<?xml version="1.0" encoding="UTF-8"?>
<TestRun id="470ae3b8-bbf4-45a2-a32a-6ce88b0114bf" name="testuser@ICLVDEVTL 2013-09-23 12:50:59" runUser="ICLVDEVTL\testuser" xmlns="http://microsoft.com/schemas/VisualStudio/TeamTest/2010">
  <TestSettings name="Remote" id="47e1e203-4706-4ffd-9873-ee9804c8144d">
    <Description>These are default test settings for a local test run.</Description>
    <RemoteController name="ICLVDEVTL" />
    <Execution location="Remote">
      <TestTypeSpecific>
        <UnitTestRunConfig testTypeId="13cdc9d9-ddb5-4fa4-a97d-d965ccfc6d4b">
          <AssemblyResolution>
            <TestDirectory useLoadContext="true" />
          </AssemblyResolution>
        </UnitTestRunConfig>
      </TestTypeSpecific>
      <AgentRule name="AllAgentsDefaultRole">
      </AgentRule>
    </Execution>
    <Deployment runDeploymentRoot="testuser_ICLVDEVTL 2013-09-23 12_50_59" />
  </TestSettings>
  <Times creation="2013-09-23T12:50:59.6817194+01:00" queuing="2013-09-23T12:51:00.6798192+01:00" start="2013-09-23T12:51:02.7354597+01:00" finish="2013-09-23T12:51:13.7068723+01:00" />
  <ResultSummary outcome="Failed">
    <Counters total="40" executed="40" error="0" failed="40" timeout="0" aborted="0" inconclusive="0" passedButRunAborted="0" notRunnable="0" notExecuted="0" disconnected="0" warning="0" passed="0" completed="0" inProgress="0" pending="0" />
  </ResultSummary>
  <TestDefinitions>
    <UnitTest name="HouseLapsePolicy" storage="c:\tamtestsgit\testproject7\bin\debug\testresults\testuser_iclvdevtl 2013-09-23 12_50_53\out\appliedsystems.tam.ui.tests.dll" id="a117b69c-fc2d-defc-988c-38b2c22b62ba">
      <Execution id="18f269d9-4983-4e23-9e58-02a59188dd1f" />
      <TestMethod codeBase="C:/TamTestsGit/TestProject7/bin/Debug/TestResults/testuser_ICLVDEVTL 2013-09-23 12_50_53/Out/AppliedSystems.Tam.Ui.Tests.DLL" adapterTypeName="Microsoft.VisualStudio.TestTools.TestTypes.Unit.UnitTestAdapter, Microsoft.VisualStudio.QualityTools.Tips.UnitTest.Adapter, Version=10.0.0.0, Culture=neutral, PublicKeyToken=b03f5f7f11d50a3a" className="AppliedSystems.Tam.Ui.Tests.HouseUiTests, AppliedSystems.Tam.Ui.Tests, Version=1.0.0.0, Culture=neutral, PublicKeyToken=null" name="HouseLapsePolicy" />
      <Extension>Microsoft.VisualStudio.TestTools.UITesting.CodedUITestAttribute, Microsoft.VisualStudio.QualityTools.CodedUITestFramework, Version=10.0.0.0, Culture=neutral, PublicKeyToken=b03f5f7f11d50a3a</Extension>
    </UnitTest>
    <UnitTest name="HouseCancelExit" storage="c:\tamtestsgit\testproject7\bin\debug\testresults\testuser_iclvdevtl 2013-09-23 12_50_53\out\appliedsystems.tam.ui.tests.dll" id="4d206040-ae1d-2a21-9082-485d3086eaa9">
      <Execution id="0f3590a9-e59b-41c5-8d4a-e940e3f9949c" />
      <TestMethod codeBase="C:/TamTestsGit/TestProject7/bin/Debug/TestResults/testuser_ICLVDEVTL 2013-09-23 12_50_53/Out/AppliedSystems.Tam.Ui.Tests.DLL" adapterTypeName="Microsoft.VisualStudio.TestTools.TestTypes.Unit.UnitTestAdapter, Microsoft.VisualStudio.QualityTools.Tips.UnitTest.Adapter, Version=10.0.0.0, Culture=neutral, PublicKeyToken=b03f5f7f11d50a3a" className="AppliedSystems.Tam.Ui.Tests.HouseUiTests, AppliedSystems.Tam.Ui.Tests, Version=1.0.0.0, Culture=neutral, PublicKeyToken=null" name="HouseCancelExit" />
      <Extension>Microsoft.VisualStudio.TestTools.UITesting.CodedUITestAttribute, Microsoft.VisualStudio.QualityTools.CodedUITestFramework, Version=10.0.0.0, Culture=neutral, PublicKeyToken=b03f5f7f11d50a3a</Extension>
    </UnitTest>
    <UnitTest name="HouseRebrokeRenewCurrent" storage="c:\tamtestsgit\testproject7\bin\debug\testresults\testuser_iclvdevtl 2013-09-23 12_50_53\out\appliedsystems.tam.ui.tests.dll" id="62fbdf2e-88f8-1124-e9d6-6f2b028ba869">
      <Execution id="f3bcc44d-9467-4068-adc6-84018772b118" />
      <TestMethod codeBase="C:/TamTestsGit/TestProject7/bin/Debug/TestResults/testuser_ICLVDEVTL 2013-09-23 12_50_53/Out/AppliedSystems.Tam.Ui.Tests.DLL" adapterTypeName="Microsoft.VisualStudio.TestTools.TestTypes.Unit.UnitTestAdapter, Microsoft.VisualStudio.QualityTools.Tips.UnitTest.Adapter, Version=10.0.0.0, Culture=neutral, PublicKeyToken=b03f5f7f11d50a3a" className="AppliedSystems.Tam.Ui.Tests.HouseUiTests, AppliedSystems.Tam.Ui.Tests, Version=1.0.0.0, Culture=neutral, PublicKeyToken=null" name="HouseRebrokeRenewCurrent" />
      <Extension>Microsoft.VisualStudio.TestTools.UITesting.CodedUITestAttribute, Microsoft.VisualStudio.QualityTools.CodedUITestFramework, Version=10.0.0.0, Culture=neutral, PublicKeyToken=b03f5f7f11d50a3a</Extension>
    </UnitTest>
    <UnitTest name="HouseRenewalBefore" storage="c:\tamtestsgit\testproject7\bin\debug\testresults\testuser_iclvdevtl 2013-09-23 12_50_53\out\appliedsystems.tam.ui.tests.dll" id="84b504ff-9703-f2ac-6d29-56c44a019f4e">
      <Execution id="8913aac6-2550-46a9-83f4-16e46bd00954" />
      <TestMethod codeBase="C:/TamTestsGit/TestProject7/bin/Debug/TestResults/testuser_ICLVDEVTL 2013-09-23 12_50_53/Out/AppliedSystems.Tam.Ui.Tests.DLL" adapterTypeName="Microsoft.VisualStudio.TestTools.TestTypes.Unit.UnitTestAdapter, Microsoft.VisualStudio.QualityTools.Tips.UnitTest.Adapter, Version=10.0.0.0, Culture=neutral, PublicKeyToken=b03f5f7f11d50a3a" className="AppliedSystems.Tam.Ui.Tests.HouseUiTests, AppliedSystems.Tam.Ui.Tests, Version=1.0.0.0, Culture=neutral, PublicKeyToken=null" name="HouseRenewalBefore" />
      <Extension>Microsoft.VisualStudio.TestTools.UITesting.CodedUITestAttribute, Microsoft.VisualStudio.QualityTools.CodedUITestFramework, Version=10.0.0.0, Culture=neutral, PublicKeyToken=b03f5f7f11d50a3a</Extension>
    </UnitTest>
    <UnitTest name="MotoCancelAccept" storage="c:\tamtestsgit\testproject7\bin\debug\testresults\testuser_iclvdevtl 2013-09-23 12_50_53\out\appliedsystems.tam.ui.tests.dll" id="cc65a43a-9a33-7c83-9bd5-ff01c2ffa61d">
      <Execution id="60416981-94cb-40ff-9906-7ffcbbd0bb02" />
      <TestMethod codeBase="C:/TamTestsGit/TestProject7/bin/Debug/TestResults/testuser_ICLVDEVTL 2013-09-23 12_50_53/Out/AppliedSystems.Tam.Ui.Tests.DLL" adapterTypeName="Microsoft.VisualStudio.TestTools.TestTypes.Unit.UnitTestAdapter, Microsoft.VisualStudio.QualityTools.Tips.UnitTest.Adapter, Version=10.0.0.0, Culture=neutral, PublicKeyToken=b03f5f7f11d50a3a" className="AppliedSystems.Tam.Ui.Tests.MotoUiTests, AppliedSystems.Tam.Ui.Tests, Version=1.0.0.0, Culture=neutral, PublicKeyToken=null" name="MotoCancelAccept" />
      <Extension>Microsoft.VisualStudio.TestTools.UITesting.CodedUITestAttribute, Microsoft.VisualStudio.QualityTools.CodedUITestFramework, Version=10.0.0.0, Culture=neutral, PublicKeyToken=b03f5f7f11d50a3a</Extension>
    </UnitTest>
    <UnitTest name="HouseRenewalAfter" storage="c:\tamtestsgit\testproject7\bin\debug\testresults\testuser_iclvdevtl 2013-09-23 12_50_53\out\appliedsystems.tam.ui.tests.dll" id="65dcd85a-ef1f-e29b-3743-f87742e2ed3d">
      <Execution id="ff07b19c-51d4-445c-b3e8-0ba0440ed79d" />
      <TestMethod codeBase="C:/TamTestsGit/TestProject7/bin/Debug/TestResults/testuser_ICLVDEVTL 2013-09-23 12_50_53/Out/AppliedSystems.Tam.Ui.Tests.DLL" adapterTypeName="Microsoft.VisualStudio.TestTools.TestTypes.Unit.UnitTestAdapter, Microsoft.VisualStudio.QualityTools.Tips.UnitTest.Adapter, Version=10.0.0.0, Culture=neutral, PublicKeyToken=b03f5f7f11d50a3a" className="AppliedSystems.Tam.Ui.Tests.HouseUiTests, AppliedSystems.Tam.Ui.Tests, Version=1.0.0.0, Culture=neutral, PublicKeyToken=null" name="HouseRenewalAfter" />
      <Extension>Microsoft.VisualStudio.TestTools.UITesting.CodedUITestAttribute, Microsoft.VisualStudio.QualityTools.CodedUITestFramework, Version=10.0.0.0, Culture=neutral, PublicKeyToken=b03f5f7f11d50a3a</Extension>
    </UnitTest>
    <UnitTest name="MotoCreateQuote" storage="c:\tamtestsgit\testproject7\bin\debug\testresults\testuser_iclvdevtl 2013-09-23 12_50_53\out\appliedsystems.tam.ui.tests.dll" id="96a60826-dea1-f77f-fc60-00cd6747296c">
      <Execution id="7d268670-dbb3-4197-9ccc-3a10a9fbd05c" />
      <TestMethod codeBase="C:/TamTestsGit/TestProject7/bin/Debug/TestResults/testuser_ICLVDEVTL 2013-09-23 12_50_53/Out/AppliedSystems.Tam.Ui.Tests.DLL" adapterTypeName="Microsoft.VisualStudio.TestTools.TestTypes.Unit.UnitTestAdapter, Microsoft.VisualStudio.QualityTools.Tips.UnitTest.Adapter, Version=10.0.0.0, Culture=neutral, PublicKeyToken=b03f5f7f11d50a3a" className="AppliedSystems.Tam.Ui.Tests.MotoUiTests, AppliedSystems.Tam.Ui.Tests, Version=1.0.0.0, Culture=neutral, PublicKeyToken=null" name="MotoCreateQuote" />
      <Extension>Microsoft.VisualStudio.TestTools.UITesting.CodedUITestAttribute, Microsoft.VisualStudio.QualityTools.CodedUITestFramework, Version=10.0.0.0, Culture=neutral, PublicKeyToken=b03f5f7f11d50a3a</Extension>
    </UnitTest>
    <UnitTest name="MotoAmendRiskExistingScheme" storage="c:\tamtestsgit\testproject7\bin\debug\testresults\testuser_iclvdevtl 2013-09-23 12_50_53\out\appliedsystems.tam.ui.tests.dll" id="582fc786-fe70-74aa-52dd-24cf380932df">
      <Execution id="53c6c776-9cf5-4ac9-abfb-9bf2c664ef24" />
      <TestMethod codeBase="C:/TamTestsGit/TestProject7/bin/Debug/TestResults/testuser_ICLVDEVTL 2013-09-23 12_50_53/Out/AppliedSystems.Tam.Ui.Tests.DLL" adapterTypeName="Microsoft.VisualStudio.TestTools.TestTypes.Unit.UnitTestAdapter, Microsoft.VisualStudio.QualityTools.Tips.UnitTest.Adapter, Version=10.0.0.0, Culture=neutral, PublicKeyToken=b03f5f7f11d50a3a" className="AppliedSystems.Tam.Ui.Tests.MotoUiTests, AppliedSystems.Tam.Ui.Tests, Version=1.0.0.0, Culture=neutral, PublicKeyToken=null" name="MotoAmendRiskExistingScheme" />
      <Extension>Microsoft.VisualStudio.TestTools.UITesting.CodedUITestAttribute, Microsoft.VisualStudio.QualityTools.CodedUITestFramework, Version=10.0.0.0, Culture=neutral, PublicKeyToken=b03f5f7f11d50a3a</Extension>
    </UnitTest>
    <UnitTest name="MotoCopyMTA" storage="c:\tamtestsgit\testproject7\bin\debug\testresults\testuser_iclvdevtl 2013-09-23 12_50_53\out\appliedsystems.tam.ui.tests.dll" id="614fe764-f9f9-c1c7-0af0-55b68bb46c8e">
      <Execution id="713d1067-ff39-4a4a-8b50-93d06b9aa9be" />
      <TestMethod codeBase="C:/TamTestsGit/TestProject7/bin/Debug/TestResults/testuser_ICLVDEVTL 2013-09-23 12_50_53/Out/AppliedSystems.Tam.Ui.Tests.DLL" adapterTypeName="Microsoft.VisualStudio.TestTools.TestTypes.Unit.UnitTestAdapter, Microsoft.VisualStudio.QualityTools.Tips.UnitTest.Adapter, Version=10.0.0.0, Culture=neutral, PublicKeyToken=b03f5f7f11d50a3a" className="AppliedSystems.Tam.Ui.Tests.MotoUiTests, AppliedSystems.Tam.Ui.Tests, Version=1.0.0.0, Culture=neutral, PublicKeyToken=null" name="MotoCopyMTA" />
      <Extension>Microsoft.VisualStudio.TestTools.UITesting.CodedUITestAttribute, Microsoft.VisualStudio.QualityTools.CodedUITestFramework, Version=10.0.0.0, Culture=neutral, PublicKeyToken=b03f5f7f11d50a3a</Extension>
    </UnitTest>
    <UnitTest name="HouseOverridePremium" storage="c:\tamtestsgit\testproject7\bin\debug\testresults\testuser_iclvdevtl 2013-09-23 12_50_53\out\appliedsystems.tam.ui.tests.dll" id="0896610c-4da4-38c0-ce20-352846d79839">
      <Execution id="3fe2625f-dfe0-4231-9ff7-dacae6e4f0ce" />
      <TestMethod codeBase="C:/TamTestsGit/TestProject7/bin/Debug/TestResults/testuser_ICLVDEVTL 2013-09-23 12_50_53/Out/AppliedSystems.Tam.Ui.Tests.DLL" adapterTypeName="Microsoft.VisualStudio.TestTools.TestTypes.Unit.UnitTestAdapter, Microsoft.VisualStudio.QualityTools.Tips.UnitTest.Adapter, Version=10.0.0.0, Culture=neutral, PublicKeyToken=b03f5f7f11d50a3a" className="AppliedSystems.Tam.Ui.Tests.HouseUiTests, AppliedSystems.Tam.Ui.Tests, Version=1.0.0.0, Culture=neutral, PublicKeyToken=null" name="HouseOverridePremium" />
      <Extension>Microsoft.VisualStudio.TestTools.UITesting.CodedUITestAttribute, Microsoft.VisualStudio.QualityTools.CodedUITestFramework, Version=10.0.0.0, Culture=neutral, PublicKeyToken=b03f5f7f11d50a3a</Extension>
    </UnitTest>
    <UnitTest name="HouseCancelAccept" storage="c:\tamtestsgit\testproject7\bin\debug\testresults\testuser_iclvdevtl 2013-09-23 12_50_53\out\appliedsystems.tam.ui.tests.dll" id="5c9c2876-ef7b-214a-39ca-065818518ce8">
      <Execution id="9680a97e-a0bf-4009-99ba-6395394849b3" />
      <TestMethod codeBase="C:/TamTestsGit/TestProject7/bin/Debug/TestResults/testuser_ICLVDEVTL 2013-09-23 12_50_53/Out/AppliedSystems.Tam.Ui.Tests.DLL" adapterTypeName="Microsoft.VisualStudio.TestTools.TestTypes.Unit.UnitTestAdapter, Microsoft.VisualStudio.QualityTools.Tips.UnitTest.Adapter, Version=10.0.0.0, Culture=neutral, PublicKeyToken=b03f5f7f11d50a3a" className="AppliedSystems.Tam.Ui.Tests.HouseUiTests, AppliedSystems.Tam.Ui.Tests, Version=1.0.0.0, Culture=neutral, PublicKeyToken=null" name="HouseCancelAccept" />
      <Extension>Microsoft.VisualStudio.TestTools.UITesting.CodedUITestAttribute, Microsoft.VisualStudio.QualityTools.CodedUITestFramework, Version=10.0.0.0, Culture=neutral, PublicKeyToken=b03f5f7f11d50a3a</Extension>
    </UnitTest>
    <UnitTest name="MotoRebrokeRenewNewScheme" storage="c:\tamtestsgit\testproject7\bin\debug\testresults\testuser_iclvdevtl 2013-09-23 12_50_53\out\appliedsystems.tam.ui.tests.dll" id="9410f0c0-fb50-f25a-6718-26afc2f3339f">
      <Execution id="b040748a-5436-4237-ba53-2cb114cd2351" />
      <TestMethod codeBase="C:/TamTestsGit/TestProject7/bin/Debug/TestResults/testuser_ICLVDEVTL 2013-09-23 12_50_53/Out/AppliedSystems.Tam.Ui.Tests.DLL" adapterTypeName="Microsoft.VisualStudio.TestTools.TestTypes.Unit.UnitTestAdapter, Microsoft.VisualStudio.QualityTools.Tips.UnitTest.Adapter, Version=10.0.0.0, Culture=neutral, PublicKeyToken=b03f5f7f11d50a3a" className="AppliedSystems.Tam.Ui.Tests.MotoUiTests, AppliedSystems.Tam.Ui.Tests, Version=1.0.0.0, Culture=neutral, PublicKeyToken=null" name="MotoRebrokeRenewNewScheme" />
      <Extension>Microsoft.VisualStudio.TestTools.UITesting.CodedUITestAttribute, Microsoft.VisualStudio.QualityTools.CodedUITestFramework, Version=10.0.0.0, Culture=neutral, PublicKeyToken=b03f5f7f11d50a3a</Extension>
    </UnitTest>
    <UnitTest name="TestMethod1" storage="c:\tamtestsgit\testproject7\bin\debug\testresults\testuser_iclvdevtl 2013-09-23 12_50_53\out\appliedsystems.tam.ui.tests.dll" id="cf1f05dd-a70c-81bc-1012-592720aa6031">
      <Execution id="3a94964c-2f77-4afa-aea9-1ce75e87dddb" />
      <TestMethod codeBase="C:/TamTestsGit/TestProject7/bin/Debug/TestResults/testuser_ICLVDEVTL 2013-09-23 12_50_53/Out/AppliedSystems.Tam.Ui.Tests.DLL" adapterTypeName="Microsoft.VisualStudio.TestTools.TestTypes.Unit.UnitTestAdapter, Microsoft.VisualStudio.QualityTools.Tips.UnitTest.Adapter, Version=10.0.0.0, Culture=neutral, PublicKeyToken=b03f5f7f11d50a3a" className="AppliedSystems.Tam.Ui.Tests.UnitTest1, AppliedSystems.Tam.Ui.Tests, Version=1.0.0.0, Culture=neutral, PublicKeyToken=null" name="TestMethod1" />
      <Extension>Microsoft.VisualStudio.TestTools.UITesting.CodedUITestAttribute, Microsoft.VisualStudio.QualityTools.CodedUITestFramework, Version=10.0.0.0, Culture=neutral, PublicKeyToken=b03f5f7f11d50a3a</Extension>
    </UnitTest>
    <UnitTest name="HouseCopyRiskQTE" storage="c:\tamtestsgit\testproject7\bin\debug\testresults\testuser_iclvdevtl 2013-09-23 12_50_53\out\appliedsystems.tam.ui.tests.dll" id="36d24d45-f602-15e0-0ca5-89a9133049d8">
      <Execution id="26c81a51-1bda-470b-80c1-9138fe4bfcde" />
      <TestMethod codeBase="C:/TamTestsGit/TestProject7/bin/Debug/TestResults/testuser_ICLVDEVTL 2013-09-23 12_50_53/Out/AppliedSystems.Tam.Ui.Tests.DLL" adapterTypeName="Microsoft.VisualStudio.TestTools.TestTypes.Unit.UnitTestAdapter, Microsoft.VisualStudio.QualityTools.Tips.UnitTest.Adapter, Version=10.0.0.0, Culture=neutral, PublicKeyToken=b03f5f7f11d50a3a" className="AppliedSystems.Tam.Ui.Tests.HouseUiTests, AppliedSystems.Tam.Ui.Tests, Version=1.0.0.0, Culture=neutral, PublicKeyToken=null" name="HouseCopyRiskQTE" />
      <Extension>Microsoft.VisualStudio.TestTools.UITesting.CodedUITestAttribute, Microsoft.VisualStudio.QualityTools.CodedUITestFramework, Version=10.0.0.0, Culture=neutral, PublicKeyToken=b03f5f7f11d50a3a</Extension>
    </UnitTest>
    <UnitTest name="MotoAWAP" storage="c:\tamtestsgit\testproject7\bin\debug\testresults\testuser_iclvdevtl 2013-09-23 12_50_53\out\appliedsystems.tam.ui.tests.dll" id="21ba00c6-09f4-caa5-ac59-791655e24b9d">
      <Execution id="f810d509-e778-4ede-b398-722df746a8e9" />
      <TestMethod codeBase="C:/TamTestsGit/TestProject7/bin/Debug/TestResults/testuser_ICLVDEVTL 2013-09-23 12_50_53/Out/AppliedSystems.Tam.Ui.Tests.DLL" adapterTypeName="Microsoft.VisualStudio.TestTools.TestTypes.Unit.UnitTestAdapter, Microsoft.VisualStudio.QualityTools.Tips.UnitTest.Adapter, Version=10.0.0.0, Culture=neutral, PublicKeyToken=b03f5f7f11d50a3a" className="AppliedSystems.Tam.Ui.Tests.MotoUiTests, AppliedSystems.Tam.Ui.Tests, Version=1.0.0.0, Culture=neutral, PublicKeyToken=null" name="MotoAWAP" />
      <Extension>Microsoft.VisualStudio.TestTools.UITesting.CodedUITestAttribute, Microsoft.VisualStudio.QualityTools.CodedUITestFramework, Version=10.0.0.0, Culture=neutral, PublicKeyToken=b03f5f7f11d50a3a</Extension>
    </UnitTest>
    <UnitTest name="MotoRenewalBefore" storage="c:\tamtestsgit\testproject7\bin\debug\testresults\testuser_iclvdevtl 2013-09-23 12_50_53\out\appliedsystems.tam.ui.tests.dll" id="31988f60-6dd2-d7f1-3544-10a47a577690">
      <Execution id="0a7d3fde-78e2-40c0-9700-47e22ef8ccd2" />
      <TestMethod codeBase="C:/TamTestsGit/TestProject7/bin/Debug/TestResults/testuser_ICLVDEVTL 2013-09-23 12_50_53/Out/AppliedSystems.Tam.Ui.Tests.DLL" adapterTypeName="Microsoft.VisualStudio.TestTools.TestTypes.Unit.UnitTestAdapter, Microsoft.VisualStudio.QualityTools.Tips.UnitTest.Adapter, Version=10.0.0.0, Culture=neutral, PublicKeyToken=b03f5f7f11d50a3a" className="AppliedSystems.Tam.Ui.Tests.MotoUiTests, AppliedSystems.Tam.Ui.Tests, Version=1.0.0.0, Culture=neutral, PublicKeyToken=null" name="MotoRenewalBefore" />
      <Extension>Microsoft.VisualStudio.TestTools.UITesting.CodedUITestAttribute, Microsoft.VisualStudio.QualityTools.CodedUITestFramework, Version=10.0.0.0, Culture=neutral, PublicKeyToken=b03f5f7f11d50a3a</Extension>
    </UnitTest>
    <UnitTest name="TestMethod" storage="c:\tamtestsgit\testproject7\bin\debug\testresults\testuser_iclvdevtl 2013-09-23 12_50_53\out\appliedsystems.tam.ui.tests.dll" id="6bd48419-af25-d06e-1d1b-4584b7e15d64">
      <Execution id="2e480ae0-a860-4f91-af46-8b5f6e2cf6b5" />
      <TestMethod codeBase="C:/TamTestsGit/TestProject7/bin/Debug/TestResults/testuser_ICLVDEVTL 2013-09-23 12_50_53/Out/AppliedSystems.Tam.Ui.Tests.DLL" adapterTypeName="Microsoft.VisualStudio.TestTools.TestTypes.Unit.UnitTestAdapter, Microsoft.VisualStudio.QualityTools.Tips.UnitTest.Adapter, Version=10.0.0.0, Culture=neutral, PublicKeyToken=b03f5f7f11d50a3a" className="AppliedSystems.Tam.Ui.Tests.UnitTest2, AppliedSystems.Tam.Ui.Tests, Version=1.0.0.0, Culture=neutral, PublicKeyToken=null" name="TestMethod" />
    </UnitTest>
    <UnitTest name="HouseCreateQuote" storage="c:\tamtestsgit\testproject7\bin\debug\testresults\testuser_iclvdevtl 2013-09-23 12_50_53\out\appliedsystems.tam.ui.tests.dll" id="860b3117-58e1-faeb-5039-5d480603d3e0">
      <Execution id="188964d8-21d5-411c-8b85-240be7605d81" />
      <TestMethod codeBase="C:/TamTestsGit/TestProject7/bin/Debug/TestResults/testuser_ICLVDEVTL 2013-09-23 12_50_53/Out/AppliedSystems.Tam.Ui.Tests.DLL" adapterTypeName="Microsoft.VisualStudio.TestTools.TestTypes.Unit.UnitTestAdapter, Microsoft.VisualStudio.QualityTools.Tips.UnitTest.Adapter, Version=10.0.0.0, Culture=neutral, PublicKeyToken=b03f5f7f11d50a3a" className="AppliedSystems.Tam.Ui.Tests.HouseUiTests, AppliedSystems.Tam.Ui.Tests, Version=1.0.0.0, Culture=neutral, PublicKeyToken=null" name="HouseCreateQuote" />
      <Extension>Microsoft.VisualStudio.TestTools.UITesting.CodedUITestAttribute, Microsoft.VisualStudio.QualityTools.CodedUITestFramework, Version=10.0.0.0, Culture=neutral, PublicKeyToken=b03f5f7f11d50a3a</Extension>
    </UnitTest>
    <UnitTest name="MotoRebrokeRenewCurrent" storage="c:\tamtestsgit\testproject7\bin\debug\testresults\testuser_iclvdevtl 2013-09-23 12_50_53\out\appliedsystems.tam.ui.tests.dll" id="371ed565-7848-460e-53f8-0d5da86a6d95">
      <Execution id="60e7c82b-8e83-485b-8559-d74782b6f765" />
      <TestMethod codeBase="C:/TamTestsGit/TestProject7/bin/Debug/TestResults/testuser_ICLVDEVTL 2013-09-23 12_50_53/Out/AppliedSystems.Tam.Ui.Tests.DLL" adapterTypeName="Microsoft.VisualStudio.TestTools.TestTypes.Unit.UnitTestAdapter, Microsoft.VisualStudio.QualityTools.Tips.UnitTest.Adapter, Version=10.0.0.0, Culture=neutral, PublicKeyToken=b03f5f7f11d50a3a" className="AppliedSystems.Tam.Ui.Tests.MotoUiTests, AppliedSystems.Tam.Ui.Tests, Version=1.0.0.0, Culture=neutral, PublicKeyToken=null" name="MotoRebrokeRenewCurrent" />
      <Extension>Microsoft.VisualStudio.TestTools.UITesting.CodedUITestAttribute, Microsoft.VisualStudio.QualityTools.CodedUITestFramework, Version=10.0.0.0, Culture=neutral, PublicKeyToken=b03f5f7f11d50a3a</Extension>
    </UnitTest>
    <UnitTest name="HouseRebrokeRenewNewScheme" storage="c:\tamtestsgit\testproject7\bin\debug\testresults\testuser_iclvdevtl 2013-09-23 12_50_53\out\appliedsystems.tam.ui.tests.dll" id="b54caa2e-c0b5-ae92-08ad-7881c99df81b">
      <Execution id="9e7280d9-ff73-4e65-a3aa-294e788bc71e" />
      <TestMethod codeBase="C:/TamTestsGit/TestProject7/bin/Debug/TestResults/testuser_ICLVDEVTL 2013-09-23 12_50_53/Out/AppliedSystems.Tam.Ui.Tests.DLL" adapterTypeName="Microsoft.VisualStudio.TestTools.TestTypes.Unit.UnitTestAdapter, Microsoft.VisualStudio.QualityTools.Tips.UnitTest.Adapter, Version=10.0.0.0, Culture=neutral, PublicKeyToken=b03f5f7f11d50a3a" className="AppliedSystems.Tam.Ui.Tests.HouseUiTests, AppliedSystems.Tam.Ui.Tests, Version=1.0.0.0, Culture=neutral, PublicKeyToken=null" name="HouseRebrokeRenewNewScheme" />
      <Extension>Microsoft.VisualStudio.TestTools.UITesting.CodedUITestAttribute, Microsoft.VisualStudio.QualityTools.CodedUITestFramework, Version=10.0.0.0, Culture=neutral, PublicKeyToken=b03f5f7f11d50a3a</Extension>
    </UnitTest>
    <UnitTest name="HouseCopyRiskNew" storage="c:\tamtestsgit\testproject7\bin\debug\testresults\testuser_iclvdevtl 2013-09-23 12_50_53\out\appliedsystems.tam.ui.tests.dll" id="89230cfa-6a19-d3c2-743b-2d2fcea3c803">
      <Execution id="f978b2fe-eab5-4226-9a0f-96724c9dfae5" />
      <TestMethod codeBase="C:/TamTestsGit/TestProject7/bin/Debug/TestResults/testuser_ICLVDEVTL 2013-09-23 12_50_53/Out/AppliedSystems.Tam.Ui.Tests.DLL" adapterTypeName="Microsoft.VisualStudio.TestTools.TestTypes.Unit.UnitTestAdapter, Microsoft.VisualStudio.QualityTools.Tips.UnitTest.Adapter, Version=10.0.0.0, Culture=neutral, PublicKeyToken=b03f5f7f11d50a3a" className="AppliedSystems.Tam.Ui.Tests.HouseUiTests, AppliedSystems.Tam.Ui.Tests, Version=1.0.0.0, Culture=neutral, PublicKeyToken=null" name="HouseCopyRiskNew" />
      <Extension>Microsoft.VisualStudio.TestTools.UITesting.CodedUITestAttribute, Microsoft.VisualStudio.QualityTools.CodedUITestFramework, Version=10.0.0.0, Culture=neutral, PublicKeyToken=b03f5f7f11d50a3a</Extension>
    </UnitTest>
    <UnitTest name="HouseMTAtoMTA" storage="c:\tamtestsgit\testproject7\bin\debug\testresults\testuser_iclvdevtl 2013-09-23 12_50_53\out\appliedsystems.tam.ui.tests.dll" id="a264afa1-312a-8c64-caac-2ca63265fc8a">
      <Execution id="da1bd5e6-02c2-448d-a49d-4af68a4aae25" />
      <TestMethod codeBase="C:/TamTestsGit/TestProject7/bin/Debug/TestResults/testuser_ICLVDEVTL 2013-09-23 12_50_53/Out/AppliedSystems.Tam.Ui.Tests.DLL" adapterTypeName="Microsoft.VisualStudio.TestTools.TestTypes.Unit.UnitTestAdapter, Microsoft.VisualStudio.QualityTools.Tips.UnitTest.Adapter, Version=10.0.0.0, Culture=neutral, PublicKeyToken=b03f5f7f11d50a3a" className="AppliedSystems.Tam.Ui.Tests.HouseUiTests, AppliedSystems.Tam.Ui.Tests, Version=1.0.0.0, Culture=neutral, PublicKeyToken=null" name="HouseMTAtoMTA" />
      <Extension>Microsoft.VisualStudio.TestTools.UITesting.CodedUITestAttribute, Microsoft.VisualStudio.QualityTools.CodedUITestFramework, Version=10.0.0.0, Culture=neutral, PublicKeyToken=b03f5f7f11d50a3a</Extension>
    </UnitTest>
    <UnitTest name="HouseMTAExit" storage="c:\tamtestsgit\testproject7\bin\debug\testresults\testuser_iclvdevtl 2013-09-23 12_50_53\out\appliedsystems.tam.ui.tests.dll" id="82f80eb4-3d69-14db-4df1-0d43b770c2aa">
      <Execution id="2cf229e8-0d41-4374-b218-5d5b61dc048d" />
      <TestMethod codeBase="C:/TamTestsGit/TestProject7/bin/Debug/TestResults/testuser_ICLVDEVTL 2013-09-23 12_50_53/Out/AppliedSystems.Tam.Ui.Tests.DLL" adapterTypeName="Microsoft.VisualStudio.TestTools.TestTypes.Unit.UnitTestAdapter, Microsoft.VisualStudio.QualityTools.Tips.UnitTest.Adapter, Version=10.0.0.0, Culture=neutral, PublicKeyToken=b03f5f7f11d50a3a" className="AppliedSystems.Tam.Ui.Tests.HouseUiTests, AppliedSystems.Tam.Ui.Tests, Version=1.0.0.0, Culture=neutral, PublicKeyToken=null" name="HouseMTAExit" />
      <Extension>Microsoft.VisualStudio.TestTools.UITesting.CodedUITestAttribute, Microsoft.VisualStudio.QualityTools.CodedUITestFramework, Version=10.0.0.0, Culture=neutral, PublicKeyToken=b03f5f7f11d50a3a</Extension>
    </UnitTest>
    <UnitTest name="MotoCopyRiskNew" storage="c:\tamtestsgit\testproject7\bin\debug\testresults\testuser_iclvdevtl 2013-09-23 12_50_53\out\appliedsystems.tam.ui.tests.dll" id="75e0255d-1dc3-e4d9-5704-a08715d1f3a6">
      <Execution id="3a98958e-98dd-4dc9-b846-5bac1adcd4e0" />
      <TestMethod codeBase="C:/TamTestsGit/TestProject7/bin/Debug/TestResults/testuser_ICLVDEVTL 2013-09-23 12_50_53/Out/AppliedSystems.Tam.Ui.Tests.DLL" adapterTypeName="Microsoft.VisualStudio.TestTools.TestTypes.Unit.UnitTestAdapter, Microsoft.VisualStudio.QualityTools.Tips.UnitTest.Adapter, Version=10.0.0.0, Culture=neutral, PublicKeyToken=b03f5f7f11d50a3a" className="AppliedSystems.Tam.Ui.Tests.MotoUiTests, AppliedSystems.Tam.Ui.Tests, Version=1.0.0.0, Culture=neutral, PublicKeyToken=null" name="MotoCopyRiskNew" />
      <Extension>Microsoft.VisualStudio.TestTools.UITesting.CodedUITestAttribute, Microsoft.VisualStudio.QualityTools.CodedUITestFramework, Version=10.0.0.0, Culture=neutral, PublicKeyToken=b03f5f7f11d50a3a</Extension>
    </UnitTest>
    <UnitTest name="MotoRenewalAfter" storage="c:\tamtestsgit\testproject7\bin\debug\testresults\testuser_iclvdevtl 2013-09-23 12_50_53\out\appliedsystems.tam.ui.tests.dll" id="576c4cce-f2fa-69e8-ebd1-c09bc0e1c559">
      <Execution id="9fa8c469-fcff-4b63-8189-91681d82a4aa" />
      <TestMethod codeBase="C:/TamTestsGit/TestProject7/bin/Debug/TestResults/testuser_ICLVDEVTL 2013-09-23 12_50_53/Out/AppliedSystems.Tam.Ui.Tests.DLL" adapterTypeName="Microsoft.VisualStudio.TestTools.TestTypes.Unit.UnitTestAdapter, Microsoft.VisualStudio.QualityTools.Tips.UnitTest.Adapter, Version=10.0.0.0, Culture=neutral, PublicKeyToken=b03f5f7f11d50a3a" className="AppliedSystems.Tam.Ui.Tests.MotoUiTests, AppliedSystems.Tam.Ui.Tests, Version=1.0.0.0, Culture=neutral, PublicKeyToken=null" name="MotoRenewalAfter" />
      <Extension>Microsoft.VisualStudio.TestTools.UITesting.CodedUITestAttribute, Microsoft.VisualStudio.QualityTools.CodedUITestFramework, Version=10.0.0.0, Culture=neutral, PublicKeyToken=b03f5f7f11d50a3a</Extension>
    </UnitTest>
    <UnitTest name="HouseAmendRiskNewScheme" storage="c:\tamtestsgit\testproject7\bin\debug\testresults\testuser_iclvdevtl 2013-09-23 12_50_53\out\appliedsystems.tam.ui.tests.dll" id="89df0505-7bef-1c84-6aca-37d1506692db">
      <Execution id="7620d6f4-6b0d-4727-9de8-d4116a8888a8" />
      <TestMethod codeBase="C:/TamTestsGit/TestProject7/bin/Debug/TestResults/testuser_ICLVDEVTL 2013-09-23 12_50_53/Out/AppliedSystems.Tam.Ui.Tests.DLL" adapterTypeName="Microsoft.VisualStudio.TestTools.TestTypes.Unit.UnitTestAdapter, Microsoft.VisualStudio.QualityTools.Tips.UnitTest.Adapter, Version=10.0.0.0, Culture=neutral, PublicKeyToken=b03f5f7f11d50a3a" className="AppliedSystems.Tam.Ui.Tests.HouseUiTests, AppliedSystems.Tam.Ui.Tests, Version=1.0.0.0, Culture=neutral, PublicKeyToken=null" name="HouseAmendRiskNewScheme" />
      <Extension>Microsoft.VisualStudio.TestTools.UITesting.CodedUITestAttribute, Microsoft.VisualStudio.QualityTools.CodedUITestFramework, Version=10.0.0.0, Culture=neutral, PublicKeyToken=b03f5f7f11d50a3a</Extension>
    </UnitTest>
    <UnitTest name="MotoMTAtoMTA" storage="c:\tamtestsgit\testproject7\bin\debug\testresults\testuser_iclvdevtl 2013-09-23 12_50_53\out\appliedsystems.tam.ui.tests.dll" id="b84b18ae-6912-43dc-1ce8-659e613146c1">
      <Execution id="c9301fd0-fd84-4bee-b06a-b08c5594112d" />
      <TestMethod codeBase="C:/TamTestsGit/TestProject7/bin/Debug/TestResults/testuser_ICLVDEVTL 2013-09-23 12_50_53/Out/AppliedSystems.Tam.Ui.Tests.DLL" adapterTypeName="Microsoft.VisualStudio.TestTools.TestTypes.Unit.UnitTestAdapter, Microsoft.VisualStudio.QualityTools.Tips.UnitTest.Adapter, Version=10.0.0.0, Culture=neutral, PublicKeyToken=b03f5f7f11d50a3a" className="AppliedSystems.Tam.Ui.Tests.MotoUiTests, AppliedSystems.Tam.Ui.Tests, Version=1.0.0.0, Culture=neutral, PublicKeyToken=null" name="MotoMTAtoMTA" />
      <Extension>Microsoft.VisualStudio.TestTools.UITesting.CodedUITestAttribute, Microsoft.VisualStudio.QualityTools.CodedUITestFramework, Version=10.0.0.0, Culture=neutral, PublicKeyToken=b03f5f7f11d50a3a</Extension>
    </UnitTest>
    <UnitTest name="HouseCopyMTA" storage="c:\tamtestsgit\testproject7\bin\debug\testresults\testuser_iclvdevtl 2013-09-23 12_50_53\out\appliedsystems.tam.ui.tests.dll" id="e896f84c-ec6c-92c3-3bd8-d41d57aae4bc">
      <Execution id="e034ca09-1e2c-4f5f-b1c4-fdc17a7b8f1d" />
      <TestMethod codeBase="C:/TamTestsGit/TestProject7/bin/Debug/TestResults/testuser_ICLVDEVTL 2013-09-23 12_50_53/Out/AppliedSystems.Tam.Ui.Tests.DLL" adapterTypeName="Microsoft.VisualStudio.TestTools.TestTypes.Unit.UnitTestAdapter, Microsoft.VisualStudio.QualityTools.Tips.UnitTest.Adapter, Version=10.0.0.0, Culture=neutral, PublicKeyToken=b03f5f7f11d50a3a" className="AppliedSystems.Tam.Ui.Tests.HouseUiTests, AppliedSystems.Tam.Ui.Tests, Version=1.0.0.0, Culture=neutral, PublicKeyToken=null" name="HouseCopyMTA" />
      <Extension>Microsoft.VisualStudio.TestTools.UITesting.CodedUITestAttribute, Microsoft.VisualStudio.QualityTools.CodedUITestFramework, Version=10.0.0.0, Culture=neutral, PublicKeyToken=b03f5f7f11d50a3a</Extension>
    </UnitTest>
    <UnitTest name="HouseAmendRiskExistingScheme" storage="c:\tamtestsgit\testproject7\bin\debug\testresults\testuser_iclvdevtl 2013-09-23 12_50_53\out\appliedsystems.tam.ui.tests.dll" id="8325e849-00cb-74b8-f092-b233e3af24b2">
      <Execution id="80b0a815-42cc-40ee-993a-67fd6ef4e953" />
      <TestMethod codeBase="C:/TamTestsGit/TestProject7/bin/Debug/TestResults/testuser_ICLVDEVTL 2013-09-23 12_50_53/Out/AppliedSystems.Tam.Ui.Tests.DLL" adapterTypeName="Microsoft.VisualStudio.TestTools.TestTypes.Unit.UnitTestAdapter, Microsoft.VisualStudio.QualityTools.Tips.UnitTest.Adapter, Version=10.0.0.0, Culture=neutral, PublicKeyToken=b03f5f7f11d50a3a" className="AppliedSystems.Tam.Ui.Tests.HouseUiTests, AppliedSystems.Tam.Ui.Tests, Version=1.0.0.0, Culture=neutral, PublicKeyToken=null" name="HouseAmendRiskExistingScheme" />
      <Extension>Microsoft.VisualStudio.TestTools.UITesting.CodedUITestAttribute, Microsoft.VisualStudio.QualityTools.CodedUITestFramework, Version=10.0.0.0, Culture=neutral, PublicKeyToken=b03f5f7f11d50a3a</Extension>
    </UnitTest>
    <UnitTest name="MotoMTAExit" storage="c:\tamtestsgit\testproject7\bin\debug\testresults\testuser_iclvdevtl 2013-09-23 12_50_53\out\appliedsystems.tam.ui.tests.dll" id="640fd6db-860c-c140-a3d8-d0f055d2eed9">
      <Execution id="69a1fa58-b594-4106-800e-5671a54b9ce6" />
      <TestMethod codeBase="C:/TamTestsGit/TestProject7/bin/Debug/TestResults/testuser_ICLVDEVTL 2013-09-23 12_50_53/Out/AppliedSystems.Tam.Ui.Tests.DLL" adapterTypeName="Microsoft.VisualStudio.TestTools.TestTypes.Unit.UnitTestAdapter, Microsoft.VisualStudio.QualityTools.Tips.UnitTest.Adapter, Version=10.0.0.0, Culture=neutral, PublicKeyToken=b03f5f7f11d50a3a" className="AppliedSystems.Tam.Ui.Tests.MotoUiTests, AppliedSystems.Tam.Ui.Tests, Version=1.0.0.0, Culture=neutral, PublicKeyToken=null" name="MotoMTAExit" />
      <Extension>Microsoft.VisualStudio.TestTools.UITesting.CodedUITestAttribute, Microsoft.VisualStudio.QualityTools.CodedUITestFramework, Version=10.0.0.0, Culture=neutral, PublicKeyToken=b03f5f7f11d50a3a</Extension>
    </UnitTest>
    <UnitTest name="MotoCopyRiskQte" storage="c:\tamtestsgit\testproject7\bin\debug\testresults\testuser_iclvdevtl 2013-09-23 12_50_53\out\appliedsystems.tam.ui.tests.dll" id="c4938c05-03da-60f7-0f88-e65778d3fa19">
      <Execution id="fedc0fdd-0f62-42bf-94c5-9e95872e0450" />
      <TestMethod codeBase="C:/TamTestsGit/TestProject7/bin/Debug/TestResults/testuser_ICLVDEVTL 2013-09-23 12_50_53/Out/AppliedSystems.Tam.Ui.Tests.DLL" adapterTypeName="Microsoft.VisualStudio.TestTools.TestTypes.Unit.UnitTestAdapter, Microsoft.VisualStudio.QualityTools.Tips.UnitTest.Adapter, Version=10.0.0.0, Culture=neutral, PublicKeyToken=b03f5f7f11d50a3a" className="AppliedSystems.Tam.Ui.Tests.MotoUiTests, AppliedSystems.Tam.Ui.Tests, Version=1.0.0.0, Culture=neutral, PublicKeyToken=null" name="MotoCopyRiskQte" />
      <Extension>Microsoft.VisualStudio.TestTools.UITesting.CodedUITestAttribute, Microsoft.VisualStudio.QualityTools.CodedUITestFramework, Version=10.0.0.0, Culture=neutral, PublicKeyToken=b03f5f7f11d50a3a</Extension>
    </UnitTest>
    <UnitTest name="HouseRebrokeRenewExistingScheme" storage="c:\tamtestsgit\testproject7\bin\debug\testresults\testuser_iclvdevtl 2013-09-23 12_50_53\out\appliedsystems.tam.ui.tests.dll" id="ffca28b1-a49b-3196-65aa-cebac8571ce3">
      <Execution id="4bb36681-d3a0-4c70-9391-4b6d7c44fe23" />
      <TestMethod codeBase="C:/TamTestsGit/TestProject7/bin/Debug/TestResults/testuser_ICLVDEVTL 2013-09-23 12_50_53/Out/AppliedSystems.Tam.Ui.Tests.DLL" adapterTypeName="Microsoft.VisualStudio.TestTools.TestTypes.Unit.UnitTestAdapter, Microsoft.VisualStudio.QualityTools.Tips.UnitTest.Adapter, Version=10.0.0.0, Culture=neutral, PublicKeyToken=b03f5f7f11d50a3a" className="AppliedSystems.Tam.Ui.Tests.HouseUiTests, AppliedSystems.Tam.Ui.Tests, Version=1.0.0.0, Culture=neutral, PublicKeyToken=null" name="HouseRebrokeRenewExistingScheme" />
      <Extension>Microsoft.VisualStudio.TestTools.UITesting.CodedUITestAttribute, Microsoft.VisualStudio.QualityTools.CodedUITestFramework, Version=10.0.0.0, Culture=neutral, PublicKeyToken=b03f5f7f11d50a3a</Extension>
    </UnitTest>
    <UnitTest name="MotoRebrokeRenewExistingScheme" storage="c:\tamtestsgit\testproject7\bin\debug\testresults\testuser_iclvdevtl 2013-09-23 12_50_53\out\appliedsystems.tam.ui.tests.dll" id="a6b0d3b5-976c-4b22-35f2-21b23c03c32a">
      <Execution id="932d7ace-7362-4b51-9089-41cc03d930dc" />
      <TestMethod codeBase="C:/TamTestsGit/TestProject7/bin/Debug/TestResults/testuser_ICLVDEVTL 2013-09-23 12_50_53/Out/AppliedSystems.Tam.Ui.Tests.DLL" adapterTypeName="Microsoft.VisualStudio.TestTools.TestTypes.Unit.UnitTestAdapter, Microsoft.VisualStudio.QualityTools.Tips.UnitTest.Adapter, Version=10.0.0.0, Culture=neutral, PublicKeyToken=b03f5f7f11d50a3a" className="AppliedSystems.Tam.Ui.Tests.MotoUiTests, AppliedSystems.Tam.Ui.Tests, Version=1.0.0.0, Culture=neutral, PublicKeyToken=null" name="MotoRebrokeRenewExistingScheme" />
      <Extension>Microsoft.VisualStudio.TestTools.UITesting.CodedUITestAttribute, Microsoft.VisualStudio.QualityTools.CodedUITestFramework, Version=10.0.0.0, Culture=neutral, PublicKeyToken=b03f5f7f11d50a3a</Extension>
    </UnitTest>
    <UnitTest name="HouseMTAAccept" storage="c:\tamtestsgit\testproject7\bin\debug\testresults\testuser_iclvdevtl 2013-09-23 12_50_53\out\appliedsystems.tam.ui.tests.dll" id="ba26e76f-de14-32e4-8ac8-5df322f1fd27">
      <Execution id="97be3dfe-e47b-4452-8de8-76d5167ad89c" />
      <TestMethod codeBase="C:/TamTestsGit/TestProject7/bin/Debug/TestResults/testuser_ICLVDEVTL 2013-09-23 12_50_53/Out/AppliedSystems.Tam.Ui.Tests.DLL" adapterTypeName="Microsoft.VisualStudio.TestTools.TestTypes.Unit.UnitTestAdapter, Microsoft.VisualStudio.QualityTools.Tips.UnitTest.Adapter, Version=10.0.0.0, Culture=neutral, PublicKeyToken=b03f5f7f11d50a3a" className="AppliedSystems.Tam.Ui.Tests.HouseUiTests, AppliedSystems.Tam.Ui.Tests, Version=1.0.0.0, Culture=neutral, PublicKeyToken=null" name="HouseMTAAccept" />
      <Extension>Microsoft.VisualStudio.TestTools.UITesting.CodedUITestAttribute, Microsoft.VisualStudio.QualityTools.CodedUITestFramework, Version=10.0.0.0, Culture=neutral, PublicKeyToken=b03f5f7f11d50a3a</Extension>
    </UnitTest>
    <UnitTest name="MotoOverridePremium" storage="c:\tamtestsgit\testproject7\bin\debug\testresults\testuser_iclvdevtl 2013-09-23 12_50_53\out\appliedsystems.tam.ui.tests.dll" id="e7ea3675-20d2-cf0b-af85-2890e55fc37d">
      <Execution id="6631caf2-1cea-418e-b3dc-140bd8418c13" />
      <TestMethod codeBase="C:/TamTestsGit/TestProject7/bin/Debug/TestResults/testuser_ICLVDEVTL 2013-09-23 12_50_53/Out/AppliedSystems.Tam.Ui.Tests.DLL" adapterTypeName="Microsoft.VisualStudio.TestTools.TestTypes.Unit.UnitTestAdapter, Microsoft.VisualStudio.QualityTools.Tips.UnitTest.Adapter, Version=10.0.0.0, Culture=neutral, PublicKeyToken=b03f5f7f11d50a3a" className="AppliedSystems.Tam.Ui.Tests.MotoUiTests, AppliedSystems.Tam.Ui.Tests, Version=1.0.0.0, Culture=neutral, PublicKeyToken=null" name="MotoOverridePremium" />
      <Extension>Microsoft.VisualStudio.TestTools.UITesting.CodedUITestAttribute, Microsoft.VisualStudio.QualityTools.CodedUITestFramework, Version=10.0.0.0, Culture=neutral, PublicKeyToken=b03f5f7f11d50a3a</Extension>
    </UnitTest>
    <UnitTest name="MotoAmendRiskNewScheme" storage="c:\tamtestsgit\testproject7\bin\debug\testresults\testuser_iclvdevtl 2013-09-23 12_50_53\out\appliedsystems.tam.ui.tests.dll" id="327dc295-46f8-d9eb-d13a-04ac8001804a">
      <Execution id="7614bd72-710a-42e5-8333-e99cab459c3b" />
      <TestMethod codeBase="C:/TamTestsGit/TestProject7/bin/Debug/TestResults/testuser_ICLVDEVTL 2013-09-23 12_50_53/Out/AppliedSystems.Tam.Ui.Tests.DLL" adapterTypeName="Microsoft.VisualStudio.TestTools.TestTypes.Unit.UnitTestAdapter, Microsoft.VisualStudio.QualityTools.Tips.UnitTest.Adapter, Version=10.0.0.0, Culture=neutral, PublicKeyToken=b03f5f7f11d50a3a" className="AppliedSystems.Tam.Ui.Tests.MotoUiTests, AppliedSystems.Tam.Ui.Tests, Version=1.0.0.0, Culture=neutral, PublicKeyToken=null" name="MotoAmendRiskNewScheme" />
      <Extension>Microsoft.VisualStudio.TestTools.UITesting.CodedUITestAttribute, Microsoft.VisualStudio.QualityTools.CodedUITestFramework, Version=10.0.0.0, Culture=neutral, PublicKeyToken=b03f5f7f11d50a3a</Extension>
    </UnitTest>
    <UnitTest name="MotoSaveQuoteWithoutPremium" storage="c:\tamtestsgit\testproject7\bin\debug\testresults\testuser_iclvdevtl 2013-09-23 12_50_53\out\appliedsystems.tam.ui.tests.dll" id="3aa144ec-52be-8aa1-dd30-729da149368a">
      <Execution id="53380ea0-3ea7-463d-a20f-14aa93feffcc" />
      <TestMethod codeBase="C:/TamTestsGit/TestProject7/bin/Debug/TestResults/testuser_ICLVDEVTL 2013-09-23 12_50_53/Out/AppliedSystems.Tam.Ui.Tests.DLL" adapterTypeName="Microsoft.VisualStudio.TestTools.TestTypes.Unit.UnitTestAdapter, Microsoft.VisualStudio.QualityTools.Tips.UnitTest.Adapter, Version=10.0.0.0, Culture=neutral, PublicKeyToken=b03f5f7f11d50a3a" className="AppliedSystems.Tam.Ui.Tests.MotoUiTests, AppliedSystems.Tam.Ui.Tests, Version=1.0.0.0, Culture=neutral, PublicKeyToken=null" name="MotoSaveQuoteWithoutPremium" />
      <Extension>Microsoft.VisualStudio.TestTools.UITesting.CodedUITestAttribute, Microsoft.VisualStudio.QualityTools.CodedUITestFramework, Version=10.0.0.0, Culture=neutral, PublicKeyToken=b03f5f7f11d50a3a</Extension>
    </UnitTest>
    <UnitTest name="MotoMTAAccept" storage="c:\tamtestsgit\testproject7\bin\debug\testresults\testuser_iclvdevtl 2013-09-23 12_50_53\out\appliedsystems.tam.ui.tests.dll" id="6e105339-dc20-c02c-288a-6cce06bb4251">
      <Execution id="44d3d2e9-c2dc-4e19-b079-658e47fb3e0e" />
      <TestMethod codeBase="C:/TamTestsGit/TestProject7/bin/Debug/TestResults/testuser_ICLVDEVTL 2013-09-23 12_50_53/Out/AppliedSystems.Tam.Ui.Tests.DLL" adapterTypeName="Microsoft.VisualStudio.TestTools.TestTypes.Unit.UnitTestAdapter, Microsoft.VisualStudio.QualityTools.Tips.UnitTest.Adapter, Version=10.0.0.0, Culture=neutral, PublicKeyToken=b03f5f7f11d50a3a" className="AppliedSystems.Tam.Ui.Tests.MotoUiTests, AppliedSystems.Tam.Ui.Tests, Version=1.0.0.0, Culture=neutral, PublicKeyToken=null" name="MotoMTAAccept" />
      <Extension>Microsoft.VisualStudio.TestTools.UITesting.CodedUITestAttribute, Microsoft.VisualStudio.QualityTools.CodedUITestFramework, Version=10.0.0.0, Culture=neutral, PublicKeyToken=b03f5f7f11d50a3a</Extension>
    </UnitTest>
    <UnitTest name="HouseSaveQuoteWithoutPremium" storage="c:\tamtestsgit\testproject7\bin\debug\testresults\testuser_iclvdevtl 2013-09-23 12_50_53\out\appliedsystems.tam.ui.tests.dll" id="23806c32-26a6-baf2-e67c-b2710d259613">
      <Execution id="1c9003cc-b559-4617-9cac-2ce5953a371f" />
      <TestMethod codeBase="C:/TamTestsGit/TestProject7/bin/Debug/TestResults/testuser_ICLVDEVTL 2013-09-23 12_50_53/Out/AppliedSystems.Tam.Ui.Tests.DLL" adapterTypeName="Microsoft.VisualStudio.TestTools.TestTypes.Unit.UnitTestAdapter, Microsoft.VisualStudio.QualityTools.Tips.UnitTest.Adapter, Version=10.0.0.0, Culture=neutral, PublicKeyToken=b03f5f7f11d50a3a" className="AppliedSystems.Tam.Ui.Tests.HouseUiTests, AppliedSystems.Tam.Ui.Tests, Version=1.0.0.0, Culture=neutral, PublicKeyToken=null" name="HouseSaveQuoteWithoutPremium" />
      <Extension>Microsoft.VisualStudio.TestTools.UITesting.CodedUITestAttribute, Microsoft.VisualStudio.QualityTools.CodedUITestFramework, Version=10.0.0.0, Culture=neutral, PublicKeyToken=b03f5f7f11d50a3a</Extension>
    </UnitTest>
    <UnitTest name="MotoCancelExit" storage="c:\tamtestsgit\testproject7\bin\debug\testresults\testuser_iclvdevtl 2013-09-23 12_50_53\out\appliedsystems.tam.ui.tests.dll" id="e07608a6-4f59-4278-8d59-5e8ddd012acc">
      <Execution id="b8ba8594-5de2-492a-b5a2-724f97d53ca6" />
      <TestMethod codeBase="C:/TamTestsGit/TestProject7/bin/Debug/TestResults/testuser_ICLVDEVTL 2013-09-23 12_50_53/Out/AppliedSystems.Tam.Ui.Tests.DLL" adapterTypeName="Microsoft.VisualStudio.TestTools.TestTypes.Unit.UnitTestAdapter, Microsoft.VisualStudio.QualityTools.Tips.UnitTest.Adapter, Version=10.0.0.0, Culture=neutral, PublicKeyToken=b03f5f7f11d50a3a" className="AppliedSystems.Tam.Ui.Tests.MotoUiTests, AppliedSystems.Tam.Ui.Tests, Version=1.0.0.0, Culture=neutral, PublicKeyToken=null" name="MotoCancelExit" />
      <Extension>Microsoft.VisualStudio.TestTools.UITesting.CodedUITestAttribute, Microsoft.VisualStudio.QualityTools.CodedUITestFramework, Version=10.0.0.0, Culture=neutral, PublicKeyToken=b03f5f7f11d50a3a</Extension>
    </UnitTest>
  </TestDefinitions>
  <TestLists>
    <TestList name="Results Not in a List" id="8c84fa94-04c1-424b-9868-57a2d4851a1d" />
    <TestList name="All Loaded Results" id="19431567-8539-422a-85d7-44ee4e166bda" />
  </TestLists>
  <TestEntries>
    <TestEntry testId="8325e849-00cb-74b8-f092-b233e3af24b2" executionId="80b0a815-42cc-40ee-993a-67fd6ef4e953" testListId="8c84fa94-04c1-424b-9868-57a2d4851a1d" />
    <TestEntry testId="89df0505-7bef-1c84-6aca-37d1506692db" executionId="7620d6f4-6b0d-4727-9de8-d4116a8888a8" testListId="8c84fa94-04c1-424b-9868-57a2d4851a1d" />
    <TestEntry testId="5c9c2876-ef7b-214a-39ca-065818518ce8" executionId="9680a97e-a0bf-4009-99ba-6395394849b3" testListId="8c84fa94-04c1-424b-9868-57a2d4851a1d" />
    <TestEntry testId="4d206040-ae1d-2a21-9082-485d3086eaa9" executionId="0f3590a9-e59b-41c5-8d4a-e940e3f9949c" testListId="8c84fa94-04c1-424b-9868-57a2d4851a1d" />
    <TestEntry testId="e896f84c-ec6c-92c3-3bd8-d41d57aae4bc" executionId="e034ca09-1e2c-4f5f-b1c4-fdc17a7b8f1d" testListId="8c84fa94-04c1-424b-9868-57a2d4851a1d" />
    <TestEntry testId="89230cfa-6a19-d3c2-743b-2d2fcea3c803" executionId="f978b2fe-eab5-4226-9a0f-96724c9dfae5" testListId="8c84fa94-04c1-424b-9868-57a2d4851a1d" />
    <TestEntry testId="36d24d45-f602-15e0-0ca5-89a9133049d8" executionId="26c81a51-1bda-470b-80c1-9138fe4bfcde" testListId="8c84fa94-04c1-424b-9868-57a2d4851a1d" />
    <TestEntry testId="860b3117-58e1-faeb-5039-5d480603d3e0" executionId="188964d8-21d5-411c-8b85-240be7605d81" testListId="8c84fa94-04c1-424b-9868-57a2d4851a1d" />
    <TestEntry testId="a117b69c-fc2d-defc-988c-38b2c22b62ba" executionId="18f269d9-4983-4e23-9e58-02a59188dd1f" testListId="8c84fa94-04c1-424b-9868-57a2d4851a1d" />
    <TestEntry testId="ba26e76f-de14-32e4-8ac8-5df322f1fd27" executionId="97be3dfe-e47b-4452-8de8-76d5167ad89c" testListId="8c84fa94-04c1-424b-9868-57a2d4851a1d" />
    <TestEntry testId="82f80eb4-3d69-14db-4df1-0d43b770c2aa" executionId="2cf229e8-0d41-4374-b218-5d5b61dc048d" testListId="8c84fa94-04c1-424b-9868-57a2d4851a1d" />
    <TestEntry testId="a264afa1-312a-8c64-caac-2ca63265fc8a" executionId="da1bd5e6-02c2-448d-a49d-4af68a4aae25" testListId="8c84fa94-04c1-424b-9868-57a2d4851a1d" />
    <TestEntry testId="0896610c-4da4-38c0-ce20-352846d79839" executionId="3fe2625f-dfe0-4231-9ff7-dacae6e4f0ce" testListId="8c84fa94-04c1-424b-9868-57a2d4851a1d" />
    <TestEntry testId="62fbdf2e-88f8-1124-e9d6-6f2b028ba869" executionId="f3bcc44d-9467-4068-adc6-84018772b118" testListId="8c84fa94-04c1-424b-9868-57a2d4851a1d" />
    <TestEntry testId="ffca28b1-a49b-3196-65aa-cebac8571ce3" executionId="4bb36681-d3a0-4c70-9391-4b6d7c44fe23" testListId="8c84fa94-04c1-424b-9868-57a2d4851a1d" />
    <TestEntry testId="b54caa2e-c0b5-ae92-08ad-7881c99df81b" executionId="9e7280d9-ff73-4e65-a3aa-294e788bc71e" testListId="8c84fa94-04c1-424b-9868-57a2d4851a1d" />
    <TestEntry testId="65dcd85a-ef1f-e29b-3743-f87742e2ed3d" executionId="ff07b19c-51d4-445c-b3e8-0ba0440ed79d" testListId="8c84fa94-04c1-424b-9868-57a2d4851a1d" />
    <TestEntry testId="84b504ff-9703-f2ac-6d29-56c44a019f4e" executionId="8913aac6-2550-46a9-83f4-16e46bd00954" testListId="8c84fa94-04c1-424b-9868-57a2d4851a1d" />
    <TestEntry testId="23806c32-26a6-baf2-e67c-b2710d259613" executionId="1c9003cc-b559-4617-9cac-2ce5953a371f" testListId="8c84fa94-04c1-424b-9868-57a2d4851a1d" />
    <TestEntry testId="582fc786-fe70-74aa-52dd-24cf380932df" executionId="53c6c776-9cf5-4ac9-abfb-9bf2c664ef24" testListId="8c84fa94-04c1-424b-9868-57a2d4851a1d" />
    <TestEntry testId="327dc295-46f8-d9eb-d13a-04ac8001804a" executionId="7614bd72-710a-42e5-8333-e99cab459c3b" testListId="8c84fa94-04c1-424b-9868-57a2d4851a1d" />
    <TestEntry testId="21ba00c6-09f4-caa5-ac59-791655e24b9d" executionId="f810d509-e778-4ede-b398-722df746a8e9" testListId="8c84fa94-04c1-424b-9868-57a2d4851a1d" />
    <TestEntry testId="cc65a43a-9a33-7c83-9bd5-ff01c2ffa61d" executionId="60416981-94cb-40ff-9906-7ffcbbd0bb02" testListId="8c84fa94-04c1-424b-9868-57a2d4851a1d" />
    <TestEntry testId="e07608a6-4f59-4278-8d59-5e8ddd012acc" executionId="b8ba8594-5de2-492a-b5a2-724f97d53ca6" testListId="8c84fa94-04c1-424b-9868-57a2d4851a1d" />
    <TestEntry testId="614fe764-f9f9-c1c7-0af0-55b68bb46c8e" executionId="713d1067-ff39-4a4a-8b50-93d06b9aa9be" testListId="8c84fa94-04c1-424b-9868-57a2d4851a1d" />
    <TestEntry testId="75e0255d-1dc3-e4d9-5704-a08715d1f3a6" executionId="3a98958e-98dd-4dc9-b846-5bac1adcd4e0" testListId="8c84fa94-04c1-424b-9868-57a2d4851a1d" />
    <TestEntry testId="c4938c05-03da-60f7-0f88-e65778d3fa19" executionId="fedc0fdd-0f62-42bf-94c5-9e95872e0450" testListId="8c84fa94-04c1-424b-9868-57a2d4851a1d" />
    <TestEntry testId="96a60826-dea1-f77f-fc60-00cd6747296c" executionId="7d268670-dbb3-4197-9ccc-3a10a9fbd05c" testListId="8c84fa94-04c1-424b-9868-57a2d4851a1d" />
    <TestEntry testId="6e105339-dc20-c02c-288a-6cce06bb4251" executionId="44d3d2e9-c2dc-4e19-b079-658e47fb3e0e" testListId="8c84fa94-04c1-424b-9868-57a2d4851a1d" />
    <TestEntry testId="640fd6db-860c-c140-a3d8-d0f055d2eed9" executionId="69a1fa58-b594-4106-800e-5671a54b9ce6" testListId="8c84fa94-04c1-424b-9868-57a2d4851a1d" />
    <TestEntry testId="b84b18ae-6912-43dc-1ce8-659e613146c1" executionId="c9301fd0-fd84-4bee-b06a-b08c5594112d" testListId="8c84fa94-04c1-424b-9868-57a2d4851a1d" />
    <TestEntry testId="e7ea3675-20d2-cf0b-af85-2890e55fc37d" executionId="6631caf2-1cea-418e-b3dc-140bd8418c13" testListId="8c84fa94-04c1-424b-9868-57a2d4851a1d" />
    <TestEntry testId="371ed565-7848-460e-53f8-0d5da86a6d95" executionId="60e7c82b-8e83-485b-8559-d74782b6f765" testListId="8c84fa94-04c1-424b-9868-57a2d4851a1d" />
    <TestEntry testId="a6b0d3b5-976c-4b22-35f2-21b23c03c32a" executionId="932d7ace-7362-4b51-9089-41cc03d930dc" testListId="8c84fa94-04c1-424b-9868-57a2d4851a1d" />
    <TestEntry testId="9410f0c0-fb50-f25a-6718-26afc2f3339f" executionId="b040748a-5436-4237-ba53-2cb114cd2351" testListId="8c84fa94-04c1-424b-9868-57a2d4851a1d" />
    <TestEntry testId="576c4cce-f2fa-69e8-ebd1-c09bc0e1c559" executionId="9fa8c469-fcff-4b63-8189-91681d82a4aa" testListId="8c84fa94-04c1-424b-9868-57a2d4851a1d" />
    <TestEntry testId="31988f60-6dd2-d7f1-3544-10a47a577690" executionId="0a7d3fde-78e2-40c0-9700-47e22ef8ccd2" testListId="8c84fa94-04c1-424b-9868-57a2d4851a1d" />
    <TestEntry testId="3aa144ec-52be-8aa1-dd30-729da149368a" executionId="53380ea0-3ea7-463d-a20f-14aa93feffcc" testListId="8c84fa94-04c1-424b-9868-57a2d4851a1d" />
    <TestEntry testId="cf1f05dd-a70c-81bc-1012-592720aa6031" executionId="3a94964c-2f77-4afa-aea9-1ce75e87dddb" testListId="8c84fa94-04c1-424b-9868-57a2d4851a1d" />
    <TestEntry testId="6bd48419-af25-d06e-1d1b-4584b7e15d64" executionId="2e480ae0-a860-4f91-af46-8b5f6e2cf6b5" testListId="8c84fa94-04c1-424b-9868-57a2d4851a1d" />
  </TestEntries>
  <Results>
    <UnitTestResult executionId="80b0a815-42cc-40ee-993a-67fd6ef4e953" testId="8325e849-00cb-74b8-f092-b233e3af24b2" testName="HouseAmendRiskExistingScheme" computerName="ICLVDEVTM02" duration="00:00:00.9011722" startTime="2013-09-23T12:49:45.0364905+01:00" endTime="2013-09-23T12:49:46.0421182+01:00" testType="13cdc9d9-ddb5-4fa4-a97d-d965ccfc6d4b" outcome="Failed" testListId="8c84fa94-04c1-424b-9868-57a2d4851a1d" relativeResultsDirectory="80b0a815-42cc-40ee-993a-67fd6ef4e953">
      <Output>
        <DebugTrace>W, 25400, 125, 2013/09/23, 12:49:45.871, 154752146177083, QTAgent32.exe, IEDOM : StopSession of the plugin called before StartSession
W, 25400, 125, 2013/09/23, 12:49:45.884, 154752146369335, QTAgent32.exe, UIA : StopSession of the plugin called before StartSession
</DebugTrace>
        <ErrorInfo>
          <Message>Initialization method AppliedSystems.Tam.Ui.Tests.HouseUiTests.StartTest threw exception. System.InvalidOperationException: System.InvalidOperationException: The key 'LocalDocsPath' does not exist in the appSettings configuration section..</Message>
          <StackTrace>    at System.Configuration.AppSettingsReader.GetValue(String key, Type type)
   at AppliedSystems.Tam.Ui.Tests.Configs.get_LocalDocsPath() in C:\TamTestsGit\TestProject7\Configs.cs:line 70
   at AppliedSystems.Tam.Ui.Tests.UIMap.CleanDocuments() in C:\TamTestsGit\TestProject7\UIMap.cs:line 1959
   at AppliedSystems.Tam.Ui.Tests.BaseUiTest.StartTest() in C:\TamTestsGit\TestProject7\BaseUITest.cs:line 77
</StackTrace>
        </ErrorInfo>
      </Output>
    </UnitTestResult>
    <UnitTestResult executionId="7620d6f4-6b0d-4727-9de8-d4116a8888a8" testId="89df0505-7bef-1c84-6aca-37d1506692db" testName="HouseAmendRiskNewScheme" computerName="ICLVDEVTM02" duration="00:00:00.0609997" startTime="2013-09-23T12:49:46.0526195+01:00" endTime="2013-09-23T12:49:46.1156275+01:00" testType="13cdc9d9-ddb5-4fa4-a97d-d965ccfc6d4b" outcome="Failed" testListId="8c84fa94-04c1-424b-9868-57a2d4851a1d" relativeResultsDirectory="7620d6f4-6b0d-4727-9de8-d4116a8888a8">
      <Output>
        <DebugTrace>W, 25400, 70, 2013/09/23, 12:49:46.114, 154752149650195, QTAgent32.exe, IEDOM : StopSession of the plugin called before StartSession
W, 25400, 70, 2013/09/23, 12:49:46.114, 154752149652223, QTAgent32.exe, UIA : StopSession of the plugin called before StartSession
</DebugTrace>
        <ErrorInfo>
          <Message>Initialization method AppliedSystems.Tam.Ui.Tests.HouseUiTests.StartTest threw exception. System.InvalidOperationException: System.InvalidOperationException: The key 'LocalDocsPath' does not exist in the appSettings configuration section..</Message>
          <StackTrace>    at System.Configuration.AppSettingsReader.GetValue(String key, Type type)
   at AppliedSystems.Tam.Ui.Tests.Configs.get_LocalDocsPath() in C:\TamTestsGit\TestProject7\Configs.cs:line 70
   at AppliedSystems.Tam.Ui.Tests.UIMap.CleanDocuments() in C:\TamTestsGit\TestProject7\UIMap.cs:line 1959
   at AppliedSystems.Tam.Ui.Tests.BaseUiTest.StartTest() in C:\TamTestsGit\TestProject7\BaseUITest.cs:line 77
</StackTrace>
        </ErrorInfo>
      </Output>
    </UnitTestResult>
    <UnitTestResult executionId="9680a97e-a0bf-4009-99ba-6395394849b3" testId="5c9c2876-ef7b-214a-39ca-065818518ce8" testName="HouseCancelAccept" computerName="ICLVDEVTM02" duration="00:00:00.0388118" startTime="2013-09-23T12:49:46.1216283+01:00" endTime="2013-09-23T12:49:46.1726348+01:00" testType="13cdc9d9-ddb5-4fa4-a97d-d965ccfc6d4b" outcome="Failed" testListId="8c84fa94-04c1-424b-9868-57a2d4851a1d" relativeResultsDirectory="9680a97e-a0bf-4009-99ba-6395394849b3">
      <Output>
        <DebugTrace>W, 25400, 93, 2013/09/23, 12:49:46.157, 154752150270764, QTAgent32.exe, IEDOM : StopSession of the plugin called before StartSession
W, 25400, 93, 2013/09/23, 12:49:46.157, 154752150272691, QTAgent32.exe, UIA : StopSession of the plugin called before StartSession
</DebugTrace>
        <ErrorInfo>
          <Message>Initialization method AppliedSystems.Tam.Ui.Tests.HouseUiTests.StartTest threw exception. System.InvalidOperationException: System.InvalidOperationException: The key 'LocalDocsPath' does not exist in the appSettings configuration section..</Message>
          <StackTrace>    at System.Configuration.AppSettingsReader.GetValue(String key, Type type)
   at AppliedSystems.Tam.Ui.Tests.Configs.get_LocalDocsPath() in C:\TamTestsGit\TestProject7\Configs.cs:line 70
   at AppliedSystems.Tam.Ui.Tests.UIMap.CleanDocuments() in C:\TamTestsGit\TestProject7\UIMap.cs:line 1959
   at AppliedSystems.Tam.Ui.Tests.BaseUiTest.StartTest() in C:\TamTestsGit\TestProject7\BaseUITest.cs:line 77
</StackTrace>
        </ErrorInfo>
      </Output>
    </UnitTestResult>
    <UnitTestResult executionId="0f3590a9-e59b-41c5-8d4a-e940e3f9949c" testId="4d206040-ae1d-2a21-9082-485d3086eaa9" testName="HouseCancelExit" computerName="ICLVDEVTM02" duration="00:00:00.0356449" startTime="2013-09-23T12:49:46.1751351+01:00" endTime="2013-09-23T12:49:46.2126398+01:00" testType="13cdc9d9-ddb5-4fa4-a97d-d965ccfc6d4b" outcome="Failed" testListId="8c84fa94-04c1-424b-9868-57a2d4851a1d" relativeResultsDirectory="0f3590a9-e59b-41c5-8d4a-e940e3f9949c">
      <Output>
        <DebugTrace>W, 25400, 15, 2013/09/23, 12:49:46.209, 154752151021818, QTAgent32.exe, IEDOM : StopSession of the plugin called before StartSession
W, 25400, 15, 2013/09/23, 12:49:46.209, 154752151023440, QTAgent32.exe, UIA : StopSession of the plugin called before StartSession
</DebugTrace>
        <ErrorInfo>
          <Message>Initialization method AppliedSystems.Tam.Ui.Tests.HouseUiTests.StartTest threw exception. System.InvalidOperationException: System.InvalidOperationException: The key 'LocalDocsPath' does not exist in the appSettings configuration section..</Message>
          <StackTrace>    at System.Configuration.AppSettingsReader.GetValue(String key, Type type)
   at AppliedSystems.Tam.Ui.Tests.Configs.get_LocalDocsPath() in C:\TamTestsGit\TestProject7\Configs.cs:line 70
   at AppliedSystems.Tam.Ui.Tests.UIMap.CleanDocuments() in C:\TamTestsGit\TestProject7\UIMap.cs:line 1959
   at AppliedSystems.Tam.Ui.Tests.BaseUiTest.StartTest() in C:\TamTestsGit\TestProject7\BaseUITest.cs:line 77
</StackTrace>
        </ErrorInfo>
      </Output>
    </UnitTestResult>
    <UnitTestResult executionId="e034ca09-1e2c-4f5f-b1c4-fdc17a7b8f1d" testId="e896f84c-ec6c-92c3-3bd8-d41d57aae4bc" testName="HouseCopyMTA" computerName="ICLVDEVTM02" duration="00:00:00.0372755" startTime="2013-09-23T12:49:46.2181405+01:00" endTime="2013-09-23T12:49:46.2561454+01:00" testType="13cdc9d9-ddb5-4fa4-a97d-d965ccfc6d4b" outcome="Failed" testListId="8c84fa94-04c1-424b-9868-57a2d4851a1d" relativeResultsDirectory="e034ca09-1e2c-4f5f-b1c4-fdc17a7b8f1d">
      <Output>
        <DebugTrace>W, 25400, 60, 2013/09/23, 12:49:46.254, 154752151663594, QTAgent32.exe, IEDOM : StopSession of the plugin called before StartSession
W, 25400, 60, 2013/09/23, 12:49:46.254, 154752151665210, QTAgent32.exe, UIA : StopSession of the plugin called before StartSession
</DebugTrace>
        <ErrorInfo>
          <Message>Initialization method AppliedSystems.Tam.Ui.Tests.HouseUiTests.StartTest threw exception. System.InvalidOperationException: System.InvalidOperationException: The key 'LocalDocsPath' does not exist in the appSettings configuration section..</Message>
          <StackTrace>    at System.Configuration.AppSettingsReader.GetValue(String key, Type type)
   at AppliedSystems.Tam.Ui.Tests.Configs.get_LocalDocsPath() in C:\TamTestsGit\TestProject7\Configs.cs:line 70
   at AppliedSystems.Tam.Ui.Tests.UIMap.CleanDocuments() in C:\TamTestsGit\TestProject7\UIMap.cs:line 1959
   at AppliedSystems.Tam.Ui.Tests.BaseUiTest.StartTest() in C:\TamTestsGit\TestProject7\BaseUITest.cs:line 77
</StackTrace>
        </ErrorInfo>
      </Output>
    </UnitTestResult>
    <UnitTestResult executionId="f978b2fe-eab5-4226-9a0f-96724c9dfae5" testId="89230cfa-6a19-d3c2-743b-2d2fcea3c803" testName="HouseCopyRiskNew" computerName="ICLVDEVTM02" duration="00:00:00.0293330" startTime="2013-09-23T12:49:46.2636463+01:00" endTime="2013-09-23T12:49:46.2941502+01:00" testType="13cdc9d9-ddb5-4fa4-a97d-d965ccfc6d4b" outcome="Failed" testListId="8c84fa94-04c1-424b-9868-57a2d4851a1d" relativeResultsDirectory="f978b2fe-eab5-4226-9a0f-96724c9dfae5">
      <Output>
        <DebugTrace>W, 25400, 81, 2013/09/23, 12:49:46.292, 154752152205078, QTAgent32.exe, IEDOM : StopSession of the plugin called before StartSession
W, 25400, 81, 2013/09/23, 12:49:46.292, 154752152206852, QTAgent32.exe, UIA : StopSession of the plugin called before StartSession
</DebugTrace>
        <ErrorInfo>
          <Message>Initialization method AppliedSystems.Tam.Ui.Tests.HouseUiTests.StartTest threw exception. System.InvalidOperationException: System.InvalidOperationException: The key 'LocalDocsPath' does not exist in the appSettings configuration section..</Message>
          <StackTrace>    at System.Configuration.AppSettingsReader.GetValue(String key, Type type)
   at AppliedSystems.Tam.Ui.Tests.Configs.get_LocalDocsPath() in C:\TamTestsGit\TestProject7\Configs.cs:line 70
   at AppliedSystems.Tam.Ui.Tests.UIMap.CleanDocuments() in C:\TamTestsGit\TestProject7\UIMap.cs:line 1959
   at AppliedSystems.Tam.Ui.Tests.BaseUiTest.StartTest() in C:\TamTestsGit\TestProject7\BaseUITest.cs:line 77
</StackTrace>
        </ErrorInfo>
      </Output>
    </UnitTestResult>
    <UnitTestResult executionId="26c81a51-1bda-470b-80c1-9138fe4bfcde" testId="36d24d45-f602-15e0-0ca5-89a9133049d8" testName="HouseCopyRiskQTE" computerName="ICLVDEVTM02" duration="00:00:00.0336537" startTime="2013-09-23T12:49:46.3011511+01:00" endTime="2013-09-23T12:49:46.3401560+01:00" testType="13cdc9d9-ddb5-4fa4-a97d-d965ccfc6d4b" outcome="Failed" testListId="8c84fa94-04c1-424b-9868-57a2d4851a1d" relativeResultsDirectory="26c81a51-1bda-470b-80c1-9138fe4bfcde">
      <Output>
        <DebugTrace>W, 25400, 87, 2013/09/23, 12:49:46.333, 154752152799071, QTAgent32.exe, IEDOM : StopSession of the plugin called before StartSession
W, 25400, 87, 2013/09/23, 12:49:46.334, 154752152800905, QTAgent32.exe, UIA : StopSession of the plugin called before StartSession
</DebugTrace>
        <ErrorInfo>
          <Message>Initialization method AppliedSystems.Tam.Ui.Tests.HouseUiTests.StartTest threw exception. System.InvalidOperationException: System.InvalidOperationException: The key 'LocalDocsPath' does not exist in the appSettings configuration section..</Message>
          <StackTrace>    at System.Configuration.AppSettingsReader.GetValue(String key, Type type)
   at AppliedSystems.Tam.Ui.Tests.Configs.get_LocalDocsPath() in C:\TamTestsGit\TestProject7\Configs.cs:line 70
   at AppliedSystems.Tam.Ui.Tests.UIMap.CleanDocuments() in C:\TamTestsGit\TestProject7\UIMap.cs:line 1959
   at AppliedSystems.Tam.Ui.Tests.BaseUiTest.StartTest() in C:\TamTestsGit\TestProject7\BaseUITest.cs:line 77
</StackTrace>
        </ErrorInfo>
      </Output>
    </UnitTestResult>
    <UnitTestResult executionId="188964d8-21d5-411c-8b85-240be7605d81" testId="860b3117-58e1-faeb-5039-5d480603d3e0" testName="HouseCreateQuote" computerName="ICLVDEVTM02" duration="00:00:00.0307787" startTime="2013-09-23T12:49:46.3426564+01:00" endTime="2013-09-23T12:49:46.3741604+01:00" testType="13cdc9d9-ddb5-4fa4-a97d-d965ccfc6d4b" outcome="Failed" testListId="8c84fa94-04c1-424b-9868-57a2d4851a1d" relativeResultsDirectory="188964d8-21d5-411c-8b85-240be7605d81">
      <Output>
        <DebugTrace>W, 25400, 84, 2013/09/23, 12:49:46.372, 154752153351231, QTAgent32.exe, IEDOM : StopSession of the plugin called before StartSession
W, 25400, 84, 2013/09/23, 12:49:46.372, 154752153352806, QTAgent32.exe, UIA : StopSession of the plugin called before StartSession
</DebugTrace>
        <ErrorInfo>
          <Message>Initialization method AppliedSystems.Tam.Ui.Tests.HouseUiTests.StartTest threw exception. System.InvalidOperationException: System.InvalidOperationException: The key 'LocalDocsPath' does not exist in the appSettings configuration section..</Message>
          <StackTrace>    at System.Configuration.AppSettingsReader.GetValue(String key, Type type)
   at AppliedSystems.Tam.Ui.Tests.Configs.get_LocalDocsPath() in C:\TamTestsGit\TestProject7\Configs.cs:line 70
   at AppliedSystems.Tam.Ui.Tests.UIMap.CleanDocuments() in C:\TamTestsGit\TestProject7\UIMap.cs:line 1959
   at AppliedSystems.Tam.Ui.Tests.BaseUiTest.StartTest() in C:\TamTestsGit\TestProject7\BaseUITest.cs:line 77
</StackTrace>
        </ErrorInfo>
      </Output>
    </UnitTestResult>
    <UnitTestResult executionId="18f269d9-4983-4e23-9e58-02a59188dd1f" testId="a117b69c-fc2d-defc-988c-38b2c22b62ba" testName="HouseLapsePolicy" computerName="ICLVDEVTM02" duration="00:00:00.0326289" startTime="2013-09-23T12:49:46.3866619+01:00" endTime="2013-09-23T12:49:46.4241667+01:00" testType="13cdc9d9-ddb5-4fa4-a97d-d965ccfc6d4b" outcome="Failed" testListId="8c84fa94-04c1-424b-9868-57a2d4851a1d" relativeResultsDirectory="18f269d9-4983-4e23-9e58-02a59188dd1f">
      <Output>
        <DebugTrace>W, 25400, 139, 2013/09/23, 12:49:46.417, 154752153990802, QTAgent32.exe, IEDOM : StopSession of the plugin called before StartSession
W, 25400, 139, 2013/09/23, 12:49:46.417, 154752153992698, QTAgent32.exe, UIA : StopSession of the plugin called before StartSession
</DebugTrace>
        <ErrorInfo>
          <Message>Initialization method AppliedSystems.Tam.Ui.Tests.HouseUiTests.StartTest threw exception. System.InvalidOperationException: System.InvalidOperationException: The key 'LocalDocsPath' does not exist in the appSettings configuration section..</Message>
          <StackTrace>    at System.Configuration.AppSettingsReader.GetValue(String key, Type type)
   at AppliedSystems.Tam.Ui.Tests.Configs.get_LocalDocsPath() in C:\TamTestsGit\TestProject7\Configs.cs:line 70
   at AppliedSystems.Tam.Ui.Tests.UIMap.CleanDocuments() in C:\TamTestsGit\TestProject7\UIMap.cs:line 1959
   at AppliedSystems.Tam.Ui.Tests.BaseUiTest.StartTest() in C:\TamTestsGit\TestProject7\BaseUITest.cs:line 77
</StackTrace>
        </ErrorInfo>
      </Output>
    </UnitTestResult>
    <UnitTestResult executionId="97be3dfe-e47b-4452-8de8-76d5167ad89c" testId="ba26e76f-de14-32e4-8ac8-5df322f1fd27" testName="HouseMTAAccept" computerName="ICLVDEVTM02" duration="00:00:00.0310253" startTime="2013-09-23T12:49:46.4281672+01:00" endTime="2013-09-23T12:49:46.4646719+01:00" testType="13cdc9d9-ddb5-4fa4-a97d-d965ccfc6d4b" outcome="Failed" testListId="8c84fa94-04c1-424b-9868-57a2d4851a1d" relativeResultsDirectory="97be3dfe-e47b-4452-8de8-76d5167ad89c">
      <Output>
        <DebugTrace>W, 25400, 127, 2013/09/23, 12:49:46.457, 154752154572474, QTAgent32.exe, IEDOM : StopSession of the plugin called before StartSession
W, 25400, 127, 2013/09/23, 12:49:46.457, 154752154574204, QTAgent32.exe, UIA : StopSession of the plugin called before StartSession
</DebugTrace>
        <ErrorInfo>
          <Message>Initialization method AppliedSystems.Tam.Ui.Tests.HouseUiTests.StartTest threw exception. System.InvalidOperationException: System.InvalidOperationException: The key 'LocalDocsPath' does not exist in the appSettings configuration section..</Message>
          <StackTrace>    at System.Configuration.AppSettingsReader.GetValue(String key, Type type)
   at AppliedSystems.Tam.Ui.Tests.Configs.get_LocalDocsPath() in C:\TamTestsGit\TestProject7\Configs.cs:line 70
   at AppliedSystems.Tam.Ui.Tests.UIMap.CleanDocuments() in C:\TamTestsGit\TestProject7\UIMap.cs:line 1959
   at AppliedSystems.Tam.Ui.Tests.BaseUiTest.StartTest() in C:\TamTestsGit\TestProject7\BaseUITest.cs:line 77
</StackTrace>
        </ErrorInfo>
      </Output>
    </UnitTestResult>
    <UnitTestResult executionId="2cf229e8-0d41-4374-b218-5d5b61dc048d" testId="82f80eb4-3d69-14db-4df1-0d43b770c2aa" testName="HouseMTAExit" computerName="ICLVDEVTM02" duration="00:00:00.0326356" startTime="2013-09-23T12:49:46.4671722+01:00" endTime="2013-09-23T12:49:46.5166785+01:00" testType="13cdc9d9-ddb5-4fa4-a97d-d965ccfc6d4b" outcome="Failed" testListId="8c84fa94-04c1-424b-9868-57a2d4851a1d" relativeResultsDirectory="2cf229e8-0d41-4374-b218-5d5b61dc048d">
      <Output>
        <DebugTrace>W, 25400, 120, 2013/09/23, 12:49:46.514, 154752155389503, QTAgent32.exe, IEDOM : StopSession of the plugin called before StartSession
W, 25400, 120, 2013/09/23, 12:49:46.514, 154752155391013, QTAgent32.exe, UIA : StopSession of the plugin called before StartSession
</DebugTrace>
        <ErrorInfo>
          <Message>Initialization method AppliedSystems.Tam.Ui.Tests.HouseUiTests.StartTest threw exception. System.InvalidOperationException: System.InvalidOperationException: The key 'LocalDocsPath' does not exist in the appSettings configuration section..</Message>
          <StackTrace>    at System.Configuration.AppSettingsReader.GetValue(String key, Type type)
   at AppliedSystems.Tam.Ui.Tests.Configs.get_LocalDocsPath() in C:\TamTestsGit\TestProject7\Configs.cs:line 70
   at AppliedSystems.Tam.Ui.Tests.UIMap.CleanDocuments() in C:\TamTestsGit\TestProject7\UIMap.cs:line 1959
   at AppliedSystems.Tam.Ui.Tests.BaseUiTest.StartTest() in C:\TamTestsGit\TestProject7\BaseUITest.cs:line 77
</StackTrace>
        </ErrorInfo>
      </Output>
    </UnitTestResult>
    <UnitTestResult executionId="da1bd5e6-02c2-448d-a49d-4af68a4aae25" testId="a264afa1-312a-8c64-caac-2ca63265fc8a" testName="HouseMTAtoMTA" computerName="ICLVDEVTM02" duration="00:00:00.0296536" startTime="2013-09-23T12:49:46.5236793+01:00" endTime="2013-09-23T12:49:46.5556834+01:00" testType="13cdc9d9-ddb5-4fa4-a97d-d965ccfc6d4b" outcome="Failed" testListId="8c84fa94-04c1-424b-9868-57a2d4851a1d" relativeResultsDirectory="da1bd5e6-02c2-448d-a49d-4af68a4aae25">
      <Output>
        <DebugTrace>W, 25400, 127, 2013/09/23, 12:49:46.552, 154752155933186, QTAgent32.exe, IEDOM : StopSession of the plugin called before StartSession
W, 25400, 127, 2013/09/23, 12:49:46.552, 154752155934776, QTAgent32.exe, UIA : StopSession of the plugin called before StartSession
</DebugTrace>
        <ErrorInfo>
          <Message>Initialization method AppliedSystems.Tam.Ui.Tests.HouseUiTests.StartTest threw exception. System.InvalidOperationException: System.InvalidOperationException: The key 'LocalDocsPath' does not exist in the appSettings configuration section..</Message>
          <StackTrace>    at System.Configuration.AppSettingsReader.GetValue(String key, Type type)
   at AppliedSystems.Tam.Ui.Tests.Configs.get_LocalDocsPath() in C:\TamTestsGit\TestProject7\Configs.cs:line 70
   at AppliedSystems.Tam.Ui.Tests.UIMap.CleanDocuments() in C:\TamTestsGit\TestProject7\UIMap.cs:line 1959
   at AppliedSystems.Tam.Ui.Tests.BaseUiTest.StartTest() in C:\TamTestsGit\TestProject7\BaseUITest.cs:line 77
</StackTrace>
        </ErrorInfo>
      </Output>
    </UnitTestResult>
    <UnitTestResult executionId="3fe2625f-dfe0-4231-9ff7-dacae6e4f0ce" testId="0896610c-4da4-38c0-ce20-352846d79839" testName="HouseOverridePremium" computerName="ICLVDEVTM02" duration="00:00:00.0333416" startTime="2013-09-23T12:49:46.5611841+01:00" endTime="2013-09-23T12:49:46.5986889+01:00" testType="13cdc9d9-ddb5-4fa4-a97d-d965ccfc6d4b" outcome="Failed" testListId="8c84fa94-04c1-424b-9868-57a2d4851a1d" relativeResultsDirectory="3fe2625f-dfe0-4231-9ff7-dacae6e4f0ce">
      <Output>
        <DebugTrace>W, 25400, 141, 2013/09/23, 12:49:46.593, 154752156517962, QTAgent32.exe, IEDOM : StopSession of the plugin called before StartSession
W, 25400, 141, 2013/09/23, 12:49:46.593, 154752156519475, QTAgent32.exe, UIA : StopSession of the plugin called before StartSession
</DebugTrace>
        <ErrorInfo>
          <Message>Initialization method AppliedSystems.Tam.Ui.Tests.HouseUiTests.StartTest threw exception. System.InvalidOperationException: System.InvalidOperationException: The key 'LocalDocsPath' does not exist in the appSettings configuration section..</Message>
          <StackTrace>    at System.Configuration.AppSettingsReader.GetValue(String key, Type type)
   at AppliedSystems.Tam.Ui.Tests.Configs.get_LocalDocsPath() in C:\TamTestsGit\TestProject7\Configs.cs:line 70
   at AppliedSystems.Tam.Ui.Tests.UIMap.CleanDocuments() in C:\TamTestsGit\TestProject7\UIMap.cs:line 1959
   at AppliedSystems.Tam.Ui.Tests.BaseUiTest.StartTest() in C:\TamTestsGit\TestProject7\BaseUITest.cs:line 77
</StackTrace>
        </ErrorInfo>
      </Output>
    </UnitTestResult>
    <UnitTestResult executionId="f3bcc44d-9467-4068-adc6-84018772b118" testId="62fbdf2e-88f8-1124-e9d6-6f2b028ba869" testName="HouseRebrokeRenewCurrent" computerName="ICLVDEVTM02" duration="00:00:00.0348640" startTime="2013-09-23T12:49:46.6026894+01:00" endTime="2013-09-23T12:49:46.6416943+01:00" testType="13cdc9d9-ddb5-4fa4-a97d-d965ccfc6d4b" outcome="Failed" testListId="8c84fa94-04c1-424b-9868-57a2d4851a1d" relativeResultsDirectory="f3bcc44d-9467-4068-adc6-84018772b118">
      <Output>
        <DebugTrace>W, 25400, 91, 2013/09/23, 12:49:46.632, 154752157072893, QTAgent32.exe, IEDOM : StopSession of the plugin called before StartSession
W, 25400, 91, 2013/09/23, 12:49:46.632, 154752157074862, QTAgent32.exe, UIA : StopSession of the plugin called before StartSession
</DebugTrace>
        <ErrorInfo>
          <Message>Initialization method AppliedSystems.Tam.Ui.Tests.HouseUiTests.StartTest threw exception. System.InvalidOperationException: System.InvalidOperationException: The key 'LocalDocsPath' does not exist in the appSettings configuration section..</Message>
          <StackTrace>    at System.Configuration.AppSettingsReader.GetValue(String key, Type type)
   at AppliedSystems.Tam.Ui.Tests.Configs.get_LocalDocsPath() in C:\TamTestsGit\TestProject7\Configs.cs:line 70
   at AppliedSystems.Tam.Ui.Tests.UIMap.CleanDocuments() in C:\TamTestsGit\TestProject7\UIMap.cs:line 1959
   at AppliedSystems.Tam.Ui.Tests.BaseUiTest.StartTest() in C:\TamTestsGit\TestProject7\BaseUITest.cs:line 77
</StackTrace>
        </ErrorInfo>
      </Output>
    </UnitTestResult>
    <UnitTestResult executionId="4bb36681-d3a0-4c70-9391-4b6d7c44fe23" testId="ffca28b1-a49b-3196-65aa-cebac8571ce3" testName="HouseRebrokeRenewExistingScheme" computerName="ICLVDEVTM02" duration="00:00:00.0343648" startTime="2013-09-23T12:49:46.6456948+01:00" endTime="2013-09-23T12:49:46.6867000+01:00" testType="13cdc9d9-ddb5-4fa4-a97d-d965ccfc6d4b" outcome="Failed" testListId="8c84fa94-04c1-424b-9868-57a2d4851a1d" relativeResultsDirectory="4bb36681-d3a0-4c70-9391-4b6d7c44fe23">
      <Output>
        <DebugTrace>W, 25400, 78, 2013/09/23, 12:49:46.674, 154752157680231, QTAgent32.exe, IEDOM : StopSession of the plugin called before StartSession
W, 25400, 78, 2013/09/23, 12:49:46.674, 154752157681759, QTAgent32.exe, UIA : StopSession of the plugin called before StartSession
</DebugTrace>
        <ErrorInfo>
          <Message>Initialization method AppliedSystems.Tam.Ui.Tests.HouseUiTests.StartTest threw exception. System.InvalidOperationException: System.InvalidOperationException: The key 'LocalDocsPath' does not exist in the appSettings configuration section..</Message>
          <StackTrace>    at System.Configuration.AppSettingsReader.GetValue(String key, Type type)
   at AppliedSystems.Tam.Ui.Tests.Configs.get_LocalDocsPath() in C:\TamTestsGit\TestProject7\Configs.cs:line 70
   at AppliedSystems.Tam.Ui.Tests.UIMap.CleanDocuments() in C:\TamTestsGit\TestProject7\UIMap.cs:line 1959
   at AppliedSystems.Tam.Ui.Tests.BaseUiTest.StartTest() in C:\TamTestsGit\TestProject7\BaseUITest.cs:line 77
</StackTrace>
        </ErrorInfo>
      </Output>
    </UnitTestResult>
    <UnitTestResult executionId="9e7280d9-ff73-4e65-a3aa-294e788bc71e" testId="b54caa2e-c0b5-ae92-08ad-7881c99df81b" testName="HouseRebrokeRenewNewScheme" computerName="ICLVDEVTM02" duration="00:00:00.0339184" startTime="2013-09-23T12:49:46.6907006+01:00" endTime="2013-09-23T12:49:46.7317058+01:00" testType="13cdc9d9-ddb5-4fa4-a97d-d965ccfc6d4b" outcome="Failed" testListId="8c84fa94-04c1-424b-9868-57a2d4851a1d" relativeResultsDirectory="9e7280d9-ff73-4e65-a3aa-294e788bc71e">
      <Output>
        <DebugTrace>W, 25400, 59, 2013/09/23, 12:49:46.723, 154752158375751, QTAgent32.exe, IEDOM : StopSession of the plugin called before StartSession
W, 25400, 59, 2013/09/23, 12:49:46.723, 154752158377874, QTAgent32.exe, UIA : StopSession of the plugin called before StartSession
</DebugTrace>
        <ErrorInfo>
          <Message>Initialization method AppliedSystems.Tam.Ui.Tests.HouseUiTests.StartTest threw exception. System.InvalidOperationException: System.InvalidOperationException: The key 'LocalDocsPath' does not exist in the appSettings configuration section..</Message>
          <StackTrace>    at System.Configuration.AppSettingsReader.GetValue(String key, Type type)
   at AppliedSystems.Tam.Ui.Tests.Configs.get_LocalDocsPath() in C:\TamTestsGit\TestProject7\Configs.cs:line 70
   at AppliedSystems.Tam.Ui.Tests.UIMap.CleanDocuments() in C:\TamTestsGit\TestProject7\UIMap.cs:line 1959
   at AppliedSystems.Tam.Ui.Tests.BaseUiTest.StartTest() in C:\TamTestsGit\TestProject7\BaseUITest.cs:line 77
</StackTrace>
        </ErrorInfo>
      </Output>
    </UnitTestResult>
    <UnitTestResult executionId="ff07b19c-51d4-445c-b3e8-0ba0440ed79d" testId="65dcd85a-ef1f-e29b-3743-f87742e2ed3d" testName="HouseRenewalAfter" computerName="ICLVDEVTM02" duration="00:00:00.0312220" startTime="2013-09-23T12:49:46.7337060+01:00" endTime="2013-09-23T12:49:46.7662101+01:00" testType="13cdc9d9-ddb5-4fa4-a97d-d965ccfc6d4b" outcome="Failed" testListId="8c84fa94-04c1-424b-9868-57a2d4851a1d" relativeResultsDirectory="ff07b19c-51d4-445c-b3e8-0ba0440ed79d">
      <Output>
        <DebugTrace>W, 25400, 12, 2013/09/23, 12:49:46.764, 154752158961190, QTAgent32.exe, IEDOM : StopSession of the plugin called before StartSession
W, 25400, 12, 2013/09/23, 12:49:46.764, 154752158962897, QTAgent32.exe, UIA : StopSession of the plugin called before StartSession
</DebugTrace>
        <ErrorInfo>
          <Message>Initialization method AppliedSystems.Tam.Ui.Tests.HouseUiTests.StartTest threw exception. System.InvalidOperationException: System.InvalidOperationException: The key 'LocalDocsPath' does not exist in the appSettings configuration section..</Message>
          <StackTrace>    at System.Configuration.AppSettingsReader.GetValue(String key, Type type)
   at AppliedSystems.Tam.Ui.Tests.Configs.get_LocalDocsPath() in C:\TamTestsGit\TestProject7\Configs.cs:line 70
   at AppliedSystems.Tam.Ui.Tests.UIMap.CleanDocuments() in C:\TamTestsGit\TestProject7\UIMap.cs:line 1959
   at AppliedSystems.Tam.Ui.Tests.BaseUiTest.StartTest() in C:\TamTestsGit\TestProject7\BaseUITest.cs:line 77
</StackTrace>
        </ErrorInfo>
      </Output>
    </UnitTestResult>
    <UnitTestResult executionId="8913aac6-2550-46a9-83f4-16e46bd00954" testId="84b504ff-9703-f2ac-6d29-56c44a019f4e" testName="HouseRenewalBefore" computerName="ICLVDEVTM02" duration="00:00:00.0298689" startTime="2013-09-23T12:49:46.7732110+01:00" endTime="2013-09-23T12:49:46.8052151+01:00" testType="13cdc9d9-ddb5-4fa4-a97d-d965ccfc6d4b" outcome="Failed" testListId="8c84fa94-04c1-424b-9868-57a2d4851a1d" relativeResultsDirectory="8913aac6-2550-46a9-83f4-16e46bd00954">
      <Output>
        <DebugTrace>W, 25400, 94, 2013/09/23, 12:49:46.802, 154752159509155, QTAgent32.exe, IEDOM : StopSession of the plugin called before StartSession
W, 25400, 94, 2013/09/23, 12:49:46.802, 154752159510622, QTAgent32.exe, UIA : StopSession of the plugin called before StartSession
</DebugTrace>
        <ErrorInfo>
          <Message>Initialization method AppliedSystems.Tam.Ui.Tests.HouseUiTests.StartTest threw exception. System.InvalidOperationException: System.InvalidOperationException: The key 'LocalDocsPath' does not exist in the appSettings configuration section..</Message>
          <StackTrace>    at System.Configuration.AppSettingsReader.GetValue(String key, Type type)
   at AppliedSystems.Tam.Ui.Tests.Configs.get_LocalDocsPath() in C:\TamTestsGit\TestProject7\Configs.cs:line 70
   at AppliedSystems.Tam.Ui.Tests.UIMap.CleanDocuments() in C:\TamTestsGit\TestProject7\UIMap.cs:line 1959
   at AppliedSystems.Tam.Ui.Tests.BaseUiTest.StartTest() in C:\TamTestsGit\TestProject7\BaseUITest.cs:line 77
</StackTrace>
        </ErrorInfo>
      </Output>
    </UnitTestResult>
    <UnitTestResult executionId="1c9003cc-b559-4617-9cac-2ce5953a371f" testId="23806c32-26a6-baf2-e67c-b2710d259613" testName="HouseSaveQuoteWithoutPremium" computerName="ICLVDEVTM02" duration="00:00:00.0338348" startTime="2013-09-23T12:49:46.8107158+01:00" endTime="2013-09-23T12:49:46.8492207+01:00" testType="13cdc9d9-ddb5-4fa4-a97d-d965ccfc6d4b" outcome="Failed" testListId="8c84fa94-04c1-424b-9868-57a2d4851a1d" relativeResultsDirectory="1c9003cc-b559-4617-9cac-2ce5953a371f">
      <Output>
        <DebugTrace>W, 25400, 65, 2013/09/23, 12:49:46.843, 154752160099877, QTAgent32.exe, IEDOM : StopSession of the plugin called before StartSession
W, 25400, 65, 2013/09/23, 12:49:46.843, 154752160101335, QTAgent32.exe, UIA : StopSession of the plugin called before StartSession
</DebugTrace>
        <ErrorInfo>
          <Message>Initialization method AppliedSystems.Tam.Ui.Tests.HouseUiTests.StartTest threw exception. System.InvalidOperationException: System.InvalidOperationException: The key 'LocalDocsPath' does not exist in the appSettings configuration section..</Message>
          <StackTrace>    at System.Configuration.AppSettingsReader.GetValue(String key, Type type)
   at AppliedSystems.Tam.Ui.Tests.Configs.get_LocalDocsPath() in C:\TamTestsGit\TestProject7\Configs.cs:line 70
   at AppliedSystems.Tam.Ui.Tests.UIMap.CleanDocuments() in C:\TamTestsGit\TestProject7\UIMap.cs:line 1959
   at AppliedSystems.Tam.Ui.Tests.BaseUiTest.StartTest() in C:\TamTestsGit\TestProject7\BaseUITest.cs:line 77
</StackTrace>
        </ErrorInfo>
      </Output>
    </UnitTestResult>
    <UnitTestResult executionId="53c6c776-9cf5-4ac9-abfb-9bf2c664ef24" testId="582fc786-fe70-74aa-52dd-24cf380932df" testName="MotoAmendRiskExistingScheme" computerName="ICLVDEVTM02" duration="00:00:00.0315902" startTime="2013-09-23T12:49:46.8532212+01:00" endTime="2013-09-23T12:49:46.8892258+01:00" testType="13cdc9d9-ddb5-4fa4-a97d-d965ccfc6d4b" outcome="Failed" testListId="8c84fa94-04c1-424b-9868-57a2d4851a1d" relativeResultsDirectory="53c6c776-9cf5-4ac9-abfb-9bf2c664ef24">
      <Output>
        <DebugTrace>W, 25400, 125, 2013/09/23, 12:49:46.883, 154752160669319, QTAgent32.exe, IEDOM : StopSession of the plugin called before StartSession
W, 25400, 125, 2013/09/23, 12:49:46.883, 154752160670754, QTAgent32.exe, UIA : StopSession of the plugin called before StartSession
</DebugTrace>
        <ErrorInfo>
          <Message>Initialization method AppliedSystems.Tam.Ui.Tests.MotoUiTests.StartTest threw exception. System.InvalidOperationException: System.InvalidOperationException: The key 'LocalDocsPath' does not exist in the appSettings configuration section..</Message>
          <StackTrace>    at System.Configuration.AppSettingsReader.GetValue(String key, Type type)
   at AppliedSystems.Tam.Ui.Tests.Configs.get_LocalDocsPath() in C:\TamTestsGit\TestProject7\Configs.cs:line 70
   at AppliedSystems.Tam.Ui.Tests.UIMap.CleanDocuments() in C:\TamTestsGit\TestProject7\UIMap.cs:line 1959
   at AppliedSystems.Tam.Ui.Tests.BaseUiTest.StartTest() in C:\TamTestsGit\TestProject7\BaseUITest.cs:line 77
</StackTrace>
        </ErrorInfo>
      </Output>
    </UnitTestResult>
    <UnitTestResult executionId="7614bd72-710a-42e5-8333-e99cab459c3b" testId="327dc295-46f8-d9eb-d13a-04ac8001804a" testName="MotoAmendRiskNewScheme" computerName="ICLVDEVTM02" duration="00:00:00.0316986" startTime="2013-09-23T12:49:46.8932263+01:00" endTime="2013-09-23T12:49:46.9347315+01:00" testType="13cdc9d9-ddb5-4fa4-a97d-d965ccfc6d4b" outcome="Failed" testListId="8c84fa94-04c1-424b-9868-57a2d4851a1d" relativeResultsDirectory="7614bd72-710a-42e5-8333-e99cab459c3b">
      <Output>
        <DebugTrace>W, 25400, 114, 2013/09/23, 12:49:46.932, 154752161375292, QTAgent32.exe, IEDOM : StopSession of the plugin called before StartSession
W, 25400, 114, 2013/09/23, 12:49:46.932, 154752161376922, QTAgent32.exe, UIA : StopSession of the plugin called before StartSession
</DebugTrace>
        <ErrorInfo>
          <Message>Initialization method AppliedSystems.Tam.Ui.Tests.MotoUiTests.StartTest threw exception. System.InvalidOperationException: System.InvalidOperationException: The key 'LocalDocsPath' does not exist in the appSettings configuration section..</Message>
          <StackTrace>    at System.Configuration.AppSettingsReader.GetValue(String key, Type type)
   at AppliedSystems.Tam.Ui.Tests.Configs.get_LocalDocsPath() in C:\TamTestsGit\TestProject7\Configs.cs:line 70
   at AppliedSystems.Tam.Ui.Tests.UIMap.CleanDocuments() in C:\TamTestsGit\TestProject7\UIMap.cs:line 1959
   at AppliedSystems.Tam.Ui.Tests.BaseUiTest.StartTest() in C:\TamTestsGit\TestProject7\BaseUITest.cs:line 77
</StackTrace>
        </ErrorInfo>
      </Output>
    </UnitTestResult>
    <UnitTestResult executionId="f810d509-e778-4ede-b398-722df746a8e9" testId="21ba00c6-09f4-caa5-ac59-791655e24b9d" testName="MotoAWAP" computerName="ICLVDEVTM02" duration="00:00:00.0328307" startTime="2013-09-23T12:49:46.9407323+01:00" endTime="2013-09-23T12:49:46.9752367+01:00" testType="13cdc9d9-ddb5-4fa4-a97d-d965ccfc6d4b" outcome="Failed" testListId="8c84fa94-04c1-424b-9868-57a2d4851a1d" relativeResultsDirectory="f810d509-e778-4ede-b398-722df746a8e9">
      <Output>
        <DebugTrace>W, 25400, 117, 2013/09/23, 12:49:46.972, 154752161945322, QTAgent32.exe, IEDOM : StopSession of the plugin called before StartSession
W, 25400, 117, 2013/09/23, 12:49:46.972, 154752161946917, QTAgent32.exe, UIA : StopSession of the plugin called before StartSession
</DebugTrace>
        <ErrorInfo>
          <Message>Initialization method AppliedSystems.Tam.Ui.Tests.MotoUiTests.StartTest threw exception. System.InvalidOperationException: System.InvalidOperationException: The key 'LocalDocsPath' does not exist in the appSettings configuration section..</Message>
          <StackTrace>    at System.Configuration.AppSettingsReader.GetValue(String key, Type type)
   at AppliedSystems.Tam.Ui.Tests.Configs.get_LocalDocsPath() in C:\TamTestsGit\TestProject7\Configs.cs:line 70
   at AppliedSystems.Tam.Ui.Tests.UIMap.CleanDocuments() in C:\TamTestsGit\TestProject7\UIMap.cs:line 1959
   at AppliedSystems.Tam.Ui.Tests.BaseUiTest.StartTest() in C:\TamTestsGit\TestProject7\BaseUITest.cs:line 77
</StackTrace>
        </ErrorInfo>
      </Output>
    </UnitTestResult>
    <UnitTestResult executionId="60416981-94cb-40ff-9906-7ffcbbd0bb02" testId="cc65a43a-9a33-7c83-9bd5-ff01c2ffa61d" testName="MotoCancelAccept" computerName="ICLVDEVTM02" duration="00:00:00.0333816" startTime="2013-09-23T12:49:46.9812374+01:00" endTime="2013-09-23T12:49:47.0227427+01:00" testType="13cdc9d9-ddb5-4fa4-a97d-d965ccfc6d4b" outcome="Failed" testListId="8c84fa94-04c1-424b-9868-57a2d4851a1d" relativeResultsDirectory="60416981-94cb-40ff-9906-7ffcbbd0bb02">
      <Output>
        <DebugTrace>W, 25400, 72, 2013/09/23, 12:49:47.010, 154752162483380, QTAgent32.exe, IEDOM : StopSession of the plugin called before StartSession
W, 25400, 72, 2013/09/23, 12:49:47.010, 154752162485196, QTAgent32.exe, UIA : StopSession of the plugin called before StartSession
</DebugTrace>
        <ErrorInfo>
          <Message>Initialization method AppliedSystems.Tam.Ui.Tests.MotoUiTests.StartTest threw exception. System.InvalidOperationException: System.InvalidOperationException: The key 'LocalDocsPath' does not exist in the appSettings configuration section..</Message>
          <StackTrace>    at System.Configuration.AppSettingsReader.GetValue(String key, Type type)
   at AppliedSystems.Tam.Ui.Tests.Configs.get_LocalDocsPath() in C:\TamTestsGit\TestProject7\Configs.cs:line 70
   at AppliedSystems.Tam.Ui.Tests.UIMap.CleanDocuments() in C:\TamTestsGit\TestProject7\UIMap.cs:line 1959
   at AppliedSystems.Tam.Ui.Tests.BaseUiTest.StartTest() in C:\TamTestsGit\TestProject7\BaseUITest.cs:line 77
</StackTrace>
        </ErrorInfo>
      </Output>
    </UnitTestResult>
    <UnitTestResult executionId="b8ba8594-5de2-492a-b5a2-724f97d53ca6" testId="e07608a6-4f59-4278-8d59-5e8ddd012acc" testName="MotoCancelExit" computerName="ICLVDEVTM02" duration="00:00:00.0361304" startTime="2013-09-23T12:49:47.0267432+01:00" endTime="2013-09-23T12:49:47.0667483+01:00" testType="13cdc9d9-ddb5-4fa4-a97d-d965ccfc6d4b" outcome="Failed" testListId="8c84fa94-04c1-424b-9868-57a2d4851a1d" relativeResultsDirectory="b8ba8594-5de2-492a-b5a2-724f97d53ca6">
      <Output>
        <DebugTrace>W, 25400, 136, 2013/09/23, 12:49:47.058, 154752163172190, QTAgent32.exe, IEDOM : StopSession of the plugin called before StartSession
W, 25400, 136, 2013/09/23, 12:49:47.058, 154752163173607, QTAgent32.exe, UIA : StopSession of the plugin called before StartSession
</DebugTrace>
        <ErrorInfo>
          <Message>Initialization method AppliedSystems.Tam.Ui.Tests.MotoUiTests.StartTest threw exception. System.InvalidOperationException: System.InvalidOperationException: The key 'LocalDocsPath' does not exist in the appSettings configuration section..</Message>
          <StackTrace>    at System.Configuration.AppSettingsReader.GetValue(String key, Type type)
   at AppliedSystems.Tam.Ui.Tests.Configs.get_LocalDocsPath() in C:\TamTestsGit\TestProject7\Configs.cs:line 70
   at AppliedSystems.Tam.Ui.Tests.UIMap.CleanDocuments() in C:\TamTestsGit\TestProject7\UIMap.cs:line 1959
   at AppliedSystems.Tam.Ui.Tests.BaseUiTest.StartTest() in C:\TamTestsGit\TestProject7\BaseUITest.cs:line 77
</StackTrace>
        </ErrorInfo>
      </Output>
    </UnitTestResult>
    <UnitTestResult executionId="713d1067-ff39-4a4a-8b50-93d06b9aa9be" testId="614fe764-f9f9-c1c7-0af0-55b68bb46c8e" testName="MotoCopyMTA" computerName="ICLVDEVTM02" duration="00:00:00.0299282" startTime="2013-09-23T12:49:47.0707488+01:00" endTime="2013-09-23T12:49:47.1027529+01:00" testType="13cdc9d9-ddb5-4fa4-a97d-d965ccfc6d4b" outcome="Failed" testListId="8c84fa94-04c1-424b-9868-57a2d4851a1d" relativeResultsDirectory="713d1067-ff39-4a4a-8b50-93d06b9aa9be">
      <Output>
        <DebugTrace>W, 25400, 99, 2013/09/23, 12:49:47.099, 154752163767575, QTAgent32.exe, IEDOM : StopSession of the plugin called before StartSession
W, 25400, 99, 2013/09/23, 12:49:47.100, 154752163769350, QTAgent32.exe, UIA : StopSession of the plugin called before StartSession
</DebugTrace>
        <ErrorInfo>
          <Message>Initialization method AppliedSystems.Tam.Ui.Tests.MotoUiTests.StartTest threw exception. System.InvalidOperationException: System.InvalidOperationException: The key 'LocalDocsPath' does not exist in the appSettings configuration section..</Message>
          <StackTrace>    at System.Configuration.AppSettingsReader.GetValue(String key, Type type)
   at AppliedSystems.Tam.Ui.Tests.Configs.get_LocalDocsPath() in C:\TamTestsGit\TestProject7\Configs.cs:line 70
   at AppliedSystems.Tam.Ui.Tests.UIMap.CleanDocuments() in C:\TamTestsGit\TestProject7\UIMap.cs:line 1959
   at AppliedSystems.Tam.Ui.Tests.BaseUiTest.StartTest() in C:\TamTestsGit\TestProject7\BaseUITest.cs:line 77
</StackTrace>
        </ErrorInfo>
      </Output>
    </UnitTestResult>
    <UnitTestResult executionId="3a98958e-98dd-4dc9-b846-5bac1adcd4e0" testId="75e0255d-1dc3-e4d9-5704-a08715d1f3a6" testName="MotoCopyRiskNew" computerName="ICLVDEVTM02" duration="00:00:00.0295399" startTime="2013-09-23T12:49:47.1097538+01:00" endTime="2013-09-23T12:49:47.1402576+01:00" testType="13cdc9d9-ddb5-4fa4-a97d-d965ccfc6d4b" outcome="Failed" testListId="8c84fa94-04c1-424b-9868-57a2d4851a1d" relativeResultsDirectory="3a98958e-98dd-4dc9-b846-5bac1adcd4e0">
      <Output>
        <DebugTrace>W, 25400, 6, 2013/09/23, 12:49:47.138, 154752164323201, QTAgent32.exe, IEDOM : StopSession of the plugin called before StartSession
W, 25400, 6, 2013/09/23, 12:49:47.138, 154752164324718, QTAgent32.exe, UIA : StopSession of the plugin called before StartSession
</DebugTrace>
        <ErrorInfo>
          <Message>Initialization method AppliedSystems.Tam.Ui.Tests.MotoUiTests.StartTest threw exception. System.InvalidOperationException: System.InvalidOperationException: The key 'LocalDocsPath' does not exist in the appSettings configuration section..</Message>
          <StackTrace>    at System.Configuration.AppSettingsReader.GetValue(String key, Type type)
   at AppliedSystems.Tam.Ui.Tests.Configs.get_LocalDocsPath() in C:\TamTestsGit\TestProject7\Configs.cs:line 70
   at AppliedSystems.Tam.Ui.Tests.UIMap.CleanDocuments() in C:\TamTestsGit\TestProject7\UIMap.cs:line 1959
   at AppliedSystems.Tam.Ui.Tests.BaseUiTest.StartTest() in C:\TamTestsGit\TestProject7\BaseUITest.cs:line 77
</StackTrace>
        </ErrorInfo>
      </Output>
    </UnitTestResult>
    <UnitTestResult executionId="fedc0fdd-0f62-42bf-94c5-9e95872e0450" testId="c4938c05-03da-60f7-0f88-e65778d3fa19" testName="MotoCopyRiskQte" computerName="ICLVDEVTM02" duration="00:00:00.0363800" startTime="2013-09-23T12:49:47.1472585+01:00" endTime="2013-09-23T12:49:47.1887638+01:00" testType="13cdc9d9-ddb5-4fa4-a97d-d965ccfc6d4b" outcome="Failed" testListId="8c84fa94-04c1-424b-9868-57a2d4851a1d" relativeResultsDirectory="fedc0fdd-0f62-42bf-94c5-9e95872e0450">
      <Output>
        <DebugTrace>W, 25400, 81, 2013/09/23, 12:49:47.179, 154752164902675, QTAgent32.exe, IEDOM : StopSession of the plugin called before StartSession
W, 25400, 81, 2013/09/23, 12:49:47.179, 154752164904148, QTAgent32.exe, UIA : StopSession of the plugin called before StartSession
</DebugTrace>
        <ErrorInfo>
          <Message>Initialization method AppliedSystems.Tam.Ui.Tests.MotoUiTests.StartTest threw exception. System.InvalidOperationException: System.InvalidOperationException: The key 'LocalDocsPath' does not exist in the appSettings configuration section..</Message>
          <StackTrace>    at System.Configuration.AppSettingsReader.GetValue(String key, Type type)
   at AppliedSystems.Tam.Ui.Tests.Configs.get_LocalDocsPath() in C:\TamTestsGit\TestProject7\Configs.cs:line 70
   at AppliedSystems.Tam.Ui.Tests.UIMap.CleanDocuments() in C:\TamTestsGit\TestProject7\UIMap.cs:line 1959
   at AppliedSystems.Tam.Ui.Tests.BaseUiTest.StartTest() in C:\TamTestsGit\TestProject7\BaseUITest.cs:line 77
</StackTrace>
        </ErrorInfo>
      </Output>
    </UnitTestResult>
    <UnitTestResult executionId="7d268670-dbb3-4197-9ccc-3a10a9fbd05c" testId="96a60826-dea1-f77f-fc60-00cd6747296c" testName="MotoCreateQuote" computerName="ICLVDEVTM02" duration="00:00:00.0295281" startTime="2013-09-23T12:49:47.1927643+01:00" endTime="2013-09-23T12:49:47.2247684+01:00" testType="13cdc9d9-ddb5-4fa4-a97d-d965ccfc6d4b" outcome="Failed" testListId="8c84fa94-04c1-424b-9868-57a2d4851a1d" relativeResultsDirectory="7d268670-dbb3-4197-9ccc-3a10a9fbd05c">
      <Output>
        <DebugTrace>W, 25400, 88, 2013/09/23, 12:49:47.221, 154752165513751, QTAgent32.exe, IEDOM : StopSession of the plugin called before StartSession
W, 25400, 88, 2013/09/23, 12:49:47.221, 154752165515421, QTAgent32.exe, UIA : StopSession of the plugin called before StartSession
</DebugTrace>
        <ErrorInfo>
          <Message>Initialization method AppliedSystems.Tam.Ui.Tests.MotoUiTests.StartTest threw exception. System.InvalidOperationException: System.InvalidOperationException: The key 'LocalDocsPath' does not exist in the appSettings configuration section..</Message>
          <StackTrace>    at System.Configuration.AppSettingsReader.GetValue(String key, Type type)
   at AppliedSystems.Tam.Ui.Tests.Configs.get_LocalDocsPath() in C:\TamTestsGit\TestProject7\Configs.cs:line 70
   at AppliedSystems.Tam.Ui.Tests.UIMap.CleanDocuments() in C:\TamTestsGit\TestProject7\UIMap.cs:line 1959
   at AppliedSystems.Tam.Ui.Tests.BaseUiTest.StartTest() in C:\TamTestsGit\TestProject7\BaseUITest.cs:line 77
</StackTrace>
        </ErrorInfo>
      </Output>
    </UnitTestResult>
    <UnitTestResult executionId="44d3d2e9-c2dc-4e19-b079-658e47fb3e0e" testId="6e105339-dc20-c02c-288a-6cce06bb4251" testName="MotoMTAAccept" computerName="ICLVDEVTM02" duration="00:00:00.0303180" startTime="2013-09-23T12:49:47.2302691+01:00" endTime="2013-09-23T12:49:47.2617731+01:00" testType="13cdc9d9-ddb5-4fa4-a97d-d965ccfc6d4b" outcome="Failed" testListId="8c84fa94-04c1-424b-9868-57a2d4851a1d" relativeResultsDirectory="44d3d2e9-c2dc-4e19-b079-658e47fb3e0e">
      <Output>
        <DebugTrace>W, 25400, 145, 2013/09/23, 12:49:47.259, 154752166057567, QTAgent32.exe, IEDOM : StopSession of the plugin called before StartSession
W, 25400, 145, 2013/09/23, 12:49:47.259, 154752166059114, QTAgent32.exe, UIA : StopSession of the plugin called before StartSession
</DebugTrace>
        <ErrorInfo>
          <Message>Initialization method AppliedSystems.Tam.Ui.Tests.MotoUiTests.StartTest threw exception. System.InvalidOperationException: System.InvalidOperationException: The key 'LocalDocsPath' does not exist in the appSettings configuration section..</Message>
          <StackTrace>    at System.Configuration.AppSettingsReader.GetValue(String key, Type type)
   at AppliedSystems.Tam.Ui.Tests.Configs.get_LocalDocsPath() in C:\TamTestsGit\TestProject7\Configs.cs:line 70
   at AppliedSystems.Tam.Ui.Tests.UIMap.CleanDocuments() in C:\TamTestsGit\TestProject7\UIMap.cs:line 1959
   at AppliedSystems.Tam.Ui.Tests.BaseUiTest.StartTest() in C:\TamTestsGit\TestProject7\BaseUITest.cs:line 77
</StackTrace>
        </ErrorInfo>
      </Output>
    </UnitTestResult>
    <UnitTestResult executionId="69a1fa58-b594-4106-800e-5671a54b9ce6" testId="640fd6db-860c-c140-a3d8-d0f055d2eed9" testName="MotoMTAExit" computerName="ICLVDEVTM02" duration="00:00:00.0371488" startTime="2013-09-23T12:49:47.2687740+01:00" endTime="2013-09-23T12:49:47.3107793+01:00" testType="13cdc9d9-ddb5-4fa4-a97d-d965ccfc6d4b" outcome="Failed" testListId="8c84fa94-04c1-424b-9868-57a2d4851a1d" relativeResultsDirectory="69a1fa58-b594-4106-800e-5671a54b9ce6">
      <Output>
        <DebugTrace>W, 25400, 133, 2013/09/23, 12:49:47.301, 154752166650821, QTAgent32.exe, IEDOM : StopSession of the plugin called before StartSession
W, 25400, 133, 2013/09/23, 12:49:47.301, 154752166652299, QTAgent32.exe, UIA : StopSession of the plugin called before StartSession
</DebugTrace>
        <ErrorInfo>
          <Message>Initialization method AppliedSystems.Tam.Ui.Tests.MotoUiTests.StartTest threw exception. System.InvalidOperationException: System.InvalidOperationException: The key 'LocalDocsPath' does not exist in the appSettings configuration section..</Message>
          <StackTrace>    at System.Configuration.AppSettingsReader.GetValue(String key, Type type)
   at AppliedSystems.Tam.Ui.Tests.Configs.get_LocalDocsPath() in C:\TamTestsGit\TestProject7\Configs.cs:line 70
   at AppliedSystems.Tam.Ui.Tests.UIMap.CleanDocuments() in C:\TamTestsGit\TestProject7\UIMap.cs:line 1959
   at AppliedSystems.Tam.Ui.Tests.BaseUiTest.StartTest() in C:\TamTestsGit\TestProject7\BaseUITest.cs:line 77
</StackTrace>
        </ErrorInfo>
      </Output>
    </UnitTestResult>
    <UnitTestResult executionId="c9301fd0-fd84-4bee-b06a-b08c5594112d" testId="b84b18ae-6912-43dc-1ce8-659e613146c1" testName="MotoMTAtoMTA" computerName="ICLVDEVTM02" duration="00:00:00.0309608" startTime="2013-09-23T12:49:47.3147798+01:00" endTime="2013-09-23T12:49:47.3482841+01:00" testType="13cdc9d9-ddb5-4fa4-a97d-d965ccfc6d4b" outcome="Failed" testListId="8c84fa94-04c1-424b-9868-57a2d4851a1d" relativeResultsDirectory="c9301fd0-fd84-4bee-b06a-b08c5594112d">
      <Output>
        <DebugTrace>W, 25400, 122, 2013/09/23, 12:49:47.343, 154752167259796, QTAgent32.exe, IEDOM : StopSession of the plugin called before StartSession
W, 25400, 122, 2013/09/23, 12:49:47.343, 154752167261277, QTAgent32.exe, UIA : StopSession of the plugin called before StartSession
</DebugTrace>
        <ErrorInfo>
          <Message>Initialization method AppliedSystems.Tam.Ui.Tests.MotoUiTests.StartTest threw exception. System.InvalidOperationException: System.InvalidOperationException: The key 'LocalDocsPath' does not exist in the appSettings configuration section..</Message>
          <StackTrace>    at System.Configuration.AppSettingsReader.GetValue(String key, Type type)
   at AppliedSystems.Tam.Ui.Tests.Configs.get_LocalDocsPath() in C:\TamTestsGit\TestProject7\Configs.cs:line 70
   at AppliedSystems.Tam.Ui.Tests.UIMap.CleanDocuments() in C:\TamTestsGit\TestProject7\UIMap.cs:line 1959
   at AppliedSystems.Tam.Ui.Tests.BaseUiTest.StartTest() in C:\TamTestsGit\TestProject7\BaseUITest.cs:line 77
</StackTrace>
        </ErrorInfo>
      </Output>
    </UnitTestResult>
    <UnitTestResult executionId="6631caf2-1cea-418e-b3dc-140bd8418c13" testId="e7ea3675-20d2-cf0b-af85-2890e55fc37d" testName="MotoOverridePremium" computerName="ICLVDEVTM02" duration="00:00:00.0618594" startTime="2013-09-23T12:49:47.3522846+01:00" endTime="2013-09-23T12:49:47.4192931+01:00" testType="13cdc9d9-ddb5-4fa4-a97d-d965ccfc6d4b" outcome="Failed" testListId="8c84fa94-04c1-424b-9868-57a2d4851a1d" relativeResultsDirectory="6631caf2-1cea-418e-b3dc-140bd8418c13">
      <Output>
        <DebugTrace>W, 25400, 128, 2013/09/23, 12:49:47.417, 154752168314492, QTAgent32.exe, IEDOM : StopSession of the plugin called before StartSession
W, 25400, 128, 2013/09/23, 12:49:47.417, 154752168316324, QTAgent32.exe, UIA : StopSession of the plugin called before StartSession
</DebugTrace>
        <ErrorInfo>
          <Message>Initialization method AppliedSystems.Tam.Ui.Tests.MotoUiTests.StartTest threw exception. System.InvalidOperationException: System.InvalidOperationException: The key 'LocalDocsPath' does not exist in the appSettings configuration section..</Message>
          <StackTrace>    at System.Configuration.AppSettingsReader.GetValue(String key, Type type)
   at AppliedSystems.Tam.Ui.Tests.Configs.get_LocalDocsPath() in C:\TamTestsGit\TestProject7\Configs.cs:line 70
   at AppliedSystems.Tam.Ui.Tests.UIMap.CleanDocuments() in C:\TamTestsGit\TestProject7\UIMap.cs:line 1959
   at AppliedSystems.Tam.Ui.Tests.BaseUiTest.StartTest() in C:\TamTestsGit\TestProject7\BaseUITest.cs:line 77
</StackTrace>
        </ErrorInfo>
      </Output>
    </UnitTestResult>
    <UnitTestResult executionId="60e7c82b-8e83-485b-8559-d74782b6f765" testId="371ed565-7848-460e-53f8-0d5da86a6d95" testName="MotoRebrokeRenewCurrent" computerName="ICLVDEVTM02" duration="00:00:00.0299110" startTime="2013-09-23T12:49:47.4282942+01:00" endTime="2013-09-23T12:49:47.4637987+01:00" testType="13cdc9d9-ddb5-4fa4-a97d-d965ccfc6d4b" outcome="Failed" testListId="8c84fa94-04c1-424b-9868-57a2d4851a1d" relativeResultsDirectory="60e7c82b-8e83-485b-8559-d74782b6f765">
      <Output>
        <DebugTrace>W, 25400, 127, 2013/09/23, 12:49:47.457, 154752168884137, QTAgent32.exe, IEDOM : StopSession of the plugin called before StartSession
W, 25400, 127, 2013/09/23, 12:49:47.457, 154752168885736, QTAgent32.exe, UIA : StopSession of the plugin called before StartSession
</DebugTrace>
        <ErrorInfo>
          <Message>Initialization method AppliedSystems.Tam.Ui.Tests.MotoUiTests.StartTest threw exception. System.InvalidOperationException: System.InvalidOperationException: The key 'LocalDocsPath' does not exist in the appSettings configuration section..</Message>
          <StackTrace>    at System.Configuration.AppSettingsReader.GetValue(String key, Type type)
   at AppliedSystems.Tam.Ui.Tests.Configs.get_LocalDocsPath() in C:\TamTestsGit\TestProject7\Configs.cs:line 70
   at AppliedSystems.Tam.Ui.Tests.UIMap.CleanDocuments() in C:\TamTestsGit\TestProject7\UIMap.cs:line 1959
   at AppliedSystems.Tam.Ui.Tests.BaseUiTest.StartTest() in C:\TamTestsGit\TestProject7\BaseUITest.cs:line 77
</StackTrace>
        </ErrorInfo>
      </Output>
    </UnitTestResult>
    <UnitTestResult executionId="932d7ace-7362-4b51-9089-41cc03d930dc" testId="a6b0d3b5-976c-4b22-35f2-21b23c03c32a" testName="MotoRebrokeRenewExistingScheme" computerName="ICLVDEVTM02" duration="00:00:00.0625679" startTime="2013-09-23T12:49:47.4657990+01:00" endTime="2013-09-23T12:49:47.5328075+01:00" testType="13cdc9d9-ddb5-4fa4-a97d-d965ccfc6d4b" outcome="Failed" testListId="8c84fa94-04c1-424b-9868-57a2d4851a1d" relativeResultsDirectory="932d7ace-7362-4b51-9089-41cc03d930dc">
      <Output>
        <DebugTrace>W, 25400, 142, 2013/09/23, 12:49:47.494, 154752169423693, QTAgent32.exe, IEDOM : StopSession of the plugin called before StartSession
W, 25400, 142, 2013/09/23, 12:49:47.495, 154752169425492, QTAgent32.exe, UIA : StopSession of the plugin called before StartSession
</DebugTrace>
        <ErrorInfo>
          <Message>Initialization method AppliedSystems.Tam.Ui.Tests.MotoUiTests.StartTest threw exception. System.InvalidOperationException: System.InvalidOperationException: The key 'LocalDocsPath' does not exist in the appSettings configuration section..</Message>
          <StackTrace>    at System.Configuration.AppSettingsReader.GetValue(String key, Type type)
   at AppliedSystems.Tam.Ui.Tests.Configs.get_LocalDocsPath() in C:\TamTestsGit\TestProject7\Configs.cs:line 70
   at AppliedSystems.Tam.Ui.Tests.UIMap.CleanDocuments() in C:\TamTestsGit\TestProject7\UIMap.cs:line 1959
   at AppliedSystems.Tam.Ui.Tests.BaseUiTest.StartTest() in C:\TamTestsGit\TestProject7\BaseUITest.cs:line 77
</StackTrace>
        </ErrorInfo>
      </Output>
    </UnitTestResult>
    <UnitTestResult executionId="b040748a-5436-4237-ba53-2cb114cd2351" testId="9410f0c0-fb50-f25a-6718-26afc2f3339f" testName="MotoRebrokeRenewNewScheme" computerName="ICLVDEVTM02" duration="00:00:00.0327496" startTime="2013-09-23T12:49:47.5368080+01:00" endTime="2013-09-23T12:49:47.5718124+01:00" testType="13cdc9d9-ddb5-4fa4-a97d-d965ccfc6d4b" outcome="Failed" testListId="8c84fa94-04c1-424b-9868-57a2d4851a1d" relativeResultsDirectory="b040748a-5436-4237-ba53-2cb114cd2351">
      <Output>
        <DebugTrace>W, 25400, 89, 2013/09/23, 12:49:47.568, 154752170482471, QTAgent32.exe, IEDOM : StopSession of the plugin called before StartSession
W, 25400, 89, 2013/09/23, 12:49:47.568, 154752170483966, QTAgent32.exe, UIA : StopSession of the plugin called before StartSession
</DebugTrace>
        <ErrorInfo>
          <Message>Initialization method AppliedSystems.Tam.Ui.Tests.MotoUiTests.StartTest threw exception. System.InvalidOperationException: System.InvalidOperationException: The key 'LocalDocsPath' does not exist in the appSettings configuration section..</Message>
          <StackTrace>    at System.Configuration.AppSettingsReader.GetValue(String key, Type type)
   at AppliedSystems.Tam.Ui.Tests.Configs.get_LocalDocsPath() in C:\TamTestsGit\TestProject7\Configs.cs:line 70
   at AppliedSystems.Tam.Ui.Tests.UIMap.CleanDocuments() in C:\TamTestsGit\TestProject7\UIMap.cs:line 1959
   at AppliedSystems.Tam.Ui.Tests.BaseUiTest.StartTest() in C:\TamTestsGit\TestProject7\BaseUITest.cs:line 77
</StackTrace>
        </ErrorInfo>
      </Output>
    </UnitTestResult>
    <UnitTestResult executionId="9fa8c469-fcff-4b63-8189-91681d82a4aa" testId="576c4cce-f2fa-69e8-ebd1-c09bc0e1c559" testName="MotoRenewalAfter" computerName="ICLVDEVTM02" duration="00:00:00.0304450" startTime="2013-09-23T12:49:47.5773131+01:00" endTime="2013-09-23T12:49:47.6088171+01:00" testType="13cdc9d9-ddb5-4fa4-a97d-d965ccfc6d4b" outcome="Failed" testListId="8c84fa94-04c1-424b-9868-57a2d4851a1d" relativeResultsDirectory="9fa8c469-fcff-4b63-8189-91681d82a4aa">
      <Output>
        <DebugTrace>W, 25400, 76, 2013/09/23, 12:49:47.607, 154752171029919, QTAgent32.exe, IEDOM : StopSession of the plugin called before StartSession
W, 25400, 76, 2013/09/23, 12:49:47.607, 154752171032102, QTAgent32.exe, UIA : StopSession of the plugin called before StartSession
</DebugTrace>
        <ErrorInfo>
          <Message>Initialization method AppliedSystems.Tam.Ui.Tests.MotoUiTests.StartTest threw exception. System.InvalidOperationException: System.InvalidOperationException: The key 'LocalDocsPath' does not exist in the appSettings configuration section..</Message>
          <StackTrace>    at System.Configuration.AppSettingsReader.GetValue(String key, Type type)
   at AppliedSystems.Tam.Ui.Tests.Configs.get_LocalDocsPath() in C:\TamTestsGit\TestProject7\Configs.cs:line 70
   at AppliedSystems.Tam.Ui.Tests.UIMap.CleanDocuments() in C:\TamTestsGit\TestProject7\UIMap.cs:line 1959
   at AppliedSystems.Tam.Ui.Tests.BaseUiTest.StartTest() in C:\TamTestsGit\TestProject7\BaseUITest.cs:line 77
</StackTrace>
        </ErrorInfo>
      </Output>
    </UnitTestResult>
    <UnitTestResult executionId="0a7d3fde-78e2-40c0-9700-47e22ef8ccd2" testId="31988f60-6dd2-d7f1-3544-10a47a577690" testName="MotoRenewalBefore" computerName="ICLVDEVTM02" duration="00:00:00.0297544" startTime="2013-09-23T12:49:47.6158180+01:00" endTime="2013-09-23T12:49:47.6478221+01:00" testType="13cdc9d9-ddb5-4fa4-a97d-d965ccfc6d4b" outcome="Failed" testListId="8c84fa94-04c1-424b-9868-57a2d4851a1d" relativeResultsDirectory="0a7d3fde-78e2-40c0-9700-47e22ef8ccd2">
      <Output>
        <DebugTrace>W, 25400, 63, 2013/09/23, 12:49:47.644, 154752171570962, QTAgent32.exe, IEDOM : StopSession of the plugin called before StartSession
W, 25400, 63, 2013/09/23, 12:49:47.644, 154752171572676, QTAgent32.exe, UIA : StopSession of the plugin called before StartSession
</DebugTrace>
        <ErrorInfo>
          <Message>Initialization method AppliedSystems.Tam.Ui.Tests.MotoUiTests.StartTest threw exception. System.InvalidOperationException: System.InvalidOperationException: The key 'LocalDocsPath' does not exist in the appSettings configuration section..</Message>
          <StackTrace>    at System.Configuration.AppSettingsReader.GetValue(String key, Type type)
   at AppliedSystems.Tam.Ui.Tests.Configs.get_LocalDocsPath() in C:\TamTestsGit\TestProject7\Configs.cs:line 70
   at AppliedSystems.Tam.Ui.Tests.UIMap.CleanDocuments() in C:\TamTestsGit\TestProject7\UIMap.cs:line 1959
   at AppliedSystems.Tam.Ui.Tests.BaseUiTest.StartTest() in C:\TamTestsGit\TestProject7\BaseUITest.cs:line 77
</StackTrace>
        </ErrorInfo>
      </Output>
    </UnitTestResult>
    <UnitTestResult executionId="53380ea0-3ea7-463d-a20f-14aa93feffcc" testId="3aa144ec-52be-8aa1-dd30-729da149368a" testName="MotoSaveQuoteWithoutPremium" computerName="ICLVDEVTM02" duration="00:00:00.0330132" startTime="2013-09-23T12:49:47.6543229+01:00" endTime="2013-09-23T12:49:47.6883272+01:00" testType="13cdc9d9-ddb5-4fa4-a97d-d965ccfc6d4b" outcome="Failed" testListId="8c84fa94-04c1-424b-9868-57a2d4851a1d" relativeResultsDirectory="53380ea0-3ea7-463d-a20f-14aa93feffcc">
      <Output>
        <DebugTrace>W, 25400, 98, 2013/09/23, 12:49:47.686, 154752172169773, QTAgent32.exe, IEDOM : StopSession of the plugin called before StartSession
W, 25400, 98, 2013/09/23, 12:49:47.686, 154752172171233, QTAgent32.exe, UIA : StopSession of the plugin called before StartSession
</DebugTrace>
        <ErrorInfo>
          <Message>Initialization method AppliedSystems.Tam.Ui.Tests.MotoUiTests.StartTest threw exception. System.InvalidOperationException: System.InvalidOperationException: The key 'LocalDocsPath' does not exist in the appSettings configuration section..</Message>
          <StackTrace>    at System.Configuration.AppSettingsReader.GetValue(String key, Type type)
   at AppliedSystems.Tam.Ui.Tests.Configs.get_LocalDocsPath() in C:\TamTestsGit\TestProject7\Configs.cs:line 70
   at AppliedSystems.Tam.Ui.Tests.UIMap.CleanDocuments() in C:\TamTestsGit\TestProject7\UIMap.cs:line 1959
   at AppliedSystems.Tam.Ui.Tests.BaseUiTest.StartTest() in C:\TamTestsGit\TestProject7\BaseUITest.cs:line 77
</StackTrace>
        </ErrorInfo>
      </Output>
    </UnitTestResult>
    <UnitTestResult executionId="3a94964c-2f77-4afa-aea9-1ce75e87dddb" testId="cf1f05dd-a70c-81bc-1012-592720aa6031" testName="TestMethod1" computerName="ICLVDEVTM02" duration="00:00:06.2252406" startTime="2013-09-23T12:49:47.6953281+01:00" endTime="2013-09-23T12:49:53.9216188+01:00" testType="13cdc9d9-ddb5-4fa4-a97d-d965ccfc6d4b" outcome="Failed" testListId="8c84fa94-04c1-424b-9868-57a2d4851a1d" relativeResultsDirectory="3a94964c-2f77-4afa-aea9-1ce75e87dddb">
      <Output>
        <DebugTrace>W, 25400, 136, 2013/09/23, 12:49:48.048, 154752177354841, QTAgent32.exe, Playback - [WARNING] Internal warning: Window Not Found: [VisibleOnly]ControlType='Window' &amp;&amp; Name='Policy Attachments' &amp;&amp; ClassName='ThunderRT6FormDC'
\0
E, 25400, 136, 2013/09/23, 12:49:48.048, 154752177358105, QTAgent32.exe, &lt;a class=failure&gt;Playback - {1} [FAILED] Function ElementFetcher::FindScreenElement failed to locate UI element (Searching: ;[VisibleOnly]ControlType='Window' &amp;&amp; Name='Policy Attachments' &amp;&amp; ClassName='ThunderRT6FormDC') (The object specified was not found.)
\0&lt;/a&gt;
E, 25400, 136, 2013/09/23, 12:49:48.117, 154752178339066, QTAgent32.exe, Playback - [IMAGE] C:\Users\testuser\AppData\Local\Temp\UITestLogs\LastRun\RPF5878.png
\0
W, 25400, 136, 2013/09/23, 12:49:48.117, 154752178341452, QTAgent32.exe, Playback - [WARNING] Internal warning: Couldn't find descendants that match QueryId
\0
W, 25400, 136, 2013/09/23, 12:49:50.405, 154752211089409, QTAgent32.exe, Playback - [WARNING] Internal warning: Window Not Found: [VisibleOnly]ControlType='Window' &amp;&amp; Name='Policy Attachments' &amp;&amp; ClassName='ThunderRT6FormDC'
\0
E, 25400, 136, 2013/09/23, 12:49:50.405, 154752211092925, QTAgent32.exe, &lt;a class=failure&gt;Playback - {2} [FAILED] Function ElementFetcher::FindScreenElement failed to locate UI element (Searching: ;[VisibleOnly]ControlType='Window' &amp;&amp; Name='Policy Attachments' &amp;&amp; ClassName='ThunderRT6FormDC') (The object specified was not found.)
\0&lt;/a&gt;
E, 25400, 136, 2013/09/23, 12:49:50.462, 154752211918471, QTAgent32.exe, Playback - [IMAGE] C:\Users\testuser\AppData\Local\Temp\UITestLogs\LastRun\RPF61AD.png
\0
W, 25400, 136, 2013/09/23, 12:49:50.463, 154752211920852, QTAgent32.exe, Playback - [WARNING] Internal warning: Couldn't find descendants that match QueryId
\0
W, 25400, 136, 2013/09/23, 12:49:50.463, 154752211924021, QTAgent32.exe, PERF WARNING: FindTopLevelWindowHelper::FindAllDescendents: took 2344 ms. Expected it to take maximum 500 ms.
W, 25400, 136, 2013/09/23, 12:49:50.910, 154752218332003, QTAgent32.exe, Playback - [WARNING] Internal warning: Smart Match failed
\0
W, 25400, 136, 2013/09/23, 12:49:51.169, 154752222034507, QTAgent32.exe, Playback - [WARNING] Internal warning: Smart Match failed
\0
W, 25400, 136, 2013/09/23, 12:49:51.401, 154752225365886, QTAgent32.exe, Playback - [WARNING] Internal warning: Smart Match failed
\0
W, 25400, 136, 2013/09/23, 12:49:51.641, 154752228792480, QTAgent32.exe, Playback - [WARNING] Internal warning: Smart Match failed
\0
W, 25400, 136, 2013/09/23, 12:49:51.938, 154752233049185, QTAgent32.exe, Playback - [WARNING] Internal warning: Smart Match failed
\0
W, 25400, 136, 2013/09/23, 12:49:52.197, 154752236752927, QTAgent32.exe, Playback - [WARNING] Internal warning: Smart Match failed
\0
W, 25400, 136, 2013/09/23, 12:49:52.432, 154752240118909, QTAgent32.exe, Playback - [WARNING] Internal warning: Smart Match failed
\0
W, 25400, 136, 2013/09/23, 12:49:52.664, 154752243444212, QTAgent32.exe, Playback - [WARNING] Internal warning: Smart Match failed
\0
W, 25400, 136, 2013/09/23, 12:49:52.913, 154752247008046, QTAgent32.exe, Playback - [WARNING] Internal warning: Smart Match failed
\0
W, 25400, 136, 2013/09/23, 12:49:53.165, 154752250616494, QTAgent32.exe, Playback - [WARNING] Internal warning: Smart Match failed
\0
W, 25400, 136, 2013/09/23, 12:49:53.409, 154752254107888, QTAgent32.exe, Playback - [WARNING] Internal warning: Smart Match failed
\0
W, 25400, 136, 2013/09/23, 12:49:53.530, 154752255832122, QTAgent32.exe, Playback - [WARNING] Internal warning: Window Not Found: [VisibleOnly]ControlType='Window' &amp;&amp; Name='Policy Attachments' &amp;&amp; ClassName='ThunderRT6FormDC'
\0
E, 25400, 136, 2013/09/23, 12:49:53.530, 154752255835075, QTAgent32.exe, &lt;a class=failure&gt;Playback - {3} [FAILED] Function ElementFetcher::FindScreenElement failed to locate UI element (Searching: ;[VisibleOnly]ControlType='Window' &amp;&amp; Name='Policy Attachments' &amp;&amp; ClassName='ThunderRT6FormDC') (The object specified was not found.)
\0&lt;/a&gt;
E, 25400, 136, 2013/09/23, 12:49:53.583, 154752256597501, QTAgent32.exe, Playback - [IMAGE] C:\Users\testuser\AppData\Local\Temp\UITestLogs\LastRun\RPF6DDE.png
\0
W, 25400, 136, 2013/09/23, 12:49:53.583, 154752256600064, QTAgent32.exe, Playback - [WARNING] Internal warning: Couldn't find descendants that match QueryId
\0
W, 25400, 136, 2013/09/23, 12:49:53.583, 154752256603019, QTAgent32.exe, PERF WARNING: FindTopLevelWindowHelper::FindAllDescendents: took 3120 ms. Expected it to take maximum 500 ms.
E, 25400, 136, 2013/09/23, 12:49:53.602, 154752256865365, QTAgent32.exe, Exception: System.Runtime.InteropServices.COMException
	Message: Error HRESULT E_FAIL has been returned from a call to a COM component.
	Stack Trace:    at Microsoft.VisualStudio.TestTools.UITest.Playback.Engine.IRPFPlayback.FindAllScreenElements(IScreenElement pScreenElementStart, String bstrQueryId, Object&amp; pvarResKeys, Int32 cResKeys, Int32 nMaxDepth, Object[]&amp; foundDescendants)
   at Microsoft.VisualStudio.TestTools.UITest.Playback.ScreenElement.FindTopLevelWindowHelper(String queryId)
	BaseExceptionMessage: Error HRESULT E_FAIL has been returned from a call to a COM component.

E, 25400, 136, 2013/09/23, 12:49:53.878, 154752260822565, QTAgent32.exe, AL: Playback Error: Microsoft.VisualStudio.TestTools.UITest.Extension.UITestControlNotFoundException: The playback failed to find the control with the given search properties. Additional Details: 
TechnologyName:  'MSAA'
ControlType:  'Window'
Name:  'Policy Attachments'
ClassName:  'ThunderRT6FormDC'
 ---&gt; System.Runtime.InteropServices.COMException: Error HRESULT E_FAIL has been returned from a call to a COM component.
   at Microsoft.VisualStudio.TestTools.UITest.Playback.Engine.IRPFPlayback.FindAllScreenElements(IScreenElement pScreenElementStart, String bstrQueryId, Object&amp; pvarResKeys, Int32 cResKeys, Int32 nMaxDepth, Object[]&amp; foundDescendants)
   at Microsoft.VisualStudio.TestTools.UITest.Playback.ScreenElement.FindTopLevelWindowHelper(String queryId)
   at Microsoft.VisualStudio.TestTools.UITest.Playback.ScreenElement.FindFromPartialQueryId(String queryId)
   at Microsoft.VisualStudio.TestTools.UITesting.UITestControl..ctor(String queryId)
   --- End of inner exception stack trace ---
   at Microsoft.VisualStudio.TestTools.UITesting.Playback.MapControlNotFoundException(COMException ex, IPlaybackContext context)
   at Microsoft.VisualStudio.TestTools.UITesting.Playback.MapAndThrowComException(COMException innerException, IPlaybackContext context)
   at Microsoft.VisualStudio.TestTools.UITesting.Playback.MapAndThrowException(SystemException exception, IPlaybackContext context)
   at Microsoft.VisualStudio.TestTools.UITesting.Playback.MapAndThrowException(SystemException exception, String queryId)
   at Microsoft.VisualStudio.TestTools.UITesting.UITestControl..ctor(String queryId)
   at Microsoft.VisualStudio.TestTools.UITesting.SearchHelper.SearchTopLevelWindow(ISearchArgument topLevelSearchArg, String topLevelElementQueryId)
   at Microsoft.VisualStudio.TestTools.UITesting.SearchHelper.GetTitleUpdatedTopLevelWindow(ISearchArgument topLevelSearchArg, String queryId, IList`1 windowTitles)
   at Microsoft.VisualStudio.TestTools.UITesting.SearchHelper.GetTopLevelElement(Boolean useCache, Boolean useCacheOnly, ISearchArgument searchArg, IList`1 windowTitles, Int32&amp; timeLeft)
   at Microsoft.VisualStudio.TestTools.UITesting.SearchHelper.GetElement(Boolean useCache, ISearchArgument searchArg)
   at Microsoft.VisualStudio.TestTools.UITesting.SearchHelper.Search(ISearchArgument searchArg)
   at Microsoft.VisualStudio.TestTools.UITesting.UITestControl.FindInternal()
   at Microsoft.VisualStudio.TestTools.UITesting.UITestControl.FindControlIfNecessary()
   at Microsoft.VisualStudio.TestTools.UITesting.UITestControl.Click(MouseButtons button, ModifierKeys modifierKeys, Point relativeCoordinates)
   at Microsoft.VisualStudio.TestTools.UITesting.Mouse.ClickImplementation(UITestControl control, MouseButtons button, ModifierKeys modifierKeys, Point relativeCoordinate)
   at Microsoft.VisualStudio.TestTools.UITesting.Mouse.ClickImplementationWrapper(UITestControl control, MouseButtons button, ModifierKeys modifierKeys, Point relativeCoordinate)
W, 25400, 136, 2013/09/23, 12:49:53.921, 154752261431183, QTAgent32.exe, IEDOM : StopSession of the plugin called before StartSession
W, 25400, 136, 2013/09/23, 12:49:53.921, 154752261433029, QTAgent32.exe, UIA : StopSession of the plugin called before StartSession
</DebugTrace>
        <ErrorInfo>
          <Message>Test method AppliedSystems.Tam.Ui.Tests.UnitTest1.TestMethod1 threw exception: 
Microsoft.VisualStudio.TestTools.UITest.Extension.UITestControlNotFoundException: The playback failed to find the control with the given search properties. Additional Details: 
TechnologyName:  'MSAA'
ControlType:  'Window'
Name:  'Policy Attachments'
ClassName:  'ThunderRT6FormDC'
 ---&gt; System.Runtime.InteropServices.COMException: Error HRESULT E_FAIL has been returned from a call to a COM component.</Message>
          <StackTrace>    at Microsoft.VisualStudio.TestTools.UITest.Playback.Engine.IRPFPlayback.FindAllScreenElements(IScreenElement pScreenElementStart, String bstrQueryId, Object&amp; pvarResKeys, Int32 cResKeys, Int32 nMaxDepth, Object[]&amp; foundDescendants)
   at Microsoft.VisualStudio.TestTools.UITest.Playback.ScreenElement.FindTopLevelWindowHelper(String queryId)
   at Microsoft.VisualStudio.TestTools.UITest.Playback.ScreenElement.FindFromPartialQueryId(String queryId)
   at Microsoft.VisualStudio.TestTools.UITesting.UITestControl..ctor(String queryId)
 --- End of inner exception stack trace ---
    at Microsoft.VisualStudio.TestTools.UITesting.Playback.MapControlNotFoundException(COMException ex, IPlaybackContext context)
   at Microsoft.VisualStudio.TestTools.UITesting.Playback.MapAndThrowComException(COMException innerException, IPlaybackContext context)
   at Microsoft.VisualStudio.TestTools.UITesting.Playback.MapAndThrowException(SystemException exception, IPlaybackContext context)
   at Microsoft.VisualStudio.TestTools.UITesting.Playback.MapAndThrowException(SystemException exception, String queryId)
   at Microsoft.VisualStudio.TestTools.UITesting.UITestControl..ctor(String queryId)
   at Microsoft.VisualStudio.TestTools.UITesting.SearchHelper.SearchTopLevelWindow(ISearchArgument topLevelSearchArg, String topLevelElementQueryId)
   at Microsoft.VisualStudio.TestTools.UITesting.SearchHelper.GetTitleUpdatedTopLevelWindow(ISearchArgument topLevelSearchArg, String queryId, IList`1 windowTitles)
   at Microsoft.VisualStudio.TestTools.UITesting.SearchHelper.GetTopLevelElement(Boolean useCache, Boolean useCacheOnly, ISearchArgument searchArg, IList`1 windowTitles, Int32&amp; timeLeft)
   at Microsoft.VisualStudio.TestTools.UITesting.SearchHelper.GetElement(Boolean useCache, ISearchArgument searchArg)
   at Microsoft.VisualStudio.TestTools.UITesting.SearchHelper.Search(ISearchArgument searchArg)
   at Microsoft.VisualStudio.TestTools.UITesting.UITestControl.FindInternal()
   at Microsoft.VisualStudio.TestTools.UITesting.UITestControl.FindControlIfNecessary()
   at Microsoft.VisualStudio.TestTools.UITesting.UITestControl.Click(MouseButtons button, ModifierKeys modifierKeys, Point relativeCoordinates)
   at Microsoft.VisualStudio.TestTools.UITesting.Mouse.ClickImplementation(UITestControl control, MouseButtons button, ModifierKeys modifierKeys, Point relativeCoordinate)
   at Microsoft.VisualStudio.TestTools.UITesting.Mouse.ClickImplementationWrapper(UITestControl control, MouseButtons button, ModifierKeys modifierKeys, Point relativeCoordinate)
   at Microsoft.VisualStudio.TestTools.UITesting.Mouse.Click(UITestControl control)
   at AppliedSystems.Tam.Ui.Tests.UIMap.OpenAttachment() in C:\TamTestsGit\TestProject7\UIMap.cs:line 2164
   at AppliedSystems.Tam.Ui.Tests.UIMap.CheckPremiumInPdfProposal(Double premium) in C:\TamTestsGit\TestProject7\UIMap.cs:line 2095
   at AppliedSystems.Tam.Ui.Tests.UnitTest1.TestMethod1() in C:\TamTestsGit\TestProject7\UnitTest1.cs:line 22
</StackTrace>
        </ErrorInfo>
      </Output>
      <ResultFiles>
        <ResultFile path="ICLVDEVTM02\TestMethod1.png" />
      </ResultFiles>
      <ExtensionResult>Exception has been thrown by the target of an invocation.</ExtensionResult>
    </UnitTestResult>
    <UnitTestResult executionId="2e480ae0-a860-4f91-af46-8b5f6e2cf6b5" testId="6bd48419-af25-d06e-1d1b-4584b7e15d64" testName="TestMethod" computerName="ICLVDEVTM02" duration="00:00:00.0014351" startTime="2013-09-23T12:49:53.9286197+01:00" endTime="2013-09-23T12:49:53.9311200+01:00" testType="13cdc9d9-ddb5-4fa4-a97d-d965ccfc6d4b" outcome="Failed" testListId="8c84fa94-04c1-424b-9868-57a2d4851a1d" relativeResultsDirectory="2e480ae0-a860-4f91-af46-8b5f6e2cf6b5">
      <Output>
        <ErrorInfo>
          <Message>Initialization method AppliedSystems.Tam.Ui.Tests.UnitTest2.StartTest threw exception. System.InvalidOperationException: System.InvalidOperationException: The key 'LocalDocsPath' does not exist in the appSettings configuration section..</Message>
          <StackTrace>    at System.Configuration.AppSettingsReader.GetValue(String key, Type type)
   at AppliedSystems.Tam.Ui.Tests.Configs.get_LocalDocsPath() in C:\TamTestsGit\TestProject7\Configs.cs:line 70
   at AppliedSystems.Tam.Ui.Tests.UIMap.CleanDocuments() in C:\TamTestsGit\TestProject7\UIMap.cs:line 1959
   at AppliedSystems.Tam.Ui.Tests.BaseUiTest.StartTest() in C:\TamTestsGit\TestProject7\BaseUITest.cs:line 77
</StackTrace>
        </ErrorInfo>
      </Output>
    </UnitTestResult>
  </Results>
</TestRun>