<?xml version="1.0" encoding="UTF-8"?>
<TestRun id="4da0c376-0cd4-40cf-8230-23c8dc0e06f9" name="testuser@ICLVDEVTL 2013-09-23 15:06:14" runUser="ICLVDEVTL\testuser" xmlns="http://microsoft.com/schemas/VisualStudio/TeamTest/2010">
  <TestSettings name="Remote" id="47e1e203-4706-4ffd-9873-ee9804c8144d">
    <Description>These are default test settings for a local test run.</Description>
    <Deployment runDeploymentRoot="testuser_ICLVDEVTL 2013-09-23 15_06_14">
      <DeploymentItem filename="C:\TestLinkAPI.dll" />
      <DeploymentItem filename="C:\TamTestsGit\TestProject7\References\itextsharp.dll" />
    </Deployment>
    <RemoteController name="ICLVDEVTL" />
    <Execution location="Remote">
      <TestTypeSpecific>
        <UnitTestRunConfig testTypeId="13cdc9d9-ddb5-4fa4-a97d-d965ccfc6d4b">
          <AssemblyResolution>
            <TestDirectory useLoadContext="true" />
          </AssemblyResolution>
        </UnitTestRunConfig>
      </TestTypeSpecific>
      <AgentRule name="AllAgentsDefaultRole">
      </AgentRule>
    </Execution>
  </TestSettings>
  <Times creation="2013-09-23T15:06:14.0019580+01:00" queuing="2013-09-23T15:06:14.5947656+01:00" start="2013-09-23T15:06:15.2499740+01:00" finish="2013-09-23T15:09:43.0613220+01:00" />
  <ResultSummary outcome="Completed">
    <Counters total="1" executed="1" passed="1" error="0" failed="0" timeout="0" aborted="0" inconclusive="0" passedButRunAborted="0" notRunnable="0" notExecuted="0" disconnected="0" warning="0" completed="0" inProgress="0" pending="0" />
  </ResultSummary>
  <TestDefinitions>
    <UnitTest name="HouseCancelExit" storage="c:\tamtestsgit\testproject7\bin\debug\appliedsystems.tam.ui.tests.dll" id="4d206040-ae1d-2a21-9082-485d3086eaa9">
      <Execution id="6e476a70-105b-4ca8-8d91-17b7d92f3bc5" />
      <TestMethod codeBase="C:/TamTestsGit/TestProject7/bin/Debug/AppliedSystems.Tam.Ui.Tests.DLL" adapterTypeName="Microsoft.VisualStudio.TestTools.TestTypes.Unit.UnitTestAdapter, Microsoft.VisualStudio.QualityTools.Tips.UnitTest.Adapter, Version=10.0.0.0, Culture=neutral, PublicKeyToken=b03f5f7f11d50a3a" className="AppliedSystems.Tam.Ui.Tests.HouseUiTests, AppliedSystems.Tam.Ui.Tests, Version=1.0.0.0, Culture=neutral, PublicKeyToken=null" name="HouseCancelExit" />
      <Extension>Microsoft.VisualStudio.TestTools.UITesting.CodedUITestAttribute, Microsoft.VisualStudio.QualityTools.CodedUITestFramework, Version=10.0.0.0, Culture=neutral, PublicKeyToken=b03f5f7f11d50a3a</Extension>
    </UnitTest>
  </TestDefinitions>
  <TestLists>
    <TestList name="Results Not in a List" id="8c84fa94-04c1-424b-9868-57a2d4851a1d" />
    <TestList name="All Loaded Results" id="19431567-8539-422a-85d7-44ee4e166bda" />
  </TestLists>
  <TestEntries>
    <TestEntry testId="4d206040-ae1d-2a21-9082-485d3086eaa9" executionId="6e476a70-105b-4ca8-8d91-17b7d92f3bc5" testListId="8c84fa94-04c1-424b-9868-57a2d4851a1d" />
  </TestEntries>
  <Results>
    <UnitTestResult executionId="6e476a70-105b-4ca8-8d91-17b7d92f3bc5" testId="4d206040-ae1d-2a21-9082-485d3086eaa9" testName="HouseCancelExit" computerName="ICLVDEVTM02" duration="00:03:25.7468486" startTime="2013-09-23T15:04:56.9260697+01:00" endTime="2013-09-23T15:08:23.0747472+01:00" testType="13cdc9d9-ddb5-4fa4-a97d-d965ccfc6d4b" outcome="Passed" testListId="8c84fa94-04c1-424b-9868-57a2d4851a1d" relativeResultsDirectory="6e476a70-105b-4ca8-8d91-17b7d92f3bc5">
    </UnitTestResult>
  </Results>
</TestRun>