<?xml version="1.0" encoding="UTF-8"?>
<TestRun id="cb833ae2-a196-4256-8002-7e1d1df73f51" name="testuser@ICLVDEVTL 2013-09-23 15:00:48" runUser="ICLVDEVTL\testuser" xmlns="http://microsoft.com/schemas/VisualStudio/TeamTest/2010">
  <TestSettings name="Remote" id="47e1e203-4706-4ffd-9873-ee9804c8144d">
    <Description>These are default test settings for a local test run.</Description>
    <Deployment runDeploymentRoot="testuser_ICLVDEVTL 2013-09-23 15_00_48">
      <DeploymentItem filename="C:\TestLinkAPI.dll" />
      <DeploymentItem filename="C:\TamTestsGit\TestProject7\References\itextsharp.dll" />
    </Deployment>
    <RemoteController name="ICLVDEVTL" />
    <Execution location="Remote">
      <TestTypeSpecific>
        <UnitTestRunConfig testTypeId="13cdc9d9-ddb5-4fa4-a97d-d965ccfc6d4b">
          <AssemblyResolution>
            <TestDirectory useLoadContext="true" />
          </AssemblyResolution>
        </UnitTestRunConfig>
      </TestTypeSpecific>
      <AgentRule name="AllAgentsDefaultRole">
      </AgentRule>
    </Execution>
  </TestSettings>
  <Times creation="2013-09-23T15:00:48.6929082+01:00" queuing="2013-09-23T15:00:49.3325082+01:00" start="2013-09-23T15:00:49.9877082+01:00" finish="2013-09-23T15:05:19.4948592+01:00" />
  <ResultSummary outcome="Failed">
    <Counters total="1" executed="1" error="0" failed="1" timeout="0" aborted="0" inconclusive="0" passedButRunAborted="0" notRunnable="0" notExecuted="0" disconnected="0" warning="0" passed="0" completed="0" inProgress="0" pending="0" />
  </ResultSummary>
  <TestDefinitions>
    <UnitTest name="HouseMTAtoMTA" storage="c:\tamtestsgit\testproject7\bin\debug\appliedsystems.tam.ui.tests.dll" id="a264afa1-312a-8c64-caac-2ca63265fc8a">
      <Execution id="32c75fcb-6791-4668-8b3b-64834e2c49c0" />
      <TestMethod codeBase="C:/TamTestsGit/TestProject7/bin/Debug/AppliedSystems.Tam.Ui.Tests.DLL" adapterTypeName="Microsoft.VisualStudio.TestTools.TestTypes.Unit.UnitTestAdapter, Microsoft.VisualStudio.QualityTools.Tips.UnitTest.Adapter, Version=10.0.0.0, Culture=neutral, PublicKeyToken=b03f5f7f11d50a3a" className="AppliedSystems.Tam.Ui.Tests.HouseUiTests, AppliedSystems.Tam.Ui.Tests, Version=1.0.0.0, Culture=neutral, PublicKeyToken=null" name="HouseMTAtoMTA" />
      <Extension>Microsoft.VisualStudio.TestTools.UITesting.CodedUITestAttribute, Microsoft.VisualStudio.QualityTools.CodedUITestFramework, Version=10.0.0.0, Culture=neutral, PublicKeyToken=b03f5f7f11d50a3a</Extension>
    </UnitTest>
  </TestDefinitions>
  <TestLists>
    <TestList name="Results Not in a List" id="8c84fa94-04c1-424b-9868-57a2d4851a1d" />
    <TestList name="All Loaded Results" id="19431567-8539-422a-85d7-44ee4e166bda" />
  </TestLists>
  <TestEntries>
    <TestEntry testId="a264afa1-312a-8c64-caac-2ca63265fc8a" executionId="32c75fcb-6791-4668-8b3b-64834e2c49c0" testListId="8c84fa94-04c1-424b-9868-57a2d4851a1d" />
  </TestEntries>
  <Results>
    <UnitTestResult executionId="32c75fcb-6791-4668-8b3b-64834e2c49c0" testId="a264afa1-312a-8c64-caac-2ca63265fc8a" testName="HouseMTAtoMTA" computerName="ICLVDEVTM02" duration="00:04:25.5479078" startTime="2013-09-23T14:59:31.4972454+01:00" endTime="2013-09-23T15:03:57.4565180+01:00" testType="13cdc9d9-ddb5-4fa4-a97d-d965ccfc6d4b" outcome="Failed" testListId="8c84fa94-04c1-424b-9868-57a2d4851a1d" relativeResultsDirectory="32c75fcb-6791-4668-8b3b-64834e2c49c0">
      <Output>
        <ErrorInfo>
          <Message>Test method AppliedSystems.Tam.Ui.Tests.HouseUiTests.HouseMTAtoMTA threw exception: 
System.Runtime.InteropServices.ExternalException: A generic error occurred in GDI+.</Message>
          <StackTrace>    at System.Drawing.Image.Save(String filename, ImageCodecInfo encoder, EncoderParameters encoderParams)
   at System.Drawing.Image.Save(String filename, ImageFormat format)
   at System.Drawing.Image.Save(String filename)
   at AppliedSystems.Tam.Ui.Tests.HouseActions.HomeMTAAccept(Boolean needScreenshot, String expectedDate) in C:\TamTestsGit\TestProject7\HouseActions.cs:line 571
   at AppliedSystems.Tam.Ui.Tests.HouseUiTests.HouseMTAtoMTA() in C:\TamTestsGit\TestProject7\HouseUiTests.cs:line 177
</StackTrace>
        </ErrorInfo>
      </Output>
      <ResultFiles>
        <ResultFile path="ICLVDEVTM02\HouseMTAtoMTA.png" />
      </ResultFiles>
      <ExtensionResult>Exception has been thrown by the target of an invocation.</ExtensionResult>
    </UnitTestResult>
  </Results>
</TestRun>