<?xml version="1.0" encoding="UTF-8"?>
<TestRun id="6f4a33a4-1943-496b-ad12-e8b7bb799558" name="testuser@ICLVDEVTL 2013-09-25 14:40:41" runUser="ICLVDEVTL\testuser" xmlns="http://microsoft.com/schemas/VisualStudio/TeamTest/2010">
  <TestSettings name="Remote" id="47e1e203-4706-4ffd-9873-ee9804c8144d">
    <Description>These are default test settings for a local test run.</Description>
    <Deployment userDeploymentRoot="C:\TamTestsGit\TestProject7\TestResults" useDefaultDeploymentRoot="false" runDeploymentRoot="testuser_ICLVDEVTL 2013-09-25 14_40_41">
      <DeploymentItem filename="C:\TestLinkAPI.dll" />
      <DeploymentItem filename="C:\TamTestsGit\TestProject7\References\itextsharp.dll" />
    </Deployment>
    <RemoteController name="ICLVDEVTL" />
    <Execution location="Remote">
      <TestTypeSpecific>
        <UnitTestRunConfig testTypeId="13cdc9d9-ddb5-4fa4-a97d-d965ccfc6d4b">
          <AssemblyResolution>
            <TestDirectory useLoadContext="true" />
          </AssemblyResolution>
        </UnitTestRunConfig>
      </TestTypeSpecific>
      <AgentRule name="AllAgentsDefaultRole">
      </AgentRule>
    </Execution>
  </TestSettings>
  <Times creation="2013-09-25T14:40:41.6357386+01:00" queuing="2013-09-25T14:40:42.3798130+01:00" start="2013-09-25T14:40:43.3949145+01:00" finish="2013-09-25T14:53:32.6718345+01:00" />
  <ResultSummary outcome="Failed">
    <Counters total="13" executed="13" passed="1" error="0" failed="12" timeout="0" aborted="0" inconclusive="0" passedButRunAborted="0" notRunnable="0" notExecuted="0" disconnected="0" warning="0" completed="0" inProgress="0" pending="0" />
  </ResultSummary>
  <TestDefinitions>
    <UnitTest name="MotoCancelAccept" storage="c:\tamtestsgit\testproject7\bin\debug\appliedsystems.tam.ui.tests.dll" id="cc65a43a-9a33-7c83-9bd5-ff01c2ffa61d">
      <Execution id="446b8dc9-9461-4d2a-abd5-77583a6a90db" />
      <TestMethod codeBase="C:/TamTestsGit/TestProject7/bin/Debug/AppliedSystems.Tam.Ui.Tests.DLL" adapterTypeName="Microsoft.VisualStudio.TestTools.TestTypes.Unit.UnitTestAdapter, Microsoft.VisualStudio.QualityTools.Tips.UnitTest.Adapter, Version=10.0.0.0, Culture=neutral, PublicKeyToken=b03f5f7f11d50a3a" className="AppliedSystems.Tam.Ui.Tests.MotoUiTests, AppliedSystems.Tam.Ui.Tests, Version=1.0.0.0, Culture=neutral, PublicKeyToken=null" name="MotoCancelAccept" />
      <Extension>Microsoft.VisualStudio.TestTools.UITesting.CodedUITestAttribute, Microsoft.VisualStudio.QualityTools.CodedUITestFramework, Version=10.0.0.0, Culture=neutral, PublicKeyToken=b03f5f7f11d50a3a</Extension>
    </UnitTest>
    <UnitTest name="MotoAmendRiskNewScheme" storage="c:\tamtestsgit\testproject7\bin\debug\appliedsystems.tam.ui.tests.dll" id="327dc295-46f8-d9eb-d13a-04ac8001804a">
      <Execution id="7be6b203-5c3f-496b-b636-2343d4eec406" />
      <TestMethod codeBase="C:/TamTestsGit/TestProject7/bin/Debug/AppliedSystems.Tam.Ui.Tests.DLL" adapterTypeName="Microsoft.VisualStudio.TestTools.TestTypes.Unit.UnitTestAdapter, Microsoft.VisualStudio.QualityTools.Tips.UnitTest.Adapter, Version=10.0.0.0, Culture=neutral, PublicKeyToken=b03f5f7f11d50a3a" className="AppliedSystems.Tam.Ui.Tests.MotoUiTests, AppliedSystems.Tam.Ui.Tests, Version=1.0.0.0, Culture=neutral, PublicKeyToken=null" name="MotoAmendRiskNewScheme" />
      <Extension>Microsoft.VisualStudio.TestTools.UITesting.CodedUITestAttribute, Microsoft.VisualStudio.QualityTools.CodedUITestFramework, Version=10.0.0.0, Culture=neutral, PublicKeyToken=b03f5f7f11d50a3a</Extension>
    </UnitTest>
    <UnitTest name="MotoRenewalAfter" storage="c:\tamtestsgit\testproject7\bin\debug\appliedsystems.tam.ui.tests.dll" id="576c4cce-f2fa-69e8-ebd1-c09bc0e1c559">
      <Execution id="d8ffb564-3bdd-4caa-89be-7f2ee995f8e0" />
      <TestMethod codeBase="C:/TamTestsGit/TestProject7/bin/Debug/AppliedSystems.Tam.Ui.Tests.DLL" adapterTypeName="Microsoft.VisualStudio.TestTools.TestTypes.Unit.UnitTestAdapter, Microsoft.VisualStudio.QualityTools.Tips.UnitTest.Adapter, Version=10.0.0.0, Culture=neutral, PublicKeyToken=b03f5f7f11d50a3a" className="AppliedSystems.Tam.Ui.Tests.MotoUiTests, AppliedSystems.Tam.Ui.Tests, Version=1.0.0.0, Culture=neutral, PublicKeyToken=null" name="MotoRenewalAfter" />
      <Extension>Microsoft.VisualStudio.TestTools.UITesting.CodedUITestAttribute, Microsoft.VisualStudio.QualityTools.CodedUITestFramework, Version=10.0.0.0, Culture=neutral, PublicKeyToken=b03f5f7f11d50a3a</Extension>
    </UnitTest>
    <UnitTest name="MotoRebrokeRenewCurrent" storage="c:\tamtestsgit\testproject7\bin\debug\appliedsystems.tam.ui.tests.dll" id="371ed565-7848-460e-53f8-0d5da86a6d95">
      <Execution id="fbaf00ff-342f-43c4-964e-5c556b9dfc3f" />
      <TestMethod codeBase="C:/TamTestsGit/TestProject7/bin/Debug/AppliedSystems.Tam.Ui.Tests.DLL" adapterTypeName="Microsoft.VisualStudio.TestTools.TestTypes.Unit.UnitTestAdapter, Microsoft.VisualStudio.QualityTools.Tips.UnitTest.Adapter, Version=10.0.0.0, Culture=neutral, PublicKeyToken=b03f5f7f11d50a3a" className="AppliedSystems.Tam.Ui.Tests.MotoUiTests, AppliedSystems.Tam.Ui.Tests, Version=1.0.0.0, Culture=neutral, PublicKeyToken=null" name="MotoRebrokeRenewCurrent" />
      <Extension>Microsoft.VisualStudio.TestTools.UITesting.CodedUITestAttribute, Microsoft.VisualStudio.QualityTools.CodedUITestFramework, Version=10.0.0.0, Culture=neutral, PublicKeyToken=b03f5f7f11d50a3a</Extension>
    </UnitTest>
    <UnitTest name="MotoAmendRiskExistingScheme" storage="c:\tamtestsgit\testproject7\bin\debug\appliedsystems.tam.ui.tests.dll" id="582fc786-fe70-74aa-52dd-24cf380932df">
      <Execution id="0e032b32-f746-4892-9401-5a339ffc1466" />
      <TestMethod codeBase="C:/TamTestsGit/TestProject7/bin/Debug/AppliedSystems.Tam.Ui.Tests.DLL" adapterTypeName="Microsoft.VisualStudio.TestTools.TestTypes.Unit.UnitTestAdapter, Microsoft.VisualStudio.QualityTools.Tips.UnitTest.Adapter, Version=10.0.0.0, Culture=neutral, PublicKeyToken=b03f5f7f11d50a3a" className="AppliedSystems.Tam.Ui.Tests.MotoUiTests, AppliedSystems.Tam.Ui.Tests, Version=1.0.0.0, Culture=neutral, PublicKeyToken=null" name="MotoAmendRiskExistingScheme" />
      <Extension>Microsoft.VisualStudio.TestTools.UITesting.CodedUITestAttribute, Microsoft.VisualStudio.QualityTools.CodedUITestFramework, Version=10.0.0.0, Culture=neutral, PublicKeyToken=b03f5f7f11d50a3a</Extension>
    </UnitTest>
    <UnitTest name="MotoRebrokeRenewExistingScheme" storage="c:\tamtestsgit\testproject7\bin\debug\appliedsystems.tam.ui.tests.dll" id="a6b0d3b5-976c-4b22-35f2-21b23c03c32a">
      <Execution id="1503085b-b1c4-4371-9ccd-3a6bed7a7bbf" />
      <TestMethod codeBase="C:/TamTestsGit/TestProject7/bin/Debug/AppliedSystems.Tam.Ui.Tests.DLL" adapterTypeName="Microsoft.VisualStudio.TestTools.TestTypes.Unit.UnitTestAdapter, Microsoft.VisualStudio.QualityTools.Tips.UnitTest.Adapter, Version=10.0.0.0, Culture=neutral, PublicKeyToken=b03f5f7f11d50a3a" className="AppliedSystems.Tam.Ui.Tests.MotoUiTests, AppliedSystems.Tam.Ui.Tests, Version=1.0.0.0, Culture=neutral, PublicKeyToken=null" name="MotoRebrokeRenewExistingScheme" />
      <Extension>Microsoft.VisualStudio.TestTools.UITesting.CodedUITestAttribute, Microsoft.VisualStudio.QualityTools.CodedUITestFramework, Version=10.0.0.0, Culture=neutral, PublicKeyToken=b03f5f7f11d50a3a</Extension>
    </UnitTest>
    <UnitTest name="MotoCancelExit" storage="c:\tamtestsgit\testproject7\bin\debug\appliedsystems.tam.ui.tests.dll" id="e07608a6-4f59-4278-8d59-5e8ddd012acc">
      <Execution id="47e00ace-d20a-4ef5-b3a4-ad854b2a62ed" />
      <TestMethod codeBase="C:/TamTestsGit/TestProject7/bin/Debug/AppliedSystems.Tam.Ui.Tests.DLL" adapterTypeName="Microsoft.VisualStudio.TestTools.TestTypes.Unit.UnitTestAdapter, Microsoft.VisualStudio.QualityTools.Tips.UnitTest.Adapter, Version=10.0.0.0, Culture=neutral, PublicKeyToken=b03f5f7f11d50a3a" className="AppliedSystems.Tam.Ui.Tests.MotoUiTests, AppliedSystems.Tam.Ui.Tests, Version=1.0.0.0, Culture=neutral, PublicKeyToken=null" name="MotoCancelExit" />
      <Extension>Microsoft.VisualStudio.TestTools.UITesting.CodedUITestAttribute, Microsoft.VisualStudio.QualityTools.CodedUITestFramework, Version=10.0.0.0, Culture=neutral, PublicKeyToken=b03f5f7f11d50a3a</Extension>
    </UnitTest>
    <UnitTest name="MotoRenewalBefore" storage="c:\tamtestsgit\testproject7\bin\debug\appliedsystems.tam.ui.tests.dll" id="31988f60-6dd2-d7f1-3544-10a47a577690">
      <Execution id="7c5d7475-b6cc-4587-8e26-26eeeba40597" />
      <TestMethod codeBase="C:/TamTestsGit/TestProject7/bin/Debug/AppliedSystems.Tam.Ui.Tests.DLL" adapterTypeName="Microsoft.VisualStudio.TestTools.TestTypes.Unit.UnitTestAdapter, Microsoft.VisualStudio.QualityTools.Tips.UnitTest.Adapter, Version=10.0.0.0, Culture=neutral, PublicKeyToken=b03f5f7f11d50a3a" className="AppliedSystems.Tam.Ui.Tests.MotoUiTests, AppliedSystems.Tam.Ui.Tests, Version=1.0.0.0, Culture=neutral, PublicKeyToken=null" name="MotoRenewalBefore" />
      <Extension>Microsoft.VisualStudio.TestTools.UITesting.CodedUITestAttribute, Microsoft.VisualStudio.QualityTools.CodedUITestFramework, Version=10.0.0.0, Culture=neutral, PublicKeyToken=b03f5f7f11d50a3a</Extension>
    </UnitTest>
    <UnitTest name="MotoLapsePolicy" storage="c:\tamtestsgit\testproject7\bin\debug\appliedsystems.tam.ui.tests.dll" id="4f35f7f7-c83f-5499-ca6e-3b756d5ad8dd">
      <Execution id="31995522-fcee-4e2d-92c8-1014b43ccf8d" />
      <TestMethod codeBase="C:/TamTestsGit/TestProject7/bin/Debug/AppliedSystems.Tam.Ui.Tests.DLL" adapterTypeName="Microsoft.VisualStudio.TestTools.TestTypes.Unit.UnitTestAdapter, Microsoft.VisualStudio.QualityTools.Tips.UnitTest.Adapter, Version=10.0.0.0, Culture=neutral, PublicKeyToken=b03f5f7f11d50a3a" className="AppliedSystems.Tam.Ui.Tests.MotoUiTests, AppliedSystems.Tam.Ui.Tests, Version=1.0.0.0, Culture=neutral, PublicKeyToken=null" name="MotoLapsePolicy" />
      <Extension>Microsoft.VisualStudio.TestTools.UITesting.CodedUITestAttribute, Microsoft.VisualStudio.QualityTools.CodedUITestFramework, Version=10.0.0.0, Culture=neutral, PublicKeyToken=b03f5f7f11d50a3a</Extension>
    </UnitTest>
    <UnitTest name="MotoCopyMTA" storage="c:\tamtestsgit\testproject7\bin\debug\appliedsystems.tam.ui.tests.dll" id="614fe764-f9f9-c1c7-0af0-55b68bb46c8e">
      <Execution id="33a9ca79-5853-4e5f-bd05-f3778d865f1f" />
      <TestMethod codeBase="C:/TamTestsGit/TestProject7/bin/Debug/AppliedSystems.Tam.Ui.Tests.DLL" adapterTypeName="Microsoft.VisualStudio.TestTools.TestTypes.Unit.UnitTestAdapter, Microsoft.VisualStudio.QualityTools.Tips.UnitTest.Adapter, Version=10.0.0.0, Culture=neutral, PublicKeyToken=b03f5f7f11d50a3a" className="AppliedSystems.Tam.Ui.Tests.MotoUiTests, AppliedSystems.Tam.Ui.Tests, Version=1.0.0.0, Culture=neutral, PublicKeyToken=null" name="MotoCopyMTA" />
      <Extension>Microsoft.VisualStudio.TestTools.UITesting.CodedUITestAttribute, Microsoft.VisualStudio.QualityTools.CodedUITestFramework, Version=10.0.0.0, Culture=neutral, PublicKeyToken=b03f5f7f11d50a3a</Extension>
    </UnitTest>
    <UnitTest name="MotoRebrokeRenewNewScheme" storage="c:\tamtestsgit\testproject7\bin\debug\appliedsystems.tam.ui.tests.dll" id="9410f0c0-fb50-f25a-6718-26afc2f3339f">
      <Execution id="6528e44b-5d79-4e6a-8e4b-1a00e53fb5a5" />
      <TestMethod codeBase="C:/TamTestsGit/TestProject7/bin/Debug/AppliedSystems.Tam.Ui.Tests.DLL" adapterTypeName="Microsoft.VisualStudio.TestTools.TestTypes.Unit.UnitTestAdapter, Microsoft.VisualStudio.QualityTools.Tips.UnitTest.Adapter, Version=10.0.0.0, Culture=neutral, PublicKeyToken=b03f5f7f11d50a3a" className="AppliedSystems.Tam.Ui.Tests.MotoUiTests, AppliedSystems.Tam.Ui.Tests, Version=1.0.0.0, Culture=neutral, PublicKeyToken=null" name="MotoRebrokeRenewNewScheme" />
      <Extension>Microsoft.VisualStudio.TestTools.UITesting.CodedUITestAttribute, Microsoft.VisualStudio.QualityTools.CodedUITestFramework, Version=10.0.0.0, Culture=neutral, PublicKeyToken=b03f5f7f11d50a3a</Extension>
    </UnitTest>
    <UnitTest name="MotoMTAtoMTA" storage="c:\tamtestsgit\testproject7\bin\debug\appliedsystems.tam.ui.tests.dll" id="b84b18ae-6912-43dc-1ce8-659e613146c1">
      <Execution id="41ef0313-5986-411e-80e8-f3b64e730515" />
      <TestMethod codeBase="C:/TamTestsGit/TestProject7/bin/Debug/AppliedSystems.Tam.Ui.Tests.DLL" adapterTypeName="Microsoft.VisualStudio.TestTools.TestTypes.Unit.UnitTestAdapter, Microsoft.VisualStudio.QualityTools.Tips.UnitTest.Adapter, Version=10.0.0.0, Culture=neutral, PublicKeyToken=b03f5f7f11d50a3a" className="AppliedSystems.Tam.Ui.Tests.MotoUiTests, AppliedSystems.Tam.Ui.Tests, Version=1.0.0.0, Culture=neutral, PublicKeyToken=null" name="MotoMTAtoMTA" />
      <Extension>Microsoft.VisualStudio.TestTools.UITesting.CodedUITestAttribute, Microsoft.VisualStudio.QualityTools.CodedUITestFramework, Version=10.0.0.0, Culture=neutral, PublicKeyToken=b03f5f7f11d50a3a</Extension>
    </UnitTest>
    <UnitTest name="MotoMTAAccept" storage="c:\tamtestsgit\testproject7\bin\debug\appliedsystems.tam.ui.tests.dll" id="6e105339-dc20-c02c-288a-6cce06bb4251">
      <Execution id="ce34f6c3-c748-4974-89db-1442bda6e4f7" />
      <TestMethod codeBase="C:/TamTestsGit/TestProject7/bin/Debug/AppliedSystems.Tam.Ui.Tests.DLL" adapterTypeName="Microsoft.VisualStudio.TestTools.TestTypes.Unit.UnitTestAdapter, Microsoft.VisualStudio.QualityTools.Tips.UnitTest.Adapter, Version=10.0.0.0, Culture=neutral, PublicKeyToken=b03f5f7f11d50a3a" className="AppliedSystems.Tam.Ui.Tests.MotoUiTests, AppliedSystems.Tam.Ui.Tests, Version=1.0.0.0, Culture=neutral, PublicKeyToken=null" name="MotoMTAAccept" />
      <Extension>Microsoft.VisualStudio.TestTools.UITesting.CodedUITestAttribute, Microsoft.VisualStudio.QualityTools.CodedUITestFramework, Version=10.0.0.0, Culture=neutral, PublicKeyToken=b03f5f7f11d50a3a</Extension>
    </UnitTest>
  </TestDefinitions>
  <TestLists>
    <TestList name="Results Not in a List" id="8c84fa94-04c1-424b-9868-57a2d4851a1d" />
    <TestList name="All Loaded Results" id="19431567-8539-422a-85d7-44ee4e166bda" />
  </TestLists>
  <TestEntries>
    <TestEntry testId="4f35f7f7-c83f-5499-ca6e-3b756d5ad8dd" executionId="31995522-fcee-4e2d-92c8-1014b43ccf8d" testListId="8c84fa94-04c1-424b-9868-57a2d4851a1d" />
    <TestEntry testId="576c4cce-f2fa-69e8-ebd1-c09bc0e1c559" executionId="d8ffb564-3bdd-4caa-89be-7f2ee995f8e0" testListId="8c84fa94-04c1-424b-9868-57a2d4851a1d" />
    <TestEntry testId="614fe764-f9f9-c1c7-0af0-55b68bb46c8e" executionId="33a9ca79-5853-4e5f-bd05-f3778d865f1f" testListId="8c84fa94-04c1-424b-9868-57a2d4851a1d" />
    <TestEntry testId="582fc786-fe70-74aa-52dd-24cf380932df" executionId="0e032b32-f746-4892-9401-5a339ffc1466" testListId="8c84fa94-04c1-424b-9868-57a2d4851a1d" />
    <TestEntry testId="6e105339-dc20-c02c-288a-6cce06bb4251" executionId="ce34f6c3-c748-4974-89db-1442bda6e4f7" testListId="8c84fa94-04c1-424b-9868-57a2d4851a1d" />
    <TestEntry testId="cc65a43a-9a33-7c83-9bd5-ff01c2ffa61d" executionId="446b8dc9-9461-4d2a-abd5-77583a6a90db" testListId="8c84fa94-04c1-424b-9868-57a2d4851a1d" />
    <TestEntry testId="327dc295-46f8-d9eb-d13a-04ac8001804a" executionId="7be6b203-5c3f-496b-b636-2343d4eec406" testListId="8c84fa94-04c1-424b-9868-57a2d4851a1d" />
    <TestEntry testId="31988f60-6dd2-d7f1-3544-10a47a577690" executionId="7c5d7475-b6cc-4587-8e26-26eeeba40597" testListId="8c84fa94-04c1-424b-9868-57a2d4851a1d" />
    <TestEntry testId="a6b0d3b5-976c-4b22-35f2-21b23c03c32a" executionId="1503085b-b1c4-4371-9ccd-3a6bed7a7bbf" testListId="8c84fa94-04c1-424b-9868-57a2d4851a1d" />
    <TestEntry testId="b84b18ae-6912-43dc-1ce8-659e613146c1" executionId="41ef0313-5986-411e-80e8-f3b64e730515" testListId="8c84fa94-04c1-424b-9868-57a2d4851a1d" />
    <TestEntry testId="9410f0c0-fb50-f25a-6718-26afc2f3339f" executionId="6528e44b-5d79-4e6a-8e4b-1a00e53fb5a5" testListId="8c84fa94-04c1-424b-9868-57a2d4851a1d" />
    <TestEntry testId="371ed565-7848-460e-53f8-0d5da86a6d95" executionId="fbaf00ff-342f-43c4-964e-5c556b9dfc3f" testListId="8c84fa94-04c1-424b-9868-57a2d4851a1d" />
    <TestEntry testId="e07608a6-4f59-4278-8d59-5e8ddd012acc" executionId="47e00ace-d20a-4ef5-b3a4-ad854b2a62ed" testListId="8c84fa94-04c1-424b-9868-57a2d4851a1d" />
  </TestEntries>
  <Results>
    <UnitTestResult executionId="31995522-fcee-4e2d-92c8-1014b43ccf8d" testId="4f35f7f7-c83f-5499-ca6e-3b756d5ad8dd" testName="MotoLapsePolicy" computerName="ICLVDEVTM02" duration="00:08:10.1564815" startTime="2013-09-25T14:39:21.6874324+01:00" endTime="2013-09-25T14:47:34.0604558+01:00" testType="13cdc9d9-ddb5-4fa4-a97d-d965ccfc6d4b" outcome="Passed" testListId="8c84fa94-04c1-424b-9868-57a2d4851a1d" relativeResultsDirectory="31995522-fcee-4e2d-92c8-1014b43ccf8d">
      <Output>
        <DebugTrace>Microsoft.VisualStudio.TestTools.UITest.Extension.UITestControlNotFoundException: The playback failed to find the control with the given search properties. Additional Details: 
TechnologyName:  'MSAA'
ControlType:  'Window'
ClassName:  'TfSelectItem'
 ---&gt; System.Runtime.InteropServices.COMException: Error HRESULT E_FAIL has been returned from a call to a COM component.
   at Microsoft.VisualStudio.TestTools.UITest.Playback.Engine.IRPFPlayback.FindAllScreenElements(IScreenElement pScreenElementStart, String bstrQueryId, Object&amp; pvarResKeys, Int32 cResKeys, Int32 nMaxDepth, Object[]&amp; foundDescendants)
   at Microsoft.VisualStudio.TestTools.UITest.Playback.ScreenElement.FindTopLevelWindowHelper(String queryId)
   at Microsoft.VisualStudio.TestTools.UITest.Playback.ScreenElement.FindFromPartialQueryId(String queryId)
   at Microsoft.VisualStudio.TestTools.UITesting.UITestControl..ctor(String queryId)
   --- End of inner exception stack trace ---
   at Microsoft.VisualStudio.TestTools.UITesting.Playback.MapControlNotFoundException(COMException ex, IPlaybackContext context)
   at Microsoft.VisualStudio.TestTools.UITesting.Playback.MapAndThrowComException(COMException innerException, IPlaybackContext context)
   at Microsoft.VisualStudio.TestTools.UITesting.Playback.MapAndThrowException(SystemException exception, IPlaybackContext context)
   at Microsoft.VisualStudio.TestTools.UITesting.Playback.MapAndThrowException(SystemException exception, String queryId)
   at Microsoft.VisualStudio.TestTools.UITesting.UITestControl..ctor(String queryId)
   at Microsoft.VisualStudio.TestTools.UITesting.SearchHelper.SearchTopLevelWindow(ISearchArgument topLevelSearchArg, String topLevelElementQueryId)
   at Microsoft.VisualStudio.TestTools.UITesting.SearchHelper.GetTitleUpdatedTopLevelWindow(ISearchArgument topLevelSearchArg, String queryId, IList`1 windowTitles)
   at Microsoft.VisualStudio.TestTools.UITesting.SearchHelper.GetTopLevelElement(Boolean useCache, Boolean useCacheOnly, ISearchArgument searchArg, IList`1 windowTitles, Int32&amp; timeLeft)
   at Microsoft.VisualStudio.TestTools.UITesting.SearchHelper.GetElement(Boolean useCache, ISearchArgument searchArg)
   at Microsoft.VisualStudio.TestTools.UITesting.SearchHelper.Search(ISearchArgument searchArg)
   at Microsoft.VisualStudio.TestTools.UITesting.UITestControl.FindInternal()
   at Microsoft.VisualStudio.TestTools.UITesting.UITestControl.Find()
   at Microsoft.VisualStudio.TestTools.UITesting.UITestControl.GetProperty(String propertyName)
   at AppliedSystems.Tam.Ui.Tests.UIMap.ImportToTamOptionsOnce(String whoToSelect) in C:\TamTestsGit\TestProject7\UIMap.cs:line 2269
Microsoft.VisualStudio.TestTools.UITest.Extension.UITestControlNotFoundException: The playback failed to find the control with the given search properties. Additional Details: 
TechnologyName:  'MSAA'
ControlType:  'Window'
ClassName:  'TfSelectItem'
 ---&gt; System.Runtime.InteropServices.COMException: Error HRESULT E_FAIL has been returned from a call to a COM component.
   at Microsoft.VisualStudio.TestTools.UITest.Playback.Engine.IRPFPlayback.FindAllScreenElements(IScreenElement pScreenElementStart, String bstrQueryId, Object&amp; pvarResKeys, Int32 cResKeys, Int32 nMaxDepth, Object[]&amp; foundDescendants)
   at Microsoft.VisualStudio.TestTools.UITest.Playback.ScreenElement.FindTopLevelWindowHelper(String queryId)
   at Microsoft.VisualStudio.TestTools.UITest.Playback.ScreenElement.FindFromPartialQueryId(String queryId)
   at Microsoft.VisualStudio.TestTools.UITesting.UITestControl..ctor(String queryId)
   --- End of inner exception stack trace ---
   at Microsoft.VisualStudio.TestTools.UITesting.Playback.MapControlNotFoundException(COMException ex, IPlaybackContext context)
   at Microsoft.VisualStudio.TestTools.UITesting.Playback.MapAndThrowComException(COMException innerException, IPlaybackContext context)
   at Microsoft.VisualStudio.TestTools.UITesting.Playback.MapAndThrowException(SystemException exception, IPlaybackContext context)
   at Microsoft.VisualStudio.TestTools.UITesting.Playback.MapAndThrowException(SystemException exception, String queryId)
   at Microsoft.VisualStudio.TestTools.UITesting.UITestControl..ctor(String queryId)
   at Microsoft.VisualStudio.TestTools.UITesting.SearchHelper.SearchTopLevelWindow(ISearchArgument topLevelSearchArg, String topLevelElementQueryId)
   at Microsoft.VisualStudio.TestTools.UITesting.SearchHelper.GetTitleUpdatedTopLevelWindow(ISearchArgument topLevelSearchArg, String queryId, IList`1 windowTitles)
   at Microsoft.VisualStudio.TestTools.UITesting.SearchHelper.GetTopLevelElement(Boolean useCache, Boolean useCacheOnly, ISearchArgument searchArg, IList`1 windowTitles, Int32&amp; timeLeft)
   at Microsoft.VisualStudio.TestTools.UITesting.SearchHelper.GetElement(Boolean useCache, ISearchArgument searchArg)
   at Microsoft.VisualStudio.TestTools.UITesting.SearchHelper.Search(ISearchArgument searchArg)
   at Microsoft.VisualStudio.TestTools.UITesting.UITestControl.FindInternal()
   at Microsoft.VisualStudio.TestTools.UITesting.UITestControl.Find()
   at Microsoft.VisualStudio.TestTools.UITesting.UITestControl.GetProperty(String propertyName)
   at AppliedSystems.Tam.Ui.Tests.UIMap.ImportToTamOptionsOnce(String whoToSelect) in C:\TamTestsGit\TestProject7\UIMap.cs:line 2269
OK button found
</DebugTrace>
      </Output>
    </UnitTestResult>
    <UnitTestResult executionId="d8ffb564-3bdd-4caa-89be-7f2ee995f8e0" testId="576c4cce-f2fa-69e8-ebd1-c09bc0e1c559" testName="MotoRenewalAfter" computerName="ICLVDEVTM02" duration="00:04:26.8725599" startTime="2013-09-25T14:47:34.2909851+01:00" endTime="2013-09-25T14:52:01.6114305+01:00" testType="13cdc9d9-ddb5-4fa4-a97d-d965ccfc6d4b" outcome="Failed" testListId="8c84fa94-04c1-424b-9868-57a2d4851a1d" relativeResultsDirectory="d8ffb564-3bdd-4caa-89be-7f2ee995f8e0">
      <Output>
        <DebugTrace>Microsoft.VisualStudio.TestTools.UITest.Extension.UITestException: Automation engine is unable to playback the test because it is not able to interact with the desktop.  This could happen if the computer running the test is locked or it’s remote session window is minimized.
   at Microsoft.VisualStudio.TestTools.UITesting.Playback.ThrowIfScreenLockedOrRemoteSessionMinimized()
   at Microsoft.VisualStudio.TestTools.UITesting.Playback.MapAndThrowException(SystemException exception, IPlaybackContext context)
   at Microsoft.VisualStudio.TestTools.UITesting.Playback.MapAndThrowException(SystemException exception, String queryId)
   at Microsoft.VisualStudio.TestTools.UITesting.UITestControl..ctor(String queryId)
   at Microsoft.VisualStudio.TestTools.UITesting.SearchHelper.SearchTopLevelWindow(ISearchArgument topLevelSearchArg, String topLevelElementQueryId)
   at Microsoft.VisualStudio.TestTools.UITesting.SearchHelper.GetTitleUpdatedTopLevelWindow(ISearchArgument topLevelSearchArg, String queryId, IList`1 windowTitles)
   at Microsoft.VisualStudio.TestTools.UITesting.SearchHelper.GetTopLevelElement(Boolean useCache, Boolean useCacheOnly, ISearchArgument searchArg, IList`1 windowTitles, Int32&amp; timeLeft)
   at Microsoft.VisualStudio.TestTools.UITesting.SearchHelper.GetElement(Boolean useCache, ISearchArgument searchArg)
   at Microsoft.VisualStudio.TestTools.UITesting.SearchHelper.Search(ISearchArgument searchArg)
   at Microsoft.VisualStudio.TestTools.UITesting.UITestControl.FindInternal()
   at Microsoft.VisualStudio.TestTools.UITesting.UITestControl.Find()
   at Microsoft.VisualStudio.TestTools.UITesting.UITestControl.GetProperty(String propertyName)
   at AppliedSystems.Tam.Ui.Tests.UIMap.ImportToTamOptionsOnce(String whoToSelect) in C:\TamTestsGit\TestProject7\UIMap.cs:line 2269
Microsoft.VisualStudio.TestTools.UITest.Extension.UITestException: Automation engine is unable to playback the test because it is not able to interact with the desktop.  This could happen if the computer running the test is locked or it’s remote session window is minimized.
   at Microsoft.VisualStudio.TestTools.UITesting.Playback.ThrowIfScreenLockedOrRemoteSessionMinimized()
   at Microsoft.VisualStudio.TestTools.UITesting.Playback.MapAndThrowException(SystemException exception, IPlaybackContext context)
   at Microsoft.VisualStudio.TestTools.UITesting.Playback.MapAndThrowException(SystemException exception, String queryId)
   at Microsoft.VisualStudio.TestTools.UITesting.UITestControl..ctor(String queryId)
   at Microsoft.VisualStudio.TestTools.UITesting.SearchHelper.SearchTopLevelWindow(ISearchArgument topLevelSearchArg, String topLevelElementQueryId)
   at Microsoft.VisualStudio.TestTools.UITesting.SearchHelper.GetTitleUpdatedTopLevelWindow(ISearchArgument topLevelSearchArg, String queryId, IList`1 windowTitles)
   at Microsoft.VisualStudio.TestTools.UITesting.SearchHelper.GetTopLevelElement(Boolean useCache, Boolean useCacheOnly, ISearchArgument searchArg, IList`1 windowTitles, Int32&amp; timeLeft)
   at Microsoft.VisualStudio.TestTools.UITesting.SearchHelper.GetElement(Boolean useCache, ISearchArgument searchArg)
   at Microsoft.VisualStudio.TestTools.UITesting.SearchHelper.Search(ISearchArgument searchArg)
   at Microsoft.VisualStudio.TestTools.UITesting.UITestControl.FindInternal()
   at Microsoft.VisualStudio.TestTools.UITesting.UITestControl.Find()
   at Microsoft.VisualStudio.TestTools.UITesting.UITestControl.GetProperty(String propertyName)
   at AppliedSystems.Tam.Ui.Tests.UIMap.ImportToTamOptionsOnce(String whoToSelect) in C:\TamTestsGit\TestProject7\UIMap.cs:line 2269
</DebugTrace>
        <ErrorInfo>
          <Message>Test method AppliedSystems.Tam.Ui.Tests.MotoUiTests.MotoRenewalAfter threw exception: 
Microsoft.VisualStudio.TestTools.UITest.Extension.UITestException: Automation engine is unable to playback the test because it is not able to interact with the desktop.  This could happen if the computer running the test is locked or it’s remote session window is minimized.</Message>
          <StackTrace>    at Microsoft.VisualStudio.TestTools.UITesting.Playback.ThrowIfScreenLockedOrRemoteSessionMinimized()
   at Microsoft.VisualStudio.TestTools.UITesting.Playback.MapAndThrowException(SystemException exception, IPlaybackContext context)
   at Microsoft.VisualStudio.TestTools.UITesting.Playback.MapAndThrowException(SystemException exception, String actionName, UITestControl uiControl)
   at Microsoft.VisualStudio.TestTools.UITesting.Mouse.ClickImplementation(UITestControl control, MouseButtons button, ModifierKeys modifierKeys, Point relativeCoordinate)
   at Microsoft.VisualStudio.TestTools.UITesting.Mouse.ClickImplementationWrapper(UITestControl control, MouseButtons button, ModifierKeys modifierKeys, Point relativeCoordinate)
   at Microsoft.VisualStudio.TestTools.UITesting.Mouse.Click(UITestControl control)
   at AppliedSystems.Tam.Ui.Tests.UIMap.SelectTamInsurersAndActivity(Boolean isMTA, String whoToSelect, Boolean onlyOnce, Int32 selectListItems1, Int32 selectListItems2) in C:\TamTestsGit\TestProject7\UIMap.cs:line 1857
   at AppliedSystems.Tam.Ui.Tests.MotoActions.MotoFinishQuote() in C:\TamTestsGit\TestProject7\MotoActions.cs:line 1319
   at AppliedSystems.Tam.Ui.Tests.MotoUiTests.AcceptAndFinishQuote() in C:\TamTestsGit\TestProject7\MotoUITests.cs:line 602
   at AppliedSystems.Tam.Ui.Tests.MotoUiTests.MotoRenewalAfter() in C:\TamTestsGit\TestProject7\MotoUITests.cs:line 321
</StackTrace>
        </ErrorInfo>
      </Output>
      <ResultFiles>
        <ResultFile path="ICLVDEVTM02\MotoRenewalAfter.png" />
      </ResultFiles>
      <ExtensionResult>Exception has been thrown by the target of an invocation.</ExtensionResult>
    </UnitTestResult>
    <UnitTestResult executionId="33a9ca79-5853-4e5f-bd05-f3778d865f1f" testId="614fe764-f9f9-c1c7-0af0-55b68bb46c8e" testName="MotoCopyMTA" computerName="ICLVDEVTM02" duration="00:00:00.5704412" startTime="2013-09-25T14:52:01.6529357+01:00" endTime="2013-09-25T14:52:02.2640133+01:00" testType="13cdc9d9-ddb5-4fa4-a97d-d965ccfc6d4b" outcome="Failed" testListId="8c84fa94-04c1-424b-9868-57a2d4851a1d" relativeResultsDirectory="33a9ca79-5853-4e5f-bd05-f3778d865f1f">
      <Output>
        <ErrorInfo>
          <Message>Error calling Initialization method for test class AppliedSystems.Tam.Ui.Tests.MotoUiTests: Microsoft.VisualStudio.TestTools.UITest.Extension.UITestException: Automation engine is unable to playback the test because it is not able to interact with the desktop.  This could happen if the computer running the test is locked or it’s remote session window is minimized.</Message>
          <StackTrace>    at Microsoft.VisualStudio.TestTools.UITesting.Playback.ThrowIfScreenLockedOrRemoteSessionMinimized()
   at Microsoft.VisualStudio.TestTools.UITesting.Playback.Initialize()
   at Microsoft.VisualStudio.TestTools.UITesting.CodedUITestExtensionExecution.BeforeTestInitialize(Object sender, BeforeTestInitializeEventArgs e)
   at Microsoft.VisualStudio.TestTools.TestTypes.Unit.UnitTestExecution.RaiseBeforeTestInitialize(BeforeTestInitializeEventArgs args)
   at Microsoft.VisualStudio.TestTools.TestTypes.Unit.UnitTestExecuter.RunInitializeMethod()
</StackTrace>
        </ErrorInfo>
      </Output>
    </UnitTestResult>
    <UnitTestResult executionId="0e032b32-f746-4892-9401-5a339ffc1466" testId="582fc786-fe70-74aa-52dd-24cf380932df" testName="MotoAmendRiskExistingScheme" computerName="ICLVDEVTM02" duration="00:00:00.5011128" startTime="2013-09-25T14:52:02.2685139+01:00" endTime="2013-09-25T14:52:02.7750782+01:00" testType="13cdc9d9-ddb5-4fa4-a97d-d965ccfc6d4b" outcome="Failed" testListId="8c84fa94-04c1-424b-9868-57a2d4851a1d" relativeResultsDirectory="0e032b32-f746-4892-9401-5a339ffc1466">
      <Output>
        <ErrorInfo>
          <Message>Error calling Initialization method for test class AppliedSystems.Tam.Ui.Tests.MotoUiTests: Microsoft.VisualStudio.TestTools.UITest.Extension.UITestException: Automation engine is unable to playback the test because it is not able to interact with the desktop.  This could happen if the computer running the test is locked or it’s remote session window is minimized.</Message>
          <StackTrace>    at Microsoft.VisualStudio.TestTools.UITesting.Playback.ThrowIfScreenLockedOrRemoteSessionMinimized()
   at Microsoft.VisualStudio.TestTools.UITesting.Playback.Initialize()
   at Microsoft.VisualStudio.TestTools.UITesting.CodedUITestExtensionExecution.BeforeTestInitialize(Object sender, BeforeTestInitializeEventArgs e)
   at Microsoft.VisualStudio.TestTools.TestTypes.Unit.UnitTestExecution.RaiseBeforeTestInitialize(BeforeTestInitializeEventArgs args)
   at Microsoft.VisualStudio.TestTools.TestTypes.Unit.UnitTestExecuter.RunInitializeMethod()
</StackTrace>
        </ErrorInfo>
      </Output>
    </UnitTestResult>
    <UnitTestResult executionId="ce34f6c3-c748-4974-89db-1442bda6e4f7" testId="6e105339-dc20-c02c-288a-6cce06bb4251" testName="MotoMTAAccept" computerName="ICLVDEVTM02" duration="00:00:00.5014114" startTime="2013-09-25T14:52:02.7890800+01:00" endTime="2013-09-25T14:52:03.2961444+01:00" testType="13cdc9d9-ddb5-4fa4-a97d-d965ccfc6d4b" outcome="Failed" testListId="8c84fa94-04c1-424b-9868-57a2d4851a1d" relativeResultsDirectory="ce34f6c3-c748-4974-89db-1442bda6e4f7">
      <Output>
        <ErrorInfo>
          <Message>Error calling Initialization method for test class AppliedSystems.Tam.Ui.Tests.MotoUiTests: Microsoft.VisualStudio.TestTools.UITest.Extension.UITestException: Automation engine is unable to playback the test because it is not able to interact with the desktop.  This could happen if the computer running the test is locked or it’s remote session window is minimized.</Message>
          <StackTrace>    at Microsoft.VisualStudio.TestTools.UITesting.Playback.ThrowIfScreenLockedOrRemoteSessionMinimized()
   at Microsoft.VisualStudio.TestTools.UITesting.Playback.Initialize()
   at Microsoft.VisualStudio.TestTools.UITesting.CodedUITestExtensionExecution.BeforeTestInitialize(Object sender, BeforeTestInitializeEventArgs e)
   at Microsoft.VisualStudio.TestTools.TestTypes.Unit.UnitTestExecution.RaiseBeforeTestInitialize(BeforeTestInitializeEventArgs args)
   at Microsoft.VisualStudio.TestTools.TestTypes.Unit.UnitTestExecuter.RunInitializeMethod()
</StackTrace>
        </ErrorInfo>
      </Output>
    </UnitTestResult>
    <UnitTestResult executionId="446b8dc9-9461-4d2a-abd5-77583a6a90db" testId="cc65a43a-9a33-7c83-9bd5-ff01c2ffa61d" testName="MotoCancelAccept" computerName="ICLVDEVTM02" duration="00:00:00.5016436" startTime="2013-09-25T14:52:03.3081459+01:00" endTime="2013-09-25T14:52:03.8152103+01:00" testType="13cdc9d9-ddb5-4fa4-a97d-d965ccfc6d4b" outcome="Failed" testListId="8c84fa94-04c1-424b-9868-57a2d4851a1d" relativeResultsDirectory="446b8dc9-9461-4d2a-abd5-77583a6a90db">
      <Output>
        <ErrorInfo>
          <Message>Error calling Initialization method for test class AppliedSystems.Tam.Ui.Tests.MotoUiTests: Microsoft.VisualStudio.TestTools.UITest.Extension.UITestException: Automation engine is unable to playback the test because it is not able to interact with the desktop.  This could happen if the computer running the test is locked or it’s remote session window is minimized.</Message>
          <StackTrace>    at Microsoft.VisualStudio.TestTools.UITesting.Playback.ThrowIfScreenLockedOrRemoteSessionMinimized()
   at Microsoft.VisualStudio.TestTools.UITesting.Playback.Initialize()
   at Microsoft.VisualStudio.TestTools.UITesting.CodedUITestExtensionExecution.BeforeTestInitialize(Object sender, BeforeTestInitializeEventArgs e)
   at Microsoft.VisualStudio.TestTools.TestTypes.Unit.UnitTestExecution.RaiseBeforeTestInitialize(BeforeTestInitializeEventArgs args)
   at Microsoft.VisualStudio.TestTools.TestTypes.Unit.UnitTestExecuter.RunInitializeMethod()
</StackTrace>
        </ErrorInfo>
      </Output>
    </UnitTestResult>
    <UnitTestResult executionId="7be6b203-5c3f-496b-b636-2343d4eec406" testId="327dc295-46f8-d9eb-d13a-04ac8001804a" testName="MotoAmendRiskNewScheme" computerName="ICLVDEVTM02" duration="00:00:00.5050164" startTime="2013-09-25T14:52:03.8222112+01:00" endTime="2013-09-25T14:52:04.3352763+01:00" testType="13cdc9d9-ddb5-4fa4-a97d-d965ccfc6d4b" outcome="Failed" testListId="8c84fa94-04c1-424b-9868-57a2d4851a1d" relativeResultsDirectory="7be6b203-5c3f-496b-b636-2343d4eec406">
      <Output>
        <ErrorInfo>
          <Message>Error calling Initialization method for test class AppliedSystems.Tam.Ui.Tests.MotoUiTests: Microsoft.VisualStudio.TestTools.UITest.Extension.UITestException: Automation engine is unable to playback the test because it is not able to interact with the desktop.  This could happen if the computer running the test is locked or it’s remote session window is minimized.</Message>
          <StackTrace>    at Microsoft.VisualStudio.TestTools.UITesting.Playback.ThrowIfScreenLockedOrRemoteSessionMinimized()
   at Microsoft.VisualStudio.TestTools.UITesting.Playback.Initialize()
   at Microsoft.VisualStudio.TestTools.UITesting.CodedUITestExtensionExecution.BeforeTestInitialize(Object sender, BeforeTestInitializeEventArgs e)
   at Microsoft.VisualStudio.TestTools.TestTypes.Unit.UnitTestExecution.RaiseBeforeTestInitialize(BeforeTestInitializeEventArgs args)
   at Microsoft.VisualStudio.TestTools.TestTypes.Unit.UnitTestExecuter.RunInitializeMethod()
</StackTrace>
        </ErrorInfo>
      </Output>
    </UnitTestResult>
    <UnitTestResult executionId="7c5d7475-b6cc-4587-8e26-26eeeba40597" testId="31988f60-6dd2-d7f1-3544-10a47a577690" testName="MotoRenewalBefore" computerName="ICLVDEVTM02" duration="00:00:00.5017412" startTime="2013-09-25T14:52:04.3387768+01:00" endTime="2013-09-25T14:52:04.8623433+01:00" testType="13cdc9d9-ddb5-4fa4-a97d-d965ccfc6d4b" outcome="Failed" testListId="8c84fa94-04c1-424b-9868-57a2d4851a1d" relativeResultsDirectory="7c5d7475-b6cc-4587-8e26-26eeeba40597">
      <Output>
        <ErrorInfo>
          <Message>Error calling Initialization method for test class AppliedSystems.Tam.Ui.Tests.MotoUiTests: Microsoft.VisualStudio.TestTools.UITest.Extension.UITestException: Automation engine is unable to playback the test because it is not able to interact with the desktop.  This could happen if the computer running the test is locked or it’s remote session window is minimized.</Message>
          <StackTrace>    at Microsoft.VisualStudio.TestTools.UITesting.Playback.ThrowIfScreenLockedOrRemoteSessionMinimized()
   at Microsoft.VisualStudio.TestTools.UITesting.Playback.Initialize()
   at Microsoft.VisualStudio.TestTools.UITesting.CodedUITestExtensionExecution.BeforeTestInitialize(Object sender, BeforeTestInitializeEventArgs e)
   at Microsoft.VisualStudio.TestTools.TestTypes.Unit.UnitTestExecution.RaiseBeforeTestInitialize(BeforeTestInitializeEventArgs args)
   at Microsoft.VisualStudio.TestTools.TestTypes.Unit.UnitTestExecuter.RunInitializeMethod()
</StackTrace>
        </ErrorInfo>
      </Output>
    </UnitTestResult>
    <UnitTestResult executionId="1503085b-b1c4-4371-9ccd-3a6bed7a7bbf" testId="a6b0d3b5-976c-4b22-35f2-21b23c03c32a" testName="MotoRebrokeRenewExistingScheme" computerName="ICLVDEVTM02" duration="00:00:00.5014447" startTime="2013-09-25T14:52:04.8678440+01:00" endTime="2013-09-25T14:52:05.3754084+01:00" testType="13cdc9d9-ddb5-4fa4-a97d-d965ccfc6d4b" outcome="Failed" testListId="8c84fa94-04c1-424b-9868-57a2d4851a1d" relativeResultsDirectory="1503085b-b1c4-4371-9ccd-3a6bed7a7bbf">
      <Output>
        <ErrorInfo>
          <Message>Error calling Initialization method for test class AppliedSystems.Tam.Ui.Tests.MotoUiTests: Microsoft.VisualStudio.TestTools.UITest.Extension.UITestException: Automation engine is unable to playback the test because it is not able to interact with the desktop.  This could happen if the computer running the test is locked or it’s remote session window is minimized.</Message>
          <StackTrace>    at Microsoft.VisualStudio.TestTools.UITesting.Playback.ThrowIfScreenLockedOrRemoteSessionMinimized()
   at Microsoft.VisualStudio.TestTools.UITesting.Playback.Initialize()
   at Microsoft.VisualStudio.TestTools.UITesting.CodedUITestExtensionExecution.BeforeTestInitialize(Object sender, BeforeTestInitializeEventArgs e)
   at Microsoft.VisualStudio.TestTools.TestTypes.Unit.UnitTestExecution.RaiseBeforeTestInitialize(BeforeTestInitializeEventArgs args)
   at Microsoft.VisualStudio.TestTools.TestTypes.Unit.UnitTestExecuter.RunInitializeMethod()
</StackTrace>
        </ErrorInfo>
      </Output>
    </UnitTestResult>
    <UnitTestResult executionId="41ef0313-5986-411e-80e8-f3b64e730515" testId="b84b18ae-6912-43dc-1ce8-659e613146c1" testName="MotoMTAtoMTA" computerName="ICLVDEVTM02" duration="00:00:00.5012246" startTime="2013-09-25T14:52:05.3919105+01:00" endTime="2013-09-25T14:52:05.9069759+01:00" testType="13cdc9d9-ddb5-4fa4-a97d-d965ccfc6d4b" outcome="Failed" testListId="8c84fa94-04c1-424b-9868-57a2d4851a1d" relativeResultsDirectory="41ef0313-5986-411e-80e8-f3b64e730515">
      <Output>
        <ErrorInfo>
          <Message>Error calling Initialization method for test class AppliedSystems.Tam.Ui.Tests.MotoUiTests: Microsoft.VisualStudio.TestTools.UITest.Extension.UITestException: Automation engine is unable to playback the test because it is not able to interact with the desktop.  This could happen if the computer running the test is locked or it’s remote session window is minimized.</Message>
          <StackTrace>    at Microsoft.VisualStudio.TestTools.UITesting.Playback.ThrowIfScreenLockedOrRemoteSessionMinimized()
   at Microsoft.VisualStudio.TestTools.UITesting.Playback.Initialize()
   at Microsoft.VisualStudio.TestTools.UITesting.CodedUITestExtensionExecution.BeforeTestInitialize(Object sender, BeforeTestInitializeEventArgs e)
   at Microsoft.VisualStudio.TestTools.TestTypes.Unit.UnitTestExecution.RaiseBeforeTestInitialize(BeforeTestInitializeEventArgs args)
   at Microsoft.VisualStudio.TestTools.TestTypes.Unit.UnitTestExecuter.RunInitializeMethod()
</StackTrace>
        </ErrorInfo>
      </Output>
    </UnitTestResult>
    <UnitTestResult executionId="6528e44b-5d79-4e6a-8e4b-1a00e53fb5a5" testId="9410f0c0-fb50-f25a-6718-26afc2f3339f" testName="MotoRebrokeRenewNewScheme" computerName="ICLVDEVTM02" duration="00:00:00.5011614" startTime="2013-09-25T14:52:05.9109764+01:00" endTime="2013-09-25T14:52:06.4215413+01:00" testType="13cdc9d9-ddb5-4fa4-a97d-d965ccfc6d4b" outcome="Failed" testListId="8c84fa94-04c1-424b-9868-57a2d4851a1d" relativeResultsDirectory="6528e44b-5d79-4e6a-8e4b-1a00e53fb5a5">
      <Output>
        <ErrorInfo>
          <Message>Error calling Initialization method for test class AppliedSystems.Tam.Ui.Tests.MotoUiTests: Microsoft.VisualStudio.TestTools.UITest.Extension.UITestException: Automation engine is unable to playback the test because it is not able to interact with the desktop.  This could happen if the computer running the test is locked or it’s remote session window is minimized.</Message>
          <StackTrace>    at Microsoft.VisualStudio.TestTools.UITesting.Playback.ThrowIfScreenLockedOrRemoteSessionMinimized()
   at Microsoft.VisualStudio.TestTools.UITesting.Playback.Initialize()
   at Microsoft.VisualStudio.TestTools.UITesting.CodedUITestExtensionExecution.BeforeTestInitialize(Object sender, BeforeTestInitializeEventArgs e)
   at Microsoft.VisualStudio.TestTools.TestTypes.Unit.UnitTestExecution.RaiseBeforeTestInitialize(BeforeTestInitializeEventArgs args)
   at Microsoft.VisualStudio.TestTools.TestTypes.Unit.UnitTestExecuter.RunInitializeMethod()
</StackTrace>
        </ErrorInfo>
      </Output>
    </UnitTestResult>
    <UnitTestResult executionId="fbaf00ff-342f-43c4-964e-5c556b9dfc3f" testId="371ed565-7848-460e-53f8-0d5da86a6d95" testName="MotoRebrokeRenewCurrent" computerName="ICLVDEVTM02" duration="00:00:00.5014422" startTime="2013-09-25T14:52:06.4255418+01:00" endTime="2013-09-25T14:52:06.9321061+01:00" testType="13cdc9d9-ddb5-4fa4-a97d-d965ccfc6d4b" outcome="Failed" testListId="8c84fa94-04c1-424b-9868-57a2d4851a1d" relativeResultsDirectory="fbaf00ff-342f-43c4-964e-5c556b9dfc3f">
      <Output>
        <ErrorInfo>
          <Message>Error calling Initialization method for test class AppliedSystems.Tam.Ui.Tests.MotoUiTests: Microsoft.VisualStudio.TestTools.UITest.Extension.UITestException: Automation engine is unable to playback the test because it is not able to interact with the desktop.  This could happen if the computer running the test is locked or it’s remote session window is minimized.</Message>
          <StackTrace>    at Microsoft.VisualStudio.TestTools.UITesting.Playback.ThrowIfScreenLockedOrRemoteSessionMinimized()
   at Microsoft.VisualStudio.TestTools.UITesting.Playback.Initialize()
   at Microsoft.VisualStudio.TestTools.UITesting.CodedUITestExtensionExecution.BeforeTestInitialize(Object sender, BeforeTestInitializeEventArgs e)
   at Microsoft.VisualStudio.TestTools.TestTypes.Unit.UnitTestExecution.RaiseBeforeTestInitialize(BeforeTestInitializeEventArgs args)
   at Microsoft.VisualStudio.TestTools.TestTypes.Unit.UnitTestExecuter.RunInitializeMethod()
</StackTrace>
        </ErrorInfo>
      </Output>
    </UnitTestResult>
    <UnitTestResult executionId="47e00ace-d20a-4ef5-b3a4-ad854b2a62ed" testId="e07608a6-4f59-4278-8d59-5e8ddd012acc" testName="MotoCancelExit" computerName="ICLVDEVTM02" duration="00:00:00.5016196" startTime="2013-09-25T14:52:06.9376068+01:00" endTime="2013-09-25T14:52:07.4561726+01:00" testType="13cdc9d9-ddb5-4fa4-a97d-d965ccfc6d4b" outcome="Failed" testListId="8c84fa94-04c1-424b-9868-57a2d4851a1d" relativeResultsDirectory="47e00ace-d20a-4ef5-b3a4-ad854b2a62ed">
      <Output>
        <ErrorInfo>
          <Message>Error calling Initialization method for test class AppliedSystems.Tam.Ui.Tests.MotoUiTests: Microsoft.VisualStudio.TestTools.UITest.Extension.UITestException: Automation engine is unable to playback the test because it is not able to interact with the desktop.  This could happen if the computer running the test is locked or it’s remote session window is minimized.</Message>
          <StackTrace>    at Microsoft.VisualStudio.TestTools.UITesting.Playback.ThrowIfScreenLockedOrRemoteSessionMinimized()
   at Microsoft.VisualStudio.TestTools.UITesting.Playback.Initialize()
   at Microsoft.VisualStudio.TestTools.UITesting.CodedUITestExtensionExecution.BeforeTestInitialize(Object sender, BeforeTestInitializeEventArgs e)
   at Microsoft.VisualStudio.TestTools.TestTypes.Unit.UnitTestExecution.RaiseBeforeTestInitialize(BeforeTestInitializeEventArgs args)
   at Microsoft.VisualStudio.TestTools.TestTypes.Unit.UnitTestExecuter.RunInitializeMethod()
</StackTrace>
        </ErrorInfo>
      </Output>
    </UnitTestResult>
  </Results>
</TestRun>