<?xml version="1.0" encoding="UTF-8"?>
<TestRun id="6cd598e0-2afe-48ad-99ad-272b1f147d46" name="testuser@ICLVDEVTL 2013-09-24 13:59:18" runUser="ICLVDEVTL\testuser" xmlns="http://microsoft.com/schemas/VisualStudio/TeamTest/2010">
  <TestSettings name="Remote" id="47e1e203-4706-4ffd-9873-ee9804c8144d">
    <Description>These are default test settings for a local test run.</Description>
    <Deployment userDeploymentRoot="C:\TamTestsGit\TestProject7\TestResults" useDefaultDeploymentRoot="false" runDeploymentRoot="testuser_ICLVDEVTL 2013-09-24 13_59_18">
      <DeploymentItem filename="C:\TestLinkAPI.dll" />
      <DeploymentItem filename="C:\TamTestsGit\TestProject7\References\itextsharp.dll" />
    </Deployment>
    <RemoteController name="ICLVDEVTL" />
    <Execution location="Remote">
      <TestTypeSpecific>
        <UnitTestRunConfig testTypeId="13cdc9d9-ddb5-4fa4-a97d-d965ccfc6d4b">
          <AssemblyResolution>
            <TestDirectory useLoadContext="true" />
          </AssemblyResolution>
        </UnitTestRunConfig>
      </TestTypeSpecific>
      <AgentRule name="AllAgentsDefaultRole">
      </AgentRule>
    </Execution>
  </TestSettings>
  <Times creation="2013-09-24T13:59:18.4260338+01:00" queuing="2013-09-24T13:59:18.7610673+01:00" start="2013-09-24T13:59:19.4931405+01:00" finish="2013-09-24T13:59:24.6806592+01:00" />
  <ResultSummary outcome="Failed">
    <Counters total="19" executed="19" error="0" failed="19" timeout="0" aborted="0" inconclusive="0" passedButRunAborted="0" notRunnable="0" notExecuted="0" disconnected="0" warning="0" passed="0" completed="0" inProgress="0" pending="0" />
  </ResultSummary>
  <TestDefinitions>
    <UnitTest name="HouseMTAAccept" storage="c:\tamtestsgit\testproject7\bin\debug\appliedsystems.tam.ui.tests.dll" id="ba26e76f-de14-32e4-8ac8-5df322f1fd27">
      <Execution id="1292b842-81a9-46bb-b40a-8fc1dc430dbe" />
      <TestMethod codeBase="C:/TamTestsGit/TestProject7/bin/Debug/AppliedSystems.Tam.Ui.Tests.DLL" adapterTypeName="Microsoft.VisualStudio.TestTools.TestTypes.Unit.UnitTestAdapter, Microsoft.VisualStudio.QualityTools.Tips.UnitTest.Adapter, Version=10.0.0.0, Culture=neutral, PublicKeyToken=b03f5f7f11d50a3a" className="AppliedSystems.Tam.Ui.Tests.HouseUiTests, AppliedSystems.Tam.Ui.Tests, Version=1.0.0.0, Culture=neutral, PublicKeyToken=null" name="HouseMTAAccept" />
      <Extension>Microsoft.VisualStudio.TestTools.UITesting.CodedUITestAttribute, Microsoft.VisualStudio.QualityTools.CodedUITestFramework, Version=10.0.0.0, Culture=neutral, PublicKeyToken=b03f5f7f11d50a3a</Extension>
    </UnitTest>
    <UnitTest name="HouseLapsePolicy" storage="c:\tamtestsgit\testproject7\bin\debug\appliedsystems.tam.ui.tests.dll" id="a117b69c-fc2d-defc-988c-38b2c22b62ba">
      <Execution id="9ee0d98b-fe09-48ae-bf4c-a7db7496bdda" />
      <TestMethod codeBase="C:/TamTestsGit/TestProject7/bin/Debug/AppliedSystems.Tam.Ui.Tests.DLL" adapterTypeName="Microsoft.VisualStudio.TestTools.TestTypes.Unit.UnitTestAdapter, Microsoft.VisualStudio.QualityTools.Tips.UnitTest.Adapter, Version=10.0.0.0, Culture=neutral, PublicKeyToken=b03f5f7f11d50a3a" className="AppliedSystems.Tam.Ui.Tests.HouseUiTests, AppliedSystems.Tam.Ui.Tests, Version=1.0.0.0, Culture=neutral, PublicKeyToken=null" name="HouseLapsePolicy" />
      <Extension>Microsoft.VisualStudio.TestTools.UITesting.CodedUITestAttribute, Microsoft.VisualStudio.QualityTools.CodedUITestFramework, Version=10.0.0.0, Culture=neutral, PublicKeyToken=b03f5f7f11d50a3a</Extension>
    </UnitTest>
    <UnitTest name="HouseOverridePremium" storage="c:\tamtestsgit\testproject7\bin\debug\appliedsystems.tam.ui.tests.dll" id="0896610c-4da4-38c0-ce20-352846d79839">
      <Execution id="d3fa89d1-eafd-41f4-8549-a56faacf2cec" />
      <TestMethod codeBase="C:/TamTestsGit/TestProject7/bin/Debug/AppliedSystems.Tam.Ui.Tests.DLL" adapterTypeName="Microsoft.VisualStudio.TestTools.TestTypes.Unit.UnitTestAdapter, Microsoft.VisualStudio.QualityTools.Tips.UnitTest.Adapter, Version=10.0.0.0, Culture=neutral, PublicKeyToken=b03f5f7f11d50a3a" className="AppliedSystems.Tam.Ui.Tests.HouseUiTests, AppliedSystems.Tam.Ui.Tests, Version=1.0.0.0, Culture=neutral, PublicKeyToken=null" name="HouseOverridePremium" />
      <Extension>Microsoft.VisualStudio.TestTools.UITesting.CodedUITestAttribute, Microsoft.VisualStudio.QualityTools.CodedUITestFramework, Version=10.0.0.0, Culture=neutral, PublicKeyToken=b03f5f7f11d50a3a</Extension>
    </UnitTest>
    <UnitTest name="HouseRenewalBefore" storage="c:\tamtestsgit\testproject7\bin\debug\appliedsystems.tam.ui.tests.dll" id="84b504ff-9703-f2ac-6d29-56c44a019f4e">
      <Execution id="233ff038-4d47-416e-a23b-7affe70358de" />
      <TestMethod codeBase="C:/TamTestsGit/TestProject7/bin/Debug/AppliedSystems.Tam.Ui.Tests.DLL" adapterTypeName="Microsoft.VisualStudio.TestTools.TestTypes.Unit.UnitTestAdapter, Microsoft.VisualStudio.QualityTools.Tips.UnitTest.Adapter, Version=10.0.0.0, Culture=neutral, PublicKeyToken=b03f5f7f11d50a3a" className="AppliedSystems.Tam.Ui.Tests.HouseUiTests, AppliedSystems.Tam.Ui.Tests, Version=1.0.0.0, Culture=neutral, PublicKeyToken=null" name="HouseRenewalBefore" />
      <Extension>Microsoft.VisualStudio.TestTools.UITesting.CodedUITestAttribute, Microsoft.VisualStudio.QualityTools.CodedUITestFramework, Version=10.0.0.0, Culture=neutral, PublicKeyToken=b03f5f7f11d50a3a</Extension>
    </UnitTest>
    <UnitTest name="HouseAmendRiskNewScheme" storage="c:\tamtestsgit\testproject7\bin\debug\appliedsystems.tam.ui.tests.dll" id="89df0505-7bef-1c84-6aca-37d1506692db">
      <Execution id="2c6e8c98-d6c5-4f72-8c7a-23aff5202877" />
      <TestMethod codeBase="C:/TamTestsGit/TestProject7/bin/Debug/AppliedSystems.Tam.Ui.Tests.DLL" adapterTypeName="Microsoft.VisualStudio.TestTools.TestTypes.Unit.UnitTestAdapter, Microsoft.VisualStudio.QualityTools.Tips.UnitTest.Adapter, Version=10.0.0.0, Culture=neutral, PublicKeyToken=b03f5f7f11d50a3a" className="AppliedSystems.Tam.Ui.Tests.HouseUiTests, AppliedSystems.Tam.Ui.Tests, Version=1.0.0.0, Culture=neutral, PublicKeyToken=null" name="HouseAmendRiskNewScheme" />
      <Extension>Microsoft.VisualStudio.TestTools.UITesting.CodedUITestAttribute, Microsoft.VisualStudio.QualityTools.CodedUITestFramework, Version=10.0.0.0, Culture=neutral, PublicKeyToken=b03f5f7f11d50a3a</Extension>
    </UnitTest>
    <UnitTest name="HouseCopyRiskNew" storage="c:\tamtestsgit\testproject7\bin\debug\appliedsystems.tam.ui.tests.dll" id="89230cfa-6a19-d3c2-743b-2d2fcea3c803">
      <Execution id="af308c44-864f-4221-9ee7-ab3e49730469" />
      <TestMethod codeBase="C:/TamTestsGit/TestProject7/bin/Debug/AppliedSystems.Tam.Ui.Tests.DLL" adapterTypeName="Microsoft.VisualStudio.TestTools.TestTypes.Unit.UnitTestAdapter, Microsoft.VisualStudio.QualityTools.Tips.UnitTest.Adapter, Version=10.0.0.0, Culture=neutral, PublicKeyToken=b03f5f7f11d50a3a" className="AppliedSystems.Tam.Ui.Tests.HouseUiTests, AppliedSystems.Tam.Ui.Tests, Version=1.0.0.0, Culture=neutral, PublicKeyToken=null" name="HouseCopyRiskNew" />
      <Extension>Microsoft.VisualStudio.TestTools.UITesting.CodedUITestAttribute, Microsoft.VisualStudio.QualityTools.CodedUITestFramework, Version=10.0.0.0, Culture=neutral, PublicKeyToken=b03f5f7f11d50a3a</Extension>
    </UnitTest>
    <UnitTest name="HouseRebrokeRenewExistingScheme" storage="c:\tamtestsgit\testproject7\bin\debug\appliedsystems.tam.ui.tests.dll" id="ffca28b1-a49b-3196-65aa-cebac8571ce3">
      <Execution id="9e4d9ee4-2c1b-46c0-b65e-6e9f2a9e2df1" />
      <TestMethod codeBase="C:/TamTestsGit/TestProject7/bin/Debug/AppliedSystems.Tam.Ui.Tests.DLL" adapterTypeName="Microsoft.VisualStudio.TestTools.TestTypes.Unit.UnitTestAdapter, Microsoft.VisualStudio.QualityTools.Tips.UnitTest.Adapter, Version=10.0.0.0, Culture=neutral, PublicKeyToken=b03f5f7f11d50a3a" className="AppliedSystems.Tam.Ui.Tests.HouseUiTests, AppliedSystems.Tam.Ui.Tests, Version=1.0.0.0, Culture=neutral, PublicKeyToken=null" name="HouseRebrokeRenewExistingScheme" />
      <Extension>Microsoft.VisualStudio.TestTools.UITesting.CodedUITestAttribute, Microsoft.VisualStudio.QualityTools.CodedUITestFramework, Version=10.0.0.0, Culture=neutral, PublicKeyToken=b03f5f7f11d50a3a</Extension>
    </UnitTest>
    <UnitTest name="HouseCancelExit" storage="c:\tamtestsgit\testproject7\bin\debug\appliedsystems.tam.ui.tests.dll" id="4d206040-ae1d-2a21-9082-485d3086eaa9">
      <Execution id="1da75447-f9b6-415d-87d5-7be70009b169" />
      <TestMethod codeBase="C:/TamTestsGit/TestProject7/bin/Debug/AppliedSystems.Tam.Ui.Tests.DLL" adapterTypeName="Microsoft.VisualStudio.TestTools.TestTypes.Unit.UnitTestAdapter, Microsoft.VisualStudio.QualityTools.Tips.UnitTest.Adapter, Version=10.0.0.0, Culture=neutral, PublicKeyToken=b03f5f7f11d50a3a" className="AppliedSystems.Tam.Ui.Tests.HouseUiTests, AppliedSystems.Tam.Ui.Tests, Version=1.0.0.0, Culture=neutral, PublicKeyToken=null" name="HouseCancelExit" />
      <Extension>Microsoft.VisualStudio.TestTools.UITesting.CodedUITestAttribute, Microsoft.VisualStudio.QualityTools.CodedUITestFramework, Version=10.0.0.0, Culture=neutral, PublicKeyToken=b03f5f7f11d50a3a</Extension>
    </UnitTest>
    <UnitTest name="HouseCopyRiskQTE" storage="c:\tamtestsgit\testproject7\bin\debug\appliedsystems.tam.ui.tests.dll" id="36d24d45-f602-15e0-0ca5-89a9133049d8">
      <Execution id="15cef376-44c9-4b84-bfdd-b32d7d92260f" />
      <TestMethod codeBase="C:/TamTestsGit/TestProject7/bin/Debug/AppliedSystems.Tam.Ui.Tests.DLL" adapterTypeName="Microsoft.VisualStudio.TestTools.TestTypes.Unit.UnitTestAdapter, Microsoft.VisualStudio.QualityTools.Tips.UnitTest.Adapter, Version=10.0.0.0, Culture=neutral, PublicKeyToken=b03f5f7f11d50a3a" className="AppliedSystems.Tam.Ui.Tests.HouseUiTests, AppliedSystems.Tam.Ui.Tests, Version=1.0.0.0, Culture=neutral, PublicKeyToken=null" name="HouseCopyRiskQTE" />
      <Extension>Microsoft.VisualStudio.TestTools.UITesting.CodedUITestAttribute, Microsoft.VisualStudio.QualityTools.CodedUITestFramework, Version=10.0.0.0, Culture=neutral, PublicKeyToken=b03f5f7f11d50a3a</Extension>
    </UnitTest>
    <UnitTest name="HouseCancelAccept" storage="c:\tamtestsgit\testproject7\bin\debug\appliedsystems.tam.ui.tests.dll" id="5c9c2876-ef7b-214a-39ca-065818518ce8">
      <Execution id="1fa59bb1-3406-4a12-a13b-a9b4d73d0eec" />
      <TestMethod codeBase="C:/TamTestsGit/TestProject7/bin/Debug/AppliedSystems.Tam.Ui.Tests.DLL" adapterTypeName="Microsoft.VisualStudio.TestTools.TestTypes.Unit.UnitTestAdapter, Microsoft.VisualStudio.QualityTools.Tips.UnitTest.Adapter, Version=10.0.0.0, Culture=neutral, PublicKeyToken=b03f5f7f11d50a3a" className="AppliedSystems.Tam.Ui.Tests.HouseUiTests, AppliedSystems.Tam.Ui.Tests, Version=1.0.0.0, Culture=neutral, PublicKeyToken=null" name="HouseCancelAccept" />
      <Extension>Microsoft.VisualStudio.TestTools.UITesting.CodedUITestAttribute, Microsoft.VisualStudio.QualityTools.CodedUITestFramework, Version=10.0.0.0, Culture=neutral, PublicKeyToken=b03f5f7f11d50a3a</Extension>
    </UnitTest>
    <UnitTest name="HouseSaveQuoteWithoutPremium" storage="c:\tamtestsgit\testproject7\bin\debug\appliedsystems.tam.ui.tests.dll" id="23806c32-26a6-baf2-e67c-b2710d259613">
      <Execution id="7a7a1256-ac96-4e8b-94f2-45542a9c13a2" />
      <TestMethod codeBase="C:/TamTestsGit/TestProject7/bin/Debug/AppliedSystems.Tam.Ui.Tests.DLL" adapterTypeName="Microsoft.VisualStudio.TestTools.TestTypes.Unit.UnitTestAdapter, Microsoft.VisualStudio.QualityTools.Tips.UnitTest.Adapter, Version=10.0.0.0, Culture=neutral, PublicKeyToken=b03f5f7f11d50a3a" className="AppliedSystems.Tam.Ui.Tests.HouseUiTests, AppliedSystems.Tam.Ui.Tests, Version=1.0.0.0, Culture=neutral, PublicKeyToken=null" name="HouseSaveQuoteWithoutPremium" />
      <Extension>Microsoft.VisualStudio.TestTools.UITesting.CodedUITestAttribute, Microsoft.VisualStudio.QualityTools.CodedUITestFramework, Version=10.0.0.0, Culture=neutral, PublicKeyToken=b03f5f7f11d50a3a</Extension>
    </UnitTest>
    <UnitTest name="HouseAmendRiskExistingScheme" storage="c:\tamtestsgit\testproject7\bin\debug\appliedsystems.tam.ui.tests.dll" id="8325e849-00cb-74b8-f092-b233e3af24b2">
      <Execution id="4e784a57-0211-417e-9179-2bc5361d4e22" />
      <TestMethod codeBase="C:/TamTestsGit/TestProject7/bin/Debug/AppliedSystems.Tam.Ui.Tests.DLL" adapterTypeName="Microsoft.VisualStudio.TestTools.TestTypes.Unit.UnitTestAdapter, Microsoft.VisualStudio.QualityTools.Tips.UnitTest.Adapter, Version=10.0.0.0, Culture=neutral, PublicKeyToken=b03f5f7f11d50a3a" className="AppliedSystems.Tam.Ui.Tests.HouseUiTests, AppliedSystems.Tam.Ui.Tests, Version=1.0.0.0, Culture=neutral, PublicKeyToken=null" name="HouseAmendRiskExistingScheme" />
      <Extension>Microsoft.VisualStudio.TestTools.UITesting.CodedUITestAttribute, Microsoft.VisualStudio.QualityTools.CodedUITestFramework, Version=10.0.0.0, Culture=neutral, PublicKeyToken=b03f5f7f11d50a3a</Extension>
    </UnitTest>
    <UnitTest name="HouseRenewalAfter" storage="c:\tamtestsgit\testproject7\bin\debug\appliedsystems.tam.ui.tests.dll" id="65dcd85a-ef1f-e29b-3743-f87742e2ed3d">
      <Execution id="43eff191-654f-4599-9138-e76b62523f93" />
      <TestMethod codeBase="C:/TamTestsGit/TestProject7/bin/Debug/AppliedSystems.Tam.Ui.Tests.DLL" adapterTypeName="Microsoft.VisualStudio.TestTools.TestTypes.Unit.UnitTestAdapter, Microsoft.VisualStudio.QualityTools.Tips.UnitTest.Adapter, Version=10.0.0.0, Culture=neutral, PublicKeyToken=b03f5f7f11d50a3a" className="AppliedSystems.Tam.Ui.Tests.HouseUiTests, AppliedSystems.Tam.Ui.Tests, Version=1.0.0.0, Culture=neutral, PublicKeyToken=null" name="HouseRenewalAfter" />
      <Extension>Microsoft.VisualStudio.TestTools.UITesting.CodedUITestAttribute, Microsoft.VisualStudio.QualityTools.CodedUITestFramework, Version=10.0.0.0, Culture=neutral, PublicKeyToken=b03f5f7f11d50a3a</Extension>
    </UnitTest>
    <UnitTest name="HouseMTAtoMTA" storage="c:\tamtestsgit\testproject7\bin\debug\appliedsystems.tam.ui.tests.dll" id="a264afa1-312a-8c64-caac-2ca63265fc8a">
      <Execution id="dcb37bff-ada3-43cf-a368-7a2eb96fc53c" />
      <TestMethod codeBase="C:/TamTestsGit/TestProject7/bin/Debug/AppliedSystems.Tam.Ui.Tests.DLL" adapterTypeName="Microsoft.VisualStudio.TestTools.TestTypes.Unit.UnitTestAdapter, Microsoft.VisualStudio.QualityTools.Tips.UnitTest.Adapter, Version=10.0.0.0, Culture=neutral, PublicKeyToken=b03f5f7f11d50a3a" className="AppliedSystems.Tam.Ui.Tests.HouseUiTests, AppliedSystems.Tam.Ui.Tests, Version=1.0.0.0, Culture=neutral, PublicKeyToken=null" name="HouseMTAtoMTA" />
      <Extension>Microsoft.VisualStudio.TestTools.UITesting.CodedUITestAttribute, Microsoft.VisualStudio.QualityTools.CodedUITestFramework, Version=10.0.0.0, Culture=neutral, PublicKeyToken=b03f5f7f11d50a3a</Extension>
    </UnitTest>
    <UnitTest name="HouseRebrokeRenewNewScheme" storage="c:\tamtestsgit\testproject7\bin\debug\appliedsystems.tam.ui.tests.dll" id="b54caa2e-c0b5-ae92-08ad-7881c99df81b">
      <Execution id="aa0a22d5-f23d-404a-aa05-f29f9de75adb" />
      <TestMethod codeBase="C:/TamTestsGit/TestProject7/bin/Debug/AppliedSystems.Tam.Ui.Tests.DLL" adapterTypeName="Microsoft.VisualStudio.TestTools.TestTypes.Unit.UnitTestAdapter, Microsoft.VisualStudio.QualityTools.Tips.UnitTest.Adapter, Version=10.0.0.0, Culture=neutral, PublicKeyToken=b03f5f7f11d50a3a" className="AppliedSystems.Tam.Ui.Tests.HouseUiTests, AppliedSystems.Tam.Ui.Tests, Version=1.0.0.0, Culture=neutral, PublicKeyToken=null" name="HouseRebrokeRenewNewScheme" />
      <Extension>Microsoft.VisualStudio.TestTools.UITesting.CodedUITestAttribute, Microsoft.VisualStudio.QualityTools.CodedUITestFramework, Version=10.0.0.0, Culture=neutral, PublicKeyToken=b03f5f7f11d50a3a</Extension>
    </UnitTest>
    <UnitTest name="HouseCopyMTA" storage="c:\tamtestsgit\testproject7\bin\debug\appliedsystems.tam.ui.tests.dll" id="e896f84c-ec6c-92c3-3bd8-d41d57aae4bc">
      <Execution id="9c9b1a95-5f7b-4d88-ae48-e23d23e1c8c4" />
      <TestMethod codeBase="C:/TamTestsGit/TestProject7/bin/Debug/AppliedSystems.Tam.Ui.Tests.DLL" adapterTypeName="Microsoft.VisualStudio.TestTools.TestTypes.Unit.UnitTestAdapter, Microsoft.VisualStudio.QualityTools.Tips.UnitTest.Adapter, Version=10.0.0.0, Culture=neutral, PublicKeyToken=b03f5f7f11d50a3a" className="AppliedSystems.Tam.Ui.Tests.HouseUiTests, AppliedSystems.Tam.Ui.Tests, Version=1.0.0.0, Culture=neutral, PublicKeyToken=null" name="HouseCopyMTA" />
      <Extension>Microsoft.VisualStudio.TestTools.UITesting.CodedUITestAttribute, Microsoft.VisualStudio.QualityTools.CodedUITestFramework, Version=10.0.0.0, Culture=neutral, PublicKeyToken=b03f5f7f11d50a3a</Extension>
    </UnitTest>
    <UnitTest name="HouseRebrokeRenewCurrent" storage="c:\tamtestsgit\testproject7\bin\debug\appliedsystems.tam.ui.tests.dll" id="62fbdf2e-88f8-1124-e9d6-6f2b028ba869">
      <Execution id="62d38166-8e87-40fc-82d9-db94fed0c0fc" />
      <TestMethod codeBase="C:/TamTestsGit/TestProject7/bin/Debug/AppliedSystems.Tam.Ui.Tests.DLL" adapterTypeName="Microsoft.VisualStudio.TestTools.TestTypes.Unit.UnitTestAdapter, Microsoft.VisualStudio.QualityTools.Tips.UnitTest.Adapter, Version=10.0.0.0, Culture=neutral, PublicKeyToken=b03f5f7f11d50a3a" className="AppliedSystems.Tam.Ui.Tests.HouseUiTests, AppliedSystems.Tam.Ui.Tests, Version=1.0.0.0, Culture=neutral, PublicKeyToken=null" name="HouseRebrokeRenewCurrent" />
      <Extension>Microsoft.VisualStudio.TestTools.UITesting.CodedUITestAttribute, Microsoft.VisualStudio.QualityTools.CodedUITestFramework, Version=10.0.0.0, Culture=neutral, PublicKeyToken=b03f5f7f11d50a3a</Extension>
    </UnitTest>
    <UnitTest name="HouseCreateQuote" storage="c:\tamtestsgit\testproject7\bin\debug\appliedsystems.tam.ui.tests.dll" id="860b3117-58e1-faeb-5039-5d480603d3e0">
      <Execution id="80d212d0-dadc-4d70-a18b-7c17f7a83614" />
      <TestMethod codeBase="C:/TamTestsGit/TestProject7/bin/Debug/AppliedSystems.Tam.Ui.Tests.DLL" adapterTypeName="Microsoft.VisualStudio.TestTools.TestTypes.Unit.UnitTestAdapter, Microsoft.VisualStudio.QualityTools.Tips.UnitTest.Adapter, Version=10.0.0.0, Culture=neutral, PublicKeyToken=b03f5f7f11d50a3a" className="AppliedSystems.Tam.Ui.Tests.HouseUiTests, AppliedSystems.Tam.Ui.Tests, Version=1.0.0.0, Culture=neutral, PublicKeyToken=null" name="HouseCreateQuote" />
      <Extension>Microsoft.VisualStudio.TestTools.UITesting.CodedUITestAttribute, Microsoft.VisualStudio.QualityTools.CodedUITestFramework, Version=10.0.0.0, Culture=neutral, PublicKeyToken=b03f5f7f11d50a3a</Extension>
    </UnitTest>
    <UnitTest name="HouseMTAExit" storage="c:\tamtestsgit\testproject7\bin\debug\appliedsystems.tam.ui.tests.dll" id="82f80eb4-3d69-14db-4df1-0d43b770c2aa">
      <Execution id="e0977d53-0256-4955-bb11-d8a1f61ca523" />
      <TestMethod codeBase="C:/TamTestsGit/TestProject7/bin/Debug/AppliedSystems.Tam.Ui.Tests.DLL" adapterTypeName="Microsoft.VisualStudio.TestTools.TestTypes.Unit.UnitTestAdapter, Microsoft.VisualStudio.QualityTools.Tips.UnitTest.Adapter, Version=10.0.0.0, Culture=neutral, PublicKeyToken=b03f5f7f11d50a3a" className="AppliedSystems.Tam.Ui.Tests.HouseUiTests, AppliedSystems.Tam.Ui.Tests, Version=1.0.0.0, Culture=neutral, PublicKeyToken=null" name="HouseMTAExit" />
      <Extension>Microsoft.VisualStudio.TestTools.UITesting.CodedUITestAttribute, Microsoft.VisualStudio.QualityTools.CodedUITestFramework, Version=10.0.0.0, Culture=neutral, PublicKeyToken=b03f5f7f11d50a3a</Extension>
    </UnitTest>
  </TestDefinitions>
  <TestLists>
    <TestList name="Results Not in a List" id="8c84fa94-04c1-424b-9868-57a2d4851a1d" />
    <TestList name="All Loaded Results" id="19431567-8539-422a-85d7-44ee4e166bda" />
  </TestLists>
  <TestEntries>
    <TestEntry testId="860b3117-58e1-faeb-5039-5d480603d3e0" executionId="80d212d0-dadc-4d70-a18b-7c17f7a83614" testListId="8c84fa94-04c1-424b-9868-57a2d4851a1d" />
    <TestEntry testId="a264afa1-312a-8c64-caac-2ca63265fc8a" executionId="dcb37bff-ada3-43cf-a368-7a2eb96fc53c" testListId="8c84fa94-04c1-424b-9868-57a2d4851a1d" />
    <TestEntry testId="a117b69c-fc2d-defc-988c-38b2c22b62ba" executionId="9ee0d98b-fe09-48ae-bf4c-a7db7496bdda" testListId="8c84fa94-04c1-424b-9868-57a2d4851a1d" />
    <TestEntry testId="65dcd85a-ef1f-e29b-3743-f87742e2ed3d" executionId="43eff191-654f-4599-9138-e76b62523f93" testListId="8c84fa94-04c1-424b-9868-57a2d4851a1d" />
    <TestEntry testId="82f80eb4-3d69-14db-4df1-0d43b770c2aa" executionId="e0977d53-0256-4955-bb11-d8a1f61ca523" testListId="8c84fa94-04c1-424b-9868-57a2d4851a1d" />
    <TestEntry testId="0896610c-4da4-38c0-ce20-352846d79839" executionId="d3fa89d1-eafd-41f4-8549-a56faacf2cec" testListId="8c84fa94-04c1-424b-9868-57a2d4851a1d" />
    <TestEntry testId="5c9c2876-ef7b-214a-39ca-065818518ce8" executionId="1fa59bb1-3406-4a12-a13b-a9b4d73d0eec" testListId="8c84fa94-04c1-424b-9868-57a2d4851a1d" />
    <TestEntry testId="89df0505-7bef-1c84-6aca-37d1506692db" executionId="2c6e8c98-d6c5-4f72-8c7a-23aff5202877" testListId="8c84fa94-04c1-424b-9868-57a2d4851a1d" />
    <TestEntry testId="b54caa2e-c0b5-ae92-08ad-7881c99df81b" executionId="aa0a22d5-f23d-404a-aa05-f29f9de75adb" testListId="8c84fa94-04c1-424b-9868-57a2d4851a1d" />
    <TestEntry testId="89230cfa-6a19-d3c2-743b-2d2fcea3c803" executionId="af308c44-864f-4221-9ee7-ab3e49730469" testListId="8c84fa94-04c1-424b-9868-57a2d4851a1d" />
    <TestEntry testId="84b504ff-9703-f2ac-6d29-56c44a019f4e" executionId="233ff038-4d47-416e-a23b-7affe70358de" testListId="8c84fa94-04c1-424b-9868-57a2d4851a1d" />
    <TestEntry testId="ffca28b1-a49b-3196-65aa-cebac8571ce3" executionId="9e4d9ee4-2c1b-46c0-b65e-6e9f2a9e2df1" testListId="8c84fa94-04c1-424b-9868-57a2d4851a1d" />
    <TestEntry testId="36d24d45-f602-15e0-0ca5-89a9133049d8" executionId="15cef376-44c9-4b84-bfdd-b32d7d92260f" testListId="8c84fa94-04c1-424b-9868-57a2d4851a1d" />
    <TestEntry testId="23806c32-26a6-baf2-e67c-b2710d259613" executionId="7a7a1256-ac96-4e8b-94f2-45542a9c13a2" testListId="8c84fa94-04c1-424b-9868-57a2d4851a1d" />
    <TestEntry testId="4d206040-ae1d-2a21-9082-485d3086eaa9" executionId="1da75447-f9b6-415d-87d5-7be70009b169" testListId="8c84fa94-04c1-424b-9868-57a2d4851a1d" />
    <TestEntry testId="8325e849-00cb-74b8-f092-b233e3af24b2" executionId="4e784a57-0211-417e-9179-2bc5361d4e22" testListId="8c84fa94-04c1-424b-9868-57a2d4851a1d" />
    <TestEntry testId="ba26e76f-de14-32e4-8ac8-5df322f1fd27" executionId="1292b842-81a9-46bb-b40a-8fc1dc430dbe" testListId="8c84fa94-04c1-424b-9868-57a2d4851a1d" />
    <TestEntry testId="e896f84c-ec6c-92c3-3bd8-d41d57aae4bc" executionId="9c9b1a95-5f7b-4d88-ae48-e23d23e1c8c4" testListId="8c84fa94-04c1-424b-9868-57a2d4851a1d" />
    <TestEntry testId="62fbdf2e-88f8-1124-e9d6-6f2b028ba869" executionId="62d38166-8e87-40fc-82d9-db94fed0c0fc" testListId="8c84fa94-04c1-424b-9868-57a2d4851a1d" />
  </TestEntries>
  <Results>
    <UnitTestResult executionId="80d212d0-dadc-4d70-a18b-7c17f7a83614" testId="860b3117-58e1-faeb-5039-5d480603d3e0" testName="HouseCreateQuote" computerName="ICLVDEVTM02" duration="00:00:00.9444204" startTime="2013-09-24T13:57:59.3993152+01:00" endTime="2013-09-24T13:58:02.7357388+01:00" testType="13cdc9d9-ddb5-4fa4-a97d-d965ccfc6d4b" outcome="Failed" testListId="8c84fa94-04c1-424b-9868-57a2d4851a1d" relativeResultsDirectory="80d212d0-dadc-4d70-a18b-7c17f7a83614">
      <Output>
        <ErrorInfo>
          <Message>Error calling Initialization method for test class AppliedSystems.Tam.Ui.Tests.HouseUiTests: System.Runtime.InteropServices.COMException: Error HRESULT E_FAIL has been returned from a call to a COM component.</Message>
          <StackTrace>    at Microsoft.VisualStudio.TestTools.UITest.Playback.Engine.IRPFPlayback.SetSkipStepEventName(String skipStepEventName)
   at Microsoft.VisualStudio.TestTools.UITest.Playback.ScreenElement.InitPlayback()
   at Microsoft.VisualStudio.TestTools.UITesting.Playback.Initialize()
</StackTrace>
        </ErrorInfo>
      </Output>
    </UnitTestResult>
    <UnitTestResult executionId="dcb37bff-ada3-43cf-a368-7a2eb96fc53c" testId="a264afa1-312a-8c64-caac-2ca63265fc8a" testName="HouseMTAtoMTA" computerName="ICLVDEVTM02" duration="00:00:00.0023595" startTime="2013-09-24T13:58:02.7412395+01:00" endTime="2013-09-24T13:58:02.7537411+01:00" testType="13cdc9d9-ddb5-4fa4-a97d-d965ccfc6d4b" outcome="Failed" testListId="8c84fa94-04c1-424b-9868-57a2d4851a1d" relativeResultsDirectory="dcb37bff-ada3-43cf-a368-7a2eb96fc53c">
      <Output>
        <ErrorInfo>
          <Message>Error calling Initialization method for test class AppliedSystems.Tam.Ui.Tests.HouseUiTests: System.Runtime.InteropServices.COMException: Error HRESULT E_FAIL has been returned from a call to a COM component.</Message>
          <StackTrace>    at Microsoft.VisualStudio.TestTools.UITest.Playback.Engine.IRPFPlayback.SetSkipStepEventName(String skipStepEventName)
   at Microsoft.VisualStudio.TestTools.UITest.Playback.ScreenElement.InitPlayback()
   at Microsoft.VisualStudio.TestTools.UITesting.Playback.Initialize()
</StackTrace>
        </ErrorInfo>
      </Output>
    </UnitTestResult>
    <UnitTestResult executionId="9ee0d98b-fe09-48ae-bf4c-a7db7496bdda" testId="a117b69c-fc2d-defc-988c-38b2c22b62ba" testName="HouseLapsePolicy" computerName="ICLVDEVTM02" duration="00:00:00.0025885" startTime="2013-09-24T13:58:02.7562415+01:00" endTime="2013-09-24T13:58:02.7672428+01:00" testType="13cdc9d9-ddb5-4fa4-a97d-d965ccfc6d4b" outcome="Failed" testListId="8c84fa94-04c1-424b-9868-57a2d4851a1d" relativeResultsDirectory="9ee0d98b-fe09-48ae-bf4c-a7db7496bdda">
      <Output>
        <ErrorInfo>
          <Message>Error calling Initialization method for test class AppliedSystems.Tam.Ui.Tests.HouseUiTests: System.Runtime.InteropServices.COMException: Error HRESULT E_FAIL has been returned from a call to a COM component.</Message>
          <StackTrace>    at Microsoft.VisualStudio.TestTools.UITest.Playback.Engine.IRPFPlayback.SetSkipStepEventName(String skipStepEventName)
   at Microsoft.VisualStudio.TestTools.UITest.Playback.ScreenElement.InitPlayback()
   at Microsoft.VisualStudio.TestTools.UITesting.Playback.Initialize()
</StackTrace>
        </ErrorInfo>
      </Output>
    </UnitTestResult>
    <UnitTestResult executionId="43eff191-654f-4599-9138-e76b62523f93" testId="65dcd85a-ef1f-e29b-3743-f87742e2ed3d" testName="HouseRenewalAfter" computerName="ICLVDEVTM02" duration="00:00:00.0021649" startTime="2013-09-24T13:58:02.7732436+01:00" endTime="2013-09-24T13:58:02.7802445+01:00" testType="13cdc9d9-ddb5-4fa4-a97d-d965ccfc6d4b" outcome="Failed" testListId="8c84fa94-04c1-424b-9868-57a2d4851a1d" relativeResultsDirectory="43eff191-654f-4599-9138-e76b62523f93">
      <Output>
        <ErrorInfo>
          <Message>Error calling Initialization method for test class AppliedSystems.Tam.Ui.Tests.HouseUiTests: System.Runtime.InteropServices.COMException: Error HRESULT E_FAIL has been returned from a call to a COM component.</Message>
          <StackTrace>    at Microsoft.VisualStudio.TestTools.UITest.Playback.Engine.IRPFPlayback.SetSkipStepEventName(String skipStepEventName)
   at Microsoft.VisualStudio.TestTools.UITest.Playback.ScreenElement.InitPlayback()
   at Microsoft.VisualStudio.TestTools.UITesting.Playback.Initialize()
</StackTrace>
        </ErrorInfo>
      </Output>
    </UnitTestResult>
    <UnitTestResult executionId="e0977d53-0256-4955-bb11-d8a1f61ca523" testId="82f80eb4-3d69-14db-4df1-0d43b770c2aa" testName="HouseMTAExit" computerName="ICLVDEVTM02" duration="00:00:00.0022175" startTime="2013-09-24T13:58:02.7817447+01:00" endTime="2013-09-24T13:58:02.7912459+01:00" testType="13cdc9d9-ddb5-4fa4-a97d-d965ccfc6d4b" outcome="Failed" testListId="8c84fa94-04c1-424b-9868-57a2d4851a1d" relativeResultsDirectory="e0977d53-0256-4955-bb11-d8a1f61ca523">
      <Output>
        <ErrorInfo>
          <Message>Error calling Initialization method for test class AppliedSystems.Tam.Ui.Tests.HouseUiTests: System.Runtime.InteropServices.COMException: Error HRESULT E_FAIL has been returned from a call to a COM component.</Message>
          <StackTrace>    at Microsoft.VisualStudio.TestTools.UITest.Playback.Engine.IRPFPlayback.SetSkipStepEventName(String skipStepEventName)
   at Microsoft.VisualStudio.TestTools.UITest.Playback.ScreenElement.InitPlayback()
   at Microsoft.VisualStudio.TestTools.UITesting.Playback.Initialize()
</StackTrace>
        </ErrorInfo>
      </Output>
    </UnitTestResult>
    <UnitTestResult executionId="d3fa89d1-eafd-41f4-8549-a56faacf2cec" testId="0896610c-4da4-38c0-ce20-352846d79839" testName="HouseOverridePremium" computerName="ICLVDEVTM02" duration="00:00:00.0020173" startTime="2013-09-24T13:58:02.7932461+01:00" endTime="2013-09-24T13:58:02.7997470+01:00" testType="13cdc9d9-ddb5-4fa4-a97d-d965ccfc6d4b" outcome="Failed" testListId="8c84fa94-04c1-424b-9868-57a2d4851a1d" relativeResultsDirectory="d3fa89d1-eafd-41f4-8549-a56faacf2cec">
      <Output>
        <ErrorInfo>
          <Message>Error calling Initialization method for test class AppliedSystems.Tam.Ui.Tests.HouseUiTests: System.Runtime.InteropServices.COMException: Error HRESULT E_FAIL has been returned from a call to a COM component.</Message>
          <StackTrace>    at Microsoft.VisualStudio.TestTools.UITest.Playback.Engine.IRPFPlayback.SetSkipStepEventName(String skipStepEventName)
   at Microsoft.VisualStudio.TestTools.UITest.Playback.ScreenElement.InitPlayback()
   at Microsoft.VisualStudio.TestTools.UITesting.Playback.Initialize()
</StackTrace>
        </ErrorInfo>
      </Output>
    </UnitTestResult>
    <UnitTestResult executionId="1fa59bb1-3406-4a12-a13b-a9b4d73d0eec" testId="5c9c2876-ef7b-214a-39ca-065818518ce8" testName="HouseCancelAccept" computerName="ICLVDEVTM02" duration="00:00:00.0021592" startTime="2013-09-24T13:58:02.8017472+01:00" endTime="2013-09-24T13:58:02.8092482+01:00" testType="13cdc9d9-ddb5-4fa4-a97d-d965ccfc6d4b" outcome="Failed" testListId="8c84fa94-04c1-424b-9868-57a2d4851a1d" relativeResultsDirectory="1fa59bb1-3406-4a12-a13b-a9b4d73d0eec">
      <Output>
        <ErrorInfo>
          <Message>Error calling Initialization method for test class AppliedSystems.Tam.Ui.Tests.HouseUiTests: System.Runtime.InteropServices.COMException: Error HRESULT E_FAIL has been returned from a call to a COM component.</Message>
          <StackTrace>    at Microsoft.VisualStudio.TestTools.UITest.Playback.Engine.IRPFPlayback.SetSkipStepEventName(String skipStepEventName)
   at Microsoft.VisualStudio.TestTools.UITest.Playback.ScreenElement.InitPlayback()
   at Microsoft.VisualStudio.TestTools.UITesting.Playback.Initialize()
</StackTrace>
        </ErrorInfo>
      </Output>
    </UnitTestResult>
    <UnitTestResult executionId="2c6e8c98-d6c5-4f72-8c7a-23aff5202877" testId="89df0505-7bef-1c84-6aca-37d1506692db" testName="HouseAmendRiskNewScheme" computerName="ICLVDEVTM02" duration="00:00:00.0022172" startTime="2013-09-24T13:58:02.8117485+01:00" endTime="2013-09-24T13:58:02.8182493+01:00" testType="13cdc9d9-ddb5-4fa4-a97d-d965ccfc6d4b" outcome="Failed" testListId="8c84fa94-04c1-424b-9868-57a2d4851a1d" relativeResultsDirectory="2c6e8c98-d6c5-4f72-8c7a-23aff5202877">
      <Output>
        <ErrorInfo>
          <Message>Error calling Initialization method for test class AppliedSystems.Tam.Ui.Tests.HouseUiTests: System.Runtime.InteropServices.COMException: Error HRESULT E_FAIL has been returned from a call to a COM component.</Message>
          <StackTrace>    at Microsoft.VisualStudio.TestTools.UITest.Playback.Engine.IRPFPlayback.SetSkipStepEventName(String skipStepEventName)
   at Microsoft.VisualStudio.TestTools.UITest.Playback.ScreenElement.InitPlayback()
   at Microsoft.VisualStudio.TestTools.UITesting.Playback.Initialize()
</StackTrace>
        </ErrorInfo>
      </Output>
    </UnitTestResult>
    <UnitTestResult executionId="aa0a22d5-f23d-404a-aa05-f29f9de75adb" testId="b54caa2e-c0b5-ae92-08ad-7881c99df81b" testName="HouseRebrokeRenewNewScheme" computerName="ICLVDEVTM02" duration="00:00:00.0020996" startTime="2013-09-24T13:58:02.8247502+01:00" endTime="2013-09-24T13:58:02.8312510+01:00" testType="13cdc9d9-ddb5-4fa4-a97d-d965ccfc6d4b" outcome="Failed" testListId="8c84fa94-04c1-424b-9868-57a2d4851a1d" relativeResultsDirectory="aa0a22d5-f23d-404a-aa05-f29f9de75adb">
      <Output>
        <ErrorInfo>
          <Message>Error calling Initialization method for test class AppliedSystems.Tam.Ui.Tests.HouseUiTests: System.Runtime.InteropServices.COMException: Error HRESULT E_FAIL has been returned from a call to a COM component.</Message>
          <StackTrace>    at Microsoft.VisualStudio.TestTools.UITest.Playback.Engine.IRPFPlayback.SetSkipStepEventName(String skipStepEventName)
   at Microsoft.VisualStudio.TestTools.UITest.Playback.ScreenElement.InitPlayback()
   at Microsoft.VisualStudio.TestTools.UITesting.Playback.Initialize()
</StackTrace>
        </ErrorInfo>
      </Output>
    </UnitTestResult>
    <UnitTestResult executionId="af308c44-864f-4221-9ee7-ab3e49730469" testId="89230cfa-6a19-d3c2-743b-2d2fcea3c803" testName="HouseCopyRiskNew" computerName="ICLVDEVTM02" duration="00:00:00.0020109" startTime="2013-09-24T13:58:02.8337513+01:00" endTime="2013-09-24T13:58:02.8402521+01:00" testType="13cdc9d9-ddb5-4fa4-a97d-d965ccfc6d4b" outcome="Failed" testListId="8c84fa94-04c1-424b-9868-57a2d4851a1d" relativeResultsDirectory="af308c44-864f-4221-9ee7-ab3e49730469">
      <Output>
        <ErrorInfo>
          <Message>Error calling Initialization method for test class AppliedSystems.Tam.Ui.Tests.HouseUiTests: System.Runtime.InteropServices.COMException: Error HRESULT E_FAIL has been returned from a call to a COM component.</Message>
          <StackTrace>    at Microsoft.VisualStudio.TestTools.UITest.Playback.Engine.IRPFPlayback.SetSkipStepEventName(String skipStepEventName)
   at Microsoft.VisualStudio.TestTools.UITest.Playback.ScreenElement.InitPlayback()
   at Microsoft.VisualStudio.TestTools.UITesting.Playback.Initialize()
</StackTrace>
        </ErrorInfo>
      </Output>
    </UnitTestResult>
    <UnitTestResult executionId="233ff038-4d47-416e-a23b-7affe70358de" testId="84b504ff-9703-f2ac-6d29-56c44a019f4e" testName="HouseRenewalBefore" computerName="ICLVDEVTM02" duration="00:00:00.0025290" startTime="2013-09-24T13:58:02.8417523+01:00" endTime="2013-09-24T13:58:02.8487532+01:00" testType="13cdc9d9-ddb5-4fa4-a97d-d965ccfc6d4b" outcome="Failed" testListId="8c84fa94-04c1-424b-9868-57a2d4851a1d" relativeResultsDirectory="233ff038-4d47-416e-a23b-7affe70358de">
      <Output>
        <ErrorInfo>
          <Message>Error calling Initialization method for test class AppliedSystems.Tam.Ui.Tests.HouseUiTests: System.Runtime.InteropServices.COMException: Error HRESULT E_FAIL has been returned from a call to a COM component.</Message>
          <StackTrace>    at Microsoft.VisualStudio.TestTools.UITest.Playback.Engine.IRPFPlayback.SetSkipStepEventName(String skipStepEventName)
   at Microsoft.VisualStudio.TestTools.UITest.Playback.ScreenElement.InitPlayback()
   at Microsoft.VisualStudio.TestTools.UITesting.Playback.Initialize()
</StackTrace>
        </ErrorInfo>
      </Output>
    </UnitTestResult>
    <UnitTestResult executionId="9e4d9ee4-2c1b-46c0-b65e-6e9f2a9e2df1" testId="ffca28b1-a49b-3196-65aa-cebac8571ce3" testName="HouseRebrokeRenewExistingScheme" computerName="ICLVDEVTM02" duration="00:00:00.0021500" startTime="2013-09-24T13:58:02.8507535+01:00" endTime="2013-09-24T13:58:02.8572543+01:00" testType="13cdc9d9-ddb5-4fa4-a97d-d965ccfc6d4b" outcome="Failed" testListId="8c84fa94-04c1-424b-9868-57a2d4851a1d" relativeResultsDirectory="9e4d9ee4-2c1b-46c0-b65e-6e9f2a9e2df1">
      <Output>
        <ErrorInfo>
          <Message>Error calling Initialization method for test class AppliedSystems.Tam.Ui.Tests.HouseUiTests: System.Runtime.InteropServices.COMException: Error HRESULT E_FAIL has been returned from a call to a COM component.</Message>
          <StackTrace>    at Microsoft.VisualStudio.TestTools.UITest.Playback.Engine.IRPFPlayback.SetSkipStepEventName(String skipStepEventName)
   at Microsoft.VisualStudio.TestTools.UITest.Playback.ScreenElement.InitPlayback()
   at Microsoft.VisualStudio.TestTools.UITesting.Playback.Initialize()
</StackTrace>
        </ErrorInfo>
      </Output>
    </UnitTestResult>
    <UnitTestResult executionId="15cef376-44c9-4b84-bfdd-b32d7d92260f" testId="36d24d45-f602-15e0-0ca5-89a9133049d8" testName="HouseCopyRiskQTE" computerName="ICLVDEVTM02" duration="00:00:00.0022073" startTime="2013-09-24T13:58:02.8592545+01:00" endTime="2013-09-24T13:58:02.8657554+01:00" testType="13cdc9d9-ddb5-4fa4-a97d-d965ccfc6d4b" outcome="Failed" testListId="8c84fa94-04c1-424b-9868-57a2d4851a1d" relativeResultsDirectory="15cef376-44c9-4b84-bfdd-b32d7d92260f">
      <Output>
        <ErrorInfo>
          <Message>Error calling Initialization method for test class AppliedSystems.Tam.Ui.Tests.HouseUiTests: System.Runtime.InteropServices.COMException: Error HRESULT E_FAIL has been returned from a call to a COM component.</Message>
          <StackTrace>    at Microsoft.VisualStudio.TestTools.UITest.Playback.Engine.IRPFPlayback.SetSkipStepEventName(String skipStepEventName)
   at Microsoft.VisualStudio.TestTools.UITest.Playback.ScreenElement.InitPlayback()
   at Microsoft.VisualStudio.TestTools.UITesting.Playback.Initialize()
</StackTrace>
        </ErrorInfo>
      </Output>
    </UnitTestResult>
    <UnitTestResult executionId="7a7a1256-ac96-4e8b-94f2-45542a9c13a2" testId="23806c32-26a6-baf2-e67c-b2710d259613" testName="HouseSaveQuoteWithoutPremium" computerName="ICLVDEVTM02" duration="00:00:00.0023715" startTime="2013-09-24T13:58:02.8677556+01:00" endTime="2013-09-24T13:58:02.8747565+01:00" testType="13cdc9d9-ddb5-4fa4-a97d-d965ccfc6d4b" outcome="Failed" testListId="8c84fa94-04c1-424b-9868-57a2d4851a1d" relativeResultsDirectory="7a7a1256-ac96-4e8b-94f2-45542a9c13a2">
      <Output>
        <ErrorInfo>
          <Message>Error calling Initialization method for test class AppliedSystems.Tam.Ui.Tests.HouseUiTests: System.Runtime.InteropServices.COMException: Error HRESULT E_FAIL has been returned from a call to a COM component.</Message>
          <StackTrace>    at Microsoft.VisualStudio.TestTools.UITest.Playback.Engine.IRPFPlayback.SetSkipStepEventName(String skipStepEventName)
   at Microsoft.VisualStudio.TestTools.UITest.Playback.ScreenElement.InitPlayback()
   at Microsoft.VisualStudio.TestTools.UITesting.Playback.Initialize()
</StackTrace>
        </ErrorInfo>
      </Output>
    </UnitTestResult>
    <UnitTestResult executionId="1da75447-f9b6-415d-87d5-7be70009b169" testId="4d206040-ae1d-2a21-9082-485d3086eaa9" testName="HouseCancelExit" computerName="ICLVDEVTM02" duration="00:00:00.0022691" startTime="2013-09-24T13:58:02.8767568+01:00" endTime="2013-09-24T13:58:02.8837576+01:00" testType="13cdc9d9-ddb5-4fa4-a97d-d965ccfc6d4b" outcome="Failed" testListId="8c84fa94-04c1-424b-9868-57a2d4851a1d" relativeResultsDirectory="1da75447-f9b6-415d-87d5-7be70009b169">
      <Output>
        <ErrorInfo>
          <Message>Error calling Initialization method for test class AppliedSystems.Tam.Ui.Tests.HouseUiTests: System.Runtime.InteropServices.COMException: Error HRESULT E_FAIL has been returned from a call to a COM component.</Message>
          <StackTrace>    at Microsoft.VisualStudio.TestTools.UITest.Playback.Engine.IRPFPlayback.SetSkipStepEventName(String skipStepEventName)
   at Microsoft.VisualStudio.TestTools.UITest.Playback.ScreenElement.InitPlayback()
   at Microsoft.VisualStudio.TestTools.UITesting.Playback.Initialize()
</StackTrace>
        </ErrorInfo>
      </Output>
    </UnitTestResult>
    <UnitTestResult executionId="4e784a57-0211-417e-9179-2bc5361d4e22" testId="8325e849-00cb-74b8-f092-b233e3af24b2" testName="HouseAmendRiskExistingScheme" computerName="ICLVDEVTM02" duration="00:00:00.0022526" startTime="2013-09-24T13:58:02.8942590+01:00" endTime="2013-09-24T13:58:02.9017599+01:00" testType="13cdc9d9-ddb5-4fa4-a97d-d965ccfc6d4b" outcome="Failed" testListId="8c84fa94-04c1-424b-9868-57a2d4851a1d" relativeResultsDirectory="4e784a57-0211-417e-9179-2bc5361d4e22">
      <Output>
        <ErrorInfo>
          <Message>Error calling Initialization method for test class AppliedSystems.Tam.Ui.Tests.HouseUiTests: System.Runtime.InteropServices.COMException: Error HRESULT E_FAIL has been returned from a call to a COM component.</Message>
          <StackTrace>    at Microsoft.VisualStudio.TestTools.UITest.Playback.Engine.IRPFPlayback.SetSkipStepEventName(String skipStepEventName)
   at Microsoft.VisualStudio.TestTools.UITest.Playback.ScreenElement.InitPlayback()
   at Microsoft.VisualStudio.TestTools.UITesting.Playback.Initialize()
</StackTrace>
        </ErrorInfo>
      </Output>
    </UnitTestResult>
    <UnitTestResult executionId="1292b842-81a9-46bb-b40a-8fc1dc430dbe" testId="ba26e76f-de14-32e4-8ac8-5df322f1fd27" testName="HouseMTAAccept" computerName="ICLVDEVTM02" duration="00:00:00.0022872" startTime="2013-09-24T13:58:02.9057604+01:00" endTime="2013-09-24T13:58:02.9132614+01:00" testType="13cdc9d9-ddb5-4fa4-a97d-d965ccfc6d4b" outcome="Failed" testListId="8c84fa94-04c1-424b-9868-57a2d4851a1d" relativeResultsDirectory="1292b842-81a9-46bb-b40a-8fc1dc430dbe">
      <Output>
        <ErrorInfo>
          <Message>Error calling Initialization method for test class AppliedSystems.Tam.Ui.Tests.HouseUiTests: System.Runtime.InteropServices.COMException: Error HRESULT E_FAIL has been returned from a call to a COM component.</Message>
          <StackTrace>    at Microsoft.VisualStudio.TestTools.UITest.Playback.Engine.IRPFPlayback.SetSkipStepEventName(String skipStepEventName)
   at Microsoft.VisualStudio.TestTools.UITest.Playback.ScreenElement.InitPlayback()
   at Microsoft.VisualStudio.TestTools.UITesting.Playback.Initialize()
</StackTrace>
        </ErrorInfo>
      </Output>
    </UnitTestResult>
    <UnitTestResult executionId="9c9b1a95-5f7b-4d88-ae48-e23d23e1c8c4" testId="e896f84c-ec6c-92c3-3bd8-d41d57aae4bc" testName="HouseCopyMTA" computerName="ICLVDEVTM02" duration="00:00:00.0022195" startTime="2013-09-24T13:58:02.9152616+01:00" endTime="2013-09-24T13:58:02.9217625+01:00" testType="13cdc9d9-ddb5-4fa4-a97d-d965ccfc6d4b" outcome="Failed" testListId="8c84fa94-04c1-424b-9868-57a2d4851a1d" relativeResultsDirectory="9c9b1a95-5f7b-4d88-ae48-e23d23e1c8c4">
      <Output>
        <ErrorInfo>
          <Message>Error calling Initialization method for test class AppliedSystems.Tam.Ui.Tests.HouseUiTests: System.Runtime.InteropServices.COMException: Error HRESULT E_FAIL has been returned from a call to a COM component.</Message>
          <StackTrace>    at Microsoft.VisualStudio.TestTools.UITest.Playback.Engine.IRPFPlayback.SetSkipStepEventName(String skipStepEventName)
   at Microsoft.VisualStudio.TestTools.UITest.Playback.ScreenElement.InitPlayback()
   at Microsoft.VisualStudio.TestTools.UITesting.Playback.Initialize()
</StackTrace>
        </ErrorInfo>
      </Output>
    </UnitTestResult>
    <UnitTestResult executionId="62d38166-8e87-40fc-82d9-db94fed0c0fc" testId="62fbdf2e-88f8-1124-e9d6-6f2b028ba869" testName="HouseRebrokeRenewCurrent" computerName="ICLVDEVTM02" duration="00:00:00.0022044" startTime="2013-09-24T13:58:02.9237627+01:00" endTime="2013-09-24T13:58:02.9312637+01:00" testType="13cdc9d9-ddb5-4fa4-a97d-d965ccfc6d4b" outcome="Failed" testListId="8c84fa94-04c1-424b-9868-57a2d4851a1d" relativeResultsDirectory="62d38166-8e87-40fc-82d9-db94fed0c0fc">
      <Output>
        <ErrorInfo>
          <Message>Error calling Initialization method for test class AppliedSystems.Tam.Ui.Tests.HouseUiTests: System.Runtime.InteropServices.COMException: Error HRESULT E_FAIL has been returned from a call to a COM component.</Message>
          <StackTrace>    at Microsoft.VisualStudio.TestTools.UITest.Playback.Engine.IRPFPlayback.SetSkipStepEventName(String skipStepEventName)
   at Microsoft.VisualStudio.TestTools.UITest.Playback.ScreenElement.InitPlayback()
   at Microsoft.VisualStudio.TestTools.UITesting.Playback.Initialize()
</StackTrace>
        </ErrorInfo>
      </Output>
    </UnitTestResult>
  </Results>
</TestRun>