<?xml version="1.0" encoding="UTF-8"?>
<TestRun id="f586b8b0-aa47-44ca-a60a-b86a05a99e79" name="testuser@ICLVDEVTL 2013-09-23 14:43:24" runUser="ICLVDEVTL\testuser" xmlns="http://microsoft.com/schemas/VisualStudio/TeamTest/2010">
  <TestSettings name="Remote" id="47e1e203-4706-4ffd-9873-ee9804c8144d">
    <Description>These are default test settings for a local test run.</Description>
    <Deployment runDeploymentRoot="testuser_ICLVDEVTL 2013-09-23 14_43_24">
      <DeploymentItem filename="C:\TestLinkAPI.dll" />
      <DeploymentItem filename="C:\TamTestsGit\TestProject7\References\itextsharp.dll" />
    </Deployment>
    <RemoteController name="ICLVDEVTL" />
    <Execution location="Remote">
      <TestTypeSpecific>
        <UnitTestRunConfig testTypeId="13cdc9d9-ddb5-4fa4-a97d-d965ccfc6d4b">
          <AssemblyResolution>
            <TestDirectory useLoadContext="true" />
          </AssemblyResolution>
        </UnitTestRunConfig>
      </TestTypeSpecific>
      <AgentRule name="AllAgentsDefaultRole">
      </AgentRule>
    </Execution>
  </TestSettings>
  <Times creation="2013-09-23T14:43:24.4063274+01:00" queuing="2013-09-23T14:43:24.7183334+01:00" start="2013-09-23T14:43:25.5139487+01:00" finish="2013-09-23T14:49:10.0164126+01:00" />
  <ResultSummary outcome="Completed">
    <Counters total="1" executed="1" passed="1" error="0" failed="0" timeout="0" aborted="0" inconclusive="0" passedButRunAborted="0" notRunnable="0" notExecuted="0" disconnected="0" warning="0" completed="0" inProgress="0" pending="0" />
  </ResultSummary>
  <TestDefinitions>
    <UnitTest name="HouseCopyMTA" storage="c:\tamtestsgit\testproject7\bin\debug\appliedsystems.tam.ui.tests.dll" id="e896f84c-ec6c-92c3-3bd8-d41d57aae4bc">
      <Execution id="43674faa-ea65-47b1-8703-4e2547fd410a" />
      <TestMethod codeBase="C:/TamTestsGit/TestProject7/bin/Debug/AppliedSystems.Tam.Ui.Tests.DLL" adapterTypeName="Microsoft.VisualStudio.TestTools.TestTypes.Unit.UnitTestAdapter, Microsoft.VisualStudio.QualityTools.Tips.UnitTest.Adapter, Version=10.0.0.0, Culture=neutral, PublicKeyToken=b03f5f7f11d50a3a" className="AppliedSystems.Tam.Ui.Tests.HouseUiTests, AppliedSystems.Tam.Ui.Tests, Version=1.0.0.0, Culture=neutral, PublicKeyToken=null" name="HouseCopyMTA" />
      <Extension>Microsoft.VisualStudio.TestTools.UITesting.CodedUITestAttribute, Microsoft.VisualStudio.QualityTools.CodedUITestFramework, Version=10.0.0.0, Culture=neutral, PublicKeyToken=b03f5f7f11d50a3a</Extension>
    </UnitTest>
  </TestDefinitions>
  <TestLists>
    <TestList name="Results Not in a List" id="8c84fa94-04c1-424b-9868-57a2d4851a1d" />
    <TestList name="All Loaded Results" id="19431567-8539-422a-85d7-44ee4e166bda" />
  </TestLists>
  <TestEntries>
    <TestEntry testId="e896f84c-ec6c-92c3-3bd8-d41d57aae4bc" executionId="43674faa-ea65-47b1-8703-4e2547fd410a" testListId="8c84fa94-04c1-424b-9868-57a2d4851a1d" />
  </TestEntries>
  <Results>
    <UnitTestResult executionId="43674faa-ea65-47b1-8703-4e2547fd410a" testId="e896f84c-ec6c-92c3-3bd8-d41d57aae4bc" testName="HouseCopyMTA" computerName="ICLVDEVTM02" duration="00:05:42.2010976" startTime="2013-09-23T14:42:06.8655941+01:00" endTime="2013-09-23T14:47:49.4345948+01:00" testType="13cdc9d9-ddb5-4fa4-a97d-d965ccfc6d4b" outcome="Passed" testListId="8c84fa94-04c1-424b-9868-57a2d4851a1d" relativeResultsDirectory="43674faa-ea65-47b1-8703-4e2547fd410a">
    </UnitTestResult>
  </Results>
</TestRun>