<?xml version="1.0" encoding="UTF-8"?>
<TestRun id="f097dc46-761a-4066-9845-ba6ca119ef97" name="testuser@ICLVDEVTL 2013-09-23 12:51:25" runUser="ICLVDEVTL\testuser" xmlns="http://microsoft.com/schemas/VisualStudio/TeamTest/2010">
  <TestSettings name="Remote" id="47e1e203-4706-4ffd-9873-ee9804c8144d">
    <Description>These are default test settings for a local test run.</Description>
    <Deployment userDeploymentRoot="C:\TamTestsGit\TestProject7\TestResults" useDefaultDeploymentRoot="false" runDeploymentRoot="testuser_ICLVDEVTL 2013-09-23 12_51_25">
      <DeploymentItem filename="C:\TestLinkAPI.dll" />
      <DeploymentItem filename="C:\TamTestsGit\TestProject7\References\itextsharp.dll" />
    </Deployment>
    <RemoteController name="ICLVDEVTL" />
    <Execution location="Remote">
      <TestTypeSpecific>
        <UnitTestRunConfig testTypeId="13cdc9d9-ddb5-4fa4-a97d-d965ccfc6d4b">
          <AssemblyResolution>
            <TestDirectory useLoadContext="true" />
          </AssemblyResolution>
        </UnitTestRunConfig>
      </TestTypeSpecific>
      <AgentRule name="AllAgentsDefaultRole">
      </AgentRule>
    </Execution>
  </TestSettings>
  <Times creation="2013-09-23T12:51:25.6760691+01:00" queuing="2013-09-23T12:51:26.4151367+01:00" start="2013-09-23T12:51:26.9923478+01:00" finish="2013-09-23T12:51:37.3977479+01:00" />
  <ResultSummary outcome="Aborted">
    <Counters total="1" executed="1" error="0" failed="0" timeout="0" aborted="1" inconclusive="0" passedButRunAborted="0" notRunnable="0" notExecuted="0" disconnected="0" warning="0" passed="0" completed="0" inProgress="0" pending="0" />
  </ResultSummary>
  <TestDefinitions>
    <UnitTest name="HouseCreateQuote" storage="c:\tamtestsgit\testproject7\bin\debug\appliedsystems.tam.ui.tests.dll" id="860b3117-58e1-faeb-5039-5d480603d3e0">
      <Execution id="78717187-8e9b-44e6-93ab-77741cbbc760" />
      <TestMethod codeBase="C:/TamTestsGit/TestProject7/bin/Debug/AppliedSystems.Tam.Ui.Tests.DLL" adapterTypeName="Microsoft.VisualStudio.TestTools.TestTypes.Unit.UnitTestAdapter, Microsoft.VisualStudio.QualityTools.Tips.UnitTest.Adapter, Version=10.0.0.0, Culture=neutral, PublicKeyToken=b03f5f7f11d50a3a" className="AppliedSystems.Tam.Ui.Tests.HouseUiTests, AppliedSystems.Tam.Ui.Tests, Version=1.0.0.0, Culture=neutral, PublicKeyToken=null" name="HouseCreateQuote" />
      <Extension>Microsoft.VisualStudio.TestTools.UITesting.CodedUITestAttribute, Microsoft.VisualStudio.QualityTools.CodedUITestFramework, Version=10.0.0.0, Culture=neutral, PublicKeyToken=b03f5f7f11d50a3a</Extension>
    </UnitTest>
  </TestDefinitions>
  <TestLists>
    <TestList name="Results Not in a List" id="8c84fa94-04c1-424b-9868-57a2d4851a1d" />
    <TestList name="All Loaded Results" id="19431567-8539-422a-85d7-44ee4e166bda" />
  </TestLists>
  <TestEntries>
    <TestEntry testId="860b3117-58e1-faeb-5039-5d480603d3e0" executionId="78717187-8e9b-44e6-93ab-77741cbbc760" testListId="8c84fa94-04c1-424b-9868-57a2d4851a1d" />
  </TestEntries>
  <Results>
    <UnitTestResult executionId="78717187-8e9b-44e6-93ab-77741cbbc760" testId="860b3117-58e1-faeb-5039-5d480603d3e0" testName="HouseCreateQuote" computerName="ICLVDEVTM02" duration="00:00:03.6809674" startTime="2013-09-23T12:50:08.5299738+01:00" endTime="2013-09-23T12:50:12.2109412+01:00" testType="13cdc9d9-ddb5-4fa4-a97d-d965ccfc6d4b" outcome="Aborted" testListId="8c84fa94-04c1-424b-9868-57a2d4851a1d" relativeResultsDirectory="78717187-8e9b-44e6-93ab-77741cbbc760">
      <Output>
        <ErrorInfo>
          <Message>User aborted test run.</Message>
        </ErrorInfo>
      </Output>
    </UnitTestResult>
  </Results>
</TestRun>