<?xml version="1.0" encoding="UTF-8"?>
<TestRun id="c95bee32-2ea8-45bd-ae3f-e33b29c80adc" name="testuser@ICLVDEVTL 2013-05-21 10:16:48" runUser="ICLVDEVTL\testuser" xmlns="http://microsoft.com/schemas/VisualStudio/TeamTest/2010">
  <TestSettings name="RemoteSetting" id="5c3ed885-967b-4862-a1a8-8a2764ec6e39">
    <Description>These are default test settings for a local test run.</Description>
    <Deployment runDeploymentRoot="testuser_ICLVDEVTL 2013-05-21 10_16_48">
      <DeploymentItem filename="C:\TestLinkFixture.dll" />
      <DeploymentItem filename="C:\CookComputing.XmlRpcV2.dll" />
      <DeploymentItem filename="C:\TestLinkAPI.dll" />
    </Deployment>
    <RemoteController name="ICLVDEVTL" />
    <Execution location="Remote">
      <TestTypeSpecific>
        <UnitTestRunConfig testTypeId="13cdc9d9-ddb5-4fa4-a97d-d965ccfc6d4b">
          <AssemblyResolution>
            <TestDirectory useLoadContext="true" />
          </AssemblyResolution>
        </UnitTestRunConfig>
      </TestTypeSpecific>
      <AgentRule name="New role 1">
      </AgentRule>
    </Execution>
  </TestSettings>
  <Times creation="2013-05-21T10:16:48.5949105+01:00" queuing="2013-05-21T10:16:48.9489459+01:00" start="2013-05-21T10:16:49.4269937+01:00" finish="2013-05-21T10:19:37.4187912+01:00" />
  <ResultSummary outcome="Completed">
    <Counters total="1" executed="1" passed="1" error="0" failed="0" timeout="0" aborted="0" inconclusive="0" passedButRunAborted="0" notRunnable="0" notExecuted="0" disconnected="0" warning="0" completed="0" inProgress="0" pending="0" />
  </ResultSummary>
  <TestDefinitions>
    <UnitTest name="MotoOverridePremium" storage="c:\autotesttam1205\testproject7\bin\debug\ver1.dll" id="2e87f328-52a4-0909-efbf-b1cd271415f7">
      <Execution id="a7024178-e6f5-4023-af41-896f4e40cddc" />
      <TestMethod codeBase="C:/AutotestTam1205/TestProject7/bin/Debug/Ver1.DLL" adapterTypeName="Microsoft.VisualStudio.TestTools.TestTypes.Unit.UnitTestAdapter, Microsoft.VisualStudio.QualityTools.Tips.UnitTest.Adapter, Version=10.0.0.0, Culture=neutral, PublicKeyToken=b03f5f7f11d50a3a" className="Ver1.CodedUITest2, Ver1, Version=1.0.0.0, Culture=neutral, PublicKeyToken=null" name="MotoOverridePremium" />
      <Extension>Microsoft.VisualStudio.TestTools.UITesting.CodedUITestAttribute, Microsoft.VisualStudio.QualityTools.CodedUITestFramework, Version=10.0.0.0, Culture=neutral, PublicKeyToken=b03f5f7f11d50a3a</Extension>
    </UnitTest>
  </TestDefinitions>
  <TestLists>
    <TestList name="Results Not in a List" id="8c84fa94-04c1-424b-9868-57a2d4851a1d" />
    <TestList name="All Loaded Results" id="19431567-8539-422a-85d7-44ee4e166bda" />
  </TestLists>
  <TestEntries>
    <TestEntry testId="2e87f328-52a4-0909-efbf-b1cd271415f7" executionId="a7024178-e6f5-4023-af41-896f4e40cddc" testListId="8c84fa94-04c1-424b-9868-57a2d4851a1d" />
  </TestEntries>
  <Results>
    <UnitTestResult executionId="a7024178-e6f5-4023-af41-896f4e40cddc" testId="2e87f328-52a4-0909-efbf-b1cd271415f7" testName="MotoOverridePremium" computerName="ICDVDEVTM01" duration="00:02:46.8488001" startTime="2013-05-21T10:21:13.3848895+01:00" endTime="2013-05-21T10:24:00.6201257+01:00" testType="13cdc9d9-ddb5-4fa4-a97d-d965ccfc6d4b" outcome="Passed" testListId="8c84fa94-04c1-424b-9868-57a2d4851a1d" relativeResultsDirectory="a7024178-e6f5-4023-af41-896f4e40cddc">
      <Output>
        <DebugTrace>W, 2072, 101, 2013/05/21, 10:21:18.520, 99642902676, QTAgent32.exe, &lt;a class=success&gt;Playback - {1} [SUCCESS] MouseButtonClick - "[MSAA, VisibleOnly]ControlType='Edit'"
\0&lt;/a&gt;
W, 2072, 101, 2013/05/21, 10:21:18.720, 99645767293, QTAgent32.exe, &lt;a class=success&gt;Playback - {2} [SUCCESS] SendKeys "[*]" - "[MSAA, VisibleOnly]ControlType='Edit'"
\0&lt;/a&gt;
W, 2072, 101, 2013/05/21, 10:21:19.381, 99655235771, QTAgent32.exe, &lt;a class=success&gt;Playback - {3} [SUCCESS] MouseButtonClick - "[MSAA, VisibleOnly]ControlType='Button' &amp;&amp; Name='OK'"
\0&lt;/a&gt;
E, 2072, 101, 2013/05/21, 10:21:19.533, 99657403469, QTAgent32.exe, LoadLibrary() : Unable to find the resource 37382 from assembly C:\Windows\system32\en-US\ieframe.dll.mui: Error1814
E, 2072, 101, 2013/05/21, 10:21:19.533, 99657409543, QTAgent32.exe, LoadLibrary() : Unable to find the resource 41728 from assembly C:\Windows\system32\en-US\ieframe.dll.mui: Error1814
E, 2072, 101, 2013/05/21, 10:21:19.533, 99657411785, QTAgent32.exe, LoadLibrary() : Unable to find the resource 8131 from assembly C:\Windows\system32\en-US\ieframe.dll.mui: Error1814
E, 2072, 101, 2013/05/21, 10:21:19.534, 99657415042, QTAgent32.exe, LoadLibrary() : Unable to find the resource 8131 from assembly C:\Windows\system32\en-US\ieframe.dll.mui: Error1814
E, 2072, 101, 2013/05/21, 10:21:19.534, 99657418936, QTAgent32.exe, LoadLibrary() : Unable to find the resource 8131 from assembly C:\Windows\system32\en-US\ieframe.dll.mui: Error1814
E, 2072, 101, 2013/05/21, 10:21:19.538, 99657484263, QTAgent32.exe, LoadLibrary() : Unable to find the resource 803 from assembly C:\Windows\system32\en-US\user32.dll.mui: Error1814
W, 2072, 101, 2013/05/21, 10:21:19.623, 99658690677, QTAgent32.exe, &lt;a class=success&gt;Playback - {4} [SUCCESS] SendKeys "^{HOME}" - "[MSAA, VisibleOnly]ControlType='Edit'"
\0&lt;/a&gt;
E, 2072, 101, 2013/05/21, 10:21:19.625, 99658718018, QTAgent32.exe, Msaa.GetFocusedElement: could not find accessible object of foreground window
W, 2072, 101, 2013/05/21, 10:21:19.684, 99659571287, QTAgent32.exe, &lt;a class=success&gt;Playback - {5} [SUCCESS] SendKeys "^+{END}" - "[MSAA, VisibleOnly]ControlType='Edit'"
\0&lt;/a&gt;
E, 2072, 101, 2013/05/21, 10:21:19.684, 99659572809, QTAgent32.exe, Msaa.GetFocusedElement: could not find accessible object of foreground window
W, 2072, 101, 2013/05/21, 10:21:19.697, 99659750842, QTAgent32.exe, &lt;a class=success&gt;Playback - {6} [SUCCESS] SendKeys "{DELETE}" - "[MSAA, VisibleOnly]ControlType='Edit'"
\0&lt;/a&gt;
W, 2072, 101, 2013/05/21, 10:21:19.906, 99662746815, QTAgent32.exe, &lt;a class=success&gt;Playback - {7} [SUCCESS] SetValueAsEditBox "21/05/2013" - "[MSAA, VisibleOnly]ControlType='Edit'"  &lt; Set via SendKeys &gt;
\0&lt;/a&gt;
W, 2072, 101, 2013/05/21, 10:21:20.174, 99666585753, QTAgent32.exe, Playback - [WARNING] Internal warning: Incorrect flag set for InvokeProgrammaticAction\0
W, 2072, 101, 2013/05/21, 10:21:20.292, 99668272277, QTAgent32.exe, &lt;a class=success&gt;Playback - {8} [SUCCESS] SetValueAsComboBox "May" - "[MSAA, VisibleOnly]ControlType='ComboBox'"  &lt; SetValueAsComboBox, set by clicking on the item in the list box &gt;
\0&lt;/a&gt;
W, 2072, 101, 2013/05/21, 10:21:20.447, 99670497466, QTAgent32.exe, &lt;a class=success&gt;Playback - {9} [SUCCESS] SendKeys "^{HOME}" - "[MSAA, VisibleOnly]ControlType='Edit'"
\0&lt;/a&gt;
E, 2072, 101, 2013/05/21, 10:21:20.447, 99670499439, QTAgent32.exe, Msaa.GetFocusedElement: could not find accessible object of foreground window
W, 2072, 101, 2013/05/21, 10:21:20.500, 99671249190, QTAgent32.exe, &lt;a class=success&gt;Playback - {10} [SUCCESS] SendKeys "^+{END}" - "[MSAA, VisibleOnly]ControlType='Edit'"
\0&lt;/a&gt;
E, 2072, 101, 2013/05/21, 10:21:20.500, 99671251005, QTAgent32.exe, Msaa.GetFocusedElement: could not find accessible object of foreground window
W, 2072, 101, 2013/05/21, 10:21:20.512, 99671428740, QTAgent32.exe, &lt;a class=success&gt;Playback - {11} [SUCCESS] SendKeys "{DELETE}" - "[MSAA, VisibleOnly]ControlType='Edit'"
\0&lt;/a&gt;
W, 2072, 101, 2013/05/21, 10:21:20.605, 99672756043, QTAgent32.exe, &lt;a class=success&gt;Playback - {12} [SUCCESS] SetValueAsEditBox "2013" - "[MSAA, VisibleOnly]ControlType='Edit'"  &lt; Set via SendKeys &gt;
\0&lt;/a&gt;
W, 2072, 101, 2013/05/21, 10:21:21.107, 99679946074, QTAgent32.exe, &lt;a class=success&gt;Playback - {13} [SUCCESS] MouseButtonClick - "[MSAA, VisibleOnly]ControlType='Button' &amp;&amp; Name='OK'"
\0&lt;/a&gt;
W, 2072, 101, 2013/05/21, 10:21:21.470, 99685142803, QTAgent32.exe, Playback - [WARNING] Internal warning: Window Not Found: [VisibleOnly]ControlType='Window' &amp;&amp; Name='Warning' &amp;&amp; ClassName='#32770'
\0
E, 2072, 101, 2013/05/21, 10:21:21.470, 99685145358, QTAgent32.exe, &lt;a class=failure&gt;Playback - {14} [FAILED] Function ElementFetcher::FindScreenElement failed to locate UI element (Searching: ;[VisibleOnly]ControlType='Window' &amp;&amp; Name='Warning' &amp;&amp; ClassName='#32770') (The object specified was not found.)
\0&lt;/a&gt;
E, 2072, 101, 2013/05/21, 10:21:21.511, 99685731958, QTAgent32.exe, Playback - [IMAGE] C:\Users\testuser\AppData\Local\Temp\UITestLogs\LastRun\RPF3AFC.png
\0
W, 2072, 101, 2013/05/21, 10:21:21.511, 99685733505, QTAgent32.exe, Playback - [WARNING] Internal warning: Couldn't find descendants that match QueryId
\0
W, 2072, 101, 2013/05/21, 10:21:39.537, 99943828595, QTAgent32.exe, Playback - [WARNING] Internal warning: Window Not Found: [VisibleOnly]ControlType='Window' &amp;&amp; Name='Warning' &amp;&amp; ClassName='#32770'
\0
E, 2072, 101, 2013/05/21, 10:21:39.537, 99943830761, QTAgent32.exe, &lt;a class=failure&gt;Playback - {15} [FAILED] Function ElementFetcher::FindScreenElement failed to locate UI element (Searching: ;[VisibleOnly]ControlType='Window' &amp;&amp; Name='Warning' &amp;&amp; ClassName='#32770') (The object specified was not found.)
\0&lt;/a&gt;
E, 2072, 101, 2013/05/21, 10:21:39.580, 99944447935, QTAgent32.exe, Playback - [IMAGE] C:\Users\testuser\AppData\Local\Temp\UITestLogs\LastRun\RPF819E.png
\0
W, 2072, 101, 2013/05/21, 10:21:39.580, 99944449396, QTAgent32.exe, Playback - [WARNING] Internal warning: Couldn't find descendants that match QueryId
\0
W, 2072, 101, 2013/05/21, 10:21:39.581, 99944454462, QTAgent32.exe, PERF WARNING: FindTopLevelWindowHelper::FindAllDescendents: took 18068 ms. Expected it to take maximum 500 ms.
W, 2072, 101, 2013/05/21, 10:21:40.009, 99950593688, QTAgent32.exe, Playback - [WARNING] Internal warning: Smart Match failed
\0
W, 2072, 101, 2013/05/21, 10:21:40.147, 99952560163, QTAgent32.exe, Playback - [WARNING] Internal warning: Smart Match failed
\0
W, 2072, 101, 2013/05/21, 10:21:40.283, 99954505256, QTAgent32.exe, Playback - [WARNING] Internal warning: Smart Match failed
\0
W, 2072, 101, 2013/05/21, 10:21:40.418, 99956447267, QTAgent32.exe, Playback - [WARNING] Internal warning: Smart Match failed
\0
W, 2072, 101, 2013/05/21, 10:21:40.554, 99958389996, QTAgent32.exe, Playback - [WARNING] Internal warning: Smart Match failed
\0
W, 2072, 101, 2013/05/21, 10:21:40.690, 99960333631, QTAgent32.exe, Playback - [WARNING] Internal warning: Smart Match failed
\0
W, 2072, 101, 2013/05/21, 10:21:40.827, 99962295751, QTAgent32.exe, Playback - [WARNING] Internal warning: Smart Match failed
\0
W, 2072, 101, 2013/05/21, 10:21:40.963, 99964247160, QTAgent32.exe, Playback - [WARNING] Internal warning: Smart Match failed
\0
W, 2072, 101, 2013/05/21, 10:21:41.099, 99966197283, QTAgent32.exe, Playback - [WARNING] Internal warning: Smart Match failed
\0
W, 2072, 101, 2013/05/21, 10:21:41.253, 99968395761, QTAgent32.exe, Playback - [WARNING] Internal warning: Smart Match failed
\0
W, 2072, 101, 2013/05/21, 10:21:41.388, 99970336965, QTAgent32.exe, Playback - [WARNING] Internal warning: Smart Match failed
\0
W, 2072, 101, 2013/05/21, 10:21:41.524, 99972278979, QTAgent32.exe, Playback - [WARNING] Internal warning: Smart Match failed
\0
W, 2072, 101, 2013/05/21, 10:21:41.659, 99974220511, QTAgent32.exe, Playback - [WARNING] Internal warning: Smart Match failed
\0
W, 2072, 101, 2013/05/21, 10:21:41.796, 99976176394, QTAgent32.exe, Playback - [WARNING] Internal warning: Smart Match failed
\0
W, 2072, 101, 2013/05/21, 10:21:41.933, 99978130170, QTAgent32.exe, Playback - [WARNING] Internal warning: Smart Match failed
\0
W, 2072, 101, 2013/05/21, 10:21:42.068, 99980067046, QTAgent32.exe, Playback - [WARNING] Internal warning: Smart Match failed
\0
W, 2072, 101, 2013/05/21, 10:21:42.205, 99982022039, QTAgent32.exe, Playback - [WARNING] Internal warning: Smart Match failed
\0
W, 2072, 101, 2013/05/21, 10:21:42.340, 99983957680, QTAgent32.exe, Playback - [WARNING] Internal warning: Smart Match failed
\0
W, 2072, 101, 2013/05/21, 10:21:42.477, 99985918115, QTAgent32.exe, Playback - [WARNING] Internal warning: Smart Match failed
\0
W, 2072, 101, 2013/05/21, 10:21:42.613, 99987871633, QTAgent32.exe, Playback - [WARNING] Internal warning: Smart Match failed
\0
W, 2072, 101, 2013/05/21, 10:21:42.645, 99988322306, QTAgent32.exe, Playback - [WARNING] Internal warning: Window Not Found: [VisibleOnly]ControlType='Window' &amp;&amp; Name='Warning' &amp;&amp; ClassName='#32770'
\0
E, 2072, 101, 2013/05/21, 10:21:42.645, 99988323837, QTAgent32.exe, &lt;a class=failure&gt;Playback - {16} [FAILED] Function ElementFetcher::FindScreenElement failed to locate UI element (Searching: ;[VisibleOnly]ControlType='Window' &amp;&amp; Name='Warning' &amp;&amp; ClassName='#32770') (The object specified was not found.)
\0&lt;/a&gt;
E, 2072, 101, 2013/05/21, 10:21:42.687, 99988925992, QTAgent32.exe, Playback - [IMAGE] C:\Users\testuser\AppData\Local\Temp\UITestLogs\LastRun\RPF8DBF.png
\0
W, 2072, 101, 2013/05/21, 10:21:42.687, 99988927533, QTAgent32.exe, Playback - [WARNING] Internal warning: Couldn't find descendants that match QueryId
\0
W, 2072, 101, 2013/05/21, 10:21:42.687, 99988930050, QTAgent32.exe, PERF WARNING: FindTopLevelWindowHelper::FindAllDescendents: took 3106 ms. Expected it to take maximum 500 ms.
E, 2072, 101, 2013/05/21, 10:21:42.688, 99988943962, QTAgent32.exe, Exception: System.Runtime.InteropServices.COMException
	Message: Error HRESULT E_FAIL has been returned from a call to a COM component.
	Stack Trace:    at Microsoft.VisualStudio.TestTools.UITest.Playback.Engine.IRPFPlayback.FindAllScreenElements(IScreenElement pScreenElementStart, String bstrQueryId, Object&amp; pvarResKeys, Int32 cResKeys, Int32 nMaxDepth, Object[]&amp; foundDescendants)
   at Microsoft.VisualStudio.TestTools.UITest.Playback.ScreenElement.FindTopLevelWindowHelper(String queryId)
	BaseExceptionMessage: Error HRESULT E_FAIL has been returned from a call to a COM component.

E, 2072, 101, 2013/05/21, 10:21:42.827, 99990931502, QTAgent32.exe, AL: Playback Error: Microsoft.VisualStudio.TestTools.UITest.Extension.UITestControlNotFoundException: The playback failed to find the control with the given search properties. Additional Details: 
TechnologyName:  'MSAA'
ControlType:  'Window'
Name:  'Warning'
ClassName:  '#32770'
 ---&gt; System.Runtime.InteropServices.COMException: Error HRESULT E_FAIL has been returned from a call to a COM component.
   at Microsoft.VisualStudio.TestTools.UITest.Playback.Engine.IRPFPlayback.FindAllScreenElements(IScreenElement pScreenElementStart, String bstrQueryId, Object&amp; pvarResKeys, Int32 cResKeys, Int32 nMaxDepth, Object[]&amp; foundDescendants)
   at Microsoft.VisualStudio.TestTools.UITest.Playback.ScreenElement.FindTopLevelWindowHelper(String queryId)
   at Microsoft.VisualStudio.TestTools.UITest.Playback.ScreenElement.FindFromPartialQueryId(String queryId)
   at Microsoft.VisualStudio.TestTools.UITesting.UITestControl..ctor(String queryId)
   --- End of inner exception stack trace ---
   at Microsoft.VisualStudio.TestTools.UITesting.Playback.MapControlNotFoundException(COMException ex, IPlaybackContext context)
   at Microsoft.VisualStudio.TestTools.UITesting.Playback.MapAndThrowComException(COMException innerException, IPlaybackContext context)
   at Microsoft.VisualStudio.TestTools.UITesting.Playback.MapAndThrowException(SystemException exception, IPlaybackContext context)
   at Microsoft.VisualStudio.TestTools.UITesting.Playback.MapAndThrowException(SystemException exception, String queryId)
   at Microsoft.VisualStudio.TestTools.UITesting.UITestControl..ctor(String queryId)
   at Microsoft.VisualStudio.TestTools.UITesting.SearchHelper.SearchTopLevelWindow(ISearchArgument topLevelSearchArg, String topLevelElementQueryId)
   at Microsoft.VisualStudio.TestTools.UITesting.SearchHelper.GetTitleUpdatedTopLevelWindow(ISearchArgument topLevelSearchArg, String queryId, IList`1 windowTitles)
   at Microsoft.VisualStudio.TestTools.UITesting.SearchHelper.GetTopLevelElement(Boolean useCache, Boolean useCacheOnly, ISearchArgument searchArg, IList`1 windowTitles, Int32&amp; timeLeft)
   at Microsoft.VisualStudio.TestTools.UITesting.SearchHelper.GetElement(Boolean useCache, ISearchArgument searchArg)
   at Microsoft.VisualStudio.TestTools.UITesting.SearchHelper.Search(ISearchArgument searchArg)
   at Microsoft.VisualStudio.TestTools.UITesting.UITestControl.FindInternal()
   at Microsoft.VisualStudio.TestTools.UITesting.UITestControl.FindControlIfNecessary()
   at Microsoft.VisualStudio.TestTools.UITesting.UITestControl.Click(MouseButtons button, ModifierKeys modifierKeys, Point relativeCoordinates)
   at Microsoft.VisualStudio.TestTools.UITesting.Mouse.ClickImplementation(UITestControl control, MouseButtons button, ModifierKeys modifierKeys, Point relativeCoordinate)
   at Microsoft.VisualStudio.TestTools.UITesting.Mouse.ClickImplementationWrapper(UITestControl control, MouseButtons button, ModifierKeys modifierKeys, Point relativeCoordinate)
W, 2072, 101, 2013/05/21, 10:21:42.827, 99990933711, QTAgent32.exe, PlaybackErrorHandler: Ignoring exception as ContinueOnError is set.
W, 2072, 101, 2013/05/21, 10:21:42.866, 99991493159, QTAgent32.exe, &lt;a class=success&gt;Playback - {17} [SUCCESS] TypeString "#(R)"
\0&lt;/a&gt;
E, 2072, 101, 2013/05/21, 10:21:43.358, 99998539440, QTAgent32.exe, Exception: System.ArgumentException
	Message: Value does not fall within the expected range.
	Stack Trace:    at Accessibility.IAccessible.get_accRole(Object varChild)
   at Microsoft.VisualStudio.TestTools.UITest.Extension.Msaa.AccWrapper.get_RoleInt()
	BaseExceptionMessage: Value does not fall within the expected range.

E, 2072, 101, 2013/05/21, 10:21:43.362, 99998598114, QTAgent32.exe, Exception: System.ArgumentException
	Message: Value does not fall within the expected range.
	Stack Trace:    at Accessibility.IAccessible.get_accRole(Object varChild)
   at Microsoft.VisualStudio.TestTools.UITest.Extension.Msaa.AccWrapper.get_RoleInt()
	BaseExceptionMessage: Value does not fall within the expected range.

W, 2072, 101, 2013/05/21, 10:21:43.577, 100001678108, QTAgent32.exe, &lt;a class=success&gt;Playback - {18} [SUCCESS] LeftButtonClick  &lt; Mouse cursor location (87, 908) &gt;
\0&lt;/a&gt;
W, 2072, 101, 2013/05/21, 10:21:44.299, 100012013215, QTAgent32.exe, &lt;a class=success&gt;Playback - {19} [SUCCESS] SetValueAsEditBox "c:\TestProject7\office.reg"  &lt; Set via SendKeys &gt;
\0&lt;/a&gt;
W, 2072, 101, 2013/05/21, 10:21:44.299, 100012015312, QTAgent32.exe, &lt;a class=success&gt;Playback - {20} [SUCCESS] SetValueAsComboBox "c:\TestProject7\office.reg" - "[MSAA, VisibleOnly]ControlType='ComboBox' &amp;&amp; Name='Open:'"  &lt; Set via SetValueAsEditBox &gt;
\0&lt;/a&gt;
W, 2072, 101, 2013/05/21, 10:21:44.527, 100015273677, QTAgent32.exe, &lt;a class=success&gt;Playback - {21} [SUCCESS] MouseButtonClick - "[MSAA, VisibleOnly]ControlType='Button' &amp;&amp; Name='OK'"
\0&lt;/a&gt;
W, 2072, 101, 2013/05/21, 10:21:45.010, 100022193437, QTAgent32.exe, &lt;a class=success&gt;Playback - {22} [SUCCESS] MouseButtonClick - "[MSAA, VisibleOnly]ControlType='Button' &amp;&amp; Name='Yes'"
\0&lt;/a&gt;
W, 2072, 101, 2013/05/21, 10:21:47.294, 100054895684, QTAgent32.exe, &lt;a class=success&gt;Playback - {23} [SUCCESS] MouseButtonClick - "[MSAA, VisibleOnly]ControlType='Button' &amp;&amp; Name='OK'"
\0&lt;/a&gt;
W, 2072, 101, 2013/05/21, 10:21:47.565, 100058772360, QTAgent32.exe, &lt;a class=success&gt;Playback - {24} [SUCCESS] MouseButtonClick - "[MSAA, VisibleOnly]ControlType='Button' &amp;&amp; Name='Clients &amp; Files'"
\0&lt;/a&gt;
W, 2072, 101, 2013/05/21, 10:21:48.206, 100067954621, QTAgent32.exe, PERF WARNING: FindTopLevelWindowHelper::FindAllDescendents: took 508 ms. Expected it to take maximum 500 ms.
W, 2072, 101, 2013/05/21, 10:21:48.454, 100071502717, QTAgent32.exe, Playback - [WARNING] Internal warning: Incorrect flag set for InvokeProgrammaticAction\0
W, 2072, 101, 2013/05/21, 10:21:48.592, 100073485074, QTAgent32.exe, &lt;a class=success&gt;Playback - {25} [SUCCESS] SetValueAsComboBox "Customers" - "[MSAA, VisibleOnly]ControlType='ComboBox'"  &lt; SetValueAsComboBox, set by clicking on the item in the list box &gt;
\0&lt;/a&gt;
W, 2072, 101, 2013/05/21, 10:21:49.153, 100081509918, QTAgent32.exe, &lt;a class=success&gt;Playback - {26} [SUCCESS] MouseButtonClick - "[MSAA, VisibleOnly]ControlType='Button' &amp;&amp; Name='Add'"
\0&lt;/a&gt;
W, 2072, 101, 2013/05/21, 10:21:49.444, 100085677672, QTAgent32.exe, &lt;a class=success&gt;Playback - {27} [SUCCESS] SendKeys "autotest" - "[MSAA, VisibleOnly]ControlType='RadioButton' &amp;&amp; Name='Personal Lines'"
\0&lt;/a&gt;
W, 2072, 101, 2013/05/21, 10:21:49.797, 100090727860, QTAgent32.exe, &lt;a class=success&gt;Playback - {28} [SUCCESS] SetValueAsEditBox "autotest" - "[MSAA, VisibleOnly]ControlType='Edit'"  &lt; Set via SendKeys &gt;
\0&lt;/a&gt;
W, 2072, 101, 2013/05/21, 10:21:50.146, 100095731147, QTAgent32.exe, &lt;a class=success&gt;Playback - {29} [SUCCESS] MouseButtonClick - "[MSAA, VisibleOnly]ControlType='Button' &amp;&amp; Name='OK'"
\0&lt;/a&gt;
W, 2072, 101, 2013/05/21, 10:21:50.539, 100101351005, QTAgent32.exe, &lt;a class=success&gt;Playback - {30} [SUCCESS] MouseButtonClick - "[MSAA, VisibleOnly]ControlType='Button' &amp;&amp; Name='Yes'"
\0&lt;/a&gt;
W, 2072, 101, 2013/05/21, 10:21:50.766, 100104600509, QTAgent32.exe, &lt;a class=success&gt;Playback - {31} [SUCCESS] SendKeys "^{HOME}" - "[MSAA, VisibleOnly]ControlType='Edit'"
\0&lt;/a&gt;
E, 2072, 101, 2013/05/21, 10:21:50.766, 100104602327, QTAgent32.exe, Msaa.GetFocusedElement: could not find accessible object of foreground window
W, 2072, 101, 2013/05/21, 10:21:50.821, 100105388212, QTAgent32.exe, &lt;a class=success&gt;Playback - {32} [SUCCESS] SendKeys "^+{END}" - "[MSAA, VisibleOnly]ControlType='Edit'"
\0&lt;/a&gt;
E, 2072, 101, 2013/05/21, 10:21:50.821, 100105389765, QTAgent32.exe, Msaa.GetFocusedElement: could not find accessible object of foreground window
W, 2072, 101, 2013/05/21, 10:21:50.833, 100105560260, QTAgent32.exe, &lt;a class=success&gt;Playback - {33} [SUCCESS] SendKeys "{DELETE}" - "[MSAA, VisibleOnly]ControlType='Edit'"
\0&lt;/a&gt;
W, 2072, 101, 2013/05/21, 10:21:50.879, 100106221287, QTAgent32.exe, &lt;a class=success&gt;Playback - {34} [SUCCESS] SetValueAsEditBox "1" - "[MSAA, VisibleOnly]ControlType='Edit'"  &lt; Set via SendKeys &gt;
\0&lt;/a&gt;
W, 2072, 101, 2013/05/21, 10:21:51.074, 100109011228, QTAgent32.exe, &lt;a class=success&gt;Playback - {35} [SUCCESS] SendKeys "^{HOME}" - "[MSAA, VisibleOnly]ControlType='Edit'"
\0&lt;/a&gt;
E, 2072, 101, 2013/05/21, 10:21:51.074, 100109013335, QTAgent32.exe, Msaa.GetFocusedElement: could not find accessible object of foreground window
W, 2072, 101, 2013/05/21, 10:21:51.126, 100109763311, QTAgent32.exe, &lt;a class=success&gt;Playback - {36} [SUCCESS] SendKeys "^+{END}" - "[MSAA, VisibleOnly]ControlType='Edit'"
\0&lt;/a&gt;
E, 2072, 101, 2013/05/21, 10:21:51.126, 100109765062, QTAgent32.exe, Msaa.GetFocusedElement: could not find accessible object of foreground window
W, 2072, 101, 2013/05/21, 10:21:51.139, 100109942349, QTAgent32.exe, &lt;a class=success&gt;Playback - {37} [SUCCESS] SendKeys "{DELETE}" - "[MSAA, VisibleOnly]ControlType='Edit'"
\0&lt;/a&gt;
W, 2072, 101, 2013/05/21, 10:21:51.191, 100110689258, QTAgent32.exe, &lt;a class=success&gt;Playback - {38} [SUCCESS] SetValueAsEditBox "1" - "[MSAA, VisibleOnly]ControlType='Edit'"  &lt; Set via SendKeys &gt;
\0&lt;/a&gt;
W, 2072, 101, 2013/05/21, 10:21:52.804, 100133790633, QTAgent32.exe, Playback - [WARNING] Internal warning: Target element "[MSAA, VisibleOnly]ControlType='Button' &amp;&amp; Name='OK'" was not found, so all intermediate elements were ignored. An incorrect element that matches target element Id can be found as the result.  Verify that all intermediate elements in QueryId have valid and unique Ids
\0
W, 2072, 101, 2013/05/21, 10:21:53.327, 100141275676, QTAgent32.exe, PERF WARNING: FindAllDescendents: took 2027 ms. Expected it to take maximum 500 ms.
W, 2072, 101, 2013/05/21, 10:21:53.624, 100145532499, QTAgent32.exe, &lt;a class=success&gt;Playback - {39} [SUCCESS] MouseButtonClick - "[MSAA, VisibleOnly]ControlType='Button' &amp;&amp; Name='OK'"
\0&lt;/a&gt;
W, 2072, 101, 2013/05/21, 10:21:53.962, 100150366880, QTAgent32.exe, &lt;a class=success&gt;Playback - {40} [SUCCESS] MouseButtonClick - "[MSAA, VisibleOnly]ControlType='Button'"
\0&lt;/a&gt;
W, 2072, 101, 2013/05/21, 10:21:54.277, 100154870941, QTAgent32.exe, &lt;a class=success&gt;Playback - {41} [SUCCESS] MouseButtonClick - "[MSAA, VisibleOnly]ControlType='Button' &amp;&amp; Name='Add'"
\0&lt;/a&gt;
W, 2072, 101, 2013/05/21, 10:21:54.605, 100159579023, QTAgent32.exe, &lt;a class=success&gt;Playback - {42} [SUCCESS] MouseButtonClick - "[MSAA, VisibleOnly]ControlType='Button' &amp;&amp; Name='OK'"
\0&lt;/a&gt;
W, 2072, 101, 2013/05/21, 10:21:56.856, 100191809255, QTAgent32.exe, &lt;a class=success&gt;Playback - {43} [SUCCESS] MouseButtonClick - "[MSAA, VisibleOnly,Window]ControlType='Window' &amp;&amp; ClassName='ThunderRT6TextBox'"
\0&lt;/a&gt;
W, 2072, 101, 2013/05/21, 10:21:57.115, 100195513642, QTAgent32.exe, &lt;a class=success&gt;Playback - {44} [SUCCESS] SetValueAsEditBox "MOTO" - "[MSAA, VisibleOnly]ControlType='Edit'"  &lt; Set via SendKeys &gt;
\0&lt;/a&gt;
W, 2072, 101, 2013/05/21, 10:21:57.441, 100200178464, QTAgent32.exe, &lt;a class=success&gt;Playback - {45} [SUCCESS] MouseButtonClick - "[MSAA, VisibleOnly]ControlType='Button' &amp;&amp; Name='OK'"
\0&lt;/a&gt;
W, 2072, 101, 2013/05/21, 10:21:57.676, 100203541372, QTAgent32.exe, &lt;a class=success&gt;Playback - {46} [SUCCESS] MouseButtonClick - "[MSAA, VisibleOnly]ControlType='Button' &amp;&amp; Name='Options'"
\0&lt;/a&gt;
W, 2072, 101, 2013/05/21, 10:21:57.781, 100205046563, QTAgent32.exe, FindScreenElementInSinglePass : Attempting to find control in one pass of search. Failures can occur.
W, 2072, 101, 2013/05/21, 10:21:57.935, 100207246686, QTAgent32.exe, &lt;a class=success&gt;Playback - {47} [SUCCESS] MouseButtonClick - "[MSAA]ControlType='MenuItem' &amp;&amp; Name='Links'"
\0&lt;/a&gt;
W, 2072, 101, 2013/05/21, 10:21:58.035, 100208681740, QTAgent32.exe, FindScreenElementInSinglePass : Attempting to find control in one pass of search. Failures can occur.
W, 2072, 101, 2013/05/21, 10:21:58.188, 100210869853, QTAgent32.exe, &lt;a class=success&gt;Playback - {48} [SUCCESS] MouseButtonClick - "[MSAA]ControlType='MenuItem' &amp;&amp; Name='3rd Party Integration'"
\0&lt;/a&gt;
W, 2072, 101, 2013/05/21, 10:21:58.288, 100212307516, QTAgent32.exe, FindScreenElementInSinglePass : Attempting to find control in one pass of search. Failures can occur.
W, 2072, 101, 2013/05/21, 10:21:58.445, 100214552334, QTAgent32.exe, &lt;a class=success&gt;Playback - {49} [SUCCESS] MouseButtonClick - "[MSAA]ControlType='MenuItem' &amp;&amp; Name='Quote Select List'"
\0&lt;/a&gt;
W, 2072, 101, 2013/05/21, 10:21:59.441, 100228821349, QTAgent32.exe, PERF WARNING: FindTopLevelWindowHelper::FindAllDescendents: took 895 ms. Expected it to take maximum 500 ms.
W, 2072, 101, 2013/05/21, 10:21:59.987, 100236641328, QTAgent32.exe, &lt;a class=success&gt;Playback - {50} [SUCCESS] MouseButtonClick - "[MSAA, VisibleOnly]ControlType='Button' &amp;&amp; Name='Ok'"
\0&lt;/a&gt;
W, 2072, 101, 2013/05/21, 10:22:01.374, 100256502087, QTAgent32.exe, PERF WARNING: FindTopLevelWindowHelper::FindAllDescendents: took 1281 ms. Expected it to take maximum 500 ms.
W, 2072, 101, 2013/05/21, 10:22:01.580, 100259440466, QTAgent32.exe, &lt;a class=success&gt;Playback - {51} [SUCCESS] MouseButtonClick - "[MSAA, VisibleOnly]ControlType='Button' &amp;&amp; Name='Ok'"
\0&lt;/a&gt;
W, 2072, 101, 2013/05/21, 10:22:01.852, 100263340965, QTAgent32.exe, &lt;a class=success&gt;Playback - {52} [SUCCESS] SetValueAsEditBox "Test" - "[MSAA, VisibleOnly]ControlType='Edit'"  &lt; Set via SendKeys &gt;
\0&lt;/a&gt;
W, 2072, 101, 2013/05/21, 10:22:02.001, 100265472955, QTAgent32.exe, &lt;a class=success&gt;Playback - {53} [SUCCESS] SendKeys "{Tab}" - "[MSAA, VisibleOnly]ControlType='Edit'"
\0&lt;/a&gt;
W, 2072, 101, 2013/05/21, 10:22:02.265, 100269247701, QTAgent32.exe, &lt;a class=success&gt;Playback - {54} [SUCCESS] SetValueAsEditBox "test" - "[MSAA, VisibleOnly]ControlType='Edit'"  &lt; Set via SendKeys &gt;
\0&lt;/a&gt;
W, 2072, 101, 2013/05/21, 10:22:02.576, 100273701270, QTAgent32.exe, &lt;a class=success&gt;Playback - {55} [SUCCESS] SetValueAsEditBox "160485" - "[MSAA, VisibleOnly]ControlType='Edit'"  &lt; Set via SendKeys &gt;
\0&lt;/a&gt;
W, 2072, 101, 2013/05/21, 10:22:02.890, 100278198547, QTAgent32.exe, &lt;a class=success&gt;Playback - {56} [SUCCESS] SetValueAsEditBox "B338TH" - "[MSAA, VisibleOnly]ControlType='Edit'"  &lt; Set via SendKeys &gt;
\0&lt;/a&gt;
W, 2072, 101, 2013/05/21, 10:22:05.113, 100310035375, QTAgent32.exe, &lt;a class=success&gt;Playback - {57} [SUCCESS] MouseButtonClick - "[MSAA, VisibleOnly]ControlType='Button' &amp;&amp; Name='Lookup...'"
\0&lt;/a&gt;
W, 2072, 101, 2013/05/21, 10:22:05.348, 100313393252, QTAgent32.exe, &lt;a class=success&gt;Playback - {58} [SUCCESS] MouseButtonClick - "[MSAA, VisibleOnly]ControlType='Button' &amp;&amp; Name='Ok'"
\0&lt;/a&gt;
W, 2072, 101, 2013/05/21, 10:22:06.768, 100333729504, QTAgent32.exe, &lt;a class=success&gt;Playback - {59} [SUCCESS] MouseButtonClick - "[MSAA, VisibleOnly]ControlType='Button' &amp;&amp; Name='OK'"
\0&lt;/a&gt;
W, 2072, 101, 2013/05/21, 10:22:07.374, 100342397537, QTAgent32.exe, PERF WARNING: FindTopLevelWindowHelper::FindAllDescendents: took 505 ms. Expected it to take maximum 500 ms.
W, 2072, 101, 2013/05/21, 10:22:07.628, 100346046497, QTAgent32.exe, Playback - [WARNING] Internal warning: Incorrect flag set for InvokeProgrammaticAction\0
W, 2072, 101, 2013/05/21, 10:22:07.746, 100347733208, QTAgent32.exe, &lt;a class=success&gt;Playback - {60} [SUCCESS] SetValueAsComboBox "Account Executive" - "[MSAA, VisibleOnly]ControlType='ComboBox'"  &lt; SetValueAsComboBox, set by clicking on the item in the list box &gt;
\0&lt;/a&gt;
W, 2072, 101, 2013/05/21, 10:22:08.100, 100352798918, QTAgent32.exe, Playback - [WARNING] Internal warning: Incorrect flag set for InvokeProgrammaticAction\0
W, 2072, 101, 2013/05/21, 10:22:08.219, 100354498216, QTAgent32.exe, &lt;a class=success&gt;Playback - {61} [SUCCESS] SetValueAsComboBox "Acupuncture" - "[MSAA, VisibleOnly]ControlType='ComboBox'"  &lt; SetValueAsComboBox, set by clicking on the item in the list box &gt;
\0&lt;/a&gt;
W, 2072, 101, 2013/05/21, 10:22:08.581, 100359692941, QTAgent32.exe, &lt;a class=success&gt;Playback - {62} [SUCCESS] SetValueAsEditBox "151101" - "[MSAA, VisibleOnly]ControlType='Edit'"  &lt; Set via SendKeys &gt;
\0&lt;/a&gt;
W, 2072, 101, 2013/05/21, 10:22:10.147, 100382101035, QTAgent32.exe, &lt;a class=success&gt;Playback - {63} [SUCCESS] MouseButtonClick - "[MSAA, VisibleOnly]ControlType='Button' &amp;&amp; Name='OK'"
\0&lt;/a&gt;
W, 2072, 101, 2013/05/21, 10:22:10.511, 100387318918, QTAgent32.exe, &lt;a class=success&gt;Playback - {64} [SUCCESS] SetValueAsEditBox "RF53OXL" - "[MSAA, VisibleOnly]ControlType='Edit'"  &lt; Set via SendKeys &gt;
\0&lt;/a&gt;
W, 2072, 101, 2013/05/21, 10:22:12.740, 100419233701, QTAgent32.exe, &lt;a class=success&gt;Playback - {65} [SUCCESS] MouseButtonClick - "[MSAA, VisibleOnly]ControlType='Button' &amp;&amp; Name='Filter'"
\0&lt;/a&gt;
W, 2072, 101, 2013/05/21, 10:22:15.013, 100451773740, QTAgent32.exe, &lt;a class=success&gt;Playback - {66} [SUCCESS] MouseButtonClick - "[MSAA, VisibleOnly]ControlType='Button' &amp;&amp; Name='OK'"
\0&lt;/a&gt;
W, 2072, 101, 2013/05/21, 10:22:15.393, 100457216920, QTAgent32.exe, &lt;a class=success&gt;Playback - {67} [SUCCESS] SendKeys "^{HOME}" - "[MSAA, VisibleOnly]ControlType='Edit'"
\0&lt;/a&gt;
E, 2072, 101, 2013/05/21, 10:22:15.393, 100457218930, QTAgent32.exe, Msaa.GetFocusedElement: could not find accessible object of foreground window
W, 2072, 101, 2013/05/21, 10:22:15.454, 100458097384, QTAgent32.exe, &lt;a class=success&gt;Playback - {68} [SUCCESS] SendKeys "^+{END}" - "[MSAA, VisibleOnly]ControlType='Edit'"
\0&lt;/a&gt;
E, 2072, 101, 2013/05/21, 10:22:15.454, 100458099330, QTAgent32.exe, Msaa.GetFocusedElement: could not find accessible object of foreground window
W, 2072, 101, 2013/05/21, 10:22:15.467, 100458276576, QTAgent32.exe, &lt;a class=success&gt;Playback - {69} [SUCCESS] SendKeys "{DELETE}" - "[MSAA, VisibleOnly]ControlType='Edit'"
\0&lt;/a&gt;
W, 2072, 101, 2013/05/21, 10:22:15.604, 100460249026, QTAgent32.exe, &lt;a class=success&gt;Playback - {70} [SUCCESS] SetValueAsEditBox "1000" - "[MSAA, VisibleOnly]ControlType='Edit'"  &lt; Set via SendKeys &gt;
\0&lt;/a&gt;
W, 2072, 101, 2013/05/21, 10:22:15.931, 100464926258, QTAgent32.exe, &lt;a class=success&gt;Playback - {71} [SUCCESS] MouseButtonClick - "[MSAA, VisibleOnly]ControlType='Button' &amp;&amp; Name='Calculate Quote'"
\0&lt;/a&gt;
W, 2072, 101, 2013/05/21, 10:22:16.173, 100468386382, QTAgent32.exe, &lt;a class=success&gt;Playback - {72} [SUCCESS] MouseButtonClick - "[MSAA, VisibleOnly]ControlType='Button' &amp;&amp; Name='Cancel'"
\0&lt;/a&gt;
W, 2072, 101, 2013/05/21, 10:22:16.418, 100471904655, QTAgent32.exe, &lt;a class=success&gt;Playback - {73} [SUCCESS] MouseButtonClick - "[MSAA, VisibleOnly]ControlType='Button' &amp;&amp; Name='No'"
\0&lt;/a&gt;
W, 2072, 101, 2013/05/21, 10:22:16.697, 100475896432, QTAgent32.exe, &lt;a class=success&gt;Playback - {74} [SUCCESS] MouseButtonClick - "[MSAA, VisibleOnly]ControlType='Button' &amp;&amp; Name='Ok'"
\0&lt;/a&gt;
W, 2072, 101, 2013/05/21, 10:22:27.416, 100629362837, QTAgent32.exe, PERF WARNING: FindTopLevelWindowHelper::FindAllDescendents: took 10617 ms. Expected it to take maximum 500 ms.
W, 2072, 101, 2013/05/21, 10:22:27.543, 100631190661, QTAgent32.exe, &lt;a class=success&gt;Playback - {75} [SUCCESS] MouseButtonClick - "[MSAA, VisibleOnly]ControlType='Client'"
\0&lt;/a&gt;
W, 2072, 101, 2013/05/21, 10:22:29.085, 100653266412, QTAgent32.exe, &lt;a class=success&gt;Playback - {76} [SUCCESS] SendKeys "{Home}" - "[MSAA, VisibleOnly]ControlType='Client'"
\0&lt;/a&gt;
W, 2072, 101, 2013/05/21, 10:22:31.370, 100685976474, QTAgent32.exe, PERF WARNING: FindAllDescendents: took 1173 ms. Expected it to take maximum 500 ms.
W, 2072, 101, 2013/05/21, 10:22:31.497, 100687806614, QTAgent32.exe, &lt;a class=success&gt;Playback - {77} [SUCCESS] MouseButtonClick - "[MSAA, VisibleOnly]ControlType='Button' &amp;&amp; Name='Premium'"
\0&lt;/a&gt;
W, 2072, 101, 2013/05/21, 10:22:31.702, 100690732251, QTAgent32.exe, &lt;a class=success&gt;Playback - {78} [SUCCESS] SendKeys "^{HOME}" - "[MSAA, VisibleOnly]ControlType='Edit'"
\0&lt;/a&gt;
E, 2072, 101, 2013/05/21, 10:22:31.702, 100690734235, QTAgent32.exe, Msaa.GetFocusedElement: could not find accessible object of foreground window
W, 2072, 101, 2013/05/21, 10:22:31.754, 100691477571, QTAgent32.exe, &lt;a class=success&gt;Playback - {79} [SUCCESS] SendKeys "^+{END}" - "[MSAA, VisibleOnly]ControlType='Edit'"
\0&lt;/a&gt;
E, 2072, 101, 2013/05/21, 10:22:31.754, 100691479532, QTAgent32.exe, Msaa.GetFocusedElement: could not find accessible object of foreground window
W, 2072, 101, 2013/05/21, 10:22:31.772, 100691744296, QTAgent32.exe, &lt;a class=success&gt;Playback - {80} [SUCCESS] SendKeys "{DELETE}" - "[MSAA, VisibleOnly]ControlType='Edit'"
\0&lt;/a&gt;
W, 2072, 101, 2013/05/21, 10:22:31.927, 100693964181, QTAgent32.exe, &lt;a class=success&gt;Playback - {81} [SUCCESS] SetValueAsEditBox "10000" - "[MSAA, VisibleOnly]ControlType='Edit'"  &lt; Set via SendKeys &gt;
\0&lt;/a&gt;
W, 2072, 101, 2013/05/21, 10:22:32.353, 100700057193, QTAgent32.exe, &lt;a class=success&gt;Playback - {82} [SUCCESS] SetValueAsEditBox "321412341" - "[MSAA, VisibleOnly]ControlType='Edit'"  &lt; Set via SendKeys &gt;
\0&lt;/a&gt;
W, 2072, 101, 2013/05/21, 10:22:32.593, 100703494251, QTAgent32.exe, &lt;a class=success&gt;Playback - {83} [SUCCESS] MouseButtonClick - "[MSAA, VisibleOnly]ControlType='Button' &amp;&amp; Name='OK'"
\0&lt;/a&gt;
W, 2072, 101, 2013/05/21, 10:22:35.850, 100750124789, QTAgent32.exe, &lt;a class=success&gt;Playback - {84} [SUCCESS] MouseButtonClick - "[MSAA, VisibleOnly]ControlType='Button' &amp;&amp; Name='Accept'"
\0&lt;/a&gt;
W, 2072, 101, 2013/05/21, 10:22:36.235, 100755636696, QTAgent32.exe, &lt;a class=success&gt;Playback - {85} [SUCCESS] MouseButtonClick - "[MSAA, VisibleOnly]ControlType='Button' &amp;&amp; Name='Yes'"
\0&lt;/a&gt;
W, 2072, 101, 2013/05/21, 10:22:36.523, 100759766355, QTAgent32.exe, &lt;a class=success&gt;Playback - {86} [SUCCESS] MouseButtonClick - "[MSAA, VisibleOnly]ControlType='Button' &amp;&amp; Name='Ok'"
\0&lt;/a&gt;
W, 2072, 101, 2013/05/21, 10:22:36.772, 100763330996, QTAgent32.exe, &lt;a class=success&gt;Playback - {87} [SUCCESS] MouseButtonClick - "[MSAA, VisibleOnly]ControlType='Button' &amp;&amp; Name='Ok'"
\0&lt;/a&gt;
W, 2072, 101, 2013/05/21, 10:22:37.223, 100769779184, QTAgent32.exe, &lt;a class=success&gt;Playback - {88} [SUCCESS] MouseButtonClick - "[MSAA, VisibleOnly]ControlType='Button' &amp;&amp; Name='Confirm'"
\0&lt;/a&gt;
W, 2072, 101, 2013/05/21, 10:23:05.373, 101172848606, QTAgent32.exe, Playback - [WARNING] Internal warning: Window Not Found: [VisibleOnly]ControlType='Window' &amp;&amp; Name='Save the file as' &amp;&amp; ClassName='#32770'
\0
E, 2072, 101, 2013/05/21, 10:23:05.374, 101172851382, QTAgent32.exe, &lt;a class=failure&gt;Playback - {89} [FAILED] Function ElementFetcher::FindScreenElement failed to locate UI element (Searching: ;[VisibleOnly]ControlType='Window' &amp;&amp; Name='Save the file as' &amp;&amp; ClassName='#32770') (The object specified was not found.)
\0&lt;/a&gt;
E, 2072, 101, 2013/05/21, 10:23:05.418, 101173482962, QTAgent32.exe, Playback - [IMAGE] C:\Users\testuser\AppData\Local\Temp\UITestLogs\LastRun\RPFD0E8.png
\0
W, 2072, 101, 2013/05/21, 10:23:05.418, 101173484631, QTAgent32.exe, Playback - [WARNING] Internal warning: Couldn't find descendants that match QueryId
\0
W, 2072, 101, 2013/05/21, 10:23:05.418, 101173487715, QTAgent32.exe, PERF WARNING: FindTopLevelWindowHelper::FindAllDescendents: took 28094 ms. Expected it to take maximum 500 ms.
W, 2072, 101, 2013/05/21, 10:23:23.726, 101435627360, QTAgent32.exe, Playback - [WARNING] Internal warning: Window Not Found: [VisibleOnly]ControlType='Window' &amp;&amp; Name='Save the file as' &amp;&amp; ClassName='#32770'
\0
E, 2072, 101, 2013/05/21, 10:23:23.726, 101435629917, QTAgent32.exe, &lt;a class=failure&gt;Playback - {90} [FAILED] Function ElementFetcher::FindScreenElement failed to locate UI element (Searching: ;[VisibleOnly]ControlType='Window' &amp;&amp; Name='Save the file as' &amp;&amp; ClassName='#32770') (The object specified was not found.)
\0&lt;/a&gt;
E, 2072, 101, 2013/05/21, 10:23:23.775, 101436328632, QTAgent32.exe, Playback - [IMAGE] C:\Users\testuser\AppData\Local\Temp\UITestLogs\LastRun\RPF1892.png
\0
W, 2072, 101, 2013/05/21, 10:23:23.775, 101436330384, QTAgent32.exe, Playback - [WARNING] Internal warning: Couldn't find descendants that match QueryId
\0
W, 2072, 101, 2013/05/21, 10:23:23.775, 101436332893, QTAgent32.exe, PERF WARNING: FindTopLevelWindowHelper::FindAllDescendents: took 18357 ms. Expected it to take maximum 500 ms.
W, 2072, 101, 2013/05/21, 10:23:27.066, 101483450760, QTAgent32.exe, Playback - [WARNING] Internal warning: Smart Match failed
\0
W, 2072, 101, 2013/05/21, 10:23:28.385, 101502337115, QTAgent32.exe, Playback - [WARNING] Internal warning: Window Not Found: [VisibleOnly]ControlType='Window' &amp;&amp; Name='Save the file as' &amp;&amp; ClassName='#32770'
\0
E, 2072, 101, 2013/05/21, 10:23:28.386, 101502339488, QTAgent32.exe, &lt;a class=failure&gt;Playback - {91} [FAILED] Function ElementFetcher::FindScreenElement failed to locate UI element (Searching: ;[VisibleOnly]ControlType='Window' &amp;&amp; Name='Save the file as' &amp;&amp; ClassName='#32770') (The object specified was not found.)
\0&lt;/a&gt;
E, 2072, 101, 2013/05/21, 10:23:28.430, 101502968722, QTAgent32.exe, Playback - [IMAGE] C:\Users\testuser\AppData\Local\Temp\UITestLogs\LastRun\RPF2ACC.png
\0
W, 2072, 101, 2013/05/21, 10:23:28.430, 101502970486, QTAgent32.exe, Playback - [WARNING] Internal warning: Couldn't find descendants that match QueryId
\0
W, 2072, 101, 2013/05/21, 10:23:28.430, 101502972830, QTAgent32.exe, PERF WARNING: FindTopLevelWindowHelper::FindAllDescendents: took 4654 ms. Expected it to take maximum 500 ms.
E, 2072, 101, 2013/05/21, 10:23:28.430, 101502974450, QTAgent32.exe, Exception: System.Runtime.InteropServices.COMException
	Message: Error HRESULT E_FAIL has been returned from a call to a COM component.
	Stack Trace:    at Microsoft.VisualStudio.TestTools.UITest.Playback.Engine.IRPFPlayback.FindAllScreenElements(IScreenElement pScreenElementStart, String bstrQueryId, Object&amp; pvarResKeys, Int32 cResKeys, Int32 nMaxDepth, Object[]&amp; foundDescendants)
   at Microsoft.VisualStudio.TestTools.UITest.Playback.ScreenElement.FindTopLevelWindowHelper(String queryId)
	BaseExceptionMessage: Error HRESULT E_FAIL has been returned from a call to a COM component.

E, 2072, 101, 2013/05/21, 10:23:28.530, 101504413749, QTAgent32.exe, AL: Playback Error: Microsoft.VisualStudio.TestTools.UITest.Extension.UITestControlNotFoundException: The playback failed to find the control with the given search properties. Additional Details: 
TechnologyName:  'MSAA'
ControlType:  'Window'
Name:  'Save the file as'
ClassName:  '#32770'
 ---&gt; System.Runtime.InteropServices.COMException: Error HRESULT E_FAIL has been returned from a call to a COM component.
   at Microsoft.VisualStudio.TestTools.UITest.Playback.Engine.IRPFPlayback.FindAllScreenElements(IScreenElement pScreenElementStart, String bstrQueryId, Object&amp; pvarResKeys, Int32 cResKeys, Int32 nMaxDepth, Object[]&amp; foundDescendants)
   at Microsoft.VisualStudio.TestTools.UITest.Playback.ScreenElement.FindTopLevelWindowHelper(String queryId)
   at Microsoft.VisualStudio.TestTools.UITest.Playback.ScreenElement.FindFromPartialQueryId(String queryId)
   at Microsoft.VisualStudio.TestTools.UITesting.UITestControl..ctor(String queryId)
   --- End of inner exception stack trace ---
   at Microsoft.VisualStudio.TestTools.UITesting.Playback.MapControlNotFoundException(COMException ex, IPlaybackContext context)
   at Microsoft.VisualStudio.TestTools.UITesting.Playback.MapAndThrowComException(COMException innerException, IPlaybackContext context)
   at Microsoft.VisualStudio.TestTools.UITesting.Playback.MapAndThrowException(SystemException exception, IPlaybackContext context)
   at Microsoft.VisualStudio.TestTools.UITesting.Playback.MapAndThrowException(SystemException exception, String queryId)
   at Microsoft.VisualStudio.TestTools.UITesting.UITestControl..ctor(String queryId)
   at Microsoft.VisualStudio.TestTools.UITesting.SearchHelper.SearchTopLevelWindow(ISearchArgument topLevelSearchArg, String topLevelElementQueryId)
   at Microsoft.VisualStudio.TestTools.UITesting.SearchHelper.GetTitleUpdatedTopLevelWindow(ISearchArgument topLevelSearchArg, String queryId, IList`1 windowTitles)
   at Microsoft.VisualStudio.TestTools.UITesting.SearchHelper.GetTopLevelElement(Boolean useCache, Boolean useCacheOnly, ISearchArgument searchArg, IList`1 windowTitles, Int32&amp; timeLeft)
   at Microsoft.VisualStudio.TestTools.UITesting.SearchHelper.GetElement(Boolean useCache, ISearchArgument searchArg)
   at Microsoft.VisualStudio.TestTools.UITesting.SearchHelper.Search(ISearchArgument searchArg)
   at Microsoft.VisualStudio.TestTools.UITesting.UITestControl.FindInternal()
   at Microsoft.VisualStudio.TestTools.UITesting.UITestControl.FindControlIfNecessary()
   at Microsoft.VisualStudio.TestTools.UITesting.UITestControl.Click(MouseButtons button, ModifierKeys modifierKeys, Point relativeCoordinates)
   at Microsoft.VisualStudio.TestTools.UITesting.Mouse.ClickImplementation(UITestControl control, MouseButtons button, ModifierKeys modifierKeys, Point relativeCoordinate)
   at Microsoft.VisualStudio.TestTools.UITesting.Mouse.ClickImplementationWrapper(UITestControl control, MouseButtons button, ModifierKeys modifierKeys, Point relativeCoordinate)
W, 2072, 101, 2013/05/21, 10:23:28.531, 101504415319, QTAgent32.exe, PlaybackErrorHandler: Ignoring exception as ContinueOnError is set.
W, 2072, 101, 2013/05/21, 10:23:28.685, 101506630743, QTAgent32.exe, &lt;a class=success&gt;Playback - {92} [SUCCESS] Check - "[MSAA, VisibleOnly]ControlType='CheckBox' &amp;&amp; Name='Defer Printing?'"
\0&lt;/a&gt;
W, 2072, 101, 2013/05/21, 10:23:29.200, 101514000623, QTAgent32.exe, &lt;a class=success&gt;Playback - {93} [SUCCESS] MouseButtonClick - "[MSAA, VisibleOnly]ControlType='Button' &amp;&amp; Name='Ok'"
\0&lt;/a&gt;
W, 2072, 101, 2013/05/21, 10:23:30.267, 101529274942, QTAgent32.exe, PERF WARNING: FindTopLevelWindowHelper::FindAllDescendents: took 966 ms. Expected it to take maximum 500 ms.
W, 2072, 101, 2013/05/21, 10:23:30.406, 101531278012, QTAgent32.exe, &lt;a class=success&gt;Playback - {94} [SUCCESS] Uncheck - "[MSAA, VisibleOnly]ControlType='CheckBox' &amp;&amp; Name='Add Activity'"
\0&lt;/a&gt;
W, 2072, 101, 2013/05/21, 10:23:32.817, 101565793606, QTAgent32.exe, &lt;a class=success&gt;Playback - {95} [SUCCESS] MouseButtonClick - "[MSAA, VisibleOnly]ControlType='Button' &amp;&amp; Name='Ok'"
\0&lt;/a&gt;
W, 2072, 101, 2013/05/21, 10:23:33.054, 101569188260, QTAgent32.exe, &lt;a class=success&gt;Playback - {96} [SUCCESS] MouseButtonClick - "[MSAA, VisibleOnly]ControlType='Button' &amp;&amp; Name='Ok'"
\0&lt;/a&gt;
W, 2072, 101, 2013/05/21, 10:23:35.666, 101606580932, QTAgent32.exe, PERF WARNING: FindTopLevelWindowHelper::FindAllDescendents: took 2511 ms. Expected it to take maximum 500 ms.
W, 2072, 101, 2013/05/21, 10:23:37.814, 101637334419, QTAgent32.exe, &lt;a class=success&gt;Playback - {97} [SUCCESS] MouseButtonClick - "[MSAA, VisibleOnly]ControlType='Button' &amp;&amp; Name='OK'"
\0&lt;/a&gt;
W, 2072, 101, 2013/05/21, 10:23:38.060, 101640862792, QTAgent32.exe, &lt;a class=success&gt;Playback - {98} [SUCCESS] MouseButtonClick - "[MSAA, VisibleOnly]ControlType='Button' &amp;&amp; Name='Cancel'"
\0&lt;/a&gt;
W, 2072, 101, 2013/05/21, 10:23:38.392, 101645617792, QTAgent32.exe, &lt;a class=success&gt;Playback - {99} [SUCCESS] MouseButtonClick - "[MSAA, VisibleOnly]ControlType='Button'"
\0&lt;/a&gt;
W, 2072, 101, 2013/05/21, 10:23:38.808, 101651568807, QTAgent32.exe, &lt;a class=success&gt;Playback - {100} [SUCCESS] MouseButtonClick - "[MSAA, VisibleOnly]ControlType='Button' &amp;&amp; Name='Detail'"
\0&lt;/a&gt;
W, 2072, 101, 2013/05/21, 10:23:39.148, 101656447419, QTAgent32.exe, Playback - [WARNING] Internal warning: Window Not Found: [VisibleOnly]ControlType='Window' &amp;&amp; Name='Policy: rty ert' &amp;&amp; ClassName='ThunderRT6MDIForm'
\0
E, 2072, 101, 2013/05/21, 10:23:39.148, 101656449517, QTAgent32.exe, &lt;a class=failure&gt;Playback - {101} [FAILED] Function ElementFetcher::FindScreenElement failed to locate UI element (Searching: ;[VisibleOnly]ControlType='Window' &amp;&amp; Name='Policy: rty ert' &amp;&amp; ClassName='ThunderRT6MDIForm') (The object specified was not found.)
\0&lt;/a&gt;
E, 2072, 101, 2013/05/21, 10:23:39.190, 101657049114, QTAgent32.exe, Playback - [IMAGE] C:\Users\testuser\AppData\Local\Temp\UITestLogs\LastRun\RPF54D9.png
\0
W, 2072, 101, 2013/05/21, 10:23:39.190, 101657050699, QTAgent32.exe, Playback - [WARNING] Internal warning: Couldn't find descendants that match QueryId
\0
W, 2072, 101, 2013/05/21, 10:23:57.265, 101915846713, QTAgent32.exe, Playback - [WARNING] Internal warning: Window Not Found: [VisibleOnly]ControlType='Window' &amp;&amp; Name='Policy: rty ert' &amp;&amp; ClassName='ThunderRT6MDIForm'
\0
E, 2072, 101, 2013/05/21, 10:23:57.265, 101915848913, QTAgent32.exe, &lt;a class=failure&gt;Playback - {102} [FAILED] Function ElementFetcher::FindScreenElement failed to locate UI element (Searching: ;[VisibleOnly]ControlType='Window' &amp;&amp; Name='Policy: rty ert' &amp;&amp; ClassName='ThunderRT6MDIForm') (The object specified was not found.)
\0&lt;/a&gt;
E, 2072, 101, 2013/05/21, 10:23:57.309, 101916467540, QTAgent32.exe, Playback - [IMAGE] C:\Users\testuser\AppData\Local\Temp\UITestLogs\LastRun\RPF9B9A.png
\0
W, 2072, 101, 2013/05/21, 10:23:57.309, 101916469102, QTAgent32.exe, Playback - [WARNING] Internal warning: Couldn't find descendants that match QueryId
\0
W, 2072, 101, 2013/05/21, 10:23:57.309, 101916471585, QTAgent32.exe, PERF WARNING: FindTopLevelWindowHelper::FindAllDescendents: took 18117 ms. Expected it to take maximum 500 ms.
W, 2072, 101, 2013/05/21, 10:23:57.839, 101924067436, QTAgent32.exe, Playback - [WARNING] Internal warning: Window with Class "ThunderRT6MDIForm" and Title "Policy: rty ert" was not found, so similar window with Class "ThunderRT6MDIForm" and Title "Policy: autotest" was accepted
\0
W, 2072, 101, 2013/05/21, 10:23:57.840, 101924070878, QTAgent32.exe, PERF WARNING: FindTopLevelWindowHelper::FindAllDescendents: took 530 ms. Expected it to take maximum 500 ms.
W, 2072, 101, 2013/05/21, 10:23:57.966, 101925887105, QTAgent32.exe, &lt;a class=success&gt;Playback - {103} [SUCCESS] MouseButtonClick - "[MSAA, VisibleOnly]ControlType='Edit'"
\0&lt;/a&gt;
W, 2072, 101, 2013/05/21, 10:24:00.605, 101963660471, QTAgent32.exe, IEDOM : StopSession of the plugin called before StartSession
W, 2072, 101, 2013/05/21, 10:24:00.605, 101963661504, QTAgent32.exe, UIA : StopSession of the plugin called before StartSession
</DebugTrace>
      </Output>
    </UnitTestResult>
  </Results>
</TestRun>