<?xml version="1.0" encoding="UTF-8"?>
<TestRun id="ee05ac5d-c9e9-4d2c-b7a4-9e2a93baebf0" name="testuser@ICLVDEVTL 2013-08-21 15:34:40" runUser="ICLVDEVTL\testuser" xmlns="http://microsoft.com/schemas/VisualStudio/TeamTest/2010">
  <TestSettings name="RemoteSetting" id="5c3ed885-967b-4862-a1a8-8a2764ec6e39">
    <Description>These are default test settings for a local test run.</Description>
    <Deployment userDeploymentRoot="C:\AutotestTam1205\TestResults" useDefaultDeploymentRoot="false" runDeploymentRoot="testuser_ICLVDEVTL 2013-08-21 15_34_40">
      <DeploymentItem filename="C:\TestLinkFixture.dll" />
      <DeploymentItem filename="C:\CookComputing.XmlRpcV2.dll" />
      <DeploymentItem filename="C:\TestLinkAPI.dll" />
    </Deployment>
    <RemoteController name="ICLVDEVTL" />
    <Execution location="Remote">
      <TestTypeSpecific>
        <UnitTestRunConfig testTypeId="13cdc9d9-ddb5-4fa4-a97d-d965ccfc6d4b">
          <AssemblyResolution>
            <TestDirectory useLoadContext="true" />
          </AssemblyResolution>
        </UnitTestRunConfig>
      </TestTypeSpecific>
      <AgentRule name="New role 1">
      </AgentRule>
    </Execution>
  </TestSettings>
  <Times creation="2013-08-21T15:34:40.4363023+01:00" queuing="2013-08-21T15:34:47.0459632+01:00" start="2013-08-21T15:34:54.8287414+01:00" finish="2013-08-21T15:39:17.1609720+01:00" />
  <ResultSummary outcome="Failed">
    <Counters total="1" executed="1" error="0" failed="1" timeout="0" aborted="0" inconclusive="0" passedButRunAborted="0" notRunnable="0" notExecuted="0" disconnected="0" warning="0" passed="0" completed="0" inProgress="0" pending="0" />
  </ResultSummary>
  <TestDefinitions>
    <UnitTest name="MotoCreateQuote" storage="c:\autotesttam1205\testproject7\bin\debug\ver1.dll" id="12cf66b2-123a-0bfa-9bf6-51ee204d7b79">
      <Execution id="32ee7c48-24e2-4f33-af61-9dd1929e2f83" />
      <TestMethod codeBase="C:/AutotestTam1205/TestProject7/bin/Debug/Ver1.DLL" adapterTypeName="Microsoft.VisualStudio.TestTools.TestTypes.Unit.UnitTestAdapter, Microsoft.VisualStudio.QualityTools.Tips.UnitTest.Adapter, Version=10.0.0.0, Culture=neutral, PublicKeyToken=b03f5f7f11d50a3a" className="Ver1.CodedUITest2, Ver1, Version=1.0.0.0, Culture=neutral, PublicKeyToken=null" name="MotoCreateQuote" />
      <Extension>Microsoft.VisualStudio.TestTools.UITesting.CodedUITestAttribute, Microsoft.VisualStudio.QualityTools.CodedUITestFramework, Version=10.0.0.0, Culture=neutral, PublicKeyToken=b03f5f7f11d50a3a</Extension>
    </UnitTest>
  </TestDefinitions>
  <TestLists>
    <TestList name="Results Not in a List" id="8c84fa94-04c1-424b-9868-57a2d4851a1d" />
    <TestList name="All Loaded Results" id="19431567-8539-422a-85d7-44ee4e166bda" />
  </TestLists>
  <TestEntries>
    <TestEntry testId="12cf66b2-123a-0bfa-9bf6-51ee204d7b79" executionId="32ee7c48-24e2-4f33-af61-9dd1929e2f83" testListId="8c84fa94-04c1-424b-9868-57a2d4851a1d" />
  </TestEntries>
  <Results>
    <UnitTestResult executionId="32ee7c48-24e2-4f33-af61-9dd1929e2f83" testId="12cf66b2-123a-0bfa-9bf6-51ee204d7b79" testName="MotoCreateQuote" computerName="ICLVDEVTM02" duration="00:04:08.8010929" startTime="2013-08-21T15:19:52.7496511+01:00" endTime="2013-08-21T15:24:02.2943393+01:00" testType="13cdc9d9-ddb5-4fa4-a97d-d965ccfc6d4b" outcome="Failed" testListId="8c84fa94-04c1-424b-9868-57a2d4851a1d" relativeResultsDirectory="32ee7c48-24e2-4f33-af61-9dd1929e2f83">
      <Output>
        <DebugTrace>W, 5492, 15, 2013/08/21, 15:20:42.187, 114070573251076, QTAgent32.exe, &lt;a class=success&gt;Playback - {1} [SUCCESS] MouseButtonClick - "[MSAA, VisibleOnly]ControlType='Edit'"
\0&lt;/a&gt;
W, 5492, 15, 2013/08/21, 15:20:42.489, 114070577573722, QTAgent32.exe, &lt;a class=success&gt;Playback - {2} [SUCCESS] SendKeys "[*]" - "[MSAA, VisibleOnly]ControlType='Edit'"
\0&lt;/a&gt;
W, 5492, 15, 2013/08/21, 15:20:43.227, 114070588134990, QTAgent32.exe, &lt;a class=success&gt;Playback - {3} [SUCCESS] MouseButtonClick - "[MSAA, VisibleOnly]ControlType='Button' &amp;&amp; Name='OK'"
\0&lt;/a&gt;
E, 5492, 15, 2013/08/21, 15:20:43.428, 114070591022352, QTAgent32.exe, LoadLibrary() : Unable to find the resource 37382 from assembly C:\Windows\system32\en-US\ieframe.dll.mui: Error1814
E, 5492, 15, 2013/08/21, 15:20:43.430, 114070591039697, QTAgent32.exe, LoadLibrary() : Unable to find the resource 41728 from assembly C:\Windows\system32\en-US\ieframe.dll.mui: Error1814
E, 5492, 15, 2013/08/21, 15:20:43.430, 114070591045325, QTAgent32.exe, LoadLibrary() : Unable to find the resource 8131 from assembly C:\Windows\system32\en-US\ieframe.dll.mui: Error1814
E, 5492, 15, 2013/08/21, 15:20:43.431, 114070591052546, QTAgent32.exe, LoadLibrary() : Unable to find the resource 8131 from assembly C:\Windows\system32\en-US\ieframe.dll.mui: Error1814
E, 5492, 15, 2013/08/21, 15:20:43.431, 114070591064102, QTAgent32.exe, LoadLibrary() : Unable to find the resource 8131 from assembly C:\Windows\system32\en-US\ieframe.dll.mui: Error1814
E, 5492, 15, 2013/08/21, 15:20:43.440, 114070591187094, QTAgent32.exe, LoadLibrary() : Unable to find the resource 803 from assembly C:\Windows\system32\en-US\user32.dll.mui: Error1814
W, 5492, 15, 2013/08/21, 15:20:43.679, 114070594604152, QTAgent32.exe, &lt;a class=success&gt;Playback - {4} [SUCCESS] SendKeys "^{HOME}" - "[MSAA, VisibleOnly]ControlType='Edit'"
\0&lt;/a&gt;
E, 5492, 15, 2013/08/21, 15:20:43.692, 114070594790956, QTAgent32.exe, Msaa.GetFocusedElement: could not find accessible object of foreground window
W, 5492, 15, 2013/08/21, 15:20:43.934, 114070598263699, QTAgent32.exe, &lt;a class=success&gt;Playback - {5} [SUCCESS] SendKeys "^+{END}" - "[MSAA, VisibleOnly]ControlType='Edit'"
\0&lt;/a&gt;
E, 5492, 15, 2013/08/21, 15:20:43.934, 114070598266446, QTAgent32.exe, Msaa.GetFocusedElement: could not find accessible object of foreground window
W, 5492, 15, 2013/08/21, 15:20:43.961, 114070598641862, QTAgent32.exe, &lt;a class=success&gt;Playback - {6} [SUCCESS] SendKeys "{DELETE}" - "[MSAA, VisibleOnly]ControlType='Edit'"
\0&lt;/a&gt;
W, 5492, 15, 2013/08/21, 15:20:44.370, 114070604509950, QTAgent32.exe, &lt;a class=success&gt;Playback - {7} [SUCCESS] SetValueAsEditBox "21/08/2013" - "[MSAA, VisibleOnly]ControlType='Edit'"  &lt; Set via SendKeys &gt;
\0&lt;/a&gt;
W, 5492, 15, 2013/08/21, 15:20:44.854, 114070611437430, QTAgent32.exe, Playback - [WARNING] Internal warning: Incorrect flag set for InvokeProgrammaticAction\0
W, 5492, 15, 2013/08/21, 15:20:44.974, 114070613155213, QTAgent32.exe, &lt;a class=success&gt;Playback - {8} [SUCCESS] SetValueAsComboBox "August" - "[MSAA, VisibleOnly]ControlType='ComboBox'"  &lt; SetValueAsComboBox, set by clicking on the item in the list box &gt;
\0&lt;/a&gt;
W, 5492, 15, 2013/08/21, 15:20:45.235, 114070616889472, QTAgent32.exe, &lt;a class=success&gt;Playback - {9} [SUCCESS] SendKeys "^{HOME}" - "[MSAA, VisibleOnly]ControlType='Edit'"
\0&lt;/a&gt;
E, 5492, 15, 2013/08/21, 15:20:45.235, 114070616892665, QTAgent32.exe, Msaa.GetFocusedElement: could not find accessible object of foreground window
W, 5492, 15, 2013/08/21, 15:20:45.289, 114070617661634, QTAgent32.exe, &lt;a class=success&gt;Playback - {10} [SUCCESS] SendKeys "^+{END}" - "[MSAA, VisibleOnly]ControlType='Edit'"
\0&lt;/a&gt;
E, 5492, 15, 2013/08/21, 15:20:45.289, 114070617664573, QTAgent32.exe, Msaa.GetFocusedElement: could not find accessible object of foreground window
W, 5492, 15, 2013/08/21, 15:20:45.303, 114070617863167, QTAgent32.exe, &lt;a class=success&gt;Playback - {11} [SUCCESS] SendKeys "{DELETE}" - "[MSAA, VisibleOnly]ControlType='Edit'"
\0&lt;/a&gt;
W, 5492, 15, 2013/08/21, 15:20:45.504, 114070620741874, QTAgent32.exe, &lt;a class=success&gt;Playback - {12} [SUCCESS] SetValueAsEditBox "2013" - "[MSAA, VisibleOnly]ControlType='Edit'"  &lt; Set via SendKeys &gt;
\0&lt;/a&gt;
W, 5492, 15, 2013/08/21, 15:20:46.219, 114070630984920, QTAgent32.exe, &lt;a class=success&gt;Playback - {13} [SUCCESS] MouseButtonClick - "[MSAA, VisibleOnly]ControlType='Button' &amp;&amp; Name='OK'"
\0&lt;/a&gt;
W, 5492, 15, 2013/08/21, 15:20:46.802, 114070639322136, QTAgent32.exe, Playback - [WARNING] Internal warning: Window Not Found: [VisibleOnly]ControlType='Window' &amp;&amp; Name='Warning' &amp;&amp; ClassName='#32770'
\0
E, 5492, 15, 2013/08/21, 15:20:46.802, 114070639326341, QTAgent32.exe, &lt;a class=failure&gt;Playback - {14} [FAILED] Function ElementFetcher::FindScreenElement failed to locate UI element (Searching: ;[VisibleOnly]ControlType='Window' &amp;&amp; Name='Warning' &amp;&amp; ClassName='#32770') (The object specified was not found.)
\0&lt;/a&gt;
E, 5492, 15, 2013/08/21, 15:20:46.895, 114070640661596, QTAgent32.exe, Playback - [IMAGE] C:\Users\testuser\AppData\Local\Temp\UITestLogs\LastRun\RPF4E3E.png
\0
W, 5492, 15, 2013/08/21, 15:20:46.896, 114070640664167, QTAgent32.exe, Playback - [WARNING] Internal warning: Couldn't find descendants that match QueryId
\0
W, 5492, 15, 2013/08/21, 15:20:46.896, 114070640670337, QTAgent32.exe, PERF WARNING: FindTopLevelWindowHelper::FindAllDescendents: took 568 ms. Expected it to take maximum 500 ms.
W, 5492, 15, 2013/08/21, 15:21:04.998, 114070899866329, QTAgent32.exe, Playback - [WARNING] Internal warning: Window Not Found: [VisibleOnly]ControlType='Window' &amp;&amp; Name='Warning' &amp;&amp; ClassName='#32770'
\0
E, 5492, 15, 2013/08/21, 15:21:04.999, 114070899871268, QTAgent32.exe, &lt;a class=failure&gt;Playback - {15} [FAILED] Function ElementFetcher::FindScreenElement failed to locate UI element (Searching: ;[VisibleOnly]ControlType='Window' &amp;&amp; Name='Warning' &amp;&amp; ClassName='#32770') (The object specified was not found.)
\0&lt;/a&gt;
E, 5492, 15, 2013/08/21, 15:21:05.065, 114070900826448, QTAgent32.exe, Playback - [IMAGE] C:\Users\testuser\AppData\Local\Temp\UITestLogs\LastRun\RPF954D.png
\0
W, 5492, 15, 2013/08/21, 15:21:05.065, 114070900828829, QTAgent32.exe, Playback - [WARNING] Internal warning: Couldn't find descendants that match QueryId
\0
W, 5492, 15, 2013/08/21, 15:21:05.066, 114070900832896, QTAgent32.exe, PERF WARNING: FindTopLevelWindowHelper::FindAllDescendents: took 18161 ms. Expected it to take maximum 500 ms.
W, 5492, 15, 2013/08/21, 15:21:05.539, 114070907604029, QTAgent32.exe, Playback - [WARNING] Internal warning: Smart Match failed
\0
W, 5492, 15, 2013/08/21, 15:21:05.697, 114070909870192, QTAgent32.exe, Playback - [WARNING] Internal warning: Smart Match failed
\0
W, 5492, 15, 2013/08/21, 15:21:05.852, 114070912098701, QTAgent32.exe, Playback - [WARNING] Internal warning: Smart Match failed
\0
W, 5492, 15, 2013/08/21, 15:21:06.009, 114070914344344, QTAgent32.exe, Playback - [WARNING] Internal warning: Smart Match failed
\0
W, 5492, 15, 2013/08/21, 15:21:06.166, 114070916592472, QTAgent32.exe, Playback - [WARNING] Internal warning: Smart Match failed
\0
W, 5492, 15, 2013/08/21, 15:21:06.324, 114070918850683, QTAgent32.exe, Playback - [WARNING] Internal warning: Smart Match failed
\0
W, 5492, 15, 2013/08/21, 15:21:06.482, 114070921108561, QTAgent32.exe, Playback - [WARNING] Internal warning: Smart Match failed
\0
W, 5492, 15, 2013/08/21, 15:21:06.639, 114070923359620, QTAgent32.exe, Playback - [WARNING] Internal warning: Smart Match failed
\0
W, 5492, 15, 2013/08/21, 15:21:06.796, 114070925599266, QTAgent32.exe, Playback - [WARNING] Internal warning: Smart Match failed
\0
W, 5492, 15, 2013/08/21, 15:21:06.951, 114070927826557, QTAgent32.exe, Playback - [WARNING] Internal warning: Smart Match failed
\0
W, 5492, 15, 2013/08/21, 15:21:07.106, 114070930046587, QTAgent32.exe, Playback - [WARNING] Internal warning: Smart Match failed
\0
W, 5492, 15, 2013/08/21, 15:21:07.269, 114070932381932, QTAgent32.exe, Playback - [WARNING] Internal warning: Smart Match failed
\0
W, 5492, 15, 2013/08/21, 15:21:07.429, 114070934666784, QTAgent32.exe, Playback - [WARNING] Internal warning: Smart Match failed
\0
W, 5492, 15, 2013/08/21, 15:21:07.587, 114070936927492, QTAgent32.exe, Playback - [WARNING] Internal warning: Smart Match failed
\0
W, 5492, 15, 2013/08/21, 15:21:07.742, 114070939155763, QTAgent32.exe, Playback - [WARNING] Internal warning: Smart Match failed
\0
W, 5492, 15, 2013/08/21, 15:21:07.896, 114070941361150, QTAgent32.exe, Playback - [WARNING] Internal warning: Smart Match failed
\0
W, 5492, 15, 2013/08/21, 15:21:08.051, 114070943579603, QTAgent32.exe, Playback - [WARNING] Internal warning: Smart Match failed
\0
W, 5492, 15, 2013/08/21, 15:21:08.096, 114070944220733, QTAgent32.exe, Playback - [WARNING] Internal warning: Window Not Found: [VisibleOnly]ControlType='Window' &amp;&amp; Name='Warning' &amp;&amp; ClassName='#32770'
\0
E, 5492, 15, 2013/08/21, 15:21:08.096, 114070944223719, QTAgent32.exe, &lt;a class=failure&gt;Playback - {16} [FAILED] Function ElementFetcher::FindScreenElement failed to locate UI element (Searching: ;[VisibleOnly]ControlType='Window' &amp;&amp; Name='Warning' &amp;&amp; ClassName='#32770') (The object specified was not found.)
\0&lt;/a&gt;
E, 5492, 15, 2013/08/21, 15:21:08.163, 114070945176559, QTAgent32.exe, Playback - [IMAGE] C:\Users\testuser\AppData\Local\Temp\UITestLogs\LastRun\RPFA16E.png
\0
W, 5492, 15, 2013/08/21, 15:21:08.163, 114070945178841, QTAgent32.exe, Playback - [WARNING] Internal warning: Couldn't find descendants that match QueryId
\0
W, 5492, 15, 2013/08/21, 15:21:08.163, 114070945181688, QTAgent32.exe, PERF WARNING: FindTopLevelWindowHelper::FindAllDescendents: took 3097 ms. Expected it to take maximum 500 ms.
E, 5492, 15, 2013/08/21, 15:21:08.165, 114070945200077, QTAgent32.exe, Exception: System.Runtime.InteropServices.COMException
	Message: Error HRESULT E_FAIL has been returned from a call to a COM component.
	Stack Trace:    at Microsoft.VisualStudio.TestTools.UITest.Playback.Engine.IRPFPlayback.FindAllScreenElements(IScreenElement pScreenElementStart, String bstrQueryId, Object&amp; pvarResKeys, Int32 cResKeys, Int32 nMaxDepth, Object[]&amp; foundDescendants)
   at Microsoft.VisualStudio.TestTools.UITest.Playback.ScreenElement.FindTopLevelWindowHelper(String queryId)
	BaseExceptionMessage: Error HRESULT E_FAIL has been returned from a call to a COM component.

E, 5492, 15, 2013/08/21, 15:21:08.333, 114070947607611, QTAgent32.exe, AL: Playback Error: Microsoft.VisualStudio.TestTools.UITest.Extension.UITestControlNotFoundException: The playback failed to find the control with the given search properties. Additional Details: 
TechnologyName:  'MSAA'
ControlType:  'Window'
Name:  'Warning'
ClassName:  '#32770'
 ---&gt; System.Runtime.InteropServices.COMException: Error HRESULT E_FAIL has been returned from a call to a COM component.
   at Microsoft.VisualStudio.TestTools.UITest.Playback.Engine.IRPFPlayback.FindAllScreenElements(IScreenElement pScreenElementStart, String bstrQueryId, Object&amp; pvarResKeys, Int32 cResKeys, Int32 nMaxDepth, Object[]&amp; foundDescendants)
   at Microsoft.VisualStudio.TestTools.UITest.Playback.ScreenElement.FindTopLevelWindowHelper(String queryId)
   at Microsoft.VisualStudio.TestTools.UITest.Playback.ScreenElement.FindFromPartialQueryId(String queryId)
   at Microsoft.VisualStudio.TestTools.UITesting.UITestControl..ctor(String queryId)
   --- End of inner exception stack trace ---
   at Microsoft.VisualStudio.TestTools.UITesting.Playback.MapControlNotFoundException(COMException ex, IPlaybackContext context)
   at Microsoft.VisualStudio.TestTools.UITesting.Playback.MapAndThrowComException(COMException innerException, IPlaybackContext context)
   at Microsoft.VisualStudio.TestTools.UITesting.Playback.MapAndThrowException(SystemException exception, IPlaybackContext context)
   at Microsoft.VisualStudio.TestTools.UITesting.Playback.MapAndThrowException(SystemException exception, String queryId)
   at Microsoft.VisualStudio.TestTools.UITesting.UITestControl..ctor(String queryId)
   at Microsoft.VisualStudio.TestTools.UITesting.SearchHelper.SearchTopLevelWindow(ISearchArgument topLevelSearchArg, String topLevelElementQueryId)
   at Microsoft.VisualStudio.TestTools.UITesting.SearchHelper.GetTitleUpdatedTopLevelWindow(ISearchArgument topLevelSearchArg, String queryId, IList`1 windowTitles)
   at Microsoft.VisualStudio.TestTools.UITesting.SearchHelper.GetTopLevelElement(Boolean useCache, Boolean useCacheOnly, ISearchArgument searchArg, IList`1 windowTitles, Int32&amp; timeLeft)
   at Microsoft.VisualStudio.TestTools.UITesting.SearchHelper.GetElement(Boolean useCache, ISearchArgument searchArg)
   at Microsoft.VisualStudio.TestTools.UITesting.SearchHelper.Search(ISearchArgument searchArg)
   at Microsoft.VisualStudio.TestTools.UITesting.UITestControl.FindInternal()
   at Microsoft.VisualStudio.TestTools.UITesting.UITestControl.FindControlIfNecessary()
   at Microsoft.VisualStudio.TestTools.UITesting.UITestControl.Click(MouseButtons button, ModifierKeys modifierKeys, Point relativeCoordinates)
   at Microsoft.VisualStudio.TestTools.UITesting.Mouse.ClickImplementation(UITestControl control, MouseButtons button, ModifierKeys modifierKeys, Point relativeCoordinate)
   at Microsoft.VisualStudio.TestTools.UITesting.Mouse.ClickImplementationWrapper(UITestControl control, MouseButtons button, ModifierKeys modifierKeys, Point relativeCoordinate)
W, 5492, 15, 2013/08/21, 15:21:08.340, 114070947708855, QTAgent32.exe, PlaybackErrorHandler: Ignoring exception as ContinueOnError is set.
W, 5492, 15, 2013/08/21, 15:21:08.419, 114070948838558, QTAgent32.exe, &lt;a class=success&gt;Playback - {17} [SUCCESS] TypeString "#(R)"
\0&lt;/a&gt;
W, 5492, 15, 2013/08/21, 15:21:09.043, 114070957780535, QTAgent32.exe, PERF WARNING: FindTopLevelWindowHelper::FindAllDescendents: took 523 ms. Expected it to take maximum 500 ms.
W, 5492, 15, 2013/08/21, 15:21:09.628, 114070966151129, QTAgent32.exe, PERF WARNING: FindAllDescendents: took 582 ms. Expected it to take maximum 500 ms.
E, 5492, 15, 2013/08/21, 15:21:09.644, 114070966385715, QTAgent32.exe, Exception: System.ArgumentException
	Message: Value does not fall within the expected range.
	Stack Trace:    at Accessibility.IAccessible.get_accRole(Object varChild)
   at Microsoft.VisualStudio.TestTools.UITest.Extension.Msaa.AccWrapper.get_RoleInt()
	BaseExceptionMessage: Value does not fall within the expected range.

E, 5492, 15, 2013/08/21, 15:21:09.657, 114070966577671, QTAgent32.exe, Exception: System.ArgumentException
	Message: Value does not fall within the expected range.
	Stack Trace:    at Accessibility.IAccessible.get_accRole(Object varChild)
   at Microsoft.VisualStudio.TestTools.UITest.Extension.Msaa.AccWrapper.get_RoleInt()
	BaseExceptionMessage: Value does not fall within the expected range.

W, 5492, 15, 2013/08/21, 15:21:10.794, 114070982844549, QTAgent32.exe, &lt;a class=success&gt;Playback - {18} [SUCCESS] LeftButtonClick  &lt; Mouse cursor location (87, 728) &gt;
\0&lt;/a&gt;
W, 5492, 15, 2013/08/21, 15:21:12.190, 114071002843946, QTAgent32.exe, &lt;a class=success&gt;Playback - {19} [SUCCESS] SetValueAsEditBox "c:\TestProject7\office.reg"  &lt; Set via SendKeys &gt;
\0&lt;/a&gt;
W, 5492, 15, 2013/08/21, 15:21:12.191, 114071002847112, QTAgent32.exe, &lt;a class=success&gt;Playback - {20} [SUCCESS] SetValueAsComboBox "c:\TestProject7\office.reg" - "[MSAA, VisibleOnly]ControlType='ComboBox' &amp;&amp; Name='Open:'"  &lt; Set via SetValueAsEditBox &gt;
\0&lt;/a&gt;
W, 5492, 15, 2013/08/21, 15:21:12.439, 114071006406109, QTAgent32.exe, &lt;a class=success&gt;Playback - {21} [SUCCESS] MouseButtonClick - "[MSAA, VisibleOnly]ControlType='Button' &amp;&amp; Name='OK'"
\0&lt;/a&gt;
W, 5492, 15, 2013/08/21, 15:21:12.844, 114071012205004, QTAgent32.exe, Playback - [WARNING] Internal warning: Window Not Found: [VisibleOnly]ControlType='Window' &amp;&amp; Name='Registry Editor' &amp;&amp; ClassName='#32770'
\0
E, 5492, 15, 2013/08/21, 15:21:12.844, 114071012207871, QTAgent32.exe, &lt;a class=failure&gt;Playback - {22} [FAILED] Function ElementFetcher::FindScreenElement failed to locate UI element (Searching: ;[VisibleOnly]ControlType='Window' &amp;&amp; Name='Registry Editor' &amp;&amp; ClassName='#32770') (The object specified was not found.)
\0&lt;/a&gt;
E, 5492, 15, 2013/08/21, 15:21:12.942, 114071013604320, QTAgent32.exe, Playback - [IMAGE] C:\Users\testuser\AppData\Local\Temp\UITestLogs\LastRun\RPFB3F6.png
\0
W, 5492, 15, 2013/08/21, 15:21:12.942, 114071013606696, QTAgent32.exe, Playback - [WARNING] Internal warning: Couldn't find descendants that match QueryId
\0
W, 5492, 15, 2013/08/21, 15:21:13.706, 114071024551339, QTAgent32.exe, PERF WARNING: FindTopLevelWindowHelper::FindAllDescendents: took 763 ms. Expected it to take maximum 500 ms.
W, 5492, 15, 2013/08/21, 15:21:14.058, 114071029590094, QTAgent32.exe, &lt;a class=success&gt;Playback - {23} [SUCCESS] MouseButtonClick - "[MSAA, VisibleOnly]ControlType='Button' &amp;&amp; Name='Yes'"
\0&lt;/a&gt;
W, 5492, 15, 2013/08/21, 15:21:14.449, 114071035182142, QTAgent32.exe, &lt;a class=success&gt;Playback - {24} [SUCCESS] MouseButtonClick - "[MSAA, VisibleOnly]ControlType='Button' &amp;&amp; Name='OK'"
\0&lt;/a&gt;
W, 5492, 15, 2013/08/21, 15:21:14.793, 114071040102324, QTAgent32.exe, &lt;a class=success&gt;Playback - {25} [SUCCESS] MouseButtonClick - "[MSAA, VisibleOnly]ControlType='Button' &amp;&amp; Name='Clients &amp; Files'"
\0&lt;/a&gt;
W, 5492, 15, 2013/08/21, 15:21:16.452, 114071063868919, QTAgent32.exe, Playback - [WARNING] Internal warning: Window Not Found: [VisibleOnly]ControlType='Window' &amp;&amp; ClassName='ThunderRT6MDIForm'
\0
E, 5492, 15, 2013/08/21, 15:21:16.453, 114071063872431, QTAgent32.exe, &lt;a class=failure&gt;Playback - {26} [FAILED] Function ElementFetcher::FindScreenElement failed to locate UI element (Searching: ;[VisibleOnly]ControlType='Window' &amp;&amp; ClassName='ThunderRT6MDIForm') (The object specified was not found.)
\0&lt;/a&gt;
E, 5492, 15, 2013/08/21, 15:21:16.543, 114071065167222, QTAgent32.exe, Playback - [IMAGE] C:\Users\testuser\AppData\Local\Temp\UITestLogs\LastRun\RPFC20A.png
\0
W, 5492, 15, 2013/08/21, 15:21:16.543, 114071065170241, QTAgent32.exe, Playback - [WARNING] Internal warning: Couldn't find descendants that match QueryId
\0
W, 5492, 15, 2013/08/21, 15:21:16.544, 114071065173888, QTAgent32.exe, PERF WARNING: FindTopLevelWindowHelper::FindAllDescendents: took 1650 ms. Expected it to take maximum 500 ms.
W, 5492, 15, 2013/08/21, 15:21:17.426, 114071077806181, QTAgent32.exe, Playback - [WARNING] Internal warning: Incorrect flag set for InvokeProgrammaticAction\0
W, 5492, 15, 2013/08/21, 15:21:17.562, 114071079757885, QTAgent32.exe, &lt;a class=success&gt;Playback - {27} [SUCCESS] SetValueAsComboBox "Customers" - "[MSAA, VisibleOnly]ControlType='ComboBox'"  &lt; SetValueAsComboBox, set by clicking on the item in the list box &gt;
\0&lt;/a&gt;
W, 5492, 15, 2013/08/21, 15:21:18.193, 114071088781967, QTAgent32.exe, &lt;a class=success&gt;Playback - {28} [SUCCESS] MouseButtonClick - "[MSAA, VisibleOnly]ControlType='Button' &amp;&amp; Name='Add'"
\0&lt;/a&gt;
W, 5492, 15, 2013/08/21, 15:21:18.818, 114071097733497, QTAgent32.exe, &lt;a class=success&gt;Playback - {29} [SUCCESS] SendKeys "autotest" - "[MSAA, VisibleOnly]ControlType='RadioButton' &amp;&amp; Name='Personal Lines'"
\0&lt;/a&gt;
W, 5492, 15, 2013/08/21, 15:21:19.772, 114071111402055, QTAgent32.exe, &lt;a class=success&gt;Playback - {30} [SUCCESS] SetValueAsEditBox "autotest" - "[MSAA, VisibleOnly]ControlType='Edit'"  &lt; Set via SendKeys &gt;
\0&lt;/a&gt;
W, 5492, 15, 2013/08/21, 15:21:20.246, 114071118180975, QTAgent32.exe, &lt;a class=success&gt;Playback - {31} [SUCCESS] MouseButtonClick - "[MSAA, VisibleOnly]ControlType='Button' &amp;&amp; Name='OK'"
\0&lt;/a&gt;
W, 5492, 15, 2013/08/21, 15:21:20.690, 114071124539965, QTAgent32.exe, &lt;a class=success&gt;Playback - {32} [SUCCESS] MouseButtonClick - "[MSAA, VisibleOnly]ControlType='Button' &amp;&amp; Name='Yes'"
\0&lt;/a&gt;
W, 5492, 15, 2013/08/21, 15:21:21.141, 114071131005588, QTAgent32.exe, &lt;a class=success&gt;Playback - {33} [SUCCESS] SendKeys "^{HOME}" - "[MSAA, VisibleOnly]ControlType='Edit'"
\0&lt;/a&gt;
E, 5492, 15, 2013/08/21, 15:21:21.141, 114071131008513, QTAgent32.exe, Msaa.GetFocusedElement: could not find accessible object of foreground window
W, 5492, 15, 2013/08/21, 15:21:21.204, 114071131902207, QTAgent32.exe, &lt;a class=success&gt;Playback - {34} [SUCCESS] SendKeys "^+{END}" - "[MSAA, VisibleOnly]ControlType='Edit'"
\0&lt;/a&gt;
E, 5492, 15, 2013/08/21, 15:21:21.204, 114071131905922, QTAgent32.exe, Msaa.GetFocusedElement: could not find accessible object of foreground window
W, 5492, 15, 2013/08/21, 15:21:21.219, 114071132122781, QTAgent32.exe, &lt;a class=success&gt;Playback - {35} [SUCCESS] SendKeys "{DELETE}" - "[MSAA, VisibleOnly]ControlType='Edit'"
\0&lt;/a&gt;
W, 5492, 15, 2013/08/21, 15:21:21.567, 114071137097036, QTAgent32.exe, &lt;a class=success&gt;Playback - {36} [SUCCESS] SetValueAsEditBox "1" - "[MSAA, VisibleOnly]ControlType='Edit'"  &lt; Set via SendKeys &gt;
\0&lt;/a&gt;
W, 5492, 15, 2013/08/21, 15:21:22.023, 114071143628511, QTAgent32.exe, &lt;a class=success&gt;Playback - {37} [SUCCESS] SendKeys "^{HOME}" - "[MSAA, VisibleOnly]ControlType='Edit'"
\0&lt;/a&gt;
E, 5492, 15, 2013/08/21, 15:21:22.023, 114071143632344, QTAgent32.exe, Msaa.GetFocusedElement: could not find accessible object of foreground window
W, 5492, 15, 2013/08/21, 15:21:22.079, 114071144431023, QTAgent32.exe, &lt;a class=success&gt;Playback - {38} [SUCCESS] SendKeys "^+{END}" - "[MSAA, VisibleOnly]ControlType='Edit'"
\0&lt;/a&gt;
E, 5492, 15, 2013/08/21, 15:21:22.079, 114071144434798, QTAgent32.exe, Msaa.GetFocusedElement: could not find accessible object of foreground window
W, 5492, 15, 2013/08/21, 15:21:22.096, 114071144674577, QTAgent32.exe, &lt;a class=success&gt;Playback - {39} [SUCCESS] SendKeys "{DELETE}" - "[MSAA, VisibleOnly]ControlType='Edit'"
\0&lt;/a&gt;
W, 5492, 15, 2013/08/21, 15:21:22.409, 114071149154487, QTAgent32.exe, &lt;a class=success&gt;Playback - {40} [SUCCESS] SetValueAsEditBox "1" - "[MSAA, VisibleOnly]ControlType='Edit'"  &lt; Set via SendKeys &gt;
\0&lt;/a&gt;
W, 5492, 15, 2013/08/21, 15:21:24.019, 114071172200711, QTAgent32.exe, Playback - [WARNING] Internal warning: Target element "[MSAA, VisibleOnly]ControlType='Button' &amp;&amp; Name='OK'" was not found, so all intermediate elements were ignored. An incorrect element that matches target element Id can be found as the result.  Verify that all intermediate elements in QueryId have valid and unique Ids
\0
W, 5492, 15, 2013/08/21, 15:21:24.555, 114071179889919, QTAgent32.exe, PERF WARNING: FindAllDescendents: took 2045 ms. Expected it to take maximum 500 ms.
W, 5492, 15, 2013/08/21, 15:21:24.834, 114071183881528, QTAgent32.exe, &lt;a class=success&gt;Playback - {41} [SUCCESS] MouseButtonClick - "[MSAA, VisibleOnly]ControlType='Button' &amp;&amp; Name='OK'"
\0&lt;/a&gt;
W, 5492, 15, 2013/08/21, 15:21:25.256, 114071189922476, QTAgent32.exe, &lt;a class=success&gt;Playback - {42} [SUCCESS] MouseButtonClick - "[MSAA, VisibleOnly]ControlType='Button'"
\0&lt;/a&gt;
W, 5492, 15, 2013/08/21, 15:21:25.618, 114071195099777, QTAgent32.exe, &lt;a class=success&gt;Playback - {43} [SUCCESS] MouseButtonClick - "[MSAA, VisibleOnly]ControlType='Button' &amp;&amp; Name='Add'"
\0&lt;/a&gt;
W, 5492, 15, 2013/08/21, 15:21:26.035, 114071201079334, QTAgent32.exe, &lt;a class=success&gt;Playback - {44} [SUCCESS] MouseButtonClick - "[MSAA, VisibleOnly]ControlType='Button' &amp;&amp; Name='OK'"
\0&lt;/a&gt;
W, 5492, 15, 2013/08/21, 15:21:28.295, 114071233435805, QTAgent32.exe, &lt;a class=success&gt;Playback - {45} [SUCCESS] MouseButtonClick - "[MSAA, VisibleOnly,Window]ControlType='Window' &amp;&amp; ClassName='ThunderRT6TextBox'"
\0&lt;/a&gt;
W, 5492, 15, 2013/08/21, 15:21:29.111, 114071245115550, QTAgent32.exe, &lt;a class=success&gt;Playback - {46} [SUCCESS] SetValueAsEditBox "MOTO" - "[MSAA, VisibleOnly]ControlType='Edit'"  &lt; Set via SendKeys &gt;
\0&lt;/a&gt;
W, 5492, 15, 2013/08/21, 15:21:29.450, 114071249976552, QTAgent32.exe, &lt;a class=success&gt;Playback - {47} [SUCCESS] MouseButtonClick - "[MSAA, VisibleOnly]ControlType='Button' &amp;&amp; Name='OK'"
\0&lt;/a&gt;
W, 5492, 15, 2013/08/21, 15:21:29.703, 114071253589159, QTAgent32.exe, &lt;a class=success&gt;Playback - {48} [SUCCESS] MouseButtonClick - "[MSAA, VisibleOnly]ControlType='Button' &amp;&amp; Name='Options'"
\0&lt;/a&gt;
W, 5492, 15, 2013/08/21, 15:21:29.811, 114071255136061, QTAgent32.exe, FindScreenElementInSinglePass : Attempting to find control in one pass of search. Failures can occur.
W, 5492, 15, 2013/08/21, 15:21:30.225, 114071261066722, QTAgent32.exe, &lt;a class=success&gt;Playback - {49} [SUCCESS] MouseButtonClick - "[MSAA]ControlType='MenuItem' &amp;&amp; Name='Links'"
\0&lt;/a&gt;
W, 5492, 15, 2013/08/21, 15:21:30.326, 114071262503498, QTAgent32.exe, FindScreenElementInSinglePass : Attempting to find control in one pass of search. Failures can occur.
W, 5492, 15, 2013/08/21, 15:21:30.754, 114071268633394, QTAgent32.exe, &lt;a class=success&gt;Playback - {50} [SUCCESS] MouseButtonClick - "[MSAA]ControlType='MenuItem' &amp;&amp; Name='3rd Party Integration'"
\0&lt;/a&gt;
W, 5492, 15, 2013/08/21, 15:21:30.854, 114071270073128, QTAgent32.exe, FindScreenElementInSinglePass : Attempting to find control in one pass of search. Failures can occur.
W, 5492, 15, 2013/08/21, 15:21:31.302, 114071276491113, QTAgent32.exe, &lt;a class=success&gt;Playback - {51} [SUCCESS] MouseButtonClick - "[MSAA]ControlType='MenuItem' &amp;&amp; Name='Quote Select List'"
\0&lt;/a&gt;
W, 5492, 15, 2013/08/21, 15:21:31.795, 114071283550288, QTAgent32.exe, Playback - [WARNING] Internal warning: Window Not Found: [VisibleOnly]ControlType='Window' &amp;&amp; Name='Current Or Future' &amp;&amp; ClassName='TfCurrentOrFuture'
\0
E, 5492, 15, 2013/08/21, 15:21:31.796, 114071283553670, QTAgent32.exe, &lt;a class=failure&gt;Playback - {52} [FAILED] Function ElementFetcher::FindScreenElement failed to locate UI element (Searching: ;[VisibleOnly]ControlType='Window' &amp;&amp; Name='Current Or Future' &amp;&amp; ClassName='TfCurrentOrFuture') (The object specified was not found.)
\0&lt;/a&gt;
E, 5492, 15, 2013/08/21, 15:21:31.872, 114071284641568, QTAgent32.exe, Playback - [IMAGE] C:\Users\testuser\AppData\Local\Temp\UITestLogs\LastRun\RPFFE02.png
\0
W, 5492, 15, 2013/08/21, 15:21:31.872, 114071284643913, QTAgent32.exe, Playback - [WARNING] Internal warning: Couldn't find descendants that match QueryId
\0
W, 5492, 15, 2013/08/21, 15:21:33.928, 114071314089241, QTAgent32.exe, PERF WARNING: FindTopLevelWindowHelper::FindAllDescendents: took 2056 ms. Expected it to take maximum 500 ms.
W, 5492, 15, 2013/08/21, 15:21:34.505, 114071322339247, QTAgent32.exe, &lt;a class=success&gt;Playback - {53} [SUCCESS] MouseButtonClick - "[MSAA, VisibleOnly]ControlType='Button' &amp;&amp; Name='Ok'"
\0&lt;/a&gt;
W, 5492, 15, 2013/08/21, 15:21:36.909, 114071356764706, QTAgent32.exe, PERF WARNING: FindTopLevelWindowHelper::FindAllDescendents: took 2299 ms. Expected it to take maximum 500 ms.
W, 5492, 15, 2013/08/21, 15:21:37.168, 114071360475197, QTAgent32.exe, &lt;a class=success&gt;Playback - {54} [SUCCESS] MouseButtonClick - "[MSAA, VisibleOnly]ControlType='Button' &amp;&amp; Name='Ok'"
\0&lt;/a&gt;
W, 5492, 15, 2013/08/21, 15:21:37.871, 114071370544419, QTAgent32.exe, &lt;a class=success&gt;Playback - {55} [SUCCESS] SetValueAsEditBox "Test" - "[MSAA, VisibleOnly]ControlType='Edit'"  &lt; Set via SendKeys &gt;
\0&lt;/a&gt;
W, 5492, 15, 2013/08/21, 15:21:38.222, 114071375572171, QTAgent32.exe, &lt;a class=success&gt;Playback - {56} [SUCCESS] SendKeys "{Tab}" - "[MSAA, VisibleOnly]ControlType='Edit'"
\0&lt;/a&gt;
W, 5492, 15, 2013/08/21, 15:21:38.911, 114071385435788, QTAgent32.exe, &lt;a class=success&gt;Playback - {57} [SUCCESS] SetValueAsEditBox "test" - "[MSAA, VisibleOnly]ControlType='Edit'"  &lt; Set via SendKeys &gt;
\0&lt;/a&gt;
W, 5492, 15, 2013/08/21, 15:21:39.683, 114071396483831, QTAgent32.exe, &lt;a class=success&gt;Playback - {58} [SUCCESS] SetValueAsEditBox "160485" - "[MSAA, VisibleOnly]ControlType='Edit'"  &lt; Set via SendKeys &gt;
\0&lt;/a&gt;
W, 5492, 15, 2013/08/21, 15:21:40.400, 114071406753475, QTAgent32.exe, &lt;a class=success&gt;Playback - {59} [SUCCESS] SetValueAsEditBox "B338TH" - "[MSAA, VisibleOnly]ControlType='Edit'"  &lt; Set via SendKeys &gt;
\0&lt;/a&gt;
W, 5492, 15, 2013/08/21, 15:21:42.653, 114071439007517, QTAgent32.exe, &lt;a class=success&gt;Playback - {60} [SUCCESS] MouseButtonClick - "[MSAA, VisibleOnly]ControlType='Button' &amp;&amp; Name='Lookup...'"
\0&lt;/a&gt;
W, 5492, 15, 2013/08/21, 15:21:42.905, 114071442615165, QTAgent32.exe, &lt;a class=success&gt;Playback - {61} [SUCCESS] MouseButtonClick - "[MSAA, VisibleOnly]ControlType='Button' &amp;&amp; Name='Ok'"
\0&lt;/a&gt;
W, 5492, 15, 2013/08/21, 15:21:44.707, 114071468420443, QTAgent32.exe, &lt;a class=success&gt;Playback - {62} [SUCCESS] MouseButtonClick - "[MSAA, VisibleOnly]ControlType='Button' &amp;&amp; Name='OK'"
\0&lt;/a&gt;
W, 5492, 15, 2013/08/21, 15:21:45.740, 114071483219665, QTAgent32.exe, Playback - [WARNING] Internal warning: Incorrect flag set for InvokeProgrammaticAction\0
W, 5492, 15, 2013/08/21, 15:21:45.864, 114071484984656, QTAgent32.exe, &lt;a class=success&gt;Playback - {63} [SUCCESS] SetValueAsComboBox "Account Executive" - "[MSAA, VisibleOnly]ControlType='ComboBox'"  &lt; SetValueAsComboBox, set by clicking on the item in the list box &gt;
\0&lt;/a&gt;
W, 5492, 15, 2013/08/21, 15:21:46.901, 114071499839870, QTAgent32.exe, Playback - [WARNING] Internal warning: Incorrect flag set for InvokeProgrammaticAction\0
W, 5492, 15, 2013/08/21, 15:21:47.022, 114071501569198, QTAgent32.exe, &lt;a class=success&gt;Playback - {64} [SUCCESS] SetValueAsComboBox "Acupuncture" - "[MSAA, VisibleOnly]ControlType='ComboBox'"  &lt; SetValueAsComboBox, set by clicking on the item in the list box &gt;
\0&lt;/a&gt;
W, 5492, 15, 2013/08/21, 15:21:48.058, 114071516406724, QTAgent32.exe, &lt;a class=success&gt;Playback - {65} [SUCCESS] SetValueAsEditBox "151101" - "[MSAA, VisibleOnly]ControlType='Edit'"  &lt; Set via SendKeys &gt;
\0&lt;/a&gt;
W, 5492, 15, 2013/08/21, 15:21:49.958, 114071543597597, QTAgent32.exe, &lt;a class=success&gt;Playback - {66} [SUCCESS] MouseButtonClick - "[MSAA, VisibleOnly]ControlType='Button' &amp;&amp; Name='OK'"
\0&lt;/a&gt;
W, 5492, 15, 2013/08/21, 15:21:51.262, 114071562281733, QTAgent32.exe, &lt;a class=success&gt;Playback - {67} [SUCCESS] SetValueAsEditBox "RF53OXL" - "[MSAA, VisibleOnly]ControlType='Edit'"  &lt; Set via SendKeys &gt;
\0&lt;/a&gt;
W, 5492, 15, 2013/08/21, 15:21:52.517, 114071580252827, QTAgent32.exe, &lt;a class=success&gt;Playback - {68} [SUCCESS] MouseButtonClick - "[MSAA, VisibleOnly]ControlType='Button' &amp;&amp; Name='Filter'"
\0&lt;/a&gt;
W, 5492, 15, 2013/08/21, 15:21:52.816, 114071584526738, QTAgent32.exe, &lt;a class=success&gt;Playback - {69} [SUCCESS] MouseButtonClick - "[MSAA, VisibleOnly]ControlType='Button' &amp;&amp; Name='OK'"
\0&lt;/a&gt;
W, 5492, 15, 2013/08/21, 15:21:53.368, 114071592438212, QTAgent32.exe, &lt;a class=success&gt;Playback - {70} [SUCCESS] SendKeys "^{HOME}" - "[MSAA, VisibleOnly]ControlType='Edit'"
\0&lt;/a&gt;
E, 5492, 15, 2013/08/21, 15:21:53.368, 114071592441981, QTAgent32.exe, Msaa.GetFocusedElement: could not find accessible object of foreground window
W, 5492, 15, 2013/08/21, 15:21:53.434, 114071593378567, QTAgent32.exe, &lt;a class=success&gt;Playback - {71} [SUCCESS] SendKeys "^+{END}" - "[MSAA, VisibleOnly]ControlType='Edit'"
\0&lt;/a&gt;
E, 5492, 15, 2013/08/21, 15:21:53.434, 114071593383050, QTAgent32.exe, Msaa.GetFocusedElement: could not find accessible object of foreground window
W, 5492, 15, 2013/08/21, 15:21:53.450, 114071593607851, QTAgent32.exe, &lt;a class=success&gt;Playback - {72} [SUCCESS] SendKeys "{DELETE}" - "[MSAA, VisibleOnly]ControlType='Edit'"
\0&lt;/a&gt;
W, 5492, 15, 2013/08/21, 15:21:53.932, 114071600507506, QTAgent32.exe, &lt;a class=success&gt;Playback - {73} [SUCCESS] SetValueAsEditBox "1000" - "[MSAA, VisibleOnly]ControlType='Edit'"  &lt; Set via SendKeys &gt;
\0&lt;/a&gt;
W, 5492, 15, 2013/08/21, 15:21:54.301, 114071605789643, QTAgent32.exe, &lt;a class=success&gt;Playback - {74} [SUCCESS] MouseButtonClick - "[MSAA, VisibleOnly]ControlType='Button' &amp;&amp; Name='Calculate Quote'"
\0&lt;/a&gt;
W, 5492, 15, 2013/08/21, 15:22:02.599, 114071724595887, QTAgent32.exe, Playback - [WARNING] Internal warning: Window Not Found: [VisibleOnly]ControlType='Window' &amp;&amp; Name='Quote Select List' &amp;&amp; ClassName='ThunderRT6FormDC'
\0
E, 5492, 15, 2013/08/21, 15:22:02.599, 114071724603302, QTAgent32.exe, &lt;a class=failure&gt;Playback - {75} [FAILED] Function ElementFetcher::FindScreenElement failed to locate UI element (Searching: ;[VisibleOnly]ControlType='Window' &amp;&amp; Name='Quote Select List' &amp;&amp; ClassName='ThunderRT6FormDC') (The object specified was not found.)
\0&lt;/a&gt;
E, 5492, 15, 2013/08/21, 15:22:02.688, 114071725871345, QTAgent32.exe, Playback - [IMAGE] C:\Users\testuser\AppData\Local\Temp\UITestLogs\LastRun\RPF765D.png
\0
W, 5492, 15, 2013/08/21, 15:22:02.688, 114071725876773, QTAgent32.exe, Playback - [WARNING] Internal warning: Couldn't find descendants that match QueryId
\0
W, 5492, 15, 2013/08/21, 15:22:02.689, 114071725886104, QTAgent32.exe, PERF WARNING: FindTopLevelWindowHelper::FindAllDescendents: took 8285 ms. Expected it to take maximum 500 ms.
W, 5492, 15, 2013/08/21, 15:22:21.475, 114071994872945, QTAgent32.exe, Playback - [WARNING] Internal warning: Window Not Found: [VisibleOnly]ControlType='Window' &amp;&amp; Name='Quote Select List' &amp;&amp; ClassName='ThunderRT6FormDC'
\0
E, 5492, 15, 2013/08/21, 15:22:21.476, 114071994880257, QTAgent32.exe, &lt;a class=failure&gt;Playback - {76} [FAILED] Function ElementFetcher::FindScreenElement failed to locate UI element (Searching: ;[VisibleOnly]ControlType='Window' &amp;&amp; Name='Quote Select List' &amp;&amp; ClassName='ThunderRT6FormDC') (The object specified was not found.)
\0&lt;/a&gt;
E, 5492, 15, 2013/08/21, 15:22:21.538, 114071995772572, QTAgent32.exe, Playback - [IMAGE] C:\Users\testuser\AppData\Local\Temp\UITestLogs\LastRun\RPFC01A.png
\0
W, 5492, 15, 2013/08/21, 15:22:21.538, 114071995774986, QTAgent32.exe, Playback - [WARNING] Internal warning: Couldn't find descendants that match QueryId
\0
W, 5492, 15, 2013/08/21, 15:22:21.539, 114071995781024, QTAgent32.exe, PERF WARNING: FindTopLevelWindowHelper::FindAllDescendents: took 18849 ms. Expected it to take maximum 500 ms.
W, 5492, 15, 2013/08/21, 15:22:24.421, 114072037056846, QTAgent32.exe, Playback - [WARNING] Internal warning: Smart Match failed
\0
W, 5492, 15, 2013/08/21, 15:22:25.649, 114072054640283, QTAgent32.exe, Playback - [WARNING] Internal warning: Window Not Found: [VisibleOnly]ControlType='Window' &amp;&amp; Name='Quote Select List' &amp;&amp; ClassName='ThunderRT6FormDC'
\0
E, 5492, 15, 2013/08/21, 15:22:25.650, 114072054644471, QTAgent32.exe, &lt;a class=failure&gt;Playback - {77} [FAILED] Function ElementFetcher::FindScreenElement failed to locate UI element (Searching: ;[VisibleOnly]ControlType='Window' &amp;&amp; Name='Quote Select List' &amp;&amp; ClassName='ThunderRT6FormDC') (The object specified was not found.)
\0&lt;/a&gt;
E, 5492, 15, 2013/08/21, 15:22:25.712, 114072055541538, QTAgent32.exe, Playback - [IMAGE] C:\Users\testuser\AppData\Local\Temp\UITestLogs\LastRun\RPFD060.png
\0
W, 5492, 15, 2013/08/21, 15:22:25.712, 114072055543699, QTAgent32.exe, Playback - [WARNING] Internal warning: Couldn't find descendants that match QueryId
\0
W, 5492, 15, 2013/08/21, 15:22:25.713, 114072055546889, QTAgent32.exe, PERF WARNING: FindTopLevelWindowHelper::FindAllDescendents: took 4173 ms. Expected it to take maximum 500 ms.
E, 5492, 15, 2013/08/21, 15:22:25.713, 114072055548984, QTAgent32.exe, Exception: System.Runtime.InteropServices.COMException
	Message: Error HRESULT E_FAIL has been returned from a call to a COM component.
	Stack Trace:    at Microsoft.VisualStudio.TestTools.UITest.Playback.Engine.IRPFPlayback.FindAllScreenElements(IScreenElement pScreenElementStart, String bstrQueryId, Object&amp; pvarResKeys, Int32 cResKeys, Int32 nMaxDepth, Object[]&amp; foundDescendants)
   at Microsoft.VisualStudio.TestTools.UITest.Playback.ScreenElement.FindTopLevelWindowHelper(String queryId)
	BaseExceptionMessage: Error HRESULT E_FAIL has been returned from a call to a COM component.

E, 5492, 15, 2013/08/21, 15:22:25.815, 114072057006406, QTAgent32.exe, AL: Playback Error: Microsoft.VisualStudio.TestTools.UITest.Extension.UITestControlNotFoundException: The playback failed to find the control with the given search properties. Additional Details: 
TechnologyName:  'MSAA'
ControlType:  'Window'
Name:  'Quote Select List'
ClassName:  'ThunderRT6FormDC'
 ---&gt; System.Runtime.InteropServices.COMException: Error HRESULT E_FAIL has been returned from a call to a COM component.
   at Microsoft.VisualStudio.TestTools.UITest.Playback.Engine.IRPFPlayback.FindAllScreenElements(IScreenElement pScreenElementStart, String bstrQueryId, Object&amp; pvarResKeys, Int32 cResKeys, Int32 nMaxDepth, Object[]&amp; foundDescendants)
   at Microsoft.VisualStudio.TestTools.UITest.Playback.ScreenElement.FindTopLevelWindowHelper(String queryId)
   at Microsoft.VisualStudio.TestTools.UITest.Playback.ScreenElement.FindFromPartialQueryId(String queryId)
   at Microsoft.VisualStudio.TestTools.UITesting.UITestControl..ctor(String queryId)
   --- End of inner exception stack trace ---
   at Microsoft.VisualStudio.TestTools.UITesting.Playback.MapControlNotFoundException(COMException ex, IPlaybackContext context)
   at Microsoft.VisualStudio.TestTools.UITesting.Playback.MapAndThrowComException(COMException innerException, IPlaybackContext context)
   at Microsoft.VisualStudio.TestTools.UITesting.Playback.MapAndThrowException(SystemException exception, IPlaybackContext context)
   at Microsoft.VisualStudio.TestTools.UITesting.Playback.MapAndThrowException(SystemException exception, String queryId)
   at Microsoft.VisualStudio.TestTools.UITesting.UITestControl..ctor(String queryId)
   at Microsoft.VisualStudio.TestTools.UITesting.SearchHelper.SearchTopLevelWindow(ISearchArgument topLevelSearchArg, String topLevelElementQueryId)
   at Microsoft.VisualStudio.TestTools.UITesting.SearchHelper.GetTitleUpdatedTopLevelWindow(ISearchArgument topLevelSearchArg, String queryId, IList`1 windowTitles)
   at Microsoft.VisualStudio.TestTools.UITesting.SearchHelper.GetTopLevelElement(Boolean useCache, Boolean useCacheOnly, ISearchArgument searchArg, IList`1 windowTitles, Int32&amp; timeLeft)
   at Microsoft.VisualStudio.TestTools.UITesting.SearchHelper.GetElement(Boolean useCache, ISearchArgument searchArg)
   at Microsoft.VisualStudio.TestTools.UITesting.SearchHelper.Search(ISearchArgument searchArg)
   at Microsoft.VisualStudio.TestTools.UITesting.UITestControl.FindInternal()
   at Microsoft.VisualStudio.TestTools.UITesting.UITestControl.FindControlIfNecessary()
   at Microsoft.VisualStudio.TestTools.UITesting.UITestControl.Click(MouseButtons button, ModifierKeys modifierKeys, Point relativeCoordinates)
   at Microsoft.VisualStudio.TestTools.UITesting.Mouse.ClickImplementation(UITestControl control, MouseButtons button, ModifierKeys modifierKeys, Point relativeCoordinate)
   at Microsoft.VisualStudio.TestTools.UITesting.Mouse.ClickImplementationWrapper(UITestControl control, MouseButtons button, ModifierKeys modifierKeys, Point relativeCoordinate)
W, 5492, 15, 2013/08/21, 15:22:25.815, 114072057010254, QTAgent32.exe, PlaybackErrorHandler: Ignoring exception as ContinueOnError is set.
W, 5492, 15, 2013/08/21, 15:22:25.985, 114072059440281, QTAgent32.exe, &lt;a class=success&gt;Playback - {78} [SUCCESS] MouseButtonClick - "[MSAA, VisibleOnly]ControlType='Button' &amp;&amp; Name='No'"
\0&lt;/a&gt;
W, 5492, 15, 2013/08/21, 15:22:26.337, 114072064490501, QTAgent32.exe, &lt;a class=success&gt;Playback - {79} [SUCCESS] MouseButtonClick - "[MSAA, VisibleOnly]ControlType='Button' &amp;&amp; Name='Ok'"
\0&lt;/a&gt;
W, 5492, 15, 2013/08/21, 15:22:33.347, 114072164857827, QTAgent32.exe, PERF WARNING: FindTopLevelWindowHelper::FindAllDescendents: took 6908 ms. Expected it to take maximum 500 ms.
W, 5492, 15, 2013/08/21, 15:22:33.501, 114072167061415, QTAgent32.exe, &lt;a class=success&gt;Playback - {80} [SUCCESS] MouseButtonClick - "[MSAA, VisibleOnly]ControlType='Client'"
\0&lt;/a&gt;
W, 5492, 15, 2013/08/21, 15:22:35.343, 114072193433436, QTAgent32.exe, &lt;a class=success&gt;Playback - {81} [SUCCESS] SendKeys "{Home}" - "[MSAA, VisibleOnly]ControlType='Client'"
\0&lt;/a&gt;
W, 5492, 15, 2013/08/21, 15:22:38.848, 114072243622909, QTAgent32.exe, &lt;a class=success&gt;Playback - {82} [SUCCESS] MouseButtonClick - "[MSAA, VisibleOnly]ControlType='Button' &amp;&amp; Name='Accept'"
\0&lt;/a&gt;
W, 5492, 15, 2013/08/21, 15:22:39.603, 114072254432051, QTAgent32.exe, &lt;a class=success&gt;Playback - {83} [SUCCESS] MouseButtonClick - "[MSAA, VisibleOnly]ControlType='Button' &amp;&amp; Name='Yes'"
\0&lt;/a&gt;
W, 5492, 15, 2013/08/21, 15:22:39.956, 114072259483976, QTAgent32.exe, &lt;a class=success&gt;Playback - {84} [SUCCESS] MouseButtonClick - "[MSAA, VisibleOnly]ControlType='Button' &amp;&amp; Name='Ok'"
\0&lt;/a&gt;
W, 5492, 15, 2013/08/21, 15:22:40.236, 114072263501932, QTAgent32.exe, &lt;a class=success&gt;Playback - {85} [SUCCESS] MouseButtonClick - "[MSAA, VisibleOnly]ControlType='Button' &amp;&amp; Name='Ok'"
\0&lt;/a&gt;
W, 5492, 15, 2013/08/21, 15:22:40.826, 114072271952504, QTAgent32.exe, &lt;a class=success&gt;Playback - {86} [SUCCESS] MouseButtonClick - "[MSAA, VisibleOnly]ControlType='Button' &amp;&amp; Name='Confirm'"
\0&lt;/a&gt;
W, 5492, 15, 2013/08/21, 15:23:00.517, 114072553882904, QTAgent32.exe, Playback - [WARNING] Internal warning: Window Not Found: [VisibleOnly]ControlType='Window' &amp;&amp; Name='Save the file as' &amp;&amp; ClassName='#32770'
\0
E, 5492, 15, 2013/08/21, 15:23:00.517, 114072553890016, QTAgent32.exe, &lt;a class=failure&gt;Playback - {87} [FAILED] Function ElementFetcher::FindScreenElement failed to locate UI element (Searching: ;[VisibleOnly]ControlType='Window' &amp;&amp; Name='Save the file as' &amp;&amp; ClassName='#32770') (The object specified was not found.)
\0&lt;/a&gt;
E, 5492, 15, 2013/08/21, 15:23:00.576, 114072554723451, QTAgent32.exe, Playback - [IMAGE] C:\Users\testuser\AppData\Local\Temp\UITestLogs\LastRun\RPF5894.png
\0
W, 5492, 15, 2013/08/21, 15:23:00.576, 114072554726284, QTAgent32.exe, Playback - [WARNING] Internal warning: Couldn't find descendants that match QueryId
\0
W, 5492, 15, 2013/08/21, 15:23:00.577, 114072554734777, QTAgent32.exe, PERF WARNING: FindTopLevelWindowHelper::FindAllDescendents: took 19648 ms. Expected it to take maximum 500 ms.
W, 5492, 15, 2013/08/21, 15:23:19.393, 114072824159138, QTAgent32.exe, Playback - [WARNING] Internal warning: Window Not Found: [VisibleOnly]ControlType='Window' &amp;&amp; Name='Save the file as' &amp;&amp; ClassName='#32770'
\0
E, 5492, 15, 2013/08/21, 15:23:19.394, 114072824166443, QTAgent32.exe, &lt;a class=failure&gt;Playback - {88} [FAILED] Function ElementFetcher::FindScreenElement failed to locate UI element (Searching: ;[VisibleOnly]ControlType='Window' &amp;&amp; Name='Save the file as' &amp;&amp; ClassName='#32770') (The object specified was not found.)
\0&lt;/a&gt;
E, 5492, 15, 2013/08/21, 15:23:19.450, 114072824975682, QTAgent32.exe, Playback - [IMAGE] C:\Users\testuser\AppData\Local\Temp\UITestLogs\LastRun\RPFA251.png
\0
W, 5492, 15, 2013/08/21, 15:23:19.450, 114072824978387, QTAgent32.exe, Playback - [WARNING] Internal warning: Couldn't find descendants that match QueryId
\0
W, 5492, 15, 2013/08/21, 15:23:19.451, 114072824983815, QTAgent32.exe, PERF WARNING: FindTopLevelWindowHelper::FindAllDescendents: took 18874 ms. Expected it to take maximum 500 ms.
W, 5492, 15, 2013/08/21, 15:23:22.303, 114072865821812, QTAgent32.exe, Playback - [WARNING] Internal warning: Smart Match failed
\0
W, 5492, 15, 2013/08/21, 15:23:23.505, 114072883036170, QTAgent32.exe, Playback - [WARNING] Internal warning: Window Not Found: [VisibleOnly]ControlType='Window' &amp;&amp; Name='Save the file as' &amp;&amp; ClassName='#32770'
\0
E, 5492, 15, 2013/08/21, 15:23:23.506, 114072883045049, QTAgent32.exe, &lt;a class=failure&gt;Playback - {89} [FAILED] Function ElementFetcher::FindScreenElement failed to locate UI element (Searching: ;[VisibleOnly]ControlType='Window' &amp;&amp; Name='Save the file as' &amp;&amp; ClassName='#32770') (The object specified was not found.)
\0&lt;/a&gt;
E, 5492, 15, 2013/08/21, 15:23:23.563, 114072883857081, QTAgent32.exe, Playback - [IMAGE] C:\Users\testuser\AppData\Local\Temp\UITestLogs\LastRun\RPFB268.png
\0
W, 5492, 15, 2013/08/21, 15:23:23.563, 114072883859363, QTAgent32.exe, Playback - [WARNING] Internal warning: Couldn't find descendants that match QueryId
\0
W, 5492, 15, 2013/08/21, 15:23:23.563, 114072883864245, QTAgent32.exe, PERF WARNING: FindTopLevelWindowHelper::FindAllDescendents: took 4111 ms. Expected it to take maximum 500 ms.
E, 5492, 15, 2013/08/21, 15:23:23.563, 114072883866584, QTAgent32.exe, Exception: System.Runtime.InteropServices.COMException
	Message: Error HRESULT E_FAIL has been returned from a call to a COM component.
	Stack Trace:    at Microsoft.VisualStudio.TestTools.UITest.Playback.Engine.IRPFPlayback.FindAllScreenElements(IScreenElement pScreenElementStart, String bstrQueryId, Object&amp; pvarResKeys, Int32 cResKeys, Int32 nMaxDepth, Object[]&amp; foundDescendants)
   at Microsoft.VisualStudio.TestTools.UITest.Playback.ScreenElement.FindTopLevelWindowHelper(String queryId)
	BaseExceptionMessage: Error HRESULT E_FAIL has been returned from a call to a COM component.

E, 5492, 15, 2013/08/21, 15:23:23.665, 114072885324461, QTAgent32.exe, AL: Playback Error: Microsoft.VisualStudio.TestTools.UITest.Extension.UITestControlNotFoundException: The playback failed to find the control with the given search properties. Additional Details: 
TechnologyName:  'MSAA'
ControlType:  'Window'
Name:  'Save the file as'
ClassName:  '#32770'
 ---&gt; System.Runtime.InteropServices.COMException: Error HRESULT E_FAIL has been returned from a call to a COM component.
   at Microsoft.VisualStudio.TestTools.UITest.Playback.Engine.IRPFPlayback.FindAllScreenElements(IScreenElement pScreenElementStart, String bstrQueryId, Object&amp; pvarResKeys, Int32 cResKeys, Int32 nMaxDepth, Object[]&amp; foundDescendants)
   at Microsoft.VisualStudio.TestTools.UITest.Playback.ScreenElement.FindTopLevelWindowHelper(String queryId)
   at Microsoft.VisualStudio.TestTools.UITest.Playback.ScreenElement.FindFromPartialQueryId(String queryId)
   at Microsoft.VisualStudio.TestTools.UITesting.UITestControl..ctor(String queryId)
   --- End of inner exception stack trace ---
   at Microsoft.VisualStudio.TestTools.UITesting.Playback.MapControlNotFoundException(COMException ex, IPlaybackContext context)
   at Microsoft.VisualStudio.TestTools.UITesting.Playback.MapAndThrowComException(COMException innerException, IPlaybackContext context)
   at Microsoft.VisualStudio.TestTools.UITesting.Playback.MapAndThrowException(SystemException exception, IPlaybackContext context)
   at Microsoft.VisualStudio.TestTools.UITesting.Playback.MapAndThrowException(SystemException exception, String queryId)
   at Microsoft.VisualStudio.TestTools.UITesting.UITestControl..ctor(String queryId)
   at Microsoft.VisualStudio.TestTools.UITesting.SearchHelper.SearchTopLevelWindow(ISearchArgument topLevelSearchArg, String topLevelElementQueryId)
   at Microsoft.VisualStudio.TestTools.UITesting.SearchHelper.GetTitleUpdatedTopLevelWindow(ISearchArgument topLevelSearchArg, String queryId, IList`1 windowTitles)
   at Microsoft.VisualStudio.TestTools.UITesting.SearchHelper.GetTopLevelElement(Boolean useCache, Boolean useCacheOnly, ISearchArgument searchArg, IList`1 windowTitles, Int32&amp; timeLeft)
   at Microsoft.VisualStudio.TestTools.UITesting.SearchHelper.GetElement(Boolean useCache, ISearchArgument searchArg)
   at Microsoft.VisualStudio.TestTools.UITesting.SearchHelper.Search(ISearchArgument searchArg)
   at Microsoft.VisualStudio.TestTools.UITesting.UITestControl.FindInternal()
   at Microsoft.VisualStudio.TestTools.UITesting.UITestControl.FindControlIfNecessary()
   at Microsoft.VisualStudio.TestTools.UITesting.UITestControl.Click(MouseButtons button, ModifierKeys modifierKeys, Point relativeCoordinates)
   at Microsoft.VisualStudio.TestTools.UITesting.Mouse.ClickImplementation(UITestControl control, MouseButtons button, ModifierKeys modifierKeys, Point relativeCoordinate)
   at Microsoft.VisualStudio.TestTools.UITesting.Mouse.ClickImplementationWrapper(UITestControl control, MouseButtons button, ModifierKeys modifierKeys, Point relativeCoordinate)
W, 5492, 15, 2013/08/21, 15:23:23.665, 114072885328387, QTAgent32.exe, PlaybackErrorHandler: Ignoring exception as ContinueOnError is set.
W, 5492, 15, 2013/08/21, 15:23:31.877, 114073002906859, QTAgent32.exe, Playback - [WARNING] Internal warning: Window Not Found: [VisibleOnly]ControlType='Window' &amp;&amp; Name='Point Of Sale' &amp;&amp; ClassName='ThunderRT6FormDC'
\0
E, 5492, 15, 2013/08/21, 15:23:31.878, 114073002913253, QTAgent32.exe, &lt;a class=failure&gt;Playback - {90} [FAILED] Function ElementFetcher::FindScreenElement failed to locate UI element (Searching: ;[VisibleOnly]ControlType='Window' &amp;&amp; Name='Point Of Sale' &amp;&amp; ClassName='ThunderRT6FormDC') (The object specified was not found.)
\0&lt;/a&gt;
E, 5492, 15, 2013/08/21, 15:23:31.953, 114073003988186, QTAgent32.exe, Playback - [IMAGE] C:\Users\testuser\AppData\Local\Temp\UITestLogs\LastRun\RPFD322.png
\0
W, 5492, 15, 2013/08/21, 15:23:31.953, 114073003990615, QTAgent32.exe, Playback - [WARNING] Internal warning: Couldn't find descendants that match QueryId
\0
W, 5492, 15, 2013/08/21, 15:23:31.953, 114073003997517, QTAgent32.exe, PERF WARNING: FindTopLevelWindowHelper::FindAllDescendents: took 8275 ms. Expected it to take maximum 500 ms.
W, 5492, 15, 2013/08/21, 15:23:50.771, 114073273437768, QTAgent32.exe, Playback - [WARNING] Internal warning: Window Not Found: [VisibleOnly]ControlType='Window' &amp;&amp; Name='Point Of Sale' &amp;&amp; ClassName='ThunderRT6FormDC'
\0
E, 5492, 15, 2013/08/21, 15:23:50.772, 114073273442655, QTAgent32.exe, &lt;a class=failure&gt;Playback - {91} [FAILED] Function ElementFetcher::FindScreenElement failed to locate UI element (Searching: ;[VisibleOnly]ControlType='Window' &amp;&amp; Name='Point Of Sale' &amp;&amp; ClassName='ThunderRT6FormDC') (The object specified was not found.)
\0&lt;/a&gt;
E, 5492, 15, 2013/08/21, 15:23:50.835, 114073274354143, QTAgent32.exe, Playback - [IMAGE] C:\Users\testuser\AppData\Local\Temp\UITestLogs\LastRun\RPF1CEF.png
\0
W, 5492, 15, 2013/08/21, 15:23:50.836, 114073274356466, QTAgent32.exe, Playback - [WARNING] Internal warning: Couldn't find descendants that match QueryId
\0
W, 5492, 15, 2013/08/21, 15:23:50.836, 114073274361812, QTAgent32.exe, PERF WARNING: FindTopLevelWindowHelper::FindAllDescendents: took 18882 ms. Expected it to take maximum 500 ms.
W, 5492, 15, 2013/08/21, 15:23:53.715, 114073315584871, QTAgent32.exe, Playback - [WARNING] Internal warning: Smart Match failed
\0
W, 5492, 15, 2013/08/21, 15:23:54.943, 114073333168954, QTAgent32.exe, Playback - [WARNING] Internal warning: Window Not Found: [VisibleOnly]ControlType='Window' &amp;&amp; Name='Point Of Sale' &amp;&amp; ClassName='ThunderRT6FormDC'
\0
E, 5492, 15, 2013/08/21, 15:23:54.943, 114073333172581, QTAgent32.exe, &lt;a class=failure&gt;Playback - {92} [FAILED] Function ElementFetcher::FindScreenElement failed to locate UI element (Searching: ;[VisibleOnly]ControlType='Window' &amp;&amp; Name='Point Of Sale' &amp;&amp; ClassName='ThunderRT6FormDC') (The object specified was not found.)
\0&lt;/a&gt;
E, 5492, 15, 2013/08/21, 15:23:54.999, 114073333969461, QTAgent32.exe, Playback - [IMAGE] C:\Users\testuser\AppData\Local\Temp\UITestLogs\LastRun\RPF2D35.png
\0
W, 5492, 15, 2013/08/21, 15:23:54.999, 114073333971873, QTAgent32.exe, Playback - [WARNING] Internal warning: Couldn't find descendants that match QueryId
\0
W, 5492, 15, 2013/08/21, 15:23:54.999, 114073333975119, QTAgent32.exe, PERF WARNING: FindTopLevelWindowHelper::FindAllDescendents: took 4163 ms. Expected it to take maximum 500 ms.
E, 5492, 15, 2013/08/21, 15:23:55.000, 114073333977390, QTAgent32.exe, Exception: System.Runtime.InteropServices.COMException
	Message: Error HRESULT E_FAIL has been returned from a call to a COM component.
	Stack Trace:    at Microsoft.VisualStudio.TestTools.UITest.Playback.Engine.IRPFPlayback.FindAllScreenElements(IScreenElement pScreenElementStart, String bstrQueryId, Object&amp; pvarResKeys, Int32 cResKeys, Int32 nMaxDepth, Object[]&amp; foundDescendants)
   at Microsoft.VisualStudio.TestTools.UITest.Playback.ScreenElement.FindTopLevelWindowHelper(String queryId)
	BaseExceptionMessage: Error HRESULT E_FAIL has been returned from a call to a COM component.

E, 5492, 15, 2013/08/21, 15:23:55.001, 114073333991555, QTAgent32.exe, AL: Playback Error: Microsoft.VisualStudio.TestTools.UITest.Extension.UITestControlNotFoundException: The playback failed to find the control with the given search properties. Additional Details: 
TechnologyName:  'MSAA'
ControlType:  'Window'
Name:  'Point Of Sale'
ClassName:  'ThunderRT6FormDC'
 ---&gt; System.Runtime.InteropServices.COMException: Error HRESULT E_FAIL has been returned from a call to a COM component.
   at Microsoft.VisualStudio.TestTools.UITest.Playback.Engine.IRPFPlayback.FindAllScreenElements(IScreenElement pScreenElementStart, String bstrQueryId, Object&amp; pvarResKeys, Int32 cResKeys, Int32 nMaxDepth, Object[]&amp; foundDescendants)
   at Microsoft.VisualStudio.TestTools.UITest.Playback.ScreenElement.FindTopLevelWindowHelper(String queryId)
   at Microsoft.VisualStudio.TestTools.UITest.Playback.ScreenElement.FindFromPartialQueryId(String queryId)
   at Microsoft.VisualStudio.TestTools.UITesting.UITestControl..ctor(String queryId)
   --- End of inner exception stack trace ---
   at Microsoft.VisualStudio.TestTools.UITesting.Playback.MapControlNotFoundException(COMException ex, IPlaybackContext context)
   at Microsoft.VisualStudio.TestTools.UITesting.Playback.MapAndThrowComException(COMException innerException, IPlaybackContext context)
   at Microsoft.VisualStudio.TestTools.UITesting.Playback.MapAndThrowException(SystemException exception, IPlaybackContext context)
   at Microsoft.VisualStudio.TestTools.UITesting.Playback.MapAndThrowException(SystemException exception, String queryId)
   at Microsoft.VisualStudio.TestTools.UITesting.UITestControl..ctor(String queryId)
   at Microsoft.VisualStudio.TestTools.UITesting.SearchHelper.SearchTopLevelWindow(ISearchArgument topLevelSearchArg, String topLevelElementQueryId)
   at Microsoft.VisualStudio.TestTools.UITesting.SearchHelper.GetTitleUpdatedTopLevelWindow(ISearchArgument topLevelSearchArg, String queryId, IList`1 windowTitles)
   at Microsoft.VisualStudio.TestTools.UITesting.SearchHelper.GetTopLevelElement(Boolean useCache, Boolean useCacheOnly, ISearchArgument searchArg, IList`1 windowTitles, Int32&amp; timeLeft)
   at Microsoft.VisualStudio.TestTools.UITesting.SearchHelper.GetElement(Boolean useCache, ISearchArgument searchArg)
   at Microsoft.VisualStudio.TestTools.UITesting.SearchHelper.Search(ISearchArgument searchArg)
   at Microsoft.VisualStudio.TestTools.UITesting.UITestControl.FindInternal()
   at Microsoft.VisualStudio.TestTools.UITesting.UITestControl.FindControlIfNecessary()
   at Microsoft.VisualStudio.TestTools.UITesting.UITestControl.SetProperty(String propertyName, Object value)
W, 5492, 15, 2013/08/21, 15:24:02.134, 114073436132723, QTAgent32.exe, IEDOM : StopSession of the plugin called before StartSession
W, 5492, 15, 2013/08/21, 15:24:02.135, 114073436135185, QTAgent32.exe, UIA : StopSession of the plugin called before StartSession
</DebugTrace>
        <ErrorInfo>
          <Message>Test method Ver1.CodedUITest2.MotoCreateQuote threw exception: 
Microsoft.VisualStudio.TestTools.UITest.Extension.UITestControlNotFoundException: The playback failed to find the control with the given search properties. Additional Details: 
TechnologyName:  'MSAA'
ControlType:  'Window'
Name:  'Point Of Sale'
ClassName:  'ThunderRT6FormDC'
 ---&gt; System.Runtime.InteropServices.COMException: Error HRESULT E_FAIL has been returned from a call to a COM component.</Message>
          <StackTrace>    at Microsoft.VisualStudio.TestTools.UITest.Playback.Engine.IRPFPlayback.FindAllScreenElements(IScreenElement pScreenElementStart, String bstrQueryId, Object&amp; pvarResKeys, Int32 cResKeys, Int32 nMaxDepth, Object[]&amp; foundDescendants)
   at Microsoft.VisualStudio.TestTools.UITest.Playback.ScreenElement.FindTopLevelWindowHelper(String queryId)
   at Microsoft.VisualStudio.TestTools.UITest.Playback.ScreenElement.FindFromPartialQueryId(String queryId)
   at Microsoft.VisualStudio.TestTools.UITesting.UITestControl..ctor(String queryId)
 --- End of inner exception stack trace ---
    at Microsoft.VisualStudio.TestTools.UITesting.Playback.MapControlNotFoundException(COMException ex, IPlaybackContext context)
   at Microsoft.VisualStudio.TestTools.UITesting.Playback.MapAndThrowComException(COMException innerException, IPlaybackContext context)
   at Microsoft.VisualStudio.TestTools.UITesting.Playback.MapAndThrowException(SystemException exception, IPlaybackContext context)
   at Microsoft.VisualStudio.TestTools.UITesting.Playback.MapAndThrowException(SystemException exception, String queryId)
   at Microsoft.VisualStudio.TestTools.UITesting.UITestControl..ctor(String queryId)
   at Microsoft.VisualStudio.TestTools.UITesting.SearchHelper.SearchTopLevelWindow(ISearchArgument topLevelSearchArg, String topLevelElementQueryId)
   at Microsoft.VisualStudio.TestTools.UITesting.SearchHelper.GetTitleUpdatedTopLevelWindow(ISearchArgument topLevelSearchArg, String queryId, IList`1 windowTitles)
   at Microsoft.VisualStudio.TestTools.UITesting.SearchHelper.GetTopLevelElement(Boolean useCache, Boolean useCacheOnly, ISearchArgument searchArg, IList`1 windowTitles, Int32&amp; timeLeft)
   at Microsoft.VisualStudio.TestTools.UITesting.SearchHelper.GetElement(Boolean useCache, ISearchArgument searchArg)
   at Microsoft.VisualStudio.TestTools.UITesting.SearchHelper.Search(ISearchArgument searchArg)
   at Microsoft.VisualStudio.TestTools.UITesting.UITestControl.FindInternal()
   at Microsoft.VisualStudio.TestTools.UITesting.UITestControl.FindControlIfNecessary()
   at Microsoft.VisualStudio.TestTools.UITesting.UITestControl.SetProperty(String propertyName, Object value)
   at Microsoft.VisualStudio.TestTools.UITesting.WinControls.WinCheckBox.set_Checked(Boolean value)
   at Ver1.UIMap.FinishQuote1() in C:\AutotestTam1205\TestProject7\UIMap.Designer.cs:line 703
   at Ver1.CodedUITest2.MotoCreateQuote() in C:\AutotestTam1205\TestProject7\CodedUITest2.cs:line 121
</StackTrace>
        </ErrorInfo>
      </Output>
      <ResultFiles>
        <ResultFile path="ICLVDEVTM02\MotoCreateQuote.png" />
      </ResultFiles>
      <ExtensionResult>Exception has been thrown by the target of an invocation.</ExtensionResult>
    </UnitTestResult>
  </Results>
</TestRun>