<?xml version="1.0" encoding="UTF-8"?>
<TestRun id="eacb2ca1-6946-40d2-9941-2fa454acb857" name="testuser@ICLVDEVTL 2013-05-24 08:30:09" runUser="ICLVDEVTL\testuser" xmlns="http://microsoft.com/schemas/VisualStudio/TeamTest/2010">
  <TestSettings name="RemoteSetting" id="5c3ed885-967b-4862-a1a8-8a2764ec6e39">
    <Description>These are default test settings for a local test run.</Description>
    <Deployment runDeploymentRoot="testuser_ICLVDEVTL 2013-05-24 08_30_09">
      <DeploymentItem filename="C:\TestLinkFixture.dll" />
      <DeploymentItem filename="C:\CookComputing.XmlRpcV2.dll" />
      <DeploymentItem filename="C:\TestLinkAPI.dll" />
    </Deployment>
    <RemoteController name="ICLVDEVTL" />
    <Execution location="Remote">
      <TestTypeSpecific>
        <UnitTestRunConfig testTypeId="13cdc9d9-ddb5-4fa4-a97d-d965ccfc6d4b">
          <AssemblyResolution>
            <TestDirectory useLoadContext="true" />
          </AssemblyResolution>
        </UnitTestRunConfig>
      </TestTypeSpecific>
      <AgentRule name="New role 1">
      </AgentRule>
    </Execution>
  </TestSettings>
  <Times creation="2013-05-24T08:30:09.8371943+01:00" queuing="2013-05-24T08:30:10.3620893+01:00" start="2013-05-24T08:30:16.5628489+01:00" finish="2013-05-24T09:53:28.2048949+01:00" />
  <ResultSummary outcome="Failed">
    <Counters total="9" executed="9" passed="6" error="0" failed="3" timeout="0" aborted="0" inconclusive="0" passedButRunAborted="0" notRunnable="0" notExecuted="0" disconnected="0" warning="0" completed="0" inProgress="0" pending="0" />
  </ResultSummary>
  <TestDefinitions>
    <UnitTest name="HouseRebrokeRenewCurrent" storage="c:\autotesttam1205\testproject7\bin\debug\ver1.dll" id="1f8782a3-4d48-8c5d-f81c-c88ed9c281c4">
      <Execution id="29efdc20-c551-4dc7-8ef1-add18fa260c8" />
      <TestMethod codeBase="C:/AutotestTam1205/TestProject7/bin/Debug/Ver1.DLL" adapterTypeName="Microsoft.VisualStudio.TestTools.TestTypes.Unit.UnitTestAdapter, Microsoft.VisualStudio.QualityTools.Tips.UnitTest.Adapter, Version=10.0.0.0, Culture=neutral, PublicKeyToken=b03f5f7f11d50a3a" className="Ver1.CodedUITest2, Ver1, Version=1.0.0.0, Culture=neutral, PublicKeyToken=null" name="HouseRebrokeRenewCurrent" />
      <Extension>Microsoft.VisualStudio.TestTools.UITesting.CodedUITestAttribute, Microsoft.VisualStudio.QualityTools.CodedUITestFramework, Version=10.0.0.0, Culture=neutral, PublicKeyToken=b03f5f7f11d50a3a</Extension>
    </UnitTest>
    <UnitTest name="HouseAmendRiskNewScheme" storage="c:\autotesttam1205\testproject7\bin\debug\ver1.dll" id="e785005d-7402-4f52-14ec-dba919726f7b">
      <Execution id="ef487934-ade9-46d9-8887-78de327e92bf" />
      <TestMethod codeBase="C:/AutotestTam1205/TestProject7/bin/Debug/Ver1.DLL" adapterTypeName="Microsoft.VisualStudio.TestTools.TestTypes.Unit.UnitTestAdapter, Microsoft.VisualStudio.QualityTools.Tips.UnitTest.Adapter, Version=10.0.0.0, Culture=neutral, PublicKeyToken=b03f5f7f11d50a3a" className="Ver1.CodedUITest2, Ver1, Version=1.0.0.0, Culture=neutral, PublicKeyToken=null" name="HouseAmendRiskNewScheme" />
      <Extension>Microsoft.VisualStudio.TestTools.UITesting.CodedUITestAttribute, Microsoft.VisualStudio.QualityTools.CodedUITestFramework, Version=10.0.0.0, Culture=neutral, PublicKeyToken=b03f5f7f11d50a3a</Extension>
    </UnitTest>
    <UnitTest name="HouseAmendRiskExistingScheme" storage="c:\autotesttam1205\testproject7\bin\debug\ver1.dll" id="0141781e-e8c8-68a2-deee-13f636ac4d13">
      <Execution id="ede3d92a-7c98-4164-b66a-68974b3f5a35" />
      <TestMethod codeBase="C:/AutotestTam1205/TestProject7/bin/Debug/Ver1.DLL" adapterTypeName="Microsoft.VisualStudio.TestTools.TestTypes.Unit.UnitTestAdapter, Microsoft.VisualStudio.QualityTools.Tips.UnitTest.Adapter, Version=10.0.0.0, Culture=neutral, PublicKeyToken=b03f5f7f11d50a3a" className="Ver1.CodedUITest2, Ver1, Version=1.0.0.0, Culture=neutral, PublicKeyToken=null" name="HouseAmendRiskExistingScheme" />
      <Extension>Microsoft.VisualStudio.TestTools.UITesting.CodedUITestAttribute, Microsoft.VisualStudio.QualityTools.CodedUITestFramework, Version=10.0.0.0, Culture=neutral, PublicKeyToken=b03f5f7f11d50a3a</Extension>
    </UnitTest>
    <UnitTest name="HouseRenewalBefore" storage="c:\autotesttam1205\testproject7\bin\debug\ver1.dll" id="092560b0-34b4-ac01-6d5d-c895bfb1f95f">
      <Execution id="05efecd7-da08-49d4-9c7a-9d55558ae0c5" />
      <TestMethod codeBase="C:/AutotestTam1205/TestProject7/bin/Debug/Ver1.DLL" adapterTypeName="Microsoft.VisualStudio.TestTools.TestTypes.Unit.UnitTestAdapter, Microsoft.VisualStudio.QualityTools.Tips.UnitTest.Adapter, Version=10.0.0.0, Culture=neutral, PublicKeyToken=b03f5f7f11d50a3a" className="Ver1.CodedUITest2, Ver1, Version=1.0.0.0, Culture=neutral, PublicKeyToken=null" name="HouseRenewalBefore" />
      <Extension>Microsoft.VisualStudio.TestTools.UITesting.CodedUITestAttribute, Microsoft.VisualStudio.QualityTools.CodedUITestFramework, Version=10.0.0.0, Culture=neutral, PublicKeyToken=b03f5f7f11d50a3a</Extension>
    </UnitTest>
    <UnitTest name="HouseRebrokeRenewExistingScheme" storage="c:\autotesttam1205\testproject7\bin\debug\ver1.dll" id="a0f51a54-7cb2-4ad5-9dc0-3545e9f02b07">
      <Execution id="44b1be17-84df-4b75-bdc5-422a38cf4487" />
      <TestMethod codeBase="C:/AutotestTam1205/TestProject7/bin/Debug/Ver1.DLL" adapterTypeName="Microsoft.VisualStudio.TestTools.TestTypes.Unit.UnitTestAdapter, Microsoft.VisualStudio.QualityTools.Tips.UnitTest.Adapter, Version=10.0.0.0, Culture=neutral, PublicKeyToken=b03f5f7f11d50a3a" className="Ver1.CodedUITest2, Ver1, Version=1.0.0.0, Culture=neutral, PublicKeyToken=null" name="HouseRebrokeRenewExistingScheme" />
      <Extension>Microsoft.VisualStudio.TestTools.UITesting.CodedUITestAttribute, Microsoft.VisualStudio.QualityTools.CodedUITestFramework, Version=10.0.0.0, Culture=neutral, PublicKeyToken=b03f5f7f11d50a3a</Extension>
    </UnitTest>
    <UnitTest name="HouseRenewalAfter" storage="c:\autotesttam1205\testproject7\bin\debug\ver1.dll" id="85fea04a-2d22-da29-e2a5-a62a531bce65">
      <Execution id="c90c1de0-23dd-4042-a399-2ea183a0fb2b" />
      <TestMethod codeBase="C:/AutotestTam1205/TestProject7/bin/Debug/Ver1.DLL" adapterTypeName="Microsoft.VisualStudio.TestTools.TestTypes.Unit.UnitTestAdapter, Microsoft.VisualStudio.QualityTools.Tips.UnitTest.Adapter, Version=10.0.0.0, Culture=neutral, PublicKeyToken=b03f5f7f11d50a3a" className="Ver1.CodedUITest2, Ver1, Version=1.0.0.0, Culture=neutral, PublicKeyToken=null" name="HouseRenewalAfter" />
      <Extension>Microsoft.VisualStudio.TestTools.UITesting.CodedUITestAttribute, Microsoft.VisualStudio.QualityTools.CodedUITestFramework, Version=10.0.0.0, Culture=neutral, PublicKeyToken=b03f5f7f11d50a3a</Extension>
    </UnitTest>
    <UnitTest name="MotoRebrokeRenewExistingScheme" storage="c:\autotesttam1205\testproject7\bin\debug\ver1.dll" id="a5f54e40-1bf8-ce13-c337-6a02b2b7e5d4">
      <Execution id="172a710a-ffb1-480d-a22b-504c0463da6a" />
      <TestMethod codeBase="C:/AutotestTam1205/TestProject7/bin/Debug/Ver1.DLL" adapterTypeName="Microsoft.VisualStudio.TestTools.TestTypes.Unit.UnitTestAdapter, Microsoft.VisualStudio.QualityTools.Tips.UnitTest.Adapter, Version=10.0.0.0, Culture=neutral, PublicKeyToken=b03f5f7f11d50a3a" className="Ver1.CodedUITest2, Ver1, Version=1.0.0.0, Culture=neutral, PublicKeyToken=null" name="MotoRebrokeRenewExistingScheme" />
      <Extension>Microsoft.VisualStudio.TestTools.UITesting.CodedUITestAttribute, Microsoft.VisualStudio.QualityTools.CodedUITestFramework, Version=10.0.0.0, Culture=neutral, PublicKeyToken=b03f5f7f11d50a3a</Extension>
    </UnitTest>
    <UnitTest name="HouseRebrokeRenewNewScheme" storage="c:\autotesttam1205\testproject7\bin\debug\ver1.dll" id="49954a0c-626b-cfff-45f2-8522f1cf2034">
      <Execution id="4ae04209-3d9f-445b-8644-3370d7efad72" />
      <TestMethod codeBase="C:/AutotestTam1205/TestProject7/bin/Debug/Ver1.DLL" adapterTypeName="Microsoft.VisualStudio.TestTools.TestTypes.Unit.UnitTestAdapter, Microsoft.VisualStudio.QualityTools.Tips.UnitTest.Adapter, Version=10.0.0.0, Culture=neutral, PublicKeyToken=b03f5f7f11d50a3a" className="Ver1.CodedUITest2, Ver1, Version=1.0.0.0, Culture=neutral, PublicKeyToken=null" name="HouseRebrokeRenewNewScheme" />
      <Extension>Microsoft.VisualStudio.TestTools.UITesting.CodedUITestAttribute, Microsoft.VisualStudio.QualityTools.CodedUITestFramework, Version=10.0.0.0, Culture=neutral, PublicKeyToken=b03f5f7f11d50a3a</Extension>
    </UnitTest>
    <UnitTest name="MotoRebrokeRenewNewScheme" storage="c:\autotesttam1205\testproject7\bin\debug\ver1.dll" id="72861ca4-760f-1d55-3273-faac7fb22762">
      <Execution id="a40ce9c5-cb54-4636-8d88-0292fd6a2791" />
      <TestMethod codeBase="C:/AutotestTam1205/TestProject7/bin/Debug/Ver1.DLL" adapterTypeName="Microsoft.VisualStudio.TestTools.TestTypes.Unit.UnitTestAdapter, Microsoft.VisualStudio.QualityTools.Tips.UnitTest.Adapter, Version=10.0.0.0, Culture=neutral, PublicKeyToken=b03f5f7f11d50a3a" className="Ver1.CodedUITest2, Ver1, Version=1.0.0.0, Culture=neutral, PublicKeyToken=null" name="MotoRebrokeRenewNewScheme" />
      <Extension>Microsoft.VisualStudio.TestTools.UITesting.CodedUITestAttribute, Microsoft.VisualStudio.QualityTools.CodedUITestFramework, Version=10.0.0.0, Culture=neutral, PublicKeyToken=b03f5f7f11d50a3a</Extension>
    </UnitTest>
  </TestDefinitions>
  <TestLists>
    <TestList name="Results Not in a List" id="8c84fa94-04c1-424b-9868-57a2d4851a1d" />
    <TestList name="All Loaded Results" id="19431567-8539-422a-85d7-44ee4e166bda" />
  </TestLists>
  <TestEntries>
    <TestEntry testId="a5f54e40-1bf8-ce13-c337-6a02b2b7e5d4" executionId="172a710a-ffb1-480d-a22b-504c0463da6a" testListId="8c84fa94-04c1-424b-9868-57a2d4851a1d" />
    <TestEntry testId="72861ca4-760f-1d55-3273-faac7fb22762" executionId="a40ce9c5-cb54-4636-8d88-0292fd6a2791" testListId="8c84fa94-04c1-424b-9868-57a2d4851a1d" />
    <TestEntry testId="092560b0-34b4-ac01-6d5d-c895bfb1f95f" executionId="05efecd7-da08-49d4-9c7a-9d55558ae0c5" testListId="8c84fa94-04c1-424b-9868-57a2d4851a1d" />
    <TestEntry testId="85fea04a-2d22-da29-e2a5-a62a531bce65" executionId="c90c1de0-23dd-4042-a399-2ea183a0fb2b" testListId="8c84fa94-04c1-424b-9868-57a2d4851a1d" />
    <TestEntry testId="0141781e-e8c8-68a2-deee-13f636ac4d13" executionId="ede3d92a-7c98-4164-b66a-68974b3f5a35" testListId="8c84fa94-04c1-424b-9868-57a2d4851a1d" />
    <TestEntry testId="e785005d-7402-4f52-14ec-dba919726f7b" executionId="ef487934-ade9-46d9-8887-78de327e92bf" testListId="8c84fa94-04c1-424b-9868-57a2d4851a1d" />
    <TestEntry testId="1f8782a3-4d48-8c5d-f81c-c88ed9c281c4" executionId="29efdc20-c551-4dc7-8ef1-add18fa260c8" testListId="8c84fa94-04c1-424b-9868-57a2d4851a1d" />
    <TestEntry testId="a0f51a54-7cb2-4ad5-9dc0-3545e9f02b07" executionId="44b1be17-84df-4b75-bdc5-422a38cf4487" testListId="8c84fa94-04c1-424b-9868-57a2d4851a1d" />
    <TestEntry testId="49954a0c-626b-cfff-45f2-8522f1cf2034" executionId="4ae04209-3d9f-445b-8644-3370d7efad72" testListId="8c84fa94-04c1-424b-9868-57a2d4851a1d" />
  </TestEntries>
  <Results>
    <UnitTestResult executionId="172a710a-ffb1-480d-a22b-504c0463da6a" testId="a5f54e40-1bf8-ce13-c337-6a02b2b7e5d4" testName="MotoRebrokeRenewExistingScheme" computerName="ICDVDEVTM01" duration="00:09:09.5398545" startTime="2013-05-24T08:34:29.7853078+01:00" endTime="2013-05-24T08:43:41.4218568+01:00" testType="13cdc9d9-ddb5-4fa4-a97d-d965ccfc6d4b" outcome="Passed" testListId="8c84fa94-04c1-424b-9868-57a2d4851a1d" relativeResultsDirectory="172a710a-ffb1-480d-a22b-504c0463da6a">
      <Output>
        <DebugTrace>W, 3240, 15, 2013/05/24, 08:34:39.455, 1091538958633, QTAgent32.exe, &lt;a class=success&gt;Playback - {1} [SUCCESS] MouseButtonClick - "[MSAA, VisibleOnly]ControlType='Edit'"
\0&lt;/a&gt;
W, 3240, 15, 2013/05/24, 08:34:39.666, 1091541976221, QTAgent32.exe, &lt;a class=success&gt;Playback - {2} [SUCCESS] SendKeys "[*]" - "[MSAA, VisibleOnly]ControlType='Edit'"
\0&lt;/a&gt;
W, 3240, 15, 2013/05/24, 08:34:40.598, 1091555327896, QTAgent32.exe, &lt;a class=success&gt;Playback - {3} [SUCCESS] MouseButtonClick - "[MSAA, VisibleOnly]ControlType='Button' &amp;&amp; Name='OK'"
\0&lt;/a&gt;
E, 3240, 15, 2013/05/24, 08:34:40.876, 1091559301912, QTAgent32.exe, LoadLibrary() : Unable to find the resource 37382 from assembly C:\Windows\system32\en-US\ieframe.dll.mui: Error1814
E, 3240, 15, 2013/05/24, 08:34:40.876, 1091559308306, QTAgent32.exe, LoadLibrary() : Unable to find the resource 41728 from assembly C:\Windows\system32\en-US\ieframe.dll.mui: Error1814
E, 3240, 15, 2013/05/24, 08:34:40.876, 1091559310606, QTAgent32.exe, LoadLibrary() : Unable to find the resource 8131 from assembly C:\Windows\system32\en-US\ieframe.dll.mui: Error1814
E, 3240, 15, 2013/05/24, 08:34:40.876, 1091559313547, QTAgent32.exe, LoadLibrary() : Unable to find the resource 8131 from assembly C:\Windows\system32\en-US\ieframe.dll.mui: Error1814
E, 3240, 15, 2013/05/24, 08:34:40.877, 1091559317967, QTAgent32.exe, LoadLibrary() : Unable to find the resource 8131 from assembly C:\Windows\system32\en-US\ieframe.dll.mui: Error1814
E, 3240, 15, 2013/05/24, 08:34:40.884, 1091559418031, QTAgent32.exe, LoadLibrary() : Unable to find the resource 803 from assembly C:\Windows\system32\en-US\user32.dll.mui: Error1814
W, 3240, 15, 2013/05/24, 08:34:40.979, 1091560784752, QTAgent32.exe, &lt;a class=success&gt;Playback - {4} [SUCCESS] SendKeys "^{HOME}" - "[MSAA, VisibleOnly]ControlType='Edit'"
\0&lt;/a&gt;
E, 3240, 15, 2013/05/24, 08:34:40.984, 1091560854875, QTAgent32.exe, Msaa.GetFocusedElement: could not find accessible object of foreground window
W, 3240, 15, 2013/05/24, 08:34:41.067, 1091562039017, QTAgent32.exe, &lt;a class=success&gt;Playback - {5} [SUCCESS] SendKeys "^+{END}" - "[MSAA, VisibleOnly]ControlType='Edit'"
\0&lt;/a&gt;
E, 3240, 15, 2013/05/24, 08:34:41.067, 1091562040971, QTAgent32.exe, Msaa.GetFocusedElement: could not find accessible object of foreground window
W, 3240, 15, 2013/05/24, 08:34:41.135, 1091563019828, QTAgent32.exe, &lt;a class=success&gt;Playback - {6} [SUCCESS] SendKeys "{DELETE}" - "[MSAA, VisibleOnly]ControlType='Edit'"
\0&lt;/a&gt;
W, 3240, 15, 2013/05/24, 08:34:41.365, 1091566316292, QTAgent32.exe, &lt;a class=success&gt;Playback - {7} [SUCCESS] SetValueAsEditBox "24/05/2013" - "[MSAA, VisibleOnly]ControlType='Edit'"  &lt; Set via SendKeys &gt;
\0&lt;/a&gt;
W, 3240, 15, 2013/05/24, 08:34:41.668, 1091570643969, QTAgent32.exe, Playback - [WARNING] Internal warning: Incorrect flag set for InvokeProgrammaticAction\0
W, 3240, 15, 2013/05/24, 08:34:41.792, 1091572430183, QTAgent32.exe, &lt;a class=success&gt;Playback - {8} [SUCCESS] SetValueAsComboBox "May" - "[MSAA, VisibleOnly]ControlType='ComboBox'"  &lt; SetValueAsComboBox, set by clicking on the item in the list box &gt;
\0&lt;/a&gt;
W, 3240, 15, 2013/05/24, 08:34:41.971, 1091574991117, QTAgent32.exe, &lt;a class=success&gt;Playback - {9} [SUCCESS] SendKeys "^{HOME}" - "[MSAA, VisibleOnly]ControlType='Edit'"
\0&lt;/a&gt;
E, 3240, 15, 2013/05/24, 08:34:41.971, 1091574992988, QTAgent32.exe, Msaa.GetFocusedElement: could not find accessible object of foreground window
W, 3240, 15, 2013/05/24, 08:34:42.031, 1091575849371, QTAgent32.exe, &lt;a class=success&gt;Playback - {10} [SUCCESS] SendKeys "^+{END}" - "[MSAA, VisibleOnly]ControlType='Edit'"
\0&lt;/a&gt;
E, 3240, 15, 2013/05/24, 08:34:42.031, 1091575850877, QTAgent32.exe, Msaa.GetFocusedElement: could not find accessible object of foreground window
W, 3240, 15, 2013/05/24, 08:34:42.050, 1091576114837, QTAgent32.exe, &lt;a class=success&gt;Playback - {11} [SUCCESS] SendKeys "{DELETE}" - "[MSAA, VisibleOnly]ControlType='Edit'"
\0&lt;/a&gt;
W, 3240, 15, 2013/05/24, 08:34:42.150, 1091577557876, QTAgent32.exe, &lt;a class=success&gt;Playback - {12} [SUCCESS] SetValueAsEditBox "2013" - "[MSAA, VisibleOnly]ControlType='Edit'"  &lt; Set via SendKeys &gt;
\0&lt;/a&gt;
W, 3240, 15, 2013/05/24, 08:34:43.213, 1091592769375, QTAgent32.exe, &lt;a class=success&gt;Playback - {13} [SUCCESS] MouseButtonClick - "[MSAA, VisibleOnly]ControlType='Button' &amp;&amp; Name='OK'"
\0&lt;/a&gt;
W, 3240, 15, 2013/05/24, 08:34:44.178, 1091606591410, QTAgent32.exe, Playback - [WARNING] Internal warning: Window Not Found: [VisibleOnly]ControlType='Window' &amp;&amp; Name='Warning' &amp;&amp; ClassName='#32770'
\0
E, 3240, 15, 2013/05/24, 08:34:44.190, 1091606751247, QTAgent32.exe, &lt;a class=failure&gt;Playback - {14} [FAILED] Function ElementFetcher::FindScreenElement failed to locate UI element (Searching: ;[VisibleOnly]ControlType='Window' &amp;&amp; Name='Warning' &amp;&amp; ClassName='#32770') (The object specified was not found.)
\0&lt;/a&gt;
E, 3240, 15, 2013/05/24, 08:34:44.351, 1091609057109, QTAgent32.exe, Playback - [IMAGE] C:\Users\testuser\AppData\Local\Temp\UITestLogs\LastRun\RPF5039.png
\0
W, 3240, 15, 2013/05/24, 08:34:44.351, 1091609058756, QTAgent32.exe, Playback - [WARNING] Internal warning: Couldn't find descendants that match QueryId
\0
W, 3240, 15, 2013/05/24, 08:34:44.357, 1091609146047, QTAgent32.exe, PERF WARNING: FindTopLevelWindowHelper::FindAllDescendents: took 1040 ms. Expected it to take maximum 500 ms.
W, 3240, 15, 2013/05/24, 08:35:02.427, 1091867884159, QTAgent32.exe, Playback - [WARNING] Internal warning: Window Not Found: [VisibleOnly]ControlType='Window' &amp;&amp; Name='Warning' &amp;&amp; ClassName='#32770'
\0
E, 3240, 15, 2013/05/24, 08:35:02.427, 1091867886565, QTAgent32.exe, &lt;a class=failure&gt;Playback - {15} [FAILED] Function ElementFetcher::FindScreenElement failed to locate UI element (Searching: ;[VisibleOnly]ControlType='Window' &amp;&amp; Name='Warning' &amp;&amp; ClassName='#32770') (The object specified was not found.)
\0&lt;/a&gt;
E, 3240, 15, 2013/05/24, 08:35:02.471, 1091868506109, QTAgent32.exe, Playback - [IMAGE] C:\Users\testuser\AppData\Local\Temp\UITestLogs\LastRun\RPF9786.png
\0
W, 3240, 15, 2013/05/24, 08:35:02.471, 1091868507654, QTAgent32.exe, Playback - [WARNING] Internal warning: Couldn't find descendants that match QueryId
\0
W, 3240, 15, 2013/05/24, 08:35:02.471, 1091868510357, QTAgent32.exe, PERF WARNING: FindTopLevelWindowHelper::FindAllDescendents: took 18066 ms. Expected it to take maximum 500 ms.
W, 3240, 15, 2013/05/24, 08:35:03.375, 1091881445762, QTAgent32.exe, Playback - [WARNING] Internal warning: Smart Match failed
\0
W, 3240, 15, 2013/05/24, 08:35:03.529, 1091883660860, QTAgent32.exe, Playback - [WARNING] Internal warning: Smart Match failed
\0
W, 3240, 15, 2013/05/24, 08:35:03.667, 1091885627521, QTAgent32.exe, Playback - [WARNING] Internal warning: Smart Match failed
\0
W, 3240, 15, 2013/05/24, 08:35:03.805, 1091887608128, QTAgent32.exe, Playback - [WARNING] Internal warning: Smart Match failed
\0
W, 3240, 15, 2013/05/24, 08:35:03.941, 1091889556120, QTAgent32.exe, Playback - [WARNING] Internal warning: Smart Match failed
\0
W, 3240, 15, 2013/05/24, 08:35:04.078, 1091891519444, QTAgent32.exe, Playback - [WARNING] Internal warning: Smart Match failed
\0
W, 3240, 15, 2013/05/24, 08:35:04.217, 1091893503258, QTAgent32.exe, Playback - [WARNING] Internal warning: Smart Match failed
\0
W, 3240, 15, 2013/05/24, 08:35:04.355, 1091895480966, QTAgent32.exe, Playback - [WARNING] Internal warning: Smart Match failed
\0
W, 3240, 15, 2013/05/24, 08:35:04.491, 1091897431243, QTAgent32.exe, Playback - [WARNING] Internal warning: Smart Match failed
\0
W, 3240, 15, 2013/05/24, 08:35:04.627, 1091899374062, QTAgent32.exe, Playback - [WARNING] Internal warning: Smart Match failed
\0
W, 3240, 15, 2013/05/24, 08:35:04.764, 1091901336848, QTAgent32.exe, Playback - [WARNING] Internal warning: Smart Match failed
\0
W, 3240, 15, 2013/05/24, 08:35:04.899, 1091903268649, QTAgent32.exe, Playback - [WARNING] Internal warning: Smart Match failed
\0
W, 3240, 15, 2013/05/24, 08:35:05.034, 1091905202978, QTAgent32.exe, Playback - [WARNING] Internal warning: Smart Match failed
\0
W, 3240, 15, 2013/05/24, 08:35:05.169, 1091907141436, QTAgent32.exe, Playback - [WARNING] Internal warning: Smart Match failed
\0
W, 3240, 15, 2013/05/24, 08:35:05.305, 1091909081433, QTAgent32.exe, Playback - [WARNING] Internal warning: Smart Match failed
\0
W, 3240, 15, 2013/05/24, 08:35:05.442, 1091911043295, QTAgent32.exe, Playback - [WARNING] Internal warning: Smart Match failed
\0
W, 3240, 15, 2013/05/24, 08:35:05.471, 1091911470797, QTAgent32.exe, Playback - [WARNING] Internal warning: Window Not Found: [VisibleOnly]ControlType='Window' &amp;&amp; Name='Warning' &amp;&amp; ClassName='#32770'
\0
E, 3240, 15, 2013/05/24, 08:35:05.472, 1091911472457, QTAgent32.exe, &lt;a class=failure&gt;Playback - {16} [FAILED] Function ElementFetcher::FindScreenElement failed to locate UI element (Searching: ;[VisibleOnly]ControlType='Window' &amp;&amp; Name='Warning' &amp;&amp; ClassName='#32770') (The object specified was not found.)
\0&lt;/a&gt;
E, 3240, 15, 2013/05/24, 08:35:05.525, 1091912232691, QTAgent32.exe, Playback - [IMAGE] C:\Users\testuser\AppData\Local\Temp\UITestLogs\LastRun\RPFA369.png
\0
W, 3240, 15, 2013/05/24, 08:35:05.525, 1091912234457, QTAgent32.exe, Playback - [WARNING] Internal warning: Couldn't find descendants that match QueryId
\0
W, 3240, 15, 2013/05/24, 08:35:05.525, 1091912236885, QTAgent32.exe, PERF WARNING: FindTopLevelWindowHelper::FindAllDescendents: took 3053 ms. Expected it to take maximum 500 ms.
E, 3240, 15, 2013/05/24, 08:35:05.526, 1091912251219, QTAgent32.exe, Exception: System.Runtime.InteropServices.COMException
	Message: Error HRESULT E_FAIL has been returned from a call to a COM component.
	Stack Trace:    at Microsoft.VisualStudio.TestTools.UITest.Playback.Engine.IRPFPlayback.FindAllScreenElements(IScreenElement pScreenElementStart, String bstrQueryId, Object&amp; pvarResKeys, Int32 cResKeys, Int32 nMaxDepth, Object[]&amp; foundDescendants)
   at Microsoft.VisualStudio.TestTools.UITest.Playback.ScreenElement.FindTopLevelWindowHelper(String queryId)
	BaseExceptionMessage: Error HRESULT E_FAIL has been returned from a call to a COM component.

E, 3240, 15, 2013/05/24, 08:35:05.753, 1091915502627, QTAgent32.exe, AL: Playback Error: Microsoft.VisualStudio.TestTools.UITest.Extension.UITestControlNotFoundException: The playback failed to find the control with the given search properties. Additional Details: 
TechnologyName:  'MSAA'
ControlType:  'Window'
Name:  'Warning'
ClassName:  '#32770'
 ---&gt; System.Runtime.InteropServices.COMException: Error HRESULT E_FAIL has been returned from a call to a COM component.
   at Microsoft.VisualStudio.TestTools.UITest.Playback.Engine.IRPFPlayback.FindAllScreenElements(IScreenElement pScreenElementStart, String bstrQueryId, Object&amp; pvarResKeys, Int32 cResKeys, Int32 nMaxDepth, Object[]&amp; foundDescendants)
   at Microsoft.VisualStudio.TestTools.UITest.Playback.ScreenElement.FindTopLevelWindowHelper(String queryId)
   at Microsoft.VisualStudio.TestTools.UITest.Playback.ScreenElement.FindFromPartialQueryId(String queryId)
   at Microsoft.VisualStudio.TestTools.UITesting.UITestControl..ctor(String queryId)
   --- End of inner exception stack trace ---
   at Microsoft.VisualStudio.TestTools.UITesting.Playback.MapControlNotFoundException(COMException ex, IPlaybackContext context)
   at Microsoft.VisualStudio.TestTools.UITesting.Playback.MapAndThrowComException(COMException innerException, IPlaybackContext context)
   at Microsoft.VisualStudio.TestTools.UITesting.Playback.MapAndThrowException(SystemException exception, IPlaybackContext context)
   at Microsoft.VisualStudio.TestTools.UITesting.Playback.MapAndThrowException(SystemException exception, String queryId)
   at Microsoft.VisualStudio.TestTools.UITesting.UITestControl..ctor(String queryId)
   at Microsoft.VisualStudio.TestTools.UITesting.SearchHelper.SearchTopLevelWindow(ISearchArgument topLevelSearchArg, String topLevelElementQueryId)
   at Microsoft.VisualStudio.TestTools.UITesting.SearchHelper.GetTitleUpdatedTopLevelWindow(ISearchArgument topLevelSearchArg, String queryId, IList`1 windowTitles)
   at Microsoft.VisualStudio.TestTools.UITesting.SearchHelper.GetTopLevelElement(Boolean useCache, Boolean useCacheOnly, ISearchArgument searchArg, IList`1 windowTitles, Int32&amp; timeLeft)
   at Microsoft.VisualStudio.TestTools.UITesting.SearchHelper.GetElement(Boolean useCache, ISearchArgument searchArg)
   at Microsoft.VisualStudio.TestTools.UITesting.SearchHelper.Search(ISearchArgument searchArg)
   at Microsoft.VisualStudio.TestTools.UITesting.UITestControl.FindInternal()
   at Microsoft.VisualStudio.TestTools.UITesting.UITestControl.FindControlIfNecessary()
   at Microsoft.VisualStudio.TestTools.UITesting.UITestControl.Click(MouseButtons button, ModifierKeys modifierKeys, Point relativeCoordinates)
   at Microsoft.VisualStudio.TestTools.UITesting.Mouse.ClickImplementation(UITestControl control, MouseButtons button, ModifierKeys modifierKeys, Point relativeCoordinate)
   at Microsoft.VisualStudio.TestTools.UITesting.Mouse.ClickImplementationWrapper(UITestControl control, MouseButtons button, ModifierKeys modifierKeys, Point relativeCoordinate)
W, 3240, 15, 2013/05/24, 08:35:05.753, 1091915505185, QTAgent32.exe, PlaybackErrorHandler: Ignoring exception as ContinueOnError is set.
W, 3240, 15, 2013/05/24, 08:35:05.837, 1091916699865, QTAgent32.exe, &lt;a class=success&gt;Playback - {17} [SUCCESS] TypeString "#(R)"
\0&lt;/a&gt;
E, 3240, 15, 2013/05/24, 08:35:06.417, 1091925016069, QTAgent32.exe, Exception: System.ArgumentException
	Message: Value does not fall within the expected range.
	Stack Trace:    at Accessibility.IAccessible.get_accRole(Object varChild)
   at Microsoft.VisualStudio.TestTools.UITest.Extension.Msaa.AccWrapper.get_RoleInt()
	BaseExceptionMessage: Value does not fall within the expected range.

E, 3240, 15, 2013/05/24, 08:35:06.422, 1091925087120, QTAgent32.exe, Exception: System.ArgumentException
	Message: Value does not fall within the expected range.
	Stack Trace:    at Accessibility.IAccessible.get_accRole(Object varChild)
   at Microsoft.VisualStudio.TestTools.UITest.Extension.Msaa.AccWrapper.get_RoleInt()
	BaseExceptionMessage: Value does not fall within the expected range.

W, 3240, 15, 2013/05/24, 08:35:06.674, 1091928696036, QTAgent32.exe, &lt;a class=success&gt;Playback - {18} [SUCCESS] LeftButtonClick  &lt; Mouse cursor location (87, 908) &gt;
\0&lt;/a&gt;
W, 3240, 15, 2013/05/24, 08:35:07.521, 1091940812888, QTAgent32.exe, &lt;a class=success&gt;Playback - {19} [SUCCESS] SetValueAsEditBox "c:\TestProject7\ourhighway.reg"  &lt; Set via SendKeys &gt;
\0&lt;/a&gt;
W, 3240, 15, 2013/05/24, 08:35:07.521, 1091940814798, QTAgent32.exe, &lt;a class=success&gt;Playback - {20} [SUCCESS] SetValueAsComboBox "c:\TestProject7\ourhighway.reg" - "[MSAA, VisibleOnly]ControlType='ComboBox' &amp;&amp; Name='Open:'"  &lt; Set via SetValueAsEditBox &gt;
\0&lt;/a&gt;
W, 3240, 15, 2013/05/24, 08:35:07.751, 1091944108425, QTAgent32.exe, &lt;a class=success&gt;Playback - {21} [SUCCESS] MouseButtonClick - "[MSAA, VisibleOnly]ControlType='Button' &amp;&amp; Name='OK'"
\0&lt;/a&gt;
W, 3240, 15, 2013/05/24, 08:35:08.488, 1091954656014, QTAgent32.exe, &lt;a class=success&gt;Playback - {22} [SUCCESS] MouseButtonClick - "[MSAA, VisibleOnly]ControlType='Button' &amp;&amp; Name='Yes'"
\0&lt;/a&gt;
W, 3240, 15, 2013/05/24, 08:35:10.785, 1091987549973, QTAgent32.exe, &lt;a class=success&gt;Playback - {23} [SUCCESS] MouseButtonClick - "[MSAA, VisibleOnly]ControlType='Button' &amp;&amp; Name='OK'"
\0&lt;/a&gt;
W, 3240, 15, 2013/05/24, 08:35:11.085, 1091991837673, QTAgent32.exe, &lt;a class=success&gt;Playback - {24} [SUCCESS] MouseButtonClick - "[MSAA, VisibleOnly]ControlType='Button' &amp;&amp; Name='Clients &amp; Files'"
\0&lt;/a&gt;
W, 3240, 15, 2013/05/24, 08:35:12.963, 1092018741072, QTAgent32.exe, PERF WARNING: FindTopLevelWindowHelper::FindAllDescendents: took 1730 ms. Expected it to take maximum 500 ms.
W, 3240, 15, 2013/05/24, 08:35:13.177, 1092021801004, QTAgent32.exe, Playback - [WARNING] Internal warning: Incorrect flag set for InvokeProgrammaticAction\0
W, 3240, 15, 2013/05/24, 08:35:13.295, 1092023490231, QTAgent32.exe, &lt;a class=success&gt;Playback - {25} [SUCCESS] SetValueAsComboBox "Customers" - "[MSAA, VisibleOnly]ControlType='ComboBox'"  &lt; SetValueAsComboBox, set by clicking on the item in the list box &gt;
\0&lt;/a&gt;
W, 3240, 15, 2013/05/24, 08:35:13.965, 1092033084356, QTAgent32.exe, &lt;a class=success&gt;Playback - {26} [SUCCESS] MouseButtonClick - "[MSAA, VisibleOnly]ControlType='Button' &amp;&amp; Name='Add'"
\0&lt;/a&gt;
W, 3240, 15, 2013/05/24, 08:35:14.263, 1092037347706, QTAgent32.exe, &lt;a class=success&gt;Playback - {27} [SUCCESS] SendKeys "autotest" - "[MSAA, VisibleOnly]ControlType='RadioButton' &amp;&amp; Name='Personal Lines'"
\0&lt;/a&gt;
W, 3240, 15, 2013/05/24, 08:35:14.595, 1092042111309, QTAgent32.exe, &lt;a class=success&gt;Playback - {28} [SUCCESS] SetValueAsEditBox "autotest" - "[MSAA, VisibleOnly]ControlType='Edit'"  &lt; Set via SendKeys &gt;
\0&lt;/a&gt;
W, 3240, 15, 2013/05/24, 08:35:15.207, 1092050867446, QTAgent32.exe, &lt;a class=success&gt;Playback - {29} [SUCCESS] MouseButtonClick - "[MSAA, VisibleOnly]ControlType='Button' &amp;&amp; Name='OK'"
\0&lt;/a&gt;
W, 3240, 15, 2013/05/24, 08:35:15.711, 1092058079391, QTAgent32.exe, &lt;a class=success&gt;Playback - {30} [SUCCESS] MouseButtonClick - "[MSAA, VisibleOnly]ControlType='Button' &amp;&amp; Name='Yes'"
\0&lt;/a&gt;
W, 3240, 15, 2013/05/24, 08:35:15.900, 1092060782452, QTAgent32.exe, &lt;a class=success&gt;Playback - {31} [SUCCESS] SendKeys "^{HOME}" - "[MSAA, VisibleOnly]ControlType='Edit'"
\0&lt;/a&gt;
E, 3240, 15, 2013/05/24, 08:35:15.900, 1092060784710, QTAgent32.exe, Msaa.GetFocusedElement: could not find accessible object of foreground window
W, 3240, 15, 2013/05/24, 08:35:15.952, 1092061534120, QTAgent32.exe, &lt;a class=success&gt;Playback - {32} [SUCCESS] SendKeys "^+{END}" - "[MSAA, VisibleOnly]ControlType='Edit'"
\0&lt;/a&gt;
E, 3240, 15, 2013/05/24, 08:35:15.952, 1092061536386, QTAgent32.exe, Msaa.GetFocusedElement: could not find accessible object of foreground window
W, 3240, 15, 2013/05/24, 08:35:15.965, 1092061713938, QTAgent32.exe, &lt;a class=success&gt;Playback - {33} [SUCCESS] SendKeys "{DELETE}" - "[MSAA, VisibleOnly]ControlType='Edit'"
\0&lt;/a&gt;
W, 3240, 15, 2013/05/24, 08:35:16.017, 1092062459839, QTAgent32.exe, &lt;a class=success&gt;Playback - {34} [SUCCESS] SetValueAsEditBox "1" - "[MSAA, VisibleOnly]ControlType='Edit'"  &lt; Set via SendKeys &gt;
\0&lt;/a&gt;
W, 3240, 15, 2013/05/24, 08:35:16.212, 1092065257292, QTAgent32.exe, &lt;a class=success&gt;Playback - {35} [SUCCESS] SendKeys "^{HOME}" - "[MSAA, VisibleOnly]ControlType='Edit'"
\0&lt;/a&gt;
E, 3240, 15, 2013/05/24, 08:35:16.212, 1092065259188, QTAgent32.exe, Msaa.GetFocusedElement: could not find accessible object of foreground window
W, 3240, 15, 2013/05/24, 08:35:16.276, 1092066165629, QTAgent32.exe, &lt;a class=success&gt;Playback - {36} [SUCCESS] SendKeys "^+{END}" - "[MSAA, VisibleOnly]ControlType='Edit'"
\0&lt;/a&gt;
E, 3240, 15, 2013/05/24, 08:35:16.277, 1092066179129, QTAgent32.exe, Msaa.GetFocusedElement: could not find accessible object of foreground window
W, 3240, 15, 2013/05/24, 08:35:16.301, 1092066524514, QTAgent32.exe, &lt;a class=success&gt;Playback - {37} [SUCCESS] SendKeys "{DELETE}" - "[MSAA, VisibleOnly]ControlType='Edit'"
\0&lt;/a&gt;
W, 3240, 15, 2013/05/24, 08:35:16.347, 1092067185412, QTAgent32.exe, &lt;a class=success&gt;Playback - {38} [SUCCESS] SetValueAsEditBox "1" - "[MSAA, VisibleOnly]ControlType='Edit'"  &lt; Set via SendKeys &gt;
\0&lt;/a&gt;
W, 3240, 15, 2013/05/24, 08:35:17.952, 1092090172479, QTAgent32.exe, Playback - [WARNING] Internal warning: Target element "[MSAA, VisibleOnly]ControlType='Button' &amp;&amp; Name='OK'" was not found, so all intermediate elements were ignored. An incorrect element that matches target element Id can be found as the result.  Verify that all intermediate elements in QueryId have valid and unique Ids
\0
W, 3240, 15, 2013/05/24, 08:35:18.494, 1092097935056, QTAgent32.exe, PERF WARNING: FindAllDescendents: took 2046 ms. Expected it to take maximum 500 ms.
W, 3240, 15, 2013/05/24, 08:35:18.827, 1092102689685, QTAgent32.exe, &lt;a class=success&gt;Playback - {39} [SUCCESS] MouseButtonClick - "[MSAA, VisibleOnly]ControlType='Button' &amp;&amp; Name='OK'"
\0&lt;/a&gt;
W, 3240, 15, 2013/05/24, 08:35:19.282, 1092109206241, QTAgent32.exe, &lt;a class=success&gt;Playback - {40} [SUCCESS] MouseButtonClick - "[MSAA, VisibleOnly]ControlType='Button'"
\0&lt;/a&gt;
W, 3240, 15, 2013/05/24, 08:35:19.623, 1092114093230, QTAgent32.exe, &lt;a class=success&gt;Playback - {41} [SUCCESS] MouseButtonClick - "[MSAA, VisibleOnly]ControlType='Button' &amp;&amp; Name='Add'"
\0&lt;/a&gt;
W, 3240, 15, 2013/05/24, 08:35:20.087, 1092120743834, QTAgent32.exe, &lt;a class=success&gt;Playback - {42} [SUCCESS] MouseButtonClick - "[MSAA, VisibleOnly]ControlType='Button' &amp;&amp; Name='OK'"
\0&lt;/a&gt;
W, 3240, 15, 2013/05/24, 08:35:22.330, 1092152859995, QTAgent32.exe, &lt;a class=success&gt;Playback - {43} [SUCCESS] MouseButtonClick - "[MSAA, VisibleOnly,Window]ControlType='Window' &amp;&amp; ClassName='ThunderRT6TextBox'"
\0&lt;/a&gt;
W, 3240, 15, 2013/05/24, 08:35:22.594, 1092156635700, QTAgent32.exe, &lt;a class=success&gt;Playback - {44} [SUCCESS] SetValueAsEditBox "MOTO" - "[MSAA, VisibleOnly]ControlType='Edit'"  &lt; Set via SendKeys &gt;
\0&lt;/a&gt;
W, 3240, 15, 2013/05/24, 08:35:22.919, 1092161284699, QTAgent32.exe, &lt;a class=success&gt;Playback - {45} [SUCCESS] MouseButtonClick - "[MSAA, VisibleOnly]ControlType='Button' &amp;&amp; Name='OK'"
\0&lt;/a&gt;
W, 3240, 15, 2013/05/24, 08:35:23.164, 1092164798750, QTAgent32.exe, &lt;a class=success&gt;Playback - {46} [SUCCESS] MouseButtonClick - "[MSAA, VisibleOnly]ControlType='Button' &amp;&amp; Name='Options'"
\0&lt;/a&gt;
W, 3240, 15, 2013/05/24, 08:35:23.284, 1092166512869, QTAgent32.exe, FindScreenElementInSinglePass : Attempting to find control in one pass of search. Failures can occur.
W, 3240, 15, 2013/05/24, 08:35:23.435, 1092168676059, QTAgent32.exe, &lt;a class=success&gt;Playback - {47} [SUCCESS] MouseButtonClick - "[MSAA]ControlType='MenuItem' &amp;&amp; Name='Links'"
\0&lt;/a&gt;
W, 3240, 15, 2013/05/24, 08:35:23.535, 1092170112211, QTAgent32.exe, FindScreenElementInSinglePass : Attempting to find control in one pass of search. Failures can occur.
W, 3240, 15, 2013/05/24, 08:35:23.689, 1092172314060, QTAgent32.exe, &lt;a class=success&gt;Playback - {48} [SUCCESS] MouseButtonClick - "[MSAA]ControlType='MenuItem' &amp;&amp; Name='3rd Party Integration'"
\0&lt;/a&gt;
W, 3240, 15, 2013/05/24, 08:35:23.789, 1092173749574, QTAgent32.exe, FindScreenElementInSinglePass : Attempting to find control in one pass of search. Failures can occur.
W, 3240, 15, 2013/05/24, 08:35:23.943, 1092175950883, QTAgent32.exe, &lt;a class=success&gt;Playback - {49} [SUCCESS] MouseButtonClick - "[MSAA]ControlType='MenuItem' &amp;&amp; Name='Quote Select List'"
\0&lt;/a&gt;
W, 3240, 15, 2013/05/24, 08:35:25.281, 1092195109380, QTAgent32.exe, PERF WARNING: FindTopLevelWindowHelper::FindAllDescendents: took 1237 ms. Expected it to take maximum 500 ms.
W, 3240, 15, 2013/05/24, 08:35:26.009, 1092205528840, QTAgent32.exe, &lt;a class=success&gt;Playback - {50} [SUCCESS] MouseButtonClick - "[MSAA, VisibleOnly]ControlType='Button' &amp;&amp; Name='Ok'"
\0&lt;/a&gt;
W, 3240, 15, 2013/05/24, 08:35:29.252, 1092251971930, QTAgent32.exe, PERF WARNING: FindTopLevelWindowHelper::FindAllDescendents: took 3136 ms. Expected it to take maximum 500 ms.
W, 3240, 15, 2013/05/24, 08:35:29.498, 1092255489152, QTAgent32.exe, &lt;a class=success&gt;Playback - {51} [SUCCESS] MouseButtonClick - "[MSAA, VisibleOnly]ControlType='Button' &amp;&amp; Name='Ok'"
\0&lt;/a&gt;
W, 3240, 15, 2013/05/24, 08:35:29.765, 1092259317442, QTAgent32.exe, &lt;a class=success&gt;Playback - {52} [SUCCESS] SetValueAsEditBox "test" - "[MSAA, VisibleOnly]ControlType='Edit'"  &lt; Set via SendKeys &gt;
\0&lt;/a&gt;
W, 3240, 15, 2013/05/24, 08:35:30.027, 1092263062263, QTAgent32.exe, &lt;a class=success&gt;Playback - {53} [SUCCESS] SetValueAsEditBox "test" - "[MSAA, VisibleOnly]ControlType='Edit'"  &lt; Set via SendKeys &gt;
\0&lt;/a&gt;
W, 3240, 15, 2013/05/24, 08:35:30.346, 1092267637105, QTAgent32.exe, &lt;a class=success&gt;Playback - {54} [SUCCESS] SetValueAsEditBox "160486" - "[MSAA, VisibleOnly]ControlType='Edit'"  &lt; Set via SendKeys &gt;
\0&lt;/a&gt;
W, 3240, 15, 2013/05/24, 08:35:30.676, 1092272348589, QTAgent32.exe, &lt;a class=success&gt;Playback - {55} [SUCCESS] SetValueAsEditBox "BN16BN" - "[MSAA, VisibleOnly]ControlType='Edit'"  &lt; Set via SendKeys &gt;
\0&lt;/a&gt;
W, 3240, 15, 2013/05/24, 08:35:32.900, 1092304193581, QTAgent32.exe, &lt;a class=success&gt;Playback - {56} [SUCCESS] MouseButtonClick - "[MSAA, VisibleOnly]ControlType='Button' &amp;&amp; Name='Lookup...'"
\0&lt;/a&gt;
W, 3240, 15, 2013/05/24, 08:35:33.133, 1092307541441, QTAgent32.exe, &lt;a class=success&gt;Playback - {57} [SUCCESS] MouseButtonClick - "[MSAA, VisibleOnly]ControlType='Button' &amp;&amp; Name='Ok'"
\0&lt;/a&gt;
W, 3240, 15, 2013/05/24, 08:35:34.671, 1092329548392, QTAgent32.exe, &lt;a class=success&gt;Playback - {58} [SUCCESS] MouseButtonClick - "[MSAA, VisibleOnly]ControlType='Button' &amp;&amp; Name='OK'"
\0&lt;/a&gt;
W, 3240, 15, 2013/05/24, 08:35:35.409, 1092340118109, QTAgent32.exe, Playback - [WARNING] Internal warning: Incorrect flag set for InvokeProgrammaticAction\0
W, 3240, 15, 2013/05/24, 08:35:35.527, 1092341812225, QTAgent32.exe, &lt;a class=success&gt;Playback - {59} [SUCCESS] SetValueAsComboBox "Account Executive" - "[MSAA, VisibleOnly]ControlType='ComboBox'"  &lt; SetValueAsComboBox, set by clicking on the item in the list box &gt;
\0&lt;/a&gt;
W, 3240, 15, 2013/05/24, 08:35:35.886, 1092346952191, QTAgent32.exe, Playback - [WARNING] Internal warning: Incorrect flag set for InvokeProgrammaticAction\0
W, 3240, 15, 2013/05/24, 08:35:36.321, 1092353174101, QTAgent32.exe, &lt;a class=success&gt;Playback - {60} [SUCCESS] SetValueAsComboBox "Aerial Manufacturer" - "[MSAA, VisibleOnly]ControlType='ComboBox'"  &lt; SetValueAsComboBox, set by clicking on the item in the list box &gt;
\0&lt;/a&gt;
W, 3240, 15, 2013/05/24, 08:35:36.676, 1092358262456, QTAgent32.exe, &lt;a class=success&gt;Playback - {61} [SUCCESS] SetValueAsEditBox "151208" - "[MSAA, VisibleOnly]ControlType='Edit'"  &lt; Set via SendKeys &gt;
\0&lt;/a&gt;
W, 3240, 15, 2013/05/24, 08:35:38.278, 1092381191113, QTAgent32.exe, &lt;a class=success&gt;Playback - {62} [SUCCESS] MouseButtonClick - "[MSAA, VisibleOnly]ControlType='Button' &amp;&amp; Name='OK'"
\0&lt;/a&gt;
E, 3240, 15, 2013/05/24, 08:35:38.386, 1092382746059, QTAgent32.exe, Exception: System.ArgumentException
	Message: Value does not fall within the expected range.
	Stack Trace:    at Accessibility.IAccessible.get_accRole(Object varChild)
   at Microsoft.VisualStudio.TestTools.UITest.Extension.Msaa.AccWrapper.get_RoleInt()
	BaseExceptionMessage: Value does not fall within the expected range.

E, 3240, 15, 2013/05/24, 08:35:38.388, 1092382775795, QTAgent32.exe, Exception: System.ArgumentException
	Message: Value does not fall within the expected range.
	Stack Trace:    at Accessibility.IAccessible.get_accRole(Object varChild)
   at Microsoft.VisualStudio.TestTools.UITest.Extension.Msaa.AccWrapper.get_RoleInt()
	BaseExceptionMessage: Value does not fall within the expected range.

W, 3240, 15, 2013/05/24, 08:35:38.574, 1092385432597, QTAgent32.exe, &lt;a class=success&gt;Playback - {63} [SUCCESS] LeftButtonClick  &lt; Mouse cursor location (680, 395) &gt;
\0&lt;/a&gt;
W, 3240, 15, 2013/05/24, 08:35:38.803, 1092388712478, QTAgent32.exe, &lt;a class=success&gt;Playback - {64} [SUCCESS] SetValueAsEditBox "FORD"  &lt; Set via SendKeys &gt;
\0&lt;/a&gt;
W, 3240, 15, 2013/05/24, 08:35:38.803, 1092388714166, QTAgent32.exe, &lt;a class=success&gt;Playback - {65} [SUCCESS] SetValueAsComboBox "FORD" - "[MSAA, VisibleOnly]ControlType='ComboBox'"  &lt; Set via SetValueAsEditBox &gt;
\0&lt;/a&gt;
E, 3240, 15, 2013/05/24, 08:35:38.910, 1092390244179, QTAgent32.exe, Exception: System.ArgumentException
	Message: Value does not fall within the expected range.
	Stack Trace:    at Accessibility.IAccessible.get_accRole(Object varChild)
   at Microsoft.VisualStudio.TestTools.UITest.Extension.Msaa.AccWrapper.get_RoleInt()
	BaseExceptionMessage: Value does not fall within the expected range.

E, 3240, 15, 2013/05/24, 08:35:38.912, 1092390273253, QTAgent32.exe, Exception: System.ArgumentException
	Message: Value does not fall within the expected range.
	Stack Trace:    at Accessibility.IAccessible.get_accRole(Object varChild)
   at Microsoft.VisualStudio.TestTools.UITest.Extension.Msaa.AccWrapper.get_RoleInt()
	BaseExceptionMessage: Value does not fall within the expected range.

W, 3240, 15, 2013/05/24, 08:35:39.524, 1092399044428, QTAgent32.exe, &lt;a class=success&gt;Playback - {66} [SUCCESS] LeftButtonClick  &lt; Mouse cursor location (1040, 395) &gt;
\0&lt;/a&gt;
W, 3240, 15, 2013/05/24, 08:35:39.714, 1092401764453, QTAgent32.exe, &lt;a class=success&gt;Playback - {67} [SUCCESS] SetValueAsEditBox "KA"  &lt; Set via SendKeys &gt;
\0&lt;/a&gt;
W, 3240, 15, 2013/05/24, 08:35:39.714, 1092401766956, QTAgent32.exe, &lt;a class=success&gt;Playback - {68} [SUCCESS] SetValueAsComboBox "KA" - "[MSAA, VisibleOnly]ControlType='ComboBox'"  &lt; Set via SetValueAsEditBox &gt;
\0&lt;/a&gt;
W, 3240, 15, 2013/05/24, 08:35:40.251, 1092409448732, QTAgent32.exe, &lt;a class=success&gt;Playback - {69} [SUCCESS] MouseButtonClick - "[MSAA, VisibleOnly]ControlType='Button' &amp;&amp; Name='Filter'"
\0&lt;/a&gt;
W, 3240, 15, 2013/05/24, 08:35:40.584, 1092414216451, QTAgent32.exe, &lt;a class=success&gt;Playback - {70} [SUCCESS] MouseButtonClick - "[MSAA, VisibleOnly]ControlType='Button' &amp;&amp; Name='OK'"
\0&lt;/a&gt;
W, 3240, 15, 2013/05/24, 08:35:40.925, 1092419097326, QTAgent32.exe, &lt;a class=success&gt;Playback - {71} [SUCCESS] SendKeys "^{HOME}" - "[MSAA, VisibleOnly]ControlType='Edit'"
\0&lt;/a&gt;
E, 3240, 15, 2013/05/24, 08:35:40.925, 1092419099339, QTAgent32.exe, Msaa.GetFocusedElement: could not find accessible object of foreground window
W, 3240, 15, 2013/05/24, 08:35:40.980, 1092419891793, QTAgent32.exe, &lt;a class=success&gt;Playback - {72} [SUCCESS] SendKeys "^+{END}" - "[MSAA, VisibleOnly]ControlType='Edit'"
\0&lt;/a&gt;
E, 3240, 15, 2013/05/24, 08:35:40.980, 1092419893221, QTAgent32.exe, Msaa.GetFocusedElement: could not find accessible object of foreground window
W, 3240, 15, 2013/05/24, 08:35:40.992, 1092420064157, QTAgent32.exe, &lt;a class=success&gt;Playback - {73} [SUCCESS] SendKeys "{DELETE}" - "[MSAA, VisibleOnly]ControlType='Edit'"
\0&lt;/a&gt;
W, 3240, 15, 2013/05/24, 08:35:41.165, 1092422535838, QTAgent32.exe, &lt;a class=success&gt;Playback - {74} [SUCCESS] SetValueAsEditBox "123434" - "[MSAA, VisibleOnly]ControlType='Edit'"  &lt; Set via SendKeys &gt;
\0&lt;/a&gt;
W, 3240, 15, 2013/05/24, 08:35:41.376, 1092425555594, QTAgent32.exe, &lt;a class=success&gt;Playback - {75} [SUCCESS] SendKeys "^{HOME}" - "[MSAA, VisibleOnly]ControlType='Edit'"
\0&lt;/a&gt;
E, 3240, 15, 2013/05/24, 08:35:41.376, 1092425557524, QTAgent32.exe, Msaa.GetFocusedElement: could not find accessible object of foreground window
W, 3240, 15, 2013/05/24, 08:35:41.432, 1092426364517, QTAgent32.exe, &lt;a class=success&gt;Playback - {76} [SUCCESS] SendKeys "^+{END}" - "[MSAA, VisibleOnly]ControlType='Edit'"
\0&lt;/a&gt;
E, 3240, 15, 2013/05/24, 08:35:41.432, 1092426365995, QTAgent32.exe, Msaa.GetFocusedElement: could not find accessible object of foreground window
W, 3240, 15, 2013/05/24, 08:35:41.444, 1092426536549, QTAgent32.exe, &lt;a class=success&gt;Playback - {77} [SUCCESS] SendKeys "{DELETE}" - "[MSAA, VisibleOnly]ControlType='Edit'"
\0&lt;/a&gt;
W, 3240, 15, 2013/05/24, 08:35:41.577, 1092428436521, QTAgent32.exe, &lt;a class=success&gt;Playback - {78} [SUCCESS] SetValueAsEditBox "1000" - "[MSAA, VisibleOnly]ControlType='Edit'"  &lt; Set via SendKeys &gt;
\0&lt;/a&gt;
W, 3240, 15, 2013/05/24, 08:35:41.799, 1092431619980, QTAgent32.exe, &lt;a class=success&gt;Playback - {79} [SUCCESS] SendKeys "^{HOME}" - "[MSAA, VisibleOnly]ControlType='Edit'"
\0&lt;/a&gt;
E, 3240, 15, 2013/05/24, 08:35:41.799, 1092431621943, QTAgent32.exe, Msaa.GetFocusedElement: could not find accessible object of foreground window
W, 3240, 15, 2013/05/24, 08:35:41.853, 1092432393755, QTAgent32.exe, &lt;a class=success&gt;Playback - {80} [SUCCESS] SendKeys "^+{END}" - "[MSAA, VisibleOnly]ControlType='Edit'"
\0&lt;/a&gt;
E, 3240, 15, 2013/05/24, 08:35:41.853, 1092432396021, QTAgent32.exe, Msaa.GetFocusedElement: could not find accessible object of foreground window
W, 3240, 15, 2013/05/24, 08:35:41.866, 1092432572676, QTAgent32.exe, &lt;a class=success&gt;Playback - {81} [SUCCESS] SendKeys "{DELETE}" - "[MSAA, VisibleOnly]ControlType='Edit'"
\0&lt;/a&gt;
W, 3240, 15, 2013/05/24, 08:35:42.080, 1092435639161, QTAgent32.exe, &lt;a class=success&gt;Playback - {82} [SUCCESS] SetValueAsEditBox "31/05/13" - "[MSAA, VisibleOnly]ControlType='Edit'"  &lt; Set via SendKeys &gt;
\0&lt;/a&gt;
W, 3240, 15, 2013/05/24, 08:35:42.418, 1092440474966, QTAgent32.exe, &lt;a class=success&gt;Playback - {83} [SUCCESS] MouseButtonClick - "[MSAA, VisibleOnly]ControlType='Button' &amp;&amp; Name='Calculate Quote'"
\0&lt;/a&gt;
W, 3240, 15, 2013/05/24, 08:35:42.665, 1092444017698, QTAgent32.exe, &lt;a class=success&gt;Playback - {84} [SUCCESS] MouseButtonClick - "[MSAA, VisibleOnly]ControlType='Button' &amp;&amp; Name='Cancel'"
\0&lt;/a&gt;
W, 3240, 15, 2013/05/24, 08:35:42.912, 1092447543503, QTAgent32.exe, &lt;a class=success&gt;Playback - {85} [SUCCESS] MouseButtonClick - "[MSAA, VisibleOnly]ControlType='Button' &amp;&amp; Name='No'"
\0&lt;/a&gt;
W, 3240, 15, 2013/05/24, 08:35:43.194, 1092451585892, QTAgent32.exe, &lt;a class=success&gt;Playback - {86} [SUCCESS] MouseButtonClick - "[MSAA, VisibleOnly]ControlType='Button' &amp;&amp; Name='Ok'"
\0&lt;/a&gt;
W, 3240, 15, 2013/05/24, 08:35:47.736, 1092516627981, QTAgent32.exe, PERF WARNING: FindTopLevelWindowHelper::FindAllDescendents: took 4441 ms. Expected it to take maximum 500 ms.
W, 3240, 15, 2013/05/24, 08:35:47.863, 1092518436647, QTAgent32.exe, &lt;a class=success&gt;Playback - {87} [SUCCESS] MouseButtonClick - "[MSAA, VisibleOnly]ControlType='Client'"
\0&lt;/a&gt;
W, 3240, 15, 2013/05/24, 08:35:49.374, 1092540077983, QTAgent32.exe, &lt;a class=success&gt;Playback - {88} [SUCCESS] SendKeys "{Home}" - "[MSAA, VisibleOnly]ControlType='Client'"
\0&lt;/a&gt;
W, 3240, 15, 2013/05/24, 08:35:52.696, 1092587636812, QTAgent32.exe, &lt;a class=success&gt;Playback - {89} [SUCCESS] MouseButtonClick - "[MSAA, VisibleOnly]ControlType='Button' &amp;&amp; Name='Accept'"
\0&lt;/a&gt;
W, 3240, 15, 2013/05/24, 08:35:53.245, 1092595502039, QTAgent32.exe, &lt;a class=success&gt;Playback - {90} [SUCCESS] MouseButtonClick - "[MSAA, VisibleOnly]ControlType='Button' &amp;&amp; Name='Yes'"
\0&lt;/a&gt;
W, 3240, 15, 2013/05/24, 08:35:53.573, 1092600200845, QTAgent32.exe, &lt;a class=success&gt;Playback - {91} [SUCCESS] MouseButtonClick - "[MSAA, VisibleOnly]ControlType='Button' &amp;&amp; Name='Ok'"
\0&lt;/a&gt;
W, 3240, 15, 2013/05/24, 08:35:53.819, 1092603725265, QTAgent32.exe, &lt;a class=success&gt;Playback - {92} [SUCCESS] MouseButtonClick - "[MSAA, VisibleOnly]ControlType='Button' &amp;&amp; Name='Ok'"
\0&lt;/a&gt;
W, 3240, 15, 2013/05/24, 08:35:54.213, 1092609357962, QTAgent32.exe, &lt;a class=success&gt;Playback - {93} [SUCCESS] MouseButtonClick - "[MSAA, VisibleOnly]ControlType='Button' &amp;&amp; Name='Confirm'"
\0&lt;/a&gt;
W, 3240, 15, 2013/05/24, 08:36:23.396, 1093027201641, QTAgent32.exe, Playback - [WARNING] Internal warning: Window Not Found: [VisibleOnly]ControlType='Window' &amp;&amp; Name='Save the file as' &amp;&amp; ClassName='#32770'
\0
E, 3240, 15, 2013/05/24, 08:36:23.397, 1093027215723, QTAgent32.exe, &lt;a class=failure&gt;Playback - {94} [FAILED] Function ElementFetcher::FindScreenElement failed to locate UI element (Searching: ;[VisibleOnly]ControlType='Window' &amp;&amp; Name='Save the file as' &amp;&amp; ClassName='#32770') (The object specified was not found.)
\0&lt;/a&gt;
E, 3240, 15, 2013/05/24, 08:36:23.514, 1093028891841, QTAgent32.exe, Playback - [IMAGE] C:\Users\testuser\AppData\Local\Temp\UITestLogs\LastRun\RPFD3CD.png
\0
W, 3240, 15, 2013/05/24, 08:36:23.514, 1093028893845, QTAgent32.exe, Playback - [WARNING] Internal warning: Couldn't find descendants that match QueryId
\0
W, 3240, 15, 2013/05/24, 08:36:23.514, 1093028896853, QTAgent32.exe, PERF WARNING: FindTopLevelWindowHelper::FindAllDescendents: took 29199 ms. Expected it to take maximum 500 ms.
W, 3240, 15, 2013/05/24, 08:36:41.530, 1093286851074, QTAgent32.exe, Playback - [WARNING] Internal warning: Window Not Found: [VisibleOnly]ControlType='Window' &amp;&amp; Name='Save the file as' &amp;&amp; ClassName='#32770'
\0
E, 3240, 15, 2013/05/24, 08:36:41.530, 1093286853639, QTAgent32.exe, &lt;a class=failure&gt;Playback - {95} [FAILED] Function ElementFetcher::FindScreenElement failed to locate UI element (Searching: ;[VisibleOnly]ControlType='Window' &amp;&amp; Name='Save the file as' &amp;&amp; ClassName='#32770') (The object specified was not found.)
\0&lt;/a&gt;
E, 3240, 15, 2013/05/24, 08:36:41.579, 1093287546065, QTAgent32.exe, Playback - [IMAGE] C:\Users\testuser\AppData\Local\Temp\UITestLogs\LastRun\RPF1A9D.png
\0
W, 3240, 15, 2013/05/24, 08:36:41.579, 1093287547786, QTAgent32.exe, Playback - [WARNING] Internal warning: Couldn't find descendants that match QueryId
\0
W, 3240, 15, 2013/05/24, 08:36:41.579, 1093287550576, QTAgent32.exe, PERF WARNING: FindTopLevelWindowHelper::FindAllDescendents: took 18064 ms. Expected it to take maximum 500 ms.
W, 3240, 15, 2013/05/24, 08:36:44.434, 1093328430187, QTAgent32.exe, Playback - [WARNING] Internal warning: Smart Match failed
\0
W, 3240, 15, 2013/05/24, 08:36:45.634, 1093345613680, QTAgent32.exe, Playback - [WARNING] Internal warning: Window Not Found: [VisibleOnly]ControlType='Window' &amp;&amp; Name='Save the file as' &amp;&amp; ClassName='#32770'
\0
E, 3240, 15, 2013/05/24, 08:36:45.634, 1093345616039, QTAgent32.exe, &lt;a class=failure&gt;Playback - {96} [FAILED] Function ElementFetcher::FindScreenElement failed to locate UI element (Searching: ;[VisibleOnly]ControlType='Window' &amp;&amp; Name='Save the file as' &amp;&amp; ClassName='#32770') (The object specified was not found.)
\0&lt;/a&gt;
E, 3240, 15, 2013/05/24, 08:36:45.678, 1093346237503, QTAgent32.exe, Playback - [IMAGE] C:\Users\testuser\AppData\Local\Temp\UITestLogs\LastRun\RPF2AA5.png
\0
W, 3240, 15, 2013/05/24, 08:36:45.678, 1093346239094, QTAgent32.exe, Playback - [WARNING] Internal warning: Couldn't find descendants that match QueryId
\0
W, 3240, 15, 2013/05/24, 08:36:45.678, 1093346241557, QTAgent32.exe, PERF WARNING: FindTopLevelWindowHelper::FindAllDescendents: took 4098 ms. Expected it to take maximum 500 ms.
E, 3240, 15, 2013/05/24, 08:36:45.678, 1093346243461, QTAgent32.exe, Exception: System.Runtime.InteropServices.COMException
	Message: Error HRESULT E_FAIL has been returned from a call to a COM component.
	Stack Trace:    at Microsoft.VisualStudio.TestTools.UITest.Playback.Engine.IRPFPlayback.FindAllScreenElements(IScreenElement pScreenElementStart, String bstrQueryId, Object&amp; pvarResKeys, Int32 cResKeys, Int32 nMaxDepth, Object[]&amp; foundDescendants)
   at Microsoft.VisualStudio.TestTools.UITest.Playback.ScreenElement.FindTopLevelWindowHelper(String queryId)
	BaseExceptionMessage: Error HRESULT E_FAIL has been returned from a call to a COM component.

E, 3240, 15, 2013/05/24, 08:36:45.778, 1093347680969, QTAgent32.exe, AL: Playback Error: Microsoft.VisualStudio.TestTools.UITest.Extension.UITestControlNotFoundException: The playback failed to find the control with the given search properties. Additional Details: 
TechnologyName:  'MSAA'
ControlType:  'Window'
Name:  'Save the file as'
ClassName:  '#32770'
 ---&gt; System.Runtime.InteropServices.COMException: Error HRESULT E_FAIL has been returned from a call to a COM component.
   at Microsoft.VisualStudio.TestTools.UITest.Playback.Engine.IRPFPlayback.FindAllScreenElements(IScreenElement pScreenElementStart, String bstrQueryId, Object&amp; pvarResKeys, Int32 cResKeys, Int32 nMaxDepth, Object[]&amp; foundDescendants)
   at Microsoft.VisualStudio.TestTools.UITest.Playback.ScreenElement.FindTopLevelWindowHelper(String queryId)
   at Microsoft.VisualStudio.TestTools.UITest.Playback.ScreenElement.FindFromPartialQueryId(String queryId)
   at Microsoft.VisualStudio.TestTools.UITesting.UITestControl..ctor(String queryId)
   --- End of inner exception stack trace ---
   at Microsoft.VisualStudio.TestTools.UITesting.Playback.MapControlNotFoundException(COMException ex, IPlaybackContext context)
   at Microsoft.VisualStudio.TestTools.UITesting.Playback.MapAndThrowComException(COMException innerException, IPlaybackContext context)
   at Microsoft.VisualStudio.TestTools.UITesting.Playback.MapAndThrowException(SystemException exception, IPlaybackContext context)
   at Microsoft.VisualStudio.TestTools.UITesting.Playback.MapAndThrowException(SystemException exception, String queryId)
   at Microsoft.VisualStudio.TestTools.UITesting.UITestControl..ctor(String queryId)
   at Microsoft.VisualStudio.TestTools.UITesting.SearchHelper.SearchTopLevelWindow(ISearchArgument topLevelSearchArg, String topLevelElementQueryId)
   at Microsoft.VisualStudio.TestTools.UITesting.SearchHelper.GetTitleUpdatedTopLevelWindow(ISearchArgument topLevelSearchArg, String queryId, IList`1 windowTitles)
   at Microsoft.VisualStudio.TestTools.UITesting.SearchHelper.GetTopLevelElement(Boolean useCache, Boolean useCacheOnly, ISearchArgument searchArg, IList`1 windowTitles, Int32&amp; timeLeft)
   at Microsoft.VisualStudio.TestTools.UITesting.SearchHelper.GetElement(Boolean useCache, ISearchArgument searchArg)
   at Microsoft.VisualStudio.TestTools.UITesting.SearchHelper.Search(ISearchArgument searchArg)
   at Microsoft.VisualStudio.TestTools.UITesting.UITestControl.FindInternal()
   at Microsoft.VisualStudio.TestTools.UITesting.UITestControl.FindControlIfNecessary()
   at Microsoft.VisualStudio.TestTools.UITesting.UITestControl.Click(MouseButtons button, ModifierKeys modifierKeys, Point relativeCoordinates)
   at Microsoft.VisualStudio.TestTools.UITesting.Mouse.ClickImplementation(UITestControl control, MouseButtons button, ModifierKeys modifierKeys, Point relativeCoordinate)
   at Microsoft.VisualStudio.TestTools.UITesting.Mouse.ClickImplementationWrapper(UITestControl control, MouseButtons button, ModifierKeys modifierKeys, Point relativeCoordinate)
W, 3240, 15, 2013/05/24, 08:36:45.779, 1093347682626, QTAgent32.exe, PlaybackErrorHandler: Ignoring exception as ContinueOnError is set.
W, 3240, 15, 2013/05/24, 08:36:45.924, 1093349773162, QTAgent32.exe, &lt;a class=success&gt;Playback - {97} [SUCCESS] Check - "[MSAA, VisibleOnly]ControlType='CheckBox' &amp;&amp; Name='Defer Printing?'"
\0&lt;/a&gt;
W, 3240, 15, 2013/05/24, 08:36:46.435, 1093357086676, QTAgent32.exe, &lt;a class=success&gt;Playback - {98} [SUCCESS] MouseButtonClick - "[MSAA, VisibleOnly]ControlType='Button' &amp;&amp; Name='Ok'"
\0&lt;/a&gt;
W, 3240, 15, 2013/05/24, 08:36:48.035, 1093379998329, QTAgent32.exe, PERF WARNING: FindTopLevelWindowHelper::FindAllDescendents: took 1499 ms. Expected it to take maximum 500 ms.
W, 3240, 15, 2013/05/24, 08:36:48.188, 1093382192459, QTAgent32.exe, &lt;a class=success&gt;Playback - {99} [SUCCESS] Uncheck - "[MSAA, VisibleOnly]ControlType='CheckBox' &amp;&amp; Name='Add Activity'"
\0&lt;/a&gt;
W, 3240, 15, 2013/05/24, 08:36:50.625, 1093417078532, QTAgent32.exe, &lt;a class=success&gt;Playback - {100} [SUCCESS] MouseButtonClick - "[MSAA, VisibleOnly]ControlType='Button' &amp;&amp; Name='Ok'"
\0&lt;/a&gt;
W, 3240, 15, 2013/05/24, 08:36:50.861, 1093420451228, QTAgent32.exe, &lt;a class=success&gt;Playback - {101} [SUCCESS] MouseButtonClick - "[MSAA, VisibleOnly]ControlType='Button' &amp;&amp; Name='Ok'"
\0&lt;/a&gt;
W, 3240, 15, 2013/05/24, 08:36:54.893, 1093478190198, QTAgent32.exe, PERF WARNING: FindTopLevelWindowHelper::FindAllDescendents: took 3926 ms. Expected it to take maximum 500 ms.
W, 3240, 15, 2013/05/24, 08:36:57.041, 1093508941947, QTAgent32.exe, &lt;a class=success&gt;Playback - {102} [SUCCESS] MouseButtonClick - "[MSAA, VisibleOnly]ControlType='Button' &amp;&amp; Name='OK'"
\0&lt;/a&gt;
W, 3240, 15, 2013/05/24, 08:36:57.332, 1093513103875, QTAgent32.exe, &lt;a class=success&gt;Playback - {103} [SUCCESS] MouseButtonClick - "[MSAA, VisibleOnly]ControlType='Button' &amp;&amp; Name='Cancel'"
\0&lt;/a&gt;
W, 3240, 15, 2013/05/24, 08:36:57.685, 1093518164557, QTAgent32.exe, &lt;a class=success&gt;Playback - {104} [SUCCESS] MouseButtonClick - "[MSAA, VisibleOnly]ControlType='Button'"
\0&lt;/a&gt;
W, 3240, 15, 2013/05/24, 08:36:58.127, 1093524486749, QTAgent32.exe, &lt;a class=success&gt;Playback - {105} [SUCCESS] MouseButtonClick - "[MSAA, VisibleOnly]ControlType='Button' &amp;&amp; Name='Detail'"
\0&lt;/a&gt;
E, 3240, 15, 2013/05/24, 08:36:59.162, 1093539313863, QTAgent32.exe, IEDOM : Could not get valid window handle of Internet Explorer_server
W, 3240, 15, 2013/05/24, 08:36:59.162, 1093539314878, QTAgent32.exe, IEDOM : Unable to get the document Window Handle
E, 3240, 15, 2013/05/24, 08:37:01.163, 1093567957067, QTAgent32.exe, IEDOM : Could not get valid window handle of Internet Explorer_server
W, 3240, 15, 2013/05/24, 08:37:01.163, 1093567958169, QTAgent32.exe, IEDOM : Unable to get the document Window Handle
E, 3240, 15, 2013/05/24, 08:37:03.163, 1093596596506, QTAgent32.exe, IEDOM : Could not get valid window handle of Internet Explorer_server
W, 3240, 15, 2013/05/24, 08:37:03.163, 1093596597776, QTAgent32.exe, IEDOM : Unable to get the document Window Handle
E, 3240, 15, 2013/05/24, 08:37:05.163, 1093625236926, QTAgent32.exe, IEDOM : Could not get valid window handle of Internet Explorer_server
W, 3240, 15, 2013/05/24, 08:37:05.163, 1093625238142, QTAgent32.exe, IEDOM : Unable to get the document Window Handle
E, 3240, 15, 2013/05/24, 08:37:07.163, 1093653877300, QTAgent32.exe, IEDOM : Could not get valid window handle of Internet Explorer_server
W, 3240, 15, 2013/05/24, 08:37:07.163, 1093653878531, QTAgent32.exe, IEDOM : Unable to get the document Window Handle
E, 3240, 15, 2013/05/24, 08:37:09.164, 1093682516998, QTAgent32.exe, IEDOM : Could not get valid window handle of Internet Explorer_server
W, 3240, 15, 2013/05/24, 08:37:09.164, 1093682518259, QTAgent32.exe, IEDOM : Unable to get the document Window Handle
E, 3240, 15, 2013/05/24, 08:37:11.164, 1093711157270, QTAgent32.exe, IEDOM : Could not get valid window handle of Internet Explorer_server
W, 3240, 15, 2013/05/24, 08:37:11.164, 1093711158609, QTAgent32.exe, IEDOM : Unable to get the document Window Handle
E, 3240, 15, 2013/05/24, 08:37:13.164, 1093739797111, QTAgent32.exe, IEDOM : Could not get valid window handle of Internet Explorer_server
W, 3240, 15, 2013/05/24, 08:37:13.164, 1093739798394, QTAgent32.exe, IEDOM : Unable to get the document Window Handle
E, 3240, 15, 2013/05/24, 08:37:15.164, 1093768437295, QTAgent32.exe, IEDOM : Could not get valid window handle of Internet Explorer_server
W, 3240, 15, 2013/05/24, 08:37:15.164, 1093768438661, QTAgent32.exe, IEDOM : Unable to get the document Window Handle
E, 3240, 15, 2013/05/24, 08:37:17.165, 1093797077558, QTAgent32.exe, IEDOM : Could not get valid window handle of Internet Explorer_server
W, 3240, 15, 2013/05/24, 08:37:17.165, 1093797079093, QTAgent32.exe, IEDOM : Unable to get the document Window Handle
E, 3240, 15, 2013/05/24, 08:37:19.165, 1093825724202, QTAgent32.exe, IEDOM : Could not get valid window handle of Internet Explorer_server
W, 3240, 15, 2013/05/24, 08:37:19.165, 1093825725505, QTAgent32.exe, IEDOM : Unable to get the document Window Handle
E, 3240, 15, 2013/05/24, 08:37:21.166, 1093854363826, QTAgent32.exe, IEDOM : Could not get valid window handle of Internet Explorer_server
W, 3240, 15, 2013/05/24, 08:37:21.166, 1093854365141, QTAgent32.exe, IEDOM : Unable to get the document Window Handle
E, 3240, 15, 2013/05/24, 08:37:23.166, 1093883004463, QTAgent32.exe, IEDOM : Could not get valid window handle of Internet Explorer_server
W, 3240, 15, 2013/05/24, 08:37:23.166, 1093883005681, QTAgent32.exe, IEDOM : Unable to get the document Window Handle
E, 3240, 15, 2013/05/24, 08:37:25.166, 1093911644284, QTAgent32.exe, IEDOM : Could not get valid window handle of Internet Explorer_server
W, 3240, 15, 2013/05/24, 08:37:25.166, 1093911645502, QTAgent32.exe, IEDOM : Unable to get the document Window Handle
E, 3240, 15, 2013/05/24, 08:37:27.166, 1093940284848, QTAgent32.exe, IEDOM : Could not get valid window handle of Internet Explorer_server
W, 3240, 15, 2013/05/24, 08:37:27.166, 1093940286148, QTAgent32.exe, IEDOM : Unable to get the document Window Handle
E, 3240, 15, 2013/05/24, 08:37:29.167, 1093968925373, QTAgent32.exe, IEDOM : Could not get valid window handle of Internet Explorer_server
W, 3240, 15, 2013/05/24, 08:37:29.167, 1093968926652, QTAgent32.exe, IEDOM : Unable to get the document Window Handle
W, 3240, 15, 2013/05/24, 08:37:31.168, 1093997579989, QTAgent32.exe, AL : IEBrowserService : Performing an extended retry
E, 3240, 15, 2013/05/24, 08:37:31.168, 1093997587713, QTAgent32.exe, IEDOM : Could not get valid window handle of Internet Explorer_server
W, 3240, 15, 2013/05/24, 08:37:31.169, 1093997588628, QTAgent32.exe, IEDOM : Unable to get the document Window Handle
E, 3240, 15, 2013/05/24, 08:37:33.169, 1094026233648, QTAgent32.exe, IEDOM : Could not get valid window handle of Internet Explorer_server
W, 3240, 15, 2013/05/24, 08:37:33.169, 1094026234843, QTAgent32.exe, IEDOM : Unable to get the document Window Handle
E, 3240, 15, 2013/05/24, 08:37:35.169, 1094054874491, QTAgent32.exe, IEDOM : Could not get valid window handle of Internet Explorer_server
W, 3240, 15, 2013/05/24, 08:37:35.170, 1094054876051, QTAgent32.exe, IEDOM : Unable to get the document Window Handle
E, 3240, 15, 2013/05/24, 08:37:37.170, 1094083522384, QTAgent32.exe, IEDOM : Could not get valid window handle of Internet Explorer_server
W, 3240, 15, 2013/05/24, 08:37:37.171, 1094083523869, QTAgent32.exe, IEDOM : Unable to get the document Window Handle
E, 3240, 15, 2013/05/24, 08:37:39.171, 1094112168305, QTAgent32.exe, IEDOM : Could not get valid window handle of Internet Explorer_server
W, 3240, 15, 2013/05/24, 08:37:39.171, 1094112169586, QTAgent32.exe, IEDOM : Unable to get the document Window Handle
E, 3240, 15, 2013/05/24, 08:37:41.172, 1094140815540, QTAgent32.exe, IEDOM : Could not get valid window handle of Internet Explorer_server
W, 3240, 15, 2013/05/24, 08:37:41.172, 1094140817035, QTAgent32.exe, IEDOM : Unable to get the document Window Handle
E, 3240, 15, 2013/05/24, 08:37:43.174, 1094169484227, QTAgent32.exe, IEDOM : Could not get valid window handle of Internet Explorer_server
W, 3240, 15, 2013/05/24, 08:37:43.174, 1094169485323, QTAgent32.exe, IEDOM : Unable to get the document Window Handle
E, 3240, 15, 2013/05/24, 08:37:45.175, 1094198130408, QTAgent32.exe, IEDOM : Could not get valid window handle of Internet Explorer_server
W, 3240, 15, 2013/05/24, 08:37:45.175, 1094198131782, QTAgent32.exe, IEDOM : Unable to get the document Window Handle
E, 3240, 15, 2013/05/24, 08:37:47.177, 1094226797174, QTAgent32.exe, IEDOM : Could not get valid window handle of Internet Explorer_server
W, 3240, 15, 2013/05/24, 08:37:47.177, 1094226798451, QTAgent32.exe, IEDOM : Unable to get the document Window Handle
W, 3240, 15, 2013/05/24, 08:37:48.074, 1094239652001, QTAgent32.exe, Playback - [WARNING] Internal warning: Window Not Found: [VisibleOnly]ControlType='Window' &amp;&amp; Name='Connect to www.insur-econnect.com'
\0
E, 3240, 15, 2013/05/24, 08:37:48.075, 1094239654157, QTAgent32.exe, &lt;a class=failure&gt;Playback - {106} [FAILED] Function ElementFetcher::FindScreenElement failed to locate UI element (Searching: ;[VisibleOnly]ControlType='Window' &amp;&amp; Name='Connect to www.insur-econnect.com') (The object specified was not found.)
\0&lt;/a&gt;
E, 3240, 15, 2013/05/24, 08:37:48.112, 1094240192323, QTAgent32.exe, Playback - [IMAGE] C:\Users\testuser\AppData\Local\Temp\UITestLogs\LastRun\RPF1E95.png
\0
W, 3240, 15, 2013/05/24, 08:37:48.112, 1094240193862, QTAgent32.exe, Playback - [WARNING] Internal warning: Couldn't find descendants that match QueryId
\0
W, 3240, 15, 2013/05/24, 08:37:48.112, 1094240196248, QTAgent32.exe, PERF WARNING: FindTopLevelWindowHelper::FindAllDescendents: took 902 ms. Expected it to take maximum 500 ms.
W, 3240, 15, 2013/05/24, 08:38:06.132, 1094498201399, QTAgent32.exe, Playback - [WARNING] Internal warning: Window Not Found: [VisibleOnly]ControlType='Window' &amp;&amp; Name='Connect to www.insur-econnect.com'
\0
E, 3240, 15, 2013/05/24, 08:38:06.132, 1094498203285, QTAgent32.exe, &lt;a class=failure&gt;Playback - {107} [FAILED] Function ElementFetcher::FindScreenElement failed to locate UI element (Searching: ;[VisibleOnly]ControlType='Window' &amp;&amp; Name='Connect to www.insur-econnect.com') (The object specified was not found.)
\0&lt;/a&gt;
E, 3240, 15, 2013/05/24, 08:38:06.170, 1094498740587, QTAgent32.exe, Playback - [IMAGE] C:\Users\testuser\AppData\Local\Temp\UITestLogs\LastRun\RPF6517.png
\0
W, 3240, 15, 2013/05/24, 08:38:06.170, 1094498742179, QTAgent32.exe, Playback - [WARNING] Internal warning: Couldn't find descendants that match QueryId
\0
W, 3240, 15, 2013/05/24, 08:38:06.170, 1094498744603, QTAgent32.exe, PERF WARNING: FindTopLevelWindowHelper::FindAllDescendents: took 18057 ms. Expected it to take maximum 500 ms.
W, 3240, 15, 2013/05/24, 08:38:06.633, 1094505376241, QTAgent32.exe, Playback - [WARNING] Internal warning: Smart Match failed
\0
W, 3240, 15, 2013/05/24, 08:38:06.847, 1094508435535, QTAgent32.exe, Playback - [WARNING] Internal warning: Smart Match failed
\0
W, 3240, 15, 2013/05/24, 08:38:07.061, 1094511501815, QTAgent32.exe, Playback - [WARNING] Internal warning: Smart Match failed
\0
W, 3240, 15, 2013/05/24, 08:38:07.277, 1094514598472, QTAgent32.exe, Playback - [WARNING] Internal warning: Smart Match failed
\0
W, 3240, 15, 2013/05/24, 08:38:07.491, 1094517664857, QTAgent32.exe, Playback - [WARNING] Internal warning: Smart Match failed
\0
W, 3240, 15, 2013/05/24, 08:38:07.706, 1094520744222, QTAgent32.exe, Playback - [WARNING] Internal warning: Smart Match failed
\0
W, 3240, 15, 2013/05/24, 08:38:07.927, 1094523897328, QTAgent32.exe, Playback - [WARNING] Internal warning: Smart Match failed
\0
W, 3240, 15, 2013/05/24, 08:38:08.150, 1094527092663, QTAgent32.exe, Playback - [WARNING] Internal warning: Smart Match failed
\0
W, 3240, 15, 2013/05/24, 08:38:08.368, 1094530217956, QTAgent32.exe, Playback - [WARNING] Internal warning: Smart Match failed
\0
W, 3240, 15, 2013/05/24, 08:38:08.588, 1094533368435, QTAgent32.exe, Playback - [WARNING] Internal warning: Smart Match failed
\0
W, 3240, 15, 2013/05/24, 08:38:08.807, 1094536503598, QTAgent32.exe, Playback - [WARNING] Internal warning: Smart Match failed
\0
W, 3240, 15, 2013/05/24, 08:38:09.026, 1094539630093, QTAgent32.exe, Playback - [WARNING] Internal warning: Smart Match failed
\0
W, 3240, 15, 2013/05/24, 08:38:09.245, 1094542773251, QTAgent32.exe, Playback - [WARNING] Internal warning: Smart Match failed
\0
W, 3240, 15, 2013/05/24, 08:38:09.358, 1094544389988, QTAgent32.exe, Playback - [WARNING] Internal warning: Window Not Found: [VisibleOnly]ControlType='Window' &amp;&amp; Name='Connect to www.insur-econnect.com'
\0
E, 3240, 15, 2013/05/24, 08:38:09.358, 1094544392171, QTAgent32.exe, &lt;a class=failure&gt;Playback - {108} [FAILED] Function ElementFetcher::FindScreenElement failed to locate UI element (Searching: ;[VisibleOnly]ControlType='Window' &amp;&amp; Name='Connect to www.insur-econnect.com') (The object specified was not found.)
\0&lt;/a&gt;
E, 3240, 15, 2013/05/24, 08:38:09.395, 1094544921872, QTAgent32.exe, Playback - [IMAGE] C:\Users\testuser\AppData\Local\Temp\UITestLogs\LastRun\RPF71B5.png
\0
W, 3240, 15, 2013/05/24, 08:38:09.395, 1094544923434, QTAgent32.exe, Playback - [WARNING] Internal warning: Couldn't find descendants that match QueryId
\0
W, 3240, 15, 2013/05/24, 08:38:09.395, 1094544925828, QTAgent32.exe, PERF WARNING: FindTopLevelWindowHelper::FindAllDescendents: took 3225 ms. Expected it to take maximum 500 ms.
E, 3240, 15, 2013/05/24, 08:38:09.396, 1094544927620, QTAgent32.exe, Exception: System.Runtime.InteropServices.COMException
	Message: Error HRESULT E_FAIL has been returned from a call to a COM component.
	Stack Trace:    at Microsoft.VisualStudio.TestTools.UITest.Playback.Engine.IRPFPlayback.FindAllScreenElements(IScreenElement pScreenElementStart, String bstrQueryId, Object&amp; pvarResKeys, Int32 cResKeys, Int32 nMaxDepth, Object[]&amp; foundDescendants)
   at Microsoft.VisualStudio.TestTools.UITest.Playback.ScreenElement.FindTopLevelWindowHelper(String queryId)
	BaseExceptionMessage: Error HRESULT E_FAIL has been returned from a call to a COM component.

W, 3240, 15, 2013/05/24, 08:38:09.806, 1094550800811, QTAgent32.exe, &lt;a class=success&gt;Playback - {109} [SUCCESS] TypeString "Bus Sys{Tab}Tottenham1"
\0&lt;/a&gt;
W, 3240, 15, 2013/05/24, 08:38:10.143, 1094555637111, QTAgent32.exe, &lt;a class=success&gt;Playback - {110} [SUCCESS] MouseButtonClick - "[MSAA, VisibleOnly]ControlType='Button' &amp;&amp; Name='OK'"
\0&lt;/a&gt;
E, 3240, 15, 2013/05/24, 08:38:10.246, 1094557105606, QTAgent32.exe, IEDOM : Could not get valid window handle of Internet Explorer_server
W, 3240, 15, 2013/05/24, 08:38:10.246, 1094557106758, QTAgent32.exe, IEDOM : Unable to get the document Window Handle
W, 3240, 15, 2013/05/24, 08:38:14.608, 1094619563744, QTAgent32.exe, &lt;a class=success&gt;Playback - {111} [SUCCESS] MouseButtonClick - "[Web]ControlType='Hyperlink' &amp;&amp; TagName='A' &amp;&amp; Id='' &amp;&amp; Name='' &amp;&amp; Target='' &amp;&amp; InnerText='Renewals Maintenance' &amp;&amp; FilterCondition(AbsolutePath='/sysmaint/content/leftbar.asp', Title='', Href='https://www.insur-econnect.com/sysmaint/content/leftbar.asp#', Class='', ControlDefinition='style="COLOR: white" href="#"', TagInstance='39')"
\0&lt;/a&gt;
W, 3240, 15, 2013/05/24, 08:38:15.116, 1094626831251, QTAgent32.exe, &lt;a class=success&gt;Playback - {112} [SUCCESS] MouseButtonClick - "[Web]ControlType='Hyperlink' &amp;&amp; TagName='A' &amp;&amp; Id='' &amp;&amp; Name='' &amp;&amp; Target='content' &amp;&amp; InnerText='Create a Motor Test Renewal Invitation' &amp;&amp; FilterCondition(AbsolutePath='/sysmaint/content/AddTestRenewalNotice.asp', Title='', Href='https://www.insur-econnect.com/sysmaint/content/AddTestRenewalNotice.asp', Class='itemlink', ControlDefinition='class=itemlink href="AddTestRenewalNotic', TagInstance='1')"
\0&lt;/a&gt;
E, 3240, 15, 2013/05/24, 08:38:17.267, 1094657626075, QTAgent32.exe, Exception: System.NotSupportedException
	Message: Internal Error: This method on IEWebControlElement should not get called.
	Stack Trace:    at Microsoft.VisualStudio.TestTools.UITest.Extension.IE.BrowserOptionElementNode.InvokeProgrammaticAction(ProgrammaticActionOption programmaticActionOption)
	BaseExceptionMessage: Internal Error: This method on IEWebControlElement should not get called.

W, 3240, 15, 2013/05/24, 08:38:17.483, 1094660729164, QTAgent32.exe, &lt;a class=success&gt;Playback - {113} [SUCCESS] SetValueAsComboBox "Highway Insurance" - "[Web]ControlType='ComboBox' &amp;&amp; TagName='SELECT' &amp;&amp; Id='InsurerID' &amp;&amp; Name='InsurerID' &amp;&amp; FilterCondition(Size='0', LabeledBy='', Title='', ItemCount='54', Class='', ControlDefinition='id=InsurerID onchange=selectInsurer() na', TagInstance='1')"  &lt; SetValueAsComboBox, set by clicking on the item in the list box &gt;
\0&lt;/a&gt;
W, 3240, 15, 2013/05/24, 08:38:18.313, 1094672618456, QTAgent32.exe, &lt;a class=success&gt;Playback - {114} [SUCCESS] SetValueAsEditBox "7071001661" - "[Web]ControlType='Edit' &amp;&amp; TagName='INPUT' &amp;&amp; Id='' &amp;&amp; Name='txtPolicyNumber' &amp;&amp; LabeledBy='' &amp;&amp; Type='SINGLELINE' &amp;&amp; FilterCondition(Title='', Class='', ControlDefinition='name=txtPolicyNumber align=left size=15', TagInstance='1')"  &lt; Set via SendKeys &gt;
\0&lt;/a&gt;
W, 3240, 15, 2013/05/24, 08:38:18.705, 1094678226544, QTAgent32.exe, &lt;a class=success&gt;Playback - {115} [SUCCESS] SetValueAsEditBox "31/5/2013" - "[Web]ControlType='Edit' &amp;&amp; TagName='INPUT' &amp;&amp; Id='' &amp;&amp; Name='txtAutoLapseDate' &amp;&amp; LabeledBy='' &amp;&amp; Type='SINGLELINE' &amp;&amp; FilterCondition(Title='', Class='', ControlDefinition='name=txtAutoLapseDate maxLength=10 value', TagInstance='8')"  &lt; Set via SendKeys &gt;
\0&lt;/a&gt;
W, 3240, 15, 2013/05/24, 08:38:19.722, 1094692782296, QTAgent32.exe, &lt;a class=success&gt;Playback - {116} [SUCCESS] MouseButtonClick - "[Web]ControlType='Button' &amp;&amp; TagName='INPUT' &amp;&amp; Id='buttonCreate' &amp;&amp; Name='buttonCreate' &amp;&amp; FilterCondition(DisplayText='  Create Record  ', Type='button', Title='Click to create the new record', Class='', ControlDefinition='id=buttonCreate title="Click to create t', TagInstance='10')"
\0&lt;/a&gt;
W, 3240, 15, 2013/05/24, 08:38:20.016, 1094696984914, QTAgent32.exe, &lt;a class=success&gt;Playback - {117} [SUCCESS] MouseButtonClick - "[MSAA, VisibleOnly]ControlType='Button' &amp;&amp; Name='OK'"
\0&lt;/a&gt;
W, 3240, 15, 2013/05/24, 08:38:25.210, 1094771363435, QTAgent32.exe, &lt;a class=success&gt;Playback - {118} [SUCCESS] TypeString "%({F4})"
\0&lt;/a&gt;
W, 3240, 15, 2013/05/24, 08:38:25.811, 1094779963723, QTAgent32.exe, &lt;a class=success&gt;Playback - {119} [SUCCESS] SendKeys "^{HOME}" - "[MSAA, VisibleOnly]ControlType='Edit'"
\0&lt;/a&gt;
E, 3240, 15, 2013/05/24, 08:38:25.811, 1094779965629, QTAgent32.exe, Msaa.GetFocusedElement: could not find accessible object of foreground window
W, 3240, 15, 2013/05/24, 08:38:25.873, 1094780851209, QTAgent32.exe, &lt;a class=success&gt;Playback - {120} [SUCCESS] SendKeys "^+{END}" - "[MSAA, VisibleOnly]ControlType='Edit'"
\0&lt;/a&gt;
E, 3240, 15, 2013/05/24, 08:38:25.873, 1094780852699, QTAgent32.exe, Msaa.GetFocusedElement: could not find accessible object of foreground window
W, 3240, 15, 2013/05/24, 08:38:25.885, 1094781031605, QTAgent32.exe, &lt;a class=success&gt;Playback - {121} [SUCCESS] SendKeys "{DELETE}" - "[MSAA, VisibleOnly]ControlType='Edit'"
\0&lt;/a&gt;
W, 3240, 15, 2013/05/24, 08:38:26.110, 1094784248851, QTAgent32.exe, &lt;a class=success&gt;Playback - {122} [SUCCESS] SetValueAsEditBox "31/05/2012" - "[MSAA, VisibleOnly]ControlType='Edit'"  &lt; Set via SendKeys &gt;
\0&lt;/a&gt;
W, 3240, 15, 2013/05/24, 08:38:26.466, 1094789345859, QTAgent32.exe, &lt;a class=success&gt;Playback - {123} [SUCCESS] MouseButtonClick - "[MSAA, VisibleOnly]ControlType='Button' &amp;&amp; Name='OK'"
\0&lt;/a&gt;
W, 3240, 15, 2013/05/24, 08:38:27.491, 1094804032596, QTAgent32.exe, &lt;a class=success&gt;Playback - {124} [SUCCESS] MouseButtonClick - "[MSAA, VisibleOnly]ControlType='Client'"
\0&lt;/a&gt;
W, 3240, 15, 2013/05/24, 08:38:27.759, 1094807851475, QTAgent32.exe, &lt;a class=success&gt;Playback - {125} [SUCCESS] MouseButtonClick - "[MSAA, VisibleOnly]ControlType='Client'"
\0&lt;/a&gt;
W, 3240, 15, 2013/05/24, 08:38:28.559, 1094819318188, QTAgent32.exe, &lt;a class=success&gt;Playback - {126} [SUCCESS] SetValueAsEditBox "AUTO145" - "[MSAA, VisibleOnly]ControlType='Edit'"  &lt; Set via SendKeys &gt;
\0&lt;/a&gt;
W, 3240, 15, 2013/05/24, 08:38:28.789, 1094822611551, QTAgent32.exe, &lt;a class=success&gt;Playback - {127} [SUCCESS] SetValueAsEditBox "-1001" - "[MSAA, VisibleOnly]ControlType='Edit'"  &lt; Set via SendKeys &gt;
\0&lt;/a&gt;
W, 3240, 15, 2013/05/24, 08:38:28.940, 1094824763907, QTAgent32.exe, &lt;a class=success&gt;Playback - {128} [SUCCESS] SendKeys "^{HOME}" - "[MSAA, VisibleOnly]ControlType='Edit'"
\0&lt;/a&gt;
E, 3240, 15, 2013/05/24, 08:38:28.940, 1094824765471, QTAgent32.exe, Msaa.GetFocusedElement: could not find accessible object of foreground window
W, 3240, 15, 2013/05/24, 08:38:28.992, 1094825508482, QTAgent32.exe, &lt;a class=success&gt;Playback - {129} [SUCCESS] SendKeys "^+{END}" - "[MSAA, VisibleOnly]ControlType='Edit'"
\0&lt;/a&gt;
E, 3240, 15, 2013/05/24, 08:38:28.992, 1094825509769, QTAgent32.exe, Msaa.GetFocusedElement: could not find accessible object of foreground window
W, 3240, 15, 2013/05/24, 08:38:29.004, 1094825681987, QTAgent32.exe, &lt;a class=success&gt;Playback - {130} [SUCCESS] SendKeys "{DELETE}" - "[MSAA, VisibleOnly]ControlType='Edit'"
\0&lt;/a&gt;
W, 3240, 15, 2013/05/24, 08:38:29.214, 1094828697675, QTAgent32.exe, &lt;a class=success&gt;Playback - {131} [SUCCESS] SetValueAsEditBox "31/05/2012" - "[MSAA, VisibleOnly]ControlType='Edit'"  &lt; Set via SendKeys &gt;
\0&lt;/a&gt;
W, 3240, 15, 2013/05/24, 08:38:29.710, 1094835791416, QTAgent32.exe, &lt;a class=success&gt;Playback - {132} [SUCCESS] MouseButtonClick - "[MSAA, VisibleOnly]ControlType='Button' &amp;&amp; Name='Regress'"
\0&lt;/a&gt;
W, 3240, 15, 2013/05/24, 08:38:31.955, 1094867938616, QTAgent32.exe, &lt;a class=success&gt;Playback - {133} [SUCCESS] MouseButtonClick - "[MSAA, VisibleOnly]ControlType='Button' &amp;&amp; Name='Exit'"
\0&lt;/a&gt;
W, 3240, 15, 2013/05/24, 08:38:32.219, 1094871721114, QTAgent32.exe, &lt;a class=success&gt;Playback - {134} [SUCCESS] MouseButtonClick - "[MSAA, VisibleOnly]ControlType='Button'"
\0&lt;/a&gt;
W, 3240, 15, 2013/05/24, 08:38:32.450, 1094875018236, QTAgent32.exe, &lt;a class=success&gt;Playback - {135} [SUCCESS] MouseButtonClick - "[MSAA, VisibleOnly]ControlType='Button' &amp;&amp; Name='Options'"
\0&lt;/a&gt;
W, 3240, 15, 2013/05/24, 08:38:32.550, 1094876456169, QTAgent32.exe, FindScreenElementInSinglePass : Attempting to find control in one pass of search. Failures can occur.
W, 3240, 15, 2013/05/24, 08:38:32.692, 1094878485878, QTAgent32.exe, &lt;a class=success&gt;Playback - {136} [SUCCESS] MouseButtonClick - "[MSAA]ControlType='MenuItem' &amp;&amp; Name='Links'"
\0&lt;/a&gt;
W, 3240, 15, 2013/05/24, 08:38:32.792, 1094879921129, QTAgent32.exe, FindScreenElementInSinglePass : Attempting to find control in one pass of search. Failures can occur.
W, 3240, 15, 2013/05/24, 08:38:32.933, 1094881937248, QTAgent32.exe, &lt;a class=success&gt;Playback - {137} [SUCCESS] MouseButtonClick - "[MSAA]ControlType='MenuItem' &amp;&amp; Name='3rd Party Integration'"
\0&lt;/a&gt;
W, 3240, 15, 2013/05/24, 08:38:33.033, 1094883372400, QTAgent32.exe, FindScreenElementInSinglePass : Attempting to find control in one pass of search. Failures can occur.
W, 3240, 15, 2013/05/24, 08:38:33.192, 1094885652255, QTAgent32.exe, &lt;a class=success&gt;Playback - {138} [SUCCESS] MouseButtonClick - "[MSAA]ControlType='MenuItem' &amp;&amp; Name='Renewals Loader'"
\0&lt;/a&gt;
W, 3240, 15, 2013/05/24, 08:38:33.479, 1094889765787, QTAgent32.exe, &lt;a class=success&gt;Playback - {139} [SUCCESS] MouseButtonClick - "[MSAA, VisibleOnly]ControlType='TitleBar'"
\0&lt;/a&gt;
W, 3240, 15, 2013/05/24, 08:38:33.649, 1094892197342, QTAgent32.exe, &lt;a class=success&gt;Playback - {140} [SUCCESS] SendKeys "^{HOME}" - "[MSAA, VisibleOnly]ControlType='Edit'"
\0&lt;/a&gt;
E, 3240, 15, 2013/05/24, 08:38:33.649, 1094892199447, QTAgent32.exe, Msaa.GetFocusedElement: could not find accessible object of foreground window
W, 3240, 15, 2013/05/24, 08:38:33.709, 1094893057453, QTAgent32.exe, &lt;a class=success&gt;Playback - {141} [SUCCESS] SendKeys "^+{END}" - "[MSAA, VisibleOnly]ControlType='Edit'"
\0&lt;/a&gt;
E, 3240, 15, 2013/05/24, 08:38:33.709, 1094893059676, QTAgent32.exe, Msaa.GetFocusedElement: could not find accessible object of foreground window
W, 3240, 15, 2013/05/24, 08:38:33.728, 1094893323281, QTAgent32.exe, &lt;a class=success&gt;Playback - {142} [SUCCESS] SendKeys "{DELETE}" - "[MSAA, VisibleOnly]ControlType='Edit'"
\0&lt;/a&gt;
W, 3240, 15, 2013/05/24, 08:38:33.937, 1094896320537, QTAgent32.exe, &lt;a class=success&gt;Playback - {143} [SUCCESS] SetValueAsEditBox "24/05/2013" - "[MSAA, VisibleOnly]ControlType='Edit'"  &lt; Set via SendKeys &gt;
\0&lt;/a&gt;
W, 3240, 15, 2013/05/24, 08:38:34.097, 1094898605736, QTAgent32.exe, &lt;a class=success&gt;Playback - {144} [SUCCESS] SendKeys "^{HOME}" - "[MSAA, VisibleOnly]ControlType='Edit'"
\0&lt;/a&gt;
E, 3240, 15, 2013/05/24, 08:38:34.097, 1094898607249, QTAgent32.exe, Msaa.GetFocusedElement: could not find accessible object of foreground window
W, 3240, 15, 2013/05/24, 08:38:34.150, 1094899372226, QTAgent32.exe, &lt;a class=success&gt;Playback - {145} [SUCCESS] SendKeys "^+{END}" - "[MSAA, VisibleOnly]ControlType='Edit'"
\0&lt;/a&gt;
E, 3240, 15, 2013/05/24, 08:38:34.150, 1094899374043, QTAgent32.exe, Msaa.GetFocusedElement: could not find accessible object of foreground window
W, 3240, 15, 2013/05/24, 08:38:34.164, 1094899566444, QTAgent32.exe, &lt;a class=success&gt;Playback - {146} [SUCCESS] SendKeys "{DELETE}" - "[MSAA, VisibleOnly]ControlType='Edit'"
\0&lt;/a&gt;
W, 3240, 15, 2013/05/24, 08:38:34.380, 1094902657317, QTAgent32.exe, &lt;a class=success&gt;Playback - {147} [SUCCESS] SetValueAsEditBox "07/06/2013" - "[MSAA, VisibleOnly]ControlType='Edit'"  &lt; Set via SendKeys &gt;
\0&lt;/a&gt;
W, 3240, 15, 2013/05/24, 08:38:34.804, 1094908733205, QTAgent32.exe, &lt;a class=success&gt;Playback - {148} [SUCCESS] MouseButtonClick - "[MSAA, VisibleOnly]ControlType='Button' &amp;&amp; Name='Run'"
\0&lt;/a&gt;
W, 3240, 15, 2013/05/24, 08:38:40.242, 1094986588762, QTAgent32.exe, Playback - [WARNING] Internal warning: Window Not Found: [VisibleOnly]Name='insurE-com System Maintenance' &amp;&amp; ClassName='IEFrame' &amp;&amp; ControlType='Window'
\0
E, 3240, 15, 2013/05/24, 08:38:40.242, 1094986590941, QTAgent32.exe, &lt;a class=failure&gt;Playback - {149} [FAILED] Function ElementFetcher::FindScreenElement failed to locate UI element (Searching: ;[VisibleOnly]Name='insurE-com System Maintenance' &amp;&amp; ClassName='IEFrame' &amp;&amp; ControlType='Window') (The object specified was not found.)
\0&lt;/a&gt;
E, 3240, 15, 2013/05/24, 08:38:40.282, 1094987164017, QTAgent32.exe, Playback - [IMAGE] C:\Users\testuser\AppData\Local\Temp\UITestLogs\LastRun\RPFEA5F.png
\0
W, 3240, 15, 2013/05/24, 08:38:40.282, 1094987165794, QTAgent32.exe, Playback - [WARNING] Internal warning: Couldn't find descendants that match QueryId
\0
W, 3240, 15, 2013/05/24, 08:38:58.331, 1095245590892, QTAgent32.exe, Playback - [WARNING] Internal warning: Window Not Found: [VisibleOnly]Name='insurE-com System Maintenance' &amp;&amp; ClassName='IEFrame' &amp;&amp; ControlType='Window'
\0
E, 3240, 15, 2013/05/24, 08:38:58.331, 1095245593052, QTAgent32.exe, &lt;a class=failure&gt;Playback - {150} [FAILED] Function ElementFetcher::FindScreenElement failed to locate UI element (Searching: ;[VisibleOnly]Name='insurE-com System Maintenance' &amp;&amp; ClassName='IEFrame' &amp;&amp; ControlType='Window') (The object specified was not found.)
\0&lt;/a&gt;
E, 3240, 15, 2013/05/24, 08:38:58.368, 1095246133393, QTAgent32.exe, Playback - [IMAGE] C:\Users\testuser\AppData\Local\Temp\UITestLogs\LastRun\RPF3100.png
\0
W, 3240, 15, 2013/05/24, 08:38:58.369, 1095246135579, QTAgent32.exe, Playback - [WARNING] Internal warning: Couldn't find descendants that match QueryId
\0
W, 3240, 15, 2013/05/24, 08:38:58.369, 1095246138359, QTAgent32.exe, PERF WARNING: FindTopLevelWindowHelper::FindAllDescendents: took 18086 ms. Expected it to take maximum 500 ms.
W, 3240, 15, 2013/05/24, 08:38:58.817, 1095252563379, QTAgent32.exe, Playback - [WARNING] Internal warning: Smart Match failed
\0
W, 3240, 15, 2013/05/24, 08:38:59.021, 1095255481384, QTAgent32.exe, Playback - [WARNING] Internal warning: Smart Match failed
\0
W, 3240, 15, 2013/05/24, 08:38:59.203, 1095258072250, QTAgent32.exe, Playback - [WARNING] Internal warning: Smart Match failed
\0
W, 3240, 15, 2013/05/24, 08:38:59.384, 1095260674087, QTAgent32.exe, Playback - [WARNING] Internal warning: Smart Match failed
\0
W, 3240, 15, 2013/05/24, 08:38:59.566, 1095263279184, QTAgent32.exe, Playback - [WARNING] Internal warning: Smart Match failed
\0
W, 3240, 15, 2013/05/24, 08:38:59.746, 1095265859803, QTAgent32.exe, Playback - [WARNING] Internal warning: Smart Match failed
\0
W, 3240, 15, 2013/05/24, 08:38:59.929, 1095268480223, QTAgent32.exe, Playback - [WARNING] Internal warning: Smart Match failed
\0
W, 3240, 15, 2013/05/24, 08:39:00.113, 1095271107341, QTAgent32.exe, Playback - [WARNING] Internal warning: Smart Match failed
\0
W, 3240, 15, 2013/05/24, 08:39:00.296, 1095273726682, QTAgent32.exe, Playback - [WARNING] Internal warning: Smart Match failed
\0
W, 3240, 15, 2013/05/24, 08:39:00.476, 1095276310196, QTAgent32.exe, Playback - [WARNING] Internal warning: Smart Match failed
\0
W, 3240, 15, 2013/05/24, 08:39:00.657, 1095278899202, QTAgent32.exe, Playback - [WARNING] Internal warning: Smart Match failed
\0
W, 3240, 15, 2013/05/24, 08:39:00.841, 1095281531466, QTAgent32.exe, Playback - [WARNING] Internal warning: Smart Match failed
\0
W, 3240, 15, 2013/05/24, 08:39:01.026, 1095284189858, QTAgent32.exe, Playback - [WARNING] Internal warning: Smart Match failed
\0
W, 3240, 15, 2013/05/24, 08:39:01.208, 1095286794808, QTAgent32.exe, Playback - [WARNING] Internal warning: Smart Match failed
\0
W, 3240, 15, 2013/05/24, 08:39:01.389, 1095289383290, QTAgent32.exe, Playback - [WARNING] Internal warning: Smart Match failed
\0
W, 3240, 15, 2013/05/24, 08:39:01.461, 1095290414723, QTAgent32.exe, Playback - [WARNING] Internal warning: Window Not Found: [VisibleOnly]Name='insurE-com System Maintenance' &amp;&amp; ClassName='IEFrame' &amp;&amp; ControlType='Window'
\0
E, 3240, 15, 2013/05/24, 08:39:01.461, 1095290416418, QTAgent32.exe, &lt;a class=failure&gt;Playback - {151} [FAILED] Function ElementFetcher::FindScreenElement failed to locate UI element (Searching: ;[VisibleOnly]Name='insurE-com System Maintenance' &amp;&amp; ClassName='IEFrame' &amp;&amp; ControlType='Window') (The object specified was not found.)
\0&lt;/a&gt;
E, 3240, 15, 2013/05/24, 08:39:01.497, 1095290928906, QTAgent32.exe, Playback - [IMAGE] C:\Users\testuser\AppData\Local\Temp\UITestLogs\LastRun\RPF3D41.png
\0
W, 3240, 15, 2013/05/24, 08:39:01.497, 1095290930469, QTAgent32.exe, Playback - [WARNING] Internal warning: Couldn't find descendants that match QueryId
\0
W, 3240, 15, 2013/05/24, 08:39:01.497, 1095290932900, QTAgent32.exe, PERF WARNING: FindTopLevelWindowHelper::FindAllDescendents: took 3128 ms. Expected it to take maximum 500 ms.
E, 3240, 15, 2013/05/24, 08:39:01.497, 1095290934488, QTAgent32.exe, Exception: System.Runtime.InteropServices.COMException
	Message: Error HRESULT E_FAIL has been returned from a call to a COM component.
	Stack Trace:    at Microsoft.VisualStudio.TestTools.UITest.Playback.Engine.IRPFPlayback.FindAllScreenElements(IScreenElement pScreenElementStart, String bstrQueryId, Object&amp; pvarResKeys, Int32 cResKeys, Int32 nMaxDepth, Object[]&amp; foundDescendants)
   at Microsoft.VisualStudio.TestTools.UITest.Playback.ScreenElement.FindTopLevelWindowHelper(String queryId)
	BaseExceptionMessage: Error HRESULT E_FAIL has been returned from a call to a COM component.

E, 3240, 15, 2013/05/24, 08:39:01.498, 1095290937601, QTAgent32.exe, Window 262964 not responding. Last Win32 error 0
E, 3240, 15, 2013/05/24, 08:39:01.498, 1095290938506, QTAgent32.exe, GetClassName for handle 262964 failed
E, 3240, 15, 2013/05/24, 08:39:01.498, 1095290948315, QTAgent32.exe, Window 262964 not responding. Last Win32 error 1400
E, 3240, 15, 2013/05/24, 08:39:01.498, 1095290949115, QTAgent32.exe, GetClassName for handle 262964 failed
E, 3240, 15, 2013/05/24, 08:39:01.599, 1095292387873, QTAgent32.exe, AL: Playback Error: Microsoft.VisualStudio.TestTools.UITest.Extension.UITestControlNotAvailableException: The control is not available or not valid. Additional Details: 
TechnologyName:  'MSAA'
Name:  'insurE-com System Maintenance'
ClassName:  'IEFrame'
ControlType:  'Window'
 ---&gt; System.Runtime.InteropServices.COMException: Error HRESULT E_FAIL has been returned from a call to a COM component.
   at Microsoft.VisualStudio.TestTools.UITest.Playback.Engine.IRPFPlayback.FindAllScreenElements(IScreenElement pScreenElementStart, String bstrQueryId, Object&amp; pvarResKeys, Int32 cResKeys, Int32 nMaxDepth, Object[]&amp; foundDescendants)
   at Microsoft.VisualStudio.TestTools.UITest.Playback.ScreenElement.FindTopLevelWindowHelper(String queryId)
   at Microsoft.VisualStudio.TestTools.UITest.Playback.ScreenElement.FindFromPartialQueryId(String queryId)
   at Microsoft.VisualStudio.TestTools.UITesting.UITestControl.EnsureValid(Boolean waitForReady, Boolean refetch)
   --- End of inner exception stack trace ---
   at Microsoft.VisualStudio.TestTools.UITesting.UITestControl.EnsureValid(Boolean waitForReady, Boolean refetch)
   at Microsoft.VisualStudio.TestTools.UITesting.UITestControl.SendKeys(String text, ModifierKeys modifierKeys, Boolean isEncoded, Boolean isUnicode)
   at Microsoft.VisualStudio.TestTools.UITesting.Keyboard.SendKeysImplementation(UITestControl control, String text, ModifierKeys modifierKeys, Boolean isEncoded, Boolean isUnicode)
   at Microsoft.VisualStudio.TestTools.UITesting.Keyboard.SendKeysImplementationWrapper(UITestControl control, String text, ModifierKeys modifierKeys, Boolean isEncoded, Boolean isUnicode)
W, 3240, 15, 2013/05/24, 08:39:01.599, 1095292389078, QTAgent32.exe, PlaybackErrorHandler: Ignoring exception as ContinueOnError is set.
W, 3240, 15, 2013/05/24, 08:39:02.299, 1095302411121, QTAgent32.exe, &lt;a class=success&gt;Playback - {152} [SUCCESS] MouseButtonClick - "[MSAA, VisibleOnly]ControlType='TitleBar'"
\0&lt;/a&gt;
W, 3240, 15, 2013/05/24, 08:39:02.526, 1095305667592, QTAgent32.exe, &lt;a class=success&gt;Playback - {153} [SUCCESS] MouseButtonClick - "[MSAA, VisibleOnly]ControlType='Button' &amp;&amp; Name='Close'"
\0&lt;/a&gt;
W, 3240, 15, 2013/05/24, 08:39:03.340, 1095317306889, QTAgent32.exe, &lt;a class=success&gt;Playback - {154} [SUCCESS] MouseButtonClick - "[MSAA, VisibleOnly]ControlType='Button' &amp;&amp; Name='Options'"
\0&lt;/a&gt;
W, 3240, 15, 2013/05/24, 08:39:03.440, 1095318742251, QTAgent32.exe, FindScreenElementInSinglePass : Attempting to find control in one pass of search. Failures can occur.
W, 3240, 15, 2013/05/24, 08:39:03.587, 1095320844989, QTAgent32.exe, &lt;a class=success&gt;Playback - {155} [SUCCESS] MouseButtonClick - "[MSAA]ControlType='MenuItem' &amp;&amp; Name='Links'"
\0&lt;/a&gt;
W, 3240, 15, 2013/05/24, 08:39:03.687, 1095322280098, QTAgent32.exe, FindScreenElementInSinglePass : Attempting to find control in one pass of search. Failures can occur.
W, 3240, 15, 2013/05/24, 08:39:03.844, 1095324525844, QTAgent32.exe, &lt;a class=success&gt;Playback - {156} [SUCCESS] MouseButtonClick - "[MSAA]ControlType='MenuItem' &amp;&amp; Name='3rd Party Integration'"
\0&lt;/a&gt;
W, 3240, 15, 2013/05/24, 08:39:03.944, 1095325960800, QTAgent32.exe, FindScreenElementInSinglePass : Attempting to find control in one pass of search. Failures can occur.
W, 3240, 15, 2013/05/24, 08:39:04.102, 1095328226816, QTAgent32.exe, &lt;a class=success&gt;Playback - {157} [SUCCESS] MouseButtonClick - "[MSAA]ControlType='MenuItem' &amp;&amp; Name='Renewals Module'"
\0&lt;/a&gt;
W, 3240, 15, 2013/05/24, 08:39:04.487, 1095333742324, QTAgent32.exe, &lt;a class=success&gt;Playback - {158} [SUCCESS] SetValueAsEditBox "1" - "[MSAA, VisibleOnly]ControlType='Edit'"  &lt; Set via SendKeys &gt;
\0&lt;/a&gt;
W, 3240, 15, 2013/05/24, 08:39:05.025, 1095341442233, QTAgent32.exe, &lt;a class=success&gt;Playback - {159} [SUCCESS] MouseButtonClick - "[MSAA, VisibleOnly]ControlType='Button' &amp;&amp; Name='Ok'"
\0&lt;/a&gt;
W, 3240, 15, 2013/05/24, 08:39:05.362, 1095346269108, QTAgent32.exe, Playback - [WARNING] Internal warning: Window Not Found: [VisibleOnly]ControlType='Window' &amp;&amp; Name='Confirm' &amp;&amp; ClassName='#32770'
\0
E, 3240, 15, 2013/05/24, 08:39:05.362, 1095346271203, QTAgent32.exe, &lt;a class=failure&gt;Playback - {160} [FAILED] Function ElementFetcher::FindScreenElement failed to locate UI element (Searching: ;[VisibleOnly]ControlType='Window' &amp;&amp; Name='Confirm' &amp;&amp; ClassName='#32770') (The object specified was not found.)
\0&lt;/a&gt;
E, 3240, 15, 2013/05/24, 08:39:05.402, 1095346845370, QTAgent32.exe, Playback - [IMAGE] C:\Users\testuser\AppData\Local\Temp\UITestLogs\LastRun\RPF4C7E.png
\0
W, 3240, 15, 2013/05/24, 08:39:05.402, 1095346846897, QTAgent32.exe, Playback - [WARNING] Internal warning: Couldn't find descendants that match QueryId
\0
W, 3240, 15, 2013/05/24, 08:39:23.406, 1095604624411, QTAgent32.exe, Playback - [WARNING] Internal warning: Window Not Found: [VisibleOnly]ControlType='Window' &amp;&amp; Name='Confirm' &amp;&amp; ClassName='#32770'
\0
E, 3240, 15, 2013/05/24, 08:39:23.406, 1095604626773, QTAgent32.exe, &lt;a class=failure&gt;Playback - {161} [FAILED] Function ElementFetcher::FindScreenElement failed to locate UI element (Searching: ;[VisibleOnly]ControlType='Window' &amp;&amp; Name='Confirm' &amp;&amp; ClassName='#32770') (The object specified was not found.)
\0&lt;/a&gt;
E, 3240, 15, 2013/05/24, 08:39:23.447, 1095605210422, QTAgent32.exe, Playback - [IMAGE] C:\Users\testuser\AppData\Local\Temp\UITestLogs\LastRun\RPF9300.png
\0
W, 3240, 15, 2013/05/24, 08:39:23.447, 1095605212337, QTAgent32.exe, Playback - [WARNING] Internal warning: Couldn't find descendants that match QueryId
\0
W, 3240, 15, 2013/05/24, 08:39:23.447, 1095605215118, QTAgent32.exe, PERF WARNING: FindTopLevelWindowHelper::FindAllDescendents: took 18044 ms. Expected it to take maximum 500 ms.
W, 3240, 15, 2013/05/24, 08:39:23.892, 1095611583454, QTAgent32.exe, Playback - [WARNING] Internal warning: Smart Match failed
\0
W, 3240, 15, 2013/05/24, 08:39:24.069, 1095614121086, QTAgent32.exe, Playback - [WARNING] Internal warning: Smart Match failed
\0
W, 3240, 15, 2013/05/24, 08:39:24.249, 1095616696891, QTAgent32.exe, Playback - [WARNING] Internal warning: Smart Match failed
\0
W, 3240, 15, 2013/05/24, 08:39:24.439, 1095619414874, QTAgent32.exe, Playback - [WARNING] Internal warning: Smart Match failed
\0
W, 3240, 15, 2013/05/24, 08:39:24.617, 1095621970163, QTAgent32.exe, Playback - [WARNING] Internal warning: Smart Match failed
\0
W, 3240, 15, 2013/05/24, 08:39:24.803, 1095624626249, QTAgent32.exe, Playback - [WARNING] Internal warning: Smart Match failed
\0
W, 3240, 15, 2013/05/24, 08:39:24.980, 1095627163460, QTAgent32.exe, Playback - [WARNING] Internal warning: Smart Match failed
\0
W, 3240, 15, 2013/05/24, 08:39:25.160, 1095629739656, QTAgent32.exe, Playback - [WARNING] Internal warning: Smart Match failed
\0
W, 3240, 15, 2013/05/24, 08:39:25.338, 1095632290836, QTAgent32.exe, Playback - [WARNING] Internal warning: Smart Match failed
\0
W, 3240, 15, 2013/05/24, 08:39:25.519, 1095634876947, QTAgent32.exe, Playback - [WARNING] Internal warning: Smart Match failed
\0
W, 3240, 15, 2013/05/24, 08:39:25.697, 1095637435835, QTAgent32.exe, Playback - [WARNING] Internal warning: Smart Match failed
\0
W, 3240, 15, 2013/05/24, 08:39:25.875, 1095639980045, QTAgent32.exe, Playback - [WARNING] Internal warning: Smart Match failed
\0
W, 3240, 15, 2013/05/24, 08:39:26.054, 1095642545059, QTAgent32.exe, Playback - [WARNING] Internal warning: Smart Match failed
\0
W, 3240, 15, 2013/05/24, 08:39:26.231, 1095645082971, QTAgent32.exe, Playback - [WARNING] Internal warning: Smart Match failed
\0
W, 3240, 15, 2013/05/24, 08:39:26.411, 1095647651830, QTAgent32.exe, Playback - [WARNING] Internal warning: Smart Match failed
\0
W, 3240, 15, 2013/05/24, 08:39:26.484, 1095648701255, QTAgent32.exe, Playback - [WARNING] Internal warning: Window Not Found: [VisibleOnly]ControlType='Window' &amp;&amp; Name='Confirm' &amp;&amp; ClassName='#32770'
\0
E, 3240, 15, 2013/05/24, 08:39:26.484, 1095648703172, QTAgent32.exe, &lt;a class=failure&gt;Playback - {162} [FAILED] Function ElementFetcher::FindScreenElement failed to locate UI element (Searching: ;[VisibleOnly]ControlType='Window' &amp;&amp; Name='Confirm' &amp;&amp; ClassName='#32770') (The object specified was not found.)
\0&lt;/a&gt;
E, 3240, 15, 2013/05/24, 08:39:26.525, 1095649280821, QTAgent32.exe, Playback - [IMAGE] C:\Users\testuser\AppData\Local\Temp\UITestLogs\LastRun\RPF9F02.png
\0
W, 3240, 15, 2013/05/24, 08:39:26.525, 1095649282360, QTAgent32.exe, Playback - [WARNING] Internal warning: Couldn't find descendants that match QueryId
\0
W, 3240, 15, 2013/05/24, 08:39:26.525, 1095649284880, QTAgent32.exe, PERF WARNING: FindTopLevelWindowHelper::FindAllDescendents: took 3077 ms. Expected it to take maximum 500 ms.
E, 3240, 15, 2013/05/24, 08:39:26.525, 1095649286912, QTAgent32.exe, Exception: System.Runtime.InteropServices.COMException
	Message: Error HRESULT E_FAIL has been returned from a call to a COM component.
	Stack Trace:    at Microsoft.VisualStudio.TestTools.UITest.Playback.Engine.IRPFPlayback.FindAllScreenElements(IScreenElement pScreenElementStart, String bstrQueryId, Object&amp; pvarResKeys, Int32 cResKeys, Int32 nMaxDepth, Object[]&amp; foundDescendants)
   at Microsoft.VisualStudio.TestTools.UITest.Playback.ScreenElement.FindTopLevelWindowHelper(String queryId)
	BaseExceptionMessage: Error HRESULT E_FAIL has been returned from a call to a COM component.

E, 3240, 15, 2013/05/24, 08:39:26.626, 1095650724599, QTAgent32.exe, AL: Playback Error: Microsoft.VisualStudio.TestTools.UITest.Extension.UITestControlNotFoundException: The playback failed to find the control with the given search properties. Additional Details: 
TechnologyName:  'MSAA'
ControlType:  'Window'
Name:  'Confirm'
ClassName:  '#32770'
 ---&gt; System.Runtime.InteropServices.COMException: Error HRESULT E_FAIL has been returned from a call to a COM component.
   at Microsoft.VisualStudio.TestTools.UITest.Playback.Engine.IRPFPlayback.FindAllScreenElements(IScreenElement pScreenElementStart, String bstrQueryId, Object&amp; pvarResKeys, Int32 cResKeys, Int32 nMaxDepth, Object[]&amp; foundDescendants)
   at Microsoft.VisualStudio.TestTools.UITest.Playback.ScreenElement.FindTopLevelWindowHelper(String queryId)
   at Microsoft.VisualStudio.TestTools.UITest.Playback.ScreenElement.FindFromPartialQueryId(String queryId)
   at Microsoft.VisualStudio.TestTools.UITesting.UITestControl..ctor(String queryId)
   --- End of inner exception stack trace ---
   at Microsoft.VisualStudio.TestTools.UITesting.Playback.MapControlNotFoundException(COMException ex, IPlaybackContext context)
   at Microsoft.VisualStudio.TestTools.UITesting.Playback.MapAndThrowComException(COMException innerException, IPlaybackContext context)
   at Microsoft.VisualStudio.TestTools.UITesting.Playback.MapAndThrowException(SystemException exception, IPlaybackContext context)
   at Microsoft.VisualStudio.TestTools.UITesting.Playback.MapAndThrowException(SystemException exception, String queryId)
   at Microsoft.VisualStudio.TestTools.UITesting.UITestControl..ctor(String queryId)
   at Microsoft.VisualStudio.TestTools.UITesting.SearchHelper.SearchTopLevelWindow(ISearchArgument topLevelSearchArg, String topLevelElementQueryId)
   at Microsoft.VisualStudio.TestTools.UITesting.SearchHelper.GetTitleUpdatedTopLevelWindow(ISearchArgument topLevelSearchArg, String queryId, IList`1 windowTitles)
   at Microsoft.VisualStudio.TestTools.UITesting.SearchHelper.GetTopLevelElement(Boolean useCache, Boolean useCacheOnly, ISearchArgument searchArg, IList`1 windowTitles, Int32&amp; timeLeft)
   at Microsoft.VisualStudio.TestTools.UITesting.SearchHelper.GetElement(Boolean useCache, ISearchArgument searchArg)
   at Microsoft.VisualStudio.TestTools.UITesting.SearchHelper.Search(ISearchArgument searchArg)
   at Microsoft.VisualStudio.TestTools.UITesting.UITestControl.FindInternal()
   at Microsoft.VisualStudio.TestTools.UITesting.UITestControl.FindControlIfNecessary()
   at Microsoft.VisualStudio.TestTools.UITesting.UITestControl.Click(MouseButtons button, ModifierKeys modifierKeys, Point relativeCoordinates)
   at Microsoft.VisualStudio.TestTools.UITesting.Mouse.ClickImplementation(UITestControl control, MouseButtons button, ModifierKeys modifierKeys, Point relativeCoordinate)
   at Microsoft.VisualStudio.TestTools.UITesting.Mouse.ClickImplementationWrapper(UITestControl control, MouseButtons button, ModifierKeys modifierKeys, Point relativeCoordinate)
W, 3240, 15, 2013/05/24, 08:39:26.626, 1095650726724, QTAgent32.exe, PlaybackErrorHandler: Ignoring exception as ContinueOnError is set.
W, 3240, 15, 2013/05/24, 08:39:27.003, 1095656128308, QTAgent32.exe, &lt;a class=success&gt;Playback - {163} [SUCCESS] MouseButtonClick - "[MSAA, VisibleOnly]ControlType='Button' &amp;&amp; Name='OK'"
\0&lt;/a&gt;
W, 3240, 15, 2013/05/24, 08:39:28.247, 1095673940839, QTAgent32.exe, PERF WARNING: FindTopLevelWindowHelper::FindAllDescendents: took 1144 ms. Expected it to take maximum 500 ms.
W, 3240, 15, 2013/05/24, 08:39:28.421, 1095676427243, QTAgent32.exe, &lt;a class=success&gt;Playback - {164} [SUCCESS] MouseButtonClick - "[MSAA, VisibleOnly]ControlType='Button' &amp;&amp; Name='Exit'"
\0&lt;/a&gt;
W, 3240, 15, 2013/05/24, 08:39:28.706, 1095680517140, QTAgent32.exe, &lt;a class=success&gt;Playback - {165} [SUCCESS] MouseButtonClick - "[MSAA, VisibleOnly]ControlType='Button' &amp;&amp; Name='EDI Match...'"
\0&lt;/a&gt;
W, 3240, 15, 2013/05/24, 08:39:30.134, 1095700959809, QTAgent32.exe, &lt;a class=success&gt;Playback - {166} [SUCCESS] MouseButtonClick - "[MSAA, VisibleOnly]ControlType='Button' &amp;&amp; Name='Ok'"
\0&lt;/a&gt;
W, 3240, 15, 2013/05/24, 08:39:30.367, 1095704291338, QTAgent32.exe, &lt;a class=success&gt;Playback - {167} [SUCCESS] MouseButtonClick - "[MSAA, VisibleOnly]ControlType='Button' &amp;&amp; Name='OK'"
\0&lt;/a&gt;
W, 3240, 15, 2013/05/24, 08:39:30.608, 1095707746006, QTAgent32.exe, &lt;a class=success&gt;Playback - {168} [SUCCESS] MouseButtonClick - "[MSAA, VisibleOnly]ControlType='Button' &amp;&amp; Name='Log and Clear'"
\0&lt;/a&gt;
E, 3240, 15, 2013/05/24, 08:39:30.709, 1095709182439, QTAgent32.exe, GetClassName for handle 525570 failed
W, 3240, 15, 2013/05/24, 08:39:30.855, 1095711276656, QTAgent32.exe, &lt;a class=success&gt;Playback - {169} [SUCCESS] MouseButtonClick - "[MSAA, VisibleOnly]ControlType='Button' &amp;&amp; Name='OK'"
\0&lt;/a&gt;
W, 3240, 15, 2013/05/24, 08:39:31.126, 1095715160189, QTAgent32.exe, &lt;a class=success&gt;Playback - {170} [SUCCESS] MouseButtonClick - "[MSAA, VisibleOnly]ControlType='Button' &amp;&amp; Name='Filter...'"
\0&lt;/a&gt;
W, 3240, 15, 2013/05/24, 08:39:31.333, 1095718117511, QTAgent32.exe, &lt;a class=success&gt;Playback - {171} [SUCCESS] SendKeys "^{HOME}" - "[MSAA, VisibleOnly]ControlType='Edit'"
\0&lt;/a&gt;
E, 3240, 15, 2013/05/24, 08:39:31.333, 1095718119648, QTAgent32.exe, Msaa.GetFocusedElement: could not find accessible object of foreground window
W, 3240, 15, 2013/05/24, 08:39:31.393, 1095718984292, QTAgent32.exe, &lt;a class=success&gt;Playback - {172} [SUCCESS] SendKeys "^+{END}" - "[MSAA, VisibleOnly]ControlType='Edit'"
\0&lt;/a&gt;
E, 3240, 15, 2013/05/24, 08:39:31.393, 1095718986452, QTAgent32.exe, Msaa.GetFocusedElement: could not find accessible object of foreground window
W, 3240, 15, 2013/05/24, 08:39:31.406, 1095719163124, QTAgent32.exe, &lt;a class=success&gt;Playback - {173} [SUCCESS] SendKeys "{DELETE}" - "[MSAA, VisibleOnly]ControlType='Edit'"
\0&lt;/a&gt;
W, 3240, 15, 2013/05/24, 08:39:31.625, 1095722301347, QTAgent32.exe, &lt;a class=success&gt;Playback - {174} [SUCCESS] SetValueAsEditBox "31/05/13" - "[MSAA, VisibleOnly]ControlType='Edit'"  &lt; Set via SendKeys &gt;
\0&lt;/a&gt;
W, 3240, 15, 2013/05/24, 08:39:31.836, 1095725320424, QTAgent32.exe, &lt;a class=success&gt;Playback - {175} [SUCCESS] SendKeys "^{HOME}" - "[MSAA, VisibleOnly]ControlType='Edit'"
\0&lt;/a&gt;
E, 3240, 15, 2013/05/24, 08:39:31.836, 1095725322565, QTAgent32.exe, Msaa.GetFocusedElement: could not find accessible object of foreground window
W, 3240, 15, 2013/05/24, 08:39:31.892, 1095726123250, QTAgent32.exe, &lt;a class=success&gt;Playback - {176} [SUCCESS] SendKeys "^+{END}" - "[MSAA, VisibleOnly]ControlType='Edit'"
\0&lt;/a&gt;
E, 3240, 15, 2013/05/24, 08:39:31.892, 1095726124855, QTAgent32.exe, Msaa.GetFocusedElement: could not find accessible object of foreground window
W, 3240, 15, 2013/05/24, 08:39:31.904, 1095726301635, QTAgent32.exe, &lt;a class=success&gt;Playback - {177} [SUCCESS] SendKeys "{DELETE}" - "[MSAA, VisibleOnly]ControlType='Edit'"
\0&lt;/a&gt;
W, 3240, 15, 2013/05/24, 08:39:32.122, 1095729425369, QTAgent32.exe, &lt;a class=success&gt;Playback - {178} [SUCCESS] SetValueAsEditBox "31/05/13" - "[MSAA, VisibleOnly]ControlType='Edit'"  &lt; Set via SendKeys &gt;
\0&lt;/a&gt;
W, 3240, 15, 2013/05/24, 08:39:32.493, 1095734728243, QTAgent32.exe, Playback - [WARNING] Internal warning: Incorrect flag set for InvokeProgrammaticAction\0
W, 3240, 15, 2013/05/24, 08:39:32.610, 1095736415625, QTAgent32.exe, &lt;a class=success&gt;Playback - {179} [SUCCESS] SetValueAsComboBox "Motor" - "[MSAA, VisibleOnly]ControlType='ComboBox'"  &lt; SetValueAsComboBox, set by clicking on the item in the list box &gt;
\0&lt;/a&gt;
W, 3240, 15, 2013/05/24, 08:39:32.862, 1095740015180, QTAgent32.exe, &lt;a class=success&gt;Playback - {180} [SUCCESS] MouseButtonClick - "[MSAA, VisibleOnly]ControlType='Button' &amp;&amp; Name='Ok'"
\0&lt;/a&gt;
W, 3240, 15, 2013/05/24, 08:39:33.754, 1095752795844, QTAgent32.exe, &lt;a class=success&gt;Playback - {181} [SUCCESS] MouseButtonClick - "[MSAA, VisibleOnly]ControlType='Client'"
\0&lt;/a&gt;
W, 3240, 15, 2013/05/24, 08:39:33.931, 1095755320964, QTAgent32.exe, &lt;a class=success&gt;Playback - {182} [SUCCESS] SendKeys "{End}" - "[MSAA, VisibleOnly]ControlType='Client'"
\0&lt;/a&gt;
W, 3240, 15, 2013/05/24, 08:39:34.195, 1095759109612, QTAgent32.exe, &lt;a class=success&gt;Playback - {183} [SUCCESS] MouseButtonClick - "[MSAA, VisibleOnly]ControlType='Button' &amp;&amp; Name='Display Record...'"
\0&lt;/a&gt;
W, 3240, 15, 2013/05/24, 08:39:34.554, 1095764244741, QTAgent32.exe, Playback - [WARNING] Internal warning: Window Not Found: [VisibleOnly]ControlType='Window' &amp;&amp; Name='AUTO208-1001' &amp;&amp; ClassName='ThunderRT6FormDC'
\0
E, 3240, 15, 2013/05/24, 08:39:34.555, 1095764247492, QTAgent32.exe, &lt;a class=failure&gt;Playback - {184} [FAILED] Function ElementFetcher::FindScreenElement failed to locate UI element (Searching: ;[VisibleOnly]ControlType='Window' &amp;&amp; Name='AUTO208-1001' &amp;&amp; ClassName='ThunderRT6FormDC') (The object specified was not found.)
\0&lt;/a&gt;
E, 3240, 15, 2013/05/24, 08:39:34.599, 1095764888521, QTAgent32.exe, Playback - [IMAGE] C:\Users\testuser\AppData\Local\Temp\UITestLogs\LastRun\RPFBE94.png
\0
W, 3240, 15, 2013/05/24, 08:39:34.599, 1095764890107, QTAgent32.exe, Playback - [WARNING] Internal warning: Couldn't find descendants that match QueryId
\0
W, 3240, 15, 2013/05/24, 08:39:52.687, 1096023872663, QTAgent32.exe, Playback - [WARNING] Internal warning: Window Not Found: [VisibleOnly]ControlType='Window' &amp;&amp; Name='AUTO208-1001' &amp;&amp; ClassName='ThunderRT6FormDC'
\0
E, 3240, 15, 2013/05/24, 08:39:52.687, 1096023874926, QTAgent32.exe, &lt;a class=failure&gt;Playback - {185} [FAILED] Function ElementFetcher::FindScreenElement failed to locate UI element (Searching: ;[VisibleOnly]ControlType='Window' &amp;&amp; Name='AUTO208-1001' &amp;&amp; ClassName='ThunderRT6FormDC') (The object specified was not found.)
\0&lt;/a&gt;
E, 3240, 15, 2013/05/24, 08:39:52.731, 1096024498821, QTAgent32.exe, Playback - [IMAGE] C:\Users\testuser\AppData\Local\Temp\UITestLogs\LastRun\RPF564.png
\0
W, 3240, 15, 2013/05/24, 08:39:52.731, 1096024500455, QTAgent32.exe, Playback - [WARNING] Internal warning: Couldn't find descendants that match QueryId
\0
W, 3240, 15, 2013/05/24, 08:39:52.731, 1096024503251, QTAgent32.exe, PERF WARNING: FindTopLevelWindowHelper::FindAllDescendents: took 18131 ms. Expected it to take maximum 500 ms.
W, 3240, 15, 2013/05/24, 08:39:53.263, 1096032126946, QTAgent32.exe, Playback - [WARNING] Internal warning: Window with Class "ThunderRT6FormDC" and Title "AUTO208-1001" was not found, so similar window with Class "ThunderRT6FormDC" and Title "AUTO145-1001" was accepted
\0
W, 3240, 15, 2013/05/24, 08:39:53.263, 1096032129966, QTAgent32.exe, PERF WARNING: FindTopLevelWindowHelper::FindAllDescendents: took 532 ms. Expected it to take maximum 500 ms.
W, 3240, 15, 2013/05/24, 08:39:53.391, 1096033951680, QTAgent32.exe, &lt;a class=success&gt;Playback - {186} [SUCCESS] MouseButtonClick - "[MSAA, VisibleOnly]ControlType='Button' &amp;&amp; Name='Rebroke...'"
\0&lt;/a&gt;
W, 3240, 15, 2013/05/24, 08:39:53.628, 1096037351540, QTAgent32.exe, &lt;a class=success&gt;Playback - {187} [SUCCESS] MouseButtonClick - "[MSAA, VisibleOnly]ControlType='Button' &amp;&amp; Name='Cancel'"
\0&lt;/a&gt;
W, 3240, 15, 2013/05/24, 08:39:53.862, 1096040694616, QTAgent32.exe, &lt;a class=success&gt;Playback - {188} [SUCCESS] MouseButtonClick - "[MSAA, VisibleOnly]ControlType='Button' &amp;&amp; Name='No'"
\0&lt;/a&gt;
W, 3240, 15, 2013/05/24, 08:39:54.564, 1096050750027, QTAgent32.exe, &lt;a class=success&gt;Playback - {189} [SUCCESS] MouseButtonClick - "[MSAA, VisibleOnly]ControlType='Button' &amp;&amp; Name='Ok'"
\0&lt;/a&gt;
W, 3240, 15, 2013/05/24, 08:39:57.117, 1096087304717, QTAgent32.exe, PERF WARNING: FindTopLevelWindowHelper::FindAllDescendents: took 2451 ms. Expected it to take maximum 500 ms.
W, 3240, 15, 2013/05/24, 08:39:57.252, 1096089242585, QTAgent32.exe, &lt;a class=success&gt;Playback - {190} [SUCCESS] MouseButtonClick - "[MSAA, VisibleOnly]ControlType='Client'"
\0&lt;/a&gt;
W, 3240, 15, 2013/05/24, 08:39:57.838, 1096097633094, QTAgent32.exe, &lt;a class=success&gt;Playback - {191} [SUCCESS] SendKeys "{Home}" - "[MSAA, VisibleOnly]ControlType='Client'"
\0&lt;/a&gt;
W, 3240, 15, 2013/05/24, 08:39:58.717, 1096110204279, QTAgent32.exe, &lt;a class=success&gt;Playback - {192} [SUCCESS] MouseButtonClick - "[MSAA, VisibleOnly]ControlType='Button' &amp;&amp; Name='Select Alternative'"
\0&lt;/a&gt;
W, 3240, 15, 2013/05/24, 08:39:58.998, 1096114231545, QTAgent32.exe, &lt;a class=success&gt;Playback - {193} [SUCCESS] MouseButtonClick - "[MSAA, VisibleOnly]ControlType='Button' &amp;&amp; Name='OK'"
\0&lt;/a&gt;
W, 3240, 15, 2013/05/24, 08:39:59.336, 1096119073732, QTAgent32.exe, Playback - [WARNING] Internal warning: Window Not Found: [VisibleOnly]ControlType='Window' &amp;&amp; Name='Personal Lines' &amp;&amp; ClassName='#32770'
\0
E, 3240, 15, 2013/05/24, 08:39:59.336, 1096119076111, QTAgent32.exe, &lt;a class=failure&gt;Playback - {194} [FAILED] Function ElementFetcher::FindScreenElement failed to locate UI element (Searching: ;[VisibleOnly]ControlType='Window' &amp;&amp; Name='Personal Lines' &amp;&amp; ClassName='#32770') (The object specified was not found.)
\0&lt;/a&gt;
E, 3240, 15, 2013/05/24, 08:39:59.379, 1096119694277, QTAgent32.exe, Playback - [IMAGE] C:\Users\testuser\AppData\Local\Temp\UITestLogs\LastRun\RPF1F5B.png
\0
W, 3240, 15, 2013/05/24, 08:39:59.379, 1096119695778, QTAgent32.exe, Playback - [WARNING] Internal warning: Couldn't find descendants that match QueryId
\0
W, 3240, 15, 2013/05/24, 08:40:17.393, 1096377616482, QTAgent32.exe, Playback - [WARNING] Internal warning: Window Not Found: [VisibleOnly]ControlType='Window' &amp;&amp; Name='Personal Lines' &amp;&amp; ClassName='#32770'
\0
E, 3240, 15, 2013/05/24, 08:40:17.393, 1096377618824, QTAgent32.exe, &lt;a class=failure&gt;Playback - {195} [FAILED] Function ElementFetcher::FindScreenElement failed to locate UI element (Searching: ;[VisibleOnly]ControlType='Window' &amp;&amp; Name='Personal Lines' &amp;&amp; ClassName='#32770') (The object specified was not found.)
\0&lt;/a&gt;
E, 3240, 15, 2013/05/24, 08:40:17.436, 1096378232911, QTAgent32.exe, Playback - [IMAGE] C:\Users\testuser\AppData\Local\Temp\UITestLogs\LastRun\RPF65ED.png
\0
W, 3240, 15, 2013/05/24, 08:40:17.436, 1096378234463, QTAgent32.exe, Playback - [WARNING] Internal warning: Couldn't find descendants that match QueryId
\0
W, 3240, 15, 2013/05/24, 08:40:17.436, 1096378236991, QTAgent32.exe, PERF WARNING: FindTopLevelWindowHelper::FindAllDescendents: took 18056 ms. Expected it to take maximum 500 ms.
W, 3240, 15, 2013/05/24, 08:40:17.888, 1096384702527, QTAgent32.exe, Playback - [WARNING] Internal warning: Smart Match failed
\0
W, 3240, 15, 2013/05/24, 08:40:18.079, 1096387434874, QTAgent32.exe, Playback - [WARNING] Internal warning: Smart Match failed
\0
W, 3240, 15, 2013/05/24, 08:40:18.267, 1096390131809, QTAgent32.exe, Playback - [WARNING] Internal warning: Smart Match failed
\0
W, 3240, 15, 2013/05/24, 08:40:18.462, 1096392922478, QTAgent32.exe, Playback - [WARNING] Internal warning: Smart Match failed
\0
W, 3240, 15, 2013/05/24, 08:40:18.653, 1096395664329, QTAgent32.exe, Playback - [WARNING] Internal warning: Smart Match failed
\0
W, 3240, 15, 2013/05/24, 08:40:18.846, 1096398421237, QTAgent32.exe, Playback - [WARNING] Internal warning: Smart Match failed
\0
W, 3240, 15, 2013/05/24, 08:40:19.034, 1096401108721, QTAgent32.exe, Playback - [WARNING] Internal warning: Smart Match failed
\0
W, 3240, 15, 2013/05/24, 08:40:19.222, 1096403809541, QTAgent32.exe, Playback - [WARNING] Internal warning: Smart Match failed
\0
W, 3240, 15, 2013/05/24, 08:40:19.411, 1096406507126, QTAgent32.exe, Playback - [WARNING] Internal warning: Smart Match failed
\0
W, 3240, 15, 2013/05/24, 08:40:19.599, 1096409201276, QTAgent32.exe, Playback - [WARNING] Internal warning: Smart Match failed
\0
W, 3240, 15, 2013/05/24, 08:40:19.789, 1096411933229, QTAgent32.exe, Playback - [WARNING] Internal warning: Smart Match failed
\0
W, 3240, 15, 2013/05/24, 08:40:19.978, 1096414634474, QTAgent32.exe, Playback - [WARNING] Internal warning: Smart Match failed
\0
W, 3240, 15, 2013/05/24, 08:40:20.165, 1096417311373, QTAgent32.exe, Playback - [WARNING] Internal warning: Smart Match failed
\0
W, 3240, 15, 2013/05/24, 08:40:20.354, 1096420017967, QTAgent32.exe, Playback - [WARNING] Internal warning: Smart Match failed
\0
W, 3240, 15, 2013/05/24, 08:40:20.435, 1096421183623, QTAgent32.exe, Playback - [WARNING] Internal warning: Window Not Found: [VisibleOnly]ControlType='Window' &amp;&amp; Name='Personal Lines' &amp;&amp; ClassName='#32770'
\0
E, 3240, 15, 2013/05/24, 08:40:20.436, 1096421185517, QTAgent32.exe, &lt;a class=failure&gt;Playback - {196} [FAILED] Function ElementFetcher::FindScreenElement failed to locate UI element (Searching: ;[VisibleOnly]ControlType='Window' &amp;&amp; Name='Personal Lines' &amp;&amp; ClassName='#32770') (The object specified was not found.)
\0&lt;/a&gt;
E, 3240, 15, 2013/05/24, 08:40:20.478, 1096421789080, QTAgent32.exe, Playback - [IMAGE] C:\Users\testuser\AppData\Local\Temp\UITestLogs\LastRun\RPF71D0.png
\0
W, 3240, 15, 2013/05/24, 08:40:20.478, 1096421790649, QTAgent32.exe, Playback - [WARNING] Internal warning: Couldn't find descendants that match QueryId
\0
W, 3240, 15, 2013/05/24, 08:40:20.478, 1096421793326, QTAgent32.exe, PERF WARNING: FindTopLevelWindowHelper::FindAllDescendents: took 3041 ms. Expected it to take maximum 500 ms.
E, 3240, 15, 2013/05/24, 08:40:20.478, 1096421794967, QTAgent32.exe, Exception: System.Runtime.InteropServices.COMException
	Message: Error HRESULT E_FAIL has been returned from a call to a COM component.
	Stack Trace:    at Microsoft.VisualStudio.TestTools.UITest.Playback.Engine.IRPFPlayback.FindAllScreenElements(IScreenElement pScreenElementStart, String bstrQueryId, Object&amp; pvarResKeys, Int32 cResKeys, Int32 nMaxDepth, Object[]&amp; foundDescendants)
   at Microsoft.VisualStudio.TestTools.UITest.Playback.ScreenElement.FindTopLevelWindowHelper(String queryId)
	BaseExceptionMessage: Error HRESULT E_FAIL has been returned from a call to a COM component.

E, 3240, 15, 2013/05/24, 08:40:20.478, 1096421797430, QTAgent32.exe, Window 394412 not responding. Last Win32 error 0
E, 3240, 15, 2013/05/24, 08:40:20.478, 1096421798330, QTAgent32.exe, GetClassName for handle 394412 failed
E, 3240, 15, 2013/05/24, 08:40:20.479, 1096421802576, QTAgent32.exe, Window 394488 not responding. Last Win32 error 1400
E, 3240, 15, 2013/05/24, 08:40:20.479, 1096421803386, QTAgent32.exe, GetClassName for handle 394488 failed
E, 3240, 15, 2013/05/24, 08:40:20.579, 1096423237237, QTAgent32.exe, AL: Playback Error: Microsoft.VisualStudio.TestTools.UITest.Extension.UITestControlNotAvailableException: The control is not available or not valid. Additional Details: 
TechnologyName:  'MSAA'
Name:  'Yes'
ControlType:  'Button'
 ---&gt; Microsoft.VisualStudio.TestTools.UITest.Extension.UITestControlNotAvailableException: The control is not available or not valid. Additional Details: 
TechnologyName:  'MSAA'
Name:  'Personal Lines'
ClassName:  '#32770'
ControlType:  'Window'
 ---&gt; System.Runtime.InteropServices.COMException: Error HRESULT E_FAIL has been returned from a call to a COM component.
   at Microsoft.VisualStudio.TestTools.UITest.Playback.Engine.IRPFPlayback.FindAllScreenElements(IScreenElement pScreenElementStart, String bstrQueryId, Object&amp; pvarResKeys, Int32 cResKeys, Int32 nMaxDepth, Object[]&amp; foundDescendants)
   at Microsoft.VisualStudio.TestTools.UITest.Playback.ScreenElement.FindTopLevelWindowHelper(String queryId)
   at Microsoft.VisualStudio.TestTools.UITest.Playback.ScreenElement.FindFromPartialQueryId(String queryId)
   at Microsoft.VisualStudio.TestTools.UITesting.UITestControl.EnsureValid(Boolean waitForReady, Boolean refetch)
   --- End of inner exception stack trace ---
   at Microsoft.VisualStudio.TestTools.UITesting.UITestControl.EnsureValid(Boolean waitForReady, Boolean refetch)
   at Microsoft.VisualStudio.TestTools.UITesting.UITestControl.FindFirstDescendant(String queryId, Int32 maxDepth, Int32&amp; timeLeft)
   at Microsoft.VisualStudio.TestTools.UITesting.UITestControl.FindFirstDescendant(String queryId)
   at Microsoft.VisualStudio.TestTools.UITesting.UITestControl.EnsureValid(Boolean waitForReady, Boolean refetch)
   --- End of inner exception stack trace ---
   at Microsoft.VisualStudio.TestTools.UITesting.UITestControl.EnsureValid(Boolean waitForReady, Boolean refetch)
   at Microsoft.VisualStudio.TestTools.UITesting.UITestControl.Click(MouseButtons button, ModifierKeys modifierKeys, Point relativeCoordinates)
   at Microsoft.VisualStudio.TestTools.UITesting.Mouse.ClickImplementation(UITestControl control, MouseButtons button, ModifierKeys modifierKeys, Point relativeCoordinate)
   at Microsoft.VisualStudio.TestTools.UITesting.Mouse.ClickImplementationWrapper(UITestControl control, MouseButtons button, ModifierKeys modifierKeys, Point relativeCoordinate)
W, 3240, 15, 2013/05/24, 08:40:20.579, 1096423238513, QTAgent32.exe, PlaybackErrorHandler: Ignoring exception as ContinueOnError is set.
W, 3240, 15, 2013/05/24, 08:40:20.707, 1096425069094, QTAgent32.exe, &lt;a class=success&gt;Playback - {197} [SUCCESS] MouseButtonClick - "[MSAA, VisibleOnly]ControlType='Button' &amp;&amp; Name='Invite'"
\0&lt;/a&gt;
W, 3240, 15, 2013/05/24, 08:40:21.052, 1096430008448, QTAgent32.exe, Playback - [WARNING] Internal warning: Window Not Found: [VisibleOnly]ControlType='Window' &amp;&amp; Name='Confirm' &amp;&amp; ClassName='#32770'
\0
E, 3240, 15, 2013/05/24, 08:40:21.052, 1096430010592, QTAgent32.exe, &lt;a class=failure&gt;Playback - {198} [FAILED] Function ElementFetcher::FindScreenElement failed to locate UI element (Searching: ;[VisibleOnly]ControlType='Window' &amp;&amp; Name='Confirm' &amp;&amp; ClassName='#32770') (The object specified was not found.)
\0&lt;/a&gt;
E, 3240, 15, 2013/05/24, 08:40:21.093, 1096430603487, QTAgent32.exe, Playback - [IMAGE] C:\Users\testuser\AppData\Local\Temp\UITestLogs\LastRun\RPF7431.png
\0
W, 3240, 15, 2013/05/24, 08:40:21.093, 1096430605064, QTAgent32.exe, Playback - [WARNING] Internal warning: Couldn't find descendants that match QueryId
\0
W, 3240, 15, 2013/05/24, 08:40:39.096, 1096688372026, QTAgent32.exe, Playback - [WARNING] Internal warning: Window Not Found: [VisibleOnly]ControlType='Window' &amp;&amp; Name='Confirm' &amp;&amp; ClassName='#32770'
\0
E, 3240, 15, 2013/05/24, 08:40:39.097, 1096688374538, QTAgent32.exe, &lt;a class=failure&gt;Playback - {199} [FAILED] Function ElementFetcher::FindScreenElement failed to locate UI element (Searching: ;[VisibleOnly]ControlType='Window' &amp;&amp; Name='Confirm' &amp;&amp; ClassName='#32770') (The object specified was not found.)
\0&lt;/a&gt;
E, 3240, 15, 2013/05/24, 08:40:39.140, 1096688994227, QTAgent32.exe, Playback - [IMAGE] C:\Users\testuser\AppData\Local\Temp\UITestLogs\LastRun\RPFBAB4.png
\0
W, 3240, 15, 2013/05/24, 08:40:39.140, 1096688995909, QTAgent32.exe, Playback - [WARNING] Internal warning: Couldn't find descendants that match QueryId
\0
W, 3240, 15, 2013/05/24, 08:40:39.140, 1096688998771, QTAgent32.exe, PERF WARNING: FindTopLevelWindowHelper::FindAllDescendents: took 18046 ms. Expected it to take maximum 500 ms.
W, 3240, 15, 2013/05/24, 08:40:39.596, 1096695524661, QTAgent32.exe, Playback - [WARNING] Internal warning: Smart Match failed
\0
W, 3240, 15, 2013/05/24, 08:40:39.796, 1096698389444, QTAgent32.exe, Playback - [WARNING] Internal warning: Smart Match failed
\0
W, 3240, 15, 2013/05/24, 08:40:39.984, 1096701082744, QTAgent32.exe, Playback - [WARNING] Internal warning: Smart Match failed
\0
W, 3240, 15, 2013/05/24, 08:40:40.173, 1096703793165, QTAgent32.exe, Playback - [WARNING] Internal warning: Smart Match failed
\0
W, 3240, 15, 2013/05/24, 08:40:40.362, 1096706495693, QTAgent32.exe, Playback - [WARNING] Internal warning: Smart Match failed
\0
W, 3240, 15, 2013/05/24, 08:40:40.553, 1096709228225, QTAgent32.exe, Playback - [WARNING] Internal warning: Smart Match failed
\0
W, 3240, 15, 2013/05/24, 08:40:40.746, 1096712000440, QTAgent32.exe, Playback - [WARNING] Internal warning: Smart Match failed
\0
W, 3240, 15, 2013/05/24, 08:40:40.937, 1096714727390, QTAgent32.exe, Playback - [WARNING] Internal warning: Smart Match failed
\0
W, 3240, 15, 2013/05/24, 08:40:41.130, 1096717497936, QTAgent32.exe, Playback - [WARNING] Internal warning: Smart Match failed
\0
W, 3240, 15, 2013/05/24, 08:40:41.323, 1096720260495, QTAgent32.exe, Playback - [WARNING] Internal warning: Smart Match failed
\0
W, 3240, 15, 2013/05/24, 08:40:41.513, 1096722974624, QTAgent32.exe, Playback - [WARNING] Internal warning: Smart Match failed
\0
W, 3240, 15, 2013/05/24, 08:40:41.703, 1096725689492, QTAgent32.exe, Playback - [WARNING] Internal warning: Smart Match failed
\0
W, 3240, 15, 2013/05/24, 08:40:41.892, 1096728395931, QTAgent32.exe, Playback - [WARNING] Internal warning: Smart Match failed
\0
W, 3240, 15, 2013/05/24, 08:40:42.082, 1096731116993, QTAgent32.exe, Playback - [WARNING] Internal warning: Smart Match failed
\0
W, 3240, 15, 2013/05/24, 08:40:42.167, 1096732330504, QTAgent32.exe, Playback - [WARNING] Internal warning: Window Not Found: [VisibleOnly]ControlType='Window' &amp;&amp; Name='Confirm' &amp;&amp; ClassName='#32770'
\0
E, 3240, 15, 2013/05/24, 08:40:42.167, 1096732332234, QTAgent32.exe, &lt;a class=failure&gt;Playback - {200} [FAILED] Function ElementFetcher::FindScreenElement failed to locate UI element (Searching: ;[VisibleOnly]ControlType='Window' &amp;&amp; Name='Confirm' &amp;&amp; ClassName='#32770') (The object specified was not found.)
\0&lt;/a&gt;
E, 3240, 15, 2013/05/24, 08:40:42.209, 1096732930591, QTAgent32.exe, Playback - [IMAGE] C:\Users\testuser\AppData\Local\Temp\UITestLogs\LastRun\RPFC6B6.png
\0
W, 3240, 15, 2013/05/24, 08:40:42.209, 1096732932144, QTAgent32.exe, Playback - [WARNING] Internal warning: Couldn't find descendants that match QueryId
\0
W, 3240, 15, 2013/05/24, 08:40:42.209, 1096732934588, QTAgent32.exe, PERF WARNING: FindTopLevelWindowHelper::FindAllDescendents: took 3068 ms. Expected it to take maximum 500 ms.
E, 3240, 15, 2013/05/24, 08:40:42.209, 1096732936197, QTAgent32.exe, Exception: System.Runtime.InteropServices.COMException
	Message: Error HRESULT E_FAIL has been returned from a call to a COM component.
	Stack Trace:    at Microsoft.VisualStudio.TestTools.UITest.Playback.Engine.IRPFPlayback.FindAllScreenElements(IScreenElement pScreenElementStart, String bstrQueryId, Object&amp; pvarResKeys, Int32 cResKeys, Int32 nMaxDepth, Object[]&amp; foundDescendants)
   at Microsoft.VisualStudio.TestTools.UITest.Playback.ScreenElement.FindTopLevelWindowHelper(String queryId)
	BaseExceptionMessage: Error HRESULT E_FAIL has been returned from a call to a COM component.

E, 3240, 15, 2013/05/24, 08:40:42.309, 1096734374428, QTAgent32.exe, AL: Playback Error: Microsoft.VisualStudio.TestTools.UITest.Extension.UITestControlNotFoundException: The playback failed to find the control with the given search properties. Additional Details: 
TechnologyName:  'MSAA'
ControlType:  'Window'
Name:  'Confirm'
ClassName:  '#32770'
 ---&gt; System.Runtime.InteropServices.COMException: Error HRESULT E_FAIL has been returned from a call to a COM component.
   at Microsoft.VisualStudio.TestTools.UITest.Playback.Engine.IRPFPlayback.FindAllScreenElements(IScreenElement pScreenElementStart, String bstrQueryId, Object&amp; pvarResKeys, Int32 cResKeys, Int32 nMaxDepth, Object[]&amp; foundDescendants)
   at Microsoft.VisualStudio.TestTools.UITest.Playback.ScreenElement.FindTopLevelWindowHelper(String queryId)
   at Microsoft.VisualStudio.TestTools.UITest.Playback.ScreenElement.FindFromPartialQueryId(String queryId)
   at Microsoft.VisualStudio.TestTools.UITesting.UITestControl..ctor(String queryId)
   --- End of inner exception stack trace ---
   at Microsoft.VisualStudio.TestTools.UITesting.Playback.MapControlNotFoundException(COMException ex, IPlaybackContext context)
   at Microsoft.VisualStudio.TestTools.UITesting.Playback.MapAndThrowComException(COMException innerException, IPlaybackContext context)
   at Microsoft.VisualStudio.TestTools.UITesting.Playback.MapAndThrowException(SystemException exception, IPlaybackContext context)
   at Microsoft.VisualStudio.TestTools.UITesting.Playback.MapAndThrowException(SystemException exception, String queryId)
   at Microsoft.VisualStudio.TestTools.UITesting.UITestControl..ctor(String queryId)
   at Microsoft.VisualStudio.TestTools.UITesting.SearchHelper.SearchTopLevelWindow(ISearchArgument topLevelSearchArg, String topLevelElementQueryId)
   at Microsoft.VisualStudio.TestTools.UITesting.SearchHelper.GetTitleUpdatedTopLevelWindow(ISearchArgument topLevelSearchArg, String queryId, IList`1 windowTitles)
   at Microsoft.VisualStudio.TestTools.UITesting.SearchHelper.GetTopLevelElement(Boolean useCache, Boolean useCacheOnly, ISearchArgument searchArg, IList`1 windowTitles, Int32&amp; timeLeft)
   at Microsoft.VisualStudio.TestTools.UITesting.SearchHelper.GetElement(Boolean useCache, ISearchArgument searchArg)
   at Microsoft.VisualStudio.TestTools.UITesting.SearchHelper.Search(ISearchArgument searchArg)
   at Microsoft.VisualStudio.TestTools.UITesting.UITestControl.FindInternal()
   at Microsoft.VisualStudio.TestTools.UITesting.UITestControl.FindControlIfNecessary()
   at Microsoft.VisualStudio.TestTools.UITesting.UITestControl.Click(MouseButtons button, ModifierKeys modifierKeys, Point relativeCoordinates)
   at Microsoft.VisualStudio.TestTools.UITesting.Mouse.ClickImplementation(UITestControl control, MouseButtons button, ModifierKeys modifierKeys, Point relativeCoordinate)
   at Microsoft.VisualStudio.TestTools.UITesting.Mouse.ClickImplementationWrapper(UITestControl control, MouseButtons button, ModifierKeys modifierKeys, Point relativeCoordinate)
W, 3240, 15, 2013/05/24, 08:40:42.309, 1096734375692, QTAgent32.exe, PlaybackErrorHandler: Ignoring exception as ContinueOnError is set.
W, 3240, 15, 2013/05/24, 08:40:42.459, 1096736513829, QTAgent32.exe, &lt;a class=success&gt;Playback - {201} [SUCCESS] MouseButtonClick - "[MSAA, VisibleOnly]ControlType='Button' &amp;&amp; Name='Ok'"
\0&lt;/a&gt;
W, 3240, 15, 2013/05/24, 08:40:48.491, 1096822888715, QTAgent32.exe, Playback - [WARNING] Internal warning: Window Not Found: [VisibleOnly]ControlType='Window' &amp;&amp; Name='Personal Lines' &amp;&amp; ClassName='#32770'
\0
E, 3240, 15, 2013/05/24, 08:40:48.491, 1096822890859, QTAgent32.exe, &lt;a class=failure&gt;Playback - {202} [FAILED] Function ElementFetcher::FindScreenElement failed to locate UI element (Searching: ;[VisibleOnly]ControlType='Window' &amp;&amp; Name='Personal Lines' &amp;&amp; ClassName='#32770') (The object specified was not found.)
\0&lt;/a&gt;
E, 3240, 15, 2013/05/24, 08:40:48.534, 1096823498966, QTAgent32.exe, Playback - [IMAGE] C:\Users\testuser\AppData\Local\Temp\UITestLogs\LastRun\RPFDF65.png
\0
W, 3240, 15, 2013/05/24, 08:40:48.534, 1096823500503, QTAgent32.exe, Playback - [WARNING] Internal warning: Couldn't find descendants that match QueryId
\0
W, 3240, 15, 2013/05/24, 08:40:48.534, 1096823503083, QTAgent32.exe, PERF WARNING: FindTopLevelWindowHelper::FindAllDescendents: took 5974 ms. Expected it to take maximum 500 ms.
W, 3240, 15, 2013/05/24, 08:41:06.548, 1097081424590, QTAgent32.exe, Playback - [WARNING] Internal warning: Window Not Found: [VisibleOnly]ControlType='Window' &amp;&amp; Name='Personal Lines' &amp;&amp; ClassName='#32770'
\0
E, 3240, 15, 2013/05/24, 08:41:06.548, 1097081426976, QTAgent32.exe, &lt;a class=failure&gt;Playback - {203} [FAILED] Function ElementFetcher::FindScreenElement failed to locate UI element (Searching: ;[VisibleOnly]ControlType='Window' &amp;&amp; Name='Personal Lines' &amp;&amp; ClassName='#32770') (The object specified was not found.)
\0&lt;/a&gt;
E, 3240, 15, 2013/05/24, 08:41:06.591, 1097082045571, QTAgent32.exe, Playback - [IMAGE] C:\Users\testuser\AppData\Local\Temp\UITestLogs\LastRun\RPF25E7.png
\0
W, 3240, 15, 2013/05/24, 08:41:06.591, 1097082047103, QTAgent32.exe, Playback - [WARNING] Internal warning: Couldn't find descendants that match QueryId
\0
W, 3240, 15, 2013/05/24, 08:41:06.591, 1097082049684, QTAgent32.exe, PERF WARNING: FindTopLevelWindowHelper::FindAllDescendents: took 18057 ms. Expected it to take maximum 500 ms.
W, 3240, 15, 2013/05/24, 08:41:07.045, 1097088541311, QTAgent32.exe, Playback - [WARNING] Internal warning: Smart Match failed
\0
W, 3240, 15, 2013/05/24, 08:41:07.240, 1097091340689, QTAgent32.exe, Playback - [WARNING] Internal warning: Smart Match failed
\0
W, 3240, 15, 2013/05/24, 08:41:07.435, 1097094133539, QTAgent32.exe, Playback - [WARNING] Internal warning: Smart Match failed
\0
W, 3240, 15, 2013/05/24, 08:41:07.630, 1097096917286, QTAgent32.exe, Playback - [WARNING] Internal warning: Smart Match failed
\0
W, 3240, 15, 2013/05/24, 08:41:07.824, 1097099696363, QTAgent32.exe, Playback - [WARNING] Internal warning: Smart Match failed
\0
W, 3240, 15, 2013/05/24, 08:41:08.018, 1097102481613, QTAgent32.exe, Playback - [WARNING] Internal warning: Smart Match failed
\0
W, 3240, 15, 2013/05/24, 08:41:08.212, 1097105264394, QTAgent32.exe, Playback - [WARNING] Internal warning: Smart Match failed
\0
W, 3240, 15, 2013/05/24, 08:41:08.417, 1097108198899, QTAgent32.exe, Playback - [WARNING] Internal warning: Smart Match failed
\0
W, 3240, 15, 2013/05/24, 08:41:08.610, 1097110952626, QTAgent32.exe, Playback - [WARNING] Internal warning: Smart Match failed
\0
W, 3240, 15, 2013/05/24, 08:41:08.801, 1097113698845, QTAgent32.exe, Playback - [WARNING] Internal warning: Smart Match failed
\0
W, 3240, 15, 2013/05/24, 08:41:08.995, 1097116459100, QTAgent32.exe, Playback - [WARNING] Internal warning: Smart Match failed
\0
W, 3240, 15, 2013/05/24, 08:41:09.190, 1097119260469, QTAgent32.exe, Playback - [WARNING] Internal warning: Smart Match failed
\0
W, 3240, 15, 2013/05/24, 08:41:09.382, 1097122006425, QTAgent32.exe, Playback - [WARNING] Internal warning: Smart Match failed
\0
W, 3240, 15, 2013/05/24, 08:41:09.573, 1097124744227, QTAgent32.exe, Playback - [WARNING] Internal warning: Smart Match failed
\0
W, 3240, 15, 2013/05/24, 08:41:09.656, 1097125928918, QTAgent32.exe, Playback - [WARNING] Internal warning: Window Not Found: [VisibleOnly]ControlType='Window' &amp;&amp; Name='Personal Lines' &amp;&amp; ClassName='#32770'
\0
E, 3240, 15, 2013/05/24, 08:41:09.656, 1097125930788, QTAgent32.exe, &lt;a class=failure&gt;Playback - {204} [FAILED] Function ElementFetcher::FindScreenElement failed to locate UI element (Searching: ;[VisibleOnly]ControlType='Window' &amp;&amp; Name='Personal Lines' &amp;&amp; ClassName='#32770') (The object specified was not found.)
\0&lt;/a&gt;
E, 3240, 15, 2013/05/24, 08:41:09.698, 1097126532791, QTAgent32.exe, Playback - [IMAGE] C:\Users\testuser\AppData\Local\Temp\UITestLogs\LastRun\RPF3218.png
\0
W, 3240, 15, 2013/05/24, 08:41:09.698, 1097126534511, QTAgent32.exe, Playback - [WARNING] Internal warning: Couldn't find descendants that match QueryId
\0
W, 3240, 15, 2013/05/24, 08:41:09.699, 1097126537121, QTAgent32.exe, PERF WARNING: FindTopLevelWindowHelper::FindAllDescendents: took 3106 ms. Expected it to take maximum 500 ms.
E, 3240, 15, 2013/05/24, 08:41:09.699, 1097126538769, QTAgent32.exe, Exception: System.Runtime.InteropServices.COMException
	Message: Error HRESULT E_FAIL has been returned from a call to a COM component.
	Stack Trace:    at Microsoft.VisualStudio.TestTools.UITest.Playback.Engine.IRPFPlayback.FindAllScreenElements(IScreenElement pScreenElementStart, String bstrQueryId, Object&amp; pvarResKeys, Int32 cResKeys, Int32 nMaxDepth, Object[]&amp; foundDescendants)
   at Microsoft.VisualStudio.TestTools.UITest.Playback.ScreenElement.FindTopLevelWindowHelper(String queryId)
	BaseExceptionMessage: Error HRESULT E_FAIL has been returned from a call to a COM component.

E, 3240, 15, 2013/05/24, 08:41:09.699, 1097126542236, QTAgent32.exe, GetClassName for handle 459806 failed
E, 3240, 15, 2013/05/24, 08:41:09.699, 1097126550794, QTAgent32.exe, Window 459806 not responding. Last Win32 error 1400
E, 3240, 15, 2013/05/24, 08:41:09.700, 1097126551988, QTAgent32.exe, GetClassName for handle 459806 failed
E, 3240, 15, 2013/05/24, 08:41:09.800, 1097127986872, QTAgent32.exe, AL: Playback Error: Microsoft.VisualStudio.TestTools.UITest.Extension.UITestControlNotAvailableException: The control is not available or not valid. Additional Details: 
TechnologyName:  'MSAA'
ControlType:  'Window'
 ---&gt; System.Runtime.InteropServices.COMException: Error HRESULT E_FAIL has been returned from a call to a COM component.
   at Microsoft.VisualStudio.TestTools.UITest.Playback.Engine.IRPFPlayback.FindAllScreenElements(IScreenElement pScreenElementStart, String bstrQueryId, Object&amp; pvarResKeys, Int32 cResKeys, Int32 nMaxDepth, Object[]&amp; foundDescendants)
   at Microsoft.VisualStudio.TestTools.UITest.Playback.ScreenElement.FindTopLevelWindowHelper(String queryId)
   at Microsoft.VisualStudio.TestTools.UITest.Playback.ScreenElement.FindFromPartialQueryId(String queryId)
   at Microsoft.VisualStudio.TestTools.UITesting.UITestControl.EnsureValid(Boolean waitForReady, Boolean refetch)
   --- End of inner exception stack trace ---
   at Microsoft.VisualStudio.TestTools.UITesting.UITestControl.EnsureValid(Boolean waitForReady, Boolean refetch)
   at Microsoft.VisualStudio.TestTools.UITesting.UITestControl.FindFirstDescendant(String queryId, Int32 maxDepth, Int32&amp; timeLeft)
   at Microsoft.VisualStudio.TestTools.UITesting.SearchHelper.GetElement(Boolean useCache, ISearchArgument searchArg)
   at Microsoft.VisualStudio.TestTools.UITesting.SearchHelper.Search(ISearchArgument searchArg)
   at Microsoft.VisualStudio.TestTools.UITesting.UITestControl.FindInternal()
   at Microsoft.VisualStudio.TestTools.UITesting.UITestControl.FindControlIfNecessary()
   at Microsoft.VisualStudio.TestTools.UITesting.UITestControl.Click(MouseButtons button, ModifierKeys modifierKeys, Point relativeCoordinates)
   at Microsoft.VisualStudio.TestTools.UITesting.Mouse.ClickImplementation(UITestControl control, MouseButtons button, ModifierKeys modifierKeys, Point relativeCoordinate)
   at Microsoft.VisualStudio.TestTools.UITesting.Mouse.ClickImplementationWrapper(UITestControl control, MouseButtons button, ModifierKeys modifierKeys, Point relativeCoordinate)
W, 3240, 15, 2013/05/24, 08:41:09.800, 1097127988343, QTAgent32.exe, PlaybackErrorHandler: Ignoring exception as ContinueOnError is set.
W, 3240, 15, 2013/05/24, 08:41:09.927, 1097129807289, QTAgent32.exe, &lt;a class=success&gt;Playback - {205} [SUCCESS] Check - "[MSAA, VisibleOnly]ControlType='CheckBox' &amp;&amp; Name='Defer Printing?'"
\0&lt;/a&gt;
W, 3240, 15, 2013/05/24, 08:41:10.999, 1097145162789, QTAgent32.exe, &lt;a class=success&gt;Playback - {206} [SUCCESS] MouseButtonClick - "[MSAA, VisibleOnly]ControlType='Button' &amp;&amp; Name='Ok'"
\0&lt;/a&gt;
W, 3240, 15, 2013/05/24, 08:41:11.099, 1097146598633, QTAgent32.exe, Playback - [WARNING] Internal warning: Thread state based WFR - Requested element has invalid HWND
\0
W, 3240, 15, 2013/05/24, 08:41:11.100, 1097146600051, QTAgent32.exe, Playback - [WARNING] Internal warning: process performance counters based WFR - Requested element has invalid HWND
\0
E, 3240, 15, 2013/05/24, 08:41:11.101, 1097146618644, QTAgent32.exe, EnsureValid called via EnsureValid call for same element
E, 3240, 15, 2013/05/24, 08:41:11.101, 1097146624043, QTAgent32.exe, EnsureValid called via EnsureValid call for same element
E, 3240, 15, 2013/05/24, 08:41:11.101, 1097146625314, QTAgent32.exe, EnsureValid called via EnsureValid call for same element
E, 3240, 15, 2013/05/24, 08:41:11.102, 1097146629957, QTAgent32.exe, Window 132414 not responding. Last Win32 error 1400
E, 3240, 15, 2013/05/24, 08:41:11.102, 1097146630798, QTAgent32.exe, GetClassName for handle 132414 failed
W, 3240, 15, 2013/05/24, 08:41:27.328, 1097378956668, QTAgent32.exe, PERF WARNING: FindTopLevelWindowHelper::FindAllDescendents: took 16225 ms. Expected it to take maximum 500 ms.
W, 3240, 15, 2013/05/24, 08:41:27.465, 1097380923991, QTAgent32.exe, &lt;a class=success&gt;Playback - {207} [SUCCESS] Uncheck - "[MSAA, VisibleOnly]ControlType='CheckBox' &amp;&amp; Name='Add Activity'"
\0&lt;/a&gt;
W, 3240, 15, 2013/05/24, 08:41:28.188, 1097391280299, QTAgent32.exe, &lt;a class=success&gt;Playback - {208} [SUCCESS] MouseButtonClick - "[MSAA, VisibleOnly]ControlType='Button' &amp;&amp; Name='Ok'"
\0&lt;/a&gt;
W, 3240, 15, 2013/05/24, 08:41:30.515, 1097424588216, QTAgent32.exe, &lt;a class=success&gt;Playback - {209} [SUCCESS] MouseButtonClick - "[MSAA, VisibleOnly]ControlType='Button' &amp;&amp; Name='OK'"
\0&lt;/a&gt;
W, 3240, 15, 2013/05/24, 08:41:30.865, 1097429604793, QTAgent32.exe, Playback - [WARNING] Internal warning: Window Not Found: [VisibleOnly]ControlType='Window' &amp;&amp; Name='AUTO221-1001' &amp;&amp; ClassName='ThunderRT6FormDC'
\0
E, 3240, 15, 2013/05/24, 08:41:30.865, 1097429607163, QTAgent32.exe, &lt;a class=failure&gt;Playback - {210} [FAILED] Function ElementFetcher::FindScreenElement failed to locate UI element (Searching: ;[VisibleOnly]ControlType='Window' &amp;&amp; Name='AUTO221-1001' &amp;&amp; ClassName='ThunderRT6FormDC') (The object specified was not found.)
\0&lt;/a&gt;
E, 3240, 15, 2013/05/24, 08:41:30.908, 1097430219302, QTAgent32.exe, Playback - [IMAGE] C:\Users\testuser\AppData\Local\Temp\UITestLogs\LastRun\RPF84EA.png
\0
W, 3240, 15, 2013/05/24, 08:41:30.908, 1097430220881, QTAgent32.exe, Playback - [WARNING] Internal warning: Couldn't find descendants that match QueryId
\0
W, 3240, 15, 2013/05/24, 08:41:49.009, 1097689394659, QTAgent32.exe, Playback - [WARNING] Internal warning: Window Not Found: [VisibleOnly]ControlType='Window' &amp;&amp; Name='AUTO221-1001' &amp;&amp; ClassName='ThunderRT6FormDC'
\0
E, 3240, 15, 2013/05/24, 08:41:49.009, 1097689396878, QTAgent32.exe, &lt;a class=failure&gt;Playback - {211} [FAILED] Function ElementFetcher::FindScreenElement failed to locate UI element (Searching: ;[VisibleOnly]ControlType='Window' &amp;&amp; Name='AUTO221-1001' &amp;&amp; ClassName='ThunderRT6FormDC') (The object specified was not found.)
\0&lt;/a&gt;
E, 3240, 15, 2013/05/24, 08:41:49.052, 1097690007866, QTAgent32.exe, Playback - [IMAGE] C:\Users\testuser\AppData\Local\Temp\UITestLogs\LastRun\RPFCBCA.png
\0
W, 3240, 15, 2013/05/24, 08:41:49.052, 1097690009345, QTAgent32.exe, Playback - [WARNING] Internal warning: Couldn't find descendants that match QueryId
\0
W, 3240, 15, 2013/05/24, 08:41:49.052, 1097690011763, QTAgent32.exe, PERF WARNING: FindTopLevelWindowHelper::FindAllDescendents: took 18143 ms. Expected it to take maximum 500 ms.
W, 3240, 15, 2013/05/24, 08:41:49.594, 1097697775611, QTAgent32.exe, Playback - [WARNING] Internal warning: Window with Class "ThunderRT6FormDC" and Title "AUTO221-1001" was not found, so similar window with Class "ThunderRT6FormDC" and Title "AUTO145-1001" was accepted
\0
W, 3240, 15, 2013/05/24, 08:41:49.595, 1097697778870, QTAgent32.exe, PERF WARNING: FindTopLevelWindowHelper::FindAllDescendents: took 542 ms. Expected it to take maximum 500 ms.
W, 3240, 15, 2013/05/24, 08:41:50.316, 1097708105638, QTAgent32.exe, &lt;a class=success&gt;Playback - {212} [SUCCESS] MouseButtonClick - "[MSAA, VisibleOnly]ControlType='Button' &amp;&amp; Name='Renew Policy'"
\0&lt;/a&gt;
W, 3240, 15, 2013/05/24, 08:41:50.558, 1097711574473, QTAgent32.exe, &lt;a class=success&gt;Playback - {213} [SUCCESS] Check - "[MSAA, VisibleOnly]ControlType='RadioButton' &amp;&amp; Name='Alternative'"
\0&lt;/a&gt;
W, 3240, 15, 2013/05/24, 08:41:50.920, 1097716762051, QTAgent32.exe, &lt;a class=success&gt;Playback - {214} [SUCCESS] MouseButtonClick - "[MSAA, VisibleOnly]ControlType='Button' &amp;&amp; Name='OK'"
\0&lt;/a&gt;
W, 3240, 15, 2013/05/24, 08:41:51.150, 1097720051706, QTAgent32.exe, &lt;a class=success&gt;Playback - {215} [SUCCESS] MouseButtonClick - "[MSAA, VisibleOnly]ControlType='Button' &amp;&amp; Name='OK'"
\0&lt;/a&gt;
W, 3240, 15, 2013/05/24, 08:41:52.654, 1097741582407, QTAgent32.exe, PERF WARNING: FindTopLevelWindowHelper::FindAllDescendents: took 1403 ms. Expected it to take maximum 500 ms.
W, 3240, 15, 2013/05/24, 08:41:52.782, 1097743411851, QTAgent32.exe, &lt;a class=success&gt;Playback - {216} [SUCCESS] MouseButtonClick - "[MSAA, VisibleOnly]ControlType='Client'"
\0&lt;/a&gt;
W, 3240, 15, 2013/05/24, 08:41:52.958, 1097745929213, QTAgent32.exe, &lt;a class=success&gt;Playback - {217} [SUCCESS] SendKeys "{Home}" - "[MSAA, VisibleOnly]ControlType='Client'"
\0&lt;/a&gt;
W, 3240, 15, 2013/05/24, 08:41:53.201, 1097749408693, QTAgent32.exe, &lt;a class=success&gt;Playback - {218} [SUCCESS] MouseButtonClick - "[MSAA, VisibleOnly]ControlType='Button' &amp;&amp; Name='Accept'"
\0&lt;/a&gt;
W, 3240, 15, 2013/05/24, 08:41:55.434, 1097781385339, QTAgent32.exe, &lt;a class=success&gt;Playback - {219} [SUCCESS] MouseButtonClick - "[MSAA, VisibleOnly]ControlType='Button' &amp;&amp; Name='Yes'"
\0&lt;/a&gt;
W, 3240, 15, 2013/05/24, 08:41:57.492, 1097810853825, QTAgent32.exe, Playback - [WARNING] Internal warning: Window Not Found: [VisibleOnly]ControlType='Window' &amp;&amp; Name='Save the file as' &amp;&amp; ClassName='#32770'
\0
E, 3240, 15, 2013/05/24, 08:41:57.492, 1097810855970, QTAgent32.exe, &lt;a class=failure&gt;Playback - {220} [FAILED] Function ElementFetcher::FindScreenElement failed to locate UI element (Searching: ;[VisibleOnly]ControlType='Window' &amp;&amp; Name='Save the file as' &amp;&amp; ClassName='#32770') (The object specified was not found.)
\0&lt;/a&gt;
E, 3240, 15, 2013/05/24, 08:41:57.542, 1097811571836, QTAgent32.exe, Playback - [IMAGE] C:\Users\testuser\AppData\Local\Temp\UITestLogs\LastRun\RPFECF1.png
\0
W, 3240, 15, 2013/05/24, 08:41:57.542, 1097811573419, QTAgent32.exe, Playback - [WARNING] Internal warning: Couldn't find descendants that match QueryId
\0
W, 3240, 15, 2013/05/24, 08:41:57.542, 1097811575798, QTAgent32.exe, PERF WARNING: FindTopLevelWindowHelper::FindAllDescendents: took 2008 ms. Expected it to take maximum 500 ms.
W, 3240, 15, 2013/05/24, 08:42:15.586, 1098069934401, QTAgent32.exe, Playback - [WARNING] Internal warning: Window Not Found: [VisibleOnly]ControlType='Window' &amp;&amp; Name='Save the file as' &amp;&amp; ClassName='#32770'
\0
E, 3240, 15, 2013/05/24, 08:42:15.586, 1098069936652, QTAgent32.exe, &lt;a class=failure&gt;Playback - {221} [FAILED] Function ElementFetcher::FindScreenElement failed to locate UI element (Searching: ;[VisibleOnly]ControlType='Window' &amp;&amp; Name='Save the file as' &amp;&amp; ClassName='#32770') (The object specified was not found.)
\0&lt;/a&gt;
E, 3240, 15, 2013/05/24, 08:42:15.629, 1098070542148, QTAgent32.exe, Playback - [IMAGE] C:\Users\testuser\AppData\Local\Temp\UITestLogs\LastRun\RPF33A2.png
\0
W, 3240, 15, 2013/05/24, 08:42:15.629, 1098070543656, QTAgent32.exe, Playback - [WARNING] Internal warning: Couldn't find descendants that match QueryId
\0
W, 3240, 15, 2013/05/24, 08:42:15.629, 1098070546147, QTAgent32.exe, PERF WARNING: FindTopLevelWindowHelper::FindAllDescendents: took 18086 ms. Expected it to take maximum 500 ms.
W, 3240, 15, 2013/05/24, 08:42:16.087, 1098077093723, QTAgent32.exe, Playback - [WARNING] Internal warning: Smart Match failed
\0
W, 3240, 15, 2013/05/24, 08:42:16.282, 1098079897323, QTAgent32.exe, Playback - [WARNING] Internal warning: Smart Match failed
\0
W, 3240, 15, 2013/05/24, 08:42:16.477, 1098082684364, QTAgent32.exe, Playback - [WARNING] Internal warning: Smart Match failed
\0
W, 3240, 15, 2013/05/24, 08:42:16.669, 1098085431617, QTAgent32.exe, Playback - [WARNING] Internal warning: Smart Match failed
\0
W, 3240, 15, 2013/05/24, 08:42:16.861, 1098088180972, QTAgent32.exe, Playback - [WARNING] Internal warning: Smart Match failed
\0
W, 3240, 15, 2013/05/24, 08:42:17.059, 1098091016870, QTAgent32.exe, Playback - [WARNING] Internal warning: Smart Match failed
\0
W, 3240, 15, 2013/05/24, 08:42:17.251, 1098093771918, QTAgent32.exe, Playback - [WARNING] Internal warning: Smart Match failed
\0
W, 3240, 15, 2013/05/24, 08:42:17.442, 1098096508047, QTAgent32.exe, Playback - [WARNING] Internal warning: Smart Match failed
\0
W, 3240, 15, 2013/05/24, 08:42:17.634, 1098099251270, QTAgent32.exe, Playback - [WARNING] Internal warning: Smart Match failed
\0
W, 3240, 15, 2013/05/24, 08:42:17.826, 1098101999157, QTAgent32.exe, Playback - [WARNING] Internal warning: Smart Match failed
\0
W, 3240, 15, 2013/05/24, 08:42:18.021, 1098104796747, QTAgent32.exe, Playback - [WARNING] Internal warning: Smart Match failed
\0
W, 3240, 15, 2013/05/24, 08:42:18.214, 1098107557697, QTAgent32.exe, Playback - [WARNING] Internal warning: Smart Match failed
\0
W, 3240, 15, 2013/05/24, 08:42:18.408, 1098110335642, QTAgent32.exe, Playback - [WARNING] Internal warning: Smart Match failed
\0
W, 3240, 15, 2013/05/24, 08:42:18.600, 1098113081349, QTAgent32.exe, Playback - [WARNING] Internal warning: Smart Match failed
\0
W, 3240, 15, 2013/05/24, 08:42:18.683, 1098114275707, QTAgent32.exe, Playback - [WARNING] Internal warning: Window Not Found: [VisibleOnly]ControlType='Window' &amp;&amp; Name='Save the file as' &amp;&amp; ClassName='#32770'
\0
E, 3240, 15, 2013/05/24, 08:42:18.683, 1098114277440, QTAgent32.exe, &lt;a class=failure&gt;Playback - {222} [FAILED] Function ElementFetcher::FindScreenElement failed to locate UI element (Searching: ;[VisibleOnly]ControlType='Window' &amp;&amp; Name='Save the file as' &amp;&amp; ClassName='#32770') (The object specified was not found.)
\0&lt;/a&gt;
E, 3240, 15, 2013/05/24, 08:42:18.726, 1098114884161, QTAgent32.exe, Playback - [IMAGE] C:\Users\testuser\AppData\Local\Temp\UITestLogs\LastRun\RPF3FC4.png
\0
W, 3240, 15, 2013/05/24, 08:42:18.726, 1098114885753, QTAgent32.exe, Playback - [WARNING] Internal warning: Couldn't find descendants that match QueryId
\0
W, 3240, 15, 2013/05/24, 08:42:18.726, 1098114888240, QTAgent32.exe, PERF WARNING: FindTopLevelWindowHelper::FindAllDescendents: took 3096 ms. Expected it to take maximum 500 ms.
E, 3240, 15, 2013/05/24, 08:42:18.726, 1098114890052, QTAgent32.exe, Exception: System.Runtime.InteropServices.COMException
	Message: Error HRESULT E_FAIL has been returned from a call to a COM component.
	Stack Trace:    at Microsoft.VisualStudio.TestTools.UITest.Playback.Engine.IRPFPlayback.FindAllScreenElements(IScreenElement pScreenElementStart, String bstrQueryId, Object&amp; pvarResKeys, Int32 cResKeys, Int32 nMaxDepth, Object[]&amp; foundDescendants)
   at Microsoft.VisualStudio.TestTools.UITest.Playback.ScreenElement.FindTopLevelWindowHelper(String queryId)
	BaseExceptionMessage: Error HRESULT E_FAIL has been returned from a call to a COM component.

E, 3240, 15, 2013/05/24, 08:42:18.826, 1098116326941, QTAgent32.exe, AL: Playback Error: Microsoft.VisualStudio.TestTools.UITest.Extension.UITestControlNotFoundException: The playback failed to find the control with the given search properties. Additional Details: 
TechnologyName:  'MSAA'
ControlType:  'Window'
Name:  'Save the file as'
ClassName:  '#32770'
 ---&gt; System.Runtime.InteropServices.COMException: Error HRESULT E_FAIL has been returned from a call to a COM component.
   at Microsoft.VisualStudio.TestTools.UITest.Playback.Engine.IRPFPlayback.FindAllScreenElements(IScreenElement pScreenElementStart, String bstrQueryId, Object&amp; pvarResKeys, Int32 cResKeys, Int32 nMaxDepth, Object[]&amp; foundDescendants)
   at Microsoft.VisualStudio.TestTools.UITest.Playback.ScreenElement.FindTopLevelWindowHelper(String queryId)
   at Microsoft.VisualStudio.TestTools.UITest.Playback.ScreenElement.FindFromPartialQueryId(String queryId)
   at Microsoft.VisualStudio.TestTools.UITesting.UITestControl..ctor(String queryId)
   --- End of inner exception stack trace ---
   at Microsoft.VisualStudio.TestTools.UITesting.Playback.MapControlNotFoundException(COMException ex, IPlaybackContext context)
   at Microsoft.VisualStudio.TestTools.UITesting.Playback.MapAndThrowComException(COMException innerException, IPlaybackContext context)
   at Microsoft.VisualStudio.TestTools.UITesting.Playback.MapAndThrowException(SystemException exception, IPlaybackContext context)
   at Microsoft.VisualStudio.TestTools.UITesting.Playback.MapAndThrowException(SystemException exception, String queryId)
   at Microsoft.VisualStudio.TestTools.UITesting.UITestControl..ctor(String queryId)
   at Microsoft.VisualStudio.TestTools.UITesting.SearchHelper.SearchTopLevelWindow(ISearchArgument topLevelSearchArg, String topLevelElementQueryId)
   at Microsoft.VisualStudio.TestTools.UITesting.SearchHelper.GetTitleUpdatedTopLevelWindow(ISearchArgument topLevelSearchArg, String queryId, IList`1 windowTitles)
   at Microsoft.VisualStudio.TestTools.UITesting.SearchHelper.GetTopLevelElement(Boolean useCache, Boolean useCacheOnly, ISearchArgument searchArg, IList`1 windowTitles, Int32&amp; timeLeft)
   at Microsoft.VisualStudio.TestTools.UITesting.SearchHelper.GetElement(Boolean useCache, ISearchArgument searchArg)
   at Microsoft.VisualStudio.TestTools.UITesting.SearchHelper.Search(ISearchArgument searchArg)
   at Microsoft.VisualStudio.TestTools.UITesting.UITestControl.FindInternal()
   at Microsoft.VisualStudio.TestTools.UITesting.UITestControl.FindControlIfNecessary()
   at Microsoft.VisualStudio.TestTools.UITesting.UITestControl.Click(MouseButtons button, ModifierKeys modifierKeys, Point relativeCoordinates)
   at Microsoft.VisualStudio.TestTools.UITesting.Mouse.ClickImplementation(UITestControl control, MouseButtons button, ModifierKeys modifierKeys, Point relativeCoordinate)
   at Microsoft.VisualStudio.TestTools.UITesting.Mouse.ClickImplementationWrapper(UITestControl control, MouseButtons button, ModifierKeys modifierKeys, Point relativeCoordinate)
W, 3240, 15, 2013/05/24, 08:42:18.827, 1098116329041, QTAgent32.exe, PlaybackErrorHandler: Ignoring exception as ContinueOnError is set.
E, 3240, 15, 2013/05/24, 08:42:18.827, 1098116331544, QTAgent32.exe, GetClassName for handle 197980 failed
W, 3240, 15, 2013/05/24, 08:42:19.032, 1098119264617, QTAgent32.exe, &lt;a class=success&gt;Playback - {223} [SUCCESS] MouseButtonClick - "[MSAA, VisibleOnly]ControlType='Button' &amp;&amp; Name='Ok'"
\0&lt;/a&gt;
W, 3240, 15, 2013/05/24, 08:42:27.279, 1098237348226, QTAgent32.exe, Playback - [WARNING] Internal warning: Window Not Found: [VisibleOnly]ControlType='Window' &amp;&amp; Name='Save the file as' &amp;&amp; ClassName='#32770'
\0
E, 3240, 15, 2013/05/24, 08:42:27.279, 1098237351031, QTAgent32.exe, &lt;a class=failure&gt;Playback - {224} [FAILED] Function ElementFetcher::FindScreenElement failed to locate UI element (Searching: ;[VisibleOnly]ControlType='Window' &amp;&amp; Name='Save the file as' &amp;&amp; ClassName='#32770') (The object specified was not found.)
\0&lt;/a&gt;
E, 3240, 15, 2013/05/24, 08:42:27.344, 1098238277627, QTAgent32.exe, Playback - [IMAGE] C:\Users\testuser\AppData\Local\Temp\UITestLogs\LastRun\RPF6158.png
\0
W, 3240, 15, 2013/05/24, 08:42:27.344, 1098238279136, QTAgent32.exe, Playback - [WARNING] Internal warning: Couldn't find descendants that match QueryId
\0
W, 3240, 15, 2013/05/24, 08:42:27.344, 1098238281562, QTAgent32.exe, PERF WARNING: FindTopLevelWindowHelper::FindAllDescendents: took 8212 ms. Expected it to take maximum 500 ms.
W, 3240, 15, 2013/05/24, 08:42:45.434, 1098497302517, QTAgent32.exe, Playback - [WARNING] Internal warning: Window Not Found: [VisibleOnly]ControlType='Window' &amp;&amp; Name='Save the file as' &amp;&amp; ClassName='#32770'
\0
E, 3240, 15, 2013/05/24, 08:42:45.435, 1098497304948, QTAgent32.exe, &lt;a class=failure&gt;Playback - {225} [FAILED] Function ElementFetcher::FindScreenElement failed to locate UI element (Searching: ;[VisibleOnly]ControlType='Window' &amp;&amp; Name='Save the file as' &amp;&amp; ClassName='#32770') (The object specified was not found.)
\0&lt;/a&gt;
E, 3240, 15, 2013/05/24, 08:42:45.477, 1098497917026, QTAgent32.exe, Playback - [IMAGE] C:\Users\testuser\AppData\Local\Temp\UITestLogs\LastRun\RPFA838.png
\0
W, 3240, 15, 2013/05/24, 08:42:45.477, 1098497918586, QTAgent32.exe, Playback - [WARNING] Internal warning: Couldn't find descendants that match QueryId
\0
W, 3240, 15, 2013/05/24, 08:42:45.478, 1098497921279, QTAgent32.exe, PERF WARNING: FindTopLevelWindowHelper::FindAllDescendents: took 18133 ms. Expected it to take maximum 500 ms.
W, 3240, 15, 2013/05/24, 08:42:45.933, 1098504444928, QTAgent32.exe, Playback - [WARNING] Internal warning: Smart Match failed
\0
W, 3240, 15, 2013/05/24, 08:42:46.123, 1098507161797, QTAgent32.exe, Playback - [WARNING] Internal warning: Smart Match failed
\0
W, 3240, 15, 2013/05/24, 08:42:46.313, 1098509888064, QTAgent32.exe, Playback - [WARNING] Internal warning: Smart Match failed
\0
W, 3240, 15, 2013/05/24, 08:42:46.504, 1098512614565, QTAgent32.exe, Playback - [WARNING] Internal warning: Smart Match failed
\0
W, 3240, 15, 2013/05/24, 08:42:46.695, 1098515359398, QTAgent32.exe, Playback - [WARNING] Internal warning: Smart Match failed
\0
W, 3240, 15, 2013/05/24, 08:42:46.887, 1098518098240, QTAgent32.exe, Playback - [WARNING] Internal warning: Smart Match failed
\0
W, 3240, 15, 2013/05/24, 08:42:47.079, 1098520854727, QTAgent32.exe, Playback - [WARNING] Internal warning: Smart Match failed
\0
W, 3240, 15, 2013/05/24, 08:42:47.273, 1098523634835, QTAgent32.exe, Playback - [WARNING] Internal warning: Smart Match failed
\0
W, 3240, 15, 2013/05/24, 08:42:47.465, 1098526375094, QTAgent32.exe, Playback - [WARNING] Internal warning: Smart Match failed
\0
W, 3240, 15, 2013/05/24, 08:42:47.656, 1098529110212, QTAgent32.exe, Playback - [WARNING] Internal warning: Smart Match failed
\0
W, 3240, 15, 2013/05/24, 08:42:47.847, 1098531850928, QTAgent32.exe, Playback - [WARNING] Internal warning: Smart Match failed
\0
W, 3240, 15, 2013/05/24, 08:42:48.041, 1098534620447, QTAgent32.exe, Playback - [WARNING] Internal warning: Smart Match failed
\0
W, 3240, 15, 2013/05/24, 08:42:48.231, 1098537349057, QTAgent32.exe, Playback - [WARNING] Internal warning: Smart Match failed
\0
W, 3240, 15, 2013/05/24, 08:42:48.423, 1098540086681, QTAgent32.exe, Playback - [WARNING] Internal warning: Smart Match failed
\0
W, 3240, 15, 2013/05/24, 08:42:48.506, 1098541280010, QTAgent32.exe, Playback - [WARNING] Internal warning: Window Not Found: [VisibleOnly]ControlType='Window' &amp;&amp; Name='Save the file as' &amp;&amp; ClassName='#32770'
\0
E, 3240, 15, 2013/05/24, 08:42:48.506, 1098541282015, QTAgent32.exe, &lt;a class=failure&gt;Playback - {226} [FAILED] Function ElementFetcher::FindScreenElement failed to locate UI element (Searching: ;[VisibleOnly]ControlType='Window' &amp;&amp; Name='Save the file as' &amp;&amp; ClassName='#32770') (The object specified was not found.)
\0&lt;/a&gt;
E, 3240, 15, 2013/05/24, 08:42:48.548, 1098541886609, QTAgent32.exe, Playback - [IMAGE] C:\Users\testuser\AppData\Local\Temp\UITestLogs\LastRun\RPFB43B.png
\0
W, 3240, 15, 2013/05/24, 08:42:48.548, 1098541888154, QTAgent32.exe, Playback - [WARNING] Internal warning: Couldn't find descendants that match QueryId
\0
W, 3240, 15, 2013/05/24, 08:42:48.549, 1098541890831, QTAgent32.exe, PERF WARNING: FindTopLevelWindowHelper::FindAllDescendents: took 3070 ms. Expected it to take maximum 500 ms.
E, 3240, 15, 2013/05/24, 08:42:48.549, 1098541892447, QTAgent32.exe, Exception: System.Runtime.InteropServices.COMException
	Message: Error HRESULT E_FAIL has been returned from a call to a COM component.
	Stack Trace:    at Microsoft.VisualStudio.TestTools.UITest.Playback.Engine.IRPFPlayback.FindAllScreenElements(IScreenElement pScreenElementStart, String bstrQueryId, Object&amp; pvarResKeys, Int32 cResKeys, Int32 nMaxDepth, Object[]&amp; foundDescendants)
   at Microsoft.VisualStudio.TestTools.UITest.Playback.ScreenElement.FindTopLevelWindowHelper(String queryId)
	BaseExceptionMessage: Error HRESULT E_FAIL has been returned from a call to a COM component.

E, 3240, 15, 2013/05/24, 08:42:48.649, 1098543325838, QTAgent32.exe, AL: Playback Error: Microsoft.VisualStudio.TestTools.UITest.Extension.UITestControlNotFoundException: The playback failed to find the control with the given search properties. Additional Details: 
TechnologyName:  'MSAA'
ControlType:  'Window'
Name:  'Save the file as'
ClassName:  '#32770'
 ---&gt; System.Runtime.InteropServices.COMException: Error HRESULT E_FAIL has been returned from a call to a COM component.
   at Microsoft.VisualStudio.TestTools.UITest.Playback.Engine.IRPFPlayback.FindAllScreenElements(IScreenElement pScreenElementStart, String bstrQueryId, Object&amp; pvarResKeys, Int32 cResKeys, Int32 nMaxDepth, Object[]&amp; foundDescendants)
   at Microsoft.VisualStudio.TestTools.UITest.Playback.ScreenElement.FindTopLevelWindowHelper(String queryId)
   at Microsoft.VisualStudio.TestTools.UITest.Playback.ScreenElement.FindFromPartialQueryId(String queryId)
   at Microsoft.VisualStudio.TestTools.UITesting.UITestControl..ctor(String queryId)
   --- End of inner exception stack trace ---
   at Microsoft.VisualStudio.TestTools.UITesting.Playback.MapControlNotFoundException(COMException ex, IPlaybackContext context)
   at Microsoft.VisualStudio.TestTools.UITesting.Playback.MapAndThrowComException(COMException innerException, IPlaybackContext context)
   at Microsoft.VisualStudio.TestTools.UITesting.Playback.MapAndThrowException(SystemException exception, IPlaybackContext context)
   at Microsoft.VisualStudio.TestTools.UITesting.Playback.MapAndThrowException(SystemException exception, String queryId)
   at Microsoft.VisualStudio.TestTools.UITesting.UITestControl..ctor(String queryId)
   at Microsoft.VisualStudio.TestTools.UITesting.SearchHelper.SearchTopLevelWindow(ISearchArgument topLevelSearchArg, String topLevelElementQueryId)
   at Microsoft.VisualStudio.TestTools.UITesting.SearchHelper.GetTitleUpdatedTopLevelWindow(ISearchArgument topLevelSearchArg, String queryId, IList`1 windowTitles)
   at Microsoft.VisualStudio.TestTools.UITesting.SearchHelper.GetTopLevelElement(Boolean useCache, Boolean useCacheOnly, ISearchArgument searchArg, IList`1 windowTitles, Int32&amp; timeLeft)
   at Microsoft.VisualStudio.TestTools.UITesting.SearchHelper.GetElement(Boolean useCache, ISearchArgument searchArg)
   at Microsoft.VisualStudio.TestTools.UITesting.SearchHelper.Search(ISearchArgument searchArg)
   at Microsoft.VisualStudio.TestTools.UITesting.UITestControl.FindInternal()
   at Microsoft.VisualStudio.TestTools.UITesting.UITestControl.FindControlIfNecessary()
   at Microsoft.VisualStudio.TestTools.UITesting.UITestControl.Click(MouseButtons button, ModifierKeys modifierKeys, Point relativeCoordinates)
   at Microsoft.VisualStudio.TestTools.UITesting.Mouse.ClickImplementation(UITestControl control, MouseButtons button, ModifierKeys modifierKeys, Point relativeCoordinate)
   at Microsoft.VisualStudio.TestTools.UITesting.Mouse.ClickImplementationWrapper(UITestControl control, MouseButtons button, ModifierKeys modifierKeys, Point relativeCoordinate)
W, 3240, 15, 2013/05/24, 08:42:48.649, 1098543327126, QTAgent32.exe, PlaybackErrorHandler: Ignoring exception as ContinueOnError is set.
W, 3240, 15, 2013/05/24, 08:42:50.774, 1098573761071, QTAgent32.exe, &lt;a class=success&gt;Playback - {227} [SUCCESS] MouseButtonClick - "[MSAA, VisibleOnly]ControlType='Button' &amp;&amp; Name='OK'"
\0&lt;/a&gt;
W, 3240, 15, 2013/05/24, 08:42:54.446, 1098626336816, QTAgent32.exe, Playback - [WARNING] Internal warning: Window Not Found: [VisibleOnly]ControlType='Window' &amp;&amp; Name='Save the file as' &amp;&amp; ClassName='#32770'
\0
E, 3240, 15, 2013/05/24, 08:42:54.446, 1098626338750, QTAgent32.exe, &lt;a class=failure&gt;Playback - {228} [FAILED] Function ElementFetcher::FindScreenElement failed to locate UI element (Searching: ;[VisibleOnly]ControlType='Window' &amp;&amp; Name='Save the file as' &amp;&amp; ClassName='#32770') (The object specified was not found.)
\0&lt;/a&gt;
E, 3240, 15, 2013/05/24, 08:42:54.488, 1098626941004, QTAgent32.exe, Playback - [IMAGE] C:\Users\testuser\AppData\Local\Temp\UITestLogs\LastRun\RPFCB73.png
\0
W, 3240, 15, 2013/05/24, 08:42:54.488, 1098626942479, QTAgent32.exe, Playback - [WARNING] Internal warning: Couldn't find descendants that match QueryId
\0
W, 3240, 15, 2013/05/24, 08:42:54.489, 1098626945102, QTAgent32.exe, PERF WARNING: FindTopLevelWindowHelper::FindAllDescendents: took 3606 ms. Expected it to take maximum 500 ms.
W, 3240, 15, 2013/05/24, 08:43:12.569, 1098885818744, QTAgent32.exe, Playback - [WARNING] Internal warning: Window Not Found: [VisibleOnly]ControlType='Window' &amp;&amp; Name='Save the file as' &amp;&amp; ClassName='#32770'
\0
E, 3240, 15, 2013/05/24, 08:43:12.569, 1098885821297, QTAgent32.exe, &lt;a class=failure&gt;Playback - {229} [FAILED] Function ElementFetcher::FindScreenElement failed to locate UI element (Searching: ;[VisibleOnly]ControlType='Window' &amp;&amp; Name='Save the file as' &amp;&amp; ClassName='#32770') (The object specified was not found.)
\0&lt;/a&gt;
E, 3240, 15, 2013/05/24, 08:43:12.612, 1098886435930, QTAgent32.exe, Playback - [IMAGE] C:\Users\testuser\AppData\Local\Temp\UITestLogs\LastRun\RPF1244.png
\0
W, 3240, 15, 2013/05/24, 08:43:12.612, 1098886437692, QTAgent32.exe, Playback - [WARNING] Internal warning: Couldn't find descendants that match QueryId
\0
W, 3240, 15, 2013/05/24, 08:43:12.612, 1098886440304, QTAgent32.exe, PERF WARNING: FindTopLevelWindowHelper::FindAllDescendents: took 18123 ms. Expected it to take maximum 500 ms.
W, 3240, 15, 2013/05/24, 08:43:13.065, 1098892920997, QTAgent32.exe, Playback - [WARNING] Internal warning: Smart Match failed
\0
W, 3240, 15, 2013/05/24, 08:43:13.260, 1098895710954, QTAgent32.exe, Playback - [WARNING] Internal warning: Smart Match failed
\0
W, 3240, 15, 2013/05/24, 08:43:13.455, 1098898514050, QTAgent32.exe, Playback - [WARNING] Internal warning: Smart Match failed
\0
W, 3240, 15, 2013/05/24, 08:43:13.647, 1098901261349, QTAgent32.exe, Playback - [WARNING] Internal warning: Smart Match failed
\0
W, 3240, 15, 2013/05/24, 08:43:13.841, 1098904032307, QTAgent32.exe, Playback - [WARNING] Internal warning: Smart Match failed
\0
W, 3240, 15, 2013/05/24, 08:43:14.032, 1098906775859, QTAgent32.exe, Playback - [WARNING] Internal warning: Smart Match failed
\0
W, 3240, 15, 2013/05/24, 08:43:14.223, 1098909499860, QTAgent32.exe, Playback - [WARNING] Internal warning: Smart Match failed
\0
W, 3240, 15, 2013/05/24, 08:43:14.415, 1098912249369, QTAgent32.exe, Playback - [WARNING] Internal warning: Smart Match failed
\0
W, 3240, 15, 2013/05/24, 08:43:14.609, 1098915032680, QTAgent32.exe, Playback - [WARNING] Internal warning: Smart Match failed
\0
W, 3240, 15, 2013/05/24, 08:43:14.800, 1098917773872, QTAgent32.exe, Playback - [WARNING] Internal warning: Smart Match failed
\0
W, 3240, 15, 2013/05/24, 08:43:14.993, 1098920520612, QTAgent32.exe, Playback - [WARNING] Internal warning: Smart Match failed
\0
W, 3240, 15, 2013/05/24, 08:43:15.184, 1098923267468, QTAgent32.exe, Playback - [WARNING] Internal warning: Smart Match failed
\0
W, 3240, 15, 2013/05/24, 08:43:15.381, 1098926086057, QTAgent32.exe, Playback - [WARNING] Internal warning: Smart Match failed
\0
W, 3240, 15, 2013/05/24, 08:43:15.570, 1098928794366, QTAgent32.exe, Playback - [WARNING] Internal warning: Smart Match failed
\0
W, 3240, 15, 2013/05/24, 08:43:15.654, 1098929997556, QTAgent32.exe, Playback - [WARNING] Internal warning: Window Not Found: [VisibleOnly]ControlType='Window' &amp;&amp; Name='Save the file as' &amp;&amp; ClassName='#32770'
\0
E, 3240, 15, 2013/05/24, 08:43:15.655, 1098929999378, QTAgent32.exe, &lt;a class=failure&gt;Playback - {230} [FAILED] Function ElementFetcher::FindScreenElement failed to locate UI element (Searching: ;[VisibleOnly]ControlType='Window' &amp;&amp; Name='Save the file as' &amp;&amp; ClassName='#32770') (The object specified was not found.)
\0&lt;/a&gt;
E, 3240, 15, 2013/05/24, 08:43:15.697, 1098930601250, QTAgent32.exe, Playback - [IMAGE] C:\Users\testuser\AppData\Local\Temp\UITestLogs\LastRun\RPF1E46.png
\0
W, 3240, 15, 2013/05/24, 08:43:15.697, 1098930602808, QTAgent32.exe, Playback - [WARNING] Internal warning: Couldn't find descendants that match QueryId
\0
W, 3240, 15, 2013/05/24, 08:43:15.697, 1098930605191, QTAgent32.exe, PERF WARNING: FindTopLevelWindowHelper::FindAllDescendents: took 3084 ms. Expected it to take maximum 500 ms.
E, 3240, 15, 2013/05/24, 08:43:15.697, 1098930607041, QTAgent32.exe, Exception: System.Runtime.InteropServices.COMException
	Message: Error HRESULT E_FAIL has been returned from a call to a COM component.
	Stack Trace:    at Microsoft.VisualStudio.TestTools.UITest.Playback.Engine.IRPFPlayback.FindAllScreenElements(IScreenElement pScreenElementStart, String bstrQueryId, Object&amp; pvarResKeys, Int32 cResKeys, Int32 nMaxDepth, Object[]&amp; foundDescendants)
   at Microsoft.VisualStudio.TestTools.UITest.Playback.ScreenElement.FindTopLevelWindowHelper(String queryId)
	BaseExceptionMessage: Error HRESULT E_FAIL has been returned from a call to a COM component.

E, 3240, 15, 2013/05/24, 08:43:15.797, 1098932041642, QTAgent32.exe, AL: Playback Error: Microsoft.VisualStudio.TestTools.UITest.Extension.UITestControlNotFoundException: The playback failed to find the control with the given search properties. Additional Details: 
TechnologyName:  'MSAA'
ControlType:  'Window'
Name:  'Save the file as'
ClassName:  '#32770'
 ---&gt; System.Runtime.InteropServices.COMException: Error HRESULT E_FAIL has been returned from a call to a COM component.
   at Microsoft.VisualStudio.TestTools.UITest.Playback.Engine.IRPFPlayback.FindAllScreenElements(IScreenElement pScreenElementStart, String bstrQueryId, Object&amp; pvarResKeys, Int32 cResKeys, Int32 nMaxDepth, Object[]&amp; foundDescendants)
   at Microsoft.VisualStudio.TestTools.UITest.Playback.ScreenElement.FindTopLevelWindowHelper(String queryId)
   at Microsoft.VisualStudio.TestTools.UITest.Playback.ScreenElement.FindFromPartialQueryId(String queryId)
   at Microsoft.VisualStudio.TestTools.UITesting.UITestControl..ctor(String queryId)
   --- End of inner exception stack trace ---
   at Microsoft.VisualStudio.TestTools.UITesting.Playback.MapControlNotFoundException(COMException ex, IPlaybackContext context)
   at Microsoft.VisualStudio.TestTools.UITesting.Playback.MapAndThrowComException(COMException innerException, IPlaybackContext context)
   at Microsoft.VisualStudio.TestTools.UITesting.Playback.MapAndThrowException(SystemException exception, IPlaybackContext context)
   at Microsoft.VisualStudio.TestTools.UITesting.Playback.MapAndThrowException(SystemException exception, String queryId)
   at Microsoft.VisualStudio.TestTools.UITesting.UITestControl..ctor(String queryId)
   at Microsoft.VisualStudio.TestTools.UITesting.SearchHelper.SearchTopLevelWindow(ISearchArgument topLevelSearchArg, String topLevelElementQueryId)
   at Microsoft.VisualStudio.TestTools.UITesting.SearchHelper.GetTitleUpdatedTopLevelWindow(ISearchArgument topLevelSearchArg, String queryId, IList`1 windowTitles)
   at Microsoft.VisualStudio.TestTools.UITesting.SearchHelper.GetTopLevelElement(Boolean useCache, Boolean useCacheOnly, ISearchArgument searchArg, IList`1 windowTitles, Int32&amp; timeLeft)
   at Microsoft.VisualStudio.TestTools.UITesting.SearchHelper.GetElement(Boolean useCache, ISearchArgument searchArg)
   at Microsoft.VisualStudio.TestTools.UITesting.SearchHelper.Search(ISearchArgument searchArg)
   at Microsoft.VisualStudio.TestTools.UITesting.UITestControl.FindInternal()
   at Microsoft.VisualStudio.TestTools.UITesting.UITestControl.FindControlIfNecessary()
   at Microsoft.VisualStudio.TestTools.UITesting.UITestControl.Click(MouseButtons button, ModifierKeys modifierKeys, Point relativeCoordinates)
   at Microsoft.VisualStudio.TestTools.UITesting.Mouse.ClickImplementation(UITestControl control, MouseButtons button, ModifierKeys modifierKeys, Point relativeCoordinate)
   at Microsoft.VisualStudio.TestTools.UITesting.Mouse.ClickImplementationWrapper(UITestControl control, MouseButtons button, ModifierKeys modifierKeys, Point relativeCoordinate)
W, 3240, 15, 2013/05/24, 08:43:15.797, 1098932042967, QTAgent32.exe, PlaybackErrorHandler: Ignoring exception as ContinueOnError is set.
W, 3240, 15, 2013/05/24, 08:43:15.800, 1098932078827, QTAgent32.exe, Playback - [WARNING] Internal warning: Thread state based WFR - Requested element has invalid HWND
\0
W, 3240, 15, 2013/05/24, 08:43:15.800, 1098932079782, QTAgent32.exe, Playback - [WARNING] Internal warning: process performance counters based WFR - Requested element has invalid HWND
\0
E, 3240, 15, 2013/05/24, 08:43:15.800, 1098932082554, QTAgent32.exe, EnsureValid called via EnsureValid call for same element
E, 3240, 15, 2013/05/24, 08:43:15.800, 1098932084272, QTAgent32.exe, EnsureValid called via EnsureValid call for same element
E, 3240, 15, 2013/05/24, 08:43:15.800, 1098932087174, QTAgent32.exe, EnsureValid called via EnsureValid call for same element
E, 3240, 15, 2013/05/24, 08:43:15.801, 1098932091428, QTAgent32.exe, Window 459574 not responding. Last Win32 error 1400
E, 3240, 15, 2013/05/24, 08:43:15.801, 1098932092278, QTAgent32.exe, GetClassName for handle 459574 failed
W, 3240, 15, 2013/05/24, 08:43:15.950, 1098934224743, QTAgent32.exe, &lt;a class=success&gt;Playback - {231} [SUCCESS] Check - "[MSAA, VisibleOnly]ControlType='CheckBox' &amp;&amp; Name='Defer Printing?'"
\0&lt;/a&gt;
W, 3240, 15, 2013/05/24, 08:43:16.464, 1098941587481, QTAgent32.exe, &lt;a class=success&gt;Playback - {232} [SUCCESS] MouseButtonClick - "[MSAA, VisibleOnly]ControlType='Button' &amp;&amp; Name='Ok'"
\0&lt;/a&gt;
E, 3240, 15, 2013/05/24, 08:43:16.564, 1098943019226, QTAgent32.exe, GetClassName for handle 590690 failed
W, 3240, 15, 2013/05/24, 08:43:17.081, 1098950427952, QTAgent32.exe, &lt;a class=success&gt;Playback - {233} [SUCCESS] MouseButtonClick - "[MSAA, VisibleOnly]ControlType='Button' &amp;&amp; Name='OK'"
\0&lt;/a&gt;
E, 3240, 15, 2013/05/24, 08:43:17.218, 1098952391324, QTAgent32.exe, GetClassName for handle 853066 failed
W, 3240, 15, 2013/05/24, 08:43:23.650, 1099044485753, QTAgent32.exe, Playback - [WARNING] Internal warning: Window Not Found: [VisibleOnly]ControlType='Window' &amp;&amp; Name='Personal Lines' &amp;&amp; ClassName='#32770'
\0
E, 3240, 15, 2013/05/24, 08:43:23.651, 1099044488052, QTAgent32.exe, &lt;a class=failure&gt;Playback - {234} [FAILED] Function ElementFetcher::FindScreenElement failed to locate UI element (Searching: ;[VisibleOnly]ControlType='Window' &amp;&amp; Name='Personal Lines' &amp;&amp; ClassName='#32770') (The object specified was not found.)
\0&lt;/a&gt;
E, 3240, 15, 2013/05/24, 08:43:23.695, 1099045124561, QTAgent32.exe, Playback - [IMAGE] C:\Users\testuser\AppData\Local\Temp\UITestLogs\LastRun\RPF3D8A.png
\0
W, 3240, 15, 2013/05/24, 08:43:23.695, 1099045126156, QTAgent32.exe, Playback - [WARNING] Internal warning: Couldn't find descendants that match QueryId
\0
W, 3240, 15, 2013/05/24, 08:43:23.695, 1099045128580, QTAgent32.exe, PERF WARNING: FindTopLevelWindowHelper::FindAllDescendents: took 6476 ms. Expected it to take maximum 500 ms.
W, 3240, 15, 2013/05/24, 08:43:25.821, 1099075562825, QTAgent32.exe, &lt;a class=success&gt;Playback - {235} [SUCCESS] MouseButtonClick - "[MSAA, VisibleOnly]ControlType='Button' &amp;&amp; Name='OK'"
\0&lt;/a&gt;
W, 3240, 15, 2013/05/24, 08:43:25.921, 1099076994934, QTAgent32.exe, Playback - [WARNING] Internal warning: Thread state based WFR - Requested element has invalid HWND
\0
W, 3240, 15, 2013/05/24, 08:43:25.921, 1099076996104, QTAgent32.exe, Playback - [WARNING] Internal warning: process performance counters based WFR - Requested element has invalid HWND
\0
E, 3240, 15, 2013/05/24, 08:43:25.921, 1099076998962, QTAgent32.exe, EnsureValid called via EnsureValid call for same element
E, 3240, 15, 2013/05/24, 08:43:25.921, 1099077002081, QTAgent32.exe, GetClassName for handle 656450 failed
E, 3240, 15, 2013/05/24, 08:43:25.921, 1099077004271, QTAgent32.exe, EnsureValid called via EnsureValid call for same element
E, 3240, 15, 2013/05/24, 08:43:25.921, 1099077005510, QTAgent32.exe, EnsureValid called via EnsureValid call for same element
E, 3240, 15, 2013/05/24, 08:43:25.922, 1099077019850, QTAgent32.exe, Window 656450 not responding. Last Win32 error 0
E, 3240, 15, 2013/05/24, 08:43:25.923, 1099077021806, QTAgent32.exe, GetClassName for handle 656450 failed
W, 3240, 15, 2013/05/24, 08:43:26.064, 1099079041979, QTAgent32.exe, &lt;a class=success&gt;Playback - {236} [SUCCESS] Uncheck - "[MSAA, VisibleOnly]ControlType='CheckBox' &amp;&amp; Name='Add Activity'"
\0&lt;/a&gt;
W, 3240, 15, 2013/05/24, 08:43:26.555, 1099086084017, QTAgent32.exe, &lt;a class=success&gt;Playback - {237} [SUCCESS] MouseButtonClick - "[MSAA, VisibleOnly]ControlType='Button' &amp;&amp; Name='Ok'"
\0&lt;/a&gt;
W, 3240, 15, 2013/05/24, 08:43:26.808, 1099089693039, QTAgent32.exe, &lt;a class=success&gt;Playback - {238} [SUCCESS] MouseButtonClick - "[MSAA, VisibleOnly]ControlType='Button' &amp;&amp; Name='Ok'"
\0&lt;/a&gt;
W, 3240, 15, 2013/05/24, 08:43:30.329, 1099140115706, QTAgent32.exe, PERF WARNING: FindTopLevelWindowHelper::FindAllDescendents: took 3420 ms. Expected it to take maximum 500 ms.
W, 3240, 15, 2013/05/24, 08:43:30.585, 1099143785386, QTAgent32.exe, &lt;a class=success&gt;Playback - {239} [SUCCESS] DoSelect - "[MSAA, VisibleOnly]ControlType='List'"
\0&lt;/a&gt;
W, 3240, 15, 2013/05/24, 08:43:32.553, 1099171952966, QTAgent32.exe, &lt;a class=success&gt;Playback - {240} [SUCCESS] MouseButtonClick - "[MSAA, VisibleOnly]ControlType='Button' &amp;&amp; Name='Ok'"
\0&lt;/a&gt;
E, 3240, 15, 2013/05/24, 08:43:32.653, 1099173383837, QTAgent32.exe, GetClassName for handle 394072 failed
W, 3240, 15, 2013/05/24, 08:43:34.796, 1099204070503, QTAgent32.exe, &lt;a class=success&gt;Playback - {241} [SUCCESS] MouseButtonClick - "[MSAA, VisibleOnly]ControlType='Button' &amp;&amp; Name='OK'"
\0&lt;/a&gt;
W, 3240, 15, 2013/05/24, 08:43:36.030, 1099221736645, QTAgent32.exe, PERF WARNING: FindAllDescendents: took 1132 ms. Expected it to take maximum 500 ms.
W, 3240, 15, 2013/05/24, 08:43:36.176, 1099223836713, QTAgent32.exe, &lt;a class=success&gt;Playback - {242} [SUCCESS] MouseButtonClick - "[MSAA, VisibleOnly]ControlType='Button' &amp;&amp; Name='Exit'"
\0&lt;/a&gt;
E, 3240, 15, 2013/05/24, 08:43:36.277, 1099225272748, QTAgent32.exe, GetClassName for handle 525534 failed
W, 3240, 15, 2013/05/24, 08:43:36.522, 1099228790744, QTAgent32.exe, &lt;a class=success&gt;Playback - {243} [SUCCESS] MouseButtonClick - "[MSAA, VisibleOnly]ControlType='Button' &amp;&amp; Name='Yes'"
\0&lt;/a&gt;
W, 3240, 15, 2013/05/24, 08:43:36.844, 1099233397185, QTAgent32.exe, &lt;a class=success&gt;Playback - {244} [SUCCESS] MouseButtonClick - "[MSAA, VisibleOnly]ControlType='Button' &amp;&amp; Name='Cancel'"
\0&lt;/a&gt;
W, 3240, 15, 2013/05/24, 08:43:37.190, 1099238352499, QTAgent32.exe, &lt;a class=success&gt;Playback - {245} [SUCCESS] MouseButtonClick - "[MSAA, VisibleOnly]ControlType='Button'"
\0&lt;/a&gt;
W, 3240, 15, 2013/05/24, 08:43:37.613, 1099244404713, QTAgent32.exe, &lt;a class=success&gt;Playback - {246} [SUCCESS] MouseButtonClick - "[MSAA, VisibleOnly]ControlType='Button' &amp;&amp; Name='Detail'"
\0&lt;/a&gt;
W, 3240, 15, 2013/05/24, 08:43:37.926, 1099248896261, QTAgent32.exe, &lt;a class=success&gt;Playback - {247} [SUCCESS] MouseButtonClick - "[MSAA, VisibleOnly]ControlType='Button' &amp;&amp; Name='Cancel'"
\0&lt;/a&gt;
W, 3240, 15, 2013/05/24, 08:43:41.051, 1099293633599, QTAgent32.exe, IEDOM : StopSession of the plugin called before StartSession
W, 3240, 15, 2013/05/24, 08:43:41.051, 1099293634640, QTAgent32.exe, UIA : StopSession of the plugin called before StartSession
</DebugTrace>
      </Output>
    </UnitTestResult>
    <UnitTestResult executionId="a40ce9c5-cb54-4636-8d88-0292fd6a2791" testId="72861ca4-760f-1d55-3273-faac7fb22762" testName="MotoRebrokeRenewNewScheme" computerName="ICDVDEVTM01" duration="00:09:00.2050008" startTime="2013-05-24T08:43:41.4438596+01:00" endTime="2013-05-24T08:52:41.7219662+01:00" testType="13cdc9d9-ddb5-4fa4-a97d-d965ccfc6d4b" outcome="Passed" testListId="8c84fa94-04c1-424b-9868-57a2d4851a1d" relativeResultsDirectory="a40ce9c5-cb54-4636-8d88-0292fd6a2791">
      <Output>
        <DebugTrace>W, 3240, 19, 2013/05/24, 08:43:46.083, 1099365681112, QTAgent32.exe, &lt;a class=success&gt;Playback - {1} [SUCCESS] MouseButtonClick - "[MSAA, VisibleOnly]ControlType='Edit'"
\0&lt;/a&gt;
W, 3240, 19, 2013/05/24, 08:43:46.282, 1099368527181, QTAgent32.exe, &lt;a class=success&gt;Playback - {2} [SUCCESS] SendKeys "[*]" - "[MSAA, VisibleOnly]ControlType='Edit'"
\0&lt;/a&gt;
W, 3240, 19, 2013/05/24, 08:43:46.967, 1099378342057, QTAgent32.exe, &lt;a class=success&gt;Playback - {3} [SUCCESS] MouseButtonClick - "[MSAA, VisibleOnly]ControlType='Button' &amp;&amp; Name='OK'"
\0&lt;/a&gt;
W, 3240, 19, 2013/05/24, 08:43:47.132, 1099380701631, QTAgent32.exe, &lt;a class=success&gt;Playback - {4} [SUCCESS] SendKeys "^{HOME}" - "[MSAA, VisibleOnly]ControlType='Edit'"
\0&lt;/a&gt;
E, 3240, 19, 2013/05/24, 08:43:47.132, 1099380703562, QTAgent32.exe, Msaa.GetFocusedElement: could not find accessible object of foreground window
W, 3240, 19, 2013/05/24, 08:43:47.192, 1099381560679, QTAgent32.exe, &lt;a class=success&gt;Playback - {5} [SUCCESS] SendKeys "^+{END}" - "[MSAA, VisibleOnly]ControlType='Edit'"
\0&lt;/a&gt;
E, 3240, 19, 2013/05/24, 08:43:47.192, 1099381562569, QTAgent32.exe, Msaa.GetFocusedElement: could not find accessible object of foreground window
W, 3240, 19, 2013/05/24, 08:43:47.217, 1099381912141, QTAgent32.exe, &lt;a class=success&gt;Playback - {6} [SUCCESS] SendKeys "{DELETE}" - "[MSAA, VisibleOnly]ControlType='Edit'"
\0&lt;/a&gt;
W, 3240, 19, 2013/05/24, 08:43:47.435, 1099385037439, QTAgent32.exe, &lt;a class=success&gt;Playback - {7} [SUCCESS] SetValueAsEditBox "24/05/2013" - "[MSAA, VisibleOnly]ControlType='Edit'"  &lt; Set via SendKeys &gt;
\0&lt;/a&gt;
W, 3240, 19, 2013/05/24, 08:43:47.701, 1099388841366, QTAgent32.exe, Playback - [WARNING] Internal warning: Incorrect flag set for InvokeProgrammaticAction\0
W, 3240, 19, 2013/05/24, 08:43:47.818, 1099390527130, QTAgent32.exe, &lt;a class=success&gt;Playback - {8} [SUCCESS] SetValueAsComboBox "May" - "[MSAA, VisibleOnly]ControlType='ComboBox'"  &lt; SetValueAsComboBox, set by clicking on the item in the list box &gt;
\0&lt;/a&gt;
W, 3240, 19, 2013/05/24, 08:43:47.974, 1099392759236, QTAgent32.exe, &lt;a class=success&gt;Playback - {9} [SUCCESS] SendKeys "^{HOME}" - "[MSAA, VisibleOnly]ControlType='Edit'"
\0&lt;/a&gt;
E, 3240, 19, 2013/05/24, 08:43:47.974, 1099392761676, QTAgent32.exe, Msaa.GetFocusedElement: could not find accessible object of foreground window
W, 3240, 19, 2013/05/24, 08:43:48.027, 1099393517987, QTAgent32.exe, &lt;a class=success&gt;Playback - {10} [SUCCESS] SendKeys "^+{END}" - "[MSAA, VisibleOnly]ControlType='Edit'"
\0&lt;/a&gt;
E, 3240, 19, 2013/05/24, 08:43:48.027, 1099393520228, QTAgent32.exe, Msaa.GetFocusedElement: could not find accessible object of foreground window
W, 3240, 19, 2013/05/24, 08:43:48.041, 1099393712571, QTAgent32.exe, &lt;a class=success&gt;Playback - {11} [SUCCESS] SendKeys "{DELETE}" - "[MSAA, VisibleOnly]ControlType='Edit'"
\0&lt;/a&gt;
W, 3240, 19, 2013/05/24, 08:43:48.137, 1099395089480, QTAgent32.exe, &lt;a class=success&gt;Playback - {12} [SUCCESS] SetValueAsEditBox "2013" - "[MSAA, VisibleOnly]ControlType='Edit'"  &lt; Set via SendKeys &gt;
\0&lt;/a&gt;
W, 3240, 19, 2013/05/24, 08:43:48.857, 1099405396076, QTAgent32.exe, &lt;a class=success&gt;Playback - {13} [SUCCESS] MouseButtonClick - "[MSAA, VisibleOnly]ControlType='Button' &amp;&amp; Name='OK'"
\0&lt;/a&gt;
W, 3240, 19, 2013/05/24, 08:43:49.503, 1099414650875, QTAgent32.exe, Playback - [WARNING] Internal warning: Window Not Found: [VisibleOnly]ControlType='Window' &amp;&amp; Name='Warning' &amp;&amp; ClassName='#32770'
\0
E, 3240, 19, 2013/05/24, 08:43:49.503, 1099414654400, QTAgent32.exe, &lt;a class=failure&gt;Playback - {14} [FAILED] Function ElementFetcher::FindScreenElement failed to locate UI element (Searching: ;[VisibleOnly]ControlType='Window' &amp;&amp; Name='Warning' &amp;&amp; ClassName='#32770') (The object specified was not found.)
\0&lt;/a&gt;
E, 3240, 19, 2013/05/24, 08:43:49.546, 1099415271338, QTAgent32.exe, Playback - [IMAGE] C:\Users\testuser\AppData\Local\Temp\UITestLogs\LastRun\RPFA284.png
\0
W, 3240, 19, 2013/05/24, 08:43:49.546, 1099415272781, QTAgent32.exe, Playback - [WARNING] Internal warning: Couldn't find descendants that match QueryId
\0
W, 3240, 19, 2013/05/24, 08:43:49.547, 1099415275253, QTAgent32.exe, PERF WARNING: FindTopLevelWindowHelper::FindAllDescendents: took 588 ms. Expected it to take maximum 500 ms.
W, 3240, 19, 2013/05/24, 08:44:07.586, 1099673561066, QTAgent32.exe, Playback - [WARNING] Internal warning: Window Not Found: [VisibleOnly]ControlType='Window' &amp;&amp; Name='Warning' &amp;&amp; ClassName='#32770'
\0
E, 3240, 19, 2013/05/24, 08:44:07.586, 1099673563635, QTAgent32.exe, &lt;a class=failure&gt;Playback - {15} [FAILED] Function ElementFetcher::FindScreenElement failed to locate UI element (Searching: ;[VisibleOnly]ControlType='Window' &amp;&amp; Name='Warning' &amp;&amp; ClassName='#32770') (The object specified was not found.)
\0&lt;/a&gt;
E, 3240, 19, 2013/05/24, 08:44:07.628, 1099674171579, QTAgent32.exe, Playback - [IMAGE] C:\Users\testuser\AppData\Local\Temp\UITestLogs\LastRun\RPFE926.png
\0
W, 3240, 19, 2013/05/24, 08:44:07.629, 1099674173379, QTAgent32.exe, Playback - [WARNING] Internal warning: Couldn't find descendants that match QueryId
\0
W, 3240, 19, 2013/05/24, 08:44:07.629, 1099674175713, QTAgent32.exe, PERF WARNING: FindTopLevelWindowHelper::FindAllDescendents: took 18081 ms. Expected it to take maximum 500 ms.
W, 3240, 19, 2013/05/24, 08:44:08.062, 1099680381037, QTAgent32.exe, Playback - [WARNING] Internal warning: Smart Match failed
\0
W, 3240, 19, 2013/05/24, 08:44:08.219, 1099682629376, QTAgent32.exe, Playback - [WARNING] Internal warning: Smart Match failed
\0
W, 3240, 19, 2013/05/24, 08:44:08.375, 1099684858969, QTAgent32.exe, Playback - [WARNING] Internal warning: Smart Match failed
\0
W, 3240, 19, 2013/05/24, 08:44:08.531, 1099687096707, QTAgent32.exe, Playback - [WARNING] Internal warning: Smart Match failed
\0
W, 3240, 19, 2013/05/24, 08:44:08.690, 1099689377315, QTAgent32.exe, Playback - [WARNING] Internal warning: Smart Match failed
\0
W, 3240, 19, 2013/05/24, 08:44:08.852, 1099691698140, QTAgent32.exe, Playback - [WARNING] Internal warning: Smart Match failed
\0
W, 3240, 19, 2013/05/24, 08:44:09.012, 1099693990935, QTAgent32.exe, Playback - [WARNING] Internal warning: Smart Match failed
\0
W, 3240, 19, 2013/05/24, 08:44:09.173, 1099696292209, QTAgent32.exe, Playback - [WARNING] Internal warning: Smart Match failed
\0
W, 3240, 19, 2013/05/24, 08:44:09.336, 1099698626364, QTAgent32.exe, Playback - [WARNING] Internal warning: Smart Match failed
\0
W, 3240, 19, 2013/05/24, 08:44:09.499, 1099700963599, QTAgent32.exe, Playback - [WARNING] Internal warning: Smart Match failed
\0
W, 3240, 19, 2013/05/24, 08:44:09.658, 1099703239778, QTAgent32.exe, Playback - [WARNING] Internal warning: Smart Match failed
\0
W, 3240, 19, 2013/05/24, 08:44:09.819, 1099705533955, QTAgent32.exe, Playback - [WARNING] Internal warning: Smart Match failed
\0
W, 3240, 19, 2013/05/24, 08:44:09.977, 1099707803305, QTAgent32.exe, Playback - [WARNING] Internal warning: Smart Match failed
\0
W, 3240, 19, 2013/05/24, 08:44:10.135, 1099710059701, QTAgent32.exe, Playback - [WARNING] Internal warning: Smart Match failed
\0
W, 3240, 19, 2013/05/24, 08:44:10.295, 1099712349940, QTAgent32.exe, Playback - [WARNING] Internal warning: Smart Match failed
\0
W, 3240, 19, 2013/05/24, 08:44:10.454, 1099714627084, QTAgent32.exe, Playback - [WARNING] Internal warning: Smart Match failed
\0
W, 3240, 19, 2013/05/24, 08:44:10.610, 1099716866137, QTAgent32.exe, Playback - [WARNING] Internal warning: Smart Match failed
\0
W, 3240, 19, 2013/05/24, 08:44:10.661, 1099717596826, QTAgent32.exe, Playback - [WARNING] Internal warning: Window Not Found: [VisibleOnly]ControlType='Window' &amp;&amp; Name='Warning' &amp;&amp; ClassName='#32770'
\0
E, 3240, 19, 2013/05/24, 08:44:10.662, 1099717598950, QTAgent32.exe, &lt;a class=failure&gt;Playback - {16} [FAILED] Function ElementFetcher::FindScreenElement failed to locate UI element (Searching: ;[VisibleOnly]ControlType='Window' &amp;&amp; Name='Warning' &amp;&amp; ClassName='#32770') (The object specified was not found.)
\0&lt;/a&gt;
E, 3240, 19, 2013/05/24, 08:44:10.703, 1099718199016, QTAgent32.exe, Playback - [IMAGE] C:\Users\testuser\AppData\Local\Temp\UITestLogs\LastRun\RPFF537.png
\0
W, 3240, 19, 2013/05/24, 08:44:10.704, 1099718200768, QTAgent32.exe, Playback - [WARNING] Internal warning: Couldn't find descendants that match QueryId
\0
W, 3240, 19, 2013/05/24, 08:44:10.704, 1099718203169, QTAgent32.exe, PERF WARNING: FindTopLevelWindowHelper::FindAllDescendents: took 3074 ms. Expected it to take maximum 500 ms.
E, 3240, 19, 2013/05/24, 08:44:10.704, 1099718204826, QTAgent32.exe, Exception: System.Runtime.InteropServices.COMException
	Message: Error HRESULT E_FAIL has been returned from a call to a COM component.
	Stack Trace:    at Microsoft.VisualStudio.TestTools.UITest.Playback.Engine.IRPFPlayback.FindAllScreenElements(IScreenElement pScreenElementStart, String bstrQueryId, Object&amp; pvarResKeys, Int32 cResKeys, Int32 nMaxDepth, Object[]&amp; foundDescendants)
   at Microsoft.VisualStudio.TestTools.UITest.Playback.ScreenElement.FindTopLevelWindowHelper(String queryId)
	BaseExceptionMessage: Error HRESULT E_FAIL has been returned from a call to a COM component.

E, 3240, 19, 2013/05/24, 08:44:10.863, 1099720489763, QTAgent32.exe, AL: Playback Error: Microsoft.VisualStudio.TestTools.UITest.Extension.UITestControlNotFoundException: The playback failed to find the control with the given search properties. Additional Details: 
TechnologyName:  'MSAA'
ControlType:  'Window'
Name:  'Warning'
ClassName:  '#32770'
 ---&gt; System.Runtime.InteropServices.COMException: Error HRESULT E_FAIL has been returned from a call to a COM component.
   at Microsoft.VisualStudio.TestTools.UITest.Playback.Engine.IRPFPlayback.FindAllScreenElements(IScreenElement pScreenElementStart, String bstrQueryId, Object&amp; pvarResKeys, Int32 cResKeys, Int32 nMaxDepth, Object[]&amp; foundDescendants)
   at Microsoft.VisualStudio.TestTools.UITest.Playback.ScreenElement.FindTopLevelWindowHelper(String queryId)
   at Microsoft.VisualStudio.TestTools.UITest.Playback.ScreenElement.FindFromPartialQueryId(String queryId)
   at Microsoft.VisualStudio.TestTools.UITesting.UITestControl..ctor(String queryId)
   --- End of inner exception stack trace ---
   at Microsoft.VisualStudio.TestTools.UITesting.Playback.MapControlNotFoundException(COMException ex, IPlaybackContext context)
   at Microsoft.VisualStudio.TestTools.UITesting.Playback.MapAndThrowComException(COMException innerException, IPlaybackContext context)
   at Microsoft.VisualStudio.TestTools.UITesting.Playback.MapAndThrowException(SystemException exception, IPlaybackContext context)
   at Microsoft.VisualStudio.TestTools.UITesting.Playback.MapAndThrowException(SystemException exception, String queryId)
   at Microsoft.VisualStudio.TestTools.UITesting.UITestControl..ctor(String queryId)
   at Microsoft.VisualStudio.TestTools.UITesting.SearchHelper.SearchTopLevelWindow(ISearchArgument topLevelSearchArg, String topLevelElementQueryId)
   at Microsoft.VisualStudio.TestTools.UITesting.SearchHelper.GetTitleUpdatedTopLevelWindow(ISearchArgument topLevelSearchArg, String queryId, IList`1 windowTitles)
   at Microsoft.VisualStudio.TestTools.UITesting.SearchHelper.GetTopLevelElement(Boolean useCache, Boolean useCacheOnly, ISearchArgument searchArg, IList`1 windowTitles, Int32&amp; timeLeft)
   at Microsoft.VisualStudio.TestTools.UITesting.SearchHelper.GetElement(Boolean useCache, ISearchArgument searchArg)
   at Microsoft.VisualStudio.TestTools.UITesting.SearchHelper.Search(ISearchArgument searchArg)
   at Microsoft.VisualStudio.TestTools.UITesting.UITestControl.FindInternal()
   at Microsoft.VisualStudio.TestTools.UITesting.UITestControl.FindControlIfNecessary()
   at Microsoft.VisualStudio.TestTools.UITesting.UITestControl.Click(MouseButtons button, ModifierKeys modifierKeys, Point relativeCoordinates)
   at Microsoft.VisualStudio.TestTools.UITesting.Mouse.ClickImplementation(UITestControl control, MouseButtons button, ModifierKeys modifierKeys, Point relativeCoordinate)
   at Microsoft.VisualStudio.TestTools.UITesting.Mouse.ClickImplementationWrapper(UITestControl control, MouseButtons button, ModifierKeys modifierKeys, Point relativeCoordinate)
W, 3240, 19, 2013/05/24, 08:44:10.864, 1099720491620, QTAgent32.exe, PlaybackErrorHandler: Ignoring exception as ContinueOnError is set.
W, 3240, 19, 2013/05/24, 08:44:10.907, 1099721114627, QTAgent32.exe, &lt;a class=success&gt;Playback - {17} [SUCCESS] TypeString "#(R)"
\0&lt;/a&gt;
E, 3240, 19, 2013/05/24, 08:44:11.480, 1099729314248, QTAgent32.exe, Exception: System.ArgumentException
	Message: Value does not fall within the expected range.
	Stack Trace:    at Accessibility.IAccessible.get_accRole(Object varChild)
   at Microsoft.VisualStudio.TestTools.UITest.Extension.Msaa.AccWrapper.get_RoleInt()
	BaseExceptionMessage: Value does not fall within the expected range.

E, 3240, 19, 2013/05/24, 08:44:11.482, 1099729341917, QTAgent32.exe, Exception: System.ArgumentException
	Message: Value does not fall within the expected range.
	Stack Trace:    at Accessibility.IAccessible.get_accRole(Object varChild)
   at Microsoft.VisualStudio.TestTools.UITest.Extension.Msaa.AccWrapper.get_RoleInt()
	BaseExceptionMessage: Value does not fall within the expected range.

W, 3240, 19, 2013/05/24, 08:44:11.708, 1099732580540, QTAgent32.exe, &lt;a class=success&gt;Playback - {18} [SUCCESS] LeftButtonClick  &lt; Mouse cursor location (87, 908) &gt;
\0&lt;/a&gt;
W, 3240, 19, 2013/05/24, 08:44:12.552, 1099744669401, QTAgent32.exe, &lt;a class=success&gt;Playback - {19} [SUCCESS] SetValueAsEditBox "c:\TestProject7\ourhighway.reg"  &lt; Set via SendKeys &gt;
\0&lt;/a&gt;
W, 3240, 19, 2013/05/24, 08:44:12.552, 1099744671288, QTAgent32.exe, &lt;a class=success&gt;Playback - {20} [SUCCESS] SetValueAsComboBox "c:\TestProject7\ourhighway.reg" - "[MSAA, VisibleOnly]ControlType='ComboBox' &amp;&amp; Name='Open:'"  &lt; Set via SetValueAsEditBox &gt;
\0&lt;/a&gt;
W, 3240, 19, 2013/05/24, 08:44:12.795, 1099748148882, QTAgent32.exe, &lt;a class=success&gt;Playback - {21} [SUCCESS] MouseButtonClick - "[MSAA, VisibleOnly]ControlType='Button' &amp;&amp; Name='OK'"
\0&lt;/a&gt;
W, 3240, 19, 2013/05/24, 08:44:13.223, 1099754272800, QTAgent32.exe, Playback - [WARNING] Internal warning: Window Not Found: [VisibleOnly]ControlType='Window' &amp;&amp; Name='Registry Editor' &amp;&amp; ClassName='#32770'
\0
E, 3240, 19, 2013/05/24, 08:44:13.223, 1099754274693, QTAgent32.exe, &lt;a class=failure&gt;Playback - {22} [FAILED] Function ElementFetcher::FindScreenElement failed to locate UI element (Searching: ;[VisibleOnly]ControlType='Window' &amp;&amp; Name='Registry Editor' &amp;&amp; ClassName='#32770') (The object specified was not found.)
\0&lt;/a&gt;
E, 3240, 19, 2013/05/24, 08:44:13.264, 1099754867696, QTAgent32.exe, Playback - [IMAGE] C:\Users\testuser\AppData\Local\Temp\UITestLogs\LastRun\RPFFF37.png
\0
W, 3240, 19, 2013/05/24, 08:44:13.264, 1099754869262, QTAgent32.exe, Playback - [WARNING] Internal warning: Couldn't find descendants that match QueryId
\0
W, 3240, 19, 2013/05/24, 08:44:13.635, 1099760181707, QTAgent32.exe, &lt;a class=success&gt;Playback - {23} [SUCCESS] MouseButtonClick - "[MSAA, VisibleOnly]ControlType='Button' &amp;&amp; Name='Yes'"
\0&lt;/a&gt;
W, 3240, 19, 2013/05/24, 08:44:15.929, 1099793023028, QTAgent32.exe, &lt;a class=success&gt;Playback - {24} [SUCCESS] MouseButtonClick - "[MSAA, VisibleOnly]ControlType='Button' &amp;&amp; Name='OK'"
\0&lt;/a&gt;
W, 3240, 19, 2013/05/24, 08:44:16.196, 1099796850854, QTAgent32.exe, &lt;a class=success&gt;Playback - {25} [SUCCESS] MouseButtonClick - "[MSAA, VisibleOnly]ControlType='Button' &amp;&amp; Name='Clients &amp; Files'"
\0&lt;/a&gt;
W, 3240, 19, 2013/05/24, 08:44:17.300, 1099812655446, QTAgent32.exe, PERF WARNING: FindTopLevelWindowHelper::FindAllDescendents: took 944 ms. Expected it to take maximum 500 ms.
W, 3240, 19, 2013/05/24, 08:44:17.516, 1099815751887, QTAgent32.exe, Playback - [WARNING] Internal warning: Incorrect flag set for InvokeProgrammaticAction\0
W, 3240, 19, 2013/05/24, 08:44:17.635, 1099817450380, QTAgent32.exe, &lt;a class=success&gt;Playback - {26} [SUCCESS] SetValueAsComboBox "Customers" - "[MSAA, VisibleOnly]ControlType='ComboBox'"  &lt; SetValueAsComboBox, set by clicking on the item in the list box &gt;
\0&lt;/a&gt;
W, 3240, 19, 2013/05/24, 08:44:18.345, 1099827610817, QTAgent32.exe, &lt;a class=success&gt;Playback - {27} [SUCCESS] MouseButtonClick - "[MSAA, VisibleOnly]ControlType='Button' &amp;&amp; Name='Add'"
\0&lt;/a&gt;
W, 3240, 19, 2013/05/24, 08:44:18.696, 1099832633264, QTAgent32.exe, &lt;a class=success&gt;Playback - {28} [SUCCESS] SendKeys "autotest" - "[MSAA, VisibleOnly]ControlType='RadioButton' &amp;&amp; Name='Personal Lines'"
\0&lt;/a&gt;
W, 3240, 19, 2013/05/24, 08:44:19.037, 1099837525813, QTAgent32.exe, &lt;a class=success&gt;Playback - {29} [SUCCESS] SetValueAsEditBox "autotest" - "[MSAA, VisibleOnly]ControlType='Edit'"  &lt; Set via SendKeys &gt;
\0&lt;/a&gt;
W, 3240, 19, 2013/05/24, 08:44:19.424, 1099843059991, QTAgent32.exe, &lt;a class=success&gt;Playback - {30} [SUCCESS] MouseButtonClick - "[MSAA, VisibleOnly]ControlType='Button' &amp;&amp; Name='OK'"
\0&lt;/a&gt;
W, 3240, 19, 2013/05/24, 08:44:19.847, 1099849115466, QTAgent32.exe, &lt;a class=success&gt;Playback - {31} [SUCCESS] MouseButtonClick - "[MSAA, VisibleOnly]ControlType='Button' &amp;&amp; Name='Yes'"
\0&lt;/a&gt;
W, 3240, 19, 2013/05/24, 08:44:20.031, 1099851757569, QTAgent32.exe, &lt;a class=success&gt;Playback - {32} [SUCCESS] SendKeys "^{HOME}" - "[MSAA, VisibleOnly]ControlType='Edit'"
\0&lt;/a&gt;
E, 3240, 19, 2013/05/24, 08:44:20.031, 1099851760023, QTAgent32.exe, Msaa.GetFocusedElement: could not find accessible object of foreground window
W, 3240, 19, 2013/05/24, 08:44:20.089, 1099852581239, QTAgent32.exe, &lt;a class=success&gt;Playback - {33} [SUCCESS] SendKeys "^+{END}" - "[MSAA, VisibleOnly]ControlType='Edit'"
\0&lt;/a&gt;
E, 3240, 19, 2013/05/24, 08:44:20.089, 1099852583497, QTAgent32.exe, Msaa.GetFocusedElement: could not find accessible object of foreground window
W, 3240, 19, 2013/05/24, 08:44:20.102, 1099852769990, QTAgent32.exe, &lt;a class=success&gt;Playback - {34} [SUCCESS] SendKeys "{DELETE}" - "[MSAA, VisibleOnly]ControlType='Edit'"
\0&lt;/a&gt;
W, 3240, 19, 2013/05/24, 08:44:20.159, 1099853587339, QTAgent32.exe, &lt;a class=success&gt;Playback - {35} [SUCCESS] SetValueAsEditBox "1" - "[MSAA, VisibleOnly]ControlType='Edit'"  &lt; Set via SendKeys &gt;
\0&lt;/a&gt;
W, 3240, 19, 2013/05/24, 08:44:20.378, 1099856719083, QTAgent32.exe, &lt;a class=success&gt;Playback - {36} [SUCCESS] SendKeys "^{HOME}" - "[MSAA, VisibleOnly]ControlType='Edit'"
\0&lt;/a&gt;
E, 3240, 19, 2013/05/24, 08:44:20.378, 1099856721327, QTAgent32.exe, Msaa.GetFocusedElement: could not find accessible object of foreground window
W, 3240, 19, 2013/05/24, 08:44:20.430, 1099857471540, QTAgent32.exe, &lt;a class=success&gt;Playback - {37} [SUCCESS] SendKeys "^+{END}" - "[MSAA, VisibleOnly]ControlType='Edit'"
\0&lt;/a&gt;
E, 3240, 19, 2013/05/24, 08:44:20.430, 1099857473798, QTAgent32.exe, Msaa.GetFocusedElement: could not find accessible object of foreground window
W, 3240, 19, 2013/05/24, 08:44:20.443, 1099857650849, QTAgent32.exe, &lt;a class=success&gt;Playback - {38} [SUCCESS] SendKeys "{DELETE}" - "[MSAA, VisibleOnly]ControlType='Edit'"
\0&lt;/a&gt;
W, 3240, 19, 2013/05/24, 08:44:20.502, 1099858497652, QTAgent32.exe, &lt;a class=success&gt;Playback - {39} [SUCCESS] SetValueAsEditBox "1" - "[MSAA, VisibleOnly]ControlType='Edit'"  &lt; Set via SendKeys &gt;
\0&lt;/a&gt;
W, 3240, 19, 2013/05/24, 08:44:22.122, 1099881684220, QTAgent32.exe, Playback - [WARNING] Internal warning: Target element "[MSAA, VisibleOnly]ControlType='Button' &amp;&amp; Name='OK'" was not found, so all intermediate elements were ignored. An incorrect element that matches target element Id can be found as the result.  Verify that all intermediate elements in QueryId have valid and unique Ids
\0
W, 3240, 19, 2013/05/24, 08:44:22.649, 1099889241800, QTAgent32.exe, PERF WARNING: FindAllDescendents: took 2032 ms. Expected it to take maximum 500 ms.
W, 3240, 19, 2013/05/24, 08:44:22.967, 1099893786797, QTAgent32.exe, &lt;a class=success&gt;Playback - {40} [SUCCESS] MouseButtonClick - "[MSAA, VisibleOnly]ControlType='Button' &amp;&amp; Name='OK'"
\0&lt;/a&gt;
W, 3240, 19, 2013/05/24, 08:44:23.340, 1099899127877, QTAgent32.exe, &lt;a class=success&gt;Playback - {41} [SUCCESS] MouseButtonClick - "[MSAA, VisibleOnly]ControlType='Button'"
\0&lt;/a&gt;
W, 3240, 19, 2013/05/24, 08:44:23.658, 1099903684769, QTAgent32.exe, &lt;a class=success&gt;Playback - {42} [SUCCESS] MouseButtonClick - "[MSAA, VisibleOnly]ControlType='Button' &amp;&amp; Name='Add'"
\0&lt;/a&gt;
W, 3240, 19, 2013/05/24, 08:44:23.991, 1099908453992, QTAgent32.exe, &lt;a class=success&gt;Playback - {43} [SUCCESS] MouseButtonClick - "[MSAA, VisibleOnly]ControlType='Button' &amp;&amp; Name='OK'"
\0&lt;/a&gt;
W, 3240, 19, 2013/05/24, 08:44:26.226, 1099940448331, QTAgent32.exe, &lt;a class=success&gt;Playback - {44} [SUCCESS] MouseButtonClick - "[MSAA, VisibleOnly,Window]ControlType='Window' &amp;&amp; ClassName='ThunderRT6TextBox'"
\0&lt;/a&gt;
W, 3240, 19, 2013/05/24, 08:44:26.487, 1099944188250, QTAgent32.exe, &lt;a class=success&gt;Playback - {45} [SUCCESS] SetValueAsEditBox "MOTO" - "[MSAA, VisibleOnly]ControlType='Edit'"  &lt; Set via SendKeys &gt;
\0&lt;/a&gt;
W, 3240, 19, 2013/05/24, 08:44:26.804, 1099948725662, QTAgent32.exe, &lt;a class=success&gt;Playback - {46} [SUCCESS] MouseButtonClick - "[MSAA, VisibleOnly]ControlType='Button' &amp;&amp; Name='OK'"
\0&lt;/a&gt;
W, 3240, 19, 2013/05/24, 08:44:27.035, 1099952034500, QTAgent32.exe, &lt;a class=success&gt;Playback - {47} [SUCCESS] MouseButtonClick - "[MSAA, VisibleOnly]ControlType='Button' &amp;&amp; Name='Options'"
\0&lt;/a&gt;
W, 3240, 19, 2013/05/24, 08:44:27.135, 1099953468144, QTAgent32.exe, FindScreenElementInSinglePass : Attempting to find control in one pass of search. Failures can occur.
W, 3240, 19, 2013/05/24, 08:44:27.290, 1099955684555, QTAgent32.exe, &lt;a class=success&gt;Playback - {48} [SUCCESS] MouseButtonClick - "[MSAA]ControlType='MenuItem' &amp;&amp; Name='Links'"
\0&lt;/a&gt;
W, 3240, 19, 2013/05/24, 08:44:27.390, 1099957119691, QTAgent32.exe, FindScreenElementInSinglePass : Attempting to find control in one pass of search. Failures can occur.
W, 3240, 19, 2013/05/24, 08:44:27.548, 1099959386787, QTAgent32.exe, &lt;a class=success&gt;Playback - {49} [SUCCESS] MouseButtonClick - "[MSAA]ControlType='MenuItem' &amp;&amp; Name='3rd Party Integration'"
\0&lt;/a&gt;
W, 3240, 19, 2013/05/24, 08:44:27.648, 1099960822400, QTAgent32.exe, FindScreenElementInSinglePass : Attempting to find control in one pass of search. Failures can occur.
W, 3240, 19, 2013/05/24, 08:44:27.802, 1099963016793, QTAgent32.exe, &lt;a class=success&gt;Playback - {50} [SUCCESS] MouseButtonClick - "[MSAA]ControlType='MenuItem' &amp;&amp; Name='Quote Select List'"
\0&lt;/a&gt;
W, 3240, 19, 2013/05/24, 08:44:28.821, 1099977610680, QTAgent32.exe, PERF WARNING: FindTopLevelWindowHelper::FindAllDescendents: took 919 ms. Expected it to take maximum 500 ms.
W, 3240, 19, 2013/05/24, 08:44:29.500, 1099987338347, QTAgent32.exe, &lt;a class=success&gt;Playback - {51} [SUCCESS] MouseButtonClick - "[MSAA, VisibleOnly]ControlType='Button' &amp;&amp; Name='Ok'"
\0&lt;/a&gt;
W, 3240, 19, 2013/05/24, 08:44:30.678, 1100004202131, QTAgent32.exe, PERF WARNING: FindTopLevelWindowHelper::FindAllDescendents: took 1077 ms. Expected it to take maximum 500 ms.
W, 3240, 19, 2013/05/24, 08:44:30.895, 1100007301993, QTAgent32.exe, &lt;a class=success&gt;Playback - {52} [SUCCESS] MouseButtonClick - "[MSAA, VisibleOnly]ControlType='Button' &amp;&amp; Name='Ok'"
\0&lt;/a&gt;
W, 3240, 19, 2013/05/24, 08:44:31.190, 1100011535312, QTAgent32.exe, &lt;a class=success&gt;Playback - {53} [SUCCESS] SetValueAsEditBox "test" - "[MSAA, VisibleOnly]ControlType='Edit'"  &lt; Set via SendKeys &gt;
\0&lt;/a&gt;
W, 3240, 19, 2013/05/24, 08:44:31.460, 1100015394623, QTAgent32.exe, &lt;a class=success&gt;Playback - {54} [SUCCESS] SetValueAsEditBox "test" - "[MSAA, VisibleOnly]ControlType='Edit'"  &lt; Set via SendKeys &gt;
\0&lt;/a&gt;
W, 3240, 19, 2013/05/24, 08:44:31.770, 1100019835790, QTAgent32.exe, &lt;a class=success&gt;Playback - {55} [SUCCESS] SetValueAsEditBox "160486" - "[MSAA, VisibleOnly]ControlType='Edit'"  &lt; Set via SendKeys &gt;
\0&lt;/a&gt;
W, 3240, 19, 2013/05/24, 08:44:32.101, 1100024572901, QTAgent32.exe, &lt;a class=success&gt;Playback - {56} [SUCCESS] SetValueAsEditBox "BN16BN" - "[MSAA, VisibleOnly]ControlType='Edit'"  &lt; Set via SendKeys &gt;
\0&lt;/a&gt;
W, 3240, 19, 2013/05/24, 08:44:34.331, 1100056497204, QTAgent32.exe, &lt;a class=success&gt;Playback - {57} [SUCCESS] MouseButtonClick - "[MSAA, VisibleOnly]ControlType='Button' &amp;&amp; Name='Lookup...'"
\0&lt;/a&gt;
W, 3240, 19, 2013/05/24, 08:44:34.563, 1100059829261, QTAgent32.exe, &lt;a class=success&gt;Playback - {58} [SUCCESS] MouseButtonClick - "[MSAA, VisibleOnly]ControlType='Button' &amp;&amp; Name='Ok'"
\0&lt;/a&gt;
W, 3240, 19, 2013/05/24, 08:44:36.052, 1100081147438, QTAgent32.exe, &lt;a class=success&gt;Playback - {59} [SUCCESS] MouseButtonClick - "[MSAA, VisibleOnly]ControlType='Button' &amp;&amp; Name='OK'"
\0&lt;/a&gt;
W, 3240, 19, 2013/05/24, 08:44:36.765, 1100091363186, QTAgent32.exe, Playback - [WARNING] Internal warning: Incorrect flag set for InvokeProgrammaticAction\0
W, 3240, 19, 2013/05/24, 08:44:36.884, 1100093063218, QTAgent32.exe, &lt;a class=success&gt;Playback - {60} [SUCCESS] SetValueAsComboBox "Account Executive" - "[MSAA, VisibleOnly]ControlType='ComboBox'"  &lt; SetValueAsComboBox, set by clicking on the item in the list box &gt;
\0&lt;/a&gt;
W, 3240, 19, 2013/05/24, 08:44:37.246, 1100098241930, QTAgent32.exe, Playback - [WARNING] Internal warning: Incorrect flag set for InvokeProgrammaticAction\0
W, 3240, 19, 2013/05/24, 08:44:37.691, 1100104614429, QTAgent32.exe, &lt;a class=success&gt;Playback - {61} [SUCCESS] SetValueAsComboBox "Aerial Manufacturer" - "[MSAA, VisibleOnly]ControlType='ComboBox'"  &lt; SetValueAsComboBox, set by clicking on the item in the list box &gt;
\0&lt;/a&gt;
W, 3240, 19, 2013/05/24, 08:44:38.049, 1100109734334, QTAgent32.exe, &lt;a class=success&gt;Playback - {62} [SUCCESS] SetValueAsEditBox "151208" - "[MSAA, VisibleOnly]ControlType='Edit'"  &lt; Set via SendKeys &gt;
\0&lt;/a&gt;
W, 3240, 19, 2013/05/24, 08:44:39.790, 1100134672384, QTAgent32.exe, &lt;a class=success&gt;Playback - {63} [SUCCESS] MouseButtonClick - "[MSAA, VisibleOnly]ControlType='Button' &amp;&amp; Name='OK'"
\0&lt;/a&gt;
E, 3240, 19, 2013/05/24, 08:44:39.914, 1100136445282, QTAgent32.exe, Exception: System.ArgumentException
	Message: Value does not fall within the expected range.
	Stack Trace:    at Accessibility.IAccessible.get_accRole(Object varChild)
   at Microsoft.VisualStudio.TestTools.UITest.Extension.Msaa.AccWrapper.get_RoleInt()
	BaseExceptionMessage: Value does not fall within the expected range.

E, 3240, 19, 2013/05/24, 08:44:39.916, 1100136471099, QTAgent32.exe, Exception: System.ArgumentException
	Message: Value does not fall within the expected range.
	Stack Trace:    at Accessibility.IAccessible.get_accRole(Object varChild)
   at Microsoft.VisualStudio.TestTools.UITest.Extension.Msaa.AccWrapper.get_RoleInt()
	BaseExceptionMessage: Value does not fall within the expected range.

W, 3240, 19, 2013/05/24, 08:44:40.103, 1100139155084, QTAgent32.exe, &lt;a class=success&gt;Playback - {64} [SUCCESS] LeftButtonClick  &lt; Mouse cursor location (680, 395) &gt;
\0&lt;/a&gt;
W, 3240, 19, 2013/05/24, 08:44:40.333, 1100142440805, QTAgent32.exe, &lt;a class=success&gt;Playback - {65} [SUCCESS] SetValueAsEditBox "FORD"  &lt; Set via SendKeys &gt;
\0&lt;/a&gt;
W, 3240, 19, 2013/05/24, 08:44:40.333, 1100142442429, QTAgent32.exe, &lt;a class=success&gt;Playback - {66} [SUCCESS] SetValueAsComboBox "FORD" - "[MSAA, VisibleOnly]ControlType='ComboBox'"  &lt; Set via SetValueAsEditBox &gt;
\0&lt;/a&gt;
E, 3240, 19, 2013/05/24, 08:44:40.439, 1100143955464, QTAgent32.exe, Exception: System.ArgumentException
	Message: Value does not fall within the expected range.
	Stack Trace:    at Accessibility.IAccessible.get_accRole(Object varChild)
   at Microsoft.VisualStudio.TestTools.UITest.Extension.Msaa.AccWrapper.get_RoleInt()
	BaseExceptionMessage: Value does not fall within the expected range.

E, 3240, 19, 2013/05/24, 08:44:40.440, 1100143982490, QTAgent32.exe, Exception: System.ArgumentException
	Message: Value does not fall within the expected range.
	Stack Trace:    at Accessibility.IAccessible.get_accRole(Object varChild)
   at Microsoft.VisualStudio.TestTools.UITest.Extension.Msaa.AccWrapper.get_RoleInt()
	BaseExceptionMessage: Value does not fall within the expected range.

W, 3240, 19, 2013/05/24, 08:44:41.069, 1100152980627, QTAgent32.exe, &lt;a class=success&gt;Playback - {67} [SUCCESS] LeftButtonClick  &lt; Mouse cursor location (1040, 395) &gt;
\0&lt;/a&gt;
W, 3240, 19, 2013/05/24, 08:44:41.269, 1100155853475, QTAgent32.exe, &lt;a class=success&gt;Playback - {68} [SUCCESS] SetValueAsEditBox "KA"  &lt; Set via SendKeys &gt;
\0&lt;/a&gt;
W, 3240, 19, 2013/05/24, 08:44:41.270, 1100155855218, QTAgent32.exe, &lt;a class=success&gt;Playback - {69} [SUCCESS] SetValueAsComboBox "KA" - "[MSAA, VisibleOnly]ControlType='ComboBox'"  &lt; Set via SetValueAsEditBox &gt;
\0&lt;/a&gt;
W, 3240, 19, 2013/05/24, 08:44:41.789, 1100163281378, QTAgent32.exe, &lt;a class=success&gt;Playback - {70} [SUCCESS] MouseButtonClick - "[MSAA, VisibleOnly]ControlType='Button' &amp;&amp; Name='Filter'"
\0&lt;/a&gt;
W, 3240, 19, 2013/05/24, 08:44:42.098, 1100167707913, QTAgent32.exe, &lt;a class=success&gt;Playback - {71} [SUCCESS] MouseButtonClick - "[MSAA, VisibleOnly]ControlType='Button' &amp;&amp; Name='OK'"
\0&lt;/a&gt;
W, 3240, 19, 2013/05/24, 08:44:42.454, 1100172811639, QTAgent32.exe, &lt;a class=success&gt;Playback - {72} [SUCCESS] SendKeys "^{HOME}" - "[MSAA, VisibleOnly]ControlType='Edit'"
\0&lt;/a&gt;
E, 3240, 19, 2013/05/24, 08:44:42.454, 1100172813769, QTAgent32.exe, Msaa.GetFocusedElement: could not find accessible object of foreground window
W, 3240, 19, 2013/05/24, 08:44:42.506, 1100173556584, QTAgent32.exe, &lt;a class=success&gt;Playback - {73} [SUCCESS] SendKeys "^+{END}" - "[MSAA, VisibleOnly]ControlType='Edit'"
\0&lt;/a&gt;
E, 3240, 19, 2013/05/24, 08:44:42.506, 1100173558037, QTAgent32.exe, Msaa.GetFocusedElement: could not find accessible object of foreground window
W, 3240, 19, 2013/05/24, 08:44:42.518, 1100173728498, QTAgent32.exe, &lt;a class=success&gt;Playback - {74} [SUCCESS] SendKeys "{DELETE}" - "[MSAA, VisibleOnly]ControlType='Edit'"
\0&lt;/a&gt;
W, 3240, 19, 2013/05/24, 08:44:42.697, 1100176293910, QTAgent32.exe, &lt;a class=success&gt;Playback - {75} [SUCCESS] SetValueAsEditBox "123434" - "[MSAA, VisibleOnly]ControlType='Edit'"  &lt; Set via SendKeys &gt;
\0&lt;/a&gt;
W, 3240, 19, 2013/05/24, 08:44:42.912, 1100179362956, QTAgent32.exe, &lt;a class=success&gt;Playback - {76} [SUCCESS] SendKeys "^{HOME}" - "[MSAA, VisibleOnly]ControlType='Edit'"
\0&lt;/a&gt;
E, 3240, 19, 2013/05/24, 08:44:42.912, 1100179364897, QTAgent32.exe, Msaa.GetFocusedElement: could not find accessible object of foreground window
W, 3240, 19, 2013/05/24, 08:44:42.965, 1100180129238, QTAgent32.exe, &lt;a class=success&gt;Playback - {77} [SUCCESS] SendKeys "^+{END}" - "[MSAA, VisibleOnly]ControlType='Edit'"
\0&lt;/a&gt;
E, 3240, 19, 2013/05/24, 08:44:42.965, 1100180130836, QTAgent32.exe, Msaa.GetFocusedElement: could not find accessible object of foreground window
W, 3240, 19, 2013/05/24, 08:44:42.978, 1100180308618, QTAgent32.exe, &lt;a class=success&gt;Playback - {78} [SUCCESS] SendKeys "{DELETE}" - "[MSAA, VisibleOnly]ControlType='Edit'"
\0&lt;/a&gt;
W, 3240, 19, 2013/05/24, 08:44:43.123, 1100182394189, QTAgent32.exe, &lt;a class=success&gt;Playback - {79} [SUCCESS] SetValueAsEditBox "1000" - "[MSAA, VisibleOnly]ControlType='Edit'"  &lt; Set via SendKeys &gt;
\0&lt;/a&gt;
W, 3240, 19, 2013/05/24, 08:44:43.361, 1100185800895, QTAgent32.exe, &lt;a class=success&gt;Playback - {80} [SUCCESS] SendKeys "^{HOME}" - "[MSAA, VisibleOnly]ControlType='Edit'"
\0&lt;/a&gt;
E, 3240, 19, 2013/05/24, 08:44:43.361, 1100185803677, QTAgent32.exe, Msaa.GetFocusedElement: could not find accessible object of foreground window
W, 3240, 19, 2013/05/24, 08:44:43.414, 1100186558833, QTAgent32.exe, &lt;a class=success&gt;Playback - {81} [SUCCESS] SendKeys "^+{END}" - "[MSAA, VisibleOnly]ControlType='Edit'"
\0&lt;/a&gt;
E, 3240, 19, 2013/05/24, 08:44:43.414, 1100186560615, QTAgent32.exe, Msaa.GetFocusedElement: could not find accessible object of foreground window
W, 3240, 19, 2013/05/24, 08:44:43.432, 1100186816996, QTAgent32.exe, &lt;a class=success&gt;Playback - {82} [SUCCESS] SendKeys "{DELETE}" - "[MSAA, VisibleOnly]ControlType='Edit'"
\0&lt;/a&gt;
W, 3240, 19, 2013/05/24, 08:44:43.652, 1100189962668, QTAgent32.exe, &lt;a class=success&gt;Playback - {83} [SUCCESS] SetValueAsEditBox "31/05/13" - "[MSAA, VisibleOnly]ControlType='Edit'"  &lt; Set via SendKeys &gt;
\0&lt;/a&gt;
W, 3240, 19, 2013/05/24, 08:44:44.002, 1100194971795, QTAgent32.exe, &lt;a class=success&gt;Playback - {84} [SUCCESS] MouseButtonClick - "[MSAA, VisibleOnly]ControlType='Button' &amp;&amp; Name='Calculate Quote'"
\0&lt;/a&gt;
W, 3240, 19, 2013/05/24, 08:44:44.251, 1100198536571, QTAgent32.exe, &lt;a class=success&gt;Playback - {85} [SUCCESS] MouseButtonClick - "[MSAA, VisibleOnly]ControlType='Button' &amp;&amp; Name='Cancel'"
\0&lt;/a&gt;
W, 3240, 19, 2013/05/24, 08:44:44.490, 1100201969794, QTAgent32.exe, &lt;a class=success&gt;Playback - {86} [SUCCESS] MouseButtonClick - "[MSAA, VisibleOnly]ControlType='Button' &amp;&amp; Name='No'"
\0&lt;/a&gt;
W, 3240, 19, 2013/05/24, 08:44:44.768, 1100205938764, QTAgent32.exe, &lt;a class=success&gt;Playback - {87} [SUCCESS] MouseButtonClick - "[MSAA, VisibleOnly]ControlType='Button' &amp;&amp; Name='Ok'"
\0&lt;/a&gt;
W, 3240, 19, 2013/05/24, 08:44:47.648, 1100247175140, QTAgent32.exe, PERF WARNING: FindTopLevelWindowHelper::FindAllDescendents: took 2779 ms. Expected it to take maximum 500 ms.
W, 3240, 19, 2013/05/24, 08:44:47.774, 1100248980391, QTAgent32.exe, &lt;a class=success&gt;Playback - {88} [SUCCESS] MouseButtonClick - "[MSAA, VisibleOnly]ControlType='Client'"
\0&lt;/a&gt;
W, 3240, 19, 2013/05/24, 08:44:49.269, 1100270399722, QTAgent32.exe, &lt;a class=success&gt;Playback - {89} [SUCCESS] SendKeys "{Home}" - "[MSAA, VisibleOnly]ControlType='Client'"
\0&lt;/a&gt;
W, 3240, 19, 2013/05/24, 08:44:52.534, 1100317139022, QTAgent32.exe, &lt;a class=success&gt;Playback - {90} [SUCCESS] MouseButtonClick - "[MSAA, VisibleOnly]ControlType='Button' &amp;&amp; Name='Accept'"
\0&lt;/a&gt;
W, 3240, 19, 2013/05/24, 08:44:52.974, 1100323438501, QTAgent32.exe, &lt;a class=success&gt;Playback - {91} [SUCCESS] MouseButtonClick - "[MSAA, VisibleOnly]ControlType='Button' &amp;&amp; Name='Yes'"
\0&lt;/a&gt;
W, 3240, 19, 2013/05/24, 08:44:53.274, 1100327743591, QTAgent32.exe, &lt;a class=success&gt;Playback - {92} [SUCCESS] MouseButtonClick - "[MSAA, VisibleOnly]ControlType='Button' &amp;&amp; Name='Ok'"
\0&lt;/a&gt;
W, 3240, 19, 2013/05/24, 08:44:53.528, 1100331372175, QTAgent32.exe, &lt;a class=success&gt;Playback - {93} [SUCCESS] MouseButtonClick - "[MSAA, VisibleOnly]ControlType='Button' &amp;&amp; Name='Ok'"
\0&lt;/a&gt;
W, 3240, 19, 2013/05/24, 08:44:53.935, 1100337191056, QTAgent32.exe, &lt;a class=success&gt;Playback - {94} [SUCCESS] MouseButtonClick - "[MSAA, VisibleOnly]ControlType='Button' &amp;&amp; Name='Confirm'"
\0&lt;/a&gt;
W, 3240, 19, 2013/05/24, 08:45:18.372, 1100687083949, QTAgent32.exe, Playback - [WARNING] Internal warning: Window Not Found: [VisibleOnly]ControlType='Window' &amp;&amp; Name='Save the file as' &amp;&amp; ClassName='#32770'
\0
E, 3240, 19, 2013/05/24, 08:45:18.372, 1100687085990, QTAgent32.exe, &lt;a class=failure&gt;Playback - {95} [FAILED] Function ElementFetcher::FindScreenElement failed to locate UI element (Searching: ;[VisibleOnly]ControlType='Window' &amp;&amp; Name='Save the file as' &amp;&amp; ClassName='#32770') (The object specified was not found.)
\0&lt;/a&gt;
E, 3240, 19, 2013/05/24, 08:45:18.422, 1100687813402, QTAgent32.exe, Playback - [IMAGE] C:\Users\testuser\AppData\Local\Temp\UITestLogs\LastRun\RPFFDB2.png
\0
W, 3240, 19, 2013/05/24, 08:45:18.423, 1100687815145, QTAgent32.exe, Playback - [WARNING] Internal warning: Couldn't find descendants that match QueryId
\0
W, 3240, 19, 2013/05/24, 08:45:18.423, 1100687817652, QTAgent32.exe, PERF WARNING: FindTopLevelWindowHelper::FindAllDescendents: took 24388 ms. Expected it to take maximum 500 ms.
W, 3240, 19, 2013/05/24, 08:45:37.344, 1100958734371, QTAgent32.exe, Playback - [WARNING] Internal warning: Window Not Found: [VisibleOnly]ControlType='Window' &amp;&amp; Name='Save the file as' &amp;&amp; ClassName='#32770'
\0
E, 3240, 19, 2013/05/24, 08:45:37.344, 1100958736738, QTAgent32.exe, &lt;a class=failure&gt;Playback - {96} [FAILED] Function ElementFetcher::FindScreenElement failed to locate UI element (Searching: ;[VisibleOnly]ControlType='Window' &amp;&amp; Name='Save the file as' &amp;&amp; ClassName='#32770') (The object specified was not found.)
\0&lt;/a&gt;
E, 3240, 19, 2013/05/24, 08:45:37.393, 1100959432297, QTAgent32.exe, Playback - [IMAGE] C:\Users\testuser\AppData\Local\Temp\UITestLogs\LastRun\RPF47CD.png
\0
W, 3240, 19, 2013/05/24, 08:45:37.393, 1100959433869, QTAgent32.exe, Playback - [WARNING] Internal warning: Couldn't find descendants that match QueryId
\0
W, 3240, 19, 2013/05/24, 08:45:37.393, 1100959436764, QTAgent32.exe, PERF WARNING: FindTopLevelWindowHelper::FindAllDescendents: took 18969 ms. Expected it to take maximum 500 ms.
W, 3240, 19, 2013/05/24, 08:45:40.287, 1101000879078, QTAgent32.exe, Playback - [WARNING] Internal warning: Smart Match failed
\0
W, 3240, 19, 2013/05/24, 08:45:41.505, 1101018312708, QTAgent32.exe, Playback - [WARNING] Internal warning: Window Not Found: [VisibleOnly]ControlType='Window' &amp;&amp; Name='Save the file as' &amp;&amp; ClassName='#32770'
\0
E, 3240, 19, 2013/05/24, 08:45:41.505, 1101018314964, QTAgent32.exe, &lt;a class=failure&gt;Playback - {97} [FAILED] Function ElementFetcher::FindScreenElement failed to locate UI element (Searching: ;[VisibleOnly]ControlType='Window' &amp;&amp; Name='Save the file as' &amp;&amp; ClassName='#32770') (The object specified was not found.)
\0&lt;/a&gt;
E, 3240, 19, 2013/05/24, 08:45:41.554, 1101019020673, QTAgent32.exe, Playback - [IMAGE] C:\Users\testuser\AppData\Local\Temp\UITestLogs\LastRun\RPF5813.png
\0
W, 3240, 19, 2013/05/24, 08:45:41.555, 1101019022378, QTAgent32.exe, Playback - [WARNING] Internal warning: Couldn't find descendants that match QueryId
\0
W, 3240, 19, 2013/05/24, 08:45:41.555, 1101019024732, QTAgent32.exe, PERF WARNING: FindTopLevelWindowHelper::FindAllDescendents: took 4161 ms. Expected it to take maximum 500 ms.
E, 3240, 19, 2013/05/24, 08:45:41.555, 1101019026337, QTAgent32.exe, Exception: System.Runtime.InteropServices.COMException
	Message: Error HRESULT E_FAIL has been returned from a call to a COM component.
	Stack Trace:    at Microsoft.VisualStudio.TestTools.UITest.Playback.Engine.IRPFPlayback.FindAllScreenElements(IScreenElement pScreenElementStart, String bstrQueryId, Object&amp; pvarResKeys, Int32 cResKeys, Int32 nMaxDepth, Object[]&amp; foundDescendants)
   at Microsoft.VisualStudio.TestTools.UITest.Playback.ScreenElement.FindTopLevelWindowHelper(String queryId)
	BaseExceptionMessage: Error HRESULT E_FAIL has been returned from a call to a COM component.

E, 3240, 19, 2013/05/24, 08:45:41.655, 1101020466219, QTAgent32.exe, AL: Playback Error: Microsoft.VisualStudio.TestTools.UITest.Extension.UITestControlNotFoundException: The playback failed to find the control with the given search properties. Additional Details: 
TechnologyName:  'MSAA'
ControlType:  'Window'
Name:  'Save the file as'
ClassName:  '#32770'
 ---&gt; System.Runtime.InteropServices.COMException: Error HRESULT E_FAIL has been returned from a call to a COM component.
   at Microsoft.VisualStudio.TestTools.UITest.Playback.Engine.IRPFPlayback.FindAllScreenElements(IScreenElement pScreenElementStart, String bstrQueryId, Object&amp; pvarResKeys, Int32 cResKeys, Int32 nMaxDepth, Object[]&amp; foundDescendants)
   at Microsoft.VisualStudio.TestTools.UITest.Playback.ScreenElement.FindTopLevelWindowHelper(String queryId)
   at Microsoft.VisualStudio.TestTools.UITest.Playback.ScreenElement.FindFromPartialQueryId(String queryId)
   at Microsoft.VisualStudio.TestTools.UITesting.UITestControl..ctor(String queryId)
   --- End of inner exception stack trace ---
   at Microsoft.VisualStudio.TestTools.UITesting.Playback.MapControlNotFoundException(COMException ex, IPlaybackContext context)
   at Microsoft.VisualStudio.TestTools.UITesting.Playback.MapAndThrowComException(COMException innerException, IPlaybackContext context)
   at Microsoft.VisualStudio.TestTools.UITesting.Playback.MapAndThrowException(SystemException exception, IPlaybackContext context)
   at Microsoft.VisualStudio.TestTools.UITesting.Playback.MapAndThrowException(SystemException exception, String queryId)
   at Microsoft.VisualStudio.TestTools.UITesting.UITestControl..ctor(String queryId)
   at Microsoft.VisualStudio.TestTools.UITesting.SearchHelper.SearchTopLevelWindow(ISearchArgument topLevelSearchArg, String topLevelElementQueryId)
   at Microsoft.VisualStudio.TestTools.UITesting.SearchHelper.GetTitleUpdatedTopLevelWindow(ISearchArgument topLevelSearchArg, String queryId, IList`1 windowTitles)
   at Microsoft.VisualStudio.TestTools.UITesting.SearchHelper.GetTopLevelElement(Boolean useCache, Boolean useCacheOnly, ISearchArgument searchArg, IList`1 windowTitles, Int32&amp; timeLeft)
   at Microsoft.VisualStudio.TestTools.UITesting.SearchHelper.GetElement(Boolean useCache, ISearchArgument searchArg)
   at Microsoft.VisualStudio.TestTools.UITesting.SearchHelper.Search(ISearchArgument searchArg)
   at Microsoft.VisualStudio.TestTools.UITesting.UITestControl.FindInternal()
   at Microsoft.VisualStudio.TestTools.UITesting.UITestControl.FindControlIfNecessary()
   at Microsoft.VisualStudio.TestTools.UITesting.UITestControl.Click(MouseButtons button, ModifierKeys modifierKeys, Point relativeCoordinates)
   at Microsoft.VisualStudio.TestTools.UITesting.Mouse.ClickImplementation(UITestControl control, MouseButtons button, ModifierKeys modifierKeys, Point relativeCoordinate)
   at Microsoft.VisualStudio.TestTools.UITesting.Mouse.ClickImplementationWrapper(UITestControl control, MouseButtons button, ModifierKeys modifierKeys, Point relativeCoordinate)
W, 3240, 19, 2013/05/24, 08:45:41.656, 1101020468441, QTAgent32.exe, PlaybackErrorHandler: Ignoring exception as ContinueOnError is set.
W, 3240, 19, 2013/05/24, 08:45:41.790, 1101022394994, QTAgent32.exe, &lt;a class=success&gt;Playback - {98} [SUCCESS] Check - "[MSAA, VisibleOnly]ControlType='CheckBox' &amp;&amp; Name='Defer Printing?'"
\0&lt;/a&gt;
W, 3240, 19, 2013/05/24, 08:45:42.279, 1101029398288, QTAgent32.exe, &lt;a class=success&gt;Playback - {99} [SUCCESS] MouseButtonClick - "[MSAA, VisibleOnly]ControlType='Button' &amp;&amp; Name='Ok'"
\0&lt;/a&gt;
W, 3240, 19, 2013/05/24, 08:45:43.693, 1101049643637, QTAgent32.exe, PERF WARNING: FindTopLevelWindowHelper::FindAllDescendents: took 1313 ms. Expected it to take maximum 500 ms.
W, 3240, 19, 2013/05/24, 08:45:43.900, 1101052601587, QTAgent32.exe, &lt;a class=success&gt;Playback - {100} [SUCCESS] Uncheck - "[MSAA, VisibleOnly]ControlType='CheckBox' &amp;&amp; Name='Add Activity'"
\0&lt;/a&gt;
W, 3240, 19, 2013/05/24, 08:45:46.357, 1101087790324, QTAgent32.exe, &lt;a class=success&gt;Playback - {101} [SUCCESS] MouseButtonClick - "[MSAA, VisibleOnly]ControlType='Button' &amp;&amp; Name='Ok'"
\0&lt;/a&gt;
W, 3240, 19, 2013/05/24, 08:45:46.595, 1101091196914, QTAgent32.exe, &lt;a class=success&gt;Playback - {102} [SUCCESS] MouseButtonClick - "[MSAA, VisibleOnly]ControlType='Button' &amp;&amp; Name='Ok'"
\0&lt;/a&gt;
W, 3240, 19, 2013/05/24, 08:45:49.285, 1101129713159, QTAgent32.exe, PERF WARNING: FindTopLevelWindowHelper::FindAllDescendents: took 2579 ms. Expected it to take maximum 500 ms.
W, 3240, 19, 2013/05/24, 08:45:51.437, 1101160525535, QTAgent32.exe, &lt;a class=success&gt;Playback - {103} [SUCCESS] MouseButtonClick - "[MSAA, VisibleOnly]ControlType='Button' &amp;&amp; Name='OK'"
\0&lt;/a&gt;
W, 3240, 19, 2013/05/24, 08:45:51.695, 1101164222409, QTAgent32.exe, &lt;a class=success&gt;Playback - {104} [SUCCESS] MouseButtonClick - "[MSAA, VisibleOnly]ControlType='Button' &amp;&amp; Name='Cancel'"
\0&lt;/a&gt;
W, 3240, 19, 2013/05/24, 08:45:52.053, 1101169349729, QTAgent32.exe, &lt;a class=success&gt;Playback - {105} [SUCCESS] MouseButtonClick - "[MSAA, VisibleOnly]ControlType='Button'"
\0&lt;/a&gt;
W, 3240, 19, 2013/05/24, 08:45:52.471, 1101175333100, QTAgent32.exe, &lt;a class=success&gt;Playback - {106} [SUCCESS] MouseButtonClick - "[MSAA, VisibleOnly]ControlType='Button' &amp;&amp; Name='Detail'"
\0&lt;/a&gt;
E, 3240, 19, 2013/05/24, 08:45:54.720, 1101207524245, QTAgent32.exe, IEDOM : Could not get valid window handle of Internet Explorer_server
W, 3240, 19, 2013/05/24, 08:45:54.720, 1101207525414, QTAgent32.exe, IEDOM : Unable to get the document Window Handle
E, 3240, 19, 2013/05/24, 08:45:56.720, 1101236167025, QTAgent32.exe, IEDOM : Could not get valid window handle of Internet Explorer_server
W, 3240, 19, 2013/05/24, 08:45:56.720, 1101236168369, QTAgent32.exe, IEDOM : Unable to get the document Window Handle
E, 3240, 19, 2013/05/24, 08:45:58.720, 1101264806958, QTAgent32.exe, IEDOM : Could not get valid window handle of Internet Explorer_server
W, 3240, 19, 2013/05/24, 08:45:58.720, 1101264808198, QTAgent32.exe, IEDOM : Unable to get the document Window Handle
E, 3240, 19, 2013/05/24, 08:46:00.721, 1101293447138, QTAgent32.exe, IEDOM : Could not get valid window handle of Internet Explorer_server
W, 3240, 19, 2013/05/24, 08:46:00.721, 1101293448382, QTAgent32.exe, IEDOM : Unable to get the document Window Handle
E, 3240, 19, 2013/05/24, 08:46:02.721, 1101322086889, QTAgent32.exe, IEDOM : Could not get valid window handle of Internet Explorer_server
W, 3240, 19, 2013/05/24, 08:46:02.721, 1101322088072, QTAgent32.exe, IEDOM : Unable to get the document Window Handle
E, 3240, 19, 2013/05/24, 08:46:04.721, 1101350727096, QTAgent32.exe, IEDOM : Could not get valid window handle of Internet Explorer_server
W, 3240, 19, 2013/05/24, 08:46:04.721, 1101350728360, QTAgent32.exe, IEDOM : Unable to get the document Window Handle
E, 3240, 19, 2013/05/24, 08:46:06.721, 1101379367098, QTAgent32.exe, IEDOM : Could not get valid window handle of Internet Explorer_server
W, 3240, 19, 2013/05/24, 08:46:06.721, 1101379368337, QTAgent32.exe, IEDOM : Unable to get the document Window Handle
E, 3240, 19, 2013/05/24, 08:46:08.724, 1101408033610, QTAgent32.exe, IEDOM : Could not get valid window handle of Internet Explorer_server
W, 3240, 19, 2013/05/24, 08:46:08.724, 1101408034822, QTAgent32.exe, IEDOM : Unable to get the document Window Handle
W, 3240, 19, 2013/05/24, 08:46:09.651, 1101421315078, QTAgent32.exe, Playback - [WARNING] Internal warning: Window Not Found: [VisibleOnly]ControlType='Window' &amp;&amp; Name='Connect to www.insur-econnect.com'
\0
E, 3240, 19, 2013/05/24, 08:46:09.651, 1101421316877, QTAgent32.exe, &lt;a class=failure&gt;Playback - {107} [FAILED] Function ElementFetcher::FindScreenElement failed to locate UI element (Searching: ;[VisibleOnly]ControlType='Window' &amp;&amp; Name='Connect to www.insur-econnect.com') (The object specified was not found.)
\0&lt;/a&gt;
E, 3240, 19, 2013/05/24, 08:46:09.689, 1101421852630, QTAgent32.exe, Playback - [IMAGE] C:\Users\testuser\AppData\Local\Temp\UITestLogs\LastRun\RPFC602.png
\0
W, 3240, 19, 2013/05/24, 08:46:09.689, 1101421854200, QTAgent32.exe, Playback - [WARNING] Internal warning: Couldn't find descendants that match QueryId
\0
W, 3240, 19, 2013/05/24, 08:46:09.689, 1101421856538, QTAgent32.exe, PERF WARNING: FindTopLevelWindowHelper::FindAllDescendents: took 963 ms. Expected it to take maximum 500 ms.
W, 3240, 19, 2013/05/24, 08:46:27.811, 1101681332630, QTAgent32.exe, Playback - [WARNING] Internal warning: Window Not Found: [VisibleOnly]ControlType='Window' &amp;&amp; Name='Connect to www.insur-econnect.com'
\0
E, 3240, 19, 2013/05/24, 08:46:27.811, 1101681334580, QTAgent32.exe, &lt;a class=failure&gt;Playback - {108} [FAILED] Function ElementFetcher::FindScreenElement failed to locate UI element (Searching: ;[VisibleOnly]ControlType='Window' &amp;&amp; Name='Connect to www.insur-econnect.com') (The object specified was not found.)
\0&lt;/a&gt;
E, 3240, 19, 2013/05/24, 08:46:27.849, 1101681877955, QTAgent32.exe, Playback - [IMAGE] C:\Users\testuser\AppData\Local\Temp\UITestLogs\LastRun\RPFCF2.png
\0
W, 3240, 19, 2013/05/24, 08:46:27.849, 1101681879676, QTAgent32.exe, Playback - [WARNING] Internal warning: Couldn't find descendants that match QueryId
\0
W, 3240, 19, 2013/05/24, 08:46:27.849, 1101681882132, QTAgent32.exe, PERF WARNING: FindTopLevelWindowHelper::FindAllDescendents: took 18160 ms. Expected it to take maximum 500 ms.
W, 3240, 19, 2013/05/24, 08:46:28.341, 1101688913662, QTAgent32.exe, Playback - [WARNING] Internal warning: Smart Match failed
\0
W, 3240, 19, 2013/05/24, 08:46:28.579, 1101692321853, QTAgent32.exe, Playback - [WARNING] Internal warning: Smart Match failed
\0
W, 3240, 19, 2013/05/24, 08:46:28.822, 1101695801306, QTAgent32.exe, Playback - [WARNING] Internal warning: Smart Match failed
\0
W, 3240, 19, 2013/05/24, 08:46:29.073, 1101699396991, QTAgent32.exe, Playback - [WARNING] Internal warning: Smart Match failed
\0
W, 3240, 19, 2013/05/24, 08:46:29.327, 1101703041954, QTAgent32.exe, Playback - [WARNING] Internal warning: Smart Match failed
\0
W, 3240, 19, 2013/05/24, 08:46:29.575, 1101706591734, QTAgent32.exe, Playback - [WARNING] Internal warning: Smart Match failed
\0
W, 3240, 19, 2013/05/24, 08:46:29.812, 1101709978651, QTAgent32.exe, Playback - [WARNING] Internal warning: Smart Match failed
\0
W, 3240, 19, 2013/05/24, 08:46:30.051, 1101713407086, QTAgent32.exe, Playback - [WARNING] Internal warning: Smart Match failed
\0
W, 3240, 19, 2013/05/24, 08:46:30.307, 1101717072592, QTAgent32.exe, Playback - [WARNING] Internal warning: Smart Match failed
\0
W, 3240, 19, 2013/05/24, 08:46:30.546, 1101720499326, QTAgent32.exe, Playback - [WARNING] Internal warning: Smart Match failed
\0
W, 3240, 19, 2013/05/24, 08:46:30.788, 1101723956010, QTAgent32.exe, Playback - [WARNING] Internal warning: Smart Match failed
\0
W, 3240, 19, 2013/05/24, 08:46:30.917, 1101725803156, QTAgent32.exe, Playback - [WARNING] Internal warning: Window Not Found: [VisibleOnly]ControlType='Window' &amp;&amp; Name='Connect to www.insur-econnect.com'
\0
E, 3240, 19, 2013/05/24, 08:46:30.917, 1101725804973, QTAgent32.exe, &lt;a class=failure&gt;Playback - {109} [FAILED] Function ElementFetcher::FindScreenElement failed to locate UI element (Searching: ;[VisibleOnly]ControlType='Window' &amp;&amp; Name='Connect to www.insur-econnect.com') (The object specified was not found.)
\0&lt;/a&gt;
E, 3240, 19, 2013/05/24, 08:46:30.955, 1101726351368, QTAgent32.exe, Playback - [IMAGE] C:\Users\testuser\AppData\Local\Temp\UITestLogs\LastRun\RPF1913.png
\0
W, 3240, 19, 2013/05/24, 08:46:30.955, 1101726352882, QTAgent32.exe, Playback - [WARNING] Internal warning: Couldn't find descendants that match QueryId
\0
W, 3240, 19, 2013/05/24, 08:46:30.955, 1101726355238, QTAgent32.exe, PERF WARNING: FindTopLevelWindowHelper::FindAllDescendents: took 3105 ms. Expected it to take maximum 500 ms.
E, 3240, 19, 2013/05/24, 08:46:30.955, 1101726356808, QTAgent32.exe, Exception: System.Runtime.InteropServices.COMException
	Message: Error HRESULT E_FAIL has been returned from a call to a COM component.
	Stack Trace:    at Microsoft.VisualStudio.TestTools.UITest.Playback.Engine.IRPFPlayback.FindAllScreenElements(IScreenElement pScreenElementStart, String bstrQueryId, Object&amp; pvarResKeys, Int32 cResKeys, Int32 nMaxDepth, Object[]&amp; foundDescendants)
   at Microsoft.VisualStudio.TestTools.UITest.Playback.ScreenElement.FindTopLevelWindowHelper(String queryId)
	BaseExceptionMessage: Error HRESULT E_FAIL has been returned from a call to a COM component.

W, 3240, 19, 2013/05/24, 08:46:31.323, 1101731621706, QTAgent32.exe, &lt;a class=success&gt;Playback - {110} [SUCCESS] TypeString "Bus Sys{Tab}Tottenham1"
\0&lt;/a&gt;
W, 3240, 19, 2013/05/24, 08:46:31.645, 1101736236277, QTAgent32.exe, &lt;a class=success&gt;Playback - {111} [SUCCESS] MouseButtonClick - "[MSAA, VisibleOnly]ControlType='Button' &amp;&amp; Name='OK'"
\0&lt;/a&gt;
E, 3240, 19, 2013/05/24, 08:46:31.745, 1101737666533, QTAgent32.exe, IEDOM : Could not get valid window handle of Internet Explorer_server
W, 3240, 19, 2013/05/24, 08:46:31.745, 1101737667529, QTAgent32.exe, IEDOM : Unable to get the document Window Handle
W, 3240, 19, 2013/05/24, 08:46:34.937, 1101783367299, QTAgent32.exe, &lt;a class=success&gt;Playback - {112} [SUCCESS] MouseButtonClick - "[Web]ControlType='Hyperlink' &amp;&amp; TagName='A' &amp;&amp; Id='' &amp;&amp; Name='' &amp;&amp; Target='' &amp;&amp; InnerText='Renewals Maintenance' &amp;&amp; FilterCondition(AbsolutePath='/sysmaint/content/leftbar.asp', Title='', Href='https://www.insur-econnect.com/sysmaint/content/leftbar.asp#', Class='', ControlDefinition='style="COLOR: white" href="#"', TagInstance='39')"
\0&lt;/a&gt;
W, 3240, 19, 2013/05/24, 08:46:35.331, 1101789002448, QTAgent32.exe, &lt;a class=success&gt;Playback - {113} [SUCCESS] MouseButtonClick - "[Web]ControlType='Hyperlink' &amp;&amp; TagName='A' &amp;&amp; Id='' &amp;&amp; Name='' &amp;&amp; Target='content' &amp;&amp; InnerText='Create a Motor Test Renewal Invitation' &amp;&amp; FilterCondition(AbsolutePath='/sysmaint/content/AddTestRenewalNotice.asp', Title='', Href='https://www.insur-econnect.com/sysmaint/content/AddTestRenewalNotice.asp', Class='itemlink', ControlDefinition='class=itemlink href="AddTestRenewalNotic', TagInstance='1')"
\0&lt;/a&gt;
E, 3240, 19, 2013/05/24, 08:46:37.017, 1101813145248, QTAgent32.exe, Exception: System.NotSupportedException
	Message: Internal Error: This method on IEWebControlElement should not get called.
	Stack Trace:    at Microsoft.VisualStudio.TestTools.UITest.Extension.IE.BrowserOptionElementNode.InvokeProgrammaticAction(ProgrammaticActionOption programmaticActionOption)
	BaseExceptionMessage: Internal Error: This method on IEWebControlElement should not get called.

W, 3240, 19, 2013/05/24, 08:46:37.192, 1101815653044, QTAgent32.exe, &lt;a class=success&gt;Playback - {114} [SUCCESS] SetValueAsComboBox "Highway Insurance" - "[Web]ControlType='ComboBox' &amp;&amp; TagName='SELECT' &amp;&amp; Id='InsurerID' &amp;&amp; Name='InsurerID' &amp;&amp; FilterCondition(Size='0', LabeledBy='', Title='', ItemCount='54', Class='', ControlDefinition='id=InsurerID onchange=selectInsurer() na', TagInstance='1')"  &lt; SetValueAsComboBox, set by clicking on the item in the list box &gt;
\0&lt;/a&gt;
W, 3240, 19, 2013/05/24, 08:46:37.846, 1101825017648, QTAgent32.exe, &lt;a class=success&gt;Playback - {115} [SUCCESS] SetValueAsEditBox "7071001663" - "[Web]ControlType='Edit' &amp;&amp; TagName='INPUT' &amp;&amp; Id='' &amp;&amp; Name='txtPolicyNumber' &amp;&amp; LabeledBy='' &amp;&amp; Type='SINGLELINE' &amp;&amp; FilterCondition(Title='', Class='', ControlDefinition='name=txtPolicyNumber align=left size=15', TagInstance='1')"  &lt; Set via SendKeys &gt;
\0&lt;/a&gt;
W, 3240, 19, 2013/05/24, 08:46:38.246, 1101830739543, QTAgent32.exe, &lt;a class=success&gt;Playback - {116} [SUCCESS] SetValueAsEditBox "31/5/2013" - "[Web]ControlType='Edit' &amp;&amp; TagName='INPUT' &amp;&amp; Id='' &amp;&amp; Name='txtAutoLapseDate' &amp;&amp; LabeledBy='' &amp;&amp; Type='SINGLELINE' &amp;&amp; FilterCondition(Title='', Class='', ControlDefinition='name=txtAutoLapseDate maxLength=10 value', TagInstance='8')"  &lt; Set via SendKeys &gt;
\0&lt;/a&gt;
W, 3240, 19, 2013/05/24, 08:46:38.742, 1101837850307, QTAgent32.exe, &lt;a class=success&gt;Playback - {117} [SUCCESS] MouseButtonClick - "[Web]ControlType='Button' &amp;&amp; TagName='INPUT' &amp;&amp; Id='buttonCreate' &amp;&amp; Name='buttonCreate' &amp;&amp; FilterCondition(DisplayText='  Create Record  ', Type='button', Title='Click to create the new record', Class='', ControlDefinition='id=buttonCreate title="Click to create t', TagInstance='10')"
\0&lt;/a&gt;
W, 3240, 19, 2013/05/24, 08:46:38.989, 1101841384325, QTAgent32.exe, &lt;a class=success&gt;Playback - {118} [SUCCESS] MouseButtonClick - "[MSAA, VisibleOnly]ControlType='Button' &amp;&amp; Name='OK'"
\0&lt;/a&gt;
W, 3240, 19, 2013/05/24, 08:46:44.157, 1101915367134, QTAgent32.exe, &lt;a class=success&gt;Playback - {119} [SUCCESS] TypeString "%({F4})"
\0&lt;/a&gt;
W, 3240, 19, 2013/05/24, 08:46:44.759, 1101923990517, QTAgent32.exe, &lt;a class=success&gt;Playback - {120} [SUCCESS] SendKeys "^{HOME}" - "[MSAA, VisibleOnly]ControlType='Edit'"
\0&lt;/a&gt;
E, 3240, 19, 2013/05/24, 08:46:44.759, 1101923992334, QTAgent32.exe, Msaa.GetFocusedElement: could not find accessible object of foreground window
W, 3240, 19, 2013/05/24, 08:46:44.812, 1101924756615, QTAgent32.exe, &lt;a class=success&gt;Playback - {121} [SUCCESS] SendKeys "^+{END}" - "[MSAA, VisibleOnly]ControlType='Edit'"
\0&lt;/a&gt;
E, 3240, 19, 2013/05/24, 08:46:44.812, 1101924758159, QTAgent32.exe, Msaa.GetFocusedElement: could not find accessible object of foreground window
W, 3240, 19, 2013/05/24, 08:46:44.826, 1101924950341, QTAgent32.exe, &lt;a class=success&gt;Playback - {122} [SUCCESS] SendKeys "{DELETE}" - "[MSAA, VisibleOnly]ControlType='Edit'"
\0&lt;/a&gt;
W, 3240, 19, 2013/05/24, 08:46:45.096, 1101928818773, QTAgent32.exe, &lt;a class=success&gt;Playback - {123} [SUCCESS] SetValueAsEditBox "31/05/2012" - "[MSAA, VisibleOnly]ControlType='Edit'"  &lt; Set via SendKeys &gt;
\0&lt;/a&gt;
W, 3240, 19, 2013/05/24, 08:46:45.438, 1101933721372, QTAgent32.exe, &lt;a class=success&gt;Playback - {124} [SUCCESS] MouseButtonClick - "[MSAA, VisibleOnly]ControlType='Button' &amp;&amp; Name='OK'"
\0&lt;/a&gt;
W, 3240, 19, 2013/05/24, 08:46:46.478, 1101948610119, QTAgent32.exe, &lt;a class=success&gt;Playback - {125} [SUCCESS] MouseButtonClick - "[MSAA, VisibleOnly]ControlType='Client'"
\0&lt;/a&gt;
W, 3240, 19, 2013/05/24, 08:46:46.764, 1101952701247, QTAgent32.exe, &lt;a class=success&gt;Playback - {126} [SUCCESS] MouseButtonClick - "[MSAA, VisibleOnly]ControlType='Client'"
\0&lt;/a&gt;
W, 3240, 19, 2013/05/24, 08:46:47.566, 1101964195382, QTAgent32.exe, &lt;a class=success&gt;Playback - {127} [SUCCESS] SetValueAsEditBox "AUTO146" - "[MSAA, VisibleOnly]ControlType='Edit'"  &lt; Set via SendKeys &gt;
\0&lt;/a&gt;
W, 3240, 19, 2013/05/24, 08:46:47.805, 1101967611204, QTAgent32.exe, &lt;a class=success&gt;Playback - {128} [SUCCESS] SetValueAsEditBox "-1001" - "[MSAA, VisibleOnly]ControlType='Edit'"  &lt; Set via SendKeys &gt;
\0&lt;/a&gt;
W, 3240, 19, 2013/05/24, 08:46:47.958, 1101969792703, QTAgent32.exe, &lt;a class=success&gt;Playback - {129} [SUCCESS] SendKeys "^{HOME}" - "[MSAA, VisibleOnly]ControlType='Edit'"
\0&lt;/a&gt;
E, 3240, 19, 2013/05/24, 08:46:47.958, 1101969794530, QTAgent32.exe, Msaa.GetFocusedElement: could not find accessible object of foreground window
W, 3240, 19, 2013/05/24, 08:46:48.010, 1101970537191, QTAgent32.exe, &lt;a class=success&gt;Playback - {130} [SUCCESS] SendKeys "^+{END}" - "[MSAA, VisibleOnly]ControlType='Edit'"
\0&lt;/a&gt;
E, 3240, 19, 2013/05/24, 08:46:48.010, 1101970538743, QTAgent32.exe, Msaa.GetFocusedElement: could not find accessible object of foreground window
W, 3240, 19, 2013/05/24, 08:46:48.022, 1101970709401, QTAgent32.exe, &lt;a class=success&gt;Playback - {131} [SUCCESS] SendKeys "{DELETE}" - "[MSAA, VisibleOnly]ControlType='Edit'"
\0&lt;/a&gt;
W, 3240, 19, 2013/05/24, 08:46:48.228, 1101973668760, QTAgent32.exe, &lt;a class=success&gt;Playback - {132} [SUCCESS] SetValueAsEditBox "31/05/2012" - "[MSAA, VisibleOnly]ControlType='Edit'"  &lt; Set via SendKeys &gt;
\0&lt;/a&gt;
W, 3240, 19, 2013/05/24, 08:46:48.655, 1101979781727, QTAgent32.exe, &lt;a class=success&gt;Playback - {133} [SUCCESS] MouseButtonClick - "[MSAA, VisibleOnly]ControlType='Button' &amp;&amp; Name='Regress'"
\0&lt;/a&gt;
W, 3240, 19, 2013/05/24, 08:46:50.900, 1102011928588, QTAgent32.exe, &lt;a class=success&gt;Playback - {134} [SUCCESS] MouseButtonClick - "[MSAA, VisibleOnly]ControlType='Button' &amp;&amp; Name='Exit'"
\0&lt;/a&gt;
W, 3240, 19, 2013/05/24, 08:46:51.165, 1102015717299, QTAgent32.exe, &lt;a class=success&gt;Playback - {135} [SUCCESS] MouseButtonClick - "[MSAA, VisibleOnly]ControlType='Button'"
\0&lt;/a&gt;
W, 3240, 19, 2013/05/24, 08:46:51.396, 1102019028953, QTAgent32.exe, &lt;a class=success&gt;Playback - {136} [SUCCESS] MouseButtonClick - "[MSAA, VisibleOnly]ControlType='Button' &amp;&amp; Name='Options'"
\0&lt;/a&gt;
W, 3240, 19, 2013/05/24, 08:46:51.496, 1102020466647, QTAgent32.exe, FindScreenElementInSinglePass : Attempting to find control in one pass of search. Failures can occur.
W, 3240, 19, 2013/05/24, 08:46:51.647, 1102022611592, QTAgent32.exe, &lt;a class=success&gt;Playback - {137} [SUCCESS] MouseButtonClick - "[MSAA]ControlType='MenuItem' &amp;&amp; Name='Links'"
\0&lt;/a&gt;
W, 3240, 19, 2013/05/24, 08:46:51.747, 1102024047251, QTAgent32.exe, FindScreenElementInSinglePass : Attempting to find control in one pass of search. Failures can occur.
W, 3240, 19, 2013/05/24, 08:46:51.896, 1102026185069, QTAgent32.exe, &lt;a class=success&gt;Playback - {138} [SUCCESS] MouseButtonClick - "[MSAA]ControlType='MenuItem' &amp;&amp; Name='3rd Party Integration'"
\0&lt;/a&gt;
W, 3240, 19, 2013/05/24, 08:46:51.996, 1102027620695, QTAgent32.exe, FindScreenElementInSinglePass : Attempting to find control in one pass of search. Failures can occur.
W, 3240, 19, 2013/05/24, 08:46:52.149, 1102029807178, QTAgent32.exe, &lt;a class=success&gt;Playback - {139} [SUCCESS] MouseButtonClick - "[MSAA]ControlType='MenuItem' &amp;&amp; Name='Renewals Loader'"
\0&lt;/a&gt;
W, 3240, 19, 2013/05/24, 08:46:52.391, 1102033264927, QTAgent32.exe, &lt;a class=success&gt;Playback - {140} [SUCCESS] MouseButtonClick - "[MSAA, VisibleOnly]ControlType='TitleBar'"
\0&lt;/a&gt;
W, 3240, 19, 2013/05/24, 08:46:52.610, 1102036410575, QTAgent32.exe, &lt;a class=success&gt;Playback - {141} [SUCCESS] SendKeys "^{HOME}" - "[MSAA, VisibleOnly]ControlType='Edit'"
\0&lt;/a&gt;
E, 3240, 19, 2013/05/24, 08:46:52.611, 1102036424025, QTAgent32.exe, Msaa.GetFocusedElement: could not find accessible object of foreground window
W, 3240, 19, 2013/05/24, 08:46:52.676, 1102037355664, QTAgent32.exe, &lt;a class=success&gt;Playback - {142} [SUCCESS] SendKeys "^+{END}" - "[MSAA, VisibleOnly]ControlType='Edit'"
\0&lt;/a&gt;
E, 3240, 19, 2013/05/24, 08:46:52.676, 1102037357790, QTAgent32.exe, Msaa.GetFocusedElement: could not find accessible object of foreground window
W, 3240, 19, 2013/05/24, 08:46:52.690, 1102037549576, QTAgent32.exe, &lt;a class=success&gt;Playback - {143} [SUCCESS] SendKeys "{DELETE}" - "[MSAA, VisibleOnly]ControlType='Edit'"
\0&lt;/a&gt;
W, 3240, 19, 2013/05/24, 08:46:52.907, 1102040654687, QTAgent32.exe, &lt;a class=success&gt;Playback - {144} [SUCCESS] SetValueAsEditBox "24/05/2013" - "[MSAA, VisibleOnly]ControlType='Edit'"  &lt; Set via SendKeys &gt;
\0&lt;/a&gt;
W, 3240, 19, 2013/05/24, 08:46:53.073, 1102043033427, QTAgent32.exe, &lt;a class=success&gt;Playback - {145} [SUCCESS] SendKeys "^{HOME}" - "[MSAA, VisibleOnly]ControlType='Edit'"
\0&lt;/a&gt;
E, 3240, 19, 2013/05/24, 08:46:53.073, 1102043035635, QTAgent32.exe, Msaa.GetFocusedElement: could not find accessible object of foreground window
W, 3240, 19, 2013/05/24, 08:46:53.127, 1102043806782, QTAgent32.exe, &lt;a class=success&gt;Playback - {146} [SUCCESS] SendKeys "^+{END}" - "[MSAA, VisibleOnly]ControlType='Edit'"
\0&lt;/a&gt;
E, 3240, 19, 2013/05/24, 08:46:53.127, 1102043809045, QTAgent32.exe, Msaa.GetFocusedElement: could not find accessible object of foreground window
W, 3240, 19, 2013/05/24, 08:46:53.141, 1102044008080, QTAgent32.exe, &lt;a class=success&gt;Playback - {147} [SUCCESS] SendKeys "{DELETE}" - "[MSAA, VisibleOnly]ControlType='Edit'"
\0&lt;/a&gt;
W, 3240, 19, 2013/05/24, 08:46:53.352, 1102047034251, QTAgent32.exe, &lt;a class=success&gt;Playback - {148} [SUCCESS] SetValueAsEditBox "07/06/2013" - "[MSAA, VisibleOnly]ControlType='Edit'"  &lt; Set via SendKeys &gt;
\0&lt;/a&gt;
W, 3240, 19, 2013/05/24, 08:46:53.722, 1102052332337, QTAgent32.exe, &lt;a class=success&gt;Playback - {149} [SUCCESS] MouseButtonClick - "[MSAA, VisibleOnly]ControlType='Button' &amp;&amp; Name='Run'"
\0&lt;/a&gt;
W, 3240, 19, 2013/05/24, 08:46:59.102, 1102129362445, QTAgent32.exe, Playback - [WARNING] Internal warning: Window Not Found: [VisibleOnly]Name='insurE-com System Maintenance' &amp;&amp; ClassName='IEFrame' &amp;&amp; ControlType='Window'
\0
E, 3240, 19, 2013/05/24, 08:46:59.102, 1102129364514, QTAgent32.exe, &lt;a class=failure&gt;Playback - {150} [FAILED] Function ElementFetcher::FindScreenElement failed to locate UI element (Searching: ;[VisibleOnly]Name='insurE-com System Maintenance' &amp;&amp; ClassName='IEFrame' &amp;&amp; ControlType='Window') (The object specified was not found.)
\0&lt;/a&gt;
E, 3240, 19, 2013/05/24, 08:46:59.165, 1102130260834, QTAgent32.exe, Playback - [IMAGE] C:\Users\testuser\AppData\Local\Temp\UITestLogs\LastRun\RPF8732.png
\0
W, 3240, 19, 2013/05/24, 08:46:59.165, 1102130262288, QTAgent32.exe, Playback - [WARNING] Internal warning: Couldn't find descendants that match QueryId
\0
W, 3240, 19, 2013/05/24, 08:47:17.206, 1102388574538, QTAgent32.exe, Playback - [WARNING] Internal warning: Window Not Found: [VisibleOnly]Name='insurE-com System Maintenance' &amp;&amp; ClassName='IEFrame' &amp;&amp; ControlType='Window'
\0
E, 3240, 19, 2013/05/24, 08:47:17.206, 1102388576814, QTAgent32.exe, &lt;a class=failure&gt;Playback - {151} [FAILED] Function ElementFetcher::FindScreenElement failed to locate UI element (Searching: ;[VisibleOnly]Name='insurE-com System Maintenance' &amp;&amp; ClassName='IEFrame' &amp;&amp; ControlType='Window') (The object specified was not found.)
\0&lt;/a&gt;
E, 3240, 19, 2013/05/24, 08:47:17.245, 1102389137706, QTAgent32.exe, Playback - [IMAGE] C:\Users\testuser\AppData\Local\Temp\UITestLogs\LastRun\RPFCDE3.png
\0
W, 3240, 19, 2013/05/24, 08:47:17.245, 1102389139254, QTAgent32.exe, Playback - [WARNING] Internal warning: Couldn't find descendants that match QueryId
\0
W, 3240, 19, 2013/05/24, 08:47:17.245, 1102389141567, QTAgent32.exe, PERF WARNING: FindTopLevelWindowHelper::FindAllDescendents: took 18080 ms. Expected it to take maximum 500 ms.
W, 3240, 19, 2013/05/24, 08:47:17.695, 1102395578714, QTAgent32.exe, Playback - [WARNING] Internal warning: Smart Match failed
\0
W, 3240, 19, 2013/05/24, 08:47:17.880, 1102398228560, QTAgent32.exe, Playback - [WARNING] Internal warning: Smart Match failed
\0
W, 3240, 19, 2013/05/24, 08:47:18.064, 1102400863981, QTAgent32.exe, Playback - [WARNING] Internal warning: Smart Match failed
\0
W, 3240, 19, 2013/05/24, 08:47:18.249, 1102403520986, QTAgent32.exe, Playback - [WARNING] Internal warning: Smart Match failed
\0
W, 3240, 19, 2013/05/24, 08:47:18.447, 1102406348950, QTAgent32.exe, Playback - [WARNING] Internal warning: Smart Match failed
\0
W, 3240, 19, 2013/05/24, 08:47:18.635, 1102409047896, QTAgent32.exe, Playback - [WARNING] Internal warning: Smart Match failed
\0
W, 3240, 19, 2013/05/24, 08:47:18.823, 1102411727160, QTAgent32.exe, Playback - [WARNING] Internal warning: Smart Match failed
\0
W, 3240, 19, 2013/05/24, 08:47:19.009, 1102414404138, QTAgent32.exe, Playback - [WARNING] Internal warning: Smart Match failed
\0
W, 3240, 19, 2013/05/24, 08:47:19.198, 1102417103768, QTAgent32.exe, Playback - [WARNING] Internal warning: Smart Match failed
\0
W, 3240, 19, 2013/05/24, 08:47:19.383, 1102419752576, QTAgent32.exe, Playback - [WARNING] Internal warning: Smart Match failed
\0
W, 3240, 19, 2013/05/24, 08:47:19.565, 1102422357001, QTAgent32.exe, Playback - [WARNING] Internal warning: Smart Match failed
\0
W, 3240, 19, 2013/05/24, 08:47:19.748, 1102424966999, QTAgent32.exe, Playback - [WARNING] Internal warning: Smart Match failed
\0
W, 3240, 19, 2013/05/24, 08:47:19.931, 1102427595997, QTAgent32.exe, Playback - [WARNING] Internal warning: Smart Match failed
\0
W, 3240, 19, 2013/05/24, 08:47:20.120, 1102430305781, QTAgent32.exe, Playback - [WARNING] Internal warning: Smart Match failed
\0
W, 3240, 19, 2013/05/24, 08:47:20.305, 1102432954397, QTAgent32.exe, Playback - [WARNING] Internal warning: Smart Match failed
\0
W, 3240, 19, 2013/05/24, 08:47:20.379, 1102434011938, QTAgent32.exe, Playback - [WARNING] Internal warning: Window Not Found: [VisibleOnly]Name='insurE-com System Maintenance' &amp;&amp; ClassName='IEFrame' &amp;&amp; ControlType='Window'
\0
E, 3240, 19, 2013/05/24, 08:47:20.379, 1102434013678, QTAgent32.exe, &lt;a class=failure&gt;Playback - {152} [FAILED] Function ElementFetcher::FindScreenElement failed to locate UI element (Searching: ;[VisibleOnly]Name='insurE-com System Maintenance' &amp;&amp; ClassName='IEFrame' &amp;&amp; ControlType='Window') (The object specified was not found.)
\0&lt;/a&gt;
E, 3240, 19, 2013/05/24, 08:47:20.416, 1102434542514, QTAgent32.exe, Playback - [IMAGE] C:\Users\testuser\AppData\Local\Temp\UITestLogs\LastRun\RPFDA52.png
\0
W, 3240, 19, 2013/05/24, 08:47:20.416, 1102434543999, QTAgent32.exe, Playback - [WARNING] Internal warning: Couldn't find descendants that match QueryId
\0
W, 3240, 19, 2013/05/24, 08:47:20.417, 1102434546696, QTAgent32.exe, PERF WARNING: FindTopLevelWindowHelper::FindAllDescendents: took 3170 ms. Expected it to take maximum 500 ms.
E, 3240, 19, 2013/05/24, 08:47:20.417, 1102434548360, QTAgent32.exe, Exception: System.Runtime.InteropServices.COMException
	Message: Error HRESULT E_FAIL has been returned from a call to a COM component.
	Stack Trace:    at Microsoft.VisualStudio.TestTools.UITest.Playback.Engine.IRPFPlayback.FindAllScreenElements(IScreenElement pScreenElementStart, String bstrQueryId, Object&amp; pvarResKeys, Int32 cResKeys, Int32 nMaxDepth, Object[]&amp; foundDescendants)
   at Microsoft.VisualStudio.TestTools.UITest.Playback.ScreenElement.FindTopLevelWindowHelper(String queryId)
	BaseExceptionMessage: Error HRESULT E_FAIL has been returned from a call to a COM component.

E, 3240, 19, 2013/05/24, 08:47:20.417, 1102434550649, QTAgent32.exe, Window 525404 not responding. Last Win32 error 0
E, 3240, 19, 2013/05/24, 08:47:20.417, 1102434551499, QTAgent32.exe, GetClassName for handle 525404 failed
E, 3240, 19, 2013/05/24, 08:47:20.417, 1102434553542, QTAgent32.exe, Window 525404 not responding. Last Win32 error 1400
E, 3240, 19, 2013/05/24, 08:47:20.417, 1102434554328, QTAgent32.exe, GetClassName for handle 525404 failed
E, 3240, 19, 2013/05/24, 08:47:20.517, 1102435989765, QTAgent32.exe, AL: Playback Error: Microsoft.VisualStudio.TestTools.UITest.Extension.UITestControlNotAvailableException: The control is not available or not valid. Additional Details: 
TechnologyName:  'MSAA'
Name:  'insurE-com System Maintenance'
ClassName:  'IEFrame'
ControlType:  'Window'
 ---&gt; System.Runtime.InteropServices.COMException: Error HRESULT E_FAIL has been returned from a call to a COM component.
   at Microsoft.VisualStudio.TestTools.UITest.Playback.Engine.IRPFPlayback.FindAllScreenElements(IScreenElement pScreenElementStart, String bstrQueryId, Object&amp; pvarResKeys, Int32 cResKeys, Int32 nMaxDepth, Object[]&amp; foundDescendants)
   at Microsoft.VisualStudio.TestTools.UITest.Playback.ScreenElement.FindTopLevelWindowHelper(String queryId)
   at Microsoft.VisualStudio.TestTools.UITest.Playback.ScreenElement.FindFromPartialQueryId(String queryId)
   at Microsoft.VisualStudio.TestTools.UITesting.UITestControl.EnsureValid(Boolean waitForReady, Boolean refetch)
   --- End of inner exception stack trace ---
   at Microsoft.VisualStudio.TestTools.UITesting.UITestControl.EnsureValid(Boolean waitForReady, Boolean refetch)
   at Microsoft.VisualStudio.TestTools.UITesting.UITestControl.SendKeys(String text, ModifierKeys modifierKeys, Boolean isEncoded, Boolean isUnicode)
   at Microsoft.VisualStudio.TestTools.UITesting.Keyboard.SendKeysImplementation(UITestControl control, String text, ModifierKeys modifierKeys, Boolean isEncoded, Boolean isUnicode)
   at Microsoft.VisualStudio.TestTools.UITesting.Keyboard.SendKeysImplementationWrapper(UITestControl control, String text, ModifierKeys modifierKeys, Boolean isEncoded, Boolean isUnicode)
W, 3240, 19, 2013/05/24, 08:47:20.517, 1102435991323, QTAgent32.exe, PlaybackErrorHandler: Ignoring exception as ContinueOnError is set.
W, 3240, 19, 2013/05/24, 08:47:21.227, 1102446157121, QTAgent32.exe, &lt;a class=success&gt;Playback - {153} [SUCCESS] MouseButtonClick - "[MSAA, VisibleOnly]ControlType='TitleBar'"
\0&lt;/a&gt;
W, 3240, 19, 2013/05/24, 08:47:21.472, 1102449666106, QTAgent32.exe, &lt;a class=success&gt;Playback - {154} [SUCCESS] MouseButtonClick - "[MSAA, VisibleOnly]ControlType='Button' &amp;&amp; Name='Close'"
\0&lt;/a&gt;
W, 3240, 19, 2013/05/24, 08:47:22.296, 1102461467023, QTAgent32.exe, &lt;a class=success&gt;Playback - {155} [SUCCESS] MouseButtonClick - "[MSAA, VisibleOnly]ControlType='Button' &amp;&amp; Name='Options'"
\0&lt;/a&gt;
W, 3240, 19, 2013/05/24, 08:47:22.397, 1102462904858, QTAgent32.exe, FindScreenElementInSinglePass : Attempting to find control in one pass of search. Failures can occur.
W, 3240, 19, 2013/05/24, 08:47:22.535, 1102464884814, QTAgent32.exe, &lt;a class=success&gt;Playback - {156} [SUCCESS] MouseButtonClick - "[MSAA]ControlType='MenuItem' &amp;&amp; Name='Links'"
\0&lt;/a&gt;
W, 3240, 19, 2013/05/24, 08:47:22.635, 1102466320499, QTAgent32.exe, FindScreenElementInSinglePass : Attempting to find control in one pass of search. Failures can occur.
W, 3240, 19, 2013/05/24, 08:47:22.793, 1102468580165, QTAgent32.exe, &lt;a class=success&gt;Playback - {157} [SUCCESS] MouseButtonClick - "[MSAA]ControlType='MenuItem' &amp;&amp; Name='3rd Party Integration'"
\0&lt;/a&gt;
W, 3240, 19, 2013/05/24, 08:47:22.893, 1102470015500, QTAgent32.exe, FindScreenElementInSinglePass : Attempting to find control in one pass of search. Failures can occur.
W, 3240, 19, 2013/05/24, 08:47:23.046, 1102472202699, QTAgent32.exe, &lt;a class=success&gt;Playback - {158} [SUCCESS] MouseButtonClick - "[MSAA]ControlType='MenuItem' &amp;&amp; Name='Renewals Module'"
\0&lt;/a&gt;
W, 3240, 19, 2013/05/24, 08:47:23.439, 1102477818212, QTAgent32.exe, &lt;a class=success&gt;Playback - {159} [SUCCESS] SetValueAsEditBox "1" - "[MSAA, VisibleOnly]ControlType='Edit'"  &lt; Set via SendKeys &gt;
\0&lt;/a&gt;
W, 3240, 19, 2013/05/24, 08:47:23.981, 1102485599959, QTAgent32.exe, &lt;a class=success&gt;Playback - {160} [SUCCESS] MouseButtonClick - "[MSAA, VisibleOnly]ControlType='Button' &amp;&amp; Name='Ok'"
\0&lt;/a&gt;
W, 3240, 19, 2013/05/24, 08:47:24.317, 1102490396345, QTAgent32.exe, Playback - [WARNING] Internal warning: Window Not Found: [VisibleOnly]ControlType='Window' &amp;&amp; Name='Confirm' &amp;&amp; ClassName='#32770'
\0
E, 3240, 19, 2013/05/24, 08:47:24.317, 1102490398452, QTAgent32.exe, &lt;a class=failure&gt;Playback - {161} [FAILED] Function ElementFetcher::FindScreenElement failed to locate UI element (Searching: ;[VisibleOnly]ControlType='Window' &amp;&amp; Name='Confirm' &amp;&amp; ClassName='#32770') (The object specified was not found.)
\0&lt;/a&gt;
E, 3240, 19, 2013/05/24, 08:47:24.364, 1102491065133, QTAgent32.exe, Playback - [IMAGE] C:\Users\testuser\AppData\Local\Temp\UITestLogs\LastRun\RPFE9AE.png
\0
W, 3240, 19, 2013/05/24, 08:47:24.364, 1102491067160, QTAgent32.exe, Playback - [WARNING] Internal warning: Couldn't find descendants that match QueryId
\0
W, 3240, 19, 2013/05/24, 08:47:42.422, 1102749623599, QTAgent32.exe, Playback - [WARNING] Internal warning: Window Not Found: [VisibleOnly]ControlType='Window' &amp;&amp; Name='Confirm' &amp;&amp; ClassName='#32770'
\0
E, 3240, 19, 2013/05/24, 08:47:42.422, 1102749625870, QTAgent32.exe, &lt;a class=failure&gt;Playback - {162} [FAILED] Function ElementFetcher::FindScreenElement failed to locate UI element (Searching: ;[VisibleOnly]ControlType='Window' &amp;&amp; Name='Confirm' &amp;&amp; ClassName='#32770') (The object specified was not found.)
\0&lt;/a&gt;
E, 3240, 19, 2013/05/24, 08:47:42.467, 1102750267315, QTAgent32.exe, Playback - [IMAGE] C:\Users\testuser\AppData\Local\Temp\UITestLogs\LastRun\RPF306F.png
\0
W, 3240, 19, 2013/05/24, 08:47:42.467, 1102750268861, QTAgent32.exe, Playback - [WARNING] Internal warning: Couldn't find descendants that match QueryId
\0
W, 3240, 19, 2013/05/24, 08:47:42.467, 1102750271358, QTAgent32.exe, PERF WARNING: FindTopLevelWindowHelper::FindAllDescendents: took 18102 ms. Expected it to take maximum 500 ms.
W, 3240, 19, 2013/05/24, 08:47:42.915, 1102756676984, QTAgent32.exe, Playback - [WARNING] Internal warning: Smart Match failed
\0
W, 3240, 19, 2013/05/24, 08:47:43.100, 1102759331825, QTAgent32.exe, Playback - [WARNING] Internal warning: Smart Match failed
\0
W, 3240, 19, 2013/05/24, 08:47:43.283, 1102761948598, QTAgent32.exe, Playback - [WARNING] Internal warning: Smart Match failed
\0
W, 3240, 19, 2013/05/24, 08:47:43.474, 1102764681883, QTAgent32.exe, Playback - [WARNING] Internal warning: Smart Match failed
\0
W, 3240, 19, 2013/05/24, 08:47:43.661, 1102767366416, QTAgent32.exe, Playback - [WARNING] Internal warning: Smart Match failed
\0
W, 3240, 19, 2013/05/24, 08:47:43.850, 1102770064150, QTAgent32.exe, Playback - [WARNING] Internal warning: Smart Match failed
\0
W, 3240, 19, 2013/05/24, 08:47:44.039, 1102772772523, QTAgent32.exe, Playback - [WARNING] Internal warning: Smart Match failed
\0
W, 3240, 19, 2013/05/24, 08:47:44.222, 1102775395992, QTAgent32.exe, Playback - [WARNING] Internal warning: Smart Match failed
\0
W, 3240, 19, 2013/05/24, 08:47:44.410, 1102778087983, QTAgent32.exe, Playback - [WARNING] Internal warning: Smart Match failed
\0
W, 3240, 19, 2013/05/24, 08:47:44.593, 1102780709023, QTAgent32.exe, Playback - [WARNING] Internal warning: Smart Match failed
\0
W, 3240, 19, 2013/05/24, 08:47:44.777, 1102783346359, QTAgent32.exe, Playback - [WARNING] Internal warning: Smart Match failed
\0
W, 3240, 19, 2013/05/24, 08:47:44.964, 1102786025190, QTAgent32.exe, Playback - [WARNING] Internal warning: Smart Match failed
\0
W, 3240, 19, 2013/05/24, 08:47:45.147, 1102788636882, QTAgent32.exe, Playback - [WARNING] Internal warning: Smart Match failed
\0
W, 3240, 19, 2013/05/24, 08:47:45.330, 1102791263400, QTAgent32.exe, Playback - [WARNING] Internal warning: Smart Match failed
\0
W, 3240, 19, 2013/05/24, 08:47:45.513, 1102793883269, QTAgent32.exe, Playback - [WARNING] Internal warning: Smart Match failed
\0
W, 3240, 19, 2013/05/24, 08:47:45.592, 1102795009390, QTAgent32.exe, Playback - [WARNING] Internal warning: Window Not Found: [VisibleOnly]ControlType='Window' &amp;&amp; Name='Confirm' &amp;&amp; ClassName='#32770'
\0
E, 3240, 19, 2013/05/24, 08:47:45.592, 1102795011320, QTAgent32.exe, &lt;a class=failure&gt;Playback - {163} [FAILED] Function ElementFetcher::FindScreenElement failed to locate UI element (Searching: ;[VisibleOnly]ControlType='Window' &amp;&amp; Name='Confirm' &amp;&amp; ClassName='#32770') (The object specified was not found.)
\0&lt;/a&gt;
E, 3240, 19, 2013/05/24, 08:47:45.635, 1102795631873, QTAgent32.exe, Playback - [IMAGE] C:\Users\testuser\AppData\Local\Temp\UITestLogs\LastRun\RPF3CCF.png
\0
W, 3240, 19, 2013/05/24, 08:47:45.635, 1102795633531, QTAgent32.exe, Playback - [WARNING] Internal warning: Couldn't find descendants that match QueryId
\0
W, 3240, 19, 2013/05/24, 08:47:45.635, 1102795635996, QTAgent32.exe, PERF WARNING: FindTopLevelWindowHelper::FindAllDescendents: took 3168 ms. Expected it to take maximum 500 ms.
E, 3240, 19, 2013/05/24, 08:47:45.635, 1102795637631, QTAgent32.exe, Exception: System.Runtime.InteropServices.COMException
	Message: Error HRESULT E_FAIL has been returned from a call to a COM component.
	Stack Trace:    at Microsoft.VisualStudio.TestTools.UITest.Playback.Engine.IRPFPlayback.FindAllScreenElements(IScreenElement pScreenElementStart, String bstrQueryId, Object&amp; pvarResKeys, Int32 cResKeys, Int32 nMaxDepth, Object[]&amp; foundDescendants)
   at Microsoft.VisualStudio.TestTools.UITest.Playback.ScreenElement.FindTopLevelWindowHelper(String queryId)
	BaseExceptionMessage: Error HRESULT E_FAIL has been returned from a call to a COM component.

E, 3240, 19, 2013/05/24, 08:47:45.736, 1102797077171, QTAgent32.exe, AL: Playback Error: Microsoft.VisualStudio.TestTools.UITest.Extension.UITestControlNotFoundException: The playback failed to find the control with the given search properties. Additional Details: 
TechnologyName:  'MSAA'
ControlType:  'Window'
Name:  'Confirm'
ClassName:  '#32770'
 ---&gt; System.Runtime.InteropServices.COMException: Error HRESULT E_FAIL has been returned from a call to a COM component.
   at Microsoft.VisualStudio.TestTools.UITest.Playback.Engine.IRPFPlayback.FindAllScreenElements(IScreenElement pScreenElementStart, String bstrQueryId, Object&amp; pvarResKeys, Int32 cResKeys, Int32 nMaxDepth, Object[]&amp; foundDescendants)
   at Microsoft.VisualStudio.TestTools.UITest.Playback.ScreenElement.FindTopLevelWindowHelper(String queryId)
   at Microsoft.VisualStudio.TestTools.UITest.Playback.ScreenElement.FindFromPartialQueryId(String queryId)
   at Microsoft.VisualStudio.TestTools.UITesting.UITestControl..ctor(String queryId)
   --- End of inner exception stack trace ---
   at Microsoft.VisualStudio.TestTools.UITesting.Playback.MapControlNotFoundException(COMException ex, IPlaybackContext context)
   at Microsoft.VisualStudio.TestTools.UITesting.Playback.MapAndThrowComException(COMException innerException, IPlaybackContext context)
   at Microsoft.VisualStudio.TestTools.UITesting.Playback.MapAndThrowException(SystemException exception, IPlaybackContext context)
   at Microsoft.VisualStudio.TestTools.UITesting.Playback.MapAndThrowException(SystemException exception, String queryId)
   at Microsoft.VisualStudio.TestTools.UITesting.UITestControl..ctor(String queryId)
   at Microsoft.VisualStudio.TestTools.UITesting.SearchHelper.SearchTopLevelWindow(ISearchArgument topLevelSearchArg, String topLevelElementQueryId)
   at Microsoft.VisualStudio.TestTools.UITesting.SearchHelper.GetTitleUpdatedTopLevelWindow(ISearchArgument topLevelSearchArg, String queryId, IList`1 windowTitles)
   at Microsoft.VisualStudio.TestTools.UITesting.SearchHelper.GetTopLevelElement(Boolean useCache, Boolean useCacheOnly, ISearchArgument searchArg, IList`1 windowTitles, Int32&amp; timeLeft)
   at Microsoft.VisualStudio.TestTools.UITesting.SearchHelper.GetElement(Boolean useCache, ISearchArgument searchArg)
   at Microsoft.VisualStudio.TestTools.UITesting.SearchHelper.Search(ISearchArgument searchArg)
   at Microsoft.VisualStudio.TestTools.UITesting.UITestControl.FindInternal()
   at Microsoft.VisualStudio.TestTools.UITesting.UITestControl.FindControlIfNecessary()
   at Microsoft.VisualStudio.TestTools.UITesting.UITestControl.Click(MouseButtons button, ModifierKeys modifierKeys, Point relativeCoordinates)
   at Microsoft.VisualStudio.TestTools.UITesting.Mouse.ClickImplementation(UITestControl control, MouseButtons button, ModifierKeys modifierKeys, Point relativeCoordinate)
   at Microsoft.VisualStudio.TestTools.UITesting.Mouse.ClickImplementationWrapper(UITestControl control, MouseButtons button, ModifierKeys modifierKeys, Point relativeCoordinate)
W, 3240, 19, 2013/05/24, 08:47:45.736, 1102797079126, QTAgent32.exe, PlaybackErrorHandler: Ignoring exception as ContinueOnError is set.
W, 3240, 19, 2013/05/24, 08:47:45.971, 1102800444483, QTAgent32.exe, Playback - [WARNING] Internal warning: Window Not Found: [VisibleOnly]ControlType='Window' &amp;&amp; Name='Personal Lines' &amp;&amp; ClassName='#32770'
\0
E, 3240, 19, 2013/05/24, 08:47:45.971, 1102800446727, QTAgent32.exe, &lt;a class=failure&gt;Playback - {164} [FAILED] Function ElementFetcher::FindScreenElement failed to locate UI element (Searching: ;[VisibleOnly]ControlType='Window' &amp;&amp; Name='Personal Lines' &amp;&amp; ClassName='#32770') (The object specified was not found.)
\0&lt;/a&gt;
E, 3240, 19, 2013/05/24, 08:47:46.014, 1102801060266, QTAgent32.exe, Playback - [IMAGE] C:\Users\testuser\AppData\Local\Temp\UITestLogs\LastRun\RPF3E46.png
\0
W, 3240, 19, 2013/05/24, 08:47:46.014, 1102801061772, QTAgent32.exe, Playback - [WARNING] Internal warning: Couldn't find descendants that match QueryId
\0
W, 3240, 19, 2013/05/24, 08:48:04.038, 1103059124444, QTAgent32.exe, Playback - [WARNING] Internal warning: Window Not Found: [VisibleOnly]ControlType='Window' &amp;&amp; Name='Personal Lines' &amp;&amp; ClassName='#32770'
\0
E, 3240, 19, 2013/05/24, 08:48:04.038, 1103059126946, QTAgent32.exe, &lt;a class=failure&gt;Playback - {165} [FAILED] Function ElementFetcher::FindScreenElement failed to locate UI element (Searching: ;[VisibleOnly]ControlType='Window' &amp;&amp; Name='Personal Lines' &amp;&amp; ClassName='#32770') (The object specified was not found.)
\0&lt;/a&gt;
E, 3240, 19, 2013/05/24, 08:48:04.083, 1103059770477, QTAgent32.exe, Playback - [IMAGE] C:\Users\testuser\AppData\Local\Temp\UITestLogs\LastRun\RPF84E8.png
\0
W, 3240, 19, 2013/05/24, 08:48:04.083, 1103059772173, QTAgent32.exe, Playback - [WARNING] Internal warning: Couldn't find descendants that match QueryId
\0
W, 3240, 19, 2013/05/24, 08:48:04.083, 1103059774558, QTAgent32.exe, PERF WARNING: FindTopLevelWindowHelper::FindAllDescendents: took 18068 ms. Expected it to take maximum 500 ms.
W, 3240, 19, 2013/05/24, 08:48:04.530, 1103066178334, QTAgent32.exe, Playback - [WARNING] Internal warning: Smart Match failed
\0
W, 3240, 19, 2013/05/24, 08:48:04.713, 1103068791484, QTAgent32.exe, Playback - [WARNING] Internal warning: Smart Match failed
\0
W, 3240, 19, 2013/05/24, 08:48:04.894, 1103071388819, QTAgent32.exe, Playback - [WARNING] Internal warning: Smart Match failed
\0
W, 3240, 19, 2013/05/24, 08:48:05.077, 1103074007671, QTAgent32.exe, Playback - [WARNING] Internal warning: Smart Match failed
\0
W, 3240, 19, 2013/05/24, 08:48:05.260, 1103076631121, QTAgent32.exe, Playback - [WARNING] Internal warning: Smart Match failed
\0
W, 3240, 19, 2013/05/24, 08:48:05.445, 1103079278861, QTAgent32.exe, Playback - [WARNING] Internal warning: Smart Match failed
\0
W, 3240, 19, 2013/05/24, 08:48:05.628, 1103081892791, QTAgent32.exe, Playback - [WARNING] Internal warning: Smart Match failed
\0
W, 3240, 19, 2013/05/24, 08:48:05.816, 1103084589604, QTAgent32.exe, Playback - [WARNING] Internal warning: Smart Match failed
\0
W, 3240, 19, 2013/05/24, 08:48:06.009, 1103087355413, QTAgent32.exe, Playback - [WARNING] Internal warning: Smart Match failed
\0
W, 3240, 19, 2013/05/24, 08:48:06.199, 1103090069477, QTAgent32.exe, Playback - [WARNING] Internal warning: Smart Match failed
\0
W, 3240, 19, 2013/05/24, 08:48:06.392, 1103092833841, QTAgent32.exe, Playback - [WARNING] Internal warning: Smart Match failed
\0
W, 3240, 19, 2013/05/24, 08:48:06.581, 1103095532166, QTAgent32.exe, Playback - [WARNING] Internal warning: Smart Match failed
\0
W, 3240, 19, 2013/05/24, 08:48:06.764, 1103098159342, QTAgent32.exe, Playback - [WARNING] Internal warning: Smart Match failed
\0
W, 3240, 19, 2013/05/24, 08:48:06.947, 1103100780004, QTAgent32.exe, Playback - [WARNING] Internal warning: Smart Match failed
\0
W, 3240, 19, 2013/05/24, 08:48:07.130, 1103103393683, QTAgent32.exe, Playback - [WARNING] Internal warning: Smart Match failed
\0
W, 3240, 19, 2013/05/24, 08:48:07.203, 1103104443517, QTAgent32.exe, Playback - [WARNING] Internal warning: Window Not Found: [VisibleOnly]ControlType='Window' &amp;&amp; Name='Personal Lines' &amp;&amp; ClassName='#32770'
\0
E, 3240, 19, 2013/05/24, 08:48:07.203, 1103104445106, QTAgent32.exe, &lt;a class=failure&gt;Playback - {166} [FAILED] Function ElementFetcher::FindScreenElement failed to locate UI element (Searching: ;[VisibleOnly]ControlType='Window' &amp;&amp; Name='Personal Lines' &amp;&amp; ClassName='#32770') (The object specified was not found.)
\0&lt;/a&gt;
E, 3240, 19, 2013/05/24, 08:48:07.245, 1103105041002, QTAgent32.exe, Playback - [IMAGE] C:\Users\testuser\AppData\Local\Temp\UITestLogs\LastRun\RPF9138.png
\0
W, 3240, 19, 2013/05/24, 08:48:07.245, 1103105042511, QTAgent32.exe, Playback - [WARNING] Internal warning: Couldn't find descendants that match QueryId
\0
W, 3240, 19, 2013/05/24, 08:48:07.245, 1103105045088, QTAgent32.exe, PERF WARNING: FindTopLevelWindowHelper::FindAllDescendents: took 3161 ms. Expected it to take maximum 500 ms.
E, 3240, 19, 2013/05/24, 08:48:07.245, 1103105046664, QTAgent32.exe, Exception: System.Runtime.InteropServices.COMException
	Message: Error HRESULT E_FAIL has been returned from a call to a COM component.
	Stack Trace:    at Microsoft.VisualStudio.TestTools.UITest.Playback.Engine.IRPFPlayback.FindAllScreenElements(IScreenElement pScreenElementStart, String bstrQueryId, Object&amp; pvarResKeys, Int32 cResKeys, Int32 nMaxDepth, Object[]&amp; foundDescendants)
   at Microsoft.VisualStudio.TestTools.UITest.Playback.ScreenElement.FindTopLevelWindowHelper(String queryId)
	BaseExceptionMessage: Error HRESULT E_FAIL has been returned from a call to a COM component.

E, 3240, 19, 2013/05/24, 08:48:07.245, 1103105048946, QTAgent32.exe, Window 852908 not responding. Last Win32 error 0
E, 3240, 19, 2013/05/24, 08:48:07.245, 1103105049790, QTAgent32.exe, GetClassName for handle 852908 failed
E, 3240, 19, 2013/05/24, 08:48:07.346, 1103106486214, QTAgent32.exe, AL: Playback Error: Microsoft.VisualStudio.TestTools.UITest.Extension.UITestControlNotAvailableException: The control is not available or not valid. Additional Details: 
TechnologyName:  'MSAA'
Name:  'Personal Lines'
ClassName:  '#32770'
ControlType:  'Window'
 ---&gt; System.Runtime.InteropServices.COMException: Error HRESULT E_FAIL has been returned from a call to a COM component.
   at Microsoft.VisualStudio.TestTools.UITest.Playback.Engine.IRPFPlayback.FindAllScreenElements(IScreenElement pScreenElementStart, String bstrQueryId, Object&amp; pvarResKeys, Int32 cResKeys, Int32 nMaxDepth, Object[]&amp; foundDescendants)
   at Microsoft.VisualStudio.TestTools.UITest.Playback.ScreenElement.FindTopLevelWindowHelper(String queryId)
   at Microsoft.VisualStudio.TestTools.UITest.Playback.ScreenElement.FindFromPartialQueryId(String queryId)
   at Microsoft.VisualStudio.TestTools.UITesting.UITestControl.EnsureValid(Boolean waitForReady, Boolean refetch)
   --- End of inner exception stack trace ---
   at Microsoft.VisualStudio.TestTools.UITesting.UITestControl.EnsureValid(Boolean waitForReady, Boolean refetch)
   at Microsoft.VisualStudio.TestTools.UITesting.UITestControl.FindFirstDescendant(String queryId, Int32 maxDepth, Int32&amp; timeLeft)
   at Microsoft.VisualStudio.TestTools.UITesting.SearchHelper.GetElement(Boolean useCache, ISearchArgument searchArg)
   at Microsoft.VisualStudio.TestTools.UITesting.SearchHelper.Search(ISearchArgument searchArg)
   at Microsoft.VisualStudio.TestTools.UITesting.UITestControl.FindInternal()
   at Microsoft.VisualStudio.TestTools.UITesting.UITestControl.FindControlIfNecessary()
   at Microsoft.VisualStudio.TestTools.UITesting.UITestControl.Click(MouseButtons button, ModifierKeys modifierKeys, Point relativeCoordinates)
   at Microsoft.VisualStudio.TestTools.UITesting.Mouse.ClickImplementation(UITestControl control, MouseButtons button, ModifierKeys modifierKeys, Point relativeCoordinate)
   at Microsoft.VisualStudio.TestTools.UITesting.Mouse.ClickImplementationWrapper(UITestControl control, MouseButtons button, ModifierKeys modifierKeys, Point relativeCoordinate)
W, 3240, 19, 2013/05/24, 08:48:07.346, 1103106487323, QTAgent32.exe, PlaybackErrorHandler: Ignoring exception as ContinueOnError is set.
W, 3240, 19, 2013/05/24, 08:48:07.586, 1103109924514, QTAgent32.exe, Playback - [WARNING] Internal warning: Window Not Found: [VisibleOnly]ControlType='Window' &amp;&amp; Name='Policies Auto-Renewed &amp; Auto-Lapsed' &amp;&amp; ClassName='ThunderRT6FormDC'
\0
E, 3240, 19, 2013/05/24, 08:48:07.586, 1103109926611, QTAgent32.exe, &lt;a class=failure&gt;Playback - {167} [FAILED] Function ElementFetcher::FindScreenElement failed to locate UI element (Searching: ;[VisibleOnly]ControlType='Window' &amp;&amp; Name='Policies Auto-Renewed &amp; Auto-Lapsed' &amp;&amp; ClassName='ThunderRT6FormDC') (The object specified was not found.)
\0&lt;/a&gt;
E, 3240, 19, 2013/05/24, 08:48:07.628, 1103110532077, QTAgent32.exe, Playback - [IMAGE] C:\Users\testuser\AppData\Local\Temp\UITestLogs\LastRun\RPF92BF.png
\0
W, 3240, 19, 2013/05/24, 08:48:07.628, 1103110533645, QTAgent32.exe, Playback - [WARNING] Internal warning: Couldn't find descendants that match QueryId
\0
W, 3240, 19, 2013/05/24, 08:48:25.653, 1103368620454, QTAgent32.exe, Playback - [WARNING] Internal warning: Window Not Found: [VisibleOnly]ControlType='Window' &amp;&amp; Name='Policies Auto-Renewed &amp; Auto-Lapsed' &amp;&amp; ClassName='ThunderRT6FormDC'
\0
E, 3240, 19, 2013/05/24, 08:48:25.653, 1103368622649, QTAgent32.exe, &lt;a class=failure&gt;Playback - {168} [FAILED] Function ElementFetcher::FindScreenElement failed to locate UI element (Searching: ;[VisibleOnly]ControlType='Window' &amp;&amp; Name='Policies Auto-Renewed &amp; Auto-Lapsed' &amp;&amp; ClassName='ThunderRT6FormDC') (The object specified was not found.)
\0&lt;/a&gt;
E, 3240, 19, 2013/05/24, 08:48:25.697, 1103369245380, QTAgent32.exe, Playback - [IMAGE] C:\Users\testuser\AppData\Local\Temp\UITestLogs\LastRun\RPFD951.png
\0
W, 3240, 19, 2013/05/24, 08:48:25.697, 1103369246993, QTAgent32.exe, Playback - [WARNING] Internal warning: Couldn't find descendants that match QueryId
\0
W, 3240, 19, 2013/05/24, 08:48:25.697, 1103369249829, QTAgent32.exe, PERF WARNING: FindTopLevelWindowHelper::FindAllDescendents: took 18068 ms. Expected it to take maximum 500 ms.
W, 3240, 19, 2013/05/24, 08:48:26.150, 1103375723856, QTAgent32.exe, Playback - [WARNING] Internal warning: Smart Match failed
\0
W, 3240, 19, 2013/05/24, 08:48:26.340, 1103378446030, QTAgent32.exe, Playback - [WARNING] Internal warning: Smart Match failed
\0
W, 3240, 19, 2013/05/24, 08:48:26.529, 1103381149897, QTAgent32.exe, Playback - [WARNING] Internal warning: Smart Match failed
\0
W, 3240, 19, 2013/05/24, 08:48:26.716, 1103383831370, QTAgent32.exe, Playback - [WARNING] Internal warning: Smart Match failed
\0
W, 3240, 19, 2013/05/24, 08:48:26.903, 1103386513918, QTAgent32.exe, Playback - [WARNING] Internal warning: Smart Match failed
\0
W, 3240, 19, 2013/05/24, 08:48:27.090, 1103389193893, QTAgent32.exe, Playback - [WARNING] Internal warning: Smart Match failed
\0
W, 3240, 19, 2013/05/24, 08:48:27.277, 1103391867718, QTAgent32.exe, Playback - [WARNING] Internal warning: Smart Match failed
\0
W, 3240, 19, 2013/05/24, 08:48:27.460, 1103394493418, QTAgent32.exe, Playback - [WARNING] Internal warning: Smart Match failed
\0
W, 3240, 19, 2013/05/24, 08:48:27.642, 1103397099097, QTAgent32.exe, Playback - [WARNING] Internal warning: Smart Match failed
\0
W, 3240, 19, 2013/05/24, 08:48:27.826, 1103399726151, QTAgent32.exe, Playback - [WARNING] Internal warning: Smart Match failed
\0
W, 3240, 19, 2013/05/24, 08:48:28.012, 1103402388935, QTAgent32.exe, Playback - [WARNING] Internal warning: Smart Match failed
\0
W, 3240, 19, 2013/05/24, 08:48:28.196, 1103405028472, QTAgent32.exe, Playback - [WARNING] Internal warning: Smart Match failed
\0
W, 3240, 19, 2013/05/24, 08:48:28.381, 1103407679366, QTAgent32.exe, Playback - [WARNING] Internal warning: Smart Match failed
\0
W, 3240, 19, 2013/05/24, 08:48:28.571, 1103410394891, QTAgent32.exe, Playback - [WARNING] Internal warning: Smart Match failed
\0
W, 3240, 19, 2013/05/24, 08:48:28.758, 1103413077163, QTAgent32.exe, Playback - [WARNING] Internal warning: Smart Match failed
\0
W, 3240, 19, 2013/05/24, 08:48:28.836, 1103414192626, QTAgent32.exe, Playback - [WARNING] Internal warning: Window Not Found: [VisibleOnly]ControlType='Window' &amp;&amp; Name='Policies Auto-Renewed &amp; Auto-Lapsed' &amp;&amp; ClassName='ThunderRT6FormDC'
\0
E, 3240, 19, 2013/05/24, 08:48:28.836, 1103414194373, QTAgent32.exe, &lt;a class=failure&gt;Playback - {169} [FAILED] Function ElementFetcher::FindScreenElement failed to locate UI element (Searching: ;[VisibleOnly]ControlType='Window' &amp;&amp; Name='Policies Auto-Renewed &amp; Auto-Lapsed' &amp;&amp; ClassName='ThunderRT6FormDC') (The object specified was not found.)
\0&lt;/a&gt;
E, 3240, 19, 2013/05/24, 08:48:28.880, 1103414818416, QTAgent32.exe, Playback - [IMAGE] C:\Users\testuser\AppData\Local\Temp\UITestLogs\LastRun\RPFE5C0.png
\0
W, 3240, 19, 2013/05/24, 08:48:28.880, 1103414819997, QTAgent32.exe, Playback - [WARNING] Internal warning: Couldn't find descendants that match QueryId
\0
W, 3240, 19, 2013/05/24, 08:48:28.880, 1103414822691, QTAgent32.exe, PERF WARNING: FindTopLevelWindowHelper::FindAllDescendents: took 3182 ms. Expected it to take maximum 500 ms.
E, 3240, 19, 2013/05/24, 08:48:28.880, 1103414824343, QTAgent32.exe, Exception: System.Runtime.InteropServices.COMException
	Message: Error HRESULT E_FAIL has been returned from a call to a COM component.
	Stack Trace:    at Microsoft.VisualStudio.TestTools.UITest.Playback.Engine.IRPFPlayback.FindAllScreenElements(IScreenElement pScreenElementStart, String bstrQueryId, Object&amp; pvarResKeys, Int32 cResKeys, Int32 nMaxDepth, Object[]&amp; foundDescendants)
   at Microsoft.VisualStudio.TestTools.UITest.Playback.ScreenElement.FindTopLevelWindowHelper(String queryId)
	BaseExceptionMessage: Error HRESULT E_FAIL has been returned from a call to a COM component.

E, 3240, 19, 2013/05/24, 08:48:28.981, 1103416263747, QTAgent32.exe, AL: Playback Error: Microsoft.VisualStudio.TestTools.UITest.Extension.UITestControlNotFoundException: The playback failed to find the control with the given search properties. Additional Details: 
TechnologyName:  'MSAA'
ControlType:  'Window'
Name:  'Policies Auto-Renewed &amp; Auto-Lapsed'
ClassName:  'ThunderRT6FormDC'
 ---&gt; System.Runtime.InteropServices.COMException: Error HRESULT E_FAIL has been returned from a call to a COM component.
   at Microsoft.VisualStudio.TestTools.UITest.Playback.Engine.IRPFPlayback.FindAllScreenElements(IScreenElement pScreenElementStart, String bstrQueryId, Object&amp; pvarResKeys, Int32 cResKeys, Int32 nMaxDepth, Object[]&amp; foundDescendants)
   at Microsoft.VisualStudio.TestTools.UITest.Playback.ScreenElement.FindTopLevelWindowHelper(String queryId)
   at Microsoft.VisualStudio.TestTools.UITest.Playback.ScreenElement.FindFromPartialQueryId(String queryId)
   at Microsoft.VisualStudio.TestTools.UITesting.UITestControl..ctor(String queryId)
   --- End of inner exception stack trace ---
   at Microsoft.VisualStudio.TestTools.UITesting.Playback.MapControlNotFoundException(COMException ex, IPlaybackContext context)
   at Microsoft.VisualStudio.TestTools.UITesting.Playback.MapAndThrowComException(COMException innerException, IPlaybackContext context)
   at Microsoft.VisualStudio.TestTools.UITesting.Playback.MapAndThrowException(SystemException exception, IPlaybackContext context)
   at Microsoft.VisualStudio.TestTools.UITesting.Playback.MapAndThrowException(SystemException exception, String queryId)
   at Microsoft.VisualStudio.TestTools.UITesting.UITestControl..ctor(String queryId)
   at Microsoft.VisualStudio.TestTools.UITesting.SearchHelper.SearchTopLevelWindow(ISearchArgument topLevelSearchArg, String topLevelElementQueryId)
   at Microsoft.VisualStudio.TestTools.UITesting.SearchHelper.GetTitleUpdatedTopLevelWindow(ISearchArgument topLevelSearchArg, String queryId, IList`1 windowTitles)
   at Microsoft.VisualStudio.TestTools.UITesting.SearchHelper.GetTopLevelElement(Boolean useCache, Boolean useCacheOnly, ISearchArgument searchArg, IList`1 windowTitles, Int32&amp; timeLeft)
   at Microsoft.VisualStudio.TestTools.UITesting.SearchHelper.GetElement(Boolean useCache, ISearchArgument searchArg)
   at Microsoft.VisualStudio.TestTools.UITesting.SearchHelper.Search(ISearchArgument searchArg)
   at Microsoft.VisualStudio.TestTools.UITesting.UITestControl.FindInternal()
   at Microsoft.VisualStudio.TestTools.UITesting.UITestControl.FindControlIfNecessary()
   at Microsoft.VisualStudio.TestTools.UITesting.UITestControl.Click(MouseButtons button, ModifierKeys modifierKeys, Point relativeCoordinates)
   at Microsoft.VisualStudio.TestTools.UITesting.Mouse.ClickImplementation(UITestControl control, MouseButtons button, ModifierKeys modifierKeys, Point relativeCoordinate)
   at Microsoft.VisualStudio.TestTools.UITesting.Mouse.ClickImplementationWrapper(UITestControl control, MouseButtons button, ModifierKeys modifierKeys, Point relativeCoordinate)
W, 3240, 19, 2013/05/24, 08:48:28.981, 1103416265132, QTAgent32.exe, PlaybackErrorHandler: Ignoring exception as ContinueOnError is set.
W, 3240, 19, 2013/05/24, 08:48:29.185, 1103419187051, QTAgent32.exe, &lt;a class=success&gt;Playback - {170} [SUCCESS] MouseButtonClick - "[MSAA, VisibleOnly]ControlType='Button' &amp;&amp; Name='EDI Match...'"
\0&lt;/a&gt;
W, 3240, 19, 2013/05/24, 08:48:30.696, 1103440826108, QTAgent32.exe, &lt;a class=success&gt;Playback - {171} [SUCCESS] MouseButtonClick - "[MSAA, VisibleOnly]ControlType='Button' &amp;&amp; Name='Ok'"
\0&lt;/a&gt;
W, 3240, 19, 2013/05/24, 08:48:30.930, 1103444167537, QTAgent32.exe, &lt;a class=success&gt;Playback - {172} [SUCCESS] MouseButtonClick - "[MSAA, VisibleOnly]ControlType='Button' &amp;&amp; Name='OK'"
\0&lt;/a&gt;
W, 3240, 19, 2013/05/24, 08:48:31.188, 1103447861627, QTAgent32.exe, &lt;a class=success&gt;Playback - {173} [SUCCESS] MouseButtonClick - "[MSAA, VisibleOnly]ControlType='Button' &amp;&amp; Name='Log and Clear'"
\0&lt;/a&gt;
W, 3240, 19, 2013/05/24, 08:48:31.428, 1103451298830, QTAgent32.exe, &lt;a class=success&gt;Playback - {174} [SUCCESS] MouseButtonClick - "[MSAA, VisibleOnly]ControlType='Button' &amp;&amp; Name='OK'"
\0&lt;/a&gt;
W, 3240, 19, 2013/05/24, 08:48:31.676, 1103454849808, QTAgent32.exe, &lt;a class=success&gt;Playback - {175} [SUCCESS] MouseButtonClick - "[MSAA, VisibleOnly]ControlType='Button' &amp;&amp; Name='Filter...'"
\0&lt;/a&gt;
W, 3240, 19, 2013/05/24, 08:48:31.885, 1103457848186, QTAgent32.exe, &lt;a class=success&gt;Playback - {176} [SUCCESS] SendKeys "^{HOME}" - "[MSAA, VisibleOnly]ControlType='Edit'"
\0&lt;/a&gt;
E, 3240, 19, 2013/05/24, 08:48:31.885, 1103457850070, QTAgent32.exe, Msaa.GetFocusedElement: could not find accessible object of foreground window
W, 3240, 19, 2013/05/24, 08:48:31.952, 1103458807787, QTAgent32.exe, &lt;a class=success&gt;Playback - {177} [SUCCESS] SendKeys "^+{END}" - "[MSAA, VisibleOnly]ControlType='Edit'"
\0&lt;/a&gt;
E, 3240, 19, 2013/05/24, 08:48:31.952, 1103458809315, QTAgent32.exe, Msaa.GetFocusedElement: could not find accessible object of foreground window
W, 3240, 19, 2013/05/24, 08:48:31.964, 1103458979794, QTAgent32.exe, &lt;a class=success&gt;Playback - {178} [SUCCESS] SendKeys "{DELETE}" - "[MSAA, VisibleOnly]ControlType='Edit'"
\0&lt;/a&gt;
W, 3240, 19, 2013/05/24, 08:48:32.185, 1103462146625, QTAgent32.exe, &lt;a class=success&gt;Playback - {179} [SUCCESS] SetValueAsEditBox "31/05/13" - "[MSAA, VisibleOnly]ControlType='Edit'"  &lt; Set via SendKeys &gt;
\0&lt;/a&gt;
W, 3240, 19, 2013/05/24, 08:48:32.397, 1103465173091, QTAgent32.exe, &lt;a class=success&gt;Playback - {180} [SUCCESS] SendKeys "^{HOME}" - "[MSAA, VisibleOnly]ControlType='Edit'"
\0&lt;/a&gt;
E, 3240, 19, 2013/05/24, 08:48:32.397, 1103465175572, QTAgent32.exe, Msaa.GetFocusedElement: could not find accessible object of foreground window
W, 3240, 19, 2013/05/24, 08:48:32.451, 1103465954097, QTAgent32.exe, &lt;a class=success&gt;Playback - {181} [SUCCESS] SendKeys "^+{END}" - "[MSAA, VisibleOnly]ControlType='Edit'"
\0&lt;/a&gt;
E, 3240, 19, 2013/05/24, 08:48:32.451, 1103465956342, QTAgent32.exe, Msaa.GetFocusedElement: could not find accessible object of foreground window
W, 3240, 19, 2013/05/24, 08:48:32.464, 1103466132146, QTAgent32.exe, &lt;a class=success&gt;Playback - {182} [SUCCESS] SendKeys "{DELETE}" - "[MSAA, VisibleOnly]ControlType='Edit'"
\0&lt;/a&gt;
W, 3240, 19, 2013/05/24, 08:48:32.684, 1103469285054, QTAgent32.exe, &lt;a class=success&gt;Playback - {183} [SUCCESS] SetValueAsEditBox "31/05/13" - "[MSAA, VisibleOnly]ControlType='Edit'"  &lt; Set via SendKeys &gt;
\0&lt;/a&gt;
W, 3240, 19, 2013/05/24, 08:48:33.065, 1103474737420, QTAgent32.exe, Playback - [WARNING] Internal warning: Incorrect flag set for InvokeProgrammaticAction\0
W, 3240, 19, 2013/05/24, 08:48:33.184, 1103476446928, QTAgent32.exe, &lt;a class=success&gt;Playback - {184} [SUCCESS] SetValueAsComboBox "Motor" - "[MSAA, VisibleOnly]ControlType='ComboBox'"  &lt; SetValueAsComboBox, set by clicking on the item in the list box &gt;
\0&lt;/a&gt;
W, 3240, 19, 2013/05/24, 08:48:33.446, 1103480193816, QTAgent32.exe, &lt;a class=success&gt;Playback - {185} [SUCCESS] MouseButtonClick - "[MSAA, VisibleOnly]ControlType='Button' &amp;&amp; Name='Ok'"
\0&lt;/a&gt;
W, 3240, 19, 2013/05/24, 08:48:33.675, 1103483480116, QTAgent32.exe, &lt;a class=success&gt;Playback - {186} [SUCCESS] MouseButtonClick - "[MSAA, VisibleOnly]ControlType='Client'"
\0&lt;/a&gt;
W, 3240, 19, 2013/05/24, 08:48:34.270, 1103491989428, QTAgent32.exe, &lt;a class=success&gt;Playback - {187} [SUCCESS] MouseButtonClick - "[MSAA, VisibleOnly]ControlType='Client'"
\0&lt;/a&gt;
W, 3240, 19, 2013/05/24, 08:48:35.160, 1103504733193, QTAgent32.exe, &lt;a class=success&gt;Playback - {188} [SUCCESS] MouseButtonClick - "[MSAA, VisibleOnly]ControlType='Client'"
\0&lt;/a&gt;
W, 3240, 19, 2013/05/24, 08:48:35.346, 1103507402758, QTAgent32.exe, &lt;a class=success&gt;Playback - {189} [SUCCESS] SendKeys "{End}" - "[MSAA, VisibleOnly]ControlType='Client'"
\0&lt;/a&gt;
W, 3240, 19, 2013/05/24, 08:48:35.621, 1103511345308, QTAgent32.exe, &lt;a class=success&gt;Playback - {190} [SUCCESS] MouseButtonClick - "[MSAA, VisibleOnly]ControlType='Button' &amp;&amp; Name='Display Record...'"
\0&lt;/a&gt;
W, 3240, 19, 2013/05/24, 08:48:35.968, 1103516301995, QTAgent32.exe, Playback - [WARNING] Internal warning: Window Not Found: [VisibleOnly]ControlType='Window' &amp;&amp; Name='AUTO208-1001' &amp;&amp; ClassName='ThunderRT6FormDC'
\0
E, 3240, 19, 2013/05/24, 08:48:35.968, 1103516304074, QTAgent32.exe, &lt;a class=failure&gt;Playback - {191} [FAILED] Function ElementFetcher::FindScreenElement failed to locate UI element (Searching: ;[VisibleOnly]ControlType='Window' &amp;&amp; Name='AUTO208-1001' &amp;&amp; ClassName='ThunderRT6FormDC') (The object specified was not found.)
\0&lt;/a&gt;
E, 3240, 19, 2013/05/24, 08:48:36.011, 1103516920954, QTAgent32.exe, Playback - [IMAGE] C:\Users\testuser\AppData\Local\Temp\UITestLogs\LastRun\RPF19B.png
\0
W, 3240, 19, 2013/05/24, 08:48:36.011, 1103516922486, QTAgent32.exe, Playback - [WARNING] Internal warning: Couldn't find descendants that match QueryId
\0
W, 3240, 19, 2013/05/24, 08:48:54.082, 1103775662240, QTAgent32.exe, Playback - [WARNING] Internal warning: Window Not Found: [VisibleOnly]ControlType='Window' &amp;&amp; Name='AUTO208-1001' &amp;&amp; ClassName='ThunderRT6FormDC'
\0
E, 3240, 19, 2013/05/24, 08:48:54.082, 1103775664585, QTAgent32.exe, &lt;a class=failure&gt;Playback - {192} [FAILED] Function ElementFetcher::FindScreenElement failed to locate UI element (Searching: ;[VisibleOnly]ControlType='Window' &amp;&amp; Name='AUTO208-1001' &amp;&amp; ClassName='ThunderRT6FormDC') (The object specified was not found.)
\0&lt;/a&gt;
E, 3240, 19, 2013/05/24, 08:48:54.126, 1103776298747, QTAgent32.exe, Playback - [IMAGE] C:\Users\testuser\AppData\Local\Temp\UITestLogs\LastRun\RPF485B.png
\0
W, 3240, 19, 2013/05/24, 08:48:54.126, 1103776300304, QTAgent32.exe, Playback - [WARNING] Internal warning: Couldn't find descendants that match QueryId
\0
W, 3240, 19, 2013/05/24, 08:48:54.127, 1103776302847, QTAgent32.exe, PERF WARNING: FindTopLevelWindowHelper::FindAllDescendents: took 18115 ms. Expected it to take maximum 500 ms.
W, 3240, 19, 2013/05/24, 08:48:54.668, 1103784050828, QTAgent32.exe, Playback - [WARNING] Internal warning: Window with Class "ThunderRT6FormDC" and Title "AUTO208-1001" was not found, so similar window with Class "ThunderRT6FormDC" and Title "AUTO146-1001" was accepted
\0
W, 3240, 19, 2013/05/24, 08:48:54.668, 1103784053792, QTAgent32.exe, PERF WARNING: FindTopLevelWindowHelper::FindAllDescendents: took 541 ms. Expected it to take maximum 500 ms.
W, 3240, 19, 2013/05/24, 08:48:54.795, 1103785876258, QTAgent32.exe, &lt;a class=success&gt;Playback - {193} [SUCCESS] MouseButtonClick - "[MSAA, VisibleOnly]ControlType='Button' &amp;&amp; Name='Rebroke...'"
\0&lt;/a&gt;
W, 3240, 19, 2013/05/24, 08:48:55.036, 1103789329112, QTAgent32.exe, &lt;a class=success&gt;Playback - {194} [SUCCESS] MouseButtonClick - "[MSAA, VisibleOnly]ControlType='Button' &amp;&amp; Name='Cancel'"
\0&lt;/a&gt;
W, 3240, 19, 2013/05/24, 08:48:55.270, 1103792677593, QTAgent32.exe, &lt;a class=success&gt;Playback - {195} [SUCCESS] MouseButtonClick - "[MSAA, VisibleOnly]ControlType='Button' &amp;&amp; Name='No'"
\0&lt;/a&gt;
W, 3240, 19, 2013/05/24, 08:48:55.948, 1103802389631, QTAgent32.exe, &lt;a class=success&gt;Playback - {196} [SUCCESS] MouseButtonClick - "[MSAA, VisibleOnly]ControlType='Button' &amp;&amp; Name='Ok'"
\0&lt;/a&gt;
W, 3240, 19, 2013/05/24, 08:48:58.810, 1103843367973, QTAgent32.exe, PERF WARNING: FindTopLevelWindowHelper::FindAllDescendents: took 2761 ms. Expected it to take maximum 500 ms.
W, 3240, 19, 2013/05/24, 08:48:58.938, 1103845199318, QTAgent32.exe, &lt;a class=success&gt;Playback - {197} [SUCCESS] MouseButtonClick - "[MSAA, VisibleOnly]ControlType='Client'"
\0&lt;/a&gt;
W, 3240, 19, 2013/05/24, 08:48:59.536, 1103853757222, QTAgent32.exe, &lt;a class=success&gt;Playback - {198} [SUCCESS] SendKeys "{End}" - "[MSAA, VisibleOnly]ControlType='Client'"
\0&lt;/a&gt;
W, 3240, 19, 2013/05/24, 08:49:01.289, 1103878863810, QTAgent32.exe, Msaa.MsaaElement() took more time. Total time taken 206 ms for element 853228_0_[MSAA]ControlType='Group' &amp;&amp; ClassName='ThunderRT6Frame'
W, 3240, 19, 2013/05/24, 08:49:01.292, 1103878897316, QTAgent32.exe, PERF WARNING: CacheQueryId: took 217 ms. Expected it to take maximum 100 ms.
W, 3240, 19, 2013/05/24, 08:49:01.333, 1103879498269, QTAgent32.exe, AL : Mouse click on disabled control: button=Left, modifiers=None, relativeCoordinates={X=56,Y=13}
W, 3240, 19, 2013/05/24, 08:49:01.462, 1103881340243, QTAgent32.exe, &lt;a class=success&gt;Playback - {199} [SUCCESS] MouseButtonClick - "[MSAA, VisibleOnly]ControlType='Button' &amp;&amp; Name='Select Alternative'"
\0&lt;/a&gt;
W, 3240, 19, 2013/05/24, 08:49:01.737, 1103885270036, QTAgent32.exe, &lt;a class=success&gt;Playback - {200} [SUCCESS] MouseButtonClick - "[MSAA, VisibleOnly]ControlType='Button' &amp;&amp; Name='OK'"
\0&lt;/a&gt;
W, 3240, 19, 2013/05/24, 08:49:02.076, 1103890119724, QTAgent32.exe, Playback - [WARNING] Internal warning: Window Not Found: [VisibleOnly]ControlType='Window' &amp;&amp; Name='Personal Lines' &amp;&amp; ClassName='#32770'
\0
E, 3240, 19, 2013/05/24, 08:49:02.076, 1103890121881, QTAgent32.exe, &lt;a class=failure&gt;Playback - {201} [FAILED] Function ElementFetcher::FindScreenElement failed to locate UI element (Searching: ;[VisibleOnly]ControlType='Window' &amp;&amp; Name='Personal Lines' &amp;&amp; ClassName='#32770') (The object specified was not found.)
\0&lt;/a&gt;
E, 3240, 19, 2013/05/24, 08:49:02.120, 1103890753122, QTAgent32.exe, Playback - [IMAGE] C:\Users\testuser\AppData\Local\Temp\UITestLogs\LastRun\RPF679F.png
\0
W, 3240, 19, 2013/05/24, 08:49:02.120, 1103890754850, QTAgent32.exe, Playback - [WARNING] Internal warning: Couldn't find descendants that match QueryId
\0
W, 3240, 19, 2013/05/24, 08:49:20.172, 1104149227549, QTAgent32.exe, Playback - [WARNING] Internal warning: Window Not Found: [VisibleOnly]ControlType='Window' &amp;&amp; Name='Personal Lines' &amp;&amp; ClassName='#32770'
\0
E, 3240, 19, 2013/05/24, 08:49:20.172, 1104149229515, QTAgent32.exe, &lt;a class=failure&gt;Playback - {202} [FAILED] Function ElementFetcher::FindScreenElement failed to locate UI element (Searching: ;[VisibleOnly]ControlType='Window' &amp;&amp; Name='Personal Lines' &amp;&amp; ClassName='#32770') (The object specified was not found.)
\0&lt;/a&gt;
E, 3240, 19, 2013/05/24, 08:49:20.217, 1104149870704, QTAgent32.exe, Playback - [IMAGE] C:\Users\testuser\AppData\Local\Temp\UITestLogs\LastRun\RPFAE50.png
\0
W, 3240, 19, 2013/05/24, 08:49:20.217, 1104149872288, QTAgent32.exe, Playback - [WARNING] Internal warning: Couldn't find descendants that match QueryId
\0
W, 3240, 19, 2013/05/24, 08:49:20.217, 1104149875058, QTAgent32.exe, PERF WARNING: FindTopLevelWindowHelper::FindAllDescendents: took 18096 ms. Expected it to take maximum 500 ms.
W, 3240, 19, 2013/05/24, 08:49:20.677, 1104156467874, QTAgent32.exe, Playback - [WARNING] Internal warning: Smart Match failed
\0
W, 3240, 19, 2013/05/24, 08:49:20.875, 1104159302545, QTAgent32.exe, Playback - [WARNING] Internal warning: Smart Match failed
\0
W, 3240, 19, 2013/05/24, 08:49:21.066, 1104162037957, QTAgent32.exe, Playback - [WARNING] Internal warning: Smart Match failed
\0
W, 3240, 19, 2013/05/24, 08:49:21.257, 1104164766357, QTAgent32.exe, Playback - [WARNING] Internal warning: Smart Match failed
\0
W, 3240, 19, 2013/05/24, 08:49:21.451, 1104167532103, QTAgent32.exe, Playback - [WARNING] Internal warning: Smart Match failed
\0
W, 3240, 19, 2013/05/24, 08:49:21.643, 1104170293505, QTAgent32.exe, Playback - [WARNING] Internal warning: Smart Match failed
\0
W, 3240, 19, 2013/05/24, 08:49:21.833, 1104173012550, QTAgent32.exe, Playback - [WARNING] Internal warning: Smart Match failed
\0
W, 3240, 19, 2013/05/24, 08:49:22.022, 1104175716701, QTAgent32.exe, Playback - [WARNING] Internal warning: Smart Match failed
\0
W, 3240, 19, 2013/05/24, 08:49:22.212, 1104178432431, QTAgent32.exe, Playback - [WARNING] Internal warning: Smart Match failed
\0
W, 3240, 19, 2013/05/24, 08:49:22.403, 1104181171367, QTAgent32.exe, Playback - [WARNING] Internal warning: Smart Match failed
\0
W, 3240, 19, 2013/05/24, 08:49:22.601, 1104184009445, QTAgent32.exe, Playback - [WARNING] Internal warning: Smart Match failed
\0
W, 3240, 19, 2013/05/24, 08:49:22.796, 1104186801218, QTAgent32.exe, Playback - [WARNING] Internal warning: Smart Match failed
\0
W, 3240, 19, 2013/05/24, 08:49:22.988, 1104189544994, QTAgent32.exe, Playback - [WARNING] Internal warning: Smart Match failed
\0
W, 3240, 19, 2013/05/24, 08:49:23.183, 1104192336285, QTAgent32.exe, Playback - [WARNING] Internal warning: Smart Match failed
\0
W, 3240, 19, 2013/05/24, 08:49:23.265, 1104193520945, QTAgent32.exe, Playback - [WARNING] Internal warning: Window Not Found: [VisibleOnly]ControlType='Window' &amp;&amp; Name='Personal Lines' &amp;&amp; ClassName='#32770'
\0
E, 3240, 19, 2013/05/24, 08:49:23.266, 1104193522930, QTAgent32.exe, &lt;a class=failure&gt;Playback - {203} [FAILED] Function ElementFetcher::FindScreenElement failed to locate UI element (Searching: ;[VisibleOnly]ControlType='Window' &amp;&amp; Name='Personal Lines' &amp;&amp; ClassName='#32770') (The object specified was not found.)
\0&lt;/a&gt;
E, 3240, 19, 2013/05/24, 08:49:23.309, 1104194138356, QTAgent32.exe, Playback - [IMAGE] C:\Users\testuser\AppData\Local\Temp\UITestLogs\LastRun\RPFBA62.png
\0
W, 3240, 19, 2013/05/24, 08:49:23.309, 1104194139913, QTAgent32.exe, Playback - [WARNING] Internal warning: Couldn't find descendants that match QueryId
\0
W, 3240, 19, 2013/05/24, 08:49:23.309, 1104194142284, QTAgent32.exe, PERF WARNING: FindTopLevelWindowHelper::FindAllDescendents: took 3091 ms. Expected it to take maximum 500 ms.
E, 3240, 19, 2013/05/24, 08:49:23.309, 1104194143855, QTAgent32.exe, Exception: System.Runtime.InteropServices.COMException
	Message: Error HRESULT E_FAIL has been returned from a call to a COM component.
	Stack Trace:    at Microsoft.VisualStudio.TestTools.UITest.Playback.Engine.IRPFPlayback.FindAllScreenElements(IScreenElement pScreenElementStart, String bstrQueryId, Object&amp; pvarResKeys, Int32 cResKeys, Int32 nMaxDepth, Object[]&amp; foundDescendants)
   at Microsoft.VisualStudio.TestTools.UITest.Playback.ScreenElement.FindTopLevelWindowHelper(String queryId)
	BaseExceptionMessage: Error HRESULT E_FAIL has been returned from a call to a COM component.

E, 3240, 19, 2013/05/24, 08:49:23.309, 1104194146613, QTAgent32.exe, Window 852908 not responding. Last Win32 error 0
E, 3240, 19, 2013/05/24, 08:49:23.309, 1104194147467, QTAgent32.exe, GetClassName for handle 852908 failed
E, 3240, 19, 2013/05/24, 08:49:23.309, 1104194151235, QTAgent32.exe, Window 984422 not responding. Last Win32 error 1400
E, 3240, 19, 2013/05/24, 08:49:23.310, 1104194152388, QTAgent32.exe, GetClassName for handle 984422 failed
E, 3240, 19, 2013/05/24, 08:49:23.410, 1104195589194, QTAgent32.exe, AL: Playback Error: Microsoft.VisualStudio.TestTools.UITest.Extension.UITestControlNotAvailableException: The control is not available or not valid. Additional Details: 
TechnologyName:  'MSAA'
Name:  'Yes'
ControlType:  'Button'
 ---&gt; Microsoft.VisualStudio.TestTools.UITest.Extension.UITestControlNotAvailableException: The control is not available or not valid. Additional Details: 
TechnologyName:  'MSAA'
Name:  'Personal Lines'
ClassName:  '#32770'
ControlType:  'Window'
 ---&gt; System.Runtime.InteropServices.COMException: Error HRESULT E_FAIL has been returned from a call to a COM component.
   at Microsoft.VisualStudio.TestTools.UITest.Playback.Engine.IRPFPlayback.FindAllScreenElements(IScreenElement pScreenElementStart, String bstrQueryId, Object&amp; pvarResKeys, Int32 cResKeys, Int32 nMaxDepth, Object[]&amp; foundDescendants)
   at Microsoft.VisualStudio.TestTools.UITest.Playback.ScreenElement.FindTopLevelWindowHelper(String queryId)
   at Microsoft.VisualStudio.TestTools.UITest.Playback.ScreenElement.FindFromPartialQueryId(String queryId)
   at Microsoft.VisualStudio.TestTools.UITesting.UITestControl.EnsureValid(Boolean waitForReady, Boolean refetch)
   --- End of inner exception stack trace ---
   at Microsoft.VisualStudio.TestTools.UITesting.UITestControl.EnsureValid(Boolean waitForReady, Boolean refetch)
   at Microsoft.VisualStudio.TestTools.UITesting.UITestControl.FindFirstDescendant(String queryId, Int32 maxDepth, Int32&amp; timeLeft)
   at Microsoft.VisualStudio.TestTools.UITesting.UITestControl.FindFirstDescendant(String queryId)
   at Microsoft.VisualStudio.TestTools.UITesting.UITestControl.EnsureValid(Boolean waitForReady, Boolean refetch)
   --- End of inner exception stack trace ---
   at Microsoft.VisualStudio.TestTools.UITesting.UITestControl.EnsureValid(Boolean waitForReady, Boolean refetch)
   at Microsoft.VisualStudio.TestTools.UITesting.UITestControl.Click(MouseButtons button, ModifierKeys modifierKeys, Point relativeCoordinates)
   at Microsoft.VisualStudio.TestTools.UITesting.Mouse.ClickImplementation(UITestControl control, MouseButtons button, ModifierKeys modifierKeys, Point relativeCoordinate)
   at Microsoft.VisualStudio.TestTools.UITesting.Mouse.ClickImplementationWrapper(UITestControl control, MouseButtons button, ModifierKeys modifierKeys, Point relativeCoordinate)
W, 3240, 19, 2013/05/24, 08:49:23.410, 1104195590724, QTAgent32.exe, PlaybackErrorHandler: Ignoring exception as ContinueOnError is set.
W, 3240, 19, 2013/05/24, 08:49:23.537, 1104197411384, QTAgent32.exe, &lt;a class=success&gt;Playback - {204} [SUCCESS] MouseButtonClick - "[MSAA, VisibleOnly]ControlType='Button' &amp;&amp; Name='Invite'"
\0&lt;/a&gt;
W, 3240, 19, 2013/05/24, 08:49:23.895, 1104202532149, QTAgent32.exe, Playback - [WARNING] Internal warning: Window Not Found: [VisibleOnly]ControlType='Window' &amp;&amp; Name='Confirm' &amp;&amp; ClassName='#32770'
\0
E, 3240, 19, 2013/05/24, 08:49:23.895, 1104202534223, QTAgent32.exe, &lt;a class=failure&gt;Playback - {205} [FAILED] Function ElementFetcher::FindScreenElement failed to locate UI element (Searching: ;[VisibleOnly]ControlType='Window' &amp;&amp; Name='Confirm' &amp;&amp; ClassName='#32770') (The object specified was not found.)
\0&lt;/a&gt;
E, 3240, 19, 2013/05/24, 08:49:23.937, 1104203141521, QTAgent32.exe, Playback - [IMAGE] C:\Users\testuser\AppData\Local\Temp\UITestLogs\LastRun\RPFBCE3.png
\0
W, 3240, 19, 2013/05/24, 08:49:23.937, 1104203143033, QTAgent32.exe, Playback - [WARNING] Internal warning: Couldn't find descendants that match QueryId
\0
W, 3240, 19, 2013/05/24, 08:49:42.027, 1104462153105, QTAgent32.exe, Playback - [WARNING] Internal warning: Window Not Found: [VisibleOnly]ControlType='Window' &amp;&amp; Name='Confirm' &amp;&amp; ClassName='#32770'
\0
E, 3240, 19, 2013/05/24, 08:49:42.027, 1104462155401, QTAgent32.exe, &lt;a class=failure&gt;Playback - {206} [FAILED] Function ElementFetcher::FindScreenElement failed to locate UI element (Searching: ;[VisibleOnly]ControlType='Window' &amp;&amp; Name='Confirm' &amp;&amp; ClassName='#32770') (The object specified was not found.)
\0&lt;/a&gt;
E, 3240, 19, 2013/05/24, 08:49:42.072, 1104462789332, QTAgent32.exe, Playback - [IMAGE] C:\Users\testuser\AppData\Local\Temp\UITestLogs\LastRun\RPF3B3.png
\0
W, 3240, 19, 2013/05/24, 08:49:42.072, 1104462790926, QTAgent32.exe, Playback - [WARNING] Internal warning: Couldn't find descendants that match QueryId
\0
W, 3240, 19, 2013/05/24, 08:49:42.072, 1104462793342, QTAgent32.exe, PERF WARNING: FindTopLevelWindowHelper::FindAllDescendents: took 18134 ms. Expected it to take maximum 500 ms.
W, 3240, 19, 2013/05/24, 08:49:42.529, 1104469334523, QTAgent32.exe, Playback - [WARNING] Internal warning: Smart Match failed
\0
W, 3240, 19, 2013/05/24, 08:49:42.722, 1104472098167, QTAgent32.exe, Playback - [WARNING] Internal warning: Smart Match failed
\0
W, 3240, 19, 2013/05/24, 08:49:42.918, 1104474908797, QTAgent32.exe, Playback - [WARNING] Internal warning: Smart Match failed
\0
W, 3240, 19, 2013/05/24, 08:49:43.119, 1104477781420, QTAgent32.exe, Playback - [WARNING] Internal warning: Smart Match failed
\0
W, 3240, 19, 2013/05/24, 08:49:43.314, 1104480579008, QTAgent32.exe, Playback - [WARNING] Internal warning: Smart Match failed
\0
W, 3240, 19, 2013/05/24, 08:49:43.511, 1104483401233, QTAgent32.exe, Playback - [WARNING] Internal warning: Smart Match failed
\0
W, 3240, 19, 2013/05/24, 08:49:43.703, 1104486155858, QTAgent32.exe, Playback - [WARNING] Internal warning: Smart Match failed
\0
W, 3240, 19, 2013/05/24, 08:49:43.899, 1104488956635, QTAgent32.exe, Playback - [WARNING] Internal warning: Smart Match failed
\0
W, 3240, 19, 2013/05/24, 08:49:44.095, 1104491761658, QTAgent32.exe, Playback - [WARNING] Internal warning: Smart Match failed
\0
W, 3240, 19, 2013/05/24, 08:49:44.285, 1104494487670, QTAgent32.exe, Playback - [WARNING] Internal warning: Smart Match failed
\0
W, 3240, 19, 2013/05/24, 08:49:44.475, 1104497210130, QTAgent32.exe, Playback - [WARNING] Internal warning: Smart Match failed
\0
W, 3240, 19, 2013/05/24, 08:49:44.667, 1104499949124, QTAgent32.exe, Playback - [WARNING] Internal warning: Smart Match failed
\0
W, 3240, 19, 2013/05/24, 08:49:44.859, 1104502703149, QTAgent32.exe, Playback - [WARNING] Internal warning: Smart Match failed
\0
W, 3240, 19, 2013/05/24, 08:49:45.054, 1104505490744, QTAgent32.exe, Playback - [WARNING] Internal warning: Smart Match failed
\0
W, 3240, 19, 2013/05/24, 08:49:45.144, 1104506779671, QTAgent32.exe, Playback - [WARNING] Internal warning: Window Not Found: [VisibleOnly]ControlType='Window' &amp;&amp; Name='Confirm' &amp;&amp; ClassName='#32770'
\0
E, 3240, 19, 2013/05/24, 08:49:45.144, 1104506781548, QTAgent32.exe, &lt;a class=failure&gt;Playback - {207} [FAILED] Function ElementFetcher::FindScreenElement failed to locate UI element (Searching: ;[VisibleOnly]ControlType='Window' &amp;&amp; Name='Confirm' &amp;&amp; ClassName='#32770') (The object specified was not found.)
\0&lt;/a&gt;
E, 3240, 19, 2013/05/24, 08:49:45.186, 1104507386724, QTAgent32.exe, Playback - [IMAGE] C:\Users\testuser\AppData\Local\Temp\UITestLogs\LastRun\RPFFE4.png
\0
W, 3240, 19, 2013/05/24, 08:49:45.187, 1104507388647, QTAgent32.exe, Playback - [WARNING] Internal warning: Couldn't find descendants that match QueryId
\0
W, 3240, 19, 2013/05/24, 08:49:45.187, 1104507391128, QTAgent32.exe, PERF WARNING: FindTopLevelWindowHelper::FindAllDescendents: took 3114 ms. Expected it to take maximum 500 ms.
E, 3240, 19, 2013/05/24, 08:49:45.187, 1104507392754, QTAgent32.exe, Exception: System.Runtime.InteropServices.COMException
	Message: Error HRESULT E_FAIL has been returned from a call to a COM component.
	Stack Trace:    at Microsoft.VisualStudio.TestTools.UITest.Playback.Engine.IRPFPlayback.FindAllScreenElements(IScreenElement pScreenElementStart, String bstrQueryId, Object&amp; pvarResKeys, Int32 cResKeys, Int32 nMaxDepth, Object[]&amp; foundDescendants)
   at Microsoft.VisualStudio.TestTools.UITest.Playback.ScreenElement.FindTopLevelWindowHelper(String queryId)
	BaseExceptionMessage: Error HRESULT E_FAIL has been returned from a call to a COM component.

E, 3240, 19, 2013/05/24, 08:49:45.287, 1104508831616, QTAgent32.exe, AL: Playback Error: Microsoft.VisualStudio.TestTools.UITest.Extension.UITestControlNotFoundException: The playback failed to find the control with the given search properties. Additional Details: 
TechnologyName:  'MSAA'
ControlType:  'Window'
Name:  'Confirm'
ClassName:  '#32770'
 ---&gt; System.Runtime.InteropServices.COMException: Error HRESULT E_FAIL has been returned from a call to a COM component.
   at Microsoft.VisualStudio.TestTools.UITest.Playback.Engine.IRPFPlayback.FindAllScreenElements(IScreenElement pScreenElementStart, String bstrQueryId, Object&amp; pvarResKeys, Int32 cResKeys, Int32 nMaxDepth, Object[]&amp; foundDescendants)
   at Microsoft.VisualStudio.TestTools.UITest.Playback.ScreenElement.FindTopLevelWindowHelper(String queryId)
   at Microsoft.VisualStudio.TestTools.UITest.Playback.ScreenElement.FindFromPartialQueryId(String queryId)
   at Microsoft.VisualStudio.TestTools.UITesting.UITestControl..ctor(String queryId)
   --- End of inner exception stack trace ---
   at Microsoft.VisualStudio.TestTools.UITesting.Playback.MapControlNotFoundException(COMException ex, IPlaybackContext context)
   at Microsoft.VisualStudio.TestTools.UITesting.Playback.MapAndThrowComException(COMException innerException, IPlaybackContext context)
   at Microsoft.VisualStudio.TestTools.UITesting.Playback.MapAndThrowException(SystemException exception, IPlaybackContext context)
   at Microsoft.VisualStudio.TestTools.UITesting.Playback.MapAndThrowException(SystemException exception, String queryId)
   at Microsoft.VisualStudio.TestTools.UITesting.UITestControl..ctor(String queryId)
   at Microsoft.VisualStudio.TestTools.UITesting.SearchHelper.SearchTopLevelWindow(ISearchArgument topLevelSearchArg, String topLevelElementQueryId)
   at Microsoft.VisualStudio.TestTools.UITesting.SearchHelper.GetTitleUpdatedTopLevelWindow(ISearchArgument topLevelSearchArg, String queryId, IList`1 windowTitles)
   at Microsoft.VisualStudio.TestTools.UITesting.SearchHelper.GetTopLevelElement(Boolean useCache, Boolean useCacheOnly, ISearchArgument searchArg, IList`1 windowTitles, Int32&amp; timeLeft)
   at Microsoft.VisualStudio.TestTools.UITesting.SearchHelper.GetElement(Boolean useCache, ISearchArgument searchArg)
   at Microsoft.VisualStudio.TestTools.UITesting.SearchHelper.Search(ISearchArgument searchArg)
   at Microsoft.VisualStudio.TestTools.UITesting.UITestControl.FindInternal()
   at Microsoft.VisualStudio.TestTools.UITesting.UITestControl.FindControlIfNecessary()
   at Microsoft.VisualStudio.TestTools.UITesting.UITestControl.Click(MouseButtons button, ModifierKeys modifierKeys, Point relativeCoordinates)
   at Microsoft.VisualStudio.TestTools.UITesting.Mouse.ClickImplementation(UITestControl control, MouseButtons button, ModifierKeys modifierKeys, Point relativeCoordinate)
   at Microsoft.VisualStudio.TestTools.UITesting.Mouse.ClickImplementationWrapper(UITestControl control, MouseButtons button, ModifierKeys modifierKeys, Point relativeCoordinate)
W, 3240, 19, 2013/05/24, 08:49:45.287, 1104508833107, QTAgent32.exe, PlaybackErrorHandler: Ignoring exception as ContinueOnError is set.
W, 3240, 19, 2013/05/24, 08:49:45.437, 1104510976789, QTAgent32.exe, &lt;a class=success&gt;Playback - {208} [SUCCESS] MouseButtonClick - "[MSAA, VisibleOnly]ControlType='Button' &amp;&amp; Name='Ok'"
\0&lt;/a&gt;
W, 3240, 19, 2013/05/24, 08:49:51.431, 1104596798218, QTAgent32.exe, Playback - [WARNING] Internal warning: Window Not Found: [VisibleOnly]ControlType='Window' &amp;&amp; Name='Personal Lines' &amp;&amp; ClassName='#32770'
\0
E, 3240, 19, 2013/05/24, 08:49:51.431, 1104596800196, QTAgent32.exe, &lt;a class=failure&gt;Playback - {209} [FAILED] Function ElementFetcher::FindScreenElement failed to locate UI element (Searching: ;[VisibleOnly]ControlType='Window' &amp;&amp; Name='Personal Lines' &amp;&amp; ClassName='#32770') (The object specified was not found.)
\0&lt;/a&gt;
E, 3240, 19, 2013/05/24, 08:49:51.473, 1104597399875, QTAgent32.exe, Playback - [IMAGE] C:\Users\testuser\AppData\Local\Temp\UITestLogs\LastRun\RPF2874.png
\0
W, 3240, 19, 2013/05/24, 08:49:51.473, 1104597401441, QTAgent32.exe, Playback - [WARNING] Internal warning: Couldn't find descendants that match QueryId
\0
W, 3240, 19, 2013/05/24, 08:49:51.473, 1104597404161, QTAgent32.exe, PERF WARNING: FindTopLevelWindowHelper::FindAllDescendents: took 5936 ms. Expected it to take maximum 500 ms.
W, 3240, 19, 2013/05/24, 08:50:09.467, 1104855039045, QTAgent32.exe, Playback - [WARNING] Internal warning: Window Not Found: [VisibleOnly]ControlType='Window' &amp;&amp; Name='Personal Lines' &amp;&amp; ClassName='#32770'
\0
E, 3240, 19, 2013/05/24, 08:50:09.467, 1104855041372, QTAgent32.exe, &lt;a class=failure&gt;Playback - {210} [FAILED] Function ElementFetcher::FindScreenElement failed to locate UI element (Searching: ;[VisibleOnly]ControlType='Window' &amp;&amp; Name='Personal Lines' &amp;&amp; ClassName='#32770') (The object specified was not found.)
\0&lt;/a&gt;
E, 3240, 19, 2013/05/24, 08:50:09.510, 1104855660103, QTAgent32.exe, Playback - [IMAGE] C:\Users\testuser\AppData\Local\Temp\UITestLogs\LastRun\RPF6EE7.png
\0
W, 3240, 19, 2013/05/24, 08:50:09.510, 1104855661726, QTAgent32.exe, Playback - [WARNING] Internal warning: Couldn't find descendants that match QueryId
\0
W, 3240, 19, 2013/05/24, 08:50:09.511, 1104855664277, QTAgent32.exe, PERF WARNING: FindTopLevelWindowHelper::FindAllDescendents: took 18037 ms. Expected it to take maximum 500 ms.
W, 3240, 19, 2013/05/24, 08:50:09.966, 1104862189218, QTAgent32.exe, Playback - [WARNING] Internal warning: Smart Match failed
\0
W, 3240, 19, 2013/05/24, 08:50:10.169, 1104865094510, QTAgent32.exe, Playback - [WARNING] Internal warning: Smart Match failed
\0
W, 3240, 19, 2013/05/24, 08:50:10.366, 1104867916877, QTAgent32.exe, Playback - [WARNING] Internal warning: Smart Match failed
\0
W, 3240, 19, 2013/05/24, 08:50:10.563, 1104870734740, QTAgent32.exe, Playback - [WARNING] Internal warning: Smart Match failed
\0
W, 3240, 19, 2013/05/24, 08:50:10.759, 1104873545679, QTAgent32.exe, Playback - [WARNING] Internal warning: Smart Match failed
\0
W, 3240, 19, 2013/05/24, 08:50:10.952, 1104876306494, QTAgent32.exe, Playback - [WARNING] Internal warning: Smart Match failed
\0
W, 3240, 19, 2013/05/24, 08:50:11.143, 1104879037136, QTAgent32.exe, Playback - [WARNING] Internal warning: Smart Match failed
\0
W, 3240, 19, 2013/05/24, 08:50:11.333, 1104881769087, QTAgent32.exe, Playback - [WARNING] Internal warning: Smart Match failed
\0
W, 3240, 19, 2013/05/24, 08:50:11.530, 1104884590342, QTAgent32.exe, Playback - [WARNING] Internal warning: Smart Match failed
\0
W, 3240, 19, 2013/05/24, 08:50:11.722, 1104887337025, QTAgent32.exe, Playback - [WARNING] Internal warning: Smart Match failed
\0
W, 3240, 19, 2013/05/24, 08:50:11.915, 1104890102309, QTAgent32.exe, Playback - [WARNING] Internal warning: Smart Match failed
\0
W, 3240, 19, 2013/05/24, 08:50:12.109, 1104892872395, QTAgent32.exe, Playback - [WARNING] Internal warning: Smart Match failed
\0
W, 3240, 19, 2013/05/24, 08:50:12.307, 1104895709276, QTAgent32.exe, Playback - [WARNING] Internal warning: Smart Match failed
\0
W, 3240, 19, 2013/05/24, 08:50:12.510, 1104898607749, QTAgent32.exe, Playback - [WARNING] Internal warning: Smart Match failed
\0
W, 3240, 19, 2013/05/24, 08:50:12.601, 1104899906416, QTAgent32.exe, Playback - [WARNING] Internal warning: Window Not Found: [VisibleOnly]ControlType='Window' &amp;&amp; Name='Personal Lines' &amp;&amp; ClassName='#32770'
\0
E, 3240, 19, 2013/05/24, 08:50:12.601, 1104899908267, QTAgent32.exe, &lt;a class=failure&gt;Playback - {211} [FAILED] Function ElementFetcher::FindScreenElement failed to locate UI element (Searching: ;[VisibleOnly]ControlType='Window' &amp;&amp; Name='Personal Lines' &amp;&amp; ClassName='#32770') (The object specified was not found.)
\0&lt;/a&gt;
E, 3240, 19, 2013/05/24, 08:50:12.652, 1104900648048, QTAgent32.exe, Playback - [IMAGE] C:\Users\testuser\AppData\Local\Temp\UITestLogs\LastRun\RPF7B27.png
\0
W, 3240, 19, 2013/05/24, 08:50:12.652, 1104900649655, QTAgent32.exe, Playback - [WARNING] Internal warning: Couldn't find descendants that match QueryId
\0
W, 3240, 19, 2013/05/24, 08:50:12.654, 1104900669710, QTAgent32.exe, PERF WARNING: FindTopLevelWindowHelper::FindAllDescendents: took 3143 ms. Expected it to take maximum 500 ms.
E, 3240, 19, 2013/05/24, 08:50:12.654, 1104900671339, QTAgent32.exe, Exception: System.Runtime.InteropServices.COMException
	Message: Error HRESULT E_FAIL has been returned from a call to a COM component.
	Stack Trace:    at Microsoft.VisualStudio.TestTools.UITest.Playback.Engine.IRPFPlayback.FindAllScreenElements(IScreenElement pScreenElementStart, String bstrQueryId, Object&amp; pvarResKeys, Int32 cResKeys, Int32 nMaxDepth, Object[]&amp; foundDescendants)
   at Microsoft.VisualStudio.TestTools.UITest.Playback.ScreenElement.FindTopLevelWindowHelper(String queryId)
	BaseExceptionMessage: Error HRESULT E_FAIL has been returned from a call to a COM component.

E, 3240, 19, 2013/05/24, 08:50:12.654, 1104900674926, QTAgent32.exe, GetClassName for handle 984082 failed
E, 3240, 19, 2013/05/24, 08:50:12.655, 1104900683106, QTAgent32.exe, Window 984082 not responding. Last Win32 error 1400
E, 3240, 19, 2013/05/24, 08:50:12.655, 1104900684059, QTAgent32.exe, GetClassName for handle 984082 failed
E, 3240, 19, 2013/05/24, 08:50:12.755, 1104902121408, QTAgent32.exe, AL: Playback Error: Microsoft.VisualStudio.TestTools.UITest.Extension.UITestControlNotAvailableException: The control is not available or not valid. Additional Details: 
TechnologyName:  'MSAA'
ControlType:  'Window'
 ---&gt; System.Runtime.InteropServices.COMException: Error HRESULT E_FAIL has been returned from a call to a COM component.
   at Microsoft.VisualStudio.TestTools.UITest.Playback.Engine.IRPFPlayback.FindAllScreenElements(IScreenElement pScreenElementStart, String bstrQueryId, Object&amp; pvarResKeys, Int32 cResKeys, Int32 nMaxDepth, Object[]&amp; foundDescendants)
   at Microsoft.VisualStudio.TestTools.UITest.Playback.ScreenElement.FindTopLevelWindowHelper(String queryId)
   at Microsoft.VisualStudio.TestTools.UITest.Playback.ScreenElement.FindFromPartialQueryId(String queryId)
   at Microsoft.VisualStudio.TestTools.UITesting.UITestControl.EnsureValid(Boolean waitForReady, Boolean refetch)
   --- End of inner exception stack trace ---
   at Microsoft.VisualStudio.TestTools.UITesting.UITestControl.EnsureValid(Boolean waitForReady, Boolean refetch)
   at Microsoft.VisualStudio.TestTools.UITesting.UITestControl.FindFirstDescendant(String queryId, Int32 maxDepth, Int32&amp; timeLeft)
   at Microsoft.VisualStudio.TestTools.UITesting.SearchHelper.GetElement(Boolean useCache, ISearchArgument searchArg)
   at Microsoft.VisualStudio.TestTools.UITesting.SearchHelper.Search(ISearchArgument searchArg)
   at Microsoft.VisualStudio.TestTools.UITesting.UITestControl.FindInternal()
   at Microsoft.VisualStudio.TestTools.UITesting.UITestControl.FindControlIfNecessary()
   at Microsoft.VisualStudio.TestTools.UITesting.UITestControl.Click(MouseButtons button, ModifierKeys modifierKeys, Point relativeCoordinates)
   at Microsoft.VisualStudio.TestTools.UITesting.Mouse.ClickImplementation(UITestControl control, MouseButtons button, ModifierKeys modifierKeys, Point relativeCoordinate)
   at Microsoft.VisualStudio.TestTools.UITesting.Mouse.ClickImplementationWrapper(UITestControl control, MouseButtons button, ModifierKeys modifierKeys, Point relativeCoordinate)
W, 3240, 19, 2013/05/24, 08:50:12.755, 1104902122961, QTAgent32.exe, PlaybackErrorHandler: Ignoring exception as ContinueOnError is set.
W, 3240, 19, 2013/05/24, 08:50:12.882, 1104903942891, QTAgent32.exe, &lt;a class=success&gt;Playback - {212} [SUCCESS] Check - "[MSAA, VisibleOnly]ControlType='CheckBox' &amp;&amp; Name='Defer Printing?'"
\0&lt;/a&gt;
W, 3240, 19, 2013/05/24, 08:50:13.436, 1104911863625, QTAgent32.exe, &lt;a class=success&gt;Playback - {213} [SUCCESS] MouseButtonClick - "[MSAA, VisibleOnly]ControlType='Button' &amp;&amp; Name='Ok'"
\0&lt;/a&gt;
W, 3240, 19, 2013/05/24, 08:50:13.538, 1104913325076, QTAgent32.exe, Playback - [WARNING] Internal warning: Thread state based WFR - Requested element has invalid HWND
\0
W, 3240, 19, 2013/05/24, 08:50:13.538, 1104913332044, QTAgent32.exe, Playback - [WARNING] Internal warning: process performance counters based WFR - Requested element has invalid HWND
\0
E, 3240, 19, 2013/05/24, 08:50:13.539, 1104913346377, QTAgent32.exe, EnsureValid called via EnsureValid call for same element
E, 3240, 19, 2013/05/24, 08:50:13.540, 1104913359758, QTAgent32.exe, EnsureValid called via EnsureValid call for same element
E, 3240, 19, 2013/05/24, 08:50:13.541, 1104913366860, QTAgent32.exe, EnsureValid called via EnsureValid call for same element
E, 3240, 19, 2013/05/24, 08:50:13.541, 1104913370529, QTAgent32.exe, Window 198128 not responding. Last Win32 error 1400
E, 3240, 19, 2013/05/24, 08:50:13.541, 1104913371340, QTAgent32.exe, GetClassName for handle 198128 failed
W, 3240, 19, 2013/05/24, 08:50:28.897, 1105133239007, QTAgent32.exe, PERF WARNING: FindTopLevelWindowHelper::FindAllDescendents: took 15355 ms. Expected it to take maximum 500 ms.
W, 3240, 19, 2013/05/24, 08:50:29.031, 1105135168312, QTAgent32.exe, &lt;a class=success&gt;Playback - {214} [SUCCESS] Uncheck - "[MSAA, VisibleOnly]ControlType='CheckBox' &amp;&amp; Name='Add Activity'"
\0&lt;/a&gt;
W, 3240, 19, 2013/05/24, 08:50:29.570, 1105142885842, QTAgent32.exe, &lt;a class=success&gt;Playback - {215} [SUCCESS] MouseButtonClick - "[MSAA, VisibleOnly]ControlType='Button' &amp;&amp; Name='Ok'"
\0&lt;/a&gt;
W, 3240, 19, 2013/05/24, 08:50:31.836, 1105175324013, QTAgent32.exe, &lt;a class=success&gt;Playback - {216} [SUCCESS] MouseButtonClick - "[MSAA, VisibleOnly]ControlType='Button' &amp;&amp; Name='OK'"
\0&lt;/a&gt;
W, 3240, 19, 2013/05/24, 08:50:32.183, 1105180292373, QTAgent32.exe, Playback - [WARNING] Internal warning: Window Not Found: [VisibleOnly]ControlType='Window' &amp;&amp; Name='AUTO221-1001' &amp;&amp; ClassName='ThunderRT6FormDC'
\0
E, 3240, 19, 2013/05/24, 08:50:32.183, 1105180294533, QTAgent32.exe, &lt;a class=failure&gt;Playback - {217} [FAILED] Function ElementFetcher::FindScreenElement failed to locate UI element (Searching: ;[VisibleOnly]ControlType='Window' &amp;&amp; Name='AUTO221-1001' &amp;&amp; ClassName='ThunderRT6FormDC') (The object specified was not found.)
\0&lt;/a&gt;
E, 3240, 19, 2013/05/24, 08:50:32.226, 1105180906169, QTAgent32.exe, Playback - [IMAGE] C:\Users\testuser\AppData\Local\Temp\UITestLogs\LastRun\RPFC7A2.png
\0
W, 3240, 19, 2013/05/24, 08:50:32.226, 1105180907935, QTAgent32.exe, Playback - [WARNING] Internal warning: Couldn't find descendants that match QueryId
\0
W, 3240, 19, 2013/05/24, 08:50:50.232, 1105438728006, QTAgent32.exe, Playback - [WARNING] Internal warning: Window Not Found: [VisibleOnly]ControlType='Window' &amp;&amp; Name='AUTO221-1001' &amp;&amp; ClassName='ThunderRT6FormDC'
\0
E, 3240, 19, 2013/05/24, 08:50:50.232, 1105438730286, QTAgent32.exe, &lt;a class=failure&gt;Playback - {218} [FAILED] Function ElementFetcher::FindScreenElement failed to locate UI element (Searching: ;[VisibleOnly]ControlType='Window' &amp;&amp; Name='AUTO221-1001' &amp;&amp; ClassName='ThunderRT6FormDC') (The object specified was not found.)
\0&lt;/a&gt;
E, 3240, 19, 2013/05/24, 08:50:50.277, 1105439365730, QTAgent32.exe, Playback - [IMAGE] C:\Users\testuser\AppData\Local\Temp\UITestLogs\LastRun\RPFE25.png
\0
W, 3240, 19, 2013/05/24, 08:50:50.277, 1105439367342, QTAgent32.exe, Playback - [WARNING] Internal warning: Couldn't find descendants that match QueryId
\0
W, 3240, 19, 2013/05/24, 08:50:50.277, 1105439370064, QTAgent32.exe, PERF WARNING: FindTopLevelWindowHelper::FindAllDescendents: took 18050 ms. Expected it to take maximum 500 ms.
W, 3240, 19, 2013/05/24, 08:50:50.856, 1105447655731, QTAgent32.exe, Playback - [WARNING] Internal warning: Window with Class "ThunderRT6FormDC" and Title "AUTO221-1001" was not found, so similar window with Class "ThunderRT6FormDC" and Title "AUTO146-1001" was accepted
\0
W, 3240, 19, 2013/05/24, 08:50:50.856, 1105447658682, QTAgent32.exe, PERF WARNING: FindTopLevelWindowHelper::FindAllDescendents: took 578 ms. Expected it to take maximum 500 ms.
W, 3240, 19, 2013/05/24, 08:50:51.587, 1105458126539, QTAgent32.exe, &lt;a class=success&gt;Playback - {219} [SUCCESS] MouseButtonClick - "[MSAA, VisibleOnly]ControlType='Button' &amp;&amp; Name='Renew Policy'"
\0&lt;/a&gt;
W, 3240, 19, 2013/05/24, 08:50:51.818, 1105461430513, QTAgent32.exe, &lt;a class=success&gt;Playback - {220} [SUCCESS] Check - "[MSAA, VisibleOnly]ControlType='RadioButton' &amp;&amp; Name='Alternative'"
\0&lt;/a&gt;
W, 3240, 19, 2013/05/24, 08:50:52.181, 1105466631071, QTAgent32.exe, &lt;a class=success&gt;Playback - {221} [SUCCESS] MouseButtonClick - "[MSAA, VisibleOnly]ControlType='Button' &amp;&amp; Name='OK'"
\0&lt;/a&gt;
W, 3240, 19, 2013/05/24, 08:50:52.412, 1105469929799, QTAgent32.exe, &lt;a class=success&gt;Playback - {222} [SUCCESS] MouseButtonClick - "[MSAA, VisibleOnly]ControlType='Button' &amp;&amp; Name='OK'"
\0&lt;/a&gt;
W, 3240, 19, 2013/05/24, 08:50:55.098, 1105508397646, QTAgent32.exe, PERF WARNING: FindTopLevelWindowHelper::FindAllDescendents: took 2586 ms. Expected it to take maximum 500 ms.
W, 3240, 19, 2013/05/24, 08:50:55.234, 1105510341746, QTAgent32.exe, &lt;a class=success&gt;Playback - {223} [SUCCESS] MouseButtonClick - "[MSAA, VisibleOnly]ControlType='Client'"
\0&lt;/a&gt;
W, 3240, 19, 2013/05/24, 08:50:55.419, 1105512997518, QTAgent32.exe, &lt;a class=success&gt;Playback - {224} [SUCCESS] SendKeys "{Home}" - "[MSAA, VisibleOnly]ControlType='Client'"
\0&lt;/a&gt;
W, 3240, 19, 2013/05/24, 08:50:55.681, 1105516744291, QTAgent32.exe, &lt;a class=success&gt;Playback - {225} [SUCCESS] MouseButtonClick - "[MSAA, VisibleOnly]ControlType='Button' &amp;&amp; Name='Accept'"
\0&lt;/a&gt;
W, 3240, 19, 2013/05/24, 08:50:57.914, 1105548722663, QTAgent32.exe, &lt;a class=success&gt;Playback - {226} [SUCCESS] MouseButtonClick - "[MSAA, VisibleOnly]ControlType='Button' &amp;&amp; Name='Yes'"
\0&lt;/a&gt;
W, 3240, 19, 2013/05/24, 08:51:02.611, 1105615971389, QTAgent32.exe, Playback - [WARNING] Internal warning: Window Not Found: [VisibleOnly]ControlType='Window' &amp;&amp; Name='Save the file as' &amp;&amp; ClassName='#32770'
\0
E, 3240, 19, 2013/05/24, 08:51:02.611, 1105615973472, QTAgent32.exe, &lt;a class=failure&gt;Playback - {227} [FAILED] Function ElementFetcher::FindScreenElement failed to locate UI element (Searching: ;[VisibleOnly]ControlType='Window' &amp;&amp; Name='Save the file as' &amp;&amp; ClassName='#32770') (The object specified was not found.)
\0&lt;/a&gt;
E, 3240, 19, 2013/05/24, 08:51:02.654, 1105616580597, QTAgent32.exe, Playback - [IMAGE] C:\Users\testuser\AppData\Local\Temp\UITestLogs\LastRun\RPF3E79.png
\0
W, 3240, 19, 2013/05/24, 08:51:02.654, 1105616582135, QTAgent32.exe, Playback - [WARNING] Internal warning: Couldn't find descendants that match QueryId
\0
W, 3240, 19, 2013/05/24, 08:51:02.654, 1105616584699, QTAgent32.exe, PERF WARNING: FindTopLevelWindowHelper::FindAllDescendents: took 4639 ms. Expected it to take maximum 500 ms.
W, 3240, 19, 2013/05/24, 08:51:20.650, 1105874251224, QTAgent32.exe, Playback - [WARNING] Internal warning: Window Not Found: [VisibleOnly]ControlType='Window' &amp;&amp; Name='Save the file as' &amp;&amp; ClassName='#32770'
\0
E, 3240, 19, 2013/05/24, 08:51:20.650, 1105874253619, QTAgent32.exe, &lt;a class=failure&gt;Playback - {228} [FAILED] Function ElementFetcher::FindScreenElement failed to locate UI element (Searching: ;[VisibleOnly]ControlType='Window' &amp;&amp; Name='Save the file as' &amp;&amp; ClassName='#32770') (The object specified was not found.)
\0&lt;/a&gt;
E, 3240, 19, 2013/05/24, 08:51:20.693, 1105874873013, QTAgent32.exe, Playback - [IMAGE] C:\Users\testuser\AppData\Local\Temp\UITestLogs\LastRun\RPF84FB.png
\0
W, 3240, 19, 2013/05/24, 08:51:20.693, 1105874874565, QTAgent32.exe, Playback - [WARNING] Internal warning: Couldn't find descendants that match QueryId
\0
W, 3240, 19, 2013/05/24, 08:51:20.694, 1105874877033, QTAgent32.exe, PERF WARNING: FindTopLevelWindowHelper::FindAllDescendents: took 18039 ms. Expected it to take maximum 500 ms.
W, 3240, 19, 2013/05/24, 08:51:21.151, 1105881423935, QTAgent32.exe, Playback - [WARNING] Internal warning: Smart Match failed
\0
W, 3240, 19, 2013/05/24, 08:51:21.350, 1105884281188, QTAgent32.exe, Playback - [WARNING] Internal warning: Smart Match failed
\0
W, 3240, 19, 2013/05/24, 08:51:21.550, 1105887135239, QTAgent32.exe, Playback - [WARNING] Internal warning: Smart Match failed
\0
W, 3240, 19, 2013/05/24, 08:51:21.748, 1105889979208, QTAgent32.exe, Playback - [WARNING] Internal warning: Smart Match failed
\0
W, 3240, 19, 2013/05/24, 08:51:21.944, 1105892784299, QTAgent32.exe, Playback - [WARNING] Internal warning: Smart Match failed
\0
W, 3240, 19, 2013/05/24, 08:51:22.145, 1105895664404, QTAgent32.exe, Playback - [WARNING] Internal warning: Smart Match failed
\0
W, 3240, 19, 2013/05/24, 08:51:22.343, 1105898503154, QTAgent32.exe, Playback - [WARNING] Internal warning: Smart Match failed
\0
W, 3240, 19, 2013/05/24, 08:51:22.546, 1105901396589, QTAgent32.exe, Playback - [WARNING] Internal warning: Smart Match failed
\0
W, 3240, 19, 2013/05/24, 08:51:22.745, 1105904248566, QTAgent32.exe, Playback - [WARNING] Internal warning: Smart Match failed
\0
W, 3240, 19, 2013/05/24, 08:51:22.939, 1105907024869, QTAgent32.exe, Playback - [WARNING] Internal warning: Smart Match failed
\0
W, 3240, 19, 2013/05/24, 08:51:23.137, 1105909860904, QTAgent32.exe, Playback - [WARNING] Internal warning: Smart Match failed
\0
W, 3240, 19, 2013/05/24, 08:51:23.332, 1105912646057, QTAgent32.exe, Playback - [WARNING] Internal warning: Smart Match failed
\0
W, 3240, 19, 2013/05/24, 08:51:23.526, 1105915428151, QTAgent32.exe, Playback - [WARNING] Internal warning: Smart Match failed
\0
W, 3240, 19, 2013/05/24, 08:51:23.720, 1105918206623, QTAgent32.exe, Playback - [WARNING] Internal warning: Smart Match failed
\0
W, 3240, 19, 2013/05/24, 08:51:23.804, 1105919414838, QTAgent32.exe, Playback - [WARNING] Internal warning: Window Not Found: [VisibleOnly]ControlType='Window' &amp;&amp; Name='Save the file as' &amp;&amp; ClassName='#32770'
\0
E, 3240, 19, 2013/05/24, 08:51:23.804, 1105919416550, QTAgent32.exe, &lt;a class=failure&gt;Playback - {229} [FAILED] Function ElementFetcher::FindScreenElement failed to locate UI element (Searching: ;[VisibleOnly]ControlType='Window' &amp;&amp; Name='Save the file as' &amp;&amp; ClassName='#32770') (The object specified was not found.)
\0&lt;/a&gt;
E, 3240, 19, 2013/05/24, 08:51:23.847, 1105920023768, QTAgent32.exe, Playback - [IMAGE] C:\Users\testuser\AppData\Local\Temp\UITestLogs\LastRun\RPF914B.png
\0
W, 3240, 19, 2013/05/24, 08:51:23.847, 1105920025350, QTAgent32.exe, Playback - [WARNING] Internal warning: Couldn't find descendants that match QueryId
\0
W, 3240, 19, 2013/05/24, 08:51:23.847, 1105920027947, QTAgent32.exe, PERF WARNING: FindTopLevelWindowHelper::FindAllDescendents: took 3153 ms. Expected it to take maximum 500 ms.
E, 3240, 19, 2013/05/24, 08:51:23.847, 1105920029566, QTAgent32.exe, Exception: System.Runtime.InteropServices.COMException
	Message: Error HRESULT E_FAIL has been returned from a call to a COM component.
	Stack Trace:    at Microsoft.VisualStudio.TestTools.UITest.Playback.Engine.IRPFPlayback.FindAllScreenElements(IScreenElement pScreenElementStart, String bstrQueryId, Object&amp; pvarResKeys, Int32 cResKeys, Int32 nMaxDepth, Object[]&amp; foundDescendants)
   at Microsoft.VisualStudio.TestTools.UITest.Playback.ScreenElement.FindTopLevelWindowHelper(String queryId)
	BaseExceptionMessage: Error HRESULT E_FAIL has been returned from a call to a COM component.

E, 3240, 19, 2013/05/24, 08:51:23.948, 1105921471602, QTAgent32.exe, AL: Playback Error: Microsoft.VisualStudio.TestTools.UITest.Extension.UITestControlNotFoundException: The playback failed to find the control with the given search properties. Additional Details: 
TechnologyName:  'MSAA'
ControlType:  'Window'
Name:  'Save the file as'
ClassName:  '#32770'
 ---&gt; System.Runtime.InteropServices.COMException: Error HRESULT E_FAIL has been returned from a call to a COM component.
   at Microsoft.VisualStudio.TestTools.UITest.Playback.Engine.IRPFPlayback.FindAllScreenElements(IScreenElement pScreenElementStart, String bstrQueryId, Object&amp; pvarResKeys, Int32 cResKeys, Int32 nMaxDepth, Object[]&amp; foundDescendants)
   at Microsoft.VisualStudio.TestTools.UITest.Playback.ScreenElement.FindTopLevelWindowHelper(String queryId)
   at Microsoft.VisualStudio.TestTools.UITest.Playback.ScreenElement.FindFromPartialQueryId(String queryId)
   at Microsoft.VisualStudio.TestTools.UITesting.UITestControl..ctor(String queryId)
   --- End of inner exception stack trace ---
   at Microsoft.VisualStudio.TestTools.UITesting.Playback.MapControlNotFoundException(COMException ex, IPlaybackContext context)
   at Microsoft.VisualStudio.TestTools.UITesting.Playback.MapAndThrowComException(COMException innerException, IPlaybackContext context)
   at Microsoft.VisualStudio.TestTools.UITesting.Playback.MapAndThrowException(SystemException exception, IPlaybackContext context)
   at Microsoft.VisualStudio.TestTools.UITesting.Playback.MapAndThrowException(SystemException exception, String queryId)
   at Microsoft.VisualStudio.TestTools.UITesting.UITestControl..ctor(String queryId)
   at Microsoft.VisualStudio.TestTools.UITesting.SearchHelper.SearchTopLevelWindow(ISearchArgument topLevelSearchArg, String topLevelElementQueryId)
   at Microsoft.VisualStudio.TestTools.UITesting.SearchHelper.GetTitleUpdatedTopLevelWindow(ISearchArgument topLevelSearchArg, String queryId, IList`1 windowTitles)
   at Microsoft.VisualStudio.TestTools.UITesting.SearchHelper.GetTopLevelElement(Boolean useCache, Boolean useCacheOnly, ISearchArgument searchArg, IList`1 windowTitles, Int32&amp; timeLeft)
   at Microsoft.VisualStudio.TestTools.UITesting.SearchHelper.GetElement(Boolean useCache, ISearchArgument searchArg)
   at Microsoft.VisualStudio.TestTools.UITesting.SearchHelper.Search(ISearchArgument searchArg)
   at Microsoft.VisualStudio.TestTools.UITesting.UITestControl.FindInternal()
   at Microsoft.VisualStudio.TestTools.UITesting.UITestControl.FindControlIfNecessary()
   at Microsoft.VisualStudio.TestTools.UITesting.UITestControl.Click(MouseButtons button, ModifierKeys modifierKeys, Point relativeCoordinates)
   at Microsoft.VisualStudio.TestTools.UITesting.Mouse.ClickImplementation(UITestControl control, MouseButtons button, ModifierKeys modifierKeys, Point relativeCoordinate)
   at Microsoft.VisualStudio.TestTools.UITesting.Mouse.ClickImplementationWrapper(UITestControl control, MouseButtons button, ModifierKeys modifierKeys, Point relativeCoordinate)
W, 3240, 19, 2013/05/24, 08:51:23.948, 1105921473154, QTAgent32.exe, PlaybackErrorHandler: Ignoring exception as ContinueOnError is set.
E, 3240, 19, 2013/05/24, 08:51:23.948, 1105921475617, QTAgent32.exe, GetClassName for handle 1180472 failed
W, 3240, 19, 2013/05/24, 08:51:24.156, 1105924451093, QTAgent32.exe, &lt;a class=success&gt;Playback - {230} [SUCCESS] MouseButtonClick - "[MSAA, VisibleOnly]ControlType='Button' &amp;&amp; Name='Ok'"
\0&lt;/a&gt;
W, 3240, 19, 2013/05/24, 08:51:31.807, 1106033996258, QTAgent32.exe, Playback - [WARNING] Internal warning: Window Not Found: [VisibleOnly]ControlType='Window' &amp;&amp; Name='Save the file as' &amp;&amp; ClassName='#32770'
\0
E, 3240, 19, 2013/05/24, 08:51:31.807, 1106033998446, QTAgent32.exe, &lt;a class=failure&gt;Playback - {231} [FAILED] Function ElementFetcher::FindScreenElement failed to locate UI element (Searching: ;[VisibleOnly]ControlType='Window' &amp;&amp; Name='Save the file as' &amp;&amp; ClassName='#32770') (The object specified was not found.)
\0&lt;/a&gt;
E, 3240, 19, 2013/05/24, 08:51:31.851, 1106034632540, QTAgent32.exe, Playback - [IMAGE] C:\Users\testuser\AppData\Local\Temp\UITestLogs\LastRun\RPFB08F.png
\0
W, 3240, 19, 2013/05/24, 08:51:31.851, 1106034634007, QTAgent32.exe, Playback - [WARNING] Internal warning: Couldn't find descendants that match QueryId
\0
W, 3240, 19, 2013/05/24, 08:51:31.851, 1106034636449, QTAgent32.exe, PERF WARNING: FindTopLevelWindowHelper::FindAllDescendents: took 7595 ms. Expected it to take maximum 500 ms.
W, 3240, 19, 2013/05/24, 08:51:49.908, 1106293183856, QTAgent32.exe, Playback - [WARNING] Internal warning: Window Not Found: [VisibleOnly]ControlType='Window' &amp;&amp; Name='Save the file as' &amp;&amp; ClassName='#32770'
\0
E, 3240, 19, 2013/05/24, 08:51:49.909, 1106293186293, QTAgent32.exe, &lt;a class=failure&gt;Playback - {232} [FAILED] Function ElementFetcher::FindScreenElement failed to locate UI element (Searching: ;[VisibleOnly]ControlType='Window' &amp;&amp; Name='Save the file as' &amp;&amp; ClassName='#32770') (The object specified was not found.)
\0&lt;/a&gt;
E, 3240, 19, 2013/05/24, 08:51:49.953, 1106293817191, QTAgent32.exe, Playback - [IMAGE] C:\Users\testuser\AppData\Local\Temp\UITestLogs\LastRun\RPFF740.png
\0
W, 3240, 19, 2013/05/24, 08:51:49.953, 1106293818806, QTAgent32.exe, Playback - [WARNING] Internal warning: Couldn't find descendants that match QueryId
\0
W, 3240, 19, 2013/05/24, 08:51:49.953, 1106293821320, QTAgent32.exe, PERF WARNING: FindTopLevelWindowHelper::FindAllDescendents: took 18101 ms. Expected it to take maximum 500 ms.
W, 3240, 19, 2013/05/24, 08:51:50.413, 1106300404635, QTAgent32.exe, Playback - [WARNING] Internal warning: Smart Match failed
\0
W, 3240, 19, 2013/05/24, 08:51:50.607, 1106303192143, QTAgent32.exe, Playback - [WARNING] Internal warning: Smart Match failed
\0
W, 3240, 19, 2013/05/24, 08:51:50.801, 1106305956918, QTAgent32.exe, Playback - [WARNING] Internal warning: Smart Match failed
\0
W, 3240, 19, 2013/05/24, 08:51:50.994, 1106308717084, QTAgent32.exe, Playback - [WARNING] Internal warning: Smart Match failed
\0
W, 3240, 19, 2013/05/24, 08:51:51.187, 1106311479363, QTAgent32.exe, Playback - [WARNING] Internal warning: Smart Match failed
\0
W, 3240, 19, 2013/05/24, 08:51:51.384, 1106314304026, QTAgent32.exe, Playback - [WARNING] Internal warning: Smart Match failed
\0
W, 3240, 19, 2013/05/24, 08:51:51.586, 1106317198067, QTAgent32.exe, Playback - [WARNING] Internal warning: Smart Match failed
\0
W, 3240, 19, 2013/05/24, 08:51:51.785, 1106320053692, QTAgent32.exe, Playback - [WARNING] Internal warning: Smart Match failed
\0
W, 3240, 19, 2013/05/24, 08:51:51.986, 1106322921209, QTAgent32.exe, Playback - [WARNING] Internal warning: Smart Match failed
\0
W, 3240, 19, 2013/05/24, 08:51:52.184, 1106325766854, QTAgent32.exe, Playback - [WARNING] Internal warning: Smart Match failed
\0
W, 3240, 19, 2013/05/24, 08:51:52.384, 1106328620378, QTAgent32.exe, Playback - [WARNING] Internal warning: Smart Match failed
\0
W, 3240, 19, 2013/05/24, 08:51:52.578, 1106331409193, QTAgent32.exe, Playback - [WARNING] Internal warning: Smart Match failed
\0
W, 3240, 19, 2013/05/24, 08:51:52.774, 1106334207703, QTAgent32.exe, Playback - [WARNING] Internal warning: Smart Match failed
\0
W, 3240, 19, 2013/05/24, 08:51:52.967, 1106336977518, QTAgent32.exe, Playback - [WARNING] Internal warning: Smart Match failed
\0
W, 3240, 19, 2013/05/24, 08:51:53.051, 1106338173112, QTAgent32.exe, Playback - [WARNING] Internal warning: Window Not Found: [VisibleOnly]ControlType='Window' &amp;&amp; Name='Save the file as' &amp;&amp; ClassName='#32770'
\0
E, 3240, 19, 2013/05/24, 08:51:53.051, 1106338174737, QTAgent32.exe, &lt;a class=failure&gt;Playback - {233} [FAILED] Function ElementFetcher::FindScreenElement failed to locate UI element (Searching: ;[VisibleOnly]ControlType='Window' &amp;&amp; Name='Save the file as' &amp;&amp; ClassName='#32770') (The object specified was not found.)
\0&lt;/a&gt;
E, 3240, 19, 2013/05/24, 08:51:53.094, 1106338793918, QTAgent32.exe, Playback - [IMAGE] C:\Users\testuser\AppData\Local\Temp\UITestLogs\LastRun\RPF390.png
\0
W, 3240, 19, 2013/05/24, 08:51:53.094, 1106338795534, QTAgent32.exe, Playback - [WARNING] Internal warning: Couldn't find descendants that match QueryId
\0
W, 3240, 19, 2013/05/24, 08:51:53.094, 1106338797965, QTAgent32.exe, PERF WARNING: FindTopLevelWindowHelper::FindAllDescendents: took 3141 ms. Expected it to take maximum 500 ms.
E, 3240, 19, 2013/05/24, 08:51:53.094, 1106338799578, QTAgent32.exe, Exception: System.Runtime.InteropServices.COMException
	Message: Error HRESULT E_FAIL has been returned from a call to a COM component.
	Stack Trace:    at Microsoft.VisualStudio.TestTools.UITest.Playback.Engine.IRPFPlayback.FindAllScreenElements(IScreenElement pScreenElementStart, String bstrQueryId, Object&amp; pvarResKeys, Int32 cResKeys, Int32 nMaxDepth, Object[]&amp; foundDescendants)
   at Microsoft.VisualStudio.TestTools.UITest.Playback.ScreenElement.FindTopLevelWindowHelper(String queryId)
	BaseExceptionMessage: Error HRESULT E_FAIL has been returned from a call to a COM component.

E, 3240, 19, 2013/05/24, 08:51:53.195, 1106340236051, QTAgent32.exe, AL: Playback Error: Microsoft.VisualStudio.TestTools.UITest.Extension.UITestControlNotFoundException: The playback failed to find the control with the given search properties. Additional Details: 
TechnologyName:  'MSAA'
ControlType:  'Window'
Name:  'Save the file as'
ClassName:  '#32770'
 ---&gt; System.Runtime.InteropServices.COMException: Error HRESULT E_FAIL has been returned from a call to a COM component.
   at Microsoft.VisualStudio.TestTools.UITest.Playback.Engine.IRPFPlayback.FindAllScreenElements(IScreenElement pScreenElementStart, String bstrQueryId, Object&amp; pvarResKeys, Int32 cResKeys, Int32 nMaxDepth, Object[]&amp; foundDescendants)
   at Microsoft.VisualStudio.TestTools.UITest.Playback.ScreenElement.FindTopLevelWindowHelper(String queryId)
   at Microsoft.VisualStudio.TestTools.UITest.Playback.ScreenElement.FindFromPartialQueryId(String queryId)
   at Microsoft.VisualStudio.TestTools.UITesting.UITestControl..ctor(String queryId)
   --- End of inner exception stack trace ---
   at Microsoft.VisualStudio.TestTools.UITesting.Playback.MapControlNotFoundException(COMException ex, IPlaybackContext context)
   at Microsoft.VisualStudio.TestTools.UITesting.Playback.MapAndThrowComException(COMException innerException, IPlaybackContext context)
   at Microsoft.VisualStudio.TestTools.UITesting.Playback.MapAndThrowException(SystemException exception, IPlaybackContext context)
   at Microsoft.VisualStudio.TestTools.UITesting.Playback.MapAndThrowException(SystemException exception, String queryId)
   at Microsoft.VisualStudio.TestTools.UITesting.UITestControl..ctor(String queryId)
   at Microsoft.VisualStudio.TestTools.UITesting.SearchHelper.SearchTopLevelWindow(ISearchArgument topLevelSearchArg, String topLevelElementQueryId)
   at Microsoft.VisualStudio.TestTools.UITesting.SearchHelper.GetTitleUpdatedTopLevelWindow(ISearchArgument topLevelSearchArg, String queryId, IList`1 windowTitles)
   at Microsoft.VisualStudio.TestTools.UITesting.SearchHelper.GetTopLevelElement(Boolean useCache, Boolean useCacheOnly, ISearchArgument searchArg, IList`1 windowTitles, Int32&amp; timeLeft)
   at Microsoft.VisualStudio.TestTools.UITesting.SearchHelper.GetElement(Boolean useCache, ISearchArgument searchArg)
   at Microsoft.VisualStudio.TestTools.UITesting.SearchHelper.Search(ISearchArgument searchArg)
   at Microsoft.VisualStudio.TestTools.UITesting.UITestControl.FindInternal()
   at Microsoft.VisualStudio.TestTools.UITesting.UITestControl.FindControlIfNecessary()
   at Microsoft.VisualStudio.TestTools.UITesting.UITestControl.Click(MouseButtons button, ModifierKeys modifierKeys, Point relativeCoordinates)
   at Microsoft.VisualStudio.TestTools.UITesting.Mouse.ClickImplementation(UITestControl control, MouseButtons button, ModifierKeys modifierKeys, Point relativeCoordinate)
   at Microsoft.VisualStudio.TestTools.UITesting.Mouse.ClickImplementationWrapper(UITestControl control, MouseButtons button, ModifierKeys modifierKeys, Point relativeCoordinate)
W, 3240, 19, 2013/05/24, 08:51:53.195, 1106340237345, QTAgent32.exe, PlaybackErrorHandler: Ignoring exception as ContinueOnError is set.
W, 3240, 19, 2013/05/24, 08:51:55.343, 1106370996019, QTAgent32.exe, &lt;a class=success&gt;Playback - {234} [SUCCESS] MouseButtonClick - "[MSAA, VisibleOnly]ControlType='Button' &amp;&amp; Name='OK'"
\0&lt;/a&gt;
W, 3240, 19, 2013/05/24, 08:51:59.590, 1106431797366, QTAgent32.exe, Playback - [WARNING] Internal warning: Window Not Found: [VisibleOnly]ControlType='Window' &amp;&amp; Name='Save the file as' &amp;&amp; ClassName='#32770'
\0
E, 3240, 19, 2013/05/24, 08:51:59.590, 1106431799447, QTAgent32.exe, &lt;a class=failure&gt;Playback - {235} [FAILED] Function ElementFetcher::FindScreenElement failed to locate UI element (Searching: ;[VisibleOnly]ControlType='Window' &amp;&amp; Name='Save the file as' &amp;&amp; ClassName='#32770') (The object specified was not found.)
\0&lt;/a&gt;
E, 3240, 19, 2013/05/24, 08:51:59.632, 1106432402009, QTAgent32.exe, Playback - [IMAGE] C:\Users\testuser\AppData\Local\Temp\UITestLogs\LastRun\RPF1D1A.png
\0
W, 3240, 19, 2013/05/24, 08:51:59.632, 1106432403760, QTAgent32.exe, Playback - [WARNING] Internal warning: Couldn't find descendants that match QueryId
\0
W, 3240, 19, 2013/05/24, 08:51:59.632, 1106432406201, QTAgent32.exe, PERF WARNING: FindTopLevelWindowHelper::FindAllDescendents: took 4187 ms. Expected it to take maximum 500 ms.
W, 3240, 19, 2013/05/24, 08:52:17.707, 1106691213933, QTAgent32.exe, Playback - [WARNING] Internal warning: Window Not Found: [VisibleOnly]ControlType='Window' &amp;&amp; Name='Save the file as' &amp;&amp; ClassName='#32770'
\0
E, 3240, 19, 2013/05/24, 08:52:17.708, 1106691216728, QTAgent32.exe, &lt;a class=failure&gt;Playback - {236} [FAILED] Function ElementFetcher::FindScreenElement failed to locate UI element (Searching: ;[VisibleOnly]ControlType='Window' &amp;&amp; Name='Save the file as' &amp;&amp; ClassName='#32770') (The object specified was not found.)
\0&lt;/a&gt;
E, 3240, 19, 2013/05/24, 08:52:17.751, 1106691833156, QTAgent32.exe, Playback - [IMAGE] C:\Users\testuser\AppData\Local\Temp\UITestLogs\LastRun\RPF63DA.png
\0
W, 3240, 19, 2013/05/24, 08:52:17.751, 1106691834656, QTAgent32.exe, Playback - [WARNING] Internal warning: Couldn't find descendants that match QueryId
\0
W, 3240, 19, 2013/05/24, 08:52:17.751, 1106691837122, QTAgent32.exe, PERF WARNING: FindTopLevelWindowHelper::FindAllDescendents: took 18118 ms. Expected it to take maximum 500 ms.
W, 3240, 19, 2013/05/24, 08:52:18.206, 1106698361126, QTAgent32.exe, Playback - [WARNING] Internal warning: Smart Match failed
\0
W, 3240, 19, 2013/05/24, 08:52:18.421, 1106701419214, QTAgent32.exe, Playback - [WARNING] Internal warning: Smart Match failed
\0
W, 3240, 19, 2013/05/24, 08:52:18.623, 1106704319698, QTAgent32.exe, Playback - [WARNING] Internal warning: Smart Match failed
\0
W, 3240, 19, 2013/05/24, 08:52:18.833, 1106707322208, QTAgent32.exe, Playback - [WARNING] Internal warning: Smart Match failed
\0
W, 3240, 19, 2013/05/24, 08:52:19.036, 1106710234802, QTAgent32.exe, Playback - [WARNING] Internal warning: Smart Match failed
\0
W, 3240, 19, 2013/05/24, 08:52:19.234, 1106713070675, QTAgent32.exe, Playback - [WARNING] Internal warning: Smart Match failed
\0
W, 3240, 19, 2013/05/24, 08:52:19.431, 1106715895551, QTAgent32.exe, Playback - [WARNING] Internal warning: Smart Match failed
\0
W, 3240, 19, 2013/05/24, 08:52:19.634, 1106718790471, QTAgent32.exe, Playback - [WARNING] Internal warning: Smart Match failed
\0
W, 3240, 19, 2013/05/24, 08:52:19.826, 1106721538998, QTAgent32.exe, Playback - [WARNING] Internal warning: Smart Match failed
\0
W, 3240, 19, 2013/05/24, 08:52:20.018, 1106724290627, QTAgent32.exe, Playback - [WARNING] Internal warning: Smart Match failed
\0
W, 3240, 19, 2013/05/24, 08:52:20.210, 1106727038367, QTAgent32.exe, Playback - [WARNING] Internal warning: Smart Match failed
\0
W, 3240, 19, 2013/05/24, 08:52:20.405, 1106729841184, QTAgent32.exe, Playback - [WARNING] Internal warning: Smart Match failed
\0
W, 3240, 19, 2013/05/24, 08:52:20.605, 1106732698388, QTAgent32.exe, Playback - [WARNING] Internal warning: Smart Match failed
\0
W, 3240, 19, 2013/05/24, 08:52:20.806, 1106735585715, QTAgent32.exe, Playback - [WARNING] Internal warning: Smart Match failed
\0
W, 3240, 19, 2013/05/24, 08:52:20.899, 1106736906757, QTAgent32.exe, Playback - [WARNING] Internal warning: Window Not Found: [VisibleOnly]ControlType='Window' &amp;&amp; Name='Save the file as' &amp;&amp; ClassName='#32770'
\0
E, 3240, 19, 2013/05/24, 08:52:20.899, 1106736908486, QTAgent32.exe, &lt;a class=failure&gt;Playback - {237} [FAILED] Function ElementFetcher::FindScreenElement failed to locate UI element (Searching: ;[VisibleOnly]ControlType='Window' &amp;&amp; Name='Save the file as' &amp;&amp; ClassName='#32770') (The object specified was not found.)
\0&lt;/a&gt;
E, 3240, 19, 2013/05/24, 08:52:20.942, 1106737524213, QTAgent32.exe, Playback - [IMAGE] C:\Users\testuser\AppData\Local\Temp\UITestLogs\LastRun\RPF7059.png
\0
W, 3240, 19, 2013/05/24, 08:52:20.942, 1106737525792, QTAgent32.exe, Playback - [WARNING] Internal warning: Couldn't find descendants that match QueryId
\0
W, 3240, 19, 2013/05/24, 08:52:20.942, 1106737528405, QTAgent32.exe, PERF WARNING: FindTopLevelWindowHelper::FindAllDescendents: took 3190 ms. Expected it to take maximum 500 ms.
E, 3240, 19, 2013/05/24, 08:52:20.942, 1106737530030, QTAgent32.exe, Exception: System.Runtime.InteropServices.COMException
	Message: Error HRESULT E_FAIL has been returned from a call to a COM component.
	Stack Trace:    at Microsoft.VisualStudio.TestTools.UITest.Playback.Engine.IRPFPlayback.FindAllScreenElements(IScreenElement pScreenElementStart, String bstrQueryId, Object&amp; pvarResKeys, Int32 cResKeys, Int32 nMaxDepth, Object[]&amp; foundDescendants)
   at Microsoft.VisualStudio.TestTools.UITest.Playback.ScreenElement.FindTopLevelWindowHelper(String queryId)
	BaseExceptionMessage: Error HRESULT E_FAIL has been returned from a call to a COM component.

E, 3240, 19, 2013/05/24, 08:52:21.043, 1106738970670, QTAgent32.exe, AL: Playback Error: Microsoft.VisualStudio.TestTools.UITest.Extension.UITestControlNotFoundException: The playback failed to find the control with the given search properties. Additional Details: 
TechnologyName:  'MSAA'
ControlType:  'Window'
Name:  'Save the file as'
ClassName:  '#32770'
 ---&gt; System.Runtime.InteropServices.COMException: Error HRESULT E_FAIL has been returned from a call to a COM component.
   at Microsoft.VisualStudio.TestTools.UITest.Playback.Engine.IRPFPlayback.FindAllScreenElements(IScreenElement pScreenElementStart, String bstrQueryId, Object&amp; pvarResKeys, Int32 cResKeys, Int32 nMaxDepth, Object[]&amp; foundDescendants)
   at Microsoft.VisualStudio.TestTools.UITest.Playback.ScreenElement.FindTopLevelWindowHelper(String queryId)
   at Microsoft.VisualStudio.TestTools.UITest.Playback.ScreenElement.FindFromPartialQueryId(String queryId)
   at Microsoft.VisualStudio.TestTools.UITesting.UITestControl..ctor(String queryId)
   --- End of inner exception stack trace ---
   at Microsoft.VisualStudio.TestTools.UITesting.Playback.MapControlNotFoundException(COMException ex, IPlaybackContext context)
   at Microsoft.VisualStudio.TestTools.UITesting.Playback.MapAndThrowComException(COMException innerException, IPlaybackContext context)
   at Microsoft.VisualStudio.TestTools.UITesting.Playback.MapAndThrowException(SystemException exception, IPlaybackContext context)
   at Microsoft.VisualStudio.TestTools.UITesting.Playback.MapAndThrowException(SystemException exception, String queryId)
   at Microsoft.VisualStudio.TestTools.UITesting.UITestControl..ctor(String queryId)
   at Microsoft.VisualStudio.TestTools.UITesting.SearchHelper.SearchTopLevelWindow(ISearchArgument topLevelSearchArg, String topLevelElementQueryId)
   at Microsoft.VisualStudio.TestTools.UITesting.SearchHelper.GetTitleUpdatedTopLevelWindow(ISearchArgument topLevelSearchArg, String queryId, IList`1 windowTitles)
   at Microsoft.VisualStudio.TestTools.UITesting.SearchHelper.GetTopLevelElement(Boolean useCache, Boolean useCacheOnly, ISearchArgument searchArg, IList`1 windowTitles, Int32&amp; timeLeft)
   at Microsoft.VisualStudio.TestTools.UITesting.SearchHelper.GetElement(Boolean useCache, ISearchArgument searchArg)
   at Microsoft.VisualStudio.TestTools.UITesting.SearchHelper.Search(ISearchArgument searchArg)
   at Microsoft.VisualStudio.TestTools.UITesting.UITestControl.FindInternal()
   at Microsoft.VisualStudio.TestTools.UITesting.UITestControl.FindControlIfNecessary()
   at Microsoft.VisualStudio.TestTools.UITesting.UITestControl.Click(MouseButtons button, ModifierKeys modifierKeys, Point relativeCoordinates)
   at Microsoft.VisualStudio.TestTools.UITesting.Mouse.ClickImplementation(UITestControl control, MouseButtons button, ModifierKeys modifierKeys, Point relativeCoordinate)
   at Microsoft.VisualStudio.TestTools.UITesting.Mouse.ClickImplementationWrapper(UITestControl control, MouseButtons button, ModifierKeys modifierKeys, Point relativeCoordinate)
W, 3240, 19, 2013/05/24, 08:52:21.043, 1106738972735, QTAgent32.exe, PlaybackErrorHandler: Ignoring exception as ContinueOnError is set.
W, 3240, 19, 2013/05/24, 08:52:21.045, 1106739001368, QTAgent32.exe, Playback - [WARNING] Internal warning: Thread state based WFR - Requested element has invalid HWND
\0
W, 3240, 19, 2013/05/24, 08:52:21.045, 1106739002533, QTAgent32.exe, Playback - [WARNING] Internal warning: process performance counters based WFR - Requested element has invalid HWND
\0
E, 3240, 19, 2013/05/24, 08:52:21.045, 1106739004677, QTAgent32.exe, EnsureValid called via EnsureValid call for same element
E, 3240, 19, 2013/05/24, 08:52:21.045, 1106739006292, QTAgent32.exe, EnsureValid called via EnsureValid call for same element
E, 3240, 19, 2013/05/24, 08:52:21.045, 1106739007420, QTAgent32.exe, EnsureValid called via EnsureValid call for same element
E, 3240, 19, 2013/05/24, 08:52:21.046, 1106739011699, QTAgent32.exe, Window 1181022 not responding. Last Win32 error 1400
E, 3240, 19, 2013/05/24, 08:52:21.046, 1106739012545, QTAgent32.exe, GetClassName for handle 1181022 failed
W, 3240, 19, 2013/05/24, 08:52:21.187, 1106741041864, QTAgent32.exe, &lt;a class=success&gt;Playback - {238} [SUCCESS] Check - "[MSAA, VisibleOnly]ControlType='CheckBox' &amp;&amp; Name='Defer Printing?'"
\0&lt;/a&gt;
W, 3240, 19, 2013/05/24, 08:52:21.691, 1106748246524, QTAgent32.exe, &lt;a class=success&gt;Playback - {239} [SUCCESS] MouseButtonClick - "[MSAA, VisibleOnly]ControlType='Button' &amp;&amp; Name='Ok'"
\0&lt;/a&gt;
E, 3240, 19, 2013/05/24, 08:52:21.791, 1106749680266, QTAgent32.exe, GetClassName for handle 1377346 failed
W, 3240, 19, 2013/05/24, 08:52:22.241, 1106756122297, QTAgent32.exe, &lt;a class=success&gt;Playback - {240} [SUCCESS] MouseButtonClick - "[MSAA, VisibleOnly]ControlType='Button' &amp;&amp; Name='OK'"
\0&lt;/a&gt;
E, 3240, 19, 2013/05/24, 08:52:22.341, 1106757556146, QTAgent32.exe, GetClassName for handle 1115188 failed
W, 3240, 19, 2013/05/24, 08:52:25.288, 1106799753375, QTAgent32.exe, PERF WARNING: FindTopLevelWindowHelper::FindAllDescendents: took 2946 ms. Expected it to take maximum 500 ms.
W, 3240, 19, 2013/05/24, 08:52:27.421, 1106830286422, QTAgent32.exe, &lt;a class=success&gt;Playback - {241} [SUCCESS] MouseButtonClick - "[MSAA, VisibleOnly]ControlType='Button' &amp;&amp; Name='OK'"
\0&lt;/a&gt;
W, 3240, 19, 2013/05/24, 08:52:27.521, 1106831718903, QTAgent32.exe, Playback - [WARNING] Internal warning: Thread state based WFR - Requested element has invalid HWND
\0
W, 3240, 19, 2013/05/24, 08:52:27.521, 1106831719876, QTAgent32.exe, Playback - [WARNING] Internal warning: process performance counters based WFR - Requested element has invalid HWND
\0
E, 3240, 19, 2013/05/24, 08:52:27.521, 1106831722369, QTAgent32.exe, EnsureValid called via EnsureValid call for same element
E, 3240, 19, 2013/05/24, 08:52:27.521, 1106831725372, QTAgent32.exe, GetClassName for handle 722256 failed
E, 3240, 19, 2013/05/24, 08:52:27.524, 1106831767818, QTAgent32.exe, EnsureValid called via EnsureValid call for same element
E, 3240, 19, 2013/05/24, 08:52:27.524, 1106831769043, QTAgent32.exe, EnsureValid called via EnsureValid call for same element
E, 3240, 19, 2013/05/24, 08:52:27.525, 1106831783279, QTAgent32.exe, Window 722256 not responding. Last Win32 error 0
E, 3240, 19, 2013/05/24, 08:52:27.525, 1106831785042, QTAgent32.exe, GetClassName for handle 722256 failed
W, 3240, 19, 2013/05/24, 08:52:27.662, 1106833742876, QTAgent32.exe, &lt;a class=success&gt;Playback - {242} [SUCCESS] Uncheck - "[MSAA, VisibleOnly]ControlType='CheckBox' &amp;&amp; Name='Add Activity'"
\0&lt;/a&gt;
W, 3240, 19, 2013/05/24, 08:52:28.118, 1106840274970, QTAgent32.exe, &lt;a class=success&gt;Playback - {243} [SUCCESS] MouseButtonClick - "[MSAA, VisibleOnly]ControlType='Button' &amp;&amp; Name='Ok'"
\0&lt;/a&gt;
W, 3240, 19, 2013/05/24, 08:52:28.407, 1106844407829, QTAgent32.exe, &lt;a class=success&gt;Playback - {244} [SUCCESS] MouseButtonClick - "[MSAA, VisibleOnly]ControlType='Button' &amp;&amp; Name='Ok'"
\0&lt;/a&gt;
W, 3240, 19, 2013/05/24, 08:52:31.671, 1106891141701, QTAgent32.exe, PERF WARNING: FindTopLevelWindowHelper::FindAllDescendents: took 3163 ms. Expected it to take maximum 500 ms.
W, 3240, 19, 2013/05/24, 08:52:31.880, 1106894134465, QTAgent32.exe, &lt;a class=success&gt;Playback - {245} [SUCCESS] DoSelect - "[MSAA, VisibleOnly]ControlType='List'"
\0&lt;/a&gt;
W, 3240, 19, 2013/05/24, 08:52:33.779, 1106921332595, QTAgent32.exe, &lt;a class=success&gt;Playback - {246} [SUCCESS] MouseButtonClick - "[MSAA, VisibleOnly]ControlType='Button' &amp;&amp; Name='Ok'"
\0&lt;/a&gt;
E, 3240, 19, 2013/05/24, 08:52:33.879, 1106922766249, QTAgent32.exe, GetClassName for handle 1180712 failed
W, 3240, 19, 2013/05/24, 08:52:36.021, 1106953431578, QTAgent32.exe, &lt;a class=success&gt;Playback - {247} [SUCCESS] MouseButtonClick - "[MSAA, VisibleOnly]ControlType='Button' &amp;&amp; Name='OK'"
\0&lt;/a&gt;
W, 3240, 19, 2013/05/24, 08:52:37.181, 1106970035886, QTAgent32.exe, PERF WARNING: FindAllDescendents: took 1058 ms. Expected it to take maximum 500 ms.
W, 3240, 19, 2013/05/24, 08:52:37.328, 1106972147726, QTAgent32.exe, &lt;a class=success&gt;Playback - {248} [SUCCESS] MouseButtonClick - "[MSAA, VisibleOnly]ControlType='Button' &amp;&amp; Name='Exit'"
\0&lt;/a&gt;
E, 3240, 19, 2013/05/24, 08:52:37.428, 1106973580740, QTAgent32.exe, GetClassName for handle 525726 failed
W, 3240, 19, 2013/05/24, 08:52:37.670, 1106977043792, QTAgent32.exe, &lt;a class=success&gt;Playback - {249} [SUCCESS] MouseButtonClick - "[MSAA, VisibleOnly]ControlType='Button' &amp;&amp; Name='Yes'"
\0&lt;/a&gt;
W, 3240, 19, 2013/05/24, 08:52:37.988, 1106981595490, QTAgent32.exe, &lt;a class=success&gt;Playback - {250} [SUCCESS] MouseButtonClick - "[MSAA, VisibleOnly]ControlType='Button' &amp;&amp; Name='Cancel'"
\0&lt;/a&gt;
W, 3240, 19, 2013/05/24, 08:52:38.348, 1106986740011, QTAgent32.exe, &lt;a class=success&gt;Playback - {251} [SUCCESS] MouseButtonClick - "[MSAA, VisibleOnly]ControlType='Button'"
\0&lt;/a&gt;
W, 3240, 19, 2013/05/24, 08:52:38.802, 1106993240452, QTAgent32.exe, &lt;a class=success&gt;Playback - {252} [SUCCESS] MouseButtonClick - "[MSAA, VisibleOnly]ControlType='Button' &amp;&amp; Name='Detail'"
\0&lt;/a&gt;
W, 3240, 19, 2013/05/24, 08:52:39.102, 1106997536794, QTAgent32.exe, &lt;a class=success&gt;Playback - {253} [SUCCESS] MouseButtonClick - "[MSAA, VisibleOnly]ControlType='Button' &amp;&amp; Name='Cancel'"
\0&lt;/a&gt;
W, 3240, 19, 2013/05/24, 08:52:41.711, 1107034903659, QTAgent32.exe, IEDOM : StopSession of the plugin called before StartSession
W, 3240, 19, 2013/05/24, 08:52:41.711, 1107034904642, QTAgent32.exe, UIA : StopSession of the plugin called before StartSession
</DebugTrace>
      </Output>
    </UnitTestResult>
    <UnitTestResult executionId="05efecd7-da08-49d4-9c7a-9d55558ae0c5" testId="092560b0-34b4-ac01-6d5d-c895bfb1f95f" testName="HouseRenewalBefore" computerName="ICDVDEVTM01" duration="00:09:01.3231189" startTime="2013-05-24T08:52:41.7394684+01:00" endTime="2013-05-24T09:01:43.0947118+01:00" testType="13cdc9d9-ddb5-4fa4-a97d-d965ccfc6d4b" outcome="Failed" testListId="8c84fa94-04c1-424b-9868-57a2d4851a1d" relativeResultsDirectory="05efecd7-da08-49d4-9c7a-9d55558ae0c5">
      <Output>
        <DebugTrace>W, 3240, 13, 2013/05/24, 08:52:46.028, 1107096703161, QTAgent32.exe, &lt;a class=success&gt;Playback - {1} [SUCCESS] MouseButtonClick - "[MSAA, VisibleOnly]ControlType='Edit'"
\0&lt;/a&gt;
W, 3240, 13, 2013/05/24, 08:52:46.216, 1107099397056, QTAgent32.exe, &lt;a class=success&gt;Playback - {2} [SUCCESS] SendKeys "[*]" - "[MSAA, VisibleOnly]ControlType='Edit'"
\0&lt;/a&gt;
W, 3240, 13, 2013/05/24, 08:52:46.888, 1107109017482, QTAgent32.exe, &lt;a class=success&gt;Playback - {3} [SUCCESS] MouseButtonClick - "[MSAA, VisibleOnly]ControlType='Button' &amp;&amp; Name='OK'"
\0&lt;/a&gt;
W, 3240, 13, 2013/05/24, 08:52:47.065, 1107111553475, QTAgent32.exe, &lt;a class=success&gt;Playback - {4} [SUCCESS] SendKeys "^{HOME}" - "[MSAA, VisibleOnly]ControlType='Edit'"
\0&lt;/a&gt;
E, 3240, 13, 2013/05/24, 08:52:47.065, 1107111555293, QTAgent32.exe, Msaa.GetFocusedElement: could not find accessible object of foreground window
W, 3240, 13, 2013/05/24, 08:52:47.117, 1107112305545, QTAgent32.exe, &lt;a class=success&gt;Playback - {5} [SUCCESS] SendKeys "^+{END}" - "[MSAA, VisibleOnly]ControlType='Edit'"
\0&lt;/a&gt;
E, 3240, 13, 2013/05/24, 08:52:47.117, 1107112307489, QTAgent32.exe, Msaa.GetFocusedElement: could not find accessible object of foreground window
W, 3240, 13, 2013/05/24, 08:52:47.134, 1107112550184, QTAgent32.exe, &lt;a class=success&gt;Playback - {6} [SUCCESS] SendKeys "{DELETE}" - "[MSAA, VisibleOnly]ControlType='Edit'"
\0&lt;/a&gt;
W, 3240, 13, 2013/05/24, 08:52:47.359, 1107115766909, QTAgent32.exe, &lt;a class=success&gt;Playback - {7} [SUCCESS] SetValueAsEditBox "24/05/2013" - "[MSAA, VisibleOnly]ControlType='Edit'"  &lt; Set via SendKeys &gt;
\0&lt;/a&gt;
W, 3240, 13, 2013/05/24, 08:52:47.624, 1107119557999, QTAgent32.exe, Playback - [WARNING] Internal warning: Incorrect flag set for InvokeProgrammaticAction\0
W, 3240, 13, 2013/05/24, 08:52:47.741, 1107121243425, QTAgent32.exe, &lt;a class=success&gt;Playback - {8} [SUCCESS] SetValueAsComboBox "May" - "[MSAA, VisibleOnly]ControlType='ComboBox'"  &lt; SetValueAsComboBox, set by clicking on the item in the list box &gt;
\0&lt;/a&gt;
W, 3240, 13, 2013/05/24, 08:52:47.898, 1107123481835, QTAgent32.exe, &lt;a class=success&gt;Playback - {9} [SUCCESS] SendKeys "^{HOME}" - "[MSAA, VisibleOnly]ControlType='Edit'"
\0&lt;/a&gt;
E, 3240, 13, 2013/05/24, 08:52:47.898, 1107123483493, QTAgent32.exe, Msaa.GetFocusedElement: could not find accessible object of foreground window
W, 3240, 13, 2013/05/24, 08:52:47.955, 1107124298194, QTAgent32.exe, &lt;a class=success&gt;Playback - {10} [SUCCESS] SendKeys "^+{END}" - "[MSAA, VisibleOnly]ControlType='Edit'"
\0&lt;/a&gt;
E, 3240, 13, 2013/05/24, 08:52:47.955, 1107124300195, QTAgent32.exe, Msaa.GetFocusedElement: could not find accessible object of foreground window
W, 3240, 13, 2013/05/24, 08:52:47.973, 1107124556041, QTAgent32.exe, &lt;a class=success&gt;Playback - {11} [SUCCESS] SendKeys "{DELETE}" - "[MSAA, VisibleOnly]ControlType='Edit'"
\0&lt;/a&gt;
W, 3240, 13, 2013/05/24, 08:52:48.062, 1107125840993, QTAgent32.exe, &lt;a class=success&gt;Playback - {12} [SUCCESS] SetValueAsEditBox "2013" - "[MSAA, VisibleOnly]ControlType='Edit'"  &lt; Set via SendKeys &gt;
\0&lt;/a&gt;
W, 3240, 13, 2013/05/24, 08:52:48.755, 1107135763367, QTAgent32.exe, &lt;a class=success&gt;Playback - {13} [SUCCESS] MouseButtonClick - "[MSAA, VisibleOnly]ControlType='Button' &amp;&amp; Name='OK'"
\0&lt;/a&gt;
W, 3240, 13, 2013/05/24, 08:52:49.356, 1107144363131, QTAgent32.exe, Playback - [WARNING] Internal warning: Window Not Found: [VisibleOnly]ControlType='Window' &amp;&amp; Name='Warning' &amp;&amp; ClassName='#32770'
\0
E, 3240, 13, 2013/05/24, 08:52:49.356, 1107144365465, QTAgent32.exe, &lt;a class=failure&gt;Playback - {14} [FAILED] Function ElementFetcher::FindScreenElement failed to locate UI element (Searching: ;[VisibleOnly]ControlType='Window' &amp;&amp; Name='Warning' &amp;&amp; ClassName='#32770') (The object specified was not found.)
\0&lt;/a&gt;
E, 3240, 13, 2013/05/24, 08:52:49.399, 1107144981682, QTAgent32.exe, Playback - [IMAGE] C:\Users\testuser\AppData\Local\Temp\UITestLogs\LastRun\RPFDF81.png
\0
W, 3240, 13, 2013/05/24, 08:52:49.399, 1107144983164, QTAgent32.exe, Playback - [WARNING] Internal warning: Couldn't find descendants that match QueryId
\0
W, 3240, 13, 2013/05/24, 08:52:49.399, 1107144985474, QTAgent32.exe, PERF WARNING: FindTopLevelWindowHelper::FindAllDescendents: took 543 ms. Expected it to take maximum 500 ms.
W, 3240, 13, 2013/05/24, 08:53:07.456, 1107403523354, QTAgent32.exe, Playback - [WARNING] Internal warning: Window Not Found: [VisibleOnly]ControlType='Window' &amp;&amp; Name='Warning' &amp;&amp; ClassName='#32770'
\0
E, 3240, 13, 2013/05/24, 08:53:07.456, 1107403525632, QTAgent32.exe, &lt;a class=failure&gt;Playback - {15} [FAILED] Function ElementFetcher::FindScreenElement failed to locate UI element (Searching: ;[VisibleOnly]ControlType='Window' &amp;&amp; Name='Warning' &amp;&amp; ClassName='#32770') (The object specified was not found.)
\0&lt;/a&gt;
E, 3240, 13, 2013/05/24, 08:53:07.500, 1107404152894, QTAgent32.exe, Playback - [IMAGE] C:\Users\testuser\AppData\Local\Temp\UITestLogs\LastRun\RPF2632.png
\0
W, 3240, 13, 2013/05/24, 08:53:07.500, 1107404154445, QTAgent32.exe, Playback - [WARNING] Internal warning: Couldn't find descendants that match QueryId
\0
W, 3240, 13, 2013/05/24, 08:53:07.500, 1107404156942, QTAgent32.exe, PERF WARNING: FindTopLevelWindowHelper::FindAllDescendents: took 18100 ms. Expected it to take maximum 500 ms.
W, 3240, 13, 2013/05/24, 08:53:07.935, 1107410383833, QTAgent32.exe, Playback - [WARNING] Internal warning: Smart Match failed
\0
W, 3240, 13, 2013/05/24, 08:53:08.097, 1107412697636, QTAgent32.exe, Playback - [WARNING] Internal warning: Smart Match failed
\0
W, 3240, 13, 2013/05/24, 08:53:08.256, 1107414970908, QTAgent32.exe, Playback - [WARNING] Internal warning: Smart Match failed
\0
W, 3240, 13, 2013/05/24, 08:53:08.503, 1107418519686, QTAgent32.exe, Playback - [WARNING] Internal warning: Smart Match failed
\0
W, 3240, 13, 2013/05/24, 08:53:08.667, 1107420864671, QTAgent32.exe, Playback - [WARNING] Internal warning: Smart Match failed
\0
W, 3240, 13, 2013/05/24, 08:53:08.829, 1107423181610, QTAgent32.exe, Playback - [WARNING] Internal warning: Smart Match failed
\0
W, 3240, 13, 2013/05/24, 08:53:08.991, 1107425500372, QTAgent32.exe, Playback - [WARNING] Internal warning: Smart Match failed
\0
W, 3240, 13, 2013/05/24, 08:53:09.155, 1107427844829, QTAgent32.exe, Playback - [WARNING] Internal warning: Smart Match failed
\0
W, 3240, 13, 2013/05/24, 08:53:09.316, 1107430160639, QTAgent32.exe, Playback - [WARNING] Internal warning: Smart Match failed
\0
W, 3240, 13, 2013/05/24, 08:53:09.478, 1107432479853, QTAgent32.exe, Playback - [WARNING] Internal warning: Smart Match failed
\0
W, 3240, 13, 2013/05/24, 08:53:09.638, 1107434756550, QTAgent32.exe, Playback - [WARNING] Internal warning: Smart Match failed
\0
W, 3240, 13, 2013/05/24, 08:53:09.796, 1107437020189, QTAgent32.exe, Playback - [WARNING] Internal warning: Smart Match failed
\0
W, 3240, 13, 2013/05/24, 08:53:09.955, 1107439294629, QTAgent32.exe, Playback - [WARNING] Internal warning: Smart Match failed
\0
W, 3240, 13, 2013/05/24, 08:53:10.113, 1107441565513, QTAgent32.exe, Playback - [WARNING] Internal warning: Smart Match failed
\0
W, 3240, 13, 2013/05/24, 08:53:10.306, 1107444319858, QTAgent32.exe, Playback - [WARNING] Internal warning: Smart Match failed
\0
W, 3240, 13, 2013/05/24, 08:53:10.464, 1107446590523, QTAgent32.exe, Playback - [WARNING] Internal warning: Smart Match failed
\0
W, 3240, 13, 2013/05/24, 08:53:10.517, 1107447348668, QTAgent32.exe, Playback - [WARNING] Internal warning: Window Not Found: [VisibleOnly]ControlType='Window' &amp;&amp; Name='Warning' &amp;&amp; ClassName='#32770'
\0
E, 3240, 13, 2013/05/24, 08:53:10.517, 1107447350257, QTAgent32.exe, &lt;a class=failure&gt;Playback - {16} [FAILED] Function ElementFetcher::FindScreenElement failed to locate UI element (Searching: ;[VisibleOnly]ControlType='Window' &amp;&amp; Name='Warning' &amp;&amp; ClassName='#32770') (The object specified was not found.)
\0&lt;/a&gt;
E, 3240, 13, 2013/05/24, 08:53:10.559, 1107447950496, QTAgent32.exe, Playback - [IMAGE] C:\Users\testuser\AppData\Local\Temp\UITestLogs\LastRun\RPF3225.png
\0
W, 3240, 13, 2013/05/24, 08:53:10.559, 1107447952116, QTAgent32.exe, Playback - [WARNING] Internal warning: Couldn't find descendants that match QueryId
\0
W, 3240, 13, 2013/05/24, 08:53:10.559, 1107447954561, QTAgent32.exe, PERF WARNING: FindTopLevelWindowHelper::FindAllDescendents: took 3058 ms. Expected it to take maximum 500 ms.
E, 3240, 13, 2013/05/24, 08:53:10.560, 1107447956327, QTAgent32.exe, Exception: System.Runtime.InteropServices.COMException
	Message: Error HRESULT E_FAIL has been returned from a call to a COM component.
	Stack Trace:    at Microsoft.VisualStudio.TestTools.UITest.Playback.Engine.IRPFPlayback.FindAllScreenElements(IScreenElement pScreenElementStart, String bstrQueryId, Object&amp; pvarResKeys, Int32 cResKeys, Int32 nMaxDepth, Object[]&amp; foundDescendants)
   at Microsoft.VisualStudio.TestTools.UITest.Playback.ScreenElement.FindTopLevelWindowHelper(String queryId)
	BaseExceptionMessage: Error HRESULT E_FAIL has been returned from a call to a COM component.

E, 3240, 13, 2013/05/24, 08:53:10.676, 1107449623898, QTAgent32.exe, AL: Playback Error: Microsoft.VisualStudio.TestTools.UITest.Extension.UITestControlNotFoundException: The playback failed to find the control with the given search properties. Additional Details: 
TechnologyName:  'MSAA'
ControlType:  'Window'
Name:  'Warning'
ClassName:  '#32770'
 ---&gt; System.Runtime.InteropServices.COMException: Error HRESULT E_FAIL has been returned from a call to a COM component.
   at Microsoft.VisualStudio.TestTools.UITest.Playback.Engine.IRPFPlayback.FindAllScreenElements(IScreenElement pScreenElementStart, String bstrQueryId, Object&amp; pvarResKeys, Int32 cResKeys, Int32 nMaxDepth, Object[]&amp; foundDescendants)
   at Microsoft.VisualStudio.TestTools.UITest.Playback.ScreenElement.FindTopLevelWindowHelper(String queryId)
   at Microsoft.VisualStudio.TestTools.UITest.Playback.ScreenElement.FindFromPartialQueryId(String queryId)
   at Microsoft.VisualStudio.TestTools.UITesting.UITestControl..ctor(String queryId)
   --- End of inner exception stack trace ---
   at Microsoft.VisualStudio.TestTools.UITesting.Playback.MapControlNotFoundException(COMException ex, IPlaybackContext context)
   at Microsoft.VisualStudio.TestTools.UITesting.Playback.MapAndThrowComException(COMException innerException, IPlaybackContext context)
   at Microsoft.VisualStudio.TestTools.UITesting.Playback.MapAndThrowException(SystemException exception, IPlaybackContext context)
   at Microsoft.VisualStudio.TestTools.UITesting.Playback.MapAndThrowException(SystemException exception, String queryId)
   at Microsoft.VisualStudio.TestTools.UITesting.UITestControl..ctor(String queryId)
   at Microsoft.VisualStudio.TestTools.UITesting.SearchHelper.SearchTopLevelWindow(ISearchArgument topLevelSearchArg, String topLevelElementQueryId)
   at Microsoft.VisualStudio.TestTools.UITesting.SearchHelper.GetTitleUpdatedTopLevelWindow(ISearchArgument topLevelSearchArg, String queryId, IList`1 windowTitles)
   at Microsoft.VisualStudio.TestTools.UITesting.SearchHelper.GetTopLevelElement(Boolean useCache, Boolean useCacheOnly, ISearchArgument searchArg, IList`1 windowTitles, Int32&amp; timeLeft)
   at Microsoft.VisualStudio.TestTools.UITesting.SearchHelper.GetElement(Boolean useCache, ISearchArgument searchArg)
   at Microsoft.VisualStudio.TestTools.UITesting.SearchHelper.Search(ISearchArgument searchArg)
   at Microsoft.VisualStudio.TestTools.UITesting.UITestControl.FindInternal()
   at Microsoft.VisualStudio.TestTools.UITesting.UITestControl.FindControlIfNecessary()
   at Microsoft.VisualStudio.TestTools.UITesting.UITestControl.Click(MouseButtons button, ModifierKeys modifierKeys, Point relativeCoordinates)
   at Microsoft.VisualStudio.TestTools.UITesting.Mouse.ClickImplementation(UITestControl control, MouseButtons button, ModifierKeys modifierKeys, Point relativeCoordinate)
   at Microsoft.VisualStudio.TestTools.UITesting.Mouse.ClickImplementationWrapper(UITestControl control, MouseButtons button, ModifierKeys modifierKeys, Point relativeCoordinate)
W, 3240, 13, 2013/05/24, 08:53:10.676, 1107449625860, QTAgent32.exe, PlaybackErrorHandler: Ignoring exception as ContinueOnError is set.
W, 3240, 13, 2013/05/24, 08:53:10.722, 1107450277049, QTAgent32.exe, &lt;a class=success&gt;Playback - {17} [SUCCESS] TypeString "#(R)"
\0&lt;/a&gt;
E, 3240, 13, 2013/05/24, 08:53:11.206, 1107457208570, QTAgent32.exe, Exception: System.ArgumentException
	Message: Value does not fall within the expected range.
	Stack Trace:    at Accessibility.IAccessible.get_accRole(Object varChild)
   at Microsoft.VisualStudio.TestTools.UITest.Extension.Msaa.AccWrapper.get_RoleInt()
	BaseExceptionMessage: Value does not fall within the expected range.

E, 3240, 13, 2013/05/24, 08:53:11.208, 1107457237031, QTAgent32.exe, Exception: System.ArgumentException
	Message: Value does not fall within the expected range.
	Stack Trace:    at Accessibility.IAccessible.get_accRole(Object varChild)
   at Microsoft.VisualStudio.TestTools.UITest.Extension.Msaa.AccWrapper.get_RoleInt()
	BaseExceptionMessage: Value does not fall within the expected range.

W, 3240, 13, 2013/05/24, 08:53:11.436, 1107460512055, QTAgent32.exe, &lt;a class=success&gt;Playback - {18} [SUCCESS] LeftButtonClick  &lt; Mouse cursor location (87, 908) &gt;
\0&lt;/a&gt;
W, 3240, 13, 2013/05/24, 08:53:12.196, 1107471389820, QTAgent32.exe, &lt;a class=success&gt;Playback - {19} [SUCCESS] SetValueAsEditBox "c:\TestProject7\ourmma.reg"  &lt; Set via SendKeys &gt;
\0&lt;/a&gt;
W, 3240, 13, 2013/05/24, 08:53:12.196, 1107471391733, QTAgent32.exe, &lt;a class=success&gt;Playback - {20} [SUCCESS] SetValueAsComboBox "c:\TestProject7\ourmma.reg" - "[MSAA, VisibleOnly]ControlType='ComboBox' &amp;&amp; Name='Open:'"  &lt; Set via SetValueAsEditBox &gt;
\0&lt;/a&gt;
W, 3240, 13, 2013/05/24, 08:53:12.440, 1107474882349, QTAgent32.exe, &lt;a class=success&gt;Playback - {21} [SUCCESS] MouseButtonClick - "[MSAA, VisibleOnly]ControlType='Button' &amp;&amp; Name='OK'"
\0&lt;/a&gt;
W, 3240, 13, 2013/05/24, 08:53:13.251, 1107486493591, QTAgent32.exe, &lt;a class=success&gt;Playback - {22} [SUCCESS] MouseButtonClick - "[MSAA, VisibleOnly]ControlType='Button' &amp;&amp; Name='Yes'"
\0&lt;/a&gt;
W, 3240, 13, 2013/05/24, 08:53:15.537, 1107519221566, QTAgent32.exe, &lt;a class=success&gt;Playback - {23} [SUCCESS] MouseButtonClick - "[MSAA, VisibleOnly]ControlType='Button' &amp;&amp; Name='OK'"
\0&lt;/a&gt;
W, 3240, 13, 2013/05/24, 08:53:15.801, 1107523001895, QTAgent32.exe, &lt;a class=success&gt;Playback - {24} [SUCCESS] MouseButtonClick - "[MSAA, VisibleOnly]ControlType='Button' &amp;&amp; Name='Clients &amp; Files'"
\0&lt;/a&gt;
W, 3240, 13, 2013/05/24, 08:53:16.643, 1107535071643, QTAgent32.exe, PERF WARNING: FindTopLevelWindowHelper::FindAllDescendents: took 707 ms. Expected it to take maximum 500 ms.
W, 3240, 13, 2013/05/24, 08:53:16.877, 1107538411418, QTAgent32.exe, Playback - [WARNING] Internal warning: Incorrect flag set for InvokeProgrammaticAction\0
W, 3240, 13, 2013/05/24, 08:53:17.015, 1107540386646, QTAgent32.exe, &lt;a class=success&gt;Playback - {25} [SUCCESS] SetValueAsComboBox "Customers" - "[MSAA, VisibleOnly]ControlType='ComboBox'"  &lt; SetValueAsComboBox, set by clicking on the item in the list box &gt;
\0&lt;/a&gt;
W, 3240, 13, 2013/05/24, 08:53:17.675, 1107549829197, QTAgent32.exe, &lt;a class=success&gt;Playback - {26} [SUCCESS] MouseButtonClick - "[MSAA, VisibleOnly]ControlType='Button' &amp;&amp; Name='Add'"
\0&lt;/a&gt;
W, 3240, 13, 2013/05/24, 08:53:17.974, 1107554120656, QTAgent32.exe, &lt;a class=success&gt;Playback - {27} [SUCCESS] SendKeys "autotest" - "[MSAA, VisibleOnly]ControlType='RadioButton' &amp;&amp; Name='Personal Lines'"
\0&lt;/a&gt;
W, 3240, 13, 2013/05/24, 08:53:18.323, 1107559113151, QTAgent32.exe, &lt;a class=success&gt;Playback - {28} [SUCCESS] SetValueAsEditBox "autotest" - "[MSAA, VisibleOnly]ControlType='Edit'"  &lt; Set via SendKeys &gt;
\0&lt;/a&gt;
W, 3240, 13, 2013/05/24, 08:53:18.705, 1107564580719, QTAgent32.exe, &lt;a class=success&gt;Playback - {29} [SUCCESS] MouseButtonClick - "[MSAA, VisibleOnly]ControlType='Button' &amp;&amp; Name='OK'"
\0&lt;/a&gt;
W, 3240, 13, 2013/05/24, 08:53:19.124, 1107570587941, QTAgent32.exe, &lt;a class=success&gt;Playback - {30} [SUCCESS] MouseButtonClick - "[MSAA, VisibleOnly]ControlType='Button' &amp;&amp; Name='Yes'"
\0&lt;/a&gt;
W, 3240, 13, 2013/05/24, 08:53:19.313, 1107573287173, QTAgent32.exe, &lt;a class=success&gt;Playback - {31} [SUCCESS] SendKeys "^{HOME}" - "[MSAA, VisibleOnly]ControlType='Edit'"
\0&lt;/a&gt;
E, 3240, 13, 2013/05/24, 08:53:19.313, 1107573289183, QTAgent32.exe, Msaa.GetFocusedElement: could not find accessible object of foreground window
W, 3240, 13, 2013/05/24, 08:53:19.365, 1107574039566, QTAgent32.exe, &lt;a class=success&gt;Playback - {32} [SUCCESS] SendKeys "^+{END}" - "[MSAA, VisibleOnly]ControlType='Edit'"
\0&lt;/a&gt;
E, 3240, 13, 2013/05/24, 08:53:19.365, 1107574041503, QTAgent32.exe, Msaa.GetFocusedElement: could not find accessible object of foreground window
W, 3240, 13, 2013/05/24, 08:53:19.378, 1107574218734, QTAgent32.exe, &lt;a class=success&gt;Playback - {33} [SUCCESS] SendKeys "{DELETE}" - "[MSAA, VisibleOnly]ControlType='Edit'"
\0&lt;/a&gt;
W, 3240, 13, 2013/05/24, 08:53:19.436, 1107575058069, QTAgent32.exe, &lt;a class=success&gt;Playback - {34} [SUCCESS] SetValueAsEditBox "1" - "[MSAA, VisibleOnly]ControlType='Edit'"  &lt; Set via SendKeys &gt;
\0&lt;/a&gt;
W, 3240, 13, 2013/05/24, 08:53:19.631, 1107577841265, QTAgent32.exe, &lt;a class=success&gt;Playback - {35} [SUCCESS] SendKeys "^{HOME}" - "[MSAA, VisibleOnly]ControlType='Edit'"
\0&lt;/a&gt;
E, 3240, 13, 2013/05/24, 08:53:19.631, 1107577843144, QTAgent32.exe, Msaa.GetFocusedElement: could not find accessible object of foreground window
W, 3240, 13, 2013/05/24, 08:53:19.683, 1107578585934, QTAgent32.exe, &lt;a class=success&gt;Playback - {36} [SUCCESS] SendKeys "^+{END}" - "[MSAA, VisibleOnly]ControlType='Edit'"
\0&lt;/a&gt;
E, 3240, 13, 2013/05/24, 08:53:19.683, 1107578587547, QTAgent32.exe, Msaa.GetFocusedElement: could not find accessible object of foreground window
W, 3240, 13, 2013/05/24, 08:53:19.695, 1107578765234, QTAgent32.exe, &lt;a class=success&gt;Playback - {37} [SUCCESS] SendKeys "{DELETE}" - "[MSAA, VisibleOnly]ControlType='Edit'"
\0&lt;/a&gt;
W, 3240, 13, 2013/05/24, 08:53:19.748, 1107579526184, QTAgent32.exe, &lt;a class=success&gt;Playback - {38} [SUCCESS] SetValueAsEditBox "1" - "[MSAA, VisibleOnly]ControlType='Edit'"  &lt; Set via SendKeys &gt;
\0&lt;/a&gt;
W, 3240, 13, 2013/05/24, 08:53:21.354, 1107602519665, QTAgent32.exe, Playback - [WARNING] Internal warning: Target element "[MSAA, VisibleOnly]ControlType='Button' &amp;&amp; Name='OK'" was not found, so all intermediate elements were ignored. An incorrect element that matches target element Id can be found as the result.  Verify that all intermediate elements in QueryId have valid and unique Ids
\0
W, 3240, 13, 2013/05/24, 08:53:21.882, 1107610069736, QTAgent32.exe, PERF WARNING: FindAllDescendents: took 2032 ms. Expected it to take maximum 500 ms.
W, 3240, 13, 2013/05/24, 08:53:22.193, 1107614532438, QTAgent32.exe, &lt;a class=success&gt;Playback - {39} [SUCCESS] MouseButtonClick - "[MSAA, VisibleOnly]ControlType='Button' &amp;&amp; Name='OK'"
\0&lt;/a&gt;
W, 3240, 13, 2013/05/24, 08:53:22.548, 1107619614474, QTAgent32.exe, &lt;a class=success&gt;Playback - {40} [SUCCESS] MouseButtonClick - "[MSAA, VisibleOnly]ControlType='Button'"
\0&lt;/a&gt;
W, 3240, 13, 2013/05/24, 08:53:22.863, 1107624127425, QTAgent32.exe, &lt;a class=success&gt;Playback - {41} [SUCCESS] MouseButtonClick - "[MSAA, VisibleOnly]ControlType='Button' &amp;&amp; Name='Add'"
\0&lt;/a&gt;
W, 3240, 13, 2013/05/24, 08:53:23.192, 1107628830071, QTAgent32.exe, &lt;a class=success&gt;Playback - {42} [SUCCESS] MouseButtonClick - "[MSAA, VisibleOnly]ControlType='Button' &amp;&amp; Name='OK'"
\0&lt;/a&gt;
W, 3240, 13, 2013/05/24, 08:53:25.425, 1107660804076, QTAgent32.exe, &lt;a class=success&gt;Playback - {43} [SUCCESS] MouseButtonClick - "[MSAA, VisibleOnly,Window]ControlType='Window' &amp;&amp; ClassName='ThunderRT6TextBox'"
\0&lt;/a&gt;
W, 3240, 13, 2013/05/24, 08:53:25.687, 1107664551114, QTAgent32.exe, &lt;a class=success&gt;Playback - {44} [SUCCESS] SetValueAsEditBox "HOME" - "[MSAA, VisibleOnly]ControlType='Edit'"  &lt; Set via SendKeys &gt;
\0&lt;/a&gt;
W, 3240, 13, 2013/05/24, 08:53:25.998, 1107669009263, QTAgent32.exe, &lt;a class=success&gt;Playback - {45} [SUCCESS] MouseButtonClick - "[MSAA, VisibleOnly]ControlType='Button' &amp;&amp; Name='OK'"
\0&lt;/a&gt;
W, 3240, 13, 2013/05/24, 08:53:26.235, 1107672405205, QTAgent32.exe, &lt;a class=success&gt;Playback - {46} [SUCCESS] MouseButtonClick - "[MSAA, VisibleOnly]ControlType='Button' &amp;&amp; Name='Options'"
\0&lt;/a&gt;
W, 3240, 13, 2013/05/24, 08:53:26.335, 1107673838320, QTAgent32.exe, FindScreenElementInSinglePass : Attempting to find control in one pass of search. Failures can occur.
W, 3240, 13, 2013/05/24, 08:53:26.487, 1107676004132, QTAgent32.exe, &lt;a class=success&gt;Playback - {47} [SUCCESS] MouseButtonClick - "[MSAA]ControlType='MenuItem' &amp;&amp; Name='Links'"
\0&lt;/a&gt;
W, 3240, 13, 2013/05/24, 08:53:26.587, 1107677440412, QTAgent32.exe, FindScreenElementInSinglePass : Attempting to find control in one pass of search. Failures can occur.
W, 3240, 13, 2013/05/24, 08:53:26.749, 1107679764369, QTAgent32.exe, &lt;a class=success&gt;Playback - {48} [SUCCESS] MouseButtonClick - "[MSAA]ControlType='MenuItem' &amp;&amp; Name='3rd Party Integration'"
\0&lt;/a&gt;
W, 3240, 13, 2013/05/24, 08:53:26.849, 1107681199615, QTAgent32.exe, FindScreenElementInSinglePass : Attempting to find control in one pass of search. Failures can occur.
W, 3240, 13, 2013/05/24, 08:53:27.006, 1107683436790, QTAgent32.exe, &lt;a class=success&gt;Playback - {49} [SUCCESS] MouseButtonClick - "[MSAA]ControlType='MenuItem' &amp;&amp; Name='Quote Select List'"
\0&lt;/a&gt;
W, 3240, 13, 2013/05/24, 08:53:28.322, 1107702290179, QTAgent32.exe, PERF WARNING: FindTopLevelWindowHelper::FindAllDescendents: took 1214 ms. Expected it to take maximum 500 ms.
W, 3240, 13, 2013/05/24, 08:53:28.556, 1107705632847, QTAgent32.exe, &lt;a class=success&gt;Playback - {50} [SUCCESS] MouseButtonClick - "[MSAA, VisibleOnly]ControlType='Button' &amp;&amp; Name='Ok'"
\0&lt;/a&gt;
W, 3240, 13, 2013/05/24, 08:53:30.907, 1107739297532, QTAgent32.exe, PERF WARNING: FindTopLevelWindowHelper::FindAllDescendents: took 2237 ms. Expected it to take maximum 500 ms.
W, 3240, 13, 2013/05/24, 08:53:31.169, 1107743051069, QTAgent32.exe, &lt;a class=success&gt;Playback - {51} [SUCCESS] SendKeys "^{HOME}" - "[MSAA, VisibleOnly]ControlType='Edit'"
\0&lt;/a&gt;
E, 3240, 13, 2013/05/24, 08:53:31.169, 1107743052998, QTAgent32.exe, Msaa.GetFocusedElement: could not find accessible object of foreground window
W, 3240, 13, 2013/05/24, 08:53:31.222, 1107743807475, QTAgent32.exe, &lt;a class=success&gt;Playback - {52} [SUCCESS] SendKeys "^+{END}" - "[MSAA, VisibleOnly]ControlType='Edit'"
\0&lt;/a&gt;
E, 3240, 13, 2013/05/24, 08:53:31.222, 1107743808957, QTAgent32.exe, Msaa.GetFocusedElement: could not find accessible object of foreground window
W, 3240, 13, 2013/05/24, 08:53:31.234, 1107743982027, QTAgent32.exe, &lt;a class=success&gt;Playback - {53} [SUCCESS] SendKeys "{DELETE}" - "[MSAA, VisibleOnly]ControlType='Edit'"
\0&lt;/a&gt;
W, 3240, 13, 2013/05/24, 08:53:31.436, 1107746869797, QTAgent32.exe, &lt;a class=success&gt;Playback - {54} [SUCCESS] SetValueAsEditBox "31/05/13" - "[MSAA, VisibleOnly]ControlType='Edit'"  &lt; Set via SendKeys &gt;
\0&lt;/a&gt;
W, 3240, 13, 2013/05/24, 08:53:31.750, 1107751365879, QTAgent32.exe, &lt;a class=success&gt;Playback - {55} [SUCCESS] SetValueAsEditBox "test1" - "[MSAA, VisibleOnly]ControlType='Edit'"  &lt; Set via SendKeys &gt;
\0&lt;/a&gt;
W, 3240, 13, 2013/05/24, 08:53:32.049, 1107755648558, QTAgent32.exe, &lt;a class=success&gt;Playback - {56} [SUCCESS] SetValueAsEditBox "test" - "[MSAA, VisibleOnly]ControlType='Edit'"  &lt; Set via SendKeys &gt;
\0&lt;/a&gt;
W, 3240, 13, 2013/05/24, 08:53:32.222, 1107758129420, QTAgent32.exe, &lt;a class=success&gt;Playback - {57} [SUCCESS] SendKeys "^{HOME}" - "[MSAA, VisibleOnly]ControlType='Edit'"
\0&lt;/a&gt;
E, 3240, 13, 2013/05/24, 08:53:32.222, 1107758131412, QTAgent32.exe, Msaa.GetFocusedElement: could not find accessible object of foreground window
W, 3240, 13, 2013/05/24, 08:53:32.274, 1107758874482, QTAgent32.exe, &lt;a class=success&gt;Playback - {58} [SUCCESS] SendKeys "^+{END}" - "[MSAA, VisibleOnly]ControlType='Edit'"
\0&lt;/a&gt;
E, 3240, 13, 2013/05/24, 08:53:32.275, 1107758881155, QTAgent32.exe, Msaa.GetFocusedElement: could not find accessible object of foreground window
W, 3240, 13, 2013/05/24, 08:53:32.287, 1107759060543, QTAgent32.exe, &lt;a class=success&gt;Playback - {59} [SUCCESS] SendKeys "{DELETE}" - "[MSAA, VisibleOnly]ControlType='Edit'"
\0&lt;/a&gt;
W, 3240, 13, 2013/05/24, 08:53:32.406, 1107760762479, QTAgent32.exe, &lt;a class=success&gt;Playback - {60} [SUCCESS] SetValueAsEditBox "test" - "[MSAA, VisibleOnly]ControlType='Edit'"  &lt; Set via SendKeys &gt;
\0&lt;/a&gt;
W, 3240, 13, 2013/05/24, 08:53:32.726, 1107765348429, QTAgent32.exe, Playback - [WARNING] Internal warning: Incorrect flag set for InvokeProgrammaticAction\0
W, 3240, 13, 2013/05/24, 08:53:32.844, 1107767036463, QTAgent32.exe, &lt;a class=success&gt;Playback - {61} [SUCCESS] SetValueAsComboBox "Account Director" - "[MSAA, VisibleOnly]ControlType='ComboBox'"  &lt; SetValueAsComboBox, set by clicking on the item in the list box &gt;
\0&lt;/a&gt;
W, 3240, 13, 2013/05/24, 08:53:33.159, 1107771544490, QTAgent32.exe, Playback - [WARNING] Internal warning: Incorrect flag set for InvokeProgrammaticAction\0
W, 3240, 13, 2013/05/24, 08:53:33.277, 1107773228883, QTAgent32.exe, &lt;a class=success&gt;Playback - {62} [SUCCESS] SetValueAsComboBox "Advertising" - "[MSAA, VisibleOnly]ControlType='ComboBox'"  &lt; SetValueAsComboBox, set by clicking on the item in the list box &gt;
\0&lt;/a&gt;
W, 3240, 13, 2013/05/24, 08:53:33.597, 1107777807590, QTAgent32.exe, &lt;a class=success&gt;Playback - {63} [SUCCESS] SetValueAsEditBox "160589" - "[MSAA, VisibleOnly]ControlType='Edit'"  &lt; Set via SendKeys &gt;
\0&lt;/a&gt;
W, 3240, 13, 2013/05/24, 08:53:33.838, 1107781267363, QTAgent32.exe, &lt;a class=success&gt;Playback - {64} [SUCCESS] MouseButtonClick - "[MSAA, VisibleOnly]ControlType='Edit'"
\0&lt;/a&gt;
W, 3240, 13, 2013/05/24, 08:53:34.155, 1107785806113, QTAgent32.exe, &lt;a class=success&gt;Playback - {65} [SUCCESS] SetValueAsEditBox "BN16BN" - "[MSAA, VisibleOnly]ControlType='Edit'"  &lt; Set via SendKeys &gt;
\0&lt;/a&gt;
W, 3240, 13, 2013/05/24, 08:53:36.385, 1107817736867, QTAgent32.exe, &lt;a class=success&gt;Playback - {66} [SUCCESS] MouseButtonClick - "[MSAA, VisibleOnly]ControlType='Button' &amp;&amp; Name='Lookup...'"
\0&lt;/a&gt;
W, 3240, 13, 2013/05/24, 08:53:36.644, 1107821448084, QTAgent32.exe, &lt;a class=success&gt;Playback - {67} [SUCCESS] MouseButtonClick - "[MSAA, VisibleOnly]ControlType='Button' &amp;&amp; Name='Ok'"
\0&lt;/a&gt;
W, 3240, 13, 2013/05/24, 08:53:36.948, 1107825797365, QTAgent32.exe, &lt;a class=success&gt;Playback - {68} [SUCCESS] MouseButtonClick - "[MSAA, VisibleOnly]ControlType='Button' &amp;&amp; Name='Next &gt;'"
\0&lt;/a&gt;
W, 3240, 13, 2013/05/24, 08:53:37.277, 1107830505933, QTAgent32.exe, &lt;a class=success&gt;Playback - {69} [SUCCESS] SetValueAsEditBox "1989" - "[MSAA, VisibleOnly]ControlType='Edit'"  &lt; Set via SendKeys &gt;
\0&lt;/a&gt;
W, 3240, 13, 2013/05/24, 08:53:37.549, 1107834391554, QTAgent32.exe, &lt;a class=success&gt;Playback - {70} [SUCCESS] MouseButtonClick - "[MSAA, VisibleOnly]ControlType='Button' &amp;&amp; Name='Next &gt;'"
\0&lt;/a&gt;
W, 3240, 13, 2013/05/24, 08:53:37.770, 1107837558976, QTAgent32.exe, &lt;a class=success&gt;Playback - {71} [SUCCESS] MouseButtonClick - "[MSAA, VisibleOnly]ControlType='Button' &amp;&amp; Name='Next &gt;'"
\0&lt;/a&gt;
W, 3240, 13, 2013/05/24, 08:53:38.006, 1107840938785, QTAgent32.exe, &lt;a class=success&gt;Playback - {72} [SUCCESS] MouseButtonClick - "[MSAA, VisibleOnly]ControlType='Button' &amp;&amp; Name='Next &gt;'"
\0&lt;/a&gt;
W, 3240, 13, 2013/05/24, 08:53:38.313, 1107845341249, QTAgent32.exe, &lt;a class=success&gt;Playback - {73} [SUCCESS] SetValueAsEditBox "2345" - "[MSAA, VisibleOnly]ControlType='Edit'"  &lt; Set via SendKeys &gt;
\0&lt;/a&gt;
W, 3240, 13, 2013/05/24, 08:53:38.636, 1107849959575, QTAgent32.exe, &lt;a class=success&gt;Playback - {74} [SUCCESS] SetValueAsEditBox "2000" - "[MSAA, VisibleOnly]ControlType='Edit'"  &lt; Set via SendKeys &gt;
\0&lt;/a&gt;
W, 3240, 13, 2013/05/24, 08:53:38.972, 1107854778305, QTAgent32.exe, &lt;a class=success&gt;Playback - {75} [SUCCESS] SetValueAsEditBox "2000" - "[MSAA, VisibleOnly]ControlType='Edit'"  &lt; Set via SendKeys &gt;
\0&lt;/a&gt;
W, 3240, 13, 2013/05/24, 08:53:39.212, 1107858209616, QTAgent32.exe, &lt;a class=success&gt;Playback - {76} [SUCCESS] MouseButtonClick - "[MSAA, VisibleOnly]ControlType='Button' &amp;&amp; Name='Next &gt;'"
\0&lt;/a&gt;
W, 3240, 13, 2013/05/24, 08:53:39.548, 1107863026238, QTAgent32.exe, &lt;a class=success&gt;Playback - {77} [SUCCESS] SetValueAsEditBox "2345" - "[MSAA, VisibleOnly]ControlType='Edit'"  &lt; Set via SendKeys &gt;
\0&lt;/a&gt;
W, 3240, 13, 2013/05/24, 08:53:39.788, 1107866465235, QTAgent32.exe, &lt;a class=success&gt;Playback - {78} [SUCCESS] MouseButtonClick - "[MSAA, VisibleOnly]ControlType='Button' &amp;&amp; Name='Next &gt;'"
\0&lt;/a&gt;
W, 3240, 13, 2013/05/24, 08:53:40.044, 1107870127067, QTAgent32.exe, &lt;a class=success&gt;Playback - {79} [SUCCESS] MouseButtonClick - "[MSAA, VisibleOnly]ControlType='Button' &amp;&amp; Name='Next &gt;'"
\0&lt;/a&gt;
W, 3240, 13, 2013/05/24, 08:53:40.364, 1107874705494, QTAgent32.exe, &lt;a class=success&gt;Playback - {80} [SUCCESS] MouseButtonClick - "[MSAA, VisibleOnly]ControlType='Button' &amp;&amp; Name='Quote'"
\0&lt;/a&gt;
W, 3240, 13, 2013/05/24, 08:53:40.607, 1107878190837, QTAgent32.exe, &lt;a class=success&gt;Playback - {81} [SUCCESS] MouseButtonClick - "[MSAA, VisibleOnly]ControlType='Button' &amp;&amp; Name='No'"
\0&lt;/a&gt;
W, 3240, 13, 2013/05/24, 08:53:41.008, 1107883933818, QTAgent32.exe, &lt;a class=success&gt;Playback - {82} [SUCCESS] MouseButtonClick - "[MSAA, VisibleOnly]ControlType='Button' &amp;&amp; Name='Ok'"
\0&lt;/a&gt;
W, 3240, 13, 2013/05/24, 08:53:41.315, 1107888314993, QTAgent32.exe, Playback - [WARNING] Internal warning: The window that the search started from became invalid
\0
W, 3240, 13, 2013/05/24, 08:53:43.348, 1107917430822, QTAgent32.exe, PERF WARNING: FindTopLevelWindowHelper::FindAllDescendents: took 2238 ms. Expected it to take maximum 500 ms.
W, 3240, 13, 2013/05/24, 08:53:43.478, 1107919288915, QTAgent32.exe, &lt;a class=success&gt;Playback - {83} [SUCCESS] MouseButtonClick - "[MSAA, VisibleOnly]ControlType='Client'"
\0&lt;/a&gt;
W, 3240, 13, 2013/05/24, 08:53:44.992, 1107940961982, QTAgent32.exe, &lt;a class=success&gt;Playback - {84} [SUCCESS] SendKeys "{Home}" - "[MSAA, VisibleOnly]ControlType='Client'"
\0&lt;/a&gt;
W, 3240, 13, 2013/05/24, 08:53:46.442, 1107961722714, QTAgent32.exe, &lt;a class=success&gt;Playback - {85} [SUCCESS] MouseButtonClick - "[MSAA, VisibleOnly]ControlType='Button' &amp;&amp; Name='Accept'"
\0&lt;/a&gt;
W, 3240, 13, 2013/05/24, 08:53:46.705, 1107965497720, QTAgent32.exe, &lt;a class=success&gt;Playback - {86} [SUCCESS] MouseButtonClick - "[MSAA, VisibleOnly]ControlType='Button' &amp;&amp; Name='Yes'"
\0&lt;/a&gt;
W, 3240, 13, 2013/05/24, 08:53:48.936, 1107997430857, QTAgent32.exe, &lt;a class=success&gt;Playback - {87} [SUCCESS] MouseButtonClick - "[MSAA, VisibleOnly]ControlType='Button' &amp;&amp; Name='Ok'"
\0&lt;/a&gt;
W, 3240, 13, 2013/05/24, 08:53:58.756, 1108138045599, QTAgent32.exe, Playback - [WARNING] Internal warning: Window Not Found: [VisibleOnly]ControlType='Window' &amp;&amp; Name='Save the file as' &amp;&amp; ClassName='#32770'
\0
E, 3240, 13, 2013/05/24, 08:53:58.756, 1108138048095, QTAgent32.exe, &lt;a class=failure&gt;Playback - {88} [FAILED] Function ElementFetcher::FindScreenElement failed to locate UI element (Searching: ;[VisibleOnly]ControlType='Window' &amp;&amp; Name='Save the file as' &amp;&amp; ClassName='#32770') (The object specified was not found.)
\0&lt;/a&gt;
E, 3240, 13, 2013/05/24, 08:53:58.814, 1108138880100, QTAgent32.exe, Playback - [IMAGE] C:\Users\testuser\AppData\Local\Temp\UITestLogs\LastRun\RPFEEA1.png
\0
W, 3240, 13, 2013/05/24, 08:53:58.814, 1108138881728, QTAgent32.exe, Playback - [WARNING] Internal warning: Couldn't find descendants that match QueryId
\0
W, 3240, 13, 2013/05/24, 08:53:58.815, 1108138884525, QTAgent32.exe, PERF WARNING: FindTopLevelWindowHelper::FindAllDescendents: took 9687 ms. Expected it to take maximum 500 ms.
W, 3240, 13, 2013/05/24, 08:54:17.831, 1108411156344, QTAgent32.exe, Playback - [WARNING] Internal warning: Window Not Found: [VisibleOnly]ControlType='Window' &amp;&amp; Name='Save the file as' &amp;&amp; ClassName='#32770'
\0
E, 3240, 13, 2013/05/24, 08:54:17.831, 1108411158761, QTAgent32.exe, &lt;a class=failure&gt;Playback - {89} [FAILED] Function ElementFetcher::FindScreenElement failed to locate UI element (Searching: ;[VisibleOnly]ControlType='Window' &amp;&amp; Name='Save the file as' &amp;&amp; ClassName='#32770') (The object specified was not found.)
\0&lt;/a&gt;
E, 3240, 13, 2013/05/24, 08:54:17.882, 1108411886024, QTAgent32.exe, Playback - [IMAGE] C:\Users\testuser\AppData\Local\Temp\UITestLogs\LastRun\RPF3919.png
\0
W, 3240, 13, 2013/05/24, 08:54:17.882, 1108411887530, QTAgent32.exe, Playback - [WARNING] Internal warning: Couldn't find descendants that match QueryId
\0
W, 3240, 13, 2013/05/24, 08:54:17.882, 1108411890029, QTAgent32.exe, PERF WARNING: FindTopLevelWindowHelper::FindAllDescendents: took 19066 ms. Expected it to take maximum 500 ms.
W, 3240, 13, 2013/05/24, 08:54:21.170, 1108458968291, QTAgent32.exe, Playback - [WARNING] Internal warning: Smart Match failed
\0
W, 3240, 13, 2013/05/24, 08:54:22.586, 1108479254114, QTAgent32.exe, Playback - [WARNING] Internal warning: Window Not Found: [VisibleOnly]ControlType='Window' &amp;&amp; Name='Save the file as' &amp;&amp; ClassName='#32770'
\0
E, 3240, 13, 2013/05/24, 08:54:22.587, 1108479256334, QTAgent32.exe, &lt;a class=failure&gt;Playback - {90} [FAILED] Function ElementFetcher::FindScreenElement failed to locate UI element (Searching: ;[VisibleOnly]ControlType='Window' &amp;&amp; Name='Save the file as' &amp;&amp; ClassName='#32770') (The object specified was not found.)
\0&lt;/a&gt;
E, 3240, 13, 2013/05/24, 08:54:22.630, 1108479874893, QTAgent32.exe, Playback - [IMAGE] C:\Users\testuser\AppData\Local\Temp\UITestLogs\LastRun\RPF4BB0.png
\0
W, 3240, 13, 2013/05/24, 08:54:22.630, 1108479876379, QTAgent32.exe, Playback - [WARNING] Internal warning: Couldn't find descendants that match QueryId
\0
W, 3240, 13, 2013/05/24, 08:54:22.630, 1108479878977, QTAgent32.exe, PERF WARNING: FindTopLevelWindowHelper::FindAllDescendents: took 4748 ms. Expected it to take maximum 500 ms.
E, 3240, 13, 2013/05/24, 08:54:22.630, 1108479880525, QTAgent32.exe, Exception: System.Runtime.InteropServices.COMException
	Message: Error HRESULT E_FAIL has been returned from a call to a COM component.
	Stack Trace:    at Microsoft.VisualStudio.TestTools.UITest.Playback.Engine.IRPFPlayback.FindAllScreenElements(IScreenElement pScreenElementStart, String bstrQueryId, Object&amp; pvarResKeys, Int32 cResKeys, Int32 nMaxDepth, Object[]&amp; foundDescendants)
   at Microsoft.VisualStudio.TestTools.UITest.Playback.ScreenElement.FindTopLevelWindowHelper(String queryId)
	BaseExceptionMessage: Error HRESULT E_FAIL has been returned from a call to a COM component.

E, 3240, 13, 2013/05/24, 08:54:22.731, 1108481322521, QTAgent32.exe, AL: Playback Error: Microsoft.VisualStudio.TestTools.UITest.Extension.UITestControlNotFoundException: The playback failed to find the control with the given search properties. Additional Details: 
TechnologyName:  'MSAA'
ControlType:  'Window'
Name:  'Save the file as'
ClassName:  '#32770'
 ---&gt; System.Runtime.InteropServices.COMException: Error HRESULT E_FAIL has been returned from a call to a COM component.
   at Microsoft.VisualStudio.TestTools.UITest.Playback.Engine.IRPFPlayback.FindAllScreenElements(IScreenElement pScreenElementStart, String bstrQueryId, Object&amp; pvarResKeys, Int32 cResKeys, Int32 nMaxDepth, Object[]&amp; foundDescendants)
   at Microsoft.VisualStudio.TestTools.UITest.Playback.ScreenElement.FindTopLevelWindowHelper(String queryId)
   at Microsoft.VisualStudio.TestTools.UITest.Playback.ScreenElement.FindFromPartialQueryId(String queryId)
   at Microsoft.VisualStudio.TestTools.UITesting.UITestControl..ctor(String queryId)
   --- End of inner exception stack trace ---
   at Microsoft.VisualStudio.TestTools.UITesting.Playback.MapControlNotFoundException(COMException ex, IPlaybackContext context)
   at Microsoft.VisualStudio.TestTools.UITesting.Playback.MapAndThrowComException(COMException innerException, IPlaybackContext context)
   at Microsoft.VisualStudio.TestTools.UITesting.Playback.MapAndThrowException(SystemException exception, IPlaybackContext context)
   at Microsoft.VisualStudio.TestTools.UITesting.Playback.MapAndThrowException(SystemException exception, String queryId)
   at Microsoft.VisualStudio.TestTools.UITesting.UITestControl..ctor(String queryId)
   at Microsoft.VisualStudio.TestTools.UITesting.SearchHelper.SearchTopLevelWindow(ISearchArgument topLevelSearchArg, String topLevelElementQueryId)
   at Microsoft.VisualStudio.TestTools.UITesting.SearchHelper.GetTitleUpdatedTopLevelWindow(ISearchArgument topLevelSearchArg, String queryId, IList`1 windowTitles)
   at Microsoft.VisualStudio.TestTools.UITesting.SearchHelper.GetTopLevelElement(Boolean useCache, Boolean useCacheOnly, ISearchArgument searchArg, IList`1 windowTitles, Int32&amp; timeLeft)
   at Microsoft.VisualStudio.TestTools.UITesting.SearchHelper.GetElement(Boolean useCache, ISearchArgument searchArg)
   at Microsoft.VisualStudio.TestTools.UITesting.SearchHelper.Search(ISearchArgument searchArg)
   at Microsoft.VisualStudio.TestTools.UITesting.UITestControl.FindInternal()
   at Microsoft.VisualStudio.TestTools.UITesting.UITestControl.FindControlIfNecessary()
   at Microsoft.VisualStudio.TestTools.UITesting.UITestControl.Click(MouseButtons button, ModifierKeys modifierKeys, Point relativeCoordinates)
   at Microsoft.VisualStudio.TestTools.UITesting.Mouse.ClickImplementation(UITestControl control, MouseButtons button, ModifierKeys modifierKeys, Point relativeCoordinate)
   at Microsoft.VisualStudio.TestTools.UITesting.Mouse.ClickImplementationWrapper(UITestControl control, MouseButtons button, ModifierKeys modifierKeys, Point relativeCoordinate)
W, 3240, 13, 2013/05/24, 08:54:22.731, 1108481324651, QTAgent32.exe, PlaybackErrorHandler: Ignoring exception as ContinueOnError is set.
W, 3240, 13, 2013/05/24, 08:54:32.119, 1108615745663, QTAgent32.exe, Playback - [WARNING] Internal warning: Window Not Found: [VisibleOnly]ControlType='Window' &amp;&amp; Name='Personal Lines' &amp;&amp; ClassName='#32770'
\0
E, 3240, 13, 2013/05/24, 08:54:32.119, 1108615747997, QTAgent32.exe, &lt;a class=failure&gt;Playback - {91} [FAILED] Function ElementFetcher::FindScreenElement failed to locate UI element (Searching: ;[VisibleOnly]ControlType='Window' &amp;&amp; Name='Personal Lines' &amp;&amp; ClassName='#32770') (The object specified was not found.)
\0&lt;/a&gt;
E, 3240, 13, 2013/05/24, 08:54:32.162, 1108616358062, QTAgent32.exe, Playback - [IMAGE] C:\Users\testuser\AppData\Local\Temp\UITestLogs\LastRun\RPF70ED.png
\0
W, 3240, 13, 2013/05/24, 08:54:32.162, 1108616359639, QTAgent32.exe, Playback - [WARNING] Internal warning: Couldn't find descendants that match QueryId
\0
W, 3240, 13, 2013/05/24, 08:54:32.162, 1108616362402, QTAgent32.exe, PERF WARNING: FindTopLevelWindowHelper::FindAllDescendents: took 9430 ms. Expected it to take maximum 500 ms.
W, 3240, 13, 2013/05/24, 08:54:50.900, 1108884646773, QTAgent32.exe, Playback - [WARNING] Internal warning: Window Not Found: [VisibleOnly]ControlType='Window' &amp;&amp; Name='Personal Lines' &amp;&amp; ClassName='#32770'
\0
E, 3240, 13, 2013/05/24, 08:54:50.900, 1108884649133, QTAgent32.exe, &lt;a class=failure&gt;Playback - {92} [FAILED] Function ElementFetcher::FindScreenElement failed to locate UI element (Searching: ;[VisibleOnly]ControlType='Window' &amp;&amp; Name='Personal Lines' &amp;&amp; ClassName='#32770') (The object specified was not found.)
\0&lt;/a&gt;
E, 3240, 13, 2013/05/24, 08:54:50.943, 1108885271010, QTAgent32.exe, Playback - [IMAGE] C:\Users\testuser\AppData\Local\Temp\UITestLogs\LastRun\RPFBA4C.png
\0
W, 3240, 13, 2013/05/24, 08:54:50.943, 1108885272575, QTAgent32.exe, Playback - [WARNING] Internal warning: Couldn't find descendants that match QueryId
\0
W, 3240, 13, 2013/05/24, 08:54:50.943, 1108885274992, QTAgent32.exe, PERF WARNING: FindTopLevelWindowHelper::FindAllDescendents: took 18781 ms. Expected it to take maximum 500 ms.
W, 3240, 13, 2013/05/24, 08:54:54.222, 1108932211564, QTAgent32.exe, Playback - [WARNING] Internal warning: Smart Match failed
\0
W, 3240, 13, 2013/05/24, 08:54:55.639, 1108952510648, QTAgent32.exe, Playback - [WARNING] Internal warning: Window Not Found: [VisibleOnly]ControlType='Window' &amp;&amp; Name='Personal Lines' &amp;&amp; ClassName='#32770'
\0
E, 3240, 13, 2013/05/24, 08:54:55.639, 1108952513975, QTAgent32.exe, &lt;a class=failure&gt;Playback - {93} [FAILED] Function ElementFetcher::FindScreenElement failed to locate UI element (Searching: ;[VisibleOnly]ControlType='Window' &amp;&amp; Name='Personal Lines' &amp;&amp; ClassName='#32770') (The object specified was not found.)
\0&lt;/a&gt;
E, 3240, 13, 2013/05/24, 08:54:55.682, 1108953127415, QTAgent32.exe, Playback - [IMAGE] C:\Users\testuser\AppData\Local\Temp\UITestLogs\LastRun\RPFCCD4.png
\0
W, 3240, 13, 2013/05/24, 08:54:55.682, 1108953128993, QTAgent32.exe, Playback - [WARNING] Internal warning: Couldn't find descendants that match QueryId
\0
W, 3240, 13, 2013/05/24, 08:54:55.683, 1108953131548, QTAgent32.exe, PERF WARNING: FindTopLevelWindowHelper::FindAllDescendents: took 4738 ms. Expected it to take maximum 500 ms.
E, 3240, 13, 2013/05/24, 08:54:55.683, 1108953133188, QTAgent32.exe, Exception: System.Runtime.InteropServices.COMException
	Message: Error HRESULT E_FAIL has been returned from a call to a COM component.
	Stack Trace:    at Microsoft.VisualStudio.TestTools.UITest.Playback.Engine.IRPFPlayback.FindAllScreenElements(IScreenElement pScreenElementStart, String bstrQueryId, Object&amp; pvarResKeys, Int32 cResKeys, Int32 nMaxDepth, Object[]&amp; foundDescendants)
   at Microsoft.VisualStudio.TestTools.UITest.Playback.ScreenElement.FindTopLevelWindowHelper(String queryId)
	BaseExceptionMessage: Error HRESULT E_FAIL has been returned from a call to a COM component.

E, 3240, 13, 2013/05/24, 08:54:55.683, 1108953135645, QTAgent32.exe, Window 198406 not responding. Last Win32 error 0
E, 3240, 13, 2013/05/24, 08:54:55.683, 1108953136512, QTAgent32.exe, GetClassName for handle 198406 failed
E, 3240, 13, 2013/05/24, 08:54:55.783, 1108954574618, QTAgent32.exe, AL: Playback Error: Microsoft.VisualStudio.TestTools.UITest.Extension.UITestControlNotAvailableException: The control is not available or not valid. Additional Details: 
TechnologyName:  'MSAA'
Name:  'Personal Lines'
ClassName:  '#32770'
ControlType:  'Window'
 ---&gt; System.Runtime.InteropServices.COMException: Error HRESULT E_FAIL has been returned from a call to a COM component.
   at Microsoft.VisualStudio.TestTools.UITest.Playback.Engine.IRPFPlayback.FindAllScreenElements(IScreenElement pScreenElementStart, String bstrQueryId, Object&amp; pvarResKeys, Int32 cResKeys, Int32 nMaxDepth, Object[]&amp; foundDescendants)
   at Microsoft.VisualStudio.TestTools.UITest.Playback.ScreenElement.FindTopLevelWindowHelper(String queryId)
   at Microsoft.VisualStudio.TestTools.UITest.Playback.ScreenElement.FindFromPartialQueryId(String queryId)
   at Microsoft.VisualStudio.TestTools.UITesting.UITestControl.EnsureValid(Boolean waitForReady, Boolean refetch)
   --- End of inner exception stack trace ---
   at Microsoft.VisualStudio.TestTools.UITesting.UITestControl.EnsureValid(Boolean waitForReady, Boolean refetch)
   at Microsoft.VisualStudio.TestTools.UITesting.UITestControl.FindFirstDescendant(String queryId, Int32 maxDepth, Int32&amp; timeLeft)
   at Microsoft.VisualStudio.TestTools.UITesting.SearchHelper.GetElement(Boolean useCache, ISearchArgument searchArg)
   at Microsoft.VisualStudio.TestTools.UITesting.SearchHelper.Search(ISearchArgument searchArg)
   at Microsoft.VisualStudio.TestTools.UITesting.UITestControl.FindInternal()
   at Microsoft.VisualStudio.TestTools.UITesting.UITestControl.FindControlIfNecessary()
   at Microsoft.VisualStudio.TestTools.UITesting.UITestControl.Click(MouseButtons button, ModifierKeys modifierKeys, Point relativeCoordinates)
   at Microsoft.VisualStudio.TestTools.UITesting.Mouse.ClickImplementation(UITestControl control, MouseButtons button, ModifierKeys modifierKeys, Point relativeCoordinate)
   at Microsoft.VisualStudio.TestTools.UITesting.Mouse.ClickImplementationWrapper(UITestControl control, MouseButtons button, ModifierKeys modifierKeys, Point relativeCoordinate)
W, 3240, 13, 2013/05/24, 08:54:55.783, 1108954576019, QTAgent32.exe, PlaybackErrorHandler: Ignoring exception as ContinueOnError is set.
W, 3240, 13, 2013/05/24, 08:54:55.922, 1108956547155, QTAgent32.exe, &lt;a class=success&gt;Playback - {94} [SUCCESS] MouseButtonClick - "[MSAA, VisibleOnly]ControlType='Button' &amp;&amp; Name='Ok'"
\0&lt;/a&gt;
W, 3240, 13, 2013/05/24, 08:54:56.160, 1108959962184, QTAgent32.exe, &lt;a class=success&gt;Playback - {95} [SUCCESS] MouseButtonClick - "[MSAA, VisibleOnly]ControlType='Button' &amp;&amp; Name='Ok'"
\0&lt;/a&gt;
W, 3240, 13, 2013/05/24, 08:54:56.530, 1108965265461, QTAgent32.exe, &lt;a class=success&gt;Playback - {96} [SUCCESS] SetValueAsEditBox "B338TH" - "[MSAA, VisibleOnly]ControlType='Edit'"  &lt; Set via SendKeys &gt;
\0&lt;/a&gt;
W, 3240, 13, 2013/05/24, 08:54:58.756, 1108997132105, QTAgent32.exe, &lt;a class=success&gt;Playback - {97} [SUCCESS] MouseButtonClick - "[MSAA, VisibleOnly]ControlType='Button' &amp;&amp; Name='Lookup...'"
\0&lt;/a&gt;
W, 3240, 13, 2013/05/24, 08:54:58.993, 1109000525244, QTAgent32.exe, &lt;a class=success&gt;Playback - {98} [SUCCESS] MouseButtonClick - "[MSAA, VisibleOnly]ControlType='Button' &amp;&amp; Name='Ok'"
\0&lt;/a&gt;
W, 3240, 13, 2013/05/24, 08:54:59.265, 1109004432525, QTAgent32.exe, &lt;a class=success&gt;Playback - {99} [SUCCESS] MouseButtonClick - "[MSAA, VisibleOnly]ControlType='Button' &amp;&amp; Name='Confirm'"
\0&lt;/a&gt;
W, 3240, 13, 2013/05/24, 08:55:21.698, 1109325623704, QTAgent32.exe, Playback - [WARNING] Internal warning: Window Not Found: [VisibleOnly]ControlType='Window' &amp;&amp; Name='Personal Lines' &amp;&amp; ClassName='#32770'
\0
E, 3240, 13, 2013/05/24, 08:55:21.698, 1109325626048, QTAgent32.exe, &lt;a class=failure&gt;Playback - {100} [FAILED] Function ElementFetcher::FindScreenElement failed to locate UI element (Searching: ;[VisibleOnly]ControlType='Window' &amp;&amp; Name='Personal Lines' &amp;&amp; ClassName='#32770') (The object specified was not found.)
\0&lt;/a&gt;
E, 3240, 13, 2013/05/24, 08:55:21.741, 1109326234897, QTAgent32.exe, Playback - [IMAGE] C:\Users\testuser\AppData\Local\Temp\UITestLogs\LastRun\RPF3299.png
\0
W, 3240, 13, 2013/05/24, 08:55:21.741, 1109326236354, QTAgent32.exe, Playback - [WARNING] Internal warning: Couldn't find descendants that match QueryId
\0
W, 3240, 13, 2013/05/24, 08:55:21.741, 1109326238875, QTAgent32.exe, PERF WARNING: FindTopLevelWindowHelper::FindAllDescendents: took 22375 ms. Expected it to take maximum 500 ms.
W, 3240, 13, 2013/05/24, 08:55:40.572, 1109595864766, QTAgent32.exe, Playback - [WARNING] Internal warning: Window Not Found: [VisibleOnly]ControlType='Window' &amp;&amp; Name='Personal Lines' &amp;&amp; ClassName='#32770'
\0
E, 3240, 13, 2013/05/24, 08:55:40.572, 1109595867203, QTAgent32.exe, &lt;a class=failure&gt;Playback - {101} [FAILED] Function ElementFetcher::FindScreenElement failed to locate UI element (Searching: ;[VisibleOnly]ControlType='Window' &amp;&amp; Name='Personal Lines' &amp;&amp; ClassName='#32770') (The object specified was not found.)
\0&lt;/a&gt;
E, 3240, 13, 2013/05/24, 08:55:40.616, 1109596493704, QTAgent32.exe, Playback - [IMAGE] C:\Users\testuser\AppData\Local\Temp\UITestLogs\LastRun\RPF7C56.png
\0
W, 3240, 13, 2013/05/24, 08:55:40.616, 1109596495183, QTAgent32.exe, Playback - [WARNING] Internal warning: Couldn't find descendants that match QueryId
\0
W, 3240, 13, 2013/05/24, 08:55:40.616, 1109596497649, QTAgent32.exe, PERF WARNING: FindTopLevelWindowHelper::FindAllDescendents: took 18874 ms. Expected it to take maximum 500 ms.
W, 3240, 13, 2013/05/24, 08:55:43.925, 1109643866311, QTAgent32.exe, Playback - [WARNING] Internal warning: Smart Match failed
\0
W, 3240, 13, 2013/05/24, 08:55:45.342, 1109664155718, QTAgent32.exe, Playback - [WARNING] Internal warning: Window Not Found: [VisibleOnly]ControlType='Window' &amp;&amp; Name='Personal Lines' &amp;&amp; ClassName='#32770'
\0
E, 3240, 13, 2013/05/24, 08:55:45.342, 1109664158013, QTAgent32.exe, &lt;a class=failure&gt;Playback - {102} [FAILED] Function ElementFetcher::FindScreenElement failed to locate UI element (Searching: ;[VisibleOnly]ControlType='Window' &amp;&amp; Name='Personal Lines' &amp;&amp; ClassName='#32770') (The object specified was not found.)
\0&lt;/a&gt;
E, 3240, 13, 2013/05/24, 08:55:45.385, 1109664771817, QTAgent32.exe, Playback - [IMAGE] C:\Users\testuser\AppData\Local\Temp\UITestLogs\LastRun\RPF8EFD.png
\0
W, 3240, 13, 2013/05/24, 08:55:45.385, 1109664773411, QTAgent32.exe, Playback - [WARNING] Internal warning: Couldn't find descendants that match QueryId
\0
W, 3240, 13, 2013/05/24, 08:55:45.385, 1109664775786, QTAgent32.exe, PERF WARNING: FindTopLevelWindowHelper::FindAllDescendents: took 4768 ms. Expected it to take maximum 500 ms.
E, 3240, 13, 2013/05/24, 08:55:45.385, 1109664779842, QTAgent32.exe, Exception: System.Runtime.InteropServices.COMException
	Message: Error HRESULT E_FAIL has been returned from a call to a COM component.
	Stack Trace:    at Microsoft.VisualStudio.TestTools.UITest.Playback.Engine.IRPFPlayback.FindAllScreenElements(IScreenElement pScreenElementStart, String bstrQueryId, Object&amp; pvarResKeys, Int32 cResKeys, Int32 nMaxDepth, Object[]&amp; foundDescendants)
   at Microsoft.VisualStudio.TestTools.UITest.Playback.ScreenElement.FindTopLevelWindowHelper(String queryId)
	BaseExceptionMessage: Error HRESULT E_FAIL has been returned from a call to a COM component.

E, 3240, 13, 2013/05/24, 08:55:45.385, 1109664783374, QTAgent32.exe, Window 198406 not responding. Last Win32 error 0
E, 3240, 13, 2013/05/24, 08:55:45.385, 1109664784559, QTAgent32.exe, GetClassName for handle 198406 failed
E, 3240, 13, 2013/05/24, 08:55:45.486, 1109666222229, QTAgent32.exe, AL: Playback Error: Microsoft.VisualStudio.TestTools.UITest.Extension.UITestControlNotAvailableException: The control is not available or not valid. Additional Details: 
TechnologyName:  'MSAA'
Name:  'Personal Lines'
ClassName:  '#32770'
ControlType:  'Window'
 ---&gt; System.Runtime.InteropServices.COMException: Error HRESULT E_FAIL has been returned from a call to a COM component.
   at Microsoft.VisualStudio.TestTools.UITest.Playback.Engine.IRPFPlayback.FindAllScreenElements(IScreenElement pScreenElementStart, String bstrQueryId, Object&amp; pvarResKeys, Int32 cResKeys, Int32 nMaxDepth, Object[]&amp; foundDescendants)
   at Microsoft.VisualStudio.TestTools.UITest.Playback.ScreenElement.FindTopLevelWindowHelper(String queryId)
   at Microsoft.VisualStudio.TestTools.UITest.Playback.ScreenElement.FindFromPartialQueryId(String queryId)
   at Microsoft.VisualStudio.TestTools.UITesting.UITestControl.EnsureValid(Boolean waitForReady, Boolean refetch)
   --- End of inner exception stack trace ---
   at Microsoft.VisualStudio.TestTools.UITesting.UITestControl.EnsureValid(Boolean waitForReady, Boolean refetch)
   at Microsoft.VisualStudio.TestTools.UITesting.UITestControl.FindFirstDescendant(String queryId, Int32 maxDepth, Int32&amp; timeLeft)
   at Microsoft.VisualStudio.TestTools.UITesting.SearchHelper.GetElement(Boolean useCache, ISearchArgument searchArg)
   at Microsoft.VisualStudio.TestTools.UITesting.SearchHelper.Search(ISearchArgument searchArg)
   at Microsoft.VisualStudio.TestTools.UITesting.UITestControl.FindInternal()
   at Microsoft.VisualStudio.TestTools.UITesting.UITestControl.FindControlIfNecessary()
   at Microsoft.VisualStudio.TestTools.UITesting.UITestControl.Click(MouseButtons button, ModifierKeys modifierKeys, Point relativeCoordinates)
   at Microsoft.VisualStudio.TestTools.UITesting.Mouse.ClickImplementation(UITestControl control, MouseButtons button, ModifierKeys modifierKeys, Point relativeCoordinate)
   at Microsoft.VisualStudio.TestTools.UITesting.Mouse.ClickImplementationWrapper(UITestControl control, MouseButtons button, ModifierKeys modifierKeys, Point relativeCoordinate)
W, 3240, 13, 2013/05/24, 08:55:45.486, 1109666223398, QTAgent32.exe, PlaybackErrorHandler: Ignoring exception as ContinueOnError is set.
W, 3240, 13, 2013/05/24, 08:55:45.613, 1109668041245, QTAgent32.exe, &lt;a class=success&gt;Playback - {103} [SUCCESS] Check - "[MSAA, VisibleOnly]ControlType='CheckBox' &amp;&amp; Name='Defer Printing?'"
\0&lt;/a&gt;
W, 3240, 13, 2013/05/24, 08:55:46.186, 1109676247699, QTAgent32.exe, &lt;a class=success&gt;Playback - {104} [SUCCESS] MouseButtonClick - "[MSAA, VisibleOnly]ControlType='Button' &amp;&amp; Name='Ok'"
\0&lt;/a&gt;
W, 3240, 13, 2013/05/24, 08:55:46.904, 1109686537107, QTAgent32.exe, &lt;a class=success&gt;Playback - {105} [SUCCESS] Uncheck - "[MSAA, VisibleOnly]ControlType='CheckBox' &amp;&amp; Name='Add Activity'"
\0&lt;/a&gt;
W, 3240, 13, 2013/05/24, 08:55:47.237, 1109691296193, QTAgent32.exe, &lt;a class=success&gt;Playback - {106} [SUCCESS] MouseButtonClick - "[MSAA, VisibleOnly]ControlType='Button' &amp;&amp; Name='Ok'"
\0&lt;/a&gt;
W, 3240, 13, 2013/05/24, 08:55:47.473, 1109694671529, QTAgent32.exe, &lt;a class=success&gt;Playback - {107} [SUCCESS] MouseButtonClick - "[MSAA, VisibleOnly]ControlType='Button' &amp;&amp; Name='Ok'"
\0&lt;/a&gt;
W, 3240, 13, 2013/05/24, 08:55:51.062, 1109746057618, QTAgent32.exe, Playback - [WARNING] Internal warning: Window Not Found: [VisibleOnly]ControlType='Window' &amp;&amp; Name='Transaction to insert' &amp;&amp; ClassName='TfSelectItem'
\0
E, 3240, 13, 2013/05/24, 08:55:51.062, 1109746059980, QTAgent32.exe, &lt;a class=failure&gt;Playback - {108} [FAILED] Function ElementFetcher::FindScreenElement failed to locate UI element (Searching: ;[VisibleOnly]ControlType='Window' &amp;&amp; Name='Transaction to insert' &amp;&amp; ClassName='TfSelectItem') (The object specified was not found.)
\0&lt;/a&gt;
E, 3240, 13, 2013/05/24, 08:55:51.104, 1109746654913, QTAgent32.exe, Playback - [IMAGE] C:\Users\testuser\AppData\Local\Temp\UITestLogs\LastRun\RPFA55B.png
\0
W, 3240, 13, 2013/05/24, 08:55:51.104, 1109746656392, QTAgent32.exe, Playback - [WARNING] Internal warning: Couldn't find descendants that match QueryId
\0
W, 3240, 13, 2013/05/24, 08:55:51.104, 1109746658816, QTAgent32.exe, PERF WARNING: FindTopLevelWindowHelper::FindAllDescendents: took 3526 ms. Expected it to take maximum 500 ms.
W, 3240, 13, 2013/05/24, 08:56:09.362, 1110008092831, QTAgent32.exe, Playback - [WARNING] Internal warning: Window Not Found: [VisibleOnly]ControlType='Window' &amp;&amp; Name='Transaction to insert' &amp;&amp; ClassName='TfSelectItem'
\0
E, 3240, 13, 2013/05/24, 08:56:09.363, 1110008095301, QTAgent32.exe, &lt;a class=failure&gt;Playback - {109} [FAILED] Function ElementFetcher::FindScreenElement failed to locate UI element (Searching: ;[VisibleOnly]ControlType='Window' &amp;&amp; Name='Transaction to insert' &amp;&amp; ClassName='TfSelectItem') (The object specified was not found.)
\0&lt;/a&gt;
E, 3240, 13, 2013/05/24, 08:56:09.406, 1110008722512, QTAgent32.exe, Playback - [IMAGE] C:\Users\testuser\AppData\Local\Temp\UITestLogs\LastRun\RPFECD7.png
\0
W, 3240, 13, 2013/05/24, 08:56:09.407, 1110008724269, QTAgent32.exe, Playback - [WARNING] Internal warning: Couldn't find descendants that match QueryId
\0
W, 3240, 13, 2013/05/24, 08:56:09.407, 1110008726698, QTAgent32.exe, PERF WARNING: FindTopLevelWindowHelper::FindAllDescendents: took 18302 ms. Expected it to take maximum 500 ms.
W, 3240, 13, 2013/05/24, 08:56:10.128, 1110019050344, QTAgent32.exe, Playback - [WARNING] Internal warning: Smart Match failed
\0
W, 3240, 13, 2013/05/24, 08:56:10.730, 1110027662799, QTAgent32.exe, Playback - [WARNING] Internal warning: Smart Match failed
\0
W, 3240, 13, 2013/05/24, 08:56:11.314, 1110036024686, QTAgent32.exe, Playback - [WARNING] Internal warning: Smart Match failed
\0
W, 3240, 13, 2013/05/24, 08:56:11.897, 1110044382186, QTAgent32.exe, Playback - [WARNING] Internal warning: Smart Match failed
\0
W, 3240, 13, 2013/05/24, 08:56:12.483, 1110052773435, QTAgent32.exe, Playback - [WARNING] Internal warning: Smart Match failed
\0
W, 3240, 13, 2013/05/24, 08:56:12.762, 1110056760451, QTAgent32.exe, Playback - [WARNING] Internal warning: Window Not Found: [VisibleOnly]ControlType='Window' &amp;&amp; Name='Transaction to insert' &amp;&amp; ClassName='TfSelectItem'
\0
E, 3240, 13, 2013/05/24, 08:56:12.762, 1110056762549, QTAgent32.exe, &lt;a class=failure&gt;Playback - {110} [FAILED] Function ElementFetcher::FindScreenElement failed to locate UI element (Searching: ;[VisibleOnly]ControlType='Window' &amp;&amp; Name='Transaction to insert' &amp;&amp; ClassName='TfSelectItem') (The object specified was not found.)
\0&lt;/a&gt;
E, 3240, 13, 2013/05/24, 08:56:12.804, 1110057372989, QTAgent32.exe, Playback - [IMAGE] C:\Users\testuser\AppData\Local\Temp\UITestLogs\LastRun\RPFFA21.png
\0
W, 3240, 13, 2013/05/24, 08:56:12.804, 1110057374581, QTAgent32.exe, Playback - [WARNING] Internal warning: Couldn't find descendants that match QueryId
\0
W, 3240, 13, 2013/05/24, 08:56:12.805, 1110057377165, QTAgent32.exe, PERF WARNING: FindTopLevelWindowHelper::FindAllDescendents: took 3397 ms. Expected it to take maximum 500 ms.
E, 3240, 13, 2013/05/24, 08:56:12.805, 1110057378773, QTAgent32.exe, Exception: System.Runtime.InteropServices.COMException
	Message: Error HRESULT E_FAIL has been returned from a call to a COM component.
	Stack Trace:    at Microsoft.VisualStudio.TestTools.UITest.Playback.Engine.IRPFPlayback.FindAllScreenElements(IScreenElement pScreenElementStart, String bstrQueryId, Object&amp; pvarResKeys, Int32 cResKeys, Int32 nMaxDepth, Object[]&amp; foundDescendants)
   at Microsoft.VisualStudio.TestTools.UITest.Playback.ScreenElement.FindTopLevelWindowHelper(String queryId)
	BaseExceptionMessage: Error HRESULT E_FAIL has been returned from a call to a COM component.

E, 3240, 13, 2013/05/24, 08:56:12.805, 1110057381071, QTAgent32.exe, Window 132752 not responding. Last Win32 error 0
E, 3240, 13, 2013/05/24, 08:56:12.805, 1110057381917, QTAgent32.exe, GetClassName for handle 132752 failed
E, 3240, 13, 2013/05/24, 08:56:12.805, 1110057385910, QTAgent32.exe, Window 329370 not responding. Last Win32 error 1400
E, 3240, 13, 2013/05/24, 08:56:12.805, 1110057386716, QTAgent32.exe, GetClassName for handle 329370 failed
E, 3240, 13, 2013/05/24, 08:56:12.905, 1110058819862, QTAgent32.exe, AL: Playback Error: Microsoft.VisualStudio.TestTools.UITest.Extension.UITestControlNotAvailableException: The control is not available or not valid. Additional Details: 
TechnologyName:  'MSAA'
Name:  'Ok'
ControlType:  'Button'
 ---&gt; Microsoft.VisualStudio.TestTools.UITest.Extension.UITestControlNotAvailableException: The control is not available or not valid. Additional Details: 
TechnologyName:  'MSAA'
Name:  'Transaction to insert'
ClassName:  'TfSelectItem'
ControlType:  'Window'
 ---&gt; System.Runtime.InteropServices.COMException: Error HRESULT E_FAIL has been returned from a call to a COM component.
   at Microsoft.VisualStudio.TestTools.UITest.Playback.Engine.IRPFPlayback.FindAllScreenElements(IScreenElement pScreenElementStart, String bstrQueryId, Object&amp; pvarResKeys, Int32 cResKeys, Int32 nMaxDepth, Object[]&amp; foundDescendants)
   at Microsoft.VisualStudio.TestTools.UITest.Playback.ScreenElement.FindTopLevelWindowHelper(String queryId)
   at Microsoft.VisualStudio.TestTools.UITest.Playback.ScreenElement.FindFromPartialQueryId(String queryId)
   at Microsoft.VisualStudio.TestTools.UITesting.UITestControl.EnsureValid(Boolean waitForReady, Boolean refetch)
   --- End of inner exception stack trace ---
   at Microsoft.VisualStudio.TestTools.UITesting.UITestControl.EnsureValid(Boolean waitForReady, Boolean refetch)
   at Microsoft.VisualStudio.TestTools.UITesting.UITestControl.FindFirstDescendant(String queryId, Int32 maxDepth, Int32&amp; timeLeft)
   at Microsoft.VisualStudio.TestTools.UITesting.UITestControl.FindFirstDescendant(String queryId)
   at Microsoft.VisualStudio.TestTools.UITesting.UITestControl.EnsureValid(Boolean waitForReady, Boolean refetch)
   --- End of inner exception stack trace ---
   at Microsoft.VisualStudio.TestTools.UITesting.UITestControl.EnsureValid(Boolean waitForReady, Boolean refetch)
   at Microsoft.VisualStudio.TestTools.UITesting.UITestControl.Click(MouseButtons button, ModifierKeys modifierKeys, Point relativeCoordinates)
   at Microsoft.VisualStudio.TestTools.UITesting.Mouse.ClickImplementation(UITestControl control, MouseButtons button, ModifierKeys modifierKeys, Point relativeCoordinate)
   at Microsoft.VisualStudio.TestTools.UITesting.Mouse.ClickImplementationWrapper(UITestControl control, MouseButtons button, ModifierKeys modifierKeys, Point relativeCoordinate)
W, 3240, 13, 2013/05/24, 08:56:12.905, 1110058821336, QTAgent32.exe, PlaybackErrorHandler: Ignoring exception as ContinueOnError is set.
W, 3240, 13, 2013/05/24, 08:56:15.043, 1110089431013, QTAgent32.exe, &lt;a class=success&gt;Playback - {111} [SUCCESS] MouseButtonClick - "[MSAA, VisibleOnly]ControlType='Button' &amp;&amp; Name='OK'"
\0&lt;/a&gt;
W, 3240, 13, 2013/05/24, 08:56:15.293, 1110093009024, QTAgent32.exe, &lt;a class=success&gt;Playback - {112} [SUCCESS] MouseButtonClick - "[MSAA, VisibleOnly]ControlType='Button' &amp;&amp; Name='Cancel'"
\0&lt;/a&gt;
W, 3240, 13, 2013/05/24, 08:56:15.646, 1110098054313, QTAgent32.exe, &lt;a class=success&gt;Playback - {113} [SUCCESS] MouseButtonClick - "[MSAA, VisibleOnly]ControlType='Button'"
\0&lt;/a&gt;
W, 3240, 13, 2013/05/24, 08:56:16.029, 1110103547763, QTAgent32.exe, &lt;a class=success&gt;Playback - {114} [SUCCESS] MouseButtonClick - "[MSAA, VisibleOnly]ControlType='Button' &amp;&amp; Name='Detail'"
\0&lt;/a&gt;
W, 3240, 13, 2013/05/24, 08:56:16.275, 1110107060534, QTAgent32.exe, &lt;a class=success&gt;Playback - {115} [SUCCESS] MouseButtonClick - "[MSAA, VisibleOnly]ControlType='Edit'"
\0&lt;/a&gt;
W, 3240, 13, 2013/05/24, 08:56:19.417, 1110152046262, QTAgent32.exe, Playback - [WARNING] Internal warning: Window Not Found: [VisibleOnly]ControlType='Window' &amp;&amp; Name='Connect to www.insur-econnect.com'
\0
E, 3240, 13, 2013/05/24, 08:56:19.417, 1110152048086, QTAgent32.exe, &lt;a class=failure&gt;Playback - {116} [FAILED] Function ElementFetcher::FindScreenElement failed to locate UI element (Searching: ;[VisibleOnly]ControlType='Window' &amp;&amp; Name='Connect to www.insur-econnect.com') (The object specified was not found.)
\0&lt;/a&gt;
E, 3240, 13, 2013/05/24, 08:56:19.453, 1110152571784, QTAgent32.exe, Playback - [IMAGE] C:\Users\testuser\AppData\Local\Temp\UITestLogs\LastRun\RPF1417.png
\0
W, 3240, 13, 2013/05/24, 08:56:19.453, 1110152573332, QTAgent32.exe, Playback - [WARNING] Internal warning: Couldn't find descendants that match QueryId
\0
W, 3240, 13, 2013/05/24, 08:56:19.454, 1110152575915, QTAgent32.exe, PERF WARNING: FindTopLevelWindowHelper::FindAllDescendents: took 750 ms. Expected it to take maximum 500 ms.
W, 3240, 13, 2013/05/24, 08:56:37.648, 1110413085161, QTAgent32.exe, Playback - [WARNING] Internal warning: Window Not Found: [VisibleOnly]ControlType='Window' &amp;&amp; Name='Connect to www.insur-econnect.com'
\0
E, 3240, 13, 2013/05/24, 08:56:37.648, 1110413087052, QTAgent32.exe, &lt;a class=failure&gt;Playback - {117} [FAILED] Function ElementFetcher::FindScreenElement failed to locate UI element (Searching: ;[VisibleOnly]ControlType='Window' &amp;&amp; Name='Connect to www.insur-econnect.com') (The object specified was not found.)
\0&lt;/a&gt;
E, 3240, 13, 2013/05/24, 08:56:37.686, 1110413636749, QTAgent32.exe, Playback - [IMAGE] C:\Users\testuser\AppData\Local\Temp\UITestLogs\LastRun\RPF5B55.png
\0
W, 3240, 13, 2013/05/24, 08:56:37.686, 1110413638277, QTAgent32.exe, Playback - [WARNING] Internal warning: Couldn't find descendants that match QueryId
\0
W, 3240, 13, 2013/05/24, 08:56:37.686, 1110413640839, QTAgent32.exe, PERF WARNING: FindTopLevelWindowHelper::FindAllDescendents: took 18232 ms. Expected it to take maximum 500 ms.
W, 3240, 13, 2013/05/24, 08:56:38.166, 1110420513655, QTAgent32.exe, Playback - [WARNING] Internal warning: Smart Match failed
\0
W, 3240, 13, 2013/05/24, 08:56:38.403, 1110423896661, QTAgent32.exe, Playback - [WARNING] Internal warning: Smart Match failed
\0
W, 3240, 13, 2013/05/24, 08:56:38.624, 1110427054400, QTAgent32.exe, Playback - [WARNING] Internal warning: Smart Match failed
\0
W, 3240, 13, 2013/05/24, 08:56:38.845, 1110430227497, QTAgent32.exe, Playback - [WARNING] Internal warning: Smart Match failed
\0
W, 3240, 13, 2013/05/24, 08:56:39.073, 1110433487275, QTAgent32.exe, Playback - [WARNING] Internal warning: Smart Match failed
\0
W, 3240, 13, 2013/05/24, 08:56:39.299, 1110436730038, QTAgent32.exe, Playback - [WARNING] Internal warning: Smart Match failed
\0
W, 3240, 13, 2013/05/24, 08:56:39.526, 1110439980616, QTAgent32.exe, Playback - [WARNING] Internal warning: Smart Match failed
\0
W, 3240, 13, 2013/05/24, 08:56:39.748, 1110443152196, QTAgent32.exe, Playback - [WARNING] Internal warning: Smart Match failed
\0
W, 3240, 13, 2013/05/24, 08:56:39.975, 1110446411255, QTAgent32.exe, Playback - [WARNING] Internal warning: Smart Match failed
\0
W, 3240, 13, 2013/05/24, 08:56:40.200, 1110449627544, QTAgent32.exe, Playback - [WARNING] Internal warning: Smart Match failed
\0
W, 3240, 13, 2013/05/24, 08:56:40.429, 1110452909681, QTAgent32.exe, Playback - [WARNING] Internal warning: Smart Match failed
\0
W, 3240, 13, 2013/05/24, 08:56:40.656, 1110456160549, QTAgent32.exe, Playback - [WARNING] Internal warning: Smart Match failed
\0
W, 3240, 13, 2013/05/24, 08:56:40.773, 1110457834570, QTAgent32.exe, Playback - [WARNING] Internal warning: Window Not Found: [VisibleOnly]ControlType='Window' &amp;&amp; Name='Connect to www.insur-econnect.com'
\0
E, 3240, 13, 2013/05/24, 08:56:40.773, 1110457836195, QTAgent32.exe, &lt;a class=failure&gt;Playback - {118} [FAILED] Function ElementFetcher::FindScreenElement failed to locate UI element (Searching: ;[VisibleOnly]ControlType='Window' &amp;&amp; Name='Connect to www.insur-econnect.com') (The object specified was not found.)
\0&lt;/a&gt;
E, 3240, 13, 2013/05/24, 08:56:40.811, 1110458379467, QTAgent32.exe, Playback - [IMAGE] C:\Users\testuser\AppData\Local\Temp\UITestLogs\LastRun\RPF6786.png
\0
W, 3240, 13, 2013/05/24, 08:56:40.811, 1110458380918, QTAgent32.exe, Playback - [WARNING] Internal warning: Couldn't find descendants that match QueryId
\0
W, 3240, 13, 2013/05/24, 08:56:40.811, 1110458383267, QTAgent32.exe, PERF WARNING: FindTopLevelWindowHelper::FindAllDescendents: took 3124 ms. Expected it to take maximum 500 ms.
E, 3240, 13, 2013/05/24, 08:56:40.811, 1110458384835, QTAgent32.exe, Exception: System.Runtime.InteropServices.COMException
	Message: Error HRESULT E_FAIL has been returned from a call to a COM component.
	Stack Trace:    at Microsoft.VisualStudio.TestTools.UITest.Playback.Engine.IRPFPlayback.FindAllScreenElements(IScreenElement pScreenElementStart, String bstrQueryId, Object&amp; pvarResKeys, Int32 cResKeys, Int32 nMaxDepth, Object[]&amp; foundDescendants)
   at Microsoft.VisualStudio.TestTools.UITest.Playback.ScreenElement.FindTopLevelWindowHelper(String queryId)
	BaseExceptionMessage: Error HRESULT E_FAIL has been returned from a call to a COM component.

W, 3240, 13, 2013/05/24, 08:56:41.501, 1110468263591, QTAgent32.exe, Playback - [WARNING] Internal warning: Window Not Found: [VisibleOnly]ControlType='Window' &amp;&amp; Name='Windows Security'
\0
E, 3240, 13, 2013/05/24, 08:56:41.501, 1110468265360, QTAgent32.exe, &lt;a class=failure&gt;Playback - {119} [FAILED] Function ElementFetcher::FindScreenElement failed to locate UI element (Searching: ;[VisibleOnly]ControlType='Window' &amp;&amp; Name='Windows Security') (The object specified was not found.)
\0&lt;/a&gt;
E, 3240, 13, 2013/05/24, 08:56:41.538, 1110468794883, QTAgent32.exe, Playback - [IMAGE] C:\Users\testuser\AppData\Local\Temp\UITestLogs\LastRun\RPF6A64.png
\0
W, 3240, 13, 2013/05/24, 08:56:41.539, 1110468796786, QTAgent32.exe, Playback - [WARNING] Internal warning: Couldn't find descendants that match QueryId
\0
W, 3240, 13, 2013/05/24, 08:56:41.539, 1110468799099, QTAgent32.exe, PERF WARNING: FindTopLevelWindowHelper::FindAllDescendents: took 726 ms. Expected it to take maximum 500 ms.
W, 3240, 13, 2013/05/24, 08:56:59.570, 1110726967926, QTAgent32.exe, Playback - [WARNING] Internal warning: Window Not Found: [VisibleOnly]ControlType='Window' &amp;&amp; Name='Windows Security'
\0
E, 3240, 13, 2013/05/24, 08:56:59.570, 1110726969876, QTAgent32.exe, &lt;a class=failure&gt;Playback - {120} [FAILED] Function ElementFetcher::FindScreenElement failed to locate UI element (Searching: ;[VisibleOnly]ControlType='Window' &amp;&amp; Name='Windows Security') (The object specified was not found.)
\0&lt;/a&gt;
E, 3240, 13, 2013/05/24, 08:56:59.609, 1110727530128, QTAgent32.exe, Playback - [IMAGE] C:\Users\testuser\AppData\Local\Temp\UITestLogs\LastRun\RPFB0F6.png
\0
W, 3240, 13, 2013/05/24, 08:56:59.609, 1110727531691, QTAgent32.exe, Playback - [WARNING] Internal warning: Couldn't find descendants that match QueryId
\0
W, 3240, 13, 2013/05/24, 08:56:59.609, 1110727534111, QTAgent32.exe, PERF WARNING: FindTopLevelWindowHelper::FindAllDescendents: took 18070 ms. Expected it to take maximum 500 ms.
W, 3240, 13, 2013/05/24, 08:57:00.068, 1110734107366, QTAgent32.exe, Playback - [WARNING] Internal warning: Smart Match failed
\0
W, 3240, 13, 2013/05/24, 08:57:00.295, 1110737347490, QTAgent32.exe, Playback - [WARNING] Internal warning: Smart Match failed
\0
W, 3240, 13, 2013/05/24, 08:57:00.517, 1110740525412, QTAgent32.exe, Playback - [WARNING] Internal warning: Smart Match failed
\0
W, 3240, 13, 2013/05/24, 08:57:00.740, 1110743721591, QTAgent32.exe, Playback - [WARNING] Internal warning: Smart Match failed
\0
W, 3240, 13, 2013/05/24, 08:57:00.963, 1110746924950, QTAgent32.exe, Playback - [WARNING] Internal warning: Smart Match failed
\0
W, 3240, 13, 2013/05/24, 08:57:01.184, 1110750090268, QTAgent32.exe, Playback - [WARNING] Internal warning: Smart Match failed
\0
W, 3240, 13, 2013/05/24, 08:57:01.408, 1110753293734, QTAgent32.exe, Playback - [WARNING] Internal warning: Smart Match failed
\0
W, 3240, 13, 2013/05/24, 08:57:01.628, 1110756446931, QTAgent32.exe, Playback - [WARNING] Internal warning: Smart Match failed
\0
W, 3240, 13, 2013/05/24, 08:57:01.851, 1110759635382, QTAgent32.exe, Playback - [WARNING] Internal warning: Smart Match failed
\0
W, 3240, 13, 2013/05/24, 08:57:02.070, 1110762766045, QTAgent32.exe, Playback - [WARNING] Internal warning: Smart Match failed
\0
W, 3240, 13, 2013/05/24, 08:57:02.287, 1110765865978, QTAgent32.exe, Playback - [WARNING] Internal warning: Smart Match failed
\0
W, 3240, 13, 2013/05/24, 08:57:02.503, 1110768966748, QTAgent32.exe, Playback - [WARNING] Internal warning: Smart Match failed
\0
W, 3240, 13, 2013/05/24, 08:57:02.724, 1110772133041, QTAgent32.exe, Playback - [WARNING] Internal warning: Smart Match failed
\0
W, 3240, 13, 2013/05/24, 08:57:02.843, 1110773830706, QTAgent32.exe, Playback - [WARNING] Internal warning: Window Not Found: [VisibleOnly]ControlType='Window' &amp;&amp; Name='Windows Security'
\0
E, 3240, 13, 2013/05/24, 08:57:02.843, 1110773832488, QTAgent32.exe, &lt;a class=failure&gt;Playback - {121} [FAILED] Function ElementFetcher::FindScreenElement failed to locate UI element (Searching: ;[VisibleOnly]ControlType='Window' &amp;&amp; Name='Windows Security') (The object specified was not found.)
\0&lt;/a&gt;
E, 3240, 13, 2013/05/24, 08:57:02.881, 1110774373384, QTAgent32.exe, Playback - [IMAGE] C:\Users\testuser\AppData\Local\Temp\UITestLogs\LastRun\RPFBDC3.png
\0
W, 3240, 13, 2013/05/24, 08:57:02.881, 1110774375083, QTAgent32.exe, Playback - [WARNING] Internal warning: Couldn't find descendants that match QueryId
\0
W, 3240, 13, 2013/05/24, 08:57:02.881, 1110774377503, QTAgent32.exe, PERF WARNING: FindTopLevelWindowHelper::FindAllDescendents: took 3271 ms. Expected it to take maximum 500 ms.
E, 3240, 13, 2013/05/24, 08:57:02.881, 1110774379461, QTAgent32.exe, Exception: System.Runtime.InteropServices.COMException
	Message: Error HRESULT E_FAIL has been returned from a call to a COM component.
	Stack Trace:    at Microsoft.VisualStudio.TestTools.UITest.Playback.Engine.IRPFPlayback.FindAllScreenElements(IScreenElement pScreenElementStart, String bstrQueryId, Object&amp; pvarResKeys, Int32 cResKeys, Int32 nMaxDepth, Object[]&amp; foundDescendants)
   at Microsoft.VisualStudio.TestTools.UITest.Playback.ScreenElement.FindTopLevelWindowHelper(String queryId)
	BaseExceptionMessage: Error HRESULT E_FAIL has been returned from a call to a COM component.

E, 3240, 13, 2013/05/24, 08:57:02.981, 1110775815607, QTAgent32.exe, AL: Playback Error: Microsoft.VisualStudio.TestTools.UITest.Extension.UITestControlNotFoundException: The playback failed to find the control with the given search properties. Additional Details: 
TechnologyName:  'MSAA'
ControlType:  'Window'
Name:  'Windows Security'
 ---&gt; System.Runtime.InteropServices.COMException: Error HRESULT E_FAIL has been returned from a call to a COM component.
   at Microsoft.VisualStudio.TestTools.UITest.Playback.Engine.IRPFPlayback.FindAllScreenElements(IScreenElement pScreenElementStart, String bstrQueryId, Object&amp; pvarResKeys, Int32 cResKeys, Int32 nMaxDepth, Object[]&amp; foundDescendants)
   at Microsoft.VisualStudio.TestTools.UITest.Playback.ScreenElement.FindTopLevelWindowHelper(String queryId)
   at Microsoft.VisualStudio.TestTools.UITest.Playback.ScreenElement.FindFromPartialQueryId(String queryId)
   at Microsoft.VisualStudio.TestTools.UITesting.UITestControl..ctor(String queryId)
   --- End of inner exception stack trace ---
   at Microsoft.VisualStudio.TestTools.UITesting.Playback.MapControlNotFoundException(COMException ex, IPlaybackContext context)
   at Microsoft.VisualStudio.TestTools.UITesting.Playback.MapAndThrowComException(COMException innerException, IPlaybackContext context)
   at Microsoft.VisualStudio.TestTools.UITesting.Playback.MapAndThrowException(SystemException exception, IPlaybackContext context)
   at Microsoft.VisualStudio.TestTools.UITesting.Playback.MapAndThrowException(SystemException exception, String queryId)
   at Microsoft.VisualStudio.TestTools.UITesting.UITestControl..ctor(String queryId)
   at Microsoft.VisualStudio.TestTools.UITesting.SearchHelper.SearchTopLevelWindow(ISearchArgument topLevelSearchArg, String topLevelElementQueryId)
   at Microsoft.VisualStudio.TestTools.UITesting.SearchHelper.GetTitleUpdatedTopLevelWindow(ISearchArgument topLevelSearchArg, String queryId, IList`1 windowTitles)
   at Microsoft.VisualStudio.TestTools.UITesting.SearchHelper.GetTopLevelElement(Boolean useCache, Boolean useCacheOnly, ISearchArgument searchArg, IList`1 windowTitles, Int32&amp; timeLeft)
   at Microsoft.VisualStudio.TestTools.UITesting.SearchHelper.GetElement(Boolean useCache, ISearchArgument searchArg)
   at Microsoft.VisualStudio.TestTools.UITesting.SearchHelper.Search(ISearchArgument searchArg)
   at Microsoft.VisualStudio.TestTools.UITesting.UITestControl.FindInternal()
   at Microsoft.VisualStudio.TestTools.UITesting.UITestControl.FindControlIfNecessary()
   at Microsoft.VisualStudio.TestTools.UITesting.UITestControl.SendKeys(String text, ModifierKeys modifierKeys, Boolean isEncoded, Boolean isUnicode)
   at Microsoft.VisualStudio.TestTools.UITesting.Keyboard.SendKeysImplementation(UITestControl control, String text, ModifierKeys modifierKeys, Boolean isEncoded, Boolean isUnicode)
   at Microsoft.VisualStudio.TestTools.UITesting.Keyboard.SendKeysImplementationWrapper(UITestControl control, String text, ModifierKeys modifierKeys, Boolean isEncoded, Boolean isUnicode)
W, 3240, 13, 2013/05/24, 08:57:02.982, 1110775817424, QTAgent32.exe, PlaybackErrorHandler: Ignoring exception as ContinueOnError is set.
W, 3240, 13, 2013/05/24, 08:57:03.697, 1110786059787, QTAgent32.exe, Playback - [WARNING] Internal warning: Window Not Found: [VisibleOnly]ControlType='Window' &amp;&amp; Name='Windows Security'
\0
E, 3240, 13, 2013/05/24, 08:57:03.697, 1110786061664, QTAgent32.exe, &lt;a class=failure&gt;Playback - {122} [FAILED] Function ElementFetcher::FindScreenElement failed to locate UI element (Searching: ;[VisibleOnly]ControlType='Window' &amp;&amp; Name='Windows Security') (The object specified was not found.)
\0&lt;/a&gt;
E, 3240, 13, 2013/05/24, 08:57:03.735, 1110786612800, QTAgent32.exe, Playback - [IMAGE] C:\Users\testuser\AppData\Local\Temp\UITestLogs\LastRun\RPFC11E.png
\0
W, 3240, 13, 2013/05/24, 08:57:03.736, 1110786614705, QTAgent32.exe, Playback - [WARNING] Internal warning: Couldn't find descendants that match QueryId
\0
W, 3240, 13, 2013/05/24, 08:57:03.736, 1110786617129, QTAgent32.exe, PERF WARNING: FindTopLevelWindowHelper::FindAllDescendents: took 754 ms. Expected it to take maximum 500 ms.
W, 3240, 13, 2013/05/24, 08:57:21.748, 1111044514275, QTAgent32.exe, Playback - [WARNING] Internal warning: Window Not Found: [VisibleOnly]ControlType='Window' &amp;&amp; Name='Windows Security'
\0
E, 3240, 13, 2013/05/24, 08:57:21.748, 1111044516064, QTAgent32.exe, &lt;a class=failure&gt;Playback - {123} [FAILED] Function ElementFetcher::FindScreenElement failed to locate UI element (Searching: ;[VisibleOnly]ControlType='Window' &amp;&amp; Name='Windows Security') (The object specified was not found.)
\0&lt;/a&gt;
E, 3240, 13, 2013/05/24, 08:57:21.789, 1111045104697, QTAgent32.exe, Playback - [IMAGE] C:\Users\testuser\AppData\Local\Temp\UITestLogs\LastRun\RPF7A0.png
\0
W, 3240, 13, 2013/05/24, 08:57:21.789, 1111045106282, QTAgent32.exe, Playback - [WARNING] Internal warning: Couldn't find descendants that match QueryId
\0
W, 3240, 13, 2013/05/24, 08:57:21.789, 1111045108701, QTAgent32.exe, PERF WARNING: FindTopLevelWindowHelper::FindAllDescendents: took 18053 ms. Expected it to take maximum 500 ms.
W, 3240, 13, 2013/05/24, 08:57:22.248, 1111051681412, QTAgent32.exe, Playback - [WARNING] Internal warning: Smart Match failed
\0
W, 3240, 13, 2013/05/24, 08:57:22.471, 1111054877472, QTAgent32.exe, Playback - [WARNING] Internal warning: Smart Match failed
\0
W, 3240, 13, 2013/05/24, 08:57:22.689, 1111057989100, QTAgent32.exe, Playback - [WARNING] Internal warning: Smart Match failed
\0
W, 3240, 13, 2013/05/24, 08:57:22.913, 1111061196563, QTAgent32.exe, Playback - [WARNING] Internal warning: Smart Match failed
\0
W, 3240, 13, 2013/05/24, 08:57:23.139, 1111064431838, QTAgent32.exe, Playback - [WARNING] Internal warning: Smart Match failed
\0
W, 3240, 13, 2013/05/24, 08:57:23.369, 1111067726851, QTAgent32.exe, Playback - [WARNING] Internal warning: Smart Match failed
\0
W, 3240, 13, 2013/05/24, 08:57:23.595, 1111070969838, QTAgent32.exe, Playback - [WARNING] Internal warning: Smart Match failed
\0
W, 3240, 13, 2013/05/24, 08:57:23.817, 1111074143033, QTAgent32.exe, Playback - [WARNING] Internal warning: Smart Match failed
\0
W, 3240, 13, 2013/05/24, 08:57:24.038, 1111077311463, QTAgent32.exe, Playback - [WARNING] Internal warning: Smart Match failed
\0
W, 3240, 13, 2013/05/24, 08:57:24.262, 1111080521588, QTAgent32.exe, Playback - [WARNING] Internal warning: Smart Match failed
\0
W, 3240, 13, 2013/05/24, 08:57:24.486, 1111083722497, QTAgent32.exe, Playback - [WARNING] Internal warning: Smart Match failed
\0
W, 3240, 13, 2013/05/24, 08:57:24.708, 1111086909466, QTAgent32.exe, Playback - [WARNING] Internal warning: Smart Match failed
\0
W, 3240, 13, 2013/05/24, 08:57:24.826, 1111088599118, QTAgent32.exe, Playback - [WARNING] Internal warning: Window Not Found: [VisibleOnly]ControlType='Window' &amp;&amp; Name='Windows Security'
\0
E, 3240, 13, 2013/05/24, 08:57:24.826, 1111088600972, QTAgent32.exe, &lt;a class=failure&gt;Playback - {124} [FAILED] Function ElementFetcher::FindScreenElement failed to locate UI element (Searching: ;[VisibleOnly]ControlType='Window' &amp;&amp; Name='Windows Security') (The object specified was not found.)
\0&lt;/a&gt;
E, 3240, 13, 2013/05/24, 08:57:24.864, 1111089144825, QTAgent32.exe, Playback - [IMAGE] C:\Users\testuser\AppData\Local\Temp\UITestLogs\LastRun\RPF13A3.png
\0
W, 3240, 13, 2013/05/24, 08:57:24.865, 1111089146545, QTAgent32.exe, Playback - [WARNING] Internal warning: Couldn't find descendants that match QueryId
\0
W, 3240, 13, 2013/05/24, 08:57:24.865, 1111089148910, QTAgent32.exe, PERF WARNING: FindTopLevelWindowHelper::FindAllDescendents: took 3075 ms. Expected it to take maximum 500 ms.
E, 3240, 13, 2013/05/24, 08:57:24.865, 1111089150590, QTAgent32.exe, Exception: System.Runtime.InteropServices.COMException
	Message: Error HRESULT E_FAIL has been returned from a call to a COM component.
	Stack Trace:    at Microsoft.VisualStudio.TestTools.UITest.Playback.Engine.IRPFPlayback.FindAllScreenElements(IScreenElement pScreenElementStart, String bstrQueryId, Object&amp; pvarResKeys, Int32 cResKeys, Int32 nMaxDepth, Object[]&amp; foundDescendants)
   at Microsoft.VisualStudio.TestTools.UITest.Playback.ScreenElement.FindTopLevelWindowHelper(String queryId)
	BaseExceptionMessage: Error HRESULT E_FAIL has been returned from a call to a COM component.

E, 3240, 13, 2013/05/24, 08:57:24.965, 1111090589097, QTAgent32.exe, AL: Playback Error: Microsoft.VisualStudio.TestTools.UITest.Extension.UITestControlNotFoundException: The playback failed to find the control with the given search properties. Additional Details: 
TechnologyName:  'MSAA'
ControlType:  'Window'
Name:  'Windows Security'
 ---&gt; System.Runtime.InteropServices.COMException: Error HRESULT E_FAIL has been returned from a call to a COM component.
   at Microsoft.VisualStudio.TestTools.UITest.Playback.Engine.IRPFPlayback.FindAllScreenElements(IScreenElement pScreenElementStart, String bstrQueryId, Object&amp; pvarResKeys, Int32 cResKeys, Int32 nMaxDepth, Object[]&amp; foundDescendants)
   at Microsoft.VisualStudio.TestTools.UITest.Playback.ScreenElement.FindTopLevelWindowHelper(String queryId)
   at Microsoft.VisualStudio.TestTools.UITest.Playback.ScreenElement.FindFromPartialQueryId(String queryId)
   at Microsoft.VisualStudio.TestTools.UITesting.UITestControl..ctor(String queryId)
   --- End of inner exception stack trace ---
   at Microsoft.VisualStudio.TestTools.UITesting.Playback.MapControlNotFoundException(COMException ex, IPlaybackContext context)
   at Microsoft.VisualStudio.TestTools.UITesting.Playback.MapAndThrowComException(COMException innerException, IPlaybackContext context)
   at Microsoft.VisualStudio.TestTools.UITesting.Playback.MapAndThrowException(SystemException exception, IPlaybackContext context)
   at Microsoft.VisualStudio.TestTools.UITesting.Playback.MapAndThrowException(SystemException exception, String queryId)
   at Microsoft.VisualStudio.TestTools.UITesting.UITestControl..ctor(String queryId)
   at Microsoft.VisualStudio.TestTools.UITesting.SearchHelper.SearchTopLevelWindow(ISearchArgument topLevelSearchArg, String topLevelElementQueryId)
   at Microsoft.VisualStudio.TestTools.UITesting.SearchHelper.GetTitleUpdatedTopLevelWindow(ISearchArgument topLevelSearchArg, String queryId, IList`1 windowTitles)
   at Microsoft.VisualStudio.TestTools.UITesting.SearchHelper.GetTopLevelElement(Boolean useCache, Boolean useCacheOnly, ISearchArgument searchArg, IList`1 windowTitles, Int32&amp; timeLeft)
   at Microsoft.VisualStudio.TestTools.UITesting.SearchHelper.GetElement(Boolean useCache, ISearchArgument searchArg)
   at Microsoft.VisualStudio.TestTools.UITesting.SearchHelper.Search(ISearchArgument searchArg)
   at Microsoft.VisualStudio.TestTools.UITesting.UITestControl.FindInternal()
   at Microsoft.VisualStudio.TestTools.UITesting.UITestControl.FindControlIfNecessary()
   at Microsoft.VisualStudio.TestTools.UITesting.UITestControl.Click(MouseButtons button, ModifierKeys modifierKeys, Point relativeCoordinates)
   at Microsoft.VisualStudio.TestTools.UITesting.Mouse.ClickImplementation(UITestControl control, MouseButtons button, ModifierKeys modifierKeys, Point relativeCoordinate)
   at Microsoft.VisualStudio.TestTools.UITesting.Mouse.ClickImplementationWrapper(UITestControl control, MouseButtons button, ModifierKeys modifierKeys, Point relativeCoordinate)
W, 3240, 13, 2013/05/24, 08:57:24.965, 1111090590659, QTAgent32.exe, PlaybackErrorHandler: Ignoring exception as ContinueOnError is set.
W, 3240, 13, 2013/05/24, 08:57:25.287, 1111095196491, QTAgent32.exe, &lt;a class=success&gt;Playback - {125} [SUCCESS] MouseButtonClick - "[Web]ControlType='Hyperlink' &amp;&amp; TagName='A' &amp;&amp; Id='' &amp;&amp; Name='' &amp;&amp; Target='' &amp;&amp; InnerText='Renewals Maintenance' &amp;&amp; FilterCondition(AbsolutePath='/sysmaint/content/leftbar.asp', Title='', Href='https://www.insur-econnect.com/sysmaint/content/leftbar.asp#', Class='', ControlDefinition='style="COLOR: white" href="#"', TagInstance='39')"
\0&lt;/a&gt;
W, 3240, 13, 2013/05/24, 08:57:25.598, 1111099644763, QTAgent32.exe, &lt;a class=success&gt;Playback - {126} [SUCCESS] MouseButtonClick - "[Web]ControlType='Hyperlink' &amp;&amp; TagName='A' &amp;&amp; Id='' &amp;&amp; Name='' &amp;&amp; Target='content' &amp;&amp; InnerText='Create a Household Test Renewal Invitation' &amp;&amp; FilterCondition(AbsolutePath='/sysmaint/content/AddHouseholdTestRenewalNotice.asp', Title='', Href='https://www.insur-econnect.com/sysmaint/content/AddHouseholdTestRenewalNotice.asp', Class='itemlink', ControlDefinition='class=itemlink href="AddHouseholdTestRen', TagInstance='2')"
\0&lt;/a&gt;
E, 3240, 13, 2013/05/24, 08:57:26.939, 1111118839239, QTAgent32.exe, Exception: System.NotSupportedException
	Message: Internal Error: This method on IEWebControlElement should not get called.
	Stack Trace:    at Microsoft.VisualStudio.TestTools.UITest.Extension.IE.BrowserOptionElementNode.InvokeProgrammaticAction(ProgrammaticActionOption programmaticActionOption)
	BaseExceptionMessage: Internal Error: This method on IEWebControlElement should not get called.

W, 3240, 13, 2013/05/24, 08:57:27.158, 1111121982961, QTAgent32.exe, &lt;a class=success&gt;Playback - {127} [SUCCESS] SetValueAsComboBox "Covea Insurance plc (formerly MMA)" - "[Web]ControlType='ComboBox' &amp;&amp; TagName='SELECT' &amp;&amp; Id='InsurerID' &amp;&amp; Name='InsurerID' &amp;&amp; FilterCondition(Size='0', LabeledBy='', Title='', ItemCount='54', Class='', ControlDefinition='id=InsurerID onchange=selectInsurer() na', TagInstance='1')"  &lt; SetValueAsComboBox, set by clicking on the item in the list box &gt;
\0&lt;/a&gt;
W, 3240, 13, 2013/05/24, 08:57:27.648, 1111128991150, QTAgent32.exe, &lt;a class=success&gt;Playback - {128} [SUCCESS] SetValueAsEditBox "81588888001773" - "[Web]ControlType='Edit' &amp;&amp; TagName='INPUT' &amp;&amp; Id='' &amp;&amp; Name='txtPolicyNumber' &amp;&amp; LabeledBy='' &amp;&amp; Type='SINGLELINE' &amp;&amp; FilterCondition(Title='', Class='', ControlDefinition='onchange=enableButtons() name=txtPolicyN', TagInstance='1')"  &lt; Set via SendKeys &gt;
\0&lt;/a&gt;
W, 3240, 13, 2013/05/24, 08:57:27.867, 1111132129209, QTAgent32.exe, &lt;a class=success&gt;Playback - {129} [SUCCESS] SendKeys "^{HOME}" - "[Web]ControlType='Edit' &amp;&amp; TagName='INPUT' &amp;&amp; Id='' &amp;&amp; Name='txtRenewalDate' &amp;&amp; LabeledBy='' &amp;&amp; Type='SINGLELINE' &amp;&amp; FilterCondition(Title='', Class='', ControlDefinition='onchange=enableButtons() name=txtRenewal', TagInstance='2')"
\0&lt;/a&gt;
E, 3240, 13, 2013/05/24, 08:57:27.867, 1111132131058, QTAgent32.exe, Msaa.GetFocusedElement: could not find accessible object of foreground window
W, 3240, 13, 2013/05/24, 08:57:28.060, 1111134894215, QTAgent32.exe, &lt;a class=success&gt;Playback - {130} [SUCCESS] SendKeys "^+{END}" - "[Web]ControlType='Edit' &amp;&amp; TagName='INPUT' &amp;&amp; Id='' &amp;&amp; Name='txtRenewalDate' &amp;&amp; LabeledBy='' &amp;&amp; Type='SINGLELINE' &amp;&amp; FilterCondition(Title='', Class='', ControlDefinition='onchange=enableButtons() name=txtRenewal', TagInstance='2')"
\0&lt;/a&gt;
E, 3240, 13, 2013/05/24, 08:57:28.060, 1111134896182, QTAgent32.exe, Msaa.GetFocusedElement: could not find accessible object of foreground window
W, 3240, 13, 2013/05/24, 08:57:28.155, 1111136260412, QTAgent32.exe, &lt;a class=success&gt;Playback - {131} [SUCCESS] SendKeys "{DELETE}" - "[Web]ControlType='Edit' &amp;&amp; TagName='INPUT' &amp;&amp; Id='' &amp;&amp; Name='txtRenewalDate' &amp;&amp; LabeledBy='' &amp;&amp; Type='SINGLELINE' &amp;&amp; FilterCondition(Title='', Class='', ControlDefinition='onchange=enableButtons() name=txtRenewal', TagInstance='2')"
\0&lt;/a&gt;
W, 3240, 13, 2013/05/24, 08:57:28.420, 1111140053305, QTAgent32.exe, &lt;a class=success&gt;Playback - {132} [SUCCESS] SetValueAsEditBox "31/05/2013" - "[Web]ControlType='Edit' &amp;&amp; TagName='INPUT' &amp;&amp; Id='' &amp;&amp; Name='txtRenewalDate' &amp;&amp; LabeledBy='' &amp;&amp; Type='SINGLELINE' &amp;&amp; FilterCondition(Title='', Class='', ControlDefinition='onchange=enableButtons() name=txtRenewal', TagInstance='2')"  &lt; Set via SendKeys &gt;
\0&lt;/a&gt;
W, 3240, 13, 2013/05/24, 08:57:28.607, 1111142725184, QTAgent32.exe, &lt;a class=success&gt;Playback - {133} [SUCCESS] SendKeys "^{HOME}" - "[Web]ControlType='Edit' &amp;&amp; TagName='INPUT' &amp;&amp; Id='' &amp;&amp; Name='txtAutoLapseDate' &amp;&amp; LabeledBy='' &amp;&amp; Type='SINGLELINE' &amp;&amp; FilterCondition(Title='', Class='', ControlDefinition='onchange=enableButtons() name=txtAutoLap', TagInstance='4')"
\0&lt;/a&gt;
E, 3240, 13, 2013/05/24, 08:57:28.607, 1111142726980, QTAgent32.exe, Msaa.GetFocusedElement: could not find accessible object of foreground window
W, 3240, 13, 2013/05/24, 08:57:28.718, 1111144327238, QTAgent32.exe, &lt;a class=success&gt;Playback - {134} [SUCCESS] SendKeys "^+{END}" - "[Web]ControlType='Edit' &amp;&amp; TagName='INPUT' &amp;&amp; Id='' &amp;&amp; Name='txtAutoLapseDate' &amp;&amp; LabeledBy='' &amp;&amp; Type='SINGLELINE' &amp;&amp; FilterCondition(Title='', Class='', ControlDefinition='onchange=enableButtons() name=txtAutoLap', TagInstance='4')"
\0&lt;/a&gt;
E, 3240, 13, 2013/05/24, 08:57:28.719, 1111144329401, QTAgent32.exe, Msaa.GetFocusedElement: could not find accessible object of foreground window
W, 3240, 13, 2013/05/24, 08:57:28.794, 1111145409103, QTAgent32.exe, &lt;a class=success&gt;Playback - {135} [SUCCESS] SendKeys "{DELETE}" - "[Web]ControlType='Edit' &amp;&amp; TagName='INPUT' &amp;&amp; Id='' &amp;&amp; Name='txtAutoLapseDate' &amp;&amp; LabeledBy='' &amp;&amp; Type='SINGLELINE' &amp;&amp; FilterCondition(Title='', Class='', ControlDefinition='onchange=enableButtons() name=txtAutoLap', TagInstance='4')"
\0&lt;/a&gt;
W, 3240, 13, 2013/05/24, 08:57:29.046, 1111149017233, QTAgent32.exe, &lt;a class=success&gt;Playback - {136} [SUCCESS] SetValueAsEditBox "31/05/2013" - "[Web]ControlType='Edit' &amp;&amp; TagName='INPUT' &amp;&amp; Id='' &amp;&amp; Name='txtAutoLapseDate' &amp;&amp; LabeledBy='' &amp;&amp; Type='SINGLELINE' &amp;&amp; FilterCondition(Title='', Class='', ControlDefinition='onchange=enableButtons() name=txtAutoLap', TagInstance='4')"  &lt; Set via SendKeys &gt;
\0&lt;/a&gt;
W, 3240, 13, 2013/05/24, 08:57:29.440, 1111154652808, QTAgent32.exe, &lt;a class=success&gt;Playback - {137} [SUCCESS] MouseButtonClick - "[Web]ControlType='Edit' &amp;&amp; TagName='TEXTAREA' &amp;&amp; Id='' &amp;&amp; Name='txtClientXml' &amp;&amp; LabeledBy='' &amp;&amp; FilterCondition(Title='', Class='', ControlDefinition='onchange=enableButtons() wrap=off cols=5', TagInstance='1')"
\0&lt;/a&gt;
W, 3240, 13, 2013/05/24, 08:57:29.827, 1111160199048, QTAgent32.exe, &lt;a class=success&gt;Playback - {138} [SUCCESS] MouseButtonClick - "[Web]ControlType='Button' &amp;&amp; TagName='INPUT' &amp;&amp; Id='getXmlButton' &amp;&amp; Name='getXmlButton' &amp;&amp; FilterCondition(DisplayText='Get XML from Server', Type='button', Title='Click to get xml from server', Class='', ControlDefinition='id=getXmlButton title="Click to get xml ', TagInstance='5')"
\0&lt;/a&gt;
W, 3240, 13, 2013/05/24, 08:57:30.370, 1111167965793, QTAgent32.exe, &lt;a class=success&gt;Playback - {139} [SUCCESS] MouseButtonClick - "[Web]ControlType='Button' &amp;&amp; TagName='INPUT' &amp;&amp; Id='buttonCreate' &amp;&amp; Name='buttonCreate' &amp;&amp; FilterCondition(DisplayText='  Create Record  ', Type='button', Title='Click to create the new record', Class='', ControlDefinition='id=buttonCreate title="Click to create t', TagInstance='6')"
\0&lt;/a&gt;
W, 3240, 13, 2013/05/24, 08:57:30.615, 1111171485037, QTAgent32.exe, &lt;a class=success&gt;Playback - {140} [SUCCESS] MouseButtonClick - "[MSAA, VisibleOnly]ControlType='Button' &amp;&amp; Name='OK'"
\0&lt;/a&gt;
W, 3240, 13, 2013/05/24, 08:57:35.785, 1111245507035, QTAgent32.exe, &lt;a class=success&gt;Playback - {141} [SUCCESS] TypeString "%({F4})"
\0&lt;/a&gt;
W, 3240, 13, 2013/05/24, 08:57:35.981, 1111248308056, QTAgent32.exe, &lt;a class=success&gt;Playback - {142} [SUCCESS] SendKeys "^{HOME}" - "[MSAA, VisibleOnly]ControlType='Edit'"
\0&lt;/a&gt;
E, 3240, 13, 2013/05/24, 08:57:35.981, 1111248309904, QTAgent32.exe, Msaa.GetFocusedElement: could not find accessible object of foreground window
W, 3240, 13, 2013/05/24, 08:57:36.045, 1111249224814, QTAgent32.exe, &lt;a class=success&gt;Playback - {143} [SUCCESS] SendKeys "^+{END}" - "[MSAA, VisibleOnly]ControlType='Edit'"
\0&lt;/a&gt;
E, 3240, 13, 2013/05/24, 08:57:36.045, 1111249226835, QTAgent32.exe, Msaa.GetFocusedElement: could not find accessible object of foreground window
W, 3240, 13, 2013/05/24, 08:57:36.057, 1111249403958, QTAgent32.exe, &lt;a class=success&gt;Playback - {144} [SUCCESS] SendKeys "{DELETE}" - "[MSAA, VisibleOnly]ControlType='Edit'"
\0&lt;/a&gt;
W, 3240, 13, 2013/05/24, 08:57:36.286, 1111252680855, QTAgent32.exe, &lt;a class=success&gt;Playback - {145} [SUCCESS] SetValueAsEditBox "31/05/2012" - "[MSAA, VisibleOnly]ControlType='Edit'"  &lt; Set via SendKeys &gt;
\0&lt;/a&gt;
W, 3240, 13, 2013/05/24, 08:57:36.639, 1111257739905, QTAgent32.exe, &lt;a class=success&gt;Playback - {146} [SUCCESS] MouseButtonClick - "[MSAA, VisibleOnly]ControlType='Button' &amp;&amp; Name='OK'"
\0&lt;/a&gt;
W, 3240, 13, 2013/05/24, 08:57:37.612, 1111271660520, QTAgent32.exe, &lt;a class=success&gt;Playback - {147} [SUCCESS] MouseButtonClick - "[MSAA, VisibleOnly]ControlType='Client'"
\0&lt;/a&gt;
W, 3240, 13, 2013/05/24, 08:57:37.900, 1111275787328, QTAgent32.exe, &lt;a class=success&gt;Playback - {148} [SUCCESS] MouseButtonClick - "[MSAA, VisibleOnly]ControlType='Client'"
\0&lt;/a&gt;
W, 3240, 13, 2013/05/24, 08:57:38.701, 1111287250980, QTAgent32.exe, &lt;a class=success&gt;Playback - {149} [SUCCESS] SetValueAsEditBox "AUTO147" - "[MSAA, VisibleOnly]ControlType='Edit'"  &lt; Set via SendKeys &gt;
\0&lt;/a&gt;
W, 3240, 13, 2013/05/24, 08:57:38.946, 1111290769469, QTAgent32.exe, &lt;a class=success&gt;Playback - {150} [SUCCESS] SetValueAsEditBox "-1001" - "[MSAA, VisibleOnly]ControlType='Edit'"  &lt; Set via SendKeys &gt;
\0&lt;/a&gt;
W, 3240, 13, 2013/05/24, 08:57:39.218, 1111294656339, QTAgent32.exe, Playback - [WARNING] Internal warning: Incorrect flag set for InvokeProgrammaticAction\0
W, 3240, 13, 2013/05/24, 08:57:39.336, 1111296350478, QTAgent32.exe, &lt;a class=success&gt;Playback - {151} [SUCCESS] SetValueAsComboBox "Household" - "[MSAA, VisibleOnly]ControlType='ComboBox'"  &lt; SetValueAsComboBox, set by clicking on the item in the list box &gt;
\0&lt;/a&gt;
W, 3240, 13, 2013/05/24, 08:57:39.503, 1111298742591, QTAgent32.exe, &lt;a class=success&gt;Playback - {152} [SUCCESS] SendKeys "^{HOME}" - "[MSAA, VisibleOnly]ControlType='Edit'"
\0&lt;/a&gt;
E, 3240, 13, 2013/05/24, 08:57:39.503, 1111298744518, QTAgent32.exe, Msaa.GetFocusedElement: could not find accessible object of foreground window
W, 3240, 13, 2013/05/24, 08:57:39.557, 1111299508234, QTAgent32.exe, &lt;a class=success&gt;Playback - {153} [SUCCESS] SendKeys "^+{END}" - "[MSAA, VisibleOnly]ControlType='Edit'"
\0&lt;/a&gt;
E, 3240, 13, 2013/05/24, 08:57:39.557, 1111299509790, QTAgent32.exe, Msaa.GetFocusedElement: could not find accessible object of foreground window
W, 3240, 13, 2013/05/24, 08:57:39.570, 1111299702406, QTAgent32.exe, &lt;a class=success&gt;Playback - {154} [SUCCESS] SendKeys "{DELETE}" - "[MSAA, VisibleOnly]ControlType='Edit'"
\0&lt;/a&gt;
W, 3240, 13, 2013/05/24, 08:57:39.788, 1111302826455, QTAgent32.exe, &lt;a class=success&gt;Playback - {155} [SUCCESS] SetValueAsEditBox "31/05/2012" - "[MSAA, VisibleOnly]ControlType='Edit'"  &lt; Set via SendKeys &gt;
\0&lt;/a&gt;
W, 3240, 13, 2013/05/24, 08:57:40.026, 1111306224479, QTAgent32.exe, &lt;a class=success&gt;Playback - {156} [SUCCESS] MouseButtonClick - "[MSAA, VisibleOnly]ControlType='Button' &amp;&amp; Name='Regress'"
\0&lt;/a&gt;
W, 3240, 13, 2013/05/24, 08:57:40.372, 1111311178850, QTAgent32.exe, &lt;a class=success&gt;Playback - {157} [SUCCESS] MouseButtonClick - "[MSAA, VisibleOnly]ControlType='Button' &amp;&amp; Name='Exit'"
\0&lt;/a&gt;
W, 3240, 13, 2013/05/24, 08:57:40.632, 1111314912081, QTAgent32.exe, &lt;a class=success&gt;Playback - {158} [SUCCESS] MouseButtonClick - "[MSAA, VisibleOnly]ControlType='Button'"
\0&lt;/a&gt;
W, 3240, 13, 2013/05/24, 08:57:40.861, 1111318192393, QTAgent32.exe, &lt;a class=success&gt;Playback - {159} [SUCCESS] MouseButtonClick - "[MSAA, VisibleOnly]ControlType='Button' &amp;&amp; Name='Options'"
\0&lt;/a&gt;
W, 3240, 13, 2013/05/24, 08:57:40.961, 1111319623926, QTAgent32.exe, FindScreenElementInSinglePass : Attempting to find control in one pass of search. Failures can occur.
W, 3240, 13, 2013/05/24, 08:57:41.118, 1111321869092, QTAgent32.exe, &lt;a class=success&gt;Playback - {160} [SUCCESS] MouseButtonClick - "[MSAA]ControlType='MenuItem' &amp;&amp; Name='Links'"
\0&lt;/a&gt;
W, 3240, 13, 2013/05/24, 08:57:41.218, 1111323305667, QTAgent32.exe, FindScreenElementInSinglePass : Attempting to find control in one pass of search. Failures can occur.
W, 3240, 13, 2013/05/24, 08:57:41.365, 1111325399242, QTAgent32.exe, &lt;a class=success&gt;Playback - {161} [SUCCESS] MouseButtonClick - "[MSAA]ControlType='MenuItem' &amp;&amp; Name='3rd Party Integration'"
\0&lt;/a&gt;
W, 3240, 13, 2013/05/24, 08:57:41.465, 1111326835365, QTAgent32.exe, FindScreenElementInSinglePass : Attempting to find control in one pass of search. Failures can occur.
W, 3240, 13, 2013/05/24, 08:57:41.615, 1111328970403, QTAgent32.exe, &lt;a class=success&gt;Playback - {162} [SUCCESS] MouseButtonClick - "[MSAA]ControlType='MenuItem' &amp;&amp; Name='Renewals Loader'"
\0&lt;/a&gt;
W, 3240, 13, 2013/05/24, 08:57:41.839, 1111332189887, QTAgent32.exe, &lt;a class=success&gt;Playback - {163} [SUCCESS] MouseButtonClick - "[MSAA, VisibleOnly]ControlType='TitleBar'"
\0&lt;/a&gt;
W, 3240, 13, 2013/05/24, 08:57:42.001, 1111334500699, QTAgent32.exe, &lt;a class=success&gt;Playback - {164} [SUCCESS] SendKeys "^{HOME}" - "[MSAA, VisibleOnly]ControlType='Edit'"
\0&lt;/a&gt;
E, 3240, 13, 2013/05/24, 08:57:42.001, 1111334502460, QTAgent32.exe, Msaa.GetFocusedElement: could not find accessible object of foreground window
W, 3240, 13, 2013/05/24, 08:57:42.054, 1111335266762, QTAgent32.exe, &lt;a class=success&gt;Playback - {165} [SUCCESS] SendKeys "^+{END}" - "[MSAA, VisibleOnly]ControlType='Edit'"
\0&lt;/a&gt;
E, 3240, 13, 2013/05/24, 08:57:42.054, 1111335268131, QTAgent32.exe, Msaa.GetFocusedElement: could not find accessible object of foreground window
W, 3240, 13, 2013/05/24, 08:57:42.067, 1111335454019, QTAgent32.exe, &lt;a class=success&gt;Playback - {166} [SUCCESS] SendKeys "{DELETE}" - "[MSAA, VisibleOnly]ControlType='Edit'"
\0&lt;/a&gt;
W, 3240, 13, 2013/05/24, 08:57:42.286, 1111338580173, QTAgent32.exe, &lt;a class=success&gt;Playback - {167} [SUCCESS] SetValueAsEditBox "24/05/2013" - "[MSAA, VisibleOnly]ControlType='Edit'"  &lt; Set via SendKeys &gt;
\0&lt;/a&gt;
W, 3240, 13, 2013/05/24, 08:57:42.447, 1111340894274, QTAgent32.exe, &lt;a class=success&gt;Playback - {168} [SUCCESS] SendKeys "^{HOME}" - "[MSAA, VisibleOnly]ControlType='Edit'"
\0&lt;/a&gt;
E, 3240, 13, 2013/05/24, 08:57:42.447, 1111340896055, QTAgent32.exe, Msaa.GetFocusedElement: could not find accessible object of foreground window
W, 3240, 13, 2013/05/24, 08:57:42.501, 1111341661178, QTAgent32.exe, &lt;a class=success&gt;Playback - {169} [SUCCESS] SendKeys "^+{END}" - "[MSAA, VisibleOnly]ControlType='Edit'"
\0&lt;/a&gt;
E, 3240, 13, 2013/05/24, 08:57:42.501, 1111341663154, QTAgent32.exe, Msaa.GetFocusedElement: could not find accessible object of foreground window
W, 3240, 13, 2013/05/24, 08:57:42.514, 1111341854615, QTAgent32.exe, &lt;a class=success&gt;Playback - {170} [SUCCESS] SendKeys "{DELETE}" - "[MSAA, VisibleOnly]ControlType='Edit'"
\0&lt;/a&gt;
W, 3240, 13, 2013/05/24, 08:57:42.733, 1111344981309, QTAgent32.exe, &lt;a class=success&gt;Playback - {171} [SUCCESS] SetValueAsEditBox "07/06/2013" - "[MSAA, VisibleOnly]ControlType='Edit'"  &lt; Set via SendKeys &gt;
\0&lt;/a&gt;
W, 3240, 13, 2013/05/24, 08:57:43.090, 1111350099156, QTAgent32.exe, &lt;a class=success&gt;Playback - {172} [SUCCESS] MouseButtonClick - "[MSAA, VisibleOnly]ControlType='Button' &amp;&amp; Name='Run'"
\0&lt;/a&gt;
W, 3240, 13, 2013/05/24, 08:57:48.436, 1111426643531, QTAgent32.exe, Playback - [WARNING] Internal warning: Window Not Found: [VisibleOnly]Name='insurE-com System Maintenance' &amp;&amp; ClassName='IEFrame' &amp;&amp; ControlType='Window'
\0
E, 3240, 13, 2013/05/24, 08:57:48.436, 1111426645688, QTAgent32.exe, &lt;a class=failure&gt;Playback - {173} [FAILED] Function ElementFetcher::FindScreenElement failed to locate UI element (Searching: ;[VisibleOnly]Name='insurE-com System Maintenance' &amp;&amp; ClassName='IEFrame' &amp;&amp; ControlType='Window') (The object specified was not found.)
\0&lt;/a&gt;
E, 3240, 13, 2013/05/24, 08:57:48.487, 1111427382079, QTAgent32.exe, Playback - [IMAGE] C:\Users\testuser\AppData\Local\Temp\UITestLogs\LastRun\RPF6FE6.png
\0
W, 3240, 13, 2013/05/24, 08:57:48.487, 1111427383762, QTAgent32.exe, Playback - [WARNING] Internal warning: Couldn't find descendants that match QueryId
\0
W, 3240, 13, 2013/05/24, 08:58:06.513, 1111685475787, QTAgent32.exe, Playback - [WARNING] Internal warning: Window Not Found: [VisibleOnly]Name='insurE-com System Maintenance' &amp;&amp; ClassName='IEFrame' &amp;&amp; ControlType='Window'
\0
E, 3240, 13, 2013/05/24, 08:58:06.513, 1111685477965, QTAgent32.exe, &lt;a class=failure&gt;Playback - {174} [FAILED] Function ElementFetcher::FindScreenElement failed to locate UI element (Searching: ;[VisibleOnly]Name='insurE-com System Maintenance' &amp;&amp; ClassName='IEFrame' &amp;&amp; ControlType='Window') (The object specified was not found.)
\0&lt;/a&gt;
E, 3240, 13, 2013/05/24, 08:58:06.555, 1111686076395, QTAgent32.exe, Playback - [IMAGE] C:\Users\testuser\AppData\Local\Temp\UITestLogs\LastRun\RPFB678.png
\0
W, 3240, 13, 2013/05/24, 08:58:06.555, 1111686077879, QTAgent32.exe, Playback - [WARNING] Internal warning: Couldn't find descendants that match QueryId
\0
W, 3240, 13, 2013/05/24, 08:58:06.555, 1111686080231, QTAgent32.exe, PERF WARNING: FindTopLevelWindowHelper::FindAllDescendents: took 18067 ms. Expected it to take maximum 500 ms.
W, 3240, 13, 2013/05/24, 08:58:07.007, 1111692543076, QTAgent32.exe, Playback - [WARNING] Internal warning: Smart Match failed
\0
W, 3240, 13, 2013/05/24, 08:58:07.190, 1111695172015, QTAgent32.exe, Playback - [WARNING] Internal warning: Smart Match failed
\0
W, 3240, 13, 2013/05/24, 08:58:07.374, 1111697804788, QTAgent32.exe, Playback - [WARNING] Internal warning: Smart Match failed
\0
W, 3240, 13, 2013/05/24, 08:58:07.556, 1111700413255, QTAgent32.exe, Playback - [WARNING] Internal warning: Smart Match failed
\0
W, 3240, 13, 2013/05/24, 08:58:07.740, 1111703038822, QTAgent32.exe, Playback - [WARNING] Internal warning: Smart Match failed
\0
W, 3240, 13, 2013/05/24, 08:58:07.925, 1111705694436, QTAgent32.exe, Playback - [WARNING] Internal warning: Smart Match failed
\0
W, 3240, 13, 2013/05/24, 08:58:08.113, 1111708391318, QTAgent32.exe, Playback - [WARNING] Internal warning: Smart Match failed
\0
W, 3240, 13, 2013/05/24, 08:58:08.305, 1111711131345, QTAgent32.exe, Playback - [WARNING] Internal warning: Smart Match failed
\0
W, 3240, 13, 2013/05/24, 08:58:08.493, 1111713820516, QTAgent32.exe, Playback - [WARNING] Internal warning: Smart Match failed
\0
W, 3240, 13, 2013/05/24, 08:58:08.683, 1111716552496, QTAgent32.exe, Playback - [WARNING] Internal warning: Smart Match failed
\0
W, 3240, 13, 2013/05/24, 08:58:08.876, 1111719304970, QTAgent32.exe, Playback - [WARNING] Internal warning: Smart Match failed
\0
W, 3240, 13, 2013/05/24, 08:58:09.058, 1111721914037, QTAgent32.exe, Playback - [WARNING] Internal warning: Smart Match failed
\0
W, 3240, 13, 2013/05/24, 08:58:09.242, 1111724546740, QTAgent32.exe, Playback - [WARNING] Internal warning: Smart Match failed
\0
W, 3240, 13, 2013/05/24, 08:58:09.429, 1111727218899, QTAgent32.exe, Playback - [WARNING] Internal warning: Smart Match failed
\0
W, 3240, 13, 2013/05/24, 08:58:09.615, 1111729881328, QTAgent32.exe, Playback - [WARNING] Internal warning: Smart Match failed
\0
W, 3240, 13, 2013/05/24, 08:58:09.691, 1111730974995, QTAgent32.exe, Playback - [WARNING] Internal warning: Window Not Found: [VisibleOnly]Name='insurE-com System Maintenance' &amp;&amp; ClassName='IEFrame' &amp;&amp; ControlType='Window'
\0
E, 3240, 13, 2013/05/24, 08:58:09.691, 1111730976818, QTAgent32.exe, &lt;a class=failure&gt;Playback - {175} [FAILED] Function ElementFetcher::FindScreenElement failed to locate UI element (Searching: ;[VisibleOnly]Name='insurE-com System Maintenance' &amp;&amp; ClassName='IEFrame' &amp;&amp; ControlType='Window') (The object specified was not found.)
\0&lt;/a&gt;
E, 3240, 13, 2013/05/24, 08:58:09.727, 1111731496642, QTAgent32.exe, Playback - [IMAGE] C:\Users\testuser\AppData\Local\Temp\UITestLogs\LastRun\RPFC2E8.png
\0
W, 3240, 13, 2013/05/24, 08:58:09.728, 1111731499074, QTAgent32.exe, Playback - [WARNING] Internal warning: Couldn't find descendants that match QueryId
\0
W, 3240, 13, 2013/05/24, 08:58:09.728, 1111731501495, QTAgent32.exe, PERF WARNING: FindTopLevelWindowHelper::FindAllDescendents: took 3172 ms. Expected it to take maximum 500 ms.
E, 3240, 13, 2013/05/24, 08:58:09.728, 1111731503087, QTAgent32.exe, Exception: System.Runtime.InteropServices.COMException
	Message: Error HRESULT E_FAIL has been returned from a call to a COM component.
	Stack Trace:    at Microsoft.VisualStudio.TestTools.UITest.Playback.Engine.IRPFPlayback.FindAllScreenElements(IScreenElement pScreenElementStart, String bstrQueryId, Object&amp; pvarResKeys, Int32 cResKeys, Int32 nMaxDepth, Object[]&amp; foundDescendants)
   at Microsoft.VisualStudio.TestTools.UITest.Playback.ScreenElement.FindTopLevelWindowHelper(String queryId)
	BaseExceptionMessage: Error HRESULT E_FAIL has been returned from a call to a COM component.

E, 3240, 13, 2013/05/24, 08:58:09.728, 1111731505576, QTAgent32.exe, Window 590476 not responding. Last Win32 error 0
E, 3240, 13, 2013/05/24, 08:58:09.728, 1111731506428, QTAgent32.exe, GetClassName for handle 590476 failed
E, 3240, 13, 2013/05/24, 08:58:09.728, 1111731508214, QTAgent32.exe, Window 590476 not responding. Last Win32 error 1400
E, 3240, 13, 2013/05/24, 08:58:09.728, 1111731508964, QTAgent32.exe, GetClassName for handle 590476 failed
E, 3240, 13, 2013/05/24, 08:58:09.828, 1111732940923, QTAgent32.exe, AL: Playback Error: Microsoft.VisualStudio.TestTools.UITest.Extension.UITestControlNotAvailableException: The control is not available or not valid. Additional Details: 
TechnologyName:  'MSAA'
Name:  'insurE-com System Maintenance'
ClassName:  'IEFrame'
ControlType:  'Window'
 ---&gt; System.Runtime.InteropServices.COMException: Error HRESULT E_FAIL has been returned from a call to a COM component.
   at Microsoft.VisualStudio.TestTools.UITest.Playback.Engine.IRPFPlayback.FindAllScreenElements(IScreenElement pScreenElementStart, String bstrQueryId, Object&amp; pvarResKeys, Int32 cResKeys, Int32 nMaxDepth, Object[]&amp; foundDescendants)
   at Microsoft.VisualStudio.TestTools.UITest.Playback.ScreenElement.FindTopLevelWindowHelper(String queryId)
   at Microsoft.VisualStudio.TestTools.UITest.Playback.ScreenElement.FindFromPartialQueryId(String queryId)
   at Microsoft.VisualStudio.TestTools.UITesting.UITestControl.EnsureValid(Boolean waitForReady, Boolean refetch)
   --- End of inner exception stack trace ---
   at Microsoft.VisualStudio.TestTools.UITesting.UITestControl.EnsureValid(Boolean waitForReady, Boolean refetch)
   at Microsoft.VisualStudio.TestTools.UITesting.UITestControl.SendKeys(String text, ModifierKeys modifierKeys, Boolean isEncoded, Boolean isUnicode)
   at Microsoft.VisualStudio.TestTools.UITesting.Keyboard.SendKeysImplementation(UITestControl control, String text, ModifierKeys modifierKeys, Boolean isEncoded, Boolean isUnicode)
   at Microsoft.VisualStudio.TestTools.UITesting.Keyboard.SendKeysImplementationWrapper(UITestControl control, String text, ModifierKeys modifierKeys, Boolean isEncoded, Boolean isUnicode)
W, 3240, 13, 2013/05/24, 08:58:09.828, 1111732941959, QTAgent32.exe, PlaybackErrorHandler: Ignoring exception as ContinueOnError is set.
W, 3240, 13, 2013/05/24, 08:58:10.524, 1111742901420, QTAgent32.exe, &lt;a class=success&gt;Playback - {176} [SUCCESS] MouseButtonClick - "[MSAA, VisibleOnly]ControlType='TitleBar'"
\0&lt;/a&gt;
W, 3240, 13, 2013/05/24, 08:58:10.777, 1111746526117, QTAgent32.exe, &lt;a class=success&gt;Playback - {177} [SUCCESS] MouseButtonClick - "[MSAA, VisibleOnly]ControlType='Button' &amp;&amp; Name='Close'"
\0&lt;/a&gt;
W, 3240, 13, 2013/05/24, 08:58:11.582, 1111758057702, QTAgent32.exe, &lt;a class=success&gt;Playback - {178} [SUCCESS] MouseButtonClick - "[MSAA, VisibleOnly]ControlType='Button' &amp;&amp; Name='Options'"
\0&lt;/a&gt;
W, 3240, 13, 2013/05/24, 08:58:11.682, 1111759491569, QTAgent32.exe, FindScreenElementInSinglePass : Attempting to find control in one pass of search. Failures can occur.
W, 3240, 13, 2013/05/24, 08:58:11.819, 1111761442916, QTAgent32.exe, &lt;a class=success&gt;Playback - {179} [SUCCESS] MouseButtonClick - "[MSAA]ControlType='MenuItem' &amp;&amp; Name='Links'"
\0&lt;/a&gt;
W, 3240, 13, 2013/05/24, 08:58:11.919, 1111762878802, QTAgent32.exe, FindScreenElementInSinglePass : Attempting to find control in one pass of search. Failures can occur.
W, 3240, 13, 2013/05/24, 08:58:12.076, 1111765122944, QTAgent32.exe, &lt;a class=success&gt;Playback - {180} [SUCCESS] MouseButtonClick - "[MSAA]ControlType='MenuItem' &amp;&amp; Name='3rd Party Integration'"
\0&lt;/a&gt;
W, 3240, 13, 2013/05/24, 08:58:12.176, 1111766559538, QTAgent32.exe, FindScreenElementInSinglePass : Attempting to find control in one pass of search. Failures can occur.
W, 3240, 13, 2013/05/24, 08:58:12.323, 1111768660056, QTAgent32.exe, &lt;a class=success&gt;Playback - {181} [SUCCESS] MouseButtonClick - "[MSAA]ControlType='MenuItem' &amp;&amp; Name='Renewals Module'"
\0&lt;/a&gt;
W, 3240, 13, 2013/05/24, 08:58:12.733, 1111774533301, QTAgent32.exe, &lt;a class=success&gt;Playback - {182} [SUCCESS] SetValueAsEditBox "1" - "[MSAA, VisibleOnly]ControlType='Edit'"  &lt; Set via SendKeys &gt;
\0&lt;/a&gt;
W, 3240, 13, 2013/05/24, 08:58:13.216, 1111781445160, QTAgent32.exe, &lt;a class=success&gt;Playback - {183} [SUCCESS] MouseButtonClick - "[MSAA, VisibleOnly]ControlType='Button' &amp;&amp; Name='Ok'"
\0&lt;/a&gt;
W, 3240, 13, 2013/05/24, 08:58:13.552, 1111786264696, QTAgent32.exe, Playback - [WARNING] Internal warning: Window Not Found: [VisibleOnly]ControlType='Window' &amp;&amp; Name='Confirm' &amp;&amp; ClassName='#32770'
\0
E, 3240, 13, 2013/05/24, 08:58:13.553, 1111786266836, QTAgent32.exe, &lt;a class=failure&gt;Playback - {184} [FAILED] Function ElementFetcher::FindScreenElement failed to locate UI element (Searching: ;[VisibleOnly]ControlType='Window' &amp;&amp; Name='Confirm' &amp;&amp; ClassName='#32770') (The object specified was not found.)
\0&lt;/a&gt;
E, 3240, 13, 2013/05/24, 08:58:13.598, 1111786909349, QTAgent32.exe, Playback - [IMAGE] C:\Users\testuser\AppData\Local\Temp\UITestLogs\LastRun\RPFD205.png
\0
W, 3240, 13, 2013/05/24, 08:58:13.598, 1111786910917, QTAgent32.exe, Playback - [WARNING] Internal warning: Couldn't find descendants that match QueryId
\0
W, 3240, 13, 2013/05/24, 08:58:31.635, 1112045181899, QTAgent32.exe, Playback - [WARNING] Internal warning: Window Not Found: [VisibleOnly]ControlType='Window' &amp;&amp; Name='Confirm' &amp;&amp; ClassName='#32770'
\0
E, 3240, 13, 2013/05/24, 08:58:31.635, 1112045184065, QTAgent32.exe, &lt;a class=failure&gt;Playback - {185} [FAILED] Function ElementFetcher::FindScreenElement failed to locate UI element (Searching: ;[VisibleOnly]ControlType='Window' &amp;&amp; Name='Confirm' &amp;&amp; ClassName='#32770') (The object specified was not found.)
\0&lt;/a&gt;
E, 3240, 13, 2013/05/24, 08:58:31.680, 1112045828250, QTAgent32.exe, Playback - [IMAGE] C:\Users\testuser\AppData\Local\Temp\UITestLogs\LastRun\RPF18A7.png
\0
W, 3240, 13, 2013/05/24, 08:58:31.681, 1112045829930, QTAgent32.exe, Playback - [WARNING] Internal warning: Couldn't find descendants that match QueryId
\0
W, 3240, 13, 2013/05/24, 08:58:31.681, 1112045832254, QTAgent32.exe, PERF WARNING: FindTopLevelWindowHelper::FindAllDescendents: took 18083 ms. Expected it to take maximum 500 ms.
W, 3240, 13, 2013/05/24, 08:58:32.125, 1112052193916, QTAgent32.exe, Playback - [WARNING] Internal warning: Smart Match failed
\0
W, 3240, 13, 2013/05/24, 08:58:32.309, 1112054834569, QTAgent32.exe, Playback - [WARNING] Internal warning: Smart Match failed
\0
W, 3240, 13, 2013/05/24, 08:58:32.492, 1112057438203, QTAgent32.exe, Playback - [WARNING] Internal warning: Smart Match failed
\0
W, 3240, 13, 2013/05/24, 08:58:32.675, 1112060057858, QTAgent32.exe, Playback - [WARNING] Internal warning: Smart Match failed
\0
W, 3240, 13, 2013/05/24, 08:58:32.858, 1112062684684, QTAgent32.exe, Playback - [WARNING] Internal warning: Smart Match failed
\0
W, 3240, 13, 2013/05/24, 08:58:33.041, 1112065308176, QTAgent32.exe, Playback - [WARNING] Internal warning: Smart Match failed
\0
W, 3240, 13, 2013/05/24, 08:58:33.227, 1112067966101, QTAgent32.exe, Playback - [WARNING] Internal warning: Smart Match failed
\0
W, 3240, 13, 2013/05/24, 08:58:33.414, 1112070646648, QTAgent32.exe, Playback - [WARNING] Internal warning: Smart Match failed
\0
W, 3240, 13, 2013/05/24, 08:58:33.602, 1112073338049, QTAgent32.exe, Playback - [WARNING] Internal warning: Smart Match failed
\0
W, 3240, 13, 2013/05/24, 08:58:33.789, 1112076013349, QTAgent32.exe, Playback - [WARNING] Internal warning: Smart Match failed
\0
W, 3240, 13, 2013/05/24, 08:58:33.975, 1112078679981, QTAgent32.exe, Playback - [WARNING] Internal warning: Smart Match failed
\0
W, 3240, 13, 2013/05/24, 08:58:34.160, 1112081328633, QTAgent32.exe, Playback - [WARNING] Internal warning: Smart Match failed
\0
W, 3240, 13, 2013/05/24, 08:58:34.347, 1112084006245, QTAgent32.exe, Playback - [WARNING] Internal warning: Smart Match failed
\0
W, 3240, 13, 2013/05/24, 08:58:34.528, 1112086604477, QTAgent32.exe, Playback - [WARNING] Internal warning: Smart Match failed
\0
W, 3240, 13, 2013/05/24, 08:58:34.712, 1112089235238, QTAgent32.exe, Playback - [WARNING] Internal warning: Smart Match failed
\0
W, 3240, 13, 2013/05/24, 08:58:34.786, 1112090291946, QTAgent32.exe, Playback - [WARNING] Internal warning: Window Not Found: [VisibleOnly]ControlType='Window' &amp;&amp; Name='Confirm' &amp;&amp; ClassName='#32770'
\0
E, 3240, 13, 2013/05/24, 08:58:34.786, 1112090293718, QTAgent32.exe, &lt;a class=failure&gt;Playback - {186} [FAILED] Function ElementFetcher::FindScreenElement failed to locate UI element (Searching: ;[VisibleOnly]ControlType='Window' &amp;&amp; Name='Confirm' &amp;&amp; ClassName='#32770') (The object specified was not found.)
\0&lt;/a&gt;
E, 3240, 13, 2013/05/24, 08:58:34.829, 1112090907235, QTAgent32.exe, Playback - [IMAGE] C:\Users\testuser\AppData\Local\Temp\UITestLogs\LastRun\RPF24F7.png
\0
W, 3240, 13, 2013/05/24, 08:58:34.829, 1112090908995, QTAgent32.exe, Playback - [WARNING] Internal warning: Couldn't find descendants that match QueryId
\0
W, 3240, 13, 2013/05/24, 08:58:34.829, 1112090911413, QTAgent32.exe, PERF WARNING: FindTopLevelWindowHelper::FindAllDescendents: took 3148 ms. Expected it to take maximum 500 ms.
E, 3240, 13, 2013/05/24, 08:58:34.829, 1112090913024, QTAgent32.exe, Exception: System.Runtime.InteropServices.COMException
	Message: Error HRESULT E_FAIL has been returned from a call to a COM component.
	Stack Trace:    at Microsoft.VisualStudio.TestTools.UITest.Playback.Engine.IRPFPlayback.FindAllScreenElements(IScreenElement pScreenElementStart, String bstrQueryId, Object&amp; pvarResKeys, Int32 cResKeys, Int32 nMaxDepth, Object[]&amp; foundDescendants)
   at Microsoft.VisualStudio.TestTools.UITest.Playback.ScreenElement.FindTopLevelWindowHelper(String queryId)
	BaseExceptionMessage: Error HRESULT E_FAIL has been returned from a call to a COM component.

E, 3240, 13, 2013/05/24, 08:58:34.930, 1112092353931, QTAgent32.exe, AL: Playback Error: Microsoft.VisualStudio.TestTools.UITest.Extension.UITestControlNotFoundException: The playback failed to find the control with the given search properties. Additional Details: 
TechnologyName:  'MSAA'
ControlType:  'Window'
Name:  'Confirm'
ClassName:  '#32770'
 ---&gt; System.Runtime.InteropServices.COMException: Error HRESULT E_FAIL has been returned from a call to a COM component.
   at Microsoft.VisualStudio.TestTools.UITest.Playback.Engine.IRPFPlayback.FindAllScreenElements(IScreenElement pScreenElementStart, String bstrQueryId, Object&amp; pvarResKeys, Int32 cResKeys, Int32 nMaxDepth, Object[]&amp; foundDescendants)
   at Microsoft.VisualStudio.TestTools.UITest.Playback.ScreenElement.FindTopLevelWindowHelper(String queryId)
   at Microsoft.VisualStudio.TestTools.UITest.Playback.ScreenElement.FindFromPartialQueryId(String queryId)
   at Microsoft.VisualStudio.TestTools.UITesting.UITestControl..ctor(String queryId)
   --- End of inner exception stack trace ---
   at Microsoft.VisualStudio.TestTools.UITesting.Playback.MapControlNotFoundException(COMException ex, IPlaybackContext context)
   at Microsoft.VisualStudio.TestTools.UITesting.Playback.MapAndThrowComException(COMException innerException, IPlaybackContext context)
   at Microsoft.VisualStudio.TestTools.UITesting.Playback.MapAndThrowException(SystemException exception, IPlaybackContext context)
   at Microsoft.VisualStudio.TestTools.UITesting.Playback.MapAndThrowException(SystemException exception, String queryId)
   at Microsoft.VisualStudio.TestTools.UITesting.UITestControl..ctor(String queryId)
   at Microsoft.VisualStudio.TestTools.UITesting.SearchHelper.SearchTopLevelWindow(ISearchArgument topLevelSearchArg, String topLevelElementQueryId)
   at Microsoft.VisualStudio.TestTools.UITesting.SearchHelper.GetTitleUpdatedTopLevelWindow(ISearchArgument topLevelSearchArg, String queryId, IList`1 windowTitles)
   at Microsoft.VisualStudio.TestTools.UITesting.SearchHelper.GetTopLevelElement(Boolean useCache, Boolean useCacheOnly, ISearchArgument searchArg, IList`1 windowTitles, Int32&amp; timeLeft)
   at Microsoft.VisualStudio.TestTools.UITesting.SearchHelper.GetElement(Boolean useCache, ISearchArgument searchArg)
   at Microsoft.VisualStudio.TestTools.UITesting.SearchHelper.Search(ISearchArgument searchArg)
   at Microsoft.VisualStudio.TestTools.UITesting.UITestControl.FindInternal()
   at Microsoft.VisualStudio.TestTools.UITesting.UITestControl.FindControlIfNecessary()
   at Microsoft.VisualStudio.TestTools.UITesting.UITestControl.Click(MouseButtons button, ModifierKeys modifierKeys, Point relativeCoordinates)
   at Microsoft.VisualStudio.TestTools.UITesting.Mouse.ClickImplementation(UITestControl control, MouseButtons button, ModifierKeys modifierKeys, Point relativeCoordinate)
   at Microsoft.VisualStudio.TestTools.UITesting.Mouse.ClickImplementationWrapper(UITestControl control, MouseButtons button, ModifierKeys modifierKeys, Point relativeCoordinate)
W, 3240, 13, 2013/05/24, 08:58:34.930, 1112092355867, QTAgent32.exe, PlaybackErrorHandler: Ignoring exception as ContinueOnError is set.
W, 3240, 13, 2013/05/24, 08:58:35.163, 1112095693556, QTAgent32.exe, Playback - [WARNING] Internal warning: Window Not Found: [VisibleOnly]ControlType='Window' &amp;&amp; Name='Personal Lines' &amp;&amp; ClassName='#32770'
\0
E, 3240, 13, 2013/05/24, 08:58:35.163, 1112095695786, QTAgent32.exe, &lt;a class=failure&gt;Playback - {187} [FAILED] Function ElementFetcher::FindScreenElement failed to locate UI element (Searching: ;[VisibleOnly]ControlType='Window' &amp;&amp; Name='Personal Lines' &amp;&amp; ClassName='#32770') (The object specified was not found.)
\0&lt;/a&gt;
E, 3240, 13, 2013/05/24, 08:58:35.206, 1112096302129, QTAgent32.exe, Playback - [IMAGE] C:\Users\testuser\AppData\Local\Temp\UITestLogs\LastRun\RPF266E.png
\0
W, 3240, 13, 2013/05/24, 08:58:35.206, 1112096303623, QTAgent32.exe, Playback - [WARNING] Internal warning: Couldn't find descendants that match QueryId
\0
W, 3240, 13, 2013/05/24, 08:58:53.260, 1112354811350, QTAgent32.exe, Playback - [WARNING] Internal warning: Window Not Found: [VisibleOnly]ControlType='Window' &amp;&amp; Name='Personal Lines' &amp;&amp; ClassName='#32770'
\0
E, 3240, 13, 2013/05/24, 08:58:53.261, 1112354813806, QTAgent32.exe, &lt;a class=failure&gt;Playback - {188} [FAILED] Function ElementFetcher::FindScreenElement failed to locate UI element (Searching: ;[VisibleOnly]ControlType='Window' &amp;&amp; Name='Personal Lines' &amp;&amp; ClassName='#32770') (The object specified was not found.)
\0&lt;/a&gt;
E, 3240, 13, 2013/05/24, 08:58:53.309, 1112355502989, QTAgent32.exe, Playback - [IMAGE] C:\Users\testuser\AppData\Local\Temp\UITestLogs\LastRun\RPF6D20.png
\0
W, 3240, 13, 2013/05/24, 08:58:53.309, 1112355504492, QTAgent32.exe, Playback - [WARNING] Internal warning: Couldn't find descendants that match QueryId
\0
W, 3240, 13, 2013/05/24, 08:58:53.309, 1112355507323, QTAgent32.exe, PERF WARNING: FindTopLevelWindowHelper::FindAllDescendents: took 18102 ms. Expected it to take maximum 500 ms.
W, 3240, 13, 2013/05/24, 08:58:53.756, 1112361906081, QTAgent32.exe, Playback - [WARNING] Internal warning: Smart Match failed
\0
W, 3240, 13, 2013/05/24, 08:58:53.943, 1112364591725, QTAgent32.exe, Playback - [WARNING] Internal warning: Smart Match failed
\0
W, 3240, 13, 2013/05/24, 08:58:54.130, 1112367256061, QTAgent32.exe, Playback - [WARNING] Internal warning: Smart Match failed
\0
W, 3240, 13, 2013/05/24, 08:58:54.313, 1112369878526, QTAgent32.exe, Playback - [WARNING] Internal warning: Smart Match failed
\0
W, 3240, 13, 2013/05/24, 08:58:54.496, 1112372500874, QTAgent32.exe, Playback - [WARNING] Internal warning: Smart Match failed
\0
W, 3240, 13, 2013/05/24, 08:58:54.679, 1112375129692, QTAgent32.exe, Playback - [WARNING] Internal warning: Smart Match failed
\0
W, 3240, 13, 2013/05/24, 08:58:54.863, 1112377762752, QTAgent32.exe, Playback - [WARNING] Internal warning: Smart Match failed
\0
W, 3240, 13, 2013/05/24, 08:58:55.046, 1112380375932, QTAgent32.exe, Playback - [WARNING] Internal warning: Smart Match failed
\0
W, 3240, 13, 2013/05/24, 08:58:55.229, 1112382997798, QTAgent32.exe, Playback - [WARNING] Internal warning: Smart Match failed
\0
W, 3240, 13, 2013/05/24, 08:58:55.414, 1112385656464, QTAgent32.exe, Playback - [WARNING] Internal warning: Smart Match failed
\0
W, 3240, 13, 2013/05/24, 08:58:55.600, 1112388307256, QTAgent32.exe, Playback - [WARNING] Internal warning: Smart Match failed
\0
W, 3240, 13, 2013/05/24, 08:58:55.787, 1112390988163, QTAgent32.exe, Playback - [WARNING] Internal warning: Smart Match failed
\0
W, 3240, 13, 2013/05/24, 08:58:55.975, 1112393689255, QTAgent32.exe, Playback - [WARNING] Internal warning: Smart Match failed
\0
W, 3240, 13, 2013/05/24, 08:58:56.163, 1112396365613, QTAgent32.exe, Playback - [WARNING] Internal warning: Smart Match failed
\0
W, 3240, 13, 2013/05/24, 08:58:56.351, 1112399061653, QTAgent32.exe, Playback - [WARNING] Internal warning: Smart Match failed
\0
W, 3240, 13, 2013/05/24, 08:58:56.430, 1112400190259, QTAgent32.exe, Playback - [WARNING] Internal warning: Window Not Found: [VisibleOnly]ControlType='Window' &amp;&amp; Name='Personal Lines' &amp;&amp; ClassName='#32770'
\0
E, 3240, 13, 2013/05/24, 08:58:56.430, 1112400192396, QTAgent32.exe, &lt;a class=failure&gt;Playback - {189} [FAILED] Function ElementFetcher::FindScreenElement failed to locate UI element (Searching: ;[VisibleOnly]ControlType='Window' &amp;&amp; Name='Personal Lines' &amp;&amp; ClassName='#32770') (The object specified was not found.)
\0&lt;/a&gt;
E, 3240, 13, 2013/05/24, 08:58:56.480, 1112400911783, QTAgent32.exe, Playback - [IMAGE] C:\Users\testuser\AppData\Local\Temp\UITestLogs\LastRun\RPF797F.png
\0
W, 3240, 13, 2013/05/24, 08:58:56.480, 1112400913337, QTAgent32.exe, Playback - [WARNING] Internal warning: Couldn't find descendants that match QueryId
\0
W, 3240, 13, 2013/05/24, 08:58:56.481, 1112400916089, QTAgent32.exe, PERF WARNING: FindTopLevelWindowHelper::FindAllDescendents: took 3171 ms. Expected it to take maximum 500 ms.
E, 3240, 13, 2013/05/24, 08:58:56.481, 1112400917807, QTAgent32.exe, Exception: System.Runtime.InteropServices.COMException
	Message: Error HRESULT E_FAIL has been returned from a call to a COM component.
	Stack Trace:    at Microsoft.VisualStudio.TestTools.UITest.Playback.Engine.IRPFPlayback.FindAllScreenElements(IScreenElement pScreenElementStart, String bstrQueryId, Object&amp; pvarResKeys, Int32 cResKeys, Int32 nMaxDepth, Object[]&amp; foundDescendants)
   at Microsoft.VisualStudio.TestTools.UITest.Playback.ScreenElement.FindTopLevelWindowHelper(String queryId)
	BaseExceptionMessage: Error HRESULT E_FAIL has been returned from a call to a COM component.

E, 3240, 13, 2013/05/24, 08:58:56.481, 1112400920429, QTAgent32.exe, Window 198406 not responding. Last Win32 error 0
E, 3240, 13, 2013/05/24, 08:58:56.481, 1112400921353, QTAgent32.exe, GetClassName for handle 198406 failed
E, 3240, 13, 2013/05/24, 08:58:56.581, 1112402357567, QTAgent32.exe, AL: Playback Error: Microsoft.VisualStudio.TestTools.UITest.Extension.UITestControlNotAvailableException: The control is not available or not valid. Additional Details: 
TechnologyName:  'MSAA'
Name:  'Personal Lines'
ClassName:  '#32770'
ControlType:  'Window'
 ---&gt; System.Runtime.InteropServices.COMException: Error HRESULT E_FAIL has been returned from a call to a COM component.
   at Microsoft.VisualStudio.TestTools.UITest.Playback.Engine.IRPFPlayback.FindAllScreenElements(IScreenElement pScreenElementStart, String bstrQueryId, Object&amp; pvarResKeys, Int32 cResKeys, Int32 nMaxDepth, Object[]&amp; foundDescendants)
   at Microsoft.VisualStudio.TestTools.UITest.Playback.ScreenElement.FindTopLevelWindowHelper(String queryId)
   at Microsoft.VisualStudio.TestTools.UITest.Playback.ScreenElement.FindFromPartialQueryId(String queryId)
   at Microsoft.VisualStudio.TestTools.UITesting.UITestControl.EnsureValid(Boolean waitForReady, Boolean refetch)
   --- End of inner exception stack trace ---
   at Microsoft.VisualStudio.TestTools.UITesting.UITestControl.EnsureValid(Boolean waitForReady, Boolean refetch)
   at Microsoft.VisualStudio.TestTools.UITesting.UITestControl.FindFirstDescendant(String queryId, Int32 maxDepth, Int32&amp; timeLeft)
   at Microsoft.VisualStudio.TestTools.UITesting.SearchHelper.GetElement(Boolean useCache, ISearchArgument searchArg)
   at Microsoft.VisualStudio.TestTools.UITesting.SearchHelper.Search(ISearchArgument searchArg)
   at Microsoft.VisualStudio.TestTools.UITesting.UITestControl.FindInternal()
   at Microsoft.VisualStudio.TestTools.UITesting.UITestControl.FindControlIfNecessary()
   at Microsoft.VisualStudio.TestTools.UITesting.UITestControl.Click(MouseButtons button, ModifierKeys modifierKeys, Point relativeCoordinates)
   at Microsoft.VisualStudio.TestTools.UITesting.Mouse.ClickImplementation(UITestControl control, MouseButtons button, ModifierKeys modifierKeys, Point relativeCoordinate)
   at Microsoft.VisualStudio.TestTools.UITesting.Mouse.ClickImplementationWrapper(UITestControl control, MouseButtons button, ModifierKeys modifierKeys, Point relativeCoordinate)
W, 3240, 13, 2013/05/24, 08:58:56.581, 1112402358731, QTAgent32.exe, PlaybackErrorHandler: Ignoring exception as ContinueOnError is set.
W, 3240, 13, 2013/05/24, 08:58:56.821, 1112405792746, QTAgent32.exe, Playback - [WARNING] Internal warning: Window Not Found: [VisibleOnly]ControlType='Window' &amp;&amp; Name='Policies Auto-Renewed &amp; Auto-Lapsed' &amp;&amp; ClassName='ThunderRT6FormDC'
\0
E, 3240, 13, 2013/05/24, 08:58:56.821, 1112405794899, QTAgent32.exe, &lt;a class=failure&gt;Playback - {190} [FAILED] Function ElementFetcher::FindScreenElement failed to locate UI element (Searching: ;[VisibleOnly]ControlType='Window' &amp;&amp; Name='Policies Auto-Renewed &amp; Auto-Lapsed' &amp;&amp; ClassName='ThunderRT6FormDC') (The object specified was not found.)
\0&lt;/a&gt;
E, 3240, 13, 2013/05/24, 08:58:56.869, 1112406480978, QTAgent32.exe, Playback - [IMAGE] C:\Users\testuser\AppData\Local\Temp\UITestLogs\LastRun\RPF7B06.png
\0
W, 3240, 13, 2013/05/24, 08:58:56.869, 1112406482562, QTAgent32.exe, Playback - [WARNING] Internal warning: Couldn't find descendants that match QueryId
\0
W, 3240, 13, 2013/05/24, 08:59:14.914, 1112664853586, QTAgent32.exe, Playback - [WARNING] Internal warning: Window Not Found: [VisibleOnly]ControlType='Window' &amp;&amp; Name='Policies Auto-Renewed &amp; Auto-Lapsed' &amp;&amp; ClassName='ThunderRT6FormDC'
\0
E, 3240, 13, 2013/05/24, 08:59:14.914, 1112664856302, QTAgent32.exe, &lt;a class=failure&gt;Playback - {191} [FAILED] Function ElementFetcher::FindScreenElement failed to locate UI element (Searching: ;[VisibleOnly]ControlType='Window' &amp;&amp; Name='Policies Auto-Renewed &amp; Auto-Lapsed' &amp;&amp; ClassName='ThunderRT6FormDC') (The object specified was not found.)
\0&lt;/a&gt;
E, 3240, 13, 2013/05/24, 08:59:14.966, 1112665601363, QTAgent32.exe, Playback - [IMAGE] C:\Users\testuser\AppData\Local\Temp\UITestLogs\LastRun\RPFC1B8.png
\0
W, 3240, 13, 2013/05/24, 08:59:14.966, 1112665602827, QTAgent32.exe, Playback - [WARNING] Internal warning: Couldn't find descendants that match QueryId
\0
W, 3240, 13, 2013/05/24, 08:59:14.966, 1112665605243, QTAgent32.exe, PERF WARNING: FindTopLevelWindowHelper::FindAllDescendents: took 18097 ms. Expected it to take maximum 500 ms.
W, 3240, 13, 2013/05/24, 08:59:15.419, 1112672079421, QTAgent32.exe, Playback - [WARNING] Internal warning: Smart Match failed
\0
W, 3240, 13, 2013/05/24, 08:59:15.603, 1112674714087, QTAgent32.exe, Playback - [WARNING] Internal warning: Smart Match failed
\0
W, 3240, 13, 2013/05/24, 08:59:15.786, 1112677335652, QTAgent32.exe, Playback - [WARNING] Internal warning: Smart Match failed
\0
W, 3240, 13, 2013/05/24, 08:59:15.978, 1112680083098, QTAgent32.exe, Playback - [WARNING] Internal warning: Smart Match failed
\0
W, 3240, 13, 2013/05/24, 08:59:16.167, 1112682790306, QTAgent32.exe, Playback - [WARNING] Internal warning: Smart Match failed
\0
W, 3240, 13, 2013/05/24, 08:59:16.354, 1112685474442, QTAgent32.exe, Playback - [WARNING] Internal warning: Smart Match failed
\0
W, 3240, 13, 2013/05/24, 08:59:16.541, 1112688143769, QTAgent32.exe, Playback - [WARNING] Internal warning: Smart Match failed
\0
W, 3240, 13, 2013/05/24, 08:59:16.725, 1112690775919, QTAgent32.exe, Playback - [WARNING] Internal warning: Smart Match failed
\0
W, 3240, 13, 2013/05/24, 08:59:16.909, 1112693408962, QTAgent32.exe, Playback - [WARNING] Internal warning: Smart Match failed
\0
W, 3240, 13, 2013/05/24, 08:59:17.092, 1112696042466, QTAgent32.exe, Playback - [WARNING] Internal warning: Smart Match failed
\0
W, 3240, 13, 2013/05/24, 08:59:17.275, 1112698655759, QTAgent32.exe, Playback - [WARNING] Internal warning: Smart Match failed
\0
W, 3240, 13, 2013/05/24, 08:59:17.457, 1112701267368, QTAgent32.exe, Playback - [WARNING] Internal warning: Smart Match failed
\0
W, 3240, 13, 2013/05/24, 08:59:17.654, 1112704079791, QTAgent32.exe, Playback - [WARNING] Internal warning: Smart Match failed
\0
W, 3240, 13, 2013/05/24, 08:59:17.835, 1112706681688, QTAgent32.exe, Playback - [WARNING] Internal warning: Smart Match failed
\0
W, 3240, 13, 2013/05/24, 08:59:18.019, 1112709304413, QTAgent32.exe, Playback - [WARNING] Internal warning: Smart Match failed
\0
W, 3240, 13, 2013/05/24, 08:59:18.093, 1112710363342, QTAgent32.exe, Playback - [WARNING] Internal warning: Window Not Found: [VisibleOnly]ControlType='Window' &amp;&amp; Name='Policies Auto-Renewed &amp; Auto-Lapsed' &amp;&amp; ClassName='ThunderRT6FormDC'
\0
E, 3240, 13, 2013/05/24, 08:59:18.093, 1112710364971, QTAgent32.exe, &lt;a class=failure&gt;Playback - {192} [FAILED] Function ElementFetcher::FindScreenElement failed to locate UI element (Searching: ;[VisibleOnly]ControlType='Window' &amp;&amp; Name='Policies Auto-Renewed &amp; Auto-Lapsed' &amp;&amp; ClassName='ThunderRT6FormDC') (The object specified was not found.)
\0&lt;/a&gt;
E, 3240, 13, 2013/05/24, 08:59:18.135, 1112710976832, QTAgent32.exe, Playback - [IMAGE] C:\Users\testuser\AppData\Local\Temp\UITestLogs\LastRun\RPFCE27.png
\0
W, 3240, 13, 2013/05/24, 08:59:18.135, 1112710978371, QTAgent32.exe, Playback - [WARNING] Internal warning: Couldn't find descendants that match QueryId
\0
W, 3240, 13, 2013/05/24, 08:59:18.136, 1112710980949, QTAgent32.exe, PERF WARNING: FindTopLevelWindowHelper::FindAllDescendents: took 3168 ms. Expected it to take maximum 500 ms.
E, 3240, 13, 2013/05/24, 08:59:18.136, 1112710982582, QTAgent32.exe, Exception: System.Runtime.InteropServices.COMException
	Message: Error HRESULT E_FAIL has been returned from a call to a COM component.
	Stack Trace:    at Microsoft.VisualStudio.TestTools.UITest.Playback.Engine.IRPFPlayback.FindAllScreenElements(IScreenElement pScreenElementStart, String bstrQueryId, Object&amp; pvarResKeys, Int32 cResKeys, Int32 nMaxDepth, Object[]&amp; foundDescendants)
   at Microsoft.VisualStudio.TestTools.UITest.Playback.ScreenElement.FindTopLevelWindowHelper(String queryId)
	BaseExceptionMessage: Error HRESULT E_FAIL has been returned from a call to a COM component.

E, 3240, 13, 2013/05/24, 08:59:18.236, 1112712421168, QTAgent32.exe, AL: Playback Error: Microsoft.VisualStudio.TestTools.UITest.Extension.UITestControlNotFoundException: The playback failed to find the control with the given search properties. Additional Details: 
TechnologyName:  'MSAA'
ControlType:  'Window'
Name:  'Policies Auto-Renewed &amp; Auto-Lapsed'
ClassName:  'ThunderRT6FormDC'
 ---&gt; System.Runtime.InteropServices.COMException: Error HRESULT E_FAIL has been returned from a call to a COM component.
   at Microsoft.VisualStudio.TestTools.UITest.Playback.Engine.IRPFPlayback.FindAllScreenElements(IScreenElement pScreenElementStart, String bstrQueryId, Object&amp; pvarResKeys, Int32 cResKeys, Int32 nMaxDepth, Object[]&amp; foundDescendants)
   at Microsoft.VisualStudio.TestTools.UITest.Playback.ScreenElement.FindTopLevelWindowHelper(String queryId)
   at Microsoft.VisualStudio.TestTools.UITest.Playback.ScreenElement.FindFromPartialQueryId(String queryId)
   at Microsoft.VisualStudio.TestTools.UITesting.UITestControl..ctor(String queryId)
   --- End of inner exception stack trace ---
   at Microsoft.VisualStudio.TestTools.UITesting.Playback.MapControlNotFoundException(COMException ex, IPlaybackContext context)
   at Microsoft.VisualStudio.TestTools.UITesting.Playback.MapAndThrowComException(COMException innerException, IPlaybackContext context)
   at Microsoft.VisualStudio.TestTools.UITesting.Playback.MapAndThrowException(SystemException exception, IPlaybackContext context)
   at Microsoft.VisualStudio.TestTools.UITesting.Playback.MapAndThrowException(SystemException exception, String queryId)
   at Microsoft.VisualStudio.TestTools.UITesting.UITestControl..ctor(String queryId)
   at Microsoft.VisualStudio.TestTools.UITesting.SearchHelper.SearchTopLevelWindow(ISearchArgument topLevelSearchArg, String topLevelElementQueryId)
   at Microsoft.VisualStudio.TestTools.UITesting.SearchHelper.GetTitleUpdatedTopLevelWindow(ISearchArgument topLevelSearchArg, String queryId, IList`1 windowTitles)
   at Microsoft.VisualStudio.TestTools.UITesting.SearchHelper.GetTopLevelElement(Boolean useCache, Boolean useCacheOnly, ISearchArgument searchArg, IList`1 windowTitles, Int32&amp; timeLeft)
   at Microsoft.VisualStudio.TestTools.UITesting.SearchHelper.GetElement(Boolean useCache, ISearchArgument searchArg)
   at Microsoft.VisualStudio.TestTools.UITesting.SearchHelper.Search(ISearchArgument searchArg)
   at Microsoft.VisualStudio.TestTools.UITesting.UITestControl.FindInternal()
   at Microsoft.VisualStudio.TestTools.UITesting.UITestControl.FindControlIfNecessary()
   at Microsoft.VisualStudio.TestTools.UITesting.UITestControl.Click(MouseButtons button, ModifierKeys modifierKeys, Point relativeCoordinates)
   at Microsoft.VisualStudio.TestTools.UITesting.Mouse.ClickImplementation(UITestControl control, MouseButtons button, ModifierKeys modifierKeys, Point relativeCoordinate)
   at Microsoft.VisualStudio.TestTools.UITesting.Mouse.ClickImplementationWrapper(UITestControl control, MouseButtons button, ModifierKeys modifierKeys, Point relativeCoordinate)
W, 3240, 13, 2013/05/24, 08:59:18.236, 1112712422319, QTAgent32.exe, PlaybackErrorHandler: Ignoring exception as ContinueOnError is set.
W, 3240, 13, 2013/05/24, 08:59:18.400, 1112714761064, QTAgent32.exe, &lt;a class=success&gt;Playback - {193} [SUCCESS] MouseButtonClick - "[MSAA, VisibleOnly]ControlType='Button' &amp;&amp; Name='EDI Match...'"
\0&lt;/a&gt;
W, 3240, 13, 2013/05/24, 08:59:18.631, 1112718073192, QTAgent32.exe, &lt;a class=success&gt;Playback - {194} [SUCCESS] MouseButtonClick - "[MSAA, VisibleOnly]ControlType='Button' &amp;&amp; Name='Ok'"
\0&lt;/a&gt;
W, 3240, 13, 2013/05/24, 08:59:20.648, 1112746954816, QTAgent32.exe, PERF WARNING: FindTopLevelWindowHelper::FindAllDescendents: took 1915 ms. Expected it to take maximum 500 ms.
W, 3240, 13, 2013/05/24, 08:59:20.775, 1112748773180, QTAgent32.exe, &lt;a class=success&gt;Playback - {195} [SUCCESS] MouseButtonClick - "[MSAA, VisibleOnly]ControlType='Button' &amp;&amp; Name='OK'"
\0&lt;/a&gt;
W, 3240, 13, 2013/05/24, 08:59:22.384, 1112771804923, QTAgent32.exe, Playback - [WARNING] Internal warning: Element "[MSAA, VisibleOnly]ControlType='Window' &amp;&amp; ControlId='5'" was not found, so all intermediate elements were ignored. To improve performance replace this element Id with another Id or exclude it from QueryId. If this element is the target element, replace or remove intermediate elements
\0
W, 3240, 13, 2013/05/24, 08:59:24.910, 1112807981713, QTAgent32.exe, Playback - [WARNING] Internal warning:Search failure: &lt;[MSAA, VisibleOnly]ControlType='Window' &amp;&amp; ControlId='32768'&gt; | Performed (4) search retries, UI element not found
\0
E, 3240, 13, 2013/05/24, 08:59:24.911, 1112807984114, QTAgent32.exe, &lt;a class=failure&gt;Playback - {196} [FAILED] Function ElementFetcher::FindScreenElement failed to locate UI element (Searching: ;[MSAA, VisibleOnly]ControlType='Window' &amp;&amp; ControlId='32768';[MSAA, VisibleOnly]ControlType='Window' &amp;&amp; ControlId='5';[MSAA, VisibleOnly]ControlType='Button' &amp;&amp; Name='Log and Clear') (The object specified was not found.)
\0&lt;/a&gt;
E, 3240, 13, 2013/05/24, 08:59:24.959, 1112808672305, QTAgent32.exe, Playback - [IMAGE] C:\Users\testuser\AppData\Local\Temp\UITestLogs\LastRun\RPFE8C9.png
\0
W, 3240, 13, 2013/05/24, 08:59:24.959, 1112808673756, QTAgent32.exe, Playback - [WARNING] Internal warning: Couldn't find descendants that match QueryId
\0
W, 3240, 13, 2013/05/24, 08:59:24.959, 1112808676045, QTAgent32.exe, PERF WARNING: FindAllDescendents: took 4082 ms. Expected it to take maximum 500 ms.
E, 3240, 13, 2013/05/24, 08:59:25.067, 1112810229853, QTAgent32.exe, AL: Playback Error: Microsoft.VisualStudio.TestTools.UITest.Extension.UITestControlNotFoundException: The playback failed to find the control with the given search properties. Additional Details: 
TechnologyName:  'MSAA'
ControlType:  'Button'
Name:  'Log and Clear'
 ---&gt; System.Runtime.InteropServices.COMException: Error HRESULT E_FAIL has been returned from a call to a COM component.
   at Microsoft.VisualStudio.TestTools.UITest.Playback.Engine.IScreenElement.FindAllDescendants(String bstrQueryId, Object&amp; pvarResKeys, Int32 cResKeys, Int32 nMaxDepth)
   at Microsoft.VisualStudio.TestTools.UITest.Playback.ScreenElement.FindAllScreenElement(String queryId, Int32 depth, Boolean singleQueryId, Boolean throwException)
   at Microsoft.VisualStudio.TestTools.UITest.Playback.ScreenElement.FindScreenElement(String queryId, Int32 depth)
   at Microsoft.VisualStudio.TestTools.UITesting.UITestControl.FindFirstDescendant(String queryId, Int32 maxDepth, Int32&amp; timeLeft)
   --- End of inner exception stack trace ---
   at Microsoft.VisualStudio.TestTools.UITesting.Playback.MapControlNotFoundException(COMException ex, IPlaybackContext context)
   at Microsoft.VisualStudio.TestTools.UITesting.Playback.MapAndThrowComException(COMException innerException, IPlaybackContext context)
   at Microsoft.VisualStudio.TestTools.UITesting.Playback.MapAndThrowException(SystemException exception, IPlaybackContext context)
   at Microsoft.VisualStudio.TestTools.UITesting.Playback.MapAndThrowException(SystemException exception, String queryId)
   at Microsoft.VisualStudio.TestTools.UITesting.UITestControl.FindFirstDescendant(String queryId, Int32 maxDepth, Int32&amp; timeLeft)
   at Microsoft.VisualStudio.TestTools.UITesting.SearchHelper.GetElement(Boolean useCache, ISearchArgument searchArg)
   at Microsoft.VisualStudio.TestTools.UITesting.SearchHelper.Search(ISearchArgument searchArg)
   at Microsoft.VisualStudio.TestTools.UITesting.UITestControl.FindInternal()
   at Microsoft.VisualStudio.TestTools.UITesting.UITestControl.FindControlIfNecessary()
   at Microsoft.VisualStudio.TestTools.UITesting.UITestControl.Click(MouseButtons button, ModifierKeys modifierKeys, Point relativeCoordinates)
   at Microsoft.VisualStudio.TestTools.UITesting.Mouse.ClickImplementation(UITestControl control, MouseButtons button, ModifierKeys modifierKeys, Point relativeCoordinate)
   at Microsoft.VisualStudio.TestTools.UITesting.Mouse.ClickImplementationWrapper(UITestControl control, MouseButtons button, ModifierKeys modifierKeys, Point relativeCoordinate)
W, 3240, 13, 2013/05/24, 08:59:25.068, 1112810231424, QTAgent32.exe, PlaybackErrorHandler: Ignoring exception as ContinueOnError is set.
W, 3240, 13, 2013/05/24, 08:59:25.303, 1112813606774, QTAgent32.exe, Playback - [WARNING] Internal warning: Window Not Found: [VisibleOnly]ControlType='Window' &amp;&amp; Name='Personal Lines' &amp;&amp; ClassName='#32770'
\0
E, 3240, 13, 2013/05/24, 08:59:25.303, 1112813608932, QTAgent32.exe, &lt;a class=failure&gt;Playback - {197} [FAILED] Function ElementFetcher::FindScreenElement failed to locate UI element (Searching: ;[VisibleOnly]ControlType='Window' &amp;&amp; Name='Personal Lines' &amp;&amp; ClassName='#32770') (The object specified was not found.)
\0&lt;/a&gt;
E, 3240, 13, 2013/05/24, 08:59:25.344, 1112814190277, QTAgent32.exe, Playback - [IMAGE] C:\Users\testuser\AppData\Local\Temp\UITestLogs\LastRun\RPFEA50.png
\0
W, 3240, 13, 2013/05/24, 08:59:25.344, 1112814191800, QTAgent32.exe, Playback - [WARNING] Internal warning: Couldn't find descendants that match QueryId
\0
W, 3240, 13, 2013/05/24, 08:59:43.396, 1113072653531, QTAgent32.exe, Playback - [WARNING] Internal warning: Window Not Found: [VisibleOnly]ControlType='Window' &amp;&amp; Name='Personal Lines' &amp;&amp; ClassName='#32770'
\0
E, 3240, 13, 2013/05/24, 08:59:43.396, 1113072655724, QTAgent32.exe, &lt;a class=failure&gt;Playback - {198} [FAILED] Function ElementFetcher::FindScreenElement failed to locate UI element (Searching: ;[VisibleOnly]ControlType='Window' &amp;&amp; Name='Personal Lines' &amp;&amp; ClassName='#32770') (The object specified was not found.)
\0&lt;/a&gt;
E, 3240, 13, 2013/05/24, 08:59:43.442, 1113073317895, QTAgent32.exe, Playback - [IMAGE] C:\Users\testuser\AppData\Local\Temp\UITestLogs\LastRun\RPF3101.png
\0
W, 3240, 13, 2013/05/24, 08:59:43.442, 1113073319464, QTAgent32.exe, Playback - [WARNING] Internal warning: Couldn't find descendants that match QueryId
\0
W, 3240, 13, 2013/05/24, 08:59:43.442, 1113073321906, QTAgent32.exe, PERF WARNING: FindTopLevelWindowHelper::FindAllDescendents: took 18097 ms. Expected it to take maximum 500 ms.
W, 3240, 13, 2013/05/24, 08:59:43.896, 1113079822928, QTAgent32.exe, Playback - [WARNING] Internal warning: Smart Match failed
\0
W, 3240, 13, 2013/05/24, 08:59:44.087, 1113082548738, QTAgent32.exe, Playback - [WARNING] Internal warning: Smart Match failed
\0
W, 3240, 13, 2013/05/24, 08:59:44.285, 1113085386982, QTAgent32.exe, Playback - [WARNING] Internal warning: Smart Match failed
\0
W, 3240, 13, 2013/05/24, 08:59:44.470, 1113088045305, QTAgent32.exe, Playback - [WARNING] Internal warning: Smart Match failed
\0
W, 3240, 13, 2013/05/24, 08:59:44.658, 1113090729635, QTAgent32.exe, Playback - [WARNING] Internal warning: Smart Match failed
\0
W, 3240, 13, 2013/05/24, 08:59:44.846, 1113093429657, QTAgent32.exe, Playback - [WARNING] Internal warning: Smart Match failed
\0
W, 3240, 13, 2013/05/24, 08:59:45.035, 1113096123827, QTAgent32.exe, Playback - [WARNING] Internal warning: Smart Match failed
\0
W, 3240, 13, 2013/05/24, 08:59:45.217, 1113098730601, QTAgent32.exe, Playback - [WARNING] Internal warning: Smart Match failed
\0
W, 3240, 13, 2013/05/24, 08:59:45.401, 1113101372719, QTAgent32.exe, Playback - [WARNING] Internal warning: Smart Match failed
\0
W, 3240, 13, 2013/05/24, 08:59:45.587, 1113104040023, QTAgent32.exe, Playback - [WARNING] Internal warning: Smart Match failed
\0
W, 3240, 13, 2013/05/24, 08:59:45.774, 1113106712160, QTAgent32.exe, Playback - [WARNING] Internal warning: Smart Match failed
\0
W, 3240, 13, 2013/05/24, 08:59:45.961, 1113109395515, QTAgent32.exe, Playback - [WARNING] Internal warning: Smart Match failed
\0
W, 3240, 13, 2013/05/24, 08:59:46.145, 1113112023658, QTAgent32.exe, Playback - [WARNING] Internal warning: Smart Match failed
\0
W, 3240, 13, 2013/05/24, 08:59:46.335, 1113114749571, QTAgent32.exe, Playback - [WARNING] Internal warning: Smart Match failed
\0
W, 3240, 13, 2013/05/24, 08:59:46.524, 1113117457384, QTAgent32.exe, Playback - [WARNING] Internal warning: Smart Match failed
\0
W, 3240, 13, 2013/05/24, 08:59:46.605, 1113118606609, QTAgent32.exe, Playback - [WARNING] Internal warning: Window Not Found: [VisibleOnly]ControlType='Window' &amp;&amp; Name='Personal Lines' &amp;&amp; ClassName='#32770'
\0
E, 3240, 13, 2013/05/24, 08:59:46.605, 1113118608173, QTAgent32.exe, &lt;a class=failure&gt;Playback - {199} [FAILED] Function ElementFetcher::FindScreenElement failed to locate UI element (Searching: ;[VisibleOnly]ControlType='Window' &amp;&amp; Name='Personal Lines' &amp;&amp; ClassName='#32770') (The object specified was not found.)
\0&lt;/a&gt;
E, 3240, 13, 2013/05/24, 08:59:46.653, 1113119296592, QTAgent32.exe, Playback - [IMAGE] C:\Users\testuser\AppData\Local\Temp\UITestLogs\LastRun\RPF3D90.png
\0
W, 3240, 13, 2013/05/24, 08:59:46.653, 1113119298148, QTAgent32.exe, Playback - [WARNING] Internal warning: Couldn't find descendants that match QueryId
\0
W, 3240, 13, 2013/05/24, 08:59:46.653, 1113119300731, QTAgent32.exe, PERF WARNING: FindTopLevelWindowHelper::FindAllDescendents: took 3211 ms. Expected it to take maximum 500 ms.
E, 3240, 13, 2013/05/24, 08:59:46.653, 1113119302343, QTAgent32.exe, Exception: System.Runtime.InteropServices.COMException
	Message: Error HRESULT E_FAIL has been returned from a call to a COM component.
	Stack Trace:    at Microsoft.VisualStudio.TestTools.UITest.Playback.Engine.IRPFPlayback.FindAllScreenElements(IScreenElement pScreenElementStart, String bstrQueryId, Object&amp; pvarResKeys, Int32 cResKeys, Int32 nMaxDepth, Object[]&amp; foundDescendants)
   at Microsoft.VisualStudio.TestTools.UITest.Playback.ScreenElement.FindTopLevelWindowHelper(String queryId)
	BaseExceptionMessage: Error HRESULT E_FAIL has been returned from a call to a COM component.

E, 3240, 13, 2013/05/24, 08:59:46.653, 1113119305691, QTAgent32.exe, GetClassName for handle 263796 failed
E, 3240, 13, 2013/05/24, 08:59:46.654, 1113119314676, QTAgent32.exe, Window 263796 not responding. Last Win32 error 1400
E, 3240, 13, 2013/05/24, 08:59:46.654, 1113119315614, QTAgent32.exe, GetClassName for handle 263796 failed
E, 3240, 13, 2013/05/24, 08:59:46.654, 1113119319089, QTAgent32.exe, Window 263810 not responding. Last Win32 error 1400
E, 3240, 13, 2013/05/24, 08:59:46.654, 1113119319846, QTAgent32.exe, GetClassName for handle 263810 failed
E, 3240, 13, 2013/05/24, 08:59:46.755, 1113120756819, QTAgent32.exe, AL: Playback Error: Microsoft.VisualStudio.TestTools.UITest.Extension.UITestControlNotAvailableException: The control is not available or not valid. Additional Details: 
TechnologyName:  'MSAA'
Name:  'OK'
ControlType:  'Button'
 ---&gt; Microsoft.VisualStudio.TestTools.UITest.Extension.UITestControlNotAvailableException: The control is not available or not valid. Additional Details: 
TechnologyName:  'MSAA'
ControlType:  'Window'
 ---&gt; System.Runtime.InteropServices.COMException: Error HRESULT E_FAIL has been returned from a call to a COM component.
   at Microsoft.VisualStudio.TestTools.UITest.Playback.Engine.IRPFPlayback.FindAllScreenElements(IScreenElement pScreenElementStart, String bstrQueryId, Object&amp; pvarResKeys, Int32 cResKeys, Int32 nMaxDepth, Object[]&amp; foundDescendants)
   at Microsoft.VisualStudio.TestTools.UITest.Playback.ScreenElement.FindTopLevelWindowHelper(String queryId)
   at Microsoft.VisualStudio.TestTools.UITest.Playback.ScreenElement.FindFromPartialQueryId(String queryId)
   at Microsoft.VisualStudio.TestTools.UITesting.UITestControl.EnsureValid(Boolean waitForReady, Boolean refetch)
   --- End of inner exception stack trace ---
   at Microsoft.VisualStudio.TestTools.UITesting.UITestControl.EnsureValid(Boolean waitForReady, Boolean refetch)
   at Microsoft.VisualStudio.TestTools.UITesting.UITestControl.FindFirstDescendant(String queryId, Int32 maxDepth, Int32&amp; timeLeft)
   at Microsoft.VisualStudio.TestTools.UITesting.UITestControl.FindFirstDescendant(String queryId)
   at Microsoft.VisualStudio.TestTools.UITesting.UITestControl.EnsureValid(Boolean waitForReady, Boolean refetch)
   --- End of inner exception stack trace ---
   at Microsoft.VisualStudio.TestTools.UITesting.UITestControl.EnsureValid(Boolean waitForReady, Boolean refetch)
   at Microsoft.VisualStudio.TestTools.UITesting.UITestControl.Click(MouseButtons button, ModifierKeys modifierKeys, Point relativeCoordinates)
   at Microsoft.VisualStudio.TestTools.UITesting.Mouse.ClickImplementation(UITestControl control, MouseButtons button, ModifierKeys modifierKeys, Point relativeCoordinate)
   at Microsoft.VisualStudio.TestTools.UITesting.Mouse.ClickImplementationWrapper(UITestControl control, MouseButtons button, ModifierKeys modifierKeys, Point relativeCoordinate)
W, 3240, 13, 2013/05/24, 08:59:46.755, 1113120758402, QTAgent32.exe, PlaybackErrorHandler: Ignoring exception as ContinueOnError is set.
W, 3240, 13, 2013/05/24, 08:59:46.903, 1113122874685, QTAgent32.exe, &lt;a class=success&gt;Playback - {200} [SUCCESS] MouseButtonClick - "[MSAA, VisibleOnly]ControlType='Button' &amp;&amp; Name='Filter...'"
\0&lt;/a&gt;
W, 3240, 13, 2013/05/24, 08:59:47.107, 1113125795704, QTAgent32.exe, &lt;a class=success&gt;Playback - {201} [SUCCESS] SendKeys "^{HOME}" - "[MSAA, VisibleOnly]ControlType='Edit'"
\0&lt;/a&gt;
E, 3240, 13, 2013/05/24, 08:59:47.107, 1113125797567, QTAgent32.exe, Msaa.GetFocusedElement: could not find accessible object of foreground window
W, 3240, 13, 2013/05/24, 08:59:47.171, 1113126712125, QTAgent32.exe, &lt;a class=success&gt;Playback - {202} [SUCCESS] SendKeys "^+{END}" - "[MSAA, VisibleOnly]ControlType='Edit'"
\0&lt;/a&gt;
E, 3240, 13, 2013/05/24, 08:59:47.171, 1113126713403, QTAgent32.exe, Msaa.GetFocusedElement: could not find accessible object of foreground window
W, 3240, 13, 2013/05/24, 08:59:47.183, 1113126884706, QTAgent32.exe, &lt;a class=success&gt;Playback - {203} [SUCCESS] SendKeys "{DELETE}" - "[MSAA, VisibleOnly]ControlType='Edit'"
\0&lt;/a&gt;
W, 3240, 13, 2013/05/24, 08:59:47.400, 1113129994165, QTAgent32.exe, &lt;a class=success&gt;Playback - {204} [SUCCESS] SetValueAsEditBox "31/05/13" - "[MSAA, VisibleOnly]ControlType='Edit'"  &lt; Set via SendKeys &gt;
\0&lt;/a&gt;
W, 3240, 13, 2013/05/24, 08:59:47.613, 1113133034518, QTAgent32.exe, &lt;a class=success&gt;Playback - {205} [SUCCESS] SendKeys "^{HOME}" - "[MSAA, VisibleOnly]ControlType='Edit'"
\0&lt;/a&gt;
E, 3240, 13, 2013/05/24, 08:59:47.613, 1113133036541, QTAgent32.exe, Msaa.GetFocusedElement: could not find accessible object of foreground window
W, 3240, 13, 2013/05/24, 08:59:47.671, 1113133865213, QTAgent32.exe, &lt;a class=success&gt;Playback - {206} [SUCCESS] SendKeys "^+{END}" - "[MSAA, VisibleOnly]ControlType='Edit'"
\0&lt;/a&gt;
E, 3240, 13, 2013/05/24, 08:59:47.671, 1113133866706, QTAgent32.exe, Msaa.GetFocusedElement: could not find accessible object of foreground window
W, 3240, 13, 2013/05/24, 08:59:47.683, 1113134037119, QTAgent32.exe, &lt;a class=success&gt;Playback - {207} [SUCCESS] SendKeys "{DELETE}" - "[MSAA, VisibleOnly]ControlType='Edit'"
\0&lt;/a&gt;
W, 3240, 13, 2013/05/24, 08:59:47.898, 1113137125464, QTAgent32.exe, &lt;a class=success&gt;Playback - {208} [SUCCESS] SetValueAsEditBox "31/05/13" - "[MSAA, VisibleOnly]ControlType='Edit'"  &lt; Set via SendKeys &gt;
\0&lt;/a&gt;
W, 3240, 13, 2013/05/24, 08:59:48.258, 1113142277815, QTAgent32.exe, Playback - [WARNING] Internal warning: Incorrect flag set for InvokeProgrammaticAction\0
W, 3240, 13, 2013/05/24, 08:59:48.381, 1113144030166, QTAgent32.exe, &lt;a class=success&gt;Playback - {209} [SUCCESS] SetValueAsComboBox "Household" - "[MSAA, VisibleOnly]ControlType='ComboBox'"  &lt; SetValueAsComboBox, set by clicking on the item in the list box &gt;
\0&lt;/a&gt;
W, 3240, 13, 2013/05/24, 08:59:48.650, 1113147888875, QTAgent32.exe, &lt;a class=success&gt;Playback - {210} [SUCCESS] MouseButtonClick - "[MSAA, VisibleOnly]ControlType='Button' &amp;&amp; Name='Ok'"
\0&lt;/a&gt;
W, 3240, 13, 2013/05/24, 08:59:48.879, 1113151165273, QTAgent32.exe, &lt;a class=success&gt;Playback - {211} [SUCCESS] MouseButtonClick - "[MSAA, VisibleOnly]ControlType='Client'"
\0&lt;/a&gt;
W, 3240, 13, 2013/05/24, 08:59:49.760, 1113163789283, QTAgent32.exe, &lt;a class=success&gt;Playback - {212} [SUCCESS] MouseButtonClick - "[MSAA, VisibleOnly]ControlType='Client'"
\0&lt;/a&gt;
W, 3240, 13, 2013/05/24, 08:59:49.930, 1113166221640, QTAgent32.exe, &lt;a class=success&gt;Playback - {213} [SUCCESS] SendKeys "{Home}" - "[MSAA, VisibleOnly]ControlType='Client'"
\0&lt;/a&gt;
W, 3240, 13, 2013/05/24, 08:59:50.172, 1113169688230, QTAgent32.exe, &lt;a class=success&gt;Playback - {214} [SUCCESS] MouseButtonClick - "[MSAA, VisibleOnly]ControlType='Button' &amp;&amp; Name='Display Record...'"
\0&lt;/a&gt;
W, 3240, 13, 2013/05/24, 08:59:50.411, 1113173103234, QTAgent32.exe, &lt;a class=success&gt;Playback - {215} [SUCCESS] MouseButtonClick - "[MSAA, VisibleOnly]ControlType='Button' &amp;&amp; Name='Invite'"
\0&lt;/a&gt;
W, 3240, 13, 2013/05/24, 08:59:50.637, 1113176344765, QTAgent32.exe, &lt;a class=success&gt;Playback - {216} [SUCCESS] MouseButtonClick - "[MSAA, VisibleOnly]ControlType='Button' &amp;&amp; Name='OK'"
\0&lt;/a&gt;
W, 3240, 13, 2013/05/24, 08:59:50.948, 1113180798726, QTAgent32.exe, &lt;a class=success&gt;Playback - {217} [SUCCESS] MouseButtonClick - "[MSAA, VisibleOnly]ControlType='Button' &amp;&amp; Name='Ok'"
\0&lt;/a&gt;
W, 3240, 13, 2013/05/24, 08:59:52.863, 1113208211627, QTAgent32.exe, Playback - [WARNING] Internal warning: Window Not Found: [VisibleOnly]ControlType='Window' &amp;&amp; Name='Personal Lines' &amp;&amp; ClassName='#32770'
\0
E, 3240, 13, 2013/05/24, 08:59:52.863, 1113208213940, QTAgent32.exe, &lt;a class=failure&gt;Playback - {218} [FAILED] Function ElementFetcher::FindScreenElement failed to locate UI element (Searching: ;[VisibleOnly]ControlType='Window' &amp;&amp; Name='Personal Lines' &amp;&amp; ClassName='#32770') (The object specified was not found.)
\0&lt;/a&gt;
E, 3240, 13, 2013/05/24, 08:59:52.908, 1113208850160, QTAgent32.exe, Playback - [IMAGE] C:\Users\testuser\AppData\Local\Temp\UITestLogs\LastRun\RPF5601.png
\0
W, 3240, 13, 2013/05/24, 08:59:52.908, 1113208851766, QTAgent32.exe, Playback - [WARNING] Internal warning: Couldn't find descendants that match QueryId
\0
W, 3240, 13, 2013/05/24, 08:59:52.908, 1113208854164, QTAgent32.exe, PERF WARNING: FindTopLevelWindowHelper::FindAllDescendents: took 1859 ms. Expected it to take maximum 500 ms.
W, 3240, 13, 2013/05/24, 09:00:11.009, 1113468023094, QTAgent32.exe, Playback - [WARNING] Internal warning: Window Not Found: [VisibleOnly]ControlType='Window' &amp;&amp; Name='Personal Lines' &amp;&amp; ClassName='#32770'
\0
E, 3240, 13, 2013/05/24, 09:00:11.009, 1113468025320, QTAgent32.exe, &lt;a class=failure&gt;Playback - {219} [FAILED] Function ElementFetcher::FindScreenElement failed to locate UI element (Searching: ;[VisibleOnly]ControlType='Window' &amp;&amp; Name='Personal Lines' &amp;&amp; ClassName='#32770') (The object specified was not found.)
\0&lt;/a&gt;
E, 3240, 13, 2013/05/24, 09:00:11.058, 1113468725936, QTAgent32.exe, Playback - [IMAGE] C:\Users\testuser\AppData\Local\Temp\UITestLogs\LastRun\RPF9CE0.png
\0
W, 3240, 13, 2013/05/24, 09:00:11.058, 1113468727486, QTAgent32.exe, Playback - [WARNING] Internal warning: Couldn't find descendants that match QueryId
\0
W, 3240, 13, 2013/05/24, 09:00:11.058, 1113468730026, QTAgent32.exe, PERF WARNING: FindTopLevelWindowHelper::FindAllDescendents: took 18149 ms. Expected it to take maximum 500 ms.
W, 3240, 13, 2013/05/24, 09:00:11.512, 1113475236599, QTAgent32.exe, Playback - [WARNING] Internal warning: Smart Match failed
\0
W, 3240, 13, 2013/05/24, 09:00:11.713, 1113478109693, QTAgent32.exe, Playback - [WARNING] Internal warning: Smart Match failed
\0
W, 3240, 13, 2013/05/24, 09:00:11.912, 1113480955580, QTAgent32.exe, Playback - [WARNING] Internal warning: Smart Match failed
\0
W, 3240, 13, 2013/05/24, 09:00:12.107, 1113483755400, QTAgent32.exe, Playback - [WARNING] Internal warning: Smart Match failed
\0
W, 3240, 13, 2013/05/24, 09:00:12.304, 1113486565010, QTAgent32.exe, Playback - [WARNING] Internal warning: Smart Match failed
\0
W, 3240, 13, 2013/05/24, 09:00:12.500, 1113489375143, QTAgent32.exe, Playback - [WARNING] Internal warning: Smart Match failed
\0
W, 3240, 13, 2013/05/24, 09:00:12.696, 1113492191611, QTAgent32.exe, Playback - [WARNING] Internal warning: Smart Match failed
\0
W, 3240, 13, 2013/05/24, 09:00:12.893, 1113495004415, QTAgent32.exe, Playback - [WARNING] Internal warning: Smart Match failed
\0
W, 3240, 13, 2013/05/24, 09:00:13.084, 1113497740766, QTAgent32.exe, Playback - [WARNING] Internal warning: Smart Match failed
\0
W, 3240, 13, 2013/05/24, 09:00:13.275, 1113500480901, QTAgent32.exe, Playback - [WARNING] Internal warning: Smart Match failed
\0
W, 3240, 13, 2013/05/24, 09:00:13.467, 1113503229593, QTAgent32.exe, Playback - [WARNING] Internal warning: Smart Match failed
\0
W, 3240, 13, 2013/05/24, 09:00:13.660, 1113505983650, QTAgent32.exe, Playback - [WARNING] Internal warning: Smart Match failed
\0
W, 3240, 13, 2013/05/24, 09:00:13.857, 1113508813066, QTAgent32.exe, Playback - [WARNING] Internal warning: Smart Match failed
\0
W, 3240, 13, 2013/05/24, 09:00:14.059, 1113511708476, QTAgent32.exe, Playback - [WARNING] Internal warning: Smart Match failed
\0
W, 3240, 13, 2013/05/24, 09:00:14.151, 1113513014584, QTAgent32.exe, Playback - [WARNING] Internal warning: Window Not Found: [VisibleOnly]ControlType='Window' &amp;&amp; Name='Personal Lines' &amp;&amp; ClassName='#32770'
\0
E, 3240, 13, 2013/05/24, 09:00:14.151, 1113513016506, QTAgent32.exe, &lt;a class=failure&gt;Playback - {220} [FAILED] Function ElementFetcher::FindScreenElement failed to locate UI element (Searching: ;[VisibleOnly]ControlType='Window' &amp;&amp; Name='Personal Lines' &amp;&amp; ClassName='#32770') (The object specified was not found.)
\0&lt;/a&gt;
E, 3240, 13, 2013/05/24, 09:00:14.194, 1113513636687, QTAgent32.exe, Playback - [IMAGE] C:\Users\testuser\AppData\Local\Temp\UITestLogs\LastRun\RPFA921.png
\0
W, 3240, 13, 2013/05/24, 09:00:14.194, 1113513638337, QTAgent32.exe, Playback - [WARNING] Internal warning: Couldn't find descendants that match QueryId
\0
W, 3240, 13, 2013/05/24, 09:00:14.194, 1113513640787, QTAgent32.exe, PERF WARNING: FindTopLevelWindowHelper::FindAllDescendents: took 3136 ms. Expected it to take maximum 500 ms.
E, 3240, 13, 2013/05/24, 09:00:14.194, 1113513642386, QTAgent32.exe, Exception: System.Runtime.InteropServices.COMException
	Message: Error HRESULT E_FAIL has been returned from a call to a COM component.
	Stack Trace:    at Microsoft.VisualStudio.TestTools.UITest.Playback.Engine.IRPFPlayback.FindAllScreenElements(IScreenElement pScreenElementStart, String bstrQueryId, Object&amp; pvarResKeys, Int32 cResKeys, Int32 nMaxDepth, Object[]&amp; foundDescendants)
   at Microsoft.VisualStudio.TestTools.UITest.Playback.ScreenElement.FindTopLevelWindowHelper(String queryId)
	BaseExceptionMessage: Error HRESULT E_FAIL has been returned from a call to a COM component.

E, 3240, 13, 2013/05/24, 09:00:14.195, 1113513647345, QTAgent32.exe, Window 263796 not responding. Last Win32 error 0
E, 3240, 13, 2013/05/24, 09:00:14.195, 1113513649003, QTAgent32.exe, GetClassName for handle 263796 failed
E, 3240, 13, 2013/05/24, 09:00:14.295, 1113515087844, QTAgent32.exe, AL: Playback Error: Microsoft.VisualStudio.TestTools.UITest.Extension.UITestControlNotAvailableException: The control is not available or not valid. Additional Details: 
TechnologyName:  'MSAA'
ControlType:  'Window'
 ---&gt; System.Runtime.InteropServices.COMException: Error HRESULT E_FAIL has been returned from a call to a COM component.
   at Microsoft.VisualStudio.TestTools.UITest.Playback.Engine.IRPFPlayback.FindAllScreenElements(IScreenElement pScreenElementStart, String bstrQueryId, Object&amp; pvarResKeys, Int32 cResKeys, Int32 nMaxDepth, Object[]&amp; foundDescendants)
   at Microsoft.VisualStudio.TestTools.UITest.Playback.ScreenElement.FindTopLevelWindowHelper(String queryId)
   at Microsoft.VisualStudio.TestTools.UITest.Playback.ScreenElement.FindFromPartialQueryId(String queryId)
   at Microsoft.VisualStudio.TestTools.UITesting.UITestControl.EnsureValid(Boolean waitForReady, Boolean refetch)
   --- End of inner exception stack trace ---
   at Microsoft.VisualStudio.TestTools.UITesting.UITestControl.EnsureValid(Boolean waitForReady, Boolean refetch)
   at Microsoft.VisualStudio.TestTools.UITesting.UITestControl.FindFirstDescendant(String queryId, Int32 maxDepth, Int32&amp; timeLeft)
   at Microsoft.VisualStudio.TestTools.UITesting.SearchHelper.GetElement(Boolean useCache, ISearchArgument searchArg)
   at Microsoft.VisualStudio.TestTools.UITesting.SearchHelper.Search(ISearchArgument searchArg)
   at Microsoft.VisualStudio.TestTools.UITesting.UITestControl.FindInternal()
   at Microsoft.VisualStudio.TestTools.UITesting.UITestControl.FindControlIfNecessary()
   at Microsoft.VisualStudio.TestTools.UITesting.UITestControl.Click(MouseButtons button, ModifierKeys modifierKeys, Point relativeCoordinates)
   at Microsoft.VisualStudio.TestTools.UITesting.Mouse.ClickImplementation(UITestControl control, MouseButtons button, ModifierKeys modifierKeys, Point relativeCoordinate)
   at Microsoft.VisualStudio.TestTools.UITesting.Mouse.ClickImplementationWrapper(UITestControl control, MouseButtons button, ModifierKeys modifierKeys, Point relativeCoordinate)
W, 3240, 13, 2013/05/24, 09:00:14.295, 1113515089216, QTAgent32.exe, PlaybackErrorHandler: Ignoring exception as ContinueOnError is set.
W, 3240, 13, 2013/05/24, 09:00:14.431, 1113517035601, QTAgent32.exe, &lt;a class=success&gt;Playback - {221} [SUCCESS] Check - "[MSAA, VisibleOnly]ControlType='CheckBox' &amp;&amp; Name='Defer Printing?'"
\0&lt;/a&gt;
W, 3240, 13, 2013/05/24, 09:00:14.996, 1113525108911, QTAgent32.exe, &lt;a class=success&gt;Playback - {222} [SUCCESS] MouseButtonClick - "[MSAA, VisibleOnly]ControlType='Button' &amp;&amp; Name='Ok'"
\0&lt;/a&gt;
W, 3240, 13, 2013/05/24, 09:00:15.096, 1113526541118, QTAgent32.exe, Playback - [WARNING] Internal warning: Thread state based WFR - Requested element has invalid HWND
\0
W, 3240, 13, 2013/05/24, 09:00:15.096, 1113526542269, QTAgent32.exe, Playback - [WARNING] Internal warning: process performance counters based WFR - Requested element has invalid HWND
\0
E, 3240, 13, 2013/05/24, 09:00:15.096, 1113526544826, QTAgent32.exe, EnsureValid called via EnsureValid call for same element
E, 3240, 13, 2013/05/24, 09:00:15.096, 1113526546691, QTAgent32.exe, EnsureValid called via EnsureValid call for same element
E, 3240, 13, 2013/05/24, 09:00:15.096, 1113526547852, QTAgent32.exe, EnsureValid called via EnsureValid call for same element
E, 3240, 13, 2013/05/24, 09:00:15.096, 1113526551855, QTAgent32.exe, Window 393966 not responding. Last Win32 error 1400
E, 3240, 13, 2013/05/24, 09:00:15.097, 1113526552876, QTAgent32.exe, GetClassName for handle 393966 failed
W, 3240, 13, 2013/05/24, 09:00:16.819, 1113551225384, QTAgent32.exe, PERF WARNING: FindTopLevelWindowHelper::FindAllDescendents: took 1723 ms. Expected it to take maximum 500 ms.
W, 3240, 13, 2013/05/24, 09:00:16.954, 1113553153306, QTAgent32.exe, &lt;a class=success&gt;Playback - {223} [SUCCESS] Uncheck - "[MSAA, VisibleOnly]ControlType='CheckBox' &amp;&amp; Name='Add Activity'"
\0&lt;/a&gt;
W, 3240, 13, 2013/05/24, 09:00:17.511, 1113561130273, QTAgent32.exe, &lt;a class=success&gt;Playback - {224} [SUCCESS] MouseButtonClick - "[MSAA, VisibleOnly]ControlType='Button' &amp;&amp; Name='Ok'"
\0&lt;/a&gt;
W, 3240, 13, 2013/05/24, 09:00:19.743, 1113593085867, QTAgent32.exe, &lt;a class=success&gt;Playback - {225} [SUCCESS] MouseButtonClick - "[MSAA, VisibleOnly]ControlType='Button' &amp;&amp; Name='OK'"
\0&lt;/a&gt;
W, 3240, 13, 2013/05/24, 09:00:21.350, 1113616095595, QTAgent32.exe, Playback - [WARNING] Internal warning: Target element "[MSAA, VisibleOnly]ControlType='Button' &amp;&amp; Name=&gt;'Renew Policy'" was not found, so all intermediate elements were ignored. An incorrect element that matches target element Id can be found as the result.  Verify that all intermediate elements in QueryId have valid and unique Ids
\0
W, 3240, 13, 2013/05/24, 09:00:21.861, 1113623408431, QTAgent32.exe, PERF WARNING: FindAllDescendents: took 2015 ms. Expected it to take maximum 500 ms.
W, 3240, 13, 2013/05/24, 09:00:22.612, 1113634161625, QTAgent32.exe, &lt;a class=success&gt;Playback - {226} [SUCCESS] MouseButtonClick - "[MSAA, VisibleOnly]ControlType='Button' &amp;&amp; Name=&gt;'Renew Policy'"
\0&lt;/a&gt;
W, 3240, 13, 2013/05/24, 09:00:26.330, 1113687405508, QTAgent32.exe, Playback - [WARNING] Internal warning: Window Not Found: [VisibleOnly]ControlType='Window' &amp;&amp; Name='Confirm' &amp;&amp; ClassName='#32770'
\0
E, 3240, 13, 2013/05/24, 09:00:26.330, 1113687408317, QTAgent32.exe, &lt;a class=failure&gt;Playback - {227} [FAILED] Function ElementFetcher::FindScreenElement failed to locate UI element (Searching: ;[VisibleOnly]ControlType='Window' &amp;&amp; Name='Confirm' &amp;&amp; ClassName='#32770') (The object specified was not found.)
\0&lt;/a&gt;
E, 3240, 13, 2013/05/24, 09:00:26.373, 1113688012456, QTAgent32.exe, Playback - [IMAGE] C:\Users\testuser\AppData\Local\Temp\UITestLogs\LastRun\RPFD8BA.png
\0
W, 3240, 13, 2013/05/24, 09:00:26.373, 1113688014034, QTAgent32.exe, Playback - [WARNING] Internal warning: Couldn't find descendants that match QueryId
\0
W, 3240, 13, 2013/05/24, 09:00:26.373, 1113688016427, QTAgent32.exe, PERF WARNING: FindTopLevelWindowHelper::FindAllDescendents: took 3661 ms. Expected it to take maximum 500 ms.
W, 3240, 13, 2013/05/24, 09:00:31.316, 1113758789313, QTAgent32.exe, PERF WARNING: FindTopLevelWindowHelper::FindAllDescendents: took 4942 ms. Expected it to take maximum 500 ms.
W, 3240, 13, 2013/05/24, 09:00:33.441, 1113789224235, QTAgent32.exe, &lt;a class=success&gt;Playback - {228} [SUCCESS] MouseButtonClick - "[MSAA, VisibleOnly]ControlType='Button' &amp;&amp; Name='Yes'"
\0&lt;/a&gt;
E, 3240, 13, 2013/05/24, 09:00:33.542, 1113790664563, QTAgent32.exe, GetClassName for handle 198344 failed
W, 3240, 13, 2013/05/24, 09:00:34.090, 1113798517570, QTAgent32.exe, PERF WARNING: FindTopLevelWindowHelper::FindAllDescendents: took 548 ms. Expected it to take maximum 500 ms.
W, 3240, 13, 2013/05/24, 09:00:34.224, 1113800432437, QTAgent32.exe, &lt;a class=success&gt;Playback - {229} [SUCCESS] MouseButtonClick - "[MSAA, VisibleOnly]ControlType='Button' &amp;&amp; Name='Ok'"
\0&lt;/a&gt;
W, 3240, 13, 2013/05/24, 09:00:36.260, 1113829573489, QTAgent32.exe, Playback - [WARNING] Internal warning: Window Not Found: [VisibleOnly]ControlType='Window' &amp;&amp; Name='Personal Lines' &amp;&amp; ClassName='#32770'
\0
E, 3240, 13, 2013/05/24, 09:00:36.260, 1113829575604, QTAgent32.exe, &lt;a class=failure&gt;Playback - {230} [FAILED] Function ElementFetcher::FindScreenElement failed to locate UI element (Searching: ;[VisibleOnly]ControlType='Window' &amp;&amp; Name='Personal Lines' &amp;&amp; ClassName='#32770') (The object specified was not found.)
\0&lt;/a&gt;
E, 3240, 13, 2013/05/24, 09:00:36.305, 1113830217417, QTAgent32.exe, Playback - [IMAGE] C:\Users\testuser\AppData\Local\Temp\UITestLogs\LastRun\RPFFF8C.png
\0
W, 3240, 13, 2013/05/24, 09:00:36.305, 1113830220144, QTAgent32.exe, Playback - [WARNING] Internal warning: Couldn't find descendants that match QueryId
\0
W, 3240, 13, 2013/05/24, 09:00:36.305, 1113830222982, QTAgent32.exe, PERF WARNING: FindTopLevelWindowHelper::FindAllDescendents: took 1980 ms. Expected it to take maximum 500 ms.
W, 3240, 13, 2013/05/24, 09:00:45.214, 1113957783283, QTAgent32.exe, PERF WARNING: FindTopLevelWindowHelper::FindAllDescendents: took 8908 ms. Expected it to take maximum 500 ms.
W, 3240, 13, 2013/05/24, 09:00:45.337, 1113959545113, QTAgent32.exe, &lt;a class=success&gt;Playback - {231} [SUCCESS] MouseButtonClick - "[MSAA, VisibleOnly]ControlType='Button' &amp;&amp; Name='OK'"
\0&lt;/a&gt;
W, 3240, 13, 2013/05/24, 09:00:45.439, 1113961011068, QTAgent32.exe, Playback - [WARNING] Internal warning: Thread state based WFR - Requested element has invalid HWND
\0
W, 3240, 13, 2013/05/24, 09:00:45.439, 1113961012168, QTAgent32.exe, Playback - [WARNING] Internal warning: process performance counters based WFR - Requested element has invalid HWND
\0
E, 3240, 13, 2013/05/24, 09:00:45.440, 1113961014787, QTAgent32.exe, EnsureValid called via EnsureValid call for same element
E, 3240, 13, 2013/05/24, 09:00:45.440, 1113961016425, QTAgent32.exe, EnsureValid called via EnsureValid call for same element
E, 3240, 13, 2013/05/24, 09:00:45.440, 1113961017518, QTAgent32.exe, EnsureValid called via EnsureValid call for same element
E, 3240, 13, 2013/05/24, 09:00:45.440, 1113961021943, QTAgent32.exe, Window 263866 not responding. Last Win32 error 1400
E, 3240, 13, 2013/05/24, 09:00:45.440, 1113961022764, QTAgent32.exe, GetClassName for handle 263866 failed
W, 3240, 13, 2013/05/24, 09:00:47.825, 1113995163921, QTAgent32.exe, PERF WARNING: FindTopLevelWindowHelper::FindAllDescendents: took 2384 ms. Expected it to take maximum 500 ms.
W, 3240, 13, 2013/05/24, 09:00:48.030, 1113998108427, QTAgent32.exe, &lt;a class=success&gt;Playback - {232} [SUCCESS] Check - "[MSAA, VisibleOnly]ControlType='CheckBox' &amp;&amp; Name='Defer Printing?'"
\0&lt;/a&gt;
W, 3240, 13, 2013/05/24, 09:00:48.604, 1114006328460, QTAgent32.exe, &lt;a class=success&gt;Playback - {233} [SUCCESS] MouseButtonClick - "[MSAA, VisibleOnly]ControlType='Button' &amp;&amp; Name='Ok'"
\0&lt;/a&gt;
W, 3240, 13, 2013/05/24, 09:00:50.982, 1114040363483, QTAgent32.exe, &lt;a class=success&gt;Playback - {234} [SUCCESS] MouseButtonClick - "[MSAA, VisibleOnly]ControlType='Button' &amp;&amp; Name='OK'"
\0&lt;/a&gt;
W, 3240, 13, 2013/05/24, 09:00:51.082, 1114041795962, QTAgent32.exe, Playback - [WARNING] Internal warning: Thread state based WFR - Requested element has invalid HWND
\0
W, 3240, 13, 2013/05/24, 09:00:51.082, 1114041797073, QTAgent32.exe, Playback - [WARNING] Internal warning: process performance counters based WFR - Requested element has invalid HWND
\0
E, 3240, 13, 2013/05/24, 09:00:51.082, 1114041799580, QTAgent32.exe, EnsureValid called via EnsureValid call for same element
E, 3240, 13, 2013/05/24, 09:00:51.082, 1114041802563, QTAgent32.exe, GetClassName for handle 198366 failed
E, 3240, 13, 2013/05/24, 09:00:51.082, 1114041804629, QTAgent32.exe, EnsureValid called via EnsureValid call for same element
E, 3240, 13, 2013/05/24, 09:00:51.082, 1114041805767, QTAgent32.exe, EnsureValid called via EnsureValid call for same element
E, 3240, 13, 2013/05/24, 09:00:51.083, 1114041819709, QTAgent32.exe, Window 198366 not responding. Last Win32 error 0
E, 3240, 13, 2013/05/24, 09:00:51.083, 1114041821427, QTAgent32.exe, GetClassName for handle 198366 failed
W, 3240, 13, 2013/05/24, 09:00:51.225, 1114043847433, QTAgent32.exe, &lt;a class=success&gt;Playback - {235} [SUCCESS] Uncheck - "[MSAA, VisibleOnly]ControlType='CheckBox' &amp;&amp; Name='Add Activity'"
\0&lt;/a&gt;
W, 3240, 13, 2013/05/24, 09:00:51.621, 1114049518179, QTAgent32.exe, &lt;a class=success&gt;Playback - {236} [SUCCESS] MouseButtonClick - "[MSAA, VisibleOnly]ControlType='Button' &amp;&amp; Name='Ok'"
\0&lt;/a&gt;
W, 3240, 13, 2013/05/24, 09:00:51.860, 1114052943417, QTAgent32.exe, &lt;a class=success&gt;Playback - {237} [SUCCESS] MouseButtonClick - "[MSAA, VisibleOnly]ControlType='Button' &amp;&amp; Name='Ok'"
\0&lt;/a&gt;
W, 3240, 13, 2013/05/24, 09:00:54.020, 1114083867942, QTAgent32.exe, PERF WARNING: FindTopLevelWindowHelper::FindAllDescendents: took 2047 ms. Expected it to take maximum 500 ms.
W, 3240, 13, 2013/05/24, 09:00:54.224, 1114086790923, QTAgent32.exe, &lt;a class=success&gt;Playback - {238} [SUCCESS] DoSelect - "[MSAA, VisibleOnly]ControlType='List'"
\0&lt;/a&gt;
W, 3240, 13, 2013/05/24, 09:00:55.215, 1114100984438, QTAgent32.exe, &lt;a class=success&gt;Playback - {239} [SUCCESS] MouseButtonClick - "[MSAA, VisibleOnly]ControlType='Button' &amp;&amp; Name='Ok'"
\0&lt;/a&gt;
E, 3240, 13, 2013/05/24, 09:00:55.316, 1114102420230, QTAgent32.exe, GetClassName for handle 198386 failed
W, 3240, 13, 2013/05/24, 09:00:57.468, 1114133243176, QTAgent32.exe, &lt;a class=success&gt;Playback - {240} [SUCCESS] MouseButtonClick - "[MSAA, VisibleOnly]ControlType='Button' &amp;&amp; Name='OK'"
\0&lt;/a&gt;
W, 3240, 13, 2013/05/24, 09:00:58.615, 1114149660087, QTAgent32.exe, PERF WARNING: FindAllDescendents: took 1045 ms. Expected it to take maximum 500 ms.
W, 3240, 13, 2013/05/24, 09:00:59.350, 1114160181806, QTAgent32.exe, &lt;a class=success&gt;Playback - {241} [SUCCESS] MouseButtonClick - "[MSAA, VisibleOnly]ControlType='Button' &amp;&amp; Name='Exit'"
\0&lt;/a&gt;
W, 3240, 13, 2013/05/24, 09:00:59.673, 1114164809296, QTAgent32.exe, &lt;a class=success&gt;Playback - {242} [SUCCESS] MouseButtonClick - "[MSAA, VisibleOnly]ControlType='Button' &amp;&amp; Name='Yes'"
\0&lt;/a&gt;
W, 3240, 13, 2013/05/24, 09:00:59.993, 1114169397057, QTAgent32.exe, &lt;a class=success&gt;Playback - {243} [SUCCESS] MouseButtonClick - "[MSAA, VisibleOnly]ControlType='Button' &amp;&amp; Name='Cancel'"
\0&lt;/a&gt;
W, 3240, 13, 2013/05/24, 09:01:00.343, 1114174397325, QTAgent32.exe, &lt;a class=success&gt;Playback - {244} [SUCCESS] MouseButtonClick - "[MSAA, VisibleOnly]ControlType='Button'"
\0&lt;/a&gt;
W, 3240, 13, 2013/05/24, 09:01:00.712, 1114179692108, QTAgent32.exe, &lt;a class=success&gt;Playback - {245} [SUCCESS] MouseButtonClick - "[MSAA, VisibleOnly]ControlType='Button' &amp;&amp; Name='Detail'"
\0&lt;/a&gt;
W, 3240, 13, 2013/05/24, 09:01:01.011, 1114183963042, QTAgent32.exe, &lt;a class=success&gt;Playback - {246} [SUCCESS] MouseButtonClick - "[MSAA, VisibleOnly]ControlType='Button' &amp;&amp; Name='Cancel'"
\0&lt;/a&gt;
W, 3240, 13, 2013/05/24, 09:01:01.246, 1114187330275, QTAgent32.exe, &lt;a class=success&gt;Playback - {247} [SUCCESS] MouseButtonClick - "[MSAA, VisibleOnly]ControlType='Button' &amp;&amp; Name='Options'"
\0&lt;/a&gt;
W, 3240, 13, 2013/05/24, 09:01:01.346, 1114188766429, QTAgent32.exe, FindScreenElementInSinglePass : Attempting to find control in one pass of search. Failures can occur.
W, 3240, 13, 2013/05/24, 09:01:01.358, 1114188935617, QTAgent32.exe, Playback - [WARNING] Internal failure: Method GetBoundingRectangle failed (HRESULT = 0x1, "Incorrect function.") for Name = "Quote Select List" ," ControlType = "MenuItem"
\0
W, 3240, 13, 2013/05/24, 09:01:01.358, 1114188936754, QTAgent32.exe, Playback - [WARNING] Internal failure: Couldn't get clickable point for ScreenUIElement - GetClickablePoint failed
\0
W, 3240, 13, 2013/05/24, 09:01:01.358, 1114188939402, QTAgent32.exe, FindScreenElementInSinglePass : Attempting to find control in one pass of search. Failures can occur.
W, 3240, 13, 2013/05/24, 09:01:01.360, 1114188966976, QTAgent32.exe, FindScreenElementInSinglePass : Attempting to find control in one pass of search. Failures can occur.
W, 3240, 13, 2013/05/24, 09:01:01.524, 1114191319094, QTAgent32.exe, &lt;a class=success&gt;Playback - {248} [SUCCESS] LeftButtonClick - "[MSAA, VisibleOnly]ControlType='MenuBar' &amp;&amp; Name='Application'"  &lt; Mouse cursor location (960, 31) &gt;
\0&lt;/a&gt;
W, 3240, 13, 2013/05/24, 09:01:01.631, 1114192850624, QTAgent32.exe, &lt;a class=success&gt;Playback - {249} [SUCCESS] LeftButtonClick - "[MSAA]ControlType='MenuItem' &amp;&amp; Name='Options'"  &lt; Mouse cursor location (94, 31) &gt;
\0&lt;/a&gt;
W, 3240, 13, 2013/05/24, 09:01:01.766, 1114194784323, QTAgent32.exe, &lt;a class=success&gt;Playback - {250} [SUCCESS] LeftButtonClick - "[MSAA]ControlType='MenuItem' &amp;&amp; Name='Links'"  &lt; Mouse cursor location (174, 319) &gt;
\0&lt;/a&gt;
W, 3240, 13, 2013/05/24, 09:01:01.908, 1114196810842, QTAgent32.exe, &lt;a class=success&gt;Playback - {251} [SUCCESS] LeftButtonClick - "[MSAA]ControlType='MenuItem' &amp;&amp; Name='3rd Party Integration'"  &lt; Mouse cursor location (375, 319) &gt;
\0&lt;/a&gt;
W, 3240, 13, 2013/05/24, 09:01:02.066, 1114199066464, QTAgent32.exe, &lt;a class=success&gt;Playback - {252} [SUCCESS] MouseButtonClick - "[MSAA]ControlType='MenuItem' &amp;&amp; Name='Quote Select List'"
\0&lt;/a&gt;
W, 3240, 13, 2013/05/24, 09:01:03.415, 1114218383517, QTAgent32.exe, PERF WARNING: FindTopLevelWindowHelper::FindAllDescendents: took 1249 ms. Expected it to take maximum 500 ms.
W, 3240, 13, 2013/05/24, 09:01:03.644, 1114221667846, QTAgent32.exe, &lt;a class=success&gt;Playback - {253} [SUCCESS] MouseButtonClick - "[MSAA, VisibleOnly]ControlType='Button' &amp;&amp; Name='Ok'"
\0&lt;/a&gt;
W, 3240, 13, 2013/05/24, 09:01:04.430, 1114232916720, QTAgent32.exe, PERF WARNING: FindTopLevelWindowHelper::FindAllDescendents: took 679 ms. Expected it to take maximum 500 ms.
W, 3240, 13, 2013/05/24, 09:01:04.571, 1114234943702, QTAgent32.exe, &lt;a class=success&gt;Playback - {254} [SUCCESS] MouseButtonClick - "[MSAA, VisibleOnly]ControlType='Button' &amp;&amp; Name='Before'"
\0&lt;/a&gt;
W, 3240, 13, 2013/05/24, 09:01:06.306, 1114259777457, QTAgent32.exe, PERF WARNING: FindTopLevelWindowHelper::FindAllDescendents: took 1572 ms. Expected it to take maximum 500 ms.
W, 3240, 13, 2013/05/24, 09:01:06.552, 1114263304143, QTAgent32.exe, &lt;a class=success&gt;Playback - {255} [SUCCESS] MouseButtonClick - "[MSAA, VisibleOnly]ControlType='Button' &amp;&amp; Name='MTA'"
\0&lt;/a&gt;
W, 3240, 13, 2013/05/24, 09:01:16.072, 1114399609678, QTAgent32.exe, Playback - [WARNING] Internal warning: Window Not Found: [VisibleOnly]ControlType='Window' &amp;&amp; Name='Mid Term Adjustments ' &amp;&amp; ClassName='ThunderRT6FormDC'
\0
E, 3240, 13, 2013/05/24, 09:01:16.072, 1114399612167, QTAgent32.exe, &lt;a class=failure&gt;Playback - {256} [FAILED] Function ElementFetcher::FindScreenElement failed to locate UI element (Searching: ;[VisibleOnly]ControlType='Window' &amp;&amp; Name='Mid Term Adjustments ' &amp;&amp; ClassName='ThunderRT6FormDC') (The object specified was not found.)
\0&lt;/a&gt;
E, 3240, 13, 2013/05/24, 09:01:16.122, 1114400327009, QTAgent32.exe, Playback - [IMAGE] C:\Users\testuser\AppData\Local\Temp\UITestLogs\LastRun\RPF9B11.png
\0
W, 3240, 13, 2013/05/24, 09:01:16.122, 1114400328599, QTAgent32.exe, Playback - [WARNING] Internal warning: Couldn't find descendants that match QueryId
\0
W, 3240, 13, 2013/05/24, 09:01:16.122, 1114400331376, QTAgent32.exe, PERF WARNING: FindTopLevelWindowHelper::FindAllDescendents: took 9469 ms. Expected it to take maximum 500 ms.
W, 3240, 13, 2013/05/24, 09:01:35.065, 1114671560087, QTAgent32.exe, Playback - [WARNING] Internal warning: Window Not Found: [VisibleOnly]ControlType='Window' &amp;&amp; Name='Mid Term Adjustments ' &amp;&amp; ClassName='ThunderRT6FormDC'
\0
E, 3240, 13, 2013/05/24, 09:01:35.065, 1114671562450, QTAgent32.exe, &lt;a class=failure&gt;Playback - {257} [FAILED] Function ElementFetcher::FindScreenElement failed to locate UI element (Searching: ;[VisibleOnly]ControlType='Window' &amp;&amp; Name='Mid Term Adjustments ' &amp;&amp; ClassName='ThunderRT6FormDC') (The object specified was not found.)
\0&lt;/a&gt;
E, 3240, 13, 2013/05/24, 09:01:35.109, 1114672191314, QTAgent32.exe, Playback - [IMAGE] C:\Users\testuser\AppData\Local\Temp\UITestLogs\LastRun\RPFE53B.png
\0
W, 3240, 13, 2013/05/24, 09:01:35.109, 1114672192974, QTAgent32.exe, Playback - [WARNING] Internal warning: Couldn't find descendants that match QueryId
\0
W, 3240, 13, 2013/05/24, 09:01:35.109, 1114672195798, QTAgent32.exe, PERF WARNING: FindTopLevelWindowHelper::FindAllDescendents: took 18987 ms. Expected it to take maximum 500 ms.
W, 3240, 13, 2013/05/24, 09:01:38.418, 1114719562572, QTAgent32.exe, Playback - [WARNING] Internal warning: Smart Match failed
\0
W, 3240, 13, 2013/05/24, 09:01:39.820, 1114739637825, QTAgent32.exe, Playback - [WARNING] Internal warning: Window Not Found: [VisibleOnly]ControlType='Window' &amp;&amp; Name='Mid Term Adjustments ' &amp;&amp; ClassName='ThunderRT6FormDC'
\0
E, 3240, 13, 2013/05/24, 09:01:39.820, 1114739640418, QTAgent32.exe, &lt;a class=failure&gt;Playback - {258} [FAILED] Function ElementFetcher::FindScreenElement failed to locate UI element (Searching: ;[VisibleOnly]ControlType='Window' &amp;&amp; Name='Mid Term Adjustments ' &amp;&amp; ClassName='ThunderRT6FormDC') (The object specified was not found.)
\0&lt;/a&gt;
E, 3240, 13, 2013/05/24, 09:01:39.863, 1114740252618, QTAgent32.exe, Playback - [IMAGE] C:\Users\testuser\AppData\Local\Temp\UITestLogs\LastRun\RPFF7D2.png
\0
W, 3240, 13, 2013/05/24, 09:01:39.863, 1114740254184, QTAgent32.exe, Playback - [WARNING] Internal warning: Couldn't find descendants that match QueryId
\0
W, 3240, 13, 2013/05/24, 09:01:39.863, 1114740256594, QTAgent32.exe, PERF WARNING: FindTopLevelWindowHelper::FindAllDescendents: took 4753 ms. Expected it to take maximum 500 ms.
E, 3240, 13, 2013/05/24, 09:01:39.863, 1114740258208, QTAgent32.exe, Exception: System.Runtime.InteropServices.COMException
	Message: Error HRESULT E_FAIL has been returned from a call to a COM component.
	Stack Trace:    at Microsoft.VisualStudio.TestTools.UITest.Playback.Engine.IRPFPlayback.FindAllScreenElements(IScreenElement pScreenElementStart, String bstrQueryId, Object&amp; pvarResKeys, Int32 cResKeys, Int32 nMaxDepth, Object[]&amp; foundDescendants)
   at Microsoft.VisualStudio.TestTools.UITest.Playback.ScreenElement.FindTopLevelWindowHelper(String queryId)
	BaseExceptionMessage: Error HRESULT E_FAIL has been returned from a call to a COM component.

E, 3240, 13, 2013/05/24, 09:01:39.863, 1114740261063, QTAgent32.exe, Window 263850 not responding. Last Win32 error 0
E, 3240, 13, 2013/05/24, 09:01:39.863, 1114740261959, QTAgent32.exe, GetClassName for handle 263850 failed
E, 3240, 13, 2013/05/24, 09:01:39.864, 1114740267418, QTAgent32.exe, AL: Playback Error: Microsoft.VisualStudio.TestTools.UITest.Extension.UITestControlNotAvailableException: The control is not available or not valid. Additional Details: 
TechnologyName:  'MSAA'
Name:  'Mid Term Adjustments '
ClassName:  'ThunderRT6FormDC'
ControlType:  'Window'
 ---&gt; System.Runtime.InteropServices.COMException: Error HRESULT E_FAIL has been returned from a call to a COM component.
   at Microsoft.VisualStudio.TestTools.UITest.Playback.Engine.IRPFPlayback.FindAllScreenElements(IScreenElement pScreenElementStart, String bstrQueryId, Object&amp; pvarResKeys, Int32 cResKeys, Int32 nMaxDepth, Object[]&amp; foundDescendants)
   at Microsoft.VisualStudio.TestTools.UITest.Playback.ScreenElement.FindTopLevelWindowHelper(String queryId)
   at Microsoft.VisualStudio.TestTools.UITest.Playback.ScreenElement.FindFromPartialQueryId(String queryId)
   at Microsoft.VisualStudio.TestTools.UITesting.UITestControl.EnsureValid(Boolean waitForReady, Boolean refetch)
   --- End of inner exception stack trace ---
   at Microsoft.VisualStudio.TestTools.UITesting.UITestControl.EnsureValid(Boolean waitForReady, Boolean refetch)
   at Microsoft.VisualStudio.TestTools.UITesting.UITestControl.FindFirstDescendant(String queryId, Int32 maxDepth, Int32&amp; timeLeft)
   at Microsoft.VisualStudio.TestTools.UITesting.SearchHelper.GetElement(Boolean useCache, ISearchArgument searchArg)
   at Microsoft.VisualStudio.TestTools.UITesting.SearchHelper.Search(ISearchArgument searchArg)
   at Microsoft.VisualStudio.TestTools.UITesting.UITestControl.FindInternal()
   at Microsoft.VisualStudio.TestTools.UITesting.UITestControl.FindControlIfNecessary()
   at Microsoft.VisualStudio.TestTools.UITesting.UITestControl.SetProperty(String propertyName, Object value)
W, 3240, 13, 2013/05/24, 09:01:43.064, 1114786094455, QTAgent32.exe, IEDOM : StopSession of the plugin called before StartSession
W, 3240, 13, 2013/05/24, 09:01:43.064, 1114786095436, QTAgent32.exe, UIA : StopSession of the plugin called before StartSession
</DebugTrace>
        <ErrorInfo>
          <Message>Test method Ver1.CodedUITest2.HouseRenewalBefore threw exception: 
Microsoft.VisualStudio.TestTools.UITest.Extension.UITestControlNotAvailableException: The control is not available or not valid. Additional Details: 
TechnologyName:  'MSAA'
Name:  'Mid Term Adjustments '
ClassName:  'ThunderRT6FormDC'
ControlType:  'Window'
 ---&gt; System.Runtime.InteropServices.COMException: Error HRESULT E_FAIL has been returned from a call to a COM component.</Message>
          <StackTrace>    at Microsoft.VisualStudio.TestTools.UITest.Playback.Engine.IRPFPlayback.FindAllScreenElements(IScreenElement pScreenElementStart, String bstrQueryId, Object&amp; pvarResKeys, Int32 cResKeys, Int32 nMaxDepth, Object[]&amp; foundDescendants)
   at Microsoft.VisualStudio.TestTools.UITest.Playback.ScreenElement.FindTopLevelWindowHelper(String queryId)
   at Microsoft.VisualStudio.TestTools.UITest.Playback.ScreenElement.FindFromPartialQueryId(String queryId)
   at Microsoft.VisualStudio.TestTools.UITesting.UITestControl.EnsureValid(Boolean waitForReady, Boolean refetch)
 --- End of inner exception stack trace ---
    at Microsoft.VisualStudio.TestTools.UITesting.UITestControl.EnsureValid(Boolean waitForReady, Boolean refetch)
   at Microsoft.VisualStudio.TestTools.UITesting.UITestControl.FindFirstDescendant(String queryId, Int32 maxDepth, Int32&amp; timeLeft)
   at Microsoft.VisualStudio.TestTools.UITesting.SearchHelper.GetElement(Boolean useCache, ISearchArgument searchArg)
   at Microsoft.VisualStudio.TestTools.UITesting.SearchHelper.Search(ISearchArgument searchArg)
   at Microsoft.VisualStudio.TestTools.UITesting.UITestControl.FindInternal()
   at Microsoft.VisualStudio.TestTools.UITesting.UITestControl.FindControlIfNecessary()
   at Microsoft.VisualStudio.TestTools.UITesting.UITestControl.SetProperty(String propertyName, Object value)
   at Microsoft.VisualStudio.TestTools.UITesting.WinControls.WinComboBox.set_SelectedItem(String value)
   at Ver1.UIMap.HomeMTAChange() in C:\AutotestTam1205\TestProject7\UIMap.Designer.cs:line 1741
   at Ver1.CodedUITest2.HouseRenewalBefore() in C:\AutotestTam1205\TestProject7\CodedUITest2.cs:line 1399
</StackTrace>
        </ErrorInfo>
      </Output>
      <ResultFiles>
        <ResultFile path="ICDVDEVTM01\HouseRenewalBefore.png" />
      </ResultFiles>
      <ExtensionResult>Exception has been thrown by the target of an invocation.</ExtensionResult>
    </UnitTestResult>
    <UnitTestResult executionId="c90c1de0-23dd-4042-a399-2ea183a0fb2b" testId="85fea04a-2d22-da29-e2a5-a62a531bce65" testName="HouseRenewalAfter" computerName="ICDVDEVTM01" duration="00:09:07.4368603" startTime="2013-05-24T09:01:43.0962120+01:00" endTime="2013-05-24T09:10:50.5432289+01:00" testType="13cdc9d9-ddb5-4fa4-a97d-d965ccfc6d4b" outcome="Failed" testListId="8c84fa94-04c1-424b-9868-57a2d4851a1d" relativeResultsDirectory="c90c1de0-23dd-4042-a399-2ea183a0fb2b">
      <Output>
        <DebugTrace>W, 3240, 17, 2013/05/24, 09:01:47.852, 1114854651247, QTAgent32.exe, &lt;a class=success&gt;Playback - {1} [SUCCESS] MouseButtonClick - "[MSAA, VisibleOnly]ControlType='Edit'"
\0&lt;/a&gt;
W, 3240, 17, 2013/05/24, 09:01:48.047, 1114857442185, QTAgent32.exe, &lt;a class=success&gt;Playback - {2} [SUCCESS] SendKeys "[*]" - "[MSAA, VisibleOnly]ControlType='Edit'"
\0&lt;/a&gt;
W, 3240, 17, 2013/05/24, 09:01:48.719, 1114867059841, QTAgent32.exe, &lt;a class=success&gt;Playback - {3} [SUCCESS] MouseButtonClick - "[MSAA, VisibleOnly]ControlType='Button' &amp;&amp; Name='OK'"
\0&lt;/a&gt;
W, 3240, 17, 2013/05/24, 09:01:48.896, 1114869591492, QTAgent32.exe, &lt;a class=success&gt;Playback - {4} [SUCCESS] SendKeys "^{HOME}" - "[MSAA, VisibleOnly]ControlType='Edit'"
\0&lt;/a&gt;
E, 3240, 17, 2013/05/24, 09:01:48.896, 1114869593271, QTAgent32.exe, Msaa.GetFocusedElement: could not find accessible object of foreground window
W, 3240, 17, 2013/05/24, 09:01:48.948, 1114870343587, QTAgent32.exe, &lt;a class=success&gt;Playback - {5} [SUCCESS] SendKeys "^+{END}" - "[MSAA, VisibleOnly]ControlType='Edit'"
\0&lt;/a&gt;
E, 3240, 17, 2013/05/24, 09:01:48.948, 1114870345055, QTAgent32.exe, Msaa.GetFocusedElement: could not find accessible object of foreground window
W, 3240, 17, 2013/05/24, 09:01:48.961, 1114870523390, QTAgent32.exe, &lt;a class=success&gt;Playback - {6} [SUCCESS] SendKeys "{DELETE}" - "[MSAA, VisibleOnly]ControlType='Edit'"
\0&lt;/a&gt;
W, 3240, 17, 2013/05/24, 09:01:49.170, 1114873519164, QTAgent32.exe, &lt;a class=success&gt;Playback - {7} [SUCCESS] SetValueAsEditBox "24/05/2013" - "[MSAA, VisibleOnly]ControlType='Edit'"  &lt; Set via SendKeys &gt;
\0&lt;/a&gt;
W, 3240, 17, 2013/05/24, 09:01:49.432, 1114877271748, QTAgent32.exe, Playback - [WARNING] Internal warning: Incorrect flag set for InvokeProgrammaticAction\0
W, 3240, 17, 2013/05/24, 09:01:49.550, 1114878959040, QTAgent32.exe, &lt;a class=success&gt;Playback - {8} [SUCCESS] SetValueAsComboBox "May" - "[MSAA, VisibleOnly]ControlType='ComboBox'"  &lt; SetValueAsComboBox, set by clicking on the item in the list box &gt;
\0&lt;/a&gt;
W, 3240, 17, 2013/05/24, 09:01:49.705, 1114881176559, QTAgent32.exe, &lt;a class=success&gt;Playback - {9} [SUCCESS] SendKeys "^{HOME}" - "[MSAA, VisibleOnly]ControlType='Edit'"
\0&lt;/a&gt;
E, 3240, 17, 2013/05/24, 09:01:49.705, 1114881178222, QTAgent32.exe, Msaa.GetFocusedElement: could not find accessible object of foreground window
W, 3240, 17, 2013/05/24, 09:01:49.763, 1114882000283, QTAgent32.exe, &lt;a class=success&gt;Playback - {10} [SUCCESS] SendKeys "^+{END}" - "[MSAA, VisibleOnly]ControlType='Edit'"
\0&lt;/a&gt;
E, 3240, 17, 2013/05/24, 09:01:49.763, 1114882002226, QTAgent32.exe, Msaa.GetFocusedElement: could not find accessible object of foreground window
W, 3240, 17, 2013/05/24, 09:01:49.780, 1114882244286, QTAgent32.exe, &lt;a class=success&gt;Playback - {11} [SUCCESS] SendKeys "{DELETE}" - "[MSAA, VisibleOnly]ControlType='Edit'"
\0&lt;/a&gt;
W, 3240, 17, 2013/05/24, 09:01:49.868, 1114883514636, QTAgent32.exe, &lt;a class=success&gt;Playback - {12} [SUCCESS] SetValueAsEditBox "2013" - "[MSAA, VisibleOnly]ControlType='Edit'"  &lt; Set via SendKeys &gt;
\0&lt;/a&gt;
W, 3240, 17, 2013/05/24, 09:01:50.085, 1114886623227, QTAgent32.exe, &lt;a class=success&gt;Playback - {13} [SUCCESS] MouseButtonClick - "[MSAA, VisibleOnly]ControlType='Button' &amp;&amp; Name='OK'"
\0&lt;/a&gt;
W, 3240, 17, 2013/05/24, 09:01:51.104, 1114901213846, QTAgent32.exe, Playback - [WARNING] Internal warning: Window Not Found: [VisibleOnly]ControlType='Window' &amp;&amp; Name='Warning' &amp;&amp; ClassName='#32770'
\0
E, 3240, 17, 2013/05/24, 09:01:51.105, 1114901216309, QTAgent32.exe, &lt;a class=failure&gt;Playback - {14} [FAILED] Function ElementFetcher::FindScreenElement failed to locate UI element (Searching: ;[VisibleOnly]ControlType='Window' &amp;&amp; Name='Warning' &amp;&amp; ClassName='#32770') (The object specified was not found.)
\0&lt;/a&gt;
E, 3240, 17, 2013/05/24, 09:01:51.146, 1114901812423, QTAgent32.exe, Playback - [IMAGE] C:\Users\testuser\AppData\Local\Temp\UITestLogs\LastRun\RPF23E2.png
\0
W, 3240, 17, 2013/05/24, 09:01:51.146, 1114901813941, QTAgent32.exe, Playback - [WARNING] Internal warning: Couldn't find descendants that match QueryId
\0
W, 3240, 17, 2013/05/24, 09:01:51.146, 1114901816401, QTAgent32.exe, PERF WARNING: FindTopLevelWindowHelper::FindAllDescendents: took 953 ms. Expected it to take maximum 500 ms.
W, 3240, 17, 2013/05/24, 09:02:09.207, 1115160401787, QTAgent32.exe, Playback - [WARNING] Internal warning: Window Not Found: [VisibleOnly]ControlType='Window' &amp;&amp; Name='Warning' &amp;&amp; ClassName='#32770'
\0
E, 3240, 17, 2013/05/24, 09:02:09.207, 1115160404027, QTAgent32.exe, &lt;a class=failure&gt;Playback - {15} [FAILED] Function ElementFetcher::FindScreenElement failed to locate UI element (Searching: ;[VisibleOnly]ControlType='Window' &amp;&amp; Name='Warning' &amp;&amp; ClassName='#32770') (The object specified was not found.)
\0&lt;/a&gt;
E, 3240, 17, 2013/05/24, 09:02:09.250, 1115161023115, QTAgent32.exe, Playback - [IMAGE] C:\Users\testuser\AppData\Local\Temp\UITestLogs\LastRun\RPF6AA2.png
\0
W, 3240, 17, 2013/05/24, 09:02:09.250, 1115161025727, QTAgent32.exe, Playback - [WARNING] Internal warning: Couldn't find descendants that match QueryId
\0
W, 3240, 17, 2013/05/24, 09:02:09.250, 1115161028173, QTAgent32.exe, PERF WARNING: FindTopLevelWindowHelper::FindAllDescendents: took 18103 ms. Expected it to take maximum 500 ms.
W, 3240, 17, 2013/05/24, 09:02:09.689, 1115167307324, QTAgent32.exe, Playback - [WARNING] Internal warning: Smart Match failed
\0
W, 3240, 17, 2013/05/24, 09:02:09.850, 1115169612509, QTAgent32.exe, Playback - [WARNING] Internal warning: Smart Match failed
\0
W, 3240, 17, 2013/05/24, 09:02:10.010, 1115171912822, QTAgent32.exe, Playback - [WARNING] Internal warning: Smart Match failed
\0
W, 3240, 17, 2013/05/24, 09:02:10.171, 1115174213088, QTAgent32.exe, Playback - [WARNING] Internal warning: Smart Match failed
\0
W, 3240, 17, 2013/05/24, 09:02:10.333, 1115176535324, QTAgent32.exe, Playback - [WARNING] Internal warning: Smart Match failed
\0
W, 3240, 17, 2013/05/24, 09:02:10.493, 1115178817013, QTAgent32.exe, Playback - [WARNING] Internal warning: Smart Match failed
\0
W, 3240, 17, 2013/05/24, 09:02:10.651, 1115181091929, QTAgent32.exe, Playback - [WARNING] Internal warning: Smart Match failed
\0
W, 3240, 17, 2013/05/24, 09:02:10.811, 1115183378356, QTAgent32.exe, Playback - [WARNING] Internal warning: Smart Match failed
\0
W, 3240, 17, 2013/05/24, 09:02:10.972, 1115185676404, QTAgent32.exe, Playback - [WARNING] Internal warning: Smart Match failed
\0
W, 3240, 17, 2013/05/24, 09:02:11.132, 1115187970153, QTAgent32.exe, Playback - [WARNING] Internal warning: Smart Match failed
\0
W, 3240, 17, 2013/05/24, 09:02:11.290, 1115190233952, QTAgent32.exe, Playback - [WARNING] Internal warning: Smart Match failed
\0
W, 3240, 17, 2013/05/24, 09:02:11.448, 1115192493061, QTAgent32.exe, Playback - [WARNING] Internal warning: Smart Match failed
\0
W, 3240, 17, 2013/05/24, 09:02:11.606, 1115194765961, QTAgent32.exe, Playback - [WARNING] Internal warning: Smart Match failed
\0
W, 3240, 17, 2013/05/24, 09:02:11.765, 1115197034542, QTAgent32.exe, Playback - [WARNING] Internal warning: Smart Match failed
\0
W, 3240, 17, 2013/05/24, 09:02:11.925, 1115199326883, QTAgent32.exe, Playback - [WARNING] Internal warning: Smart Match failed
\0
W, 3240, 17, 2013/05/24, 09:02:12.084, 1115201605659, QTAgent32.exe, Playback - [WARNING] Internal warning: Smart Match failed
\0
W, 3240, 17, 2013/05/24, 09:02:12.244, 1115203896880, QTAgent32.exe, Playback - [WARNING] Internal warning: Smart Match failed
\0
W, 3240, 17, 2013/05/24, 09:02:12.296, 1115204638759, QTAgent32.exe, Playback - [WARNING] Internal warning: Window Not Found: [VisibleOnly]ControlType='Window' &amp;&amp; Name='Warning' &amp;&amp; ClassName='#32770'
\0
E, 3240, 17, 2013/05/24, 09:02:12.296, 1115204640440, QTAgent32.exe, &lt;a class=failure&gt;Playback - {16} [FAILED] Function ElementFetcher::FindScreenElement failed to locate UI element (Searching: ;[VisibleOnly]ControlType='Window' &amp;&amp; Name='Warning' &amp;&amp; ClassName='#32770') (The object specified was not found.)
\0&lt;/a&gt;
E, 3240, 17, 2013/05/24, 09:02:12.338, 1115205245032, QTAgent32.exe, Playback - [IMAGE] C:\Users\testuser\AppData\Local\Temp\UITestLogs\LastRun\RPF76B4.png
\0
W, 3240, 17, 2013/05/24, 09:02:12.338, 1115205246580, QTAgent32.exe, Playback - [WARNING] Internal warning: Couldn't find descendants that match QueryId
\0
W, 3240, 17, 2013/05/24, 09:02:12.338, 1115205249302, QTAgent32.exe, PERF WARNING: FindTopLevelWindowHelper::FindAllDescendents: took 3088 ms. Expected it to take maximum 500 ms.
E, 3240, 17, 2013/05/24, 09:02:12.339, 1115205251116, QTAgent32.exe, Exception: System.Runtime.InteropServices.COMException
	Message: Error HRESULT E_FAIL has been returned from a call to a COM component.
	Stack Trace:    at Microsoft.VisualStudio.TestTools.UITest.Playback.Engine.IRPFPlayback.FindAllScreenElements(IScreenElement pScreenElementStart, String bstrQueryId, Object&amp; pvarResKeys, Int32 cResKeys, Int32 nMaxDepth, Object[]&amp; foundDescendants)
   at Microsoft.VisualStudio.TestTools.UITest.Playback.ScreenElement.FindTopLevelWindowHelper(String queryId)
	BaseExceptionMessage: Error HRESULT E_FAIL has been returned from a call to a COM component.

E, 3240, 17, 2013/05/24, 09:02:12.454, 1115206910614, QTAgent32.exe, AL: Playback Error: Microsoft.VisualStudio.TestTools.UITest.Extension.UITestControlNotFoundException: The playback failed to find the control with the given search properties. Additional Details: 
TechnologyName:  'MSAA'
ControlType:  'Window'
Name:  'Warning'
ClassName:  '#32770'
 ---&gt; System.Runtime.InteropServices.COMException: Error HRESULT E_FAIL has been returned from a call to a COM component.
   at Microsoft.VisualStudio.TestTools.UITest.Playback.Engine.IRPFPlayback.FindAllScreenElements(IScreenElement pScreenElementStart, String bstrQueryId, Object&amp; pvarResKeys, Int32 cResKeys, Int32 nMaxDepth, Object[]&amp; foundDescendants)
   at Microsoft.VisualStudio.TestTools.UITest.Playback.ScreenElement.FindTopLevelWindowHelper(String queryId)
   at Microsoft.VisualStudio.TestTools.UITest.Playback.ScreenElement.FindFromPartialQueryId(String queryId)
   at Microsoft.VisualStudio.TestTools.UITesting.UITestControl..ctor(String queryId)
   --- End of inner exception stack trace ---
   at Microsoft.VisualStudio.TestTools.UITesting.Playback.MapControlNotFoundException(COMException ex, IPlaybackContext context)
   at Microsoft.VisualStudio.TestTools.UITesting.Playback.MapAndThrowComException(COMException innerException, IPlaybackContext context)
   at Microsoft.VisualStudio.TestTools.UITesting.Playback.MapAndThrowException(SystemException exception, IPlaybackContext context)
   at Microsoft.VisualStudio.TestTools.UITesting.Playback.MapAndThrowException(SystemException exception, String queryId)
   at Microsoft.VisualStudio.TestTools.UITesting.UITestControl..ctor(String queryId)
   at Microsoft.VisualStudio.TestTools.UITesting.SearchHelper.SearchTopLevelWindow(ISearchArgument topLevelSearchArg, String topLevelElementQueryId)
   at Microsoft.VisualStudio.TestTools.UITesting.SearchHelper.GetTitleUpdatedTopLevelWindow(ISearchArgument topLevelSearchArg, String queryId, IList`1 windowTitles)
   at Microsoft.VisualStudio.TestTools.UITesting.SearchHelper.GetTopLevelElement(Boolean useCache, Boolean useCacheOnly, ISearchArgument searchArg, IList`1 windowTitles, Int32&amp; timeLeft)
   at Microsoft.VisualStudio.TestTools.UITesting.SearchHelper.GetElement(Boolean useCache, ISearchArgument searchArg)
   at Microsoft.VisualStudio.TestTools.UITesting.SearchHelper.Search(ISearchArgument searchArg)
   at Microsoft.VisualStudio.TestTools.UITesting.UITestControl.FindInternal()
   at Microsoft.VisualStudio.TestTools.UITesting.UITestControl.FindControlIfNecessary()
   at Microsoft.VisualStudio.TestTools.UITesting.UITestControl.Click(MouseButtons button, ModifierKeys modifierKeys, Point relativeCoordinates)
   at Microsoft.VisualStudio.TestTools.UITesting.Mouse.ClickImplementation(UITestControl control, MouseButtons button, ModifierKeys modifierKeys, Point relativeCoordinate)
   at Microsoft.VisualStudio.TestTools.UITesting.Mouse.ClickImplementationWrapper(UITestControl control, MouseButtons button, ModifierKeys modifierKeys, Point relativeCoordinate)
W, 3240, 17, 2013/05/24, 09:02:12.455, 1115206912402, QTAgent32.exe, PlaybackErrorHandler: Ignoring exception as ContinueOnError is set.
W, 3240, 17, 2013/05/24, 09:02:12.505, 1115207628696, QTAgent32.exe, &lt;a class=success&gt;Playback - {17} [SUCCESS] TypeString "#(R)"
\0&lt;/a&gt;
E, 3240, 17, 2013/05/24, 09:02:13.088, 1115215975761, QTAgent32.exe, Exception: System.ArgumentException
	Message: Value does not fall within the expected range.
	Stack Trace:    at Accessibility.IAccessible.get_accRole(Object varChild)
   at Microsoft.VisualStudio.TestTools.UITest.Extension.Msaa.AccWrapper.get_RoleInt()
	BaseExceptionMessage: Value does not fall within the expected range.

E, 3240, 17, 2013/05/24, 09:02:13.090, 1115216002617, QTAgent32.exe, Exception: System.ArgumentException
	Message: Value does not fall within the expected range.
	Stack Trace:    at Accessibility.IAccessible.get_accRole(Object varChild)
   at Microsoft.VisualStudio.TestTools.UITest.Extension.Msaa.AccWrapper.get_RoleInt()
	BaseExceptionMessage: Value does not fall within the expected range.

W, 3240, 17, 2013/05/24, 09:02:13.298, 1115218988447, QTAgent32.exe, &lt;a class=success&gt;Playback - {18} [SUCCESS] LeftButtonClick  &lt; Mouse cursor location (87, 908) &gt;
\0&lt;/a&gt;
W, 3240, 17, 2013/05/24, 09:02:14.042, 1115229636037, QTAgent32.exe, &lt;a class=success&gt;Playback - {19} [SUCCESS] SetValueAsEditBox "c:\TestProject7\ourmma.reg"  &lt; Set via SendKeys &gt;
\0&lt;/a&gt;
W, 3240, 17, 2013/05/24, 09:02:14.042, 1115229637799, QTAgent32.exe, &lt;a class=success&gt;Playback - {20} [SUCCESS] SetValueAsComboBox "c:\TestProject7\ourmma.reg" - "[MSAA, VisibleOnly]ControlType='ComboBox' &amp;&amp; Name='Open:'"  &lt; Set via SetValueAsEditBox &gt;
\0&lt;/a&gt;
W, 3240, 17, 2013/05/24, 09:02:14.301, 1115233347592, QTAgent32.exe, &lt;a class=success&gt;Playback - {21} [SUCCESS] MouseButtonClick - "[MSAA, VisibleOnly]ControlType='Button' &amp;&amp; Name='OK'"
\0&lt;/a&gt;
W, 3240, 17, 2013/05/24, 09:02:14.984, 1115243121959, QTAgent32.exe, &lt;a class=success&gt;Playback - {22} [SUCCESS] MouseButtonClick - "[MSAA, VisibleOnly]ControlType='Button' &amp;&amp; Name='Yes'"
\0&lt;/a&gt;
W, 3240, 17, 2013/05/24, 09:02:17.276, 1115275942858, QTAgent32.exe, &lt;a class=success&gt;Playback - {23} [SUCCESS] MouseButtonClick - "[MSAA, VisibleOnly]ControlType='Button' &amp;&amp; Name='OK'"
\0&lt;/a&gt;
W, 3240, 17, 2013/05/24, 09:02:17.538, 1115279697440, QTAgent32.exe, &lt;a class=success&gt;Playback - {24} [SUCCESS] MouseButtonClick - "[MSAA, VisibleOnly]ControlType='Button' &amp;&amp; Name='Clients &amp; Files'"
\0&lt;/a&gt;
W, 3240, 17, 2013/05/24, 09:02:18.416, 1115292270570, QTAgent32.exe, PERF WARNING: FindTopLevelWindowHelper::FindAllDescendents: took 760 ms. Expected it to take maximum 500 ms.
W, 3240, 17, 2013/05/24, 09:02:18.670, 1115295905061, QTAgent32.exe, Playback - [WARNING] Internal warning: Incorrect flag set for InvokeProgrammaticAction\0
W, 3240, 17, 2013/05/24, 09:02:18.790, 1115297615198, QTAgent32.exe, &lt;a class=success&gt;Playback - {25} [SUCCESS] SetValueAsComboBox "Customers" - "[MSAA, VisibleOnly]ControlType='ComboBox'"  &lt; SetValueAsComboBox, set by clicking on the item in the list box &gt;
\0&lt;/a&gt;
W, 3240, 17, 2013/05/24, 09:02:19.318, 1115305184921, QTAgent32.exe, &lt;a class=success&gt;Playback - {26} [SUCCESS] MouseButtonClick - "[MSAA, VisibleOnly]ControlType='Button' &amp;&amp; Name='Add'"
\0&lt;/a&gt;
W, 3240, 17, 2013/05/24, 09:02:19.672, 1115310247868, QTAgent32.exe, &lt;a class=success&gt;Playback - {27} [SUCCESS] SendKeys "autotest" - "[MSAA, VisibleOnly]ControlType='RadioButton' &amp;&amp; Name='Personal Lines'"
\0&lt;/a&gt;
W, 3240, 17, 2013/05/24, 09:02:20.019, 1115315219201, QTAgent32.exe, &lt;a class=success&gt;Playback - {28} [SUCCESS] SetValueAsEditBox "autotest" - "[MSAA, VisibleOnly]ControlType='Edit'"  &lt; Set via SendKeys &gt;
\0&lt;/a&gt;
W, 3240, 17, 2013/05/24, 09:02:20.240, 1115318388409, QTAgent32.exe, &lt;a class=success&gt;Playback - {29} [SUCCESS] MouseButtonClick - "[MSAA, VisibleOnly]ControlType='Button' &amp;&amp; Name='OK'"
\0&lt;/a&gt;
W, 3240, 17, 2013/05/24, 09:02:20.547, 1115322784265, QTAgent32.exe, &lt;a class=success&gt;Playback - {30} [SUCCESS] MouseButtonClick - "[MSAA, VisibleOnly]ControlType='Button' &amp;&amp; Name='Yes'"
\0&lt;/a&gt;
W, 3240, 17, 2013/05/24, 09:02:20.805, 1115326471689, QTAgent32.exe, &lt;a class=success&gt;Playback - {31} [SUCCESS] SendKeys "^{HOME}" - "[MSAA, VisibleOnly]ControlType='Edit'"
\0&lt;/a&gt;
E, 3240, 17, 2013/05/24, 09:02:20.805, 1115326473515, QTAgent32.exe, Msaa.GetFocusedElement: could not find accessible object of foreground window
W, 3240, 17, 2013/05/24, 09:02:20.863, 1115327301805, QTAgent32.exe, &lt;a class=success&gt;Playback - {32} [SUCCESS] SendKeys "^+{END}" - "[MSAA, VisibleOnly]ControlType='Edit'"
\0&lt;/a&gt;
E, 3240, 17, 2013/05/24, 09:02:20.863, 1115327303411, QTAgent32.exe, Msaa.GetFocusedElement: could not find accessible object of foreground window
W, 3240, 17, 2013/05/24, 09:02:20.875, 1115327474357, QTAgent32.exe, &lt;a class=success&gt;Playback - {33} [SUCCESS] SendKeys "{DELETE}" - "[MSAA, VisibleOnly]ControlType='Edit'"
\0&lt;/a&gt;
W, 3240, 17, 2013/05/24, 09:02:20.959, 1115328679620, QTAgent32.exe, &lt;a class=success&gt;Playback - {34} [SUCCESS] SetValueAsEditBox "1" - "[MSAA, VisibleOnly]ControlType='Edit'"  &lt; Set via SendKeys &gt;
\0&lt;/a&gt;
W, 3240, 17, 2013/05/24, 09:02:21.136, 1115331204082, QTAgent32.exe, &lt;a class=success&gt;Playback - {35} [SUCCESS] SendKeys "^{HOME}" - "[MSAA, VisibleOnly]ControlType='Edit'"
\0&lt;/a&gt;
E, 3240, 17, 2013/05/24, 09:02:21.136, 1115331205912, QTAgent32.exe, Msaa.GetFocusedElement: could not find accessible object of foreground window
W, 3240, 17, 2013/05/24, 09:02:21.193, 1115332020340, QTAgent32.exe, &lt;a class=success&gt;Playback - {36} [SUCCESS] SendKeys "^+{END}" - "[MSAA, VisibleOnly]ControlType='Edit'"
\0&lt;/a&gt;
E, 3240, 17, 2013/05/24, 09:02:21.193, 1115332022015, QTAgent32.exe, Msaa.GetFocusedElement: could not find accessible object of foreground window
W, 3240, 17, 2013/05/24, 09:02:21.214, 1115332328849, QTAgent32.exe, &lt;a class=success&gt;Playback - {37} [SUCCESS] SendKeys "{DELETE}" - "[MSAA, VisibleOnly]ControlType='Edit'"
\0&lt;/a&gt;
W, 3240, 17, 2013/05/24, 09:02:21.262, 1115333019024, QTAgent32.exe, &lt;a class=success&gt;Playback - {38} [SUCCESS] SetValueAsEditBox "1" - "[MSAA, VisibleOnly]ControlType='Edit'"  &lt; Set via SendKeys &gt;
\0&lt;/a&gt;
W, 3240, 17, 2013/05/24, 09:02:22.869, 1115356027222, QTAgent32.exe, Playback - [WARNING] Internal warning: Target element "[MSAA, VisibleOnly]ControlType='Button' &amp;&amp; Name='OK'" was not found, so all intermediate elements were ignored. An incorrect element that matches target element Id can be found as the result.  Verify that all intermediate elements in QueryId have valid and unique Ids
\0
W, 3240, 17, 2013/05/24, 09:02:23.392, 1115363514062, QTAgent32.exe, PERF WARNING: FindAllDescendents: took 2027 ms. Expected it to take maximum 500 ms.
W, 3240, 17, 2013/05/24, 09:02:23.709, 1115368054258, QTAgent32.exe, &lt;a class=success&gt;Playback - {39} [SUCCESS] MouseButtonClick - "[MSAA, VisibleOnly]ControlType='Button' &amp;&amp; Name='OK'"
\0&lt;/a&gt;
W, 3240, 17, 2013/05/24, 09:02:24.068, 1115373193744, QTAgent32.exe, &lt;a class=success&gt;Playback - {40} [SUCCESS] MouseButtonClick - "[MSAA, VisibleOnly]ControlType='Button'"
\0&lt;/a&gt;
W, 3240, 17, 2013/05/24, 09:02:24.387, 1115377768504, QTAgent32.exe, &lt;a class=success&gt;Playback - {41} [SUCCESS] MouseButtonClick - "[MSAA, VisibleOnly]ControlType='Button' &amp;&amp; Name='Add'"
\0&lt;/a&gt;
W, 3240, 17, 2013/05/24, 09:02:24.719, 1115382523112, QTAgent32.exe, &lt;a class=success&gt;Playback - {42} [SUCCESS] MouseButtonClick - "[MSAA, VisibleOnly]ControlType='Button' &amp;&amp; Name='OK'"
\0&lt;/a&gt;
W, 3240, 17, 2013/05/24, 09:02:26.952, 1115414489736, QTAgent32.exe, &lt;a class=success&gt;Playback - {43} [SUCCESS] MouseButtonClick - "[MSAA, VisibleOnly,Window]ControlType='Window' &amp;&amp; ClassName='ThunderRT6TextBox'"
\0&lt;/a&gt;
W, 3240, 17, 2013/05/24, 09:02:27.209, 1115418165288, QTAgent32.exe, &lt;a class=success&gt;Playback - {44} [SUCCESS] SetValueAsEditBox "HOME" - "[MSAA, VisibleOnly]ControlType='Edit'"  &lt; Set via SendKeys &gt;
\0&lt;/a&gt;
W, 3240, 17, 2013/05/24, 09:02:27.513, 1115422515272, QTAgent32.exe, &lt;a class=success&gt;Playback - {45} [SUCCESS] MouseButtonClick - "[MSAA, VisibleOnly]ControlType='Button' &amp;&amp; Name='OK'"
\0&lt;/a&gt;
W, 3240, 17, 2013/05/24, 09:02:27.749, 1115425893507, QTAgent32.exe, &lt;a class=success&gt;Playback - {46} [SUCCESS] MouseButtonClick - "[MSAA, VisibleOnly]ControlType='Button' &amp;&amp; Name='Options'"
\0&lt;/a&gt;
W, 3240, 17, 2013/05/24, 09:02:27.849, 1115427330682, QTAgent32.exe, FindScreenElementInSinglePass : Attempting to find control in one pass of search. Failures can occur.
W, 3240, 17, 2013/05/24, 09:02:28.005, 1115429561258, QTAgent32.exe, &lt;a class=success&gt;Playback - {47} [SUCCESS] MouseButtonClick - "[MSAA]ControlType='MenuItem' &amp;&amp; Name='Links'"
\0&lt;/a&gt;
W, 3240, 17, 2013/05/24, 09:02:28.105, 1115430996955, QTAgent32.exe, FindScreenElementInSinglePass : Attempting to find control in one pass of search. Failures can occur.
W, 3240, 17, 2013/05/24, 09:02:28.260, 1115433214598, QTAgent32.exe, &lt;a class=success&gt;Playback - {48} [SUCCESS] MouseButtonClick - "[MSAA]ControlType='MenuItem' &amp;&amp; Name='3rd Party Integration'"
\0&lt;/a&gt;
W, 3240, 17, 2013/05/24, 09:02:28.360, 1115434650895, QTAgent32.exe, FindScreenElementInSinglePass : Attempting to find control in one pass of search. Failures can occur.
W, 3240, 17, 2013/05/24, 09:02:28.516, 1115436877616, QTAgent32.exe, &lt;a class=success&gt;Playback - {49} [SUCCESS] MouseButtonClick - "[MSAA]ControlType='MenuItem' &amp;&amp; Name='Quote Select List'"
\0&lt;/a&gt;
W, 3240, 17, 2013/05/24, 09:02:29.832, 1115455718029, QTAgent32.exe, PERF WARNING: FindTopLevelWindowHelper::FindAllDescendents: took 1215 ms. Expected it to take maximum 500 ms.
W, 3240, 17, 2013/05/24, 09:02:29.967, 1115457657263, QTAgent32.exe, &lt;a class=success&gt;Playback - {50} [SUCCESS] MouseButtonClick - "[MSAA, VisibleOnly]ControlType='Button' &amp;&amp; Name='Ok'"
\0&lt;/a&gt;
W, 3240, 17, 2013/05/24, 09:02:32.651, 1115496088214, QTAgent32.exe, PERF WARNING: FindTopLevelWindowHelper::FindAllDescendents: took 2583 ms. Expected it to take maximum 500 ms.
W, 3240, 17, 2013/05/24, 09:02:32.734, 1115497272936, QTAgent32.exe, &lt;a class=success&gt;Playback - {51} [SUCCESS] SendKeys "^{HOME}" - "[MSAA, VisibleOnly]ControlType='Edit'"
\0&lt;/a&gt;
E, 3240, 17, 2013/05/24, 09:02:32.734, 1115497274715, QTAgent32.exe, Msaa.GetFocusedElement: could not find accessible object of foreground window
W, 3240, 17, 2013/05/24, 09:02:32.793, 1115498111057, QTAgent32.exe, &lt;a class=success&gt;Playback - {52} [SUCCESS] SendKeys "^+{END}" - "[MSAA, VisibleOnly]ControlType='Edit'"
\0&lt;/a&gt;
E, 3240, 17, 2013/05/24, 09:02:32.793, 1115498112776, QTAgent32.exe, Msaa.GetFocusedElement: could not find accessible object of foreground window
W, 3240, 17, 2013/05/24, 09:02:32.821, 1115498512620, QTAgent32.exe, &lt;a class=success&gt;Playback - {53} [SUCCESS] SendKeys "{DELETE}" - "[MSAA, VisibleOnly]ControlType='Edit'"
\0&lt;/a&gt;
W, 3240, 17, 2013/05/24, 09:02:33.010, 1115501221643, QTAgent32.exe, &lt;a class=success&gt;Playback - {54} [SUCCESS] SetValueAsEditBox "31/05/13" - "[MSAA, VisibleOnly]ControlType='Edit'"  &lt; Set via SendKeys &gt;
\0&lt;/a&gt;
W, 3240, 17, 2013/05/24, 09:02:33.303, 1115505423785, QTAgent32.exe, &lt;a class=success&gt;Playback - {55} [SUCCESS] SetValueAsEditBox "test1" - "[MSAA, VisibleOnly]ControlType='Edit'"  &lt; Set via SendKeys &gt;
\0&lt;/a&gt;
W, 3240, 17, 2013/05/24, 09:02:33.560, 1115509104460, QTAgent32.exe, &lt;a class=success&gt;Playback - {56} [SUCCESS] SetValueAsEditBox "test" - "[MSAA, VisibleOnly]ControlType='Edit'"  &lt; Set via SendKeys &gt;
\0&lt;/a&gt;
W, 3240, 17, 2013/05/24, 09:02:33.734, 1115511593689, QTAgent32.exe, &lt;a class=success&gt;Playback - {57} [SUCCESS] SendKeys "^{HOME}" - "[MSAA, VisibleOnly]ControlType='Edit'"
\0&lt;/a&gt;
E, 3240, 17, 2013/05/24, 09:02:33.734, 1115511596019, QTAgent32.exe, Msaa.GetFocusedElement: could not find accessible object of foreground window
W, 3240, 17, 2013/05/24, 09:02:33.787, 1115512344944, QTAgent32.exe, &lt;a class=success&gt;Playback - {58} [SUCCESS] SendKeys "^+{END}" - "[MSAA, VisibleOnly]ControlType='Edit'"
\0&lt;/a&gt;
E, 3240, 17, 2013/05/24, 09:02:33.787, 1115512346484, QTAgent32.exe, Msaa.GetFocusedElement: could not find accessible object of foreground window
W, 3240, 17, 2013/05/24, 09:02:33.799, 1115512517863, QTAgent32.exe, &lt;a class=success&gt;Playback - {59} [SUCCESS] SendKeys "{DELETE}" - "[MSAA, VisibleOnly]ControlType='Edit'"
\0&lt;/a&gt;
W, 3240, 17, 2013/05/24, 09:02:33.907, 1115514065609, QTAgent32.exe, &lt;a class=success&gt;Playback - {60} [SUCCESS] SetValueAsEditBox "test" - "[MSAA, VisibleOnly]ControlType='Edit'"  &lt; Set via SendKeys &gt;
\0&lt;/a&gt;
W, 3240, 17, 2013/05/24, 09:02:34.223, 1115518592701, QTAgent32.exe, Playback - [WARNING] Internal warning: Incorrect flag set for InvokeProgrammaticAction\0
W, 3240, 17, 2013/05/24, 09:02:34.341, 1115520277174, QTAgent32.exe, &lt;a class=success&gt;Playback - {61} [SUCCESS] SetValueAsComboBox "Account Director" - "[MSAA, VisibleOnly]ControlType='ComboBox'"  &lt; SetValueAsComboBox, set by clicking on the item in the list box &gt;
\0&lt;/a&gt;
W, 3240, 17, 2013/05/24, 09:02:34.656, 1115524796586, QTAgent32.exe, Playback - [WARNING] Internal warning: Incorrect flag set for InvokeProgrammaticAction\0
W, 3240, 17, 2013/05/24, 09:02:34.774, 1115526477249, QTAgent32.exe, &lt;a class=success&gt;Playback - {62} [SUCCESS] SetValueAsComboBox "Advertising" - "[MSAA, VisibleOnly]ControlType='ComboBox'"  &lt; SetValueAsComboBox, set by clicking on the item in the list box &gt;
\0&lt;/a&gt;
W, 3240, 17, 2013/05/24, 09:02:35.083, 1115530906710, QTAgent32.exe, &lt;a class=success&gt;Playback - {63} [SUCCESS] SetValueAsEditBox "160589" - "[MSAA, VisibleOnly]ControlType='Edit'"  &lt; Set via SendKeys &gt;
\0&lt;/a&gt;
W, 3240, 17, 2013/05/24, 09:02:35.305, 1115534093314, QTAgent32.exe, &lt;a class=success&gt;Playback - {64} [SUCCESS] MouseButtonClick - "[MSAA, VisibleOnly]ControlType='Edit'"
\0&lt;/a&gt;
W, 3240, 17, 2013/05/24, 09:02:35.596, 1115538260241, QTAgent32.exe, &lt;a class=success&gt;Playback - {65} [SUCCESS] SetValueAsEditBox "BN16BN" - "[MSAA, VisibleOnly]ControlType='Edit'"  &lt; Set via SendKeys &gt;
\0&lt;/a&gt;
W, 3240, 17, 2013/05/24, 09:02:37.830, 1115570233725, QTAgent32.exe, &lt;a class=success&gt;Playback - {66} [SUCCESS] MouseButtonClick - "[MSAA, VisibleOnly]ControlType='Button' &amp;&amp; Name='Lookup...'"
\0&lt;/a&gt;
W, 3240, 17, 2013/05/24, 09:02:38.090, 1115573957855, QTAgent32.exe, &lt;a class=success&gt;Playback - {67} [SUCCESS] MouseButtonClick - "[MSAA, VisibleOnly]ControlType='Button' &amp;&amp; Name='Ok'"
\0&lt;/a&gt;
W, 3240, 17, 2013/05/24, 09:02:38.386, 1115578194521, QTAgent32.exe, &lt;a class=success&gt;Playback - {68} [SUCCESS] MouseButtonClick - "[MSAA, VisibleOnly]ControlType='Button' &amp;&amp; Name='Next &gt;'"
\0&lt;/a&gt;
W, 3240, 17, 2013/05/24, 09:02:38.696, 1115582638086, QTAgent32.exe, &lt;a class=success&gt;Playback - {69} [SUCCESS] SetValueAsEditBox "1989" - "[MSAA, VisibleOnly]ControlType='Edit'"  &lt; Set via SendKeys &gt;
\0&lt;/a&gt;
W, 3240, 17, 2013/05/24, 09:02:38.966, 1115586505888, QTAgent32.exe, &lt;a class=success&gt;Playback - {70} [SUCCESS] MouseButtonClick - "[MSAA, VisibleOnly]ControlType='Button' &amp;&amp; Name='Next &gt;'"
\0&lt;/a&gt;
W, 3240, 17, 2013/05/24, 09:02:39.195, 1115589781478, QTAgent32.exe, &lt;a class=success&gt;Playback - {71} [SUCCESS] MouseButtonClick - "[MSAA, VisibleOnly]ControlType='Button' &amp;&amp; Name='Next &gt;'"
\0&lt;/a&gt;
W, 3240, 17, 2013/05/24, 09:02:39.404, 1115592782591, QTAgent32.exe, &lt;a class=success&gt;Playback - {72} [SUCCESS] MouseButtonClick - "[MSAA, VisibleOnly]ControlType='Button' &amp;&amp; Name='Next &gt;'"
\0&lt;/a&gt;
W, 3240, 17, 2013/05/24, 09:02:39.704, 1115597072069, QTAgent32.exe, &lt;a class=success&gt;Playback - {73} [SUCCESS] SetValueAsEditBox "2345" - "[MSAA, VisibleOnly]ControlType='Edit'"  &lt; Set via SendKeys &gt;
\0&lt;/a&gt;
W, 3240, 17, 2013/05/24, 09:02:40.019, 1115601583505, QTAgent32.exe, &lt;a class=success&gt;Playback - {74} [SUCCESS] SetValueAsEditBox "2000" - "[MSAA, VisibleOnly]ControlType='Edit'"  &lt; Set via SendKeys &gt;
\0&lt;/a&gt;
W, 3240, 17, 2013/05/24, 09:02:40.327, 1115605993457, QTAgent32.exe, &lt;a class=success&gt;Playback - {75} [SUCCESS] SetValueAsEditBox "2000" - "[MSAA, VisibleOnly]ControlType='Edit'"  &lt; Set via SendKeys &gt;
\0&lt;/a&gt;
W, 3240, 17, 2013/05/24, 09:02:40.570, 1115609466017, QTAgent32.exe, &lt;a class=success&gt;Playback - {76} [SUCCESS] MouseButtonClick - "[MSAA, VisibleOnly]ControlType='Button' &amp;&amp; Name='Next &gt;'"
\0&lt;/a&gt;
W, 3240, 17, 2013/05/24, 09:02:40.876, 1115613855522, QTAgent32.exe, &lt;a class=success&gt;Playback - {77} [SUCCESS] SetValueAsEditBox "2345" - "[MSAA, VisibleOnly]ControlType='Edit'"  &lt; Set via SendKeys &gt;
\0&lt;/a&gt;
W, 3240, 17, 2013/05/24, 09:02:41.114, 1115617255999, QTAgent32.exe, &lt;a class=success&gt;Playback - {78} [SUCCESS] MouseButtonClick - "[MSAA, VisibleOnly]ControlType='Button' &amp;&amp; Name='Next &gt;'"
\0&lt;/a&gt;
W, 3240, 17, 2013/05/24, 09:02:41.356, 1115620722135, QTAgent32.exe, &lt;a class=success&gt;Playback - {79} [SUCCESS] MouseButtonClick - "[MSAA, VisibleOnly]ControlType='Button' &amp;&amp; Name='Next &gt;'"
\0&lt;/a&gt;
W, 3240, 17, 2013/05/24, 09:02:41.664, 1115625133796, QTAgent32.exe, &lt;a class=success&gt;Playback - {80} [SUCCESS] MouseButtonClick - "[MSAA, VisibleOnly]ControlType='Button' &amp;&amp; Name='Quote'"
\0&lt;/a&gt;
W, 3240, 17, 2013/05/24, 09:02:41.904, 1115628566322, QTAgent32.exe, &lt;a class=success&gt;Playback - {81} [SUCCESS] MouseButtonClick - "[MSAA, VisibleOnly]ControlType='Button' &amp;&amp; Name='No'"
\0&lt;/a&gt;
W, 3240, 17, 2013/05/24, 09:02:42.132, 1115631837086, QTAgent32.exe, &lt;a class=success&gt;Playback - {82} [SUCCESS] MouseButtonClick - "[MSAA, VisibleOnly]ControlType='Button' &amp;&amp; Name='Ok'"
\0&lt;/a&gt;
W, 3240, 17, 2013/05/24, 09:02:44.654, 1115667945698, QTAgent32.exe, PERF WARNING: FindTopLevelWindowHelper::FindAllDescendents: took 2421 ms. Expected it to take maximum 500 ms.
W, 3240, 17, 2013/05/24, 09:02:44.784, 1115669808953, QTAgent32.exe, &lt;a class=success&gt;Playback - {83} [SUCCESS] MouseButtonClick - "[MSAA, VisibleOnly]ControlType='Client'"
\0&lt;/a&gt;
W, 3240, 17, 2013/05/24, 09:02:46.319, 1115691781045, QTAgent32.exe, &lt;a class=success&gt;Playback - {84} [SUCCESS] SendKeys "{Home}" - "[MSAA, VisibleOnly]ControlType='Client'"
\0&lt;/a&gt;
W, 3240, 17, 2013/05/24, 09:02:46.759, 1115698088469, QTAgent32.exe, &lt;a class=success&gt;Playback - {85} [SUCCESS] MouseButtonClick - "[MSAA, VisibleOnly]ControlType='Button' &amp;&amp; Name='Accept'"
\0&lt;/a&gt;
W, 3240, 17, 2013/05/24, 09:02:47.025, 1115701891496, QTAgent32.exe, &lt;a class=success&gt;Playback - {86} [SUCCESS] MouseButtonClick - "[MSAA, VisibleOnly]ControlType='Button' &amp;&amp; Name='Yes'"
\0&lt;/a&gt;
W, 3240, 17, 2013/05/24, 09:02:49.257, 1115733853303, QTAgent32.exe, &lt;a class=success&gt;Playback - {87} [SUCCESS] MouseButtonClick - "[MSAA, VisibleOnly]ControlType='Button' &amp;&amp; Name='Ok'"
\0&lt;/a&gt;
W, 3240, 17, 2013/05/24, 09:02:58.875, 1115871561852, QTAgent32.exe, Playback - [WARNING] Internal warning: Window Not Found: [VisibleOnly]ControlType='Window' &amp;&amp; Name='Save the file as' &amp;&amp; ClassName='#32770'
\0
E, 3240, 17, 2013/05/24, 09:02:58.875, 1115871564308, QTAgent32.exe, &lt;a class=failure&gt;Playback - {88} [FAILED] Function ElementFetcher::FindScreenElement failed to locate UI element (Searching: ;[VisibleOnly]ControlType='Window' &amp;&amp; Name='Save the file as' &amp;&amp; ClassName='#32770') (The object specified was not found.)
\0&lt;/a&gt;
E, 3240, 17, 2013/05/24, 09:02:58.922, 1115872235086, QTAgent32.exe, Playback - [IMAGE] C:\Users\testuser\AppData\Local\Temp\UITestLogs\LastRun\RPF2C9C.png
\0
W, 3240, 17, 2013/05/24, 09:02:58.922, 1115872236791, QTAgent32.exe, Playback - [WARNING] Internal warning: Couldn't find descendants that match QueryId
\0
W, 3240, 17, 2013/05/24, 09:02:58.922, 1115872239282, QTAgent32.exe, PERF WARNING: FindTopLevelWindowHelper::FindAllDescendents: took 9513 ms. Expected it to take maximum 500 ms.
W, 3240, 17, 2013/05/24, 09:03:18.061, 1116146276530, QTAgent32.exe, Playback - [WARNING] Internal warning: Window Not Found: [VisibleOnly]ControlType='Window' &amp;&amp; Name='Save the file as' &amp;&amp; ClassName='#32770'
\0
E, 3240, 17, 2013/05/24, 09:03:18.061, 1116146278943, QTAgent32.exe, &lt;a class=failure&gt;Playback - {89} [FAILED] Function ElementFetcher::FindScreenElement failed to locate UI element (Searching: ;[VisibleOnly]ControlType='Window' &amp;&amp; Name='Save the file as' &amp;&amp; ClassName='#32770') (The object specified was not found.)
\0&lt;/a&gt;
E, 3240, 17, 2013/05/24, 09:03:18.104, 1116146889438, QTAgent32.exe, Playback - [IMAGE] C:\Users\testuser\AppData\Local\Temp\UITestLogs\LastRun\RPF7791.png
\0
W, 3240, 17, 2013/05/24, 09:03:18.104, 1116146891194, QTAgent32.exe, Playback - [WARNING] Internal warning: Couldn't find descendants that match QueryId
\0
W, 3240, 17, 2013/05/24, 09:03:18.104, 1116146893887, QTAgent32.exe, PERF WARNING: FindTopLevelWindowHelper::FindAllDescendents: took 19181 ms. Expected it to take maximum 500 ms.
W, 3240, 17, 2013/05/24, 09:03:21.412, 1116194257333, QTAgent32.exe, Playback - [WARNING] Internal warning: Smart Match failed
\0
W, 3240, 17, 2013/05/24, 09:03:22.833, 1116214604206, QTAgent32.exe, Playback - [WARNING] Internal warning: Window Not Found: [VisibleOnly]ControlType='Window' &amp;&amp; Name='Save the file as' &amp;&amp; ClassName='#32770'
\0
E, 3240, 17, 2013/05/24, 09:03:22.833, 1116214606432, QTAgent32.exe, &lt;a class=failure&gt;Playback - {90} [FAILED] Function ElementFetcher::FindScreenElement failed to locate UI element (Searching: ;[VisibleOnly]ControlType='Window' &amp;&amp; Name='Save the file as' &amp;&amp; ClassName='#32770') (The object specified was not found.)
\0&lt;/a&gt;
E, 3240, 17, 2013/05/24, 09:03:22.876, 1116215223189, QTAgent32.exe, Playback - [IMAGE] C:\Users\testuser\AppData\Local\Temp\UITestLogs\LastRun\RPF8A37.png
\0
W, 3240, 17, 2013/05/24, 09:03:22.876, 1116215224755, QTAgent32.exe, Playback - [WARNING] Internal warning: Couldn't find descendants that match QueryId
\0
W, 3240, 17, 2013/05/24, 09:03:22.877, 1116215227418, QTAgent32.exe, PERF WARNING: FindTopLevelWindowHelper::FindAllDescendents: took 4772 ms. Expected it to take maximum 500 ms.
E, 3240, 17, 2013/05/24, 09:03:22.877, 1116215229036, QTAgent32.exe, Exception: System.Runtime.InteropServices.COMException
	Message: Error HRESULT E_FAIL has been returned from a call to a COM component.
	Stack Trace:    at Microsoft.VisualStudio.TestTools.UITest.Playback.Engine.IRPFPlayback.FindAllScreenElements(IScreenElement pScreenElementStart, String bstrQueryId, Object&amp; pvarResKeys, Int32 cResKeys, Int32 nMaxDepth, Object[]&amp; foundDescendants)
   at Microsoft.VisualStudio.TestTools.UITest.Playback.ScreenElement.FindTopLevelWindowHelper(String queryId)
	BaseExceptionMessage: Error HRESULT E_FAIL has been returned from a call to a COM component.

E, 3240, 17, 2013/05/24, 09:03:22.977, 1116216670960, QTAgent32.exe, AL: Playback Error: Microsoft.VisualStudio.TestTools.UITest.Extension.UITestControlNotFoundException: The playback failed to find the control with the given search properties. Additional Details: 
TechnologyName:  'MSAA'
ControlType:  'Window'
Name:  'Save the file as'
ClassName:  '#32770'
 ---&gt; System.Runtime.InteropServices.COMException: Error HRESULT E_FAIL has been returned from a call to a COM component.
   at Microsoft.VisualStudio.TestTools.UITest.Playback.Engine.IRPFPlayback.FindAllScreenElements(IScreenElement pScreenElementStart, String bstrQueryId, Object&amp; pvarResKeys, Int32 cResKeys, Int32 nMaxDepth, Object[]&amp; foundDescendants)
   at Microsoft.VisualStudio.TestTools.UITest.Playback.ScreenElement.FindTopLevelWindowHelper(String queryId)
   at Microsoft.VisualStudio.TestTools.UITest.Playback.ScreenElement.FindFromPartialQueryId(String queryId)
   at Microsoft.VisualStudio.TestTools.UITesting.UITestControl..ctor(String queryId)
   --- End of inner exception stack trace ---
   at Microsoft.VisualStudio.TestTools.UITesting.Playback.MapControlNotFoundException(COMException ex, IPlaybackContext context)
   at Microsoft.VisualStudio.TestTools.UITesting.Playback.MapAndThrowComException(COMException innerException, IPlaybackContext context)
   at Microsoft.VisualStudio.TestTools.UITesting.Playback.MapAndThrowException(SystemException exception, IPlaybackContext context)
   at Microsoft.VisualStudio.TestTools.UITesting.Playback.MapAndThrowException(SystemException exception, String queryId)
   at Microsoft.VisualStudio.TestTools.UITesting.UITestControl..ctor(String queryId)
   at Microsoft.VisualStudio.TestTools.UITesting.SearchHelper.SearchTopLevelWindow(ISearchArgument topLevelSearchArg, String topLevelElementQueryId)
   at Microsoft.VisualStudio.TestTools.UITesting.SearchHelper.GetTitleUpdatedTopLevelWindow(ISearchArgument topLevelSearchArg, String queryId, IList`1 windowTitles)
   at Microsoft.VisualStudio.TestTools.UITesting.SearchHelper.GetTopLevelElement(Boolean useCache, Boolean useCacheOnly, ISearchArgument searchArg, IList`1 windowTitles, Int32&amp; timeLeft)
   at Microsoft.VisualStudio.TestTools.UITesting.SearchHelper.GetElement(Boolean useCache, ISearchArgument searchArg)
   at Microsoft.VisualStudio.TestTools.UITesting.SearchHelper.Search(ISearchArgument searchArg)
   at Microsoft.VisualStudio.TestTools.UITesting.UITestControl.FindInternal()
   at Microsoft.VisualStudio.TestTools.UITesting.UITestControl.FindControlIfNecessary()
   at Microsoft.VisualStudio.TestTools.UITesting.UITestControl.Click(MouseButtons button, ModifierKeys modifierKeys, Point relativeCoordinates)
   at Microsoft.VisualStudio.TestTools.UITesting.Mouse.ClickImplementation(UITestControl control, MouseButtons button, ModifierKeys modifierKeys, Point relativeCoordinate)
   at Microsoft.VisualStudio.TestTools.UITesting.Mouse.ClickImplementationWrapper(UITestControl control, MouseButtons button, ModifierKeys modifierKeys, Point relativeCoordinate)
W, 3240, 17, 2013/05/24, 09:03:22.978, 1116216672505, QTAgent32.exe, PlaybackErrorHandler: Ignoring exception as ContinueOnError is set.
W, 3240, 17, 2013/05/24, 09:03:23.105, 1116218498299, QTAgent32.exe, &lt;a class=success&gt;Playback - {91} [SUCCESS] MouseButtonClick - "[MSAA, VisibleOnly]ControlType='Button' &amp;&amp; Name='OK'"
\0&lt;/a&gt;
W, 3240, 17, 2013/05/24, 09:03:24.180, 1116233878984, QTAgent32.exe, PERF WARNING: FindTopLevelWindowHelper::FindAllDescendents: took 973 ms. Expected it to take maximum 500 ms.
W, 3240, 17, 2013/05/24, 09:03:24.305, 1116235675814, QTAgent32.exe, &lt;a class=success&gt;Playback - {92} [SUCCESS] MouseButtonClick - "[MSAA, VisibleOnly]ControlType='Button' &amp;&amp; Name='Ok'"
\0&lt;/a&gt;
W, 3240, 17, 2013/05/24, 09:03:24.533, 1116238941961, QTAgent32.exe, &lt;a class=success&gt;Playback - {93} [SUCCESS] MouseButtonClick - "[MSAA, VisibleOnly]ControlType='Button' &amp;&amp; Name='Ok'"
\0&lt;/a&gt;
W, 3240, 17, 2013/05/24, 09:03:24.895, 1116244121560, QTAgent32.exe, &lt;a class=success&gt;Playback - {94} [SUCCESS] SetValueAsEditBox "B338TH" - "[MSAA, VisibleOnly]ControlType='Edit'"  &lt; Set via SendKeys &gt;
\0&lt;/a&gt;
W, 3240, 17, 2013/05/24, 09:03:27.117, 1116275946313, QTAgent32.exe, &lt;a class=success&gt;Playback - {95} [SUCCESS] MouseButtonClick - "[MSAA, VisibleOnly]ControlType='Button' &amp;&amp; Name='Lookup...'"
\0&lt;/a&gt;
W, 3240, 17, 2013/05/24, 09:03:27.353, 1116279319959, QTAgent32.exe, &lt;a class=success&gt;Playback - {96} [SUCCESS] MouseButtonClick - "[MSAA, VisibleOnly]ControlType='Button' &amp;&amp; Name='Ok'"
\0&lt;/a&gt;
W, 3240, 17, 2013/05/24, 09:03:27.634, 1116283347082, QTAgent32.exe, &lt;a class=success&gt;Playback - {97} [SUCCESS] MouseButtonClick - "[MSAA, VisibleOnly]ControlType='Button' &amp;&amp; Name='Confirm'"
\0&lt;/a&gt;
W, 3240, 17, 2013/05/24, 09:03:50.159, 1116605863070, QTAgent32.exe, Playback - [WARNING] Internal warning: Window Not Found: [VisibleOnly]ControlType='Window' &amp;&amp; Name='Personal Lines' &amp;&amp; ClassName='#32770'
\0
E, 3240, 17, 2013/05/24, 09:03:50.159, 1116605865537, QTAgent32.exe, &lt;a class=failure&gt;Playback - {98} [FAILED] Function ElementFetcher::FindScreenElement failed to locate UI element (Searching: ;[VisibleOnly]ControlType='Window' &amp;&amp; Name='Personal Lines' &amp;&amp; ClassName='#32770') (The object specified was not found.)
\0&lt;/a&gt;
E, 3240, 17, 2013/05/24, 09:03:50.209, 1116606575355, QTAgent32.exe, Playback - [IMAGE] C:\Users\testuser\AppData\Local\Temp\UITestLogs\LastRun\RPFF4FC.png
\0
W, 3240, 17, 2013/05/24, 09:03:50.209, 1116606577239, QTAgent32.exe, Playback - [WARNING] Internal warning: Couldn't find descendants that match QueryId
\0
W, 3240, 17, 2013/05/24, 09:03:50.209, 1116606580063, QTAgent32.exe, PERF WARNING: FindTopLevelWindowHelper::FindAllDescendents: took 22474 ms. Expected it to take maximum 500 ms.
W, 3240, 17, 2013/05/24, 09:04:09.219, 1116878765922, QTAgent32.exe, Playback - [WARNING] Internal warning: Window Not Found: [VisibleOnly]ControlType='Window' &amp;&amp; Name='Personal Lines' &amp;&amp; ClassName='#32770'
\0
E, 3240, 17, 2013/05/24, 09:04:09.219, 1116878768274, QTAgent32.exe, &lt;a class=failure&gt;Playback - {99} [FAILED] Function ElementFetcher::FindScreenElement failed to locate UI element (Searching: ;[VisibleOnly]ControlType='Window' &amp;&amp; Name='Personal Lines' &amp;&amp; ClassName='#32770') (The object specified was not found.)
\0&lt;/a&gt;
E, 3240, 17, 2013/05/24, 09:04:09.264, 1116879414506, QTAgent32.exe, Playback - [IMAGE] C:\Users\testuser\AppData\Local\Temp\UITestLogs\LastRun\RPF3F74.png
\0
W, 3240, 17, 2013/05/24, 09:04:09.265, 1116879416251, QTAgent32.exe, Playback - [WARNING] Internal warning: Couldn't find descendants that match QueryId
\0
W, 3240, 17, 2013/05/24, 09:04:09.265, 1116879418776, QTAgent32.exe, PERF WARNING: FindTopLevelWindowHelper::FindAllDescendents: took 19055 ms. Expected it to take maximum 500 ms.
W, 3240, 17, 2013/05/24, 09:04:12.576, 1116926824602, QTAgent32.exe, Playback - [WARNING] Internal warning: Smart Match failed
\0
W, 3240, 17, 2013/05/24, 09:04:13.993, 1116947114752, QTAgent32.exe, Playback - [WARNING] Internal warning: Window Not Found: [VisibleOnly]ControlType='Window' &amp;&amp; Name='Personal Lines' &amp;&amp; ClassName='#32770'
\0
E, 3240, 17, 2013/05/24, 09:04:13.993, 1116947116995, QTAgent32.exe, &lt;a class=failure&gt;Playback - {100} [FAILED] Function ElementFetcher::FindScreenElement failed to locate UI element (Searching: ;[VisibleOnly]ControlType='Window' &amp;&amp; Name='Personal Lines' &amp;&amp; ClassName='#32770') (The object specified was not found.)
\0&lt;/a&gt;
E, 3240, 17, 2013/05/24, 09:04:14.035, 1116947721191, QTAgent32.exe, Playback - [IMAGE] C:\Users\testuser\AppData\Local\Temp\UITestLogs\LastRun\RPF521B.png
\0
W, 3240, 17, 2013/05/24, 09:04:14.035, 1116947722967, QTAgent32.exe, Playback - [WARNING] Internal warning: Couldn't find descendants that match QueryId
\0
W, 3240, 17, 2013/05/24, 09:04:14.035, 1116947725436, QTAgent32.exe, PERF WARNING: FindTopLevelWindowHelper::FindAllDescendents: took 4770 ms. Expected it to take maximum 500 ms.
E, 3240, 17, 2013/05/24, 09:04:14.035, 1116947727073, QTAgent32.exe, Exception: System.Runtime.InteropServices.COMException
	Message: Error HRESULT E_FAIL has been returned from a call to a COM component.
	Stack Trace:    at Microsoft.VisualStudio.TestTools.UITest.Playback.Engine.IRPFPlayback.FindAllScreenElements(IScreenElement pScreenElementStart, String bstrQueryId, Object&amp; pvarResKeys, Int32 cResKeys, Int32 nMaxDepth, Object[]&amp; foundDescendants)
   at Microsoft.VisualStudio.TestTools.UITest.Playback.ScreenElement.FindTopLevelWindowHelper(String queryId)
	BaseExceptionMessage: Error HRESULT E_FAIL has been returned from a call to a COM component.

E, 3240, 17, 2013/05/24, 09:04:14.036, 1116947730825, QTAgent32.exe, GetClassName for handle 657180 failed
E, 3240, 17, 2013/05/24, 09:04:14.036, 1116947739181, QTAgent32.exe, Window 657180 not responding. Last Win32 error 1400
E, 3240, 17, 2013/05/24, 09:04:14.036, 1116947740117, QTAgent32.exe, GetClassName for handle 657180 failed
E, 3240, 17, 2013/05/24, 09:04:14.036, 1116947743635, QTAgent32.exe, Window 264012 not responding. Last Win32 error 1400
E, 3240, 17, 2013/05/24, 09:04:14.037, 1116947744588, QTAgent32.exe, GetClassName for handle 264012 failed
E, 3240, 17, 2013/05/24, 09:04:14.137, 1116949182014, QTAgent32.exe, AL: Playback Error: Microsoft.VisualStudio.TestTools.UITest.Extension.UITestControlNotAvailableException: The control is not available or not valid. Additional Details: 
TechnologyName:  'MSAA'
Name:  'OK'
ControlType:  'Button'
 ---&gt; Microsoft.VisualStudio.TestTools.UITest.Extension.UITestControlNotAvailableException: The control is not available or not valid. Additional Details: 
TechnologyName:  'MSAA'
ControlType:  'Window'
 ---&gt; System.Runtime.InteropServices.COMException: Error HRESULT E_FAIL has been returned from a call to a COM component.
   at Microsoft.VisualStudio.TestTools.UITest.Playback.Engine.IRPFPlayback.FindAllScreenElements(IScreenElement pScreenElementStart, String bstrQueryId, Object&amp; pvarResKeys, Int32 cResKeys, Int32 nMaxDepth, Object[]&amp; foundDescendants)
   at Microsoft.VisualStudio.TestTools.UITest.Playback.ScreenElement.FindTopLevelWindowHelper(String queryId)
   at Microsoft.VisualStudio.TestTools.UITest.Playback.ScreenElement.FindFromPartialQueryId(String queryId)
   at Microsoft.VisualStudio.TestTools.UITesting.UITestControl.EnsureValid(Boolean waitForReady, Boolean refetch)
   --- End of inner exception stack trace ---
   at Microsoft.VisualStudio.TestTools.UITesting.UITestControl.EnsureValid(Boolean waitForReady, Boolean refetch)
   at Microsoft.VisualStudio.TestTools.UITesting.UITestControl.FindFirstDescendant(String queryId, Int32 maxDepth, Int32&amp; timeLeft)
   at Microsoft.VisualStudio.TestTools.UITesting.UITestControl.FindFirstDescendant(String queryId)
   at Microsoft.VisualStudio.TestTools.UITesting.UITestControl.EnsureValid(Boolean waitForReady, Boolean refetch)
   --- End of inner exception stack trace ---
   at Microsoft.VisualStudio.TestTools.UITesting.UITestControl.EnsureValid(Boolean waitForReady, Boolean refetch)
   at Microsoft.VisualStudio.TestTools.UITesting.UITestControl.Click(MouseButtons button, ModifierKeys modifierKeys, Point relativeCoordinates)
   at Microsoft.VisualStudio.TestTools.UITesting.Mouse.ClickImplementation(UITestControl control, MouseButtons button, ModifierKeys modifierKeys, Point relativeCoordinate)
   at Microsoft.VisualStudio.TestTools.UITesting.Mouse.ClickImplementationWrapper(UITestControl control, MouseButtons button, ModifierKeys modifierKeys, Point relativeCoordinate)
W, 3240, 17, 2013/05/24, 09:04:14.137, 1116949183810, QTAgent32.exe, PlaybackErrorHandler: Ignoring exception as ContinueOnError is set.
W, 3240, 17, 2013/05/24, 09:04:14.273, 1116951124227, QTAgent32.exe, &lt;a class=success&gt;Playback - {101} [SUCCESS] Check - "[MSAA, VisibleOnly]ControlType='CheckBox' &amp;&amp; Name='Defer Printing?'"
\0&lt;/a&gt;
W, 3240, 17, 2013/05/24, 09:04:14.957, 1116960919144, QTAgent32.exe, &lt;a class=success&gt;Playback - {102} [SUCCESS] MouseButtonClick - "[MSAA, VisibleOnly]ControlType='Button' &amp;&amp; Name='Ok'"
\0&lt;/a&gt;
W, 3240, 17, 2013/05/24, 09:04:15.716, 1116971791177, QTAgent32.exe, PERF WARNING: FindTopLevelWindowHelper::FindAllDescendents: took 658 ms. Expected it to take maximum 500 ms.
W, 3240, 17, 2013/05/24, 09:04:15.849, 1116973690243, QTAgent32.exe, &lt;a class=success&gt;Playback - {103} [SUCCESS] Uncheck - "[MSAA, VisibleOnly]ControlType='CheckBox' &amp;&amp; Name='Add Activity'"
\0&lt;/a&gt;
W, 3240, 17, 2013/05/24, 09:04:16.182, 1116978454470, QTAgent32.exe, &lt;a class=success&gt;Playback - {104} [SUCCESS] MouseButtonClick - "[MSAA, VisibleOnly]ControlType='Button' &amp;&amp; Name='Ok'"
\0&lt;/a&gt;
W, 3240, 17, 2013/05/24, 09:04:16.413, 1116981764181, QTAgent32.exe, &lt;a class=success&gt;Playback - {105} [SUCCESS] MouseButtonClick - "[MSAA, VisibleOnly]ControlType='Button' &amp;&amp; Name='Ok'"
\0&lt;/a&gt;
W, 3240, 17, 2013/05/24, 09:04:17.026, 1116990543267, QTAgent32.exe, &lt;a class=success&gt;Playback - {106} [SUCCESS] MouseButtonClick - "[MSAA, VisibleOnly]ControlType='Button' &amp;&amp; Name='Ok'"
\0&lt;/a&gt;
W, 3240, 17, 2013/05/24, 09:04:20.162, 1117035446025, QTAgent32.exe, PERF WARNING: FindTopLevelWindowHelper::FindAllDescendents: took 3036 ms. Expected it to take maximum 500 ms.
W, 3240, 17, 2013/05/24, 09:04:20.308, 1117037537292, QTAgent32.exe, &lt;a class=success&gt;Playback - {107} [SUCCESS] MouseButtonClick - "[MSAA, VisibleOnly]ControlType='Button' &amp;&amp; Name='OK'"
\0&lt;/a&gt;
W, 3240, 17, 2013/05/24, 09:04:20.540, 1117040866458, QTAgent32.exe, &lt;a class=success&gt;Playback - {108} [SUCCESS] MouseButtonClick - "[MSAA, VisibleOnly]ControlType='Button' &amp;&amp; Name='Cancel'"
\0&lt;/a&gt;
W, 3240, 17, 2013/05/24, 09:04:20.770, 1117044159536, QTAgent32.exe, &lt;a class=success&gt;Playback - {109} [SUCCESS] MouseButtonClick - "[MSAA, VisibleOnly]ControlType='Button'"
\0&lt;/a&gt;
W, 3240, 17, 2013/05/24, 09:04:21.191, 1117050182555, QTAgent32.exe, &lt;a class=success&gt;Playback - {110} [SUCCESS] MouseButtonClick - "[MSAA, VisibleOnly]ControlType='Button' &amp;&amp; Name='Detail'"
\0&lt;/a&gt;
W, 3240, 17, 2013/05/24, 09:04:21.420, 1117053458872, QTAgent32.exe, &lt;a class=success&gt;Playback - {111} [SUCCESS] MouseButtonClick - "[MSAA, VisibleOnly]ControlType='Edit'"
\0&lt;/a&gt;
W, 3240, 17, 2013/05/24, 09:04:24.591, 1117098860092, QTAgent32.exe, Playback - [WARNING] Internal warning: Window Not Found: [VisibleOnly]ControlType='Window' &amp;&amp; Name='Connect to www.insur-econnect.com'
\0
E, 3240, 17, 2013/05/24, 09:04:24.591, 1117098861935, QTAgent32.exe, &lt;a class=failure&gt;Playback - {112} [FAILED] Function ElementFetcher::FindScreenElement failed to locate UI element (Searching: ;[VisibleOnly]ControlType='Window' &amp;&amp; Name='Connect to www.insur-econnect.com') (The object specified was not found.)
\0&lt;/a&gt;
E, 3240, 17, 2013/05/24, 09:04:24.628, 1117099394940, QTAgent32.exe, Playback - [IMAGE] C:\Users\testuser\AppData\Local\Temp\UITestLogs\LastRun\RPF7B7C.png
\0
W, 3240, 17, 2013/05/24, 09:04:24.628, 1117099396533, QTAgent32.exe, Playback - [WARNING] Internal warning: Couldn't find descendants that match QueryId
\0
W, 3240, 17, 2013/05/24, 09:04:24.628, 1117099398901, QTAgent32.exe, PERF WARNING: FindTopLevelWindowHelper::FindAllDescendents: took 769 ms. Expected it to take maximum 500 ms.
W, 3240, 17, 2013/05/24, 09:04:42.783, 1117359332701, QTAgent32.exe, Playback - [WARNING] Internal warning: Window Not Found: [VisibleOnly]ControlType='Window' &amp;&amp; Name='Connect to www.insur-econnect.com'
\0
E, 3240, 17, 2013/05/24, 09:04:42.783, 1117359334671, QTAgent32.exe, &lt;a class=failure&gt;Playback - {113} [FAILED] Function ElementFetcher::FindScreenElement failed to locate UI element (Searching: ;[VisibleOnly]ControlType='Window' &amp;&amp; Name='Connect to www.insur-econnect.com') (The object specified was not found.)
\0&lt;/a&gt;
E, 3240, 17, 2013/05/24, 09:04:42.822, 1117359888714, QTAgent32.exe, Playback - [IMAGE] C:\Users\testuser\AppData\Local\Temp\UITestLogs\LastRun\RPFC28B.png
\0
W, 3240, 17, 2013/05/24, 09:04:42.822, 1117359890282, QTAgent32.exe, Playback - [WARNING] Internal warning: Couldn't find descendants that match QueryId
\0
W, 3240, 17, 2013/05/24, 09:04:42.822, 1117359892773, QTAgent32.exe, PERF WARNING: FindTopLevelWindowHelper::FindAllDescendents: took 18192 ms. Expected it to take maximum 500 ms.
W, 3240, 17, 2013/05/24, 09:04:43.302, 1117366765332, QTAgent32.exe, Playback - [WARNING] Internal warning: Smart Match failed
\0
W, 3240, 17, 2013/05/24, 09:04:43.527, 1117369989022, QTAgent32.exe, Playback - [WARNING] Internal warning: Smart Match failed
\0
W, 3240, 17, 2013/05/24, 09:04:43.751, 1117373196890, QTAgent32.exe, Playback - [WARNING] Internal warning: Smart Match failed
\0
W, 3240, 17, 2013/05/24, 09:04:43.971, 1117376345213, QTAgent32.exe, Playback - [WARNING] Internal warning: Smart Match failed
\0
W, 3240, 17, 2013/05/24, 09:04:44.195, 1117379560734, QTAgent32.exe, Playback - [WARNING] Internal warning: Smart Match failed
\0
W, 3240, 17, 2013/05/24, 09:04:44.424, 1117382838252, QTAgent32.exe, Playback - [WARNING] Internal warning: Smart Match failed
\0
W, 3240, 17, 2013/05/24, 09:04:44.645, 1117385995282, QTAgent32.exe, Playback - [WARNING] Internal warning: Smart Match failed
\0
W, 3240, 17, 2013/05/24, 09:04:44.878, 1117389334725, QTAgent32.exe, Playback - [WARNING] Internal warning: Smart Match failed
\0
W, 3240, 17, 2013/05/24, 09:04:45.107, 1117392622364, QTAgent32.exe, Playback - [WARNING] Internal warning: Smart Match failed
\0
W, 3240, 17, 2013/05/24, 09:04:45.334, 1117395869349, QTAgent32.exe, Playback - [WARNING] Internal warning: Smart Match failed
\0
W, 3240, 17, 2013/05/24, 09:04:45.558, 1117399075702, QTAgent32.exe, Playback - [WARNING] Internal warning: Smart Match failed
\0
W, 3240, 17, 2013/05/24, 09:04:45.779, 1117402239803, QTAgent32.exe, Playback - [WARNING] Internal warning: Smart Match failed
\0
W, 3240, 17, 2013/05/24, 09:04:45.890, 1117403824144, QTAgent32.exe, Playback - [WARNING] Internal warning: Window Not Found: [VisibleOnly]ControlType='Window' &amp;&amp; Name='Connect to www.insur-econnect.com'
\0
E, 3240, 17, 2013/05/24, 09:04:45.890, 1117403825960, QTAgent32.exe, &lt;a class=failure&gt;Playback - {114} [FAILED] Function ElementFetcher::FindScreenElement failed to locate UI element (Searching: ;[VisibleOnly]ControlType='Window' &amp;&amp; Name='Connect to www.insur-econnect.com') (The object specified was not found.)
\0&lt;/a&gt;
E, 3240, 17, 2013/05/24, 09:04:45.927, 1117404364285, QTAgent32.exe, Playback - [IMAGE] C:\Users\testuser\AppData\Local\Temp\UITestLogs\LastRun\RPFCEAC.png
\0
W, 3240, 17, 2013/05/24, 09:04:45.928, 1117404365991, QTAgent32.exe, Playback - [WARNING] Internal warning: Couldn't find descendants that match QueryId
\0
W, 3240, 17, 2013/05/24, 09:04:45.928, 1117404368472, QTAgent32.exe, PERF WARNING: FindTopLevelWindowHelper::FindAllDescendents: took 3106 ms. Expected it to take maximum 500 ms.
E, 3240, 17, 2013/05/24, 09:04:45.928, 1117404370076, QTAgent32.exe, Exception: System.Runtime.InteropServices.COMException
	Message: Error HRESULT E_FAIL has been returned from a call to a COM component.
	Stack Trace:    at Microsoft.VisualStudio.TestTools.UITest.Playback.Engine.IRPFPlayback.FindAllScreenElements(IScreenElement pScreenElementStart, String bstrQueryId, Object&amp; pvarResKeys, Int32 cResKeys, Int32 nMaxDepth, Object[]&amp; foundDescendants)
   at Microsoft.VisualStudio.TestTools.UITest.Playback.ScreenElement.FindTopLevelWindowHelper(String queryId)
	BaseExceptionMessage: Error HRESULT E_FAIL has been returned from a call to a COM component.

W, 3240, 17, 2013/05/24, 09:04:46.636, 1117414507807, QTAgent32.exe, Playback - [WARNING] Internal warning: Window Not Found: [VisibleOnly]ControlType='Window' &amp;&amp; Name='Windows Security'
\0
E, 3240, 17, 2013/05/24, 09:04:46.636, 1117414509670, QTAgent32.exe, &lt;a class=failure&gt;Playback - {115} [FAILED] Function ElementFetcher::FindScreenElement failed to locate UI element (Searching: ;[VisibleOnly]ControlType='Window' &amp;&amp; Name='Windows Security') (The object specified was not found.)
\0&lt;/a&gt;
E, 3240, 17, 2013/05/24, 09:04:46.674, 1117415053046, QTAgent32.exe, Playback - [IMAGE] C:\Users\testuser\AppData\Local\Temp\UITestLogs\LastRun\RPFD19A.png
\0
W, 3240, 17, 2013/05/24, 09:04:46.674, 1117415054666, QTAgent32.exe, Playback - [WARNING] Internal warning: Couldn't find descendants that match QueryId
\0
W, 3240, 17, 2013/05/24, 09:04:46.675, 1117415057532, QTAgent32.exe, PERF WARNING: FindTopLevelWindowHelper::FindAllDescendents: took 746 ms. Expected it to take maximum 500 ms.
W, 3240, 17, 2013/05/24, 09:05:04.826, 1117674954046, QTAgent32.exe, Playback - [WARNING] Internal warning: Window Not Found: [VisibleOnly]ControlType='Window' &amp;&amp; Name='Windows Security'
\0
E, 3240, 17, 2013/05/24, 09:05:04.826, 1117674955869, QTAgent32.exe, &lt;a class=failure&gt;Playback - {116} [FAILED] Function ElementFetcher::FindScreenElement failed to locate UI element (Searching: ;[VisibleOnly]ControlType='Window' &amp;&amp; Name='Windows Security') (The object specified was not found.)
\0&lt;/a&gt;
E, 3240, 17, 2013/05/24, 09:05:04.867, 1117675540784, QTAgent32.exe, Playback - [IMAGE] C:\Users\testuser\AppData\Local\Temp\UITestLogs\LastRun\RPF18A9.png
\0
W, 3240, 17, 2013/05/24, 09:05:04.867, 1117675542389, QTAgent32.exe, Playback - [WARNING] Internal warning: Couldn't find descendants that match QueryId
\0
W, 3240, 17, 2013/05/24, 09:05:04.867, 1117675545140, QTAgent32.exe, PERF WARNING: FindTopLevelWindowHelper::FindAllDescendents: took 18192 ms. Expected it to take maximum 500 ms.
W, 3240, 17, 2013/05/24, 09:05:05.350, 1117682463219, QTAgent32.exe, Playback - [WARNING] Internal warning: Smart Match failed
\0
W, 3240, 17, 2013/05/24, 09:05:05.574, 1117685661520, QTAgent32.exe, Playback - [WARNING] Internal warning: Smart Match failed
\0
W, 3240, 17, 2013/05/24, 09:05:05.793, 1117688804761, QTAgent32.exe, Playback - [WARNING] Internal warning: Smart Match failed
\0
W, 3240, 17, 2013/05/24, 09:05:06.014, 1117691962930, QTAgent32.exe, Playback - [WARNING] Internal warning: Smart Match failed
\0
W, 3240, 17, 2013/05/24, 09:05:06.233, 1117695098411, QTAgent32.exe, Playback - [WARNING] Internal warning: Smart Match failed
\0
W, 3240, 17, 2013/05/24, 09:05:06.453, 1117698242858, QTAgent32.exe, Playback - [WARNING] Internal warning: Smart Match failed
\0
W, 3240, 17, 2013/05/24, 09:05:06.671, 1117701367304, QTAgent32.exe, Playback - [WARNING] Internal warning: Smart Match failed
\0
W, 3240, 17, 2013/05/24, 09:05:06.893, 1117704552078, QTAgent32.exe, Playback - [WARNING] Internal warning: Smart Match failed
\0
W, 3240, 17, 2013/05/24, 09:05:07.126, 1117707891814, QTAgent32.exe, Playback - [WARNING] Internal warning: Smart Match failed
\0
W, 3240, 17, 2013/05/24, 09:05:07.355, 1117711169621, QTAgent32.exe, Playback - [WARNING] Internal warning: Smart Match failed
\0
W, 3240, 17, 2013/05/24, 09:05:07.584, 1117714436957, QTAgent32.exe, Playback - [WARNING] Internal warning: Smart Match failed
\0
W, 3240, 17, 2013/05/24, 09:05:07.812, 1117717709685, QTAgent32.exe, Playback - [WARNING] Internal warning: Smart Match failed
\0
W, 3240, 17, 2013/05/24, 09:05:07.932, 1117719427374, QTAgent32.exe, Playback - [WARNING] Internal warning: Window Not Found: [VisibleOnly]ControlType='Window' &amp;&amp; Name='Windows Security'
\0
E, 3240, 17, 2013/05/24, 09:05:07.932, 1117719429226, QTAgent32.exe, &lt;a class=failure&gt;Playback - {117} [FAILED] Function ElementFetcher::FindScreenElement failed to locate UI element (Searching: ;[VisibleOnly]ControlType='Window' &amp;&amp; Name='Windows Security') (The object specified was not found.)
\0&lt;/a&gt;
E, 3240, 17, 2013/05/24, 09:05:07.970, 1117719969185, QTAgent32.exe, Playback - [IMAGE] C:\Users\testuser\AppData\Local\Temp\UITestLogs\LastRun\RPF24CA.png
\0
W, 3240, 17, 2013/05/24, 09:05:07.970, 1117719970670, QTAgent32.exe, Playback - [WARNING] Internal warning: Couldn't find descendants that match QueryId
\0
W, 3240, 17, 2013/05/24, 09:05:07.970, 1117719973160, QTAgent32.exe, PERF WARNING: FindTopLevelWindowHelper::FindAllDescendents: took 3102 ms. Expected it to take maximum 500 ms.
E, 3240, 17, 2013/05/24, 09:05:07.970, 1117719974816, QTAgent32.exe, Exception: System.Runtime.InteropServices.COMException
	Message: Error HRESULT E_FAIL has been returned from a call to a COM component.
	Stack Trace:    at Microsoft.VisualStudio.TestTools.UITest.Playback.Engine.IRPFPlayback.FindAllScreenElements(IScreenElement pScreenElementStart, String bstrQueryId, Object&amp; pvarResKeys, Int32 cResKeys, Int32 nMaxDepth, Object[]&amp; foundDescendants)
   at Microsoft.VisualStudio.TestTools.UITest.Playback.ScreenElement.FindTopLevelWindowHelper(String queryId)
	BaseExceptionMessage: Error HRESULT E_FAIL has been returned from a call to a COM component.

E, 3240, 17, 2013/05/24, 09:05:08.071, 1117721416518, QTAgent32.exe, AL: Playback Error: Microsoft.VisualStudio.TestTools.UITest.Extension.UITestControlNotFoundException: The playback failed to find the control with the given search properties. Additional Details: 
TechnologyName:  'MSAA'
ControlType:  'Window'
Name:  'Windows Security'
 ---&gt; System.Runtime.InteropServices.COMException: Error HRESULT E_FAIL has been returned from a call to a COM component.
   at Microsoft.VisualStudio.TestTools.UITest.Playback.Engine.IRPFPlayback.FindAllScreenElements(IScreenElement pScreenElementStart, String bstrQueryId, Object&amp; pvarResKeys, Int32 cResKeys, Int32 nMaxDepth, Object[]&amp; foundDescendants)
   at Microsoft.VisualStudio.TestTools.UITest.Playback.ScreenElement.FindTopLevelWindowHelper(String queryId)
   at Microsoft.VisualStudio.TestTools.UITest.Playback.ScreenElement.FindFromPartialQueryId(String queryId)
   at Microsoft.VisualStudio.TestTools.UITesting.UITestControl..ctor(String queryId)
   --- End of inner exception stack trace ---
   at Microsoft.VisualStudio.TestTools.UITesting.Playback.MapControlNotFoundException(COMException ex, IPlaybackContext context)
   at Microsoft.VisualStudio.TestTools.UITesting.Playback.MapAndThrowComException(COMException innerException, IPlaybackContext context)
   at Microsoft.VisualStudio.TestTools.UITesting.Playback.MapAndThrowException(SystemException exception, IPlaybackContext context)
   at Microsoft.VisualStudio.TestTools.UITesting.Playback.MapAndThrowException(SystemException exception, String queryId)
   at Microsoft.VisualStudio.TestTools.UITesting.UITestControl..ctor(String queryId)
   at Microsoft.VisualStudio.TestTools.UITesting.SearchHelper.SearchTopLevelWindow(ISearchArgument topLevelSearchArg, String topLevelElementQueryId)
   at Microsoft.VisualStudio.TestTools.UITesting.SearchHelper.GetTitleUpdatedTopLevelWindow(ISearchArgument topLevelSearchArg, String queryId, IList`1 windowTitles)
   at Microsoft.VisualStudio.TestTools.UITesting.SearchHelper.GetTopLevelElement(Boolean useCache, Boolean useCacheOnly, ISearchArgument searchArg, IList`1 windowTitles, Int32&amp; timeLeft)
   at Microsoft.VisualStudio.TestTools.UITesting.SearchHelper.GetElement(Boolean useCache, ISearchArgument searchArg)
   at Microsoft.VisualStudio.TestTools.UITesting.SearchHelper.Search(ISearchArgument searchArg)
   at Microsoft.VisualStudio.TestTools.UITesting.UITestControl.FindInternal()
   at Microsoft.VisualStudio.TestTools.UITesting.UITestControl.FindControlIfNecessary()
   at Microsoft.VisualStudio.TestTools.UITesting.UITestControl.SendKeys(String text, ModifierKeys modifierKeys, Boolean isEncoded, Boolean isUnicode)
   at Microsoft.VisualStudio.TestTools.UITesting.Keyboard.SendKeysImplementation(UITestControl control, String text, ModifierKeys modifierKeys, Boolean isEncoded, Boolean isUnicode)
   at Microsoft.VisualStudio.TestTools.UITesting.Keyboard.SendKeysImplementationWrapper(UITestControl control, String text, ModifierKeys modifierKeys, Boolean isEncoded, Boolean isUnicode)
W, 3240, 17, 2013/05/24, 09:05:08.071, 1117721418192, QTAgent32.exe, PlaybackErrorHandler: Ignoring exception as ContinueOnError is set.
W, 3240, 17, 2013/05/24, 09:05:08.771, 1117731435379, QTAgent32.exe, Playback - [WARNING] Internal warning: Window Not Found: [VisibleOnly]ControlType='Window' &amp;&amp; Name='Windows Security'
\0
E, 3240, 17, 2013/05/24, 09:05:08.771, 1117731437412, QTAgent32.exe, &lt;a class=failure&gt;Playback - {118} [FAILED] Function ElementFetcher::FindScreenElement failed to locate UI element (Searching: ;[VisibleOnly]ControlType='Window' &amp;&amp; Name='Windows Security') (The object specified was not found.)
\0&lt;/a&gt;
E, 3240, 17, 2013/05/24, 09:05:08.808, 1117731967284, QTAgent32.exe, Playback - [IMAGE] C:\Users\testuser\AppData\Local\Temp\UITestLogs\LastRun\RPF2816.png
\0
W, 3240, 17, 2013/05/24, 09:05:08.808, 1117731968862, QTAgent32.exe, Playback - [WARNING] Internal warning: Couldn't find descendants that match QueryId
\0
W, 3240, 17, 2013/05/24, 09:05:08.808, 1117731971216, QTAgent32.exe, PERF WARNING: FindTopLevelWindowHelper::FindAllDescendents: took 736 ms. Expected it to take maximum 500 ms.
W, 3240, 17, 2013/05/24, 09:05:26.870, 1117990590937, QTAgent32.exe, Playback - [WARNING] Internal warning: Window Not Found: [VisibleOnly]ControlType='Window' &amp;&amp; Name='Windows Security'
\0
E, 3240, 17, 2013/05/24, 09:05:26.871, 1117990592978, QTAgent32.exe, &lt;a class=failure&gt;Playback - {119} [FAILED] Function ElementFetcher::FindScreenElement failed to locate UI element (Searching: ;[VisibleOnly]ControlType='Window' &amp;&amp; Name='Windows Security') (The object specified was not found.)
\0&lt;/a&gt;
E, 3240, 17, 2013/05/24, 09:05:26.910, 1117991156730, QTAgent32.exe, Playback - [IMAGE] C:\Users\testuser\AppData\Local\Temp\UITestLogs\LastRun\RPF6EC7.png
\0
W, 3240, 17, 2013/05/24, 09:05:26.910, 1117991158280, QTAgent32.exe, Playback - [WARNING] Internal warning: Couldn't find descendants that match QueryId
\0
W, 3240, 17, 2013/05/24, 09:05:26.910, 1117991161012, QTAgent32.exe, PERF WARNING: FindTopLevelWindowHelper::FindAllDescendents: took 18101 ms. Expected it to take maximum 500 ms.
W, 3240, 17, 2013/05/24, 09:05:27.402, 1117998199788, QTAgent32.exe, Playback - [WARNING] Internal warning: Smart Match failed
\0
W, 3240, 17, 2013/05/24, 09:05:27.629, 1118001456436, QTAgent32.exe, Playback - [WARNING] Internal warning: Smart Match failed
\0
W, 3240, 17, 2013/05/24, 09:05:27.855, 1118004691279, QTAgent32.exe, Playback - [WARNING] Internal warning: Smart Match failed
\0
W, 3240, 17, 2013/05/24, 09:05:28.084, 1118007970880, QTAgent32.exe, Playback - [WARNING] Internal warning: Smart Match failed
\0
W, 3240, 17, 2013/05/24, 09:05:28.311, 1118011213820, QTAgent32.exe, Playback - [WARNING] Internal warning: Smart Match failed
\0
W, 3240, 17, 2013/05/24, 09:05:28.538, 1118014469629, QTAgent32.exe, Playback - [WARNING] Internal warning: Smart Match failed
\0
W, 3240, 17, 2013/05/24, 09:05:28.763, 1118017689170, QTAgent32.exe, Playback - [WARNING] Internal warning: Smart Match failed
\0
W, 3240, 17, 2013/05/24, 09:05:28.990, 1118020948490, QTAgent32.exe, Playback - [WARNING] Internal warning: Smart Match failed
\0
W, 3240, 17, 2013/05/24, 09:05:29.223, 1118024282722, QTAgent32.exe, Playback - [WARNING] Internal warning: Smart Match failed
\0
W, 3240, 17, 2013/05/24, 09:05:29.458, 1118027645246, QTAgent32.exe, Playback - [WARNING] Internal warning: Smart Match failed
\0
W, 3240, 17, 2013/05/24, 09:05:29.693, 1118031015111, QTAgent32.exe, Playback - [WARNING] Internal warning: Smart Match failed
\0
W, 3240, 17, 2013/05/24, 09:05:29.926, 1118034341914, QTAgent32.exe, Playback - [WARNING] Internal warning: Smart Match failed
\0
W, 3240, 17, 2013/05/24, 09:05:30.047, 1118036068894, QTAgent32.exe, Playback - [WARNING] Internal warning: Window Not Found: [VisibleOnly]ControlType='Window' &amp;&amp; Name='Windows Security'
\0
E, 3240, 17, 2013/05/24, 09:05:30.047, 1118036070702, QTAgent32.exe, &lt;a class=failure&gt;Playback - {120} [FAILED] Function ElementFetcher::FindScreenElement failed to locate UI element (Searching: ;[VisibleOnly]ControlType='Window' &amp;&amp; Name='Windows Security') (The object specified was not found.)
\0&lt;/a&gt;
E, 3240, 17, 2013/05/24, 09:05:30.087, 1118036644879, QTAgent32.exe, Playback - [IMAGE] C:\Users\testuser\AppData\Local\Temp\UITestLogs\LastRun\RPF7B36.png
\0
W, 3240, 17, 2013/05/24, 09:05:30.087, 1118036646527, QTAgent32.exe, Playback - [WARNING] Internal warning: Couldn't find descendants that match QueryId
\0
W, 3240, 17, 2013/05/24, 09:05:30.087, 1118036648968, QTAgent32.exe, PERF WARNING: FindTopLevelWindowHelper::FindAllDescendents: took 3163 ms. Expected it to take maximum 500 ms.
E, 3240, 17, 2013/05/24, 09:05:30.087, 1118036650729, QTAgent32.exe, Exception: System.Runtime.InteropServices.COMException
	Message: Error HRESULT E_FAIL has been returned from a call to a COM component.
	Stack Trace:    at Microsoft.VisualStudio.TestTools.UITest.Playback.Engine.IRPFPlayback.FindAllScreenElements(IScreenElement pScreenElementStart, String bstrQueryId, Object&amp; pvarResKeys, Int32 cResKeys, Int32 nMaxDepth, Object[]&amp; foundDescendants)
   at Microsoft.VisualStudio.TestTools.UITest.Playback.ScreenElement.FindTopLevelWindowHelper(String queryId)
	BaseExceptionMessage: Error HRESULT E_FAIL has been returned from a call to a COM component.

E, 3240, 17, 2013/05/24, 09:05:30.188, 1118038088921, QTAgent32.exe, AL: Playback Error: Microsoft.VisualStudio.TestTools.UITest.Extension.UITestControlNotFoundException: The playback failed to find the control with the given search properties. Additional Details: 
TechnologyName:  'MSAA'
ControlType:  'Window'
Name:  'Windows Security'
 ---&gt; System.Runtime.InteropServices.COMException: Error HRESULT E_FAIL has been returned from a call to a COM component.
   at Microsoft.VisualStudio.TestTools.UITest.Playback.Engine.IRPFPlayback.FindAllScreenElements(IScreenElement pScreenElementStart, String bstrQueryId, Object&amp; pvarResKeys, Int32 cResKeys, Int32 nMaxDepth, Object[]&amp; foundDescendants)
   at Microsoft.VisualStudio.TestTools.UITest.Playback.ScreenElement.FindTopLevelWindowHelper(String queryId)
   at Microsoft.VisualStudio.TestTools.UITest.Playback.ScreenElement.FindFromPartialQueryId(String queryId)
   at Microsoft.VisualStudio.TestTools.UITesting.UITestControl..ctor(String queryId)
   --- End of inner exception stack trace ---
   at Microsoft.VisualStudio.TestTools.UITesting.Playback.MapControlNotFoundException(COMException ex, IPlaybackContext context)
   at Microsoft.VisualStudio.TestTools.UITesting.Playback.MapAndThrowComException(COMException innerException, IPlaybackContext context)
   at Microsoft.VisualStudio.TestTools.UITesting.Playback.MapAndThrowException(SystemException exception, IPlaybackContext context)
   at Microsoft.VisualStudio.TestTools.UITesting.Playback.MapAndThrowException(SystemException exception, String queryId)
   at Microsoft.VisualStudio.TestTools.UITesting.UITestControl..ctor(String queryId)
   at Microsoft.VisualStudio.TestTools.UITesting.SearchHelper.SearchTopLevelWindow(ISearchArgument topLevelSearchArg, String topLevelElementQueryId)
   at Microsoft.VisualStudio.TestTools.UITesting.SearchHelper.GetTitleUpdatedTopLevelWindow(ISearchArgument topLevelSearchArg, String queryId, IList`1 windowTitles)
   at Microsoft.VisualStudio.TestTools.UITesting.SearchHelper.GetTopLevelElement(Boolean useCache, Boolean useCacheOnly, ISearchArgument searchArg, IList`1 windowTitles, Int32&amp; timeLeft)
   at Microsoft.VisualStudio.TestTools.UITesting.SearchHelper.GetElement(Boolean useCache, ISearchArgument searchArg)
   at Microsoft.VisualStudio.TestTools.UITesting.SearchHelper.Search(ISearchArgument searchArg)
   at Microsoft.VisualStudio.TestTools.UITesting.UITestControl.FindInternal()
   at Microsoft.VisualStudio.TestTools.UITesting.UITestControl.FindControlIfNecessary()
   at Microsoft.VisualStudio.TestTools.UITesting.UITestControl.Click(MouseButtons button, ModifierKeys modifierKeys, Point relativeCoordinates)
   at Microsoft.VisualStudio.TestTools.UITesting.Mouse.ClickImplementation(UITestControl control, MouseButtons button, ModifierKeys modifierKeys, Point relativeCoordinate)
   at Microsoft.VisualStudio.TestTools.UITesting.Mouse.ClickImplementationWrapper(UITestControl control, MouseButtons button, ModifierKeys modifierKeys, Point relativeCoordinate)
W, 3240, 17, 2013/05/24, 09:05:30.188, 1118038090360, QTAgent32.exe, PlaybackErrorHandler: Ignoring exception as ContinueOnError is set.
W, 3240, 17, 2013/05/24, 09:05:30.508, 1118042665661, QTAgent32.exe, &lt;a class=success&gt;Playback - {121} [SUCCESS] MouseButtonClick - "[Web]ControlType='Hyperlink' &amp;&amp; TagName='A' &amp;&amp; Id='' &amp;&amp; Name='' &amp;&amp; Target='' &amp;&amp; InnerText='Renewals Maintenance' &amp;&amp; FilterCondition(AbsolutePath='/sysmaint/content/leftbar.asp', Title='', Href='https://www.insur-econnect.com/sysmaint/content/leftbar.asp#', Class='', ControlDefinition='style="COLOR: white" href="#"', TagInstance='39')"
\0&lt;/a&gt;
W, 3240, 17, 2013/05/24, 09:05:30.791, 1118046723514, QTAgent32.exe, &lt;a class=success&gt;Playback - {122} [SUCCESS] MouseButtonClick - "[Web]ControlType='Hyperlink' &amp;&amp; TagName='A' &amp;&amp; Id='' &amp;&amp; Name='' &amp;&amp; Target='content' &amp;&amp; InnerText='Create a Household Test Renewal Invitation' &amp;&amp; FilterCondition(AbsolutePath='/sysmaint/content/AddHouseholdTestRenewalNotice.asp', Title='', Href='https://www.insur-econnect.com/sysmaint/content/AddHouseholdTestRenewalNotice.asp', Class='itemlink', ControlDefinition='class=itemlink href="AddHouseholdTestRen', TagInstance='2')"
\0&lt;/a&gt;
E, 3240, 17, 2013/05/24, 09:05:32.150, 1118066192620, QTAgent32.exe, Exception: System.NotSupportedException
	Message: Internal Error: This method on IEWebControlElement should not get called.
	Stack Trace:    at Microsoft.VisualStudio.TestTools.UITest.Extension.IE.BrowserOptionElementNode.InvokeProgrammaticAction(ProgrammaticActionOption programmaticActionOption)
	BaseExceptionMessage: Internal Error: This method on IEWebControlElement should not get called.

W, 3240, 17, 2013/05/24, 09:05:32.325, 1118068694192, QTAgent32.exe, &lt;a class=success&gt;Playback - {123} [SUCCESS] SetValueAsComboBox "Covea Insurance plc (formerly MMA)" - "[Web]ControlType='ComboBox' &amp;&amp; TagName='SELECT' &amp;&amp; Id='InsurerID' &amp;&amp; Name='InsurerID' &amp;&amp; FilterCondition(Size='0', LabeledBy='', Title='', ItemCount='54', Class='', ControlDefinition='id=InsurerID onchange=selectInsurer() na', TagInstance='1')"  &lt; SetValueAsComboBox, set by clicking on the item in the list box &gt;
\0&lt;/a&gt;
W, 3240, 17, 2013/05/24, 09:05:32.824, 1118075837865, QTAgent32.exe, &lt;a class=success&gt;Playback - {124} [SUCCESS] SetValueAsEditBox "81588888001774" - "[Web]ControlType='Edit' &amp;&amp; TagName='INPUT' &amp;&amp; Id='' &amp;&amp; Name='txtPolicyNumber' &amp;&amp; LabeledBy='' &amp;&amp; Type='SINGLELINE' &amp;&amp; FilterCondition(Title='', Class='', ControlDefinition='onchange=enableButtons() name=txtPolicyN', TagInstance='1')"  &lt; Set via SendKeys &gt;
\0&lt;/a&gt;
W, 3240, 17, 2013/05/24, 09:05:33.029, 1118078773235, QTAgent32.exe, &lt;a class=success&gt;Playback - {125} [SUCCESS] SendKeys "^{HOME}" - "[Web]ControlType='Edit' &amp;&amp; TagName='INPUT' &amp;&amp; Id='' &amp;&amp; Name='txtRenewalDate' &amp;&amp; LabeledBy='' &amp;&amp; Type='SINGLELINE' &amp;&amp; FilterCondition(Title='', Class='', ControlDefinition='onchange=enableButtons() name=txtRenewal', TagInstance='2')"
\0&lt;/a&gt;
E, 3240, 17, 2013/05/24, 09:05:33.029, 1118078775480, QTAgent32.exe, Msaa.GetFocusedElement: could not find accessible object of foreground window
W, 3240, 17, 2013/05/24, 09:05:33.140, 1118080367619, QTAgent32.exe, &lt;a class=success&gt;Playback - {126} [SUCCESS] SendKeys "^+{END}" - "[Web]ControlType='Edit' &amp;&amp; TagName='INPUT' &amp;&amp; Id='' &amp;&amp; Name='txtRenewalDate' &amp;&amp; LabeledBy='' &amp;&amp; Type='SINGLELINE' &amp;&amp; FilterCondition(Title='', Class='', ControlDefinition='onchange=enableButtons() name=txtRenewal', TagInstance='2')"
\0&lt;/a&gt;
E, 3240, 17, 2013/05/24, 09:05:33.140, 1118080369648, QTAgent32.exe, Msaa.GetFocusedElement: could not find accessible object of foreground window
W, 3240, 17, 2013/05/24, 09:05:33.215, 1118081430834, QTAgent32.exe, &lt;a class=success&gt;Playback - {127} [SUCCESS] SendKeys "{DELETE}" - "[Web]ControlType='Edit' &amp;&amp; TagName='INPUT' &amp;&amp; Id='' &amp;&amp; Name='txtRenewalDate' &amp;&amp; LabeledBy='' &amp;&amp; Type='SINGLELINE' &amp;&amp; FilterCondition(Title='', Class='', ControlDefinition='onchange=enableButtons() name=txtRenewal', TagInstance='2')"
\0&lt;/a&gt;
W, 3240, 17, 2013/05/24, 09:05:33.456, 1118084889011, QTAgent32.exe, &lt;a class=success&gt;Playback - {128} [SUCCESS] SetValueAsEditBox "31/05/2013" - "[Web]ControlType='Edit' &amp;&amp; TagName='INPUT' &amp;&amp; Id='' &amp;&amp; Name='txtRenewalDate' &amp;&amp; LabeledBy='' &amp;&amp; Type='SINGLELINE' &amp;&amp; FilterCondition(Title='', Class='', ControlDefinition='onchange=enableButtons() name=txtRenewal', TagInstance='2')"  &lt; Set via SendKeys &gt;
\0&lt;/a&gt;
W, 3240, 17, 2013/05/24, 09:05:33.642, 1118087553927, QTAgent32.exe, &lt;a class=success&gt;Playback - {129} [SUCCESS] SendKeys "^{HOME}" - "[Web]ControlType='Edit' &amp;&amp; TagName='INPUT' &amp;&amp; Id='' &amp;&amp; Name='txtAutoLapseDate' &amp;&amp; LabeledBy='' &amp;&amp; Type='SINGLELINE' &amp;&amp; FilterCondition(Title='', Class='', ControlDefinition='onchange=enableButtons() name=txtAutoLap', TagInstance='4')"
\0&lt;/a&gt;
E, 3240, 17, 2013/05/24, 09:05:33.642, 1118087555824, QTAgent32.exe, Msaa.GetFocusedElement: could not find accessible object of foreground window
W, 3240, 17, 2013/05/24, 09:05:33.764, 1118089289959, QTAgent32.exe, &lt;a class=success&gt;Playback - {130} [SUCCESS] SendKeys "^+{END}" - "[Web]ControlType='Edit' &amp;&amp; TagName='INPUT' &amp;&amp; Id='' &amp;&amp; Name='txtAutoLapseDate' &amp;&amp; LabeledBy='' &amp;&amp; Type='SINGLELINE' &amp;&amp; FilterCondition(Title='', Class='', ControlDefinition='onchange=enableButtons() name=txtAutoLap', TagInstance='4')"
\0&lt;/a&gt;
E, 3240, 17, 2013/05/24, 09:05:33.764, 1118089292211, QTAgent32.exe, Msaa.GetFocusedElement: could not find accessible object of foreground window
W, 3240, 17, 2013/05/24, 09:05:33.839, 1118090360175, QTAgent32.exe, &lt;a class=success&gt;Playback - {131} [SUCCESS] SendKeys "{DELETE}" - "[Web]ControlType='Edit' &amp;&amp; TagName='INPUT' &amp;&amp; Id='' &amp;&amp; Name='txtAutoLapseDate' &amp;&amp; LabeledBy='' &amp;&amp; Type='SINGLELINE' &amp;&amp; FilterCondition(Title='', Class='', ControlDefinition='onchange=enableButtons() name=txtAutoLap', TagInstance='4')"
\0&lt;/a&gt;
W, 3240, 17, 2013/05/24, 09:05:34.079, 1118093802011, QTAgent32.exe, &lt;a class=success&gt;Playback - {132} [SUCCESS] SetValueAsEditBox "31/05/2013" - "[Web]ControlType='Edit' &amp;&amp; TagName='INPUT' &amp;&amp; Id='' &amp;&amp; Name='txtAutoLapseDate' &amp;&amp; LabeledBy='' &amp;&amp; Type='SINGLELINE' &amp;&amp; FilterCondition(Title='', Class='', ControlDefinition='onchange=enableButtons() name=txtAutoLap', TagInstance='4')"  &lt; Set via SendKeys &gt;
\0&lt;/a&gt;
W, 3240, 17, 2013/05/24, 09:05:34.321, 1118097267356, QTAgent32.exe, &lt;a class=success&gt;Playback - {133} [SUCCESS] MouseButtonClick - "[Web]ControlType='Edit' &amp;&amp; TagName='TEXTAREA' &amp;&amp; Id='' &amp;&amp; Name='txtClientXml' &amp;&amp; LabeledBy='' &amp;&amp; FilterCondition(Title='', Class='', ControlDefinition='onchange=enableButtons() wrap=off cols=5', TagInstance='1')"
\0&lt;/a&gt;
W, 3240, 17, 2013/05/24, 09:05:34.678, 1118102380078, QTAgent32.exe, &lt;a class=success&gt;Playback - {134} [SUCCESS] MouseButtonClick - "[Web]ControlType='Button' &amp;&amp; TagName='INPUT' &amp;&amp; Id='getXmlButton' &amp;&amp; Name='getXmlButton' &amp;&amp; FilterCondition(DisplayText='Get XML from Server', Type='button', Title='Click to get xml from server', Class='', ControlDefinition='id=getXmlButton title="Click to get xml ', TagInstance='5')"
\0&lt;/a&gt;
W, 3240, 17, 2013/05/24, 09:05:35.242, 1118110463565, QTAgent32.exe, &lt;a class=success&gt;Playback - {135} [SUCCESS] MouseButtonClick - "[Web]ControlType='Button' &amp;&amp; TagName='INPUT' &amp;&amp; Id='buttonCreate' &amp;&amp; Name='buttonCreate' &amp;&amp; FilterCondition(DisplayText='  Create Record  ', Type='button', Title='Click to create the new record', Class='', ControlDefinition='id=buttonCreate title="Click to create t', TagInstance='6')"
\0&lt;/a&gt;
W, 3240, 17, 2013/05/24, 09:05:35.498, 1118114121272, QTAgent32.exe, &lt;a class=success&gt;Playback - {136} [SUCCESS] MouseButtonClick - "[MSAA, VisibleOnly]ControlType='Button' &amp;&amp; Name='OK'"
\0&lt;/a&gt;
W, 3240, 17, 2013/05/24, 09:05:40.713, 1118188795203, QTAgent32.exe, &lt;a class=success&gt;Playback - {137} [SUCCESS] TypeString "%({F4})"
\0&lt;/a&gt;
W, 3240, 17, 2013/05/24, 09:05:40.907, 1118191567161, QTAgent32.exe, &lt;a class=success&gt;Playback - {138} [SUCCESS] SendKeys "^{HOME}" - "[MSAA, VisibleOnly]ControlType='Edit'"
\0&lt;/a&gt;
E, 3240, 17, 2013/05/24, 09:05:40.907, 1118191569011, QTAgent32.exe, Msaa.GetFocusedElement: could not find accessible object of foreground window
W, 3240, 17, 2013/05/24, 09:05:40.959, 1118192312380, QTAgent32.exe, &lt;a class=success&gt;Playback - {139} [SUCCESS] SendKeys "^+{END}" - "[MSAA, VisibleOnly]ControlType='Edit'"
\0&lt;/a&gt;
E, 3240, 17, 2013/05/24, 09:05:40.959, 1118192313769, QTAgent32.exe, Msaa.GetFocusedElement: could not find accessible object of foreground window
W, 3240, 17, 2013/05/24, 09:05:40.971, 1118192491785, QTAgent32.exe, &lt;a class=success&gt;Playback - {140} [SUCCESS] SendKeys "{DELETE}" - "[MSAA, VisibleOnly]ControlType='Edit'"
\0&lt;/a&gt;
W, 3240, 17, 2013/05/24, 09:05:41.208, 1118195880412, QTAgent32.exe, &lt;a class=success&gt;Playback - {141} [SUCCESS] SetValueAsEditBox "31/05/2012" - "[MSAA, VisibleOnly]ControlType='Edit'"  &lt; Set via SendKeys &gt;
\0&lt;/a&gt;
W, 3240, 17, 2013/05/24, 09:05:41.558, 1118200895825, QTAgent32.exe, &lt;a class=success&gt;Playback - {142} [SUCCESS] MouseButtonClick - "[MSAA, VisibleOnly]ControlType='Button' &amp;&amp; Name='OK'"
\0&lt;/a&gt;
W, 3240, 17, 2013/05/24, 09:05:42.474, 1118214008363, QTAgent32.exe, &lt;a class=success&gt;Playback - {143} [SUCCESS] MouseButtonClick - "[MSAA, VisibleOnly]ControlType='Client'"
\0&lt;/a&gt;
W, 3240, 17, 2013/05/24, 09:05:42.833, 1118219139796, QTAgent32.exe, &lt;a class=success&gt;Playback - {144} [SUCCESS] MouseButtonClick - "[MSAA, VisibleOnly]ControlType='Client'"
\0&lt;/a&gt;
W, 3240, 17, 2013/05/24, 09:05:43.622, 1118230441078, QTAgent32.exe, &lt;a class=success&gt;Playback - {145} [SUCCESS] SetValueAsEditBox "AUTO148" - "[MSAA, VisibleOnly]ControlType='Edit'"  &lt; Set via SendKeys &gt;
\0&lt;/a&gt;
W, 3240, 17, 2013/05/24, 09:05:43.857, 1118233806340, QTAgent32.exe, &lt;a class=success&gt;Playback - {146} [SUCCESS] SetValueAsEditBox "-1001" - "[MSAA, VisibleOnly]ControlType='Edit'"  &lt; Set via SendKeys &gt;
\0&lt;/a&gt;
W, 3240, 17, 2013/05/24, 09:05:44.108, 1118237401345, QTAgent32.exe, Playback - [WARNING] Internal warning: Incorrect flag set for InvokeProgrammaticAction\0
W, 3240, 17, 2013/05/24, 09:05:44.225, 1118239083053, QTAgent32.exe, &lt;a class=success&gt;Playback - {147} [SUCCESS] SetValueAsComboBox "Household" - "[MSAA, VisibleOnly]ControlType='ComboBox'"  &lt; SetValueAsComboBox, set by clicking on the item in the list box &gt;
\0&lt;/a&gt;
W, 3240, 17, 2013/05/24, 09:05:44.394, 1118241493444, QTAgent32.exe, &lt;a class=success&gt;Playback - {148} [SUCCESS] SendKeys "^{HOME}" - "[MSAA, VisibleOnly]ControlType='Edit'"
\0&lt;/a&gt;
E, 3240, 17, 2013/05/24, 09:05:44.394, 1118241495136, QTAgent32.exe, Msaa.GetFocusedElement: could not find accessible object of foreground window
W, 3240, 17, 2013/05/24, 09:05:44.446, 1118242238751, QTAgent32.exe, &lt;a class=success&gt;Playback - {149} [SUCCESS] SendKeys "^+{END}" - "[MSAA, VisibleOnly]ControlType='Edit'"
\0&lt;/a&gt;
E, 3240, 17, 2013/05/24, 09:05:44.446, 1118242240789, QTAgent32.exe, Msaa.GetFocusedElement: could not find accessible object of foreground window
W, 3240, 17, 2013/05/24, 09:05:44.458, 1118242418298, QTAgent32.exe, &lt;a class=success&gt;Playback - {150} [SUCCESS] SendKeys "{DELETE}" - "[MSAA, VisibleOnly]ControlType='Edit'"
\0&lt;/a&gt;
W, 3240, 17, 2013/05/24, 09:05:44.664, 1118245370120, QTAgent32.exe, &lt;a class=success&gt;Playback - {151} [SUCCESS] SetValueAsEditBox "31/05/2012" - "[MSAA, VisibleOnly]ControlType='Edit'"  &lt; Set via SendKeys &gt;
\0&lt;/a&gt;
W, 3240, 17, 2013/05/24, 09:05:44.888, 1118248572979, QTAgent32.exe, &lt;a class=success&gt;Playback - {152} [SUCCESS] MouseButtonClick - "[MSAA, VisibleOnly]ControlType='Button' &amp;&amp; Name='Regress'"
\0&lt;/a&gt;
W, 3240, 17, 2013/05/24, 09:05:45.241, 1118253626420, QTAgent32.exe, &lt;a class=success&gt;Playback - {153} [SUCCESS] MouseButtonClick - "[MSAA, VisibleOnly]ControlType='Button' &amp;&amp; Name='Exit'"
\0&lt;/a&gt;
W, 3240, 17, 2013/05/24, 09:05:45.500, 1118257340274, QTAgent32.exe, &lt;a class=success&gt;Playback - {154} [SUCCESS] MouseButtonClick - "[MSAA, VisibleOnly]ControlType='Button'"
\0&lt;/a&gt;
W, 3240, 17, 2013/05/24, 09:05:45.740, 1118260761195, QTAgent32.exe, &lt;a class=success&gt;Playback - {155} [SUCCESS] MouseButtonClick - "[MSAA, VisibleOnly]ControlType='Button' &amp;&amp; Name='Options'"
\0&lt;/a&gt;
W, 3240, 17, 2013/05/24, 09:05:45.840, 1118262196858, QTAgent32.exe, FindScreenElementInSinglePass : Attempting to find control in one pass of search. Failures can occur.
W, 3240, 17, 2013/05/24, 09:05:45.977, 1118264162565, QTAgent32.exe, &lt;a class=success&gt;Playback - {156} [SUCCESS] MouseButtonClick - "[MSAA]ControlType='MenuItem' &amp;&amp; Name='Links'"
\0&lt;/a&gt;
W, 3240, 17, 2013/05/24, 09:05:46.077, 1118265598445, QTAgent32.exe, FindScreenElementInSinglePass : Attempting to find control in one pass of search. Failures can occur.
W, 3240, 17, 2013/05/24, 09:05:46.225, 1118267714404, QTAgent32.exe, &lt;a class=success&gt;Playback - {157} [SUCCESS] MouseButtonClick - "[MSAA]ControlType='MenuItem' &amp;&amp; Name='3rd Party Integration'"
\0&lt;/a&gt;
W, 3240, 17, 2013/05/24, 09:05:46.325, 1118269149726, QTAgent32.exe, FindScreenElementInSinglePass : Attempting to find control in one pass of search. Failures can occur.
W, 3240, 17, 2013/05/24, 09:05:46.472, 1118271242424, QTAgent32.exe, &lt;a class=success&gt;Playback - {158} [SUCCESS] MouseButtonClick - "[MSAA]ControlType='MenuItem' &amp;&amp; Name='Renewals Loader'"
\0&lt;/a&gt;
W, 3240, 17, 2013/05/24, 09:05:46.708, 1118274631413, QTAgent32.exe, &lt;a class=success&gt;Playback - {159} [SUCCESS] MouseButtonClick - "[MSAA, VisibleOnly]ControlType='TitleBar'"
\0&lt;/a&gt;
W, 3240, 17, 2013/05/24, 09:05:46.885, 1118277157320, QTAgent32.exe, &lt;a class=success&gt;Playback - {160} [SUCCESS] SendKeys "^{HOME}" - "[MSAA, VisibleOnly]ControlType='Edit'"
\0&lt;/a&gt;
E, 3240, 17, 2013/05/24, 09:05:46.885, 1118277159063, QTAgent32.exe, Msaa.GetFocusedElement: could not find accessible object of foreground window
W, 3240, 17, 2013/05/24, 09:05:46.939, 1118277930837, QTAgent32.exe, &lt;a class=success&gt;Playback - {161} [SUCCESS] SendKeys "^+{END}" - "[MSAA, VisibleOnly]ControlType='Edit'"
\0&lt;/a&gt;
E, 3240, 17, 2013/05/24, 09:05:46.939, 1118277932610, QTAgent32.exe, Msaa.GetFocusedElement: could not find accessible object of foreground window
W, 3240, 17, 2013/05/24, 09:05:46.954, 1118278146972, QTAgent32.exe, &lt;a class=success&gt;Playback - {162} [SUCCESS] SendKeys "{DELETE}" - "[MSAA, VisibleOnly]ControlType='Edit'"
\0&lt;/a&gt;
W, 3240, 17, 2013/05/24, 09:05:47.176, 1118281329512, QTAgent32.exe, &lt;a class=success&gt;Playback - {163} [SUCCESS] SetValueAsEditBox "24/05/2013" - "[MSAA, VisibleOnly]ControlType='Edit'"  &lt; Set via SendKeys &gt;
\0&lt;/a&gt;
W, 3240, 17, 2013/05/24, 09:05:47.350, 1118283820325, QTAgent32.exe, &lt;a class=success&gt;Playback - {164} [SUCCESS] SendKeys "^{HOME}" - "[MSAA, VisibleOnly]ControlType='Edit'"
\0&lt;/a&gt;
E, 3240, 17, 2013/05/24, 09:05:47.350, 1118283822936, QTAgent32.exe, Msaa.GetFocusedElement: could not find accessible object of foreground window
W, 3240, 17, 2013/05/24, 09:05:47.410, 1118284683689, QTAgent32.exe, &lt;a class=success&gt;Playback - {165} [SUCCESS] SendKeys "^+{END}" - "[MSAA, VisibleOnly]ControlType='Edit'"
\0&lt;/a&gt;
E, 3240, 17, 2013/05/24, 09:05:47.410, 1118284685303, QTAgent32.exe, Msaa.GetFocusedElement: could not find accessible object of foreground window
W, 3240, 17, 2013/05/24, 09:05:47.424, 1118284878435, QTAgent32.exe, &lt;a class=success&gt;Playback - {166} [SUCCESS] SendKeys "{DELETE}" - "[MSAA, VisibleOnly]ControlType='Edit'"
\0&lt;/a&gt;
W, 3240, 17, 2013/05/24, 09:05:47.634, 1118287890562, QTAgent32.exe, &lt;a class=success&gt;Playback - {167} [SUCCESS] SetValueAsEditBox "07/06/2013" - "[MSAA, VisibleOnly]ControlType='Edit'"  &lt; Set via SendKeys &gt;
\0&lt;/a&gt;
W, 3240, 17, 2013/05/24, 09:05:47.980, 1118292845952, QTAgent32.exe, &lt;a class=success&gt;Playback - {168} [SUCCESS] MouseButtonClick - "[MSAA, VisibleOnly]ControlType='Button' &amp;&amp; Name='Run'"
\0&lt;/a&gt;
W, 3240, 17, 2013/05/24, 09:05:53.327, 1118369401447, QTAgent32.exe, Playback - [WARNING] Internal warning: Window Not Found: [VisibleOnly]Name='insurE-com System Maintenance' &amp;&amp; ClassName='IEFrame' &amp;&amp; ControlType='Window'
\0
E, 3240, 17, 2013/05/24, 09:05:53.327, 1118369403658, QTAgent32.exe, &lt;a class=failure&gt;Playback - {169} [FAILED] Function ElementFetcher::FindScreenElement failed to locate UI element (Searching: ;[VisibleOnly]Name='insurE-com System Maintenance' &amp;&amp; ClassName='IEFrame' &amp;&amp; ControlType='Window') (The object specified was not found.)
\0&lt;/a&gt;
E, 3240, 17, 2013/05/24, 09:05:53.372, 1118370050877, QTAgent32.exe, Playback - [IMAGE] C:\Users\testuser\AppData\Local\Temp\UITestLogs\LastRun\RPFD622.png
\0
W, 3240, 17, 2013/05/24, 09:05:53.372, 1118370052448, QTAgent32.exe, Playback - [WARNING] Internal warning: Couldn't find descendants that match QueryId
\0
W, 3240, 17, 2013/05/24, 09:06:11.394, 1118628081565, QTAgent32.exe, Playback - [WARNING] Internal warning: Window Not Found: [VisibleOnly]Name='insurE-com System Maintenance' &amp;&amp; ClassName='IEFrame' &amp;&amp; ControlType='Window'
\0
E, 3240, 17, 2013/05/24, 09:06:11.394, 1118628083788, QTAgent32.exe, &lt;a class=failure&gt;Playback - {170} [FAILED] Function ElementFetcher::FindScreenElement failed to locate UI element (Searching: ;[VisibleOnly]Name='insurE-com System Maintenance' &amp;&amp; ClassName='IEFrame' &amp;&amp; ControlType='Window') (The object specified was not found.)
\0&lt;/a&gt;
E, 3240, 17, 2013/05/24, 09:06:11.432, 1118628639140, QTAgent32.exe, Playback - [IMAGE] C:\Users\testuser\AppData\Local\Temp\UITestLogs\LastRun\RPF1CB4.png
\0
W, 3240, 17, 2013/05/24, 09:06:11.433, 1118628640895, QTAgent32.exe, Playback - [WARNING] Internal warning: Couldn't find descendants that match QueryId
\0
W, 3240, 17, 2013/05/24, 09:06:11.433, 1118628643344, QTAgent32.exe, PERF WARNING: FindTopLevelWindowHelper::FindAllDescendents: took 18059 ms. Expected it to take maximum 500 ms.
W, 3240, 17, 2013/05/24, 09:06:11.890, 1118635194057, QTAgent32.exe, Playback - [WARNING] Internal warning: Smart Match failed
\0
W, 3240, 17, 2013/05/24, 09:06:12.079, 1118637891568, QTAgent32.exe, Playback - [WARNING] Internal warning: Smart Match failed
\0
W, 3240, 17, 2013/05/24, 09:06:12.261, 1118640500418, QTAgent32.exe, Playback - [WARNING] Internal warning: Smart Match failed
\0
W, 3240, 17, 2013/05/24, 09:06:12.501, 1118643946476, QTAgent32.exe, Playback - [WARNING] Internal warning: Smart Match failed
\0
W, 3240, 17, 2013/05/24, 09:06:12.685, 1118646573423, QTAgent32.exe, Playback - [WARNING] Internal warning: Smart Match failed
\0
W, 3240, 17, 2013/05/24, 09:06:12.868, 1118649197582, QTAgent32.exe, Playback - [WARNING] Internal warning: Smart Match failed
\0
W, 3240, 17, 2013/05/24, 09:06:13.051, 1118651822387, QTAgent32.exe, Playback - [WARNING] Internal warning: Smart Match failed
\0
W, 3240, 17, 2013/05/24, 09:06:13.233, 1118654419639, QTAgent32.exe, Playback - [WARNING] Internal warning: Smart Match failed
\0
W, 3240, 17, 2013/05/24, 09:06:13.422, 1118657125818, QTAgent32.exe, Playback - [WARNING] Internal warning: Smart Match failed
\0
W, 3240, 17, 2013/05/24, 09:06:13.608, 1118659784504, QTAgent32.exe, Playback - [WARNING] Internal warning: Smart Match failed
\0
W, 3240, 17, 2013/05/24, 09:06:13.796, 1118662483369, QTAgent32.exe, Playback - [WARNING] Internal warning: Smart Match failed
\0
W, 3240, 17, 2013/05/24, 09:06:13.982, 1118665148376, QTAgent32.exe, Playback - [WARNING] Internal warning: Smart Match failed
\0
W, 3240, 17, 2013/05/24, 09:06:14.170, 1118667839767, QTAgent32.exe, Playback - [WARNING] Internal warning: Smart Match failed
\0
W, 3240, 17, 2013/05/24, 09:06:14.357, 1118670505358, QTAgent32.exe, Playback - [WARNING] Internal warning: Smart Match failed
\0
W, 3240, 17, 2013/05/24, 09:06:14.544, 1118673192693, QTAgent32.exe, Playback - [WARNING] Internal warning: Smart Match failed
\0
W, 3240, 17, 2013/05/24, 09:06:14.621, 1118674291698, QTAgent32.exe, Playback - [WARNING] Internal warning: Window Not Found: [VisibleOnly]Name='insurE-com System Maintenance' &amp;&amp; ClassName='IEFrame' &amp;&amp; ControlType='Window'
\0
E, 3240, 17, 2013/05/24, 09:06:14.621, 1118674293695, QTAgent32.exe, &lt;a class=failure&gt;Playback - {171} [FAILED] Function ElementFetcher::FindScreenElement failed to locate UI element (Searching: ;[VisibleOnly]Name='insurE-com System Maintenance' &amp;&amp; ClassName='IEFrame' &amp;&amp; ControlType='Window') (The object specified was not found.)
\0&lt;/a&gt;
E, 3240, 17, 2013/05/24, 09:06:14.659, 1118674830476, QTAgent32.exe, Playback - [IMAGE] C:\Users\testuser\AppData\Local\Temp\UITestLogs\LastRun\RPF2953.png
\0
W, 3240, 17, 2013/05/24, 09:06:14.659, 1118674831953, QTAgent32.exe, Playback - [WARNING] Internal warning: Couldn't find descendants that match QueryId
\0
W, 3240, 17, 2013/05/24, 09:06:14.659, 1118674834347, QTAgent32.exe, PERF WARNING: FindTopLevelWindowHelper::FindAllDescendents: took 3225 ms. Expected it to take maximum 500 ms.
E, 3240, 17, 2013/05/24, 09:06:14.659, 1118674835945, QTAgent32.exe, Exception: System.Runtime.InteropServices.COMException
	Message: Error HRESULT E_FAIL has been returned from a call to a COM component.
	Stack Trace:    at Microsoft.VisualStudio.TestTools.UITest.Playback.Engine.IRPFPlayback.FindAllScreenElements(IScreenElement pScreenElementStart, String bstrQueryId, Object&amp; pvarResKeys, Int32 cResKeys, Int32 nMaxDepth, Object[]&amp; foundDescendants)
   at Microsoft.VisualStudio.TestTools.UITest.Playback.ScreenElement.FindTopLevelWindowHelper(String queryId)
	BaseExceptionMessage: Error HRESULT E_FAIL has been returned from a call to a COM component.

E, 3240, 17, 2013/05/24, 09:06:14.659, 1118674838766, QTAgent32.exe, Window 721656 not responding. Last Win32 error 0
E, 3240, 17, 2013/05/24, 09:06:14.659, 1118674839648, QTAgent32.exe, GetClassName for handle 721656 failed
E, 3240, 17, 2013/05/24, 09:06:14.659, 1118674841491, QTAgent32.exe, Window 721656 not responding. Last Win32 error 1400
E, 3240, 17, 2013/05/24, 09:06:14.659, 1118674842250, QTAgent32.exe, GetClassName for handle 721656 failed
E, 3240, 17, 2013/05/24, 09:06:14.760, 1118676279322, QTAgent32.exe, AL: Playback Error: Microsoft.VisualStudio.TestTools.UITest.Extension.UITestControlNotAvailableException: The control is not available or not valid. Additional Details: 
TechnologyName:  'MSAA'
Name:  'insurE-com System Maintenance'
ClassName:  'IEFrame'
ControlType:  'Window'
 ---&gt; System.Runtime.InteropServices.COMException: Error HRESULT E_FAIL has been returned from a call to a COM component.
   at Microsoft.VisualStudio.TestTools.UITest.Playback.Engine.IRPFPlayback.FindAllScreenElements(IScreenElement pScreenElementStart, String bstrQueryId, Object&amp; pvarResKeys, Int32 cResKeys, Int32 nMaxDepth, Object[]&amp; foundDescendants)
   at Microsoft.VisualStudio.TestTools.UITest.Playback.ScreenElement.FindTopLevelWindowHelper(String queryId)
   at Microsoft.VisualStudio.TestTools.UITest.Playback.ScreenElement.FindFromPartialQueryId(String queryId)
   at Microsoft.VisualStudio.TestTools.UITesting.UITestControl.EnsureValid(Boolean waitForReady, Boolean refetch)
   --- End of inner exception stack trace ---
   at Microsoft.VisualStudio.TestTools.UITesting.UITestControl.EnsureValid(Boolean waitForReady, Boolean refetch)
   at Microsoft.VisualStudio.TestTools.UITesting.UITestControl.SendKeys(String text, ModifierKeys modifierKeys, Boolean isEncoded, Boolean isUnicode)
   at Microsoft.VisualStudio.TestTools.UITesting.Keyboard.SendKeysImplementation(UITestControl control, String text, ModifierKeys modifierKeys, Boolean isEncoded, Boolean isUnicode)
   at Microsoft.VisualStudio.TestTools.UITesting.Keyboard.SendKeysImplementationWrapper(UITestControl control, String text, ModifierKeys modifierKeys, Boolean isEncoded, Boolean isUnicode)
W, 3240, 17, 2013/05/24, 09:06:14.760, 1118676280484, QTAgent32.exe, PlaybackErrorHandler: Ignoring exception as ContinueOnError is set.
W, 3240, 17, 2013/05/24, 09:06:15.465, 1118686375546, QTAgent32.exe, &lt;a class=success&gt;Playback - {172} [SUCCESS] MouseButtonClick - "[MSAA, VisibleOnly]ControlType='TitleBar'"
\0&lt;/a&gt;
W, 3240, 17, 2013/05/24, 09:06:15.702, 1118689773188, QTAgent32.exe, &lt;a class=success&gt;Playback - {173} [SUCCESS] MouseButtonClick - "[MSAA, VisibleOnly]ControlType='Button' &amp;&amp; Name='Close'"
\0&lt;/a&gt;
W, 3240, 17, 2013/05/24, 09:06:16.511, 1118701356370, QTAgent32.exe, &lt;a class=success&gt;Playback - {174} [SUCCESS] MouseButtonClick - "[MSAA, VisibleOnly]ControlType='Button' &amp;&amp; Name='Options'"
\0&lt;/a&gt;
W, 3240, 17, 2013/05/24, 09:06:16.611, 1118702794286, QTAgent32.exe, FindScreenElementInSinglePass : Attempting to find control in one pass of search. Failures can occur.
W, 3240, 17, 2013/05/24, 09:06:16.755, 1118704846492, QTAgent32.exe, &lt;a class=success&gt;Playback - {175} [SUCCESS] MouseButtonClick - "[MSAA]ControlType='MenuItem' &amp;&amp; Name='Links'"
\0&lt;/a&gt;
W, 3240, 17, 2013/05/24, 09:06:16.855, 1118706281473, QTAgent32.exe, FindScreenElementInSinglePass : Attempting to find control in one pass of search. Failures can occur.
W, 3240, 17, 2013/05/24, 09:06:16.993, 1118708261998, QTAgent32.exe, &lt;a class=success&gt;Playback - {176} [SUCCESS] MouseButtonClick - "[MSAA]ControlType='MenuItem' &amp;&amp; Name='3rd Party Integration'"
\0&lt;/a&gt;
W, 3240, 17, 2013/05/24, 09:06:17.094, 1118709697675, QTAgent32.exe, FindScreenElementInSinglePass : Attempting to find control in one pass of search. Failures can occur.
W, 3240, 17, 2013/05/24, 09:06:17.258, 1118712039930, QTAgent32.exe, &lt;a class=success&gt;Playback - {177} [SUCCESS] MouseButtonClick - "[MSAA]ControlType='MenuItem' &amp;&amp; Name='Renewals Module'"
\0&lt;/a&gt;
W, 3240, 17, 2013/05/24, 09:06:17.717, 1118718616790, QTAgent32.exe, &lt;a class=success&gt;Playback - {178} [SUCCESS] SetValueAsEditBox "1" - "[MSAA, VisibleOnly]ControlType='Edit'"  &lt; Set via SendKeys &gt;
\0&lt;/a&gt;
W, 3240, 17, 2013/05/24, 09:06:18.353, 1118727732947, QTAgent32.exe, &lt;a class=success&gt;Playback - {179} [SUCCESS] MouseButtonClick - "[MSAA, VisibleOnly]ControlType='Button' &amp;&amp; Name='Ok'"
\0&lt;/a&gt;
W, 3240, 17, 2013/05/24, 09:06:18.689, 1118732532895, QTAgent32.exe, Playback - [WARNING] Internal warning: Window Not Found: [VisibleOnly]ControlType='Window' &amp;&amp; Name='Confirm' &amp;&amp; ClassName='#32770'
\0
E, 3240, 17, 2013/05/24, 09:06:18.689, 1118732535081, QTAgent32.exe, &lt;a class=failure&gt;Playback - {180} [FAILED] Function ElementFetcher::FindScreenElement failed to locate UI element (Searching: ;[VisibleOnly]ControlType='Window' &amp;&amp; Name='Confirm' &amp;&amp; ClassName='#32770') (The object specified was not found.)
\0&lt;/a&gt;
E, 3240, 17, 2013/05/24, 09:06:18.731, 1118733142264, QTAgent32.exe, Playback - [IMAGE] C:\Users\testuser\AppData\Local\Temp\UITestLogs\LastRun\RPF393B.png
\0
W, 3240, 17, 2013/05/24, 09:06:18.731, 1118733143855, QTAgent32.exe, Playback - [WARNING] Internal warning: Couldn't find descendants that match QueryId
\0
W, 3240, 17, 2013/05/24, 09:06:36.807, 1118991948398, QTAgent32.exe, Playback - [WARNING] Internal warning: Window Not Found: [VisibleOnly]ControlType='Window' &amp;&amp; Name='Confirm' &amp;&amp; ClassName='#32770'
\0
E, 3240, 17, 2013/05/24, 09:06:36.807, 1118991950671, QTAgent32.exe, &lt;a class=failure&gt;Playback - {181} [FAILED] Function ElementFetcher::FindScreenElement failed to locate UI element (Searching: ;[VisibleOnly]ControlType='Window' &amp;&amp; Name='Confirm' &amp;&amp; ClassName='#32770') (The object specified was not found.)
\0&lt;/a&gt;
E, 3240, 17, 2013/05/24, 09:06:36.851, 1118992588602, QTAgent32.exe, Playback - [IMAGE] C:\Users\testuser\AppData\Local\Temp\UITestLogs\LastRun\RPF7FFC.png
\0
W, 3240, 17, 2013/05/24, 09:06:36.852, 1118992590488, QTAgent32.exe, Playback - [WARNING] Internal warning: Couldn't find descendants that match QueryId
\0
W, 3240, 17, 2013/05/24, 09:06:36.852, 1118992593209, QTAgent32.exe, PERF WARNING: FindTopLevelWindowHelper::FindAllDescendents: took 18119 ms. Expected it to take maximum 500 ms.
W, 3240, 17, 2013/05/24, 09:06:37.312, 1118999191224, QTAgent32.exe, Playback - [WARNING] Internal warning: Smart Match failed
\0
W, 3240, 17, 2013/05/24, 09:06:37.499, 1119001866606, QTAgent32.exe, Playback - [WARNING] Internal warning: Smart Match failed
\0
W, 3240, 17, 2013/05/24, 09:06:37.686, 1119004545055, QTAgent32.exe, Playback - [WARNING] Internal warning: Smart Match failed
\0
W, 3240, 17, 2013/05/24, 09:06:37.872, 1119007202297, QTAgent32.exe, Playback - [WARNING] Internal warning: Smart Match failed
\0
W, 3240, 17, 2013/05/24, 09:06:38.055, 1119009825432, QTAgent32.exe, Playback - [WARNING] Internal warning: Smart Match failed
\0
W, 3240, 17, 2013/05/24, 09:06:38.239, 1119012461828, QTAgent32.exe, Playback - [WARNING] Internal warning: Smart Match failed
\0
W, 3240, 17, 2013/05/24, 09:06:38.442, 1119015367411, QTAgent32.exe, Playback - [WARNING] Internal warning: Smart Match failed
\0
W, 3240, 17, 2013/05/24, 09:06:38.630, 1119018052480, QTAgent32.exe, Playback - [WARNING] Internal warning: Smart Match failed
\0
W, 3240, 17, 2013/05/24, 09:06:38.821, 1119020799982, QTAgent32.exe, Playback - [WARNING] Internal warning: Smart Match failed
\0
W, 3240, 17, 2013/05/24, 09:06:39.014, 1119023554534, QTAgent32.exe, Playback - [WARNING] Internal warning: Smart Match failed
\0
W, 3240, 17, 2013/05/24, 09:06:39.202, 1119026248356, QTAgent32.exe, Playback - [WARNING] Internal warning: Smart Match failed
\0
W, 3240, 17, 2013/05/24, 09:06:39.394, 1119028995675, QTAgent32.exe, Playback - [WARNING] Internal warning: Smart Match failed
\0
W, 3240, 17, 2013/05/24, 09:06:39.582, 1119031685230, QTAgent32.exe, Playback - [WARNING] Internal warning: Smart Match failed
\0
W, 3240, 17, 2013/05/24, 09:06:39.767, 1119034342361, QTAgent32.exe, Playback - [WARNING] Internal warning: Smart Match failed
\0
W, 3240, 17, 2013/05/24, 09:06:39.954, 1119037010776, QTAgent32.exe, Playback - [WARNING] Internal warning: Smart Match failed
\0
W, 3240, 17, 2013/05/24, 09:06:40.027, 1119038066786, QTAgent32.exe, Playback - [WARNING] Internal warning: Window Not Found: [VisibleOnly]ControlType='Window' &amp;&amp; Name='Confirm' &amp;&amp; ClassName='#32770'
\0
E, 3240, 17, 2013/05/24, 09:06:40.027, 1119038068304, QTAgent32.exe, &lt;a class=failure&gt;Playback - {182} [FAILED] Function ElementFetcher::FindScreenElement failed to locate UI element (Searching: ;[VisibleOnly]ControlType='Window' &amp;&amp; Name='Confirm' &amp;&amp; ClassName='#32770') (The object specified was not found.)
\0&lt;/a&gt;
E, 3240, 17, 2013/05/24, 09:06:40.078, 1119038798831, QTAgent32.exe, Playback - [IMAGE] C:\Users\testuser\AppData\Local\Temp\UITestLogs\LastRun\RPF8C9A.png
\0
W, 3240, 17, 2013/05/24, 09:06:40.078, 1119038800576, QTAgent32.exe, Playback - [WARNING] Internal warning: Couldn't find descendants that match QueryId
\0
W, 3240, 17, 2013/05/24, 09:06:40.079, 1119038803029, QTAgent32.exe, PERF WARNING: FindTopLevelWindowHelper::FindAllDescendents: took 3227 ms. Expected it to take maximum 500 ms.
E, 3240, 17, 2013/05/24, 09:06:40.079, 1119038804763, QTAgent32.exe, Exception: System.Runtime.InteropServices.COMException
	Message: Error HRESULT E_FAIL has been returned from a call to a COM component.
	Stack Trace:    at Microsoft.VisualStudio.TestTools.UITest.Playback.Engine.IRPFPlayback.FindAllScreenElements(IScreenElement pScreenElementStart, String bstrQueryId, Object&amp; pvarResKeys, Int32 cResKeys, Int32 nMaxDepth, Object[]&amp; foundDescendants)
   at Microsoft.VisualStudio.TestTools.UITest.Playback.ScreenElement.FindTopLevelWindowHelper(String queryId)
	BaseExceptionMessage: Error HRESULT E_FAIL has been returned from a call to a COM component.

E, 3240, 17, 2013/05/24, 09:06:40.179, 1119040246054, QTAgent32.exe, AL: Playback Error: Microsoft.VisualStudio.TestTools.UITest.Extension.UITestControlNotFoundException: The playback failed to find the control with the given search properties. Additional Details: 
TechnologyName:  'MSAA'
ControlType:  'Window'
Name:  'Confirm'
ClassName:  '#32770'
 ---&gt; System.Runtime.InteropServices.COMException: Error HRESULT E_FAIL has been returned from a call to a COM component.
   at Microsoft.VisualStudio.TestTools.UITest.Playback.Engine.IRPFPlayback.FindAllScreenElements(IScreenElement pScreenElementStart, String bstrQueryId, Object&amp; pvarResKeys, Int32 cResKeys, Int32 nMaxDepth, Object[]&amp; foundDescendants)
   at Microsoft.VisualStudio.TestTools.UITest.Playback.ScreenElement.FindTopLevelWindowHelper(String queryId)
   at Microsoft.VisualStudio.TestTools.UITest.Playback.ScreenElement.FindFromPartialQueryId(String queryId)
   at Microsoft.VisualStudio.TestTools.UITesting.UITestControl..ctor(String queryId)
   --- End of inner exception stack trace ---
   at Microsoft.VisualStudio.TestTools.UITesting.Playback.MapControlNotFoundException(COMException ex, IPlaybackContext context)
   at Microsoft.VisualStudio.TestTools.UITesting.Playback.MapAndThrowComException(COMException innerException, IPlaybackContext context)
   at Microsoft.VisualStudio.TestTools.UITesting.Playback.MapAndThrowException(SystemException exception, IPlaybackContext context)
   at Microsoft.VisualStudio.TestTools.UITesting.Playback.MapAndThrowException(SystemException exception, String queryId)
   at Microsoft.VisualStudio.TestTools.UITesting.UITestControl..ctor(String queryId)
   at Microsoft.VisualStudio.TestTools.UITesting.SearchHelper.SearchTopLevelWindow(ISearchArgument topLevelSearchArg, String topLevelElementQueryId)
   at Microsoft.VisualStudio.TestTools.UITesting.SearchHelper.GetTitleUpdatedTopLevelWindow(ISearchArgument topLevelSearchArg, String queryId, IList`1 windowTitles)
   at Microsoft.VisualStudio.TestTools.UITesting.SearchHelper.GetTopLevelElement(Boolean useCache, Boolean useCacheOnly, ISearchArgument searchArg, IList`1 windowTitles, Int32&amp; timeLeft)
   at Microsoft.VisualStudio.TestTools.UITesting.SearchHelper.GetElement(Boolean useCache, ISearchArgument searchArg)
   at Microsoft.VisualStudio.TestTools.UITesting.SearchHelper.Search(ISearchArgument searchArg)
   at Microsoft.VisualStudio.TestTools.UITesting.UITestControl.FindInternal()
   at Microsoft.VisualStudio.TestTools.UITesting.UITestControl.FindControlIfNecessary()
   at Microsoft.VisualStudio.TestTools.UITesting.UITestControl.Click(MouseButtons button, ModifierKeys modifierKeys, Point relativeCoordinates)
   at Microsoft.VisualStudio.TestTools.UITesting.Mouse.ClickImplementation(UITestControl control, MouseButtons button, ModifierKeys modifierKeys, Point relativeCoordinate)
   at Microsoft.VisualStudio.TestTools.UITesting.Mouse.ClickImplementationWrapper(UITestControl control, MouseButtons button, ModifierKeys modifierKeys, Point relativeCoordinate)
W, 3240, 17, 2013/05/24, 09:06:40.180, 1119040247841, QTAgent32.exe, PlaybackErrorHandler: Ignoring exception as ContinueOnError is set.
W, 3240, 17, 2013/05/24, 09:06:40.415, 1119043612961, QTAgent32.exe, Playback - [WARNING] Internal warning: Window Not Found: [VisibleOnly]ControlType='Window' &amp;&amp; Name='Personal Lines' &amp;&amp; ClassName='#32770'
\0
E, 3240, 17, 2013/05/24, 09:06:40.415, 1119043615272, QTAgent32.exe, &lt;a class=failure&gt;Playback - {183} [FAILED] Function ElementFetcher::FindScreenElement failed to locate UI element (Searching: ;[VisibleOnly]ControlType='Window' &amp;&amp; Name='Personal Lines' &amp;&amp; ClassName='#32770') (The object specified was not found.)
\0&lt;/a&gt;
E, 3240, 17, 2013/05/24, 09:06:40.461, 1119044273180, QTAgent32.exe, Playback - [IMAGE] C:\Users\testuser\AppData\Local\Temp\UITestLogs\LastRun\RPF8E21.png
\0
W, 3240, 17, 2013/05/24, 09:06:40.461, 1119044274709, QTAgent32.exe, Playback - [WARNING] Internal warning: Couldn't find descendants that match QueryId
\0
W, 3240, 17, 2013/05/24, 09:06:58.564, 1119303472568, QTAgent32.exe, Playback - [WARNING] Internal warning: Window Not Found: [VisibleOnly]ControlType='Window' &amp;&amp; Name='Personal Lines' &amp;&amp; ClassName='#32770'
\0
E, 3240, 17, 2013/05/24, 09:06:58.564, 1119303474870, QTAgent32.exe, &lt;a class=failure&gt;Playback - {184} [FAILED] Function ElementFetcher::FindScreenElement failed to locate UI element (Searching: ;[VisibleOnly]ControlType='Window' &amp;&amp; Name='Personal Lines' &amp;&amp; ClassName='#32770') (The object specified was not found.)
\0&lt;/a&gt;
E, 3240, 17, 2013/05/24, 09:06:58.608, 1119304104407, QTAgent32.exe, Playback - [IMAGE] C:\Users\testuser\AppData\Local\Temp\UITestLogs\LastRun\RPFD501.png
\0
W, 3240, 17, 2013/05/24, 09:06:58.608, 1119304105985, QTAgent32.exe, Playback - [WARNING] Internal warning: Couldn't find descendants that match QueryId
\0
W, 3240, 17, 2013/05/24, 09:06:58.608, 1119304108707, QTAgent32.exe, PERF WARNING: FindTopLevelWindowHelper::FindAllDescendents: took 18146 ms. Expected it to take maximum 500 ms.
W, 3240, 17, 2013/05/24, 09:06:59.057, 1119310537070, QTAgent32.exe, Playback - [WARNING] Internal warning: Smart Match failed
\0
W, 3240, 17, 2013/05/24, 09:06:59.243, 1119313204314, QTAgent32.exe, Playback - [WARNING] Internal warning: Smart Match failed
\0
W, 3240, 17, 2013/05/24, 09:06:59.429, 1119315859295, QTAgent32.exe, Playback - [WARNING] Internal warning: Smart Match failed
\0
W, 3240, 17, 2013/05/24, 09:06:59.614, 1119318518363, QTAgent32.exe, Playback - [WARNING] Internal warning: Smart Match failed
\0
W, 3240, 17, 2013/05/24, 09:06:59.801, 1119321195219, QTAgent32.exe, Playback - [WARNING] Internal warning: Smart Match failed
\0
W, 3240, 17, 2013/05/24, 09:06:59.986, 1119323844967, QTAgent32.exe, Playback - [WARNING] Internal warning: Smart Match failed
\0
W, 3240, 17, 2013/05/24, 09:07:00.171, 1119326492881, QTAgent32.exe, Playback - [WARNING] Internal warning: Smart Match failed
\0
W, 3240, 17, 2013/05/24, 09:07:00.358, 1119329160839, QTAgent32.exe, Playback - [WARNING] Internal warning: Smart Match failed
\0
W, 3240, 17, 2013/05/24, 09:07:00.543, 1119331805687, QTAgent32.exe, Playback - [WARNING] Internal warning: Smart Match failed
\0
W, 3240, 17, 2013/05/24, 09:07:00.730, 1119334480212, QTAgent32.exe, Playback - [WARNING] Internal warning: Smart Match failed
\0
W, 3240, 17, 2013/05/24, 09:07:00.917, 1119337169749, QTAgent32.exe, Playback - [WARNING] Internal warning: Smart Match failed
\0
W, 3240, 17, 2013/05/24, 09:07:01.105, 1119339858270, QTAgent32.exe, Playback - [WARNING] Internal warning: Smart Match failed
\0
W, 3240, 17, 2013/05/24, 09:07:01.292, 1119342536027, QTAgent32.exe, Playback - [WARNING] Internal warning: Smart Match failed
\0
W, 3240, 17, 2013/05/24, 09:07:01.481, 1119345242402, QTAgent32.exe, Playback - [WARNING] Internal warning: Smart Match failed
\0
W, 3240, 17, 2013/05/24, 09:07:01.668, 1119347915626, QTAgent32.exe, Playback - [WARNING] Internal warning: Smart Match failed
\0
W, 3240, 17, 2013/05/24, 09:07:01.747, 1119349049675, QTAgent32.exe, Playback - [WARNING] Internal warning: Window Not Found: [VisibleOnly]ControlType='Window' &amp;&amp; Name='Personal Lines' &amp;&amp; ClassName='#32770'
\0
E, 3240, 17, 2013/05/24, 09:07:01.747, 1119349051886, QTAgent32.exe, &lt;a class=failure&gt;Playback - {185} [FAILED] Function ElementFetcher::FindScreenElement failed to locate UI element (Searching: ;[VisibleOnly]ControlType='Window' &amp;&amp; Name='Personal Lines' &amp;&amp; ClassName='#32770') (The object specified was not found.)
\0&lt;/a&gt;
E, 3240, 17, 2013/05/24, 09:07:01.795, 1119349735592, QTAgent32.exe, Playback - [IMAGE] C:\Users\testuser\AppData\Local\Temp\UITestLogs\LastRun\RPFE171.png
\0
W, 3240, 17, 2013/05/24, 09:07:01.795, 1119349737210, QTAgent32.exe, Playback - [WARNING] Internal warning: Couldn't find descendants that match QueryId
\0
W, 3240, 17, 2013/05/24, 09:07:01.795, 1119349740415, QTAgent32.exe, PERF WARNING: FindTopLevelWindowHelper::FindAllDescendents: took 3186 ms. Expected it to take maximum 500 ms.
E, 3240, 17, 2013/05/24, 09:07:01.795, 1119349742129, QTAgent32.exe, Exception: System.Runtime.InteropServices.COMException
	Message: Error HRESULT E_FAIL has been returned from a call to a COM component.
	Stack Trace:    at Microsoft.VisualStudio.TestTools.UITest.Playback.Engine.IRPFPlayback.FindAllScreenElements(IScreenElement pScreenElementStart, String bstrQueryId, Object&amp; pvarResKeys, Int32 cResKeys, Int32 nMaxDepth, Object[]&amp; foundDescendants)
   at Microsoft.VisualStudio.TestTools.UITest.Playback.ScreenElement.FindTopLevelWindowHelper(String queryId)
	BaseExceptionMessage: Error HRESULT E_FAIL has been returned from a call to a COM component.

E, 3240, 17, 2013/05/24, 09:07:01.796, 1119349746957, QTAgent32.exe, Window 657180 not responding. Last Win32 error 0
E, 3240, 17, 2013/05/24, 09:07:01.796, 1119349747949, QTAgent32.exe, GetClassName for handle 657180 failed
E, 3240, 17, 2013/05/24, 09:07:01.796, 1119349751604, QTAgent32.exe, Window 264012 not responding. Last Win32 error 1400
E, 3240, 17, 2013/05/24, 09:07:01.796, 1119349752604, QTAgent32.exe, GetClassName for handle 264012 failed
E, 3240, 17, 2013/05/24, 09:07:01.896, 1119351188768, QTAgent32.exe, AL: Playback Error: Microsoft.VisualStudio.TestTools.UITest.Extension.UITestControlNotAvailableException: The control is not available or not valid. Additional Details: 
TechnologyName:  'MSAA'
Name:  'OK'
ControlType:  'Button'
 ---&gt; Microsoft.VisualStudio.TestTools.UITest.Extension.UITestControlNotAvailableException: The control is not available or not valid. Additional Details: 
TechnologyName:  'MSAA'
ControlType:  'Window'
 ---&gt; System.Runtime.InteropServices.COMException: Error HRESULT E_FAIL has been returned from a call to a COM component.
   at Microsoft.VisualStudio.TestTools.UITest.Playback.Engine.IRPFPlayback.FindAllScreenElements(IScreenElement pScreenElementStart, String bstrQueryId, Object&amp; pvarResKeys, Int32 cResKeys, Int32 nMaxDepth, Object[]&amp; foundDescendants)
   at Microsoft.VisualStudio.TestTools.UITest.Playback.ScreenElement.FindTopLevelWindowHelper(String queryId)
   at Microsoft.VisualStudio.TestTools.UITest.Playback.ScreenElement.FindFromPartialQueryId(String queryId)
   at Microsoft.VisualStudio.TestTools.UITesting.UITestControl.EnsureValid(Boolean waitForReady, Boolean refetch)
   --- End of inner exception stack trace ---
   at Microsoft.VisualStudio.TestTools.UITesting.UITestControl.EnsureValid(Boolean waitForReady, Boolean refetch)
   at Microsoft.VisualStudio.TestTools.UITesting.UITestControl.FindFirstDescendant(String queryId, Int32 maxDepth, Int32&amp; timeLeft)
   at Microsoft.VisualStudio.TestTools.UITesting.UITestControl.FindFirstDescendant(String queryId)
   at Microsoft.VisualStudio.TestTools.UITesting.UITestControl.EnsureValid(Boolean waitForReady, Boolean refetch)
   --- End of inner exception stack trace ---
   at Microsoft.VisualStudio.TestTools.UITesting.UITestControl.EnsureValid(Boolean waitForReady, Boolean refetch)
   at Microsoft.VisualStudio.TestTools.UITesting.UITestControl.Click(MouseButtons button, ModifierKeys modifierKeys, Point relativeCoordinates)
   at Microsoft.VisualStudio.TestTools.UITesting.Mouse.ClickImplementation(UITestControl control, MouseButtons button, ModifierKeys modifierKeys, Point relativeCoordinate)
   at Microsoft.VisualStudio.TestTools.UITesting.Mouse.ClickImplementationWrapper(UITestControl control, MouseButtons button, ModifierKeys modifierKeys, Point relativeCoordinate)
W, 3240, 17, 2013/05/24, 09:07:01.896, 1119351190173, QTAgent32.exe, PlaybackErrorHandler: Ignoring exception as ContinueOnError is set.
W, 3240, 17, 2013/05/24, 09:07:02.135, 1119354606350, QTAgent32.exe, Playback - [WARNING] Internal warning: Window Not Found: [VisibleOnly]ControlType='Window' &amp;&amp; Name='Policies Auto-Renewed &amp; Auto-Lapsed' &amp;&amp; ClassName='ThunderRT6FormDC'
\0
E, 3240, 17, 2013/05/24, 09:07:02.135, 1119354608700, QTAgent32.exe, &lt;a class=failure&gt;Playback - {186} [FAILED] Function ElementFetcher::FindScreenElement failed to locate UI element (Searching: ;[VisibleOnly]ControlType='Window' &amp;&amp; Name='Policies Auto-Renewed &amp; Auto-Lapsed' &amp;&amp; ClassName='ThunderRT6FormDC') (The object specified was not found.)
\0&lt;/a&gt;
E, 3240, 17, 2013/05/24, 09:07:02.185, 1119355321582, QTAgent32.exe, Playback - [IMAGE] C:\Users\testuser\AppData\Local\Temp\UITestLogs\LastRun\RPFE2F8.png
\0
W, 3240, 17, 2013/05/24, 09:07:02.185, 1119355323279, QTAgent32.exe, Playback - [WARNING] Internal warning: Couldn't find descendants that match QueryId
\0
W, 3240, 17, 2013/05/24, 09:07:20.256, 1119614066091, QTAgent32.exe, Playback - [WARNING] Internal warning: Window Not Found: [VisibleOnly]ControlType='Window' &amp;&amp; Name='Policies Auto-Renewed &amp; Auto-Lapsed' &amp;&amp; ClassName='ThunderRT6FormDC'
\0
E, 3240, 17, 2013/05/24, 09:07:20.256, 1119614068305, QTAgent32.exe, &lt;a class=failure&gt;Playback - {187} [FAILED] Function ElementFetcher::FindScreenElement failed to locate UI element (Searching: ;[VisibleOnly]ControlType='Window' &amp;&amp; Name='Policies Auto-Renewed &amp; Auto-Lapsed' &amp;&amp; ClassName='ThunderRT6FormDC') (The object specified was not found.)
\0&lt;/a&gt;
E, 3240, 17, 2013/05/24, 09:07:20.304, 1119614748564, QTAgent32.exe, Playback - [IMAGE] C:\Users\testuser\AppData\Local\Temp\UITestLogs\LastRun\RPF29C8.png
\0
W, 3240, 17, 2013/05/24, 09:07:20.304, 1119614750048, QTAgent32.exe, Playback - [WARNING] Internal warning: Couldn't find descendants that match QueryId
\0
W, 3240, 17, 2013/05/24, 09:07:20.306, 1119614775716, QTAgent32.exe, PERF WARNING: FindTopLevelWindowHelper::FindAllDescendents: took 18120 ms. Expected it to take maximum 500 ms.
W, 3240, 17, 2013/05/24, 09:07:20.761, 1119621295255, QTAgent32.exe, Playback - [WARNING] Internal warning: Smart Match failed
\0
W, 3240, 17, 2013/05/24, 09:07:20.955, 1119624078505, QTAgent32.exe, Playback - [WARNING] Internal warning: Smart Match failed
\0
W, 3240, 17, 2013/05/24, 09:07:21.147, 1119626823952, QTAgent32.exe, Playback - [WARNING] Internal warning: Smart Match failed
\0
W, 3240, 17, 2013/05/24, 09:07:21.330, 1119629449065, QTAgent32.exe, Playback - [WARNING] Internal warning: Smart Match failed
\0
W, 3240, 17, 2013/05/24, 09:07:21.515, 1119632095860, QTAgent32.exe, Playback - [WARNING] Internal warning: Smart Match failed
\0
W, 3240, 17, 2013/05/24, 09:07:21.702, 1119634770951, QTAgent32.exe, Playback - [WARNING] Internal warning: Smart Match failed
\0
W, 3240, 17, 2013/05/24, 09:07:21.891, 1119637471904, QTAgent32.exe, Playback - [WARNING] Internal warning: Smart Match failed
\0
W, 3240, 17, 2013/05/24, 09:07:22.078, 1119640155869, QTAgent32.exe, Playback - [WARNING] Internal warning: Smart Match failed
\0
W, 3240, 17, 2013/05/24, 09:07:22.266, 1119642845129, QTAgent32.exe, Playback - [WARNING] Internal warning: Smart Match failed
\0
W, 3240, 17, 2013/05/24, 09:07:22.460, 1119645625956, QTAgent32.exe, Playback - [WARNING] Internal warning: Smart Match failed
\0
W, 3240, 17, 2013/05/24, 09:07:22.643, 1119648242087, QTAgent32.exe, Playback - [WARNING] Internal warning: Smart Match failed
\0
W, 3240, 17, 2013/05/24, 09:07:22.827, 1119650875247, QTAgent32.exe, Playback - [WARNING] Internal warning: Smart Match failed
\0
W, 3240, 17, 2013/05/24, 09:07:23.013, 1119653539932, QTAgent32.exe, Playback - [WARNING] Internal warning: Smart Match failed
\0
W, 3240, 17, 2013/05/24, 09:07:23.209, 1119656349511, QTAgent32.exe, Playback - [WARNING] Internal warning: Smart Match failed
\0
W, 3240, 17, 2013/05/24, 09:07:23.397, 1119659046071, QTAgent32.exe, Playback - [WARNING] Internal warning: Smart Match failed
\0
W, 3240, 17, 2013/05/24, 09:07:23.480, 1119660228508, QTAgent32.exe, Playback - [WARNING] Internal warning: Window Not Found: [VisibleOnly]ControlType='Window' &amp;&amp; Name='Policies Auto-Renewed &amp; Auto-Lapsed' &amp;&amp; ClassName='ThunderRT6FormDC'
\0
E, 3240, 17, 2013/05/24, 09:07:23.480, 1119660230321, QTAgent32.exe, &lt;a class=failure&gt;Playback - {188} [FAILED] Function ElementFetcher::FindScreenElement failed to locate UI element (Searching: ;[VisibleOnly]ControlType='Window' &amp;&amp; Name='Policies Auto-Renewed &amp; Auto-Lapsed' &amp;&amp; ClassName='ThunderRT6FormDC') (The object specified was not found.)
\0&lt;/a&gt;
E, 3240, 17, 2013/05/24, 09:07:23.527, 1119660905696, QTAgent32.exe, Playback - [IMAGE] C:\Users\testuser\AppData\Local\Temp\UITestLogs\LastRun\RPF3656.png
\0
W, 3240, 17, 2013/05/24, 09:07:23.527, 1119660907257, QTAgent32.exe, Playback - [WARNING] Internal warning: Couldn't find descendants that match QueryId
\0
W, 3240, 17, 2013/05/24, 09:07:23.527, 1119660909687, QTAgent32.exe, PERF WARNING: FindTopLevelWindowHelper::FindAllDescendents: took 3221 ms. Expected it to take maximum 500 ms.
E, 3240, 17, 2013/05/24, 09:07:23.527, 1119660911459, QTAgent32.exe, Exception: System.Runtime.InteropServices.COMException
	Message: Error HRESULT E_FAIL has been returned from a call to a COM component.
	Stack Trace:    at Microsoft.VisualStudio.TestTools.UITest.Playback.Engine.IRPFPlayback.FindAllScreenElements(IScreenElement pScreenElementStart, String bstrQueryId, Object&amp; pvarResKeys, Int32 cResKeys, Int32 nMaxDepth, Object[]&amp; foundDescendants)
   at Microsoft.VisualStudio.TestTools.UITest.Playback.ScreenElement.FindTopLevelWindowHelper(String queryId)
	BaseExceptionMessage: Error HRESULT E_FAIL has been returned from a call to a COM component.

E, 3240, 17, 2013/05/24, 09:07:23.628, 1119662346664, QTAgent32.exe, AL: Playback Error: Microsoft.VisualStudio.TestTools.UITest.Extension.UITestControlNotFoundException: The playback failed to find the control with the given search properties. Additional Details: 
TechnologyName:  'MSAA'
ControlType:  'Window'
Name:  'Policies Auto-Renewed &amp; Auto-Lapsed'
ClassName:  'ThunderRT6FormDC'
 ---&gt; System.Runtime.InteropServices.COMException: Error HRESULT E_FAIL has been returned from a call to a COM component.
   at Microsoft.VisualStudio.TestTools.UITest.Playback.Engine.IRPFPlayback.FindAllScreenElements(IScreenElement pScreenElementStart, String bstrQueryId, Object&amp; pvarResKeys, Int32 cResKeys, Int32 nMaxDepth, Object[]&amp; foundDescendants)
   at Microsoft.VisualStudio.TestTools.UITest.Playback.ScreenElement.FindTopLevelWindowHelper(String queryId)
   at Microsoft.VisualStudio.TestTools.UITest.Playback.ScreenElement.FindFromPartialQueryId(String queryId)
   at Microsoft.VisualStudio.TestTools.UITesting.UITestControl..ctor(String queryId)
   --- End of inner exception stack trace ---
   at Microsoft.VisualStudio.TestTools.UITesting.Playback.MapControlNotFoundException(COMException ex, IPlaybackContext context)
   at Microsoft.VisualStudio.TestTools.UITesting.Playback.MapAndThrowComException(COMException innerException, IPlaybackContext context)
   at Microsoft.VisualStudio.TestTools.UITesting.Playback.MapAndThrowException(SystemException exception, IPlaybackContext context)
   at Microsoft.VisualStudio.TestTools.UITesting.Playback.MapAndThrowException(SystemException exception, String queryId)
   at Microsoft.VisualStudio.TestTools.UITesting.UITestControl..ctor(String queryId)
   at Microsoft.VisualStudio.TestTools.UITesting.SearchHelper.SearchTopLevelWindow(ISearchArgument topLevelSearchArg, String topLevelElementQueryId)
   at Microsoft.VisualStudio.TestTools.UITesting.SearchHelper.GetTitleUpdatedTopLevelWindow(ISearchArgument topLevelSearchArg, String queryId, IList`1 windowTitles)
   at Microsoft.VisualStudio.TestTools.UITesting.SearchHelper.GetTopLevelElement(Boolean useCache, Boolean useCacheOnly, ISearchArgument searchArg, IList`1 windowTitles, Int32&amp; timeLeft)
   at Microsoft.VisualStudio.TestTools.UITesting.SearchHelper.GetElement(Boolean useCache, ISearchArgument searchArg)
   at Microsoft.VisualStudio.TestTools.UITesting.SearchHelper.Search(ISearchArgument searchArg)
   at Microsoft.VisualStudio.TestTools.UITesting.UITestControl.FindInternal()
   at Microsoft.VisualStudio.TestTools.UITesting.UITestControl.FindControlIfNecessary()
   at Microsoft.VisualStudio.TestTools.UITesting.UITestControl.Click(MouseButtons button, ModifierKeys modifierKeys, Point relativeCoordinates)
   at Microsoft.VisualStudio.TestTools.UITesting.Mouse.ClickImplementation(UITestControl control, MouseButtons button, ModifierKeys modifierKeys, Point relativeCoordinate)
   at Microsoft.VisualStudio.TestTools.UITesting.Mouse.ClickImplementationWrapper(UITestControl control, MouseButtons button, ModifierKeys modifierKeys, Point relativeCoordinate)
W, 3240, 17, 2013/05/24, 09:07:23.628, 1119662348101, QTAgent32.exe, PlaybackErrorHandler: Ignoring exception as ContinueOnError is set.
W, 3240, 17, 2013/05/24, 09:07:23.836, 1119665324788, QTAgent32.exe, &lt;a class=success&gt;Playback - {189} [SUCCESS] MouseButtonClick - "[MSAA, VisibleOnly]ControlType='Button' &amp;&amp; Name='EDI Match...'"
\0&lt;/a&gt;
W, 3240, 17, 2013/05/24, 09:07:26.079, 1119697436132, QTAgent32.exe, &lt;a class=success&gt;Playback - {190} [SUCCESS] MouseButtonClick - "[MSAA, VisibleOnly]ControlType='Button' &amp;&amp; Name='Ok'"
\0&lt;/a&gt;
W, 3240, 17, 2013/05/24, 09:07:26.393, 1119701932427, QTAgent32.exe, &lt;a class=success&gt;Playback - {191} [SUCCESS] MouseButtonClick - "[MSAA, VisibleOnly]ControlType='Button' &amp;&amp; Name='OK'"
\0&lt;/a&gt;
W, 3240, 17, 2013/05/24, 09:07:27.996, 1119724888196, QTAgent32.exe, Playback - [WARNING] Internal warning: Element "[MSAA, VisibleOnly]ControlType='Window' &amp;&amp; ControlId='5'" was not found, so all intermediate elements were ignored. To improve performance replace this element Id with another Id or exclude it from QueryId. If this element is the target element, replace or remove intermediate elements
\0
W, 3240, 17, 2013/05/24, 09:07:30.523, 1119761071666, QTAgent32.exe, Playback - [WARNING] Internal warning:Search failure: &lt;[MSAA, VisibleOnly]ControlType='Window' &amp;&amp; ControlId='32768'&gt; | Performed (4) search retries, UI element not found
\0
E, 3240, 17, 2013/05/24, 09:07:30.523, 1119761074083, QTAgent32.exe, &lt;a class=failure&gt;Playback - {192} [FAILED] Function ElementFetcher::FindScreenElement failed to locate UI element (Searching: ;[MSAA, VisibleOnly]ControlType='Window' &amp;&amp; ControlId='32768';[MSAA, VisibleOnly]ControlType='Window' &amp;&amp; ControlId='5';[MSAA, VisibleOnly]ControlType='Button' &amp;&amp; Name='Log and Clear') (The object specified was not found.)
\0&lt;/a&gt;
E, 3240, 17, 2013/05/24, 09:07:30.566, 1119761686147, QTAgent32.exe, Playback - [IMAGE] C:\Users\testuser\AppData\Local\Temp\UITestLogs\LastRun\RPF51E3.png
\0
W, 3240, 17, 2013/05/24, 09:07:30.566, 1119761687693, QTAgent32.exe, Playback - [WARNING] Internal warning: Couldn't find descendants that match QueryId
\0
W, 3240, 17, 2013/05/24, 09:07:30.566, 1119761690300, QTAgent32.exe, PERF WARNING: FindAllDescendents: took 4072 ms. Expected it to take maximum 500 ms.
E, 3240, 17, 2013/05/24, 09:07:30.666, 1119763124544, QTAgent32.exe, AL: Playback Error: Microsoft.VisualStudio.TestTools.UITest.Extension.UITestControlNotFoundException: The playback failed to find the control with the given search properties. Additional Details: 
TechnologyName:  'MSAA'
ControlType:  'Button'
Name:  'Log and Clear'
 ---&gt; System.Runtime.InteropServices.COMException: Error HRESULT E_FAIL has been returned from a call to a COM component.
   at Microsoft.VisualStudio.TestTools.UITest.Playback.Engine.IScreenElement.FindAllDescendants(String bstrQueryId, Object&amp; pvarResKeys, Int32 cResKeys, Int32 nMaxDepth)
   at Microsoft.VisualStudio.TestTools.UITest.Playback.ScreenElement.FindAllScreenElement(String queryId, Int32 depth, Boolean singleQueryId, Boolean throwException)
   at Microsoft.VisualStudio.TestTools.UITest.Playback.ScreenElement.FindScreenElement(String queryId, Int32 depth)
   at Microsoft.VisualStudio.TestTools.UITesting.UITestControl.FindFirstDescendant(String queryId, Int32 maxDepth, Int32&amp; timeLeft)
   --- End of inner exception stack trace ---
   at Microsoft.VisualStudio.TestTools.UITesting.Playback.MapControlNotFoundException(COMException ex, IPlaybackContext context)
   at Microsoft.VisualStudio.TestTools.UITesting.Playback.MapAndThrowComException(COMException innerException, IPlaybackContext context)
   at Microsoft.VisualStudio.TestTools.UITesting.Playback.MapAndThrowException(SystemException exception, IPlaybackContext context)
   at Microsoft.VisualStudio.TestTools.UITesting.Playback.MapAndThrowException(SystemException exception, String queryId)
   at Microsoft.VisualStudio.TestTools.UITesting.UITestControl.FindFirstDescendant(String queryId, Int32 maxDepth, Int32&amp; timeLeft)
   at Microsoft.VisualStudio.TestTools.UITesting.SearchHelper.GetElement(Boolean useCache, ISearchArgument searchArg)
   at Microsoft.VisualStudio.TestTools.UITesting.SearchHelper.Search(ISearchArgument searchArg)
   at Microsoft.VisualStudio.TestTools.UITesting.UITestControl.FindInternal()
   at Microsoft.VisualStudio.TestTools.UITesting.UITestControl.FindControlIfNecessary()
   at Microsoft.VisualStudio.TestTools.UITesting.UITestControl.Click(MouseButtons button, ModifierKeys modifierKeys, Point relativeCoordinates)
   at Microsoft.VisualStudio.TestTools.UITesting.Mouse.ClickImplementation(UITestControl control, MouseButtons button, ModifierKeys modifierKeys, Point relativeCoordinate)
   at Microsoft.VisualStudio.TestTools.UITesting.Mouse.ClickImplementationWrapper(UITestControl control, MouseButtons button, ModifierKeys modifierKeys, Point relativeCoordinate)
W, 3240, 17, 2013/05/24, 09:07:30.666, 1119763125970, QTAgent32.exe, PlaybackErrorHandler: Ignoring exception as ContinueOnError is set.
W, 3240, 17, 2013/05/24, 09:07:30.901, 1119766490165, QTAgent32.exe, Playback - [WARNING] Internal warning: Window Not Found: [VisibleOnly]ControlType='Window' &amp;&amp; Name='Personal Lines' &amp;&amp; ClassName='#32770'
\0
E, 3240, 17, 2013/05/24, 09:07:30.901, 1119766492394, QTAgent32.exe, &lt;a class=failure&gt;Playback - {193} [FAILED] Function ElementFetcher::FindScreenElement failed to locate UI element (Searching: ;[VisibleOnly]ControlType='Window' &amp;&amp; Name='Personal Lines' &amp;&amp; ClassName='#32770') (The object specified was not found.)
\0&lt;/a&gt;
E, 3240, 17, 2013/05/24, 09:07:30.943, 1119767085193, QTAgent32.exe, Playback - [IMAGE] C:\Users\testuser\AppData\Local\Temp\UITestLogs\LastRun\RPF535A.png
\0
W, 3240, 17, 2013/05/24, 09:07:30.943, 1119767086681, QTAgent32.exe, Playback - [WARNING] Internal warning: Couldn't find descendants that match QueryId
\0
W, 3240, 17, 2013/05/24, 09:07:49.038, 1120026178911, QTAgent32.exe, Playback - [WARNING] Internal warning: Window Not Found: [VisibleOnly]ControlType='Window' &amp;&amp; Name='Personal Lines' &amp;&amp; ClassName='#32770'
\0
E, 3240, 17, 2013/05/24, 09:07:49.039, 1120026181131, QTAgent32.exe, &lt;a class=failure&gt;Playback - {194} [FAILED] Function ElementFetcher::FindScreenElement failed to locate UI element (Searching: ;[VisibleOnly]ControlType='Window' &amp;&amp; Name='Personal Lines' &amp;&amp; ClassName='#32770') (The object specified was not found.)
\0&lt;/a&gt;
E, 3240, 17, 2013/05/24, 09:07:49.082, 1120026796484, QTAgent32.exe, Playback - [IMAGE] C:\Users\testuser\AppData\Local\Temp\UITestLogs\LastRun\RPF9A3A.png
\0
W, 3240, 17, 2013/05/24, 09:07:49.082, 1120026797982, QTAgent32.exe, Playback - [WARNING] Internal warning: Couldn't find descendants that match QueryId
\0
W, 3240, 17, 2013/05/24, 09:07:49.082, 1120026800358, QTAgent32.exe, PERF WARNING: FindTopLevelWindowHelper::FindAllDescendents: took 18138 ms. Expected it to take maximum 500 ms.
W, 3240, 17, 2013/05/24, 09:07:49.530, 1120033224589, QTAgent32.exe, Playback - [WARNING] Internal warning: Smart Match failed
\0
W, 3240, 17, 2013/05/24, 09:07:49.714, 1120035853668, QTAgent32.exe, Playback - [WARNING] Internal warning: Smart Match failed
\0
W, 3240, 17, 2013/05/24, 09:07:49.899, 1120038503859, QTAgent32.exe, Playback - [WARNING] Internal warning: Smart Match failed
\0
W, 3240, 17, 2013/05/24, 09:07:50.088, 1120041201351, QTAgent32.exe, Playback - [WARNING] Internal warning: Smart Match failed
\0
W, 3240, 17, 2013/05/24, 09:07:50.287, 1120044061302, QTAgent32.exe, Playback - [WARNING] Internal warning: Smart Match failed
\0
W, 3240, 17, 2013/05/24, 09:07:50.473, 1120046721109, QTAgent32.exe, Playback - [WARNING] Internal warning: Smart Match failed
\0
W, 3240, 17, 2013/05/24, 09:07:50.667, 1120049499148, QTAgent32.exe, Playback - [WARNING] Internal warning: Smart Match failed
\0
W, 3240, 17, 2013/05/24, 09:07:50.859, 1120052252269, QTAgent32.exe, Playback - [WARNING] Internal warning: Smart Match failed
\0
W, 3240, 17, 2013/05/24, 09:07:51.055, 1120055052876, QTAgent32.exe, Playback - [WARNING] Internal warning: Smart Match failed
\0
W, 3240, 17, 2013/05/24, 09:07:51.242, 1120057732780, QTAgent32.exe, Playback - [WARNING] Internal warning: Smart Match failed
\0
W, 3240, 17, 2013/05/24, 09:07:51.434, 1120060480773, QTAgent32.exe, Playback - [WARNING] Internal warning: Smart Match failed
\0
W, 3240, 17, 2013/05/24, 09:07:51.621, 1120063157744, QTAgent32.exe, Playback - [WARNING] Internal warning: Smart Match failed
\0
W, 3240, 17, 2013/05/24, 09:07:51.810, 1120065853505, QTAgent32.exe, Playback - [WARNING] Internal warning: Smart Match failed
\0
W, 3240, 17, 2013/05/24, 09:07:51.996, 1120068521067, QTAgent32.exe, Playback - [WARNING] Internal warning: Smart Match failed
\0
W, 3240, 17, 2013/05/24, 09:07:52.181, 1120071168597, QTAgent32.exe, Playback - [WARNING] Internal warning: Smart Match failed
\0
W, 3240, 17, 2013/05/24, 09:07:52.256, 1120072245244, QTAgent32.exe, Playback - [WARNING] Internal warning: Window Not Found: [VisibleOnly]ControlType='Window' &amp;&amp; Name='Personal Lines' &amp;&amp; ClassName='#32770'
\0
E, 3240, 17, 2013/05/24, 09:07:52.256, 1120072247210, QTAgent32.exe, &lt;a class=failure&gt;Playback - {195} [FAILED] Function ElementFetcher::FindScreenElement failed to locate UI element (Searching: ;[VisibleOnly]ControlType='Window' &amp;&amp; Name='Personal Lines' &amp;&amp; ClassName='#32770') (The object specified was not found.)
\0&lt;/a&gt;
E, 3240, 17, 2013/05/24, 09:07:52.298, 1120072849254, QTAgent32.exe, Playback - [IMAGE] C:\Users\testuser\AppData\Local\Temp\UITestLogs\LastRun\RPFA6C9.png
\0
W, 3240, 17, 2013/05/24, 09:07:52.298, 1120072850851, QTAgent32.exe, Playback - [WARNING] Internal warning: Couldn't find descendants that match QueryId
\0
W, 3240, 17, 2013/05/24, 09:07:52.298, 1120072853208, QTAgent32.exe, PERF WARNING: FindTopLevelWindowHelper::FindAllDescendents: took 3216 ms. Expected it to take maximum 500 ms.
E, 3240, 17, 2013/05/24, 09:07:52.299, 1120072855639, QTAgent32.exe, Exception: System.Runtime.InteropServices.COMException
	Message: Error HRESULT E_FAIL has been returned from a call to a COM component.
	Stack Trace:    at Microsoft.VisualStudio.TestTools.UITest.Playback.Engine.IRPFPlayback.FindAllScreenElements(IScreenElement pScreenElementStart, String bstrQueryId, Object&amp; pvarResKeys, Int32 cResKeys, Int32 nMaxDepth, Object[]&amp; foundDescendants)
   at Microsoft.VisualStudio.TestTools.UITest.Playback.ScreenElement.FindTopLevelWindowHelper(String queryId)
	BaseExceptionMessage: Error HRESULT E_FAIL has been returned from a call to a COM component.

E, 3240, 17, 2013/05/24, 09:07:52.299, 1120072859183, QTAgent32.exe, GetClassName for handle 787160 failed
E, 3240, 17, 2013/05/24, 09:07:52.299, 1120072867523, QTAgent32.exe, Window 787160 not responding. Last Win32 error 1400
E, 3240, 17, 2013/05/24, 09:07:52.299, 1120072868497, QTAgent32.exe, GetClassName for handle 787160 failed
E, 3240, 17, 2013/05/24, 09:07:52.300, 1120072872010, QTAgent32.exe, GetClassName for handle 1967192 failed
E, 3240, 17, 2013/05/24, 09:07:52.301, 1120072885935, QTAgent32.exe, Window 1967192 not responding. Last Win32 error 1400
E, 3240, 17, 2013/05/24, 09:07:52.301, 1120072887764, QTAgent32.exe, GetClassName for handle 1967192 failed
E, 3240, 17, 2013/05/24, 09:07:52.401, 1120074319786, QTAgent32.exe, AL: Playback Error: Microsoft.VisualStudio.TestTools.UITest.Extension.UITestControlNotAvailableException: The control is not available or not valid. Additional Details: 
TechnologyName:  'MSAA'
ControlType:  'Button'
 ---&gt; Microsoft.VisualStudio.TestTools.UITest.Extension.UITestControlNotAvailableException: The control is not available or not valid. Additional Details: 
TechnologyName:  'MSAA'
ControlType:  'Window'
 ---&gt; System.Runtime.InteropServices.COMException: Error HRESULT E_FAIL has been returned from a call to a COM component.
   at Microsoft.VisualStudio.TestTools.UITest.Playback.Engine.IRPFPlayback.FindAllScreenElements(IScreenElement pScreenElementStart, String bstrQueryId, Object&amp; pvarResKeys, Int32 cResKeys, Int32 nMaxDepth, Object[]&amp; foundDescendants)
   at Microsoft.VisualStudio.TestTools.UITest.Playback.ScreenElement.FindTopLevelWindowHelper(String queryId)
   at Microsoft.VisualStudio.TestTools.UITest.Playback.ScreenElement.FindFromPartialQueryId(String queryId)
   at Microsoft.VisualStudio.TestTools.UITesting.UITestControl.EnsureValid(Boolean waitForReady, Boolean refetch)
   --- End of inner exception stack trace ---
   at Microsoft.VisualStudio.TestTools.UITesting.UITestControl.EnsureValid(Boolean waitForReady, Boolean refetch)
   at Microsoft.VisualStudio.TestTools.UITesting.UITestControl.FindFirstDescendant(String queryId, Int32 maxDepth, Int32&amp; timeLeft)
   at Microsoft.VisualStudio.TestTools.UITesting.UITestControl.FindFirstDescendant(String queryId)
   at Microsoft.VisualStudio.TestTools.UITesting.UITestControl.EnsureValid(Boolean waitForReady, Boolean refetch)
   --- End of inner exception stack trace ---
   at Microsoft.VisualStudio.TestTools.UITesting.UITestControl.EnsureValid(Boolean waitForReady, Boolean refetch)
   at Microsoft.VisualStudio.TestTools.UITesting.UITestControl.Click(MouseButtons button, ModifierKeys modifierKeys, Point relativeCoordinates)
   at Microsoft.VisualStudio.TestTools.UITesting.Mouse.ClickImplementation(UITestControl control, MouseButtons button, ModifierKeys modifierKeys, Point relativeCoordinate)
   at Microsoft.VisualStudio.TestTools.UITesting.Mouse.ClickImplementationWrapper(UITestControl control, MouseButtons button, ModifierKeys modifierKeys, Point relativeCoordinate)
W, 3240, 17, 2013/05/24, 09:07:52.401, 1120074321062, QTAgent32.exe, PlaybackErrorHandler: Ignoring exception as ContinueOnError is set.
W, 3240, 17, 2013/05/24, 09:07:52.543, 1120076353659, QTAgent32.exe, &lt;a class=success&gt;Playback - {196} [SUCCESS] MouseButtonClick - "[MSAA, VisibleOnly]ControlType='Button' &amp;&amp; Name='Filter...'"
\0&lt;/a&gt;
W, 3240, 17, 2013/05/24, 09:07:52.744, 1120079229732, QTAgent32.exe, &lt;a class=success&gt;Playback - {197} [SUCCESS] SendKeys "^{HOME}" - "[MSAA, VisibleOnly]ControlType='Edit'"
\0&lt;/a&gt;
E, 3240, 17, 2013/05/24, 09:07:52.744, 1120079231703, QTAgent32.exe, Msaa.GetFocusedElement: could not find accessible object of foreground window
W, 3240, 17, 2013/05/24, 09:07:52.796, 1120079974280, QTAgent32.exe, &lt;a class=success&gt;Playback - {198} [SUCCESS] SendKeys "^+{END}" - "[MSAA, VisibleOnly]ControlType='Edit'"
\0&lt;/a&gt;
E, 3240, 17, 2013/05/24, 09:07:52.796, 1120079975599, QTAgent32.exe, Msaa.GetFocusedElement: could not find accessible object of foreground window
W, 3240, 17, 2013/05/24, 09:07:52.808, 1120080146536, QTAgent32.exe, &lt;a class=success&gt;Playback - {199} [SUCCESS] SendKeys "{DELETE}" - "[MSAA, VisibleOnly]ControlType='Edit'"
\0&lt;/a&gt;
W, 3240, 17, 2013/05/24, 09:07:53.023, 1120083234700, QTAgent32.exe, &lt;a class=success&gt;Playback - {200} [SUCCESS] SetValueAsEditBox "31/05/13" - "[MSAA, VisibleOnly]ControlType='Edit'"  &lt; Set via SendKeys &gt;
\0&lt;/a&gt;
W, 3240, 17, 2013/05/24, 09:07:53.224, 1120086110787, QTAgent32.exe, &lt;a class=success&gt;Playback - {201} [SUCCESS] SendKeys "^{HOME}" - "[MSAA, VisibleOnly]ControlType='Edit'"
\0&lt;/a&gt;
E, 3240, 17, 2013/05/24, 09:07:53.224, 1120086113595, QTAgent32.exe, Msaa.GetFocusedElement: could not find accessible object of foreground window
W, 3240, 17, 2013/05/24, 09:07:53.277, 1120086868952, QTAgent32.exe, &lt;a class=success&gt;Playback - {202} [SUCCESS] SendKeys "^+{END}" - "[MSAA, VisibleOnly]ControlType='Edit'"
\0&lt;/a&gt;
E, 3240, 17, 2013/05/24, 09:07:53.277, 1120086870540, QTAgent32.exe, Msaa.GetFocusedElement: could not find accessible object of foreground window
W, 3240, 17, 2013/05/24, 09:07:53.289, 1120087041340, QTAgent32.exe, &lt;a class=success&gt;Playback - {203} [SUCCESS] SendKeys "{DELETE}" - "[MSAA, VisibleOnly]ControlType='Edit'"
\0&lt;/a&gt;
W, 3240, 17, 2013/05/24, 09:07:53.505, 1120090136479, QTAgent32.exe, &lt;a class=success&gt;Playback - {204} [SUCCESS] SetValueAsEditBox "31/05/13" - "[MSAA, VisibleOnly]ControlType='Edit'"  &lt; Set via SendKeys &gt;
\0&lt;/a&gt;
W, 3240, 17, 2013/05/24, 09:07:53.860, 1120095219895, QTAgent32.exe, Playback - [WARNING] Internal warning: Incorrect flag set for InvokeProgrammaticAction\0
W, 3240, 17, 2013/05/24, 09:07:53.978, 1120096904600, QTAgent32.exe, &lt;a class=success&gt;Playback - {205} [SUCCESS] SetValueAsComboBox "Household" - "[MSAA, VisibleOnly]ControlType='ComboBox'"  &lt; SetValueAsComboBox, set by clicking on the item in the list box &gt;
\0&lt;/a&gt;
W, 3240, 17, 2013/05/24, 09:07:54.236, 1120100597001, QTAgent32.exe, &lt;a class=success&gt;Playback - {206} [SUCCESS] MouseButtonClick - "[MSAA, VisibleOnly]ControlType='Button' &amp;&amp; Name='Ok'"
\0&lt;/a&gt;
W, 3240, 17, 2013/05/24, 09:07:54.463, 1120103849753, QTAgent32.exe, &lt;a class=success&gt;Playback - {207} [SUCCESS] MouseButtonClick - "[MSAA, VisibleOnly]ControlType='Client'"
\0&lt;/a&gt;
W, 3240, 17, 2013/05/24, 09:07:55.341, 1120116427264, QTAgent32.exe, &lt;a class=success&gt;Playback - {208} [SUCCESS] MouseButtonClick - "[MSAA, VisibleOnly]ControlType='Client'"
\0&lt;/a&gt;
W, 3240, 17, 2013/05/24, 09:07:55.521, 1120118988956, QTAgent32.exe, &lt;a class=success&gt;Playback - {209} [SUCCESS] SendKeys "{Home}" - "[MSAA, VisibleOnly]ControlType='Client'"
\0&lt;/a&gt;
W, 3240, 17, 2013/05/24, 09:07:55.797, 1120122942455, QTAgent32.exe, &lt;a class=success&gt;Playback - {210} [SUCCESS] MouseButtonClick - "[MSAA, VisibleOnly]ControlType='Button' &amp;&amp; Name='Display Record...'"
\0&lt;/a&gt;
W, 3240, 17, 2013/05/24, 09:07:56.025, 1120126213386, QTAgent32.exe, &lt;a class=success&gt;Playback - {211} [SUCCESS] MouseButtonClick - "[MSAA, VisibleOnly]ControlType='Button' &amp;&amp; Name='Invite'"
\0&lt;/a&gt;
W, 3240, 17, 2013/05/24, 09:07:56.262, 1120129607306, QTAgent32.exe, &lt;a class=success&gt;Playback - {212} [SUCCESS] MouseButtonClick - "[MSAA, VisibleOnly]ControlType='Button' &amp;&amp; Name='OK'"
\0&lt;/a&gt;
W, 3240, 17, 2013/05/24, 09:07:56.574, 1120134074930, QTAgent32.exe, &lt;a class=success&gt;Playback - {213} [SUCCESS] MouseButtonClick - "[MSAA, VisibleOnly]ControlType='Button' &amp;&amp; Name='Ok'"
\0&lt;/a&gt;
W, 3240, 17, 2013/05/24, 09:07:58.672, 1120164109539, QTAgent32.exe, Playback - [WARNING] Internal warning: Window Not Found: [VisibleOnly]ControlType='Window' &amp;&amp; Name='Personal Lines' &amp;&amp; ClassName='#32770'
\0
E, 3240, 17, 2013/05/24, 09:07:58.672, 1120164111716, QTAgent32.exe, &lt;a class=failure&gt;Playback - {214} [FAILED] Function ElementFetcher::FindScreenElement failed to locate UI element (Searching: ;[VisibleOnly]ControlType='Window' &amp;&amp; Name='Personal Lines' &amp;&amp; ClassName='#32770') (The object specified was not found.)
\0&lt;/a&gt;
E, 3240, 17, 2013/05/24, 09:07:58.714, 1120164721472, QTAgent32.exe, Playback - [IMAGE] C:\Users\testuser\AppData\Local\Temp\UITestLogs\LastRun\RPFBFD5.png
\0
W, 3240, 17, 2013/05/24, 09:07:58.714, 1120164723065, QTAgent32.exe, Playback - [WARNING] Internal warning: Couldn't find descendants that match QueryId
\0
W, 3240, 17, 2013/05/24, 09:07:58.715, 1120164725812, QTAgent32.exe, PERF WARNING: FindTopLevelWindowHelper::FindAllDescendents: took 2040 ms. Expected it to take maximum 500 ms.
W, 3240, 17, 2013/05/24, 09:08:16.802, 1120423698682, QTAgent32.exe, Playback - [WARNING] Internal warning: Window Not Found: [VisibleOnly]ControlType='Window' &amp;&amp; Name='Personal Lines' &amp;&amp; ClassName='#32770'
\0
E, 3240, 17, 2013/05/24, 09:08:16.802, 1120423701162, QTAgent32.exe, &lt;a class=failure&gt;Playback - {215} [FAILED] Function ElementFetcher::FindScreenElement failed to locate UI element (Searching: ;[VisibleOnly]ControlType='Window' &amp;&amp; Name='Personal Lines' &amp;&amp; ClassName='#32770') (The object specified was not found.)
\0&lt;/a&gt;
E, 3240, 17, 2013/05/24, 09:08:16.846, 1120424330123, QTAgent32.exe, Playback - [IMAGE] C:\Users\testuser\AppData\Local\Temp\UITestLogs\LastRun\RPF6A6.png
\0
W, 3240, 17, 2013/05/24, 09:08:16.846, 1120424331658, QTAgent32.exe, Playback - [WARNING] Internal warning: Couldn't find descendants that match QueryId
\0
W, 3240, 17, 2013/05/24, 09:08:16.846, 1120424334383, QTAgent32.exe, PERF WARNING: FindTopLevelWindowHelper::FindAllDescendents: took 18131 ms. Expected it to take maximum 500 ms.
W, 3240, 17, 2013/05/24, 09:08:17.300, 1120430838867, QTAgent32.exe, Playback - [WARNING] Internal warning: Smart Match failed
\0
W, 3240, 17, 2013/05/24, 09:08:17.495, 1120433628418, QTAgent32.exe, Playback - [WARNING] Internal warning: Smart Match failed
\0
W, 3240, 17, 2013/05/24, 09:08:17.688, 1120436384833, QTAgent32.exe, Playback - [WARNING] Internal warning: Smart Match failed
\0
W, 3240, 17, 2013/05/24, 09:08:17.884, 1120439199486, QTAgent32.exe, Playback - [WARNING] Internal warning: Smart Match failed
\0
W, 3240, 17, 2013/05/24, 09:08:18.076, 1120441951443, QTAgent32.exe, Playback - [WARNING] Internal warning: Smart Match failed
\0
W, 3240, 17, 2013/05/24, 09:08:18.278, 1120444843042, QTAgent32.exe, Playback - [WARNING] Internal warning: Smart Match failed
\0
W, 3240, 17, 2013/05/24, 09:08:18.483, 1120447780008, QTAgent32.exe, Playback - [WARNING] Internal warning: Smart Match failed
\0
W, 3240, 17, 2013/05/24, 09:08:18.684, 1120450651580, QTAgent32.exe, Playback - [WARNING] Internal warning: Smart Match failed
\0
W, 3240, 17, 2013/05/24, 09:08:18.879, 1120453448134, QTAgent32.exe, Playback - [WARNING] Internal warning: Smart Match failed
\0
W, 3240, 17, 2013/05/24, 09:08:19.079, 1120456304521, QTAgent32.exe, Playback - [WARNING] Internal warning: Smart Match failed
\0
W, 3240, 17, 2013/05/24, 09:08:19.278, 1120459145106, QTAgent32.exe, Playback - [WARNING] Internal warning: Smart Match failed
\0
W, 3240, 17, 2013/05/24, 09:08:19.470, 1120461906966, QTAgent32.exe, Playback - [WARNING] Internal warning: Smart Match failed
\0
W, 3240, 17, 2013/05/24, 09:08:19.663, 1120464669760, QTAgent32.exe, Playback - [WARNING] Internal warning: Smart Match failed
\0
W, 3240, 17, 2013/05/24, 09:08:19.858, 1120467464016, QTAgent32.exe, Playback - [WARNING] Internal warning: Smart Match failed
\0
W, 3240, 17, 2013/05/24, 09:08:19.942, 1120468656888, QTAgent32.exe, Playback - [WARNING] Internal warning: Window Not Found: [VisibleOnly]ControlType='Window' &amp;&amp; Name='Personal Lines' &amp;&amp; ClassName='#32770'
\0
E, 3240, 17, 2013/05/24, 09:08:19.942, 1120468658525, QTAgent32.exe, &lt;a class=failure&gt;Playback - {216} [FAILED] Function ElementFetcher::FindScreenElement failed to locate UI element (Searching: ;[VisibleOnly]ControlType='Window' &amp;&amp; Name='Personal Lines' &amp;&amp; ClassName='#32770') (The object specified was not found.)
\0&lt;/a&gt;
E, 3240, 17, 2013/05/24, 09:08:19.984, 1120469262786, QTAgent32.exe, Playback - [IMAGE] C:\Users\testuser\AppData\Local\Temp\UITestLogs\LastRun\RPF12F6.png
\0
W, 3240, 17, 2013/05/24, 09:08:19.984, 1120469264343, QTAgent32.exe, Playback - [WARNING] Internal warning: Couldn't find descendants that match QueryId
\0
W, 3240, 17, 2013/05/24, 09:08:19.984, 1120469266730, QTAgent32.exe, PERF WARNING: FindTopLevelWindowHelper::FindAllDescendents: took 3137 ms. Expected it to take maximum 500 ms.
E, 3240, 17, 2013/05/24, 09:08:19.985, 1120469268608, QTAgent32.exe, Exception: System.Runtime.InteropServices.COMException
	Message: Error HRESULT E_FAIL has been returned from a call to a COM component.
	Stack Trace:    at Microsoft.VisualStudio.TestTools.UITest.Playback.Engine.IRPFPlayback.FindAllScreenElements(IScreenElement pScreenElementStart, String bstrQueryId, Object&amp; pvarResKeys, Int32 cResKeys, Int32 nMaxDepth, Object[]&amp; foundDescendants)
   at Microsoft.VisualStudio.TestTools.UITest.Playback.ScreenElement.FindTopLevelWindowHelper(String queryId)
	BaseExceptionMessage: Error HRESULT E_FAIL has been returned from a call to a COM component.

E, 3240, 17, 2013/05/24, 09:08:19.985, 1120469273164, QTAgent32.exe, Window 787160 not responding. Last Win32 error 0
E, 3240, 17, 2013/05/24, 09:08:19.985, 1120469274115, QTAgent32.exe, GetClassName for handle 787160 failed
E, 3240, 17, 2013/05/24, 09:08:20.085, 1120470713006, QTAgent32.exe, AL: Playback Error: Microsoft.VisualStudio.TestTools.UITest.Extension.UITestControlNotAvailableException: The control is not available or not valid. Additional Details: 
TechnologyName:  'MSAA'
ControlType:  'Window'
 ---&gt; System.Runtime.InteropServices.COMException: Error HRESULT E_FAIL has been returned from a call to a COM component.
   at Microsoft.VisualStudio.TestTools.UITest.Playback.Engine.IRPFPlayback.FindAllScreenElements(IScreenElement pScreenElementStart, String bstrQueryId, Object&amp; pvarResKeys, Int32 cResKeys, Int32 nMaxDepth, Object[]&amp; foundDescendants)
   at Microsoft.VisualStudio.TestTools.UITest.Playback.ScreenElement.FindTopLevelWindowHelper(String queryId)
   at Microsoft.VisualStudio.TestTools.UITest.Playback.ScreenElement.FindFromPartialQueryId(String queryId)
   at Microsoft.VisualStudio.TestTools.UITesting.UITestControl.EnsureValid(Boolean waitForReady, Boolean refetch)
   --- End of inner exception stack trace ---
   at Microsoft.VisualStudio.TestTools.UITesting.UITestControl.EnsureValid(Boolean waitForReady, Boolean refetch)
   at Microsoft.VisualStudio.TestTools.UITesting.UITestControl.FindFirstDescendant(String queryId, Int32 maxDepth, Int32&amp; timeLeft)
   at Microsoft.VisualStudio.TestTools.UITesting.SearchHelper.GetElement(Boolean useCache, ISearchArgument searchArg)
   at Microsoft.VisualStudio.TestTools.UITesting.SearchHelper.Search(ISearchArgument searchArg)
   at Microsoft.VisualStudio.TestTools.UITesting.UITestControl.FindInternal()
   at Microsoft.VisualStudio.TestTools.UITesting.UITestControl.FindControlIfNecessary()
   at Microsoft.VisualStudio.TestTools.UITesting.UITestControl.Click(MouseButtons button, ModifierKeys modifierKeys, Point relativeCoordinates)
   at Microsoft.VisualStudio.TestTools.UITesting.Mouse.ClickImplementation(UITestControl control, MouseButtons button, ModifierKeys modifierKeys, Point relativeCoordinate)
   at Microsoft.VisualStudio.TestTools.UITesting.Mouse.ClickImplementationWrapper(UITestControl control, MouseButtons button, ModifierKeys modifierKeys, Point relativeCoordinate)
W, 3240, 17, 2013/05/24, 09:08:20.085, 1120470714662, QTAgent32.exe, PlaybackErrorHandler: Ignoring exception as ContinueOnError is set.
W, 3240, 17, 2013/05/24, 09:08:20.212, 1120472531526, QTAgent32.exe, &lt;a class=success&gt;Playback - {217} [SUCCESS] Check - "[MSAA, VisibleOnly]ControlType='CheckBox' &amp;&amp; Name='Defer Printing?'"
\0&lt;/a&gt;
W, 3240, 17, 2013/05/24, 09:08:20.537, 1120477179132, QTAgent32.exe, &lt;a class=success&gt;Playback - {218} [SUCCESS] MouseButtonClick - "[MSAA, VisibleOnly]ControlType='Button' &amp;&amp; Name='Ok'"
\0&lt;/a&gt;
W, 3240, 17, 2013/05/24, 09:08:20.637, 1120478614533, QTAgent32.exe, Playback - [WARNING] Internal warning: Thread state based WFR - Requested element has invalid HWND
\0
W, 3240, 17, 2013/05/24, 09:08:20.637, 1120478615783, QTAgent32.exe, Playback - [WARNING] Internal warning: process performance counters based WFR - Requested element has invalid HWND
\0
E, 3240, 17, 2013/05/24, 09:08:20.637, 1120478618322, QTAgent32.exe, EnsureValid called via EnsureValid call for same element
E, 3240, 17, 2013/05/24, 09:08:20.638, 1120478620056, QTAgent32.exe, EnsureValid called via EnsureValid call for same element
E, 3240, 17, 2013/05/24, 09:08:20.638, 1120478621162, QTAgent32.exe, EnsureValid called via EnsureValid call for same element
E, 3240, 17, 2013/05/24, 09:08:20.638, 1120478624858, QTAgent32.exe, Window 459432 not responding. Last Win32 error 0
E, 3240, 17, 2013/05/24, 09:08:20.638, 1120478625670, QTAgent32.exe, GetClassName for handle 459432 failed
W, 3240, 17, 2013/05/24, 09:08:27.148, 1120571838361, QTAgent32.exe, PERF WARNING: FindTopLevelWindowHelper::FindAllDescendents: took 6509 ms. Expected it to take maximum 500 ms.
W, 3240, 17, 2013/05/24, 09:08:27.282, 1120573747196, QTAgent32.exe, &lt;a class=success&gt;Playback - {219} [SUCCESS] Uncheck - "[MSAA, VisibleOnly]ControlType='CheckBox' &amp;&amp; Name='Add Activity'"
\0&lt;/a&gt;
W, 3240, 17, 2013/05/24, 09:08:27.869, 1120582163049, QTAgent32.exe, &lt;a class=success&gt;Playback - {220} [SUCCESS] MouseButtonClick - "[MSAA, VisibleOnly]ControlType='Button' &amp;&amp; Name='Ok'"
\0&lt;/a&gt;
W, 3240, 17, 2013/05/24, 09:08:30.106, 1120614195745, QTAgent32.exe, &lt;a class=success&gt;Playback - {221} [SUCCESS] MouseButtonClick - "[MSAA, VisibleOnly]ControlType='Button' &amp;&amp; Name='OK'"
\0&lt;/a&gt;
W, 3240, 17, 2013/05/24, 09:08:31.710, 1120637155316, QTAgent32.exe, Playback - [WARNING] Internal warning: Target element "[MSAA, VisibleOnly]ControlType='Button' &amp;&amp; Name=&gt;'Renew Policy'" was not found, so all intermediate elements were ignored. An incorrect element that matches target element Id can be found as the result.  Verify that all intermediate elements in QueryId have valid and unique Ids
\0
W, 3240, 17, 2013/05/24, 09:08:32.222, 1120644482045, QTAgent32.exe, PERF WARNING: FindAllDescendents: took 2014 ms. Expected it to take maximum 500 ms.
W, 3240, 17, 2013/05/24, 09:08:32.970, 1120655203834, QTAgent32.exe, &lt;a class=success&gt;Playback - {222} [SUCCESS] MouseButtonClick - "[MSAA, VisibleOnly]ControlType='Button' &amp;&amp; Name=&gt;'Renew Policy'"
\0&lt;/a&gt;
W, 3240, 17, 2013/05/24, 09:08:35.958, 1120697982228, QTAgent32.exe, Playback - [WARNING] Internal warning: Window Not Found: [VisibleOnly]ControlType='Window' &amp;&amp; Name='Confirm' &amp;&amp; ClassName='#32770'
\0
E, 3240, 17, 2013/05/24, 09:08:35.958, 1120697984506, QTAgent32.exe, &lt;a class=failure&gt;Playback - {223} [FAILED] Function ElementFetcher::FindScreenElement failed to locate UI element (Searching: ;[VisibleOnly]ControlType='Window' &amp;&amp; Name='Confirm' &amp;&amp; ClassName='#32770') (The object specified was not found.)
\0&lt;/a&gt;
E, 3240, 17, 2013/05/24, 09:08:36.001, 1120698593943, QTAgent32.exe, Playback - [IMAGE] C:\Users\testuser\AppData\Local\Temp\UITestLogs\LastRun\RPF517D.png
\0
W, 3240, 17, 2013/05/24, 09:08:36.001, 1120698595491, QTAgent32.exe, Playback - [WARNING] Internal warning: Couldn't find descendants that match QueryId
\0
W, 3240, 17, 2013/05/24, 09:08:36.001, 1120698598126, QTAgent32.exe, PERF WARNING: FindTopLevelWindowHelper::FindAllDescendents: took 2930 ms. Expected it to take maximum 500 ms.
W, 3240, 17, 2013/05/24, 09:08:41.267, 1120773998785, QTAgent32.exe, PERF WARNING: FindTopLevelWindowHelper::FindAllDescendents: took 5265 ms. Expected it to take maximum 500 ms.
W, 3240, 17, 2013/05/24, 09:08:43.393, 1120804432580, QTAgent32.exe, &lt;a class=success&gt;Playback - {224} [SUCCESS] MouseButtonClick - "[MSAA, VisibleOnly]ControlType='Button' &amp;&amp; Name='Yes'"
\0&lt;/a&gt;
W, 3240, 17, 2013/05/24, 09:08:44.806, 1120824668153, QTAgent32.exe, PERF WARNING: FindTopLevelWindowHelper::FindAllDescendents: took 1310 ms. Expected it to take maximum 500 ms.
W, 3240, 17, 2013/05/24, 09:08:44.933, 1120826488368, QTAgent32.exe, &lt;a class=success&gt;Playback - {225} [SUCCESS] MouseButtonClick - "[MSAA, VisibleOnly]ControlType='Button' &amp;&amp; Name='Ok'"
\0&lt;/a&gt;
W, 3240, 17, 2013/05/24, 09:08:47.069, 1120857063359, QTAgent32.exe, Playback - [WARNING] Internal warning: Window Not Found: [VisibleOnly]ControlType='Window' &amp;&amp; Name='Personal Lines' &amp;&amp; ClassName='#32770'
\0
E, 3240, 17, 2013/05/24, 09:08:47.069, 1120857065893, QTAgent32.exe, &lt;a class=failure&gt;Playback - {226} [FAILED] Function ElementFetcher::FindScreenElement failed to locate UI element (Searching: ;[VisibleOnly]ControlType='Window' &amp;&amp; Name='Personal Lines' &amp;&amp; ClassName='#32770') (The object specified was not found.)
\0&lt;/a&gt;
E, 3240, 17, 2013/05/24, 09:08:47.116, 1120857737749, QTAgent32.exe, Playback - [IMAGE] C:\Users\testuser\AppData\Local\Temp\UITestLogs\LastRun\RPF7CE1.png
\0
W, 3240, 17, 2013/05/24, 09:08:47.116, 1120857739365, QTAgent32.exe, Playback - [WARNING] Internal warning: Couldn't find descendants that match QueryId
\0
W, 3240, 17, 2013/05/24, 09:08:47.119, 1120857778084, QTAgent32.exe, PERF WARNING: FindTopLevelWindowHelper::FindAllDescendents: took 2085 ms. Expected it to take maximum 500 ms.
W, 3240, 17, 2013/05/24, 09:08:55.617, 1120979459856, QTAgent32.exe, PERF WARNING: FindTopLevelWindowHelper::FindAllDescendents: took 8498 ms. Expected it to take maximum 500 ms.
W, 3240, 17, 2013/05/24, 09:08:55.740, 1120981226837, QTAgent32.exe, &lt;a class=success&gt;Playback - {227} [SUCCESS] MouseButtonClick - "[MSAA, VisibleOnly]ControlType='Button' &amp;&amp; Name='OK'"
\0&lt;/a&gt;
W, 3240, 17, 2013/05/24, 09:08:55.840, 1120982657186, QTAgent32.exe, Playback - [WARNING] Internal warning: Thread state based WFR - Requested element has invalid HWND
\0
W, 3240, 17, 2013/05/24, 09:08:55.840, 1120982658394, QTAgent32.exe, Playback - [WARNING] Internal warning: process performance counters based WFR - Requested element has invalid HWND
\0
E, 3240, 17, 2013/05/24, 09:08:55.840, 1120982660957, QTAgent32.exe, EnsureValid called via EnsureValid call for same element
E, 3240, 17, 2013/05/24, 09:08:55.841, 1120982662823, QTAgent32.exe, EnsureValid called via EnsureValid call for same element
E, 3240, 17, 2013/05/24, 09:08:55.841, 1120982663871, QTAgent32.exe, EnsureValid called via EnsureValid call for same element
E, 3240, 17, 2013/05/24, 09:08:55.841, 1120982667482, QTAgent32.exe, Window 1312062 not responding. Last Win32 error 0
E, 3240, 17, 2013/05/24, 09:08:55.841, 1120982668294, QTAgent32.exe, GetClassName for handle 1312062 failed
W, 3240, 17, 2013/05/24, 09:08:58.272, 1121017482606, QTAgent32.exe, Playback - [WARNING] Internal warning: Window Not Found: [VisibleOnly]ControlType='Window' &amp;&amp; Name='Print Documents' &amp;&amp; ClassName='ThunderRT6FormDC'
\0
E, 3240, 17, 2013/05/24, 09:08:58.272, 1121017485113, QTAgent32.exe, &lt;a class=failure&gt;Playback - {228} [FAILED] Function ElementFetcher::FindScreenElement failed to locate UI element (Searching: ;[VisibleOnly]ControlType='Window' &amp;&amp; Name='Print Documents' &amp;&amp; ClassName='ThunderRT6FormDC') (The object specified was not found.)
\0&lt;/a&gt;
E, 3240, 17, 2013/05/24, 09:08:58.319, 1121018147939, QTAgent32.exe, Playback - [IMAGE] C:\Users\testuser\AppData\Local\Temp\UITestLogs\LastRun\RPFA8B2.png
\0
W, 3240, 17, 2013/05/24, 09:08:58.319, 1121018149478, QTAgent32.exe, Playback - [WARNING] Internal warning: Couldn't find descendants that match QueryId
\0
W, 3240, 17, 2013/05/24, 09:08:58.319, 1121018151785, QTAgent32.exe, PERF WARNING: FindTopLevelWindowHelper::FindAllDescendents: took 2478 ms. Expected it to take maximum 500 ms.
W, 3240, 17, 2013/05/24, 09:09:00.050, 1121042940158, QTAgent32.exe, PERF WARNING: FindTopLevelWindowHelper::FindAllDescendents: took 1731 ms. Expected it to take maximum 500 ms.
W, 3240, 17, 2013/05/24, 09:09:00.176, 1121044738224, QTAgent32.exe, &lt;a class=success&gt;Playback - {229} [SUCCESS] Check - "[MSAA, VisibleOnly]ControlType='CheckBox' &amp;&amp; Name='Defer Printing?'"
\0&lt;/a&gt;
W, 3240, 17, 2013/05/24, 09:09:00.788, 1121053502184, QTAgent32.exe, &lt;a class=success&gt;Playback - {230} [SUCCESS] MouseButtonClick - "[MSAA, VisibleOnly]ControlType='Button' &amp;&amp; Name='Ok'"
\0&lt;/a&gt;
W, 3240, 17, 2013/05/24, 09:09:03.186, 1121087829722, QTAgent32.exe, &lt;a class=success&gt;Playback - {231} [SUCCESS] MouseButtonClick - "[MSAA, VisibleOnly]ControlType='Button' &amp;&amp; Name='OK'"
\0&lt;/a&gt;
W, 3240, 17, 2013/05/24, 09:09:03.286, 1121089262136, QTAgent32.exe, Playback - [WARNING] Internal warning: Thread state based WFR - Requested element has invalid HWND
\0
W, 3240, 17, 2013/05/24, 09:09:03.286, 1121089263187, QTAgent32.exe, Playback - [WARNING] Internal warning: process performance counters based WFR - Requested element has invalid HWND
\0
E, 3240, 17, 2013/05/24, 09:09:03.286, 1121089265655, QTAgent32.exe, EnsureValid called via EnsureValid call for same element
E, 3240, 17, 2013/05/24, 09:09:03.286, 1121089267289, QTAgent32.exe, EnsureValid called via EnsureValid call for same element
E, 3240, 17, 2013/05/24, 09:09:03.286, 1121089268298, QTAgent32.exe, EnsureValid called via EnsureValid call for same element
E, 3240, 17, 2013/05/24, 09:09:03.294, 1121089384435, QTAgent32.exe, GetClassName for handle 984840 failed
E, 3240, 17, 2013/05/24, 09:09:03.295, 1121089398726, QTAgent32.exe, Window 984840 not responding. Last Win32 error 1400
E, 3240, 17, 2013/05/24, 09:09:03.295, 1121089400429, QTAgent32.exe, GetClassName for handle 984840 failed
W, 3240, 17, 2013/05/24, 09:09:03.433, 1121091370991, QTAgent32.exe, &lt;a class=success&gt;Playback - {232} [SUCCESS] Uncheck - "[MSAA, VisibleOnly]ControlType='CheckBox' &amp;&amp; Name='Add Activity'"
\0&lt;/a&gt;
W, 3240, 17, 2013/05/24, 09:09:03.900, 1121098063038, QTAgent32.exe, &lt;a class=success&gt;Playback - {233} [SUCCESS] MouseButtonClick - "[MSAA, VisibleOnly]ControlType='Button' &amp;&amp; Name='Ok'"
\0&lt;/a&gt;
W, 3240, 17, 2013/05/24, 09:09:04.155, 1121101710830, QTAgent32.exe, &lt;a class=success&gt;Playback - {234} [SUCCESS] MouseButtonClick - "[MSAA, VisibleOnly]ControlType='Button' &amp;&amp; Name='Ok'"
\0&lt;/a&gt;
W, 3240, 17, 2013/05/24, 09:09:06.171, 1121130576460, QTAgent32.exe, PERF WARNING: FindTopLevelWindowHelper::FindAllDescendents: took 1915 ms. Expected it to take maximum 500 ms.
W, 3240, 17, 2013/05/24, 09:09:06.424, 1121134193097, QTAgent32.exe, &lt;a class=success&gt;Playback - {235} [SUCCESS] DoSelect - "[MSAA, VisibleOnly]ControlType='List'"
\0&lt;/a&gt;
W, 3240, 17, 2013/05/24, 09:09:07.714, 1121152671102, QTAgent32.exe, &lt;a class=success&gt;Playback - {236} [SUCCESS] MouseButtonClick - "[MSAA, VisibleOnly]ControlType='Button' &amp;&amp; Name='Ok'"
\0&lt;/a&gt;
W, 3240, 17, 2013/05/24, 09:09:09.962, 1121184855027, QTAgent32.exe, &lt;a class=success&gt;Playback - {237} [SUCCESS] MouseButtonClick - "[MSAA, VisibleOnly]ControlType='Button' &amp;&amp; Name='OK'"
\0&lt;/a&gt;
W, 3240, 17, 2013/05/24, 09:09:11.126, 1121201515135, QTAgent32.exe, PERF WARNING: FindAllDescendents: took 1062 ms. Expected it to take maximum 500 ms.
W, 3240, 17, 2013/05/24, 09:09:11.869, 1121212156141, QTAgent32.exe, &lt;a class=success&gt;Playback - {238} [SUCCESS] MouseButtonClick - "[MSAA, VisibleOnly]ControlType='Button' &amp;&amp; Name='Exit'"
\0&lt;/a&gt;
W, 3240, 17, 2013/05/24, 09:09:12.215, 1121217110140, QTAgent32.exe, &lt;a class=success&gt;Playback - {239} [SUCCESS] MouseButtonClick - "[MSAA, VisibleOnly]ControlType='Button' &amp;&amp; Name='Yes'"
\0&lt;/a&gt;
W, 3240, 17, 2013/05/24, 09:09:12.534, 1121221683805, QTAgent32.exe, &lt;a class=success&gt;Playback - {240} [SUCCESS] MouseButtonClick - "[MSAA, VisibleOnly]ControlType='Button' &amp;&amp; Name='Cancel'"
\0&lt;/a&gt;
W, 3240, 17, 2013/05/24, 09:09:12.881, 1121226657516, QTAgent32.exe, &lt;a class=success&gt;Playback - {241} [SUCCESS] MouseButtonClick - "[MSAA, VisibleOnly]ControlType='Button'"
\0&lt;/a&gt;
W, 3240, 17, 2013/05/24, 09:09:13.289, 1121232502261, QTAgent32.exe, &lt;a class=success&gt;Playback - {242} [SUCCESS] MouseButtonClick - "[MSAA, VisibleOnly]ControlType='Button' &amp;&amp; Name='Detail'"
\0&lt;/a&gt;
W, 3240, 17, 2013/05/24, 09:09:13.585, 1121236739107, QTAgent32.exe, &lt;a class=success&gt;Playback - {243} [SUCCESS] MouseButtonClick - "[MSAA, VisibleOnly]ControlType='Button' &amp;&amp; Name='Cancel'"
\0&lt;/a&gt;
W, 3240, 17, 2013/05/24, 09:09:13.815, 1121240022920, QTAgent32.exe, &lt;a class=success&gt;Playback - {244} [SUCCESS] MouseButtonClick - "[MSAA, VisibleOnly]ControlType='Button' &amp;&amp; Name='Options'"
\0&lt;/a&gt;
W, 3240, 17, 2013/05/24, 09:09:13.915, 1121241459076, QTAgent32.exe, FindScreenElementInSinglePass : Attempting to find control in one pass of search. Failures can occur.
W, 3240, 17, 2013/05/24, 09:09:13.926, 1121241622719, QTAgent32.exe, Playback - [WARNING] Internal failure: Method GetBoundingRectangle failed (HRESULT = 0x1, "Incorrect function.") for Name = "Quote Select List" ," ControlType = "MenuItem"
\0
W, 3240, 17, 2013/05/24, 09:09:13.926, 1121241623679, QTAgent32.exe, Playback - [WARNING] Internal failure: Couldn't get clickable point for ScreenUIElement - GetClickablePoint failed
\0
W, 3240, 17, 2013/05/24, 09:09:13.927, 1121241625956, QTAgent32.exe, FindScreenElementInSinglePass : Attempting to find control in one pass of search. Failures can occur.
W, 3240, 17, 2013/05/24, 09:09:13.928, 1121241652355, QTAgent32.exe, FindScreenElementInSinglePass : Attempting to find control in one pass of search. Failures can occur.
W, 3240, 17, 2013/05/24, 09:09:14.046, 1121243339117, QTAgent32.exe, &lt;a class=success&gt;Playback - {245} [SUCCESS] LeftButtonClick - "[MSAA, VisibleOnly]ControlType='MenuBar' &amp;&amp; Name='Application'"  &lt; Mouse cursor location (960, 31) &gt;
\0&lt;/a&gt;
W, 3240, 17, 2013/05/24, 09:09:14.153, 1121244871479, QTAgent32.exe, &lt;a class=success&gt;Playback - {246} [SUCCESS] LeftButtonClick - "[MSAA]ControlType='MenuItem' &amp;&amp; Name='Options'"  &lt; Mouse cursor location (94, 31) &gt;
\0&lt;/a&gt;
W, 3240, 17, 2013/05/24, 09:09:14.305, 1121247039827, QTAgent32.exe, &lt;a class=success&gt;Playback - {247} [SUCCESS] LeftButtonClick - "[MSAA]ControlType='MenuItem' &amp;&amp; Name='Links'"  &lt; Mouse cursor location (174, 319) &gt;
\0&lt;/a&gt;
W, 3240, 17, 2013/05/24, 09:09:14.449, 1121249095219, QTAgent32.exe, &lt;a class=success&gt;Playback - {248} [SUCCESS] LeftButtonClick - "[MSAA]ControlType='MenuItem' &amp;&amp; Name='3rd Party Integration'"  &lt; Mouse cursor location (375, 319) &gt;
\0&lt;/a&gt;
W, 3240, 17, 2013/05/24, 09:09:14.593, 1121251155698, QTAgent32.exe, &lt;a class=success&gt;Playback - {249} [SUCCESS] MouseButtonClick - "[MSAA]ControlType='MenuItem' &amp;&amp; Name='Quote Select List'"
\0&lt;/a&gt;
W, 3240, 17, 2013/05/24, 09:09:15.921, 1121270182524, QTAgent32.exe, PERF WARNING: FindTopLevelWindowHelper::FindAllDescendents: took 1228 ms. Expected it to take maximum 500 ms.
W, 3240, 17, 2013/05/24, 09:09:16.057, 1121272122064, QTAgent32.exe, &lt;a class=success&gt;Playback - {250} [SUCCESS] MouseButtonClick - "[MSAA, VisibleOnly]ControlType='Button' &amp;&amp; Name='Ok'"
\0&lt;/a&gt;
W, 3240, 17, 2013/05/24, 09:09:18.208, 1121302920295, QTAgent32.exe, PERF WARNING: FindTopLevelWindowHelper::FindAllDescendents: took 2050 ms. Expected it to take maximum 500 ms.
W, 3240, 17, 2013/05/24, 09:09:18.334, 1121304727679, QTAgent32.exe, &lt;a class=success&gt;Playback - {251} [SUCCESS] MouseButtonClick - "[MSAA, VisibleOnly]ControlType='Button' &amp;&amp; Name='After'"
\0&lt;/a&gt;
W, 3240, 17, 2013/05/24, 09:09:20.309, 1121333013905, QTAgent32.exe, PERF WARNING: FindTopLevelWindowHelper::FindAllDescendents: took 1873 ms. Expected it to take maximum 500 ms.
W, 3240, 17, 2013/05/24, 09:09:20.561, 1121336609440, QTAgent32.exe, &lt;a class=success&gt;Playback - {252} [SUCCESS] MouseButtonClick - "[MSAA, VisibleOnly]ControlType='Button' &amp;&amp; Name='MTA'"
\0&lt;/a&gt;
W, 3240, 17, 2013/05/24, 09:09:20.919, 1121341742200, QTAgent32.exe, Playback - [WARNING] Internal warning: Incorrect flag set for InvokeProgrammaticAction\0
W, 3240, 17, 2013/05/24, 09:09:21.036, 1121343424732, QTAgent32.exe, &lt;a class=success&gt;Playback - {253} [SUCCESS] SetValueAsComboBox "General Adjustment" - "[MSAA, VisibleOnly]ControlType='ComboBox'"  &lt; SetValueAsComboBox, set by clicking on the item in the list box &gt;
\0&lt;/a&gt;
W, 3240, 17, 2013/05/24, 09:09:21.324, 1121347547248, QTAgent32.exe, &lt;a class=success&gt;Playback - {254} [SUCCESS] MouseButtonClick - "[MSAA, VisibleOnly]ControlType='Button' &amp;&amp; Name='OK'"
\0&lt;/a&gt;
W, 3240, 17, 2013/05/24, 09:09:21.454, 1121349398075, QTAgent32.exe, Playback - [WARNING] Internal warning: Thread state based WFR - Requested element has invalid HWND
\0
W, 3240, 17, 2013/05/24, 09:09:21.454, 1121349399288, QTAgent32.exe, Playback - [WARNING] Internal warning: process performance counters based WFR - Requested element has invalid HWND
\0
E, 3240, 17, 2013/05/24, 09:09:21.454, 1121349401899, QTAgent32.exe, EnsureValid called via EnsureValid call for same element
E, 3240, 17, 2013/05/24, 09:09:21.454, 1121349403354, QTAgent32.exe, EnsureValid called via EnsureValid call for same element
E, 3240, 17, 2013/05/24, 09:09:21.454, 1121349404591, QTAgent32.exe, EnsureValid called via EnsureValid call for same element
E, 3240, 17, 2013/05/24, 09:09:21.454, 1121349407327, QTAgent32.exe, Window 526062 not responding. Last Win32 error 0
E, 3240, 17, 2013/05/24, 09:09:21.454, 1121349409184, QTAgent32.exe, GetClassName for handle 526062 failed
W, 3240, 17, 2013/05/24, 09:09:21.562, 1121350953299, QTAgent32.exe, &lt;a class=success&gt;Playback - {255} [SUCCESS] SendKeys "^{HOME}" - "[MSAA, VisibleOnly]ControlType='Edit'"
\0&lt;/a&gt;
E, 3240, 17, 2013/05/24, 09:09:21.562, 1121350955299, QTAgent32.exe, Msaa.GetFocusedElement: could not find accessible object of foreground window
W, 3240, 17, 2013/05/24, 09:09:21.630, 1121351919979, QTAgent32.exe, &lt;a class=success&gt;Playback - {256} [SUCCESS] SendKeys "^+{END}" - "[MSAA, VisibleOnly]ControlType='Edit'"
\0&lt;/a&gt;
E, 3240, 17, 2013/05/24, 09:09:21.630, 1121351921841, QTAgent32.exe, Msaa.GetFocusedElement: could not find accessible object of foreground window
W, 3240, 17, 2013/05/24, 09:09:21.642, 1121352099162, QTAgent32.exe, &lt;a class=success&gt;Playback - {257} [SUCCESS] SendKeys "{DELETE}" - "[MSAA, VisibleOnly]ControlType='Edit'"
\0&lt;/a&gt;
W, 3240, 17, 2013/05/24, 09:09:21.841, 1121354951405, QTAgent32.exe, &lt;a class=success&gt;Playback - {258} [SUCCESS] SetValueAsEditBox "NewTest" - "[MSAA, VisibleOnly]ControlType='Edit'"  &lt; Set via SendKeys &gt;
\0&lt;/a&gt;
W, 3240, 17, 2013/05/24, 09:09:22.140, 1121359221178, QTAgent32.exe, &lt;a class=success&gt;Playback - {259} [SUCCESS] MouseButtonClick - "[MSAA, VisibleOnly]ControlType='Button' &amp;&amp; Name='Next &gt;'"
\0&lt;/a&gt;
W, 3240, 17, 2013/05/24, 09:09:22.373, 1121362558559, QTAgent32.exe, &lt;a class=success&gt;Playback - {260} [SUCCESS] MouseButtonClick - "[MSAA, VisibleOnly]ControlType='Button' &amp;&amp; Name='Next &gt;'"
\0&lt;/a&gt;
W, 3240, 17, 2013/05/24, 09:09:22.593, 1121365708374, QTAgent32.exe, &lt;a class=success&gt;Playback - {261} [SUCCESS] MouseButtonClick - "[MSAA, VisibleOnly]ControlType='Button' &amp;&amp; Name='Next &gt;'"
\0&lt;/a&gt;
W, 3240, 17, 2013/05/24, 09:09:22.803, 1121368711575, QTAgent32.exe, &lt;a class=success&gt;Playback - {262} [SUCCESS] MouseButtonClick - "[MSAA, VisibleOnly]ControlType='Button' &amp;&amp; Name='Next &gt;'"
\0&lt;/a&gt;
W, 3240, 17, 2013/05/24, 09:09:23.033, 1121372010081, QTAgent32.exe, &lt;a class=success&gt;Playback - {263} [SUCCESS] MouseButtonClick - "[MSAA, VisibleOnly]ControlType='Button' &amp;&amp; Name='Next &gt;'"
\0&lt;/a&gt;
W, 3240, 17, 2013/05/24, 09:09:23.261, 1121375272360, QTAgent32.exe, &lt;a class=success&gt;Playback - {264} [SUCCESS] MouseButtonClick - "[MSAA, VisibleOnly]ControlType='Button' &amp;&amp; Name='Next &gt;'"
\0&lt;/a&gt;
W, 3240, 17, 2013/05/24, 09:09:23.494, 1121378605500, QTAgent32.exe, &lt;a class=success&gt;Playback - {265} [SUCCESS] MouseButtonClick - "[MSAA, VisibleOnly]ControlType='Button' &amp;&amp; Name='Next &gt;'"
\0&lt;/a&gt;
W, 3240, 17, 2013/05/24, 09:09:23.900, 1121384426542, QTAgent32.exe, &lt;a class=success&gt;Playback - {266} [SUCCESS] MouseButtonClick - "[MSAA, VisibleOnly]ControlType='Button' &amp;&amp; Name='Quote'"
\0&lt;/a&gt;
W, 3240, 17, 2013/05/24, 09:09:24.139, 1121387848092, QTAgent32.exe, &lt;a class=success&gt;Playback - {267} [SUCCESS] SendKeys "^{HOME}" - "[MSAA, VisibleOnly]ControlType='Edit'"
\0&lt;/a&gt;
E, 3240, 17, 2013/05/24, 09:09:24.139, 1121387850115, QTAgent32.exe, Msaa.GetFocusedElement: could not find accessible object of foreground window
W, 3240, 17, 2013/05/24, 09:09:24.192, 1121388607204, QTAgent32.exe, &lt;a class=success&gt;Playback - {268} [SUCCESS] SendKeys "^+{END}" - "[MSAA, VisibleOnly]ControlType='Edit'"
\0&lt;/a&gt;
E, 3240, 17, 2013/05/24, 09:09:24.192, 1121388609103, QTAgent32.exe, Msaa.GetFocusedElement: could not find accessible object of foreground window
W, 3240, 17, 2013/05/24, 09:09:24.206, 1121388808210, QTAgent32.exe, &lt;a class=success&gt;Playback - {269} [SUCCESS] SendKeys "{DELETE}" - "[MSAA, VisibleOnly]ControlType='Edit'"
\0&lt;/a&gt;
W, 3240, 17, 2013/05/24, 09:09:24.429, 1121391996732, QTAgent32.exe, &lt;a class=success&gt;Playback - {270} [SUCCESS] SetValueAsEditBox "07/06/13" - "[MSAA, VisibleOnly]ControlType='Edit'"  &lt; Set via SendKeys &gt;
\0&lt;/a&gt;
W, 3240, 17, 2013/05/24, 09:09:24.662, 1121395336541, QTAgent32.exe, &lt;a class=success&gt;Playback - {271} [SUCCESS] MouseButtonClick - "[MSAA, VisibleOnly]ControlType='Button' &amp;&amp; Name='OK'"
\0&lt;/a&gt;
W, 3240, 17, 2013/05/24, 09:09:28.895, 1121455950770, QTAgent32.exe, PERF WARNING: FindTopLevelWindowHelper::FindAllDescendents: took 4128 ms. Expected it to take maximum 500 ms.
W, 3240, 17, 2013/05/24, 09:09:29.018, 1121457708716, QTAgent32.exe, &lt;a class=success&gt;Playback - {272} [SUCCESS] MouseButtonClick - "[MSAA, VisibleOnly]ControlType='Client'"
\0&lt;/a&gt;
W, 3240, 17, 2013/05/24, 09:09:29.225, 1121460666403, QTAgent32.exe, &lt;a class=success&gt;Playback - {273} [SUCCESS] SendKeys "{Home}" - "[MSAA, VisibleOnly]ControlType='Client'"
\0&lt;/a&gt;
W, 3240, 17, 2013/05/24, 09:09:29.470, 1121464185538, QTAgent32.exe, &lt;a class=success&gt;Playback - {274} [SUCCESS] MouseButtonClick - "[MSAA, VisibleOnly]ControlType='Button' &amp;&amp; Name='Accept'"
\0&lt;/a&gt;
W, 3240, 17, 2013/05/24, 09:09:29.772, 1121468497210, QTAgent32.exe, &lt;a class=success&gt;Playback - {275} [SUCCESS] MouseButtonClick - "[MSAA, VisibleOnly]ControlType='Button' &amp;&amp; Name='OK'"
\0&lt;/a&gt;
W, 3240, 17, 2013/05/24, 09:09:30.053, 1121472523660, QTAgent32.exe, &lt;a class=success&gt;Playback - {276} [SUCCESS] MouseButtonClick - "[MSAA, VisibleOnly]ControlType='Button' &amp;&amp; Name='Ok'"
\0&lt;/a&gt;
W, 3240, 17, 2013/05/24, 09:09:49.698, 1121753806132, QTAgent32.exe, PERF WARNING: FindTopLevelWindowHelper::FindAllDescendents: took 19545 ms. Expected it to take maximum 500 ms.
W, 3240, 17, 2013/05/24, 09:09:49.951, 1121757421973, QTAgent32.exe, &lt;a class=success&gt;Playback - {277} [SUCCESS] MouseButtonClick - "[MSAA, VisibleOnly]ControlType='Button' &amp;&amp; Name='OK'"
\0&lt;/a&gt;
W, 3240, 17, 2013/05/24, 09:09:50.051, 1121758851396, QTAgent32.exe, Playback - [WARNING] Internal warning: Thread state based WFR - Requested element has invalid HWND
\0
W, 3240, 17, 2013/05/24, 09:09:50.051, 1121758852681, QTAgent32.exe, Playback - [WARNING] Internal warning: process performance counters based WFR - Requested element has invalid HWND
\0
E, 3240, 17, 2013/05/24, 09:09:50.051, 1121758855177, QTAgent32.exe, EnsureValid called via EnsureValid call for same element
E, 3240, 17, 2013/05/24, 09:09:50.051, 1121758856778, QTAgent32.exe, EnsureValid called via EnsureValid call for same element
E, 3240, 17, 2013/05/24, 09:09:50.051, 1121758857794, QTAgent32.exe, EnsureValid called via EnsureValid call for same element
E, 3240, 17, 2013/05/24, 09:09:50.051, 1121758861330, QTAgent32.exe, Window 198526 not responding. Last Win32 error 0
E, 3240, 17, 2013/05/24, 09:09:50.051, 1121758862124, QTAgent32.exe, GetClassName for handle 198526 failed
W, 3240, 17, 2013/05/24, 09:09:50.177, 1121760665410, QTAgent32.exe, &lt;a class=success&gt;Playback - {278} [SUCCESS] Check - "[MSAA, VisibleOnly]ControlType='CheckBox' &amp;&amp; Name='Defer Printing?'"
\0&lt;/a&gt;
W, 3240, 17, 2013/05/24, 09:09:50.504, 1121765337408, QTAgent32.exe, &lt;a class=success&gt;Playback - {279} [SUCCESS] MouseButtonClick - "[MSAA, VisibleOnly]ControlType='Button' &amp;&amp; Name='Ok'"
\0&lt;/a&gt;
W, 3240, 17, 2013/05/24, 09:09:50.604, 1121766770097, QTAgent32.exe, Playback - [WARNING] Internal warning: Thread state based WFR - Requested element has invalid HWND
\0
W, 3240, 17, 2013/05/24, 09:09:50.604, 1121766771255, QTAgent32.exe, Playback - [WARNING] Internal warning: process performance counters based WFR - Requested element has invalid HWND
\0
E, 3240, 17, 2013/05/24, 09:09:50.604, 1121766773758, QTAgent32.exe, EnsureValid called via EnsureValid call for same element
E, 3240, 17, 2013/05/24, 09:09:50.604, 1121766775441, QTAgent32.exe, EnsureValid called via EnsureValid call for same element
E, 3240, 17, 2013/05/24, 09:09:50.604, 1121766776444, QTAgent32.exe, EnsureValid called via EnsureValid call for same element
E, 3240, 17, 2013/05/24, 09:09:50.604, 1121766779752, QTAgent32.exe, GetClassName for handle 526114 failed
E, 3240, 17, 2013/05/24, 09:09:50.605, 1121766793685, QTAgent32.exe, Window 526114 not responding. Last Win32 error 1400
E, 3240, 17, 2013/05/24, 09:09:50.605, 1121766795441, QTAgent32.exe, GetClassName for handle 526114 failed
W, 3240, 17, 2013/05/24, 09:09:51.315, 1121776954989, QTAgent32.exe, PERF WARNING: FindTopLevelWindowHelper::FindAllDescendents: took 709 ms. Expected it to take maximum 500 ms.
W, 3240, 17, 2013/05/24, 09:09:51.475, 1121779253678, QTAgent32.exe, &lt;a class=success&gt;Playback - {280} [SUCCESS] Uncheck - "[MSAA, VisibleOnly]ControlType='CheckBox' &amp;&amp; Name='Add Activity'"
\0&lt;/a&gt;
W, 3240, 17, 2013/05/24, 09:09:51.807, 1121784005658, QTAgent32.exe, &lt;a class=success&gt;Playback - {281} [SUCCESS] MouseButtonClick - "[MSAA, VisibleOnly]ControlType='Button' &amp;&amp; Name='Ok'"
\0&lt;/a&gt;
W, 3240, 17, 2013/05/24, 09:09:52.930, 1121800086458, QTAgent32.exe, PERF WARNING: FindTopLevelWindowHelper::FindAllDescendents: took 1023 ms. Expected it to take maximum 500 ms.
W, 3240, 17, 2013/05/24, 09:09:53.184, 1121803724279, QTAgent32.exe, &lt;a class=success&gt;Playback - {282} [SUCCESS] MouseButtonClick - "[MSAA, VisibleOnly]ControlType='Button' &amp;&amp; Name='OK'"
\0&lt;/a&gt;
W, 3240, 17, 2013/05/24, 09:09:54.082, 1121816574825, QTAgent32.exe, PERF WARNING: FindTopLevelWindowHelper::FindAllDescendents: took 784 ms. Expected it to take maximum 500 ms.
W, 3240, 17, 2013/05/24, 09:09:56.211, 1121847061871, QTAgent32.exe, &lt;a class=success&gt;Playback - {283} [SUCCESS] MouseButtonClick - "[MSAA, VisibleOnly]ControlType='Button' &amp;&amp; Name='OK'"
\0&lt;/a&gt;
W, 3240, 17, 2013/05/24, 09:09:56.431, 1121850216913, QTAgent32.exe, &lt;a class=success&gt;Playback - {284} [SUCCESS] MouseButtonClick - "[MSAA, VisibleOnly]ControlType='Button' &amp;&amp; Name='Options'"
\0&lt;/a&gt;
W, 3240, 17, 2013/05/24, 09:09:56.532, 1121851655827, QTAgent32.exe, FindScreenElementInSinglePass : Attempting to find control in one pass of search. Failures can occur.
W, 3240, 17, 2013/05/24, 09:09:56.539, 1121851755736, QTAgent32.exe, Playback - [WARNING] Internal failure: Method GetBoundingRectangle failed (HRESULT = 0x1, "Incorrect function.") for Name = "Quote Select List" ," ControlType = "MenuItem"
\0
W, 3240, 17, 2013/05/24, 09:09:56.539, 1121851756644, QTAgent32.exe, Playback - [WARNING] Internal failure: Couldn't get clickable point for ScreenUIElement - GetClickablePoint failed
\0
W, 3240, 17, 2013/05/24, 09:09:56.539, 1121851758936, QTAgent32.exe, FindScreenElementInSinglePass : Attempting to find control in one pass of search. Failures can occur.
W, 3240, 17, 2013/05/24, 09:09:56.541, 1121851785276, QTAgent32.exe, FindScreenElementInSinglePass : Attempting to find control in one pass of search. Failures can occur.
W, 3240, 17, 2013/05/24, 09:09:56.660, 1121853485879, QTAgent32.exe, &lt;a class=success&gt;Playback - {285} [SUCCESS] LeftButtonClick - "[MSAA, VisibleOnly]ControlType='MenuBar' &amp;&amp; Name='Application'"  &lt; Mouse cursor location (960, 31) &gt;
\0&lt;/a&gt;
W, 3240, 17, 2013/05/24, 09:09:56.766, 1121855010685, QTAgent32.exe, &lt;a class=success&gt;Playback - {286} [SUCCESS] LeftButtonClick - "[MSAA]ControlType='MenuItem' &amp;&amp; Name='Options'"  &lt; Mouse cursor location (94, 31) &gt;
\0&lt;/a&gt;
W, 3240, 17, 2013/05/24, 09:09:56.902, 1121856957961, QTAgent32.exe, &lt;a class=success&gt;Playback - {287} [SUCCESS] LeftButtonClick - "[MSAA]ControlType='MenuItem' &amp;&amp; Name='Links'"  &lt; Mouse cursor location (174, 319) &gt;
\0&lt;/a&gt;
W, 3240, 17, 2013/05/24, 09:09:57.035, 1121858855527, QTAgent32.exe, &lt;a class=success&gt;Playback - {288} [SUCCESS] LeftButtonClick - "[MSAA]ControlType='MenuItem' &amp;&amp; Name='3rd Party Integration'"  &lt; Mouse cursor location (375, 319) &gt;
\0&lt;/a&gt;
W, 3240, 17, 2013/05/24, 09:09:57.183, 1121860980517, QTAgent32.exe, &lt;a class=success&gt;Playback - {289} [SUCCESS] MouseButtonClick - "[MSAA]ControlType='MenuItem' &amp;&amp; Name='Quote Select List'"
\0&lt;/a&gt;
W, 3240, 17, 2013/05/24, 09:09:58.138, 1121874650149, QTAgent32.exe, PERF WARNING: FindTopLevelWindowHelper::FindAllDescendents: took 854 ms. Expected it to take maximum 500 ms.
W, 3240, 17, 2013/05/24, 09:09:58.379, 1121878101480, QTAgent32.exe, &lt;a class=success&gt;Playback - {290} [SUCCESS] MouseButtonClick - "[MSAA, VisibleOnly]ControlType='Button' &amp;&amp; Name='Ok'"
\0&lt;/a&gt;
W, 3240, 17, 2013/05/24, 09:09:59.128, 1121888826436, QTAgent32.exe, PERF WARNING: FindTopLevelWindowHelper::FindAllDescendents: took 644 ms. Expected it to take maximum 500 ms.
W, 3240, 17, 2013/05/24, 09:09:59.280, 1121891003364, QTAgent32.exe, &lt;a class=success&gt;Playback - {291} [SUCCESS] MouseButtonClick - "[MSAA, VisibleOnly]ControlType='Button' &amp;&amp; Name='After'"
\0&lt;/a&gt;
W, 3240, 17, 2013/05/24, 09:10:00.936, 1121914711113, QTAgent32.exe, PERF WARNING: FindTopLevelWindowHelper::FindAllDescendents: took 1537 ms. Expected it to take maximum 500 ms.
W, 3240, 17, 2013/05/24, 09:10:01.096, 1121917008320, QTAgent32.exe, &lt;a class=success&gt;Playback - {292} [SUCCESS] MouseButtonClick - "[MSAA, VisibleOnly]ControlType='Button' &amp;&amp; Name='MTA'"
\0&lt;/a&gt;
W, 3240, 17, 2013/05/24, 09:10:01.196, 1121918440420, QTAgent32.exe, Playback - [WARNING] Internal warning: Thread state based WFR - Requested element has invalid HWND
\0
W, 3240, 17, 2013/05/24, 09:10:01.196, 1121918441906, QTAgent32.exe, Playback - [WARNING] Internal warning: process performance counters based WFR - Requested element has invalid HWND
\0
E, 3240, 17, 2013/05/24, 09:10:01.196, 1121918444608, QTAgent32.exe, EnsureValid called via EnsureValid call for same element
E, 3240, 17, 2013/05/24, 09:10:01.197, 1121918446572, QTAgent32.exe, EnsureValid called via EnsureValid call for same element
E, 3240, 17, 2013/05/24, 09:10:01.197, 1121918448823, QTAgent32.exe, EnsureValid called via EnsureValid call for same element
E, 3240, 17, 2013/05/24, 09:10:01.197, 1121918453135, QTAgent32.exe, Window 1246354 not responding. Last Win32 error 0
E, 3240, 17, 2013/05/24, 09:10:01.197, 1121918454009, QTAgent32.exe, GetClassName for handle 1246354 failed
W, 3240, 17, 2013/05/24, 09:10:02.094, 1121931291903, QTAgent32.exe, PERF WARNING: FindTopLevelWindowHelper::FindAllDescendents: took 896 ms. Expected it to take maximum 500 ms.
W, 3240, 17, 2013/05/24, 09:10:02.399, 1121935657465, QTAgent32.exe, Playback - [WARNING] Internal warning: Incorrect flag set for InvokeProgrammaticAction\0
W, 3240, 17, 2013/05/24, 09:10:02.517, 1121937341217, QTAgent32.exe, &lt;a class=success&gt;Playback - {293} [SUCCESS] SetValueAsComboBox "General Adjustment" - "[MSAA, VisibleOnly]ControlType='ComboBox'"  &lt; SetValueAsComboBox, set by clicking on the item in the list box &gt;
\0&lt;/a&gt;
W, 3240, 17, 2013/05/24, 09:10:02.746, 1121940621295, QTAgent32.exe, &lt;a class=success&gt;Playback - {294} [SUCCESS] MouseButtonClick - "[MSAA, VisibleOnly]ControlType='Button' &amp;&amp; Name='OK'"
\0&lt;/a&gt;
W, 3240, 17, 2013/05/24, 09:10:02.846, 1121942054243, QTAgent32.exe, Playback - [WARNING] Internal warning: Thread state based WFR - Requested element has invalid HWND
\0
W, 3240, 17, 2013/05/24, 09:10:02.846, 1121942055531, QTAgent32.exe, Playback - [WARNING] Internal warning: process performance counters based WFR - Requested element has invalid HWND
\0
E, 3240, 17, 2013/05/24, 09:10:02.846, 1121942058159, QTAgent32.exe, EnsureValid called via EnsureValid call for same element
E, 3240, 17, 2013/05/24, 09:10:02.846, 1121942059857, QTAgent32.exe, EnsureValid called via EnsureValid call for same element
E, 3240, 17, 2013/05/24, 09:10:02.846, 1121942060855, QTAgent32.exe, EnsureValid called via EnsureValid call for same element
E, 3240, 17, 2013/05/24, 09:10:02.846, 1121942063440, QTAgent32.exe, GetClassName for handle 1574126 failed
E, 3240, 17, 2013/05/24, 09:10:02.847, 1121942067764, QTAgent32.exe, GetClassName for handle 1574126 failed
E, 3240, 17, 2013/05/24, 09:10:02.872, 1121942436770, QTAgent32.exe, Exception: System.Runtime.InteropServices.COMException
	Message: Error HRESULT E_FAIL has been returned from a call to a COM component.
	Stack Trace:    at Accessibility.IAccessible.get_accState(Object varChild)
   at Microsoft.VisualStudio.TestTools.UITest.Extension.Msaa.AccWrapper.get_State()
	BaseExceptionMessage: Error HRESULT E_FAIL has been returned from a call to a COM component.

E, 3240, 17, 2013/05/24, 09:10:02.873, 1121942440775, QTAgent32.exe, Exception: System.Runtime.InteropServices.COMException
	Message: Error HRESULT E_FAIL has been returned from a call to a COM component.
	Stack Trace:    at Accessibility.IAccessible.get_accState(Object varChild)
   at Microsoft.VisualStudio.TestTools.UITest.Extension.Msaa.AccWrapper.get_State()
	BaseExceptionMessage: Error HRESULT E_FAIL has been returned from a call to a COM component.

E, 3240, 17, 2013/05/24, 09:10:02.873, 1121942444370, QTAgent32.exe, Exception: System.Runtime.InteropServices.COMException
	Message: Error HRESULT E_FAIL has been returned from a call to a COM component.
	Stack Trace:    at Accessibility.IAccessible.get_accState(Object varChild)
   at Microsoft.VisualStudio.TestTools.UITest.Extension.Msaa.AccWrapper.get_State()
	BaseExceptionMessage: Error HRESULT E_FAIL has been returned from a call to a COM component.

E, 3240, 17, 2013/05/24, 09:10:02.873, 1121942448456, QTAgent32.exe, Exception: System.Runtime.InteropServices.COMException
	Message: Error HRESULT E_FAIL has been returned from a call to a COM component.
	Stack Trace:    at Accessibility.IAccessible.get_accState(Object varChild)
   at Microsoft.VisualStudio.TestTools.UITest.Extension.Msaa.AccWrapper.get_State()
	BaseExceptionMessage: Error HRESULT E_FAIL has been returned from a call to a COM component.

E, 3240, 17, 2013/05/24, 09:10:02.873, 1121942451995, QTAgent32.exe, Exception: System.Runtime.InteropServices.COMException
	Message: Error HRESULT E_FAIL has been returned from a call to a COM component.
	Stack Trace:    at Accessibility.IAccessible.get_accState(Object varChild)
   at Microsoft.VisualStudio.TestTools.UITest.Extension.Msaa.AccWrapper.get_State()
	BaseExceptionMessage: Error HRESULT E_FAIL has been returned from a call to a COM component.

E, 3240, 17, 2013/05/24, 09:10:02.874, 1121942455748, QTAgent32.exe, Exception: System.Runtime.InteropServices.COMException
	Message: Error HRESULT E_FAIL has been returned from a call to a COM component.
	Stack Trace:    at Accessibility.IAccessible.get_accState(Object varChild)
   at Microsoft.VisualStudio.TestTools.UITest.Extension.Msaa.AccWrapper.get_State()
	BaseExceptionMessage: Error HRESULT E_FAIL has been returned from a call to a COM component.

E, 3240, 17, 2013/05/24, 09:10:02.874, 1121942459277, QTAgent32.exe, Exception: System.Runtime.InteropServices.COMException
	Message: Error HRESULT E_FAIL has been returned from a call to a COM component.
	Stack Trace:    at Accessibility.IAccessible.get_accState(Object varChild)
   at Microsoft.VisualStudio.TestTools.UITest.Extension.Msaa.AccWrapper.get_State()
	BaseExceptionMessage: Error HRESULT E_FAIL has been returned from a call to a COM component.

W, 3240, 17, 2013/05/24, 09:10:03.048, 1121944949196, QTAgent32.exe, PERF WARNING: MSAA.UpdateQueryIDForNamelessControls: took 201 ms. Expected it to take maximum 200 ms.
W, 3240, 17, 2013/05/24, 09:10:03.049, 1121944962374, QTAgent32.exe, Msaa.Navigate: Exception [Error HRESULT E_FAIL has been returned from a call to a COM component.] while calling accNavigate.
E, 3240, 17, 2013/05/24, 09:10:03.049, 1121944963263, QTAgent32.exe, GetClassName for handle 722660 failed
E, 3240, 17, 2013/05/24, 09:10:03.049, 1121944963905, QTAgent32.exe, Window 722660 not responding. Last Win32 error 1400
E, 3240, 17, 2013/05/24, 09:10:03.049, 1121944966276, QTAgent32.exe, GetClassName for handle 1574126 failed
W, 3240, 17, 2013/05/24, 09:10:03.164, 1121946607348, QTAgent32.exe, &lt;a class=success&gt;Playback - {295} [SUCCESS] SendKeys "^{HOME}" - "[MSAA, VisibleOnly]ControlType='Edit'"
\0&lt;/a&gt;
E, 3240, 17, 2013/05/24, 09:10:03.164, 1121946609345, QTAgent32.exe, Msaa.GetFocusedElement: could not find accessible object of foreground window
W, 3240, 17, 2013/05/24, 09:10:03.216, 1121947351991, QTAgent32.exe, &lt;a class=success&gt;Playback - {296} [SUCCESS] SendKeys "^+{END}" - "[MSAA, VisibleOnly]ControlType='Edit'"
\0&lt;/a&gt;
E, 3240, 17, 2013/05/24, 09:10:03.216, 1121947353585, QTAgent32.exe, Msaa.GetFocusedElement: could not find accessible object of foreground window
W, 3240, 17, 2013/05/24, 09:10:03.228, 1121947524529, QTAgent32.exe, &lt;a class=success&gt;Playback - {297} [SUCCESS] SendKeys "{DELETE}" - "[MSAA, VisibleOnly]ControlType='Edit'"
\0&lt;/a&gt;
W, 3240, 17, 2013/05/24, 09:10:03.424, 1121950333600, QTAgent32.exe, &lt;a class=success&gt;Playback - {298} [SUCCESS] SetValueAsEditBox "NewTest" - "[MSAA, VisibleOnly]ControlType='Edit'"  &lt; Set via SendKeys &gt;
\0&lt;/a&gt;
W, 3240, 17, 2013/05/24, 09:10:03.665, 1121953781062, QTAgent32.exe, &lt;a class=success&gt;Playback - {299} [SUCCESS] MouseButtonClick - "[MSAA, VisibleOnly]ControlType='Button' &amp;&amp; Name='Next &gt;'"
\0&lt;/a&gt;
W, 3240, 17, 2013/05/24, 09:10:03.923, 1121957484169, QTAgent32.exe, &lt;a class=success&gt;Playback - {300} [SUCCESS] MouseButtonClick - "[MSAA, VisibleOnly]ControlType='Button' &amp;&amp; Name='Next &gt;'"
\0&lt;/a&gt;
W, 3240, 17, 2013/05/24, 09:10:04.148, 1121960698467, QTAgent32.exe, &lt;a class=success&gt;Playback - {301} [SUCCESS] MouseButtonClick - "[MSAA, VisibleOnly]ControlType='Button' &amp;&amp; Name='Next &gt;'"
\0&lt;/a&gt;
W, 3240, 17, 2013/05/24, 09:10:04.377, 1121963983303, QTAgent32.exe, &lt;a class=success&gt;Playback - {302} [SUCCESS] MouseButtonClick - "[MSAA, VisibleOnly]ControlType='Button' &amp;&amp; Name='Next &gt;'"
\0&lt;/a&gt;
W, 3240, 17, 2013/05/24, 09:10:04.607, 1121967282112, QTAgent32.exe, &lt;a class=success&gt;Playback - {303} [SUCCESS] MouseButtonClick - "[MSAA, VisibleOnly]ControlType='Button' &amp;&amp; Name='Next &gt;'"
\0&lt;/a&gt;
W, 3240, 17, 2013/05/24, 09:10:04.835, 1121970546088, QTAgent32.exe, &lt;a class=success&gt;Playback - {304} [SUCCESS] MouseButtonClick - "[MSAA, VisibleOnly]ControlType='Button' &amp;&amp; Name='Next &gt;'"
\0&lt;/a&gt;
W, 3240, 17, 2013/05/24, 09:10:05.068, 1121973873502, QTAgent32.exe, &lt;a class=success&gt;Playback - {305} [SUCCESS] MouseButtonClick - "[MSAA, VisibleOnly]ControlType='Button' &amp;&amp; Name='Next &gt;'"
\0&lt;/a&gt;
W, 3240, 17, 2013/05/24, 09:10:05.561, 1121980926131, QTAgent32.exe, &lt;a class=success&gt;Playback - {306} [SUCCESS] MouseButtonClick - "[MSAA, VisibleOnly]ControlType='Button' &amp;&amp; Name='Quote'"
\0&lt;/a&gt;
W, 3240, 17, 2013/05/24, 09:10:05.661, 1121982357933, QTAgent32.exe, Playback - [WARNING] Internal warning: Thread state based WFR - Requested element has invalid HWND
\0
W, 3240, 17, 2013/05/24, 09:10:05.661, 1121982359142, QTAgent32.exe, Playback - [WARNING] Internal warning: process performance counters based WFR - Requested element has invalid HWND
\0
E, 3240, 17, 2013/05/24, 09:10:05.661, 1121982361753, QTAgent32.exe, EnsureValid called via EnsureValid call for same element
E, 3240, 17, 2013/05/24, 09:10:05.661, 1121982363562, QTAgent32.exe, EnsureValid called via EnsureValid call for same element
E, 3240, 17, 2013/05/24, 09:10:05.661, 1121982364560, QTAgent32.exe, EnsureValid called via EnsureValid call for same element
E, 3240, 17, 2013/05/24, 09:10:05.661, 1121982367159, QTAgent32.exe, Window 2229046 not responding. Last Win32 error 0
E, 3240, 17, 2013/05/24, 09:10:05.661, 1121982368923, QTAgent32.exe, GetClassName for handle 2229046 failed
W, 3240, 17, 2013/05/24, 09:10:05.773, 1121983961705, QTAgent32.exe, &lt;a class=success&gt;Playback - {307} [SUCCESS] SendKeys "^{HOME}" - "[MSAA, VisibleOnly]ControlType='Edit'"
\0&lt;/a&gt;
E, 3240, 17, 2013/05/24, 09:10:05.773, 1121983963992, QTAgent32.exe, Msaa.GetFocusedElement: could not find accessible object of foreground window
W, 3240, 17, 2013/05/24, 09:10:05.827, 1121984734572, QTAgent32.exe, &lt;a class=success&gt;Playback - {308} [SUCCESS] SendKeys "^+{END}" - "[MSAA, VisibleOnly]ControlType='Edit'"
\0&lt;/a&gt;
E, 3240, 17, 2013/05/24, 09:10:05.827, 1121984736601, QTAgent32.exe, Msaa.GetFocusedElement: could not find accessible object of foreground window
W, 3240, 17, 2013/05/24, 09:10:05.841, 1121984935529, QTAgent32.exe, &lt;a class=success&gt;Playback - {309} [SUCCESS] SendKeys "{DELETE}" - "[MSAA, VisibleOnly]ControlType='Edit'"
\0&lt;/a&gt;
W, 3240, 17, 2013/05/24, 09:10:06.062, 1121988103234, QTAgent32.exe, &lt;a class=success&gt;Playback - {310} [SUCCESS] SetValueAsEditBox "06/06/13" - "[MSAA, VisibleOnly]ControlType='Edit'"  &lt; Set via SendKeys &gt;
\0&lt;/a&gt;
W, 3240, 17, 2013/05/24, 09:10:06.300, 1121991506659, QTAgent32.exe, &lt;a class=success&gt;Playback - {311} [SUCCESS] MouseButtonClick - "[MSAA, VisibleOnly]ControlType='Button' &amp;&amp; Name='OK'"
\0&lt;/a&gt;
W, 3240, 17, 2013/05/24, 09:10:06.563, 1121995273262, QTAgent32.exe, &lt;a class=success&gt;Playback - {312} [SUCCESS] MouseButtonClick - "[MSAA, VisibleOnly]ControlType='Button' &amp;&amp; Name='OK'"
\0&lt;/a&gt;
W, 3240, 17, 2013/05/24, 09:10:06.799, 1121998660553, QTAgent32.exe, &lt;a class=success&gt;Playback - {313} [SUCCESS] MouseButtonClick - "[MSAA, VisibleOnly]ControlType='Button' &amp;&amp; Name='Cancel'"
\0&lt;/a&gt;
W, 3240, 17, 2013/05/24, 09:10:07.032, 1122001990653, QTAgent32.exe, &lt;a class=success&gt;Playback - {314} [SUCCESS] MouseButtonClick - "[MSAA, VisibleOnly]ControlType='Button' &amp;&amp; Name='Cancel'"
\0&lt;/a&gt;
W, 3240, 17, 2013/05/24, 09:10:07.372, 1122006857699, QTAgent32.exe, &lt;a class=success&gt;Playback - {315} [SUCCESS] MouseButtonClick - "[MSAA, VisibleOnly]ControlType='Button' &amp;&amp; Name='Yes'"
\0&lt;/a&gt;
W, 3240, 17, 2013/05/24, 09:10:09.610, 1122038906889, QTAgent32.exe, &lt;a class=success&gt;Playback - {316} [SUCCESS] MouseButtonClick - "[MSAA, VisibleOnly]ControlType='Button' &amp;&amp; Name='OK'"
\0&lt;/a&gt;
W, 3240, 17, 2013/05/24, 09:10:09.830, 1122042062217, QTAgent32.exe, &lt;a class=success&gt;Playback - {317} [SUCCESS] MouseButtonClick - "[MSAA, VisibleOnly]ControlType='Button' &amp;&amp; Name='Options'"
\0&lt;/a&gt;
W, 3240, 17, 2013/05/24, 09:10:09.931, 1122043501012, QTAgent32.exe, FindScreenElementInSinglePass : Attempting to find control in one pass of search. Failures can occur.
W, 3240, 17, 2013/05/24, 09:10:09.938, 1122043600648, QTAgent32.exe, Playback - [WARNING] Internal failure: Method GetBoundingRectangle failed (HRESULT = 0x1, "Incorrect function.") for Name = "Quote Select List" ," ControlType = "MenuItem"
\0
W, 3240, 17, 2013/05/24, 09:10:09.938, 1122043601514, QTAgent32.exe, Playback - [WARNING] Internal failure: Couldn't get clickable point for ScreenUIElement - GetClickablePoint failed
\0
W, 3240, 17, 2013/05/24, 09:10:09.938, 1122043603757, QTAgent32.exe, FindScreenElementInSinglePass : Attempting to find control in one pass of search. Failures can occur.
W, 3240, 17, 2013/05/24, 09:10:09.940, 1122043630134, QTAgent32.exe, FindScreenElementInSinglePass : Attempting to find control in one pass of search. Failures can occur.
W, 3240, 17, 2013/05/24, 09:10:10.066, 1122045439050, QTAgent32.exe, &lt;a class=success&gt;Playback - {318} [SUCCESS] LeftButtonClick - "[MSAA, VisibleOnly]ControlType='MenuBar' &amp;&amp; Name='Application'"  &lt; Mouse cursor location (960, 31) &gt;
\0&lt;/a&gt;
W, 3240, 17, 2013/05/24, 09:10:10.173, 1122046970855, QTAgent32.exe, &lt;a class=success&gt;Playback - {319} [SUCCESS] LeftButtonClick - "[MSAA]ControlType='MenuItem' &amp;&amp; Name='Options'"  &lt; Mouse cursor location (94, 31) &gt;
\0&lt;/a&gt;
W, 3240, 17, 2013/05/24, 09:10:10.318, 1122049046383, QTAgent32.exe, &lt;a class=success&gt;Playback - {320} [SUCCESS] LeftButtonClick - "[MSAA]ControlType='MenuItem' &amp;&amp; Name='Links'"  &lt; Mouse cursor location (174, 319) &gt;
\0&lt;/a&gt;
W, 3240, 17, 2013/05/24, 09:10:10.457, 1122051036831, QTAgent32.exe, &lt;a class=success&gt;Playback - {321} [SUCCESS] LeftButtonClick - "[MSAA]ControlType='MenuItem' &amp;&amp; Name='3rd Party Integration'"  &lt; Mouse cursor location (375, 319) &gt;
\0&lt;/a&gt;
W, 3240, 17, 2013/05/24, 09:10:10.609, 1122053204407, QTAgent32.exe, &lt;a class=success&gt;Playback - {322} [SUCCESS] MouseButtonClick - "[MSAA]ControlType='MenuItem' &amp;&amp; Name='Quote Select List'"
\0&lt;/a&gt;
W, 3240, 17, 2013/05/24, 09:10:11.532, 1122066430217, QTAgent32.exe, PERF WARNING: FindTopLevelWindowHelper::FindAllDescendents: took 800 ms. Expected it to take maximum 500 ms.
W, 3240, 17, 2013/05/24, 09:10:11.760, 1122069697737, QTAgent32.exe, &lt;a class=success&gt;Playback - {323} [SUCCESS] MouseButtonClick - "[MSAA, VisibleOnly]ControlType='Button' &amp;&amp; Name='Ok'"
\0&lt;/a&gt;
W, 3240, 17, 2013/05/24, 09:10:12.486, 1122080084047, QTAgent32.exe, PERF WARNING: FindTopLevelWindowHelper::FindAllDescendents: took 622 ms. Expected it to take maximum 500 ms.
W, 3240, 17, 2013/05/24, 09:10:12.626, 1122082099675, QTAgent32.exe, &lt;a class=success&gt;Playback - {324} [SUCCESS] MouseButtonClick - "[MSAA, VisibleOnly]ControlType='Button' &amp;&amp; Name='Before'"
\0&lt;/a&gt;
W, 3240, 17, 2013/05/24, 09:10:14.284, 1122105834744, QTAgent32.exe, PERF WARNING: FindTopLevelWindowHelper::FindAllDescendents: took 1532 ms. Expected it to take maximum 500 ms.
W, 3240, 17, 2013/05/24, 09:10:14.476, 1122108574262, QTAgent32.exe, &lt;a class=success&gt;Playback - {325} [SUCCESS] MouseButtonClick - "[MSAA, VisibleOnly]ControlType='Button' &amp;&amp; Name='MTA'"
\0&lt;/a&gt;
W, 3240, 17, 2013/05/24, 09:10:14.584, 1122110130799, QTAgent32.exe, Playback - [WARNING] Internal warning: Thread state based WFR - Requested element has invalid HWND
\0
W, 3240, 17, 2013/05/24, 09:10:14.584, 1122110132058, QTAgent32.exe, Playback - [WARNING] Internal warning: process performance counters based WFR - Requested element has invalid HWND
\0
E, 3240, 17, 2013/05/24, 09:10:14.585, 1122110134819, QTAgent32.exe, EnsureValid called via EnsureValid call for same element
E, 3240, 17, 2013/05/24, 09:10:14.585, 1122110136271, QTAgent32.exe, EnsureValid called via EnsureValid call for same element
E, 3240, 17, 2013/05/24, 09:10:14.585, 1122110137236, QTAgent32.exe, EnsureValid called via EnsureValid call for same element
E, 3240, 17, 2013/05/24, 09:10:14.585, 1122110140825, QTAgent32.exe, GetClassName for handle 919124 failed
E, 3240, 17, 2013/05/24, 09:10:14.586, 1122110154988, QTAgent32.exe, Window 919124 not responding. Last Win32 error 1400
E, 3240, 17, 2013/05/24, 09:10:14.586, 1122110156772, QTAgent32.exe, GetClassName for handle 919124 failed
W, 3240, 17, 2013/05/24, 09:10:23.952, 1122244262686, QTAgent32.exe, Playback - [WARNING] Internal warning: Window Not Found: [VisibleOnly]ControlType='Window' &amp;&amp; Name='Mid Term Adjustments ' &amp;&amp; ClassName='ThunderRT6FormDC'
\0
E, 3240, 17, 2013/05/24, 09:10:23.952, 1122244265061, QTAgent32.exe, &lt;a class=failure&gt;Playback - {326} [FAILED] Function ElementFetcher::FindScreenElement failed to locate UI element (Searching: ;[VisibleOnly]ControlType='Window' &amp;&amp; Name='Mid Term Adjustments ' &amp;&amp; ClassName='ThunderRT6FormDC') (The object specified was not found.)
\0&lt;/a&gt;
E, 3240, 17, 2013/05/24, 09:10:24.004, 1122245009864, QTAgent32.exe, Playback - [IMAGE] C:\Users\testuser\AppData\Local\Temp\UITestLogs\LastRun\RPFF75F.png
\0
W, 3240, 17, 2013/05/24, 09:10:24.004, 1122245011526, QTAgent32.exe, Playback - [WARNING] Internal warning: Couldn't find descendants that match QueryId
\0
W, 3240, 17, 2013/05/24, 09:10:24.005, 1122245014494, QTAgent32.exe, PERF WARNING: FindTopLevelWindowHelper::FindAllDescendents: took 9418 ms. Expected it to take maximum 500 ms.
W, 3240, 17, 2013/05/24, 09:10:42.750, 1122513414107, QTAgent32.exe, Playback - [WARNING] Internal warning: Window Not Found: [VisibleOnly]ControlType='Window' &amp;&amp; Name='Mid Term Adjustments ' &amp;&amp; ClassName='ThunderRT6FormDC'
\0
E, 3240, 17, 2013/05/24, 09:10:42.750, 1122513416530, QTAgent32.exe, &lt;a class=failure&gt;Playback - {327} [FAILED] Function ElementFetcher::FindScreenElement failed to locate UI element (Searching: ;[VisibleOnly]ControlType='Window' &amp;&amp; Name='Mid Term Adjustments ' &amp;&amp; ClassName='ThunderRT6FormDC') (The object specified was not found.)
\0&lt;/a&gt;
E, 3240, 17, 2013/05/24, 09:10:42.794, 1122514040012, QTAgent32.exe, Playback - [IMAGE] C:\Users\testuser\AppData\Local\Temp\UITestLogs\LastRun\RPF40CE.png
\0
W, 3240, 17, 2013/05/24, 09:10:42.794, 1122514041643, QTAgent32.exe, Playback - [WARNING] Internal warning: Couldn't find descendants that match QueryId
\0
W, 3240, 17, 2013/05/24, 09:10:42.794, 1122514044423, QTAgent32.exe, PERF WARNING: FindTopLevelWindowHelper::FindAllDescendents: took 18789 ms. Expected it to take maximum 500 ms.
W, 3240, 17, 2013/05/24, 09:10:46.106, 1122561466231, QTAgent32.exe, Playback - [WARNING] Internal warning: Smart Match failed
\0
W, 3240, 17, 2013/05/24, 09:10:47.508, 1122581534211, QTAgent32.exe, Playback - [WARNING] Internal warning: Window Not Found: [VisibleOnly]ControlType='Window' &amp;&amp; Name='Mid Term Adjustments ' &amp;&amp; ClassName='ThunderRT6FormDC'
\0
E, 3240, 17, 2013/05/24, 09:10:47.508, 1122581536548, QTAgent32.exe, &lt;a class=failure&gt;Playback - {328} [FAILED] Function ElementFetcher::FindScreenElement failed to locate UI element (Searching: ;[VisibleOnly]ControlType='Window' &amp;&amp; Name='Mid Term Adjustments ' &amp;&amp; ClassName='ThunderRT6FormDC') (The object specified was not found.)
\0&lt;/a&gt;
E, 3240, 17, 2013/05/24, 09:10:47.550, 1122582146077, QTAgent32.exe, Playback - [IMAGE] C:\Users\testuser\AppData\Local\Temp\UITestLogs\LastRun\RPF5365.png
\0
W, 3240, 17, 2013/05/24, 09:10:47.550, 1122582147560, QTAgent32.exe, Playback - [WARNING] Internal warning: Couldn't find descendants that match QueryId
\0
W, 3240, 17, 2013/05/24, 09:10:47.551, 1122582150286, QTAgent32.exe, PERF WARNING: FindTopLevelWindowHelper::FindAllDescendents: took 4756 ms. Expected it to take maximum 500 ms.
E, 3240, 17, 2013/05/24, 09:10:47.551, 1122582151876, QTAgent32.exe, Exception: System.Runtime.InteropServices.COMException
	Message: Error HRESULT E_FAIL has been returned from a call to a COM component.
	Stack Trace:    at Microsoft.VisualStudio.TestTools.UITest.Playback.Engine.IRPFPlayback.FindAllScreenElements(IScreenElement pScreenElementStart, String bstrQueryId, Object&amp; pvarResKeys, Int32 cResKeys, Int32 nMaxDepth, Object[]&amp; foundDescendants)
   at Microsoft.VisualStudio.TestTools.UITest.Playback.ScreenElement.FindTopLevelWindowHelper(String queryId)
	BaseExceptionMessage: Error HRESULT E_FAIL has been returned from a call to a COM component.

E, 3240, 17, 2013/05/24, 09:10:47.551, 1122582155235, QTAgent32.exe, GetClassName for handle 2556994 failed
E, 3240, 17, 2013/05/24, 09:10:47.552, 1122582163523, QTAgent32.exe, Window 2556994 not responding. Last Win32 error 1400
E, 3240, 17, 2013/05/24, 09:10:47.552, 1122582164483, QTAgent32.exe, GetClassName for handle 2556994 failed
E, 3240, 17, 2013/05/24, 09:10:47.552, 1122582171285, QTAgent32.exe, Window 919124 not responding. Last Win32 error 1400
E, 3240, 17, 2013/05/24, 09:10:47.552, 1122582173082, QTAgent32.exe, GetClassName for handle 919124 failed
E, 3240, 17, 2013/05/24, 09:10:47.553, 1122582178657, QTAgent32.exe, AL: Playback Error: Microsoft.VisualStudio.TestTools.UITest.Extension.UITestControlNotAvailableException: The control is not available or not valid. Additional Details: 
TechnologyName:  'MSAA'
ControlType:  'ComboBox'
 ---&gt; Microsoft.VisualStudio.TestTools.UITest.Extension.UITestControlNotAvailableException: The control is not available or not valid. Additional Details: 
TechnologyName:  'MSAA'
ControlType:  'Window'
 ---&gt; System.Runtime.InteropServices.COMException: Error HRESULT E_FAIL has been returned from a call to a COM component.
   at Microsoft.VisualStudio.TestTools.UITest.Playback.Engine.IRPFPlayback.FindAllScreenElements(IScreenElement pScreenElementStart, String bstrQueryId, Object&amp; pvarResKeys, Int32 cResKeys, Int32 nMaxDepth, Object[]&amp; foundDescendants)
   at Microsoft.VisualStudio.TestTools.UITest.Playback.ScreenElement.FindTopLevelWindowHelper(String queryId)
   at Microsoft.VisualStudio.TestTools.UITest.Playback.ScreenElement.FindFromPartialQueryId(String queryId)
   at Microsoft.VisualStudio.TestTools.UITesting.UITestControl.EnsureValid(Boolean waitForReady, Boolean refetch)
   --- End of inner exception stack trace ---
   at Microsoft.VisualStudio.TestTools.UITesting.UITestControl.EnsureValid(Boolean waitForReady, Boolean refetch)
   at Microsoft.VisualStudio.TestTools.UITesting.UITestControl.FindFirstDescendant(String queryId, Int32 maxDepth, Int32&amp; timeLeft)
   at Microsoft.VisualStudio.TestTools.UITesting.UITestControl.FindFirstDescendant(String queryId)
   at Microsoft.VisualStudio.TestTools.UITesting.UITestControl.EnsureValid(Boolean waitForReady, Boolean refetch)
   --- End of inner exception stack trace ---
   at Microsoft.VisualStudio.TestTools.UITesting.UITestControl.EnsureValid(Boolean waitForReady, Boolean refetch)
   at Microsoft.VisualStudio.TestTools.UITesting.UITestControl.SetPropertyValue(String propertyName, Object propertyValue)
   at Microsoft.VisualStudio.TestTools.UITesting.UITestControl.SetProperty(String propertyName, Object value)
W, 3240, 17, 2013/05/24, 09:10:50.526, 1122624745187, QTAgent32.exe, IEDOM : StopSession of the plugin called before StartSession
W, 3240, 17, 2013/05/24, 09:10:50.526, 1122624746143, QTAgent32.exe, UIA : StopSession of the plugin called before StartSession
</DebugTrace>
        <ErrorInfo>
          <Message>Test method Ver1.CodedUITest2.HouseRenewalAfter threw exception: 
Microsoft.VisualStudio.TestTools.UITest.Extension.UITestControlNotAvailableException: The control is not available or not valid. Additional Details: 
TechnologyName:  'MSAA'
ControlType:  'ComboBox'
 ---&gt; Microsoft.VisualStudio.TestTools.UITest.Extension.UITestControlNotAvailableException: The control is not available or not valid. Additional Details: 
TechnologyName:  'MSAA'
ControlType:  'Window'
 ---&gt; System.Runtime.InteropServices.COMException: Error HRESULT E_FAIL has been returned from a call to a COM component.</Message>
          <StackTrace>    at Microsoft.VisualStudio.TestTools.UITest.Playback.Engine.IRPFPlayback.FindAllScreenElements(IScreenElement pScreenElementStart, String bstrQueryId, Object&amp; pvarResKeys, Int32 cResKeys, Int32 nMaxDepth, Object[]&amp; foundDescendants)
   at Microsoft.VisualStudio.TestTools.UITest.Playback.ScreenElement.FindTopLevelWindowHelper(String queryId)
   at Microsoft.VisualStudio.TestTools.UITest.Playback.ScreenElement.FindFromPartialQueryId(String queryId)
   at Microsoft.VisualStudio.TestTools.UITesting.UITestControl.EnsureValid(Boolean waitForReady, Boolean refetch)
 --- End of inner exception stack trace ---
    at Microsoft.VisualStudio.TestTools.UITesting.UITestControl.EnsureValid(Boolean waitForReady, Boolean refetch)
   at Microsoft.VisualStudio.TestTools.UITesting.UITestControl.FindFirstDescendant(String queryId, Int32 maxDepth, Int32&amp; timeLeft)
   at Microsoft.VisualStudio.TestTools.UITesting.UITestControl.FindFirstDescendant(String queryId)
   at Microsoft.VisualStudio.TestTools.UITesting.UITestControl.EnsureValid(Boolean waitForReady, Boolean refetch)
 --- End of inner exception stack trace ---
    at Microsoft.VisualStudio.TestTools.UITesting.UITestControl.EnsureValid(Boolean waitForReady, Boolean refetch)
   at Microsoft.VisualStudio.TestTools.UITesting.UITestControl.SetPropertyValue(String propertyName, Object propertyValue)
   at Microsoft.VisualStudio.TestTools.UITesting.UITestControl.SetProperty(String propertyName, Object value)
   at Microsoft.VisualStudio.TestTools.UITesting.WinControls.WinComboBox.set_SelectedItem(String value)
   at Ver1.UIMap.HomeMTAChange() in C:\AutotestTam1205\TestProject7\UIMap.Designer.cs:line 1741
   at Ver1.CodedUITest2.HouseRenewalAfter() in C:\AutotestTam1205\TestProject7\CodedUITest2.cs:line 1516
</StackTrace>
        </ErrorInfo>
      </Output>
      <ResultFiles>
        <ResultFile path="ICDVDEVTM01\HouseRenewalAfter.png" />
      </ResultFiles>
      <ExtensionResult>Exception has been thrown by the target of an invocation.</ExtensionResult>
    </UnitTestResult>
    <UnitTestResult executionId="ede3d92a-7c98-4164-b66a-68974b3f5a35" testId="0141781e-e8c8-68a2-deee-13f636ac4d13" testName="HouseAmendRiskExistingScheme" computerName="ICDVDEVTM01" duration="00:07:00.2198621" startTime="2013-05-24T09:10:50.5492297+01:00" endTime="2013-05-24T09:17:50.7800922+01:00" testType="13cdc9d9-ddb5-4fa4-a97d-d965ccfc6d4b" outcome="Failed" testListId="8c84fa94-04c1-424b-9868-57a2d4851a1d" relativeResultsDirectory="ede3d92a-7c98-4164-b66a-68974b3f5a35">
      <Output>
        <DebugTrace>W, 3240, 26, 2013/05/24, 09:10:55.081, 1122689968486, QTAgent32.exe, &lt;a class=success&gt;Playback - {1} [SUCCESS] MouseButtonClick - "[MSAA, VisibleOnly]ControlType='Edit'"
\0&lt;/a&gt;
W, 3240, 26, 2013/05/24, 09:10:55.285, 1122692887514, QTAgent32.exe, &lt;a class=success&gt;Playback - {2} [SUCCESS] SendKeys "[*]" - "[MSAA, VisibleOnly]ControlType='Edit'"
\0&lt;/a&gt;
W, 3240, 26, 2013/05/24, 09:10:55.958, 1122702526836, QTAgent32.exe, &lt;a class=success&gt;Playback - {3} [SUCCESS] MouseButtonClick - "[MSAA, VisibleOnly]ControlType='Button' &amp;&amp; Name='OK'"
\0&lt;/a&gt;
W, 3240, 26, 2013/05/24, 09:10:56.136, 1122705074276, QTAgent32.exe, &lt;a class=success&gt;Playback - {4} [SUCCESS] SendKeys "^{HOME}" - "[MSAA, VisibleOnly]ControlType='Edit'"
\0&lt;/a&gt;
E, 3240, 26, 2013/05/24, 09:10:56.136, 1122705076065, QTAgent32.exe, Msaa.GetFocusedElement: could not find accessible object of foreground window
W, 3240, 26, 2013/05/24, 09:10:56.190, 1122705846734, QTAgent32.exe, &lt;a class=success&gt;Playback - {5} [SUCCESS] SendKeys "^+{END}" - "[MSAA, VisibleOnly]ControlType='Edit'"
\0&lt;/a&gt;
E, 3240, 26, 2013/05/24, 09:10:56.190, 1122705848717, QTAgent32.exe, Msaa.GetFocusedElement: could not find accessible object of foreground window
W, 3240, 26, 2013/05/24, 09:10:56.210, 1122706131911, QTAgent32.exe, &lt;a class=success&gt;Playback - {6} [SUCCESS] SendKeys "{DELETE}" - "[MSAA, VisibleOnly]ControlType='Edit'"
\0&lt;/a&gt;
W, 3240, 26, 2013/05/24, 09:10:56.436, 1122709367564, QTAgent32.exe, &lt;a class=success&gt;Playback - {7} [SUCCESS] SetValueAsEditBox "24/05/2013" - "[MSAA, VisibleOnly]ControlType='Edit'"  &lt; Set via SendKeys &gt;
\0&lt;/a&gt;
W, 3240, 26, 2013/05/24, 09:10:56.711, 1122713299492, QTAgent32.exe, Playback - [WARNING] Internal warning: Incorrect flag set for InvokeProgrammaticAction\0
W, 3240, 26, 2013/05/24, 09:10:56.828, 1122714977585, QTAgent32.exe, &lt;a class=success&gt;Playback - {8} [SUCCESS] SetValueAsComboBox "May" - "[MSAA, VisibleOnly]ControlType='ComboBox'"  &lt; SetValueAsComboBox, set by clicking on the item in the list box &gt;
\0&lt;/a&gt;
W, 3240, 26, 2013/05/24, 09:10:56.991, 1122717309738, QTAgent32.exe, &lt;a class=success&gt;Playback - {9} [SUCCESS] SendKeys "^{HOME}" - "[MSAA, VisibleOnly]ControlType='Edit'"
\0&lt;/a&gt;
E, 3240, 26, 2013/05/24, 09:10:56.991, 1122717311455, QTAgent32.exe, Msaa.GetFocusedElement: could not find accessible object of foreground window
W, 3240, 26, 2013/05/24, 09:10:57.043, 1122718061765, QTAgent32.exe, &lt;a class=success&gt;Playback - {10} [SUCCESS] SendKeys "^+{END}" - "[MSAA, VisibleOnly]ControlType='Edit'"
\0&lt;/a&gt;
E, 3240, 26, 2013/05/24, 09:10:57.043, 1122718063815, QTAgent32.exe, Msaa.GetFocusedElement: could not find accessible object of foreground window
W, 3240, 26, 2013/05/24, 09:10:57.056, 1122718248532, QTAgent32.exe, &lt;a class=success&gt;Playback - {11} [SUCCESS] SendKeys "{DELETE}" - "[MSAA, VisibleOnly]ControlType='Edit'"
\0&lt;/a&gt;
W, 3240, 26, 2013/05/24, 09:10:57.146, 1122719538806, QTAgent32.exe, &lt;a class=success&gt;Playback - {12} [SUCCESS] SetValueAsEditBox "2013" - "[MSAA, VisibleOnly]ControlType='Edit'"  &lt; Set via SendKeys &gt;
\0&lt;/a&gt;
W, 3240, 26, 2013/05/24, 09:10:57.364, 1122722650319, QTAgent32.exe, &lt;a class=success&gt;Playback - {13} [SUCCESS] MouseButtonClick - "[MSAA, VisibleOnly]ControlType='Button' &amp;&amp; Name='OK'"
\0&lt;/a&gt;
W, 3240, 26, 2013/05/24, 09:10:58.463, 1122738387074, QTAgent32.exe, Playback - [WARNING] Internal warning: Window Not Found: [VisibleOnly]ControlType='Window' &amp;&amp; Name='Warning' &amp;&amp; ClassName='#32770'
\0
E, 3240, 26, 2013/05/24, 09:10:58.463, 1122738389265, QTAgent32.exe, &lt;a class=failure&gt;Playback - {14} [FAILED] Function ElementFetcher::FindScreenElement failed to locate UI element (Searching: ;[VisibleOnly]ControlType='Window' &amp;&amp; Name='Warning' &amp;&amp; ClassName='#32770') (The object specified was not found.)
\0&lt;/a&gt;
E, 3240, 26, 2013/05/24, 09:10:58.511, 1122739087345, QTAgent32.exe, Playback - [IMAGE] C:\Users\testuser\AppData\Local\Temp\UITestLogs\LastRun\RPF7E2D.png
\0
W, 3240, 26, 2013/05/24, 09:10:58.512, 1122739089555, QTAgent32.exe, Playback - [WARNING] Internal warning: Couldn't find descendants that match QueryId
\0
W, 3240, 26, 2013/05/24, 09:10:58.512, 1122739092021, QTAgent32.exe, PERF WARNING: FindTopLevelWindowHelper::FindAllDescendents: took 1015 ms. Expected it to take maximum 500 ms.
W, 3240, 26, 2013/05/24, 09:11:16.561, 1122997523552, QTAgent32.exe, Playback - [WARNING] Internal warning: Window Not Found: [VisibleOnly]ControlType='Window' &amp;&amp; Name='Warning' &amp;&amp; ClassName='#32770'
\0
E, 3240, 26, 2013/05/24, 09:11:16.561, 1122997525707, QTAgent32.exe, &lt;a class=failure&gt;Playback - {15} [FAILED] Function ElementFetcher::FindScreenElement failed to locate UI element (Searching: ;[VisibleOnly]ControlType='Window' &amp;&amp; Name='Warning' &amp;&amp; ClassName='#32770') (The object specified was not found.)
\0&lt;/a&gt;
E, 3240, 26, 2013/05/24, 09:11:16.603, 1122998128835, QTAgent32.exe, Playback - [IMAGE] C:\Users\testuser\AppData\Local\Temp\UITestLogs\LastRun\RPFC4DF.png
\0
W, 3240, 26, 2013/05/24, 09:11:16.604, 1122998130535, QTAgent32.exe, Playback - [WARNING] Internal warning: Couldn't find descendants that match QueryId
\0
W, 3240, 26, 2013/05/24, 09:11:16.604, 1122998132927, QTAgent32.exe, PERF WARNING: FindTopLevelWindowHelper::FindAllDescendents: took 18091 ms. Expected it to take maximum 500 ms.
W, 3240, 26, 2013/05/24, 09:11:17.033, 1123004281303, QTAgent32.exe, Playback - [WARNING] Internal warning: Smart Match failed
\0
W, 3240, 26, 2013/05/24, 09:11:17.169, 1123006227700, QTAgent32.exe, Playback - [WARNING] Internal warning: Smart Match failed
\0
W, 3240, 26, 2013/05/24, 09:11:17.305, 1123008182162, QTAgent32.exe, Playback - [WARNING] Internal warning: Smart Match failed
\0
W, 3240, 26, 2013/05/24, 09:11:17.441, 1123010127452, QTAgent32.exe, Playback - [WARNING] Internal warning: Smart Match failed
\0
W, 3240, 26, 2013/05/24, 09:11:17.576, 1123012062997, QTAgent32.exe, Playback - [WARNING] Internal warning: Smart Match failed
\0
W, 3240, 26, 2013/05/24, 09:11:17.711, 1123013985162, QTAgent32.exe, Playback - [WARNING] Internal warning: Smart Match failed
\0
W, 3240, 26, 2013/05/24, 09:11:17.847, 1123015943267, QTAgent32.exe, Playback - [WARNING] Internal warning: Smart Match failed
\0
W, 3240, 26, 2013/05/24, 09:11:17.984, 1123017895203, QTAgent32.exe, Playback - [WARNING] Internal warning: Smart Match failed
\0
W, 3240, 26, 2013/05/24, 09:11:18.119, 1123019826853, QTAgent32.exe, Playback - [WARNING] Internal warning: Smart Match failed
\0
W, 3240, 26, 2013/05/24, 09:11:18.255, 1123021782065, QTAgent32.exe, Playback - [WARNING] Internal warning: Smart Match failed
\0
W, 3240, 26, 2013/05/24, 09:11:18.434, 1123024342054, QTAgent32.exe, Playback - [WARNING] Internal warning: Smart Match failed
\0
W, 3240, 26, 2013/05/24, 09:11:18.569, 1123026271444, QTAgent32.exe, Playback - [WARNING] Internal warning: Smart Match failed
\0
W, 3240, 26, 2013/05/24, 09:11:18.707, 1123028247345, QTAgent32.exe, Playback - [WARNING] Internal warning: Smart Match failed
\0
W, 3240, 26, 2013/05/24, 09:11:18.843, 1123030197529, QTAgent32.exe, Playback - [WARNING] Internal warning: Smart Match failed
\0
W, 3240, 26, 2013/05/24, 09:11:18.982, 1123032189064, QTAgent32.exe, Playback - [WARNING] Internal warning: Smart Match failed
\0
W, 3240, 26, 2013/05/24, 09:11:19.120, 1123034170737, QTAgent32.exe, Playback - [WARNING] Internal warning: Smart Match failed
\0
W, 3240, 26, 2013/05/24, 09:11:19.256, 1123036116526, QTAgent32.exe, Playback - [WARNING] Internal warning: Smart Match failed
\0
W, 3240, 26, 2013/05/24, 09:11:19.394, 1123038093865, QTAgent32.exe, Playback - [WARNING] Internal warning: Smart Match failed
\0
W, 3240, 26, 2013/05/24, 09:11:19.531, 1123040053199, QTAgent32.exe, Playback - [WARNING] Internal warning: Smart Match failed
\0
W, 3240, 26, 2013/05/24, 09:11:19.671, 1123042049914, QTAgent32.exe, Playback - [WARNING] Internal warning: Smart Match failed
\0
W, 3240, 26, 2013/05/24, 09:11:19.701, 1123042486135, QTAgent32.exe, Playback - [WARNING] Internal warning: Window Not Found: [VisibleOnly]ControlType='Window' &amp;&amp; Name='Warning' &amp;&amp; ClassName='#32770'
\0
E, 3240, 26, 2013/05/24, 09:11:19.701, 1123042487820, QTAgent32.exe, &lt;a class=failure&gt;Playback - {16} [FAILED] Function ElementFetcher::FindScreenElement failed to locate UI element (Searching: ;[VisibleOnly]ControlType='Window' &amp;&amp; Name='Warning' &amp;&amp; ClassName='#32770') (The object specified was not found.)
\0&lt;/a&gt;
E, 3240, 26, 2013/05/24, 09:11:19.744, 1123043095592, QTAgent32.exe, Playback - [IMAGE] C:\Users\testuser\AppData\Local\Temp\UITestLogs\LastRun\RPFD12F.png
\0
W, 3240, 26, 2013/05/24, 09:11:19.744, 1123043097129, QTAgent32.exe, Playback - [WARNING] Internal warning: Couldn't find descendants that match QueryId
\0
W, 3240, 26, 2013/05/24, 09:11:19.744, 1123043099558, QTAgent32.exe, PERF WARNING: FindTopLevelWindowHelper::FindAllDescendents: took 3140 ms. Expected it to take maximum 500 ms.
E, 3240, 26, 2013/05/24, 09:11:19.744, 1123043101179, QTAgent32.exe, Exception: System.Runtime.InteropServices.COMException
	Message: Error HRESULT E_FAIL has been returned from a call to a COM component.
	Stack Trace:    at Microsoft.VisualStudio.TestTools.UITest.Playback.Engine.IRPFPlayback.FindAllScreenElements(IScreenElement pScreenElementStart, String bstrQueryId, Object&amp; pvarResKeys, Int32 cResKeys, Int32 nMaxDepth, Object[]&amp; foundDescendants)
   at Microsoft.VisualStudio.TestTools.UITest.Playback.ScreenElement.FindTopLevelWindowHelper(String queryId)
	BaseExceptionMessage: Error HRESULT E_FAIL has been returned from a call to a COM component.

E, 3240, 26, 2013/05/24, 09:11:19.860, 1123044761952, QTAgent32.exe, AL: Playback Error: Microsoft.VisualStudio.TestTools.UITest.Extension.UITestControlNotFoundException: The playback failed to find the control with the given search properties. Additional Details: 
TechnologyName:  'MSAA'
ControlType:  'Window'
Name:  'Warning'
ClassName:  '#32770'
 ---&gt; System.Runtime.InteropServices.COMException: Error HRESULT E_FAIL has been returned from a call to a COM component.
   at Microsoft.VisualStudio.TestTools.UITest.Playback.Engine.IRPFPlayback.FindAllScreenElements(IScreenElement pScreenElementStart, String bstrQueryId, Object&amp; pvarResKeys, Int32 cResKeys, Int32 nMaxDepth, Object[]&amp; foundDescendants)
   at Microsoft.VisualStudio.TestTools.UITest.Playback.ScreenElement.FindTopLevelWindowHelper(String queryId)
   at Microsoft.VisualStudio.TestTools.UITest.Playback.ScreenElement.FindFromPartialQueryId(String queryId)
   at Microsoft.VisualStudio.TestTools.UITesting.UITestControl..ctor(String queryId)
   --- End of inner exception stack trace ---
   at Microsoft.VisualStudio.TestTools.UITesting.Playback.MapControlNotFoundException(COMException ex, IPlaybackContext context)
   at Microsoft.VisualStudio.TestTools.UITesting.Playback.MapAndThrowComException(COMException innerException, IPlaybackContext context)
   at Microsoft.VisualStudio.TestTools.UITesting.Playback.MapAndThrowException(SystemException exception, IPlaybackContext context)
   at Microsoft.VisualStudio.TestTools.UITesting.Playback.MapAndThrowException(SystemException exception, String queryId)
   at Microsoft.VisualStudio.TestTools.UITesting.UITestControl..ctor(String queryId)
   at Microsoft.VisualStudio.TestTools.UITesting.SearchHelper.SearchTopLevelWindow(ISearchArgument topLevelSearchArg, String topLevelElementQueryId)
   at Microsoft.VisualStudio.TestTools.UITesting.SearchHelper.GetTitleUpdatedTopLevelWindow(ISearchArgument topLevelSearchArg, String queryId, IList`1 windowTitles)
   at Microsoft.VisualStudio.TestTools.UITesting.SearchHelper.GetTopLevelElement(Boolean useCache, Boolean useCacheOnly, ISearchArgument searchArg, IList`1 windowTitles, Int32&amp; timeLeft)
   at Microsoft.VisualStudio.TestTools.UITesting.SearchHelper.GetElement(Boolean useCache, ISearchArgument searchArg)
   at Microsoft.VisualStudio.TestTools.UITesting.SearchHelper.Search(ISearchArgument searchArg)
   at Microsoft.VisualStudio.TestTools.UITesting.UITestControl.FindInternal()
   at Microsoft.VisualStudio.TestTools.UITesting.UITestControl.FindControlIfNecessary()
   at Microsoft.VisualStudio.TestTools.UITesting.UITestControl.Click(MouseButtons button, ModifierKeys modifierKeys, Point relativeCoordinates)
   at Microsoft.VisualStudio.TestTools.UITesting.Mouse.ClickImplementation(UITestControl control, MouseButtons button, ModifierKeys modifierKeys, Point relativeCoordinate)
   at Microsoft.VisualStudio.TestTools.UITesting.Mouse.ClickImplementationWrapper(UITestControl control, MouseButtons button, ModifierKeys modifierKeys, Point relativeCoordinate)
W, 3240, 26, 2013/05/24, 09:11:19.860, 1123044763792, QTAgent32.exe, PlaybackErrorHandler: Ignoring exception as ContinueOnError is set.
W, 3240, 26, 2013/05/24, 09:11:19.906, 1123045416500, QTAgent32.exe, &lt;a class=success&gt;Playback - {17} [SUCCESS] TypeString "#(R)"
\0&lt;/a&gt;
E, 3240, 26, 2013/05/24, 09:11:20.456, 1123053289599, QTAgent32.exe, Exception: System.ArgumentException
	Message: Value does not fall within the expected range.
	Stack Trace:    at Accessibility.IAccessible.get_accRole(Object varChild)
   at Microsoft.VisualStudio.TestTools.UITest.Extension.Msaa.AccWrapper.get_RoleInt()
	BaseExceptionMessage: Value does not fall within the expected range.

E, 3240, 26, 2013/05/24, 09:11:20.458, 1123053317563, QTAgent32.exe, Exception: System.ArgumentException
	Message: Value does not fall within the expected range.
	Stack Trace:    at Accessibility.IAccessible.get_accRole(Object varChild)
   at Microsoft.VisualStudio.TestTools.UITest.Extension.Msaa.AccWrapper.get_RoleInt()
	BaseExceptionMessage: Value does not fall within the expected range.

W, 3240, 26, 2013/05/24, 09:11:20.685, 1123056567677, QTAgent32.exe, &lt;a class=success&gt;Playback - {18} [SUCCESS] LeftButtonClick  &lt; Mouse cursor location (87, 908) &gt;
\0&lt;/a&gt;
W, 3240, 26, 2013/05/24, 09:11:21.441, 1123067389290, QTAgent32.exe, &lt;a class=success&gt;Playback - {19} [SUCCESS] SetValueAsEditBox "c:\TestProject7\ourmma.reg"  &lt; Set via SendKeys &gt;
\0&lt;/a&gt;
W, 3240, 26, 2013/05/24, 09:11:21.441, 1123067390924, QTAgent32.exe, &lt;a class=success&gt;Playback - {20} [SUCCESS] SetValueAsComboBox "c:\TestProject7\ourmma.reg" - "[MSAA, VisibleOnly]ControlType='ComboBox' &amp;&amp; Name='Open:'"  &lt; Set via SetValueAsEditBox &gt;
\0&lt;/a&gt;
W, 3240, 26, 2013/05/24, 09:11:21.685, 1123070897346, QTAgent32.exe, &lt;a class=success&gt;Playback - {21} [SUCCESS] MouseButtonClick - "[MSAA, VisibleOnly]ControlType='Button' &amp;&amp; Name='OK'"
\0&lt;/a&gt;
W, 3240, 26, 2013/05/24, 09:11:22.354, 1123080475418, QTAgent32.exe, &lt;a class=success&gt;Playback - {22} [SUCCESS] MouseButtonClick - "[MSAA, VisibleOnly]ControlType='Button' &amp;&amp; Name='Yes'"
\0&lt;/a&gt;
W, 3240, 26, 2013/05/24, 09:11:22.664, 1123084904768, QTAgent32.exe, &lt;a class=success&gt;Playback - {23} [SUCCESS] MouseButtonClick - "[MSAA, VisibleOnly]ControlType='Button' &amp;&amp; Name='OK'"
\0&lt;/a&gt;
W, 3240, 26, 2013/05/24, 09:11:22.887, 1123088104829, QTAgent32.exe, &lt;a class=success&gt;Playback - {24} [SUCCESS] MouseButtonClick - "[MSAA, VisibleOnly]ControlType='Button' &amp;&amp; Name='Clients &amp; Files'"
\0&lt;/a&gt;
W, 3240, 26, 2013/05/24, 09:11:23.748, 1123100439164, QTAgent32.exe, PERF WARNING: FindTopLevelWindowHelper::FindAllDescendents: took 758 ms. Expected it to take maximum 500 ms.
W, 3240, 26, 2013/05/24, 09:11:24.021, 1123104346799, QTAgent32.exe, Playback - [WARNING] Internal warning: Incorrect flag set for InvokeProgrammaticAction\0
W, 3240, 26, 2013/05/24, 09:11:24.140, 1123106046345, QTAgent32.exe, &lt;a class=success&gt;Playback - {25} [SUCCESS] SetValueAsComboBox "Customers" - "[MSAA, VisibleOnly]ControlType='ComboBox'"  &lt; SetValueAsComboBox, set by clicking on the item in the list box &gt;
\0&lt;/a&gt;
W, 3240, 26, 2013/05/24, 09:11:24.809, 1123115620300, QTAgent32.exe, &lt;a class=success&gt;Playback - {26} [SUCCESS] MouseButtonClick - "[MSAA, VisibleOnly]ControlType='Button' &amp;&amp; Name='Add'"
\0&lt;/a&gt;
W, 3240, 26, 2013/05/24, 09:11:25.109, 1123119910365, QTAgent32.exe, &lt;a class=success&gt;Playback - {27} [SUCCESS] SendKeys "autotest" - "[MSAA, VisibleOnly]ControlType='RadioButton' &amp;&amp; Name='Personal Lines'"
\0&lt;/a&gt;
W, 3240, 26, 2013/05/24, 09:11:25.468, 1123125050230, QTAgent32.exe, &lt;a class=success&gt;Playback - {28} [SUCCESS] SetValueAsEditBox "autotest" - "[MSAA, VisibleOnly]ControlType='Edit'"  &lt; Set via SendKeys &gt;
\0&lt;/a&gt;
W, 3240, 26, 2013/05/24, 09:11:25.690, 1123128229098, QTAgent32.exe, &lt;a class=success&gt;Playback - {29} [SUCCESS] MouseButtonClick - "[MSAA, VisibleOnly]ControlType='Button' &amp;&amp; Name='OK'"
\0&lt;/a&gt;
W, 3240, 26, 2013/05/24, 09:11:25.975, 1123132317747, QTAgent32.exe, &lt;a class=success&gt;Playback - {30} [SUCCESS] MouseButtonClick - "[MSAA, VisibleOnly]ControlType='Button' &amp;&amp; Name='Yes'"
\0&lt;/a&gt;
W, 3240, 26, 2013/05/24, 09:11:26.225, 1123135897518, QTAgent32.exe, &lt;a class=success&gt;Playback - {31} [SUCCESS] SendKeys "^{HOME}" - "[MSAA, VisibleOnly]ControlType='Edit'"
\0&lt;/a&gt;
E, 3240, 26, 2013/05/24, 09:11:26.225, 1123135899344, QTAgent32.exe, Msaa.GetFocusedElement: could not find accessible object of foreground window
W, 3240, 26, 2013/05/24, 09:11:26.280, 1123136677658, QTAgent32.exe, &lt;a class=success&gt;Playback - {32} [SUCCESS] SendKeys "^+{END}" - "[MSAA, VisibleOnly]ControlType='Edit'"
\0&lt;/a&gt;
E, 3240, 26, 2013/05/24, 09:11:26.281, 1123136697980, QTAgent32.exe, Msaa.GetFocusedElement: could not find accessible object of foreground window
W, 3240, 26, 2013/05/24, 09:11:26.309, 1123137093004, QTAgent32.exe, &lt;a class=success&gt;Playback - {33} [SUCCESS] SendKeys "{DELETE}" - "[MSAA, VisibleOnly]ControlType='Edit'"
\0&lt;/a&gt;
W, 3240, 26, 2013/05/24, 09:11:26.368, 1123137941705, QTAgent32.exe, &lt;a class=success&gt;Playback - {34} [SUCCESS] SetValueAsEditBox "1" - "[MSAA, VisibleOnly]ControlType='Edit'"  &lt; Set via SendKeys &gt;
\0&lt;/a&gt;
W, 3240, 26, 2013/05/24, 09:11:26.553, 1123140594865, QTAgent32.exe, &lt;a class=success&gt;Playback - {35} [SUCCESS] SendKeys "^{HOME}" - "[MSAA, VisibleOnly]ControlType='Edit'"
\0&lt;/a&gt;
E, 3240, 26, 2013/05/24, 09:11:26.553, 1123140596776, QTAgent32.exe, Msaa.GetFocusedElement: could not find accessible object of foreground window
W, 3240, 26, 2013/05/24, 09:11:26.618, 1123141518482, QTAgent32.exe, &lt;a class=success&gt;Playback - {36} [SUCCESS] SendKeys "^+{END}" - "[MSAA, VisibleOnly]ControlType='Edit'"
\0&lt;/a&gt;
E, 3240, 26, 2013/05/24, 09:11:26.618, 1123141520210, QTAgent32.exe, Msaa.GetFocusedElement: could not find accessible object of foreground window
W, 3240, 26, 2013/05/24, 09:11:26.631, 1123141704983, QTAgent32.exe, &lt;a class=success&gt;Playback - {37} [SUCCESS] SendKeys "{DELETE}" - "[MSAA, VisibleOnly]ControlType='Edit'"
\0&lt;/a&gt;
W, 3240, 26, 2013/05/24, 09:11:26.678, 1123142380738, QTAgent32.exe, &lt;a class=success&gt;Playback - {38} [SUCCESS] SetValueAsEditBox "1" - "[MSAA, VisibleOnly]ControlType='Edit'"  &lt; Set via SendKeys &gt;
\0&lt;/a&gt;
W, 3240, 26, 2013/05/24, 09:11:28.284, 1123165367342, QTAgent32.exe, Playback - [WARNING] Internal warning: Target element "[MSAA, VisibleOnly]ControlType='Button' &amp;&amp; Name='OK'" was not found, so all intermediate elements were ignored. An incorrect element that matches target element Id can be found as the result.  Verify that all intermediate elements in QueryId have valid and unique Ids
\0
W, 3240, 26, 2013/05/24, 09:11:28.812, 1123172928115, QTAgent32.exe, PERF WARNING: FindAllDescendents: took 2032 ms. Expected it to take maximum 500 ms.
W, 3240, 26, 2013/05/24, 09:11:29.110, 1123177203632, QTAgent32.exe, &lt;a class=success&gt;Playback - {39} [SUCCESS] MouseButtonClick - "[MSAA, VisibleOnly]ControlType='Button' &amp;&amp; Name='OK'"
\0&lt;/a&gt;
W, 3240, 26, 2013/05/24, 09:11:29.457, 1123182177664, QTAgent32.exe, &lt;a class=success&gt;Playback - {40} [SUCCESS] MouseButtonClick - "[MSAA, VisibleOnly]ControlType='Button'"
\0&lt;/a&gt;
W, 3240, 26, 2013/05/24, 09:11:29.770, 1123186653904, QTAgent32.exe, &lt;a class=success&gt;Playback - {41} [SUCCESS] MouseButtonClick - "[MSAA, VisibleOnly]ControlType='Button' &amp;&amp; Name='Add'"
\0&lt;/a&gt;
W, 3240, 26, 2013/05/24, 09:11:30.097, 1123191331231, QTAgent32.exe, &lt;a class=success&gt;Playback - {42} [SUCCESS] MouseButtonClick - "[MSAA, VisibleOnly]ControlType='Button' &amp;&amp; Name='OK'"
\0&lt;/a&gt;
W, 3240, 26, 2013/05/24, 09:11:32.330, 1123223307229, QTAgent32.exe, &lt;a class=success&gt;Playback - {43} [SUCCESS] MouseButtonClick - "[MSAA, VisibleOnly,Window]ControlType='Window' &amp;&amp; ClassName='ThunderRT6TextBox'"
\0&lt;/a&gt;
W, 3240, 26, 2013/05/24, 09:11:32.589, 1123227012563, QTAgent32.exe, &lt;a class=success&gt;Playback - {44} [SUCCESS] SetValueAsEditBox "HOME" - "[MSAA, VisibleOnly]ControlType='Edit'"  &lt; Set via SendKeys &gt;
\0&lt;/a&gt;
W, 3240, 26, 2013/05/24, 09:11:32.906, 1123231550841, QTAgent32.exe, &lt;a class=success&gt;Playback - {45} [SUCCESS] MouseButtonClick - "[MSAA, VisibleOnly]ControlType='Button' &amp;&amp; Name='OK'"
\0&lt;/a&gt;
W, 3240, 26, 2013/05/24, 09:11:33.139, 1123234895606, QTAgent32.exe, &lt;a class=success&gt;Playback - {46} [SUCCESS] MouseButtonClick - "[MSAA, VisibleOnly]ControlType='Button' &amp;&amp; Name='Options'"
\0&lt;/a&gt;
W, 3240, 26, 2013/05/24, 09:11:33.240, 1123236334630, QTAgent32.exe, FindScreenElementInSinglePass : Attempting to find control in one pass of search. Failures can occur.
W, 3240, 26, 2013/05/24, 09:11:33.384, 1123238394125, QTAgent32.exe, &lt;a class=success&gt;Playback - {47} [SUCCESS] MouseButtonClick - "[MSAA]ControlType='MenuItem' &amp;&amp; Name='Links'"
\0&lt;/a&gt;
W, 3240, 26, 2013/05/24, 09:11:33.485, 1123239851815, QTAgent32.exe, FindScreenElementInSinglePass : Attempting to find control in one pass of search. Failures can occur.
W, 3240, 26, 2013/05/24, 09:11:33.637, 1123242024342, QTAgent32.exe, &lt;a class=success&gt;Playback - {48} [SUCCESS] MouseButtonClick - "[MSAA]ControlType='MenuItem' &amp;&amp; Name='3rd Party Integration'"
\0&lt;/a&gt;
W, 3240, 26, 2013/05/24, 09:11:33.737, 1123243460020, QTAgent32.exe, FindScreenElementInSinglePass : Attempting to find control in one pass of search. Failures can occur.
W, 3240, 26, 2013/05/24, 09:11:33.893, 1123245681742, QTAgent32.exe, &lt;a class=success&gt;Playback - {49} [SUCCESS] MouseButtonClick - "[MSAA]ControlType='MenuItem' &amp;&amp; Name='Quote Select List'"
\0&lt;/a&gt;
W, 3240, 26, 2013/05/24, 09:11:35.067, 1123262499772, QTAgent32.exe, PERF WARNING: FindTopLevelWindowHelper::FindAllDescendents: took 1071 ms. Expected it to take maximum 500 ms.
W, 3240, 26, 2013/05/24, 09:11:35.197, 1123264362361, QTAgent32.exe, &lt;a class=success&gt;Playback - {50} [SUCCESS] MouseButtonClick - "[MSAA, VisibleOnly]ControlType='Button' &amp;&amp; Name='Ok'"
\0&lt;/a&gt;
W, 3240, 26, 2013/05/24, 09:11:37.740, 1123300766077, QTAgent32.exe, PERF WARNING: FindTopLevelWindowHelper::FindAllDescendents: took 2441 ms. Expected it to take maximum 500 ms.
W, 3240, 26, 2013/05/24, 09:11:37.841, 1123302217208, QTAgent32.exe, &lt;a class=success&gt;Playback - {51} [SUCCESS] SendKeys "^{HOME}" - "[MSAA, VisibleOnly]ControlType='Edit'"
\0&lt;/a&gt;
E, 3240, 26, 2013/05/24, 09:11:37.841, 1123302219126, QTAgent32.exe, Msaa.GetFocusedElement: could not find accessible object of foreground window
W, 3240, 26, 2013/05/24, 09:11:37.896, 1123303004883, QTAgent32.exe, &lt;a class=success&gt;Playback - {52} [SUCCESS] SendKeys "^+{END}" - "[MSAA, VisibleOnly]ControlType='Edit'"
\0&lt;/a&gt;
E, 3240, 26, 2013/05/24, 09:11:37.896, 1123303006356, QTAgent32.exe, Msaa.GetFocusedElement: could not find accessible object of foreground window
W, 3240, 26, 2013/05/24, 09:11:37.910, 1123303206183, QTAgent32.exe, &lt;a class=success&gt;Playback - {53} [SUCCESS] SendKeys "{DELETE}" - "[MSAA, VisibleOnly]ControlType='Edit'"
\0&lt;/a&gt;
W, 3240, 26, 2013/05/24, 09:11:38.112, 1123306102119, QTAgent32.exe, &lt;a class=success&gt;Playback - {54} [SUCCESS] SetValueAsEditBox "31/05/13" - "[MSAA, VisibleOnly]ControlType='Edit'"  &lt; Set via SendKeys &gt;
\0&lt;/a&gt;
W, 3240, 26, 2013/05/24, 09:11:38.412, 1123310397846, QTAgent32.exe, &lt;a class=success&gt;Playback - {55} [SUCCESS] SetValueAsEditBox "test1" - "[MSAA, VisibleOnly]ControlType='Edit'"  &lt; Set via SendKeys &gt;
\0&lt;/a&gt;
W, 3240, 26, 2013/05/24, 09:11:38.682, 1123314264548, QTAgent32.exe, &lt;a class=success&gt;Playback - {56} [SUCCESS] SetValueAsEditBox "test" - "[MSAA, VisibleOnly]ControlType='Edit'"  &lt; Set via SendKeys &gt;
\0&lt;/a&gt;
W, 3240, 26, 2013/05/24, 09:11:38.854, 1123316723398, QTAgent32.exe, &lt;a class=success&gt;Playback - {57} [SUCCESS] SendKeys "^{HOME}" - "[MSAA, VisibleOnly]ControlType='Edit'"
\0&lt;/a&gt;
E, 3240, 26, 2013/05/24, 09:11:38.854, 1123316725300, QTAgent32.exe, Msaa.GetFocusedElement: could not find accessible object of foreground window
W, 3240, 26, 2013/05/24, 09:11:38.907, 1123317475392, QTAgent32.exe, &lt;a class=success&gt;Playback - {58} [SUCCESS] SendKeys "^+{END}" - "[MSAA, VisibleOnly]ControlType='Edit'"
\0&lt;/a&gt;
E, 3240, 26, 2013/05/24, 09:11:38.907, 1123317476813, QTAgent32.exe, Msaa.GetFocusedElement: could not find accessible object of foreground window
W, 3240, 26, 2013/05/24, 09:11:38.919, 1123317655126, QTAgent32.exe, &lt;a class=success&gt;Playback - {59} [SUCCESS] SendKeys "{DELETE}" - "[MSAA, VisibleOnly]ControlType='Edit'"
\0&lt;/a&gt;
W, 3240, 26, 2013/05/24, 09:11:39.037, 1123319340124, QTAgent32.exe, &lt;a class=success&gt;Playback - {60} [SUCCESS] SetValueAsEditBox "test" - "[MSAA, VisibleOnly]ControlType='Edit'"  &lt; Set via SendKeys &gt;
\0&lt;/a&gt;
W, 3240, 26, 2013/05/24, 09:11:39.348, 1123323795716, QTAgent32.exe, Playback - [WARNING] Internal warning: Incorrect flag set for InvokeProgrammaticAction\0
W, 3240, 26, 2013/05/24, 09:11:39.466, 1123325486335, QTAgent32.exe, &lt;a class=success&gt;Playback - {61} [SUCCESS] SetValueAsComboBox "Account Director" - "[MSAA, VisibleOnly]ControlType='ComboBox'"  &lt; SetValueAsComboBox, set by clicking on the item in the list box &gt;
\0&lt;/a&gt;
W, 3240, 26, 2013/05/24, 09:11:39.797, 1123330228515, QTAgent32.exe, Playback - [WARNING] Internal warning: Incorrect flag set for InvokeProgrammaticAction\0
W, 3240, 26, 2013/05/24, 09:11:39.916, 1123331922448, QTAgent32.exe, &lt;a class=success&gt;Playback - {62} [SUCCESS] SetValueAsComboBox "Advertising" - "[MSAA, VisibleOnly]ControlType='ComboBox'"  &lt; SetValueAsComboBox, set by clicking on the item in the list box &gt;
\0&lt;/a&gt;
W, 3240, 26, 2013/05/24, 09:11:40.235, 1123336488780, QTAgent32.exe, &lt;a class=success&gt;Playback - {63} [SUCCESS] SetValueAsEditBox "160589" - "[MSAA, VisibleOnly]ControlType='Edit'"  &lt; Set via SendKeys &gt;
\0&lt;/a&gt;
W, 3240, 26, 2013/05/24, 09:11:40.465, 1123339788461, QTAgent32.exe, &lt;a class=success&gt;Playback - {64} [SUCCESS] MouseButtonClick - "[MSAA, VisibleOnly]ControlType='Edit'"
\0&lt;/a&gt;
W, 3240, 26, 2013/05/24, 09:11:40.766, 1123344093373, QTAgent32.exe, &lt;a class=success&gt;Playback - {65} [SUCCESS] SetValueAsEditBox "BN16BN" - "[MSAA, VisibleOnly]ControlType='Edit'"  &lt; Set via SendKeys &gt;
\0&lt;/a&gt;
W, 3240, 26, 2013/05/24, 09:11:42.988, 1123375908543, QTAgent32.exe, &lt;a class=success&gt;Playback - {66} [SUCCESS] MouseButtonClick - "[MSAA, VisibleOnly]ControlType='Button' &amp;&amp; Name='Lookup...'"
\0&lt;/a&gt;
W, 3240, 26, 2013/05/24, 09:11:43.247, 1123379620584, QTAgent32.exe, &lt;a class=success&gt;Playback - {67} [SUCCESS] MouseButtonClick - "[MSAA, VisibleOnly]ControlType='Button' &amp;&amp; Name='Ok'"
\0&lt;/a&gt;
W, 3240, 26, 2013/05/24, 09:11:43.538, 1123383785502, QTAgent32.exe, &lt;a class=success&gt;Playback - {68} [SUCCESS] MouseButtonClick - "[MSAA, VisibleOnly]ControlType='Button' &amp;&amp; Name='Next &gt;'"
\0&lt;/a&gt;
W, 3240, 26, 2013/05/24, 09:11:43.861, 1123388413249, QTAgent32.exe, &lt;a class=success&gt;Playback - {69} [SUCCESS] SetValueAsEditBox "1989" - "[MSAA, VisibleOnly]ControlType='Edit'"  &lt; Set via SendKeys &gt;
\0&lt;/a&gt;
W, 3240, 26, 2013/05/24, 09:11:44.089, 1123391673001, QTAgent32.exe, &lt;a class=success&gt;Playback - {70} [SUCCESS] MouseButtonClick - "[MSAA, VisibleOnly]ControlType='Button' &amp;&amp; Name='Next &gt;'"
\0&lt;/a&gt;
W, 3240, 26, 2013/05/24, 09:11:44.310, 1123394839986, QTAgent32.exe, &lt;a class=success&gt;Playback - {71} [SUCCESS] MouseButtonClick - "[MSAA, VisibleOnly]ControlType='Button' &amp;&amp; Name='Next &gt;'"
\0&lt;/a&gt;
W, 3240, 26, 2013/05/24, 09:11:44.529, 1123397970180, QTAgent32.exe, &lt;a class=success&gt;Playback - {72} [SUCCESS] MouseButtonClick - "[MSAA, VisibleOnly]ControlType='Button' &amp;&amp; Name='Next &gt;'"
\0&lt;/a&gt;
W, 3240, 26, 2013/05/24, 09:11:44.839, 1123402410703, QTAgent32.exe, &lt;a class=success&gt;Playback - {73} [SUCCESS] SetValueAsEditBox "2345" - "[MSAA, VisibleOnly]ControlType='Edit'"  &lt; Set via SendKeys &gt;
\0&lt;/a&gt;
W, 3240, 26, 2013/05/24, 09:11:45.159, 1123406993451, QTAgent32.exe, &lt;a class=success&gt;Playback - {74} [SUCCESS] SetValueAsEditBox "2000" - "[MSAA, VisibleOnly]ControlType='Edit'"  &lt; Set via SendKeys &gt;
\0&lt;/a&gt;
W, 3240, 26, 2013/05/24, 09:11:45.483, 1123411634014, QTAgent32.exe, &lt;a class=success&gt;Playback - {75} [SUCCESS] SetValueAsEditBox "2000" - "[MSAA, VisibleOnly]ControlType='Edit'"  &lt; Set via SendKeys &gt;
\0&lt;/a&gt;
W, 3240, 26, 2013/05/24, 09:11:45.720, 1123415028502, QTAgent32.exe, &lt;a class=success&gt;Playback - {76} [SUCCESS] MouseButtonClick - "[MSAA, VisibleOnly]ControlType='Button' &amp;&amp; Name='Next &gt;'"
\0&lt;/a&gt;
W, 3240, 26, 2013/05/24, 09:11:46.046, 1123419702729, QTAgent32.exe, &lt;a class=success&gt;Playback - {77} [SUCCESS] SetValueAsEditBox "2345" - "[MSAA, VisibleOnly]ControlType='Edit'"  &lt; Set via SendKeys &gt;
\0&lt;/a&gt;
W, 3240, 26, 2013/05/24, 09:11:46.287, 1123423146819, QTAgent32.exe, &lt;a class=success&gt;Playback - {78} [SUCCESS] MouseButtonClick - "[MSAA, VisibleOnly]ControlType='Button' &amp;&amp; Name='Next &gt;'"
\0&lt;/a&gt;
W, 3240, 26, 2013/05/24, 09:11:46.526, 1123426572472, QTAgent32.exe, &lt;a class=success&gt;Playback - {79} [SUCCESS] MouseButtonClick - "[MSAA, VisibleOnly]ControlType='Button' &amp;&amp; Name='Next &gt;'"
\0&lt;/a&gt;
W, 3240, 26, 2013/05/24, 09:11:46.847, 1123431167076, QTAgent32.exe, &lt;a class=success&gt;Playback - {80} [SUCCESS] MouseButtonClick - "[MSAA, VisibleOnly]ControlType='Button' &amp;&amp; Name='Quote'"
\0&lt;/a&gt;
W, 3240, 26, 2013/05/24, 09:11:47.088, 1123434616004, QTAgent32.exe, &lt;a class=success&gt;Playback - {81} [SUCCESS] MouseButtonClick - "[MSAA, VisibleOnly]ControlType='Button' &amp;&amp; Name='No'"
\0&lt;/a&gt;
W, 3240, 26, 2013/05/24, 09:11:47.462, 1123439966855, QTAgent32.exe, &lt;a class=success&gt;Playback - {82} [SUCCESS] MouseButtonClick - "[MSAA, VisibleOnly]ControlType='Button' &amp;&amp; Name='Ok'"
\0&lt;/a&gt;
W, 3240, 26, 2013/05/24, 09:11:50.353, 1123481372266, QTAgent32.exe, PERF WARNING: FindTopLevelWindowHelper::FindAllDescendents: took 2791 ms. Expected it to take maximum 500 ms.
W, 3240, 26, 2013/05/24, 09:11:50.478, 1123483151088, QTAgent32.exe, &lt;a class=success&gt;Playback - {83} [SUCCESS] MouseButtonClick - "[MSAA, VisibleOnly]ControlType='Client'"
\0&lt;/a&gt;
W, 3240, 26, 2013/05/24, 09:11:51.960, 1123504368065, QTAgent32.exe, &lt;a class=success&gt;Playback - {84} [SUCCESS] SendKeys "{Home}" - "[MSAA, VisibleOnly]ControlType='Client'"
\0&lt;/a&gt;
W, 3240, 26, 2013/05/24, 09:11:52.421, 1123510968334, QTAgent32.exe, &lt;a class=success&gt;Playback - {85} [SUCCESS] MouseButtonClick - "[MSAA, VisibleOnly]ControlType='Button' &amp;&amp; Name='Accept'"
\0&lt;/a&gt;
W, 3240, 26, 2013/05/24, 09:11:52.696, 1123514910056, QTAgent32.exe, &lt;a class=success&gt;Playback - {86} [SUCCESS] MouseButtonClick - "[MSAA, VisibleOnly]ControlType='Button' &amp;&amp; Name='Yes'"
\0&lt;/a&gt;
W, 3240, 26, 2013/05/24, 09:11:54.933, 1123546938492, QTAgent32.exe, &lt;a class=success&gt;Playback - {87} [SUCCESS] MouseButtonClick - "[MSAA, VisibleOnly]ControlType='Button' &amp;&amp; Name='Ok'"
\0&lt;/a&gt;
W, 3240, 26, 2013/05/24, 09:12:04.747, 1123687458263, QTAgent32.exe, Playback - [WARNING] Internal warning: Window Not Found: [VisibleOnly]ControlType='Window' &amp;&amp; Name='Save the file as' &amp;&amp; ClassName='#32770'
\0
E, 3240, 26, 2013/05/24, 09:12:04.747, 1123687460705, QTAgent32.exe, &lt;a class=failure&gt;Playback - {88} [FAILED] Function ElementFetcher::FindScreenElement failed to locate UI element (Searching: ;[VisibleOnly]ControlType='Window' &amp;&amp; Name='Save the file as' &amp;&amp; ClassName='#32770') (The object specified was not found.)
\0&lt;/a&gt;
E, 3240, 26, 2013/05/24, 09:12:04.791, 1123688090141, QTAgent32.exe, Playback - [IMAGE] C:\Users\testuser\AppData\Local\Temp\UITestLogs\LastRun\RPF811D.png
\0
W, 3240, 26, 2013/05/24, 09:12:04.791, 1123688091608, QTAgent32.exe, Playback - [WARNING] Internal warning: Couldn't find descendants that match QueryId
\0
W, 3240, 26, 2013/05/24, 09:12:04.791, 1123688093912, QTAgent32.exe, PERF WARNING: FindTopLevelWindowHelper::FindAllDescendents: took 9757 ms. Expected it to take maximum 500 ms.
W, 3240, 26, 2013/05/24, 09:12:23.616, 1123957627166, QTAgent32.exe, Playback - [WARNING] Internal warning: Window Not Found: [VisibleOnly]ControlType='Window' &amp;&amp; Name='Save the file as' &amp;&amp; ClassName='#32770'
\0
E, 3240, 26, 2013/05/24, 09:12:23.617, 1123957643351, QTAgent32.exe, &lt;a class=failure&gt;Playback - {89} [FAILED] Function ElementFetcher::FindScreenElement failed to locate UI element (Searching: ;[VisibleOnly]ControlType='Window' &amp;&amp; Name='Save the file as' &amp;&amp; ClassName='#32770') (The object specified was not found.)
\0&lt;/a&gt;
E, 3240, 26, 2013/05/24, 09:12:23.663, 1123958304853, QTAgent32.exe, Playback - [IMAGE] C:\Users\testuser\AppData\Local\Temp\UITestLogs\LastRun\RPFCADA.png
\0
W, 3240, 26, 2013/05/24, 09:12:23.663, 1123958307389, QTAgent32.exe, Playback - [WARNING] Internal warning: Couldn't find descendants that match QueryId
\0
W, 3240, 26, 2013/05/24, 09:12:23.664, 1123958310049, QTAgent32.exe, PERF WARNING: FindTopLevelWindowHelper::FindAllDescendents: took 18871 ms. Expected it to take maximum 500 ms.
W, 3240, 26, 2013/05/24, 09:12:26.923, 1124004984750, QTAgent32.exe, Playback - [WARNING] Internal warning: Smart Match failed
\0
W, 3240, 26, 2013/05/24, 09:12:28.342, 1124025295938, QTAgent32.exe, Playback - [WARNING] Internal warning: Window Not Found: [VisibleOnly]ControlType='Window' &amp;&amp; Name='Save the file as' &amp;&amp; ClassName='#32770'
\0
E, 3240, 26, 2013/05/24, 09:12:28.342, 1124025298462, QTAgent32.exe, &lt;a class=failure&gt;Playback - {90} [FAILED] Function ElementFetcher::FindScreenElement failed to locate UI element (Searching: ;[VisibleOnly]ControlType='Window' &amp;&amp; Name='Save the file as' &amp;&amp; ClassName='#32770') (The object specified was not found.)
\0&lt;/a&gt;
E, 3240, 26, 2013/05/24, 09:12:28.387, 1124025947721, QTAgent32.exe, Playback - [IMAGE] C:\Users\testuser\AppData\Local\Temp\UITestLogs\LastRun\RPFDD52.png
\0
W, 3240, 26, 2013/05/24, 09:12:28.388, 1124025949417, QTAgent32.exe, Playback - [WARNING] Internal warning: Couldn't find descendants that match QueryId
\0
W, 3240, 26, 2013/05/24, 09:12:28.388, 1124025951780, QTAgent32.exe, PERF WARNING: FindTopLevelWindowHelper::FindAllDescendents: took 4724 ms. Expected it to take maximum 500 ms.
E, 3240, 26, 2013/05/24, 09:12:28.388, 1124025953385, QTAgent32.exe, Exception: System.Runtime.InteropServices.COMException
	Message: Error HRESULT E_FAIL has been returned from a call to a COM component.
	Stack Trace:    at Microsoft.VisualStudio.TestTools.UITest.Playback.Engine.IRPFPlayback.FindAllScreenElements(IScreenElement pScreenElementStart, String bstrQueryId, Object&amp; pvarResKeys, Int32 cResKeys, Int32 nMaxDepth, Object[]&amp; foundDescendants)
   at Microsoft.VisualStudio.TestTools.UITest.Playback.ScreenElement.FindTopLevelWindowHelper(String queryId)
	BaseExceptionMessage: Error HRESULT E_FAIL has been returned from a call to a COM component.

E, 3240, 26, 2013/05/24, 09:12:28.488, 1124027394080, QTAgent32.exe, AL: Playback Error: Microsoft.VisualStudio.TestTools.UITest.Extension.UITestControlNotFoundException: The playback failed to find the control with the given search properties. Additional Details: 
TechnologyName:  'MSAA'
ControlType:  'Window'
Name:  'Save the file as'
ClassName:  '#32770'
 ---&gt; System.Runtime.InteropServices.COMException: Error HRESULT E_FAIL has been returned from a call to a COM component.
   at Microsoft.VisualStudio.TestTools.UITest.Playback.Engine.IRPFPlayback.FindAllScreenElements(IScreenElement pScreenElementStart, String bstrQueryId, Object&amp; pvarResKeys, Int32 cResKeys, Int32 nMaxDepth, Object[]&amp; foundDescendants)
   at Microsoft.VisualStudio.TestTools.UITest.Playback.ScreenElement.FindTopLevelWindowHelper(String queryId)
   at Microsoft.VisualStudio.TestTools.UITest.Playback.ScreenElement.FindFromPartialQueryId(String queryId)
   at Microsoft.VisualStudio.TestTools.UITesting.UITestControl..ctor(String queryId)
   --- End of inner exception stack trace ---
   at Microsoft.VisualStudio.TestTools.UITesting.Playback.MapControlNotFoundException(COMException ex, IPlaybackContext context)
   at Microsoft.VisualStudio.TestTools.UITesting.Playback.MapAndThrowComException(COMException innerException, IPlaybackContext context)
   at Microsoft.VisualStudio.TestTools.UITesting.Playback.MapAndThrowException(SystemException exception, IPlaybackContext context)
   at Microsoft.VisualStudio.TestTools.UITesting.Playback.MapAndThrowException(SystemException exception, String queryId)
   at Microsoft.VisualStudio.TestTools.UITesting.UITestControl..ctor(String queryId)
   at Microsoft.VisualStudio.TestTools.UITesting.SearchHelper.SearchTopLevelWindow(ISearchArgument topLevelSearchArg, String topLevelElementQueryId)
   at Microsoft.VisualStudio.TestTools.UITesting.SearchHelper.GetTitleUpdatedTopLevelWindow(ISearchArgument topLevelSearchArg, String queryId, IList`1 windowTitles)
   at Microsoft.VisualStudio.TestTools.UITesting.SearchHelper.GetTopLevelElement(Boolean useCache, Boolean useCacheOnly, ISearchArgument searchArg, IList`1 windowTitles, Int32&amp; timeLeft)
   at Microsoft.VisualStudio.TestTools.UITesting.SearchHelper.GetElement(Boolean useCache, ISearchArgument searchArg)
   at Microsoft.VisualStudio.TestTools.UITesting.SearchHelper.Search(ISearchArgument searchArg)
   at Microsoft.VisualStudio.TestTools.UITesting.UITestControl.FindInternal()
   at Microsoft.VisualStudio.TestTools.UITesting.UITestControl.FindControlIfNecessary()
   at Microsoft.VisualStudio.TestTools.UITesting.UITestControl.Click(MouseButtons button, ModifierKeys modifierKeys, Point relativeCoordinates)
   at Microsoft.VisualStudio.TestTools.UITesting.Mouse.ClickImplementation(UITestControl control, MouseButtons button, ModifierKeys modifierKeys, Point relativeCoordinate)
   at Microsoft.VisualStudio.TestTools.UITesting.Mouse.ClickImplementationWrapper(UITestControl control, MouseButtons button, ModifierKeys modifierKeys, Point relativeCoordinate)
W, 3240, 26, 2013/05/24, 09:12:28.489, 1124027396428, QTAgent32.exe, PlaybackErrorHandler: Ignoring exception as ContinueOnError is set.
W, 3240, 26, 2013/05/24, 09:12:29.011, 1124034873844, QTAgent32.exe, &lt;a class=success&gt;Playback - {91} [SUCCESS] MouseButtonClick - "[MSAA, VisibleOnly]ControlType='Button' &amp;&amp; Name='OK'"
\0&lt;/a&gt;
W, 3240, 26, 2013/05/24, 09:12:29.239, 1124038135228, QTAgent32.exe, &lt;a class=success&gt;Playback - {92} [SUCCESS] MouseButtonClick - "[MSAA, VisibleOnly]ControlType='Button' &amp;&amp; Name='Ok'"
\0&lt;/a&gt;
W, 3240, 26, 2013/05/24, 09:12:29.484, 1124041646848, QTAgent32.exe, &lt;a class=success&gt;Playback - {93} [SUCCESS] MouseButtonClick - "[MSAA, VisibleOnly]ControlType='Button' &amp;&amp; Name='Ok'"
\0&lt;/a&gt;
W, 3240, 26, 2013/05/24, 09:12:29.856, 1124046982878, QTAgent32.exe, &lt;a class=success&gt;Playback - {94} [SUCCESS] SetValueAsEditBox "B338TH" - "[MSAA, VisibleOnly]ControlType='Edit'"  &lt; Set via SendKeys &gt;
\0&lt;/a&gt;
W, 3240, 26, 2013/05/24, 09:12:32.081, 1124078833872, QTAgent32.exe, &lt;a class=success&gt;Playback - {95} [SUCCESS] MouseButtonClick - "[MSAA, VisibleOnly]ControlType='Button' &amp;&amp; Name='Lookup...'"
\0&lt;/a&gt;
W, 3240, 26, 2013/05/24, 09:12:32.320, 1124082255444, QTAgent32.exe, &lt;a class=success&gt;Playback - {96} [SUCCESS] MouseButtonClick - "[MSAA, VisibleOnly]ControlType='Button' &amp;&amp; Name='Ok'"
\0&lt;/a&gt;
W, 3240, 26, 2013/05/24, 09:12:32.606, 1124086349349, QTAgent32.exe, &lt;a class=success&gt;Playback - {97} [SUCCESS] MouseButtonClick - "[MSAA, VisibleOnly]ControlType='Button' &amp;&amp; Name='Confirm'"
\0&lt;/a&gt;
W, 3240, 26, 2013/05/24, 09:12:57.399, 1124441341917, QTAgent32.exe, Playback - [WARNING] Internal warning: Window Not Found: [VisibleOnly]ControlType='Window' &amp;&amp; Name='Personal Lines' &amp;&amp; ClassName='#32770'
\0
E, 3240, 26, 2013/05/24, 09:12:57.399, 1124441344661, QTAgent32.exe, &lt;a class=failure&gt;Playback - {98} [FAILED] Function ElementFetcher::FindScreenElement failed to locate UI element (Searching: ;[VisibleOnly]ControlType='Window' &amp;&amp; Name='Personal Lines' &amp;&amp; ClassName='#32770') (The object specified was not found.)
\0&lt;/a&gt;
E, 3240, 26, 2013/05/24, 09:12:57.442, 1124441960133, QTAgent32.exe, Playback - [IMAGE] C:\Users\testuser\AppData\Local\Temp\UITestLogs\LastRun\RPF4ECB.png
\0
W, 3240, 26, 2013/05/24, 09:12:57.442, 1124441961803, QTAgent32.exe, Playback - [WARNING] Internal warning: Couldn't find descendants that match QueryId
\0
W, 3240, 26, 2013/05/24, 09:12:57.442, 1124441964315, QTAgent32.exe, PERF WARNING: FindTopLevelWindowHelper::FindAllDescendents: took 24736 ms. Expected it to take maximum 500 ms.
W, 3240, 26, 2013/05/24, 09:13:16.465, 1124714338087, QTAgent32.exe, Playback - [WARNING] Internal warning: Window Not Found: [VisibleOnly]ControlType='Window' &amp;&amp; Name='Personal Lines' &amp;&amp; ClassName='#32770'
\0
E, 3240, 26, 2013/05/24, 09:13:16.466, 1124714340650, QTAgent32.exe, &lt;a class=failure&gt;Playback - {99} [FAILED] Function ElementFetcher::FindScreenElement failed to locate UI element (Searching: ;[VisibleOnly]ControlType='Window' &amp;&amp; Name='Personal Lines' &amp;&amp; ClassName='#32770') (The object specified was not found.)
\0&lt;/a&gt;
E, 3240, 26, 2013/05/24, 09:13:16.510, 1124714975802, QTAgent32.exe, Playback - [IMAGE] C:\Users\testuser\AppData\Local\Temp\UITestLogs\LastRun\RPF9943.png
\0
W, 3240, 26, 2013/05/24, 09:13:16.510, 1124714977462, QTAgent32.exe, Playback - [WARNING] Internal warning: Couldn't find descendants that match QueryId
\0
W, 3240, 26, 2013/05/24, 09:13:16.510, 1124714979891, QTAgent32.exe, PERF WARNING: FindTopLevelWindowHelper::FindAllDescendents: took 19067 ms. Expected it to take maximum 500 ms.
W, 3240, 26, 2013/05/24, 09:13:19.788, 1124761910384, QTAgent32.exe, Playback - [WARNING] Internal warning: Smart Match failed
\0
W, 3240, 26, 2013/05/24, 09:13:21.208, 1124782244237, QTAgent32.exe, Playback - [WARNING] Internal warning: Window Not Found: [VisibleOnly]ControlType='Window' &amp;&amp; Name='Personal Lines' &amp;&amp; ClassName='#32770'
\0
E, 3240, 26, 2013/05/24, 09:13:21.208, 1124782246703, QTAgent32.exe, &lt;a class=failure&gt;Playback - {100} [FAILED] Function ElementFetcher::FindScreenElement failed to locate UI element (Searching: ;[VisibleOnly]ControlType='Window' &amp;&amp; Name='Personal Lines' &amp;&amp; ClassName='#32770') (The object specified was not found.)
\0&lt;/a&gt;
E, 3240, 26, 2013/05/24, 09:13:21.252, 1124782874530, QTAgent32.exe, Playback - [IMAGE] C:\Users\testuser\AppData\Local\Temp\UITestLogs\LastRun\RPFABCA.png
\0
W, 3240, 26, 2013/05/24, 09:13:21.252, 1124782876277, QTAgent32.exe, Playback - [WARNING] Internal warning: Couldn't find descendants that match QueryId
\0
W, 3240, 26, 2013/05/24, 09:13:21.252, 1124782878657, QTAgent32.exe, PERF WARNING: FindTopLevelWindowHelper::FindAllDescendents: took 4741 ms. Expected it to take maximum 500 ms.
E, 3240, 26, 2013/05/24, 09:13:21.252, 1124782880234, QTAgent32.exe, Exception: System.Runtime.InteropServices.COMException
	Message: Error HRESULT E_FAIL has been returned from a call to a COM component.
	Stack Trace:    at Microsoft.VisualStudio.TestTools.UITest.Playback.Engine.IRPFPlayback.FindAllScreenElements(IScreenElement pScreenElementStart, String bstrQueryId, Object&amp; pvarResKeys, Int32 cResKeys, Int32 nMaxDepth, Object[]&amp; foundDescendants)
   at Microsoft.VisualStudio.TestTools.UITest.Playback.ScreenElement.FindTopLevelWindowHelper(String queryId)
	BaseExceptionMessage: Error HRESULT E_FAIL has been returned from a call to a COM component.

E, 3240, 26, 2013/05/24, 09:13:21.253, 1124782883882, QTAgent32.exe, GetClassName for handle 1378034 failed
E, 3240, 26, 2013/05/24, 09:13:21.253, 1124782892390, QTAgent32.exe, Window 1378034 not responding. Last Win32 error 1400
E, 3240, 26, 2013/05/24, 09:13:21.253, 1124782893318, QTAgent32.exe, GetClassName for handle 1378034 failed
E, 3240, 26, 2013/05/24, 09:13:21.254, 1124782897027, QTAgent32.exe, Window 1180356 not responding. Last Win32 error 1400
E, 3240, 26, 2013/05/24, 09:13:21.254, 1124782897779, QTAgent32.exe, GetClassName for handle 1180356 failed
E, 3240, 26, 2013/05/24, 09:13:21.354, 1124784333694, QTAgent32.exe, AL: Playback Error: Microsoft.VisualStudio.TestTools.UITest.Extension.UITestControlNotAvailableException: The control is not available or not valid. Additional Details: 
TechnologyName:  'MSAA'
Name:  'OK'
ControlType:  'Button'
 ---&gt; Microsoft.VisualStudio.TestTools.UITest.Extension.UITestControlNotAvailableException: The control is not available or not valid. Additional Details: 
TechnologyName:  'MSAA'
ControlType:  'Window'
 ---&gt; System.Runtime.InteropServices.COMException: Error HRESULT E_FAIL has been returned from a call to a COM component.
   at Microsoft.VisualStudio.TestTools.UITest.Playback.Engine.IRPFPlayback.FindAllScreenElements(IScreenElement pScreenElementStart, String bstrQueryId, Object&amp; pvarResKeys, Int32 cResKeys, Int32 nMaxDepth, Object[]&amp; foundDescendants)
   at Microsoft.VisualStudio.TestTools.UITest.Playback.ScreenElement.FindTopLevelWindowHelper(String queryId)
   at Microsoft.VisualStudio.TestTools.UITest.Playback.ScreenElement.FindFromPartialQueryId(String queryId)
   at Microsoft.VisualStudio.TestTools.UITesting.UITestControl.EnsureValid(Boolean waitForReady, Boolean refetch)
   --- End of inner exception stack trace ---
   at Microsoft.VisualStudio.TestTools.UITesting.UITestControl.EnsureValid(Boolean waitForReady, Boolean refetch)
   at Microsoft.VisualStudio.TestTools.UITesting.UITestControl.FindFirstDescendant(String queryId, Int32 maxDepth, Int32&amp; timeLeft)
   at Microsoft.VisualStudio.TestTools.UITesting.UITestControl.FindFirstDescendant(String queryId)
   at Microsoft.VisualStudio.TestTools.UITesting.UITestControl.EnsureValid(Boolean waitForReady, Boolean refetch)
   --- End of inner exception stack trace ---
   at Microsoft.VisualStudio.TestTools.UITesting.UITestControl.EnsureValid(Boolean waitForReady, Boolean refetch)
   at Microsoft.VisualStudio.TestTools.UITesting.UITestControl.Click(MouseButtons button, ModifierKeys modifierKeys, Point relativeCoordinates)
   at Microsoft.VisualStudio.TestTools.UITesting.Mouse.ClickImplementation(UITestControl control, MouseButtons button, ModifierKeys modifierKeys, Point relativeCoordinate)
   at Microsoft.VisualStudio.TestTools.UITesting.Mouse.ClickImplementationWrapper(UITestControl control, MouseButtons button, ModifierKeys modifierKeys, Point relativeCoordinate)
W, 3240, 26, 2013/05/24, 09:13:21.354, 1124784335174, QTAgent32.exe, PlaybackErrorHandler: Ignoring exception as ContinueOnError is set.
W, 3240, 26, 2013/05/24, 09:13:21.481, 1124786152880, QTAgent32.exe, &lt;a class=success&gt;Playback - {101} [SUCCESS] Check - "[MSAA, VisibleOnly]ControlType='CheckBox' &amp;&amp; Name='Defer Printing?'"
\0&lt;/a&gt;
W, 3240, 26, 2013/05/24, 09:13:21.803, 1124790763638, QTAgent32.exe, &lt;a class=success&gt;Playback - {102} [SUCCESS] MouseButtonClick - "[MSAA, VisibleOnly]ControlType='Button' &amp;&amp; Name='Ok'"
\0&lt;/a&gt;
W, 3240, 26, 2013/05/24, 09:13:22.721, 1124803902136, QTAgent32.exe, PERF WARNING: FindTopLevelWindowHelper::FindAllDescendents: took 817 ms. Expected it to take maximum 500 ms.
W, 3240, 26, 2013/05/24, 09:13:22.855, 1124805816200, QTAgent32.exe, &lt;a class=success&gt;Playback - {103} [SUCCESS] Uncheck - "[MSAA, VisibleOnly]ControlType='CheckBox' &amp;&amp; Name='Add Activity'"
\0&lt;/a&gt;
W, 3240, 26, 2013/05/24, 09:13:23.189, 1124810611476, QTAgent32.exe, &lt;a class=success&gt;Playback - {104} [SUCCESS] MouseButtonClick - "[MSAA, VisibleOnly]ControlType='Button' &amp;&amp; Name='Ok'"
\0&lt;/a&gt;
W, 3240, 26, 2013/05/24, 09:13:23.422, 1124813943646, QTAgent32.exe, &lt;a class=success&gt;Playback - {105} [SUCCESS] MouseButtonClick - "[MSAA, VisibleOnly]ControlType='Button' &amp;&amp; Name='Ok'"
\0&lt;/a&gt;
W, 3240, 26, 2013/05/24, 09:13:27.182, 1124867784517, QTAgent32.exe, Playback - [WARNING] Internal warning: Window Not Found: [VisibleOnly]ControlType='Window' &amp;&amp; Name='Transaction to insert' &amp;&amp; ClassName='TfSelectItem'
\0
E, 3240, 26, 2013/05/24, 09:13:27.183, 1124867787131, QTAgent32.exe, &lt;a class=failure&gt;Playback - {106} [FAILED] Function ElementFetcher::FindScreenElement failed to locate UI element (Searching: ;[VisibleOnly]ControlType='Window' &amp;&amp; Name='Transaction to insert' &amp;&amp; ClassName='TfSelectItem') (The object specified was not found.)
\0&lt;/a&gt;
E, 3240, 26, 2013/05/24, 09:13:27.225, 1124868388133, QTAgent32.exe, Playback - [IMAGE] C:\Users\testuser\AppData\Local\Temp\UITestLogs\LastRun\RPFC322.png
\0
W, 3240, 26, 2013/05/24, 09:13:27.225, 1124868389607, QTAgent32.exe, Playback - [WARNING] Internal warning: Couldn't find descendants that match QueryId
\0
W, 3240, 26, 2013/05/24, 09:13:27.225, 1124868391998, QTAgent32.exe, PERF WARNING: FindTopLevelWindowHelper::FindAllDescendents: took 3695 ms. Expected it to take maximum 500 ms.
W, 3240, 26, 2013/05/24, 09:13:45.432, 1125129088555, QTAgent32.exe, Playback - [WARNING] Internal warning: Window Not Found: [VisibleOnly]ControlType='Window' &amp;&amp; Name='Transaction to insert' &amp;&amp; ClassName='TfSelectItem'
\0
E, 3240, 26, 2013/05/24, 09:13:45.432, 1125129091075, QTAgent32.exe, &lt;a class=failure&gt;Playback - {107} [FAILED] Function ElementFetcher::FindScreenElement failed to locate UI element (Searching: ;[VisibleOnly]ControlType='Window' &amp;&amp; Name='Transaction to insert' &amp;&amp; ClassName='TfSelectItem') (The object specified was not found.)
\0&lt;/a&gt;
E, 3240, 26, 2013/05/24, 09:13:45.475, 1125129708501, QTAgent32.exe, Playback - [IMAGE] C:\Users\testuser\AppData\Local\Temp\UITestLogs\LastRun\RPFA6F.png
\0
W, 3240, 26, 2013/05/24, 09:13:45.475, 1125129710033, QTAgent32.exe, Playback - [WARNING] Internal warning: Couldn't find descendants that match QueryId
\0
W, 3240, 26, 2013/05/24, 09:13:45.476, 1125129712686, QTAgent32.exe, PERF WARNING: FindTopLevelWindowHelper::FindAllDescendents: took 18250 ms. Expected it to take maximum 500 ms.
W, 3240, 26, 2013/05/24, 09:13:46.195, 1125140007727, QTAgent32.exe, Playback - [WARNING] Internal warning: Smart Match failed
\0
W, 3240, 26, 2013/05/24, 09:13:46.760, 1125148099456, QTAgent32.exe, Playback - [WARNING] Internal warning: Smart Match failed
\0
W, 3240, 26, 2013/05/24, 09:13:47.325, 1125156196634, QTAgent32.exe, Playback - [WARNING] Internal warning: Smart Match failed
\0
W, 3240, 26, 2013/05/24, 09:13:47.891, 1125164288798, QTAgent32.exe, Playback - [WARNING] Internal warning: Smart Match failed
\0
W, 3240, 26, 2013/05/24, 09:13:48.455, 1125172371656, QTAgent32.exe, Playback - [WARNING] Internal warning: Smart Match failed
\0
W, 3240, 26, 2013/05/24, 09:13:48.712, 1125176050455, QTAgent32.exe, Playback - [WARNING] Internal warning: Window Not Found: [VisibleOnly]ControlType='Window' &amp;&amp; Name='Transaction to insert' &amp;&amp; ClassName='TfSelectItem'
\0
E, 3240, 26, 2013/05/24, 09:13:48.712, 1125176052721, QTAgent32.exe, &lt;a class=failure&gt;Playback - {108} [FAILED] Function ElementFetcher::FindScreenElement failed to locate UI element (Searching: ;[VisibleOnly]ControlType='Window' &amp;&amp; Name='Transaction to insert' &amp;&amp; ClassName='TfSelectItem') (The object specified was not found.)
\0&lt;/a&gt;
E, 3240, 26, 2013/05/24, 09:13:48.755, 1125176671961, QTAgent32.exe, Playback - [IMAGE] C:\Users\testuser\AppData\Local\Temp\UITestLogs\LastRun\RPF173C.png
\0
W, 3240, 26, 2013/05/24, 09:13:48.755, 1125176673489, QTAgent32.exe, Playback - [WARNING] Internal warning: Couldn't find descendants that match QueryId
\0
W, 3240, 26, 2013/05/24, 09:13:48.756, 1125176676093, QTAgent32.exe, PERF WARNING: FindTopLevelWindowHelper::FindAllDescendents: took 3279 ms. Expected it to take maximum 500 ms.
E, 3240, 26, 2013/05/24, 09:13:48.756, 1125176677682, QTAgent32.exe, Exception: System.Runtime.InteropServices.COMException
	Message: Error HRESULT E_FAIL has been returned from a call to a COM component.
	Stack Trace:    at Microsoft.VisualStudio.TestTools.UITest.Playback.Engine.IRPFPlayback.FindAllScreenElements(IScreenElement pScreenElementStart, String bstrQueryId, Object&amp; pvarResKeys, Int32 cResKeys, Int32 nMaxDepth, Object[]&amp; foundDescendants)
   at Microsoft.VisualStudio.TestTools.UITest.Playback.ScreenElement.FindTopLevelWindowHelper(String queryId)
	BaseExceptionMessage: Error HRESULT E_FAIL has been returned from a call to a COM component.

E, 3240, 26, 2013/05/24, 09:13:48.756, 1125176679964, QTAgent32.exe, Window 2032658 not responding. Last Win32 error 0
E, 3240, 26, 2013/05/24, 09:13:48.756, 1125176680803, QTAgent32.exe, GetClassName for handle 2032658 failed
E, 3240, 26, 2013/05/24, 09:13:48.756, 1125176684652, QTAgent32.exe, Window 2229236 not responding. Last Win32 error 1400
E, 3240, 26, 2013/05/24, 09:13:48.756, 1125176685431, QTAgent32.exe, GetClassName for handle 2229236 failed
E, 3240, 26, 2013/05/24, 09:13:48.856, 1125178117635, QTAgent32.exe, AL: Playback Error: Microsoft.VisualStudio.TestTools.UITest.Extension.UITestControlNotAvailableException: The control is not available or not valid. Additional Details: 
TechnologyName:  'MSAA'
Name:  'Ok'
ControlType:  'Button'
 ---&gt; Microsoft.VisualStudio.TestTools.UITest.Extension.UITestControlNotAvailableException: The control is not available or not valid. Additional Details: 
TechnologyName:  'MSAA'
Name:  'Transaction to insert'
ClassName:  'TfSelectItem'
ControlType:  'Window'
 ---&gt; System.Runtime.InteropServices.COMException: Error HRESULT E_FAIL has been returned from a call to a COM component.
   at Microsoft.VisualStudio.TestTools.UITest.Playback.Engine.IRPFPlayback.FindAllScreenElements(IScreenElement pScreenElementStart, String bstrQueryId, Object&amp; pvarResKeys, Int32 cResKeys, Int32 nMaxDepth, Object[]&amp; foundDescendants)
   at Microsoft.VisualStudio.TestTools.UITest.Playback.ScreenElement.FindTopLevelWindowHelper(String queryId)
   at Microsoft.VisualStudio.TestTools.UITest.Playback.ScreenElement.FindFromPartialQueryId(String queryId)
   at Microsoft.VisualStudio.TestTools.UITesting.UITestControl.EnsureValid(Boolean waitForReady, Boolean refetch)
   --- End of inner exception stack trace ---
   at Microsoft.VisualStudio.TestTools.UITesting.UITestControl.EnsureValid(Boolean waitForReady, Boolean refetch)
   at Microsoft.VisualStudio.TestTools.UITesting.UITestControl.FindFirstDescendant(String queryId, Int32 maxDepth, Int32&amp; timeLeft)
   at Microsoft.VisualStudio.TestTools.UITesting.UITestControl.FindFirstDescendant(String queryId)
   at Microsoft.VisualStudio.TestTools.UITesting.UITestControl.EnsureValid(Boolean waitForReady, Boolean refetch)
   --- End of inner exception stack trace ---
   at Microsoft.VisualStudio.TestTools.UITesting.UITestControl.EnsureValid(Boolean waitForReady, Boolean refetch)
   at Microsoft.VisualStudio.TestTools.UITesting.UITestControl.Click(MouseButtons button, ModifierKeys modifierKeys, Point relativeCoordinates)
   at Microsoft.VisualStudio.TestTools.UITesting.Mouse.ClickImplementation(UITestControl control, MouseButtons button, ModifierKeys modifierKeys, Point relativeCoordinate)
   at Microsoft.VisualStudio.TestTools.UITesting.Mouse.ClickImplementationWrapper(UITestControl control, MouseButtons button, ModifierKeys modifierKeys, Point relativeCoordinate)
W, 3240, 26, 2013/05/24, 09:13:48.856, 1125178118827, QTAgent32.exe, PlaybackErrorHandler: Ignoring exception as ContinueOnError is set.
W, 3240, 26, 2013/05/24, 09:13:50.998, 1125208774782, QTAgent32.exe, &lt;a class=success&gt;Playback - {109} [SUCCESS] MouseButtonClick - "[MSAA, VisibleOnly]ControlType='Button' &amp;&amp; Name='OK'"
\0&lt;/a&gt;
W, 3240, 26, 2013/05/24, 09:13:51.246, 1125212332378, QTAgent32.exe, &lt;a class=success&gt;Playback - {110} [SUCCESS] MouseButtonClick - "[MSAA, VisibleOnly]ControlType='Button' &amp;&amp; Name='Cancel'"
\0&lt;/a&gt;
W, 3240, 26, 2013/05/24, 09:13:51.588, 1125217223407, QTAgent32.exe, &lt;a class=success&gt;Playback - {111} [SUCCESS] MouseButtonClick - "[MSAA, VisibleOnly]ControlType='Button'"
\0&lt;/a&gt;
W, 3240, 26, 2013/05/24, 09:13:51.956, 1125222494455, QTAgent32.exe, &lt;a class=success&gt;Playback - {112} [SUCCESS] MouseButtonClick - "[MSAA, VisibleOnly]ControlType='Button' &amp;&amp; Name='Detail'"
\0&lt;/a&gt;
W, 3240, 26, 2013/05/24, 09:13:52.185, 1125225771257, QTAgent32.exe, &lt;a class=success&gt;Playback - {113} [SUCCESS] MouseButtonClick - "[MSAA, VisibleOnly]ControlType='Edit'"
\0&lt;/a&gt;
E, 3240, 26, 2013/05/24, 09:13:52.475, 1125229929501, QTAgent32.exe, IEDOM : Could not get valid window handle of Internet Explorer_server
W, 3240, 26, 2013/05/24, 09:13:52.475, 1125229930530, QTAgent32.exe, IEDOM : Unable to get the document Window Handle
E, 3240, 26, 2013/05/24, 09:13:54.477, 1125258594645, QTAgent32.exe, IEDOM : Could not get valid window handle of Internet Explorer_server
W, 3240, 26, 2013/05/24, 09:13:54.477, 1125258595971, QTAgent32.exe, IEDOM : Unable to get the document Window Handle
W, 3240, 26, 2013/05/24, 09:13:55.323, 1125270700793, QTAgent32.exe, Playback - [WARNING] Internal warning: Window Not Found: [VisibleOnly]ControlType='Window' &amp;&amp; Name='Connect to www.insur-econnect.com'
\0
E, 3240, 26, 2013/05/24, 09:13:55.323, 1125270702606, QTAgent32.exe, &lt;a class=failure&gt;Playback - {114} [FAILED] Function ElementFetcher::FindScreenElement failed to locate UI element (Searching: ;[VisibleOnly]ControlType='Window' &amp;&amp; Name='Connect to www.insur-econnect.com') (The object specified was not found.)
\0&lt;/a&gt;
E, 3240, 26, 2013/05/24, 09:13:55.360, 1125271231674, QTAgent32.exe, Playback - [IMAGE] C:\Users\testuser\AppData\Local\Temp\UITestLogs\LastRun\RPF3114.png
\0
W, 3240, 26, 2013/05/24, 09:13:55.360, 1125271233252, QTAgent32.exe, Playback - [WARNING] Internal warning: Couldn't find descendants that match QueryId
\0
W, 3240, 26, 2013/05/24, 09:13:55.360, 1125271235646, QTAgent32.exe, PERF WARNING: FindTopLevelWindowHelper::FindAllDescendents: took 880 ms. Expected it to take maximum 500 ms.
W, 3240, 26, 2013/05/24, 09:14:13.459, 1125530391913, QTAgent32.exe, Playback - [WARNING] Internal warning: Window Not Found: [VisibleOnly]ControlType='Window' &amp;&amp; Name='Connect to www.insur-econnect.com'
\0
E, 3240, 26, 2013/05/24, 09:14:13.460, 1125530394069, QTAgent32.exe, &lt;a class=failure&gt;Playback - {115} [FAILED] Function ElementFetcher::FindScreenElement failed to locate UI element (Searching: ;[VisibleOnly]ControlType='Window' &amp;&amp; Name='Connect to www.insur-econnect.com') (The object specified was not found.)
\0&lt;/a&gt;
E, 3240, 26, 2013/05/24, 09:14:13.498, 1125530934462, QTAgent32.exe, Playback - [IMAGE] C:\Users\testuser\AppData\Local\Temp\UITestLogs\LastRun\RPF77F4.png
\0
W, 3240, 26, 2013/05/24, 09:14:13.498, 1125530936073, QTAgent32.exe, Playback - [WARNING] Internal warning: Couldn't find descendants that match QueryId
\0
W, 3240, 26, 2013/05/24, 09:14:13.498, 1125530938753, QTAgent32.exe, PERF WARNING: FindTopLevelWindowHelper::FindAllDescendents: took 18137 ms. Expected it to take maximum 500 ms.
W, 3240, 26, 2013/05/24, 09:14:13.943, 1125537311102, QTAgent32.exe, Playback - [WARNING] Internal warning: Smart Match failed
\0
W, 3240, 26, 2013/05/24, 09:14:14.156, 1125540357998, QTAgent32.exe, Playback - [WARNING] Internal warning: Smart Match failed
\0
W, 3240, 26, 2013/05/24, 09:14:14.388, 1125543685121, QTAgent32.exe, Playback - [WARNING] Internal warning: Smart Match failed
\0
W, 3240, 26, 2013/05/24, 09:14:14.614, 1125546919943, QTAgent32.exe, Playback - [WARNING] Internal warning: Smart Match failed
\0
W, 3240, 26, 2013/05/24, 09:14:14.835, 1125550085009, QTAgent32.exe, Playback - [WARNING] Internal warning: Smart Match failed
\0
W, 3240, 26, 2013/05/24, 09:14:15.055, 1125553238289, QTAgent32.exe, Playback - [WARNING] Internal warning: Smart Match failed
\0
W, 3240, 26, 2013/05/24, 09:14:15.278, 1125556427885, QTAgent32.exe, Playback - [WARNING] Internal warning: Smart Match failed
\0
W, 3240, 26, 2013/05/24, 09:14:15.498, 1125559572068, QTAgent32.exe, Playback - [WARNING] Internal warning: Smart Match failed
\0
W, 3240, 26, 2013/05/24, 09:14:15.732, 1125562930010, QTAgent32.exe, Playback - [WARNING] Internal warning: Smart Match failed
\0
W, 3240, 26, 2013/05/24, 09:14:15.948, 1125566023104, QTAgent32.exe, Playback - [WARNING] Internal warning: Smart Match failed
\0
W, 3240, 26, 2013/05/24, 09:14:16.166, 1125569145801, QTAgent32.exe, Playback - [WARNING] Internal warning: Smart Match failed
\0
W, 3240, 26, 2013/05/24, 09:14:16.409, 1125572627952, QTAgent32.exe, Playback - [WARNING] Internal warning: Smart Match failed
\0
W, 3240, 26, 2013/05/24, 09:14:16.522, 1125574245916, QTAgent32.exe, Playback - [WARNING] Internal warning: Window Not Found: [VisibleOnly]ControlType='Window' &amp;&amp; Name='Connect to www.insur-econnect.com'
\0
E, 3240, 26, 2013/05/24, 09:14:16.522, 1125574247875, QTAgent32.exe, &lt;a class=failure&gt;Playback - {116} [FAILED] Function ElementFetcher::FindScreenElement failed to locate UI element (Searching: ;[VisibleOnly]ControlType='Window' &amp;&amp; Name='Connect to www.insur-econnect.com') (The object specified was not found.)
\0&lt;/a&gt;
E, 3240, 26, 2013/05/24, 09:14:16.561, 1125574794376, QTAgent32.exe, Playback - [IMAGE] C:\Users\testuser\AppData\Local\Temp\UITestLogs\LastRun\RPF83E6.png
\0
W, 3240, 26, 2013/05/24, 09:14:16.561, 1125574795873, QTAgent32.exe, Playback - [WARNING] Internal warning: Couldn't find descendants that match QueryId
\0
W, 3240, 26, 2013/05/24, 09:14:16.561, 1125574798275, QTAgent32.exe, PERF WARNING: FindTopLevelWindowHelper::FindAllDescendents: took 3063 ms. Expected it to take maximum 500 ms.
E, 3240, 26, 2013/05/24, 09:14:16.561, 1125574800278, QTAgent32.exe, Exception: System.Runtime.InteropServices.COMException
	Message: Error HRESULT E_FAIL has been returned from a call to a COM component.
	Stack Trace:    at Microsoft.VisualStudio.TestTools.UITest.Playback.Engine.IRPFPlayback.FindAllScreenElements(IScreenElement pScreenElementStart, String bstrQueryId, Object&amp; pvarResKeys, Int32 cResKeys, Int32 nMaxDepth, Object[]&amp; foundDescendants)
   at Microsoft.VisualStudio.TestTools.UITest.Playback.ScreenElement.FindTopLevelWindowHelper(String queryId)
	BaseExceptionMessage: Error HRESULT E_FAIL has been returned from a call to a COM component.

W, 3240, 26, 2013/05/24, 09:14:16.920, 1125579934564, QTAgent32.exe, &lt;a class=success&gt;Playback - {117} [SUCCESS] TypeString "Bus Sys{Tab}Tottenham1"
\0&lt;/a&gt;
W, 3240, 26, 2013/05/24, 09:14:17.219, 1125584223444, QTAgent32.exe, &lt;a class=success&gt;Playback - {118} [SUCCESS] MouseButtonClick - "[MSAA, VisibleOnly]ControlType='Button' &amp;&amp; Name='OK'"
\0&lt;/a&gt;
E, 3240, 26, 2013/05/24, 09:14:17.319, 1125585657529, QTAgent32.exe, IEDOM : Could not get valid window handle of Internet Explorer_server
W, 3240, 26, 2013/05/24, 09:14:17.319, 1125585658589, QTAgent32.exe, IEDOM : Unable to get the document Window Handle
W, 3240, 26, 2013/05/24, 09:14:20.331, 1125628773470, QTAgent32.exe, &lt;a class=success&gt;Playback - {119} [SUCCESS] MouseButtonClick - "[Web]ControlType='Hyperlink' &amp;&amp; TagName='A' &amp;&amp; Id='' &amp;&amp; Name='' &amp;&amp; Target='' &amp;&amp; InnerText='Renewals Maintenance' &amp;&amp; FilterCondition(AbsolutePath='/sysmaint/content/leftbar.asp', Title='', Href='https://www.insur-econnect.com/sysmaint/content/leftbar.asp#', Class='', ControlDefinition='style="COLOR: white" href="#"', TagInstance='39')"
\0&lt;/a&gt;
W, 3240, 26, 2013/05/24, 09:14:20.626, 1125633003852, QTAgent32.exe, &lt;a class=success&gt;Playback - {120} [SUCCESS] MouseButtonClick - "[Web]ControlType='Hyperlink' &amp;&amp; TagName='A' &amp;&amp; Id='' &amp;&amp; Name='' &amp;&amp; Target='content' &amp;&amp; InnerText='Create a Household Test Renewal Invitation' &amp;&amp; FilterCondition(AbsolutePath='/sysmaint/content/AddHouseholdTestRenewalNotice.asp', Title='', Href='https://www.insur-econnect.com/sysmaint/content/AddHouseholdTestRenewalNotice.asp', Class='itemlink', ControlDefinition='class=itemlink href="AddHouseholdTestRen', TagInstance='2')"
\0&lt;/a&gt;
E, 3240, 26, 2013/05/24, 09:14:22.024, 1125653017738, QTAgent32.exe, Exception: System.NotSupportedException
	Message: Internal Error: This method on IEWebControlElement should not get called.
	Stack Trace:    at Microsoft.VisualStudio.TestTools.UITest.Extension.IE.BrowserOptionElementNode.InvokeProgrammaticAction(ProgrammaticActionOption programmaticActionOption)
	BaseExceptionMessage: Internal Error: This method on IEWebControlElement should not get called.

W, 3240, 26, 2013/05/24, 09:14:22.197, 1125655488682, QTAgent32.exe, &lt;a class=success&gt;Playback - {121} [SUCCESS] SetValueAsComboBox "Covea Insurance plc (formerly MMA)" - "[Web]ControlType='ComboBox' &amp;&amp; TagName='SELECT' &amp;&amp; Id='InsurerID' &amp;&amp; Name='InsurerID' &amp;&amp; FilterCondition(Size='0', LabeledBy='', Title='', ItemCount='54', Class='', ControlDefinition='id=InsurerID onchange=selectInsurer() na', TagInstance='1')"  &lt; SetValueAsComboBox, set by clicking on the item in the list box &gt;
\0&lt;/a&gt;
W, 3240, 26, 2013/05/24, 09:14:22.866, 1125665078842, QTAgent32.exe, &lt;a class=success&gt;Playback - {122} [SUCCESS] SetValueAsEditBox "81588888001775" - "[Web]ControlType='Edit' &amp;&amp; TagName='INPUT' &amp;&amp; Id='' &amp;&amp; Name='txtPolicyNumber' &amp;&amp; LabeledBy='' &amp;&amp; Type='SINGLELINE' &amp;&amp; FilterCondition(Title='', Class='', ControlDefinition='onchange=enableButtons() name=txtPolicyN', TagInstance='1')"  &lt; Set via SendKeys &gt;
\0&lt;/a&gt;
W, 3240, 26, 2013/05/24, 09:14:23.069, 1125667974723, QTAgent32.exe, &lt;a class=success&gt;Playback - {123} [SUCCESS] SendKeys "^{HOME}" - "[Web]ControlType='Edit' &amp;&amp; TagName='INPUT' &amp;&amp; Id='' &amp;&amp; Name='txtRenewalDate' &amp;&amp; LabeledBy='' &amp;&amp; Type='SINGLELINE' &amp;&amp; FilterCondition(Title='', Class='', ControlDefinition='onchange=enableButtons() name=txtRenewal', TagInstance='2')"
\0&lt;/a&gt;
E, 3240, 26, 2013/05/24, 09:14:23.069, 1125667976587, QTAgent32.exe, Msaa.GetFocusedElement: could not find accessible object of foreground window
W, 3240, 26, 2013/05/24, 09:14:23.318, 1125671540116, QTAgent32.exe, &lt;a class=success&gt;Playback - {124} [SUCCESS] SendKeys "^+{END}" - "[Web]ControlType='Edit' &amp;&amp; TagName='INPUT' &amp;&amp; Id='' &amp;&amp; Name='txtRenewalDate' &amp;&amp; LabeledBy='' &amp;&amp; Type='SINGLELINE' &amp;&amp; FilterCondition(Title='', Class='', ControlDefinition='onchange=enableButtons() name=txtRenewal', TagInstance='2')"
\0&lt;/a&gt;
E, 3240, 26, 2013/05/24, 09:14:23.318, 1125671542355, QTAgent32.exe, Msaa.GetFocusedElement: could not find accessible object of foreground window
W, 3240, 26, 2013/05/24, 09:14:23.361, 1125672154948, QTAgent32.exe, &lt;a class=success&gt;Playback - {125} [SUCCESS] SendKeys "{DELETE}" - "[Web]ControlType='Edit' &amp;&amp; TagName='INPUT' &amp;&amp; Id='' &amp;&amp; Name='txtRenewalDate' &amp;&amp; LabeledBy='' &amp;&amp; Type='SINGLELINE' &amp;&amp; FilterCondition(Title='', Class='', ControlDefinition='onchange=enableButtons() name=txtRenewal', TagInstance='2')"
\0&lt;/a&gt;
W, 3240, 26, 2013/05/24, 09:14:23.635, 1125676086614, QTAgent32.exe, &lt;a class=success&gt;Playback - {126} [SUCCESS] SetValueAsEditBox "31/05/2013" - "[Web]ControlType='Edit' &amp;&amp; TagName='INPUT' &amp;&amp; Id='' &amp;&amp; Name='txtRenewalDate' &amp;&amp; LabeledBy='' &amp;&amp; Type='SINGLELINE' &amp;&amp; FilterCondition(Title='', Class='', ControlDefinition='onchange=enableButtons() name=txtRenewal', TagInstance='2')"  &lt; Set via SendKeys &gt;
\0&lt;/a&gt;
W, 3240, 26, 2013/05/24, 09:14:23.835, 1125678950581, QTAgent32.exe, &lt;a class=success&gt;Playback - {127} [SUCCESS] SendKeys "^{HOME}" - "[Web]ControlType='Edit' &amp;&amp; TagName='INPUT' &amp;&amp; Id='' &amp;&amp; Name='txtAutoLapseDate' &amp;&amp; LabeledBy='' &amp;&amp; Type='SINGLELINE' &amp;&amp; FilterCondition(Title='', Class='', ControlDefinition='onchange=enableButtons() name=txtAutoLap', TagInstance='4')"
\0&lt;/a&gt;
E, 3240, 26, 2013/05/24, 09:14:23.835, 1125678952490, QTAgent32.exe, Msaa.GetFocusedElement: could not find accessible object of foreground window
W, 3240, 26, 2013/05/24, 09:14:23.948, 1125680565164, QTAgent32.exe, &lt;a class=success&gt;Playback - {128} [SUCCESS] SendKeys "^+{END}" - "[Web]ControlType='Edit' &amp;&amp; TagName='INPUT' &amp;&amp; Id='' &amp;&amp; Name='txtAutoLapseDate' &amp;&amp; LabeledBy='' &amp;&amp; Type='SINGLELINE' &amp;&amp; FilterCondition(Title='', Class='', ControlDefinition='onchange=enableButtons() name=txtAutoLap', TagInstance='4')"
\0&lt;/a&gt;
E, 3240, 26, 2013/05/24, 09:14:23.948, 1125680567392, QTAgent32.exe, Msaa.GetFocusedElement: could not find accessible object of foreground window
W, 3240, 26, 2013/05/24, 09:14:24.034, 1125681801120, QTAgent32.exe, &lt;a class=success&gt;Playback - {129} [SUCCESS] SendKeys "{DELETE}" - "[Web]ControlType='Edit' &amp;&amp; TagName='INPUT' &amp;&amp; Id='' &amp;&amp; Name='txtAutoLapseDate' &amp;&amp; LabeledBy='' &amp;&amp; Type='SINGLELINE' &amp;&amp; FilterCondition(Title='', Class='', ControlDefinition='onchange=enableButtons() name=txtAutoLap', TagInstance='4')"
\0&lt;/a&gt;
W, 3240, 26, 2013/05/24, 09:14:24.298, 1125685573118, QTAgent32.exe, &lt;a class=success&gt;Playback - {130} [SUCCESS] SetValueAsEditBox "31/05/2013" - "[Web]ControlType='Edit' &amp;&amp; TagName='INPUT' &amp;&amp; Id='' &amp;&amp; Name='txtAutoLapseDate' &amp;&amp; LabeledBy='' &amp;&amp; Type='SINGLELINE' &amp;&amp; FilterCondition(Title='', Class='', ControlDefinition='onchange=enableButtons() name=txtAutoLap', TagInstance='4')"  &lt; Set via SendKeys &gt;
\0&lt;/a&gt;
W, 3240, 26, 2013/05/24, 09:14:24.549, 1125689179648, QTAgent32.exe, &lt;a class=success&gt;Playback - {131} [SUCCESS] MouseButtonClick - "[Web]ControlType='Edit' &amp;&amp; TagName='TEXTAREA' &amp;&amp; Id='' &amp;&amp; Name='txtClientXml' &amp;&amp; LabeledBy='' &amp;&amp; FilterCondition(Title='', Class='', ControlDefinition='onchange=enableButtons() wrap=off cols=5', TagInstance='1')"
\0&lt;/a&gt;
W, 3240, 26, 2013/05/24, 09:14:24.916, 1125694429466, QTAgent32.exe, &lt;a class=success&gt;Playback - {132} [SUCCESS] MouseButtonClick - "[Web]ControlType='Button' &amp;&amp; TagName='INPUT' &amp;&amp; Id='getXmlButton' &amp;&amp; Name='getXmlButton' &amp;&amp; FilterCondition(DisplayText='Get XML from Server', Type='button', Title='Click to get xml from server', Class='', ControlDefinition='id=getXmlButton title="Click to get xml ', TagInstance='5')"
\0&lt;/a&gt;
W, 3240, 26, 2013/05/24, 09:14:25.476, 1125702436161, QTAgent32.exe, &lt;a class=success&gt;Playback - {133} [SUCCESS] MouseButtonClick - "[Web]ControlType='Button' &amp;&amp; TagName='INPUT' &amp;&amp; Id='buttonCreate' &amp;&amp; Name='buttonCreate' &amp;&amp; FilterCondition(DisplayText='  Create Record  ', Type='button', Title='Click to create the new record', Class='', ControlDefinition='id=buttonCreate title="Click to create t', TagInstance='6')"
\0&lt;/a&gt;
W, 3240, 26, 2013/05/24, 09:14:25.722, 1125705962211, QTAgent32.exe, &lt;a class=success&gt;Playback - {134} [SUCCESS] MouseButtonClick - "[MSAA, VisibleOnly]ControlType='Button' &amp;&amp; Name='OK'"
\0&lt;/a&gt;
W, 3240, 26, 2013/05/24, 09:14:30.890, 1125779963341, QTAgent32.exe, &lt;a class=success&gt;Playback - {135} [SUCCESS] TypeString "%({F4})"
\0&lt;/a&gt;
W, 3240, 26, 2013/05/24, 09:14:31.472, 1125788290853, QTAgent32.exe, &lt;a class=success&gt;Playback - {136} [SUCCESS] SendKeys "^{HOME}" - "[MSAA, VisibleOnly]ControlType='Edit'"
\0&lt;/a&gt;
E, 3240, 26, 2013/05/24, 09:14:31.472, 1125788292998, QTAgent32.exe, Msaa.GetFocusedElement: could not find accessible object of foreground window
W, 3240, 26, 2013/05/24, 09:14:31.526, 1125789072088, QTAgent32.exe, &lt;a class=success&gt;Playback - {137} [SUCCESS] SendKeys "^+{END}" - "[MSAA, VisibleOnly]ControlType='Edit'"
\0&lt;/a&gt;
E, 3240, 26, 2013/05/24, 09:14:31.526, 1125789074485, QTAgent32.exe, Msaa.GetFocusedElement: could not find accessible object of foreground window
W, 3240, 26, 2013/05/24, 09:14:31.541, 1125789288502, QTAgent32.exe, &lt;a class=success&gt;Playback - {138} [SUCCESS] SendKeys "{DELETE}" - "[MSAA, VisibleOnly]ControlType='Edit'"
\0&lt;/a&gt;
W, 3240, 26, 2013/05/24, 09:14:31.775, 1125792633989, QTAgent32.exe, &lt;a class=success&gt;Playback - {139} [SUCCESS] SetValueAsEditBox "31/05/2012" - "[MSAA, VisibleOnly]ControlType='Edit'"  &lt; Set via SendKeys &gt;
\0&lt;/a&gt;
W, 3240, 26, 2013/05/24, 09:14:32.004, 1125795909683, QTAgent32.exe, &lt;a class=success&gt;Playback - {140} [SUCCESS] MouseButtonClick - "[MSAA, VisibleOnly]ControlType='Button' &amp;&amp; Name='OK'"
\0&lt;/a&gt;
W, 3240, 26, 2013/05/24, 09:14:32.809, 1125807436416, QTAgent32.exe, &lt;a class=success&gt;Playback - {141} [SUCCESS] MouseButtonClick - "[MSAA, VisibleOnly]ControlType='Client'"
\0&lt;/a&gt;
W, 3240, 26, 2013/05/24, 09:14:33.048, 1125810859417, QTAgent32.exe, &lt;a class=success&gt;Playback - {142} [SUCCESS] MouseButtonClick - "[MSAA, VisibleOnly]ControlType='Client'"
\0&lt;/a&gt;
W, 3240, 26, 2013/05/24, 09:14:33.850, 1125822340549, QTAgent32.exe, &lt;a class=success&gt;Playback - {143} [SUCCESS] SetValueAsEditBox "AUTO149" - "[MSAA, VisibleOnly]ControlType='Edit'"  &lt; Set via SendKeys &gt;
\0&lt;/a&gt;
W, 3240, 26, 2013/05/24, 09:14:34.078, 1125825605895, QTAgent32.exe, &lt;a class=success&gt;Playback - {144} [SUCCESS] SetValueAsEditBox "-1001" - "[MSAA, VisibleOnly]ControlType='Edit'"  &lt; Set via SendKeys &gt;
\0&lt;/a&gt;
W, 3240, 26, 2013/05/24, 09:14:34.335, 1125829286733, QTAgent32.exe, Playback - [WARNING] Internal warning: Incorrect flag set for InvokeProgrammaticAction\0
W, 3240, 26, 2013/05/24, 09:14:34.454, 1125830989410, QTAgent32.exe, &lt;a class=success&gt;Playback - {145} [SUCCESS] SetValueAsComboBox "Household" - "[MSAA, VisibleOnly]ControlType='ComboBox'"  &lt; SetValueAsComboBox, set by clicking on the item in the list box &gt;
\0&lt;/a&gt;
W, 3240, 26, 2013/05/24, 09:14:34.605, 1125833155992, QTAgent32.exe, &lt;a class=success&gt;Playback - {146} [SUCCESS] SendKeys "^{HOME}" - "[MSAA, VisibleOnly]ControlType='Edit'"
\0&lt;/a&gt;
E, 3240, 26, 2013/05/24, 09:14:34.605, 1125833158274, QTAgent32.exe, Msaa.GetFocusedElement: could not find accessible object of foreground window
W, 3240, 26, 2013/05/24, 09:14:34.658, 1125833914447, QTAgent32.exe, &lt;a class=success&gt;Playback - {147} [SUCCESS] SendKeys "^+{END}" - "[MSAA, VisibleOnly]ControlType='Edit'"
\0&lt;/a&gt;
E, 3240, 26, 2013/05/24, 09:14:34.658, 1125833916697, QTAgent32.exe, Msaa.GetFocusedElement: could not find accessible object of foreground window
W, 3240, 26, 2013/05/24, 09:14:34.671, 1125834102872, QTAgent32.exe, &lt;a class=success&gt;Playback - {148} [SUCCESS] SendKeys "{DELETE}" - "[MSAA, VisibleOnly]ControlType='Edit'"
\0&lt;/a&gt;
W, 3240, 26, 2013/05/24, 09:14:34.887, 1125837190721, QTAgent32.exe, &lt;a class=success&gt;Playback - {149} [SUCCESS] SetValueAsEditBox "31/05/2012" - "[MSAA, VisibleOnly]ControlType='Edit'"  &lt; Set via SendKeys &gt;
\0&lt;/a&gt;
W, 3240, 26, 2013/05/24, 09:14:35.112, 1125840417673, QTAgent32.exe, &lt;a class=success&gt;Playback - {150} [SUCCESS] MouseButtonClick - "[MSAA, VisibleOnly]ControlType='Button' &amp;&amp; Name='Regress'"
\0&lt;/a&gt;
W, 3240, 26, 2013/05/24, 09:14:35.439, 1125845091712, QTAgent32.exe, &lt;a class=success&gt;Playback - {151} [SUCCESS] MouseButtonClick - "[MSAA, VisibleOnly]ControlType='Button' &amp;&amp; Name='Exit'"
\0&lt;/a&gt;
W, 3240, 26, 2013/05/24, 09:14:35.671, 1125848420308, QTAgent32.exe, &lt;a class=success&gt;Playback - {152} [SUCCESS] MouseButtonClick - "[MSAA, VisibleOnly]ControlType='Button'"
\0&lt;/a&gt;
W, 3240, 26, 2013/05/24, 09:14:35.896, 1125851646565, QTAgent32.exe, &lt;a class=success&gt;Playback - {153} [SUCCESS] MouseButtonClick - "[MSAA, VisibleOnly]ControlType='Button' &amp;&amp; Name='Options'"
\0&lt;/a&gt;
W, 3240, 26, 2013/05/24, 09:14:35.997, 1125853085008, QTAgent32.exe, FindScreenElementInSinglePass : Attempting to find control in one pass of search. Failures can occur.
W, 3240, 26, 2013/05/24, 09:14:36.138, 1125855100719, QTAgent32.exe, &lt;a class=success&gt;Playback - {154} [SUCCESS] MouseButtonClick - "[MSAA]ControlType='MenuItem' &amp;&amp; Name='Links'"
\0&lt;/a&gt;
W, 3240, 26, 2013/05/24, 09:14:36.238, 1125856536961, QTAgent32.exe, FindScreenElementInSinglePass : Attempting to find control in one pass of search. Failures can occur.
W, 3240, 26, 2013/05/24, 09:14:36.374, 1125858480247, QTAgent32.exe, &lt;a class=success&gt;Playback - {155} [SUCCESS] MouseButtonClick - "[MSAA]ControlType='MenuItem' &amp;&amp; Name='3rd Party Integration'"
\0&lt;/a&gt;
W, 3240, 26, 2013/05/24, 09:14:36.474, 1125859917209, QTAgent32.exe, FindScreenElementInSinglePass : Attempting to find control in one pass of search. Failures can occur.
W, 3240, 26, 2013/05/24, 09:14:36.631, 1125862167770, QTAgent32.exe, &lt;a class=success&gt;Playback - {156} [SUCCESS] MouseButtonClick - "[MSAA]ControlType='MenuItem' &amp;&amp; Name='Renewals Loader'"
\0&lt;/a&gt;
W, 3240, 26, 2013/05/24, 09:14:36.856, 1125865393252, QTAgent32.exe, &lt;a class=success&gt;Playback - {157} [SUCCESS] MouseButtonClick - "[MSAA, VisibleOnly]ControlType='TitleBar'"
\0&lt;/a&gt;
W, 3240, 26, 2013/05/24, 09:14:37.017, 1125867689072, QTAgent32.exe, &lt;a class=success&gt;Playback - {158} [SUCCESS] SendKeys "^{HOME}" - "[MSAA, VisibleOnly]ControlType='Edit'"
\0&lt;/a&gt;
E, 3240, 26, 2013/05/24, 09:14:37.017, 1125867691366, QTAgent32.exe, Msaa.GetFocusedElement: could not find accessible object of foreground window
W, 3240, 26, 2013/05/24, 09:14:37.071, 1125868469056, QTAgent32.exe, &lt;a class=success&gt;Playback - {159} [SUCCESS] SendKeys "^+{END}" - "[MSAA, VisibleOnly]ControlType='Edit'"
\0&lt;/a&gt;
E, 3240, 26, 2013/05/24, 09:14:37.071, 1125868471580, QTAgent32.exe, Msaa.GetFocusedElement: could not find accessible object of foreground window
W, 3240, 26, 2013/05/24, 09:14:37.093, 1125868778801, QTAgent32.exe, &lt;a class=success&gt;Playback - {160} [SUCCESS] SendKeys "{DELETE}" - "[MSAA, VisibleOnly]ControlType='Edit'"
\0&lt;/a&gt;
W, 3240, 26, 2013/05/24, 09:14:37.313, 1125871920469, QTAgent32.exe, &lt;a class=success&gt;Playback - {161} [SUCCESS] SetValueAsEditBox "24/05/2013" - "[MSAA, VisibleOnly]ControlType='Edit'"  &lt; Set via SendKeys &gt;
\0&lt;/a&gt;
W, 3240, 26, 2013/05/24, 09:14:37.473, 1125874210941, QTAgent32.exe, &lt;a class=success&gt;Playback - {162} [SUCCESS] SendKeys "^{HOME}" - "[MSAA, VisibleOnly]ControlType='Edit'"
\0&lt;/a&gt;
E, 3240, 26, 2013/05/24, 09:14:37.473, 1125874212759, QTAgent32.exe, Msaa.GetFocusedElement: could not find accessible object of foreground window
W, 3240, 26, 2013/05/24, 09:14:37.526, 1125874977094, QTAgent32.exe, &lt;a class=success&gt;Playback - {163} [SUCCESS] SendKeys "^+{END}" - "[MSAA, VisibleOnly]ControlType='Edit'"
\0&lt;/a&gt;
E, 3240, 26, 2013/05/24, 09:14:37.526, 1125874978580, QTAgent32.exe, Msaa.GetFocusedElement: could not find accessible object of foreground window
W, 3240, 26, 2013/05/24, 09:14:37.540, 1125875172392, QTAgent32.exe, &lt;a class=success&gt;Playback - {164} [SUCCESS] SendKeys "{DELETE}" - "[MSAA, VisibleOnly]ControlType='Edit'"
\0&lt;/a&gt;
W, 3240, 26, 2013/05/24, 09:14:37.758, 1125878301100, QTAgent32.exe, &lt;a class=success&gt;Playback - {165} [SUCCESS] SetValueAsEditBox "07/06/2013" - "[MSAA, VisibleOnly]ControlType='Edit'"  &lt; Set via SendKeys &gt;
\0&lt;/a&gt;
W, 3240, 26, 2013/05/24, 09:14:38.102, 1125883220969, QTAgent32.exe, &lt;a class=success&gt;Playback - {166} [SUCCESS] MouseButtonClick - "[MSAA, VisibleOnly]ControlType='Button' &amp;&amp; Name='Run'"
\0&lt;/a&gt;
W, 3240, 26, 2013/05/24, 09:14:43.439, 1125959642322, QTAgent32.exe, Playback - [WARNING] Internal warning: Window Not Found: [VisibleOnly]Name='insurE-com System Maintenance' &amp;&amp; ClassName='IEFrame' &amp;&amp; ControlType='Window'
\0
E, 3240, 26, 2013/05/24, 09:14:43.439, 1125959644410, QTAgent32.exe, &lt;a class=failure&gt;Playback - {167} [FAILED] Function ElementFetcher::FindScreenElement failed to locate UI element (Searching: ;[VisibleOnly]Name='insurE-com System Maintenance' &amp;&amp; ClassName='IEFrame' &amp;&amp; ControlType='Window') (The object specified was not found.)
\0&lt;/a&gt;
E, 3240, 26, 2013/05/24, 09:14:43.476, 1125960172897, QTAgent32.exe, Playback - [IMAGE] C:\Users\testuser\AppData\Local\Temp\UITestLogs\LastRun\RPFED15.png
\0
W, 3240, 26, 2013/05/24, 09:14:43.476, 1125960174434, QTAgent32.exe, Playback - [WARNING] Internal warning: Couldn't find descendants that match QueryId
\0
W, 3240, 26, 2013/05/24, 09:15:01.524, 1126218589225, QTAgent32.exe, Playback - [WARNING] Internal warning: Window Not Found: [VisibleOnly]Name='insurE-com System Maintenance' &amp;&amp; ClassName='IEFrame' &amp;&amp; ControlType='Window'
\0
E, 3240, 26, 2013/05/24, 09:15:01.525, 1126218591613, QTAgent32.exe, &lt;a class=failure&gt;Playback - {168} [FAILED] Function ElementFetcher::FindScreenElement failed to locate UI element (Searching: ;[VisibleOnly]Name='insurE-com System Maintenance' &amp;&amp; ClassName='IEFrame' &amp;&amp; ControlType='Window') (The object specified was not found.)
\0&lt;/a&gt;
E, 3240, 26, 2013/05/24, 09:15:01.563, 1126219138115, QTAgent32.exe, Playback - [IMAGE] C:\Users\testuser\AppData\Local\Temp\UITestLogs\LastRun\RPF33B7.png
\0
W, 3240, 26, 2013/05/24, 09:15:01.563, 1126219140896, QTAgent32.exe, Playback - [WARNING] Internal warning: Couldn't find descendants that match QueryId
\0
W, 3240, 26, 2013/05/24, 09:15:01.563, 1126219143581, QTAgent32.exe, PERF WARNING: FindTopLevelWindowHelper::FindAllDescendents: took 18086 ms. Expected it to take maximum 500 ms.
W, 3240, 26, 2013/05/24, 09:15:02.009, 1126225531498, QTAgent32.exe, Playback - [WARNING] Internal warning: Smart Match failed
\0
W, 3240, 26, 2013/05/24, 09:15:02.214, 1126228465714, QTAgent32.exe, Playback - [WARNING] Internal warning: Smart Match failed
\0
W, 3240, 26, 2013/05/24, 09:15:02.431, 1126231571886, QTAgent32.exe, Playback - [WARNING] Internal warning: Smart Match failed
\0
W, 3240, 26, 2013/05/24, 09:15:02.611, 1126234154057, QTAgent32.exe, Playback - [WARNING] Internal warning: Smart Match failed
\0
W, 3240, 26, 2013/05/24, 09:15:02.793, 1126236760888, QTAgent32.exe, Playback - [WARNING] Internal warning: Smart Match failed
\0
W, 3240, 26, 2013/05/24, 09:15:02.976, 1126239376955, QTAgent32.exe, Playback - [WARNING] Internal warning: Smart Match failed
\0
W, 3240, 26, 2013/05/24, 09:15:03.162, 1126242036273, QTAgent32.exe, Playback - [WARNING] Internal warning: Smart Match failed
\0
W, 3240, 26, 2013/05/24, 09:15:03.345, 1126244654564, QTAgent32.exe, Playback - [WARNING] Internal warning: Smart Match failed
\0
W, 3240, 26, 2013/05/24, 09:15:03.529, 1126247298232, QTAgent32.exe, Playback - [WARNING] Internal warning: Smart Match failed
\0
W, 3240, 26, 2013/05/24, 09:15:03.717, 1126249989469, QTAgent32.exe, Playback - [WARNING] Internal warning: Smart Match failed
\0
W, 3240, 26, 2013/05/24, 09:15:03.904, 1126252667474, QTAgent32.exe, Playback - [WARNING] Internal warning: Smart Match failed
\0
W, 3240, 26, 2013/05/24, 09:15:04.092, 1126255352434, QTAgent32.exe, Playback - [WARNING] Internal warning: Smart Match failed
\0
W, 3240, 26, 2013/05/24, 09:15:04.278, 1126258026065, QTAgent32.exe, Playback - [WARNING] Internal warning: Smart Match failed
\0
W, 3240, 26, 2013/05/24, 09:15:04.461, 1126260647300, QTAgent32.exe, Playback - [WARNING] Internal warning: Smart Match failed
\0
W, 3240, 26, 2013/05/24, 09:15:04.641, 1126263214670, QTAgent32.exe, Playback - [WARNING] Internal warning: Smart Match failed
\0
W, 3240, 26, 2013/05/24, 09:15:04.715, 1126264268443, QTAgent32.exe, Playback - [WARNING] Internal warning: Window Not Found: [VisibleOnly]Name='insurE-com System Maintenance' &amp;&amp; ClassName='IEFrame' &amp;&amp; ControlType='Window'
\0
E, 3240, 26, 2013/05/24, 09:15:04.715, 1126264270216, QTAgent32.exe, &lt;a class=failure&gt;Playback - {169} [FAILED] Function ElementFetcher::FindScreenElement failed to locate UI element (Searching: ;[VisibleOnly]Name='insurE-com System Maintenance' &amp;&amp; ClassName='IEFrame' &amp;&amp; ControlType='Window') (The object specified was not found.)
\0&lt;/a&gt;
E, 3240, 26, 2013/05/24, 09:15:04.756, 1126264859396, QTAgent32.exe, Playback - [IMAGE] C:\Users\testuser\AppData\Local\Temp\UITestLogs\LastRun\RPF4026.png
\0
W, 3240, 26, 2013/05/24, 09:15:04.756, 1126264860947, QTAgent32.exe, Playback - [WARNING] Internal warning: Couldn't find descendants that match QueryId
\0
W, 3240, 26, 2013/05/24, 09:15:04.756, 1126264863328, QTAgent32.exe, PERF WARNING: FindTopLevelWindowHelper::FindAllDescendents: took 3192 ms. Expected it to take maximum 500 ms.
E, 3240, 26, 2013/05/24, 09:15:04.756, 1126264865178, QTAgent32.exe, Exception: System.Runtime.InteropServices.COMException
	Message: Error HRESULT E_FAIL has been returned from a call to a COM component.
	Stack Trace:    at Microsoft.VisualStudio.TestTools.UITest.Playback.Engine.IRPFPlayback.FindAllScreenElements(IScreenElement pScreenElementStart, String bstrQueryId, Object&amp; pvarResKeys, Int32 cResKeys, Int32 nMaxDepth, Object[]&amp; foundDescendants)
   at Microsoft.VisualStudio.TestTools.UITest.Playback.ScreenElement.FindTopLevelWindowHelper(String queryId)
	BaseExceptionMessage: Error HRESULT E_FAIL has been returned from a call to a COM component.

E, 3240, 26, 2013/05/24, 09:15:04.757, 1126264867976, QTAgent32.exe, Window 918228 not responding. Last Win32 error 0
E, 3240, 26, 2013/05/24, 09:15:04.757, 1126264868865, QTAgent32.exe, GetClassName for handle 918228 failed
E, 3240, 26, 2013/05/24, 09:15:04.757, 1126264870716, QTAgent32.exe, Window 918228 not responding. Last Win32 error 1400
E, 3240, 26, 2013/05/24, 09:15:04.757, 1126264872087, QTAgent32.exe, GetClassName for handle 918228 failed
E, 3240, 26, 2013/05/24, 09:15:04.857, 1126266309241, QTAgent32.exe, AL: Playback Error: Microsoft.VisualStudio.TestTools.UITest.Extension.UITestControlNotAvailableException: The control is not available or not valid. Additional Details: 
TechnologyName:  'MSAA'
Name:  'insurE-com System Maintenance'
ClassName:  'IEFrame'
ControlType:  'Window'
 ---&gt; System.Runtime.InteropServices.COMException: Error HRESULT E_FAIL has been returned from a call to a COM component.
   at Microsoft.VisualStudio.TestTools.UITest.Playback.Engine.IRPFPlayback.FindAllScreenElements(IScreenElement pScreenElementStart, String bstrQueryId, Object&amp; pvarResKeys, Int32 cResKeys, Int32 nMaxDepth, Object[]&amp; foundDescendants)
   at Microsoft.VisualStudio.TestTools.UITest.Playback.ScreenElement.FindTopLevelWindowHelper(String queryId)
   at Microsoft.VisualStudio.TestTools.UITest.Playback.ScreenElement.FindFromPartialQueryId(String queryId)
   at Microsoft.VisualStudio.TestTools.UITesting.UITestControl.EnsureValid(Boolean waitForReady, Boolean refetch)
   --- End of inner exception stack trace ---
   at Microsoft.VisualStudio.TestTools.UITesting.UITestControl.EnsureValid(Boolean waitForReady, Boolean refetch)
   at Microsoft.VisualStudio.TestTools.UITesting.UITestControl.SendKeys(String text, ModifierKeys modifierKeys, Boolean isEncoded, Boolean isUnicode)
   at Microsoft.VisualStudio.TestTools.UITesting.Keyboard.SendKeysImplementation(UITestControl control, String text, ModifierKeys modifierKeys, Boolean isEncoded, Boolean isUnicode)
   at Microsoft.VisualStudio.TestTools.UITesting.Keyboard.SendKeysImplementationWrapper(UITestControl control, String text, ModifierKeys modifierKeys, Boolean isEncoded, Boolean isUnicode)
W, 3240, 26, 2013/05/24, 09:15:04.857, 1126266310514, QTAgent32.exe, PlaybackErrorHandler: Ignoring exception as ContinueOnError is set.
W, 3240, 26, 2013/05/24, 09:15:05.562, 1126276399402, QTAgent32.exe, &lt;a class=success&gt;Playback - {170} [SUCCESS] MouseButtonClick - "[MSAA, VisibleOnly]ControlType='TitleBar'"
\0&lt;/a&gt;
W, 3240, 26, 2013/05/24, 09:15:05.793, 1126279711052, QTAgent32.exe, &lt;a class=success&gt;Playback - {171} [SUCCESS] MouseButtonClick - "[MSAA, VisibleOnly]ControlType='Button' &amp;&amp; Name='Close'"
\0&lt;/a&gt;
W, 3240, 26, 2013/05/24, 09:15:06.605, 1126291336962, QTAgent32.exe, &lt;a class=success&gt;Playback - {172} [SUCCESS] MouseButtonClick - "[MSAA, VisibleOnly]ControlType='Button' &amp;&amp; Name='Options'"
\0&lt;/a&gt;
W, 3240, 26, 2013/05/24, 09:15:06.707, 1126292790815, QTAgent32.exe, FindScreenElementInSinglePass : Attempting to find control in one pass of search. Failures can occur.
W, 3240, 26, 2013/05/24, 09:15:06.852, 1126294868666, QTAgent32.exe, &lt;a class=success&gt;Playback - {173} [SUCCESS] MouseButtonClick - "[MSAA]ControlType='MenuItem' &amp;&amp; Name='Links'"
\0&lt;/a&gt;
W, 3240, 26, 2013/05/24, 09:15:06.952, 1126296303825, QTAgent32.exe, FindScreenElementInSinglePass : Attempting to find control in one pass of search. Failures can occur.
W, 3240, 26, 2013/05/24, 09:15:07.103, 1126298470628, QTAgent32.exe, &lt;a class=success&gt;Playback - {174} [SUCCESS] MouseButtonClick - "[MSAA]ControlType='MenuItem' &amp;&amp; Name='3rd Party Integration'"
\0&lt;/a&gt;
W, 3240, 26, 2013/05/24, 09:15:07.203, 1126299906946, QTAgent32.exe, FindScreenElementInSinglePass : Attempting to find control in one pass of search. Failures can occur.
W, 3240, 26, 2013/05/24, 09:15:07.356, 1126302094007, QTAgent32.exe, &lt;a class=success&gt;Playback - {175} [SUCCESS] MouseButtonClick - "[MSAA]ControlType='MenuItem' &amp;&amp; Name='Renewals Module'"
\0&lt;/a&gt;
W, 3240, 26, 2013/05/24, 09:15:07.786, 1126308253292, QTAgent32.exe, &lt;a class=success&gt;Playback - {176} [SUCCESS] SetValueAsEditBox "1" - "[MSAA, VisibleOnly]ControlType='Edit'"  &lt; Set via SendKeys &gt;
\0&lt;/a&gt;
W, 3240, 26, 2013/05/24, 09:15:08.298, 1126315579520, QTAgent32.exe, &lt;a class=success&gt;Playback - {177} [SUCCESS] MouseButtonClick - "[MSAA, VisibleOnly]ControlType='Button' &amp;&amp; Name='Ok'"
\0&lt;/a&gt;
W, 3240, 26, 2013/05/24, 09:15:08.635, 1126320393223, QTAgent32.exe, Playback - [WARNING] Internal warning: Window Not Found: [VisibleOnly]ControlType='Window' &amp;&amp; Name='Confirm' &amp;&amp; ClassName='#32770'
\0
E, 3240, 26, 2013/05/24, 09:15:08.635, 1126320395447, QTAgent32.exe, &lt;a class=failure&gt;Playback - {178} [FAILED] Function ElementFetcher::FindScreenElement failed to locate UI element (Searching: ;[VisibleOnly]ControlType='Window' &amp;&amp; Name='Confirm' &amp;&amp; ClassName='#32770') (The object specified was not found.)
\0&lt;/a&gt;
E, 3240, 26, 2013/05/24, 09:15:08.679, 1126321027385, QTAgent32.exe, Playback - [IMAGE] C:\Users\testuser\AppData\Local\Temp\UITestLogs\LastRun\RPF4F82.png
\0
W, 3240, 26, 2013/05/24, 09:15:08.679, 1126321029115, QTAgent32.exe, Playback - [WARNING] Internal warning: Couldn't find descendants that match QueryId
\0
W, 3240, 26, 2013/05/24, 09:15:26.688, 1126578885613, QTAgent32.exe, Playback - [WARNING] Internal warning: Window Not Found: [VisibleOnly]ControlType='Window' &amp;&amp; Name='Confirm' &amp;&amp; ClassName='#32770'
\0
E, 3240, 26, 2013/05/24, 09:15:26.688, 1126578887905, QTAgent32.exe, &lt;a class=failure&gt;Playback - {179} [FAILED] Function ElementFetcher::FindScreenElement failed to locate UI element (Searching: ;[VisibleOnly]ControlType='Window' &amp;&amp; Name='Confirm' &amp;&amp; ClassName='#32770') (The object specified was not found.)
\0&lt;/a&gt;
E, 3240, 26, 2013/05/24, 09:15:26.732, 1126579525048, QTAgent32.exe, Playback - [IMAGE] C:\Users\testuser\AppData\Local\Temp\UITestLogs\LastRun\RPF9605.png
\0
W, 3240, 26, 2013/05/24, 09:15:26.733, 1126579526816, QTAgent32.exe, Playback - [WARNING] Internal warning: Couldn't find descendants that match QueryId
\0
W, 3240, 26, 2013/05/24, 09:15:26.733, 1126579529240, QTAgent32.exe, PERF WARNING: FindTopLevelWindowHelper::FindAllDescendents: took 18053 ms. Expected it to take maximum 500 ms.
W, 3240, 26, 2013/05/24, 09:15:27.182, 1126585960876, QTAgent32.exe, Playback - [WARNING] Internal warning: Smart Match failed
\0
W, 3240, 26, 2013/05/24, 09:15:27.373, 1126588696021, QTAgent32.exe, Playback - [WARNING] Internal warning: Smart Match failed
\0
W, 3240, 26, 2013/05/24, 09:15:27.559, 1126591366583, QTAgent32.exe, Playback - [WARNING] Internal warning: Smart Match failed
\0
W, 3240, 26, 2013/05/24, 09:15:27.747, 1126594050172, QTAgent32.exe, Playback - [WARNING] Internal warning: Smart Match failed
\0
W, 3240, 26, 2013/05/24, 09:15:27.930, 1126596679973, QTAgent32.exe, Playback - [WARNING] Internal warning: Smart Match failed
\0
W, 3240, 26, 2013/05/24, 09:15:28.115, 1126599329193, QTAgent32.exe, Playback - [WARNING] Internal warning: Smart Match failed
\0
W, 3240, 26, 2013/05/24, 09:15:28.299, 1126601959374, QTAgent32.exe, Playback - [WARNING] Internal warning: Smart Match failed
\0
W, 3240, 26, 2013/05/24, 09:15:28.486, 1126604633040, QTAgent32.exe, Playback - [WARNING] Internal warning: Smart Match failed
\0
W, 3240, 26, 2013/05/24, 09:15:28.670, 1126607265545, QTAgent32.exe, Playback - [WARNING] Internal warning: Smart Match failed
\0
W, 3240, 26, 2013/05/24, 09:15:28.852, 1126609874156, QTAgent32.exe, Playback - [WARNING] Internal warning: Smart Match failed
\0
W, 3240, 26, 2013/05/24, 09:15:29.034, 1126612481476, QTAgent32.exe, Playback - [WARNING] Internal warning: Smart Match failed
\0
W, 3240, 26, 2013/05/24, 09:15:29.214, 1126615058435, QTAgent32.exe, Playback - [WARNING] Internal warning: Smart Match failed
\0
W, 3240, 26, 2013/05/24, 09:15:29.399, 1126617698664, QTAgent32.exe, Playback - [WARNING] Internal warning: Smart Match failed
\0
W, 3240, 26, 2013/05/24, 09:15:29.578, 1126620270915, QTAgent32.exe, Playback - [WARNING] Internal warning: Smart Match failed
\0
W, 3240, 26, 2013/05/24, 09:15:29.762, 1126622897375, QTAgent32.exe, Playback - [WARNING] Internal warning: Smart Match failed
\0
W, 3240, 26, 2013/05/24, 09:15:29.838, 1126623983839, QTAgent32.exe, Playback - [WARNING] Internal warning: Window Not Found: [VisibleOnly]ControlType='Window' &amp;&amp; Name='Confirm' &amp;&amp; ClassName='#32770'
\0
E, 3240, 26, 2013/05/24, 09:15:29.838, 1126623985378, QTAgent32.exe, &lt;a class=failure&gt;Playback - {180} [FAILED] Function ElementFetcher::FindScreenElement failed to locate UI element (Searching: ;[VisibleOnly]ControlType='Window' &amp;&amp; Name='Confirm' &amp;&amp; ClassName='#32770') (The object specified was not found.)
\0&lt;/a&gt;
E, 3240, 26, 2013/05/24, 09:15:29.881, 1126624603070, QTAgent32.exe, Playback - [IMAGE] C:\Users\testuser\AppData\Local\Temp\UITestLogs\LastRun\RPFA255.png
\0
W, 3240, 26, 2013/05/24, 09:15:29.881, 1126624604597, QTAgent32.exe, Playback - [WARNING] Internal warning: Couldn't find descendants that match QueryId
\0
W, 3240, 26, 2013/05/24, 09:15:29.881, 1126624607171, QTAgent32.exe, PERF WARNING: FindTopLevelWindowHelper::FindAllDescendents: took 3148 ms. Expected it to take maximum 500 ms.
E, 3240, 26, 2013/05/24, 09:15:29.881, 1126624608777, QTAgent32.exe, Exception: System.Runtime.InteropServices.COMException
	Message: Error HRESULT E_FAIL has been returned from a call to a COM component.
	Stack Trace:    at Microsoft.VisualStudio.TestTools.UITest.Playback.Engine.IRPFPlayback.FindAllScreenElements(IScreenElement pScreenElementStart, String bstrQueryId, Object&amp; pvarResKeys, Int32 cResKeys, Int32 nMaxDepth, Object[]&amp; foundDescendants)
   at Microsoft.VisualStudio.TestTools.UITest.Playback.ScreenElement.FindTopLevelWindowHelper(String queryId)
	BaseExceptionMessage: Error HRESULT E_FAIL has been returned from a call to a COM component.

E, 3240, 26, 2013/05/24, 09:15:29.982, 1126626050504, QTAgent32.exe, AL: Playback Error: Microsoft.VisualStudio.TestTools.UITest.Extension.UITestControlNotFoundException: The playback failed to find the control with the given search properties. Additional Details: 
TechnologyName:  'MSAA'
ControlType:  'Window'
Name:  'Confirm'
ClassName:  '#32770'
 ---&gt; System.Runtime.InteropServices.COMException: Error HRESULT E_FAIL has been returned from a call to a COM component.
   at Microsoft.VisualStudio.TestTools.UITest.Playback.Engine.IRPFPlayback.FindAllScreenElements(IScreenElement pScreenElementStart, String bstrQueryId, Object&amp; pvarResKeys, Int32 cResKeys, Int32 nMaxDepth, Object[]&amp; foundDescendants)
   at Microsoft.VisualStudio.TestTools.UITest.Playback.ScreenElement.FindTopLevelWindowHelper(String queryId)
   at Microsoft.VisualStudio.TestTools.UITest.Playback.ScreenElement.FindFromPartialQueryId(String queryId)
   at Microsoft.VisualStudio.TestTools.UITesting.UITestControl..ctor(String queryId)
   --- End of inner exception stack trace ---
   at Microsoft.VisualStudio.TestTools.UITesting.Playback.MapControlNotFoundException(COMException ex, IPlaybackContext context)
   at Microsoft.VisualStudio.TestTools.UITesting.Playback.MapAndThrowComException(COMException innerException, IPlaybackContext context)
   at Microsoft.VisualStudio.TestTools.UITesting.Playback.MapAndThrowException(SystemException exception, IPlaybackContext context)
   at Microsoft.VisualStudio.TestTools.UITesting.Playback.MapAndThrowException(SystemException exception, String queryId)
   at Microsoft.VisualStudio.TestTools.UITesting.UITestControl..ctor(String queryId)
   at Microsoft.VisualStudio.TestTools.UITesting.SearchHelper.SearchTopLevelWindow(ISearchArgument topLevelSearchArg, String topLevelElementQueryId)
   at Microsoft.VisualStudio.TestTools.UITesting.SearchHelper.GetTitleUpdatedTopLevelWindow(ISearchArgument topLevelSearchArg, String queryId, IList`1 windowTitles)
   at Microsoft.VisualStudio.TestTools.UITesting.SearchHelper.GetTopLevelElement(Boolean useCache, Boolean useCacheOnly, ISearchArgument searchArg, IList`1 windowTitles, Int32&amp; timeLeft)
   at Microsoft.VisualStudio.TestTools.UITesting.SearchHelper.GetElement(Boolean useCache, ISearchArgument searchArg)
   at Microsoft.VisualStudio.TestTools.UITesting.SearchHelper.Search(ISearchArgument searchArg)
   at Microsoft.VisualStudio.TestTools.UITesting.UITestControl.FindInternal()
   at Microsoft.VisualStudio.TestTools.UITesting.UITestControl.FindControlIfNecessary()
   at Microsoft.VisualStudio.TestTools.UITesting.UITestControl.Click(MouseButtons button, ModifierKeys modifierKeys, Point relativeCoordinates)
   at Microsoft.VisualStudio.TestTools.UITesting.Mouse.ClickImplementation(UITestControl control, MouseButtons button, ModifierKeys modifierKeys, Point relativeCoordinate)
   at Microsoft.VisualStudio.TestTools.UITesting.Mouse.ClickImplementationWrapper(UITestControl control, MouseButtons button, ModifierKeys modifierKeys, Point relativeCoordinate)
W, 3240, 26, 2013/05/24, 09:15:29.982, 1126626052744, QTAgent32.exe, PlaybackErrorHandler: Ignoring exception as ContinueOnError is set.
W, 3240, 26, 2013/05/24, 09:15:30.218, 1126629427217, QTAgent32.exe, Playback - [WARNING] Internal warning: Window Not Found: [VisibleOnly]ControlType='Window' &amp;&amp; Name='Personal Lines' &amp;&amp; ClassName='#32770'
\0
E, 3240, 26, 2013/05/24, 09:15:30.218, 1126629429269, QTAgent32.exe, &lt;a class=failure&gt;Playback - {181} [FAILED] Function ElementFetcher::FindScreenElement failed to locate UI element (Searching: ;[VisibleOnly]ControlType='Window' &amp;&amp; Name='Personal Lines' &amp;&amp; ClassName='#32770') (The object specified was not found.)
\0&lt;/a&gt;
E, 3240, 26, 2013/05/24, 09:15:30.261, 1126630046144, QTAgent32.exe, Playback - [IMAGE] C:\Users\testuser\AppData\Local\Temp\UITestLogs\LastRun\RPFA3CC.png
\0
W, 3240, 26, 2013/05/24, 09:15:30.261, 1126630047970, QTAgent32.exe, Playback - [WARNING] Internal warning: Couldn't find descendants that match QueryId
\0
W, 3240, 26, 2013/05/24, 09:15:48.310, 1126888471667, QTAgent32.exe, Playback - [WARNING] Internal warning: Window Not Found: [VisibleOnly]ControlType='Window' &amp;&amp; Name='Personal Lines' &amp;&amp; ClassName='#32770'
\0
E, 3240, 26, 2013/05/24, 09:15:48.310, 1126888474138, QTAgent32.exe, &lt;a class=failure&gt;Playback - {182} [FAILED] Function ElementFetcher::FindScreenElement failed to locate UI element (Searching: ;[VisibleOnly]ControlType='Window' &amp;&amp; Name='Personal Lines' &amp;&amp; ClassName='#32770') (The object specified was not found.)
\0&lt;/a&gt;
E, 3240, 26, 2013/05/24, 09:15:48.354, 1126889106388, QTAgent32.exe, Playback - [IMAGE] C:\Users\testuser\AppData\Local\Temp\UITestLogs\LastRun\RPFEA7D.png
\0
W, 3240, 26, 2013/05/24, 09:15:48.354, 1126889107988, QTAgent32.exe, Playback - [WARNING] Internal warning: Couldn't find descendants that match QueryId
\0
W, 3240, 26, 2013/05/24, 09:15:48.355, 1126889110542, QTAgent32.exe, PERF WARNING: FindTopLevelWindowHelper::FindAllDescendents: took 18092 ms. Expected it to take maximum 500 ms.
W, 3240, 26, 2013/05/24, 09:15:48.802, 1126895525171, QTAgent32.exe, Playback - [WARNING] Internal warning: Smart Match failed
\0
W, 3240, 26, 2013/05/24, 09:15:48.994, 1126898263727, QTAgent32.exe, Playback - [WARNING] Internal warning: Smart Match failed
\0
W, 3240, 26, 2013/05/24, 09:15:49.182, 1126900957935, QTAgent32.exe, Playback - [WARNING] Internal warning: Smart Match failed
\0
W, 3240, 26, 2013/05/24, 09:15:49.370, 1126903647919, QTAgent32.exe, Playback - [WARNING] Internal warning: Smart Match failed
\0
W, 3240, 26, 2013/05/24, 09:15:49.557, 1126906324860, QTAgent32.exe, Playback - [WARNING] Internal warning: Smart Match failed
\0
W, 3240, 26, 2013/05/24, 09:15:49.743, 1126908994626, QTAgent32.exe, Playback - [WARNING] Internal warning: Smart Match failed
\0
W, 3240, 26, 2013/05/24, 09:15:49.926, 1126911618672, QTAgent32.exe, Playback - [WARNING] Internal warning: Smart Match failed
\0
W, 3240, 26, 2013/05/24, 09:15:50.108, 1126914216394, QTAgent32.exe, Playback - [WARNING] Internal warning: Smart Match failed
\0
W, 3240, 26, 2013/05/24, 09:15:50.295, 1126916894890, QTAgent32.exe, Playback - [WARNING] Internal warning: Smart Match failed
\0
W, 3240, 26, 2013/05/24, 09:15:50.479, 1126919536047, QTAgent32.exe, Playback - [WARNING] Internal warning: Smart Match failed
\0
W, 3240, 26, 2013/05/24, 09:15:50.663, 1126922163142, QTAgent32.exe, Playback - [WARNING] Internal warning: Smart Match failed
\0
W, 3240, 26, 2013/05/24, 09:15:50.845, 1126924771549, QTAgent32.exe, Playback - [WARNING] Internal warning: Smart Match failed
\0
W, 3240, 26, 2013/05/24, 09:15:51.029, 1126927404693, QTAgent32.exe, Playback - [WARNING] Internal warning: Smart Match failed
\0
W, 3240, 26, 2013/05/24, 09:15:51.212, 1126930025454, QTAgent32.exe, Playback - [WARNING] Internal warning: Smart Match failed
\0
W, 3240, 26, 2013/05/24, 09:15:51.397, 1126932682821, QTAgent32.exe, Playback - [WARNING] Internal warning: Smart Match failed
\0
W, 3240, 26, 2013/05/24, 09:15:51.474, 1126933784824, QTAgent32.exe, Playback - [WARNING] Internal warning: Window Not Found: [VisibleOnly]ControlType='Window' &amp;&amp; Name='Personal Lines' &amp;&amp; ClassName='#32770'
\0
E, 3240, 26, 2013/05/24, 09:15:51.474, 1126933786531, QTAgent32.exe, &lt;a class=failure&gt;Playback - {183} [FAILED] Function ElementFetcher::FindScreenElement failed to locate UI element (Searching: ;[VisibleOnly]ControlType='Window' &amp;&amp; Name='Personal Lines' &amp;&amp; ClassName='#32770') (The object specified was not found.)
\0&lt;/a&gt;
E, 3240, 26, 2013/05/24, 09:15:51.518, 1126934415281, QTAgent32.exe, Playback - [IMAGE] C:\Users\testuser\AppData\Local\Temp\UITestLogs\LastRun\RPFF6DD.png
\0
W, 3240, 26, 2013/05/24, 09:15:51.518, 1126934416821, QTAgent32.exe, Playback - [WARNING] Internal warning: Couldn't find descendants that match QueryId
\0
W, 3240, 26, 2013/05/24, 09:15:51.519, 1126934419417, QTAgent32.exe, PERF WARNING: FindTopLevelWindowHelper::FindAllDescendents: took 3164 ms. Expected it to take maximum 500 ms.
E, 3240, 26, 2013/05/24, 09:15:51.519, 1126934421009, QTAgent32.exe, Exception: System.Runtime.InteropServices.COMException
	Message: Error HRESULT E_FAIL has been returned from a call to a COM component.
	Stack Trace:    at Microsoft.VisualStudio.TestTools.UITest.Playback.Engine.IRPFPlayback.FindAllScreenElements(IScreenElement pScreenElementStart, String bstrQueryId, Object&amp; pvarResKeys, Int32 cResKeys, Int32 nMaxDepth, Object[]&amp; foundDescendants)
   at Microsoft.VisualStudio.TestTools.UITest.Playback.ScreenElement.FindTopLevelWindowHelper(String queryId)
	BaseExceptionMessage: Error HRESULT E_FAIL has been returned from a call to a COM component.

E, 3240, 26, 2013/05/24, 09:15:51.519, 1126934425427, QTAgent32.exe, Window 1378034 not responding. Last Win32 error 0
E, 3240, 26, 2013/05/24, 09:15:51.519, 1126934426532, QTAgent32.exe, GetClassName for handle 1378034 failed
E, 3240, 26, 2013/05/24, 09:15:51.519, 1126934430023, QTAgent32.exe, Window 1180356 not responding. Last Win32 error 1400
E, 3240, 26, 2013/05/24, 09:15:51.519, 1126934430805, QTAgent32.exe, GetClassName for handle 1180356 failed
E, 3240, 26, 2013/05/24, 09:15:51.619, 1126935862309, QTAgent32.exe, AL: Playback Error: Microsoft.VisualStudio.TestTools.UITest.Extension.UITestControlNotAvailableException: The control is not available or not valid. Additional Details: 
TechnologyName:  'MSAA'
Name:  'OK'
ControlType:  'Button'
 ---&gt; Microsoft.VisualStudio.TestTools.UITest.Extension.UITestControlNotAvailableException: The control is not available or not valid. Additional Details: 
TechnologyName:  'MSAA'
ControlType:  'Window'
 ---&gt; System.Runtime.InteropServices.COMException: Error HRESULT E_FAIL has been returned from a call to a COM component.
   at Microsoft.VisualStudio.TestTools.UITest.Playback.Engine.IRPFPlayback.FindAllScreenElements(IScreenElement pScreenElementStart, String bstrQueryId, Object&amp; pvarResKeys, Int32 cResKeys, Int32 nMaxDepth, Object[]&amp; foundDescendants)
   at Microsoft.VisualStudio.TestTools.UITest.Playback.ScreenElement.FindTopLevelWindowHelper(String queryId)
   at Microsoft.VisualStudio.TestTools.UITest.Playback.ScreenElement.FindFromPartialQueryId(String queryId)
   at Microsoft.VisualStudio.TestTools.UITesting.UITestControl.EnsureValid(Boolean waitForReady, Boolean refetch)
   --- End of inner exception stack trace ---
   at Microsoft.VisualStudio.TestTools.UITesting.UITestControl.EnsureValid(Boolean waitForReady, Boolean refetch)
   at Microsoft.VisualStudio.TestTools.UITesting.UITestControl.FindFirstDescendant(String queryId, Int32 maxDepth, Int32&amp; timeLeft)
   at Microsoft.VisualStudio.TestTools.UITesting.UITestControl.FindFirstDescendant(String queryId)
   at Microsoft.VisualStudio.TestTools.UITesting.UITestControl.EnsureValid(Boolean waitForReady, Boolean refetch)
   --- End of inner exception stack trace ---
   at Microsoft.VisualStudio.TestTools.UITesting.UITestControl.EnsureValid(Boolean waitForReady, Boolean refetch)
   at Microsoft.VisualStudio.TestTools.UITesting.UITestControl.Click(MouseButtons button, ModifierKeys modifierKeys, Point relativeCoordinates)
   at Microsoft.VisualStudio.TestTools.UITesting.Mouse.ClickImplementation(UITestControl control, MouseButtons button, ModifierKeys modifierKeys, Point relativeCoordinate)
   at Microsoft.VisualStudio.TestTools.UITesting.Mouse.ClickImplementationWrapper(UITestControl control, MouseButtons button, ModifierKeys modifierKeys, Point relativeCoordinate)
W, 3240, 26, 2013/05/24, 09:15:51.619, 1126935863605, QTAgent32.exe, PlaybackErrorHandler: Ignoring exception as ContinueOnError is set.
W, 3240, 26, 2013/05/24, 09:15:51.861, 1126939323577, QTAgent32.exe, Playback - [WARNING] Internal warning: Window Not Found: [VisibleOnly]ControlType='Window' &amp;&amp; Name='Policies Auto-Renewed &amp; Auto-Lapsed' &amp;&amp; ClassName='ThunderRT6FormDC'
\0
E, 3240, 26, 2013/05/24, 09:15:51.861, 1126939325750, QTAgent32.exe, &lt;a class=failure&gt;Playback - {184} [FAILED] Function ElementFetcher::FindScreenElement failed to locate UI element (Searching: ;[VisibleOnly]ControlType='Window' &amp;&amp; Name='Policies Auto-Renewed &amp; Auto-Lapsed' &amp;&amp; ClassName='ThunderRT6FormDC') (The object specified was not found.)
\0&lt;/a&gt;
E, 3240, 26, 2013/05/24, 09:15:51.903, 1126939928673, QTAgent32.exe, Playback - [IMAGE] C:\Users\testuser\AppData\Local\Temp\UITestLogs\LastRun\RPFF864.png
\0
W, 3240, 26, 2013/05/24, 09:15:51.903, 1126939930242, QTAgent32.exe, Playback - [WARNING] Internal warning: Couldn't find descendants that match QueryId
\0
W, 3240, 26, 2013/05/24, 09:16:09.980, 1127198755162, QTAgent32.exe, Playback - [WARNING] Internal warning: Window Not Found: [VisibleOnly]ControlType='Window' &amp;&amp; Name='Policies Auto-Renewed &amp; Auto-Lapsed' &amp;&amp; ClassName='ThunderRT6FormDC'
\0
E, 3240, 26, 2013/05/24, 09:16:09.980, 1127198757411, QTAgent32.exe, &lt;a class=failure&gt;Playback - {185} [FAILED] Function ElementFetcher::FindScreenElement failed to locate UI element (Searching: ;[VisibleOnly]ControlType='Window' &amp;&amp; Name='Policies Auto-Renewed &amp; Auto-Lapsed' &amp;&amp; ClassName='ThunderRT6FormDC') (The object specified was not found.)
\0&lt;/a&gt;
E, 3240, 26, 2013/05/24, 09:16:10.028, 1127199442717, QTAgent32.exe, Playback - [IMAGE] C:\Users\testuser\AppData\Local\Temp\UITestLogs\LastRun\RPF3F25.png
\0
W, 3240, 26, 2013/05/24, 09:16:10.028, 1127199444246, QTAgent32.exe, Playback - [WARNING] Internal warning: Couldn't find descendants that match QueryId
\0
W, 3240, 26, 2013/05/24, 09:16:10.029, 1127199446863, QTAgent32.exe, PERF WARNING: FindTopLevelWindowHelper::FindAllDescendents: took 18124 ms. Expected it to take maximum 500 ms.
W, 3240, 26, 2013/05/24, 09:16:10.482, 1127205944914, QTAgent32.exe, Playback - [WARNING] Internal warning: Smart Match failed
\0
W, 3240, 26, 2013/05/24, 09:16:10.671, 1127208646624, QTAgent32.exe, Playback - [WARNING] Internal warning: Smart Match failed
\0
W, 3240, 26, 2013/05/24, 09:16:10.859, 1127211342027, QTAgent32.exe, Playback - [WARNING] Internal warning: Smart Match failed
\0
W, 3240, 26, 2013/05/24, 09:16:11.050, 1127214075390, QTAgent32.exe, Playback - [WARNING] Internal warning: Smart Match failed
\0
W, 3240, 26, 2013/05/24, 09:16:11.230, 1127216648931, QTAgent32.exe, Playback - [WARNING] Internal warning: Smart Match failed
\0
W, 3240, 26, 2013/05/24, 09:16:11.415, 1127219294681, QTAgent32.exe, Playback - [WARNING] Internal warning: Smart Match failed
\0
W, 3240, 26, 2013/05/24, 09:16:11.595, 1127221885777, QTAgent32.exe, Playback - [WARNING] Internal warning: Smart Match failed
\0
W, 3240, 26, 2013/05/24, 09:16:11.776, 1127224466598, QTAgent32.exe, Playback - [WARNING] Internal warning: Smart Match failed
\0
W, 3240, 26, 2013/05/24, 09:16:11.956, 1127227042163, QTAgent32.exe, Playback - [WARNING] Internal warning: Smart Match failed
\0
W, 3240, 26, 2013/05/24, 09:16:12.136, 1127229623275, QTAgent32.exe, Playback - [WARNING] Internal warning: Smart Match failed
\0
W, 3240, 26, 2013/05/24, 09:16:12.318, 1127232229278, QTAgent32.exe, Playback - [WARNING] Internal warning: Smart Match failed
\0
W, 3240, 26, 2013/05/24, 09:16:12.503, 1127234878487, QTAgent32.exe, Playback - [WARNING] Internal warning: Smart Match failed
\0
W, 3240, 26, 2013/05/24, 09:16:12.692, 1127237578079, QTAgent32.exe, Playback - [WARNING] Internal warning: Smart Match failed
\0
W, 3240, 26, 2013/05/24, 09:16:12.878, 1127240249978, QTAgent32.exe, Playback - [WARNING] Internal warning: Smart Match failed
\0
W, 3240, 26, 2013/05/24, 09:16:13.061, 1127242866303, QTAgent32.exe, Playback - [WARNING] Internal warning: Smart Match failed
\0
W, 3240, 26, 2013/05/24, 09:16:13.138, 1127243972596, QTAgent32.exe, Playback - [WARNING] Internal warning: Window Not Found: [VisibleOnly]ControlType='Window' &amp;&amp; Name='Policies Auto-Renewed &amp; Auto-Lapsed' &amp;&amp; ClassName='ThunderRT6FormDC'
\0
E, 3240, 26, 2013/05/24, 09:16:13.139, 1127243974517, QTAgent32.exe, &lt;a class=failure&gt;Playback - {186} [FAILED] Function ElementFetcher::FindScreenElement failed to locate UI element (Searching: ;[VisibleOnly]ControlType='Window' &amp;&amp; Name='Policies Auto-Renewed &amp; Auto-Lapsed' &amp;&amp; ClassName='ThunderRT6FormDC') (The object specified was not found.)
\0&lt;/a&gt;
E, 3240, 26, 2013/05/24, 09:16:13.183, 1127244613028, QTAgent32.exe, Playback - [IMAGE] C:\Users\testuser\AppData\Local\Temp\UITestLogs\LastRun\RPF4B75.png
\0
W, 3240, 26, 2013/05/24, 09:16:13.183, 1127244614623, QTAgent32.exe, Playback - [WARNING] Internal warning: Couldn't find descendants that match QueryId
\0
W, 3240, 26, 2013/05/24, 09:16:13.183, 1127244617012, QTAgent32.exe, PERF WARNING: FindTopLevelWindowHelper::FindAllDescendents: took 3154 ms. Expected it to take maximum 500 ms.
E, 3240, 26, 2013/05/24, 09:16:13.183, 1127244618841, QTAgent32.exe, Exception: System.Runtime.InteropServices.COMException
	Message: Error HRESULT E_FAIL has been returned from a call to a COM component.
	Stack Trace:    at Microsoft.VisualStudio.TestTools.UITest.Playback.Engine.IRPFPlayback.FindAllScreenElements(IScreenElement pScreenElementStart, String bstrQueryId, Object&amp; pvarResKeys, Int32 cResKeys, Int32 nMaxDepth, Object[]&amp; foundDescendants)
   at Microsoft.VisualStudio.TestTools.UITest.Playback.ScreenElement.FindTopLevelWindowHelper(String queryId)
	BaseExceptionMessage: Error HRESULT E_FAIL has been returned from a call to a COM component.

E, 3240, 26, 2013/05/24, 09:16:13.284, 1127246054981, QTAgent32.exe, AL: Playback Error: Microsoft.VisualStudio.TestTools.UITest.Extension.UITestControlNotFoundException: The playback failed to find the control with the given search properties. Additional Details: 
TechnologyName:  'MSAA'
ControlType:  'Window'
Name:  'Policies Auto-Renewed &amp; Auto-Lapsed'
ClassName:  'ThunderRT6FormDC'
 ---&gt; System.Runtime.InteropServices.COMException: Error HRESULT E_FAIL has been returned from a call to a COM component.
   at Microsoft.VisualStudio.TestTools.UITest.Playback.Engine.IRPFPlayback.FindAllScreenElements(IScreenElement pScreenElementStart, String bstrQueryId, Object&amp; pvarResKeys, Int32 cResKeys, Int32 nMaxDepth, Object[]&amp; foundDescendants)
   at Microsoft.VisualStudio.TestTools.UITest.Playback.ScreenElement.FindTopLevelWindowHelper(String queryId)
   at Microsoft.VisualStudio.TestTools.UITest.Playback.ScreenElement.FindFromPartialQueryId(String queryId)
   at Microsoft.VisualStudio.TestTools.UITesting.UITestControl..ctor(String queryId)
   --- End of inner exception stack trace ---
   at Microsoft.VisualStudio.TestTools.UITesting.Playback.MapControlNotFoundException(COMException ex, IPlaybackContext context)
   at Microsoft.VisualStudio.TestTools.UITesting.Playback.MapAndThrowComException(COMException innerException, IPlaybackContext context)
   at Microsoft.VisualStudio.TestTools.UITesting.Playback.MapAndThrowException(SystemException exception, IPlaybackContext context)
   at Microsoft.VisualStudio.TestTools.UITesting.Playback.MapAndThrowException(SystemException exception, String queryId)
   at Microsoft.VisualStudio.TestTools.UITesting.UITestControl..ctor(String queryId)
   at Microsoft.VisualStudio.TestTools.UITesting.SearchHelper.SearchTopLevelWindow(ISearchArgument topLevelSearchArg, String topLevelElementQueryId)
   at Microsoft.VisualStudio.TestTools.UITesting.SearchHelper.GetTitleUpdatedTopLevelWindow(ISearchArgument topLevelSearchArg, String queryId, IList`1 windowTitles)
   at Microsoft.VisualStudio.TestTools.UITesting.SearchHelper.GetTopLevelElement(Boolean useCache, Boolean useCacheOnly, ISearchArgument searchArg, IList`1 windowTitles, Int32&amp; timeLeft)
   at Microsoft.VisualStudio.TestTools.UITesting.SearchHelper.GetElement(Boolean useCache, ISearchArgument searchArg)
   at Microsoft.VisualStudio.TestTools.UITesting.SearchHelper.Search(ISearchArgument searchArg)
   at Microsoft.VisualStudio.TestTools.UITesting.UITestControl.FindInternal()
   at Microsoft.VisualStudio.TestTools.UITesting.UITestControl.FindControlIfNecessary()
   at Microsoft.VisualStudio.TestTools.UITesting.UITestControl.Click(MouseButtons button, ModifierKeys modifierKeys, Point relativeCoordinates)
   at Microsoft.VisualStudio.TestTools.UITesting.Mouse.ClickImplementation(UITestControl control, MouseButtons button, ModifierKeys modifierKeys, Point relativeCoordinate)
   at Microsoft.VisualStudio.TestTools.UITesting.Mouse.ClickImplementationWrapper(UITestControl control, MouseButtons button, ModifierKeys modifierKeys, Point relativeCoordinate)
W, 3240, 26, 2013/05/24, 09:16:13.284, 1127246056788, QTAgent32.exe, PlaybackErrorHandler: Ignoring exception as ContinueOnError is set.
W, 3240, 26, 2013/05/24, 09:16:13.410, 1127247855777, QTAgent32.exe, &lt;a class=success&gt;Playback - {187} [SUCCESS] MouseButtonClick - "[MSAA, VisibleOnly]ControlType='Button' &amp;&amp; Name='EDI Match...'"
\0&lt;/a&gt;
W, 3240, 26, 2013/05/24, 09:16:13.658, 1127251420834, QTAgent32.exe, &lt;a class=success&gt;Playback - {188} [SUCCESS] MouseButtonClick - "[MSAA, VisibleOnly]ControlType='Button' &amp;&amp; Name='Ok'"
\0&lt;/a&gt;
W, 3240, 26, 2013/05/24, 09:16:17.445, 1127305637226, QTAgent32.exe, PERF WARNING: FindTopLevelWindowHelper::FindAllDescendents: took 3685 ms. Expected it to take maximum 500 ms.
W, 3240, 26, 2013/05/24, 09:16:17.574, 1127307481557, QTAgent32.exe, &lt;a class=success&gt;Playback - {189} [SUCCESS] MouseButtonClick - "[MSAA, VisibleOnly]ControlType='Button' &amp;&amp; Name='OK'"
\0&lt;/a&gt;
W, 3240, 26, 2013/05/24, 09:16:19.177, 1127330433499, QTAgent32.exe, Playback - [WARNING] Internal warning: Element "[MSAA, VisibleOnly]ControlType='Window' &amp;&amp; ControlId='5'" was not found, so all intermediate elements were ignored. To improve performance replace this element Id with another Id or exclude it from QueryId. If this element is the target element, replace or remove intermediate elements
\0
W, 3240, 26, 2013/05/24, 09:16:21.705, 1127366630788, QTAgent32.exe, Playback - [WARNING] Internal warning:Search failure: &lt;[MSAA, VisibleOnly]ControlType='Window' &amp;&amp; ControlId='32768'&gt; | Performed (4) search retries, UI element not found
\0
E, 3240, 26, 2013/05/24, 09:16:21.705, 1127366633279, QTAgent32.exe, &lt;a class=failure&gt;Playback - {190} [FAILED] Function ElementFetcher::FindScreenElement failed to locate UI element (Searching: ;[MSAA, VisibleOnly]ControlType='Window' &amp;&amp; ControlId='32768';[MSAA, VisibleOnly]ControlType='Window' &amp;&amp; ControlId='5';[MSAA, VisibleOnly]ControlType='Button' &amp;&amp; Name='Log and Clear') (The object specified was not found.)
\0&lt;/a&gt;
E, 3240, 26, 2013/05/24, 09:16:21.749, 1127367261981, QTAgent32.exe, Playback - [IMAGE] C:\Users\testuser\AppData\Local\Temp\UITestLogs\LastRun\RPF6CFA.png
\0
W, 3240, 26, 2013/05/24, 09:16:21.749, 1127367263700, QTAgent32.exe, Playback - [WARNING] Internal warning: Couldn't find descendants that match QueryId
\0
W, 3240, 26, 2013/05/24, 09:16:21.749, 1127367265996, QTAgent32.exe, PERF WARNING: FindAllDescendents: took 4074 ms. Expected it to take maximum 500 ms.
E, 3240, 26, 2013/05/24, 09:16:21.850, 1127368702445, QTAgent32.exe, AL: Playback Error: Microsoft.VisualStudio.TestTools.UITest.Extension.UITestControlNotFoundException: The playback failed to find the control with the given search properties. Additional Details: 
TechnologyName:  'MSAA'
ControlType:  'Button'
Name:  'Log and Clear'
 ---&gt; System.Runtime.InteropServices.COMException: Error HRESULT E_FAIL has been returned from a call to a COM component.
   at Microsoft.VisualStudio.TestTools.UITest.Playback.Engine.IScreenElement.FindAllDescendants(String bstrQueryId, Object&amp; pvarResKeys, Int32 cResKeys, Int32 nMaxDepth)
   at Microsoft.VisualStudio.TestTools.UITest.Playback.ScreenElement.FindAllScreenElement(String queryId, Int32 depth, Boolean singleQueryId, Boolean throwException)
   at Microsoft.VisualStudio.TestTools.UITest.Playback.ScreenElement.FindScreenElement(String queryId, Int32 depth)
   at Microsoft.VisualStudio.TestTools.UITesting.UITestControl.FindFirstDescendant(String queryId, Int32 maxDepth, Int32&amp; timeLeft)
   --- End of inner exception stack trace ---
   at Microsoft.VisualStudio.TestTools.UITesting.Playback.MapControlNotFoundException(COMException ex, IPlaybackContext context)
   at Microsoft.VisualStudio.TestTools.UITesting.Playback.MapAndThrowComException(COMException innerException, IPlaybackContext context)
   at Microsoft.VisualStudio.TestTools.UITesting.Playback.MapAndThrowException(SystemException exception, IPlaybackContext context)
   at Microsoft.VisualStudio.TestTools.UITesting.Playback.MapAndThrowException(SystemException exception, String queryId)
   at Microsoft.VisualStudio.TestTools.UITesting.UITestControl.FindFirstDescendant(String queryId, Int32 maxDepth, Int32&amp; timeLeft)
   at Microsoft.VisualStudio.TestTools.UITesting.SearchHelper.GetElement(Boolean useCache, ISearchArgument searchArg)
   at Microsoft.VisualStudio.TestTools.UITesting.SearchHelper.Search(ISearchArgument searchArg)
   at Microsoft.VisualStudio.TestTools.UITesting.UITestControl.FindInternal()
   at Microsoft.VisualStudio.TestTools.UITesting.UITestControl.FindControlIfNecessary()
   at Microsoft.VisualStudio.TestTools.UITesting.UITestControl.Click(MouseButtons button, ModifierKeys modifierKeys, Point relativeCoordinates)
   at Microsoft.VisualStudio.TestTools.UITesting.Mouse.ClickImplementation(UITestControl control, MouseButtons button, ModifierKeys modifierKeys, Point relativeCoordinate)
   at Microsoft.VisualStudio.TestTools.UITesting.Mouse.ClickImplementationWrapper(UITestControl control, MouseButtons button, ModifierKeys modifierKeys, Point relativeCoordinate)
W, 3240, 26, 2013/05/24, 09:16:21.850, 1127368704091, QTAgent32.exe, PlaybackErrorHandler: Ignoring exception as ContinueOnError is set.
W, 3240, 26, 2013/05/24, 09:16:22.083, 1127372039004, QTAgent32.exe, Playback - [WARNING] Internal warning: Window Not Found: [VisibleOnly]ControlType='Window' &amp;&amp; Name='Personal Lines' &amp;&amp; ClassName='#32770'
\0
E, 3240, 26, 2013/05/24, 09:16:22.083, 1127372041141, QTAgent32.exe, &lt;a class=failure&gt;Playback - {191} [FAILED] Function ElementFetcher::FindScreenElement failed to locate UI element (Searching: ;[VisibleOnly]ControlType='Window' &amp;&amp; Name='Personal Lines' &amp;&amp; ClassName='#32770') (The object specified was not found.)
\0&lt;/a&gt;
E, 3240, 26, 2013/05/24, 09:16:22.123, 1127372622910, QTAgent32.exe, Playback - [IMAGE] C:\Users\testuser\AppData\Local\Temp\UITestLogs\LastRun\RPF6E72.png
\0
W, 3240, 26, 2013/05/24, 09:16:22.123, 1127372624472, QTAgent32.exe, Playback - [WARNING] Internal warning: Couldn't find descendants that match QueryId
\0
W, 3240, 26, 2013/05/24, 09:16:40.130, 1127630444598, QTAgent32.exe, Playback - [WARNING] Internal warning: Window Not Found: [VisibleOnly]ControlType='Window' &amp;&amp; Name='Personal Lines' &amp;&amp; ClassName='#32770'
\0
E, 3240, 26, 2013/05/24, 09:16:40.130, 1127630446838, QTAgent32.exe, &lt;a class=failure&gt;Playback - {192} [FAILED] Function ElementFetcher::FindScreenElement failed to locate UI element (Searching: ;[VisibleOnly]ControlType='Window' &amp;&amp; Name='Personal Lines' &amp;&amp; ClassName='#32770') (The object specified was not found.)
\0&lt;/a&gt;
E, 3240, 26, 2013/05/24, 09:16:40.176, 1127631104356, QTAgent32.exe, Playback - [IMAGE] C:\Users\testuser\AppData\Local\Temp\UITestLogs\LastRun\RPFB4F4.png
\0
W, 3240, 26, 2013/05/24, 09:16:40.176, 1127631105880, QTAgent32.exe, Playback - [WARNING] Internal warning: Couldn't find descendants that match QueryId
\0
W, 3240, 26, 2013/05/24, 09:16:40.177, 1127631108513, QTAgent32.exe, PERF WARNING: FindTopLevelWindowHelper::FindAllDescendents: took 18052 ms. Expected it to take maximum 500 ms.
W, 3240, 26, 2013/05/24, 09:16:40.625, 1127637528448, QTAgent32.exe, Playback - [WARNING] Internal warning: Smart Match failed
\0
W, 3240, 26, 2013/05/24, 09:16:40.813, 1127640228473, QTAgent32.exe, Playback - [WARNING] Internal warning: Smart Match failed
\0
W, 3240, 26, 2013/05/24, 09:16:41.000, 1127642900166, QTAgent32.exe, Playback - [WARNING] Internal warning: Smart Match failed
\0
W, 3240, 26, 2013/05/24, 09:16:41.192, 1127645650049, QTAgent32.exe, Playback - [WARNING] Internal warning: Smart Match failed
\0
W, 3240, 26, 2013/05/24, 09:16:41.377, 1127648299143, QTAgent32.exe, Playback - [WARNING] Internal warning: Smart Match failed
\0
W, 3240, 26, 2013/05/24, 09:16:41.563, 1127650968309, QTAgent32.exe, Playback - [WARNING] Internal warning: Smart Match failed
\0
W, 3240, 26, 2013/05/24, 09:16:41.744, 1127653556217, QTAgent32.exe, Playback - [WARNING] Internal warning: Smart Match failed
\0
W, 3240, 26, 2013/05/24, 09:16:41.924, 1127656138124, QTAgent32.exe, Playback - [WARNING] Internal warning: Smart Match failed
\0
W, 3240, 26, 2013/05/24, 09:16:42.104, 1127658711888, QTAgent32.exe, Playback - [WARNING] Internal warning: Smart Match failed
\0
W, 3240, 26, 2013/05/24, 09:16:42.293, 1127661411155, QTAgent32.exe, Playback - [WARNING] Internal warning: Smart Match failed
\0
W, 3240, 26, 2013/05/24, 09:16:42.477, 1127664045460, QTAgent32.exe, Playback - [WARNING] Internal warning: Smart Match failed
\0
W, 3240, 26, 2013/05/24, 09:16:42.661, 1127666691170, QTAgent32.exe, Playback - [WARNING] Internal warning: Smart Match failed
\0
W, 3240, 26, 2013/05/24, 09:16:42.845, 1127669319845, QTAgent32.exe, Playback - [WARNING] Internal warning: Smart Match failed
\0
W, 3240, 26, 2013/05/24, 09:16:43.030, 1127671967695, QTAgent32.exe, Playback - [WARNING] Internal warning: Smart Match failed
\0
W, 3240, 26, 2013/05/24, 09:16:43.214, 1127674593801, QTAgent32.exe, Playback - [WARNING] Internal warning: Smart Match failed
\0
W, 3240, 26, 2013/05/24, 09:16:43.291, 1127675701417, QTAgent32.exe, Playback - [WARNING] Internal warning: Window Not Found: [VisibleOnly]ControlType='Window' &amp;&amp; Name='Personal Lines' &amp;&amp; ClassName='#32770'
\0
E, 3240, 26, 2013/05/24, 09:16:43.291, 1127675703163, QTAgent32.exe, &lt;a class=failure&gt;Playback - {193} [FAILED] Function ElementFetcher::FindScreenElement failed to locate UI element (Searching: ;[VisibleOnly]ControlType='Window' &amp;&amp; Name='Personal Lines' &amp;&amp; ClassName='#32770') (The object specified was not found.)
\0&lt;/a&gt;
E, 3240, 26, 2013/05/24, 09:16:43.334, 1127676320869, QTAgent32.exe, Playback - [IMAGE] C:\Users\testuser\AppData\Local\Temp\UITestLogs\LastRun\RPFC144.png
\0
W, 3240, 26, 2013/05/24, 09:16:43.334, 1127676322586, QTAgent32.exe, Playback - [WARNING] Internal warning: Couldn't find descendants that match QueryId
\0
W, 3240, 26, 2013/05/24, 09:16:43.335, 1127676325297, QTAgent32.exe, PERF WARNING: FindTopLevelWindowHelper::FindAllDescendents: took 3157 ms. Expected it to take maximum 500 ms.
E, 3240, 26, 2013/05/24, 09:16:43.335, 1127676326927, QTAgent32.exe, Exception: System.Runtime.InteropServices.COMException
	Message: Error HRESULT E_FAIL has been returned from a call to a COM component.
	Stack Trace:    at Microsoft.VisualStudio.TestTools.UITest.Playback.Engine.IRPFPlayback.FindAllScreenElements(IScreenElement pScreenElementStart, String bstrQueryId, Object&amp; pvarResKeys, Int32 cResKeys, Int32 nMaxDepth, Object[]&amp; foundDescendants)
   at Microsoft.VisualStudio.TestTools.UITest.Playback.ScreenElement.FindTopLevelWindowHelper(String queryId)
	BaseExceptionMessage: Error HRESULT E_FAIL has been returned from a call to a COM component.

E, 3240, 26, 2013/05/24, 09:16:43.335, 1127676330342, QTAgent32.exe, GetClassName for handle 1311490 failed
E, 3240, 26, 2013/05/24, 09:16:43.336, 1127676338873, QTAgent32.exe, Window 1311490 not responding. Last Win32 error 1400
E, 3240, 26, 2013/05/24, 09:16:43.336, 1127676339830, QTAgent32.exe, GetClassName for handle 1311490 failed
E, 3240, 26, 2013/05/24, 09:16:43.336, 1127676343209, QTAgent32.exe, GetClassName for handle 787944 failed
E, 3240, 26, 2013/05/24, 09:16:43.337, 1127676357119, QTAgent32.exe, Window 787944 not responding. Last Win32 error 1400
E, 3240, 26, 2013/05/24, 09:16:43.337, 1127676358898, QTAgent32.exe, GetClassName for handle 787944 failed
E, 3240, 26, 2013/05/24, 09:16:43.437, 1127677796182, QTAgent32.exe, AL: Playback Error: Microsoft.VisualStudio.TestTools.UITest.Extension.UITestControlNotAvailableException: The control is not available or not valid. Additional Details: 
TechnologyName:  'MSAA'
ControlType:  'Button'
 ---&gt; Microsoft.VisualStudio.TestTools.UITest.Extension.UITestControlNotAvailableException: The control is not available or not valid. Additional Details: 
TechnologyName:  'MSAA'
ControlType:  'Window'
 ---&gt; System.Runtime.InteropServices.COMException: Error HRESULT E_FAIL has been returned from a call to a COM component.
   at Microsoft.VisualStudio.TestTools.UITest.Playback.Engine.IRPFPlayback.FindAllScreenElements(IScreenElement pScreenElementStart, String bstrQueryId, Object&amp; pvarResKeys, Int32 cResKeys, Int32 nMaxDepth, Object[]&amp; foundDescendants)
   at Microsoft.VisualStudio.TestTools.UITest.Playback.ScreenElement.FindTopLevelWindowHelper(String queryId)
   at Microsoft.VisualStudio.TestTools.UITest.Playback.ScreenElement.FindFromPartialQueryId(String queryId)
   at Microsoft.VisualStudio.TestTools.UITesting.UITestControl.EnsureValid(Boolean waitForReady, Boolean refetch)
   --- End of inner exception stack trace ---
   at Microsoft.VisualStudio.TestTools.UITesting.UITestControl.EnsureValid(Boolean waitForReady, Boolean refetch)
   at Microsoft.VisualStudio.TestTools.UITesting.UITestControl.FindFirstDescendant(String queryId, Int32 maxDepth, Int32&amp; timeLeft)
   at Microsoft.VisualStudio.TestTools.UITesting.UITestControl.FindFirstDescendant(String queryId)
   at Microsoft.VisualStudio.TestTools.UITesting.UITestControl.EnsureValid(Boolean waitForReady, Boolean refetch)
   --- End of inner exception stack trace ---
   at Microsoft.VisualStudio.TestTools.UITesting.UITestControl.EnsureValid(Boolean waitForReady, Boolean refetch)
   at Microsoft.VisualStudio.TestTools.UITesting.UITestControl.Click(MouseButtons button, ModifierKeys modifierKeys, Point relativeCoordinates)
   at Microsoft.VisualStudio.TestTools.UITesting.Mouse.ClickImplementation(UITestControl control, MouseButtons button, ModifierKeys modifierKeys, Point relativeCoordinate)
   at Microsoft.VisualStudio.TestTools.UITesting.Mouse.ClickImplementationWrapper(UITestControl control, MouseButtons button, ModifierKeys modifierKeys, Point relativeCoordinate)
W, 3240, 26, 2013/05/24, 09:16:43.437, 1127677797821, QTAgent32.exe, PlaybackErrorHandler: Ignoring exception as ContinueOnError is set.
W, 3240, 26, 2013/05/24, 09:16:43.586, 1127679922273, QTAgent32.exe, &lt;a class=success&gt;Playback - {194} [SUCCESS] MouseButtonClick - "[MSAA, VisibleOnly]ControlType='Button' &amp;&amp; Name='Filter...'"
\0&lt;/a&gt;
W, 3240, 26, 2013/05/24, 09:16:43.791, 1127682856033, QTAgent32.exe, &lt;a class=success&gt;Playback - {195} [SUCCESS] SendKeys "^{HOME}" - "[MSAA, VisibleOnly]ControlType='Edit'"
\0&lt;/a&gt;
E, 3240, 26, 2013/05/24, 09:16:43.791, 1127682858065, QTAgent32.exe, Msaa.GetFocusedElement: could not find accessible object of foreground window
W, 3240, 26, 2013/05/24, 09:16:43.846, 1127683651037, QTAgent32.exe, &lt;a class=success&gt;Playback - {196} [SUCCESS] SendKeys "^+{END}" - "[MSAA, VisibleOnly]ControlType='Edit'"
\0&lt;/a&gt;
E, 3240, 26, 2013/05/24, 09:16:43.846, 1127683652872, QTAgent32.exe, Msaa.GetFocusedElement: could not find accessible object of foreground window
W, 3240, 26, 2013/05/24, 09:16:43.859, 1127683829739, QTAgent32.exe, &lt;a class=success&gt;Playback - {197} [SUCCESS] SendKeys "{DELETE}" - "[MSAA, VisibleOnly]ControlType='Edit'"
\0&lt;/a&gt;
W, 3240, 26, 2013/05/24, 09:16:44.081, 1127687019500, QTAgent32.exe, &lt;a class=success&gt;Playback - {198} [SUCCESS] SetValueAsEditBox "31/05/13" - "[MSAA, VisibleOnly]ControlType='Edit'"  &lt; Set via SendKeys &gt;
\0&lt;/a&gt;
W, 3240, 26, 2013/05/24, 09:16:44.294, 1127690059443, QTAgent32.exe, &lt;a class=success&gt;Playback - {199} [SUCCESS] SendKeys "^{HOME}" - "[MSAA, VisibleOnly]ControlType='Edit'"
\0&lt;/a&gt;
E, 3240, 26, 2013/05/24, 09:16:44.294, 1127690061323, QTAgent32.exe, Msaa.GetFocusedElement: could not find accessible object of foreground window
W, 3240, 26, 2013/05/24, 09:16:44.360, 1127691012788, QTAgent32.exe, &lt;a class=success&gt;Playback - {200} [SUCCESS] SendKeys "^+{END}" - "[MSAA, VisibleOnly]ControlType='Edit'"
\0&lt;/a&gt;
E, 3240, 26, 2013/05/24, 09:16:44.360, 1127691014534, QTAgent32.exe, Msaa.GetFocusedElement: could not find accessible object of foreground window
W, 3240, 26, 2013/05/24, 09:16:44.373, 1127691197685, QTAgent32.exe, &lt;a class=success&gt;Playback - {201} [SUCCESS] SendKeys "{DELETE}" - "[MSAA, VisibleOnly]ControlType='Edit'"
\0&lt;/a&gt;
W, 3240, 26, 2013/05/24, 09:16:44.589, 1127694287282, QTAgent32.exe, &lt;a class=success&gt;Playback - {202} [SUCCESS] SetValueAsEditBox "31/05/13" - "[MSAA, VisibleOnly]ControlType='Edit'"  &lt; Set via SendKeys &gt;
\0&lt;/a&gt;
W, 3240, 26, 2013/05/24, 09:16:44.952, 1127699485681, QTAgent32.exe, Playback - [WARNING] Internal warning: Incorrect flag set for InvokeProgrammaticAction\0
W, 3240, 26, 2013/05/24, 09:16:45.070, 1127701176758, QTAgent32.exe, &lt;a class=success&gt;Playback - {203} [SUCCESS] SetValueAsComboBox "Household" - "[MSAA, VisibleOnly]ControlType='ComboBox'"  &lt; SetValueAsComboBox, set by clicking on the item in the list box &gt;
\0&lt;/a&gt;
W, 3240, 26, 2013/05/24, 09:16:45.329, 1127704884510, QTAgent32.exe, &lt;a class=success&gt;Playback - {204} [SUCCESS] MouseButtonClick - "[MSAA, VisibleOnly]ControlType='Button' &amp;&amp; Name='Ok'"
\0&lt;/a&gt;
W, 3240, 26, 2013/05/24, 09:16:45.558, 1127708158008, QTAgent32.exe, &lt;a class=success&gt;Playback - {205} [SUCCESS] MouseButtonClick - "[MSAA, VisibleOnly]ControlType='Client'"
\0&lt;/a&gt;
W, 3240, 26, 2013/05/24, 09:16:46.445, 1127720862468, QTAgent32.exe, &lt;a class=success&gt;Playback - {206} [SUCCESS] MouseButtonClick - "[MSAA, VisibleOnly]ControlType='Client'"
\0&lt;/a&gt;
W, 3240, 26, 2013/05/24, 09:16:46.625, 1127723439246, QTAgent32.exe, &lt;a class=success&gt;Playback - {207} [SUCCESS] SendKeys "{Home}" - "[MSAA, VisibleOnly]ControlType='Client'"
\0&lt;/a&gt;
W, 3240, 26, 2013/05/24, 09:16:46.881, 1127727104700, QTAgent32.exe, &lt;a class=success&gt;Playback - {208} [SUCCESS] MouseButtonClick - "[MSAA, VisibleOnly]ControlType='Button' &amp;&amp; Name='Display Record...'"
\0&lt;/a&gt;
W, 3240, 26, 2013/05/24, 09:16:47.245, 1127732312894, QTAgent32.exe, Playback - [WARNING] Internal warning: Window Not Found: [VisibleOnly]ControlType='Window' &amp;&amp; Name='AUTO225-1001' &amp;&amp; ClassName='ThunderRT6FormDC'
\0
E, 3240, 26, 2013/05/24, 09:16:47.245, 1127732315449, QTAgent32.exe, &lt;a class=failure&gt;Playback - {209} [FAILED] Function ElementFetcher::FindScreenElement failed to locate UI element (Searching: ;[VisibleOnly]ControlType='Window' &amp;&amp; Name='AUTO225-1001' &amp;&amp; ClassName='ThunderRT6FormDC') (The object specified was not found.)
\0&lt;/a&gt;
E, 3240, 26, 2013/05/24, 09:16:47.287, 1127732917175, QTAgent32.exe, Playback - [IMAGE] C:\Users\testuser\AppData\Local\Temp\UITestLogs\LastRun\RPFD0BF.png
\0
W, 3240, 26, 2013/05/24, 09:16:47.287, 1127732918797, QTAgent32.exe, Playback - [WARNING] Internal warning: Couldn't find descendants that match QueryId
\0
W, 3240, 26, 2013/05/24, 09:17:05.345, 1127991482497, QTAgent32.exe, Playback - [WARNING] Internal warning: Window Not Found: [VisibleOnly]ControlType='Window' &amp;&amp; Name='AUTO225-1001' &amp;&amp; ClassName='ThunderRT6FormDC'
\0
E, 3240, 26, 2013/05/24, 09:17:05.345, 1127991484704, QTAgent32.exe, &lt;a class=failure&gt;Playback - {210} [FAILED] Function ElementFetcher::FindScreenElement failed to locate UI element (Searching: ;[VisibleOnly]ControlType='Window' &amp;&amp; Name='AUTO225-1001' &amp;&amp; ClassName='ThunderRT6FormDC') (The object specified was not found.)
\0&lt;/a&gt;
E, 3240, 26, 2013/05/24, 09:17:05.389, 1127992113212, QTAgent32.exe, Playback - [IMAGE] C:\Users\testuser\AppData\Local\Temp\UITestLogs\LastRun\RPF1771.png
\0
W, 3240, 26, 2013/05/24, 09:17:05.389, 1127992114788, QTAgent32.exe, Playback - [WARNING] Internal warning: Couldn't find descendants that match QueryId
\0
W, 3240, 26, 2013/05/24, 09:17:05.390, 1127992117414, QTAgent32.exe, PERF WARNING: FindTopLevelWindowHelper::FindAllDescendents: took 18102 ms. Expected it to take maximum 500 ms.
W, 3240, 26, 2013/05/24, 09:17:05.936, 1127999948665, QTAgent32.exe, Playback - [WARNING] Internal warning: Window with Class "ThunderRT6FormDC" and Title "AUTO225-1001" was not found, so similar window with Class "ThunderRT6FormDC" and Title "AUTO149-1001" was accepted
\0
W, 3240, 26, 2013/05/24, 09:17:05.937, 1127999951846, QTAgent32.exe, PERF WARNING: FindTopLevelWindowHelper::FindAllDescendents: took 546 ms. Expected it to take maximum 500 ms.
W, 3240, 26, 2013/05/24, 09:17:06.060, 1128001713992, QTAgent32.exe, &lt;a class=success&gt;Playback - {211} [SUCCESS] MouseButtonClick - "[MSAA, VisibleOnly]ControlType='Button' &amp;&amp; Name='Amend Risk...'"
\0&lt;/a&gt;
W, 3240, 26, 2013/05/24, 09:17:07.829, 1128027039962, QTAgent32.exe, PERF WARNING: FindTopLevelWindowHelper::FindAllDescendents: took 1636 ms. Expected it to take maximum 500 ms.
W, 3240, 26, 2013/05/24, 09:17:08.060, 1128030351663, QTAgent32.exe, &lt;a class=success&gt;Playback - {212} [SUCCESS] SendKeys "^{HOME}" - "[MSAA, VisibleOnly]ControlType='Edit'"
\0&lt;/a&gt;
E, 3240, 26, 2013/05/24, 09:17:08.060, 1128030353569, QTAgent32.exe, Msaa.GetFocusedElement: could not find accessible object of foreground window
W, 3240, 26, 2013/05/24, 09:17:08.120, 1128031203754, QTAgent32.exe, &lt;a class=success&gt;Playback - {213} [SUCCESS] SendKeys "^+{END}" - "[MSAA, VisibleOnly]ControlType='Edit'"
\0&lt;/a&gt;
E, 3240, 26, 2013/05/24, 09:17:08.120, 1128031205573, QTAgent32.exe, Msaa.GetFocusedElement: could not find accessible object of foreground window
W, 3240, 26, 2013/05/24, 09:17:08.132, 1128031383389, QTAgent32.exe, &lt;a class=success&gt;Playback - {214} [SUCCESS] SendKeys "{DELETE}" - "[MSAA, VisibleOnly]ControlType='Edit'"
\0&lt;/a&gt;
W, 3240, 26, 2013/05/24, 09:17:08.335, 1128034287189, QTAgent32.exe, &lt;a class=success&gt;Playback - {215} [SUCCESS] SetValueAsEditBox "TestNew" - "[MSAA, VisibleOnly]ControlType='Edit'"  &lt; Set via SendKeys &gt;
\0&lt;/a&gt;
W, 3240, 26, 2013/05/24, 09:17:08.564, 1128037571873, QTAgent32.exe, &lt;a class=success&gt;Playback - {216} [SUCCESS] MouseButtonClick - "[MSAA, VisibleOnly]ControlType='Button' &amp;&amp; Name='Next &gt;'"
\0&lt;/a&gt;
W, 3240, 26, 2013/05/24, 09:17:08.819, 1128041218436, QTAgent32.exe, &lt;a class=success&gt;Playback - {217} [SUCCESS] MouseButtonClick - "[MSAA, VisibleOnly]ControlType='Button' &amp;&amp; Name='Next &gt;'"
\0&lt;/a&gt;
W, 3240, 26, 2013/05/24, 09:17:09.039, 1128044368785, QTAgent32.exe, &lt;a class=success&gt;Playback - {218} [SUCCESS] MouseButtonClick - "[MSAA, VisibleOnly]ControlType='Button' &amp;&amp; Name='Next &gt;'"
\0&lt;/a&gt;
W, 3240, 26, 2013/05/24, 09:17:09.263, 1128047577908, QTAgent32.exe, &lt;a class=success&gt;Playback - {219} [SUCCESS] MouseButtonClick - "[MSAA, VisibleOnly]ControlType='Button' &amp;&amp; Name='Next &gt;'"
\0&lt;/a&gt;
W, 3240, 26, 2013/05/24, 09:17:09.491, 1128050848422, QTAgent32.exe, &lt;a class=success&gt;Playback - {220} [SUCCESS] MouseButtonClick - "[MSAA, VisibleOnly]ControlType='Button' &amp;&amp; Name='Next &gt;'"
\0&lt;/a&gt;
W, 3240, 26, 2013/05/24, 09:17:09.718, 1128054093307, QTAgent32.exe, &lt;a class=success&gt;Playback - {221} [SUCCESS] MouseButtonClick - "[MSAA, VisibleOnly]ControlType='Button' &amp;&amp; Name='Next &gt;'"
\0&lt;/a&gt;
W, 3240, 26, 2013/05/24, 09:17:09.946, 1128057352288, QTAgent32.exe, &lt;a class=success&gt;Playback - {222} [SUCCESS] MouseButtonClick - "[MSAA, VisibleOnly]ControlType='Button' &amp;&amp; Name='Next &gt;'"
\0&lt;/a&gt;
W, 3240, 26, 2013/05/24, 09:17:10.276, 1128062077680, QTAgent32.exe, &lt;a class=success&gt;Playback - {223} [SUCCESS] MouseButtonClick - "[MSAA, VisibleOnly]ControlType='Button' &amp;&amp; Name='Quote'"
\0&lt;/a&gt;
W, 3240, 26, 2013/05/24, 09:17:10.514, 1128065493225, QTAgent32.exe, &lt;a class=success&gt;Playback - {224} [SUCCESS] MouseButtonClick - "[MSAA, VisibleOnly]ControlType='Button' &amp;&amp; Name='Proceed'"
\0&lt;/a&gt;
W, 3240, 26, 2013/05/24, 09:17:10.838, 1128070119796, QTAgent32.exe, &lt;a class=success&gt;Playback - {225} [SUCCESS] MouseButtonClick - "[MSAA, VisibleOnly]ControlType='Button' &amp;&amp; Name='Ok'"
\0&lt;/a&gt;
W, 3240, 26, 2013/05/24, 09:17:21.247, 1128219167966, QTAgent32.exe, PERF WARNING: FindTopLevelWindowHelper::FindAllDescendents: took 10308 ms. Expected it to take maximum 500 ms.
W, 3240, 26, 2013/05/24, 09:17:21.377, 1128221031129, QTAgent32.exe, &lt;a class=success&gt;Playback - {226} [SUCCESS] MouseButtonClick - "[MSAA, VisibleOnly]ControlType='Client'"
\0&lt;/a&gt;
W, 3240, 26, 2013/05/24, 09:17:22.911, 1128242992841, QTAgent32.exe, &lt;a class=success&gt;Playback - {227} [SUCCESS] SendKeys "{Home}" - "[MSAA, VisibleOnly]ControlType='Client'"
\0&lt;/a&gt;
W, 3240, 26, 2013/05/24, 09:17:23.244, 1128247758266, QTAgent32.exe, &lt;a class=success&gt;Playback - {228} [SUCCESS] MouseButtonClick - "[MSAA, VisibleOnly]ControlType='Button' &amp;&amp; Name='Renew Policy'"
\0&lt;/a&gt;
W, 3240, 26, 2013/05/24, 09:17:25.471, 1128279648347, QTAgent32.exe, &lt;a class=success&gt;Playback - {229} [SUCCESS] MouseButtonClick - "[MSAA, VisibleOnly]ControlType='Button' &amp;&amp; Name='Yes'"
\0&lt;/a&gt;
W, 3240, 26, 2013/05/24, 09:17:26.267, 1128291049016, QTAgent32.exe, Playback - [WARNING] Internal warning: Window Not Found: [VisibleOnly]ControlType='Window' &amp;&amp; Name='Confirm' &amp;&amp; ClassName='#32770'
\0
E, 3240, 26, 2013/05/24, 09:17:26.267, 1128291051092, QTAgent32.exe, &lt;a class=failure&gt;Playback - {230} [FAILED] Function ElementFetcher::FindScreenElement failed to locate UI element (Searching: ;[VisibleOnly]ControlType='Window' &amp;&amp; Name='Confirm' &amp;&amp; ClassName='#32770') (The object specified was not found.)
\0&lt;/a&gt;
E, 3240, 26, 2013/05/24, 09:17:26.309, 1128291647197, QTAgent32.exe, Playback - [IMAGE] C:\Users\testuser\AppData\Local\Temp\UITestLogs\LastRun\RPF6929.png
\0
W, 3240, 26, 2013/05/24, 09:17:26.309, 1128291648823, QTAgent32.exe, Playback - [WARNING] Internal warning: Couldn't find descendants that match QueryId
\0
W, 3240, 26, 2013/05/24, 09:17:26.309, 1128291651311, QTAgent32.exe, PERF WARNING: FindTopLevelWindowHelper::FindAllDescendents: took 736 ms. Expected it to take maximum 500 ms.
W, 3240, 26, 2013/05/24, 09:17:44.372, 1128550271369, QTAgent32.exe, Playback - [WARNING] Internal warning: Window Not Found: [VisibleOnly]ControlType='Window' &amp;&amp; Name='Confirm' &amp;&amp; ClassName='#32770'
\0
E, 3240, 26, 2013/05/24, 09:17:44.372, 1128550273906, QTAgent32.exe, &lt;a class=failure&gt;Playback - {231} [FAILED] Function ElementFetcher::FindScreenElement failed to locate UI element (Searching: ;[VisibleOnly]ControlType='Window' &amp;&amp; Name='Confirm' &amp;&amp; ClassName='#32770') (The object specified was not found.)
\0&lt;/a&gt;
E, 3240, 26, 2013/05/24, 09:17:44.415, 1128550883143, QTAgent32.exe, Playback - [IMAGE] C:\Users\testuser\AppData\Local\Temp\UITestLogs\LastRun\RPFAFEA.png
\0
W, 3240, 26, 2013/05/24, 09:17:44.415, 1128550884736, QTAgent32.exe, Playback - [WARNING] Internal warning: Couldn't find descendants that match QueryId
\0
W, 3240, 26, 2013/05/24, 09:17:44.415, 1128550887072, QTAgent32.exe, PERF WARNING: FindTopLevelWindowHelper::FindAllDescendents: took 18105 ms. Expected it to take maximum 500 ms.
W, 3240, 26, 2013/05/24, 09:17:44.880, 1128557546263, QTAgent32.exe, Playback - [WARNING] Internal warning: Smart Match failed
\0
W, 3240, 26, 2013/05/24, 09:17:45.080, 1128560418908, QTAgent32.exe, Playback - [WARNING] Internal warning: Smart Match failed
\0
W, 3240, 26, 2013/05/24, 09:17:45.280, 1128563271091, QTAgent32.exe, Playback - [WARNING] Internal warning: Smart Match failed
\0
W, 3240, 26, 2013/05/24, 09:17:45.477, 1128566099388, QTAgent32.exe, Playback - [WARNING] Internal warning: Smart Match failed
\0
W, 3240, 26, 2013/05/24, 09:17:45.676, 1128568943793, QTAgent32.exe, Playback - [WARNING] Internal warning: Smart Match failed
\0
W, 3240, 26, 2013/05/24, 09:17:45.873, 1128571763877, QTAgent32.exe, Playback - [WARNING] Internal warning: Smart Match failed
\0
W, 3240, 26, 2013/05/24, 09:17:46.071, 1128574608901, QTAgent32.exe, Playback - [WARNING] Internal warning: Smart Match failed
\0
W, 3240, 26, 2013/05/24, 09:17:46.273, 1128577495798, QTAgent32.exe, Playback - [WARNING] Internal warning: Smart Match failed
\0
W, 3240, 26, 2013/05/24, 09:17:46.470, 1128580303888, QTAgent32.exe, Playback - [WARNING] Internal warning: Smart Match failed
\0
W, 3240, 26, 2013/05/24, 09:17:46.666, 1128583110974, QTAgent32.exe, Playback - [WARNING] Internal warning: Smart Match failed
\0
W, 3240, 26, 2013/05/24, 09:17:46.872, 1128586061165, QTAgent32.exe, Playback - [WARNING] Internal warning: Smart Match failed
\0
W, 3240, 26, 2013/05/24, 09:17:47.078, 1128589013321, QTAgent32.exe, Playback - [WARNING] Internal warning: Smart Match failed
\0
W, 3240, 26, 2013/05/24, 09:17:47.279, 1128591897883, QTAgent32.exe, Playback - [WARNING] Internal warning: Smart Match failed
\0
W, 3240, 26, 2013/05/24, 09:17:47.484, 1128594828329, QTAgent32.exe, Playback - [WARNING] Internal warning: Smart Match failed
\0
W, 3240, 26, 2013/05/24, 09:17:47.575, 1128596134440, QTAgent32.exe, Playback - [WARNING] Internal warning: Window Not Found: [VisibleOnly]ControlType='Window' &amp;&amp; Name='Confirm' &amp;&amp; ClassName='#32770'
\0
E, 3240, 26, 2013/05/24, 09:17:47.575, 1128596136098, QTAgent32.exe, &lt;a class=failure&gt;Playback - {232} [FAILED] Function ElementFetcher::FindScreenElement failed to locate UI element (Searching: ;[VisibleOnly]ControlType='Window' &amp;&amp; Name='Confirm' &amp;&amp; ClassName='#32770') (The object specified was not found.)
\0&lt;/a&gt;
E, 3240, 26, 2013/05/24, 09:17:47.617, 1128596735824, QTAgent32.exe, Playback - [IMAGE] C:\Users\testuser\AppData\Local\Temp\UITestLogs\LastRun\RPFBC69.png
\0
W, 3240, 26, 2013/05/24, 09:17:47.617, 1128596737288, QTAgent32.exe, Playback - [WARNING] Internal warning: Couldn't find descendants that match QueryId
\0
W, 3240, 26, 2013/05/24, 09:17:47.617, 1128596739676, QTAgent32.exe, PERF WARNING: FindTopLevelWindowHelper::FindAllDescendents: took 3202 ms. Expected it to take maximum 500 ms.
E, 3240, 26, 2013/05/24, 09:17:47.617, 1128596741311, QTAgent32.exe, Exception: System.Runtime.InteropServices.COMException
	Message: Error HRESULT E_FAIL has been returned from a call to a COM component.
	Stack Trace:    at Microsoft.VisualStudio.TestTools.UITest.Playback.Engine.IRPFPlayback.FindAllScreenElements(IScreenElement pScreenElementStart, String bstrQueryId, Object&amp; pvarResKeys, Int32 cResKeys, Int32 nMaxDepth, Object[]&amp; foundDescendants)
   at Microsoft.VisualStudio.TestTools.UITest.Playback.ScreenElement.FindTopLevelWindowHelper(String queryId)
	BaseExceptionMessage: Error HRESULT E_FAIL has been returned from a call to a COM component.

E, 3240, 26, 2013/05/24, 09:17:47.618, 1128596743959, QTAgent32.exe, Window 853644 not responding. Last Win32 error 0
E, 3240, 26, 2013/05/24, 09:17:47.618, 1128596744788, QTAgent32.exe, GetClassName for handle 853644 failed
E, 3240, 26, 2013/05/24, 09:17:47.618, 1128596748458, QTAgent32.exe, Window 2557180 not responding. Last Win32 error 1400
E, 3240, 26, 2013/05/24, 09:17:47.618, 1128596749431, QTAgent32.exe, GetClassName for handle 2557180 failed
E, 3240, 26, 2013/05/24, 09:17:47.718, 1128598186909, QTAgent32.exe, AL: Playback Error: Microsoft.VisualStudio.TestTools.UITest.Extension.UITestControlNotAvailableException: The control is not available or not valid. Additional Details: 
TechnologyName:  'MSAA'
Name:  'Yes'
ControlType:  'Button'
 ---&gt; Microsoft.VisualStudio.TestTools.UITest.Extension.UITestControlNotAvailableException: The control is not available or not valid. Additional Details: 
TechnologyName:  'MSAA'
Name:  'Confirm'
ClassName:  '#32770'
ControlType:  'Window'
 ---&gt; System.Runtime.InteropServices.COMException: Error HRESULT E_FAIL has been returned from a call to a COM component.
   at Microsoft.VisualStudio.TestTools.UITest.Playback.Engine.IRPFPlayback.FindAllScreenElements(IScreenElement pScreenElementStart, String bstrQueryId, Object&amp; pvarResKeys, Int32 cResKeys, Int32 nMaxDepth, Object[]&amp; foundDescendants)
   at Microsoft.VisualStudio.TestTools.UITest.Playback.ScreenElement.FindTopLevelWindowHelper(String queryId)
   at Microsoft.VisualStudio.TestTools.UITest.Playback.ScreenElement.FindFromPartialQueryId(String queryId)
   at Microsoft.VisualStudio.TestTools.UITesting.UITestControl.EnsureValid(Boolean waitForReady, Boolean refetch)
   --- End of inner exception stack trace ---
   at Microsoft.VisualStudio.TestTools.UITesting.UITestControl.EnsureValid(Boolean waitForReady, Boolean refetch)
   at Microsoft.VisualStudio.TestTools.UITesting.UITestControl.FindFirstDescendant(String queryId, Int32 maxDepth, Int32&amp; timeLeft)
   at Microsoft.VisualStudio.TestTools.UITesting.UITestControl.FindFirstDescendant(String queryId)
   at Microsoft.VisualStudio.TestTools.UITesting.UITestControl.EnsureValid(Boolean waitForReady, Boolean refetch)
   --- End of inner exception stack trace ---
   at Microsoft.VisualStudio.TestTools.UITesting.UITestControl.EnsureValid(Boolean waitForReady, Boolean refetch)
   at Microsoft.VisualStudio.TestTools.UITesting.UITestControl.Click(MouseButtons button, ModifierKeys modifierKeys, Point relativeCoordinates)
   at Microsoft.VisualStudio.TestTools.UITesting.Mouse.ClickImplementation(UITestControl control, MouseButtons button, ModifierKeys modifierKeys, Point relativeCoordinate)
   at Microsoft.VisualStudio.TestTools.UITesting.Mouse.ClickImplementationWrapper(UITestControl control, MouseButtons button, ModifierKeys modifierKeys, Point relativeCoordinate)
W, 3240, 26, 2013/05/24, 09:17:50.771, 1128641889358, QTAgent32.exe, IEDOM : StopSession of the plugin called before StartSession
W, 3240, 26, 2013/05/24, 09:17:50.771, 1128641890512, QTAgent32.exe, UIA : StopSession of the plugin called before StartSession
</DebugTrace>
        <ErrorInfo>
          <Message>Test method Ver1.CodedUITest2.HouseAmendRiskExistingScheme threw exception: 
Microsoft.VisualStudio.TestTools.UITest.Extension.UITestControlNotAvailableException: The control is not available or not valid. Additional Details: 
TechnologyName:  'MSAA'
Name:  'Yes'
ControlType:  'Button'
 ---&gt; Microsoft.VisualStudio.TestTools.UITest.Extension.UITestControlNotAvailableException: The control is not available or not valid. Additional Details: 
TechnologyName:  'MSAA'
Name:  'Confirm'
ClassName:  '#32770'
ControlType:  'Window'
 ---&gt; System.Runtime.InteropServices.COMException: Error HRESULT E_FAIL has been returned from a call to a COM component.</Message>
          <StackTrace>    at Microsoft.VisualStudio.TestTools.UITest.Playback.Engine.IRPFPlayback.FindAllScreenElements(IScreenElement pScreenElementStart, String bstrQueryId, Object&amp; pvarResKeys, Int32 cResKeys, Int32 nMaxDepth, Object[]&amp; foundDescendants)
   at Microsoft.VisualStudio.TestTools.UITest.Playback.ScreenElement.FindTopLevelWindowHelper(String queryId)
   at Microsoft.VisualStudio.TestTools.UITest.Playback.ScreenElement.FindFromPartialQueryId(String queryId)
   at Microsoft.VisualStudio.TestTools.UITesting.UITestControl.EnsureValid(Boolean waitForReady, Boolean refetch)
 --- End of inner exception stack trace ---
    at Microsoft.VisualStudio.TestTools.UITesting.UITestControl.EnsureValid(Boolean waitForReady, Boolean refetch)
   at Microsoft.VisualStudio.TestTools.UITesting.UITestControl.FindFirstDescendant(String queryId, Int32 maxDepth, Int32&amp; timeLeft)
   at Microsoft.VisualStudio.TestTools.UITesting.UITestControl.FindFirstDescendant(String queryId)
   at Microsoft.VisualStudio.TestTools.UITesting.UITestControl.EnsureValid(Boolean waitForReady, Boolean refetch)
 --- End of inner exception stack trace ---
    at Microsoft.VisualStudio.TestTools.UITesting.UITestControl.EnsureValid(Boolean waitForReady, Boolean refetch)
   at Microsoft.VisualStudio.TestTools.UITesting.UITestControl.Click(MouseButtons button, ModifierKeys modifierKeys, Point relativeCoordinates)
   at Microsoft.VisualStudio.TestTools.UITesting.Mouse.ClickImplementation(UITestControl control, MouseButtons button, ModifierKeys modifierKeys, Point relativeCoordinate)
   at Microsoft.VisualStudio.TestTools.UITesting.Mouse.ClickImplementationWrapper(UITestControl control, MouseButtons button, ModifierKeys modifierKeys, Point relativeCoordinate)
   at Microsoft.VisualStudio.TestTools.UITesting.Mouse.Click(UITestControl control, Point relativeCoordinate)
   at Ver1.UIMap.HomeAmendRenew() in C:\AutotestTam1205\TestProject7\UIMap.Designer.cs:line 869
   at Ver1.CodedUITest2.HouseAmendRiskExistingScheme() in C:\AutotestTam1205\TestProject7\CodedUITest2.cs:line 1608
</StackTrace>
        </ErrorInfo>
      </Output>
      <ResultFiles>
        <ResultFile path="ICDVDEVTM01\HouseAmendRiskExistingScheme.png" />
      </ResultFiles>
      <ExtensionResult>Exception has been thrown by the target of an invocation.</ExtensionResult>
    </UnitTestResult>
    <UnitTestResult executionId="ef487934-ade9-46d9-8887-78de327e92bf" testId="e785005d-7402-4f52-14ec-dba919726f7b" testName="HouseAmendRiskNewScheme" computerName="ICDVDEVTM01" duration="00:12:40.6952765" startTime="2013-05-24T09:17:50.7885933+01:00" endTime="2013-05-24T09:30:31.4901901+01:00" testType="13cdc9d9-ddb5-4fa4-a97d-d965ccfc6d4b" outcome="Passed" testListId="8c84fa94-04c1-424b-9868-57a2d4851a1d" relativeResultsDirectory="ef487934-ade9-46d9-8887-78de327e92bf">
      <Output>
        <DebugTrace>W, 3240, 23, 2013/05/24, 09:17:55.156, 1128704682744, QTAgent32.exe, &lt;a class=success&gt;Playback - {1} [SUCCESS] MouseButtonClick - "[MSAA, VisibleOnly]ControlType='Edit'"
\0&lt;/a&gt;
W, 3240, 23, 2013/05/24, 09:17:55.352, 1128707481297, QTAgent32.exe, &lt;a class=success&gt;Playback - {2} [SUCCESS] SendKeys "[*]" - "[MSAA, VisibleOnly]ControlType='Edit'"
\0&lt;/a&gt;
W, 3240, 23, 2013/05/24, 09:17:56.029, 1128717174190, QTAgent32.exe, &lt;a class=success&gt;Playback - {3} [SUCCESS] MouseButtonClick - "[MSAA, VisibleOnly]ControlType='Button' &amp;&amp; Name='OK'"
\0&lt;/a&gt;
W, 3240, 23, 2013/05/24, 09:17:56.214, 1128719823677, QTAgent32.exe, &lt;a class=success&gt;Playback - {4} [SUCCESS] SendKeys "^{HOME}" - "[MSAA, VisibleOnly]ControlType='Edit'"
\0&lt;/a&gt;
E, 3240, 23, 2013/05/24, 09:17:56.214, 1128719825436, QTAgent32.exe, Msaa.GetFocusedElement: could not find accessible object of foreground window
W, 3240, 23, 2013/05/24, 09:17:56.268, 1128720597053, QTAgent32.exe, &lt;a class=success&gt;Playback - {5} [SUCCESS] SendKeys "^+{END}" - "[MSAA, VisibleOnly]ControlType='Edit'"
\0&lt;/a&gt;
E, 3240, 23, 2013/05/24, 09:17:56.268, 1128720598912, QTAgent32.exe, Msaa.GetFocusedElement: could not find accessible object of foreground window
W, 3240, 23, 2013/05/24, 09:17:56.299, 1128721047349, QTAgent32.exe, &lt;a class=success&gt;Playback - {6} [SUCCESS] SendKeys "{DELETE}" - "[MSAA, VisibleOnly]ControlType='Edit'"
\0&lt;/a&gt;
W, 3240, 23, 2013/05/24, 09:17:56.521, 1128724232027, QTAgent32.exe, &lt;a class=success&gt;Playback - {7} [SUCCESS] SetValueAsEditBox "24/05/2013" - "[MSAA, VisibleOnly]ControlType='Edit'"  &lt; Set via SendKeys &gt;
\0&lt;/a&gt;
W, 3240, 23, 2013/05/24, 09:17:56.787, 1128728031706, QTAgent32.exe, Playback - [WARNING] Internal warning: Incorrect flag set for InvokeProgrammaticAction\0
W, 3240, 23, 2013/05/24, 09:17:56.904, 1128729706513, QTAgent32.exe, &lt;a class=success&gt;Playback - {8} [SUCCESS] SetValueAsComboBox "May" - "[MSAA, VisibleOnly]ControlType='ComboBox'"  &lt; SetValueAsComboBox, set by clicking on the item in the list box &gt;
\0&lt;/a&gt;
W, 3240, 23, 2013/05/24, 09:17:57.073, 1128732124589, QTAgent32.exe, &lt;a class=success&gt;Playback - {9} [SUCCESS] SendKeys "^{HOME}" - "[MSAA, VisibleOnly]ControlType='Edit'"
\0&lt;/a&gt;
E, 3240, 23, 2013/05/24, 09:17:57.073, 1128732126357, QTAgent32.exe, Msaa.GetFocusedElement: could not find accessible object of foreground window
W, 3240, 23, 2013/05/24, 09:17:57.125, 1128732876979, QTAgent32.exe, &lt;a class=success&gt;Playback - {10} [SUCCESS] SendKeys "^+{END}" - "[MSAA, VisibleOnly]ControlType='Edit'"
\0&lt;/a&gt;
E, 3240, 23, 2013/05/24, 09:17:57.125, 1128732878784, QTAgent32.exe, Msaa.GetFocusedElement: could not find accessible object of foreground window
W, 3240, 23, 2013/05/24, 09:17:57.138, 1128733065173, QTAgent32.exe, &lt;a class=success&gt;Playback - {11} [SUCCESS] SendKeys "{DELETE}" - "[MSAA, VisibleOnly]ControlType='Edit'"
\0&lt;/a&gt;
W, 3240, 23, 2013/05/24, 09:17:57.227, 1128734341984, QTAgent32.exe, &lt;a class=success&gt;Playback - {12} [SUCCESS] SetValueAsEditBox "2013" - "[MSAA, VisibleOnly]ControlType='Edit'"  &lt; Set via SendKeys &gt;
\0&lt;/a&gt;
W, 3240, 23, 2013/05/24, 09:17:57.445, 1128737455882, QTAgent32.exe, &lt;a class=success&gt;Playback - {13} [SUCCESS] MouseButtonClick - "[MSAA, VisibleOnly]ControlType='Button' &amp;&amp; Name='OK'"
\0&lt;/a&gt;
W, 3240, 23, 2013/05/24, 09:17:58.419, 1128751395427, QTAgent32.exe, Playback - [WARNING] Internal warning: Window Not Found: [VisibleOnly]ControlType='Window' &amp;&amp; Name='Warning' &amp;&amp; ClassName='#32770'
\0
E, 3240, 23, 2013/05/24, 09:17:58.419, 1128751398010, QTAgent32.exe, &lt;a class=failure&gt;Playback - {14} [FAILED] Function ElementFetcher::FindScreenElement failed to locate UI element (Searching: ;[VisibleOnly]ControlType='Window' &amp;&amp; Name='Warning' &amp;&amp; ClassName='#32770') (The object specified was not found.)
\0&lt;/a&gt;
E, 3240, 23, 2013/05/24, 09:17:58.461, 1128751995683, QTAgent32.exe, Playback - [IMAGE] C:\Users\testuser\AppData\Local\Temp\UITestLogs\LastRun\RPFE6C4.png
\0
W, 3240, 23, 2013/05/24, 09:17:58.461, 1128751997410, QTAgent32.exe, Playback - [WARNING] Internal warning: Couldn't find descendants that match QueryId
\0
W, 3240, 23, 2013/05/24, 09:17:58.461, 1128752000139, QTAgent32.exe, PERF WARNING: FindTopLevelWindowHelper::FindAllDescendents: took 907 ms. Expected it to take maximum 500 ms.
W, 3240, 23, 2013/05/24, 09:18:16.472, 1129009889610, QTAgent32.exe, Playback - [WARNING] Internal warning: Window Not Found: [VisibleOnly]ControlType='Window' &amp;&amp; Name='Warning' &amp;&amp; ClassName='#32770'
\0
E, 3240, 23, 2013/05/24, 09:18:16.472, 1129009891828, QTAgent32.exe, &lt;a class=failure&gt;Playback - {15} [FAILED] Function ElementFetcher::FindScreenElement failed to locate UI element (Searching: ;[VisibleOnly]ControlType='Window' &amp;&amp; Name='Warning' &amp;&amp; ClassName='#32770') (The object specified was not found.)
\0&lt;/a&gt;
E, 3240, 23, 2013/05/24, 09:18:16.515, 1129010503479, QTAgent32.exe, Playback - [IMAGE] C:\Users\testuser\AppData\Local\Temp\UITestLogs\LastRun\RPF2D46.png
\0
W, 3240, 23, 2013/05/24, 09:18:16.515, 1129010505252, QTAgent32.exe, Playback - [WARNING] Internal warning: Couldn't find descendants that match QueryId
\0
W, 3240, 23, 2013/05/24, 09:18:16.515, 1129010507742, QTAgent32.exe, PERF WARNING: FindTopLevelWindowHelper::FindAllDescendents: took 18054 ms. Expected it to take maximum 500 ms.
W, 3240, 23, 2013/05/24, 09:18:16.950, 1129016726888, QTAgent32.exe, Playback - [WARNING] Internal warning: Smart Match failed
\0
W, 3240, 23, 2013/05/24, 09:18:17.111, 1129019032156, QTAgent32.exe, Playback - [WARNING] Internal warning: Smart Match failed
\0
W, 3240, 23, 2013/05/24, 09:18:17.274, 1129021377971, QTAgent32.exe, Playback - [WARNING] Internal warning: Smart Match failed
\0
W, 3240, 23, 2013/05/24, 09:18:17.432, 1129023639850, QTAgent32.exe, Playback - [WARNING] Internal warning: Smart Match failed
\0
W, 3240, 23, 2013/05/24, 09:18:17.592, 1129025927738, QTAgent32.exe, Playback - [WARNING] Internal warning: Smart Match failed
\0
W, 3240, 23, 2013/05/24, 09:18:17.752, 1129028215145, QTAgent32.exe, Playback - [WARNING] Internal warning: Smart Match failed
\0
W, 3240, 23, 2013/05/24, 09:18:17.913, 1129030518123, QTAgent32.exe, Playback - [WARNING] Internal warning: Smart Match failed
\0
W, 3240, 23, 2013/05/24, 09:18:18.070, 1129032769547, QTAgent32.exe, Playback - [WARNING] Internal warning: Smart Match failed
\0
W, 3240, 23, 2013/05/24, 09:18:18.230, 1129035052026, QTAgent32.exe, Playback - [WARNING] Internal warning: Smart Match failed
\0
W, 3240, 23, 2013/05/24, 09:18:18.404, 1129037547303, QTAgent32.exe, Playback - [WARNING] Internal warning: Smart Match failed
\0
W, 3240, 23, 2013/05/24, 09:18:18.563, 1129039829224, QTAgent32.exe, Playback - [WARNING] Internal warning: Smart Match failed
\0
W, 3240, 23, 2013/05/24, 09:18:18.724, 1129042129294, QTAgent32.exe, Playback - [WARNING] Internal warning: Smart Match failed
\0
W, 3240, 23, 2013/05/24, 09:18:18.883, 1129044412612, QTAgent32.exe, Playback - [WARNING] Internal warning: Smart Match failed
\0
W, 3240, 23, 2013/05/24, 09:18:19.039, 1129046647189, QTAgent32.exe, Playback - [WARNING] Internal warning: Smart Match failed
\0
W, 3240, 23, 2013/05/24, 09:18:19.196, 1129048885980, QTAgent32.exe, Playback - [WARNING] Internal warning: Smart Match failed
\0
W, 3240, 23, 2013/05/24, 09:18:19.351, 1129051106356, QTAgent32.exe, Playback - [WARNING] Internal warning: Smart Match failed
\0
W, 3240, 23, 2013/05/24, 09:18:19.508, 1129053353833, QTAgent32.exe, Playback - [WARNING] Internal warning: Smart Match failed
\0
W, 3240, 23, 2013/05/24, 09:18:19.557, 1129054052301, QTAgent32.exe, Playback - [WARNING] Internal warning: Window Not Found: [VisibleOnly]ControlType='Window' &amp;&amp; Name='Warning' &amp;&amp; ClassName='#32770'
\0
E, 3240, 23, 2013/05/24, 09:18:19.557, 1129054053909, QTAgent32.exe, &lt;a class=failure&gt;Playback - {16} [FAILED] Function ElementFetcher::FindScreenElement failed to locate UI element (Searching: ;[VisibleOnly]ControlType='Window' &amp;&amp; Name='Warning' &amp;&amp; ClassName='#32770') (The object specified was not found.)
\0&lt;/a&gt;
E, 3240, 23, 2013/05/24, 09:18:19.599, 1129054657433, QTAgent32.exe, Playback - [IMAGE] C:\Users\testuser\AppData\Local\Temp\UITestLogs\LastRun\RPF3958.png
\0
W, 3240, 23, 2013/05/24, 09:18:19.599, 1129054658999, QTAgent32.exe, Playback - [WARNING] Internal warning: Couldn't find descendants that match QueryId
\0
W, 3240, 23, 2013/05/24, 09:18:19.599, 1129054661924, QTAgent32.exe, PERF WARNING: FindTopLevelWindowHelper::FindAllDescendents: took 3083 ms. Expected it to take maximum 500 ms.
E, 3240, 23, 2013/05/24, 09:18:19.599, 1129054663522, QTAgent32.exe, Exception: System.Runtime.InteropServices.COMException
	Message: Error HRESULT E_FAIL has been returned from a call to a COM component.
	Stack Trace:    at Microsoft.VisualStudio.TestTools.UITest.Playback.Engine.IRPFPlayback.FindAllScreenElements(IScreenElement pScreenElementStart, String bstrQueryId, Object&amp; pvarResKeys, Int32 cResKeys, Int32 nMaxDepth, Object[]&amp; foundDescendants)
   at Microsoft.VisualStudio.TestTools.UITest.Playback.ScreenElement.FindTopLevelWindowHelper(String queryId)
	BaseExceptionMessage: Error HRESULT E_FAIL has been returned from a call to a COM component.

E, 3240, 23, 2013/05/24, 09:18:19.715, 1129056319883, QTAgent32.exe, AL: Playback Error: Microsoft.VisualStudio.TestTools.UITest.Extension.UITestControlNotFoundException: The playback failed to find the control with the given search properties. Additional Details: 
TechnologyName:  'MSAA'
ControlType:  'Window'
Name:  'Warning'
ClassName:  '#32770'
 ---&gt; System.Runtime.InteropServices.COMException: Error HRESULT E_FAIL has been returned from a call to a COM component.
   at Microsoft.VisualStudio.TestTools.UITest.Playback.Engine.IRPFPlayback.FindAllScreenElements(IScreenElement pScreenElementStart, String bstrQueryId, Object&amp; pvarResKeys, Int32 cResKeys, Int32 nMaxDepth, Object[]&amp; foundDescendants)
   at Microsoft.VisualStudio.TestTools.UITest.Playback.ScreenElement.FindTopLevelWindowHelper(String queryId)
   at Microsoft.VisualStudio.TestTools.UITest.Playback.ScreenElement.FindFromPartialQueryId(String queryId)
   at Microsoft.VisualStudio.TestTools.UITesting.UITestControl..ctor(String queryId)
   --- End of inner exception stack trace ---
   at Microsoft.VisualStudio.TestTools.UITesting.Playback.MapControlNotFoundException(COMException ex, IPlaybackContext context)
   at Microsoft.VisualStudio.TestTools.UITesting.Playback.MapAndThrowComException(COMException innerException, IPlaybackContext context)
   at Microsoft.VisualStudio.TestTools.UITesting.Playback.MapAndThrowException(SystemException exception, IPlaybackContext context)
   at Microsoft.VisualStudio.TestTools.UITesting.Playback.MapAndThrowException(SystemException exception, String queryId)
   at Microsoft.VisualStudio.TestTools.UITesting.UITestControl..ctor(String queryId)
   at Microsoft.VisualStudio.TestTools.UITesting.SearchHelper.SearchTopLevelWindow(ISearchArgument topLevelSearchArg, String topLevelElementQueryId)
   at Microsoft.VisualStudio.TestTools.UITesting.SearchHelper.GetTitleUpdatedTopLevelWindow(ISearchArgument topLevelSearchArg, String queryId, IList`1 windowTitles)
   at Microsoft.VisualStudio.TestTools.UITesting.SearchHelper.GetTopLevelElement(Boolean useCache, Boolean useCacheOnly, ISearchArgument searchArg, IList`1 windowTitles, Int32&amp; timeLeft)
   at Microsoft.VisualStudio.TestTools.UITesting.SearchHelper.GetElement(Boolean useCache, ISearchArgument searchArg)
   at Microsoft.VisualStudio.TestTools.UITesting.SearchHelper.Search(ISearchArgument searchArg)
   at Microsoft.VisualStudio.TestTools.UITesting.UITestControl.FindInternal()
   at Microsoft.VisualStudio.TestTools.UITesting.UITestControl.FindControlIfNecessary()
   at Microsoft.VisualStudio.TestTools.UITesting.UITestControl.Click(MouseButtons button, ModifierKeys modifierKeys, Point relativeCoordinates)
   at Microsoft.VisualStudio.TestTools.UITesting.Mouse.ClickImplementation(UITestControl control, MouseButtons button, ModifierKeys modifierKeys, Point relativeCoordinate)
   at Microsoft.VisualStudio.TestTools.UITesting.Mouse.ClickImplementationWrapper(UITestControl control, MouseButtons button, ModifierKeys modifierKeys, Point relativeCoordinate)
W, 3240, 23, 2013/05/24, 09:18:19.715, 1129056323099, QTAgent32.exe, PlaybackErrorHandler: Ignoring exception as ContinueOnError is set.
W, 3240, 23, 2013/05/24, 09:18:19.747, 1129056780294, QTAgent32.exe, &lt;a class=success&gt;Playback - {17} [SUCCESS] TypeString "#(R)"
\0&lt;/a&gt;
E, 3240, 23, 2013/05/24, 09:18:20.249, 1129063965218, QTAgent32.exe, Exception: System.ArgumentException
	Message: Value does not fall within the expected range.
	Stack Trace:    at Accessibility.IAccessible.get_accRole(Object varChild)
   at Microsoft.VisualStudio.TestTools.UITest.Extension.Msaa.AccWrapper.get_RoleInt()
	BaseExceptionMessage: Value does not fall within the expected range.

E, 3240, 23, 2013/05/24, 09:18:20.256, 1129064072510, QTAgent32.exe, Exception: System.ArgumentException
	Message: Value does not fall within the expected range.
	Stack Trace:    at Accessibility.IAccessible.get_accRole(Object varChild)
   at Microsoft.VisualStudio.TestTools.UITest.Extension.Msaa.AccWrapper.get_RoleInt()
	BaseExceptionMessage: Value does not fall within the expected range.

W, 3240, 23, 2013/05/24, 09:18:20.485, 1129067351213, QTAgent32.exe, &lt;a class=success&gt;Playback - {18} [SUCCESS] LeftButtonClick  &lt; Mouse cursor location (87, 908) &gt;
\0&lt;/a&gt;
W, 3240, 23, 2013/05/24, 09:18:21.228, 1129077992413, QTAgent32.exe, &lt;a class=success&gt;Playback - {19} [SUCCESS] SetValueAsEditBox "c:\TestProject7\ourmma.reg"  &lt; Set via SendKeys &gt;
\0&lt;/a&gt;
W, 3240, 23, 2013/05/24, 09:18:21.229, 1129077994260, QTAgent32.exe, &lt;a class=success&gt;Playback - {20} [SUCCESS] SetValueAsComboBox "c:\TestProject7\ourmma.reg" - "[MSAA, VisibleOnly]ControlType='ComboBox' &amp;&amp; Name='Open:'"  &lt; Set via SetValueAsEditBox &gt;
\0&lt;/a&gt;
W, 3240, 23, 2013/05/24, 09:18:21.473, 1129081500225, QTAgent32.exe, &lt;a class=success&gt;Playback - {21} [SUCCESS] MouseButtonClick - "[MSAA, VisibleOnly]ControlType='Button' &amp;&amp; Name='OK'"
\0&lt;/a&gt;
W, 3240, 23, 2013/05/24, 09:18:21.874, 1129087223463, QTAgent32.exe, &lt;a class=success&gt;Playback - {22} [SUCCESS] MouseButtonClick - "[MSAA, VisibleOnly]ControlType='Button' &amp;&amp; Name='Yes'"
\0&lt;/a&gt;
W, 3240, 23, 2013/05/24, 09:18:24.156, 1129119910157, QTAgent32.exe, &lt;a class=success&gt;Playback - {23} [SUCCESS] MouseButtonClick - "[MSAA, VisibleOnly]ControlType='Button' &amp;&amp; Name='OK'"
\0&lt;/a&gt;
W, 3240, 23, 2013/05/24, 09:18:24.422, 1129123717053, QTAgent32.exe, &lt;a class=success&gt;Playback - {24} [SUCCESS] MouseButtonClick - "[MSAA, VisibleOnly]ControlType='Button' &amp;&amp; Name='Clients &amp; Files'"
\0&lt;/a&gt;
W, 3240, 23, 2013/05/24, 09:18:25.274, 1129135916255, QTAgent32.exe, PERF WARNING: FindTopLevelWindowHelper::FindAllDescendents: took 740 ms. Expected it to take maximum 500 ms.
W, 3240, 23, 2013/05/24, 09:18:25.553, 1129139912856, QTAgent32.exe, Playback - [WARNING] Internal warning: Incorrect flag set for InvokeProgrammaticAction\0
W, 3240, 23, 2013/05/24, 09:18:25.673, 1129141621083, QTAgent32.exe, &lt;a class=success&gt;Playback - {25} [SUCCESS] SetValueAsComboBox "Customers" - "[MSAA, VisibleOnly]ControlType='ComboBox'"  &lt; SetValueAsComboBox, set by clicking on the item in the list box &gt;
\0&lt;/a&gt;
W, 3240, 23, 2013/05/24, 09:18:26.165, 1129148665351, QTAgent32.exe, &lt;a class=success&gt;Playback - {26} [SUCCESS] MouseButtonClick - "[MSAA, VisibleOnly]ControlType='Button' &amp;&amp; Name='Add'"
\0&lt;/a&gt;
W, 3240, 23, 2013/05/24, 09:18:26.718, 1129156584819, QTAgent32.exe, &lt;a class=success&gt;Playback - {27} [SUCCESS] SendKeys "autotest" - "[MSAA, VisibleOnly]ControlType='RadioButton' &amp;&amp; Name='Personal Lines'"
\0&lt;/a&gt;
W, 3240, 23, 2013/05/24, 09:18:27.070, 1129161627092, QTAgent32.exe, &lt;a class=success&gt;Playback - {28} [SUCCESS] SetValueAsEditBox "autotest" - "[MSAA, VisibleOnly]ControlType='Edit'"  &lt; Set via SendKeys &gt;
\0&lt;/a&gt;
W, 3240, 23, 2013/05/24, 09:18:27.298, 1129164889616, QTAgent32.exe, &lt;a class=success&gt;Playback - {29} [SUCCESS] MouseButtonClick - "[MSAA, VisibleOnly]ControlType='Button' &amp;&amp; Name='OK'"
\0&lt;/a&gt;
W, 3240, 23, 2013/05/24, 09:18:27.563, 1129168692081, QTAgent32.exe, &lt;a class=success&gt;Playback - {30} [SUCCESS] MouseButtonClick - "[MSAA, VisibleOnly]ControlType='Button' &amp;&amp; Name='Yes'"
\0&lt;/a&gt;
W, 3240, 23, 2013/05/24, 09:18:27.818, 1129172335823, QTAgent32.exe, &lt;a class=success&gt;Playback - {31} [SUCCESS] SendKeys "^{HOME}" - "[MSAA, VisibleOnly]ControlType='Edit'"
\0&lt;/a&gt;
E, 3240, 23, 2013/05/24, 09:18:27.818, 1129172337829, QTAgent32.exe, Msaa.GetFocusedElement: could not find accessible object of foreground window
W, 3240, 23, 2013/05/24, 09:18:27.870, 1129173087484, QTAgent32.exe, &lt;a class=success&gt;Playback - {32} [SUCCESS] SendKeys "^+{END}" - "[MSAA, VisibleOnly]ControlType='Edit'"
\0&lt;/a&gt;
E, 3240, 23, 2013/05/24, 09:18:27.870, 1129173089182, QTAgent32.exe, Msaa.GetFocusedElement: could not find accessible object of foreground window
W, 3240, 23, 2013/05/24, 09:18:27.883, 1129173267416, QTAgent32.exe, &lt;a class=success&gt;Playback - {33} [SUCCESS] SendKeys "{DELETE}" - "[MSAA, VisibleOnly]ControlType='Edit'"
\0&lt;/a&gt;
W, 3240, 23, 2013/05/24, 09:18:27.935, 1129174021145, QTAgent32.exe, &lt;a class=success&gt;Playback - {34} [SUCCESS] SetValueAsEditBox "1" - "[MSAA, VisibleOnly]ControlType='Edit'"  &lt; Set via SendKeys &gt;
\0&lt;/a&gt;
W, 3240, 23, 2013/05/24, 09:18:28.124, 1129176718421, QTAgent32.exe, &lt;a class=success&gt;Playback - {35} [SUCCESS] SendKeys "^{HOME}" - "[MSAA, VisibleOnly]ControlType='Edit'"
\0&lt;/a&gt;
E, 3240, 23, 2013/05/24, 09:18:28.124, 1129176720529, QTAgent32.exe, Msaa.GetFocusedElement: could not find accessible object of foreground window
W, 3240, 23, 2013/05/24, 09:18:28.176, 1129177470433, QTAgent32.exe, &lt;a class=success&gt;Playback - {36} [SUCCESS] SendKeys "^+{END}" - "[MSAA, VisibleOnly]ControlType='Edit'"
\0&lt;/a&gt;
E, 3240, 23, 2013/05/24, 09:18:28.176, 1129177472588, QTAgent32.exe, Msaa.GetFocusedElement: could not find accessible object of foreground window
W, 3240, 23, 2013/05/24, 09:18:28.189, 1129177656579, QTAgent32.exe, &lt;a class=success&gt;Playback - {37} [SUCCESS] SendKeys "{DELETE}" - "[MSAA, VisibleOnly]ControlType='Edit'"
\0&lt;/a&gt;
W, 3240, 23, 2013/05/24, 09:18:28.241, 1129178403481, QTAgent32.exe, &lt;a class=success&gt;Playback - {38} [SUCCESS] SetValueAsEditBox "1" - "[MSAA, VisibleOnly]ControlType='Edit'"  &lt; Set via SendKeys &gt;
\0&lt;/a&gt;
W, 3240, 23, 2013/05/24, 09:18:29.847, 1129201390635, QTAgent32.exe, Playback - [WARNING] Internal warning: Target element "[MSAA, VisibleOnly]ControlType='Button' &amp;&amp; Name='OK'" was not found, so all intermediate elements were ignored. An incorrect element that matches target element Id can be found as the result.  Verify that all intermediate elements in QueryId have valid and unique Ids
\0
W, 3240, 23, 2013/05/24, 09:18:30.370, 1129208884922, QTAgent32.exe, PERF WARNING: FindAllDescendents: took 2028 ms. Expected it to take maximum 500 ms.
W, 3240, 23, 2013/05/24, 09:18:30.683, 1129213360246, QTAgent32.exe, &lt;a class=success&gt;Playback - {39} [SUCCESS] MouseButtonClick - "[MSAA, VisibleOnly]ControlType='Button' &amp;&amp; Name='OK'"
\0&lt;/a&gt;
W, 3240, 23, 2013/05/24, 09:18:31.042, 1129218503088, QTAgent32.exe, &lt;a class=success&gt;Playback - {40} [SUCCESS] MouseButtonClick - "[MSAA, VisibleOnly]ControlType='Button'"
\0&lt;/a&gt;
W, 3240, 23, 2013/05/24, 09:18:31.372, 1129223230625, QTAgent32.exe, &lt;a class=success&gt;Playback - {41} [SUCCESS] MouseButtonClick - "[MSAA, VisibleOnly]ControlType='Button' &amp;&amp; Name='Add'"
\0&lt;/a&gt;
W, 3240, 23, 2013/05/24, 09:18:31.711, 1129228082437, QTAgent32.exe, &lt;a class=success&gt;Playback - {42} [SUCCESS] MouseButtonClick - "[MSAA, VisibleOnly]ControlType='Button' &amp;&amp; Name='OK'"
\0&lt;/a&gt;
W, 3240, 23, 2013/05/24, 09:18:33.943, 1129260039361, QTAgent32.exe, &lt;a class=success&gt;Playback - {43} [SUCCESS] MouseButtonClick - "[MSAA, VisibleOnly,Window]ControlType='Window' &amp;&amp; ClassName='ThunderRT6TextBox'"
\0&lt;/a&gt;
W, 3240, 23, 2013/05/24, 09:18:34.204, 1129263772731, QTAgent32.exe, &lt;a class=success&gt;Playback - {44} [SUCCESS] SetValueAsEditBox "HOME" - "[MSAA, VisibleOnly]ControlType='Edit'"  &lt; Set via SendKeys &gt;
\0&lt;/a&gt;
W, 3240, 23, 2013/05/24, 09:18:34.513, 1129268199137, QTAgent32.exe, &lt;a class=success&gt;Playback - {45} [SUCCESS] MouseButtonClick - "[MSAA, VisibleOnly]ControlType='Button' &amp;&amp; Name='OK'"
\0&lt;/a&gt;
W, 3240, 23, 2013/05/24, 09:18:34.749, 1129271582276, QTAgent32.exe, &lt;a class=success&gt;Playback - {46} [SUCCESS] MouseButtonClick - "[MSAA, VisibleOnly]ControlType='Button' &amp;&amp; Name='Options'"
\0&lt;/a&gt;
W, 3240, 23, 2013/05/24, 09:18:34.849, 1129273016303, QTAgent32.exe, FindScreenElementInSinglePass : Attempting to find control in one pass of search. Failures can occur.
W, 3240, 23, 2013/05/24, 09:18:34.992, 1129275053917, QTAgent32.exe, &lt;a class=success&gt;Playback - {47} [SUCCESS] MouseButtonClick - "[MSAA]ControlType='MenuItem' &amp;&amp; Name='Links'"
\0&lt;/a&gt;
W, 3240, 23, 2013/05/24, 09:18:35.092, 1129276489552, QTAgent32.exe, FindScreenElementInSinglePass : Attempting to find control in one pass of search. Failures can occur.
W, 3240, 23, 2013/05/24, 09:18:35.247, 1129278706270, QTAgent32.exe, &lt;a class=success&gt;Playback - {48} [SUCCESS] MouseButtonClick - "[MSAA]ControlType='MenuItem' &amp;&amp; Name='3rd Party Integration'"
\0&lt;/a&gt;
W, 3240, 23, 2013/05/24, 09:18:35.347, 1129280141988, QTAgent32.exe, FindScreenElementInSinglePass : Attempting to find control in one pass of search. Failures can occur.
W, 3240, 23, 2013/05/24, 09:18:35.497, 1129282291145, QTAgent32.exe, &lt;a class=success&gt;Playback - {49} [SUCCESS] MouseButtonClick - "[MSAA]ControlType='MenuItem' &amp;&amp; Name='Quote Select List'"
\0&lt;/a&gt;
W, 3240, 23, 2013/05/24, 09:18:36.810, 1129301088984, QTAgent32.exe, PERF WARNING: FindTopLevelWindowHelper::FindAllDescendents: took 1210 ms. Expected it to take maximum 500 ms.
W, 3240, 23, 2013/05/24, 09:18:36.946, 1129303034452, QTAgent32.exe, &lt;a class=success&gt;Playback - {50} [SUCCESS] MouseButtonClick - "[MSAA, VisibleOnly]ControlType='Button' &amp;&amp; Name='Ok'"
\0&lt;/a&gt;
W, 3240, 23, 2013/05/24, 09:18:39.381, 1129337903724, QTAgent32.exe, PERF WARNING: FindTopLevelWindowHelper::FindAllDescendents: took 2334 ms. Expected it to take maximum 500 ms.
W, 3240, 23, 2013/05/24, 09:18:39.468, 1129339142697, QTAgent32.exe, &lt;a class=success&gt;Playback - {51} [SUCCESS] SendKeys "^{HOME}" - "[MSAA, VisibleOnly]ControlType='Edit'"
\0&lt;/a&gt;
E, 3240, 23, 2013/05/24, 09:18:39.468, 1129339144817, QTAgent32.exe, Msaa.GetFocusedElement: could not find accessible object of foreground window
W, 3240, 23, 2013/05/24, 09:18:39.521, 1129339909147, QTAgent32.exe, &lt;a class=success&gt;Playback - {52} [SUCCESS] SendKeys "^+{END}" - "[MSAA, VisibleOnly]ControlType='Edit'"
\0&lt;/a&gt;
E, 3240, 23, 2013/05/24, 09:18:39.521, 1129339911193, QTAgent32.exe, Msaa.GetFocusedElement: could not find accessible object of foreground window
W, 3240, 23, 2013/05/24, 09:18:39.534, 1129340088602, QTAgent32.exe, &lt;a class=success&gt;Playback - {53} [SUCCESS] SendKeys "{DELETE}" - "[MSAA, VisibleOnly]ControlType='Edit'"
\0&lt;/a&gt;
W, 3240, 23, 2013/05/24, 09:18:39.733, 1129342940512, QTAgent32.exe, &lt;a class=success&gt;Playback - {54} [SUCCESS] SetValueAsEditBox "31/05/13" - "[MSAA, VisibleOnly]ControlType='Edit'"  &lt; Set via SendKeys &gt;
\0&lt;/a&gt;
W, 3240, 23, 2013/05/24, 09:18:40.036, 1129347279164, QTAgent32.exe, &lt;a class=success&gt;Playback - {55} [SUCCESS] SetValueAsEditBox "test1" - "[MSAA, VisibleOnly]ControlType='Edit'"  &lt; Set via SendKeys &gt;
\0&lt;/a&gt;
W, 3240, 23, 2013/05/24, 09:18:40.303, 1129351104539, QTAgent32.exe, &lt;a class=success&gt;Playback - {56} [SUCCESS] SetValueAsEditBox "test" - "[MSAA, VisibleOnly]ControlType='Edit'"  &lt; Set via SendKeys &gt;
\0&lt;/a&gt;
W, 3240, 23, 2013/05/24, 09:18:40.481, 1129353655992, QTAgent32.exe, &lt;a class=success&gt;Playback - {57} [SUCCESS] SendKeys "^{HOME}" - "[MSAA, VisibleOnly]ControlType='Edit'"
\0&lt;/a&gt;
E, 3240, 23, 2013/05/24, 09:18:40.481, 1129353657905, QTAgent32.exe, Msaa.GetFocusedElement: could not find accessible object of foreground window
W, 3240, 23, 2013/05/24, 09:18:40.533, 1129354401043, QTAgent32.exe, &lt;a class=success&gt;Playback - {58} [SUCCESS] SendKeys "^+{END}" - "[MSAA, VisibleOnly]ControlType='Edit'"
\0&lt;/a&gt;
E, 3240, 23, 2013/05/24, 09:18:40.533, 1129354403305, QTAgent32.exe, Msaa.GetFocusedElement: could not find accessible object of foreground window
W, 3240, 23, 2013/05/24, 09:18:40.547, 1129354594748, QTAgent32.exe, &lt;a class=success&gt;Playback - {59} [SUCCESS] SendKeys "{DELETE}" - "[MSAA, VisibleOnly]ControlType='Edit'"
\0&lt;/a&gt;
W, 3240, 23, 2013/05/24, 09:18:40.657, 1129356179186, QTAgent32.exe, &lt;a class=success&gt;Playback - {60} [SUCCESS] SetValueAsEditBox "test" - "[MSAA, VisibleOnly]ControlType='Edit'"  &lt; Set via SendKeys &gt;
\0&lt;/a&gt;
W, 3240, 23, 2013/05/24, 09:18:40.974, 1129360709950, QTAgent32.exe, Playback - [WARNING] Internal warning: Incorrect flag set for InvokeProgrammaticAction\0
W, 3240, 23, 2013/05/24, 09:18:41.093, 1129362411055, QTAgent32.exe, &lt;a class=success&gt;Playback - {61} [SUCCESS] SetValueAsComboBox "Account Director" - "[MSAA, VisibleOnly]ControlType='ComboBox'"  &lt; SetValueAsComboBox, set by clicking on the item in the list box &gt;
\0&lt;/a&gt;
W, 3240, 23, 2013/05/24, 09:18:41.405, 1129366885824, QTAgent32.exe, Playback - [WARNING] Internal warning: Incorrect flag set for InvokeProgrammaticAction\0
W, 3240, 23, 2013/05/24, 09:18:41.523, 1129368567569, QTAgent32.exe, &lt;a class=success&gt;Playback - {62} [SUCCESS] SetValueAsComboBox "Advertising" - "[MSAA, VisibleOnly]ControlType='ComboBox'"  &lt; SetValueAsComboBox, set by clicking on the item in the list box &gt;
\0&lt;/a&gt;
W, 3240, 23, 2013/05/24, 09:18:41.831, 1129372983524, QTAgent32.exe, &lt;a class=success&gt;Playback - {63} [SUCCESS] SetValueAsEditBox "160589" - "[MSAA, VisibleOnly]ControlType='Edit'"  &lt; Set via SendKeys &gt;
\0&lt;/a&gt;
W, 3240, 23, 2013/05/24, 09:18:42.061, 1129376269831, QTAgent32.exe, &lt;a class=success&gt;Playback - {64} [SUCCESS] MouseButtonClick - "[MSAA, VisibleOnly]ControlType='Edit'"
\0&lt;/a&gt;
W, 3240, 23, 2013/05/24, 09:18:42.356, 1129380495006, QTAgent32.exe, &lt;a class=success&gt;Playback - {65} [SUCCESS] SetValueAsEditBox "BN16BN" - "[MSAA, VisibleOnly]ControlType='Edit'"  &lt; Set via SendKeys &gt;
\0&lt;/a&gt;
W, 3240, 23, 2013/05/24, 09:18:44.583, 1129412382854, QTAgent32.exe, &lt;a class=success&gt;Playback - {66} [SUCCESS] MouseButtonClick - "[MSAA, VisibleOnly]ControlType='Button' &amp;&amp; Name='Lookup...'"
\0&lt;/a&gt;
W, 3240, 23, 2013/05/24, 09:18:44.840, 1129416065438, QTAgent32.exe, &lt;a class=success&gt;Playback - {67} [SUCCESS] MouseButtonClick - "[MSAA, VisibleOnly]ControlType='Button' &amp;&amp; Name='Ok'"
\0&lt;/a&gt;
W, 3240, 23, 2013/05/24, 09:18:45.125, 1129420147604, QTAgent32.exe, &lt;a class=success&gt;Playback - {68} [SUCCESS] MouseButtonClick - "[MSAA, VisibleOnly]ControlType='Button' &amp;&amp; Name='Next &gt;'"
\0&lt;/a&gt;
W, 3240, 23, 2013/05/24, 09:18:45.456, 1129424879256, QTAgent32.exe, &lt;a class=success&gt;Playback - {69} [SUCCESS] SetValueAsEditBox "1989" - "[MSAA, VisibleOnly]ControlType='Edit'"  &lt; Set via SendKeys &gt;
\0&lt;/a&gt;
W, 3240, 23, 2013/05/24, 09:18:45.726, 1129428742799, QTAgent32.exe, &lt;a class=success&gt;Playback - {70} [SUCCESS] MouseButtonClick - "[MSAA, VisibleOnly]ControlType='Button' &amp;&amp; Name='Next &gt;'"
\0&lt;/a&gt;
W, 3240, 23, 2013/05/24, 09:18:45.965, 1129432165485, QTAgent32.exe, &lt;a class=success&gt;Playback - {71} [SUCCESS] MouseButtonClick - "[MSAA, VisibleOnly]ControlType='Button' &amp;&amp; Name='Next &gt;'"
\0&lt;/a&gt;
W, 3240, 23, 2013/05/24, 09:18:46.174, 1129435166332, QTAgent32.exe, &lt;a class=success&gt;Playback - {72} [SUCCESS] MouseButtonClick - "[MSAA, VisibleOnly]ControlType='Button' &amp;&amp; Name='Next &gt;'"
\0&lt;/a&gt;
W, 3240, 23, 2013/05/24, 09:18:46.482, 1129439572833, QTAgent32.exe, &lt;a class=success&gt;Playback - {73} [SUCCESS] SetValueAsEditBox "2345" - "[MSAA, VisibleOnly]ControlType='Edit'"  &lt; Set via SendKeys &gt;
\0&lt;/a&gt;
W, 3240, 23, 2013/05/24, 09:18:46.797, 1129444089733, QTAgent32.exe, &lt;a class=success&gt;Playback - {74} [SUCCESS] SetValueAsEditBox "2000" - "[MSAA, VisibleOnly]ControlType='Edit'"  &lt; Set via SendKeys &gt;
\0&lt;/a&gt;
W, 3240, 23, 2013/05/24, 09:18:47.109, 1129448557460, QTAgent32.exe, &lt;a class=success&gt;Playback - {75} [SUCCESS] SetValueAsEditBox "2000" - "[MSAA, VisibleOnly]ControlType='Edit'"  &lt; Set via SendKeys &gt;
\0&lt;/a&gt;
W, 3240, 23, 2013/05/24, 09:18:47.339, 1129451845188, QTAgent32.exe, &lt;a class=success&gt;Playback - {76} [SUCCESS] MouseButtonClick - "[MSAA, VisibleOnly]ControlType='Button' &amp;&amp; Name='Next &gt;'"
\0&lt;/a&gt;
W, 3240, 23, 2013/05/24, 09:18:47.654, 1129456354861, QTAgent32.exe, &lt;a class=success&gt;Playback - {77} [SUCCESS] SetValueAsEditBox "2345" - "[MSAA, VisibleOnly]ControlType='Edit'"  &lt; Set via SendKeys &gt;
\0&lt;/a&gt;
W, 3240, 23, 2013/05/24, 09:18:47.900, 1129459882283, QTAgent32.exe, &lt;a class=success&gt;Playback - {78} [SUCCESS] MouseButtonClick - "[MSAA, VisibleOnly]ControlType='Button' &amp;&amp; Name='Next &gt;'"
\0&lt;/a&gt;
W, 3240, 23, 2013/05/24, 09:18:48.141, 1129463335005, QTAgent32.exe, &lt;a class=success&gt;Playback - {79} [SUCCESS] MouseButtonClick - "[MSAA, VisibleOnly]ControlType='Button' &amp;&amp; Name='Next &gt;'"
\0&lt;/a&gt;
W, 3240, 23, 2013/05/24, 09:18:48.451, 1129467767076, QTAgent32.exe, &lt;a class=success&gt;Playback - {80} [SUCCESS] MouseButtonClick - "[MSAA, VisibleOnly]ControlType='Button' &amp;&amp; Name='Quote'"
\0&lt;/a&gt;
W, 3240, 23, 2013/05/24, 09:18:48.691, 1129471204350, QTAgent32.exe, &lt;a class=success&gt;Playback - {81} [SUCCESS] MouseButtonClick - "[MSAA, VisibleOnly]ControlType='Button' &amp;&amp; Name='No'"
\0&lt;/a&gt;
W, 3240, 23, 2013/05/24, 09:18:48.919, 1129474469263, QTAgent32.exe, &lt;a class=success&gt;Playback - {82} [SUCCESS] MouseButtonClick - "[MSAA, VisibleOnly]ControlType='Button' &amp;&amp; Name='Ok'"
\0&lt;/a&gt;
W, 3240, 23, 2013/05/24, 09:18:51.290, 1129508419197, QTAgent32.exe, PERF WARNING: FindTopLevelWindowHelper::FindAllDescendents: took 2271 ms. Expected it to take maximum 500 ms.
W, 3240, 23, 2013/05/24, 09:18:51.413, 1129510181793, QTAgent32.exe, &lt;a class=success&gt;Playback - {83} [SUCCESS] MouseButtonClick - "[MSAA, VisibleOnly]ControlType='Client'"
\0&lt;/a&gt;
W, 3240, 23, 2013/05/24, 09:18:52.961, 1129532344400, QTAgent32.exe, &lt;a class=success&gt;Playback - {84} [SUCCESS] SendKeys "{Home}" - "[MSAA, VisibleOnly]ControlType='Client'"
\0&lt;/a&gt;
W, 3240, 23, 2013/05/24, 09:18:54.386, 1129552746461, QTAgent32.exe, &lt;a class=success&gt;Playback - {85} [SUCCESS] MouseButtonClick - "[MSAA, VisibleOnly]ControlType='Button' &amp;&amp; Name='Accept'"
\0&lt;/a&gt;
W, 3240, 23, 2013/05/24, 09:18:54.619, 1129556083051, QTAgent32.exe, &lt;a class=success&gt;Playback - {86} [SUCCESS] MouseButtonClick - "[MSAA, VisibleOnly]ControlType='Button' &amp;&amp; Name='Yes'"
\0&lt;/a&gt;
W, 3240, 23, 2013/05/24, 09:18:54.851, 1129559404044, QTAgent32.exe, &lt;a class=success&gt;Playback - {87} [SUCCESS] MouseButtonClick - "[MSAA, VisibleOnly]ControlType='Button' &amp;&amp; Name='Ok'"
\0&lt;/a&gt;
W, 3240, 23, 2013/05/24, 09:19:04.391, 1129696002115, QTAgent32.exe, Playback - [WARNING] Internal warning: Window Not Found: [VisibleOnly]ControlType='Window' &amp;&amp; Name='Save the file as' &amp;&amp; ClassName='#32770'
\0
E, 3240, 23, 2013/05/24, 09:19:04.391, 1129696004603, QTAgent32.exe, &lt;a class=failure&gt;Playback - {88} [FAILED] Function ElementFetcher::FindScreenElement failed to locate UI element (Searching: ;[VisibleOnly]ControlType='Window' &amp;&amp; Name='Save the file as' &amp;&amp; ClassName='#32770') (The object specified was not found.)
\0&lt;/a&gt;
E, 3240, 23, 2013/05/24, 09:19:04.433, 1129696602587, QTAgent32.exe, Playback - [IMAGE] C:\Users\testuser\AppData\Local\Temp\UITestLogs\LastRun\RPFE87C.png
\0
W, 3240, 23, 2013/05/24, 09:19:04.433, 1129696604546, QTAgent32.exe, Playback - [WARNING] Internal warning: Couldn't find descendants that match QueryId
\0
W, 3240, 23, 2013/05/24, 09:19:04.433, 1129696607135, QTAgent32.exe, PERF WARNING: FindTopLevelWindowHelper::FindAllDescendents: took 9478 ms. Expected it to take maximum 500 ms.
W, 3240, 23, 2013/05/24, 09:19:23.175, 1129964954235, QTAgent32.exe, Playback - [WARNING] Internal warning: Window Not Found: [VisibleOnly]ControlType='Window' &amp;&amp; Name='Save the file as' &amp;&amp; ClassName='#32770'
\0
E, 3240, 23, 2013/05/24, 09:19:23.175, 1129964956590, QTAgent32.exe, &lt;a class=failure&gt;Playback - {89} [FAILED] Function ElementFetcher::FindScreenElement failed to locate UI element (Searching: ;[VisibleOnly]ControlType='Window' &amp;&amp; Name='Save the file as' &amp;&amp; ClassName='#32770') (The object specified was not found.)
\0&lt;/a&gt;
E, 3240, 23, 2013/05/24, 09:19:23.218, 1129965570824, QTAgent32.exe, Playback - [IMAGE] C:\Users\testuser\AppData\Local\Temp\UITestLogs\LastRun\RPF31DB.png
\0
W, 3240, 23, 2013/05/24, 09:19:23.218, 1129965572323, QTAgent32.exe, Playback - [WARNING] Internal warning: Couldn't find descendants that match QueryId
\0
W, 3240, 23, 2013/05/24, 09:19:23.218, 1129965574689, QTAgent32.exe, PERF WARNING: FindTopLevelWindowHelper::FindAllDescendents: took 18784 ms. Expected it to take maximum 500 ms.
W, 3240, 23, 2013/05/24, 09:19:26.428, 1130011531398, QTAgent32.exe, Playback - [WARNING] Internal warning: Smart Match failed
\0
W, 3240, 23, 2013/05/24, 09:19:27.848, 1130031863936, QTAgent32.exe, Playback - [WARNING] Internal warning: Window Not Found: [VisibleOnly]ControlType='Window' &amp;&amp; Name='Save the file as' &amp;&amp; ClassName='#32770'
\0
E, 3240, 23, 2013/05/24, 09:19:27.848, 1130031866165, QTAgent32.exe, &lt;a class=failure&gt;Playback - {90} [FAILED] Function ElementFetcher::FindScreenElement failed to locate UI element (Searching: ;[VisibleOnly]ControlType='Window' &amp;&amp; Name='Save the file as' &amp;&amp; ClassName='#32770') (The object specified was not found.)
\0&lt;/a&gt;
E, 3240, 23, 2013/05/24, 09:19:27.891, 1130032478811, QTAgent32.exe, Playback - [IMAGE] C:\Users\testuser\AppData\Local\Temp\UITestLogs\LastRun\RPF4425.png
\0
W, 3240, 23, 2013/05/24, 09:19:27.891, 1130032481069, QTAgent32.exe, Playback - [WARNING] Internal warning: Couldn't find descendants that match QueryId
\0
W, 3240, 23, 2013/05/24, 09:19:27.891, 1130032483432, QTAgent32.exe, PERF WARNING: FindTopLevelWindowHelper::FindAllDescendents: took 4672 ms. Expected it to take maximum 500 ms.
E, 3240, 23, 2013/05/24, 09:19:27.891, 1130032485028, QTAgent32.exe, Exception: System.Runtime.InteropServices.COMException
	Message: Error HRESULT E_FAIL has been returned from a call to a COM component.
	Stack Trace:    at Microsoft.VisualStudio.TestTools.UITest.Playback.Engine.IRPFPlayback.FindAllScreenElements(IScreenElement pScreenElementStart, String bstrQueryId, Object&amp; pvarResKeys, Int32 cResKeys, Int32 nMaxDepth, Object[]&amp; foundDescendants)
   at Microsoft.VisualStudio.TestTools.UITest.Playback.ScreenElement.FindTopLevelWindowHelper(String queryId)
	BaseExceptionMessage: Error HRESULT E_FAIL has been returned from a call to a COM component.

E, 3240, 23, 2013/05/24, 09:19:27.992, 1130033924800, QTAgent32.exe, AL: Playback Error: Microsoft.VisualStudio.TestTools.UITest.Extension.UITestControlNotFoundException: The playback failed to find the control with the given search properties. Additional Details: 
TechnologyName:  'MSAA'
ControlType:  'Window'
Name:  'Save the file as'
ClassName:  '#32770'
 ---&gt; System.Runtime.InteropServices.COMException: Error HRESULT E_FAIL has been returned from a call to a COM component.
   at Microsoft.VisualStudio.TestTools.UITest.Playback.Engine.IRPFPlayback.FindAllScreenElements(IScreenElement pScreenElementStart, String bstrQueryId, Object&amp; pvarResKeys, Int32 cResKeys, Int32 nMaxDepth, Object[]&amp; foundDescendants)
   at Microsoft.VisualStudio.TestTools.UITest.Playback.ScreenElement.FindTopLevelWindowHelper(String queryId)
   at Microsoft.VisualStudio.TestTools.UITest.Playback.ScreenElement.FindFromPartialQueryId(String queryId)
   at Microsoft.VisualStudio.TestTools.UITesting.UITestControl..ctor(String queryId)
   --- End of inner exception stack trace ---
   at Microsoft.VisualStudio.TestTools.UITesting.Playback.MapControlNotFoundException(COMException ex, IPlaybackContext context)
   at Microsoft.VisualStudio.TestTools.UITesting.Playback.MapAndThrowComException(COMException innerException, IPlaybackContext context)
   at Microsoft.VisualStudio.TestTools.UITesting.Playback.MapAndThrowException(SystemException exception, IPlaybackContext context)
   at Microsoft.VisualStudio.TestTools.UITesting.Playback.MapAndThrowException(SystemException exception, String queryId)
   at Microsoft.VisualStudio.TestTools.UITesting.UITestControl..ctor(String queryId)
   at Microsoft.VisualStudio.TestTools.UITesting.SearchHelper.SearchTopLevelWindow(ISearchArgument topLevelSearchArg, String topLevelElementQueryId)
   at Microsoft.VisualStudio.TestTools.UITesting.SearchHelper.GetTitleUpdatedTopLevelWindow(ISearchArgument topLevelSearchArg, String queryId, IList`1 windowTitles)
   at Microsoft.VisualStudio.TestTools.UITesting.SearchHelper.GetTopLevelElement(Boolean useCache, Boolean useCacheOnly, ISearchArgument searchArg, IList`1 windowTitles, Int32&amp; timeLeft)
   at Microsoft.VisualStudio.TestTools.UITesting.SearchHelper.GetElement(Boolean useCache, ISearchArgument searchArg)
   at Microsoft.VisualStudio.TestTools.UITesting.SearchHelper.Search(ISearchArgument searchArg)
   at Microsoft.VisualStudio.TestTools.UITesting.UITestControl.FindInternal()
   at Microsoft.VisualStudio.TestTools.UITesting.UITestControl.FindControlIfNecessary()
   at Microsoft.VisualStudio.TestTools.UITesting.UITestControl.Click(MouseButtons button, ModifierKeys modifierKeys, Point relativeCoordinates)
   at Microsoft.VisualStudio.TestTools.UITesting.Mouse.ClickImplementation(UITestControl control, MouseButtons button, ModifierKeys modifierKeys, Point relativeCoordinate)
   at Microsoft.VisualStudio.TestTools.UITesting.Mouse.ClickImplementationWrapper(UITestControl control, MouseButtons button, ModifierKeys modifierKeys, Point relativeCoordinate)
W, 3240, 23, 2013/05/24, 09:19:27.992, 1130033926548, QTAgent32.exe, PlaybackErrorHandler: Ignoring exception as ContinueOnError is set.
W, 3240, 23, 2013/05/24, 09:19:28.120, 1130035758989, QTAgent32.exe, &lt;a class=success&gt;Playback - {91} [SUCCESS] MouseButtonClick - "[MSAA, VisibleOnly]ControlType='Button' &amp;&amp; Name='OK'"
\0&lt;/a&gt;
W, 3240, 23, 2013/05/24, 09:19:29.195, 1130051148197, QTAgent32.exe, PERF WARNING: FindTopLevelWindowHelper::FindAllDescendents: took 974 ms. Expected it to take maximum 500 ms.
W, 3240, 23, 2013/05/24, 09:19:29.322, 1130052957827, QTAgent32.exe, &lt;a class=success&gt;Playback - {92} [SUCCESS] MouseButtonClick - "[MSAA, VisibleOnly]ControlType='Button' &amp;&amp; Name='Ok'"
\0&lt;/a&gt;
W, 3240, 23, 2013/05/24, 09:19:29.546, 1130056175547, QTAgent32.exe, &lt;a class=success&gt;Playback - {93} [SUCCESS] MouseButtonClick - "[MSAA, VisibleOnly]ControlType='Button' &amp;&amp; Name='Ok'"
\0&lt;/a&gt;
W, 3240, 23, 2013/05/24, 09:19:29.915, 1130061453474, QTAgent32.exe, &lt;a class=success&gt;Playback - {94} [SUCCESS] SetValueAsEditBox "B338TH" - "[MSAA, VisibleOnly]ControlType='Edit'"  &lt; Set via SendKeys &gt;
\0&lt;/a&gt;
W, 3240, 23, 2013/05/24, 09:19:32.139, 1130093298830, QTAgent32.exe, &lt;a class=success&gt;Playback - {95} [SUCCESS] MouseButtonClick - "[MSAA, VisibleOnly]ControlType='Button' &amp;&amp; Name='Lookup...'"
\0&lt;/a&gt;
W, 3240, 23, 2013/05/24, 09:19:32.375, 1130096685294, QTAgent32.exe, &lt;a class=success&gt;Playback - {96} [SUCCESS] MouseButtonClick - "[MSAA, VisibleOnly]ControlType='Button' &amp;&amp; Name='Ok'"
\0&lt;/a&gt;
W, 3240, 23, 2013/05/24, 09:19:32.648, 1130100591306, QTAgent32.exe, &lt;a class=success&gt;Playback - {97} [SUCCESS] MouseButtonClick - "[MSAA, VisibleOnly]ControlType='Button' &amp;&amp; Name='Confirm'"
\0&lt;/a&gt;
W, 3240, 23, 2013/05/24, 09:19:57.251, 1130452856845, QTAgent32.exe, Playback - [WARNING] Internal warning: Window Not Found: [VisibleOnly]ControlType='Window' &amp;&amp; Name='Personal Lines' &amp;&amp; ClassName='#32770'
\0
E, 3240, 23, 2013/05/24, 09:19:57.251, 1130452859448, QTAgent32.exe, &lt;a class=failure&gt;Playback - {98} [FAILED] Function ElementFetcher::FindScreenElement failed to locate UI element (Searching: ;[VisibleOnly]ControlType='Window' &amp;&amp; Name='Personal Lines' &amp;&amp; ClassName='#32770') (The object specified was not found.)
\0&lt;/a&gt;
E, 3240, 23, 2013/05/24, 09:19:57.293, 1130453463470, QTAgent32.exe, Playback - [IMAGE] C:\Users\testuser\AppData\Local\Temp\UITestLogs\LastRun\RPFB704.png
\0
W, 3240, 23, 2013/05/24, 09:19:57.293, 1130453465030, QTAgent32.exe, Playback - [WARNING] Internal warning: Couldn't find descendants that match QueryId
\0
W, 3240, 23, 2013/05/24, 09:19:57.294, 1130453467702, QTAgent32.exe, PERF WARNING: FindTopLevelWindowHelper::FindAllDescendents: took 24544 ms. Expected it to take maximum 500 ms.
W, 3240, 23, 2013/05/24, 09:20:15.844, 1130719073626, QTAgent32.exe, Playback - [WARNING] Internal warning: Window Not Found: [VisibleOnly]ControlType='Window' &amp;&amp; Name='Personal Lines' &amp;&amp; ClassName='#32770'
\0
E, 3240, 23, 2013/05/24, 09:20:15.844, 1130719075961, QTAgent32.exe, &lt;a class=failure&gt;Playback - {99} [FAILED] Function ElementFetcher::FindScreenElement failed to locate UI element (Searching: ;[VisibleOnly]ControlType='Window' &amp;&amp; Name='Personal Lines' &amp;&amp; ClassName='#32770') (The object specified was not found.)
\0&lt;/a&gt;
E, 3240, 23, 2013/05/24, 09:20:15.891, 1130719745186, QTAgent32.exe, Playback - [IMAGE] C:\Users\testuser\AppData\Local\Temp\UITestLogs\LastRun\RPFFF98.png
\0
W, 3240, 23, 2013/05/24, 09:20:15.891, 1130719746925, QTAgent32.exe, Playback - [WARNING] Internal warning: Couldn't find descendants that match QueryId
\0
W, 3240, 23, 2013/05/24, 09:20:15.891, 1130719749326, QTAgent32.exe, PERF WARNING: FindTopLevelWindowHelper::FindAllDescendents: took 18597 ms. Expected it to take maximum 500 ms.
W, 3240, 23, 2013/05/24, 09:20:19.168, 1130766675059, QTAgent32.exe, Playback - [WARNING] Internal warning: Smart Match failed
\0
W, 3240, 23, 2013/05/24, 09:20:20.586, 1130786971603, QTAgent32.exe, Playback - [WARNING] Internal warning: Window Not Found: [VisibleOnly]ControlType='Window' &amp;&amp; Name='Personal Lines' &amp;&amp; ClassName='#32770'
\0
E, 3240, 23, 2013/05/24, 09:20:20.586, 1130786973875, QTAgent32.exe, &lt;a class=failure&gt;Playback - {100} [FAILED] Function ElementFetcher::FindScreenElement failed to locate UI element (Searching: ;[VisibleOnly]ControlType='Window' &amp;&amp; Name='Personal Lines' &amp;&amp; ClassName='#32770') (The object specified was not found.)
\0&lt;/a&gt;
E, 3240, 23, 2013/05/24, 09:20:20.629, 1130787587589, QTAgent32.exe, Playback - [IMAGE] C:\Users\testuser\AppData\Local\Temp\UITestLogs\LastRun\RPF1220.png
\0
W, 3240, 23, 2013/05/24, 09:20:20.629, 1130787589150, QTAgent32.exe, Playback - [WARNING] Internal warning: Couldn't find descendants that match QueryId
\0
W, 3240, 23, 2013/05/24, 09:20:20.629, 1130787591665, QTAgent32.exe, PERF WARNING: FindTopLevelWindowHelper::FindAllDescendents: took 4738 ms. Expected it to take maximum 500 ms.
E, 3240, 23, 2013/05/24, 09:20:20.629, 1130787593307, QTAgent32.exe, Exception: System.Runtime.InteropServices.COMException
	Message: Error HRESULT E_FAIL has been returned from a call to a COM component.
	Stack Trace:    at Microsoft.VisualStudio.TestTools.UITest.Playback.Engine.IRPFPlayback.FindAllScreenElements(IScreenElement pScreenElementStart, String bstrQueryId, Object&amp; pvarResKeys, Int32 cResKeys, Int32 nMaxDepth, Object[]&amp; foundDescendants)
   at Microsoft.VisualStudio.TestTools.UITest.Playback.ScreenElement.FindTopLevelWindowHelper(String queryId)
	BaseExceptionMessage: Error HRESULT E_FAIL has been returned from a call to a COM component.

E, 3240, 23, 2013/05/24, 09:20:20.630, 1130787597165, QTAgent32.exe, GetClassName for handle 1245874 failed
E, 3240, 23, 2013/05/24, 09:20:20.630, 1130787605563, QTAgent32.exe, Window 1245874 not responding. Last Win32 error 1400
E, 3240, 23, 2013/05/24, 09:20:20.630, 1130787606535, QTAgent32.exe, GetClassName for handle 1245874 failed
E, 3240, 23, 2013/05/24, 09:20:20.631, 1130787611186, QTAgent32.exe, Window 2819084 not responding. Last Win32 error 1400
E, 3240, 23, 2013/05/24, 09:20:20.631, 1130787612007, QTAgent32.exe, GetClassName for handle 2819084 failed
E, 3240, 23, 2013/05/24, 09:20:20.731, 1130789046307, QTAgent32.exe, AL: Playback Error: Microsoft.VisualStudio.TestTools.UITest.Extension.UITestControlNotAvailableException: The control is not available or not valid. Additional Details: 
TechnologyName:  'MSAA'
Name:  'OK'
ControlType:  'Button'
 ---&gt; Microsoft.VisualStudio.TestTools.UITest.Extension.UITestControlNotAvailableException: The control is not available or not valid. Additional Details: 
TechnologyName:  'MSAA'
ControlType:  'Window'
 ---&gt; System.Runtime.InteropServices.COMException: Error HRESULT E_FAIL has been returned from a call to a COM component.
   at Microsoft.VisualStudio.TestTools.UITest.Playback.Engine.IRPFPlayback.FindAllScreenElements(IScreenElement pScreenElementStart, String bstrQueryId, Object&amp; pvarResKeys, Int32 cResKeys, Int32 nMaxDepth, Object[]&amp; foundDescendants)
   at Microsoft.VisualStudio.TestTools.UITest.Playback.ScreenElement.FindTopLevelWindowHelper(String queryId)
   at Microsoft.VisualStudio.TestTools.UITest.Playback.ScreenElement.FindFromPartialQueryId(String queryId)
   at Microsoft.VisualStudio.TestTools.UITesting.UITestControl.EnsureValid(Boolean waitForReady, Boolean refetch)
   --- End of inner exception stack trace ---
   at Microsoft.VisualStudio.TestTools.UITesting.UITestControl.EnsureValid(Boolean waitForReady, Boolean refetch)
   at Microsoft.VisualStudio.TestTools.UITesting.UITestControl.FindFirstDescendant(String queryId, Int32 maxDepth, Int32&amp; timeLeft)
   at Microsoft.VisualStudio.TestTools.UITesting.UITestControl.FindFirstDescendant(String queryId)
   at Microsoft.VisualStudio.TestTools.UITesting.UITestControl.EnsureValid(Boolean waitForReady, Boolean refetch)
   --- End of inner exception stack trace ---
   at Microsoft.VisualStudio.TestTools.UITesting.UITestControl.EnsureValid(Boolean waitForReady, Boolean refetch)
   at Microsoft.VisualStudio.TestTools.UITesting.UITestControl.Click(MouseButtons button, ModifierKeys modifierKeys, Point relativeCoordinates)
   at Microsoft.VisualStudio.TestTools.UITesting.Mouse.ClickImplementation(UITestControl control, MouseButtons button, ModifierKeys modifierKeys, Point relativeCoordinate)
   at Microsoft.VisualStudio.TestTools.UITesting.Mouse.ClickImplementationWrapper(UITestControl control, MouseButtons button, ModifierKeys modifierKeys, Point relativeCoordinate)
W, 3240, 23, 2013/05/24, 09:20:20.731, 1130789047706, QTAgent32.exe, PlaybackErrorHandler: Ignoring exception as ContinueOnError is set.
W, 3240, 23, 2013/05/24, 09:20:20.864, 1130790958599, QTAgent32.exe, &lt;a class=success&gt;Playback - {101} [SUCCESS] Check - "[MSAA, VisibleOnly]ControlType='CheckBox' &amp;&amp; Name='Defer Printing?'"
\0&lt;/a&gt;
W, 3240, 23, 2013/05/24, 09:20:21.438, 1130799178015, QTAgent32.exe, &lt;a class=success&gt;Playback - {102} [SUCCESS] MouseButtonClick - "[MSAA, VisibleOnly]ControlType='Button' &amp;&amp; Name='Ok'"
\0&lt;/a&gt;
W, 3240, 23, 2013/05/24, 09:20:22.399, 1130812939156, QTAgent32.exe, PERF WARNING: FindTopLevelWindowHelper::FindAllDescendents: took 860 ms. Expected it to take maximum 500 ms.
W, 3240, 23, 2013/05/24, 09:20:22.543, 1130815001715, QTAgent32.exe, &lt;a class=success&gt;Playback - {103} [SUCCESS] Uncheck - "[MSAA, VisibleOnly]ControlType='CheckBox' &amp;&amp; Name='Add Activity'"
\0&lt;/a&gt;
W, 3240, 23, 2013/05/24, 09:20:22.943, 1130820721719, QTAgent32.exe, &lt;a class=success&gt;Playback - {104} [SUCCESS] MouseButtonClick - "[MSAA, VisibleOnly]ControlType='Button' &amp;&amp; Name='Ok'"
\0&lt;/a&gt;
W, 3240, 23, 2013/05/24, 09:20:23.196, 1130824343739, QTAgent32.exe, &lt;a class=success&gt;Playback - {105} [SUCCESS] MouseButtonClick - "[MSAA, VisibleOnly]ControlType='Button' &amp;&amp; Name='Ok'"
\0&lt;/a&gt;
W, 3240, 23, 2013/05/24, 09:20:26.765, 1130875454357, QTAgent32.exe, Playback - [WARNING] Internal warning: Window Not Found: [VisibleOnly]ControlType='Window' &amp;&amp; Name='Transaction to insert' &amp;&amp; ClassName='TfSelectItem'
\0
E, 3240, 23, 2013/05/24, 09:20:26.766, 1130875456676, QTAgent32.exe, &lt;a class=failure&gt;Playback - {106} [FAILED] Function ElementFetcher::FindScreenElement failed to locate UI element (Searching: ;[VisibleOnly]ControlType='Window' &amp;&amp; Name='Transaction to insert' &amp;&amp; ClassName='TfSelectItem') (The object specified was not found.)
\0&lt;/a&gt;
E, 3240, 23, 2013/05/24, 09:20:26.808, 1130876068638, QTAgent32.exe, Playback - [IMAGE] C:\Users\testuser\AppData\Local\Temp\UITestLogs\LastRun\RPF2A52.png
\0
W, 3240, 23, 2013/05/24, 09:20:26.808, 1130876070153, QTAgent32.exe, Playback - [WARNING] Internal warning: Couldn't find descendants that match QueryId
\0
W, 3240, 23, 2013/05/24, 09:20:26.809, 1130876072934, QTAgent32.exe, PERF WARNING: FindTopLevelWindowHelper::FindAllDescendents: took 3511 ms. Expected it to take maximum 500 ms.
W, 3240, 23, 2013/05/24, 09:20:45.044, 1131137161117, QTAgent32.exe, Playback - [WARNING] Internal warning: Window Not Found: [VisibleOnly]ControlType='Window' &amp;&amp; Name='Transaction to insert' &amp;&amp; ClassName='TfSelectItem'
\0
E, 3240, 23, 2013/05/24, 09:20:45.044, 1131137163618, QTAgent32.exe, &lt;a class=failure&gt;Playback - {107} [FAILED] Function ElementFetcher::FindScreenElement failed to locate UI element (Searching: ;[VisibleOnly]ControlType='Window' &amp;&amp; Name='Transaction to insert' &amp;&amp; ClassName='TfSelectItem') (The object specified was not found.)
\0&lt;/a&gt;
E, 3240, 23, 2013/05/24, 09:20:45.102, 1131137998444, QTAgent32.exe, Playback - [IMAGE] C:\Users\testuser\AppData\Local\Temp\UITestLogs\LastRun\RPF71AF.png
\0
W, 3240, 23, 2013/05/24, 09:20:45.102, 1131138000011, QTAgent32.exe, Playback - [WARNING] Internal warning: Couldn't find descendants that match QueryId
\0
W, 3240, 23, 2013/05/24, 09:20:45.102, 1131138002477, QTAgent32.exe, PERF WARNING: FindTopLevelWindowHelper::FindAllDescendents: took 18293 ms. Expected it to take maximum 500 ms.
W, 3240, 23, 2013/05/24, 09:20:45.826, 1131148366284, QTAgent32.exe, Playback - [WARNING] Internal warning: Smart Match failed
\0
W, 3240, 23, 2013/05/24, 09:20:46.413, 1131156765066, QTAgent32.exe, Playback - [WARNING] Internal warning: Smart Match failed
\0
W, 3240, 23, 2013/05/24, 09:20:46.998, 1131165149566, QTAgent32.exe, Playback - [WARNING] Internal warning: Smart Match failed
\0
W, 3240, 23, 2013/05/24, 09:20:47.579, 1131173467816, QTAgent32.exe, Playback - [WARNING] Internal warning: Smart Match failed
\0
W, 3240, 23, 2013/05/24, 09:20:48.161, 1131181795037, QTAgent32.exe, Playback - [WARNING] Internal warning: Smart Match failed
\0
W, 3240, 23, 2013/05/24, 09:20:48.438, 1131185768995, QTAgent32.exe, Playback - [WARNING] Internal warning: Window Not Found: [VisibleOnly]ControlType='Window' &amp;&amp; Name='Transaction to insert' &amp;&amp; ClassName='TfSelectItem'
\0
E, 3240, 23, 2013/05/24, 09:20:48.439, 1131185771883, QTAgent32.exe, &lt;a class=failure&gt;Playback - {108} [FAILED] Function ElementFetcher::FindScreenElement failed to locate UI element (Searching: ;[VisibleOnly]ControlType='Window' &amp;&amp; Name='Transaction to insert' &amp;&amp; ClassName='TfSelectItem') (The object specified was not found.)
\0&lt;/a&gt;
E, 3240, 23, 2013/05/24, 09:20:48.482, 1131186390915, QTAgent32.exe, Playback - [IMAGE] C:\Users\testuser\AppData\Local\Temp\UITestLogs\LastRun\RPF7EF9.png
\0
W, 3240, 23, 2013/05/24, 09:20:48.482, 1131186392692, QTAgent32.exe, Playback - [WARNING] Internal warning: Couldn't find descendants that match QueryId
\0
W, 3240, 23, 2013/05/24, 09:20:48.482, 1131186395230, QTAgent32.exe, PERF WARNING: FindTopLevelWindowHelper::FindAllDescendents: took 3379 ms. Expected it to take maximum 500 ms.
E, 3240, 23, 2013/05/24, 09:20:48.482, 1131186396927, QTAgent32.exe, Exception: System.Runtime.InteropServices.COMException
	Message: Error HRESULT E_FAIL has been returned from a call to a COM component.
	Stack Trace:    at Microsoft.VisualStudio.TestTools.UITest.Playback.Engine.IRPFPlayback.FindAllScreenElements(IScreenElement pScreenElementStart, String bstrQueryId, Object&amp; pvarResKeys, Int32 cResKeys, Int32 nMaxDepth, Object[]&amp; foundDescendants)
   at Microsoft.VisualStudio.TestTools.UITest.Playback.ScreenElement.FindTopLevelWindowHelper(String queryId)
	BaseExceptionMessage: Error HRESULT E_FAIL has been returned from a call to a COM component.

E, 3240, 23, 2013/05/24, 09:20:48.483, 1131186399502, QTAgent32.exe, Window 1639116 not responding. Last Win32 error 0
E, 3240, 23, 2013/05/24, 09:20:48.483, 1131186400446, QTAgent32.exe, GetClassName for handle 1639116 failed
E, 3240, 23, 2013/05/24, 09:20:48.483, 1131186404550, QTAgent32.exe, Window 1770642 not responding. Last Win32 error 1400
E, 3240, 23, 2013/05/24, 09:20:48.483, 1131186405337, QTAgent32.exe, GetClassName for handle 1770642 failed
E, 3240, 23, 2013/05/24, 09:20:48.583, 1131187844197, QTAgent32.exe, AL: Playback Error: Microsoft.VisualStudio.TestTools.UITest.Extension.UITestControlNotAvailableException: The control is not available or not valid. Additional Details: 
TechnologyName:  'MSAA'
Name:  'Ok'
ControlType:  'Button'
 ---&gt; Microsoft.VisualStudio.TestTools.UITest.Extension.UITestControlNotAvailableException: The control is not available or not valid. Additional Details: 
TechnologyName:  'MSAA'
Name:  'Transaction to insert'
ClassName:  'TfSelectItem'
ControlType:  'Window'
 ---&gt; System.Runtime.InteropServices.COMException: Error HRESULT E_FAIL has been returned from a call to a COM component.
   at Microsoft.VisualStudio.TestTools.UITest.Playback.Engine.IRPFPlayback.FindAllScreenElements(IScreenElement pScreenElementStart, String bstrQueryId, Object&amp; pvarResKeys, Int32 cResKeys, Int32 nMaxDepth, Object[]&amp; foundDescendants)
   at Microsoft.VisualStudio.TestTools.UITest.Playback.ScreenElement.FindTopLevelWindowHelper(String queryId)
   at Microsoft.VisualStudio.TestTools.UITest.Playback.ScreenElement.FindFromPartialQueryId(String queryId)
   at Microsoft.VisualStudio.TestTools.UITesting.UITestControl.EnsureValid(Boolean waitForReady, Boolean refetch)
   --- End of inner exception stack trace ---
   at Microsoft.VisualStudio.TestTools.UITesting.UITestControl.EnsureValid(Boolean waitForReady, Boolean refetch)
   at Microsoft.VisualStudio.TestTools.UITesting.UITestControl.FindFirstDescendant(String queryId, Int32 maxDepth, Int32&amp; timeLeft)
   at Microsoft.VisualStudio.TestTools.UITesting.UITestControl.FindFirstDescendant(String queryId)
   at Microsoft.VisualStudio.TestTools.UITesting.UITestControl.EnsureValid(Boolean waitForReady, Boolean refetch)
   --- End of inner exception stack trace ---
   at Microsoft.VisualStudio.TestTools.UITesting.UITestControl.EnsureValid(Boolean waitForReady, Boolean refetch)
   at Microsoft.VisualStudio.TestTools.UITesting.UITestControl.Click(MouseButtons button, ModifierKeys modifierKeys, Point relativeCoordinates)
   at Microsoft.VisualStudio.TestTools.UITesting.Mouse.ClickImplementation(UITestControl control, MouseButtons button, ModifierKeys modifierKeys, Point relativeCoordinate)
   at Microsoft.VisualStudio.TestTools.UITesting.Mouse.ClickImplementationWrapper(UITestControl control, MouseButtons button, ModifierKeys modifierKeys, Point relativeCoordinate)
W, 3240, 23, 2013/05/24, 09:20:48.584, 1131187846040, QTAgent32.exe, PlaybackErrorHandler: Ignoring exception as ContinueOnError is set.
W, 3240, 23, 2013/05/24, 09:20:50.725, 1131218513934, QTAgent32.exe, &lt;a class=success&gt;Playback - {109} [SUCCESS] MouseButtonClick - "[MSAA, VisibleOnly]ControlType='Button' &amp;&amp; Name='OK'"
\0&lt;/a&gt;
W, 3240, 23, 2013/05/24, 09:20:50.982, 1131222191551, QTAgent32.exe, &lt;a class=success&gt;Playback - {110} [SUCCESS] MouseButtonClick - "[MSAA, VisibleOnly]ControlType='Button' &amp;&amp; Name='Cancel'"
\0&lt;/a&gt;
W, 3240, 23, 2013/05/24, 09:20:51.330, 1131227167246, QTAgent32.exe, &lt;a class=success&gt;Playback - {111} [SUCCESS] MouseButtonClick - "[MSAA, VisibleOnly]ControlType='Button'"
\0&lt;/a&gt;
W, 3240, 23, 2013/05/24, 09:20:51.712, 1131232637455, QTAgent32.exe, &lt;a class=success&gt;Playback - {112} [SUCCESS] MouseButtonClick - "[MSAA, VisibleOnly]ControlType='Button' &amp;&amp; Name='Detail'"
\0&lt;/a&gt;
W, 3240, 23, 2013/05/24, 09:20:51.938, 1131235873822, QTAgent32.exe, &lt;a class=success&gt;Playback - {113} [SUCCESS] MouseButtonClick - "[MSAA, VisibleOnly]ControlType='Edit'"
\0&lt;/a&gt;
E, 3240, 23, 2013/05/24, 09:20:54.074, 1131266468787, QTAgent32.exe, IEDOM : Could not get valid window handle of Internet Explorer_server
W, 3240, 23, 2013/05/24, 09:20:54.075, 1131266470162, QTAgent32.exe, IEDOM : Unable to get the document Window Handle
W, 3240, 23, 2013/05/24, 09:20:54.946, 1131278946441, QTAgent32.exe, Playback - [WARNING] Internal warning: Window Not Found: [VisibleOnly]ControlType='Window' &amp;&amp; Name='Connect to www.insur-econnect.com'
\0
E, 3240, 23, 2013/05/24, 09:20:54.946, 1131278948290, QTAgent32.exe, &lt;a class=failure&gt;Playback - {114} [FAILED] Function ElementFetcher::FindScreenElement failed to locate UI element (Searching: ;[VisibleOnly]ControlType='Window' &amp;&amp; Name='Connect to www.insur-econnect.com') (The object specified was not found.)
\0&lt;/a&gt;
E, 3240, 23, 2013/05/24, 09:20:54.982, 1131279462495, QTAgent32.exe, Playback - [IMAGE] C:\Users\testuser\AppData\Local\Temp\UITestLogs\LastRun\RPF9863.png
\0
W, 3240, 23, 2013/05/24, 09:20:54.982, 1131279464074, QTAgent32.exe, Playback - [WARNING] Internal warning: Couldn't find descendants that match QueryId
\0
W, 3240, 23, 2013/05/24, 09:20:54.982, 1131279466645, QTAgent32.exe, PERF WARNING: FindTopLevelWindowHelper::FindAllDescendents: took 905 ms. Expected it to take maximum 500 ms.
W, 3240, 23, 2013/05/24, 09:21:12.989, 1131537293892, QTAgent32.exe, Playback - [WARNING] Internal warning: Window Not Found: [VisibleOnly]ControlType='Window' &amp;&amp; Name='Connect to www.insur-econnect.com'
\0
E, 3240, 23, 2013/05/24, 09:21:12.989, 1131537295844, QTAgent32.exe, &lt;a class=failure&gt;Playback - {115} [FAILED] Function ElementFetcher::FindScreenElement failed to locate UI element (Searching: ;[VisibleOnly]ControlType='Window' &amp;&amp; Name='Connect to www.insur-econnect.com') (The object specified was not found.)
\0&lt;/a&gt;
E, 3240, 23, 2013/05/24, 09:21:13.029, 1131537861377, QTAgent32.exe, Playback - [IMAGE] C:\Users\testuser\AppData\Local\Temp\UITestLogs\LastRun\RPFDEE5.png
\0
W, 3240, 23, 2013/05/24, 09:21:13.029, 1131537863182, QTAgent32.exe, Playback - [WARNING] Internal warning: Couldn't find descendants that match QueryId
\0
W, 3240, 23, 2013/05/24, 09:21:13.029, 1131537865638, QTAgent32.exe, PERF WARNING: FindTopLevelWindowHelper::FindAllDescendents: took 18046 ms. Expected it to take maximum 500 ms.
W, 3240, 23, 2013/05/24, 09:21:13.516, 1131544832498, QTAgent32.exe, Playback - [WARNING] Internal warning: Smart Match failed
\0
W, 3240, 23, 2013/05/24, 09:21:13.749, 1131548176048, QTAgent32.exe, Playback - [WARNING] Internal warning: Smart Match failed
\0
W, 3240, 23, 2013/05/24, 09:21:13.987, 1131551579235, QTAgent32.exe, Playback - [WARNING] Internal warning: Smart Match failed
\0
W, 3240, 23, 2013/05/24, 09:21:14.222, 1131554943636, QTAgent32.exe, Playback - [WARNING] Internal warning: Smart Match failed
\0
W, 3240, 23, 2013/05/24, 09:21:14.463, 1131558396706, QTAgent32.exe, Playback - [WARNING] Internal warning: Smart Match failed
\0
W, 3240, 23, 2013/05/24, 09:21:14.706, 1131561879611, QTAgent32.exe, Playback - [WARNING] Internal warning: Smart Match failed
\0
W, 3240, 23, 2013/05/24, 09:21:14.947, 1131565320456, QTAgent32.exe, Playback - [WARNING] Internal warning: Smart Match failed
\0
W, 3240, 23, 2013/05/24, 09:21:15.194, 1131568855679, QTAgent32.exe, Playback - [WARNING] Internal warning: Smart Match failed
\0
W, 3240, 23, 2013/05/24, 09:21:15.443, 1131572421360, QTAgent32.exe, Playback - [WARNING] Internal warning: Smart Match failed
\0
W, 3240, 23, 2013/05/24, 09:21:15.687, 1131575913384, QTAgent32.exe, Playback - [WARNING] Internal warning: Smart Match failed
\0
W, 3240, 23, 2013/05/24, 09:21:15.936, 1131579480208, QTAgent32.exe, Playback - [WARNING] Internal warning: Smart Match failed
\0
W, 3240, 23, 2013/05/24, 09:21:16.072, 1131581436328, QTAgent32.exe, Playback - [WARNING] Internal warning: Window Not Found: [VisibleOnly]ControlType='Window' &amp;&amp; Name='Connect to www.insur-econnect.com'
\0
E, 3240, 23, 2013/05/24, 09:21:16.073, 1131581438388, QTAgent32.exe, &lt;a class=failure&gt;Playback - {116} [FAILED] Function ElementFetcher::FindScreenElement failed to locate UI element (Searching: ;[VisibleOnly]ControlType='Window' &amp;&amp; Name='Connect to www.insur-econnect.com') (The object specified was not found.)
\0&lt;/a&gt;
E, 3240, 23, 2013/05/24, 09:21:16.111, 1131581990264, QTAgent32.exe, Playback - [IMAGE] C:\Users\testuser\AppData\Local\Temp\UITestLogs\LastRun\RPFEAE7.png
\0
W, 3240, 23, 2013/05/24, 09:21:16.111, 1131581991883, QTAgent32.exe, Playback - [WARNING] Internal warning: Couldn't find descendants that match QueryId
\0
W, 3240, 23, 2013/05/24, 09:21:16.111, 1131581994353, QTAgent32.exe, PERF WARNING: FindTopLevelWindowHelper::FindAllDescendents: took 3081 ms. Expected it to take maximum 500 ms.
E, 3240, 23, 2013/05/24, 09:21:16.111, 1131581995981, QTAgent32.exe, Exception: System.Runtime.InteropServices.COMException
	Message: Error HRESULT E_FAIL has been returned from a call to a COM component.
	Stack Trace:    at Microsoft.VisualStudio.TestTools.UITest.Playback.Engine.IRPFPlayback.FindAllScreenElements(IScreenElement pScreenElementStart, String bstrQueryId, Object&amp; pvarResKeys, Int32 cResKeys, Int32 nMaxDepth, Object[]&amp; foundDescendants)
   at Microsoft.VisualStudio.TestTools.UITest.Playback.ScreenElement.FindTopLevelWindowHelper(String queryId)
	BaseExceptionMessage: Error HRESULT E_FAIL has been returned from a call to a COM component.

W, 3240, 23, 2013/05/24, 09:21:16.474, 1131587181416, QTAgent32.exe, &lt;a class=success&gt;Playback - {117} [SUCCESS] TypeString "Bus Sys{Tab}Tottenham1"
\0&lt;/a&gt;
W, 3240, 23, 2013/05/24, 09:21:16.772, 1131591448597, QTAgent32.exe, &lt;a class=success&gt;Playback - {118} [SUCCESS] MouseButtonClick - "[MSAA, VisibleOnly]ControlType='Button' &amp;&amp; Name='OK'"
\0&lt;/a&gt;
E, 3240, 23, 2013/05/24, 09:21:16.872, 1131592882955, QTAgent32.exe, IEDOM : Could not get valid window handle of Internet Explorer_server
W, 3240, 23, 2013/05/24, 09:21:16.872, 1131592884173, QTAgent32.exe, IEDOM : Unable to get the document Window Handle
W, 3240, 23, 2013/05/24, 09:21:19.513, 1131630700466, QTAgent32.exe, &lt;a class=success&gt;Playback - {119} [SUCCESS] MouseButtonClick - "[Web]ControlType='Hyperlink' &amp;&amp; TagName='A' &amp;&amp; Id='' &amp;&amp; Name='' &amp;&amp; Target='' &amp;&amp; InnerText='Renewals Maintenance' &amp;&amp; FilterCondition(AbsolutePath='/sysmaint/content/leftbar.asp', Title='', Href='https://www.insur-econnect.com/sysmaint/content/leftbar.asp#', Class='', ControlDefinition='style="COLOR: white" href="#"', TagInstance='39')"
\0&lt;/a&gt;
W, 3240, 23, 2013/05/24, 09:21:19.805, 1131634884996, QTAgent32.exe, &lt;a class=success&gt;Playback - {120} [SUCCESS] MouseButtonClick - "[Web]ControlType='Hyperlink' &amp;&amp; TagName='A' &amp;&amp; Id='' &amp;&amp; Name='' &amp;&amp; Target='content' &amp;&amp; InnerText='Create a Household Test Renewal Invitation' &amp;&amp; FilterCondition(AbsolutePath='/sysmaint/content/AddHouseholdTestRenewalNotice.asp', Title='', Href='https://www.insur-econnect.com/sysmaint/content/AddHouseholdTestRenewalNotice.asp', Class='itemlink', ControlDefinition='class=itemlink href="AddHouseholdTestRen', TagInstance='2')"
\0&lt;/a&gt;
E, 3240, 23, 2013/05/24, 09:21:21.070, 1131652988257, QTAgent32.exe, Exception: System.NotSupportedException
	Message: Internal Error: This method on IEWebControlElement should not get called.
	Stack Trace:    at Microsoft.VisualStudio.TestTools.UITest.Extension.IE.BrowserOptionElementNode.InvokeProgrammaticAction(ProgrammaticActionOption programmaticActionOption)
	BaseExceptionMessage: Internal Error: This method on IEWebControlElement should not get called.

W, 3240, 23, 2013/05/24, 09:21:21.246, 1131655514014, QTAgent32.exe, &lt;a class=success&gt;Playback - {121} [SUCCESS] SetValueAsComboBox "Covea Insurance plc (formerly MMA)" - "[Web]ControlType='ComboBox' &amp;&amp; TagName='SELECT' &amp;&amp; Id='InsurerID' &amp;&amp; Name='InsurerID' &amp;&amp; FilterCondition(Size='0', LabeledBy='', Title='', ItemCount='54', Class='', ControlDefinition='id=InsurerID onchange=selectInsurer() na', TagInstance='1')"  &lt; SetValueAsComboBox, set by clicking on the item in the list box &gt;
\0&lt;/a&gt;
W, 3240, 23, 2013/05/24, 09:21:21.909, 1131665009182, QTAgent32.exe, &lt;a class=success&gt;Playback - {122} [SUCCESS] SetValueAsEditBox "81588888001776" - "[Web]ControlType='Edit' &amp;&amp; TagName='INPUT' &amp;&amp; Id='' &amp;&amp; Name='txtPolicyNumber' &amp;&amp; LabeledBy='' &amp;&amp; Type='SINGLELINE' &amp;&amp; FilterCondition(Title='', Class='', ControlDefinition='onchange=enableButtons() name=txtPolicyN', TagInstance='1')"  &lt; Set via SendKeys &gt;
\0&lt;/a&gt;
W, 3240, 23, 2013/05/24, 09:21:22.122, 1131668063492, QTAgent32.exe, &lt;a class=success&gt;Playback - {123} [SUCCESS] SendKeys "^{HOME}" - "[Web]ControlType='Edit' &amp;&amp; TagName='INPUT' &amp;&amp; Id='' &amp;&amp; Name='txtRenewalDate' &amp;&amp; LabeledBy='' &amp;&amp; Type='SINGLELINE' &amp;&amp; FilterCondition(Title='', Class='', ControlDefinition='onchange=enableButtons() name=txtRenewal', TagInstance='2')"
\0&lt;/a&gt;
E, 3240, 23, 2013/05/24, 09:21:22.122, 1131668065341, QTAgent32.exe, Msaa.GetFocusedElement: could not find accessible object of foreground window
W, 3240, 23, 2013/05/24, 09:21:22.238, 1131669726721, QTAgent32.exe, &lt;a class=success&gt;Playback - {124} [SUCCESS] SendKeys "^+{END}" - "[Web]ControlType='Edit' &amp;&amp; TagName='INPUT' &amp;&amp; Id='' &amp;&amp; Name='txtRenewalDate' &amp;&amp; LabeledBy='' &amp;&amp; Type='SINGLELINE' &amp;&amp; FilterCondition(Title='', Class='', ControlDefinition='onchange=enableButtons() name=txtRenewal', TagInstance='2')"
\0&lt;/a&gt;
E, 3240, 23, 2013/05/24, 09:21:22.239, 1131669728979, QTAgent32.exe, Msaa.GetFocusedElement: could not find accessible object of foreground window
W, 3240, 23, 2013/05/24, 09:21:22.324, 1131670946556, QTAgent32.exe, &lt;a class=success&gt;Playback - {125} [SUCCESS] SendKeys "{DELETE}" - "[Web]ControlType='Edit' &amp;&amp; TagName='INPUT' &amp;&amp; Id='' &amp;&amp; Name='txtRenewalDate' &amp;&amp; LabeledBy='' &amp;&amp; Type='SINGLELINE' &amp;&amp; FilterCondition(Title='', Class='', ControlDefinition='onchange=enableButtons() name=txtRenewal', TagInstance='2')"
\0&lt;/a&gt;
W, 3240, 23, 2013/05/24, 09:21:22.581, 1131674627613, QTAgent32.exe, &lt;a class=success&gt;Playback - {126} [SUCCESS] SetValueAsEditBox "31/05/2013" - "[Web]ControlType='Edit' &amp;&amp; TagName='INPUT' &amp;&amp; Id='' &amp;&amp; Name='txtRenewalDate' &amp;&amp; LabeledBy='' &amp;&amp; Type='SINGLELINE' &amp;&amp; FilterCondition(Title='', Class='', ControlDefinition='onchange=enableButtons() name=txtRenewal', TagInstance='2')"  &lt; Set via SendKeys &gt;
\0&lt;/a&gt;
W, 3240, 23, 2013/05/24, 09:21:22.782, 1131677498970, QTAgent32.exe, &lt;a class=success&gt;Playback - {127} [SUCCESS] SendKeys "^{HOME}" - "[Web]ControlType='Edit' &amp;&amp; TagName='INPUT' &amp;&amp; Id='' &amp;&amp; Name='txtAutoLapseDate' &amp;&amp; LabeledBy='' &amp;&amp; Type='SINGLELINE' &amp;&amp; FilterCondition(Title='', Class='', ControlDefinition='onchange=enableButtons() name=txtAutoLap', TagInstance='4')"
\0&lt;/a&gt;
E, 3240, 23, 2013/05/24, 09:21:22.782, 1131677500821, QTAgent32.exe, Msaa.GetFocusedElement: could not find accessible object of foreground window
W, 3240, 23, 2013/05/24, 09:21:22.899, 1131679177158, QTAgent32.exe, &lt;a class=success&gt;Playback - {128} [SUCCESS] SendKeys "^+{END}" - "[Web]ControlType='Edit' &amp;&amp; TagName='INPUT' &amp;&amp; Id='' &amp;&amp; Name='txtAutoLapseDate' &amp;&amp; LabeledBy='' &amp;&amp; Type='SINGLELINE' &amp;&amp; FilterCondition(Title='', Class='', ControlDefinition='onchange=enableButtons() name=txtAutoLap', TagInstance='4')"
\0&lt;/a&gt;
E, 3240, 23, 2013/05/24, 09:21:22.899, 1131679179370, QTAgent32.exe, Msaa.GetFocusedElement: could not find accessible object of foreground window
W, 3240, 23, 2013/05/24, 09:21:22.974, 1131680247511, QTAgent32.exe, &lt;a class=success&gt;Playback - {129} [SUCCESS] SendKeys "{DELETE}" - "[Web]ControlType='Edit' &amp;&amp; TagName='INPUT' &amp;&amp; Id='' &amp;&amp; Name='txtAutoLapseDate' &amp;&amp; LabeledBy='' &amp;&amp; Type='SINGLELINE' &amp;&amp; FilterCondition(Title='', Class='', ControlDefinition='onchange=enableButtons() name=txtAutoLap', TagInstance='4')"
\0&lt;/a&gt;
W, 3240, 23, 2013/05/24, 09:21:23.216, 1131683712053, QTAgent32.exe, &lt;a class=success&gt;Playback - {130} [SUCCESS] SetValueAsEditBox "31/05/2013" - "[Web]ControlType='Edit' &amp;&amp; TagName='INPUT' &amp;&amp; Id='' &amp;&amp; Name='txtAutoLapseDate' &amp;&amp; LabeledBy='' &amp;&amp; Type='SINGLELINE' &amp;&amp; FilterCondition(Title='', Class='', ControlDefinition='onchange=enableButtons() name=txtAutoLap', TagInstance='4')"  &lt; Set via SendKeys &gt;
\0&lt;/a&gt;
W, 3240, 23, 2013/05/24, 09:21:23.459, 1131687198521, QTAgent32.exe, &lt;a class=success&gt;Playback - {131} [SUCCESS] MouseButtonClick - "[Web]ControlType='Edit' &amp;&amp; TagName='TEXTAREA' &amp;&amp; Id='' &amp;&amp; Name='txtClientXml' &amp;&amp; LabeledBy='' &amp;&amp; FilterCondition(Title='', Class='', ControlDefinition='onchange=enableButtons() wrap=off cols=5', TagInstance='1')"
\0&lt;/a&gt;
W, 3240, 23, 2013/05/24, 09:21:23.797, 1131692032286, QTAgent32.exe, &lt;a class=success&gt;Playback - {132} [SUCCESS] MouseButtonClick - "[Web]ControlType='Button' &amp;&amp; TagName='INPUT' &amp;&amp; Id='getXmlButton' &amp;&amp; Name='getXmlButton' &amp;&amp; FilterCondition(DisplayText='Get XML from Server', Type='button', Title='Click to get xml from server', Class='', ControlDefinition='id=getXmlButton title="Click to get xml ', TagInstance='5')"
\0&lt;/a&gt;
W, 3240, 23, 2013/05/24, 09:21:24.382, 1131700419433, QTAgent32.exe, &lt;a class=success&gt;Playback - {133} [SUCCESS] MouseButtonClick - "[Web]ControlType='Button' &amp;&amp; TagName='INPUT' &amp;&amp; Id='buttonCreate' &amp;&amp; Name='buttonCreate' &amp;&amp; FilterCondition(DisplayText='  Create Record  ', Type='button', Title='Click to create the new record', Class='', ControlDefinition='id=buttonCreate title="Click to create t', TagInstance='6')"
\0&lt;/a&gt;
W, 3240, 23, 2013/05/24, 09:21:24.631, 1131703982415, QTAgent32.exe, &lt;a class=success&gt;Playback - {134} [SUCCESS] MouseButtonClick - "[MSAA, VisibleOnly]ControlType='Button' &amp;&amp; Name='OK'"
\0&lt;/a&gt;
W, 3240, 23, 2013/05/24, 09:21:29.807, 1131778095688, QTAgent32.exe, &lt;a class=success&gt;Playback - {135} [SUCCESS] TypeString "%({F4})"
\0&lt;/a&gt;
W, 3240, 23, 2013/05/24, 09:21:30.414, 1131786782384, QTAgent32.exe, &lt;a class=success&gt;Playback - {136} [SUCCESS] SendKeys "^{HOME}" - "[MSAA, VisibleOnly]ControlType='Edit'"
\0&lt;/a&gt;
E, 3240, 23, 2013/05/24, 09:21:30.414, 1131786784307, QTAgent32.exe, Msaa.GetFocusedElement: could not find accessible object of foreground window
W, 3240, 23, 2013/05/24, 09:21:30.466, 1131787534682, QTAgent32.exe, &lt;a class=success&gt;Playback - {137} [SUCCESS] SendKeys "^+{END}" - "[MSAA, VisibleOnly]ControlType='Edit'"
\0&lt;/a&gt;
E, 3240, 23, 2013/05/24, 09:21:30.466, 1131787536688, QTAgent32.exe, Msaa.GetFocusedElement: could not find accessible object of foreground window
W, 3240, 23, 2013/05/24, 09:21:30.479, 1131787713649, QTAgent32.exe, &lt;a class=success&gt;Playback - {138} [SUCCESS] SendKeys "{DELETE}" - "[MSAA, VisibleOnly]ControlType='Edit'"
\0&lt;/a&gt;
W, 3240, 23, 2013/05/24, 09:21:30.709, 1131791002211, QTAgent32.exe, &lt;a class=success&gt;Playback - {139} [SUCCESS] SetValueAsEditBox "31/05/2012" - "[MSAA, VisibleOnly]ControlType='Edit'"  &lt; Set via SendKeys &gt;
\0&lt;/a&gt;
W, 3240, 23, 2013/05/24, 09:21:31.051, 1131795897345, QTAgent32.exe, &lt;a class=success&gt;Playback - {140} [SUCCESS] MouseButtonClick - "[MSAA, VisibleOnly]ControlType='Button' &amp;&amp; Name='OK'"
\0&lt;/a&gt;
W, 3240, 23, 2013/05/24, 09:21:32.041, 1131810083905, QTAgent32.exe, &lt;a class=success&gt;Playback - {141} [SUCCESS] MouseButtonClick - "[MSAA, VisibleOnly]ControlType='Client'"
\0&lt;/a&gt;
W, 3240, 23, 2013/05/24, 09:21:32.323, 1131814111167, QTAgent32.exe, &lt;a class=success&gt;Playback - {142} [SUCCESS] MouseButtonClick - "[MSAA, VisibleOnly]ControlType='Client'"
\0&lt;/a&gt;
W, 3240, 23, 2013/05/24, 09:21:33.106, 1131825334045, QTAgent32.exe, &lt;a class=success&gt;Playback - {143} [SUCCESS] SetValueAsEditBox "AUTO150" - "[MSAA, VisibleOnly]ControlType='Edit'"  &lt; Set via SendKeys &gt;
\0&lt;/a&gt;
W, 3240, 23, 2013/05/24, 09:21:33.339, 1131828670795, QTAgent32.exe, &lt;a class=success&gt;Playback - {144} [SUCCESS] SetValueAsEditBox "-1001" - "[MSAA, VisibleOnly]ControlType='Edit'"  &lt; Set via SendKeys &gt;
\0&lt;/a&gt;
W, 3240, 23, 2013/05/24, 09:21:33.591, 1131832269380, QTAgent32.exe, Playback - [WARNING] Internal warning: Incorrect flag set for InvokeProgrammaticAction\0
W, 3240, 23, 2013/05/24, 09:21:33.708, 1131833955714, QTAgent32.exe, &lt;a class=success&gt;Playback - {145} [SUCCESS] SetValueAsComboBox "Household" - "[MSAA, VisibleOnly]ControlType='ComboBox'"  &lt; SetValueAsComboBox, set by clicking on the item in the list box &gt;
\0&lt;/a&gt;
W, 3240, 23, 2013/05/24, 09:21:33.867, 1131836221613, QTAgent32.exe, &lt;a class=success&gt;Playback - {146} [SUCCESS] SendKeys "^{HOME}" - "[MSAA, VisibleOnly]ControlType='Edit'"
\0&lt;/a&gt;
E, 3240, 23, 2013/05/24, 09:21:33.867, 1131836223287, QTAgent32.exe, Msaa.GetFocusedElement: could not find accessible object of foreground window
W, 3240, 23, 2013/05/24, 09:21:33.919, 1131836965932, QTAgent32.exe, &lt;a class=success&gt;Playback - {147} [SUCCESS] SendKeys "^+{END}" - "[MSAA, VisibleOnly]ControlType='Edit'"
\0&lt;/a&gt;
E, 3240, 23, 2013/05/24, 09:21:33.919, 1131836967383, QTAgent32.exe, Msaa.GetFocusedElement: could not find accessible object of foreground window
W, 3240, 23, 2013/05/24, 09:21:33.931, 1131837138398, QTAgent32.exe, &lt;a class=success&gt;Playback - {148} [SUCCESS] SendKeys "{DELETE}" - "[MSAA, VisibleOnly]ControlType='Edit'"
\0&lt;/a&gt;
W, 3240, 23, 2013/05/24, 09:21:34.137, 1131840090544, QTAgent32.exe, &lt;a class=success&gt;Playback - {149} [SUCCESS] SetValueAsEditBox "31/05/2012" - "[MSAA, VisibleOnly]ControlType='Edit'"  &lt; Set via SendKeys &gt;
\0&lt;/a&gt;
W, 3240, 23, 2013/05/24, 09:21:34.539, 1131845836346, QTAgent32.exe, &lt;a class=success&gt;Playback - {150} [SUCCESS] MouseButtonClick - "[MSAA, VisibleOnly]ControlType='Button' &amp;&amp; Name='Regress'"
\0&lt;/a&gt;
W, 3240, 23, 2013/05/24, 09:21:34.760, 1131849012942, QTAgent32.exe, &lt;a class=success&gt;Playback - {151} [SUCCESS] MouseButtonClick - "[MSAA, VisibleOnly]ControlType='Button' &amp;&amp; Name='Exit'"
\0&lt;/a&gt;
W, 3240, 23, 2013/05/24, 09:21:35.021, 1131852750785, QTAgent32.exe, &lt;a class=success&gt;Playback - {152} [SUCCESS] MouseButtonClick - "[MSAA, VisibleOnly]ControlType='Button'"
\0&lt;/a&gt;
W, 3240, 23, 2013/05/24, 09:21:35.257, 1131856117807, QTAgent32.exe, &lt;a class=success&gt;Playback - {153} [SUCCESS] MouseButtonClick - "[MSAA, VisibleOnly]ControlType='Button' &amp;&amp; Name='Options'"
\0&lt;/a&gt;
W, 3240, 23, 2013/05/24, 09:21:35.357, 1131857554499, QTAgent32.exe, FindScreenElementInSinglePass : Attempting to find control in one pass of search. Failures can occur.
W, 3240, 23, 2013/05/24, 09:21:35.495, 1131859535028, QTAgent32.exe, &lt;a class=success&gt;Playback - {154} [SUCCESS] MouseButtonClick - "[MSAA]ControlType='MenuItem' &amp;&amp; Name='Links'"
\0&lt;/a&gt;
W, 3240, 23, 2013/05/24, 09:21:35.595, 1131860970077, QTAgent32.exe, FindScreenElementInSinglePass : Attempting to find control in one pass of search. Failures can occur.
W, 3240, 23, 2013/05/24, 09:21:35.747, 1131863137319, QTAgent32.exe, &lt;a class=success&gt;Playback - {155} [SUCCESS] MouseButtonClick - "[MSAA]ControlType='MenuItem' &amp;&amp; Name='3rd Party Integration'"
\0&lt;/a&gt;
W, 3240, 23, 2013/05/24, 09:21:35.847, 1131864572357, QTAgent32.exe, FindScreenElementInSinglePass : Attempting to find control in one pass of search. Failures can occur.
W, 3240, 23, 2013/05/24, 09:21:36.002, 1131866795310, QTAgent32.exe, &lt;a class=success&gt;Playback - {156} [SUCCESS] MouseButtonClick - "[MSAA]ControlType='MenuItem' &amp;&amp; Name='Renewals Loader'"
\0&lt;/a&gt;
W, 3240, 23, 2013/05/24, 09:21:36.434, 1131872982713, QTAgent32.exe, &lt;a class=success&gt;Playback - {157} [SUCCESS] MouseButtonClick - "[MSAA, VisibleOnly]ControlType='TitleBar'"
\0&lt;/a&gt;
W, 3240, 23, 2013/05/24, 09:21:36.610, 1131875500459, QTAgent32.exe, &lt;a class=success&gt;Playback - {158} [SUCCESS] SendKeys "^{HOME}" - "[MSAA, VisibleOnly]ControlType='Edit'"
\0&lt;/a&gt;
E, 3240, 23, 2013/05/24, 09:21:36.610, 1131875502265, QTAgent32.exe, Msaa.GetFocusedElement: could not find accessible object of foreground window
W, 3240, 23, 2013/05/24, 09:21:36.665, 1131876281810, QTAgent32.exe, &lt;a class=success&gt;Playback - {159} [SUCCESS] SendKeys "^+{END}" - "[MSAA, VisibleOnly]ControlType='Edit'"
\0&lt;/a&gt;
E, 3240, 23, 2013/05/24, 09:21:36.665, 1131876283974, QTAgent32.exe, Msaa.GetFocusedElement: could not find accessible object of foreground window
W, 3240, 23, 2013/05/24, 09:21:36.680, 1131876504304, QTAgent32.exe, &lt;a class=success&gt;Playback - {160} [SUCCESS] SendKeys "{DELETE}" - "[MSAA, VisibleOnly]ControlType='Edit'"
\0&lt;/a&gt;
W, 3240, 23, 2013/05/24, 09:21:36.904, 1131879709492, QTAgent32.exe, &lt;a class=success&gt;Playback - {161} [SUCCESS] SetValueAsEditBox "24/05/2013" - "[MSAA, VisibleOnly]ControlType='Edit'"  &lt; Set via SendKeys &gt;
\0&lt;/a&gt;
W, 3240, 23, 2013/05/24, 09:21:37.080, 1131882224065, QTAgent32.exe, &lt;a class=success&gt;Playback - {162} [SUCCESS] SendKeys "^{HOME}" - "[MSAA, VisibleOnly]ControlType='Edit'"
\0&lt;/a&gt;
E, 3240, 23, 2013/05/24, 09:21:37.080, 1131882226102, QTAgent32.exe, Msaa.GetFocusedElement: could not find accessible object of foreground window
W, 3240, 23, 2013/05/24, 09:21:37.145, 1131883162125, QTAgent32.exe, &lt;a class=success&gt;Playback - {163} [SUCCESS] SendKeys "^+{END}" - "[MSAA, VisibleOnly]ControlType='Edit'"
\0&lt;/a&gt;
E, 3240, 23, 2013/05/24, 09:21:37.145, 1131883164150, QTAgent32.exe, Msaa.GetFocusedElement: could not find accessible object of foreground window
W, 3240, 23, 2013/05/24, 09:21:37.160, 1131883370582, QTAgent32.exe, &lt;a class=success&gt;Playback - {164} [SUCCESS] SendKeys "{DELETE}" - "[MSAA, VisibleOnly]ControlType='Edit'"
\0&lt;/a&gt;
W, 3240, 23, 2013/05/24, 09:21:37.376, 1131886475209, QTAgent32.exe, &lt;a class=success&gt;Playback - {165} [SUCCESS] SetValueAsEditBox "07/06/2013" - "[MSAA, VisibleOnly]ControlType='Edit'"  &lt; Set via SendKeys &gt;
\0&lt;/a&gt;
W, 3240, 23, 2013/05/24, 09:21:37.617, 1131889921245, QTAgent32.exe, &lt;a class=success&gt;Playback - {166} [SUCCESS] MouseButtonClick - "[MSAA, VisibleOnly]ControlType='Button' &amp;&amp; Name='Run'"
\0&lt;/a&gt;
W, 3240, 23, 2013/05/24, 09:21:42.961, 1131966430163, QTAgent32.exe, Playback - [WARNING] Internal warning: Window Not Found: [VisibleOnly]Name='insurE-com System Maintenance' &amp;&amp; ClassName='IEFrame' &amp;&amp; ControlType='Window'
\0
E, 3240, 23, 2013/05/24, 09:21:42.961, 1131966432279, QTAgent32.exe, &lt;a class=failure&gt;Playback - {167} [FAILED] Function ElementFetcher::FindScreenElement failed to locate UI element (Searching: ;[VisibleOnly]Name='insurE-com System Maintenance' &amp;&amp; ClassName='IEFrame' &amp;&amp; ControlType='Window') (The object specified was not found.)
\0&lt;/a&gt;
E, 3240, 23, 2013/05/24, 09:21:43.012, 1131967164437, QTAgent32.exe, Playback - [IMAGE] C:\Users\testuser\AppData\Local\Temp\UITestLogs\LastRun\RPF53F7.png
\0
W, 3240, 23, 2013/05/24, 09:21:43.012, 1131967165953, QTAgent32.exe, Playback - [WARNING] Internal warning: Couldn't find descendants that match QueryId
\0
W, 3240, 23, 2013/05/24, 09:22:01.092, 1132226036375, QTAgent32.exe, Playback - [WARNING] Internal warning: Window Not Found: [VisibleOnly]Name='insurE-com System Maintenance' &amp;&amp; ClassName='IEFrame' &amp;&amp; ControlType='Window'
\0
E, 3240, 23, 2013/05/24, 09:22:01.092, 1132226038666, QTAgent32.exe, &lt;a class=failure&gt;Playback - {168} [FAILED] Function ElementFetcher::FindScreenElement failed to locate UI element (Searching: ;[VisibleOnly]Name='insurE-com System Maintenance' &amp;&amp; ClassName='IEFrame' &amp;&amp; ControlType='Window') (The object specified was not found.)
\0&lt;/a&gt;
E, 3240, 23, 2013/05/24, 09:22:01.133, 1132226625355, QTAgent32.exe, Playback - [IMAGE] C:\Users\testuser\AppData\Local\Temp\UITestLogs\LastRun\RPF9AC7.png
\0
W, 3240, 23, 2013/05/24, 09:22:01.133, 1132226627108, QTAgent32.exe, Playback - [WARNING] Internal warning: Couldn't find descendants that match QueryId
\0
W, 3240, 23, 2013/05/24, 09:22:01.133, 1132226629575, QTAgent32.exe, PERF WARNING: FindTopLevelWindowHelper::FindAllDescendents: took 18120 ms. Expected it to take maximum 500 ms.
W, 3240, 23, 2013/05/24, 09:22:01.588, 1132233146447, QTAgent32.exe, Playback - [WARNING] Internal warning: Smart Match failed
\0
W, 3240, 23, 2013/05/24, 09:22:01.775, 1132235813312, QTAgent32.exe, Playback - [WARNING] Internal warning: Smart Match failed
\0
W, 3240, 23, 2013/05/24, 09:22:01.957, 1132238429682, QTAgent32.exe, Playback - [WARNING] Internal warning: Smart Match failed
\0
W, 3240, 23, 2013/05/24, 09:22:02.146, 1132241125839, QTAgent32.exe, Playback - [WARNING] Internal warning: Smart Match failed
\0
W, 3240, 23, 2013/05/24, 09:22:02.329, 1132243746093, QTAgent32.exe, Playback - [WARNING] Internal warning: Smart Match failed
\0
W, 3240, 23, 2013/05/24, 09:22:02.509, 1132246326971, QTAgent32.exe, Playback - [WARNING] Internal warning: Smart Match failed
\0
W, 3240, 23, 2013/05/24, 09:22:02.690, 1132248915304, QTAgent32.exe, Playback - [WARNING] Internal warning: Smart Match failed
\0
W, 3240, 23, 2013/05/24, 09:22:02.871, 1132251512895, QTAgent32.exe, Playback - [WARNING] Internal warning: Smart Match failed
\0
W, 3240, 23, 2013/05/24, 09:22:03.056, 1132254159508, QTAgent32.exe, Playback - [WARNING] Internal warning: Smart Match failed
\0
W, 3240, 23, 2013/05/24, 09:22:03.241, 1132256801035, QTAgent32.exe, Playback - [WARNING] Internal warning: Smart Match failed
\0
W, 3240, 23, 2013/05/24, 09:22:03.426, 1132259447201, QTAgent32.exe, Playback - [WARNING] Internal warning: Smart Match failed
\0
W, 3240, 23, 2013/05/24, 09:22:03.608, 1132262064380, QTAgent32.exe, Playback - [WARNING] Internal warning: Smart Match failed
\0
W, 3240, 23, 2013/05/24, 09:22:03.789, 1132264655562, QTAgent32.exe, Playback - [WARNING] Internal warning: Smart Match failed
\0
W, 3240, 23, 2013/05/24, 09:22:03.984, 1132267440837, QTAgent32.exe, Playback - [WARNING] Internal warning: Smart Match failed
\0
W, 3240, 23, 2013/05/24, 09:22:04.166, 1132270050022, QTAgent32.exe, Playback - [WARNING] Internal warning: Smart Match failed
\0
W, 3240, 23, 2013/05/24, 09:22:04.240, 1132271111785, QTAgent32.exe, Playback - [WARNING] Internal warning: Window Not Found: [VisibleOnly]Name='insurE-com System Maintenance' &amp;&amp; ClassName='IEFrame' &amp;&amp; ControlType='Window'
\0
E, 3240, 23, 2013/05/24, 09:22:04.240, 1132271113348, QTAgent32.exe, &lt;a class=failure&gt;Playback - {169} [FAILED] Function ElementFetcher::FindScreenElement failed to locate UI element (Searching: ;[VisibleOnly]Name='insurE-com System Maintenance' &amp;&amp; ClassName='IEFrame' &amp;&amp; ControlType='Window') (The object specified was not found.)
\0&lt;/a&gt;
E, 3240, 23, 2013/05/24, 09:22:04.277, 1132271645499, QTAgent32.exe, Playback - [IMAGE] C:\Users\testuser\AppData\Local\Temp\UITestLogs\LastRun\RPFA718.png
\0
W, 3240, 23, 2013/05/24, 09:22:04.277, 1132271646992, QTAgent32.exe, Playback - [WARNING] Internal warning: Couldn't find descendants that match QueryId
\0
W, 3240, 23, 2013/05/24, 09:22:04.278, 1132271649576, QTAgent32.exe, PERF WARNING: FindTopLevelWindowHelper::FindAllDescendents: took 3144 ms. Expected it to take maximum 500 ms.
E, 3240, 23, 2013/05/24, 09:22:04.278, 1132271651152, QTAgent32.exe, Exception: System.Runtime.InteropServices.COMException
	Message: Error HRESULT E_FAIL has been returned from a call to a COM component.
	Stack Trace:    at Microsoft.VisualStudio.TestTools.UITest.Playback.Engine.IRPFPlayback.FindAllScreenElements(IScreenElement pScreenElementStart, String bstrQueryId, Object&amp; pvarResKeys, Int32 cResKeys, Int32 nMaxDepth, Object[]&amp; foundDescendants)
   at Microsoft.VisualStudio.TestTools.UITest.Playback.ScreenElement.FindTopLevelWindowHelper(String queryId)
	BaseExceptionMessage: Error HRESULT E_FAIL has been returned from a call to a COM component.

E, 3240, 23, 2013/05/24, 09:22:04.278, 1132271653616, QTAgent32.exe, Window 656290 not responding. Last Win32 error 0
E, 3240, 23, 2013/05/24, 09:22:04.278, 1132271654559, QTAgent32.exe, GetClassName for handle 656290 failed
E, 3240, 23, 2013/05/24, 09:22:04.278, 1132271656550, QTAgent32.exe, Window 656290 not responding. Last Win32 error 1400
E, 3240, 23, 2013/05/24, 09:22:04.278, 1132271658477, QTAgent32.exe, GetClassName for handle 656290 failed
E, 3240, 23, 2013/05/24, 09:22:04.378, 1132273091504, QTAgent32.exe, AL: Playback Error: Microsoft.VisualStudio.TestTools.UITest.Extension.UITestControlNotAvailableException: The control is not available or not valid. Additional Details: 
TechnologyName:  'MSAA'
Name:  'insurE-com System Maintenance'
ClassName:  'IEFrame'
ControlType:  'Window'
 ---&gt; System.Runtime.InteropServices.COMException: Error HRESULT E_FAIL has been returned from a call to a COM component.
   at Microsoft.VisualStudio.TestTools.UITest.Playback.Engine.IRPFPlayback.FindAllScreenElements(IScreenElement pScreenElementStart, String bstrQueryId, Object&amp; pvarResKeys, Int32 cResKeys, Int32 nMaxDepth, Object[]&amp; foundDescendants)
   at Microsoft.VisualStudio.TestTools.UITest.Playback.ScreenElement.FindTopLevelWindowHelper(String queryId)
   at Microsoft.VisualStudio.TestTools.UITest.Playback.ScreenElement.FindFromPartialQueryId(String queryId)
   at Microsoft.VisualStudio.TestTools.UITesting.UITestControl.EnsureValid(Boolean waitForReady, Boolean refetch)
   --- End of inner exception stack trace ---
   at Microsoft.VisualStudio.TestTools.UITesting.UITestControl.EnsureValid(Boolean waitForReady, Boolean refetch)
   at Microsoft.VisualStudio.TestTools.UITesting.UITestControl.SendKeys(String text, ModifierKeys modifierKeys, Boolean isEncoded, Boolean isUnicode)
   at Microsoft.VisualStudio.TestTools.UITesting.Keyboard.SendKeysImplementation(UITestControl control, String text, ModifierKeys modifierKeys, Boolean isEncoded, Boolean isUnicode)
   at Microsoft.VisualStudio.TestTools.UITesting.Keyboard.SendKeysImplementationWrapper(UITestControl control, String text, ModifierKeys modifierKeys, Boolean isEncoded, Boolean isUnicode)
W, 3240, 23, 2013/05/24, 09:22:04.378, 1132273093012, QTAgent32.exe, PlaybackErrorHandler: Ignoring exception as ContinueOnError is set.
W, 3240, 23, 2013/05/24, 09:22:05.077, 1132283101470, QTAgent32.exe, &lt;a class=success&gt;Playback - {170} [SUCCESS] MouseButtonClick - "[MSAA, VisibleOnly]ControlType='TitleBar'"
\0&lt;/a&gt;
W, 3240, 23, 2013/05/24, 09:22:05.309, 1132286419887, QTAgent32.exe, &lt;a class=success&gt;Playback - {171} [SUCCESS] MouseButtonClick - "[MSAA, VisibleOnly]ControlType='Button' &amp;&amp; Name='Close'"
\0&lt;/a&gt;
W, 3240, 23, 2013/05/24, 09:22:06.130, 1132298174570, QTAgent32.exe, &lt;a class=success&gt;Playback - {172} [SUCCESS] MouseButtonClick - "[MSAA, VisibleOnly]ControlType='Button' &amp;&amp; Name='Options'"
\0&lt;/a&gt;
W, 3240, 23, 2013/05/24, 09:22:06.231, 1132299612986, QTAgent32.exe, FindScreenElementInSinglePass : Attempting to find control in one pass of search. Failures can occur.
W, 3240, 23, 2013/05/24, 09:22:06.369, 1132301586027, QTAgent32.exe, &lt;a class=success&gt;Playback - {173} [SUCCESS] MouseButtonClick - "[MSAA]ControlType='MenuItem' &amp;&amp; Name='Links'"
\0&lt;/a&gt;
W, 3240, 23, 2013/05/24, 09:22:06.469, 1132303021965, QTAgent32.exe, FindScreenElementInSinglePass : Attempting to find control in one pass of search. Failures can occur.
W, 3240, 23, 2013/05/24, 09:22:06.615, 1132305109134, QTAgent32.exe, &lt;a class=success&gt;Playback - {174} [SUCCESS] MouseButtonClick - "[MSAA]ControlType='MenuItem' &amp;&amp; Name='3rd Party Integration'"
\0&lt;/a&gt;
W, 3240, 23, 2013/05/24, 09:22:06.715, 1132306545079, QTAgent32.exe, FindScreenElementInSinglePass : Attempting to find control in one pass of search. Failures can occur.
W, 3240, 23, 2013/05/24, 09:22:06.859, 1132308602067, QTAgent32.exe, &lt;a class=success&gt;Playback - {175} [SUCCESS] MouseButtonClick - "[MSAA]ControlType='MenuItem' &amp;&amp; Name='Renewals Module'"
\0&lt;/a&gt;
W, 3240, 23, 2013/05/24, 09:22:07.228, 1132313889110, QTAgent32.exe, &lt;a class=success&gt;Playback - {176} [SUCCESS] SetValueAsEditBox "1" - "[MSAA, VisibleOnly]ControlType='Edit'"  &lt; Set via SendKeys &gt;
\0&lt;/a&gt;
W, 3240, 23, 2013/05/24, 09:22:07.491, 1132317657048, QTAgent32.exe, &lt;a class=success&gt;Playback - {177} [SUCCESS] MouseButtonClick - "[MSAA, VisibleOnly]ControlType='Button' &amp;&amp; Name='Ok'"
\0&lt;/a&gt;
W, 3240, 23, 2013/05/24, 09:22:07.917, 1132323760534, QTAgent32.exe, &lt;a class=success&gt;Playback - {178} [SUCCESS] MouseButtonClick - "[MSAA, VisibleOnly]ControlType='Button' &amp;&amp; Name='OK'"
\0&lt;/a&gt;
W, 3240, 23, 2013/05/24, 09:22:08.252, 1132328559248, QTAgent32.exe, Playback - [WARNING] Internal warning: Window Not Found: [VisibleOnly]ControlType='Window' &amp;&amp; Name='Personal Lines' &amp;&amp; ClassName='#32770'
\0
E, 3240, 23, 2013/05/24, 09:22:08.252, 1132328561389, QTAgent32.exe, &lt;a class=failure&gt;Playback - {179} [FAILED] Function ElementFetcher::FindScreenElement failed to locate UI element (Searching: ;[VisibleOnly]ControlType='Window' &amp;&amp; Name='Personal Lines' &amp;&amp; ClassName='#32770') (The object specified was not found.)
\0&lt;/a&gt;
E, 3240, 23, 2013/05/24, 09:22:08.297, 1132329197503, QTAgent32.exe, Playback - [IMAGE] C:\Users\testuser\AppData\Local\Temp\UITestLogs\LastRun\RPFB6C2.png
\0
W, 3240, 23, 2013/05/24, 09:22:08.297, 1132329199064, QTAgent32.exe, Playback - [WARNING] Internal warning: Couldn't find descendants that match QueryId
\0
W, 3240, 23, 2013/05/24, 09:22:26.400, 1132588392813, QTAgent32.exe, Playback - [WARNING] Internal warning: Window Not Found: [VisibleOnly]ControlType='Window' &amp;&amp; Name='Personal Lines' &amp;&amp; ClassName='#32770'
\0
E, 3240, 23, 2013/05/24, 09:22:26.400, 1132588395175, QTAgent32.exe, &lt;a class=failure&gt;Playback - {180} [FAILED] Function ElementFetcher::FindScreenElement failed to locate UI element (Searching: ;[VisibleOnly]ControlType='Window' &amp;&amp; Name='Personal Lines' &amp;&amp; ClassName='#32770') (The object specified was not found.)
\0&lt;/a&gt;
E, 3240, 23, 2013/05/24, 09:22:26.444, 1132589025372, QTAgent32.exe, Playback - [IMAGE] C:\Users\testuser\AppData\Local\Temp\UITestLogs\LastRun\RPFFDA2.png
\0
W, 3240, 23, 2013/05/24, 09:22:26.444, 1132589026892, QTAgent32.exe, Playback - [WARNING] Internal warning: Couldn't find descendants that match QueryId
\0
W, 3240, 23, 2013/05/24, 09:22:26.444, 1132589029612, QTAgent32.exe, PERF WARNING: FindTopLevelWindowHelper::FindAllDescendents: took 18146 ms. Expected it to take maximum 500 ms.
W, 3240, 23, 2013/05/24, 09:22:26.892, 1132595441299, QTAgent32.exe, Playback - [WARNING] Internal warning: Smart Match failed
\0
W, 3240, 23, 2013/05/24, 09:22:27.079, 1132598121319, QTAgent32.exe, Playback - [WARNING] Internal warning: Smart Match failed
\0
W, 3240, 23, 2013/05/24, 09:22:27.266, 1132600796870, QTAgent32.exe, Playback - [WARNING] Internal warning: Smart Match failed
\0
W, 3240, 23, 2013/05/24, 09:22:27.452, 1132603465818, QTAgent32.exe, Playback - [WARNING] Internal warning: Smart Match failed
\0
W, 3240, 23, 2013/05/24, 09:22:27.634, 1132606064755, QTAgent32.exe, Playback - [WARNING] Internal warning: Smart Match failed
\0
W, 3240, 23, 2013/05/24, 09:22:27.819, 1132608720821, QTAgent32.exe, Playback - [WARNING] Internal warning: Smart Match failed
\0
W, 3240, 23, 2013/05/24, 09:22:28.007, 1132611412659, QTAgent32.exe, Playback - [WARNING] Internal warning: Smart Match failed
\0
W, 3240, 23, 2013/05/24, 09:22:28.188, 1132613997394, QTAgent32.exe, Playback - [WARNING] Internal warning: Smart Match failed
\0
W, 3240, 23, 2013/05/24, 09:22:28.372, 1132616641635, QTAgent32.exe, Playback - [WARNING] Internal warning: Smart Match failed
\0
W, 3240, 23, 2013/05/24, 09:22:28.561, 1132619340016, QTAgent32.exe, Playback - [WARNING] Internal warning: Smart Match failed
\0
W, 3240, 23, 2013/05/24, 09:22:28.745, 1132621978656, QTAgent32.exe, Playback - [WARNING] Internal warning: Smart Match failed
\0
W, 3240, 23, 2013/05/24, 09:22:28.927, 1132624588427, QTAgent32.exe, Playback - [WARNING] Internal warning: Smart Match failed
\0
W, 3240, 23, 2013/05/24, 09:22:29.108, 1132627176819, QTAgent32.exe, Playback - [WARNING] Internal warning: Smart Match failed
\0
W, 3240, 23, 2013/05/24, 09:22:29.293, 1132629825704, QTAgent32.exe, Playback - [WARNING] Internal warning: Smart Match failed
\0
W, 3240, 23, 2013/05/24, 09:22:29.480, 1132632505516, QTAgent32.exe, Playback - [WARNING] Internal warning: Smart Match failed
\0
W, 3240, 23, 2013/05/24, 09:22:29.560, 1132633644421, QTAgent32.exe, Playback - [WARNING] Internal warning: Window Not Found: [VisibleOnly]ControlType='Window' &amp;&amp; Name='Personal Lines' &amp;&amp; ClassName='#32770'
\0
E, 3240, 23, 2013/05/24, 09:22:29.560, 1132633646326, QTAgent32.exe, &lt;a class=failure&gt;Playback - {181} [FAILED] Function ElementFetcher::FindScreenElement failed to locate UI element (Searching: ;[VisibleOnly]ControlType='Window' &amp;&amp; Name='Personal Lines' &amp;&amp; ClassName='#32770') (The object specified was not found.)
\0&lt;/a&gt;
E, 3240, 23, 2013/05/24, 09:22:29.604, 1132634274364, QTAgent32.exe, Playback - [IMAGE] C:\Users\testuser\AppData\Local\Temp\UITestLogs\LastRun\RPFA01.png
\0
W, 3240, 23, 2013/05/24, 09:22:29.604, 1132634275919, QTAgent32.exe, Playback - [WARNING] Internal warning: Couldn't find descendants that match QueryId
\0
W, 3240, 23, 2013/05/24, 09:22:29.604, 1132634278280, QTAgent32.exe, PERF WARNING: FindTopLevelWindowHelper::FindAllDescendents: took 3160 ms. Expected it to take maximum 500 ms.
E, 3240, 23, 2013/05/24, 09:22:29.604, 1132634279893, QTAgent32.exe, Exception: System.Runtime.InteropServices.COMException
	Message: Error HRESULT E_FAIL has been returned from a call to a COM component.
	Stack Trace:    at Microsoft.VisualStudio.TestTools.UITest.Playback.Engine.IRPFPlayback.FindAllScreenElements(IScreenElement pScreenElementStart, String bstrQueryId, Object&amp; pvarResKeys, Int32 cResKeys, Int32 nMaxDepth, Object[]&amp; foundDescendants)
   at Microsoft.VisualStudio.TestTools.UITest.Playback.ScreenElement.FindTopLevelWindowHelper(String queryId)
	BaseExceptionMessage: Error HRESULT E_FAIL has been returned from a call to a COM component.

E, 3240, 23, 2013/05/24, 09:22:29.604, 1132634284785, QTAgent32.exe, Window 1245874 not responding. Last Win32 error 0
E, 3240, 23, 2013/05/24, 09:22:29.604, 1132634285783, QTAgent32.exe, GetClassName for handle 1245874 failed
E, 3240, 23, 2013/05/24, 09:22:29.605, 1132634289775, QTAgent32.exe, Window 2819084 not responding. Last Win32 error 1400
E, 3240, 23, 2013/05/24, 09:22:29.605, 1132634290579, QTAgent32.exe, GetClassName for handle 2819084 failed
E, 3240, 23, 2013/05/24, 09:22:29.705, 1132635725118, QTAgent32.exe, AL: Playback Error: Microsoft.VisualStudio.TestTools.UITest.Extension.UITestControlNotAvailableException: The control is not available or not valid. Additional Details: 
TechnologyName:  'MSAA'
Name:  'OK'
ControlType:  'Button'
 ---&gt; Microsoft.VisualStudio.TestTools.UITest.Extension.UITestControlNotAvailableException: The control is not available or not valid. Additional Details: 
TechnologyName:  'MSAA'
ControlType:  'Window'
 ---&gt; System.Runtime.InteropServices.COMException: Error HRESULT E_FAIL has been returned from a call to a COM component.
   at Microsoft.VisualStudio.TestTools.UITest.Playback.Engine.IRPFPlayback.FindAllScreenElements(IScreenElement pScreenElementStart, String bstrQueryId, Object&amp; pvarResKeys, Int32 cResKeys, Int32 nMaxDepth, Object[]&amp; foundDescendants)
   at Microsoft.VisualStudio.TestTools.UITest.Playback.ScreenElement.FindTopLevelWindowHelper(String queryId)
   at Microsoft.VisualStudio.TestTools.UITest.Playback.ScreenElement.FindFromPartialQueryId(String queryId)
   at Microsoft.VisualStudio.TestTools.UITesting.UITestControl.EnsureValid(Boolean waitForReady, Boolean refetch)
   --- End of inner exception stack trace ---
   at Microsoft.VisualStudio.TestTools.UITesting.UITestControl.EnsureValid(Boolean waitForReady, Boolean refetch)
   at Microsoft.VisualStudio.TestTools.UITesting.UITestControl.FindFirstDescendant(String queryId, Int32 maxDepth, Int32&amp; timeLeft)
   at Microsoft.VisualStudio.TestTools.UITesting.UITestControl.FindFirstDescendant(String queryId)
   at Microsoft.VisualStudio.TestTools.UITesting.UITestControl.EnsureValid(Boolean waitForReady, Boolean refetch)
   --- End of inner exception stack trace ---
   at Microsoft.VisualStudio.TestTools.UITesting.UITestControl.EnsureValid(Boolean waitForReady, Boolean refetch)
   at Microsoft.VisualStudio.TestTools.UITesting.UITestControl.Click(MouseButtons button, ModifierKeys modifierKeys, Point relativeCoordinates)
   at Microsoft.VisualStudio.TestTools.UITesting.Mouse.ClickImplementation(UITestControl control, MouseButtons button, ModifierKeys modifierKeys, Point relativeCoordinate)
   at Microsoft.VisualStudio.TestTools.UITesting.Mouse.ClickImplementationWrapper(UITestControl control, MouseButtons button, ModifierKeys modifierKeys, Point relativeCoordinate)
W, 3240, 23, 2013/05/24, 09:22:29.706, 1132635727027, QTAgent32.exe, PlaybackErrorHandler: Ignoring exception as ContinueOnError is set.
W, 3240, 23, 2013/05/24, 09:22:29.946, 1132639166750, QTAgent32.exe, Playback - [WARNING] Internal warning: Window Not Found: [VisibleOnly]ControlType='Window' &amp;&amp; Name='Policies Auto-Renewed &amp; Auto-Lapsed' &amp;&amp; ClassName='ThunderRT6FormDC'
\0
E, 3240, 23, 2013/05/24, 09:22:29.946, 1132639168938, QTAgent32.exe, &lt;a class=failure&gt;Playback - {182} [FAILED] Function ElementFetcher::FindScreenElement failed to locate UI element (Searching: ;[VisibleOnly]ControlType='Window' &amp;&amp; Name='Policies Auto-Renewed &amp; Auto-Lapsed' &amp;&amp; ClassName='ThunderRT6FormDC') (The object specified was not found.)
\0&lt;/a&gt;
E, 3240, 23, 2013/05/24, 09:22:29.991, 1132639816814, QTAgent32.exe, Playback - [IMAGE] C:\Users\testuser\AppData\Local\Temp\UITestLogs\LastRun\RPFB88.png
\0
W, 3240, 23, 2013/05/24, 09:22:29.991, 1132639818426, QTAgent32.exe, Playback - [WARNING] Internal warning: Couldn't find descendants that match QueryId
\0
W, 3240, 23, 2013/05/24, 09:22:47.997, 1132897632971, QTAgent32.exe, Playback - [WARNING] Internal warning: Window Not Found: [VisibleOnly]ControlType='Window' &amp;&amp; Name='Policies Auto-Renewed &amp; Auto-Lapsed' &amp;&amp; ClassName='ThunderRT6FormDC'
\0
E, 3240, 23, 2013/05/24, 09:22:47.997, 1132897635221, QTAgent32.exe, &lt;a class=failure&gt;Playback - {183} [FAILED] Function ElementFetcher::FindScreenElement failed to locate UI element (Searching: ;[VisibleOnly]ControlType='Window' &amp;&amp; Name='Policies Auto-Renewed &amp; Auto-Lapsed' &amp;&amp; ClassName='ThunderRT6FormDC') (The object specified was not found.)
\0&lt;/a&gt;
E, 3240, 23, 2013/05/24, 09:22:48.048, 1132898357316, QTAgent32.exe, Playback - [IMAGE] C:\Users\testuser\AppData\Local\Temp\UITestLogs\LastRun\RPF520B.png
\0
W, 3240, 23, 2013/05/24, 09:22:48.048, 1132898358803, QTAgent32.exe, Playback - [WARNING] Internal warning: Couldn't find descendants that match QueryId
\0
W, 3240, 23, 2013/05/24, 09:22:48.048, 1132898361110, QTAgent32.exe, PERF WARNING: FindTopLevelWindowHelper::FindAllDescendents: took 18056 ms. Expected it to take maximum 500 ms.
W, 3240, 23, 2013/05/24, 09:22:48.503, 1132904873344, QTAgent32.exe, Playback - [WARNING] Internal warning: Smart Match failed
\0
W, 3240, 23, 2013/05/24, 09:22:48.685, 1132907490437, QTAgent32.exe, Playback - [WARNING] Internal warning: Smart Match failed
\0
W, 3240, 23, 2013/05/24, 09:22:48.869, 1132910116493, QTAgent32.exe, Playback - [WARNING] Internal warning: Smart Match failed
\0
W, 3240, 23, 2013/05/24, 09:22:49.049, 1132912700378, QTAgent32.exe, Playback - [WARNING] Internal warning: Smart Match failed
\0
W, 3240, 23, 2013/05/24, 09:22:49.230, 1132915282740, QTAgent32.exe, Playback - [WARNING] Internal warning: Smart Match failed
\0
W, 3240, 23, 2013/05/24, 09:22:49.413, 1132917903144, QTAgent32.exe, Playback - [WARNING] Internal warning: Smart Match failed
\0
W, 3240, 23, 2013/05/24, 09:22:49.595, 1132920503875, QTAgent32.exe, Playback - [WARNING] Internal warning: Smart Match failed
\0
W, 3240, 23, 2013/05/24, 09:22:49.777, 1132923113285, QTAgent32.exe, Playback - [WARNING] Internal warning: Smart Match failed
\0
W, 3240, 23, 2013/05/24, 09:22:49.958, 1132925712631, QTAgent32.exe, Playback - [WARNING] Internal warning: Smart Match failed
\0
W, 3240, 23, 2013/05/24, 09:22:50.146, 1132928403172, QTAgent32.exe, Playback - [WARNING] Internal warning: Smart Match failed
\0
W, 3240, 23, 2013/05/24, 09:22:50.330, 1132931035671, QTAgent32.exe, Playback - [WARNING] Internal warning: Smart Match failed
\0
W, 3240, 23, 2013/05/24, 09:22:50.515, 1132933685617, QTAgent32.exe, Playback - [WARNING] Internal warning: Smart Match failed
\0
W, 3240, 23, 2013/05/24, 09:22:50.704, 1132936385102, QTAgent32.exe, Playback - [WARNING] Internal warning: Smart Match failed
\0
W, 3240, 23, 2013/05/24, 09:22:50.894, 1132939106635, QTAgent32.exe, Playback - [WARNING] Internal warning: Smart Match failed
\0
W, 3240, 23, 2013/05/24, 09:22:51.084, 1132941836418, QTAgent32.exe, Playback - [WARNING] Internal warning: Smart Match failed
\0
W, 3240, 23, 2013/05/24, 09:22:51.167, 1132943012445, QTAgent32.exe, Playback - [WARNING] Internal warning: Window Not Found: [VisibleOnly]ControlType='Window' &amp;&amp; Name='Policies Auto-Renewed &amp; Auto-Lapsed' &amp;&amp; ClassName='ThunderRT6FormDC'
\0
E, 3240, 23, 2013/05/24, 09:22:51.167, 1132943014439, QTAgent32.exe, &lt;a class=failure&gt;Playback - {184} [FAILED] Function ElementFetcher::FindScreenElement failed to locate UI element (Searching: ;[VisibleOnly]ControlType='Window' &amp;&amp; Name='Policies Auto-Renewed &amp; Auto-Lapsed' &amp;&amp; ClassName='ThunderRT6FormDC') (The object specified was not found.)
\0&lt;/a&gt;
E, 3240, 23, 2013/05/24, 09:22:51.210, 1132943632100, QTAgent32.exe, Playback - [IMAGE] C:\Users\testuser\AppData\Local\Temp\UITestLogs\LastRun\RPF5E6B.png
\0
W, 3240, 23, 2013/05/24, 09:22:51.210, 1132943633627, QTAgent32.exe, Playback - [WARNING] Internal warning: Couldn't find descendants that match QueryId
\0
W, 3240, 23, 2013/05/24, 09:22:51.210, 1132943636587, QTAgent32.exe, PERF WARNING: FindTopLevelWindowHelper::FindAllDescendents: took 3161 ms. Expected it to take maximum 500 ms.
E, 3240, 23, 2013/05/24, 09:22:51.210, 1132943638215, QTAgent32.exe, Exception: System.Runtime.InteropServices.COMException
	Message: Error HRESULT E_FAIL has been returned from a call to a COM component.
	Stack Trace:    at Microsoft.VisualStudio.TestTools.UITest.Playback.Engine.IRPFPlayback.FindAllScreenElements(IScreenElement pScreenElementStart, String bstrQueryId, Object&amp; pvarResKeys, Int32 cResKeys, Int32 nMaxDepth, Object[]&amp; foundDescendants)
   at Microsoft.VisualStudio.TestTools.UITest.Playback.ScreenElement.FindTopLevelWindowHelper(String queryId)
	BaseExceptionMessage: Error HRESULT E_FAIL has been returned from a call to a COM component.

E, 3240, 23, 2013/05/24, 09:22:51.311, 1132945079694, QTAgent32.exe, AL: Playback Error: Microsoft.VisualStudio.TestTools.UITest.Extension.UITestControlNotFoundException: The playback failed to find the control with the given search properties. Additional Details: 
TechnologyName:  'MSAA'
ControlType:  'Window'
Name:  'Policies Auto-Renewed &amp; Auto-Lapsed'
ClassName:  'ThunderRT6FormDC'
 ---&gt; System.Runtime.InteropServices.COMException: Error HRESULT E_FAIL has been returned from a call to a COM component.
   at Microsoft.VisualStudio.TestTools.UITest.Playback.Engine.IRPFPlayback.FindAllScreenElements(IScreenElement pScreenElementStart, String bstrQueryId, Object&amp; pvarResKeys, Int32 cResKeys, Int32 nMaxDepth, Object[]&amp; foundDescendants)
   at Microsoft.VisualStudio.TestTools.UITest.Playback.ScreenElement.FindTopLevelWindowHelper(String queryId)
   at Microsoft.VisualStudio.TestTools.UITest.Playback.ScreenElement.FindFromPartialQueryId(String queryId)
   at Microsoft.VisualStudio.TestTools.UITesting.UITestControl..ctor(String queryId)
   --- End of inner exception stack trace ---
   at Microsoft.VisualStudio.TestTools.UITesting.Playback.MapControlNotFoundException(COMException ex, IPlaybackContext context)
   at Microsoft.VisualStudio.TestTools.UITesting.Playback.MapAndThrowComException(COMException innerException, IPlaybackContext context)
   at Microsoft.VisualStudio.TestTools.UITesting.Playback.MapAndThrowException(SystemException exception, IPlaybackContext context)
   at Microsoft.VisualStudio.TestTools.UITesting.Playback.MapAndThrowException(SystemException exception, String queryId)
   at Microsoft.VisualStudio.TestTools.UITesting.UITestControl..ctor(String queryId)
   at Microsoft.VisualStudio.TestTools.UITesting.SearchHelper.SearchTopLevelWindow(ISearchArgument topLevelSearchArg, String topLevelElementQueryId)
   at Microsoft.VisualStudio.TestTools.UITesting.SearchHelper.GetTitleUpdatedTopLevelWindow(ISearchArgument topLevelSearchArg, String queryId, IList`1 windowTitles)
   at Microsoft.VisualStudio.TestTools.UITesting.SearchHelper.GetTopLevelElement(Boolean useCache, Boolean useCacheOnly, ISearchArgument searchArg, IList`1 windowTitles, Int32&amp; timeLeft)
   at Microsoft.VisualStudio.TestTools.UITesting.SearchHelper.GetElement(Boolean useCache, ISearchArgument searchArg)
   at Microsoft.VisualStudio.TestTools.UITesting.SearchHelper.Search(ISearchArgument searchArg)
   at Microsoft.VisualStudio.TestTools.UITesting.UITestControl.FindInternal()
   at Microsoft.VisualStudio.TestTools.UITesting.UITestControl.FindControlIfNecessary()
   at Microsoft.VisualStudio.TestTools.UITesting.UITestControl.Click(MouseButtons button, ModifierKeys modifierKeys, Point relativeCoordinates)
   at Microsoft.VisualStudio.TestTools.UITesting.Mouse.ClickImplementation(UITestControl control, MouseButtons button, ModifierKeys modifierKeys, Point relativeCoordinate)
   at Microsoft.VisualStudio.TestTools.UITesting.Mouse.ClickImplementationWrapper(UITestControl control, MouseButtons button, ModifierKeys modifierKeys, Point relativeCoordinate)
W, 3240, 23, 2013/05/24, 09:22:51.311, 1132945081858, QTAgent32.exe, PlaybackErrorHandler: Ignoring exception as ContinueOnError is set.
W, 3240, 23, 2013/05/24, 09:22:51.477, 1132947455953, QTAgent32.exe, &lt;a class=success&gt;Playback - {185} [SUCCESS] MouseButtonClick - "[MSAA, VisibleOnly]ControlType='Button' &amp;&amp; Name='EDI Match...'"
\0&lt;/a&gt;
W, 3240, 23, 2013/05/24, 09:22:53.730, 1132979708015, QTAgent32.exe, &lt;a class=success&gt;Playback - {186} [SUCCESS] MouseButtonClick - "[MSAA, VisibleOnly]ControlType='Button' &amp;&amp; Name='Ok'"
\0&lt;/a&gt;
W, 3240, 23, 2013/05/24, 09:22:53.971, 1132983171428, QTAgent32.exe, &lt;a class=success&gt;Playback - {187} [SUCCESS] MouseButtonClick - "[MSAA, VisibleOnly]ControlType='Button' &amp;&amp; Name='OK'"
\0&lt;/a&gt;
W, 3240, 23, 2013/05/24, 09:22:55.575, 1133006129714, QTAgent32.exe, Playback - [WARNING] Internal warning: Element "[MSAA, VisibleOnly]ControlType='Window' &amp;&amp; ControlId='5'" was not found, so all intermediate elements were ignored. To improve performance replace this element Id with another Id or exclude it from QueryId. If this element is the target element, replace or remove intermediate elements
\0
W, 3240, 23, 2013/05/24, 09:22:58.102, 1133042320043, QTAgent32.exe, Playback - [WARNING] Internal warning:Search failure: &lt;[MSAA, VisibleOnly]ControlType='Window' &amp;&amp; ControlId='32768'&gt; | Performed (4) search retries, UI element not found
\0
E, 3240, 23, 2013/05/24, 09:22:58.103, 1133042322355, QTAgent32.exe, &lt;a class=failure&gt;Playback - {188} [FAILED] Function ElementFetcher::FindScreenElement failed to locate UI element (Searching: ;[MSAA, VisibleOnly]ControlType='Window' &amp;&amp; ControlId='32768';[MSAA, VisibleOnly]ControlType='Window' &amp;&amp; ControlId='5';[MSAA, VisibleOnly]ControlType='Button' &amp;&amp; Name='Log and Clear') (The object specified was not found.)
\0&lt;/a&gt;
E, 3240, 23, 2013/05/24, 09:22:58.146, 1133042942056, QTAgent32.exe, Playback - [IMAGE] C:\Users\testuser\AppData\Local\Temp\UITestLogs\LastRun\RPF798A.png
\0
W, 3240, 23, 2013/05/24, 09:22:58.146, 1133042943554, QTAgent32.exe, Playback - [WARNING] Internal warning: Couldn't find descendants that match QueryId
\0
W, 3240, 23, 2013/05/24, 09:22:58.146, 1133042946279, QTAgent32.exe, PERF WARNING: FindAllDescendents: took 4073 ms. Expected it to take maximum 500 ms.
E, 3240, 23, 2013/05/24, 09:22:58.246, 1133044381953, QTAgent32.exe, AL: Playback Error: Microsoft.VisualStudio.TestTools.UITest.Extension.UITestControlNotFoundException: The playback failed to find the control with the given search properties. Additional Details: 
TechnologyName:  'MSAA'
ControlType:  'Button'
Name:  'Log and Clear'
 ---&gt; System.Runtime.InteropServices.COMException: Error HRESULT E_FAIL has been returned from a call to a COM component.
   at Microsoft.VisualStudio.TestTools.UITest.Playback.Engine.IScreenElement.FindAllDescendants(String bstrQueryId, Object&amp; pvarResKeys, Int32 cResKeys, Int32 nMaxDepth)
   at Microsoft.VisualStudio.TestTools.UITest.Playback.ScreenElement.FindAllScreenElement(String queryId, Int32 depth, Boolean singleQueryId, Boolean throwException)
   at Microsoft.VisualStudio.TestTools.UITest.Playback.ScreenElement.FindScreenElement(String queryId, Int32 depth)
   at Microsoft.VisualStudio.TestTools.UITesting.UITestControl.FindFirstDescendant(String queryId, Int32 maxDepth, Int32&amp; timeLeft)
   --- End of inner exception stack trace ---
   at Microsoft.VisualStudio.TestTools.UITesting.Playback.MapControlNotFoundException(COMException ex, IPlaybackContext context)
   at Microsoft.VisualStudio.TestTools.UITesting.Playback.MapAndThrowComException(COMException innerException, IPlaybackContext context)
   at Microsoft.VisualStudio.TestTools.UITesting.Playback.MapAndThrowException(SystemException exception, IPlaybackContext context)
   at Microsoft.VisualStudio.TestTools.UITesting.Playback.MapAndThrowException(SystemException exception, String queryId)
   at Microsoft.VisualStudio.TestTools.UITesting.UITestControl.FindFirstDescendant(String queryId, Int32 maxDepth, Int32&amp; timeLeft)
   at Microsoft.VisualStudio.TestTools.UITesting.SearchHelper.GetElement(Boolean useCache, ISearchArgument searchArg)
   at Microsoft.VisualStudio.TestTools.UITesting.SearchHelper.Search(ISearchArgument searchArg)
   at Microsoft.VisualStudio.TestTools.UITesting.UITestControl.FindInternal()
   at Microsoft.VisualStudio.TestTools.UITesting.UITestControl.FindControlIfNecessary()
   at Microsoft.VisualStudio.TestTools.UITesting.UITestControl.Click(MouseButtons button, ModifierKeys modifierKeys, Point relativeCoordinates)
   at Microsoft.VisualStudio.TestTools.UITesting.Mouse.ClickImplementation(UITestControl control, MouseButtons button, ModifierKeys modifierKeys, Point relativeCoordinate)
   at Microsoft.VisualStudio.TestTools.UITesting.Mouse.ClickImplementationWrapper(UITestControl control, MouseButtons button, ModifierKeys modifierKeys, Point relativeCoordinate)
W, 3240, 23, 2013/05/24, 09:22:58.246, 1133044383070, QTAgent32.exe, PlaybackErrorHandler: Ignoring exception as ContinueOnError is set.
W, 3240, 23, 2013/05/24, 09:22:58.480, 1133047725981, QTAgent32.exe, Playback - [WARNING] Internal warning: Window Not Found: [VisibleOnly]ControlType='Window' &amp;&amp; Name='Personal Lines' &amp;&amp; ClassName='#32770'
\0
E, 3240, 23, 2013/05/24, 09:22:58.480, 1133047728546, QTAgent32.exe, &lt;a class=failure&gt;Playback - {189} [FAILED] Function ElementFetcher::FindScreenElement failed to locate UI element (Searching: ;[VisibleOnly]ControlType='Window' &amp;&amp; Name='Personal Lines' &amp;&amp; ClassName='#32770') (The object specified was not found.)
\0&lt;/a&gt;
E, 3240, 23, 2013/05/24, 09:22:58.522, 1133048327045, QTAgent32.exe, Playback - [IMAGE] C:\Users\testuser\AppData\Local\Temp\UITestLogs\LastRun\RPF7B01.png
\0
W, 3240, 23, 2013/05/24, 09:22:58.522, 1133048328981, QTAgent32.exe, Playback - [WARNING] Internal warning: Couldn't find descendants that match QueryId
\0
W, 3240, 23, 2013/05/24, 09:23:16.558, 1133306569667, QTAgent32.exe, Playback - [WARNING] Internal warning: Window Not Found: [VisibleOnly]ControlType='Window' &amp;&amp; Name='Personal Lines' &amp;&amp; ClassName='#32770'
\0
E, 3240, 23, 2013/05/24, 09:23:16.558, 1133306571870, QTAgent32.exe, &lt;a class=failure&gt;Playback - {190} [FAILED] Function ElementFetcher::FindScreenElement failed to locate UI element (Searching: ;[VisibleOnly]ControlType='Window' &amp;&amp; Name='Personal Lines' &amp;&amp; ClassName='#32770') (The object specified was not found.)
\0&lt;/a&gt;
E, 3240, 23, 2013/05/24, 09:23:16.604, 1133307227386, QTAgent32.exe, Playback - [IMAGE] C:\Users\testuser\AppData\Local\Temp\UITestLogs\LastRun\RPFC1A3.png
\0
W, 3240, 23, 2013/05/24, 09:23:16.604, 1133307228877, QTAgent32.exe, Playback - [WARNING] Internal warning: Couldn't find descendants that match QueryId
\0
W, 3240, 23, 2013/05/24, 09:23:16.604, 1133307231211, QTAgent32.exe, PERF WARNING: FindTopLevelWindowHelper::FindAllDescendents: took 18081 ms. Expected it to take maximum 500 ms.
W, 3240, 23, 2013/05/24, 09:23:17.057, 1133313710131, QTAgent32.exe, Playback - [WARNING] Internal warning: Smart Match failed
\0
W, 3240, 23, 2013/05/24, 09:23:17.244, 1133316389730, QTAgent32.exe, Playback - [WARNING] Internal warning: Smart Match failed
\0
W, 3240, 23, 2013/05/24, 09:23:17.432, 1133319089291, QTAgent32.exe, Playback - [WARNING] Internal warning: Smart Match failed
\0
W, 3240, 23, 2013/05/24, 09:23:17.616, 1133321712557, QTAgent32.exe, Playback - [WARNING] Internal warning: Smart Match failed
\0
W, 3240, 23, 2013/05/24, 09:23:17.799, 1133324343881, QTAgent32.exe, Playback - [WARNING] Internal warning: Smart Match failed
\0
W, 3240, 23, 2013/05/24, 09:23:17.985, 1133327007298, QTAgent32.exe, Playback - [WARNING] Internal warning: Smart Match failed
\0
W, 3240, 23, 2013/05/24, 09:23:18.167, 1133329612629, QTAgent32.exe, Playback - [WARNING] Internal warning: Smart Match failed
\0
W, 3240, 23, 2013/05/24, 09:23:18.351, 1133332238290, QTAgent32.exe, Playback - [WARNING] Internal warning: Smart Match failed
\0
W, 3240, 23, 2013/05/24, 09:23:18.535, 1133334872099, QTAgent32.exe, Playback - [WARNING] Internal warning: Smart Match failed
\0
W, 3240, 23, 2013/05/24, 09:23:18.715, 1133337460630, QTAgent32.exe, Playback - [WARNING] Internal warning: Smart Match failed
\0
W, 3240, 23, 2013/05/24, 09:23:18.897, 1133340060237, QTAgent32.exe, Playback - [WARNING] Internal warning: Smart Match failed
\0
W, 3240, 23, 2013/05/24, 09:23:19.079, 1133342673110, QTAgent32.exe, Playback - [WARNING] Internal warning: Smart Match failed
\0
W, 3240, 23, 2013/05/24, 09:23:19.263, 1133345308473, QTAgent32.exe, Playback - [WARNING] Internal warning: Smart Match failed
\0
W, 3240, 23, 2013/05/24, 09:23:19.448, 1133347957734, QTAgent32.exe, Playback - [WARNING] Internal warning: Smart Match failed
\0
W, 3240, 23, 2013/05/24, 09:23:19.631, 1133350573110, QTAgent32.exe, Playback - [WARNING] Internal warning: Smart Match failed
\0
W, 3240, 23, 2013/05/24, 09:23:19.714, 1133351758117, QTAgent32.exe, Playback - [WARNING] Internal warning: Window Not Found: [VisibleOnly]ControlType='Window' &amp;&amp; Name='Personal Lines' &amp;&amp; ClassName='#32770'
\0
E, 3240, 23, 2013/05/24, 09:23:19.714, 1133351759997, QTAgent32.exe, &lt;a class=failure&gt;Playback - {191} [FAILED] Function ElementFetcher::FindScreenElement failed to locate UI element (Searching: ;[VisibleOnly]ControlType='Window' &amp;&amp; Name='Personal Lines' &amp;&amp; ClassName='#32770') (The object specified was not found.)
\0&lt;/a&gt;
E, 3240, 23, 2013/05/24, 09:23:19.756, 1133352362670, QTAgent32.exe, Playback - [IMAGE] C:\Users\testuser\AppData\Local\Temp\UITestLogs\LastRun\RPFCDF3.png
\0
W, 3240, 23, 2013/05/24, 09:23:19.756, 1133352364390, QTAgent32.exe, Playback - [WARNING] Internal warning: Couldn't find descendants that match QueryId
\0
W, 3240, 23, 2013/05/24, 09:23:19.756, 1133352366826, QTAgent32.exe, PERF WARNING: FindTopLevelWindowHelper::FindAllDescendents: took 3152 ms. Expected it to take maximum 500 ms.
E, 3240, 23, 2013/05/24, 09:23:19.756, 1133352368435, QTAgent32.exe, Exception: System.Runtime.InteropServices.COMException
	Message: Error HRESULT E_FAIL has been returned from a call to a COM component.
	Stack Trace:    at Microsoft.VisualStudio.TestTools.UITest.Playback.Engine.IRPFPlayback.FindAllScreenElements(IScreenElement pScreenElementStart, String bstrQueryId, Object&amp; pvarResKeys, Int32 cResKeys, Int32 nMaxDepth, Object[]&amp; foundDescendants)
   at Microsoft.VisualStudio.TestTools.UITest.Playback.ScreenElement.FindTopLevelWindowHelper(String queryId)
	BaseExceptionMessage: Error HRESULT E_FAIL has been returned from a call to a COM component.

E, 3240, 23, 2013/05/24, 09:23:19.757, 1133352372069, QTAgent32.exe, GetClassName for handle 2098604 failed
E, 3240, 23, 2013/05/24, 09:23:19.757, 1133352380390, QTAgent32.exe, Window 2098604 not responding. Last Win32 error 1400
E, 3240, 23, 2013/05/24, 09:23:19.757, 1133352381360, QTAgent32.exe, GetClassName for handle 2098604 failed
E, 3240, 23, 2013/05/24, 09:23:19.757, 1133352384689, QTAgent32.exe, GetClassName for handle 1245930 failed
E, 3240, 23, 2013/05/24, 09:23:19.758, 1133352398623, QTAgent32.exe, Window 1245930 not responding. Last Win32 error 1400
E, 3240, 23, 2013/05/24, 09:23:19.759, 1133352400757, QTAgent32.exe, GetClassName for handle 1245930 failed
E, 3240, 23, 2013/05/24, 09:23:19.859, 1133353835729, QTAgent32.exe, AL: Playback Error: Microsoft.VisualStudio.TestTools.UITest.Extension.UITestControlNotAvailableException: The control is not available or not valid. Additional Details: 
TechnologyName:  'MSAA'
ControlType:  'Button'
 ---&gt; Microsoft.VisualStudio.TestTools.UITest.Extension.UITestControlNotAvailableException: The control is not available or not valid. Additional Details: 
TechnologyName:  'MSAA'
ControlType:  'Window'
 ---&gt; System.Runtime.InteropServices.COMException: Error HRESULT E_FAIL has been returned from a call to a COM component.
   at Microsoft.VisualStudio.TestTools.UITest.Playback.Engine.IRPFPlayback.FindAllScreenElements(IScreenElement pScreenElementStart, String bstrQueryId, Object&amp; pvarResKeys, Int32 cResKeys, Int32 nMaxDepth, Object[]&amp; foundDescendants)
   at Microsoft.VisualStudio.TestTools.UITest.Playback.ScreenElement.FindTopLevelWindowHelper(String queryId)
   at Microsoft.VisualStudio.TestTools.UITest.Playback.ScreenElement.FindFromPartialQueryId(String queryId)
   at Microsoft.VisualStudio.TestTools.UITesting.UITestControl.EnsureValid(Boolean waitForReady, Boolean refetch)
   --- End of inner exception stack trace ---
   at Microsoft.VisualStudio.TestTools.UITesting.UITestControl.EnsureValid(Boolean waitForReady, Boolean refetch)
   at Microsoft.VisualStudio.TestTools.UITesting.UITestControl.FindFirstDescendant(String queryId, Int32 maxDepth, Int32&amp; timeLeft)
   at Microsoft.VisualStudio.TestTools.UITesting.UITestControl.FindFirstDescendant(String queryId)
   at Microsoft.VisualStudio.TestTools.UITesting.UITestControl.EnsureValid(Boolean waitForReady, Boolean refetch)
   --- End of inner exception stack trace ---
   at Microsoft.VisualStudio.TestTools.UITesting.UITestControl.EnsureValid(Boolean waitForReady, Boolean refetch)
   at Microsoft.VisualStudio.TestTools.UITesting.UITestControl.Click(MouseButtons button, ModifierKeys modifierKeys, Point relativeCoordinates)
   at Microsoft.VisualStudio.TestTools.UITesting.Mouse.ClickImplementation(UITestControl control, MouseButtons button, ModifierKeys modifierKeys, Point relativeCoordinate)
   at Microsoft.VisualStudio.TestTools.UITesting.Mouse.ClickImplementationWrapper(UITestControl control, MouseButtons button, ModifierKeys modifierKeys, Point relativeCoordinate)
W, 3240, 23, 2013/05/24, 09:23:19.859, 1133353837057, QTAgent32.exe, PlaybackErrorHandler: Ignoring exception as ContinueOnError is set.
W, 3240, 23, 2013/05/24, 09:23:20.006, 1133355950451, QTAgent32.exe, &lt;a class=success&gt;Playback - {192} [SUCCESS] MouseButtonClick - "[MSAA, VisibleOnly]ControlType='Button' &amp;&amp; Name='Filter...'"
\0&lt;/a&gt;
W, 3240, 23, 2013/05/24, 09:23:20.212, 1133358888519, QTAgent32.exe, &lt;a class=success&gt;Playback - {193} [SUCCESS] SendKeys "^{HOME}" - "[MSAA, VisibleOnly]ControlType='Edit'"
\0&lt;/a&gt;
E, 3240, 23, 2013/05/24, 09:23:20.212, 1133358890579, QTAgent32.exe, Msaa.GetFocusedElement: could not find accessible object of foreground window
W, 3240, 23, 2013/05/24, 09:23:20.275, 1133359798331, QTAgent32.exe, &lt;a class=success&gt;Playback - {194} [SUCCESS] SendKeys "^+{END}" - "[MSAA, VisibleOnly]ControlType='Edit'"
\0&lt;/a&gt;
E, 3240, 23, 2013/05/24, 09:23:20.275, 1133359800061, QTAgent32.exe, Msaa.GetFocusedElement: could not find accessible object of foreground window
W, 3240, 23, 2013/05/24, 09:23:20.288, 1133359977471, QTAgent32.exe, &lt;a class=success&gt;Playback - {195} [SUCCESS] SendKeys "{DELETE}" - "[MSAA, VisibleOnly]ControlType='Edit'"
\0&lt;/a&gt;
W, 3240, 23, 2013/05/24, 09:23:20.515, 1133363230544, QTAgent32.exe, &lt;a class=success&gt;Playback - {196} [SUCCESS] SetValueAsEditBox "31/05/13" - "[MSAA, VisibleOnly]ControlType='Edit'"  &lt; Set via SendKeys &gt;
\0&lt;/a&gt;
W, 3240, 23, 2013/05/24, 09:23:20.749, 1133366579355, QTAgent32.exe, &lt;a class=success&gt;Playback - {197} [SUCCESS] SendKeys "^{HOME}" - "[MSAA, VisibleOnly]ControlType='Edit'"
\0&lt;/a&gt;
E, 3240, 23, 2013/05/24, 09:23:20.749, 1133366581706, QTAgent32.exe, Msaa.GetFocusedElement: could not find accessible object of foreground window
W, 3240, 23, 2013/05/24, 09:23:20.806, 1133367395131, QTAgent32.exe, &lt;a class=success&gt;Playback - {198} [SUCCESS] SendKeys "^+{END}" - "[MSAA, VisibleOnly]ControlType='Edit'"
\0&lt;/a&gt;
E, 3240, 23, 2013/05/24, 09:23:20.806, 1133367397420, QTAgent32.exe, Msaa.GetFocusedElement: could not find accessible object of foreground window
W, 3240, 23, 2013/05/24, 09:23:20.819, 1133367574161, QTAgent32.exe, &lt;a class=success&gt;Playback - {199} [SUCCESS] SendKeys "{DELETE}" - "[MSAA, VisibleOnly]ControlType='Edit'"
\0&lt;/a&gt;
W, 3240, 23, 2013/05/24, 09:23:21.043, 1133370784620, QTAgent32.exe, &lt;a class=success&gt;Playback - {200} [SUCCESS] SetValueAsEditBox "31/05/13" - "[MSAA, VisibleOnly]ControlType='Edit'"  &lt; Set via SendKeys &gt;
\0&lt;/a&gt;
W, 3240, 23, 2013/05/24, 09:23:21.405, 1133375975377, QTAgent32.exe, Playback - [WARNING] Internal warning: Incorrect flag set for InvokeProgrammaticAction\0
W, 3240, 23, 2013/05/24, 09:23:21.523, 1133377659689, QTAgent32.exe, &lt;a class=success&gt;Playback - {201} [SUCCESS] SetValueAsComboBox "Household" - "[MSAA, VisibleOnly]ControlType='ComboBox'"  &lt; SetValueAsComboBox, set by clicking on the item in the list box &gt;
\0&lt;/a&gt;
W, 3240, 23, 2013/05/24, 09:23:21.779, 1133381326857, QTAgent32.exe, &lt;a class=success&gt;Playback - {202} [SUCCESS] MouseButtonClick - "[MSAA, VisibleOnly]ControlType='Button' &amp;&amp; Name='Ok'"
\0&lt;/a&gt;
W, 3240, 23, 2013/05/24, 09:23:22.007, 1133384594561, QTAgent32.exe, &lt;a class=success&gt;Playback - {203} [SUCCESS] MouseButtonClick - "[MSAA, VisibleOnly]ControlType='Client'"
\0&lt;/a&gt;
W, 3240, 23, 2013/05/24, 09:23:22.896, 1133397318218, QTAgent32.exe, &lt;a class=success&gt;Playback - {204} [SUCCESS] MouseButtonClick - "[MSAA, VisibleOnly]ControlType='Client'"
\0&lt;/a&gt;
W, 3240, 23, 2013/05/24, 09:23:23.077, 1133399916486, QTAgent32.exe, &lt;a class=success&gt;Playback - {205} [SUCCESS] SendKeys "{Home}" - "[MSAA, VisibleOnly]ControlType='Client'"
\0&lt;/a&gt;
W, 3240, 23, 2013/05/24, 09:23:23.302, 1133403135802, QTAgent32.exe, &lt;a class=success&gt;Playback - {206} [SUCCESS] MouseButtonClick - "[MSAA, VisibleOnly]ControlType='Button' &amp;&amp; Name='Display Record...'"
\0&lt;/a&gt;
W, 3240, 23, 2013/05/24, 09:23:23.649, 1133408105082, QTAgent32.exe, Playback - [WARNING] Internal warning: Window Not Found: [VisibleOnly]ControlType='Window' &amp;&amp; Name='AUTO225-1001' &amp;&amp; ClassName='ThunderRT6FormDC'
\0
E, 3240, 23, 2013/05/24, 09:23:23.649, 1133408107228, QTAgent32.exe, &lt;a class=failure&gt;Playback - {207} [FAILED] Function ElementFetcher::FindScreenElement failed to locate UI element (Searching: ;[VisibleOnly]ControlType='Window' &amp;&amp; Name='AUTO225-1001' &amp;&amp; ClassName='ThunderRT6FormDC') (The object specified was not found.)
\0&lt;/a&gt;
E, 3240, 23, 2013/05/24, 09:23:23.691, 1133408711214, QTAgent32.exe, Playback - [IMAGE] C:\Users\testuser\AppData\Local\Temp\UITestLogs\LastRun\RPFDD4F.png
\0
W, 3240, 23, 2013/05/24, 09:23:23.692, 1133408713178, QTAgent32.exe, Playback - [WARNING] Internal warning: Couldn't find descendants that match QueryId
\0
W, 3240, 23, 2013/05/24, 09:23:41.775, 1133667631599, QTAgent32.exe, Playback - [WARNING] Internal warning: Window Not Found: [VisibleOnly]ControlType='Window' &amp;&amp; Name='AUTO225-1001' &amp;&amp; ClassName='ThunderRT6FormDC'
\0
E, 3240, 23, 2013/05/24, 09:23:41.775, 1133667633892, QTAgent32.exe, &lt;a class=failure&gt;Playback - {208} [FAILED] Function ElementFetcher::FindScreenElement failed to locate UI element (Searching: ;[VisibleOnly]ControlType='Window' &amp;&amp; Name='AUTO225-1001' &amp;&amp; ClassName='ThunderRT6FormDC') (The object specified was not found.)
\0&lt;/a&gt;
E, 3240, 23, 2013/05/24, 09:23:41.818, 1133668249947, QTAgent32.exe, Playback - [IMAGE] C:\Users\testuser\AppData\Local\Temp\UITestLogs\LastRun\RPF241F.png
\0
W, 3240, 23, 2013/05/24, 09:23:41.818, 1133668251467, QTAgent32.exe, Playback - [WARNING] Internal warning: Couldn't find descendants that match QueryId
\0
W, 3240, 23, 2013/05/24, 09:23:41.818, 1133668253829, QTAgent32.exe, PERF WARNING: FindTopLevelWindowHelper::FindAllDescendents: took 18126 ms. Expected it to take maximum 500 ms.
W, 3240, 23, 2013/05/24, 09:23:42.371, 1133676164520, QTAgent32.exe, Playback - [WARNING] Internal warning: Window with Class "ThunderRT6FormDC" and Title "AUTO225-1001" was not found, so similar window with Class "ThunderRT6FormDC" and Title "AUTO150-1001" was accepted
\0
W, 3240, 23, 2013/05/24, 09:23:42.371, 1133676167551, QTAgent32.exe, PERF WARNING: FindTopLevelWindowHelper::FindAllDescendents: took 552 ms. Expected it to take maximum 500 ms.
W, 3240, 23, 2013/05/24, 09:23:42.493, 1133677917960, QTAgent32.exe, &lt;a class=success&gt;Playback - {209} [SUCCESS] MouseButtonClick - "[MSAA, VisibleOnly]ControlType='Button' &amp;&amp; Name='Amend Risk...'"
\0&lt;/a&gt;
W, 3240, 23, 2013/05/24, 09:23:44.243, 1133702973563, QTAgent32.exe, PERF WARNING: FindTopLevelWindowHelper::FindAllDescendents: took 1632 ms. Expected it to take maximum 500 ms.
W, 3240, 23, 2013/05/24, 09:23:44.389, 1133705067122, QTAgent32.exe, &lt;a class=success&gt;Playback - {210} [SUCCESS] SendKeys "^{HOME}" - "[MSAA, VisibleOnly]ControlType='Edit'"
\0&lt;/a&gt;
E, 3240, 23, 2013/05/24, 09:23:44.389, 1133705069074, QTAgent32.exe, Msaa.GetFocusedElement: could not find accessible object of foreground window
W, 3240, 23, 2013/05/24, 09:23:44.442, 1133705811745, QTAgent32.exe, &lt;a class=success&gt;Playback - {211} [SUCCESS] SendKeys "^+{END}" - "[MSAA, VisibleOnly]ControlType='Edit'"
\0&lt;/a&gt;
E, 3240, 23, 2013/05/24, 09:23:44.442, 1133705813090, QTAgent32.exe, Msaa.GetFocusedElement: could not find accessible object of foreground window
W, 3240, 23, 2013/05/24, 09:23:44.454, 1133705984465, QTAgent32.exe, &lt;a class=success&gt;Playback - {212} [SUCCESS] SendKeys "{DELETE}" - "[MSAA, VisibleOnly]ControlType='Edit'"
\0&lt;/a&gt;
W, 3240, 23, 2013/05/24, 09:23:44.651, 1133708807878, QTAgent32.exe, &lt;a class=success&gt;Playback - {213} [SUCCESS] SetValueAsEditBox "TestNew" - "[MSAA, VisibleOnly]ControlType='Edit'"  &lt; Set via SendKeys &gt;
\0&lt;/a&gt;
W, 3240, 23, 2013/05/24, 09:23:44.884, 1133712150175, QTAgent32.exe, &lt;a class=success&gt;Playback - {214} [SUCCESS] MouseButtonClick - "[MSAA, VisibleOnly]ControlType='Button' &amp;&amp; Name='Next &gt;'"
\0&lt;/a&gt;
W, 3240, 23, 2013/05/24, 09:23:45.136, 1133715756914, QTAgent32.exe, &lt;a class=success&gt;Playback - {215} [SUCCESS] MouseButtonClick - "[MSAA, VisibleOnly]ControlType='Button' &amp;&amp; Name='Next &gt;'"
\0&lt;/a&gt;
W, 3240, 23, 2013/05/24, 09:23:45.362, 1133718996165, QTAgent32.exe, &lt;a class=success&gt;Playback - {216} [SUCCESS] MouseButtonClick - "[MSAA, VisibleOnly]ControlType='Button' &amp;&amp; Name='Next &gt;'"
\0&lt;/a&gt;
W, 3240, 23, 2013/05/24, 09:23:45.587, 1133722212190, QTAgent32.exe, &lt;a class=success&gt;Playback - {217} [SUCCESS] MouseButtonClick - "[MSAA, VisibleOnly]ControlType='Button' &amp;&amp; Name='Next &gt;'"
\0&lt;/a&gt;
W, 3240, 23, 2013/05/24, 09:23:45.807, 1133725369705, QTAgent32.exe, &lt;a class=success&gt;Playback - {218} [SUCCESS] MouseButtonClick - "[MSAA, VisibleOnly]ControlType='Button' &amp;&amp; Name='Next &gt;'"
\0&lt;/a&gt;
W, 3240, 23, 2013/05/24, 09:23:46.032, 1133728582682, QTAgent32.exe, &lt;a class=success&gt;Playback - {219} [SUCCESS] MouseButtonClick - "[MSAA, VisibleOnly]ControlType='Button' &amp;&amp; Name='Next &gt;'"
\0&lt;/a&gt;
W, 3240, 23, 2013/05/24, 09:23:46.260, 1133731852958, QTAgent32.exe, &lt;a class=success&gt;Playback - {220} [SUCCESS] MouseButtonClick - "[MSAA, VisibleOnly]ControlType='Button' &amp;&amp; Name='Next &gt;'"
\0&lt;/a&gt;
W, 3240, 23, 2013/05/24, 09:23:46.590, 1133736581977, QTAgent32.exe, &lt;a class=success&gt;Playback - {221} [SUCCESS] MouseButtonClick - "[MSAA, VisibleOnly]ControlType='Button' &amp;&amp; Name='Quote'"
\0&lt;/a&gt;
W, 3240, 23, 2013/05/24, 09:23:46.821, 1133739878377, QTAgent32.exe, &lt;a class=success&gt;Playback - {222} [SUCCESS] MouseButtonClick - "[MSAA, VisibleOnly]ControlType='Button' &amp;&amp; Name='Proceed'"
\0&lt;/a&gt;
W, 3240, 23, 2013/05/24, 09:23:47.048, 1133743129055, QTAgent32.exe, &lt;a class=success&gt;Playback - {223} [SUCCESS] MouseButtonClick - "[MSAA, VisibleOnly]ControlType='Button' &amp;&amp; Name='Ok'"
\0&lt;/a&gt;
W, 3240, 23, 2013/05/24, 09:23:57.620, 1133894502881, QTAgent32.exe, PERF WARNING: FindTopLevelWindowHelper::FindAllDescendents: took 10454 ms. Expected it to take maximum 500 ms.
W, 3240, 23, 2013/05/24, 09:23:57.752, 1133896391186, QTAgent32.exe, &lt;a class=success&gt;Playback - {224} [SUCCESS] MouseButtonClick - "[MSAA, VisibleOnly]ControlType='Client'"
\0&lt;/a&gt;
W, 3240, 23, 2013/05/24, 09:23:59.289, 1133918410311, QTAgent32.exe, &lt;a class=success&gt;Playback - {225} [SUCCESS] SendKeys "{End}" - "[MSAA, VisibleOnly]ControlType='Client'"
\0&lt;/a&gt;
W, 3240, 23, 2013/05/24, 09:23:59.592, 1133922749582, QTAgent32.exe, &lt;a class=success&gt;Playback - {226} [SUCCESS] MouseButtonClick - "[MSAA, VisibleOnly]ControlType='Button' &amp;&amp; Name='Renew Policy'"
\0&lt;/a&gt;
W, 3240, 23, 2013/05/24, 09:23:59.831, 1133926166439, QTAgent32.exe, &lt;a class=success&gt;Playback - {227} [SUCCESS] MouseButtonClick - "[MSAA, VisibleOnly]ControlType='Button' &amp;&amp; Name='Yes'"
\0&lt;/a&gt;
W, 3240, 23, 2013/05/24, 09:24:02.375, 1133962589749, QTAgent32.exe, Playback - [WARNING] Internal warning: Window Not Found: [VisibleOnly]ControlType='Window' &amp;&amp; Name='Save the file as' &amp;&amp; ClassName='#32770'
\0
E, 3240, 23, 2013/05/24, 09:24:02.375, 1133962591722, QTAgent32.exe, &lt;a class=failure&gt;Playback - {228} [FAILED] Function ElementFetcher::FindScreenElement failed to locate UI element (Searching: ;[VisibleOnly]ControlType='Window' &amp;&amp; Name='Save the file as' &amp;&amp; ClassName='#32770') (The object specified was not found.)
\0&lt;/a&gt;
E, 3240, 23, 2013/05/24, 09:24:02.422, 1133963261719, QTAgent32.exe, Playback - [IMAGE] C:\Users\testuser\AppData\Local\Temp\UITestLogs\LastRun\RPF74A0.png
\0
W, 3240, 23, 2013/05/24, 09:24:02.422, 1133963263589, QTAgent32.exe, Playback - [WARNING] Internal warning: Couldn't find descendants that match QueryId
\0
W, 3240, 23, 2013/05/24, 09:24:02.422, 1133963266152, QTAgent32.exe, PERF WARNING: FindTopLevelWindowHelper::FindAllDescendents: took 2478 ms. Expected it to take maximum 500 ms.
W, 3240, 23, 2013/05/24, 09:24:20.432, 1134221132958, QTAgent32.exe, Playback - [WARNING] Internal warning: Window Not Found: [VisibleOnly]ControlType='Window' &amp;&amp; Name='Save the file as' &amp;&amp; ClassName='#32770'
\0
E, 3240, 23, 2013/05/24, 09:24:20.432, 1134221135235, QTAgent32.exe, &lt;a class=failure&gt;Playback - {229} [FAILED] Function ElementFetcher::FindScreenElement failed to locate UI element (Searching: ;[VisibleOnly]ControlType='Window' &amp;&amp; Name='Save the file as' &amp;&amp; ClassName='#32770') (The object specified was not found.)
\0&lt;/a&gt;
E, 3240, 23, 2013/05/24, 09:24:20.476, 1134221764458, QTAgent32.exe, Playback - [IMAGE] C:\Users\testuser\AppData\Local\Temp\UITestLogs\LastRun\RPFBB22.png
\0
W, 3240, 23, 2013/05/24, 09:24:20.476, 1134221766145, QTAgent32.exe, Playback - [WARNING] Internal warning: Couldn't find descendants that match QueryId
\0
W, 3240, 23, 2013/05/24, 09:24:20.477, 1134221769360, QTAgent32.exe, PERF WARNING: FindTopLevelWindowHelper::FindAllDescendents: took 18053 ms. Expected it to take maximum 500 ms.
W, 3240, 23, 2013/05/24, 09:24:20.945, 1134228474571, QTAgent32.exe, Playback - [WARNING] Internal warning: Smart Match failed
\0
W, 3240, 23, 2013/05/24, 09:24:21.158, 1134231521834, QTAgent32.exe, Playback - [WARNING] Internal warning: Smart Match failed
\0
W, 3240, 23, 2013/05/24, 09:24:21.362, 1134234450043, QTAgent32.exe, Playback - [WARNING] Internal warning: Smart Match failed
\0
W, 3240, 23, 2013/05/24, 09:24:21.562, 1134237314105, QTAgent32.exe, Playback - [WARNING] Internal warning: Smart Match failed
\0
W, 3240, 23, 2013/05/24, 09:24:21.762, 1134240169931, QTAgent32.exe, Playback - [WARNING] Internal warning: Smart Match failed
\0
W, 3240, 23, 2013/05/24, 09:24:21.965, 1134243083390, QTAgent32.exe, Playback - [WARNING] Internal warning: Smart Match failed
\0
W, 3240, 23, 2013/05/24, 09:24:22.170, 1134246023267, QTAgent32.exe, Playback - [WARNING] Internal warning: Smart Match failed
\0
W, 3240, 23, 2013/05/24, 09:24:22.389, 1134249154012, QTAgent32.exe, Playback - [WARNING] Internal warning: Smart Match failed
\0
W, 3240, 23, 2013/05/24, 09:24:22.598, 1134252143741, QTAgent32.exe, Playback - [WARNING] Internal warning: Smart Match failed
\0
W, 3240, 23, 2013/05/24, 09:24:22.808, 1134255159962, QTAgent32.exe, Playback - [WARNING] Internal warning: Smart Match failed
\0
W, 3240, 23, 2013/05/24, 09:24:23.021, 1134258199688, QTAgent32.exe, Playback - [WARNING] Internal warning: Smart Match failed
\0
W, 3240, 23, 2013/05/24, 09:24:23.228, 1134261163089, QTAgent32.exe, Playback - [WARNING] Internal warning: Smart Match failed
\0
W, 3240, 23, 2013/05/24, 09:24:23.437, 1134264163286, QTAgent32.exe, Playback - [WARNING] Internal warning: Smart Match failed
\0
W, 3240, 23, 2013/05/24, 09:24:23.531, 1134265508605, QTAgent32.exe, Playback - [WARNING] Internal warning: Window Not Found: [VisibleOnly]ControlType='Window' &amp;&amp; Name='Save the file as' &amp;&amp; ClassName='#32770'
\0
E, 3240, 23, 2013/05/24, 09:24:23.531, 1134265510434, QTAgent32.exe, &lt;a class=failure&gt;Playback - {230} [FAILED] Function ElementFetcher::FindScreenElement failed to locate UI element (Searching: ;[VisibleOnly]ControlType='Window' &amp;&amp; Name='Save the file as' &amp;&amp; ClassName='#32770') (The object specified was not found.)
\0&lt;/a&gt;
E, 3240, 23, 2013/05/24, 09:24:23.582, 1134266234574, QTAgent32.exe, Playback - [IMAGE] C:\Users\testuser\AppData\Local\Temp\UITestLogs\LastRun\RPFC744.png
\0
W, 3240, 23, 2013/05/24, 09:24:23.582, 1134266236078, QTAgent32.exe, Playback - [WARNING] Internal warning: Couldn't find descendants that match QueryId
\0
W, 3240, 23, 2013/05/24, 09:24:23.582, 1134266238798, QTAgent32.exe, PERF WARNING: FindTopLevelWindowHelper::FindAllDescendents: took 3105 ms. Expected it to take maximum 500 ms.
E, 3240, 23, 2013/05/24, 09:24:23.582, 1134266240474, QTAgent32.exe, Exception: System.Runtime.InteropServices.COMException
	Message: Error HRESULT E_FAIL has been returned from a call to a COM component.
	Stack Trace:    at Microsoft.VisualStudio.TestTools.UITest.Playback.Engine.IRPFPlayback.FindAllScreenElements(IScreenElement pScreenElementStart, String bstrQueryId, Object&amp; pvarResKeys, Int32 cResKeys, Int32 nMaxDepth, Object[]&amp; foundDescendants)
   at Microsoft.VisualStudio.TestTools.UITest.Playback.ScreenElement.FindTopLevelWindowHelper(String queryId)
	BaseExceptionMessage: Error HRESULT E_FAIL has been returned from a call to a COM component.

E, 3240, 23, 2013/05/24, 09:24:23.683, 1134267682837, QTAgent32.exe, AL: Playback Error: Microsoft.VisualStudio.TestTools.UITest.Extension.UITestControlNotFoundException: The playback failed to find the control with the given search properties. Additional Details: 
TechnologyName:  'MSAA'
ControlType:  'Window'
Name:  'Save the file as'
ClassName:  '#32770'
 ---&gt; System.Runtime.InteropServices.COMException: Error HRESULT E_FAIL has been returned from a call to a COM component.
   at Microsoft.VisualStudio.TestTools.UITest.Playback.Engine.IRPFPlayback.FindAllScreenElements(IScreenElement pScreenElementStart, String bstrQueryId, Object&amp; pvarResKeys, Int32 cResKeys, Int32 nMaxDepth, Object[]&amp; foundDescendants)
   at Microsoft.VisualStudio.TestTools.UITest.Playback.ScreenElement.FindTopLevelWindowHelper(String queryId)
   at Microsoft.VisualStudio.TestTools.UITest.Playback.ScreenElement.FindFromPartialQueryId(String queryId)
   at Microsoft.VisualStudio.TestTools.UITesting.UITestControl..ctor(String queryId)
   --- End of inner exception stack trace ---
   at Microsoft.VisualStudio.TestTools.UITesting.Playback.MapControlNotFoundException(COMException ex, IPlaybackContext context)
   at Microsoft.VisualStudio.TestTools.UITesting.Playback.MapAndThrowComException(COMException innerException, IPlaybackContext context)
   at Microsoft.VisualStudio.TestTools.UITesting.Playback.MapAndThrowException(SystemException exception, IPlaybackContext context)
   at Microsoft.VisualStudio.TestTools.UITesting.Playback.MapAndThrowException(SystemException exception, String queryId)
   at Microsoft.VisualStudio.TestTools.UITesting.UITestControl..ctor(String queryId)
   at Microsoft.VisualStudio.TestTools.UITesting.SearchHelper.SearchTopLevelWindow(ISearchArgument topLevelSearchArg, String topLevelElementQueryId)
   at Microsoft.VisualStudio.TestTools.UITesting.SearchHelper.GetTitleUpdatedTopLevelWindow(ISearchArgument topLevelSearchArg, String queryId, IList`1 windowTitles)
   at Microsoft.VisualStudio.TestTools.UITesting.SearchHelper.GetTopLevelElement(Boolean useCache, Boolean useCacheOnly, ISearchArgument searchArg, IList`1 windowTitles, Int32&amp; timeLeft)
   at Microsoft.VisualStudio.TestTools.UITesting.SearchHelper.GetElement(Boolean useCache, ISearchArgument searchArg)
   at Microsoft.VisualStudio.TestTools.UITesting.SearchHelper.Search(ISearchArgument searchArg)
   at Microsoft.VisualStudio.TestTools.UITesting.UITestControl.FindInternal()
   at Microsoft.VisualStudio.TestTools.UITesting.UITestControl.FindControlIfNecessary()
   at Microsoft.VisualStudio.TestTools.UITesting.UITestControl.Click(MouseButtons button, ModifierKeys modifierKeys, Point relativeCoordinates)
   at Microsoft.VisualStudio.TestTools.UITesting.Mouse.ClickImplementation(UITestControl control, MouseButtons button, ModifierKeys modifierKeys, Point relativeCoordinate)
   at Microsoft.VisualStudio.TestTools.UITesting.Mouse.ClickImplementationWrapper(UITestControl control, MouseButtons button, ModifierKeys modifierKeys, Point relativeCoordinate)
W, 3240, 23, 2013/05/24, 09:24:23.683, 1134267684804, QTAgent32.exe, PlaybackErrorHandler: Ignoring exception as ContinueOnError is set.
W, 3240, 23, 2013/05/24, 09:24:23.936, 1134271298354, QTAgent32.exe, Playback - [WARNING] Internal warning: Window Not Found: [VisibleOnly]ControlType='Window' &amp;&amp; Name='Personal Lines' &amp;&amp; ClassName='#32770'
\0
E, 3240, 23, 2013/05/24, 09:24:23.936, 1134271300800, QTAgent32.exe, &lt;a class=failure&gt;Playback - {231} [FAILED] Function ElementFetcher::FindScreenElement failed to locate UI element (Searching: ;[VisibleOnly]ControlType='Window' &amp;&amp; Name='Personal Lines' &amp;&amp; ClassName='#32770') (The object specified was not found.)
\0&lt;/a&gt;
E, 3240, 23, 2013/05/24, 09:24:23.978, 1134271904303, QTAgent32.exe, Playback - [IMAGE] C:\Users\testuser\AppData\Local\Temp\UITestLogs\LastRun\RPFC8DA.png
\0
W, 3240, 23, 2013/05/24, 09:24:23.978, 1134271905939, QTAgent32.exe, Playback - [WARNING] Internal warning: Couldn't find descendants that match QueryId
\0
W, 3240, 23, 2013/05/24, 09:24:42.079, 1134531078218, QTAgent32.exe, Playback - [WARNING] Internal warning: Window Not Found: [VisibleOnly]ControlType='Window' &amp;&amp; Name='Personal Lines' &amp;&amp; ClassName='#32770'
\0
E, 3240, 23, 2013/05/24, 09:24:42.079, 1134531080813, QTAgent32.exe, &lt;a class=failure&gt;Playback - {232} [FAILED] Function ElementFetcher::FindScreenElement failed to locate UI element (Searching: ;[VisibleOnly]ControlType='Window' &amp;&amp; Name='Personal Lines' &amp;&amp; ClassName='#32770') (The object specified was not found.)
\0&lt;/a&gt;
E, 3240, 23, 2013/05/24, 09:24:42.125, 1134531731626, QTAgent32.exe, Playback - [IMAGE] C:\Users\testuser\AppData\Local\Temp\UITestLogs\LastRun\RPFFBA.png
\0
W, 3240, 23, 2013/05/24, 09:24:42.125, 1134531733163, QTAgent32.exe, Playback - [WARNING] Internal warning: Couldn't find descendants that match QueryId
\0
W, 3240, 23, 2013/05/24, 09:24:42.125, 1134531735777, QTAgent32.exe, PERF WARNING: FindTopLevelWindowHelper::FindAllDescendents: took 18146 ms. Expected it to take maximum 500 ms.
W, 3240, 23, 2013/05/24, 09:24:42.596, 1134538482324, QTAgent32.exe, Playback - [WARNING] Internal warning: Smart Match failed
\0
W, 3240, 23, 2013/05/24, 09:24:42.804, 1134541466838, QTAgent32.exe, Playback - [WARNING] Internal warning: Smart Match failed
\0
W, 3240, 23, 2013/05/24, 09:24:43.009, 1134544398915, QTAgent32.exe, Playback - [WARNING] Internal warning: Smart Match failed
\0
W, 3240, 23, 2013/05/24, 09:24:43.217, 1134547370158, QTAgent32.exe, Playback - [WARNING] Internal warning: Smart Match failed
\0
W, 3240, 23, 2013/05/24, 09:24:43.422, 1134550316653, QTAgent32.exe, Playback - [WARNING] Internal warning: Smart Match failed
\0
W, 3240, 23, 2013/05/24, 09:24:43.627, 1134553235183, QTAgent32.exe, Playback - [WARNING] Internal warning: Smart Match failed
\0
W, 3240, 23, 2013/05/24, 09:24:43.855, 1134556506262, QTAgent32.exe, Playback - [WARNING] Internal warning: Smart Match failed
\0
W, 3240, 23, 2013/05/24, 09:24:44.059, 1134559419328, QTAgent32.exe, Playback - [WARNING] Internal warning: Smart Match failed
\0
W, 3240, 23, 2013/05/24, 09:24:44.258, 1134562279164, QTAgent32.exe, Playback - [WARNING] Internal warning: Smart Match failed
\0
W, 3240, 23, 2013/05/24, 09:24:44.468, 1134565285305, QTAgent32.exe, Playback - [WARNING] Internal warning: Smart Match failed
\0
W, 3240, 23, 2013/05/24, 09:24:44.668, 1134568143938, QTAgent32.exe, Playback - [WARNING] Internal warning: Smart Match failed
\0
W, 3240, 23, 2013/05/24, 09:24:44.871, 1134571056365, QTAgent32.exe, Playback - [WARNING] Internal warning: Smart Match failed
\0
W, 3240, 23, 2013/05/24, 09:24:45.070, 1134573902799, QTAgent32.exe, Playback - [WARNING] Internal warning: Smart Match failed
\0
W, 3240, 23, 2013/05/24, 09:24:45.169, 1134575321953, QTAgent32.exe, Playback - [WARNING] Internal warning: Window Not Found: [VisibleOnly]ControlType='Window' &amp;&amp; Name='Personal Lines' &amp;&amp; ClassName='#32770'
\0
E, 3240, 23, 2013/05/24, 09:24:45.169, 1134575323828, QTAgent32.exe, &lt;a class=failure&gt;Playback - {233} [FAILED] Function ElementFetcher::FindScreenElement failed to locate UI element (Searching: ;[VisibleOnly]ControlType='Window' &amp;&amp; Name='Personal Lines' &amp;&amp; ClassName='#32770') (The object specified was not found.)
\0&lt;/a&gt;
E, 3240, 23, 2013/05/24, 09:24:45.211, 1134575924406, QTAgent32.exe, Playback - [IMAGE] C:\Users\testuser\AppData\Local\Temp\UITestLogs\LastRun\RPF1BCC.png
\0
W, 3240, 23, 2013/05/24, 09:24:45.211, 1134575925926, QTAgent32.exe, Playback - [WARNING] Internal warning: Couldn't find descendants that match QueryId
\0
W, 3240, 23, 2013/05/24, 09:24:45.211, 1134575928427, QTAgent32.exe, PERF WARNING: FindTopLevelWindowHelper::FindAllDescendents: took 3086 ms. Expected it to take maximum 500 ms.
E, 3240, 23, 2013/05/24, 09:24:45.212, 1134575930265, QTAgent32.exe, Exception: System.Runtime.InteropServices.COMException
	Message: Error HRESULT E_FAIL has been returned from a call to a COM component.
	Stack Trace:    at Microsoft.VisualStudio.TestTools.UITest.Playback.Engine.IRPFPlayback.FindAllScreenElements(IScreenElement pScreenElementStart, String bstrQueryId, Object&amp; pvarResKeys, Int32 cResKeys, Int32 nMaxDepth, Object[]&amp; foundDescendants)
   at Microsoft.VisualStudio.TestTools.UITest.Playback.ScreenElement.FindTopLevelWindowHelper(String queryId)
	BaseExceptionMessage: Error HRESULT E_FAIL has been returned from a call to a COM component.

E, 3240, 23, 2013/05/24, 09:24:45.212, 1134575935031, QTAgent32.exe, Window 2098604 not responding. Last Win32 error 0
E, 3240, 23, 2013/05/24, 09:24:45.212, 1134575936199, QTAgent32.exe, GetClassName for handle 2098604 failed
E, 3240, 23, 2013/05/24, 09:24:45.212, 1134575942965, QTAgent32.exe, Window 1245930 not responding. Last Win32 error 1400
E, 3240, 23, 2013/05/24, 09:24:45.213, 1134575944949, QTAgent32.exe, GetClassName for handle 1245930 failed
E, 3240, 23, 2013/05/24, 09:24:45.313, 1134577379608, QTAgent32.exe, AL: Playback Error: Microsoft.VisualStudio.TestTools.UITest.Extension.UITestControlNotAvailableException: The control is not available or not valid. Additional Details: 
TechnologyName:  'MSAA'
ControlType:  'Button'
 ---&gt; Microsoft.VisualStudio.TestTools.UITest.Extension.UITestControlNotAvailableException: The control is not available or not valid. Additional Details: 
TechnologyName:  'MSAA'
ControlType:  'Window'
 ---&gt; System.Runtime.InteropServices.COMException: Error HRESULT E_FAIL has been returned from a call to a COM component.
   at Microsoft.VisualStudio.TestTools.UITest.Playback.Engine.IRPFPlayback.FindAllScreenElements(IScreenElement pScreenElementStart, String bstrQueryId, Object&amp; pvarResKeys, Int32 cResKeys, Int32 nMaxDepth, Object[]&amp; foundDescendants)
   at Microsoft.VisualStudio.TestTools.UITest.Playback.ScreenElement.FindTopLevelWindowHelper(String queryId)
   at Microsoft.VisualStudio.TestTools.UITest.Playback.ScreenElement.FindFromPartialQueryId(String queryId)
   at Microsoft.VisualStudio.TestTools.UITesting.UITestControl.EnsureValid(Boolean waitForReady, Boolean refetch)
   --- End of inner exception stack trace ---
   at Microsoft.VisualStudio.TestTools.UITesting.UITestControl.EnsureValid(Boolean waitForReady, Boolean refetch)
   at Microsoft.VisualStudio.TestTools.UITesting.UITestControl.FindFirstDescendant(String queryId, Int32 maxDepth, Int32&amp; timeLeft)
   at Microsoft.VisualStudio.TestTools.UITesting.UITestControl.FindFirstDescendant(String queryId)
   at Microsoft.VisualStudio.TestTools.UITesting.UITestControl.EnsureValid(Boolean waitForReady, Boolean refetch)
   --- End of inner exception stack trace ---
   at Microsoft.VisualStudio.TestTools.UITesting.UITestControl.EnsureValid(Boolean waitForReady, Boolean refetch)
   at Microsoft.VisualStudio.TestTools.UITesting.UITestControl.Click(MouseButtons button, ModifierKeys modifierKeys, Point relativeCoordinates)
   at Microsoft.VisualStudio.TestTools.UITesting.Mouse.ClickImplementation(UITestControl control, MouseButtons button, ModifierKeys modifierKeys, Point relativeCoordinate)
   at Microsoft.VisualStudio.TestTools.UITesting.Mouse.ClickImplementationWrapper(UITestControl control, MouseButtons button, ModifierKeys modifierKeys, Point relativeCoordinate)
W, 3240, 23, 2013/05/24, 09:24:45.313, 1134577380957, QTAgent32.exe, PlaybackErrorHandler: Ignoring exception as ContinueOnError is set.
W, 3240, 23, 2013/05/24, 09:24:45.524, 1134580397626, QTAgent32.exe, &lt;a class=success&gt;Playback - {234} [SUCCESS] MouseButtonClick - "[MSAA, VisibleOnly]ControlType='Button' &amp;&amp; Name='Ok'"
\0&lt;/a&gt;
W, 3240, 23, 2013/05/24, 09:24:56.998, 1134744688015, QTAgent32.exe, PERF WARNING: FindTopLevelWindowHelper::FindAllDescendents: took 11374 ms. Expected it to take maximum 500 ms.
W, 3240, 23, 2013/05/24, 09:24:59.123, 1134775115798, QTAgent32.exe, &lt;a class=success&gt;Playback - {235} [SUCCESS] MouseButtonClick - "[MSAA, VisibleOnly]ControlType='Button' &amp;&amp; Name='OK'"
\0&lt;/a&gt;
W, 3240, 23, 2013/05/24, 09:25:00.928, 1134800967260, QTAgent32.exe, PERF WARNING: FindTopLevelWindowHelper::FindAllDescendents: took 1704 ms. Expected it to take maximum 500 ms.
W, 3240, 23, 2013/05/24, 09:25:01.054, 1134802771756, QTAgent32.exe, &lt;a class=success&gt;Playback - {236} [SUCCESS] Check - "[MSAA, VisibleOnly]ControlType='CheckBox' &amp;&amp; Name='Defer Printing?'"
\0&lt;/a&gt;
W, 3240, 23, 2013/05/24, 09:25:01.379, 1134807424331, QTAgent32.exe, &lt;a class=success&gt;Playback - {237} [SUCCESS] MouseButtonClick - "[MSAA, VisibleOnly]ControlType='Button' &amp;&amp; Name='Ok'"
\0&lt;/a&gt;
W, 3240, 23, 2013/05/24, 09:25:02.013, 1134816496072, QTAgent32.exe, &lt;a class=success&gt;Playback - {238} [SUCCESS] MouseButtonClick - "[MSAA, VisibleOnly]ControlType='Button' &amp;&amp; Name='OK'"
\0&lt;/a&gt;
W, 3240, 23, 2013/05/24, 09:27:52.032, 1137250860048, QTAgent32.exe, Playback - [WARNING] Internal warning: Window Not Found: [VisibleOnly]ControlType='Window' &amp;&amp; Name='Personal Lines' &amp;&amp; ClassName='#32770'
\0
E, 3240, 23, 2013/05/24, 09:27:52.032, 1137250863483, QTAgent32.exe, &lt;a class=failure&gt;Playback - {239} [FAILED] Function ElementFetcher::FindScreenElement failed to locate UI element (Searching: ;[VisibleOnly]ControlType='Window' &amp;&amp; Name='Personal Lines' &amp;&amp; ClassName='#32770') (The object specified was not found.)
\0&lt;/a&gt;
E, 3240, 23, 2013/05/24, 09:27:52.087, 1137251648235, QTAgent32.exe, Playback - [IMAGE] C:\Users\testuser\AppData\Local\Temp\UITestLogs\LastRun\RPFF5B7.png
\0
W, 3240, 23, 2013/05/24, 09:27:52.087, 1137251650277, QTAgent32.exe, Playback - [WARNING] Internal warning: Couldn't find descendants that match QueryId
\0
W, 3240, 23, 2013/05/24, 09:27:52.087, 1137251653269, QTAgent32.exe, PERF WARNING: FindTopLevelWindowHelper::FindAllDescendents: took 169974 ms. Expected it to take maximum 500 ms.
W, 3240, 23, 2013/05/24, 09:28:34.507, 1137859019595, QTAgent32.exe, Playback - [WARNING] Internal warning: Window Not Found: [VisibleOnly]ControlType='Window' &amp;&amp; Name='Personal Lines' &amp;&amp; ClassName='#32770'
\0
E, 3240, 23, 2013/05/24, 09:28:34.507, 1137859021982, QTAgent32.exe, &lt;a class=failure&gt;Playback - {240} [FAILED] Function ElementFetcher::FindScreenElement failed to locate UI element (Searching: ;[VisibleOnly]ControlType='Window' &amp;&amp; Name='Personal Lines' &amp;&amp; ClassName='#32770') (The object specified was not found.)
\0&lt;/a&gt;
E, 3240, 23, 2013/05/24, 09:28:34.555, 1137859710824, QTAgent32.exe, Playback - [IMAGE] C:\Users\testuser\AppData\Local\Temp\UITestLogs\LastRun\RPF9BA7.png
\0
W, 3240, 23, 2013/05/24, 09:28:34.555, 1137859712383, QTAgent32.exe, Playback - [WARNING] Internal warning: Couldn't find descendants that match QueryId
\0
W, 3240, 23, 2013/05/24, 09:28:34.555, 1137859714988, QTAgent32.exe, PERF WARNING: FindTopLevelWindowHelper::FindAllDescendents: took 42467 ms. Expected it to take maximum 500 ms.
W, 3240, 23, 2013/05/24, 09:29:16.975, 1138467083764, QTAgent32.exe, Playback - [WARNING] Internal warning: Window Not Found: [VisibleOnly]ControlType='Window' &amp;&amp; Name='Personal Lines' &amp;&amp; ClassName='#32770'
\0
E, 3240, 23, 2013/05/24, 09:29:16.975, 1138467086603, QTAgent32.exe, &lt;a class=failure&gt;Playback - {241} [FAILED] Function ElementFetcher::FindScreenElement failed to locate UI element (Searching: ;[VisibleOnly]ControlType='Window' &amp;&amp; Name='Personal Lines' &amp;&amp; ClassName='#32770') (The object specified was not found.)
\0&lt;/a&gt;
E, 3240, 23, 2013/05/24, 09:29:17.020, 1138467736099, QTAgent32.exe, Playback - [IMAGE] C:\Users\testuser\AppData\Local\Temp\UITestLogs\LastRun\RPF4188.png
\0
W, 3240, 23, 2013/05/24, 09:29:17.020, 1138467737641, QTAgent32.exe, Playback - [WARNING] Internal warning: Couldn't find descendants that match QueryId
\0
W, 3240, 23, 2013/05/24, 09:29:17.021, 1138467740499, QTAgent32.exe, PERF WARNING: FindTopLevelWindowHelper::FindAllDescendents: took 42465 ms. Expected it to take maximum 500 ms.
E, 3240, 23, 2013/05/24, 09:29:17.021, 1138467742196, QTAgent32.exe, Exception: System.Runtime.InteropServices.COMException
	Message: Error HRESULT E_FAIL has been returned from a call to a COM component.
	Stack Trace:    at Microsoft.VisualStudio.TestTools.UITest.Playback.Engine.IRPFPlayback.FindAllScreenElements(IScreenElement pScreenElementStart, String bstrQueryId, Object&amp; pvarResKeys, Int32 cResKeys, Int32 nMaxDepth, Object[]&amp; foundDescendants)
   at Microsoft.VisualStudio.TestTools.UITest.Playback.ScreenElement.FindTopLevelWindowHelper(String queryId)
	BaseExceptionMessage: Error HRESULT E_FAIL has been returned from a call to a COM component.

E, 3240, 23, 2013/05/24, 09:29:17.021, 1138467745767, QTAgent32.exe, GetClassName for handle 1378104 failed
E, 3240, 23, 2013/05/24, 09:29:17.022, 1138467755160, QTAgent32.exe, Window 1378104 not responding. Last Win32 error 1400
E, 3240, 23, 2013/05/24, 09:29:17.022, 1138467756172, QTAgent32.exe, GetClassName for handle 1378104 failed
E, 3240, 23, 2013/05/24, 09:29:17.022, 1138467759786, QTAgent32.exe, GetClassName for handle 329584 failed
E, 3240, 23, 2013/05/24, 09:29:17.023, 1138467774106, QTAgent32.exe, Window 329584 not responding. Last Win32 error 1400
E, 3240, 23, 2013/05/24, 09:29:17.023, 1138467776195, QTAgent32.exe, GetClassName for handle 329584 failed
E, 3240, 23, 2013/05/24, 09:29:17.123, 1138469211952, QTAgent32.exe, AL: Playback Error: Microsoft.VisualStudio.TestTools.UITest.Extension.UITestControlNotAvailableException: The control is not available or not valid. Additional Details: 
TechnologyName:  'MSAA'
ControlType:  'Button'
 ---&gt; Microsoft.VisualStudio.TestTools.UITest.Extension.UITestControlNotAvailableException: The control is not available or not valid. Additional Details: 
TechnologyName:  'MSAA'
ControlType:  'Window'
 ---&gt; System.Runtime.InteropServices.COMException: Error HRESULT E_FAIL has been returned from a call to a COM component.
   at Microsoft.VisualStudio.TestTools.UITest.Playback.Engine.IRPFPlayback.FindAllScreenElements(IScreenElement pScreenElementStart, String bstrQueryId, Object&amp; pvarResKeys, Int32 cResKeys, Int32 nMaxDepth, Object[]&amp; foundDescendants)
   at Microsoft.VisualStudio.TestTools.UITest.Playback.ScreenElement.FindTopLevelWindowHelper(String queryId)
   at Microsoft.VisualStudio.TestTools.UITest.Playback.ScreenElement.FindFromPartialQueryId(String queryId)
   at Microsoft.VisualStudio.TestTools.UITesting.UITestControl.EnsureValid(Boolean waitForReady, Boolean refetch)
   --- End of inner exception stack trace ---
   at Microsoft.VisualStudio.TestTools.UITesting.UITestControl.EnsureValid(Boolean waitForReady, Boolean refetch)
   at Microsoft.VisualStudio.TestTools.UITesting.UITestControl.FindFirstDescendant(String queryId, Int32 maxDepth, Int32&amp; timeLeft)
   at Microsoft.VisualStudio.TestTools.UITesting.UITestControl.FindFirstDescendant(String queryId)
   at Microsoft.VisualStudio.TestTools.UITesting.UITestControl.EnsureValid(Boolean waitForReady, Boolean refetch)
   --- End of inner exception stack trace ---
   at Microsoft.VisualStudio.TestTools.UITesting.UITestControl.EnsureValid(Boolean waitForReady, Boolean refetch)
   at Microsoft.VisualStudio.TestTools.UITesting.UITestControl.Click(MouseButtons button, ModifierKeys modifierKeys, Point relativeCoordinates)
   at Microsoft.VisualStudio.TestTools.UITesting.Mouse.ClickImplementation(UITestControl control, MouseButtons button, ModifierKeys modifierKeys, Point relativeCoordinate)
   at Microsoft.VisualStudio.TestTools.UITesting.Mouse.ClickImplementationWrapper(UITestControl control, MouseButtons button, ModifierKeys modifierKeys, Point relativeCoordinate)
W, 3240, 23, 2013/05/24, 09:29:17.123, 1138469213437, QTAgent32.exe, PlaybackErrorHandler: Ignoring exception as ContinueOnError is set.
W, 3240, 23, 2013/05/24, 09:29:17.124, 1138469215888, QTAgent32.exe, Playback - [WARNING] Internal warning: Thread state based WFR - Requested element has invalid HWND
\0
W, 3240, 23, 2013/05/24, 09:29:17.124, 1138469216740, QTAgent32.exe, Playback - [WARNING] Internal warning: process performance counters based WFR - Requested element has invalid HWND
\0
E, 3240, 23, 2013/05/24, 09:29:17.124, 1138469218802, QTAgent32.exe, EnsureValid called via EnsureValid call for same element
E, 3240, 23, 2013/05/24, 09:29:17.124, 1138469220248, QTAgent32.exe, EnsureValid called via EnsureValid call for same element
E, 3240, 23, 2013/05/24, 09:29:17.124, 1138469221374, QTAgent32.exe, EnsureValid called via EnsureValid call for same element
E, 3240, 23, 2013/05/24, 09:29:17.124, 1138469225406, QTAgent32.exe, Window 1246980 not responding. Last Win32 error 0
E, 3240, 23, 2013/05/24, 09:29:17.124, 1138469226210, QTAgent32.exe, GetClassName for handle 1246980 failed
W, 3240, 23, 2013/05/24, 09:29:17.267, 1138471275197, QTAgent32.exe, &lt;a class=success&gt;Playback - {242} [SUCCESS] Uncheck - "[MSAA, VisibleOnly]ControlType='CheckBox' &amp;&amp; Name='Add Activity'"
\0&lt;/a&gt;
W, 3240, 23, 2013/05/24, 09:29:17.612, 1138476203242, QTAgent32.exe, &lt;a class=success&gt;Playback - {243} [SUCCESS] MouseButtonClick - "[MSAA, VisibleOnly]ControlType='Button' &amp;&amp; Name='Ok'"
\0&lt;/a&gt;
W, 3240, 23, 2013/05/24, 09:29:17.844, 1138479529177, QTAgent32.exe, &lt;a class=success&gt;Playback - {244} [SUCCESS] MouseButtonClick - "[MSAA, VisibleOnly]ControlType='Button' &amp;&amp; Name='Ok'"
\0&lt;/a&gt;
W, 3240, 23, 2013/05/24, 09:29:24.026, 1138568043203, QTAgent32.exe, PERF WARNING: FindTopLevelWindowHelper::FindAllDescendents: took 6081 ms. Expected it to take maximum 500 ms.
W, 3240, 23, 2013/05/24, 09:29:24.225, 1138570897931, QTAgent32.exe, &lt;a class=success&gt;Playback - {245} [SUCCESS] DoSelect - "[MSAA, VisibleOnly]ControlType='List'"
\0&lt;/a&gt;
W, 3240, 23, 2013/05/24, 09:29:25.704, 1138592075699, QTAgent32.exe, &lt;a class=success&gt;Playback - {246} [SUCCESS] MouseButtonClick - "[MSAA, VisibleOnly]ControlType='Button' &amp;&amp; Name='Ok'"
\0&lt;/a&gt;
W, 3240, 23, 2013/05/24, 09:29:27.970, 1138624518348, QTAgent32.exe, &lt;a class=success&gt;Playback - {247} [SUCCESS] MouseButtonClick - "[MSAA, VisibleOnly]ControlType='Button' &amp;&amp; Name='OK'"
\0&lt;/a&gt;
W, 3240, 23, 2013/05/24, 09:29:29.097, 1138640658343, QTAgent32.exe, PERF WARNING: FindTopLevelWindowHelper::FindAllDescendents: took 1027 ms. Expected it to take maximum 500 ms.
W, 3240, 23, 2013/05/24, 09:29:29.864, 1138651635836, QTAgent32.exe, &lt;a class=success&gt;Playback - {248} [SUCCESS] MouseButtonClick - "[MSAA, VisibleOnly]ControlType='Button' &amp;&amp; Name='OK'"
\0&lt;/a&gt;
W, 3240, 23, 2013/05/24, 09:29:31.925, 1138681138106, QTAgent32.exe, &lt;a class=success&gt;Playback - {249} [SUCCESS] MouseButtonClick - "[MSAA, VisibleOnly]ControlType='Button' &amp;&amp; Name='Exit'"
\0&lt;/a&gt;
W, 3240, 23, 2013/05/24, 09:29:34.302, 1138715187190, QTAgent32.exe, PERF WARNING: FindTopLevelWindowHelper::FindAllDescendents: took 2278 ms. Expected it to take maximum 500 ms.
W, 3240, 23, 2013/05/24, 09:29:34.556, 1138718816225, QTAgent32.exe, &lt;a class=success&gt;Playback - {250} [SUCCESS] MouseButtonClick - "[MSAA, VisibleOnly]ControlType='Button' &amp;&amp; Name='Yes'"
\0&lt;/a&gt;
W, 3240, 23, 2013/05/24, 09:29:34.883, 1138723495839, QTAgent32.exe, &lt;a class=success&gt;Playback - {251} [SUCCESS] MouseButtonClick - "[MSAA, VisibleOnly]ControlType='Button' &amp;&amp; Name='Cancel'"
\0&lt;/a&gt;
W, 3240, 23, 2013/05/24, 09:29:35.238, 1138728583718, QTAgent32.exe, &lt;a class=success&gt;Playback - {252} [SUCCESS] MouseButtonClick - "[MSAA, VisibleOnly]ControlType='Button'"
\0&lt;/a&gt;
W, 3240, 23, 2013/05/24, 09:29:35.640, 1138734331948, QTAgent32.exe, &lt;a class=success&gt;Playback - {253} [SUCCESS] MouseButtonClick - "[MSAA, VisibleOnly]ControlType='Button' &amp;&amp; Name='Detail'"
\0&lt;/a&gt;
W, 3240, 23, 2013/05/24, 09:29:35.936, 1138738579142, QTAgent32.exe, &lt;a class=success&gt;Playback - {254} [SUCCESS] MouseButtonClick - "[MSAA, VisibleOnly]ControlType='Button' &amp;&amp; Name='Cancel'"
\0&lt;/a&gt;
W, 3240, 23, 2013/05/24, 09:29:36.167, 1138741879845, QTAgent32.exe, &lt;a class=success&gt;Playback - {255} [SUCCESS] MouseButtonClick - "[MSAA, VisibleOnly]ControlType='Button' &amp;&amp; Name='Options'"
\0&lt;/a&gt;
W, 3240, 23, 2013/05/24, 09:29:36.267, 1138743313302, QTAgent32.exe, FindScreenElementInSinglePass : Attempting to find control in one pass of search. Failures can occur.
W, 3240, 23, 2013/05/24, 09:29:36.274, 1138743415367, QTAgent32.exe, Playback - [WARNING] Internal failure: Method GetBoundingRectangle failed (HRESULT = 0x1, "Incorrect function.") for Name = "Quote Select List" ," ControlType = "MenuItem"
\0
W, 3240, 23, 2013/05/24, 09:29:36.274, 1138743416262, QTAgent32.exe, Playback - [WARNING] Internal failure: Couldn't get clickable point for ScreenUIElement - GetClickablePoint failed
\0
W, 3240, 23, 2013/05/24, 09:29:36.274, 1138743418497, QTAgent32.exe, FindScreenElementInSinglePass : Attempting to find control in one pass of search. Failures can occur.
W, 3240, 23, 2013/05/24, 09:29:36.284, 1138743558883, QTAgent32.exe, FindScreenElementInSinglePass : Attempting to find control in one pass of search. Failures can occur.
W, 3240, 23, 2013/05/24, 09:29:36.422, 1138745536485, QTAgent32.exe, &lt;a class=success&gt;Playback - {256} [SUCCESS] LeftButtonClick - "[MSAA, VisibleOnly]ControlType='MenuBar' &amp;&amp; Name='Application'"  &lt; Mouse cursor location (960, 31) &gt;
\0&lt;/a&gt;
W, 3240, 23, 2013/05/24, 09:29:36.529, 1138747061677, QTAgent32.exe, &lt;a class=success&gt;Playback - {257} [SUCCESS] LeftButtonClick - "[MSAA]ControlType='MenuItem' &amp;&amp; Name='Options'"  &lt; Mouse cursor location (94, 31) &gt;
\0&lt;/a&gt;
W, 3240, 23, 2013/05/24, 09:29:36.675, 1138749159431, QTAgent32.exe, &lt;a class=success&gt;Playback - {258} [SUCCESS] LeftButtonClick - "[MSAA]ControlType='MenuItem' &amp;&amp; Name='Links'"  &lt; Mouse cursor location (174, 319) &gt;
\0&lt;/a&gt;
W, 3240, 23, 2013/05/24, 09:29:36.821, 1138751242740, QTAgent32.exe, &lt;a class=success&gt;Playback - {259} [SUCCESS] LeftButtonClick - "[MSAA]ControlType='MenuItem' &amp;&amp; Name='3rd Party Integration'"  &lt; Mouse cursor location (375, 319) &gt;
\0&lt;/a&gt;
W, 3240, 23, 2013/05/24, 09:29:36.965, 1138753311200, QTAgent32.exe, &lt;a class=success&gt;Playback - {260} [SUCCESS] MouseButtonClick - "[MSAA]ControlType='MenuItem' &amp;&amp; Name='Quote Select List'"
\0&lt;/a&gt;
W, 3240, 23, 2013/05/24, 09:29:38.282, 1138772171821, QTAgent32.exe, PERF WARNING: FindTopLevelWindowHelper::FindAllDescendents: took 1217 ms. Expected it to take maximum 500 ms.
W, 3240, 23, 2013/05/24, 09:29:38.411, 1138774017899, QTAgent32.exe, &lt;a class=success&gt;Playback - {261} [SUCCESS] MouseButtonClick - "[MSAA, VisibleOnly]ControlType='Button' &amp;&amp; Name='Ok'"
\0&lt;/a&gt;
W, 3240, 23, 2013/05/24, 09:29:41.109, 1138812649656, QTAgent32.exe, PERF WARNING: FindTopLevelWindowHelper::FindAllDescendents: took 2596 ms. Expected it to take maximum 500 ms.
W, 3240, 23, 2013/05/24, 09:29:41.390, 1138816668073, QTAgent32.exe, &lt;a class=success&gt;Playback - {262} [SUCCESS] MouseButtonClick - "[MSAA, VisibleOnly]ControlType='Button' &amp;&amp; Name='MTA'"
\0&lt;/a&gt;
W, 3240, 23, 2013/05/24, 09:29:41.768, 1138822080778, QTAgent32.exe, Playback - [WARNING] Internal warning: Incorrect flag set for InvokeProgrammaticAction\0
W, 3240, 23, 2013/05/24, 09:29:41.894, 1138823886254, QTAgent32.exe, &lt;a class=success&gt;Playback - {263} [SUCCESS] SetValueAsComboBox "General Adjustment" - "[MSAA, VisibleOnly]ControlType='ComboBox'"  &lt; SetValueAsComboBox, set by clicking on the item in the list box &gt;
\0&lt;/a&gt;
W, 3240, 23, 2013/05/24, 09:29:42.187, 1138828076012, QTAgent32.exe, &lt;a class=success&gt;Playback - {264} [SUCCESS] MouseButtonClick - "[MSAA, VisibleOnly]ControlType='Button' &amp;&amp; Name='OK'"
\0&lt;/a&gt;
W, 3240, 23, 2013/05/24, 09:29:42.382, 1138830872673, QTAgent32.exe, Playback - [WARNING] Internal warning: Thread state based WFR - Requested element has invalid HWND
\0
W, 3240, 23, 2013/05/24, 09:29:42.382, 1138830874640, QTAgent32.exe, Playback - [WARNING] Internal warning: process performance counters based WFR - Requested element has invalid HWND
\0
E, 3240, 23, 2013/05/24, 09:29:42.382, 1138830877591, QTAgent32.exe, EnsureValid called via EnsureValid call for same element
E, 3240, 23, 2013/05/24, 09:29:42.382, 1138830879096, QTAgent32.exe, EnsureValid called via EnsureValid call for same element
E, 3240, 23, 2013/05/24, 09:29:42.382, 1138830880084, QTAgent32.exe, EnsureValid called via EnsureValid call for same element
E, 3240, 23, 2013/05/24, 09:29:42.383, 1138830883205, QTAgent32.exe, Window 1181414 not responding. Last Win32 error 0
E, 3240, 23, 2013/05/24, 09:29:42.383, 1138830885021, QTAgent32.exe, GetClassName for handle 1181414 failed
W, 3240, 23, 2013/05/24, 09:29:42.493, 1138832464528, QTAgent32.exe, &lt;a class=success&gt;Playback - {265} [SUCCESS] SendKeys "^{HOME}" - "[MSAA, VisibleOnly]ControlType='Edit'"
\0&lt;/a&gt;
E, 3240, 23, 2013/05/24, 09:29:42.493, 1138832466665, QTAgent32.exe, Msaa.GetFocusedElement: could not find accessible object of foreground window
W, 3240, 23, 2013/05/24, 09:29:42.557, 1138833374359, QTAgent32.exe, &lt;a class=success&gt;Playback - {266} [SUCCESS] SendKeys "^+{END}" - "[MSAA, VisibleOnly]ControlType='Edit'"
\0&lt;/a&gt;
E, 3240, 23, 2013/05/24, 09:29:42.557, 1138833375818, QTAgent32.exe, Msaa.GetFocusedElement: could not find accessible object of foreground window
W, 3240, 23, 2013/05/24, 09:29:42.569, 1138833553758, QTAgent32.exe, &lt;a class=success&gt;Playback - {267} [SUCCESS] SendKeys "{DELETE}" - "[MSAA, VisibleOnly]ControlType='Edit'"
\0&lt;/a&gt;
W, 3240, 23, 2013/05/24, 09:29:42.777, 1138836520705, QTAgent32.exe, &lt;a class=success&gt;Playback - {268} [SUCCESS] SetValueAsEditBox "NewTest" - "[MSAA, VisibleOnly]ControlType='Edit'"  &lt; Set via SendKeys &gt;
\0&lt;/a&gt;
W, 3240, 23, 2013/05/24, 09:29:43.006, 1138839802976, QTAgent32.exe, &lt;a class=success&gt;Playback - {269} [SUCCESS] MouseButtonClick - "[MSAA, VisibleOnly]ControlType='Button' &amp;&amp; Name='Next &gt;'"
\0&lt;/a&gt;
W, 3240, 23, 2013/05/24, 09:29:43.218, 1138842844500, QTAgent32.exe, &lt;a class=success&gt;Playback - {270} [SUCCESS] MouseButtonClick - "[MSAA, VisibleOnly]ControlType='Button' &amp;&amp; Name='Next &gt;'"
\0&lt;/a&gt;
W, 3240, 23, 2013/05/24, 09:29:43.438, 1138845994917, QTAgent32.exe, &lt;a class=success&gt;Playback - {271} [SUCCESS] MouseButtonClick - "[MSAA, VisibleOnly]ControlType='Button' &amp;&amp; Name='Next &gt;'"
\0&lt;/a&gt;
W, 3240, 23, 2013/05/24, 09:29:43.649, 1138849012333, QTAgent32.exe, &lt;a class=success&gt;Playback - {272} [SUCCESS] MouseButtonClick - "[MSAA, VisibleOnly]ControlType='Button' &amp;&amp; Name='Next &gt;'"
\0&lt;/a&gt;
W, 3240, 23, 2013/05/24, 09:29:44.204, 1138856951294, QTAgent32.exe, &lt;a class=success&gt;Playback - {273} [SUCCESS] MouseButtonClick - "[MSAA, VisibleOnly]ControlType='Button' &amp;&amp; Name='Next &gt;'"
\0&lt;/a&gt;
W, 3240, 23, 2013/05/24, 09:29:44.535, 1138861701348, QTAgent32.exe, Msaa.MsaaElement() took more time. Total time taken 231 ms for element 1442584
W, 3240, 23, 2013/05/24, 09:29:44.670, 1138863628623, QTAgent32.exe, &lt;a class=success&gt;Playback - {274} [SUCCESS] MouseButtonClick - "[MSAA, VisibleOnly]ControlType='Button' &amp;&amp; Name='Next &gt;'"
\0&lt;/a&gt;
W, 3240, 23, 2013/05/24, 09:29:44.882, 1138866667384, QTAgent32.exe, &lt;a class=success&gt;Playback - {275} [SUCCESS] MouseButtonClick - "[MSAA, VisibleOnly]ControlType='Button' &amp;&amp; Name='Next &gt;'"
\0&lt;/a&gt;
W, 3240, 23, 2013/05/24, 09:29:45.249, 1138871914815, QTAgent32.exe, &lt;a class=success&gt;Playback - {276} [SUCCESS] MouseButtonClick - "[MSAA, VisibleOnly]ControlType='Button' &amp;&amp; Name='Quote'"
\0&lt;/a&gt;
W, 3240, 23, 2013/05/24, 09:29:46.412, 1138888577897, QTAgent32.exe, PERF WARNING: FindTopLevelWindowHelper::FindAllDescendents: took 1063 ms. Expected it to take maximum 500 ms.
W, 3240, 23, 2013/05/24, 09:29:46.520, 1138890124588, QTAgent32.exe, &lt;a class=success&gt;Playback - {277} [SUCCESS] SendKeys "^{HOME}" - "[MSAA, VisibleOnly]ControlType='Edit'"
\0&lt;/a&gt;
E, 3240, 23, 2013/05/24, 09:29:46.520, 1138890126652, QTAgent32.exe, Msaa.GetFocusedElement: could not find accessible object of foreground window
W, 3240, 23, 2013/05/24, 09:29:46.580, 1138890983566, QTAgent32.exe, &lt;a class=success&gt;Playback - {278} [SUCCESS] SendKeys "^+{END}" - "[MSAA, VisibleOnly]ControlType='Edit'"
\0&lt;/a&gt;
E, 3240, 23, 2013/05/24, 09:29:46.580, 1138890985077, QTAgent32.exe, Msaa.GetFocusedElement: could not find accessible object of foreground window
W, 3240, 23, 2013/05/24, 09:29:46.592, 1138891156280, QTAgent32.exe, &lt;a class=success&gt;Playback - {279} [SUCCESS] SendKeys "{DELETE}" - "[MSAA, VisibleOnly]ControlType='Edit'"
\0&lt;/a&gt;
W, 3240, 23, 2013/05/24, 09:29:46.813, 1138894316164, QTAgent32.exe, &lt;a class=success&gt;Playback - {280} [SUCCESS] SetValueAsEditBox "25/05/13" - "[MSAA, VisibleOnly]ControlType='Edit'"  &lt; Set via SendKeys &gt;
\0&lt;/a&gt;
W, 3240, 23, 2013/05/24, 09:29:47.040, 1138897557189, QTAgent32.exe, &lt;a class=success&gt;Playback - {281} [SUCCESS] MouseButtonClick - "[MSAA, VisibleOnly]ControlType='Button' &amp;&amp; Name='OK'"
\0&lt;/a&gt;
W, 3240, 23, 2013/05/24, 09:29:47.274, 1138900917284, QTAgent32.exe, &lt;a class=success&gt;Playback - {282} [SUCCESS] MouseButtonClick - "[MSAA, VisibleOnly]ControlType='Button' &amp;&amp; Name='OK'"
\0&lt;/a&gt;
W, 3240, 23, 2013/05/24, 09:29:47.474, 1138903778655, QTAgent32.exe, &lt;a class=success&gt;Playback - {283} [SUCCESS] SendKeys "^{HOME}" - "[MSAA, VisibleOnly]ControlType='Edit'"
\0&lt;/a&gt;
E, 3240, 23, 2013/05/24, 09:29:47.474, 1138903780940, QTAgent32.exe, Msaa.GetFocusedElement: could not find accessible object of foreground window
W, 3240, 23, 2013/05/24, 09:29:47.527, 1138904532509, QTAgent32.exe, &lt;a class=success&gt;Playback - {284} [SUCCESS] SendKeys "^+{END}" - "[MSAA, VisibleOnly]ControlType='Edit'"
\0&lt;/a&gt;
E, 3240, 23, 2013/05/24, 09:29:47.527, 1138904534734, QTAgent32.exe, Msaa.GetFocusedElement: could not find accessible object of foreground window
W, 3240, 23, 2013/05/24, 09:29:47.539, 1138904710306, QTAgent32.exe, &lt;a class=success&gt;Playback - {285} [SUCCESS] SendKeys "{DELETE}" - "[MSAA, VisibleOnly]ControlType='Edit'"
\0&lt;/a&gt;
W, 3240, 23, 2013/05/24, 09:29:47.760, 1138907870130, QTAgent32.exe, &lt;a class=success&gt;Playback - {286} [SUCCESS] SetValueAsEditBox "07/06/13" - "[MSAA, VisibleOnly]ControlType='Edit'"  &lt; Set via SendKeys &gt;
\0&lt;/a&gt;
W, 3240, 23, 2013/05/24, 09:29:47.976, 1138910966462, QTAgent32.exe, &lt;a class=success&gt;Playback - {287} [SUCCESS] MouseButtonClick - "[MSAA, VisibleOnly]ControlType='Button' &amp;&amp; Name='OK'"
\0&lt;/a&gt;
W, 3240, 23, 2013/05/24, 09:29:51.580, 1138962563923, QTAgent32.exe, PERF WARNING: FindTopLevelWindowHelper::FindAllDescendents: took 3503 ms. Expected it to take maximum 500 ms.
W, 3240, 23, 2013/05/24, 09:29:51.711, 1138964439866, QTAgent32.exe, &lt;a class=success&gt;Playback - {288} [SUCCESS] MouseButtonClick - "[MSAA, VisibleOnly]ControlType='Client'"
\0&lt;/a&gt;
W, 3240, 23, 2013/05/24, 09:29:51.918, 1138967402954, QTAgent32.exe, &lt;a class=success&gt;Playback - {289} [SUCCESS] SendKeys "{Home}" - "[MSAA, VisibleOnly]ControlType='Client'"
\0&lt;/a&gt;
W, 3240, 23, 2013/05/24, 09:29:52.152, 1138970765313, QTAgent32.exe, &lt;a class=success&gt;Playback - {290} [SUCCESS] MouseButtonClick - "[MSAA, VisibleOnly]ControlType='Button' &amp;&amp; Name='Accept'"
\0&lt;/a&gt;
W, 3240, 23, 2013/05/24, 09:29:52.456, 1138975109891, QTAgent32.exe, &lt;a class=success&gt;Playback - {291} [SUCCESS] MouseButtonClick - "[MSAA, VisibleOnly]ControlType='Button' &amp;&amp; Name='OK'"
\0&lt;/a&gt;
W, 3240, 23, 2013/05/24, 09:29:52.728, 1138979008749, QTAgent32.exe, &lt;a class=success&gt;Playback - {292} [SUCCESS] MouseButtonClick - "[MSAA, VisibleOnly]ControlType='Button' &amp;&amp; Name='Ok'"
\0&lt;/a&gt;
W, 3240, 23, 2013/05/24, 09:30:10.421, 1139232332973, QTAgent32.exe, PERF WARNING: FindTopLevelWindowHelper::FindAllDescendents: took 17592 ms. Expected it to take maximum 500 ms.
W, 3240, 23, 2013/05/24, 09:30:10.654, 1139235672413, QTAgent32.exe, &lt;a class=success&gt;Playback - {293} [SUCCESS] MouseButtonClick - "[MSAA, VisibleOnly]ControlType='Button' &amp;&amp; Name='OK'"
\0&lt;/a&gt;
W, 3240, 23, 2013/05/24, 09:30:10.754, 1139237105551, QTAgent32.exe, Playback - [WARNING] Internal warning: Thread state based WFR - Requested element has invalid HWND
\0
W, 3240, 23, 2013/05/24, 09:30:10.754, 1139237106713, QTAgent32.exe, Playback - [WARNING] Internal warning: process performance counters based WFR - Requested element has invalid HWND
\0
E, 3240, 23, 2013/05/24, 09:30:10.754, 1139237109204, QTAgent32.exe, EnsureValid called via EnsureValid call for same element
E, 3240, 23, 2013/05/24, 09:30:10.755, 1139237110860, QTAgent32.exe, EnsureValid called via EnsureValid call for same element
E, 3240, 23, 2013/05/24, 09:30:10.755, 1139237111871, QTAgent32.exe, EnsureValid called via EnsureValid call for same element
E, 3240, 23, 2013/05/24, 09:30:10.755, 1139237115644, QTAgent32.exe, Window 722766 not responding. Last Win32 error 0
E, 3240, 23, 2013/05/24, 09:30:10.755, 1139237116498, QTAgent32.exe, GetClassName for handle 722766 failed
W, 3240, 23, 2013/05/24, 09:30:10.881, 1139238928292, QTAgent32.exe, &lt;a class=success&gt;Playback - {294} [SUCCESS] Check - "[MSAA, VisibleOnly]ControlType='CheckBox' &amp;&amp; Name='Defer Printing?'"
\0&lt;/a&gt;
W, 3240, 23, 2013/05/24, 09:30:11.428, 1139246756335, QTAgent32.exe, &lt;a class=success&gt;Playback - {295} [SUCCESS] MouseButtonClick - "[MSAA, VisibleOnly]ControlType='Button' &amp;&amp; Name='Ok'"
\0&lt;/a&gt;
W, 3240, 23, 2013/05/24, 09:30:11.528, 1139248189345, QTAgent32.exe, Playback - [WARNING] Internal warning: Thread state based WFR - Requested element has invalid HWND
\0
W, 3240, 23, 2013/05/24, 09:30:11.528, 1139248190647, QTAgent32.exe, Playback - [WARNING] Internal warning: process performance counters based WFR - Requested element has invalid HWND
\0
E, 3240, 23, 2013/05/24, 09:30:11.528, 1139248193135, QTAgent32.exe, EnsureValid called via EnsureValid call for same element
E, 3240, 23, 2013/05/24, 09:30:11.529, 1139248194823, QTAgent32.exe, EnsureValid called via EnsureValid call for same element
E, 3240, 23, 2013/05/24, 09:30:11.529, 1139248195810, QTAgent32.exe, EnsureValid called via EnsureValid call for same element
E, 3240, 23, 2013/05/24, 09:30:11.529, 1139248199149, QTAgent32.exe, GetClassName for handle 198518 failed
E, 3240, 23, 2013/05/24, 09:30:11.530, 1139248213454, QTAgent32.exe, Window 198518 not responding. Last Win32 error 1400
E, 3240, 23, 2013/05/24, 09:30:11.530, 1139248215215, QTAgent32.exe, GetClassName for handle 198518 failed
W, 3240, 23, 2013/05/24, 09:30:12.044, 1139255582422, QTAgent32.exe, PERF WARNING: FindTopLevelWindowHelper::FindAllDescendents: took 514 ms. Expected it to take maximum 500 ms.
W, 3240, 23, 2013/05/24, 09:30:12.348, 1139259925529, QTAgent32.exe, &lt;a class=success&gt;Playback - {296} [SUCCESS] Uncheck - "[MSAA, VisibleOnly]ControlType='CheckBox' &amp;&amp; Name='Add Activity'"
\0&lt;/a&gt;
W, 3240, 23, 2013/05/24, 09:30:12.701, 1139264981734, QTAgent32.exe, &lt;a class=success&gt;Playback - {297} [SUCCESS] MouseButtonClick - "[MSAA, VisibleOnly]ControlType='Button' &amp;&amp; Name='Ok'"
\0&lt;/a&gt;
W, 3240, 23, 2013/05/24, 09:30:13.750, 1139280002390, QTAgent32.exe, PERF WARNING: FindTopLevelWindowHelper::FindAllDescendents: took 949 ms. Expected it to take maximum 500 ms.
W, 3240, 23, 2013/05/24, 09:30:13.896, 1139282090190, QTAgent32.exe, &lt;a class=success&gt;Playback - {298} [SUCCESS] MouseButtonClick - "[MSAA, VisibleOnly]ControlType='Button' &amp;&amp; Name='OK'"
\0&lt;/a&gt;
W, 3240, 23, 2013/05/24, 09:30:15.225, 1139301123890, QTAgent32.exe, PERF WARNING: FindTopLevelWindowHelper::FindAllDescendents: took 1228 ms. Expected it to take maximum 500 ms.
W, 3240, 23, 2013/05/24, 09:30:17.384, 1139332039190, QTAgent32.exe, &lt;a class=success&gt;Playback - {299} [SUCCESS] MouseButtonClick - "[MSAA, VisibleOnly]ControlType='Button' &amp;&amp; Name='OK'"
\0&lt;/a&gt;
W, 3240, 23, 2013/05/24, 09:30:17.605, 1139335196220, QTAgent32.exe, &lt;a class=success&gt;Playback - {300} [SUCCESS] MouseButtonClick - "[MSAA, VisibleOnly]ControlType='Button' &amp;&amp; Name='Options'"
\0&lt;/a&gt;
W, 3240, 23, 2013/05/24, 09:30:17.705, 1139336633519, QTAgent32.exe, FindScreenElementInSinglePass : Attempting to find control in one pass of search. Failures can occur.
W, 3240, 23, 2013/05/24, 09:30:17.712, 1139336733637, QTAgent32.exe, Playback - [WARNING] Internal failure: Method GetBoundingRectangle failed (HRESULT = 0x1, "Incorrect function.") for Name = "Quote Select List" ," ControlType = "MenuItem"
\0
W, 3240, 23, 2013/05/24, 09:30:17.712, 1139336734742, QTAgent32.exe, Playback - [WARNING] Internal failure: Couldn't get clickable point for ScreenUIElement - GetClickablePoint failed
\0
W, 3240, 23, 2013/05/24, 09:30:17.712, 1139336736888, QTAgent32.exe, FindScreenElementInSinglePass : Attempting to find control in one pass of search. Failures can occur.
W, 3240, 23, 2013/05/24, 09:30:17.714, 1139336764433, QTAgent32.exe, FindScreenElementInSinglePass : Attempting to find control in one pass of search. Failures can occur.
W, 3240, 23, 2013/05/24, 09:30:17.833, 1139338463327, QTAgent32.exe, &lt;a class=success&gt;Playback - {301} [SUCCESS] LeftButtonClick - "[MSAA, VisibleOnly]ControlType='MenuBar' &amp;&amp; Name='Application'"  &lt; Mouse cursor location (960, 31) &gt;
\0&lt;/a&gt;
W, 3240, 23, 2013/05/24, 09:30:17.939, 1139339988761, QTAgent32.exe, &lt;a class=success&gt;Playback - {302} [SUCCESS] LeftButtonClick - "[MSAA]ControlType='MenuItem' &amp;&amp; Name='Options'"  &lt; Mouse cursor location (94, 31) &gt;
\0&lt;/a&gt;
W, 3240, 23, 2013/05/24, 09:30:18.077, 1139341957511, QTAgent32.exe, &lt;a class=success&gt;Playback - {303} [SUCCESS] LeftButtonClick - "[MSAA]ControlType='MenuItem' &amp;&amp; Name='Links'"  &lt; Mouse cursor location (174, 319) &gt;
\0&lt;/a&gt;
W, 3240, 23, 2013/05/24, 09:30:18.211, 1139343868596, QTAgent32.exe, &lt;a class=success&gt;Playback - {304} [SUCCESS] LeftButtonClick - "[MSAA]ControlType='MenuItem' &amp;&amp; Name='3rd Party Integration'"  &lt; Mouse cursor location (375, 319) &gt;
\0&lt;/a&gt;
W, 3240, 23, 2013/05/24, 09:30:18.362, 1139346029374, QTAgent32.exe, &lt;a class=success&gt;Playback - {305} [SUCCESS] MouseButtonClick - "[MSAA]ControlType='MenuItem' &amp;&amp; Name='Quote Select List'"
\0&lt;/a&gt;
W, 3240, 23, 2013/05/24, 09:30:19.317, 1139359706710, QTAgent32.exe, PERF WARNING: FindTopLevelWindowHelper::FindAllDescendents: took 853 ms. Expected it to take maximum 500 ms.
W, 3240, 23, 2013/05/24, 09:30:19.446, 1139361554086, QTAgent32.exe, &lt;a class=success&gt;Playback - {306} [SUCCESS] MouseButtonClick - "[MSAA, VisibleOnly]ControlType='Button' &amp;&amp; Name='Ok'"
\0&lt;/a&gt;
W, 3240, 23, 2013/05/24, 09:30:21.753, 1139394588268, QTAgent32.exe, PERF WARNING: FindTopLevelWindowHelper::FindAllDescendents: took 2205 ms. Expected it to take maximum 500 ms.
W, 3240, 23, 2013/05/24, 09:30:21.948, 1139397391694, QTAgent32.exe, &lt;a class=success&gt;Playback - {307} [SUCCESS] MouseButtonClick - "[MSAA, VisibleOnly]ControlType='Button' &amp;&amp; Name='MTA'"
\0&lt;/a&gt;
W, 3240, 23, 2013/05/24, 09:30:22.048, 1139398821426, QTAgent32.exe, Playback - [WARNING] Internal warning: Thread state based WFR - Requested element has invalid HWND
\0
W, 3240, 23, 2013/05/24, 09:30:22.048, 1139398822687, QTAgent32.exe, Playback - [WARNING] Internal warning: process performance counters based WFR - Requested element has invalid HWND
\0
E, 3240, 23, 2013/05/24, 09:30:22.048, 1139398825170, QTAgent32.exe, EnsureValid called via EnsureValid call for same element
E, 3240, 23, 2013/05/24, 09:30:22.049, 1139398826819, QTAgent32.exe, EnsureValid called via EnsureValid call for same element
E, 3240, 23, 2013/05/24, 09:30:22.049, 1139398827811, QTAgent32.exe, EnsureValid called via EnsureValid call for same element
E, 3240, 23, 2013/05/24, 09:30:22.049, 1139398831278, QTAgent32.exe, Window 1639208 not responding. Last Win32 error 0
E, 3240, 23, 2013/05/24, 09:30:22.049, 1139398832065, QTAgent32.exe, GetClassName for handle 1639208 failed
W, 3240, 23, 2013/05/24, 09:30:22.997, 1139412402308, QTAgent32.exe, PERF WARNING: FindTopLevelWindowHelper::FindAllDescendents: took 947 ms. Expected it to take maximum 500 ms.
W, 3240, 23, 2013/05/24, 09:30:23.257, 1139416122336, QTAgent32.exe, Playback - [WARNING] Internal warning: Incorrect flag set for InvokeProgrammaticAction\0
W, 3240, 23, 2013/05/24, 09:30:23.375, 1139417808399, QTAgent32.exe, &lt;a class=success&gt;Playback - {308} [SUCCESS] SetValueAsComboBox "General Adjustment" - "[MSAA, VisibleOnly]ControlType='ComboBox'"  &lt; SetValueAsComboBox, set by clicking on the item in the list box &gt;
\0&lt;/a&gt;
W, 3240, 23, 2013/05/24, 09:30:23.656, 1139421841602, QTAgent32.exe, &lt;a class=success&gt;Playback - {309} [SUCCESS] MouseButtonClick - "[MSAA, VisibleOnly]ControlType='Button' &amp;&amp; Name='OK'"
\0&lt;/a&gt;
W, 3240, 23, 2013/05/24, 09:30:23.822, 1139424209803, QTAgent32.exe, Playback - [WARNING] Internal warning: Thread state based WFR - Requested element has invalid HWND
\0
W, 3240, 23, 2013/05/24, 09:30:23.822, 1139424211091, QTAgent32.exe, Playback - [WARNING] Internal warning: process performance counters based WFR - Requested element has invalid HWND
\0
E, 3240, 23, 2013/05/24, 09:30:23.822, 1139424213731, QTAgent32.exe, EnsureValid called via EnsureValid call for same element
E, 3240, 23, 2013/05/24, 09:30:23.822, 1139424215213, QTAgent32.exe, EnsureValid called via EnsureValid call for same element
E, 3240, 23, 2013/05/24, 09:30:23.822, 1139424216473, QTAgent32.exe, EnsureValid called via EnsureValid call for same element
E, 3240, 23, 2013/05/24, 09:30:23.822, 1139424219094, QTAgent32.exe, GetClassName for handle 1770242 failed
E, 3240, 23, 2013/05/24, 09:30:23.823, 1139424223425, QTAgent32.exe, GetClassName for handle 1770242 failed
E, 3240, 23, 2013/05/24, 09:30:23.823, 1139424229544, QTAgent32.exe, Exception: System.Runtime.InteropServices.COMException
	Message: Error HRESULT E_FAIL has been returned from a call to a COM component.
	Stack Trace:    at Accessibility.IAccessible.get_accState(Object varChild)
   at Microsoft.VisualStudio.TestTools.UITest.Extension.Msaa.AccWrapper.get_State()
	BaseExceptionMessage: Error HRESULT E_FAIL has been returned from a call to a COM component.

E, 3240, 23, 2013/05/24, 09:30:23.823, 1139424233772, QTAgent32.exe, Exception: System.Runtime.InteropServices.COMException
	Message: Error HRESULT E_FAIL has been returned from a call to a COM component.
	Stack Trace:    at Accessibility.IAccessible.get_accState(Object varChild)
   at Microsoft.VisualStudio.TestTools.UITest.Extension.Msaa.AccWrapper.get_State()
	BaseExceptionMessage: Error HRESULT E_FAIL has been returned from a call to a COM component.

E, 3240, 23, 2013/05/24, 09:30:23.824, 1139424237547, QTAgent32.exe, Exception: System.Runtime.InteropServices.COMException
	Message: Error HRESULT E_FAIL has been returned from a call to a COM component.
	Stack Trace:    at Accessibility.IAccessible.get_accState(Object varChild)
   at Microsoft.VisualStudio.TestTools.UITest.Extension.Msaa.AccWrapper.get_State()
	BaseExceptionMessage: Error HRESULT E_FAIL has been returned from a call to a COM component.

E, 3240, 23, 2013/05/24, 09:30:23.824, 1139424241185, QTAgent32.exe, Exception: System.Runtime.InteropServices.COMException
	Message: Error HRESULT E_FAIL has been returned from a call to a COM component.
	Stack Trace:    at Accessibility.IAccessible.get_accState(Object varChild)
   at Microsoft.VisualStudio.TestTools.UITest.Extension.Msaa.AccWrapper.get_State()
	BaseExceptionMessage: Error HRESULT E_FAIL has been returned from a call to a COM component.

E, 3240, 23, 2013/05/24, 09:30:23.824, 1139424245021, QTAgent32.exe, Exception: System.Runtime.InteropServices.COMException
	Message: Error HRESULT E_FAIL has been returned from a call to a COM component.
	Stack Trace:    at Accessibility.IAccessible.get_accState(Object varChild)
   at Microsoft.VisualStudio.TestTools.UITest.Extension.Msaa.AccWrapper.get_State()
	BaseExceptionMessage: Error HRESULT E_FAIL has been returned from a call to a COM component.

E, 3240, 23, 2013/05/24, 09:30:23.824, 1139424248542, QTAgent32.exe, Exception: System.Runtime.InteropServices.COMException
	Message: Error HRESULT E_FAIL has been returned from a call to a COM component.
	Stack Trace:    at Accessibility.IAccessible.get_accState(Object varChild)
   at Microsoft.VisualStudio.TestTools.UITest.Extension.Msaa.AccWrapper.get_State()
	BaseExceptionMessage: Error HRESULT E_FAIL has been returned from a call to a COM component.

E, 3240, 23, 2013/05/24, 09:30:23.825, 1139424252355, QTAgent32.exe, Exception: System.Runtime.InteropServices.COMException
	Message: Error HRESULT E_FAIL has been returned from a call to a COM component.
	Stack Trace:    at Accessibility.IAccessible.get_accState(Object varChild)
   at Microsoft.VisualStudio.TestTools.UITest.Extension.Msaa.AccWrapper.get_State()
	BaseExceptionMessage: Error HRESULT E_FAIL has been returned from a call to a COM component.

W, 3240, 23, 2013/05/24, 09:30:24.024, 1139427104660, QTAgent32.exe, PERF WARNING: MSAA.UpdateQueryIDForNamelessControls: took 201 ms. Expected it to take maximum 200 ms.
W, 3240, 23, 2013/05/24, 09:30:24.024, 1139427107935, QTAgent32.exe, Msaa.Navigate: Exception [Error HRESULT E_FAIL has been returned from a call to a COM component.] while calling accNavigate.
E, 3240, 23, 2013/05/24, 09:30:24.024, 1139427108977, QTAgent32.exe, GetClassName for handle 2687960 failed
E, 3240, 23, 2013/05/24, 09:30:24.024, 1139427109632, QTAgent32.exe, Window 2687960 not responding. Last Win32 error 1400
E, 3240, 23, 2013/05/24, 09:30:24.024, 1139427111708, QTAgent32.exe, GetClassName for handle 1770242 failed
W, 3240, 23, 2013/05/24, 09:30:24.144, 1139428828871, QTAgent32.exe, &lt;a class=success&gt;Playback - {310} [SUCCESS] SendKeys "^{HOME}" - "[MSAA, VisibleOnly]ControlType='Edit'"
\0&lt;/a&gt;
E, 3240, 23, 2013/05/24, 09:30:24.144, 1139428831053, QTAgent32.exe, Msaa.GetFocusedElement: could not find accessible object of foreground window
W, 3240, 23, 2013/05/24, 09:30:24.208, 1139429744532, QTAgent32.exe, &lt;a class=success&gt;Playback - {311} [SUCCESS] SendKeys "^+{END}" - "[MSAA, VisibleOnly]ControlType='Edit'"
\0&lt;/a&gt;
E, 3240, 23, 2013/05/24, 09:30:24.208, 1139429746452, QTAgent32.exe, Msaa.GetFocusedElement: could not find accessible object of foreground window
W, 3240, 23, 2013/05/24, 09:30:24.220, 1139429917800, QTAgent32.exe, &lt;a class=success&gt;Playback - {312} [SUCCESS] SendKeys "{DELETE}" - "[MSAA, VisibleOnly]ControlType='Edit'"
\0&lt;/a&gt;
W, 3240, 23, 2013/05/24, 09:30:24.427, 1139432883762, QTAgent32.exe, &lt;a class=success&gt;Playback - {313} [SUCCESS] SetValueAsEditBox "NewTest" - "[MSAA, VisibleOnly]ControlType='Edit'"  &lt; Set via SendKeys &gt;
\0&lt;/a&gt;
W, 3240, 23, 2013/05/24, 09:30:24.658, 1139436183598, QTAgent32.exe, &lt;a class=success&gt;Playback - {314} [SUCCESS] MouseButtonClick - "[MSAA, VisibleOnly]ControlType='Button' &amp;&amp; Name='Next &gt;'"
\0&lt;/a&gt;
W, 3240, 23, 2013/05/24, 09:30:24.932, 1139440113665, QTAgent32.exe, &lt;a class=success&gt;Playback - {315} [SUCCESS] MouseButtonClick - "[MSAA, VisibleOnly]ControlType='Button' &amp;&amp; Name='Next &gt;'"
\0&lt;/a&gt;
W, 3240, 23, 2013/05/24, 09:30:25.154, 1139443293919, QTAgent32.exe, &lt;a class=success&gt;Playback - {316} [SUCCESS] MouseButtonClick - "[MSAA, VisibleOnly]ControlType='Button' &amp;&amp; Name='Next &gt;'"
\0&lt;/a&gt;
W, 3240, 23, 2013/05/24, 09:30:25.383, 1139446574386, QTAgent32.exe, &lt;a class=success&gt;Playback - {317} [SUCCESS] MouseButtonClick - "[MSAA, VisibleOnly]ControlType='Button' &amp;&amp; Name='Next &gt;'"
\0&lt;/a&gt;
W, 3240, 23, 2013/05/24, 09:30:25.615, 1139449893442, QTAgent32.exe, &lt;a class=success&gt;Playback - {318} [SUCCESS] MouseButtonClick - "[MSAA, VisibleOnly]ControlType='Button' &amp;&amp; Name='Next &gt;'"
\0&lt;/a&gt;
W, 3240, 23, 2013/05/24, 09:30:25.843, 1139453160230, QTAgent32.exe, &lt;a class=success&gt;Playback - {319} [SUCCESS] MouseButtonClick - "[MSAA, VisibleOnly]ControlType='Button' &amp;&amp; Name='Next &gt;'"
\0&lt;/a&gt;
W, 3240, 23, 2013/05/24, 09:30:26.072, 1139456430462, QTAgent32.exe, &lt;a class=success&gt;Playback - {320} [SUCCESS] MouseButtonClick - "[MSAA, VisibleOnly]ControlType='Button' &amp;&amp; Name='Next &gt;'"
\0&lt;/a&gt;
W, 3240, 23, 2013/05/24, 09:30:26.540, 1139463132877, QTAgent32.exe, &lt;a class=success&gt;Playback - {321} [SUCCESS] MouseButtonClick - "[MSAA, VisibleOnly]ControlType='Button' &amp;&amp; Name='Quote'"
\0&lt;/a&gt;
W, 3240, 23, 2013/05/24, 09:30:26.640, 1139464564665, QTAgent32.exe, Playback - [WARNING] Internal warning: Thread state based WFR - Requested element has invalid HWND
\0
W, 3240, 23, 2013/05/24, 09:30:26.640, 1139464566020, QTAgent32.exe, Playback - [WARNING] Internal warning: process performance counters based WFR - Requested element has invalid HWND
\0
E, 3240, 23, 2013/05/24, 09:30:26.640, 1139464568625, QTAgent32.exe, EnsureValid called via EnsureValid call for same element
E, 3240, 23, 2013/05/24, 09:30:26.641, 1139464570592, QTAgent32.exe, EnsureValid called via EnsureValid call for same element
E, 3240, 23, 2013/05/24, 09:30:26.641, 1139464571659, QTAgent32.exe, EnsureValid called via EnsureValid call for same element
E, 3240, 23, 2013/05/24, 09:30:26.653, 1139464744915, QTAgent32.exe, Window 1377960 not responding. Last Win32 error 0
E, 3240, 23, 2013/05/24, 09:30:26.653, 1139464746797, QTAgent32.exe, GetClassName for handle 1377960 failed
W, 3240, 23, 2013/05/24, 09:30:26.766, 1139466361191, QTAgent32.exe, &lt;a class=success&gt;Playback - {322} [SUCCESS] SendKeys "^{HOME}" - "[MSAA, VisibleOnly]ControlType='Edit'"
\0&lt;/a&gt;
E, 3240, 23, 2013/05/24, 09:30:26.766, 1139466363204, QTAgent32.exe, Msaa.GetFocusedElement: could not find accessible object of foreground window
W, 3240, 23, 2013/05/24, 09:30:26.829, 1139467263432, QTAgent32.exe, &lt;a class=success&gt;Playback - {323} [SUCCESS] SendKeys "^+{END}" - "[MSAA, VisibleOnly]ControlType='Edit'"
\0&lt;/a&gt;
E, 3240, 23, 2013/05/24, 09:30:26.829, 1139467265112, QTAgent32.exe, Msaa.GetFocusedElement: could not find accessible object of foreground window
W, 3240, 23, 2013/05/24, 09:30:26.841, 1139467436464, QTAgent32.exe, &lt;a class=success&gt;Playback - {324} [SUCCESS] SendKeys "{DELETE}" - "[MSAA, VisibleOnly]ControlType='Edit'"
\0&lt;/a&gt;
W, 3240, 23, 2013/05/24, 09:30:27.063, 1139470624660, QTAgent32.exe, &lt;a class=success&gt;Playback - {325} [SUCCESS] SetValueAsEditBox "06/06/13" - "[MSAA, VisibleOnly]ControlType='Edit'"  &lt; Set via SendKeys &gt;
\0&lt;/a&gt;
W, 3240, 23, 2013/05/24, 09:30:27.289, 1139473850027, QTAgent32.exe, &lt;a class=success&gt;Playback - {326} [SUCCESS] MouseButtonClick - "[MSAA, VisibleOnly]ControlType='Button' &amp;&amp; Name='OK'"
\0&lt;/a&gt;
W, 3240, 23, 2013/05/24, 09:30:27.521, 1139477171530, QTAgent32.exe, &lt;a class=success&gt;Playback - {327} [SUCCESS] MouseButtonClick - "[MSAA, VisibleOnly]ControlType='Button' &amp;&amp; Name='OK'"
\0&lt;/a&gt;
W, 3240, 23, 2013/05/24, 09:30:27.755, 1139480530851, QTAgent32.exe, &lt;a class=success&gt;Playback - {328} [SUCCESS] MouseButtonClick - "[MSAA, VisibleOnly]ControlType='Button' &amp;&amp; Name='Cancel'"
\0&lt;/a&gt;
W, 3240, 23, 2013/05/24, 09:30:27.980, 1139483756216, QTAgent32.exe, &lt;a class=success&gt;Playback - {329} [SUCCESS] MouseButtonClick - "[MSAA, VisibleOnly]ControlType='Button' &amp;&amp; Name='Cancel'"
\0&lt;/a&gt;
W, 3240, 23, 2013/05/24, 09:30:28.206, 1139486989276, QTAgent32.exe, &lt;a class=success&gt;Playback - {330} [SUCCESS] MouseButtonClick - "[MSAA, VisibleOnly]ControlType='Button' &amp;&amp; Name='Yes'"
\0&lt;/a&gt;
W, 3240, 23, 2013/05/24, 09:30:28.724, 1139494400146, QTAgent32.exe, &lt;a class=success&gt;Playback - {331} [SUCCESS] MouseButtonClick - "[MSAA, VisibleOnly]ControlType='Button' &amp;&amp; Name='OK'"
\0&lt;/a&gt;
W, 3240, 23, 2013/05/24, 09:30:31.484, 1139533925447, QTAgent32.exe, IEDOM : StopSession of the plugin called before StartSession
W, 3240, 23, 2013/05/24, 09:30:31.484, 1139533926453, QTAgent32.exe, UIA : StopSession of the plugin called before StartSession
</DebugTrace>
      </Output>
    </UnitTestResult>
    <UnitTestResult executionId="29efdc20-c551-4dc7-8ef1-add18fa260c8" testId="1f8782a3-4d48-8c5d-f81c-c88ed9c281c4" testName="HouseRebrokeRenewCurrent" computerName="ICDVDEVTM01" duration="00:08:22.4557653" startTime="2013-05-24T09:30:31.5301952+01:00" endTime="2013-05-24T09:38:53.9929999+01:00" testType="13cdc9d9-ddb5-4fa4-a97d-d965ccfc6d4b" outcome="Passed" testListId="8c84fa94-04c1-424b-9868-57a2d4851a1d" relativeResultsDirectory="29efdc20-c551-4dc7-8ef1-add18fa260c8">
      <Output>
        <DebugTrace>W, 3240, 19, 2013/05/24, 09:30:35.861, 1139596596972, QTAgent32.exe, &lt;a class=success&gt;Playback - {1} [SUCCESS] MouseButtonClick - "[MSAA, VisibleOnly]ControlType='Edit'"
\0&lt;/a&gt;
W, 3240, 19, 2013/05/24, 09:30:36.049, 1139599280568, QTAgent32.exe, &lt;a class=success&gt;Playback - {2} [SUCCESS] SendKeys "[*]" - "[MSAA, VisibleOnly]ControlType='Edit'"
\0&lt;/a&gt;
W, 3240, 19, 2013/05/24, 09:30:36.721, 1139608913636, QTAgent32.exe, &lt;a class=success&gt;Playback - {3} [SUCCESS] MouseButtonClick - "[MSAA, VisibleOnly]ControlType='Button' &amp;&amp; Name='OK'"
\0&lt;/a&gt;
W, 3240, 19, 2013/05/24, 09:30:36.879, 1139611171915, QTAgent32.exe, &lt;a class=success&gt;Playback - {4} [SUCCESS] SendKeys "^{HOME}" - "[MSAA, VisibleOnly]ControlType='Edit'"
\0&lt;/a&gt;
E, 3240, 19, 2013/05/24, 09:30:36.879, 1139611173784, QTAgent32.exe, Msaa.GetFocusedElement: could not find accessible object of foreground window
W, 3240, 19, 2013/05/24, 09:30:36.932, 1139611923648, QTAgent32.exe, &lt;a class=success&gt;Playback - {5} [SUCCESS] SendKeys "^+{END}" - "[MSAA, VisibleOnly]ControlType='Edit'"
\0&lt;/a&gt;
E, 3240, 19, 2013/05/24, 09:30:36.932, 1139611925116, QTAgent32.exe, Msaa.GetFocusedElement: could not find accessible object of foreground window
W, 3240, 19, 2013/05/24, 09:30:36.944, 1139612103560, QTAgent32.exe, &lt;a class=success&gt;Playback - {6} [SUCCESS] SendKeys "{DELETE}" - "[MSAA, VisibleOnly]ControlType='Edit'"
\0&lt;/a&gt;
W, 3240, 19, 2013/05/24, 09:30:37.154, 1139615114602, QTAgent32.exe, &lt;a class=success&gt;Playback - {7} [SUCCESS] SetValueAsEditBox "24/05/2013" - "[MSAA, VisibleOnly]ControlType='Edit'"  &lt; Set via SendKeys &gt;
\0&lt;/a&gt;
W, 3240, 19, 2013/05/24, 09:30:37.432, 1139619083505, QTAgent32.exe, Playback - [WARNING] Internal warning: Incorrect flag set for InvokeProgrammaticAction\0
W, 3240, 19, 2013/05/24, 09:30:37.552, 1139620804113, QTAgent32.exe, &lt;a class=success&gt;Playback - {8} [SUCCESS] SetValueAsComboBox "May" - "[MSAA, VisibleOnly]ControlType='ComboBox'"  &lt; SetValueAsComboBox, set by clicking on the item in the list box &gt;
\0&lt;/a&gt;
W, 3240, 19, 2013/05/24, 09:30:37.714, 1139623122182, QTAgent32.exe, &lt;a class=success&gt;Playback - {9} [SUCCESS] SendKeys "^{HOME}" - "[MSAA, VisibleOnly]ControlType='Edit'"
\0&lt;/a&gt;
E, 3240, 19, 2013/05/24, 09:30:37.714, 1139623123974, QTAgent32.exe, Msaa.GetFocusedElement: could not find accessible object of foreground window
W, 3240, 19, 2013/05/24, 09:30:37.780, 1139624067270, QTAgent32.exe, &lt;a class=success&gt;Playback - {10} [SUCCESS] SendKeys "^+{END}" - "[MSAA, VisibleOnly]ControlType='Edit'"
\0&lt;/a&gt;
E, 3240, 19, 2013/05/24, 09:30:37.780, 1139624068713, QTAgent32.exe, Msaa.GetFocusedElement: could not find accessible object of foreground window
W, 3240, 19, 2013/05/24, 09:30:37.792, 1139624247116, QTAgent32.exe, &lt;a class=success&gt;Playback - {11} [SUCCESS] SendKeys "{DELETE}" - "[MSAA, VisibleOnly]ControlType='Edit'"
\0&lt;/a&gt;
W, 3240, 19, 2013/05/24, 09:30:37.882, 1139625524842, QTAgent32.exe, &lt;a class=success&gt;Playback - {12} [SUCCESS] SetValueAsEditBox "2013" - "[MSAA, VisibleOnly]ControlType='Edit'"  &lt; Set via SendKeys &gt;
\0&lt;/a&gt;
W, 3240, 19, 2013/05/24, 09:30:38.099, 1139628632823, QTAgent32.exe, &lt;a class=success&gt;Playback - {13} [SUCCESS] MouseButtonClick - "[MSAA, VisibleOnly]ControlType='Button' &amp;&amp; Name='OK'"
\0&lt;/a&gt;
W, 3240, 19, 2013/05/24, 09:30:39.247, 1139645078274, QTAgent32.exe, Playback - [WARNING] Internal warning: Window Not Found: [VisibleOnly]ControlType='Window' &amp;&amp; Name='Warning' &amp;&amp; ClassName='#32770'
\0
E, 3240, 19, 2013/05/24, 09:30:39.248, 1139645080710, QTAgent32.exe, &lt;a class=failure&gt;Playback - {14} [FAILED] Function ElementFetcher::FindScreenElement failed to locate UI element (Searching: ;[VisibleOnly]ControlType='Window' &amp;&amp; Name='Warning' &amp;&amp; ClassName='#32770') (The object specified was not found.)
\0&lt;/a&gt;
E, 3240, 19, 2013/05/24, 09:30:39.290, 1139645691102, QTAgent32.exe, Playback - [IMAGE] C:\Users\testuser\AppData\Local\Temp\UITestLogs\LastRun\RPF82EC.png
\0
W, 3240, 19, 2013/05/24, 09:30:39.290, 1139645692693, QTAgent32.exe, Playback - [WARNING] Internal warning: Couldn't find descendants that match QueryId
\0
W, 3240, 19, 2013/05/24, 09:30:39.290, 1139645695121, QTAgent32.exe, PERF WARNING: FindTopLevelWindowHelper::FindAllDescendents: took 1084 ms. Expected it to take maximum 500 ms.
W, 3240, 19, 2013/05/24, 09:30:57.307, 1139903661743, QTAgent32.exe, Playback - [WARNING] Internal warning: Window Not Found: [VisibleOnly]ControlType='Window' &amp;&amp; Name='Warning' &amp;&amp; ClassName='#32770'
\0
E, 3240, 19, 2013/05/24, 09:30:57.307, 1139903664170, QTAgent32.exe, &lt;a class=failure&gt;Playback - {15} [FAILED] Function ElementFetcher::FindScreenElement failed to locate UI element (Searching: ;[VisibleOnly]ControlType='Window' &amp;&amp; Name='Warning' &amp;&amp; ClassName='#32770') (The object specified was not found.)
\0&lt;/a&gt;
E, 3240, 19, 2013/05/24, 09:30:57.350, 1139904283192, QTAgent32.exe, Playback - [IMAGE] C:\Users\testuser\AppData\Local\Temp\UITestLogs\LastRun\RPFC97E.png
\0
W, 3240, 19, 2013/05/24, 09:30:57.350, 1139904284702, QTAgent32.exe, Playback - [WARNING] Internal warning: Couldn't find descendants that match QueryId
\0
W, 3240, 19, 2013/05/24, 09:30:57.351, 1139904287378, QTAgent32.exe, PERF WARNING: FindTopLevelWindowHelper::FindAllDescendents: took 18060 ms. Expected it to take maximum 500 ms.
W, 3240, 19, 2013/05/24, 09:30:57.787, 1139910526788, QTAgent32.exe, Playback - [WARNING] Internal warning: Smart Match failed
\0
W, 3240, 19, 2013/05/24, 09:30:57.945, 1139912795082, QTAgent32.exe, Playback - [WARNING] Internal warning: Smart Match failed
\0
W, 3240, 19, 2013/05/24, 09:30:58.102, 1139915034259, QTAgent32.exe, Playback - [WARNING] Internal warning: Smart Match failed
\0
W, 3240, 19, 2013/05/24, 09:30:58.259, 1139917291158, QTAgent32.exe, Playback - [WARNING] Internal warning: Smart Match failed
\0
W, 3240, 19, 2013/05/24, 09:30:58.430, 1139919731678, QTAgent32.exe, Playback - [WARNING] Internal warning: Smart Match failed
\0
W, 3240, 19, 2013/05/24, 09:30:58.589, 1139922018378, QTAgent32.exe, Playback - [WARNING] Internal warning: Smart Match failed
\0
W, 3240, 19, 2013/05/24, 09:30:58.751, 1139924329097, QTAgent32.exe, Playback - [WARNING] Internal warning: Smart Match failed
\0
W, 3240, 19, 2013/05/24, 09:30:58.913, 1139926650651, QTAgent32.exe, Playback - [WARNING] Internal warning: Smart Match failed
\0
W, 3240, 19, 2013/05/24, 09:30:59.075, 1139928972695, QTAgent32.exe, Playback - [WARNING] Internal warning: Smart Match failed
\0
W, 3240, 19, 2013/05/24, 09:30:59.236, 1139931279050, QTAgent32.exe, Playback - [WARNING] Internal warning: Smart Match failed
\0
W, 3240, 19, 2013/05/24, 09:30:59.398, 1139933596456, QTAgent32.exe, Playback - [WARNING] Internal warning: Smart Match failed
\0
W, 3240, 19, 2013/05/24, 09:30:59.563, 1139935960157, QTAgent32.exe, Playback - [WARNING] Internal warning: Smart Match failed
\0
W, 3240, 19, 2013/05/24, 09:30:59.722, 1139938234996, QTAgent32.exe, Playback - [WARNING] Internal warning: Smart Match failed
\0
W, 3240, 19, 2013/05/24, 09:30:59.886, 1139940593396, QTAgent32.exe, Playback - [WARNING] Internal warning: Smart Match failed
\0
W, 3240, 19, 2013/05/24, 09:31:00.051, 1139942943553, QTAgent32.exe, Playback - [WARNING] Internal warning: Smart Match failed
\0
W, 3240, 19, 2013/05/24, 09:31:00.218, 1139945348221, QTAgent32.exe, Playback - [WARNING] Internal warning: Smart Match failed
\0
W, 3240, 19, 2013/05/24, 09:31:00.381, 1139947681445, QTAgent32.exe, Playback - [WARNING] Internal warning: Smart Match failed
\0
W, 3240, 19, 2013/05/24, 09:31:00.436, 1139948470790, QTAgent32.exe, Playback - [WARNING] Internal warning: Window Not Found: [VisibleOnly]ControlType='Window' &amp;&amp; Name='Warning' &amp;&amp; ClassName='#32770'
\0
E, 3240, 19, 2013/05/24, 09:31:00.437, 1139948472648, QTAgent32.exe, &lt;a class=failure&gt;Playback - {16} [FAILED] Function ElementFetcher::FindScreenElement failed to locate UI element (Searching: ;[VisibleOnly]ControlType='Window' &amp;&amp; Name='Warning' &amp;&amp; ClassName='#32770') (The object specified was not found.)
\0&lt;/a&gt;
E, 3240, 19, 2013/05/24, 09:31:00.485, 1139949164746, QTAgent32.exe, Playback - [IMAGE] C:\Users\testuser\AppData\Local\Temp\UITestLogs\LastRun\RPFD5AF.png
\0
W, 3240, 19, 2013/05/24, 09:31:00.485, 1139949166457, QTAgent32.exe, Playback - [WARNING] Internal warning: Couldn't find descendants that match QueryId
\0
W, 3240, 19, 2013/05/24, 09:31:00.485, 1139949168807, QTAgent32.exe, PERF WARNING: FindTopLevelWindowHelper::FindAllDescendents: took 3134 ms. Expected it to take maximum 500 ms.
E, 3240, 19, 2013/05/24, 09:31:00.485, 1139949170371, QTAgent32.exe, Exception: System.Runtime.InteropServices.COMException
	Message: Error HRESULT E_FAIL has been returned from a call to a COM component.
	Stack Trace:    at Microsoft.VisualStudio.TestTools.UITest.Playback.Engine.IRPFPlayback.FindAllScreenElements(IScreenElement pScreenElementStart, String bstrQueryId, Object&amp; pvarResKeys, Int32 cResKeys, Int32 nMaxDepth, Object[]&amp; foundDescendants)
   at Microsoft.VisualStudio.TestTools.UITest.Playback.ScreenElement.FindTopLevelWindowHelper(String queryId)
	BaseExceptionMessage: Error HRESULT E_FAIL has been returned from a call to a COM component.

E, 3240, 19, 2013/05/24, 09:31:00.604, 1139950868236, QTAgent32.exe, AL: Playback Error: Microsoft.VisualStudio.TestTools.UITest.Extension.UITestControlNotFoundException: The playback failed to find the control with the given search properties. Additional Details: 
TechnologyName:  'MSAA'
ControlType:  'Window'
Name:  'Warning'
ClassName:  '#32770'
 ---&gt; System.Runtime.InteropServices.COMException: Error HRESULT E_FAIL has been returned from a call to a COM component.
   at Microsoft.VisualStudio.TestTools.UITest.Playback.Engine.IRPFPlayback.FindAllScreenElements(IScreenElement pScreenElementStart, String bstrQueryId, Object&amp; pvarResKeys, Int32 cResKeys, Int32 nMaxDepth, Object[]&amp; foundDescendants)
   at Microsoft.VisualStudio.TestTools.UITest.Playback.ScreenElement.FindTopLevelWindowHelper(String queryId)
   at Microsoft.VisualStudio.TestTools.UITest.Playback.ScreenElement.FindFromPartialQueryId(String queryId)
   at Microsoft.VisualStudio.TestTools.UITesting.UITestControl..ctor(String queryId)
   --- End of inner exception stack trace ---
   at Microsoft.VisualStudio.TestTools.UITesting.Playback.MapControlNotFoundException(COMException ex, IPlaybackContext context)
   at Microsoft.VisualStudio.TestTools.UITesting.Playback.MapAndThrowComException(COMException innerException, IPlaybackContext context)
   at Microsoft.VisualStudio.TestTools.UITesting.Playback.MapAndThrowException(SystemException exception, IPlaybackContext context)
   at Microsoft.VisualStudio.TestTools.UITesting.Playback.MapAndThrowException(SystemException exception, String queryId)
   at Microsoft.VisualStudio.TestTools.UITesting.UITestControl..ctor(String queryId)
   at Microsoft.VisualStudio.TestTools.UITesting.SearchHelper.SearchTopLevelWindow(ISearchArgument topLevelSearchArg, String topLevelElementQueryId)
   at Microsoft.VisualStudio.TestTools.UITesting.SearchHelper.GetTitleUpdatedTopLevelWindow(ISearchArgument topLevelSearchArg, String queryId, IList`1 windowTitles)
   at Microsoft.VisualStudio.TestTools.UITesting.SearchHelper.GetTopLevelElement(Boolean useCache, Boolean useCacheOnly, ISearchArgument searchArg, IList`1 windowTitles, Int32&amp; timeLeft)
   at Microsoft.VisualStudio.TestTools.UITesting.SearchHelper.GetElement(Boolean useCache, ISearchArgument searchArg)
   at Microsoft.VisualStudio.TestTools.UITesting.SearchHelper.Search(ISearchArgument searchArg)
   at Microsoft.VisualStudio.TestTools.UITesting.UITestControl.FindInternal()
   at Microsoft.VisualStudio.TestTools.UITesting.UITestControl.FindControlIfNecessary()
   at Microsoft.VisualStudio.TestTools.UITesting.UITestControl.Click(MouseButtons button, ModifierKeys modifierKeys, Point relativeCoordinates)
   at Microsoft.VisualStudio.TestTools.UITesting.Mouse.ClickImplementation(UITestControl control, MouseButtons button, ModifierKeys modifierKeys, Point relativeCoordinate)
   at Microsoft.VisualStudio.TestTools.UITesting.Mouse.ClickImplementationWrapper(UITestControl control, MouseButtons button, ModifierKeys modifierKeys, Point relativeCoordinate)
W, 3240, 19, 2013/05/24, 09:31:00.604, 1139950871117, QTAgent32.exe, PlaybackErrorHandler: Ignoring exception as ContinueOnError is set.
W, 3240, 19, 2013/05/24, 09:31:00.636, 1139951329375, QTAgent32.exe, &lt;a class=success&gt;Playback - {17} [SUCCESS] TypeString "#(R)"
\0&lt;/a&gt;
E, 3240, 19, 2013/05/24, 09:31:01.141, 1139958562204, QTAgent32.exe, Exception: System.ArgumentException
	Message: Value does not fall within the expected range.
	Stack Trace:    at Accessibility.IAccessible.get_accRole(Object varChild)
   at Microsoft.VisualStudio.TestTools.UITest.Extension.Msaa.AccWrapper.get_RoleInt()
	BaseExceptionMessage: Value does not fall within the expected range.

E, 3240, 19, 2013/05/24, 09:31:01.143, 1139958589959, QTAgent32.exe, Exception: System.ArgumentException
	Message: Value does not fall within the expected range.
	Stack Trace:    at Accessibility.IAccessible.get_accRole(Object varChild)
   at Microsoft.VisualStudio.TestTools.UITest.Extension.Msaa.AccWrapper.get_RoleInt()
	BaseExceptionMessage: Value does not fall within the expected range.

W, 3240, 19, 2013/05/24, 09:31:01.361, 1139961713822, QTAgent32.exe, &lt;a class=success&gt;Playback - {18} [SUCCESS] LeftButtonClick  &lt; Mouse cursor location (87, 908) &gt;
\0&lt;/a&gt;
W, 3240, 19, 2013/05/24, 09:31:02.102, 1139972319814, QTAgent32.exe, &lt;a class=success&gt;Playback - {19} [SUCCESS] SetValueAsEditBox "c:\TestProject7\ourmma.reg"  &lt; Set via SendKeys &gt;
\0&lt;/a&gt;
W, 3240, 19, 2013/05/24, 09:31:02.103, 1139972321623, QTAgent32.exe, &lt;a class=success&gt;Playback - {20} [SUCCESS] SetValueAsComboBox "c:\TestProject7\ourmma.reg" - "[MSAA, VisibleOnly]ControlType='ComboBox' &amp;&amp; Name='Open:'"  &lt; Set via SetValueAsEditBox &gt;
\0&lt;/a&gt;
W, 3240, 19, 2013/05/24, 09:31:02.347, 1139975815518, QTAgent32.exe, &lt;a class=success&gt;Playback - {21} [SUCCESS] MouseButtonClick - "[MSAA, VisibleOnly]ControlType='Button' &amp;&amp; Name='OK'"
\0&lt;/a&gt;
W, 3240, 19, 2013/05/24, 09:31:03.009, 1139985305868, QTAgent32.exe, &lt;a class=success&gt;Playback - {22} [SUCCESS] MouseButtonClick - "[MSAA, VisibleOnly]ControlType='Button' &amp;&amp; Name='Yes'"
\0&lt;/a&gt;
W, 3240, 19, 2013/05/24, 09:31:03.302, 1139989502583, QTAgent32.exe, &lt;a class=success&gt;Playback - {23} [SUCCESS] MouseButtonClick - "[MSAA, VisibleOnly]ControlType='Button' &amp;&amp; Name='OK'"
\0&lt;/a&gt;
W, 3240, 19, 2013/05/24, 09:31:03.526, 1139992700321, QTAgent32.exe, &lt;a class=success&gt;Playback - {24} [SUCCESS] MouseButtonClick - "[MSAA, VisibleOnly]ControlType='Button' &amp;&amp; Name='Clients &amp; Files'"
\0&lt;/a&gt;
W, 3240, 19, 2013/05/24, 09:31:04.504, 1140006708650, QTAgent32.exe, PERF WARNING: FindTopLevelWindowHelper::FindAllDescendents: took 876 ms. Expected it to take maximum 500 ms.
W, 3240, 19, 2013/05/24, 09:31:04.709, 1140009653012, QTAgent32.exe, Playback - [WARNING] Internal warning: Incorrect flag set for InvokeProgrammaticAction\0
W, 3240, 19, 2013/05/24, 09:31:04.827, 1140011342206, QTAgent32.exe, &lt;a class=success&gt;Playback - {25} [SUCCESS] SetValueAsComboBox "Customers" - "[MSAA, VisibleOnly]ControlType='ComboBox'"  &lt; SetValueAsComboBox, set by clicking on the item in the list box &gt;
\0&lt;/a&gt;
W, 3240, 19, 2013/05/24, 09:31:05.304, 1140018168079, QTAgent32.exe, &lt;a class=success&gt;Playback - {26} [SUCCESS] MouseButtonClick - "[MSAA, VisibleOnly]ControlType='Button' &amp;&amp; Name='Add'"
\0&lt;/a&gt;
W, 3240, 19, 2013/05/24, 09:31:05.660, 1140023252750, QTAgent32.exe, &lt;a class=success&gt;Playback - {27} [SUCCESS] SendKeys "autotest" - "[MSAA, VisibleOnly]ControlType='RadioButton' &amp;&amp; Name='Personal Lines'"
\0&lt;/a&gt;
W, 3240, 19, 2013/05/24, 09:31:06.006, 1140028217806, QTAgent32.exe, &lt;a class=success&gt;Playback - {28} [SUCCESS] SetValueAsEditBox "autotest" - "[MSAA, VisibleOnly]ControlType='Edit'"  &lt; Set via SendKeys &gt;
\0&lt;/a&gt;
W, 3240, 19, 2013/05/24, 09:31:06.229, 1140031401110, QTAgent32.exe, &lt;a class=success&gt;Playback - {29} [SUCCESS] MouseButtonClick - "[MSAA, VisibleOnly]ControlType='Button' &amp;&amp; Name='OK'"
\0&lt;/a&gt;
W, 3240, 19, 2013/05/24, 09:31:06.547, 1140035961490, QTAgent32.exe, &lt;a class=success&gt;Playback - {30} [SUCCESS] MouseButtonClick - "[MSAA, VisibleOnly]ControlType='Button' &amp;&amp; Name='Yes'"
\0&lt;/a&gt;
W, 3240, 19, 2013/05/24, 09:31:06.822, 1140039891186, QTAgent32.exe, &lt;a class=success&gt;Playback - {31} [SUCCESS] SendKeys "^{HOME}" - "[MSAA, VisibleOnly]ControlType='Edit'"
\0&lt;/a&gt;
E, 3240, 19, 2013/05/24, 09:31:06.822, 1140039893125, QTAgent32.exe, Msaa.GetFocusedElement: could not find accessible object of foreground window
W, 3240, 19, 2013/05/24, 09:31:06.891, 1140040880057, QTAgent32.exe, &lt;a class=success&gt;Playback - {32} [SUCCESS] SendKeys "^+{END}" - "[MSAA, VisibleOnly]ControlType='Edit'"
\0&lt;/a&gt;
E, 3240, 19, 2013/05/24, 09:31:06.891, 1140040882287, QTAgent32.exe, Msaa.GetFocusedElement: could not find accessible object of foreground window
W, 3240, 19, 2013/05/24, 09:31:06.904, 1140041066361, QTAgent32.exe, &lt;a class=success&gt;Playback - {33} [SUCCESS] SendKeys "{DELETE}" - "[MSAA, VisibleOnly]ControlType='Edit'"
\0&lt;/a&gt;
W, 3240, 19, 2013/05/24, 09:31:06.990, 1140042308102, QTAgent32.exe, &lt;a class=success&gt;Playback - {34} [SUCCESS] SetValueAsEditBox "1" - "[MSAA, VisibleOnly]ControlType='Edit'"  &lt; Set via SendKeys &gt;
\0&lt;/a&gt;
W, 3240, 19, 2013/05/24, 09:31:07.171, 1140044889581, QTAgent32.exe, &lt;a class=success&gt;Playback - {35} [SUCCESS] SendKeys "^{HOME}" - "[MSAA, VisibleOnly]ControlType='Edit'"
\0&lt;/a&gt;
E, 3240, 19, 2013/05/24, 09:31:07.171, 1140044891340, QTAgent32.exe, Msaa.GetFocusedElement: could not find accessible object of foreground window
W, 3240, 19, 2013/05/24, 09:31:07.223, 1140045641735, QTAgent32.exe, &lt;a class=success&gt;Playback - {36} [SUCCESS] SendKeys "^+{END}" - "[MSAA, VisibleOnly]ControlType='Edit'"
\0&lt;/a&gt;
E, 3240, 19, 2013/05/24, 09:31:07.223, 1140045643207, QTAgent32.exe, Msaa.GetFocusedElement: could not find accessible object of foreground window
W, 3240, 19, 2013/05/24, 09:31:07.236, 1140045821042, QTAgent32.exe, &lt;a class=success&gt;Playback - {37} [SUCCESS] SendKeys "{DELETE}" - "[MSAA, VisibleOnly]ControlType='Edit'"
\0&lt;/a&gt;
W, 3240, 19, 2013/05/24, 09:31:07.293, 1140046640126, QTAgent32.exe, &lt;a class=success&gt;Playback - {38} [SUCCESS] SetValueAsEditBox "1" - "[MSAA, VisibleOnly]ControlType='Edit'"  &lt; Set via SendKeys &gt;
\0&lt;/a&gt;
W, 3240, 19, 2013/05/24, 09:31:08.920, 1140069933796, QTAgent32.exe, Playback - [WARNING] Internal warning: Target element "[MSAA, VisibleOnly]ControlType='Button' &amp;&amp; Name='OK'" was not found, so all intermediate elements were ignored. An incorrect element that matches target element Id can be found as the result.  Verify that all intermediate elements in QueryId have valid and unique Ids
\0
W, 3240, 19, 2013/05/24, 09:31:09.445, 1140077446096, QTAgent32.exe, PERF WARNING: FindAllDescendents: took 2028 ms. Expected it to take maximum 500 ms.
W, 3240, 19, 2013/05/24, 09:31:09.754, 1140081882809, QTAgent32.exe, &lt;a class=success&gt;Playback - {39} [SUCCESS] MouseButtonClick - "[MSAA, VisibleOnly]ControlType='Button' &amp;&amp; Name='OK'"
\0&lt;/a&gt;
W, 3240, 19, 2013/05/24, 09:31:10.106, 1140086918051, QTAgent32.exe, &lt;a class=success&gt;Playback - {40} [SUCCESS] MouseButtonClick - "[MSAA, VisibleOnly]ControlType='Button'"
\0&lt;/a&gt;
W, 3240, 19, 2013/05/24, 09:31:10.429, 1140091542842, QTAgent32.exe, &lt;a class=success&gt;Playback - {41} [SUCCESS] MouseButtonClick - "[MSAA, VisibleOnly]ControlType='Button' &amp;&amp; Name='Add'"
\0&lt;/a&gt;
W, 3240, 19, 2013/05/24, 09:31:10.767, 1140096378421, QTAgent32.exe, &lt;a class=success&gt;Playback - {42} [SUCCESS] MouseButtonClick - "[MSAA, VisibleOnly]ControlType='Button' &amp;&amp; Name='OK'"
\0&lt;/a&gt;
W, 3240, 19, 2013/05/24, 09:31:13.006, 1140128439655, QTAgent32.exe, &lt;a class=success&gt;Playback - {43} [SUCCESS] MouseButtonClick - "[MSAA, VisibleOnly,Window]ControlType='Window' &amp;&amp; ClassName='ThunderRT6TextBox'"
\0&lt;/a&gt;
W, 3240, 19, 2013/05/24, 09:31:13.268, 1140132194899, QTAgent32.exe, &lt;a class=success&gt;Playback - {44} [SUCCESS] SetValueAsEditBox "HOME" - "[MSAA, VisibleOnly]ControlType='Edit'"  &lt; Set via SendKeys &gt;
\0&lt;/a&gt;
W, 3240, 19, 2013/05/24, 09:31:13.583, 1140136695307, QTAgent32.exe, &lt;a class=success&gt;Playback - {45} [SUCCESS] MouseButtonClick - "[MSAA, VisibleOnly]ControlType='Button' &amp;&amp; Name='OK'"
\0&lt;/a&gt;
W, 3240, 19, 2013/05/24, 09:31:13.814, 1140140002561, QTAgent32.exe, &lt;a class=success&gt;Playback - {46} [SUCCESS] MouseButtonClick - "[MSAA, VisibleOnly]ControlType='Button' &amp;&amp; Name='Options'"
\0&lt;/a&gt;
W, 3240, 19, 2013/05/24, 09:31:13.914, 1140141437779, QTAgent32.exe, FindScreenElementInSinglePass : Attempting to find control in one pass of search. Failures can occur.
W, 3240, 19, 2013/05/24, 09:31:14.061, 1140143547398, QTAgent32.exe, &lt;a class=success&gt;Playback - {47} [SUCCESS] MouseButtonClick - "[MSAA]ControlType='MenuItem' &amp;&amp; Name='Links'"
\0&lt;/a&gt;
W, 3240, 19, 2013/05/24, 09:31:14.161, 1140144982629, QTAgent32.exe, FindScreenElementInSinglePass : Attempting to find control in one pass of search. Failures can occur.
W, 3240, 19, 2013/05/24, 09:31:14.314, 1140147170435, QTAgent32.exe, &lt;a class=success&gt;Playback - {48} [SUCCESS] MouseButtonClick - "[MSAA]ControlType='MenuItem' &amp;&amp; Name='3rd Party Integration'"
\0&lt;/a&gt;
W, 3240, 19, 2013/05/24, 09:31:14.414, 1140148606221, QTAgent32.exe, FindScreenElementInSinglePass : Attempting to find control in one pass of search. Failures can occur.
W, 3240, 19, 2013/05/24, 09:31:14.569, 1140150819237, QTAgent32.exe, &lt;a class=success&gt;Playback - {49} [SUCCESS] MouseButtonClick - "[MSAA]ControlType='MenuItem' &amp;&amp; Name='Quote Select List'"
\0&lt;/a&gt;
W, 3240, 19, 2013/05/24, 09:31:15.707, 1140167115888, QTAgent32.exe, PERF WARNING: FindTopLevelWindowHelper::FindAllDescendents: took 1035 ms. Expected it to take maximum 500 ms.
W, 3240, 19, 2013/05/24, 09:31:15.837, 1140168972063, QTAgent32.exe, &lt;a class=success&gt;Playback - {50} [SUCCESS] MouseButtonClick - "[MSAA, VisibleOnly]ControlType='Button' &amp;&amp; Name='Ok'"
\0&lt;/a&gt;
W, 3240, 19, 2013/05/24, 09:31:18.160, 1140202237205, QTAgent32.exe, PERF WARNING: FindTopLevelWindowHelper::FindAllDescendents: took 2221 ms. Expected it to take maximum 500 ms.
W, 3240, 19, 2013/05/24, 09:31:18.341, 1140204821974, QTAgent32.exe, &lt;a class=success&gt;Playback - {51} [SUCCESS] SendKeys "^{HOME}" - "[MSAA, VisibleOnly]ControlType='Edit'"
\0&lt;/a&gt;
E, 3240, 19, 2013/05/24, 09:31:18.341, 1140204824113, QTAgent32.exe, Msaa.GetFocusedElement: could not find accessible object of foreground window
W, 3240, 19, 2013/05/24, 09:31:18.393, 1140205573909, QTAgent32.exe, &lt;a class=success&gt;Playback - {52} [SUCCESS] SendKeys "^+{END}" - "[MSAA, VisibleOnly]ControlType='Edit'"
\0&lt;/a&gt;
E, 3240, 19, 2013/05/24, 09:31:18.393, 1140205575462, QTAgent32.exe, Msaa.GetFocusedElement: could not find accessible object of foreground window
W, 3240, 19, 2013/05/24, 09:31:18.406, 1140205753899, QTAgent32.exe, &lt;a class=success&gt;Playback - {53} [SUCCESS] SendKeys "{DELETE}" - "[MSAA, VisibleOnly]ControlType='Edit'"
\0&lt;/a&gt;
W, 3240, 19, 2013/05/24, 09:31:18.608, 1140208649869, QTAgent32.exe, &lt;a class=success&gt;Playback - {54} [SUCCESS] SetValueAsEditBox "31/05/13" - "[MSAA, VisibleOnly]ControlType='Edit'"  &lt; Set via SendKeys &gt;
\0&lt;/a&gt;
W, 3240, 19, 2013/05/24, 09:31:18.903, 1140212873859, QTAgent32.exe, &lt;a class=success&gt;Playback - {55} [SUCCESS] SetValueAsEditBox "test1" - "[MSAA, VisibleOnly]ControlType='Edit'"  &lt; Set via SendKeys &gt;
\0&lt;/a&gt;
W, 3240, 19, 2013/05/24, 09:31:19.176, 1140216790123, QTAgent32.exe, &lt;a class=success&gt;Playback - {56} [SUCCESS] SetValueAsEditBox "test" - "[MSAA, VisibleOnly]ControlType='Edit'"  &lt; Set via SendKeys &gt;
\0&lt;/a&gt;
W, 3240, 19, 2013/05/24, 09:31:19.348, 1140219242399, QTAgent32.exe, &lt;a class=success&gt;Playback - {57} [SUCCESS] SendKeys "^{HOME}" - "[MSAA, VisibleOnly]ControlType='Edit'"
\0&lt;/a&gt;
E, 3240, 19, 2013/05/24, 09:31:19.348, 1140219244133, QTAgent32.exe, Msaa.GetFocusedElement: could not find accessible object of foreground window
W, 3240, 19, 2013/05/24, 09:31:19.400, 1140219994079, QTAgent32.exe, &lt;a class=success&gt;Playback - {58} [SUCCESS] SendKeys "^+{END}" - "[MSAA, VisibleOnly]ControlType='Edit'"
\0&lt;/a&gt;
E, 3240, 19, 2013/05/24, 09:31:19.400, 1140219995493, QTAgent32.exe, Msaa.GetFocusedElement: could not find accessible object of foreground window
W, 3240, 19, 2013/05/24, 09:31:19.413, 1140220173886, QTAgent32.exe, &lt;a class=success&gt;Playback - {59} [SUCCESS] SendKeys "{DELETE}" - "[MSAA, VisibleOnly]ControlType='Edit'"
\0&lt;/a&gt;
W, 3240, 19, 2013/05/24, 09:31:19.529, 1140221845177, QTAgent32.exe, &lt;a class=success&gt;Playback - {60} [SUCCESS] SetValueAsEditBox "test" - "[MSAA, VisibleOnly]ControlType='Edit'"  &lt; Set via SendKeys &gt;
\0&lt;/a&gt;
W, 3240, 19, 2013/05/24, 09:31:19.841, 1140226309628, QTAgent32.exe, Playback - [WARNING] Internal warning: Incorrect flag set for InvokeProgrammaticAction\0
W, 3240, 19, 2013/05/24, 09:31:19.959, 1140227990153, QTAgent32.exe, &lt;a class=success&gt;Playback - {61} [SUCCESS] SetValueAsComboBox "Account Director" - "[MSAA, VisibleOnly]ControlType='ComboBox'"  &lt; SetValueAsComboBox, set by clicking on the item in the list box &gt;
\0&lt;/a&gt;
W, 3240, 19, 2013/05/24, 09:31:20.288, 1140232702452, QTAgent32.exe, Playback - [WARNING] Internal warning: Incorrect flag set for InvokeProgrammaticAction\0
W, 3240, 19, 2013/05/24, 09:31:20.406, 1140234392480, QTAgent32.exe, &lt;a class=success&gt;Playback - {62} [SUCCESS] SetValueAsComboBox "Advertising" - "[MSAA, VisibleOnly]ControlType='ComboBox'"  &lt; SetValueAsComboBox, set by clicking on the item in the list box &gt;
\0&lt;/a&gt;
W, 3240, 19, 2013/05/24, 09:31:20.729, 1140239022310, QTAgent32.exe, &lt;a class=success&gt;Playback - {63} [SUCCESS] SetValueAsEditBox "160589" - "[MSAA, VisibleOnly]ControlType='Edit'"  &lt; Set via SendKeys &gt;
\0&lt;/a&gt;
W, 3240, 19, 2013/05/24, 09:31:20.955, 1140242257280, QTAgent32.exe, &lt;a class=success&gt;Playback - {64} [SUCCESS] MouseButtonClick - "[MSAA, VisibleOnly]ControlType='Edit'"
\0&lt;/a&gt;
W, 3240, 19, 2013/05/24, 09:31:21.259, 1140246604692, QTAgent32.exe, &lt;a class=success&gt;Playback - {65} [SUCCESS] SetValueAsEditBox "BN16BN" - "[MSAA, VisibleOnly]ControlType='Edit'"  &lt; Set via SendKeys &gt;
\0&lt;/a&gt;
W, 3240, 19, 2013/05/24, 09:31:23.480, 1140278405679, QTAgent32.exe, &lt;a class=success&gt;Playback - {66} [SUCCESS] MouseButtonClick - "[MSAA, VisibleOnly]ControlType='Button' &amp;&amp; Name='Lookup...'"
\0&lt;/a&gt;
W, 3240, 19, 2013/05/24, 09:31:23.738, 1140282111473, QTAgent32.exe, &lt;a class=success&gt;Playback - {67} [SUCCESS] MouseButtonClick - "[MSAA, VisibleOnly]ControlType='Button' &amp;&amp; Name='Ok'"
\0&lt;/a&gt;
W, 3240, 19, 2013/05/24, 09:31:24.032, 1140286314410, QTAgent32.exe, &lt;a class=success&gt;Playback - {68} [SUCCESS] MouseButtonClick - "[MSAA, VisibleOnly]ControlType='Button' &amp;&amp; Name='Next &gt;'"
\0&lt;/a&gt;
W, 3240, 19, 2013/05/24, 09:31:24.353, 1140290911016, QTAgent32.exe, &lt;a class=success&gt;Playback - {69} [SUCCESS] SetValueAsEditBox "1989" - "[MSAA, VisibleOnly]ControlType='Edit'"  &lt; Set via SendKeys &gt;
\0&lt;/a&gt;
W, 3240, 19, 2013/05/24, 09:31:24.628, 1140294844327, QTAgent32.exe, &lt;a class=success&gt;Playback - {70} [SUCCESS] MouseButtonClick - "[MSAA, VisibleOnly]ControlType='Button' &amp;&amp; Name='Next &gt;'"
\0&lt;/a&gt;
W, 3240, 19, 2013/05/24, 09:31:24.848, 1140298000914, QTAgent32.exe, &lt;a class=success&gt;Playback - {71} [SUCCESS] MouseButtonClick - "[MSAA, VisibleOnly]ControlType='Button' &amp;&amp; Name='Next &gt;'"
\0&lt;/a&gt;
W, 3240, 19, 2013/05/24, 09:31:25.059, 1140301018521, QTAgent32.exe, &lt;a class=success&gt;Playback - {72} [SUCCESS] MouseButtonClick - "[MSAA, VisibleOnly]ControlType='Button' &amp;&amp; Name='Next &gt;'"
\0&lt;/a&gt;
W, 3240, 19, 2013/05/24, 09:31:25.384, 1140305667476, QTAgent32.exe, &lt;a class=success&gt;Playback - {73} [SUCCESS] SetValueAsEditBox "2345" - "[MSAA, VisibleOnly]ControlType='Edit'"  &lt; Set via SendKeys &gt;
\0&lt;/a&gt;
W, 3240, 19, 2013/05/24, 09:31:25.701, 1140310214063, QTAgent32.exe, &lt;a class=success&gt;Playback - {74} [SUCCESS] SetValueAsEditBox "2000" - "[MSAA, VisibleOnly]ControlType='Edit'"  &lt; Set via SendKeys &gt;
\0&lt;/a&gt;
W, 3240, 19, 2013/05/24, 09:31:26.023, 1140314817509, QTAgent32.exe, &lt;a class=success&gt;Playback - {75} [SUCCESS] SetValueAsEditBox "2000" - "[MSAA, VisibleOnly]ControlType='Edit'"  &lt; Set via SendKeys &gt;
\0&lt;/a&gt;
W, 3240, 19, 2013/05/24, 09:31:26.244, 1140317985497, QTAgent32.exe, &lt;a class=success&gt;Playback - {76} [SUCCESS] MouseButtonClick - "[MSAA, VisibleOnly]ControlType='Button' &amp;&amp; Name='Next &gt;'"
\0&lt;/a&gt;
W, 3240, 19, 2013/05/24, 09:31:26.558, 1140322479281, QTAgent32.exe, &lt;a class=success&gt;Playback - {77} [SUCCESS] SetValueAsEditBox "2345" - "[MSAA, VisibleOnly]ControlType='Edit'"  &lt; Set via SendKeys &gt;
\0&lt;/a&gt;
W, 3240, 19, 2013/05/24, 09:31:26.796, 1140325888074, QTAgent32.exe, &lt;a class=success&gt;Playback - {78} [SUCCESS] MouseButtonClick - "[MSAA, VisibleOnly]ControlType='Button' &amp;&amp; Name='Next &gt;'"
\0&lt;/a&gt;
W, 3240, 19, 2013/05/24, 09:31:27.038, 1140329358916, QTAgent32.exe, &lt;a class=success&gt;Playback - {79} [SUCCESS] MouseButtonClick - "[MSAA, VisibleOnly]ControlType='Button' &amp;&amp; Name='Next &gt;'"
\0&lt;/a&gt;
W, 3240, 19, 2013/05/24, 09:31:27.365, 1140334031437, QTAgent32.exe, &lt;a class=success&gt;Playback - {80} [SUCCESS] MouseButtonClick - "[MSAA, VisibleOnly]ControlType='Button' &amp;&amp; Name='Quote'"
\0&lt;/a&gt;
W, 3240, 19, 2013/05/24, 09:31:27.617, 1140337639652, QTAgent32.exe, &lt;a class=success&gt;Playback - {81} [SUCCESS] MouseButtonClick - "[MSAA, VisibleOnly]ControlType='Button' &amp;&amp; Name='No'"
\0&lt;/a&gt;
W, 3240, 19, 2013/05/24, 09:31:27.846, 1140340922692, QTAgent32.exe, &lt;a class=success&gt;Playback - {82} [SUCCESS] MouseButtonClick - "[MSAA, VisibleOnly]ControlType='Button' &amp;&amp; Name='Ok'"
\0&lt;/a&gt;
W, 3240, 19, 2013/05/24, 09:31:33.033, 1140415194662, QTAgent32.exe, PERF WARNING: FindTopLevelWindowHelper::FindAllDescendents: took 5086 ms. Expected it to take maximum 500 ms.
W, 3240, 19, 2013/05/24, 09:31:33.157, 1140416967162, QTAgent32.exe, &lt;a class=success&gt;Playback - {83} [SUCCESS] MouseButtonClick - "[MSAA, VisibleOnly]ControlType='Client'"
\0&lt;/a&gt;
W, 3240, 19, 2013/05/24, 09:31:34.698, 1140439029312, QTAgent32.exe, &lt;a class=success&gt;Playback - {84} [SUCCESS] SendKeys "{Home}" - "[MSAA, VisibleOnly]ControlType='Client'"
\0&lt;/a&gt;
W, 3240, 19, 2013/05/24, 09:31:36.192, 1140460426817, QTAgent32.exe, &lt;a class=success&gt;Playback - {85} [SUCCESS] MouseButtonClick - "[MSAA, VisibleOnly]ControlType='Button' &amp;&amp; Name='Accept'"
\0&lt;/a&gt;
W, 3240, 19, 2013/05/24, 09:31:36.418, 1140463664303, QTAgent32.exe, &lt;a class=success&gt;Playback - {86} [SUCCESS] MouseButtonClick - "[MSAA, VisibleOnly]ControlType='Button' &amp;&amp; Name='Yes'"
\0&lt;/a&gt;
W, 3240, 19, 2013/05/24, 09:31:36.645, 1140466909340, QTAgent32.exe, &lt;a class=success&gt;Playback - {87} [SUCCESS] MouseButtonClick - "[MSAA, VisibleOnly]ControlType='Button' &amp;&amp; Name='Ok'"
\0&lt;/a&gt;
W, 3240, 19, 2013/05/24, 09:31:47.294, 1140619385349, QTAgent32.exe, Playback - [WARNING] Internal warning: Window Not Found: [VisibleOnly]ControlType='Window' &amp;&amp; Name='Save the file as' &amp;&amp; ClassName='#32770'
\0
E, 3240, 19, 2013/05/24, 09:31:47.294, 1140619388739, QTAgent32.exe, &lt;a class=failure&gt;Playback - {88} [FAILED] Function ElementFetcher::FindScreenElement failed to locate UI element (Searching: ;[VisibleOnly]ControlType='Window' &amp;&amp; Name='Save the file as' &amp;&amp; ClassName='#32770') (The object specified was not found.)
\0&lt;/a&gt;
E, 3240, 19, 2013/05/24, 09:31:47.342, 1140620070902, QTAgent32.exe, Playback - [IMAGE] C:\Users\testuser\AppData\Local\Temp\UITestLogs\LastRun\RPF8CBE.png
\0
W, 3240, 19, 2013/05/24, 09:31:47.342, 1140620072690, QTAgent32.exe, Playback - [WARNING] Internal warning: Couldn't find descendants that match QueryId
\0
W, 3240, 19, 2013/05/24, 09:31:47.342, 1140620075356, QTAgent32.exe, PERF WARNING: FindTopLevelWindowHelper::FindAllDescendents: took 10588 ms. Expected it to take maximum 500 ms.
W, 3240, 19, 2013/05/24, 09:32:06.178, 1140889763022, QTAgent32.exe, Playback - [WARNING] Internal warning: Window Not Found: [VisibleOnly]ControlType='Window' &amp;&amp; Name='Save the file as' &amp;&amp; ClassName='#32770'
\0
E, 3240, 19, 2013/05/24, 09:32:06.178, 1140889765881, QTAgent32.exe, &lt;a class=failure&gt;Playback - {89} [FAILED] Function ElementFetcher::FindScreenElement failed to locate UI element (Searching: ;[VisibleOnly]ControlType='Window' &amp;&amp; Name='Save the file as' &amp;&amp; ClassName='#32770') (The object specified was not found.)
\0&lt;/a&gt;
E, 3240, 19, 2013/05/24, 09:32:06.223, 1140890413980, QTAgent32.exe, Playback - [IMAGE] C:\Users\testuser\AppData\Local\Temp\UITestLogs\LastRun\RPFD67B.png
\0
W, 3240, 19, 2013/05/24, 09:32:06.223, 1140890415494, QTAgent32.exe, Playback - [WARNING] Internal warning: Couldn't find descendants that match QueryId
\0
W, 3240, 19, 2013/05/24, 09:32:06.223, 1140890417901, QTAgent32.exe, PERF WARNING: FindTopLevelWindowHelper::FindAllDescendents: took 18880 ms. Expected it to take maximum 500 ms.
W, 3240, 19, 2013/05/24, 09:32:09.533, 1140937799126, QTAgent32.exe, Playback - [WARNING] Internal warning: Smart Match failed
\0
W, 3240, 19, 2013/05/24, 09:32:10.950, 1140958089009, QTAgent32.exe, Playback - [WARNING] Internal warning: Window Not Found: [VisibleOnly]ControlType='Window' &amp;&amp; Name='Save the file as' &amp;&amp; ClassName='#32770'
\0
E, 3240, 19, 2013/05/24, 09:32:10.950, 1140958091335, QTAgent32.exe, &lt;a class=failure&gt;Playback - {90} [FAILED] Function ElementFetcher::FindScreenElement failed to locate UI element (Searching: ;[VisibleOnly]ControlType='Window' &amp;&amp; Name='Save the file as' &amp;&amp; ClassName='#32770') (The object specified was not found.)
\0&lt;/a&gt;
E, 3240, 19, 2013/05/24, 09:32:10.994, 1140958719989, QTAgent32.exe, Playback - [IMAGE] C:\Users\testuser\AppData\Local\Temp\UITestLogs\LastRun\RPFE922.png
\0
W, 3240, 19, 2013/05/24, 09:32:10.994, 1140958721545, QTAgent32.exe, Playback - [WARNING] Internal warning: Couldn't find descendants that match QueryId
\0
W, 3240, 19, 2013/05/24, 09:32:10.994, 1140958723884, QTAgent32.exe, PERF WARNING: FindTopLevelWindowHelper::FindAllDescendents: took 4770 ms. Expected it to take maximum 500 ms.
E, 3240, 19, 2013/05/24, 09:32:10.994, 1140958725673, QTAgent32.exe, Exception: System.Runtime.InteropServices.COMException
	Message: Error HRESULT E_FAIL has been returned from a call to a COM component.
	Stack Trace:    at Microsoft.VisualStudio.TestTools.UITest.Playback.Engine.IRPFPlayback.FindAllScreenElements(IScreenElement pScreenElementStart, String bstrQueryId, Object&amp; pvarResKeys, Int32 cResKeys, Int32 nMaxDepth, Object[]&amp; foundDescendants)
   at Microsoft.VisualStudio.TestTools.UITest.Playback.ScreenElement.FindTopLevelWindowHelper(String queryId)
	BaseExceptionMessage: Error HRESULT E_FAIL has been returned from a call to a COM component.

E, 3240, 19, 2013/05/24, 09:32:11.094, 1140960163175, QTAgent32.exe, AL: Playback Error: Microsoft.VisualStudio.TestTools.UITest.Extension.UITestControlNotFoundException: The playback failed to find the control with the given search properties. Additional Details: 
TechnologyName:  'MSAA'
ControlType:  'Window'
Name:  'Save the file as'
ClassName:  '#32770'
 ---&gt; System.Runtime.InteropServices.COMException: Error HRESULT E_FAIL has been returned from a call to a COM component.
   at Microsoft.VisualStudio.TestTools.UITest.Playback.Engine.IRPFPlayback.FindAllScreenElements(IScreenElement pScreenElementStart, String bstrQueryId, Object&amp; pvarResKeys, Int32 cResKeys, Int32 nMaxDepth, Object[]&amp; foundDescendants)
   at Microsoft.VisualStudio.TestTools.UITest.Playback.ScreenElement.FindTopLevelWindowHelper(String queryId)
   at Microsoft.VisualStudio.TestTools.UITest.Playback.ScreenElement.FindFromPartialQueryId(String queryId)
   at Microsoft.VisualStudio.TestTools.UITesting.UITestControl..ctor(String queryId)
   --- End of inner exception stack trace ---
   at Microsoft.VisualStudio.TestTools.UITesting.Playback.MapControlNotFoundException(COMException ex, IPlaybackContext context)
   at Microsoft.VisualStudio.TestTools.UITesting.Playback.MapAndThrowComException(COMException innerException, IPlaybackContext context)
   at Microsoft.VisualStudio.TestTools.UITesting.Playback.MapAndThrowException(SystemException exception, IPlaybackContext context)
   at Microsoft.VisualStudio.TestTools.UITesting.Playback.MapAndThrowException(SystemException exception, String queryId)
   at Microsoft.VisualStudio.TestTools.UITesting.UITestControl..ctor(String queryId)
   at Microsoft.VisualStudio.TestTools.UITesting.SearchHelper.SearchTopLevelWindow(ISearchArgument topLevelSearchArg, String topLevelElementQueryId)
   at Microsoft.VisualStudio.TestTools.UITesting.SearchHelper.GetTitleUpdatedTopLevelWindow(ISearchArgument topLevelSearchArg, String queryId, IList`1 windowTitles)
   at Microsoft.VisualStudio.TestTools.UITesting.SearchHelper.GetTopLevelElement(Boolean useCache, Boolean useCacheOnly, ISearchArgument searchArg, IList`1 windowTitles, Int32&amp; timeLeft)
   at Microsoft.VisualStudio.TestTools.UITesting.SearchHelper.GetElement(Boolean useCache, ISearchArgument searchArg)
   at Microsoft.VisualStudio.TestTools.UITesting.SearchHelper.Search(ISearchArgument searchArg)
   at Microsoft.VisualStudio.TestTools.UITesting.UITestControl.FindInternal()
   at Microsoft.VisualStudio.TestTools.UITesting.UITestControl.FindControlIfNecessary()
   at Microsoft.VisualStudio.TestTools.UITesting.UITestControl.Click(MouseButtons button, ModifierKeys modifierKeys, Point relativeCoordinates)
   at Microsoft.VisualStudio.TestTools.UITesting.Mouse.ClickImplementation(UITestControl control, MouseButtons button, ModifierKeys modifierKeys, Point relativeCoordinate)
   at Microsoft.VisualStudio.TestTools.UITesting.Mouse.ClickImplementationWrapper(UITestControl control, MouseButtons button, ModifierKeys modifierKeys, Point relativeCoordinate)
W, 3240, 19, 2013/05/24, 09:32:11.095, 1140960165016, QTAgent32.exe, PlaybackErrorHandler: Ignoring exception as ContinueOnError is set.
W, 3240, 19, 2013/05/24, 09:32:11.456, 1140965347495, QTAgent32.exe, &lt;a class=success&gt;Playback - {91} [SUCCESS] MouseButtonClick - "[MSAA, VisibleOnly]ControlType='Button' &amp;&amp; Name='OK'"
\0&lt;/a&gt;
W, 3240, 19, 2013/05/24, 09:32:11.772, 1140969871579, QTAgent32.exe, &lt;a class=success&gt;Playback - {92} [SUCCESS] MouseButtonClick - "[MSAA, VisibleOnly]ControlType='Button' &amp;&amp; Name='Ok'"
\0&lt;/a&gt;
W, 3240, 19, 2013/05/24, 09:32:12.035, 1140973630089, QTAgent32.exe, &lt;a class=success&gt;Playback - {93} [SUCCESS] MouseButtonClick - "[MSAA, VisibleOnly]ControlType='Button' &amp;&amp; Name='Ok'"
\0&lt;/a&gt;
W, 3240, 19, 2013/05/24, 09:32:12.411, 1140979008470, QTAgent32.exe, &lt;a class=success&gt;Playback - {94} [SUCCESS] SetValueAsEditBox "B338TH" - "[MSAA, VisibleOnly]ControlType='Edit'"  &lt; Set via SendKeys &gt;
\0&lt;/a&gt;
W, 3240, 19, 2013/05/24, 09:32:14.636, 1141010873948, QTAgent32.exe, &lt;a class=success&gt;Playback - {95} [SUCCESS] MouseButtonClick - "[MSAA, VisibleOnly]ControlType='Button' &amp;&amp; Name='Lookup...'"
\0&lt;/a&gt;
W, 3240, 19, 2013/05/24, 09:32:14.874, 1141014274572, QTAgent32.exe, &lt;a class=success&gt;Playback - {96} [SUCCESS] MouseButtonClick - "[MSAA, VisibleOnly]ControlType='Button' &amp;&amp; Name='Ok'"
\0&lt;/a&gt;
W, 3240, 19, 2013/05/24, 09:32:15.166, 1141018465451, QTAgent32.exe, &lt;a class=success&gt;Playback - {97} [SUCCESS] MouseButtonClick - "[MSAA, VisibleOnly]ControlType='Button' &amp;&amp; Name='Confirm'"
\0&lt;/a&gt;
W, 3240, 19, 2013/05/24, 09:32:37.842, 1141343131810, QTAgent32.exe, Playback - [WARNING] Internal warning: Window Not Found: [VisibleOnly]ControlType='Window' &amp;&amp; Name='Personal Lines' &amp;&amp; ClassName='#32770'
\0
E, 3240, 19, 2013/05/24, 09:32:37.842, 1141343134149, QTAgent32.exe, &lt;a class=failure&gt;Playback - {98} [FAILED] Function ElementFetcher::FindScreenElement failed to locate UI element (Searching: ;[VisibleOnly]ControlType='Window' &amp;&amp; Name='Personal Lines' &amp;&amp; ClassName='#32770') (The object specified was not found.)
\0&lt;/a&gt;
E, 3240, 19, 2013/05/24, 09:32:37.887, 1141343778124, QTAgent32.exe, Playback - [IMAGE] C:\Users\testuser\AppData\Local\Temp\UITestLogs\LastRun\RPF5232.png
\0
W, 3240, 19, 2013/05/24, 09:32:37.887, 1141343779720, QTAgent32.exe, Playback - [WARNING] Internal warning: Couldn't find descendants that match QueryId
\0
W, 3240, 19, 2013/05/24, 09:32:37.887, 1141343782177, QTAgent32.exe, PERF WARNING: FindTopLevelWindowHelper::FindAllDescendents: took 22620 ms. Expected it to take maximum 500 ms.
W, 3240, 19, 2013/05/24, 09:32:56.725, 1141613500771, QTAgent32.exe, Playback - [WARNING] Internal warning: Window Not Found: [VisibleOnly]ControlType='Window' &amp;&amp; Name='Personal Lines' &amp;&amp; ClassName='#32770'
\0
E, 3240, 19, 2013/05/24, 09:32:56.725, 1141613503137, QTAgent32.exe, &lt;a class=failure&gt;Playback - {99} [FAILED] Function ElementFetcher::FindScreenElement failed to locate UI element (Searching: ;[VisibleOnly]ControlType='Window' &amp;&amp; Name='Personal Lines' &amp;&amp; ClassName='#32770') (The object specified was not found.)
\0&lt;/a&gt;
E, 3240, 19, 2013/05/24, 09:32:56.771, 1141614160844, QTAgent32.exe, Playback - [IMAGE] C:\Users\testuser\AppData\Local\Temp\UITestLogs\LastRun\RPF9BFE.png
\0
W, 3240, 19, 2013/05/24, 09:32:56.771, 1141614162355, QTAgent32.exe, Playback - [WARNING] Internal warning: Couldn't find descendants that match QueryId
\0
W, 3240, 19, 2013/05/24, 09:32:56.771, 1141614164768, QTAgent32.exe, PERF WARNING: FindTopLevelWindowHelper::FindAllDescendents: took 18883 ms. Expected it to take maximum 500 ms.
W, 3240, 19, 2013/05/24, 09:33:00.051, 1141661130286, QTAgent32.exe, Playback - [WARNING] Internal warning: Smart Match failed
\0
W, 3240, 19, 2013/05/24, 09:33:01.468, 1141681420295, QTAgent32.exe, Playback - [WARNING] Internal warning: Window Not Found: [VisibleOnly]ControlType='Window' &amp;&amp; Name='Personal Lines' &amp;&amp; ClassName='#32770'
\0
E, 3240, 19, 2013/05/24, 09:33:01.468, 1141681422624, QTAgent32.exe, &lt;a class=failure&gt;Playback - {100} [FAILED] Function ElementFetcher::FindScreenElement failed to locate UI element (Searching: ;[VisibleOnly]ControlType='Window' &amp;&amp; Name='Personal Lines' &amp;&amp; ClassName='#32770') (The object specified was not found.)
\0&lt;/a&gt;
E, 3240, 19, 2013/05/24, 09:33:01.510, 1141682018915, QTAgent32.exe, Playback - [IMAGE] C:\Users\testuser\AppData\Local\Temp\UITestLogs\LastRun\RPFAE86.png
\0
W, 3240, 19, 2013/05/24, 09:33:01.510, 1141682020420, QTAgent32.exe, Playback - [WARNING] Internal warning: Couldn't find descendants that match QueryId
\0
W, 3240, 19, 2013/05/24, 09:33:01.510, 1141682023107, QTAgent32.exe, PERF WARNING: FindTopLevelWindowHelper::FindAllDescendents: took 4739 ms. Expected it to take maximum 500 ms.
E, 3240, 19, 2013/05/24, 09:33:01.510, 1141682024795, QTAgent32.exe, Exception: System.Runtime.InteropServices.COMException
	Message: Error HRESULT E_FAIL has been returned from a call to a COM component.
	Stack Trace:    at Microsoft.VisualStudio.TestTools.UITest.Playback.Engine.IRPFPlayback.FindAllScreenElements(IScreenElement pScreenElementStart, String bstrQueryId, Object&amp; pvarResKeys, Int32 cResKeys, Int32 nMaxDepth, Object[]&amp; foundDescendants)
   at Microsoft.VisualStudio.TestTools.UITest.Playback.ScreenElement.FindTopLevelWindowHelper(String queryId)
	BaseExceptionMessage: Error HRESULT E_FAIL has been returned from a call to a COM component.

E, 3240, 19, 2013/05/24, 09:33:01.510, 1141682028159, QTAgent32.exe, GetClassName for handle 2360814 failed
E, 3240, 19, 2013/05/24, 09:33:01.511, 1141682036658, QTAgent32.exe, Window 2360814 not responding. Last Win32 error 1400
E, 3240, 19, 2013/05/24, 09:33:01.511, 1141682037666, QTAgent32.exe, GetClassName for handle 2360814 failed
E, 3240, 19, 2013/05/24, 09:33:01.511, 1141682041172, QTAgent32.exe, Window 1967810 not responding. Last Win32 error 1400
E, 3240, 19, 2013/05/24, 09:33:01.511, 1141682041968, QTAgent32.exe, GetClassName for handle 1967810 failed
E, 3240, 19, 2013/05/24, 09:33:01.612, 1141683480757, QTAgent32.exe, AL: Playback Error: Microsoft.VisualStudio.TestTools.UITest.Extension.UITestControlNotAvailableException: The control is not available or not valid. Additional Details: 
TechnologyName:  'MSAA'
Name:  'OK'
ControlType:  'Button'
 ---&gt; Microsoft.VisualStudio.TestTools.UITest.Extension.UITestControlNotAvailableException: The control is not available or not valid. Additional Details: 
TechnologyName:  'MSAA'
ControlType:  'Window'
 ---&gt; System.Runtime.InteropServices.COMException: Error HRESULT E_FAIL has been returned from a call to a COM component.
   at Microsoft.VisualStudio.TestTools.UITest.Playback.Engine.IRPFPlayback.FindAllScreenElements(IScreenElement pScreenElementStart, String bstrQueryId, Object&amp; pvarResKeys, Int32 cResKeys, Int32 nMaxDepth, Object[]&amp; foundDescendants)
   at Microsoft.VisualStudio.TestTools.UITest.Playback.ScreenElement.FindTopLevelWindowHelper(String queryId)
   at Microsoft.VisualStudio.TestTools.UITest.Playback.ScreenElement.FindFromPartialQueryId(String queryId)
   at Microsoft.VisualStudio.TestTools.UITesting.UITestControl.EnsureValid(Boolean waitForReady, Boolean refetch)
   --- End of inner exception stack trace ---
   at Microsoft.VisualStudio.TestTools.UITesting.UITestControl.EnsureValid(Boolean waitForReady, Boolean refetch)
   at Microsoft.VisualStudio.TestTools.UITesting.UITestControl.FindFirstDescendant(String queryId, Int32 maxDepth, Int32&amp; timeLeft)
   at Microsoft.VisualStudio.TestTools.UITesting.UITestControl.FindFirstDescendant(String queryId)
   at Microsoft.VisualStudio.TestTools.UITesting.UITestControl.EnsureValid(Boolean waitForReady, Boolean refetch)
   --- End of inner exception stack trace ---
   at Microsoft.VisualStudio.TestTools.UITesting.UITestControl.EnsureValid(Boolean waitForReady, Boolean refetch)
   at Microsoft.VisualStudio.TestTools.UITesting.UITestControl.Click(MouseButtons button, ModifierKeys modifierKeys, Point relativeCoordinates)
   at Microsoft.VisualStudio.TestTools.UITesting.Mouse.ClickImplementation(UITestControl control, MouseButtons button, ModifierKeys modifierKeys, Point relativeCoordinate)
   at Microsoft.VisualStudio.TestTools.UITesting.Mouse.ClickImplementationWrapper(UITestControl control, MouseButtons button, ModifierKeys modifierKeys, Point relativeCoordinate)
W, 3240, 19, 2013/05/24, 09:33:01.612, 1141683482363, QTAgent32.exe, PlaybackErrorHandler: Ignoring exception as ContinueOnError is set.
W, 3240, 19, 2013/05/24, 09:33:01.739, 1141685300812, QTAgent32.exe, &lt;a class=success&gt;Playback - {101} [SUCCESS] Check - "[MSAA, VisibleOnly]ControlType='CheckBox' &amp;&amp; Name='Defer Printing?'"
\0&lt;/a&gt;
W, 3240, 19, 2013/05/24, 09:33:02.061, 1141689909025, QTAgent32.exe, &lt;a class=success&gt;Playback - {102} [SUCCESS] MouseButtonClick - "[MSAA, VisibleOnly]ControlType='Button' &amp;&amp; Name='Ok'"
\0&lt;/a&gt;
W, 3240, 19, 2013/05/24, 09:33:02.938, 1141702470498, QTAgent32.exe, PERF WARNING: FindTopLevelWindowHelper::FindAllDescendents: took 777 ms. Expected it to take maximum 500 ms.
W, 3240, 19, 2013/05/24, 09:33:03.076, 1141704446604, QTAgent32.exe, &lt;a class=success&gt;Playback - {103} [SUCCESS] Uncheck - "[MSAA, VisibleOnly]ControlType='CheckBox' &amp;&amp; Name='Add Activity'"
\0&lt;/a&gt;
W, 3240, 19, 2013/05/24, 09:33:03.426, 1141709459318, QTAgent32.exe, &lt;a class=success&gt;Playback - {104} [SUCCESS] MouseButtonClick - "[MSAA, VisibleOnly]ControlType='Button' &amp;&amp; Name='Ok'"
\0&lt;/a&gt;
W, 3240, 19, 2013/05/24, 09:33:03.657, 1141712762763, QTAgent32.exe, &lt;a class=success&gt;Playback - {105} [SUCCESS] MouseButtonClick - "[MSAA, VisibleOnly]ControlType='Button' &amp;&amp; Name='Ok'"
\0&lt;/a&gt;
W, 3240, 19, 2013/05/24, 09:33:07.205, 1141763565862, QTAgent32.exe, Playback - [WARNING] Internal warning: Window Not Found: [VisibleOnly]ControlType='Window' &amp;&amp; Name='Transaction to insert' &amp;&amp; ClassName='TfSelectItem'
\0
E, 3240, 19, 2013/05/24, 09:33:07.205, 1141763568278, QTAgent32.exe, &lt;a class=failure&gt;Playback - {106} [FAILED] Function ElementFetcher::FindScreenElement failed to locate UI element (Searching: ;[VisibleOnly]ControlType='Window' &amp;&amp; Name='Transaction to insert' &amp;&amp; ClassName='TfSelectItem') (The object specified was not found.)
\0&lt;/a&gt;
E, 3240, 19, 2013/05/24, 09:33:07.247, 1141764161134, QTAgent32.exe, Playback - [IMAGE] C:\Users\testuser\AppData\Local\Temp\UITestLogs\LastRun\RPFC4E4.png
\0
W, 3240, 19, 2013/05/24, 09:33:07.247, 1141764162706, QTAgent32.exe, Playback - [WARNING] Internal warning: Couldn't find descendants that match QueryId
\0
W, 3240, 19, 2013/05/24, 09:33:07.247, 1141764165128, QTAgent32.exe, PERF WARNING: FindTopLevelWindowHelper::FindAllDescendents: took 3482 ms. Expected it to take maximum 500 ms.
W, 3240, 19, 2013/05/24, 09:33:25.491, 1142025392406, QTAgent32.exe, Playback - [WARNING] Internal warning: Window Not Found: [VisibleOnly]ControlType='Window' &amp;&amp; Name='Transaction to insert' &amp;&amp; ClassName='TfSelectItem'
\0
E, 3240, 19, 2013/05/24, 09:33:25.492, 1142025394769, QTAgent32.exe, &lt;a class=failure&gt;Playback - {107} [FAILED] Function ElementFetcher::FindScreenElement failed to locate UI element (Searching: ;[VisibleOnly]ControlType='Window' &amp;&amp; Name='Transaction to insert' &amp;&amp; ClassName='TfSelectItem') (The object specified was not found.)
\0&lt;/a&gt;
E, 3240, 19, 2013/05/24, 09:33:25.534, 1142026006045, QTAgent32.exe, Playback - [IMAGE] C:\Users\testuser\AppData\Local\Temp\UITestLogs\LastRun\RPFC60.png
\0
W, 3240, 19, 2013/05/24, 09:33:25.534, 1142026007547, QTAgent32.exe, Playback - [WARNING] Internal warning: Couldn't find descendants that match QueryId
\0
W, 3240, 19, 2013/05/24, 09:33:25.535, 1142026010272, QTAgent32.exe, PERF WARNING: FindTopLevelWindowHelper::FindAllDescendents: took 18287 ms. Expected it to take maximum 500 ms.
W, 3240, 19, 2013/05/24, 09:33:26.258, 1142036364472, QTAgent32.exe, Playback - [WARNING] Internal warning: Smart Match failed
\0
W, 3240, 19, 2013/05/24, 09:33:26.851, 1142044862140, QTAgent32.exe, Playback - [WARNING] Internal warning: Smart Match failed
\0
W, 3240, 19, 2013/05/24, 09:33:27.434, 1142053204075, QTAgent32.exe, Playback - [WARNING] Internal warning: Smart Match failed
\0
W, 3240, 19, 2013/05/24, 09:33:28.020, 1142061594914, QTAgent32.exe, Playback - [WARNING] Internal warning: Smart Match failed
\0
W, 3240, 19, 2013/05/24, 09:33:28.607, 1142070001721, QTAgent32.exe, Playback - [WARNING] Internal warning: Smart Match failed
\0
W, 3240, 19, 2013/05/24, 09:33:28.886, 1142073999901, QTAgent32.exe, Playback - [WARNING] Internal warning: Window Not Found: [VisibleOnly]ControlType='Window' &amp;&amp; Name='Transaction to insert' &amp;&amp; ClassName='TfSelectItem'
\0
E, 3240, 19, 2013/05/24, 09:33:28.886, 1142074002253, QTAgent32.exe, &lt;a class=failure&gt;Playback - {108} [FAILED] Function ElementFetcher::FindScreenElement failed to locate UI element (Searching: ;[VisibleOnly]ControlType='Window' &amp;&amp; Name='Transaction to insert' &amp;&amp; ClassName='TfSelectItem') (The object specified was not found.)
\0&lt;/a&gt;
E, 3240, 19, 2013/05/24, 09:33:28.930, 1142074624020, QTAgent32.exe, Playback - [IMAGE] C:\Users\testuser\AppData\Local\Temp\UITestLogs\LastRun\RPF199A.png
\0
W, 3240, 19, 2013/05/24, 09:33:28.930, 1142074625772, QTAgent32.exe, Playback - [WARNING] Internal warning: Couldn't find descendants that match QueryId
\0
W, 3240, 19, 2013/05/24, 09:33:28.930, 1142074628145, QTAgent32.exe, PERF WARNING: FindTopLevelWindowHelper::FindAllDescendents: took 3395 ms. Expected it to take maximum 500 ms.
E, 3240, 19, 2013/05/24, 09:33:28.930, 1142074629717, QTAgent32.exe, Exception: System.Runtime.InteropServices.COMException
	Message: Error HRESULT E_FAIL has been returned from a call to a COM component.
	Stack Trace:    at Microsoft.VisualStudio.TestTools.UITest.Playback.Engine.IRPFPlayback.FindAllScreenElements(IScreenElement pScreenElementStart, String bstrQueryId, Object&amp; pvarResKeys, Int32 cResKeys, Int32 nMaxDepth, Object[]&amp; foundDescendants)
   at Microsoft.VisualStudio.TestTools.UITest.Playback.ScreenElement.FindTopLevelWindowHelper(String queryId)
	BaseExceptionMessage: Error HRESULT E_FAIL has been returned from a call to a COM component.

E, 3240, 19, 2013/05/24, 09:33:28.930, 1142074632068, QTAgent32.exe, Window 2360996 not responding. Last Win32 error 0
E, 3240, 19, 2013/05/24, 09:33:28.931, 1142074633112, QTAgent32.exe, GetClassName for handle 2360996 failed
E, 3240, 19, 2013/05/24, 09:33:28.931, 1142074636853, QTAgent32.exe, Window 2098872 not responding. Last Win32 error 1400
E, 3240, 19, 2013/05/24, 09:33:28.931, 1142074637616, QTAgent32.exe, GetClassName for handle 2098872 failed
E, 3240, 19, 2013/05/24, 09:33:29.031, 1142076069799, QTAgent32.exe, AL: Playback Error: Microsoft.VisualStudio.TestTools.UITest.Extension.UITestControlNotAvailableException: The control is not available or not valid. Additional Details: 
TechnologyName:  'MSAA'
Name:  'Ok'
ControlType:  'Button'
 ---&gt; Microsoft.VisualStudio.TestTools.UITest.Extension.UITestControlNotAvailableException: The control is not available or not valid. Additional Details: 
TechnologyName:  'MSAA'
Name:  'Transaction to insert'
ClassName:  'TfSelectItem'
ControlType:  'Window'
 ---&gt; System.Runtime.InteropServices.COMException: Error HRESULT E_FAIL has been returned from a call to a COM component.
   at Microsoft.VisualStudio.TestTools.UITest.Playback.Engine.IRPFPlayback.FindAllScreenElements(IScreenElement pScreenElementStart, String bstrQueryId, Object&amp; pvarResKeys, Int32 cResKeys, Int32 nMaxDepth, Object[]&amp; foundDescendants)
   at Microsoft.VisualStudio.TestTools.UITest.Playback.ScreenElement.FindTopLevelWindowHelper(String queryId)
   at Microsoft.VisualStudio.TestTools.UITest.Playback.ScreenElement.FindFromPartialQueryId(String queryId)
   at Microsoft.VisualStudio.TestTools.UITesting.UITestControl.EnsureValid(Boolean waitForReady, Boolean refetch)
   --- End of inner exception stack trace ---
   at Microsoft.VisualStudio.TestTools.UITesting.UITestControl.EnsureValid(Boolean waitForReady, Boolean refetch)
   at Microsoft.VisualStudio.TestTools.UITesting.UITestControl.FindFirstDescendant(String queryId, Int32 maxDepth, Int32&amp; timeLeft)
   at Microsoft.VisualStudio.TestTools.UITesting.UITestControl.FindFirstDescendant(String queryId)
   at Microsoft.VisualStudio.TestTools.UITesting.UITestControl.EnsureValid(Boolean waitForReady, Boolean refetch)
   --- End of inner exception stack trace ---
   at Microsoft.VisualStudio.TestTools.UITesting.UITestControl.EnsureValid(Boolean waitForReady, Boolean refetch)
   at Microsoft.VisualStudio.TestTools.UITesting.UITestControl.Click(MouseButtons button, ModifierKeys modifierKeys, Point relativeCoordinates)
   at Microsoft.VisualStudio.TestTools.UITesting.Mouse.ClickImplementation(UITestControl control, MouseButtons button, ModifierKeys modifierKeys, Point relativeCoordinate)
   at Microsoft.VisualStudio.TestTools.UITesting.Mouse.ClickImplementationWrapper(UITestControl control, MouseButtons button, ModifierKeys modifierKeys, Point relativeCoordinate)
W, 3240, 19, 2013/05/24, 09:33:29.031, 1142076070966, QTAgent32.exe, PlaybackErrorHandler: Ignoring exception as ContinueOnError is set.
W, 3240, 19, 2013/05/24, 09:33:31.166, 1142106639857, QTAgent32.exe, &lt;a class=success&gt;Playback - {109} [SUCCESS] MouseButtonClick - "[MSAA, VisibleOnly]ControlType='Button' &amp;&amp; Name='OK'"
\0&lt;/a&gt;
W, 3240, 19, 2013/05/24, 09:33:31.417, 1142110227186, QTAgent32.exe, &lt;a class=success&gt;Playback - {110} [SUCCESS] MouseButtonClick - "[MSAA, VisibleOnly]ControlType='Button' &amp;&amp; Name='Cancel'"
\0&lt;/a&gt;
W, 3240, 19, 2013/05/24, 09:33:31.774, 1142115340237, QTAgent32.exe, &lt;a class=success&gt;Playback - {111} [SUCCESS] MouseButtonClick - "[MSAA, VisibleOnly]ControlType='Button'"
\0&lt;/a&gt;
W, 3240, 19, 2013/05/24, 09:33:32.158, 1142120837031, QTAgent32.exe, &lt;a class=success&gt;Playback - {112} [SUCCESS] MouseButtonClick - "[MSAA, VisibleOnly]ControlType='Button' &amp;&amp; Name='Detail'"
\0&lt;/a&gt;
W, 3240, 19, 2013/05/24, 09:33:32.389, 1142124157588, QTAgent32.exe, &lt;a class=success&gt;Playback - {113} [SUCCESS] MouseButtonClick - "[MSAA, VisibleOnly]ControlType='Edit'"
\0&lt;/a&gt;
W, 3240, 19, 2013/05/24, 09:33:35.556, 1142169498860, QTAgent32.exe, Playback - [WARNING] Internal warning: Window Not Found: [VisibleOnly]ControlType='Window' &amp;&amp; Name='Connect to www.insur-econnect.com'
\0
E, 3240, 19, 2013/05/24, 09:33:35.556, 1142169500723, QTAgent32.exe, &lt;a class=failure&gt;Playback - {114} [FAILED] Function ElementFetcher::FindScreenElement failed to locate UI element (Searching: ;[VisibleOnly]ControlType='Window' &amp;&amp; Name='Connect to www.insur-econnect.com') (The object specified was not found.)
\0&lt;/a&gt;
E, 3240, 19, 2013/05/24, 09:33:35.597, 1142170083578, QTAgent32.exe, Playback - [IMAGE] C:\Users\testuser\AppData\Local\Temp\UITestLogs\LastRun\RPF33B0.png
\0
W, 3240, 19, 2013/05/24, 09:33:35.597, 1142170085107, QTAgent32.exe, Playback - [WARNING] Internal warning: Couldn't find descendants that match QueryId
\0
W, 3240, 19, 2013/05/24, 09:33:35.597, 1142170087460, QTAgent32.exe, PERF WARNING: FindTopLevelWindowHelper::FindAllDescendents: took 785 ms. Expected it to take maximum 500 ms.
W, 3240, 19, 2013/05/24, 09:33:53.767, 1142430251675, QTAgent32.exe, Playback - [WARNING] Internal warning: Window Not Found: [VisibleOnly]ControlType='Window' &amp;&amp; Name='Connect to www.insur-econnect.com'
\0
E, 3240, 19, 2013/05/24, 09:33:53.767, 1142430253486, QTAgent32.exe, &lt;a class=failure&gt;Playback - {115} [FAILED] Function ElementFetcher::FindScreenElement failed to locate UI element (Searching: ;[VisibleOnly]ControlType='Window' &amp;&amp; Name='Connect to www.insur-econnect.com') (The object specified was not found.)
\0&lt;/a&gt;
E, 3240, 19, 2013/05/24, 09:33:53.806, 1142430810359, QTAgent32.exe, Playback - [IMAGE] C:\Users\testuser\AppData\Local\Temp\UITestLogs\LastRun\RPF7ACE.png
\0
W, 3240, 19, 2013/05/24, 09:33:53.806, 1142430812631, QTAgent32.exe, Playback - [WARNING] Internal warning: Couldn't find descendants that match QueryId
\0
W, 3240, 19, 2013/05/24, 09:33:53.807, 1142430815507, QTAgent32.exe, PERF WARNING: FindTopLevelWindowHelper::FindAllDescendents: took 18209 ms. Expected it to take maximum 500 ms.
W, 3240, 19, 2013/05/24, 09:33:54.282, 1142437624227, QTAgent32.exe, Playback - [WARNING] Internal warning: Smart Match failed
\0
W, 3240, 19, 2013/05/24, 09:33:54.513, 1142440933718, QTAgent32.exe, Playback - [WARNING] Internal warning: Smart Match failed
\0
W, 3240, 19, 2013/05/24, 09:33:54.740, 1142444185591, QTAgent32.exe, Playback - [WARNING] Internal warning: Smart Match failed
\0
W, 3240, 19, 2013/05/24, 09:33:54.963, 1142447362116, QTAgent32.exe, Playback - [WARNING] Internal warning: Smart Match failed
\0
W, 3240, 19, 2013/05/24, 09:33:55.184, 1142450535021, QTAgent32.exe, Playback - [WARNING] Internal warning: Smart Match failed
\0
W, 3240, 19, 2013/05/24, 09:33:55.411, 1142453782698, QTAgent32.exe, Playback - [WARNING] Internal warning: Smart Match failed
\0
W, 3240, 19, 2013/05/24, 09:33:55.639, 1142457044196, QTAgent32.exe, Playback - [WARNING] Internal warning: Smart Match failed
\0
W, 3240, 19, 2013/05/24, 09:33:55.869, 1142460347900, QTAgent32.exe, Playback - [WARNING] Internal warning: Smart Match failed
\0
W, 3240, 19, 2013/05/24, 09:33:56.095, 1142463575568, QTAgent32.exe, Playback - [WARNING] Internal warning: Smart Match failed
\0
W, 3240, 19, 2013/05/24, 09:33:56.320, 1142466794127, QTAgent32.exe, Playback - [WARNING] Internal warning: Smart Match failed
\0
W, 3240, 19, 2013/05/24, 09:33:56.543, 1142469995152, QTAgent32.exe, Playback - [WARNING] Internal warning: Smart Match failed
\0
W, 3240, 19, 2013/05/24, 09:33:56.770, 1142473241652, QTAgent32.exe, Playback - [WARNING] Internal warning: Smart Match failed
\0
W, 3240, 19, 2013/05/24, 09:33:56.889, 1142474944326, QTAgent32.exe, Playback - [WARNING] Internal warning: Window Not Found: [VisibleOnly]ControlType='Window' &amp;&amp; Name='Connect to www.insur-econnect.com'
\0
E, 3240, 19, 2013/05/24, 09:33:56.889, 1142474946150, QTAgent32.exe, &lt;a class=failure&gt;Playback - {116} [FAILED] Function ElementFetcher::FindScreenElement failed to locate UI element (Searching: ;[VisibleOnly]ControlType='Window' &amp;&amp; Name='Connect to www.insur-econnect.com') (The object specified was not found.)
\0&lt;/a&gt;
E, 3240, 19, 2013/05/24, 09:33:56.926, 1142475477314, QTAgent32.exe, Playback - [IMAGE] C:\Users\testuser\AppData\Local\Temp\UITestLogs\LastRun\RPF86FF.png
\0
W, 3240, 19, 2013/05/24, 09:33:56.926, 1142475479098, QTAgent32.exe, Playback - [WARNING] Internal warning: Couldn't find descendants that match QueryId
\0
W, 3240, 19, 2013/05/24, 09:33:56.926, 1142475481523, QTAgent32.exe, PERF WARNING: FindTopLevelWindowHelper::FindAllDescendents: took 3119 ms. Expected it to take maximum 500 ms.
E, 3240, 19, 2013/05/24, 09:33:56.926, 1142475483105, QTAgent32.exe, Exception: System.Runtime.InteropServices.COMException
	Message: Error HRESULT E_FAIL has been returned from a call to a COM component.
	Stack Trace:    at Microsoft.VisualStudio.TestTools.UITest.Playback.Engine.IRPFPlayback.FindAllScreenElements(IScreenElement pScreenElementStart, String bstrQueryId, Object&amp; pvarResKeys, Int32 cResKeys, Int32 nMaxDepth, Object[]&amp; foundDescendants)
   at Microsoft.VisualStudio.TestTools.UITest.Playback.ScreenElement.FindTopLevelWindowHelper(String queryId)
	BaseExceptionMessage: Error HRESULT E_FAIL has been returned from a call to a COM component.

W, 3240, 19, 2013/05/24, 09:33:57.649, 1142485828899, QTAgent32.exe, Playback - [WARNING] Internal warning: Window Not Found: [VisibleOnly]ControlType='Window' &amp;&amp; Name='Windows Security'
\0
E, 3240, 19, 2013/05/24, 09:33:57.649, 1142485830688, QTAgent32.exe, &lt;a class=failure&gt;Playback - {117} [FAILED] Function ElementFetcher::FindScreenElement failed to locate UI element (Searching: ;[VisibleOnly]ControlType='Window' &amp;&amp; Name='Windows Security') (The object specified was not found.)
\0&lt;/a&gt;
E, 3240, 19, 2013/05/24, 09:33:57.686, 1142486354664, QTAgent32.exe, Playback - [IMAGE] C:\Users\testuser\AppData\Local\Temp\UITestLogs\LastRun\RPF89FD.png
\0
W, 3240, 19, 2013/05/24, 09:33:57.686, 1142486356213, QTAgent32.exe, Playback - [WARNING] Internal warning: Couldn't find descendants that match QueryId
\0
W, 3240, 19, 2013/05/24, 09:33:57.686, 1142486358627, QTAgent32.exe, PERF WARNING: FindTopLevelWindowHelper::FindAllDescendents: took 759 ms. Expected it to take maximum 500 ms.
W, 3240, 19, 2013/05/24, 09:34:15.816, 1142745944203, QTAgent32.exe, Playback - [WARNING] Internal warning: Window Not Found: [VisibleOnly]ControlType='Window' &amp;&amp; Name='Windows Security'
\0
E, 3240, 19, 2013/05/24, 09:34:15.816, 1142745946167, QTAgent32.exe, &lt;a class=failure&gt;Playback - {118} [FAILED] Function ElementFetcher::FindScreenElement failed to locate UI element (Searching: ;[VisibleOnly]ControlType='Window' &amp;&amp; Name='Windows Security') (The object specified was not found.)
\0&lt;/a&gt;
E, 3240, 19, 2013/05/24, 09:34:15.860, 1142746573323, QTAgent32.exe, Playback - [IMAGE] C:\Users\testuser\AppData\Local\Temp\UITestLogs\LastRun\RPFD0EC.png
\0
W, 3240, 19, 2013/05/24, 09:34:15.860, 1142746574798, QTAgent32.exe, Playback - [WARNING] Internal warning: Couldn't find descendants that match QueryId
\0
W, 3240, 19, 2013/05/24, 09:34:15.860, 1142746577301, QTAgent32.exe, PERF WARNING: FindTopLevelWindowHelper::FindAllDescendents: took 18173 ms. Expected it to take maximum 500 ms.
W, 3240, 19, 2013/05/24, 09:34:16.315, 1142753094247, QTAgent32.exe, Playback - [WARNING] Internal warning: Smart Match failed
\0
W, 3240, 19, 2013/05/24, 09:34:16.537, 1142756274082, QTAgent32.exe, Playback - [WARNING] Internal warning: Smart Match failed
\0
W, 3240, 19, 2013/05/24, 09:34:16.760, 1142759463247, QTAgent32.exe, Playback - [WARNING] Internal warning: Smart Match failed
\0
W, 3240, 19, 2013/05/24, 09:34:16.982, 1142762648699, QTAgent32.exe, Playback - [WARNING] Internal warning: Smart Match failed
\0
W, 3240, 19, 2013/05/24, 09:34:17.208, 1142765875281, QTAgent32.exe, Playback - [WARNING] Internal warning: Smart Match failed
\0
W, 3240, 19, 2013/05/24, 09:34:17.425, 1142768993464, QTAgent32.exe, Playback - [WARNING] Internal warning: Smart Match failed
\0
W, 3240, 19, 2013/05/24, 09:34:17.655, 1142772286354, QTAgent32.exe, Playback - [WARNING] Internal warning: Smart Match failed
\0
W, 3240, 19, 2013/05/24, 09:34:17.881, 1142775521460, QTAgent32.exe, Playback - [WARNING] Internal warning: Smart Match failed
\0
W, 3240, 19, 2013/05/24, 09:34:18.107, 1142778749178, QTAgent32.exe, Playback - [WARNING] Internal warning: Smart Match failed
\0
W, 3240, 19, 2013/05/24, 09:34:18.331, 1142781956707, QTAgent32.exe, Playback - [WARNING] Internal warning: Smart Match failed
\0
W, 3240, 19, 2013/05/24, 09:34:18.554, 1142785148773, QTAgent32.exe, Playback - [WARNING] Internal warning: Smart Match failed
\0
W, 3240, 19, 2013/05/24, 09:34:18.782, 1142788413983, QTAgent32.exe, Playback - [WARNING] Internal warning: Smart Match failed
\0
W, 3240, 19, 2013/05/24, 09:34:18.900, 1142790106592, QTAgent32.exe, Playback - [WARNING] Internal warning: Window Not Found: [VisibleOnly]ControlType='Window' &amp;&amp; Name='Windows Security'
\0
E, 3240, 19, 2013/05/24, 09:34:18.900, 1142790108408, QTAgent32.exe, &lt;a class=failure&gt;Playback - {119} [FAILED] Function ElementFetcher::FindScreenElement failed to locate UI element (Searching: ;[VisibleOnly]ControlType='Window' &amp;&amp; Name='Windows Security') (The object specified was not found.)
\0&lt;/a&gt;
E, 3240, 19, 2013/05/24, 09:34:18.939, 1142790655095, QTAgent32.exe, Playback - [IMAGE] C:\Users\testuser\AppData\Local\Temp\UITestLogs\LastRun\RPFDCFE.png
\0
W, 3240, 19, 2013/05/24, 09:34:18.939, 1142790656705, QTAgent32.exe, Playback - [WARNING] Internal warning: Couldn't find descendants that match QueryId
\0
W, 3240, 19, 2013/05/24, 09:34:18.939, 1142790659095, QTAgent32.exe, PERF WARNING: FindTopLevelWindowHelper::FindAllDescendents: took 3078 ms. Expected it to take maximum 500 ms.
E, 3240, 19, 2013/05/24, 09:34:18.939, 1142790660717, QTAgent32.exe, Exception: System.Runtime.InteropServices.COMException
	Message: Error HRESULT E_FAIL has been returned from a call to a COM component.
	Stack Trace:    at Microsoft.VisualStudio.TestTools.UITest.Playback.Engine.IRPFPlayback.FindAllScreenElements(IScreenElement pScreenElementStart, String bstrQueryId, Object&amp; pvarResKeys, Int32 cResKeys, Int32 nMaxDepth, Object[]&amp; foundDescendants)
   at Microsoft.VisualStudio.TestTools.UITest.Playback.ScreenElement.FindTopLevelWindowHelper(String queryId)
	BaseExceptionMessage: Error HRESULT E_FAIL has been returned from a call to a COM component.

E, 3240, 19, 2013/05/24, 09:34:19.039, 1142792100031, QTAgent32.exe, AL: Playback Error: Microsoft.VisualStudio.TestTools.UITest.Extension.UITestControlNotFoundException: The playback failed to find the control with the given search properties. Additional Details: 
TechnologyName:  'MSAA'
ControlType:  'Window'
Name:  'Windows Security'
 ---&gt; System.Runtime.InteropServices.COMException: Error HRESULT E_FAIL has been returned from a call to a COM component.
   at Microsoft.VisualStudio.TestTools.UITest.Playback.Engine.IRPFPlayback.FindAllScreenElements(IScreenElement pScreenElementStart, String bstrQueryId, Object&amp; pvarResKeys, Int32 cResKeys, Int32 nMaxDepth, Object[]&amp; foundDescendants)
   at Microsoft.VisualStudio.TestTools.UITest.Playback.ScreenElement.FindTopLevelWindowHelper(String queryId)
   at Microsoft.VisualStudio.TestTools.UITest.Playback.ScreenElement.FindFromPartialQueryId(String queryId)
   at Microsoft.VisualStudio.TestTools.UITesting.UITestControl..ctor(String queryId)
   --- End of inner exception stack trace ---
   at Microsoft.VisualStudio.TestTools.UITesting.Playback.MapControlNotFoundException(COMException ex, IPlaybackContext context)
   at Microsoft.VisualStudio.TestTools.UITesting.Playback.MapAndThrowComException(COMException innerException, IPlaybackContext context)
   at Microsoft.VisualStudio.TestTools.UITesting.Playback.MapAndThrowException(SystemException exception, IPlaybackContext context)
   at Microsoft.VisualStudio.TestTools.UITesting.Playback.MapAndThrowException(SystemException exception, String queryId)
   at Microsoft.VisualStudio.TestTools.UITesting.UITestControl..ctor(String queryId)
   at Microsoft.VisualStudio.TestTools.UITesting.SearchHelper.SearchTopLevelWindow(ISearchArgument topLevelSearchArg, String topLevelElementQueryId)
   at Microsoft.VisualStudio.TestTools.UITesting.SearchHelper.GetTitleUpdatedTopLevelWindow(ISearchArgument topLevelSearchArg, String queryId, IList`1 windowTitles)
   at Microsoft.VisualStudio.TestTools.UITesting.SearchHelper.GetTopLevelElement(Boolean useCache, Boolean useCacheOnly, ISearchArgument searchArg, IList`1 windowTitles, Int32&amp; timeLeft)
   at Microsoft.VisualStudio.TestTools.UITesting.SearchHelper.GetElement(Boolean useCache, ISearchArgument searchArg)
   at Microsoft.VisualStudio.TestTools.UITesting.SearchHelper.Search(ISearchArgument searchArg)
   at Microsoft.VisualStudio.TestTools.UITesting.UITestControl.FindInternal()
   at Microsoft.VisualStudio.TestTools.UITesting.UITestControl.FindControlIfNecessary()
   at Microsoft.VisualStudio.TestTools.UITesting.UITestControl.SendKeys(String text, ModifierKeys modifierKeys, Boolean isEncoded, Boolean isUnicode)
   at Microsoft.VisualStudio.TestTools.UITesting.Keyboard.SendKeysImplementation(UITestControl control, String text, ModifierKeys modifierKeys, Boolean isEncoded, Boolean isUnicode)
   at Microsoft.VisualStudio.TestTools.UITesting.Keyboard.SendKeysImplementationWrapper(UITestControl control, String text, ModifierKeys modifierKeys, Boolean isEncoded, Boolean isUnicode)
W, 3240, 19, 2013/05/24, 09:34:19.040, 1142792102041, QTAgent32.exe, PlaybackErrorHandler: Ignoring exception as ContinueOnError is set.
W, 3240, 19, 2013/05/24, 09:34:19.744, 1142802191633, QTAgent32.exe, Playback - [WARNING] Internal warning: Window Not Found: [VisibleOnly]ControlType='Window' &amp;&amp; Name='Windows Security'
\0
E, 3240, 19, 2013/05/24, 09:34:19.744, 1142802193458, QTAgent32.exe, &lt;a class=failure&gt;Playback - {120} [FAILED] Function ElementFetcher::FindScreenElement failed to locate UI element (Searching: ;[VisibleOnly]ControlType='Window' &amp;&amp; Name='Windows Security') (The object specified was not found.)
\0&lt;/a&gt;
E, 3240, 19, 2013/05/24, 09:34:19.782, 1142802729946, QTAgent32.exe, Playback - [IMAGE] C:\Users\testuser\AppData\Local\Temp\UITestLogs\LastRun\RPFE049.png
\0
W, 3240, 19, 2013/05/24, 09:34:19.782, 1142802731531, QTAgent32.exe, Playback - [WARNING] Internal warning: Couldn't find descendants that match QueryId
\0
W, 3240, 19, 2013/05/24, 09:34:19.782, 1142802734160, QTAgent32.exe, PERF WARNING: FindTopLevelWindowHelper::FindAllDescendents: took 742 ms. Expected it to take maximum 500 ms.
W, 3240, 19, 2013/05/24, 09:34:37.853, 1143061483082, QTAgent32.exe, Playback - [WARNING] Internal warning: Window Not Found: [VisibleOnly]ControlType='Window' &amp;&amp; Name='Windows Security'
\0
E, 3240, 19, 2013/05/24, 09:34:37.853, 1143061485000, QTAgent32.exe, &lt;a class=failure&gt;Playback - {121} [FAILED] Function ElementFetcher::FindScreenElement failed to locate UI element (Searching: ;[VisibleOnly]ControlType='Window' &amp;&amp; Name='Windows Security') (The object specified was not found.)
\0&lt;/a&gt;
E, 3240, 19, 2013/05/24, 09:34:37.892, 1143062039993, QTAgent32.exe, Playback - [IMAGE] C:\Users\testuser\AppData\Local\Temp\UITestLogs\LastRun\RPF270A.png
\0
W, 3240, 19, 2013/05/24, 09:34:37.892, 1143062041656, QTAgent32.exe, Playback - [WARNING] Internal warning: Couldn't find descendants that match QueryId
\0
W, 3240, 19, 2013/05/24, 09:34:37.892, 1143062044002, QTAgent32.exe, PERF WARNING: FindTopLevelWindowHelper::FindAllDescendents: took 18110 ms. Expected it to take maximum 500 ms.
W, 3240, 19, 2013/05/24, 09:34:38.355, 1143068667945, QTAgent32.exe, Playback - [WARNING] Internal warning: Smart Match failed
\0
W, 3240, 19, 2013/05/24, 09:34:38.578, 1143071859706, QTAgent32.exe, Playback - [WARNING] Internal warning: Smart Match failed
\0
W, 3240, 19, 2013/05/24, 09:34:38.796, 1143074972764, QTAgent32.exe, Playback - [WARNING] Internal warning: Smart Match failed
\0
W, 3240, 19, 2013/05/24, 09:34:39.025, 1143078261196, QTAgent32.exe, Playback - [WARNING] Internal warning: Smart Match failed
\0
W, 3240, 19, 2013/05/24, 09:34:39.248, 1143081450056, QTAgent32.exe, Playback - [WARNING] Internal warning: Smart Match failed
\0
W, 3240, 19, 2013/05/24, 09:34:39.476, 1143084721511, QTAgent32.exe, Playback - [WARNING] Internal warning: Smart Match failed
\0
W, 3240, 19, 2013/05/24, 09:34:39.707, 1143088017309, QTAgent32.exe, Playback - [WARNING] Internal warning: Smart Match failed
\0
W, 3240, 19, 2013/05/24, 09:34:39.933, 1143091265974, QTAgent32.exe, Playback - [WARNING] Internal warning: Smart Match failed
\0
W, 3240, 19, 2013/05/24, 09:34:40.160, 1143094506184, QTAgent32.exe, Playback - [WARNING] Internal warning: Smart Match failed
\0
W, 3240, 19, 2013/05/24, 09:34:40.388, 1143097771172, QTAgent32.exe, Playback - [WARNING] Internal warning: Smart Match failed
\0
W, 3240, 19, 2013/05/24, 09:34:40.618, 1143101070241, QTAgent32.exe, Playback - [WARNING] Internal warning: Smart Match failed
\0
W, 3240, 19, 2013/05/24, 09:34:40.847, 1143104346842, QTAgent32.exe, Playback - [WARNING] Internal warning: Smart Match failed
\0
W, 3240, 19, 2013/05/24, 09:34:40.959, 1143105952188, QTAgent32.exe, Playback - [WARNING] Internal warning: Window Not Found: [VisibleOnly]ControlType='Window' &amp;&amp; Name='Windows Security'
\0
E, 3240, 19, 2013/05/24, 09:34:40.959, 1143105953839, QTAgent32.exe, &lt;a class=failure&gt;Playback - {122} [FAILED] Function ElementFetcher::FindScreenElement failed to locate UI element (Searching: ;[VisibleOnly]ControlType='Window' &amp;&amp; Name='Windows Security') (The object specified was not found.)
\0&lt;/a&gt;
E, 3240, 19, 2013/05/24, 09:34:40.997, 1143106494005, QTAgent32.exe, Playback - [IMAGE] C:\Users\testuser\AppData\Local\Temp\UITestLogs\LastRun\RPF332C.png
\0
W, 3240, 19, 2013/05/24, 09:34:40.997, 1143106496296, QTAgent32.exe, Playback - [WARNING] Internal warning: Couldn't find descendants that match QueryId
\0
W, 3240, 19, 2013/05/24, 09:34:40.997, 1143106498724, QTAgent32.exe, PERF WARNING: FindTopLevelWindowHelper::FindAllDescendents: took 3104 ms. Expected it to take maximum 500 ms.
E, 3240, 19, 2013/05/24, 09:34:40.997, 1143106500241, QTAgent32.exe, Exception: System.Runtime.InteropServices.COMException
	Message: Error HRESULT E_FAIL has been returned from a call to a COM component.
	Stack Trace:    at Microsoft.VisualStudio.TestTools.UITest.Playback.Engine.IRPFPlayback.FindAllScreenElements(IScreenElement pScreenElementStart, String bstrQueryId, Object&amp; pvarResKeys, Int32 cResKeys, Int32 nMaxDepth, Object[]&amp; foundDescendants)
   at Microsoft.VisualStudio.TestTools.UITest.Playback.ScreenElement.FindTopLevelWindowHelper(String queryId)
	BaseExceptionMessage: Error HRESULT E_FAIL has been returned from a call to a COM component.

E, 3240, 19, 2013/05/24, 09:34:41.098, 1143107939553, QTAgent32.exe, AL: Playback Error: Microsoft.VisualStudio.TestTools.UITest.Extension.UITestControlNotFoundException: The playback failed to find the control with the given search properties. Additional Details: 
TechnologyName:  'MSAA'
ControlType:  'Window'
Name:  'Windows Security'
 ---&gt; System.Runtime.InteropServices.COMException: Error HRESULT E_FAIL has been returned from a call to a COM component.
   at Microsoft.VisualStudio.TestTools.UITest.Playback.Engine.IRPFPlayback.FindAllScreenElements(IScreenElement pScreenElementStart, String bstrQueryId, Object&amp; pvarResKeys, Int32 cResKeys, Int32 nMaxDepth, Object[]&amp; foundDescendants)
   at Microsoft.VisualStudio.TestTools.UITest.Playback.ScreenElement.FindTopLevelWindowHelper(String queryId)
   at Microsoft.VisualStudio.TestTools.UITest.Playback.ScreenElement.FindFromPartialQueryId(String queryId)
   at Microsoft.VisualStudio.TestTools.UITesting.UITestControl..ctor(String queryId)
   --- End of inner exception stack trace ---
   at Microsoft.VisualStudio.TestTools.UITesting.Playback.MapControlNotFoundException(COMException ex, IPlaybackContext context)
   at Microsoft.VisualStudio.TestTools.UITesting.Playback.MapAndThrowComException(COMException innerException, IPlaybackContext context)
   at Microsoft.VisualStudio.TestTools.UITesting.Playback.MapAndThrowException(SystemException exception, IPlaybackContext context)
   at Microsoft.VisualStudio.TestTools.UITesting.Playback.MapAndThrowException(SystemException exception, String queryId)
   at Microsoft.VisualStudio.TestTools.UITesting.UITestControl..ctor(String queryId)
   at Microsoft.VisualStudio.TestTools.UITesting.SearchHelper.SearchTopLevelWindow(ISearchArgument topLevelSearchArg, String topLevelElementQueryId)
   at Microsoft.VisualStudio.TestTools.UITesting.SearchHelper.GetTitleUpdatedTopLevelWindow(ISearchArgument topLevelSearchArg, String queryId, IList`1 windowTitles)
   at Microsoft.VisualStudio.TestTools.UITesting.SearchHelper.GetTopLevelElement(Boolean useCache, Boolean useCacheOnly, ISearchArgument searchArg, IList`1 windowTitles, Int32&amp; timeLeft)
   at Microsoft.VisualStudio.TestTools.UITesting.SearchHelper.GetElement(Boolean useCache, ISearchArgument searchArg)
   at Microsoft.VisualStudio.TestTools.UITesting.SearchHelper.Search(ISearchArgument searchArg)
   at Microsoft.VisualStudio.TestTools.UITesting.UITestControl.FindInternal()
   at Microsoft.VisualStudio.TestTools.UITesting.UITestControl.FindControlIfNecessary()
   at Microsoft.VisualStudio.TestTools.UITesting.UITestControl.Click(MouseButtons button, ModifierKeys modifierKeys, Point relativeCoordinates)
   at Microsoft.VisualStudio.TestTools.UITesting.Mouse.ClickImplementation(UITestControl control, MouseButtons button, ModifierKeys modifierKeys, Point relativeCoordinate)
   at Microsoft.VisualStudio.TestTools.UITesting.Mouse.ClickImplementationWrapper(UITestControl control, MouseButtons button, ModifierKeys modifierKeys, Point relativeCoordinate)
W, 3240, 19, 2013/05/24, 09:34:41.098, 1143107940713, QTAgent32.exe, PlaybackErrorHandler: Ignoring exception as ContinueOnError is set.
W, 3240, 19, 2013/05/24, 09:34:41.394, 1143112177303, QTAgent32.exe, &lt;a class=success&gt;Playback - {123} [SUCCESS] MouseButtonClick - "[Web]ControlType='Hyperlink' &amp;&amp; TagName='A' &amp;&amp; Id='' &amp;&amp; Name='' &amp;&amp; Target='' &amp;&amp; InnerText='Renewals Maintenance' &amp;&amp; FilterCondition(AbsolutePath='/sysmaint/content/leftbar.asp', Title='', Href='https://www.insur-econnect.com/sysmaint/content/leftbar.asp#', Class='', ControlDefinition='style="COLOR: white" href="#"', TagInstance='39')"
\0&lt;/a&gt;
W, 3240, 19, 2013/05/24, 09:34:42.286, 1143124941045, QTAgent32.exe, &lt;a class=success&gt;Playback - {124} [SUCCESS] MouseButtonClick - "[Web]ControlType='Hyperlink' &amp;&amp; TagName='A' &amp;&amp; Id='' &amp;&amp; Name='' &amp;&amp; Target='content' &amp;&amp; InnerText='Create a Household Test Renewal Invitation' &amp;&amp; FilterCondition(AbsolutePath='/sysmaint/content/AddHouseholdTestRenewalNotice.asp', Title='', Href='https://www.insur-econnect.com/sysmaint/content/AddHouseholdTestRenewalNotice.asp', Class='itemlink', ControlDefinition='class=itemlink href="AddHouseholdTestRen', TagInstance='2')"
\0&lt;/a&gt;
E, 3240, 19, 2013/05/24, 09:34:43.775, 1143146264333, QTAgent32.exe, Exception: System.NotSupportedException
	Message: Internal Error: This method on IEWebControlElement should not get called.
	Stack Trace:    at Microsoft.VisualStudio.TestTools.UITest.Extension.IE.BrowserOptionElementNode.InvokeProgrammaticAction(ProgrammaticActionOption programmaticActionOption)
	BaseExceptionMessage: Internal Error: This method on IEWebControlElement should not get called.

W, 3240, 19, 2013/05/24, 09:34:43.952, 1143148806878, QTAgent32.exe, &lt;a class=success&gt;Playback - {125} [SUCCESS] SetValueAsComboBox "Covea Insurance plc (formerly MMA)" - "[Web]ControlType='ComboBox' &amp;&amp; TagName='SELECT' &amp;&amp; Id='InsurerID' &amp;&amp; Name='InsurerID' &amp;&amp; FilterCondition(Size='0', LabeledBy='', Title='', ItemCount='54', Class='', ControlDefinition='id=InsurerID onchange=selectInsurer() na', TagInstance='1')"  &lt; SetValueAsComboBox, set by clicking on the item in the list box &gt;
\0&lt;/a&gt;
W, 3240, 19, 2013/05/24, 09:34:44.455, 1143156001955, QTAgent32.exe, &lt;a class=success&gt;Playback - {126} [SUCCESS] SetValueAsEditBox "81588888001778" - "[Web]ControlType='Edit' &amp;&amp; TagName='INPUT' &amp;&amp; Id='' &amp;&amp; Name='txtPolicyNumber' &amp;&amp; LabeledBy='' &amp;&amp; Type='SINGLELINE' &amp;&amp; FilterCondition(Title='', Class='', ControlDefinition='onchange=enableButtons() name=txtPolicyN', TagInstance='1')"  &lt; Set via SendKeys &gt;
\0&lt;/a&gt;
W, 3240, 19, 2013/05/24, 09:34:44.655, 1143158866830, QTAgent32.exe, &lt;a class=success&gt;Playback - {127} [SUCCESS] SendKeys "^{HOME}" - "[Web]ControlType='Edit' &amp;&amp; TagName='INPUT' &amp;&amp; Id='' &amp;&amp; Name='txtRenewalDate' &amp;&amp; LabeledBy='' &amp;&amp; Type='SINGLELINE' &amp;&amp; FilterCondition(Title='', Class='', ControlDefinition='onchange=enableButtons() name=txtRenewal', TagInstance='2')"
\0&lt;/a&gt;
E, 3240, 19, 2013/05/24, 09:34:44.655, 1143158868709, QTAgent32.exe, Msaa.GetFocusedElement: could not find accessible object of foreground window
W, 3240, 19, 2013/05/24, 09:34:44.769, 1143160497371, QTAgent32.exe, &lt;a class=success&gt;Playback - {128} [SUCCESS] SendKeys "^+{END}" - "[Web]ControlType='Edit' &amp;&amp; TagName='INPUT' &amp;&amp; Id='' &amp;&amp; Name='txtRenewalDate' &amp;&amp; LabeledBy='' &amp;&amp; Type='SINGLELINE' &amp;&amp; FilterCondition(Title='', Class='', ControlDefinition='onchange=enableButtons() name=txtRenewal', TagInstance='2')"
\0&lt;/a&gt;
E, 3240, 19, 2013/05/24, 09:34:44.769, 1143160499387, QTAgent32.exe, Msaa.GetFocusedElement: could not find accessible object of foreground window
W, 3240, 19, 2013/05/24, 09:34:44.844, 1143161574458, QTAgent32.exe, &lt;a class=success&gt;Playback - {129} [SUCCESS] SendKeys "{DELETE}" - "[Web]ControlType='Edit' &amp;&amp; TagName='INPUT' &amp;&amp; Id='' &amp;&amp; Name='txtRenewalDate' &amp;&amp; LabeledBy='' &amp;&amp; Type='SINGLELINE' &amp;&amp; FilterCondition(Title='', Class='', ControlDefinition='onchange=enableButtons() name=txtRenewal', TagInstance='2')"
\0&lt;/a&gt;
W, 3240, 19, 2013/05/24, 09:34:45.086, 1143165045734, QTAgent32.exe, &lt;a class=success&gt;Playback - {130} [SUCCESS] SetValueAsEditBox "31/05/2013" - "[Web]ControlType='Edit' &amp;&amp; TagName='INPUT' &amp;&amp; Id='' &amp;&amp; Name='txtRenewalDate' &amp;&amp; LabeledBy='' &amp;&amp; Type='SINGLELINE' &amp;&amp; FilterCondition(Title='', Class='', ControlDefinition='onchange=enableButtons() name=txtRenewal', TagInstance='2')"  &lt; Set via SendKeys &gt;
\0&lt;/a&gt;
W, 3240, 19, 2013/05/24, 09:34:45.283, 1143167866299, QTAgent32.exe, &lt;a class=success&gt;Playback - {131} [SUCCESS] SendKeys "^{HOME}" - "[Web]ControlType='Edit' &amp;&amp; TagName='INPUT' &amp;&amp; Id='' &amp;&amp; Name='txtAutoLapseDate' &amp;&amp; LabeledBy='' &amp;&amp; Type='SINGLELINE' &amp;&amp; FilterCondition(Title='', Class='', ControlDefinition='onchange=enableButtons() name=txtAutoLap', TagInstance='4')"
\0&lt;/a&gt;
E, 3240, 19, 2013/05/24, 09:34:45.283, 1143167868159, QTAgent32.exe, Msaa.GetFocusedElement: could not find accessible object of foreground window
W, 3240, 19, 2013/05/24, 09:34:45.395, 1143169472713, QTAgent32.exe, &lt;a class=success&gt;Playback - {132} [SUCCESS] SendKeys "^+{END}" - "[Web]ControlType='Edit' &amp;&amp; TagName='INPUT' &amp;&amp; Id='' &amp;&amp; Name='txtAutoLapseDate' &amp;&amp; LabeledBy='' &amp;&amp; Type='SINGLELINE' &amp;&amp; FilterCondition(Title='', Class='', ControlDefinition='onchange=enableButtons() name=txtAutoLap', TagInstance='4')"
\0&lt;/a&gt;
E, 3240, 19, 2013/05/24, 09:34:45.395, 1143169474697, QTAgent32.exe, Msaa.GetFocusedElement: could not find accessible object of foreground window
W, 3240, 19, 2013/05/24, 09:34:45.471, 1143170558059, QTAgent32.exe, &lt;a class=success&gt;Playback - {133} [SUCCESS] SendKeys "{DELETE}" - "[Web]ControlType='Edit' &amp;&amp; TagName='INPUT' &amp;&amp; Id='' &amp;&amp; Name='txtAutoLapseDate' &amp;&amp; LabeledBy='' &amp;&amp; Type='SINGLELINE' &amp;&amp; FilterCondition(Title='', Class='', ControlDefinition='onchange=enableButtons() name=txtAutoLap', TagInstance='4')"
\0&lt;/a&gt;
W, 3240, 19, 2013/05/24, 09:34:45.712, 1143174002205, QTAgent32.exe, &lt;a class=success&gt;Playback - {134} [SUCCESS] SetValueAsEditBox "31/05/2013" - "[Web]ControlType='Edit' &amp;&amp; TagName='INPUT' &amp;&amp; Id='' &amp;&amp; Name='txtAutoLapseDate' &amp;&amp; LabeledBy='' &amp;&amp; Type='SINGLELINE' &amp;&amp; FilterCondition(Title='', Class='', ControlDefinition='onchange=enableButtons() name=txtAutoLap', TagInstance='4')"  &lt; Set via SendKeys &gt;
\0&lt;/a&gt;
W, 3240, 19, 2013/05/24, 09:34:45.967, 1143177651808, QTAgent32.exe, &lt;a class=success&gt;Playback - {135} [SUCCESS] MouseButtonClick - "[Web]ControlType='Edit' &amp;&amp; TagName='TEXTAREA' &amp;&amp; Id='' &amp;&amp; Name='txtClientXml' &amp;&amp; LabeledBy='' &amp;&amp; FilterCondition(Title='', Class='', ControlDefinition='onchange=enableButtons() wrap=off cols=5', TagInstance='1')"
\0&lt;/a&gt;
W, 3240, 19, 2013/05/24, 09:34:46.689, 1143187996768, QTAgent32.exe, &lt;a class=success&gt;Playback - {136} [SUCCESS] MouseButtonClick - "[Web]ControlType='Button' &amp;&amp; TagName='INPUT' &amp;&amp; Id='getXmlButton' &amp;&amp; Name='getXmlButton' &amp;&amp; FilterCondition(DisplayText='Get XML from Server', Type='button', Title='Click to get xml from server', Class='', ControlDefinition='id=getXmlButton title="Click to get xml ', TagInstance='5')"
\0&lt;/a&gt;
W, 3240, 19, 2013/05/24, 09:34:47.731, 1143202915267, QTAgent32.exe, &lt;a class=success&gt;Playback - {137} [SUCCESS] MouseButtonClick - "[Web]ControlType='Button' &amp;&amp; TagName='INPUT' &amp;&amp; Id='buttonCreate' &amp;&amp; Name='buttonCreate' &amp;&amp; FilterCondition(DisplayText='  Create Record  ', Type='button', Title='Click to create the new record', Class='', ControlDefinition='id=buttonCreate title="Click to create t', TagInstance='6')"
\0&lt;/a&gt;
W, 3240, 19, 2013/05/24, 09:34:47.979, 1143206461495, QTAgent32.exe, &lt;a class=success&gt;Playback - {138} [SUCCESS] MouseButtonClick - "[MSAA, VisibleOnly]ControlType='Button' &amp;&amp; Name='OK'"
\0&lt;/a&gt;
W, 3240, 19, 2013/05/24, 09:34:53.145, 1143280435538, QTAgent32.exe, &lt;a class=success&gt;Playback - {139} [SUCCESS] TypeString "%({F4})"
\0&lt;/a&gt;
W, 3240, 19, 2013/05/24, 09:34:53.327, 1143283041069, QTAgent32.exe, &lt;a class=success&gt;Playback - {140} [SUCCESS] SendKeys "^{HOME}" - "[MSAA, VisibleOnly]ControlType='Edit'"
\0&lt;/a&gt;
E, 3240, 19, 2013/05/24, 09:34:53.328, 1143283054899, QTAgent32.exe, Msaa.GetFocusedElement: could not find accessible object of foreground window
W, 3240, 19, 2013/05/24, 09:34:53.397, 1143284045885, QTAgent32.exe, &lt;a class=success&gt;Playback - {141} [SUCCESS] SendKeys "^+{END}" - "[MSAA, VisibleOnly]ControlType='Edit'"
\0&lt;/a&gt;
E, 3240, 19, 2013/05/24, 09:34:53.397, 1143284047862, QTAgent32.exe, Msaa.GetFocusedElement: could not find accessible object of foreground window
W, 3240, 19, 2013/05/24, 09:34:53.411, 1143284239068, QTAgent32.exe, &lt;a class=success&gt;Playback - {142} [SUCCESS] SendKeys "{DELETE}" - "[MSAA, VisibleOnly]ControlType='Edit'"
\0&lt;/a&gt;
W, 3240, 19, 2013/05/24, 09:34:53.636, 1143287464676, QTAgent32.exe, &lt;a class=success&gt;Playback - {143} [SUCCESS] SetValueAsEditBox "31/05/2012" - "[MSAA, VisibleOnly]ControlType='Edit'"  &lt; Set via SendKeys &gt;
\0&lt;/a&gt;
W, 3240, 19, 2013/05/24, 09:34:53.978, 1143292361416, QTAgent32.exe, &lt;a class=success&gt;Playback - {144} [SUCCESS] MouseButtonClick - "[MSAA, VisibleOnly]ControlType='Button' &amp;&amp; Name='OK'"
\0&lt;/a&gt;
W, 3240, 19, 2013/05/24, 09:34:54.779, 1143303823304, QTAgent32.exe, &lt;a class=success&gt;Playback - {145} [SUCCESS] MouseButtonClick - "[MSAA, VisibleOnly]ControlType='Client'"
\0&lt;/a&gt;
W, 3240, 19, 2013/05/24, 09:34:55.016, 1143307221314, QTAgent32.exe, &lt;a class=success&gt;Playback - {146} [SUCCESS] MouseButtonClick - "[MSAA, VisibleOnly]ControlType='Client'"
\0&lt;/a&gt;
W, 3240, 19, 2013/05/24, 09:34:55.806, 1143318531346, QTAgent32.exe, &lt;a class=success&gt;Playback - {147} [SUCCESS] SetValueAsEditBox "AUTO151" - "[MSAA, VisibleOnly]ControlType='Edit'"  &lt; Set via SendKeys &gt;
\0&lt;/a&gt;
W, 3240, 19, 2013/05/24, 09:34:56.032, 1143321774193, QTAgent32.exe, &lt;a class=success&gt;Playback - {148} [SUCCESS] SetValueAsEditBox "-1001" - "[MSAA, VisibleOnly]ControlType='Edit'"  &lt; Set via SendKeys &gt;
\0&lt;/a&gt;
W, 3240, 19, 2013/05/24, 09:34:56.292, 1143325491012, QTAgent32.exe, Playback - [WARNING] Internal warning: Incorrect flag set for InvokeProgrammaticAction\0
W, 3240, 19, 2013/05/24, 09:34:56.410, 1143327180015, QTAgent32.exe, &lt;a class=success&gt;Playback - {149} [SUCCESS] SetValueAsComboBox "Household" - "[MSAA, VisibleOnly]ControlType='ComboBox'"  &lt; SetValueAsComboBox, set by clicking on the item in the list box &gt;
\0&lt;/a&gt;
W, 3240, 19, 2013/05/24, 09:34:56.569, 1143329453114, QTAgent32.exe, &lt;a class=success&gt;Playback - {150} [SUCCESS] SendKeys "^{HOME}" - "[MSAA, VisibleOnly]ControlType='Edit'"
\0&lt;/a&gt;
E, 3240, 19, 2013/05/24, 09:34:56.569, 1143329455018, QTAgent32.exe, Msaa.GetFocusedElement: could not find accessible object of foreground window
W, 3240, 19, 2013/05/24, 09:34:56.632, 1143330363332, QTAgent32.exe, &lt;a class=success&gt;Playback - {151} [SUCCESS] SendKeys "^+{END}" - "[MSAA, VisibleOnly]ControlType='Edit'"
\0&lt;/a&gt;
E, 3240, 19, 2013/05/24, 09:34:56.632, 1143330365280, QTAgent32.exe, Msaa.GetFocusedElement: could not find accessible object of foreground window
W, 3240, 19, 2013/05/24, 09:34:56.645, 1143330542655, QTAgent32.exe, &lt;a class=success&gt;Playback - {152} [SUCCESS] SendKeys "{DELETE}" - "[MSAA, VisibleOnly]ControlType='Edit'"
\0&lt;/a&gt;
W, 3240, 19, 2013/05/24, 09:34:56.851, 1143333495371, QTAgent32.exe, &lt;a class=success&gt;Playback - {153} [SUCCESS] SetValueAsEditBox "31/05/2012" - "[MSAA, VisibleOnly]ControlType='Edit'"  &lt; Set via SendKeys &gt;
\0&lt;/a&gt;
W, 3240, 19, 2013/05/24, 09:34:57.076, 1143336712545, QTAgent32.exe, &lt;a class=success&gt;Playback - {154} [SUCCESS] MouseButtonClick - "[MSAA, VisibleOnly]ControlType='Button' &amp;&amp; Name='Regress'"
\0&lt;/a&gt;
W, 3240, 19, 2013/05/24, 09:34:57.415, 1143341575939, QTAgent32.exe, &lt;a class=success&gt;Playback - {155} [SUCCESS] MouseButtonClick - "[MSAA, VisibleOnly]ControlType='Button' &amp;&amp; Name='Exit'"
\0&lt;/a&gt;
W, 3240, 19, 2013/05/24, 09:34:57.633, 1143344690382, QTAgent32.exe, &lt;a class=success&gt;Playback - {156} [SUCCESS] MouseButtonClick - "[MSAA, VisibleOnly]ControlType='Button'"
\0&lt;/a&gt;
W, 3240, 19, 2013/05/24, 09:34:57.871, 1143348098299, QTAgent32.exe, &lt;a class=success&gt;Playback - {157} [SUCCESS] MouseButtonClick - "[MSAA, VisibleOnly]ControlType='Button' &amp;&amp; Name='Options'"
\0&lt;/a&gt;
W, 3240, 19, 2013/05/24, 09:34:57.972, 1143349548153, QTAgent32.exe, FindScreenElementInSinglePass : Attempting to find control in one pass of search. Failures can occur.
W, 3240, 19, 2013/05/24, 09:34:58.109, 1143351499522, QTAgent32.exe, &lt;a class=success&gt;Playback - {158} [SUCCESS] MouseButtonClick - "[MSAA]ControlType='MenuItem' &amp;&amp; Name='Links'"
\0&lt;/a&gt;
W, 3240, 19, 2013/05/24, 09:34:58.209, 1143352934670, QTAgent32.exe, FindScreenElementInSinglePass : Attempting to find control in one pass of search. Failures can occur.
W, 3240, 19, 2013/05/24, 09:34:58.359, 1143355087096, QTAgent32.exe, &lt;a class=success&gt;Playback - {159} [SUCCESS] MouseButtonClick - "[MSAA]ControlType='MenuItem' &amp;&amp; Name='3rd Party Integration'"
\0&lt;/a&gt;
W, 3240, 19, 2013/05/24, 09:34:58.459, 1143356522483, QTAgent32.exe, FindScreenElementInSinglePass : Attempting to find control in one pass of search. Failures can occur.
W, 3240, 19, 2013/05/24, 09:34:58.612, 1143358713547, QTAgent32.exe, &lt;a class=success&gt;Playback - {160} [SUCCESS] MouseButtonClick - "[MSAA]ControlType='MenuItem' &amp;&amp; Name='Renewals Loader'"
\0&lt;/a&gt;
W, 3240, 19, 2013/05/24, 09:34:58.837, 1143361934602, QTAgent32.exe, &lt;a class=success&gt;Playback - {161} [SUCCESS] MouseButtonClick - "[MSAA, VisibleOnly]ControlType='TitleBar'"
\0&lt;/a&gt;
W, 3240, 19, 2013/05/24, 09:34:59.005, 1143364330419, QTAgent32.exe, &lt;a class=success&gt;Playback - {162} [SUCCESS] SendKeys "^{HOME}" - "[MSAA, VisibleOnly]ControlType='Edit'"
\0&lt;/a&gt;
E, 3240, 19, 2013/05/24, 09:34:59.005, 1143364332126, QTAgent32.exe, Msaa.GetFocusedElement: could not find accessible object of foreground window
W, 3240, 19, 2013/05/24, 09:34:59.058, 1143365096848, QTAgent32.exe, &lt;a class=success&gt;Playback - {163} [SUCCESS] SendKeys "^+{END}" - "[MSAA, VisibleOnly]ControlType='Edit'"
\0&lt;/a&gt;
E, 3240, 19, 2013/05/24, 09:34:59.058, 1143365099084, QTAgent32.exe, Msaa.GetFocusedElement: could not find accessible object of foreground window
W, 3240, 19, 2013/05/24, 09:34:59.072, 1143365298818, QTAgent32.exe, &lt;a class=success&gt;Playback - {164} [SUCCESS] SendKeys "{DELETE}" - "[MSAA, VisibleOnly]ControlType='Edit'"
\0&lt;/a&gt;
W, 3240, 19, 2013/05/24, 09:34:59.283, 1143368320277, QTAgent32.exe, &lt;a class=success&gt;Playback - {165} [SUCCESS] SetValueAsEditBox "24/05/2013" - "[MSAA, VisibleOnly]ControlType='Edit'"  &lt; Set via SendKeys &gt;
\0&lt;/a&gt;
W, 3240, 19, 2013/05/24, 09:34:59.452, 1143370739854, QTAgent32.exe, &lt;a class=success&gt;Playback - {166} [SUCCESS] SendKeys "^{HOME}" - "[MSAA, VisibleOnly]ControlType='Edit'"
\0&lt;/a&gt;
E, 3240, 19, 2013/05/24, 09:34:59.452, 1143370741886, QTAgent32.exe, Msaa.GetFocusedElement: could not find accessible object of foreground window
W, 3240, 19, 2013/05/24, 09:34:59.506, 1143371511961, QTAgent32.exe, &lt;a class=success&gt;Playback - {167} [SUCCESS] SendKeys "^+{END}" - "[MSAA, VisibleOnly]ControlType='Edit'"
\0&lt;/a&gt;
E, 3240, 19, 2013/05/24, 09:34:59.506, 1143371513451, QTAgent32.exe, Msaa.GetFocusedElement: could not find accessible object of foreground window
W, 3240, 19, 2013/05/24, 09:34:59.520, 1143371713565, QTAgent32.exe, &lt;a class=success&gt;Playback - {168} [SUCCESS] SendKeys "{DELETE}" - "[MSAA, VisibleOnly]ControlType='Edit'"
\0&lt;/a&gt;
W, 3240, 19, 2013/05/24, 09:34:59.732, 1143374741113, QTAgent32.exe, &lt;a class=success&gt;Playback - {169} [SUCCESS] SetValueAsEditBox "07/06/2013" - "[MSAA, VisibleOnly]ControlType='Edit'"  &lt; Set via SendKeys &gt;
\0&lt;/a&gt;
W, 3240, 19, 2013/05/24, 09:35:00.081, 1143379749603, QTAgent32.exe, &lt;a class=success&gt;Playback - {170} [SUCCESS] MouseButtonClick - "[MSAA, VisibleOnly]ControlType='Button' &amp;&amp; Name='Run'"
\0&lt;/a&gt;
W, 3240, 19, 2013/05/24, 09:35:05.426, 1143456278150, QTAgent32.exe, Playback - [WARNING] Internal warning: Window Not Found: [VisibleOnly]Name='insurE-com System Maintenance' &amp;&amp; ClassName='IEFrame' &amp;&amp; ControlType='Window'
\0
E, 3240, 19, 2013/05/24, 09:35:05.426, 1143456280426, QTAgent32.exe, &lt;a class=failure&gt;Playback - {171} [FAILED] Function ElementFetcher::FindScreenElement failed to locate UI element (Searching: ;[VisibleOnly]Name='insurE-com System Maintenance' &amp;&amp; ClassName='IEFrame' &amp;&amp; ControlType='Window') (The object specified was not found.)
\0&lt;/a&gt;
E, 3240, 19, 2013/05/24, 09:35:05.472, 1143456933029, QTAgent32.exe, Playback - [IMAGE] C:\Users\testuser\AppData\Local\Temp\UITestLogs\LastRun\RPF92C9.png
\0
W, 3240, 19, 2013/05/24, 09:35:05.472, 1143456934606, QTAgent32.exe, Playback - [WARNING] Internal warning: Couldn't find descendants that match QueryId
\0
W, 3240, 19, 2013/05/24, 09:35:23.484, 1143714832695, QTAgent32.exe, Playback - [WARNING] Internal warning: Window Not Found: [VisibleOnly]Name='insurE-com System Maintenance' &amp;&amp; ClassName='IEFrame' &amp;&amp; ControlType='Window'
\0
E, 3240, 19, 2013/05/24, 09:35:23.484, 1143714834939, QTAgent32.exe, &lt;a class=failure&gt;Playback - {172} [FAILED] Function ElementFetcher::FindScreenElement failed to locate UI element (Searching: ;[VisibleOnly]Name='insurE-com System Maintenance' &amp;&amp; ClassName='IEFrame' &amp;&amp; ControlType='Window') (The object specified was not found.)
\0&lt;/a&gt;
E, 3240, 19, 2013/05/24, 09:35:23.522, 1143715379599, QTAgent32.exe, Playback - [IMAGE] C:\Users\testuser\AppData\Local\Temp\UITestLogs\LastRun\RPFD94B.png
\0
W, 3240, 19, 2013/05/24, 09:35:23.522, 1143715381133, QTAgent32.exe, Playback - [WARNING] Internal warning: Couldn't find descendants that match QueryId
\0
W, 3240, 19, 2013/05/24, 09:35:23.523, 1143715383911, QTAgent32.exe, PERF WARNING: FindTopLevelWindowHelper::FindAllDescendents: took 18050 ms. Expected it to take maximum 500 ms.
W, 3240, 19, 2013/05/24, 09:35:23.972, 1143721817089, QTAgent32.exe, Playback - [WARNING] Internal warning: Smart Match failed
\0
W, 3240, 19, 2013/05/24, 09:35:24.154, 1143724427640, QTAgent32.exe, Playback - [WARNING] Internal warning: Smart Match failed
\0
W, 3240, 19, 2013/05/24, 09:35:24.338, 1143727054699, QTAgent32.exe, Playback - [WARNING] Internal warning: Smart Match failed
\0
W, 3240, 19, 2013/05/24, 09:35:24.522, 1143729696731, QTAgent32.exe, Playback - [WARNING] Internal warning: Smart Match failed
\0
W, 3240, 19, 2013/05/24, 09:35:24.704, 1143732300243, QTAgent32.exe, Playback - [WARNING] Internal warning: Smart Match failed
\0
W, 3240, 19, 2013/05/24, 09:35:24.889, 1143734951348, QTAgent32.exe, Playback - [WARNING] Internal warning: Smart Match failed
\0
W, 3240, 19, 2013/05/24, 09:35:25.076, 1143737623522, QTAgent32.exe, Playback - [WARNING] Internal warning: Smart Match failed
\0
W, 3240, 19, 2013/05/24, 09:35:25.264, 1143740319879, QTAgent32.exe, Playback - [WARNING] Internal warning: Smart Match failed
\0
W, 3240, 19, 2013/05/24, 09:35:25.452, 1143743007028, QTAgent32.exe, Playback - [WARNING] Internal warning: Smart Match failed
\0
W, 3240, 19, 2013/05/24, 09:35:25.638, 1143745665132, QTAgent32.exe, Playback - [WARNING] Internal warning: Smart Match failed
\0
W, 3240, 19, 2013/05/24, 09:35:25.822, 1143748304840, QTAgent32.exe, Playback - [WARNING] Internal warning: Smart Match failed
\0
W, 3240, 19, 2013/05/24, 09:35:26.008, 1143750973598, QTAgent32.exe, Playback - [WARNING] Internal warning: Smart Match failed
\0
W, 3240, 19, 2013/05/24, 09:35:26.195, 1143753648847, QTAgent32.exe, Playback - [WARNING] Internal warning: Smart Match failed
\0
W, 3240, 19, 2013/05/24, 09:35:26.383, 1143756344469, QTAgent32.exe, Playback - [WARNING] Internal warning: Smart Match failed
\0
W, 3240, 19, 2013/05/24, 09:35:26.575, 1143759091355, QTAgent32.exe, Playback - [WARNING] Internal warning: Smart Match failed
\0
W, 3240, 19, 2013/05/24, 09:35:26.655, 1143760230984, QTAgent32.exe, Playback - [WARNING] Internal warning: Window Not Found: [VisibleOnly]Name='insurE-com System Maintenance' &amp;&amp; ClassName='IEFrame' &amp;&amp; ControlType='Window'
\0
E, 3240, 19, 2013/05/24, 09:35:26.655, 1143760233179, QTAgent32.exe, &lt;a class=failure&gt;Playback - {173} [FAILED] Function ElementFetcher::FindScreenElement failed to locate UI element (Searching: ;[VisibleOnly]Name='insurE-com System Maintenance' &amp;&amp; ClassName='IEFrame' &amp;&amp; ControlType='Window') (The object specified was not found.)
\0&lt;/a&gt;
E, 3240, 19, 2013/05/24, 09:35:26.693, 1143760775925, QTAgent32.exe, Playback - [IMAGE] C:\Users\testuser\AppData\Local\Temp\UITestLogs\LastRun\RPFE5AB.png
\0
W, 3240, 19, 2013/05/24, 09:35:26.693, 1143760777893, QTAgent32.exe, Playback - [WARNING] Internal warning: Couldn't find descendants that match QueryId
\0
W, 3240, 19, 2013/05/24, 09:35:26.693, 1143760780376, QTAgent32.exe, PERF WARNING: FindTopLevelWindowHelper::FindAllDescendents: took 3170 ms. Expected it to take maximum 500 ms.
E, 3240, 19, 2013/05/24, 09:35:26.693, 1143760781987, QTAgent32.exe, Exception: System.Runtime.InteropServices.COMException
	Message: Error HRESULT E_FAIL has been returned from a call to a COM component.
	Stack Trace:    at Microsoft.VisualStudio.TestTools.UITest.Playback.Engine.IRPFPlayback.FindAllScreenElements(IScreenElement pScreenElementStart, String bstrQueryId, Object&amp; pvarResKeys, Int32 cResKeys, Int32 nMaxDepth, Object[]&amp; foundDescendants)
   at Microsoft.VisualStudio.TestTools.UITest.Playback.ScreenElement.FindTopLevelWindowHelper(String queryId)
	BaseExceptionMessage: Error HRESULT E_FAIL has been returned from a call to a COM component.

E, 3240, 19, 2013/05/24, 09:35:26.694, 1143760784631, QTAgent32.exe, Window 983940 not responding. Last Win32 error 0
E, 3240, 19, 2013/05/24, 09:35:26.694, 1143760785545, QTAgent32.exe, GetClassName for handle 983940 failed
E, 3240, 19, 2013/05/24, 09:35:26.694, 1143760787617, QTAgent32.exe, Window 983940 not responding. Last Win32 error 1400
E, 3240, 19, 2013/05/24, 09:35:26.694, 1143760788394, QTAgent32.exe, GetClassName for handle 983940 failed
E, 3240, 19, 2013/05/24, 09:35:26.794, 1143762220781, QTAgent32.exe, AL: Playback Error: Microsoft.VisualStudio.TestTools.UITest.Extension.UITestControlNotAvailableException: The control is not available or not valid. Additional Details: 
TechnologyName:  'MSAA'
Name:  'insurE-com System Maintenance'
ClassName:  'IEFrame'
ControlType:  'Window'
 ---&gt; System.Runtime.InteropServices.COMException: Error HRESULT E_FAIL has been returned from a call to a COM component.
   at Microsoft.VisualStudio.TestTools.UITest.Playback.Engine.IRPFPlayback.FindAllScreenElements(IScreenElement pScreenElementStart, String bstrQueryId, Object&amp; pvarResKeys, Int32 cResKeys, Int32 nMaxDepth, Object[]&amp; foundDescendants)
   at Microsoft.VisualStudio.TestTools.UITest.Playback.ScreenElement.FindTopLevelWindowHelper(String queryId)
   at Microsoft.VisualStudio.TestTools.UITest.Playback.ScreenElement.FindFromPartialQueryId(String queryId)
   at Microsoft.VisualStudio.TestTools.UITesting.UITestControl.EnsureValid(Boolean waitForReady, Boolean refetch)
   --- End of inner exception stack trace ---
   at Microsoft.VisualStudio.TestTools.UITesting.UITestControl.EnsureValid(Boolean waitForReady, Boolean refetch)
   at Microsoft.VisualStudio.TestTools.UITesting.UITestControl.SendKeys(String text, ModifierKeys modifierKeys, Boolean isEncoded, Boolean isUnicode)
   at Microsoft.VisualStudio.TestTools.UITesting.Keyboard.SendKeysImplementation(UITestControl control, String text, ModifierKeys modifierKeys, Boolean isEncoded, Boolean isUnicode)
   at Microsoft.VisualStudio.TestTools.UITesting.Keyboard.SendKeysImplementationWrapper(UITestControl control, String text, ModifierKeys modifierKeys, Boolean isEncoded, Boolean isUnicode)
W, 3240, 19, 2013/05/24, 09:35:26.794, 1143762221996, QTAgent32.exe, PlaybackErrorHandler: Ignoring exception as ContinueOnError is set.
W, 3240, 19, 2013/05/24, 09:35:27.500, 1143772336183, QTAgent32.exe, &lt;a class=success&gt;Playback - {174} [SUCCESS] MouseButtonClick - "[MSAA, VisibleOnly]ControlType='TitleBar'"
\0&lt;/a&gt;
W, 3240, 19, 2013/05/24, 09:35:27.745, 1143775843818, QTAgent32.exe, &lt;a class=success&gt;Playback - {175} [SUCCESS] MouseButtonClick - "[MSAA, VisibleOnly]ControlType='Button' &amp;&amp; Name='Close'"
\0&lt;/a&gt;
W, 3240, 19, 2013/05/24, 09:35:28.567, 1143787606291, QTAgent32.exe, &lt;a class=success&gt;Playback - {176} [SUCCESS] MouseButtonClick - "[MSAA, VisibleOnly]ControlType='Button' &amp;&amp; Name='Options'"
\0&lt;/a&gt;
W, 3240, 19, 2013/05/24, 09:35:28.667, 1143789042421, QTAgent32.exe, FindScreenElementInSinglePass : Attempting to find control in one pass of search. Failures can occur.
W, 3240, 19, 2013/05/24, 09:35:28.806, 1143791030616, QTAgent32.exe, &lt;a class=success&gt;Playback - {177} [SUCCESS] MouseButtonClick - "[MSAA]ControlType='MenuItem' &amp;&amp; Name='Links'"
\0&lt;/a&gt;
W, 3240, 19, 2013/05/24, 09:35:28.906, 1143792469801, QTAgent32.exe, FindScreenElementInSinglePass : Attempting to find control in one pass of search. Failures can occur.
W, 3240, 19, 2013/05/24, 09:35:29.052, 1143794554336, QTAgent32.exe, &lt;a class=success&gt;Playback - {178} [SUCCESS] MouseButtonClick - "[MSAA]ControlType='MenuItem' &amp;&amp; Name='3rd Party Integration'"
\0&lt;/a&gt;
W, 3240, 19, 2013/05/24, 09:35:29.152, 1143795989263, QTAgent32.exe, FindScreenElementInSinglePass : Attempting to find control in one pass of search. Failures can occur.
W, 3240, 19, 2013/05/24, 09:35:29.297, 1143798053495, QTAgent32.exe, &lt;a class=success&gt;Playback - {179} [SUCCESS] MouseButtonClick - "[MSAA]ControlType='MenuItem' &amp;&amp; Name='Renewals Module'"
\0&lt;/a&gt;
W, 3240, 19, 2013/05/24, 09:35:29.661, 1143803277172, QTAgent32.exe, &lt;a class=success&gt;Playback - {180} [SUCCESS] SetValueAsEditBox "1" - "[MSAA, VisibleOnly]ControlType='Edit'"  &lt; Set via SendKeys &gt;
\0&lt;/a&gt;
W, 3240, 19, 2013/05/24, 09:35:30.136, 1143810076831, QTAgent32.exe, &lt;a class=success&gt;Playback - {181} [SUCCESS] MouseButtonClick - "[MSAA, VisibleOnly]ControlType='Button' &amp;&amp; Name='Ok'"
\0&lt;/a&gt;
W, 3240, 19, 2013/05/24, 09:35:30.473, 1143814904196, QTAgent32.exe, Playback - [WARNING] Internal warning: Window Not Found: [VisibleOnly]ControlType='Window' &amp;&amp; Name='Confirm' &amp;&amp; ClassName='#32770'
\0
E, 3240, 19, 2013/05/24, 09:35:30.473, 1143814906773, QTAgent32.exe, &lt;a class=failure&gt;Playback - {182} [FAILED] Function ElementFetcher::FindScreenElement failed to locate UI element (Searching: ;[VisibleOnly]ControlType='Window' &amp;&amp; Name='Confirm' &amp;&amp; ClassName='#32770') (The object specified was not found.)
\0&lt;/a&gt;
E, 3240, 19, 2013/05/24, 09:35:30.521, 1143815582080, QTAgent32.exe, Playback - [IMAGE] C:\Users\testuser\AppData\Local\Temp\UITestLogs\LastRun\RPFF49A.png
\0
W, 3240, 19, 2013/05/24, 09:35:30.521, 1143815583647, QTAgent32.exe, Playback - [WARNING] Internal warning: Couldn't find descendants that match QueryId
\0
W, 3240, 19, 2013/05/24, 09:35:48.553, 1144073781751, QTAgent32.exe, Playback - [WARNING] Internal warning: Window Not Found: [VisibleOnly]ControlType='Window' &amp;&amp; Name='Confirm' &amp;&amp; ClassName='#32770'
\0
E, 3240, 19, 2013/05/24, 09:35:48.554, 1144073784201, QTAgent32.exe, &lt;a class=failure&gt;Playback - {183} [FAILED] Function ElementFetcher::FindScreenElement failed to locate UI element (Searching: ;[VisibleOnly]ControlType='Window' &amp;&amp; Name='Confirm' &amp;&amp; ClassName='#32770') (The object specified was not found.)
\0&lt;/a&gt;
E, 3240, 19, 2013/05/24, 09:35:48.597, 1144074413728, QTAgent32.exe, Playback - [IMAGE] C:\Users\testuser\AppData\Local\Temp\UITestLogs\LastRun\RPF3B3C.png
\0
W, 3240, 19, 2013/05/24, 09:35:48.598, 1144074415325, QTAgent32.exe, Playback - [WARNING] Internal warning: Couldn't find descendants that match QueryId
\0
W, 3240, 19, 2013/05/24, 09:35:48.598, 1144074417693, QTAgent32.exe, PERF WARNING: FindTopLevelWindowHelper::FindAllDescendents: took 18076 ms. Expected it to take maximum 500 ms.
W, 3240, 19, 2013/05/24, 09:35:49.044, 1144080806603, QTAgent32.exe, Playback - [WARNING] Internal warning: Smart Match failed
\0
W, 3240, 19, 2013/05/24, 09:35:49.225, 1144083398537, QTAgent32.exe, Playback - [WARNING] Internal warning: Smart Match failed
\0
W, 3240, 19, 2013/05/24, 09:35:49.409, 1144086024309, QTAgent32.exe, Playback - [WARNING] Internal warning: Smart Match failed
\0
W, 3240, 19, 2013/05/24, 09:35:49.593, 1144088667236, QTAgent32.exe, Playback - [WARNING] Internal warning: Smart Match failed
\0
W, 3240, 19, 2013/05/24, 09:35:49.780, 1144091343792, QTAgent32.exe, Playback - [WARNING] Internal warning: Smart Match failed
\0
W, 3240, 19, 2013/05/24, 09:35:49.969, 1144094039944, QTAgent32.exe, Playback - [WARNING] Internal warning: Smart Match failed
\0
W, 3240, 19, 2013/05/24, 09:35:50.153, 1144096687073, QTAgent32.exe, Playback - [WARNING] Internal warning: Smart Match failed
\0
W, 3240, 19, 2013/05/24, 09:35:50.339, 1144099348267, QTAgent32.exe, Playback - [WARNING] Internal warning: Smart Match failed
\0
W, 3240, 19, 2013/05/24, 09:35:50.526, 1144102020513, QTAgent32.exe, Playback - [WARNING] Internal warning: Smart Match failed
\0
W, 3240, 19, 2013/05/24, 09:35:50.714, 1144104717527, QTAgent32.exe, Playback - [WARNING] Internal warning: Smart Match failed
\0
W, 3240, 19, 2013/05/24, 09:35:50.906, 1144107459576, QTAgent32.exe, Playback - [WARNING] Internal warning: Smart Match failed
\0
W, 3240, 19, 2013/05/24, 09:35:51.092, 1144110124541, QTAgent32.exe, Playback - [WARNING] Internal warning: Smart Match failed
\0
W, 3240, 19, 2013/05/24, 09:35:51.280, 1144112813074, QTAgent32.exe, Playback - [WARNING] Internal warning: Smart Match failed
\0
W, 3240, 19, 2013/05/24, 09:35:51.467, 1144115499654, QTAgent32.exe, Playback - [WARNING] Internal warning: Smart Match failed
\0
W, 3240, 19, 2013/05/24, 09:35:51.654, 1144118172283, QTAgent32.exe, Playback - [WARNING] Internal warning: Smart Match failed
\0
W, 3240, 19, 2013/05/24, 09:35:51.731, 1144119279265, QTAgent32.exe, Playback - [WARNING] Internal warning: Window Not Found: [VisibleOnly]ControlType='Window' &amp;&amp; Name='Confirm' &amp;&amp; ClassName='#32770'
\0
E, 3240, 19, 2013/05/24, 09:35:51.731, 1144119281023, QTAgent32.exe, &lt;a class=failure&gt;Playback - {184} [FAILED] Function ElementFetcher::FindScreenElement failed to locate UI element (Searching: ;[VisibleOnly]ControlType='Window' &amp;&amp; Name='Confirm' &amp;&amp; ClassName='#32770') (The object specified was not found.)
\0&lt;/a&gt;
E, 3240, 19, 2013/05/24, 09:35:51.779, 1144119970269, QTAgent32.exe, Playback - [IMAGE] C:\Users\testuser\AppData\Local\Temp\UITestLogs\LastRun\RPF47AB.png
\0
W, 3240, 19, 2013/05/24, 09:35:51.779, 1144119971797, QTAgent32.exe, Playback - [WARNING] Internal warning: Couldn't find descendants that match QueryId
\0
W, 3240, 19, 2013/05/24, 09:35:51.780, 1144119974370, QTAgent32.exe, PERF WARNING: FindTopLevelWindowHelper::FindAllDescendents: took 3181 ms. Expected it to take maximum 500 ms.
E, 3240, 19, 2013/05/24, 09:35:51.780, 1144119975979, QTAgent32.exe, Exception: System.Runtime.InteropServices.COMException
	Message: Error HRESULT E_FAIL has been returned from a call to a COM component.
	Stack Trace:    at Microsoft.VisualStudio.TestTools.UITest.Playback.Engine.IRPFPlayback.FindAllScreenElements(IScreenElement pScreenElementStart, String bstrQueryId, Object&amp; pvarResKeys, Int32 cResKeys, Int32 nMaxDepth, Object[]&amp; foundDescendants)
   at Microsoft.VisualStudio.TestTools.UITest.Playback.ScreenElement.FindTopLevelWindowHelper(String queryId)
	BaseExceptionMessage: Error HRESULT E_FAIL has been returned from a call to a COM component.

E, 3240, 19, 2013/05/24, 09:35:51.880, 1144121417985, QTAgent32.exe, AL: Playback Error: Microsoft.VisualStudio.TestTools.UITest.Extension.UITestControlNotFoundException: The playback failed to find the control with the given search properties. Additional Details: 
TechnologyName:  'MSAA'
ControlType:  'Window'
Name:  'Confirm'
ClassName:  '#32770'
 ---&gt; System.Runtime.InteropServices.COMException: Error HRESULT E_FAIL has been returned from a call to a COM component.
   at Microsoft.VisualStudio.TestTools.UITest.Playback.Engine.IRPFPlayback.FindAllScreenElements(IScreenElement pScreenElementStart, String bstrQueryId, Object&amp; pvarResKeys, Int32 cResKeys, Int32 nMaxDepth, Object[]&amp; foundDescendants)
   at Microsoft.VisualStudio.TestTools.UITest.Playback.ScreenElement.FindTopLevelWindowHelper(String queryId)
   at Microsoft.VisualStudio.TestTools.UITest.Playback.ScreenElement.FindFromPartialQueryId(String queryId)
   at Microsoft.VisualStudio.TestTools.UITesting.UITestControl..ctor(String queryId)
   --- End of inner exception stack trace ---
   at Microsoft.VisualStudio.TestTools.UITesting.Playback.MapControlNotFoundException(COMException ex, IPlaybackContext context)
   at Microsoft.VisualStudio.TestTools.UITesting.Playback.MapAndThrowComException(COMException innerException, IPlaybackContext context)
   at Microsoft.VisualStudio.TestTools.UITesting.Playback.MapAndThrowException(SystemException exception, IPlaybackContext context)
   at Microsoft.VisualStudio.TestTools.UITesting.Playback.MapAndThrowException(SystemException exception, String queryId)
   at Microsoft.VisualStudio.TestTools.UITesting.UITestControl..ctor(String queryId)
   at Microsoft.VisualStudio.TestTools.UITesting.SearchHelper.SearchTopLevelWindow(ISearchArgument topLevelSearchArg, String topLevelElementQueryId)
   at Microsoft.VisualStudio.TestTools.UITesting.SearchHelper.GetTitleUpdatedTopLevelWindow(ISearchArgument topLevelSearchArg, String queryId, IList`1 windowTitles)
   at Microsoft.VisualStudio.TestTools.UITesting.SearchHelper.GetTopLevelElement(Boolean useCache, Boolean useCacheOnly, ISearchArgument searchArg, IList`1 windowTitles, Int32&amp; timeLeft)
   at Microsoft.VisualStudio.TestTools.UITesting.SearchHelper.GetElement(Boolean useCache, ISearchArgument searchArg)
   at Microsoft.VisualStudio.TestTools.UITesting.SearchHelper.Search(ISearchArgument searchArg)
   at Microsoft.VisualStudio.TestTools.UITesting.UITestControl.FindInternal()
   at Microsoft.VisualStudio.TestTools.UITesting.UITestControl.FindControlIfNecessary()
   at Microsoft.VisualStudio.TestTools.UITesting.UITestControl.Click(MouseButtons button, ModifierKeys modifierKeys, Point relativeCoordinates)
   at Microsoft.VisualStudio.TestTools.UITesting.Mouse.ClickImplementation(UITestControl control, MouseButtons button, ModifierKeys modifierKeys, Point relativeCoordinate)
   at Microsoft.VisualStudio.TestTools.UITesting.Mouse.ClickImplementationWrapper(UITestControl control, MouseButtons button, ModifierKeys modifierKeys, Point relativeCoordinate)
W, 3240, 19, 2013/05/24, 09:35:51.881, 1144121420134, QTAgent32.exe, PlaybackErrorHandler: Ignoring exception as ContinueOnError is set.
W, 3240, 19, 2013/05/24, 09:35:52.115, 1144124772150, QTAgent32.exe, Playback - [WARNING] Internal warning: Window Not Found: [VisibleOnly]ControlType='Window' &amp;&amp; Name='Personal Lines' &amp;&amp; ClassName='#32770'
\0
E, 3240, 19, 2013/05/24, 09:35:52.115, 1144124774329, QTAgent32.exe, &lt;a class=failure&gt;Playback - {185} [FAILED] Function ElementFetcher::FindScreenElement failed to locate UI element (Searching: ;[VisibleOnly]ControlType='Window' &amp;&amp; Name='Personal Lines' &amp;&amp; ClassName='#32770') (The object specified was not found.)
\0&lt;/a&gt;
E, 3240, 19, 2013/05/24, 09:35:52.157, 1144125380179, QTAgent32.exe, Playback - [IMAGE] C:\Users\testuser\AppData\Local\Temp\UITestLogs\LastRun\RPF4923.png
\0
W, 3240, 19, 2013/05/24, 09:35:52.157, 1144125381680, QTAgent32.exe, Playback - [WARNING] Internal warning: Couldn't find descendants that match QueryId
\0
W, 3240, 19, 2013/05/24, 09:36:10.219, 1144383993335, QTAgent32.exe, Playback - [WARNING] Internal warning: Window Not Found: [VisibleOnly]ControlType='Window' &amp;&amp; Name='Personal Lines' &amp;&amp; ClassName='#32770'
\0
E, 3240, 19, 2013/05/24, 09:36:10.219, 1144383995725, QTAgent32.exe, &lt;a class=failure&gt;Playback - {186} [FAILED] Function ElementFetcher::FindScreenElement failed to locate UI element (Searching: ;[VisibleOnly]ControlType='Window' &amp;&amp; Name='Personal Lines' &amp;&amp; ClassName='#32770') (The object specified was not found.)
\0&lt;/a&gt;
E, 3240, 19, 2013/05/24, 09:36:10.263, 1144384622150, QTAgent32.exe, Playback - [IMAGE] C:\Users\testuser\AppData\Local\Temp\UITestLogs\LastRun\RPF8FE3.png
\0
W, 3240, 19, 2013/05/24, 09:36:10.263, 1144384623683, QTAgent32.exe, Playback - [WARNING] Internal warning: Couldn't find descendants that match QueryId
\0
W, 3240, 19, 2013/05/24, 09:36:10.263, 1144384626149, QTAgent32.exe, PERF WARNING: FindTopLevelWindowHelper::FindAllDescendents: took 18105 ms. Expected it to take maximum 500 ms.
W, 3240, 19, 2013/05/24, 09:36:10.725, 1144391231864, QTAgent32.exe, Playback - [WARNING] Internal warning: Smart Match failed
\0
W, 3240, 19, 2013/05/24, 09:36:10.910, 1144393881248, QTAgent32.exe, Playback - [WARNING] Internal warning: Smart Match failed
\0
W, 3240, 19, 2013/05/24, 09:36:11.092, 1144396486278, QTAgent32.exe, Playback - [WARNING] Internal warning: Smart Match failed
\0
W, 3240, 19, 2013/05/24, 09:36:11.280, 1144399180565, QTAgent32.exe, Playback - [WARNING] Internal warning: Smart Match failed
\0
W, 3240, 19, 2013/05/24, 09:36:11.466, 1144401847723, QTAgent32.exe, Playback - [WARNING] Internal warning: Smart Match failed
\0
W, 3240, 19, 2013/05/24, 09:36:11.654, 1144404534151, QTAgent32.exe, Playback - [WARNING] Internal warning: Smart Match failed
\0
W, 3240, 19, 2013/05/24, 09:36:11.846, 1144407284830, QTAgent32.exe, Playback - [WARNING] Internal warning: Smart Match failed
\0
W, 3240, 19, 2013/05/24, 09:36:12.036, 1144410014879, QTAgent32.exe, Playback - [WARNING] Internal warning: Smart Match failed
\0
W, 3240, 19, 2013/05/24, 09:36:12.222, 1144412671805, QTAgent32.exe, Playback - [WARNING] Internal warning: Smart Match failed
\0
W, 3240, 19, 2013/05/24, 09:36:12.407, 1144415319506, QTAgent32.exe, Playback - [WARNING] Internal warning: Smart Match failed
\0
W, 3240, 19, 2013/05/24, 09:36:12.594, 1144417987565, QTAgent32.exe, Playback - [WARNING] Internal warning: Smart Match failed
\0
W, 3240, 19, 2013/05/24, 09:36:12.783, 1144420698988, QTAgent32.exe, Playback - [WARNING] Internal warning: Smart Match failed
\0
W, 3240, 19, 2013/05/24, 09:36:12.980, 1144423521430, QTAgent32.exe, Playback - [WARNING] Internal warning: Smart Match failed
\0
W, 3240, 19, 2013/05/24, 09:36:13.165, 1144426176685, QTAgent32.exe, Playback - [WARNING] Internal warning: Smart Match failed
\0
W, 3240, 19, 2013/05/24, 09:36:13.347, 1144428776892, QTAgent32.exe, Playback - [WARNING] Internal warning: Smart Match failed
\0
W, 3240, 19, 2013/05/24, 09:36:13.422, 1144429848187, QTAgent32.exe, Playback - [WARNING] Internal warning: Window Not Found: [VisibleOnly]ControlType='Window' &amp;&amp; Name='Personal Lines' &amp;&amp; ClassName='#32770'
\0
E, 3240, 19, 2013/05/24, 09:36:13.422, 1144429849781, QTAgent32.exe, &lt;a class=failure&gt;Playback - {187} [FAILED] Function ElementFetcher::FindScreenElement failed to locate UI element (Searching: ;[VisibleOnly]ControlType='Window' &amp;&amp; Name='Personal Lines' &amp;&amp; ClassName='#32770') (The object specified was not found.)
\0&lt;/a&gt;
E, 3240, 19, 2013/05/24, 09:36:13.466, 1144430478162, QTAgent32.exe, Playback - [IMAGE] C:\Users\testuser\AppData\Local\Temp\UITestLogs\LastRun\RPF9C62.png
\0
W, 3240, 19, 2013/05/24, 09:36:13.466, 1144430479731, QTAgent32.exe, Playback - [WARNING] Internal warning: Couldn't find descendants that match QueryId
\0
W, 3240, 19, 2013/05/24, 09:36:13.466, 1144430482341, QTAgent32.exe, PERF WARNING: FindTopLevelWindowHelper::FindAllDescendents: took 3202 ms. Expected it to take maximum 500 ms.
E, 3240, 19, 2013/05/24, 09:36:13.466, 1144430483935, QTAgent32.exe, Exception: System.Runtime.InteropServices.COMException
	Message: Error HRESULT E_FAIL has been returned from a call to a COM component.
	Stack Trace:    at Microsoft.VisualStudio.TestTools.UITest.Playback.Engine.IRPFPlayback.FindAllScreenElements(IScreenElement pScreenElementStart, String bstrQueryId, Object&amp; pvarResKeys, Int32 cResKeys, Int32 nMaxDepth, Object[]&amp; foundDescendants)
   at Microsoft.VisualStudio.TestTools.UITest.Playback.ScreenElement.FindTopLevelWindowHelper(String queryId)
	BaseExceptionMessage: Error HRESULT E_FAIL has been returned from a call to a COM component.

E, 3240, 19, 2013/05/24, 09:36:13.467, 1144430489112, QTAgent32.exe, Window 2360814 not responding. Last Win32 error 0
E, 3240, 19, 2013/05/24, 09:36:13.467, 1144430490156, QTAgent32.exe, GetClassName for handle 2360814 failed
E, 3240, 19, 2013/05/24, 09:36:13.467, 1144430493732, QTAgent32.exe, Window 1967810 not responding. Last Win32 error 1400
E, 3240, 19, 2013/05/24, 09:36:13.467, 1144430494511, QTAgent32.exe, GetClassName for handle 1967810 failed
E, 3240, 19, 2013/05/24, 09:36:13.567, 1144431932167, QTAgent32.exe, AL: Playback Error: Microsoft.VisualStudio.TestTools.UITest.Extension.UITestControlNotAvailableException: The control is not available or not valid. Additional Details: 
TechnologyName:  'MSAA'
Name:  'OK'
ControlType:  'Button'
 ---&gt; Microsoft.VisualStudio.TestTools.UITest.Extension.UITestControlNotAvailableException: The control is not available or not valid. Additional Details: 
TechnologyName:  'MSAA'
ControlType:  'Window'
 ---&gt; System.Runtime.InteropServices.COMException: Error HRESULT E_FAIL has been returned from a call to a COM component.
   at Microsoft.VisualStudio.TestTools.UITest.Playback.Engine.IRPFPlayback.FindAllScreenElements(IScreenElement pScreenElementStart, String bstrQueryId, Object&amp; pvarResKeys, Int32 cResKeys, Int32 nMaxDepth, Object[]&amp; foundDescendants)
   at Microsoft.VisualStudio.TestTools.UITest.Playback.ScreenElement.FindTopLevelWindowHelper(String queryId)
   at Microsoft.VisualStudio.TestTools.UITest.Playback.ScreenElement.FindFromPartialQueryId(String queryId)
   at Microsoft.VisualStudio.TestTools.UITesting.UITestControl.EnsureValid(Boolean waitForReady, Boolean refetch)
   --- End of inner exception stack trace ---
   at Microsoft.VisualStudio.TestTools.UITesting.UITestControl.EnsureValid(Boolean waitForReady, Boolean refetch)
   at Microsoft.VisualStudio.TestTools.UITesting.UITestControl.FindFirstDescendant(String queryId, Int32 maxDepth, Int32&amp; timeLeft)
   at Microsoft.VisualStudio.TestTools.UITesting.UITestControl.FindFirstDescendant(String queryId)
   at Microsoft.VisualStudio.TestTools.UITesting.UITestControl.EnsureValid(Boolean waitForReady, Boolean refetch)
   --- End of inner exception stack trace ---
   at Microsoft.VisualStudio.TestTools.UITesting.UITestControl.EnsureValid(Boolean waitForReady, Boolean refetch)
   at Microsoft.VisualStudio.TestTools.UITesting.UITestControl.Click(MouseButtons button, ModifierKeys modifierKeys, Point relativeCoordinates)
   at Microsoft.VisualStudio.TestTools.UITesting.Mouse.ClickImplementation(UITestControl control, MouseButtons button, ModifierKeys modifierKeys, Point relativeCoordinate)
   at Microsoft.VisualStudio.TestTools.UITesting.Mouse.ClickImplementationWrapper(UITestControl control, MouseButtons button, ModifierKeys modifierKeys, Point relativeCoordinate)
W, 3240, 19, 2013/05/24, 09:36:13.567, 1144431933596, QTAgent32.exe, PlaybackErrorHandler: Ignoring exception as ContinueOnError is set.
W, 3240, 19, 2013/05/24, 09:36:13.808, 1144435381997, QTAgent32.exe, Playback - [WARNING] Internal warning: Window Not Found: [VisibleOnly]ControlType='Window' &amp;&amp; Name='Policies Auto-Renewed &amp; Auto-Lapsed' &amp;&amp; ClassName='ThunderRT6FormDC'
\0
E, 3240, 19, 2013/05/24, 09:36:13.808, 1144435384055, QTAgent32.exe, &lt;a class=failure&gt;Playback - {188} [FAILED] Function ElementFetcher::FindScreenElement failed to locate UI element (Searching: ;[VisibleOnly]ControlType='Window' &amp;&amp; Name='Policies Auto-Renewed &amp; Auto-Lapsed' &amp;&amp; ClassName='ThunderRT6FormDC') (The object specified was not found.)
\0&lt;/a&gt;
E, 3240, 19, 2013/05/24, 09:36:13.852, 1144436002049, QTAgent32.exe, Playback - [IMAGE] C:\Users\testuser\AppData\Local\Temp\UITestLogs\LastRun\RPF9DE9.png
\0
W, 3240, 19, 2013/05/24, 09:36:13.852, 1144436003665, QTAgent32.exe, Playback - [WARNING] Internal warning: Couldn't find descendants that match QueryId
\0
W, 3240, 19, 2013/05/24, 09:36:31.862, 1144693887994, QTAgent32.exe, Playback - [WARNING] Internal warning: Window Not Found: [VisibleOnly]ControlType='Window' &amp;&amp; Name='Policies Auto-Renewed &amp; Auto-Lapsed' &amp;&amp; ClassName='ThunderRT6FormDC'
\0
E, 3240, 19, 2013/05/24, 09:36:31.863, 1144693890500, QTAgent32.exe, &lt;a class=failure&gt;Playback - {189} [FAILED] Function ElementFetcher::FindScreenElement failed to locate UI element (Searching: ;[VisibleOnly]ControlType='Window' &amp;&amp; Name='Policies Auto-Renewed &amp; Auto-Lapsed' &amp;&amp; ClassName='ThunderRT6FormDC') (The object specified was not found.)
\0&lt;/a&gt;
E, 3240, 19, 2013/05/24, 09:36:31.907, 1144694531148, QTAgent32.exe, Playback - [IMAGE] C:\Users\testuser\AppData\Local\Temp\UITestLogs\LastRun\RPFE46C.png
\0
W, 3240, 19, 2013/05/24, 09:36:31.907, 1144694532706, QTAgent32.exe, Playback - [WARNING] Internal warning: Couldn't find descendants that match QueryId
\0
W, 3240, 19, 2013/05/24, 09:36:31.908, 1144694535302, QTAgent32.exe, PERF WARNING: FindTopLevelWindowHelper::FindAllDescendents: took 18055 ms. Expected it to take maximum 500 ms.
W, 3240, 19, 2013/05/24, 09:36:32.361, 1144701015224, QTAgent32.exe, Playback - [WARNING] Internal warning: Smart Match failed
\0
W, 3240, 19, 2013/05/24, 09:36:32.546, 1144703666636, QTAgent32.exe, Playback - [WARNING] Internal warning: Smart Match failed
\0
W, 3240, 19, 2013/05/24, 09:36:32.736, 1144706384668, QTAgent32.exe, Playback - [WARNING] Internal warning: Smart Match failed
\0
W, 3240, 19, 2013/05/24, 09:36:32.920, 1144709032186, QTAgent32.exe, Playback - [WARNING] Internal warning: Smart Match failed
\0
W, 3240, 19, 2013/05/24, 09:36:33.107, 1144711700873, QTAgent32.exe, Playback - [WARNING] Internal warning: Smart Match failed
\0
W, 3240, 19, 2013/05/24, 09:36:33.295, 1144714389089, QTAgent32.exe, Playback - [WARNING] Internal warning: Smart Match failed
\0
W, 3240, 19, 2013/05/24, 09:36:33.483, 1144717091490, QTAgent32.exe, Playback - [WARNING] Internal warning: Smart Match failed
\0
W, 3240, 19, 2013/05/24, 09:36:33.670, 1144719766393, QTAgent32.exe, Playback - [WARNING] Internal warning: Smart Match failed
\0
W, 3240, 19, 2013/05/24, 09:36:33.857, 1144722441329, QTAgent32.exe, Playback - [WARNING] Internal warning: Smart Match failed
\0
W, 3240, 19, 2013/05/24, 09:36:34.044, 1144725126103, QTAgent32.exe, Playback - [WARNING] Internal warning: Smart Match failed
\0
W, 3240, 19, 2013/05/24, 09:36:34.232, 1144727807631, QTAgent32.exe, Playback - [WARNING] Internal warning: Smart Match failed
\0
W, 3240, 19, 2013/05/24, 09:36:34.418, 1144730480240, QTAgent32.exe, Playback - [WARNING] Internal warning: Smart Match failed
\0
W, 3240, 19, 2013/05/24, 09:36:34.603, 1144733132926, QTAgent32.exe, Playback - [WARNING] Internal warning: Smart Match failed
\0
W, 3240, 19, 2013/05/24, 09:36:34.787, 1144735765342, QTAgent32.exe, Playback - [WARNING] Internal warning: Smart Match failed
\0
W, 3240, 19, 2013/05/24, 09:36:34.970, 1144738386778, QTAgent32.exe, Playback - [WARNING] Internal warning: Smart Match failed
\0
W, 3240, 19, 2013/05/24, 09:36:35.045, 1144739459771, QTAgent32.exe, Playback - [WARNING] Internal warning: Window Not Found: [VisibleOnly]ControlType='Window' &amp;&amp; Name='Policies Auto-Renewed &amp; Auto-Lapsed' &amp;&amp; ClassName='ThunderRT6FormDC'
\0
E, 3240, 19, 2013/05/24, 09:36:35.045, 1144739461927, QTAgent32.exe, &lt;a class=failure&gt;Playback - {190} [FAILED] Function ElementFetcher::FindScreenElement failed to locate UI element (Searching: ;[VisibleOnly]ControlType='Window' &amp;&amp; Name='Policies Auto-Renewed &amp; Auto-Lapsed' &amp;&amp; ClassName='ThunderRT6FormDC') (The object specified was not found.)
\0&lt;/a&gt;
E, 3240, 19, 2013/05/24, 09:36:35.089, 1144740082282, QTAgent32.exe, Playback - [IMAGE] C:\Users\testuser\AppData\Local\Temp\UITestLogs\LastRun\RPFF0DB.png
\0
W, 3240, 19, 2013/05/24, 09:36:35.089, 1144740083934, QTAgent32.exe, Playback - [WARNING] Internal warning: Couldn't find descendants that match QueryId
\0
W, 3240, 19, 2013/05/24, 09:36:35.089, 1144740086533, QTAgent32.exe, PERF WARNING: FindTopLevelWindowHelper::FindAllDescendents: took 3181 ms. Expected it to take maximum 500 ms.
E, 3240, 19, 2013/05/24, 09:36:35.089, 1144740088149, QTAgent32.exe, Exception: System.Runtime.InteropServices.COMException
	Message: Error HRESULT E_FAIL has been returned from a call to a COM component.
	Stack Trace:    at Microsoft.VisualStudio.TestTools.UITest.Playback.Engine.IRPFPlayback.FindAllScreenElements(IScreenElement pScreenElementStart, String bstrQueryId, Object&amp; pvarResKeys, Int32 cResKeys, Int32 nMaxDepth, Object[]&amp; foundDescendants)
   at Microsoft.VisualStudio.TestTools.UITest.Playback.ScreenElement.FindTopLevelWindowHelper(String queryId)
	BaseExceptionMessage: Error HRESULT E_FAIL has been returned from a call to a COM component.

E, 3240, 19, 2013/05/24, 09:36:35.189, 1144741522099, QTAgent32.exe, AL: Playback Error: Microsoft.VisualStudio.TestTools.UITest.Extension.UITestControlNotFoundException: The playback failed to find the control with the given search properties. Additional Details: 
TechnologyName:  'MSAA'
ControlType:  'Window'
Name:  'Policies Auto-Renewed &amp; Auto-Lapsed'
ClassName:  'ThunderRT6FormDC'
 ---&gt; System.Runtime.InteropServices.COMException: Error HRESULT E_FAIL has been returned from a call to a COM component.
   at Microsoft.VisualStudio.TestTools.UITest.Playback.Engine.IRPFPlayback.FindAllScreenElements(IScreenElement pScreenElementStart, String bstrQueryId, Object&amp; pvarResKeys, Int32 cResKeys, Int32 nMaxDepth, Object[]&amp; foundDescendants)
   at Microsoft.VisualStudio.TestTools.UITest.Playback.ScreenElement.FindTopLevelWindowHelper(String queryId)
   at Microsoft.VisualStudio.TestTools.UITest.Playback.ScreenElement.FindFromPartialQueryId(String queryId)
   at Microsoft.VisualStudio.TestTools.UITesting.UITestControl..ctor(String queryId)
   --- End of inner exception stack trace ---
   at Microsoft.VisualStudio.TestTools.UITesting.Playback.MapControlNotFoundException(COMException ex, IPlaybackContext context)
   at Microsoft.VisualStudio.TestTools.UITesting.Playback.MapAndThrowComException(COMException innerException, IPlaybackContext context)
   at Microsoft.VisualStudio.TestTools.UITesting.Playback.MapAndThrowException(SystemException exception, IPlaybackContext context)
   at Microsoft.VisualStudio.TestTools.UITesting.Playback.MapAndThrowException(SystemException exception, String queryId)
   at Microsoft.VisualStudio.TestTools.UITesting.UITestControl..ctor(String queryId)
   at Microsoft.VisualStudio.TestTools.UITesting.SearchHelper.SearchTopLevelWindow(ISearchArgument topLevelSearchArg, String topLevelElementQueryId)
   at Microsoft.VisualStudio.TestTools.UITesting.SearchHelper.GetTitleUpdatedTopLevelWindow(ISearchArgument topLevelSearchArg, String queryId, IList`1 windowTitles)
   at Microsoft.VisualStudio.TestTools.UITesting.SearchHelper.GetTopLevelElement(Boolean useCache, Boolean useCacheOnly, ISearchArgument searchArg, IList`1 windowTitles, Int32&amp; timeLeft)
   at Microsoft.VisualStudio.TestTools.UITesting.SearchHelper.GetElement(Boolean useCache, ISearchArgument searchArg)
   at Microsoft.VisualStudio.TestTools.UITesting.SearchHelper.Search(ISearchArgument searchArg)
   at Microsoft.VisualStudio.TestTools.UITesting.UITestControl.FindInternal()
   at Microsoft.VisualStudio.TestTools.UITesting.UITestControl.FindControlIfNecessary()
   at Microsoft.VisualStudio.TestTools.UITesting.UITestControl.Click(MouseButtons button, ModifierKeys modifierKeys, Point relativeCoordinates)
   at Microsoft.VisualStudio.TestTools.UITesting.Mouse.ClickImplementation(UITestControl control, MouseButtons button, ModifierKeys modifierKeys, Point relativeCoordinate)
   at Microsoft.VisualStudio.TestTools.UITesting.Mouse.ClickImplementationWrapper(UITestControl control, MouseButtons button, ModifierKeys modifierKeys, Point relativeCoordinate)
W, 3240, 19, 2013/05/24, 09:36:35.189, 1144741523574, QTAgent32.exe, PlaybackErrorHandler: Ignoring exception as ContinueOnError is set.
W, 3240, 19, 2013/05/24, 09:36:35.360, 1144743973359, QTAgent32.exe, &lt;a class=success&gt;Playback - {191} [SUCCESS] MouseButtonClick - "[MSAA, VisibleOnly]ControlType='Button' &amp;&amp; Name='EDI Match...'"
\0&lt;/a&gt;
W, 3240, 19, 2013/05/24, 09:36:37.602, 1144776063771, QTAgent32.exe, &lt;a class=success&gt;Playback - {192} [SUCCESS] MouseButtonClick - "[MSAA, VisibleOnly]ControlType='Button' &amp;&amp; Name='Ok'"
\0&lt;/a&gt;
W, 3240, 19, 2013/05/24, 09:36:38.272, 1144785652911, QTAgent32.exe, PERF WARNING: FindTopLevelWindowHelper::FindAllDescendents: took 569 ms. Expected it to take maximum 500 ms.
W, 3240, 19, 2013/05/24, 09:36:38.397, 1144787444397, QTAgent32.exe, &lt;a class=success&gt;Playback - {193} [SUCCESS] MouseButtonClick - "[MSAA, VisibleOnly]ControlType='Button' &amp;&amp; Name='OK'"
\0&lt;/a&gt;
W, 3240, 19, 2013/05/24, 09:36:40.002, 1144810435122, QTAgent32.exe, Playback - [WARNING] Internal warning: Element "[MSAA, VisibleOnly]ControlType='Window' &amp;&amp; ControlId='5'" was not found, so all intermediate elements were ignored. To improve performance replace this element Id with another Id or exclude it from QueryId. If this element is the target element, replace or remove intermediate elements
\0
W, 3240, 19, 2013/05/24, 09:36:42.541, 1144846786036, QTAgent32.exe, Playback - [WARNING] Internal warning:Search failure: &lt;[MSAA, VisibleOnly]ControlType='Window' &amp;&amp; ControlId='32768'&gt; | Performed (4) search retries, UI element not found
\0
E, 3240, 19, 2013/05/24, 09:36:42.541, 1144846788217, QTAgent32.exe, &lt;a class=failure&gt;Playback - {194} [FAILED] Function ElementFetcher::FindScreenElement failed to locate UI element (Searching: ;[MSAA, VisibleOnly]ControlType='Window' &amp;&amp; ControlId='32768';[MSAA, VisibleOnly]ControlType='Window' &amp;&amp; ControlId='5';[MSAA, VisibleOnly]ControlType='Button' &amp;&amp; Name='Log and Clear') (The object specified was not found.)
\0&lt;/a&gt;
E, 3240, 19, 2013/05/24, 09:36:42.583, 1144847384868, QTAgent32.exe, Playback - [IMAGE] C:\Users\testuser\AppData\Local\Temp\UITestLogs\LastRun\RPFE2C.png
\0
W, 3240, 19, 2013/05/24, 09:36:42.583, 1144847386802, QTAgent32.exe, Playback - [WARNING] Internal warning: Couldn't find descendants that match QueryId
\0
W, 3240, 19, 2013/05/24, 09:36:42.583, 1144847389452, QTAgent32.exe, PERF WARNING: FindAllDescendents: took 4085 ms. Expected it to take maximum 500 ms.
E, 3240, 19, 2013/05/24, 09:36:42.684, 1144848831678, QTAgent32.exe, AL: Playback Error: Microsoft.VisualStudio.TestTools.UITest.Extension.UITestControlNotFoundException: The playback failed to find the control with the given search properties. Additional Details: 
TechnologyName:  'MSAA'
ControlType:  'Button'
Name:  'Log and Clear'
 ---&gt; System.Runtime.InteropServices.COMException: Error HRESULT E_FAIL has been returned from a call to a COM component.
   at Microsoft.VisualStudio.TestTools.UITest.Playback.Engine.IScreenElement.FindAllDescendants(String bstrQueryId, Object&amp; pvarResKeys, Int32 cResKeys, Int32 nMaxDepth)
   at Microsoft.VisualStudio.TestTools.UITest.Playback.ScreenElement.FindAllScreenElement(String queryId, Int32 depth, Boolean singleQueryId, Boolean throwException)
   at Microsoft.VisualStudio.TestTools.UITest.Playback.ScreenElement.FindScreenElement(String queryId, Int32 depth)
   at Microsoft.VisualStudio.TestTools.UITesting.UITestControl.FindFirstDescendant(String queryId, Int32 maxDepth, Int32&amp; timeLeft)
   --- End of inner exception stack trace ---
   at Microsoft.VisualStudio.TestTools.UITesting.Playback.MapControlNotFoundException(COMException ex, IPlaybackContext context)
   at Microsoft.VisualStudio.TestTools.UITesting.Playback.MapAndThrowComException(COMException innerException, IPlaybackContext context)
   at Microsoft.VisualStudio.TestTools.UITesting.Playback.MapAndThrowException(SystemException exception, IPlaybackContext context)
   at Microsoft.VisualStudio.TestTools.UITesting.Playback.MapAndThrowException(SystemException exception, String queryId)
   at Microsoft.VisualStudio.TestTools.UITesting.UITestControl.FindFirstDescendant(String queryId, Int32 maxDepth, Int32&amp; timeLeft)
   at Microsoft.VisualStudio.TestTools.UITesting.SearchHelper.GetElement(Boolean useCache, ISearchArgument searchArg)
   at Microsoft.VisualStudio.TestTools.UITesting.SearchHelper.Search(ISearchArgument searchArg)
   at Microsoft.VisualStudio.TestTools.UITesting.UITestControl.FindInternal()
   at Microsoft.VisualStudio.TestTools.UITesting.UITestControl.FindControlIfNecessary()
   at Microsoft.VisualStudio.TestTools.UITesting.UITestControl.Click(MouseButtons button, ModifierKeys modifierKeys, Point relativeCoordinates)
   at Microsoft.VisualStudio.TestTools.UITesting.Mouse.ClickImplementation(UITestControl control, MouseButtons button, ModifierKeys modifierKeys, Point relativeCoordinate)
   at Microsoft.VisualStudio.TestTools.UITesting.Mouse.ClickImplementationWrapper(UITestControl control, MouseButtons button, ModifierKeys modifierKeys, Point relativeCoordinate)
W, 3240, 19, 2013/05/24, 09:36:42.684, 1144848833676, QTAgent32.exe, PlaybackErrorHandler: Ignoring exception as ContinueOnError is set.
W, 3240, 19, 2013/05/24, 09:36:42.919, 1144852194021, QTAgent32.exe, Playback - [WARNING] Internal warning: Window Not Found: [VisibleOnly]ControlType='Window' &amp;&amp; Name='Personal Lines' &amp;&amp; ClassName='#32770'
\0
E, 3240, 19, 2013/05/24, 09:36:42.919, 1144852196212, QTAgent32.exe, &lt;a class=failure&gt;Playback - {195} [FAILED] Function ElementFetcher::FindScreenElement failed to locate UI element (Searching: ;[VisibleOnly]ControlType='Window' &amp;&amp; Name='Personal Lines' &amp;&amp; ClassName='#32770') (The object specified was not found.)
\0&lt;/a&gt;
E, 3240, 19, 2013/05/24, 09:36:42.961, 1144852804078, QTAgent32.exe, Playback - [IMAGE] C:\Users\testuser\AppData\Local\Temp\UITestLogs\LastRun\RPFFA3.png
\0
W, 3240, 19, 2013/05/24, 09:36:42.961, 1144852805635, QTAgent32.exe, Playback - [WARNING] Internal warning: Couldn't find descendants that match QueryId
\0
W, 3240, 19, 2013/05/24, 09:37:01.045, 1145111729902, QTAgent32.exe, Playback - [WARNING] Internal warning: Window Not Found: [VisibleOnly]ControlType='Window' &amp;&amp; Name='Personal Lines' &amp;&amp; ClassName='#32770'
\0
E, 3240, 19, 2013/05/24, 09:37:01.045, 1145111732299, QTAgent32.exe, &lt;a class=failure&gt;Playback - {196} [FAILED] Function ElementFetcher::FindScreenElement failed to locate UI element (Searching: ;[VisibleOnly]ControlType='Window' &amp;&amp; Name='Personal Lines' &amp;&amp; ClassName='#32770') (The object specified was not found.)
\0&lt;/a&gt;
E, 3240, 19, 2013/05/24, 09:37:01.089, 1145112353271, QTAgent32.exe, Playback - [IMAGE] C:\Users\testuser\AppData\Local\Temp\UITestLogs\LastRun\RPF5673.png
\0
W, 3240, 19, 2013/05/24, 09:37:01.089, 1145112354848, QTAgent32.exe, Playback - [WARNING] Internal warning: Couldn't find descendants that match QueryId
\0
W, 3240, 19, 2013/05/24, 09:37:01.089, 1145112357475, QTAgent32.exe, PERF WARNING: FindTopLevelWindowHelper::FindAllDescendents: took 18127 ms. Expected it to take maximum 500 ms.
W, 3240, 19, 2013/05/24, 09:37:01.539, 1145118803205, QTAgent32.exe, Playback - [WARNING] Internal warning: Smart Match failed
\0
W, 3240, 19, 2013/05/24, 09:37:01.729, 1145121522058, QTAgent32.exe, Playback - [WARNING] Internal warning: Smart Match failed
\0
W, 3240, 19, 2013/05/24, 09:37:01.917, 1145124217108, QTAgent32.exe, Playback - [WARNING] Internal warning: Smart Match failed
\0
W, 3240, 19, 2013/05/24, 09:37:02.106, 1145126912927, QTAgent32.exe, Playback - [WARNING] Internal warning: Smart Match failed
\0
W, 3240, 19, 2013/05/24, 09:37:02.291, 1145129573332, QTAgent32.exe, Playback - [WARNING] Internal warning: Smart Match failed
\0
W, 3240, 19, 2013/05/24, 09:37:02.479, 1145132264401, QTAgent32.exe, Playback - [WARNING] Internal warning: Smart Match failed
\0
W, 3240, 19, 2013/05/24, 09:37:02.669, 1145134982076, QTAgent32.exe, Playback - [WARNING] Internal warning: Smart Match failed
\0
W, 3240, 19, 2013/05/24, 09:37:02.857, 1145137670755, QTAgent32.exe, Playback - [WARNING] Internal warning: Smart Match failed
\0
W, 3240, 19, 2013/05/24, 09:37:03.039, 1145140286399, QTAgent32.exe, Playback - [WARNING] Internal warning: Smart Match failed
\0
W, 3240, 19, 2013/05/24, 09:37:03.225, 1145142940152, QTAgent32.exe, Playback - [WARNING] Internal warning: Smart Match failed
\0
W, 3240, 19, 2013/05/24, 09:37:03.410, 1145145594569, QTAgent32.exe, Playback - [WARNING] Internal warning: Smart Match failed
\0
W, 3240, 19, 2013/05/24, 09:37:03.596, 1145148251518, QTAgent32.exe, Playback - [WARNING] Internal warning: Smart Match failed
\0
W, 3240, 19, 2013/05/24, 09:37:03.780, 1145150880846, QTAgent32.exe, Playback - [WARNING] Internal warning: Smart Match failed
\0
W, 3240, 19, 2013/05/24, 09:37:03.964, 1145153515121, QTAgent32.exe, Playback - [WARNING] Internal warning: Smart Match failed
\0
W, 3240, 19, 2013/05/24, 09:37:04.148, 1145156160515, QTAgent32.exe, Playback - [WARNING] Internal warning: Smart Match failed
\0
W, 3240, 19, 2013/05/24, 09:37:04.224, 1145157238349, QTAgent32.exe, Playback - [WARNING] Internal warning: Window Not Found: [VisibleOnly]ControlType='Window' &amp;&amp; Name='Personal Lines' &amp;&amp; ClassName='#32770'
\0
E, 3240, 19, 2013/05/24, 09:37:04.224, 1145157240085, QTAgent32.exe, &lt;a class=failure&gt;Playback - {197} [FAILED] Function ElementFetcher::FindScreenElement failed to locate UI element (Searching: ;[VisibleOnly]ControlType='Window' &amp;&amp; Name='Personal Lines' &amp;&amp; ClassName='#32770') (The object specified was not found.)
\0&lt;/a&gt;
E, 3240, 19, 2013/05/24, 09:37:04.267, 1145157860485, QTAgent32.exe, Playback - [IMAGE] C:\Users\testuser\AppData\Local\Temp\UITestLogs\LastRun\RPF62E3.png
\0
W, 3240, 19, 2013/05/24, 09:37:04.267, 1145157862224, QTAgent32.exe, Playback - [WARNING] Internal warning: Couldn't find descendants that match QueryId
\0
W, 3240, 19, 2013/05/24, 09:37:04.268, 1145157865818, QTAgent32.exe, PERF WARNING: FindTopLevelWindowHelper::FindAllDescendents: took 3178 ms. Expected it to take maximum 500 ms.
E, 3240, 19, 2013/05/24, 09:37:04.268, 1145157868299, QTAgent32.exe, Exception: System.Runtime.InteropServices.COMException
	Message: Error HRESULT E_FAIL has been returned from a call to a COM component.
	Stack Trace:    at Microsoft.VisualStudio.TestTools.UITest.Playback.Engine.IRPFPlayback.FindAllScreenElements(IScreenElement pScreenElementStart, String bstrQueryId, Object&amp; pvarResKeys, Int32 cResKeys, Int32 nMaxDepth, Object[]&amp; foundDescendants)
   at Microsoft.VisualStudio.TestTools.UITest.Playback.ScreenElement.FindTopLevelWindowHelper(String queryId)
	BaseExceptionMessage: Error HRESULT E_FAIL has been returned from a call to a COM component.

E, 3240, 19, 2013/05/24, 09:37:04.268, 1145157872011, QTAgent32.exe, GetClassName for handle 1442464 failed
E, 3240, 19, 2013/05/24, 09:37:04.269, 1145157881197, QTAgent32.exe, Window 1442464 not responding. Last Win32 error 1400
E, 3240, 19, 2013/05/24, 09:37:04.269, 1145157882166, QTAgent32.exe, GetClassName for handle 1442464 failed
E, 3240, 19, 2013/05/24, 09:37:04.269, 1145157885547, QTAgent32.exe, GetClassName for handle 3015706 failed
E, 3240, 19, 2013/05/24, 09:37:04.270, 1145157903477, QTAgent32.exe, Window 3015706 not responding. Last Win32 error 1400
E, 3240, 19, 2013/05/24, 09:37:04.270, 1145157905301, QTAgent32.exe, GetClassName for handle 3015706 failed
E, 3240, 19, 2013/05/24, 09:37:04.370, 1145159337914, QTAgent32.exe, AL: Playback Error: Microsoft.VisualStudio.TestTools.UITest.Extension.UITestControlNotAvailableException: The control is not available or not valid. Additional Details: 
TechnologyName:  'MSAA'
ControlType:  'Button'
 ---&gt; Microsoft.VisualStudio.TestTools.UITest.Extension.UITestControlNotAvailableException: The control is not available or not valid. Additional Details: 
TechnologyName:  'MSAA'
ControlType:  'Window'
 ---&gt; System.Runtime.InteropServices.COMException: Error HRESULT E_FAIL has been returned from a call to a COM component.
   at Microsoft.VisualStudio.TestTools.UITest.Playback.Engine.IRPFPlayback.FindAllScreenElements(IScreenElement pScreenElementStart, String bstrQueryId, Object&amp; pvarResKeys, Int32 cResKeys, Int32 nMaxDepth, Object[]&amp; foundDescendants)
   at Microsoft.VisualStudio.TestTools.UITest.Playback.ScreenElement.FindTopLevelWindowHelper(String queryId)
   at Microsoft.VisualStudio.TestTools.UITest.Playback.ScreenElement.FindFromPartialQueryId(String queryId)
   at Microsoft.VisualStudio.TestTools.UITesting.UITestControl.EnsureValid(Boolean waitForReady, Boolean refetch)
   --- End of inner exception stack trace ---
   at Microsoft.VisualStudio.TestTools.UITesting.UITestControl.EnsureValid(Boolean waitForReady, Boolean refetch)
   at Microsoft.VisualStudio.TestTools.UITesting.UITestControl.FindFirstDescendant(String queryId, Int32 maxDepth, Int32&amp; timeLeft)
   at Microsoft.VisualStudio.TestTools.UITesting.UITestControl.FindFirstDescendant(String queryId)
   at Microsoft.VisualStudio.TestTools.UITesting.UITestControl.EnsureValid(Boolean waitForReady, Boolean refetch)
   --- End of inner exception stack trace ---
   at Microsoft.VisualStudio.TestTools.UITesting.UITestControl.EnsureValid(Boolean waitForReady, Boolean refetch)
   at Microsoft.VisualStudio.TestTools.UITesting.UITestControl.Click(MouseButtons button, ModifierKeys modifierKeys, Point relativeCoordinates)
   at Microsoft.VisualStudio.TestTools.UITesting.Mouse.ClickImplementation(UITestControl control, MouseButtons button, ModifierKeys modifierKeys, Point relativeCoordinate)
   at Microsoft.VisualStudio.TestTools.UITesting.Mouse.ClickImplementationWrapper(UITestControl control, MouseButtons button, ModifierKeys modifierKeys, Point relativeCoordinate)
W, 3240, 19, 2013/05/24, 09:37:04.370, 1145159339521, QTAgent32.exe, PlaybackErrorHandler: Ignoring exception as ContinueOnError is set.
W, 3240, 19, 2013/05/24, 09:37:04.517, 1145161440535, QTAgent32.exe, &lt;a class=success&gt;Playback - {198} [SUCCESS] MouseButtonClick - "[MSAA, VisibleOnly]ControlType='Button' &amp;&amp; Name='Filter...'"
\0&lt;/a&gt;
W, 3240, 19, 2013/05/24, 09:37:04.730, 1145164483529, QTAgent32.exe, &lt;a class=success&gt;Playback - {199} [SUCCESS] SendKeys "^{HOME}" - "[MSAA, VisibleOnly]ControlType='Edit'"
\0&lt;/a&gt;
E, 3240, 19, 2013/05/24, 09:37:04.730, 1145164485411, QTAgent32.exe, Msaa.GetFocusedElement: could not find accessible object of foreground window
W, 3240, 19, 2013/05/24, 09:37:04.784, 1145165256090, QTAgent32.exe, &lt;a class=success&gt;Playback - {200} [SUCCESS] SendKeys "^+{END}" - "[MSAA, VisibleOnly]ControlType='Edit'"
\0&lt;/a&gt;
E, 3240, 19, 2013/05/24, 09:37:04.784, 1145165258172, QTAgent32.exe, Msaa.GetFocusedElement: could not find accessible object of foreground window
W, 3240, 19, 2013/05/24, 09:37:04.798, 1145165456512, QTAgent32.exe, &lt;a class=success&gt;Playback - {201} [SUCCESS] SendKeys "{DELETE}" - "[MSAA, VisibleOnly]ControlType='Edit'"
\0&lt;/a&gt;
W, 3240, 19, 2013/05/24, 09:37:05.083, 1145169541269, QTAgent32.exe, &lt;a class=success&gt;Playback - {202} [SUCCESS] SetValueAsEditBox "31/05/13" - "[MSAA, VisibleOnly]ControlType='Edit'"  &lt; Set via SendKeys &gt;
\0&lt;/a&gt;
W, 3240, 19, 2013/05/24, 09:37:05.289, 1145172486846, QTAgent32.exe, &lt;a class=success&gt;Playback - {203} [SUCCESS] SendKeys "^{HOME}" - "[MSAA, VisibleOnly]ControlType='Edit'"
\0&lt;/a&gt;
E, 3240, 19, 2013/05/24, 09:37:05.289, 1145172489013, QTAgent32.exe, Msaa.GetFocusedElement: could not find accessible object of foreground window
W, 3240, 19, 2013/05/24, 09:37:05.349, 1145173353310, QTAgent32.exe, &lt;a class=success&gt;Playback - {204} [SUCCESS] SendKeys "^+{END}" - "[MSAA, VisibleOnly]ControlType='Edit'"
\0&lt;/a&gt;
E, 3240, 19, 2013/05/24, 09:37:05.349, 1145173355046, QTAgent32.exe, Msaa.GetFocusedElement: could not find accessible object of foreground window
W, 3240, 19, 2013/05/24, 09:37:05.362, 1145173542761, QTAgent32.exe, &lt;a class=success&gt;Playback - {205} [SUCCESS] SendKeys "{DELETE}" - "[MSAA, VisibleOnly]ControlType='Edit'"
\0&lt;/a&gt;
W, 3240, 19, 2013/05/24, 09:37:05.586, 1145176751799, QTAgent32.exe, &lt;a class=success&gt;Playback - {206} [SUCCESS] SetValueAsEditBox "31/05/13" - "[MSAA, VisibleOnly]ControlType='Edit'"  &lt; Set via SendKeys &gt;
\0&lt;/a&gt;
W, 3240, 19, 2013/05/24, 09:37:05.992, 1145182561604, QTAgent32.exe, Playback - [WARNING] Internal warning: Incorrect flag set for InvokeProgrammaticAction\0
W, 3240, 19, 2013/05/24, 09:37:06.110, 1145184256082, QTAgent32.exe, &lt;a class=success&gt;Playback - {207} [SUCCESS] SetValueAsComboBox "Household" - "[MSAA, VisibleOnly]ControlType='ComboBox'"  &lt; SetValueAsComboBox, set by clicking on the item in the list box &gt;
\0&lt;/a&gt;
W, 3240, 19, 2013/05/24, 09:37:06.354, 1145187746282, QTAgent32.exe, &lt;a class=success&gt;Playback - {208} [SUCCESS] MouseButtonClick - "[MSAA, VisibleOnly]ControlType='Button' &amp;&amp; Name='Ok'"
\0&lt;/a&gt;
W, 3240, 19, 2013/05/24, 09:37:06.583, 1145191020143, QTAgent32.exe, &lt;a class=success&gt;Playback - {209} [SUCCESS] MouseButtonClick - "[MSAA, VisibleOnly]ControlType='Client'"
\0&lt;/a&gt;
W, 3240, 19, 2013/05/24, 09:37:07.460, 1145203584896, QTAgent32.exe, &lt;a class=success&gt;Playback - {210} [SUCCESS] MouseButtonClick - "[MSAA, VisibleOnly]ControlType='Client'"
\0&lt;/a&gt;
W, 3240, 19, 2013/05/24, 09:37:07.639, 1145206140186, QTAgent32.exe, &lt;a class=success&gt;Playback - {211} [SUCCESS] SendKeys "{Home}" - "[MSAA, VisibleOnly]ControlType='Client'"
\0&lt;/a&gt;
W, 3240, 19, 2013/05/24, 09:37:07.906, 1145209956908, QTAgent32.exe, &lt;a class=success&gt;Playback - {212} [SUCCESS] MouseButtonClick - "[MSAA, VisibleOnly]ControlType='Button' &amp;&amp; Name='Display Record...'"
\0&lt;/a&gt;
W, 3240, 19, 2013/05/24, 09:37:08.251, 1145214899905, QTAgent32.exe, Playback - [WARNING] Internal warning: Window Not Found: [VisibleOnly]ControlType='Window' &amp;&amp; Name='AUTO230-1001' &amp;&amp; ClassName='ThunderRT6FormDC'
\0
E, 3240, 19, 2013/05/24, 09:37:08.251, 1145214902177, QTAgent32.exe, &lt;a class=failure&gt;Playback - {213} [FAILED] Function ElementFetcher::FindScreenElement failed to locate UI element (Searching: ;[VisibleOnly]ControlType='Window' &amp;&amp; Name='AUTO230-1001' &amp;&amp; ClassName='ThunderRT6FormDC') (The object specified was not found.)
\0&lt;/a&gt;
E, 3240, 19, 2013/05/24, 09:37:08.300, 1145215596488, QTAgent32.exe, Playback - [IMAGE] C:\Users\testuser\AppData\Local\Temp\UITestLogs\LastRun\RPF729D.png
\0
W, 3240, 19, 2013/05/24, 09:37:08.300, 1145215597965, QTAgent32.exe, Playback - [WARNING] Internal warning: Couldn't find descendants that match QueryId
\0
W, 3240, 19, 2013/05/24, 09:37:26.318, 1145473589264, QTAgent32.exe, Playback - [WARNING] Internal warning: Window Not Found: [VisibleOnly]ControlType='Window' &amp;&amp; Name='AUTO230-1001' &amp;&amp; ClassName='ThunderRT6FormDC'
\0
E, 3240, 19, 2013/05/24, 09:37:26.318, 1145473591418, QTAgent32.exe, &lt;a class=failure&gt;Playback - {214} [FAILED] Function ElementFetcher::FindScreenElement failed to locate UI element (Searching: ;[VisibleOnly]ControlType='Window' &amp;&amp; Name='AUTO230-1001' &amp;&amp; ClassName='ThunderRT6FormDC') (The object specified was not found.)
\0&lt;/a&gt;
E, 3240, 19, 2013/05/24, 09:37:26.363, 1145474235037, QTAgent32.exe, Playback - [IMAGE] C:\Users\testuser\AppData\Local\Temp\UITestLogs\LastRun\RPFB92F.png
\0
W, 3240, 19, 2013/05/24, 09:37:26.363, 1145474236809, QTAgent32.exe, Playback - [WARNING] Internal warning: Couldn't find descendants that match QueryId
\0
W, 3240, 19, 2013/05/24, 09:37:26.363, 1145474239505, QTAgent32.exe, PERF WARNING: FindTopLevelWindowHelper::FindAllDescendents: took 18063 ms. Expected it to take maximum 500 ms.
W, 3240, 19, 2013/05/24, 09:37:26.913, 1145482106400, QTAgent32.exe, Playback - [WARNING] Internal warning: Window with Class "ThunderRT6FormDC" and Title "AUTO230-1001" was not found, so similar window with Class "ThunderRT6FormDC" and Title "AUTO151-1001" was accepted
\0
W, 3240, 19, 2013/05/24, 09:37:26.913, 1145482109432, QTAgent32.exe, PERF WARNING: FindTopLevelWindowHelper::FindAllDescendents: took 549 ms. Expected it to take maximum 500 ms.
W, 3240, 19, 2013/05/24, 09:37:27.052, 1145484105206, QTAgent32.exe, &lt;a class=success&gt;Playback - {215} [SUCCESS] MouseButtonClick - "[MSAA, VisibleOnly]ControlType='Button' &amp;&amp; Name='Rebroke...'"
\0&lt;/a&gt;
W, 3240, 19, 2013/05/24, 09:37:27.277, 1145487327279, QTAgent32.exe, &lt;a class=success&gt;Playback - {216} [SUCCESS] MouseButtonClick - "[MSAA, VisibleOnly]ControlType='Button' &amp;&amp; Name='Yes'"
\0&lt;/a&gt;
W, 3240, 19, 2013/05/24, 09:37:27.513, 1145490704355, QTAgent32.exe, &lt;a class=success&gt;Playback - {217} [SUCCESS] MouseButtonClick - "[MSAA, VisibleOnly]ControlType='Button' &amp;&amp; Name='Proceed'"
\0&lt;/a&gt;
W, 3240, 19, 2013/05/24, 09:37:27.741, 1145493965341, QTAgent32.exe, &lt;a class=success&gt;Playback - {218} [SUCCESS] MouseButtonClick - "[MSAA, VisibleOnly]ControlType='Button' &amp;&amp; Name='Ok'"
\0&lt;/a&gt;
W, 3240, 19, 2013/05/24, 09:37:29.206, 1145514947140, QTAgent32.exe, PERF WARNING: FindTopLevelWindowHelper::FindAllDescendents: took 1364 ms. Expected it to take maximum 500 ms.
W, 3240, 19, 2013/05/24, 09:37:29.330, 1145516717910, QTAgent32.exe, &lt;a class=success&gt;Playback - {219} [SUCCESS] MouseButtonClick - "[MSAA, VisibleOnly]ControlType='Button' &amp;&amp; Name='OK'"
\0&lt;/a&gt;
W, 3240, 19, 2013/05/24, 09:37:29.570, 1145520160867, QTAgent32.exe, &lt;a class=success&gt;Playback - {220} [SUCCESS] MouseButtonClick - "[MSAA, VisibleOnly]ControlType='Button' &amp;&amp; Name='Yes'"
\0&lt;/a&gt;
W, 3240, 19, 2013/05/24, 09:37:29.805, 1145523513799, QTAgent32.exe, &lt;a class=success&gt;Playback - {221} [SUCCESS] MouseButtonClick - "[MSAA, VisibleOnly]ControlType='Button' &amp;&amp; Name='Invite'"
\0&lt;/a&gt;
W, 3240, 19, 2013/05/24, 09:37:30.032, 1145526770803, QTAgent32.exe, &lt;a class=success&gt;Playback - {222} [SUCCESS] MouseButtonClick - "[MSAA, VisibleOnly]ControlType='Button' &amp;&amp; Name='OK'"
\0&lt;/a&gt;
W, 3240, 19, 2013/05/24, 09:37:30.282, 1145530344478, QTAgent32.exe, &lt;a class=success&gt;Playback - {223} [SUCCESS] MouseButtonClick - "[MSAA, VisibleOnly]ControlType='Button' &amp;&amp; Name='Ok'"
\0&lt;/a&gt;
W, 3240, 19, 2013/05/24, 09:37:34.274, 1145587509164, QTAgent32.exe, Playback - [WARNING] Internal warning: Window Not Found: [VisibleOnly]ControlType='Window' &amp;&amp; Name='Personal Lines' &amp;&amp; ClassName='#32770'
\0
E, 3240, 19, 2013/05/24, 09:37:34.274, 1145587511345, QTAgent32.exe, &lt;a class=failure&gt;Playback - {224} [FAILED] Function ElementFetcher::FindScreenElement failed to locate UI element (Searching: ;[VisibleOnly]ControlType='Window' &amp;&amp; Name='Personal Lines' &amp;&amp; ClassName='#32770') (The object specified was not found.)
\0&lt;/a&gt;
E, 3240, 19, 2013/05/24, 09:37:34.317, 1145588122926, QTAgent32.exe, Playback - [IMAGE] C:\Users\testuser\AppData\Local\Temp\UITestLogs\LastRun\RPFD844.png
\0
W, 3240, 19, 2013/05/24, 09:37:34.317, 1145588124673, QTAgent32.exe, Playback - [WARNING] Internal warning: Couldn't find descendants that match QueryId
\0
W, 3240, 19, 2013/05/24, 09:37:34.317, 1145588127122, QTAgent32.exe, PERF WARNING: FindTopLevelWindowHelper::FindAllDescendents: took 3935 ms. Expected it to take maximum 500 ms.
W, 3240, 19, 2013/05/24, 09:37:52.352, 1145846347888, QTAgent32.exe, Playback - [WARNING] Internal warning: Window Not Found: [VisibleOnly]ControlType='Window' &amp;&amp; Name='Personal Lines' &amp;&amp; ClassName='#32770'
\0
E, 3240, 19, 2013/05/24, 09:37:52.352, 1145846350440, QTAgent32.exe, &lt;a class=failure&gt;Playback - {225} [FAILED] Function ElementFetcher::FindScreenElement failed to locate UI element (Searching: ;[VisibleOnly]ControlType='Window' &amp;&amp; Name='Personal Lines' &amp;&amp; ClassName='#32770') (The object specified was not found.)
\0&lt;/a&gt;
E, 3240, 19, 2013/05/24, 09:37:52.396, 1145846975814, QTAgent32.exe, Playback - [IMAGE] C:\Users\testuser\AppData\Local\Temp\UITestLogs\LastRun\RPF1EE5.png
\0
W, 3240, 19, 2013/05/24, 09:37:52.396, 1145846977390, QTAgent32.exe, Playback - [WARNING] Internal warning: Couldn't find descendants that match QueryId
\0
W, 3240, 19, 2013/05/24, 09:37:52.396, 1145846979939, QTAgent32.exe, PERF WARNING: FindTopLevelWindowHelper::FindAllDescendents: took 18078 ms. Expected it to take maximum 500 ms.
W, 3240, 19, 2013/05/24, 09:37:52.854, 1145853534099, QTAgent32.exe, Playback - [WARNING] Internal warning: Smart Match failed
\0
W, 3240, 19, 2013/05/24, 09:37:53.047, 1145856306183, QTAgent32.exe, Playback - [WARNING] Internal warning: Smart Match failed
\0
W, 3240, 19, 2013/05/24, 09:37:53.240, 1145859068888, QTAgent32.exe, Playback - [WARNING] Internal warning: Smart Match failed
\0
W, 3240, 19, 2013/05/24, 09:37:53.433, 1145861826272, QTAgent32.exe, Playback - [WARNING] Internal warning: Smart Match failed
\0
W, 3240, 19, 2013/05/24, 09:37:53.625, 1145864573544, QTAgent32.exe, Playback - [WARNING] Internal warning: Smart Match failed
\0
W, 3240, 19, 2013/05/24, 09:37:53.819, 1145867350924, QTAgent32.exe, Playback - [WARNING] Internal warning: Smart Match failed
\0
W, 3240, 19, 2013/05/24, 09:37:54.017, 1145870197169, QTAgent32.exe, Playback - [WARNING] Internal warning: Smart Match failed
\0
W, 3240, 19, 2013/05/24, 09:37:54.217, 1145873049907, QTAgent32.exe, Playback - [WARNING] Internal warning: Smart Match failed
\0
W, 3240, 19, 2013/05/24, 09:37:54.432, 1145876130421, QTAgent32.exe, Playback - [WARNING] Internal warning: Smart Match failed
\0
W, 3240, 19, 2013/05/24, 09:37:54.631, 1145878988084, QTAgent32.exe, Playback - [WARNING] Internal warning: Smart Match failed
\0
W, 3240, 19, 2013/05/24, 09:37:54.830, 1145881830778, QTAgent32.exe, Playback - [WARNING] Internal warning: Smart Match failed
\0
W, 3240, 19, 2013/05/24, 09:37:55.025, 1145884622519, QTAgent32.exe, Playback - [WARNING] Internal warning: Smart Match failed
\0
W, 3240, 19, 2013/05/24, 09:37:55.222, 1145887433072, QTAgent32.exe, Playback - [WARNING] Internal warning: Smart Match failed
\0
W, 3240, 19, 2013/05/24, 09:37:55.416, 1145890225647, QTAgent32.exe, Playback - [WARNING] Internal warning: Smart Match failed
\0
W, 3240, 19, 2013/05/24, 09:37:55.502, 1145891454646, QTAgent32.exe, Playback - [WARNING] Internal warning: Window Not Found: [VisibleOnly]ControlType='Window' &amp;&amp; Name='Personal Lines' &amp;&amp; ClassName='#32770'
\0
E, 3240, 19, 2013/05/24, 09:37:55.502, 1145891456406, QTAgent32.exe, &lt;a class=failure&gt;Playback - {226} [FAILED] Function ElementFetcher::FindScreenElement failed to locate UI element (Searching: ;[VisibleOnly]ControlType='Window' &amp;&amp; Name='Personal Lines' &amp;&amp; ClassName='#32770') (The object specified was not found.)
\0&lt;/a&gt;
E, 3240, 19, 2013/05/24, 09:37:55.545, 1145892058742, QTAgent32.exe, Playback - [IMAGE] C:\Users\testuser\AppData\Local\Temp\UITestLogs\LastRun\RPF2B35.png
\0
W, 3240, 19, 2013/05/24, 09:37:55.545, 1145892060224, QTAgent32.exe, Playback - [WARNING] Internal warning: Couldn't find descendants that match QueryId
\0
W, 3240, 19, 2013/05/24, 09:37:55.545, 1145892062629, QTAgent32.exe, PERF WARNING: FindTopLevelWindowHelper::FindAllDescendents: took 3148 ms. Expected it to take maximum 500 ms.
E, 3240, 19, 2013/05/24, 09:37:55.545, 1145892064218, QTAgent32.exe, Exception: System.Runtime.InteropServices.COMException
	Message: Error HRESULT E_FAIL has been returned from a call to a COM component.
	Stack Trace:    at Microsoft.VisualStudio.TestTools.UITest.Playback.Engine.IRPFPlayback.FindAllScreenElements(IScreenElement pScreenElementStart, String bstrQueryId, Object&amp; pvarResKeys, Int32 cResKeys, Int32 nMaxDepth, Object[]&amp; foundDescendants)
   at Microsoft.VisualStudio.TestTools.UITest.Playback.ScreenElement.FindTopLevelWindowHelper(String queryId)
	BaseExceptionMessage: Error HRESULT E_FAIL has been returned from a call to a COM component.

E, 3240, 19, 2013/05/24, 09:37:55.545, 1145892069021, QTAgent32.exe, Window 1442464 not responding. Last Win32 error 0
E, 3240, 19, 2013/05/24, 09:37:55.545, 1145892070031, QTAgent32.exe, GetClassName for handle 1442464 failed
E, 3240, 19, 2013/05/24, 09:37:55.645, 1145893503227, QTAgent32.exe, AL: Playback Error: Microsoft.VisualStudio.TestTools.UITest.Extension.UITestControlNotAvailableException: The control is not available or not valid. Additional Details: 
TechnologyName:  'MSAA'
ControlType:  'Window'
 ---&gt; System.Runtime.InteropServices.COMException: Error HRESULT E_FAIL has been returned from a call to a COM component.
   at Microsoft.VisualStudio.TestTools.UITest.Playback.Engine.IRPFPlayback.FindAllScreenElements(IScreenElement pScreenElementStart, String bstrQueryId, Object&amp; pvarResKeys, Int32 cResKeys, Int32 nMaxDepth, Object[]&amp; foundDescendants)
   at Microsoft.VisualStudio.TestTools.UITest.Playback.ScreenElement.FindTopLevelWindowHelper(String queryId)
   at Microsoft.VisualStudio.TestTools.UITest.Playback.ScreenElement.FindFromPartialQueryId(String queryId)
   at Microsoft.VisualStudio.TestTools.UITesting.UITestControl.EnsureValid(Boolean waitForReady, Boolean refetch)
   --- End of inner exception stack trace ---
   at Microsoft.VisualStudio.TestTools.UITesting.UITestControl.EnsureValid(Boolean waitForReady, Boolean refetch)
   at Microsoft.VisualStudio.TestTools.UITesting.UITestControl.FindFirstDescendant(String queryId, Int32 maxDepth, Int32&amp; timeLeft)
   at Microsoft.VisualStudio.TestTools.UITesting.SearchHelper.GetElement(Boolean useCache, ISearchArgument searchArg)
   at Microsoft.VisualStudio.TestTools.UITesting.SearchHelper.Search(ISearchArgument searchArg)
   at Microsoft.VisualStudio.TestTools.UITesting.UITestControl.FindInternal()
   at Microsoft.VisualStudio.TestTools.UITesting.UITestControl.FindControlIfNecessary()
   at Microsoft.VisualStudio.TestTools.UITesting.UITestControl.Click(MouseButtons button, ModifierKeys modifierKeys, Point relativeCoordinates)
   at Microsoft.VisualStudio.TestTools.UITesting.Mouse.ClickImplementation(UITestControl control, MouseButtons button, ModifierKeys modifierKeys, Point relativeCoordinate)
   at Microsoft.VisualStudio.TestTools.UITesting.Mouse.ClickImplementationWrapper(UITestControl control, MouseButtons button, ModifierKeys modifierKeys, Point relativeCoordinate)
W, 3240, 19, 2013/05/24, 09:37:55.646, 1145893505088, QTAgent32.exe, PlaybackErrorHandler: Ignoring exception as ContinueOnError is set.
W, 3240, 19, 2013/05/24, 09:37:55.774, 1145895351241, QTAgent32.exe, &lt;a class=success&gt;Playback - {227} [SUCCESS] Check - "[MSAA, VisibleOnly]ControlType='CheckBox' &amp;&amp; Name='Defer Printing?'"
\0&lt;/a&gt;
W, 3240, 19, 2013/05/24, 09:37:56.356, 1145903674151, QTAgent32.exe, &lt;a class=success&gt;Playback - {228} [SUCCESS] MouseButtonClick - "[MSAA, VisibleOnly]ControlType='Button' &amp;&amp; Name='Ok'"
\0&lt;/a&gt;
W, 3240, 19, 2013/05/24, 09:37:56.458, 1145905135871, QTAgent32.exe, Playback - [WARNING] Internal warning: Thread state based WFR - Requested element has invalid HWND
\0
W, 3240, 19, 2013/05/24, 09:37:56.458, 1145905137003, QTAgent32.exe, Playback - [WARNING] Internal warning: process performance counters based WFR - Requested element has invalid HWND
\0
E, 3240, 19, 2013/05/24, 09:37:56.458, 1145905139664, QTAgent32.exe, EnsureValid called via EnsureValid call for same element
E, 3240, 19, 2013/05/24, 09:37:56.458, 1145905141147, QTAgent32.exe, EnsureValid called via EnsureValid call for same element
E, 3240, 19, 2013/05/24, 09:37:56.458, 1145905142223, QTAgent32.exe, EnsureValid called via EnsureValid call for same element
E, 3240, 19, 2013/05/24, 09:37:56.458, 1145905145894, QTAgent32.exe, Window 1312194 not responding. Last Win32 error 0
E, 3240, 19, 2013/05/24, 09:37:56.458, 1145905146854, QTAgent32.exe, GetClassName for handle 1312194 failed
W, 3240, 19, 2013/05/24, 09:37:59.058, 1145942370725, QTAgent32.exe, PERF WARNING: FindTopLevelWindowHelper::FindAllDescendents: took 2599 ms. Expected it to take maximum 500 ms.
W, 3240, 19, 2013/05/24, 09:37:59.191, 1145944275786, QTAgent32.exe, &lt;a class=success&gt;Playback - {229} [SUCCESS] Uncheck - "[MSAA, VisibleOnly]ControlType='CheckBox' &amp;&amp; Name='Add Activity'"
\0&lt;/a&gt;
W, 3240, 19, 2013/05/24, 09:37:59.525, 1145949048217, QTAgent32.exe, &lt;a class=success&gt;Playback - {230} [SUCCESS] MouseButtonClick - "[MSAA, VisibleOnly]ControlType='Button' &amp;&amp; Name='Ok'"
\0&lt;/a&gt;
W, 3240, 19, 2013/05/24, 09:38:02.367, 1145989744414, QTAgent32.exe, PERF WARNING: FindTopLevelWindowHelper::FindAllDescendents: took 2728 ms. Expected it to take maximum 500 ms.
W, 3240, 19, 2013/05/24, 09:38:02.502, 1145991688997, QTAgent32.exe, &lt;a class=success&gt;Playback - {231} [SUCCESS] MouseButtonClick - "[MSAA, VisibleOnly]ControlType='Button' &amp;&amp; Name='OK'"
\0&lt;/a&gt;
W, 3240, 19, 2013/05/24, 09:38:04.117, 1146014801449, QTAgent32.exe, Playback - [WARNING] Internal warning: Target element "[MSAA, VisibleOnly]ControlType='Button' &amp;&amp; Name=&gt;'Renew Policy'" was not found, so all intermediate elements were ignored. An incorrect element that matches target element Id can be found as the result.  Verify that all intermediate elements in QueryId have valid and unique Ids
\0
W, 3240, 19, 2013/05/24, 09:38:04.630, 1146022153106, QTAgent32.exe, PERF WARNING: FindAllDescendents: took 2018 ms. Expected it to take maximum 500 ms.
W, 3240, 19, 2013/05/24, 09:38:05.389, 1146033017457, QTAgent32.exe, &lt;a class=success&gt;Playback - {232} [SUCCESS] MouseButtonClick - "[MSAA, VisibleOnly]ControlType='Button' &amp;&amp; Name=&gt;'Renew Policy'"
\0&lt;/a&gt;
W, 3240, 19, 2013/05/24, 09:38:11.078, 1146114462800, QTAgent32.exe, Playback - [WARNING] Internal warning: Window Not Found: [VisibleOnly]ControlType='Window' &amp;&amp; Name='Confirm' &amp;&amp; ClassName='#32770'
\0
E, 3240, 19, 2013/05/24, 09:38:11.078, 1146114465015, QTAgent32.exe, &lt;a class=failure&gt;Playback - {233} [FAILED] Function ElementFetcher::FindScreenElement failed to locate UI element (Searching: ;[VisibleOnly]ControlType='Window' &amp;&amp; Name='Confirm' &amp;&amp; ClassName='#32770') (The object specified was not found.)
\0&lt;/a&gt;
E, 3240, 19, 2013/05/24, 09:38:11.122, 1146115093314, QTAgent32.exe, Playback - [IMAGE] C:\Users\testuser\AppData\Local\Temp\UITestLogs\LastRun\RPF6807.png
\0
W, 3240, 19, 2013/05/24, 09:38:11.122, 1146115094891, QTAgent32.exe, Playback - [WARNING] Internal warning: Couldn't find descendants that match QueryId
\0
W, 3240, 19, 2013/05/24, 09:38:11.122, 1146115097397, QTAgent32.exe, PERF WARNING: FindTopLevelWindowHelper::FindAllDescendents: took 5632 ms. Expected it to take maximum 500 ms.
W, 3240, 19, 2013/05/24, 09:38:14.530, 1146163896150, QTAgent32.exe, PERF WARNING: FindTopLevelWindowHelper::FindAllDescendents: took 3407 ms. Expected it to take maximum 500 ms.
W, 3240, 19, 2013/05/24, 09:38:16.655, 1146194319413, QTAgent32.exe, &lt;a class=success&gt;Playback - {234} [SUCCESS] MouseButtonClick - "[MSAA, VisibleOnly]ControlType='Button' &amp;&amp; Name='Yes'"
\0&lt;/a&gt;
W, 3240, 19, 2013/05/24, 09:38:17.294, 1146203471848, QTAgent32.exe, PERF WARNING: FindTopLevelWindowHelper::FindAllDescendents: took 536 ms. Expected it to take maximum 500 ms.
W, 3240, 19, 2013/05/24, 09:38:17.420, 1146205282193, QTAgent32.exe, &lt;a class=success&gt;Playback - {235} [SUCCESS] MouseButtonClick - "[MSAA, VisibleOnly]ControlType='Button' &amp;&amp; Name='Ok'"
\0&lt;/a&gt;
W, 3240, 19, 2013/05/24, 09:38:21.574, 1146264760389, QTAgent32.exe, Playback - [WARNING] Internal warning: Window Not Found: [VisibleOnly]ControlType='Window' &amp;&amp; Name='Personal Lines' &amp;&amp; ClassName='#32770'
\0
E, 3240, 19, 2013/05/24, 09:38:21.574, 1146264762633, QTAgent32.exe, &lt;a class=failure&gt;Playback - {236} [FAILED] Function ElementFetcher::FindScreenElement failed to locate UI element (Searching: ;[VisibleOnly]ControlType='Window' &amp;&amp; Name='Personal Lines' &amp;&amp; ClassName='#32770') (The object specified was not found.)
\0&lt;/a&gt;
E, 3240, 19, 2013/05/24, 09:38:21.620, 1146265417302, QTAgent32.exe, Playback - [IMAGE] C:\Users\testuser\AppData\Local\Temp\UITestLogs\LastRun\RPF910B.png
\0
W, 3240, 19, 2013/05/24, 09:38:21.620, 1146265418937, QTAgent32.exe, Playback - [WARNING] Internal warning: Couldn't find descendants that match QueryId
\0
W, 3240, 19, 2013/05/24, 09:38:21.620, 1146265421483, QTAgent32.exe, PERF WARNING: FindTopLevelWindowHelper::FindAllDescendents: took 4100 ms. Expected it to take maximum 500 ms.
W, 3240, 19, 2013/05/24, 09:38:28.943, 1146370272180, QTAgent32.exe, PERF WARNING: FindTopLevelWindowHelper::FindAllDescendents: took 7322 ms. Expected it to take maximum 500 ms.
W, 3240, 19, 2013/05/24, 09:38:29.067, 1146372049191, QTAgent32.exe, &lt;a class=success&gt;Playback - {237} [SUCCESS] MouseButtonClick - "[MSAA, VisibleOnly]ControlType='Button' &amp;&amp; Name='OK'"
\0&lt;/a&gt;
W, 3240, 19, 2013/05/24, 09:38:29.168, 1146373485140, QTAgent32.exe, Playback - [WARNING] Internal warning: Thread state based WFR - Requested element has invalid HWND
\0
W, 3240, 19, 2013/05/24, 09:38:29.168, 1146373486438, QTAgent32.exe, Playback - [WARNING] Internal warning: process performance counters based WFR - Requested element has invalid HWND
\0
E, 3240, 19, 2013/05/24, 09:38:29.168, 1146373488976, QTAgent32.exe, EnsureValid called via EnsureValid call for same element
E, 3240, 19, 2013/05/24, 09:38:29.168, 1146373490644, QTAgent32.exe, EnsureValid called via EnsureValid call for same element
E, 3240, 19, 2013/05/24, 09:38:29.168, 1146373491637, QTAgent32.exe, EnsureValid called via EnsureValid call for same element
E, 3240, 19, 2013/05/24, 09:38:29.168, 1146373495259, QTAgent32.exe, Window 2361048 not responding. Last Win32 error 0
E, 3240, 19, 2013/05/24, 09:38:29.168, 1146373496056, QTAgent32.exe, GetClassName for handle 2361048 failed
W, 3240, 19, 2013/05/24, 09:38:33.663, 1146437852878, QTAgent32.exe, Playback - [WARNING] Internal warning: Window Not Found: [VisibleOnly]ControlType='Window' &amp;&amp; Name='Print Documents' &amp;&amp; ClassName='ThunderRT6FormDC'
\0
E, 3240, 19, 2013/05/24, 09:38:33.663, 1146437854877, QTAgent32.exe, &lt;a class=failure&gt;Playback - {238} [FAILED] Function ElementFetcher::FindScreenElement failed to locate UI element (Searching: ;[VisibleOnly]ControlType='Window' &amp;&amp; Name='Print Documents' &amp;&amp; ClassName='ThunderRT6FormDC') (The object specified was not found.)
\0&lt;/a&gt;
E, 3240, 19, 2013/05/24, 09:38:33.708, 1146438490067, QTAgent32.exe, Playback - [IMAGE] C:\Users\testuser\AppData\Local\Temp\UITestLogs\LastRun\RPFC046.png
\0
W, 3240, 19, 2013/05/24, 09:38:33.708, 1146438491599, QTAgent32.exe, Playback - [WARNING] Internal warning: Couldn't find descendants that match QueryId
\0
W, 3240, 19, 2013/05/24, 09:38:33.708, 1146438494069, QTAgent32.exe, PERF WARNING: FindTopLevelWindowHelper::FindAllDescendents: took 4539 ms. Expected it to take maximum 500 ms.
W, 3240, 19, 2013/05/24, 09:38:34.700, 1146452699476, QTAgent32.exe, PERF WARNING: FindTopLevelWindowHelper::FindAllDescendents: took 991 ms. Expected it to take maximum 500 ms.
W, 3240, 19, 2013/05/24, 09:38:34.924, 1146455907616, QTAgent32.exe, &lt;a class=success&gt;Playback - {239} [SUCCESS] Check - "[MSAA, VisibleOnly]ControlType='CheckBox' &amp;&amp; Name='Defer Printing?'"
\0&lt;/a&gt;
W, 3240, 19, 2013/05/24, 09:38:35.259, 1146460697244, QTAgent32.exe, &lt;a class=success&gt;Playback - {240} [SUCCESS] MouseButtonClick - "[MSAA, VisibleOnly]ControlType='Button' &amp;&amp; Name='Ok'"
\0&lt;/a&gt;
W, 3240, 19, 2013/05/24, 09:38:37.827, 1146497474051, QTAgent32.exe, &lt;a class=success&gt;Playback - {241} [SUCCESS] MouseButtonClick - "[MSAA, VisibleOnly]ControlType='Button' &amp;&amp; Name='OK'"
\0&lt;/a&gt;
W, 3240, 19, 2013/05/24, 09:38:37.927, 1146498906507, QTAgent32.exe, Playback - [WARNING] Internal warning: Thread state based WFR - Requested element has invalid HWND
\0
W, 3240, 19, 2013/05/24, 09:38:37.927, 1146498907616, QTAgent32.exe, Playback - [WARNING] Internal warning: process performance counters based WFR - Requested element has invalid HWND
\0
E, 3240, 19, 2013/05/24, 09:38:37.927, 1146498910135, QTAgent32.exe, EnsureValid called via EnsureValid call for same element
E, 3240, 19, 2013/05/24, 09:38:37.928, 1146498911828, QTAgent32.exe, EnsureValid called via EnsureValid call for same element
E, 3240, 19, 2013/05/24, 09:38:37.928, 1146498912844, QTAgent32.exe, EnsureValid called via EnsureValid call for same element
E, 3240, 19, 2013/05/24, 09:38:37.928, 1146498916226, QTAgent32.exe, GetClassName for handle 1770348 failed
E, 3240, 19, 2013/05/24, 09:38:37.929, 1146498930397, QTAgent32.exe, Window 1770348 not responding. Last Win32 error 1400
E, 3240, 19, 2013/05/24, 09:38:37.929, 1146498932158, QTAgent32.exe, GetClassName for handle 1770348 failed
W, 3240, 19, 2013/05/24, 09:38:38.065, 1146500874241, QTAgent32.exe, &lt;a class=success&gt;Playback - {242} [SUCCESS] Uncheck - "[MSAA, VisibleOnly]ControlType='CheckBox' &amp;&amp; Name='Add Activity'"
\0&lt;/a&gt;
W, 3240, 19, 2013/05/24, 09:38:38.452, 1146506417184, QTAgent32.exe, &lt;a class=success&gt;Playback - {243} [SUCCESS] MouseButtonClick - "[MSAA, VisibleOnly]ControlType='Button' &amp;&amp; Name='Ok'"
\0&lt;/a&gt;
W, 3240, 19, 2013/05/24, 09:38:38.691, 1146509831410, QTAgent32.exe, &lt;a class=success&gt;Playback - {244} [SUCCESS] MouseButtonClick - "[MSAA, VisibleOnly]ControlType='Button' &amp;&amp; Name='Ok'"
\0&lt;/a&gt;
W, 3240, 19, 2013/05/24, 09:38:42.111, 1146558810642, QTAgent32.exe, PERF WARNING: FindTopLevelWindowHelper::FindAllDescendents: took 3311 ms. Expected it to take maximum 500 ms.
W, 3240, 19, 2013/05/24, 09:38:42.315, 1146561726496, QTAgent32.exe, &lt;a class=success&gt;Playback - {245} [SUCCESS] DoSelect - "[MSAA, VisibleOnly]ControlType='List'"
\0&lt;/a&gt;
W, 3240, 19, 2013/05/24, 09:38:42.559, 1146565214035, QTAgent32.exe, &lt;a class=success&gt;Playback - {246} [SUCCESS] MouseButtonClick - "[MSAA, VisibleOnly]ControlType='Button' &amp;&amp; Name='Ok'"
\0&lt;/a&gt;
W, 3240, 19, 2013/05/24, 09:38:45.558, 1146608166867, QTAgent32.exe, PERF WARNING: FindTopLevelWindowHelper::FindAllDescendents: took 2899 ms. Expected it to take maximum 500 ms.
W, 3240, 19, 2013/05/24, 09:38:45.688, 1146610025634, QTAgent32.exe, &lt;a class=success&gt;Playback - {247} [SUCCESS] MouseButtonClick - "[MSAA, VisibleOnly]ControlType='Button' &amp;&amp; Name='OK'"
\0&lt;/a&gt;
W, 3240, 19, 2013/05/24, 09:38:48.861, 1146655454755, QTAgent32.exe, PERF WARNING: FindAllDescendents: took 3072 ms. Expected it to take maximum 500 ms.
W, 3240, 19, 2013/05/24, 09:38:49.688, 1146667304577, QTAgent32.exe, &lt;a class=success&gt;Playback - {248} [SUCCESS] MouseButtonClick - "[MSAA, VisibleOnly]ControlType='Button' &amp;&amp; Name='Exit'"
\0&lt;/a&gt;
W, 3240, 19, 2013/05/24, 09:38:50.035, 1146672267296, QTAgent32.exe, &lt;a class=success&gt;Playback - {249} [SUCCESS] MouseButtonClick - "[MSAA, VisibleOnly]ControlType='Button' &amp;&amp; Name='Yes'"
\0&lt;/a&gt;
W, 3240, 19, 2013/05/24, 09:38:50.372, 1146677082713, QTAgent32.exe, &lt;a class=success&gt;Playback - {250} [SUCCESS] MouseButtonClick - "[MSAA, VisibleOnly]ControlType='Button' &amp;&amp; Name='Cancel'"
\0&lt;/a&gt;
W, 3240, 19, 2013/05/24, 09:38:50.708, 1146681903035, QTAgent32.exe, &lt;a class=success&gt;Playback - {251} [SUCCESS] MouseButtonClick - "[MSAA, VisibleOnly]ControlType='Button'"
\0&lt;/a&gt;
W, 3240, 19, 2013/05/24, 09:38:51.092, 1146687403547, QTAgent32.exe, &lt;a class=success&gt;Playback - {252} [SUCCESS] MouseButtonClick - "[MSAA, VisibleOnly]ControlType='Button' &amp;&amp; Name='Detail'"
\0&lt;/a&gt;
W, 3240, 19, 2013/05/24, 09:38:51.396, 1146691745513, QTAgent32.exe, &lt;a class=success&gt;Playback - {253} [SUCCESS] MouseButtonClick - "[MSAA, VisibleOnly]ControlType='Button' &amp;&amp; Name='Cancel'"
\0&lt;/a&gt;
W, 3240, 19, 2013/05/24, 09:38:53.987, 1146728860194, QTAgent32.exe, IEDOM : StopSession of the plugin called before StartSession
W, 3240, 19, 2013/05/24, 09:38:53.987, 1146728861152, QTAgent32.exe, UIA : StopSession of the plugin called before StartSession
</DebugTrace>
      </Output>
    </UnitTestResult>
    <UnitTestResult executionId="44b1be17-84df-4b75-bdc5-422a38cf4487" testId="a0f51a54-7cb2-4ad5-9dc0-3545e9f02b07" testName="HouseRebrokeRenewExistingScheme" computerName="ICDVDEVTM01" duration="00:09:16.9155644" startTime="2013-05-24T09:38:54.0005008+01:00" endTime="2013-05-24T09:48:10.9242212+01:00" testType="13cdc9d9-ddb5-4fa4-a97d-d965ccfc6d4b" outcome="Passed" testListId="8c84fa94-04c1-424b-9868-57a2d4851a1d" relativeResultsDirectory="44b1be17-84df-4b75-bdc5-422a38cf4487">
      <Output>
        <DebugTrace>W, 3240, 13, 2013/05/24, 09:38:58.311, 1146790764258, QTAgent32.exe, &lt;a class=success&gt;Playback - {1} [SUCCESS] MouseButtonClick - "[MSAA, VisibleOnly]ControlType='Edit'"
\0&lt;/a&gt;
W, 3240, 13, 2013/05/24, 09:38:58.500, 1146793462206, QTAgent32.exe, &lt;a class=success&gt;Playback - {2} [SUCCESS] SendKeys "[*]" - "[MSAA, VisibleOnly]ControlType='Edit'"
\0&lt;/a&gt;
W, 3240, 13, 2013/05/24, 09:38:59.200, 1146803488899, QTAgent32.exe, &lt;a class=success&gt;Playback - {3} [SUCCESS] MouseButtonClick - "[MSAA, VisibleOnly]ControlType='Button' &amp;&amp; Name='OK'"
\0&lt;/a&gt;
W, 3240, 13, 2013/05/24, 09:38:59.366, 1146805862457, QTAgent32.exe, &lt;a class=success&gt;Playback - {4} [SUCCESS] SendKeys "^{HOME}" - "[MSAA, VisibleOnly]ControlType='Edit'"
\0&lt;/a&gt;
E, 3240, 13, 2013/05/24, 09:38:59.366, 1146805864307, QTAgent32.exe, Msaa.GetFocusedElement: could not find accessible object of foreground window
W, 3240, 13, 2013/05/24, 09:38:59.420, 1146806635586, QTAgent32.exe, &lt;a class=success&gt;Playback - {5} [SUCCESS] SendKeys "^+{END}" - "[MSAA, VisibleOnly]ControlType='Edit'"
\0&lt;/a&gt;
E, 3240, 13, 2013/05/24, 09:38:59.420, 1146806636989, QTAgent32.exe, Msaa.GetFocusedElement: could not find accessible object of foreground window
W, 3240, 13, 2013/05/24, 09:38:59.433, 1146806830171, QTAgent32.exe, &lt;a class=success&gt;Playback - {6} [SUCCESS] SendKeys "{DELETE}" - "[MSAA, VisibleOnly]ControlType='Edit'"
\0&lt;/a&gt;
W, 3240, 13, 2013/05/24, 09:38:59.656, 1146810026148, QTAgent32.exe, &lt;a class=success&gt;Playback - {7} [SUCCESS] SetValueAsEditBox "24/05/2013" - "[MSAA, VisibleOnly]ControlType='Edit'"  &lt; Set via SendKeys &gt;
\0&lt;/a&gt;
W, 3240, 13, 2013/05/24, 09:38:59.935, 1146814013977, QTAgent32.exe, Playback - [WARNING] Internal warning: Incorrect flag set for InvokeProgrammaticAction\0
W, 3240, 13, 2013/05/24, 09:39:00.053, 1146815707581, QTAgent32.exe, &lt;a class=success&gt;Playback - {8} [SUCCESS] SetValueAsComboBox "May" - "[MSAA, VisibleOnly]ControlType='ComboBox'"  &lt; SetValueAsComboBox, set by clicking on the item in the list box &gt;
\0&lt;/a&gt;
W, 3240, 13, 2013/05/24, 09:39:00.217, 1146818048958, QTAgent32.exe, &lt;a class=success&gt;Playback - {9} [SUCCESS] SendKeys "^{HOME}" - "[MSAA, VisibleOnly]ControlType='Edit'"
\0&lt;/a&gt;
E, 3240, 13, 2013/05/24, 09:39:00.217, 1146818050701, QTAgent32.exe, Msaa.GetFocusedElement: could not find accessible object of foreground window
W, 3240, 13, 2013/05/24, 09:39:00.279, 1146818935891, QTAgent32.exe, &lt;a class=success&gt;Playback - {10} [SUCCESS] SendKeys "^+{END}" - "[MSAA, VisibleOnly]ControlType='Edit'"
\0&lt;/a&gt;
E, 3240, 13, 2013/05/24, 09:39:00.279, 1146818943289, QTAgent32.exe, Msaa.GetFocusedElement: could not find accessible object of foreground window
W, 3240, 13, 2013/05/24, 09:39:00.305, 1146819309663, QTAgent32.exe, &lt;a class=success&gt;Playback - {11} [SUCCESS] SendKeys "{DELETE}" - "[MSAA, VisibleOnly]ControlType='Edit'"
\0&lt;/a&gt;
W, 3240, 13, 2013/05/24, 09:39:00.394, 1146820593915, QTAgent32.exe, &lt;a class=success&gt;Playback - {12} [SUCCESS] SetValueAsEditBox "2013" - "[MSAA, VisibleOnly]ControlType='Edit'"  &lt; Set via SendKeys &gt;
\0&lt;/a&gt;
W, 3240, 13, 2013/05/24, 09:39:00.610, 1146823688096, QTAgent32.exe, &lt;a class=success&gt;Playback - {13} [SUCCESS] MouseButtonClick - "[MSAA, VisibleOnly]ControlType='Button' &amp;&amp; Name='OK'"
\0&lt;/a&gt;
W, 3240, 13, 2013/05/24, 09:39:01.581, 1146837584412, QTAgent32.exe, Playback - [WARNING] Internal warning: Window Not Found: [VisibleOnly]ControlType='Window' &amp;&amp; Name='Warning' &amp;&amp; ClassName='#32770'
\0
E, 3240, 13, 2013/05/24, 09:39:01.581, 1146837587240, QTAgent32.exe, &lt;a class=failure&gt;Playback - {14} [FAILED] Function ElementFetcher::FindScreenElement failed to locate UI element (Searching: ;[VisibleOnly]ControlType='Window' &amp;&amp; Name='Warning' &amp;&amp; ClassName='#32770') (The object specified was not found.)
\0&lt;/a&gt;
E, 3240, 13, 2013/05/24, 09:39:01.623, 1146838188683, QTAgent32.exe, Playback - [IMAGE] C:\Users\testuser\AppData\Local\Temp\UITestLogs\LastRun\RPF2D5B.png
\0
W, 3240, 13, 2013/05/24, 09:39:01.623, 1146838190282, QTAgent32.exe, Playback - [WARNING] Internal warning: Couldn't find descendants that match QueryId
\0
W, 3240, 13, 2013/05/24, 09:39:01.623, 1146838192701, QTAgent32.exe, PERF WARNING: FindTopLevelWindowHelper::FindAllDescendents: took 893 ms. Expected it to take maximum 500 ms.
W, 3240, 13, 2013/05/24, 09:39:19.620, 1147095868147, QTAgent32.exe, Playback - [WARNING] Internal warning: Window Not Found: [VisibleOnly]ControlType='Window' &amp;&amp; Name='Warning' &amp;&amp; ClassName='#32770'
\0
E, 3240, 13, 2013/05/24, 09:39:19.620, 1147095870538, QTAgent32.exe, &lt;a class=failure&gt;Playback - {15} [FAILED] Function ElementFetcher::FindScreenElement failed to locate UI element (Searching: ;[VisibleOnly]ControlType='Window' &amp;&amp; Name='Warning' &amp;&amp; ClassName='#32770') (The object specified was not found.)
\0&lt;/a&gt;
E, 3240, 13, 2013/05/24, 09:39:19.664, 1147096499523, QTAgent32.exe, Playback - [IMAGE] C:\Users\testuser\AppData\Local\Temp\UITestLogs\LastRun\RPF73CE.png
\0
W, 3240, 13, 2013/05/24, 09:39:19.664, 1147096501049, QTAgent32.exe, Playback - [WARNING] Internal warning: Couldn't find descendants that match QueryId
\0
W, 3240, 13, 2013/05/24, 09:39:19.664, 1147096503569, QTAgent32.exe, PERF WARNING: FindTopLevelWindowHelper::FindAllDescendents: took 18040 ms. Expected it to take maximum 500 ms.
W, 3240, 13, 2013/05/24, 09:39:20.101, 1147102754453, QTAgent32.exe, Playback - [WARNING] Internal warning: Smart Match failed
\0
W, 3240, 13, 2013/05/24, 09:39:20.261, 1147105049158, QTAgent32.exe, Playback - [WARNING] Internal warning: Smart Match failed
\0
W, 3240, 13, 2013/05/24, 09:39:20.433, 1147107516571, QTAgent32.exe, Playback - [WARNING] Internal warning: Smart Match failed
\0
W, 3240, 13, 2013/05/24, 09:39:20.591, 1147109779207, QTAgent32.exe, Playback - [WARNING] Internal warning: Smart Match failed
\0
W, 3240, 13, 2013/05/24, 09:39:20.750, 1147112046446, QTAgent32.exe, Playback - [WARNING] Internal warning: Smart Match failed
\0
W, 3240, 13, 2013/05/24, 09:39:20.910, 1147114340050, QTAgent32.exe, Playback - [WARNING] Internal warning: Smart Match failed
\0
W, 3240, 13, 2013/05/24, 09:39:21.067, 1147116596384, QTAgent32.exe, Playback - [WARNING] Internal warning: Smart Match failed
\0
W, 3240, 13, 2013/05/24, 09:39:21.230, 1147118922962, QTAgent32.exe, Playback - [WARNING] Internal warning: Smart Match failed
\0
W, 3240, 13, 2013/05/24, 09:39:21.391, 1147121228772, QTAgent32.exe, Playback - [WARNING] Internal warning: Smart Match failed
\0
W, 3240, 13, 2013/05/24, 09:39:21.557, 1147123595021, QTAgent32.exe, Playback - [WARNING] Internal warning: Smart Match failed
\0
W, 3240, 13, 2013/05/24, 09:39:21.720, 1147125932378, QTAgent32.exe, Playback - [WARNING] Internal warning: Smart Match failed
\0
W, 3240, 13, 2013/05/24, 09:39:21.884, 1147128279514, QTAgent32.exe, Playback - [WARNING] Internal warning: Smart Match failed
\0
W, 3240, 13, 2013/05/24, 09:39:22.045, 1147130591409, QTAgent32.exe, Playback - [WARNING] Internal warning: Smart Match failed
\0
W, 3240, 13, 2013/05/24, 09:39:22.210, 1147132950888, QTAgent32.exe, Playback - [WARNING] Internal warning: Smart Match failed
\0
W, 3240, 13, 2013/05/24, 09:39:22.372, 1147135276337, QTAgent32.exe, Playback - [WARNING] Internal warning: Smart Match failed
\0
W, 3240, 13, 2013/05/24, 09:39:22.532, 1147137568454, QTAgent32.exe, Playback - [WARNING] Internal warning: Smart Match failed
\0
W, 3240, 13, 2013/05/24, 09:39:22.695, 1147139902774, QTAgent32.exe, Playback - [WARNING] Internal warning: Smart Match failed
\0
W, 3240, 13, 2013/05/24, 09:39:22.752, 1147140717061, QTAgent32.exe, Playback - [WARNING] Internal warning: Window Not Found: [VisibleOnly]ControlType='Window' &amp;&amp; Name='Warning' &amp;&amp; ClassName='#32770'
\0
E, 3240, 13, 2013/05/24, 09:39:22.752, 1147140718937, QTAgent32.exe, &lt;a class=failure&gt;Playback - {16} [FAILED] Function ElementFetcher::FindScreenElement failed to locate UI element (Searching: ;[VisibleOnly]ControlType='Window' &amp;&amp; Name='Warning' &amp;&amp; ClassName='#32770') (The object specified was not found.)
\0&lt;/a&gt;
E, 3240, 13, 2013/05/24, 09:39:22.796, 1147141342546, QTAgent32.exe, Playback - [IMAGE] C:\Users\testuser\AppData\Local\Temp\UITestLogs\LastRun\RPF800F.png
\0
W, 3240, 13, 2013/05/24, 09:39:22.796, 1147141344158, QTAgent32.exe, Playback - [WARNING] Internal warning: Couldn't find descendants that match QueryId
\0
W, 3240, 13, 2013/05/24, 09:39:22.796, 1147141346697, QTAgent32.exe, PERF WARNING: FindTopLevelWindowHelper::FindAllDescendents: took 3131 ms. Expected it to take maximum 500 ms.
E, 3240, 13, 2013/05/24, 09:39:22.796, 1147141348319, QTAgent32.exe, Exception: System.Runtime.InteropServices.COMException
	Message: Error HRESULT E_FAIL has been returned from a call to a COM component.
	Stack Trace:    at Microsoft.VisualStudio.TestTools.UITest.Playback.Engine.IRPFPlayback.FindAllScreenElements(IScreenElement pScreenElementStart, String bstrQueryId, Object&amp; pvarResKeys, Int32 cResKeys, Int32 nMaxDepth, Object[]&amp; foundDescendants)
   at Microsoft.VisualStudio.TestTools.UITest.Playback.ScreenElement.FindTopLevelWindowHelper(String queryId)
	BaseExceptionMessage: Error HRESULT E_FAIL has been returned from a call to a COM component.

E, 3240, 13, 2013/05/24, 09:39:22.913, 1147143016788, QTAgent32.exe, AL: Playback Error: Microsoft.VisualStudio.TestTools.UITest.Extension.UITestControlNotFoundException: The playback failed to find the control with the given search properties. Additional Details: 
TechnologyName:  'MSAA'
ControlType:  'Window'
Name:  'Warning'
ClassName:  '#32770'
 ---&gt; System.Runtime.InteropServices.COMException: Error HRESULT E_FAIL has been returned from a call to a COM component.
   at Microsoft.VisualStudio.TestTools.UITest.Playback.Engine.IRPFPlayback.FindAllScreenElements(IScreenElement pScreenElementStart, String bstrQueryId, Object&amp; pvarResKeys, Int32 cResKeys, Int32 nMaxDepth, Object[]&amp; foundDescendants)
   at Microsoft.VisualStudio.TestTools.UITest.Playback.ScreenElement.FindTopLevelWindowHelper(String queryId)
   at Microsoft.VisualStudio.TestTools.UITest.Playback.ScreenElement.FindFromPartialQueryId(String queryId)
   at Microsoft.VisualStudio.TestTools.UITesting.UITestControl..ctor(String queryId)
   --- End of inner exception stack trace ---
   at Microsoft.VisualStudio.TestTools.UITesting.Playback.MapControlNotFoundException(COMException ex, IPlaybackContext context)
   at Microsoft.VisualStudio.TestTools.UITesting.Playback.MapAndThrowComException(COMException innerException, IPlaybackContext context)
   at Microsoft.VisualStudio.TestTools.UITesting.Playback.MapAndThrowException(SystemException exception, IPlaybackContext context)
   at Microsoft.VisualStudio.TestTools.UITesting.Playback.MapAndThrowException(SystemException exception, String queryId)
   at Microsoft.VisualStudio.TestTools.UITesting.UITestControl..ctor(String queryId)
   at Microsoft.VisualStudio.TestTools.UITesting.SearchHelper.SearchTopLevelWindow(ISearchArgument topLevelSearchArg, String topLevelElementQueryId)
   at Microsoft.VisualStudio.TestTools.UITesting.SearchHelper.GetTitleUpdatedTopLevelWindow(ISearchArgument topLevelSearchArg, String queryId, IList`1 windowTitles)
   at Microsoft.VisualStudio.TestTools.UITesting.SearchHelper.GetTopLevelElement(Boolean useCache, Boolean useCacheOnly, ISearchArgument searchArg, IList`1 windowTitles, Int32&amp; timeLeft)
   at Microsoft.VisualStudio.TestTools.UITesting.SearchHelper.GetElement(Boolean useCache, ISearchArgument searchArg)
   at Microsoft.VisualStudio.TestTools.UITesting.SearchHelper.Search(ISearchArgument searchArg)
   at Microsoft.VisualStudio.TestTools.UITesting.UITestControl.FindInternal()
   at Microsoft.VisualStudio.TestTools.UITesting.UITestControl.FindControlIfNecessary()
   at Microsoft.VisualStudio.TestTools.UITesting.UITestControl.Click(MouseButtons button, ModifierKeys modifierKeys, Point relativeCoordinates)
   at Microsoft.VisualStudio.TestTools.UITesting.Mouse.ClickImplementation(UITestControl control, MouseButtons button, ModifierKeys modifierKeys, Point relativeCoordinate)
   at Microsoft.VisualStudio.TestTools.UITesting.Mouse.ClickImplementationWrapper(UITestControl control, MouseButtons button, ModifierKeys modifierKeys, Point relativeCoordinate)
W, 3240, 13, 2013/05/24, 09:39:22.913, 1147143018750, QTAgent32.exe, PlaybackErrorHandler: Ignoring exception as ContinueOnError is set.
W, 3240, 13, 2013/05/24, 09:39:22.945, 1147143476980, QTAgent32.exe, &lt;a class=success&gt;Playback - {17} [SUCCESS] TypeString "#(R)"
\0&lt;/a&gt;
E, 3240, 13, 2013/05/24, 09:39:23.452, 1147150731751, QTAgent32.exe, Exception: System.ArgumentException
	Message: Value does not fall within the expected range.
	Stack Trace:    at Accessibility.IAccessible.get_accRole(Object varChild)
   at Microsoft.VisualStudio.TestTools.UITest.Extension.Msaa.AccWrapper.get_RoleInt()
	BaseExceptionMessage: Value does not fall within the expected range.

E, 3240, 13, 2013/05/24, 09:39:23.454, 1147150761514, QTAgent32.exe, Exception: System.ArgumentException
	Message: Value does not fall within the expected range.
	Stack Trace:    at Accessibility.IAccessible.get_accRole(Object varChild)
   at Microsoft.VisualStudio.TestTools.UITest.Extension.Msaa.AccWrapper.get_RoleInt()
	BaseExceptionMessage: Value does not fall within the expected range.

W, 3240, 13, 2013/05/24, 09:39:23.681, 1147154012540, QTAgent32.exe, &lt;a class=success&gt;Playback - {18} [SUCCESS] LeftButtonClick  &lt; Mouse cursor location (87, 908) &gt;
\0&lt;/a&gt;
W, 3240, 13, 2013/05/24, 09:39:24.423, 1147164646772, QTAgent32.exe, &lt;a class=success&gt;Playback - {19} [SUCCESS] SetValueAsEditBox "c:\TestProject7\ourmma.reg"  &lt; Set via SendKeys &gt;
\0&lt;/a&gt;
W, 3240, 13, 2013/05/24, 09:39:24.424, 1147164648605, QTAgent32.exe, &lt;a class=success&gt;Playback - {20} [SUCCESS] SetValueAsComboBox "c:\TestProject7\ourmma.reg" - "[MSAA, VisibleOnly]ControlType='ComboBox' &amp;&amp; Name='Open:'"  &lt; Set via SetValueAsEditBox &gt;
\0&lt;/a&gt;
W, 3240, 13, 2013/05/24, 09:39:24.666, 1147168123835, QTAgent32.exe, &lt;a class=success&gt;Playback - {21} [SUCCESS] MouseButtonClick - "[MSAA, VisibleOnly]ControlType='Button' &amp;&amp; Name='OK'"
\0&lt;/a&gt;
W, 3240, 13, 2013/05/24, 09:39:25.078, 1147174025587, QTAgent32.exe, &lt;a class=success&gt;Playback - {22} [SUCCESS] MouseButtonClick - "[MSAA, VisibleOnly]ControlType='Button' &amp;&amp; Name='Yes'"
\0&lt;/a&gt;
W, 3240, 13, 2013/05/24, 09:39:25.372, 1147178225560, QTAgent32.exe, &lt;a class=success&gt;Playback - {23} [SUCCESS] MouseButtonClick - "[MSAA, VisibleOnly]ControlType='Button' &amp;&amp; Name='OK'"
\0&lt;/a&gt;
W, 3240, 13, 2013/05/24, 09:39:25.596, 1147181433462, QTAgent32.exe, &lt;a class=success&gt;Playback - {24} [SUCCESS] MouseButtonClick - "[MSAA, VisibleOnly]ControlType='Button' &amp;&amp; Name='Clients &amp; Files'"
\0&lt;/a&gt;
W, 3240, 13, 2013/05/24, 09:39:26.447, 1147193613226, QTAgent32.exe, PERF WARNING: FindTopLevelWindowHelper::FindAllDescendents: took 748 ms. Expected it to take maximum 500 ms.
W, 3240, 13, 2013/05/24, 09:39:26.657, 1147196619845, QTAgent32.exe, Playback - [WARNING] Internal warning: Incorrect flag set for InvokeProgrammaticAction\0
W, 3240, 13, 2013/05/24, 09:39:26.775, 1147198313710, QTAgent32.exe, &lt;a class=success&gt;Playback - {25} [SUCCESS] SetValueAsComboBox "Customers" - "[MSAA, VisibleOnly]ControlType='ComboBox'"  &lt; SetValueAsComboBox, set by clicking on the item in the list box &gt;
\0&lt;/a&gt;
W, 3240, 13, 2013/05/24, 09:39:27.269, 1147205394363, QTAgent32.exe, &lt;a class=success&gt;Playback - {26} [SUCCESS] MouseButtonClick - "[MSAA, VisibleOnly]ControlType='Button' &amp;&amp; Name='Add'"
\0&lt;/a&gt;
W, 3240, 13, 2013/05/24, 09:39:27.626, 1147210503738, QTAgent32.exe, &lt;a class=success&gt;Playback - {27} [SUCCESS] SendKeys "autotest" - "[MSAA, VisibleOnly]ControlType='RadioButton' &amp;&amp; Name='Personal Lines'"
\0&lt;/a&gt;
W, 3240, 13, 2013/05/24, 09:39:27.986, 1147215662213, QTAgent32.exe, &lt;a class=success&gt;Playback - {28} [SUCCESS] SetValueAsEditBox "autotest" - "[MSAA, VisibleOnly]ControlType='Edit'"  &lt; Set via SendKeys &gt;
\0&lt;/a&gt;
W, 3240, 13, 2013/05/24, 09:39:28.209, 1147218843452, QTAgent32.exe, &lt;a class=success&gt;Playback - {29} [SUCCESS] MouseButtonClick - "[MSAA, VisibleOnly]ControlType='Button' &amp;&amp; Name='OK'"
\0&lt;/a&gt;
W, 3240, 13, 2013/05/24, 09:39:28.467, 1147222546082, QTAgent32.exe, &lt;a class=success&gt;Playback - {30} [SUCCESS] MouseButtonClick - "[MSAA, VisibleOnly]ControlType='Button' &amp;&amp; Name='Yes'"
\0&lt;/a&gt;
W, 3240, 13, 2013/05/24, 09:39:28.716, 1147226111472, QTAgent32.exe, &lt;a class=success&gt;Playback - {31} [SUCCESS] SendKeys "^{HOME}" - "[MSAA, VisibleOnly]ControlType='Edit'"
\0&lt;/a&gt;
E, 3240, 13, 2013/05/24, 09:39:28.716, 1147226113363, QTAgent32.exe, Msaa.GetFocusedElement: could not find accessible object of foreground window
W, 3240, 13, 2013/05/24, 09:39:28.769, 1147226863265, QTAgent32.exe, &lt;a class=success&gt;Playback - {32} [SUCCESS] SendKeys "^+{END}" - "[MSAA, VisibleOnly]ControlType='Edit'"
\0&lt;/a&gt;
E, 3240, 13, 2013/05/24, 09:39:28.769, 1147226864715, QTAgent32.exe, Msaa.GetFocusedElement: could not find accessible object of foreground window
W, 3240, 13, 2013/05/24, 09:39:28.781, 1147227043458, QTAgent32.exe, &lt;a class=success&gt;Playback - {33} [SUCCESS] SendKeys "{DELETE}" - "[MSAA, VisibleOnly]ControlType='Edit'"
\0&lt;/a&gt;
W, 3240, 13, 2013/05/24, 09:39:28.835, 1147227812077, QTAgent32.exe, &lt;a class=success&gt;Playback - {34} [SUCCESS] SetValueAsEditBox "1" - "[MSAA, VisibleOnly]ControlType='Edit'"  &lt; Set via SendKeys &gt;
\0&lt;/a&gt;
W, 3240, 13, 2013/05/24, 09:39:29.024, 1147230522309, QTAgent32.exe, &lt;a class=success&gt;Playback - {35} [SUCCESS] SendKeys "^{HOME}" - "[MSAA, VisibleOnly]ControlType='Edit'"
\0&lt;/a&gt;
E, 3240, 13, 2013/05/24, 09:39:29.024, 1147230524172, QTAgent32.exe, Msaa.GetFocusedElement: could not find accessible object of foreground window
W, 3240, 13, 2013/05/24, 09:39:29.088, 1147231431728, QTAgent32.exe, &lt;a class=success&gt;Playback - {36} [SUCCESS] SendKeys "^+{END}" - "[MSAA, VisibleOnly]ControlType='Edit'"
\0&lt;/a&gt;
E, 3240, 13, 2013/05/24, 09:39:29.088, 1147231433147, QTAgent32.exe, Msaa.GetFocusedElement: could not find accessible object of foreground window
W, 3240, 13, 2013/05/24, 09:39:29.100, 1147231611245, QTAgent32.exe, &lt;a class=success&gt;Playback - {37} [SUCCESS] SendKeys "{DELETE}" - "[MSAA, VisibleOnly]ControlType='Edit'"
\0&lt;/a&gt;
W, 3240, 13, 2013/05/24, 09:39:29.148, 1147232301588, QTAgent32.exe, &lt;a class=success&gt;Playback - {38} [SUCCESS] SetValueAsEditBox "1" - "[MSAA, VisibleOnly]ControlType='Edit'"  &lt; Set via SendKeys &gt;
\0&lt;/a&gt;
W, 3240, 13, 2013/05/24, 09:39:30.754, 1147255287266, QTAgent32.exe, Playback - [WARNING] Internal warning: Target element "[MSAA, VisibleOnly]ControlType='Button' &amp;&amp; Name='OK'" was not found, so all intermediate elements were ignored. An incorrect element that matches target element Id can be found as the result.  Verify that all intermediate elements in QueryId have valid and unique Ids
\0
W, 3240, 13, 2013/05/24, 09:39:31.282, 1147262850789, QTAgent32.exe, PERF WARNING: FindAllDescendents: took 2032 ms. Expected it to take maximum 500 ms.
W, 3240, 13, 2013/05/24, 09:39:31.580, 1147267117245, QTAgent32.exe, &lt;a class=success&gt;Playback - {39} [SUCCESS] MouseButtonClick - "[MSAA, VisibleOnly]ControlType='Button' &amp;&amp; Name='OK'"
\0&lt;/a&gt;
W, 3240, 13, 2013/05/24, 09:39:31.921, 1147271999981, QTAgent32.exe, &lt;a class=success&gt;Playback - {40} [SUCCESS] MouseButtonClick - "[MSAA, VisibleOnly]ControlType='Button'"
\0&lt;/a&gt;
W, 3240, 13, 2013/05/24, 09:39:32.238, 1147276534580, QTAgent32.exe, &lt;a class=success&gt;Playback - {41} [SUCCESS] MouseButtonClick - "[MSAA, VisibleOnly]ControlType='Button' &amp;&amp; Name='Add'"
\0&lt;/a&gt;
W, 3240, 13, 2013/05/24, 09:39:32.569, 1147281270941, QTAgent32.exe, &lt;a class=success&gt;Playback - {42} [SUCCESS] MouseButtonClick - "[MSAA, VisibleOnly]ControlType='Button' &amp;&amp; Name='OK'"
\0&lt;/a&gt;
W, 3240, 13, 2013/05/24, 09:39:34.802, 1147313249143, QTAgent32.exe, &lt;a class=success&gt;Playback - {43} [SUCCESS] MouseButtonClick - "[MSAA, VisibleOnly,Window]ControlType='Window' &amp;&amp; ClassName='ThunderRT6TextBox'"
\0&lt;/a&gt;
W, 3240, 13, 2013/05/24, 09:39:35.064, 1147316997307, QTAgent32.exe, &lt;a class=success&gt;Playback - {44} [SUCCESS] SetValueAsEditBox "HOME" - "[MSAA, VisibleOnly]ControlType='Edit'"  &lt; Set via SendKeys &gt;
\0&lt;/a&gt;
W, 3240, 13, 2013/05/24, 09:39:35.382, 1147321552142, QTAgent32.exe, &lt;a class=success&gt;Playback - {45} [SUCCESS] MouseButtonClick - "[MSAA, VisibleOnly]ControlType='Button' &amp;&amp; Name='OK'"
\0&lt;/a&gt;
W, 3240, 13, 2013/05/24, 09:39:35.625, 1147325036170, QTAgent32.exe, &lt;a class=success&gt;Playback - {46} [SUCCESS] MouseButtonClick - "[MSAA, VisibleOnly]ControlType='Button' &amp;&amp; Name='Options'"
\0&lt;/a&gt;
W, 3240, 13, 2013/05/24, 09:39:35.725, 1147326469655, QTAgent32.exe, FindScreenElementInSinglePass : Attempting to find control in one pass of search. Failures can occur.
W, 3240, 13, 2013/05/24, 09:39:35.870, 1147328535619, QTAgent32.exe, &lt;a class=success&gt;Playback - {47} [SUCCESS] MouseButtonClick - "[MSAA]ControlType='MenuItem' &amp;&amp; Name='Links'"
\0&lt;/a&gt;
W, 3240, 13, 2013/05/24, 09:39:35.970, 1147329971012, QTAgent32.exe, FindScreenElementInSinglePass : Attempting to find control in one pass of search. Failures can occur.
W, 3240, 13, 2013/05/24, 09:39:36.121, 1147332137063, QTAgent32.exe, &lt;a class=success&gt;Playback - {48} [SUCCESS] MouseButtonClick - "[MSAA]ControlType='MenuItem' &amp;&amp; Name='3rd Party Integration'"
\0&lt;/a&gt;
W, 3240, 13, 2013/05/24, 09:39:36.221, 1147333573290, QTAgent32.exe, FindScreenElementInSinglePass : Attempting to find control in one pass of search. Failures can occur.
W, 3240, 13, 2013/05/24, 09:39:36.381, 1147335858705, QTAgent32.exe, &lt;a class=success&gt;Playback - {49} [SUCCESS] MouseButtonClick - "[MSAA]ControlType='MenuItem' &amp;&amp; Name='Quote Select List'"
\0&lt;/a&gt;
W, 3240, 13, 2013/05/24, 09:39:37.757, 1147355548660, QTAgent32.exe, PERF WARNING: FindTopLevelWindowHelper::FindAllDescendents: took 1274 ms. Expected it to take maximum 500 ms.
W, 3240, 13, 2013/05/24, 09:39:37.886, 1147357405111, QTAgent32.exe, &lt;a class=success&gt;Playback - {50} [SUCCESS] MouseButtonClick - "[MSAA, VisibleOnly]ControlType='Button' &amp;&amp; Name='Ok'"
\0&lt;/a&gt;
W, 3240, 13, 2013/05/24, 09:39:40.260, 1147391392004, QTAgent32.exe, PERF WARNING: FindTopLevelWindowHelper::FindAllDescendents: took 2272 ms. Expected it to take maximum 500 ms.
W, 3240, 13, 2013/05/24, 09:39:40.361, 1147392839182, QTAgent32.exe, &lt;a class=success&gt;Playback - {51} [SUCCESS] SendKeys "^{HOME}" - "[MSAA, VisibleOnly]ControlType='Edit'"
\0&lt;/a&gt;
E, 3240, 13, 2013/05/24, 09:39:40.361, 1147392840955, QTAgent32.exe, Msaa.GetFocusedElement: could not find accessible object of foreground window
W, 3240, 13, 2013/05/24, 09:39:40.415, 1147393611928, QTAgent32.exe, &lt;a class=success&gt;Playback - {52} [SUCCESS] SendKeys "^+{END}" - "[MSAA, VisibleOnly]ControlType='Edit'"
\0&lt;/a&gt;
E, 3240, 13, 2013/05/24, 09:39:40.415, 1147393613342, QTAgent32.exe, Msaa.GetFocusedElement: could not find accessible object of foreground window
W, 3240, 13, 2013/05/24, 09:39:40.428, 1147393806628, QTAgent32.exe, &lt;a class=success&gt;Playback - {53} [SUCCESS] SendKeys "{DELETE}" - "[MSAA, VisibleOnly]ControlType='Edit'"
\0&lt;/a&gt;
W, 3240, 13, 2013/05/24, 09:39:40.629, 1147396681067, QTAgent32.exe, &lt;a class=success&gt;Playback - {54} [SUCCESS] SetValueAsEditBox "31/05/13" - "[MSAA, VisibleOnly]ControlType='Edit'"  &lt; Set via SendKeys &gt;
\0&lt;/a&gt;
W, 3240, 13, 2013/05/24, 09:39:40.931, 1147401005118, QTAgent32.exe, &lt;a class=success&gt;Playback - {55} [SUCCESS] SetValueAsEditBox "test1" - "[MSAA, VisibleOnly]ControlType='Edit'"  &lt; Set via SendKeys &gt;
\0&lt;/a&gt;
W, 3240, 13, 2013/05/24, 09:39:41.204, 1147404921912, QTAgent32.exe, &lt;a class=success&gt;Playback - {56} [SUCCESS] SetValueAsEditBox "test" - "[MSAA, VisibleOnly]ControlType='Edit'"  &lt; Set via SendKeys &gt;
\0&lt;/a&gt;
W, 3240, 13, 2013/05/24, 09:39:41.375, 1147407359634, QTAgent32.exe, &lt;a class=success&gt;Playback - {57} [SUCCESS] SendKeys "^{HOME}" - "[MSAA, VisibleOnly]ControlType='Edit'"
\0&lt;/a&gt;
E, 3240, 13, 2013/05/24, 09:39:41.375, 1147407361378, QTAgent32.exe, Msaa.GetFocusedElement: could not find accessible object of foreground window
W, 3240, 13, 2013/05/24, 09:39:41.428, 1147408119862, QTAgent32.exe, &lt;a class=success&gt;Playback - {58} [SUCCESS] SendKeys "^+{END}" - "[MSAA, VisibleOnly]ControlType='Edit'"
\0&lt;/a&gt;
E, 3240, 13, 2013/05/24, 09:39:41.428, 1147408121341, QTAgent32.exe, Msaa.GetFocusedElement: could not find accessible object of foreground window
W, 3240, 13, 2013/05/24, 09:39:41.441, 1147408298510, QTAgent32.exe, &lt;a class=success&gt;Playback - {59} [SUCCESS] SendKeys "{DELETE}" - "[MSAA, VisibleOnly]ControlType='Edit'"
\0&lt;/a&gt;
W, 3240, 13, 2013/05/24, 09:39:41.558, 1147409976471, QTAgent32.exe, &lt;a class=success&gt;Playback - {60} [SUCCESS] SetValueAsEditBox "test" - "[MSAA, VisibleOnly]ControlType='Edit'"  &lt; Set via SendKeys &gt;
\0&lt;/a&gt;
W, 3240, 13, 2013/05/24, 09:39:41.867, 1147414402418, QTAgent32.exe, Playback - [WARNING] Internal warning: Incorrect flag set for InvokeProgrammaticAction\0
W, 3240, 13, 2013/05/24, 09:39:41.986, 1147416101219, QTAgent32.exe, &lt;a class=success&gt;Playback - {61} [SUCCESS] SetValueAsComboBox "Account Director" - "[MSAA, VisibleOnly]ControlType='ComboBox'"  &lt; SetValueAsComboBox, set by clicking on the item in the list box &gt;
\0&lt;/a&gt;
W, 3240, 13, 2013/05/24, 09:39:42.315, 1147420818084, QTAgent32.exe, Playback - [WARNING] Internal warning: Incorrect flag set for InvokeProgrammaticAction\0
W, 3240, 13, 2013/05/24, 09:39:42.433, 1147422503144, QTAgent32.exe, &lt;a class=success&gt;Playback - {62} [SUCCESS] SetValueAsComboBox "Advertising" - "[MSAA, VisibleOnly]ControlType='ComboBox'"  &lt; SetValueAsComboBox, set by clicking on the item in the list box &gt;
\0&lt;/a&gt;
W, 3240, 13, 2013/05/24, 09:39:42.751, 1147427060913, QTAgent32.exe, &lt;a class=success&gt;Playback - {63} [SUCCESS] SetValueAsEditBox "160589" - "[MSAA, VisibleOnly]ControlType='Edit'"  &lt; Set via SendKeys &gt;
\0&lt;/a&gt;
W, 3240, 13, 2013/05/24, 09:39:42.974, 1147430261061, QTAgent32.exe, &lt;a class=success&gt;Playback - {64} [SUCCESS] MouseButtonClick - "[MSAA, VisibleOnly]ControlType='Edit'"
\0&lt;/a&gt;
W, 3240, 13, 2013/05/24, 09:39:43.274, 1147434557874, QTAgent32.exe, &lt;a class=success&gt;Playback - {65} [SUCCESS] SetValueAsEditBox "BN16BN" - "[MSAA, VisibleOnly]ControlType='Edit'"  &lt; Set via SendKeys &gt;
\0&lt;/a&gt;
W, 3240, 13, 2013/05/24, 09:39:45.497, 1147466381368, QTAgent32.exe, &lt;a class=success&gt;Playback - {66} [SUCCESS] MouseButtonClick - "[MSAA, VisibleOnly]ControlType='Button' &amp;&amp; Name='Lookup...'"
\0&lt;/a&gt;
W, 3240, 13, 2013/05/24, 09:39:45.754, 1147470062744, QTAgent32.exe, &lt;a class=success&gt;Playback - {67} [SUCCESS] MouseButtonClick - "[MSAA, VisibleOnly]ControlType='Button' &amp;&amp; Name='Ok'"
\0&lt;/a&gt;
W, 3240, 13, 2013/05/24, 09:39:45.982, 1147473328085, QTAgent32.exe, &lt;a class=success&gt;Playback - {68} [SUCCESS] MouseButtonClick - "[MSAA, VisibleOnly]ControlType='Button' &amp;&amp; Name='Next &gt;'"
\0&lt;/a&gt;
W, 3240, 13, 2013/05/24, 09:39:46.294, 1147477789252, QTAgent32.exe, &lt;a class=success&gt;Playback - {69} [SUCCESS] SetValueAsEditBox "1989" - "[MSAA, VisibleOnly]ControlType='Edit'"  &lt; Set via SendKeys &gt;
\0&lt;/a&gt;
W, 3240, 13, 2013/05/24, 09:39:46.521, 1147481042522, QTAgent32.exe, &lt;a class=success&gt;Playback - {70} [SUCCESS] MouseButtonClick - "[MSAA, VisibleOnly]ControlType='Button' &amp;&amp; Name='Next &gt;'"
\0&lt;/a&gt;
W, 3240, 13, 2013/05/24, 09:39:46.742, 1147484207294, QTAgent32.exe, &lt;a class=success&gt;Playback - {71} [SUCCESS] MouseButtonClick - "[MSAA, VisibleOnly]ControlType='Button' &amp;&amp; Name='Next &gt;'"
\0&lt;/a&gt;
W, 3240, 13, 2013/05/24, 09:39:46.953, 1147487224775, QTAgent32.exe, &lt;a class=success&gt;Playback - {72} [SUCCESS] MouseButtonClick - "[MSAA, VisibleOnly]ControlType='Button' &amp;&amp; Name='Next &gt;'"
\0&lt;/a&gt;
W, 3240, 13, 2013/05/24, 09:39:47.262, 1147491658078, QTAgent32.exe, &lt;a class=success&gt;Playback - {73} [SUCCESS] SetValueAsEditBox "2345" - "[MSAA, VisibleOnly]ControlType='Edit'"  &lt; Set via SendKeys &gt;
\0&lt;/a&gt;
W, 3240, 13, 2013/05/24, 09:39:47.576, 1147496154333, QTAgent32.exe, &lt;a class=success&gt;Playback - {74} [SUCCESS] SetValueAsEditBox "2000" - "[MSAA, VisibleOnly]ControlType='Edit'"  &lt; Set via SendKeys &gt;
\0&lt;/a&gt;
W, 3240, 13, 2013/05/24, 09:39:47.897, 1147500752541, QTAgent32.exe, &lt;a class=success&gt;Playback - {75} [SUCCESS] SetValueAsEditBox "2000" - "[MSAA, VisibleOnly]ControlType='Edit'"  &lt; Set via SendKeys &gt;
\0&lt;/a&gt;
W, 3240, 13, 2013/05/24, 09:39:48.116, 1147503875873, QTAgent32.exe, &lt;a class=success&gt;Playback - {76} [SUCCESS] MouseButtonClick - "[MSAA, VisibleOnly]ControlType='Button' &amp;&amp; Name='Next &gt;'"
\0&lt;/a&gt;
W, 3240, 13, 2013/05/24, 09:39:48.431, 1147508391178, QTAgent32.exe, &lt;a class=success&gt;Playback - {77} [SUCCESS] SetValueAsEditBox "2345" - "[MSAA, VisibleOnly]ControlType='Edit'"  &lt; Set via SendKeys &gt;
\0&lt;/a&gt;
W, 3240, 13, 2013/05/24, 09:39:48.670, 1147511810945, QTAgent32.exe, &lt;a class=success&gt;Playback - {78} [SUCCESS] MouseButtonClick - "[MSAA, VisibleOnly]ControlType='Button' &amp;&amp; Name='Next &gt;'"
\0&lt;/a&gt;
W, 3240, 13, 2013/05/24, 09:39:48.912, 1147515284126, QTAgent32.exe, &lt;a class=success&gt;Playback - {79} [SUCCESS] MouseButtonClick - "[MSAA, VisibleOnly]ControlType='Button' &amp;&amp; Name='Next &gt;'"
\0&lt;/a&gt;
W, 3240, 13, 2013/05/24, 09:39:49.237, 1147519922854, QTAgent32.exe, &lt;a class=success&gt;Playback - {80} [SUCCESS] MouseButtonClick - "[MSAA, VisibleOnly]ControlType='Button' &amp;&amp; Name='Quote'"
\0&lt;/a&gt;
W, 3240, 13, 2013/05/24, 09:39:49.470, 1147523266175, QTAgent32.exe, &lt;a class=success&gt;Playback - {81} [SUCCESS] MouseButtonClick - "[MSAA, VisibleOnly]ControlType='Button' &amp;&amp; Name='No'"
\0&lt;/a&gt;
W, 3240, 13, 2013/05/24, 09:39:49.698, 1147526524094, QTAgent32.exe, &lt;a class=success&gt;Playback - {82} [SUCCESS] MouseButtonClick - "[MSAA, VisibleOnly]ControlType='Button' &amp;&amp; Name='Ok'"
\0&lt;/a&gt;
W, 3240, 13, 2013/05/24, 09:39:53.169, 1147576229626, QTAgent32.exe, PERF WARNING: FindTopLevelWindowHelper::FindAllDescendents: took 3371 ms. Expected it to take maximum 500 ms.
W, 3240, 13, 2013/05/24, 09:39:53.294, 1147578013199, QTAgent32.exe, &lt;a class=success&gt;Playback - {83} [SUCCESS] MouseButtonClick - "[MSAA, VisibleOnly]ControlType='Client'"
\0&lt;/a&gt;
W, 3240, 13, 2013/05/24, 09:39:54.816, 1147599808171, QTAgent32.exe, &lt;a class=success&gt;Playback - {84} [SUCCESS] SendKeys "{Home}" - "[MSAA, VisibleOnly]ControlType='Client'"
\0&lt;/a&gt;
W, 3240, 13, 2013/05/24, 09:39:56.231, 1147620080088, QTAgent32.exe, &lt;a class=success&gt;Playback - {85} [SUCCESS] MouseButtonClick - "[MSAA, VisibleOnly]ControlType='Button' &amp;&amp; Name='Accept'"
\0&lt;/a&gt;
W, 3240, 13, 2013/05/24, 09:39:56.492, 1147623809590, QTAgent32.exe, &lt;a class=success&gt;Playback - {86} [SUCCESS] MouseButtonClick - "[MSAA, VisibleOnly]ControlType='Button' &amp;&amp; Name='Yes'"
\0&lt;/a&gt;
W, 3240, 13, 2013/05/24, 09:39:58.733, 1147655889299, QTAgent32.exe, &lt;a class=success&gt;Playback - {87} [SUCCESS] MouseButtonClick - "[MSAA, VisibleOnly]ControlType='Button' &amp;&amp; Name='Ok'"
\0&lt;/a&gt;
W, 3240, 13, 2013/05/24, 09:40:08.375, 1147793949900, QTAgent32.exe, Playback - [WARNING] Internal warning: Window Not Found: [VisibleOnly]ControlType='Window' &amp;&amp; Name='Save the file as' &amp;&amp; ClassName='#32770'
\0
E, 3240, 13, 2013/05/24, 09:40:08.375, 1147793952308, QTAgent32.exe, &lt;a class=failure&gt;Playback - {88} [FAILED] Function ElementFetcher::FindScreenElement failed to locate UI element (Searching: ;[VisibleOnly]ControlType='Window' &amp;&amp; Name='Save the file as' &amp;&amp; ClassName='#32770') (The object specified was not found.)
\0&lt;/a&gt;
E, 3240, 13, 2013/05/24, 09:40:08.421, 1147794619918, QTAgent32.exe, Playback - [IMAGE] C:\Users\testuser\AppData\Local\Temp\UITestLogs\LastRun\RPF323E.png
\0
W, 3240, 13, 2013/05/24, 09:40:08.422, 1147794621696, QTAgent32.exe, Playback - [WARNING] Internal warning: Couldn't find descendants that match QueryId
\0
W, 3240, 13, 2013/05/24, 09:40:08.422, 1147794624125, QTAgent32.exe, PERF WARNING: FindTopLevelWindowHelper::FindAllDescendents: took 9568 ms. Expected it to take maximum 500 ms.
W, 3240, 13, 2013/05/24, 09:40:27.368, 1148065892832, QTAgent32.exe, Playback - [WARNING] Internal warning: Window Not Found: [VisibleOnly]ControlType='Window' &amp;&amp; Name='Save the file as' &amp;&amp; ClassName='#32770'
\0
E, 3240, 13, 2013/05/24, 09:40:27.368, 1148065895181, QTAgent32.exe, &lt;a class=failure&gt;Playback - {89} [FAILED] Function ElementFetcher::FindScreenElement failed to locate UI element (Searching: ;[VisibleOnly]ControlType='Window' &amp;&amp; Name='Save the file as' &amp;&amp; ClassName='#32770') (The object specified was not found.)
\0&lt;/a&gt;
E, 3240, 13, 2013/05/24, 09:40:27.412, 1148066529447, QTAgent32.exe, Playback - [IMAGE] C:\Users\testuser\AppData\Local\Temp\UITestLogs\LastRun\RPF7C78.png
\0
W, 3240, 13, 2013/05/24, 09:40:27.412, 1148066531021, QTAgent32.exe, Playback - [WARNING] Internal warning: Couldn't find descendants that match QueryId
\0
W, 3240, 13, 2013/05/24, 09:40:27.412, 1148066533423, QTAgent32.exe, PERF WARNING: FindTopLevelWindowHelper::FindAllDescendents: took 18990 ms. Expected it to take maximum 500 ms.
W, 3240, 13, 2013/05/24, 09:40:30.631, 1148112620301, QTAgent32.exe, Playback - [WARNING] Internal warning: Smart Match failed
\0
W, 3240, 13, 2013/05/24, 09:40:32.048, 1148132910243, QTAgent32.exe, Playback - [WARNING] Internal warning: Window Not Found: [VisibleOnly]ControlType='Window' &amp;&amp; Name='Save the file as' &amp;&amp; ClassName='#32770'
\0
E, 3240, 13, 2013/05/24, 09:40:32.048, 1148132912450, QTAgent32.exe, &lt;a class=failure&gt;Playback - {90} [FAILED] Function ElementFetcher::FindScreenElement failed to locate UI element (Searching: ;[VisibleOnly]ControlType='Window' &amp;&amp; Name='Save the file as' &amp;&amp; ClassName='#32770') (The object specified was not found.)
\0&lt;/a&gt;
E, 3240, 13, 2013/05/24, 09:40:32.091, 1148133524554, QTAgent32.exe, Playback - [IMAGE] C:\Users\testuser\AppData\Local\Temp\UITestLogs\LastRun\RPF8EC1.png
\0
W, 3240, 13, 2013/05/24, 09:40:32.091, 1148133526290, QTAgent32.exe, Playback - [WARNING] Internal warning: Couldn't find descendants that match QueryId
\0
W, 3240, 13, 2013/05/24, 09:40:32.091, 1148133529054, QTAgent32.exe, PERF WARNING: FindTopLevelWindowHelper::FindAllDescendents: took 4678 ms. Expected it to take maximum 500 ms.
E, 3240, 13, 2013/05/24, 09:40:32.091, 1148133530746, QTAgent32.exe, Exception: System.Runtime.InteropServices.COMException
	Message: Error HRESULT E_FAIL has been returned from a call to a COM component.
	Stack Trace:    at Microsoft.VisualStudio.TestTools.UITest.Playback.Engine.IRPFPlayback.FindAllScreenElements(IScreenElement pScreenElementStart, String bstrQueryId, Object&amp; pvarResKeys, Int32 cResKeys, Int32 nMaxDepth, Object[]&amp; foundDescendants)
   at Microsoft.VisualStudio.TestTools.UITest.Playback.ScreenElement.FindTopLevelWindowHelper(String queryId)
	BaseExceptionMessage: Error HRESULT E_FAIL has been returned from a call to a COM component.

E, 3240, 13, 2013/05/24, 09:40:32.192, 1148134970636, QTAgent32.exe, AL: Playback Error: Microsoft.VisualStudio.TestTools.UITest.Extension.UITestControlNotFoundException: The playback failed to find the control with the given search properties. Additional Details: 
TechnologyName:  'MSAA'
ControlType:  'Window'
Name:  'Save the file as'
ClassName:  '#32770'
 ---&gt; System.Runtime.InteropServices.COMException: Error HRESULT E_FAIL has been returned from a call to a COM component.
   at Microsoft.VisualStudio.TestTools.UITest.Playback.Engine.IRPFPlayback.FindAllScreenElements(IScreenElement pScreenElementStart, String bstrQueryId, Object&amp; pvarResKeys, Int32 cResKeys, Int32 nMaxDepth, Object[]&amp; foundDescendants)
   at Microsoft.VisualStudio.TestTools.UITest.Playback.ScreenElement.FindTopLevelWindowHelper(String queryId)
   at Microsoft.VisualStudio.TestTools.UITest.Playback.ScreenElement.FindFromPartialQueryId(String queryId)
   at Microsoft.VisualStudio.TestTools.UITesting.UITestControl..ctor(String queryId)
   --- End of inner exception stack trace ---
   at Microsoft.VisualStudio.TestTools.UITesting.Playback.MapControlNotFoundException(COMException ex, IPlaybackContext context)
   at Microsoft.VisualStudio.TestTools.UITesting.Playback.MapAndThrowComException(COMException innerException, IPlaybackContext context)
   at Microsoft.VisualStudio.TestTools.UITesting.Playback.MapAndThrowException(SystemException exception, IPlaybackContext context)
   at Microsoft.VisualStudio.TestTools.UITesting.Playback.MapAndThrowException(SystemException exception, String queryId)
   at Microsoft.VisualStudio.TestTools.UITesting.UITestControl..ctor(String queryId)
   at Microsoft.VisualStudio.TestTools.UITesting.SearchHelper.SearchTopLevelWindow(ISearchArgument topLevelSearchArg, String topLevelElementQueryId)
   at Microsoft.VisualStudio.TestTools.UITesting.SearchHelper.GetTitleUpdatedTopLevelWindow(ISearchArgument topLevelSearchArg, String queryId, IList`1 windowTitles)
   at Microsoft.VisualStudio.TestTools.UITesting.SearchHelper.GetTopLevelElement(Boolean useCache, Boolean useCacheOnly, ISearchArgument searchArg, IList`1 windowTitles, Int32&amp; timeLeft)
   at Microsoft.VisualStudio.TestTools.UITesting.SearchHelper.GetElement(Boolean useCache, ISearchArgument searchArg)
   at Microsoft.VisualStudio.TestTools.UITesting.SearchHelper.Search(ISearchArgument searchArg)
   at Microsoft.VisualStudio.TestTools.UITesting.UITestControl.FindInternal()
   at Microsoft.VisualStudio.TestTools.UITesting.UITestControl.FindControlIfNecessary()
   at Microsoft.VisualStudio.TestTools.UITesting.UITestControl.Click(MouseButtons button, ModifierKeys modifierKeys, Point relativeCoordinates)
   at Microsoft.VisualStudio.TestTools.UITesting.Mouse.ClickImplementation(UITestControl control, MouseButtons button, ModifierKeys modifierKeys, Point relativeCoordinate)
   at Microsoft.VisualStudio.TestTools.UITesting.Mouse.ClickImplementationWrapper(UITestControl control, MouseButtons button, ModifierKeys modifierKeys, Point relativeCoordinate)
W, 3240, 13, 2013/05/24, 09:40:32.192, 1148134972631, QTAgent32.exe, PlaybackErrorHandler: Ignoring exception as ContinueOnError is set.
W, 3240, 13, 2013/05/24, 09:40:41.510, 1148268384261, QTAgent32.exe, Playback - [WARNING] Internal warning: Window Not Found: [VisibleOnly]ControlType='Window' &amp;&amp; Name='Personal Lines' &amp;&amp; ClassName='#32770'
\0
E, 3240, 13, 2013/05/24, 09:40:41.510, 1148268386514, QTAgent32.exe, &lt;a class=failure&gt;Playback - {91} [FAILED] Function ElementFetcher::FindScreenElement failed to locate UI element (Searching: ;[VisibleOnly]ControlType='Window' &amp;&amp; Name='Personal Lines' &amp;&amp; ClassName='#32770') (The object specified was not found.)
\0&lt;/a&gt;
E, 3240, 13, 2013/05/24, 09:40:41.553, 1148268993310, QTAgent32.exe, Playback - [IMAGE] C:\Users\testuser\AppData\Local\Temp\UITestLogs\LastRun\RPFB3B0.png
\0
W, 3240, 13, 2013/05/24, 09:40:41.553, 1148268994845, QTAgent32.exe, Playback - [WARNING] Internal warning: Couldn't find descendants that match QueryId
\0
W, 3240, 13, 2013/05/24, 09:40:41.553, 1148268997741, QTAgent32.exe, PERF WARNING: FindTopLevelWindowHelper::FindAllDescendents: took 9360 ms. Expected it to take maximum 500 ms.
W, 3240, 13, 2013/05/24, 09:41:00.497, 1148540242972, QTAgent32.exe, Playback - [WARNING] Internal warning: Window Not Found: [VisibleOnly]ControlType='Window' &amp;&amp; Name='Personal Lines' &amp;&amp; ClassName='#32770'
\0
E, 3240, 13, 2013/05/24, 09:41:00.497, 1148540245323, QTAgent32.exe, &lt;a class=failure&gt;Playback - {92} [FAILED] Function ElementFetcher::FindScreenElement failed to locate UI element (Searching: ;[VisibleOnly]ControlType='Window' &amp;&amp; Name='Personal Lines' &amp;&amp; ClassName='#32770') (The object specified was not found.)
\0&lt;/a&gt;
E, 3240, 13, 2013/05/24, 09:41:00.540, 1148540863507, QTAgent32.exe, Playback - [IMAGE] C:\Users\testuser\AppData\Local\Temp\UITestLogs\LastRun\RPFFDDA.png
\0
W, 3240, 13, 2013/05/24, 09:41:00.541, 1148540865214, QTAgent32.exe, Playback - [WARNING] Internal warning: Couldn't find descendants that match QueryId
\0
W, 3240, 13, 2013/05/24, 09:41:00.541, 1148540867784, QTAgent32.exe, PERF WARNING: FindTopLevelWindowHelper::FindAllDescendents: took 18987 ms. Expected it to take maximum 500 ms.
W, 3240, 13, 2013/05/24, 09:41:03.849, 1148588245409, QTAgent32.exe, Playback - [WARNING] Internal warning: Smart Match failed
\0
W, 3240, 13, 2013/05/24, 09:41:05.272, 1148608612577, QTAgent32.exe, Playback - [WARNING] Internal warning: Window Not Found: [VisibleOnly]ControlType='Window' &amp;&amp; Name='Personal Lines' &amp;&amp; ClassName='#32770'
\0
E, 3240, 13, 2013/05/24, 09:41:05.272, 1148608614951, QTAgent32.exe, &lt;a class=failure&gt;Playback - {93} [FAILED] Function ElementFetcher::FindScreenElement failed to locate UI element (Searching: ;[VisibleOnly]ControlType='Window' &amp;&amp; Name='Personal Lines' &amp;&amp; ClassName='#32770') (The object specified was not found.)
\0&lt;/a&gt;
E, 3240, 13, 2013/05/24, 09:41:05.316, 1148609238121, QTAgent32.exe, Playback - [IMAGE] C:\Users\testuser\AppData\Local\Temp\UITestLogs\LastRun\RPF1081.png
\0
W, 3240, 13, 2013/05/24, 09:41:05.316, 1148609239761, QTAgent32.exe, Playback - [WARNING] Internal warning: Couldn't find descendants that match QueryId
\0
W, 3240, 13, 2013/05/24, 09:41:05.316, 1148609242269, QTAgent32.exe, PERF WARNING: FindTopLevelWindowHelper::FindAllDescendents: took 4775 ms. Expected it to take maximum 500 ms.
E, 3240, 13, 2013/05/24, 09:41:05.316, 1148609244102, QTAgent32.exe, Exception: System.Runtime.InteropServices.COMException
	Message: Error HRESULT E_FAIL has been returned from a call to a COM component.
	Stack Trace:    at Microsoft.VisualStudio.TestTools.UITest.Playback.Engine.IRPFPlayback.FindAllScreenElements(IScreenElement pScreenElementStart, String bstrQueryId, Object&amp; pvarResKeys, Int32 cResKeys, Int32 nMaxDepth, Object[]&amp; foundDescendants)
   at Microsoft.VisualStudio.TestTools.UITest.Playback.ScreenElement.FindTopLevelWindowHelper(String queryId)
	BaseExceptionMessage: Error HRESULT E_FAIL has been returned from a call to a COM component.

E, 3240, 13, 2013/05/24, 09:41:05.316, 1148609246623, QTAgent32.exe, Window 1443692 not responding. Last Win32 error 0
E, 3240, 13, 2013/05/24, 09:41:05.316, 1148609247504, QTAgent32.exe, GetClassName for handle 1443692 failed
E, 3240, 13, 2013/05/24, 09:41:05.417, 1148610685989, QTAgent32.exe, AL: Playback Error: Microsoft.VisualStudio.TestTools.UITest.Extension.UITestControlNotAvailableException: The control is not available or not valid. Additional Details: 
TechnologyName:  'MSAA'
Name:  'Personal Lines'
ClassName:  '#32770'
ControlType:  'Window'
 ---&gt; System.Runtime.InteropServices.COMException: Error HRESULT E_FAIL has been returned from a call to a COM component.
   at Microsoft.VisualStudio.TestTools.UITest.Playback.Engine.IRPFPlayback.FindAllScreenElements(IScreenElement pScreenElementStart, String bstrQueryId, Object&amp; pvarResKeys, Int32 cResKeys, Int32 nMaxDepth, Object[]&amp; foundDescendants)
   at Microsoft.VisualStudio.TestTools.UITest.Playback.ScreenElement.FindTopLevelWindowHelper(String queryId)
   at Microsoft.VisualStudio.TestTools.UITest.Playback.ScreenElement.FindFromPartialQueryId(String queryId)
   at Microsoft.VisualStudio.TestTools.UITesting.UITestControl.EnsureValid(Boolean waitForReady, Boolean refetch)
   --- End of inner exception stack trace ---
   at Microsoft.VisualStudio.TestTools.UITesting.UITestControl.EnsureValid(Boolean waitForReady, Boolean refetch)
   at Microsoft.VisualStudio.TestTools.UITesting.UITestControl.FindFirstDescendant(String queryId, Int32 maxDepth, Int32&amp; timeLeft)
   at Microsoft.VisualStudio.TestTools.UITesting.SearchHelper.GetElement(Boolean useCache, ISearchArgument searchArg)
   at Microsoft.VisualStudio.TestTools.UITesting.SearchHelper.Search(ISearchArgument searchArg)
   at Microsoft.VisualStudio.TestTools.UITesting.UITestControl.FindInternal()
   at Microsoft.VisualStudio.TestTools.UITesting.UITestControl.FindControlIfNecessary()
   at Microsoft.VisualStudio.TestTools.UITesting.UITestControl.Click(MouseButtons button, ModifierKeys modifierKeys, Point relativeCoordinates)
   at Microsoft.VisualStudio.TestTools.UITesting.Mouse.ClickImplementation(UITestControl control, MouseButtons button, ModifierKeys modifierKeys, Point relativeCoordinate)
   at Microsoft.VisualStudio.TestTools.UITesting.Mouse.ClickImplementationWrapper(UITestControl control, MouseButtons button, ModifierKeys modifierKeys, Point relativeCoordinate)
W, 3240, 13, 2013/05/24, 09:41:05.417, 1148610687888, QTAgent32.exe, PlaybackErrorHandler: Ignoring exception as ContinueOnError is set.
W, 3240, 13, 2013/05/24, 09:41:05.643, 1148613921411, QTAgent32.exe, &lt;a class=success&gt;Playback - {94} [SUCCESS] MouseButtonClick - "[MSAA, VisibleOnly]ControlType='Button' &amp;&amp; Name='Ok'"
\0&lt;/a&gt;
W, 3240, 13, 2013/05/24, 09:41:05.904, 1148617661891, QTAgent32.exe, &lt;a class=success&gt;Playback - {95} [SUCCESS] MouseButtonClick - "[MSAA, VisibleOnly]ControlType='Button' &amp;&amp; Name='Ok'"
\0&lt;/a&gt;
W, 3240, 13, 2013/05/24, 09:41:06.264, 1148622817398, QTAgent32.exe, &lt;a class=success&gt;Playback - {96} [SUCCESS] SetValueAsEditBox "B338TH" - "[MSAA, VisibleOnly]ControlType='Edit'"  &lt; Set via SendKeys &gt;
\0&lt;/a&gt;
W, 3240, 13, 2013/05/24, 09:41:08.489, 1148654674738, QTAgent32.exe, &lt;a class=success&gt;Playback - {97} [SUCCESS] MouseButtonClick - "[MSAA, VisibleOnly]ControlType='Button' &amp;&amp; Name='Lookup...'"
\0&lt;/a&gt;
W, 3240, 13, 2013/05/24, 09:41:08.727, 1148658082232, QTAgent32.exe, &lt;a class=success&gt;Playback - {98} [SUCCESS] MouseButtonClick - "[MSAA, VisibleOnly]ControlType='Button' &amp;&amp; Name='Ok'"
\0&lt;/a&gt;
W, 3240, 13, 2013/05/24, 09:41:09.016, 1148662222785, QTAgent32.exe, &lt;a class=success&gt;Playback - {99} [SUCCESS] MouseButtonClick - "[MSAA, VisibleOnly]ControlType='Button' &amp;&amp; Name='Confirm'"
\0&lt;/a&gt;
W, 3240, 13, 2013/05/24, 09:41:32.722, 1149001640055, QTAgent32.exe, Playback - [WARNING] Internal warning: Window Not Found: [VisibleOnly]ControlType='Window' &amp;&amp; Name='Personal Lines' &amp;&amp; ClassName='#32770'
\0
E, 3240, 13, 2013/05/24, 09:41:32.722, 1149001642396, QTAgent32.exe, &lt;a class=failure&gt;Playback - {100} [FAILED] Function ElementFetcher::FindScreenElement failed to locate UI element (Searching: ;[VisibleOnly]ControlType='Window' &amp;&amp; Name='Personal Lines' &amp;&amp; ClassName='#32770') (The object specified was not found.)
\0&lt;/a&gt;
E, 3240, 13, 2013/05/24, 09:41:32.765, 1149002266640, QTAgent32.exe, Playback - [IMAGE] C:\Users\testuser\AppData\Local\Temp\UITestLogs\LastRun\RPF7BC2.png
\0
W, 3240, 13, 2013/05/24, 09:41:32.765, 1149002268291, QTAgent32.exe, Playback - [WARNING] Internal warning: Couldn't find descendants that match QueryId
\0
W, 3240, 13, 2013/05/24, 09:41:32.766, 1149002271054, QTAgent32.exe, PERF WARNING: FindTopLevelWindowHelper::FindAllDescendents: took 23647 ms. Expected it to take maximum 500 ms.
W, 3240, 13, 2013/05/24, 09:41:51.605, 1149272016140, QTAgent32.exe, Playback - [WARNING] Internal warning: Window Not Found: [VisibleOnly]ControlType='Window' &amp;&amp; Name='Personal Lines' &amp;&amp; ClassName='#32770'
\0
E, 3240, 13, 2013/05/24, 09:41:51.605, 1149272018565, QTAgent32.exe, &lt;a class=failure&gt;Playback - {101} [FAILED] Function ElementFetcher::FindScreenElement failed to locate UI element (Searching: ;[VisibleOnly]ControlType='Window' &amp;&amp; Name='Personal Lines' &amp;&amp; ClassName='#32770') (The object specified was not found.)
\0&lt;/a&gt;
E, 3240, 13, 2013/05/24, 09:41:51.651, 1149272669610, QTAgent32.exe, Playback - [IMAGE] C:\Users\testuser\AppData\Local\Temp\UITestLogs\LastRun\RPFC57F.png
\0
W, 3240, 13, 2013/05/24, 09:41:51.651, 1149272671093, QTAgent32.exe, Playback - [WARNING] Internal warning: Couldn't find descendants that match QueryId
\0
W, 3240, 13, 2013/05/24, 09:41:51.651, 1149272673610, QTAgent32.exe, PERF WARNING: FindTopLevelWindowHelper::FindAllDescendents: took 18885 ms. Expected it to take maximum 500 ms.
W, 3240, 13, 2013/05/24, 09:41:54.933, 1149319667432, QTAgent32.exe, Playback - [WARNING] Internal warning: Smart Match failed
\0
W, 3240, 13, 2013/05/24, 09:41:56.352, 1149339978441, QTAgent32.exe, Playback - [WARNING] Internal warning: Window Not Found: [VisibleOnly]ControlType='Window' &amp;&amp; Name='Personal Lines' &amp;&amp; ClassName='#32770'
\0
E, 3240, 13, 2013/05/24, 09:41:56.352, 1149339980591, QTAgent32.exe, &lt;a class=failure&gt;Playback - {102} [FAILED] Function ElementFetcher::FindScreenElement failed to locate UI element (Searching: ;[VisibleOnly]ControlType='Window' &amp;&amp; Name='Personal Lines' &amp;&amp; ClassName='#32770') (The object specified was not found.)
\0&lt;/a&gt;
E, 3240, 13, 2013/05/24, 09:41:56.394, 1149340581392, QTAgent32.exe, Playback - [IMAGE] C:\Users\testuser\AppData\Local\Temp\UITestLogs\LastRun\RPFD816.png
\0
W, 3240, 13, 2013/05/24, 09:41:56.394, 1149340582927, QTAgent32.exe, Playback - [WARNING] Internal warning: Couldn't find descendants that match QueryId
\0
W, 3240, 13, 2013/05/24, 09:41:56.394, 1149340585292, QTAgent32.exe, PERF WARNING: FindTopLevelWindowHelper::FindAllDescendents: took 4742 ms. Expected it to take maximum 500 ms.
E, 3240, 13, 2013/05/24, 09:41:56.394, 1149340587107, QTAgent32.exe, Exception: System.Runtime.InteropServices.COMException
	Message: Error HRESULT E_FAIL has been returned from a call to a COM component.
	Stack Trace:    at Microsoft.VisualStudio.TestTools.UITest.Playback.Engine.IRPFPlayback.FindAllScreenElements(IScreenElement pScreenElementStart, String bstrQueryId, Object&amp; pvarResKeys, Int32 cResKeys, Int32 nMaxDepth, Object[]&amp; foundDescendants)
   at Microsoft.VisualStudio.TestTools.UITest.Playback.ScreenElement.FindTopLevelWindowHelper(String queryId)
	BaseExceptionMessage: Error HRESULT E_FAIL has been returned from a call to a COM component.

E, 3240, 13, 2013/05/24, 09:41:56.394, 1149340589539, QTAgent32.exe, Window 1443692 not responding. Last Win32 error 0
E, 3240, 13, 2013/05/24, 09:41:56.394, 1149340590406, QTAgent32.exe, GetClassName for handle 1443692 failed
E, 3240, 13, 2013/05/24, 09:41:56.494, 1149342023791, QTAgent32.exe, AL: Playback Error: Microsoft.VisualStudio.TestTools.UITest.Extension.UITestControlNotAvailableException: The control is not available or not valid. Additional Details: 
TechnologyName:  'MSAA'
Name:  'Personal Lines'
ClassName:  '#32770'
ControlType:  'Window'
 ---&gt; System.Runtime.InteropServices.COMException: Error HRESULT E_FAIL has been returned from a call to a COM component.
   at Microsoft.VisualStudio.TestTools.UITest.Playback.Engine.IRPFPlayback.FindAllScreenElements(IScreenElement pScreenElementStart, String bstrQueryId, Object&amp; pvarResKeys, Int32 cResKeys, Int32 nMaxDepth, Object[]&amp; foundDescendants)
   at Microsoft.VisualStudio.TestTools.UITest.Playback.ScreenElement.FindTopLevelWindowHelper(String queryId)
   at Microsoft.VisualStudio.TestTools.UITest.Playback.ScreenElement.FindFromPartialQueryId(String queryId)
   at Microsoft.VisualStudio.TestTools.UITesting.UITestControl.EnsureValid(Boolean waitForReady, Boolean refetch)
   --- End of inner exception stack trace ---
   at Microsoft.VisualStudio.TestTools.UITesting.UITestControl.EnsureValid(Boolean waitForReady, Boolean refetch)
   at Microsoft.VisualStudio.TestTools.UITesting.UITestControl.FindFirstDescendant(String queryId, Int32 maxDepth, Int32&amp; timeLeft)
   at Microsoft.VisualStudio.TestTools.UITesting.SearchHelper.GetElement(Boolean useCache, ISearchArgument searchArg)
   at Microsoft.VisualStudio.TestTools.UITesting.SearchHelper.Search(ISearchArgument searchArg)
   at Microsoft.VisualStudio.TestTools.UITesting.UITestControl.FindInternal()
   at Microsoft.VisualStudio.TestTools.UITesting.UITestControl.FindControlIfNecessary()
   at Microsoft.VisualStudio.TestTools.UITesting.UITestControl.Click(MouseButtons button, ModifierKeys modifierKeys, Point relativeCoordinates)
   at Microsoft.VisualStudio.TestTools.UITesting.Mouse.ClickImplementation(UITestControl control, MouseButtons button, ModifierKeys modifierKeys, Point relativeCoordinate)
   at Microsoft.VisualStudio.TestTools.UITesting.Mouse.ClickImplementationWrapper(UITestControl control, MouseButtons button, ModifierKeys modifierKeys, Point relativeCoordinate)
W, 3240, 13, 2013/05/24, 09:41:56.495, 1149342025868, QTAgent32.exe, PlaybackErrorHandler: Ignoring exception as ContinueOnError is set.
W, 3240, 13, 2013/05/24, 09:41:56.622, 1149343858355, QTAgent32.exe, &lt;a class=success&gt;Playback - {103} [SUCCESS] Check - "[MSAA, VisibleOnly]ControlType='CheckBox' &amp;&amp; Name='Defer Printing?'"
\0&lt;/a&gt;
W, 3240, 13, 2013/05/24, 09:41:57.198, 1149352098221, QTAgent32.exe, &lt;a class=success&gt;Playback - {104} [SUCCESS] MouseButtonClick - "[MSAA, VisibleOnly]ControlType='Button' &amp;&amp; Name='Ok'"
\0&lt;/a&gt;
W, 3240, 13, 2013/05/24, 09:41:57.957, 1149362962387, QTAgent32.exe, &lt;a class=success&gt;Playback - {105} [SUCCESS] Uncheck - "[MSAA, VisibleOnly]ControlType='CheckBox' &amp;&amp; Name='Add Activity'"
\0&lt;/a&gt;
W, 3240, 13, 2013/05/24, 09:41:58.367, 1149368844556, QTAgent32.exe, &lt;a class=success&gt;Playback - {106} [SUCCESS] MouseButtonClick - "[MSAA, VisibleOnly]ControlType='Button' &amp;&amp; Name='Ok'"
\0&lt;/a&gt;
W, 3240, 13, 2013/05/24, 09:41:58.595, 1149372100793, QTAgent32.exe, &lt;a class=success&gt;Playback - {107} [SUCCESS] MouseButtonClick - "[MSAA, VisibleOnly]ControlType='Button' &amp;&amp; Name='Ok'"
\0&lt;/a&gt;
W, 3240, 13, 2013/05/24, 09:41:59.233, 1149381235317, QTAgent32.exe, &lt;a class=success&gt;Playback - {108} [SUCCESS] MouseButtonClick - "[MSAA, VisibleOnly]ControlType='Button' &amp;&amp; Name='Ok'"
\0&lt;/a&gt;
W, 3240, 13, 2013/05/24, 09:42:01.625, 1149415482561, QTAgent32.exe, PERF WARNING: FindTopLevelWindowHelper::FindAllDescendents: took 2288 ms. Expected it to take maximum 500 ms.
W, 3240, 13, 2013/05/24, 09:42:01.757, 1149417384591, QTAgent32.exe, &lt;a class=success&gt;Playback - {109} [SUCCESS] MouseButtonClick - "[MSAA, VisibleOnly]ControlType='Button' &amp;&amp; Name='OK'"
\0&lt;/a&gt;
W, 3240, 13, 2013/05/24, 09:42:01.981, 1149420591268, QTAgent32.exe, &lt;a class=success&gt;Playback - {110} [SUCCESS] MouseButtonClick - "[MSAA, VisibleOnly]ControlType='Button' &amp;&amp; Name='Cancel'"
\0&lt;/a&gt;
W, 3240, 13, 2013/05/24, 09:42:02.369, 1149426144907, QTAgent32.exe, &lt;a class=success&gt;Playback - {111} [SUCCESS] MouseButtonClick - "[MSAA, VisibleOnly]ControlType='Button'"
\0&lt;/a&gt;
W, 3240, 13, 2013/05/24, 09:42:02.758, 1149431710528, QTAgent32.exe, &lt;a class=success&gt;Playback - {112} [SUCCESS] MouseButtonClick - "[MSAA, VisibleOnly]ControlType='Button' &amp;&amp; Name='Detail'"
\0&lt;/a&gt;
W, 3240, 13, 2013/05/24, 09:42:02.986, 1149434982702, QTAgent32.exe, &lt;a class=success&gt;Playback - {113} [SUCCESS] MouseButtonClick - "[MSAA, VisibleOnly]ControlType='Edit'"
\0&lt;/a&gt;
W, 3240, 13, 2013/05/24, 09:42:06.173, 1149480605069, QTAgent32.exe, Playback - [WARNING] Internal warning: Window Not Found: [VisibleOnly]ControlType='Window' &amp;&amp; Name='Connect to www.insur-econnect.com'
\0
E, 3240, 13, 2013/05/24, 09:42:06.173, 1149480606951, QTAgent32.exe, &lt;a class=failure&gt;Playback - {114} [FAILED] Function ElementFetcher::FindScreenElement failed to locate UI element (Searching: ;[VisibleOnly]ControlType='Window' &amp;&amp; Name='Connect to www.insur-econnect.com') (The object specified was not found.)
\0&lt;/a&gt;
E, 3240, 13, 2013/05/24, 09:42:06.214, 1149481191760, QTAgent32.exe, Playback - [IMAGE] C:\Users\testuser\AppData\Local\Temp\UITestLogs\LastRun\RPFFE6C.png
\0
W, 3240, 13, 2013/05/24, 09:42:06.214, 1149481193304, QTAgent32.exe, Playback - [WARNING] Internal warning: Couldn't find descendants that match QueryId
\0
W, 3240, 13, 2013/05/24, 09:42:06.214, 1149481195936, QTAgent32.exe, PERF WARNING: FindTopLevelWindowHelper::FindAllDescendents: took 802 ms. Expected it to take maximum 500 ms.
W, 3240, 13, 2013/05/24, 09:42:24.220, 1149739000645, QTAgent32.exe, Playback - [WARNING] Internal warning: Window Not Found: [VisibleOnly]ControlType='Window' &amp;&amp; Name='Connect to www.insur-econnect.com'
\0
E, 3240, 13, 2013/05/24, 09:42:24.220, 1149739002636, QTAgent32.exe, &lt;a class=failure&gt;Playback - {115} [FAILED] Function ElementFetcher::FindScreenElement failed to locate UI element (Searching: ;[VisibleOnly]ControlType='Window' &amp;&amp; Name='Connect to www.insur-econnect.com') (The object specified was not found.)
\0&lt;/a&gt;
E, 3240, 13, 2013/05/24, 09:42:24.265, 1149739655564, QTAgent32.exe, Playback - [IMAGE] C:\Users\testuser\AppData\Local\Temp\UITestLogs\LastRun\RPF44EE.png
\0
W, 3240, 13, 2013/05/24, 09:42:24.266, 1149739657122, QTAgent32.exe, Playback - [WARNING] Internal warning: Couldn't find descendants that match QueryId
\0
W, 3240, 13, 2013/05/24, 09:42:24.266, 1149739659530, QTAgent32.exe, PERF WARNING: FindTopLevelWindowHelper::FindAllDescendents: took 18051 ms. Expected it to take maximum 500 ms.
W, 3240, 13, 2013/05/24, 09:42:24.733, 1149746356143, QTAgent32.exe, Playback - [WARNING] Internal warning: Smart Match failed
\0
W, 3240, 13, 2013/05/24, 09:42:24.966, 1149749684704, QTAgent32.exe, Playback - [WARNING] Internal warning: Smart Match failed
\0
W, 3240, 13, 2013/05/24, 09:42:25.197, 1149752995498, QTAgent32.exe, Playback - [WARNING] Internal warning: Smart Match failed
\0
W, 3240, 13, 2013/05/24, 09:42:25.425, 1149756266952, QTAgent32.exe, Playback - [WARNING] Internal warning: Smart Match failed
\0
W, 3240, 13, 2013/05/24, 09:42:25.655, 1149759558647, QTAgent32.exe, Playback - [WARNING] Internal warning: Smart Match failed
\0
W, 3240, 13, 2013/05/24, 09:42:25.880, 1149762778640, QTAgent32.exe, Playback - [WARNING] Internal warning: Smart Match failed
\0
W, 3240, 13, 2013/05/24, 09:42:26.105, 1149765999120, QTAgent32.exe, Playback - [WARNING] Internal warning: Smart Match failed
\0
W, 3240, 13, 2013/05/24, 09:42:26.326, 1149769167510, QTAgent32.exe, Playback - [WARNING] Internal warning: Smart Match failed
\0
W, 3240, 13, 2013/05/24, 09:42:26.546, 1149772307403, QTAgent32.exe, Playback - [WARNING] Internal warning: Smart Match failed
\0
W, 3240, 13, 2013/05/24, 09:42:26.770, 1149775518636, QTAgent32.exe, Playback - [WARNING] Internal warning: Smart Match failed
\0
W, 3240, 13, 2013/05/24, 09:42:26.993, 1149778710144, QTAgent32.exe, Playback - [WARNING] Internal warning: Smart Match failed
\0
W, 3240, 13, 2013/05/24, 09:42:27.216, 1149781897709, QTAgent32.exe, Playback - [WARNING] Internal warning: Smart Match failed
\0
W, 3240, 13, 2013/05/24, 09:42:27.330, 1149783527692, QTAgent32.exe, Playback - [WARNING] Internal warning: Window Not Found: [VisibleOnly]ControlType='Window' &amp;&amp; Name='Connect to www.insur-econnect.com'
\0
E, 3240, 13, 2013/05/24, 09:42:27.330, 1149783529458, QTAgent32.exe, &lt;a class=failure&gt;Playback - {116} [FAILED] Function ElementFetcher::FindScreenElement failed to locate UI element (Searching: ;[VisibleOnly]ControlType='Window' &amp;&amp; Name='Connect to www.insur-econnect.com') (The object specified was not found.)
\0&lt;/a&gt;
E, 3240, 13, 2013/05/24, 09:42:27.367, 1149784062056, QTAgent32.exe, Playback - [IMAGE] C:\Users\testuser\AppData\Local\Temp\UITestLogs\LastRun\RPF511F.png
\0
W, 3240, 13, 2013/05/24, 09:42:27.367, 1149784063861, QTAgent32.exe, Playback - [WARNING] Internal warning: Couldn't find descendants that match QueryId
\0
W, 3240, 13, 2013/05/24, 09:42:27.367, 1149784066406, QTAgent32.exe, PERF WARNING: FindTopLevelWindowHelper::FindAllDescendents: took 3101 ms. Expected it to take maximum 500 ms.
E, 3240, 13, 2013/05/24, 09:42:27.367, 1149784068008, QTAgent32.exe, Exception: System.Runtime.InteropServices.COMException
	Message: Error HRESULT E_FAIL has been returned from a call to a COM component.
	Stack Trace:    at Microsoft.VisualStudio.TestTools.UITest.Playback.Engine.IRPFPlayback.FindAllScreenElements(IScreenElement pScreenElementStart, String bstrQueryId, Object&amp; pvarResKeys, Int32 cResKeys, Int32 nMaxDepth, Object[]&amp; foundDescendants)
   at Microsoft.VisualStudio.TestTools.UITest.Playback.ScreenElement.FindTopLevelWindowHelper(String queryId)
	BaseExceptionMessage: Error HRESULT E_FAIL has been returned from a call to a COM component.

W, 3240, 13, 2013/05/24, 09:42:28.071, 1149794147463, QTAgent32.exe, Playback - [WARNING] Internal warning: Window Not Found: [VisibleOnly]ControlType='Window' &amp;&amp; Name='Windows Security'
\0
E, 3240, 13, 2013/05/24, 09:42:28.071, 1149794149329, QTAgent32.exe, &lt;a class=failure&gt;Playback - {117} [FAILED] Function ElementFetcher::FindScreenElement failed to locate UI element (Searching: ;[VisibleOnly]ControlType='Window' &amp;&amp; Name='Windows Security') (The object specified was not found.)
\0&lt;/a&gt;
E, 3240, 13, 2013/05/24, 09:42:28.109, 1149794690017, QTAgent32.exe, Playback - [IMAGE] C:\Users\testuser\AppData\Local\Temp\UITestLogs\LastRun\RPF53FD.png
\0
W, 3240, 13, 2013/05/24, 09:42:28.109, 1149794691520, QTAgent32.exe, Playback - [WARNING] Internal warning: Couldn't find descendants that match QueryId
\0
W, 3240, 13, 2013/05/24, 09:42:28.109, 1149794693946, QTAgent32.exe, PERF WARNING: FindTopLevelWindowHelper::FindAllDescendents: took 741 ms. Expected it to take maximum 500 ms.
W, 3240, 13, 2013/05/24, 09:42:46.263, 1150054630164, QTAgent32.exe, Playback - [WARNING] Internal warning: Window Not Found: [VisibleOnly]ControlType='Window' &amp;&amp; Name='Windows Security'
\0
E, 3240, 13, 2013/05/24, 09:42:46.264, 1150054632439, QTAgent32.exe, &lt;a class=failure&gt;Playback - {118} [FAILED] Function ElementFetcher::FindScreenElement failed to locate UI element (Searching: ;[VisibleOnly]ControlType='Window' &amp;&amp; Name='Windows Security') (The object specified was not found.)
\0&lt;/a&gt;
E, 3240, 13, 2013/05/24, 09:42:46.303, 1150055190908, QTAgent32.exe, Playback - [IMAGE] C:\Users\testuser\AppData\Local\Temp\UITestLogs\LastRun\RPF9B0C.png
\0
W, 3240, 13, 2013/05/24, 09:42:46.303, 1150055192462, QTAgent32.exe, Playback - [WARNING] Internal warning: Couldn't find descendants that match QueryId
\0
W, 3240, 13, 2013/05/24, 09:42:46.303, 1150055195003, QTAgent32.exe, PERF WARNING: FindTopLevelWindowHelper::FindAllDescendents: took 18193 ms. Expected it to take maximum 500 ms.
W, 3240, 13, 2013/05/24, 09:42:46.767, 1150061838544, QTAgent32.exe, Playback - [WARNING] Internal warning: Smart Match failed
\0
W, 3240, 13, 2013/05/24, 09:42:46.997, 1150065133548, QTAgent32.exe, Playback - [WARNING] Internal warning: Smart Match failed
\0
W, 3240, 13, 2013/05/24, 09:42:47.222, 1150068346410, QTAgent32.exe, Playback - [WARNING] Internal warning: Smart Match failed
\0
W, 3240, 13, 2013/05/24, 09:42:47.450, 1150071610283, QTAgent32.exe, Playback - [WARNING] Internal warning: Smart Match failed
\0
W, 3240, 13, 2013/05/24, 09:42:47.675, 1150074843936, QTAgent32.exe, Playback - [WARNING] Internal warning: Smart Match failed
\0
W, 3240, 13, 2013/05/24, 09:42:47.902, 1150078084892, QTAgent32.exe, Playback - [WARNING] Internal warning: Smart Match failed
\0
W, 3240, 13, 2013/05/24, 09:42:48.126, 1150081293354, QTAgent32.exe, Playback - [WARNING] Internal warning: Smart Match failed
\0
W, 3240, 13, 2013/05/24, 09:42:48.355, 1150084580067, QTAgent32.exe, Playback - [WARNING] Internal warning: Smart Match failed
\0
W, 3240, 13, 2013/05/24, 09:42:48.589, 1150087922399, QTAgent32.exe, Playback - [WARNING] Internal warning: Smart Match failed
\0
W, 3240, 13, 2013/05/24, 09:42:48.821, 1150091252898, QTAgent32.exe, Playback - [WARNING] Internal warning: Smart Match failed
\0
W, 3240, 13, 2013/05/24, 09:42:49.047, 1150094486536, QTAgent32.exe, Playback - [WARNING] Internal warning: Smart Match failed
\0
W, 3240, 13, 2013/05/24, 09:42:49.269, 1150097667128, QTAgent32.exe, Playback - [WARNING] Internal warning: Smart Match failed
\0
W, 3240, 13, 2013/05/24, 09:42:49.382, 1150099286012, QTAgent32.exe, Playback - [WARNING] Internal warning: Window Not Found: [VisibleOnly]ControlType='Window' &amp;&amp; Name='Windows Security'
\0
E, 3240, 13, 2013/05/24, 09:42:49.382, 1150099287692, QTAgent32.exe, &lt;a class=failure&gt;Playback - {119} [FAILED] Function ElementFetcher::FindScreenElement failed to locate UI element (Searching: ;[VisibleOnly]ControlType='Window' &amp;&amp; Name='Windows Security') (The object specified was not found.)
\0&lt;/a&gt;
E, 3240, 13, 2013/05/24, 09:42:49.420, 1150099831286, QTAgent32.exe, Playback - [IMAGE] C:\Users\testuser\AppData\Local\Temp\UITestLogs\LastRun\RPFA73D.png
\0
W, 3240, 13, 2013/05/24, 09:42:49.421, 1150099833171, QTAgent32.exe, Playback - [WARNING] Internal warning: Couldn't find descendants that match QueryId
\0
W, 3240, 13, 2013/05/24, 09:42:49.421, 1150099835796, QTAgent32.exe, PERF WARNING: FindTopLevelWindowHelper::FindAllDescendents: took 3117 ms. Expected it to take maximum 500 ms.
E, 3240, 13, 2013/05/24, 09:42:49.421, 1150099837451, QTAgent32.exe, Exception: System.Runtime.InteropServices.COMException
	Message: Error HRESULT E_FAIL has been returned from a call to a COM component.
	Stack Trace:    at Microsoft.VisualStudio.TestTools.UITest.Playback.Engine.IRPFPlayback.FindAllScreenElements(IScreenElement pScreenElementStart, String bstrQueryId, Object&amp; pvarResKeys, Int32 cResKeys, Int32 nMaxDepth, Object[]&amp; foundDescendants)
   at Microsoft.VisualStudio.TestTools.UITest.Playback.ScreenElement.FindTopLevelWindowHelper(String queryId)
	BaseExceptionMessage: Error HRESULT E_FAIL has been returned from a call to a COM component.

E, 3240, 13, 2013/05/24, 09:42:49.521, 1150101278572, QTAgent32.exe, AL: Playback Error: Microsoft.VisualStudio.TestTools.UITest.Extension.UITestControlNotFoundException: The playback failed to find the control with the given search properties. Additional Details: 
TechnologyName:  'MSAA'
ControlType:  'Window'
Name:  'Windows Security'
 ---&gt; System.Runtime.InteropServices.COMException: Error HRESULT E_FAIL has been returned from a call to a COM component.
   at Microsoft.VisualStudio.TestTools.UITest.Playback.Engine.IRPFPlayback.FindAllScreenElements(IScreenElement pScreenElementStart, String bstrQueryId, Object&amp; pvarResKeys, Int32 cResKeys, Int32 nMaxDepth, Object[]&amp; foundDescendants)
   at Microsoft.VisualStudio.TestTools.UITest.Playback.ScreenElement.FindTopLevelWindowHelper(String queryId)
   at Microsoft.VisualStudio.TestTools.UITest.Playback.ScreenElement.FindFromPartialQueryId(String queryId)
   at Microsoft.VisualStudio.TestTools.UITesting.UITestControl..ctor(String queryId)
   --- End of inner exception stack trace ---
   at Microsoft.VisualStudio.TestTools.UITesting.Playback.MapControlNotFoundException(COMException ex, IPlaybackContext context)
   at Microsoft.VisualStudio.TestTools.UITesting.Playback.MapAndThrowComException(COMException innerException, IPlaybackContext context)
   at Microsoft.VisualStudio.TestTools.UITesting.Playback.MapAndThrowException(SystemException exception, IPlaybackContext context)
   at Microsoft.VisualStudio.TestTools.UITesting.Playback.MapAndThrowException(SystemException exception, String queryId)
   at Microsoft.VisualStudio.TestTools.UITesting.UITestControl..ctor(String queryId)
   at Microsoft.VisualStudio.TestTools.UITesting.SearchHelper.SearchTopLevelWindow(ISearchArgument topLevelSearchArg, String topLevelElementQueryId)
   at Microsoft.VisualStudio.TestTools.UITesting.SearchHelper.GetTitleUpdatedTopLevelWindow(ISearchArgument topLevelSearchArg, String queryId, IList`1 windowTitles)
   at Microsoft.VisualStudio.TestTools.UITesting.SearchHelper.GetTopLevelElement(Boolean useCache, Boolean useCacheOnly, ISearchArgument searchArg, IList`1 windowTitles, Int32&amp; timeLeft)
   at Microsoft.VisualStudio.TestTools.UITesting.SearchHelper.GetElement(Boolean useCache, ISearchArgument searchArg)
   at Microsoft.VisualStudio.TestTools.UITesting.SearchHelper.Search(ISearchArgument searchArg)
   at Microsoft.VisualStudio.TestTools.UITesting.UITestControl.FindInternal()
   at Microsoft.VisualStudio.TestTools.UITesting.UITestControl.FindControlIfNecessary()
   at Microsoft.VisualStudio.TestTools.UITesting.UITestControl.SendKeys(String text, ModifierKeys modifierKeys, Boolean isEncoded, Boolean isUnicode)
   at Microsoft.VisualStudio.TestTools.UITesting.Keyboard.SendKeysImplementation(UITestControl control, String text, ModifierKeys modifierKeys, Boolean isEncoded, Boolean isUnicode)
   at Microsoft.VisualStudio.TestTools.UITesting.Keyboard.SendKeysImplementationWrapper(UITestControl control, String text, ModifierKeys modifierKeys, Boolean isEncoded, Boolean isUnicode)
W, 3240, 13, 2013/05/24, 09:42:49.522, 1150101280568, QTAgent32.exe, PlaybackErrorHandler: Ignoring exception as ContinueOnError is set.
W, 3240, 13, 2013/05/24, 09:42:50.203, 1150111037402, QTAgent32.exe, Playback - [WARNING] Internal warning: Window Not Found: [VisibleOnly]ControlType='Window' &amp;&amp; Name='Windows Security'
\0
E, 3240, 13, 2013/05/24, 09:42:50.203, 1150111039351, QTAgent32.exe, &lt;a class=failure&gt;Playback - {120} [FAILED] Function ElementFetcher::FindScreenElement failed to locate UI element (Searching: ;[VisibleOnly]ControlType='Window' &amp;&amp; Name='Windows Security') (The object specified was not found.)
\0&lt;/a&gt;
E, 3240, 13, 2013/05/24, 09:42:50.246, 1150111646034, QTAgent32.exe, Playback - [IMAGE] C:\Users\testuser\AppData\Local\Temp\UITestLogs\LastRun\RPFAA79.png
\0
W, 3240, 13, 2013/05/24, 09:42:50.246, 1150111648107, QTAgent32.exe, Playback - [WARNING] Internal warning: Couldn't find descendants that match QueryId
\0
W, 3240, 13, 2013/05/24, 09:42:50.246, 1150111650429, QTAgent32.exe, PERF WARNING: FindTopLevelWindowHelper::FindAllDescendents: took 724 ms. Expected it to take maximum 500 ms.
W, 3240, 13, 2013/05/24, 09:43:08.483, 1150372769623, QTAgent32.exe, Playback - [WARNING] Internal warning: Window Not Found: [VisibleOnly]ControlType='Window' &amp;&amp; Name='Windows Security'
\0
E, 3240, 13, 2013/05/24, 09:43:08.483, 1150372771725, QTAgent32.exe, &lt;a class=failure&gt;Playback - {121} [FAILED] Function ElementFetcher::FindScreenElement failed to locate UI element (Searching: ;[VisibleOnly]ControlType='Window' &amp;&amp; Name='Windows Security') (The object specified was not found.)
\0&lt;/a&gt;
E, 3240, 13, 2013/05/24, 09:43:08.529, 1150373427343, QTAgent32.exe, Playback - [IMAGE] C:\Users\testuser\AppData\Local\Temp\UITestLogs\LastRun\RPFF1E5.png
\0
W, 3240, 13, 2013/05/24, 09:43:08.529, 1150373428834, QTAgent32.exe, Playback - [WARNING] Internal warning: Couldn't find descendants that match QueryId
\0
W, 3240, 13, 2013/05/24, 09:43:08.530, 1150373439261, QTAgent32.exe, PERF WARNING: FindTopLevelWindowHelper::FindAllDescendents: took 18283 ms. Expected it to take maximum 500 ms.
W, 3240, 13, 2013/05/24, 09:43:09.028, 1150380571900, QTAgent32.exe, Playback - [WARNING] Internal warning: Smart Match failed
\0
W, 3240, 13, 2013/05/24, 09:43:09.280, 1150384184574, QTAgent32.exe, Playback - [WARNING] Internal warning: Smart Match failed
\0
W, 3240, 13, 2013/05/24, 09:43:09.577, 1150388439895, QTAgent32.exe, Playback - [WARNING] Internal warning: Smart Match failed
\0
W, 3240, 13, 2013/05/24, 09:43:09.846, 1150392290305, QTAgent32.exe, Playback - [WARNING] Internal warning: Smart Match failed
\0
W, 3240, 13, 2013/05/24, 09:43:10.150, 1150396639918, QTAgent32.exe, Playback - [WARNING] Internal warning: Smart Match failed
\0
W, 3240, 13, 2013/05/24, 09:43:10.633, 1150403551948, QTAgent32.exe, Playback - [WARNING] Internal warning: Smart Match failed
\0
W, 3240, 13, 2013/05/24, 09:43:11.057, 1150409622085, QTAgent32.exe, Playback - [WARNING] Internal warning: Smart Match failed
\0
W, 3240, 13, 2013/05/24, 09:43:11.536, 1150416481498, QTAgent32.exe, Playback - [WARNING] Internal warning: Smart Match failed
\0
W, 3240, 13, 2013/05/24, 09:43:12.083, 1150424310296, QTAgent32.exe, Playback - [WARNING] Internal warning: Window Not Found: [VisibleOnly]ControlType='Window' &amp;&amp; Name='Windows Security'
\0
E, 3240, 13, 2013/05/24, 09:43:12.083, 1150424318395, QTAgent32.exe, &lt;a class=failure&gt;Playback - {122} [FAILED] Function ElementFetcher::FindScreenElement failed to locate UI element (Searching: ;[VisibleOnly]ControlType='Window' &amp;&amp; Name='Windows Security') (The object specified was not found.)
\0&lt;/a&gt;
E, 3240, 13, 2013/05/24, 09:43:12.389, 1150428702391, QTAgent32.exe, Playback - [IMAGE] C:\Users\testuser\AppData\Local\Temp\UITestLogs\LastRun\RPFFFEA.png
\0
W, 3240, 13, 2013/05/24, 09:43:12.389, 1150428703808, QTAgent32.exe, Playback - [WARNING] Internal warning: Couldn't find descendants that match QueryId
\0
W, 3240, 13, 2013/05/24, 09:43:12.390, 1150428710526, QTAgent32.exe, PERF WARNING: FindTopLevelWindowHelper::FindAllDescendents: took 3860 ms. Expected it to take maximum 500 ms.
E, 3240, 13, 2013/05/24, 09:43:12.390, 1150428713661, QTAgent32.exe, Exception: System.Runtime.InteropServices.COMException
	Message: Error HRESULT E_FAIL has been returned from a call to a COM component.
	Stack Trace:    at Microsoft.VisualStudio.TestTools.UITest.Playback.Engine.IRPFPlayback.FindAllScreenElements(IScreenElement pScreenElementStart, String bstrQueryId, Object&amp; pvarResKeys, Int32 cResKeys, Int32 nMaxDepth, Object[]&amp; foundDescendants)
   at Microsoft.VisualStudio.TestTools.UITest.Playback.ScreenElement.FindTopLevelWindowHelper(String queryId)
	BaseExceptionMessage: Error HRESULT E_FAIL has been returned from a call to a COM component.

E, 3240, 13, 2013/05/24, 09:43:12.491, 1150430152433, QTAgent32.exe, AL: Playback Error: Microsoft.VisualStudio.TestTools.UITest.Extension.UITestControlNotFoundException: The playback failed to find the control with the given search properties. Additional Details: 
TechnologyName:  'MSAA'
ControlType:  'Window'
Name:  'Windows Security'
 ---&gt; System.Runtime.InteropServices.COMException: Error HRESULT E_FAIL has been returned from a call to a COM component.
   at Microsoft.VisualStudio.TestTools.UITest.Playback.Engine.IRPFPlayback.FindAllScreenElements(IScreenElement pScreenElementStart, String bstrQueryId, Object&amp; pvarResKeys, Int32 cResKeys, Int32 nMaxDepth, Object[]&amp; foundDescendants)
   at Microsoft.VisualStudio.TestTools.UITest.Playback.ScreenElement.FindTopLevelWindowHelper(String queryId)
   at Microsoft.VisualStudio.TestTools.UITest.Playback.ScreenElement.FindFromPartialQueryId(String queryId)
   at Microsoft.VisualStudio.TestTools.UITesting.UITestControl..ctor(String queryId)
   --- End of inner exception stack trace ---
   at Microsoft.VisualStudio.TestTools.UITesting.Playback.MapControlNotFoundException(COMException ex, IPlaybackContext context)
   at Microsoft.VisualStudio.TestTools.UITesting.Playback.MapAndThrowComException(COMException innerException, IPlaybackContext context)
   at Microsoft.VisualStudio.TestTools.UITesting.Playback.MapAndThrowException(SystemException exception, IPlaybackContext context)
   at Microsoft.VisualStudio.TestTools.UITesting.Playback.MapAndThrowException(SystemException exception, String queryId)
   at Microsoft.VisualStudio.TestTools.UITesting.UITestControl..ctor(String queryId)
   at Microsoft.VisualStudio.TestTools.UITesting.SearchHelper.SearchTopLevelWindow(ISearchArgument topLevelSearchArg, String topLevelElementQueryId)
   at Microsoft.VisualStudio.TestTools.UITesting.SearchHelper.GetTitleUpdatedTopLevelWindow(ISearchArgument topLevelSearchArg, String queryId, IList`1 windowTitles)
   at Microsoft.VisualStudio.TestTools.UITesting.SearchHelper.GetTopLevelElement(Boolean useCache, Boolean useCacheOnly, ISearchArgument searchArg, IList`1 windowTitles, Int32&amp; timeLeft)
   at Microsoft.VisualStudio.TestTools.UITesting.SearchHelper.GetElement(Boolean useCache, ISearchArgument searchArg)
   at Microsoft.VisualStudio.TestTools.UITesting.SearchHelper.Search(ISearchArgument searchArg)
   at Microsoft.VisualStudio.TestTools.UITesting.UITestControl.FindInternal()
   at Microsoft.VisualStudio.TestTools.UITesting.UITestControl.FindControlIfNecessary()
   at Microsoft.VisualStudio.TestTools.UITesting.UITestControl.Click(MouseButtons button, ModifierKeys modifierKeys, Point relativeCoordinates)
   at Microsoft.VisualStudio.TestTools.UITesting.Mouse.ClickImplementation(UITestControl control, MouseButtons button, ModifierKeys modifierKeys, Point relativeCoordinate)
   at Microsoft.VisualStudio.TestTools.UITesting.Mouse.ClickImplementationWrapper(UITestControl control, MouseButtons button, ModifierKeys modifierKeys, Point relativeCoordinate)
W, 3240, 13, 2013/05/24, 09:43:12.491, 1150430154293, QTAgent32.exe, PlaybackErrorHandler: Ignoring exception as ContinueOnError is set.
W, 3240, 13, 2013/05/24, 09:43:12.814, 1150434778378, QTAgent32.exe, &lt;a class=success&gt;Playback - {123} [SUCCESS] MouseButtonClick - "[Web]ControlType='Hyperlink' &amp;&amp; TagName='A' &amp;&amp; Id='' &amp;&amp; Name='' &amp;&amp; Target='' &amp;&amp; InnerText='Renewals Maintenance' &amp;&amp; FilterCondition(AbsolutePath='/sysmaint/content/leftbar.asp', Title='', Href='https://www.insur-econnect.com/sysmaint/content/leftbar.asp#', Class='', ControlDefinition='style="COLOR: white" href="#"', TagInstance='39')"
\0&lt;/a&gt;
W, 3240, 13, 2013/05/24, 09:43:13.112, 1150439051538, QTAgent32.exe, &lt;a class=success&gt;Playback - {124} [SUCCESS] MouseButtonClick - "[Web]ControlType='Hyperlink' &amp;&amp; TagName='A' &amp;&amp; Id='' &amp;&amp; Name='' &amp;&amp; Target='content' &amp;&amp; InnerText='Create a Household Test Renewal Invitation' &amp;&amp; FilterCondition(AbsolutePath='/sysmaint/content/AddHouseholdTestRenewalNotice.asp', Title='', Href='https://www.insur-econnect.com/sysmaint/content/AddHouseholdTestRenewalNotice.asp', Class='itemlink', ControlDefinition='class=itemlink href="AddHouseholdTestRen', TagInstance='2')"
\0&lt;/a&gt;
E, 3240, 13, 2013/05/24, 09:43:14.656, 1150461156887, QTAgent32.exe, Exception: System.NotSupportedException
	Message: Internal Error: This method on IEWebControlElement should not get called.
	Stack Trace:    at Microsoft.VisualStudio.TestTools.UITest.Extension.IE.BrowserOptionElementNode.InvokeProgrammaticAction(ProgrammaticActionOption programmaticActionOption)
	BaseExceptionMessage: Internal Error: This method on IEWebControlElement should not get called.

W, 3240, 13, 2013/05/24, 09:43:14.837, 1150463752997, QTAgent32.exe, &lt;a class=success&gt;Playback - {125} [SUCCESS] SetValueAsComboBox "Covea Insurance plc (formerly MMA)" - "[Web]ControlType='ComboBox' &amp;&amp; TagName='SELECT' &amp;&amp; Id='InsurerID' &amp;&amp; Name='InsurerID' &amp;&amp; FilterCondition(Size='0', LabeledBy='', Title='', ItemCount='54', Class='', ControlDefinition='id=InsurerID onchange=selectInsurer() na', TagInstance='1')"  &lt; SetValueAsComboBox, set by clicking on the item in the list box &gt;
\0&lt;/a&gt;
W, 3240, 13, 2013/05/24, 09:43:15.346, 1150471043044, QTAgent32.exe, &lt;a class=success&gt;Playback - {126} [SUCCESS] SetValueAsEditBox "81588888001779" - "[Web]ControlType='Edit' &amp;&amp; TagName='INPUT' &amp;&amp; Id='' &amp;&amp; Name='txtPolicyNumber' &amp;&amp; LabeledBy='' &amp;&amp; Type='SINGLELINE' &amp;&amp; FilterCondition(Title='', Class='', ControlDefinition='onchange=enableButtons() name=txtPolicyN', TagInstance='1')"  &lt; Set via SendKeys &gt;
\0&lt;/a&gt;
W, 3240, 13, 2013/05/24, 09:43:15.565, 1150474175489, QTAgent32.exe, &lt;a class=success&gt;Playback - {127} [SUCCESS] SendKeys "^{HOME}" - "[Web]ControlType='Edit' &amp;&amp; TagName='INPUT' &amp;&amp; Id='' &amp;&amp; Name='txtRenewalDate' &amp;&amp; LabeledBy='' &amp;&amp; Type='SINGLELINE' &amp;&amp; FilterCondition(Title='', Class='', ControlDefinition='onchange=enableButtons() name=txtRenewal', TagInstance='2')"
\0&lt;/a&gt;
E, 3240, 13, 2013/05/24, 09:43:15.565, 1150474177581, QTAgent32.exe, Msaa.GetFocusedElement: could not find accessible object of foreground window
W, 3240, 13, 2013/05/24, 09:43:15.680, 1150475818853, QTAgent32.exe, &lt;a class=success&gt;Playback - {128} [SUCCESS] SendKeys "^+{END}" - "[Web]ControlType='Edit' &amp;&amp; TagName='INPUT' &amp;&amp; Id='' &amp;&amp; Name='txtRenewalDate' &amp;&amp; LabeledBy='' &amp;&amp; Type='SINGLELINE' &amp;&amp; FilterCondition(Title='', Class='', ControlDefinition='onchange=enableButtons() name=txtRenewal', TagInstance='2')"
\0&lt;/a&gt;
E, 3240, 13, 2013/05/24, 09:43:15.680, 1150475820953, QTAgent32.exe, Msaa.GetFocusedElement: could not find accessible object of foreground window
W, 3240, 13, 2013/05/24, 09:43:15.758, 1150476930850, QTAgent32.exe, &lt;a class=success&gt;Playback - {129} [SUCCESS] SendKeys "{DELETE}" - "[Web]ControlType='Edit' &amp;&amp; TagName='INPUT' &amp;&amp; Id='' &amp;&amp; Name='txtRenewalDate' &amp;&amp; LabeledBy='' &amp;&amp; Type='SINGLELINE' &amp;&amp; FilterCondition(Title='', Class='', ControlDefinition='onchange=enableButtons() name=txtRenewal', TagInstance='2')"
\0&lt;/a&gt;
W, 3240, 13, 2013/05/24, 09:43:16.005, 1150480475748, QTAgent32.exe, &lt;a class=success&gt;Playback - {130} [SUCCESS] SetValueAsEditBox "31/05/2013" - "[Web]ControlType='Edit' &amp;&amp; TagName='INPUT' &amp;&amp; Id='' &amp;&amp; Name='txtRenewalDate' &amp;&amp; LabeledBy='' &amp;&amp; Type='SINGLELINE' &amp;&amp; FilterCondition(Title='', Class='', ControlDefinition='onchange=enableButtons() name=txtRenewal', TagInstance='2')"  &lt; Set via SendKeys &gt;
\0&lt;/a&gt;
W, 3240, 13, 2013/05/24, 09:43:16.190, 1150483127031, QTAgent32.exe, &lt;a class=success&gt;Playback - {131} [SUCCESS] SendKeys "^{HOME}" - "[Web]ControlType='Edit' &amp;&amp; TagName='INPUT' &amp;&amp; Id='' &amp;&amp; Name='txtAutoLapseDate' &amp;&amp; LabeledBy='' &amp;&amp; Type='SINGLELINE' &amp;&amp; FilterCondition(Title='', Class='', ControlDefinition='onchange=enableButtons() name=txtAutoLap', TagInstance='4')"
\0&lt;/a&gt;
E, 3240, 13, 2013/05/24, 09:43:16.190, 1150483128739, QTAgent32.exe, Msaa.GetFocusedElement: could not find accessible object of foreground window
W, 3240, 13, 2013/05/24, 09:43:16.303, 1150484738277, QTAgent32.exe, &lt;a class=success&gt;Playback - {132} [SUCCESS] SendKeys "^+{END}" - "[Web]ControlType='Edit' &amp;&amp; TagName='INPUT' &amp;&amp; Id='' &amp;&amp; Name='txtAutoLapseDate' &amp;&amp; LabeledBy='' &amp;&amp; Type='SINGLELINE' &amp;&amp; FilterCondition(Title='', Class='', ControlDefinition='onchange=enableButtons() name=txtAutoLap', TagInstance='4')"
\0&lt;/a&gt;
E, 3240, 13, 2013/05/24, 09:43:16.303, 1150484740483, QTAgent32.exe, Msaa.GetFocusedElement: could not find accessible object of foreground window
W, 3240, 13, 2013/05/24, 09:43:16.383, 1150485883324, QTAgent32.exe, &lt;a class=success&gt;Playback - {133} [SUCCESS] SendKeys "{DELETE}" - "[Web]ControlType='Edit' &amp;&amp; TagName='INPUT' &amp;&amp; Id='' &amp;&amp; Name='txtAutoLapseDate' &amp;&amp; LabeledBy='' &amp;&amp; Type='SINGLELINE' &amp;&amp; FilterCondition(Title='', Class='', ControlDefinition='onchange=enableButtons() name=txtAutoLap', TagInstance='4')"
\0&lt;/a&gt;
W, 3240, 13, 2013/05/24, 09:43:16.636, 1150489504006, QTAgent32.exe, &lt;a class=success&gt;Playback - {134} [SUCCESS] SetValueAsEditBox "31/05/2013" - "[Web]ControlType='Edit' &amp;&amp; TagName='INPUT' &amp;&amp; Id='' &amp;&amp; Name='txtAutoLapseDate' &amp;&amp; LabeledBy='' &amp;&amp; Type='SINGLELINE' &amp;&amp; FilterCondition(Title='', Class='', ControlDefinition='onchange=enableButtons() name=txtAutoLap', TagInstance='4')"  &lt; Set via SendKeys &gt;
\0&lt;/a&gt;
W, 3240, 13, 2013/05/24, 09:43:16.884, 1150493053360, QTAgent32.exe, &lt;a class=success&gt;Playback - {135} [SUCCESS] MouseButtonClick - "[Web]ControlType='Edit' &amp;&amp; TagName='TEXTAREA' &amp;&amp; Id='' &amp;&amp; Name='txtClientXml' &amp;&amp; LabeledBy='' &amp;&amp; FilterCondition(Title='', Class='', ControlDefinition='onchange=enableButtons() wrap=off cols=5', TagInstance='1')"
\0&lt;/a&gt;
W, 3240, 13, 2013/05/24, 09:43:17.232, 1150498047561, QTAgent32.exe, &lt;a class=success&gt;Playback - {136} [SUCCESS] MouseButtonClick - "[Web]ControlType='Button' &amp;&amp; TagName='INPUT' &amp;&amp; Id='getXmlButton' &amp;&amp; Name='getXmlButton' &amp;&amp; FilterCondition(DisplayText='Get XML from Server', Type='button', Title='Click to get xml from server', Class='', ControlDefinition='id=getXmlButton title="Click to get xml ', TagInstance='5')"
\0&lt;/a&gt;
W, 3240, 13, 2013/05/24, 09:43:17.878, 1150507282251, QTAgent32.exe, &lt;a class=success&gt;Playback - {137} [SUCCESS] MouseButtonClick - "[Web]ControlType='Button' &amp;&amp; TagName='INPUT' &amp;&amp; Id='buttonCreate' &amp;&amp; Name='buttonCreate' &amp;&amp; FilterCondition(DisplayText='  Create Record  ', Type='button', Title='Click to create the new record', Class='', ControlDefinition='id=buttonCreate title="Click to create t', TagInstance='6')"
\0&lt;/a&gt;
W, 3240, 13, 2013/05/24, 09:43:18.186, 1150511693938, QTAgent32.exe, &lt;a class=success&gt;Playback - {138} [SUCCESS] MouseButtonClick - "[MSAA, VisibleOnly]ControlType='Button' &amp;&amp; Name='OK'"
\0&lt;/a&gt;
W, 3240, 13, 2013/05/24, 09:43:23.361, 1150585797717, QTAgent32.exe, &lt;a class=success&gt;Playback - {139} [SUCCESS] TypeString "%({F4})"
\0&lt;/a&gt;
W, 3240, 13, 2013/05/24, 09:43:23.549, 1150588481937, QTAgent32.exe, &lt;a class=success&gt;Playback - {140} [SUCCESS] SendKeys "^{HOME}" - "[MSAA, VisibleOnly]ControlType='Edit'"
\0&lt;/a&gt;
E, 3240, 13, 2013/05/24, 09:43:23.549, 1150588489723, QTAgent32.exe, Msaa.GetFocusedElement: could not find accessible object of foreground window
W, 3240, 13, 2013/05/24, 09:43:23.606, 1150589307830, QTAgent32.exe, &lt;a class=success&gt;Playback - {141} [SUCCESS] SendKeys "^+{END}" - "[MSAA, VisibleOnly]ControlType='Edit'"
\0&lt;/a&gt;
E, 3240, 13, 2013/05/24, 09:43:23.606, 1150589309864, QTAgent32.exe, Msaa.GetFocusedElement: could not find accessible object of foreground window
W, 3240, 13, 2013/05/24, 09:43:23.619, 1150589493787, QTAgent32.exe, &lt;a class=success&gt;Playback - {142} [SUCCESS] SendKeys "{DELETE}" - "[MSAA, VisibleOnly]ControlType='Edit'"
\0&lt;/a&gt;
W, 3240, 13, 2013/05/24, 09:43:23.843, 1150592697746, QTAgent32.exe, &lt;a class=success&gt;Playback - {143} [SUCCESS] SetValueAsEditBox "31/05/2012" - "[MSAA, VisibleOnly]ControlType='Edit'"  &lt; Set via SendKeys &gt;
\0&lt;/a&gt;
W, 3240, 13, 2013/05/24, 09:43:24.198, 1150597784910, QTAgent32.exe, &lt;a class=success&gt;Playback - {144} [SUCCESS] MouseButtonClick - "[MSAA, VisibleOnly]ControlType='Button' &amp;&amp; Name='OK'"
\0&lt;/a&gt;
W, 3240, 13, 2013/05/24, 09:43:25.122, 1150611016289, QTAgent32.exe, &lt;a class=success&gt;Playback - {145} [SUCCESS] MouseButtonClick - "[MSAA, VisibleOnly]ControlType='Client'"
\0&lt;/a&gt;
W, 3240, 13, 2013/05/24, 09:43:25.511, 1150616586210, QTAgent32.exe, &lt;a class=success&gt;Playback - {146} [SUCCESS] MouseButtonClick - "[MSAA, VisibleOnly]ControlType='Client'"
\0&lt;/a&gt;
W, 3240, 13, 2013/05/24, 09:43:26.306, 1150627960516, QTAgent32.exe, &lt;a class=success&gt;Playback - {147} [SUCCESS] SetValueAsEditBox "AUTO152" - "[MSAA, VisibleOnly]ControlType='Edit'"  &lt; Set via SendKeys &gt;
\0&lt;/a&gt;
W, 3240, 13, 2013/05/24, 09:43:26.540, 1150631318652, QTAgent32.exe, &lt;a class=success&gt;Playback - {148} [SUCCESS] SetValueAsEditBox "-1001" - "[MSAA, VisibleOnly]ControlType='Edit'"  &lt; Set via SendKeys &gt;
\0&lt;/a&gt;
W, 3240, 13, 2013/05/24, 09:43:26.793, 1150634941748, QTAgent32.exe, Playback - [WARNING] Internal warning: Incorrect flag set for InvokeProgrammaticAction\0
W, 3240, 13, 2013/05/24, 09:43:26.912, 1150636637942, QTAgent32.exe, &lt;a class=success&gt;Playback - {149} [SUCCESS] SetValueAsComboBox "Household" - "[MSAA, VisibleOnly]ControlType='ComboBox'"  &lt; SetValueAsComboBox, set by clicking on the item in the list box &gt;
\0&lt;/a&gt;
W, 3240, 13, 2013/05/24, 09:43:27.072, 1150638932537, QTAgent32.exe, &lt;a class=success&gt;Playback - {150} [SUCCESS] SendKeys "^{HOME}" - "[MSAA, VisibleOnly]ControlType='Edit'"
\0&lt;/a&gt;
E, 3240, 13, 2013/05/24, 09:43:27.072, 1150638934341, QTAgent32.exe, Msaa.GetFocusedElement: could not find accessible object of foreground window
W, 3240, 13, 2013/05/24, 09:43:27.125, 1150639684438, QTAgent32.exe, &lt;a class=success&gt;Playback - {151} [SUCCESS] SendKeys "^+{END}" - "[MSAA, VisibleOnly]ControlType='Edit'"
\0&lt;/a&gt;
E, 3240, 13, 2013/05/24, 09:43:27.125, 1150639685852, QTAgent32.exe, Msaa.GetFocusedElement: could not find accessible object of foreground window
W, 3240, 13, 2013/05/24, 09:43:27.137, 1150639864104, QTAgent32.exe, &lt;a class=success&gt;Playback - {152} [SUCCESS] SendKeys "{DELETE}" - "[MSAA, VisibleOnly]ControlType='Edit'"
\0&lt;/a&gt;
W, 3240, 13, 2013/05/24, 09:43:27.343, 1150642817169, QTAgent32.exe, &lt;a class=success&gt;Playback - {153} [SUCCESS] SetValueAsEditBox "31/05/2012" - "[MSAA, VisibleOnly]ControlType='Edit'"  &lt; Set via SendKeys &gt;
\0&lt;/a&gt;
W, 3240, 13, 2013/05/24, 09:43:27.567, 1150646012304, QTAgent32.exe, &lt;a class=success&gt;Playback - {154} [SUCCESS] MouseButtonClick - "[MSAA, VisibleOnly]ControlType='Button' &amp;&amp; Name='Regress'"
\0&lt;/a&gt;
W, 3240, 13, 2013/05/24, 09:43:28.000, 1150652214834, QTAgent32.exe, &lt;a class=success&gt;Playback - {155} [SUCCESS] MouseButtonClick - "[MSAA, VisibleOnly]ControlType='Button' &amp;&amp; Name='Exit'"
\0&lt;/a&gt;
W, 3240, 13, 2013/05/24, 09:43:28.236, 1150655605393, QTAgent32.exe, &lt;a class=success&gt;Playback - {156} [SUCCESS] MouseButtonClick - "[MSAA, VisibleOnly]ControlType='Button'"
\0&lt;/a&gt;
W, 3240, 13, 2013/05/24, 09:43:28.466, 1150658896896, QTAgent32.exe, &lt;a class=success&gt;Playback - {157} [SUCCESS] MouseButtonClick - "[MSAA, VisibleOnly]ControlType='Button' &amp;&amp; Name='Options'"
\0&lt;/a&gt;
W, 3240, 13, 2013/05/24, 09:43:28.566, 1150660330287, QTAgent32.exe, FindScreenElementInSinglePass : Attempting to find control in one pass of search. Failures can occur.
W, 3240, 13, 2013/05/24, 09:43:28.701, 1150662252747, QTAgent32.exe, &lt;a class=success&gt;Playback - {158} [SUCCESS] MouseButtonClick - "[MSAA]ControlType='MenuItem' &amp;&amp; Name='Links'"
\0&lt;/a&gt;
W, 3240, 13, 2013/05/24, 09:43:28.801, 1150663688660, QTAgent32.exe, FindScreenElementInSinglePass : Attempting to find control in one pass of search. Failures can occur.
W, 3240, 13, 2013/05/24, 09:43:28.954, 1150665883877, QTAgent32.exe, &lt;a class=success&gt;Playback - {159} [SUCCESS] MouseButtonClick - "[MSAA]ControlType='MenuItem' &amp;&amp; Name='3rd Party Integration'"
\0&lt;/a&gt;
W, 3240, 13, 2013/05/24, 09:43:29.054, 1150667319315, QTAgent32.exe, FindScreenElementInSinglePass : Attempting to find control in one pass of search. Failures can occur.
W, 3240, 13, 2013/05/24, 09:43:29.202, 1150669426055, QTAgent32.exe, &lt;a class=success&gt;Playback - {160} [SUCCESS] MouseButtonClick - "[MSAA]ControlType='MenuItem' &amp;&amp; Name='Renewals Loader'"
\0&lt;/a&gt;
W, 3240, 13, 2013/05/24, 09:43:29.585, 1150674923541, QTAgent32.exe, &lt;a class=success&gt;Playback - {161} [SUCCESS] MouseButtonClick - "[MSAA, VisibleOnly]ControlType='TitleBar'"
\0&lt;/a&gt;
W, 3240, 13, 2013/05/24, 09:43:29.755, 1150677340315, QTAgent32.exe, &lt;a class=success&gt;Playback - {162} [SUCCESS] SendKeys "^{HOME}" - "[MSAA, VisibleOnly]ControlType='Edit'"
\0&lt;/a&gt;
E, 3240, 13, 2013/05/24, 09:43:29.755, 1150677342053, QTAgent32.exe, Msaa.GetFocusedElement: could not find accessible object of foreground window
W, 3240, 13, 2013/05/24, 09:43:29.809, 1150678113576, QTAgent32.exe, &lt;a class=success&gt;Playback - {163} [SUCCESS] SendKeys "^+{END}" - "[MSAA, VisibleOnly]ControlType='Edit'"
\0&lt;/a&gt;
E, 3240, 13, 2013/05/24, 09:43:29.809, 1150678115164, QTAgent32.exe, Msaa.GetFocusedElement: could not find accessible object of foreground window
W, 3240, 13, 2013/05/24, 09:43:29.822, 1150678308051, QTAgent32.exe, &lt;a class=success&gt;Playback - {164} [SUCCESS] SendKeys "{DELETE}" - "[MSAA, VisibleOnly]ControlType='Edit'"
\0&lt;/a&gt;
W, 3240, 13, 2013/05/24, 09:43:30.034, 1150681344350, QTAgent32.exe, &lt;a class=success&gt;Playback - {165} [SUCCESS] SetValueAsEditBox "24/05/2013" - "[MSAA, VisibleOnly]ControlType='Edit'"  &lt; Set via SendKeys &gt;
\0&lt;/a&gt;
W, 3240, 13, 2013/05/24, 09:43:30.202, 1150683741168, QTAgent32.exe, &lt;a class=success&gt;Playback - {166} [SUCCESS] SendKeys "^{HOME}" - "[MSAA, VisibleOnly]ControlType='Edit'"
\0&lt;/a&gt;
E, 3240, 13, 2013/05/24, 09:43:30.202, 1150683743788, QTAgent32.exe, Msaa.GetFocusedElement: could not find accessible object of foreground window
W, 3240, 13, 2013/05/24, 09:43:30.255, 1150684507429, QTAgent32.exe, &lt;a class=success&gt;Playback - {167} [SUCCESS] SendKeys "^+{END}" - "[MSAA, VisibleOnly]ControlType='Edit'"
\0&lt;/a&gt;
E, 3240, 13, 2013/05/24, 09:43:30.255, 1150684508898, QTAgent32.exe, Msaa.GetFocusedElement: could not find accessible object of foreground window
W, 3240, 13, 2013/05/24, 09:43:30.270, 1150684712528, QTAgent32.exe, &lt;a class=success&gt;Playback - {168} [SUCCESS] SendKeys "{DELETE}" - "[MSAA, VisibleOnly]ControlType='Edit'"
\0&lt;/a&gt;
W, 3240, 13, 2013/05/24, 09:43:30.497, 1150687973049, QTAgent32.exe, &lt;a class=success&gt;Playback - {169} [SUCCESS] SetValueAsEditBox "07/06/2013" - "[MSAA, VisibleOnly]ControlType='Edit'"  &lt; Set via SendKeys &gt;
\0&lt;/a&gt;
W, 3240, 13, 2013/05/24, 09:43:30.925, 1150694092812, QTAgent32.exe, &lt;a class=success&gt;Playback - {170} [SUCCESS] MouseButtonClick - "[MSAA, VisibleOnly]ControlType='Button' &amp;&amp; Name='Run'"
\0&lt;/a&gt;
W, 3240, 13, 2013/05/24, 09:43:36.313, 1150771244065, QTAgent32.exe, Playback - [WARNING] Internal warning: Window Not Found: [VisibleOnly]Name='insurE-com System Maintenance' &amp;&amp; ClassName='IEFrame' &amp;&amp; ControlType='Window'
\0
E, 3240, 13, 2013/05/24, 09:43:36.313, 1150771246254, QTAgent32.exe, &lt;a class=failure&gt;Playback - {171} [FAILED] Function ElementFetcher::FindScreenElement failed to locate UI element (Searching: ;[VisibleOnly]Name='insurE-com System Maintenance' &amp;&amp; ClassName='IEFrame' &amp;&amp; ControlType='Window') (The object specified was not found.)
\0&lt;/a&gt;
E, 3240, 13, 2013/05/24, 09:43:36.353, 1150771820484, QTAgent32.exe, Playback - [IMAGE] C:\Users\testuser\AppData\Local\Temp\UITestLogs\LastRun\RPF5E9E.png
\0
W, 3240, 13, 2013/05/24, 09:43:36.353, 1150771822027, QTAgent32.exe, Playback - [WARNING] Internal warning: Couldn't find descendants that match QueryId
\0
W, 3240, 13, 2013/05/24, 09:43:54.365, 1151029715096, QTAgent32.exe, Playback - [WARNING] Internal warning: Window Not Found: [VisibleOnly]Name='insurE-com System Maintenance' &amp;&amp; ClassName='IEFrame' &amp;&amp; ControlType='Window'
\0
E, 3240, 13, 2013/05/24, 09:43:54.365, 1151029717333, QTAgent32.exe, &lt;a class=failure&gt;Playback - {172} [FAILED] Function ElementFetcher::FindScreenElement failed to locate UI element (Searching: ;[VisibleOnly]Name='insurE-com System Maintenance' &amp;&amp; ClassName='IEFrame' &amp;&amp; ControlType='Window') (The object specified was not found.)
\0&lt;/a&gt;
E, 3240, 13, 2013/05/24, 09:43:54.403, 1151030263350, QTAgent32.exe, Playback - [IMAGE] C:\Users\testuser\AppData\Local\Temp\UITestLogs\LastRun\RPFA520.png
\0
W, 3240, 13, 2013/05/24, 09:43:54.403, 1151030264918, QTAgent32.exe, Playback - [WARNING] Internal warning: Couldn't find descendants that match QueryId
\0
W, 3240, 13, 2013/05/24, 09:43:54.403, 1151030267647, QTAgent32.exe, PERF WARNING: FindTopLevelWindowHelper::FindAllDescendents: took 18049 ms. Expected it to take maximum 500 ms.
W, 3240, 13, 2013/05/24, 09:43:54.857, 1151036756321, QTAgent32.exe, Playback - [WARNING] Internal warning: Smart Match failed
\0
W, 3240, 13, 2013/05/24, 09:43:55.040, 1151039379721, QTAgent32.exe, Playback - [WARNING] Internal warning: Smart Match failed
\0
W, 3240, 13, 2013/05/24, 09:43:55.224, 1151042017418, QTAgent32.exe, Playback - [WARNING] Internal warning: Smart Match failed
\0
W, 3240, 13, 2013/05/24, 09:43:55.411, 1151044689065, QTAgent32.exe, Playback - [WARNING] Internal warning: Smart Match failed
\0
W, 3240, 13, 2013/05/24, 09:43:55.597, 1151047351562, QTAgent32.exe, Playback - [WARNING] Internal warning: Smart Match failed
\0
W, 3240, 13, 2013/05/24, 09:43:55.785, 1151050046778, QTAgent32.exe, Playback - [WARNING] Internal warning: Smart Match failed
\0
W, 3240, 13, 2013/05/24, 09:43:55.969, 1151052691092, QTAgent32.exe, Playback - [WARNING] Internal warning: Smart Match failed
\0
W, 3240, 13, 2013/05/24, 09:43:56.158, 1151055395781, QTAgent32.exe, Playback - [WARNING] Internal warning: Smart Match failed
\0
W, 3240, 13, 2013/05/24, 09:43:56.350, 1151058138074, QTAgent32.exe, Playback - [WARNING] Internal warning: Smart Match failed
\0
W, 3240, 13, 2013/05/24, 09:43:56.540, 1151060860438, QTAgent32.exe, Playback - [WARNING] Internal warning: Smart Match failed
\0
W, 3240, 13, 2013/05/24, 09:43:56.729, 1151063562530, QTAgent32.exe, Playback - [WARNING] Internal warning: Smart Match failed
\0
W, 3240, 13, 2013/05/24, 09:43:56.916, 1151066245634, QTAgent32.exe, Playback - [WARNING] Internal warning: Smart Match failed
\0
W, 3240, 13, 2013/05/24, 09:43:57.107, 1151068977717, QTAgent32.exe, Playback - [WARNING] Internal warning: Smart Match failed
\0
W, 3240, 13, 2013/05/24, 09:43:57.293, 1151071640332, QTAgent32.exe, Playback - [WARNING] Internal warning: Smart Match failed
\0
W, 3240, 13, 2013/05/24, 09:43:57.482, 1151074350985, QTAgent32.exe, Playback - [WARNING] Internal warning: Smart Match failed
\0
W, 3240, 13, 2013/05/24, 09:43:57.559, 1151075444159, QTAgent32.exe, Playback - [WARNING] Internal warning: Window Not Found: [VisibleOnly]Name='insurE-com System Maintenance' &amp;&amp; ClassName='IEFrame' &amp;&amp; ControlType='Window'
\0
E, 3240, 13, 2013/05/24, 09:43:57.559, 1151075445986, QTAgent32.exe, &lt;a class=failure&gt;Playback - {173} [FAILED] Function ElementFetcher::FindScreenElement failed to locate UI element (Searching: ;[VisibleOnly]Name='insurE-com System Maintenance' &amp;&amp; ClassName='IEFrame' &amp;&amp; ControlType='Window') (The object specified was not found.)
\0&lt;/a&gt;
E, 3240, 13, 2013/05/24, 09:43:57.596, 1151075977886, QTAgent32.exe, Playback - [IMAGE] C:\Users\testuser\AppData\Local\Temp\UITestLogs\LastRun\RPFB190.png
\0
W, 3240, 13, 2013/05/24, 09:43:57.596, 1151075979464, QTAgent32.exe, Playback - [WARNING] Internal warning: Couldn't find descendants that match QueryId
\0
W, 3240, 13, 2013/05/24, 09:43:57.596, 1151075981916, QTAgent32.exe, PERF WARNING: FindTopLevelWindowHelper::FindAllDescendents: took 3192 ms. Expected it to take maximum 500 ms.
E, 3240, 13, 2013/05/24, 09:43:57.596, 1151075983510, QTAgent32.exe, Exception: System.Runtime.InteropServices.COMException
	Message: Error HRESULT E_FAIL has been returned from a call to a COM component.
	Stack Trace:    at Microsoft.VisualStudio.TestTools.UITest.Playback.Engine.IRPFPlayback.FindAllScreenElements(IScreenElement pScreenElementStart, String bstrQueryId, Object&amp; pvarResKeys, Int32 cResKeys, Int32 nMaxDepth, Object[]&amp; foundDescendants)
   at Microsoft.VisualStudio.TestTools.UITest.Playback.ScreenElement.FindTopLevelWindowHelper(String queryId)
	BaseExceptionMessage: Error HRESULT E_FAIL has been returned from a call to a COM component.

E, 3240, 13, 2013/05/24, 09:43:57.597, 1151075986206, QTAgent32.exe, Window 2360640 not responding. Last Win32 error 0
E, 3240, 13, 2013/05/24, 09:43:57.597, 1151075987069, QTAgent32.exe, GetClassName for handle 2360640 failed
E, 3240, 13, 2013/05/24, 09:43:57.597, 1151075988968, QTAgent32.exe, Window 2360640 not responding. Last Win32 error 1400
E, 3240, 13, 2013/05/24, 09:43:57.597, 1151075989708, QTAgent32.exe, GetClassName for handle 2360640 failed
E, 3240, 13, 2013/05/24, 09:43:57.697, 1151077421324, QTAgent32.exe, AL: Playback Error: Microsoft.VisualStudio.TestTools.UITest.Extension.UITestControlNotAvailableException: The control is not available or not valid. Additional Details: 
TechnologyName:  'MSAA'
Name:  'insurE-com System Maintenance'
ClassName:  'IEFrame'
ControlType:  'Window'
 ---&gt; System.Runtime.InteropServices.COMException: Error HRESULT E_FAIL has been returned from a call to a COM component.
   at Microsoft.VisualStudio.TestTools.UITest.Playback.Engine.IRPFPlayback.FindAllScreenElements(IScreenElement pScreenElementStart, String bstrQueryId, Object&amp; pvarResKeys, Int32 cResKeys, Int32 nMaxDepth, Object[]&amp; foundDescendants)
   at Microsoft.VisualStudio.TestTools.UITest.Playback.ScreenElement.FindTopLevelWindowHelper(String queryId)
   at Microsoft.VisualStudio.TestTools.UITest.Playback.ScreenElement.FindFromPartialQueryId(String queryId)
   at Microsoft.VisualStudio.TestTools.UITesting.UITestControl.EnsureValid(Boolean waitForReady, Boolean refetch)
   --- End of inner exception stack trace ---
   at Microsoft.VisualStudio.TestTools.UITesting.UITestControl.EnsureValid(Boolean waitForReady, Boolean refetch)
   at Microsoft.VisualStudio.TestTools.UITesting.UITestControl.SendKeys(String text, ModifierKeys modifierKeys, Boolean isEncoded, Boolean isUnicode)
   at Microsoft.VisualStudio.TestTools.UITesting.Keyboard.SendKeysImplementation(UITestControl control, String text, ModifierKeys modifierKeys, Boolean isEncoded, Boolean isUnicode)
   at Microsoft.VisualStudio.TestTools.UITesting.Keyboard.SendKeysImplementationWrapper(UITestControl control, String text, ModifierKeys modifierKeys, Boolean isEncoded, Boolean isUnicode)
W, 3240, 13, 2013/05/24, 09:43:57.697, 1151077422935, QTAgent32.exe, PlaybackErrorHandler: Ignoring exception as ContinueOnError is set.
W, 3240, 13, 2013/05/24, 09:43:58.409, 1151087616742, QTAgent32.exe, &lt;a class=success&gt;Playback - {174} [SUCCESS] MouseButtonClick - "[MSAA, VisibleOnly]ControlType='TitleBar'"
\0&lt;/a&gt;
W, 3240, 13, 2013/05/24, 09:43:58.637, 1151090877352, QTAgent32.exe, &lt;a class=success&gt;Playback - {175} [SUCCESS] MouseButtonClick - "[MSAA, VisibleOnly]ControlType='Button' &amp;&amp; Name='Close'"
\0&lt;/a&gt;
W, 3240, 13, 2013/05/24, 09:43:59.454, 1151102590166, QTAgent32.exe, &lt;a class=success&gt;Playback - {176} [SUCCESS] MouseButtonClick - "[MSAA, VisibleOnly]ControlType='Button' &amp;&amp; Name='Options'"
\0&lt;/a&gt;
W, 3240, 13, 2013/05/24, 09:43:59.555, 1151104028520, QTAgent32.exe, FindScreenElementInSinglePass : Attempting to find control in one pass of search. Failures can occur.
W, 3240, 13, 2013/05/24, 09:43:59.695, 1151106030325, QTAgent32.exe, &lt;a class=success&gt;Playback - {177} [SUCCESS] MouseButtonClick - "[MSAA]ControlType='MenuItem' &amp;&amp; Name='Links'"
\0&lt;/a&gt;
W, 3240, 13, 2013/05/24, 09:43:59.795, 1151107465563, QTAgent32.exe, FindScreenElementInSinglePass : Attempting to find control in one pass of search. Failures can occur.
W, 3240, 13, 2013/05/24, 09:43:59.942, 1151109574944, QTAgent32.exe, &lt;a class=success&gt;Playback - {178} [SUCCESS] MouseButtonClick - "[MSAA]ControlType='MenuItem' &amp;&amp; Name='3rd Party Integration'"
\0&lt;/a&gt;
W, 3240, 13, 2013/05/24, 09:44:00.042, 1151111010343, QTAgent32.exe, FindScreenElementInSinglePass : Attempting to find control in one pass of search. Failures can occur.
W, 3240, 13, 2013/05/24, 09:44:00.200, 1151113259671, QTAgent32.exe, &lt;a class=success&gt;Playback - {179} [SUCCESS] MouseButtonClick - "[MSAA]ControlType='MenuItem' &amp;&amp; Name='Renewals Module'"
\0&lt;/a&gt;
W, 3240, 13, 2013/05/24, 09:44:00.620, 1151119274802, QTAgent32.exe, &lt;a class=success&gt;Playback - {180} [SUCCESS] SetValueAsEditBox "1" - "[MSAA, VisibleOnly]ControlType='Edit'"  &lt; Set via SendKeys &gt;
\0&lt;/a&gt;
W, 3240, 13, 2013/05/24, 09:44:01.182, 1151127318262, QTAgent32.exe, &lt;a class=success&gt;Playback - {181} [SUCCESS] MouseButtonClick - "[MSAA, VisibleOnly]ControlType='Button' &amp;&amp; Name='Ok'"
\0&lt;/a&gt;
W, 3240, 13, 2013/05/24, 09:44:01.520, 1151132158090, QTAgent32.exe, Playback - [WARNING] Internal warning: Window Not Found: [VisibleOnly]ControlType='Window' &amp;&amp; Name='Confirm' &amp;&amp; ClassName='#32770'
\0
E, 3240, 13, 2013/05/24, 09:44:01.520, 1151132160251, QTAgent32.exe, &lt;a class=failure&gt;Playback - {182} [FAILED] Function ElementFetcher::FindScreenElement failed to locate UI element (Searching: ;[VisibleOnly]ControlType='Window' &amp;&amp; Name='Confirm' &amp;&amp; ClassName='#32770') (The object specified was not found.)
\0&lt;/a&gt;
E, 3240, 13, 2013/05/24, 09:44:01.563, 1151132774487, QTAgent32.exe, Playback - [IMAGE] C:\Users\testuser\AppData\Local\Temp\UITestLogs\LastRun\RPFC10B.png
\0
W, 3240, 13, 2013/05/24, 09:44:01.563, 1151132776178, QTAgent32.exe, Playback - [WARNING] Internal warning: Couldn't find descendants that match QueryId
\0
W, 3240, 13, 2013/05/24, 09:44:19.586, 1151390833408, QTAgent32.exe, Playback - [WARNING] Internal warning: Window Not Found: [VisibleOnly]ControlType='Window' &amp;&amp; Name='Confirm' &amp;&amp; ClassName='#32770'
\0
E, 3240, 13, 2013/05/24, 09:44:19.586, 1151390835812, QTAgent32.exe, &lt;a class=failure&gt;Playback - {183} [FAILED] Function ElementFetcher::FindScreenElement failed to locate UI element (Searching: ;[VisibleOnly]ControlType='Window' &amp;&amp; Name='Confirm' &amp;&amp; ClassName='#32770') (The object specified was not found.)
\0&lt;/a&gt;
E, 3240, 13, 2013/05/24, 09:44:19.635, 1151391541266, QTAgent32.exe, Playback - [IMAGE] C:\Users\testuser\AppData\Local\Temp\UITestLogs\LastRun\RPF79D.png
\0
W, 3240, 13, 2013/05/24, 09:44:19.635, 1151391542855, QTAgent32.exe, Playback - [WARNING] Internal warning: Couldn't find descendants that match QueryId
\0
W, 3240, 13, 2013/05/24, 09:44:19.635, 1151391545520, QTAgent32.exe, PERF WARNING: FindTopLevelWindowHelper::FindAllDescendents: took 18072 ms. Expected it to take maximum 500 ms.
W, 3240, 13, 2013/05/24, 09:44:20.086, 1151397995588, QTAgent32.exe, Playback - [WARNING] Internal warning: Smart Match failed
\0
W, 3240, 13, 2013/05/24, 09:44:20.282, 1151400799089, QTAgent32.exe, Playback - [WARNING] Internal warning: Smart Match failed
\0
W, 3240, 13, 2013/05/24, 09:44:20.471, 1151403517838, QTAgent32.exe, Playback - [WARNING] Internal warning: Smart Match failed
\0
W, 3240, 13, 2013/05/24, 09:44:20.659, 1151406199363, QTAgent32.exe, Playback - [WARNING] Internal warning: Smart Match failed
\0
W, 3240, 13, 2013/05/24, 09:44:20.848, 1151408898275, QTAgent32.exe, Playback - [WARNING] Internal warning: Smart Match failed
\0
W, 3240, 13, 2013/05/24, 09:44:21.032, 1151411544097, QTAgent32.exe, Playback - [WARNING] Internal warning: Smart Match failed
\0
W, 3240, 13, 2013/05/24, 09:44:21.218, 1151414197352, QTAgent32.exe, Playback - [WARNING] Internal warning: Smart Match failed
\0
W, 3240, 13, 2013/05/24, 09:44:21.406, 1151416887614, QTAgent32.exe, Playback - [WARNING] Internal warning: Smart Match failed
\0
W, 3240, 13, 2013/05/24, 09:44:21.588, 1151419505872, QTAgent32.exe, Playback - [WARNING] Internal warning: Smart Match failed
\0
W, 3240, 13, 2013/05/24, 09:44:21.771, 1151422115872, QTAgent32.exe, Playback - [WARNING] Internal warning: Smart Match failed
\0
W, 3240, 13, 2013/05/24, 09:44:21.955, 1151424761505, QTAgent32.exe, Playback - [WARNING] Internal warning: Smart Match failed
\0
W, 3240, 13, 2013/05/24, 09:44:22.144, 1151427456122, QTAgent32.exe, Playback - [WARNING] Internal warning: Smart Match failed
\0
W, 3240, 13, 2013/05/24, 09:44:22.336, 1151430204319, QTAgent32.exe, Playback - [WARNING] Internal warning: Smart Match failed
\0
W, 3240, 13, 2013/05/24, 09:44:22.529, 1151432981926, QTAgent32.exe, Playback - [WARNING] Internal warning: Smart Match failed
\0
W, 3240, 13, 2013/05/24, 09:44:22.724, 1151435765515, QTAgent32.exe, Playback - [WARNING] Internal warning: Smart Match failed
\0
W, 3240, 13, 2013/05/24, 09:44:22.808, 1151436964197, QTAgent32.exe, Playback - [WARNING] Internal warning: Window Not Found: [VisibleOnly]ControlType='Window' &amp;&amp; Name='Confirm' &amp;&amp; ClassName='#32770'
\0
E, 3240, 13, 2013/05/24, 09:44:22.808, 1151436965856, QTAgent32.exe, &lt;a class=failure&gt;Playback - {184} [FAILED] Function ElementFetcher::FindScreenElement failed to locate UI element (Searching: ;[VisibleOnly]ControlType='Window' &amp;&amp; Name='Confirm' &amp;&amp; ClassName='#32770') (The object specified was not found.)
\0&lt;/a&gt;
E, 3240, 13, 2013/05/24, 09:44:22.852, 1151437607301, QTAgent32.exe, Playback - [IMAGE] C:\Users\testuser\AppData\Local\Temp\UITestLogs\LastRun\RPF143B.png
\0
W, 3240, 13, 2013/05/24, 09:44:22.853, 1151437609013, QTAgent32.exe, Playback - [WARNING] Internal warning: Couldn't find descendants that match QueryId
\0
W, 3240, 13, 2013/05/24, 09:44:22.853, 1151437611583, QTAgent32.exe, PERF WARNING: FindTopLevelWindowHelper::FindAllDescendents: took 3215 ms. Expected it to take maximum 500 ms.
E, 3240, 13, 2013/05/24, 09:44:22.853, 1151437613230, QTAgent32.exe, Exception: System.Runtime.InteropServices.COMException
	Message: Error HRESULT E_FAIL has been returned from a call to a COM component.
	Stack Trace:    at Microsoft.VisualStudio.TestTools.UITest.Playback.Engine.IRPFPlayback.FindAllScreenElements(IScreenElement pScreenElementStart, String bstrQueryId, Object&amp; pvarResKeys, Int32 cResKeys, Int32 nMaxDepth, Object[]&amp; foundDescendants)
   at Microsoft.VisualStudio.TestTools.UITest.Playback.ScreenElement.FindTopLevelWindowHelper(String queryId)
	BaseExceptionMessage: Error HRESULT E_FAIL has been returned from a call to a COM component.

E, 3240, 13, 2013/05/24, 09:44:22.953, 1151439052483, QTAgent32.exe, AL: Playback Error: Microsoft.VisualStudio.TestTools.UITest.Extension.UITestControlNotFoundException: The playback failed to find the control with the given search properties. Additional Details: 
TechnologyName:  'MSAA'
ControlType:  'Window'
Name:  'Confirm'
ClassName:  '#32770'
 ---&gt; System.Runtime.InteropServices.COMException: Error HRESULT E_FAIL has been returned from a call to a COM component.
   at Microsoft.VisualStudio.TestTools.UITest.Playback.Engine.IRPFPlayback.FindAllScreenElements(IScreenElement pScreenElementStart, String bstrQueryId, Object&amp; pvarResKeys, Int32 cResKeys, Int32 nMaxDepth, Object[]&amp; foundDescendants)
   at Microsoft.VisualStudio.TestTools.UITest.Playback.ScreenElement.FindTopLevelWindowHelper(String queryId)
   at Microsoft.VisualStudio.TestTools.UITest.Playback.ScreenElement.FindFromPartialQueryId(String queryId)
   at Microsoft.VisualStudio.TestTools.UITesting.UITestControl..ctor(String queryId)
   --- End of inner exception stack trace ---
   at Microsoft.VisualStudio.TestTools.UITesting.Playback.MapControlNotFoundException(COMException ex, IPlaybackContext context)
   at Microsoft.VisualStudio.TestTools.UITesting.Playback.MapAndThrowComException(COMException innerException, IPlaybackContext context)
   at Microsoft.VisualStudio.TestTools.UITesting.Playback.MapAndThrowException(SystemException exception, IPlaybackContext context)
   at Microsoft.VisualStudio.TestTools.UITesting.Playback.MapAndThrowException(SystemException exception, String queryId)
   at Microsoft.VisualStudio.TestTools.UITesting.UITestControl..ctor(String queryId)
   at Microsoft.VisualStudio.TestTools.UITesting.SearchHelper.SearchTopLevelWindow(ISearchArgument topLevelSearchArg, String topLevelElementQueryId)
   at Microsoft.VisualStudio.TestTools.UITesting.SearchHelper.GetTitleUpdatedTopLevelWindow(ISearchArgument topLevelSearchArg, String queryId, IList`1 windowTitles)
   at Microsoft.VisualStudio.TestTools.UITesting.SearchHelper.GetTopLevelElement(Boolean useCache, Boolean useCacheOnly, ISearchArgument searchArg, IList`1 windowTitles, Int32&amp; timeLeft)
   at Microsoft.VisualStudio.TestTools.UITesting.SearchHelper.GetElement(Boolean useCache, ISearchArgument searchArg)
   at Microsoft.VisualStudio.TestTools.UITesting.SearchHelper.Search(ISearchArgument searchArg)
   at Microsoft.VisualStudio.TestTools.UITesting.UITestControl.FindInternal()
   at Microsoft.VisualStudio.TestTools.UITesting.UITestControl.FindControlIfNecessary()
   at Microsoft.VisualStudio.TestTools.UITesting.UITestControl.Click(MouseButtons button, ModifierKeys modifierKeys, Point relativeCoordinates)
   at Microsoft.VisualStudio.TestTools.UITesting.Mouse.ClickImplementation(UITestControl control, MouseButtons button, ModifierKeys modifierKeys, Point relativeCoordinate)
   at Microsoft.VisualStudio.TestTools.UITesting.Mouse.ClickImplementationWrapper(UITestControl control, MouseButtons button, ModifierKeys modifierKeys, Point relativeCoordinate)
W, 3240, 13, 2013/05/24, 09:44:22.954, 1151439054312, QTAgent32.exe, PlaybackErrorHandler: Ignoring exception as ContinueOnError is set.
W, 3240, 13, 2013/05/24, 09:44:23.190, 1151442434797, QTAgent32.exe, Playback - [WARNING] Internal warning: Window Not Found: [VisibleOnly]ControlType='Window' &amp;&amp; Name='Personal Lines' &amp;&amp; ClassName='#32770'
\0
E, 3240, 13, 2013/05/24, 09:44:23.190, 1151442437149, QTAgent32.exe, &lt;a class=failure&gt;Playback - {185} [FAILED] Function ElementFetcher::FindScreenElement failed to locate UI element (Searching: ;[VisibleOnly]ControlType='Window' &amp;&amp; Name='Personal Lines' &amp;&amp; ClassName='#32770') (The object specified was not found.)
\0&lt;/a&gt;
E, 3240, 13, 2013/05/24, 09:44:23.232, 1151443047878, QTAgent32.exe, Playback - [IMAGE] C:\Users\testuser\AppData\Local\Temp\UITestLogs\LastRun\RPF15B2.png
\0
W, 3240, 13, 2013/05/24, 09:44:23.233, 1151443049688, QTAgent32.exe, Playback - [WARNING] Internal warning: Couldn't find descendants that match QueryId
\0
W, 3240, 13, 2013/05/24, 09:44:41.246, 1151700965953, QTAgent32.exe, Playback - [WARNING] Internal warning: Window Not Found: [VisibleOnly]ControlType='Window' &amp;&amp; Name='Personal Lines' &amp;&amp; ClassName='#32770'
\0
E, 3240, 13, 2013/05/24, 09:44:41.246, 1151700968492, QTAgent32.exe, &lt;a class=failure&gt;Playback - {186} [FAILED] Function ElementFetcher::FindScreenElement failed to locate UI element (Searching: ;[VisibleOnly]ControlType='Window' &amp;&amp; Name='Personal Lines' &amp;&amp; ClassName='#32770') (The object specified was not found.)
\0&lt;/a&gt;
E, 3240, 13, 2013/05/24, 09:44:41.295, 1151701673667, QTAgent32.exe, Playback - [IMAGE] C:\Users\testuser\AppData\Local\Temp\UITestLogs\LastRun\RPF5C44.png
\0
W, 3240, 13, 2013/05/24, 09:44:41.296, 1151701675390, QTAgent32.exe, Playback - [WARNING] Internal warning: Couldn't find descendants that match QueryId
\0
W, 3240, 13, 2013/05/24, 09:44:41.296, 1151701677835, QTAgent32.exe, PERF WARNING: FindTopLevelWindowHelper::FindAllDescendents: took 18062 ms. Expected it to take maximum 500 ms.
W, 3240, 13, 2013/05/24, 09:44:41.746, 1151708127741, QTAgent32.exe, Playback - [WARNING] Internal warning: Smart Match failed
\0
W, 3240, 13, 2013/05/24, 09:44:41.938, 1151710872971, QTAgent32.exe, Playback - [WARNING] Internal warning: Smart Match failed
\0
W, 3240, 13, 2013/05/24, 09:44:42.128, 1151713601673, QTAgent32.exe, Playback - [WARNING] Internal warning: Smart Match failed
\0
W, 3240, 13, 2013/05/24, 09:44:42.316, 1151716286462, QTAgent32.exe, Playback - [WARNING] Internal warning: Smart Match failed
\0
W, 3240, 13, 2013/05/24, 09:44:42.504, 1151718986653, QTAgent32.exe, Playback - [WARNING] Internal warning: Smart Match failed
\0
W, 3240, 13, 2013/05/24, 09:44:42.693, 1151721687511, QTAgent32.exe, Playback - [WARNING] Internal warning: Smart Match failed
\0
W, 3240, 13, 2013/05/24, 09:44:42.886, 1151724446094, QTAgent32.exe, Playback - [WARNING] Internal warning: Smart Match failed
\0
W, 3240, 13, 2013/05/24, 09:44:43.078, 1151727200242, QTAgent32.exe, Playback - [WARNING] Internal warning: Smart Match failed
\0
W, 3240, 13, 2013/05/24, 09:44:43.268, 1151729924859, QTAgent32.exe, Playback - [WARNING] Internal warning: Smart Match failed
\0
W, 3240, 13, 2013/05/24, 09:44:43.460, 1151732665044, QTAgent32.exe, Playback - [WARNING] Internal warning: Smart Match failed
\0
W, 3240, 13, 2013/05/24, 09:44:43.647, 1151735347805, QTAgent32.exe, Playback - [WARNING] Internal warning: Smart Match failed
\0
W, 3240, 13, 2013/05/24, 09:44:43.835, 1151738046457, QTAgent32.exe, Playback - [WARNING] Internal warning: Smart Match failed
\0
W, 3240, 13, 2013/05/24, 09:44:44.021, 1151740709184, QTAgent32.exe, Playback - [WARNING] Internal warning: Smart Match failed
\0
W, 3240, 13, 2013/05/24, 09:44:44.205, 1151743342279, QTAgent32.exe, Playback - [WARNING] Internal warning: Smart Match failed
\0
W, 3240, 13, 2013/05/24, 09:44:44.396, 1151746077141, QTAgent32.exe, Playback - [WARNING] Internal warning: Smart Match failed
\0
W, 3240, 13, 2013/05/24, 09:44:44.470, 1151747128740, QTAgent32.exe, Playback - [WARNING] Internal warning: Window Not Found: [VisibleOnly]ControlType='Window' &amp;&amp; Name='Personal Lines' &amp;&amp; ClassName='#32770'
\0
E, 3240, 13, 2013/05/24, 09:44:44.470, 1151747130381, QTAgent32.exe, &lt;a class=failure&gt;Playback - {187} [FAILED] Function ElementFetcher::FindScreenElement failed to locate UI element (Searching: ;[VisibleOnly]ControlType='Window' &amp;&amp; Name='Personal Lines' &amp;&amp; ClassName='#32770') (The object specified was not found.)
\0&lt;/a&gt;
E, 3240, 13, 2013/05/24, 09:44:44.513, 1151747749169, QTAgent32.exe, Playback - [IMAGE] C:\Users\testuser\AppData\Local\Temp\UITestLogs\LastRun\RPF68E3.png
\0
W, 3240, 13, 2013/05/24, 09:44:44.514, 1151747750901, QTAgent32.exe, Playback - [WARNING] Internal warning: Couldn't find descendants that match QueryId
\0
W, 3240, 13, 2013/05/24, 09:44:44.514, 1151747753220, QTAgent32.exe, PERF WARNING: FindTopLevelWindowHelper::FindAllDescendents: took 3217 ms. Expected it to take maximum 500 ms.
E, 3240, 13, 2013/05/24, 09:44:44.514, 1151747754811, QTAgent32.exe, Exception: System.Runtime.InteropServices.COMException
	Message: Error HRESULT E_FAIL has been returned from a call to a COM component.
	Stack Trace:    at Microsoft.VisualStudio.TestTools.UITest.Playback.Engine.IRPFPlayback.FindAllScreenElements(IScreenElement pScreenElementStart, String bstrQueryId, Object&amp; pvarResKeys, Int32 cResKeys, Int32 nMaxDepth, Object[]&amp; foundDescendants)
   at Microsoft.VisualStudio.TestTools.UITest.Playback.ScreenElement.FindTopLevelWindowHelper(String queryId)
	BaseExceptionMessage: Error HRESULT E_FAIL has been returned from a call to a COM component.

E, 3240, 13, 2013/05/24, 09:44:44.514, 1151747757501, QTAgent32.exe, Window 1443692 not responding. Last Win32 error 0
E, 3240, 13, 2013/05/24, 09:44:44.514, 1151747758373, QTAgent32.exe, GetClassName for handle 1443692 failed
E, 3240, 13, 2013/05/24, 09:44:44.614, 1151749193297, QTAgent32.exe, AL: Playback Error: Microsoft.VisualStudio.TestTools.UITest.Extension.UITestControlNotAvailableException: The control is not available or not valid. Additional Details: 
TechnologyName:  'MSAA'
Name:  'Personal Lines'
ClassName:  '#32770'
ControlType:  'Window'
 ---&gt; System.Runtime.InteropServices.COMException: Error HRESULT E_FAIL has been returned from a call to a COM component.
   at Microsoft.VisualStudio.TestTools.UITest.Playback.Engine.IRPFPlayback.FindAllScreenElements(IScreenElement pScreenElementStart, String bstrQueryId, Object&amp; pvarResKeys, Int32 cResKeys, Int32 nMaxDepth, Object[]&amp; foundDescendants)
   at Microsoft.VisualStudio.TestTools.UITest.Playback.ScreenElement.FindTopLevelWindowHelper(String queryId)
   at Microsoft.VisualStudio.TestTools.UITest.Playback.ScreenElement.FindFromPartialQueryId(String queryId)
   at Microsoft.VisualStudio.TestTools.UITesting.UITestControl.EnsureValid(Boolean waitForReady, Boolean refetch)
   --- End of inner exception stack trace ---
   at Microsoft.VisualStudio.TestTools.UITesting.UITestControl.EnsureValid(Boolean waitForReady, Boolean refetch)
   at Microsoft.VisualStudio.TestTools.UITesting.UITestControl.FindFirstDescendant(String queryId, Int32 maxDepth, Int32&amp; timeLeft)
   at Microsoft.VisualStudio.TestTools.UITesting.SearchHelper.GetElement(Boolean useCache, ISearchArgument searchArg)
   at Microsoft.VisualStudio.TestTools.UITesting.SearchHelper.Search(ISearchArgument searchArg)
   at Microsoft.VisualStudio.TestTools.UITesting.UITestControl.FindInternal()
   at Microsoft.VisualStudio.TestTools.UITesting.UITestControl.FindControlIfNecessary()
   at Microsoft.VisualStudio.TestTools.UITesting.UITestControl.Click(MouseButtons button, ModifierKeys modifierKeys, Point relativeCoordinates)
   at Microsoft.VisualStudio.TestTools.UITesting.Mouse.ClickImplementation(UITestControl control, MouseButtons button, ModifierKeys modifierKeys, Point relativeCoordinate)
   at Microsoft.VisualStudio.TestTools.UITesting.Mouse.ClickImplementationWrapper(UITestControl control, MouseButtons button, ModifierKeys modifierKeys, Point relativeCoordinate)
W, 3240, 13, 2013/05/24, 09:44:44.614, 1151749194946, QTAgent32.exe, PlaybackErrorHandler: Ignoring exception as ContinueOnError is set.
W, 3240, 13, 2013/05/24, 09:44:44.858, 1151752677222, QTAgent32.exe, Playback - [WARNING] Internal warning: Window Not Found: [VisibleOnly]ControlType='Window' &amp;&amp; Name='Policies Auto-Renewed &amp; Auto-Lapsed' &amp;&amp; ClassName='ThunderRT6FormDC'
\0
E, 3240, 13, 2013/05/24, 09:44:44.858, 1151752679401, QTAgent32.exe, &lt;a class=failure&gt;Playback - {188} [FAILED] Function ElementFetcher::FindScreenElement failed to locate UI element (Searching: ;[VisibleOnly]ControlType='Window' &amp;&amp; Name='Policies Auto-Renewed &amp; Auto-Lapsed' &amp;&amp; ClassName='ThunderRT6FormDC') (The object specified was not found.)
\0&lt;/a&gt;
E, 3240, 13, 2013/05/24, 09:44:44.901, 1151753298907, QTAgent32.exe, Playback - [IMAGE] C:\Users\testuser\AppData\Local\Temp\UITestLogs\LastRun\RPF6A5A.png
\0
W, 3240, 13, 2013/05/24, 09:44:44.901, 1151753300487, QTAgent32.exe, Playback - [WARNING] Internal warning: Couldn't find descendants that match QueryId
\0
W, 3240, 13, 2013/05/24, 09:45:02.983, 1152012197994, QTAgent32.exe, Playback - [WARNING] Internal warning: Window Not Found: [VisibleOnly]ControlType='Window' &amp;&amp; Name='Policies Auto-Renewed &amp; Auto-Lapsed' &amp;&amp; ClassName='ThunderRT6FormDC'
\0
E, 3240, 13, 2013/05/24, 09:45:02.983, 1152012200404, QTAgent32.exe, &lt;a class=failure&gt;Playback - {189} [FAILED] Function ElementFetcher::FindScreenElement failed to locate UI element (Searching: ;[VisibleOnly]ControlType='Window' &amp;&amp; Name='Policies Auto-Renewed &amp; Auto-Lapsed' &amp;&amp; ClassName='ThunderRT6FormDC') (The object specified was not found.)
\0&lt;/a&gt;
E, 3240, 13, 2013/05/24, 09:45:03.027, 1152012831900, QTAgent32.exe, Playback - [IMAGE] C:\Users\testuser\AppData\Local\Temp\UITestLogs\LastRun\RPFB12A.png
\0
W, 3240, 13, 2013/05/24, 09:45:03.027, 1152012833557, QTAgent32.exe, Playback - [WARNING] Internal warning: Couldn't find descendants that match QueryId
\0
W, 3240, 13, 2013/05/24, 09:45:03.027, 1152012836474, QTAgent32.exe, PERF WARNING: FindTopLevelWindowHelper::FindAllDescendents: took 18126 ms. Expected it to take maximum 500 ms.
W, 3240, 13, 2013/05/24, 09:45:03.481, 1152019332836, QTAgent32.exe, Playback - [WARNING] Internal warning: Smart Match failed
\0
W, 3240, 13, 2013/05/24, 09:45:03.665, 1152021972914, QTAgent32.exe, Playback - [WARNING] Internal warning: Smart Match failed
\0
W, 3240, 13, 2013/05/24, 09:45:03.851, 1152024627112, QTAgent32.exe, Playback - [WARNING] Internal warning: Smart Match failed
\0
W, 3240, 13, 2013/05/24, 09:45:04.038, 1152027313802, QTAgent32.exe, Playback - [WARNING] Internal warning: Smart Match failed
\0
W, 3240, 13, 2013/05/24, 09:45:04.230, 1152030053214, QTAgent32.exe, Playback - [WARNING] Internal warning: Smart Match failed
\0
W, 3240, 13, 2013/05/24, 09:45:04.430, 1152032922265, QTAgent32.exe, Playback - [WARNING] Internal warning: Smart Match failed
\0
W, 3240, 13, 2013/05/24, 09:45:04.619, 1152035631446, QTAgent32.exe, Playback - [WARNING] Internal warning: Smart Match failed
\0
W, 3240, 13, 2013/05/24, 09:45:04.810, 1152038364570, QTAgent32.exe, Playback - [WARNING] Internal warning: Smart Match failed
\0
W, 3240, 13, 2013/05/24, 09:45:04.996, 1152041030219, QTAgent32.exe, Playback - [WARNING] Internal warning: Smart Match failed
\0
W, 3240, 13, 2013/05/24, 09:45:05.183, 1152043703291, QTAgent32.exe, Playback - [WARNING] Internal warning: Smart Match failed
\0
W, 3240, 13, 2013/05/24, 09:45:05.370, 1152046380618, QTAgent32.exe, Playback - [WARNING] Internal warning: Smart Match failed
\0
W, 3240, 13, 2013/05/24, 09:45:05.559, 1152049081936, QTAgent32.exe, Playback - [WARNING] Internal warning: Smart Match failed
\0
W, 3240, 13, 2013/05/24, 09:45:05.747, 1152051782325, QTAgent32.exe, Playback - [WARNING] Internal warning: Smart Match failed
\0
W, 3240, 13, 2013/05/24, 09:45:05.938, 1152054514187, QTAgent32.exe, Playback - [WARNING] Internal warning: Smart Match failed
\0
W, 3240, 13, 2013/05/24, 09:45:06.125, 1152057193194, QTAgent32.exe, Playback - [WARNING] Internal warning: Smart Match failed
\0
W, 3240, 13, 2013/05/24, 09:45:06.201, 1152058279261, QTAgent32.exe, Playback - [WARNING] Internal warning: Window Not Found: [VisibleOnly]ControlType='Window' &amp;&amp; Name='Policies Auto-Renewed &amp; Auto-Lapsed' &amp;&amp; ClassName='ThunderRT6FormDC'
\0
E, 3240, 13, 2013/05/24, 09:45:06.201, 1152058281329, QTAgent32.exe, &lt;a class=failure&gt;Playback - {190} [FAILED] Function ElementFetcher::FindScreenElement failed to locate UI element (Searching: ;[VisibleOnly]ControlType='Window' &amp;&amp; Name='Policies Auto-Renewed &amp; Auto-Lapsed' &amp;&amp; ClassName='ThunderRT6FormDC') (The object specified was not found.)
\0&lt;/a&gt;
E, 3240, 13, 2013/05/24, 09:45:06.244, 1152058897158, QTAgent32.exe, Playback - [IMAGE] C:\Users\testuser\AppData\Local\Temp\UITestLogs\LastRun\RPFBDC9.png
\0
W, 3240, 13, 2013/05/24, 09:45:06.244, 1152058898775, QTAgent32.exe, Playback - [WARNING] Internal warning: Couldn't find descendants that match QueryId
\0
W, 3240, 13, 2013/05/24, 09:45:06.244, 1152058901166, QTAgent32.exe, PERF WARNING: FindTopLevelWindowHelper::FindAllDescendents: took 3216 ms. Expected it to take maximum 500 ms.
E, 3240, 13, 2013/05/24, 09:45:06.245, 1152058903005, QTAgent32.exe, Exception: System.Runtime.InteropServices.COMException
	Message: Error HRESULT E_FAIL has been returned from a call to a COM component.
	Stack Trace:    at Microsoft.VisualStudio.TestTools.UITest.Playback.Engine.IRPFPlayback.FindAllScreenElements(IScreenElement pScreenElementStart, String bstrQueryId, Object&amp; pvarResKeys, Int32 cResKeys, Int32 nMaxDepth, Object[]&amp; foundDescendants)
   at Microsoft.VisualStudio.TestTools.UITest.Playback.ScreenElement.FindTopLevelWindowHelper(String queryId)
	BaseExceptionMessage: Error HRESULT E_FAIL has been returned from a call to a COM component.

E, 3240, 13, 2013/05/24, 09:45:06.345, 1152060338105, QTAgent32.exe, AL: Playback Error: Microsoft.VisualStudio.TestTools.UITest.Extension.UITestControlNotFoundException: The playback failed to find the control with the given search properties. Additional Details: 
TechnologyName:  'MSAA'
ControlType:  'Window'
Name:  'Policies Auto-Renewed &amp; Auto-Lapsed'
ClassName:  'ThunderRT6FormDC'
 ---&gt; System.Runtime.InteropServices.COMException: Error HRESULT E_FAIL has been returned from a call to a COM component.
   at Microsoft.VisualStudio.TestTools.UITest.Playback.Engine.IRPFPlayback.FindAllScreenElements(IScreenElement pScreenElementStart, String bstrQueryId, Object&amp; pvarResKeys, Int32 cResKeys, Int32 nMaxDepth, Object[]&amp; foundDescendants)
   at Microsoft.VisualStudio.TestTools.UITest.Playback.ScreenElement.FindTopLevelWindowHelper(String queryId)
   at Microsoft.VisualStudio.TestTools.UITest.Playback.ScreenElement.FindFromPartialQueryId(String queryId)
   at Microsoft.VisualStudio.TestTools.UITesting.UITestControl..ctor(String queryId)
   --- End of inner exception stack trace ---
   at Microsoft.VisualStudio.TestTools.UITesting.Playback.MapControlNotFoundException(COMException ex, IPlaybackContext context)
   at Microsoft.VisualStudio.TestTools.UITesting.Playback.MapAndThrowComException(COMException innerException, IPlaybackContext context)
   at Microsoft.VisualStudio.TestTools.UITesting.Playback.MapAndThrowException(SystemException exception, IPlaybackContext context)
   at Microsoft.VisualStudio.TestTools.UITesting.Playback.MapAndThrowException(SystemException exception, String queryId)
   at Microsoft.VisualStudio.TestTools.UITesting.UITestControl..ctor(String queryId)
   at Microsoft.VisualStudio.TestTools.UITesting.SearchHelper.SearchTopLevelWindow(ISearchArgument topLevelSearchArg, String topLevelElementQueryId)
   at Microsoft.VisualStudio.TestTools.UITesting.SearchHelper.GetTitleUpdatedTopLevelWindow(ISearchArgument topLevelSearchArg, String queryId, IList`1 windowTitles)
   at Microsoft.VisualStudio.TestTools.UITesting.SearchHelper.GetTopLevelElement(Boolean useCache, Boolean useCacheOnly, ISearchArgument searchArg, IList`1 windowTitles, Int32&amp; timeLeft)
   at Microsoft.VisualStudio.TestTools.UITesting.SearchHelper.GetElement(Boolean useCache, ISearchArgument searchArg)
   at Microsoft.VisualStudio.TestTools.UITesting.SearchHelper.Search(ISearchArgument searchArg)
   at Microsoft.VisualStudio.TestTools.UITesting.UITestControl.FindInternal()
   at Microsoft.VisualStudio.TestTools.UITesting.UITestControl.FindControlIfNecessary()
   at Microsoft.VisualStudio.TestTools.UITesting.UITestControl.Click(MouseButtons button, ModifierKeys modifierKeys, Point relativeCoordinates)
   at Microsoft.VisualStudio.TestTools.UITesting.Mouse.ClickImplementation(UITestControl control, MouseButtons button, ModifierKeys modifierKeys, Point relativeCoordinate)
   at Microsoft.VisualStudio.TestTools.UITesting.Mouse.ClickImplementationWrapper(UITestControl control, MouseButtons button, ModifierKeys modifierKeys, Point relativeCoordinate)
W, 3240, 13, 2013/05/24, 09:45:06.345, 1152060339847, QTAgent32.exe, PlaybackErrorHandler: Ignoring exception as ContinueOnError is set.
W, 3240, 13, 2013/05/24, 09:45:06.536, 1152063081442, QTAgent32.exe, &lt;a class=success&gt;Playback - {191} [SUCCESS] MouseButtonClick - "[MSAA, VisibleOnly]ControlType='Button' &amp;&amp; Name='EDI Match...'"
\0&lt;/a&gt;
W, 3240, 13, 2013/05/24, 09:45:08.775, 1152095125288, QTAgent32.exe, &lt;a class=success&gt;Playback - {192} [SUCCESS] MouseButtonClick - "[MSAA, VisibleOnly]ControlType='Button' &amp;&amp; Name='Ok'"
\0&lt;/a&gt;
W, 3240, 13, 2013/05/24, 09:45:09.175, 1152100861954, QTAgent32.exe, &lt;a class=success&gt;Playback - {193} [SUCCESS] MouseButtonClick - "[MSAA, VisibleOnly]ControlType='Button' &amp;&amp; Name='OK'"
\0&lt;/a&gt;
W, 3240, 13, 2013/05/24, 09:45:10.779, 1152123823710, QTAgent32.exe, Playback - [WARNING] Internal warning: Element "[MSAA, VisibleOnly]ControlType='Window' &amp;&amp; ControlId='5'" was not found, so all intermediate elements were ignored. To improve performance replace this element Id with another Id or exclude it from QueryId. If this element is the target element, replace or remove intermediate elements
\0
W, 3240, 13, 2013/05/24, 09:45:13.317, 1152160165157, QTAgent32.exe, Playback - [WARNING] Internal warning:Search failure: &lt;[MSAA, VisibleOnly]ControlType='Window' &amp;&amp; ControlId='32768'&gt; | Performed (4) search retries, UI element not found
\0
E, 3240, 13, 2013/05/24, 09:45:13.317, 1152160167600, QTAgent32.exe, &lt;a class=failure&gt;Playback - {194} [FAILED] Function ElementFetcher::FindScreenElement failed to locate UI element (Searching: ;[MSAA, VisibleOnly]ControlType='Window' &amp;&amp; ControlId='32768';[MSAA, VisibleOnly]ControlType='Window' &amp;&amp; ControlId='5';[MSAA, VisibleOnly]ControlType='Button' &amp;&amp; Name='Log and Clear') (The object specified was not found.)
\0&lt;/a&gt;
E, 3240, 13, 2013/05/24, 09:45:13.359, 1152160763705, QTAgent32.exe, Playback - [IMAGE] C:\Users\testuser\AppData\Local\Temp\UITestLogs\LastRun\RPFD993.png
\0
W, 3240, 13, 2013/05/24, 09:45:13.359, 1152160765408, QTAgent32.exe, Playback - [WARNING] Internal warning: Couldn't find descendants that match QueryId
\0
W, 3240, 13, 2013/05/24, 09:45:13.359, 1152160768080, QTAgent32.exe, PERF WARNING: FindAllDescendents: took 4082 ms. Expected it to take maximum 500 ms.
E, 3240, 13, 2013/05/24, 09:45:13.459, 1152162203862, QTAgent32.exe, AL: Playback Error: Microsoft.VisualStudio.TestTools.UITest.Extension.UITestControlNotFoundException: The playback failed to find the control with the given search properties. Additional Details: 
TechnologyName:  'MSAA'
ControlType:  'Button'
Name:  'Log and Clear'
 ---&gt; System.Runtime.InteropServices.COMException: Error HRESULT E_FAIL has been returned from a call to a COM component.
   at Microsoft.VisualStudio.TestTools.UITest.Playback.Engine.IScreenElement.FindAllDescendants(String bstrQueryId, Object&amp; pvarResKeys, Int32 cResKeys, Int32 nMaxDepth)
   at Microsoft.VisualStudio.TestTools.UITest.Playback.ScreenElement.FindAllScreenElement(String queryId, Int32 depth, Boolean singleQueryId, Boolean throwException)
   at Microsoft.VisualStudio.TestTools.UITest.Playback.ScreenElement.FindScreenElement(String queryId, Int32 depth)
   at Microsoft.VisualStudio.TestTools.UITesting.UITestControl.FindFirstDescendant(String queryId, Int32 maxDepth, Int32&amp; timeLeft)
   --- End of inner exception stack trace ---
   at Microsoft.VisualStudio.TestTools.UITesting.Playback.MapControlNotFoundException(COMException ex, IPlaybackContext context)
   at Microsoft.VisualStudio.TestTools.UITesting.Playback.MapAndThrowComException(COMException innerException, IPlaybackContext context)
   at Microsoft.VisualStudio.TestTools.UITesting.Playback.MapAndThrowException(SystemException exception, IPlaybackContext context)
   at Microsoft.VisualStudio.TestTools.UITesting.Playback.MapAndThrowException(SystemException exception, String queryId)
   at Microsoft.VisualStudio.TestTools.UITesting.UITestControl.FindFirstDescendant(String queryId, Int32 maxDepth, Int32&amp; timeLeft)
   at Microsoft.VisualStudio.TestTools.UITesting.SearchHelper.GetElement(Boolean useCache, ISearchArgument searchArg)
   at Microsoft.VisualStudio.TestTools.UITesting.SearchHelper.Search(ISearchArgument searchArg)
   at Microsoft.VisualStudio.TestTools.UITesting.UITestControl.FindInternal()
   at Microsoft.VisualStudio.TestTools.UITesting.UITestControl.FindControlIfNecessary()
   at Microsoft.VisualStudio.TestTools.UITesting.UITestControl.Click(MouseButtons button, ModifierKeys modifierKeys, Point relativeCoordinates)
   at Microsoft.VisualStudio.TestTools.UITesting.Mouse.ClickImplementation(UITestControl control, MouseButtons button, ModifierKeys modifierKeys, Point relativeCoordinate)
   at Microsoft.VisualStudio.TestTools.UITesting.Mouse.ClickImplementationWrapper(UITestControl control, MouseButtons button, ModifierKeys modifierKeys, Point relativeCoordinate)
W, 3240, 13, 2013/05/24, 09:45:13.460, 1152162215224, QTAgent32.exe, PlaybackErrorHandler: Ignoring exception as ContinueOnError is set.
W, 3240, 13, 2013/05/24, 09:45:13.694, 1152165569548, QTAgent32.exe, Playback - [WARNING] Internal warning: Window Not Found: [VisibleOnly]ControlType='Window' &amp;&amp; Name='Personal Lines' &amp;&amp; ClassName='#32770'
\0
E, 3240, 13, 2013/05/24, 09:45:13.695, 1152165572112, QTAgent32.exe, &lt;a class=failure&gt;Playback - {195} [FAILED] Function ElementFetcher::FindScreenElement failed to locate UI element (Searching: ;[VisibleOnly]ControlType='Window' &amp;&amp; Name='Personal Lines' &amp;&amp; ClassName='#32770') (The object specified was not found.)
\0&lt;/a&gt;
E, 3240, 13, 2013/05/24, 09:45:13.739, 1152166213067, QTAgent32.exe, Playback - [IMAGE] C:\Users\testuser\AppData\Local\Temp\UITestLogs\LastRun\RPFDB0B.png
\0
W, 3240, 13, 2013/05/24, 09:45:13.739, 1152166214531, QTAgent32.exe, Playback - [WARNING] Internal warning: Couldn't find descendants that match QueryId
\0
W, 3240, 13, 2013/05/24, 09:45:31.788, 1152424638031, QTAgent32.exe, Playback - [WARNING] Internal warning: Window Not Found: [VisibleOnly]ControlType='Window' &amp;&amp; Name='Personal Lines' &amp;&amp; ClassName='#32770'
\0
E, 3240, 13, 2013/05/24, 09:45:31.788, 1152424640471, QTAgent32.exe, &lt;a class=failure&gt;Playback - {196} [FAILED] Function ElementFetcher::FindScreenElement failed to locate UI element (Searching: ;[VisibleOnly]ControlType='Window' &amp;&amp; Name='Personal Lines' &amp;&amp; ClassName='#32770') (The object specified was not found.)
\0&lt;/a&gt;
E, 3240, 13, 2013/05/24, 09:45:31.834, 1152425297889, QTAgent32.exe, Playback - [IMAGE] C:\Users\testuser\AppData\Local\Temp\UITestLogs\LastRun\RPF21BC.png
\0
W, 3240, 13, 2013/05/24, 09:45:31.834, 1152425299475, QTAgent32.exe, Playback - [WARNING] Internal warning: Couldn't find descendants that match QueryId
\0
W, 3240, 13, 2013/05/24, 09:45:31.835, 1152425302155, QTAgent32.exe, PERF WARNING: FindTopLevelWindowHelper::FindAllDescendents: took 18094 ms. Expected it to take maximum 500 ms.
W, 3240, 13, 2013/05/24, 09:45:32.289, 1152431803886, QTAgent32.exe, Playback - [WARNING] Internal warning: Smart Match failed
\0
W, 3240, 13, 2013/05/24, 09:45:32.484, 1152434601428, QTAgent32.exe, Playback - [WARNING] Internal warning: Smart Match failed
\0
W, 3240, 13, 2013/05/24, 09:45:32.675, 1152437339148, QTAgent32.exe, Playback - [WARNING] Internal warning: Smart Match failed
\0
W, 3240, 13, 2013/05/24, 09:45:32.867, 1152440081389, QTAgent32.exe, Playback - [WARNING] Internal warning: Smart Match failed
\0
W, 3240, 13, 2013/05/24, 09:45:33.053, 1152442747684, QTAgent32.exe, Playback - [WARNING] Internal warning: Smart Match failed
\0
W, 3240, 13, 2013/05/24, 09:45:33.238, 1152445401788, QTAgent32.exe, Playback - [WARNING] Internal warning: Smart Match failed
\0
W, 3240, 13, 2013/05/24, 09:45:33.425, 1152448080933, QTAgent32.exe, Playback - [WARNING] Internal warning: Smart Match failed
\0
W, 3240, 13, 2013/05/24, 09:45:33.609, 1152450705743, QTAgent32.exe, Playback - [WARNING] Internal warning: Smart Match failed
\0
W, 3240, 13, 2013/05/24, 09:45:33.793, 1152453346861, QTAgent32.exe, Playback - [WARNING] Internal warning: Smart Match failed
\0
W, 3240, 13, 2013/05/24, 09:45:33.979, 1152456009266, QTAgent32.exe, Playback - [WARNING] Internal warning: Smart Match failed
\0
W, 3240, 13, 2013/05/24, 09:45:34.163, 1152458641046, QTAgent32.exe, Playback - [WARNING] Internal warning: Smart Match failed
\0
W, 3240, 13, 2013/05/24, 09:45:34.349, 1152461310984, QTAgent32.exe, Playback - [WARNING] Internal warning: Smart Match failed
\0
W, 3240, 13, 2013/05/24, 09:45:34.538, 1152464010451, QTAgent32.exe, Playback - [WARNING] Internal warning: Smart Match failed
\0
W, 3240, 13, 2013/05/24, 09:45:34.730, 1152466761228, QTAgent32.exe, Playback - [WARNING] Internal warning: Smart Match failed
\0
W, 3240, 13, 2013/05/24, 09:45:34.920, 1152469481718, QTAgent32.exe, Playback - [WARNING] Internal warning: Smart Match failed
\0
W, 3240, 13, 2013/05/24, 09:45:35.001, 1152470645937, QTAgent32.exe, Playback - [WARNING] Internal warning: Window Not Found: [VisibleOnly]ControlType='Window' &amp;&amp; Name='Personal Lines' &amp;&amp; ClassName='#32770'
\0
E, 3240, 13, 2013/05/24, 09:45:35.001, 1152470647666, QTAgent32.exe, &lt;a class=failure&gt;Playback - {197} [FAILED] Function ElementFetcher::FindScreenElement failed to locate UI element (Searching: ;[VisibleOnly]ControlType='Window' &amp;&amp; Name='Personal Lines' &amp;&amp; ClassName='#32770') (The object specified was not found.)
\0&lt;/a&gt;
E, 3240, 13, 2013/05/24, 09:45:35.044, 1152471254517, QTAgent32.exe, Playback - [IMAGE] C:\Users\testuser\AppData\Local\Temp\UITestLogs\LastRun\RPF2E4A.png
\0
W, 3240, 13, 2013/05/24, 09:45:35.044, 1152471256200, QTAgent32.exe, Playback - [WARNING] Internal warning: Couldn't find descendants that match QueryId
\0
W, 3240, 13, 2013/05/24, 09:45:35.044, 1152471258565, QTAgent32.exe, PERF WARNING: FindTopLevelWindowHelper::FindAllDescendents: took 3209 ms. Expected it to take maximum 500 ms.
E, 3240, 13, 2013/05/24, 09:45:35.044, 1152471260384, QTAgent32.exe, Exception: System.Runtime.InteropServices.COMException
	Message: Error HRESULT E_FAIL has been returned from a call to a COM component.
	Stack Trace:    at Microsoft.VisualStudio.TestTools.UITest.Playback.Engine.IRPFPlayback.FindAllScreenElements(IScreenElement pScreenElementStart, String bstrQueryId, Object&amp; pvarResKeys, Int32 cResKeys, Int32 nMaxDepth, Object[]&amp; foundDescendants)
   at Microsoft.VisualStudio.TestTools.UITest.Playback.ScreenElement.FindTopLevelWindowHelper(String queryId)
	BaseExceptionMessage: Error HRESULT E_FAIL has been returned from a call to a COM component.

E, 3240, 13, 2013/05/24, 09:45:35.044, 1152471264240, QTAgent32.exe, GetClassName for handle 2425522 failed
E, 3240, 13, 2013/05/24, 09:45:35.045, 1152471272834, QTAgent32.exe, Window 2425522 not responding. Last Win32 error 1400
E, 3240, 13, 2013/05/24, 09:45:35.045, 1152471273890, QTAgent32.exe, GetClassName for handle 2425522 failed
E, 3240, 13, 2013/05/24, 09:45:35.045, 1152471277953, QTAgent32.exe, Window 2425564 not responding. Last Win32 error 1400
E, 3240, 13, 2013/05/24, 09:45:35.045, 1152471278896, QTAgent32.exe, GetClassName for handle 2425564 failed
E, 3240, 13, 2013/05/24, 09:45:35.145, 1152472711091, QTAgent32.exe, AL: Playback Error: Microsoft.VisualStudio.TestTools.UITest.Extension.UITestControlNotAvailableException: The control is not available or not valid. Additional Details: 
TechnologyName:  'MSAA'
Name:  'OK'
ControlType:  'Button'
 ---&gt; Microsoft.VisualStudio.TestTools.UITest.Extension.UITestControlNotAvailableException: The control is not available or not valid. Additional Details: 
TechnologyName:  'MSAA'
ControlType:  'Window'
 ---&gt; System.Runtime.InteropServices.COMException: Error HRESULT E_FAIL has been returned from a call to a COM component.
   at Microsoft.VisualStudio.TestTools.UITest.Playback.Engine.IRPFPlayback.FindAllScreenElements(IScreenElement pScreenElementStart, String bstrQueryId, Object&amp; pvarResKeys, Int32 cResKeys, Int32 nMaxDepth, Object[]&amp; foundDescendants)
   at Microsoft.VisualStudio.TestTools.UITest.Playback.ScreenElement.FindTopLevelWindowHelper(String queryId)
   at Microsoft.VisualStudio.TestTools.UITest.Playback.ScreenElement.FindFromPartialQueryId(String queryId)
   at Microsoft.VisualStudio.TestTools.UITesting.UITestControl.EnsureValid(Boolean waitForReady, Boolean refetch)
   --- End of inner exception stack trace ---
   at Microsoft.VisualStudio.TestTools.UITesting.UITestControl.EnsureValid(Boolean waitForReady, Boolean refetch)
   at Microsoft.VisualStudio.TestTools.UITesting.UITestControl.FindFirstDescendant(String queryId, Int32 maxDepth, Int32&amp; timeLeft)
   at Microsoft.VisualStudio.TestTools.UITesting.UITestControl.FindFirstDescendant(String queryId)
   at Microsoft.VisualStudio.TestTools.UITesting.UITestControl.EnsureValid(Boolean waitForReady, Boolean refetch)
   --- End of inner exception stack trace ---
   at Microsoft.VisualStudio.TestTools.UITesting.UITestControl.EnsureValid(Boolean waitForReady, Boolean refetch)
   at Microsoft.VisualStudio.TestTools.UITesting.UITestControl.Click(MouseButtons button, ModifierKeys modifierKeys, Point relativeCoordinates)
   at Microsoft.VisualStudio.TestTools.UITesting.Mouse.ClickImplementation(UITestControl control, MouseButtons button, ModifierKeys modifierKeys, Point relativeCoordinate)
   at Microsoft.VisualStudio.TestTools.UITesting.Mouse.ClickImplementationWrapper(UITestControl control, MouseButtons button, ModifierKeys modifierKeys, Point relativeCoordinate)
W, 3240, 13, 2013/05/24, 09:45:35.145, 1152472712441, QTAgent32.exe, PlaybackErrorHandler: Ignoring exception as ContinueOnError is set.
W, 3240, 13, 2013/05/24, 09:45:35.313, 1152475108211, QTAgent32.exe, &lt;a class=success&gt;Playback - {198} [SUCCESS] MouseButtonClick - "[MSAA, VisibleOnly]ControlType='Button' &amp;&amp; Name='Filter...'"
\0&lt;/a&gt;
W, 3240, 13, 2013/05/24, 09:45:35.528, 1152478193398, QTAgent32.exe, &lt;a class=success&gt;Playback - {199} [SUCCESS] SendKeys "^{HOME}" - "[MSAA, VisibleOnly]ControlType='Edit'"
\0&lt;/a&gt;
E, 3240, 13, 2013/05/24, 09:45:35.528, 1152478195312, QTAgent32.exe, Msaa.GetFocusedElement: could not find accessible object of foreground window
W, 3240, 13, 2013/05/24, 09:45:35.582, 1152478967133, QTAgent32.exe, &lt;a class=success&gt;Playback - {200} [SUCCESS] SendKeys "^+{END}" - "[MSAA, VisibleOnly]ControlType='Edit'"
\0&lt;/a&gt;
E, 3240, 13, 2013/05/24, 09:45:35.582, 1152478968506, QTAgent32.exe, Msaa.GetFocusedElement: could not find accessible object of foreground window
W, 3240, 13, 2013/05/24, 09:45:35.596, 1152479160684, QTAgent32.exe, &lt;a class=success&gt;Playback - {201} [SUCCESS] SendKeys "{DELETE}" - "[MSAA, VisibleOnly]ControlType='Edit'"
\0&lt;/a&gt;
W, 3240, 13, 2013/05/24, 09:45:35.820, 1152482372464, QTAgent32.exe, &lt;a class=success&gt;Playback - {202} [SUCCESS] SetValueAsEditBox "31/05/13" - "[MSAA, VisibleOnly]ControlType='Edit'"  &lt; Set via SendKeys &gt;
\0&lt;/a&gt;
W, 3240, 13, 2013/05/24, 09:45:36.042, 1152485539190, QTAgent32.exe, &lt;a class=success&gt;Playback - {203} [SUCCESS] SendKeys "^{HOME}" - "[MSAA, VisibleOnly]ControlType='Edit'"
\0&lt;/a&gt;
E, 3240, 13, 2013/05/24, 09:45:36.042, 1152485541151, QTAgent32.exe, Msaa.GetFocusedElement: could not find accessible object of foreground window
W, 3240, 13, 2013/05/24, 09:45:36.097, 1152486326728, QTAgent32.exe, &lt;a class=success&gt;Playback - {204} [SUCCESS] SendKeys "^+{END}" - "[MSAA, VisibleOnly]ControlType='Edit'"
\0&lt;/a&gt;
E, 3240, 13, 2013/05/24, 09:45:36.097, 1152486328396, QTAgent32.exe, Msaa.GetFocusedElement: could not find accessible object of foreground window
W, 3240, 13, 2013/05/24, 09:45:36.109, 1152486506580, QTAgent32.exe, &lt;a class=success&gt;Playback - {205} [SUCCESS] SendKeys "{DELETE}" - "[MSAA, VisibleOnly]ControlType='Edit'"
\0&lt;/a&gt;
W, 3240, 13, 2013/05/24, 09:45:36.335, 1152489739732, QTAgent32.exe, &lt;a class=success&gt;Playback - {206} [SUCCESS] SetValueAsEditBox "31/05/13" - "[MSAA, VisibleOnly]ControlType='Edit'"  &lt; Set via SendKeys &gt;
\0&lt;/a&gt;
W, 3240, 13, 2013/05/24, 09:45:36.711, 1152495120137, QTAgent32.exe, Playback - [WARNING] Internal warning: Incorrect flag set for InvokeProgrammaticAction\0
W, 3240, 13, 2013/05/24, 09:45:36.828, 1152496807588, QTAgent32.exe, &lt;a class=success&gt;Playback - {207} [SUCCESS] SetValueAsComboBox "Household" - "[MSAA, VisibleOnly]ControlType='ComboBox'"  &lt; SetValueAsComboBox, set by clicking on the item in the list box &gt;
\0&lt;/a&gt;
W, 3240, 13, 2013/05/24, 09:45:37.053, 1152500020217, QTAgent32.exe, &lt;a class=success&gt;Playback - {208} [SUCCESS] MouseButtonClick - "[MSAA, VisibleOnly]ControlType='Button' &amp;&amp; Name='Ok'"
\0&lt;/a&gt;
W, 3240, 13, 2013/05/24, 09:45:37.282, 1152503298942, QTAgent32.exe, &lt;a class=success&gt;Playback - {209} [SUCCESS] MouseButtonClick - "[MSAA, VisibleOnly]ControlType='Client'"
\0&lt;/a&gt;
W, 3240, 13, 2013/05/24, 09:45:38.159, 1152515863684, QTAgent32.exe, &lt;a class=success&gt;Playback - {210} [SUCCESS] MouseButtonClick - "[MSAA, VisibleOnly]ControlType='Client'"
\0&lt;/a&gt;
W, 3240, 13, 2013/05/24, 09:45:38.352, 1152518627156, QTAgent32.exe, &lt;a class=success&gt;Playback - {211} [SUCCESS] SendKeys "{Home}" - "[MSAA, VisibleOnly]ControlType='Client'"
\0&lt;/a&gt;
W, 3240, 13, 2013/05/24, 09:45:38.577, 1152521839441, QTAgent32.exe, &lt;a class=success&gt;Playback - {212} [SUCCESS] MouseButtonClick - "[MSAA, VisibleOnly]ControlType='Button' &amp;&amp; Name='Display Record...'"
\0&lt;/a&gt;
W, 3240, 13, 2013/05/24, 09:45:38.925, 1152526832120, QTAgent32.exe, Playback - [WARNING] Internal warning: Window Not Found: [VisibleOnly]ControlType='Window' &amp;&amp; Name='AUTO230-1001' &amp;&amp; ClassName='ThunderRT6FormDC'
\0
E, 3240, 13, 2013/05/24, 09:45:38.925, 1152526834464, QTAgent32.exe, &lt;a class=failure&gt;Playback - {213} [FAILED] Function ElementFetcher::FindScreenElement failed to locate UI element (Searching: ;[VisibleOnly]ControlType='Window' &amp;&amp; Name='AUTO230-1001' &amp;&amp; ClassName='ThunderRT6FormDC') (The object specified was not found.)
\0&lt;/a&gt;
E, 3240, 13, 2013/05/24, 09:45:38.972, 1152527496297, QTAgent32.exe, Playback - [IMAGE] C:\Users\testuser\AppData\Local\Temp\UITestLogs\LastRun\RPF3D97.png
\0
W, 3240, 13, 2013/05/24, 09:45:38.972, 1152527497900, QTAgent32.exe, Playback - [WARNING] Internal warning: Couldn't find descendants that match QueryId
\0
W, 3240, 13, 2013/05/24, 09:45:57.040, 1152786207355, QTAgent32.exe, Playback - [WARNING] Internal warning: Window Not Found: [VisibleOnly]ControlType='Window' &amp;&amp; Name='AUTO230-1001' &amp;&amp; ClassName='ThunderRT6FormDC'
\0
E, 3240, 13, 2013/05/24, 09:45:57.041, 1152786210059, QTAgent32.exe, &lt;a class=failure&gt;Playback - {214} [FAILED] Function ElementFetcher::FindScreenElement failed to locate UI element (Searching: ;[VisibleOnly]ControlType='Window' &amp;&amp; Name='AUTO230-1001' &amp;&amp; ClassName='ThunderRT6FormDC') (The object specified was not found.)
\0&lt;/a&gt;
E, 3240, 13, 2013/05/24, 09:45:57.083, 1152786818692, QTAgent32.exe, Playback - [IMAGE] C:\Users\testuser\AppData\Local\Temp\UITestLogs\LastRun\RPF8458.png
\0
W, 3240, 13, 2013/05/24, 09:45:57.083, 1152786820229, QTAgent32.exe, Playback - [WARNING] Internal warning: Couldn't find descendants that match QueryId
\0
W, 3240, 13, 2013/05/24, 09:45:57.083, 1152786822599, QTAgent32.exe, PERF WARNING: FindTopLevelWindowHelper::FindAllDescendents: took 18111 ms. Expected it to take maximum 500 ms.
W, 3240, 13, 2013/05/24, 09:45:57.629, 1152794628679, QTAgent32.exe, Playback - [WARNING] Internal warning: Window with Class "ThunderRT6FormDC" and Title "AUTO230-1001" was not found, so similar window with Class "ThunderRT6FormDC" and Title "AUTO152-1001" was accepted
\0
W, 3240, 13, 2013/05/24, 09:45:57.629, 1152794631658, QTAgent32.exe, PERF WARNING: FindTopLevelWindowHelper::FindAllDescendents: took 545 ms. Expected it to take maximum 500 ms.
W, 3240, 13, 2013/05/24, 09:45:57.756, 1152796449032, QTAgent32.exe, &lt;a class=success&gt;Playback - {215} [SUCCESS] MouseButtonClick - "[MSAA, VisibleOnly]ControlType='Button' &amp;&amp; Name='Rebroke...'"
\0&lt;/a&gt;
W, 3240, 13, 2013/05/24, 09:45:57.983, 1152799699837, QTAgent32.exe, &lt;a class=success&gt;Playback - {216} [SUCCESS] MouseButtonClick - "[MSAA, VisibleOnly]ControlType='Button' &amp;&amp; Name='Yes'"
\0&lt;/a&gt;
W, 3240, 13, 2013/05/24, 09:45:58.222, 1152803129271, QTAgent32.exe, &lt;a class=success&gt;Playback - {217} [SUCCESS] MouseButtonClick - "[MSAA, VisibleOnly]ControlType='Button' &amp;&amp; Name='Proceed'"
\0&lt;/a&gt;
W, 3240, 13, 2013/05/24, 09:45:58.451, 1152806401186, QTAgent32.exe, &lt;a class=success&gt;Playback - {218} [SUCCESS] MouseButtonClick - "[MSAA, VisibleOnly]ControlType='Button' &amp;&amp; Name='Ok'"
\0&lt;/a&gt;
W, 3240, 13, 2013/05/24, 09:46:00.886, 1152841266253, QTAgent32.exe, PERF WARNING: FindTopLevelWindowHelper::FindAllDescendents: took 2334 ms. Expected it to take maximum 500 ms.
W, 3240, 13, 2013/05/24, 09:46:01.010, 1152843047303, QTAgent32.exe, &lt;a class=success&gt;Playback - {219} [SUCCESS] MouseButtonClick - "[MSAA, VisibleOnly]ControlType='Client'"
\0&lt;/a&gt;
W, 3240, 13, 2013/05/24, 09:46:02.606, 1152865902990, QTAgent32.exe, &lt;a class=success&gt;Playback - {220} [SUCCESS] SendKeys "{Home}" - "[MSAA, VisibleOnly]ControlType='Client'"
\0&lt;/a&gt;
W, 3240, 13, 2013/05/24, 09:46:03.938, 1152884959947, QTAgent32.exe, &lt;a class=success&gt;Playback - {221} [SUCCESS] MouseButtonClick - "[MSAA, VisibleOnly]ControlType='Button' &amp;&amp; Name='Select Alternative'"
\0&lt;/a&gt;
W, 3240, 13, 2013/05/24, 09:46:04.250, 1152889427498, QTAgent32.exe, &lt;a class=success&gt;Playback - {222} [SUCCESS] MouseButtonClick - "[MSAA, VisibleOnly]ControlType='Button' &amp;&amp; Name='OK'"
\0&lt;/a&gt;
W, 3240, 13, 2013/05/24, 09:46:04.485, 1152892803698, QTAgent32.exe, &lt;a class=success&gt;Playback - {223} [SUCCESS] MouseButtonClick - "[MSAA, VisibleOnly]ControlType='Button' &amp;&amp; Name='Invite'"
\0&lt;/a&gt;
W, 3240, 13, 2013/05/24, 09:46:04.714, 1152896075382, QTAgent32.exe, &lt;a class=success&gt;Playback - {224} [SUCCESS] MouseButtonClick - "[MSAA, VisibleOnly]ControlType='Button' &amp;&amp; Name='OK'"
\0&lt;/a&gt;
W, 3240, 13, 2013/05/24, 09:46:04.960, 1152899602893, QTAgent32.exe, &lt;a class=success&gt;Playback - {225} [SUCCESS] MouseButtonClick - "[MSAA, VisibleOnly]ControlType='Button' &amp;&amp; Name='Ok'"
\0&lt;/a&gt;
W, 3240, 13, 2013/05/24, 09:46:08.946, 1152956671650, QTAgent32.exe, Playback - [WARNING] Internal warning: Window Not Found: [VisibleOnly]ControlType='Window' &amp;&amp; Name='Personal Lines' &amp;&amp; ClassName='#32770'
\0
E, 3240, 13, 2013/05/24, 09:46:08.946, 1152956674026, QTAgent32.exe, &lt;a class=failure&gt;Playback - {226} [FAILED] Function ElementFetcher::FindScreenElement failed to locate UI element (Searching: ;[VisibleOnly]ControlType='Window' &amp;&amp; Name='Personal Lines' &amp;&amp; ClassName='#32770') (The object specified was not found.)
\0&lt;/a&gt;
E, 3240, 13, 2013/05/24, 09:46:08.998, 1152957414409, QTAgent32.exe, Playback - [IMAGE] C:\Users\testuser\AppData\Local\Temp\UITestLogs\LastRun\RPFB2E7.png
\0
W, 3240, 13, 2013/05/24, 09:46:08.998, 1152957415940, QTAgent32.exe, Playback - [WARNING] Internal warning: Couldn't find descendants that match QueryId
\0
W, 3240, 13, 2013/05/24, 09:46:08.998, 1152957418469, QTAgent32.exe, PERF WARNING: FindTopLevelWindowHelper::FindAllDescendents: took 3937 ms. Expected it to take maximum 500 ms.
W, 3240, 13, 2013/05/24, 09:46:27.016, 1153215396866, QTAgent32.exe, Playback - [WARNING] Internal warning: Window Not Found: [VisibleOnly]ControlType='Window' &amp;&amp; Name='Personal Lines' &amp;&amp; ClassName='#32770'
\0
E, 3240, 13, 2013/05/24, 09:46:27.016, 1153215399804, QTAgent32.exe, &lt;a class=failure&gt;Playback - {227} [FAILED] Function ElementFetcher::FindScreenElement failed to locate UI element (Searching: ;[VisibleOnly]ControlType='Window' &amp;&amp; Name='Personal Lines' &amp;&amp; ClassName='#32770') (The object specified was not found.)
\0&lt;/a&gt;
E, 3240, 13, 2013/05/24, 09:46:27.060, 1153216028126, QTAgent32.exe, Playback - [IMAGE] C:\Users\testuser\AppData\Local\Temp\UITestLogs\LastRun\RPFF979.png
\0
W, 3240, 13, 2013/05/24, 09:46:27.060, 1153216029878, QTAgent32.exe, Playback - [WARNING] Internal warning: Couldn't find descendants that match QueryId
\0
W, 3240, 13, 2013/05/24, 09:46:27.060, 1153216032393, QTAgent32.exe, PERF WARNING: FindTopLevelWindowHelper::FindAllDescendents: took 18061 ms. Expected it to take maximum 500 ms.
W, 3240, 13, 2013/05/24, 09:46:27.513, 1153222523116, QTAgent32.exe, Playback - [WARNING] Internal warning: Smart Match failed
\0
W, 3240, 13, 2013/05/24, 09:46:27.706, 1153225276381, QTAgent32.exe, Playback - [WARNING] Internal warning: Smart Match failed
\0
W, 3240, 13, 2013/05/24, 09:46:27.905, 1153228125729, QTAgent32.exe, Playback - [WARNING] Internal warning: Smart Match failed
\0
W, 3240, 13, 2013/05/24, 09:46:28.100, 1153230916279, QTAgent32.exe, Playback - [WARNING] Internal warning: Smart Match failed
\0
W, 3240, 13, 2013/05/24, 09:46:28.301, 1153233802148, QTAgent32.exe, Playback - [WARNING] Internal warning: Smart Match failed
\0
W, 3240, 13, 2013/05/24, 09:46:28.502, 1153236681524, QTAgent32.exe, Playback - [WARNING] Internal warning: Smart Match failed
\0
W, 3240, 13, 2013/05/24, 09:46:28.701, 1153239526720, QTAgent32.exe, Playback - [WARNING] Internal warning: Smart Match failed
\0
W, 3240, 13, 2013/05/24, 09:46:28.899, 1153242357993, QTAgent32.exe, Playback - [WARNING] Internal warning: Smart Match failed
\0
W, 3240, 13, 2013/05/24, 09:46:29.097, 1153245196960, QTAgent32.exe, Playback - [WARNING] Internal warning: Smart Match failed
\0
W, 3240, 13, 2013/05/24, 09:46:29.295, 1153248032325, QTAgent32.exe, Playback - [WARNING] Internal warning: Smart Match failed
\0
W, 3240, 13, 2013/05/24, 09:46:29.490, 1153250831530, QTAgent32.exe, Playback - [WARNING] Internal warning: Smart Match failed
\0
W, 3240, 13, 2013/05/24, 09:46:29.689, 1153253677340, QTAgent32.exe, Playback - [WARNING] Internal warning: Smart Match failed
\0
W, 3240, 13, 2013/05/24, 09:46:29.887, 1153256510879, QTAgent32.exe, Playback - [WARNING] Internal warning: Smart Match failed
\0
W, 3240, 13, 2013/05/24, 09:46:30.082, 1153259307384, QTAgent32.exe, Playback - [WARNING] Internal warning: Smart Match failed
\0
W, 3240, 13, 2013/05/24, 09:46:30.169, 1153260556577, QTAgent32.exe, Playback - [WARNING] Internal warning: Window Not Found: [VisibleOnly]ControlType='Window' &amp;&amp; Name='Personal Lines' &amp;&amp; ClassName='#32770'
\0
E, 3240, 13, 2013/05/24, 09:46:30.170, 1153260558695, QTAgent32.exe, &lt;a class=failure&gt;Playback - {228} [FAILED] Function ElementFetcher::FindScreenElement failed to locate UI element (Searching: ;[VisibleOnly]ControlType='Window' &amp;&amp; Name='Personal Lines' &amp;&amp; ClassName='#32770') (The object specified was not found.)
\0&lt;/a&gt;
E, 3240, 13, 2013/05/24, 09:46:30.213, 1153261180926, QTAgent32.exe, Playback - [IMAGE] C:\Users\testuser\AppData\Local\Temp\UITestLogs\LastRun\RPF5C9.png
\0
W, 3240, 13, 2013/05/24, 09:46:30.213, 1153261182471, QTAgent32.exe, Playback - [WARNING] Internal warning: Couldn't find descendants that match QueryId
\0
W, 3240, 13, 2013/05/24, 09:46:30.213, 1153261184775, QTAgent32.exe, PERF WARNING: FindTopLevelWindowHelper::FindAllDescendents: took 3153 ms. Expected it to take maximum 500 ms.
E, 3240, 13, 2013/05/24, 09:46:30.213, 1153261186348, QTAgent32.exe, Exception: System.Runtime.InteropServices.COMException
	Message: Error HRESULT E_FAIL has been returned from a call to a COM component.
	Stack Trace:    at Microsoft.VisualStudio.TestTools.UITest.Playback.Engine.IRPFPlayback.FindAllScreenElements(IScreenElement pScreenElementStart, String bstrQueryId, Object&amp; pvarResKeys, Int32 cResKeys, Int32 nMaxDepth, Object[]&amp; foundDescendants)
   at Microsoft.VisualStudio.TestTools.UITest.Playback.ScreenElement.FindTopLevelWindowHelper(String queryId)
	BaseExceptionMessage: Error HRESULT E_FAIL has been returned from a call to a COM component.

E, 3240, 13, 2013/05/24, 09:46:30.214, 1153261191281, QTAgent32.exe, Window 2425522 not responding. Last Win32 error 0
E, 3240, 13, 2013/05/24, 09:46:30.214, 1153261192244, QTAgent32.exe, GetClassName for handle 2425522 failed
E, 3240, 13, 2013/05/24, 09:46:30.314, 1153262624052, QTAgent32.exe, AL: Playback Error: Microsoft.VisualStudio.TestTools.UITest.Extension.UITestControlNotAvailableException: The control is not available or not valid. Additional Details: 
TechnologyName:  'MSAA'
ControlType:  'Window'
 ---&gt; System.Runtime.InteropServices.COMException: Error HRESULT E_FAIL has been returned from a call to a COM component.
   at Microsoft.VisualStudio.TestTools.UITest.Playback.Engine.IRPFPlayback.FindAllScreenElements(IScreenElement pScreenElementStart, String bstrQueryId, Object&amp; pvarResKeys, Int32 cResKeys, Int32 nMaxDepth, Object[]&amp; foundDescendants)
   at Microsoft.VisualStudio.TestTools.UITest.Playback.ScreenElement.FindTopLevelWindowHelper(String queryId)
   at Microsoft.VisualStudio.TestTools.UITest.Playback.ScreenElement.FindFromPartialQueryId(String queryId)
   at Microsoft.VisualStudio.TestTools.UITesting.UITestControl.EnsureValid(Boolean waitForReady, Boolean refetch)
   --- End of inner exception stack trace ---
   at Microsoft.VisualStudio.TestTools.UITesting.UITestControl.EnsureValid(Boolean waitForReady, Boolean refetch)
   at Microsoft.VisualStudio.TestTools.UITesting.UITestControl.FindFirstDescendant(String queryId, Int32 maxDepth, Int32&amp; timeLeft)
   at Microsoft.VisualStudio.TestTools.UITesting.SearchHelper.GetElement(Boolean useCache, ISearchArgument searchArg)
   at Microsoft.VisualStudio.TestTools.UITesting.SearchHelper.Search(ISearchArgument searchArg)
   at Microsoft.VisualStudio.TestTools.UITesting.UITestControl.FindInternal()
   at Microsoft.VisualStudio.TestTools.UITesting.UITestControl.FindControlIfNecessary()
   at Microsoft.VisualStudio.TestTools.UITesting.UITestControl.Click(MouseButtons button, ModifierKeys modifierKeys, Point relativeCoordinates)
   at Microsoft.VisualStudio.TestTools.UITesting.Mouse.ClickImplementation(UITestControl control, MouseButtons button, ModifierKeys modifierKeys, Point relativeCoordinate)
   at Microsoft.VisualStudio.TestTools.UITesting.Mouse.ClickImplementationWrapper(UITestControl control, MouseButtons button, ModifierKeys modifierKeys, Point relativeCoordinate)
W, 3240, 13, 2013/05/24, 09:46:30.314, 1153262625154, QTAgent32.exe, PlaybackErrorHandler: Ignoring exception as ContinueOnError is set.
W, 3240, 13, 2013/05/24, 09:46:30.441, 1153264452349, QTAgent32.exe, &lt;a class=success&gt;Playback - {229} [SUCCESS] Check - "[MSAA, VisibleOnly]ControlType='CheckBox' &amp;&amp; Name='Defer Printing?'"
\0&lt;/a&gt;
W, 3240, 13, 2013/05/24, 09:46:31.047, 1153273111056, QTAgent32.exe, &lt;a class=success&gt;Playback - {230} [SUCCESS] MouseButtonClick - "[MSAA, VisibleOnly]ControlType='Button' &amp;&amp; Name='Ok'"
\0&lt;/a&gt;
W, 3240, 13, 2013/05/24, 09:46:31.147, 1153274543378, QTAgent32.exe, Playback - [WARNING] Internal warning: Thread state based WFR - Requested element has invalid HWND
\0
W, 3240, 13, 2013/05/24, 09:46:31.147, 1153274544514, QTAgent32.exe, Playback - [WARNING] Internal warning: process performance counters based WFR - Requested element has invalid HWND
\0
E, 3240, 13, 2013/05/24, 09:46:31.147, 1153274547001, QTAgent32.exe, EnsureValid called via EnsureValid call for same element
E, 3240, 13, 2013/05/24, 09:46:31.147, 1153274548717, QTAgent32.exe, EnsureValid called via EnsureValid call for same element
E, 3240, 13, 2013/05/24, 09:46:31.147, 1153274549752, QTAgent32.exe, EnsureValid called via EnsureValid call for same element
E, 3240, 13, 2013/05/24, 09:46:31.147, 1153274555155, QTAgent32.exe, Window 3146538 not responding. Last Win32 error 0
E, 3240, 13, 2013/05/24, 09:46:31.148, 1153274556199, QTAgent32.exe, GetClassName for handle 3146538 failed
W, 3240, 13, 2013/05/24, 09:46:34.375, 1153320780003, QTAgent32.exe, PERF WARNING: FindTopLevelWindowHelper::FindAllDescendents: took 3228 ms. Expected it to take maximum 500 ms.
W, 3240, 13, 2013/05/24, 09:46:34.510, 1153322706992, QTAgent32.exe, &lt;a class=success&gt;Playback - {231} [SUCCESS] Uncheck - "[MSAA, VisibleOnly]ControlType='CheckBox' &amp;&amp; Name='Add Activity'"
\0&lt;/a&gt;
W, 3240, 13, 2013/05/24, 09:46:35.084, 1153330916541, QTAgent32.exe, &lt;a class=success&gt;Playback - {232} [SUCCESS] MouseButtonClick - "[MSAA, VisibleOnly]ControlType='Button' &amp;&amp; Name='Ok'"
\0&lt;/a&gt;
W, 3240, 13, 2013/05/24, 09:46:37.316, 1153362882941, QTAgent32.exe, &lt;a class=success&gt;Playback - {233} [SUCCESS] MouseButtonClick - "[MSAA, VisibleOnly]ControlType='Button' &amp;&amp; Name='OK'"
\0&lt;/a&gt;
W, 3240, 13, 2013/05/24, 09:46:37.682, 1153368121131, QTAgent32.exe, Playback - [WARNING] Internal warning: Window Not Found: [VisibleOnly]ControlType='Window' &amp;&amp; Name='AUTO231-1001' &amp;&amp; ClassName='ThunderRT6FormDC'
\0
E, 3240, 13, 2013/05/24, 09:46:37.682, 1153368123531, QTAgent32.exe, &lt;a class=failure&gt;Playback - {234} [FAILED] Function ElementFetcher::FindScreenElement failed to locate UI element (Searching: ;[VisibleOnly]ControlType='Window' &amp;&amp; Name='AUTO231-1001' &amp;&amp; ClassName='ThunderRT6FormDC') (The object specified was not found.)
\0&lt;/a&gt;
E, 3240, 13, 2013/05/24, 09:46:37.725, 1153368740638, QTAgent32.exe, Playback - [IMAGE] C:\Users\testuser\AppData\Local\Temp\UITestLogs\LastRun\RPF232A.png
\0
W, 3240, 13, 2013/05/24, 09:46:37.725, 1153368742224, QTAgent32.exe, Playback - [WARNING] Internal warning: Couldn't find descendants that match QueryId
\0
W, 3240, 13, 2013/05/24, 09:46:55.798, 1153627509648, QTAgent32.exe, Playback - [WARNING] Internal warning: Window Not Found: [VisibleOnly]ControlType='Window' &amp;&amp; Name='AUTO231-1001' &amp;&amp; ClassName='ThunderRT6FormDC'
\0
E, 3240, 13, 2013/05/24, 09:46:55.798, 1153627511830, QTAgent32.exe, &lt;a class=failure&gt;Playback - {235} [FAILED] Function ElementFetcher::FindScreenElement failed to locate UI element (Searching: ;[VisibleOnly]ControlType='Window' &amp;&amp; Name='AUTO231-1001' &amp;&amp; ClassName='ThunderRT6FormDC') (The object specified was not found.)
\0&lt;/a&gt;
E, 3240, 13, 2013/05/24, 09:46:55.842, 1153628135287, QTAgent32.exe, Playback - [IMAGE] C:\Users\testuser\AppData\Local\Temp\UITestLogs\LastRun\RPF69EA.png
\0
W, 3240, 13, 2013/05/24, 09:46:55.842, 1153628136849, QTAgent32.exe, Playback - [WARNING] Internal warning: Couldn't find descendants that match QueryId
\0
W, 3240, 13, 2013/05/24, 09:46:55.842, 1153628139549, QTAgent32.exe, PERF WARNING: FindTopLevelWindowHelper::FindAllDescendents: took 18116 ms. Expected it to take maximum 500 ms.
W, 3240, 13, 2013/05/24, 09:46:56.395, 1153636051931, QTAgent32.exe, Playback - [WARNING] Internal warning: Window with Class "ThunderRT6FormDC" and Title "AUTO231-1001" was not found, so similar window with Class "ThunderRT6FormDC" and Title "AUTO152-1001" was accepted
\0
W, 3240, 13, 2013/05/24, 09:46:56.395, 1153636054991, QTAgent32.exe, PERF WARNING: FindTopLevelWindowHelper::FindAllDescendents: took 552 ms. Expected it to take maximum 500 ms.
W, 3240, 13, 2013/05/24, 09:46:57.119, 1153646430334, QTAgent32.exe, &lt;a class=success&gt;Playback - {236} [SUCCESS] MouseButtonClick - "[MSAA, VisibleOnly]ControlType='Button' &amp;&amp; Name='Renew Policy...'"
\0&lt;/a&gt;
W, 3240, 13, 2013/05/24, 09:46:57.353, 1153649776145, QTAgent32.exe, &lt;a class=success&gt;Playback - {237} [SUCCESS] Check - "[MSAA, VisibleOnly]ControlType='RadioButton' &amp;&amp; Name='Alternative'"
\0&lt;/a&gt;
W, 3240, 13, 2013/05/24, 09:46:57.730, 1153655172440, QTAgent32.exe, &lt;a class=success&gt;Playback - {238} [SUCCESS] MouseButtonClick - "[MSAA, VisibleOnly]ControlType='Button' &amp;&amp; Name='OK'"
\0&lt;/a&gt;
W, 3240, 13, 2013/05/24, 09:46:57.961, 1153658483656, QTAgent32.exe, &lt;a class=success&gt;Playback - {239} [SUCCESS] MouseButtonClick - "[MSAA, VisibleOnly]ControlType='Button' &amp;&amp; Name='OK'"
\0&lt;/a&gt;
W, 3240, 13, 2013/05/24, 09:47:00.537, 1153695365720, QTAgent32.exe, PERF WARNING: FindTopLevelWindowHelper::FindAllDescendents: took 2475 ms. Expected it to take maximum 500 ms.
W, 3240, 13, 2013/05/24, 09:47:00.670, 1153697265994, QTAgent32.exe, &lt;a class=success&gt;Playback - {240} [SUCCESS] MouseButtonClick - "[MSAA, VisibleOnly]ControlType='Client'"
\0&lt;/a&gt;
W, 3240, 13, 2013/05/24, 09:47:02.897, 1153729145735, QTAgent32.exe, &lt;a class=success&gt;Playback - {241} [SUCCESS] MouseButtonClick - "[MSAA, VisibleOnly]ControlType='Button' &amp;&amp; Name='Accept'"
\0&lt;/a&gt;
W, 3240, 13, 2013/05/24, 09:47:05.400, 1153764990669, QTAgent32.exe, Playback - [WARNING] Internal warning: Window Not Found: [VisibleOnly]ControlType='Window' &amp;&amp; Name='Save the file as' &amp;&amp; ClassName='#32770'
\0
E, 3240, 13, 2013/05/24, 09:47:05.400, 1153764992809, QTAgent32.exe, &lt;a class=failure&gt;Playback - {242} [FAILED] Function ElementFetcher::FindScreenElement failed to locate UI element (Searching: ;[VisibleOnly]ControlType='Window' &amp;&amp; Name='Save the file as' &amp;&amp; ClassName='#32770') (The object specified was not found.)
\0&lt;/a&gt;
E, 3240, 13, 2013/05/24, 09:47:05.455, 1153765778943, QTAgent32.exe, Playback - [IMAGE] C:\Users\testuser\AppData\Local\Temp\UITestLogs\LastRun\RPF8F65.png
\0
W, 3240, 13, 2013/05/24, 09:47:05.455, 1153765780368, QTAgent32.exe, Playback - [WARNING] Internal warning: Couldn't find descendants that match QueryId
\0
W, 3240, 13, 2013/05/24, 09:47:05.455, 1153765782724, QTAgent32.exe, PERF WARNING: FindTopLevelWindowHelper::FindAllDescendents: took 2458 ms. Expected it to take maximum 500 ms.
W, 3240, 13, 2013/05/24, 09:47:23.488, 1154023984195, QTAgent32.exe, Playback - [WARNING] Internal warning: Window Not Found: [VisibleOnly]ControlType='Window' &amp;&amp; Name='Save the file as' &amp;&amp; ClassName='#32770'
\0
E, 3240, 13, 2013/05/24, 09:47:23.489, 1154023986789, QTAgent32.exe, &lt;a class=failure&gt;Playback - {243} [FAILED] Function ElementFetcher::FindScreenElement failed to locate UI element (Searching: ;[VisibleOnly]ControlType='Window' &amp;&amp; Name='Save the file as' &amp;&amp; ClassName='#32770') (The object specified was not found.)
\0&lt;/a&gt;
E, 3240, 13, 2013/05/24, 09:47:23.532, 1154024605527, QTAgent32.exe, Playback - [IMAGE] C:\Users\testuser\AppData\Local\Temp\UITestLogs\LastRun\RPFD616.png
\0
W, 3240, 13, 2013/05/24, 09:47:23.532, 1154024607098, QTAgent32.exe, Playback - [WARNING] Internal warning: Couldn't find descendants that match QueryId
\0
W, 3240, 13, 2013/05/24, 09:47:23.532, 1154024609716, QTAgent32.exe, PERF WARNING: FindTopLevelWindowHelper::FindAllDescendents: took 18076 ms. Expected it to take maximum 500 ms.
W, 3240, 13, 2013/05/24, 09:47:23.992, 1154031193791, QTAgent32.exe, Playback - [WARNING] Internal warning: Smart Match failed
\0
W, 3240, 13, 2013/05/24, 09:47:24.190, 1154034032662, QTAgent32.exe, Playback - [WARNING] Internal warning: Smart Match failed
\0
W, 3240, 13, 2013/05/24, 09:47:24.400, 1154037042112, QTAgent32.exe, Playback - [WARNING] Internal warning: Smart Match failed
\0
W, 3240, 13, 2013/05/24, 09:47:24.600, 1154039906494, QTAgent32.exe, Playback - [WARNING] Internal warning: Smart Match failed
\0
W, 3240, 13, 2013/05/24, 09:47:24.799, 1154042751113, QTAgent32.exe, Playback - [WARNING] Internal warning: Smart Match failed
\0
W, 3240, 13, 2013/05/24, 09:47:25.001, 1154045639110, QTAgent32.exe, Playback - [WARNING] Internal warning: Smart Match failed
\0
W, 3240, 13, 2013/05/24, 09:47:25.209, 1154048624365, QTAgent32.exe, Playback - [WARNING] Internal warning: Smart Match failed
\0
W, 3240, 13, 2013/05/24, 09:47:25.415, 1154051575194, QTAgent32.exe, Playback - [WARNING] Internal warning: Smart Match failed
\0
W, 3240, 13, 2013/05/24, 09:47:25.619, 1154054487909, QTAgent32.exe, Playback - [WARNING] Internal warning: Smart Match failed
\0
W, 3240, 13, 2013/05/24, 09:47:25.822, 1154057397858, QTAgent32.exe, Playback - [WARNING] Internal warning: Smart Match failed
\0
W, 3240, 13, 2013/05/24, 09:47:26.024, 1154060286282, QTAgent32.exe, Playback - [WARNING] Internal warning: Smart Match failed
\0
W, 3240, 13, 2013/05/24, 09:47:26.229, 1154063227196, QTAgent32.exe, Playback - [WARNING] Internal warning: Smart Match failed
\0
W, 3240, 13, 2013/05/24, 09:47:26.437, 1154066197465, QTAgent32.exe, Playback - [WARNING] Internal warning: Smart Match failed
\0
W, 3240, 13, 2013/05/24, 09:47:26.643, 1154069154550, QTAgent32.exe, Playback - [WARNING] Internal warning: Smart Match failed
\0
W, 3240, 13, 2013/05/24, 09:47:26.748, 1154070656181, QTAgent32.exe, Playback - [WARNING] Internal warning: Window Not Found: [VisibleOnly]ControlType='Window' &amp;&amp; Name='Save the file as' &amp;&amp; ClassName='#32770'
\0
E, 3240, 13, 2013/05/24, 09:47:26.748, 1154070658075, QTAgent32.exe, &lt;a class=failure&gt;Playback - {244} [FAILED] Function ElementFetcher::FindScreenElement failed to locate UI element (Searching: ;[VisibleOnly]ControlType='Window' &amp;&amp; Name='Save the file as' &amp;&amp; ClassName='#32770') (The object specified was not found.)
\0&lt;/a&gt;
E, 3240, 13, 2013/05/24, 09:47:26.791, 1154071272000, QTAgent32.exe, Playback - [IMAGE] C:\Users\testuser\AppData\Local\Temp\UITestLogs\LastRun\RPFE2D4.png
\0
W, 3240, 13, 2013/05/24, 09:47:26.791, 1154071273536, QTAgent32.exe, Playback - [WARNING] Internal warning: Couldn't find descendants that match QueryId
\0
W, 3240, 13, 2013/05/24, 09:47:26.791, 1154071275986, QTAgent32.exe, PERF WARNING: FindTopLevelWindowHelper::FindAllDescendents: took 3258 ms. Expected it to take maximum 500 ms.
E, 3240, 13, 2013/05/24, 09:47:26.792, 1154071277870, QTAgent32.exe, Exception: System.Runtime.InteropServices.COMException
	Message: Error HRESULT E_FAIL has been returned from a call to a COM component.
	Stack Trace:    at Microsoft.VisualStudio.TestTools.UITest.Playback.Engine.IRPFPlayback.FindAllScreenElements(IScreenElement pScreenElementStart, String bstrQueryId, Object&amp; pvarResKeys, Int32 cResKeys, Int32 nMaxDepth, Object[]&amp; foundDescendants)
   at Microsoft.VisualStudio.TestTools.UITest.Playback.ScreenElement.FindTopLevelWindowHelper(String queryId)
	BaseExceptionMessage: Error HRESULT E_FAIL has been returned from a call to a COM component.

E, 3240, 13, 2013/05/24, 09:47:26.892, 1154072715548, QTAgent32.exe, AL: Playback Error: Microsoft.VisualStudio.TestTools.UITest.Extension.UITestControlNotFoundException: The playback failed to find the control with the given search properties. Additional Details: 
TechnologyName:  'MSAA'
ControlType:  'Window'
Name:  'Save the file as'
ClassName:  '#32770'
 ---&gt; System.Runtime.InteropServices.COMException: Error HRESULT E_FAIL has been returned from a call to a COM component.
   at Microsoft.VisualStudio.TestTools.UITest.Playback.Engine.IRPFPlayback.FindAllScreenElements(IScreenElement pScreenElementStart, String bstrQueryId, Object&amp; pvarResKeys, Int32 cResKeys, Int32 nMaxDepth, Object[]&amp; foundDescendants)
   at Microsoft.VisualStudio.TestTools.UITest.Playback.ScreenElement.FindTopLevelWindowHelper(String queryId)
   at Microsoft.VisualStudio.TestTools.UITest.Playback.ScreenElement.FindFromPartialQueryId(String queryId)
   at Microsoft.VisualStudio.TestTools.UITesting.UITestControl..ctor(String queryId)
   --- End of inner exception stack trace ---
   at Microsoft.VisualStudio.TestTools.UITesting.Playback.MapControlNotFoundException(COMException ex, IPlaybackContext context)
   at Microsoft.VisualStudio.TestTools.UITesting.Playback.MapAndThrowComException(COMException innerException, IPlaybackContext context)
   at Microsoft.VisualStudio.TestTools.UITesting.Playback.MapAndThrowException(SystemException exception, IPlaybackContext context)
   at Microsoft.VisualStudio.TestTools.UITesting.Playback.MapAndThrowException(SystemException exception, String queryId)
   at Microsoft.VisualStudio.TestTools.UITesting.UITestControl..ctor(String queryId)
   at Microsoft.VisualStudio.TestTools.UITesting.SearchHelper.SearchTopLevelWindow(ISearchArgument topLevelSearchArg, String topLevelElementQueryId)
   at Microsoft.VisualStudio.TestTools.UITesting.SearchHelper.GetTitleUpdatedTopLevelWindow(ISearchArgument topLevelSearchArg, String queryId, IList`1 windowTitles)
   at Microsoft.VisualStudio.TestTools.UITesting.SearchHelper.GetTopLevelElement(Boolean useCache, Boolean useCacheOnly, ISearchArgument searchArg, IList`1 windowTitles, Int32&amp; timeLeft)
   at Microsoft.VisualStudio.TestTools.UITesting.SearchHelper.GetElement(Boolean useCache, ISearchArgument searchArg)
   at Microsoft.VisualStudio.TestTools.UITesting.SearchHelper.Search(ISearchArgument searchArg)
   at Microsoft.VisualStudio.TestTools.UITesting.UITestControl.FindInternal()
   at Microsoft.VisualStudio.TestTools.UITesting.UITestControl.FindControlIfNecessary()
   at Microsoft.VisualStudio.TestTools.UITesting.UITestControl.Click(MouseButtons button, ModifierKeys modifierKeys, Point relativeCoordinates)
   at Microsoft.VisualStudio.TestTools.UITesting.Mouse.ClickImplementation(UITestControl control, MouseButtons button, ModifierKeys modifierKeys, Point relativeCoordinate)
   at Microsoft.VisualStudio.TestTools.UITesting.Mouse.ClickImplementationWrapper(UITestControl control, MouseButtons button, ModifierKeys modifierKeys, Point relativeCoordinate)
W, 3240, 13, 2013/05/24, 09:47:26.892, 1154072717598, QTAgent32.exe, PlaybackErrorHandler: Ignoring exception as ContinueOnError is set.
W, 3240, 13, 2013/05/24, 09:47:27.028, 1154074670808, QTAgent32.exe, &lt;a class=success&gt;Playback - {245} [SUCCESS] MouseButtonClick - "[MSAA, VisibleOnly]ControlType='Button' &amp;&amp; Name='OK'"
\0&lt;/a&gt;
W, 3240, 13, 2013/05/24, 09:47:27.391, 1154079865424, QTAgent32.exe, &lt;a class=success&gt;Playback - {246} [SUCCESS] MouseButtonClick - "[MSAA, VisibleOnly]ControlType='Button' &amp;&amp; Name='Yes'"
\0&lt;/a&gt;
W, 3240, 13, 2013/05/24, 09:47:28.135, 1154090510023, QTAgent32.exe, &lt;a class=success&gt;Playback - {247} [SUCCESS] MouseButtonClick - "[MSAA, VisibleOnly]ControlType='Button' &amp;&amp; Name='Ok'"
\0&lt;/a&gt;
W, 3240, 13, 2013/05/24, 09:47:31.553, 1154139457380, QTAgent32.exe, Playback - [WARNING] Internal warning: Window Not Found: [VisibleOnly]ControlType='Window' &amp;&amp; Name='Personal Lines' &amp;&amp; ClassName='#32770'
\0
E, 3240, 13, 2013/05/24, 09:47:31.553, 1154139459572, QTAgent32.exe, &lt;a class=failure&gt;Playback - {248} [FAILED] Function ElementFetcher::FindScreenElement failed to locate UI element (Searching: ;[VisibleOnly]ControlType='Window' &amp;&amp; Name='Personal Lines' &amp;&amp; ClassName='#32770') (The object specified was not found.)
\0&lt;/a&gt;
E, 3240, 13, 2013/05/24, 09:47:31.595, 1154140061465, QTAgent32.exe, Playback - [IMAGE] C:\Users\testuser\AppData\Local\Temp\UITestLogs\LastRun\RPFF59A.png
\0
W, 3240, 13, 2013/05/24, 09:47:31.595, 1154140063107, QTAgent32.exe, Playback - [WARNING] Internal warning: Couldn't find descendants that match QueryId
\0
W, 3240, 13, 2013/05/24, 09:47:31.596, 1154140065780, QTAgent32.exe, PERF WARNING: FindTopLevelWindowHelper::FindAllDescendents: took 3360 ms. Expected it to take maximum 500 ms.
W, 3240, 13, 2013/05/24, 09:47:38.807, 1154243322136, QTAgent32.exe, PERF WARNING: FindTopLevelWindowHelper::FindAllDescendents: took 7211 ms. Expected it to take maximum 500 ms.
W, 3240, 13, 2013/05/24, 09:47:38.931, 1154245091919, QTAgent32.exe, &lt;a class=success&gt;Playback - {249} [SUCCESS] MouseButtonClick - "[MSAA, VisibleOnly]ControlType='Button' &amp;&amp; Name='OK'"
\0&lt;/a&gt;
W, 3240, 13, 2013/05/24, 09:47:39.033, 1154246557061, QTAgent32.exe, Playback - [WARNING] Internal warning: Thread state based WFR - Requested element has invalid HWND
\0
W, 3240, 13, 2013/05/24, 09:47:39.033, 1154246558166, QTAgent32.exe, Playback - [WARNING] Internal warning: process performance counters based WFR - Requested element has invalid HWND
\0
E, 3240, 13, 2013/05/24, 09:47:39.033, 1154246560624, QTAgent32.exe, EnsureValid called via EnsureValid call for same element
E, 3240, 13, 2013/05/24, 09:47:39.034, 1154246562360, QTAgent32.exe, EnsureValid called via EnsureValid call for same element
E, 3240, 13, 2013/05/24, 09:47:39.034, 1154246563382, QTAgent32.exe, EnsureValid called via EnsureValid call for same element
E, 3240, 13, 2013/05/24, 09:47:39.034, 1154246567649, QTAgent32.exe, Window 4130038 not responding. Last Win32 error 0
E, 3240, 13, 2013/05/24, 09:47:39.034, 1154246568849, QTAgent32.exe, GetClassName for handle 4130038 failed
W, 3240, 13, 2013/05/24, 09:47:43.562, 1154311396946, QTAgent32.exe, PERF WARNING: FindTopLevelWindowHelper::FindAllDescendents: took 4527 ms. Expected it to take maximum 500 ms.
W, 3240, 13, 2013/05/24, 09:47:43.687, 1154313191239, QTAgent32.exe, &lt;a class=success&gt;Playback - {250} [SUCCESS] Check - "[MSAA, VisibleOnly]ControlType='CheckBox' &amp;&amp; Name='Defer Printing?'"
\0&lt;/a&gt;
W, 3240, 13, 2013/05/24, 09:47:44.013, 1154317858900, QTAgent32.exe, &lt;a class=success&gt;Playback - {251} [SUCCESS] MouseButtonClick - "[MSAA, VisibleOnly]ControlType='Button' &amp;&amp; Name='Ok'"
\0&lt;/a&gt;
W, 3240, 13, 2013/05/24, 09:47:44.553, 1154325588242, QTAgent32.exe, &lt;a class=success&gt;Playback - {252} [SUCCESS] MouseButtonClick - "[MSAA, VisibleOnly]ControlType='Button' &amp;&amp; Name='OK'"
\0&lt;/a&gt;
W, 3240, 13, 2013/05/24, 09:47:48.823, 1154386737836, QTAgent32.exe, Playback - [WARNING] Internal warning: Window Not Found: [VisibleOnly]ControlType='Window' &amp;&amp; Name='Personal Lines' &amp;&amp; ClassName='#32770'
\0
E, 3240, 13, 2013/05/24, 09:47:48.824, 1154386740040, QTAgent32.exe, &lt;a class=failure&gt;Playback - {253} [FAILED] Function ElementFetcher::FindScreenElement failed to locate UI element (Searching: ;[VisibleOnly]ControlType='Window' &amp;&amp; Name='Personal Lines' &amp;&amp; ClassName='#32770') (The object specified was not found.)
\0&lt;/a&gt;
E, 3240, 13, 2013/05/24, 09:47:48.868, 1154387380881, QTAgent32.exe, Playback - [IMAGE] C:\Users\testuser\AppData\Local\Temp\UITestLogs\LastRun\RPF3910.png
\0
W, 3240, 13, 2013/05/24, 09:47:48.868, 1154387382380, QTAgent32.exe, Playback - [WARNING] Internal warning: Couldn't find descendants that match QueryId
\0
W, 3240, 13, 2013/05/24, 09:47:48.869, 1154387385032, QTAgent32.exe, PERF WARNING: FindTopLevelWindowHelper::FindAllDescendents: took 4215 ms. Expected it to take maximum 500 ms.
W, 3240, 13, 2013/05/24, 09:47:48.998, 1154389241117, QTAgent32.exe, &lt;a class=success&gt;Playback - {254} [SUCCESS] MouseButtonClick - "[MSAA, VisibleOnly]ControlType='Button' &amp;&amp; Name='OK'"
\0&lt;/a&gt;
W, 3240, 13, 2013/05/24, 09:47:49.098, 1154390672985, QTAgent32.exe, Playback - [WARNING] Internal warning: Thread state based WFR - Requested element has invalid HWND
\0
W, 3240, 13, 2013/05/24, 09:47:49.098, 1154390674211, QTAgent32.exe, Playback - [WARNING] Internal warning: process performance counters based WFR - Requested element has invalid HWND
\0
E, 3240, 13, 2013/05/24, 09:47:49.098, 1154390676815, QTAgent32.exe, EnsureValid called via EnsureValid call for same element
E, 3240, 13, 2013/05/24, 09:47:49.099, 1154390678646, QTAgent32.exe, EnsureValid called via EnsureValid call for same element
E, 3240, 13, 2013/05/24, 09:47:49.099, 1154390680086, QTAgent32.exe, EnsureValid called via EnsureValid call for same element
E, 3240, 13, 2013/05/24, 09:47:49.113, 1154390880744, QTAgent32.exe, GetClassName for handle 2425614 failed
E, 3240, 13, 2013/05/24, 09:47:49.114, 1154390895736, QTAgent32.exe, Window 2425614 not responding. Last Win32 error 1400
E, 3240, 13, 2013/05/24, 09:47:49.114, 1154390897579, QTAgent32.exe, GetClassName for handle 2425614 failed
W, 3240, 13, 2013/05/24, 09:47:51.735, 1154428432105, QTAgent32.exe, PERF WARNING: FindTopLevelWindowHelper::FindAllDescendents: took 2621 ms. Expected it to take maximum 500 ms.
W, 3240, 13, 2013/05/24, 09:47:51.872, 1154430393236, QTAgent32.exe, &lt;a class=success&gt;Playback - {255} [SUCCESS] Uncheck - "[MSAA, VisibleOnly]ControlType='CheckBox' &amp;&amp; Name='Add Activity'"
\0&lt;/a&gt;
W, 3240, 13, 2013/05/24, 09:47:52.210, 1154435220185, QTAgent32.exe, &lt;a class=success&gt;Playback - {256} [SUCCESS] MouseButtonClick - "[MSAA, VisibleOnly]ControlType='Button' &amp;&amp; Name='Ok'"
\0&lt;/a&gt;
W, 3240, 13, 2013/05/24, 09:47:54.969, 1154474732952, QTAgent32.exe, PERF WARNING: FindTopLevelWindowHelper::FindAllDescendents: took 2658 ms. Expected it to take maximum 500 ms.
W, 3240, 13, 2013/05/24, 09:47:55.099, 1154476588325, QTAgent32.exe, &lt;a class=success&gt;Playback - {257} [SUCCESS] MouseButtonClick - "[MSAA, VisibleOnly]ControlType='Button' &amp;&amp; Name='Ok'"
\0&lt;/a&gt;
W, 3240, 13, 2013/05/24, 09:47:58.142, 1154520156208, QTAgent32.exe, PERF WARNING: FindTopLevelWindowHelper::FindAllDescendents: took 2941 ms. Expected it to take maximum 500 ms.
W, 3240, 13, 2013/05/24, 09:47:58.351, 1154523148669, QTAgent32.exe, &lt;a class=success&gt;Playback - {258} [SUCCESS] DoSelect - "[MSAA, VisibleOnly]ControlType='List'"
\0&lt;/a&gt;
W, 3240, 13, 2013/05/24, 09:47:58.589, 1154526560628, QTAgent32.exe, &lt;a class=success&gt;Playback - {259} [SUCCESS] MouseButtonClick - "[MSAA, VisibleOnly]ControlType='Button' &amp;&amp; Name='Ok'"
\0&lt;/a&gt;
W, 3240, 13, 2013/05/24, 09:48:01.591, 1154569537833, QTAgent32.exe, PERF WARNING: FindTopLevelWindowHelper::FindAllDescendents: took 2900 ms. Expected it to take maximum 500 ms.
W, 3240, 13, 2013/05/24, 09:48:01.725, 1154571453474, QTAgent32.exe, &lt;a class=success&gt;Playback - {260} [SUCCESS] MouseButtonClick - "[MSAA, VisibleOnly]ControlType='Button' &amp;&amp; Name='OK'"
\0&lt;/a&gt;
W, 3240, 13, 2013/05/24, 09:48:05.103, 1154619834234, QTAgent32.exe, PERF WARNING: FindAllDescendents: took 3277 ms. Expected it to take maximum 500 ms.
W, 3240, 13, 2013/05/24, 09:48:05.920, 1154631518810, QTAgent32.exe, &lt;a class=success&gt;Playback - {261} [SUCCESS] MouseButtonClick - "[MSAA, VisibleOnly]ControlType='Button' &amp;&amp; Name='Exit'"
\0&lt;/a&gt;
W, 3240, 13, 2013/05/24, 09:48:06.317, 1154637205460, QTAgent32.exe, &lt;a class=success&gt;Playback - {262} [SUCCESS] MouseButtonClick - "[MSAA, VisibleOnly]ControlType='Button' &amp;&amp; Name='Yes'"
\0&lt;/a&gt;
W, 3240, 13, 2013/05/24, 09:48:06.635, 1154641768480, QTAgent32.exe, &lt;a class=success&gt;Playback - {263} [SUCCESS] MouseButtonClick - "[MSAA, VisibleOnly]ControlType='Button' &amp;&amp; Name='Cancel'"
\0&lt;/a&gt;
W, 3240, 13, 2013/05/24, 09:48:07.334, 1154651773822, QTAgent32.exe, &lt;a class=success&gt;Playback - {264} [SUCCESS] MouseButtonClick - "[MSAA, VisibleOnly]ControlType='Button'"
\0&lt;/a&gt;
W, 3240, 13, 2013/05/24, 09:48:07.804, 1154658499354, QTAgent32.exe, &lt;a class=success&gt;Playback - {265} [SUCCESS] MouseButtonClick - "[MSAA, VisibleOnly]ControlType='Button' &amp;&amp; Name='Detail'"
\0&lt;/a&gt;
W, 3240, 13, 2013/05/24, 09:48:08.105, 1154662820481, QTAgent32.exe, &lt;a class=success&gt;Playback - {266} [SUCCESS] MouseButtonClick - "[MSAA, VisibleOnly]ControlType='Button' &amp;&amp; Name='Cancel'"
\0&lt;/a&gt;
W, 3240, 13, 2013/05/24, 09:48:10.915, 1154703040407, QTAgent32.exe, IEDOM : StopSession of the plugin called before StartSession
W, 3240, 13, 2013/05/24, 09:48:10.915, 1154703041390, QTAgent32.exe, UIA : StopSession of the plugin called before StartSession
</DebugTrace>
      </Output>
    </UnitTestResult>
    <UnitTestResult executionId="4ae04209-3d9f-445b-8644-3370d7efad72" testId="49954a0c-626b-cfff-45f2-8522f1cf2034" testName="HouseRebrokeRenewNewScheme" computerName="ICDVDEVTM01" duration="00:09:27.4850225" startTime="2013-05-24T09:48:10.9337224+01:00" endTime="2013-05-24T09:57:38.4327856+01:00" testType="13cdc9d9-ddb5-4fa4-a97d-d965ccfc6d4b" outcome="Passed" testListId="8c84fa94-04c1-424b-9868-57a2d4851a1d" relativeResultsDirectory="4ae04209-3d9f-445b-8644-3370d7efad72">
      <Output>
        <DebugTrace>W, 3240, 26, 2013/05/24, 09:48:15.547, 1154769374369, QTAgent32.exe, &lt;a class=success&gt;Playback - {1} [SUCCESS] MouseButtonClick - "[MSAA, VisibleOnly]ControlType='Edit'"
\0&lt;/a&gt;
W, 3240, 26, 2013/05/24, 09:48:15.739, 1154772115468, QTAgent32.exe, &lt;a class=success&gt;Playback - {2} [SUCCESS] SendKeys "[*]" - "[MSAA, VisibleOnly]ControlType='Edit'"
\0&lt;/a&gt;
W, 3240, 26, 2013/05/24, 09:48:16.409, 1154781716651, QTAgent32.exe, &lt;a class=success&gt;Playback - {3} [SUCCESS] MouseButtonClick - "[MSAA, VisibleOnly]ControlType='Button' &amp;&amp; Name='OK'"
\0&lt;/a&gt;
W, 3240, 26, 2013/05/24, 09:48:16.583, 1154784207169, QTAgent32.exe, &lt;a class=success&gt;Playback - {4} [SUCCESS] SendKeys "^{HOME}" - "[MSAA, VisibleOnly]ControlType='Edit'"
\0&lt;/a&gt;
E, 3240, 26, 2013/05/24, 09:48:16.584, 1154784220576, QTAgent32.exe, Msaa.GetFocusedElement: could not find accessible object of foreground window
W, 3240, 26, 2013/05/24, 09:48:16.639, 1154785009150, QTAgent32.exe, &lt;a class=success&gt;Playback - {5} [SUCCESS] SendKeys "^+{END}" - "[MSAA, VisibleOnly]ControlType='Edit'"
\0&lt;/a&gt;
E, 3240, 26, 2013/05/24, 09:48:16.639, 1154785010950, QTAgent32.exe, Msaa.GetFocusedElement: could not find accessible object of foreground window
W, 3240, 26, 2013/05/24, 09:48:16.653, 1154785211790, QTAgent32.exe, &lt;a class=success&gt;Playback - {6} [SUCCESS] SendKeys "{DELETE}" - "[MSAA, VisibleOnly]ControlType='Edit'"
\0&lt;/a&gt;
W, 3240, 26, 2013/05/24, 09:48:16.877, 1154788414119, QTAgent32.exe, &lt;a class=success&gt;Playback - {7} [SUCCESS] SetValueAsEditBox "24/05/2013" - "[MSAA, VisibleOnly]ControlType='Edit'"  &lt; Set via SendKeys &gt;
\0&lt;/a&gt;
W, 3240, 26, 2013/05/24, 09:48:17.161, 1154792469730, QTAgent32.exe, Playback - [WARNING] Internal warning: Incorrect flag set for InvokeProgrammaticAction\0
W, 3240, 26, 2013/05/24, 09:48:17.279, 1154794159949, QTAgent32.exe, &lt;a class=success&gt;Playback - {8} [SUCCESS] SetValueAsComboBox "May" - "[MSAA, VisibleOnly]ControlType='ComboBox'"  &lt; SetValueAsComboBox, set by clicking on the item in the list box &gt;
\0&lt;/a&gt;
W, 3240, 26, 2013/05/24, 09:48:17.441, 1154796487527, QTAgent32.exe, &lt;a class=success&gt;Playback - {9} [SUCCESS] SendKeys "^{HOME}" - "[MSAA, VisibleOnly]ControlType='Edit'"
\0&lt;/a&gt;
E, 3240, 26, 2013/05/24, 09:48:17.441, 1154796490305, QTAgent32.exe, Msaa.GetFocusedElement: could not find accessible object of foreground window
W, 3240, 26, 2013/05/24, 09:48:17.496, 1154797266699, QTAgent32.exe, &lt;a class=success&gt;Playback - {10} [SUCCESS] SendKeys "^+{END}" - "[MSAA, VisibleOnly]ControlType='Edit'"
\0&lt;/a&gt;
E, 3240, 26, 2013/05/24, 09:48:17.496, 1154797268151, QTAgent32.exe, Msaa.GetFocusedElement: could not find accessible object of foreground window
W, 3240, 26, 2013/05/24, 09:48:17.509, 1154797461922, QTAgent32.exe, &lt;a class=success&gt;Playback - {11} [SUCCESS] SendKeys "{DELETE}" - "[MSAA, VisibleOnly]ControlType='Edit'"
\0&lt;/a&gt;
W, 3240, 26, 2013/05/24, 09:48:17.611, 1154798924879, QTAgent32.exe, &lt;a class=success&gt;Playback - {12} [SUCCESS] SetValueAsEditBox "2013" - "[MSAA, VisibleOnly]ControlType='Edit'"  &lt; Set via SendKeys &gt;
\0&lt;/a&gt;
W, 3240, 26, 2013/05/24, 09:48:17.829, 1154802036332, QTAgent32.exe, &lt;a class=success&gt;Playback - {13} [SUCCESS] MouseButtonClick - "[MSAA, VisibleOnly]ControlType='Button' &amp;&amp; Name='OK'"
\0&lt;/a&gt;
W, 3240, 26, 2013/05/24, 09:48:19.009, 1154818937256, QTAgent32.exe, Playback - [WARNING] Internal warning: Window Not Found: [VisibleOnly]ControlType='Window' &amp;&amp; Name='Warning' &amp;&amp; ClassName='#32770'
\0
E, 3240, 26, 2013/05/24, 09:48:19.009, 1154818939686, QTAgent32.exe, &lt;a class=failure&gt;Playback - {14} [FAILED] Function ElementFetcher::FindScreenElement failed to locate UI element (Searching: ;[VisibleOnly]ControlType='Window' &amp;&amp; Name='Warning' &amp;&amp; ClassName='#32770') (The object specified was not found.)
\0&lt;/a&gt;
E, 3240, 26, 2013/05/24, 09:48:19.051, 1154819538130, QTAgent32.exe, Playback - [IMAGE] C:\Users\testuser\AppData\Local\Temp\UITestLogs\LastRun\RPFAEFB.png
\0
W, 3240, 26, 2013/05/24, 09:48:19.051, 1154819539617, QTAgent32.exe, Playback - [WARNING] Internal warning: Couldn't find descendants that match QueryId
\0
W, 3240, 26, 2013/05/24, 09:48:19.051, 1154819542194, QTAgent32.exe, PERF WARNING: FindTopLevelWindowHelper::FindAllDescendents: took 1120 ms. Expected it to take maximum 500 ms.
W, 3240, 26, 2013/05/24, 09:48:37.064, 1155077447710, QTAgent32.exe, Playback - [WARNING] Internal warning: Window Not Found: [VisibleOnly]ControlType='Window' &amp;&amp; Name='Warning' &amp;&amp; ClassName='#32770'
\0
E, 3240, 26, 2013/05/24, 09:48:37.064, 1155077449976, QTAgent32.exe, &lt;a class=failure&gt;Playback - {15} [FAILED] Function ElementFetcher::FindScreenElement failed to locate UI element (Searching: ;[VisibleOnly]ControlType='Window' &amp;&amp; Name='Warning' &amp;&amp; ClassName='#32770') (The object specified was not found.)
\0&lt;/a&gt;
E, 3240, 26, 2013/05/24, 09:48:37.112, 1155078143289, QTAgent32.exe, Playback - [IMAGE] C:\Users\testuser\AppData\Local\Temp\UITestLogs\LastRun\RPFF57E.png
\0
W, 3240, 26, 2013/05/24, 09:48:37.112, 1155078145032, QTAgent32.exe, Playback - [WARNING] Internal warning: Couldn't find descendants that match QueryId
\0
W, 3240, 26, 2013/05/24, 09:48:37.113, 1155078147516, QTAgent32.exe, PERF WARNING: FindTopLevelWindowHelper::FindAllDescendents: took 18061 ms. Expected it to take maximum 500 ms.
W, 3240, 26, 2013/05/24, 09:48:37.553, 1155084452751, QTAgent32.exe, Playback - [WARNING] Internal warning: Smart Match failed
\0
W, 3240, 26, 2013/05/24, 09:48:37.717, 1155086800485, QTAgent32.exe, Playback - [WARNING] Internal warning: Smart Match failed
\0
W, 3240, 26, 2013/05/24, 09:48:37.879, 1155089124150, QTAgent32.exe, Playback - [WARNING] Internal warning: Smart Match failed
\0
W, 3240, 26, 2013/05/24, 09:48:38.040, 1155091424531, QTAgent32.exe, Playback - [WARNING] Internal warning: Smart Match failed
\0
W, 3240, 26, 2013/05/24, 09:48:38.199, 1155093704571, QTAgent32.exe, Playback - [WARNING] Internal warning: Smart Match failed
\0
W, 3240, 26, 2013/05/24, 09:48:38.358, 1155095978440, QTAgent32.exe, Playback - [WARNING] Internal warning: Smart Match failed
\0
W, 3240, 26, 2013/05/24, 09:48:38.518, 1155098271488, QTAgent32.exe, Playback - [WARNING] Internal warning: Smart Match failed
\0
W, 3240, 26, 2013/05/24, 09:48:38.679, 1155100574246, QTAgent32.exe, Playback - [WARNING] Internal warning: Smart Match failed
\0
W, 3240, 26, 2013/05/24, 09:48:38.841, 1155102897318, QTAgent32.exe, Playback - [WARNING] Internal warning: Smart Match failed
\0
W, 3240, 26, 2013/05/24, 09:48:39.014, 1155105376819, QTAgent32.exe, Playback - [WARNING] Internal warning: Smart Match failed
\0
W, 3240, 26, 2013/05/24, 09:48:39.182, 1155107778257, QTAgent32.exe, Playback - [WARNING] Internal warning: Smart Match failed
\0
W, 3240, 26, 2013/05/24, 09:48:39.351, 1155110205785, QTAgent32.exe, Playback - [WARNING] Internal warning: Smart Match failed
\0
W, 3240, 26, 2013/05/24, 09:48:39.523, 1155112660850, QTAgent32.exe, Playback - [WARNING] Internal warning: Smart Match failed
\0
W, 3240, 26, 2013/05/24, 09:48:39.690, 1155115061086, QTAgent32.exe, Playback - [WARNING] Internal warning: Smart Match failed
\0
W, 3240, 26, 2013/05/24, 09:48:39.857, 1155117446730, QTAgent32.exe, Playback - [WARNING] Internal warning: Smart Match failed
\0
W, 3240, 26, 2013/05/24, 09:48:40.024, 1155119838542, QTAgent32.exe, Playback - [WARNING] Internal warning: Smart Match failed
\0
W, 3240, 26, 2013/05/24, 09:48:40.188, 1155122188940, QTAgent32.exe, Playback - [WARNING] Internal warning: Smart Match failed
\0
W, 3240, 26, 2013/05/24, 09:48:40.244, 1155122989101, QTAgent32.exe, Playback - [WARNING] Internal warning: Window Not Found: [VisibleOnly]ControlType='Window' &amp;&amp; Name='Warning' &amp;&amp; ClassName='#32770'
\0
E, 3240, 26, 2013/05/24, 09:48:40.244, 1155122990653, QTAgent32.exe, &lt;a class=failure&gt;Playback - {16} [FAILED] Function ElementFetcher::FindScreenElement failed to locate UI element (Searching: ;[VisibleOnly]ControlType='Window' &amp;&amp; Name='Warning' &amp;&amp; ClassName='#32770') (The object specified was not found.)
\0&lt;/a&gt;
E, 3240, 26, 2013/05/24, 09:48:40.287, 1155123597096, QTAgent32.exe, Playback - [IMAGE] C:\Users\testuser\AppData\Local\Temp\UITestLogs\LastRun\RPF1ED.png
\0
W, 3240, 26, 2013/05/24, 09:48:40.287, 1155123598671, QTAgent32.exe, Playback - [WARNING] Internal warning: Couldn't find descendants that match QueryId
\0
W, 3240, 26, 2013/05/24, 09:48:40.287, 1155123601035, QTAgent32.exe, PERF WARNING: FindTopLevelWindowHelper::FindAllDescendents: took 3174 ms. Expected it to take maximum 500 ms.
E, 3240, 26, 2013/05/24, 09:48:40.287, 1155123602622, QTAgent32.exe, Exception: System.Runtime.InteropServices.COMException
	Message: Error HRESULT E_FAIL has been returned from a call to a COM component.
	Stack Trace:    at Microsoft.VisualStudio.TestTools.UITest.Playback.Engine.IRPFPlayback.FindAllScreenElements(IScreenElement pScreenElementStart, String bstrQueryId, Object&amp; pvarResKeys, Int32 cResKeys, Int32 nMaxDepth, Object[]&amp; foundDescendants)
   at Microsoft.VisualStudio.TestTools.UITest.Playback.ScreenElement.FindTopLevelWindowHelper(String queryId)
	BaseExceptionMessage: Error HRESULT E_FAIL has been returned from a call to a COM component.

E, 3240, 26, 2013/05/24, 09:48:40.403, 1155125271173, QTAgent32.exe, AL: Playback Error: Microsoft.VisualStudio.TestTools.UITest.Extension.UITestControlNotFoundException: The playback failed to find the control with the given search properties. Additional Details: 
TechnologyName:  'MSAA'
ControlType:  'Window'
Name:  'Warning'
ClassName:  '#32770'
 ---&gt; System.Runtime.InteropServices.COMException: Error HRESULT E_FAIL has been returned from a call to a COM component.
   at Microsoft.VisualStudio.TestTools.UITest.Playback.Engine.IRPFPlayback.FindAllScreenElements(IScreenElement pScreenElementStart, String bstrQueryId, Object&amp; pvarResKeys, Int32 cResKeys, Int32 nMaxDepth, Object[]&amp; foundDescendants)
   at Microsoft.VisualStudio.TestTools.UITest.Playback.ScreenElement.FindTopLevelWindowHelper(String queryId)
   at Microsoft.VisualStudio.TestTools.UITest.Playback.ScreenElement.FindFromPartialQueryId(String queryId)
   at Microsoft.VisualStudio.TestTools.UITesting.UITestControl..ctor(String queryId)
   --- End of inner exception stack trace ---
   at Microsoft.VisualStudio.TestTools.UITesting.Playback.MapControlNotFoundException(COMException ex, IPlaybackContext context)
   at Microsoft.VisualStudio.TestTools.UITesting.Playback.MapAndThrowComException(COMException innerException, IPlaybackContext context)
   at Microsoft.VisualStudio.TestTools.UITesting.Playback.MapAndThrowException(SystemException exception, IPlaybackContext context)
   at Microsoft.VisualStudio.TestTools.UITesting.Playback.MapAndThrowException(SystemException exception, String queryId)
   at Microsoft.VisualStudio.TestTools.UITesting.UITestControl..ctor(String queryId)
   at Microsoft.VisualStudio.TestTools.UITesting.SearchHelper.SearchTopLevelWindow(ISearchArgument topLevelSearchArg, String topLevelElementQueryId)
   at Microsoft.VisualStudio.TestTools.UITesting.SearchHelper.GetTitleUpdatedTopLevelWindow(ISearchArgument topLevelSearchArg, String queryId, IList`1 windowTitles)
   at Microsoft.VisualStudio.TestTools.UITesting.SearchHelper.GetTopLevelElement(Boolean useCache, Boolean useCacheOnly, ISearchArgument searchArg, IList`1 windowTitles, Int32&amp; timeLeft)
   at Microsoft.VisualStudio.TestTools.UITesting.SearchHelper.GetElement(Boolean useCache, ISearchArgument searchArg)
   at Microsoft.VisualStudio.TestTools.UITesting.SearchHelper.Search(ISearchArgument searchArg)
   at Microsoft.VisualStudio.TestTools.UITesting.UITestControl.FindInternal()
   at Microsoft.VisualStudio.TestTools.UITesting.UITestControl.FindControlIfNecessary()
   at Microsoft.VisualStudio.TestTools.UITesting.UITestControl.Click(MouseButtons button, ModifierKeys modifierKeys, Point relativeCoordinates)
   at Microsoft.VisualStudio.TestTools.UITesting.Mouse.ClickImplementation(UITestControl control, MouseButtons button, ModifierKeys modifierKeys, Point relativeCoordinate)
   at Microsoft.VisualStudio.TestTools.UITesting.Mouse.ClickImplementationWrapper(UITestControl control, MouseButtons button, ModifierKeys modifierKeys, Point relativeCoordinate)
W, 3240, 26, 2013/05/24, 09:48:40.404, 1155125273159, QTAgent32.exe, PlaybackErrorHandler: Ignoring exception as ContinueOnError is set.
W, 3240, 26, 2013/05/24, 09:48:40.448, 1155125903722, QTAgent32.exe, &lt;a class=success&gt;Playback - {17} [SUCCESS] TypeString "#(R)"
\0&lt;/a&gt;
E, 3240, 26, 2013/05/24, 09:48:41.050, 1155134516624, QTAgent32.exe, Exception: System.ArgumentException
	Message: Value does not fall within the expected range.
	Stack Trace:    at Accessibility.IAccessible.get_accRole(Object varChild)
   at Microsoft.VisualStudio.TestTools.UITest.Extension.Msaa.AccWrapper.get_RoleInt()
	BaseExceptionMessage: Value does not fall within the expected range.

E, 3240, 26, 2013/05/24, 09:48:41.052, 1155134551833, QTAgent32.exe, Exception: System.ArgumentException
	Message: Value does not fall within the expected range.
	Stack Trace:    at Accessibility.IAccessible.get_accRole(Object varChild)
   at Microsoft.VisualStudio.TestTools.UITest.Extension.Msaa.AccWrapper.get_RoleInt()
	BaseExceptionMessage: Value does not fall within the expected range.

W, 3240, 26, 2013/05/24, 09:48:41.279, 1155137799588, QTAgent32.exe, &lt;a class=success&gt;Playback - {18} [SUCCESS] LeftButtonClick  &lt; Mouse cursor location (87, 908) &gt;
\0&lt;/a&gt;
W, 3240, 26, 2013/05/24, 09:48:42.039, 1155148691789, QTAgent32.exe, &lt;a class=success&gt;Playback - {19} [SUCCESS] SetValueAsEditBox "c:\TestProject7\ourmma.reg"  &lt; Set via SendKeys &gt;
\0&lt;/a&gt;
W, 3240, 26, 2013/05/24, 09:48:42.040, 1155148693729, QTAgent32.exe, &lt;a class=success&gt;Playback - {20} [SUCCESS] SetValueAsComboBox "c:\TestProject7\ourmma.reg" - "[MSAA, VisibleOnly]ControlType='ComboBox' &amp;&amp; Name='Open:'"  &lt; Set via SetValueAsEditBox &gt;
\0&lt;/a&gt;
W, 3240, 26, 2013/05/24, 09:48:42.284, 1155152190396, QTAgent32.exe, &lt;a class=success&gt;Playback - {21} [SUCCESS] MouseButtonClick - "[MSAA, VisibleOnly]ControlType='Button' &amp;&amp; Name='OK'"
\0&lt;/a&gt;
W, 3240, 26, 2013/05/24, 09:48:43.001, 1155162456753, QTAgent32.exe, &lt;a class=success&gt;Playback - {22} [SUCCESS] MouseButtonClick - "[MSAA, VisibleOnly]ControlType='Button' &amp;&amp; Name='Yes'"
\0&lt;/a&gt;
W, 3240, 26, 2013/05/24, 09:48:43.296, 1155166688704, QTAgent32.exe, &lt;a class=success&gt;Playback - {23} [SUCCESS] MouseButtonClick - "[MSAA, VisibleOnly]ControlType='Button' &amp;&amp; Name='OK'"
\0&lt;/a&gt;
W, 3240, 26, 2013/05/24, 09:48:43.520, 1155169887317, QTAgent32.exe, &lt;a class=success&gt;Playback - {24} [SUCCESS] MouseButtonClick - "[MSAA, VisibleOnly]ControlType='Button' &amp;&amp; Name='Clients &amp; Files'"
\0&lt;/a&gt;
W, 3240, 26, 2013/05/24, 09:48:44.416, 1155182730647, QTAgent32.exe, PERF WARNING: FindTopLevelWindowHelper::FindAllDescendents: took 796 ms. Expected it to take maximum 500 ms.
W, 3240, 26, 2013/05/24, 09:48:44.658, 1155186181381, QTAgent32.exe, Playback - [WARNING] Internal warning: Incorrect flag set for InvokeProgrammaticAction\0
W, 3240, 26, 2013/05/24, 09:48:44.776, 1155187872811, QTAgent32.exe, &lt;a class=success&gt;Playback - {25} [SUCCESS] SetValueAsComboBox "Customers" - "[MSAA, VisibleOnly]ControlType='ComboBox'"  &lt; SetValueAsComboBox, set by clicking on the item in the list box &gt;
\0&lt;/a&gt;
W, 3240, 26, 2013/05/24, 09:48:45.420, 1155197090962, QTAgent32.exe, &lt;a class=success&gt;Playback - {26} [SUCCESS] MouseButtonClick - "[MSAA, VisibleOnly]ControlType='Button' &amp;&amp; Name='Add'"
\0&lt;/a&gt;
W, 3240, 26, 2013/05/24, 09:48:45.717, 1155201349724, QTAgent32.exe, &lt;a class=success&gt;Playback - {27} [SUCCESS] SendKeys "autotest" - "[MSAA, VisibleOnly]ControlType='RadioButton' &amp;&amp; Name='Personal Lines'"
\0&lt;/a&gt;
W, 3240, 26, 2013/05/24, 09:48:46.068, 1155206372662, QTAgent32.exe, &lt;a class=success&gt;Playback - {28} [SUCCESS] SetValueAsEditBox "autotest" - "[MSAA, VisibleOnly]ControlType='Edit'"  &lt; Set via SendKeys &gt;
\0&lt;/a&gt;
W, 3240, 26, 2013/05/24, 09:48:46.293, 1155209589689, QTAgent32.exe, &lt;a class=success&gt;Playback - {29} [SUCCESS] MouseButtonClick - "[MSAA, VisibleOnly]ControlType='Button' &amp;&amp; Name='OK'"
\0&lt;/a&gt;
W, 3240, 26, 2013/05/24, 09:48:46.595, 1155213922286, QTAgent32.exe, &lt;a class=success&gt;Playback - {30} [SUCCESS] MouseButtonClick - "[MSAA, VisibleOnly]ControlType='Button' &amp;&amp; Name='Yes'"
\0&lt;/a&gt;
W, 3240, 26, 2013/05/24, 09:48:46.839, 1155217416383, QTAgent32.exe, &lt;a class=success&gt;Playback - {31} [SUCCESS] SendKeys "^{HOME}" - "[MSAA, VisibleOnly]ControlType='Edit'"
\0&lt;/a&gt;
E, 3240, 26, 2013/05/24, 09:48:46.839, 1155217418585, QTAgent32.exe, Msaa.GetFocusedElement: could not find accessible object of foreground window
W, 3240, 26, 2013/05/24, 09:48:46.892, 1155218174944, QTAgent32.exe, &lt;a class=success&gt;Playback - {32} [SUCCESS] SendKeys "^+{END}" - "[MSAA, VisibleOnly]ControlType='Edit'"
\0&lt;/a&gt;
E, 3240, 26, 2013/05/24, 09:48:46.892, 1155218176332, QTAgent32.exe, Msaa.GetFocusedElement: could not find accessible object of foreground window
W, 3240, 26, 2013/05/24, 09:48:46.911, 1155218440904, QTAgent32.exe, &lt;a class=success&gt;Playback - {33} [SUCCESS] SendKeys "{DELETE}" - "[MSAA, VisibleOnly]ControlType='Edit'"
\0&lt;/a&gt;
W, 3240, 26, 2013/05/24, 09:48:46.999, 1155219704146, QTAgent32.exe, &lt;a class=success&gt;Playback - {34} [SUCCESS] SetValueAsEditBox "1" - "[MSAA, VisibleOnly]ControlType='Edit'"  &lt; Set via SendKeys &gt;
\0&lt;/a&gt;
W, 3240, 26, 2013/05/24, 09:48:47.175, 1155222227774, QTAgent32.exe, &lt;a class=success&gt;Playback - {35} [SUCCESS] SendKeys "^{HOME}" - "[MSAA, VisibleOnly]ControlType='Edit'"
\0&lt;/a&gt;
E, 3240, 26, 2013/05/24, 09:48:47.175, 1155222229513, QTAgent32.exe, Msaa.GetFocusedElement: could not find accessible object of foreground window
W, 3240, 26, 2013/05/24, 09:48:47.228, 1155222979661, QTAgent32.exe, &lt;a class=success&gt;Playback - {36} [SUCCESS] SendKeys "^+{END}" - "[MSAA, VisibleOnly]ControlType='Edit'"
\0&lt;/a&gt;
E, 3240, 26, 2013/05/24, 09:48:47.228, 1155222981120, QTAgent32.exe, Msaa.GetFocusedElement: could not find accessible object of foreground window
W, 3240, 26, 2013/05/24, 09:48:47.240, 1155223160013, QTAgent32.exe, &lt;a class=success&gt;Playback - {37} [SUCCESS] SendKeys "{DELETE}" - "[MSAA, VisibleOnly]ControlType='Edit'"
\0&lt;/a&gt;
W, 3240, 26, 2013/05/24, 09:48:47.296, 1155223963488, QTAgent32.exe, &lt;a class=success&gt;Playback - {38} [SUCCESS] SetValueAsEditBox "1" - "[MSAA, VisibleOnly]ControlType='Edit'"  &lt; Set via SendKeys &gt;
\0&lt;/a&gt;
W, 3240, 26, 2013/05/24, 09:48:48.902, 1155246950236, QTAgent32.exe, Playback - [WARNING] Internal warning: Target element "[MSAA, VisibleOnly]ControlType='Button' &amp;&amp; Name='OK'" was not found, so all intermediate elements were ignored. An incorrect element that matches target element Id can be found as the result.  Verify that all intermediate elements in QueryId have valid and unique Ids
\0
W, 3240, 26, 2013/05/24, 09:48:49.425, 1155254433003, QTAgent32.exe, PERF WARNING: FindAllDescendents: took 2027 ms. Expected it to take maximum 500 ms.
W, 3240, 26, 2013/05/24, 09:48:49.730, 1155258811276, QTAgent32.exe, &lt;a class=success&gt;Playback - {39} [SUCCESS] MouseButtonClick - "[MSAA, VisibleOnly]ControlType='Button' &amp;&amp; Name='OK'"
\0&lt;/a&gt;
W, 3240, 26, 2013/05/24, 09:48:50.079, 1155263799166, QTAgent32.exe, &lt;a class=success&gt;Playback - {40} [SUCCESS] MouseButtonClick - "[MSAA, VisibleOnly]ControlType='Button'"
\0&lt;/a&gt;
W, 3240, 26, 2013/05/24, 09:48:50.393, 1155268303721, QTAgent32.exe, &lt;a class=success&gt;Playback - {41} [SUCCESS] MouseButtonClick - "[MSAA, VisibleOnly]ControlType='Button' &amp;&amp; Name='Add'"
\0&lt;/a&gt;
W, 3240, 26, 2013/05/24, 09:48:50.727, 1155273087897, QTAgent32.exe, &lt;a class=success&gt;Playback - {42} [SUCCESS] MouseButtonClick - "[MSAA, VisibleOnly]ControlType='Button' &amp;&amp; Name='OK'"
\0&lt;/a&gt;
W, 3240, 26, 2013/05/24, 09:48:52.975, 1155305269841, QTAgent32.exe, &lt;a class=success&gt;Playback - {43} [SUCCESS] MouseButtonClick - "[MSAA, VisibleOnly,Window]ControlType='Window' &amp;&amp; ClassName='ThunderRT6TextBox'"
\0&lt;/a&gt;
W, 3240, 26, 2013/05/24, 09:48:53.250, 1155309204629, QTAgent32.exe, &lt;a class=success&gt;Playback - {44} [SUCCESS] SetValueAsEditBox "HOME" - "[MSAA, VisibleOnly]ControlType='Edit'"  &lt; Set via SendKeys &gt;
\0&lt;/a&gt;
W, 3240, 26, 2013/05/24, 09:48:53.559, 1155313627285, QTAgent32.exe, &lt;a class=success&gt;Playback - {45} [SUCCESS] MouseButtonClick - "[MSAA, VisibleOnly]ControlType='Button' &amp;&amp; Name='OK'"
\0&lt;/a&gt;
W, 3240, 26, 2013/05/24, 09:48:53.790, 1155316934942, QTAgent32.exe, &lt;a class=success&gt;Playback - {46} [SUCCESS] MouseButtonClick - "[MSAA, VisibleOnly]ControlType='Button' &amp;&amp; Name='Options'"
\0&lt;/a&gt;
W, 3240, 26, 2013/05/24, 09:48:53.890, 1155318368377, QTAgent32.exe, FindScreenElementInSinglePass : Attempting to find control in one pass of search. Failures can occur.
W, 3240, 26, 2013/05/24, 09:48:54.040, 1155320513214, QTAgent32.exe, &lt;a class=success&gt;Playback - {47} [SUCCESS] MouseButtonClick - "[MSAA]ControlType='MenuItem' &amp;&amp; Name='Links'"
\0&lt;/a&gt;
W, 3240, 26, 2013/05/24, 09:48:54.140, 1155321948923, QTAgent32.exe, FindScreenElementInSinglePass : Attempting to find control in one pass of search. Failures can occur.
W, 3240, 26, 2013/05/24, 09:48:54.297, 1155324194169, QTAgent32.exe, &lt;a class=success&gt;Playback - {48} [SUCCESS] MouseButtonClick - "[MSAA]ControlType='MenuItem' &amp;&amp; Name='3rd Party Integration'"
\0&lt;/a&gt;
W, 3240, 26, 2013/05/24, 09:48:54.397, 1155325629404, QTAgent32.exe, FindScreenElementInSinglePass : Attempting to find control in one pass of search. Failures can occur.
W, 3240, 26, 2013/05/24, 09:48:54.548, 1155327793925, QTAgent32.exe, &lt;a class=success&gt;Playback - {49} [SUCCESS] MouseButtonClick - "[MSAA]ControlType='MenuItem' &amp;&amp; Name='Quote Select List'"
\0&lt;/a&gt;
W, 3240, 26, 2013/05/24, 09:48:55.909, 1155347285762, QTAgent32.exe, PERF WARNING: FindTopLevelWindowHelper::FindAllDescendents: took 1259 ms. Expected it to take maximum 500 ms.
W, 3240, 26, 2013/05/24, 09:48:56.052, 1155349331631, QTAgent32.exe, &lt;a class=success&gt;Playback - {50} [SUCCESS] MouseButtonClick - "[MSAA, VisibleOnly]ControlType='Button' &amp;&amp; Name='Ok'"
\0&lt;/a&gt;
W, 3240, 26, 2013/05/24, 09:48:58.596, 1155385746430, QTAgent32.exe, PERF WARNING: FindTopLevelWindowHelper::FindAllDescendents: took 2443 ms. Expected it to take maximum 500 ms.
W, 3240, 26, 2013/05/24, 09:48:58.862, 1155389556812, QTAgent32.exe, &lt;a class=success&gt;Playback - {51} [SUCCESS] SendKeys "^{HOME}" - "[MSAA, VisibleOnly]ControlType='Edit'"
\0&lt;/a&gt;
E, 3240, 26, 2013/05/24, 09:48:58.862, 1155389558661, QTAgent32.exe, Msaa.GetFocusedElement: could not find accessible object of foreground window
W, 3240, 26, 2013/05/24, 09:48:58.916, 1155390330359, QTAgent32.exe, &lt;a class=success&gt;Playback - {52} [SUCCESS] SendKeys "^+{END}" - "[MSAA, VisibleOnly]ControlType='Edit'"
\0&lt;/a&gt;
E, 3240, 26, 2013/05/24, 09:48:58.916, 1155390331928, QTAgent32.exe, Msaa.GetFocusedElement: could not find accessible object of foreground window
W, 3240, 26, 2013/05/24, 09:48:58.930, 1155390531293, QTAgent32.exe, &lt;a class=success&gt;Playback - {53} [SUCCESS] SendKeys "{DELETE}" - "[MSAA, VisibleOnly]ControlType='Edit'"
\0&lt;/a&gt;
W, 3240, 26, 2013/05/24, 09:48:59.133, 1155393441065, QTAgent32.exe, &lt;a class=success&gt;Playback - {54} [SUCCESS] SetValueAsEditBox "31/05/13" - "[MSAA, VisibleOnly]ControlType='Edit'"  &lt; Set via SendKeys &gt;
\0&lt;/a&gt;
W, 3240, 26, 2013/05/24, 09:48:59.434, 1155397759570, QTAgent32.exe, &lt;a class=success&gt;Playback - {55} [SUCCESS] SetValueAsEditBox "test1" - "[MSAA, VisibleOnly]ControlType='Edit'"  &lt; Set via SendKeys &gt;
\0&lt;/a&gt;
W, 3240, 26, 2013/05/24, 09:48:59.708, 1155401682774, QTAgent32.exe, &lt;a class=success&gt;Playback - {56} [SUCCESS] SetValueAsEditBox "test" - "[MSAA, VisibleOnly]ControlType='Edit'"  &lt; Set via SendKeys &gt;
\0&lt;/a&gt;
W, 3240, 26, 2013/05/24, 09:48:59.890, 1155404277273, QTAgent32.exe, &lt;a class=success&gt;Playback - {57} [SUCCESS] SendKeys "^{HOME}" - "[MSAA, VisibleOnly]ControlType='Edit'"
\0&lt;/a&gt;
E, 3240, 26, 2013/05/24, 09:48:59.890, 1155404279158, QTAgent32.exe, Msaa.GetFocusedElement: could not find accessible object of foreground window
W, 3240, 26, 2013/05/24, 09:48:59.943, 1155405038134, QTAgent32.exe, &lt;a class=success&gt;Playback - {58} [SUCCESS] SendKeys "^+{END}" - "[MSAA, VisibleOnly]ControlType='Edit'"
\0&lt;/a&gt;
E, 3240, 26, 2013/05/24, 09:48:59.943, 1155405039916, QTAgent32.exe, Msaa.GetFocusedElement: could not find accessible object of foreground window
W, 3240, 26, 2013/05/24, 09:48:59.955, 1155405216007, QTAgent32.exe, &lt;a class=success&gt;Playback - {59} [SUCCESS] SendKeys "{DELETE}" - "[MSAA, VisibleOnly]ControlType='Edit'"
\0&lt;/a&gt;
W, 3240, 26, 2013/05/24, 09:49:00.081, 1155407016085, QTAgent32.exe, &lt;a class=success&gt;Playback - {60} [SUCCESS] SetValueAsEditBox "test" - "[MSAA, VisibleOnly]ControlType='Edit'"  &lt; Set via SendKeys &gt;
\0&lt;/a&gt;
W, 3240, 26, 2013/05/24, 09:49:00.404, 1155411635402, QTAgent32.exe, Playback - [WARNING] Internal warning: Incorrect flag set for InvokeProgrammaticAction\0
W, 3240, 26, 2013/05/24, 09:49:00.522, 1155413327461, QTAgent32.exe, &lt;a class=success&gt;Playback - {61} [SUCCESS] SetValueAsComboBox "Account Director" - "[MSAA, VisibleOnly]ControlType='ComboBox'"  &lt; SetValueAsComboBox, set by clicking on the item in the list box &gt;
\0&lt;/a&gt;
W, 3240, 26, 2013/05/24, 09:49:00.846, 1155417965056, QTAgent32.exe, Playback - [WARNING] Internal warning: Incorrect flag set for InvokeProgrammaticAction\0
W, 3240, 26, 2013/05/24, 09:49:00.965, 1155419664909, QTAgent32.exe, &lt;a class=success&gt;Playback - {62} [SUCCESS] SetValueAsComboBox "Advertising" - "[MSAA, VisibleOnly]ControlType='ComboBox'"  &lt; SetValueAsComboBox, set by clicking on the item in the list box &gt;
\0&lt;/a&gt;
W, 3240, 26, 2013/05/24, 09:49:01.275, 1155424115289, QTAgent32.exe, &lt;a class=success&gt;Playback - {63} [SUCCESS] SetValueAsEditBox "160589" - "[MSAA, VisibleOnly]ControlType='Edit'"  &lt; Set via SendKeys &gt;
\0&lt;/a&gt;
W, 3240, 26, 2013/05/24, 09:49:01.498, 1155427307492, QTAgent32.exe, &lt;a class=success&gt;Playback - {64} [SUCCESS] MouseButtonClick - "[MSAA, VisibleOnly]ControlType='Edit'"
\0&lt;/a&gt;
W, 3240, 26, 2013/05/24, 09:49:01.799, 1155431618856, QTAgent32.exe, &lt;a class=success&gt;Playback - {65} [SUCCESS] SetValueAsEditBox "BN16BN" - "[MSAA, VisibleOnly]ControlType='Edit'"  &lt; Set via SendKeys &gt;
\0&lt;/a&gt;
W, 3240, 26, 2013/05/24, 09:49:04.035, 1155463627538, QTAgent32.exe, &lt;a class=success&gt;Playback - {66} [SUCCESS] MouseButtonClick - "[MSAA, VisibleOnly]ControlType='Button' &amp;&amp; Name='Lookup...'"
\0&lt;/a&gt;
W, 3240, 26, 2013/05/24, 09:49:04.292, 1155467308973, QTAgent32.exe, &lt;a class=success&gt;Playback - {67} [SUCCESS] MouseButtonClick - "[MSAA, VisibleOnly]ControlType='Button' &amp;&amp; Name='Ok'"
\0&lt;/a&gt;
W, 3240, 26, 2013/05/24, 09:49:04.518, 1155470541873, QTAgent32.exe, &lt;a class=success&gt;Playback - {68} [SUCCESS] MouseButtonClick - "[MSAA, VisibleOnly]ControlType='Button' &amp;&amp; Name='Next &gt;'"
\0&lt;/a&gt;
W, 3240, 26, 2013/05/24, 09:49:04.847, 1155475251468, QTAgent32.exe, &lt;a class=success&gt;Playback - {69} [SUCCESS] SetValueAsEditBox "1989" - "[MSAA, VisibleOnly]ControlType='Edit'"  &lt; Set via SendKeys &gt;
\0&lt;/a&gt;
W, 3240, 26, 2013/05/24, 09:49:05.121, 1155479172078, QTAgent32.exe, &lt;a class=success&gt;Playback - {70} [SUCCESS] MouseButtonClick - "[MSAA, VisibleOnly]ControlType='Button' &amp;&amp; Name='Next &gt;'"
\0&lt;/a&gt;
W, 3240, 26, 2013/05/24, 09:49:05.344, 1155482364394, QTAgent32.exe, &lt;a class=success&gt;Playback - {71} [SUCCESS] MouseButtonClick - "[MSAA, VisibleOnly]ControlType='Button' &amp;&amp; Name='Next &gt;'"
\0&lt;/a&gt;
W, 3240, 26, 2013/05/24, 09:49:05.580, 1155485748785, QTAgent32.exe, &lt;a class=success&gt;Playback - {72} [SUCCESS] MouseButtonClick - "[MSAA, VisibleOnly]ControlType='Button' &amp;&amp; Name='Next &gt;'"
\0&lt;/a&gt;
W, 3240, 26, 2013/05/24, 09:49:05.894, 1155490246221, QTAgent32.exe, &lt;a class=success&gt;Playback - {73} [SUCCESS] SetValueAsEditBox "2345" - "[MSAA, VisibleOnly]ControlType='Edit'"  &lt; Set via SendKeys &gt;
\0&lt;/a&gt;
W, 3240, 26, 2013/05/24, 09:49:06.229, 1155495042371, QTAgent32.exe, &lt;a class=success&gt;Playback - {74} [SUCCESS] SetValueAsEditBox "2000" - "[MSAA, VisibleOnly]ControlType='Edit'"  &lt; Set via SendKeys &gt;
\0&lt;/a&gt;
W, 3240, 26, 2013/05/24, 09:49:06.550, 1155499638695, QTAgent32.exe, &lt;a class=success&gt;Playback - {75} [SUCCESS] SetValueAsEditBox "2000" - "[MSAA, VisibleOnly]ControlType='Edit'"  &lt; Set via SendKeys &gt;
\0&lt;/a&gt;
W, 3240, 26, 2013/05/24, 09:49:06.776, 1155502877269, QTAgent32.exe, &lt;a class=success&gt;Playback - {76} [SUCCESS] MouseButtonClick - "[MSAA, VisibleOnly]ControlType='Button' &amp;&amp; Name='Next &gt;'"
\0&lt;/a&gt;
W, 3240, 26, 2013/05/24, 09:49:07.094, 1155507428522, QTAgent32.exe, &lt;a class=success&gt;Playback - {77} [SUCCESS] SetValueAsEditBox "2345" - "[MSAA, VisibleOnly]ControlType='Edit'"  &lt; Set via SendKeys &gt;
\0&lt;/a&gt;
W, 3240, 26, 2013/05/24, 09:49:07.332, 1155510831408, QTAgent32.exe, &lt;a class=success&gt;Playback - {78} [SUCCESS] MouseButtonClick - "[MSAA, VisibleOnly]ControlType='Button' &amp;&amp; Name='Next &gt;'"
\0&lt;/a&gt;
W, 3240, 26, 2013/05/24, 09:49:07.572, 1155514276983, QTAgent32.exe, &lt;a class=success&gt;Playback - {79} [SUCCESS] MouseButtonClick - "[MSAA, VisibleOnly]ControlType='Button' &amp;&amp; Name='Next &gt;'"
\0&lt;/a&gt;
W, 3240, 26, 2013/05/24, 09:49:07.905, 1155519038738, QTAgent32.exe, &lt;a class=success&gt;Playback - {80} [SUCCESS] MouseButtonClick - "[MSAA, VisibleOnly]ControlType='Button' &amp;&amp; Name='Quote'"
\0&lt;/a&gt;
W, 3240, 26, 2013/05/24, 09:49:08.154, 1155522613482, QTAgent32.exe, &lt;a class=success&gt;Playback - {81} [SUCCESS] MouseButtonClick - "[MSAA, VisibleOnly]ControlType='Button' &amp;&amp; Name='No'"
\0&lt;/a&gt;
W, 3240, 26, 2013/05/24, 09:49:08.407, 1155526225252, QTAgent32.exe, &lt;a class=success&gt;Playback - {82} [SUCCESS] MouseButtonClick - "[MSAA, VisibleOnly]ControlType='Button' &amp;&amp; Name='Ok'"
\0&lt;/a&gt;
W, 3240, 26, 2013/05/24, 09:49:11.860, 1155575675769, QTAgent32.exe, PERF WARNING: FindTopLevelWindowHelper::FindAllDescendents: took 3353 ms. Expected it to take maximum 500 ms.
W, 3240, 26, 2013/05/24, 09:49:11.991, 1155577544331, QTAgent32.exe, &lt;a class=success&gt;Playback - {83} [SUCCESS] MouseButtonClick - "[MSAA, VisibleOnly]ControlType='Client'"
\0&lt;/a&gt;
W, 3240, 26, 2013/05/24, 09:49:13.505, 1155599226548, QTAgent32.exe, &lt;a class=success&gt;Playback - {84} [SUCCESS] SendKeys "{Home}" - "[MSAA, VisibleOnly]ControlType='Client'"
\0&lt;/a&gt;
W, 3240, 26, 2013/05/24, 09:49:14.062, 1155607197899, QTAgent32.exe, &lt;a class=success&gt;Playback - {85} [SUCCESS] MouseButtonClick - "[MSAA, VisibleOnly]ControlType='Button' &amp;&amp; Name='Accept'"
\0&lt;/a&gt;
W, 3240, 26, 2013/05/24, 09:49:14.332, 1155611064518, QTAgent32.exe, &lt;a class=success&gt;Playback - {86} [SUCCESS] MouseButtonClick - "[MSAA, VisibleOnly]ControlType='Button' &amp;&amp; Name='Yes'"
\0&lt;/a&gt;
W, 3240, 26, 2013/05/24, 09:49:16.567, 1155643062277, QTAgent32.exe, &lt;a class=success&gt;Playback - {87} [SUCCESS] MouseButtonClick - "[MSAA, VisibleOnly]ControlType='Button' &amp;&amp; Name='Ok'"
\0&lt;/a&gt;
W, 3240, 26, 2013/05/24, 09:49:26.347, 1155783098762, QTAgent32.exe, Playback - [WARNING] Internal warning: Window Not Found: [VisibleOnly]ControlType='Window' &amp;&amp; Name='Save the file as' &amp;&amp; ClassName='#32770'
\0
E, 3240, 26, 2013/05/24, 09:49:26.347, 1155783101219, QTAgent32.exe, &lt;a class=failure&gt;Playback - {88} [FAILED] Function ElementFetcher::FindScreenElement failed to locate UI element (Searching: ;[VisibleOnly]ControlType='Window' &amp;&amp; Name='Save the file as' &amp;&amp; ClassName='#32770') (The object specified was not found.)
\0&lt;/a&gt;
E, 3240, 26, 2013/05/24, 09:49:26.400, 1155783856857, QTAgent32.exe, Playback - [IMAGE] C:\Users\testuser\AppData\Local\Temp\UITestLogs\LastRun\RPFB600.png
\0
W, 3240, 26, 2013/05/24, 09:49:26.400, 1155783858533, QTAgent32.exe, Playback - [WARNING] Internal warning: Couldn't find descendants that match QueryId
\0
W, 3240, 26, 2013/05/24, 09:49:26.400, 1155783861043, QTAgent32.exe, PERF WARNING: FindTopLevelWindowHelper::FindAllDescendents: took 9723 ms. Expected it to take maximum 500 ms.
W, 3240, 26, 2013/05/24, 09:49:45.244, 1156053660598, QTAgent32.exe, Playback - [WARNING] Internal warning: Window Not Found: [VisibleOnly]ControlType='Window' &amp;&amp; Name='Save the file as' &amp;&amp; ClassName='#32770'
\0
E, 3240, 26, 2013/05/24, 09:49:45.244, 1156053663012, QTAgent32.exe, &lt;a class=failure&gt;Playback - {89} [FAILED] Function ElementFetcher::FindScreenElement failed to locate UI element (Searching: ;[VisibleOnly]ControlType='Window' &amp;&amp; Name='Save the file as' &amp;&amp; ClassName='#32770') (The object specified was not found.)
\0&lt;/a&gt;
E, 3240, 26, 2013/05/24, 09:49:45.292, 1156054348425, QTAgent32.exe, Playback - [IMAGE] C:\Users\testuser\AppData\Local\Temp\UITestLogs\LastRun\RPFFFDD.png
\0
W, 3240, 26, 2013/05/24, 09:49:45.292, 1156054349954, QTAgent32.exe, Playback - [WARNING] Internal warning: Couldn't find descendants that match QueryId
\0
W, 3240, 26, 2013/05/24, 09:49:45.292, 1156054352388, QTAgent32.exe, PERF WARNING: FindTopLevelWindowHelper::FindAllDescendents: took 18891 ms. Expected it to take maximum 500 ms.
W, 3240, 26, 2013/05/24, 09:49:48.603, 1156101755425, QTAgent32.exe, Playback - [WARNING] Internal warning: Smart Match failed
\0
W, 3240, 26, 2013/05/24, 09:49:50.022, 1156122081501, QTAgent32.exe, Playback - [WARNING] Internal warning: Window Not Found: [VisibleOnly]ControlType='Window' &amp;&amp; Name='Save the file as' &amp;&amp; ClassName='#32770'
\0
E, 3240, 26, 2013/05/24, 09:49:50.022, 1156122083735, QTAgent32.exe, &lt;a class=failure&gt;Playback - {90} [FAILED] Function ElementFetcher::FindScreenElement failed to locate UI element (Searching: ;[VisibleOnly]ControlType='Window' &amp;&amp; Name='Save the file as' &amp;&amp; ClassName='#32770') (The object specified was not found.)
\0&lt;/a&gt;
E, 3240, 26, 2013/05/24, 09:49:50.065, 1156122696096, QTAgent32.exe, Playback - [IMAGE] C:\Users\testuser\AppData\Local\Temp\UITestLogs\LastRun\RPF1283.png
\0
W, 3240, 26, 2013/05/24, 09:49:50.065, 1156122697598, QTAgent32.exe, Playback - [WARNING] Internal warning: Couldn't find descendants that match QueryId
\0
W, 3240, 26, 2013/05/24, 09:49:50.065, 1156122700055, QTAgent32.exe, PERF WARNING: FindTopLevelWindowHelper::FindAllDescendents: took 4773 ms. Expected it to take maximum 500 ms.
E, 3240, 26, 2013/05/24, 09:49:50.065, 1156122701633, QTAgent32.exe, Exception: System.Runtime.InteropServices.COMException
	Message: Error HRESULT E_FAIL has been returned from a call to a COM component.
	Stack Trace:    at Microsoft.VisualStudio.TestTools.UITest.Playback.Engine.IRPFPlayback.FindAllScreenElements(IScreenElement pScreenElementStart, String bstrQueryId, Object&amp; pvarResKeys, Int32 cResKeys, Int32 nMaxDepth, Object[]&amp; foundDescendants)
   at Microsoft.VisualStudio.TestTools.UITest.Playback.ScreenElement.FindTopLevelWindowHelper(String queryId)
	BaseExceptionMessage: Error HRESULT E_FAIL has been returned from a call to a COM component.

E, 3240, 26, 2013/05/24, 09:49:50.166, 1156124140870, QTAgent32.exe, AL: Playback Error: Microsoft.VisualStudio.TestTools.UITest.Extension.UITestControlNotFoundException: The playback failed to find the control with the given search properties. Additional Details: 
TechnologyName:  'MSAA'
ControlType:  'Window'
Name:  'Save the file as'
ClassName:  '#32770'
 ---&gt; System.Runtime.InteropServices.COMException: Error HRESULT E_FAIL has been returned from a call to a COM component.
   at Microsoft.VisualStudio.TestTools.UITest.Playback.Engine.IRPFPlayback.FindAllScreenElements(IScreenElement pScreenElementStart, String bstrQueryId, Object&amp; pvarResKeys, Int32 cResKeys, Int32 nMaxDepth, Object[]&amp; foundDescendants)
   at Microsoft.VisualStudio.TestTools.UITest.Playback.ScreenElement.FindTopLevelWindowHelper(String queryId)
   at Microsoft.VisualStudio.TestTools.UITest.Playback.ScreenElement.FindFromPartialQueryId(String queryId)
   at Microsoft.VisualStudio.TestTools.UITesting.UITestControl..ctor(String queryId)
   --- End of inner exception stack trace ---
   at Microsoft.VisualStudio.TestTools.UITesting.Playback.MapControlNotFoundException(COMException ex, IPlaybackContext context)
   at Microsoft.VisualStudio.TestTools.UITesting.Playback.MapAndThrowComException(COMException innerException, IPlaybackContext context)
   at Microsoft.VisualStudio.TestTools.UITesting.Playback.MapAndThrowException(SystemException exception, IPlaybackContext context)
   at Microsoft.VisualStudio.TestTools.UITesting.Playback.MapAndThrowException(SystemException exception, String queryId)
   at Microsoft.VisualStudio.TestTools.UITesting.UITestControl..ctor(String queryId)
   at Microsoft.VisualStudio.TestTools.UITesting.SearchHelper.SearchTopLevelWindow(ISearchArgument topLevelSearchArg, String topLevelElementQueryId)
   at Microsoft.VisualStudio.TestTools.UITesting.SearchHelper.GetTitleUpdatedTopLevelWindow(ISearchArgument topLevelSearchArg, String queryId, IList`1 windowTitles)
   at Microsoft.VisualStudio.TestTools.UITesting.SearchHelper.GetTopLevelElement(Boolean useCache, Boolean useCacheOnly, ISearchArgument searchArg, IList`1 windowTitles, Int32&amp; timeLeft)
   at Microsoft.VisualStudio.TestTools.UITesting.SearchHelper.GetElement(Boolean useCache, ISearchArgument searchArg)
   at Microsoft.VisualStudio.TestTools.UITesting.SearchHelper.Search(ISearchArgument searchArg)
   at Microsoft.VisualStudio.TestTools.UITesting.UITestControl.FindInternal()
   at Microsoft.VisualStudio.TestTools.UITesting.UITestControl.FindControlIfNecessary()
   at Microsoft.VisualStudio.TestTools.UITesting.UITestControl.Click(MouseButtons button, ModifierKeys modifierKeys, Point relativeCoordinates)
   at Microsoft.VisualStudio.TestTools.UITesting.Mouse.ClickImplementation(UITestControl control, MouseButtons button, ModifierKeys modifierKeys, Point relativeCoordinate)
   at Microsoft.VisualStudio.TestTools.UITesting.Mouse.ClickImplementationWrapper(UITestControl control, MouseButtons button, ModifierKeys modifierKeys, Point relativeCoordinate)
W, 3240, 26, 2013/05/24, 09:49:50.166, 1156124143267, QTAgent32.exe, PlaybackErrorHandler: Ignoring exception as ContinueOnError is set.
W, 3240, 26, 2013/05/24, 09:49:59.586, 1156259016248, QTAgent32.exe, Playback - [WARNING] Internal warning: Window Not Found: [VisibleOnly]ControlType='Window' &amp;&amp; Name='Personal Lines' &amp;&amp; ClassName='#32770'
\0
E, 3240, 26, 2013/05/24, 09:49:59.586, 1156259018770, QTAgent32.exe, &lt;a class=failure&gt;Playback - {91} [FAILED] Function ElementFetcher::FindScreenElement failed to locate UI element (Searching: ;[VisibleOnly]ControlType='Window' &amp;&amp; Name='Personal Lines' &amp;&amp; ClassName='#32770') (The object specified was not found.)
\0&lt;/a&gt;
E, 3240, 26, 2013/05/24, 09:49:59.628, 1156259623872, QTAgent32.exe, Playback - [IMAGE] C:\Users\testuser\AppData\Local\Temp\UITestLogs\LastRun\RPF37DF.png
\0
W, 3240, 26, 2013/05/24, 09:49:59.629, 1156259625410, QTAgent32.exe, Playback - [WARNING] Internal warning: Couldn't find descendants that match QueryId
\0
W, 3240, 26, 2013/05/24, 09:49:59.629, 1156259628107, QTAgent32.exe, PERF WARNING: FindTopLevelWindowHelper::FindAllDescendents: took 9462 ms. Expected it to take maximum 500 ms.
W, 3240, 26, 2013/05/24, 09:50:18.572, 1156530867244, QTAgent32.exe, Playback - [WARNING] Internal warning: Window Not Found: [VisibleOnly]ControlType='Window' &amp;&amp; Name='Personal Lines' &amp;&amp; ClassName='#32770'
\0
E, 3240, 26, 2013/05/24, 09:50:18.572, 1156530869542, QTAgent32.exe, &lt;a class=failure&gt;Playback - {92} [FAILED] Function ElementFetcher::FindScreenElement failed to locate UI element (Searching: ;[VisibleOnly]ControlType='Window' &amp;&amp; Name='Personal Lines' &amp;&amp; ClassName='#32770') (The object specified was not found.)
\0&lt;/a&gt;
E, 3240, 26, 2013/05/24, 09:50:18.620, 1156531555819, QTAgent32.exe, Playback - [IMAGE] C:\Users\testuser\AppData\Local\Temp\UITestLogs\LastRun\RPF8209.png
\0
W, 3240, 26, 2013/05/24, 09:50:18.620, 1156531557278, QTAgent32.exe, Playback - [WARNING] Internal warning: Couldn't find descendants that match QueryId
\0
W, 3240, 26, 2013/05/24, 09:50:18.620, 1156531559740, QTAgent32.exe, PERF WARNING: FindTopLevelWindowHelper::FindAllDescendents: took 18991 ms. Expected it to take maximum 500 ms.
W, 3240, 26, 2013/05/24, 09:50:21.897, 1156578468261, QTAgent32.exe, Playback - [WARNING] Internal warning: Smart Match failed
\0
W, 3240, 26, 2013/05/24, 09:50:23.315, 1156598772966, QTAgent32.exe, Playback - [WARNING] Internal warning: Window Not Found: [VisibleOnly]ControlType='Window' &amp;&amp; Name='Personal Lines' &amp;&amp; ClassName='#32770'
\0
E, 3240, 26, 2013/05/24, 09:50:23.315, 1156598775242, QTAgent32.exe, &lt;a class=failure&gt;Playback - {93} [FAILED] Function ElementFetcher::FindScreenElement failed to locate UI element (Searching: ;[VisibleOnly]ControlType='Window' &amp;&amp; Name='Personal Lines' &amp;&amp; ClassName='#32770') (The object specified was not found.)
\0&lt;/a&gt;
E, 3240, 26, 2013/05/24, 09:50:23.358, 1156599380805, QTAgent32.exe, Playback - [IMAGE] C:\Users\testuser\AppData\Local\Temp\UITestLogs\LastRun\RPF9491.png
\0
W, 3240, 26, 2013/05/24, 09:50:23.358, 1156599382350, QTAgent32.exe, Playback - [WARNING] Internal warning: Couldn't find descendants that match QueryId
\0
W, 3240, 26, 2013/05/24, 09:50:23.358, 1156599384701, QTAgent32.exe, PERF WARNING: FindTopLevelWindowHelper::FindAllDescendents: took 4736 ms. Expected it to take maximum 500 ms.
E, 3240, 26, 2013/05/24, 09:50:23.358, 1156599386315, QTAgent32.exe, Exception: System.Runtime.InteropServices.COMException
	Message: Error HRESULT E_FAIL has been returned from a call to a COM component.
	Stack Trace:    at Microsoft.VisualStudio.TestTools.UITest.Playback.Engine.IRPFPlayback.FindAllScreenElements(IScreenElement pScreenElementStart, String bstrQueryId, Object&amp; pvarResKeys, Int32 cResKeys, Int32 nMaxDepth, Object[]&amp; foundDescendants)
   at Microsoft.VisualStudio.TestTools.UITest.Playback.ScreenElement.FindTopLevelWindowHelper(String queryId)
	BaseExceptionMessage: Error HRESULT E_FAIL has been returned from a call to a COM component.

E, 3240, 26, 2013/05/24, 09:50:23.358, 1156599388994, QTAgent32.exe, Window 722804 not responding. Last Win32 error 0
E, 3240, 26, 2013/05/24, 09:50:23.358, 1156599389891, QTAgent32.exe, GetClassName for handle 722804 failed
E, 3240, 26, 2013/05/24, 09:50:23.458, 1156600822674, QTAgent32.exe, AL: Playback Error: Microsoft.VisualStudio.TestTools.UITest.Extension.UITestControlNotAvailableException: The control is not available or not valid. Additional Details: 
TechnologyName:  'MSAA'
Name:  'Personal Lines'
ClassName:  '#32770'
ControlType:  'Window'
 ---&gt; System.Runtime.InteropServices.COMException: Error HRESULT E_FAIL has been returned from a call to a COM component.
   at Microsoft.VisualStudio.TestTools.UITest.Playback.Engine.IRPFPlayback.FindAllScreenElements(IScreenElement pScreenElementStart, String bstrQueryId, Object&amp; pvarResKeys, Int32 cResKeys, Int32 nMaxDepth, Object[]&amp; foundDescendants)
   at Microsoft.VisualStudio.TestTools.UITest.Playback.ScreenElement.FindTopLevelWindowHelper(String queryId)
   at Microsoft.VisualStudio.TestTools.UITest.Playback.ScreenElement.FindFromPartialQueryId(String queryId)
   at Microsoft.VisualStudio.TestTools.UITesting.UITestControl.EnsureValid(Boolean waitForReady, Boolean refetch)
   --- End of inner exception stack trace ---
   at Microsoft.VisualStudio.TestTools.UITesting.UITestControl.EnsureValid(Boolean waitForReady, Boolean refetch)
   at Microsoft.VisualStudio.TestTools.UITesting.UITestControl.FindFirstDescendant(String queryId, Int32 maxDepth, Int32&amp; timeLeft)
   at Microsoft.VisualStudio.TestTools.UITesting.SearchHelper.GetElement(Boolean useCache, ISearchArgument searchArg)
   at Microsoft.VisualStudio.TestTools.UITesting.SearchHelper.Search(ISearchArgument searchArg)
   at Microsoft.VisualStudio.TestTools.UITesting.UITestControl.FindInternal()
   at Microsoft.VisualStudio.TestTools.UITesting.UITestControl.FindControlIfNecessary()
   at Microsoft.VisualStudio.TestTools.UITesting.UITestControl.Click(MouseButtons button, ModifierKeys modifierKeys, Point relativeCoordinates)
   at Microsoft.VisualStudio.TestTools.UITesting.Mouse.ClickImplementation(UITestControl control, MouseButtons button, ModifierKeys modifierKeys, Point relativeCoordinate)
   at Microsoft.VisualStudio.TestTools.UITesting.Mouse.ClickImplementationWrapper(UITestControl control, MouseButtons button, ModifierKeys modifierKeys, Point relativeCoordinate)
W, 3240, 26, 2013/05/24, 09:50:23.458, 1156600824153, QTAgent32.exe, PlaybackErrorHandler: Ignoring exception as ContinueOnError is set.
W, 3240, 26, 2013/05/24, 09:50:23.670, 1156603850375, QTAgent32.exe, &lt;a class=success&gt;Playback - {94} [SUCCESS] MouseButtonClick - "[MSAA, VisibleOnly]ControlType='Button' &amp;&amp; Name='Ok'"
\0&lt;/a&gt;
W, 3240, 26, 2013/05/24, 09:50:23.921, 1156607453918, QTAgent32.exe, &lt;a class=success&gt;Playback - {95} [SUCCESS] MouseButtonClick - "[MSAA, VisibleOnly]ControlType='Button' &amp;&amp; Name='Ok'"
\0&lt;/a&gt;
W, 3240, 26, 2013/05/24, 09:50:24.285, 1156612660817, QTAgent32.exe, &lt;a class=success&gt;Playback - {96} [SUCCESS] SetValueAsEditBox "B338TH" - "[MSAA, VisibleOnly]ControlType='Edit'"  &lt; Set via SendKeys &gt;
\0&lt;/a&gt;
W, 3240, 26, 2013/05/24, 09:50:26.509, 1156644504862, QTAgent32.exe, &lt;a class=success&gt;Playback - {97} [SUCCESS] MouseButtonClick - "[MSAA, VisibleOnly]ControlType='Button' &amp;&amp; Name='Lookup...'"
\0&lt;/a&gt;
W, 3240, 26, 2013/05/24, 09:50:26.752, 1156647985779, QTAgent32.exe, &lt;a class=success&gt;Playback - {98} [SUCCESS] MouseButtonClick - "[MSAA, VisibleOnly]ControlType='Button' &amp;&amp; Name='Ok'"
\0&lt;/a&gt;
W, 3240, 26, 2013/05/24, 09:50:27.035, 1156652040147, QTAgent32.exe, &lt;a class=success&gt;Playback - {99} [SUCCESS] MouseButtonClick - "[MSAA, VisibleOnly]ControlType='Button' &amp;&amp; Name='Confirm'"
\0&lt;/a&gt;
W, 3240, 26, 2013/05/24, 09:50:50.327, 1156985541277, QTAgent32.exe, Playback - [WARNING] Internal warning: Window Not Found: [VisibleOnly]ControlType='Window' &amp;&amp; Name='Personal Lines' &amp;&amp; ClassName='#32770'
\0
E, 3240, 26, 2013/05/24, 09:50:50.327, 1156985543573, QTAgent32.exe, &lt;a class=failure&gt;Playback - {100} [FAILED] Function ElementFetcher::FindScreenElement failed to locate UI element (Searching: ;[VisibleOnly]ControlType='Window' &amp;&amp; Name='Personal Lines' &amp;&amp; ClassName='#32770') (The object specified was not found.)
\0&lt;/a&gt;
E, 3240, 26, 2013/05/24, 09:50:50.370, 1156986151356, QTAgent32.exe, Playback - [IMAGE] C:\Users\testuser\AppData\Local\Temp\UITestLogs\LastRun\RPFFE1D.png
\0
W, 3240, 26, 2013/05/24, 09:50:50.370, 1156986152891, QTAgent32.exe, Playback - [WARNING] Internal warning: Couldn't find descendants that match QueryId
\0
W, 3240, 26, 2013/05/24, 09:50:50.370, 1156986155324, QTAgent32.exe, PERF WARNING: FindTopLevelWindowHelper::FindAllDescendents: took 23235 ms. Expected it to take maximum 500 ms.
W, 3240, 26, 2013/05/24, 09:51:09.413, 1157258817196, QTAgent32.exe, Playback - [WARNING] Internal warning: Window Not Found: [VisibleOnly]ControlType='Window' &amp;&amp; Name='Personal Lines' &amp;&amp; ClassName='#32770'
\0
E, 3240, 26, 2013/05/24, 09:51:09.413, 1157258819614, QTAgent32.exe, &lt;a class=failure&gt;Playback - {101} [FAILED] Function ElementFetcher::FindScreenElement failed to locate UI element (Searching: ;[VisibleOnly]ControlType='Window' &amp;&amp; Name='Personal Lines' &amp;&amp; ClassName='#32770') (The object specified was not found.)
\0&lt;/a&gt;
E, 3240, 26, 2013/05/24, 09:51:09.459, 1157259471809, QTAgent32.exe, Playback - [IMAGE] C:\Users\testuser\AppData\Local\Temp\UITestLogs\LastRun\RPF48A5.png
\0
W, 3240, 26, 2013/05/24, 09:51:09.459, 1157259473283, QTAgent32.exe, Playback - [WARNING] Internal warning: Couldn't find descendants that match QueryId
\0
W, 3240, 26, 2013/05/24, 09:51:09.459, 1157259475723, QTAgent32.exe, PERF WARNING: FindTopLevelWindowHelper::FindAllDescendents: took 19088 ms. Expected it to take maximum 500 ms.
W, 3240, 26, 2013/05/24, 09:51:12.735, 1157306382513, QTAgent32.exe, Playback - [WARNING] Internal warning: Smart Match failed
\0
W, 3240, 26, 2013/05/24, 09:51:14.155, 1157326711971, QTAgent32.exe, Playback - [WARNING] Internal warning: Window Not Found: [VisibleOnly]ControlType='Window' &amp;&amp; Name='Personal Lines' &amp;&amp; ClassName='#32770'
\0
E, 3240, 26, 2013/05/24, 09:51:14.155, 1157326714457, QTAgent32.exe, &lt;a class=failure&gt;Playback - {102} [FAILED] Function ElementFetcher::FindScreenElement failed to locate UI element (Searching: ;[VisibleOnly]ControlType='Window' &amp;&amp; Name='Personal Lines' &amp;&amp; ClassName='#32770') (The object specified was not found.)
\0&lt;/a&gt;
E, 3240, 26, 2013/05/24, 09:51:14.199, 1157327342531, QTAgent32.exe, Playback - [IMAGE] C:\Users\testuser\AppData\Local\Temp\UITestLogs\LastRun\RPF5B2D.png
\0
W, 3240, 26, 2013/05/24, 09:51:14.199, 1157327344099, QTAgent32.exe, Playback - [WARNING] Internal warning: Couldn't find descendants that match QueryId
\0
W, 3240, 26, 2013/05/24, 09:51:14.199, 1157327346794, QTAgent32.exe, PERF WARNING: FindTopLevelWindowHelper::FindAllDescendents: took 4740 ms. Expected it to take maximum 500 ms.
E, 3240, 26, 2013/05/24, 09:51:14.199, 1157327348367, QTAgent32.exe, Exception: System.Runtime.InteropServices.COMException
	Message: Error HRESULT E_FAIL has been returned from a call to a COM component.
	Stack Trace:    at Microsoft.VisualStudio.TestTools.UITest.Playback.Engine.IRPFPlayback.FindAllScreenElements(IScreenElement pScreenElementStart, String bstrQueryId, Object&amp; pvarResKeys, Int32 cResKeys, Int32 nMaxDepth, Object[]&amp; foundDescendants)
   at Microsoft.VisualStudio.TestTools.UITest.Playback.ScreenElement.FindTopLevelWindowHelper(String queryId)
	BaseExceptionMessage: Error HRESULT E_FAIL has been returned from a call to a COM component.

E, 3240, 26, 2013/05/24, 09:51:14.199, 1157327350744, QTAgent32.exe, Window 722804 not responding. Last Win32 error 0
E, 3240, 26, 2013/05/24, 09:51:14.200, 1157327351768, QTAgent32.exe, GetClassName for handle 722804 failed
E, 3240, 26, 2013/05/24, 09:51:14.300, 1157328788940, QTAgent32.exe, AL: Playback Error: Microsoft.VisualStudio.TestTools.UITest.Extension.UITestControlNotAvailableException: The control is not available or not valid. Additional Details: 
TechnologyName:  'MSAA'
Name:  'Personal Lines'
ClassName:  '#32770'
ControlType:  'Window'
 ---&gt; System.Runtime.InteropServices.COMException: Error HRESULT E_FAIL has been returned from a call to a COM component.
   at Microsoft.VisualStudio.TestTools.UITest.Playback.Engine.IRPFPlayback.FindAllScreenElements(IScreenElement pScreenElementStart, String bstrQueryId, Object&amp; pvarResKeys, Int32 cResKeys, Int32 nMaxDepth, Object[]&amp; foundDescendants)
   at Microsoft.VisualStudio.TestTools.UITest.Playback.ScreenElement.FindTopLevelWindowHelper(String queryId)
   at Microsoft.VisualStudio.TestTools.UITest.Playback.ScreenElement.FindFromPartialQueryId(String queryId)
   at Microsoft.VisualStudio.TestTools.UITesting.UITestControl.EnsureValid(Boolean waitForReady, Boolean refetch)
   --- End of inner exception stack trace ---
   at Microsoft.VisualStudio.TestTools.UITesting.UITestControl.EnsureValid(Boolean waitForReady, Boolean refetch)
   at Microsoft.VisualStudio.TestTools.UITesting.UITestControl.FindFirstDescendant(String queryId, Int32 maxDepth, Int32&amp; timeLeft)
   at Microsoft.VisualStudio.TestTools.UITesting.SearchHelper.GetElement(Boolean useCache, ISearchArgument searchArg)
   at Microsoft.VisualStudio.TestTools.UITesting.SearchHelper.Search(ISearchArgument searchArg)
   at Microsoft.VisualStudio.TestTools.UITesting.UITestControl.FindInternal()
   at Microsoft.VisualStudio.TestTools.UITesting.UITestControl.FindControlIfNecessary()
   at Microsoft.VisualStudio.TestTools.UITesting.UITestControl.Click(MouseButtons button, ModifierKeys modifierKeys, Point relativeCoordinates)
   at Microsoft.VisualStudio.TestTools.UITesting.Mouse.ClickImplementation(UITestControl control, MouseButtons button, ModifierKeys modifierKeys, Point relativeCoordinate)
   at Microsoft.VisualStudio.TestTools.UITesting.Mouse.ClickImplementationWrapper(UITestControl control, MouseButtons button, ModifierKeys modifierKeys, Point relativeCoordinate)
W, 3240, 26, 2013/05/24, 09:51:14.300, 1157328790484, QTAgent32.exe, PlaybackErrorHandler: Ignoring exception as ContinueOnError is set.
W, 3240, 26, 2013/05/24, 09:51:14.428, 1157330609699, QTAgent32.exe, &lt;a class=success&gt;Playback - {103} [SUCCESS] Check - "[MSAA, VisibleOnly]ControlType='CheckBox' &amp;&amp; Name='Defer Printing?'"
\0&lt;/a&gt;
W, 3240, 26, 2013/05/24, 09:51:14.750, 1157335233777, QTAgent32.exe, &lt;a class=success&gt;Playback - {104} [SUCCESS] MouseButtonClick - "[MSAA, VisibleOnly]ControlType='Button' &amp;&amp; Name='Ok'"
\0&lt;/a&gt;
W, 3240, 26, 2013/05/24, 09:51:15.689, 1157348681050, QTAgent32.exe, PERF WARNING: FindTopLevelWindowHelper::FindAllDescendents: took 838 ms. Expected it to take maximum 500 ms.
W, 3240, 26, 2013/05/24, 09:51:15.825, 1157350622817, QTAgent32.exe, &lt;a class=success&gt;Playback - {105} [SUCCESS] Uncheck - "[MSAA, VisibleOnly]ControlType='CheckBox' &amp;&amp; Name='Add Activity'"
\0&lt;/a&gt;
W, 3240, 26, 2013/05/24, 09:51:16.219, 1157356258667, QTAgent32.exe, &lt;a class=success&gt;Playback - {106} [SUCCESS] MouseButtonClick - "[MSAA, VisibleOnly]ControlType='Button' &amp;&amp; Name='Ok'"
\0&lt;/a&gt;
W, 3240, 26, 2013/05/24, 09:51:16.454, 1157359625717, QTAgent32.exe, &lt;a class=success&gt;Playback - {107} [SUCCESS] MouseButtonClick - "[MSAA, VisibleOnly]ControlType='Button' &amp;&amp; Name='Ok'"
\0&lt;/a&gt;
W, 3240, 26, 2013/05/24, 09:51:17.089, 1157368716773, QTAgent32.exe, &lt;a class=success&gt;Playback - {108} [SUCCESS] MouseButtonClick - "[MSAA, VisibleOnly]ControlType='Button' &amp;&amp; Name='Ok'"
\0&lt;/a&gt;
W, 3240, 26, 2013/05/24, 09:51:19.528, 1157403634924, QTAgent32.exe, PERF WARNING: FindTopLevelWindowHelper::FindAllDescendents: took 2315 ms. Expected it to take maximum 500 ms.
W, 3240, 26, 2013/05/24, 09:51:19.659, 1157405516200, QTAgent32.exe, &lt;a class=success&gt;Playback - {109} [SUCCESS] MouseButtonClick - "[MSAA, VisibleOnly]ControlType='Button' &amp;&amp; Name='OK'"
\0&lt;/a&gt;
W, 3240, 26, 2013/05/24, 09:51:19.883, 1157408724327, QTAgent32.exe, &lt;a class=success&gt;Playback - {110} [SUCCESS] MouseButtonClick - "[MSAA, VisibleOnly]ControlType='Button' &amp;&amp; Name='Cancel'"
\0&lt;/a&gt;
W, 3240, 26, 2013/05/24, 09:51:20.114, 1157412028159, QTAgent32.exe, &lt;a class=success&gt;Playback - {111} [SUCCESS] MouseButtonClick - "[MSAA, VisibleOnly]ControlType='Button'"
\0&lt;/a&gt;
W, 3240, 26, 2013/05/24, 09:51:20.501, 1157417570987, QTAgent32.exe, &lt;a class=success&gt;Playback - {112} [SUCCESS] MouseButtonClick - "[MSAA, VisibleOnly]ControlType='Button' &amp;&amp; Name='Detail'"
\0&lt;/a&gt;
W, 3240, 26, 2013/05/24, 09:51:20.726, 1157420802528, QTAgent32.exe, &lt;a class=success&gt;Playback - {113} [SUCCESS] MouseButtonClick - "[MSAA, VisibleOnly]ControlType='Edit'"
\0&lt;/a&gt;
W, 3240, 26, 2013/05/24, 09:51:24.739, 1157478258778, QTAgent32.exe, Playback - [WARNING] Internal warning: Window Not Found: [VisibleOnly]ControlType='Window' &amp;&amp; Name='Connect to www.insur-econnect.com'
\0
E, 3240, 26, 2013/05/24, 09:51:24.739, 1157478260681, QTAgent32.exe, &lt;a class=failure&gt;Playback - {114} [FAILED] Function ElementFetcher::FindScreenElement failed to locate UI element (Searching: ;[VisibleOnly]ControlType='Window' &amp;&amp; Name='Connect to www.insur-econnect.com') (The object specified was not found.)
\0&lt;/a&gt;
E, 3240, 26, 2013/05/24, 09:51:24.782, 1157478869580, QTAgent32.exe, Playback - [IMAGE] C:\Users\testuser\AppData\Local\Temp\UITestLogs\LastRun\RPF848E.png
\0
W, 3240, 26, 2013/05/24, 09:51:24.782, 1157478871161, QTAgent32.exe, Playback - [WARNING] Internal warning: Couldn't find descendants that match QueryId
\0
W, 3240, 26, 2013/05/24, 09:51:24.782, 1157478873853, QTAgent32.exe, PERF WARNING: FindTopLevelWindowHelper::FindAllDescendents: took 791 ms. Expected it to take maximum 500 ms.
W, 3240, 26, 2013/05/24, 09:51:42.782, 1157736593115, QTAgent32.exe, Playback - [WARNING] Internal warning: Window Not Found: [VisibleOnly]ControlType='Window' &amp;&amp; Name='Connect to www.insur-econnect.com'
\0
E, 3240, 26, 2013/05/24, 09:51:42.782, 1157736595083, QTAgent32.exe, &lt;a class=failure&gt;Playback - {115} [FAILED] Function ElementFetcher::FindScreenElement failed to locate UI element (Searching: ;[VisibleOnly]ControlType='Window' &amp;&amp; Name='Connect to www.insur-econnect.com') (The object specified was not found.)
\0&lt;/a&gt;
E, 3240, 26, 2013/05/24, 09:51:42.821, 1157737155302, QTAgent32.exe, Playback - [IMAGE] C:\Users\testuser\AppData\Local\Temp\UITestLogs\LastRun\RPFCB01.png
\0
W, 3240, 26, 2013/05/24, 09:51:42.821, 1157737156944, QTAgent32.exe, Playback - [WARNING] Internal warning: Couldn't find descendants that match QueryId
\0
W, 3240, 26, 2013/05/24, 09:51:42.821, 1157737159582, QTAgent32.exe, PERF WARNING: FindTopLevelWindowHelper::FindAllDescendents: took 18038 ms. Expected it to take maximum 500 ms.
W, 3240, 26, 2013/05/24, 09:51:43.293, 1157743915958, QTAgent32.exe, Playback - [WARNING] Internal warning: Smart Match failed
\0
W, 3240, 26, 2013/05/24, 09:51:43.518, 1157747136976, QTAgent32.exe, Playback - [WARNING] Internal warning: Smart Match failed
\0
W, 3240, 26, 2013/05/24, 09:51:43.742, 1157750338470, QTAgent32.exe, Playback - [WARNING] Internal warning: Smart Match failed
\0
W, 3240, 26, 2013/05/24, 09:51:43.966, 1157753554025, QTAgent32.exe, Playback - [WARNING] Internal warning: Smart Match failed
\0
W, 3240, 26, 2013/05/24, 09:51:44.199, 1157756883122, QTAgent32.exe, Playback - [WARNING] Internal warning: Smart Match failed
\0
W, 3240, 26, 2013/05/24, 09:51:44.432, 1157760225587, QTAgent32.exe, Playback - [WARNING] Internal warning: Smart Match failed
\0
W, 3240, 26, 2013/05/24, 09:51:44.655, 1157763411231, QTAgent32.exe, Playback - [WARNING] Internal warning: Smart Match failed
\0
W, 3240, 26, 2013/05/24, 09:51:44.880, 1157766638490, QTAgent32.exe, Playback - [WARNING] Internal warning: Smart Match failed
\0
W, 3240, 26, 2013/05/24, 09:51:45.102, 1157769811581, QTAgent32.exe, Playback - [WARNING] Internal warning: Smart Match failed
\0
W, 3240, 26, 2013/05/24, 09:51:45.323, 1157772981898, QTAgent32.exe, Playback - [WARNING] Internal warning: Smart Match failed
\0
W, 3240, 26, 2013/05/24, 09:51:45.543, 1157776131264, QTAgent32.exe, Playback - [WARNING] Internal warning: Smart Match failed
\0
W, 3240, 26, 2013/05/24, 09:51:45.773, 1157779414174, QTAgent32.exe, Playback - [WARNING] Internal warning: Smart Match failed
\0
W, 3240, 26, 2013/05/24, 09:51:45.885, 1157781024812, QTAgent32.exe, Playback - [WARNING] Internal warning: Window Not Found: [VisibleOnly]ControlType='Window' &amp;&amp; Name='Connect to www.insur-econnect.com'
\0
E, 3240, 26, 2013/05/24, 09:51:45.885, 1157781026582, QTAgent32.exe, &lt;a class=failure&gt;Playback - {116} [FAILED] Function ElementFetcher::FindScreenElement failed to locate UI element (Searching: ;[VisibleOnly]ControlType='Window' &amp;&amp; Name='Connect to www.insur-econnect.com') (The object specified was not found.)
\0&lt;/a&gt;
E, 3240, 26, 2013/05/24, 09:51:45.924, 1157781579345, QTAgent32.exe, Playback - [IMAGE] C:\Users\testuser\AppData\Local\Temp\UITestLogs\LastRun\RPFD722.png
\0
W, 3240, 26, 2013/05/24, 09:51:45.924, 1157781580942, QTAgent32.exe, Playback - [WARNING] Internal warning: Couldn't find descendants that match QueryId
\0
W, 3240, 26, 2013/05/24, 09:51:45.924, 1157781583531, QTAgent32.exe, PERF WARNING: FindTopLevelWindowHelper::FindAllDescendents: took 3102 ms. Expected it to take maximum 500 ms.
E, 3240, 26, 2013/05/24, 09:51:45.924, 1157781585146, QTAgent32.exe, Exception: System.Runtime.InteropServices.COMException
	Message: Error HRESULT E_FAIL has been returned from a call to a COM component.
	Stack Trace:    at Microsoft.VisualStudio.TestTools.UITest.Playback.Engine.IRPFPlayback.FindAllScreenElements(IScreenElement pScreenElementStart, String bstrQueryId, Object&amp; pvarResKeys, Int32 cResKeys, Int32 nMaxDepth, Object[]&amp; foundDescendants)
   at Microsoft.VisualStudio.TestTools.UITest.Playback.ScreenElement.FindTopLevelWindowHelper(String queryId)
	BaseExceptionMessage: Error HRESULT E_FAIL has been returned from a call to a COM component.

W, 3240, 26, 2013/05/24, 09:51:46.634, 1157791743660, QTAgent32.exe, Playback - [WARNING] Internal warning: Window Not Found: [VisibleOnly]ControlType='Window' &amp;&amp; Name='Windows Security'
\0
E, 3240, 26, 2013/05/24, 09:51:46.634, 1157791745451, QTAgent32.exe, &lt;a class=failure&gt;Playback - {117} [FAILED] Function ElementFetcher::FindScreenElement failed to locate UI element (Searching: ;[VisibleOnly]ControlType='Window' &amp;&amp; Name='Windows Security') (The object specified was not found.)
\0&lt;/a&gt;
E, 3240, 26, 2013/05/24, 09:51:46.672, 1157792294773, QTAgent32.exe, Playback - [IMAGE] C:\Users\testuser\AppData\Local\Temp\UITestLogs\LastRun\RPFDA10.png
\0
W, 3240, 26, 2013/05/24, 09:51:46.672, 1157792296267, QTAgent32.exe, Playback - [WARNING] Internal warning: Couldn't find descendants that match QueryId
\0
W, 3240, 26, 2013/05/24, 09:51:46.672, 1157792298649, QTAgent32.exe, PERF WARNING: FindTopLevelWindowHelper::FindAllDescendents: took 747 ms. Expected it to take maximum 500 ms.
W, 3240, 26, 2013/05/24, 09:52:04.743, 1158051040072, QTAgent32.exe, Playback - [WARNING] Internal warning: Window Not Found: [VisibleOnly]ControlType='Window' &amp;&amp; Name='Windows Security'
\0
E, 3240, 26, 2013/05/24, 09:52:04.743, 1158051042196, QTAgent32.exe, &lt;a class=failure&gt;Playback - {118} [FAILED] Function ElementFetcher::FindScreenElement failed to locate UI element (Searching: ;[VisibleOnly]ControlType='Window' &amp;&amp; Name='Windows Security') (The object specified was not found.)
\0&lt;/a&gt;
E, 3240, 26, 2013/05/24, 09:52:04.783, 1158051607712, QTAgent32.exe, Playback - [IMAGE] C:\Users\testuser\AppData\Local\Temp\UITestLogs\LastRun\RPF20D1.png
\0
W, 3240, 26, 2013/05/24, 09:52:04.783, 1158051609279, QTAgent32.exe, Playback - [WARNING] Internal warning: Couldn't find descendants that match QueryId
\0
W, 3240, 26, 2013/05/24, 09:52:04.783, 1158051611875, QTAgent32.exe, PERF WARNING: FindTopLevelWindowHelper::FindAllDescendents: took 18110 ms. Expected it to take maximum 500 ms.
W, 3240, 26, 2013/05/24, 09:52:05.249, 1158058294098, QTAgent32.exe, Playback - [WARNING] Internal warning: Smart Match failed
\0
W, 3240, 26, 2013/05/24, 09:52:05.473, 1158061494353, QTAgent32.exe, Playback - [WARNING] Internal warning: Smart Match failed
\0
W, 3240, 26, 2013/05/24, 09:52:05.698, 1158064713965, QTAgent32.exe, Playback - [WARNING] Internal warning: Smart Match failed
\0
W, 3240, 26, 2013/05/24, 09:52:05.922, 1158067918435, QTAgent32.exe, Playback - [WARNING] Internal warning: Smart Match failed
\0
W, 3240, 26, 2013/05/24, 09:52:06.151, 1158071203605, QTAgent32.exe, Playback - [WARNING] Internal warning: Smart Match failed
\0
W, 3240, 26, 2013/05/24, 09:52:06.372, 1158074361676, QTAgent32.exe, Playback - [WARNING] Internal warning: Smart Match failed
\0
W, 3240, 26, 2013/05/24, 09:52:06.597, 1158077582970, QTAgent32.exe, Playback - [WARNING] Internal warning: Smart Match failed
\0
W, 3240, 26, 2013/05/24, 09:52:06.826, 1158080863712, QTAgent32.exe, Playback - [WARNING] Internal warning: Smart Match failed
\0
W, 3240, 26, 2013/05/24, 09:52:07.052, 1158084106149, QTAgent32.exe, Playback - [WARNING] Internal warning: Smart Match failed
\0
W, 3240, 26, 2013/05/24, 09:52:07.278, 1158087328626, QTAgent32.exe, Playback - [WARNING] Internal warning: Smart Match failed
\0
W, 3240, 26, 2013/05/24, 09:52:07.503, 1158090561045, QTAgent32.exe, Playback - [WARNING] Internal warning: Smart Match failed
\0
W, 3240, 26, 2013/05/24, 09:52:07.728, 1158093772456, QTAgent32.exe, Playback - [WARNING] Internal warning: Smart Match failed
\0
W, 3240, 26, 2013/05/24, 09:52:07.846, 1158095468732, QTAgent32.exe, Playback - [WARNING] Internal warning: Window Not Found: [VisibleOnly]ControlType='Window' &amp;&amp; Name='Windows Security'
\0
E, 3240, 26, 2013/05/24, 09:52:07.846, 1158095470647, QTAgent32.exe, &lt;a class=failure&gt;Playback - {119} [FAILED] Function ElementFetcher::FindScreenElement failed to locate UI element (Searching: ;[VisibleOnly]ControlType='Window' &amp;&amp; Name='Windows Security') (The object specified was not found.)
\0&lt;/a&gt;
E, 3240, 26, 2013/05/24, 09:52:07.884, 1158096006797, QTAgent32.exe, Playback - [IMAGE] C:\Users\testuser\AppData\Local\Temp\UITestLogs\LastRun\RPF2CF2.png
\0
W, 3240, 26, 2013/05/24, 09:52:07.884, 1158096008408, QTAgent32.exe, Playback - [WARNING] Internal warning: Couldn't find descendants that match QueryId
\0
W, 3240, 26, 2013/05/24, 09:52:07.884, 1158096010734, QTAgent32.exe, PERF WARNING: FindTopLevelWindowHelper::FindAllDescendents: took 3100 ms. Expected it to take maximum 500 ms.
E, 3240, 26, 2013/05/24, 09:52:07.884, 1158096012303, QTAgent32.exe, Exception: System.Runtime.InteropServices.COMException
	Message: Error HRESULT E_FAIL has been returned from a call to a COM component.
	Stack Trace:    at Microsoft.VisualStudio.TestTools.UITest.Playback.Engine.IRPFPlayback.FindAllScreenElements(IScreenElement pScreenElementStart, String bstrQueryId, Object&amp; pvarResKeys, Int32 cResKeys, Int32 nMaxDepth, Object[]&amp; foundDescendants)
   at Microsoft.VisualStudio.TestTools.UITest.Playback.ScreenElement.FindTopLevelWindowHelper(String queryId)
	BaseExceptionMessage: Error HRESULT E_FAIL has been returned from a call to a COM component.

E, 3240, 26, 2013/05/24, 09:52:07.984, 1158097451164, QTAgent32.exe, AL: Playback Error: Microsoft.VisualStudio.TestTools.UITest.Extension.UITestControlNotFoundException: The playback failed to find the control with the given search properties. Additional Details: 
TechnologyName:  'MSAA'
ControlType:  'Window'
Name:  'Windows Security'
 ---&gt; System.Runtime.InteropServices.COMException: Error HRESULT E_FAIL has been returned from a call to a COM component.
   at Microsoft.VisualStudio.TestTools.UITest.Playback.Engine.IRPFPlayback.FindAllScreenElements(IScreenElement pScreenElementStart, String bstrQueryId, Object&amp; pvarResKeys, Int32 cResKeys, Int32 nMaxDepth, Object[]&amp; foundDescendants)
   at Microsoft.VisualStudio.TestTools.UITest.Playback.ScreenElement.FindTopLevelWindowHelper(String queryId)
   at Microsoft.VisualStudio.TestTools.UITest.Playback.ScreenElement.FindFromPartialQueryId(String queryId)
   at Microsoft.VisualStudio.TestTools.UITesting.UITestControl..ctor(String queryId)
   --- End of inner exception stack trace ---
   at Microsoft.VisualStudio.TestTools.UITesting.Playback.MapControlNotFoundException(COMException ex, IPlaybackContext context)
   at Microsoft.VisualStudio.TestTools.UITesting.Playback.MapAndThrowComException(COMException innerException, IPlaybackContext context)
   at Microsoft.VisualStudio.TestTools.UITesting.Playback.MapAndThrowException(SystemException exception, IPlaybackContext context)
   at Microsoft.VisualStudio.TestTools.UITesting.Playback.MapAndThrowException(SystemException exception, String queryId)
   at Microsoft.VisualStudio.TestTools.UITesting.UITestControl..ctor(String queryId)
   at Microsoft.VisualStudio.TestTools.UITesting.SearchHelper.SearchTopLevelWindow(ISearchArgument topLevelSearchArg, String topLevelElementQueryId)
   at Microsoft.VisualStudio.TestTools.UITesting.SearchHelper.GetTitleUpdatedTopLevelWindow(ISearchArgument topLevelSearchArg, String queryId, IList`1 windowTitles)
   at Microsoft.VisualStudio.TestTools.UITesting.SearchHelper.GetTopLevelElement(Boolean useCache, Boolean useCacheOnly, ISearchArgument searchArg, IList`1 windowTitles, Int32&amp; timeLeft)
   at Microsoft.VisualStudio.TestTools.UITesting.SearchHelper.GetElement(Boolean useCache, ISearchArgument searchArg)
   at Microsoft.VisualStudio.TestTools.UITesting.SearchHelper.Search(ISearchArgument searchArg)
   at Microsoft.VisualStudio.TestTools.UITesting.UITestControl.FindInternal()
   at Microsoft.VisualStudio.TestTools.UITesting.UITestControl.FindControlIfNecessary()
   at Microsoft.VisualStudio.TestTools.UITesting.UITestControl.SendKeys(String text, ModifierKeys modifierKeys, Boolean isEncoded, Boolean isUnicode)
   at Microsoft.VisualStudio.TestTools.UITesting.Keyboard.SendKeysImplementation(UITestControl control, String text, ModifierKeys modifierKeys, Boolean isEncoded, Boolean isUnicode)
   at Microsoft.VisualStudio.TestTools.UITesting.Keyboard.SendKeysImplementationWrapper(UITestControl control, String text, ModifierKeys modifierKeys, Boolean isEncoded, Boolean isUnicode)
W, 3240, 26, 2013/05/24, 09:52:07.985, 1158097452882, QTAgent32.exe, PlaybackErrorHandler: Ignoring exception as ContinueOnError is set.
W, 3240, 26, 2013/05/24, 09:52:08.726, 1158108069663, QTAgent32.exe, Playback - [WARNING] Internal warning: Window Not Found: [VisibleOnly]ControlType='Window' &amp;&amp; Name='Windows Security'
\0
E, 3240, 26, 2013/05/24, 09:52:08.726, 1158108071666, QTAgent32.exe, &lt;a class=failure&gt;Playback - {120} [FAILED] Function ElementFetcher::FindScreenElement failed to locate UI element (Searching: ;[VisibleOnly]ControlType='Window' &amp;&amp; Name='Windows Security') (The object specified was not found.)
\0&lt;/a&gt;
E, 3240, 26, 2013/05/24, 09:52:08.763, 1158108605051, QTAgent32.exe, Playback - [IMAGE] C:\Users\testuser\AppData\Local\Temp\UITestLogs\LastRun\RPF305D.png
\0
W, 3240, 26, 2013/05/24, 09:52:08.763, 1158108606627, QTAgent32.exe, Playback - [WARNING] Internal warning: Couldn't find descendants that match QueryId
\0
W, 3240, 26, 2013/05/24, 09:52:08.764, 1158108609210, QTAgent32.exe, PERF WARNING: FindTopLevelWindowHelper::FindAllDescendents: took 778 ms. Expected it to take maximum 500 ms.
W, 3240, 26, 2013/05/24, 09:52:26.945, 1158368937433, QTAgent32.exe, Playback - [WARNING] Internal warning: Window Not Found: [VisibleOnly]ControlType='Window' &amp;&amp; Name='Windows Security'
\0
E, 3240, 26, 2013/05/24, 09:52:26.946, 1158368939561, QTAgent32.exe, &lt;a class=failure&gt;Playback - {121} [FAILED] Function ElementFetcher::FindScreenElement failed to locate UI element (Searching: ;[VisibleOnly]ControlType='Window' &amp;&amp; Name='Windows Security') (The object specified was not found.)
\0&lt;/a&gt;
E, 3240, 26, 2013/05/24, 09:52:26.984, 1158369494633, QTAgent32.exe, Playback - [IMAGE] C:\Users\testuser\AppData\Local\Temp\UITestLogs\LastRun\RPF778B.png
\0
W, 3240, 26, 2013/05/24, 09:52:26.984, 1158369496195, QTAgent32.exe, Playback - [WARNING] Internal warning: Couldn't find descendants that match QueryId
\0
W, 3240, 26, 2013/05/24, 09:52:26.985, 1158369498921, QTAgent32.exe, PERF WARNING: FindTopLevelWindowHelper::FindAllDescendents: took 18220 ms. Expected it to take maximum 500 ms.
W, 3240, 26, 2013/05/24, 09:52:27.466, 1158376392291, QTAgent32.exe, Playback - [WARNING] Internal warning: Smart Match failed
\0
W, 3240, 26, 2013/05/24, 09:52:27.697, 1158379697808, QTAgent32.exe, Playback - [WARNING] Internal warning: Smart Match failed
\0
W, 3240, 26, 2013/05/24, 09:52:27.931, 1158383046269, QTAgent32.exe, Playback - [WARNING] Internal warning: Smart Match failed
\0
W, 3240, 26, 2013/05/24, 09:52:28.161, 1158386338130, QTAgent32.exe, Playback - [WARNING] Internal warning: Smart Match failed
\0
W, 3240, 26, 2013/05/24, 09:52:28.389, 1158389602688, QTAgent32.exe, Playback - [WARNING] Internal warning: Smart Match failed
\0
W, 3240, 26, 2013/05/24, 09:52:28.625, 1158392995414, QTAgent32.exe, Playback - [WARNING] Internal warning: Smart Match failed
\0
W, 3240, 26, 2013/05/24, 09:52:28.853, 1158396260934, QTAgent32.exe, Playback - [WARNING] Internal warning: Smart Match failed
\0
W, 3240, 26, 2013/05/24, 09:52:29.085, 1158399567540, QTAgent32.exe, Playback - [WARNING] Internal warning: Smart Match failed
\0
W, 3240, 26, 2013/05/24, 09:52:29.314, 1158402848682, QTAgent32.exe, Playback - [WARNING] Internal warning: Smart Match failed
\0
W, 3240, 26, 2013/05/24, 09:52:29.537, 1158406039644, QTAgent32.exe, Playback - [WARNING] Internal warning: Smart Match failed
\0
W, 3240, 26, 2013/05/24, 09:52:29.761, 1158409253048, QTAgent32.exe, Playback - [WARNING] Internal warning: Smart Match failed
\0
W, 3240, 26, 2013/05/24, 09:52:29.981, 1158412401315, QTAgent32.exe, Playback - [WARNING] Internal warning: Smart Match failed
\0
W, 3240, 26, 2013/05/24, 09:52:30.092, 1158413982025, QTAgent32.exe, Playback - [WARNING] Internal warning: Window Not Found: [VisibleOnly]ControlType='Window' &amp;&amp; Name='Windows Security'
\0
E, 3240, 26, 2013/05/24, 09:52:30.092, 1158413983846, QTAgent32.exe, &lt;a class=failure&gt;Playback - {122} [FAILED] Function ElementFetcher::FindScreenElement failed to locate UI element (Searching: ;[VisibleOnly]ControlType='Window' &amp;&amp; Name='Windows Security') (The object specified was not found.)
\0&lt;/a&gt;
E, 3240, 26, 2013/05/24, 09:52:30.128, 1158414509914, QTAgent32.exe, Playback - [IMAGE] C:\Users\testuser\AppData\Local\Temp\UITestLogs\LastRun\RPF83DB.png
\0
W, 3240, 26, 2013/05/24, 09:52:30.128, 1158414511409, QTAgent32.exe, Playback - [WARNING] Internal warning: Couldn't find descendants that match QueryId
\0
W, 3240, 26, 2013/05/24, 09:52:30.129, 1158414514008, QTAgent32.exe, PERF WARNING: FindTopLevelWindowHelper::FindAllDescendents: took 3143 ms. Expected it to take maximum 500 ms.
E, 3240, 26, 2013/05/24, 09:52:30.129, 1158414515598, QTAgent32.exe, Exception: System.Runtime.InteropServices.COMException
	Message: Error HRESULT E_FAIL has been returned from a call to a COM component.
	Stack Trace:    at Microsoft.VisualStudio.TestTools.UITest.Playback.Engine.IRPFPlayback.FindAllScreenElements(IScreenElement pScreenElementStart, String bstrQueryId, Object&amp; pvarResKeys, Int32 cResKeys, Int32 nMaxDepth, Object[]&amp; foundDescendants)
   at Microsoft.VisualStudio.TestTools.UITest.Playback.ScreenElement.FindTopLevelWindowHelper(String queryId)
	BaseExceptionMessage: Error HRESULT E_FAIL has been returned from a call to a COM component.

E, 3240, 26, 2013/05/24, 09:52:30.229, 1158415955350, QTAgent32.exe, AL: Playback Error: Microsoft.VisualStudio.TestTools.UITest.Extension.UITestControlNotFoundException: The playback failed to find the control with the given search properties. Additional Details: 
TechnologyName:  'MSAA'
ControlType:  'Window'
Name:  'Windows Security'
 ---&gt; System.Runtime.InteropServices.COMException: Error HRESULT E_FAIL has been returned from a call to a COM component.
   at Microsoft.VisualStudio.TestTools.UITest.Playback.Engine.IRPFPlayback.FindAllScreenElements(IScreenElement pScreenElementStart, String bstrQueryId, Object&amp; pvarResKeys, Int32 cResKeys, Int32 nMaxDepth, Object[]&amp; foundDescendants)
   at Microsoft.VisualStudio.TestTools.UITest.Playback.ScreenElement.FindTopLevelWindowHelper(String queryId)
   at Microsoft.VisualStudio.TestTools.UITest.Playback.ScreenElement.FindFromPartialQueryId(String queryId)
   at Microsoft.VisualStudio.TestTools.UITesting.UITestControl..ctor(String queryId)
   --- End of inner exception stack trace ---
   at Microsoft.VisualStudio.TestTools.UITesting.Playback.MapControlNotFoundException(COMException ex, IPlaybackContext context)
   at Microsoft.VisualStudio.TestTools.UITesting.Playback.MapAndThrowComException(COMException innerException, IPlaybackContext context)
   at Microsoft.VisualStudio.TestTools.UITesting.Playback.MapAndThrowException(SystemException exception, IPlaybackContext context)
   at Microsoft.VisualStudio.TestTools.UITesting.Playback.MapAndThrowException(SystemException exception, String queryId)
   at Microsoft.VisualStudio.TestTools.UITesting.UITestControl..ctor(String queryId)
   at Microsoft.VisualStudio.TestTools.UITesting.SearchHelper.SearchTopLevelWindow(ISearchArgument topLevelSearchArg, String topLevelElementQueryId)
   at Microsoft.VisualStudio.TestTools.UITesting.SearchHelper.GetTitleUpdatedTopLevelWindow(ISearchArgument topLevelSearchArg, String queryId, IList`1 windowTitles)
   at Microsoft.VisualStudio.TestTools.UITesting.SearchHelper.GetTopLevelElement(Boolean useCache, Boolean useCacheOnly, ISearchArgument searchArg, IList`1 windowTitles, Int32&amp; timeLeft)
   at Microsoft.VisualStudio.TestTools.UITesting.SearchHelper.GetElement(Boolean useCache, ISearchArgument searchArg)
   at Microsoft.VisualStudio.TestTools.UITesting.SearchHelper.Search(ISearchArgument searchArg)
   at Microsoft.VisualStudio.TestTools.UITesting.UITestControl.FindInternal()
   at Microsoft.VisualStudio.TestTools.UITesting.UITestControl.FindControlIfNecessary()
   at Microsoft.VisualStudio.TestTools.UITesting.UITestControl.Click(MouseButtons button, ModifierKeys modifierKeys, Point relativeCoordinates)
   at Microsoft.VisualStudio.TestTools.UITesting.Mouse.ClickImplementation(UITestControl control, MouseButtons button, ModifierKeys modifierKeys, Point relativeCoordinate)
   at Microsoft.VisualStudio.TestTools.UITesting.Mouse.ClickImplementationWrapper(UITestControl control, MouseButtons button, ModifierKeys modifierKeys, Point relativeCoordinate)
W, 3240, 26, 2013/05/24, 09:52:30.229, 1158415957208, QTAgent32.exe, PlaybackErrorHandler: Ignoring exception as ContinueOnError is set.
W, 3240, 26, 2013/05/24, 09:52:30.543, 1158420447898, QTAgent32.exe, &lt;a class=success&gt;Playback - {123} [SUCCESS] MouseButtonClick - "[Web]ControlType='Hyperlink' &amp;&amp; TagName='A' &amp;&amp; Id='' &amp;&amp; Name='' &amp;&amp; Target='' &amp;&amp; InnerText='Renewals Maintenance' &amp;&amp; FilterCondition(AbsolutePath='/sysmaint/content/leftbar.asp', Title='', Href='https://www.insur-econnect.com/sysmaint/content/leftbar.asp#', Class='', ControlDefinition='style="COLOR: white" href="#"', TagInstance='39')"
\0&lt;/a&gt;
W, 3240, 26, 2013/05/24, 09:52:30.903, 1158425597461, QTAgent32.exe, &lt;a class=success&gt;Playback - {124} [SUCCESS] MouseButtonClick - "[Web]ControlType='Hyperlink' &amp;&amp; TagName='A' &amp;&amp; Id='' &amp;&amp; Name='' &amp;&amp; Target='content' &amp;&amp; InnerText='Create a Household Test Renewal Invitation' &amp;&amp; FilterCondition(AbsolutePath='/sysmaint/content/AddHouseholdTestRenewalNotice.asp', Title='', Href='https://www.insur-econnect.com/sysmaint/content/AddHouseholdTestRenewalNotice.asp', Class='itemlink', ControlDefinition='class=itemlink href="AddHouseholdTestRen', TagInstance='2')"
\0&lt;/a&gt;
E, 3240, 26, 2013/05/24, 09:52:32.541, 1158449056752, QTAgent32.exe, Exception: System.NotSupportedException
	Message: Internal Error: This method on IEWebControlElement should not get called.
	Stack Trace:    at Microsoft.VisualStudio.TestTools.UITest.Extension.IE.BrowserOptionElementNode.InvokeProgrammaticAction(ProgrammaticActionOption programmaticActionOption)
	BaseExceptionMessage: Internal Error: This method on IEWebControlElement should not get called.

W, 3240, 26, 2013/05/24, 09:52:32.717, 1158451578787, QTAgent32.exe, &lt;a class=success&gt;Playback - {125} [SUCCESS] SetValueAsComboBox "Covea Insurance plc (formerly MMA)" - "[Web]ControlType='ComboBox' &amp;&amp; TagName='SELECT' &amp;&amp; Id='InsurerID' &amp;&amp; Name='InsurerID' &amp;&amp; FilterCondition(Size='0', LabeledBy='', Title='', ItemCount='54', Class='', ControlDefinition='id=InsurerID onchange=selectInsurer() na', TagInstance='1')"  &lt; SetValueAsComboBox, set by clicking on the item in the list box &gt;
\0&lt;/a&gt;
W, 3240, 26, 2013/05/24, 09:52:33.434, 1158461845215, QTAgent32.exe, &lt;a class=success&gt;Playback - {126} [SUCCESS] SetValueAsEditBox "81588888001781" - "[Web]ControlType='Edit' &amp;&amp; TagName='INPUT' &amp;&amp; Id='' &amp;&amp; Name='txtPolicyNumber' &amp;&amp; LabeledBy='' &amp;&amp; Type='SINGLELINE' &amp;&amp; FilterCondition(Title='', Class='', ControlDefinition='onchange=enableButtons() name=txtPolicyN', TagInstance='1')"  &lt; Set via SendKeys &gt;
\0&lt;/a&gt;
W, 3240, 26, 2013/05/24, 09:52:33.661, 1158465083377, QTAgent32.exe, &lt;a class=success&gt;Playback - {127} [SUCCESS] SendKeys "^{HOME}" - "[Web]ControlType='Edit' &amp;&amp; TagName='INPUT' &amp;&amp; Id='' &amp;&amp; Name='txtRenewalDate' &amp;&amp; LabeledBy='' &amp;&amp; Type='SINGLELINE' &amp;&amp; FilterCondition(Title='', Class='', ControlDefinition='onchange=enableButtons() name=txtRenewal', TagInstance='2')"
\0&lt;/a&gt;
E, 3240, 26, 2013/05/24, 09:52:33.661, 1158465085547, QTAgent32.exe, Msaa.GetFocusedElement: could not find accessible object of foreground window
W, 3240, 26, 2013/05/24, 09:52:33.777, 1158466756731, QTAgent32.exe, &lt;a class=success&gt;Playback - {128} [SUCCESS] SendKeys "^+{END}" - "[Web]ControlType='Edit' &amp;&amp; TagName='INPUT' &amp;&amp; Id='' &amp;&amp; Name='txtRenewalDate' &amp;&amp; LabeledBy='' &amp;&amp; Type='SINGLELINE' &amp;&amp; FilterCondition(Title='', Class='', ControlDefinition='onchange=enableButtons() name=txtRenewal', TagInstance='2')"
\0&lt;/a&gt;
E, 3240, 26, 2013/05/24, 09:52:33.778, 1158466758936, QTAgent32.exe, Msaa.GetFocusedElement: could not find accessible object of foreground window
W, 3240, 26, 2013/05/24, 09:52:33.865, 1158468011697, QTAgent32.exe, &lt;a class=success&gt;Playback - {129} [SUCCESS] SendKeys "{DELETE}" - "[Web]ControlType='Edit' &amp;&amp; TagName='INPUT' &amp;&amp; Id='' &amp;&amp; Name='txtRenewalDate' &amp;&amp; LabeledBy='' &amp;&amp; Type='SINGLELINE' &amp;&amp; FilterCondition(Title='', Class='', ControlDefinition='onchange=enableButtons() name=txtRenewal', TagInstance='2')"
\0&lt;/a&gt;
W, 3240, 26, 2013/05/24, 09:52:34.114, 1158471578688, QTAgent32.exe, &lt;a class=success&gt;Playback - {130} [SUCCESS] SetValueAsEditBox "31/05/2013" - "[Web]ControlType='Edit' &amp;&amp; TagName='INPUT' &amp;&amp; Id='' &amp;&amp; Name='txtRenewalDate' &amp;&amp; LabeledBy='' &amp;&amp; Type='SINGLELINE' &amp;&amp; FilterCondition(Title='', Class='', ControlDefinition='onchange=enableButtons() name=txtRenewal', TagInstance='2')"  &lt; Set via SendKeys &gt;
\0&lt;/a&gt;
W, 3240, 26, 2013/05/24, 09:52:34.316, 1158474465483, QTAgent32.exe, &lt;a class=success&gt;Playback - {131} [SUCCESS] SendKeys "^{HOME}" - "[Web]ControlType='Edit' &amp;&amp; TagName='INPUT' &amp;&amp; Id='' &amp;&amp; Name='txtAutoLapseDate' &amp;&amp; LabeledBy='' &amp;&amp; Type='SINGLELINE' &amp;&amp; FilterCondition(Title='', Class='', ControlDefinition='onchange=enableButtons() name=txtAutoLap', TagInstance='4')"
\0&lt;/a&gt;
E, 3240, 26, 2013/05/24, 09:52:34.316, 1158474467210, QTAgent32.exe, Msaa.GetFocusedElement: could not find accessible object of foreground window
W, 3240, 26, 2013/05/24, 09:52:34.430, 1158476100199, QTAgent32.exe, &lt;a class=success&gt;Playback - {132} [SUCCESS] SendKeys "^+{END}" - "[Web]ControlType='Edit' &amp;&amp; TagName='INPUT' &amp;&amp; Id='' &amp;&amp; Name='txtAutoLapseDate' &amp;&amp; LabeledBy='' &amp;&amp; Type='SINGLELINE' &amp;&amp; FilterCondition(Title='', Class='', ControlDefinition='onchange=enableButtons() name=txtAutoLap', TagInstance='4')"
\0&lt;/a&gt;
E, 3240, 26, 2013/05/24, 09:52:34.430, 1158476102405, QTAgent32.exe, Msaa.GetFocusedElement: could not find accessible object of foreground window
W, 3240, 26, 2013/05/24, 09:52:34.504, 1158477163498, QTAgent32.exe, &lt;a class=success&gt;Playback - {133} [SUCCESS] SendKeys "{DELETE}" - "[Web]ControlType='Edit' &amp;&amp; TagName='INPUT' &amp;&amp; Id='' &amp;&amp; Name='txtAutoLapseDate' &amp;&amp; LabeledBy='' &amp;&amp; Type='SINGLELINE' &amp;&amp; FilterCondition(Title='', Class='', ControlDefinition='onchange=enableButtons() name=txtAutoLap', TagInstance='4')"
\0&lt;/a&gt;
W, 3240, 26, 2013/05/24, 09:52:34.746, 1158480623386, QTAgent32.exe, &lt;a class=success&gt;Playback - {134} [SUCCESS] SetValueAsEditBox "31/05/2013" - "[Web]ControlType='Edit' &amp;&amp; TagName='INPUT' &amp;&amp; Id='' &amp;&amp; Name='txtAutoLapseDate' &amp;&amp; LabeledBy='' &amp;&amp; Type='SINGLELINE' &amp;&amp; FilterCondition(Title='', Class='', ControlDefinition='onchange=enableButtons() name=txtAutoLap', TagInstance='4')"  &lt; Set via SendKeys &gt;
\0&lt;/a&gt;
W, 3240, 26, 2013/05/24, 09:52:34.985, 1158484051677, QTAgent32.exe, &lt;a class=success&gt;Playback - {135} [SUCCESS] MouseButtonClick - "[Web]ControlType='Edit' &amp;&amp; TagName='TEXTAREA' &amp;&amp; Id='' &amp;&amp; Name='txtClientXml' &amp;&amp; LabeledBy='' &amp;&amp; FilterCondition(Title='', Class='', ControlDefinition='onchange=enableButtons() wrap=off cols=5', TagInstance='1')"
\0&lt;/a&gt;
W, 3240, 26, 2013/05/24, 09:52:35.335, 1158489056393, QTAgent32.exe, &lt;a class=success&gt;Playback - {136} [SUCCESS] MouseButtonClick - "[Web]ControlType='Button' &amp;&amp; TagName='INPUT' &amp;&amp; Id='getXmlButton' &amp;&amp; Name='getXmlButton' &amp;&amp; FilterCondition(DisplayText='Get XML from Server', Type='button', Title='Click to get xml from server', Class='', ControlDefinition='id=getXmlButton title="Click to get xml ', TagInstance='5')"
\0&lt;/a&gt;
W, 3240, 26, 2013/05/24, 09:52:36.217, 1158501694444, QTAgent32.exe, &lt;a class=success&gt;Playback - {137} [SUCCESS] MouseButtonClick - "[Web]ControlType='Button' &amp;&amp; TagName='INPUT' &amp;&amp; Id='buttonCreate' &amp;&amp; Name='buttonCreate' &amp;&amp; FilterCondition(DisplayText='  Create Record  ', Type='button', Title='Click to create the new record', Class='', ControlDefinition='id=buttonCreate title="Click to create t', TagInstance='6')"
\0&lt;/a&gt;
W, 3240, 26, 2013/05/24, 09:52:36.471, 1158505332657, QTAgent32.exe, &lt;a class=success&gt;Playback - {138} [SUCCESS] MouseButtonClick - "[MSAA, VisibleOnly]ControlType='Button' &amp;&amp; Name='OK'"
\0&lt;/a&gt;
W, 3240, 26, 2013/05/24, 09:52:41.646, 1158579414030, QTAgent32.exe, &lt;a class=success&gt;Playback - {139} [SUCCESS] TypeString "%({F4})"
\0&lt;/a&gt;
W, 3240, 26, 2013/05/24, 09:52:41.838, 1158582170575, QTAgent32.exe, &lt;a class=success&gt;Playback - {140} [SUCCESS] SendKeys "^{HOME}" - "[MSAA, VisibleOnly]ControlType='Edit'"
\0&lt;/a&gt;
E, 3240, 26, 2013/05/24, 09:52:41.839, 1158582178580, QTAgent32.exe, Msaa.GetFocusedElement: could not find accessible object of foreground window
W, 3240, 26, 2013/05/24, 09:52:41.897, 1158583011500, QTAgent32.exe, &lt;a class=success&gt;Playback - {141} [SUCCESS] SendKeys "^+{END}" - "[MSAA, VisibleOnly]ControlType='Edit'"
\0&lt;/a&gt;
E, 3240, 26, 2013/05/24, 09:52:41.897, 1158583013635, QTAgent32.exe, Msaa.GetFocusedElement: could not find accessible object of foreground window
W, 3240, 26, 2013/05/24, 09:52:41.912, 1158583237462, QTAgent32.exe, &lt;a class=success&gt;Playback - {142} [SUCCESS] SendKeys "{DELETE}" - "[MSAA, VisibleOnly]ControlType='Edit'"
\0&lt;/a&gt;
W, 3240, 26, 2013/05/24, 09:52:42.149, 1158586624294, QTAgent32.exe, &lt;a class=success&gt;Playback - {143} [SUCCESS] SetValueAsEditBox "31/05/2012" - "[MSAA, VisibleOnly]ControlType='Edit'"  &lt; Set via SendKeys &gt;
\0&lt;/a&gt;
W, 3240, 26, 2013/05/24, 09:52:42.503, 1158591693201, QTAgent32.exe, &lt;a class=success&gt;Playback - {144} [SUCCESS] MouseButtonClick - "[MSAA, VisibleOnly]ControlType='Button' &amp;&amp; Name='OK'"
\0&lt;/a&gt;
W, 3240, 26, 2013/05/24, 09:52:43.435, 1158605044648, QTAgent32.exe, &lt;a class=success&gt;Playback - {145} [SUCCESS] MouseButtonClick - "[MSAA, VisibleOnly]ControlType='Client'"
\0&lt;/a&gt;
W, 3240, 26, 2013/05/24, 09:52:43.793, 1158610168251, QTAgent32.exe, &lt;a class=success&gt;Playback - {146} [SUCCESS] MouseButtonClick - "[MSAA, VisibleOnly]ControlType='Client'"
\0&lt;/a&gt;
W, 3240, 26, 2013/05/24, 09:52:44.590, 1158621585731, QTAgent32.exe, &lt;a class=success&gt;Playback - {147} [SUCCESS] SetValueAsEditBox "AUTO153" - "[MSAA, VisibleOnly]ControlType='Edit'"  &lt; Set via SendKeys &gt;
\0&lt;/a&gt;
W, 3240, 26, 2013/05/24, 09:52:44.828, 1158624986378, QTAgent32.exe, &lt;a class=success&gt;Playback - {148} [SUCCESS] SetValueAsEditBox "-1001" - "[MSAA, VisibleOnly]ControlType='Edit'"  &lt; Set via SendKeys &gt;
\0&lt;/a&gt;
W, 3240, 26, 2013/05/24, 09:52:45.093, 1158628771994, QTAgent32.exe, Playback - [WARNING] Internal warning: Incorrect flag set for InvokeProgrammaticAction\0
W, 3240, 26, 2013/05/24, 09:52:45.211, 1158630470446, QTAgent32.exe, &lt;a class=success&gt;Playback - {149} [SUCCESS] SetValueAsComboBox "Household" - "[MSAA, VisibleOnly]ControlType='ComboBox'"  &lt; SetValueAsComboBox, set by clicking on the item in the list box &gt;
\0&lt;/a&gt;
W, 3240, 26, 2013/05/24, 09:52:45.365, 1158632664481, QTAgent32.exe, &lt;a class=success&gt;Playback - {150} [SUCCESS] SendKeys "^{HOME}" - "[MSAA, VisibleOnly]ControlType='Edit'"
\0&lt;/a&gt;
E, 3240, 26, 2013/05/24, 09:52:45.365, 1158632666081, QTAgent32.exe, Msaa.GetFocusedElement: could not find accessible object of foreground window
W, 3240, 26, 2013/05/24, 09:52:45.417, 1158633415932, QTAgent32.exe, &lt;a class=success&gt;Playback - {151} [SUCCESS] SendKeys "^+{END}" - "[MSAA, VisibleOnly]ControlType='Edit'"
\0&lt;/a&gt;
E, 3240, 26, 2013/05/24, 09:52:45.417, 1158633417747, QTAgent32.exe, Msaa.GetFocusedElement: could not find accessible object of foreground window
W, 3240, 26, 2013/05/24, 09:52:45.431, 1158633610675, QTAgent32.exe, &lt;a class=success&gt;Playback - {152} [SUCCESS] SendKeys "{DELETE}" - "[MSAA, VisibleOnly]ControlType='Edit'"
\0&lt;/a&gt;
W, 3240, 26, 2013/05/24, 09:52:45.645, 1158636685152, QTAgent32.exe, &lt;a class=success&gt;Playback - {153} [SUCCESS] SetValueAsEditBox "31/05/2012" - "[MSAA, VisibleOnly]ControlType='Edit'"  &lt; Set via SendKeys &gt;
\0&lt;/a&gt;
W, 3240, 26, 2013/05/24, 09:52:45.872, 1158639935869, QTAgent32.exe, &lt;a class=success&gt;Playback - {154} [SUCCESS] MouseButtonClick - "[MSAA, VisibleOnly]ControlType='Button' &amp;&amp; Name='Regress'"
\0&lt;/a&gt;
W, 3240, 26, 2013/05/24, 09:52:46.215, 1158644837397, QTAgent32.exe, &lt;a class=success&gt;Playback - {155} [SUCCESS] MouseButtonClick - "[MSAA, VisibleOnly]ControlType='Button' &amp;&amp; Name='Exit'"
\0&lt;/a&gt;
W, 3240, 26, 2013/05/24, 09:52:46.453, 1158648245168, QTAgent32.exe, &lt;a class=success&gt;Playback - {156} [SUCCESS] MouseButtonClick - "[MSAA, VisibleOnly]ControlType='Button'"
\0&lt;/a&gt;
W, 3240, 26, 2013/05/24, 09:52:46.678, 1158651472894, QTAgent32.exe, &lt;a class=success&gt;Playback - {157} [SUCCESS] MouseButtonClick - "[MSAA, VisibleOnly]ControlType='Button' &amp;&amp; Name='Options'"
\0&lt;/a&gt;
W, 3240, 26, 2013/05/24, 09:52:46.778, 1158652910110, QTAgent32.exe, FindScreenElementInSinglePass : Attempting to find control in one pass of search. Failures can occur.
W, 3240, 26, 2013/05/24, 09:52:46.922, 1158654967751, QTAgent32.exe, &lt;a class=success&gt;Playback - {158} [SUCCESS] MouseButtonClick - "[MSAA]ControlType='MenuItem' &amp;&amp; Name='Links'"
\0&lt;/a&gt;
W, 3240, 26, 2013/05/24, 09:52:47.022, 1158656403628, QTAgent32.exe, FindScreenElementInSinglePass : Attempting to find control in one pass of search. Failures can occur.
W, 3240, 26, 2013/05/24, 09:52:47.168, 1158658483965, QTAgent32.exe, &lt;a class=success&gt;Playback - {159} [SUCCESS] MouseButtonClick - "[MSAA]ControlType='MenuItem' &amp;&amp; Name='3rd Party Integration'"
\0&lt;/a&gt;
W, 3240, 26, 2013/05/24, 09:52:47.268, 1158659919399, QTAgent32.exe, FindScreenElementInSinglePass : Attempting to find control in one pass of search. Failures can occur.
W, 3240, 26, 2013/05/24, 09:52:47.418, 1158662069495, QTAgent32.exe, &lt;a class=success&gt;Playback - {160} [SUCCESS] MouseButtonClick - "[MSAA]ControlType='MenuItem' &amp;&amp; Name='Renewals Loader'"
\0&lt;/a&gt;
W, 3240, 26, 2013/05/24, 09:52:47.652, 1158665423445, QTAgent32.exe, &lt;a class=success&gt;Playback - {161} [SUCCESS] MouseButtonClick - "[MSAA, VisibleOnly]ControlType='TitleBar'"
\0&lt;/a&gt;
W, 3240, 26, 2013/05/24, 09:52:47.818, 1158667793899, QTAgent32.exe, &lt;a class=success&gt;Playback - {162} [SUCCESS] SendKeys "^{HOME}" - "[MSAA, VisibleOnly]ControlType='Edit'"
\0&lt;/a&gt;
E, 3240, 26, 2013/05/24, 09:52:47.818, 1158667795794, QTAgent32.exe, Msaa.GetFocusedElement: could not find accessible object of foreground window
W, 3240, 26, 2013/05/24, 09:52:47.871, 1158668560388, QTAgent32.exe, &lt;a class=success&gt;Playback - {163} [SUCCESS] SendKeys "^+{END}" - "[MSAA, VisibleOnly]ControlType='Edit'"
\0&lt;/a&gt;
E, 3240, 26, 2013/05/24, 09:52:47.871, 1158668562512, QTAgent32.exe, Msaa.GetFocusedElement: could not find accessible object of foreground window
W, 3240, 26, 2013/05/24, 09:52:47.885, 1158668760095, QTAgent32.exe, &lt;a class=success&gt;Playback - {164} [SUCCESS] SendKeys "{DELETE}" - "[MSAA, VisibleOnly]ControlType='Edit'"
\0&lt;/a&gt;
W, 3240, 26, 2013/05/24, 09:52:48.105, 1158671909356, QTAgent32.exe, &lt;a class=success&gt;Playback - {165} [SUCCESS] SetValueAsEditBox "24/05/2013" - "[MSAA, VisibleOnly]ControlType='Edit'"  &lt; Set via SendKeys &gt;
\0&lt;/a&gt;
W, 3240, 26, 2013/05/24, 09:52:48.273, 1158674306435, QTAgent32.exe, &lt;a class=success&gt;Playback - {166} [SUCCESS] SendKeys "^{HOME}" - "[MSAA, VisibleOnly]ControlType='Edit'"
\0&lt;/a&gt;
E, 3240, 26, 2013/05/24, 09:52:48.274, 1158674320263, QTAgent32.exe, Msaa.GetFocusedElement: could not find accessible object of foreground window
W, 3240, 26, 2013/05/24, 09:52:48.333, 1158675175933, QTAgent32.exe, &lt;a class=success&gt;Playback - {167} [SUCCESS] SendKeys "^+{END}" - "[MSAA, VisibleOnly]ControlType='Edit'"
\0&lt;/a&gt;
E, 3240, 26, 2013/05/24, 09:52:48.333, 1158675178308, QTAgent32.exe, Msaa.GetFocusedElement: could not find accessible object of foreground window
W, 3240, 26, 2013/05/24, 09:52:48.348, 1158675384463, QTAgent32.exe, &lt;a class=success&gt;Playback - {168} [SUCCESS] SendKeys "{DELETE}" - "[MSAA, VisibleOnly]ControlType='Edit'"
\0&lt;/a&gt;
W, 3240, 26, 2013/05/24, 09:52:48.569, 1158678546966, QTAgent32.exe, &lt;a class=success&gt;Playback - {169} [SUCCESS] SetValueAsEditBox "07/06/2013" - "[MSAA, VisibleOnly]ControlType='Edit'"  &lt; Set via SendKeys &gt;
\0&lt;/a&gt;
W, 3240, 26, 2013/05/24, 09:52:48.939, 1158683837212, QTAgent32.exe, &lt;a class=success&gt;Playback - {170} [SUCCESS] MouseButtonClick - "[MSAA, VisibleOnly]ControlType='Button' &amp;&amp; Name='Run'"
\0&lt;/a&gt;
W, 3240, 26, 2013/05/24, 09:52:54.315, 1158760825434, QTAgent32.exe, Playback - [WARNING] Internal warning: Window Not Found: [VisibleOnly]Name='insurE-com System Maintenance' &amp;&amp; ClassName='IEFrame' &amp;&amp; ControlType='Window'
\0
E, 3240, 26, 2013/05/24, 09:52:54.316, 1158760827807, QTAgent32.exe, &lt;a class=failure&gt;Playback - {171} [FAILED] Function ElementFetcher::FindScreenElement failed to locate UI element (Searching: ;[VisibleOnly]Name='insurE-com System Maintenance' &amp;&amp; ClassName='IEFrame' &amp;&amp; ControlType='Window') (The object specified was not found.)
\0&lt;/a&gt;
E, 3240, 26, 2013/05/24, 09:52:54.360, 1158761465206, QTAgent32.exe, Playback - [IMAGE] C:\Users\testuser\AppData\Local\Temp\UITestLogs\LastRun\RPFE27F.png
\0
W, 3240, 26, 2013/05/24, 09:52:54.360, 1158761466761, QTAgent32.exe, Playback - [WARNING] Internal warning: Couldn't find descendants that match QueryId
\0
W, 3240, 26, 2013/05/24, 09:53:12.427, 1159020141963, QTAgent32.exe, Playback - [WARNING] Internal warning: Window Not Found: [VisibleOnly]Name='insurE-com System Maintenance' &amp;&amp; ClassName='IEFrame' &amp;&amp; ControlType='Window'
\0
E, 3240, 26, 2013/05/24, 09:53:12.427, 1159020144212, QTAgent32.exe, &lt;a class=failure&gt;Playback - {172} [FAILED] Function ElementFetcher::FindScreenElement failed to locate UI element (Searching: ;[VisibleOnly]Name='insurE-com System Maintenance' &amp;&amp; ClassName='IEFrame' &amp;&amp; ControlType='Window') (The object specified was not found.)
\0&lt;/a&gt;
E, 3240, 26, 2013/05/24, 09:53:12.465, 1159020689888, QTAgent32.exe, Playback - [IMAGE] C:\Users\testuser\AppData\Local\Temp\UITestLogs\LastRun\RPF293F.png
\0
W, 3240, 26, 2013/05/24, 09:53:12.465, 1159020691611, QTAgent32.exe, Playback - [WARNING] Internal warning: Couldn't find descendants that match QueryId
\0
W, 3240, 26, 2013/05/24, 09:53:12.465, 1159020694171, QTAgent32.exe, PERF WARNING: FindTopLevelWindowHelper::FindAllDescendents: took 18104 ms. Expected it to take maximum 500 ms.
W, 3240, 26, 2013/05/24, 09:53:12.922, 1159027231655, QTAgent32.exe, Playback - [WARNING] Internal warning: Smart Match failed
\0
W, 3240, 26, 2013/05/24, 09:53:13.113, 1159029967456, QTAgent32.exe, Playback - [WARNING] Internal warning: Smart Match failed
\0
W, 3240, 26, 2013/05/24, 09:53:13.307, 1159032743499, QTAgent32.exe, Playback - [WARNING] Internal warning: Smart Match failed
\0
W, 3240, 26, 2013/05/24, 09:53:13.495, 1159035447350, QTAgent32.exe, Playback - [WARNING] Internal warning: Smart Match failed
\0
W, 3240, 26, 2013/05/24, 09:53:13.688, 1159038205824, QTAgent32.exe, Playback - [WARNING] Internal warning: Smart Match failed
\0
W, 3240, 26, 2013/05/24, 09:53:13.910, 1159041382543, QTAgent32.exe, Playback - [WARNING] Internal warning: Smart Match failed
\0
W, 3240, 26, 2013/05/24, 09:53:14.105, 1159044175487, QTAgent32.exe, Playback - [WARNING] Internal warning: Smart Match failed
\0
W, 3240, 26, 2013/05/24, 09:53:14.296, 1159046908355, QTAgent32.exe, Playback - [WARNING] Internal warning: Smart Match failed
\0
W, 3240, 26, 2013/05/24, 09:53:14.482, 1159049571453, QTAgent32.exe, Playback - [WARNING] Internal warning: Smart Match failed
\0
W, 3240, 26, 2013/05/24, 09:53:14.668, 1159052238009, QTAgent32.exe, Playback - [WARNING] Internal warning: Smart Match failed
\0
W, 3240, 26, 2013/05/24, 09:53:14.853, 1159054883955, QTAgent32.exe, Playback - [WARNING] Internal warning: Smart Match failed
\0
W, 3240, 26, 2013/05/24, 09:53:15.040, 1159057560726, QTAgent32.exe, Playback - [WARNING] Internal warning: Smart Match failed
\0
W, 3240, 26, 2013/05/24, 09:53:15.223, 1159060189335, QTAgent32.exe, Playback - [WARNING] Internal warning: Smart Match failed
\0
W, 3240, 26, 2013/05/24, 09:53:15.410, 1159062861980, QTAgent32.exe, Playback - [WARNING] Internal warning: Smart Match failed
\0
W, 3240, 26, 2013/05/24, 09:53:15.483, 1159063913414, QTAgent32.exe, Playback - [WARNING] Internal warning: Window Not Found: [VisibleOnly]Name='insurE-com System Maintenance' &amp;&amp; ClassName='IEFrame' &amp;&amp; ControlType='Window'
\0
E, 3240, 26, 2013/05/24, 09:53:15.483, 1159063915067, QTAgent32.exe, &lt;a class=failure&gt;Playback - {173} [FAILED] Function ElementFetcher::FindScreenElement failed to locate UI element (Searching: ;[VisibleOnly]Name='insurE-com System Maintenance' &amp;&amp; ClassName='IEFrame' &amp;&amp; ControlType='Window') (The object specified was not found.)
\0&lt;/a&gt;
E, 3240, 26, 2013/05/24, 09:53:15.520, 1159064434482, QTAgent32.exe, Playback - [IMAGE] C:\Users\testuser\AppData\Local\Temp\UITestLogs\LastRun\RPF3532.png
\0
W, 3240, 26, 2013/05/24, 09:53:15.520, 1159064436007, QTAgent32.exe, Playback - [WARNING] Internal warning: Couldn't find descendants that match QueryId
\0
W, 3240, 26, 2013/05/24, 09:53:15.520, 1159064438355, QTAgent32.exe, PERF WARNING: FindTopLevelWindowHelper::FindAllDescendents: took 3054 ms. Expected it to take maximum 500 ms.
E, 3240, 26, 2013/05/24, 09:53:15.520, 1159064440090, QTAgent32.exe, Exception: System.Runtime.InteropServices.COMException
	Message: Error HRESULT E_FAIL has been returned from a call to a COM component.
	Stack Trace:    at Microsoft.VisualStudio.TestTools.UITest.Playback.Engine.IRPFPlayback.FindAllScreenElements(IScreenElement pScreenElementStart, String bstrQueryId, Object&amp; pvarResKeys, Int32 cResKeys, Int32 nMaxDepth, Object[]&amp; foundDescendants)
   at Microsoft.VisualStudio.TestTools.UITest.Playback.ScreenElement.FindTopLevelWindowHelper(String queryId)
	BaseExceptionMessage: Error HRESULT E_FAIL has been returned from a call to a COM component.

E, 3240, 26, 2013/05/24, 09:53:15.520, 1159064442710, QTAgent32.exe, Window 2163842 not responding. Last Win32 error 0
E, 3240, 26, 2013/05/24, 09:53:15.520, 1159064443587, QTAgent32.exe, GetClassName for handle 2163842 failed
E, 3240, 26, 2013/05/24, 09:53:15.520, 1159064445443, QTAgent32.exe, Window 2163842 not responding. Last Win32 error 1400
E, 3240, 26, 2013/05/24, 09:53:15.520, 1159064446169, QTAgent32.exe, GetClassName for handle 2163842 failed
E, 3240, 26, 2013/05/24, 09:53:15.621, 1159065882637, QTAgent32.exe, AL: Playback Error: Microsoft.VisualStudio.TestTools.UITest.Extension.UITestControlNotAvailableException: The control is not available or not valid. Additional Details: 
TechnologyName:  'MSAA'
Name:  'insurE-com System Maintenance'
ClassName:  'IEFrame'
ControlType:  'Window'
 ---&gt; System.Runtime.InteropServices.COMException: Error HRESULT E_FAIL has been returned from a call to a COM component.
   at Microsoft.VisualStudio.TestTools.UITest.Playback.Engine.IRPFPlayback.FindAllScreenElements(IScreenElement pScreenElementStart, String bstrQueryId, Object&amp; pvarResKeys, Int32 cResKeys, Int32 nMaxDepth, Object[]&amp; foundDescendants)
   at Microsoft.VisualStudio.TestTools.UITest.Playback.ScreenElement.FindTopLevelWindowHelper(String queryId)
   at Microsoft.VisualStudio.TestTools.UITest.Playback.ScreenElement.FindFromPartialQueryId(String queryId)
   at Microsoft.VisualStudio.TestTools.UITesting.UITestControl.EnsureValid(Boolean waitForReady, Boolean refetch)
   --- End of inner exception stack trace ---
   at Microsoft.VisualStudio.TestTools.UITesting.UITestControl.EnsureValid(Boolean waitForReady, Boolean refetch)
   at Microsoft.VisualStudio.TestTools.UITesting.UITestControl.SendKeys(String text, ModifierKeys modifierKeys, Boolean isEncoded, Boolean isUnicode)
   at Microsoft.VisualStudio.TestTools.UITesting.Keyboard.SendKeysImplementation(UITestControl control, String text, ModifierKeys modifierKeys, Boolean isEncoded, Boolean isUnicode)
   at Microsoft.VisualStudio.TestTools.UITesting.Keyboard.SendKeysImplementationWrapper(UITestControl control, String text, ModifierKeys modifierKeys, Boolean isEncoded, Boolean isUnicode)
W, 3240, 26, 2013/05/24, 09:53:15.621, 1159065883803, QTAgent32.exe, PlaybackErrorHandler: Ignoring exception as ContinueOnError is set.
W, 3240, 26, 2013/05/24, 09:53:16.323, 1159075929641, QTAgent32.exe, &lt;a class=success&gt;Playback - {174} [SUCCESS] MouseButtonClick - "[MSAA, VisibleOnly]ControlType='TitleBar'"
\0&lt;/a&gt;
W, 3240, 26, 2013/05/24, 09:53:16.568, 1159079436349, QTAgent32.exe, &lt;a class=success&gt;Playback - {175} [SUCCESS] MouseButtonClick - "[MSAA, VisibleOnly]ControlType='Button' &amp;&amp; Name='Close'"
\0&lt;/a&gt;
W, 3240, 26, 2013/05/24, 09:53:17.386, 1159091158950, QTAgent32.exe, &lt;a class=success&gt;Playback - {176} [SUCCESS] MouseButtonClick - "[MSAA, VisibleOnly]ControlType='Button' &amp;&amp; Name='Options'"
\0&lt;/a&gt;
W, 3240, 26, 2013/05/24, 09:53:17.488, 1159092619086, QTAgent32.exe, FindScreenElementInSinglePass : Attempting to find control in one pass of search. Failures can occur.
W, 3240, 26, 2013/05/24, 09:53:17.635, 1159094714071, QTAgent32.exe, &lt;a class=success&gt;Playback - {177} [SUCCESS] MouseButtonClick - "[MSAA]ControlType='MenuItem' &amp;&amp; Name='Links'"
\0&lt;/a&gt;
W, 3240, 26, 2013/05/24, 09:53:17.735, 1159096149482, QTAgent32.exe, FindScreenElementInSinglePass : Attempting to find control in one pass of search. Failures can occur.
W, 3240, 26, 2013/05/24, 09:53:17.885, 1159098294397, QTAgent32.exe, &lt;a class=success&gt;Playback - {178} [SUCCESS] MouseButtonClick - "[MSAA]ControlType='MenuItem' &amp;&amp; Name='3rd Party Integration'"
\0&lt;/a&gt;
W, 3240, 26, 2013/05/24, 09:53:17.985, 1159099729907, QTAgent32.exe, FindScreenElementInSinglePass : Attempting to find control in one pass of search. Failures can occur.
W, 3240, 26, 2013/05/24, 09:53:18.138, 1159101915538, QTAgent32.exe, &lt;a class=success&gt;Playback - {179} [SUCCESS] MouseButtonClick - "[MSAA]ControlType='MenuItem' &amp;&amp; Name='Renewals Module'"
\0&lt;/a&gt;
W, 3240, 26, 2013/05/24, 09:53:18.594, 1159108458136, QTAgent32.exe, &lt;a class=success&gt;Playback - {180} [SUCCESS] SetValueAsEditBox "1" - "[MSAA, VisibleOnly]ControlType='Edit'"  &lt; Set via SendKeys &gt;
\0&lt;/a&gt;
W, 3240, 26, 2013/05/24, 09:53:19.152, 1159116441064, QTAgent32.exe, &lt;a class=success&gt;Playback - {181} [SUCCESS] MouseButtonClick - "[MSAA, VisibleOnly]ControlType='Button' &amp;&amp; Name='Ok'"
\0&lt;/a&gt;
W, 3240, 26, 2013/05/24, 09:53:19.488, 1159121250500, QTAgent32.exe, Playback - [WARNING] Internal warning: Window Not Found: [VisibleOnly]ControlType='Window' &amp;&amp; Name='Confirm' &amp;&amp; ClassName='#32770'
\0
E, 3240, 26, 2013/05/24, 09:53:19.488, 1159121252597, QTAgent32.exe, &lt;a class=failure&gt;Playback - {182} [FAILED] Function ElementFetcher::FindScreenElement failed to locate UI element (Searching: ;[VisibleOnly]ControlType='Window' &amp;&amp; Name='Confirm' &amp;&amp; ClassName='#32770') (The object specified was not found.)
\0&lt;/a&gt;
E, 3240, 26, 2013/05/24, 09:53:19.533, 1159121901456, QTAgent32.exe, Playback - [IMAGE] C:\Users\testuser\AppData\Local\Temp\UITestLogs\LastRun\RPF44CD.png
\0
W, 3240, 26, 2013/05/24, 09:53:19.533, 1159121902951, QTAgent32.exe, Playback - [WARNING] Internal warning: Couldn't find descendants that match QueryId
\0
W, 3240, 26, 2013/05/24, 09:53:37.587, 1159380400389, QTAgent32.exe, Playback - [WARNING] Internal warning: Window Not Found: [VisibleOnly]ControlType='Window' &amp;&amp; Name='Confirm' &amp;&amp; ClassName='#32770'
\0
E, 3240, 26, 2013/05/24, 09:53:37.587, 1159380402564, QTAgent32.exe, &lt;a class=failure&gt;Playback - {183} [FAILED] Function ElementFetcher::FindScreenElement failed to locate UI element (Searching: ;[VisibleOnly]ControlType='Window' &amp;&amp; Name='Confirm' &amp;&amp; ClassName='#32770') (The object specified was not found.)
\0&lt;/a&gt;
E, 3240, 26, 2013/05/24, 09:53:37.632, 1159381040249, QTAgent32.exe, Playback - [IMAGE] C:\Users\testuser\AppData\Local\Temp\UITestLogs\LastRun\RPF8B7E.png
\0
W, 3240, 26, 2013/05/24, 09:53:37.632, 1159381041792, QTAgent32.exe, Playback - [WARNING] Internal warning: Couldn't find descendants that match QueryId
\0
W, 3240, 26, 2013/05/24, 09:53:37.632, 1159381044144, QTAgent32.exe, PERF WARNING: FindTopLevelWindowHelper::FindAllDescendents: took 18098 ms. Expected it to take maximum 500 ms.
W, 3240, 26, 2013/05/24, 09:53:38.085, 1159387526573, QTAgent32.exe, Playback - [WARNING] Internal warning: Smart Match failed
\0
W, 3240, 26, 2013/05/24, 09:53:38.285, 1159390387959, QTAgent32.exe, Playback - [WARNING] Internal warning: Smart Match failed
\0
W, 3240, 26, 2013/05/24, 09:53:38.473, 1159393081037, QTAgent32.exe, Playback - [WARNING] Internal warning: Smart Match failed
\0
W, 3240, 26, 2013/05/24, 09:53:38.662, 1159395797143, QTAgent32.exe, Playback - [WARNING] Internal warning: Smart Match failed
\0
W, 3240, 26, 2013/05/24, 09:53:38.848, 1159398459088, QTAgent32.exe, Playback - [WARNING] Internal warning: Smart Match failed
\0
W, 3240, 26, 2013/05/24, 09:53:39.034, 1159401120035, QTAgent32.exe, Playback - [WARNING] Internal warning: Smart Match failed
\0
W, 3240, 26, 2013/05/24, 09:53:39.219, 1159403760185, QTAgent32.exe, Playback - [WARNING] Internal warning: Smart Match failed
\0
W, 3240, 26, 2013/05/24, 09:53:39.410, 1159406500301, QTAgent32.exe, Playback - [WARNING] Internal warning: Smart Match failed
\0
W, 3240, 26, 2013/05/24, 09:53:39.595, 1159409153177, QTAgent32.exe, Playback - [WARNING] Internal warning: Smart Match failed
\0
W, 3240, 26, 2013/05/24, 09:53:39.780, 1159411802060, QTAgent32.exe, Playback - [WARNING] Internal warning: Smart Match failed
\0
W, 3240, 26, 2013/05/24, 09:53:39.967, 1159414464672, QTAgent32.exe, Playback - [WARNING] Internal warning: Smart Match failed
\0
W, 3240, 26, 2013/05/24, 09:53:40.153, 1159417140113, QTAgent32.exe, Playback - [WARNING] Internal warning: Smart Match failed
\0
W, 3240, 26, 2013/05/24, 09:53:40.342, 1159419842800, QTAgent32.exe, Playback - [WARNING] Internal warning: Smart Match failed
\0
W, 3240, 26, 2013/05/24, 09:53:40.533, 1159422582122, QTAgent32.exe, Playback - [WARNING] Internal warning: Smart Match failed
\0
W, 3240, 26, 2013/05/24, 09:53:40.721, 1159425270483, QTAgent32.exe, Playback - [WARNING] Internal warning: Smart Match failed
\0
W, 3240, 26, 2013/05/24, 09:53:40.799, 1159426381869, QTAgent32.exe, Playback - [WARNING] Internal warning: Window Not Found: [VisibleOnly]ControlType='Window' &amp;&amp; Name='Confirm' &amp;&amp; ClassName='#32770'
\0
E, 3240, 26, 2013/05/24, 09:53:40.799, 1159426383628, QTAgent32.exe, &lt;a class=failure&gt;Playback - {184} [FAILED] Function ElementFetcher::FindScreenElement failed to locate UI element (Searching: ;[VisibleOnly]ControlType='Window' &amp;&amp; Name='Confirm' &amp;&amp; ClassName='#32770') (The object specified was not found.)
\0&lt;/a&gt;
E, 3240, 26, 2013/05/24, 09:53:40.842, 1159426998006, QTAgent32.exe, Playback - [IMAGE] C:\Users\testuser\AppData\Local\Temp\UITestLogs\LastRun\RPF980C.png
\0
W, 3240, 26, 2013/05/24, 09:53:40.842, 1159426999523, QTAgent32.exe, Playback - [WARNING] Internal warning: Couldn't find descendants that match QueryId
\0
W, 3240, 26, 2013/05/24, 09:53:40.842, 1159427002224, QTAgent32.exe, PERF WARNING: FindTopLevelWindowHelper::FindAllDescendents: took 3209 ms. Expected it to take maximum 500 ms.
E, 3240, 26, 2013/05/24, 09:53:40.842, 1159427003854, QTAgent32.exe, Exception: System.Runtime.InteropServices.COMException
	Message: Error HRESULT E_FAIL has been returned from a call to a COM component.
	Stack Trace:    at Microsoft.VisualStudio.TestTools.UITest.Playback.Engine.IRPFPlayback.FindAllScreenElements(IScreenElement pScreenElementStart, String bstrQueryId, Object&amp; pvarResKeys, Int32 cResKeys, Int32 nMaxDepth, Object[]&amp; foundDescendants)
   at Microsoft.VisualStudio.TestTools.UITest.Playback.ScreenElement.FindTopLevelWindowHelper(String queryId)
	BaseExceptionMessage: Error HRESULT E_FAIL has been returned from a call to a COM component.

E, 3240, 26, 2013/05/24, 09:53:40.943, 1159428445227, QTAgent32.exe, AL: Playback Error: Microsoft.VisualStudio.TestTools.UITest.Extension.UITestControlNotFoundException: The playback failed to find the control with the given search properties. Additional Details: 
TechnologyName:  'MSAA'
ControlType:  'Window'
Name:  'Confirm'
ClassName:  '#32770'
 ---&gt; System.Runtime.InteropServices.COMException: Error HRESULT E_FAIL has been returned from a call to a COM component.
   at Microsoft.VisualStudio.TestTools.UITest.Playback.Engine.IRPFPlayback.FindAllScreenElements(IScreenElement pScreenElementStart, String bstrQueryId, Object&amp; pvarResKeys, Int32 cResKeys, Int32 nMaxDepth, Object[]&amp; foundDescendants)
   at Microsoft.VisualStudio.TestTools.UITest.Playback.ScreenElement.FindTopLevelWindowHelper(String queryId)
   at Microsoft.VisualStudio.TestTools.UITest.Playback.ScreenElement.FindFromPartialQueryId(String queryId)
   at Microsoft.VisualStudio.TestTools.UITesting.UITestControl..ctor(String queryId)
   --- End of inner exception stack trace ---
   at Microsoft.VisualStudio.TestTools.UITesting.Playback.MapControlNotFoundException(COMException ex, IPlaybackContext context)
   at Microsoft.VisualStudio.TestTools.UITesting.Playback.MapAndThrowComException(COMException innerException, IPlaybackContext context)
   at Microsoft.VisualStudio.TestTools.UITesting.Playback.MapAndThrowException(SystemException exception, IPlaybackContext context)
   at Microsoft.VisualStudio.TestTools.UITesting.Playback.MapAndThrowException(SystemException exception, String queryId)
   at Microsoft.VisualStudio.TestTools.UITesting.UITestControl..ctor(String queryId)
   at Microsoft.VisualStudio.TestTools.UITesting.SearchHelper.SearchTopLevelWindow(ISearchArgument topLevelSearchArg, String topLevelElementQueryId)
   at Microsoft.VisualStudio.TestTools.UITesting.SearchHelper.GetTitleUpdatedTopLevelWindow(ISearchArgument topLevelSearchArg, String queryId, IList`1 windowTitles)
   at Microsoft.VisualStudio.TestTools.UITesting.SearchHelper.GetTopLevelElement(Boolean useCache, Boolean useCacheOnly, ISearchArgument searchArg, IList`1 windowTitles, Int32&amp; timeLeft)
   at Microsoft.VisualStudio.TestTools.UITesting.SearchHelper.GetElement(Boolean useCache, ISearchArgument searchArg)
   at Microsoft.VisualStudio.TestTools.UITesting.SearchHelper.Search(ISearchArgument searchArg)
   at Microsoft.VisualStudio.TestTools.UITesting.UITestControl.FindInternal()
   at Microsoft.VisualStudio.TestTools.UITesting.UITestControl.FindControlIfNecessary()
   at Microsoft.VisualStudio.TestTools.UITesting.UITestControl.Click(MouseButtons button, ModifierKeys modifierKeys, Point relativeCoordinates)
   at Microsoft.VisualStudio.TestTools.UITesting.Mouse.ClickImplementation(UITestControl control, MouseButtons button, ModifierKeys modifierKeys, Point relativeCoordinate)
   at Microsoft.VisualStudio.TestTools.UITesting.Mouse.ClickImplementationWrapper(UITestControl control, MouseButtons button, ModifierKeys modifierKeys, Point relativeCoordinate)
W, 3240, 26, 2013/05/24, 09:53:40.943, 1159428447077, QTAgent32.exe, PlaybackErrorHandler: Ignoring exception as ContinueOnError is set.
W, 3240, 26, 2013/05/24, 09:53:41.184, 1159431892395, QTAgent32.exe, Playback - [WARNING] Internal warning: Window Not Found: [VisibleOnly]ControlType='Window' &amp;&amp; Name='Personal Lines' &amp;&amp; ClassName='#32770'
\0
E, 3240, 26, 2013/05/24, 09:53:41.184, 1159431894492, QTAgent32.exe, &lt;a class=failure&gt;Playback - {185} [FAILED] Function ElementFetcher::FindScreenElement failed to locate UI element (Searching: ;[VisibleOnly]ControlType='Window' &amp;&amp; Name='Personal Lines' &amp;&amp; ClassName='#32770') (The object specified was not found.)
\0&lt;/a&gt;
E, 3240, 26, 2013/05/24, 09:53:41.226, 1159432495093, QTAgent32.exe, Playback - [IMAGE] C:\Users\testuser\AppData\Local\Temp\UITestLogs\LastRun\RPF9993.png
\0
W, 3240, 26, 2013/05/24, 09:53:41.226, 1159432496634, QTAgent32.exe, Playback - [WARNING] Internal warning: Couldn't find descendants that match QueryId
\0
W, 3240, 26, 2013/05/24, 09:53:59.256, 1159690655953, QTAgent32.exe, Playback - [WARNING] Internal warning: Window Not Found: [VisibleOnly]ControlType='Window' &amp;&amp; Name='Personal Lines' &amp;&amp; ClassName='#32770'
\0
E, 3240, 26, 2013/05/24, 09:53:59.256, 1159690658217, QTAgent32.exe, &lt;a class=failure&gt;Playback - {186} [FAILED] Function ElementFetcher::FindScreenElement failed to locate UI element (Searching: ;[VisibleOnly]ControlType='Window' &amp;&amp; Name='Personal Lines' &amp;&amp; ClassName='#32770') (The object specified was not found.)
\0&lt;/a&gt;
E, 3240, 26, 2013/05/24, 09:53:59.300, 1159691293936, QTAgent32.exe, Playback - [IMAGE] C:\Users\testuser\AppData\Local\Temp\UITestLogs\LastRun\RPFE035.png
\0
W, 3240, 26, 2013/05/24, 09:53:59.300, 1159691295525, QTAgent32.exe, Playback - [WARNING] Internal warning: Couldn't find descendants that match QueryId
\0
W, 3240, 26, 2013/05/24, 09:53:59.301, 1159691298514, QTAgent32.exe, PERF WARNING: FindTopLevelWindowHelper::FindAllDescendents: took 18074 ms. Expected it to take maximum 500 ms.
W, 3240, 26, 2013/05/24, 09:53:59.753, 1159697767543, QTAgent32.exe, Playback - [WARNING] Internal warning: Smart Match failed
\0
W, 3240, 26, 2013/05/24, 09:53:59.938, 1159700416226, QTAgent32.exe, Playback - [WARNING] Internal warning: Smart Match failed
\0
W, 3240, 26, 2013/05/24, 09:54:00.125, 1159703101178, QTAgent32.exe, Playback - [WARNING] Internal warning: Smart Match failed
\0
W, 3240, 26, 2013/05/24, 09:54:00.310, 1159705744786, QTAgent32.exe, Playback - [WARNING] Internal warning: Smart Match failed
\0
W, 3240, 26, 2013/05/24, 09:54:00.497, 1159708423563, QTAgent32.exe, Playback - [WARNING] Internal warning: Smart Match failed
\0
W, 3240, 26, 2013/05/24, 09:54:00.685, 1159711116641, QTAgent32.exe, Playback - [WARNING] Internal warning: Smart Match failed
\0
W, 3240, 26, 2013/05/24, 09:54:00.873, 1159713802574, QTAgent32.exe, Playback - [WARNING] Internal warning: Smart Match failed
\0
W, 3240, 26, 2013/05/24, 09:54:01.063, 1159716524039, QTAgent32.exe, Playback - [WARNING] Internal warning: Smart Match failed
\0
W, 3240, 26, 2013/05/24, 09:54:01.248, 1159719183026, QTAgent32.exe, Playback - [WARNING] Internal warning: Smart Match failed
\0
W, 3240, 26, 2013/05/24, 09:54:01.435, 1159721849173, QTAgent32.exe, Playback - [WARNING] Internal warning: Smart Match failed
\0
W, 3240, 26, 2013/05/24, 09:54:01.620, 1159724508451, QTAgent32.exe, Playback - [WARNING] Internal warning: Smart Match failed
\0
W, 3240, 26, 2013/05/24, 09:54:01.808, 1159727200666, QTAgent32.exe, Playback - [WARNING] Internal warning: Smart Match failed
\0
W, 3240, 26, 2013/05/24, 09:54:01.997, 1159729900198, QTAgent32.exe, Playback - [WARNING] Internal warning: Smart Match failed
\0
W, 3240, 26, 2013/05/24, 09:54:02.187, 1159732629887, QTAgent32.exe, Playback - [WARNING] Internal warning: Smart Match failed
\0
W, 3240, 26, 2013/05/24, 09:54:02.375, 1159735320273, QTAgent32.exe, Playback - [WARNING] Internal warning: Smart Match failed
\0
W, 3240, 26, 2013/05/24, 09:54:02.457, 1159736494002, QTAgent32.exe, Playback - [WARNING] Internal warning: Window Not Found: [VisibleOnly]ControlType='Window' &amp;&amp; Name='Personal Lines' &amp;&amp; ClassName='#32770'
\0
E, 3240, 26, 2013/05/24, 09:54:02.457, 1159736495741, QTAgent32.exe, &lt;a class=failure&gt;Playback - {187} [FAILED] Function ElementFetcher::FindScreenElement failed to locate UI element (Searching: ;[VisibleOnly]ControlType='Window' &amp;&amp; Name='Personal Lines' &amp;&amp; ClassName='#32770') (The object specified was not found.)
\0&lt;/a&gt;
E, 3240, 26, 2013/05/24, 09:54:02.501, 1159737116573, QTAgent32.exe, Playback - [IMAGE] C:\Users\testuser\AppData\Local\Temp\UITestLogs\LastRun\RPFECB4.png
\0
W, 3240, 26, 2013/05/24, 09:54:02.501, 1159737118052, QTAgent32.exe, Playback - [WARNING] Internal warning: Couldn't find descendants that match QueryId
\0
W, 3240, 26, 2013/05/24, 09:54:02.501, 1159737120468, QTAgent32.exe, PERF WARNING: FindTopLevelWindowHelper::FindAllDescendents: took 3200 ms. Expected it to take maximum 500 ms.
E, 3240, 26, 2013/05/24, 09:54:02.501, 1159737122235, QTAgent32.exe, Exception: System.Runtime.InteropServices.COMException
	Message: Error HRESULT E_FAIL has been returned from a call to a COM component.
	Stack Trace:    at Microsoft.VisualStudio.TestTools.UITest.Playback.Engine.IRPFPlayback.FindAllScreenElements(IScreenElement pScreenElementStart, String bstrQueryId, Object&amp; pvarResKeys, Int32 cResKeys, Int32 nMaxDepth, Object[]&amp; foundDescendants)
   at Microsoft.VisualStudio.TestTools.UITest.Playback.ScreenElement.FindTopLevelWindowHelper(String queryId)
	BaseExceptionMessage: Error HRESULT E_FAIL has been returned from a call to a COM component.

E, 3240, 26, 2013/05/24, 09:54:02.501, 1159737124544, QTAgent32.exe, Window 722804 not responding. Last Win32 error 0
E, 3240, 26, 2013/05/24, 09:54:02.501, 1159737125388, QTAgent32.exe, GetClassName for handle 722804 failed
E, 3240, 26, 2013/05/24, 09:54:02.601, 1159738556609, QTAgent32.exe, AL: Playback Error: Microsoft.VisualStudio.TestTools.UITest.Extension.UITestControlNotAvailableException: The control is not available or not valid. Additional Details: 
TechnologyName:  'MSAA'
Name:  'Personal Lines'
ClassName:  '#32770'
ControlType:  'Window'
 ---&gt; System.Runtime.InteropServices.COMException: Error HRESULT E_FAIL has been returned from a call to a COM component.
   at Microsoft.VisualStudio.TestTools.UITest.Playback.Engine.IRPFPlayback.FindAllScreenElements(IScreenElement pScreenElementStart, String bstrQueryId, Object&amp; pvarResKeys, Int32 cResKeys, Int32 nMaxDepth, Object[]&amp; foundDescendants)
   at Microsoft.VisualStudio.TestTools.UITest.Playback.ScreenElement.FindTopLevelWindowHelper(String queryId)
   at Microsoft.VisualStudio.TestTools.UITest.Playback.ScreenElement.FindFromPartialQueryId(String queryId)
   at Microsoft.VisualStudio.TestTools.UITesting.UITestControl.EnsureValid(Boolean waitForReady, Boolean refetch)
   --- End of inner exception stack trace ---
   at Microsoft.VisualStudio.TestTools.UITesting.UITestControl.EnsureValid(Boolean waitForReady, Boolean refetch)
   at Microsoft.VisualStudio.TestTools.UITesting.UITestControl.FindFirstDescendant(String queryId, Int32 maxDepth, Int32&amp; timeLeft)
   at Microsoft.VisualStudio.TestTools.UITesting.SearchHelper.GetElement(Boolean useCache, ISearchArgument searchArg)
   at Microsoft.VisualStudio.TestTools.UITesting.SearchHelper.Search(ISearchArgument searchArg)
   at Microsoft.VisualStudio.TestTools.UITesting.UITestControl.FindInternal()
   at Microsoft.VisualStudio.TestTools.UITesting.UITestControl.FindControlIfNecessary()
   at Microsoft.VisualStudio.TestTools.UITesting.UITestControl.Click(MouseButtons button, ModifierKeys modifierKeys, Point relativeCoordinates)
   at Microsoft.VisualStudio.TestTools.UITesting.Mouse.ClickImplementation(UITestControl control, MouseButtons button, ModifierKeys modifierKeys, Point relativeCoordinate)
   at Microsoft.VisualStudio.TestTools.UITesting.Mouse.ClickImplementationWrapper(UITestControl control, MouseButtons button, ModifierKeys modifierKeys, Point relativeCoordinate)
W, 3240, 26, 2013/05/24, 09:54:02.601, 1159738558379, QTAgent32.exe, PlaybackErrorHandler: Ignoring exception as ContinueOnError is set.
W, 3240, 26, 2013/05/24, 09:54:02.846, 1159742067010, QTAgent32.exe, Playback - [WARNING] Internal warning: Window Not Found: [VisibleOnly]ControlType='Window' &amp;&amp; Name='Policies Auto-Renewed &amp; Auto-Lapsed' &amp;&amp; ClassName='ThunderRT6FormDC'
\0
E, 3240, 26, 2013/05/24, 09:54:02.847, 1159742069336, QTAgent32.exe, &lt;a class=failure&gt;Playback - {188} [FAILED] Function ElementFetcher::FindScreenElement failed to locate UI element (Searching: ;[VisibleOnly]ControlType='Window' &amp;&amp; Name='Policies Auto-Renewed &amp; Auto-Lapsed' &amp;&amp; ClassName='ThunderRT6FormDC') (The object specified was not found.)
\0&lt;/a&gt;
E, 3240, 26, 2013/05/24, 09:54:02.888, 1159742664872, QTAgent32.exe, Playback - [IMAGE] C:\Users\testuser\AppData\Local\Temp\UITestLogs\LastRun\RPFEE3B.png
\0
W, 3240, 26, 2013/05/24, 09:54:02.888, 1159742666431, QTAgent32.exe, Playback - [WARNING] Internal warning: Couldn't find descendants that match QueryId
\0
W, 3240, 26, 2013/05/24, 09:54:20.897, 1160000509792, QTAgent32.exe, Playback - [WARNING] Internal warning: Window Not Found: [VisibleOnly]ControlType='Window' &amp;&amp; Name='Policies Auto-Renewed &amp; Auto-Lapsed' &amp;&amp; ClassName='ThunderRT6FormDC'
\0
E, 3240, 26, 2013/05/24, 09:54:20.897, 1160000511978, QTAgent32.exe, &lt;a class=failure&gt;Playback - {189} [FAILED] Function ElementFetcher::FindScreenElement failed to locate UI element (Searching: ;[VisibleOnly]ControlType='Window' &amp;&amp; Name='Policies Auto-Renewed &amp; Auto-Lapsed' &amp;&amp; ClassName='ThunderRT6FormDC') (The object specified was not found.)
\0&lt;/a&gt;
E, 3240, 26, 2013/05/24, 09:54:20.944, 1160001184432, QTAgent32.exe, Playback - [IMAGE] C:\Users\testuser\AppData\Local\Temp\UITestLogs\LastRun\RPF34BD.png
\0
W, 3240, 26, 2013/05/24, 09:54:20.944, 1160001185937, QTAgent32.exe, Playback - [WARNING] Internal warning: Couldn't find descendants that match QueryId
\0
W, 3240, 26, 2013/05/24, 09:54:20.944, 1160001188277, QTAgent32.exe, PERF WARNING: FindTopLevelWindowHelper::FindAllDescendents: took 18055 ms. Expected it to take maximum 500 ms.
W, 3240, 26, 2013/05/24, 09:54:21.411, 1160007879517, QTAgent32.exe, Playback - [WARNING] Internal warning: Smart Match failed
\0
W, 3240, 26, 2013/05/24, 09:54:21.604, 1160010641647, QTAgent32.exe, Playback - [WARNING] Internal warning: Smart Match failed
\0
W, 3240, 26, 2013/05/24, 09:54:21.795, 1160013380678, QTAgent32.exe, Playback - [WARNING] Internal warning: Smart Match failed
\0
W, 3240, 26, 2013/05/24, 09:54:21.986, 1160016105528, QTAgent32.exe, Playback - [WARNING] Internal warning: Smart Match failed
\0
W, 3240, 26, 2013/05/24, 09:54:22.179, 1160018873292, QTAgent32.exe, Playback - [WARNING] Internal warning: Smart Match failed
\0
W, 3240, 26, 2013/05/24, 09:54:22.373, 1160021654188, QTAgent32.exe, Playback - [WARNING] Internal warning: Smart Match failed
\0
W, 3240, 26, 2013/05/24, 09:54:22.561, 1160024347790, QTAgent32.exe, Playback - [WARNING] Internal warning: Smart Match failed
\0
W, 3240, 26, 2013/05/24, 09:54:22.756, 1160027139130, QTAgent32.exe, Playback - [WARNING] Internal warning: Smart Match failed
\0
W, 3240, 26, 2013/05/24, 09:54:22.951, 1160029933131, QTAgent32.exe, Playback - [WARNING] Internal warning: Smart Match failed
\0
W, 3240, 26, 2013/05/24, 09:54:23.144, 1160032693934, QTAgent32.exe, Playback - [WARNING] Internal warning: Smart Match failed
\0
W, 3240, 26, 2013/05/24, 09:54:23.338, 1160035459099, QTAgent32.exe, Playback - [WARNING] Internal warning: Smart Match failed
\0
W, 3240, 26, 2013/05/24, 09:54:23.528, 1160038180296, QTAgent32.exe, Playback - [WARNING] Internal warning: Smart Match failed
\0
W, 3240, 26, 2013/05/24, 09:54:23.716, 1160040873190, QTAgent32.exe, Playback - [WARNING] Internal warning: Smart Match failed
\0
W, 3240, 26, 2013/05/24, 09:54:23.900, 1160043516634, QTAgent32.exe, Playback - [WARNING] Internal warning: Smart Match failed
\0
W, 3240, 26, 2013/05/24, 09:54:23.978, 1160044630246, QTAgent32.exe, Playback - [WARNING] Internal warning: Window Not Found: [VisibleOnly]ControlType='Window' &amp;&amp; Name='Policies Auto-Renewed &amp; Auto-Lapsed' &amp;&amp; ClassName='ThunderRT6FormDC'
\0
E, 3240, 26, 2013/05/24, 09:54:23.978, 1160044632085, QTAgent32.exe, &lt;a class=failure&gt;Playback - {190} [FAILED] Function ElementFetcher::FindScreenElement failed to locate UI element (Searching: ;[VisibleOnly]ControlType='Window' &amp;&amp; Name='Policies Auto-Renewed &amp; Auto-Lapsed' &amp;&amp; ClassName='ThunderRT6FormDC') (The object specified was not found.)
\0&lt;/a&gt;
E, 3240, 26, 2013/05/24, 09:54:24.021, 1160045250337, QTAgent32.exe, Playback - [IMAGE] C:\Users\testuser\AppData\Local\Temp\UITestLogs\LastRun\RPF40C0.png
\0
W, 3240, 26, 2013/05/24, 09:54:24.022, 1160045252248, QTAgent32.exe, Playback - [WARNING] Internal warning: Couldn't find descendants that match QueryId
\0
W, 3240, 26, 2013/05/24, 09:54:24.022, 1160045254666, QTAgent32.exe, PERF WARNING: FindTopLevelWindowHelper::FindAllDescendents: took 3077 ms. Expected it to take maximum 500 ms.
E, 3240, 26, 2013/05/24, 09:54:24.022, 1160045256236, QTAgent32.exe, Exception: System.Runtime.InteropServices.COMException
	Message: Error HRESULT E_FAIL has been returned from a call to a COM component.
	Stack Trace:    at Microsoft.VisualStudio.TestTools.UITest.Playback.Engine.IRPFPlayback.FindAllScreenElements(IScreenElement pScreenElementStart, String bstrQueryId, Object&amp; pvarResKeys, Int32 cResKeys, Int32 nMaxDepth, Object[]&amp; foundDescendants)
   at Microsoft.VisualStudio.TestTools.UITest.Playback.ScreenElement.FindTopLevelWindowHelper(String queryId)
	BaseExceptionMessage: Error HRESULT E_FAIL has been returned from a call to a COM component.

E, 3240, 26, 2013/05/24, 09:54:24.122, 1160046694895, QTAgent32.exe, AL: Playback Error: Microsoft.VisualStudio.TestTools.UITest.Extension.UITestControlNotFoundException: The playback failed to find the control with the given search properties. Additional Details: 
TechnologyName:  'MSAA'
ControlType:  'Window'
Name:  'Policies Auto-Renewed &amp; Auto-Lapsed'
ClassName:  'ThunderRT6FormDC'
 ---&gt; System.Runtime.InteropServices.COMException: Error HRESULT E_FAIL has been returned from a call to a COM component.
   at Microsoft.VisualStudio.TestTools.UITest.Playback.Engine.IRPFPlayback.FindAllScreenElements(IScreenElement pScreenElementStart, String bstrQueryId, Object&amp; pvarResKeys, Int32 cResKeys, Int32 nMaxDepth, Object[]&amp; foundDescendants)
   at Microsoft.VisualStudio.TestTools.UITest.Playback.ScreenElement.FindTopLevelWindowHelper(String queryId)
   at Microsoft.VisualStudio.TestTools.UITest.Playback.ScreenElement.FindFromPartialQueryId(String queryId)
   at Microsoft.VisualStudio.TestTools.UITesting.UITestControl..ctor(String queryId)
   --- End of inner exception stack trace ---
   at Microsoft.VisualStudio.TestTools.UITesting.Playback.MapControlNotFoundException(COMException ex, IPlaybackContext context)
   at Microsoft.VisualStudio.TestTools.UITesting.Playback.MapAndThrowComException(COMException innerException, IPlaybackContext context)
   at Microsoft.VisualStudio.TestTools.UITesting.Playback.MapAndThrowException(SystemException exception, IPlaybackContext context)
   at Microsoft.VisualStudio.TestTools.UITesting.Playback.MapAndThrowException(SystemException exception, String queryId)
   at Microsoft.VisualStudio.TestTools.UITesting.UITestControl..ctor(String queryId)
   at Microsoft.VisualStudio.TestTools.UITesting.SearchHelper.SearchTopLevelWindow(ISearchArgument topLevelSearchArg, String topLevelElementQueryId)
   at Microsoft.VisualStudio.TestTools.UITesting.SearchHelper.GetTitleUpdatedTopLevelWindow(ISearchArgument topLevelSearchArg, String queryId, IList`1 windowTitles)
   at Microsoft.VisualStudio.TestTools.UITesting.SearchHelper.GetTopLevelElement(Boolean useCache, Boolean useCacheOnly, ISearchArgument searchArg, IList`1 windowTitles, Int32&amp; timeLeft)
   at Microsoft.VisualStudio.TestTools.UITesting.SearchHelper.GetElement(Boolean useCache, ISearchArgument searchArg)
   at Microsoft.VisualStudio.TestTools.UITesting.SearchHelper.Search(ISearchArgument searchArg)
   at Microsoft.VisualStudio.TestTools.UITesting.UITestControl.FindInternal()
   at Microsoft.VisualStudio.TestTools.UITesting.UITestControl.FindControlIfNecessary()
   at Microsoft.VisualStudio.TestTools.UITesting.UITestControl.Click(MouseButtons button, ModifierKeys modifierKeys, Point relativeCoordinates)
   at Microsoft.VisualStudio.TestTools.UITesting.Mouse.ClickImplementation(UITestControl control, MouseButtons button, ModifierKeys modifierKeys, Point relativeCoordinate)
   at Microsoft.VisualStudio.TestTools.UITesting.Mouse.ClickImplementationWrapper(UITestControl control, MouseButtons button, ModifierKeys modifierKeys, Point relativeCoordinate)
W, 3240, 26, 2013/05/24, 09:54:24.122, 1160046696739, QTAgent32.exe, PlaybackErrorHandler: Ignoring exception as ContinueOnError is set.
W, 3240, 26, 2013/05/24, 09:54:24.328, 1160049647787, QTAgent32.exe, &lt;a class=success&gt;Playback - {191} [SUCCESS] MouseButtonClick - "[MSAA, VisibleOnly]ControlType='Button' &amp;&amp; Name='EDI Match...'"
\0&lt;/a&gt;
W, 3240, 26, 2013/05/24, 09:54:26.570, 1160081741224, QTAgent32.exe, &lt;a class=success&gt;Playback - {192} [SUCCESS] MouseButtonClick - "[MSAA, VisibleOnly]ControlType='Button' &amp;&amp; Name='Ok'"
\0&lt;/a&gt;
W, 3240, 26, 2013/05/24, 09:54:26.899, 1160086452971, QTAgent32.exe, &lt;a class=success&gt;Playback - {193} [SUCCESS] MouseButtonClick - "[MSAA, VisibleOnly]ControlType='Button' &amp;&amp; Name='OK'"
\0&lt;/a&gt;
W, 3240, 26, 2013/05/24, 09:54:28.507, 1160109479184, QTAgent32.exe, Playback - [WARNING] Internal warning: Element "[MSAA, VisibleOnly]ControlType='Window' &amp;&amp; ControlId='5'" was not found, so all intermediate elements were ignored. To improve performance replace this element Id with another Id or exclude it from QueryId. If this element is the target element, replace or remove intermediate elements
\0
W, 3240, 26, 2013/05/24, 09:54:31.045, 1160145815426, QTAgent32.exe, Playback - [WARNING] Internal warning:Search failure: &lt;[MSAA, VisibleOnly]ControlType='Window' &amp;&amp; ControlId='32768'&gt; | Performed (4) search retries, UI element not found
\0
E, 3240, 26, 2013/05/24, 09:54:31.045, 1160145818279, QTAgent32.exe, &lt;a class=failure&gt;Playback - {194} [FAILED] Function ElementFetcher::FindScreenElement failed to locate UI element (Searching: ;[MSAA, VisibleOnly]ControlType='Window' &amp;&amp; ControlId='32768';[MSAA, VisibleOnly]ControlType='Window' &amp;&amp; ControlId='5';[MSAA, VisibleOnly]ControlType='Button' &amp;&amp; Name='Log and Clear') (The object specified was not found.)
\0&lt;/a&gt;
E, 3240, 26, 2013/05/24, 09:54:31.087, 1160146421546, QTAgent32.exe, Playback - [IMAGE] C:\Users\testuser\AppData\Local\Temp\UITestLogs\LastRun\RPF5C5B.png
\0
W, 3240, 26, 2013/05/24, 09:54:31.087, 1160146423369, QTAgent32.exe, Playback - [WARNING] Internal warning: Couldn't find descendants that match QueryId
\0
W, 3240, 26, 2013/05/24, 09:54:31.087, 1160146425834, QTAgent32.exe, PERF WARNING: FindAllDescendents: took 4087 ms. Expected it to take maximum 500 ms.
E, 3240, 26, 2013/05/24, 09:54:31.188, 1160147861112, QTAgent32.exe, AL: Playback Error: Microsoft.VisualStudio.TestTools.UITest.Extension.UITestControlNotFoundException: The playback failed to find the control with the given search properties. Additional Details: 
TechnologyName:  'MSAA'
ControlType:  'Button'
Name:  'Log and Clear'
 ---&gt; System.Runtime.InteropServices.COMException: Error HRESULT E_FAIL has been returned from a call to a COM component.
   at Microsoft.VisualStudio.TestTools.UITest.Playback.Engine.IScreenElement.FindAllDescendants(String bstrQueryId, Object&amp; pvarResKeys, Int32 cResKeys, Int32 nMaxDepth)
   at Microsoft.VisualStudio.TestTools.UITest.Playback.ScreenElement.FindAllScreenElement(String queryId, Int32 depth, Boolean singleQueryId, Boolean throwException)
   at Microsoft.VisualStudio.TestTools.UITest.Playback.ScreenElement.FindScreenElement(String queryId, Int32 depth)
   at Microsoft.VisualStudio.TestTools.UITesting.UITestControl.FindFirstDescendant(String queryId, Int32 maxDepth, Int32&amp; timeLeft)
   --- End of inner exception stack trace ---
   at Microsoft.VisualStudio.TestTools.UITesting.Playback.MapControlNotFoundException(COMException ex, IPlaybackContext context)
   at Microsoft.VisualStudio.TestTools.UITesting.Playback.MapAndThrowComException(COMException innerException, IPlaybackContext context)
   at Microsoft.VisualStudio.TestTools.UITesting.Playback.MapAndThrowException(SystemException exception, IPlaybackContext context)
   at Microsoft.VisualStudio.TestTools.UITesting.Playback.MapAndThrowException(SystemException exception, String queryId)
   at Microsoft.VisualStudio.TestTools.UITesting.UITestControl.FindFirstDescendant(String queryId, Int32 maxDepth, Int32&amp; timeLeft)
   at Microsoft.VisualStudio.TestTools.UITesting.SearchHelper.GetElement(Boolean useCache, ISearchArgument searchArg)
   at Microsoft.VisualStudio.TestTools.UITesting.SearchHelper.Search(ISearchArgument searchArg)
   at Microsoft.VisualStudio.TestTools.UITesting.UITestControl.FindInternal()
   at Microsoft.VisualStudio.TestTools.UITesting.UITestControl.FindControlIfNecessary()
   at Microsoft.VisualStudio.TestTools.UITesting.UITestControl.Click(MouseButtons button, ModifierKeys modifierKeys, Point relativeCoordinates)
   at Microsoft.VisualStudio.TestTools.UITesting.Mouse.ClickImplementation(UITestControl control, MouseButtons button, ModifierKeys modifierKeys, Point relativeCoordinate)
   at Microsoft.VisualStudio.TestTools.UITesting.Mouse.ClickImplementationWrapper(UITestControl control, MouseButtons button, ModifierKeys modifierKeys, Point relativeCoordinate)
W, 3240, 26, 2013/05/24, 09:54:31.188, 1160147862959, QTAgent32.exe, PlaybackErrorHandler: Ignoring exception as ContinueOnError is set.
W, 3240, 26, 2013/05/24, 09:54:31.426, 1160151263970, QTAgent32.exe, Playback - [WARNING] Internal warning: Window Not Found: [VisibleOnly]ControlType='Window' &amp;&amp; Name='Personal Lines' &amp;&amp; ClassName='#32770'
\0
E, 3240, 26, 2013/05/24, 09:54:31.426, 1160151266159, QTAgent32.exe, &lt;a class=failure&gt;Playback - {195} [FAILED] Function ElementFetcher::FindScreenElement failed to locate UI element (Searching: ;[VisibleOnly]ControlType='Window' &amp;&amp; Name='Personal Lines' &amp;&amp; ClassName='#32770') (The object specified was not found.)
\0&lt;/a&gt;
E, 3240, 26, 2013/05/24, 09:54:31.468, 1160151868258, QTAgent32.exe, Playback - [IMAGE] C:\Users\testuser\AppData\Local\Temp\UITestLogs\LastRun\RPF5DE2.png
\0
W, 3240, 26, 2013/05/24, 09:54:31.468, 1160151869769, QTAgent32.exe, Playback - [WARNING] Internal warning: Couldn't find descendants that match QueryId
\0
W, 3240, 26, 2013/05/24, 09:54:49.513, 1160410248839, QTAgent32.exe, Playback - [WARNING] Internal warning: Window Not Found: [VisibleOnly]ControlType='Window' &amp;&amp; Name='Personal Lines' &amp;&amp; ClassName='#32770'
\0
E, 3240, 26, 2013/05/24, 09:54:49.513, 1160410251021, QTAgent32.exe, &lt;a class=failure&gt;Playback - {196} [FAILED] Function ElementFetcher::FindScreenElement failed to locate UI element (Searching: ;[VisibleOnly]ControlType='Window' &amp;&amp; Name='Personal Lines' &amp;&amp; ClassName='#32770') (The object specified was not found.)
\0&lt;/a&gt;
E, 3240, 26, 2013/05/24, 09:54:49.558, 1160410888392, QTAgent32.exe, Playback - [IMAGE] C:\Users\testuser\AppData\Local\Temp\UITestLogs\LastRun\RPFA484.png
\0
W, 3240, 26, 2013/05/24, 09:54:49.558, 1160410890057, QTAgent32.exe, Playback - [WARNING] Internal warning: Couldn't find descendants that match QueryId
\0
W, 3240, 26, 2013/05/24, 09:54:49.558, 1160410892781, QTAgent32.exe, PERF WARNING: FindTopLevelWindowHelper::FindAllDescendents: took 18090 ms. Expected it to take maximum 500 ms.
W, 3240, 26, 2013/05/24, 09:54:50.013, 1160417403621, QTAgent32.exe, Playback - [WARNING] Internal warning: Smart Match failed
\0
W, 3240, 26, 2013/05/24, 09:54:50.204, 1160420143220, QTAgent32.exe, Playback - [WARNING] Internal warning: Smart Match failed
\0
W, 3240, 26, 2013/05/24, 09:54:50.398, 1160422925159, QTAgent32.exe, Playback - [WARNING] Internal warning: Smart Match failed
\0
W, 3240, 26, 2013/05/24, 09:54:50.590, 1160425663286, QTAgent32.exe, Playback - [WARNING] Internal warning: Smart Match failed
\0
W, 3240, 26, 2013/05/24, 09:54:50.785, 1160428457551, QTAgent32.exe, Playback - [WARNING] Internal warning: Smart Match failed
\0
W, 3240, 26, 2013/05/24, 09:54:50.981, 1160431258373, QTAgent32.exe, Playback - [WARNING] Internal warning: Smart Match failed
\0
W, 3240, 26, 2013/05/24, 09:54:51.174, 1160434024496, QTAgent32.exe, Playback - [WARNING] Internal warning: Smart Match failed
\0
W, 3240, 26, 2013/05/24, 09:54:51.368, 1160436803240, QTAgent32.exe, Playback - [WARNING] Internal warning: Smart Match failed
\0
W, 3240, 26, 2013/05/24, 09:54:51.560, 1160439556128, QTAgent32.exe, Playback - [WARNING] Internal warning: Smart Match failed
\0
W, 3240, 26, 2013/05/24, 09:54:51.753, 1160442315306, QTAgent32.exe, Playback - [WARNING] Internal warning: Smart Match failed
\0
W, 3240, 26, 2013/05/24, 09:54:51.949, 1160445126724, QTAgent32.exe, Playback - [WARNING] Internal warning: Smart Match failed
\0
W, 3240, 26, 2013/05/24, 09:54:52.139, 1160447838499, QTAgent32.exe, Playback - [WARNING] Internal warning: Smart Match failed
\0
W, 3240, 26, 2013/05/24, 09:54:52.325, 1160450501266, QTAgent32.exe, Playback - [WARNING] Internal warning: Smart Match failed
\0
W, 3240, 26, 2013/05/24, 09:54:52.512, 1160453181562, QTAgent32.exe, Playback - [WARNING] Internal warning: Smart Match failed
\0
W, 3240, 26, 2013/05/24, 09:54:52.588, 1160454267313, QTAgent32.exe, Playback - [WARNING] Internal warning: Window Not Found: [VisibleOnly]ControlType='Window' &amp;&amp; Name='Personal Lines' &amp;&amp; ClassName='#32770'
\0
E, 3240, 26, 2013/05/24, 09:54:52.588, 1160454269094, QTAgent32.exe, &lt;a class=failure&gt;Playback - {197} [FAILED] Function ElementFetcher::FindScreenElement failed to locate UI element (Searching: ;[VisibleOnly]ControlType='Window' &amp;&amp; Name='Personal Lines' &amp;&amp; ClassName='#32770') (The object specified was not found.)
\0&lt;/a&gt;
E, 3240, 26, 2013/05/24, 09:54:52.630, 1160454868705, QTAgent32.exe, Playback - [IMAGE] C:\Users\testuser\AppData\Local\Temp\UITestLogs\LastRun\RPFB086.png
\0
W, 3240, 26, 2013/05/24, 09:54:52.630, 1160454870283, QTAgent32.exe, Playback - [WARNING] Internal warning: Couldn't find descendants that match QueryId
\0
W, 3240, 26, 2013/05/24, 09:54:52.630, 1160454872602, QTAgent32.exe, PERF WARNING: FindTopLevelWindowHelper::FindAllDescendents: took 3071 ms. Expected it to take maximum 500 ms.
E, 3240, 26, 2013/05/24, 09:54:52.630, 1160454874208, QTAgent32.exe, Exception: System.Runtime.InteropServices.COMException
	Message: Error HRESULT E_FAIL has been returned from a call to a COM component.
	Stack Trace:    at Microsoft.VisualStudio.TestTools.UITest.Playback.Engine.IRPFPlayback.FindAllScreenElements(IScreenElement pScreenElementStart, String bstrQueryId, Object&amp; pvarResKeys, Int32 cResKeys, Int32 nMaxDepth, Object[]&amp; foundDescendants)
   at Microsoft.VisualStudio.TestTools.UITest.Playback.ScreenElement.FindTopLevelWindowHelper(String queryId)
	BaseExceptionMessage: Error HRESULT E_FAIL has been returned from a call to a COM component.

E, 3240, 26, 2013/05/24, 09:54:52.630, 1160454878131, QTAgent32.exe, GetClassName for handle 1901250 failed
E, 3240, 26, 2013/05/24, 09:54:52.631, 1160454886818, QTAgent32.exe, Window 1901250 not responding. Last Win32 error 1400
E, 3240, 26, 2013/05/24, 09:54:52.631, 1160454887763, QTAgent32.exe, GetClassName for handle 1901250 failed
E, 3240, 26, 2013/05/24, 09:54:52.631, 1160454891735, QTAgent32.exe, Window 3932788 not responding. Last Win32 error 1400
E, 3240, 26, 2013/05/24, 09:54:52.631, 1160454892506, QTAgent32.exe, GetClassName for handle 3932788 failed
E, 3240, 26, 2013/05/24, 09:54:52.731, 1160456326317, QTAgent32.exe, AL: Playback Error: Microsoft.VisualStudio.TestTools.UITest.Extension.UITestControlNotAvailableException: The control is not available or not valid. Additional Details: 
TechnologyName:  'MSAA'
Name:  'OK'
ControlType:  'Button'
 ---&gt; Microsoft.VisualStudio.TestTools.UITest.Extension.UITestControlNotAvailableException: The control is not available or not valid. Additional Details: 
TechnologyName:  'MSAA'
ControlType:  'Window'
 ---&gt; System.Runtime.InteropServices.COMException: Error HRESULT E_FAIL has been returned from a call to a COM component.
   at Microsoft.VisualStudio.TestTools.UITest.Playback.Engine.IRPFPlayback.FindAllScreenElements(IScreenElement pScreenElementStart, String bstrQueryId, Object&amp; pvarResKeys, Int32 cResKeys, Int32 nMaxDepth, Object[]&amp; foundDescendants)
   at Microsoft.VisualStudio.TestTools.UITest.Playback.ScreenElement.FindTopLevelWindowHelper(String queryId)
   at Microsoft.VisualStudio.TestTools.UITest.Playback.ScreenElement.FindFromPartialQueryId(String queryId)
   at Microsoft.VisualStudio.TestTools.UITesting.UITestControl.EnsureValid(Boolean waitForReady, Boolean refetch)
   --- End of inner exception stack trace ---
   at Microsoft.VisualStudio.TestTools.UITesting.UITestControl.EnsureValid(Boolean waitForReady, Boolean refetch)
   at Microsoft.VisualStudio.TestTools.UITesting.UITestControl.FindFirstDescendant(String queryId, Int32 maxDepth, Int32&amp; timeLeft)
   at Microsoft.VisualStudio.TestTools.UITesting.UITestControl.FindFirstDescendant(String queryId)
   at Microsoft.VisualStudio.TestTools.UITesting.UITestControl.EnsureValid(Boolean waitForReady, Boolean refetch)
   --- End of inner exception stack trace ---
   at Microsoft.VisualStudio.TestTools.UITesting.UITestControl.EnsureValid(Boolean waitForReady, Boolean refetch)
   at Microsoft.VisualStudio.TestTools.UITesting.UITestControl.Click(MouseButtons button, ModifierKeys modifierKeys, Point relativeCoordinates)
   at Microsoft.VisualStudio.TestTools.UITesting.Mouse.ClickImplementation(UITestControl control, MouseButtons button, ModifierKeys modifierKeys, Point relativeCoordinate)
   at Microsoft.VisualStudio.TestTools.UITesting.Mouse.ClickImplementationWrapper(UITestControl control, MouseButtons button, ModifierKeys modifierKeys, Point relativeCoordinate)
W, 3240, 26, 2013/05/24, 09:54:52.731, 1160456327822, QTAgent32.exe, PlaybackErrorHandler: Ignoring exception as ContinueOnError is set.
W, 3240, 26, 2013/05/24, 09:54:52.878, 1160458423204, QTAgent32.exe, &lt;a class=success&gt;Playback - {198} [SUCCESS] MouseButtonClick - "[MSAA, VisibleOnly]ControlType='Button' &amp;&amp; Name='Filter...'"
\0&lt;/a&gt;
W, 3240, 26, 2013/05/24, 09:54:53.077, 1160461280407, QTAgent32.exe, &lt;a class=success&gt;Playback - {199} [SUCCESS] SendKeys "^{HOME}" - "[MSAA, VisibleOnly]ControlType='Edit'"
\0&lt;/a&gt;
E, 3240, 26, 2013/05/24, 09:54:53.077, 1160461282245, QTAgent32.exe, Msaa.GetFocusedElement: could not find accessible object of foreground window
W, 3240, 26, 2013/05/24, 09:54:53.145, 1160462245216, QTAgent32.exe, &lt;a class=success&gt;Playback - {200} [SUCCESS] SendKeys "^+{END}" - "[MSAA, VisibleOnly]ControlType='Edit'"
\0&lt;/a&gt;
E, 3240, 26, 2013/05/24, 09:54:53.145, 1160462247179, QTAgent32.exe, Msaa.GetFocusedElement: could not find accessible object of foreground window
W, 3240, 26, 2013/05/24, 09:54:53.157, 1160462425785, QTAgent32.exe, &lt;a class=success&gt;Playback - {201} [SUCCESS] SendKeys "{DELETE}" - "[MSAA, VisibleOnly]ControlType='Edit'"
\0&lt;/a&gt;
W, 3240, 26, 2013/05/24, 09:54:53.380, 1160465614094, QTAgent32.exe, &lt;a class=success&gt;Playback - {202} [SUCCESS] SetValueAsEditBox "31/05/13" - "[MSAA, VisibleOnly]ControlType='Edit'"  &lt; Set via SendKeys &gt;
\0&lt;/a&gt;
W, 3240, 26, 2013/05/24, 09:54:53.588, 1160468588690, QTAgent32.exe, &lt;a class=success&gt;Playback - {203} [SUCCESS] SendKeys "^{HOME}" - "[MSAA, VisibleOnly]ControlType='Edit'"
\0&lt;/a&gt;
E, 3240, 26, 2013/05/24, 09:54:53.588, 1160468590635, QTAgent32.exe, Msaa.GetFocusedElement: could not find accessible object of foreground window
W, 3240, 26, 2013/05/24, 09:54:53.644, 1160469397332, QTAgent32.exe, &lt;a class=success&gt;Playback - {204} [SUCCESS] SendKeys "^+{END}" - "[MSAA, VisibleOnly]ControlType='Edit'"
\0&lt;/a&gt;
E, 3240, 26, 2013/05/24, 09:54:53.644, 1160469398948, QTAgent32.exe, Msaa.GetFocusedElement: could not find accessible object of foreground window
W, 3240, 26, 2013/05/24, 09:54:53.657, 1160469577568, QTAgent32.exe, &lt;a class=success&gt;Playback - {205} [SUCCESS] SendKeys "{DELETE}" - "[MSAA, VisibleOnly]ControlType='Edit'"
\0&lt;/a&gt;
W, 3240, 26, 2013/05/24, 09:54:53.872, 1160472659810, QTAgent32.exe, &lt;a class=success&gt;Playback - {206} [SUCCESS] SetValueAsEditBox "31/05/13" - "[MSAA, VisibleOnly]ControlType='Edit'"  &lt; Set via SendKeys &gt;
\0&lt;/a&gt;
W, 3240, 26, 2013/05/24, 09:54:54.237, 1160477887328, QTAgent32.exe, Playback - [WARNING] Internal warning: Incorrect flag set for InvokeProgrammaticAction\0
W, 3240, 26, 2013/05/24, 09:54:54.354, 1160479569684, QTAgent32.exe, &lt;a class=success&gt;Playback - {207} [SUCCESS] SetValueAsComboBox "Household" - "[MSAA, VisibleOnly]ControlType='ComboBox'"  &lt; SetValueAsComboBox, set by clicking on the item in the list box &gt;
\0&lt;/a&gt;
W, 3240, 26, 2013/05/24, 09:54:54.580, 1160482798562, QTAgent32.exe, &lt;a class=success&gt;Playback - {208} [SUCCESS] MouseButtonClick - "[MSAA, VisibleOnly]ControlType='Button' &amp;&amp; Name='Ok'"
\0&lt;/a&gt;
W, 3240, 26, 2013/05/24, 09:54:54.811, 1160486101240, QTAgent32.exe, &lt;a class=success&gt;Playback - {209} [SUCCESS] MouseButtonClick - "[MSAA, VisibleOnly]ControlType='Client'"
\0&lt;/a&gt;
W, 3240, 26, 2013/05/24, 09:54:55.693, 1160498736050, QTAgent32.exe, &lt;a class=success&gt;Playback - {210} [SUCCESS] MouseButtonClick - "[MSAA, VisibleOnly]ControlType='Client'"
\0&lt;/a&gt;
W, 3240, 26, 2013/05/24, 09:54:55.872, 1160501296227, QTAgent32.exe, &lt;a class=success&gt;Playback - {211} [SUCCESS] SendKeys "{Home}" - "[MSAA, VisibleOnly]ControlType='Client'"
\0&lt;/a&gt;
W, 3240, 26, 2013/05/24, 09:54:56.097, 1160504516196, QTAgent32.exe, &lt;a class=success&gt;Playback - {212} [SUCCESS] MouseButtonClick - "[MSAA, VisibleOnly]ControlType='Button' &amp;&amp; Name='Display Record...'"
\0&lt;/a&gt;
W, 3240, 26, 2013/05/24, 09:54:56.447, 1160509533442, QTAgent32.exe, Playback - [WARNING] Internal warning: Window Not Found: [VisibleOnly]ControlType='Window' &amp;&amp; Name='AUTO230-1001' &amp;&amp; ClassName='ThunderRT6FormDC'
\0
E, 3240, 26, 2013/05/24, 09:54:56.448, 1160509535872, QTAgent32.exe, &lt;a class=failure&gt;Playback - {213} [FAILED] Function ElementFetcher::FindScreenElement failed to locate UI element (Searching: ;[VisibleOnly]ControlType='Window' &amp;&amp; Name='AUTO230-1001' &amp;&amp; ClassName='ThunderRT6FormDC') (The object specified was not found.)
\0&lt;/a&gt;
E, 3240, 26, 2013/05/24, 09:54:56.490, 1160510147773, QTAgent32.exe, Playback - [IMAGE] C:\Users\testuser\AppData\Local\Temp\UITestLogs\LastRun\RPFBFA4.png
\0
W, 3240, 26, 2013/05/24, 09:54:56.490, 1160510149315, QTAgent32.exe, Playback - [WARNING] Internal warning: Couldn't find descendants that match QueryId
\0
W, 3240, 26, 2013/05/24, 09:55:14.513, 1160768190709, QTAgent32.exe, Playback - [WARNING] Internal warning: Window Not Found: [VisibleOnly]ControlType='Window' &amp;&amp; Name='AUTO230-1001' &amp;&amp; ClassName='ThunderRT6FormDC'
\0
E, 3240, 26, 2013/05/24, 09:55:14.513, 1160768193043, QTAgent32.exe, &lt;a class=failure&gt;Playback - {214} [FAILED] Function ElementFetcher::FindScreenElement failed to locate UI element (Searching: ;[VisibleOnly]ControlType='Window' &amp;&amp; Name='AUTO230-1001' &amp;&amp; ClassName='ThunderRT6FormDC') (The object specified was not found.)
\0&lt;/a&gt;
E, 3240, 26, 2013/05/24, 09:55:14.556, 1160768816984, QTAgent32.exe, Playback - [IMAGE] C:\Users\testuser\AppData\Local\Temp\UITestLogs\LastRun\RPF636.png
\0
W, 3240, 26, 2013/05/24, 09:55:14.556, 1160768818580, QTAgent32.exe, Playback - [WARNING] Internal warning: Couldn't find descendants that match QueryId
\0
W, 3240, 26, 2013/05/24, 09:55:14.557, 1160768821396, QTAgent32.exe, PERF WARNING: FindTopLevelWindowHelper::FindAllDescendents: took 18065 ms. Expected it to take maximum 500 ms.
W, 3240, 26, 2013/05/24, 09:55:15.111, 1160776766849, QTAgent32.exe, Playback - [WARNING] Internal warning: Window with Class "ThunderRT6FormDC" and Title "AUTO230-1001" was not found, so similar window with Class "ThunderRT6FormDC" and Title "AUTO153-1001" was accepted
\0
W, 3240, 26, 2013/05/24, 09:55:15.112, 1160776770050, QTAgent32.exe, PERF WARNING: FindTopLevelWindowHelper::FindAllDescendents: took 554 ms. Expected it to take maximum 500 ms.
W, 3240, 26, 2013/05/24, 09:55:15.236, 1160778543690, QTAgent32.exe, &lt;a class=success&gt;Playback - {215} [SUCCESS] MouseButtonClick - "[MSAA, VisibleOnly]ControlType='Button' &amp;&amp; Name='Rebroke...'"
\0&lt;/a&gt;
W, 3240, 26, 2013/05/24, 09:55:15.461, 1160781776050, QTAgent32.exe, &lt;a class=success&gt;Playback - {216} [SUCCESS] MouseButtonClick - "[MSAA, VisibleOnly]ControlType='Button' &amp;&amp; Name='Yes'"
\0&lt;/a&gt;
W, 3240, 26, 2013/05/24, 09:55:15.697, 1160785159158, QTAgent32.exe, &lt;a class=success&gt;Playback - {217} [SUCCESS] MouseButtonClick - "[MSAA, VisibleOnly]ControlType='Button' &amp;&amp; Name='Proceed'"
\0&lt;/a&gt;
W, 3240, 26, 2013/05/24, 09:55:15.925, 1160788418985, QTAgent32.exe, &lt;a class=success&gt;Playback - {218} [SUCCESS] MouseButtonClick - "[MSAA, VisibleOnly]ControlType='Button' &amp;&amp; Name='Ok'"
\0&lt;/a&gt;
W, 3240, 26, 2013/05/24, 09:55:17.132, 1160805695222, QTAgent32.exe, Playback - [WARNING] Internal warning: The window that the search started from became invalid
\0
W, 3240, 26, 2013/05/24, 09:55:17.235, 1160807179739, QTAgent32.exe, PERF WARNING: FindTopLevelWindowHelper::FindAllDescendents: took 1210 ms. Expected it to take maximum 500 ms.
W, 3240, 26, 2013/05/24, 09:55:17.365, 1160809033591, QTAgent32.exe, &lt;a class=success&gt;Playback - {219} [SUCCESS] MouseButtonClick - "[MSAA, VisibleOnly]ControlType='Client'"
\0&lt;/a&gt;
W, 3240, 26, 2013/05/24, 09:55:18.954, 1160831790636, QTAgent32.exe, &lt;a class=success&gt;Playback - {220} [SUCCESS] SendKeys "{END}" - "[MSAA, VisibleOnly]ControlType='Client'"
\0&lt;/a&gt;
W, 3240, 26, 2013/05/24, 09:55:19.284, 1160836508205, QTAgent32.exe, &lt;a class=success&gt;Playback - {221} [SUCCESS] MouseButtonClick - "[MSAA, VisibleOnly]ControlType='Button' &amp;&amp; Name='Select Alternative'"
\0&lt;/a&gt;
W, 3240, 26, 2013/05/24, 09:55:19.605, 1160841111188, QTAgent32.exe, &lt;a class=success&gt;Playback - {222} [SUCCESS] MouseButtonClick - "[MSAA, VisibleOnly]ControlType='Button' &amp;&amp; Name='OK'"
\0&lt;/a&gt;
W, 3240, 26, 2013/05/24, 09:55:19.849, 1160844605258, QTAgent32.exe, &lt;a class=success&gt;Playback - {223} [SUCCESS] MouseButtonClick - "[MSAA, VisibleOnly]ControlType='Button' &amp;&amp; Name='Invite'"
\0&lt;/a&gt;
W, 3240, 26, 2013/05/24, 09:55:20.080, 1160847915108, QTAgent32.exe, &lt;a class=success&gt;Playback - {224} [SUCCESS] MouseButtonClick - "[MSAA, VisibleOnly]ControlType='Button' &amp;&amp; Name='OK'"
\0&lt;/a&gt;
W, 3240, 26, 2013/05/24, 09:55:20.327, 1160851441347, QTAgent32.exe, &lt;a class=success&gt;Playback - {225} [SUCCESS] MouseButtonClick - "[MSAA, VisibleOnly]ControlType='Button' &amp;&amp; Name='Ok'"
\0&lt;/a&gt;
W, 3240, 26, 2013/05/24, 09:55:24.920, 1160917204607, QTAgent32.exe, Playback - [WARNING] Internal warning: Window Not Found: [VisibleOnly]ControlType='Window' &amp;&amp; Name='Personal Lines' &amp;&amp; ClassName='#32770'
\0
E, 3240, 26, 2013/05/24, 09:55:24.920, 1160917206750, QTAgent32.exe, &lt;a class=failure&gt;Playback - {226} [FAILED] Function ElementFetcher::FindScreenElement failed to locate UI element (Searching: ;[VisibleOnly]ControlType='Window' &amp;&amp; Name='Personal Lines' &amp;&amp; ClassName='#32770') (The object specified was not found.)
\0&lt;/a&gt;
E, 3240, 26, 2013/05/24, 09:55:24.963, 1160917831943, QTAgent32.exe, Playback - [IMAGE] C:\Users\testuser\AppData\Local\Temp\UITestLogs\LastRun\RPF2EDC.png
\0
W, 3240, 26, 2013/05/24, 09:55:24.963, 1160917833546, QTAgent32.exe, Playback - [WARNING] Internal warning: Couldn't find descendants that match QueryId
\0
W, 3240, 26, 2013/05/24, 09:55:24.964, 1160917837057, QTAgent32.exe, PERF WARNING: FindTopLevelWindowHelper::FindAllDescendents: took 4537 ms. Expected it to take maximum 500 ms.
W, 3240, 26, 2013/05/24, 09:55:42.969, 1161175640587, QTAgent32.exe, Playback - [WARNING] Internal warning: Window Not Found: [VisibleOnly]ControlType='Window' &amp;&amp; Name='Personal Lines' &amp;&amp; ClassName='#32770'
\0
E, 3240, 26, 2013/05/24, 09:55:42.969, 1161175642860, QTAgent32.exe, &lt;a class=failure&gt;Playback - {227} [FAILED] Function ElementFetcher::FindScreenElement failed to locate UI element (Searching: ;[VisibleOnly]ControlType='Window' &amp;&amp; Name='Personal Lines' &amp;&amp; ClassName='#32770') (The object specified was not found.)
\0&lt;/a&gt;
E, 3240, 26, 2013/05/24, 09:55:43.013, 1161176262494, QTAgent32.exe, Playback - [IMAGE] C:\Users\testuser\AppData\Local\Temp\UITestLogs\LastRun\RPF755E.png
\0
W, 3240, 26, 2013/05/24, 09:55:43.013, 1161176264129, QTAgent32.exe, Playback - [WARNING] Internal warning: Couldn't find descendants that match QueryId
\0
W, 3240, 26, 2013/05/24, 09:55:43.013, 1161176266625, QTAgent32.exe, PERF WARNING: FindTopLevelWindowHelper::FindAllDescendents: took 18048 ms. Expected it to take maximum 500 ms.
W, 3240, 26, 2013/05/24, 09:55:43.472, 1161182839306, QTAgent32.exe, Playback - [WARNING] Internal warning: Smart Match failed
\0
W, 3240, 26, 2013/05/24, 09:55:43.667, 1161185635790, QTAgent32.exe, Playback - [WARNING] Internal warning: Smart Match failed
\0
W, 3240, 26, 2013/05/24, 09:55:43.867, 1161188497691, QTAgent32.exe, Playback - [WARNING] Internal warning: Smart Match failed
\0
W, 3240, 26, 2013/05/24, 09:55:44.069, 1161191382113, QTAgent32.exe, Playback - [WARNING] Internal warning: Smart Match failed
\0
W, 3240, 26, 2013/05/24, 09:55:44.271, 1161194278600, QTAgent32.exe, Playback - [WARNING] Internal warning: Smart Match failed
\0
W, 3240, 26, 2013/05/24, 09:55:44.475, 1161197197849, QTAgent32.exe, Playback - [WARNING] Internal warning: Smart Match failed
\0
W, 3240, 26, 2013/05/24, 09:55:44.675, 1161200066308, QTAgent32.exe, Playback - [WARNING] Internal warning: Smart Match failed
\0
W, 3240, 26, 2013/05/24, 09:55:44.869, 1161202851769, QTAgent32.exe, Playback - [WARNING] Internal warning: Smart Match failed
\0
W, 3240, 26, 2013/05/24, 09:55:45.067, 1161205674286, QTAgent32.exe, Playback - [WARNING] Internal warning: Smart Match failed
\0
W, 3240, 26, 2013/05/24, 09:55:45.264, 1161208499012, QTAgent32.exe, Playback - [WARNING] Internal warning: Smart Match failed
\0
W, 3240, 26, 2013/05/24, 09:55:45.463, 1161211354815, QTAgent32.exe, Playback - [WARNING] Internal warning: Smart Match failed
\0
W, 3240, 26, 2013/05/24, 09:55:45.658, 1161214143362, QTAgent32.exe, Playback - [WARNING] Internal warning: Smart Match failed
\0
W, 3240, 26, 2013/05/24, 09:55:45.854, 1161216944208, QTAgent32.exe, Playback - [WARNING] Internal warning: Smart Match failed
\0
W, 3240, 26, 2013/05/24, 09:55:46.050, 1161219745607, QTAgent32.exe, Playback - [WARNING] Internal warning: Smart Match failed
\0
W, 3240, 26, 2013/05/24, 09:55:46.135, 1161220965075, QTAgent32.exe, Playback - [WARNING] Internal warning: Window Not Found: [VisibleOnly]ControlType='Window' &amp;&amp; Name='Personal Lines' &amp;&amp; ClassName='#32770'
\0
E, 3240, 26, 2013/05/24, 09:55:46.135, 1161220967030, QTAgent32.exe, &lt;a class=failure&gt;Playback - {228} [FAILED] Function ElementFetcher::FindScreenElement failed to locate UI element (Searching: ;[VisibleOnly]ControlType='Window' &amp;&amp; Name='Personal Lines' &amp;&amp; ClassName='#32770') (The object specified was not found.)
\0&lt;/a&gt;
E, 3240, 26, 2013/05/24, 09:55:46.177, 1161221570384, QTAgent32.exe, Playback - [IMAGE] C:\Users\testuser\AppData\Local\Temp\UITestLogs\LastRun\RPF81BE.png
\0
W, 3240, 26, 2013/05/24, 09:55:46.177, 1161221571922, QTAgent32.exe, Playback - [WARNING] Internal warning: Couldn't find descendants that match QueryId
\0
W, 3240, 26, 2013/05/24, 09:55:46.177, 1161221574238, QTAgent32.exe, PERF WARNING: FindTopLevelWindowHelper::FindAllDescendents: took 3164 ms. Expected it to take maximum 500 ms.
E, 3240, 26, 2013/05/24, 09:55:46.178, 1161221576057, QTAgent32.exe, Exception: System.Runtime.InteropServices.COMException
	Message: Error HRESULT E_FAIL has been returned from a call to a COM component.
	Stack Trace:    at Microsoft.VisualStudio.TestTools.UITest.Playback.Engine.IRPFPlayback.FindAllScreenElements(IScreenElement pScreenElementStart, String bstrQueryId, Object&amp; pvarResKeys, Int32 cResKeys, Int32 nMaxDepth, Object[]&amp; foundDescendants)
   at Microsoft.VisualStudio.TestTools.UITest.Playback.ScreenElement.FindTopLevelWindowHelper(String queryId)
	BaseExceptionMessage: Error HRESULT E_FAIL has been returned from a call to a COM component.

E, 3240, 26, 2013/05/24, 09:55:46.178, 1161221580718, QTAgent32.exe, Window 1901250 not responding. Last Win32 error 0
E, 3240, 26, 2013/05/24, 09:55:46.178, 1161221581757, QTAgent32.exe, GetClassName for handle 1901250 failed
E, 3240, 26, 2013/05/24, 09:55:46.297, 1161223287955, QTAgent32.exe, AL: Playback Error: Microsoft.VisualStudio.TestTools.UITest.Extension.UITestControlNotAvailableException: The control is not available or not valid. Additional Details: 
TechnologyName:  'MSAA'
ControlType:  'Window'
 ---&gt; System.Runtime.InteropServices.COMException: Error HRESULT E_FAIL has been returned from a call to a COM component.
   at Microsoft.VisualStudio.TestTools.UITest.Playback.Engine.IRPFPlayback.FindAllScreenElements(IScreenElement pScreenElementStart, String bstrQueryId, Object&amp; pvarResKeys, Int32 cResKeys, Int32 nMaxDepth, Object[]&amp; foundDescendants)
   at Microsoft.VisualStudio.TestTools.UITest.Playback.ScreenElement.FindTopLevelWindowHelper(String queryId)
   at Microsoft.VisualStudio.TestTools.UITest.Playback.ScreenElement.FindFromPartialQueryId(String queryId)
   at Microsoft.VisualStudio.TestTools.UITesting.UITestControl.EnsureValid(Boolean waitForReady, Boolean refetch)
   --- End of inner exception stack trace ---
   at Microsoft.VisualStudio.TestTools.UITesting.UITestControl.EnsureValid(Boolean waitForReady, Boolean refetch)
   at Microsoft.VisualStudio.TestTools.UITesting.UITestControl.FindFirstDescendant(String queryId, Int32 maxDepth, Int32&amp; timeLeft)
   at Microsoft.VisualStudio.TestTools.UITesting.SearchHelper.GetElement(Boolean useCache, ISearchArgument searchArg)
   at Microsoft.VisualStudio.TestTools.UITesting.SearchHelper.Search(ISearchArgument searchArg)
   at Microsoft.VisualStudio.TestTools.UITesting.UITestControl.FindInternal()
   at Microsoft.VisualStudio.TestTools.UITesting.UITestControl.FindControlIfNecessary()
   at Microsoft.VisualStudio.TestTools.UITesting.UITestControl.Click(MouseButtons button, ModifierKeys modifierKeys, Point relativeCoordinates)
   at Microsoft.VisualStudio.TestTools.UITesting.Mouse.ClickImplementation(UITestControl control, MouseButtons button, ModifierKeys modifierKeys, Point relativeCoordinate)
   at Microsoft.VisualStudio.TestTools.UITesting.Mouse.ClickImplementationWrapper(UITestControl control, MouseButtons button, ModifierKeys modifierKeys, Point relativeCoordinate)
W, 3240, 26, 2013/05/24, 09:55:46.298, 1161223295266, QTAgent32.exe, PlaybackErrorHandler: Ignoring exception as ContinueOnError is set.
W, 3240, 26, 2013/05/24, 09:55:46.491, 1161226070809, QTAgent32.exe, &lt;a class=success&gt;Playback - {229} [SUCCESS] Check - "[MSAA, VisibleOnly]ControlType='CheckBox' &amp;&amp; Name='Defer Printing?'"
\0&lt;/a&gt;
W, 3240, 26, 2013/05/24, 09:55:46.816, 1161230719732, QTAgent32.exe, &lt;a class=success&gt;Playback - {230} [SUCCESS] MouseButtonClick - "[MSAA, VisibleOnly]ControlType='Button' &amp;&amp; Name='Ok'"
\0&lt;/a&gt;
W, 3240, 26, 2013/05/24, 09:55:46.916, 1161232153209, QTAgent32.exe, Playback - [WARNING] Internal warning: Thread state based WFR - Requested element has invalid HWND
\0
W, 3240, 26, 2013/05/24, 09:55:46.916, 1161232154514, QTAgent32.exe, Playback - [WARNING] Internal warning: process performance counters based WFR - Requested element has invalid HWND
\0
E, 3240, 26, 2013/05/24, 09:55:46.916, 1161232157042, QTAgent32.exe, EnsureValid called via EnsureValid call for same element
E, 3240, 26, 2013/05/24, 09:55:46.917, 1161232158905, QTAgent32.exe, EnsureValid called via EnsureValid call for same element
E, 3240, 26, 2013/05/24, 09:55:46.917, 1161232159944, QTAgent32.exe, EnsureValid called via EnsureValid call for same element
E, 3240, 26, 2013/05/24, 09:55:46.917, 1161232163620, QTAgent32.exe, Window 2230026 not responding. Last Win32 error 0
E, 3240, 26, 2013/05/24, 09:55:46.917, 1161232164416, QTAgent32.exe, GetClassName for handle 2230026 failed
W, 3240, 26, 2013/05/24, 09:56:00.305, 1161423863084, QTAgent32.exe, PERF WARNING: FindTopLevelWindowHelper::FindAllDescendents: took 13388 ms. Expected it to take maximum 500 ms.
W, 3240, 26, 2013/05/24, 09:56:00.450, 1161425932524, QTAgent32.exe, &lt;a class=success&gt;Playback - {231} [SUCCESS] Uncheck - "[MSAA, VisibleOnly]ControlType='CheckBox' &amp;&amp; Name='Add Activity'"
\0&lt;/a&gt;
W, 3240, 26, 2013/05/24, 09:56:01.035, 1161434307999, QTAgent32.exe, &lt;a class=success&gt;Playback - {232} [SUCCESS] MouseButtonClick - "[MSAA, VisibleOnly]ControlType='Button' &amp;&amp; Name='Ok'"
\0&lt;/a&gt;
W, 3240, 26, 2013/05/24, 09:56:03.268, 1161466277014, QTAgent32.exe, &lt;a class=success&gt;Playback - {233} [SUCCESS] MouseButtonClick - "[MSAA, VisibleOnly]ControlType='Button' &amp;&amp; Name='OK'"
\0&lt;/a&gt;
W, 3240, 26, 2013/05/24, 09:56:03.621, 1161471332994, QTAgent32.exe, Playback - [WARNING] Internal warning: Window Not Found: [VisibleOnly]ControlType='Window' &amp;&amp; Name='AUTO231-1001' &amp;&amp; ClassName='ThunderRT6FormDC'
\0
E, 3240, 26, 2013/05/24, 09:56:03.621, 1161471335068, QTAgent32.exe, &lt;a class=failure&gt;Playback - {234} [FAILED] Function ElementFetcher::FindScreenElement failed to locate UI element (Searching: ;[VisibleOnly]ControlType='Window' &amp;&amp; Name='AUTO231-1001' &amp;&amp; ClassName='ThunderRT6FormDC') (The object specified was not found.)
\0&lt;/a&gt;
E, 3240, 26, 2013/05/24, 09:56:03.663, 1161471938587, QTAgent32.exe, Playback - [IMAGE] C:\Users\testuser\AppData\Local\Temp\UITestLogs\LastRun\RPFC60F.png
\0
W, 3240, 26, 2013/05/24, 09:56:03.663, 1161471940385, QTAgent32.exe, Playback - [WARNING] Internal warning: Couldn't find descendants that match QueryId
\0
W, 3240, 26, 2013/05/24, 09:56:21.721, 1161730487843, QTAgent32.exe, Playback - [WARNING] Internal warning: Window Not Found: [VisibleOnly]ControlType='Window' &amp;&amp; Name='AUTO231-1001' &amp;&amp; ClassName='ThunderRT6FormDC'
\0
E, 3240, 26, 2013/05/24, 09:56:21.721, 1161730490064, QTAgent32.exe, &lt;a class=failure&gt;Playback - {235} [FAILED] Function ElementFetcher::FindScreenElement failed to locate UI element (Searching: ;[VisibleOnly]ControlType='Window' &amp;&amp; Name='AUTO231-1001' &amp;&amp; ClassName='ThunderRT6FormDC') (The object specified was not found.)
\0&lt;/a&gt;
E, 3240, 26, 2013/05/24, 09:56:21.765, 1161731119087, QTAgent32.exe, Playback - [IMAGE] C:\Users\testuser\AppData\Local\Temp\UITestLogs\LastRun\RPFCC0.png
\0
W, 3240, 26, 2013/05/24, 09:56:21.765, 1161731120651, QTAgent32.exe, Playback - [WARNING] Internal warning: Couldn't find descendants that match QueryId
\0
W, 3240, 26, 2013/05/24, 09:56:21.765, 1161731123179, QTAgent32.exe, PERF WARNING: FindTopLevelWindowHelper::FindAllDescendents: took 18101 ms. Expected it to take maximum 500 ms.
W, 3240, 26, 2013/05/24, 09:56:22.323, 1161739121336, QTAgent32.exe, Playback - [WARNING] Internal warning: Window with Class "ThunderRT6FormDC" and Title "AUTO231-1001" was not found, so similar window with Class "ThunderRT6FormDC" and Title "AUTO153-1001" was accepted
\0
W, 3240, 26, 2013/05/24, 09:56:22.324, 1161739124711, QTAgent32.exe, PERF WARNING: FindTopLevelWindowHelper::FindAllDescendents: took 558 ms. Expected it to take maximum 500 ms.
W, 3240, 26, 2013/05/24, 09:56:23.040, 1161749383452, QTAgent32.exe, &lt;a class=success&gt;Playback - {236} [SUCCESS] MouseButtonClick - "[MSAA, VisibleOnly]ControlType='Button' &amp;&amp; Name='Renew Policy...'"
\0&lt;/a&gt;
W, 3240, 26, 2013/05/24, 09:56:23.277, 1161752782715, QTAgent32.exe, &lt;a class=success&gt;Playback - {237} [SUCCESS] Check - "[MSAA, VisibleOnly]ControlType='RadioButton' &amp;&amp; Name='Alternative'"
\0&lt;/a&gt;
W, 3240, 26, 2013/05/24, 09:56:23.680, 1161758552428, QTAgent32.exe, &lt;a class=success&gt;Playback - {238} [SUCCESS] MouseButtonClick - "[MSAA, VisibleOnly]ControlType='Button' &amp;&amp; Name='OK'"
\0&lt;/a&gt;
W, 3240, 26, 2013/05/24, 09:56:23.912, 1161761868681, QTAgent32.exe, &lt;a class=success&gt;Playback - {239} [SUCCESS] MouseButtonClick - "[MSAA, VisibleOnly]ControlType='Button' &amp;&amp; Name='OK'"
\0&lt;/a&gt;
W, 3240, 26, 2013/05/24, 09:56:25.495, 1161784527911, QTAgent32.exe, PERF WARNING: FindTopLevelWindowHelper::FindAllDescendents: took 1482 ms. Expected it to take maximum 500 ms.
W, 3240, 26, 2013/05/24, 09:56:25.636, 1161786549699, QTAgent32.exe, &lt;a class=success&gt;Playback - {240} [SUCCESS] MouseButtonClick - "[MSAA, VisibleOnly]ControlType='Client'"
\0&lt;/a&gt;
W, 3240, 26, 2013/05/24, 09:56:27.868, 1161818506247, QTAgent32.exe, &lt;a class=success&gt;Playback - {241} [SUCCESS] MouseButtonClick - "[MSAA, VisibleOnly]ControlType='Button' &amp;&amp; Name='Accept'"
\0&lt;/a&gt;
W, 3240, 26, 2013/05/24, 09:56:37.444, 1161955620816, QTAgent32.exe, Playback - [WARNING] Internal warning: Window Not Found: [VisibleOnly]ControlType='Window' &amp;&amp; Name='Save the file as' &amp;&amp; ClassName='#32770'
\0
E, 3240, 26, 2013/05/24, 09:56:37.444, 1161955623032, QTAgent32.exe, &lt;a class=failure&gt;Playback - {242} [FAILED] Function ElementFetcher::FindScreenElement failed to locate UI element (Searching: ;[VisibleOnly]ControlType='Window' &amp;&amp; Name='Save the file as' &amp;&amp; ClassName='#32770') (The object specified was not found.)
\0&lt;/a&gt;
E, 3240, 26, 2013/05/24, 09:56:37.492, 1161956312648, QTAgent32.exe, Playback - [IMAGE] C:\Users\testuser\AppData\Local\Temp\UITestLogs\LastRun\RPF4A2E.png
\0
W, 3240, 26, 2013/05/24, 09:56:37.493, 1161956314294, QTAgent32.exe, Playback - [WARNING] Internal warning: Couldn't find descendants that match QueryId
\0
W, 3240, 26, 2013/05/24, 09:56:37.493, 1161956316833, QTAgent32.exe, PERF WARNING: FindTopLevelWindowHelper::FindAllDescendents: took 9479 ms. Expected it to take maximum 500 ms.
W, 3240, 26, 2013/05/24, 09:56:55.584, 1162215355480, QTAgent32.exe, Playback - [WARNING] Internal warning: Window Not Found: [VisibleOnly]ControlType='Window' &amp;&amp; Name='Save the file as' &amp;&amp; ClassName='#32770'
\0
E, 3240, 26, 2013/05/24, 09:56:55.584, 1162215357802, QTAgent32.exe, &lt;a class=failure&gt;Playback - {243} [FAILED] Function ElementFetcher::FindScreenElement failed to locate UI element (Searching: ;[VisibleOnly]ControlType='Window' &amp;&amp; Name='Save the file as' &amp;&amp; ClassName='#32770') (The object specified was not found.)
\0&lt;/a&gt;
E, 3240, 26, 2013/05/24, 09:56:55.627, 1162215973076, QTAgent32.exe, Playback - [IMAGE] C:\Users\testuser\AppData\Local\Temp\UITestLogs\LastRun\RPF910E.png
\0
W, 3240, 26, 2013/05/24, 09:56:55.627, 1162215974695, QTAgent32.exe, Playback - [WARNING] Internal warning: Couldn't find descendants that match QueryId
\0
W, 3240, 26, 2013/05/24, 09:56:55.627, 1162215977210, QTAgent32.exe, PERF WARNING: FindTopLevelWindowHelper::FindAllDescendents: took 18134 ms. Expected it to take maximum 500 ms.
W, 3240, 26, 2013/05/24, 09:56:56.111, 1162222907233, QTAgent32.exe, Playback - [WARNING] Internal warning: Smart Match failed
\0
W, 3240, 26, 2013/05/24, 09:56:56.323, 1162225936174, QTAgent32.exe, Playback - [WARNING] Internal warning: Smart Match failed
\0
W, 3240, 26, 2013/05/24, 09:56:56.531, 1162228917736, QTAgent32.exe, Playback - [WARNING] Internal warning: Smart Match failed
\0
W, 3240, 26, 2013/05/24, 09:56:56.738, 1162231875513, QTAgent32.exe, Playback - [WARNING] Internal warning: Smart Match failed
\0
W, 3240, 26, 2013/05/24, 09:56:56.951, 1162234921322, QTAgent32.exe, Playback - [WARNING] Internal warning: Smart Match failed
\0
W, 3240, 26, 2013/05/24, 09:56:57.162, 1162237948927, QTAgent32.exe, Playback - [WARNING] Internal warning: Smart Match failed
\0
W, 3240, 26, 2013/05/24, 09:56:57.369, 1162240911141, QTAgent32.exe, Playback - [WARNING] Internal warning: Smart Match failed
\0
W, 3240, 26, 2013/05/24, 09:56:57.574, 1162243846863, QTAgent32.exe, Playback - [WARNING] Internal warning: Smart Match failed
\0
W, 3240, 26, 2013/05/24, 09:56:57.781, 1162246807248, QTAgent32.exe, Playback - [WARNING] Internal warning: Smart Match failed
\0
W, 3240, 26, 2013/05/24, 09:56:57.983, 1162249708001, QTAgent32.exe, Playback - [WARNING] Internal warning: Smart Match failed
\0
W, 3240, 26, 2013/05/24, 09:56:58.185, 1162252597976, QTAgent32.exe, Playback - [WARNING] Internal warning: Smart Match failed
\0
W, 3240, 26, 2013/05/24, 09:56:58.395, 1162255596013, QTAgent32.exe, Playback - [WARNING] Internal warning: Smart Match failed
\0
W, 3240, 26, 2013/05/24, 09:56:58.593, 1162258442976, QTAgent32.exe, Playback - [WARNING] Internal warning: Smart Match failed
\0
W, 3240, 26, 2013/05/24, 09:56:58.681, 1162259700346, QTAgent32.exe, Playback - [WARNING] Internal warning: Window Not Found: [VisibleOnly]ControlType='Window' &amp;&amp; Name='Save the file as' &amp;&amp; ClassName='#32770'
\0
E, 3240, 26, 2013/05/24, 09:56:58.681, 1162259702023, QTAgent32.exe, &lt;a class=failure&gt;Playback - {244} [FAILED] Function ElementFetcher::FindScreenElement failed to locate UI element (Searching: ;[VisibleOnly]ControlType='Window' &amp;&amp; Name='Save the file as' &amp;&amp; ClassName='#32770') (The object specified was not found.)
\0&lt;/a&gt;
E, 3240, 26, 2013/05/24, 09:56:58.724, 1162260309881, QTAgent32.exe, Playback - [IMAGE] C:\Users\testuser\AppData\Local\Temp\UITestLogs\LastRun\RPF9D20.png
\0
W, 3240, 26, 2013/05/24, 09:56:58.724, 1162260311411, QTAgent32.exe, Playback - [WARNING] Internal warning: Couldn't find descendants that match QueryId
\0
W, 3240, 26, 2013/05/24, 09:56:58.724, 1162260314215, QTAgent32.exe, PERF WARNING: FindTopLevelWindowHelper::FindAllDescendents: took 3096 ms. Expected it to take maximum 500 ms.
E, 3240, 26, 2013/05/24, 09:56:58.724, 1162260315825, QTAgent32.exe, Exception: System.Runtime.InteropServices.COMException
	Message: Error HRESULT E_FAIL has been returned from a call to a COM component.
	Stack Trace:    at Microsoft.VisualStudio.TestTools.UITest.Playback.Engine.IRPFPlayback.FindAllScreenElements(IScreenElement pScreenElementStart, String bstrQueryId, Object&amp; pvarResKeys, Int32 cResKeys, Int32 nMaxDepth, Object[]&amp; foundDescendants)
   at Microsoft.VisualStudio.TestTools.UITest.Playback.ScreenElement.FindTopLevelWindowHelper(String queryId)
	BaseExceptionMessage: Error HRESULT E_FAIL has been returned from a call to a COM component.

E, 3240, 26, 2013/05/24, 09:56:58.825, 1162261757612, QTAgent32.exe, AL: Playback Error: Microsoft.VisualStudio.TestTools.UITest.Extension.UITestControlNotFoundException: The playback failed to find the control with the given search properties. Additional Details: 
TechnologyName:  'MSAA'
ControlType:  'Window'
Name:  'Save the file as'
ClassName:  '#32770'
 ---&gt; System.Runtime.InteropServices.COMException: Error HRESULT E_FAIL has been returned from a call to a COM component.
   at Microsoft.VisualStudio.TestTools.UITest.Playback.Engine.IRPFPlayback.FindAllScreenElements(IScreenElement pScreenElementStart, String bstrQueryId, Object&amp; pvarResKeys, Int32 cResKeys, Int32 nMaxDepth, Object[]&amp; foundDescendants)
   at Microsoft.VisualStudio.TestTools.UITest.Playback.ScreenElement.FindTopLevelWindowHelper(String queryId)
   at Microsoft.VisualStudio.TestTools.UITest.Playback.ScreenElement.FindFromPartialQueryId(String queryId)
   at Microsoft.VisualStudio.TestTools.UITesting.UITestControl..ctor(String queryId)
   --- End of inner exception stack trace ---
   at Microsoft.VisualStudio.TestTools.UITesting.Playback.MapControlNotFoundException(COMException ex, IPlaybackContext context)
   at Microsoft.VisualStudio.TestTools.UITesting.Playback.MapAndThrowComException(COMException innerException, IPlaybackContext context)
   at Microsoft.VisualStudio.TestTools.UITesting.Playback.MapAndThrowException(SystemException exception, IPlaybackContext context)
   at Microsoft.VisualStudio.TestTools.UITesting.Playback.MapAndThrowException(SystemException exception, String queryId)
   at Microsoft.VisualStudio.TestTools.UITesting.UITestControl..ctor(String queryId)
   at Microsoft.VisualStudio.TestTools.UITesting.SearchHelper.SearchTopLevelWindow(ISearchArgument topLevelSearchArg, String topLevelElementQueryId)
   at Microsoft.VisualStudio.TestTools.UITesting.SearchHelper.GetTitleUpdatedTopLevelWindow(ISearchArgument topLevelSearchArg, String queryId, IList`1 windowTitles)
   at Microsoft.VisualStudio.TestTools.UITesting.SearchHelper.GetTopLevelElement(Boolean useCache, Boolean useCacheOnly, ISearchArgument searchArg, IList`1 windowTitles, Int32&amp; timeLeft)
   at Microsoft.VisualStudio.TestTools.UITesting.SearchHelper.GetElement(Boolean useCache, ISearchArgument searchArg)
   at Microsoft.VisualStudio.TestTools.UITesting.SearchHelper.Search(ISearchArgument searchArg)
   at Microsoft.VisualStudio.TestTools.UITesting.UITestControl.FindInternal()
   at Microsoft.VisualStudio.TestTools.UITesting.UITestControl.FindControlIfNecessary()
   at Microsoft.VisualStudio.TestTools.UITesting.UITestControl.Click(MouseButtons button, ModifierKeys modifierKeys, Point relativeCoordinates)
   at Microsoft.VisualStudio.TestTools.UITesting.Mouse.ClickImplementation(UITestControl control, MouseButtons button, ModifierKeys modifierKeys, Point relativeCoordinate)
   at Microsoft.VisualStudio.TestTools.UITesting.Mouse.ClickImplementationWrapper(UITestControl control, MouseButtons button, ModifierKeys modifierKeys, Point relativeCoordinate)
W, 3240, 26, 2013/05/24, 09:56:58.825, 1162261759430, QTAgent32.exe, PlaybackErrorHandler: Ignoring exception as ContinueOnError is set.
W, 3240, 26, 2013/05/24, 09:57:00.329, 1162283289231, QTAgent32.exe, Playback - [WARNING] Internal warning: Element "[MSAA, VisibleOnly]ControlType='Window' &amp;&amp; ControlId='2'" was not found, so all intermediate elements were ignored. To improve performance replace this element Id with another Id or exclude it from QueryId. If this element is the target element, replace or remove intermediate elements
\0
W, 3240, 26, 2013/05/24, 09:57:02.838, 1162319224489, QTAgent32.exe, Playback - [WARNING] Internal warning:Search failure: &lt;[MSAA, VisibleOnly]ControlType='Window' &amp;&amp; ControlId='2'&gt; | Performed (4) search retries, UI element not found
\0
E, 3240, 26, 2013/05/24, 09:57:02.839, 1162319227048, QTAgent32.exe, &lt;a class=failure&gt;Playback - {245} [FAILED] Function ElementFetcher::FindScreenElement failed to locate UI element (Searching: ;[MSAA, VisibleOnly]ControlType='Window' &amp;&amp; ControlId='2';[MSAA, VisibleOnly]ControlType='Button' &amp;&amp; Name='OK') (The object specified was not found.)
\0&lt;/a&gt;
E, 3240, 26, 2013/05/24, 09:57:02.881, 1162319830604, QTAgent32.exe, Playback - [IMAGE] C:\Users\testuser\AppData\Local\Temp\UITestLogs\LastRun\RPFAD66.png
\0
W, 3240, 26, 2013/05/24, 09:57:02.881, 1162319832289, QTAgent32.exe, Playback - [WARNING] Internal warning: Couldn't find descendants that match QueryId
\0
W, 3240, 26, 2013/05/24, 09:57:02.881, 1162319834924, QTAgent32.exe, PERF WARNING: FindAllDescendents: took 4054 ms. Expected it to take maximum 500 ms.
E, 3240, 26, 2013/05/24, 09:57:02.881, 1162319839704, QTAgent32.exe, Window 3932788 not responding. Last Win32 error 0
E, 3240, 26, 2013/05/24, 09:57:02.882, 1162319840773, QTAgent32.exe, GetClassName for handle 3932788 failed
E, 3240, 26, 2013/05/24, 09:57:02.982, 1162321277558, QTAgent32.exe, AL: Playback Error: Microsoft.VisualStudio.TestTools.UITest.Extension.UITestControlNotAvailableException: The control is not available or not valid. Additional Details: 
TechnologyName:  'MSAA'
Name:  'OK'
ControlType:  'Button'
 ---&gt; Microsoft.VisualStudio.TestTools.UITest.Extension.UITestControlNotFoundException: The playback failed to find the control with the given search properties. Additional Details: The control details were not specified. ---&gt; System.Runtime.InteropServices.COMException: Error HRESULT E_FAIL has been returned from a call to a COM component.
   at Microsoft.VisualStudio.TestTools.UITest.Playback.Engine.IScreenElement.FindAllDescendants(String bstrQueryId, Object&amp; pvarResKeys, Int32 cResKeys, Int32 nMaxDepth)
   at Microsoft.VisualStudio.TestTools.UITest.Playback.ScreenElement.FindAllScreenElement(String queryId, Int32 depth, Boolean singleQueryId, Boolean throwException)
   at Microsoft.VisualStudio.TestTools.UITest.Playback.ScreenElement.FindScreenElement(String queryId, Int32 depth)
   at Microsoft.VisualStudio.TestTools.UITesting.UITestControl.FindFirstDescendant(String queryId, Int32 maxDepth, Int32&amp; timeLeft)
   --- End of inner exception stack trace ---
   at Microsoft.VisualStudio.TestTools.UITesting.Playback.MapControlNotFoundException(COMException ex, IPlaybackContext context)
   at Microsoft.VisualStudio.TestTools.UITesting.Playback.MapAndThrowComException(COMException innerException, IPlaybackContext context)
   at Microsoft.VisualStudio.TestTools.UITesting.Playback.MapAndThrowException(SystemException exception, IPlaybackContext context)
   at Microsoft.VisualStudio.TestTools.UITesting.Playback.MapAndThrowException(SystemException exception, String queryId)
   at Microsoft.VisualStudio.TestTools.UITesting.UITestControl.FindFirstDescendant(String queryId, Int32 maxDepth, Int32&amp; timeLeft)
   at Microsoft.VisualStudio.TestTools.UITesting.UITestControl.FindFirstDescendant(String queryId)
   at Microsoft.VisualStudio.TestTools.UITesting.UITestControl.EnsureValid(Boolean waitForReady, Boolean refetch)
   --- End of inner exception stack trace ---
   at Microsoft.VisualStudio.TestTools.UITesting.UITestControl.EnsureValid(Boolean waitForReady, Boolean refetch)
   at Microsoft.VisualStudio.TestTools.UITesting.UITestControl.Click(MouseButtons button, ModifierKeys modifierKeys, Point relativeCoordinates)
   at Microsoft.VisualStudio.TestTools.UITesting.Mouse.ClickImplementation(UITestControl control, MouseButtons button, ModifierKeys modifierKeys, Point relativeCoordinate)
   at Microsoft.VisualStudio.TestTools.UITesting.Mouse.ClickImplementationWrapper(UITestControl control, MouseButtons button, ModifierKeys modifierKeys, Point relativeCoordinate)
W, 3240, 26, 2013/05/24, 09:57:02.982, 1162321279148, QTAgent32.exe, PlaybackErrorHandler: Ignoring exception as ContinueOnError is set.
W, 3240, 26, 2013/05/24, 09:57:03.228, 1162324798737, QTAgent32.exe, &lt;a class=success&gt;Playback - {246} [SUCCESS] MouseButtonClick - "[MSAA, VisibleOnly]ControlType='Button' &amp;&amp; Name='Yes'"
\0&lt;/a&gt;
W, 3240, 26, 2013/05/24, 09:57:03.937, 1162334948610, QTAgent32.exe, &lt;a class=success&gt;Playback - {247} [SUCCESS] MouseButtonClick - "[MSAA, VisibleOnly]ControlType='Button' &amp;&amp; Name='Ok'"
\0&lt;/a&gt;
W, 3240, 26, 2013/05/24, 09:57:07.419, 1162384815225, QTAgent32.exe, Playback - [WARNING] Internal warning: Window Not Found: [VisibleOnly]ControlType='Window' &amp;&amp; Name='Personal Lines' &amp;&amp; ClassName='#32770'
\0
E, 3240, 26, 2013/05/24, 09:57:07.419, 1162384817401, QTAgent32.exe, &lt;a class=failure&gt;Playback - {248} [FAILED] Function ElementFetcher::FindScreenElement failed to locate UI element (Searching: ;[VisibleOnly]ControlType='Window' &amp;&amp; Name='Personal Lines' &amp;&amp; ClassName='#32770') (The object specified was not found.)
\0&lt;/a&gt;
E, 3240, 26, 2013/05/24, 09:57:07.462, 1162385431268, QTAgent32.exe, Playback - [IMAGE] C:\Users\testuser\AppData\Local\Temp\UITestLogs\LastRun\RPFBF42.png
\0
W, 3240, 26, 2013/05/24, 09:57:07.462, 1162385432870, QTAgent32.exe, Playback - [WARNING] Internal warning: Couldn't find descendants that match QueryId
\0
W, 3240, 26, 2013/05/24, 09:57:07.463, 1162385435788, QTAgent32.exe, PERF WARNING: FindTopLevelWindowHelper::FindAllDescendents: took 3425 ms. Expected it to take maximum 500 ms.
W, 3240, 26, 2013/05/24, 09:57:14.091, 1162480344472, QTAgent32.exe, PERF WARNING: FindTopLevelWindowHelper::FindAllDescendents: took 6628 ms. Expected it to take maximum 500 ms.
W, 3240, 26, 2013/05/24, 09:57:14.215, 1162482114138, QTAgent32.exe, &lt;a class=success&gt;Playback - {249} [SUCCESS] MouseButtonClick - "[MSAA, VisibleOnly]ControlType='Button' &amp;&amp; Name='OK'"
\0&lt;/a&gt;
W, 3240, 26, 2013/05/24, 09:57:14.315, 1162483550858, QTAgent32.exe, Playback - [WARNING] Internal warning: Thread state based WFR - Requested element has invalid HWND
\0
W, 3240, 26, 2013/05/24, 09:57:14.315, 1162483552014, QTAgent32.exe, Playback - [WARNING] Internal warning: process performance counters based WFR - Requested element has invalid HWND
\0
E, 3240, 26, 2013/05/24, 09:57:14.316, 1162483554829, QTAgent32.exe, EnsureValid called via EnsureValid call for same element
E, 3240, 26, 2013/05/24, 09:57:14.316, 1162483556310, QTAgent32.exe, EnsureValid called via EnsureValid call for same element
E, 3240, 26, 2013/05/24, 09:57:14.316, 1162483557370, QTAgent32.exe, EnsureValid called via EnsureValid call for same element
E, 3240, 26, 2013/05/24, 09:57:14.316, 1162483561286, QTAgent32.exe, Window 3212824 not responding. Last Win32 error 0
E, 3240, 26, 2013/05/24, 09:57:14.316, 1162483562123, QTAgent32.exe, GetClassName for handle 3212824 failed
W, 3240, 26, 2013/05/24, 09:57:18.352, 1162541343608, QTAgent32.exe, Playback - [WARNING] Internal warning: Window Not Found: [VisibleOnly]ControlType='Window' &amp;&amp; Name='Print Documents' &amp;&amp; ClassName='ThunderRT6FormDC'
\0
E, 3240, 26, 2013/05/24, 09:57:18.352, 1162541345566, QTAgent32.exe, &lt;a class=failure&gt;Playback - {250} [FAILED] Function ElementFetcher::FindScreenElement failed to locate UI element (Searching: ;[VisibleOnly]ControlType='Window' &amp;&amp; Name='Print Documents' &amp;&amp; ClassName='ThunderRT6FormDC') (The object specified was not found.)
\0&lt;/a&gt;
E, 3240, 26, 2013/05/24, 09:57:18.394, 1162541954931, QTAgent32.exe, Playback - [IMAGE] C:\Users\testuser\AppData\Local\Temp\UITestLogs\LastRun\RPFE9FA.png
\0
W, 3240, 26, 2013/05/24, 09:57:18.394, 1162541956537, QTAgent32.exe, Playback - [WARNING] Internal warning: Couldn't find descendants that match QueryId
\0
W, 3240, 26, 2013/05/24, 09:57:18.395, 1162541959171, QTAgent32.exe, PERF WARNING: FindTopLevelWindowHelper::FindAllDescendents: took 4078 ms. Expected it to take maximum 500 ms.
W, 3240, 26, 2013/05/24, 09:57:18.534, 1162543955129, QTAgent32.exe, &lt;a class=success&gt;Playback - {251} [SUCCESS] Check - "[MSAA, VisibleOnly]ControlType='CheckBox' &amp;&amp; Name='Defer Printing?'"
\0&lt;/a&gt;
W, 3240, 26, 2013/05/24, 09:57:19.083, 1162551821448, QTAgent32.exe, &lt;a class=success&gt;Playback - {252} [SUCCESS] MouseButtonClick - "[MSAA, VisibleOnly]ControlType='Button' &amp;&amp; Name='Ok'"
\0&lt;/a&gt;
W, 3240, 26, 2013/05/24, 09:57:19.437, 1162556885470, QTAgent32.exe, &lt;a class=success&gt;Playback - {253} [SUCCESS] MouseButtonClick - "[MSAA, VisibleOnly]ControlType='Button' &amp;&amp; Name='OK'"
\0&lt;/a&gt;
W, 3240, 26, 2013/05/24, 09:57:21.743, 1162589899819, QTAgent32.exe, PERF WARNING: FindTopLevelWindowHelper::FindAllDescendents: took 2205 ms. Expected it to take maximum 500 ms.
W, 3240, 26, 2013/05/24, 09:57:23.866, 1162620297507, QTAgent32.exe, &lt;a class=success&gt;Playback - {254} [SUCCESS] MouseButtonClick - "[MSAA, VisibleOnly]ControlType='Button' &amp;&amp; Name='OK'"
\0&lt;/a&gt;
W, 3240, 26, 2013/05/24, 09:57:23.970, 1162621796401, QTAgent32.exe, Playback - [WARNING] Internal warning: Thread state based WFR - Requested element has invalid HWND
\0
W, 3240, 26, 2013/05/24, 09:57:23.970, 1162621797720, QTAgent32.exe, Playback - [WARNING] Internal warning: process performance counters based WFR - Requested element has invalid HWND
\0
E, 3240, 26, 2013/05/24, 09:57:23.971, 1162621800390, QTAgent32.exe, EnsureValid called via EnsureValid call for same element
E, 3240, 26, 2013/05/24, 09:57:23.971, 1162621801839, QTAgent32.exe, EnsureValid called via EnsureValid call for same element
E, 3240, 26, 2013/05/24, 09:57:23.971, 1162621802798, QTAgent32.exe, EnsureValid called via EnsureValid call for same element
E, 3240, 26, 2013/05/24, 09:57:23.971, 1162621806093, QTAgent32.exe, GetClassName for handle 2818806 failed
E, 3240, 26, 2013/05/24, 09:57:23.972, 1162621820020, QTAgent32.exe, Window 2818806 not responding. Last Win32 error 1400
E, 3240, 26, 2013/05/24, 09:57:23.972, 1162621821948, QTAgent32.exe, GetClassName for handle 2818806 failed
W, 3240, 26, 2013/05/24, 09:57:24.111, 1162623810621, QTAgent32.exe, &lt;a class=success&gt;Playback - {255} [SUCCESS] Uncheck - "[MSAA, VisibleOnly]ControlType='CheckBox' &amp;&amp; Name='Add Activity'"
\0&lt;/a&gt;
W, 3240, 26, 2013/05/24, 09:57:24.496, 1162629312592, QTAgent32.exe, &lt;a class=success&gt;Playback - {256} [SUCCESS] MouseButtonClick - "[MSAA, VisibleOnly]ControlType='Button' &amp;&amp; Name='Ok'"
\0&lt;/a&gt;
W, 3240, 26, 2013/05/24, 09:57:24.727, 1162632623585, QTAgent32.exe, &lt;a class=success&gt;Playback - {257} [SUCCESS] MouseButtonClick - "[MSAA, VisibleOnly]ControlType='Button' &amp;&amp; Name='Ok'"
\0&lt;/a&gt;
W, 3240, 26, 2013/05/24, 09:57:27.756, 1162675995347, QTAgent32.exe, PERF WARNING: FindTopLevelWindowHelper::FindAllDescendents: took 2929 ms. Expected it to take maximum 500 ms.
W, 3240, 26, 2013/05/24, 09:57:28.036, 1162680006840, QTAgent32.exe, &lt;a class=success&gt;Playback - {258} [SUCCESS] DoSelect - "[MSAA, VisibleOnly]ControlType='List'"
\0&lt;/a&gt;
W, 3240, 26, 2013/05/24, 09:57:29.644, 1162703029315, QTAgent32.exe, &lt;a class=success&gt;Playback - {259} [SUCCESS] MouseButtonClick - "[MSAA, VisibleOnly]ControlType='Button' &amp;&amp; Name='Ok'"
\0&lt;/a&gt;
W, 3240, 26, 2013/05/24, 09:57:31.907, 1162735437617, QTAgent32.exe, &lt;a class=success&gt;Playback - {260} [SUCCESS] MouseButtonClick - "[MSAA, VisibleOnly]ControlType='Button' &amp;&amp; Name='OK'"
\0&lt;/a&gt;
W, 3240, 26, 2013/05/24, 09:57:33.237, 1162754480844, QTAgent32.exe, PERF WARNING: FindAllDescendents: took 1229 ms. Expected it to take maximum 500 ms.
W, 3240, 26, 2013/05/24, 09:57:34.011, 1162765553722, QTAgent32.exe, &lt;a class=success&gt;Playback - {261} [SUCCESS] MouseButtonClick - "[MSAA, VisibleOnly]ControlType='Button' &amp;&amp; Name='Exit'"
\0&lt;/a&gt;
W, 3240, 26, 2013/05/24, 09:57:34.389, 1162770975425, QTAgent32.exe, &lt;a class=success&gt;Playback - {262} [SUCCESS] MouseButtonClick - "[MSAA, VisibleOnly]ControlType='Button' &amp;&amp; Name='Yes'"
\0&lt;/a&gt;
W, 3240, 26, 2013/05/24, 09:57:34.747, 1162776104478, QTAgent32.exe, &lt;a class=success&gt;Playback - {263} [SUCCESS] MouseButtonClick - "[MSAA, VisibleOnly]ControlType='Button' &amp;&amp; Name='Cancel'"
\0&lt;/a&gt;
W, 3240, 26, 2013/05/24, 09:57:35.092, 1162781042220, QTAgent32.exe, &lt;a class=success&gt;Playback - {264} [SUCCESS] MouseButtonClick - "[MSAA, VisibleOnly]ControlType='Button'"
\0&lt;/a&gt;
W, 3240, 26, 2013/05/24, 09:57:35.524, 1162787217480, QTAgent32.exe, &lt;a class=success&gt;Playback - {265} [SUCCESS] MouseButtonClick - "[MSAA, VisibleOnly]ControlType='Button' &amp;&amp; Name='Detail'"
\0&lt;/a&gt;
W, 3240, 26, 2013/05/24, 09:57:35.818, 1162791432593, QTAgent32.exe, &lt;a class=success&gt;Playback - {266} [SUCCESS] MouseButtonClick - "[MSAA, VisibleOnly]ControlType='Button' &amp;&amp; Name='Cancel'"
\0&lt;/a&gt;
W, 3240, 26, 2013/05/24, 09:57:38.421, 1162828696910, QTAgent32.exe, IEDOM : StopSession of the plugin called before StartSession
W, 3240, 26, 2013/05/24, 09:57:38.421, 1162828697884, QTAgent32.exe, UIA : StopSession of the plugin called before StartSession
</DebugTrace>
      </Output>
    </UnitTestResult>
  </Results>
</TestRun>