<?xml version="1.0" encoding="UTF-8"?>
<TestRun id="320467ae-dd2d-44f2-b6b6-5c9004480c25" name="testuser@ICLVDEVTL 2013-05-24 07:59:52" runUser="ICLVDEVTL\testuser" xmlns="http://microsoft.com/schemas/VisualStudio/TeamTest/2010">
  <TestSettings name="RemoteSetting" id="5c3ed885-967b-4862-a1a8-8a2764ec6e39">
    <Description>These are default test settings for a local test run.</Description>
    <Deployment runDeploymentRoot="testuser_ICLVDEVTL 2013-05-24 07_59_52">
      <DeploymentItem filename="C:\TestLinkFixture.dll" />
      <DeploymentItem filename="C:\CookComputing.XmlRpcV2.dll" />
      <DeploymentItem filename="C:\TestLinkAPI.dll" />
    </Deployment>
    <RemoteController name="ICLVDEVTL" />
    <Execution location="Remote">
      <TestTypeSpecific>
        <UnitTestRunConfig testTypeId="13cdc9d9-ddb5-4fa4-a97d-d965ccfc6d4b">
          <AssemblyResolution>
            <TestDirectory useLoadContext="true" />
          </AssemblyResolution>
        </UnitTestRunConfig>
      </TestTypeSpecific>
      <AgentRule name="New role 1">
      </AgentRule>
    </Execution>
  </TestSettings>
  <Times creation="2013-05-24T07:59:52.5903734+01:00" queuing="2013-05-24T07:59:53.0954239+01:00" start="2013-05-24T07:59:53.6694813+01:00" finish="2013-05-24T08:26:12.1007511+01:00" />
  <ResultSummary outcome="Completed">
    <Counters total="2" executed="2" passed="2" error="0" failed="0" timeout="0" aborted="0" inconclusive="0" passedButRunAborted="0" notRunnable="0" notExecuted="0" disconnected="0" warning="0" completed="0" inProgress="0" pending="0" />
  </ResultSummary>
  <TestDefinitions>
    <UnitTest name="MotoRebrokeRenewNewScheme" storage="c:\autotesttam1205\testproject7\bin\debug\ver1.dll" id="72861ca4-760f-1d55-3273-faac7fb22762">
      <Execution id="0dbf5893-c5be-4b6d-864d-2d499abcc041" />
      <TestMethod codeBase="C:/AutotestTam1205/TestProject7/bin/Debug/Ver1.DLL" adapterTypeName="Microsoft.VisualStudio.TestTools.TestTypes.Unit.UnitTestAdapter, Microsoft.VisualStudio.QualityTools.Tips.UnitTest.Adapter, Version=10.0.0.0, Culture=neutral, PublicKeyToken=b03f5f7f11d50a3a" className="Ver1.CodedUITest2, Ver1, Version=1.0.0.0, Culture=neutral, PublicKeyToken=null" name="MotoRebrokeRenewNewScheme" />
      <Extension>Microsoft.VisualStudio.TestTools.UITesting.CodedUITestAttribute, Microsoft.VisualStudio.QualityTools.CodedUITestFramework, Version=10.0.0.0, Culture=neutral, PublicKeyToken=b03f5f7f11d50a3a</Extension>
    </UnitTest>
    <UnitTest name="MotoRebrokeRenewExistingScheme" storage="c:\autotesttam1205\testproject7\bin\debug\ver1.dll" id="a5f54e40-1bf8-ce13-c337-6a02b2b7e5d4">
      <Execution id="94cd88e2-0491-48da-b948-af52c6a524aa" />
      <TestMethod codeBase="C:/AutotestTam1205/TestProject7/bin/Debug/Ver1.DLL" adapterTypeName="Microsoft.VisualStudio.TestTools.TestTypes.Unit.UnitTestAdapter, Microsoft.VisualStudio.QualityTools.Tips.UnitTest.Adapter, Version=10.0.0.0, Culture=neutral, PublicKeyToken=b03f5f7f11d50a3a" className="Ver1.CodedUITest2, Ver1, Version=1.0.0.0, Culture=neutral, PublicKeyToken=null" name="MotoRebrokeRenewExistingScheme" />
      <Extension>Microsoft.VisualStudio.TestTools.UITesting.CodedUITestAttribute, Microsoft.VisualStudio.QualityTools.CodedUITestFramework, Version=10.0.0.0, Culture=neutral, PublicKeyToken=b03f5f7f11d50a3a</Extension>
    </UnitTest>
  </TestDefinitions>
  <TestLists>
    <TestList name="Results Not in a List" id="8c84fa94-04c1-424b-9868-57a2d4851a1d" />
    <TestList name="All Loaded Results" id="19431567-8539-422a-85d7-44ee4e166bda" />
  </TestLists>
  <TestEntries>
    <TestEntry testId="a5f54e40-1bf8-ce13-c337-6a02b2b7e5d4" executionId="94cd88e2-0491-48da-b948-af52c6a524aa" testListId="8c84fa94-04c1-424b-9868-57a2d4851a1d" />
    <TestEntry testId="72861ca4-760f-1d55-3273-faac7fb22762" executionId="0dbf5893-c5be-4b6d-864d-2d499abcc041" testListId="8c84fa94-04c1-424b-9868-57a2d4851a1d" />
  </TestEntries>
  <Results>
    <UnitTestResult executionId="94cd88e2-0491-48da-b948-af52c6a524aa" testId="a5f54e40-1bf8-ce13-c337-6a02b2b7e5d4" testName="MotoRebrokeRenewExistingScheme" computerName="ICLVDEVTM02" duration="00:10:42.6480761" startTime="2013-05-24T07:47:18.8983598+01:00" endTime="2013-05-24T07:58:02.7301160+01:00" testType="13cdc9d9-ddb5-4fa4-a97d-d965ccfc6d4b" outcome="Passed" testListId="8c84fa94-04c1-424b-9868-57a2d4851a1d" relativeResultsDirectory="94cd88e2-0491-48da-b948-af52c6a524aa">
      <Output>
        <DebugTrace>W, 3504, 17, 2013/05/24, 07:47:25.619, 3580078694171, QTAgent32.exe, &lt;a class=success&gt;Playback - {1} [SUCCESS] MouseButtonClick - "[MSAA, VisibleOnly]ControlType='Edit'"
\0&lt;/a&gt;
W, 3504, 17, 2013/05/24, 07:47:25.921, 3580083017765, QTAgent32.exe, &lt;a class=success&gt;Playback - {2} [SUCCESS] SendKeys "[*]" - "[MSAA, VisibleOnly]ControlType='Edit'"
\0&lt;/a&gt;
W, 3504, 17, 2013/05/24, 07:47:26.654, 3580093515235, QTAgent32.exe, &lt;a class=success&gt;Playback - {3} [SUCCESS] MouseButtonClick - "[MSAA, VisibleOnly]ControlType='Button' &amp;&amp; Name='OK'"
\0&lt;/a&gt;
E, 3504, 17, 2013/05/24, 07:47:26.838, 3580096138838, QTAgent32.exe, LoadLibrary() : Unable to find the resource 37382 from assembly C:\Windows\system32\en-US\ieframe.dll.mui: Error1814
E, 3504, 17, 2013/05/24, 07:47:26.838, 3580096149508, QTAgent32.exe, LoadLibrary() : Unable to find the resource 41728 from assembly C:\Windows\system32\en-US\ieframe.dll.mui: Error1814
E, 3504, 17, 2013/05/24, 07:47:26.839, 3580096153171, QTAgent32.exe, LoadLibrary() : Unable to find the resource 8131 from assembly C:\Windows\system32\en-US\ieframe.dll.mui: Error1814
E, 3504, 17, 2013/05/24, 07:47:26.839, 3580096157339, QTAgent32.exe, LoadLibrary() : Unable to find the resource 8131 from assembly C:\Windows\system32\en-US\ieframe.dll.mui: Error1814
E, 3504, 17, 2013/05/24, 07:47:26.839, 3580096164569, QTAgent32.exe, LoadLibrary() : Unable to find the resource 8131 from assembly C:\Windows\system32\en-US\ieframe.dll.mui: Error1814
E, 3504, 17, 2013/05/24, 07:47:26.842, 3580096201849, QTAgent32.exe, LoadLibrary() : Unable to find the resource 803 from assembly C:\Windows\system32\en-US\user32.dll.mui: Error1814
W, 3504, 17, 2013/05/24, 07:47:27.087, 3580099717326, QTAgent32.exe, &lt;a class=success&gt;Playback - {4} [SUCCESS] SendKeys "^{HOME}" - "[MSAA, VisibleOnly]ControlType='Edit'"
\0&lt;/a&gt;
E, 3504, 17, 2013/05/24, 07:47:27.101, 3580099904330, QTAgent32.exe, Msaa.GetFocusedElement: could not find accessible object of foreground window
W, 3504, 17, 2013/05/24, 07:47:27.245, 3580101965870, QTAgent32.exe, &lt;a class=success&gt;Playback - {5} [SUCCESS] SendKeys "^+{END}" - "[MSAA, VisibleOnly]ControlType='Edit'"
\0&lt;/a&gt;
E, 3504, 17, 2013/05/24, 07:47:27.246, 3580101987168, QTAgent32.exe, Msaa.GetFocusedElement: could not find accessible object of foreground window
W, 3504, 17, 2013/05/24, 07:47:27.303, 3580102804488, QTAgent32.exe, &lt;a class=success&gt;Playback - {6} [SUCCESS] SendKeys "{DELETE}" - "[MSAA, VisibleOnly]ControlType='Edit'"
\0&lt;/a&gt;
W, 3504, 17, 2013/05/24, 07:47:27.669, 3580108046205, QTAgent32.exe, &lt;a class=success&gt;Playback - {7} [SUCCESS] SetValueAsEditBox "24/05/2013" - "[MSAA, VisibleOnly]ControlType='Edit'"  &lt; Set via SendKeys &gt;
\0&lt;/a&gt;
W, 3504, 17, 2013/05/24, 07:47:28.185, 3580115430713, QTAgent32.exe, Playback - [WARNING] Internal warning: Incorrect flag set for InvokeProgrammaticAction\0
W, 3504, 17, 2013/05/24, 07:47:28.317, 3580117312129, QTAgent32.exe, &lt;a class=success&gt;Playback - {8} [SUCCESS] SetValueAsComboBox "May" - "[MSAA, VisibleOnly]ControlType='ComboBox'"  &lt; SetValueAsComboBox, set by clicking on the item in the list box &gt;
\0&lt;/a&gt;
W, 3504, 17, 2013/05/24, 07:47:28.639, 3580121922552, QTAgent32.exe, &lt;a class=success&gt;Playback - {9} [SUCCESS] SendKeys "^{HOME}" - "[MSAA, VisibleOnly]ControlType='Edit'"
\0&lt;/a&gt;
E, 3504, 17, 2013/05/24, 07:47:28.639, 3580121926005, QTAgent32.exe, Msaa.GetFocusedElement: could not find accessible object of foreground window
W, 3504, 17, 2013/05/24, 07:47:28.695, 3580122723668, QTAgent32.exe, &lt;a class=success&gt;Playback - {10} [SUCCESS] SendKeys "^+{END}" - "[MSAA, VisibleOnly]ControlType='Edit'"
\0&lt;/a&gt;
E, 3504, 17, 2013/05/24, 07:47:28.696, 3580122737845, QTAgent32.exe, Msaa.GetFocusedElement: could not find accessible object of foreground window
W, 3504, 17, 2013/05/24, 07:47:28.728, 3580123199484, QTAgent32.exe, &lt;a class=success&gt;Playback - {11} [SUCCESS] SendKeys "{DELETE}" - "[MSAA, VisibleOnly]ControlType='Edit'"
\0&lt;/a&gt;
W, 3504, 17, 2013/05/24, 07:47:28.961, 3580126532701, QTAgent32.exe, &lt;a class=success&gt;Playback - {12} [SUCCESS] SetValueAsEditBox "2013" - "[MSAA, VisibleOnly]ControlType='Edit'"  &lt; Set via SendKeys &gt;
\0&lt;/a&gt;
W, 3504, 17, 2013/05/24, 07:47:29.189, 3580129796590, QTAgent32.exe, &lt;a class=success&gt;Playback - {13} [SUCCESS] MouseButtonClick - "[MSAA, VisibleOnly]ControlType='Button' &amp;&amp; Name='OK'"
\0&lt;/a&gt;
W, 3504, 17, 2013/05/24, 07:47:30.347, 3580146378883, QTAgent32.exe, Playback - [WARNING] Internal warning: Window Not Found: [VisibleOnly]ControlType='Window' &amp;&amp; Name='Warning' &amp;&amp; ClassName='#32770'
\0
E, 3504, 17, 2013/05/24, 07:47:30.347, 3580146382120, QTAgent32.exe, &lt;a class=failure&gt;Playback - {14} [FAILED] Function ElementFetcher::FindScreenElement failed to locate UI element (Searching: ;[VisibleOnly]ControlType='Window' &amp;&amp; Name='Warning' &amp;&amp; ClassName='#32770') (The object specified was not found.)
\0&lt;/a&gt;
E, 3504, 17, 2013/05/24, 07:47:30.426, 3580147524311, QTAgent32.exe, Playback - [IMAGE] C:\Users\testuser\AppData\Local\Temp\UITestLogs\LastRun\RPF59E2.png
\0
W, 3504, 17, 2013/05/24, 07:47:30.427, 3580147526823, QTAgent32.exe, Playback - [WARNING] Internal warning: Couldn't find descendants that match QueryId
\0
W, 3504, 17, 2013/05/24, 07:47:30.427, 3580147532609, QTAgent32.exe, PERF WARNING: FindTopLevelWindowHelper::FindAllDescendents: took 1111 ms. Expected it to take maximum 500 ms.
W, 3504, 17, 2013/05/24, 07:47:48.453, 3580405633015, QTAgent32.exe, Playback - [WARNING] Internal warning: Window Not Found: [VisibleOnly]ControlType='Window' &amp;&amp; Name='Warning' &amp;&amp; ClassName='#32770'
\0
E, 3504, 17, 2013/05/24, 07:47:48.456, 3580405674523, QTAgent32.exe, &lt;a class=failure&gt;Playback - {15} [FAILED] Function ElementFetcher::FindScreenElement failed to locate UI element (Searching: ;[VisibleOnly]ControlType='Window' &amp;&amp; Name='Warning' &amp;&amp; ClassName='#32770') (The object specified was not found.)
\0&lt;/a&gt;
E, 3504, 17, 2013/05/24, 07:47:48.538, 3580406840970, QTAgent32.exe, Playback - [IMAGE] C:\Users\testuser\AppData\Local\Temp\UITestLogs\LastRun\RPFA0A3.png
\0
W, 3504, 17, 2013/05/24, 07:47:48.538, 3580406843377, QTAgent32.exe, Playback - [WARNING] Internal warning: Couldn't find descendants that match QueryId
\0
W, 3504, 17, 2013/05/24, 07:47:48.538, 3580406847319, QTAgent32.exe, PERF WARNING: FindTopLevelWindowHelper::FindAllDescendents: took 18109 ms. Expected it to take maximum 500 ms.
W, 3504, 17, 2013/05/24, 07:47:49.016, 3580413690806, QTAgent32.exe, Playback - [WARNING] Internal warning: Smart Match failed
\0
W, 3504, 17, 2013/05/24, 07:47:49.173, 3580415940588, QTAgent32.exe, Playback - [WARNING] Internal warning: Smart Match failed
\0
W, 3504, 17, 2013/05/24, 07:47:49.324, 3580418107250, QTAgent32.exe, Playback - [WARNING] Internal warning: Smart Match failed
\0
W, 3504, 17, 2013/05/24, 07:47:49.475, 3580420258790, QTAgent32.exe, Playback - [WARNING] Internal warning: Smart Match failed
\0
W, 3504, 17, 2013/05/24, 07:47:49.625, 3580422415111, QTAgent32.exe, Playback - [WARNING] Internal warning: Smart Match failed
\0
W, 3504, 17, 2013/05/24, 07:47:49.775, 3580424566214, QTAgent32.exe, Playback - [WARNING] Internal warning: Smart Match failed
\0
W, 3504, 17, 2013/05/24, 07:47:49.930, 3580426785348, QTAgent32.exe, Playback - [WARNING] Internal warning: Smart Match failed
\0
W, 3504, 17, 2013/05/24, 07:47:50.085, 3580428995261, QTAgent32.exe, Playback - [WARNING] Internal warning: Smart Match failed
\0
W, 3504, 17, 2013/05/24, 07:47:50.237, 3580431171927, QTAgent32.exe, Playback - [WARNING] Internal warning: Smart Match failed
\0
W, 3504, 17, 2013/05/24, 07:47:50.389, 3580433344626, QTAgent32.exe, Playback - [WARNING] Internal warning: Smart Match failed
\0
W, 3504, 17, 2013/05/24, 07:47:50.542, 3580435543280, QTAgent32.exe, Playback - [WARNING] Internal warning: Smart Match failed
\0
W, 3504, 17, 2013/05/24, 07:47:50.695, 3580437739306, QTAgent32.exe, Playback - [WARNING] Internal warning: Smart Match failed
\0
W, 3504, 17, 2013/05/24, 07:47:50.847, 3580439909679, QTAgent32.exe, Playback - [WARNING] Internal warning: Smart Match failed
\0
W, 3504, 17, 2013/05/24, 07:47:50.997, 3580442061818, QTAgent32.exe, Playback - [WARNING] Internal warning: Smart Match failed
\0
W, 3504, 17, 2013/05/24, 07:47:51.151, 3580444260383, QTAgent32.exe, Playback - [WARNING] Internal warning: Smart Match failed
\0
W, 3504, 17, 2013/05/24, 07:47:51.306, 3580446477605, QTAgent32.exe, Playback - [WARNING] Internal warning: Smart Match failed
\0
W, 3504, 17, 2013/05/24, 07:47:51.461, 3580448695890, QTAgent32.exe, Playback - [WARNING] Internal warning: Smart Match failed
\0
W, 3504, 17, 2013/05/24, 07:47:51.612, 3580450851138, QTAgent32.exe, Playback - [WARNING] Internal warning: Smart Match failed
\0
W, 3504, 17, 2013/05/24, 07:47:51.653, 3580451446770, QTAgent32.exe, Playback - [WARNING] Internal warning: Window Not Found: [VisibleOnly]ControlType='Window' &amp;&amp; Name='Warning' &amp;&amp; ClassName='#32770'
\0
E, 3504, 17, 2013/05/24, 07:47:51.653, 3580451449852, QTAgent32.exe, &lt;a class=failure&gt;Playback - {16} [FAILED] Function ElementFetcher::FindScreenElement failed to locate UI element (Searching: ;[VisibleOnly]ControlType='Window' &amp;&amp; Name='Warning' &amp;&amp; ClassName='#32770') (The object specified was not found.)
\0&lt;/a&gt;
E, 3504, 17, 2013/05/24, 07:47:51.732, 3580452574391, QTAgent32.exe, Playback - [IMAGE] C:\Users\testuser\AppData\Local\Temp\UITestLogs\LastRun\RPFAD22.png
\0
W, 3504, 17, 2013/05/24, 07:47:51.732, 3580452576963, QTAgent32.exe, Playback - [WARNING] Internal warning: Couldn't find descendants that match QueryId
\0
W, 3504, 17, 2013/05/24, 07:47:51.732, 3580452580491, QTAgent32.exe, PERF WARNING: FindTopLevelWindowHelper::FindAllDescendents: took 3193 ms. Expected it to take maximum 500 ms.
E, 3504, 17, 2013/05/24, 07:47:51.734, 3580452598878, QTAgent32.exe, Exception: System.Runtime.InteropServices.COMException
	Message: Error HRESULT E_FAIL has been returned from a call to a COM component.
	Stack Trace:    at Microsoft.VisualStudio.TestTools.UITest.Playback.Engine.IRPFPlayback.FindAllScreenElements(IScreenElement pScreenElementStart, String bstrQueryId, Object&amp; pvarResKeys, Int32 cResKeys, Int32 nMaxDepth, Object[]&amp; foundDescendants)
   at Microsoft.VisualStudio.TestTools.UITest.Playback.ScreenElement.FindTopLevelWindowHelper(String queryId)
	BaseExceptionMessage: Error HRESULT E_FAIL has been returned from a call to a COM component.

E, 3504, 17, 2013/05/24, 07:47:51.891, 3580454859702, QTAgent32.exe, AL: Playback Error: Microsoft.VisualStudio.TestTools.UITest.Extension.UITestControlNotFoundException: The playback failed to find the control with the given search properties. Additional Details: 
TechnologyName:  'MSAA'
ControlType:  'Window'
Name:  'Warning'
ClassName:  '#32770'
 ---&gt; System.Runtime.InteropServices.COMException: Error HRESULT E_FAIL has been returned from a call to a COM component.
   at Microsoft.VisualStudio.TestTools.UITest.Playback.Engine.IRPFPlayback.FindAllScreenElements(IScreenElement pScreenElementStart, String bstrQueryId, Object&amp; pvarResKeys, Int32 cResKeys, Int32 nMaxDepth, Object[]&amp; foundDescendants)
   at Microsoft.VisualStudio.TestTools.UITest.Playback.ScreenElement.FindTopLevelWindowHelper(String queryId)
   at Microsoft.VisualStudio.TestTools.UITest.Playback.ScreenElement.FindFromPartialQueryId(String queryId)
   at Microsoft.VisualStudio.TestTools.UITesting.UITestControl..ctor(String queryId)
   --- End of inner exception stack trace ---
   at Microsoft.VisualStudio.TestTools.UITesting.Playback.MapControlNotFoundException(COMException ex, IPlaybackContext context)
   at Microsoft.VisualStudio.TestTools.UITesting.Playback.MapAndThrowComException(COMException innerException, IPlaybackContext context)
   at Microsoft.VisualStudio.TestTools.UITesting.Playback.MapAndThrowException(SystemException exception, IPlaybackContext context)
   at Microsoft.VisualStudio.TestTools.UITesting.Playback.MapAndThrowException(SystemException exception, String queryId)
   at Microsoft.VisualStudio.TestTools.UITesting.UITestControl..ctor(String queryId)
   at Microsoft.VisualStudio.TestTools.UITesting.SearchHelper.SearchTopLevelWindow(ISearchArgument topLevelSearchArg, String topLevelElementQueryId)
   at Microsoft.VisualStudio.TestTools.UITesting.SearchHelper.GetTitleUpdatedTopLevelWindow(ISearchArgument topLevelSearchArg, String queryId, IList`1 windowTitles)
   at Microsoft.VisualStudio.TestTools.UITesting.SearchHelper.GetTopLevelElement(Boolean useCache, Boolean useCacheOnly, ISearchArgument searchArg, IList`1 windowTitles, Int32&amp; timeLeft)
   at Microsoft.VisualStudio.TestTools.UITesting.SearchHelper.GetElement(Boolean useCache, ISearchArgument searchArg)
   at Microsoft.VisualStudio.TestTools.UITesting.SearchHelper.Search(ISearchArgument searchArg)
   at Microsoft.VisualStudio.TestTools.UITesting.UITestControl.FindInternal()
   at Microsoft.VisualStudio.TestTools.UITesting.UITestControl.FindControlIfNecessary()
   at Microsoft.VisualStudio.TestTools.UITesting.UITestControl.Click(MouseButtons button, ModifierKeys modifierKeys, Point relativeCoordinates)
   at Microsoft.VisualStudio.TestTools.UITesting.Mouse.ClickImplementation(UITestControl control, MouseButtons button, ModifierKeys modifierKeys, Point relativeCoordinate)
   at Microsoft.VisualStudio.TestTools.UITesting.Mouse.ClickImplementationWrapper(UITestControl control, MouseButtons button, ModifierKeys modifierKeys, Point relativeCoordinate)
W, 3504, 17, 2013/05/24, 07:47:51.892, 3580454863096, QTAgent32.exe, PlaybackErrorHandler: Ignoring exception as ContinueOnError is set.
W, 3504, 17, 2013/05/24, 07:47:51.950, 3580455696432, QTAgent32.exe, &lt;a class=success&gt;Playback - {17} [SUCCESS] TypeString "#(R)"
\0&lt;/a&gt;
W, 3504, 17, 2013/05/24, 07:47:52.806, 3580467960983, QTAgent32.exe, PERF WARNING: FindTopLevelWindowHelper::FindAllDescendents: took 755 ms. Expected it to take maximum 500 ms.
E, 3504, 17, 2013/05/24, 07:47:53.121, 3580472460216, QTAgent32.exe, Exception: System.ArgumentException
	Message: Value does not fall within the expected range.
	Stack Trace:    at Accessibility.IAccessible.get_accRole(Object varChild)
   at Microsoft.VisualStudio.TestTools.UITest.Extension.Msaa.AccWrapper.get_RoleInt()
	BaseExceptionMessage: Value does not fall within the expected range.

E, 3504, 17, 2013/05/24, 07:47:53.133, 3580472645001, QTAgent32.exe, Exception: System.ArgumentException
	Message: Value does not fall within the expected range.
	Stack Trace:    at Accessibility.IAccessible.get_accRole(Object varChild)
   at Microsoft.VisualStudio.TestTools.UITest.Extension.Msaa.AccWrapper.get_RoleInt()
	BaseExceptionMessage: Value does not fall within the expected range.

W, 3504, 17, 2013/05/24, 07:47:54.164, 3580487397848, QTAgent32.exe, &lt;a class=success&gt;Playback - {18} [SUCCESS] LeftButtonClick  &lt; Mouse cursor location (87, 908) &gt;
\0&lt;/a&gt;
W, 3504, 17, 2013/05/24, 07:47:55.712, 3580509564208, QTAgent32.exe, &lt;a class=success&gt;Playback - {19} [SUCCESS] SetValueAsEditBox "c:\TestProject7\ourhighway.reg"  &lt; Set via SendKeys &gt;
\0&lt;/a&gt;
W, 3504, 17, 2013/05/24, 07:47:55.712, 3580509568334, QTAgent32.exe, &lt;a class=success&gt;Playback - {20} [SUCCESS] SetValueAsComboBox "c:\TestProject7\ourhighway.reg" - "[MSAA, VisibleOnly]ControlType='ComboBox' &amp;&amp; Name='Open:'"  &lt; Set via SetValueAsEditBox &gt;
\0&lt;/a&gt;
W, 3504, 17, 2013/05/24, 07:47:55.970, 3580513258127, QTAgent32.exe, &lt;a class=success&gt;Playback - {21} [SUCCESS] MouseButtonClick - "[MSAA, VisibleOnly]ControlType='Button' &amp;&amp; Name='OK'"
\0&lt;/a&gt;
W, 3504, 17, 2013/05/24, 07:47:56.354, 3580518749414, QTAgent32.exe, Playback - [WARNING] Internal warning: Window Not Found: [VisibleOnly]ControlType='Window' &amp;&amp; Name='Registry Editor' &amp;&amp; ClassName='#32770'
\0
E, 3504, 17, 2013/05/24, 07:47:56.354, 3580518752797, QTAgent32.exe, &lt;a class=failure&gt;Playback - {22} [FAILED] Function ElementFetcher::FindScreenElement failed to locate UI element (Searching: ;[VisibleOnly]ControlType='Window' &amp;&amp; Name='Registry Editor' &amp;&amp; ClassName='#32770') (The object specified was not found.)
\0&lt;/a&gt;
E, 3504, 17, 2013/05/24, 07:47:56.435, 3580519919982, QTAgent32.exe, Playback - [IMAGE] C:\Users\testuser\AppData\Local\Temp\UITestLogs\LastRun\RPFBF7A.png
\0
W, 3504, 17, 2013/05/24, 07:47:56.435, 3580519922258, QTAgent32.exe, Playback - [WARNING] Internal warning: Couldn't find descendants that match QueryId
\0
W, 3504, 17, 2013/05/24, 07:47:57.289, 3580532142189, QTAgent32.exe, PERF WARNING: FindTopLevelWindowHelper::FindAllDescendents: took 853 ms. Expected it to take maximum 500 ms.
W, 3504, 17, 2013/05/24, 07:47:57.532, 3580535620731, QTAgent32.exe, &lt;a class=success&gt;Playback - {23} [SUCCESS] MouseButtonClick - "[MSAA, VisibleOnly]ControlType='Button' &amp;&amp; Name='Yes'"
\0&lt;/a&gt;
W, 3504, 17, 2013/05/24, 07:47:57.981, 3580542056767, QTAgent32.exe, &lt;a class=success&gt;Playback - {24} [SUCCESS] MouseButtonClick - "[MSAA, VisibleOnly]ControlType='Button' &amp;&amp; Name='OK'"
\0&lt;/a&gt;
W, 3504, 17, 2013/05/24, 07:47:58.226, 3580545564148, QTAgent32.exe, &lt;a class=success&gt;Playback - {25} [SUCCESS] MouseButtonClick - "[MSAA, VisibleOnly]ControlType='Button' &amp;&amp; Name='Clients &amp; Files'"
\0&lt;/a&gt;
W, 3504, 17, 2013/05/24, 07:47:58.723, 3580552681340, QTAgent32.exe, Playback - [WARNING] Internal warning: Window Not Found: [VisibleOnly]ControlType='Window' &amp;&amp; ClassName='ThunderRT6MDIForm'
\0
E, 3504, 17, 2013/05/24, 07:47:58.725, 3580552703145, QTAgent32.exe, &lt;a class=failure&gt;Playback - {26} [FAILED] Function ElementFetcher::FindScreenElement failed to locate UI element (Searching: ;[VisibleOnly]ControlType='Window' &amp;&amp; ClassName='ThunderRT6MDIForm') (The object specified was not found.)
\0&lt;/a&gt;
E, 3504, 17, 2013/05/24, 07:47:58.836, 3580554297211, QTAgent32.exe, Playback - [IMAGE] C:\Users\testuser\AppData\Local\Temp\UITestLogs\LastRun\RPFC8BE.png
\0
W, 3504, 17, 2013/05/24, 07:47:58.836, 3580554300214, QTAgent32.exe, Playback - [WARNING] Internal warning: Couldn't find descendants that match QueryId
\0
W, 3504, 17, 2013/05/24, 07:47:58.836, 3580554303470, QTAgent32.exe, PERF WARNING: FindTopLevelWindowHelper::FindAllDescendents: took 509 ms. Expected it to take maximum 500 ms.
W, 3504, 17, 2013/05/24, 07:47:59.721, 3580566963266, QTAgent32.exe, PERF WARNING: FindTopLevelWindowHelper::FindAllDescendents: took 883 ms. Expected it to take maximum 500 ms.
W, 3504, 17, 2013/05/24, 07:48:00.646, 3580580205167, QTAgent32.exe, Playback - [WARNING] Internal warning: Incorrect flag set for InvokeProgrammaticAction\0
W, 3504, 17, 2013/05/24, 07:48:00.767, 3580581949637, QTAgent32.exe, &lt;a class=success&gt;Playback - {27} [SUCCESS] SetValueAsComboBox "Customers" - "[MSAA, VisibleOnly]ControlType='ComboBox'"  &lt; SetValueAsComboBox, set by clicking on the item in the list box &gt;
\0&lt;/a&gt;
W, 3504, 17, 2013/05/24, 07:48:01.226, 3580588511957, QTAgent32.exe, &lt;a class=success&gt;Playback - {28} [SUCCESS] MouseButtonClick - "[MSAA, VisibleOnly]ControlType='Button' &amp;&amp; Name='Add'"
\0&lt;/a&gt;
W, 3504, 17, 2013/05/24, 07:48:01.948, 3580598858841, QTAgent32.exe, &lt;a class=success&gt;Playback - {29} [SUCCESS] SendKeys "autotest" - "[MSAA, VisibleOnly]ControlType='RadioButton' &amp;&amp; Name='Personal Lines'"
\0&lt;/a&gt;
W, 3504, 17, 2013/05/24, 07:48:02.915, 3580612699025, QTAgent32.exe, &lt;a class=success&gt;Playback - {30} [SUCCESS] SetValueAsEditBox "autotest" - "[MSAA, VisibleOnly]ControlType='Edit'"  &lt; Set via SendKeys &gt;
\0&lt;/a&gt;
W, 3504, 17, 2013/05/24, 07:48:03.149, 3580616059213, QTAgent32.exe, &lt;a class=success&gt;Playback - {31} [SUCCESS] MouseButtonClick - "[MSAA, VisibleOnly]ControlType='Button' &amp;&amp; Name='OK'"
\0&lt;/a&gt;
W, 3504, 17, 2013/05/24, 07:48:03.444, 3580620273774, QTAgent32.exe, &lt;a class=success&gt;Playback - {32} [SUCCESS] MouseButtonClick - "[MSAA, VisibleOnly]ControlType='Button' &amp;&amp; Name='Yes'"
\0&lt;/a&gt;
W, 3504, 17, 2013/05/24, 07:48:04.020, 3580628522291, QTAgent32.exe, &lt;a class=success&gt;Playback - {33} [SUCCESS] SendKeys "^{HOME}" - "[MSAA, VisibleOnly]ControlType='Edit'"
\0&lt;/a&gt;
E, 3504, 17, 2013/05/24, 07:48:04.021, 3580628526320, QTAgent32.exe, Msaa.GetFocusedElement: could not find accessible object of foreground window
W, 3504, 17, 2013/05/24, 07:48:04.084, 3580629432867, QTAgent32.exe, &lt;a class=success&gt;Playback - {34} [SUCCESS] SendKeys "^+{END}" - "[MSAA, VisibleOnly]ControlType='Edit'"
\0&lt;/a&gt;
E, 3504, 17, 2013/05/24, 07:48:04.084, 3580629435993, QTAgent32.exe, Msaa.GetFocusedElement: could not find accessible object of foreground window
W, 3504, 17, 2013/05/24, 07:48:04.111, 3580629826318, QTAgent32.exe, &lt;a class=success&gt;Playback - {35} [SUCCESS] SendKeys "{DELETE}" - "[MSAA, VisibleOnly]ControlType='Edit'"
\0&lt;/a&gt;
W, 3504, 17, 2013/05/24, 07:48:04.614, 3580637019536, QTAgent32.exe, &lt;a class=success&gt;Playback - {36} [SUCCESS] SetValueAsEditBox "1" - "[MSAA, VisibleOnly]ControlType='Edit'"  &lt; Set via SendKeys &gt;
\0&lt;/a&gt;
W, 3504, 17, 2013/05/24, 07:48:05.113, 3580644173791, QTAgent32.exe, &lt;a class=success&gt;Playback - {37} [SUCCESS] SendKeys "^{HOME}" - "[MSAA, VisibleOnly]ControlType='Edit'"
\0&lt;/a&gt;
E, 3504, 17, 2013/05/24, 07:48:05.113, 3580644177424, QTAgent32.exe, Msaa.GetFocusedElement: could not find accessible object of foreground window
W, 3504, 17, 2013/05/24, 07:48:05.177, 3580645090573, QTAgent32.exe, &lt;a class=success&gt;Playback - {38} [SUCCESS] SendKeys "^+{END}" - "[MSAA, VisibleOnly]ControlType='Edit'"
\0&lt;/a&gt;
E, 3504, 17, 2013/05/24, 07:48:05.177, 3580645093974, QTAgent32.exe, Msaa.GetFocusedElement: could not find accessible object of foreground window
W, 3504, 17, 2013/05/24, 07:48:05.193, 3580645321405, QTAgent32.exe, &lt;a class=success&gt;Playback - {39} [SUCCESS] SendKeys "{DELETE}" - "[MSAA, VisibleOnly]ControlType='Edit'"
\0&lt;/a&gt;
W, 3504, 17, 2013/05/24, 07:48:05.520, 3580650000294, QTAgent32.exe, &lt;a class=success&gt;Playback - {40} [SUCCESS] SetValueAsEditBox "1" - "[MSAA, VisibleOnly]ControlType='Edit'"  &lt; Set via SendKeys &gt;
\0&lt;/a&gt;
W, 3504, 17, 2013/05/24, 07:48:07.130, 3580673053680, QTAgent32.exe, Playback - [WARNING] Internal warning: Target element "[MSAA, VisibleOnly]ControlType='Button' &amp;&amp; Name='OK'" was not found, so all intermediate elements were ignored. An incorrect element that matches target element Id can be found as the result.  Verify that all intermediate elements in QueryId have valid and unique Ids
\0
W, 3504, 17, 2013/05/24, 07:48:07.667, 3580680741774, QTAgent32.exe, PERF WARNING: FindAllDescendents: took 2045 ms. Expected it to take maximum 500 ms.
W, 3504, 17, 2013/05/24, 07:48:07.949, 3580684779890, QTAgent32.exe, &lt;a class=success&gt;Playback - {41} [SUCCESS] MouseButtonClick - "[MSAA, VisibleOnly]ControlType='Button' &amp;&amp; Name='OK'"
\0&lt;/a&gt;
W, 3504, 17, 2013/05/24, 07:48:08.322, 3580690113602, QTAgent32.exe, &lt;a class=success&gt;Playback - {42} [SUCCESS] MouseButtonClick - "[MSAA, VisibleOnly]ControlType='Button'"
\0&lt;/a&gt;
W, 3504, 17, 2013/05/24, 07:48:08.675, 3580695171399, QTAgent32.exe, &lt;a class=success&gt;Playback - {43} [SUCCESS] MouseButtonClick - "[MSAA, VisibleOnly]ControlType='Button' &amp;&amp; Name='Add'"
\0&lt;/a&gt;
W, 3504, 17, 2013/05/24, 07:48:08.923, 3580698725612, QTAgent32.exe, &lt;a class=success&gt;Playback - {44} [SUCCESS] MouseButtonClick - "[MSAA, VisibleOnly]ControlType='Button' &amp;&amp; Name='OK'"
\0&lt;/a&gt;
W, 3504, 17, 2013/05/24, 07:48:11.198, 3580731290398, QTAgent32.exe, &lt;a class=success&gt;Playback - {45} [SUCCESS] MouseButtonClick - "[MSAA, VisibleOnly,Window]ControlType='Window' &amp;&amp; ClassName='ThunderRT6TextBox'"
\0&lt;/a&gt;
W, 3504, 17, 2013/05/24, 07:48:11.979, 3580742474324, QTAgent32.exe, &lt;a class=success&gt;Playback - {46} [SUCCESS] SetValueAsEditBox "MOTO" - "[MSAA, VisibleOnly]ControlType='Edit'"  &lt; Set via SendKeys &gt;
\0&lt;/a&gt;
W, 3504, 17, 2013/05/24, 07:48:12.313, 3580747261636, QTAgent32.exe, &lt;a class=success&gt;Playback - {47} [SUCCESS] MouseButtonClick - "[MSAA, VisibleOnly]ControlType='Button' &amp;&amp; Name='OK'"
\0&lt;/a&gt;
W, 3504, 17, 2013/05/24, 07:48:12.564, 3580750859366, QTAgent32.exe, &lt;a class=success&gt;Playback - {48} [SUCCESS] MouseButtonClick - "[MSAA, VisibleOnly]ControlType='Button' &amp;&amp; Name='Options'"
\0&lt;/a&gt;
W, 3504, 17, 2013/05/24, 07:48:12.674, 3580752423199, QTAgent32.exe, FindScreenElementInSinglePass : Attempting to find control in one pass of search. Failures can occur.
W, 3504, 17, 2013/05/24, 07:48:13.123, 3580758863506, QTAgent32.exe, &lt;a class=success&gt;Playback - {49} [SUCCESS] MouseButtonClick - "[MSAA]ControlType='MenuItem' &amp;&amp; Name='Links'"
\0&lt;/a&gt;
W, 3504, 17, 2013/05/24, 07:48:13.224, 3580760300188, QTAgent32.exe, FindScreenElementInSinglePass : Attempting to find control in one pass of search. Failures can occur.
W, 3504, 17, 2013/05/24, 07:48:13.655, 3580766472791, QTAgent32.exe, &lt;a class=success&gt;Playback - {50} [SUCCESS] MouseButtonClick - "[MSAA]ControlType='MenuItem' &amp;&amp; Name='3rd Party Integration'"
\0&lt;/a&gt;
W, 3504, 17, 2013/05/24, 07:48:13.755, 3580767912703, QTAgent32.exe, FindScreenElementInSinglePass : Attempting to find control in one pass of search. Failures can occur.
W, 3504, 17, 2013/05/24, 07:48:14.170, 3580773847092, QTAgent32.exe, &lt;a class=success&gt;Playback - {51} [SUCCESS] MouseButtonClick - "[MSAA]ControlType='MenuItem' &amp;&amp; Name='Quote Select List'"
\0&lt;/a&gt;
W, 3504, 17, 2013/05/24, 07:48:15.982, 3580799787242, QTAgent32.exe, PERF WARNING: FindTopLevelWindowHelper::FindAllDescendents: took 1710 ms. Expected it to take maximum 500 ms.
W, 3504, 17, 2013/05/24, 07:48:16.555, 3580807998692, QTAgent32.exe, &lt;a class=success&gt;Playback - {52} [SUCCESS] MouseButtonClick - "[MSAA, VisibleOnly]ControlType='Button' &amp;&amp; Name='Ok'"
\0&lt;/a&gt;
W, 3504, 17, 2013/05/24, 07:48:19.898, 3580855860581, QTAgent32.exe, PERF WARNING: FindTopLevelWindowHelper::FindAllDescendents: took 3236 ms. Expected it to take maximum 500 ms.
W, 3504, 17, 2013/05/24, 07:48:20.061, 3580858198437, QTAgent32.exe, &lt;a class=success&gt;Playback - {53} [SUCCESS] MouseButtonClick - "[MSAA, VisibleOnly]ControlType='Button' &amp;&amp; Name='Ok'"
\0&lt;/a&gt;
W, 3504, 17, 2013/05/24, 07:48:21.034, 3580872134947, QTAgent32.exe, &lt;a class=success&gt;Playback - {54} [SUCCESS] SetValueAsEditBox "test" - "[MSAA, VisibleOnly]ControlType='Edit'"  &lt; Set via SendKeys &gt;
\0&lt;/a&gt;
W, 3504, 17, 2013/05/24, 07:48:21.988, 3580885788140, QTAgent32.exe, &lt;a class=success&gt;Playback - {55} [SUCCESS] SetValueAsEditBox "test" - "[MSAA, VisibleOnly]ControlType='Edit'"  &lt; Set via SendKeys &gt;
\0&lt;/a&gt;
W, 3504, 17, 2013/05/24, 07:48:23.040, 3580900853207, QTAgent32.exe, &lt;a class=success&gt;Playback - {56} [SUCCESS] SetValueAsEditBox "160486" - "[MSAA, VisibleOnly]ControlType='Edit'"  &lt; Set via SendKeys &gt;
\0&lt;/a&gt;
W, 3504, 17, 2013/05/24, 07:48:24.034, 3580915077846, QTAgent32.exe, &lt;a class=success&gt;Playback - {57} [SUCCESS] SetValueAsEditBox "BN16BN" - "[MSAA, VisibleOnly]ControlType='Edit'"  &lt; Set via SendKeys &gt;
\0&lt;/a&gt;
W, 3504, 17, 2013/05/24, 07:48:26.261, 3580946970903, QTAgent32.exe, &lt;a class=success&gt;Playback - {58} [SUCCESS] MouseButtonClick - "[MSAA, VisibleOnly]ControlType='Button' &amp;&amp; Name='Lookup...'"
\0&lt;/a&gt;
W, 3504, 17, 2013/05/24, 07:48:26.552, 3580951145706, QTAgent32.exe, &lt;a class=success&gt;Playback - {59} [SUCCESS] MouseButtonClick - "[MSAA, VisibleOnly]ControlType='Button' &amp;&amp; Name='Ok'"
\0&lt;/a&gt;
W, 3504, 17, 2013/05/24, 07:48:28.544, 3580979654311, QTAgent32.exe, &lt;a class=success&gt;Playback - {60} [SUCCESS] MouseButtonClick - "[MSAA, VisibleOnly]ControlType='Button' &amp;&amp; Name='OK'"
\0&lt;/a&gt;
W, 3504, 17, 2013/05/24, 07:48:29.549, 3580994053974, QTAgent32.exe, Playback - [WARNING] Internal warning: Incorrect flag set for InvokeProgrammaticAction\0
W, 3504, 17, 2013/05/24, 07:48:29.671, 3580995795053, QTAgent32.exe, &lt;a class=success&gt;Playback - {61} [SUCCESS] SetValueAsComboBox "Account Executive" - "[MSAA, VisibleOnly]ControlType='ComboBox'"  &lt; SetValueAsComboBox, set by clicking on the item in the list box &gt;
\0&lt;/a&gt;
W, 3504, 17, 2013/05/24, 07:48:30.702, 3581010563800, QTAgent32.exe, Playback - [WARNING] Internal warning: Incorrect flag set for InvokeProgrammaticAction\0
W, 3504, 17, 2013/05/24, 07:48:32.202, 3581032031885, QTAgent32.exe, &lt;a class=success&gt;Playback - {62} [SUCCESS] SetValueAsComboBox "Aerial Manufacturer" - "[MSAA, VisibleOnly]ControlType='ComboBox'"  &lt; SetValueAsComboBox, set by clicking on the item in the list box &gt;
\0&lt;/a&gt;
W, 3504, 17, 2013/05/24, 07:48:33.207, 3581046430171, QTAgent32.exe, &lt;a class=success&gt;Playback - {63} [SUCCESS] SetValueAsEditBox "151208" - "[MSAA, VisibleOnly]ControlType='Edit'"  &lt; Set via SendKeys &gt;
\0&lt;/a&gt;
W, 3504, 17, 2013/05/24, 07:48:35.068, 3581073071592, QTAgent32.exe, &lt;a class=success&gt;Playback - {64} [SUCCESS] MouseButtonClick - "[MSAA, VisibleOnly]ControlType='Button' &amp;&amp; Name='OK'"
\0&lt;/a&gt;
E, 3504, 17, 2013/05/24, 07:48:35.187, 3581074766676, QTAgent32.exe, Exception: System.ArgumentException
	Message: Value does not fall within the expected range.
	Stack Trace:    at Accessibility.IAccessible.get_accRole(Object varChild)
   at Microsoft.VisualStudio.TestTools.UITest.Extension.Msaa.AccWrapper.get_RoleInt()
	BaseExceptionMessage: Value does not fall within the expected range.

E, 3504, 17, 2013/05/24, 07:48:35.189, 3581074807649, QTAgent32.exe, Exception: System.ArgumentException
	Message: Value does not fall within the expected range.
	Stack Trace:    at Accessibility.IAccessible.get_accRole(Object varChild)
   at Microsoft.VisualStudio.TestTools.UITest.Extension.Msaa.AccWrapper.get_RoleInt()
	BaseExceptionMessage: Value does not fall within the expected range.

W, 3504, 17, 2013/05/24, 07:48:35.712, 3581082297346, QTAgent32.exe, &lt;a class=success&gt;Playback - {65} [SUCCESS] LeftButtonClick  &lt; Mouse cursor location (680, 395) &gt;
\0&lt;/a&gt;
W, 3504, 17, 2013/05/24, 07:48:36.276, 3581090363950, QTAgent32.exe, &lt;a class=success&gt;Playback - {66} [SUCCESS] SetValueAsEditBox "FORD"  &lt; Set via SendKeys &gt;
\0&lt;/a&gt;
W, 3504, 17, 2013/05/24, 07:48:36.276, 3581090366470, QTAgent32.exe, &lt;a class=success&gt;Playback - {67} [SUCCESS] SetValueAsComboBox "FORD" - "[MSAA, VisibleOnly]ControlType='ComboBox'"  &lt; Set via SetValueAsEditBox &gt;
\0&lt;/a&gt;
E, 3504, 17, 2013/05/24, 07:48:36.388, 3581091965804, QTAgent32.exe, Exception: System.ArgumentException
	Message: Value does not fall within the expected range.
	Stack Trace:    at Accessibility.IAccessible.get_accRole(Object varChild)
   at Microsoft.VisualStudio.TestTools.UITest.Extension.Msaa.AccWrapper.get_RoleInt()
	BaseExceptionMessage: Value does not fall within the expected range.

E, 3504, 17, 2013/05/24, 07:48:36.390, 3581092003071, QTAgent32.exe, Exception: System.ArgumentException
	Message: Value does not fall within the expected range.
	Stack Trace:    at Accessibility.IAccessible.get_accRole(Object varChild)
   at Microsoft.VisualStudio.TestTools.UITest.Extension.Msaa.AccWrapper.get_RoleInt()
	BaseExceptionMessage: Value does not fall within the expected range.

W, 3504, 17, 2013/05/24, 07:48:37.444, 3581107092678, QTAgent32.exe, &lt;a class=success&gt;Playback - {68} [SUCCESS] LeftButtonClick  &lt; Mouse cursor location (1040, 395) &gt;
\0&lt;/a&gt;
W, 3504, 17, 2013/05/24, 07:48:37.973, 3581114667477, QTAgent32.exe, &lt;a class=success&gt;Playback - {69} [SUCCESS] SetValueAsEditBox "KA"  &lt; Set via SendKeys &gt;
\0&lt;/a&gt;
W, 3504, 17, 2013/05/24, 07:48:37.973, 3581114670751, QTAgent32.exe, &lt;a class=success&gt;Playback - {70} [SUCCESS] SetValueAsComboBox "KA" - "[MSAA, VisibleOnly]ControlType='ComboBox'"  &lt; Set via SetValueAsEditBox &gt;
\0&lt;/a&gt;
W, 3504, 17, 2013/05/24, 07:48:38.589, 3581123493990, QTAgent32.exe, &lt;a class=success&gt;Playback - {71} [SUCCESS] MouseButtonClick - "[MSAA, VisibleOnly]ControlType='Button' &amp;&amp; Name='Filter'"
\0&lt;/a&gt;
W, 3504, 17, 2013/05/24, 07:48:38.938, 3581128484112, QTAgent32.exe, &lt;a class=success&gt;Playback - {72} [SUCCESS] MouseButtonClick - "[MSAA, VisibleOnly]ControlType='Button' &amp;&amp; Name='OK'"
\0&lt;/a&gt;
W, 3504, 17, 2013/05/24, 07:48:39.595, 3581137891965, QTAgent32.exe, &lt;a class=success&gt;Playback - {73} [SUCCESS] SendKeys "^{HOME}" - "[MSAA, VisibleOnly]ControlType='Edit'"
\0&lt;/a&gt;
E, 3504, 17, 2013/05/24, 07:48:39.596, 3581137895964, QTAgent32.exe, Msaa.GetFocusedElement: could not find accessible object of foreground window
W, 3504, 17, 2013/05/24, 07:48:39.655, 3581138750710, QTAgent32.exe, &lt;a class=success&gt;Playback - {74} [SUCCESS] SendKeys "^+{END}" - "[MSAA, VisibleOnly]ControlType='Edit'"
\0&lt;/a&gt;
E, 3504, 17, 2013/05/24, 07:48:39.655, 3581138753956, QTAgent32.exe, Msaa.GetFocusedElement: could not find accessible object of foreground window
W, 3504, 17, 2013/05/24, 07:48:39.670, 3581138967049, QTAgent32.exe, &lt;a class=success&gt;Playback - {75} [SUCCESS] SendKeys "{DELETE}" - "[MSAA, VisibleOnly]ControlType='Edit'"
\0&lt;/a&gt;
W, 3504, 17, 2013/05/24, 07:48:40.175, 3581146190802, QTAgent32.exe, &lt;a class=success&gt;Playback - {76} [SUCCESS] SetValueAsEditBox "123434" - "[MSAA, VisibleOnly]ControlType='Edit'"  &lt; Set via SendKeys &gt;
\0&lt;/a&gt;
W, 3504, 17, 2013/05/24, 07:48:40.782, 3581154882204, QTAgent32.exe, &lt;a class=success&gt;Playback - {77} [SUCCESS] SendKeys "^{HOME}" - "[MSAA, VisibleOnly]ControlType='Edit'"
\0&lt;/a&gt;
E, 3504, 17, 2013/05/24, 07:48:40.782, 3581154885704, QTAgent32.exe, Msaa.GetFocusedElement: could not find accessible object of foreground window
W, 3504, 17, 2013/05/24, 07:48:40.840, 3581155712535, QTAgent32.exe, &lt;a class=success&gt;Playback - {78} [SUCCESS] SendKeys "^+{END}" - "[MSAA, VisibleOnly]ControlType='Edit'"
\0&lt;/a&gt;
E, 3504, 17, 2013/05/24, 07:48:40.840, 3581155715742, QTAgent32.exe, Msaa.GetFocusedElement: could not find accessible object of foreground window
W, 3504, 17, 2013/05/24, 07:48:40.855, 3581155928549, QTAgent32.exe, &lt;a class=success&gt;Playback - {79} [SUCCESS] SendKeys "{DELETE}" - "[MSAA, VisibleOnly]ControlType='Edit'"
\0&lt;/a&gt;
W, 3504, 17, 2013/05/24, 07:48:41.318, 3581162558135, QTAgent32.exe, &lt;a class=success&gt;Playback - {80} [SUCCESS] SetValueAsEditBox "1000" - "[MSAA, VisibleOnly]ControlType='Edit'"  &lt; Set via SendKeys &gt;
\0&lt;/a&gt;
W, 3504, 17, 2013/05/24, 07:48:41.876, 3581170548042, QTAgent32.exe, &lt;a class=success&gt;Playback - {81} [SUCCESS] SendKeys "^{HOME}" - "[MSAA, VisibleOnly]ControlType='Edit'"
\0&lt;/a&gt;
E, 3504, 17, 2013/05/24, 07:48:41.876, 3581170551295, QTAgent32.exe, Msaa.GetFocusedElement: could not find accessible object of foreground window
W, 3504, 17, 2013/05/24, 07:48:41.931, 3581171343685, QTAgent32.exe, &lt;a class=success&gt;Playback - {82} [SUCCESS] SendKeys "^+{END}" - "[MSAA, VisibleOnly]ControlType='Edit'"
\0&lt;/a&gt;
E, 3504, 17, 2013/05/24, 07:48:41.932, 3581171347409, QTAgent32.exe, Msaa.GetFocusedElement: could not find accessible object of foreground window
W, 3504, 17, 2013/05/24, 07:48:41.947, 3581171566857, QTAgent32.exe, &lt;a class=success&gt;Playback - {83} [SUCCESS] SendKeys "{DELETE}" - "[MSAA, VisibleOnly]ControlType='Edit'"
\0&lt;/a&gt;
W, 3504, 17, 2013/05/24, 07:48:42.489, 3581179335318, QTAgent32.exe, &lt;a class=success&gt;Playback - {84} [SUCCESS] SetValueAsEditBox "31/05/13" - "[MSAA, VisibleOnly]ControlType='Edit'"  &lt; Set via SendKeys &gt;
\0&lt;/a&gt;
W, 3504, 17, 2013/05/24, 07:48:42.888, 3581185031263, QTAgent32.exe, &lt;a class=success&gt;Playback - {85} [SUCCESS] MouseButtonClick - "[MSAA, VisibleOnly]ControlType='Button' &amp;&amp; Name='Calculate Quote'"
\0&lt;/a&gt;
W, 3504, 17, 2013/05/24, 07:48:51.992, 3581315388348, QTAgent32.exe, Playback - [WARNING] Internal warning: Window Not Found: [VisibleOnly]ControlType='Window' &amp;&amp; Name='Quote Select List' &amp;&amp; ClassName='ThunderRT6FormDC'
\0
E, 3504, 17, 2013/05/24, 07:48:51.994, 3581315415479, QTAgent32.exe, &lt;a class=failure&gt;Playback - {86} [FAILED] Function ElementFetcher::FindScreenElement failed to locate UI element (Searching: ;[VisibleOnly]ControlType='Window' &amp;&amp; Name='Quote Select List' &amp;&amp; ClassName='ThunderRT6FormDC') (The object specified was not found.)
\0&lt;/a&gt;
E, 3504, 17, 2013/05/24, 07:48:52.112, 3581317106354, QTAgent32.exe, Playback - [IMAGE] C:\Users\testuser\AppData\Local\Temp\UITestLogs\LastRun\RPF98DA.png
\0
W, 3504, 17, 2013/05/24, 07:48:52.112, 3581317115040, QTAgent32.exe, Playback - [WARNING] Internal warning: Couldn't find descendants that match QueryId
\0
W, 3504, 17, 2013/05/24, 07:48:52.113, 3581317125277, QTAgent32.exe, PERF WARNING: FindTopLevelWindowHelper::FindAllDescendents: took 9123 ms. Expected it to take maximum 500 ms.
W, 3504, 17, 2013/05/24, 07:49:10.323, 3581577853651, QTAgent32.exe, Playback - [WARNING] Internal warning: Window Not Found: [VisibleOnly]ControlType='Window' &amp;&amp; Name='Quote Select List' &amp;&amp; ClassName='ThunderRT6FormDC'
\0
E, 3504, 17, 2013/05/24, 07:49:10.323, 3581577860058, QTAgent32.exe, &lt;a class=failure&gt;Playback - {87} [FAILED] Function ElementFetcher::FindScreenElement failed to locate UI element (Searching: ;[VisibleOnly]ControlType='Window' &amp;&amp; Name='Quote Select List' &amp;&amp; ClassName='ThunderRT6FormDC') (The object specified was not found.)
\0&lt;/a&gt;
E, 3504, 17, 2013/05/24, 07:49:10.406, 3581579040437, QTAgent32.exe, Playback - [IMAGE] C:\Users\testuser\AppData\Local\Temp\UITestLogs\LastRun\RPFE075.png
\0
W, 3504, 17, 2013/05/24, 07:49:10.406, 3581579043134, QTAgent32.exe, Playback - [WARNING] Internal warning: Couldn't find descendants that match QueryId
\0
W, 3504, 17, 2013/05/24, 07:49:10.406, 3581579048010, QTAgent32.exe, PERF WARNING: FindTopLevelWindowHelper::FindAllDescendents: took 18292 ms. Expected it to take maximum 500 ms.
W, 3504, 17, 2013/05/24, 07:49:13.619, 3581625060506, QTAgent32.exe, Playback - [WARNING] Internal warning: Smart Match failed
\0
W, 3504, 17, 2013/05/24, 07:49:14.945, 3581644042676, QTAgent32.exe, Playback - [WARNING] Internal warning: Window Not Found: [VisibleOnly]ControlType='Window' &amp;&amp; Name='Quote Select List' &amp;&amp; ClassName='ThunderRT6FormDC'
\0
E, 3504, 17, 2013/05/24, 07:49:14.946, 3581644047784, QTAgent32.exe, &lt;a class=failure&gt;Playback - {88} [FAILED] Function ElementFetcher::FindScreenElement failed to locate UI element (Searching: ;[VisibleOnly]ControlType='Window' &amp;&amp; Name='Quote Select List' &amp;&amp; ClassName='ThunderRT6FormDC') (The object specified was not found.)
\0&lt;/a&gt;
E, 3504, 17, 2013/05/24, 07:49:15.027, 3581645204717, QTAgent32.exe, Playback - [IMAGE] C:\Users\testuser\AppData\Local\Temp\UITestLogs\LastRun\RPFF27F.png
\0
W, 3504, 17, 2013/05/24, 07:49:15.027, 3581645206982, QTAgent32.exe, Playback - [WARNING] Internal warning: Couldn't find descendants that match QueryId
\0
W, 3504, 17, 2013/05/24, 07:49:15.027, 3581645215141, QTAgent32.exe, PERF WARNING: FindTopLevelWindowHelper::FindAllDescendents: took 4620 ms. Expected it to take maximum 500 ms.
E, 3504, 17, 2013/05/24, 07:49:15.028, 3581645218771, QTAgent32.exe, Exception: System.Runtime.InteropServices.COMException
	Message: Error HRESULT E_FAIL has been returned from a call to a COM component.
	Stack Trace:    at Microsoft.VisualStudio.TestTools.UITest.Playback.Engine.IRPFPlayback.FindAllScreenElements(IScreenElement pScreenElementStart, String bstrQueryId, Object&amp; pvarResKeys, Int32 cResKeys, Int32 nMaxDepth, Object[]&amp; foundDescendants)
   at Microsoft.VisualStudio.TestTools.UITest.Playback.ScreenElement.FindTopLevelWindowHelper(String queryId)
	BaseExceptionMessage: Error HRESULT E_FAIL has been returned from a call to a COM component.

E, 3504, 17, 2013/05/24, 07:49:15.129, 3581646673988, QTAgent32.exe, AL: Playback Error: Microsoft.VisualStudio.TestTools.UITest.Extension.UITestControlNotFoundException: The playback failed to find the control with the given search properties. Additional Details: 
TechnologyName:  'MSAA'
ControlType:  'Window'
Name:  'Quote Select List'
ClassName:  'ThunderRT6FormDC'
 ---&gt; System.Runtime.InteropServices.COMException: Error HRESULT E_FAIL has been returned from a call to a COM component.
   at Microsoft.VisualStudio.TestTools.UITest.Playback.Engine.IRPFPlayback.FindAllScreenElements(IScreenElement pScreenElementStart, String bstrQueryId, Object&amp; pvarResKeys, Int32 cResKeys, Int32 nMaxDepth, Object[]&amp; foundDescendants)
   at Microsoft.VisualStudio.TestTools.UITest.Playback.ScreenElement.FindTopLevelWindowHelper(String queryId)
   at Microsoft.VisualStudio.TestTools.UITest.Playback.ScreenElement.FindFromPartialQueryId(String queryId)
   at Microsoft.VisualStudio.TestTools.UITesting.UITestControl..ctor(String queryId)
   --- End of inner exception stack trace ---
   at Microsoft.VisualStudio.TestTools.UITesting.Playback.MapControlNotFoundException(COMException ex, IPlaybackContext context)
   at Microsoft.VisualStudio.TestTools.UITesting.Playback.MapAndThrowComException(COMException innerException, IPlaybackContext context)
   at Microsoft.VisualStudio.TestTools.UITesting.Playback.MapAndThrowException(SystemException exception, IPlaybackContext context)
   at Microsoft.VisualStudio.TestTools.UITesting.Playback.MapAndThrowException(SystemException exception, String queryId)
   at Microsoft.VisualStudio.TestTools.UITesting.UITestControl..ctor(String queryId)
   at Microsoft.VisualStudio.TestTools.UITesting.SearchHelper.SearchTopLevelWindow(ISearchArgument topLevelSearchArg, String topLevelElementQueryId)
   at Microsoft.VisualStudio.TestTools.UITesting.SearchHelper.GetTitleUpdatedTopLevelWindow(ISearchArgument topLevelSearchArg, String queryId, IList`1 windowTitles)
   at Microsoft.VisualStudio.TestTools.UITesting.SearchHelper.GetTopLevelElement(Boolean useCache, Boolean useCacheOnly, ISearchArgument searchArg, IList`1 windowTitles, Int32&amp; timeLeft)
   at Microsoft.VisualStudio.TestTools.UITesting.SearchHelper.GetElement(Boolean useCache, ISearchArgument searchArg)
   at Microsoft.VisualStudio.TestTools.UITesting.SearchHelper.Search(ISearchArgument searchArg)
   at Microsoft.VisualStudio.TestTools.UITesting.UITestControl.FindInternal()
   at Microsoft.VisualStudio.TestTools.UITesting.UITestControl.FindControlIfNecessary()
   at Microsoft.VisualStudio.TestTools.UITesting.UITestControl.Click(MouseButtons button, ModifierKeys modifierKeys, Point relativeCoordinates)
   at Microsoft.VisualStudio.TestTools.UITesting.Mouse.ClickImplementation(UITestControl control, MouseButtons button, ModifierKeys modifierKeys, Point relativeCoordinate)
   at Microsoft.VisualStudio.TestTools.UITesting.Mouse.ClickImplementationWrapper(UITestControl control, MouseButtons button, ModifierKeys modifierKeys, Point relativeCoordinate)
W, 3504, 17, 2013/05/24, 07:49:15.130, 3581646678105, QTAgent32.exe, PlaybackErrorHandler: Ignoring exception as ContinueOnError is set.
W, 3504, 17, 2013/05/24, 07:49:15.296, 3581649061161, QTAgent32.exe, &lt;a class=success&gt;Playback - {89} [SUCCESS] MouseButtonClick - "[MSAA, VisibleOnly]ControlType='Button' &amp;&amp; Name='No'"
\0&lt;/a&gt;
W, 3504, 17, 2013/05/24, 07:49:15.593, 3581653313707, QTAgent32.exe, &lt;a class=success&gt;Playback - {90} [SUCCESS] MouseButtonClick - "[MSAA, VisibleOnly]ControlType='Button' &amp;&amp; Name='Ok'"
\0&lt;/a&gt;
W, 3504, 17, 2013/05/24, 07:49:19.873, 3581714593832, QTAgent32.exe, PERF WARNING: FindTopLevelWindowHelper::FindAllDescendents: took 4177 ms. Expected it to take maximum 500 ms.
W, 3504, 17, 2013/05/24, 07:49:20.020, 3581716706405, QTAgent32.exe, &lt;a class=success&gt;Playback - {91} [SUCCESS] MouseButtonClick - "[MSAA, VisibleOnly]ControlType='Client'"
\0&lt;/a&gt;
W, 3504, 17, 2013/05/24, 07:49:21.932, 3581744077374, QTAgent32.exe, &lt;a class=success&gt;Playback - {92} [SUCCESS] SendKeys "{Home}" - "[MSAA, VisibleOnly]ControlType='Client'"
\0&lt;/a&gt;
W, 3504, 17, 2013/05/24, 07:49:25.251, 3581791597715, QTAgent32.exe, &lt;a class=success&gt;Playback - {93} [SUCCESS] MouseButtonClick - "[MSAA, VisibleOnly]ControlType='Button' &amp;&amp; Name='Accept'"
\0&lt;/a&gt;
W, 3504, 17, 2013/05/24, 07:49:25.760, 3581798887725, QTAgent32.exe, &lt;a class=success&gt;Playback - {94} [SUCCESS] MouseButtonClick - "[MSAA, VisibleOnly]ControlType='Button' &amp;&amp; Name='Yes'"
\0&lt;/a&gt;
W, 3504, 17, 2013/05/24, 07:49:26.097, 3581803711623, QTAgent32.exe, &lt;a class=success&gt;Playback - {95} [SUCCESS] MouseButtonClick - "[MSAA, VisibleOnly]ControlType='Button' &amp;&amp; Name='Ok'"
\0&lt;/a&gt;
W, 3504, 17, 2013/05/24, 07:49:26.324, 3581806966920, QTAgent32.exe, &lt;a class=success&gt;Playback - {96} [SUCCESS] MouseButtonClick - "[MSAA, VisibleOnly]ControlType='Button' &amp;&amp; Name='Ok'"
\0&lt;/a&gt;
W, 3504, 17, 2013/05/24, 07:49:26.575, 3581810549544, QTAgent32.exe, &lt;a class=success&gt;Playback - {97} [SUCCESS] MouseButtonClick - "[MSAA, VisibleOnly]ControlType='Button' &amp;&amp; Name='Confirm'"
\0&lt;/a&gt;
W, 3504, 17, 2013/05/24, 07:49:57.463, 3582252823000, QTAgent32.exe, Playback - [WARNING] Internal warning: Window Not Found: [VisibleOnly]ControlType='Window' &amp;&amp; Name='Save the file as' &amp;&amp; ClassName='#32770'
\0
E, 3504, 17, 2013/05/24, 07:49:57.464, 3582252837227, QTAgent32.exe, &lt;a class=failure&gt;Playback - {98} [FAILED] Function ElementFetcher::FindScreenElement failed to locate UI element (Searching: ;[VisibleOnly]ControlType='Window' &amp;&amp; Name='Save the file as' &amp;&amp; ClassName='#32770') (The object specified was not found.)
\0&lt;/a&gt;
E, 3504, 17, 2013/05/24, 07:49:57.602, 3582254803903, QTAgent32.exe, Playback - [IMAGE] C:\Users\testuser\AppData\Local\Temp\UITestLogs\LastRun\RPF989E.png
\0
W, 3504, 17, 2013/05/24, 07:49:57.602, 3582254806644, QTAgent32.exe, Playback - [WARNING] Internal warning: Couldn't find descendants that match QueryId
\0
W, 3504, 17, 2013/05/24, 07:49:57.603, 3582254820803, QTAgent32.exe, PERF WARNING: FindTopLevelWindowHelper::FindAllDescendents: took 30925 ms. Expected it to take maximum 500 ms.
W, 3504, 17, 2013/05/24, 07:50:16.049, 3582518931311, QTAgent32.exe, Playback - [WARNING] Internal warning: Window Not Found: [VisibleOnly]ControlType='Window' &amp;&amp; Name='Save the file as' &amp;&amp; ClassName='#32770'
\0
E, 3504, 17, 2013/05/24, 07:50:16.049, 3582518939085, QTAgent32.exe, &lt;a class=failure&gt;Playback - {99} [FAILED] Function ElementFetcher::FindScreenElement failed to locate UI element (Searching: ;[VisibleOnly]ControlType='Window' &amp;&amp; Name='Save the file as' &amp;&amp; ClassName='#32770') (The object specified was not found.)
\0&lt;/a&gt;
E, 3504, 17, 2013/05/24, 07:50:16.149, 3582520369036, QTAgent32.exe, Playback - [IMAGE] C:\Users\testuser\AppData\Local\Temp\UITestLogs\LastRun\RPFE133.png
\0
W, 3504, 17, 2013/05/24, 07:50:16.149, 3582520371644, QTAgent32.exe, Playback - [WARNING] Internal warning: Couldn't find descendants that match QueryId
\0
W, 3504, 17, 2013/05/24, 07:50:16.150, 3582520378973, QTAgent32.exe, PERF WARNING: FindTopLevelWindowHelper::FindAllDescendents: took 18546 ms. Expected it to take maximum 500 ms.
W, 3504, 17, 2013/05/24, 07:50:19.068, 3582562162900, QTAgent32.exe, Playback - [WARNING] Internal warning: Smart Match failed
\0
W, 3504, 17, 2013/05/24, 07:50:20.305, 3582579882925, QTAgent32.exe, Playback - [WARNING] Internal warning: Window Not Found: [VisibleOnly]ControlType='Window' &amp;&amp; Name='Save the file as' &amp;&amp; ClassName='#32770'
\0
E, 3504, 17, 2013/05/24, 07:50:20.306, 3582579886820, QTAgent32.exe, &lt;a class=failure&gt;Playback - {100} [FAILED] Function ElementFetcher::FindScreenElement failed to locate UI element (Searching: ;[VisibleOnly]ControlType='Window' &amp;&amp; Name='Save the file as' &amp;&amp; ClassName='#32770') (The object specified was not found.)
\0&lt;/a&gt;
E, 3504, 17, 2013/05/24, 07:50:20.387, 3582581044524, QTAgent32.exe, Playback - [IMAGE] C:\Users\testuser\AppData\Local\Temp\UITestLogs\LastRun\RPFF1D7.png
\0
W, 3504, 17, 2013/05/24, 07:50:20.387, 3582581047098, QTAgent32.exe, Playback - [WARNING] Internal warning: Couldn't find descendants that match QueryId
\0
W, 3504, 17, 2013/05/24, 07:50:20.387, 3582581050223, QTAgent32.exe, PERF WARNING: FindTopLevelWindowHelper::FindAllDescendents: took 4236 ms. Expected it to take maximum 500 ms.
E, 3504, 17, 2013/05/24, 07:50:20.387, 3582581052656, QTAgent32.exe, Exception: System.Runtime.InteropServices.COMException
	Message: Error HRESULT E_FAIL has been returned from a call to a COM component.
	Stack Trace:    at Microsoft.VisualStudio.TestTools.UITest.Playback.Engine.IRPFPlayback.FindAllScreenElements(IScreenElement pScreenElementStart, String bstrQueryId, Object&amp; pvarResKeys, Int32 cResKeys, Int32 nMaxDepth, Object[]&amp; foundDescendants)
   at Microsoft.VisualStudio.TestTools.UITest.Playback.ScreenElement.FindTopLevelWindowHelper(String queryId)
	BaseExceptionMessage: Error HRESULT E_FAIL has been returned from a call to a COM component.

E, 3504, 17, 2013/05/24, 07:50:20.489, 3582582506773, QTAgent32.exe, AL: Playback Error: Microsoft.VisualStudio.TestTools.UITest.Extension.UITestControlNotFoundException: The playback failed to find the control with the given search properties. Additional Details: 
TechnologyName:  'MSAA'
ControlType:  'Window'
Name:  'Save the file as'
ClassName:  '#32770'
 ---&gt; System.Runtime.InteropServices.COMException: Error HRESULT E_FAIL has been returned from a call to a COM component.
   at Microsoft.VisualStudio.TestTools.UITest.Playback.Engine.IRPFPlayback.FindAllScreenElements(IScreenElement pScreenElementStart, String bstrQueryId, Object&amp; pvarResKeys, Int32 cResKeys, Int32 nMaxDepth, Object[]&amp; foundDescendants)
   at Microsoft.VisualStudio.TestTools.UITest.Playback.ScreenElement.FindTopLevelWindowHelper(String queryId)
   at Microsoft.VisualStudio.TestTools.UITest.Playback.ScreenElement.FindFromPartialQueryId(String queryId)
   at Microsoft.VisualStudio.TestTools.UITesting.UITestControl..ctor(String queryId)
   --- End of inner exception stack trace ---
   at Microsoft.VisualStudio.TestTools.UITesting.Playback.MapControlNotFoundException(COMException ex, IPlaybackContext context)
   at Microsoft.VisualStudio.TestTools.UITesting.Playback.MapAndThrowComException(COMException innerException, IPlaybackContext context)
   at Microsoft.VisualStudio.TestTools.UITesting.Playback.MapAndThrowException(SystemException exception, IPlaybackContext context)
   at Microsoft.VisualStudio.TestTools.UITesting.Playback.MapAndThrowException(SystemException exception, String queryId)
   at Microsoft.VisualStudio.TestTools.UITesting.UITestControl..ctor(String queryId)
   at Microsoft.VisualStudio.TestTools.UITesting.SearchHelper.SearchTopLevelWindow(ISearchArgument topLevelSearchArg, String topLevelElementQueryId)
   at Microsoft.VisualStudio.TestTools.UITesting.SearchHelper.GetTitleUpdatedTopLevelWindow(ISearchArgument topLevelSearchArg, String queryId, IList`1 windowTitles)
   at Microsoft.VisualStudio.TestTools.UITesting.SearchHelper.GetTopLevelElement(Boolean useCache, Boolean useCacheOnly, ISearchArgument searchArg, IList`1 windowTitles, Int32&amp; timeLeft)
   at Microsoft.VisualStudio.TestTools.UITesting.SearchHelper.GetElement(Boolean useCache, ISearchArgument searchArg)
   at Microsoft.VisualStudio.TestTools.UITesting.SearchHelper.Search(ISearchArgument searchArg)
   at Microsoft.VisualStudio.TestTools.UITesting.UITestControl.FindInternal()
   at Microsoft.VisualStudio.TestTools.UITesting.UITestControl.FindControlIfNecessary()
   at Microsoft.VisualStudio.TestTools.UITesting.UITestControl.Click(MouseButtons button, ModifierKeys modifierKeys, Point relativeCoordinates)
   at Microsoft.VisualStudio.TestTools.UITesting.Mouse.ClickImplementation(UITestControl control, MouseButtons button, ModifierKeys modifierKeys, Point relativeCoordinate)
   at Microsoft.VisualStudio.TestTools.UITesting.Mouse.ClickImplementationWrapper(UITestControl control, MouseButtons button, ModifierKeys modifierKeys, Point relativeCoordinate)
W, 3504, 17, 2013/05/24, 07:50:20.489, 3582582510379, QTAgent32.exe, PlaybackErrorHandler: Ignoring exception as ContinueOnError is set.
W, 3504, 17, 2013/05/24, 07:50:20.642, 3582584701118, QTAgent32.exe, &lt;a class=success&gt;Playback - {101} [SUCCESS] Check - "[MSAA, VisibleOnly]ControlType='CheckBox' &amp;&amp; Name='Defer Printing?'"
\0&lt;/a&gt;
W, 3504, 17, 2013/05/24, 07:50:21.144, 3582591877310, QTAgent32.exe, &lt;a class=success&gt;Playback - {102} [SUCCESS] MouseButtonClick - "[MSAA, VisibleOnly]ControlType='Button' &amp;&amp; Name='Ok'"
\0&lt;/a&gt;
W, 3504, 17, 2013/05/24, 07:50:22.982, 3582618197597, QTAgent32.exe, PERF WARNING: FindTopLevelWindowHelper::FindAllDescendents: took 1737 ms. Expected it to take maximum 500 ms.
W, 3504, 17, 2013/05/24, 07:50:23.750, 3582629208671, QTAgent32.exe, &lt;a class=success&gt;Playback - {103} [SUCCESS] Uncheck - "[MSAA, VisibleOnly]ControlType='CheckBox' &amp;&amp; Name='Add Activity'"
\0&lt;/a&gt;
W, 3504, 17, 2013/05/24, 07:50:26.246, 3582664943930, QTAgent32.exe, &lt;a class=success&gt;Playback - {104} [SUCCESS] MouseButtonClick - "[MSAA, VisibleOnly]ControlType='Button' &amp;&amp; Name='Ok'"
\0&lt;/a&gt;
W, 3504, 17, 2013/05/24, 07:50:26.501, 3582668584276, QTAgent32.exe, &lt;a class=success&gt;Playback - {105} [SUCCESS] MouseButtonClick - "[MSAA, VisibleOnly]ControlType='Button' &amp;&amp; Name='Ok'"
\0&lt;/a&gt;
W, 3504, 17, 2013/05/24, 07:50:30.512, 3582726013404, QTAgent32.exe, PERF WARNING: FindTopLevelWindowHelper::FindAllDescendents: took 3904 ms. Expected it to take maximum 500 ms.
W, 3504, 17, 2013/05/24, 07:50:32.706, 3582757441749, QTAgent32.exe, &lt;a class=success&gt;Playback - {106} [SUCCESS] MouseButtonClick - "[MSAA, VisibleOnly]ControlType='Button' &amp;&amp; Name='OK'"
\0&lt;/a&gt;
W, 3504, 17, 2013/05/24, 07:50:33.015, 3582761851220, QTAgent32.exe, &lt;a class=success&gt;Playback - {107} [SUCCESS] MouseButtonClick - "[MSAA, VisibleOnly]ControlType='Button' &amp;&amp; Name='Cancel'"
\0&lt;/a&gt;
W, 3504, 17, 2013/05/24, 07:50:33.378, 3582767046317, QTAgent32.exe, &lt;a class=success&gt;Playback - {108} [SUCCESS] MouseButtonClick - "[MSAA, VisibleOnly]ControlType='Button'"
\0&lt;/a&gt;
W, 3504, 17, 2013/05/24, 07:50:33.956, 3582775331588, QTAgent32.exe, &lt;a class=success&gt;Playback - {109} [SUCCESS] MouseButtonClick - "[MSAA, VisibleOnly]ControlType='Button' &amp;&amp; Name='Detail'"
\0&lt;/a&gt;
E, 3504, 17, 2013/05/24, 07:50:35.571, 3582798451244, QTAgent32.exe, IEDOM : Could not get valid window handle of Internet Explorer_server
W, 3504, 17, 2013/05/24, 07:50:35.571, 3582798453701, QTAgent32.exe, IEDOM : Unable to get the document Window Handle
E, 3504, 17, 2013/05/24, 07:50:37.572, 3582827103249, QTAgent32.exe, IEDOM : Could not get valid window handle of Internet Explorer_server
W, 3504, 17, 2013/05/24, 07:50:37.572, 3582827105260, QTAgent32.exe, IEDOM : Unable to get the document Window Handle
E, 3504, 17, 2013/05/24, 07:50:39.575, 3582855781235, QTAgent32.exe, IEDOM : Could not get valid window handle of Internet Explorer_server
W, 3504, 17, 2013/05/24, 07:50:39.576, 3582855794754, QTAgent32.exe, IEDOM : Unable to get the document Window Handle
E, 3504, 17, 2013/05/24, 07:50:41.577, 3582884441938, QTAgent32.exe, IEDOM : Could not get valid window handle of Internet Explorer_server
W, 3504, 17, 2013/05/24, 07:50:41.577, 3582884444097, QTAgent32.exe, IEDOM : Unable to get the document Window Handle
E, 3504, 17, 2013/05/24, 07:50:43.578, 3582913108367, QTAgent32.exe, IEDOM : Could not get valid window handle of Internet Explorer_server
W, 3504, 17, 2013/05/24, 07:50:43.579, 3582913110610, QTAgent32.exe, IEDOM : Unable to get the document Window Handle
E, 3504, 17, 2013/05/24, 07:50:45.580, 3582941759048, QTAgent32.exe, IEDOM : Could not get valid window handle of Internet Explorer_server
W, 3504, 17, 2013/05/24, 07:50:45.580, 3582941761480, QTAgent32.exe, IEDOM : Unable to get the document Window Handle
E, 3504, 17, 2013/05/24, 07:50:47.580, 3582970406537, QTAgent32.exe, IEDOM : Could not get valid window handle of Internet Explorer_server
W, 3504, 17, 2013/05/24, 07:50:47.580, 3582970408789, QTAgent32.exe, IEDOM : Unable to get the document Window Handle
E, 3504, 17, 2013/05/24, 07:50:49.581, 3582999051235, QTAgent32.exe, IEDOM : Could not get valid window handle of Internet Explorer_server
W, 3504, 17, 2013/05/24, 07:50:49.581, 3582999053762, QTAgent32.exe, IEDOM : Unable to get the document Window Handle
E, 3504, 17, 2013/05/24, 07:50:51.582, 3583027699229, QTAgent32.exe, IEDOM : Could not get valid window handle of Internet Explorer_server
W, 3504, 17, 2013/05/24, 07:50:51.582, 3583027701430, QTAgent32.exe, IEDOM : Unable to get the document Window Handle
E, 3504, 17, 2013/05/24, 07:50:53.583, 3583056346860, QTAgent32.exe, IEDOM : Could not get valid window handle of Internet Explorer_server
W, 3504, 17, 2013/05/24, 07:50:53.583, 3583056349248, QTAgent32.exe, IEDOM : Unable to get the document Window Handle
E, 3504, 17, 2013/05/24, 07:50:55.583, 3583084994414, QTAgent32.exe, IEDOM : Could not get valid window handle of Internet Explorer_server
W, 3504, 17, 2013/05/24, 07:50:55.583, 3583084996968, QTAgent32.exe, IEDOM : Unable to get the document Window Handle
E, 3504, 17, 2013/05/24, 07:50:57.586, 3583113665792, QTAgent32.exe, IEDOM : Could not get valid window handle of Internet Explorer_server
W, 3504, 17, 2013/05/24, 07:50:57.586, 3583113670525, QTAgent32.exe, IEDOM : Unable to get the document Window Handle
E, 3504, 17, 2013/05/24, 07:50:59.587, 3583142319639, QTAgent32.exe, IEDOM : Could not get valid window handle of Internet Explorer_server
W, 3504, 17, 2013/05/24, 07:50:59.587, 3583142322833, QTAgent32.exe, IEDOM : Unable to get the document Window Handle
E, 3504, 17, 2013/05/24, 07:51:01.588, 3583170973282, QTAgent32.exe, IEDOM : Could not get valid window handle of Internet Explorer_server
W, 3504, 17, 2013/05/24, 07:51:01.588, 3583170976965, QTAgent32.exe, IEDOM : Unable to get the document Window Handle
E, 3504, 17, 2013/05/24, 07:51:03.589, 3583199627056, QTAgent32.exe, IEDOM : Could not get valid window handle of Internet Explorer_server
W, 3504, 17, 2013/05/24, 07:51:03.589, 3583199629804, QTAgent32.exe, IEDOM : Unable to get the document Window Handle
E, 3504, 17, 2013/05/24, 07:51:05.590, 3583228274842, QTAgent32.exe, IEDOM : Could not get valid window handle of Internet Explorer_server
W, 3504, 17, 2013/05/24, 07:51:05.590, 3583228277732, QTAgent32.exe, IEDOM : Unable to get the document Window Handle
W, 3504, 17, 2013/05/24, 07:51:07.592, 3583256935887, QTAgent32.exe, AL : IEBrowserService : Performing an extended retry
E, 3504, 17, 2013/05/24, 07:51:07.593, 3583256947943, QTAgent32.exe, IEDOM : Could not get valid window handle of Internet Explorer_server
W, 3504, 17, 2013/05/24, 07:51:07.593, 3583256948798, QTAgent32.exe, IEDOM : Unable to get the document Window Handle
E, 3504, 17, 2013/05/24, 07:51:09.595, 3583285620392, QTAgent32.exe, IEDOM : Could not get valid window handle of Internet Explorer_server
W, 3504, 17, 2013/05/24, 07:51:09.595, 3583285623030, QTAgent32.exe, IEDOM : Unable to get the document Window Handle
E, 3504, 17, 2013/05/24, 07:51:11.596, 3583314276510, QTAgent32.exe, IEDOM : Could not get valid window handle of Internet Explorer_server
W, 3504, 17, 2013/05/24, 07:51:11.597, 3583314280007, QTAgent32.exe, IEDOM : Unable to get the document Window Handle
E, 3504, 17, 2013/05/24, 07:51:13.598, 3583342933486, QTAgent32.exe, IEDOM : Could not get valid window handle of Internet Explorer_server
W, 3504, 17, 2013/05/24, 07:51:13.598, 3583342938330, QTAgent32.exe, IEDOM : Unable to get the document Window Handle
E, 3504, 17, 2013/05/24, 07:51:15.599, 3583371588911, QTAgent32.exe, IEDOM : Could not get valid window handle of Internet Explorer_server
W, 3504, 17, 2013/05/24, 07:51:15.599, 3583371591751, QTAgent32.exe, IEDOM : Unable to get the document Window Handle
E, 3504, 17, 2013/05/24, 07:51:17.603, 3583400282869, QTAgent32.exe, IEDOM : Could not get valid window handle of Internet Explorer_server
W, 3504, 17, 2013/05/24, 07:51:17.604, 3583400285545, QTAgent32.exe, IEDOM : Unable to get the document Window Handle
W, 3504, 17, 2013/05/24, 07:51:18.820, 3583417701931, QTAgent32.exe, Playback - [WARNING] Internal warning: Window Not Found: [VisibleOnly]ControlType='Window' &amp;&amp; Name='Connect to www.insur-econnect.com'
\0
E, 3504, 17, 2013/05/24, 07:51:18.820, 3583417705783, QTAgent32.exe, &lt;a class=failure&gt;Playback - {110} [FAILED] Function ElementFetcher::FindScreenElement failed to locate UI element (Searching: ;[VisibleOnly]ControlType='Window' &amp;&amp; Name='Connect to www.insur-econnect.com') (The object specified was not found.)
\0&lt;/a&gt;
E, 3504, 17, 2013/05/24, 07:51:18.940, 3583419419832, QTAgent32.exe, Playback - [IMAGE] C:\Users\testuser\AppData\Local\Temp\UITestLogs\LastRun\RPFD66C.png
\0
W, 3504, 17, 2013/05/24, 07:51:18.940, 3583419422479, QTAgent32.exe, Playback - [WARNING] Internal warning: Couldn't find descendants that match QueryId
\0
W, 3504, 17, 2013/05/24, 07:51:18.940, 3583419425636, QTAgent32.exe, PERF WARNING: FindTopLevelWindowHelper::FindAllDescendents: took 1313 ms. Expected it to take maximum 500 ms.
W, 3504, 17, 2013/05/24, 07:51:37.009, 3583678138490, QTAgent32.exe, Playback - [WARNING] Internal warning: Window Not Found: [VisibleOnly]ControlType='Window' &amp;&amp; Name='Connect to www.insur-econnect.com'
\0
E, 3504, 17, 2013/05/24, 07:51:37.010, 3583678142197, QTAgent32.exe, &lt;a class=failure&gt;Playback - {111} [FAILED] Function ElementFetcher::FindScreenElement failed to locate UI element (Searching: ;[VisibleOnly]ControlType='Window' &amp;&amp; Name='Connect to www.insur-econnect.com') (The object specified was not found.)
\0&lt;/a&gt;
E, 3504, 17, 2013/05/24, 07:51:37.086, 3583679231961, QTAgent32.exe, Playback - [IMAGE] C:\Users\testuser\AppData\Local\Temp\UITestLogs\LastRun\RPF1D7B.png
\0
W, 3504, 17, 2013/05/24, 07:51:37.086, 3583679234348, QTAgent32.exe, Playback - [WARNING] Internal warning: Couldn't find descendants that match QueryId
\0
W, 3504, 17, 2013/05/24, 07:51:37.086, 3583679237815, QTAgent32.exe, PERF WARNING: FindTopLevelWindowHelper::FindAllDescendents: took 18145 ms. Expected it to take maximum 500 ms.
W, 3504, 17, 2013/05/24, 07:51:37.657, 3583687413759, QTAgent32.exe, Playback - [WARNING] Internal warning: Smart Match failed
\0
W, 3504, 17, 2013/05/24, 07:51:37.920, 3583691183089, QTAgent32.exe, Playback - [WARNING] Internal warning: Smart Match failed
\0
W, 3504, 17, 2013/05/24, 07:51:38.189, 3583695025209, QTAgent32.exe, Playback - [WARNING] Internal warning: Smart Match failed
\0
W, 3504, 17, 2013/05/24, 07:51:38.463, 3583698952353, QTAgent32.exe, Playback - [WARNING] Internal warning: Smart Match failed
\0
W, 3504, 17, 2013/05/24, 07:51:38.736, 3583702866319, QTAgent32.exe, Playback - [WARNING] Internal warning: Smart Match failed
\0
W, 3504, 17, 2013/05/24, 07:51:38.999, 3583706636590, QTAgent32.exe, Playback - [WARNING] Internal warning: Smart Match failed
\0
W, 3504, 17, 2013/05/24, 07:51:39.267, 3583710477296, QTAgent32.exe, Playback - [WARNING] Internal warning: Smart Match failed
\0
W, 3504, 17, 2013/05/24, 07:51:39.531, 3583714247059, QTAgent32.exe, Playback - [WARNING] Internal warning: Smart Match failed
\0
W, 3504, 17, 2013/05/24, 07:51:39.796, 3583718049772, QTAgent32.exe, Playback - [WARNING] Internal warning: Smart Match failed
\0
W, 3504, 17, 2013/05/24, 07:51:40.066, 3583721897742, QTAgent32.exe, Playback - [WARNING] Internal warning: Smart Match failed
\0
W, 3504, 17, 2013/05/24, 07:51:40.217, 3583724062061, QTAgent32.exe, Playback - [WARNING] Internal warning: Window Not Found: [VisibleOnly]ControlType='Window' &amp;&amp; Name='Connect to www.insur-econnect.com'
\0
E, 3504, 17, 2013/05/24, 07:51:40.217, 3583724065315, QTAgent32.exe, &lt;a class=failure&gt;Playback - {112} [FAILED] Function ElementFetcher::FindScreenElement failed to locate UI element (Searching: ;[VisibleOnly]ControlType='Window' &amp;&amp; Name='Connect to www.insur-econnect.com') (The object specified was not found.)
\0&lt;/a&gt;
E, 3504, 17, 2013/05/24, 07:51:40.293, 3583725156088, QTAgent32.exe, Playback - [IMAGE] C:\Users\testuser\AppData\Local\Temp\UITestLogs\LastRun\RPF29FA.png
\0
W, 3504, 17, 2013/05/24, 07:51:40.293, 3583725158540, QTAgent32.exe, Playback - [WARNING] Internal warning: Couldn't find descendants that match QueryId
\0
W, 3504, 17, 2013/05/24, 07:51:40.294, 3583725161772, QTAgent32.exe, PERF WARNING: FindTopLevelWindowHelper::FindAllDescendents: took 3207 ms. Expected it to take maximum 500 ms.
E, 3504, 17, 2013/05/24, 07:51:40.294, 3583725163810, QTAgent32.exe, Exception: System.Runtime.InteropServices.COMException
	Message: Error HRESULT E_FAIL has been returned from a call to a COM component.
	Stack Trace:    at Microsoft.VisualStudio.TestTools.UITest.Playback.Engine.IRPFPlayback.FindAllScreenElements(IScreenElement pScreenElementStart, String bstrQueryId, Object&amp; pvarResKeys, Int32 cResKeys, Int32 nMaxDepth, Object[]&amp; foundDescendants)
   at Microsoft.VisualStudio.TestTools.UITest.Playback.ScreenElement.FindTopLevelWindowHelper(String queryId)
	BaseExceptionMessage: Error HRESULT E_FAIL has been returned from a call to a COM component.

W, 3504, 17, 2013/05/24, 07:51:40.693, 3583730884060, QTAgent32.exe, &lt;a class=success&gt;Playback - {113} [SUCCESS] TypeString "Bus Sys{Tab}Tottenham1"
\0&lt;/a&gt;
W, 3504, 17, 2013/05/24, 07:51:41.042, 3583735885670, QTAgent32.exe, &lt;a class=success&gt;Playback - {114} [SUCCESS] MouseButtonClick - "[MSAA, VisibleOnly]ControlType='Button' &amp;&amp; Name='OK'"
\0&lt;/a&gt;
E, 3504, 17, 2013/05/24, 07:51:41.148, 3583737392431, QTAgent32.exe, IEDOM : Could not get valid window handle of Internet Explorer_server
W, 3504, 17, 2013/05/24, 07:51:41.148, 3583737394252, QTAgent32.exe, IEDOM : Unable to get the document Window Handle
W, 3504, 17, 2013/05/24, 07:51:47.420, 3583827207615, QTAgent32.exe, &lt;a class=success&gt;Playback - {115} [SUCCESS] MouseButtonClick - "[Web]ControlType='Hyperlink' &amp;&amp; TagName='A' &amp;&amp; Id='' &amp;&amp; Name='' &amp;&amp; Target='' &amp;&amp; InnerText='Renewals Maintenance' &amp;&amp; FilterCondition(AbsolutePath='/sysmaint/content/leftbar.asp', Title='', Href='https://www.insur-econnect.com/sysmaint/content/leftbar.asp#', Class='', ControlDefinition='style="COLOR: white" href="#"', TagInstance='39')"
\0&lt;/a&gt;
W, 3504, 17, 2013/05/24, 07:51:48.124, 3583837274114, QTAgent32.exe, &lt;a class=success&gt;Playback - {116} [SUCCESS] MouseButtonClick - "[Web]ControlType='Hyperlink' &amp;&amp; TagName='A' &amp;&amp; Id='' &amp;&amp; Name='' &amp;&amp; Target='content' &amp;&amp; InnerText='Create a Motor Test Renewal Invitation' &amp;&amp; FilterCondition(AbsolutePath='/sysmaint/content/AddTestRenewalNotice.asp', Title='', Href='https://www.insur-econnect.com/sysmaint/content/AddTestRenewalNotice.asp', Class='itemlink', ControlDefinition='class=itemlink href="AddTestRenewalNotic', TagInstance='1')"
\0&lt;/a&gt;
E, 3504, 17, 2013/05/24, 07:51:50.815, 3583875812387, QTAgent32.exe, Exception: System.NotSupportedException
	Message: Internal Error: This method on IEWebControlElement should not get called.
	Stack Trace:    at Microsoft.VisualStudio.TestTools.UITest.Extension.IE.BrowserOptionElementNode.InvokeProgrammaticAction(ProgrammaticActionOption programmaticActionOption)
	BaseExceptionMessage: Internal Error: This method on IEWebControlElement should not get called.

W, 3504, 17, 2013/05/24, 07:51:51.064, 3583879384413, QTAgent32.exe, &lt;a class=success&gt;Playback - {117} [SUCCESS] SetValueAsComboBox "Highway Insurance" - "[Web]ControlType='ComboBox' &amp;&amp; TagName='SELECT' &amp;&amp; Id='InsurerID' &amp;&amp; Name='InsurerID' &amp;&amp; FilterCondition(Size='0', LabeledBy='', Title='', ItemCount='54', Class='', ControlDefinition='id=InsurerID onchange=selectInsurer() na', TagInstance='1')"  &lt; SetValueAsComboBox, set by clicking on the item in the list box &gt;
\0&lt;/a&gt;
W, 3504, 17, 2013/05/24, 07:51:52.052, 3583893522850, QTAgent32.exe, &lt;a class=success&gt;Playback - {118} [SUCCESS] SetValueAsEditBox "7071001657" - "[Web]ControlType='Edit' &amp;&amp; TagName='INPUT' &amp;&amp; Id='' &amp;&amp; Name='txtPolicyNumber' &amp;&amp; LabeledBy='' &amp;&amp; Type='SINGLELINE' &amp;&amp; FilterCondition(Title='', Class='', ControlDefinition='name=txtPolicyNumber align=left size=15', TagInstance='1')"  &lt; Set via SendKeys &gt;
\0&lt;/a&gt;
W, 3504, 17, 2013/05/24, 07:51:52.562, 3583900824193, QTAgent32.exe, &lt;a class=success&gt;Playback - {119} [SUCCESS] SetValueAsEditBox "31/5/2013" - "[Web]ControlType='Edit' &amp;&amp; TagName='INPUT' &amp;&amp; Id='' &amp;&amp; Name='txtAutoLapseDate' &amp;&amp; LabeledBy='' &amp;&amp; Type='SINGLELINE' &amp;&amp; FilterCondition(Title='', Class='', ControlDefinition='name=txtAutoLapseDate maxLength=10 value', TagInstance='8')"  &lt; Set via SendKeys &gt;
\0&lt;/a&gt;
W, 3504, 17, 2013/05/24, 07:51:53.165, 3583909462114, QTAgent32.exe, &lt;a class=success&gt;Playback - {120} [SUCCESS] MouseButtonClick - "[Web]ControlType='Button' &amp;&amp; TagName='INPUT' &amp;&amp; Id='buttonCreate' &amp;&amp; Name='buttonCreate' &amp;&amp; FilterCondition(DisplayText='  Create Record  ', Type='button', Title='Click to create the new record', Class='', ControlDefinition='id=buttonCreate title="Click to create t', TagInstance='10')"
\0&lt;/a&gt;
W, 3504, 17, 2013/05/24, 07:51:53.430, 3583913256524, QTAgent32.exe, &lt;a class=success&gt;Playback - {121} [SUCCESS] MouseButtonClick - "[MSAA, VisibleOnly]ControlType='Button' &amp;&amp; Name='OK'"
\0&lt;/a&gt;
W, 3504, 17, 2013/05/24, 07:51:58.634, 3583987770323, QTAgent32.exe, &lt;a class=success&gt;Playback - {122} [SUCCESS] TypeString "%({F4})"
\0&lt;/a&gt;
W, 3504, 17, 2013/05/24, 07:51:59.662, 3584002481584, QTAgent32.exe, &lt;a class=success&gt;Playback - {123} [SUCCESS] SendKeys "^{HOME}" - "[MSAA, VisibleOnly]ControlType='Edit'"
\0&lt;/a&gt;
E, 3504, 17, 2013/05/24, 07:51:59.662, 3584002484865, QTAgent32.exe, Msaa.GetFocusedElement: could not find accessible object of foreground window
W, 3504, 17, 2013/05/24, 07:51:59.718, 3584003281024, QTAgent32.exe, &lt;a class=success&gt;Playback - {124} [SUCCESS] SendKeys "^+{END}" - "[MSAA, VisibleOnly]ControlType='Edit'"
\0&lt;/a&gt;
E, 3504, 17, 2013/05/24, 07:51:59.718, 3584003284079, QTAgent32.exe, Msaa.GetFocusedElement: could not find accessible object of foreground window
W, 3504, 17, 2013/05/24, 07:51:59.734, 3584003511632, QTAgent32.exe, &lt;a class=success&gt;Playback - {125} [SUCCESS] SendKeys "{DELETE}" - "[MSAA, VisibleOnly]ControlType='Edit'"
\0&lt;/a&gt;
W, 3504, 17, 2013/05/24, 07:52:00.256, 3584010986693, QTAgent32.exe, &lt;a class=success&gt;Playback - {126} [SUCCESS] SetValueAsEditBox "31/05/2012" - "[MSAA, VisibleOnly]ControlType='Edit'"  &lt; Set via SendKeys &gt;
\0&lt;/a&gt;
W, 3504, 17, 2013/05/24, 07:52:00.511, 3584014643140, QTAgent32.exe, &lt;a class=success&gt;Playback - {127} [SUCCESS] MouseButtonClick - "[MSAA, VisibleOnly]ControlType='Button' &amp;&amp; Name='OK'"
\0&lt;/a&gt;
W, 3504, 17, 2013/05/24, 07:52:00.812, 3584018946033, QTAgent32.exe, &lt;a class=success&gt;Playback - {128} [SUCCESS] MouseButtonClick - "[MSAA, VisibleOnly]ControlType='Client'"
\0&lt;/a&gt;
W, 3504, 17, 2013/05/24, 07:52:01.423, 3584027695628, QTAgent32.exe, &lt;a class=success&gt;Playback - {129} [SUCCESS] MouseButtonClick - "[MSAA, VisibleOnly]ControlType='Client'"
\0&lt;/a&gt;
W, 3504, 17, 2013/05/24, 07:52:02.922, 3584049170529, QTAgent32.exe, &lt;a class=success&gt;Playback - {130} [SUCCESS] SetValueAsEditBox "AUTO213" - "[MSAA, VisibleOnly]ControlType='Edit'"  &lt; Set via SendKeys &gt;
\0&lt;/a&gt;
W, 3504, 17, 2013/05/24, 07:52:03.381, 3584055735085, QTAgent32.exe, &lt;a class=success&gt;Playback - {131} [SUCCESS] SetValueAsEditBox "-1001" - "[MSAA, VisibleOnly]ControlType='Edit'"  &lt; Set via SendKeys &gt;
\0&lt;/a&gt;
W, 3504, 17, 2013/05/24, 07:52:03.659, 3584059713726, QTAgent32.exe, &lt;a class=success&gt;Playback - {132} [SUCCESS] SendKeys "^{HOME}" - "[MSAA, VisibleOnly]ControlType='Edit'"
\0&lt;/a&gt;
E, 3504, 17, 2013/05/24, 07:52:03.661, 3584059735175, QTAgent32.exe, Msaa.GetFocusedElement: could not find accessible object of foreground window
W, 3504, 17, 2013/05/24, 07:52:03.722, 3584060617915, QTAgent32.exe, &lt;a class=success&gt;Playback - {133} [SUCCESS] SendKeys "^+{END}" - "[MSAA, VisibleOnly]ControlType='Edit'"
\0&lt;/a&gt;
E, 3504, 17, 2013/05/24, 07:52:03.722, 3584060621233, QTAgent32.exe, Msaa.GetFocusedElement: could not find accessible object of foreground window
W, 3504, 17, 2013/05/24, 07:52:03.739, 3584060859151, QTAgent32.exe, &lt;a class=success&gt;Playback - {134} [SUCCESS] SendKeys "{DELETE}" - "[MSAA, VisibleOnly]ControlType='Edit'"
\0&lt;/a&gt;
W, 3504, 17, 2013/05/24, 07:52:04.079, 3584065725440, QTAgent32.exe, &lt;a class=success&gt;Playback - {135} [SUCCESS] SetValueAsEditBox "31/05/2012" - "[MSAA, VisibleOnly]ControlType='Edit'"  &lt; Set via SendKeys &gt;
\0&lt;/a&gt;
W, 3504, 17, 2013/05/24, 07:52:04.653, 3584073953277, QTAgent32.exe, &lt;a class=success&gt;Playback - {136} [SUCCESS] MouseButtonClick - "[MSAA, VisibleOnly]ControlType='Button' &amp;&amp; Name='Regress'"
\0&lt;/a&gt;
W, 3504, 17, 2013/05/24, 07:52:04.928, 3584077891534, QTAgent32.exe, &lt;a class=success&gt;Playback - {137} [SUCCESS] MouseButtonClick - "[MSAA, VisibleOnly]ControlType='Button' &amp;&amp; Name='Exit'"
\0&lt;/a&gt;
W, 3504, 17, 2013/05/24, 07:52:05.218, 3584082033968, QTAgent32.exe, &lt;a class=success&gt;Playback - {138} [SUCCESS] MouseButtonClick - "[MSAA, VisibleOnly]ControlType='Button'"
\0&lt;/a&gt;
W, 3504, 17, 2013/05/24, 07:52:05.467, 3584085603405, QTAgent32.exe, &lt;a class=success&gt;Playback - {139} [SUCCESS] MouseButtonClick - "[MSAA, VisibleOnly]ControlType='Button' &amp;&amp; Name='Options'"
\0&lt;/a&gt;
W, 3504, 17, 2013/05/24, 07:52:05.568, 3584087044171, QTAgent32.exe, FindScreenElementInSinglePass : Attempting to find control in one pass of search. Failures can occur.
W, 3504, 17, 2013/05/24, 07:52:05.961, 3584092681501, QTAgent32.exe, &lt;a class=success&gt;Playback - {140} [SUCCESS] MouseButtonClick - "[MSAA]ControlType='MenuItem' &amp;&amp; Name='Links'"
\0&lt;/a&gt;
W, 3504, 17, 2013/05/24, 07:52:06.062, 3584094117887, QTAgent32.exe, FindScreenElementInSinglePass : Attempting to find control in one pass of search. Failures can occur.
W, 3504, 17, 2013/05/24, 07:52:06.487, 3584100210714, QTAgent32.exe, &lt;a class=success&gt;Playback - {141} [SUCCESS] MouseButtonClick - "[MSAA]ControlType='MenuItem' &amp;&amp; Name='3rd Party Integration'"
\0&lt;/a&gt;
W, 3504, 17, 2013/05/24, 07:52:06.591, 3584101700730, QTAgent32.exe, FindScreenElementInSinglePass : Attempting to find control in one pass of search. Failures can occur.
W, 3504, 17, 2013/05/24, 07:52:06.960, 3584106985685, QTAgent32.exe, &lt;a class=success&gt;Playback - {142} [SUCCESS] MouseButtonClick - "[MSAA]ControlType='MenuItem' &amp;&amp; Name='Renewals Loader'"
\0&lt;/a&gt;
W, 3504, 17, 2013/05/24, 07:52:07.348, 3584112535146, QTAgent32.exe, Playback - [WARNING] Internal warning: Window Not Found: [VisibleOnly]ControlType='Window' &amp;&amp; Name='Renewal Loader' &amp;&amp; ClassName='TfUIMain'
\0
E, 3504, 17, 2013/05/24, 07:52:07.348, 3584112538286, QTAgent32.exe, &lt;a class=failure&gt;Playback - {143} [FAILED] Function ElementFetcher::FindScreenElement failed to locate UI element (Searching: ;[VisibleOnly]ControlType='Window' &amp;&amp; Name='Renewal Loader' &amp;&amp; ClassName='TfUIMain') (The object specified was not found.)
\0&lt;/a&gt;
E, 3504, 17, 2013/05/24, 07:52:07.431, 3584113723934, QTAgent32.exe, Playback - [IMAGE] C:\Users\testuser\AppData\Local\Temp\UITestLogs\LastRun\RPF9403.png
\0
W, 3504, 17, 2013/05/24, 07:52:07.431, 3584113726405, QTAgent32.exe, Playback - [WARNING] Internal warning: Couldn't find descendants that match QueryId
\0
W, 3504, 17, 2013/05/24, 07:52:08.056, 3584122673792, QTAgent32.exe, &lt;a class=success&gt;Playback - {144} [SUCCESS] MouseButtonClick - "[MSAA, VisibleOnly]ControlType='TitleBar'"
\0&lt;/a&gt;
W, 3504, 17, 2013/05/24, 07:52:08.369, 3584127149592, QTAgent32.exe, &lt;a class=success&gt;Playback - {145} [SUCCESS] SendKeys "^{HOME}" - "[MSAA, VisibleOnly]ControlType='Edit'"
\0&lt;/a&gt;
E, 3504, 17, 2013/05/24, 07:52:08.369, 3584127153094, QTAgent32.exe, Msaa.GetFocusedElement: could not find accessible object of foreground window
W, 3504, 17, 2013/05/24, 07:52:08.435, 3584128094754, QTAgent32.exe, &lt;a class=success&gt;Playback - {146} [SUCCESS] SendKeys "^+{END}" - "[MSAA, VisibleOnly]ControlType='Edit'"
\0&lt;/a&gt;
E, 3504, 17, 2013/05/24, 07:52:08.435, 3584128097718, QTAgent32.exe, Msaa.GetFocusedElement: could not find accessible object of foreground window
W, 3504, 17, 2013/05/24, 07:52:08.453, 3584128348953, QTAgent32.exe, &lt;a class=success&gt;Playback - {147} [SUCCESS] SendKeys "{DELETE}" - "[MSAA, VisibleOnly]ControlType='Edit'"
\0&lt;/a&gt;
W, 3504, 17, 2013/05/24, 07:52:08.984, 3584135959552, QTAgent32.exe, &lt;a class=success&gt;Playback - {148} [SUCCESS] SetValueAsEditBox "24/05/2013" - "[MSAA, VisibleOnly]ControlType='Edit'"  &lt; Set via SendKeys &gt;
\0&lt;/a&gt;
W, 3504, 17, 2013/05/24, 07:52:09.293, 3584140382194, QTAgent32.exe, &lt;a class=success&gt;Playback - {149} [SUCCESS] SendKeys "^{HOME}" - "[MSAA, VisibleOnly]ControlType='Edit'"
\0&lt;/a&gt;
E, 3504, 17, 2013/05/24, 07:52:09.293, 3584140385520, QTAgent32.exe, Msaa.GetFocusedElement: could not find accessible object of foreground window
W, 3504, 17, 2013/05/24, 07:52:09.361, 3584141358514, QTAgent32.exe, &lt;a class=success&gt;Playback - {150} [SUCCESS] SendKeys "^+{END}" - "[MSAA, VisibleOnly]ControlType='Edit'"
\0&lt;/a&gt;
E, 3504, 17, 2013/05/24, 07:52:09.362, 3584141373227, QTAgent32.exe, Msaa.GetFocusedElement: could not find accessible object of foreground window
W, 3504, 17, 2013/05/24, 07:52:09.391, 3584141781619, QTAgent32.exe, &lt;a class=success&gt;Playback - {151} [SUCCESS] SendKeys "{DELETE}" - "[MSAA, VisibleOnly]ControlType='Edit'"
\0&lt;/a&gt;
W, 3504, 17, 2013/05/24, 07:52:09.762, 3584147107043, QTAgent32.exe, &lt;a class=success&gt;Playback - {152} [SUCCESS] SetValueAsEditBox "07/06/2013" - "[MSAA, VisibleOnly]ControlType='Edit'"  &lt; Set via SendKeys &gt;
\0&lt;/a&gt;
W, 3504, 17, 2013/05/24, 07:52:10.156, 3584152736639, QTAgent32.exe, &lt;a class=success&gt;Playback - {153} [SUCCESS] MouseButtonClick - "[MSAA, VisibleOnly]ControlType='Button' &amp;&amp; Name='Run'"
\0&lt;/a&gt;
W, 3504, 17, 2013/05/24, 07:52:15.565, 3584230184933, QTAgent32.exe, Playback - [WARNING] Internal warning: Window Not Found: [VisibleOnly]Name='insurE-com System Maintenance' &amp;&amp; ClassName='IEFrame' &amp;&amp; ControlType='Window'
\0
E, 3504, 17, 2013/05/24, 07:52:15.565, 3584230188397, QTAgent32.exe, &lt;a class=failure&gt;Playback - {154} [FAILED] Function ElementFetcher::FindScreenElement failed to locate UI element (Searching: ;[VisibleOnly]Name='insurE-com System Maintenance' &amp;&amp; ClassName='IEFrame' &amp;&amp; ControlType='Window') (The object specified was not found.)
\0&lt;/a&gt;
E, 3504, 17, 2013/05/24, 07:52:15.688, 3584231943027, QTAgent32.exe, Playback - [IMAGE] C:\Users\testuser\AppData\Local\Temp\UITestLogs\LastRun\RPFB411.png
\0
W, 3504, 17, 2013/05/24, 07:52:15.688, 3584231945384, QTAgent32.exe, Playback - [WARNING] Internal warning: Couldn't find descendants that match QueryId
\0
W, 3504, 17, 2013/05/24, 07:52:33.794, 3584491201039, QTAgent32.exe, Playback - [WARNING] Internal warning: Window Not Found: [VisibleOnly]Name='insurE-com System Maintenance' &amp;&amp; ClassName='IEFrame' &amp;&amp; ControlType='Window'
\0
E, 3504, 17, 2013/05/24, 07:52:33.795, 3584491210449, QTAgent32.exe, &lt;a class=failure&gt;Playback - {155} [FAILED] Function ElementFetcher::FindScreenElement failed to locate UI element (Searching: ;[VisibleOnly]Name='insurE-com System Maintenance' &amp;&amp; ClassName='IEFrame' &amp;&amp; ControlType='Window') (The object specified was not found.)
\0&lt;/a&gt;
E, 3504, 17, 2013/05/24, 07:52:33.885, 3584492499713, QTAgent32.exe, Playback - [IMAGE] C:\Users\testuser\AppData\Local\Temp\UITestLogs\LastRun\RPFFB4F.png
\0
W, 3504, 17, 2013/05/24, 07:52:33.885, 3584492502274, QTAgent32.exe, Playback - [WARNING] Internal warning: Couldn't find descendants that match QueryId
\0
W, 3504, 17, 2013/05/24, 07:52:33.886, 3584492512506, QTAgent32.exe, PERF WARNING: FindTopLevelWindowHelper::FindAllDescendents: took 18197 ms. Expected it to take maximum 500 ms.
W, 3504, 17, 2013/05/24, 07:52:34.382, 3584499620637, QTAgent32.exe, Playback - [WARNING] Internal warning: Smart Match failed
\0
W, 3504, 17, 2013/05/24, 07:52:34.672, 3584503770422, QTAgent32.exe, Playback - [WARNING] Internal warning: Smart Match failed
\0
W, 3504, 17, 2013/05/24, 07:52:34.889, 3584506869040, QTAgent32.exe, Playback - [WARNING] Internal warning: Smart Match failed
\0
W, 3504, 17, 2013/05/24, 07:52:35.106, 3584509969369, QTAgent32.exe, Playback - [WARNING] Internal warning: Smart Match failed
\0
W, 3504, 17, 2013/05/24, 07:52:35.322, 3584513064946, QTAgent32.exe, Playback - [WARNING] Internal warning: Smart Match failed
\0
W, 3504, 17, 2013/05/24, 07:52:35.536, 3584516139829, QTAgent32.exe, Playback - [WARNING] Internal warning: Smart Match failed
\0
W, 3504, 17, 2013/05/24, 07:52:35.752, 3584519223017, QTAgent32.exe, Playback - [WARNING] Internal warning: Smart Match failed
\0
W, 3504, 17, 2013/05/24, 07:52:35.972, 3584522382016, QTAgent32.exe, Playback - [WARNING] Internal warning: Smart Match failed
\0
W, 3504, 17, 2013/05/24, 07:52:36.190, 3584525500558, QTAgent32.exe, Playback - [WARNING] Internal warning: Smart Match failed
\0
W, 3504, 17, 2013/05/24, 07:52:36.408, 3584528622057, QTAgent32.exe, Playback - [WARNING] Internal warning: Smart Match failed
\0
W, 3504, 17, 2013/05/24, 07:52:36.642, 3584531975195, QTAgent32.exe, Playback - [WARNING] Internal warning: Smart Match failed
\0
W, 3504, 17, 2013/05/24, 07:52:36.859, 3584535073692, QTAgent32.exe, Playback - [WARNING] Internal warning: Smart Match failed
\0
W, 3504, 17, 2013/05/24, 07:52:36.963, 3584536562083, QTAgent32.exe, Playback - [WARNING] Internal warning: Window Not Found: [VisibleOnly]Name='insurE-com System Maintenance' &amp;&amp; ClassName='IEFrame' &amp;&amp; ControlType='Window'
\0
E, 3504, 17, 2013/05/24, 07:52:36.963, 3584536565200, QTAgent32.exe, &lt;a class=failure&gt;Playback - {156} [FAILED] Function ElementFetcher::FindScreenElement failed to locate UI element (Searching: ;[VisibleOnly]Name='insurE-com System Maintenance' &amp;&amp; ClassName='IEFrame' &amp;&amp; ControlType='Window') (The object specified was not found.)
\0&lt;/a&gt;
E, 3504, 17, 2013/05/24, 07:52:37.036, 3584537610707, QTAgent32.exe, Playback - [IMAGE] C:\Users\testuser\AppData\Local\Temp\UITestLogs\LastRun\RPF7AF.png
\0
W, 3504, 17, 2013/05/24, 07:52:37.036, 3584537613109, QTAgent32.exe, Playback - [WARNING] Internal warning: Couldn't find descendants that match QueryId
\0
W, 3504, 17, 2013/05/24, 07:52:37.036, 3584537619246, QTAgent32.exe, PERF WARNING: FindTopLevelWindowHelper::FindAllDescendents: took 3149 ms. Expected it to take maximum 500 ms.
E, 3504, 17, 2013/05/24, 07:52:37.037, 3584537622119, QTAgent32.exe, Exception: System.Runtime.InteropServices.COMException
	Message: Error HRESULT E_FAIL has been returned from a call to a COM component.
	Stack Trace:    at Microsoft.VisualStudio.TestTools.UITest.Playback.Engine.IRPFPlayback.FindAllScreenElements(IScreenElement pScreenElementStart, String bstrQueryId, Object&amp; pvarResKeys, Int32 cResKeys, Int32 nMaxDepth, Object[]&amp; foundDescendants)
   at Microsoft.VisualStudio.TestTools.UITest.Playback.ScreenElement.FindTopLevelWindowHelper(String queryId)
	BaseExceptionMessage: Error HRESULT E_FAIL has been returned from a call to a COM component.

E, 3504, 17, 2013/05/24, 07:52:37.037, 3584537628553, QTAgent32.exe, Window 5374698 not responding. Last Win32 error 0
E, 3504, 17, 2013/05/24, 07:52:37.037, 3584537629825, QTAgent32.exe, GetClassName for handle 5374698 failed
E, 3504, 17, 2013/05/24, 07:52:37.039, 3584537650795, QTAgent32.exe, Window 5374698 not responding. Last Win32 error 1400
E, 3504, 17, 2013/05/24, 07:52:37.039, 3584537651715, QTAgent32.exe, GetClassName for handle 5374698 failed
E, 3504, 17, 2013/05/24, 07:52:37.146, 3584539195117, QTAgent32.exe, AL: Playback Error: Microsoft.VisualStudio.TestTools.UITest.Extension.UITestControlNotAvailableException: The control is not available or not valid. Additional Details: 
TechnologyName:  'MSAA'
Name:  'insurE-com System Maintenance'
ClassName:  'IEFrame'
ControlType:  'Window'
 ---&gt; System.Runtime.InteropServices.COMException: Error HRESULT E_FAIL has been returned from a call to a COM component.
   at Microsoft.VisualStudio.TestTools.UITest.Playback.Engine.IRPFPlayback.FindAllScreenElements(IScreenElement pScreenElementStart, String bstrQueryId, Object&amp; pvarResKeys, Int32 cResKeys, Int32 nMaxDepth, Object[]&amp; foundDescendants)
   at Microsoft.VisualStudio.TestTools.UITest.Playback.ScreenElement.FindTopLevelWindowHelper(String queryId)
   at Microsoft.VisualStudio.TestTools.UITest.Playback.ScreenElement.FindFromPartialQueryId(String queryId)
   at Microsoft.VisualStudio.TestTools.UITesting.UITestControl.EnsureValid(Boolean waitForReady, Boolean refetch)
   --- End of inner exception stack trace ---
   at Microsoft.VisualStudio.TestTools.UITesting.UITestControl.EnsureValid(Boolean waitForReady, Boolean refetch)
   at Microsoft.VisualStudio.TestTools.UITesting.UITestControl.SendKeys(String text, ModifierKeys modifierKeys, Boolean isEncoded, Boolean isUnicode)
   at Microsoft.VisualStudio.TestTools.UITesting.Keyboard.SendKeysImplementation(UITestControl control, String text, ModifierKeys modifierKeys, Boolean isEncoded, Boolean isUnicode)
   at Microsoft.VisualStudio.TestTools.UITesting.Keyboard.SendKeysImplementationWrapper(UITestControl control, String text, ModifierKeys modifierKeys, Boolean isEncoded, Boolean isUnicode)
W, 3504, 17, 2013/05/24, 07:52:37.147, 3584539198900, QTAgent32.exe, PlaybackErrorHandler: Ignoring exception as ContinueOnError is set.
W, 3504, 17, 2013/05/24, 07:52:38.304, 3584555772197, QTAgent32.exe, &lt;a class=success&gt;Playback - {157} [SUCCESS] MouseButtonClick - "[MSAA, VisibleOnly]ControlType='TitleBar'"
\0&lt;/a&gt;
W, 3504, 17, 2013/05/24, 07:52:38.551, 3584559308772, QTAgent32.exe, &lt;a class=success&gt;Playback - {158} [SUCCESS] MouseButtonClick - "[MSAA, VisibleOnly]ControlType='Button' &amp;&amp; Name='Close'"
\0&lt;/a&gt;
W, 3504, 17, 2013/05/24, 07:52:39.664, 3584575241141, QTAgent32.exe, &lt;a class=success&gt;Playback - {159} [SUCCESS] MouseButtonClick - "[MSAA, VisibleOnly]ControlType='Button' &amp;&amp; Name='Options'"
\0&lt;/a&gt;
W, 3504, 17, 2013/05/24, 07:52:39.766, 3584576695115, QTAgent32.exe, FindScreenElementInSinglePass : Attempting to find control in one pass of search. Failures can occur.
W, 3504, 17, 2013/05/24, 07:52:40.202, 3584582947540, QTAgent32.exe, &lt;a class=success&gt;Playback - {160} [SUCCESS] MouseButtonClick - "[MSAA]ControlType='MenuItem' &amp;&amp; Name='Links'"
\0&lt;/a&gt;
W, 3504, 17, 2013/05/24, 07:52:40.303, 3584584384446, QTAgent32.exe, FindScreenElementInSinglePass : Attempting to find control in one pass of search. Failures can occur.
W, 3504, 17, 2013/05/24, 07:52:40.797, 3584591468109, QTAgent32.exe, &lt;a class=success&gt;Playback - {161} [SUCCESS] MouseButtonClick - "[MSAA]ControlType='MenuItem' &amp;&amp; Name='3rd Party Integration'"
\0&lt;/a&gt;
W, 3504, 17, 2013/05/24, 07:52:40.898, 3584592905548, QTAgent32.exe, FindScreenElementInSinglePass : Attempting to find control in one pass of search. Failures can occur.
W, 3504, 17, 2013/05/24, 07:52:41.346, 3584599323061, QTAgent32.exe, &lt;a class=success&gt;Playback - {162} [SUCCESS] MouseButtonClick - "[MSAA]ControlType='MenuItem' &amp;&amp; Name='Renewals Module'"
\0&lt;/a&gt;
W, 3504, 17, 2013/05/24, 07:52:41.861, 3584606700112, QTAgent32.exe, Playback - [WARNING] Internal warning: Window Not Found: [VisibleOnly]ControlType='Window' &amp;&amp; Name='Personal Lines Renewals' &amp;&amp; ClassName='ThunderRT6FormDC'
\0
E, 3504, 17, 2013/05/24, 07:52:41.861, 3584606703614, QTAgent32.exe, &lt;a class=failure&gt;Playback - {163} [FAILED] Function ElementFetcher::FindScreenElement failed to locate UI element (Searching: ;[VisibleOnly]ControlType='Window' &amp;&amp; Name='Personal Lines Renewals' &amp;&amp; ClassName='ThunderRT6FormDC') (The object specified was not found.)
\0&lt;/a&gt;
E, 3504, 17, 2013/05/24, 07:52:41.949, 3584607964061, QTAgent32.exe, Playback - [IMAGE] C:\Users\testuser\AppData\Local\Temp\UITestLogs\LastRun\RPF1AD2.png
\0
W, 3504, 17, 2013/05/24, 07:52:41.949, 3584607966293, QTAgent32.exe, Playback - [WARNING] Internal warning: Couldn't find descendants that match QueryId
\0
W, 3504, 17, 2013/05/24, 07:52:41.950, 3584607969837, QTAgent32.exe, PERF WARNING: FindTopLevelWindowHelper::FindAllDescendents: took 503 ms. Expected it to take maximum 500 ms.
W, 3504, 17, 2013/05/24, 07:52:41.984, 3584608463338, QTAgent32.exe, Playback - [WARNING] Internal warning: Window Not Found: [VisibleOnly]ControlType='Window' &amp;&amp; Name='Personal Lines Renewals' &amp;&amp; ClassName='ThunderRT6FormDC'
\0
E, 3504, 17, 2013/05/24, 07:52:41.984, 3584608465983, QTAgent32.exe, &lt;a class=failure&gt;Playback - {164} [FAILED] Function ElementFetcher::FindScreenElement failed to locate UI element (Searching: ;[VisibleOnly]ControlType='Window' &amp;&amp; Name='Personal Lines Renewals' &amp;&amp; ClassName='ThunderRT6FormDC') (The object specified was not found.)
\0&lt;/a&gt;
E, 3504, 17, 2013/05/24, 07:52:42.080, 3584609837205, QTAgent32.exe, Playback - [IMAGE] C:\Users\testuser\AppData\Local\Temp\UITestLogs\LastRun\RPF1B50.png
\0
W, 3504, 17, 2013/05/24, 07:52:42.080, 3584609839653, QTAgent32.exe, Playback - [WARNING] Internal warning: Couldn't find descendants that match QueryId
\0
W, 3504, 17, 2013/05/24, 07:52:42.375, 3584614067804, QTAgent32.exe, Playback - [WARNING] Internal warning: Window Not Found: [VisibleOnly]ControlType='Window' &amp;&amp; Name='Personal Lines Renewals' &amp;&amp; ClassName='ThunderRT6FormDC'
\0
E, 3504, 17, 2013/05/24, 07:52:42.376, 3584614071308, QTAgent32.exe, &lt;a class=failure&gt;Playback - {165} [FAILED] Function ElementFetcher::FindScreenElement failed to locate UI element (Searching: ;[VisibleOnly]ControlType='Window' &amp;&amp; Name='Personal Lines Renewals' &amp;&amp; ClassName='ThunderRT6FormDC') (The object specified was not found.)
\0&lt;/a&gt;
E, 3504, 17, 2013/05/24, 07:52:42.462, 3584615312271, QTAgent32.exe, Playback - [IMAGE] C:\Users\testuser\AppData\Local\Temp\UITestLogs\LastRun\RPF1CD7.png
\0
W, 3504, 17, 2013/05/24, 07:52:42.463, 3584615314928, QTAgent32.exe, Playback - [WARNING] Internal warning: Couldn't find descendants that match QueryId
\0
E, 3504, 17, 2013/05/24, 07:52:42.463, 3584615318774, QTAgent32.exe, Exception: System.Runtime.InteropServices.COMException
	Message: Error HRESULT E_FAIL has been returned from a call to a COM component.
	Stack Trace:    at Microsoft.VisualStudio.TestTools.UITest.Playback.Engine.IRPFPlayback.FindAllScreenElements(IScreenElement pScreenElementStart, String bstrQueryId, Object&amp; pvarResKeys, Int32 cResKeys, Int32 nMaxDepth, Object[]&amp; foundDescendants)
   at Microsoft.VisualStudio.TestTools.UITest.Playback.ScreenElement.FindTopLevelWindowHelper(String queryId)
	BaseExceptionMessage: Error HRESULT E_FAIL has been returned from a call to a COM component.

W, 3504, 17, 2013/05/24, 07:52:43.242, 3584626462966, QTAgent32.exe, Playback - [WARNING] Internal warning: Window Not Found: [VisibleOnly]ControlType='Window' &amp;&amp; Name='IETAM Renewals' &amp;&amp; ClassName='ThunderRT6FormDC'
\0
E, 3504, 17, 2013/05/24, 07:52:43.243, 3584626477677, QTAgent32.exe, &lt;a class=failure&gt;Playback - {166} [FAILED] Function ElementFetcher::FindScreenElement failed to locate UI element (Searching: ;[VisibleOnly]ControlType='Window' &amp;&amp; Name='IETAM Renewals' &amp;&amp; ClassName='ThunderRT6FormDC') (The object specified was not found.)
\0&lt;/a&gt;
E, 3504, 17, 2013/05/24, 07:52:43.330, 3584627732988, QTAgent32.exe, Playback - [IMAGE] C:\Users\testuser\AppData\Local\Temp\UITestLogs\LastRun\RPF2042.png
\0
W, 3504, 17, 2013/05/24, 07:52:43.330, 3584627735283, QTAgent32.exe, Playback - [WARNING] Internal warning: Couldn't find descendants that match QueryId
\0
W, 3504, 17, 2013/05/24, 07:52:43.331, 3584627738623, QTAgent32.exe, PERF WARNING: FindTopLevelWindowHelper::FindAllDescendents: took 850 ms. Expected it to take maximum 500 ms.
W, 3504, 17, 2013/05/24, 07:52:43.382, 3584628480251, QTAgent32.exe, Playback - [WARNING] Internal warning: Window Not Found: [VisibleOnly]ControlType='Window' &amp;&amp; Name='IETAM Renewals' &amp;&amp; ClassName='ThunderRT6FormDC'
\0
E, 3504, 17, 2013/05/24, 07:52:43.383, 3584628483242, QTAgent32.exe, &lt;a class=failure&gt;Playback - {167} [FAILED] Function ElementFetcher::FindScreenElement failed to locate UI element (Searching: ;[VisibleOnly]ControlType='Window' &amp;&amp; Name='IETAM Renewals' &amp;&amp; ClassName='ThunderRT6FormDC') (The object specified was not found.)
\0&lt;/a&gt;
E, 3504, 17, 2013/05/24, 07:52:43.469, 3584629713051, QTAgent32.exe, Playback - [IMAGE] C:\Users\testuser\AppData\Local\Temp\UITestLogs\LastRun\RPF20CF.png
\0
W, 3504, 17, 2013/05/24, 07:52:43.469, 3584629715454, QTAgent32.exe, Playback - [WARNING] Internal warning: Couldn't find descendants that match QueryId
\0
W, 3504, 17, 2013/05/24, 07:52:43.800, 3584634459722, QTAgent32.exe, Playback - [WARNING] Internal warning: Window Not Found: [VisibleOnly]ControlType='Window' &amp;&amp; Name='IETAM Renewals' &amp;&amp; ClassName='ThunderRT6FormDC'
\0
E, 3504, 17, 2013/05/24, 07:52:43.800, 3584634462942, QTAgent32.exe, &lt;a class=failure&gt;Playback - {168} [FAILED] Function ElementFetcher::FindScreenElement failed to locate UI element (Searching: ;[VisibleOnly]ControlType='Window' &amp;&amp; Name='IETAM Renewals' &amp;&amp; ClassName='ThunderRT6FormDC') (The object specified was not found.)
\0&lt;/a&gt;
E, 3504, 17, 2013/05/24, 07:52:43.879, 3584635593862, QTAgent32.exe, Playback - [IMAGE] C:\Users\testuser\AppData\Local\Temp\UITestLogs\LastRun\RPF2266.png
\0
W, 3504, 17, 2013/05/24, 07:52:43.879, 3584635596121, QTAgent32.exe, Playback - [WARNING] Internal warning: Couldn't find descendants that match QueryId
\0
E, 3504, 17, 2013/05/24, 07:52:43.880, 3584635600039, QTAgent32.exe, Exception: System.Runtime.InteropServices.COMException
	Message: Error HRESULT E_FAIL has been returned from a call to a COM component.
	Stack Trace:    at Microsoft.VisualStudio.TestTools.UITest.Playback.Engine.IRPFPlayback.FindAllScreenElements(IScreenElement pScreenElementStart, String bstrQueryId, Object&amp; pvarResKeys, Int32 cResKeys, Int32 nMaxDepth, Object[]&amp; foundDescendants)
   at Microsoft.VisualStudio.TestTools.UITest.Playback.ScreenElement.FindTopLevelWindowHelper(String queryId)
	BaseExceptionMessage: Error HRESULT E_FAIL has been returned from a call to a COM component.

W, 3504, 17, 2013/05/24, 07:52:44.855, 3584649568958, QTAgent32.exe, &lt;a class=success&gt;Playback - {169} [SUCCESS] SetValueAsEditBox "1" - "[MSAA, VisibleOnly]ControlType='Edit'"  &lt; Set via SendKeys &gt;
\0&lt;/a&gt;
W, 3504, 17, 2013/05/24, 07:52:45.544, 3584659434693, QTAgent32.exe, &lt;a class=success&gt;Playback - {170} [SUCCESS] MouseButtonClick - "[MSAA, VisibleOnly]ControlType='Button' &amp;&amp; Name='Ok'"
\0&lt;/a&gt;
W, 3504, 17, 2013/05/24, 07:52:45.941, 3584665119351, QTAgent32.exe, Playback - [WARNING] Internal warning: Window Not Found: [VisibleOnly]ControlType='Window' &amp;&amp; Name='Confirm' &amp;&amp; ClassName='#32770'
\0
E, 3504, 17, 2013/05/24, 07:52:45.941, 3584665122433, QTAgent32.exe, &lt;a class=failure&gt;Playback - {171} [FAILED] Function ElementFetcher::FindScreenElement failed to locate UI element (Searching: ;[VisibleOnly]ControlType='Window' &amp;&amp; Name='Confirm' &amp;&amp; ClassName='#32770') (The object specified was not found.)
\0&lt;/a&gt;
E, 3504, 17, 2013/05/24, 07:52:46.036, 3584666475547, QTAgent32.exe, Playback - [IMAGE] C:\Users\testuser\AppData\Local\Temp\UITestLogs\LastRun\RPF2ACF.png
\0
W, 3504, 17, 2013/05/24, 07:52:46.036, 3584666477968, QTAgent32.exe, Playback - [WARNING] Internal warning: Couldn't find descendants that match QueryId
\0
W, 3504, 17, 2013/05/24, 07:53:04.123, 3584925454493, QTAgent32.exe, Playback - [WARNING] Internal warning: Window Not Found: [VisibleOnly]ControlType='Window' &amp;&amp; Name='Confirm' &amp;&amp; ClassName='#32770'
\0
E, 3504, 17, 2013/05/24, 07:53:04.124, 3584925458372, QTAgent32.exe, &lt;a class=failure&gt;Playback - {172} [FAILED] Function ElementFetcher::FindScreenElement failed to locate UI element (Searching: ;[VisibleOnly]ControlType='Window' &amp;&amp; Name='Confirm' &amp;&amp; ClassName='#32770') (The object specified was not found.)
\0&lt;/a&gt;
E, 3504, 17, 2013/05/24, 07:53:04.245, 3584927203841, QTAgent32.exe, Playback - [IMAGE] C:\Users\testuser\AppData\Local\Temp\UITestLogs\LastRun\RPF71CF.png
\0
W, 3504, 17, 2013/05/24, 07:53:04.246, 3584927206173, QTAgent32.exe, Playback - [WARNING] Internal warning: Couldn't find descendants that match QueryId
\0
W, 3504, 17, 2013/05/24, 07:53:04.246, 3584927209632, QTAgent32.exe, PERF WARNING: FindTopLevelWindowHelper::FindAllDescendents: took 18209 ms. Expected it to take maximum 500 ms.
W, 3504, 17, 2013/05/24, 07:53:04.749, 3584934408990, QTAgent32.exe, Playback - [WARNING] Internal warning: Smart Match failed
\0
W, 3504, 17, 2013/05/24, 07:53:04.969, 3584937568331, QTAgent32.exe, Playback - [WARNING] Internal warning: Smart Match failed
\0
W, 3504, 17, 2013/05/24, 07:53:05.186, 3584940674030, QTAgent32.exe, Playback - [WARNING] Internal warning: Smart Match failed
\0
W, 3504, 17, 2013/05/24, 07:53:05.401, 3584943750092, QTAgent32.exe, Playback - [WARNING] Internal warning: Smart Match failed
\0
W, 3504, 17, 2013/05/24, 07:53:05.622, 3584946919289, QTAgent32.exe, Playback - [WARNING] Internal warning: Smart Match failed
\0
W, 3504, 17, 2013/05/24, 07:53:05.838, 3584950007533, QTAgent32.exe, Playback - [WARNING] Internal warning: Smart Match failed
\0
W, 3504, 17, 2013/05/24, 07:53:06.051, 3584953064528, QTAgent32.exe, Playback - [WARNING] Internal warning: Smart Match failed
\0
W, 3504, 17, 2013/05/24, 07:53:06.266, 3584956135989, QTAgent32.exe, Playback - [WARNING] Internal warning: Smart Match failed
\0
W, 3504, 17, 2013/05/24, 07:53:06.480, 3584959208448, QTAgent32.exe, Playback - [WARNING] Internal warning: Smart Match failed
\0
W, 3504, 17, 2013/05/24, 07:53:06.696, 3584962291570, QTAgent32.exe, Playback - [WARNING] Internal warning: Smart Match failed
\0
W, 3504, 17, 2013/05/24, 07:53:06.911, 3584965371211, QTAgent32.exe, Playback - [WARNING] Internal warning: Smart Match failed
\0
W, 3504, 17, 2013/05/24, 07:53:07.129, 3584968489074, QTAgent32.exe, Playback - [WARNING] Internal warning: Smart Match failed
\0
W, 3504, 17, 2013/05/24, 07:53:07.345, 3584971584355, QTAgent32.exe, Playback - [WARNING] Internal warning: Smart Match failed
\0
W, 3504, 17, 2013/05/24, 07:53:07.445, 3584973014236, QTAgent32.exe, Playback - [WARNING] Internal warning: Window Not Found: [VisibleOnly]ControlType='Window' &amp;&amp; Name='Confirm' &amp;&amp; ClassName='#32770'
\0
E, 3504, 17, 2013/05/24, 07:53:07.445, 3584973016974, QTAgent32.exe, &lt;a class=failure&gt;Playback - {173} [FAILED] Function ElementFetcher::FindScreenElement failed to locate UI element (Searching: ;[VisibleOnly]ControlType='Window' &amp;&amp; Name='Confirm' &amp;&amp; ClassName='#32770') (The object specified was not found.)
\0&lt;/a&gt;
E, 3504, 17, 2013/05/24, 07:53:07.533, 3584974267087, QTAgent32.exe, Playback - [IMAGE] C:\Users\testuser\AppData\Local\Temp\UITestLogs\LastRun\RPF7ECA.png
\0
W, 3504, 17, 2013/05/24, 07:53:07.533, 3584974269300, QTAgent32.exe, Playback - [WARNING] Internal warning: Couldn't find descendants that match QueryId
\0
W, 3504, 17, 2013/05/24, 07:53:07.533, 3584974272236, QTAgent32.exe, PERF WARNING: FindTopLevelWindowHelper::FindAllDescendents: took 3286 ms. Expected it to take maximum 500 ms.
E, 3504, 17, 2013/05/24, 07:53:07.533, 3584974274290, QTAgent32.exe, Exception: System.Runtime.InteropServices.COMException
	Message: Error HRESULT E_FAIL has been returned from a call to a COM component.
	Stack Trace:    at Microsoft.VisualStudio.TestTools.UITest.Playback.Engine.IRPFPlayback.FindAllScreenElements(IScreenElement pScreenElementStart, String bstrQueryId, Object&amp; pvarResKeys, Int32 cResKeys, Int32 nMaxDepth, Object[]&amp; foundDescendants)
   at Microsoft.VisualStudio.TestTools.UITest.Playback.ScreenElement.FindTopLevelWindowHelper(String queryId)
	BaseExceptionMessage: Error HRESULT E_FAIL has been returned from a call to a COM component.

E, 3504, 17, 2013/05/24, 07:53:07.634, 3584975717983, QTAgent32.exe, AL: Playback Error: Microsoft.VisualStudio.TestTools.UITest.Extension.UITestControlNotFoundException: The playback failed to find the control with the given search properties. Additional Details: 
TechnologyName:  'MSAA'
ControlType:  'Window'
Name:  'Confirm'
ClassName:  '#32770'
 ---&gt; System.Runtime.InteropServices.COMException: Error HRESULT E_FAIL has been returned from a call to a COM component.
   at Microsoft.VisualStudio.TestTools.UITest.Playback.Engine.IRPFPlayback.FindAllScreenElements(IScreenElement pScreenElementStart, String bstrQueryId, Object&amp; pvarResKeys, Int32 cResKeys, Int32 nMaxDepth, Object[]&amp; foundDescendants)
   at Microsoft.VisualStudio.TestTools.UITest.Playback.ScreenElement.FindTopLevelWindowHelper(String queryId)
   at Microsoft.VisualStudio.TestTools.UITest.Playback.ScreenElement.FindFromPartialQueryId(String queryId)
   at Microsoft.VisualStudio.TestTools.UITesting.UITestControl..ctor(String queryId)
   --- End of inner exception stack trace ---
   at Microsoft.VisualStudio.TestTools.UITesting.Playback.MapControlNotFoundException(COMException ex, IPlaybackContext context)
   at Microsoft.VisualStudio.TestTools.UITesting.Playback.MapAndThrowComException(COMException innerException, IPlaybackContext context)
   at Microsoft.VisualStudio.TestTools.UITesting.Playback.MapAndThrowException(SystemException exception, IPlaybackContext context)
   at Microsoft.VisualStudio.TestTools.UITesting.Playback.MapAndThrowException(SystemException exception, String queryId)
   at Microsoft.VisualStudio.TestTools.UITesting.UITestControl..ctor(String queryId)
   at Microsoft.VisualStudio.TestTools.UITesting.SearchHelper.SearchTopLevelWindow(ISearchArgument topLevelSearchArg, String topLevelElementQueryId)
   at Microsoft.VisualStudio.TestTools.UITesting.SearchHelper.GetTitleUpdatedTopLevelWindow(ISearchArgument topLevelSearchArg, String queryId, IList`1 windowTitles)
   at Microsoft.VisualStudio.TestTools.UITesting.SearchHelper.GetTopLevelElement(Boolean useCache, Boolean useCacheOnly, ISearchArgument searchArg, IList`1 windowTitles, Int32&amp; timeLeft)
   at Microsoft.VisualStudio.TestTools.UITesting.SearchHelper.GetElement(Boolean useCache, ISearchArgument searchArg)
   at Microsoft.VisualStudio.TestTools.UITesting.SearchHelper.Search(ISearchArgument searchArg)
   at Microsoft.VisualStudio.TestTools.UITesting.UITestControl.FindInternal()
   at Microsoft.VisualStudio.TestTools.UITesting.UITestControl.FindControlIfNecessary()
   at Microsoft.VisualStudio.TestTools.UITesting.UITestControl.Click(MouseButtons button, ModifierKeys modifierKeys, Point relativeCoordinates)
   at Microsoft.VisualStudio.TestTools.UITesting.Mouse.ClickImplementation(UITestControl control, MouseButtons button, ModifierKeys modifierKeys, Point relativeCoordinate)
   at Microsoft.VisualStudio.TestTools.UITesting.Mouse.ClickImplementationWrapper(UITestControl control, MouseButtons button, ModifierKeys modifierKeys, Point relativeCoordinate)
W, 3504, 17, 2013/05/24, 07:53:07.634, 3584975721324, QTAgent32.exe, PlaybackErrorHandler: Ignoring exception as ContinueOnError is set.
W, 3504, 17, 2013/05/24, 07:53:08.123, 3584982724208, QTAgent32.exe, &lt;a class=success&gt;Playback - {174} [SUCCESS] MouseButtonClick - "[MSAA, VisibleOnly]ControlType='Button' &amp;&amp; Name='OK'"
\0&lt;/a&gt;
W, 3504, 17, 2013/05/24, 07:53:12.320, 3585042816920, QTAgent32.exe, PERF WARNING: FindTopLevelWindowHelper::FindAllDescendents: took 4095 ms. Expected it to take maximum 500 ms.
W, 3504, 17, 2013/05/24, 07:53:12.638, 3585047372208, QTAgent32.exe, &lt;a class=success&gt;Playback - {175} [SUCCESS] MouseButtonClick - "[MSAA, VisibleOnly]ControlType='Button' &amp;&amp; Name='Exit'"
\0&lt;/a&gt;
W, 3504, 17, 2013/05/24, 07:53:12.891, 3585050996600, QTAgent32.exe, &lt;a class=success&gt;Playback - {176} [SUCCESS] MouseButtonClick - "[MSAA, VisibleOnly]ControlType='Button' &amp;&amp; Name='EDI Match...'"
\0&lt;/a&gt;
W, 3504, 17, 2013/05/24, 07:53:13.133, 3585054454445, QTAgent32.exe, &lt;a class=success&gt;Playback - {177} [SUCCESS] MouseButtonClick - "[MSAA, VisibleOnly]ControlType='Button' &amp;&amp; Name='Ok'"
\0&lt;/a&gt;
W, 3504, 17, 2013/05/24, 07:53:14.846, 3585078977601, QTAgent32.exe, PERF WARNING: FindTopLevelWindowHelper::FindAllDescendents: took 1612 ms. Expected it to take maximum 500 ms.
W, 3504, 17, 2013/05/24, 07:53:14.977, 3585080860673, QTAgent32.exe, &lt;a class=success&gt;Playback - {178} [SUCCESS] MouseButtonClick - "[MSAA, VisibleOnly]ControlType='Button' &amp;&amp; Name='OK'"
\0&lt;/a&gt;
W, 3504, 17, 2013/05/24, 07:53:15.221, 3585084354948, QTAgent32.exe, &lt;a class=success&gt;Playback - {179} [SUCCESS] MouseButtonClick - "[MSAA, VisibleOnly]ControlType='Button' &amp;&amp; Name='Log and Clear'"
\0&lt;/a&gt;
E, 3504, 17, 2013/05/24, 07:53:15.321, 3585085787246, QTAgent32.exe, GetClassName for handle 2164618 failed
W, 3504, 17, 2013/05/24, 07:53:15.459, 3585087756624, QTAgent32.exe, &lt;a class=success&gt;Playback - {180} [SUCCESS] MouseButtonClick - "[MSAA, VisibleOnly]ControlType='Button' &amp;&amp; Name='OK'"
\0&lt;/a&gt;
W, 3504, 17, 2013/05/24, 07:53:15.708, 3585091321550, QTAgent32.exe, &lt;a class=success&gt;Playback - {181} [SUCCESS] MouseButtonClick - "[MSAA, VisibleOnly]ControlType='Button' &amp;&amp; Name='Filter...'"
\0&lt;/a&gt;
W, 3504, 17, 2013/05/24, 07:53:16.296, 3585099747621, QTAgent32.exe, &lt;a class=success&gt;Playback - {182} [SUCCESS] SendKeys "^{HOME}" - "[MSAA, VisibleOnly]ControlType='Edit'"
\0&lt;/a&gt;
E, 3504, 17, 2013/05/24, 07:53:16.296, 3585099751070, QTAgent32.exe, Msaa.GetFocusedElement: could not find accessible object of foreground window
W, 3504, 17, 2013/05/24, 07:53:16.353, 3585100556659, QTAgent32.exe, &lt;a class=success&gt;Playback - {183} [SUCCESS] SendKeys "^+{END}" - "[MSAA, VisibleOnly]ControlType='Edit'"
\0&lt;/a&gt;
E, 3504, 17, 2013/05/24, 07:53:16.353, 3585100560257, QTAgent32.exe, Msaa.GetFocusedElement: could not find accessible object of foreground window
W, 3504, 17, 2013/05/24, 07:53:16.370, 3585100801632, QTAgent32.exe, &lt;a class=success&gt;Playback - {184} [SUCCESS] SendKeys "{DELETE}" - "[MSAA, VisibleOnly]ControlType='Edit'"
\0&lt;/a&gt;
W, 3504, 17, 2013/05/24, 07:53:16.970, 3585109398752, QTAgent32.exe, &lt;a class=success&gt;Playback - {185} [SUCCESS] SetValueAsEditBox "31/05/13" - "[MSAA, VisibleOnly]ControlType='Edit'"  &lt; Set via SendKeys &gt;
\0&lt;/a&gt;
W, 3504, 17, 2013/05/24, 07:53:17.546, 3585117647545, QTAgent32.exe, &lt;a class=success&gt;Playback - {186} [SUCCESS] SendKeys "^{HOME}" - "[MSAA, VisibleOnly]ControlType='Edit'"
\0&lt;/a&gt;
E, 3504, 17, 2013/05/24, 07:53:17.546, 3585117650601, QTAgent32.exe, Msaa.GetFocusedElement: could not find accessible object of foreground window
W, 3504, 17, 2013/05/24, 07:53:17.615, 3585118635527, QTAgent32.exe, &lt;a class=success&gt;Playback - {187} [SUCCESS] SendKeys "^+{END}" - "[MSAA, VisibleOnly]ControlType='Edit'"
\0&lt;/a&gt;
E, 3504, 17, 2013/05/24, 07:53:17.615, 3585118638533, QTAgent32.exe, Msaa.GetFocusedElement: could not find accessible object of foreground window
W, 3504, 17, 2013/05/24, 07:53:17.630, 3585118845206, QTAgent32.exe, &lt;a class=success&gt;Playback - {188} [SUCCESS] SendKeys "{DELETE}" - "[MSAA, VisibleOnly]ControlType='Edit'"
\0&lt;/a&gt;
W, 3504, 17, 2013/05/24, 07:53:18.228, 3585127406630, QTAgent32.exe, &lt;a class=success&gt;Playback - {189} [SUCCESS] SetValueAsEditBox "31/05/13" - "[MSAA, VisibleOnly]ControlType='Edit'"  &lt; Set via SendKeys &gt;
\0&lt;/a&gt;
W, 3504, 17, 2013/05/24, 07:53:19.326, 3585143124962, QTAgent32.exe, Playback - [WARNING] Internal warning: Incorrect flag set for InvokeProgrammaticAction\0
W, 3504, 17, 2013/05/24, 07:53:19.446, 3585144848830, QTAgent32.exe, &lt;a class=success&gt;Playback - {190} [SUCCESS] SetValueAsComboBox "Motor" - "[MSAA, VisibleOnly]ControlType='ComboBox'"  &lt; SetValueAsComboBox, set by clicking on the item in the list box &gt;
\0&lt;/a&gt;
W, 3504, 17, 2013/05/24, 07:53:19.675, 3585148127265, QTAgent32.exe, &lt;a class=success&gt;Playback - {191} [SUCCESS] MouseButtonClick - "[MSAA, VisibleOnly]ControlType='Button' &amp;&amp; Name='Ok'"
\0&lt;/a&gt;
W, 3504, 17, 2013/05/24, 07:53:21.299, 3585171380532, QTAgent32.exe, &lt;a class=success&gt;Playback - {192} [SUCCESS] MouseButtonClick - "[MSAA, VisibleOnly]ControlType='Client'"
\0&lt;/a&gt;
W, 3504, 17, 2013/05/24, 07:53:21.834, 3585179038928, QTAgent32.exe, &lt;a class=success&gt;Playback - {193} [SUCCESS] SendKeys "{End}" - "[MSAA, VisibleOnly]ControlType='Client'"
\0&lt;/a&gt;
W, 3504, 17, 2013/05/24, 07:53:22.093, 3585182754743, QTAgent32.exe, &lt;a class=success&gt;Playback - {194} [SUCCESS] MouseButtonClick - "[MSAA, VisibleOnly]ControlType='Button' &amp;&amp; Name='Display Record...'"
\0&lt;/a&gt;
W, 3504, 17, 2013/05/24, 07:53:22.475, 3585188220229, QTAgent32.exe, Playback - [WARNING] Internal warning: Window Not Found: [VisibleOnly]ControlType='Window' &amp;&amp; Name='AUTO208-1001' &amp;&amp; ClassName='ThunderRT6FormDC'
\0
E, 3504, 17, 2013/05/24, 07:53:22.476, 3585188223724, QTAgent32.exe, &lt;a class=failure&gt;Playback - {195} [FAILED] Function ElementFetcher::FindScreenElement failed to locate UI element (Searching: ;[VisibleOnly]ControlType='Window' &amp;&amp; Name='AUTO208-1001' &amp;&amp; ClassName='ThunderRT6FormDC') (The object specified was not found.)
\0&lt;/a&gt;
E, 3504, 17, 2013/05/24, 07:53:22.568, 3585189542218, QTAgent32.exe, Playback - [IMAGE] C:\Users\testuser\AppData\Local\Temp\UITestLogs\LastRun\RPFB97A.png
\0
W, 3504, 17, 2013/05/24, 07:53:22.568, 3585189544659, QTAgent32.exe, Playback - [WARNING] Internal warning: Couldn't find descendants that match QueryId
\0
W, 3504, 17, 2013/05/24, 07:53:40.653, 3585448500861, QTAgent32.exe, Playback - [WARNING] Internal warning: Window Not Found: [VisibleOnly]ControlType='Window' &amp;&amp; Name='AUTO208-1001' &amp;&amp; ClassName='ThunderRT6FormDC'
\0
E, 3504, 17, 2013/05/24, 07:53:40.654, 3585448508113, QTAgent32.exe, &lt;a class=failure&gt;Playback - {196} [FAILED] Function ElementFetcher::FindScreenElement failed to locate UI element (Searching: ;[VisibleOnly]ControlType='Window' &amp;&amp; Name='AUTO208-1001' &amp;&amp; ClassName='ThunderRT6FormDC') (The object specified was not found.)
\0&lt;/a&gt;
E, 3504, 17, 2013/05/24, 07:53:40.734, 3585449651884, QTAgent32.exe, Playback - [IMAGE] C:\Users\testuser\AppData\Local\Temp\UITestLogs\LastRun\RPF89.png
\0
W, 3504, 17, 2013/05/24, 07:53:40.734, 3585449654301, QTAgent32.exe, Playback - [WARNING] Internal warning: Couldn't find descendants that match QueryId
\0
W, 3504, 17, 2013/05/24, 07:53:40.735, 3585449662744, QTAgent32.exe, PERF WARNING: FindTopLevelWindowHelper::FindAllDescendents: took 18166 ms. Expected it to take maximum 500 ms.
W, 3504, 17, 2013/05/24, 07:53:41.357, 3585458578536, QTAgent32.exe, Playback - [WARNING] Internal warning: Window with Class "ThunderRT6FormDC" and Title "AUTO208-1001" was not found, so similar window with Class "ThunderRT6FormDC" and Title "AUTO213-1001" was accepted
\0
W, 3504, 17, 2013/05/24, 07:53:41.358, 3585458583626, QTAgent32.exe, PERF WARNING: FindTopLevelWindowHelper::FindAllDescendents: took 622 ms. Expected it to take maximum 500 ms.
W, 3504, 17, 2013/05/24, 07:53:41.503, 3585460670756, QTAgent32.exe, &lt;a class=success&gt;Playback - {197} [SUCCESS] MouseButtonClick - "[MSAA, VisibleOnly]ControlType='Button' &amp;&amp; Name='Rebroke...'"
\0&lt;/a&gt;
W, 3504, 17, 2013/05/24, 07:53:41.884, 3585466129284, QTAgent32.exe, Playback - [WARNING] Internal warning: Window Not Found: [VisibleOnly]ControlType='Window' &amp;&amp; Name='Quote Select List' &amp;&amp; ClassName='ThunderRT6FormDC'
\0
E, 3504, 17, 2013/05/24, 07:53:41.885, 3585466132512, QTAgent32.exe, &lt;a class=failure&gt;Playback - {198} [FAILED] Function ElementFetcher::FindScreenElement failed to locate UI element (Searching: ;[VisibleOnly]ControlType='Window' &amp;&amp; Name='Quote Select List' &amp;&amp; ClassName='ThunderRT6FormDC') (The object specified was not found.)
\0&lt;/a&gt;
E, 3504, 17, 2013/05/24, 07:53:41.962, 3585467238222, QTAgent32.exe, Playback - [IMAGE] C:\Users\testuser\AppData\Local\Temp\UITestLogs\LastRun\RPF55A.png
\0
W, 3504, 17, 2013/05/24, 07:53:41.963, 3585467240664, QTAgent32.exe, Playback - [WARNING] Internal warning: Couldn't find descendants that match QueryId
\0
W, 3504, 17, 2013/05/24, 07:54:00.078, 3585726624211, QTAgent32.exe, Playback - [WARNING] Internal warning: Window Not Found: [VisibleOnly]ControlType='Window' &amp;&amp; Name='Quote Select List' &amp;&amp; ClassName='ThunderRT6FormDC'
\0
E, 3504, 17, 2013/05/24, 07:54:00.078, 3585726629324, QTAgent32.exe, &lt;a class=failure&gt;Playback - {199} [FAILED] Function ElementFetcher::FindScreenElement failed to locate UI element (Searching: ;[VisibleOnly]ControlType='Window' &amp;&amp; Name='Quote Select List' &amp;&amp; ClassName='ThunderRT6FormDC') (The object specified was not found.)
\0&lt;/a&gt;
E, 3504, 17, 2013/05/24, 07:54:00.159, 3585727788348, QTAgent32.exe, Playback - [IMAGE] C:\Users\testuser\AppData\Local\Temp\UITestLogs\LastRun\RPF4C69.png
\0
W, 3504, 17, 2013/05/24, 07:54:00.159, 3585727790858, QTAgent32.exe, Playback - [WARNING] Internal warning: Couldn't find descendants that match QueryId
\0
W, 3504, 17, 2013/05/24, 07:54:00.160, 3585727796621, QTAgent32.exe, PERF WARNING: FindTopLevelWindowHelper::FindAllDescendents: took 18197 ms. Expected it to take maximum 500 ms.
W, 3504, 17, 2013/05/24, 07:54:00.668, 3585735071874, QTAgent32.exe, Playback - [WARNING] Internal warning: Smart Match failed
\0
W, 3504, 17, 2013/05/24, 07:54:00.898, 3585738366921, QTAgent32.exe, Playback - [WARNING] Internal warning: Smart Match failed
\0
W, 3504, 17, 2013/05/24, 07:54:01.130, 3585741687273, QTAgent32.exe, Playback - [WARNING] Internal warning: Smart Match failed
\0
W, 3504, 17, 2013/05/24, 07:54:01.356, 3585744930729, QTAgent32.exe, Playback - [WARNING] Internal warning: Smart Match failed
\0
W, 3504, 17, 2013/05/24, 07:54:01.590, 3585748283378, QTAgent32.exe, Playback - [WARNING] Internal warning: Smart Match failed
\0
W, 3504, 17, 2013/05/24, 07:54:01.818, 3585751528823, QTAgent32.exe, Playback - [WARNING] Internal warning: Smart Match failed
\0
W, 3504, 17, 2013/05/24, 07:54:02.045, 3585754783021, QTAgent32.exe, Playback - [WARNING] Internal warning: Smart Match failed
\0
W, 3504, 17, 2013/05/24, 07:54:02.270, 3585758013672, QTAgent32.exe, Playback - [WARNING] Internal warning: Smart Match failed
\0
W, 3504, 17, 2013/05/24, 07:54:02.497, 3585761256943, QTAgent32.exe, Playback - [WARNING] Internal warning: Smart Match failed
\0
W, 3504, 17, 2013/05/24, 07:54:02.723, 3585764490398, QTAgent32.exe, Playback - [WARNING] Internal warning: Smart Match failed
\0
W, 3504, 17, 2013/05/24, 07:54:02.948, 3585767712156, QTAgent32.exe, Playback - [WARNING] Internal warning: Smart Match failed
\0
W, 3504, 17, 2013/05/24, 07:54:03.180, 3585771040375, QTAgent32.exe, Playback - [WARNING] Internal warning: Smart Match failed
\0
W, 3504, 17, 2013/05/24, 07:54:03.293, 3585772657546, QTAgent32.exe, Playback - [WARNING] Internal warning: Window Not Found: [VisibleOnly]ControlType='Window' &amp;&amp; Name='Quote Select List' &amp;&amp; ClassName='ThunderRT6FormDC'
\0
E, 3504, 17, 2013/05/24, 07:54:03.293, 3585772660297, QTAgent32.exe, &lt;a class=failure&gt;Playback - {200} [FAILED] Function ElementFetcher::FindScreenElement failed to locate UI element (Searching: ;[VisibleOnly]ControlType='Window' &amp;&amp; Name='Quote Select List' &amp;&amp; ClassName='ThunderRT6FormDC') (The object specified was not found.)
\0&lt;/a&gt;
E, 3504, 17, 2013/05/24, 07:54:03.371, 3585773767893, QTAgent32.exe, Playback - [IMAGE] C:\Users\testuser\AppData\Local\Temp\UITestLogs\LastRun\RPF58F8.png
\0
W, 3504, 17, 2013/05/24, 07:54:03.371, 3585773770080, QTAgent32.exe, Playback - [WARNING] Internal warning: Couldn't find descendants that match QueryId
\0
W, 3504, 17, 2013/05/24, 07:54:03.371, 3585773773144, QTAgent32.exe, PERF WARNING: FindTopLevelWindowHelper::FindAllDescendents: took 3210 ms. Expected it to take maximum 500 ms.
E, 3504, 17, 2013/05/24, 07:54:03.371, 3585773775297, QTAgent32.exe, Exception: System.Runtime.InteropServices.COMException
	Message: Error HRESULT E_FAIL has been returned from a call to a COM component.
	Stack Trace:    at Microsoft.VisualStudio.TestTools.UITest.Playback.Engine.IRPFPlayback.FindAllScreenElements(IScreenElement pScreenElementStart, String bstrQueryId, Object&amp; pvarResKeys, Int32 cResKeys, Int32 nMaxDepth, Object[]&amp; foundDescendants)
   at Microsoft.VisualStudio.TestTools.UITest.Playback.ScreenElement.FindTopLevelWindowHelper(String queryId)
	BaseExceptionMessage: Error HRESULT E_FAIL has been returned from a call to a COM component.

E, 3504, 17, 2013/05/24, 07:54:03.472, 3585775224922, QTAgent32.exe, AL: Playback Error: Microsoft.VisualStudio.TestTools.UITest.Extension.UITestControlNotFoundException: The playback failed to find the control with the given search properties. Additional Details: 
TechnologyName:  'MSAA'
ControlType:  'Window'
Name:  'Quote Select List'
ClassName:  'ThunderRT6FormDC'
 ---&gt; System.Runtime.InteropServices.COMException: Error HRESULT E_FAIL has been returned from a call to a COM component.
   at Microsoft.VisualStudio.TestTools.UITest.Playback.Engine.IRPFPlayback.FindAllScreenElements(IScreenElement pScreenElementStart, String bstrQueryId, Object&amp; pvarResKeys, Int32 cResKeys, Int32 nMaxDepth, Object[]&amp; foundDescendants)
   at Microsoft.VisualStudio.TestTools.UITest.Playback.ScreenElement.FindTopLevelWindowHelper(String queryId)
   at Microsoft.VisualStudio.TestTools.UITest.Playback.ScreenElement.FindFromPartialQueryId(String queryId)
   at Microsoft.VisualStudio.TestTools.UITesting.UITestControl..ctor(String queryId)
   --- End of inner exception stack trace ---
   at Microsoft.VisualStudio.TestTools.UITesting.Playback.MapControlNotFoundException(COMException ex, IPlaybackContext context)
   at Microsoft.VisualStudio.TestTools.UITesting.Playback.MapAndThrowComException(COMException innerException, IPlaybackContext context)
   at Microsoft.VisualStudio.TestTools.UITesting.Playback.MapAndThrowException(SystemException exception, IPlaybackContext context)
   at Microsoft.VisualStudio.TestTools.UITesting.Playback.MapAndThrowException(SystemException exception, String queryId)
   at Microsoft.VisualStudio.TestTools.UITesting.UITestControl..ctor(String queryId)
   at Microsoft.VisualStudio.TestTools.UITesting.SearchHelper.SearchTopLevelWindow(ISearchArgument topLevelSearchArg, String topLevelElementQueryId)
   at Microsoft.VisualStudio.TestTools.UITesting.SearchHelper.GetTitleUpdatedTopLevelWindow(ISearchArgument topLevelSearchArg, String queryId, IList`1 windowTitles)
   at Microsoft.VisualStudio.TestTools.UITesting.SearchHelper.GetTopLevelElement(Boolean useCache, Boolean useCacheOnly, ISearchArgument searchArg, IList`1 windowTitles, Int32&amp; timeLeft)
   at Microsoft.VisualStudio.TestTools.UITesting.SearchHelper.GetElement(Boolean useCache, ISearchArgument searchArg)
   at Microsoft.VisualStudio.TestTools.UITesting.SearchHelper.Search(ISearchArgument searchArg)
   at Microsoft.VisualStudio.TestTools.UITesting.UITestControl.FindInternal()
   at Microsoft.VisualStudio.TestTools.UITesting.UITestControl.FindControlIfNecessary()
   at Microsoft.VisualStudio.TestTools.UITesting.UITestControl.Click(MouseButtons button, ModifierKeys modifierKeys, Point relativeCoordinates)
   at Microsoft.VisualStudio.TestTools.UITesting.Mouse.ClickImplementation(UITestControl control, MouseButtons button, ModifierKeys modifierKeys, Point relativeCoordinate)
   at Microsoft.VisualStudio.TestTools.UITesting.Mouse.ClickImplementationWrapper(UITestControl control, MouseButtons button, ModifierKeys modifierKeys, Point relativeCoordinate)
W, 3504, 17, 2013/05/24, 07:54:03.473, 3585775228240, QTAgent32.exe, PlaybackErrorHandler: Ignoring exception as ContinueOnError is set.
W, 3504, 17, 2013/05/24, 07:54:03.609, 3585777185086, QTAgent32.exe, &lt;a class=success&gt;Playback - {201} [SUCCESS] MouseButtonClick - "[MSAA, VisibleOnly]ControlType='Button' &amp;&amp; Name='No'"
\0&lt;/a&gt;
W, 3504, 17, 2013/05/24, 07:54:03.845, 3585780557341, QTAgent32.exe, &lt;a class=success&gt;Playback - {202} [SUCCESS] MouseButtonClick - "[MSAA, VisibleOnly]ControlType='Button' &amp;&amp; Name='Ok'"
\0&lt;/a&gt;
W, 3504, 17, 2013/05/24, 07:54:07.099, 3585827146499, QTAgent32.exe, PERF WARNING: FindTopLevelWindowHelper::FindAllDescendents: took 3151 ms. Expected it to take maximum 500 ms.
W, 3504, 17, 2013/05/24, 07:54:07.237, 3585829132371, QTAgent32.exe, &lt;a class=success&gt;Playback - {203} [SUCCESS] MouseButtonClick - "[MSAA, VisibleOnly]ControlType='Client'"
\0&lt;/a&gt;
W, 3504, 17, 2013/05/24, 07:54:08.370, 3585845346873, QTAgent32.exe, &lt;a class=success&gt;Playback - {204} [SUCCESS] SendKeys "{Home}" - "[MSAA, VisibleOnly]ControlType='Client'"
\0&lt;/a&gt;
W, 3504, 17, 2013/05/24, 07:54:10.256, 3585872354285, QTAgent32.exe, Msaa.MsaaElement() took more time. Total time taken 295 ms for element 5899076_0_[MSAA]ControlType='Group' &amp;&amp; ClassName='ThunderRT6Frame'
W, 3504, 17, 2013/05/24, 07:54:10.259, 3585872390983, QTAgent32.exe, PERF WARNING: CacheQueryId: took 308 ms. Expected it to take maximum 100 ms.
W, 3504, 17, 2013/05/24, 07:54:10.301, 3585872992696, QTAgent32.exe, AL : Mouse click on disabled control: button=Left, modifiers=None, relativeCoordinates={X=56,Y=13}
W, 3504, 17, 2013/05/24, 07:54:10.420, 3585874696495, QTAgent32.exe, &lt;a class=success&gt;Playback - {205} [SUCCESS] MouseButtonClick - "[MSAA, VisibleOnly]ControlType='Button' &amp;&amp; Name='Select Alternative'"
\0&lt;/a&gt;
W, 3504, 17, 2013/05/24, 07:54:10.670, 3585878275701, QTAgent32.exe, &lt;a class=success&gt;Playback - {206} [SUCCESS] MouseButtonClick - "[MSAA, VisibleOnly]ControlType='Button' &amp;&amp; Name='OK'"
\0&lt;/a&gt;
W, 3504, 17, 2013/05/24, 07:54:11.044, 3585883631089, QTAgent32.exe, Playback - [WARNING] Internal warning: Window Not Found: [VisibleOnly]ControlType='Window' &amp;&amp; Name='Personal Lines' &amp;&amp; ClassName='#32770'
\0
E, 3504, 17, 2013/05/24, 07:54:11.044, 3585883633916, QTAgent32.exe, &lt;a class=failure&gt;Playback - {207} [FAILED] Function ElementFetcher::FindScreenElement failed to locate UI element (Searching: ;[VisibleOnly]ControlType='Window' &amp;&amp; Name='Personal Lines' &amp;&amp; ClassName='#32770') (The object specified was not found.)
\0&lt;/a&gt;
E, 3504, 17, 2013/05/24, 07:54:11.124, 3585884776165, QTAgent32.exe, Playback - [IMAGE] C:\Users\testuser\AppData\Local\Temp\UITestLogs\LastRun\RPF7742.png
\0
W, 3504, 17, 2013/05/24, 07:54:11.124, 3585884778391, QTAgent32.exe, Playback - [WARNING] Internal warning: Couldn't find descendants that match QueryId
\0
W, 3504, 17, 2013/05/24, 07:54:29.221, 3586143894410, QTAgent32.exe, Playback - [WARNING] Internal warning: Window Not Found: [VisibleOnly]ControlType='Window' &amp;&amp; Name='Personal Lines' &amp;&amp; ClassName='#32770'
\0
E, 3504, 17, 2013/05/24, 07:54:29.221, 3586143898120, QTAgent32.exe, &lt;a class=failure&gt;Playback - {208} [FAILED] Function ElementFetcher::FindScreenElement failed to locate UI element (Searching: ;[VisibleOnly]ControlType='Window' &amp;&amp; Name='Personal Lines' &amp;&amp; ClassName='#32770') (The object specified was not found.)
\0&lt;/a&gt;
E, 3504, 17, 2013/05/24, 07:54:29.301, 3586145047786, QTAgent32.exe, Playback - [IMAGE] C:\Users\testuser\AppData\Local\Temp\UITestLogs\LastRun\RPFBE41.png
\0
W, 3504, 17, 2013/05/24, 07:54:29.302, 3586145050249, QTAgent32.exe, Playback - [WARNING] Internal warning: Couldn't find descendants that match QueryId
\0
W, 3504, 17, 2013/05/24, 07:54:29.302, 3586145053556, QTAgent32.exe, PERF WARNING: FindTopLevelWindowHelper::FindAllDescendents: took 18177 ms. Expected it to take maximum 500 ms.
W, 3504, 17, 2013/05/24, 07:54:29.808, 3586152301325, QTAgent32.exe, Playback - [WARNING] Internal warning: Smart Match failed
\0
W, 3504, 17, 2013/05/24, 07:54:30.039, 3586155606479, QTAgent32.exe, Playback - [WARNING] Internal warning: Smart Match failed
\0
W, 3504, 17, 2013/05/24, 07:54:30.267, 3586158878134, QTAgent32.exe, Playback - [WARNING] Internal warning: Smart Match failed
\0
W, 3504, 17, 2013/05/24, 07:54:30.515, 3586162422084, QTAgent32.exe, Playback - [WARNING] Internal warning: Smart Match failed
\0
W, 3504, 17, 2013/05/24, 07:54:30.757, 3586165896067, QTAgent32.exe, Playback - [WARNING] Internal warning: Smart Match failed
\0
W, 3504, 17, 2013/05/24, 07:54:30.983, 3586169126421, QTAgent32.exe, Playback - [WARNING] Internal warning: Smart Match failed
\0
W, 3504, 17, 2013/05/24, 07:54:31.212, 3586172411539, QTAgent32.exe, Playback - [WARNING] Internal warning: Smart Match failed
\0
W, 3504, 17, 2013/05/24, 07:54:31.448, 3586175788334, QTAgent32.exe, Playback - [WARNING] Internal warning: Smart Match failed
\0
W, 3504, 17, 2013/05/24, 07:54:31.679, 3586179096353, QTAgent32.exe, Playback - [WARNING] Internal warning: Smart Match failed
\0
W, 3504, 17, 2013/05/24, 07:54:31.907, 3586182356249, QTAgent32.exe, Playback - [WARNING] Internal warning: Smart Match failed
\0
W, 3504, 17, 2013/05/24, 07:54:32.141, 3586185704799, QTAgent32.exe, Playback - [WARNING] Internal warning: Smart Match failed
\0
W, 3504, 17, 2013/05/24, 07:54:32.368, 3586188960815, QTAgent32.exe, Playback - [WARNING] Internal warning: Smart Match failed
\0
W, 3504, 17, 2013/05/24, 07:54:32.484, 3586190626082, QTAgent32.exe, Playback - [WARNING] Internal warning: Window Not Found: [VisibleOnly]ControlType='Window' &amp;&amp; Name='Personal Lines' &amp;&amp; ClassName='#32770'
\0
E, 3504, 17, 2013/05/24, 07:54:32.485, 3586190631365, QTAgent32.exe, &lt;a class=failure&gt;Playback - {209} [FAILED] Function ElementFetcher::FindScreenElement failed to locate UI element (Searching: ;[VisibleOnly]ControlType='Window' &amp;&amp; Name='Personal Lines' &amp;&amp; ClassName='#32770') (The object specified was not found.)
\0&lt;/a&gt;
E, 3504, 17, 2013/05/24, 07:54:32.563, 3586191758599, QTAgent32.exe, Playback - [IMAGE] C:\Users\testuser\AppData\Local\Temp\UITestLogs\LastRun\RPFCAFF.png
\0
W, 3504, 17, 2013/05/24, 07:54:32.564, 3586191761145, QTAgent32.exe, Playback - [WARNING] Internal warning: Couldn't find descendants that match QueryId
\0
W, 3504, 17, 2013/05/24, 07:54:32.564, 3586191765731, QTAgent32.exe, PERF WARNING: FindTopLevelWindowHelper::FindAllDescendents: took 3262 ms. Expected it to take maximum 500 ms.
E, 3504, 17, 2013/05/24, 07:54:32.564, 3586191768327, QTAgent32.exe, Exception: System.Runtime.InteropServices.COMException
	Message: Error HRESULT E_FAIL has been returned from a call to a COM component.
	Stack Trace:    at Microsoft.VisualStudio.TestTools.UITest.Playback.Engine.IRPFPlayback.FindAllScreenElements(IScreenElement pScreenElementStart, String bstrQueryId, Object&amp; pvarResKeys, Int32 cResKeys, Int32 nMaxDepth, Object[]&amp; foundDescendants)
   at Microsoft.VisualStudio.TestTools.UITest.Playback.ScreenElement.FindTopLevelWindowHelper(String queryId)
	BaseExceptionMessage: Error HRESULT E_FAIL has been returned from a call to a COM component.

E, 3504, 17, 2013/05/24, 07:54:32.564, 3586191772901, QTAgent32.exe, Window 3213066 not responding. Last Win32 error 0
E, 3504, 17, 2013/05/24, 07:54:32.564, 3586191774134, QTAgent32.exe, GetClassName for handle 3213066 failed
E, 3504, 17, 2013/05/24, 07:54:32.565, 3586191780068, QTAgent32.exe, Window 4063762 not responding. Last Win32 error 1400
E, 3504, 17, 2013/05/24, 07:54:32.565, 3586191780984, QTAgent32.exe, GetClassName for handle 4063762 failed
E, 3504, 17, 2013/05/24, 07:54:32.666, 3586193225559, QTAgent32.exe, AL: Playback Error: Microsoft.VisualStudio.TestTools.UITest.Extension.UITestControlNotAvailableException: The control is not available or not valid. Additional Details: 
TechnologyName:  'MSAA'
Name:  'Yes'
ControlType:  'Button'
 ---&gt; Microsoft.VisualStudio.TestTools.UITest.Extension.UITestControlNotAvailableException: The control is not available or not valid. Additional Details: 
TechnologyName:  'MSAA'
Name:  'Personal Lines'
ClassName:  '#32770'
ControlType:  'Window'
 ---&gt; System.Runtime.InteropServices.COMException: Error HRESULT E_FAIL has been returned from a call to a COM component.
   at Microsoft.VisualStudio.TestTools.UITest.Playback.Engine.IRPFPlayback.FindAllScreenElements(IScreenElement pScreenElementStart, String bstrQueryId, Object&amp; pvarResKeys, Int32 cResKeys, Int32 nMaxDepth, Object[]&amp; foundDescendants)
   at Microsoft.VisualStudio.TestTools.UITest.Playback.ScreenElement.FindTopLevelWindowHelper(String queryId)
   at Microsoft.VisualStudio.TestTools.UITest.Playback.ScreenElement.FindFromPartialQueryId(String queryId)
   at Microsoft.VisualStudio.TestTools.UITesting.UITestControl.EnsureValid(Boolean waitForReady, Boolean refetch)
   --- End of inner exception stack trace ---
   at Microsoft.VisualStudio.TestTools.UITesting.UITestControl.EnsureValid(Boolean waitForReady, Boolean refetch)
   at Microsoft.VisualStudio.TestTools.UITesting.UITestControl.FindFirstDescendant(String queryId, Int32 maxDepth, Int32&amp; timeLeft)
   at Microsoft.VisualStudio.TestTools.UITesting.UITestControl.FindFirstDescendant(String queryId)
   at Microsoft.VisualStudio.TestTools.UITesting.UITestControl.EnsureValid(Boolean waitForReady, Boolean refetch)
   --- End of inner exception stack trace ---
   at Microsoft.VisualStudio.TestTools.UITesting.UITestControl.EnsureValid(Boolean waitForReady, Boolean refetch)
   at Microsoft.VisualStudio.TestTools.UITesting.UITestControl.Click(MouseButtons button, ModifierKeys modifierKeys, Point relativeCoordinates)
   at Microsoft.VisualStudio.TestTools.UITesting.Mouse.ClickImplementation(UITestControl control, MouseButtons button, ModifierKeys modifierKeys, Point relativeCoordinate)
   at Microsoft.VisualStudio.TestTools.UITesting.Mouse.ClickImplementationWrapper(UITestControl control, MouseButtons button, ModifierKeys modifierKeys, Point relativeCoordinate)
W, 3504, 17, 2013/05/24, 07:54:32.666, 3586193229437, QTAgent32.exe, PlaybackErrorHandler: Ignoring exception as ContinueOnError is set.
W, 3504, 17, 2013/05/24, 07:54:32.805, 3586195220086, QTAgent32.exe, &lt;a class=success&gt;Playback - {210} [SUCCESS] MouseButtonClick - "[MSAA, VisibleOnly]ControlType='Button' &amp;&amp; Name='Invite'"
\0&lt;/a&gt;
W, 3504, 17, 2013/05/24, 07:54:33.261, 3586201739561, QTAgent32.exe, Playback - [WARNING] Internal warning: Window Not Found: [VisibleOnly]ControlType='Window' &amp;&amp; Name='Confirm' &amp;&amp; ClassName='#32770'
\0
E, 3504, 17, 2013/05/24, 07:54:33.261, 3586201742908, QTAgent32.exe, &lt;a class=failure&gt;Playback - {211} [FAILED] Function ElementFetcher::FindScreenElement failed to locate UI element (Searching: ;[VisibleOnly]ControlType='Window' &amp;&amp; Name='Confirm' &amp;&amp; ClassName='#32770') (The object specified was not found.)
\0&lt;/a&gt;
E, 3504, 17, 2013/05/24, 07:54:33.340, 3586202869458, QTAgent32.exe, Playback - [IMAGE] C:\Users\testuser\AppData\Local\Temp\UITestLogs\LastRun\RPFCE0C.png
\0
W, 3504, 17, 2013/05/24, 07:54:33.340, 3586202871862, QTAgent32.exe, Playback - [WARNING] Internal warning: Couldn't find descendants that match QueryId
\0
W, 3504, 17, 2013/05/24, 07:54:51.411, 3586461627755, QTAgent32.exe, Playback - [WARNING] Internal warning: Window Not Found: [VisibleOnly]ControlType='Window' &amp;&amp; Name='Confirm' &amp;&amp; ClassName='#32770'
\0
E, 3504, 17, 2013/05/24, 07:54:51.412, 3586461635359, QTAgent32.exe, &lt;a class=failure&gt;Playback - {212} [FAILED] Function ElementFetcher::FindScreenElement failed to locate UI element (Searching: ;[VisibleOnly]ControlType='Window' &amp;&amp; Name='Confirm' &amp;&amp; ClassName='#32770') (The object specified was not found.)
\0&lt;/a&gt;
E, 3504, 17, 2013/05/24, 07:54:51.495, 3586462827341, QTAgent32.exe, Playback - [IMAGE] C:\Users\testuser\AppData\Local\Temp\UITestLogs\LastRun\RPF14FB.png
\0
W, 3504, 17, 2013/05/24, 07:54:51.495, 3586462829969, QTAgent32.exe, Playback - [WARNING] Internal warning: Couldn't find descendants that match QueryId
\0
W, 3504, 17, 2013/05/24, 07:54:51.496, 3586462838415, QTAgent32.exe, PERF WARNING: FindTopLevelWindowHelper::FindAllDescendents: took 18156 ms. Expected it to take maximum 500 ms.
W, 3504, 17, 2013/05/24, 07:54:52.001, 3586470072208, QTAgent32.exe, Playback - [WARNING] Internal warning: Smart Match failed
\0
W, 3504, 17, 2013/05/24, 07:54:52.237, 3586473443723, QTAgent32.exe, Playback - [WARNING] Internal warning: Smart Match failed
\0
W, 3504, 17, 2013/05/24, 07:54:52.496, 3586477155308, QTAgent32.exe, Playback - [WARNING] Internal warning: Smart Match failed
\0
W, 3504, 17, 2013/05/24, 07:54:52.726, 3586480449347, QTAgent32.exe, Playback - [WARNING] Internal warning: Smart Match failed
\0
W, 3504, 17, 2013/05/24, 07:54:52.960, 3586483790926, QTAgent32.exe, Playback - [WARNING] Internal warning: Smart Match failed
\0
W, 3504, 17, 2013/05/24, 07:54:53.189, 3586487070079, QTAgent32.exe, Playback - [WARNING] Internal warning: Smart Match failed
\0
W, 3504, 17, 2013/05/24, 07:54:53.430, 3586490524519, QTAgent32.exe, Playback - [WARNING] Internal warning: Smart Match failed
\0
W, 3504, 17, 2013/05/24, 07:54:53.662, 3586493849284, QTAgent32.exe, Playback - [WARNING] Internal warning: Smart Match failed
\0
W, 3504, 17, 2013/05/24, 07:54:53.891, 3586497120377, QTAgent32.exe, Playback - [WARNING] Internal warning: Smart Match failed
\0
W, 3504, 17, 2013/05/24, 07:54:54.119, 3586500395795, QTAgent32.exe, Playback - [WARNING] Internal warning: Smart Match failed
\0
W, 3504, 17, 2013/05/24, 07:54:54.349, 3586503691821, QTAgent32.exe, Playback - [WARNING] Internal warning: Smart Match failed
\0
W, 3504, 17, 2013/05/24, 07:54:54.596, 3586507227519, QTAgent32.exe, Playback - [WARNING] Internal warning: Smart Match failed
\0
W, 3504, 17, 2013/05/24, 07:54:54.715, 3586508930616, QTAgent32.exe, Playback - [WARNING] Internal warning: Window Not Found: [VisibleOnly]ControlType='Window' &amp;&amp; Name='Confirm' &amp;&amp; ClassName='#32770'
\0
E, 3504, 17, 2013/05/24, 07:54:54.716, 3586508934043, QTAgent32.exe, &lt;a class=failure&gt;Playback - {213} [FAILED] Function ElementFetcher::FindScreenElement failed to locate UI element (Searching: ;[VisibleOnly]ControlType='Window' &amp;&amp; Name='Confirm' &amp;&amp; ClassName='#32770') (The object specified was not found.)
\0&lt;/a&gt;
E, 3504, 17, 2013/05/24, 07:54:54.801, 3586510164566, QTAgent32.exe, Playback - [IMAGE] C:\Users\testuser\AppData\Local\Temp\UITestLogs\LastRun\RPF21D8.png
\0
W, 3504, 17, 2013/05/24, 07:54:54.802, 3586510167039, QTAgent32.exe, Playback - [WARNING] Internal warning: Couldn't find descendants that match QueryId
\0
W, 3504, 17, 2013/05/24, 07:54:54.802, 3586510169939, QTAgent32.exe, PERF WARNING: FindTopLevelWindowHelper::FindAllDescendents: took 3305 ms. Expected it to take maximum 500 ms.
E, 3504, 17, 2013/05/24, 07:54:54.805, 3586510217846, QTAgent32.exe, Exception: System.Runtime.InteropServices.COMException
	Message: Error HRESULT E_FAIL has been returned from a call to a COM component.
	Stack Trace:    at Microsoft.VisualStudio.TestTools.UITest.Playback.Engine.IRPFPlayback.FindAllScreenElements(IScreenElement pScreenElementStart, String bstrQueryId, Object&amp; pvarResKeys, Int32 cResKeys, Int32 nMaxDepth, Object[]&amp; foundDescendants)
   at Microsoft.VisualStudio.TestTools.UITest.Playback.ScreenElement.FindTopLevelWindowHelper(String queryId)
	BaseExceptionMessage: Error HRESULT E_FAIL has been returned from a call to a COM component.

E, 3504, 17, 2013/05/24, 07:54:54.907, 3586511670906, QTAgent32.exe, AL: Playback Error: Microsoft.VisualStudio.TestTools.UITest.Extension.UITestControlNotFoundException: The playback failed to find the control with the given search properties. Additional Details: 
TechnologyName:  'MSAA'
ControlType:  'Window'
Name:  'Confirm'
ClassName:  '#32770'
 ---&gt; System.Runtime.InteropServices.COMException: Error HRESULT E_FAIL has been returned from a call to a COM component.
   at Microsoft.VisualStudio.TestTools.UITest.Playback.Engine.IRPFPlayback.FindAllScreenElements(IScreenElement pScreenElementStart, String bstrQueryId, Object&amp; pvarResKeys, Int32 cResKeys, Int32 nMaxDepth, Object[]&amp; foundDescendants)
   at Microsoft.VisualStudio.TestTools.UITest.Playback.ScreenElement.FindTopLevelWindowHelper(String queryId)
   at Microsoft.VisualStudio.TestTools.UITest.Playback.ScreenElement.FindFromPartialQueryId(String queryId)
   at Microsoft.VisualStudio.TestTools.UITesting.UITestControl..ctor(String queryId)
   --- End of inner exception stack trace ---
   at Microsoft.VisualStudio.TestTools.UITesting.Playback.MapControlNotFoundException(COMException ex, IPlaybackContext context)
   at Microsoft.VisualStudio.TestTools.UITesting.Playback.MapAndThrowComException(COMException innerException, IPlaybackContext context)
   at Microsoft.VisualStudio.TestTools.UITesting.Playback.MapAndThrowException(SystemException exception, IPlaybackContext context)
   at Microsoft.VisualStudio.TestTools.UITesting.Playback.MapAndThrowException(SystemException exception, String queryId)
   at Microsoft.VisualStudio.TestTools.UITesting.UITestControl..ctor(String queryId)
   at Microsoft.VisualStudio.TestTools.UITesting.SearchHelper.SearchTopLevelWindow(ISearchArgument topLevelSearchArg, String topLevelElementQueryId)
   at Microsoft.VisualStudio.TestTools.UITesting.SearchHelper.GetTitleUpdatedTopLevelWindow(ISearchArgument topLevelSearchArg, String queryId, IList`1 windowTitles)
   at Microsoft.VisualStudio.TestTools.UITesting.SearchHelper.GetTopLevelElement(Boolean useCache, Boolean useCacheOnly, ISearchArgument searchArg, IList`1 windowTitles, Int32&amp; timeLeft)
   at Microsoft.VisualStudio.TestTools.UITesting.SearchHelper.GetElement(Boolean useCache, ISearchArgument searchArg)
   at Microsoft.VisualStudio.TestTools.UITesting.SearchHelper.Search(ISearchArgument searchArg)
   at Microsoft.VisualStudio.TestTools.UITesting.UITestControl.FindInternal()
   at Microsoft.VisualStudio.TestTools.UITesting.UITestControl.FindControlIfNecessary()
   at Microsoft.VisualStudio.TestTools.UITesting.UITestControl.Click(MouseButtons button, ModifierKeys modifierKeys, Point relativeCoordinates)
   at Microsoft.VisualStudio.TestTools.UITesting.Mouse.ClickImplementation(UITestControl control, MouseButtons button, ModifierKeys modifierKeys, Point relativeCoordinate)
   at Microsoft.VisualStudio.TestTools.UITesting.Mouse.ClickImplementationWrapper(UITestControl control, MouseButtons button, ModifierKeys modifierKeys, Point relativeCoordinate)
W, 3504, 17, 2013/05/24, 07:54:54.907, 3586511674383, QTAgent32.exe, PlaybackErrorHandler: Ignoring exception as ContinueOnError is set.
W, 3504, 17, 2013/05/24, 07:54:55.051, 3586513734442, QTAgent32.exe, &lt;a class=success&gt;Playback - {214} [SUCCESS] MouseButtonClick - "[MSAA, VisibleOnly]ControlType='Button' &amp;&amp; Name='Ok'"
\0&lt;/a&gt;
W, 3504, 17, 2013/05/24, 07:54:59.635, 3586579369044, QTAgent32.exe, Playback - [WARNING] Internal warning: Window Not Found: [VisibleOnly]ControlType='Window' &amp;&amp; Name='Personal Lines' &amp;&amp; ClassName='#32770'
\0
E, 3504, 17, 2013/05/24, 07:54:59.635, 3586579373074, QTAgent32.exe, &lt;a class=failure&gt;Playback - {215} [FAILED] Function ElementFetcher::FindScreenElement failed to locate UI element (Searching: ;[VisibleOnly]ControlType='Window' &amp;&amp; Name='Personal Lines' &amp;&amp; ClassName='#32770') (The object specified was not found.)
\0&lt;/a&gt;
E, 3504, 17, 2013/05/24, 07:54:59.717, 3586580551448, QTAgent32.exe, Playback - [IMAGE] C:\Users\testuser\AppData\Local\Temp\UITestLogs\LastRun\RPF351A.png
\0
W, 3504, 17, 2013/05/24, 07:54:59.717, 3586580553643, QTAgent32.exe, Playback - [WARNING] Internal warning: Couldn't find descendants that match QueryId
\0
W, 3504, 17, 2013/05/24, 07:54:59.718, 3586580557104, QTAgent32.exe, PERF WARNING: FindTopLevelWindowHelper::FindAllDescendents: took 4565 ms. Expected it to take maximum 500 ms.
W, 3504, 17, 2013/05/24, 07:55:17.811, 3586839621855, QTAgent32.exe, Playback - [WARNING] Internal warning: Window Not Found: [VisibleOnly]ControlType='Window' &amp;&amp; Name='Personal Lines' &amp;&amp; ClassName='#32770'
\0
E, 3504, 17, 2013/05/24, 07:55:17.812, 3586839625966, QTAgent32.exe, &lt;a class=failure&gt;Playback - {216} [FAILED] Function ElementFetcher::FindScreenElement failed to locate UI element (Searching: ;[VisibleOnly]ControlType='Window' &amp;&amp; Name='Personal Lines' &amp;&amp; ClassName='#32770') (The object specified was not found.)
\0&lt;/a&gt;
E, 3504, 17, 2013/05/24, 07:55:17.893, 3586840796645, QTAgent32.exe, Playback - [IMAGE] C:\Users\testuser\AppData\Local\Temp\UITestLogs\LastRun\RPF7C19.png
\0
W, 3504, 17, 2013/05/24, 07:55:17.893, 3586840799105, QTAgent32.exe, Playback - [WARNING] Internal warning: Couldn't find descendants that match QueryId
\0
W, 3504, 17, 2013/05/24, 07:55:17.894, 3586840802660, QTAgent32.exe, PERF WARNING: FindTopLevelWindowHelper::FindAllDescendents: took 18175 ms. Expected it to take maximum 500 ms.
W, 3504, 17, 2013/05/24, 07:55:18.404, 3586848108088, QTAgent32.exe, Playback - [WARNING] Internal warning: Smart Match failed
\0
W, 3504, 17, 2013/05/24, 07:55:18.699, 3586852335065, QTAgent32.exe, Playback - [WARNING] Internal warning: Smart Match failed
\0
W, 3504, 17, 2013/05/24, 07:55:18.932, 3586855665000, QTAgent32.exe, Playback - [WARNING] Internal warning: Smart Match failed
\0
W, 3504, 17, 2013/05/24, 07:55:19.163, 3586858981639, QTAgent32.exe, Playback - [WARNING] Internal warning: Smart Match failed
\0
W, 3504, 17, 2013/05/24, 07:55:19.400, 3586862370396, QTAgent32.exe, Playback - [WARNING] Internal warning: Smart Match failed
\0
W, 3504, 17, 2013/05/24, 07:55:19.633, 3586865716193, QTAgent32.exe, Playback - [WARNING] Internal warning: Smart Match failed
\0
W, 3504, 17, 2013/05/24, 07:55:19.870, 3586869104325, QTAgent32.exe, Playback - [WARNING] Internal warning: Smart Match failed
\0
W, 3504, 17, 2013/05/24, 07:55:20.113, 3586872583253, QTAgent32.exe, Playback - [WARNING] Internal warning: Smart Match failed
\0
W, 3504, 17, 2013/05/24, 07:55:20.347, 3586875929522, QTAgent32.exe, Playback - [WARNING] Internal warning: Smart Match failed
\0
W, 3504, 17, 2013/05/24, 07:55:20.582, 3586879294405, QTAgent32.exe, Playback - [WARNING] Internal warning: Smart Match failed
\0
W, 3504, 17, 2013/05/24, 07:55:20.820, 3586882699160, QTAgent32.exe, Playback - [WARNING] Internal warning: Smart Match failed
\0
W, 3504, 17, 2013/05/24, 07:55:20.937, 3586884369360, QTAgent32.exe, Playback - [WARNING] Internal warning: Window Not Found: [VisibleOnly]ControlType='Window' &amp;&amp; Name='Personal Lines' &amp;&amp; ClassName='#32770'
\0
E, 3504, 17, 2013/05/24, 07:55:20.937, 3586884372132, QTAgent32.exe, &lt;a class=failure&gt;Playback - {217} [FAILED] Function ElementFetcher::FindScreenElement failed to locate UI element (Searching: ;[VisibleOnly]ControlType='Window' &amp;&amp; Name='Personal Lines' &amp;&amp; ClassName='#32770') (The object specified was not found.)
\0&lt;/a&gt;
E, 3504, 17, 2013/05/24, 07:55:21.018, 3586885529368, QTAgent32.exe, Playback - [IMAGE] C:\Users\testuser\AppData\Local\Temp\UITestLogs\LastRun\RPF884A.png
\0
W, 3504, 17, 2013/05/24, 07:55:21.018, 3586885531808, QTAgent32.exe, Playback - [WARNING] Internal warning: Couldn't find descendants that match QueryId
\0
W, 3504, 17, 2013/05/24, 07:55:21.018, 3586885534690, QTAgent32.exe, PERF WARNING: FindTopLevelWindowHelper::FindAllDescendents: took 3123 ms. Expected it to take maximum 500 ms.
E, 3504, 17, 2013/05/24, 07:55:21.018, 3586885536724, QTAgent32.exe, Exception: System.Runtime.InteropServices.COMException
	Message: Error HRESULT E_FAIL has been returned from a call to a COM component.
	Stack Trace:    at Microsoft.VisualStudio.TestTools.UITest.Playback.Engine.IRPFPlayback.FindAllScreenElements(IScreenElement pScreenElementStart, String bstrQueryId, Object&amp; pvarResKeys, Int32 cResKeys, Int32 nMaxDepth, Object[]&amp; foundDescendants)
   at Microsoft.VisualStudio.TestTools.UITest.Playback.ScreenElement.FindTopLevelWindowHelper(String queryId)
	BaseExceptionMessage: Error HRESULT E_FAIL has been returned from a call to a COM component.

E, 3504, 17, 2013/05/24, 07:55:21.018, 3586885541290, QTAgent32.exe, GetClassName for handle 6488970 failed
E, 3504, 17, 2013/05/24, 07:55:21.019, 3586885550724, QTAgent32.exe, Window 6488970 not responding. Last Win32 error 1400
E, 3504, 17, 2013/05/24, 07:55:21.019, 3586885551809, QTAgent32.exe, GetClassName for handle 6488970 failed
E, 3504, 17, 2013/05/24, 07:55:21.119, 3586886988378, QTAgent32.exe, AL: Playback Error: Microsoft.VisualStudio.TestTools.UITest.Extension.UITestControlNotAvailableException: The control is not available or not valid. Additional Details: 
TechnologyName:  'MSAA'
ControlType:  'Window'
 ---&gt; System.Runtime.InteropServices.COMException: Error HRESULT E_FAIL has been returned from a call to a COM component.
   at Microsoft.VisualStudio.TestTools.UITest.Playback.Engine.IRPFPlayback.FindAllScreenElements(IScreenElement pScreenElementStart, String bstrQueryId, Object&amp; pvarResKeys, Int32 cResKeys, Int32 nMaxDepth, Object[]&amp; foundDescendants)
   at Microsoft.VisualStudio.TestTools.UITest.Playback.ScreenElement.FindTopLevelWindowHelper(String queryId)
   at Microsoft.VisualStudio.TestTools.UITest.Playback.ScreenElement.FindFromPartialQueryId(String queryId)
   at Microsoft.VisualStudio.TestTools.UITesting.UITestControl.EnsureValid(Boolean waitForReady, Boolean refetch)
   --- End of inner exception stack trace ---
   at Microsoft.VisualStudio.TestTools.UITesting.UITestControl.EnsureValid(Boolean waitForReady, Boolean refetch)
   at Microsoft.VisualStudio.TestTools.UITesting.UITestControl.FindFirstDescendant(String queryId, Int32 maxDepth, Int32&amp; timeLeft)
   at Microsoft.VisualStudio.TestTools.UITesting.SearchHelper.GetElement(Boolean useCache, ISearchArgument searchArg)
   at Microsoft.VisualStudio.TestTools.UITesting.SearchHelper.Search(ISearchArgument searchArg)
   at Microsoft.VisualStudio.TestTools.UITesting.UITestControl.FindInternal()
   at Microsoft.VisualStudio.TestTools.UITesting.UITestControl.FindControlIfNecessary()
   at Microsoft.VisualStudio.TestTools.UITesting.UITestControl.Click(MouseButtons button, ModifierKeys modifierKeys, Point relativeCoordinates)
   at Microsoft.VisualStudio.TestTools.UITesting.Mouse.ClickImplementation(UITestControl control, MouseButtons button, ModifierKeys modifierKeys, Point relativeCoordinate)
   at Microsoft.VisualStudio.TestTools.UITesting.Mouse.ClickImplementationWrapper(UITestControl control, MouseButtons button, ModifierKeys modifierKeys, Point relativeCoordinate)
W, 3504, 17, 2013/05/24, 07:55:21.120, 3586886991678, QTAgent32.exe, PlaybackErrorHandler: Ignoring exception as ContinueOnError is set.
W, 3504, 17, 2013/05/24, 07:55:21.257, 3586888964105, QTAgent32.exe, &lt;a class=success&gt;Playback - {218} [SUCCESS] Check - "[MSAA, VisibleOnly]ControlType='CheckBox' &amp;&amp; Name='Defer Printing?'"
\0&lt;/a&gt;
W, 3504, 17, 2013/05/24, 07:55:21.906, 3586898250131, QTAgent32.exe, &lt;a class=success&gt;Playback - {219} [SUCCESS] MouseButtonClick - "[MSAA, VisibleOnly]ControlType='Button' &amp;&amp; Name='Ok'"
\0&lt;/a&gt;
W, 3504, 17, 2013/05/24, 07:55:22.006, 3586899687555, QTAgent32.exe, Playback - [WARNING] Internal warning: Thread state based WFR - Requested element has invalid HWND
\0
W, 3504, 17, 2013/05/24, 07:55:22.006, 3586899689298, QTAgent32.exe, Playback - [WARNING] Internal warning: process performance counters based WFR - Requested element has invalid HWND
\0
E, 3504, 17, 2013/05/24, 07:55:22.007, 3586899698495, QTAgent32.exe, EnsureValid called via EnsureValid call for same element
E, 3504, 17, 2013/05/24, 07:55:22.007, 3586899701202, QTAgent32.exe, EnsureValid called via EnsureValid call for same element
E, 3504, 17, 2013/05/24, 07:55:22.007, 3586899702483, QTAgent32.exe, EnsureValid called via EnsureValid call for same element
E, 3504, 17, 2013/05/24, 07:55:22.008, 3586899707310, QTAgent32.exe, Window 2558550 not responding. Last Win32 error 1400
E, 3504, 17, 2013/05/24, 07:55:22.008, 3586899708179, QTAgent32.exe, GetClassName for handle 2558550 failed
W, 3504, 17, 2013/05/24, 07:55:22.449, 3586906020859, QTAgent32.exe, Playback - [WARNING] Internal warning: Window Not Found: [VisibleOnly]ControlType='Window' &amp;&amp; Name='Import to TAM' &amp;&amp; ClassName='TfImportToTam'
\0
E, 3504, 17, 2013/05/24, 07:55:22.449, 3586906024137, QTAgent32.exe, &lt;a class=failure&gt;Playback - {220} [FAILED] Function ElementFetcher::FindScreenElement failed to locate UI element (Searching: ;[VisibleOnly]ControlType='Window' &amp;&amp; Name='Import to TAM' &amp;&amp; ClassName='TfImportToTam') (The object specified was not found.)
\0&lt;/a&gt;
E, 3504, 17, 2013/05/24, 07:55:22.534, 3586907247617, QTAgent32.exe, Playback - [IMAGE] C:\Users\testuser\AppData\Local\Temp\UITestLogs\LastRun\RPF8E35.png
\0
W, 3504, 17, 2013/05/24, 07:55:22.534, 3586907250124, QTAgent32.exe, Playback - [WARNING] Internal warning: Couldn't find descendants that match QueryId
\0
W, 3504, 17, 2013/05/24, 07:55:22.535, 3586907253492, QTAgent32.exe, PERF WARNING: FindTopLevelWindowHelper::FindAllDescendents: took 526 ms. Expected it to take maximum 500 ms.
W, 3504, 17, 2013/05/24, 07:55:26.421, 3586962893874, QTAgent32.exe, PERF WARNING: FindTopLevelWindowHelper::FindAllDescendents: took 3885 ms. Expected it to take maximum 500 ms.
W, 3504, 17, 2013/05/24, 07:55:26.579, 3586965162259, QTAgent32.exe, &lt;a class=success&gt;Playback - {221} [SUCCESS] Uncheck - "[MSAA, VisibleOnly]ControlType='CheckBox' &amp;&amp; Name='Add Activity'"
\0&lt;/a&gt;
W, 3504, 17, 2013/05/24, 07:55:26.946, 3586970410512, QTAgent32.exe, &lt;a class=success&gt;Playback - {222} [SUCCESS] MouseButtonClick - "[MSAA, VisibleOnly]ControlType='Button' &amp;&amp; Name='Ok'"
\0&lt;/a&gt;
W, 3504, 17, 2013/05/24, 07:55:30.131, 3587016020297, QTAgent32.exe, PERF WARNING: FindTopLevelWindowHelper::FindAllDescendents: took 3081 ms. Expected it to take maximum 500 ms.
W, 3504, 17, 2013/05/24, 07:55:30.271, 3587018022644, QTAgent32.exe, &lt;a class=success&gt;Playback - {223} [SUCCESS] MouseButtonClick - "[MSAA, VisibleOnly]ControlType='Button' &amp;&amp; Name='OK'"
\0&lt;/a&gt;
W, 3504, 17, 2013/05/24, 07:55:30.919, 3587027306507, QTAgent32.exe, Playback - [WARNING] Internal warning: Window Not Found: [VisibleOnly]ControlType='Window' &amp;&amp; Name='AUTO221-1001' &amp;&amp; ClassName='ThunderRT6FormDC'
\0
E, 3504, 17, 2013/05/24, 07:55:30.919, 3587027309805, QTAgent32.exe, &lt;a class=failure&gt;Playback - {224} [FAILED] Function ElementFetcher::FindScreenElement failed to locate UI element (Searching: ;[VisibleOnly]ControlType='Window' &amp;&amp; Name='AUTO221-1001' &amp;&amp; ClassName='ThunderRT6FormDC') (The object specified was not found.)
\0&lt;/a&gt;
E, 3504, 17, 2013/05/24, 07:55:31.019, 3587028731064, QTAgent32.exe, Playback - [IMAGE] C:\Users\testuser\AppData\Local\Temp\UITestLogs\LastRun\RPFAF4C.png
\0
W, 3504, 17, 2013/05/24, 07:55:31.019, 3587028733498, QTAgent32.exe, Playback - [WARNING] Internal warning: Couldn't find descendants that match QueryId
\0
W, 3504, 17, 2013/05/24, 07:55:31.019, 3587028736560, QTAgent32.exe, PERF WARNING: FindTopLevelWindowHelper::FindAllDescendents: took 623 ms. Expected it to take maximum 500 ms.
W, 3504, 17, 2013/05/24, 07:55:49.029, 3587286600956, QTAgent32.exe, Playback - [WARNING] Internal warning: Window Not Found: [VisibleOnly]ControlType='Window' &amp;&amp; Name='AUTO221-1001' &amp;&amp; ClassName='ThunderRT6FormDC'
\0
E, 3504, 17, 2013/05/24, 07:55:49.029, 3587286608219, QTAgent32.exe, &lt;a class=failure&gt;Playback - {225} [FAILED] Function ElementFetcher::FindScreenElement failed to locate UI element (Searching: ;[VisibleOnly]ControlType='Window' &amp;&amp; Name='AUTO221-1001' &amp;&amp; ClassName='ThunderRT6FormDC') (The object specified was not found.)
\0&lt;/a&gt;
E, 3504, 17, 2013/05/24, 07:55:49.129, 3587288035125, QTAgent32.exe, Playback - [IMAGE] C:\Users\testuser\AppData\Local\Temp\UITestLogs\LastRun\RPFF60D.png
\0
W, 3504, 17, 2013/05/24, 07:55:49.129, 3587288037690, QTAgent32.exe, Playback - [WARNING] Internal warning: Couldn't find descendants that match QueryId
\0
W, 3504, 17, 2013/05/24, 07:55:49.130, 3587288045247, QTAgent32.exe, PERF WARNING: FindTopLevelWindowHelper::FindAllDescendents: took 18110 ms. Expected it to take maximum 500 ms.
W, 3504, 17, 2013/05/24, 07:55:49.762, 3587297099560, QTAgent32.exe, Playback - [WARNING] Internal warning: Window with Class "ThunderRT6FormDC" and Title "AUTO221-1001" was not found, so similar window with Class "ThunderRT6FormDC" and Title "AUTO213-1001" was accepted
\0
W, 3504, 17, 2013/05/24, 07:55:49.762, 3587297104952, QTAgent32.exe, PERF WARNING: FindTopLevelWindowHelper::FindAllDescendents: took 632 ms. Expected it to take maximum 500 ms.
W, 3504, 17, 2013/05/24, 07:55:50.818, 3587312215242, QTAgent32.exe, &lt;a class=success&gt;Playback - {226} [SUCCESS] MouseButtonClick - "[MSAA, VisibleOnly]ControlType='Button' &amp;&amp; Name='Renew Policy'"
\0&lt;/a&gt;
W, 3504, 17, 2013/05/24, 07:55:51.062, 3587315716799, QTAgent32.exe, &lt;a class=success&gt;Playback - {227} [SUCCESS] Check - "[MSAA, VisibleOnly]ControlType='RadioButton' &amp;&amp; Name='Alternative'"
\0&lt;/a&gt;
W, 3504, 17, 2013/05/24, 07:55:51.460, 3587321419554, QTAgent32.exe, &lt;a class=success&gt;Playback - {228} [SUCCESS] MouseButtonClick - "[MSAA, VisibleOnly]ControlType='Button' &amp;&amp; Name='OK'"
\0&lt;/a&gt;
W, 3504, 17, 2013/05/24, 07:55:51.701, 3587324859240, QTAgent32.exe, &lt;a class=success&gt;Playback - {229} [SUCCESS] MouseButtonClick - "[MSAA, VisibleOnly]ControlType='Button' &amp;&amp; Name='OK'"
\0&lt;/a&gt;
W, 3504, 17, 2013/05/24, 07:55:54.710, 3587367953728, QTAgent32.exe, PERF WARNING: FindTopLevelWindowHelper::FindAllDescendents: took 2909 ms. Expected it to take maximum 500 ms.
W, 3504, 17, 2013/05/24, 07:55:54.854, 3587370007370, QTAgent32.exe, &lt;a class=success&gt;Playback - {230} [SUCCESS] MouseButtonClick - "[MSAA, VisibleOnly]ControlType='Client'"
\0&lt;/a&gt;
W, 3504, 17, 2013/05/24, 07:55:55.360, 3587377260591, QTAgent32.exe, &lt;a class=success&gt;Playback - {231} [SUCCESS] SendKeys "{Home}" - "[MSAA, VisibleOnly]ControlType='Client'"
\0&lt;/a&gt;
W, 3504, 17, 2013/05/24, 07:55:55.621, 3587380997450, QTAgent32.exe, &lt;a class=success&gt;Playback - {232} [SUCCESS] MouseButtonClick - "[MSAA, VisibleOnly]ControlType='Button' &amp;&amp; Name='Accept'"
\0&lt;/a&gt;
W, 3504, 17, 2013/05/24, 07:55:57.867, 3587413149452, QTAgent32.exe, &lt;a class=success&gt;Playback - {233} [SUCCESS] MouseButtonClick - "[MSAA, VisibleOnly]ControlType='Button' &amp;&amp; Name='Yes'"
\0&lt;/a&gt;
W, 3504, 17, 2013/05/24, 07:55:58.995, 3587429300682, QTAgent32.exe, Playback - [WARNING] Internal warning: Window Not Found: [VisibleOnly]ControlType='Window' &amp;&amp; Name='Save the file as' &amp;&amp; ClassName='#32770'
\0
E, 3504, 17, 2013/05/24, 07:55:58.995, 3587429304665, QTAgent32.exe, &lt;a class=failure&gt;Playback - {234} [FAILED] Function ElementFetcher::FindScreenElement failed to locate UI element (Searching: ;[VisibleOnly]ControlType='Window' &amp;&amp; Name='Save the file as' &amp;&amp; ClassName='#32770') (The object specified was not found.)
\0&lt;/a&gt;
E, 3504, 17, 2013/05/24, 07:55:59.123, 3587431128584, QTAgent32.exe, Playback - [IMAGE] C:\Users\testuser\AppData\Local\Temp\UITestLogs\LastRun\RPF1CFF.png
\0
W, 3504, 17, 2013/05/24, 07:55:59.123, 3587431130898, QTAgent32.exe, Playback - [WARNING] Internal warning: Couldn't find descendants that match QueryId
\0
W, 3504, 17, 2013/05/24, 07:55:59.123, 3587431134137, QTAgent32.exe, PERF WARNING: FindTopLevelWindowHelper::FindAllDescendents: took 1153 ms. Expected it to take maximum 500 ms.
W, 3504, 17, 2013/05/24, 07:56:17.210, 3587690104818, QTAgent32.exe, Playback - [WARNING] Internal warning: Window Not Found: [VisibleOnly]ControlType='Window' &amp;&amp; Name='Save the file as' &amp;&amp; ClassName='#32770'
\0
E, 3504, 17, 2013/05/24, 07:56:17.210, 3587690111534, QTAgent32.exe, &lt;a class=failure&gt;Playback - {235} [FAILED] Function ElementFetcher::FindScreenElement failed to locate UI element (Searching: ;[VisibleOnly]ControlType='Window' &amp;&amp; Name='Save the file as' &amp;&amp; ClassName='#32770') (The object specified was not found.)
\0&lt;/a&gt;
E, 3504, 17, 2013/05/24, 07:56:17.292, 3587691273204, QTAgent32.exe, Playback - [IMAGE] C:\Users\testuser\AppData\Local\Temp\UITestLogs\LastRun\RPF641D.png
\0
W, 3504, 17, 2013/05/24, 07:56:17.292, 3587691275901, QTAgent32.exe, Playback - [WARNING] Internal warning: Couldn't find descendants that match QueryId
\0
W, 3504, 17, 2013/05/24, 07:56:17.292, 3587691282156, QTAgent32.exe, PERF WARNING: FindTopLevelWindowHelper::FindAllDescendents: took 18168 ms. Expected it to take maximum 500 ms.
W, 3504, 17, 2013/05/24, 07:56:17.795, 3587698482516, QTAgent32.exe, Playback - [WARNING] Internal warning: Smart Match failed
\0
W, 3504, 17, 2013/05/24, 07:56:18.031, 3587701866328, QTAgent32.exe, Playback - [WARNING] Internal warning: Smart Match failed
\0
W, 3504, 17, 2013/05/24, 07:56:18.266, 3587705233089, QTAgent32.exe, Playback - [WARNING] Internal warning: Smart Match failed
\0
W, 3504, 17, 2013/05/24, 07:56:18.502, 3587708612497, QTAgent32.exe, Playback - [WARNING] Internal warning: Smart Match failed
\0
W, 3504, 17, 2013/05/24, 07:56:18.734, 3587711932518, QTAgent32.exe, Playback - [WARNING] Internal warning: Smart Match failed
\0
W, 3504, 17, 2013/05/24, 07:56:18.964, 3587715221286, QTAgent32.exe, Playback - [WARNING] Internal warning: Smart Match failed
\0
W, 3504, 17, 2013/05/24, 07:56:19.196, 3587718547541, QTAgent32.exe, Playback - [WARNING] Internal warning: Smart Match failed
\0
W, 3504, 17, 2013/05/24, 07:56:19.424, 3587721815138, QTAgent32.exe, Playback - [WARNING] Internal warning: Smart Match failed
\0
W, 3504, 17, 2013/05/24, 07:56:19.663, 3587725227631, QTAgent32.exe, Playback - [WARNING] Internal warning: Smart Match failed
\0
W, 3504, 17, 2013/05/24, 07:56:19.892, 3587728497068, QTAgent32.exe, Playback - [WARNING] Internal warning: Smart Match failed
\0
W, 3504, 17, 2013/05/24, 07:56:20.120, 3587731765131, QTAgent32.exe, Playback - [WARNING] Internal warning: Smart Match failed
\0
W, 3504, 17, 2013/05/24, 07:56:20.350, 3587735066488, QTAgent32.exe, Playback - [WARNING] Internal warning: Smart Match failed
\0
W, 3504, 17, 2013/05/24, 07:56:20.557, 3587738020869, QTAgent32.exe, Playback - [WARNING] Internal warning: Window Not Found: [VisibleOnly]ControlType='Window' &amp;&amp; Name='Save the file as' &amp;&amp; ClassName='#32770'
\0
E, 3504, 17, 2013/05/24, 07:56:20.557, 3587738023744, QTAgent32.exe, &lt;a class=failure&gt;Playback - {236} [FAILED] Function ElementFetcher::FindScreenElement failed to locate UI element (Searching: ;[VisibleOnly]ControlType='Window' &amp;&amp; Name='Save the file as' &amp;&amp; ClassName='#32770') (The object specified was not found.)
\0&lt;/a&gt;
E, 3504, 17, 2013/05/24, 07:56:20.636, 3587739156282, QTAgent32.exe, Playback - [IMAGE] C:\Users\testuser\AppData\Local\Temp\UITestLogs\LastRun\RPF7138.png
\0
W, 3504, 17, 2013/05/24, 07:56:20.636, 3587739159026, QTAgent32.exe, Playback - [WARNING] Internal warning: Couldn't find descendants that match QueryId
\0
W, 3504, 17, 2013/05/24, 07:56:20.636, 3587739161782, QTAgent32.exe, PERF WARNING: FindTopLevelWindowHelper::FindAllDescendents: took 3343 ms. Expected it to take maximum 500 ms.
E, 3504, 17, 2013/05/24, 07:56:20.636, 3587739163677, QTAgent32.exe, Exception: System.Runtime.InteropServices.COMException
	Message: Error HRESULT E_FAIL has been returned from a call to a COM component.
	Stack Trace:    at Microsoft.VisualStudio.TestTools.UITest.Playback.Engine.IRPFPlayback.FindAllScreenElements(IScreenElement pScreenElementStart, String bstrQueryId, Object&amp; pvarResKeys, Int32 cResKeys, Int32 nMaxDepth, Object[]&amp; foundDescendants)
   at Microsoft.VisualStudio.TestTools.UITest.Playback.ScreenElement.FindTopLevelWindowHelper(String queryId)
	BaseExceptionMessage: Error HRESULT E_FAIL has been returned from a call to a COM component.

E, 3504, 17, 2013/05/24, 07:56:20.737, 3587740609781, QTAgent32.exe, AL: Playback Error: Microsoft.VisualStudio.TestTools.UITest.Extension.UITestControlNotFoundException: The playback failed to find the control with the given search properties. Additional Details: 
TechnologyName:  'MSAA'
ControlType:  'Window'
Name:  'Save the file as'
ClassName:  '#32770'
 ---&gt; System.Runtime.InteropServices.COMException: Error HRESULT E_FAIL has been returned from a call to a COM component.
   at Microsoft.VisualStudio.TestTools.UITest.Playback.Engine.IRPFPlayback.FindAllScreenElements(IScreenElement pScreenElementStart, String bstrQueryId, Object&amp; pvarResKeys, Int32 cResKeys, Int32 nMaxDepth, Object[]&amp; foundDescendants)
   at Microsoft.VisualStudio.TestTools.UITest.Playback.ScreenElement.FindTopLevelWindowHelper(String queryId)
   at Microsoft.VisualStudio.TestTools.UITest.Playback.ScreenElement.FindFromPartialQueryId(String queryId)
   at Microsoft.VisualStudio.TestTools.UITesting.UITestControl..ctor(String queryId)
   --- End of inner exception stack trace ---
   at Microsoft.VisualStudio.TestTools.UITesting.Playback.MapControlNotFoundException(COMException ex, IPlaybackContext context)
   at Microsoft.VisualStudio.TestTools.UITesting.Playback.MapAndThrowComException(COMException innerException, IPlaybackContext context)
   at Microsoft.VisualStudio.TestTools.UITesting.Playback.MapAndThrowException(SystemException exception, IPlaybackContext context)
   at Microsoft.VisualStudio.TestTools.UITesting.Playback.MapAndThrowException(SystemException exception, String queryId)
   at Microsoft.VisualStudio.TestTools.UITesting.UITestControl..ctor(String queryId)
   at Microsoft.VisualStudio.TestTools.UITesting.SearchHelper.SearchTopLevelWindow(ISearchArgument topLevelSearchArg, String topLevelElementQueryId)
   at Microsoft.VisualStudio.TestTools.UITesting.SearchHelper.GetTitleUpdatedTopLevelWindow(ISearchArgument topLevelSearchArg, String queryId, IList`1 windowTitles)
   at Microsoft.VisualStudio.TestTools.UITesting.SearchHelper.GetTopLevelElement(Boolean useCache, Boolean useCacheOnly, ISearchArgument searchArg, IList`1 windowTitles, Int32&amp; timeLeft)
   at Microsoft.VisualStudio.TestTools.UITesting.SearchHelper.GetElement(Boolean useCache, ISearchArgument searchArg)
   at Microsoft.VisualStudio.TestTools.UITesting.SearchHelper.Search(ISearchArgument searchArg)
   at Microsoft.VisualStudio.TestTools.UITesting.UITestControl.FindInternal()
   at Microsoft.VisualStudio.TestTools.UITesting.UITestControl.FindControlIfNecessary()
   at Microsoft.VisualStudio.TestTools.UITesting.UITestControl.Click(MouseButtons button, ModifierKeys modifierKeys, Point relativeCoordinates)
   at Microsoft.VisualStudio.TestTools.UITesting.Mouse.ClickImplementation(UITestControl control, MouseButtons button, ModifierKeys modifierKeys, Point relativeCoordinate)
   at Microsoft.VisualStudio.TestTools.UITesting.Mouse.ClickImplementationWrapper(UITestControl control, MouseButtons button, ModifierKeys modifierKeys, Point relativeCoordinate)
W, 3504, 17, 2013/05/24, 07:56:20.738, 3587740613110, QTAgent32.exe, PlaybackErrorHandler: Ignoring exception as ContinueOnError is set.
E, 3504, 17, 2013/05/24, 07:56:20.738, 3587740618432, QTAgent32.exe, GetClassName for handle 6097330 failed
W, 3504, 17, 2013/05/24, 07:56:20.974, 3587743995955, QTAgent32.exe, &lt;a class=success&gt;Playback - {237} [SUCCESS] MouseButtonClick - "[MSAA, VisibleOnly]ControlType='Button' &amp;&amp; Name='Ok'"
\0&lt;/a&gt;
W, 3504, 17, 2013/05/24, 07:56:27.943, 3587843785957, QTAgent32.exe, Playback - [WARNING] Internal warning: Window Not Found: [VisibleOnly]ControlType='Window' &amp;&amp; Name='Save the file as' &amp;&amp; ClassName='#32770'
\0
E, 3504, 17, 2013/05/24, 07:56:27.944, 3587843796265, QTAgent32.exe, &lt;a class=failure&gt;Playback - {238} [FAILED] Function ElementFetcher::FindScreenElement failed to locate UI element (Searching: ;[VisibleOnly]ControlType='Window' &amp;&amp; Name='Save the file as' &amp;&amp; ClassName='#32770') (The object specified was not found.)
\0&lt;/a&gt;
E, 3504, 17, 2013/05/24, 07:56:28.053, 3587845349881, QTAgent32.exe, Playback - [IMAGE] C:\Users\testuser\AppData\Local\Temp\UITestLogs\LastRun\RPF8E0C.png
\0
W, 3504, 17, 2013/05/24, 07:56:28.053, 3587845352303, QTAgent32.exe, Playback - [WARNING] Internal warning: Couldn't find descendants that match QueryId
\0
W, 3504, 17, 2013/05/24, 07:56:28.053, 3587845360568, QTAgent32.exe, PERF WARNING: FindTopLevelWindowHelper::FindAllDescendents: took 6978 ms. Expected it to take maximum 500 ms.
W, 3504, 17, 2013/05/24, 07:56:46.046, 3588102983342, QTAgent32.exe, Playback - [WARNING] Internal warning: Window Not Found: [VisibleOnly]ControlType='Window' &amp;&amp; Name='Save the file as' &amp;&amp; ClassName='#32770'
\0
E, 3504, 17, 2013/05/24, 07:56:46.046, 3588102990692, QTAgent32.exe, &lt;a class=failure&gt;Playback - {239} [FAILED] Function ElementFetcher::FindScreenElement failed to locate UI element (Searching: ;[VisibleOnly]ControlType='Window' &amp;&amp; Name='Save the file as' &amp;&amp; ClassName='#32770') (The object specified was not found.)
\0&lt;/a&gt;
E, 3504, 17, 2013/05/24, 07:56:46.134, 3588104248314, QTAgent32.exe, Playback - [IMAGE] C:\Users\testuser\AppData\Local\Temp\UITestLogs\LastRun\RPFD4CD.png
\0
W, 3504, 17, 2013/05/24, 07:56:46.134, 3588104250770, QTAgent32.exe, Playback - [WARNING] Internal warning: Couldn't find descendants that match QueryId
\0
W, 3504, 17, 2013/05/24, 07:56:46.135, 3588104259453, QTAgent32.exe, PERF WARNING: FindTopLevelWindowHelper::FindAllDescendents: took 18081 ms. Expected it to take maximum 500 ms.
W, 3504, 17, 2013/05/24, 07:56:46.643, 3588111533108, QTAgent32.exe, Playback - [WARNING] Internal warning: Smart Match failed
\0
W, 3504, 17, 2013/05/24, 07:56:46.888, 3588115045409, QTAgent32.exe, Playback - [WARNING] Internal warning: Smart Match failed
\0
W, 3504, 17, 2013/05/24, 07:56:47.122, 3588118382590, QTAgent32.exe, Playback - [WARNING] Internal warning: Smart Match failed
\0
W, 3504, 17, 2013/05/24, 07:56:47.355, 3588121719980, QTAgent32.exe, Playback - [WARNING] Internal warning: Smart Match failed
\0
W, 3504, 17, 2013/05/24, 07:56:47.592, 3588125119936, QTAgent32.exe, Playback - [WARNING] Internal warning: Smart Match failed
\0
W, 3504, 17, 2013/05/24, 07:56:47.829, 3588128514994, QTAgent32.exe, Playback - [WARNING] Internal warning: Smart Match failed
\0
W, 3504, 17, 2013/05/24, 07:56:48.062, 3588131844380, QTAgent32.exe, Playback - [WARNING] Internal warning: Smart Match failed
\0
W, 3504, 17, 2013/05/24, 07:56:48.297, 3588135210683, QTAgent32.exe, Playback - [WARNING] Internal warning: Smart Match failed
\0
W, 3504, 17, 2013/05/24, 07:56:48.535, 3588138614571, QTAgent32.exe, Playback - [WARNING] Internal warning: Smart Match failed
\0
W, 3504, 17, 2013/05/24, 07:56:48.771, 3588141999074, QTAgent32.exe, Playback - [WARNING] Internal warning: Smart Match failed
\0
W, 3504, 17, 2013/05/24, 07:56:49.004, 3588145338485, QTAgent32.exe, Playback - [WARNING] Internal warning: Smart Match failed
\0
W, 3504, 17, 2013/05/24, 07:56:49.238, 3588148693171, QTAgent32.exe, Playback - [WARNING] Internal warning: Smart Match failed
\0
W, 3504, 17, 2013/05/24, 07:56:49.355, 3588150360291, QTAgent32.exe, Playback - [WARNING] Internal warning: Window Not Found: [VisibleOnly]ControlType='Window' &amp;&amp; Name='Save the file as' &amp;&amp; ClassName='#32770'
\0
E, 3504, 17, 2013/05/24, 07:56:49.355, 3588150363109, QTAgent32.exe, &lt;a class=failure&gt;Playback - {240} [FAILED] Function ElementFetcher::FindScreenElement failed to locate UI element (Searching: ;[VisibleOnly]ControlType='Window' &amp;&amp; Name='Save the file as' &amp;&amp; ClassName='#32770') (The object specified was not found.)
\0&lt;/a&gt;
E, 3504, 17, 2013/05/24, 07:56:49.434, 3588151495789, QTAgent32.exe, Playback - [IMAGE] C:\Users\testuser\AppData\Local\Temp\UITestLogs\LastRun\RPFE1B9.png
\0
W, 3504, 17, 2013/05/24, 07:56:49.434, 3588151498007, QTAgent32.exe, Playback - [WARNING] Internal warning: Couldn't find descendants that match QueryId
\0
W, 3504, 17, 2013/05/24, 07:56:49.434, 3588151501278, QTAgent32.exe, PERF WARNING: FindTopLevelWindowHelper::FindAllDescendents: took 3299 ms. Expected it to take maximum 500 ms.
E, 3504, 17, 2013/05/24, 07:56:49.435, 3588151503700, QTAgent32.exe, Exception: System.Runtime.InteropServices.COMException
	Message: Error HRESULT E_FAIL has been returned from a call to a COM component.
	Stack Trace:    at Microsoft.VisualStudio.TestTools.UITest.Playback.Engine.IRPFPlayback.FindAllScreenElements(IScreenElement pScreenElementStart, String bstrQueryId, Object&amp; pvarResKeys, Int32 cResKeys, Int32 nMaxDepth, Object[]&amp; foundDescendants)
   at Microsoft.VisualStudio.TestTools.UITest.Playback.ScreenElement.FindTopLevelWindowHelper(String queryId)
	BaseExceptionMessage: Error HRESULT E_FAIL has been returned from a call to a COM component.

E, 3504, 17, 2013/05/24, 07:56:49.536, 3588152949783, QTAgent32.exe, AL: Playback Error: Microsoft.VisualStudio.TestTools.UITest.Extension.UITestControlNotFoundException: The playback failed to find the control with the given search properties. Additional Details: 
TechnologyName:  'MSAA'
ControlType:  'Window'
Name:  'Save the file as'
ClassName:  '#32770'
 ---&gt; System.Runtime.InteropServices.COMException: Error HRESULT E_FAIL has been returned from a call to a COM component.
   at Microsoft.VisualStudio.TestTools.UITest.Playback.Engine.IRPFPlayback.FindAllScreenElements(IScreenElement pScreenElementStart, String bstrQueryId, Object&amp; pvarResKeys, Int32 cResKeys, Int32 nMaxDepth, Object[]&amp; foundDescendants)
   at Microsoft.VisualStudio.TestTools.UITest.Playback.ScreenElement.FindTopLevelWindowHelper(String queryId)
   at Microsoft.VisualStudio.TestTools.UITest.Playback.ScreenElement.FindFromPartialQueryId(String queryId)
   at Microsoft.VisualStudio.TestTools.UITesting.UITestControl..ctor(String queryId)
   --- End of inner exception stack trace ---
   at Microsoft.VisualStudio.TestTools.UITesting.Playback.MapControlNotFoundException(COMException ex, IPlaybackContext context)
   at Microsoft.VisualStudio.TestTools.UITesting.Playback.MapAndThrowComException(COMException innerException, IPlaybackContext context)
   at Microsoft.VisualStudio.TestTools.UITesting.Playback.MapAndThrowException(SystemException exception, IPlaybackContext context)
   at Microsoft.VisualStudio.TestTools.UITesting.Playback.MapAndThrowException(SystemException exception, String queryId)
   at Microsoft.VisualStudio.TestTools.UITesting.UITestControl..ctor(String queryId)
   at Microsoft.VisualStudio.TestTools.UITesting.SearchHelper.SearchTopLevelWindow(ISearchArgument topLevelSearchArg, String topLevelElementQueryId)
   at Microsoft.VisualStudio.TestTools.UITesting.SearchHelper.GetTitleUpdatedTopLevelWindow(ISearchArgument topLevelSearchArg, String queryId, IList`1 windowTitles)
   at Microsoft.VisualStudio.TestTools.UITesting.SearchHelper.GetTopLevelElement(Boolean useCache, Boolean useCacheOnly, ISearchArgument searchArg, IList`1 windowTitles, Int32&amp; timeLeft)
   at Microsoft.VisualStudio.TestTools.UITesting.SearchHelper.GetElement(Boolean useCache, ISearchArgument searchArg)
   at Microsoft.VisualStudio.TestTools.UITesting.SearchHelper.Search(ISearchArgument searchArg)
   at Microsoft.VisualStudio.TestTools.UITesting.UITestControl.FindInternal()
   at Microsoft.VisualStudio.TestTools.UITesting.UITestControl.FindControlIfNecessary()
   at Microsoft.VisualStudio.TestTools.UITesting.UITestControl.Click(MouseButtons button, ModifierKeys modifierKeys, Point relativeCoordinates)
   at Microsoft.VisualStudio.TestTools.UITesting.Mouse.ClickImplementation(UITestControl control, MouseButtons button, ModifierKeys modifierKeys, Point relativeCoordinate)
   at Microsoft.VisualStudio.TestTools.UITesting.Mouse.ClickImplementationWrapper(UITestControl control, MouseButtons button, ModifierKeys modifierKeys, Point relativeCoordinate)
W, 3504, 17, 2013/05/24, 07:56:49.536, 3588152953811, QTAgent32.exe, PlaybackErrorHandler: Ignoring exception as ContinueOnError is set.
W, 3504, 17, 2013/05/24, 07:56:51.687, 3588183745673, QTAgent32.exe, &lt;a class=success&gt;Playback - {241} [SUCCESS] MouseButtonClick - "[MSAA, VisibleOnly]ControlType='Button' &amp;&amp; Name='OK'"
\0&lt;/a&gt;
W, 3504, 17, 2013/05/24, 07:56:57.114, 3588261453892, QTAgent32.exe, Playback - [WARNING] Internal warning: Window Not Found: [VisibleOnly]ControlType='Window' &amp;&amp; Name='Save the file as' &amp;&amp; ClassName='#32770'
\0
E, 3504, 17, 2013/05/24, 07:56:57.114, 3588261458488, QTAgent32.exe, &lt;a class=failure&gt;Playback - {242} [FAILED] Function ElementFetcher::FindScreenElement failed to locate UI element (Searching: ;[VisibleOnly]ControlType='Window' &amp;&amp; Name='Save the file as' &amp;&amp; ClassName='#32770') (The object specified was not found.)
\0&lt;/a&gt;
E, 3504, 17, 2013/05/24, 07:56:57.198, 3588262655031, QTAgent32.exe, Playback - [IMAGE] C:\Users\testuser\AppData\Local\Temp\UITestLogs\LastRun\RPF3.png
\0
W, 3504, 17, 2013/05/24, 07:56:57.198, 3588262657557, QTAgent32.exe, Playback - [WARNING] Internal warning: Couldn't find descendants that match QueryId
\0
W, 3504, 17, 2013/05/24, 07:56:57.198, 3588262660934, QTAgent32.exe, PERF WARNING: FindTopLevelWindowHelper::FindAllDescendents: took 5411 ms. Expected it to take maximum 500 ms.
W, 3504, 17, 2013/05/24, 07:57:15.301, 3588521855230, QTAgent32.exe, Playback - [WARNING] Internal warning: Window Not Found: [VisibleOnly]ControlType='Window' &amp;&amp; Name='Save the file as' &amp;&amp; ClassName='#32770'
\0
E, 3504, 17, 2013/05/24, 07:57:15.301, 3588521863538, QTAgent32.exe, &lt;a class=failure&gt;Playback - {243} [FAILED] Function ElementFetcher::FindScreenElement failed to locate UI element (Searching: ;[VisibleOnly]ControlType='Window' &amp;&amp; Name='Save the file as' &amp;&amp; ClassName='#32770') (The object specified was not found.)
\0&lt;/a&gt;
E, 3504, 17, 2013/05/24, 07:57:15.383, 3588523030110, QTAgent32.exe, Playback - [IMAGE] C:\Users\testuser\AppData\Local\Temp\UITestLogs\LastRun\RPF4712.png
\0
W, 3504, 17, 2013/05/24, 07:57:15.383, 3588523032593, QTAgent32.exe, Playback - [WARNING] Internal warning: Couldn't find descendants that match QueryId
\0
W, 3504, 17, 2013/05/24, 07:57:15.383, 3588523040849, QTAgent32.exe, PERF WARNING: FindTopLevelWindowHelper::FindAllDescendents: took 18184 ms. Expected it to take maximum 500 ms.
W, 3504, 17, 2013/05/24, 07:57:15.906, 3588530521255, QTAgent32.exe, Playback - [WARNING] Internal warning: Smart Match failed
\0
W, 3504, 17, 2013/05/24, 07:57:16.142, 3588533902798, QTAgent32.exe, Playback - [WARNING] Internal warning: Smart Match failed
\0
W, 3504, 17, 2013/05/24, 07:57:16.372, 3588537203287, QTAgent32.exe, Playback - [WARNING] Internal warning: Smart Match failed
\0
W, 3504, 17, 2013/05/24, 07:57:16.673, 3588541512364, QTAgent32.exe, Playback - [WARNING] Internal warning: Smart Match failed
\0
W, 3504, 17, 2013/05/24, 07:57:16.911, 3588544918842, QTAgent32.exe, Playback - [WARNING] Internal warning: Smart Match failed
\0
W, 3504, 17, 2013/05/24, 07:57:17.142, 3588548226320, QTAgent32.exe, Playback - [WARNING] Internal warning: Smart Match failed
\0
W, 3504, 17, 2013/05/24, 07:57:17.377, 3588551594076, QTAgent32.exe, Playback - [WARNING] Internal warning: Smart Match failed
\0
W, 3504, 17, 2013/05/24, 07:57:17.614, 3588554978624, QTAgent32.exe, Playback - [WARNING] Internal warning: Smart Match failed
\0
W, 3504, 17, 2013/05/24, 07:57:17.853, 3588558400089, QTAgent32.exe, Playback - [WARNING] Internal warning: Smart Match failed
\0
W, 3504, 17, 2013/05/24, 07:57:18.086, 3588561748243, QTAgent32.exe, Playback - [WARNING] Internal warning: Smart Match failed
\0
W, 3504, 17, 2013/05/24, 07:57:18.328, 3588565208237, QTAgent32.exe, Playback - [WARNING] Internal warning: Smart Match failed
\0
W, 3504, 17, 2013/05/24, 07:57:18.445, 3588566885328, QTAgent32.exe, Playback - [WARNING] Internal warning: Window Not Found: [VisibleOnly]ControlType='Window' &amp;&amp; Name='Save the file as' &amp;&amp; ClassName='#32770'
\0
E, 3504, 17, 2013/05/24, 07:57:18.445, 3588566888256, QTAgent32.exe, &lt;a class=failure&gt;Playback - {244} [FAILED] Function ElementFetcher::FindScreenElement failed to locate UI element (Searching: ;[VisibleOnly]ControlType='Window' &amp;&amp; Name='Save the file as' &amp;&amp; ClassName='#32770') (The object specified was not found.)
\0&lt;/a&gt;
E, 3504, 17, 2013/05/24, 07:57:18.530, 3588568090623, QTAgent32.exe, Playback - [IMAGE] C:\Users\testuser\AppData\Local\Temp\UITestLogs\LastRun\RPF5362.png
\0
W, 3504, 17, 2013/05/24, 07:57:18.530, 3588568093440, QTAgent32.exe, Playback - [WARNING] Internal warning: Couldn't find descendants that match QueryId
\0
W, 3504, 17, 2013/05/24, 07:57:18.530, 3588568096652, QTAgent32.exe, PERF WARNING: FindTopLevelWindowHelper::FindAllDescendents: took 3146 ms. Expected it to take maximum 500 ms.
E, 3504, 17, 2013/05/24, 07:57:18.530, 3588568099017, QTAgent32.exe, Exception: System.Runtime.InteropServices.COMException
	Message: Error HRESULT E_FAIL has been returned from a call to a COM component.
	Stack Trace:    at Microsoft.VisualStudio.TestTools.UITest.Playback.Engine.IRPFPlayback.FindAllScreenElements(IScreenElement pScreenElementStart, String bstrQueryId, Object&amp; pvarResKeys, Int32 cResKeys, Int32 nMaxDepth, Object[]&amp; foundDescendants)
   at Microsoft.VisualStudio.TestTools.UITest.Playback.ScreenElement.FindTopLevelWindowHelper(String queryId)
	BaseExceptionMessage: Error HRESULT E_FAIL has been returned from a call to a COM component.

E, 3504, 17, 2013/05/24, 07:57:18.632, 3588569555086, QTAgent32.exe, AL: Playback Error: Microsoft.VisualStudio.TestTools.UITest.Extension.UITestControlNotFoundException: The playback failed to find the control with the given search properties. Additional Details: 
TechnologyName:  'MSAA'
ControlType:  'Window'
Name:  'Save the file as'
ClassName:  '#32770'
 ---&gt; System.Runtime.InteropServices.COMException: Error HRESULT E_FAIL has been returned from a call to a COM component.
   at Microsoft.VisualStudio.TestTools.UITest.Playback.Engine.IRPFPlayback.FindAllScreenElements(IScreenElement pScreenElementStart, String bstrQueryId, Object&amp; pvarResKeys, Int32 cResKeys, Int32 nMaxDepth, Object[]&amp; foundDescendants)
   at Microsoft.VisualStudio.TestTools.UITest.Playback.ScreenElement.FindTopLevelWindowHelper(String queryId)
   at Microsoft.VisualStudio.TestTools.UITest.Playback.ScreenElement.FindFromPartialQueryId(String queryId)
   at Microsoft.VisualStudio.TestTools.UITesting.UITestControl..ctor(String queryId)
   --- End of inner exception stack trace ---
   at Microsoft.VisualStudio.TestTools.UITesting.Playback.MapControlNotFoundException(COMException ex, IPlaybackContext context)
   at Microsoft.VisualStudio.TestTools.UITesting.Playback.MapAndThrowComException(COMException innerException, IPlaybackContext context)
   at Microsoft.VisualStudio.TestTools.UITesting.Playback.MapAndThrowException(SystemException exception, IPlaybackContext context)
   at Microsoft.VisualStudio.TestTools.UITesting.Playback.MapAndThrowException(SystemException exception, String queryId)
   at Microsoft.VisualStudio.TestTools.UITesting.UITestControl..ctor(String queryId)
   at Microsoft.VisualStudio.TestTools.UITesting.SearchHelper.SearchTopLevelWindow(ISearchArgument topLevelSearchArg, String topLevelElementQueryId)
   at Microsoft.VisualStudio.TestTools.UITesting.SearchHelper.GetTitleUpdatedTopLevelWindow(ISearchArgument topLevelSearchArg, String queryId, IList`1 windowTitles)
   at Microsoft.VisualStudio.TestTools.UITesting.SearchHelper.GetTopLevelElement(Boolean useCache, Boolean useCacheOnly, ISearchArgument searchArg, IList`1 windowTitles, Int32&amp; timeLeft)
   at Microsoft.VisualStudio.TestTools.UITesting.SearchHelper.GetElement(Boolean useCache, ISearchArgument searchArg)
   at Microsoft.VisualStudio.TestTools.UITesting.SearchHelper.Search(ISearchArgument searchArg)
   at Microsoft.VisualStudio.TestTools.UITesting.UITestControl.FindInternal()
   at Microsoft.VisualStudio.TestTools.UITesting.UITestControl.FindControlIfNecessary()
   at Microsoft.VisualStudio.TestTools.UITesting.UITestControl.Click(MouseButtons button, ModifierKeys modifierKeys, Point relativeCoordinates)
   at Microsoft.VisualStudio.TestTools.UITesting.Mouse.ClickImplementation(UITestControl control, MouseButtons button, ModifierKeys modifierKeys, Point relativeCoordinate)
   at Microsoft.VisualStudio.TestTools.UITesting.Mouse.ClickImplementationWrapper(UITestControl control, MouseButtons button, ModifierKeys modifierKeys, Point relativeCoordinate)
W, 3504, 17, 2013/05/24, 07:57:18.632, 3588569558331, QTAgent32.exe, PlaybackErrorHandler: Ignoring exception as ContinueOnError is set.
W, 3504, 17, 2013/05/24, 07:57:18.648, 3588569780652, QTAgent32.exe, Playback - [WARNING] Internal warning: Thread state based WFR - Requested element has invalid HWND
\0
W, 3504, 17, 2013/05/24, 07:57:18.648, 3588569783084, QTAgent32.exe, Playback - [WARNING] Internal warning: process performance counters based WFR - Requested element has invalid HWND
\0
E, 3504, 17, 2013/05/24, 07:57:18.648, 3588569787607, QTAgent32.exe, EnsureValid called via EnsureValid call for same element
E, 3504, 17, 2013/05/24, 07:57:18.649, 3588569791309, QTAgent32.exe, EnsureValid called via EnsureValid call for same element
E, 3504, 17, 2013/05/24, 07:57:18.649, 3588569793085, QTAgent32.exe, EnsureValid called via EnsureValid call for same element
E, 3504, 17, 2013/05/24, 07:57:18.649, 3588569799687, QTAgent32.exe, Window 3475820 not responding. Last Win32 error 1400
E, 3504, 17, 2013/05/24, 07:57:18.649, 3588569801420, QTAgent32.exe, GetClassName for handle 3475820 failed
W, 3504, 17, 2013/05/24, 07:57:18.790, 3588571809071, QTAgent32.exe, &lt;a class=success&gt;Playback - {245} [SUCCESS] Check - "[MSAA, VisibleOnly]ControlType='CheckBox' &amp;&amp; Name='Defer Printing?'"
\0&lt;/a&gt;
W, 3504, 17, 2013/05/24, 07:57:19.302, 3588579146875, QTAgent32.exe, &lt;a class=success&gt;Playback - {246} [SUCCESS] MouseButtonClick - "[MSAA, VisibleOnly]ControlType='Button' &amp;&amp; Name='Ok'"
\0&lt;/a&gt;
E, 3504, 17, 2013/05/24, 07:57:19.402, 3588580583836, QTAgent32.exe, GetClassName for handle 5571558 failed
W, 3504, 17, 2013/05/24, 07:57:20.019, 3588589420860, QTAgent32.exe, PERF WARNING: FindTopLevelWindowHelper::FindAllDescendents: took 616 ms. Expected it to take maximum 500 ms.
W, 3504, 17, 2013/05/24, 07:57:20.149, 3588591279816, QTAgent32.exe, &lt;a class=success&gt;Playback - {247} [SUCCESS] MouseButtonClick - "[MSAA, VisibleOnly]ControlType='Button' &amp;&amp; Name='OK'"
\0&lt;/a&gt;
E, 3504, 17, 2013/05/24, 07:57:20.253, 3588592761772, QTAgent32.exe, GetClassName for handle 7144572 failed
W, 3504, 17, 2013/05/24, 07:57:23.726, 3588642493430, QTAgent32.exe, PERF WARNING: FindTopLevelWindowHelper::FindAllDescendents: took 3472 ms. Expected it to take maximum 500 ms.
W, 3504, 17, 2013/05/24, 07:57:23.861, 3588644430210, QTAgent32.exe, &lt;a class=success&gt;Playback - {248} [SUCCESS] MouseButtonClick - "[MSAA, VisibleOnly]ControlType='Button' &amp;&amp; Name='OK'"
\0&lt;/a&gt;
W, 3504, 17, 2013/05/24, 07:57:23.961, 3588645860633, QTAgent32.exe, Playback - [WARNING] Internal warning: Thread state based WFR - Requested element has invalid HWND
\0
W, 3504, 17, 2013/05/24, 07:57:23.961, 3588645862794, QTAgent32.exe, Playback - [WARNING] Internal warning: process performance counters based WFR - Requested element has invalid HWND
\0
E, 3504, 17, 2013/05/24, 07:57:23.962, 3588645866687, QTAgent32.exe, EnsureValid called via EnsureValid call for same element
E, 3504, 17, 2013/05/24, 07:57:23.962, 3588645871155, QTAgent32.exe, GetClassName for handle 7603434 failed
E, 3504, 17, 2013/05/24, 07:57:23.966, 3588645929845, QTAgent32.exe, EnsureValid called via EnsureValid call for same element
E, 3504, 17, 2013/05/24, 07:57:23.967, 3588645943956, QTAgent32.exe, EnsureValid called via EnsureValid call for same element
E, 3504, 17, 2013/05/24, 07:57:23.975, 3588646051740, QTAgent32.exe, Window 7603434 not responding. Last Win32 error 0
E, 3504, 17, 2013/05/24, 07:57:23.975, 3588646054272, QTAgent32.exe, GetClassName for handle 7603434 failed
W, 3504, 17, 2013/05/24, 07:57:24.282, 3588650455213, QTAgent32.exe, Playback - [WARNING] Internal warning: Window Not Found: [VisibleOnly]ControlType='Window' &amp;&amp; Name='Import to TAM' &amp;&amp; ClassName='TfImportToTam'
\0
E, 3504, 17, 2013/05/24, 07:57:24.284, 3588650476299, QTAgent32.exe, &lt;a class=failure&gt;Playback - {249} [FAILED] Function ElementFetcher::FindScreenElement failed to locate UI element (Searching: ;[VisibleOnly]ControlType='Window' &amp;&amp; Name='Import to TAM' &amp;&amp; ClassName='TfImportToTam') (The object specified was not found.)
\0&lt;/a&gt;
E, 3504, 17, 2013/05/24, 07:57:24.370, 3588651717852, QTAgent32.exe, Playback - [IMAGE] C:\Users\testuser\AppData\Local\Temp\UITestLogs\LastRun\RPF6A2D.png
\0
W, 3504, 17, 2013/05/24, 07:57:24.370, 3588651720353, QTAgent32.exe, Playback - [WARNING] Internal warning: Couldn't find descendants that match QueryId
\0
W, 3504, 17, 2013/05/24, 07:57:28.656, 3588713078218, QTAgent32.exe, PERF WARNING: FindTopLevelWindowHelper::FindAllDescendents: took 4284 ms. Expected it to take maximum 500 ms.
W, 3504, 17, 2013/05/24, 07:57:28.810, 3588715292493, QTAgent32.exe, &lt;a class=success&gt;Playback - {250} [SUCCESS] Uncheck - "[MSAA, VisibleOnly]ControlType='CheckBox' &amp;&amp; Name='Add Activity'"
\0&lt;/a&gt;
W, 3504, 17, 2013/05/24, 07:57:29.340, 3588722876081, QTAgent32.exe, &lt;a class=success&gt;Playback - {251} [SUCCESS] MouseButtonClick - "[MSAA, VisibleOnly]ControlType='Button' &amp;&amp; Name='Ok'"
\0&lt;/a&gt;
W, 3504, 17, 2013/05/24, 07:57:29.599, 3588726586373, QTAgent32.exe, &lt;a class=success&gt;Playback - {252} [SUCCESS] MouseButtonClick - "[MSAA, VisibleOnly]ControlType='Button' &amp;&amp; Name='Ok'"
\0&lt;/a&gt;
W, 3504, 17, 2013/05/24, 07:57:48.848, 3589002190939, QTAgent32.exe, PERF WARNING: FindTopLevelWindowHelper::FindAllDescendents: took 19147 ms. Expected it to take maximum 500 ms.
W, 3504, 17, 2013/05/24, 07:57:49.607, 3589013063893, QTAgent32.exe, &lt;a class=success&gt;Playback - {253} [SUCCESS] DoSelect - "[MSAA, VisibleOnly]ControlType='List'"
\0&lt;/a&gt;
W, 3504, 17, 2013/05/24, 07:57:51.705, 3589043105369, QTAgent32.exe, &lt;a class=success&gt;Playback - {254} [SUCCESS] MouseButtonClick - "[MSAA, VisibleOnly]ControlType='Button' &amp;&amp; Name='Ok'"
\0&lt;/a&gt;
E, 3504, 17, 2013/05/24, 07:57:51.807, 3589044566616, QTAgent32.exe, GetClassName for handle 5835046 failed
W, 3504, 17, 2013/05/24, 07:57:53.960, 3589075389499, QTAgent32.exe, &lt;a class=success&gt;Playback - {255} [SUCCESS] MouseButtonClick - "[MSAA, VisibleOnly]ControlType='Button' &amp;&amp; Name='OK'"
\0&lt;/a&gt;
W, 3504, 17, 2013/05/24, 07:57:55.650, 3589099580098, QTAgent32.exe, PERF WARNING: FindAllDescendents: took 1586 ms. Expected it to take maximum 500 ms.
W, 3504, 17, 2013/05/24, 07:57:55.773, 3589101349568, QTAgent32.exe, &lt;a class=success&gt;Playback - {256} [SUCCESS] MouseButtonClick - "[MSAA, VisibleOnly]ControlType='Button' &amp;&amp; Name='Exit'"
\0&lt;/a&gt;
E, 3504, 17, 2013/05/24, 07:57:55.873, 3589102784079, QTAgent32.exe, GetClassName for handle 2557778 failed
W, 3504, 17, 2013/05/24, 07:57:56.161, 3589106907986, QTAgent32.exe, &lt;a class=success&gt;Playback - {257} [SUCCESS] MouseButtonClick - "[MSAA, VisibleOnly]ControlType='Button' &amp;&amp; Name='Yes'"
\0&lt;/a&gt;
W, 3504, 17, 2013/05/24, 07:57:56.531, 3589112197951, QTAgent32.exe, &lt;a class=success&gt;Playback - {258} [SUCCESS] MouseButtonClick - "[MSAA, VisibleOnly]ControlType='Button' &amp;&amp; Name='Cancel'"
\0&lt;/a&gt;
W, 3504, 17, 2013/05/24, 07:57:57.014, 3589119115146, QTAgent32.exe, &lt;a class=success&gt;Playback - {259} [SUCCESS] MouseButtonClick - "[MSAA, VisibleOnly]ControlType='Button'"
\0&lt;/a&gt;
W, 3504, 17, 2013/05/24, 07:57:57.579, 3589127209189, QTAgent32.exe, &lt;a class=success&gt;Playback - {260} [SUCCESS] MouseButtonClick - "[MSAA, VisibleOnly]ControlType='Button' &amp;&amp; Name='Detail'"
\0&lt;/a&gt;
W, 3504, 17, 2013/05/24, 07:57:57.923, 3589132124115, QTAgent32.exe, &lt;a class=success&gt;Playback - {261} [SUCCESS] MouseButtonClick - "[MSAA, VisibleOnly]ControlType='Button' &amp;&amp; Name='Cancel'"
\0&lt;/a&gt;
W, 3504, 17, 2013/05/24, 07:58:01.866, 3589188598374, QTAgent32.exe, IEDOM : StopSession of the plugin called before StartSession
W, 3504, 17, 2013/05/24, 07:58:01.867, 3589188601483, QTAgent32.exe, UIA : StopSession of the plugin called before StartSession
</DebugTrace>
      </Output>
    </UnitTestResult>
    <UnitTestResult executionId="0dbf5893-c5be-4b6d-864d-2d499abcc041" testId="72861ca4-760f-1d55-3273-faac7fb22762" testName="MotoRebrokeRenewNewScheme" computerName="ICLVDEVTM02" duration="00:15:30.5491648" startTime="2013-05-24T07:58:02.8601325+01:00" endTime="2013-05-24T08:13:34.1728942+01:00" testType="13cdc9d9-ddb5-4fa4-a97d-d965ccfc6d4b" outcome="Passed" testListId="8c84fa94-04c1-424b-9868-57a2d4851a1d" relativeResultsDirectory="0dbf5893-c5be-4b6d-864d-2d499abcc041">
      <Output>
        <DebugTrace>W, 3504, 95, 2013/05/24, 07:58:08.964, 3589290217562, QTAgent32.exe, &lt;a class=success&gt;Playback - {1} [SUCCESS] MouseButtonClick - "[MSAA, VisibleOnly]ControlType='Edit'"
\0&lt;/a&gt;
W, 3504, 95, 2013/05/24, 07:58:09.310, 3589295180810, QTAgent32.exe, &lt;a class=success&gt;Playback - {2} [SUCCESS] SendKeys "[*]" - "[MSAA, VisibleOnly]ControlType='Edit'"
\0&lt;/a&gt;
W, 3504, 95, 2013/05/24, 07:58:10.098, 3589306451586, QTAgent32.exe, &lt;a class=success&gt;Playback - {3} [SUCCESS] MouseButtonClick - "[MSAA, VisibleOnly]ControlType='Button' &amp;&amp; Name='OK'"
\0&lt;/a&gt;
W, 3504, 95, 2013/05/24, 07:58:10.500, 3589312211224, QTAgent32.exe, &lt;a class=success&gt;Playback - {4} [SUCCESS] SendKeys "^{HOME}" - "[MSAA, VisibleOnly]ControlType='Edit'"
\0&lt;/a&gt;
E, 3504, 95, 2013/05/24, 07:58:10.500, 3589312214829, QTAgent32.exe, Msaa.GetFocusedElement: could not find accessible object of foreground window
W, 3504, 95, 2013/05/24, 07:58:10.563, 3589313127787, QTAgent32.exe, &lt;a class=success&gt;Playback - {5} [SUCCESS] SendKeys "^+{END}" - "[MSAA, VisibleOnly]ControlType='Edit'"
\0&lt;/a&gt;
E, 3504, 95, 2013/05/24, 07:58:10.566, 3589313155646, QTAgent32.exe, Msaa.GetFocusedElement: could not find accessible object of foreground window
W, 3504, 95, 2013/05/24, 07:58:10.635, 3589314137320, QTAgent32.exe, &lt;a class=success&gt;Playback - {6} [SUCCESS] SendKeys "{DELETE}" - "[MSAA, VisibleOnly]ControlType='Edit'"
\0&lt;/a&gt;
W, 3504, 95, 2013/05/24, 07:58:11.197, 3589322193876, QTAgent32.exe, &lt;a class=success&gt;Playback - {7} [SUCCESS] SetValueAsEditBox "24/05/2013" - "[MSAA, VisibleOnly]ControlType='Edit'"  &lt; Set via SendKeys &gt;
\0&lt;/a&gt;
W, 3504, 95, 2013/05/24, 07:58:11.884, 3589332026363, QTAgent32.exe, Playback - [WARNING] Internal warning: Incorrect flag set for InvokeProgrammaticAction\0
W, 3504, 95, 2013/05/24, 07:58:12.005, 3589333758378, QTAgent32.exe, &lt;a class=success&gt;Playback - {8} [SUCCESS] SetValueAsComboBox "May" - "[MSAA, VisibleOnly]ControlType='ComboBox'"  &lt; SetValueAsComboBox, set by clicking on the item in the list box &gt;
\0&lt;/a&gt;
W, 3504, 95, 2013/05/24, 07:58:12.313, 3589338175201, QTAgent32.exe, &lt;a class=success&gt;Playback - {9} [SUCCESS] SendKeys "^{HOME}" - "[MSAA, VisibleOnly]ControlType='Edit'"
\0&lt;/a&gt;
E, 3504, 95, 2013/05/24, 07:58:12.313, 3589338178496, QTAgent32.exe, Msaa.GetFocusedElement: could not find accessible object of foreground window
W, 3504, 95, 2013/05/24, 07:58:12.381, 3589339149092, QTAgent32.exe, &lt;a class=success&gt;Playback - {10} [SUCCESS] SendKeys "^+{END}" - "[MSAA, VisibleOnly]ControlType='Edit'"
\0&lt;/a&gt;
E, 3504, 95, 2013/05/24, 07:58:12.381, 3589339152474, QTAgent32.exe, Msaa.GetFocusedElement: could not find accessible object of foreground window
W, 3504, 95, 2013/05/24, 07:58:12.397, 3589339372592, QTAgent32.exe, &lt;a class=success&gt;Playback - {11} [SUCCESS] SendKeys "{DELETE}" - "[MSAA, VisibleOnly]ControlType='Edit'"
\0&lt;/a&gt;
W, 3504, 95, 2013/05/24, 07:58:12.677, 3589343381647, QTAgent32.exe, &lt;a class=success&gt;Playback - {12} [SUCCESS] SetValueAsEditBox "2013" - "[MSAA, VisibleOnly]ControlType='Edit'"  &lt; Set via SendKeys &gt;
\0&lt;/a&gt;
W, 3504, 95, 2013/05/24, 07:58:13.451, 3589354470486, QTAgent32.exe, &lt;a class=success&gt;Playback - {13} [SUCCESS] MouseButtonClick - "[MSAA, VisibleOnly]ControlType='Button' &amp;&amp; Name='OK'"
\0&lt;/a&gt;
W, 3504, 95, 2013/05/24, 07:58:14.243, 3589365805260, QTAgent32.exe, Playback - [WARNING] Internal warning: Window Not Found: [VisibleOnly]ControlType='Window' &amp;&amp; Name='Warning' &amp;&amp; ClassName='#32770'
\0
E, 3504, 95, 2013/05/24, 07:58:14.243, 3589365809117, QTAgent32.exe, &lt;a class=failure&gt;Playback - {14} [FAILED] Function ElementFetcher::FindScreenElement failed to locate UI element (Searching: ;[VisibleOnly]ControlType='Window' &amp;&amp; Name='Warning' &amp;&amp; ClassName='#32770') (The object specified was not found.)
\0&lt;/a&gt;
E, 3504, 95, 2013/05/24, 07:58:14.324, 3589366960493, QTAgent32.exe, Playback - [IMAGE] C:\Users\testuser\AppData\Local\Temp\UITestLogs\LastRun\RPF2D5E.png
\0
W, 3504, 95, 2013/05/24, 07:58:14.324, 3589366963160, QTAgent32.exe, Playback - [WARNING] Internal warning: Couldn't find descendants that match QueryId
\0
W, 3504, 95, 2013/05/24, 07:58:14.324, 3589366965817, QTAgent32.exe, PERF WARNING: FindTopLevelWindowHelper::FindAllDescendents: took 769 ms. Expected it to take maximum 500 ms.
W, 3504, 95, 2013/05/24, 07:58:32.408, 3589625899794, QTAgent32.exe, Playback - [WARNING] Internal warning: Window Not Found: [VisibleOnly]ControlType='Window' &amp;&amp; Name='Warning' &amp;&amp; ClassName='#32770'
\0
E, 3504, 95, 2013/05/24, 07:58:32.408, 3589625903386, QTAgent32.exe, &lt;a class=failure&gt;Playback - {15} [FAILED] Function ElementFetcher::FindScreenElement failed to locate UI element (Searching: ;[VisibleOnly]ControlType='Window' &amp;&amp; Name='Warning' &amp;&amp; ClassName='#32770') (The object specified was not found.)
\0&lt;/a&gt;
E, 3504, 95, 2013/05/24, 07:58:32.490, 3589627073119, QTAgent32.exe, Playback - [IMAGE] C:\Users\testuser\AppData\Local\Temp\UITestLogs\LastRun\RPF744D.png
\0
W, 3504, 95, 2013/05/24, 07:58:32.490, 3589627075672, QTAgent32.exe, Playback - [WARNING] Internal warning: Couldn't find descendants that match QueryId
\0
W, 3504, 95, 2013/05/24, 07:58:32.491, 3589627079024, QTAgent32.exe, PERF WARNING: FindTopLevelWindowHelper::FindAllDescendents: took 18166 ms. Expected it to take maximum 500 ms.
W, 3504, 95, 2013/05/24, 07:58:33.014, 3589634572016, QTAgent32.exe, Playback - [WARNING] Internal warning: Smart Match failed
\0
W, 3504, 95, 2013/05/24, 07:58:33.220, 3589637530503, QTAgent32.exe, Playback - [WARNING] Internal warning: Smart Match failed
\0
W, 3504, 95, 2013/05/24, 07:58:33.403, 3589640138395, QTAgent32.exe, Playback - [WARNING] Internal warning: Smart Match failed
\0
W, 3504, 95, 2013/05/24, 07:58:33.588, 3589642784580, QTAgent32.exe, Playback - [WARNING] Internal warning: Smart Match failed
\0
W, 3504, 95, 2013/05/24, 07:58:33.772, 3589645425499, QTAgent32.exe, Playback - [WARNING] Internal warning: Smart Match failed
\0
W, 3504, 95, 2013/05/24, 07:58:33.964, 3589648165106, QTAgent32.exe, Playback - [WARNING] Internal warning: Smart Match failed
\0
W, 3504, 95, 2013/05/24, 07:58:34.160, 3589650975440, QTAgent32.exe, Playback - [WARNING] Internal warning: Smart Match failed
\0
W, 3504, 95, 2013/05/24, 07:58:34.347, 3589653650557, QTAgent32.exe, Playback - [WARNING] Internal warning: Smart Match failed
\0
W, 3504, 95, 2013/05/24, 07:58:34.538, 3589656388881, QTAgent32.exe, Playback - [WARNING] Internal warning: Smart Match failed
\0
W, 3504, 95, 2013/05/24, 07:58:34.726, 3589659087205, QTAgent32.exe, Playback - [WARNING] Internal warning: Smart Match failed
\0
W, 3504, 95, 2013/05/24, 07:58:34.915, 3589661794946, QTAgent32.exe, Playback - [WARNING] Internal warning: Smart Match failed
\0
W, 3504, 95, 2013/05/24, 07:58:35.110, 3589664575893, QTAgent32.exe, Playback - [WARNING] Internal warning: Smart Match failed
\0
W, 3504, 95, 2013/05/24, 07:58:35.303, 3589667342115, QTAgent32.exe, Playback - [WARNING] Internal warning: Smart Match failed
\0
W, 3504, 95, 2013/05/24, 07:58:35.495, 3589670097149, QTAgent32.exe, Playback - [WARNING] Internal warning: Smart Match failed
\0
W, 3504, 95, 2013/05/24, 07:58:35.568, 3589671137185, QTAgent32.exe, Playback - [WARNING] Internal warning: Window Not Found: [VisibleOnly]ControlType='Window' &amp;&amp; Name='Warning' &amp;&amp; ClassName='#32770'
\0
E, 3504, 95, 2013/05/24, 07:58:35.568, 3589671139781, QTAgent32.exe, &lt;a class=failure&gt;Playback - {16} [FAILED] Function ElementFetcher::FindScreenElement failed to locate UI element (Searching: ;[VisibleOnly]ControlType='Window' &amp;&amp; Name='Warning' &amp;&amp; ClassName='#32770') (The object specified was not found.)
\0&lt;/a&gt;
E, 3504, 95, 2013/05/24, 07:58:35.648, 3589672287751, QTAgent32.exe, Playback - [IMAGE] C:\Users\testuser\AppData\Local\Temp\UITestLogs\LastRun\RPF809D.png
\0
W, 3504, 95, 2013/05/24, 07:58:35.648, 3589672290011, QTAgent32.exe, Playback - [WARNING] Internal warning: Couldn't find descendants that match QueryId
\0
W, 3504, 95, 2013/05/24, 07:58:35.648, 3589672292905, QTAgent32.exe, PERF WARNING: FindTopLevelWindowHelper::FindAllDescendents: took 3157 ms. Expected it to take maximum 500 ms.
E, 3504, 95, 2013/05/24, 07:58:35.649, 3589672295128, QTAgent32.exe, Exception: System.Runtime.InteropServices.COMException
	Message: Error HRESULT E_FAIL has been returned from a call to a COM component.
	Stack Trace:    at Microsoft.VisualStudio.TestTools.UITest.Playback.Engine.IRPFPlayback.FindAllScreenElements(IScreenElement pScreenElementStart, String bstrQueryId, Object&amp; pvarResKeys, Int32 cResKeys, Int32 nMaxDepth, Object[]&amp; foundDescendants)
   at Microsoft.VisualStudio.TestTools.UITest.Playback.ScreenElement.FindTopLevelWindowHelper(String queryId)
	BaseExceptionMessage: Error HRESULT E_FAIL has been returned from a call to a COM component.

E, 3504, 95, 2013/05/24, 07:58:35.867, 3589675419441, QTAgent32.exe, AL: Playback Error: Microsoft.VisualStudio.TestTools.UITest.Extension.UITestControlNotFoundException: The playback failed to find the control with the given search properties. Additional Details: 
TechnologyName:  'MSAA'
ControlType:  'Window'
Name:  'Warning'
ClassName:  '#32770'
 ---&gt; System.Runtime.InteropServices.COMException: Error HRESULT E_FAIL has been returned from a call to a COM component.
   at Microsoft.VisualStudio.TestTools.UITest.Playback.Engine.IRPFPlayback.FindAllScreenElements(IScreenElement pScreenElementStart, String bstrQueryId, Object&amp; pvarResKeys, Int32 cResKeys, Int32 nMaxDepth, Object[]&amp; foundDescendants)
   at Microsoft.VisualStudio.TestTools.UITest.Playback.ScreenElement.FindTopLevelWindowHelper(String queryId)
   at Microsoft.VisualStudio.TestTools.UITest.Playback.ScreenElement.FindFromPartialQueryId(String queryId)
   at Microsoft.VisualStudio.TestTools.UITesting.UITestControl..ctor(String queryId)
   --- End of inner exception stack trace ---
   at Microsoft.VisualStudio.TestTools.UITesting.Playback.MapControlNotFoundException(COMException ex, IPlaybackContext context)
   at Microsoft.VisualStudio.TestTools.UITesting.Playback.MapAndThrowComException(COMException innerException, IPlaybackContext context)
   at Microsoft.VisualStudio.TestTools.UITesting.Playback.MapAndThrowException(SystemException exception, IPlaybackContext context)
   at Microsoft.VisualStudio.TestTools.UITesting.Playback.MapAndThrowException(SystemException exception, String queryId)
   at Microsoft.VisualStudio.TestTools.UITesting.UITestControl..ctor(String queryId)
   at Microsoft.VisualStudio.TestTools.UITesting.SearchHelper.SearchTopLevelWindow(ISearchArgument topLevelSearchArg, String topLevelElementQueryId)
   at Microsoft.VisualStudio.TestTools.UITesting.SearchHelper.GetTitleUpdatedTopLevelWindow(ISearchArgument topLevelSearchArg, String queryId, IList`1 windowTitles)
   at Microsoft.VisualStudio.TestTools.UITesting.SearchHelper.GetTopLevelElement(Boolean useCache, Boolean useCacheOnly, ISearchArgument searchArg, IList`1 windowTitles, Int32&amp; timeLeft)
   at Microsoft.VisualStudio.TestTools.UITesting.SearchHelper.GetElement(Boolean useCache, ISearchArgument searchArg)
   at Microsoft.VisualStudio.TestTools.UITesting.SearchHelper.Search(ISearchArgument searchArg)
   at Microsoft.VisualStudio.TestTools.UITesting.UITestControl.FindInternal()
   at Microsoft.VisualStudio.TestTools.UITesting.UITestControl.FindControlIfNecessary()
   at Microsoft.VisualStudio.TestTools.UITesting.UITestControl.Click(MouseButtons button, ModifierKeys modifierKeys, Point relativeCoordinates)
   at Microsoft.VisualStudio.TestTools.UITesting.Mouse.ClickImplementation(UITestControl control, MouseButtons button, ModifierKeys modifierKeys, Point relativeCoordinate)
   at Microsoft.VisualStudio.TestTools.UITesting.Mouse.ClickImplementationWrapper(UITestControl control, MouseButtons button, ModifierKeys modifierKeys, Point relativeCoordinate)
W, 3504, 95, 2013/05/24, 07:58:35.867, 3589675422333, QTAgent32.exe, PlaybackErrorHandler: Ignoring exception as ContinueOnError is set.
W, 3504, 95, 2013/05/24, 07:58:35.918, 3589676155212, QTAgent32.exe, &lt;a class=success&gt;Playback - {17} [SUCCESS] TypeString "#(R)"
\0&lt;/a&gt;
W, 3504, 95, 2013/05/24, 07:58:36.942, 3589690811374, QTAgent32.exe, PERF WARNING: FindTopLevelWindowHelper::FindAllDescendents: took 923 ms. Expected it to take maximum 500 ms.
E, 3504, 95, 2013/05/24, 07:58:37.378, 3589697056122, QTAgent32.exe, Exception: System.ArgumentException
	Message: Value does not fall within the expected range.
	Stack Trace:    at Accessibility.IAccessible.get_accRole(Object varChild)
   at Microsoft.VisualStudio.TestTools.UITest.Extension.Msaa.AccWrapper.get_RoleInt()
	BaseExceptionMessage: Value does not fall within the expected range.

E, 3504, 95, 2013/05/24, 07:58:37.393, 3589697269411, QTAgent32.exe, Exception: System.ArgumentException
	Message: Value does not fall within the expected range.
	Stack Trace:    at Accessibility.IAccessible.get_accRole(Object varChild)
   at Microsoft.VisualStudio.TestTools.UITest.Extension.Msaa.AccWrapper.get_RoleInt()
	BaseExceptionMessage: Value does not fall within the expected range.

W, 3504, 95, 2013/05/24, 07:58:38.663, 3589715456148, QTAgent32.exe, &lt;a class=success&gt;Playback - {18} [SUCCESS] LeftButtonClick  &lt; Mouse cursor location (87, 908) &gt;
\0&lt;/a&gt;
W, 3504, 95, 2013/05/24, 07:58:40.327, 3589739276512, QTAgent32.exe, &lt;a class=success&gt;Playback - {19} [SUCCESS] SetValueAsEditBox "c:\TestProject7\ourhighway.reg"  &lt; Set via SendKeys &gt;
\0&lt;/a&gt;
W, 3504, 95, 2013/05/24, 07:58:40.328, 3589739290930, QTAgent32.exe, &lt;a class=success&gt;Playback - {20} [SUCCESS] SetValueAsComboBox "c:\TestProject7\ourhighway.reg" - "[MSAA, VisibleOnly]ControlType='ComboBox' &amp;&amp; Name='Open:'"  &lt; Set via SetValueAsEditBox &gt;
\0&lt;/a&gt;
W, 3504, 95, 2013/05/24, 07:58:40.613, 3589743374066, QTAgent32.exe, &lt;a class=success&gt;Playback - {21} [SUCCESS] MouseButtonClick - "[MSAA, VisibleOnly]ControlType='Button' &amp;&amp; Name='OK'"
\0&lt;/a&gt;
W, 3504, 95, 2013/05/24, 07:58:41.000, 3589748920999, QTAgent32.exe, Playback - [WARNING] Internal warning: Window Not Found: [VisibleOnly]ControlType='Window' &amp;&amp; Name='Registry Editor' &amp;&amp; ClassName='#32770'
\0
E, 3504, 95, 2013/05/24, 07:58:41.000, 3589748924062, QTAgent32.exe, &lt;a class=failure&gt;Playback - {22} [FAILED] Function ElementFetcher::FindScreenElement failed to locate UI element (Searching: ;[VisibleOnly]ControlType='Window' &amp;&amp; Name='Registry Editor' &amp;&amp; ClassName='#32770') (The object specified was not found.)
\0&lt;/a&gt;
E, 3504, 95, 2013/05/24, 07:58:41.239, 3589752333808, QTAgent32.exe, Playback - [IMAGE] C:\Users\testuser\AppData\Local\Temp\UITestLogs\LastRun\RPF95E3.png
\0
W, 3504, 95, 2013/05/24, 07:58:41.239, 3589752336708, QTAgent32.exe, Playback - [WARNING] Internal warning: Couldn't find descendants that match QueryId
\0
W, 3504, 95, 2013/05/24, 07:58:41.239, 3589752340409, QTAgent32.exe, PERF WARNING: FindTopLevelWindowHelper::FindAllDescendents: took 526 ms. Expected it to take maximum 500 ms.
W, 3504, 95, 2013/05/24, 07:58:42.623, 3589772159315, QTAgent32.exe, PERF WARNING: FindTopLevelWindowHelper::FindAllDescendents: took 1383 ms. Expected it to take maximum 500 ms.
W, 3504, 95, 2013/05/24, 07:58:42.870, 3589775693449, QTAgent32.exe, &lt;a class=success&gt;Playback - {23} [SUCCESS] MouseButtonClick - "[MSAA, VisibleOnly]ControlType='Button' &amp;&amp; Name='Yes'"
\0&lt;/a&gt;
W, 3504, 95, 2013/05/24, 07:58:43.347, 3589782516639, QTAgent32.exe, &lt;a class=success&gt;Playback - {24} [SUCCESS] MouseButtonClick - "[MSAA, VisibleOnly]ControlType='Button' &amp;&amp; Name='OK'"
\0&lt;/a&gt;
W, 3504, 95, 2013/05/24, 07:58:43.581, 3589785872748, QTAgent32.exe, &lt;a class=success&gt;Playback - {25} [SUCCESS] MouseButtonClick - "[MSAA, VisibleOnly]ControlType='Button' &amp;&amp; Name='Clients &amp; Files'"
\0&lt;/a&gt;
W, 3504, 95, 2013/05/24, 07:58:43.951, 3589791174642, QTAgent32.exe, Playback - [WARNING] Internal warning: Window Not Found: [VisibleOnly]ControlType='Window' &amp;&amp; ClassName='ThunderRT6MDIForm'
\0
E, 3504, 95, 2013/05/24, 07:58:43.951, 3589791177437, QTAgent32.exe, &lt;a class=failure&gt;Playback - {26} [FAILED] Function ElementFetcher::FindScreenElement failed to locate UI element (Searching: ;[VisibleOnly]ControlType='Window' &amp;&amp; ClassName='ThunderRT6MDIForm') (The object specified was not found.)
\0&lt;/a&gt;
E, 3504, 95, 2013/05/24, 07:58:44.057, 3589792685038, QTAgent32.exe, Playback - [IMAGE] C:\Users\testuser\AppData\Local\Temp\UITestLogs\LastRun\RPFA168.png
\0
W, 3504, 95, 2013/05/24, 07:58:44.057, 3589792687378, QTAgent32.exe, Playback - [WARNING] Internal warning: Couldn't find descendants that match QueryId
\0
W, 3504, 95, 2013/05/24, 07:58:46.569, 3589828651588, QTAgent32.exe, PERF WARNING: FindTopLevelWindowHelper::FindAllDescendents: took 2511 ms. Expected it to take maximum 500 ms.
W, 3504, 95, 2013/05/24, 07:58:47.542, 3589842587794, QTAgent32.exe, Playback - [WARNING] Internal warning: Incorrect flag set for InvokeProgrammaticAction\0
W, 3504, 95, 2013/05/24, 07:58:47.662, 3589844311917, QTAgent32.exe, &lt;a class=success&gt;Playback - {27} [SUCCESS] SetValueAsComboBox "Customers" - "[MSAA, VisibleOnly]ControlType='ComboBox'"  &lt; SetValueAsComboBox, set by clicking on the item in the list box &gt;
\0&lt;/a&gt;
W, 3504, 95, 2013/05/24, 07:58:48.253, 3589852763456, QTAgent32.exe, &lt;a class=success&gt;Playback - {28} [SUCCESS] MouseButtonClick - "[MSAA, VisibleOnly]ControlType='Button' &amp;&amp; Name='Add'"
\0&lt;/a&gt;
W, 3504, 95, 2013/05/24, 07:58:49.024, 3589863805545, QTAgent32.exe, &lt;a class=success&gt;Playback - {29} [SUCCESS] SendKeys "autotest" - "[MSAA, VisibleOnly]ControlType='RadioButton' &amp;&amp; Name='Personal Lines'"
\0&lt;/a&gt;
W, 3504, 95, 2013/05/24, 07:58:50.072, 3589878805073, QTAgent32.exe, &lt;a class=success&gt;Playback - {30} [SUCCESS] SetValueAsEditBox "autotest" - "[MSAA, VisibleOnly]ControlType='Edit'"  &lt; Set via SendKeys &gt;
\0&lt;/a&gt;
W, 3504, 95, 2013/05/24, 07:58:50.297, 3589882029104, QTAgent32.exe, &lt;a class=success&gt;Playback - {31} [SUCCESS] MouseButtonClick - "[MSAA, VisibleOnly]ControlType='Button' &amp;&amp; Name='OK'"
\0&lt;/a&gt;
W, 3504, 95, 2013/05/24, 07:58:50.627, 3589886753407, QTAgent32.exe, &lt;a class=success&gt;Playback - {32} [SUCCESS] MouseButtonClick - "[MSAA, VisibleOnly]ControlType='Button' &amp;&amp; Name='Yes'"
\0&lt;/a&gt;
W, 3504, 95, 2013/05/24, 07:58:51.284, 3589896169531, QTAgent32.exe, &lt;a class=success&gt;Playback - {33} [SUCCESS] SendKeys "^{HOME}" - "[MSAA, VisibleOnly]ControlType='Edit'"
\0&lt;/a&gt;
E, 3504, 95, 2013/05/24, 07:58:51.285, 3589896172705, QTAgent32.exe, Msaa.GetFocusedElement: could not find accessible object of foreground window
W, 3504, 95, 2013/05/24, 07:58:51.349, 3589897100409, QTAgent32.exe, &lt;a class=success&gt;Playback - {34} [SUCCESS] SendKeys "^+{END}" - "[MSAA, VisibleOnly]ControlType='Edit'"
\0&lt;/a&gt;
E, 3504, 95, 2013/05/24, 07:58:51.350, 3589897103539, QTAgent32.exe, Msaa.GetFocusedElement: could not find accessible object of foreground window
W, 3504, 95, 2013/05/24, 07:58:51.366, 3589897333512, QTAgent32.exe, &lt;a class=success&gt;Playback - {35} [SUCCESS] SendKeys "{DELETE}" - "[MSAA, VisibleOnly]ControlType='Edit'"
\0&lt;/a&gt;
W, 3504, 95, 2013/05/24, 07:58:51.769, 3589903115028, QTAgent32.exe, &lt;a class=success&gt;Playback - {36} [SUCCESS] SetValueAsEditBox "1" - "[MSAA, VisibleOnly]ControlType='Edit'"  &lt; Set via SendKeys &gt;
\0&lt;/a&gt;
W, 3504, 95, 2013/05/24, 07:58:52.296, 3589910653354, QTAgent32.exe, &lt;a class=success&gt;Playback - {37} [SUCCESS] SendKeys "^{HOME}" - "[MSAA, VisibleOnly]ControlType='Edit'"
\0&lt;/a&gt;
E, 3504, 95, 2013/05/24, 07:58:52.296, 3589910656287, QTAgent32.exe, Msaa.GetFocusedElement: could not find accessible object of foreground window
W, 3504, 95, 2013/05/24, 07:58:52.351, 3589911447611, QTAgent32.exe, &lt;a class=success&gt;Playback - {38} [SUCCESS] SendKeys "^+{END}" - "[MSAA, VisibleOnly]ControlType='Edit'"
\0&lt;/a&gt;
E, 3504, 95, 2013/05/24, 07:58:52.351, 3589911450461, QTAgent32.exe, Msaa.GetFocusedElement: could not find accessible object of foreground window
W, 3504, 95, 2013/05/24, 07:58:52.370, 3589911714502, QTAgent32.exe, &lt;a class=success&gt;Playback - {39} [SUCCESS] SendKeys "{DELETE}" - "[MSAA, VisibleOnly]ControlType='Edit'"
\0&lt;/a&gt;
W, 3504, 95, 2013/05/24, 07:58:52.773, 3589917490775, QTAgent32.exe, &lt;a class=success&gt;Playback - {40} [SUCCESS] SetValueAsEditBox "1" - "[MSAA, VisibleOnly]ControlType='Edit'"  &lt; Set via SendKeys &gt;
\0&lt;/a&gt;
W, 3504, 95, 2013/05/24, 07:58:54.394, 3589940698614, QTAgent32.exe, Playback - [WARNING] Internal warning: Target element "[MSAA, VisibleOnly]ControlType='Button' &amp;&amp; Name='OK'" was not found, so all intermediate elements were ignored. An incorrect element that matches target element Id can be found as the result.  Verify that all intermediate elements in QueryId have valid and unique Ids
\0
W, 3504, 95, 2013/05/24, 07:58:54.929, 3589948359713, QTAgent32.exe, PERF WARNING: FindAllDescendents: took 2042 ms. Expected it to take maximum 500 ms.
W, 3504, 95, 2013/05/24, 07:58:55.235, 3589952738578, QTAgent32.exe, &lt;a class=success&gt;Playback - {41} [SUCCESS] MouseButtonClick - "[MSAA, VisibleOnly]ControlType='Button' &amp;&amp; Name='OK'"
\0&lt;/a&gt;
W, 3504, 95, 2013/05/24, 07:58:55.624, 3589958302659, QTAgent32.exe, &lt;a class=success&gt;Playback - {42} [SUCCESS] MouseButtonClick - "[MSAA, VisibleOnly]ControlType='Button'"
\0&lt;/a&gt;
W, 3504, 95, 2013/05/24, 07:58:56.007, 3589963788439, QTAgent32.exe, &lt;a class=success&gt;Playback - {43} [SUCCESS] MouseButtonClick - "[MSAA, VisibleOnly]ControlType='Button' &amp;&amp; Name='Add'"
\0&lt;/a&gt;
W, 3504, 95, 2013/05/24, 07:58:56.349, 3589968691277, QTAgent32.exe, &lt;a class=success&gt;Playback - {44} [SUCCESS] MouseButtonClick - "[MSAA, VisibleOnly]ControlType='Button' &amp;&amp; Name='OK'"
\0&lt;/a&gt;
W, 3504, 95, 2013/05/24, 07:58:58.632, 3590001377650, QTAgent32.exe, &lt;a class=success&gt;Playback - {45} [SUCCESS] MouseButtonClick - "[MSAA, VisibleOnly,Window]ControlType='Window' &amp;&amp; ClassName='ThunderRT6TextBox'"
\0&lt;/a&gt;
W, 3504, 95, 2013/05/24, 07:58:59.642, 3590015836975, QTAgent32.exe, &lt;a class=success&gt;Playback - {46} [SUCCESS] SetValueAsEditBox "MOTO" - "[MSAA, VisibleOnly]ControlType='Edit'"  &lt; Set via SendKeys &gt;
\0&lt;/a&gt;
W, 3504, 95, 2013/05/24, 07:58:59.982, 3590020704381, QTAgent32.exe, &lt;a class=success&gt;Playback - {47} [SUCCESS] MouseButtonClick - "[MSAA, VisibleOnly]ControlType='Button' &amp;&amp; Name='OK'"
\0&lt;/a&gt;
W, 3504, 95, 2013/05/24, 07:59:00.223, 3590024160489, QTAgent32.exe, &lt;a class=success&gt;Playback - {48} [SUCCESS] MouseButtonClick - "[MSAA, VisibleOnly]ControlType='Button' &amp;&amp; Name='Options'"
\0&lt;/a&gt;
W, 3504, 95, 2013/05/24, 07:59:00.323, 3590025596404, QTAgent32.exe, FindScreenElementInSinglePass : Attempting to find control in one pass of search. Failures can occur.
W, 3504, 95, 2013/05/24, 07:59:00.836, 3590032937636, QTAgent32.exe, &lt;a class=success&gt;Playback - {49} [SUCCESS] MouseButtonClick - "[MSAA]ControlType='MenuItem' &amp;&amp; Name='Links'"
\0&lt;/a&gt;
W, 3504, 95, 2013/05/24, 07:59:00.939, 3590034405825, QTAgent32.exe, FindScreenElementInSinglePass : Attempting to find control in one pass of search. Failures can occur.
W, 3504, 95, 2013/05/24, 07:59:01.434, 3590041494394, QTAgent32.exe, &lt;a class=success&gt;Playback - {50} [SUCCESS] MouseButtonClick - "[MSAA]ControlType='MenuItem' &amp;&amp; Name='3rd Party Integration'"
\0&lt;/a&gt;
W, 3504, 95, 2013/05/24, 07:59:01.535, 3590042933042, QTAgent32.exe, FindScreenElementInSinglePass : Attempting to find control in one pass of search. Failures can occur.
W, 3504, 95, 2013/05/24, 07:59:02.020, 3590049884638, QTAgent32.exe, &lt;a class=success&gt;Playback - {51} [SUCCESS] MouseButtonClick - "[MSAA]ControlType='MenuItem' &amp;&amp; Name='Quote Select List'"
\0&lt;/a&gt;
W, 3504, 95, 2013/05/24, 07:59:03.463, 3590070540322, QTAgent32.exe, PERF WARNING: FindTopLevelWindowHelper::FindAllDescendents: took 1323 ms. Expected it to take maximum 500 ms.
W, 3504, 95, 2013/05/24, 07:59:03.606, 3590072597707, QTAgent32.exe, &lt;a class=success&gt;Playback - {52} [SUCCESS] MouseButtonClick - "[MSAA, VisibleOnly]ControlType='Button' &amp;&amp; Name='Ok'"
\0&lt;/a&gt;
W, 3504, 95, 2013/05/24, 07:59:06.796, 3590118273445, QTAgent32.exe, PERF WARNING: FindTopLevelWindowHelper::FindAllDescendents: took 3085 ms. Expected it to take maximum 500 ms.
W, 3504, 95, 2013/05/24, 07:59:06.930, 3590120190118, QTAgent32.exe, &lt;a class=success&gt;Playback - {53} [SUCCESS] MouseButtonClick - "[MSAA, VisibleOnly]ControlType='Button' &amp;&amp; Name='Ok'"
\0&lt;/a&gt;
W, 3504, 95, 2013/05/24, 07:59:07.958, 3590134911333, QTAgent32.exe, &lt;a class=success&gt;Playback - {54} [SUCCESS] SetValueAsEditBox "test" - "[MSAA, VisibleOnly]ControlType='Edit'"  &lt; Set via SendKeys &gt;
\0&lt;/a&gt;
W, 3504, 95, 2013/05/24, 07:59:09.027, 3590150205600, QTAgent32.exe, &lt;a class=success&gt;Playback - {55} [SUCCESS] SetValueAsEditBox "test" - "[MSAA, VisibleOnly]ControlType='Edit'"  &lt; Set via SendKeys &gt;
\0&lt;/a&gt;
W, 3504, 95, 2013/05/24, 07:59:10.157, 3590166394159, QTAgent32.exe, &lt;a class=success&gt;Playback - {56} [SUCCESS] SetValueAsEditBox "160486" - "[MSAA, VisibleOnly]ControlType='Edit'"  &lt; Set via SendKeys &gt;
\0&lt;/a&gt;
W, 3504, 95, 2013/05/24, 07:59:11.220, 3590181616846, QTAgent32.exe, &lt;a class=success&gt;Playback - {57} [SUCCESS] SetValueAsEditBox "BN16BN" - "[MSAA, VisibleOnly]ControlType='Edit'"  &lt; Set via SendKeys &gt;
\0&lt;/a&gt;
W, 3504, 95, 2013/05/24, 07:59:13.461, 3590213700170, QTAgent32.exe, &lt;a class=success&gt;Playback - {58} [SUCCESS] MouseButtonClick - "[MSAA, VisibleOnly]ControlType='Button' &amp;&amp; Name='Lookup...'"
\0&lt;/a&gt;
W, 3504, 95, 2013/05/24, 07:59:13.716, 3590217347939, QTAgent32.exe, &lt;a class=success&gt;Playback - {59} [SUCCESS] MouseButtonClick - "[MSAA, VisibleOnly]ControlType='Button' &amp;&amp; Name='Ok'"
\0&lt;/a&gt;
W, 3504, 95, 2013/05/24, 07:59:13.955, 3590220770889, QTAgent32.exe, &lt;a class=success&gt;Playback - {60} [SUCCESS] MouseButtonClick - "[MSAA, VisibleOnly]ControlType='Button' &amp;&amp; Name='OK'"
\0&lt;/a&gt;
W, 3504, 95, 2013/05/24, 07:59:15.650, 3590245042974, QTAgent32.exe, PERF WARNING: FindTopLevelWindowHelper::FindAllDescendents: took 1594 ms. Expected it to take maximum 500 ms.
W, 3504, 95, 2013/05/24, 07:59:16.693, 3590259970027, QTAgent32.exe, Playback - [WARNING] Internal warning: Incorrect flag set for InvokeProgrammaticAction\0
W, 3504, 95, 2013/05/24, 07:59:16.814, 3590261709324, QTAgent32.exe, &lt;a class=success&gt;Playback - {61} [SUCCESS] SetValueAsComboBox "Account Executive" - "[MSAA, VisibleOnly]ControlType='ComboBox'"  &lt; SetValueAsComboBox, set by clicking on the item in the list box &gt;
\0&lt;/a&gt;
W, 3504, 95, 2013/05/24, 07:59:17.870, 3590276827589, QTAgent32.exe, Playback - [WARNING] Internal warning: Incorrect flag set for InvokeProgrammaticAction\0
W, 3504, 95, 2013/05/24, 07:59:19.574, 3590301234654, QTAgent32.exe, &lt;a class=success&gt;Playback - {62} [SUCCESS] SetValueAsComboBox "Aerial Manufacturer" - "[MSAA, VisibleOnly]ControlType='ComboBox'"  &lt; SetValueAsComboBox, set by clicking on the item in the list box &gt;
\0&lt;/a&gt;
W, 3504, 95, 2013/05/24, 07:59:20.635, 3590316418273, QTAgent32.exe, &lt;a class=success&gt;Playback - {63} [SUCCESS] SetValueAsEditBox "151208" - "[MSAA, VisibleOnly]ControlType='Edit'"  &lt; Set via SendKeys &gt;
\0&lt;/a&gt;
W, 3504, 95, 2013/05/24, 07:59:20.868, 3590319745172, QTAgent32.exe, &lt;a class=success&gt;Playback - {64} [SUCCESS] MouseButtonClick - "[MSAA, VisibleOnly]ControlType='Button' &amp;&amp; Name='OK'"
\0&lt;/a&gt;
W, 3504, 95, 2013/05/24, 07:59:23.244, 3590353775531, QTAgent32.exe, PERF WARNING: FindTopLevelWindowHelper::FindAllDescendents: took 2175 ms. Expected it to take maximum 500 ms.
E, 3504, 95, 2013/05/24, 07:59:23.255, 3590353938295, QTAgent32.exe, Exception: System.ArgumentException
	Message: Value does not fall within the expected range.
	Stack Trace:    at Accessibility.IAccessible.get_accRole(Object varChild)
   at Microsoft.VisualStudio.TestTools.UITest.Extension.Msaa.AccWrapper.get_RoleInt()
	BaseExceptionMessage: Value does not fall within the expected range.

E, 3504, 95, 2013/05/24, 07:59:23.258, 3590353975500, QTAgent32.exe, Exception: System.ArgumentException
	Message: Value does not fall within the expected range.
	Stack Trace:    at Accessibility.IAccessible.get_accRole(Object varChild)
   at Microsoft.VisualStudio.TestTools.UITest.Extension.Msaa.AccWrapper.get_RoleInt()
	BaseExceptionMessage: Value does not fall within the expected range.

W, 3504, 95, 2013/05/24, 07:59:23.795, 3590361664916, QTAgent32.exe, &lt;a class=success&gt;Playback - {65} [SUCCESS] LeftButtonClick  &lt; Mouse cursor location (680, 395) &gt;
\0&lt;/a&gt;
W, 3504, 95, 2013/05/24, 07:59:24.380, 3590370038285, QTAgent32.exe, &lt;a class=success&gt;Playback - {66} [SUCCESS] SetValueAsEditBox "FORD"  &lt; Set via SendKeys &gt;
\0&lt;/a&gt;
W, 3504, 95, 2013/05/24, 07:59:24.380, 3590370040858, QTAgent32.exe, &lt;a class=success&gt;Playback - {67} [SUCCESS] SetValueAsComboBox "FORD" - "[MSAA, VisibleOnly]ControlType='ComboBox'"  &lt; Set via SetValueAsEditBox &gt;
\0&lt;/a&gt;
E, 3504, 95, 2013/05/24, 07:59:24.491, 3590371632284, QTAgent32.exe, Exception: System.ArgumentException
	Message: Value does not fall within the expected range.
	Stack Trace:    at Accessibility.IAccessible.get_accRole(Object varChild)
   at Microsoft.VisualStudio.TestTools.UITest.Extension.Msaa.AccWrapper.get_RoleInt()
	BaseExceptionMessage: Value does not fall within the expected range.

E, 3504, 95, 2013/05/24, 07:59:24.509, 3590371876907, QTAgent32.exe, Exception: System.ArgumentException
	Message: Value does not fall within the expected range.
	Stack Trace:    at Accessibility.IAccessible.get_accRole(Object varChild)
   at Microsoft.VisualStudio.TestTools.UITest.Extension.Msaa.AccWrapper.get_RoleInt()
	BaseExceptionMessage: Value does not fall within the expected range.

W, 3504, 95, 2013/05/24, 07:59:25.643, 3590388128055, QTAgent32.exe, &lt;a class=success&gt;Playback - {68} [SUCCESS] LeftButtonClick  &lt; Mouse cursor location (1040, 395) &gt;
\0&lt;/a&gt;
W, 3504, 95, 2013/05/24, 07:59:26.234, 3590396583284, QTAgent32.exe, &lt;a class=success&gt;Playback - {69} [SUCCESS] SetValueAsEditBox "KA"  &lt; Set via SendKeys &gt;
\0&lt;/a&gt;
W, 3504, 95, 2013/05/24, 07:59:26.234, 3590396586250, QTAgent32.exe, &lt;a class=success&gt;Playback - {70} [SUCCESS] SetValueAsComboBox "KA" - "[MSAA, VisibleOnly]ControlType='ComboBox'"  &lt; Set via SetValueAsEditBox &gt;
\0&lt;/a&gt;
W, 3504, 95, 2013/05/24, 07:59:26.462, 3590399850291, QTAgent32.exe, &lt;a class=success&gt;Playback - {71} [SUCCESS] MouseButtonClick - "[MSAA, VisibleOnly]ControlType='Button' &amp;&amp; Name='Filter'"
\0&lt;/a&gt;
W, 3504, 95, 2013/05/24, 07:59:26.972, 3590407157554, QTAgent32.exe, &lt;a class=success&gt;Playback - {72} [SUCCESS] MouseButtonClick - "[MSAA, VisibleOnly]ControlType='Button' &amp;&amp; Name='OK'"
\0&lt;/a&gt;
W, 3504, 95, 2013/05/24, 07:59:27.776, 3590418668603, QTAgent32.exe, &lt;a class=success&gt;Playback - {73} [SUCCESS] SendKeys "^{HOME}" - "[MSAA, VisibleOnly]ControlType='Edit'"
\0&lt;/a&gt;
E, 3504, 95, 2013/05/24, 07:59:27.776, 3590418672120, QTAgent32.exe, Msaa.GetFocusedElement: could not find accessible object of foreground window
W, 3504, 95, 2013/05/24, 07:59:27.838, 3590419556442, QTAgent32.exe, &lt;a class=success&gt;Playback - {74} [SUCCESS] SendKeys "^+{END}" - "[MSAA, VisibleOnly]ControlType='Edit'"
\0&lt;/a&gt;
E, 3504, 95, 2013/05/24, 07:59:27.838, 3590419559759, QTAgent32.exe, Msaa.GetFocusedElement: could not find accessible object of foreground window
W, 3504, 95, 2013/05/24, 07:59:27.853, 3590419773220, QTAgent32.exe, &lt;a class=success&gt;Playback - {75} [SUCCESS] SendKeys "{DELETE}" - "[MSAA, VisibleOnly]ControlType='Edit'"
\0&lt;/a&gt;
W, 3504, 95, 2013/05/24, 07:59:28.447, 3590428262769, QTAgent32.exe, &lt;a class=success&gt;Playback - {76} [SUCCESS] SetValueAsEditBox "123434" - "[MSAA, VisibleOnly]ControlType='Edit'"  &lt; Set via SendKeys &gt;
\0&lt;/a&gt;
W, 3504, 95, 2013/05/24, 07:59:29.090, 3590437471247, QTAgent32.exe, &lt;a class=success&gt;Playback - {77} [SUCCESS] SendKeys "^{HOME}" - "[MSAA, VisibleOnly]ControlType='Edit'"
\0&lt;/a&gt;
E, 3504, 95, 2013/05/24, 07:59:29.090, 3590437474885, QTAgent32.exe, Msaa.GetFocusedElement: could not find accessible object of foreground window
W, 3504, 95, 2013/05/24, 07:59:29.144, 3590438250663, QTAgent32.exe, &lt;a class=success&gt;Playback - {78} [SUCCESS] SendKeys "^+{END}" - "[MSAA, VisibleOnly]ControlType='Edit'"
\0&lt;/a&gt;
E, 3504, 95, 2013/05/24, 07:59:29.144, 3590438253568, QTAgent32.exe, Msaa.GetFocusedElement: could not find accessible object of foreground window
W, 3504, 95, 2013/05/24, 07:59:29.158, 3590438452790, QTAgent32.exe, &lt;a class=success&gt;Playback - {79} [SUCCESS] SendKeys "{DELETE}" - "[MSAA, VisibleOnly]ControlType='Edit'"
\0&lt;/a&gt;
W, 3504, 95, 2013/05/24, 07:59:29.667, 3590445735133, QTAgent32.exe, &lt;a class=success&gt;Playback - {80} [SUCCESS] SetValueAsEditBox "1000" - "[MSAA, VisibleOnly]ControlType='Edit'"  &lt; Set via SendKeys &gt;
\0&lt;/a&gt;
W, 3504, 95, 2013/05/24, 07:59:30.259, 3590454217460, QTAgent32.exe, &lt;a class=success&gt;Playback - {81} [SUCCESS] SendKeys "^{HOME}" - "[MSAA, VisibleOnly]ControlType='Edit'"
\0&lt;/a&gt;
E, 3504, 95, 2013/05/24, 07:59:30.259, 3590454220248, QTAgent32.exe, Msaa.GetFocusedElement: could not find accessible object of foreground window
W, 3504, 95, 2013/05/24, 07:59:30.320, 3590455083680, QTAgent32.exe, &lt;a class=success&gt;Playback - {82} [SUCCESS] SendKeys "^+{END}" - "[MSAA, VisibleOnly]ControlType='Edit'"
\0&lt;/a&gt;
E, 3504, 95, 2013/05/24, 07:59:30.320, 3590455086547, QTAgent32.exe, Msaa.GetFocusedElement: could not find accessible object of foreground window
W, 3504, 95, 2013/05/24, 07:59:30.334, 3590455292897, QTAgent32.exe, &lt;a class=success&gt;Playback - {83} [SUCCESS] SendKeys "{DELETE}" - "[MSAA, VisibleOnly]ControlType='Edit'"
\0&lt;/a&gt;
W, 3504, 95, 2013/05/24, 07:59:30.934, 3590463876943, QTAgent32.exe, &lt;a class=success&gt;Playback - {84} [SUCCESS] SetValueAsEditBox "31/05/13" - "[MSAA, VisibleOnly]ControlType='Edit'"  &lt; Set via SendKeys &gt;
\0&lt;/a&gt;
W, 3504, 95, 2013/05/24, 07:59:31.178, 3590467375002, QTAgent32.exe, &lt;a class=success&gt;Playback - {85} [SUCCESS] MouseButtonClick - "[MSAA, VisibleOnly]ControlType='Button' &amp;&amp; Name='Calculate Quote'"
\0&lt;/a&gt;
W, 3504, 95, 2013/05/24, 07:59:40.393, 3590599307966, QTAgent32.exe, Playback - [WARNING] Internal warning: Window Not Found: [VisibleOnly]ControlType='Window' &amp;&amp; Name='Quote Select List' &amp;&amp; ClassName='ThunderRT6FormDC'
\0
E, 3504, 95, 2013/05/24, 07:59:40.393, 3590599315180, QTAgent32.exe, &lt;a class=failure&gt;Playback - {86} [FAILED] Function ElementFetcher::FindScreenElement failed to locate UI element (Searching: ;[VisibleOnly]ControlType='Window' &amp;&amp; Name='Quote Select List' &amp;&amp; ClassName='ThunderRT6FormDC') (The object specified was not found.)
\0&lt;/a&gt;
E, 3504, 95, 2013/05/24, 07:59:40.529, 3590601262220, QTAgent32.exe, Playback - [IMAGE] C:\Users\testuser\AppData\Local\Temp\UITestLogs\LastRun\RPF7DE2.png
\0
W, 3504, 95, 2013/05/24, 07:59:40.529, 3590601264890, QTAgent32.exe, Playback - [WARNING] Internal warning: Couldn't find descendants that match QueryId
\0
W, 3504, 95, 2013/05/24, 07:59:40.530, 3590601272189, QTAgent32.exe, PERF WARNING: FindTopLevelWindowHelper::FindAllDescendents: took 9248 ms. Expected it to take maximum 500 ms.
W, 3504, 95, 2013/05/24, 07:59:58.916, 3590864532492, QTAgent32.exe, Playback - [WARNING] Internal warning: Window Not Found: [VisibleOnly]ControlType='Window' &amp;&amp; Name='Quote Select List' &amp;&amp; ClassName='ThunderRT6FormDC'
\0
E, 3504, 95, 2013/05/24, 07:59:58.916, 3590864536962, QTAgent32.exe, &lt;a class=failure&gt;Playback - {87} [FAILED] Function ElementFetcher::FindScreenElement failed to locate UI element (Searching: ;[VisibleOnly]ControlType='Window' &amp;&amp; Name='Quote Select List' &amp;&amp; ClassName='ThunderRT6FormDC') (The object specified was not found.)
\0&lt;/a&gt;
E, 3504, 95, 2013/05/24, 07:59:58.998, 3590865708403, QTAgent32.exe, Playback - [IMAGE] C:\Users\testuser\AppData\Local\Temp\UITestLogs\LastRun\RPFC639.png
\0
W, 3504, 95, 2013/05/24, 07:59:58.998, 3590865711047, QTAgent32.exe, Playback - [WARNING] Internal warning: Couldn't find descendants that match QueryId
\0
W, 3504, 95, 2013/05/24, 07:59:58.999, 3590865715115, QTAgent32.exe, PERF WARNING: FindTopLevelWindowHelper::FindAllDescendents: took 18468 ms. Expected it to take maximum 500 ms.
W, 3504, 95, 2013/05/24, 08:00:02.227, 3590911943715, QTAgent32.exe, Playback - [WARNING] Internal warning: Smart Match failed
\0
W, 3504, 95, 2013/05/24, 08:00:03.565, 3590931101395, QTAgent32.exe, Playback - [WARNING] Internal warning: Window Not Found: [VisibleOnly]ControlType='Window' &amp;&amp; Name='Quote Select List' &amp;&amp; ClassName='ThunderRT6FormDC'
\0
E, 3504, 95, 2013/05/24, 08:00:03.566, 3590931109779, QTAgent32.exe, &lt;a class=failure&gt;Playback - {88} [FAILED] Function ElementFetcher::FindScreenElement failed to locate UI element (Searching: ;[VisibleOnly]ControlType='Window' &amp;&amp; Name='Quote Select List' &amp;&amp; ClassName='ThunderRT6FormDC') (The object specified was not found.)
\0&lt;/a&gt;
E, 3504, 95, 2013/05/24, 08:00:03.670, 3590932602356, QTAgent32.exe, Playback - [IMAGE] C:\Users\testuser\AppData\Local\Temp\UITestLogs\LastRun\RPFD862.png
\0
W, 3504, 95, 2013/05/24, 08:00:03.670, 3590932605162, QTAgent32.exe, Playback - [WARNING] Internal warning: Couldn't find descendants that match QueryId
\0
W, 3504, 95, 2013/05/24, 08:00:03.671, 3590932614183, QTAgent32.exe, PERF WARNING: FindTopLevelWindowHelper::FindAllDescendents: took 4672 ms. Expected it to take maximum 500 ms.
E, 3504, 95, 2013/05/24, 08:00:03.671, 3590932617333, QTAgent32.exe, Exception: System.Runtime.InteropServices.COMException
	Message: Error HRESULT E_FAIL has been returned from a call to a COM component.
	Stack Trace:    at Microsoft.VisualStudio.TestTools.UITest.Playback.Engine.IRPFPlayback.FindAllScreenElements(IScreenElement pScreenElementStart, String bstrQueryId, Object&amp; pvarResKeys, Int32 cResKeys, Int32 nMaxDepth, Object[]&amp; foundDescendants)
   at Microsoft.VisualStudio.TestTools.UITest.Playback.ScreenElement.FindTopLevelWindowHelper(String queryId)
	BaseExceptionMessage: Error HRESULT E_FAIL has been returned from a call to a COM component.

E, 3504, 95, 2013/05/24, 08:00:03.773, 3590934072784, QTAgent32.exe, AL: Playback Error: Microsoft.VisualStudio.TestTools.UITest.Extension.UITestControlNotFoundException: The playback failed to find the control with the given search properties. Additional Details: 
TechnologyName:  'MSAA'
ControlType:  'Window'
Name:  'Quote Select List'
ClassName:  'ThunderRT6FormDC'
 ---&gt; System.Runtime.InteropServices.COMException: Error HRESULT E_FAIL has been returned from a call to a COM component.
   at Microsoft.VisualStudio.TestTools.UITest.Playback.Engine.IRPFPlayback.FindAllScreenElements(IScreenElement pScreenElementStart, String bstrQueryId, Object&amp; pvarResKeys, Int32 cResKeys, Int32 nMaxDepth, Object[]&amp; foundDescendants)
   at Microsoft.VisualStudio.TestTools.UITest.Playback.ScreenElement.FindTopLevelWindowHelper(String queryId)
   at Microsoft.VisualStudio.TestTools.UITest.Playback.ScreenElement.FindFromPartialQueryId(String queryId)
   at Microsoft.VisualStudio.TestTools.UITesting.UITestControl..ctor(String queryId)
   --- End of inner exception stack trace ---
   at Microsoft.VisualStudio.TestTools.UITesting.Playback.MapControlNotFoundException(COMException ex, IPlaybackContext context)
   at Microsoft.VisualStudio.TestTools.UITesting.Playback.MapAndThrowComException(COMException innerException, IPlaybackContext context)
   at Microsoft.VisualStudio.TestTools.UITesting.Playback.MapAndThrowException(SystemException exception, IPlaybackContext context)
   at Microsoft.VisualStudio.TestTools.UITesting.Playback.MapAndThrowException(SystemException exception, String queryId)
   at Microsoft.VisualStudio.TestTools.UITesting.UITestControl..ctor(String queryId)
   at Microsoft.VisualStudio.TestTools.UITesting.SearchHelper.SearchTopLevelWindow(ISearchArgument topLevelSearchArg, String topLevelElementQueryId)
   at Microsoft.VisualStudio.TestTools.UITesting.SearchHelper.GetTitleUpdatedTopLevelWindow(ISearchArgument topLevelSearchArg, String queryId, IList`1 windowTitles)
   at Microsoft.VisualStudio.TestTools.UITesting.SearchHelper.GetTopLevelElement(Boolean useCache, Boolean useCacheOnly, ISearchArgument searchArg, IList`1 windowTitles, Int32&amp; timeLeft)
   at Microsoft.VisualStudio.TestTools.UITesting.SearchHelper.GetElement(Boolean useCache, ISearchArgument searchArg)
   at Microsoft.VisualStudio.TestTools.UITesting.SearchHelper.Search(ISearchArgument searchArg)
   at Microsoft.VisualStudio.TestTools.UITesting.UITestControl.FindInternal()
   at Microsoft.VisualStudio.TestTools.UITesting.UITestControl.FindControlIfNecessary()
   at Microsoft.VisualStudio.TestTools.UITesting.UITestControl.Click(MouseButtons button, ModifierKeys modifierKeys, Point relativeCoordinates)
   at Microsoft.VisualStudio.TestTools.UITesting.Mouse.ClickImplementation(UITestControl control, MouseButtons button, ModifierKeys modifierKeys, Point relativeCoordinate)
   at Microsoft.VisualStudio.TestTools.UITesting.Mouse.ClickImplementationWrapper(UITestControl control, MouseButtons button, ModifierKeys modifierKeys, Point relativeCoordinate)
W, 3504, 95, 2013/05/24, 08:00:03.773, 3590934076684, QTAgent32.exe, PlaybackErrorHandler: Ignoring exception as ContinueOnError is set.
W, 3504, 95, 2013/05/24, 08:00:03.947, 3590936559153, QTAgent32.exe, &lt;a class=success&gt;Playback - {89} [SUCCESS] MouseButtonClick - "[MSAA, VisibleOnly]ControlType='Button' &amp;&amp; Name='No'"
\0&lt;/a&gt;
W, 3504, 95, 2013/05/24, 08:00:04.268, 3590941155259, QTAgent32.exe, &lt;a class=success&gt;Playback - {90} [SUCCESS] MouseButtonClick - "[MSAA, VisibleOnly]ControlType='Button' &amp;&amp; Name='Ok'"
\0&lt;/a&gt;
W, 3504, 95, 2013/05/24, 08:00:09.436, 3591015160181, QTAgent32.exe, PERF WARNING: FindTopLevelWindowHelper::FindAllDescendents: took 5068 ms. Expected it to take maximum 500 ms.
W, 3504, 95, 2013/05/24, 08:00:09.577, 3591017176001, QTAgent32.exe, &lt;a class=success&gt;Playback - {91} [SUCCESS] MouseButtonClick - "[MSAA, VisibleOnly]ControlType='Client'"
\0&lt;/a&gt;
W, 3504, 95, 2013/05/24, 08:00:11.450, 3591043999864, QTAgent32.exe, &lt;a class=success&gt;Playback - {92} [SUCCESS] SendKeys "{Home}" - "[MSAA, VisibleOnly]ControlType='Client'"
\0&lt;/a&gt;
W, 3504, 95, 2013/05/24, 08:00:14.794, 3591091879581, QTAgent32.exe, &lt;a class=success&gt;Playback - {93} [SUCCESS] MouseButtonClick - "[MSAA, VisibleOnly]ControlType='Button' &amp;&amp; Name='Accept'"
\0&lt;/a&gt;
W, 3504, 95, 2013/05/24, 08:00:15.577, 3591103096220, QTAgent32.exe, &lt;a class=success&gt;Playback - {94} [SUCCESS] MouseButtonClick - "[MSAA, VisibleOnly]ControlType='Button' &amp;&amp; Name='Yes'"
\0&lt;/a&gt;
W, 3504, 95, 2013/05/24, 08:00:15.919, 3591107981828, QTAgent32.exe, &lt;a class=success&gt;Playback - {95} [SUCCESS] MouseButtonClick - "[MSAA, VisibleOnly]ControlType='Button' &amp;&amp; Name='Ok'"
\0&lt;/a&gt;
W, 3504, 95, 2013/05/24, 08:00:16.184, 3591111779521, QTAgent32.exe, &lt;a class=success&gt;Playback - {96} [SUCCESS] MouseButtonClick - "[MSAA, VisibleOnly]ControlType='Button' &amp;&amp; Name='Ok'"
\0&lt;/a&gt;
W, 3504, 95, 2013/05/24, 08:00:16.748, 3591119848796, QTAgent32.exe, &lt;a class=success&gt;Playback - {97} [SUCCESS] MouseButtonClick - "[MSAA, VisibleOnly]ControlType='Button' &amp;&amp; Name='Confirm'"
\0&lt;/a&gt;
W, 3504, 95, 2013/05/24, 08:00:44.085, 3591511271387, QTAgent32.exe, Playback - [WARNING] Internal warning: Window Not Found: [VisibleOnly]ControlType='Window' &amp;&amp; Name='Save the file as' &amp;&amp; ClassName='#32770'
\0
E, 3504, 95, 2013/05/24, 08:00:44.086, 3591511279920, QTAgent32.exe, &lt;a class=failure&gt;Playback - {98} [FAILED] Function ElementFetcher::FindScreenElement failed to locate UI element (Searching: ;[VisibleOnly]ControlType='Window' &amp;&amp; Name='Save the file as' &amp;&amp; ClassName='#32770') (The object specified was not found.)
\0&lt;/a&gt;
E, 3504, 95, 2013/05/24, 08:00:44.214, 3591513116054, QTAgent32.exe, Playback - [IMAGE] C:\Users\testuser\AppData\Local\Temp\UITestLogs\LastRun\RPF76B5.png
\0
W, 3504, 95, 2013/05/24, 08:00:44.214, 3591513118685, QTAgent32.exe, Playback - [WARNING] Internal warning: Couldn't find descendants that match QueryId
\0
W, 3504, 95, 2013/05/24, 08:00:44.215, 3591513127964, QTAgent32.exe, PERF WARNING: FindTopLevelWindowHelper::FindAllDescendents: took 27353 ms. Expected it to take maximum 500 ms.
W, 3504, 95, 2013/05/24, 08:01:03.854, 3591794323154, QTAgent32.exe, Playback - [WARNING] Internal warning: Window Not Found: [VisibleOnly]ControlType='Window' &amp;&amp; Name='Save the file as' &amp;&amp; ClassName='#32770'
\0
E, 3504, 95, 2013/05/24, 08:01:03.855, 3591794331392, QTAgent32.exe, &lt;a class=failure&gt;Playback - {99} [FAILED] Function ElementFetcher::FindScreenElement failed to locate UI element (Searching: ;[VisibleOnly]ControlType='Window' &amp;&amp; Name='Save the file as' &amp;&amp; ClassName='#32770') (The object specified was not found.)
\0&lt;/a&gt;
E, 3504, 95, 2013/05/24, 08:01:03.962, 3591795865491, QTAgent32.exe, Playback - [IMAGE] C:\Users\testuser\AppData\Local\Temp\UITestLogs\LastRun\RPFC3EB.png
\0
W, 3504, 95, 2013/05/24, 08:01:03.962, 3591795867984, QTAgent32.exe, Playback - [WARNING] Internal warning: Couldn't find descendants that match QueryId
\0
W, 3504, 95, 2013/05/24, 08:01:03.962, 3591795875985, QTAgent32.exe, PERF WARNING: FindTopLevelWindowHelper::FindAllDescendents: took 19746 ms. Expected it to take maximum 500 ms.
W, 3504, 95, 2013/05/24, 08:01:06.895, 3591837858119, QTAgent32.exe, Playback - [WARNING] Internal warning: Smart Match failed
\0
W, 3504, 95, 2013/05/24, 08:01:08.120, 3591855411781, QTAgent32.exe, Playback - [WARNING] Internal warning: Window Not Found: [VisibleOnly]ControlType='Window' &amp;&amp; Name='Save the file as' &amp;&amp; ClassName='#32770'
\0
E, 3504, 95, 2013/05/24, 08:01:08.121, 3591855415307, QTAgent32.exe, &lt;a class=failure&gt;Playback - {100} [FAILED] Function ElementFetcher::FindScreenElement failed to locate UI element (Searching: ;[VisibleOnly]ControlType='Window' &amp;&amp; Name='Save the file as' &amp;&amp; ClassName='#32770') (The object specified was not found.)
\0&lt;/a&gt;
E, 3504, 95, 2013/05/24, 08:01:08.203, 3591856591693, QTAgent32.exe, Playback - [IMAGE] C:\Users\testuser\AppData\Local\Temp\UITestLogs\LastRun\RPFD48F.png
\0
W, 3504, 95, 2013/05/24, 08:01:08.203, 3591856594695, QTAgent32.exe, Playback - [WARNING] Internal warning: Couldn't find descendants that match QueryId
\0
W, 3504, 95, 2013/05/24, 08:01:08.203, 3591856597694, QTAgent32.exe, PERF WARNING: FindTopLevelWindowHelper::FindAllDescendents: took 4240 ms. Expected it to take maximum 500 ms.
E, 3504, 95, 2013/05/24, 08:01:08.203, 3591856599600, QTAgent32.exe, Exception: System.Runtime.InteropServices.COMException
	Message: Error HRESULT E_FAIL has been returned from a call to a COM component.
	Stack Trace:    at Microsoft.VisualStudio.TestTools.UITest.Playback.Engine.IRPFPlayback.FindAllScreenElements(IScreenElement pScreenElementStart, String bstrQueryId, Object&amp; pvarResKeys, Int32 cResKeys, Int32 nMaxDepth, Object[]&amp; foundDescendants)
   at Microsoft.VisualStudio.TestTools.UITest.Playback.ScreenElement.FindTopLevelWindowHelper(String queryId)
	BaseExceptionMessage: Error HRESULT E_FAIL has been returned from a call to a COM component.

E, 3504, 95, 2013/05/24, 08:01:08.305, 3591858049908, QTAgent32.exe, AL: Playback Error: Microsoft.VisualStudio.TestTools.UITest.Extension.UITestControlNotFoundException: The playback failed to find the control with the given search properties. Additional Details: 
TechnologyName:  'MSAA'
ControlType:  'Window'
Name:  'Save the file as'
ClassName:  '#32770'
 ---&gt; System.Runtime.InteropServices.COMException: Error HRESULT E_FAIL has been returned from a call to a COM component.
   at Microsoft.VisualStudio.TestTools.UITest.Playback.Engine.IRPFPlayback.FindAllScreenElements(IScreenElement pScreenElementStart, String bstrQueryId, Object&amp; pvarResKeys, Int32 cResKeys, Int32 nMaxDepth, Object[]&amp; foundDescendants)
   at Microsoft.VisualStudio.TestTools.UITest.Playback.ScreenElement.FindTopLevelWindowHelper(String queryId)
   at Microsoft.VisualStudio.TestTools.UITest.Playback.ScreenElement.FindFromPartialQueryId(String queryId)
   at Microsoft.VisualStudio.TestTools.UITesting.UITestControl..ctor(String queryId)
   --- End of inner exception stack trace ---
   at Microsoft.VisualStudio.TestTools.UITesting.Playback.MapControlNotFoundException(COMException ex, IPlaybackContext context)
   at Microsoft.VisualStudio.TestTools.UITesting.Playback.MapAndThrowComException(COMException innerException, IPlaybackContext context)
   at Microsoft.VisualStudio.TestTools.UITesting.Playback.MapAndThrowException(SystemException exception, IPlaybackContext context)
   at Microsoft.VisualStudio.TestTools.UITesting.Playback.MapAndThrowException(SystemException exception, String queryId)
   at Microsoft.VisualStudio.TestTools.UITesting.UITestControl..ctor(String queryId)
   at Microsoft.VisualStudio.TestTools.UITesting.SearchHelper.SearchTopLevelWindow(ISearchArgument topLevelSearchArg, String topLevelElementQueryId)
   at Microsoft.VisualStudio.TestTools.UITesting.SearchHelper.GetTitleUpdatedTopLevelWindow(ISearchArgument topLevelSearchArg, String queryId, IList`1 windowTitles)
   at Microsoft.VisualStudio.TestTools.UITesting.SearchHelper.GetTopLevelElement(Boolean useCache, Boolean useCacheOnly, ISearchArgument searchArg, IList`1 windowTitles, Int32&amp; timeLeft)
   at Microsoft.VisualStudio.TestTools.UITesting.SearchHelper.GetElement(Boolean useCache, ISearchArgument searchArg)
   at Microsoft.VisualStudio.TestTools.UITesting.SearchHelper.Search(ISearchArgument searchArg)
   at Microsoft.VisualStudio.TestTools.UITesting.UITestControl.FindInternal()
   at Microsoft.VisualStudio.TestTools.UITesting.UITestControl.FindControlIfNecessary()
   at Microsoft.VisualStudio.TestTools.UITesting.UITestControl.Click(MouseButtons button, ModifierKeys modifierKeys, Point relativeCoordinates)
   at Microsoft.VisualStudio.TestTools.UITesting.Mouse.ClickImplementation(UITestControl control, MouseButtons button, ModifierKeys modifierKeys, Point relativeCoordinate)
   at Microsoft.VisualStudio.TestTools.UITesting.Mouse.ClickImplementationWrapper(UITestControl control, MouseButtons button, ModifierKeys modifierKeys, Point relativeCoordinate)
W, 3504, 95, 2013/05/24, 08:01:08.305, 3591858054003, QTAgent32.exe, PlaybackErrorHandler: Ignoring exception as ContinueOnError is set.
W, 3504, 95, 2013/05/24, 08:01:08.443, 3591860028141, QTAgent32.exe, &lt;a class=success&gt;Playback - {101} [SUCCESS] Check - "[MSAA, VisibleOnly]ControlType='CheckBox' &amp;&amp; Name='Defer Printing?'"
\0&lt;/a&gt;
W, 3504, 95, 2013/05/24, 08:01:08.960, 3591867434142, QTAgent32.exe, &lt;a class=success&gt;Playback - {102} [SUCCESS] MouseButtonClick - "[MSAA, VisibleOnly]ControlType='Button' &amp;&amp; Name='Ok'"
\0&lt;/a&gt;
W, 3504, 95, 2013/05/24, 08:01:10.620, 3591891200523, QTAgent32.exe, PERF WARNING: FindTopLevelWindowHelper::FindAllDescendents: took 1559 ms. Expected it to take maximum 500 ms.
W, 3504, 95, 2013/05/24, 08:01:11.381, 3591902099754, QTAgent32.exe, &lt;a class=success&gt;Playback - {103} [SUCCESS] Uncheck - "[MSAA, VisibleOnly]ControlType='CheckBox' &amp;&amp; Name='Add Activity'"
\0&lt;/a&gt;
W, 3504, 95, 2013/05/24, 08:01:13.863, 3591937638201, QTAgent32.exe, &lt;a class=success&gt;Playback - {104} [SUCCESS] MouseButtonClick - "[MSAA, VisibleOnly]ControlType='Button' &amp;&amp; Name='Ok'"
\0&lt;/a&gt;
W, 3504, 95, 2013/05/24, 08:01:14.122, 3591941344643, QTAgent32.exe, &lt;a class=success&gt;Playback - {105} [SUCCESS] MouseButtonClick - "[MSAA, VisibleOnly]ControlType='Button' &amp;&amp; Name='Ok'"
\0&lt;/a&gt;
W, 3504, 95, 2013/05/24, 08:01:17.948, 3591996130149, QTAgent32.exe, PERF WARNING: FindTopLevelWindowHelper::FindAllDescendents: took 3723 ms. Expected it to take maximum 500 ms.
W, 3504, 95, 2013/05/24, 08:01:20.092, 3592026828220, QTAgent32.exe, &lt;a class=success&gt;Playback - {106} [SUCCESS] MouseButtonClick - "[MSAA, VisibleOnly]ControlType='Button' &amp;&amp; Name='OK'"
\0&lt;/a&gt;
W, 3504, 95, 2013/05/24, 08:01:20.397, 3592031185854, QTAgent32.exe, &lt;a class=success&gt;Playback - {107} [SUCCESS] MouseButtonClick - "[MSAA, VisibleOnly]ControlType='Button' &amp;&amp; Name='Cancel'"
\0&lt;/a&gt;
W, 3504, 95, 2013/05/24, 08:01:20.742, 3592036136386, QTAgent32.exe, &lt;a class=success&gt;Playback - {108} [SUCCESS] MouseButtonClick - "[MSAA, VisibleOnly]ControlType='Button'"
\0&lt;/a&gt;
W, 3504, 95, 2013/05/24, 08:01:21.342, 3592044719165, QTAgent32.exe, &lt;a class=success&gt;Playback - {109} [SUCCESS] MouseButtonClick - "[MSAA, VisibleOnly]ControlType='Button' &amp;&amp; Name='Detail'"
\0&lt;/a&gt;
E, 3504, 95, 2013/05/24, 08:01:24.450, 3592089220799, QTAgent32.exe, IEDOM : Could not get valid window handle of Internet Explorer_server
W, 3504, 95, 2013/05/24, 08:01:24.450, 3592089226109, QTAgent32.exe, IEDOM : Unable to get the document Window Handle
E, 3504, 95, 2013/05/24, 08:01:26.451, 3592117872332, QTAgent32.exe, IEDOM : Could not get valid window handle of Internet Explorer_server
W, 3504, 95, 2013/05/24, 08:01:26.451, 3592117874673, QTAgent32.exe, IEDOM : Unable to get the document Window Handle
E, 3504, 95, 2013/05/24, 08:01:28.461, 3592146659573, QTAgent32.exe, IEDOM : Could not get valid window handle of Internet Explorer_server
W, 3504, 95, 2013/05/24, 08:01:28.462, 3592146662132, QTAgent32.exe, IEDOM : Unable to get the document Window Handle
E, 3504, 95, 2013/05/24, 08:01:30.493, 3592175752073, QTAgent32.exe, IEDOM : Could not get valid window handle of Internet Explorer_server
W, 3504, 95, 2013/05/24, 08:01:30.494, 3592175760196, QTAgent32.exe, IEDOM : Unable to get the document Window Handle
E, 3504, 95, 2013/05/24, 08:01:32.501, 3592204494433, QTAgent32.exe, IEDOM : Could not get valid window handle of Internet Explorer_server
W, 3504, 95, 2013/05/24, 08:01:32.501, 3592204496700, QTAgent32.exe, IEDOM : Unable to get the document Window Handle
E, 3504, 95, 2013/05/24, 08:01:34.505, 3592233190263, QTAgent32.exe, IEDOM : Could not get valid window handle of Internet Explorer_server
W, 3504, 95, 2013/05/24, 08:01:34.506, 3592233204590, QTAgent32.exe, IEDOM : Unable to get the document Window Handle
E, 3504, 95, 2013/05/24, 08:01:36.507, 3592261860650, QTAgent32.exe, IEDOM : Could not get valid window handle of Internet Explorer_server
W, 3504, 95, 2013/05/24, 08:01:36.507, 3592261862849, QTAgent32.exe, IEDOM : Unable to get the document Window Handle
E, 3504, 95, 2013/05/24, 08:01:38.508, 3592290508409, QTAgent32.exe, IEDOM : Could not get valid window handle of Internet Explorer_server
W, 3504, 95, 2013/05/24, 08:01:38.508, 3592290510753, QTAgent32.exe, IEDOM : Unable to get the document Window Handle
E, 3504, 95, 2013/05/24, 08:01:40.509, 3592319165051, QTAgent32.exe, IEDOM : Could not get valid window handle of Internet Explorer_server
W, 3504, 95, 2013/05/24, 08:01:40.510, 3592319167407, QTAgent32.exe, IEDOM : Unable to get the document Window Handle
E, 3504, 95, 2013/05/24, 08:01:42.511, 3592347815127, QTAgent32.exe, IEDOM : Could not get valid window handle of Internet Explorer_server
W, 3504, 95, 2013/05/24, 08:01:42.511, 3592347817434, QTAgent32.exe, IEDOM : Unable to get the document Window Handle
E, 3504, 95, 2013/05/24, 08:01:44.511, 3592376461388, QTAgent32.exe, IEDOM : Could not get valid window handle of Internet Explorer_server
W, 3504, 95, 2013/05/24, 08:01:44.511, 3592376463309, QTAgent32.exe, IEDOM : Unable to get the document Window Handle
E, 3504, 95, 2013/05/24, 08:01:46.512, 3592405114069, QTAgent32.exe, IEDOM : Could not get valid window handle of Internet Explorer_server
W, 3504, 95, 2013/05/24, 08:01:46.513, 3592405117803, QTAgent32.exe, IEDOM : Unable to get the document Window Handle
E, 3504, 95, 2013/05/24, 08:01:48.514, 3592433770364, QTAgent32.exe, IEDOM : Could not get valid window handle of Internet Explorer_server
W, 3504, 95, 2013/05/24, 08:01:48.514, 3592433773727, QTAgent32.exe, IEDOM : Unable to get the document Window Handle
E, 3504, 95, 2013/05/24, 08:01:50.515, 3592462419419, QTAgent32.exe, IEDOM : Could not get valid window handle of Internet Explorer_server
W, 3504, 95, 2013/05/24, 08:01:50.515, 3592462422583, QTAgent32.exe, IEDOM : Unable to get the document Window Handle
E, 3504, 95, 2013/05/24, 08:01:52.517, 3592491096864, QTAgent32.exe, IEDOM : Could not get valid window handle of Internet Explorer_server
W, 3504, 95, 2013/05/24, 08:01:52.518, 3592491099960, QTAgent32.exe, IEDOM : Unable to get the document Window Handle
W, 3504, 95, 2013/05/24, 08:01:54.518, 3592519741691, QTAgent32.exe, AL : IEBrowserService : Performing an extended retry
E, 3504, 95, 2013/05/24, 08:01:54.519, 3592519752060, QTAgent32.exe, IEDOM : Could not get valid window handle of Internet Explorer_server
W, 3504, 95, 2013/05/24, 08:01:54.519, 3592519753007, QTAgent32.exe, IEDOM : Unable to get the document Window Handle
E, 3504, 95, 2013/05/24, 08:01:56.523, 3592548444563, QTAgent32.exe, IEDOM : Could not get valid window handle of Internet Explorer_server
W, 3504, 95, 2013/05/24, 08:01:56.524, 3592548458681, QTAgent32.exe, IEDOM : Unable to get the document Window Handle
E, 3504, 95, 2013/05/24, 08:01:58.525, 3592577107672, QTAgent32.exe, IEDOM : Could not get valid window handle of Internet Explorer_server
W, 3504, 95, 2013/05/24, 08:01:58.525, 3592577110581, QTAgent32.exe, IEDOM : Unable to get the document Window Handle
E, 3504, 95, 2013/05/24, 08:02:00.525, 3592605754992, QTAgent32.exe, IEDOM : Could not get valid window handle of Internet Explorer_server
W, 3504, 95, 2013/05/24, 08:02:00.525, 3592605757270, QTAgent32.exe, IEDOM : Unable to get the document Window Handle
E, 3504, 95, 2013/05/24, 08:02:02.526, 3592634401226, QTAgent32.exe, IEDOM : Could not get valid window handle of Internet Explorer_server
W, 3504, 95, 2013/05/24, 08:02:02.526, 3592634403983, QTAgent32.exe, IEDOM : Unable to get the document Window Handle
E, 3504, 95, 2013/05/24, 08:02:04.529, 3592663078904, QTAgent32.exe, IEDOM : Could not get valid window handle of Internet Explorer_server
W, 3504, 95, 2013/05/24, 08:02:04.529, 3592663083577, QTAgent32.exe, IEDOM : Unable to get the document Window Handle
E, 3504, 95, 2013/05/24, 08:02:06.530, 3592691730646, QTAgent32.exe, IEDOM : Could not get valid window handle of Internet Explorer_server
W, 3504, 95, 2013/05/24, 08:02:06.530, 3592691733234, QTAgent32.exe, IEDOM : Unable to get the document Window Handle
E, 3504, 95, 2013/05/24, 08:02:08.531, 3592720378452, QTAgent32.exe, IEDOM : Could not get valid window handle of Internet Explorer_server
W, 3504, 95, 2013/05/24, 08:02:08.531, 3592720380860, QTAgent32.exe, IEDOM : Unable to get the document Window Handle
E, 3504, 95, 2013/05/24, 08:02:10.532, 3592749024443, QTAgent32.exe, IEDOM : Could not get valid window handle of Internet Explorer_server
W, 3504, 95, 2013/05/24, 08:02:10.532, 3592749026600, QTAgent32.exe, IEDOM : Unable to get the document Window Handle
E, 3504, 95, 2013/05/24, 08:02:12.532, 3592777673396, QTAgent32.exe, IEDOM : Could not get valid window handle of Internet Explorer_server
W, 3504, 95, 2013/05/24, 08:02:12.532, 3592777675633, QTAgent32.exe, IEDOM : Unable to get the document Window Handle
E, 3504, 95, 2013/05/24, 08:02:14.533, 3592806318174, QTAgent32.exe, IEDOM : Could not get valid window handle of Internet Explorer_server
W, 3504, 95, 2013/05/24, 08:02:14.533, 3592806321055, QTAgent32.exe, IEDOM : Unable to get the document Window Handle
E, 3504, 95, 2013/05/24, 08:02:16.534, 3592834968188, QTAgent32.exe, IEDOM : Could not get valid window handle of Internet Explorer_server
W, 3504, 95, 2013/05/24, 08:02:16.534, 3592834970447, QTAgent32.exe, IEDOM : Unable to get the document Window Handle
E, 3504, 95, 2013/05/24, 08:02:18.536, 3592863627744, QTAgent32.exe, IEDOM : Could not get valid window handle of Internet Explorer_server
W, 3504, 95, 2013/05/24, 08:02:18.536, 3592863630211, QTAgent32.exe, IEDOM : Unable to get the document Window Handle
E, 3504, 95, 2013/05/24, 08:02:20.536, 3592892275681, QTAgent32.exe, IEDOM : Could not get valid window handle of Internet Explorer_server
W, 3504, 95, 2013/05/24, 08:02:20.536, 3592892278031, QTAgent32.exe, IEDOM : Unable to get the document Window Handle
E, 3504, 95, 2013/05/24, 08:02:22.537, 3592920923120, QTAgent32.exe, IEDOM : Could not get valid window handle of Internet Explorer_server
W, 3504, 95, 2013/05/24, 08:02:22.537, 3592920925392, QTAgent32.exe, IEDOM : Unable to get the document Window Handle
E, 3504, 95, 2013/05/24, 08:02:24.538, 3592949569876, QTAgent32.exe, IEDOM : Could not get valid window handle of Internet Explorer_server
W, 3504, 95, 2013/05/24, 08:02:24.538, 3592949572216, QTAgent32.exe, IEDOM : Unable to get the document Window Handle
E, 3504, 95, 2013/05/24, 08:02:26.539, 3592978218738, QTAgent32.exe, IEDOM : Could not get valid window handle of Internet Explorer_server
W, 3504, 95, 2013/05/24, 08:02:26.539, 3592978220991, QTAgent32.exe, IEDOM : Unable to get the document Window Handle
E, 3504, 95, 2013/05/24, 08:02:28.539, 3593006864756, QTAgent32.exe, IEDOM : Could not get valid window handle of Internet Explorer_server
W, 3504, 95, 2013/05/24, 08:02:28.539, 3593006867135, QTAgent32.exe, IEDOM : Unable to get the document Window Handle
E, 3504, 95, 2013/05/24, 08:02:30.541, 3593035523187, QTAgent32.exe, IEDOM : Could not get valid window handle of Internet Explorer_server
W, 3504, 95, 2013/05/24, 08:02:30.541, 3593035525568, QTAgent32.exe, IEDOM : Unable to get the document Window Handle
E, 3504, 95, 2013/05/24, 08:02:32.542, 3593064174582, QTAgent32.exe, IEDOM : Could not get valid window handle of Internet Explorer_server
W, 3504, 95, 2013/05/24, 08:02:32.542, 3593064176720, QTAgent32.exe, IEDOM : Unable to get the document Window Handle
E, 3504, 95, 2013/05/24, 08:02:34.543, 3593092819866, QTAgent32.exe, IEDOM : Could not get valid window handle of Internet Explorer_server
W, 3504, 95, 2013/05/24, 08:02:34.543, 3593092822231, QTAgent32.exe, IEDOM : Unable to get the document Window Handle
E, 3504, 95, 2013/05/24, 08:02:36.543, 3593121467394, QTAgent32.exe, IEDOM : Could not get valid window handle of Internet Explorer_server
W, 3504, 95, 2013/05/24, 08:02:36.543, 3593121469577, QTAgent32.exe, IEDOM : Unable to get the document Window Handle
E, 3504, 95, 2013/05/24, 08:02:38.544, 3593150114030, QTAgent32.exe, IEDOM : Could not get valid window handle of Internet Explorer_server
W, 3504, 95, 2013/05/24, 08:02:38.544, 3593150116209, QTAgent32.exe, IEDOM : Unable to get the document Window Handle
E, 3504, 95, 2013/05/24, 08:02:40.545, 3593178761547, QTAgent32.exe, IEDOM : Could not get valid window handle of Internet Explorer_server
W, 3504, 95, 2013/05/24, 08:02:40.545, 3593178763731, QTAgent32.exe, IEDOM : Unable to get the document Window Handle
E, 3504, 95, 2013/05/24, 08:02:42.546, 3593207420680, QTAgent32.exe, IEDOM : Could not get valid window handle of Internet Explorer_server
W, 3504, 95, 2013/05/24, 08:02:42.547, 3593207423159, QTAgent32.exe, IEDOM : Unable to get the document Window Handle
E, 3504, 95, 2013/05/24, 08:02:44.547, 3593236070007, QTAgent32.exe, IEDOM : Could not get valid window handle of Internet Explorer_server
W, 3504, 95, 2013/05/24, 08:02:44.547, 3593236072249, QTAgent32.exe, IEDOM : Unable to get the document Window Handle
E, 3504, 95, 2013/05/24, 08:02:46.548, 3593264716532, QTAgent32.exe, IEDOM : Could not get valid window handle of Internet Explorer_server
W, 3504, 95, 2013/05/24, 08:02:46.548, 3593264718766, QTAgent32.exe, IEDOM : Unable to get the document Window Handle
E, 3504, 95, 2013/05/24, 08:02:48.549, 3593293371421, QTAgent32.exe, IEDOM : Could not get valid window handle of Internet Explorer_server
W, 3504, 95, 2013/05/24, 08:02:48.549, 3593293373617, QTAgent32.exe, IEDOM : Unable to get the document Window Handle
E, 3504, 95, 2013/05/24, 08:02:50.550, 3593322018397, QTAgent32.exe, IEDOM : Could not get valid window handle of Internet Explorer_server
W, 3504, 95, 2013/05/24, 08:02:50.550, 3593322020643, QTAgent32.exe, IEDOM : Unable to get the document Window Handle
E, 3504, 95, 2013/05/24, 08:02:52.551, 3593350665496, QTAgent32.exe, IEDOM : Could not get valid window handle of Internet Explorer_server
W, 3504, 95, 2013/05/24, 08:02:52.551, 3593350667699, QTAgent32.exe, IEDOM : Unable to get the document Window Handle
E, 3504, 95, 2013/05/24, 08:02:54.553, 3593379328556, QTAgent32.exe, IEDOM : Could not get valid window handle of Internet Explorer_server
W, 3504, 95, 2013/05/24, 08:02:54.553, 3593379331497, QTAgent32.exe, IEDOM : Unable to get the document Window Handle
E, 3504, 95, 2013/05/24, 08:02:56.553, 3593407975475, QTAgent32.exe, IEDOM : Could not get valid window handle of Internet Explorer_server
W, 3504, 95, 2013/05/24, 08:02:56.553, 3593407978596, QTAgent32.exe, IEDOM : Unable to get the document Window Handle
E, 3504, 95, 2013/05/24, 08:02:58.554, 3593436625186, QTAgent32.exe, IEDOM : Could not get valid window handle of Internet Explorer_server
W, 3504, 95, 2013/05/24, 08:02:58.555, 3593436628006, QTAgent32.exe, IEDOM : Unable to get the document Window Handle
E, 3504, 95, 2013/05/24, 08:03:00.555, 3593465279470, QTAgent32.exe, IEDOM : Could not get valid window handle of Internet Explorer_server
W, 3504, 95, 2013/05/24, 08:03:00.556, 3593465282199, QTAgent32.exe, IEDOM : Unable to get the document Window Handle
E, 3504, 95, 2013/05/24, 08:03:02.557, 3593493932276, QTAgent32.exe, IEDOM : Could not get valid window handle of Internet Explorer_server
W, 3504, 95, 2013/05/24, 08:03:02.557, 3593493934821, QTAgent32.exe, IEDOM : Unable to get the document Window Handle
E, 3504, 95, 2013/05/24, 08:03:04.557, 3593522581916, QTAgent32.exe, IEDOM : Could not get valid window handle of Internet Explorer_server
W, 3504, 95, 2013/05/24, 08:03:04.558, 3593522585551, QTAgent32.exe, IEDOM : Unable to get the document Window Handle
E, 3504, 95, 2013/05/24, 08:03:06.560, 3593551249040, QTAgent32.exe, IEDOM : Could not get valid window handle of Internet Explorer_server
W, 3504, 95, 2013/05/24, 08:03:06.560, 3593551252211, QTAgent32.exe, IEDOM : Unable to get the document Window Handle
E, 3504, 95, 2013/05/24, 08:03:08.561, 3593579907983, QTAgent32.exe, IEDOM : Could not get valid window handle of Internet Explorer_server
W, 3504, 95, 2013/05/24, 08:03:08.562, 3593579913621, QTAgent32.exe, IEDOM : Unable to get the document Window Handle
E, 3504, 95, 2013/05/24, 08:03:10.563, 3593608562599, QTAgent32.exe, IEDOM : Could not get valid window handle of Internet Explorer_server
W, 3504, 95, 2013/05/24, 08:03:10.563, 3593608564969, QTAgent32.exe, IEDOM : Unable to get the document Window Handle
E, 3504, 95, 2013/05/24, 08:03:12.563, 3593637209305, QTAgent32.exe, IEDOM : Could not get valid window handle of Internet Explorer_server
W, 3504, 95, 2013/05/24, 08:03:12.563, 3593637211923, QTAgent32.exe, IEDOM : Unable to get the document Window Handle
E, 3504, 95, 2013/05/24, 08:03:14.564, 3593665855522, QTAgent32.exe, IEDOM : Could not get valid window handle of Internet Explorer_server
W, 3504, 95, 2013/05/24, 08:03:14.564, 3593665858017, QTAgent32.exe, IEDOM : Unable to get the document Window Handle
E, 3504, 95, 2013/05/24, 08:03:16.565, 3593694502414, QTAgent32.exe, IEDOM : Could not get valid window handle of Internet Explorer_server
W, 3504, 95, 2013/05/24, 08:03:16.565, 3593694504507, QTAgent32.exe, IEDOM : Unable to get the document Window Handle
E, 3504, 95, 2013/05/24, 08:03:18.567, 3593723166484, QTAgent32.exe, IEDOM : Could not get valid window handle of Internet Explorer_server
W, 3504, 95, 2013/05/24, 08:03:18.567, 3593723168838, QTAgent32.exe, IEDOM : Unable to get the document Window Handle
E, 3504, 95, 2013/05/24, 08:03:20.567, 3593751813298, QTAgent32.exe, IEDOM : Could not get valid window handle of Internet Explorer_server
W, 3504, 95, 2013/05/24, 08:03:20.567, 3593751816138, QTAgent32.exe, IEDOM : Unable to get the document Window Handle
E, 3504, 95, 2013/05/24, 08:03:22.568, 3593780459152, QTAgent32.exe, IEDOM : Could not get valid window handle of Internet Explorer_server
W, 3504, 95, 2013/05/24, 08:03:22.568, 3593780461515, QTAgent32.exe, IEDOM : Unable to get the document Window Handle
E, 3504, 95, 2013/05/24, 08:03:24.569, 3593809106696, QTAgent32.exe, IEDOM : Could not get valid window handle of Internet Explorer_server
W, 3504, 95, 2013/05/24, 08:03:24.569, 3593809108903, QTAgent32.exe, IEDOM : Unable to get the document Window Handle
E, 3504, 95, 2013/05/24, 08:03:26.570, 3593837753149, QTAgent32.exe, IEDOM : Could not get valid window handle of Internet Explorer_server
W, 3504, 95, 2013/05/24, 08:03:26.570, 3593837755638, QTAgent32.exe, IEDOM : Unable to get the document Window Handle
E, 3504, 95, 2013/05/24, 08:03:28.570, 3593866400510, QTAgent32.exe, IEDOM : Could not get valid window handle of Internet Explorer_server
W, 3504, 95, 2013/05/24, 08:03:28.570, 3593866403119, QTAgent32.exe, IEDOM : Unable to get the document Window Handle
E, 3504, 95, 2013/05/24, 08:03:30.572, 3593895062343, QTAgent32.exe, IEDOM : Could not get valid window handle of Internet Explorer_server
W, 3504, 95, 2013/05/24, 08:03:30.572, 3593895064860, QTAgent32.exe, IEDOM : Unable to get the document Window Handle
E, 3504, 95, 2013/05/24, 08:03:32.573, 3593923712210, QTAgent32.exe, IEDOM : Could not get valid window handle of Internet Explorer_server
W, 3504, 95, 2013/05/24, 08:03:32.574, 3593923716660, QTAgent32.exe, IEDOM : Unable to get the document Window Handle
E, 3504, 95, 2013/05/24, 08:03:34.574, 3593952363560, QTAgent32.exe, IEDOM : Could not get valid window handle of Internet Explorer_server
W, 3504, 95, 2013/05/24, 08:03:34.574, 3593952366417, QTAgent32.exe, IEDOM : Unable to get the document Window Handle
E, 3504, 95, 2013/05/24, 08:03:36.575, 3593981011609, QTAgent32.exe, IEDOM : Could not get valid window handle of Internet Explorer_server
W, 3504, 95, 2013/05/24, 08:03:36.575, 3593981014031, QTAgent32.exe, IEDOM : Unable to get the document Window Handle
E, 3504, 95, 2013/05/24, 08:03:38.576, 3594009659644, QTAgent32.exe, IEDOM : Could not get valid window handle of Internet Explorer_server
W, 3504, 95, 2013/05/24, 08:03:38.576, 3594009661971, QTAgent32.exe, IEDOM : Unable to get the document Window Handle
E, 3504, 95, 2013/05/24, 08:03:40.577, 3594038304430, QTAgent32.exe, IEDOM : Could not get valid window handle of Internet Explorer_server
W, 3504, 95, 2013/05/24, 08:03:40.577, 3594038306819, QTAgent32.exe, IEDOM : Unable to get the document Window Handle
E, 3504, 95, 2013/05/24, 08:03:42.578, 3594066964801, QTAgent32.exe, IEDOM : Could not get valid window handle of Internet Explorer_server
W, 3504, 95, 2013/05/24, 08:03:42.578, 3594066967166, QTAgent32.exe, IEDOM : Unable to get the document Window Handle
E, 3504, 95, 2013/05/24, 08:03:44.579, 3594095613992, QTAgent32.exe, IEDOM : Could not get valid window handle of Internet Explorer_server
W, 3504, 95, 2013/05/24, 08:03:44.579, 3594095616411, QTAgent32.exe, IEDOM : Unable to get the document Window Handle
E, 3504, 95, 2013/05/24, 08:03:46.580, 3594124260766, QTAgent32.exe, IEDOM : Could not get valid window handle of Internet Explorer_server
W, 3504, 95, 2013/05/24, 08:03:46.580, 3594124263204, QTAgent32.exe, IEDOM : Unable to get the document Window Handle
E, 3504, 95, 2013/05/24, 08:03:48.581, 3594152907545, QTAgent32.exe, IEDOM : Could not get valid window handle of Internet Explorer_server
W, 3504, 95, 2013/05/24, 08:03:48.581, 3594152910033, QTAgent32.exe, IEDOM : Unable to get the document Window Handle
E, 3504, 95, 2013/05/24, 08:03:50.581, 3594181554296, QTAgent32.exe, IEDOM : Could not get valid window handle of Internet Explorer_server
W, 3504, 95, 2013/05/24, 08:03:50.581, 3594181556635, QTAgent32.exe, IEDOM : Unable to get the document Window Handle
E, 3504, 95, 2013/05/24, 08:03:52.582, 3594210202813, QTAgent32.exe, IEDOM : Could not get valid window handle of Internet Explorer_server
W, 3504, 95, 2013/05/24, 08:03:52.582, 3594210205366, QTAgent32.exe, IEDOM : Unable to get the document Window Handle
E, 3504, 95, 2013/05/24, 08:03:54.583, 3594238860778, QTAgent32.exe, IEDOM : Could not get valid window handle of Internet Explorer_server
W, 3504, 95, 2013/05/24, 08:03:54.584, 3594238863257, QTAgent32.exe, IEDOM : Unable to get the document Window Handle
E, 3504, 95, 2013/05/24, 08:03:56.584, 3594267509682, QTAgent32.exe, IEDOM : Could not get valid window handle of Internet Explorer_server
W, 3504, 95, 2013/05/24, 08:03:56.585, 3594267511685, QTAgent32.exe, IEDOM : Unable to get the document Window Handle
E, 3504, 95, 2013/05/24, 08:03:58.585, 3594296158816, QTAgent32.exe, IEDOM : Could not get valid window handle of Internet Explorer_server
W, 3504, 95, 2013/05/24, 08:03:58.585, 3594296161183, QTAgent32.exe, IEDOM : Unable to get the document Window Handle
E, 3504, 95, 2013/05/24, 08:04:00.586, 3594324804686, QTAgent32.exe, IEDOM : Could not get valid window handle of Internet Explorer_server
W, 3504, 95, 2013/05/24, 08:04:00.586, 3594324806976, QTAgent32.exe, IEDOM : Unable to get the document Window Handle
E, 3504, 95, 2013/05/24, 08:04:02.587, 3594353451645, QTAgent32.exe, IEDOM : Could not get valid window handle of Internet Explorer_server
W, 3504, 95, 2013/05/24, 08:04:02.587, 3594353453507, QTAgent32.exe, IEDOM : Unable to get the document Window Handle
E, 3504, 95, 2013/05/24, 08:04:04.588, 3594382101485, QTAgent32.exe, IEDOM : Could not get valid window handle of Internet Explorer_server
W, 3504, 95, 2013/05/24, 08:04:04.588, 3594382103690, QTAgent32.exe, IEDOM : Unable to get the document Window Handle
E, 3504, 95, 2013/05/24, 08:04:06.598, 3594410894456, QTAgent32.exe, IEDOM : Could not get valid window handle of Internet Explorer_server
W, 3504, 95, 2013/05/24, 08:04:06.599, 3594410897073, QTAgent32.exe, IEDOM : Unable to get the document Window Handle
E, 3504, 95, 2013/05/24, 08:04:08.600, 3594439544009, QTAgent32.exe, IEDOM : Could not get valid window handle of Internet Explorer_server
W, 3504, 95, 2013/05/24, 08:04:08.600, 3594439546317, QTAgent32.exe, IEDOM : Unable to get the document Window Handle
E, 3504, 95, 2013/05/24, 08:04:10.600, 3594468190282, QTAgent32.exe, IEDOM : Could not get valid window handle of Internet Explorer_server
W, 3504, 95, 2013/05/24, 08:04:10.600, 3594468192262, QTAgent32.exe, IEDOM : Unable to get the document Window Handle
E, 3504, 95, 2013/05/24, 08:04:12.601, 3594496838117, QTAgent32.exe, IEDOM : Could not get valid window handle of Internet Explorer_server
W, 3504, 95, 2013/05/24, 08:04:12.601, 3594496840291, QTAgent32.exe, IEDOM : Unable to get the document Window Handle
E, 3504, 95, 2013/05/24, 08:04:14.602, 3594525485871, QTAgent32.exe, IEDOM : Could not get valid window handle of Internet Explorer_server
W, 3504, 95, 2013/05/24, 08:04:14.602, 3594525488122, QTAgent32.exe, IEDOM : Unable to get the document Window Handle
E, 3504, 95, 2013/05/24, 08:04:16.603, 3594554133240, QTAgent32.exe, IEDOM : Could not get valid window handle of Internet Explorer_server
W, 3504, 95, 2013/05/24, 08:04:16.603, 3594554135461, QTAgent32.exe, IEDOM : Unable to get the document Window Handle
E, 3504, 95, 2013/05/24, 08:04:18.603, 3594582778311, QTAgent32.exe, IEDOM : Could not get valid window handle of Internet Explorer_server
W, 3504, 95, 2013/05/24, 08:04:18.603, 3594582780591, QTAgent32.exe, IEDOM : Unable to get the document Window Handle
E, 3504, 95, 2013/05/24, 08:04:20.605, 3594611438390, QTAgent32.exe, IEDOM : Could not get valid window handle of Internet Explorer_server
W, 3504, 95, 2013/05/24, 08:04:20.605, 3594611441105, QTAgent32.exe, IEDOM : Unable to get the document Window Handle
E, 3504, 95, 2013/05/24, 08:04:22.606, 3594640089022, QTAgent32.exe, IEDOM : Could not get valid window handle of Internet Explorer_server
W, 3504, 95, 2013/05/24, 08:04:22.606, 3594640091268, QTAgent32.exe, IEDOM : Unable to get the document Window Handle
E, 3504, 95, 2013/05/24, 08:04:24.607, 3594668737016, QTAgent32.exe, IEDOM : Could not get valid window handle of Internet Explorer_server
W, 3504, 95, 2013/05/24, 08:04:24.607, 3594668739397, QTAgent32.exe, IEDOM : Unable to get the document Window Handle
E, 3504, 95, 2013/05/24, 08:04:26.607, 3594697382827, QTAgent32.exe, IEDOM : Could not get valid window handle of Internet Explorer_server
W, 3504, 95, 2013/05/24, 08:04:26.607, 3594697385071, QTAgent32.exe, IEDOM : Unable to get the document Window Handle
E, 3504, 95, 2013/05/24, 08:04:28.608, 3594726028960, QTAgent32.exe, IEDOM : Could not get valid window handle of Internet Explorer_server
W, 3504, 95, 2013/05/24, 08:04:28.608, 3594726030899, QTAgent32.exe, IEDOM : Unable to get the document Window Handle
E, 3504, 95, 2013/05/24, 08:04:30.609, 3594754676689, QTAgent32.exe, IEDOM : Could not get valid window handle of Internet Explorer_server
W, 3504, 95, 2013/05/24, 08:04:30.609, 3594754678883, QTAgent32.exe, IEDOM : Unable to get the document Window Handle
E, 3504, 95, 2013/05/24, 08:04:32.610, 3594783335199, QTAgent32.exe, IEDOM : Could not get valid window handle of Internet Explorer_server
W, 3504, 95, 2013/05/24, 08:04:32.611, 3594783337792, QTAgent32.exe, IEDOM : Unable to get the document Window Handle
E, 3504, 95, 2013/05/24, 08:04:34.611, 3594811985494, QTAgent32.exe, IEDOM : Could not get valid window handle of Internet Explorer_server
W, 3504, 95, 2013/05/24, 08:04:34.611, 3594811987686, QTAgent32.exe, IEDOM : Unable to get the document Window Handle
E, 3504, 95, 2013/05/24, 08:04:36.612, 3594840632698, QTAgent32.exe, IEDOM : Could not get valid window handle of Internet Explorer_server
W, 3504, 95, 2013/05/24, 08:04:36.612, 3594840634942, QTAgent32.exe, IEDOM : Unable to get the document Window Handle
E, 3504, 95, 2013/05/24, 08:04:38.613, 3594869280293, QTAgent32.exe, IEDOM : Could not get valid window handle of Internet Explorer_server
W, 3504, 95, 2013/05/24, 08:04:38.613, 3594869282607, QTAgent32.exe, IEDOM : Unable to get the document Window Handle
E, 3504, 95, 2013/05/24, 08:04:40.614, 3594897927117, QTAgent32.exe, IEDOM : Could not get valid window handle of Internet Explorer_server
W, 3504, 95, 2013/05/24, 08:04:40.614, 3594897929316, QTAgent32.exe, IEDOM : Unable to get the document Window Handle
E, 3504, 95, 2013/05/24, 08:04:42.614, 3594926574146, QTAgent32.exe, IEDOM : Could not get valid window handle of Internet Explorer_server
W, 3504, 95, 2013/05/24, 08:04:42.614, 3594926576329, QTAgent32.exe, IEDOM : Unable to get the document Window Handle
E, 3504, 95, 2013/05/24, 08:04:44.616, 3594955233352, QTAgent32.exe, IEDOM : Could not get valid window handle of Internet Explorer_server
W, 3504, 95, 2013/05/24, 08:04:44.616, 3594955235726, QTAgent32.exe, IEDOM : Unable to get the document Window Handle
E, 3504, 95, 2013/05/24, 08:04:46.617, 3594983883078, QTAgent32.exe, IEDOM : Could not get valid window handle of Internet Explorer_server
W, 3504, 95, 2013/05/24, 08:04:46.617, 3594983885349, QTAgent32.exe, IEDOM : Unable to get the document Window Handle
E, 3504, 95, 2013/05/24, 08:04:48.618, 3595012530087, QTAgent32.exe, IEDOM : Could not get valid window handle of Internet Explorer_server
W, 3504, 95, 2013/05/24, 08:04:48.618, 3595012532437, QTAgent32.exe, IEDOM : Unable to get the document Window Handle
E, 3504, 95, 2013/05/24, 08:04:50.618, 3595041178498, QTAgent32.exe, IEDOM : Could not get valid window handle of Internet Explorer_server
W, 3504, 95, 2013/05/24, 08:04:50.618, 3595041180767, QTAgent32.exe, IEDOM : Unable to get the document Window Handle
E, 3504, 95, 2013/05/24, 08:04:52.619, 3595069824221, QTAgent32.exe, IEDOM : Could not get valid window handle of Internet Explorer_server
W, 3504, 95, 2013/05/24, 08:04:52.619, 3595069826415, QTAgent32.exe, IEDOM : Unable to get the document Window Handle
E, 3504, 95, 2013/05/24, 08:04:54.620, 3595098471274, QTAgent32.exe, IEDOM : Could not get valid window handle of Internet Explorer_server
W, 3504, 95, 2013/05/24, 08:04:54.620, 3595098473466, QTAgent32.exe, IEDOM : Unable to get the document Window Handle
E, 3504, 95, 2013/05/24, 08:04:56.621, 3595127129843, QTAgent32.exe, IEDOM : Could not get valid window handle of Internet Explorer_server
W, 3504, 95, 2013/05/24, 08:04:56.621, 3595127132258, QTAgent32.exe, IEDOM : Unable to get the document Window Handle
E, 3504, 95, 2013/05/24, 08:04:58.622, 3595155780184, QTAgent32.exe, IEDOM : Could not get valid window handle of Internet Explorer_server
W, 3504, 95, 2013/05/24, 08:04:58.622, 3595155782433, QTAgent32.exe, IEDOM : Unable to get the document Window Handle
E, 3504, 95, 2013/05/24, 08:05:00.623, 3595184427409, QTAgent32.exe, IEDOM : Could not get valid window handle of Internet Explorer_server
W, 3504, 95, 2013/05/24, 08:05:00.623, 3595184429614, QTAgent32.exe, IEDOM : Unable to get the document Window Handle
E, 3504, 95, 2013/05/24, 08:05:02.624, 3595213082126, QTAgent32.exe, IEDOM : Could not get valid window handle of Internet Explorer_server
W, 3504, 95, 2013/05/24, 08:05:02.624, 3595213086176, QTAgent32.exe, IEDOM : Unable to get the document Window Handle
E, 3504, 95, 2013/05/24, 08:05:04.625, 3595241733121, QTAgent32.exe, IEDOM : Could not get valid window handle of Internet Explorer_server
W, 3504, 95, 2013/05/24, 08:05:04.626, 3595241736888, QTAgent32.exe, IEDOM : Unable to get the document Window Handle
E, 3504, 95, 2013/05/24, 08:05:06.626, 3595270386503, QTAgent32.exe, IEDOM : Could not get valid window handle of Internet Explorer_server
W, 3504, 95, 2013/05/24, 08:05:06.626, 3595270389214, QTAgent32.exe, IEDOM : Unable to get the document Window Handle
E, 3504, 95, 2013/05/24, 08:05:08.629, 3595299055223, QTAgent32.exe, IEDOM : Could not get valid window handle of Internet Explorer_server
W, 3504, 95, 2013/05/24, 08:05:08.629, 3595299057639, QTAgent32.exe, IEDOM : Unable to get the document Window Handle
E, 3504, 95, 2013/05/24, 08:05:10.630, 3595327707488, QTAgent32.exe, IEDOM : Could not get valid window handle of Internet Explorer_server
W, 3504, 95, 2013/05/24, 08:05:10.630, 3595327710098, QTAgent32.exe, IEDOM : Unable to get the document Window Handle
E, 3504, 95, 2013/05/24, 08:05:12.631, 3595356358142, QTAgent32.exe, IEDOM : Could not get valid window handle of Internet Explorer_server
W, 3504, 95, 2013/05/24, 08:05:12.631, 3595356361843, QTAgent32.exe, IEDOM : Unable to get the document Window Handle
E, 3504, 95, 2013/05/24, 08:05:14.632, 3595385009243, QTAgent32.exe, IEDOM : Could not get valid window handle of Internet Explorer_server
W, 3504, 95, 2013/05/24, 08:05:14.632, 3595385011736, QTAgent32.exe, IEDOM : Unable to get the document Window Handle
E, 3504, 95, 2013/05/24, 08:05:16.632, 3595413653644, QTAgent32.exe, IEDOM : Could not get valid window handle of Internet Explorer_server
W, 3504, 95, 2013/05/24, 08:05:16.633, 3595413656443, QTAgent32.exe, IEDOM : Unable to get the document Window Handle
E, 3504, 95, 2013/05/24, 08:05:18.633, 3595442301765, QTAgent32.exe, IEDOM : Could not get valid window handle of Internet Explorer_server
W, 3504, 95, 2013/05/24, 08:05:18.633, 3595442304309, QTAgent32.exe, IEDOM : Unable to get the document Window Handle
E, 3504, 95, 2013/05/24, 08:05:20.635, 3595470964900, QTAgent32.exe, IEDOM : Could not get valid window handle of Internet Explorer_server
W, 3504, 95, 2013/05/24, 08:05:20.635, 3595470967409, QTAgent32.exe, IEDOM : Unable to get the document Window Handle
E, 3504, 95, 2013/05/24, 08:05:22.636, 3595499613695, QTAgent32.exe, IEDOM : Could not get valid window handle of Internet Explorer_server
W, 3504, 95, 2013/05/24, 08:05:22.636, 3595499617072, QTAgent32.exe, IEDOM : Unable to get the document Window Handle
E, 3504, 95, 2013/05/24, 08:05:24.637, 3595528266015, QTAgent32.exe, IEDOM : Could not get valid window handle of Internet Explorer_server
W, 3504, 95, 2013/05/24, 08:05:24.637, 3595528268496, QTAgent32.exe, IEDOM : Unable to get the document Window Handle
E, 3504, 95, 2013/05/24, 08:05:26.638, 3595556913686, QTAgent32.exe, IEDOM : Could not get valid window handle of Internet Explorer_server
W, 3504, 95, 2013/05/24, 08:05:26.638, 3595556915956, QTAgent32.exe, IEDOM : Unable to get the document Window Handle
E, 3504, 95, 2013/05/24, 08:05:28.639, 3595585559487, QTAgent32.exe, IEDOM : Could not get valid window handle of Internet Explorer_server
W, 3504, 95, 2013/05/24, 08:05:28.639, 3595585562084, QTAgent32.exe, IEDOM : Unable to get the document Window Handle
E, 3504, 95, 2013/05/24, 08:05:30.639, 3595614205640, QTAgent32.exe, IEDOM : Could not get valid window handle of Internet Explorer_server
W, 3504, 95, 2013/05/24, 08:05:30.639, 3595614207684, QTAgent32.exe, IEDOM : Unable to get the document Window Handle
E, 3504, 95, 2013/05/24, 08:05:32.641, 3595642871758, QTAgent32.exe, IEDOM : Could not get valid window handle of Internet Explorer_server
W, 3504, 95, 2013/05/24, 08:05:32.642, 3595642874658, QTAgent32.exe, IEDOM : Unable to get the document Window Handle
E, 3504, 95, 2013/05/24, 08:05:34.643, 3595671527533, QTAgent32.exe, IEDOM : Could not get valid window handle of Internet Explorer_server
W, 3504, 95, 2013/05/24, 08:05:34.643, 3595671530245, QTAgent32.exe, IEDOM : Unable to get the document Window Handle
E, 3504, 95, 2013/05/24, 08:05:36.644, 3595700176773, QTAgent32.exe, IEDOM : Could not get valid window handle of Internet Explorer_server
W, 3504, 95, 2013/05/24, 08:05:36.644, 3595700179388, QTAgent32.exe, IEDOM : Unable to get the document Window Handle
E, 3504, 95, 2013/05/24, 08:05:38.645, 3595728824063, QTAgent32.exe, IEDOM : Could not get valid window handle of Internet Explorer_server
W, 3504, 95, 2013/05/24, 08:05:38.645, 3595728827285, QTAgent32.exe, IEDOM : Unable to get the document Window Handle
E, 3504, 95, 2013/05/24, 08:05:40.645, 3595757474373, QTAgent32.exe, IEDOM : Could not get valid window handle of Internet Explorer_server
W, 3504, 95, 2013/05/24, 08:05:40.646, 3595757478330, QTAgent32.exe, IEDOM : Unable to get the document Window Handle
E, 3504, 95, 2013/05/24, 08:05:42.647, 3595786125113, QTAgent32.exe, IEDOM : Could not get valid window handle of Internet Explorer_server
W, 3504, 95, 2013/05/24, 08:05:42.647, 3595786127568, QTAgent32.exe, IEDOM : Unable to get the document Window Handle
E, 3504, 95, 2013/05/24, 08:05:44.648, 3595814788160, QTAgent32.exe, IEDOM : Could not get valid window handle of Internet Explorer_server
W, 3504, 95, 2013/05/24, 08:05:44.648, 3595814790565, QTAgent32.exe, IEDOM : Unable to get the document Window Handle
E, 3504, 95, 2013/05/24, 08:05:46.649, 3595843436062, QTAgent32.exe, IEDOM : Could not get valid window handle of Internet Explorer_server
W, 3504, 95, 2013/05/24, 08:05:46.649, 3595843438750, QTAgent32.exe, IEDOM : Unable to get the document Window Handle
E, 3504, 95, 2013/05/24, 08:05:48.650, 3595872081583, QTAgent32.exe, IEDOM : Could not get valid window handle of Internet Explorer_server
W, 3504, 95, 2013/05/24, 08:05:48.650, 3595872083906, QTAgent32.exe, IEDOM : Unable to get the document Window Handle
E, 3504, 95, 2013/05/24, 08:05:50.651, 3595900728745, QTAgent32.exe, IEDOM : Could not get valid window handle of Internet Explorer_server
W, 3504, 95, 2013/05/24, 08:05:50.651, 3595900731173, QTAgent32.exe, IEDOM : Unable to get the document Window Handle
E, 3504, 95, 2013/05/24, 08:05:52.651, 3595929377180, QTAgent32.exe, IEDOM : Could not get valid window handle of Internet Explorer_server
W, 3504, 95, 2013/05/24, 08:05:52.651, 3595929379389, QTAgent32.exe, IEDOM : Unable to get the document Window Handle
E, 3504, 95, 2013/05/24, 08:05:54.652, 3595958022468, QTAgent32.exe, IEDOM : Could not get valid window handle of Internet Explorer_server
W, 3504, 95, 2013/05/24, 08:05:54.652, 3595958024767, QTAgent32.exe, IEDOM : Unable to get the document Window Handle
E, 3504, 95, 2013/05/24, 08:05:56.653, 3595986680655, QTAgent32.exe, IEDOM : Could not get valid window handle of Internet Explorer_server
W, 3504, 95, 2013/05/24, 08:05:56.654, 3595986683487, QTAgent32.exe, IEDOM : Unable to get the document Window Handle
E, 3504, 95, 2013/05/24, 08:05:58.655, 3596015331429, QTAgent32.exe, IEDOM : Could not get valid window handle of Internet Explorer_server
W, 3504, 95, 2013/05/24, 08:05:58.655, 3596015333656, QTAgent32.exe, IEDOM : Unable to get the document Window Handle
E, 3504, 95, 2013/05/24, 08:06:00.655, 3596043978536, QTAgent32.exe, IEDOM : Could not get valid window handle of Internet Explorer_server
W, 3504, 95, 2013/05/24, 08:06:00.655, 3596043980861, QTAgent32.exe, IEDOM : Unable to get the document Window Handle
E, 3504, 95, 2013/05/24, 08:06:02.656, 3596072625505, QTAgent32.exe, IEDOM : Could not get valid window handle of Internet Explorer_server
W, 3504, 95, 2013/05/24, 08:06:02.656, 3596072627942, QTAgent32.exe, IEDOM : Unable to get the document Window Handle
E, 3504, 95, 2013/05/24, 08:06:04.657, 3596101272304, QTAgent32.exe, IEDOM : Could not get valid window handle of Internet Explorer_server
W, 3504, 95, 2013/05/24, 08:06:04.657, 3596101274590, QTAgent32.exe, IEDOM : Unable to get the document Window Handle
E, 3504, 95, 2013/05/24, 08:06:06.658, 3596129922184, QTAgent32.exe, IEDOM : Could not get valid window handle of Internet Explorer_server
W, 3504, 95, 2013/05/24, 08:06:06.658, 3596129924671, QTAgent32.exe, IEDOM : Unable to get the document Window Handle
E, 3504, 95, 2013/05/24, 08:06:08.658, 3596158568048, QTAgent32.exe, IEDOM : Could not get valid window handle of Internet Explorer_server
W, 3504, 95, 2013/05/24, 08:06:08.658, 3596158570248, QTAgent32.exe, IEDOM : Unable to get the document Window Handle
E, 3504, 95, 2013/05/24, 08:06:10.660, 3596187228498, QTAgent32.exe, IEDOM : Could not get valid window handle of Internet Explorer_server
W, 3504, 95, 2013/05/24, 08:06:10.660, 3596187230749, QTAgent32.exe, IEDOM : Unable to get the document Window Handle
E, 3504, 95, 2013/05/24, 08:06:12.661, 3596215879998, QTAgent32.exe, IEDOM : Could not get valid window handle of Internet Explorer_server
W, 3504, 95, 2013/05/24, 08:06:12.661, 3596215882130, QTAgent32.exe, IEDOM : Unable to get the document Window Handle
E, 3504, 95, 2013/05/24, 08:06:14.662, 3596244528447, QTAgent32.exe, IEDOM : Could not get valid window handle of Internet Explorer_server
W, 3504, 95, 2013/05/24, 08:06:14.662, 3596244530742, QTAgent32.exe, IEDOM : Unable to get the document Window Handle
E, 3504, 95, 2013/05/24, 08:06:16.662, 3596273175764, QTAgent32.exe, IEDOM : Could not get valid window handle of Internet Explorer_server
W, 3504, 95, 2013/05/24, 08:06:16.663, 3596273177968, QTAgent32.exe, IEDOM : Unable to get the document Window Handle
E, 3504, 95, 2013/05/24, 08:06:18.663, 3596301823351, QTAgent32.exe, IEDOM : Could not get valid window handle of Internet Explorer_server
W, 3504, 95, 2013/05/24, 08:06:18.664, 3596301825373, QTAgent32.exe, IEDOM : Unable to get the document Window Handle
E, 3504, 95, 2013/05/24, 08:06:20.683, 3596330737747, QTAgent32.exe, IEDOM : Could not get valid window handle of Internet Explorer_server
W, 3504, 95, 2013/05/24, 08:06:20.683, 3596330739991, QTAgent32.exe, IEDOM : Unable to get the document Window Handle
E, 3504, 95, 2013/05/24, 08:06:22.684, 3596359392818, QTAgent32.exe, IEDOM : Could not get valid window handle of Internet Explorer_server
W, 3504, 95, 2013/05/24, 08:06:22.684, 3596359394756, QTAgent32.exe, IEDOM : Unable to get the document Window Handle
E, 3504, 95, 2013/05/24, 08:06:24.713, 3596388439752, QTAgent32.exe, IEDOM : Could not get valid window handle of Internet Explorer_server
W, 3504, 95, 2013/05/24, 08:06:24.713, 3596388442001, QTAgent32.exe, IEDOM : Unable to get the document Window Handle
E, 3504, 95, 2013/05/24, 08:06:26.746, 3596417543367, QTAgent32.exe, IEDOM : Could not get valid window handle of Internet Explorer_server
W, 3504, 95, 2013/05/24, 08:06:26.746, 3596417545427, QTAgent32.exe, IEDOM : Unable to get the document Window Handle
W, 3504, 95, 2013/05/24, 08:06:28.518, 3596442920914, QTAgent32.exe, Playback - [WARNING] Internal warning: Window Not Found: [VisibleOnly]ControlType='Window' &amp;&amp; Name='Connect to www.insur-econnect.com'
\0
E, 3504, 95, 2013/05/24, 08:06:28.518, 3596442924314, QTAgent32.exe, &lt;a class=failure&gt;Playback - {110} [FAILED] Function ElementFetcher::FindScreenElement failed to locate UI element (Searching: ;[VisibleOnly]ControlType='Window' &amp;&amp; Name='Connect to www.insur-econnect.com') (The object specified was not found.)
\0&lt;/a&gt;
E, 3504, 95, 2013/05/24, 08:06:28.610, 3596444240944, QTAgent32.exe, Playback - [IMAGE] C:\Users\testuser\AppData\Local\Temp\UITestLogs\LastRun\RPFB82A.png
\0
W, 3504, 95, 2013/05/24, 08:06:28.610, 3596444243552, QTAgent32.exe, Playback - [WARNING] Internal warning: Couldn't find descendants that match QueryId
\0
W, 3504, 95, 2013/05/24, 08:06:28.610, 3596444246679, QTAgent32.exe, PERF WARNING: FindTopLevelWindowHelper::FindAllDescendents: took 1821 ms. Expected it to take maximum 500 ms.
W, 3504, 95, 2013/05/24, 08:06:46.926, 3596706489564, QTAgent32.exe, Playback - [WARNING] Internal warning: Window Not Found: [VisibleOnly]ControlType='Window' &amp;&amp; Name='Connect to www.insur-econnect.com'
\0
E, 3504, 95, 2013/05/24, 08:06:46.926, 3596706493031, QTAgent32.exe, &lt;a class=failure&gt;Playback - {111} [FAILED] Function ElementFetcher::FindScreenElement failed to locate UI element (Searching: ;[VisibleOnly]ControlType='Window' &amp;&amp; Name='Connect to www.insur-econnect.com') (The object specified was not found.)
\0&lt;/a&gt;
E, 3504, 95, 2013/05/24, 08:06:47.049, 3596708248400, QTAgent32.exe, Playback - [IMAGE] C:\Users\testuser\AppData\Local\Temp\UITestLogs\LastRun\RPF13.png
\0
W, 3504, 95, 2013/05/24, 08:06:47.049, 3596708250630, QTAgent32.exe, Playback - [WARNING] Internal warning: Couldn't find descendants that match QueryId
\0
W, 3504, 95, 2013/05/24, 08:06:47.049, 3596708253799, QTAgent32.exe, PERF WARNING: FindTopLevelWindowHelper::FindAllDescendents: took 18438 ms. Expected it to take maximum 500 ms.
W, 3504, 95, 2013/05/24, 08:06:47.543, 3596715328383, QTAgent32.exe, Playback - [WARNING] Internal warning: Smart Match failed
\0
W, 3504, 95, 2013/05/24, 08:06:47.973, 3596721484760, QTAgent32.exe, Playback - [WARNING] Internal warning: Smart Match failed
\0
W, 3504, 95, 2013/05/24, 08:06:48.380, 3596727319488, QTAgent32.exe, Playback - [WARNING] Internal warning: Smart Match failed
\0
W, 3504, 95, 2013/05/24, 08:06:48.730, 3596732320339, QTAgent32.exe, Playback - [WARNING] Internal warning: Smart Match failed
\0
W, 3504, 95, 2013/05/24, 08:06:49.090, 3596737473839, QTAgent32.exe, Playback - [WARNING] Internal warning: Smart Match failed
\0
W, 3504, 95, 2013/05/24, 08:06:49.473, 3596742959189, QTAgent32.exe, Playback - [WARNING] Internal warning: Smart Match failed
\0
W, 3504, 95, 2013/05/24, 08:06:49.870, 3596748646756, QTAgent32.exe, Playback - [WARNING] Internal warning: Smart Match failed
\0
W, 3504, 95, 2013/05/24, 08:06:50.051, 3596751237375, QTAgent32.exe, Playback - [WARNING] Internal warning: Window Not Found: [VisibleOnly]ControlType='Window' &amp;&amp; Name='Connect to www.insur-econnect.com'
\0
E, 3504, 95, 2013/05/24, 08:06:50.051, 3596751240044, QTAgent32.exe, &lt;a class=failure&gt;Playback - {112} [FAILED] Function ElementFetcher::FindScreenElement failed to locate UI element (Searching: ;[VisibleOnly]ControlType='Window' &amp;&amp; Name='Connect to www.insur-econnect.com') (The object specified was not found.)
\0&lt;/a&gt;
E, 3504, 95, 2013/05/24, 08:06:50.128, 3596752339513, QTAgent32.exe, Playback - [IMAGE] C:\Users\testuser\AppData\Local\Temp\UITestLogs\LastRun\RPFC44.png
\0
W, 3504, 95, 2013/05/24, 08:06:50.128, 3596752341783, QTAgent32.exe, Playback - [WARNING] Internal warning: Couldn't find descendants that match QueryId
\0
W, 3504, 95, 2013/05/24, 08:06:50.128, 3596752344523, QTAgent32.exe, PERF WARNING: FindTopLevelWindowHelper::FindAllDescendents: took 3079 ms. Expected it to take maximum 500 ms.
E, 3504, 95, 2013/05/24, 08:06:50.129, 3596752346538, QTAgent32.exe, Exception: System.Runtime.InteropServices.COMException
	Message: Error HRESULT E_FAIL has been returned from a call to a COM component.
	Stack Trace:    at Microsoft.VisualStudio.TestTools.UITest.Playback.Engine.IRPFPlayback.FindAllScreenElements(IScreenElement pScreenElementStart, String bstrQueryId, Object&amp; pvarResKeys, Int32 cResKeys, Int32 nMaxDepth, Object[]&amp; foundDescendants)
   at Microsoft.VisualStudio.TestTools.UITest.Playback.ScreenElement.FindTopLevelWindowHelper(String queryId)
	BaseExceptionMessage: Error HRESULT E_FAIL has been returned from a call to a COM component.

W, 3504, 95, 2013/05/24, 08:06:50.684, 3596760300966, QTAgent32.exe, &lt;a class=success&gt;Playback - {113} [SUCCESS] TypeString "Bus Sys{Tab}Tottenham1"
\0&lt;/a&gt;
W, 3504, 95, 2013/05/24, 08:06:51.055, 3596765618995, QTAgent32.exe, &lt;a class=success&gt;Playback - {114} [SUCCESS] MouseButtonClick - "[MSAA, VisibleOnly]ControlType='Button' &amp;&amp; Name='OK'"
\0&lt;/a&gt;
E, 3504, 95, 2013/05/24, 08:06:51.184, 3596767457283, QTAgent32.exe, IEDOM : Could not get valid window handle of Internet Explorer_server
W, 3504, 95, 2013/05/24, 08:06:51.184, 3596767459238, QTAgent32.exe, IEDOM : Unable to get the document Window Handle
W, 3504, 95, 2013/05/24, 08:06:56.985, 3596850527966, QTAgent32.exe, &lt;a class=success&gt;Playback - {115} [SUCCESS] MouseButtonClick - "[Web]ControlType='Hyperlink' &amp;&amp; TagName='A' &amp;&amp; Id='' &amp;&amp; Name='' &amp;&amp; Target='' &amp;&amp; InnerText='Renewals Maintenance' &amp;&amp; FilterCondition(AbsolutePath='/sysmaint/content/leftbar.asp', Title='', Href='https://www.insur-econnect.com/sysmaint/content/leftbar.asp#', Class='', ControlDefinition='style="COLOR: white" href="#"', TagInstance='39')"
\0&lt;/a&gt;
W, 3504, 95, 2013/05/24, 08:06:58.013, 3596865230256, QTAgent32.exe, &lt;a class=success&gt;Playback - {116} [SUCCESS] MouseButtonClick - "[Web]ControlType='Hyperlink' &amp;&amp; TagName='A' &amp;&amp; Id='' &amp;&amp; Name='' &amp;&amp; Target='content' &amp;&amp; InnerText='Create a Motor Test Renewal Invitation' &amp;&amp; FilterCondition(AbsolutePath='/sysmaint/content/AddTestRenewalNotice.asp', Title='', Href='https://www.insur-econnect.com/sysmaint/content/AddTestRenewalNotice.asp', Class='itemlink', ControlDefinition='class=itemlink href="AddTestRenewalNotic', TagInstance='1')"
\0&lt;/a&gt;
E, 3504, 95, 2013/05/24, 08:07:00.790, 3596905006501, QTAgent32.exe, Exception: System.NotSupportedException
	Message: Internal Error: This method on IEWebControlElement should not get called.
	Stack Trace:    at Microsoft.VisualStudio.TestTools.UITest.Extension.IE.BrowserOptionElementNode.InvokeProgrammaticAction(ProgrammaticActionOption programmaticActionOption)
	BaseExceptionMessage: Internal Error: This method on IEWebControlElement should not get called.

W, 3504, 95, 2013/05/24, 08:07:01.033, 3596908476689, QTAgent32.exe, &lt;a class=success&gt;Playback - {117} [SUCCESS] SetValueAsComboBox "Highway Insurance" - "[Web]ControlType='ComboBox' &amp;&amp; TagName='SELECT' &amp;&amp; Id='InsurerID' &amp;&amp; Name='InsurerID' &amp;&amp; FilterCondition(Size='0', LabeledBy='', Title='', ItemCount='54', Class='', ControlDefinition='id=InsurerID onchange=selectInsurer() na', TagInstance='1')"  &lt; SetValueAsComboBox, set by clicking on the item in the list box &gt;
\0&lt;/a&gt;
W, 3504, 95, 2013/05/24, 08:07:02.076, 3596923414479, QTAgent32.exe, &lt;a class=success&gt;Playback - {118} [SUCCESS] SetValueAsEditBox "7071001659" - "[Web]ControlType='Edit' &amp;&amp; TagName='INPUT' &amp;&amp; Id='' &amp;&amp; Name='txtPolicyNumber' &amp;&amp; LabeledBy='' &amp;&amp; Type='SINGLELINE' &amp;&amp; FilterCondition(Title='', Class='', ControlDefinition='name=txtPolicyNumber align=left size=15', TagInstance='1')"  &lt; Set via SendKeys &gt;
\0&lt;/a&gt;
W, 3504, 95, 2013/05/24, 08:07:02.678, 3596932027709, QTAgent32.exe, &lt;a class=success&gt;Playback - {119} [SUCCESS] SetValueAsEditBox "31/5/2013" - "[Web]ControlType='Edit' &amp;&amp; TagName='INPUT' &amp;&amp; Id='' &amp;&amp; Name='txtAutoLapseDate' &amp;&amp; LabeledBy='' &amp;&amp; Type='SINGLELINE' &amp;&amp; FilterCondition(Title='', Class='', ControlDefinition='name=txtAutoLapseDate maxLength=10 value', TagInstance='8')"  &lt; Set via SendKeys &gt;
\0&lt;/a&gt;
W, 3504, 95, 2013/05/24, 08:07:02.980, 3596936353266, QTAgent32.exe, &lt;a class=success&gt;Playback - {120} [SUCCESS] MouseButtonClick - "[Web]ControlType='Button' &amp;&amp; TagName='INPUT' &amp;&amp; Id='buttonCreate' &amp;&amp; Name='buttonCreate' &amp;&amp; FilterCondition(DisplayText='  Create Record  ', Type='button', Title='Click to create the new record', Class='', ControlDefinition='id=buttonCreate title="Click to create t', TagInstance='10')"
\0&lt;/a&gt;
W, 3504, 95, 2013/05/24, 08:07:03.736, 3596947183775, QTAgent32.exe, &lt;a class=success&gt;Playback - {121} [SUCCESS] MouseButtonClick - "[MSAA, VisibleOnly]ControlType='Button' &amp;&amp; Name='OK'"
\0&lt;/a&gt;
W, 3504, 95, 2013/05/24, 08:07:08.917, 3597021361967, QTAgent32.exe, &lt;a class=success&gt;Playback - {122} [SUCCESS] TypeString "%({F4})"
\0&lt;/a&gt;
W, 3504, 95, 2013/05/24, 08:07:09.929, 3597035850363, QTAgent32.exe, &lt;a class=success&gt;Playback - {123} [SUCCESS] SendKeys "^{HOME}" - "[MSAA, VisibleOnly]ControlType='Edit'"
\0&lt;/a&gt;
E, 3504, 95, 2013/05/24, 08:07:09.929, 3597035854231, QTAgent32.exe, Msaa.GetFocusedElement: could not find accessible object of foreground window
W, 3504, 95, 2013/05/24, 08:07:09.992, 3597036751568, QTAgent32.exe, &lt;a class=success&gt;Playback - {124} [SUCCESS] SendKeys "^+{END}" - "[MSAA, VisibleOnly]ControlType='Edit'"
\0&lt;/a&gt;
E, 3504, 95, 2013/05/24, 08:07:09.992, 3597036754867, QTAgent32.exe, Msaa.GetFocusedElement: could not find accessible object of foreground window
W, 3504, 95, 2013/05/24, 08:07:10.008, 3597036982327, QTAgent32.exe, &lt;a class=success&gt;Playback - {125} [SUCCESS] SendKeys "{DELETE}" - "[MSAA, VisibleOnly]ControlType='Edit'"
\0&lt;/a&gt;
W, 3504, 95, 2013/05/24, 08:07:10.487, 3597043849243, QTAgent32.exe, &lt;a class=success&gt;Playback - {126} [SUCCESS] SetValueAsEditBox "31/05/2012" - "[MSAA, VisibleOnly]ControlType='Edit'"  &lt; Set via SendKeys &gt;
\0&lt;/a&gt;
W, 3504, 95, 2013/05/24, 08:07:10.909, 3597049889686, QTAgent32.exe, &lt;a class=success&gt;Playback - {127} [SUCCESS] MouseButtonClick - "[MSAA, VisibleOnly]ControlType='Button' &amp;&amp; Name='OK'"
\0&lt;/a&gt;
W, 3504, 95, 2013/05/24, 08:07:11.317, 3597055722726, QTAgent32.exe, &lt;a class=success&gt;Playback - {128} [SUCCESS] MouseButtonClick - "[MSAA, VisibleOnly]ControlType='Client'"
\0&lt;/a&gt;
W, 3504, 95, 2013/05/24, 08:07:11.924, 3597064416028, QTAgent32.exe, &lt;a class=success&gt;Playback - {129} [SUCCESS] MouseButtonClick - "[MSAA, VisibleOnly]ControlType='Client'"
\0&lt;/a&gt;
W, 3504, 95, 2013/05/24, 08:07:13.321, 3597084415320, QTAgent32.exe, &lt;a class=success&gt;Playback - {130} [SUCCESS] SetValueAsEditBox "AUTO214" - "[MSAA, VisibleOnly]ControlType='Edit'"  &lt; Set via SendKeys &gt;
\0&lt;/a&gt;
W, 3504, 95, 2013/05/24, 08:07:13.703, 3597089887981, QTAgent32.exe, &lt;a class=success&gt;Playback - {131} [SUCCESS] SetValueAsEditBox "-1001" - "[MSAA, VisibleOnly]ControlType='Edit'"  &lt; Set via SendKeys &gt;
\0&lt;/a&gt;
W, 3504, 95, 2013/05/24, 08:07:13.938, 3597093257283, QTAgent32.exe, &lt;a class=success&gt;Playback - {132} [SUCCESS] SendKeys "^{HOME}" - "[MSAA, VisibleOnly]ControlType='Edit'"
\0&lt;/a&gt;
E, 3504, 95, 2013/05/24, 08:07:13.938, 3597093260774, QTAgent32.exe, Msaa.GetFocusedElement: could not find accessible object of foreground window
W, 3504, 95, 2013/05/24, 08:07:14.001, 3597094152444, QTAgent32.exe, &lt;a class=success&gt;Playback - {133} [SUCCESS] SendKeys "^+{END}" - "[MSAA, VisibleOnly]ControlType='Edit'"
\0&lt;/a&gt;
E, 3504, 95, 2013/05/24, 08:07:14.001, 3597094156065, QTAgent32.exe, Msaa.GetFocusedElement: could not find accessible object of foreground window
W, 3504, 95, 2013/05/24, 08:07:14.016, 3597094375799, QTAgent32.exe, &lt;a class=success&gt;Playback - {134} [SUCCESS] SendKeys "{DELETE}" - "[MSAA, VisibleOnly]ControlType='Edit'"
\0&lt;/a&gt;
W, 3504, 95, 2013/05/24, 08:07:14.295, 3597098363899, QTAgent32.exe, &lt;a class=success&gt;Playback - {135} [SUCCESS] SetValueAsEditBox "31/05/2012" - "[MSAA, VisibleOnly]ControlType='Edit'"  &lt; Set via SendKeys &gt;
\0&lt;/a&gt;
W, 3504, 95, 2013/05/24, 08:07:14.840, 3597106171091, QTAgent32.exe, &lt;a class=success&gt;Playback - {136} [SUCCESS] MouseButtonClick - "[MSAA, VisibleOnly]ControlType='Button' &amp;&amp; Name='Regress'"
\0&lt;/a&gt;
W, 3504, 95, 2013/05/24, 08:07:15.126, 3597110271047, QTAgent32.exe, &lt;a class=success&gt;Playback - {137} [SUCCESS] MouseButtonClick - "[MSAA, VisibleOnly]ControlType='Button' &amp;&amp; Name='Exit'"
\0&lt;/a&gt;
W, 3504, 95, 2013/05/24, 08:07:15.409, 3597114317785, QTAgent32.exe, &lt;a class=success&gt;Playback - {138} [SUCCESS] MouseButtonClick - "[MSAA, VisibleOnly]ControlType='Button'"
\0&lt;/a&gt;
W, 3504, 95, 2013/05/24, 08:07:15.758, 3597119312659, QTAgent32.exe, &lt;a class=success&gt;Playback - {139} [SUCCESS] MouseButtonClick - "[MSAA, VisibleOnly]ControlType='Button' &amp;&amp; Name='Options'"
\0&lt;/a&gt;
W, 3504, 95, 2013/05/24, 08:07:15.858, 3597120748908, QTAgent32.exe, FindScreenElementInSinglePass : Attempting to find control in one pass of search. Failures can occur.
W, 3504, 95, 2013/05/24, 08:07:16.214, 3597125841130, QTAgent32.exe, &lt;a class=success&gt;Playback - {140} [SUCCESS] MouseButtonClick - "[MSAA]ControlType='MenuItem' &amp;&amp; Name='Links'"
\0&lt;/a&gt;
W, 3504, 95, 2013/05/24, 08:07:16.314, 3597127279370, QTAgent32.exe, FindScreenElementInSinglePass : Attempting to find control in one pass of search. Failures can occur.
W, 3504, 95, 2013/05/24, 08:07:16.706, 3597132887975, QTAgent32.exe, &lt;a class=success&gt;Playback - {141} [SUCCESS] MouseButtonClick - "[MSAA]ControlType='MenuItem' &amp;&amp; Name='3rd Party Integration'"
\0&lt;/a&gt;
W, 3504, 95, 2013/05/24, 08:07:16.806, 3597134325786, QTAgent32.exe, FindScreenElementInSinglePass : Attempting to find control in one pass of search. Failures can occur.
W, 3504, 95, 2013/05/24, 08:07:17.127, 3597138912917, QTAgent32.exe, &lt;a class=success&gt;Playback - {142} [SUCCESS] MouseButtonClick - "[MSAA]ControlType='MenuItem' &amp;&amp; Name='Renewals Loader'"
\0&lt;/a&gt;
W, 3504, 95, 2013/05/24, 08:07:17.617, 3597145923455, QTAgent32.exe, Playback - [WARNING] Internal warning: Window Not Found: [VisibleOnly]ControlType='Window' &amp;&amp; Name='Renewal Loader' &amp;&amp; ClassName='TfUIMain'
\0
E, 3504, 95, 2013/05/24, 08:07:17.618, 3597145945484, QTAgent32.exe, &lt;a class=failure&gt;Playback - {143} [FAILED] Function ElementFetcher::FindScreenElement failed to locate UI element (Searching: ;[VisibleOnly]ControlType='Window' &amp;&amp; Name='Renewal Loader' &amp;&amp; ClassName='TfUIMain') (The object specified was not found.)
\0&lt;/a&gt;
E, 3504, 95, 2013/05/24, 08:07:17.746, 3597147779238, QTAgent32.exe, Playback - [IMAGE] C:\Users\testuser\AppData\Local\Temp\UITestLogs\LastRun\RPF77F3.png
\0
W, 3504, 95, 2013/05/24, 08:07:17.746, 3597147781499, QTAgent32.exe, Playback - [WARNING] Internal warning: Couldn't find descendants that match QueryId
\0
W, 3504, 95, 2013/05/24, 08:07:17.747, 3597147785505, QTAgent32.exe, PERF WARNING: FindTopLevelWindowHelper::FindAllDescendents: took 519 ms. Expected it to take maximum 500 ms.
W, 3504, 95, 2013/05/24, 08:07:18.673, 3597161045632, QTAgent32.exe, PERF WARNING: FindTopLevelWindowHelper::FindAllDescendents: took 925 ms. Expected it to take maximum 500 ms.
W, 3504, 95, 2013/05/24, 08:07:18.809, 3597162997392, QTAgent32.exe, &lt;a class=success&gt;Playback - {144} [SUCCESS] MouseButtonClick - "[MSAA, VisibleOnly]ControlType='TitleBar'"
\0&lt;/a&gt;
W, 3504, 95, 2013/05/24, 08:07:19.089, 3597167013763, QTAgent32.exe, &lt;a class=success&gt;Playback - {145} [SUCCESS] SendKeys "^{HOME}" - "[MSAA, VisibleOnly]ControlType='Edit'"
\0&lt;/a&gt;
E, 3504, 95, 2013/05/24, 08:07:19.090, 3597167016927, QTAgent32.exe, Msaa.GetFocusedElement: could not find accessible object of foreground window
W, 3504, 95, 2013/05/24, 08:07:19.152, 3597167905006, QTAgent32.exe, &lt;a class=success&gt;Playback - {146} [SUCCESS] SendKeys "^+{END}" - "[MSAA, VisibleOnly]ControlType='Edit'"
\0&lt;/a&gt;
E, 3504, 95, 2013/05/24, 08:07:19.153, 3597167926121, QTAgent32.exe, Msaa.GetFocusedElement: could not find accessible object of foreground window
W, 3504, 95, 2013/05/24, 08:07:19.170, 3597168176108, QTAgent32.exe, &lt;a class=success&gt;Playback - {147} [SUCCESS] SendKeys "{DELETE}" - "[MSAA, VisibleOnly]ControlType='Edit'"
\0&lt;/a&gt;
W, 3504, 95, 2013/05/24, 08:07:19.531, 3597173345041, QTAgent32.exe, &lt;a class=success&gt;Playback - {148} [SUCCESS] SetValueAsEditBox "24/05/2013" - "[MSAA, VisibleOnly]ControlType='Edit'"  &lt; Set via SendKeys &gt;
\0&lt;/a&gt;
W, 3504, 95, 2013/05/24, 08:07:19.799, 3597177175192, QTAgent32.exe, &lt;a class=success&gt;Playback - {149} [SUCCESS] SendKeys "^{HOME}" - "[MSAA, VisibleOnly]ControlType='Edit'"
\0&lt;/a&gt;
E, 3504, 95, 2013/05/24, 08:07:19.799, 3597177178436, QTAgent32.exe, Msaa.GetFocusedElement: could not find accessible object of foreground window
W, 3504, 95, 2013/05/24, 08:07:19.925, 3597178987094, QTAgent32.exe, &lt;a class=success&gt;Playback - {150} [SUCCESS] SendKeys "^+{END}" - "[MSAA, VisibleOnly]ControlType='Edit'"
\0&lt;/a&gt;
E, 3504, 95, 2013/05/24, 08:07:19.926, 3597178990638, QTAgent32.exe, Msaa.GetFocusedElement: could not find accessible object of foreground window
W, 3504, 95, 2013/05/24, 08:07:19.943, 3597179239194, QTAgent32.exe, &lt;a class=success&gt;Playback - {151} [SUCCESS] SendKeys "{DELETE}" - "[MSAA, VisibleOnly]ControlType='Edit'"
\0&lt;/a&gt;
W, 3504, 95, 2013/05/24, 08:07:20.366, 3597185295098, QTAgent32.exe, &lt;a class=success&gt;Playback - {152} [SUCCESS] SetValueAsEditBox "07/06/2013" - "[MSAA, VisibleOnly]ControlType='Edit'"  &lt; Set via SendKeys &gt;
\0&lt;/a&gt;
W, 3504, 95, 2013/05/24, 08:07:20.890, 3597192805241, QTAgent32.exe, &lt;a class=success&gt;Playback - {153} [SUCCESS] MouseButtonClick - "[MSAA, VisibleOnly]ControlType='Button' &amp;&amp; Name='Run'"
\0&lt;/a&gt;
W, 3504, 95, 2013/05/24, 08:07:26.069, 3597266945002, QTAgent32.exe, &lt;a class=success&gt;Playback - {154} [SUCCESS] TypeString "%({F4})"
\0&lt;/a&gt;
W, 3504, 95, 2013/05/24, 08:07:26.513, 3597273307169, QTAgent32.exe, &lt;a class=success&gt;Playback - {155} [SUCCESS] MouseButtonClick - "[MSAA, VisibleOnly]ControlType='TitleBar'"
\0&lt;/a&gt;
W, 3504, 95, 2013/05/24, 08:07:26.843, 3597278029026, QTAgent32.exe, &lt;a class=success&gt;Playback - {156} [SUCCESS] MouseButtonClick - "[MSAA, VisibleOnly]ControlType='Button' &amp;&amp; Name='Close'"
\0&lt;/a&gt;
W, 3504, 95, 2013/05/24, 08:07:27.164, 3597282634317, QTAgent32.exe, &lt;a class=success&gt;Playback - {157} [SUCCESS] MouseButtonClick - "[MSAA, VisibleOnly]ControlType='Button' &amp;&amp; Name='Options'"
\0&lt;/a&gt;
W, 3504, 95, 2013/05/24, 08:07:27.298, 3597284550965, QTAgent32.exe, FindScreenElementInSinglePass : Attempting to find control in one pass of search. Failures can occur.
W, 3504, 95, 2013/05/24, 08:07:27.863, 3597292633948, QTAgent32.exe, &lt;a class=success&gt;Playback - {158} [SUCCESS] MouseButtonClick - "[MSAA]ControlType='MenuItem' &amp;&amp; Name='Links'"
\0&lt;/a&gt;
W, 3504, 95, 2013/05/24, 08:07:27.963, 3597294071968, QTAgent32.exe, FindScreenElementInSinglePass : Attempting to find control in one pass of search. Failures can occur.
W, 3504, 95, 2013/05/24, 08:07:28.364, 3597299816496, QTAgent32.exe, &lt;a class=success&gt;Playback - {159} [SUCCESS] MouseButtonClick - "[MSAA]ControlType='MenuItem' &amp;&amp; Name='3rd Party Integration'"
\0&lt;/a&gt;
W, 3504, 95, 2013/05/24, 08:07:28.493, 3597301653958, QTAgent32.exe, FindScreenElementInSinglePass : Attempting to find control in one pass of search. Failures can occur.
W, 3504, 95, 2013/05/24, 08:07:28.978, 3597308593198, QTAgent32.exe, &lt;a class=success&gt;Playback - {160} [SUCCESS] MouseButtonClick - "[MSAA]ControlType='MenuItem' &amp;&amp; Name='Renewals Module'"
\0&lt;/a&gt;
W, 3504, 95, 2013/05/24, 08:07:29.652, 3597318242765, QTAgent32.exe, Playback - [WARNING] Internal warning: Window Not Found: [VisibleOnly]ControlType='Window' &amp;&amp; Name='Personal Lines Renewals' &amp;&amp; ClassName='ThunderRT6FormDC'
\0
E, 3504, 95, 2013/05/24, 08:07:29.652, 3597318245696, QTAgent32.exe, &lt;a class=failure&gt;Playback - {161} [FAILED] Function ElementFetcher::FindScreenElement failed to locate UI element (Searching: ;[VisibleOnly]ControlType='Window' &amp;&amp; Name='Personal Lines Renewals' &amp;&amp; ClassName='ThunderRT6FormDC') (The object specified was not found.)
\0&lt;/a&gt;
E, 3504, 95, 2013/05/24, 08:07:29.780, 3597320075782, QTAgent32.exe, Playback - [IMAGE] C:\Users\testuser\AppData\Local\Temp\UITestLogs\LastRun\RPFA6EF.png
\0
W, 3504, 95, 2013/05/24, 08:07:29.780, 3597320078164, QTAgent32.exe, Playback - [WARNING] Internal warning: Couldn't find descendants that match QueryId
\0
W, 3504, 95, 2013/05/24, 08:07:29.780, 3597320081221, QTAgent32.exe, PERF WARNING: FindTopLevelWindowHelper::FindAllDescendents: took 701 ms. Expected it to take maximum 500 ms.
W, 3504, 95, 2013/05/24, 08:07:29.876, 3597321456218, QTAgent32.exe, Playback - [WARNING] Internal warning: Window Not Found: [VisibleOnly]ControlType='Window' &amp;&amp; Name='Personal Lines Renewals' &amp;&amp; ClassName='ThunderRT6FormDC'
\0
E, 3504, 95, 2013/05/24, 08:07:29.876, 3597321459478, QTAgent32.exe, &lt;a class=failure&gt;Playback - {162} [FAILED] Function ElementFetcher::FindScreenElement failed to locate UI element (Searching: ;[VisibleOnly]ControlType='Window' &amp;&amp; Name='Personal Lines Renewals' &amp;&amp; ClassName='ThunderRT6FormDC') (The object specified was not found.)
\0&lt;/a&gt;
E, 3504, 95, 2013/05/24, 08:07:29.975, 3597322868235, QTAgent32.exe, Playback - [IMAGE] C:\Users\testuser\AppData\Local\Temp\UITestLogs\LastRun\RPFA7DA.png
\0
W, 3504, 95, 2013/05/24, 08:07:29.975, 3597322870609, QTAgent32.exe, Playback - [WARNING] Internal warning: Couldn't find descendants that match QueryId
\0
W, 3504, 95, 2013/05/24, 08:07:30.320, 3597327808898, QTAgent32.exe, Playback - [WARNING] Internal warning: Window Not Found: [VisibleOnly]ControlType='Window' &amp;&amp; Name='Personal Lines Renewals' &amp;&amp; ClassName='ThunderRT6FormDC'
\0
E, 3504, 95, 2013/05/24, 08:07:30.320, 3597327811725, QTAgent32.exe, &lt;a class=failure&gt;Playback - {163} [FAILED] Function ElementFetcher::FindScreenElement failed to locate UI element (Searching: ;[VisibleOnly]ControlType='Window' &amp;&amp; Name='Personal Lines Renewals' &amp;&amp; ClassName='ThunderRT6FormDC') (The object specified was not found.)
\0&lt;/a&gt;
E, 3504, 95, 2013/05/24, 08:07:30.421, 3597329264240, QTAgent32.exe, Playback - [IMAGE] C:\Users\testuser\AppData\Local\Temp\UITestLogs\LastRun\RPFA990.png
\0
W, 3504, 95, 2013/05/24, 08:07:30.421, 3597329266772, QTAgent32.exe, Playback - [WARNING] Internal warning: Couldn't find descendants that match QueryId
\0
E, 3504, 95, 2013/05/24, 08:07:30.422, 3597329270807, QTAgent32.exe, Exception: System.Runtime.InteropServices.COMException
	Message: Error HRESULT E_FAIL has been returned from a call to a COM component.
	Stack Trace:    at Microsoft.VisualStudio.TestTools.UITest.Playback.Engine.IRPFPlayback.FindAllScreenElements(IScreenElement pScreenElementStart, String bstrQueryId, Object&amp; pvarResKeys, Int32 cResKeys, Int32 nMaxDepth, Object[]&amp; foundDescendants)
   at Microsoft.VisualStudio.TestTools.UITest.Playback.ScreenElement.FindTopLevelWindowHelper(String queryId)
	BaseExceptionMessage: Error HRESULT E_FAIL has been returned from a call to a COM component.

W, 3504, 95, 2013/05/24, 08:07:33.222, 3597369357964, QTAgent32.exe, Playback - [WARNING] Internal warning: Window Not Found: [VisibleOnly]ControlType='Window' &amp;&amp; Name='IETAM Renewals' &amp;&amp; ClassName='ThunderRT6FormDC'
\0
E, 3504, 95, 2013/05/24, 08:07:33.222, 3597369362316, QTAgent32.exe, &lt;a class=failure&gt;Playback - {164} [FAILED] Function ElementFetcher::FindScreenElement failed to locate UI element (Searching: ;[VisibleOnly]ControlType='Window' &amp;&amp; Name='IETAM Renewals' &amp;&amp; ClassName='ThunderRT6FormDC') (The object specified was not found.)
\0&lt;/a&gt;
E, 3504, 95, 2013/05/24, 08:07:33.330, 3597370911248, QTAgent32.exe, Playback - [IMAGE] C:\Users\testuser\AppData\Local\Temp\UITestLogs\LastRun\RPFB4E7.png
\0
W, 3504, 95, 2013/05/24, 08:07:33.330, 3597370913828, QTAgent32.exe, Playback - [WARNING] Internal warning: Couldn't find descendants that match QueryId
\0
W, 3504, 95, 2013/05/24, 08:07:33.330, 3597370917505, QTAgent32.exe, PERF WARNING: FindTopLevelWindowHelper::FindAllDescendents: took 2893 ms. Expected it to take maximum 500 ms.
W, 3504, 95, 2013/05/24, 08:07:33.359, 3597371323340, QTAgent32.exe, Playback - [WARNING] Internal warning: Window Not Found: [VisibleOnly]ControlType='Window' &amp;&amp; Name='IETAM Renewals' &amp;&amp; ClassName='ThunderRT6FormDC'
\0
E, 3504, 95, 2013/05/24, 08:07:33.359, 3597371326089, QTAgent32.exe, &lt;a class=failure&gt;Playback - {165} [FAILED] Function ElementFetcher::FindScreenElement failed to locate UI element (Searching: ;[VisibleOnly]ControlType='Window' &amp;&amp; Name='IETAM Renewals' &amp;&amp; ClassName='ThunderRT6FormDC') (The object specified was not found.)
\0&lt;/a&gt;
E, 3504, 95, 2013/05/24, 08:07:33.471, 3597372934493, QTAgent32.exe, Playback - [IMAGE] C:\Users\testuser\AppData\Local\Temp\UITestLogs\LastRun\RPFB574.png
\0
W, 3504, 95, 2013/05/24, 08:07:33.471, 3597372937049, QTAgent32.exe, Playback - [WARNING] Internal warning: Couldn't find descendants that match QueryId
\0
W, 3504, 95, 2013/05/24, 08:07:33.801, 3597377660366, QTAgent32.exe, Playback - [WARNING] Internal warning: Window Not Found: [VisibleOnly]ControlType='Window' &amp;&amp; Name='IETAM Renewals' &amp;&amp; ClassName='ThunderRT6FormDC'
\0
E, 3504, 95, 2013/05/24, 08:07:33.802, 3597377663377, QTAgent32.exe, &lt;a class=failure&gt;Playback - {166} [FAILED] Function ElementFetcher::FindScreenElement failed to locate UI element (Searching: ;[VisibleOnly]ControlType='Window' &amp;&amp; Name='IETAM Renewals' &amp;&amp; ClassName='ThunderRT6FormDC') (The object specified was not found.)
\0&lt;/a&gt;
E, 3504, 95, 2013/05/24, 08:07:33.885, 3597378862901, QTAgent32.exe, Playback - [IMAGE] C:\Users\testuser\AppData\Local\Temp\UITestLogs\LastRun\RPFB72A.png
\0
W, 3504, 95, 2013/05/24, 08:07:33.885, 3597378865183, QTAgent32.exe, Playback - [WARNING] Internal warning: Couldn't find descendants that match QueryId
\0
E, 3504, 95, 2013/05/24, 08:07:33.886, 3597378869289, QTAgent32.exe, Exception: System.Runtime.InteropServices.COMException
	Message: Error HRESULT E_FAIL has been returned from a call to a COM component.
	Stack Trace:    at Microsoft.VisualStudio.TestTools.UITest.Playback.Engine.IRPFPlayback.FindAllScreenElements(IScreenElement pScreenElementStart, String bstrQueryId, Object&amp; pvarResKeys, Int32 cResKeys, Int32 nMaxDepth, Object[]&amp; foundDescendants)
   at Microsoft.VisualStudio.TestTools.UITest.Playback.ScreenElement.FindTopLevelWindowHelper(String queryId)
	BaseExceptionMessage: Error HRESULT E_FAIL has been returned from a call to a COM component.

W, 3504, 95, 2013/05/24, 08:07:34.599, 3597389088004, QTAgent32.exe, &lt;a class=success&gt;Playback - {167} [SUCCESS] SetValueAsEditBox "1" - "[MSAA, VisibleOnly]ControlType='Edit'"  &lt; Set via SendKeys &gt;
\0&lt;/a&gt;
W, 3504, 95, 2013/05/24, 08:07:34.834, 3597392455292, QTAgent32.exe, &lt;a class=success&gt;Playback - {168} [SUCCESS] MouseButtonClick - "[MSAA, VisibleOnly]ControlType='Button' &amp;&amp; Name='Ok'"
\0&lt;/a&gt;
W, 3504, 95, 2013/05/24, 08:07:36.073, 3597410197212, QTAgent32.exe, Playback - [WARNING] Internal warning: Window Not Found: [VisibleOnly]ControlType='Window' &amp;&amp; Name='Confirm' &amp;&amp; ClassName='#32770'
\0
E, 3504, 95, 2013/05/24, 08:07:36.074, 3597410200537, QTAgent32.exe, &lt;a class=failure&gt;Playback - {169} [FAILED] Function ElementFetcher::FindScreenElement failed to locate UI element (Searching: ;[VisibleOnly]ControlType='Window' &amp;&amp; Name='Confirm' &amp;&amp; ClassName='#32770') (The object specified was not found.)
\0&lt;/a&gt;
E, 3504, 95, 2013/05/24, 08:07:36.223, 3597412333244, QTAgent32.exe, Playback - [IMAGE] C:\Users\testuser\AppData\Local\Temp\UITestLogs\LastRun\RPFC011.png
\0
W, 3504, 95, 2013/05/24, 08:07:36.223, 3597412335548, QTAgent32.exe, Playback - [WARNING] Internal warning: Couldn't find descendants that match QueryId
\0
W, 3504, 95, 2013/05/24, 08:07:36.223, 3597412338448, QTAgent32.exe, PERF WARNING: FindTopLevelWindowHelper::FindAllDescendents: took 1287 ms. Expected it to take maximum 500 ms.
W, 3504, 95, 2013/05/24, 08:07:54.263, 3597670643062, QTAgent32.exe, Playback - [WARNING] Internal warning: Window Not Found: [VisibleOnly]ControlType='Window' &amp;&amp; Name='Confirm' &amp;&amp; ClassName='#32770'
\0
E, 3504, 95, 2013/05/24, 08:07:54.264, 3597670651466, QTAgent32.exe, &lt;a class=failure&gt;Playback - {170} [FAILED] Function ElementFetcher::FindScreenElement failed to locate UI element (Searching: ;[VisibleOnly]ControlType='Window' &amp;&amp; Name='Confirm' &amp;&amp; ClassName='#32770') (The object specified was not found.)
\0&lt;/a&gt;
E, 3504, 95, 2013/05/24, 08:07:54.357, 3597671983238, QTAgent32.exe, Playback - [IMAGE] C:\Users\testuser\AppData\Local\Temp\UITestLogs\LastRun\RPF71F.png
\0
W, 3504, 95, 2013/05/24, 08:07:54.357, 3597671985602, QTAgent32.exe, Playback - [WARNING] Internal warning: Couldn't find descendants that match QueryId
\0
W, 3504, 95, 2013/05/24, 08:07:54.358, 3597671994391, QTAgent32.exe, PERF WARNING: FindTopLevelWindowHelper::FindAllDescendents: took 18134 ms. Expected it to take maximum 500 ms.
W, 3504, 95, 2013/05/24, 08:07:54.886, 3597679552894, QTAgent32.exe, Playback - [WARNING] Internal warning: Smart Match failed
\0
W, 3504, 95, 2013/05/24, 08:07:55.123, 3597682957602, QTAgent32.exe, Playback - [WARNING] Internal warning: Smart Match failed
\0
W, 3504, 95, 2013/05/24, 08:07:55.350, 3597686196029, QTAgent32.exe, Playback - [WARNING] Internal warning: Smart Match failed
\0
W, 3504, 95, 2013/05/24, 08:07:55.583, 3597689537855, QTAgent32.exe, Playback - [WARNING] Internal warning: Smart Match failed
\0
W, 3504, 95, 2013/05/24, 08:07:55.811, 3597692808003, QTAgent32.exe, Playback - [WARNING] Internal warning: Smart Match failed
\0
W, 3504, 95, 2013/05/24, 08:07:56.032, 3597695963180, QTAgent32.exe, Playback - [WARNING] Internal warning: Smart Match failed
\0
W, 3504, 95, 2013/05/24, 08:07:56.251, 3597699104422, QTAgent32.exe, Playback - [WARNING] Internal warning: Smart Match failed
\0
W, 3504, 95, 2013/05/24, 08:07:56.476, 3597702326718, QTAgent32.exe, Playback - [WARNING] Internal warning: Smart Match failed
\0
W, 3504, 95, 2013/05/24, 08:07:56.696, 3597705476320, QTAgent32.exe, Playback - [WARNING] Internal warning: Smart Match failed
\0
W, 3504, 95, 2013/05/24, 08:07:56.916, 3597708621809, QTAgent32.exe, Playback - [WARNING] Internal warning: Smart Match failed
\0
W, 3504, 95, 2013/05/24, 08:07:57.136, 3597711771336, QTAgent32.exe, Playback - [WARNING] Internal warning: Smart Match failed
\0
W, 3504, 95, 2013/05/24, 08:07:57.360, 3597714977349, QTAgent32.exe, Playback - [WARNING] Internal warning: Smart Match failed
\0
W, 3504, 95, 2013/05/24, 08:07:57.482, 3597716721253, QTAgent32.exe, Playback - [WARNING] Internal warning: Window Not Found: [VisibleOnly]ControlType='Window' &amp;&amp; Name='Confirm' &amp;&amp; ClassName='#32770'
\0
E, 3504, 95, 2013/05/24, 08:07:57.482, 3597716724796, QTAgent32.exe, &lt;a class=failure&gt;Playback - {171} [FAILED] Function ElementFetcher::FindScreenElement failed to locate UI element (Searching: ;[VisibleOnly]ControlType='Window' &amp;&amp; Name='Confirm' &amp;&amp; ClassName='#32770') (The object specified was not found.)
\0&lt;/a&gt;
E, 3504, 95, 2013/05/24, 08:07:57.570, 3597717989691, QTAgent32.exe, Playback - [IMAGE] C:\Users\testuser\AppData\Local\Temp\UITestLogs\LastRun\RPF13AE.png
\0
W, 3504, 95, 2013/05/24, 08:07:57.570, 3597717992150, QTAgent32.exe, Playback - [WARNING] Internal warning: Couldn't find descendants that match QueryId
\0
W, 3504, 95, 2013/05/24, 08:07:57.571, 3597718000429, QTAgent32.exe, PERF WARNING: FindTopLevelWindowHelper::FindAllDescendents: took 3212 ms. Expected it to take maximum 500 ms.
E, 3504, 95, 2013/05/24, 08:07:57.571, 3597718003502, QTAgent32.exe, Exception: System.Runtime.InteropServices.COMException
	Message: Error HRESULT E_FAIL has been returned from a call to a COM component.
	Stack Trace:    at Microsoft.VisualStudio.TestTools.UITest.Playback.Engine.IRPFPlayback.FindAllScreenElements(IScreenElement pScreenElementStart, String bstrQueryId, Object&amp; pvarResKeys, Int32 cResKeys, Int32 nMaxDepth, Object[]&amp; foundDescendants)
   at Microsoft.VisualStudio.TestTools.UITest.Playback.ScreenElement.FindTopLevelWindowHelper(String queryId)
	BaseExceptionMessage: Error HRESULT E_FAIL has been returned from a call to a COM component.

E, 3504, 95, 2013/05/24, 08:07:57.677, 3597719511647, QTAgent32.exe, AL: Playback Error: Microsoft.VisualStudio.TestTools.UITest.Extension.UITestControlNotFoundException: The playback failed to find the control with the given search properties. Additional Details: 
TechnologyName:  'MSAA'
ControlType:  'Window'
Name:  'Confirm'
ClassName:  '#32770'
 ---&gt; System.Runtime.InteropServices.COMException: Error HRESULT E_FAIL has been returned from a call to a COM component.
   at Microsoft.VisualStudio.TestTools.UITest.Playback.Engine.IRPFPlayback.FindAllScreenElements(IScreenElement pScreenElementStart, String bstrQueryId, Object&amp; pvarResKeys, Int32 cResKeys, Int32 nMaxDepth, Object[]&amp; foundDescendants)
   at Microsoft.VisualStudio.TestTools.UITest.Playback.ScreenElement.FindTopLevelWindowHelper(String queryId)
   at Microsoft.VisualStudio.TestTools.UITest.Playback.ScreenElement.FindFromPartialQueryId(String queryId)
   at Microsoft.VisualStudio.TestTools.UITesting.UITestControl..ctor(String queryId)
   --- End of inner exception stack trace ---
   at Microsoft.VisualStudio.TestTools.UITesting.Playback.MapControlNotFoundException(COMException ex, IPlaybackContext context)
   at Microsoft.VisualStudio.TestTools.UITesting.Playback.MapAndThrowComException(COMException innerException, IPlaybackContext context)
   at Microsoft.VisualStudio.TestTools.UITesting.Playback.MapAndThrowException(SystemException exception, IPlaybackContext context)
   at Microsoft.VisualStudio.TestTools.UITesting.Playback.MapAndThrowException(SystemException exception, String queryId)
   at Microsoft.VisualStudio.TestTools.UITesting.UITestControl..ctor(String queryId)
   at Microsoft.VisualStudio.TestTools.UITesting.SearchHelper.SearchTopLevelWindow(ISearchArgument topLevelSearchArg, String topLevelElementQueryId)
   at Microsoft.VisualStudio.TestTools.UITesting.SearchHelper.GetTitleUpdatedTopLevelWindow(ISearchArgument topLevelSearchArg, String queryId, IList`1 windowTitles)
   at Microsoft.VisualStudio.TestTools.UITesting.SearchHelper.GetTopLevelElement(Boolean useCache, Boolean useCacheOnly, ISearchArgument searchArg, IList`1 windowTitles, Int32&amp; timeLeft)
   at Microsoft.VisualStudio.TestTools.UITesting.SearchHelper.GetElement(Boolean useCache, ISearchArgument searchArg)
   at Microsoft.VisualStudio.TestTools.UITesting.SearchHelper.Search(ISearchArgument searchArg)
   at Microsoft.VisualStudio.TestTools.UITesting.UITestControl.FindInternal()
   at Microsoft.VisualStudio.TestTools.UITesting.UITestControl.FindControlIfNecessary()
   at Microsoft.VisualStudio.TestTools.UITesting.UITestControl.Click(MouseButtons button, ModifierKeys modifierKeys, Point relativeCoordinates)
   at Microsoft.VisualStudio.TestTools.UITesting.Mouse.ClickImplementation(UITestControl control, MouseButtons button, ModifierKeys modifierKeys, Point relativeCoordinate)
   at Microsoft.VisualStudio.TestTools.UITesting.Mouse.ClickImplementationWrapper(UITestControl control, MouseButtons button, ModifierKeys modifierKeys, Point relativeCoordinate)
W, 3504, 95, 2013/05/24, 08:07:57.677, 3597719516368, QTAgent32.exe, PlaybackErrorHandler: Ignoring exception as ContinueOnError is set.
W, 3504, 95, 2013/05/24, 08:07:57.943, 3597723331567, QTAgent32.exe, Playback - [WARNING] Internal warning: Window Not Found: [VisibleOnly]ControlType='Window' &amp;&amp; Name='Personal Lines' &amp;&amp; ClassName='#32770'
\0
E, 3504, 95, 2013/05/24, 08:07:57.944, 3597723334819, QTAgent32.exe, &lt;a class=failure&gt;Playback - {172} [FAILED] Function ElementFetcher::FindScreenElement failed to locate UI element (Searching: ;[VisibleOnly]ControlType='Window' &amp;&amp; Name='Personal Lines' &amp;&amp; ClassName='#32770') (The object specified was not found.)
\0&lt;/a&gt;
E, 3504, 95, 2013/05/24, 08:07:58.040, 3597724714977, QTAgent32.exe, Playback - [IMAGE] C:\Users\testuser\AppData\Local\Temp\UITestLogs\LastRun\RPF1583.png
\0
W, 3504, 95, 2013/05/24, 08:07:58.040, 3597724717590, QTAgent32.exe, Playback - [WARNING] Internal warning: Couldn't find descendants that match QueryId
\0
W, 3504, 95, 2013/05/24, 08:08:16.131, 3597983747501, QTAgent32.exe, Playback - [WARNING] Internal warning: Window Not Found: [VisibleOnly]ControlType='Window' &amp;&amp; Name='Personal Lines' &amp;&amp; ClassName='#32770'
\0
E, 3504, 95, 2013/05/24, 08:08:16.132, 3597983752077, QTAgent32.exe, &lt;a class=failure&gt;Playback - {173} [FAILED] Function ElementFetcher::FindScreenElement failed to locate UI element (Searching: ;[VisibleOnly]ControlType='Window' &amp;&amp; Name='Personal Lines' &amp;&amp; ClassName='#32770') (The object specified was not found.)
\0&lt;/a&gt;
E, 3504, 95, 2013/05/24, 08:08:16.223, 3597985054085, QTAgent32.exe, Playback - [IMAGE] C:\Users\testuser\AppData\Local\Temp\UITestLogs\LastRun\RPF5C92.png
\0
W, 3504, 95, 2013/05/24, 08:08:16.223, 3597985056544, QTAgent32.exe, Playback - [WARNING] Internal warning: Couldn't find descendants that match QueryId
\0
W, 3504, 95, 2013/05/24, 08:08:16.223, 3597985060645, QTAgent32.exe, PERF WARNING: FindTopLevelWindowHelper::FindAllDescendents: took 18182 ms. Expected it to take maximum 500 ms.
W, 3504, 95, 2013/05/24, 08:08:16.716, 3597992123361, QTAgent32.exe, Playback - [WARNING] Internal warning: Smart Match failed
\0
W, 3504, 95, 2013/05/24, 08:08:16.952, 3597995500891, QTAgent32.exe, Playback - [WARNING] Internal warning: Smart Match failed
\0
W, 3504, 95, 2013/05/24, 08:08:17.181, 3597998780711, QTAgent32.exe, Playback - [WARNING] Internal warning: Smart Match failed
\0
W, 3504, 95, 2013/05/24, 08:08:17.406, 3598002000227, QTAgent32.exe, Playback - [WARNING] Internal warning: Smart Match failed
\0
W, 3504, 95, 2013/05/24, 08:08:17.640, 3598005352986, QTAgent32.exe, Playback - [WARNING] Internal warning: Smart Match failed
\0
W, 3504, 95, 2013/05/24, 08:08:17.861, 3598008513709, QTAgent32.exe, Playback - [WARNING] Internal warning: Smart Match failed
\0
W, 3504, 95, 2013/05/24, 08:08:18.081, 3598011672239, QTAgent32.exe, Playback - [WARNING] Internal warning: Smart Match failed
\0
W, 3504, 95, 2013/05/24, 08:08:18.303, 3598014847114, QTAgent32.exe, Playback - [WARNING] Internal warning: Smart Match failed
\0
W, 3504, 95, 2013/05/24, 08:08:18.527, 3598018056067, QTAgent32.exe, Playback - [WARNING] Internal warning: Smart Match failed
\0
W, 3504, 95, 2013/05/24, 08:08:18.747, 3598021208926, QTAgent32.exe, Playback - [WARNING] Internal warning: Smart Match failed
\0
W, 3504, 95, 2013/05/24, 08:08:18.968, 3598024375283, QTAgent32.exe, Playback - [WARNING] Internal warning: Smart Match failed
\0
W, 3504, 95, 2013/05/24, 08:08:19.190, 3598027547660, QTAgent32.exe, Playback - [WARNING] Internal warning: Smart Match failed
\0
W, 3504, 95, 2013/05/24, 08:08:19.298, 3598029088243, QTAgent32.exe, Playback - [WARNING] Internal warning: Window Not Found: [VisibleOnly]ControlType='Window' &amp;&amp; Name='Personal Lines' &amp;&amp; ClassName='#32770'
\0
E, 3504, 95, 2013/05/24, 08:08:19.298, 3598029091571, QTAgent32.exe, &lt;a class=failure&gt;Playback - {174} [FAILED] Function ElementFetcher::FindScreenElement failed to locate UI element (Searching: ;[VisibleOnly]ControlType='Window' &amp;&amp; Name='Personal Lines' &amp;&amp; ClassName='#32770') (The object specified was not found.)
\0&lt;/a&gt;
E, 3504, 95, 2013/05/24, 08:08:19.378, 3598030233342, QTAgent32.exe, Playback - [IMAGE] C:\Users\testuser\AppData\Local\Temp\UITestLogs\LastRun\RPF68F1.png
\0
W, 3504, 95, 2013/05/24, 08:08:19.378, 3598030235752, QTAgent32.exe, Playback - [WARNING] Internal warning: Couldn't find descendants that match QueryId
\0
W, 3504, 95, 2013/05/24, 08:08:19.378, 3598030238690, QTAgent32.exe, PERF WARNING: FindTopLevelWindowHelper::FindAllDescendents: took 3155 ms. Expected it to take maximum 500 ms.
E, 3504, 95, 2013/05/24, 08:08:19.378, 3598030240795, QTAgent32.exe, Exception: System.Runtime.InteropServices.COMException
	Message: Error HRESULT E_FAIL has been returned from a call to a COM component.
	Stack Trace:    at Microsoft.VisualStudio.TestTools.UITest.Playback.Engine.IRPFPlayback.FindAllScreenElements(IScreenElement pScreenElementStart, String bstrQueryId, Object&amp; pvarResKeys, Int32 cResKeys, Int32 nMaxDepth, Object[]&amp; foundDescendants)
   at Microsoft.VisualStudio.TestTools.UITest.Playback.ScreenElement.FindTopLevelWindowHelper(String queryId)
	BaseExceptionMessage: Error HRESULT E_FAIL has been returned from a call to a COM component.

E, 3504, 95, 2013/05/24, 08:08:19.378, 3598030245424, QTAgent32.exe, Window 4983150 not responding. Last Win32 error 0
E, 3504, 95, 2013/05/24, 08:08:19.378, 3598030246611, QTAgent32.exe, GetClassName for handle 4983150 failed
E, 3504, 95, 2013/05/24, 08:08:19.480, 3598031696894, QTAgent32.exe, AL: Playback Error: Microsoft.VisualStudio.TestTools.UITest.Extension.UITestControlNotAvailableException: The control is not available or not valid. Additional Details: 
TechnologyName:  'MSAA'
Name:  'Personal Lines'
ClassName:  '#32770'
ControlType:  'Window'
 ---&gt; System.Runtime.InteropServices.COMException: Error HRESULT E_FAIL has been returned from a call to a COM component.
   at Microsoft.VisualStudio.TestTools.UITest.Playback.Engine.IRPFPlayback.FindAllScreenElements(IScreenElement pScreenElementStart, String bstrQueryId, Object&amp; pvarResKeys, Int32 cResKeys, Int32 nMaxDepth, Object[]&amp; foundDescendants)
   at Microsoft.VisualStudio.TestTools.UITest.Playback.ScreenElement.FindTopLevelWindowHelper(String queryId)
   at Microsoft.VisualStudio.TestTools.UITest.Playback.ScreenElement.FindFromPartialQueryId(String queryId)
   at Microsoft.VisualStudio.TestTools.UITesting.UITestControl.EnsureValid(Boolean waitForReady, Boolean refetch)
   --- End of inner exception stack trace ---
   at Microsoft.VisualStudio.TestTools.UITesting.UITestControl.EnsureValid(Boolean waitForReady, Boolean refetch)
   at Microsoft.VisualStudio.TestTools.UITesting.UITestControl.FindFirstDescendant(String queryId, Int32 maxDepth, Int32&amp; timeLeft)
   at Microsoft.VisualStudio.TestTools.UITesting.SearchHelper.GetElement(Boolean useCache, ISearchArgument searchArg)
   at Microsoft.VisualStudio.TestTools.UITesting.SearchHelper.Search(ISearchArgument searchArg)
   at Microsoft.VisualStudio.TestTools.UITesting.UITestControl.FindInternal()
   at Microsoft.VisualStudio.TestTools.UITesting.UITestControl.FindControlIfNecessary()
   at Microsoft.VisualStudio.TestTools.UITesting.UITestControl.Click(MouseButtons button, ModifierKeys modifierKeys, Point relativeCoordinates)
   at Microsoft.VisualStudio.TestTools.UITesting.Mouse.ClickImplementation(UITestControl control, MouseButtons button, ModifierKeys modifierKeys, Point relativeCoordinate)
   at Microsoft.VisualStudio.TestTools.UITesting.Mouse.ClickImplementationWrapper(UITestControl control, MouseButtons button, ModifierKeys modifierKeys, Point relativeCoordinate)
W, 3504, 95, 2013/05/24, 08:08:19.480, 3598031702258, QTAgent32.exe, PlaybackErrorHandler: Ignoring exception as ContinueOnError is set.
W, 3504, 95, 2013/05/24, 08:08:19.759, 3598035689971, QTAgent32.exe, Playback - [WARNING] Internal warning: Window Not Found: [VisibleOnly]ControlType='Window' &amp;&amp; Name='Policies Auto-Renewed &amp; Auto-Lapsed' &amp;&amp; ClassName='ThunderRT6FormDC'
\0
E, 3504, 95, 2013/05/24, 08:08:19.759, 3598035694065, QTAgent32.exe, &lt;a class=failure&gt;Playback - {175} [FAILED] Function ElementFetcher::FindScreenElement failed to locate UI element (Searching: ;[VisibleOnly]ControlType='Window' &amp;&amp; Name='Policies Auto-Renewed &amp; Auto-Lapsed' &amp;&amp; ClassName='ThunderRT6FormDC') (The object specified was not found.)
\0&lt;/a&gt;
E, 3504, 95, 2013/05/24, 08:08:19.853, 3598037037544, QTAgent32.exe, Playback - [IMAGE] C:\Users\testuser\AppData\Local\Temp\UITestLogs\LastRun\RPF6AB7.png
\0
W, 3504, 95, 2013/05/24, 08:08:19.853, 3598037040082, QTAgent32.exe, Playback - [WARNING] Internal warning: Couldn't find descendants that match QueryId
\0
W, 3504, 95, 2013/05/24, 08:08:37.942, 3598296043205, QTAgent32.exe, Playback - [WARNING] Internal warning: Window Not Found: [VisibleOnly]ControlType='Window' &amp;&amp; Name='Policies Auto-Renewed &amp; Auto-Lapsed' &amp;&amp; ClassName='ThunderRT6FormDC'
\0
E, 3504, 95, 2013/05/24, 08:08:37.943, 3598296051083, QTAgent32.exe, &lt;a class=failure&gt;Playback - {176} [FAILED] Function ElementFetcher::FindScreenElement failed to locate UI element (Searching: ;[VisibleOnly]ControlType='Window' &amp;&amp; Name='Policies Auto-Renewed &amp; Auto-Lapsed' &amp;&amp; ClassName='ThunderRT6FormDC') (The object specified was not found.)
\0&lt;/a&gt;
E, 3504, 95, 2013/05/24, 08:08:38.023, 3598297205803, QTAgent32.exe, Playback - [IMAGE] C:\Users\testuser\AppData\Local\Temp\UITestLogs\LastRun\RPFB1C6.png
\0
W, 3504, 95, 2013/05/24, 08:08:38.024, 3598297208627, QTAgent32.exe, Playback - [WARNING] Internal warning: Couldn't find descendants that match QueryId
\0
W, 3504, 95, 2013/05/24, 08:08:38.024, 3598297217348, QTAgent32.exe, PERF WARNING: FindTopLevelWindowHelper::FindAllDescendents: took 18170 ms. Expected it to take maximum 500 ms.
W, 3504, 95, 2013/05/24, 08:08:38.528, 3598304439123, QTAgent32.exe, Playback - [WARNING] Internal warning: Smart Match failed
\0
W, 3504, 95, 2013/05/24, 08:08:38.757, 3598307714172, QTAgent32.exe, Playback - [WARNING] Internal warning: Smart Match failed
\0
W, 3504, 95, 2013/05/24, 08:08:38.990, 3598311047205, QTAgent32.exe, Playback - [WARNING] Internal warning: Smart Match failed
\0
W, 3504, 95, 2013/05/24, 08:08:39.299, 3598315466476, QTAgent32.exe, Playback - [WARNING] Internal warning: Smart Match failed
\0
W, 3504, 95, 2013/05/24, 08:08:39.542, 3598318947290, QTAgent32.exe, Playback - [WARNING] Internal warning: Smart Match failed
\0
W, 3504, 95, 2013/05/24, 08:08:39.777, 3598322308953, QTAgent32.exe, Playback - [WARNING] Internal warning: Smart Match failed
\0
W, 3504, 95, 2013/05/24, 08:08:40.000, 3598325509347, QTAgent32.exe, Playback - [WARNING] Internal warning: Smart Match failed
\0
W, 3504, 95, 2013/05/24, 08:08:40.219, 3598328637702, QTAgent32.exe, Playback - [WARNING] Internal warning: Smart Match failed
\0
W, 3504, 95, 2013/05/24, 08:08:40.438, 3598331771077, QTAgent32.exe, Playback - [WARNING] Internal warning: Smart Match failed
\0
W, 3504, 95, 2013/05/24, 08:08:40.660, 3598334956200, QTAgent32.exe, Playback - [WARNING] Internal warning: Smart Match failed
\0
W, 3504, 95, 2013/05/24, 08:08:40.882, 3598338128889, QTAgent32.exe, Playback - [WARNING] Internal warning: Smart Match failed
\0
W, 3504, 95, 2013/05/24, 08:08:41.100, 3598341254946, QTAgent32.exe, Playback - [WARNING] Internal warning: Smart Match failed
\0
W, 3504, 95, 2013/05/24, 08:08:41.203, 3598342730446, QTAgent32.exe, Playback - [WARNING] Internal warning: Window Not Found: [VisibleOnly]ControlType='Window' &amp;&amp; Name='Policies Auto-Renewed &amp; Auto-Lapsed' &amp;&amp; ClassName='ThunderRT6FormDC'
\0
E, 3504, 95, 2013/05/24, 08:08:41.203, 3598342733578, QTAgent32.exe, &lt;a class=failure&gt;Playback - {177} [FAILED] Function ElementFetcher::FindScreenElement failed to locate UI element (Searching: ;[VisibleOnly]ControlType='Window' &amp;&amp; Name='Policies Auto-Renewed &amp; Auto-Lapsed' &amp;&amp; ClassName='ThunderRT6FormDC') (The object specified was not found.)
\0&lt;/a&gt;
E, 3504, 95, 2013/05/24, 08:08:41.285, 3598343901566, QTAgent32.exe, Playback - [IMAGE] C:\Users\testuser\AppData\Local\Temp\UITestLogs\LastRun\RPFBE83.png
\0
W, 3504, 95, 2013/05/24, 08:08:41.285, 3598343904223, QTAgent32.exe, Playback - [WARNING] Internal warning: Couldn't find descendants that match QueryId
\0
W, 3504, 95, 2013/05/24, 08:08:41.285, 3598343907652, QTAgent32.exe, PERF WARNING: FindTopLevelWindowHelper::FindAllDescendents: took 3260 ms. Expected it to take maximum 500 ms.
E, 3504, 95, 2013/05/24, 08:08:41.285, 3598343909577, QTAgent32.exe, Exception: System.Runtime.InteropServices.COMException
	Message: Error HRESULT E_FAIL has been returned from a call to a COM component.
	Stack Trace:    at Microsoft.VisualStudio.TestTools.UITest.Playback.Engine.IRPFPlayback.FindAllScreenElements(IScreenElement pScreenElementStart, String bstrQueryId, Object&amp; pvarResKeys, Int32 cResKeys, Int32 nMaxDepth, Object[]&amp; foundDescendants)
   at Microsoft.VisualStudio.TestTools.UITest.Playback.ScreenElement.FindTopLevelWindowHelper(String queryId)
	BaseExceptionMessage: Error HRESULT E_FAIL has been returned from a call to a COM component.

E, 3504, 95, 2013/05/24, 08:08:41.386, 3598345353033, QTAgent32.exe, AL: Playback Error: Microsoft.VisualStudio.TestTools.UITest.Extension.UITestControlNotFoundException: The playback failed to find the control with the given search properties. Additional Details: 
TechnologyName:  'MSAA'
ControlType:  'Window'
Name:  'Policies Auto-Renewed &amp; Auto-Lapsed'
ClassName:  'ThunderRT6FormDC'
 ---&gt; System.Runtime.InteropServices.COMException: Error HRESULT E_FAIL has been returned from a call to a COM component.
   at Microsoft.VisualStudio.TestTools.UITest.Playback.Engine.IRPFPlayback.FindAllScreenElements(IScreenElement pScreenElementStart, String bstrQueryId, Object&amp; pvarResKeys, Int32 cResKeys, Int32 nMaxDepth, Object[]&amp; foundDescendants)
   at Microsoft.VisualStudio.TestTools.UITest.Playback.ScreenElement.FindTopLevelWindowHelper(String queryId)
   at Microsoft.VisualStudio.TestTools.UITest.Playback.ScreenElement.FindFromPartialQueryId(String queryId)
   at Microsoft.VisualStudio.TestTools.UITesting.UITestControl..ctor(String queryId)
   --- End of inner exception stack trace ---
   at Microsoft.VisualStudio.TestTools.UITesting.Playback.MapControlNotFoundException(COMException ex, IPlaybackContext context)
   at Microsoft.VisualStudio.TestTools.UITesting.Playback.MapAndThrowComException(COMException innerException, IPlaybackContext context)
   at Microsoft.VisualStudio.TestTools.UITesting.Playback.MapAndThrowException(SystemException exception, IPlaybackContext context)
   at Microsoft.VisualStudio.TestTools.UITesting.Playback.MapAndThrowException(SystemException exception, String queryId)
   at Microsoft.VisualStudio.TestTools.UITesting.UITestControl..ctor(String queryId)
   at Microsoft.VisualStudio.TestTools.UITesting.SearchHelper.SearchTopLevelWindow(ISearchArgument topLevelSearchArg, String topLevelElementQueryId)
   at Microsoft.VisualStudio.TestTools.UITesting.SearchHelper.GetTitleUpdatedTopLevelWindow(ISearchArgument topLevelSearchArg, String queryId, IList`1 windowTitles)
   at Microsoft.VisualStudio.TestTools.UITesting.SearchHelper.GetTopLevelElement(Boolean useCache, Boolean useCacheOnly, ISearchArgument searchArg, IList`1 windowTitles, Int32&amp; timeLeft)
   at Microsoft.VisualStudio.TestTools.UITesting.SearchHelper.GetElement(Boolean useCache, ISearchArgument searchArg)
   at Microsoft.VisualStudio.TestTools.UITesting.SearchHelper.Search(ISearchArgument searchArg)
   at Microsoft.VisualStudio.TestTools.UITesting.UITestControl.FindInternal()
   at Microsoft.VisualStudio.TestTools.UITesting.UITestControl.FindControlIfNecessary()
   at Microsoft.VisualStudio.TestTools.UITesting.UITestControl.Click(MouseButtons button, ModifierKeys modifierKeys, Point relativeCoordinates)
   at Microsoft.VisualStudio.TestTools.UITesting.Mouse.ClickImplementation(UITestControl control, MouseButtons button, ModifierKeys modifierKeys, Point relativeCoordinate)
   at Microsoft.VisualStudio.TestTools.UITesting.Mouse.ClickImplementationWrapper(UITestControl control, MouseButtons button, ModifierKeys modifierKeys, Point relativeCoordinate)
W, 3504, 95, 2013/05/24, 08:08:41.386, 3598345356820, QTAgent32.exe, PlaybackErrorHandler: Ignoring exception as ContinueOnError is set.
W, 3504, 95, 2013/05/24, 08:08:41.623, 3598348752120, QTAgent32.exe, &lt;a class=success&gt;Playback - {178} [SUCCESS] MouseButtonClick - "[MSAA, VisibleOnly]ControlType='Button' &amp;&amp; Name='EDI Match...'"
\0&lt;/a&gt;
W, 3504, 95, 2013/05/24, 08:08:43.852, 3598380652575, QTAgent32.exe, &lt;a class=success&gt;Playback - {179} [SUCCESS] MouseButtonClick - "[MSAA, VisibleOnly]ControlType='Button' &amp;&amp; Name='Ok'"
\0&lt;/a&gt;
W, 3504, 95, 2013/05/24, 08:08:44.096, 3598384158314, QTAgent32.exe, &lt;a class=success&gt;Playback - {180} [SUCCESS] MouseButtonClick - "[MSAA, VisibleOnly]ControlType='Button' &amp;&amp; Name='OK'"
\0&lt;/a&gt;
W, 3504, 95, 2013/05/24, 08:08:44.327, 3598387461156, QTAgent32.exe, &lt;a class=success&gt;Playback - {181} [SUCCESS] MouseButtonClick - "[MSAA, VisibleOnly]ControlType='Button' &amp;&amp; Name='Log and Clear'"
\0&lt;/a&gt;
W, 3504, 95, 2013/05/24, 08:08:44.617, 3598391617383, QTAgent32.exe, &lt;a class=success&gt;Playback - {182} [SUCCESS] MouseButtonClick - "[MSAA, VisibleOnly]ControlType='Button' &amp;&amp; Name='OK'"
\0&lt;/a&gt;
W, 3504, 95, 2013/05/24, 08:08:44.855, 3598395015226, QTAgent32.exe, &lt;a class=success&gt;Playback - {183} [SUCCESS] MouseButtonClick - "[MSAA, VisibleOnly]ControlType='Button' &amp;&amp; Name='Filter...'"
\0&lt;/a&gt;
W, 3504, 95, 2013/05/24, 08:08:45.467, 3598403788124, QTAgent32.exe, &lt;a class=success&gt;Playback - {184} [SUCCESS] SendKeys "^{HOME}" - "[MSAA, VisibleOnly]ControlType='Edit'"
\0&lt;/a&gt;
E, 3504, 95, 2013/05/24, 08:08:45.467, 3598403791156, QTAgent32.exe, Msaa.GetFocusedElement: could not find accessible object of foreground window
W, 3504, 95, 2013/05/24, 08:08:45.522, 3598404568183, QTAgent32.exe, &lt;a class=success&gt;Playback - {185} [SUCCESS] SendKeys "^+{END}" - "[MSAA, VisibleOnly]ControlType='Edit'"
\0&lt;/a&gt;
E, 3504, 95, 2013/05/24, 08:08:45.522, 3598404571106, QTAgent32.exe, Msaa.GetFocusedElement: could not find accessible object of foreground window
W, 3504, 95, 2013/05/24, 08:08:45.536, 3598404777773, QTAgent32.exe, &lt;a class=success&gt;Playback - {186} [SUCCESS] SendKeys "{DELETE}" - "[MSAA, VisibleOnly]ControlType='Edit'"
\0&lt;/a&gt;
W, 3504, 95, 2013/05/24, 08:08:46.168, 3598413825573, QTAgent32.exe, &lt;a class=success&gt;Playback - {187} [SUCCESS] SetValueAsEditBox "31/05/13" - "[MSAA, VisibleOnly]ControlType='Edit'"  &lt; Set via SendKeys &gt;
\0&lt;/a&gt;
W, 3504, 95, 2013/05/24, 08:08:46.755, 3598422224710, QTAgent32.exe, &lt;a class=success&gt;Playback - {188} [SUCCESS] SendKeys "^{HOME}" - "[MSAA, VisibleOnly]ControlType='Edit'"
\0&lt;/a&gt;
E, 3504, 95, 2013/05/24, 08:08:46.755, 3598422227674, QTAgent32.exe, Msaa.GetFocusedElement: could not find accessible object of foreground window
W, 3504, 95, 2013/05/24, 08:08:46.820, 3598423156605, QTAgent32.exe, &lt;a class=success&gt;Playback - {189} [SUCCESS] SendKeys "^+{END}" - "[MSAA, VisibleOnly]ControlType='Edit'"
\0&lt;/a&gt;
E, 3504, 95, 2013/05/24, 08:08:46.820, 3598423159777, QTAgent32.exe, Msaa.GetFocusedElement: could not find accessible object of foreground window
W, 3504, 95, 2013/05/24, 08:08:46.834, 3598423365060, QTAgent32.exe, &lt;a class=success&gt;Playback - {190} [SUCCESS] SendKeys "{DELETE}" - "[MSAA, VisibleOnly]ControlType='Edit'"
\0&lt;/a&gt;
W, 3504, 95, 2013/05/24, 08:08:47.428, 3598431868365, QTAgent32.exe, &lt;a class=success&gt;Playback - {191} [SUCCESS] SetValueAsEditBox "31/05/13" - "[MSAA, VisibleOnly]ControlType='Edit'"  &lt; Set via SendKeys &gt;
\0&lt;/a&gt;
W, 3504, 95, 2013/05/24, 08:08:48.613, 3598448821684, QTAgent32.exe, Playback - [WARNING] Internal warning: Incorrect flag set for InvokeProgrammaticAction\0
W, 3504, 95, 2013/05/24, 08:08:48.735, 3598450578653, QTAgent32.exe, &lt;a class=success&gt;Playback - {192} [SUCCESS] SetValueAsComboBox "Motor" - "[MSAA, VisibleOnly]ControlType='ComboBox'"  &lt; SetValueAsComboBox, set by clicking on the item in the list box &gt;
\0&lt;/a&gt;
W, 3504, 95, 2013/05/24, 08:08:49.027, 3598454757213, QTAgent32.exe, &lt;a class=success&gt;Playback - {193} [SUCCESS] MouseButtonClick - "[MSAA, VisibleOnly]ControlType='Button' &amp;&amp; Name='Ok'"
\0&lt;/a&gt;
W, 3504, 95, 2013/05/24, 08:08:49.264, 3598458145416, QTAgent32.exe, &lt;a class=success&gt;Playback - {194} [SUCCESS] MouseButtonClick - "[MSAA, VisibleOnly]ControlType='Client'"
\0&lt;/a&gt;
W, 3504, 95, 2013/05/24, 08:08:49.877, 3598466925572, QTAgent32.exe, &lt;a class=success&gt;Playback - {195} [SUCCESS] MouseButtonClick - "[MSAA, VisibleOnly]ControlType='Client'"
\0&lt;/a&gt;
W, 3504, 95, 2013/05/24, 08:08:51.577, 3598491272458, QTAgent32.exe, &lt;a class=success&gt;Playback - {196} [SUCCESS] MouseButtonClick - "[MSAA, VisibleOnly]ControlType='Client'"
\0&lt;/a&gt;
W, 3504, 95, 2013/05/24, 08:08:52.157, 3598499564715, QTAgent32.exe, &lt;a class=success&gt;Playback - {197} [SUCCESS] SendKeys "{End}" - "[MSAA, VisibleOnly]ControlType='Client'"
\0&lt;/a&gt;
W, 3504, 95, 2013/05/24, 08:08:52.450, 3598503769344, QTAgent32.exe, &lt;a class=success&gt;Playback - {198} [SUCCESS] MouseButtonClick - "[MSAA, VisibleOnly]ControlType='Button' &amp;&amp; Name='Display Record...'"
\0&lt;/a&gt;
W, 3504, 95, 2013/05/24, 08:08:52.822, 3598509097212, QTAgent32.exe, Playback - [WARNING] Internal warning: Window Not Found: [VisibleOnly]ControlType='Window' &amp;&amp; Name='AUTO208-1001' &amp;&amp; ClassName='ThunderRT6FormDC'
\0
E, 3504, 95, 2013/05/24, 08:08:52.822, 3598509100323, QTAgent32.exe, &lt;a class=failure&gt;Playback - {199} [FAILED] Function ElementFetcher::FindScreenElement failed to locate UI element (Searching: ;[VisibleOnly]ControlType='Window' &amp;&amp; Name='AUTO208-1001' &amp;&amp; ClassName='ThunderRT6FormDC') (The object specified was not found.)
\0&lt;/a&gt;
E, 3504, 95, 2013/05/24, 08:08:52.907, 3598510304018, QTAgent32.exe, Playback - [IMAGE] C:\Users\testuser\AppData\Local\Temp\UITestLogs\LastRun\RPFEBEA.png
\0
W, 3504, 95, 2013/05/24, 08:08:52.907, 3598510306324, QTAgent32.exe, Playback - [WARNING] Internal warning: Couldn't find descendants that match QueryId
\0
W, 3504, 95, 2013/05/24, 08:09:10.956, 3598768740377, QTAgent32.exe, Playback - [WARNING] Internal warning: Window Not Found: [VisibleOnly]ControlType='Window' &amp;&amp; Name='AUTO208-1001' &amp;&amp; ClassName='ThunderRT6FormDC'
\0
E, 3504, 95, 2013/05/24, 08:09:10.956, 3598768744317, QTAgent32.exe, &lt;a class=failure&gt;Playback - {200} [FAILED] Function ElementFetcher::FindScreenElement failed to locate UI element (Searching: ;[VisibleOnly]ControlType='Window' &amp;&amp; Name='AUTO208-1001' &amp;&amp; ClassName='ThunderRT6FormDC') (The object specified was not found.)
\0&lt;/a&gt;
E, 3504, 95, 2013/05/24, 08:09:11.042, 3598769974401, QTAgent32.exe, Playback - [IMAGE] C:\Users\testuser\AppData\Local\Temp\UITestLogs\LastRun\RPF32BA.png
\0
W, 3504, 95, 2013/05/24, 08:09:11.042, 3598769977058, QTAgent32.exe, Playback - [WARNING] Internal warning: Couldn't find descendants that match QueryId
\0
W, 3504, 95, 2013/05/24, 08:09:11.044, 3598769999549, QTAgent32.exe, PERF WARNING: FindTopLevelWindowHelper::FindAllDescendents: took 18136 ms. Expected it to take maximum 500 ms.
W, 3504, 95, 2013/05/24, 08:09:11.667, 3598778915916, QTAgent32.exe, Playback - [WARNING] Internal warning: Window with Class "ThunderRT6FormDC" and Title "AUTO208-1001" was not found, so similar window with Class "ThunderRT6FormDC" and Title "AUTO214-1001" was accepted
\0
W, 3504, 95, 2013/05/24, 08:09:11.667, 3598778920731, QTAgent32.exe, PERF WARNING: FindTopLevelWindowHelper::FindAllDescendents: took 622 ms. Expected it to take maximum 500 ms.
W, 3504, 95, 2013/05/24, 08:09:11.822, 3598781133931, QTAgent32.exe, &lt;a class=success&gt;Playback - {201} [SUCCESS] MouseButtonClick - "[MSAA, VisibleOnly]ControlType='Button' &amp;&amp; Name='Rebroke...'"
\0&lt;/a&gt;
W, 3504, 95, 2013/05/24, 08:09:12.205, 3598786623609, QTAgent32.exe, Playback - [WARNING] Internal warning: Window Not Found: [VisibleOnly]ControlType='Window' &amp;&amp; Name='Quote Select List' &amp;&amp; ClassName='ThunderRT6FormDC'
\0
E, 3504, 95, 2013/05/24, 08:09:12.205, 3598786626392, QTAgent32.exe, &lt;a class=failure&gt;Playback - {202} [FAILED] Function ElementFetcher::FindScreenElement failed to locate UI element (Searching: ;[VisibleOnly]ControlType='Window' &amp;&amp; Name='Quote Select List' &amp;&amp; ClassName='ThunderRT6FormDC') (The object specified was not found.)
\0&lt;/a&gt;
E, 3504, 95, 2013/05/24, 08:09:12.292, 3598787863601, QTAgent32.exe, Playback - [IMAGE] C:\Users\testuser\AppData\Local\Temp\UITestLogs\LastRun\RPF379B.png
\0
W, 3504, 95, 2013/05/24, 08:09:12.292, 3598787865905, QTAgent32.exe, Playback - [WARNING] Internal warning: Couldn't find descendants that match QueryId
\0
W, 3504, 95, 2013/05/24, 08:09:30.387, 3599046955315, QTAgent32.exe, Playback - [WARNING] Internal warning: Window Not Found: [VisibleOnly]ControlType='Window' &amp;&amp; Name='Quote Select List' &amp;&amp; ClassName='ThunderRT6FormDC'
\0
E, 3504, 95, 2013/05/24, 08:09:30.387, 3599046961847, QTAgent32.exe, &lt;a class=failure&gt;Playback - {203} [FAILED] Function ElementFetcher::FindScreenElement failed to locate UI element (Searching: ;[VisibleOnly]ControlType='Window' &amp;&amp; Name='Quote Select List' &amp;&amp; ClassName='ThunderRT6FormDC') (The object specified was not found.)
\0&lt;/a&gt;
E, 3504, 95, 2013/05/24, 08:09:30.471, 3599048161808, QTAgent32.exe, Playback - [IMAGE] C:\Users\testuser\AppData\Local\Temp\UITestLogs\LastRun\RPF7EAA.png
\0
W, 3504, 95, 2013/05/24, 08:09:30.471, 3599048164881, QTAgent32.exe, Playback - [WARNING] Internal warning: Couldn't find descendants that match QueryId
\0
W, 3504, 95, 2013/05/24, 08:09:30.472, 3599048171536, QTAgent32.exe, PERF WARNING: FindTopLevelWindowHelper::FindAllDescendents: took 18179 ms. Expected it to take maximum 500 ms.
W, 3504, 95, 2013/05/24, 08:09:30.994, 3599055638971, QTAgent32.exe, Playback - [WARNING] Internal warning: Smart Match failed
\0
W, 3504, 95, 2013/05/24, 08:09:31.238, 3599059142677, QTAgent32.exe, Playback - [WARNING] Internal warning: Smart Match failed
\0
W, 3504, 95, 2013/05/24, 08:09:31.472, 3599062485793, QTAgent32.exe, Playback - [WARNING] Internal warning: Smart Match failed
\0
W, 3504, 95, 2013/05/24, 08:09:31.701, 3599065767933, QTAgent32.exe, Playback - [WARNING] Internal warning: Smart Match failed
\0
W, 3504, 95, 2013/05/24, 08:09:31.930, 3599069044649, QTAgent32.exe, Playback - [WARNING] Internal warning: Smart Match failed
\0
W, 3504, 95, 2013/05/24, 08:09:32.163, 3599072378495, QTAgent32.exe, Playback - [WARNING] Internal warning: Smart Match failed
\0
W, 3504, 95, 2013/05/24, 08:09:32.398, 3599075747571, QTAgent32.exe, Playback - [WARNING] Internal warning: Smart Match failed
\0
W, 3504, 95, 2013/05/24, 08:09:32.644, 3599079270801, QTAgent32.exe, Playback - [WARNING] Internal warning: Smart Match failed
\0
W, 3504, 95, 2013/05/24, 08:09:32.883, 3599082700620, QTAgent32.exe, Playback - [WARNING] Internal warning: Smart Match failed
\0
W, 3504, 95, 2013/05/24, 08:09:33.121, 3599086099903, QTAgent32.exe, Playback - [WARNING] Internal warning: Smart Match failed
\0
W, 3504, 95, 2013/05/24, 08:09:33.360, 3599089521657, QTAgent32.exe, Playback - [WARNING] Internal warning: Smart Match failed
\0
W, 3504, 95, 2013/05/24, 08:09:33.484, 3599091300376, QTAgent32.exe, Playback - [WARNING] Internal warning: Window Not Found: [VisibleOnly]ControlType='Window' &amp;&amp; Name='Quote Select List' &amp;&amp; ClassName='ThunderRT6FormDC'
\0
E, 3504, 95, 2013/05/24, 08:09:33.484, 3599091303915, QTAgent32.exe, &lt;a class=failure&gt;Playback - {204} [FAILED] Function ElementFetcher::FindScreenElement failed to locate UI element (Searching: ;[VisibleOnly]ControlType='Window' &amp;&amp; Name='Quote Select List' &amp;&amp; ClassName='ThunderRT6FormDC') (The object specified was not found.)
\0&lt;/a&gt;
E, 3504, 95, 2013/05/24, 08:09:33.573, 3599092580201, QTAgent32.exe, Playback - [IMAGE] C:\Users\testuser\AppData\Local\Temp\UITestLogs\LastRun\RPF8ABC.png
\0
W, 3504, 95, 2013/05/24, 08:09:33.573, 3599092582674, QTAgent32.exe, Playback - [WARNING] Internal warning: Couldn't find descendants that match QueryId
\0
W, 3504, 95, 2013/05/24, 08:09:33.574, 3599092587087, QTAgent32.exe, PERF WARNING: FindTopLevelWindowHelper::FindAllDescendents: took 3101 ms. Expected it to take maximum 500 ms.
E, 3504, 95, 2013/05/24, 08:09:33.574, 3599092589298, QTAgent32.exe, Exception: System.Runtime.InteropServices.COMException
	Message: Error HRESULT E_FAIL has been returned from a call to a COM component.
	Stack Trace:    at Microsoft.VisualStudio.TestTools.UITest.Playback.Engine.IRPFPlayback.FindAllScreenElements(IScreenElement pScreenElementStart, String bstrQueryId, Object&amp; pvarResKeys, Int32 cResKeys, Int32 nMaxDepth, Object[]&amp; foundDescendants)
   at Microsoft.VisualStudio.TestTools.UITest.Playback.ScreenElement.FindTopLevelWindowHelper(String queryId)
	BaseExceptionMessage: Error HRESULT E_FAIL has been returned from a call to a COM component.

E, 3504, 95, 2013/05/24, 08:09:33.675, 3599094037771, QTAgent32.exe, AL: Playback Error: Microsoft.VisualStudio.TestTools.UITest.Extension.UITestControlNotFoundException: The playback failed to find the control with the given search properties. Additional Details: 
TechnologyName:  'MSAA'
ControlType:  'Window'
Name:  'Quote Select List'
ClassName:  'ThunderRT6FormDC'
 ---&gt; System.Runtime.InteropServices.COMException: Error HRESULT E_FAIL has been returned from a call to a COM component.
   at Microsoft.VisualStudio.TestTools.UITest.Playback.Engine.IRPFPlayback.FindAllScreenElements(IScreenElement pScreenElementStart, String bstrQueryId, Object&amp; pvarResKeys, Int32 cResKeys, Int32 nMaxDepth, Object[]&amp; foundDescendants)
   at Microsoft.VisualStudio.TestTools.UITest.Playback.ScreenElement.FindTopLevelWindowHelper(String queryId)
   at Microsoft.VisualStudio.TestTools.UITest.Playback.ScreenElement.FindFromPartialQueryId(String queryId)
   at Microsoft.VisualStudio.TestTools.UITesting.UITestControl..ctor(String queryId)
   --- End of inner exception stack trace ---
   at Microsoft.VisualStudio.TestTools.UITesting.Playback.MapControlNotFoundException(COMException ex, IPlaybackContext context)
   at Microsoft.VisualStudio.TestTools.UITesting.Playback.MapAndThrowComException(COMException innerException, IPlaybackContext context)
   at Microsoft.VisualStudio.TestTools.UITesting.Playback.MapAndThrowException(SystemException exception, IPlaybackContext context)
   at Microsoft.VisualStudio.TestTools.UITesting.Playback.MapAndThrowException(SystemException exception, String queryId)
   at Microsoft.VisualStudio.TestTools.UITesting.UITestControl..ctor(String queryId)
   at Microsoft.VisualStudio.TestTools.UITesting.SearchHelper.SearchTopLevelWindow(ISearchArgument topLevelSearchArg, String topLevelElementQueryId)
   at Microsoft.VisualStudio.TestTools.UITesting.SearchHelper.GetTitleUpdatedTopLevelWindow(ISearchArgument topLevelSearchArg, String queryId, IList`1 windowTitles)
   at Microsoft.VisualStudio.TestTools.UITesting.SearchHelper.GetTopLevelElement(Boolean useCache, Boolean useCacheOnly, ISearchArgument searchArg, IList`1 windowTitles, Int32&amp; timeLeft)
   at Microsoft.VisualStudio.TestTools.UITesting.SearchHelper.GetElement(Boolean useCache, ISearchArgument searchArg)
   at Microsoft.VisualStudio.TestTools.UITesting.SearchHelper.Search(ISearchArgument searchArg)
   at Microsoft.VisualStudio.TestTools.UITesting.UITestControl.FindInternal()
   at Microsoft.VisualStudio.TestTools.UITesting.UITestControl.FindControlIfNecessary()
   at Microsoft.VisualStudio.TestTools.UITesting.UITestControl.Click(MouseButtons button, ModifierKeys modifierKeys, Point relativeCoordinates)
   at Microsoft.VisualStudio.TestTools.UITesting.Mouse.ClickImplementation(UITestControl control, MouseButtons button, ModifierKeys modifierKeys, Point relativeCoordinate)
   at Microsoft.VisualStudio.TestTools.UITesting.Mouse.ClickImplementationWrapper(UITestControl control, MouseButtons button, ModifierKeys modifierKeys, Point relativeCoordinate)
W, 3504, 95, 2013/05/24, 08:09:33.675, 3599094041082, QTAgent32.exe, PlaybackErrorHandler: Ignoring exception as ContinueOnError is set.
W, 3504, 95, 2013/05/24, 08:09:33.829, 3599096243358, QTAgent32.exe, &lt;a class=success&gt;Playback - {205} [SUCCESS] MouseButtonClick - "[MSAA, VisibleOnly]ControlType='Button' &amp;&amp; Name='No'"
\0&lt;/a&gt;
W, 3504, 95, 2013/05/24, 08:09:34.847, 3599110818234, QTAgent32.exe, &lt;a class=success&gt;Playback - {206} [SUCCESS] MouseButtonClick - "[MSAA, VisibleOnly]ControlType='Button' &amp;&amp; Name='Ok'"
\0&lt;/a&gt;
W, 3504, 95, 2013/05/24, 08:09:36.703, 3599137385540, QTAgent32.exe, PERF WARNING: FindTopLevelWindowHelper::FindAllDescendents: took 1754 ms. Expected it to take maximum 500 ms.
W, 3504, 95, 2013/05/24, 08:09:36.839, 3599139335883, QTAgent32.exe, &lt;a class=success&gt;Playback - {207} [SUCCESS] MouseButtonClick - "[MSAA, VisibleOnly]ControlType='Client'"
\0&lt;/a&gt;
W, 3504, 95, 2013/05/24, 08:09:38.016, 3599156194901, QTAgent32.exe, &lt;a class=success&gt;Playback - {208} [SUCCESS] SendKeys "{End}" - "[MSAA, VisibleOnly]ControlType='Client'"
\0&lt;/a&gt;
W, 3504, 95, 2013/05/24, 08:09:39.936, 3599183683464, QTAgent32.exe, PERF WARNING: CacheQueryId: took 687 ms. Expected it to take maximum 100 ms.
W, 3504, 95, 2013/05/24, 08:09:39.940, 3599183739749, QTAgent32.exe, AL : Mouse click on disabled control: button=Left, modifiers=None, relativeCoordinates={X=56,Y=13}
W, 3504, 95, 2013/05/24, 08:09:40.060, 3599185459332, QTAgent32.exe, &lt;a class=success&gt;Playback - {209} [SUCCESS] MouseButtonClick - "[MSAA, VisibleOnly]ControlType='Button' &amp;&amp; Name='Select Alternative'"
\0&lt;/a&gt;
W, 3504, 95, 2013/05/24, 08:09:40.287, 3599188702828, QTAgent32.exe, &lt;a class=success&gt;Playback - {210} [SUCCESS] MouseButtonClick - "[MSAA, VisibleOnly]ControlType='Button' &amp;&amp; Name='OK'"
\0&lt;/a&gt;
W, 3504, 95, 2013/05/24, 08:09:40.661, 3599194058255, QTAgent32.exe, Playback - [WARNING] Internal warning: Window Not Found: [VisibleOnly]ControlType='Window' &amp;&amp; Name='Personal Lines' &amp;&amp; ClassName='#32770'
\0
E, 3504, 95, 2013/05/24, 08:09:40.661, 3599194061980, QTAgent32.exe, &lt;a class=failure&gt;Playback - {211} [FAILED] Function ElementFetcher::FindScreenElement failed to locate UI element (Searching: ;[VisibleOnly]ControlType='Window' &amp;&amp; Name='Personal Lines' &amp;&amp; ClassName='#32770') (The object specified was not found.)
\0&lt;/a&gt;
E, 3504, 95, 2013/05/24, 08:09:40.747, 3599195292342, QTAgent32.exe, Playback - [IMAGE] C:\Users\testuser\AppData\Local\Temp\UITestLogs\LastRun\RPFA6C5.png
\0
W, 3504, 95, 2013/05/24, 08:09:40.747, 3599195295093, QTAgent32.exe, Playback - [WARNING] Internal warning: Couldn't find descendants that match QueryId
\0
W, 3504, 95, 2013/05/24, 08:09:58.821, 3599454073074, QTAgent32.exe, Playback - [WARNING] Internal warning: Window Not Found: [VisibleOnly]ControlType='Window' &amp;&amp; Name='Personal Lines' &amp;&amp; ClassName='#32770'
\0
E, 3504, 95, 2013/05/24, 08:09:58.821, 3599454077183, QTAgent32.exe, &lt;a class=failure&gt;Playback - {212} [FAILED] Function ElementFetcher::FindScreenElement failed to locate UI element (Searching: ;[VisibleOnly]ControlType='Window' &amp;&amp; Name='Personal Lines' &amp;&amp; ClassName='#32770') (The object specified was not found.)
\0&lt;/a&gt;
E, 3504, 95, 2013/05/24, 08:09:58.905, 3599455284351, QTAgent32.exe, Playback - [IMAGE] C:\Users\testuser\AppData\Local\Temp\UITestLogs\LastRun\RPFEDB4.png
\0
W, 3504, 95, 2013/05/24, 08:09:58.905, 3599455286655, QTAgent32.exe, Playback - [WARNING] Internal warning: Couldn't find descendants that match QueryId
\0
W, 3504, 95, 2013/05/24, 08:09:58.906, 3599455290526, QTAgent32.exe, PERF WARNING: FindTopLevelWindowHelper::FindAllDescendents: took 18157 ms. Expected it to take maximum 500 ms.
W, 3504, 95, 2013/05/24, 08:09:59.411, 3599462523126, QTAgent32.exe, Playback - [WARNING] Internal warning: Smart Match failed
\0
W, 3504, 95, 2013/05/24, 08:09:59.653, 3599465992499, QTAgent32.exe, Playback - [WARNING] Internal warning: Smart Match failed
\0
W, 3504, 95, 2013/05/24, 08:09:59.883, 3599469288422, QTAgent32.exe, Playback - [WARNING] Internal warning: Smart Match failed
\0
W, 3504, 95, 2013/05/24, 08:10:00.110, 3599472540802, QTAgent32.exe, Playback - [WARNING] Internal warning: Smart Match failed
\0
W, 3504, 95, 2013/05/24, 08:10:00.338, 3599475801839, QTAgent32.exe, Playback - [WARNING] Internal warning: Smart Match failed
\0
W, 3504, 95, 2013/05/24, 08:10:00.568, 3599479098737, QTAgent32.exe, Playback - [WARNING] Internal warning: Smart Match failed
\0
W, 3504, 95, 2013/05/24, 08:10:00.812, 3599482589134, QTAgent32.exe, Playback - [WARNING] Internal warning: Smart Match failed
\0
W, 3504, 95, 2013/05/24, 08:10:01.048, 3599485970519, QTAgent32.exe, Playback - [WARNING] Internal warning: Smart Match failed
\0
W, 3504, 95, 2013/05/24, 08:10:01.288, 3599489403085, QTAgent32.exe, Playback - [WARNING] Internal warning: Smart Match failed
\0
W, 3504, 95, 2013/05/24, 08:10:01.525, 3599492796972, QTAgent32.exe, Playback - [WARNING] Internal warning: Smart Match failed
\0
W, 3504, 95, 2013/05/24, 08:10:01.762, 3599496191926, QTAgent32.exe, Playback - [WARNING] Internal warning: Smart Match failed
\0
W, 3504, 95, 2013/05/24, 08:10:01.996, 3599499550221, QTAgent32.exe, Playback - [WARNING] Internal warning: Smart Match failed
\0
W, 3504, 95, 2013/05/24, 08:10:02.113, 3599501217780, QTAgent32.exe, Playback - [WARNING] Internal warning: Window Not Found: [VisibleOnly]ControlType='Window' &amp;&amp; Name='Personal Lines' &amp;&amp; ClassName='#32770'
\0
E, 3504, 95, 2013/05/24, 08:10:02.113, 3599501221401, QTAgent32.exe, &lt;a class=failure&gt;Playback - {213} [FAILED] Function ElementFetcher::FindScreenElement failed to locate UI element (Searching: ;[VisibleOnly]ControlType='Window' &amp;&amp; Name='Personal Lines' &amp;&amp; ClassName='#32770') (The object specified was not found.)
\0&lt;/a&gt;
E, 3504, 95, 2013/05/24, 08:10:02.195, 3599502396711, QTAgent32.exe, Playback - [IMAGE] C:\Users\testuser\AppData\Local\Temp\UITestLogs\LastRun\RPFFA91.png
\0
W, 3504, 95, 2013/05/24, 08:10:02.195, 3599502399206, QTAgent32.exe, Playback - [WARNING] Internal warning: Couldn't find descendants that match QueryId
\0
W, 3504, 95, 2013/05/24, 08:10:02.196, 3599502402528, QTAgent32.exe, PERF WARNING: FindTopLevelWindowHelper::FindAllDescendents: took 3290 ms. Expected it to take maximum 500 ms.
E, 3504, 95, 2013/05/24, 08:10:02.196, 3599502405652, QTAgent32.exe, Exception: System.Runtime.InteropServices.COMException
	Message: Error HRESULT E_FAIL has been returned from a call to a COM component.
	Stack Trace:    at Microsoft.VisualStudio.TestTools.UITest.Playback.Engine.IRPFPlayback.FindAllScreenElements(IScreenElement pScreenElementStart, String bstrQueryId, Object&amp; pvarResKeys, Int32 cResKeys, Int32 nMaxDepth, Object[]&amp; foundDescendants)
   at Microsoft.VisualStudio.TestTools.UITest.Playback.ScreenElement.FindTopLevelWindowHelper(String queryId)
	BaseExceptionMessage: Error HRESULT E_FAIL has been returned from a call to a COM component.

E, 3504, 95, 2013/05/24, 08:10:02.196, 3599502409091, QTAgent32.exe, Window 4983150 not responding. Last Win32 error 0
E, 3504, 95, 2013/05/24, 08:10:02.196, 3599502410143, QTAgent32.exe, GetClassName for handle 4983150 failed
E, 3504, 95, 2013/05/24, 08:10:02.197, 3599502415163, QTAgent32.exe, Window 7734280 not responding. Last Win32 error 1400
E, 3504, 95, 2013/05/24, 08:10:02.197, 3599502415982, QTAgent32.exe, GetClassName for handle 7734280 failed
E, 3504, 95, 2013/05/24, 08:10:02.297, 3599503855641, QTAgent32.exe, AL: Playback Error: Microsoft.VisualStudio.TestTools.UITest.Extension.UITestControlNotAvailableException: The control is not available or not valid. Additional Details: 
TechnologyName:  'MSAA'
Name:  'Yes'
ControlType:  'Button'
 ---&gt; Microsoft.VisualStudio.TestTools.UITest.Extension.UITestControlNotAvailableException: The control is not available or not valid. Additional Details: 
TechnologyName:  'MSAA'
Name:  'Personal Lines'
ClassName:  '#32770'
ControlType:  'Window'
 ---&gt; System.Runtime.InteropServices.COMException: Error HRESULT E_FAIL has been returned from a call to a COM component.
   at Microsoft.VisualStudio.TestTools.UITest.Playback.Engine.IRPFPlayback.FindAllScreenElements(IScreenElement pScreenElementStart, String bstrQueryId, Object&amp; pvarResKeys, Int32 cResKeys, Int32 nMaxDepth, Object[]&amp; foundDescendants)
   at Microsoft.VisualStudio.TestTools.UITest.Playback.ScreenElement.FindTopLevelWindowHelper(String queryId)
   at Microsoft.VisualStudio.TestTools.UITest.Playback.ScreenElement.FindFromPartialQueryId(String queryId)
   at Microsoft.VisualStudio.TestTools.UITesting.UITestControl.EnsureValid(Boolean waitForReady, Boolean refetch)
   --- End of inner exception stack trace ---
   at Microsoft.VisualStudio.TestTools.UITesting.UITestControl.EnsureValid(Boolean waitForReady, Boolean refetch)
   at Microsoft.VisualStudio.TestTools.UITesting.UITestControl.FindFirstDescendant(String queryId, Int32 maxDepth, Int32&amp; timeLeft)
   at Microsoft.VisualStudio.TestTools.UITesting.UITestControl.FindFirstDescendant(String queryId)
   at Microsoft.VisualStudio.TestTools.UITesting.UITestControl.EnsureValid(Boolean waitForReady, Boolean refetch)
   --- End of inner exception stack trace ---
   at Microsoft.VisualStudio.TestTools.UITesting.UITestControl.EnsureValid(Boolean waitForReady, Boolean refetch)
   at Microsoft.VisualStudio.TestTools.UITesting.UITestControl.Click(MouseButtons button, ModifierKeys modifierKeys, Point relativeCoordinates)
   at Microsoft.VisualStudio.TestTools.UITesting.Mouse.ClickImplementation(UITestControl control, MouseButtons button, ModifierKeys modifierKeys, Point relativeCoordinate)
   at Microsoft.VisualStudio.TestTools.UITesting.Mouse.ClickImplementationWrapper(UITestControl control, MouseButtons button, ModifierKeys modifierKeys, Point relativeCoordinate)
W, 3504, 95, 2013/05/24, 08:10:02.297, 3599503857865, QTAgent32.exe, PlaybackErrorHandler: Ignoring exception as ContinueOnError is set.
W, 3504, 95, 2013/05/24, 08:10:02.432, 3599505782189, QTAgent32.exe, &lt;a class=success&gt;Playback - {214} [SUCCESS] MouseButtonClick - "[MSAA, VisibleOnly]ControlType='Button' &amp;&amp; Name='Invite'"
\0&lt;/a&gt;
W, 3504, 95, 2013/05/24, 08:10:02.907, 3599512584979, QTAgent32.exe, Playback - [WARNING] Internal warning: Window Not Found: [VisibleOnly]ControlType='Window' &amp;&amp; Name='Confirm' &amp;&amp; ClassName='#32770'
\0
E, 3504, 95, 2013/05/24, 08:10:02.907, 3599512588229, QTAgent32.exe, &lt;a class=failure&gt;Playback - {215} [FAILED] Function ElementFetcher::FindScreenElement failed to locate UI element (Searching: ;[VisibleOnly]ControlType='Window' &amp;&amp; Name='Confirm' &amp;&amp; ClassName='#32770') (The object specified was not found.)
\0&lt;/a&gt;
E, 3504, 95, 2013/05/24, 08:10:02.988, 3599513742506, QTAgent32.exe, Playback - [IMAGE] C:\Users\testuser\AppData\Local\Temp\UITestLogs\LastRun\RPFFDAE.png
\0
W, 3504, 95, 2013/05/24, 08:10:02.988, 3599513744910, QTAgent32.exe, Playback - [WARNING] Internal warning: Couldn't find descendants that match QueryId
\0
W, 3504, 95, 2013/05/24, 08:10:21.078, 3599772760814, QTAgent32.exe, Playback - [WARNING] Internal warning: Window Not Found: [VisibleOnly]ControlType='Window' &amp;&amp; Name='Confirm' &amp;&amp; ClassName='#32770'
\0
E, 3504, 95, 2013/05/24, 08:10:21.078, 3599772764405, QTAgent32.exe, &lt;a class=failure&gt;Playback - {216} [FAILED] Function ElementFetcher::FindScreenElement failed to locate UI element (Searching: ;[VisibleOnly]ControlType='Window' &amp;&amp; Name='Confirm' &amp;&amp; ClassName='#32770') (The object specified was not found.)
\0&lt;/a&gt;
E, 3504, 95, 2013/05/24, 08:10:21.169, 3599774065249, QTAgent32.exe, Playback - [IMAGE] C:\Users\testuser\AppData\Local\Temp\UITestLogs\LastRun\RPF44AD.png
\0
W, 3504, 95, 2013/05/24, 08:10:21.169, 3599774067694, QTAgent32.exe, Playback - [WARNING] Internal warning: Couldn't find descendants that match QueryId
\0
W, 3504, 95, 2013/05/24, 08:10:21.169, 3599774070994, QTAgent32.exe, PERF WARNING: FindTopLevelWindowHelper::FindAllDescendents: took 18181 ms. Expected it to take maximum 500 ms.
W, 3504, 95, 2013/05/24, 08:10:21.681, 3599781392798, QTAgent32.exe, Playback - [WARNING] Internal warning: Smart Match failed
\0
W, 3504, 95, 2013/05/24, 08:10:21.920, 3599784823713, QTAgent32.exe, Playback - [WARNING] Internal warning: Smart Match failed
\0
W, 3504, 95, 2013/05/24, 08:10:22.154, 3599788165597, QTAgent32.exe, Playback - [WARNING] Internal warning: Smart Match failed
\0
W, 3504, 95, 2013/05/24, 08:10:22.388, 3599791520994, QTAgent32.exe, Playback - [WARNING] Internal warning: Smart Match failed
\0
W, 3504, 95, 2013/05/24, 08:10:22.631, 3599794999596, QTAgent32.exe, Playback - [WARNING] Internal warning: Smart Match failed
\0
W, 3504, 95, 2013/05/24, 08:10:22.872, 3599798451278, QTAgent32.exe, Playback - [WARNING] Internal warning: Smart Match failed
\0
W, 3504, 95, 2013/05/24, 08:10:23.110, 3599801855378, QTAgent32.exe, Playback - [WARNING] Internal warning: Smart Match failed
\0
W, 3504, 95, 2013/05/24, 08:10:23.354, 3599805353942, QTAgent32.exe, Playback - [WARNING] Internal warning: Smart Match failed
\0
W, 3504, 95, 2013/05/24, 08:10:23.604, 3599808925005, QTAgent32.exe, Playback - [WARNING] Internal warning: Smart Match failed
\0
W, 3504, 95, 2013/05/24, 08:10:23.843, 3599812352473, QTAgent32.exe, Playback - [WARNING] Internal warning: Smart Match failed
\0
W, 3504, 95, 2013/05/24, 08:10:24.084, 3599815802455, QTAgent32.exe, Playback - [WARNING] Internal warning: Smart Match failed
\0
W, 3504, 95, 2013/05/24, 08:10:24.206, 3599817548521, QTAgent32.exe, Playback - [WARNING] Internal warning: Window Not Found: [VisibleOnly]ControlType='Window' &amp;&amp; Name='Confirm' &amp;&amp; ClassName='#32770'
\0
E, 3504, 95, 2013/05/24, 08:10:24.206, 3599817552148, QTAgent32.exe, &lt;a class=failure&gt;Playback - {217} [FAILED] Function ElementFetcher::FindScreenElement failed to locate UI element (Searching: ;[VisibleOnly]ControlType='Window' &amp;&amp; Name='Confirm' &amp;&amp; ClassName='#32770') (The object specified was not found.)
\0&lt;/a&gt;
E, 3504, 95, 2013/05/24, 08:10:24.295, 3599818823671, QTAgent32.exe, Playback - [IMAGE] C:\Users\testuser\AppData\Local\Temp\UITestLogs\LastRun\RPF50ED.png
\0
W, 3504, 95, 2013/05/24, 08:10:24.295, 3599818826266, QTAgent32.exe, Playback - [WARNING] Internal warning: Couldn't find descendants that match QueryId
\0
W, 3504, 95, 2013/05/24, 08:10:24.296, 3599818830892, QTAgent32.exe, PERF WARNING: FindTopLevelWindowHelper::FindAllDescendents: took 3125 ms. Expected it to take maximum 500 ms.
E, 3504, 95, 2013/05/24, 08:10:24.296, 3599818833440, QTAgent32.exe, Exception: System.Runtime.InteropServices.COMException
	Message: Error HRESULT E_FAIL has been returned from a call to a COM component.
	Stack Trace:    at Microsoft.VisualStudio.TestTools.UITest.Playback.Engine.IRPFPlayback.FindAllScreenElements(IScreenElement pScreenElementStart, String bstrQueryId, Object&amp; pvarResKeys, Int32 cResKeys, Int32 nMaxDepth, Object[]&amp; foundDescendants)
   at Microsoft.VisualStudio.TestTools.UITest.Playback.ScreenElement.FindTopLevelWindowHelper(String queryId)
	BaseExceptionMessage: Error HRESULT E_FAIL has been returned from a call to a COM component.

E, 3504, 95, 2013/05/24, 08:10:24.397, 3599820279011, QTAgent32.exe, AL: Playback Error: Microsoft.VisualStudio.TestTools.UITest.Extension.UITestControlNotFoundException: The playback failed to find the control with the given search properties. Additional Details: 
TechnologyName:  'MSAA'
ControlType:  'Window'
Name:  'Confirm'
ClassName:  '#32770'
 ---&gt; System.Runtime.InteropServices.COMException: Error HRESULT E_FAIL has been returned from a call to a COM component.
   at Microsoft.VisualStudio.TestTools.UITest.Playback.Engine.IRPFPlayback.FindAllScreenElements(IScreenElement pScreenElementStart, String bstrQueryId, Object&amp; pvarResKeys, Int32 cResKeys, Int32 nMaxDepth, Object[]&amp; foundDescendants)
   at Microsoft.VisualStudio.TestTools.UITest.Playback.ScreenElement.FindTopLevelWindowHelper(String queryId)
   at Microsoft.VisualStudio.TestTools.UITest.Playback.ScreenElement.FindFromPartialQueryId(String queryId)
   at Microsoft.VisualStudio.TestTools.UITesting.UITestControl..ctor(String queryId)
   --- End of inner exception stack trace ---
   at Microsoft.VisualStudio.TestTools.UITesting.Playback.MapControlNotFoundException(COMException ex, IPlaybackContext context)
   at Microsoft.VisualStudio.TestTools.UITesting.Playback.MapAndThrowComException(COMException innerException, IPlaybackContext context)
   at Microsoft.VisualStudio.TestTools.UITesting.Playback.MapAndThrowException(SystemException exception, IPlaybackContext context)
   at Microsoft.VisualStudio.TestTools.UITesting.Playback.MapAndThrowException(SystemException exception, String queryId)
   at Microsoft.VisualStudio.TestTools.UITesting.UITestControl..ctor(String queryId)
   at Microsoft.VisualStudio.TestTools.UITesting.SearchHelper.SearchTopLevelWindow(ISearchArgument topLevelSearchArg, String topLevelElementQueryId)
   at Microsoft.VisualStudio.TestTools.UITesting.SearchHelper.GetTitleUpdatedTopLevelWindow(ISearchArgument topLevelSearchArg, String queryId, IList`1 windowTitles)
   at Microsoft.VisualStudio.TestTools.UITesting.SearchHelper.GetTopLevelElement(Boolean useCache, Boolean useCacheOnly, ISearchArgument searchArg, IList`1 windowTitles, Int32&amp; timeLeft)
   at Microsoft.VisualStudio.TestTools.UITesting.SearchHelper.GetElement(Boolean useCache, ISearchArgument searchArg)
   at Microsoft.VisualStudio.TestTools.UITesting.SearchHelper.Search(ISearchArgument searchArg)
   at Microsoft.VisualStudio.TestTools.UITesting.UITestControl.FindInternal()
   at Microsoft.VisualStudio.TestTools.UITesting.UITestControl.FindControlIfNecessary()
   at Microsoft.VisualStudio.TestTools.UITesting.UITestControl.Click(MouseButtons button, ModifierKeys modifierKeys, Point relativeCoordinates)
   at Microsoft.VisualStudio.TestTools.UITesting.Mouse.ClickImplementation(UITestControl control, MouseButtons button, ModifierKeys modifierKeys, Point relativeCoordinate)
   at Microsoft.VisualStudio.TestTools.UITesting.Mouse.ClickImplementationWrapper(UITestControl control, MouseButtons button, ModifierKeys modifierKeys, Point relativeCoordinate)
W, 3504, 95, 2013/05/24, 08:10:24.397, 3599820282794, QTAgent32.exe, PlaybackErrorHandler: Ignoring exception as ContinueOnError is set.
W, 3504, 95, 2013/05/24, 08:10:24.546, 3599822413037, QTAgent32.exe, &lt;a class=success&gt;Playback - {218} [SUCCESS] MouseButtonClick - "[MSAA, VisibleOnly]ControlType='Button' &amp;&amp; Name='Ok'"
\0&lt;/a&gt;
W, 3504, 95, 2013/05/24, 08:10:30.645, 3599909740248, QTAgent32.exe, Playback - [WARNING] Internal warning: Window Not Found: [VisibleOnly]ControlType='Window' &amp;&amp; Name='Personal Lines' &amp;&amp; ClassName='#32770'
\0
E, 3504, 95, 2013/05/24, 08:10:30.645, 3599909744746, QTAgent32.exe, &lt;a class=failure&gt;Playback - {219} [FAILED] Function ElementFetcher::FindScreenElement failed to locate UI element (Searching: ;[VisibleOnly]ControlType='Window' &amp;&amp; Name='Personal Lines' &amp;&amp; ClassName='#32770') (The object specified was not found.)
\0&lt;/a&gt;
E, 3504, 95, 2013/05/24, 08:10:30.727, 3599910915703, QTAgent32.exe, Playback - [IMAGE] C:\Users\testuser\AppData\Local\Temp\UITestLogs\LastRun\RPF6A0A.png
\0
W, 3504, 95, 2013/05/24, 08:10:30.727, 3599910917967, QTAgent32.exe, Playback - [WARNING] Internal warning: Couldn't find descendants that match QueryId
\0
W, 3504, 95, 2013/05/24, 08:10:30.728, 3599910923628, QTAgent32.exe, PERF WARNING: FindTopLevelWindowHelper::FindAllDescendents: took 6081 ms. Expected it to take maximum 500 ms.
W, 3504, 95, 2013/05/24, 08:10:48.735, 3600168758901, QTAgent32.exe, Playback - [WARNING] Internal warning: Window Not Found: [VisibleOnly]ControlType='Window' &amp;&amp; Name='Personal Lines' &amp;&amp; ClassName='#32770'
\0
E, 3504, 95, 2013/05/24, 08:10:48.735, 3600168766243, QTAgent32.exe, &lt;a class=failure&gt;Playback - {220} [FAILED] Function ElementFetcher::FindScreenElement failed to locate UI element (Searching: ;[VisibleOnly]ControlType='Window' &amp;&amp; Name='Personal Lines' &amp;&amp; ClassName='#32770') (The object specified was not found.)
\0&lt;/a&gt;
E, 3504, 95, 2013/05/24, 08:10:48.840, 3600170267591, QTAgent32.exe, Playback - [IMAGE] C:\Users\testuser\AppData\Local\Temp\UITestLogs\LastRun\RPFB0BB.png
\0
W, 3504, 95, 2013/05/24, 08:10:48.840, 3600170269939, QTAgent32.exe, Playback - [WARNING] Internal warning: Couldn't find descendants that match QueryId
\0
W, 3504, 95, 2013/05/24, 08:10:48.841, 3600170278700, QTAgent32.exe, PERF WARNING: FindTopLevelWindowHelper::FindAllDescendents: took 18113 ms. Expected it to take maximum 500 ms.
W, 3504, 95, 2013/05/24, 08:10:49.345, 3600177497736, QTAgent32.exe, Playback - [WARNING] Internal warning: Smart Match failed
\0
W, 3504, 95, 2013/05/24, 08:10:49.610, 3600181288333, QTAgent32.exe, Playback - [WARNING] Internal warning: Smart Match failed
\0
W, 3504, 95, 2013/05/24, 08:10:49.844, 3600184640517, QTAgent32.exe, Playback - [WARNING] Internal warning: Smart Match failed
\0
W, 3504, 95, 2013/05/24, 08:10:50.079, 3600188004166, QTAgent32.exe, Playback - [WARNING] Internal warning: Smart Match failed
\0
W, 3504, 95, 2013/05/24, 08:10:50.312, 3600191332819, QTAgent32.exe, Playback - [WARNING] Internal warning: Smart Match failed
\0
W, 3504, 95, 2013/05/24, 08:10:50.546, 3600194685290, QTAgent32.exe, Playback - [WARNING] Internal warning: Smart Match failed
\0
W, 3504, 95, 2013/05/24, 08:10:50.780, 3600198039596, QTAgent32.exe, Playback - [WARNING] Internal warning: Smart Match failed
\0
W, 3504, 95, 2013/05/24, 08:10:51.012, 3600201360149, QTAgent32.exe, Playback - [WARNING] Internal warning: Smart Match failed
\0
W, 3504, 95, 2013/05/24, 08:10:51.247, 3600204730364, QTAgent32.exe, Playback - [WARNING] Internal warning: Smart Match failed
\0
W, 3504, 95, 2013/05/24, 08:10:51.491, 3600208217711, QTAgent32.exe, Playback - [WARNING] Internal warning: Smart Match failed
\0
W, 3504, 95, 2013/05/24, 08:10:51.732, 3600211673370, QTAgent32.exe, Playback - [WARNING] Internal warning: Smart Match failed
\0
W, 3504, 95, 2013/05/24, 08:10:51.859, 3600213489414, QTAgent32.exe, Playback - [WARNING] Internal warning: Window Not Found: [VisibleOnly]ControlType='Window' &amp;&amp; Name='Personal Lines' &amp;&amp; ClassName='#32770'
\0
E, 3504, 95, 2013/05/24, 08:10:51.859, 3600213492430, QTAgent32.exe, &lt;a class=failure&gt;Playback - {221} [FAILED] Function ElementFetcher::FindScreenElement failed to locate UI element (Searching: ;[VisibleOnly]ControlType='Window' &amp;&amp; Name='Personal Lines' &amp;&amp; ClassName='#32770') (The object specified was not found.)
\0&lt;/a&gt;
E, 3504, 95, 2013/05/24, 08:10:51.945, 3600214716055, QTAgent32.exe, Playback - [IMAGE] C:\Users\testuser\AppData\Local\Temp\UITestLogs\LastRun\RPFBCEC.png
\0
W, 3504, 95, 2013/05/24, 08:10:51.945, 3600214718308, QTAgent32.exe, Playback - [WARNING] Internal warning: Couldn't find descendants that match QueryId
\0
W, 3504, 95, 2013/05/24, 08:10:51.945, 3600214721910, QTAgent32.exe, PERF WARNING: FindTopLevelWindowHelper::FindAllDescendents: took 3103 ms. Expected it to take maximum 500 ms.
E, 3504, 95, 2013/05/24, 08:10:51.945, 3600214723808, QTAgent32.exe, Exception: System.Runtime.InteropServices.COMException
	Message: Error HRESULT E_FAIL has been returned from a call to a COM component.
	Stack Trace:    at Microsoft.VisualStudio.TestTools.UITest.Playback.Engine.IRPFPlayback.FindAllScreenElements(IScreenElement pScreenElementStart, String bstrQueryId, Object&amp; pvarResKeys, Int32 cResKeys, Int32 nMaxDepth, Object[]&amp; foundDescendants)
   at Microsoft.VisualStudio.TestTools.UITest.Playback.ScreenElement.FindTopLevelWindowHelper(String queryId)
	BaseExceptionMessage: Error HRESULT E_FAIL has been returned from a call to a COM component.

E, 3504, 95, 2013/05/24, 08:10:51.946, 3600214729855, QTAgent32.exe, GetClassName for handle 4325920 failed
E, 3504, 95, 2013/05/24, 08:10:51.946, 3600214740386, QTAgent32.exe, Window 4325920 not responding. Last Win32 error 1400
E, 3504, 95, 2013/05/24, 08:10:51.947, 3600214742329, QTAgent32.exe, GetClassName for handle 4325920 failed
E, 3504, 95, 2013/05/24, 08:10:52.047, 3600216184907, QTAgent32.exe, AL: Playback Error: Microsoft.VisualStudio.TestTools.UITest.Extension.UITestControlNotAvailableException: The control is not available or not valid. Additional Details: 
TechnologyName:  'MSAA'
ControlType:  'Window'
 ---&gt; System.Runtime.InteropServices.COMException: Error HRESULT E_FAIL has been returned from a call to a COM component.
   at Microsoft.VisualStudio.TestTools.UITest.Playback.Engine.IRPFPlayback.FindAllScreenElements(IScreenElement pScreenElementStart, String bstrQueryId, Object&amp; pvarResKeys, Int32 cResKeys, Int32 nMaxDepth, Object[]&amp; foundDescendants)
   at Microsoft.VisualStudio.TestTools.UITest.Playback.ScreenElement.FindTopLevelWindowHelper(String queryId)
   at Microsoft.VisualStudio.TestTools.UITest.Playback.ScreenElement.FindFromPartialQueryId(String queryId)
   at Microsoft.VisualStudio.TestTools.UITesting.UITestControl.EnsureValid(Boolean waitForReady, Boolean refetch)
   --- End of inner exception stack trace ---
   at Microsoft.VisualStudio.TestTools.UITesting.UITestControl.EnsureValid(Boolean waitForReady, Boolean refetch)
   at Microsoft.VisualStudio.TestTools.UITesting.UITestControl.FindFirstDescendant(String queryId, Int32 maxDepth, Int32&amp; timeLeft)
   at Microsoft.VisualStudio.TestTools.UITesting.SearchHelper.GetElement(Boolean useCache, ISearchArgument searchArg)
   at Microsoft.VisualStudio.TestTools.UITesting.SearchHelper.Search(ISearchArgument searchArg)
   at Microsoft.VisualStudio.TestTools.UITesting.UITestControl.FindInternal()
   at Microsoft.VisualStudio.TestTools.UITesting.UITestControl.FindControlIfNecessary()
   at Microsoft.VisualStudio.TestTools.UITesting.UITestControl.Click(MouseButtons button, ModifierKeys modifierKeys, Point relativeCoordinates)
   at Microsoft.VisualStudio.TestTools.UITesting.Mouse.ClickImplementation(UITestControl control, MouseButtons button, ModifierKeys modifierKeys, Point relativeCoordinate)
   at Microsoft.VisualStudio.TestTools.UITesting.Mouse.ClickImplementationWrapper(UITestControl control, MouseButtons button, ModifierKeys modifierKeys, Point relativeCoordinate)
W, 3504, 95, 2013/05/24, 08:10:52.048, 3600216188205, QTAgent32.exe, PlaybackErrorHandler: Ignoring exception as ContinueOnError is set.
W, 3504, 95, 2013/05/24, 08:10:52.189, 3600218213466, QTAgent32.exe, &lt;a class=success&gt;Playback - {222} [SUCCESS] Check - "[MSAA, VisibleOnly]ControlType='CheckBox' &amp;&amp; Name='Defer Printing?'"
\0&lt;/a&gt;
W, 3504, 95, 2013/05/24, 08:10:52.813, 3600227154373, QTAgent32.exe, &lt;a class=success&gt;Playback - {223} [SUCCESS] MouseButtonClick - "[MSAA, VisibleOnly]ControlType='Button' &amp;&amp; Name='Ok'"
\0&lt;/a&gt;
W, 3504, 95, 2013/05/24, 08:10:52.913, 3600228586447, QTAgent32.exe, Playback - [WARNING] Internal warning: Thread state based WFR - Requested element has invalid HWND
\0
W, 3504, 95, 2013/05/24, 08:10:52.913, 3600228588201, QTAgent32.exe, Playback - [WARNING] Internal warning: process performance counters based WFR - Requested element has invalid HWND
\0
E, 3504, 95, 2013/05/24, 08:10:52.914, 3600228591814, QTAgent32.exe, EnsureValid called via EnsureValid call for same element
E, 3504, 95, 2013/05/24, 08:10:52.914, 3600228594080, QTAgent32.exe, EnsureValid called via EnsureValid call for same element
E, 3504, 95, 2013/05/24, 08:10:52.914, 3600228595339, QTAgent32.exe, EnsureValid called via EnsureValid call for same element
E, 3504, 95, 2013/05/24, 08:10:52.914, 3600228599691, QTAgent32.exe, Window 4194912 not responding. Last Win32 error 1400
E, 3504, 95, 2013/05/24, 08:10:52.914, 3600228600554, QTAgent32.exe, GetClassName for handle 4194912 failed
W, 3504, 95, 2013/05/24, 08:10:53.399, 3600235543115, QTAgent32.exe, Playback - [WARNING] Internal warning: Window Not Found: [VisibleOnly]ControlType='Window' &amp;&amp; Name='Import to TAM' &amp;&amp; ClassName='TfImportToTam'
\0
E, 3504, 95, 2013/05/24, 08:10:53.399, 3600235546303, QTAgent32.exe, &lt;a class=failure&gt;Playback - {224} [FAILED] Function ElementFetcher::FindScreenElement failed to locate UI element (Searching: ;[VisibleOnly]ControlType='Window' &amp;&amp; Name='Import to TAM' &amp;&amp; ClassName='TfImportToTam') (The object specified was not found.)
\0&lt;/a&gt;
E, 3504, 95, 2013/05/24, 08:10:53.499, 3600236980494, QTAgent32.exe, Playback - [IMAGE] C:\Users\testuser\AppData\Local\Temp\UITestLogs\LastRun\RPFC2F5.png
\0
W, 3504, 95, 2013/05/24, 08:10:53.500, 3600236983727, QTAgent32.exe, Playback - [WARNING] Internal warning: Couldn't find descendants that match QueryId
\0
W, 3504, 95, 2013/05/24, 08:10:53.500, 3600236986868, QTAgent32.exe, PERF WARNING: FindTopLevelWindowHelper::FindAllDescendents: took 585 ms. Expected it to take maximum 500 ms.
W, 3504, 95, 2013/05/24, 08:10:57.676, 3600296767450, QTAgent32.exe, PERF WARNING: FindTopLevelWindowHelper::FindAllDescendents: took 4174 ms. Expected it to take maximum 500 ms.
W, 3504, 95, 2013/05/24, 08:10:57.819, 3600298814899, QTAgent32.exe, &lt;a class=success&gt;Playback - {225} [SUCCESS] Uncheck - "[MSAA, VisibleOnly]ControlType='CheckBox' &amp;&amp; Name='Add Activity'"
\0&lt;/a&gt;
W, 3504, 95, 2013/05/24, 08:10:58.159, 3600303684840, QTAgent32.exe, &lt;a class=success&gt;Playback - {226} [SUCCESS] MouseButtonClick - "[MSAA, VisibleOnly]ControlType='Button' &amp;&amp; Name='Ok'"
\0&lt;/a&gt;
W, 3504, 95, 2013/05/24, 08:11:01.723, 3600354720662, QTAgent32.exe, PERF WARNING: FindTopLevelWindowHelper::FindAllDescendents: took 3464 ms. Expected it to take maximum 500 ms.
W, 3504, 95, 2013/05/24, 08:11:01.860, 3600356687981, QTAgent32.exe, &lt;a class=success&gt;Playback - {227} [SUCCESS] MouseButtonClick - "[MSAA, VisibleOnly]ControlType='Button' &amp;&amp; Name='OK'"
\0&lt;/a&gt;
W, 3504, 95, 2013/05/24, 08:11:02.443, 3600365030335, QTAgent32.exe, Playback - [WARNING] Internal warning: Window Not Found: [VisibleOnly]ControlType='Window' &amp;&amp; Name='AUTO221-1001' &amp;&amp; ClassName='ThunderRT6FormDC'
\0
E, 3504, 95, 2013/05/24, 08:11:02.443, 3600365033378, QTAgent32.exe, &lt;a class=failure&gt;Playback - {228} [FAILED] Function ElementFetcher::FindScreenElement failed to locate UI element (Searching: ;[VisibleOnly]ControlType='Window' &amp;&amp; Name='AUTO221-1001' &amp;&amp; ClassName='ThunderRT6FormDC') (The object specified was not found.)
\0&lt;/a&gt;
E, 3504, 95, 2013/05/24, 08:11:02.546, 3600366507220, QTAgent32.exe, Playback - [IMAGE] C:\Users\testuser\AppData\Local\Temp\UITestLogs\LastRun\RPFE64E.png
\0
W, 3504, 95, 2013/05/24, 08:11:02.546, 3600366509642, QTAgent32.exe, Playback - [WARNING] Internal warning: Couldn't find descendants that match QueryId
\0
W, 3504, 95, 2013/05/24, 08:11:02.547, 3600366512893, QTAgent32.exe, PERF WARNING: FindTopLevelWindowHelper::FindAllDescendents: took 567 ms. Expected it to take maximum 500 ms.
W, 3504, 95, 2013/05/24, 08:11:20.631, 3600625456178, QTAgent32.exe, Playback - [WARNING] Internal warning: Window Not Found: [VisibleOnly]ControlType='Window' &amp;&amp; Name='AUTO221-1001' &amp;&amp; ClassName='ThunderRT6FormDC'
\0
E, 3504, 95, 2013/05/24, 08:11:20.632, 3600625464501, QTAgent32.exe, &lt;a class=failure&gt;Playback - {229} [FAILED] Function ElementFetcher::FindScreenElement failed to locate UI element (Searching: ;[VisibleOnly]ControlType='Window' &amp;&amp; Name='AUTO221-1001' &amp;&amp; ClassName='ThunderRT6FormDC') (The object specified was not found.)
\0&lt;/a&gt;
E, 3504, 95, 2013/05/24, 08:11:20.749, 3600627148576, QTAgent32.exe, Playback - [IMAGE] C:\Users\testuser\AppData\Local\Temp\UITestLogs\LastRun\RPF2D5D.png
\0
W, 3504, 95, 2013/05/24, 08:11:20.750, 3600627151184, QTAgent32.exe, Playback - [WARNING] Internal warning: Couldn't find descendants that match QueryId
\0
W, 3504, 95, 2013/05/24, 08:11:20.750, 3600627160590, QTAgent32.exe, PERF WARNING: FindTopLevelWindowHelper::FindAllDescendents: took 18203 ms. Expected it to take maximum 500 ms.
W, 3504, 95, 2013/05/24, 08:11:21.408, 3600636568591, QTAgent32.exe, Playback - [WARNING] Internal warning: Window with Class "ThunderRT6FormDC" and Title "AUTO221-1001" was not found, so similar window with Class "ThunderRT6FormDC" and Title "AUTO214-1001" was accepted
\0
W, 3504, 95, 2013/05/24, 08:11:21.408, 3600636574041, QTAgent32.exe, PERF WARNING: FindTopLevelWindowHelper::FindAllDescendents: took 656 ms. Expected it to take maximum 500 ms.
W, 3504, 95, 2013/05/24, 08:11:22.490, 3600652061041, QTAgent32.exe, &lt;a class=success&gt;Playback - {230} [SUCCESS] MouseButtonClick - "[MSAA, VisibleOnly]ControlType='Button' &amp;&amp; Name='Renew Policy'"
\0&lt;/a&gt;
W, 3504, 95, 2013/05/24, 08:11:22.729, 3600655489563, QTAgent32.exe, &lt;a class=success&gt;Playback - {231} [SUCCESS] Check - "[MSAA, VisibleOnly]ControlType='RadioButton' &amp;&amp; Name='Alternative'"
\0&lt;/a&gt;
W, 3504, 95, 2013/05/24, 08:11:23.067, 3600660325226, QTAgent32.exe, &lt;a class=success&gt;Playback - {232} [SUCCESS] MouseButtonClick - "[MSAA, VisibleOnly]ControlType='Button' &amp;&amp; Name='OK'"
\0&lt;/a&gt;
W, 3504, 95, 2013/05/24, 08:11:23.309, 3600663797522, QTAgent32.exe, &lt;a class=success&gt;Playback - {233} [SUCCESS] MouseButtonClick - "[MSAA, VisibleOnly]ControlType='Button' &amp;&amp; Name='OK'"
\0&lt;/a&gt;
W, 3504, 95, 2013/05/24, 08:11:25.538, 3600695710515, QTAgent32.exe, PERF WARNING: FindTopLevelWindowHelper::FindAllDescendents: took 2128 ms. Expected it to take maximum 500 ms.
W, 3504, 95, 2013/05/24, 08:11:25.667, 3600697552318, QTAgent32.exe, &lt;a class=success&gt;Playback - {234} [SUCCESS] MouseButtonClick - "[MSAA, VisibleOnly]ControlType='Client'"
\0&lt;/a&gt;
W, 3504, 95, 2013/05/24, 08:11:26.189, 3600705027507, QTAgent32.exe, &lt;a class=success&gt;Playback - {235} [SUCCESS] SendKeys "{Home}" - "[MSAA, VisibleOnly]ControlType='Client'"
\0&lt;/a&gt;
W, 3504, 95, 2013/05/24, 08:11:26.466, 3600708992109, QTAgent32.exe, &lt;a class=success&gt;Playback - {236} [SUCCESS] MouseButtonClick - "[MSAA, VisibleOnly]ControlType='Button' &amp;&amp; Name='Accept'"
\0&lt;/a&gt;
W, 3504, 95, 2013/05/24, 08:11:28.710, 3600741124017, QTAgent32.exe, &lt;a class=success&gt;Playback - {237} [SUCCESS] MouseButtonClick - "[MSAA, VisibleOnly]ControlType='Button' &amp;&amp; Name='Yes'"
\0&lt;/a&gt;
W, 3504, 95, 2013/05/24, 08:11:30.098, 3600761002380, QTAgent32.exe, Playback - [WARNING] Internal warning: Window Not Found: [VisibleOnly]ControlType='Window' &amp;&amp; Name='Save the file as' &amp;&amp; ClassName='#32770'
\0
E, 3504, 95, 2013/05/24, 08:11:30.098, 3600761005714, QTAgent32.exe, &lt;a class=failure&gt;Playback - {238} [FAILED] Function ElementFetcher::FindScreenElement failed to locate UI element (Searching: ;[VisibleOnly]ControlType='Window' &amp;&amp; Name='Save the file as' &amp;&amp; ClassName='#32770') (The object specified was not found.)
\0&lt;/a&gt;
E, 3504, 95, 2013/05/24, 08:11:30.240, 3600763031708, QTAgent32.exe, Playback - [IMAGE] C:\Users\testuser\AppData\Local\Temp\UITestLogs\LastRun\RPF524C.png
\0
W, 3504, 95, 2013/05/24, 08:11:30.240, 3600763034189, QTAgent32.exe, Playback - [WARNING] Internal warning: Couldn't find descendants that match QueryId
\0
W, 3504, 95, 2013/05/24, 08:11:30.240, 3600763037830, QTAgent32.exe, PERF WARNING: FindTopLevelWindowHelper::FindAllDescendents: took 1400 ms. Expected it to take maximum 500 ms.
W, 3504, 95, 2013/05/24, 08:11:48.320, 3601021911276, QTAgent32.exe, Playback - [WARNING] Internal warning: Window Not Found: [VisibleOnly]ControlType='Window' &amp;&amp; Name='Save the file as' &amp;&amp; ClassName='#32770'
\0
E, 3504, 95, 2013/05/24, 08:11:48.321, 3601021923376, QTAgent32.exe, &lt;a class=failure&gt;Playback - {239} [FAILED] Function ElementFetcher::FindScreenElement failed to locate UI element (Searching: ;[VisibleOnly]ControlType='Window' &amp;&amp; Name='Save the file as' &amp;&amp; ClassName='#32770') (The object specified was not found.)
\0&lt;/a&gt;
E, 3504, 95, 2013/05/24, 08:11:48.412, 3601023231394, QTAgent32.exe, Playback - [IMAGE] C:\Users\testuser\AppData\Local\Temp\UITestLogs\LastRun\RPF9989.png
\0
W, 3504, 95, 2013/05/24, 08:11:48.413, 3601023234662, QTAgent32.exe, Playback - [WARNING] Internal warning: Couldn't find descendants that match QueryId
\0
W, 3504, 95, 2013/05/24, 08:11:48.413, 3601023244590, QTAgent32.exe, PERF WARNING: FindTopLevelWindowHelper::FindAllDescendents: took 18172 ms. Expected it to take maximum 500 ms.
W, 3504, 95, 2013/05/24, 08:11:48.958, 3601031032816, QTAgent32.exe, Playback - [WARNING] Internal warning: Smart Match failed
\0
W, 3504, 95, 2013/05/24, 08:11:49.229, 3601034925761, QTAgent32.exe, Playback - [WARNING] Internal warning: Smart Match failed
\0
W, 3504, 95, 2013/05/24, 08:11:49.475, 3601038446422, QTAgent32.exe, Playback - [WARNING] Internal warning: Smart Match failed
\0
W, 3504, 95, 2013/05/24, 08:11:49.728, 3601042062527, QTAgent32.exe, Playback - [WARNING] Internal warning: Smart Match failed
\0
W, 3504, 95, 2013/05/24, 08:11:49.962, 3601045409753, QTAgent32.exe, Playback - [WARNING] Internal warning: Smart Match failed
\0
W, 3504, 95, 2013/05/24, 08:11:50.232, 3601049288524, QTAgent32.exe, Playback - [WARNING] Internal warning: Smart Match failed
\0
W, 3504, 95, 2013/05/24, 08:11:50.505, 3601053189717, QTAgent32.exe, Playback - [WARNING] Internal warning: Smart Match failed
\0
W, 3504, 95, 2013/05/24, 08:11:50.746, 3601056647109, QTAgent32.exe, Playback - [WARNING] Internal warning: Smart Match failed
\0
W, 3504, 95, 2013/05/24, 08:11:50.983, 3601060041468, QTAgent32.exe, Playback - [WARNING] Internal warning: Smart Match failed
\0
W, 3504, 95, 2013/05/24, 08:11:51.219, 3601063415723, QTAgent32.exe, Playback - [WARNING] Internal warning: Smart Match failed
\0
W, 3504, 95, 2013/05/24, 08:11:51.468, 3601066981388, QTAgent32.exe, Playback - [WARNING] Internal warning: Smart Match failed
\0
W, 3504, 95, 2013/05/24, 08:11:51.594, 3601068784452, QTAgent32.exe, Playback - [WARNING] Internal warning: Window Not Found: [VisibleOnly]ControlType='Window' &amp;&amp; Name='Save the file as' &amp;&amp; ClassName='#32770'
\0
E, 3504, 95, 2013/05/24, 08:11:51.594, 3601068788466, QTAgent32.exe, &lt;a class=failure&gt;Playback - {240} [FAILED] Function ElementFetcher::FindScreenElement failed to locate UI element (Searching: ;[VisibleOnly]ControlType='Window' &amp;&amp; Name='Save the file as' &amp;&amp; ClassName='#32770') (The object specified was not found.)
\0&lt;/a&gt;
E, 3504, 95, 2013/05/24, 08:11:51.680, 3601070014678, QTAgent32.exe, Playback - [IMAGE] C:\Users\testuser\AppData\Local\Temp\UITestLogs\LastRun\RPFA647.png
\0
W, 3504, 95, 2013/05/24, 08:11:51.680, 3601070019004, QTAgent32.exe, Playback - [WARNING] Internal warning: Couldn't find descendants that match QueryId
\0
W, 3504, 95, 2013/05/24, 08:11:51.680, 3601070023465, QTAgent32.exe, PERF WARNING: FindTopLevelWindowHelper::FindAllDescendents: took 3266 ms. Expected it to take maximum 500 ms.
E, 3504, 95, 2013/05/24, 08:11:51.681, 3601070025960, QTAgent32.exe, Exception: System.Runtime.InteropServices.COMException
	Message: Error HRESULT E_FAIL has been returned from a call to a COM component.
	Stack Trace:    at Microsoft.VisualStudio.TestTools.UITest.Playback.Engine.IRPFPlayback.FindAllScreenElements(IScreenElement pScreenElementStart, String bstrQueryId, Object&amp; pvarResKeys, Int32 cResKeys, Int32 nMaxDepth, Object[]&amp; foundDescendants)
   at Microsoft.VisualStudio.TestTools.UITest.Playback.ScreenElement.FindTopLevelWindowHelper(String queryId)
	BaseExceptionMessage: Error HRESULT E_FAIL has been returned from a call to a COM component.

E, 3504, 95, 2013/05/24, 08:11:51.782, 3601071477968, QTAgent32.exe, AL: Playback Error: Microsoft.VisualStudio.TestTools.UITest.Extension.UITestControlNotFoundException: The playback failed to find the control with the given search properties. Additional Details: 
TechnologyName:  'MSAA'
ControlType:  'Window'
Name:  'Save the file as'
ClassName:  '#32770'
 ---&gt; System.Runtime.InteropServices.COMException: Error HRESULT E_FAIL has been returned from a call to a COM component.
   at Microsoft.VisualStudio.TestTools.UITest.Playback.Engine.IRPFPlayback.FindAllScreenElements(IScreenElement pScreenElementStart, String bstrQueryId, Object&amp; pvarResKeys, Int32 cResKeys, Int32 nMaxDepth, Object[]&amp; foundDescendants)
   at Microsoft.VisualStudio.TestTools.UITest.Playback.ScreenElement.FindTopLevelWindowHelper(String queryId)
   at Microsoft.VisualStudio.TestTools.UITest.Playback.ScreenElement.FindFromPartialQueryId(String queryId)
   at Microsoft.VisualStudio.TestTools.UITesting.UITestControl..ctor(String queryId)
   --- End of inner exception stack trace ---
   at Microsoft.VisualStudio.TestTools.UITesting.Playback.MapControlNotFoundException(COMException ex, IPlaybackContext context)
   at Microsoft.VisualStudio.TestTools.UITesting.Playback.MapAndThrowComException(COMException innerException, IPlaybackContext context)
   at Microsoft.VisualStudio.TestTools.UITesting.Playback.MapAndThrowException(SystemException exception, IPlaybackContext context)
   at Microsoft.VisualStudio.TestTools.UITesting.Playback.MapAndThrowException(SystemException exception, String queryId)
   at Microsoft.VisualStudio.TestTools.UITesting.UITestControl..ctor(String queryId)
   at Microsoft.VisualStudio.TestTools.UITesting.SearchHelper.SearchTopLevelWindow(ISearchArgument topLevelSearchArg, String topLevelElementQueryId)
   at Microsoft.VisualStudio.TestTools.UITesting.SearchHelper.GetTitleUpdatedTopLevelWindow(ISearchArgument topLevelSearchArg, String queryId, IList`1 windowTitles)
   at Microsoft.VisualStudio.TestTools.UITesting.SearchHelper.GetTopLevelElement(Boolean useCache, Boolean useCacheOnly, ISearchArgument searchArg, IList`1 windowTitles, Int32&amp; timeLeft)
   at Microsoft.VisualStudio.TestTools.UITesting.SearchHelper.GetElement(Boolean useCache, ISearchArgument searchArg)
   at Microsoft.VisualStudio.TestTools.UITesting.SearchHelper.Search(ISearchArgument searchArg)
   at Microsoft.VisualStudio.TestTools.UITesting.UITestControl.FindInternal()
   at Microsoft.VisualStudio.TestTools.UITesting.UITestControl.FindControlIfNecessary()
   at Microsoft.VisualStudio.TestTools.UITesting.UITestControl.Click(MouseButtons button, ModifierKeys modifierKeys, Point relativeCoordinates)
   at Microsoft.VisualStudio.TestTools.UITesting.Mouse.ClickImplementation(UITestControl control, MouseButtons button, ModifierKeys modifierKeys, Point relativeCoordinate)
   at Microsoft.VisualStudio.TestTools.UITesting.Mouse.ClickImplementationWrapper(UITestControl control, MouseButtons button, ModifierKeys modifierKeys, Point relativeCoordinate)
W, 3504, 95, 2013/05/24, 08:11:51.785, 3601071515024, QTAgent32.exe, PlaybackErrorHandler: Ignoring exception as ContinueOnError is set.
E, 3504, 95, 2013/05/24, 08:11:51.786, 3601071537545, QTAgent32.exe, GetClassName for handle 2885320 failed
W, 3504, 95, 2013/05/24, 08:11:52.125, 3601076390934, QTAgent32.exe, &lt;a class=success&gt;Playback - {241} [SUCCESS] MouseButtonClick - "[MSAA, VisibleOnly]ControlType='Button' &amp;&amp; Name='Ok'"
\0&lt;/a&gt;
W, 3504, 95, 2013/05/24, 08:12:01.873, 3601215958252, QTAgent32.exe, Playback - [WARNING] Internal warning: Window Not Found: [VisibleOnly]ControlType='Window' &amp;&amp; Name='Save the file as' &amp;&amp; ClassName='#32770'
\0
E, 3504, 95, 2013/05/24, 08:12:01.873, 3601215965782, QTAgent32.exe, &lt;a class=failure&gt;Playback - {242} [FAILED] Function ElementFetcher::FindScreenElement failed to locate UI element (Searching: ;[VisibleOnly]ControlType='Window' &amp;&amp; Name='Save the file as' &amp;&amp; ClassName='#32770') (The object specified was not found.)
\0&lt;/a&gt;
E, 3504, 95, 2013/05/24, 08:12:02.030, 3601218210747, QTAgent32.exe, Playback - [IMAGE] C:\Users\testuser\AppData\Local\Temp\UITestLogs\LastRun\RPFCE70.png
\0
W, 3504, 95, 2013/05/24, 08:12:02.030, 3601218213058, QTAgent32.exe, Playback - [WARNING] Internal warning: Couldn't find descendants that match QueryId
\0
W, 3504, 95, 2013/05/24, 08:12:02.031, 3601218219327, QTAgent32.exe, PERF WARNING: FindTopLevelWindowHelper::FindAllDescendents: took 9805 ms. Expected it to take maximum 500 ms.
W, 3504, 95, 2013/05/24, 08:12:20.046, 3601476169359, QTAgent32.exe, Playback - [WARNING] Internal warning: Window Not Found: [VisibleOnly]ControlType='Window' &amp;&amp; Name='Save the file as' &amp;&amp; ClassName='#32770'
\0
E, 3504, 95, 2013/05/24, 08:12:20.046, 3601476173053, QTAgent32.exe, &lt;a class=failure&gt;Playback - {243} [FAILED] Function ElementFetcher::FindScreenElement failed to locate UI element (Searching: ;[VisibleOnly]ControlType='Window' &amp;&amp; Name='Save the file as' &amp;&amp; ClassName='#32770') (The object specified was not found.)
\0&lt;/a&gt;
E, 3504, 95, 2013/05/24, 08:12:20.138, 3601477492618, QTAgent32.exe, Playback - [IMAGE] C:\Users\testuser\AppData\Local\Temp\UITestLogs\LastRun\RPF156F.png
\0
W, 3504, 95, 2013/05/24, 08:12:20.139, 3601477495353, QTAgent32.exe, Playback - [WARNING] Internal warning: Couldn't find descendants that match QueryId
\0
W, 3504, 95, 2013/05/24, 08:12:20.139, 3601477498842, QTAgent32.exe, PERF WARNING: FindTopLevelWindowHelper::FindAllDescendents: took 18108 ms. Expected it to take maximum 500 ms.
W, 3504, 95, 2013/05/24, 08:12:20.660, 3601484951548, QTAgent32.exe, Playback - [WARNING] Internal warning: Smart Match failed
\0
W, 3504, 95, 2013/05/24, 08:12:20.905, 3601488463704, QTAgent32.exe, Playback - [WARNING] Internal warning: Smart Match failed
\0
W, 3504, 95, 2013/05/24, 08:12:21.153, 3601492008180, QTAgent32.exe, Playback - [WARNING] Internal warning: Smart Match failed
\0
W, 3504, 95, 2013/05/24, 08:12:21.397, 3601495512613, QTAgent32.exe, Playback - [WARNING] Internal warning: Smart Match failed
\0
W, 3504, 95, 2013/05/24, 08:12:21.639, 3601498976475, QTAgent32.exe, Playback - [WARNING] Internal warning: Smart Match failed
\0
W, 3504, 95, 2013/05/24, 08:12:21.874, 3601502342642, QTAgent32.exe, Playback - [WARNING] Internal warning: Smart Match failed
\0
W, 3504, 95, 2013/05/24, 08:12:22.113, 3601505759696, QTAgent32.exe, Playback - [WARNING] Internal warning: Smart Match failed
\0
W, 3504, 95, 2013/05/24, 08:12:22.349, 3601509140654, QTAgent32.exe, Playback - [WARNING] Internal warning: Smart Match failed
\0
W, 3504, 95, 2013/05/24, 08:12:22.591, 3601512602545, QTAgent32.exe, Playback - [WARNING] Internal warning: Smart Match failed
\0
W, 3504, 95, 2013/05/24, 08:12:22.828, 3601515995979, QTAgent32.exe, Playback - [WARNING] Internal warning: Smart Match failed
\0
W, 3504, 95, 2013/05/24, 08:12:23.066, 3601519401706, QTAgent32.exe, Playback - [WARNING] Internal warning: Smart Match failed
\0
W, 3504, 95, 2013/05/24, 08:12:23.191, 3601521201255, QTAgent32.exe, Playback - [WARNING] Internal warning: Window Not Found: [VisibleOnly]ControlType='Window' &amp;&amp; Name='Save the file as' &amp;&amp; ClassName='#32770'
\0
E, 3504, 95, 2013/05/24, 08:12:23.191, 3601521204020, QTAgent32.exe, &lt;a class=failure&gt;Playback - {244} [FAILED] Function ElementFetcher::FindScreenElement failed to locate UI element (Searching: ;[VisibleOnly]ControlType='Window' &amp;&amp; Name='Save the file as' &amp;&amp; ClassName='#32770') (The object specified was not found.)
\0&lt;/a&gt;
E, 3504, 95, 2013/05/24, 08:12:23.280, 3601522469201, QTAgent32.exe, Playback - [IMAGE] C:\Users\testuser\AppData\Local\Temp\UITestLogs\LastRun\RPF21BF.png
\0
W, 3504, 95, 2013/05/24, 08:12:23.280, 3601522471490, QTAgent32.exe, Playback - [WARNING] Internal warning: Couldn't find descendants that match QueryId
\0
W, 3504, 95, 2013/05/24, 08:12:23.280, 3601522474737, QTAgent32.exe, PERF WARNING: FindTopLevelWindowHelper::FindAllDescendents: took 3140 ms. Expected it to take maximum 500 ms.
E, 3504, 95, 2013/05/24, 08:12:23.280, 3601522476720, QTAgent32.exe, Exception: System.Runtime.InteropServices.COMException
	Message: Error HRESULT E_FAIL has been returned from a call to a COM component.
	Stack Trace:    at Microsoft.VisualStudio.TestTools.UITest.Playback.Engine.IRPFPlayback.FindAllScreenElements(IScreenElement pScreenElementStart, String bstrQueryId, Object&amp; pvarResKeys, Int32 cResKeys, Int32 nMaxDepth, Object[]&amp; foundDescendants)
   at Microsoft.VisualStudio.TestTools.UITest.Playback.ScreenElement.FindTopLevelWindowHelper(String queryId)
	BaseExceptionMessage: Error HRESULT E_FAIL has been returned from a call to a COM component.

E, 3504, 95, 2013/05/24, 08:12:23.383, 3601523945108, QTAgent32.exe, AL: Playback Error: Microsoft.VisualStudio.TestTools.UITest.Extension.UITestControlNotFoundException: The playback failed to find the control with the given search properties. Additional Details: 
TechnologyName:  'MSAA'
ControlType:  'Window'
Name:  'Save the file as'
ClassName:  '#32770'
 ---&gt; System.Runtime.InteropServices.COMException: Error HRESULT E_FAIL has been returned from a call to a COM component.
   at Microsoft.VisualStudio.TestTools.UITest.Playback.Engine.IRPFPlayback.FindAllScreenElements(IScreenElement pScreenElementStart, String bstrQueryId, Object&amp; pvarResKeys, Int32 cResKeys, Int32 nMaxDepth, Object[]&amp; foundDescendants)
   at Microsoft.VisualStudio.TestTools.UITest.Playback.ScreenElement.FindTopLevelWindowHelper(String queryId)
   at Microsoft.VisualStudio.TestTools.UITest.Playback.ScreenElement.FindFromPartialQueryId(String queryId)
   at Microsoft.VisualStudio.TestTools.UITesting.UITestControl..ctor(String queryId)
   --- End of inner exception stack trace ---
   at Microsoft.VisualStudio.TestTools.UITesting.Playback.MapControlNotFoundException(COMException ex, IPlaybackContext context)
   at Microsoft.VisualStudio.TestTools.UITesting.Playback.MapAndThrowComException(COMException innerException, IPlaybackContext context)
   at Microsoft.VisualStudio.TestTools.UITesting.Playback.MapAndThrowException(SystemException exception, IPlaybackContext context)
   at Microsoft.VisualStudio.TestTools.UITesting.Playback.MapAndThrowException(SystemException exception, String queryId)
   at Microsoft.VisualStudio.TestTools.UITesting.UITestControl..ctor(String queryId)
   at Microsoft.VisualStudio.TestTools.UITesting.SearchHelper.SearchTopLevelWindow(ISearchArgument topLevelSearchArg, String topLevelElementQueryId)
   at Microsoft.VisualStudio.TestTools.UITesting.SearchHelper.GetTitleUpdatedTopLevelWindow(ISearchArgument topLevelSearchArg, String queryId, IList`1 windowTitles)
   at Microsoft.VisualStudio.TestTools.UITesting.SearchHelper.GetTopLevelElement(Boolean useCache, Boolean useCacheOnly, ISearchArgument searchArg, IList`1 windowTitles, Int32&amp; timeLeft)
   at Microsoft.VisualStudio.TestTools.UITesting.SearchHelper.GetElement(Boolean useCache, ISearchArgument searchArg)
   at Microsoft.VisualStudio.TestTools.UITesting.SearchHelper.Search(ISearchArgument searchArg)
   at Microsoft.VisualStudio.TestTools.UITesting.UITestControl.FindInternal()
   at Microsoft.VisualStudio.TestTools.UITesting.UITestControl.FindControlIfNecessary()
   at Microsoft.VisualStudio.TestTools.UITesting.UITestControl.Click(MouseButtons button, ModifierKeys modifierKeys, Point relativeCoordinates)
   at Microsoft.VisualStudio.TestTools.UITesting.Mouse.ClickImplementation(UITestControl control, MouseButtons button, ModifierKeys modifierKeys, Point relativeCoordinate)
   at Microsoft.VisualStudio.TestTools.UITesting.Mouse.ClickImplementationWrapper(UITestControl control, MouseButtons button, ModifierKeys modifierKeys, Point relativeCoordinate)
W, 3504, 95, 2013/05/24, 08:12:23.383, 3601523948986, QTAgent32.exe, PlaybackErrorHandler: Ignoring exception as ContinueOnError is set.
W, 3504, 95, 2013/05/24, 08:12:23.530, 3601526056697, QTAgent32.exe, &lt;a class=success&gt;Playback - {245} [SUCCESS] MouseButtonClick - "[MSAA, VisibleOnly]ControlType='Button' &amp;&amp; Name='OK'"
\0&lt;/a&gt;
W, 3504, 95, 2013/05/24, 08:12:24.125, 3601534576982, QTAgent32.exe, Playback - [WARNING] Internal warning: Window Not Found: [VisibleOnly]ControlType='Window' &amp;&amp; Name='Save the file as' &amp;&amp; ClassName='#32770'
\0
E, 3504, 95, 2013/05/24, 08:12:24.126, 3601534580657, QTAgent32.exe, &lt;a class=failure&gt;Playback - {246} [FAILED] Function ElementFetcher::FindScreenElement failed to locate UI element (Searching: ;[VisibleOnly]ControlType='Window' &amp;&amp; Name='Save the file as' &amp;&amp; ClassName='#32770') (The object specified was not found.)
\0&lt;/a&gt;
E, 3504, 95, 2013/05/24, 08:12:24.208, 3601535757651, QTAgent32.exe, Playback - [IMAGE] C:\Users\testuser\AppData\Local\Temp\UITestLogs\LastRun\RPF2568.png
\0
W, 3504, 95, 2013/05/24, 08:12:24.208, 3601535759931, QTAgent32.exe, Playback - [WARNING] Internal warning: Couldn't find descendants that match QueryId
\0
W, 3504, 95, 2013/05/24, 08:12:24.209, 3601535762863, QTAgent32.exe, PERF WARNING: FindTopLevelWindowHelper::FindAllDescendents: took 575 ms. Expected it to take maximum 500 ms.
W, 3504, 95, 2013/05/24, 08:12:42.316, 3601795026101, QTAgent32.exe, Playback - [WARNING] Internal warning: Window Not Found: [VisibleOnly]ControlType='Window' &amp;&amp; Name='Save the file as' &amp;&amp; ClassName='#32770'
\0
E, 3504, 95, 2013/05/24, 08:12:42.316, 3601795034670, QTAgent32.exe, &lt;a class=failure&gt;Playback - {247} [FAILED] Function ElementFetcher::FindScreenElement failed to locate UI element (Searching: ;[VisibleOnly]ControlType='Window' &amp;&amp; Name='Save the file as' &amp;&amp; ClassName='#32770') (The object specified was not found.)
\0&lt;/a&gt;
E, 3504, 95, 2013/05/24, 08:12:42.396, 3601796182725, QTAgent32.exe, Playback - [IMAGE] C:\Users\testuser\AppData\Local\Temp\UITestLogs\LastRun\RPF6C77.png
\0
W, 3504, 95, 2013/05/24, 08:12:42.397, 3601796185293, QTAgent32.exe, Playback - [WARNING] Internal warning: Couldn't find descendants that match QueryId
\0
W, 3504, 95, 2013/05/24, 08:12:42.397, 3601796194213, QTAgent32.exe, PERF WARNING: FindTopLevelWindowHelper::FindAllDescendents: took 18188 ms. Expected it to take maximum 500 ms.
W, 3504, 95, 2013/05/24, 08:12:42.927, 3601803788601, QTAgent32.exe, Playback - [WARNING] Internal warning: Smart Match failed
\0
W, 3504, 95, 2013/05/24, 08:12:43.178, 3601807376540, QTAgent32.exe, Playback - [WARNING] Internal warning: Smart Match failed
\0
W, 3504, 95, 2013/05/24, 08:12:43.420, 3601810847916, QTAgent32.exe, Playback - [WARNING] Internal warning: Smart Match failed
\0
W, 3504, 95, 2013/05/24, 08:12:43.674, 3601814473136, QTAgent32.exe, Playback - [WARNING] Internal warning: Smart Match failed
\0
W, 3504, 95, 2013/05/24, 08:12:43.914, 3601817906202, QTAgent32.exe, Playback - [WARNING] Internal warning: Smart Match failed
\0
W, 3504, 95, 2013/05/24, 08:12:44.154, 3601821346389, QTAgent32.exe, Playback - [WARNING] Internal warning: Smart Match failed
\0
W, 3504, 95, 2013/05/24, 08:12:44.389, 3601824712344, QTAgent32.exe, Playback - [WARNING] Internal warning: Smart Match failed
\0
W, 3504, 95, 2013/05/24, 08:12:44.631, 3601828178699, QTAgent32.exe, Playback - [WARNING] Internal warning: Smart Match failed
\0
W, 3504, 95, 2013/05/24, 08:12:44.868, 3601831564523, QTAgent32.exe, Playback - [WARNING] Internal warning: Smart Match failed
\0
W, 3504, 95, 2013/05/24, 08:12:45.106, 3601834983262, QTAgent32.exe, Playback - [WARNING] Internal warning: Smart Match failed
\0
W, 3504, 95, 2013/05/24, 08:12:45.356, 3601838557778, QTAgent32.exe, Playback - [WARNING] Internal warning: Smart Match failed
\0
W, 3504, 95, 2013/05/24, 08:12:45.491, 3601840492183, QTAgent32.exe, Playback - [WARNING] Internal warning: Window Not Found: [VisibleOnly]ControlType='Window' &amp;&amp; Name='Save the file as' &amp;&amp; ClassName='#32770'
\0
E, 3504, 95, 2013/05/24, 08:12:45.491, 3601840495277, QTAgent32.exe, &lt;a class=failure&gt;Playback - {248} [FAILED] Function ElementFetcher::FindScreenElement failed to locate UI element (Searching: ;[VisibleOnly]ControlType='Window' &amp;&amp; Name='Save the file as' &amp;&amp; ClassName='#32770') (The object specified was not found.)
\0&lt;/a&gt;
E, 3504, 95, 2013/05/24, 08:12:45.570, 3601841623631, QTAgent32.exe, Playback - [IMAGE] C:\Users\testuser\AppData\Local\Temp\UITestLogs\LastRun\RPF78D7.png
\0
W, 3504, 95, 2013/05/24, 08:12:45.570, 3601841626033, QTAgent32.exe, Playback - [WARNING] Internal warning: Couldn't find descendants that match QueryId
\0
W, 3504, 95, 2013/05/24, 08:12:45.571, 3601841629857, QTAgent32.exe, PERF WARNING: FindTopLevelWindowHelper::FindAllDescendents: took 3172 ms. Expected it to take maximum 500 ms.
E, 3504, 95, 2013/05/24, 08:12:45.571, 3601841631701, QTAgent32.exe, Exception: System.Runtime.InteropServices.COMException
	Message: Error HRESULT E_FAIL has been returned from a call to a COM component.
	Stack Trace:    at Microsoft.VisualStudio.TestTools.UITest.Playback.Engine.IRPFPlayback.FindAllScreenElements(IScreenElement pScreenElementStart, String bstrQueryId, Object&amp; pvarResKeys, Int32 cResKeys, Int32 nMaxDepth, Object[]&amp; foundDescendants)
   at Microsoft.VisualStudio.TestTools.UITest.Playback.ScreenElement.FindTopLevelWindowHelper(String queryId)
	BaseExceptionMessage: Error HRESULT E_FAIL has been returned from a call to a COM component.

E, 3504, 95, 2013/05/24, 08:12:45.672, 3601843084439, QTAgent32.exe, AL: Playback Error: Microsoft.VisualStudio.TestTools.UITest.Extension.UITestControlNotFoundException: The playback failed to find the control with the given search properties. Additional Details: 
TechnologyName:  'MSAA'
ControlType:  'Window'
Name:  'Save the file as'
ClassName:  '#32770'
 ---&gt; System.Runtime.InteropServices.COMException: Error HRESULT E_FAIL has been returned from a call to a COM component.
   at Microsoft.VisualStudio.TestTools.UITest.Playback.Engine.IRPFPlayback.FindAllScreenElements(IScreenElement pScreenElementStart, String bstrQueryId, Object&amp; pvarResKeys, Int32 cResKeys, Int32 nMaxDepth, Object[]&amp; foundDescendants)
   at Microsoft.VisualStudio.TestTools.UITest.Playback.ScreenElement.FindTopLevelWindowHelper(String queryId)
   at Microsoft.VisualStudio.TestTools.UITest.Playback.ScreenElement.FindFromPartialQueryId(String queryId)
   at Microsoft.VisualStudio.TestTools.UITesting.UITestControl..ctor(String queryId)
   --- End of inner exception stack trace ---
   at Microsoft.VisualStudio.TestTools.UITesting.Playback.MapControlNotFoundException(COMException ex, IPlaybackContext context)
   at Microsoft.VisualStudio.TestTools.UITesting.Playback.MapAndThrowComException(COMException innerException, IPlaybackContext context)
   at Microsoft.VisualStudio.TestTools.UITesting.Playback.MapAndThrowException(SystemException exception, IPlaybackContext context)
   at Microsoft.VisualStudio.TestTools.UITesting.Playback.MapAndThrowException(SystemException exception, String queryId)
   at Microsoft.VisualStudio.TestTools.UITesting.UITestControl..ctor(String queryId)
   at Microsoft.VisualStudio.TestTools.UITesting.SearchHelper.SearchTopLevelWindow(ISearchArgument topLevelSearchArg, String topLevelElementQueryId)
   at Microsoft.VisualStudio.TestTools.UITesting.SearchHelper.GetTitleUpdatedTopLevelWindow(ISearchArgument topLevelSearchArg, String queryId, IList`1 windowTitles)
   at Microsoft.VisualStudio.TestTools.UITesting.SearchHelper.GetTopLevelElement(Boolean useCache, Boolean useCacheOnly, ISearchArgument searchArg, IList`1 windowTitles, Int32&amp; timeLeft)
   at Microsoft.VisualStudio.TestTools.UITesting.SearchHelper.GetElement(Boolean useCache, ISearchArgument searchArg)
   at Microsoft.VisualStudio.TestTools.UITesting.SearchHelper.Search(ISearchArgument searchArg)
   at Microsoft.VisualStudio.TestTools.UITesting.UITestControl.FindInternal()
   at Microsoft.VisualStudio.TestTools.UITesting.UITestControl.FindControlIfNecessary()
   at Microsoft.VisualStudio.TestTools.UITesting.UITestControl.Click(MouseButtons button, ModifierKeys modifierKeys, Point relativeCoordinates)
   at Microsoft.VisualStudio.TestTools.UITesting.Mouse.ClickImplementation(UITestControl control, MouseButtons button, ModifierKeys modifierKeys, Point relativeCoordinate)
   at Microsoft.VisualStudio.TestTools.UITesting.Mouse.ClickImplementationWrapper(UITestControl control, MouseButtons button, ModifierKeys modifierKeys, Point relativeCoordinate)
W, 3504, 95, 2013/05/24, 08:12:45.672, 3601843087572, QTAgent32.exe, PlaybackErrorHandler: Ignoring exception as ContinueOnError is set.
W, 3504, 95, 2013/05/24, 08:12:45.673, 3601843094061, QTAgent32.exe, Playback - [WARNING] Internal warning: Thread state based WFR - Requested element has invalid HWND
\0
W, 3504, 95, 2013/05/24, 08:12:45.673, 3601843095217, QTAgent32.exe, Playback - [WARNING] Internal warning: process performance counters based WFR - Requested element has invalid HWND
\0
E, 3504, 95, 2013/05/24, 08:12:45.673, 3601843099162, QTAgent32.exe, EnsureValid called via EnsureValid call for same element
E, 3504, 95, 2013/05/24, 08:12:45.673, 3601843102268, QTAgent32.exe, EnsureValid called via EnsureValid call for same element
E, 3504, 95, 2013/05/24, 08:12:45.673, 3601843104075, QTAgent32.exe, EnsureValid called via EnsureValid call for same element
E, 3504, 95, 2013/05/24, 08:12:45.674, 3601843110555, QTAgent32.exe, Window 5112262 not responding. Last Win32 error 1400
E, 3504, 95, 2013/05/24, 08:12:45.674, 3601843112088, QTAgent32.exe, GetClassName for handle 5112262 failed
W, 3504, 95, 2013/05/24, 08:12:45.818, 3601845167739, QTAgent32.exe, &lt;a class=success&gt;Playback - {249} [SUCCESS] Check - "[MSAA, VisibleOnly]ControlType='CheckBox' &amp;&amp; Name='Defer Printing?'"
\0&lt;/a&gt;
W, 3504, 95, 2013/05/24, 08:12:46.412, 3601853679451, QTAgent32.exe, &lt;a class=success&gt;Playback - {250} [SUCCESS] MouseButtonClick - "[MSAA, VisibleOnly]ControlType='Button' &amp;&amp; Name='Ok'"
\0&lt;/a&gt;
E, 3504, 95, 2013/05/24, 08:12:46.546, 3601855594434, QTAgent32.exe, GetClassName for handle 5636728 failed
W, 3504, 95, 2013/05/24, 08:12:46.960, 3601861531405, QTAgent32.exe, &lt;a class=success&gt;Playback - {251} [SUCCESS] MouseButtonClick - "[MSAA, VisibleOnly]ControlType='Button' &amp;&amp; Name='OK'"
\0&lt;/a&gt;
E, 3504, 95, 2013/05/24, 08:12:47.077, 3601863197489, QTAgent32.exe, GetClassName for handle 4850200 failed
W, 3504, 95, 2013/05/24, 08:12:50.348, 3601910031926, QTAgent32.exe, PERF WARNING: FindTopLevelWindowHelper::FindAllDescendents: took 3270 ms. Expected it to take maximum 500 ms.
W, 3504, 95, 2013/05/24, 08:12:52.502, 3601940870229, QTAgent32.exe, &lt;a class=success&gt;Playback - {252} [SUCCESS] MouseButtonClick - "[MSAA, VisibleOnly]ControlType='Button' &amp;&amp; Name='OK'"
\0&lt;/a&gt;
W, 3504, 95, 2013/05/24, 08:12:52.602, 3601942303020, QTAgent32.exe, Playback - [WARNING] Internal warning: Thread state based WFR - Requested element has invalid HWND
\0
W, 3504, 95, 2013/05/24, 08:12:52.602, 3601942305271, QTAgent32.exe, Playback - [WARNING] Internal warning: process performance counters based WFR - Requested element has invalid HWND
\0
E, 3504, 95, 2013/05/24, 08:12:52.602, 3601942310266, QTAgent32.exe, EnsureValid called via EnsureValid call for same element
E, 3504, 95, 2013/05/24, 08:12:52.603, 3601942315285, QTAgent32.exe, GetClassName for handle 3737020 failed
E, 3504, 95, 2013/05/24, 08:12:52.603, 3601942318305, QTAgent32.exe, EnsureValid called via EnsureValid call for same element
E, 3504, 95, 2013/05/24, 08:12:52.605, 3601942344411, QTAgent32.exe, EnsureValid called via EnsureValid call for same element
E, 3504, 95, 2013/05/24, 08:12:52.606, 3601942366329, QTAgent32.exe, Window 3737020 not responding. Last Win32 error 0
E, 3504, 95, 2013/05/24, 08:12:52.606, 3601942368714, QTAgent32.exe, GetClassName for handle 3737020 failed
W, 3504, 95, 2013/05/24, 08:12:55.745, 3601987301730, QTAgent32.exe, PERF WARNING: FindTopLevelWindowHelper::FindAllDescendents: took 3137 ms. Expected it to take maximum 500 ms.
W, 3504, 95, 2013/05/24, 08:12:55.894, 3601989442273, QTAgent32.exe, &lt;a class=success&gt;Playback - {253} [SUCCESS] Uncheck - "[MSAA, VisibleOnly]ControlType='CheckBox' &amp;&amp; Name='Add Activity'"
\0&lt;/a&gt;
W, 3504, 95, 2013/05/24, 08:12:56.308, 3601995362803, QTAgent32.exe, &lt;a class=success&gt;Playback - {254} [SUCCESS] MouseButtonClick - "[MSAA, VisibleOnly]ControlType='Button' &amp;&amp; Name='Ok'"
\0&lt;/a&gt;
W, 3504, 95, 2013/05/24, 08:12:59.035, 3602034420750, QTAgent32.exe, PERF WARNING: FindTopLevelWindowHelper::FindAllDescendents: took 2626 ms. Expected it to take maximum 500 ms.
W, 3504, 95, 2013/05/24, 08:12:59.183, 3602036541865, QTAgent32.exe, &lt;a class=success&gt;Playback - {255} [SUCCESS] MouseButtonClick - "[MSAA, VisibleOnly]ControlType='Button' &amp;&amp; Name='Ok'"
\0&lt;/a&gt;
W, 3504, 95, 2013/05/24, 08:13:18.019, 3602306238393, QTAgent32.exe, PERF WARNING: FindTopLevelWindowHelper::FindAllDescendents: took 18718 ms. Expected it to take maximum 500 ms.
W, 3504, 95, 2013/05/24, 08:13:18.620, 3602314840425, QTAgent32.exe, &lt;a class=success&gt;Playback - {256} [SUCCESS] DoSelect - "[MSAA, VisibleOnly]ControlType='List'"
\0&lt;/a&gt;
W, 3504, 95, 2013/05/24, 08:13:20.874, 3602347109128, QTAgent32.exe, &lt;a class=success&gt;Playback - {257} [SUCCESS] MouseButtonClick - "[MSAA, VisibleOnly]ControlType='Button' &amp;&amp; Name='Ok'"
\0&lt;/a&gt;
E, 3504, 95, 2013/05/24, 08:13:20.974, 3602348550700, QTAgent32.exe, GetClassName for handle 5767798 failed
W, 3504, 95, 2013/05/24, 08:13:23.380, 3602382987573, QTAgent32.exe, PERF WARNING: FindTopLevelWindowHelper::FindAllDescendents: took 2404 ms. Expected it to take maximum 500 ms.
W, 3504, 95, 2013/05/24, 08:13:25.530, 3602413773731, QTAgent32.exe, &lt;a class=success&gt;Playback - {258} [SUCCESS] MouseButtonClick - "[MSAA, VisibleOnly]ControlType='Button' &amp;&amp; Name='OK'"
\0&lt;/a&gt;
W, 3504, 95, 2013/05/24, 08:13:27.151, 3602436977421, QTAgent32.exe, PERF WARNING: FindAllDescendents: took 1515 ms. Expected it to take maximum 500 ms.
W, 3504, 95, 2013/05/24, 08:13:27.274, 3602438746877, QTAgent32.exe, &lt;a class=success&gt;Playback - {259} [SUCCESS] MouseButtonClick - "[MSAA, VisibleOnly]ControlType='Button' &amp;&amp; Name='Exit'"
\0&lt;/a&gt;
E, 3504, 95, 2013/05/24, 08:13:27.374, 3602440181290, QTAgent32.exe, GetClassName for handle 3016402 failed
W, 3504, 95, 2013/05/24, 08:13:27.510, 3602442125085, QTAgent32.exe, &lt;a class=success&gt;Playback - {260} [SUCCESS] MouseButtonClick - "[MSAA, VisibleOnly]ControlType='Button' &amp;&amp; Name='Yes'"
\0&lt;/a&gt;
W, 3504, 95, 2013/05/24, 08:13:28.183, 3602451764186, QTAgent32.exe, &lt;a class=success&gt;Playback - {261} [SUCCESS] MouseButtonClick - "[MSAA, VisibleOnly]ControlType='Button' &amp;&amp; Name='Cancel'"
\0&lt;/a&gt;
W, 3504, 95, 2013/05/24, 08:13:28.798, 3602460572833, QTAgent32.exe, &lt;a class=success&gt;Playback - {262} [SUCCESS] MouseButtonClick - "[MSAA, VisibleOnly]ControlType='Button'"
\0&lt;/a&gt;
W, 3504, 95, 2013/05/24, 08:13:29.032, 3602463917684, QTAgent32.exe, &lt;a class=success&gt;Playback - {263} [SUCCESS] MouseButtonClick - "[MSAA, VisibleOnly]ControlType='Button' &amp;&amp; Name='Detail'"
\0&lt;/a&gt;
W, 3504, 95, 2013/05/24, 08:13:29.802, 3602474941287, QTAgent32.exe, &lt;a class=success&gt;Playback - {264} [SUCCESS] MouseButtonClick - "[MSAA, VisibleOnly]ControlType='Button' &amp;&amp; Name='Cancel'"
\0&lt;/a&gt;
W, 3504, 95, 2013/05/24, 08:13:33.541, 3602528475408, QTAgent32.exe, IEDOM : StopSession of the plugin called before StartSession
W, 3504, 95, 2013/05/24, 08:13:33.541, 3602528477412, QTAgent32.exe, UIA : StopSession of the plugin called before StartSession
</DebugTrace>
      </Output>
    </UnitTestResult>
  </Results>
</TestRun>