<?xml version="1.0" encoding="UTF-8"?>
<TestRun id="3ce78ee3-df02-4bc8-abcd-e4a2d18baff1" name="testuser@ICLVDEVTL 2013-05-23 09:53:40" runUser="ICLVDEVTL\testuser" xmlns="http://microsoft.com/schemas/VisualStudio/TeamTest/2010">
  <TestSettings name="RemoteSetting" id="5c3ed885-967b-4862-a1a8-8a2764ec6e39">
    <Description>These are default test settings for a local test run.</Description>
    <Deployment runDeploymentRoot="testuser_ICLVDEVTL 2013-05-23 09_53_40">
      <DeploymentItem filename="C:\TestLinkFixture.dll" />
      <DeploymentItem filename="C:\CookComputing.XmlRpcV2.dll" />
      <DeploymentItem filename="C:\TestLinkAPI.dll" />
    </Deployment>
    <RemoteController name="ICLVDEVTL" />
    <Execution location="Remote">
      <TestTypeSpecific>
        <UnitTestRunConfig testTypeId="13cdc9d9-ddb5-4fa4-a97d-d965ccfc6d4b">
          <AssemblyResolution>
            <TestDirectory useLoadContext="true" />
          </AssemblyResolution>
        </UnitTestRunConfig>
      </TestTypeSpecific>
      <AgentRule name="New role 1">
      </AgentRule>
    </Execution>
  </TestSettings>
  <Times creation="2013-05-23T09:53:40.5418616+01:00" queuing="2013-05-23T09:53:41.0038880+01:00" start="2013-05-23T09:53:41.6059224+01:00" finish="2013-05-23T10:29:53.0911243+01:00" />
  <ResultSummary outcome="Failed">
    <Counters total="12" executed="7" error="0" failed="5" timeout="0" aborted="1" inconclusive="0" passedButRunAborted="1" notRunnable="0" notExecuted="5" disconnected="0" warning="0" passed="0" completed="0" inProgress="0" pending="0" />
  </ResultSummary>
  <TestDefinitions>
    <UnitTest name="MotoAmendRiskExistingScheme" storage="c:\autotesttam1205\testproject7\bin\debug\ver1.dll" id="f84db9d6-ecb4-ffa9-b047-9aeb5fc142ad">
      <Execution id="df82428b-1dbf-4df8-b979-7c4064a4c675" />
      <TestMethod codeBase="C:/AutotestTam1205/TestProject7/bin/Debug/Ver1.DLL" adapterTypeName="Microsoft.VisualStudio.TestTools.TestTypes.Unit.UnitTestAdapter, Microsoft.VisualStudio.QualityTools.Tips.UnitTest.Adapter, Version=10.0.0.0, Culture=neutral, PublicKeyToken=b03f5f7f11d50a3a" className="Ver1.CodedUITest2, Ver1, Version=1.0.0.0, Culture=neutral, PublicKeyToken=null" name="MotoAmendRiskExistingScheme" />
      <Extension>Microsoft.VisualStudio.TestTools.UITesting.CodedUITestAttribute, Microsoft.VisualStudio.QualityTools.CodedUITestFramework, Version=10.0.0.0, Culture=neutral, PublicKeyToken=b03f5f7f11d50a3a</Extension>
    </UnitTest>
    <UnitTest name="MotoRebrokeRenewCurrent" storage="c:\autotesttam1205\testproject7\bin\debug\ver1.dll" id="311133ab-01d5-f9e4-d13b-e35f37a745ec">
      <Execution id="3175f4e5-e6fc-4747-ba8b-7f0bb3f72754" />
      <TestMethod codeBase="C:/AutotestTam1205/TestProject7/bin/Debug/Ver1.DLL" adapterTypeName="Microsoft.VisualStudio.TestTools.TestTypes.Unit.UnitTestAdapter, Microsoft.VisualStudio.QualityTools.Tips.UnitTest.Adapter, Version=10.0.0.0, Culture=neutral, PublicKeyToken=b03f5f7f11d50a3a" className="Ver1.CodedUITest2, Ver1, Version=1.0.0.0, Culture=neutral, PublicKeyToken=null" name="MotoRebrokeRenewCurrent" />
      <Extension>Microsoft.VisualStudio.TestTools.UITesting.CodedUITestAttribute, Microsoft.VisualStudio.QualityTools.CodedUITestFramework, Version=10.0.0.0, Culture=neutral, PublicKeyToken=b03f5f7f11d50a3a</Extension>
    </UnitTest>
    <UnitTest name="HouseAmendRiskNewScheme" storage="c:\autotesttam1205\testproject7\bin\debug\ver1.dll" id="e785005d-7402-4f52-14ec-dba919726f7b">
      <Execution id="bff4f702-8917-4ecb-b740-1f1a2edf8762" />
      <TestMethod codeBase="C:/AutotestTam1205/TestProject7/bin/Debug/Ver1.DLL" adapterTypeName="Microsoft.VisualStudio.TestTools.TestTypes.Unit.UnitTestAdapter, Microsoft.VisualStudio.QualityTools.Tips.UnitTest.Adapter, Version=10.0.0.0, Culture=neutral, PublicKeyToken=b03f5f7f11d50a3a" className="Ver1.CodedUITest2, Ver1, Version=1.0.0.0, Culture=neutral, PublicKeyToken=null" name="HouseAmendRiskNewScheme" />
      <Extension>Microsoft.VisualStudio.TestTools.UITesting.CodedUITestAttribute, Microsoft.VisualStudio.QualityTools.CodedUITestFramework, Version=10.0.0.0, Culture=neutral, PublicKeyToken=b03f5f7f11d50a3a</Extension>
    </UnitTest>
    <UnitTest name="MotoAmendRiskNewScheme" storage="c:\autotesttam1205\testproject7\bin\debug\ver1.dll" id="c2bdfe5e-303e-353b-48c9-82acf8c043b4">
      <Execution id="8a3b5c15-3067-4d38-bbbc-fd4223669bca" />
      <TestMethod codeBase="C:/AutotestTam1205/TestProject7/bin/Debug/Ver1.DLL" adapterTypeName="Microsoft.VisualStudio.TestTools.TestTypes.Unit.UnitTestAdapter, Microsoft.VisualStudio.QualityTools.Tips.UnitTest.Adapter, Version=10.0.0.0, Culture=neutral, PublicKeyToken=b03f5f7f11d50a3a" className="Ver1.CodedUITest2, Ver1, Version=1.0.0.0, Culture=neutral, PublicKeyToken=null" name="MotoAmendRiskNewScheme" />
      <Extension>Microsoft.VisualStudio.TestTools.UITesting.CodedUITestAttribute, Microsoft.VisualStudio.QualityTools.CodedUITestFramework, Version=10.0.0.0, Culture=neutral, PublicKeyToken=b03f5f7f11d50a3a</Extension>
    </UnitTest>
    <UnitTest name="HouseAmendRiskExistingScheme" storage="c:\autotesttam1205\testproject7\bin\debug\ver1.dll" id="0141781e-e8c8-68a2-deee-13f636ac4d13">
      <Execution id="4865942a-4fab-43cf-8dd8-13c306594422" />
      <TestMethod codeBase="C:/AutotestTam1205/TestProject7/bin/Debug/Ver1.DLL" adapterTypeName="Microsoft.VisualStudio.TestTools.TestTypes.Unit.UnitTestAdapter, Microsoft.VisualStudio.QualityTools.Tips.UnitTest.Adapter, Version=10.0.0.0, Culture=neutral, PublicKeyToken=b03f5f7f11d50a3a" className="Ver1.CodedUITest2, Ver1, Version=1.0.0.0, Culture=neutral, PublicKeyToken=null" name="HouseAmendRiskExistingScheme" />
      <Extension>Microsoft.VisualStudio.TestTools.UITesting.CodedUITestAttribute, Microsoft.VisualStudio.QualityTools.CodedUITestFramework, Version=10.0.0.0, Culture=neutral, PublicKeyToken=b03f5f7f11d50a3a</Extension>
    </UnitTest>
    <UnitTest name="HouseRenewalBefore" storage="c:\autotesttam1205\testproject7\bin\debug\ver1.dll" id="092560b0-34b4-ac01-6d5d-c895bfb1f95f">
      <Execution id="fa541b4b-451e-44e8-9b6b-1ed00cf49fd7" />
      <TestMethod codeBase="C:/AutotestTam1205/TestProject7/bin/Debug/Ver1.DLL" adapterTypeName="Microsoft.VisualStudio.TestTools.TestTypes.Unit.UnitTestAdapter, Microsoft.VisualStudio.QualityTools.Tips.UnitTest.Adapter, Version=10.0.0.0, Culture=neutral, PublicKeyToken=b03f5f7f11d50a3a" className="Ver1.CodedUITest2, Ver1, Version=1.0.0.0, Culture=neutral, PublicKeyToken=null" name="HouseRenewalBefore" />
      <Extension>Microsoft.VisualStudio.TestTools.UITesting.CodedUITestAttribute, Microsoft.VisualStudio.QualityTools.CodedUITestFramework, Version=10.0.0.0, Culture=neutral, PublicKeyToken=b03f5f7f11d50a3a</Extension>
    </UnitTest>
    <UnitTest name="HouseRebrokeRenewExistingScheme" storage="c:\autotesttam1205\testproject7\bin\debug\ver1.dll" id="a0f51a54-7cb2-4ad5-9dc0-3545e9f02b07">
      <Execution id="b38891ca-0384-4673-9b08-d91fd1ef27af" />
      <TestMethod codeBase="C:/AutotestTam1205/TestProject7/bin/Debug/Ver1.DLL" adapterTypeName="Microsoft.VisualStudio.TestTools.TestTypes.Unit.UnitTestAdapter, Microsoft.VisualStudio.QualityTools.Tips.UnitTest.Adapter, Version=10.0.0.0, Culture=neutral, PublicKeyToken=b03f5f7f11d50a3a" className="Ver1.CodedUITest2, Ver1, Version=1.0.0.0, Culture=neutral, PublicKeyToken=null" name="HouseRebrokeRenewExistingScheme" />
      <Extension>Microsoft.VisualStudio.TestTools.UITesting.CodedUITestAttribute, Microsoft.VisualStudio.QualityTools.CodedUITestFramework, Version=10.0.0.0, Culture=neutral, PublicKeyToken=b03f5f7f11d50a3a</Extension>
    </UnitTest>
    <UnitTest name="HouseRenewalAfter" storage="c:\autotesttam1205\testproject7\bin\debug\ver1.dll" id="85fea04a-2d22-da29-e2a5-a62a531bce65">
      <Execution id="8ed0fe69-c82c-4120-b20e-954419f26954" />
      <TestMethod codeBase="C:/AutotestTam1205/TestProject7/bin/Debug/Ver1.DLL" adapterTypeName="Microsoft.VisualStudio.TestTools.TestTypes.Unit.UnitTestAdapter, Microsoft.VisualStudio.QualityTools.Tips.UnitTest.Adapter, Version=10.0.0.0, Culture=neutral, PublicKeyToken=b03f5f7f11d50a3a" className="Ver1.CodedUITest2, Ver1, Version=1.0.0.0, Culture=neutral, PublicKeyToken=null" name="HouseRenewalAfter" />
      <Extension>Microsoft.VisualStudio.TestTools.UITesting.CodedUITestAttribute, Microsoft.VisualStudio.QualityTools.CodedUITestFramework, Version=10.0.0.0, Culture=neutral, PublicKeyToken=b03f5f7f11d50a3a</Extension>
    </UnitTest>
    <UnitTest name="MotoRebrokeRenewExistingScheme" storage="c:\autotesttam1205\testproject7\bin\debug\ver1.dll" id="a5f54e40-1bf8-ce13-c337-6a02b2b7e5d4">
      <Execution id="f9e7ba65-b67a-4654-b4fe-1f0323653f22" />
      <TestMethod codeBase="C:/AutotestTam1205/TestProject7/bin/Debug/Ver1.DLL" adapterTypeName="Microsoft.VisualStudio.TestTools.TestTypes.Unit.UnitTestAdapter, Microsoft.VisualStudio.QualityTools.Tips.UnitTest.Adapter, Version=10.0.0.0, Culture=neutral, PublicKeyToken=b03f5f7f11d50a3a" className="Ver1.CodedUITest2, Ver1, Version=1.0.0.0, Culture=neutral, PublicKeyToken=null" name="MotoRebrokeRenewExistingScheme" />
      <Extension>Microsoft.VisualStudio.TestTools.UITesting.CodedUITestAttribute, Microsoft.VisualStudio.QualityTools.CodedUITestFramework, Version=10.0.0.0, Culture=neutral, PublicKeyToken=b03f5f7f11d50a3a</Extension>
    </UnitTest>
    <UnitTest name="HouseRebrokeRenewCurrent" storage="c:\autotesttam1205\testproject7\bin\debug\ver1.dll" id="1f8782a3-4d48-8c5d-f81c-c88ed9c281c4">
      <Execution id="0b3030c7-b94f-4288-bd6e-39d124d8c219" />
      <TestMethod codeBase="C:/AutotestTam1205/TestProject7/bin/Debug/Ver1.DLL" adapterTypeName="Microsoft.VisualStudio.TestTools.TestTypes.Unit.UnitTestAdapter, Microsoft.VisualStudio.QualityTools.Tips.UnitTest.Adapter, Version=10.0.0.0, Culture=neutral, PublicKeyToken=b03f5f7f11d50a3a" className="Ver1.CodedUITest2, Ver1, Version=1.0.0.0, Culture=neutral, PublicKeyToken=null" name="HouseRebrokeRenewCurrent" />
      <Extension>Microsoft.VisualStudio.TestTools.UITesting.CodedUITestAttribute, Microsoft.VisualStudio.QualityTools.CodedUITestFramework, Version=10.0.0.0, Culture=neutral, PublicKeyToken=b03f5f7f11d50a3a</Extension>
    </UnitTest>
    <UnitTest name="HouseRebrokeRenewNewScheme" storage="c:\autotesttam1205\testproject7\bin\debug\ver1.dll" id="49954a0c-626b-cfff-45f2-8522f1cf2034">
      <Execution id="425bce29-4123-4269-981f-cefa14d0ccf1" />
      <TestMethod codeBase="C:/AutotestTam1205/TestProject7/bin/Debug/Ver1.DLL" adapterTypeName="Microsoft.VisualStudio.TestTools.TestTypes.Unit.UnitTestAdapter, Microsoft.VisualStudio.QualityTools.Tips.UnitTest.Adapter, Version=10.0.0.0, Culture=neutral, PublicKeyToken=b03f5f7f11d50a3a" className="Ver1.CodedUITest2, Ver1, Version=1.0.0.0, Culture=neutral, PublicKeyToken=null" name="HouseRebrokeRenewNewScheme" />
      <Extension>Microsoft.VisualStudio.TestTools.UITesting.CodedUITestAttribute, Microsoft.VisualStudio.QualityTools.CodedUITestFramework, Version=10.0.0.0, Culture=neutral, PublicKeyToken=b03f5f7f11d50a3a</Extension>
    </UnitTest>
    <UnitTest name="MotoRebrokeRenewNewScheme" storage="c:\autotesttam1205\testproject7\bin\debug\ver1.dll" id="72861ca4-760f-1d55-3273-faac7fb22762">
      <Execution id="af7718bf-6dc7-4a45-b748-a49d17a4c987" />
      <TestMethod codeBase="C:/AutotestTam1205/TestProject7/bin/Debug/Ver1.DLL" adapterTypeName="Microsoft.VisualStudio.TestTools.TestTypes.Unit.UnitTestAdapter, Microsoft.VisualStudio.QualityTools.Tips.UnitTest.Adapter, Version=10.0.0.0, Culture=neutral, PublicKeyToken=b03f5f7f11d50a3a" className="Ver1.CodedUITest2, Ver1, Version=1.0.0.0, Culture=neutral, PublicKeyToken=null" name="MotoRebrokeRenewNewScheme" />
      <Extension>Microsoft.VisualStudio.TestTools.UITesting.CodedUITestAttribute, Microsoft.VisualStudio.QualityTools.CodedUITestFramework, Version=10.0.0.0, Culture=neutral, PublicKeyToken=b03f5f7f11d50a3a</Extension>
    </UnitTest>
  </TestDefinitions>
  <TestLists>
    <TestList name="Results Not in a List" id="8c84fa94-04c1-424b-9868-57a2d4851a1d" />
    <TestList name="All Loaded Results" id="19431567-8539-422a-85d7-44ee4e166bda" />
  </TestLists>
  <TestEntries>
    <TestEntry testId="f84db9d6-ecb4-ffa9-b047-9aeb5fc142ad" executionId="df82428b-1dbf-4df8-b979-7c4064a4c675" testListId="8c84fa94-04c1-424b-9868-57a2d4851a1d" />
    <TestEntry testId="c2bdfe5e-303e-353b-48c9-82acf8c043b4" executionId="8a3b5c15-3067-4d38-bbbc-fd4223669bca" testListId="8c84fa94-04c1-424b-9868-57a2d4851a1d" />
    <TestEntry testId="311133ab-01d5-f9e4-d13b-e35f37a745ec" executionId="3175f4e5-e6fc-4747-ba8b-7f0bb3f72754" testListId="8c84fa94-04c1-424b-9868-57a2d4851a1d" />
    <TestEntry testId="a5f54e40-1bf8-ce13-c337-6a02b2b7e5d4" executionId="f9e7ba65-b67a-4654-b4fe-1f0323653f22" testListId="8c84fa94-04c1-424b-9868-57a2d4851a1d" />
    <TestEntry testId="72861ca4-760f-1d55-3273-faac7fb22762" executionId="af7718bf-6dc7-4a45-b748-a49d17a4c987" testListId="8c84fa94-04c1-424b-9868-57a2d4851a1d" />
    <TestEntry testId="092560b0-34b4-ac01-6d5d-c895bfb1f95f" executionId="fa541b4b-451e-44e8-9b6b-1ed00cf49fd7" testListId="8c84fa94-04c1-424b-9868-57a2d4851a1d" />
    <TestEntry testId="85fea04a-2d22-da29-e2a5-a62a531bce65" executionId="8ed0fe69-c82c-4120-b20e-954419f26954" testListId="8c84fa94-04c1-424b-9868-57a2d4851a1d" />
    <TestEntry testId="0141781e-e8c8-68a2-deee-13f636ac4d13" executionId="dea242df-47b5-40c4-8e68-c274ce11daf6" testListId="8c84fa94-04c1-424b-9868-57a2d4851a1d" />
    <TestEntry testId="e785005d-7402-4f52-14ec-dba919726f7b" executionId="226eddb4-9ee1-4460-a4f2-67cdd6fb71f0" testListId="8c84fa94-04c1-424b-9868-57a2d4851a1d" />
    <TestEntry testId="1f8782a3-4d48-8c5d-f81c-c88ed9c281c4" executionId="a40a43db-6263-4e79-b139-23973327654e" testListId="8c84fa94-04c1-424b-9868-57a2d4851a1d" />
    <TestEntry testId="a0f51a54-7cb2-4ad5-9dc0-3545e9f02b07" executionId="7f20b08e-ce23-4b0b-9d67-24dbf5d591dc" testListId="8c84fa94-04c1-424b-9868-57a2d4851a1d" />
    <TestEntry testId="49954a0c-626b-cfff-45f2-8522f1cf2034" executionId="6f41a2ef-0e92-452c-b565-fff11c70b133" testListId="8c84fa94-04c1-424b-9868-57a2d4851a1d" />
  </TestEntries>
  <Results>
    <UnitTestResult executionId="df82428b-1dbf-4df8-b979-7c4064a4c675" testId="f84db9d6-ecb4-ffa9-b047-9aeb5fc142ad" testName="MotoAmendRiskExistingScheme" computerName="ICDVDEVTM01" duration="00:06:45.5306909" startTime="2013-05-23T09:56:59.9359843+01:00" endTime="2013-05-23T10:03:46.8331537+01:00" testType="13cdc9d9-ddb5-4fa4-a97d-d965ccfc6d4b" outcome="Failed" testListId="8c84fa94-04c1-424b-9868-57a2d4851a1d" relativeResultsDirectory="df82428b-1dbf-4df8-b979-7c4064a4c675">
      <Output>
        <DebugTrace>W, 5176, 59, 2013/05/23, 09:57:06.739, 2438372288159, QTAgent32.exe, &lt;a class=success&gt;Playback - {1} [SUCCESS] MouseButtonClick - "[MSAA, VisibleOnly]ControlType='Edit'"
\0&lt;/a&gt;
W, 5176, 59, 2013/05/23, 09:57:06.956, 2438375394053, QTAgent32.exe, &lt;a class=success&gt;Playback - {2} [SUCCESS] SendKeys "[*]" - "[MSAA, VisibleOnly]ControlType='Edit'"
\0&lt;/a&gt;
W, 5176, 59, 2013/05/23, 09:57:07.658, 2438385453307, QTAgent32.exe, &lt;a class=success&gt;Playback - {3} [SUCCESS] MouseButtonClick - "[MSAA, VisibleOnly]ControlType='Button' &amp;&amp; Name='OK'"
\0&lt;/a&gt;
E, 5176, 59, 2013/05/23, 09:57:07.823, 2438387819761, QTAgent32.exe, LoadLibrary() : Unable to find the resource 37382 from assembly C:\Windows\system32\en-US\ieframe.dll.mui: Error1814
E, 5176, 59, 2013/05/23, 09:57:07.824, 2438387825967, QTAgent32.exe, LoadLibrary() : Unable to find the resource 41728 from assembly C:\Windows\system32\en-US\ieframe.dll.mui: Error1814
E, 5176, 59, 2013/05/23, 09:57:07.824, 2438387828163, QTAgent32.exe, LoadLibrary() : Unable to find the resource 8131 from assembly C:\Windows\system32\en-US\ieframe.dll.mui: Error1814
E, 5176, 59, 2013/05/23, 09:57:07.824, 2438387831248, QTAgent32.exe, LoadLibrary() : Unable to find the resource 8131 from assembly C:\Windows\system32\en-US\ieframe.dll.mui: Error1814
E, 5176, 59, 2013/05/23, 09:57:07.824, 2438387835115, QTAgent32.exe, LoadLibrary() : Unable to find the resource 8131 from assembly C:\Windows\system32\en-US\ieframe.dll.mui: Error1814
E, 5176, 59, 2013/05/23, 09:57:07.829, 2438387901545, QTAgent32.exe, LoadLibrary() : Unable to find the resource 803 from assembly C:\Windows\system32\en-US\user32.dll.mui: Error1814
W, 5176, 59, 2013/05/23, 09:57:07.895, 2438388847679, QTAgent32.exe, &lt;a class=success&gt;Playback - {4} [SUCCESS] SendKeys "^{HOME}" - "[MSAA, VisibleOnly]ControlType='Edit'"
\0&lt;/a&gt;
E, 5176, 59, 2013/05/23, 09:57:07.897, 2438388874310, QTAgent32.exe, Msaa.GetFocusedElement: could not find accessible object of foreground window
W, 5176, 59, 2013/05/23, 09:57:07.964, 2438389828644, QTAgent32.exe, &lt;a class=success&gt;Playback - {5} [SUCCESS] SendKeys "^+{END}" - "[MSAA, VisibleOnly]ControlType='Edit'"
\0&lt;/a&gt;
E, 5176, 59, 2013/05/23, 09:57:07.964, 2438389830410, QTAgent32.exe, Msaa.GetFocusedElement: could not find accessible object of foreground window
W, 5176, 59, 2013/05/23, 09:57:07.988, 2438390172693, QTAgent32.exe, &lt;a class=success&gt;Playback - {6} [SUCCESS] SendKeys "{DELETE}" - "[MSAA, VisibleOnly]ControlType='Edit'"
\0&lt;/a&gt;
W, 5176, 59, 2013/05/23, 09:57:08.198, 2438393176515, QTAgent32.exe, &lt;a class=success&gt;Playback - {7} [SUCCESS] SetValueAsEditBox "23/05/2013" - "[MSAA, VisibleOnly]ControlType='Edit'"  &lt; Set via SendKeys &gt;
\0&lt;/a&gt;
W, 5176, 59, 2013/05/23, 09:57:08.467, 2438397026631, QTAgent32.exe, Playback - [WARNING] Internal warning: Incorrect flag set for InvokeProgrammaticAction\0
W, 5176, 59, 2013/05/23, 09:57:08.585, 2438398716405, QTAgent32.exe, &lt;a class=success&gt;Playback - {8} [SUCCESS] SetValueAsComboBox "May" - "[MSAA, VisibleOnly]ControlType='ComboBox'"  &lt; SetValueAsComboBox, set by clicking on the item in the list box &gt;
\0&lt;/a&gt;
W, 5176, 59, 2013/05/23, 09:57:08.740, 2438400941217, QTAgent32.exe, &lt;a class=success&gt;Playback - {9} [SUCCESS] SendKeys "^{HOME}" - "[MSAA, VisibleOnly]ControlType='Edit'"
\0&lt;/a&gt;
E, 5176, 59, 2013/05/23, 09:57:08.740, 2438400942941, QTAgent32.exe, Msaa.GetFocusedElement: could not find accessible object of foreground window
W, 5176, 59, 2013/05/23, 09:57:08.801, 2438401806439, QTAgent32.exe, &lt;a class=success&gt;Playback - {10} [SUCCESS] SendKeys "^+{END}" - "[MSAA, VisibleOnly]ControlType='Edit'"
\0&lt;/a&gt;
E, 5176, 59, 2013/05/23, 09:57:08.802, 2438401820927, QTAgent32.exe, Msaa.GetFocusedElement: could not find accessible object of foreground window
W, 5176, 59, 2013/05/23, 09:57:08.820, 2438402078493, QTAgent32.exe, &lt;a class=success&gt;Playback - {11} [SUCCESS] SendKeys "{DELETE}" - "[MSAA, VisibleOnly]ControlType='Edit'"
\0&lt;/a&gt;
W, 5176, 59, 2013/05/23, 09:57:08.915, 2438403438036, QTAgent32.exe, &lt;a class=success&gt;Playback - {12} [SUCCESS] SetValueAsEditBox "2013" - "[MSAA, VisibleOnly]ControlType='Edit'"  &lt; Set via SendKeys &gt;
\0&lt;/a&gt;
W, 5176, 59, 2013/05/23, 09:57:09.431, 2438410835670, QTAgent32.exe, &lt;a class=success&gt;Playback - {13} [SUCCESS] MouseButtonClick - "[MSAA, VisibleOnly]ControlType='Button' &amp;&amp; Name='OK'"
\0&lt;/a&gt;
W, 5176, 59, 2013/05/23, 09:57:09.811, 2438416273658, QTAgent32.exe, Playback - [WARNING] Internal warning: Window Not Found: [VisibleOnly]ControlType='Window' &amp;&amp; Name='Warning' &amp;&amp; ClassName='#32770'
\0
E, 5176, 59, 2013/05/23, 09:57:09.811, 2438416275290, QTAgent32.exe, &lt;a class=failure&gt;Playback - {14} [FAILED] Function ElementFetcher::FindScreenElement failed to locate UI element (Searching: ;[VisibleOnly]ControlType='Window' &amp;&amp; Name='Warning' &amp;&amp; ClassName='#32770') (The object specified was not found.)
\0&lt;/a&gt;
E, 5176, 59, 2013/05/23, 09:57:09.856, 2438416917640, QTAgent32.exe, Playback - [IMAGE] C:\Users\testuser\AppData\Local\Temp\UITestLogs\LastRun\RPF9AB2.png
\0
W, 5176, 59, 2013/05/23, 09:57:09.856, 2438416919224, QTAgent32.exe, Playback - [WARNING] Internal warning: Couldn't find descendants that match QueryId
\0
W, 5176, 59, 2013/05/23, 09:57:27.855, 2438674626510, QTAgent32.exe, Playback - [WARNING] Internal warning: Window Not Found: [VisibleOnly]ControlType='Window' &amp;&amp; Name='Warning' &amp;&amp; ClassName='#32770'
\0
E, 5176, 59, 2013/05/23, 09:57:27.855, 2438674628702, QTAgent32.exe, &lt;a class=failure&gt;Playback - {15} [FAILED] Function ElementFetcher::FindScreenElement failed to locate UI element (Searching: ;[VisibleOnly]ControlType='Window' &amp;&amp; Name='Warning' &amp;&amp; ClassName='#32770') (The object specified was not found.)
\0&lt;/a&gt;
E, 5176, 59, 2013/05/23, 09:57:27.897, 2438675232777, QTAgent32.exe, Playback - [IMAGE] C:\Users\testuser\AppData\Local\Temp\UITestLogs\LastRun\RPFE134.png
\0
W, 5176, 59, 2013/05/23, 09:57:27.897, 2438675234486, QTAgent32.exe, Playback - [WARNING] Internal warning: Couldn't find descendants that match QueryId
\0
W, 5176, 59, 2013/05/23, 09:57:27.898, 2438675239533, QTAgent32.exe, PERF WARNING: FindTopLevelWindowHelper::FindAllDescendents: took 18040 ms. Expected it to take maximum 500 ms.
W, 5176, 59, 2013/05/23, 09:57:28.347, 2438681680044, QTAgent32.exe, Playback - [WARNING] Internal warning: Smart Match failed
\0
W, 5176, 59, 2013/05/23, 09:57:28.500, 2438683861976, QTAgent32.exe, Playback - [WARNING] Internal warning: Smart Match failed
\0
W, 5176, 59, 2013/05/23, 09:57:28.653, 2438686054835, QTAgent32.exe, Playback - [WARNING] Internal warning: Smart Match failed
\0
W, 5176, 59, 2013/05/23, 09:57:28.805, 2438688237627, QTAgent32.exe, Playback - [WARNING] Internal warning: Smart Match failed
\0
W, 5176, 59, 2013/05/23, 09:57:28.958, 2438690423372, QTAgent32.exe, Playback - [WARNING] Internal warning: Smart Match failed
\0
W, 5176, 59, 2013/05/23, 09:57:29.109, 2438692591305, QTAgent32.exe, Playback - [WARNING] Internal warning: Smart Match failed
\0
W, 5176, 59, 2013/05/23, 09:57:29.261, 2438694762176, QTAgent32.exe, Playback - [WARNING] Internal warning: Smart Match failed
\0
W, 5176, 59, 2013/05/23, 09:57:29.413, 2438696935453, QTAgent32.exe, Playback - [WARNING] Internal warning: Smart Match failed
\0
W, 5176, 59, 2013/05/23, 09:57:29.564, 2438699108603, QTAgent32.exe, Playback - [WARNING] Internal warning: Smart Match failed
\0
W, 5176, 59, 2013/05/23, 09:57:29.714, 2438701254467, QTAgent32.exe, Playback - [WARNING] Internal warning: Smart Match failed
\0
W, 5176, 59, 2013/05/23, 09:57:29.865, 2438703406462, QTAgent32.exe, Playback - [WARNING] Internal warning: Smart Match failed
\0
W, 5176, 59, 2013/05/23, 09:57:30.015, 2438705560044, QTAgent32.exe, Playback - [WARNING] Internal warning: Smart Match failed
\0
W, 5176, 59, 2013/05/23, 09:57:30.167, 2438707731065, QTAgent32.exe, Playback - [WARNING] Internal warning: Smart Match failed
\0
W, 5176, 59, 2013/05/23, 09:57:30.319, 2438709912445, QTAgent32.exe, Playback - [WARNING] Internal warning: Smart Match failed
\0
W, 5176, 59, 2013/05/23, 09:57:30.471, 2438712091800, QTAgent32.exe, Playback - [WARNING] Internal warning: Smart Match failed
\0
W, 5176, 59, 2013/05/23, 09:57:30.623, 2438714261390, QTAgent32.exe, Playback - [WARNING] Internal warning: Smart Match failed
\0
W, 5176, 59, 2013/05/23, 09:57:30.773, 2438716413916, QTAgent32.exe, Playback - [WARNING] Internal warning: Smart Match failed
\0
W, 5176, 59, 2013/05/23, 09:57:30.923, 2438718570140, QTAgent32.exe, Playback - [WARNING] Internal warning: Smart Match failed
\0
W, 5176, 59, 2013/05/23, 09:57:30.968, 2438719209776, QTAgent32.exe, Playback - [WARNING] Internal warning: Window Not Found: [VisibleOnly]ControlType='Window' &amp;&amp; Name='Warning' &amp;&amp; ClassName='#32770'
\0
E, 5176, 59, 2013/05/23, 09:57:30.968, 2438719211240, QTAgent32.exe, &lt;a class=failure&gt;Playback - {16} [FAILED] Function ElementFetcher::FindScreenElement failed to locate UI element (Searching: ;[VisibleOnly]ControlType='Window' &amp;&amp; Name='Warning' &amp;&amp; ClassName='#32770') (The object specified was not found.)
\0&lt;/a&gt;
E, 5176, 59, 2013/05/23, 09:57:31.008, 2438719785746, QTAgent32.exe, Playback - [IMAGE] C:\Users\testuser\AppData\Local\Temp\UITestLogs\LastRun\RPFED56.png
\0
W, 5176, 59, 2013/05/23, 09:57:31.008, 2438719787286, QTAgent32.exe, Playback - [WARNING] Internal warning: Couldn't find descendants that match QueryId
\0
W, 5176, 59, 2013/05/23, 09:57:31.009, 2438719790030, QTAgent32.exe, PERF WARNING: FindTopLevelWindowHelper::FindAllDescendents: took 3111 ms. Expected it to take maximum 500 ms.
E, 5176, 59, 2013/05/23, 09:57:31.010, 2438719803813, QTAgent32.exe, Exception: System.Runtime.InteropServices.COMException
	Message: Error HRESULT E_FAIL has been returned from a call to a COM component.
	Stack Trace:    at Microsoft.VisualStudio.TestTools.UITest.Playback.Engine.IRPFPlayback.FindAllScreenElements(IScreenElement pScreenElementStart, String bstrQueryId, Object&amp; pvarResKeys, Int32 cResKeys, Int32 nMaxDepth, Object[]&amp; foundDescendants)
   at Microsoft.VisualStudio.TestTools.UITest.Playback.ScreenElement.FindTopLevelWindowHelper(String queryId)
	BaseExceptionMessage: Error HRESULT E_FAIL has been returned from a call to a COM component.

E, 5176, 59, 2013/05/23, 09:57:31.199, 2438722518800, QTAgent32.exe, AL: Playback Error: Microsoft.VisualStudio.TestTools.UITest.Extension.UITestControlNotFoundException: The playback failed to find the control with the given search properties. Additional Details: 
TechnologyName:  'MSAA'
ControlType:  'Window'
Name:  'Warning'
ClassName:  '#32770'
 ---&gt; System.Runtime.InteropServices.COMException: Error HRESULT E_FAIL has been returned from a call to a COM component.
   at Microsoft.VisualStudio.TestTools.UITest.Playback.Engine.IRPFPlayback.FindAllScreenElements(IScreenElement pScreenElementStart, String bstrQueryId, Object&amp; pvarResKeys, Int32 cResKeys, Int32 nMaxDepth, Object[]&amp; foundDescendants)
   at Microsoft.VisualStudio.TestTools.UITest.Playback.ScreenElement.FindTopLevelWindowHelper(String queryId)
   at Microsoft.VisualStudio.TestTools.UITest.Playback.ScreenElement.FindFromPartialQueryId(String queryId)
   at Microsoft.VisualStudio.TestTools.UITesting.UITestControl..ctor(String queryId)
   --- End of inner exception stack trace ---
   at Microsoft.VisualStudio.TestTools.UITesting.Playback.MapControlNotFoundException(COMException ex, IPlaybackContext context)
   at Microsoft.VisualStudio.TestTools.UITesting.Playback.MapAndThrowComException(COMException innerException, IPlaybackContext context)
   at Microsoft.VisualStudio.TestTools.UITesting.Playback.MapAndThrowException(SystemException exception, IPlaybackContext context)
   at Microsoft.VisualStudio.TestTools.UITesting.Playback.MapAndThrowException(SystemException exception, String queryId)
   at Microsoft.VisualStudio.TestTools.UITesting.UITestControl..ctor(String queryId)
   at Microsoft.VisualStudio.TestTools.UITesting.SearchHelper.SearchTopLevelWindow(ISearchArgument topLevelSearchArg, String topLevelElementQueryId)
   at Microsoft.VisualStudio.TestTools.UITesting.SearchHelper.GetTitleUpdatedTopLevelWindow(ISearchArgument topLevelSearchArg, String queryId, IList`1 windowTitles)
   at Microsoft.VisualStudio.TestTools.UITesting.SearchHelper.GetTopLevelElement(Boolean useCache, Boolean useCacheOnly, ISearchArgument searchArg, IList`1 windowTitles, Int32&amp; timeLeft)
   at Microsoft.VisualStudio.TestTools.UITesting.SearchHelper.GetElement(Boolean useCache, ISearchArgument searchArg)
   at Microsoft.VisualStudio.TestTools.UITesting.SearchHelper.Search(ISearchArgument searchArg)
   at Microsoft.VisualStudio.TestTools.UITesting.UITestControl.FindInternal()
   at Microsoft.VisualStudio.TestTools.UITesting.UITestControl.FindControlIfNecessary()
   at Microsoft.VisualStudio.TestTools.UITesting.UITestControl.Click(MouseButtons button, ModifierKeys modifierKeys, Point relativeCoordinates)
   at Microsoft.VisualStudio.TestTools.UITesting.Mouse.ClickImplementation(UITestControl control, MouseButtons button, ModifierKeys modifierKeys, Point relativeCoordinate)
   at Microsoft.VisualStudio.TestTools.UITesting.Mouse.ClickImplementationWrapper(UITestControl control, MouseButtons button, ModifierKeys modifierKeys, Point relativeCoordinate)
W, 5176, 59, 2013/05/23, 09:57:31.199, 2438722521263, QTAgent32.exe, PlaybackErrorHandler: Ignoring exception as ContinueOnError is set.
W, 5176, 59, 2013/05/23, 09:57:31.288, 2438723784348, QTAgent32.exe, &lt;a class=success&gt;Playback - {17} [SUCCESS] TypeString "#(R)"
\0&lt;/a&gt;
E, 5176, 59, 2013/05/23, 09:57:31.800, 2438731113109, QTAgent32.exe, Exception: System.ArgumentException
	Message: Value does not fall within the expected range.
	Stack Trace:    at Accessibility.IAccessible.get_accRole(Object varChild)
   at Microsoft.VisualStudio.TestTools.UITest.Extension.Msaa.AccWrapper.get_RoleInt()
	BaseExceptionMessage: Value does not fall within the expected range.

E, 5176, 59, 2013/05/23, 09:57:31.804, 2438731169626, QTAgent32.exe, Exception: System.ArgumentException
	Message: Value does not fall within the expected range.
	Stack Trace:    at Accessibility.IAccessible.get_accRole(Object varChild)
   at Microsoft.VisualStudio.TestTools.UITest.Extension.Msaa.AccWrapper.get_RoleInt()
	BaseExceptionMessage: Value does not fall within the expected range.

W, 5176, 59, 2013/05/23, 09:57:32.059, 2438734820405, QTAgent32.exe, &lt;a class=success&gt;Playback - {18} [SUCCESS] LeftButtonClick  &lt; Mouse cursor location (87, 908) &gt;
\0&lt;/a&gt;
W, 5176, 59, 2013/05/23, 09:57:32.919, 2438747145415, QTAgent32.exe, &lt;a class=success&gt;Playback - {19} [SUCCESS] SetValueAsEditBox "c:\TestProject7\ourhighway.reg"  &lt; Set via SendKeys &gt;
\0&lt;/a&gt;
W, 5176, 59, 2013/05/23, 09:57:32.920, 2438747147111, QTAgent32.exe, &lt;a class=success&gt;Playback - {20} [SUCCESS] SetValueAsComboBox "c:\TestProject7\ourhighway.reg" - "[MSAA, VisibleOnly]ControlType='ComboBox' &amp;&amp; Name='Open:'"  &lt; Set via SetValueAsEditBox &gt;
\0&lt;/a&gt;
W, 5176, 59, 2013/05/23, 09:57:33.147, 2438750402160, QTAgent32.exe, &lt;a class=success&gt;Playback - {21} [SUCCESS] MouseButtonClick - "[MSAA, VisibleOnly]ControlType='Button' &amp;&amp; Name='OK'"
\0&lt;/a&gt;
W, 5176, 59, 2013/05/23, 09:57:33.836, 2438760269847, QTAgent32.exe, &lt;a class=success&gt;Playback - {22} [SUCCESS] MouseButtonClick - "[MSAA, VisibleOnly]ControlType='Button' &amp;&amp; Name='Yes'"
\0&lt;/a&gt;
W, 5176, 59, 2013/05/23, 09:57:36.126, 2438793050953, QTAgent32.exe, &lt;a class=success&gt;Playback - {23} [SUCCESS] MouseButtonClick - "[MSAA, VisibleOnly]ControlType='Button' &amp;&amp; Name='OK'"
\0&lt;/a&gt;
W, 5176, 59, 2013/05/23, 09:57:36.403, 2438797021558, QTAgent32.exe, &lt;a class=success&gt;Playback - {24} [SUCCESS] MouseButtonClick - "[MSAA, VisibleOnly]ControlType='Button' &amp;&amp; Name='Clients &amp; Files'"
\0&lt;/a&gt;
W, 5176, 59, 2013/05/23, 09:57:37.195, 2438808361823, QTAgent32.exe, PERF WARNING: FindTopLevelWindowHelper::FindAllDescendents: took 653 ms. Expected it to take maximum 500 ms.
W, 5176, 59, 2013/05/23, 09:57:37.437, 2438811832243, QTAgent32.exe, Playback - [WARNING] Internal warning: Incorrect flag set for InvokeProgrammaticAction\0
W, 5176, 59, 2013/05/23, 09:57:37.560, 2438813586523, QTAgent32.exe, &lt;a class=success&gt;Playback - {25} [SUCCESS] SetValueAsComboBox "Customers" - "[MSAA, VisibleOnly]ControlType='ComboBox'"  &lt; SetValueAsComboBox, set by clicking on the item in the list box &gt;
\0&lt;/a&gt;
W, 5176, 59, 2013/05/23, 09:57:38.210, 2438822902652, QTAgent32.exe, &lt;a class=success&gt;Playback - {26} [SUCCESS] MouseButtonClick - "[MSAA, VisibleOnly]ControlType='Button' &amp;&amp; Name='Add'"
\0&lt;/a&gt;
W, 5176, 59, 2013/05/23, 09:57:38.503, 2438827097968, QTAgent32.exe, &lt;a class=success&gt;Playback - {27} [SUCCESS] SendKeys "autotest" - "[MSAA, VisibleOnly]ControlType='RadioButton' &amp;&amp; Name='Personal Lines'"
\0&lt;/a&gt;
W, 5176, 59, 2013/05/23, 09:57:38.843, 2438831968502, QTAgent32.exe, &lt;a class=success&gt;Playback - {28} [SUCCESS] SetValueAsEditBox "autotest" - "[MSAA, VisibleOnly]ControlType='Edit'"  &lt; Set via SendKeys &gt;
\0&lt;/a&gt;
W, 5176, 59, 2013/05/23, 09:57:39.065, 2438835137113, QTAgent32.exe, &lt;a class=success&gt;Playback - {29} [SUCCESS] MouseButtonClick - "[MSAA, VisibleOnly]ControlType='Button' &amp;&amp; Name='OK'"
\0&lt;/a&gt;
W, 5176, 59, 2013/05/23, 09:57:39.385, 2438839728108, QTAgent32.exe, &lt;a class=success&gt;Playback - {30} [SUCCESS] MouseButtonClick - "[MSAA, VisibleOnly]ControlType='Button' &amp;&amp; Name='Yes'"
\0&lt;/a&gt;
W, 5176, 59, 2013/05/23, 09:57:39.629, 2438843213930, QTAgent32.exe, &lt;a class=success&gt;Playback - {31} [SUCCESS] SendKeys "^{HOME}" - "[MSAA, VisibleOnly]ControlType='Edit'"
\0&lt;/a&gt;
E, 5176, 59, 2013/05/23, 09:57:39.629, 2438843215861, QTAgent32.exe, Msaa.GetFocusedElement: could not find accessible object of foreground window
W, 5176, 59, 2013/05/23, 09:57:39.695, 2438844151505, QTAgent32.exe, &lt;a class=success&gt;Playback - {32} [SUCCESS] SendKeys "^+{END}" - "[MSAA, VisibleOnly]ControlType='Edit'"
\0&lt;/a&gt;
E, 5176, 59, 2013/05/23, 09:57:39.695, 2438844152998, QTAgent32.exe, Msaa.GetFocusedElement: could not find accessible object of foreground window
W, 5176, 59, 2013/05/23, 09:57:39.707, 2438844324615, QTAgent32.exe, &lt;a class=success&gt;Playback - {33} [SUCCESS] SendKeys "{DELETE}" - "[MSAA, VisibleOnly]ControlType='Edit'"
\0&lt;/a&gt;
W, 5176, 59, 2013/05/23, 09:57:39.754, 2438844999473, QTAgent32.exe, &lt;a class=success&gt;Playback - {34} [SUCCESS] SetValueAsEditBox "1" - "[MSAA, VisibleOnly]ControlType='Edit'"  &lt; Set via SendKeys &gt;
\0&lt;/a&gt;
W, 5176, 59, 2013/05/23, 09:57:39.944, 2438847725436, QTAgent32.exe, &lt;a class=success&gt;Playback - {35} [SUCCESS] SendKeys "^{HOME}" - "[MSAA, VisibleOnly]ControlType='Edit'"
\0&lt;/a&gt;
E, 5176, 59, 2013/05/23, 09:57:39.944, 2438847727440, QTAgent32.exe, Msaa.GetFocusedElement: could not find accessible object of foreground window
W, 5176, 59, 2013/05/23, 09:57:39.996, 2438848469943, QTAgent32.exe, &lt;a class=success&gt;Playback - {36} [SUCCESS] SendKeys "^+{END}" - "[MSAA, VisibleOnly]ControlType='Edit'"
\0&lt;/a&gt;
E, 5176, 59, 2013/05/23, 09:57:39.996, 2438848471660, QTAgent32.exe, Msaa.GetFocusedElement: could not find accessible object of foreground window
W, 5176, 59, 2013/05/23, 09:57:40.009, 2438848649788, QTAgent32.exe, &lt;a class=success&gt;Playback - {37} [SUCCESS] SendKeys "{DELETE}" - "[MSAA, VisibleOnly]ControlType='Edit'"
\0&lt;/a&gt;
W, 5176, 59, 2013/05/23, 09:57:40.060, 2438849381424, QTAgent32.exe, &lt;a class=success&gt;Playback - {38} [SUCCESS] SetValueAsEditBox "1" - "[MSAA, VisibleOnly]ControlType='Edit'"  &lt; Set via SendKeys &gt;
\0&lt;/a&gt;
W, 5176, 59, 2013/05/23, 09:57:41.678, 2438872554876, QTAgent32.exe, Playback - [WARNING] Internal warning: Target element "[MSAA, VisibleOnly]ControlType='Button' &amp;&amp; Name='OK'" was not found, so all intermediate elements were ignored. An incorrect element that matches target element Id can be found as the result.  Verify that all intermediate elements in QueryId have valid and unique Ids
\0
W, 5176, 59, 2013/05/23, 09:57:42.199, 2438880020465, QTAgent32.exe, PERF WARNING: FindAllDescendents: took 2026 ms. Expected it to take maximum 500 ms.
W, 5176, 59, 2013/05/23, 09:57:42.494, 2438884243722, QTAgent32.exe, &lt;a class=success&gt;Playback - {39} [SUCCESS] MouseButtonClick - "[MSAA, VisibleOnly]ControlType='Button' &amp;&amp; Name='OK'"
\0&lt;/a&gt;
W, 5176, 59, 2013/05/23, 09:57:42.842, 2438889218381, QTAgent32.exe, &lt;a class=success&gt;Playback - {40} [SUCCESS] MouseButtonClick - "[MSAA, VisibleOnly]ControlType='Button'"
\0&lt;/a&gt;
W, 5176, 59, 2013/05/23, 09:57:43.171, 2438893930975, QTAgent32.exe, &lt;a class=success&gt;Playback - {41} [SUCCESS] MouseButtonClick - "[MSAA, VisibleOnly]ControlType='Button' &amp;&amp; Name='Add'"
\0&lt;/a&gt;
W, 5176, 59, 2013/05/23, 09:57:43.505, 2438898713923, QTAgent32.exe, &lt;a class=success&gt;Playback - {42} [SUCCESS] MouseButtonClick - "[MSAA, VisibleOnly]ControlType='Button' &amp;&amp; Name='OK'"
\0&lt;/a&gt;
W, 5176, 59, 2013/05/23, 09:57:45.744, 2438930773915, QTAgent32.exe, &lt;a class=success&gt;Playback - {43} [SUCCESS] MouseButtonClick - "[MSAA, VisibleOnly,Window]ControlType='Window' &amp;&amp; ClassName='ThunderRT6TextBox'"
\0&lt;/a&gt;
W, 5176, 59, 2013/05/23, 09:57:46.010, 2438934578813, QTAgent32.exe, &lt;a class=success&gt;Playback - {44} [SUCCESS] SetValueAsEditBox "MOTO" - "[MSAA, VisibleOnly]ControlType='Edit'"  &lt; Set via SendKeys &gt;
\0&lt;/a&gt;
W, 5176, 59, 2013/05/23, 09:57:46.318, 2438938998081, QTAgent32.exe, &lt;a class=success&gt;Playback - {45} [SUCCESS] MouseButtonClick - "[MSAA, VisibleOnly]ControlType='Button' &amp;&amp; Name='OK'"
\0&lt;/a&gt;
W, 5176, 59, 2013/05/23, 09:57:46.553, 2438942362769, QTAgent32.exe, &lt;a class=success&gt;Playback - {46} [SUCCESS] MouseButtonClick - "[MSAA, VisibleOnly]ControlType='Button' &amp;&amp; Name='Options'"
\0&lt;/a&gt;
W, 5176, 59, 2013/05/23, 09:57:46.679, 2438944154830, QTAgent32.exe, FindScreenElementInSinglePass : Attempting to find control in one pass of search. Failures can occur.
W, 5176, 59, 2013/05/23, 09:57:46.831, 2438946332903, QTAgent32.exe, &lt;a class=success&gt;Playback - {47} [SUCCESS] MouseButtonClick - "[MSAA]ControlType='MenuItem' &amp;&amp; Name='Links'"
\0&lt;/a&gt;
W, 5176, 59, 2013/05/23, 09:57:46.931, 2438947768504, QTAgent32.exe, FindScreenElementInSinglePass : Attempting to find control in one pass of search. Failures can occur.
W, 5176, 59, 2013/05/23, 09:57:47.088, 2438950013258, QTAgent32.exe, &lt;a class=success&gt;Playback - {48} [SUCCESS] MouseButtonClick - "[MSAA]ControlType='MenuItem' &amp;&amp; Name='3rd Party Integration'"
\0&lt;/a&gt;
W, 5176, 59, 2013/05/23, 09:57:47.188, 2438951448753, QTAgent32.exe, FindScreenElementInSinglePass : Attempting to find control in one pass of search. Failures can occur.
W, 5176, 59, 2013/05/23, 09:57:47.340, 2438953626312, QTAgent32.exe, &lt;a class=success&gt;Playback - {49} [SUCCESS] MouseButtonClick - "[MSAA]ControlType='MenuItem' &amp;&amp; Name='Quote Select List'"
\0&lt;/a&gt;
W, 5176, 59, 2013/05/23, 09:57:48.432, 2438969253019, QTAgent32.exe, PERF WARNING: FindTopLevelWindowHelper::FindAllDescendents: took 990 ms. Expected it to take maximum 500 ms.
W, 5176, 59, 2013/05/23, 09:57:49.203, 2438980303328, QTAgent32.exe, &lt;a class=success&gt;Playback - {50} [SUCCESS] MouseButtonClick - "[MSAA, VisibleOnly]ControlType='Button' &amp;&amp; Name='Ok'"
\0&lt;/a&gt;
W, 5176, 59, 2013/05/23, 09:57:50.503, 2438998915246, QTAgent32.exe, PERF WARNING: FindTopLevelWindowHelper::FindAllDescendents: took 1195 ms. Expected it to take maximum 500 ms.
W, 5176, 59, 2013/05/23, 09:57:50.633, 2439000775676, QTAgent32.exe, &lt;a class=success&gt;Playback - {51} [SUCCESS] MouseButtonClick - "[MSAA, VisibleOnly]ControlType='Button' &amp;&amp; Name='Ok'"
\0&lt;/a&gt;
W, 5176, 59, 2013/05/23, 09:57:50.909, 2439004731980, QTAgent32.exe, &lt;a class=success&gt;Playback - {52} [SUCCESS] SetValueAsEditBox "test" - "[MSAA, VisibleOnly]ControlType='Edit'"  &lt; Set via SendKeys &gt;
\0&lt;/a&gt;
W, 5176, 59, 2013/05/23, 09:57:51.169, 2439008456084, QTAgent32.exe, &lt;a class=success&gt;Playback - {53} [SUCCESS] SetValueAsEditBox "test" - "[MSAA, VisibleOnly]ControlType='Edit'"  &lt; Set via SendKeys &gt;
\0&lt;/a&gt;
W, 5176, 59, 2013/05/23, 09:57:51.481, 2439012915982, QTAgent32.exe, &lt;a class=success&gt;Playback - {54} [SUCCESS] SetValueAsEditBox "160486" - "[MSAA, VisibleOnly]ControlType='Edit'"  &lt; Set via SendKeys &gt;
\0&lt;/a&gt;
W, 5176, 59, 2013/05/23, 09:57:51.786, 2439017283262, QTAgent32.exe, &lt;a class=success&gt;Playback - {55} [SUCCESS] SetValueAsEditBox "BN16BN" - "[MSAA, VisibleOnly]ControlType='Edit'"  &lt; Set via SendKeys &gt;
\0&lt;/a&gt;
W, 5176, 59, 2013/05/23, 09:57:54.009, 2439049114563, QTAgent32.exe, &lt;a class=success&gt;Playback - {56} [SUCCESS] MouseButtonClick - "[MSAA, VisibleOnly]ControlType='Button' &amp;&amp; Name='Lookup...'"
\0&lt;/a&gt;
W, 5176, 59, 2013/05/23, 09:57:54.243, 2439052464167, QTAgent32.exe, &lt;a class=success&gt;Playback - {57} [SUCCESS] MouseButtonClick - "[MSAA, VisibleOnly]ControlType='Button' &amp;&amp; Name='Ok'"
\0&lt;/a&gt;
W, 5176, 59, 2013/05/23, 09:57:55.668, 2439072866449, QTAgent32.exe, &lt;a class=success&gt;Playback - {58} [SUCCESS] MouseButtonClick - "[MSAA, VisibleOnly]ControlType='Button' &amp;&amp; Name='OK'"
\0&lt;/a&gt;
W, 5176, 59, 2013/05/23, 09:57:56.329, 2439082320805, QTAgent32.exe, Playback - [WARNING] Internal warning: Incorrect flag set for InvokeProgrammaticAction\0
W, 5176, 59, 2013/05/23, 09:57:56.446, 2439084004522, QTAgent32.exe, &lt;a class=success&gt;Playback - {59} [SUCCESS] SetValueAsComboBox "Account Executive" - "[MSAA, VisibleOnly]ControlType='ComboBox'"  &lt; SetValueAsComboBox, set by clicking on the item in the list box &gt;
\0&lt;/a&gt;
W, 5176, 59, 2013/05/23, 09:57:56.809, 2439089198298, QTAgent32.exe, Playback - [WARNING] Internal warning: Incorrect flag set for InvokeProgrammaticAction\0
W, 5176, 59, 2013/05/23, 09:57:57.261, 2439095675246, QTAgent32.exe, &lt;a class=success&gt;Playback - {60} [SUCCESS] SetValueAsComboBox "Aerial Manufacturer" - "[MSAA, VisibleOnly]ControlType='ComboBox'"  &lt; SetValueAsComboBox, set by clicking on the item in the list box &gt;
\0&lt;/a&gt;
W, 5176, 59, 2013/05/23, 09:57:57.618, 2439100783208, QTAgent32.exe, &lt;a class=success&gt;Playback - {61} [SUCCESS] SetValueAsEditBox "151208" - "[MSAA, VisibleOnly]ControlType='Edit'"  &lt; Set via SendKeys &gt;
\0&lt;/a&gt;
W, 5176, 59, 2013/05/23, 09:57:59.127, 2439122384429, QTAgent32.exe, &lt;a class=success&gt;Playback - {62} [SUCCESS] MouseButtonClick - "[MSAA, VisibleOnly]ControlType='Button' &amp;&amp; Name='OK'"
\0&lt;/a&gt;
E, 5176, 59, 2013/05/23, 09:57:59.238, 2439123976538, QTAgent32.exe, Exception: System.ArgumentException
	Message: Value does not fall within the expected range.
	Stack Trace:    at Accessibility.IAccessible.get_accRole(Object varChild)
   at Microsoft.VisualStudio.TestTools.UITest.Extension.Msaa.AccWrapper.get_RoleInt()
	BaseExceptionMessage: Value does not fall within the expected range.

E, 5176, 59, 2013/05/23, 09:57:59.241, 2439124023593, QTAgent32.exe, Exception: System.ArgumentException
	Message: Value does not fall within the expected range.
	Stack Trace:    at Accessibility.IAccessible.get_accRole(Object varChild)
   at Microsoft.VisualStudio.TestTools.UITest.Extension.Msaa.AccWrapper.get_RoleInt()
	BaseExceptionMessage: Value does not fall within the expected range.

W, 5176, 59, 2013/05/23, 09:57:59.441, 2439126879170, QTAgent32.exe, &lt;a class=success&gt;Playback - {63} [SUCCESS] LeftButtonClick  &lt; Mouse cursor location (680, 395) &gt;
\0&lt;/a&gt;
W, 5176, 59, 2013/05/23, 09:57:59.686, 2439130389526, QTAgent32.exe, &lt;a class=success&gt;Playback - {64} [SUCCESS] SetValueAsEditBox "FORD"  &lt; Set via SendKeys &gt;
\0&lt;/a&gt;
W, 5176, 59, 2013/05/23, 09:57:59.686, 2439130391061, QTAgent32.exe, &lt;a class=success&gt;Playback - {65} [SUCCESS] SetValueAsComboBox "FORD" - "[MSAA, VisibleOnly]ControlType='ComboBox'"  &lt; Set via SetValueAsEditBox &gt;
\0&lt;/a&gt;
E, 5176, 59, 2013/05/23, 09:57:59.792, 2439131905517, QTAgent32.exe, Exception: System.ArgumentException
	Message: Value does not fall within the expected range.
	Stack Trace:    at Accessibility.IAccessible.get_accRole(Object varChild)
   at Microsoft.VisualStudio.TestTools.UITest.Extension.Msaa.AccWrapper.get_RoleInt()
	BaseExceptionMessage: Value does not fall within the expected range.

E, 5176, 59, 2013/05/23, 09:57:59.793, 2439131931586, QTAgent32.exe, Exception: System.ArgumentException
	Message: Value does not fall within the expected range.
	Stack Trace:    at Accessibility.IAccessible.get_accRole(Object varChild)
   at Microsoft.VisualStudio.TestTools.UITest.Extension.Msaa.AccWrapper.get_RoleInt()
	BaseExceptionMessage: Value does not fall within the expected range.

W, 5176, 59, 2013/05/23, 09:58:00.406, 2439140700028, QTAgent32.exe, &lt;a class=success&gt;Playback - {66} [SUCCESS] LeftButtonClick  &lt; Mouse cursor location (1040, 395) &gt;
\0&lt;/a&gt;
W, 5176, 59, 2013/05/23, 09:58:00.601, 2439143499447, QTAgent32.exe, &lt;a class=success&gt;Playback - {67} [SUCCESS] SetValueAsEditBox "KA"  &lt; Set via SendKeys &gt;
\0&lt;/a&gt;
W, 5176, 59, 2013/05/23, 09:58:00.601, 2439143501858, QTAgent32.exe, &lt;a class=success&gt;Playback - {68} [SUCCESS] SetValueAsComboBox "KA" - "[MSAA, VisibleOnly]ControlType='ComboBox'"  &lt; Set via SetValueAsEditBox &gt;
\0&lt;/a&gt;
W, 5176, 59, 2013/05/23, 09:58:01.121, 2439150947600, QTAgent32.exe, &lt;a class=success&gt;Playback - {69} [SUCCESS] MouseButtonClick - "[MSAA, VisibleOnly]ControlType='Button' &amp;&amp; Name='Filter'"
\0&lt;/a&gt;
W, 5176, 59, 2013/05/23, 09:58:01.428, 2439155338767, QTAgent32.exe, &lt;a class=success&gt;Playback - {70} [SUCCESS] MouseButtonClick - "[MSAA, VisibleOnly]ControlType='Button' &amp;&amp; Name='OK'"
\0&lt;/a&gt;
W, 5176, 59, 2013/05/23, 09:58:01.780, 2439160380849, QTAgent32.exe, &lt;a class=success&gt;Playback - {71} [SUCCESS] SendKeys "^{HOME}" - "[MSAA, VisibleOnly]ControlType='Edit'"
\0&lt;/a&gt;
E, 5176, 59, 2013/05/23, 09:58:01.780, 2439160382847, QTAgent32.exe, Msaa.GetFocusedElement: could not find accessible object of foreground window
W, 5176, 59, 2013/05/23, 09:58:01.833, 2439161132702, QTAgent32.exe, &lt;a class=success&gt;Playback - {72} [SUCCESS] SendKeys "^+{END}" - "[MSAA, VisibleOnly]ControlType='Edit'"
\0&lt;/a&gt;
E, 5176, 59, 2013/05/23, 09:58:01.833, 2439161134216, QTAgent32.exe, Msaa.GetFocusedElement: could not find accessible object of foreground window
W, 5176, 59, 2013/05/23, 09:58:01.845, 2439161304812, QTAgent32.exe, &lt;a class=success&gt;Playback - {73} [SUCCESS] SendKeys "{DELETE}" - "[MSAA, VisibleOnly]ControlType='Edit'"
\0&lt;/a&gt;
W, 5176, 59, 2013/05/23, 09:58:02.026, 2439163906026, QTAgent32.exe, &lt;a class=success&gt;Playback - {74} [SUCCESS] SetValueAsEditBox "123434" - "[MSAA, VisibleOnly]ControlType='Edit'"  &lt; Set via SendKeys &gt;
\0&lt;/a&gt;
W, 5176, 59, 2013/05/23, 09:58:02.239, 2439166953790, QTAgent32.exe, &lt;a class=success&gt;Playback - {75} [SUCCESS] SendKeys "^{HOME}" - "[MSAA, VisibleOnly]ControlType='Edit'"
\0&lt;/a&gt;
E, 5176, 59, 2013/05/23, 09:58:02.239, 2439166955699, QTAgent32.exe, Msaa.GetFocusedElement: could not find accessible object of foreground window
W, 5176, 59, 2013/05/23, 09:58:02.296, 2439167770085, QTAgent32.exe, &lt;a class=success&gt;Playback - {76} [SUCCESS] SendKeys "^+{END}" - "[MSAA, VisibleOnly]ControlType='Edit'"
\0&lt;/a&gt;
E, 5176, 59, 2013/05/23, 09:58:02.296, 2439167771879, QTAgent32.exe, Msaa.GetFocusedElement: could not find accessible object of foreground window
W, 5176, 59, 2013/05/23, 09:58:02.322, 2439168135635, QTAgent32.exe, &lt;a class=success&gt;Playback - {77} [SUCCESS] SendKeys "{DELETE}" - "[MSAA, VisibleOnly]ControlType='Edit'"
\0&lt;/a&gt;
W, 5176, 59, 2013/05/23, 09:58:02.465, 2439170192634, QTAgent32.exe, &lt;a class=success&gt;Playback - {78} [SUCCESS] SetValueAsEditBox "1000" - "[MSAA, VisibleOnly]ControlType='Edit'"  &lt; Set via SendKeys &gt;
\0&lt;/a&gt;
W, 5176, 59, 2013/05/23, 09:58:02.690, 2439173412044, QTAgent32.exe, &lt;a class=success&gt;Playback - {79} [SUCCESS] SendKeys "^{HOME}" - "[MSAA, VisibleOnly]ControlType='Edit'"
\0&lt;/a&gt;
E, 5176, 59, 2013/05/23, 09:58:02.690, 2439173413933, QTAgent32.exe, Msaa.GetFocusedElement: could not find accessible object of foreground window
W, 5176, 59, 2013/05/23, 09:58:02.751, 2439174285546, QTAgent32.exe, &lt;a class=success&gt;Playback - {80} [SUCCESS] SendKeys "^+{END}" - "[MSAA, VisibleOnly]ControlType='Edit'"
\0&lt;/a&gt;
E, 5176, 59, 2013/05/23, 09:58:02.751, 2439174286971, QTAgent32.exe, Msaa.GetFocusedElement: could not find accessible object of foreground window
W, 5176, 59, 2013/05/23, 09:58:02.763, 2439174457698, QTAgent32.exe, &lt;a class=success&gt;Playback - {81} [SUCCESS] SendKeys "{DELETE}" - "[MSAA, VisibleOnly]ControlType='Edit'"
\0&lt;/a&gt;
W, 5176, 59, 2013/05/23, 09:58:02.985, 2439177639127, QTAgent32.exe, &lt;a class=success&gt;Playback - {82} [SUCCESS] SetValueAsEditBox "30/05/13" - "[MSAA, VisibleOnly]ControlType='Edit'"  &lt; Set via SendKeys &gt;
\0&lt;/a&gt;
W, 5176, 59, 2013/05/23, 09:58:03.335, 2439182645381, QTAgent32.exe, &lt;a class=success&gt;Playback - {83} [SUCCESS] MouseButtonClick - "[MSAA, VisibleOnly]ControlType='Button' &amp;&amp; Name='Calculate Quote'"
\0&lt;/a&gt;
W, 5176, 59, 2013/05/23, 09:58:03.563, 2439185905942, QTAgent32.exe, &lt;a class=success&gt;Playback - {84} [SUCCESS] MouseButtonClick - "[MSAA, VisibleOnly]ControlType='Button' &amp;&amp; Name='Cancel'"
\0&lt;/a&gt;
W, 5176, 59, 2013/05/23, 09:58:03.791, 2439189163773, QTAgent32.exe, &lt;a class=success&gt;Playback - {85} [SUCCESS] MouseButtonClick - "[MSAA, VisibleOnly]ControlType='Button' &amp;&amp; Name='No'"
\0&lt;/a&gt;
W, 5176, 59, 2013/05/23, 09:58:04.028, 2439192558303, QTAgent32.exe, &lt;a class=success&gt;Playback - {86} [SUCCESS] MouseButtonClick - "[MSAA, VisibleOnly]ControlType='Button' &amp;&amp; Name='Ok'"
\0&lt;/a&gt;
W, 5176, 59, 2013/05/23, 09:58:09.376, 2439269139658, QTAgent32.exe, PERF WARNING: FindTopLevelWindowHelper::FindAllDescendents: took 5247 ms. Expected it to take maximum 500 ms.
W, 5176, 59, 2013/05/23, 09:58:09.502, 2439270945413, QTAgent32.exe, &lt;a class=success&gt;Playback - {87} [SUCCESS] MouseButtonClick - "[MSAA, VisibleOnly]ControlType='Client'"
\0&lt;/a&gt;
W, 5176, 59, 2013/05/23, 09:58:11.018, 2439292650385, QTAgent32.exe, &lt;a class=success&gt;Playback - {88} [SUCCESS] SendKeys "{Home}" - "[MSAA, VisibleOnly]ControlType='Client'"
\0&lt;/a&gt;
W, 5176, 59, 2013/05/23, 09:58:14.256, 2439339012778, QTAgent32.exe, &lt;a class=success&gt;Playback - {89} [SUCCESS] MouseButtonClick - "[MSAA, VisibleOnly]ControlType='Button' &amp;&amp; Name='Accept'"
\0&lt;/a&gt;
W, 5176, 59, 2013/05/23, 09:58:14.693, 2439345266978, QTAgent32.exe, &lt;a class=success&gt;Playback - {90} [SUCCESS] MouseButtonClick - "[MSAA, VisibleOnly]ControlType='Button' &amp;&amp; Name='Yes'"
\0&lt;/a&gt;
W, 5176, 59, 2013/05/23, 09:58:14.922, 2439348550533, QTAgent32.exe, &lt;a class=success&gt;Playback - {91} [SUCCESS] MouseButtonClick - "[MSAA, VisibleOnly]ControlType='Button' &amp;&amp; Name='Ok'"
\0&lt;/a&gt;
W, 5176, 59, 2013/05/23, 09:58:15.142, 2439351699300, QTAgent32.exe, &lt;a class=success&gt;Playback - {92} [SUCCESS] MouseButtonClick - "[MSAA, VisibleOnly]ControlType='Button' &amp;&amp; Name='Ok'"
\0&lt;/a&gt;
W, 5176, 59, 2013/05/23, 09:58:15.370, 2439354964471, QTAgent32.exe, &lt;a class=success&gt;Playback - {93} [SUCCESS] MouseButtonClick - "[MSAA, VisibleOnly]ControlType='Button' &amp;&amp; Name='Confirm'"
\0&lt;/a&gt;
W, 5176, 59, 2013/05/23, 09:58:43.423, 2439756634375, QTAgent32.exe, Playback - [WARNING] Internal warning: Window Not Found: [VisibleOnly]ControlType='Window' &amp;&amp; Name='Save the file as' &amp;&amp; ClassName='#32770'
\0
E, 5176, 59, 2013/05/23, 09:58:43.424, 2439756636539, QTAgent32.exe, &lt;a class=failure&gt;Playback - {94} [FAILED] Function ElementFetcher::FindScreenElement failed to locate UI element (Searching: ;[VisibleOnly]ControlType='Window' &amp;&amp; Name='Save the file as' &amp;&amp; ClassName='#32770') (The object specified was not found.)
\0&lt;/a&gt;
E, 5176, 59, 2013/05/23, 09:58:43.475, 2439757367274, QTAgent32.exe, Playback - [IMAGE] C:\Users\testuser\AppData\Local\Temp\UITestLogs\LastRun\RPF865.png
\0
W, 5176, 59, 2013/05/23, 09:58:43.475, 2439757369719, QTAgent32.exe, Playback - [WARNING] Internal warning: Couldn't find descendants that match QueryId
\0
W, 5176, 59, 2013/05/23, 09:58:43.475, 2439757372485, QTAgent32.exe, PERF WARNING: FindTopLevelWindowHelper::FindAllDescendents: took 28003 ms. Expected it to take maximum 500 ms.
W, 5176, 59, 2013/05/23, 09:59:02.221, 2440025779782, QTAgent32.exe, Playback - [WARNING] Internal warning: Window Not Found: [VisibleOnly]ControlType='Window' &amp;&amp; Name='Save the file as' &amp;&amp; ClassName='#32770'
\0
E, 5176, 59, 2013/05/23, 09:59:02.221, 2440025782057, QTAgent32.exe, &lt;a class=failure&gt;Playback - {95} [FAILED] Function ElementFetcher::FindScreenElement failed to locate UI element (Searching: ;[VisibleOnly]ControlType='Window' &amp;&amp; Name='Save the file as' &amp;&amp; ClassName='#32770') (The object specified was not found.)
\0&lt;/a&gt;
E, 5176, 59, 2013/05/23, 09:59:02.271, 2440026495218, QTAgent32.exe, Playback - [IMAGE] C:\Users\testuser\AppData\Local\Temp\UITestLogs\LastRun\RPF51D4.png
\0
W, 5176, 59, 2013/05/23, 09:59:02.271, 2440026496720, QTAgent32.exe, Playback - [WARNING] Internal warning: Couldn't find descendants that match QueryId
\0
W, 5176, 59, 2013/05/23, 09:59:02.271, 2440026499260, QTAgent32.exe, PERF WARNING: FindTopLevelWindowHelper::FindAllDescendents: took 18795 ms. Expected it to take maximum 500 ms.
W, 5176, 59, 2013/05/23, 09:59:05.127, 2440067387660, QTAgent32.exe, Playback - [WARNING] Internal warning: Smart Match failed
\0
W, 5176, 59, 2013/05/23, 09:59:06.356, 2440084978995, QTAgent32.exe, Playback - [WARNING] Internal warning: Window Not Found: [VisibleOnly]ControlType='Window' &amp;&amp; Name='Save the file as' &amp;&amp; ClassName='#32770'
\0
E, 5176, 59, 2013/05/23, 09:59:06.357, 2440084992797, QTAgent32.exe, &lt;a class=failure&gt;Playback - {96} [FAILED] Function ElementFetcher::FindScreenElement failed to locate UI element (Searching: ;[VisibleOnly]ControlType='Window' &amp;&amp; Name='Save the file as' &amp;&amp; ClassName='#32770') (The object specified was not found.)
\0&lt;/a&gt;
E, 5176, 59, 2013/05/23, 09:59:06.400, 2440085608443, QTAgent32.exe, Playback - [IMAGE] C:\Users\testuser\AppData\Local\Temp\UITestLogs\LastRun\RPF61FC.png
\0
W, 5176, 59, 2013/05/23, 09:59:06.400, 2440085609952, QTAgent32.exe, Playback - [WARNING] Internal warning: Couldn't find descendants that match QueryId
\0
W, 5176, 59, 2013/05/23, 09:59:06.400, 2440085612275, QTAgent32.exe, PERF WARNING: FindTopLevelWindowHelper::FindAllDescendents: took 4128 ms. Expected it to take maximum 500 ms.
E, 5176, 59, 2013/05/23, 09:59:06.400, 2440085613905, QTAgent32.exe, Exception: System.Runtime.InteropServices.COMException
	Message: Error HRESULT E_FAIL has been returned from a call to a COM component.
	Stack Trace:    at Microsoft.VisualStudio.TestTools.UITest.Playback.Engine.IRPFPlayback.FindAllScreenElements(IScreenElement pScreenElementStart, String bstrQueryId, Object&amp; pvarResKeys, Int32 cResKeys, Int32 nMaxDepth, Object[]&amp; foundDescendants)
   at Microsoft.VisualStudio.TestTools.UITest.Playback.ScreenElement.FindTopLevelWindowHelper(String queryId)
	BaseExceptionMessage: Error HRESULT E_FAIL has been returned from a call to a COM component.

E, 5176, 59, 2013/05/23, 09:59:06.500, 2440087053940, QTAgent32.exe, AL: Playback Error: Microsoft.VisualStudio.TestTools.UITest.Extension.UITestControlNotFoundException: The playback failed to find the control with the given search properties. Additional Details: 
TechnologyName:  'MSAA'
ControlType:  'Window'
Name:  'Save the file as'
ClassName:  '#32770'
 ---&gt; System.Runtime.InteropServices.COMException: Error HRESULT E_FAIL has been returned from a call to a COM component.
   at Microsoft.VisualStudio.TestTools.UITest.Playback.Engine.IRPFPlayback.FindAllScreenElements(IScreenElement pScreenElementStart, String bstrQueryId, Object&amp; pvarResKeys, Int32 cResKeys, Int32 nMaxDepth, Object[]&amp; foundDescendants)
   at Microsoft.VisualStudio.TestTools.UITest.Playback.ScreenElement.FindTopLevelWindowHelper(String queryId)
   at Microsoft.VisualStudio.TestTools.UITest.Playback.ScreenElement.FindFromPartialQueryId(String queryId)
   at Microsoft.VisualStudio.TestTools.UITesting.UITestControl..ctor(String queryId)
   --- End of inner exception stack trace ---
   at Microsoft.VisualStudio.TestTools.UITesting.Playback.MapControlNotFoundException(COMException ex, IPlaybackContext context)
   at Microsoft.VisualStudio.TestTools.UITesting.Playback.MapAndThrowComException(COMException innerException, IPlaybackContext context)
   at Microsoft.VisualStudio.TestTools.UITesting.Playback.MapAndThrowException(SystemException exception, IPlaybackContext context)
   at Microsoft.VisualStudio.TestTools.UITesting.Playback.MapAndThrowException(SystemException exception, String queryId)
   at Microsoft.VisualStudio.TestTools.UITesting.UITestControl..ctor(String queryId)
   at Microsoft.VisualStudio.TestTools.UITesting.SearchHelper.SearchTopLevelWindow(ISearchArgument topLevelSearchArg, String topLevelElementQueryId)
   at Microsoft.VisualStudio.TestTools.UITesting.SearchHelper.GetTitleUpdatedTopLevelWindow(ISearchArgument topLevelSearchArg, String queryId, IList`1 windowTitles)
   at Microsoft.VisualStudio.TestTools.UITesting.SearchHelper.GetTopLevelElement(Boolean useCache, Boolean useCacheOnly, ISearchArgument searchArg, IList`1 windowTitles, Int32&amp; timeLeft)
   at Microsoft.VisualStudio.TestTools.UITesting.SearchHelper.GetElement(Boolean useCache, ISearchArgument searchArg)
   at Microsoft.VisualStudio.TestTools.UITesting.SearchHelper.Search(ISearchArgument searchArg)
   at Microsoft.VisualStudio.TestTools.UITesting.UITestControl.FindInternal()
   at Microsoft.VisualStudio.TestTools.UITesting.UITestControl.FindControlIfNecessary()
   at Microsoft.VisualStudio.TestTools.UITesting.UITestControl.Click(MouseButtons button, ModifierKeys modifierKeys, Point relativeCoordinates)
   at Microsoft.VisualStudio.TestTools.UITesting.Mouse.ClickImplementation(UITestControl control, MouseButtons button, ModifierKeys modifierKeys, Point relativeCoordinate)
   at Microsoft.VisualStudio.TestTools.UITesting.Mouse.ClickImplementationWrapper(UITestControl control, MouseButtons button, ModifierKeys modifierKeys, Point relativeCoordinate)
W, 5176, 59, 2013/05/23, 09:59:06.501, 2440087055989, QTAgent32.exe, PlaybackErrorHandler: Ignoring exception as ContinueOnError is set.
W, 5176, 59, 2013/05/23, 09:59:06.640, 2440089057752, QTAgent32.exe, &lt;a class=success&gt;Playback - {97} [SUCCESS] Check - "[MSAA, VisibleOnly]ControlType='CheckBox' &amp;&amp; Name='Defer Printing?'"
\0&lt;/a&gt;
W, 5176, 59, 2013/05/23, 09:59:07.147, 2440096313502, QTAgent32.exe, &lt;a class=success&gt;Playback - {98} [SUCCESS] MouseButtonClick - "[MSAA, VisibleOnly]ControlType='Button' &amp;&amp; Name='Ok'"
\0&lt;/a&gt;
W, 5176, 59, 2013/05/23, 09:59:08.266, 2440112340483, QTAgent32.exe, PERF WARNING: FindTopLevelWindowHelper::FindAllDescendents: took 1019 ms. Expected it to take maximum 500 ms.
W, 5176, 59, 2013/05/23, 09:59:08.402, 2440114290683, QTAgent32.exe, &lt;a class=success&gt;Playback - {99} [SUCCESS] Uncheck - "[MSAA, VisibleOnly]ControlType='CheckBox' &amp;&amp; Name='Add Activity'"
\0&lt;/a&gt;
W, 5176, 59, 2013/05/23, 09:59:10.824, 2440148955207, QTAgent32.exe, &lt;a class=success&gt;Playback - {100} [SUCCESS] MouseButtonClick - "[MSAA, VisibleOnly]ControlType='Button' &amp;&amp; Name='Ok'"
\0&lt;/a&gt;
W, 5176, 59, 2013/05/23, 09:59:11.060, 2440152337795, QTAgent32.exe, &lt;a class=success&gt;Playback - {101} [SUCCESS] MouseButtonClick - "[MSAA, VisibleOnly]ControlType='Button' &amp;&amp; Name='Ok'"
\0&lt;/a&gt;
W, 5176, 59, 2013/05/23, 09:59:14.133, 2440196331220, QTAgent32.exe, PERF WARNING: FindTopLevelWindowHelper::FindAllDescendents: took 2969 ms. Expected it to take maximum 500 ms.
W, 5176, 59, 2013/05/23, 09:59:14.260, 2440198161649, QTAgent32.exe, &lt;a class=success&gt;Playback - {102} [SUCCESS] MouseButtonClick - "[MSAA, VisibleOnly]ControlType='Button' &amp;&amp; Name='OK'"
\0&lt;/a&gt;
W, 5176, 59, 2013/05/23, 09:59:14.491, 2440201463155, QTAgent32.exe, &lt;a class=success&gt;Playback - {103} [SUCCESS] MouseButtonClick - "[MSAA, VisibleOnly]ControlType='Button' &amp;&amp; Name='Cancel'"
\0&lt;/a&gt;
W, 5176, 59, 2013/05/23, 09:59:14.715, 2440204676190, QTAgent32.exe, &lt;a class=success&gt;Playback - {104} [SUCCESS] MouseButtonClick - "[MSAA, VisibleOnly]ControlType='Button'"
\0&lt;/a&gt;
W, 5176, 59, 2013/05/23, 09:59:15.158, 2440211022332, QTAgent32.exe, &lt;a class=success&gt;Playback - {105} [SUCCESS] MouseButtonClick - "[MSAA, VisibleOnly]ControlType='Button' &amp;&amp; Name='Detail'"
\0&lt;/a&gt;
E, 5176, 59, 2013/05/23, 09:59:15.670, 2440218354210, QTAgent32.exe, IEDOM : Could not get valid window handle of Internet Explorer_server
W, 5176, 59, 2013/05/23, 09:59:15.671, 2440218355551, QTAgent32.exe, IEDOM : Unable to get the document Window Handle
E, 5176, 59, 2013/05/23, 09:59:17.671, 2440247003908, QTAgent32.exe, IEDOM : Could not get valid window handle of Internet Explorer_server
W, 5176, 59, 2013/05/23, 09:59:17.671, 2440247005118, QTAgent32.exe, IEDOM : Unable to get the document Window Handle
E, 5176, 59, 2013/05/23, 09:59:19.672, 2440275646138, QTAgent32.exe, IEDOM : Could not get valid window handle of Internet Explorer_server
W, 5176, 59, 2013/05/23, 09:59:19.672, 2440275647475, QTAgent32.exe, IEDOM : Unable to get the document Window Handle
E, 5176, 59, 2013/05/23, 09:59:21.672, 2440304286297, QTAgent32.exe, IEDOM : Could not get valid window handle of Internet Explorer_server
W, 5176, 59, 2013/05/23, 09:59:21.672, 2440304287524, QTAgent32.exe, IEDOM : Unable to get the document Window Handle
E, 5176, 59, 2013/05/23, 09:59:23.672, 2440332926226, QTAgent32.exe, IEDOM : Could not get valid window handle of Internet Explorer_server
W, 5176, 59, 2013/05/23, 09:59:23.672, 2440332927490, QTAgent32.exe, IEDOM : Unable to get the document Window Handle
E, 5176, 59, 2013/05/23, 09:59:25.672, 2440361566202, QTAgent32.exe, IEDOM : Could not get valid window handle of Internet Explorer_server
W, 5176, 59, 2013/05/23, 09:59:25.672, 2440361567640, QTAgent32.exe, IEDOM : Unable to get the document Window Handle
E, 5176, 59, 2013/05/23, 09:59:27.673, 2440390206077, QTAgent32.exe, IEDOM : Could not get valid window handle of Internet Explorer_server
W, 5176, 59, 2013/05/23, 09:59:27.673, 2440390207214, QTAgent32.exe, IEDOM : Unable to get the document Window Handle
E, 5176, 59, 2013/05/23, 09:59:29.673, 2440418846114, QTAgent32.exe, IEDOM : Could not get valid window handle of Internet Explorer_server
W, 5176, 59, 2013/05/23, 09:59:29.673, 2440418847399, QTAgent32.exe, IEDOM : Unable to get the document Window Handle
E, 5176, 59, 2013/05/23, 09:59:31.673, 2440447486277, QTAgent32.exe, IEDOM : Could not get valid window handle of Internet Explorer_server
W, 5176, 59, 2013/05/23, 09:59:31.673, 2440447487544, QTAgent32.exe, IEDOM : Unable to get the document Window Handle
E, 5176, 59, 2013/05/23, 09:59:33.674, 2440476126607, QTAgent32.exe, IEDOM : Could not get valid window handle of Internet Explorer_server
W, 5176, 59, 2013/05/23, 09:59:33.674, 2440476127872, QTAgent32.exe, IEDOM : Unable to get the document Window Handle
E, 5176, 59, 2013/05/23, 09:59:35.674, 2440504766360, QTAgent32.exe, IEDOM : Could not get valid window handle of Internet Explorer_server
W, 5176, 59, 2013/05/23, 09:59:35.674, 2440504767650, QTAgent32.exe, IEDOM : Unable to get the document Window Handle
E, 5176, 59, 2013/05/23, 09:59:37.674, 2440533406595, QTAgent32.exe, IEDOM : Could not get valid window handle of Internet Explorer_server
W, 5176, 59, 2013/05/23, 09:59:37.674, 2440533407783, QTAgent32.exe, IEDOM : Unable to get the document Window Handle
E, 5176, 59, 2013/05/23, 09:59:39.674, 2440562046628, QTAgent32.exe, IEDOM : Could not get valid window handle of Internet Explorer_server
W, 5176, 59, 2013/05/23, 09:59:39.674, 2440562047858, QTAgent32.exe, IEDOM : Unable to get the document Window Handle
E, 5176, 59, 2013/05/23, 09:59:41.675, 2440590686885, QTAgent32.exe, IEDOM : Could not get valid window handle of Internet Explorer_server
W, 5176, 59, 2013/05/23, 09:59:41.675, 2440590688126, QTAgent32.exe, IEDOM : Unable to get the document Window Handle
E, 5176, 59, 2013/05/23, 09:59:43.675, 2440619333760, QTAgent32.exe, IEDOM : Could not get valid window handle of Internet Explorer_server
W, 5176, 59, 2013/05/23, 09:59:43.675, 2440619335020, QTAgent32.exe, IEDOM : Unable to get the document Window Handle
E, 5176, 59, 2013/05/23, 09:59:45.678, 2440647998159, QTAgent32.exe, IEDOM : Could not get valid window handle of Internet Explorer_server
W, 5176, 59, 2013/05/23, 09:59:45.678, 2440647999203, QTAgent32.exe, IEDOM : Unable to get the document Window Handle
W, 5176, 59, 2013/05/23, 09:59:47.678, 2440676647773, QTAgent32.exe, AL : IEBrowserService : Performing an extended retry
E, 5176, 59, 2013/05/23, 09:59:47.679, 2440676654239, QTAgent32.exe, IEDOM : Could not get valid window handle of Internet Explorer_server
W, 5176, 59, 2013/05/23, 09:59:47.679, 2440676654923, QTAgent32.exe, IEDOM : Unable to get the document Window Handle
E, 5176, 59, 2013/05/23, 09:59:49.679, 2440705296135, QTAgent32.exe, IEDOM : Could not get valid window handle of Internet Explorer_server
W, 5176, 59, 2013/05/23, 09:59:49.679, 2440705297426, QTAgent32.exe, IEDOM : Unable to get the document Window Handle
E, 5176, 59, 2013/05/23, 09:59:51.679, 2440733936082, QTAgent32.exe, IEDOM : Could not get valid window handle of Internet Explorer_server
W, 5176, 59, 2013/05/23, 09:59:51.679, 2440733937347, QTAgent32.exe, IEDOM : Unable to get the document Window Handle
E, 5176, 59, 2013/05/23, 09:59:53.680, 2440762576493, QTAgent32.exe, IEDOM : Could not get valid window handle of Internet Explorer_server
W, 5176, 59, 2013/05/23, 09:59:53.680, 2440762577787, QTAgent32.exe, IEDOM : Unable to get the document Window Handle
E, 5176, 59, 2013/05/23, 09:59:55.680, 2440791216067, QTAgent32.exe, IEDOM : Could not get valid window handle of Internet Explorer_server
W, 5176, 59, 2013/05/23, 09:59:55.680, 2440791217309, QTAgent32.exe, IEDOM : Unable to get the document Window Handle
E, 5176, 59, 2013/05/23, 09:59:57.680, 2440819856149, QTAgent32.exe, IEDOM : Could not get valid window handle of Internet Explorer_server
W, 5176, 59, 2013/05/23, 09:59:57.680, 2440819857393, QTAgent32.exe, IEDOM : Unable to get the document Window Handle
E, 5176, 59, 2013/05/23, 09:59:59.680, 2440848496342, QTAgent32.exe, IEDOM : Could not get valid window handle of Internet Explorer_server
W, 5176, 59, 2013/05/23, 09:59:59.680, 2440848497767, QTAgent32.exe, IEDOM : Unable to get the document Window Handle
E, 5176, 59, 2013/05/23, 10:00:01.681, 2440877136356, QTAgent32.exe, IEDOM : Could not get valid window handle of Internet Explorer_server
W, 5176, 59, 2013/05/23, 10:00:01.681, 2440877137389, QTAgent32.exe, IEDOM : Unable to get the document Window Handle
E, 5176, 59, 2013/05/23, 10:00:03.738, 2440906600363, QTAgent32.exe, IEDOM : Could not get valid window handle of Internet Explorer_server
W, 5176, 59, 2013/05/23, 10:00:03.738, 2440906601542, QTAgent32.exe, IEDOM : Unable to get the document Window Handle
E, 5176, 59, 2013/05/23, 10:00:05.740, 2440935258723, QTAgent32.exe, IEDOM : Could not get valid window handle of Internet Explorer_server
W, 5176, 59, 2013/05/23, 10:00:05.740, 2440935259977, QTAgent32.exe, IEDOM : Unable to get the document Window Handle
W, 5176, 59, 2013/05/23, 10:00:06.597, 2440947528930, QTAgent32.exe, Playback - [WARNING] Internal warning: Window Not Found: [VisibleOnly]ControlType='Window' &amp;&amp; Name='Connect to www.insur-econnect.com'
\0
E, 5176, 59, 2013/05/23, 10:00:06.597, 2440947530677, QTAgent32.exe, &lt;a class=failure&gt;Playback - {106} [FAILED] Function ElementFetcher::FindScreenElement failed to locate UI element (Searching: ;[VisibleOnly]ControlType='Window' &amp;&amp; Name='Connect to www.insur-econnect.com') (The object specified was not found.)
\0&lt;/a&gt;
E, 5176, 59, 2013/05/23, 10:00:06.635, 2440948076428, QTAgent32.exe, Playback - [IMAGE] C:\Users\testuser\AppData\Local\Temp\UITestLogs\LastRun\RPF4D54.png
\0
W, 5176, 59, 2013/05/23, 10:00:06.635, 2440948077969, QTAgent32.exe, Playback - [WARNING] Internal warning: Couldn't find descendants that match QueryId
\0
W, 5176, 59, 2013/05/23, 10:00:06.636, 2440948080476, QTAgent32.exe, PERF WARNING: FindTopLevelWindowHelper::FindAllDescendents: took 878 ms. Expected it to take maximum 500 ms.
W, 5176, 59, 2013/05/23, 10:00:24.837, 2441208684945, QTAgent32.exe, Playback - [WARNING] Internal warning: Window Not Found: [VisibleOnly]ControlType='Window' &amp;&amp; Name='Connect to www.insur-econnect.com'
\0
E, 5176, 59, 2013/05/23, 10:00:24.837, 2441208686922, QTAgent32.exe, &lt;a class=failure&gt;Playback - {107} [FAILED] Function ElementFetcher::FindScreenElement failed to locate UI element (Searching: ;[VisibleOnly]ControlType='Window' &amp;&amp; Name='Connect to www.insur-econnect.com') (The object specified was not found.)
\0&lt;/a&gt;
E, 5176, 59, 2013/05/23, 10:00:24.877, 2441209258806, QTAgent32.exe, Playback - [IMAGE] C:\Users\testuser\AppData\Local\Temp\UITestLogs\LastRun\RPF9492.png
\0
W, 5176, 59, 2013/05/23, 10:00:24.877, 2441209260312, QTAgent32.exe, Playback - [WARNING] Internal warning: Couldn't find descendants that match QueryId
\0
W, 5176, 59, 2013/05/23, 10:00:24.877, 2441209262904, QTAgent32.exe, PERF WARNING: FindTopLevelWindowHelper::FindAllDescendents: took 18241 ms. Expected it to take maximum 500 ms.
W, 5176, 59, 2013/05/23, 10:00:25.352, 2441216060037, QTAgent32.exe, Playback - [WARNING] Internal warning: Smart Match failed
\0
W, 5176, 59, 2013/05/23, 10:00:25.585, 2441219401336, QTAgent32.exe, Playback - [WARNING] Internal warning: Smart Match failed
\0
W, 5176, 59, 2013/05/23, 10:00:25.819, 2441222746367, QTAgent32.exe, Playback - [WARNING] Internal warning: Smart Match failed
\0
W, 5176, 59, 2013/05/23, 10:00:26.049, 2441226050216, QTAgent32.exe, Playback - [WARNING] Internal warning: Smart Match failed
\0
W, 5176, 59, 2013/05/23, 10:00:26.277, 2441229305605, QTAgent32.exe, Playback - [WARNING] Internal warning: Smart Match failed
\0
W, 5176, 59, 2013/05/23, 10:00:26.517, 2441232750517, QTAgent32.exe, Playback - [WARNING] Internal warning: Smart Match failed
\0
W, 5176, 59, 2013/05/23, 10:00:26.747, 2441236034271, QTAgent32.exe, Playback - [WARNING] Internal warning: Smart Match failed
\0
W, 5176, 59, 2013/05/23, 10:00:26.987, 2441239479498, QTAgent32.exe, Playback - [WARNING] Internal warning: Smart Match failed
\0
W, 5176, 59, 2013/05/23, 10:00:27.217, 2441242776674, QTAgent32.exe, Playback - [WARNING] Internal warning: Smart Match failed
\0
W, 5176, 59, 2013/05/23, 10:00:27.446, 2441246052590, QTAgent32.exe, Playback - [WARNING] Internal warning: Smart Match failed
\0
W, 5176, 59, 2013/05/23, 10:00:27.678, 2441249369586, QTAgent32.exe, Playback - [WARNING] Internal warning: Smart Match failed
\0
W, 5176, 59, 2013/05/23, 10:00:27.908, 2441252668877, QTAgent32.exe, Playback - [WARNING] Internal warning: Smart Match failed
\0
W, 5176, 59, 2013/05/23, 10:00:28.026, 2441254351425, QTAgent32.exe, Playback - [WARNING] Internal warning: Window Not Found: [VisibleOnly]ControlType='Window' &amp;&amp; Name='Connect to www.insur-econnect.com'
\0
E, 5176, 59, 2013/05/23, 10:00:28.026, 2441254353172, QTAgent32.exe, &lt;a class=failure&gt;Playback - {108} [FAILED] Function ElementFetcher::FindScreenElement failed to locate UI element (Searching: ;[VisibleOnly]ControlType='Window' &amp;&amp; Name='Connect to www.insur-econnect.com') (The object specified was not found.)
\0&lt;/a&gt;
E, 5176, 59, 2013/05/23, 10:00:28.064, 2441254898265, QTAgent32.exe, Playback - [IMAGE] C:\Users\testuser\AppData\Local\Temp\UITestLogs\LastRun\RPFA101.png
\0
W, 5176, 59, 2013/05/23, 10:00:28.064, 2441254899827, QTAgent32.exe, Playback - [WARNING] Internal warning: Couldn't find descendants that match QueryId
\0
W, 5176, 59, 2013/05/23, 10:00:28.064, 2441254902409, QTAgent32.exe, PERF WARNING: FindTopLevelWindowHelper::FindAllDescendents: took 3187 ms. Expected it to take maximum 500 ms.
E, 5176, 59, 2013/05/23, 10:00:28.064, 2441254904012, QTAgent32.exe, Exception: System.Runtime.InteropServices.COMException
	Message: Error HRESULT E_FAIL has been returned from a call to a COM component.
	Stack Trace:    at Microsoft.VisualStudio.TestTools.UITest.Playback.Engine.IRPFPlayback.FindAllScreenElements(IScreenElement pScreenElementStart, String bstrQueryId, Object&amp; pvarResKeys, Int32 cResKeys, Int32 nMaxDepth, Object[]&amp; foundDescendants)
   at Microsoft.VisualStudio.TestTools.UITest.Playback.ScreenElement.FindTopLevelWindowHelper(String queryId)
	BaseExceptionMessage: Error HRESULT E_FAIL has been returned from a call to a COM component.

W, 5176, 59, 2013/05/23, 10:00:28.425, 2441260071518, QTAgent32.exe, &lt;a class=success&gt;Playback - {109} [SUCCESS] TypeString "Bus Sys{Tab}Tottenham1"
\0&lt;/a&gt;
W, 5176, 59, 2013/05/23, 10:00:28.716, 2441264238390, QTAgent32.exe, &lt;a class=success&gt;Playback - {110} [SUCCESS] MouseButtonClick - "[MSAA, VisibleOnly]ControlType='Button' &amp;&amp; Name='OK'"
\0&lt;/a&gt;
E, 5176, 59, 2013/05/23, 10:00:28.819, 2441265711681, QTAgent32.exe, IEDOM : Could not get valid window handle of Internet Explorer_server
W, 5176, 59, 2013/05/23, 10:00:28.820, 2441265713067, QTAgent32.exe, IEDOM : Unable to get the document Window Handle
W, 5176, 59, 2013/05/23, 10:00:32.182, 2441313866115, QTAgent32.exe, &lt;a class=success&gt;Playback - {111} [SUCCESS] MouseButtonClick - "[Web]ControlType='Hyperlink' &amp;&amp; TagName='A' &amp;&amp; Id='' &amp;&amp; Name='' &amp;&amp; Target='' &amp;&amp; InnerText='Renewals Maintenance' &amp;&amp; FilterCondition(AbsolutePath='/sysmaint/content/leftbar.asp', Title='', Href='https://www.insur-econnect.com/sysmaint/content/leftbar.asp#', Class='', ControlDefinition='style="COLOR: white" href="#"', TagInstance='39')"
\0&lt;/a&gt;
W, 5176, 59, 2013/05/23, 10:00:32.581, 2441319577732, QTAgent32.exe, &lt;a class=success&gt;Playback - {112} [SUCCESS] MouseButtonClick - "[Web]ControlType='Hyperlink' &amp;&amp; TagName='A' &amp;&amp; Id='' &amp;&amp; Name='' &amp;&amp; Target='content' &amp;&amp; InnerText='Create a Motor Test Renewal Invitation' &amp;&amp; FilterCondition(AbsolutePath='/sysmaint/content/AddTestRenewalNotice.asp', Title='', Href='https://www.insur-econnect.com/sysmaint/content/AddTestRenewalNotice.asp', Class='itemlink', ControlDefinition='class=itemlink href="AddTestRenewalNotic', TagInstance='1')"
\0&lt;/a&gt;
E, 5176, 59, 2013/05/23, 10:00:34.157, 2441342134263, QTAgent32.exe, Exception: System.NotSupportedException
	Message: Internal Error: This method on IEWebControlElement should not get called.
	Stack Trace:    at Microsoft.VisualStudio.TestTools.UITest.Extension.IE.BrowserOptionElementNode.InvokeProgrammaticAction(ProgrammaticActionOption programmaticActionOption)
	BaseExceptionMessage: Internal Error: This method on IEWebControlElement should not get called.

W, 5176, 59, 2013/05/23, 10:00:34.349, 2441344886923, QTAgent32.exe, &lt;a class=success&gt;Playback - {113} [SUCCESS] SetValueAsComboBox "Highway Insurance" - "[Web]ControlType='ComboBox' &amp;&amp; TagName='SELECT' &amp;&amp; Id='InsurerID' &amp;&amp; Name='InsurerID' &amp;&amp; FilterCondition(Size='0', LabeledBy='', Title='', ItemCount='54', Class='', ControlDefinition='id=InsurerID onchange=selectInsurer() na', TagInstance='1')"  &lt; SetValueAsComboBox, set by clicking on the item in the list box &gt;
\0&lt;/a&gt;
W, 5176, 59, 2013/05/23, 10:00:35.030, 2441354636353, QTAgent32.exe, &lt;a class=success&gt;Playback - {114} [SUCCESS] SetValueAsEditBox "7071001642" - "[Web]ControlType='Edit' &amp;&amp; TagName='INPUT' &amp;&amp; Id='' &amp;&amp; Name='txtPolicyNumber' &amp;&amp; LabeledBy='' &amp;&amp; Type='SINGLELINE' &amp;&amp; FilterCondition(Title='', Class='', ControlDefinition='name=txtPolicyNumber align=left size=15', TagInstance='1')"  &lt; Set via SendKeys &gt;
\0&lt;/a&gt;
W, 5176, 59, 2013/05/23, 10:00:35.484, 2441361133690, QTAgent32.exe, &lt;a class=success&gt;Playback - {115} [SUCCESS] SetValueAsEditBox "30/5/2013" - "[Web]ControlType='Edit' &amp;&amp; TagName='INPUT' &amp;&amp; Id='' &amp;&amp; Name='txtAutoLapseDate' &amp;&amp; LabeledBy='' &amp;&amp; Type='SINGLELINE' &amp;&amp; FilterCondition(Title='', Class='', ControlDefinition='name=txtAutoLapseDate maxLength=10 value', TagInstance='8')"  &lt; Set via SendKeys &gt;
\0&lt;/a&gt;
W, 5176, 59, 2013/05/23, 10:00:35.736, 2441364753392, QTAgent32.exe, &lt;a class=success&gt;Playback - {116} [SUCCESS] MouseButtonClick - "[Web]ControlType='Button' &amp;&amp; TagName='INPUT' &amp;&amp; Id='buttonCreate' &amp;&amp; Name='buttonCreate' &amp;&amp; FilterCondition(DisplayText='  Create Record  ', Type='button', Title='Click to create the new record', Class='', ControlDefinition='id=buttonCreate title="Click to create t', TagInstance='10')"
\0&lt;/a&gt;
W, 5176, 59, 2013/05/23, 10:00:36.121, 2441370261415, QTAgent32.exe, &lt;a class=success&gt;Playback - {117} [SUCCESS] MouseButtonClick - "[MSAA, VisibleOnly]ControlType='Button' &amp;&amp; Name='OK'"
\0&lt;/a&gt;
W, 5176, 59, 2013/05/23, 10:00:42.290, 2441458589618, QTAgent32.exe, &lt;a class=success&gt;Playback - {118} [SUCCESS] TypeString "%({F4})"
\0&lt;/a&gt;
W, 5176, 59, 2013/05/23, 10:00:42.920, 2441467604409, QTAgent32.exe, &lt;a class=success&gt;Playback - {119} [SUCCESS] SendKeys "^{HOME}" - "[MSAA, VisibleOnly]ControlType='Edit'"
\0&lt;/a&gt;
E, 5176, 59, 2013/05/23, 10:00:42.920, 2441467606288, QTAgent32.exe, Msaa.GetFocusedElement: could not find accessible object of foreground window
W, 5176, 59, 2013/05/23, 10:00:42.973, 2441468370949, QTAgent32.exe, &lt;a class=success&gt;Playback - {120} [SUCCESS] SendKeys "^+{END}" - "[MSAA, VisibleOnly]ControlType='Edit'"
\0&lt;/a&gt;
E, 5176, 59, 2013/05/23, 10:00:42.973, 2441468372387, QTAgent32.exe, Msaa.GetFocusedElement: could not find accessible object of foreground window
W, 5176, 59, 2013/05/23, 10:00:42.987, 2441468572099, QTAgent32.exe, &lt;a class=success&gt;Playback - {121} [SUCCESS] SendKeys "{DELETE}" - "[MSAA, VisibleOnly]ControlType='Edit'"
\0&lt;/a&gt;
W, 5176, 59, 2013/05/23, 10:00:43.218, 2441471875100, QTAgent32.exe, &lt;a class=success&gt;Playback - {122} [SUCCESS] SetValueAsEditBox "30/05/2012" - "[MSAA, VisibleOnly]ControlType='Edit'"  &lt; Set via SendKeys &gt;
\0&lt;/a&gt;
W, 5176, 59, 2013/05/23, 10:00:43.572, 2441476941046, QTAgent32.exe, &lt;a class=success&gt;Playback - {123} [SUCCESS] MouseButtonClick - "[MSAA, VisibleOnly]ControlType='Button' &amp;&amp; Name='OK'"
\0&lt;/a&gt;
W, 5176, 59, 2013/05/23, 10:00:44.700, 2441493095670, QTAgent32.exe, &lt;a class=success&gt;Playback - {124} [SUCCESS] MouseButtonClick - "[MSAA, VisibleOnly]ControlType='Client'"
\0&lt;/a&gt;
W, 5176, 59, 2013/05/23, 10:00:44.938, 2441496495373, QTAgent32.exe, &lt;a class=success&gt;Playback - {125} [SUCCESS] MouseButtonClick - "[MSAA, VisibleOnly]ControlType='Client'"
\0&lt;/a&gt;
W, 5176, 59, 2013/05/23, 10:00:45.726, 2441507782690, QTAgent32.exe, &lt;a class=success&gt;Playback - {126} [SUCCESS] SetValueAsEditBox "AUTO135" - "[MSAA, VisibleOnly]ControlType='Edit'"  &lt; Set via SendKeys &gt;
\0&lt;/a&gt;
W, 5176, 59, 2013/05/23, 10:00:45.956, 2441511075809, QTAgent32.exe, &lt;a class=success&gt;Playback - {127} [SUCCESS] SetValueAsEditBox "-1001" - "[MSAA, VisibleOnly]ControlType='Edit'"  &lt; Set via SendKeys &gt;
\0&lt;/a&gt;
W, 5176, 59, 2013/05/23, 10:00:46.107, 2441513235378, QTAgent32.exe, &lt;a class=success&gt;Playback - {128} [SUCCESS] SendKeys "^{HOME}" - "[MSAA, VisibleOnly]ControlType='Edit'"
\0&lt;/a&gt;
E, 5176, 59, 2013/05/23, 10:00:46.107, 2441513237080, QTAgent32.exe, Msaa.GetFocusedElement: could not find accessible object of foreground window
W, 5176, 59, 2013/05/23, 10:00:46.159, 2441513980322, QTAgent32.exe, &lt;a class=success&gt;Playback - {129} [SUCCESS] SendKeys "^+{END}" - "[MSAA, VisibleOnly]ControlType='Edit'"
\0&lt;/a&gt;
E, 5176, 59, 2013/05/23, 10:00:46.159, 2441513981924, QTAgent32.exe, Msaa.GetFocusedElement: could not find accessible object of foreground window
W, 5176, 59, 2013/05/23, 10:00:46.171, 2441514152428, QTAgent32.exe, &lt;a class=success&gt;Playback - {130} [SUCCESS] SendKeys "{DELETE}" - "[MSAA, VisibleOnly]ControlType='Edit'"
\0&lt;/a&gt;
W, 5176, 59, 2013/05/23, 10:00:46.381, 2441517168698, QTAgent32.exe, &lt;a class=success&gt;Playback - {131} [SUCCESS] SetValueAsEditBox "30/05/2012" - "[MSAA, VisibleOnly]ControlType='Edit'"  &lt; Set via SendKeys &gt;
\0&lt;/a&gt;
W, 5176, 59, 2013/05/23, 10:00:46.776, 2441522821993, QTAgent32.exe, &lt;a class=success&gt;Playback - {132} [SUCCESS] MouseButtonClick - "[MSAA, VisibleOnly]ControlType='Button' &amp;&amp; Name='Regress'"
\0&lt;/a&gt;
W, 5176, 59, 2013/05/23, 10:00:46.998, 2441525995816, QTAgent32.exe, &lt;a class=success&gt;Playback - {133} [SUCCESS] MouseButtonClick - "[MSAA, VisibleOnly]ControlType='Button' &amp;&amp; Name='Exit'"
\0&lt;/a&gt;
W, 5176, 59, 2013/05/23, 10:00:47.264, 2441529805506, QTAgent32.exe, &lt;a class=success&gt;Playback - {134} [SUCCESS] MouseButtonClick - "[MSAA, VisibleOnly]ControlType='Button'"
\0&lt;/a&gt;
W, 5176, 59, 2013/05/23, 10:00:47.492, 2441533079982, QTAgent32.exe, &lt;a class=success&gt;Playback - {135} [SUCCESS] MouseButtonClick - "[MSAA, VisibleOnly]ControlType='Button' &amp;&amp; Name='Options'"
\0&lt;/a&gt;
W, 5176, 59, 2013/05/23, 10:00:47.593, 2441534518320, QTAgent32.exe, FindScreenElementInSinglePass : Attempting to find control in one pass of search. Failures can occur.
W, 5176, 59, 2013/05/23, 10:00:47.736, 2441536570101, QTAgent32.exe, &lt;a class=success&gt;Playback - {136} [SUCCESS] MouseButtonClick - "[MSAA]ControlType='MenuItem' &amp;&amp; Name='Links'"
\0&lt;/a&gt;
W, 5176, 59, 2013/05/23, 10:00:47.836, 2441538005284, QTAgent32.exe, FindScreenElementInSinglePass : Attempting to find control in one pass of search. Failures can occur.
W, 5176, 59, 2013/05/23, 10:00:47.978, 2441540035820, QTAgent32.exe, &lt;a class=success&gt;Playback - {137} [SUCCESS] MouseButtonClick - "[MSAA]ControlType='MenuItem' &amp;&amp; Name='3rd Party Integration'"
\0&lt;/a&gt;
W, 5176, 59, 2013/05/23, 10:00:48.078, 2441541471471, QTAgent32.exe, FindScreenElementInSinglePass : Attempting to find control in one pass of search. Failures can occur.
W, 5176, 59, 2013/05/23, 10:00:48.227, 2441543593579, QTAgent32.exe, &lt;a class=success&gt;Playback - {138} [SUCCESS] MouseButtonClick - "[MSAA]ControlType='MenuItem' &amp;&amp; Name='Renewals Loader'"
\0&lt;/a&gt;
W, 5176, 59, 2013/05/23, 10:00:48.454, 2441546840630, QTAgent32.exe, &lt;a class=success&gt;Playback - {139} [SUCCESS] MouseButtonClick - "[MSAA, VisibleOnly]ControlType='TitleBar'"
\0&lt;/a&gt;
W, 5176, 59, 2013/05/23, 10:00:48.614, 2441549136527, QTAgent32.exe, &lt;a class=success&gt;Playback - {140} [SUCCESS] SendKeys "^{HOME}" - "[MSAA, VisibleOnly]ControlType='Edit'"
\0&lt;/a&gt;
E, 5176, 59, 2013/05/23, 10:00:48.614, 2441549138447, QTAgent32.exe, Msaa.GetFocusedElement: could not find accessible object of foreground window
W, 5176, 59, 2013/05/23, 10:00:48.668, 2441549909870, QTAgent32.exe, &lt;a class=success&gt;Playback - {141} [SUCCESS] SendKeys "^+{END}" - "[MSAA, VisibleOnly]ControlType='Edit'"
\0&lt;/a&gt;
E, 5176, 59, 2013/05/23, 10:00:48.668, 2441549911890, QTAgent32.exe, Msaa.GetFocusedElement: could not find accessible object of foreground window
W, 5176, 59, 2013/05/23, 10:00:48.688, 2441550197125, QTAgent32.exe, &lt;a class=success&gt;Playback - {142} [SUCCESS] SendKeys "{DELETE}" - "[MSAA, VisibleOnly]ControlType='Edit'"
\0&lt;/a&gt;
W, 5176, 59, 2013/05/23, 10:00:48.933, 2441553696174, QTAgent32.exe, &lt;a class=success&gt;Playback - {143} [SUCCESS] SetValueAsEditBox "23/05/2013" - "[MSAA, VisibleOnly]ControlType='Edit'"  &lt; Set via SendKeys &gt;
\0&lt;/a&gt;
W, 5176, 59, 2013/05/23, 10:00:49.095, 2441556024908, QTAgent32.exe, &lt;a class=success&gt;Playback - {144} [SUCCESS] SendKeys "^{HOME}" - "[MSAA, VisibleOnly]ControlType='Edit'"
\0&lt;/a&gt;
E, 5176, 59, 2013/05/23, 10:00:49.095, 2441556026677, QTAgent32.exe, Msaa.GetFocusedElement: could not find accessible object of foreground window
W, 5176, 59, 2013/05/23, 10:00:49.149, 2441556791161, QTAgent32.exe, &lt;a class=success&gt;Playback - {145} [SUCCESS] SendKeys "^+{END}" - "[MSAA, VisibleOnly]ControlType='Edit'"
\0&lt;/a&gt;
E, 5176, 59, 2013/05/23, 10:00:49.149, 2441556792810, QTAgent32.exe, Msaa.GetFocusedElement: could not find accessible object of foreground window
W, 5176, 59, 2013/05/23, 10:00:49.162, 2441556985354, QTAgent32.exe, &lt;a class=success&gt;Playback - {146} [SUCCESS] SendKeys "{DELETE}" - "[MSAA, VisibleOnly]ControlType='Edit'"
\0&lt;/a&gt;
W, 5176, 59, 2013/05/23, 10:00:49.379, 2441560082112, QTAgent32.exe, &lt;a class=success&gt;Playback - {147} [SUCCESS] SetValueAsEditBox "06/06/2013" - "[MSAA, VisibleOnly]ControlType='Edit'"  &lt; Set via SendKeys &gt;
\0&lt;/a&gt;
W, 5176, 59, 2013/05/23, 10:00:49.716, 2441564912810, QTAgent32.exe, &lt;a class=success&gt;Playback - {148} [SUCCESS] MouseButtonClick - "[MSAA, VisibleOnly]ControlType='Button' &amp;&amp; Name='Run'"
\0&lt;/a&gt;
W, 5176, 59, 2013/05/23, 10:00:55.072, 2441641602062, QTAgent32.exe, Playback - [WARNING] Internal warning: Window Not Found: [VisibleOnly]Name='insurE-com System Maintenance' &amp;&amp; ClassName='IEFrame' &amp;&amp; ControlType='Window'
\0
E, 5176, 59, 2013/05/23, 10:00:55.072, 2441641604279, QTAgent32.exe, &lt;a class=failure&gt;Playback - {149} [FAILED] Function ElementFetcher::FindScreenElement failed to locate UI element (Searching: ;[VisibleOnly]Name='insurE-com System Maintenance' &amp;&amp; ClassName='IEFrame' &amp;&amp; ControlType='Window') (The object specified was not found.)
\0&lt;/a&gt;
E, 5176, 59, 2013/05/23, 10:00:55.115, 2441642224807, QTAgent32.exe, Playback - [IMAGE] C:\Users\testuser\AppData\Local\Temp\UITestLogs\LastRun\RPFAAD.png
\0
W, 5176, 59, 2013/05/23, 10:00:55.115, 2441642226466, QTAgent32.exe, Playback - [WARNING] Internal warning: Couldn't find descendants that match QueryId
\0
W, 5176, 59, 2013/05/23, 10:01:13.201, 2441901181263, QTAgent32.exe, Playback - [WARNING] Internal warning: Window Not Found: [VisibleOnly]Name='insurE-com System Maintenance' &amp;&amp; ClassName='IEFrame' &amp;&amp; ControlType='Window'
\0
E, 5176, 59, 2013/05/23, 10:01:13.202, 2441901183564, QTAgent32.exe, &lt;a class=failure&gt;Playback - {150} [FAILED] Function ElementFetcher::FindScreenElement failed to locate UI element (Searching: ;[VisibleOnly]Name='insurE-com System Maintenance' &amp;&amp; ClassName='IEFrame' &amp;&amp; ControlType='Window') (The object specified was not found.)
\0&lt;/a&gt;
E, 5176, 59, 2013/05/23, 10:01:13.239, 2441901719655, QTAgent32.exe, Playback - [IMAGE] C:\Users\testuser\AppData\Local\Temp\UITestLogs\LastRun\RPF517D.png
\0
W, 5176, 59, 2013/05/23, 10:01:13.239, 2441901722205, QTAgent32.exe, Playback - [WARNING] Internal warning: Couldn't find descendants that match QueryId
\0
W, 5176, 59, 2013/05/23, 10:01:13.239, 2441901724607, QTAgent32.exe, PERF WARNING: FindTopLevelWindowHelper::FindAllDescendents: took 18123 ms. Expected it to take maximum 500 ms.
W, 5176, 59, 2013/05/23, 10:01:13.691, 2441908196349, QTAgent32.exe, Playback - [WARNING] Internal warning: Smart Match failed
\0
W, 5176, 59, 2013/05/23, 10:01:13.910, 2441911322719, QTAgent32.exe, Playback - [WARNING] Internal warning: Smart Match failed
\0
W, 5176, 59, 2013/05/23, 10:01:14.105, 2441914124481, QTAgent32.exe, Playback - [WARNING] Internal warning: Smart Match failed
\0
W, 5176, 59, 2013/05/23, 10:01:14.299, 2441916895498, QTAgent32.exe, Playback - [WARNING] Internal warning: Smart Match failed
\0
W, 5176, 59, 2013/05/23, 10:01:14.498, 2441919751437, QTAgent32.exe, Playback - [WARNING] Internal warning: Smart Match failed
\0
W, 5176, 59, 2013/05/23, 10:01:14.693, 2441922538348, QTAgent32.exe, Playback - [WARNING] Internal warning: Smart Match failed
\0
W, 5176, 59, 2013/05/23, 10:01:14.905, 2441925576744, QTAgent32.exe, Playback - [WARNING] Internal warning: Smart Match failed
\0
W, 5176, 59, 2013/05/23, 10:01:15.100, 2441928377010, QTAgent32.exe, Playback - [WARNING] Internal warning: Smart Match failed
\0
W, 5176, 59, 2013/05/23, 10:01:15.296, 2441931177081, QTAgent32.exe, Playback - [WARNING] Internal warning: Smart Match failed
\0
W, 5176, 59, 2013/05/23, 10:01:15.491, 2441933962425, QTAgent32.exe, Playback - [WARNING] Internal warning: Smart Match failed
\0
W, 5176, 59, 2013/05/23, 10:01:15.684, 2441936736506, QTAgent32.exe, Playback - [WARNING] Internal warning: Smart Match failed
\0
W, 5176, 59, 2013/05/23, 10:01:15.878, 2441939508891, QTAgent32.exe, Playback - [WARNING] Internal warning: Smart Match failed
\0
W, 5176, 59, 2013/05/23, 10:01:16.073, 2441942289609, QTAgent32.exe, Playback - [WARNING] Internal warning: Smart Match failed
\0
W, 5176, 59, 2013/05/23, 10:01:16.265, 2441945045717, QTAgent32.exe, Playback - [WARNING] Internal warning: Smart Match failed
\0
W, 5176, 59, 2013/05/23, 10:01:16.352, 2441946285636, QTAgent32.exe, Playback - [WARNING] Internal warning: Window Not Found: [VisibleOnly]Name='insurE-com System Maintenance' &amp;&amp; ClassName='IEFrame' &amp;&amp; ControlType='Window'
\0
E, 5176, 59, 2013/05/23, 10:01:16.352, 2441946287484, QTAgent32.exe, &lt;a class=failure&gt;Playback - {151} [FAILED] Function ElementFetcher::FindScreenElement failed to locate UI element (Searching: ;[VisibleOnly]Name='insurE-com System Maintenance' &amp;&amp; ClassName='IEFrame' &amp;&amp; ControlType='Window') (The object specified was not found.)
\0&lt;/a&gt;
E, 5176, 59, 2013/05/23, 10:01:16.387, 2441946798719, QTAgent32.exe, Playback - [IMAGE] C:\Users\testuser\AppData\Local\Temp\UITestLogs\LastRun\RPF5DCD.png
\0
W, 5176, 59, 2013/05/23, 10:01:16.388, 2441946800840, QTAgent32.exe, Playback - [WARNING] Internal warning: Couldn't find descendants that match QueryId
\0
W, 5176, 59, 2013/05/23, 10:01:16.388, 2441946803218, QTAgent32.exe, PERF WARNING: FindTopLevelWindowHelper::FindAllDescendents: took 3148 ms. Expected it to take maximum 500 ms.
E, 5176, 59, 2013/05/23, 10:01:16.388, 2441946804823, QTAgent32.exe, Exception: System.Runtime.InteropServices.COMException
	Message: Error HRESULT E_FAIL has been returned from a call to a COM component.
	Stack Trace:    at Microsoft.VisualStudio.TestTools.UITest.Playback.Engine.IRPFPlayback.FindAllScreenElements(IScreenElement pScreenElementStart, String bstrQueryId, Object&amp; pvarResKeys, Int32 cResKeys, Int32 nMaxDepth, Object[]&amp; foundDescendants)
   at Microsoft.VisualStudio.TestTools.UITest.Playback.ScreenElement.FindTopLevelWindowHelper(String queryId)
	BaseExceptionMessage: Error HRESULT E_FAIL has been returned from a call to a COM component.

E, 5176, 59, 2013/05/23, 10:01:16.388, 2441946807455, QTAgent32.exe, Window 2098342 not responding. Last Win32 error 0
E, 5176, 59, 2013/05/23, 10:01:16.388, 2441946808313, QTAgent32.exe, GetClassName for handle 2098342 failed
E, 5176, 59, 2013/05/23, 10:01:16.389, 2441946818182, QTAgent32.exe, Window 2098342 not responding. Last Win32 error 1400
E, 5176, 59, 2013/05/23, 10:01:16.389, 2441946819032, QTAgent32.exe, GetClassName for handle 2098342 failed
E, 5176, 59, 2013/05/23, 10:01:16.489, 2441948253401, QTAgent32.exe, AL: Playback Error: Microsoft.VisualStudio.TestTools.UITest.Extension.UITestControlNotAvailableException: The control is not available or not valid. Additional Details: 
TechnologyName:  'MSAA'
Name:  'insurE-com System Maintenance'
ClassName:  'IEFrame'
ControlType:  'Window'
 ---&gt; System.Runtime.InteropServices.COMException: Error HRESULT E_FAIL has been returned from a call to a COM component.
   at Microsoft.VisualStudio.TestTools.UITest.Playback.Engine.IRPFPlayback.FindAllScreenElements(IScreenElement pScreenElementStart, String bstrQueryId, Object&amp; pvarResKeys, Int32 cResKeys, Int32 nMaxDepth, Object[]&amp; foundDescendants)
   at Microsoft.VisualStudio.TestTools.UITest.Playback.ScreenElement.FindTopLevelWindowHelper(String queryId)
   at Microsoft.VisualStudio.TestTools.UITest.Playback.ScreenElement.FindFromPartialQueryId(String queryId)
   at Microsoft.VisualStudio.TestTools.UITesting.UITestControl.EnsureValid(Boolean waitForReady, Boolean refetch)
   --- End of inner exception stack trace ---
   at Microsoft.VisualStudio.TestTools.UITesting.UITestControl.EnsureValid(Boolean waitForReady, Boolean refetch)
   at Microsoft.VisualStudio.TestTools.UITesting.UITestControl.SendKeys(String text, ModifierKeys modifierKeys, Boolean isEncoded, Boolean isUnicode)
   at Microsoft.VisualStudio.TestTools.UITesting.Keyboard.SendKeysImplementation(UITestControl control, String text, ModifierKeys modifierKeys, Boolean isEncoded, Boolean isUnicode)
   at Microsoft.VisualStudio.TestTools.UITesting.Keyboard.SendKeysImplementationWrapper(UITestControl control, String text, ModifierKeys modifierKeys, Boolean isEncoded, Boolean isUnicode)
W, 5176, 59, 2013/05/23, 10:01:16.489, 2441948254647, QTAgent32.exe, PlaybackErrorHandler: Ignoring exception as ContinueOnError is set.
W, 5176, 59, 2013/05/23, 10:01:17.187, 2441958253253, QTAgent32.exe, &lt;a class=success&gt;Playback - {152} [SUCCESS] MouseButtonClick - "[MSAA, VisibleOnly]ControlType='TitleBar'"
\0&lt;/a&gt;
W, 5176, 59, 2013/05/23, 10:01:17.426, 2441961665409, QTAgent32.exe, &lt;a class=success&gt;Playback - {153} [SUCCESS] MouseButtonClick - "[MSAA, VisibleOnly]ControlType='Button' &amp;&amp; Name='Close'"
\0&lt;/a&gt;
W, 5176, 59, 2013/05/23, 10:01:18.233, 2441973226268, QTAgent32.exe, &lt;a class=success&gt;Playback - {154} [SUCCESS] MouseButtonClick - "[MSAA, VisibleOnly]ControlType='Button' &amp;&amp; Name='Options'"
\0&lt;/a&gt;
W, 5176, 59, 2013/05/23, 10:01:18.333, 2441974664692, QTAgent32.exe, FindScreenElementInSinglePass : Attempting to find control in one pass of search. Failures can occur.
W, 5176, 59, 2013/05/23, 10:01:18.476, 2441976709826, QTAgent32.exe, &lt;a class=success&gt;Playback - {155} [SUCCESS] MouseButtonClick - "[MSAA]ControlType='MenuItem' &amp;&amp; Name='Links'"
\0&lt;/a&gt;
W, 5176, 59, 2013/05/23, 10:01:18.576, 2441978145353, QTAgent32.exe, FindScreenElementInSinglePass : Attempting to find control in one pass of search. Failures can occur.
W, 5176, 59, 2013/05/23, 10:01:18.728, 2441980311199, QTAgent32.exe, &lt;a class=success&gt;Playback - {156} [SUCCESS] MouseButtonClick - "[MSAA]ControlType='MenuItem' &amp;&amp; Name='3rd Party Integration'"
\0&lt;/a&gt;
W, 5176, 59, 2013/05/23, 10:01:18.828, 2441981746653, QTAgent32.exe, FindScreenElementInSinglePass : Attempting to find control in one pass of search. Failures can occur.
W, 5176, 59, 2013/05/23, 10:01:18.978, 2441983896789, QTAgent32.exe, &lt;a class=success&gt;Playback - {157} [SUCCESS] MouseButtonClick - "[MSAA]ControlType='MenuItem' &amp;&amp; Name='Renewals Module'"
\0&lt;/a&gt;
W, 5176, 59, 2013/05/23, 10:01:19.443, 2441990552153, QTAgent32.exe, &lt;a class=success&gt;Playback - {158} [SUCCESS] SetValueAsEditBox "1" - "[MSAA, VisibleOnly]ControlType='Edit'"  &lt; Set via SendKeys &gt;
\0&lt;/a&gt;
W, 5176, 59, 2013/05/23, 10:01:19.718, 2441994495211, QTAgent32.exe, &lt;a class=success&gt;Playback - {159} [SUCCESS] MouseButtonClick - "[MSAA, VisibleOnly]ControlType='Button' &amp;&amp; Name='Ok'"
\0&lt;/a&gt;
W, 5176, 59, 2013/05/23, 10:01:20.235, 2442001882602, QTAgent32.exe, &lt;a class=success&gt;Playback - {160} [SUCCESS] MouseButtonClick - "[MSAA, VisibleOnly]ControlType='Button' &amp;&amp; Name='OK'"
\0&lt;/a&gt;
W, 5176, 59, 2013/05/23, 10:01:20.571, 2442006694238, QTAgent32.exe, Playback - [WARNING] Internal warning: Window Not Found: [VisibleOnly]ControlType='Window' &amp;&amp; Name='Personal Lines' &amp;&amp; ClassName='#32770'
\0
E, 5176, 59, 2013/05/23, 10:01:20.571, 2442006696462, QTAgent32.exe, &lt;a class=failure&gt;Playback - {161} [FAILED] Function ElementFetcher::FindScreenElement failed to locate UI element (Searching: ;[VisibleOnly]ControlType='Window' &amp;&amp; Name='Personal Lines' &amp;&amp; ClassName='#32770') (The object specified was not found.)
\0&lt;/a&gt;
E, 5176, 59, 2013/05/23, 10:01:20.616, 2442007343798, QTAgent32.exe, Playback - [IMAGE] C:\Users\testuser\AppData\Local\Temp\UITestLogs\LastRun\RPF6E42.png
\0
W, 5176, 59, 2013/05/23, 10:01:20.616, 2442007345684, QTAgent32.exe, Playback - [WARNING] Internal warning: Couldn't find descendants that match QueryId
\0
W, 5176, 59, 2013/05/23, 10:01:38.705, 2442266355727, QTAgent32.exe, Playback - [WARNING] Internal warning: Window Not Found: [VisibleOnly]ControlType='Window' &amp;&amp; Name='Personal Lines' &amp;&amp; ClassName='#32770'
\0
E, 5176, 59, 2013/05/23, 10:01:38.706, 2442266358182, QTAgent32.exe, &lt;a class=failure&gt;Playback - {162} [FAILED] Function ElementFetcher::FindScreenElement failed to locate UI element (Searching: ;[VisibleOnly]ControlType='Window' &amp;&amp; Name='Personal Lines' &amp;&amp; ClassName='#32770') (The object specified was not found.)
\0&lt;/a&gt;
E, 5176, 59, 2013/05/23, 10:01:38.749, 2442266985155, QTAgent32.exe, Playback - [IMAGE] C:\Users\testuser\AppData\Local\Temp\UITestLogs\LastRun\RPFB522.png
\0
W, 5176, 59, 2013/05/23, 10:01:38.749, 2442266986663, QTAgent32.exe, Playback - [WARNING] Internal warning: Couldn't find descendants that match QueryId
\0
W, 5176, 59, 2013/05/23, 10:01:38.750, 2442266989205, QTAgent32.exe, PERF WARNING: FindTopLevelWindowHelper::FindAllDescendents: took 18133 ms. Expected it to take maximum 500 ms.
W, 5176, 59, 2013/05/23, 10:01:39.197, 2442273400864, QTAgent32.exe, Playback - [WARNING] Internal warning: Smart Match failed
\0
W, 5176, 59, 2013/05/23, 10:01:39.395, 2442276224542, QTAgent32.exe, Playback - [WARNING] Internal warning: Smart Match failed
\0
W, 5176, 59, 2013/05/23, 10:01:39.587, 2442278981487, QTAgent32.exe, Playback - [WARNING] Internal warning: Smart Match failed
\0
W, 5176, 59, 2013/05/23, 10:01:39.782, 2442281764683, QTAgent32.exe, Playback - [WARNING] Internal warning: Smart Match failed
\0
W, 5176, 59, 2013/05/23, 10:01:39.975, 2442284530641, QTAgent32.exe, Playback - [WARNING] Internal warning: Smart Match failed
\0
W, 5176, 59, 2013/05/23, 10:01:40.172, 2442287348570, QTAgent32.exe, Playback - [WARNING] Internal warning: Smart Match failed
\0
W, 5176, 59, 2013/05/23, 10:01:40.365, 2442290108522, QTAgent32.exe, Playback - [WARNING] Internal warning: Smart Match failed
\0
W, 5176, 59, 2013/05/23, 10:01:40.557, 2442292859080, QTAgent32.exe, Playback - [WARNING] Internal warning: Smart Match failed
\0
W, 5176, 59, 2013/05/23, 10:01:40.751, 2442295635408, QTAgent32.exe, Playback - [WARNING] Internal warning: Smart Match failed
\0
W, 5176, 59, 2013/05/23, 10:01:40.946, 2442298437390, QTAgent32.exe, Playback - [WARNING] Internal warning: Smart Match failed
\0
W, 5176, 59, 2013/05/23, 10:01:41.142, 2442301241019, QTAgent32.exe, Playback - [WARNING] Internal warning: Smart Match failed
\0
W, 5176, 59, 2013/05/23, 10:01:41.339, 2442304058481, QTAgent32.exe, Playback - [WARNING] Internal warning: Smart Match failed
\0
W, 5176, 59, 2013/05/23, 10:01:41.531, 2442306817482, QTAgent32.exe, Playback - [WARNING] Internal warning: Smart Match failed
\0
W, 5176, 59, 2013/05/23, 10:01:41.725, 2442309589047, QTAgent32.exe, Playback - [WARNING] Internal warning: Smart Match failed
\0
W, 5176, 59, 2013/05/23, 10:01:41.809, 2442310797847, QTAgent32.exe, Playback - [WARNING] Internal warning: Window Not Found: [VisibleOnly]ControlType='Window' &amp;&amp; Name='Personal Lines' &amp;&amp; ClassName='#32770'
\0
E, 5176, 59, 2013/05/23, 10:01:41.809, 2442310799594, QTAgent32.exe, &lt;a class=failure&gt;Playback - {163} [FAILED] Function ElementFetcher::FindScreenElement failed to locate UI element (Searching: ;[VisibleOnly]ControlType='Window' &amp;&amp; Name='Personal Lines' &amp;&amp; ClassName='#32770') (The object specified was not found.)
\0&lt;/a&gt;
E, 5176, 59, 2013/05/23, 10:01:41.852, 2442311401688, QTAgent32.exe, Playback - [IMAGE] C:\Users\testuser\AppData\Local\Temp\UITestLogs\LastRun\RPFC144.png
\0
W, 5176, 59, 2013/05/23, 10:01:41.852, 2442311403226, QTAgent32.exe, Playback - [WARNING] Internal warning: Couldn't find descendants that match QueryId
\0
W, 5176, 59, 2013/05/23, 10:01:41.852, 2442311405477, QTAgent32.exe, PERF WARNING: FindTopLevelWindowHelper::FindAllDescendents: took 3101 ms. Expected it to take maximum 500 ms.
E, 5176, 59, 2013/05/23, 10:01:41.852, 2442311407039, QTAgent32.exe, Exception: System.Runtime.InteropServices.COMException
	Message: Error HRESULT E_FAIL has been returned from a call to a COM component.
	Stack Trace:    at Microsoft.VisualStudio.TestTools.UITest.Playback.Engine.IRPFPlayback.FindAllScreenElements(IScreenElement pScreenElementStart, String bstrQueryId, Object&amp; pvarResKeys, Int32 cResKeys, Int32 nMaxDepth, Object[]&amp; foundDescendants)
   at Microsoft.VisualStudio.TestTools.UITest.Playback.ScreenElement.FindTopLevelWindowHelper(String queryId)
	BaseExceptionMessage: Error HRESULT E_FAIL has been returned from a call to a COM component.

E, 5176, 59, 2013/05/23, 10:01:41.852, 2442311409643, QTAgent32.exe, Window 2295156 not responding. Last Win32 error 0
E, 5176, 59, 2013/05/23, 10:01:41.852, 2442311410569, QTAgent32.exe, GetClassName for handle 2295156 failed
E, 5176, 59, 2013/05/23, 10:01:41.952, 2442312846300, QTAgent32.exe, AL: Playback Error: Microsoft.VisualStudio.TestTools.UITest.Extension.UITestControlNotAvailableException: The control is not available or not valid. Additional Details: 
TechnologyName:  'MSAA'
Name:  'Personal Lines'
ClassName:  '#32770'
ControlType:  'Window'
 ---&gt; System.Runtime.InteropServices.COMException: Error HRESULT E_FAIL has been returned from a call to a COM component.
   at Microsoft.VisualStudio.TestTools.UITest.Playback.Engine.IRPFPlayback.FindAllScreenElements(IScreenElement pScreenElementStart, String bstrQueryId, Object&amp; pvarResKeys, Int32 cResKeys, Int32 nMaxDepth, Object[]&amp; foundDescendants)
   at Microsoft.VisualStudio.TestTools.UITest.Playback.ScreenElement.FindTopLevelWindowHelper(String queryId)
   at Microsoft.VisualStudio.TestTools.UITest.Playback.ScreenElement.FindFromPartialQueryId(String queryId)
   at Microsoft.VisualStudio.TestTools.UITesting.UITestControl.EnsureValid(Boolean waitForReady, Boolean refetch)
   --- End of inner exception stack trace ---
   at Microsoft.VisualStudio.TestTools.UITesting.UITestControl.EnsureValid(Boolean waitForReady, Boolean refetch)
   at Microsoft.VisualStudio.TestTools.UITesting.UITestControl.FindFirstDescendant(String queryId, Int32 maxDepth, Int32&amp; timeLeft)
   at Microsoft.VisualStudio.TestTools.UITesting.SearchHelper.GetElement(Boolean useCache, ISearchArgument searchArg)
   at Microsoft.VisualStudio.TestTools.UITesting.SearchHelper.Search(ISearchArgument searchArg)
   at Microsoft.VisualStudio.TestTools.UITesting.UITestControl.FindInternal()
   at Microsoft.VisualStudio.TestTools.UITesting.UITestControl.FindControlIfNecessary()
   at Microsoft.VisualStudio.TestTools.UITesting.UITestControl.Click(MouseButtons button, ModifierKeys modifierKeys, Point relativeCoordinates)
   at Microsoft.VisualStudio.TestTools.UITesting.Mouse.ClickImplementation(UITestControl control, MouseButtons button, ModifierKeys modifierKeys, Point relativeCoordinate)
   at Microsoft.VisualStudio.TestTools.UITesting.Mouse.ClickImplementationWrapper(UITestControl control, MouseButtons button, ModifierKeys modifierKeys, Point relativeCoordinate)
W, 5176, 59, 2013/05/23, 10:01:41.953, 2442312847829, QTAgent32.exe, PlaybackErrorHandler: Ignoring exception as ContinueOnError is set.
W, 5176, 59, 2013/05/23, 10:01:42.193, 2442316296393, QTAgent32.exe, Playback - [WARNING] Internal warning: Window Not Found: [VisibleOnly]ControlType='Window' &amp;&amp; Name='Policies Auto-Renewed &amp; Auto-Lapsed' &amp;&amp; ClassName='ThunderRT6FormDC'
\0
E, 5176, 59, 2013/05/23, 10:01:42.193, 2442316298629, QTAgent32.exe, &lt;a class=failure&gt;Playback - {164} [FAILED] Function ElementFetcher::FindScreenElement failed to locate UI element (Searching: ;[VisibleOnly]ControlType='Window' &amp;&amp; Name='Policies Auto-Renewed &amp; Auto-Lapsed' &amp;&amp; ClassName='ThunderRT6FormDC') (The object specified was not found.)
\0&lt;/a&gt;
E, 5176, 59, 2013/05/23, 10:01:42.240, 2442316957854, QTAgent32.exe, Playback - [IMAGE] C:\Users\testuser\AppData\Local\Temp\UITestLogs\LastRun\RPFC2CB.png
\0
W, 5176, 59, 2013/05/23, 10:01:42.240, 2442316959464, QTAgent32.exe, Playback - [WARNING] Internal warning: Couldn't find descendants that match QueryId
\0
W, 5176, 59, 2013/05/23, 10:02:00.315, 2442575769715, QTAgent32.exe, Playback - [WARNING] Internal warning: Window Not Found: [VisibleOnly]ControlType='Window' &amp;&amp; Name='Policies Auto-Renewed &amp; Auto-Lapsed' &amp;&amp; ClassName='ThunderRT6FormDC'
\0
E, 5176, 59, 2013/05/23, 10:02:00.316, 2442575772160, QTAgent32.exe, &lt;a class=failure&gt;Playback - {165} [FAILED] Function ElementFetcher::FindScreenElement failed to locate UI element (Searching: ;[VisibleOnly]ControlType='Window' &amp;&amp; Name='Policies Auto-Renewed &amp; Auto-Lapsed' &amp;&amp; ClassName='ThunderRT6FormDC') (The object specified was not found.)
\0&lt;/a&gt;
E, 5176, 59, 2013/05/23, 10:02:00.359, 2442576392454, QTAgent32.exe, Playback - [IMAGE] C:\Users\testuser\AppData\Local\Temp\UITestLogs\LastRun\RPF98B.png
\0
W, 5176, 59, 2013/05/23, 10:02:00.359, 2442576394283, QTAgent32.exe, Playback - [WARNING] Internal warning: Couldn't find descendants that match QueryId
\0
W, 5176, 59, 2013/05/23, 10:02:00.359, 2442576396738, QTAgent32.exe, PERF WARNING: FindTopLevelWindowHelper::FindAllDescendents: took 18119 ms. Expected it to take maximum 500 ms.
W, 5176, 59, 2013/05/23, 10:02:00.815, 2442582919902, QTAgent32.exe, Playback - [WARNING] Internal warning: Smart Match failed
\0
W, 5176, 59, 2013/05/23, 10:02:01.013, 2442585762229, QTAgent32.exe, Playback - [WARNING] Internal warning: Smart Match failed
\0
W, 5176, 59, 2013/05/23, 10:02:01.211, 2442588588370, QTAgent32.exe, Playback - [WARNING] Internal warning: Smart Match failed
\0
W, 5176, 59, 2013/05/23, 10:02:01.408, 2442591407894, QTAgent32.exe, Playback - [WARNING] Internal warning: Smart Match failed
\0
W, 5176, 59, 2013/05/23, 10:02:01.605, 2442594231021, QTAgent32.exe, Playback - [WARNING] Internal warning: Smart Match failed
\0
W, 5176, 59, 2013/05/23, 10:02:01.798, 2442597005353, QTAgent32.exe, Playback - [WARNING] Internal warning: Smart Match failed
\0
W, 5176, 59, 2013/05/23, 10:02:01.996, 2442599841106, QTAgent32.exe, Playback - [WARNING] Internal warning: Smart Match failed
\0
W, 5176, 59, 2013/05/23, 10:02:02.193, 2442602658404, QTAgent32.exe, Playback - [WARNING] Internal warning: Smart Match failed
\0
W, 5176, 59, 2013/05/23, 10:02:02.387, 2442605439230, QTAgent32.exe, Playback - [WARNING] Internal warning: Smart Match failed
\0
W, 5176, 59, 2013/05/23, 10:02:02.581, 2442608212232, QTAgent32.exe, Playback - [WARNING] Internal warning: Smart Match failed
\0
W, 5176, 59, 2013/05/23, 10:02:02.779, 2442611040461, QTAgent32.exe, Playback - [WARNING] Internal warning: Smart Match failed
\0
W, 5176, 59, 2013/05/23, 10:02:02.972, 2442613809002, QTAgent32.exe, Playback - [WARNING] Internal warning: Smart Match failed
\0
W, 5176, 59, 2013/05/23, 10:02:03.166, 2442616585598, QTAgent32.exe, Playback - [WARNING] Internal warning: Smart Match failed
\0
W, 5176, 59, 2013/05/23, 10:02:03.360, 2442619356509, QTAgent32.exe, Playback - [WARNING] Internal warning: Smart Match failed
\0
W, 5176, 59, 2013/05/23, 10:02:03.447, 2442620602074, QTAgent32.exe, Playback - [WARNING] Internal warning: Window Not Found: [VisibleOnly]ControlType='Window' &amp;&amp; Name='Policies Auto-Renewed &amp; Auto-Lapsed' &amp;&amp; ClassName='ThunderRT6FormDC'
\0
E, 5176, 59, 2013/05/23, 10:02:03.447, 2442620603824, QTAgent32.exe, &lt;a class=failure&gt;Playback - {166} [FAILED] Function ElementFetcher::FindScreenElement failed to locate UI element (Searching: ;[VisibleOnly]ControlType='Window' &amp;&amp; Name='Policies Auto-Renewed &amp; Auto-Lapsed' &amp;&amp; ClassName='ThunderRT6FormDC') (The object specified was not found.)
\0&lt;/a&gt;
E, 5176, 59, 2013/05/23, 10:02:03.489, 2442621206092, QTAgent32.exe, Playback - [IMAGE] C:\Users\testuser\AppData\Local\Temp\UITestLogs\LastRun\RPF15CC.png
\0
W, 5176, 59, 2013/05/23, 10:02:03.489, 2442621207996, QTAgent32.exe, Playback - [WARNING] Internal warning: Couldn't find descendants that match QueryId
\0
W, 5176, 59, 2013/05/23, 10:02:03.489, 2442621210399, QTAgent32.exe, PERF WARNING: FindTopLevelWindowHelper::FindAllDescendents: took 3129 ms. Expected it to take maximum 500 ms.
E, 5176, 59, 2013/05/23, 10:02:03.489, 2442621212001, QTAgent32.exe, Exception: System.Runtime.InteropServices.COMException
	Message: Error HRESULT E_FAIL has been returned from a call to a COM component.
	Stack Trace:    at Microsoft.VisualStudio.TestTools.UITest.Playback.Engine.IRPFPlayback.FindAllScreenElements(IScreenElement pScreenElementStart, String bstrQueryId, Object&amp; pvarResKeys, Int32 cResKeys, Int32 nMaxDepth, Object[]&amp; foundDescendants)
   at Microsoft.VisualStudio.TestTools.UITest.Playback.ScreenElement.FindTopLevelWindowHelper(String queryId)
	BaseExceptionMessage: Error HRESULT E_FAIL has been returned from a call to a COM component.

E, 5176, 59, 2013/05/23, 10:02:03.590, 2442622651314, QTAgent32.exe, AL: Playback Error: Microsoft.VisualStudio.TestTools.UITest.Extension.UITestControlNotFoundException: The playback failed to find the control with the given search properties. Additional Details: 
TechnologyName:  'MSAA'
ControlType:  'Window'
Name:  'Policies Auto-Renewed &amp; Auto-Lapsed'
ClassName:  'ThunderRT6FormDC'
 ---&gt; System.Runtime.InteropServices.COMException: Error HRESULT E_FAIL has been returned from a call to a COM component.
   at Microsoft.VisualStudio.TestTools.UITest.Playback.Engine.IRPFPlayback.FindAllScreenElements(IScreenElement pScreenElementStart, String bstrQueryId, Object&amp; pvarResKeys, Int32 cResKeys, Int32 nMaxDepth, Object[]&amp; foundDescendants)
   at Microsoft.VisualStudio.TestTools.UITest.Playback.ScreenElement.FindTopLevelWindowHelper(String queryId)
   at Microsoft.VisualStudio.TestTools.UITest.Playback.ScreenElement.FindFromPartialQueryId(String queryId)
   at Microsoft.VisualStudio.TestTools.UITesting.UITestControl..ctor(String queryId)
   --- End of inner exception stack trace ---
   at Microsoft.VisualStudio.TestTools.UITesting.Playback.MapControlNotFoundException(COMException ex, IPlaybackContext context)
   at Microsoft.VisualStudio.TestTools.UITesting.Playback.MapAndThrowComException(COMException innerException, IPlaybackContext context)
   at Microsoft.VisualStudio.TestTools.UITesting.Playback.MapAndThrowException(SystemException exception, IPlaybackContext context)
   at Microsoft.VisualStudio.TestTools.UITesting.Playback.MapAndThrowException(SystemException exception, String queryId)
   at Microsoft.VisualStudio.TestTools.UITesting.UITestControl..ctor(String queryId)
   at Microsoft.VisualStudio.TestTools.UITesting.SearchHelper.SearchTopLevelWindow(ISearchArgument topLevelSearchArg, String topLevelElementQueryId)
   at Microsoft.VisualStudio.TestTools.UITesting.SearchHelper.GetTitleUpdatedTopLevelWindow(ISearchArgument topLevelSearchArg, String queryId, IList`1 windowTitles)
   at Microsoft.VisualStudio.TestTools.UITesting.SearchHelper.GetTopLevelElement(Boolean useCache, Boolean useCacheOnly, ISearchArgument searchArg, IList`1 windowTitles, Int32&amp; timeLeft)
   at Microsoft.VisualStudio.TestTools.UITesting.SearchHelper.GetElement(Boolean useCache, ISearchArgument searchArg)
   at Microsoft.VisualStudio.TestTools.UITesting.SearchHelper.Search(ISearchArgument searchArg)
   at Microsoft.VisualStudio.TestTools.UITesting.UITestControl.FindInternal()
   at Microsoft.VisualStudio.TestTools.UITesting.UITestControl.FindControlIfNecessary()
   at Microsoft.VisualStudio.TestTools.UITesting.UITestControl.Click(MouseButtons button, ModifierKeys modifierKeys, Point relativeCoordinates)
   at Microsoft.VisualStudio.TestTools.UITesting.Mouse.ClickImplementation(UITestControl control, MouseButtons button, ModifierKeys modifierKeys, Point relativeCoordinate)
   at Microsoft.VisualStudio.TestTools.UITesting.Mouse.ClickImplementationWrapper(UITestControl control, MouseButtons button, ModifierKeys modifierKeys, Point relativeCoordinate)
W, 5176, 59, 2013/05/23, 10:02:03.590, 2442622652843, QTAgent32.exe, PlaybackErrorHandler: Ignoring exception as ContinueOnError is set.
W, 5176, 59, 2013/05/23, 10:02:03.716, 2442624451271, QTAgent32.exe, &lt;a class=success&gt;Playback - {167} [SUCCESS] MouseButtonClick - "[MSAA, VisibleOnly]ControlType='Button' &amp;&amp; Name='EDI Match...'"
\0&lt;/a&gt;
W, 5176, 59, 2013/05/23, 10:02:03.947, 2442627767675, QTAgent32.exe, &lt;a class=success&gt;Playback - {168} [SUCCESS] MouseButtonClick - "[MSAA, VisibleOnly]ControlType='Button' &amp;&amp; Name='Ok'"
\0&lt;/a&gt;
W, 5176, 59, 2013/05/23, 10:02:05.136, 2442644790621, QTAgent32.exe, PERF WARNING: FindTopLevelWindowHelper::FindAllDescendents: took 1088 ms. Expected it to take maximum 500 ms.
W, 5176, 59, 2013/05/23, 10:02:05.266, 2442646653444, QTAgent32.exe, &lt;a class=success&gt;Playback - {169} [SUCCESS] MouseButtonClick - "[MSAA, VisibleOnly]ControlType='Button' &amp;&amp; Name='OK'"
\0&lt;/a&gt;
W, 5176, 59, 2013/05/23, 10:02:05.509, 2442650136247, QTAgent32.exe, &lt;a class=success&gt;Playback - {170} [SUCCESS] MouseButtonClick - "[MSAA, VisibleOnly]ControlType='Button' &amp;&amp; Name='Log and Clear'"
\0&lt;/a&gt;
W, 5176, 59, 2013/05/23, 10:02:05.746, 2442653531463, QTAgent32.exe, &lt;a class=success&gt;Playback - {171} [SUCCESS] MouseButtonClick - "[MSAA, VisibleOnly]ControlType='Button' &amp;&amp; Name='OK'"
\0&lt;/a&gt;
W, 5176, 59, 2013/05/23, 10:02:05.974, 2442656787298, QTAgent32.exe, &lt;a class=success&gt;Playback - {172} [SUCCESS] MouseButtonClick - "[MSAA, VisibleOnly]ControlType='Button' &amp;&amp; Name='Filter...'"
\0&lt;/a&gt;
W, 5176, 59, 2013/05/23, 10:02:06.183, 2442659788030, QTAgent32.exe, &lt;a class=success&gt;Playback - {173} [SUCCESS] SendKeys "^{HOME}" - "[MSAA, VisibleOnly]ControlType='Edit'"
\0&lt;/a&gt;
E, 5176, 59, 2013/05/23, 10:02:06.183, 2442659790132, QTAgent32.exe, Msaa.GetFocusedElement: could not find accessible object of foreground window
W, 5176, 59, 2013/05/23, 10:02:06.237, 2442660561502, QTAgent32.exe, &lt;a class=success&gt;Playback - {174} [SUCCESS] SendKeys "^+{END}" - "[MSAA, VisibleOnly]ControlType='Edit'"
\0&lt;/a&gt;
E, 5176, 59, 2013/05/23, 10:02:06.237, 2442660562963, QTAgent32.exe, Msaa.GetFocusedElement: could not find accessible object of foreground window
W, 5176, 59, 2013/05/23, 10:02:06.249, 2442660733387, QTAgent32.exe, &lt;a class=success&gt;Playback - {175} [SUCCESS] SendKeys "{DELETE}" - "[MSAA, VisibleOnly]ControlType='Edit'"
\0&lt;/a&gt;
W, 5176, 59, 2013/05/23, 10:02:06.472, 2442663928995, QTAgent32.exe, &lt;a class=success&gt;Playback - {176} [SUCCESS] SetValueAsEditBox "30/05/13" - "[MSAA, VisibleOnly]ControlType='Edit'"  &lt; Set via SendKeys &gt;
\0&lt;/a&gt;
W, 5176, 59, 2013/05/23, 10:02:06.684, 2442666962396, QTAgent32.exe, &lt;a class=success&gt;Playback - {177} [SUCCESS] SendKeys "^{HOME}" - "[MSAA, VisibleOnly]ControlType='Edit'"
\0&lt;/a&gt;
E, 5176, 59, 2013/05/23, 10:02:06.684, 2442666964459, QTAgent32.exe, Msaa.GetFocusedElement: could not find accessible object of foreground window
W, 5176, 59, 2013/05/23, 10:02:06.752, 2442667935973, QTAgent32.exe, &lt;a class=success&gt;Playback - {178} [SUCCESS] SendKeys "^+{END}" - "[MSAA, VisibleOnly]ControlType='Edit'"
\0&lt;/a&gt;
E, 5176, 59, 2013/05/23, 10:02:06.752, 2442667937465, QTAgent32.exe, Msaa.GetFocusedElement: could not find accessible object of foreground window
W, 5176, 59, 2013/05/23, 10:02:06.764, 2442668108268, QTAgent32.exe, &lt;a class=success&gt;Playback - {179} [SUCCESS] SendKeys "{DELETE}" - "[MSAA, VisibleOnly]ControlType='Edit'"
\0&lt;/a&gt;
W, 5176, 59, 2013/05/23, 10:02:06.987, 2442671297387, QTAgent32.exe, &lt;a class=success&gt;Playback - {180} [SUCCESS] SetValueAsEditBox "30/05/13" - "[MSAA, VisibleOnly]ControlType='Edit'"  &lt; Set via SendKeys &gt;
\0&lt;/a&gt;
W, 5176, 59, 2013/05/23, 10:02:07.356, 2442676578488, QTAgent32.exe, Playback - [WARNING] Internal warning: Incorrect flag set for InvokeProgrammaticAction\0
W, 5176, 59, 2013/05/23, 10:02:07.474, 2442678265286, QTAgent32.exe, &lt;a class=success&gt;Playback - {181} [SUCCESS] SetValueAsComboBox "Motor" - "[MSAA, VisibleOnly]ControlType='ComboBox'"  &lt; SetValueAsComboBox, set by clicking on the item in the list box &gt;
\0&lt;/a&gt;
W, 5176, 59, 2013/05/23, 10:02:07.732, 2442681953135, QTAgent32.exe, &lt;a class=success&gt;Playback - {182} [SUCCESS] MouseButtonClick - "[MSAA, VisibleOnly]ControlType='Button' &amp;&amp; Name='Ok'"
\0&lt;/a&gt;
W, 5176, 59, 2013/05/23, 10:02:08.628, 2442694788383, QTAgent32.exe, &lt;a class=success&gt;Playback - {183} [SUCCESS] MouseButtonClick - "[MSAA, VisibleOnly]ControlType='Client'"
\0&lt;/a&gt;
W, 5176, 59, 2013/05/23, 10:02:08.811, 2442697407801, QTAgent32.exe, &lt;a class=success&gt;Playback - {184} [SUCCESS] SendKeys "{End}" - "[MSAA, VisibleOnly]ControlType='Client'"
\0&lt;/a&gt;
W, 5176, 59, 2013/05/23, 10:02:09.066, 2442701057211, QTAgent32.exe, &lt;a class=success&gt;Playback - {185} [SUCCESS] MouseButtonClick - "[MSAA, VisibleOnly]ControlType='Button' &amp;&amp; Name='Display Record...'"
\0&lt;/a&gt;
W, 5176, 59, 2013/05/23, 10:02:09.413, 2442706030913, QTAgent32.exe, Playback - [WARNING] Internal warning: Window Not Found: [VisibleOnly]ControlType='Window' &amp;&amp; Name='AUTO208-1001' &amp;&amp; ClassName='ThunderRT6FormDC'
\0
E, 5176, 59, 2013/05/23, 10:02:09.413, 2442706033279, QTAgent32.exe, &lt;a class=failure&gt;Playback - {186} [FAILED] Function ElementFetcher::FindScreenElement failed to locate UI element (Searching: ;[VisibleOnly]ControlType='Window' &amp;&amp; Name='AUTO208-1001' &amp;&amp; ClassName='ThunderRT6FormDC') (The object specified was not found.)
\0&lt;/a&gt;
E, 5176, 59, 2013/05/23, 10:02:09.458, 2442706676008, QTAgent32.exe, Playback - [IMAGE] C:\Users\testuser\AppData\Local\Temp\UITestLogs\LastRun\RPF2D14.png
\0
W, 5176, 59, 2013/05/23, 10:02:09.458, 2442706677814, QTAgent32.exe, Playback - [WARNING] Internal warning: Couldn't find descendants that match QueryId
\0
W, 5176, 59, 2013/05/23, 10:02:27.492, 2442964890478, QTAgent32.exe, Playback - [WARNING] Internal warning: Window Not Found: [VisibleOnly]ControlType='Window' &amp;&amp; Name='AUTO208-1001' &amp;&amp; ClassName='ThunderRT6FormDC'
\0
E, 5176, 59, 2013/05/23, 10:02:27.492, 2442964892592, QTAgent32.exe, &lt;a class=failure&gt;Playback - {187} [FAILED] Function ElementFetcher::FindScreenElement failed to locate UI element (Searching: ;[VisibleOnly]ControlType='Window' &amp;&amp; Name='AUTO208-1001' &amp;&amp; ClassName='ThunderRT6FormDC') (The object specified was not found.)
\0&lt;/a&gt;
E, 5176, 59, 2013/05/23, 10:02:27.536, 2442965518244, QTAgent32.exe, Playback - [IMAGE] C:\Users\testuser\AppData\Local\Temp\UITestLogs\LastRun\RPF73B6.png
\0
W, 5176, 59, 2013/05/23, 10:02:27.536, 2442965519753, QTAgent32.exe, Playback - [WARNING] Internal warning: Couldn't find descendants that match QueryId
\0
W, 5176, 59, 2013/05/23, 10:02:27.536, 2442965522135, QTAgent32.exe, PERF WARNING: FindTopLevelWindowHelper::FindAllDescendents: took 18077 ms. Expected it to take maximum 500 ms.
W, 5176, 59, 2013/05/23, 10:02:28.086, 2442973396637, QTAgent32.exe, Playback - [WARNING] Internal warning: Window with Class "ThunderRT6FormDC" and Title "AUTO208-1001" was not found, so similar window with Class "ThunderRT6FormDC" and Title "AUTO135-1001" was accepted
\0
W, 5176, 59, 2013/05/23, 10:02:28.086, 2442973399482, QTAgent32.exe, PERF WARNING: FindTopLevelWindowHelper::FindAllDescendents: took 549 ms. Expected it to take maximum 500 ms.
W, 5176, 59, 2013/05/23, 10:02:28.209, 2442975157378, QTAgent32.exe, &lt;a class=success&gt;Playback - {188} [SUCCESS] MouseButtonClick - "[MSAA, VisibleOnly]ControlType='Button' &amp;&amp; Name='Amend Risk...'"
\0&lt;/a&gt;
W, 5176, 59, 2013/05/23, 10:02:28.866, 2442984559767, QTAgent32.exe, PERF WARNING: FindTopLevelWindowHelper::FindAllDescendents: took 556 ms. Expected it to take maximum 500 ms.
W, 5176, 59, 2013/05/23, 10:02:29.224, 2442989691810, QTAgent32.exe, &lt;a class=success&gt;Playback - {189} [SUCCESS] SendKeys "^{HOME}" - "[MSAA, VisibleOnly]ControlType='Edit'"
\0&lt;/a&gt;
E, 5176, 59, 2013/05/23, 10:02:29.224, 2442989693848, QTAgent32.exe, Msaa.GetFocusedElement: could not find accessible object of foreground window
W, 5176, 59, 2013/05/23, 10:02:29.278, 2442990464748, QTAgent32.exe, &lt;a class=success&gt;Playback - {190} [SUCCESS] SendKeys "^+{END}" - "[MSAA, VisibleOnly]ControlType='Edit'"
\0&lt;/a&gt;
E, 5176, 59, 2013/05/23, 10:02:29.278, 2442990466114, QTAgent32.exe, Msaa.GetFocusedElement: could not find accessible object of foreground window
W, 5176, 59, 2013/05/23, 10:02:29.292, 2442990659017, QTAgent32.exe, &lt;a class=success&gt;Playback - {191} [SUCCESS] SendKeys "{DELETE}" - "[MSAA, VisibleOnly]ControlType='Edit'"
\0&lt;/a&gt;
W, 5176, 59, 2013/05/23, 10:02:29.436, 2442992722587, QTAgent32.exe, &lt;a class=success&gt;Playback - {192} [SUCCESS] SetValueAsEditBox "1500" - "[MSAA, VisibleOnly]ControlType='Edit'"  &lt; Set via SendKeys &gt;
\0&lt;/a&gt;
W, 5176, 59, 2013/05/23, 10:02:29.660, 2442995936821, QTAgent32.exe, &lt;a class=success&gt;Playback - {193} [SUCCESS] MouseButtonClick - "[MSAA, VisibleOnly]ControlType='Button' &amp;&amp; Name='Proposer Details...'"
\0&lt;/a&gt;
W, 5176, 59, 2013/05/23, 10:02:29.772, 2442997530066, QTAgent32.exe, Playback - [WARNING] Internal warning: Thread state based WFR - Requested element has invalid HWND
\0
W, 5176, 59, 2013/05/23, 10:02:29.772, 2442997531222, QTAgent32.exe, Playback - [WARNING] Internal warning: process performance counters based WFR - Requested element has invalid HWND
\0
E, 5176, 59, 2013/05/23, 10:02:29.773, 2442997550169, QTAgent32.exe, EnsureValid called via EnsureValid call for same element
E, 5176, 59, 2013/05/23, 10:02:29.773, 2442997555533, QTAgent32.exe, EnsureValid called via EnsureValid call for same element
E, 5176, 59, 2013/05/23, 10:02:29.773, 2442997556813, QTAgent32.exe, EnsureValid called via EnsureValid call for same element
E, 5176, 59, 2013/05/23, 10:02:29.774, 2442997560396, QTAgent32.exe, Window 525054 not responding. Last Win32 error 1400
E, 5176, 59, 2013/05/23, 10:02:29.774, 2442997562205, QTAgent32.exe, GetClassName for handle 525054 failed
W, 5176, 59, 2013/05/23, 10:02:29.920, 2442999658318, QTAgent32.exe, &lt;a class=success&gt;Playback - {194} [SUCCESS] SendKeys "^{HOME}" - "[MSAA, VisibleOnly]ControlType='Edit'"
\0&lt;/a&gt;
E, 5176, 59, 2013/05/23, 10:02:29.920, 2442999660357, QTAgent32.exe, Msaa.GetFocusedElement: could not find accessible object of foreground window
W, 5176, 59, 2013/05/23, 10:02:29.980, 2443000517488, QTAgent32.exe, &lt;a class=success&gt;Playback - {195} [SUCCESS] SendKeys "^+{END}" - "[MSAA, VisibleOnly]ControlType='Edit'"
\0&lt;/a&gt;
E, 5176, 59, 2013/05/23, 10:02:29.980, 2443000519131, QTAgent32.exe, Msaa.GetFocusedElement: could not find accessible object of foreground window
W, 5176, 59, 2013/05/23, 10:02:29.992, 2443000690030, QTAgent32.exe, &lt;a class=success&gt;Playback - {196} [SUCCESS] SendKeys "{DELETE}" - "[MSAA, VisibleOnly]ControlType='Edit'"
\0&lt;/a&gt;
W, 5176, 59, 2013/05/23, 10:02:30.192, 2443003549900, QTAgent32.exe, &lt;a class=success&gt;Playback - {197} [SUCCESS] SetValueAsEditBox "NewTest" - "[MSAA, VisibleOnly]ControlType='Edit'"  &lt; Set via SendKeys &gt;
\0&lt;/a&gt;
W, 5176, 59, 2013/05/23, 10:02:30.452, 2443007268987, QTAgent32.exe, &lt;a class=success&gt;Playback - {198} [SUCCESS] MouseButtonClick - "[MSAA, VisibleOnly]ControlType='Button' &amp;&amp; Name='OK'"
\0&lt;/a&gt;
W, 5176, 59, 2013/05/23, 10:02:30.791, 2443012128409, QTAgent32.exe, &lt;a class=success&gt;Playback - {199} [SUCCESS] MouseButtonClick - "[MSAA, VisibleOnly]ControlType='Button' &amp;&amp; Name='Calculate Quote'"
\0&lt;/a&gt;
W, 5176, 59, 2013/05/23, 10:02:31.029, 2443015536160, QTAgent32.exe, &lt;a class=success&gt;Playback - {200} [SUCCESS] MouseButtonClick - "[MSAA, VisibleOnly]ControlType='Button' &amp;&amp; Name='No'"
\0&lt;/a&gt;
W, 5176, 59, 2013/05/23, 10:02:31.386, 2443020646353, QTAgent32.exe, Playback - [WARNING] Internal warning: Window Not Found: [VisibleOnly]ControlType='Window' &amp;&amp; Name='Quote Select List' &amp;&amp; ClassName='ThunderRT6FormDC'
\0
E, 5176, 59, 2013/05/23, 10:02:31.386, 2443020648376, QTAgent32.exe, &lt;a class=failure&gt;Playback - {201} [FAILED] Function ElementFetcher::FindScreenElement failed to locate UI element (Searching: ;[VisibleOnly]ControlType='Window' &amp;&amp; Name='Quote Select List' &amp;&amp; ClassName='ThunderRT6FormDC') (The object specified was not found.)
\0&lt;/a&gt;
E, 5176, 59, 2013/05/23, 10:02:31.430, 2443021276038, QTAgent32.exe, Playback - [IMAGE] C:\Users\testuser\AppData\Local\Temp\UITestLogs\LastRun\RPF82F3.png
\0
W, 5176, 59, 2013/05/23, 10:02:31.430, 2443021277582, QTAgent32.exe, Playback - [WARNING] Internal warning: Couldn't find descendants that match QueryId
\0
W, 5176, 59, 2013/05/23, 10:02:49.501, 2443280018652, QTAgent32.exe, Playback - [WARNING] Internal warning: Window Not Found: [VisibleOnly]ControlType='Window' &amp;&amp; Name='Quote Select List' &amp;&amp; ClassName='ThunderRT6FormDC'
\0
E, 5176, 59, 2013/05/23, 10:02:49.501, 2443280021311, QTAgent32.exe, &lt;a class=failure&gt;Playback - {202} [FAILED] Function ElementFetcher::FindScreenElement failed to locate UI element (Searching: ;[VisibleOnly]ControlType='Window' &amp;&amp; Name='Quote Select List' &amp;&amp; ClassName='ThunderRT6FormDC') (The object specified was not found.)
\0&lt;/a&gt;
E, 5176, 59, 2013/05/23, 10:02:49.544, 2443280642000, QTAgent32.exe, Playback - [IMAGE] C:\Users\testuser\AppData\Local\Temp\UITestLogs\LastRun\RPFC9B3.png
\0
W, 5176, 59, 2013/05/23, 10:02:49.545, 2443280643682, QTAgent32.exe, Playback - [WARNING] Internal warning: Couldn't find descendants that match QueryId
\0
W, 5176, 59, 2013/05/23, 10:02:49.545, 2443280646196, QTAgent32.exe, PERF WARNING: FindTopLevelWindowHelper::FindAllDescendents: took 18114 ms. Expected it to take maximum 500 ms.
W, 5176, 59, 2013/05/23, 10:02:50.013, 2443287351826, QTAgent32.exe, Playback - [WARNING] Internal warning: Smart Match failed
\0
W, 5176, 59, 2013/05/23, 10:02:50.229, 2443290444353, QTAgent32.exe, Playback - [WARNING] Internal warning: Smart Match failed
\0
W, 5176, 59, 2013/05/23, 10:02:50.444, 2443293517579, QTAgent32.exe, Playback - [WARNING] Internal warning: Smart Match failed
\0
W, 5176, 59, 2013/05/23, 10:02:50.661, 2443296631291, QTAgent32.exe, Playback - [WARNING] Internal warning: Smart Match failed
\0
W, 5176, 59, 2013/05/23, 10:02:50.880, 2443299758018, QTAgent32.exe, Playback - [WARNING] Internal warning: Smart Match failed
\0
W, 5176, 59, 2013/05/23, 10:02:51.101, 2443302927900, QTAgent32.exe, Playback - [WARNING] Internal warning: Smart Match failed
\0
W, 5176, 59, 2013/05/23, 10:02:51.318, 2443306030369, QTAgent32.exe, Playback - [WARNING] Internal warning: Smart Match failed
\0
W, 5176, 59, 2013/05/23, 10:02:51.533, 2443309108745, QTAgent32.exe, Playback - [WARNING] Internal warning: Smart Match failed
\0
W, 5176, 59, 2013/05/23, 10:02:51.749, 2443312201455, QTAgent32.exe, Playback - [WARNING] Internal warning: Smart Match failed
\0
W, 5176, 59, 2013/05/23, 10:02:51.967, 2443315332318, QTAgent32.exe, Playback - [WARNING] Internal warning: Smart Match failed
\0
W, 5176, 59, 2013/05/23, 10:02:52.187, 2443318471975, QTAgent32.exe, Playback - [WARNING] Internal warning: Smart Match failed
\0
W, 5176, 59, 2013/05/23, 10:02:52.402, 2443321561869, QTAgent32.exe, Playback - [WARNING] Internal warning: Smart Match failed
\0
W, 5176, 59, 2013/05/23, 10:02:52.618, 2443324648120, QTAgent32.exe, Playback - [WARNING] Internal warning: Smart Match failed
\0
W, 5176, 59, 2013/05/23, 10:02:52.725, 2443326183234, QTAgent32.exe, Playback - [WARNING] Internal warning: Window Not Found: [VisibleOnly]ControlType='Window' &amp;&amp; Name='Quote Select List' &amp;&amp; ClassName='ThunderRT6FormDC'
\0
E, 5176, 59, 2013/05/23, 10:02:52.725, 2443326184962, QTAgent32.exe, &lt;a class=failure&gt;Playback - {203} [FAILED] Function ElementFetcher::FindScreenElement failed to locate UI element (Searching: ;[VisibleOnly]ControlType='Window' &amp;&amp; Name='Quote Select List' &amp;&amp; ClassName='ThunderRT6FormDC') (The object specified was not found.)
\0&lt;/a&gt;
E, 5176, 59, 2013/05/23, 10:02:52.768, 2443326792140, QTAgent32.exe, Playback - [IMAGE] C:\Users\testuser\AppData\Local\Temp\UITestLogs\LastRun\RPFD652.png
\0
W, 5176, 59, 2013/05/23, 10:02:52.768, 2443326793626, QTAgent32.exe, Playback - [WARNING] Internal warning: Couldn't find descendants that match QueryId
\0
W, 5176, 59, 2013/05/23, 10:02:52.768, 2443326795961, QTAgent32.exe, PERF WARNING: FindTopLevelWindowHelper::FindAllDescendents: took 3222 ms. Expected it to take maximum 500 ms.
E, 5176, 59, 2013/05/23, 10:02:52.768, 2443326797754, QTAgent32.exe, Exception: System.Runtime.InteropServices.COMException
	Message: Error HRESULT E_FAIL has been returned from a call to a COM component.
	Stack Trace:    at Microsoft.VisualStudio.TestTools.UITest.Playback.Engine.IRPFPlayback.FindAllScreenElements(IScreenElement pScreenElementStart, String bstrQueryId, Object&amp; pvarResKeys, Int32 cResKeys, Int32 nMaxDepth, Object[]&amp; foundDescendants)
   at Microsoft.VisualStudio.TestTools.UITest.Playback.ScreenElement.FindTopLevelWindowHelper(String queryId)
	BaseExceptionMessage: Error HRESULT E_FAIL has been returned from a call to a COM component.

E, 5176, 59, 2013/05/23, 10:02:52.768, 2443326800140, QTAgent32.exe, Window 1377502 not responding. Last Win32 error 0
E, 5176, 59, 2013/05/23, 10:02:52.768, 2443326801038, QTAgent32.exe, GetClassName for handle 1377502 failed
E, 5176, 59, 2013/05/23, 10:02:52.769, 2443326805234, QTAgent32.exe, Window 1443074 not responding. Last Win32 error 1400
E, 5176, 59, 2013/05/23, 10:02:52.769, 2443326806021, QTAgent32.exe, GetClassName for handle 1443074 failed
E, 5176, 59, 2013/05/23, 10:02:52.869, 2443328241948, QTAgent32.exe, AL: Playback Error: Microsoft.VisualStudio.TestTools.UITest.Extension.UITestControlNotAvailableException: The control is not available or not valid. Additional Details: 
TechnologyName:  'MSAA'
Name:  'Cancel'
ControlType:  'Button'
 ---&gt; Microsoft.VisualStudio.TestTools.UITest.Extension.UITestControlNotAvailableException: The control is not available or not valid. Additional Details: 
TechnologyName:  'MSAA'
Name:  'Quote Select List'
ClassName:  'ThunderRT6FormDC'
ControlType:  'Window'
 ---&gt; System.Runtime.InteropServices.COMException: Error HRESULT E_FAIL has been returned from a call to a COM component.
   at Microsoft.VisualStudio.TestTools.UITest.Playback.Engine.IRPFPlayback.FindAllScreenElements(IScreenElement pScreenElementStart, String bstrQueryId, Object&amp; pvarResKeys, Int32 cResKeys, Int32 nMaxDepth, Object[]&amp; foundDescendants)
   at Microsoft.VisualStudio.TestTools.UITest.Playback.ScreenElement.FindTopLevelWindowHelper(String queryId)
   at Microsoft.VisualStudio.TestTools.UITest.Playback.ScreenElement.FindFromPartialQueryId(String queryId)
   at Microsoft.VisualStudio.TestTools.UITesting.UITestControl.EnsureValid(Boolean waitForReady, Boolean refetch)
   --- End of inner exception stack trace ---
   at Microsoft.VisualStudio.TestTools.UITesting.UITestControl.EnsureValid(Boolean waitForReady, Boolean refetch)
   at Microsoft.VisualStudio.TestTools.UITesting.UITestControl.FindFirstDescendant(String queryId, Int32 maxDepth, Int32&amp; timeLeft)
   at Microsoft.VisualStudio.TestTools.UITesting.UITestControl.FindFirstDescendant(String queryId)
   at Microsoft.VisualStudio.TestTools.UITesting.UITestControl.EnsureValid(Boolean waitForReady, Boolean refetch)
   --- End of inner exception stack trace ---
   at Microsoft.VisualStudio.TestTools.UITesting.UITestControl.EnsureValid(Boolean waitForReady, Boolean refetch)
   at Microsoft.VisualStudio.TestTools.UITesting.UITestControl.Click(MouseButtons button, ModifierKeys modifierKeys, Point relativeCoordinates)
   at Microsoft.VisualStudio.TestTools.UITesting.Mouse.ClickImplementation(UITestControl control, MouseButtons button, ModifierKeys modifierKeys, Point relativeCoordinate)
   at Microsoft.VisualStudio.TestTools.UITesting.Mouse.ClickImplementationWrapper(UITestControl control, MouseButtons button, ModifierKeys modifierKeys, Point relativeCoordinate)
W, 5176, 59, 2013/05/23, 10:02:52.869, 2443328243555, QTAgent32.exe, PlaybackErrorHandler: Ignoring exception as ContinueOnError is set.
W, 5176, 59, 2013/05/23, 10:02:53.041, 2443330708715, QTAgent32.exe, &lt;a class=success&gt;Playback - {204} [SUCCESS] MouseButtonClick - "[MSAA, VisibleOnly]ControlType='Button' &amp;&amp; Name='Ok'"
\0&lt;/a&gt;
W, 5176, 59, 2013/05/23, 10:02:53.401, 2443335862180, QTAgent32.exe, Playback - [WARNING] Internal warning: Window Not Found: [VisibleOnly]ControlType='Window' &amp;&amp; Name='Amend Risk Results' &amp;&amp; ClassName='ThunderRT6FormDC'
\0
E, 5176, 59, 2013/05/23, 10:02:53.401, 2443335864242, QTAgent32.exe, &lt;a class=failure&gt;Playback - {205} [FAILED] Function ElementFetcher::FindScreenElement failed to locate UI element (Searching: ;[VisibleOnly]ControlType='Window' &amp;&amp; Name='Amend Risk Results' &amp;&amp; ClassName='ThunderRT6FormDC') (The object specified was not found.)
\0&lt;/a&gt;
E, 5176, 59, 2013/05/23, 10:02:53.443, 2443336465821, QTAgent32.exe, Playback - [IMAGE] C:\Users\testuser\AppData\Local\Temp\UITestLogs\LastRun\RPFD8F1.png
\0
W, 5176, 59, 2013/05/23, 10:02:53.443, 2443336467426, QTAgent32.exe, Playback - [WARNING] Internal warning: Couldn't find descendants that match QueryId
\0
W, 5176, 59, 2013/05/23, 10:03:11.453, 2443594326195, QTAgent32.exe, Playback - [WARNING] Internal warning: Window Not Found: [VisibleOnly]ControlType='Window' &amp;&amp; Name='Amend Risk Results' &amp;&amp; ClassName='ThunderRT6FormDC'
\0
E, 5176, 59, 2013/05/23, 10:03:11.453, 2443594328312, QTAgent32.exe, &lt;a class=failure&gt;Playback - {206} [FAILED] Function ElementFetcher::FindScreenElement failed to locate UI element (Searching: ;[VisibleOnly]ControlType='Window' &amp;&amp; Name='Amend Risk Results' &amp;&amp; ClassName='ThunderRT6FormDC') (The object specified was not found.)
\0&lt;/a&gt;
E, 5176, 59, 2013/05/23, 10:03:11.496, 2443594947284, QTAgent32.exe, Playback - [IMAGE] C:\Users\testuser\AppData\Local\Temp\UITestLogs\LastRun\RPF1F74.png
\0
W, 5176, 59, 2013/05/23, 10:03:11.496, 2443594948811, QTAgent32.exe, Playback - [WARNING] Internal warning: Couldn't find descendants that match QueryId
\0
W, 5176, 59, 2013/05/23, 10:03:11.496, 2443594951195, QTAgent32.exe, PERF WARNING: FindTopLevelWindowHelper::FindAllDescendents: took 18052 ms. Expected it to take maximum 500 ms.
W, 5176, 59, 2013/05/23, 10:03:12.077, 2443603269674, QTAgent32.exe, Playback - [WARNING] Internal warning: Window with Class "ThunderRT6FormDC" and Title "Amend Risk Results" was not found, so similar window with Class "ThunderRT6FormDC" and Title "Amend Risk" was accepted
\0
W, 5176, 59, 2013/05/23, 10:03:12.077, 2443603272564, QTAgent32.exe, PERF WARNING: FindTopLevelWindowHelper::FindAllDescendents: took 580 ms. Expected it to take maximum 500 ms.
W, 5176, 59, 2013/05/23, 10:03:12.083, 2443603349305, QTAgent32.exe, Playback - [WARNING] Internal warning: Window with Class "ListView20WndClass" and Title "" was not found, so similar window with Class "ThunderRT6FormDC" and Title "Amend Risk" was accepted
\0
W, 5176, 59, 2013/05/23, 10:03:12.589, 2443610594469, QTAgent32.exe, AL : Mouse click on disabled control: button=Left, modifiers=None, relativeCoordinates={X=362,Y=136}
W, 5176, 59, 2013/05/23, 10:03:23.353, 2443764712085, QTAgent32.exe, &lt;a class=success&gt;Playback - {207} [SUCCESS] MouseButtonClick - "[MSAA, VisibleOnly]ControlType='Client'"
\0&lt;/a&gt;
W, 5176, 59, 2013/05/23, 10:03:23.956, 2443773350478, QTAgent32.exe, AL : SendKeys on disabled control
E, 5176, 59, 2013/05/23, 10:03:33.958, 2443916553388, QTAgent32.exe, &lt;a class=failure&gt;Playback - {208} [FAILED] MouseButtonClick - "[MSAA, VisibleOnly]ControlType='Client'"
\0&lt;/a&gt;
E, 5176, 59, 2013/05/23, 10:03:34.002, 2443917184924, QTAgent32.exe, Playback - [IMAGE] C:\Users\testuser\AppData\Local\Temp\UITestLogs\LastRun\RPF7764.png
\0
W, 5176, 59, 2013/05/23, 10:03:44.004, 2444060397177, QTAgent32.exe, Playback - [WARNING] Internal warning: Could not set focus to the target window for typing. Consider using TypeString instead of SendKeys.
\0
E, 5176, 59, 2013/05/23, 10:03:44.004, 2444060399435, QTAgent32.exe, &lt;a class=failure&gt;Playback - {209} [FAILED] SendKeys "{Home}" - "[MSAA, VisibleOnly]ControlType='Client'"\0&lt;/a&gt;
E, 5176, 59, 2013/05/23, 10:03:44.045, 2444060993396, QTAgent32.exe, Playback - [IMAGE] C:\Users\testuser\AppData\Local\Temp\UITestLogs\LastRun\RPF9EA3.png
\0
E, 5176, 59, 2013/05/23, 10:03:44.148, 2444062468595, QTAgent32.exe, AL: Playback Error: Microsoft.VisualStudio.TestTools.UITest.Extension.ActionNotSupportedOnDisabledControlException: Cannot perform 'SendKeys with value "{Home}"' on the disabled or read-only control. Additional Details: 
TechnologyName:  'MSAA'
Name:  'Amend Risk'
ControlType:  'Client'
 ---&gt; System.Runtime.InteropServices.COMException: Exception from HRESULT: 0xF004F005
   at Microsoft.VisualStudio.TestTools.UITest.Playback.Engine.IScreenElement.SendKeys(String bstrKeys, Int32 nKeyboardAction, Int32 nSendKeysFlag)
   at Microsoft.VisualStudio.TestTools.UITest.Playback.ScreenElement.SendKeys(String keys, Boolean isUnicode)
   at Microsoft.VisualStudio.TestTools.UITest.Playback.ScreenElement.SendKeys(String keys, ModifierKeys modifierKeys, Boolean isEncoded, Boolean isUnicode)
   at Microsoft.VisualStudio.TestTools.UITesting.UITestControl.SendKeys(String text, ModifierKeys modifierKeys, Boolean isEncoded, Boolean isUnicode)
   --- End of inner exception stack trace ---
   at Microsoft.VisualStudio.TestTools.UITesting.Playback.MapAndThrowComException(COMException innerException, IPlaybackContext context)
   at Microsoft.VisualStudio.TestTools.UITesting.Playback.MapAndThrowException(SystemException exception, IPlaybackContext context)
   at Microsoft.VisualStudio.TestTools.UITesting.Playback.MapAndThrowException(SystemException exception, String actionName, UITestControl uiControl)
   at Microsoft.VisualStudio.TestTools.UITesting.Playback.MapAndThrowException(SystemException exception, String actionName, Object parameterValue, UITestControl uiControl)
   at Microsoft.VisualStudio.TestTools.UITesting.UITestControl.SendKeys(String text, ModifierKeys modifierKeys, Boolean isEncoded, Boolean isUnicode)
   at Microsoft.VisualStudio.TestTools.UITesting.Keyboard.SendKeysImplementation(UITestControl control, String text, ModifierKeys modifierKeys, Boolean isEncoded, Boolean isUnicode)
   at Microsoft.VisualStudio.TestTools.UITesting.Keyboard.SendKeysImplementationWrapper(UITestControl control, String text, ModifierKeys modifierKeys, Boolean isEncoded, Boolean isUnicode)
W, 5176, 59, 2013/05/23, 10:03:46.813, 2444100617956, QTAgent32.exe, IEDOM : StopSession of the plugin called before StartSession
W, 5176, 59, 2013/05/23, 10:03:46.813, 2444100619030, QTAgent32.exe, UIA : StopSession of the plugin called before StartSession
</DebugTrace>
        <ErrorInfo>
          <Message>Test method Ver1.CodedUITest2.MotoAmendRiskExistingScheme threw exception: 
Microsoft.VisualStudio.TestTools.UITest.Extension.ActionNotSupportedOnDisabledControlException: Cannot perform 'SendKeys with value "{Home}"' on the disabled or read-only control. Additional Details: 
TechnologyName:  'MSAA'
Name:  'Amend Risk'
ControlType:  'Client'
 ---&gt; System.Runtime.InteropServices.COMException: Exception from HRESULT: 0xF004F005</Message>
          <StackTrace>    at Microsoft.VisualStudio.TestTools.UITest.Playback.Engine.IScreenElement.SendKeys(String bstrKeys, Int32 nKeyboardAction, Int32 nSendKeysFlag)
   at Microsoft.VisualStudio.TestTools.UITest.Playback.ScreenElement.SendKeys(String keys, Boolean isUnicode)
   at Microsoft.VisualStudio.TestTools.UITest.Playback.ScreenElement.SendKeys(String keys, ModifierKeys modifierKeys, Boolean isEncoded, Boolean isUnicode)
   at Microsoft.VisualStudio.TestTools.UITesting.UITestControl.SendKeys(String text, ModifierKeys modifierKeys, Boolean isEncoded, Boolean isUnicode)
 --- End of inner exception stack trace ---
    at Microsoft.VisualStudio.TestTools.UITesting.Playback.MapAndThrowComException(COMException innerException, IPlaybackContext context)
   at Microsoft.VisualStudio.TestTools.UITesting.Playback.MapAndThrowException(SystemException exception, IPlaybackContext context)
   at Microsoft.VisualStudio.TestTools.UITesting.Playback.MapAndThrowException(SystemException exception, String actionName, UITestControl uiControl)
   at Microsoft.VisualStudio.TestTools.UITesting.Playback.MapAndThrowException(SystemException exception, String actionName, Object parameterValue, UITestControl uiControl)
   at Microsoft.VisualStudio.TestTools.UITesting.UITestControl.SendKeys(String text, ModifierKeys modifierKeys, Boolean isEncoded, Boolean isUnicode)
   at Microsoft.VisualStudio.TestTools.UITesting.Keyboard.SendKeysImplementation(UITestControl control, String text, ModifierKeys modifierKeys, Boolean isEncoded, Boolean isUnicode)
   at Microsoft.VisualStudio.TestTools.UITesting.Keyboard.SendKeysImplementationWrapper(UITestControl control, String text, ModifierKeys modifierKeys, Boolean isEncoded, Boolean isUnicode)
   at Microsoft.VisualStudio.TestTools.UITesting.Keyboard.SendKeys(UITestControl control, String text, ModifierKeys modifierKeys)
   at Ver1.UIMap.AmendSelectQuote() in C:\AutotestTam1205\TestProject7\UIMap.Designer.cs:line 182
   at Ver1.CodedUITest2.MotoAmendRiskExistingScheme() in C:\AutotestTam1205\TestProject7\CodedUITest2.cs:line 722
</StackTrace>
        </ErrorInfo>
      </Output>
      <ResultFiles>
        <ResultFile path="ICDVDEVTM01\MotoAmendRiskExistingScheme.png" />
      </ResultFiles>
      <ExtensionResult>Exception has been thrown by the target of an invocation.</ExtensionResult>
    </UnitTestResult>
    <UnitTestResult executionId="8a3b5c15-3067-4d38-bbbc-fd4223669bca" testId="c2bdfe5e-303e-353b-48c9-82acf8c043b4" testName="MotoAmendRiskNewScheme" computerName="ICDVDEVTM01" duration="00:07:41.5597933" startTime="2013-05-23T10:03:46.8571568+01:00" endTime="2013-05-23T10:11:28.4452710+01:00" testType="13cdc9d9-ddb5-4fa4-a97d-d965ccfc6d4b" outcome="Failed" testListId="8c84fa94-04c1-424b-9868-57a2d4851a1d" relativeResultsDirectory="8a3b5c15-3067-4d38-bbbc-fd4223669bca">
      <Output>
        <DebugTrace>W, 5176, 23, 2013/05/23, 10:03:51.585, 2444168947878, QTAgent32.exe, &lt;a class=success&gt;Playback - {1} [SUCCESS] MouseButtonClick - "[MSAA, VisibleOnly]ControlType='Edit'"
\0&lt;/a&gt;
W, 5176, 23, 2013/05/23, 10:03:51.789, 2444171866143, QTAgent32.exe, &lt;a class=success&gt;Playback - {2} [SUCCESS] SendKeys "[*]" - "[MSAA, VisibleOnly]ControlType='Edit'"
\0&lt;/a&gt;
W, 5176, 23, 2013/05/23, 10:03:52.448, 2444181302340, QTAgent32.exe, &lt;a class=success&gt;Playback - {3} [SUCCESS] MouseButtonClick - "[MSAA, VisibleOnly]ControlType='Button' &amp;&amp; Name='OK'"
\0&lt;/a&gt;
W, 5176, 23, 2013/05/23, 10:03:52.619, 2444183756454, QTAgent32.exe, &lt;a class=success&gt;Playback - {4} [SUCCESS] SendKeys "^{HOME}" - "[MSAA, VisibleOnly]ControlType='Edit'"
\0&lt;/a&gt;
E, 5176, 23, 2013/05/23, 10:03:52.620, 2444183764270, QTAgent32.exe, Msaa.GetFocusedElement: could not find accessible object of foreground window
W, 5176, 23, 2013/05/23, 10:03:52.674, 2444184545208, QTAgent32.exe, &lt;a class=success&gt;Playback - {5} [SUCCESS] SendKeys "^+{END}" - "[MSAA, VisibleOnly]ControlType='Edit'"
\0&lt;/a&gt;
E, 5176, 23, 2013/05/23, 10:03:52.674, 2444184547192, QTAgent32.exe, Msaa.GetFocusedElement: could not find accessible object of foreground window
W, 5176, 23, 2013/05/23, 10:03:52.695, 2444184847016, QTAgent32.exe, &lt;a class=success&gt;Playback - {6} [SUCCESS] SendKeys "{DELETE}" - "[MSAA, VisibleOnly]ControlType='Edit'"
\0&lt;/a&gt;
W, 5176, 23, 2013/05/23, 10:03:52.912, 2444187957220, QTAgent32.exe, &lt;a class=success&gt;Playback - {7} [SUCCESS] SetValueAsEditBox "23/05/2013" - "[MSAA, VisibleOnly]ControlType='Edit'"  &lt; Set via SendKeys &gt;
\0&lt;/a&gt;
W, 5176, 23, 2013/05/23, 10:03:53.197, 2444192036198, QTAgent32.exe, Playback - [WARNING] Internal warning: Incorrect flag set for InvokeProgrammaticAction\0
W, 5176, 23, 2013/05/23, 10:03:53.315, 2444193724780, QTAgent32.exe, &lt;a class=success&gt;Playback - {8} [SUCCESS] SetValueAsComboBox "May" - "[MSAA, VisibleOnly]ControlType='ComboBox'"  &lt; SetValueAsComboBox, set by clicking on the item in the list box &gt;
\0&lt;/a&gt;
W, 5176, 23, 2013/05/23, 10:03:53.483, 2444196129650, QTAgent32.exe, &lt;a class=success&gt;Playback - {9} [SUCCESS] SendKeys "^{HOME}" - "[MSAA, VisibleOnly]ControlType='Edit'"
\0&lt;/a&gt;
E, 5176, 23, 2013/05/23, 10:03:53.483, 2444196131620, QTAgent32.exe, Msaa.GetFocusedElement: could not find accessible object of foreground window
W, 5176, 23, 2013/05/23, 10:03:53.538, 2444196903008, QTAgent32.exe, &lt;a class=success&gt;Playback - {10} [SUCCESS] SendKeys "^+{END}" - "[MSAA, VisibleOnly]ControlType='Edit'"
\0&lt;/a&gt;
E, 5176, 23, 2013/05/23, 10:03:53.538, 2444196904940, QTAgent32.exe, Msaa.GetFocusedElement: could not find accessible object of foreground window
W, 5176, 23, 2013/05/23, 10:03:53.552, 2444197104857, QTAgent32.exe, &lt;a class=success&gt;Playback - {11} [SUCCESS] SendKeys "{DELETE}" - "[MSAA, VisibleOnly]ControlType='Edit'"
\0&lt;/a&gt;
W, 5176, 23, 2013/05/23, 10:03:53.650, 2444198518464, QTAgent32.exe, &lt;a class=success&gt;Playback - {12} [SUCCESS] SetValueAsEditBox "2013" - "[MSAA, VisibleOnly]ControlType='Edit'"  &lt; Set via SendKeys &gt;
\0&lt;/a&gt;
W, 5176, 23, 2013/05/23, 10:03:53.867, 2444201626890, QTAgent32.exe, &lt;a class=success&gt;Playback - {13} [SUCCESS] MouseButtonClick - "[MSAA, VisibleOnly]ControlType='Button' &amp;&amp; Name='OK'"
\0&lt;/a&gt;
W, 5176, 23, 2013/05/23, 10:03:54.614, 2444212318188, QTAgent32.exe, Playback - [WARNING] Internal warning: Window Not Found: [VisibleOnly]ControlType='Window' &amp;&amp; Name='Warning' &amp;&amp; ClassName='#32770'
\0
E, 5176, 23, 2013/05/23, 10:03:54.614, 2444212320293, QTAgent32.exe, &lt;a class=failure&gt;Playback - {14} [FAILED] Function ElementFetcher::FindScreenElement failed to locate UI element (Searching: ;[VisibleOnly]ControlType='Window' &amp;&amp; Name='Warning' &amp;&amp; ClassName='#32770') (The object specified was not found.)
\0&lt;/a&gt;
E, 5176, 23, 2013/05/23, 10:03:54.653, 2444212882581, QTAgent32.exe, Playback - [IMAGE] C:\Users\testuser\AppData\Local\Temp\UITestLogs\LastRun\RPFC814.png
\0
W, 5176, 23, 2013/05/23, 10:03:54.654, 2444212884168, QTAgent32.exe, Playback - [WARNING] Internal warning: Couldn't find descendants that match QueryId
\0
W, 5176, 23, 2013/05/23, 10:03:54.654, 2444212886574, QTAgent32.exe, PERF WARNING: FindTopLevelWindowHelper::FindAllDescendents: took 685 ms. Expected it to take maximum 500 ms.
W, 5176, 23, 2013/05/23, 10:04:12.759, 2444472118570, QTAgent32.exe, Playback - [WARNING] Internal warning: Window Not Found: [VisibleOnly]ControlType='Window' &amp;&amp; Name='Warning' &amp;&amp; ClassName='#32770'
\0
E, 5176, 23, 2013/05/23, 10:04:12.759, 2444472120764, QTAgent32.exe, &lt;a class=failure&gt;Playback - {15} [FAILED] Function ElementFetcher::FindScreenElement failed to locate UI element (Searching: ;[VisibleOnly]ControlType='Window' &amp;&amp; Name='Warning' &amp;&amp; ClassName='#32770') (The object specified was not found.)
\0&lt;/a&gt;
E, 5176, 23, 2013/05/23, 10:04:12.806, 2444472800493, QTAgent32.exe, Playback - [IMAGE] C:\Users\testuser\AppData\Local\Temp\UITestLogs\LastRun\RPFEF4.png
\0
W, 5176, 23, 2013/05/23, 10:04:12.806, 2444472801955, QTAgent32.exe, Playback - [WARNING] Internal warning: Couldn't find descendants that match QueryId
\0
W, 5176, 23, 2013/05/23, 10:04:12.806, 2444472804297, QTAgent32.exe, PERF WARNING: FindTopLevelWindowHelper::FindAllDescendents: took 18152 ms. Expected it to take maximum 500 ms.
W, 5176, 23, 2013/05/23, 10:04:13.248, 2444479115387, QTAgent32.exe, Playback - [WARNING] Internal warning: Smart Match failed
\0
W, 5176, 23, 2013/05/23, 10:04:13.429, 2444481711160, QTAgent32.exe, Playback - [WARNING] Internal warning: Smart Match failed
\0
W, 5176, 23, 2013/05/23, 10:04:13.601, 2444484178221, QTAgent32.exe, Playback - [WARNING] Internal warning: Smart Match failed
\0
W, 5176, 23, 2013/05/23, 10:04:13.773, 2444486637518, QTAgent32.exe, Playback - [WARNING] Internal warning: Smart Match failed
\0
W, 5176, 23, 2013/05/23, 10:04:13.945, 2444489104843, QTAgent32.exe, Playback - [WARNING] Internal warning: Smart Match failed
\0
W, 5176, 23, 2013/05/23, 10:04:14.115, 2444491537613, QTAgent32.exe, Playback - [WARNING] Internal warning: Smart Match failed
\0
W, 5176, 23, 2013/05/23, 10:04:14.286, 2444493987717, QTAgent32.exe, Playback - [WARNING] Internal warning: Smart Match failed
\0
W, 5176, 23, 2013/05/23, 10:04:14.458, 2444496444322, QTAgent32.exe, Playback - [WARNING] Internal warning: Smart Match failed
\0
W, 5176, 23, 2013/05/23, 10:04:14.628, 2444498874654, QTAgent32.exe, Playback - [WARNING] Internal warning: Smart Match failed
\0
W, 5176, 23, 2013/05/23, 10:04:14.797, 2444501308124, QTAgent32.exe, Playback - [WARNING] Internal warning: Smart Match failed
\0
W, 5176, 23, 2013/05/23, 10:04:14.969, 2444503763483, QTAgent32.exe, Playback - [WARNING] Internal warning: Smart Match failed
\0
W, 5176, 23, 2013/05/23, 10:04:15.146, 2444506301985, QTAgent32.exe, Playback - [WARNING] Internal warning: Smart Match failed
\0
W, 5176, 23, 2013/05/23, 10:04:15.323, 2444508832254, QTAgent32.exe, Playback - [WARNING] Internal warning: Smart Match failed
\0
W, 5176, 23, 2013/05/23, 10:04:15.500, 2444511362398, QTAgent32.exe, Playback - [WARNING] Internal warning: Smart Match failed
\0
W, 5176, 23, 2013/05/23, 10:04:15.677, 2444513896619, QTAgent32.exe, Playback - [WARNING] Internal warning: Smart Match failed
\0
W, 5176, 23, 2013/05/23, 10:04:15.852, 2444516411821, QTAgent32.exe, Playback - [WARNING] Internal warning: Smart Match failed
\0
W, 5176, 23, 2013/05/23, 10:04:15.920, 2444517384027, QTAgent32.exe, Playback - [WARNING] Internal warning: Window Not Found: [VisibleOnly]ControlType='Window' &amp;&amp; Name='Warning' &amp;&amp; ClassName='#32770'
\0
E, 5176, 23, 2013/05/23, 10:04:15.920, 2444517385853, QTAgent32.exe, &lt;a class=failure&gt;Playback - {16} [FAILED] Function ElementFetcher::FindScreenElement failed to locate UI element (Searching: ;[VisibleOnly]ControlType='Window' &amp;&amp; Name='Warning' &amp;&amp; ClassName='#32770') (The object specified was not found.)
\0&lt;/a&gt;
E, 5176, 23, 2013/05/23, 10:04:15.961, 2444517972115, QTAgent32.exe, Playback - [IMAGE] C:\Users\testuser\AppData\Local\Temp\UITestLogs\LastRun\RPF1B54.png
\0
W, 5176, 23, 2013/05/23, 10:04:15.961, 2444517973677, QTAgent32.exe, Playback - [WARNING] Internal warning: Couldn't find descendants that match QueryId
\0
W, 5176, 23, 2013/05/23, 10:04:15.961, 2444517975995, QTAgent32.exe, PERF WARNING: FindTopLevelWindowHelper::FindAllDescendents: took 3154 ms. Expected it to take maximum 500 ms.
E, 5176, 23, 2013/05/23, 10:04:15.962, 2444517977944, QTAgent32.exe, Exception: System.Runtime.InteropServices.COMException
	Message: Error HRESULT E_FAIL has been returned from a call to a COM component.
	Stack Trace:    at Microsoft.VisualStudio.TestTools.UITest.Playback.Engine.IRPFPlayback.FindAllScreenElements(IScreenElement pScreenElementStart, String bstrQueryId, Object&amp; pvarResKeys, Int32 cResKeys, Int32 nMaxDepth, Object[]&amp; foundDescendants)
   at Microsoft.VisualStudio.TestTools.UITest.Playback.ScreenElement.FindTopLevelWindowHelper(String queryId)
	BaseExceptionMessage: Error HRESULT E_FAIL has been returned from a call to a COM component.

E, 5176, 23, 2013/05/23, 10:04:16.078, 2444519644943, QTAgent32.exe, AL: Playback Error: Microsoft.VisualStudio.TestTools.UITest.Extension.UITestControlNotFoundException: The playback failed to find the control with the given search properties. Additional Details: 
TechnologyName:  'MSAA'
ControlType:  'Window'
Name:  'Warning'
ClassName:  '#32770'
 ---&gt; System.Runtime.InteropServices.COMException: Error HRESULT E_FAIL has been returned from a call to a COM component.
   at Microsoft.VisualStudio.TestTools.UITest.Playback.Engine.IRPFPlayback.FindAllScreenElements(IScreenElement pScreenElementStart, String bstrQueryId, Object&amp; pvarResKeys, Int32 cResKeys, Int32 nMaxDepth, Object[]&amp; foundDescendants)
   at Microsoft.VisualStudio.TestTools.UITest.Playback.ScreenElement.FindTopLevelWindowHelper(String queryId)
   at Microsoft.VisualStudio.TestTools.UITest.Playback.ScreenElement.FindFromPartialQueryId(String queryId)
   at Microsoft.VisualStudio.TestTools.UITesting.UITestControl..ctor(String queryId)
   --- End of inner exception stack trace ---
   at Microsoft.VisualStudio.TestTools.UITesting.Playback.MapControlNotFoundException(COMException ex, IPlaybackContext context)
   at Microsoft.VisualStudio.TestTools.UITesting.Playback.MapAndThrowComException(COMException innerException, IPlaybackContext context)
   at Microsoft.VisualStudio.TestTools.UITesting.Playback.MapAndThrowException(SystemException exception, IPlaybackContext context)
   at Microsoft.VisualStudio.TestTools.UITesting.Playback.MapAndThrowException(SystemException exception, String queryId)
   at Microsoft.VisualStudio.TestTools.UITesting.UITestControl..ctor(String queryId)
   at Microsoft.VisualStudio.TestTools.UITesting.SearchHelper.SearchTopLevelWindow(ISearchArgument topLevelSearchArg, String topLevelElementQueryId)
   at Microsoft.VisualStudio.TestTools.UITesting.SearchHelper.GetTitleUpdatedTopLevelWindow(ISearchArgument topLevelSearchArg, String queryId, IList`1 windowTitles)
   at Microsoft.VisualStudio.TestTools.UITesting.SearchHelper.GetTopLevelElement(Boolean useCache, Boolean useCacheOnly, ISearchArgument searchArg, IList`1 windowTitles, Int32&amp; timeLeft)
   at Microsoft.VisualStudio.TestTools.UITesting.SearchHelper.GetElement(Boolean useCache, ISearchArgument searchArg)
   at Microsoft.VisualStudio.TestTools.UITesting.SearchHelper.Search(ISearchArgument searchArg)
   at Microsoft.VisualStudio.TestTools.UITesting.UITestControl.FindInternal()
   at Microsoft.VisualStudio.TestTools.UITesting.UITestControl.FindControlIfNecessary()
   at Microsoft.VisualStudio.TestTools.UITesting.UITestControl.Click(MouseButtons button, ModifierKeys modifierKeys, Point relativeCoordinates)
   at Microsoft.VisualStudio.TestTools.UITesting.Mouse.ClickImplementation(UITestControl control, MouseButtons button, ModifierKeys modifierKeys, Point relativeCoordinate)
   at Microsoft.VisualStudio.TestTools.UITesting.Mouse.ClickImplementationWrapper(UITestControl control, MouseButtons button, ModifierKeys modifierKeys, Point relativeCoordinate)
W, 5176, 23, 2013/05/23, 10:04:16.078, 2444519646958, QTAgent32.exe, PlaybackErrorHandler: Ignoring exception as ContinueOnError is set.
W, 5176, 23, 2013/05/23, 10:04:16.110, 2444520104924, QTAgent32.exe, &lt;a class=success&gt;Playback - {17} [SUCCESS] TypeString "#(R)"
\0&lt;/a&gt;
E, 5176, 23, 2013/05/23, 10:04:16.615, 2444527332103, QTAgent32.exe, Exception: System.ArgumentException
	Message: Value does not fall within the expected range.
	Stack Trace:    at Accessibility.IAccessible.get_accRole(Object varChild)
   at Microsoft.VisualStudio.TestTools.UITest.Extension.Msaa.AccWrapper.get_RoleInt()
	BaseExceptionMessage: Value does not fall within the expected range.

E, 5176, 23, 2013/05/23, 10:04:16.617, 2444527361287, QTAgent32.exe, Exception: System.ArgumentException
	Message: Value does not fall within the expected range.
	Stack Trace:    at Accessibility.IAccessible.get_accRole(Object varChild)
   at Microsoft.VisualStudio.TestTools.UITest.Extension.Msaa.AccWrapper.get_RoleInt()
	BaseExceptionMessage: Value does not fall within the expected range.

W, 5176, 23, 2013/05/23, 10:04:16.847, 2444530654550, QTAgent32.exe, &lt;a class=success&gt;Playback - {18} [SUCCESS] LeftButtonClick  &lt; Mouse cursor location (87, 908) &gt;
\0&lt;/a&gt;
W, 5176, 23, 2013/05/23, 10:04:17.672, 2444542470385, QTAgent32.exe, &lt;a class=success&gt;Playback - {19} [SUCCESS] SetValueAsEditBox "c:\TestProject7\ourhighway.reg"  &lt; Set via SendKeys &gt;
\0&lt;/a&gt;
W, 5176, 23, 2013/05/23, 10:04:17.673, 2444542472263, QTAgent32.exe, &lt;a class=success&gt;Playback - {20} [SUCCESS] SetValueAsComboBox "c:\TestProject7\ourhighway.reg" - "[MSAA, VisibleOnly]ControlType='ComboBox' &amp;&amp; Name='Open:'"  &lt; Set via SetValueAsEditBox &gt;
\0&lt;/a&gt;
W, 5176, 23, 2013/05/23, 10:04:17.903, 2444545773013, QTAgent32.exe, &lt;a class=success&gt;Playback - {21} [SUCCESS] MouseButtonClick - "[MSAA, VisibleOnly]ControlType='Button' &amp;&amp; Name='OK'"
\0&lt;/a&gt;
W, 5176, 23, 2013/05/23, 10:04:18.553, 2444555087140, QTAgent32.exe, &lt;a class=success&gt;Playback - {22} [SUCCESS] MouseButtonClick - "[MSAA, VisibleOnly]ControlType='Button' &amp;&amp; Name='Yes'"
\0&lt;/a&gt;
W, 5176, 23, 2013/05/23, 10:04:20.924, 2444589035065, QTAgent32.exe, &lt;a class=success&gt;Playback - {23} [SUCCESS] MouseButtonClick - "[MSAA, VisibleOnly]ControlType='Button' &amp;&amp; Name='OK'"
\0&lt;/a&gt;
W, 5176, 23, 2013/05/23, 10:04:21.182, 2444592718114, QTAgent32.exe, &lt;a class=success&gt;Playback - {24} [SUCCESS] MouseButtonClick - "[MSAA, VisibleOnly]ControlType='Button' &amp;&amp; Name='Clients &amp; Files'"
\0&lt;/a&gt;
W, 5176, 23, 2013/05/23, 10:04:21.983, 2444604187050, QTAgent32.exe, PERF WARNING: FindTopLevelWindowHelper::FindAllDescendents: took 673 ms. Expected it to take maximum 500 ms.
W, 5176, 23, 2013/05/23, 10:04:22.262, 2444608187329, QTAgent32.exe, Playback - [WARNING] Internal warning: Incorrect flag set for InvokeProgrammaticAction\0
W, 5176, 23, 2013/05/23, 10:04:22.380, 2444609878253, QTAgent32.exe, &lt;a class=success&gt;Playback - {25} [SUCCESS] SetValueAsComboBox "Customers" - "[MSAA, VisibleOnly]ControlType='ComboBox'"  &lt; SetValueAsComboBox, set by clicking on the item in the list box &gt;
\0&lt;/a&gt;
W, 5176, 23, 2013/05/23, 10:04:22.857, 2444616708991, QTAgent32.exe, &lt;a class=success&gt;Playback - {26} [SUCCESS] MouseButtonClick - "[MSAA, VisibleOnly]ControlType='Button' &amp;&amp; Name='Add'"
\0&lt;/a&gt;
W, 5176, 23, 2013/05/23, 10:04:23.210, 2444621757056, QTAgent32.exe, &lt;a class=success&gt;Playback - {27} [SUCCESS] SendKeys "autotest" - "[MSAA, VisibleOnly]ControlType='RadioButton' &amp;&amp; Name='Personal Lines'"
\0&lt;/a&gt;
W, 5176, 23, 2013/05/23, 10:04:23.544, 2444626549101, QTAgent32.exe, &lt;a class=success&gt;Playback - {28} [SUCCESS] SetValueAsEditBox "autotest" - "[MSAA, VisibleOnly]ControlType='Edit'"  &lt; Set via SendKeys &gt;
\0&lt;/a&gt;
W, 5176, 23, 2013/05/23, 10:04:23.767, 2444629738116, QTAgent32.exe, &lt;a class=success&gt;Playback - {29} [SUCCESS] MouseButtonClick - "[MSAA, VisibleOnly]ControlType='Button' &amp;&amp; Name='OK'"
\0&lt;/a&gt;
W, 5176, 23, 2013/05/23, 10:04:24.111, 2444634662594, QTAgent32.exe, &lt;a class=success&gt;Playback - {30} [SUCCESS] MouseButtonClick - "[MSAA, VisibleOnly]ControlType='Button' &amp;&amp; Name='Yes'"
\0&lt;/a&gt;
W, 5176, 23, 2013/05/23, 10:04:24.367, 2444638324640, QTAgent32.exe, &lt;a class=success&gt;Playback - {31} [SUCCESS] SendKeys "^{HOME}" - "[MSAA, VisibleOnly]ControlType='Edit'"
\0&lt;/a&gt;
E, 5176, 23, 2013/05/23, 10:04:24.367, 2444638326743, QTAgent32.exe, Msaa.GetFocusedElement: could not find accessible object of foreground window
W, 5176, 23, 2013/05/23, 10:04:24.419, 2444639075850, QTAgent32.exe, &lt;a class=success&gt;Playback - {32} [SUCCESS] SendKeys "^+{END}" - "[MSAA, VisibleOnly]ControlType='Edit'"
\0&lt;/a&gt;
E, 5176, 23, 2013/05/23, 10:04:24.419, 2444639077390, QTAgent32.exe, Msaa.GetFocusedElement: could not find accessible object of foreground window
W, 5176, 23, 2013/05/23, 10:04:24.432, 2444639256899, QTAgent32.exe, &lt;a class=success&gt;Playback - {33} [SUCCESS] SendKeys "{DELETE}" - "[MSAA, VisibleOnly]ControlType='Edit'"
\0&lt;/a&gt;
W, 5176, 23, 2013/05/23, 10:04:24.485, 2444640017574, QTAgent32.exe, &lt;a class=success&gt;Playback - {34} [SUCCESS] SetValueAsEditBox "1" - "[MSAA, VisibleOnly]ControlType='Edit'"  &lt; Set via SendKeys &gt;
\0&lt;/a&gt;
W, 5176, 23, 2013/05/23, 10:04:24.671, 2444642680037, QTAgent32.exe, &lt;a class=success&gt;Playback - {35} [SUCCESS] SendKeys "^{HOME}" - "[MSAA, VisibleOnly]ControlType='Edit'"
\0&lt;/a&gt;
E, 5176, 23, 2013/05/23, 10:04:24.671, 2444642682173, QTAgent32.exe, Msaa.GetFocusedElement: could not find accessible object of foreground window
W, 5176, 23, 2013/05/23, 10:04:24.737, 2444643624326, QTAgent32.exe, &lt;a class=success&gt;Playback - {36} [SUCCESS] SendKeys "^+{END}" - "[MSAA, VisibleOnly]ControlType='Edit'"
\0&lt;/a&gt;
E, 5176, 23, 2013/05/23, 10:04:24.737, 2444643626637, QTAgent32.exe, Msaa.GetFocusedElement: could not find accessible object of foreground window
W, 5176, 23, 2013/05/23, 10:04:24.750, 2444643810364, QTAgent32.exe, &lt;a class=success&gt;Playback - {37} [SUCCESS] SendKeys "{DELETE}" - "[MSAA, VisibleOnly]ControlType='Edit'"
\0&lt;/a&gt;
W, 5176, 23, 2013/05/23, 10:04:24.802, 2444644560148, QTAgent32.exe, &lt;a class=success&gt;Playback - {38} [SUCCESS] SetValueAsEditBox "1" - "[MSAA, VisibleOnly]ControlType='Edit'"  &lt; Set via SendKeys &gt;
\0&lt;/a&gt;
W, 5176, 23, 2013/05/23, 10:04:26.409, 2444667557197, QTAgent32.exe, Playback - [WARNING] Internal warning: Target element "[MSAA, VisibleOnly]ControlType='Button' &amp;&amp; Name='OK'" was not found, so all intermediate elements were ignored. An incorrect element that matches target element Id can be found as the result.  Verify that all intermediate elements in QueryId have valid and unique Ids
\0
W, 5176, 23, 2013/05/23, 10:04:26.945, 2444675240436, QTAgent32.exe, PERF WARNING: FindAllDescendents: took 2041 ms. Expected it to take maximum 500 ms.
W, 5176, 23, 2013/05/23, 10:04:27.260, 2444679747446, QTAgent32.exe, &lt;a class=success&gt;Playback - {39} [SUCCESS] MouseButtonClick - "[MSAA, VisibleOnly]ControlType='Button' &amp;&amp; Name='OK'"
\0&lt;/a&gt;
W, 5176, 23, 2013/05/23, 10:04:27.619, 2444684888350, QTAgent32.exe, &lt;a class=success&gt;Playback - {40} [SUCCESS] MouseButtonClick - "[MSAA, VisibleOnly]ControlType='Button'"
\0&lt;/a&gt;
W, 5176, 23, 2013/05/23, 10:04:27.944, 2444689547879, QTAgent32.exe, &lt;a class=success&gt;Playback - {41} [SUCCESS] MouseButtonClick - "[MSAA, VisibleOnly]ControlType='Button' &amp;&amp; Name='Add'"
\0&lt;/a&gt;
W, 5176, 23, 2013/05/23, 10:04:28.285, 2444694429706, QTAgent32.exe, &lt;a class=success&gt;Playback - {42} [SUCCESS] MouseButtonClick - "[MSAA, VisibleOnly]ControlType='Button' &amp;&amp; Name='OK'"
\0&lt;/a&gt;
W, 5176, 23, 2013/05/23, 10:04:30.518, 2444726392607, QTAgent32.exe, &lt;a class=success&gt;Playback - {43} [SUCCESS] MouseButtonClick - "[MSAA, VisibleOnly,Window]ControlType='Window' &amp;&amp; ClassName='ThunderRT6TextBox'"
\0&lt;/a&gt;
W, 5176, 23, 2013/05/23, 10:04:30.786, 2444730240308, QTAgent32.exe, &lt;a class=success&gt;Playback - {44} [SUCCESS] SetValueAsEditBox "MOTO" - "[MSAA, VisibleOnly]ControlType='Edit'"  &lt; Set via SendKeys &gt;
\0&lt;/a&gt;
W, 5176, 23, 2013/05/23, 10:04:31.106, 2444734813674, QTAgent32.exe, &lt;a class=success&gt;Playback - {45} [SUCCESS] MouseButtonClick - "[MSAA, VisibleOnly]ControlType='Button' &amp;&amp; Name='OK'"
\0&lt;/a&gt;
W, 5176, 23, 2013/05/23, 10:04:31.350, 2444738310740, QTAgent32.exe, &lt;a class=success&gt;Playback - {46} [SUCCESS] MouseButtonClick - "[MSAA, VisibleOnly]ControlType='Button' &amp;&amp; Name='Options'"
\0&lt;/a&gt;
W, 5176, 23, 2013/05/23, 10:04:31.450, 2444739749465, QTAgent32.exe, FindScreenElementInSinglePass : Attempting to find control in one pass of search. Failures can occur.
W, 5176, 23, 2013/05/23, 10:04:31.594, 2444741801516, QTAgent32.exe, &lt;a class=success&gt;Playback - {47} [SUCCESS] MouseButtonClick - "[MSAA]ControlType='MenuItem' &amp;&amp; Name='Links'"
\0&lt;/a&gt;
W, 5176, 23, 2013/05/23, 10:04:31.694, 2444743237304, QTAgent32.exe, FindScreenElementInSinglePass : Attempting to find control in one pass of search. Failures can occur.
W, 5176, 23, 2013/05/23, 10:04:31.845, 2444745403327, QTAgent32.exe, &lt;a class=success&gt;Playback - {48} [SUCCESS] MouseButtonClick - "[MSAA]ControlType='MenuItem' &amp;&amp; Name='3rd Party Integration'"
\0&lt;/a&gt;
W, 5176, 23, 2013/05/23, 10:04:31.945, 2444746838484, QTAgent32.exe, FindScreenElementInSinglePass : Attempting to find control in one pass of search. Failures can occur.
W, 5176, 23, 2013/05/23, 10:04:32.099, 2444749032422, QTAgent32.exe, &lt;a class=success&gt;Playback - {49} [SUCCESS] MouseButtonClick - "[MSAA]ControlType='MenuItem' &amp;&amp; Name='Quote Select List'"
\0&lt;/a&gt;
W, 5176, 23, 2013/05/23, 10:04:33.170, 2444764368163, QTAgent32.exe, PERF WARNING: FindTopLevelWindowHelper::FindAllDescendents: took 969 ms. Expected it to take maximum 500 ms.
W, 5176, 23, 2013/05/23, 10:04:33.300, 2444766223818, QTAgent32.exe, &lt;a class=success&gt;Playback - {50} [SUCCESS] MouseButtonClick - "[MSAA, VisibleOnly]ControlType='Button' &amp;&amp; Name='Ok'"
\0&lt;/a&gt;
W, 5176, 23, 2013/05/23, 10:04:35.894, 2444803373523, QTAgent32.exe, PERF WARNING: FindTopLevelWindowHelper::FindAllDescendents: took 2493 ms. Expected it to take maximum 500 ms.
W, 5176, 23, 2013/05/23, 10:04:36.021, 2444805188928, QTAgent32.exe, &lt;a class=success&gt;Playback - {51} [SUCCESS] MouseButtonClick - "[MSAA, VisibleOnly]ControlType='Button' &amp;&amp; Name='Ok'"
\0&lt;/a&gt;
W, 5176, 23, 2013/05/23, 10:04:36.286, 2444808993043, QTAgent32.exe, &lt;a class=success&gt;Playback - {52} [SUCCESS] SetValueAsEditBox "test" - "[MSAA, VisibleOnly]ControlType='Edit'"  &lt; Set via SendKeys &gt;
\0&lt;/a&gt;
W, 5176, 23, 2013/05/23, 10:04:36.554, 2444812830977, QTAgent32.exe, &lt;a class=success&gt;Playback - {53} [SUCCESS] SetValueAsEditBox "test" - "[MSAA, VisibleOnly]ControlType='Edit'"  &lt; Set via SendKeys &gt;
\0&lt;/a&gt;
W, 5176, 23, 2013/05/23, 10:04:36.879, 2444817477998, QTAgent32.exe, &lt;a class=success&gt;Playback - {54} [SUCCESS] SetValueAsEditBox "160486" - "[MSAA, VisibleOnly]ControlType='Edit'"  &lt; Set via SendKeys &gt;
\0&lt;/a&gt;
W, 5176, 23, 2013/05/23, 10:04:37.182, 2444821809606, QTAgent32.exe, &lt;a class=success&gt;Playback - {55} [SUCCESS] SetValueAsEditBox "BN16BN" - "[MSAA, VisibleOnly]ControlType='Edit'"  &lt; Set via SendKeys &gt;
\0&lt;/a&gt;
W, 5176, 23, 2013/05/23, 10:04:39.411, 2444853726672, QTAgent32.exe, &lt;a class=success&gt;Playback - {56} [SUCCESS] MouseButtonClick - "[MSAA, VisibleOnly]ControlType='Button' &amp;&amp; Name='Lookup...'"
\0&lt;/a&gt;
W, 5176, 23, 2013/05/23, 10:04:39.653, 2444857193914, QTAgent32.exe, &lt;a class=success&gt;Playback - {57} [SUCCESS] MouseButtonClick - "[MSAA, VisibleOnly]ControlType='Button' &amp;&amp; Name='Ok'"
\0&lt;/a&gt;
W, 5176, 23, 2013/05/23, 10:04:41.075, 2444877556272, QTAgent32.exe, &lt;a class=success&gt;Playback - {58} [SUCCESS] MouseButtonClick - "[MSAA, VisibleOnly]ControlType='Button' &amp;&amp; Name='OK'"
\0&lt;/a&gt;
W, 5176, 23, 2013/05/23, 10:04:42.875, 2444903328644, QTAgent32.exe, PERF WARNING: FindTopLevelWindowHelper::FindAllDescendents: took 1699 ms. Expected it to take maximum 500 ms.
W, 5176, 23, 2013/05/23, 10:04:43.145, 2444907199908, QTAgent32.exe, Playback - [WARNING] Internal warning: Incorrect flag set for InvokeProgrammaticAction\0
W, 5176, 23, 2013/05/23, 10:04:43.264, 2444908900594, QTAgent32.exe, &lt;a class=success&gt;Playback - {59} [SUCCESS] SetValueAsComboBox "Account Executive" - "[MSAA, VisibleOnly]ControlType='ComboBox'"  &lt; SetValueAsComboBox, set by clicking on the item in the list box &gt;
\0&lt;/a&gt;
W, 5176, 23, 2013/05/23, 10:04:43.641, 2444914297346, QTAgent32.exe, Playback - [WARNING] Internal warning: Incorrect flag set for InvokeProgrammaticAction\0
W, 5176, 23, 2013/05/23, 10:04:44.115, 2444921085804, QTAgent32.exe, &lt;a class=success&gt;Playback - {60} [SUCCESS] SetValueAsComboBox "Aerial Manufacturer" - "[MSAA, VisibleOnly]ControlType='ComboBox'"  &lt; SetValueAsComboBox, set by clicking on the item in the list box &gt;
\0&lt;/a&gt;
W, 5176, 23, 2013/05/23, 10:04:44.480, 2444926317092, QTAgent32.exe, &lt;a class=success&gt;Playback - {61} [SUCCESS] SetValueAsEditBox "151208" - "[MSAA, VisibleOnly]ControlType='Edit'"  &lt; Set via SendKeys &gt;
\0&lt;/a&gt;
W, 5176, 23, 2013/05/23, 10:04:44.706, 2444929536482, QTAgent32.exe, &lt;a class=success&gt;Playback - {62} [SUCCESS] MouseButtonClick - "[MSAA, VisibleOnly]ControlType='Button' &amp;&amp; Name='OK'"
\0&lt;/a&gt;
W, 5176, 23, 2013/05/23, 10:04:46.657, 2444957477497, QTAgent32.exe, PERF WARNING: FindTopLevelWindowHelper::FindAllDescendents: took 1741 ms. Expected it to take maximum 500 ms.
E, 5176, 23, 2013/05/23, 10:04:46.683, 2444957850110, QTAgent32.exe, Exception: System.ArgumentException
	Message: Value does not fall within the expected range.
	Stack Trace:    at Accessibility.IAccessible.get_accRole(Object varChild)
   at Microsoft.VisualStudio.TestTools.UITest.Extension.Msaa.AccWrapper.get_RoleInt()
	BaseExceptionMessage: Value does not fall within the expected range.

E, 5176, 23, 2013/05/23, 10:04:46.685, 2444957877256, QTAgent32.exe, Exception: System.ArgumentException
	Message: Value does not fall within the expected range.
	Stack Trace:    at Accessibility.IAccessible.get_accRole(Object varChild)
   at Microsoft.VisualStudio.TestTools.UITest.Extension.Msaa.AccWrapper.get_RoleInt()
	BaseExceptionMessage: Value does not fall within the expected range.

W, 5176, 23, 2013/05/23, 10:04:46.879, 2444960663418, QTAgent32.exe, &lt;a class=success&gt;Playback - {63} [SUCCESS] LeftButtonClick  &lt; Mouse cursor location (680, 395) &gt;
\0&lt;/a&gt;
W, 5176, 23, 2013/05/23, 10:04:47.115, 2444964042639, QTAgent32.exe, &lt;a class=success&gt;Playback - {64} [SUCCESS] SetValueAsEditBox "FORD"  &lt; Set via SendKeys &gt;
\0&lt;/a&gt;
W, 5176, 23, 2013/05/23, 10:04:47.115, 2444964044366, QTAgent32.exe, &lt;a class=success&gt;Playback - {65} [SUCCESS] SetValueAsComboBox "FORD" - "[MSAA, VisibleOnly]ControlType='ComboBox'"  &lt; Set via SetValueAsEditBox &gt;
\0&lt;/a&gt;
E, 5176, 23, 2013/05/23, 10:04:47.222, 2444965569215, QTAgent32.exe, Exception: System.ArgumentException
	Message: Value does not fall within the expected range.
	Stack Trace:    at Accessibility.IAccessible.get_accRole(Object varChild)
   at Microsoft.VisualStudio.TestTools.UITest.Extension.Msaa.AccWrapper.get_RoleInt()
	BaseExceptionMessage: Value does not fall within the expected range.

E, 5176, 23, 2013/05/23, 10:04:47.224, 2444965597436, QTAgent32.exe, Exception: System.ArgumentException
	Message: Value does not fall within the expected range.
	Stack Trace:    at Accessibility.IAccessible.get_accRole(Object varChild)
   at Microsoft.VisualStudio.TestTools.UITest.Extension.Msaa.AccWrapper.get_RoleInt()
	BaseExceptionMessage: Value does not fall within the expected range.

W, 5176, 23, 2013/05/23, 10:04:47.859, 2444974689741, QTAgent32.exe, &lt;a class=success&gt;Playback - {66} [SUCCESS] LeftButtonClick  &lt; Mouse cursor location (1040, 395) &gt;
\0&lt;/a&gt;
W, 5176, 23, 2013/05/23, 10:04:48.059, 2444977562145, QTAgent32.exe, &lt;a class=success&gt;Playback - {67} [SUCCESS] SetValueAsEditBox "KA"  &lt; Set via SendKeys &gt;
\0&lt;/a&gt;
W, 5176, 23, 2013/05/23, 10:04:48.060, 2444977564163, QTAgent32.exe, &lt;a class=success&gt;Playback - {68} [SUCCESS] SetValueAsComboBox "KA" - "[MSAA, VisibleOnly]ControlType='ComboBox'"  &lt; Set via SetValueAsEditBox &gt;
\0&lt;/a&gt;
W, 5176, 23, 2013/05/23, 10:04:48.581, 2444985030436, QTAgent32.exe, &lt;a class=success&gt;Playback - {69} [SUCCESS] MouseButtonClick - "[MSAA, VisibleOnly]ControlType='Button' &amp;&amp; Name='Filter'"
\0&lt;/a&gt;
W, 5176, 23, 2013/05/23, 10:04:48.883, 2444989343694, QTAgent32.exe, &lt;a class=success&gt;Playback - {70} [SUCCESS] MouseButtonClick - "[MSAA, VisibleOnly]ControlType='Button' &amp;&amp; Name='OK'"
\0&lt;/a&gt;
W, 5176, 23, 2013/05/23, 10:04:49.294, 2444995230005, QTAgent32.exe, &lt;a class=success&gt;Playback - {71} [SUCCESS] SendKeys "^{HOME}" - "[MSAA, VisibleOnly]ControlType='Edit'"
\0&lt;/a&gt;
E, 5176, 23, 2013/05/23, 10:04:49.294, 2444995232194, QTAgent32.exe, Msaa.GetFocusedElement: could not find accessible object of foreground window
W, 5176, 23, 2013/05/23, 10:04:49.352, 2444996060499, QTAgent32.exe, &lt;a class=success&gt;Playback - {72} [SUCCESS] SendKeys "^+{END}" - "[MSAA, VisibleOnly]ControlType='Edit'"
\0&lt;/a&gt;
E, 5176, 23, 2013/05/23, 10:04:49.352, 2444996062790, QTAgent32.exe, Msaa.GetFocusedElement: could not find accessible object of foreground window
W, 5176, 23, 2013/05/23, 10:04:49.375, 2444996396717, QTAgent32.exe, &lt;a class=success&gt;Playback - {73} [SUCCESS] SendKeys "{DELETE}" - "[MSAA, VisibleOnly]ControlType='Edit'"
\0&lt;/a&gt;
W, 5176, 23, 2013/05/23, 10:04:49.563, 2444999079867, QTAgent32.exe, &lt;a class=success&gt;Playback - {74} [SUCCESS] SetValueAsEditBox "123434" - "[MSAA, VisibleOnly]ControlType='Edit'"  &lt; Set via SendKeys &gt;
\0&lt;/a&gt;
W, 5176, 23, 2013/05/23, 10:04:49.790, 2445002332423, QTAgent32.exe, &lt;a class=success&gt;Playback - {75} [SUCCESS] SendKeys "^{HOME}" - "[MSAA, VisibleOnly]ControlType='Edit'"
\0&lt;/a&gt;
E, 5176, 23, 2013/05/23, 10:04:49.790, 2445002334745, QTAgent32.exe, Msaa.GetFocusedElement: could not find accessible object of foreground window
W, 5176, 23, 2013/05/23, 10:04:49.852, 2445003228231, QTAgent32.exe, &lt;a class=success&gt;Playback - {76} [SUCCESS] SendKeys "^+{END}" - "[MSAA, VisibleOnly]ControlType='Edit'"
\0&lt;/a&gt;
E, 5176, 23, 2013/05/23, 10:04:49.852, 2445003230978, QTAgent32.exe, Msaa.GetFocusedElement: could not find accessible object of foreground window
W, 5176, 23, 2013/05/23, 10:04:49.866, 2445003421719, QTAgent32.exe, &lt;a class=success&gt;Playback - {77} [SUCCESS] SendKeys "{DELETE}" - "[MSAA, VisibleOnly]ControlType='Edit'"
\0&lt;/a&gt;
W, 5176, 23, 2013/05/23, 10:04:50.011, 2445005499328, QTAgent32.exe, &lt;a class=success&gt;Playback - {78} [SUCCESS] SetValueAsEditBox "1000" - "[MSAA, VisibleOnly]ControlType='Edit'"  &lt; Set via SendKeys &gt;
\0&lt;/a&gt;
W, 5176, 23, 2013/05/23, 10:04:50.236, 2445008725736, QTAgent32.exe, &lt;a class=success&gt;Playback - {79} [SUCCESS] SendKeys "^{HOME}" - "[MSAA, VisibleOnly]ControlType='Edit'"
\0&lt;/a&gt;
E, 5176, 23, 2013/05/23, 10:04:50.236, 2445008727727, QTAgent32.exe, Msaa.GetFocusedElement: could not find accessible object of foreground window
W, 5176, 23, 2013/05/23, 10:04:50.305, 2445009707385, QTAgent32.exe, &lt;a class=success&gt;Playback - {80} [SUCCESS] SendKeys "^+{END}" - "[MSAA, VisibleOnly]ControlType='Edit'"
\0&lt;/a&gt;
E, 5176, 23, 2013/05/23, 10:04:50.305, 2445009709597, QTAgent32.exe, Msaa.GetFocusedElement: could not find accessible object of foreground window
W, 5176, 23, 2013/05/23, 10:04:50.317, 2445009885956, QTAgent32.exe, &lt;a class=success&gt;Playback - {81} [SUCCESS] SendKeys "{DELETE}" - "[MSAA, VisibleOnly]ControlType='Edit'"
\0&lt;/a&gt;
W, 5176, 23, 2013/05/23, 10:04:50.549, 2445013207187, QTAgent32.exe, &lt;a class=success&gt;Playback - {82} [SUCCESS] SetValueAsEditBox "30/05/13" - "[MSAA, VisibleOnly]ControlType='Edit'"  &lt; Set via SendKeys &gt;
\0&lt;/a&gt;
W, 5176, 23, 2013/05/23, 10:04:50.891, 2445018100717, QTAgent32.exe, &lt;a class=success&gt;Playback - {83} [SUCCESS] MouseButtonClick - "[MSAA, VisibleOnly]ControlType='Button' &amp;&amp; Name='Calculate Quote'"
\0&lt;/a&gt;
W, 5176, 23, 2013/05/23, 10:04:51.120, 2445021384432, QTAgent32.exe, &lt;a class=success&gt;Playback - {84} [SUCCESS] MouseButtonClick - "[MSAA, VisibleOnly]ControlType='Button' &amp;&amp; Name='Cancel'"
\0&lt;/a&gt;
W, 5176, 23, 2013/05/23, 10:04:51.354, 2445024727683, QTAgent32.exe, &lt;a class=success&gt;Playback - {85} [SUCCESS] MouseButtonClick - "[MSAA, VisibleOnly]ControlType='Button' &amp;&amp; Name='No'"
\0&lt;/a&gt;
W, 5176, 23, 2013/05/23, 10:04:51.643, 2445028866815, QTAgent32.exe, &lt;a class=success&gt;Playback - {86} [SUCCESS] MouseButtonClick - "[MSAA, VisibleOnly]ControlType='Button' &amp;&amp; Name='Ok'"
\0&lt;/a&gt;
W, 5176, 23, 2013/05/23, 10:04:57.739, 2445116158949, QTAgent32.exe, PERF WARNING: FindTopLevelWindowHelper::FindAllDescendents: took 5996 ms. Expected it to take maximum 500 ms.
W, 5176, 23, 2013/05/23, 10:04:57.871, 2445118045995, QTAgent32.exe, &lt;a class=success&gt;Playback - {87} [SUCCESS] MouseButtonClick - "[MSAA, VisibleOnly]ControlType='Client'"
\0&lt;/a&gt;
W, 5176, 23, 2013/05/23, 10:04:59.398, 2445139916250, QTAgent32.exe, &lt;a class=success&gt;Playback - {88} [SUCCESS] SendKeys "{Home}" - "[MSAA, VisibleOnly]ControlType='Client'"
\0&lt;/a&gt;
W, 5176, 23, 2013/05/23, 10:05:02.671, 2445186776707, QTAgent32.exe, &lt;a class=success&gt;Playback - {89} [SUCCESS] MouseButtonClick - "[MSAA, VisibleOnly]ControlType='Button' &amp;&amp; Name='Accept'"
\0&lt;/a&gt;
W, 5176, 23, 2013/05/23, 10:05:03.132, 2445193377731, QTAgent32.exe, &lt;a class=success&gt;Playback - {90} [SUCCESS] MouseButtonClick - "[MSAA, VisibleOnly]ControlType='Button' &amp;&amp; Name='Yes'"
\0&lt;/a&gt;
W, 5176, 23, 2013/05/23, 10:05:03.361, 2445196652626, QTAgent32.exe, &lt;a class=success&gt;Playback - {91} [SUCCESS] MouseButtonClick - "[MSAA, VisibleOnly]ControlType='Button' &amp;&amp; Name='Ok'"
\0&lt;/a&gt;
W, 5176, 23, 2013/05/23, 10:05:03.581, 2445199806357, QTAgent32.exe, &lt;a class=success&gt;Playback - {92} [SUCCESS] MouseButtonClick - "[MSAA, VisibleOnly]ControlType='Button' &amp;&amp; Name='Ok'"
\0&lt;/a&gt;
W, 5176, 23, 2013/05/23, 10:05:03.810, 2445203084431, QTAgent32.exe, &lt;a class=success&gt;Playback - {93} [SUCCESS] MouseButtonClick - "[MSAA, VisibleOnly]ControlType='Button' &amp;&amp; Name='Confirm'"
\0&lt;/a&gt;
W, 5176, 23, 2013/05/23, 10:05:29.563, 2445571818591, QTAgent32.exe, Playback - [WARNING] Internal warning: Window Not Found: [VisibleOnly]ControlType='Window' &amp;&amp; Name='Save the file as' &amp;&amp; ClassName='#32770'
\0
E, 5176, 23, 2013/05/23, 10:05:29.563, 2445571821100, QTAgent32.exe, &lt;a class=failure&gt;Playback - {94} [FAILED] Function ElementFetcher::FindScreenElement failed to locate UI element (Searching: ;[VisibleOnly]ControlType='Window' &amp;&amp; Name='Save the file as' &amp;&amp; ClassName='#32770') (The object specified was not found.)
\0&lt;/a&gt;
E, 5176, 23, 2013/05/23, 10:05:29.615, 2445572552789, QTAgent32.exe, Playback - [IMAGE] C:\Users\testuser\AppData\Local\Temp\UITestLogs\LastRun\RPF3AF5.png
\0
W, 5176, 23, 2013/05/23, 10:05:29.615, 2445572554478, QTAgent32.exe, Playback - [WARNING] Internal warning: Couldn't find descendants that match QueryId
\0
W, 5176, 23, 2013/05/23, 10:05:29.615, 2445572557393, QTAgent32.exe, PERF WARNING: FindTopLevelWindowHelper::FindAllDescendents: took 25704 ms. Expected it to take maximum 500 ms.
W, 5176, 23, 2013/05/23, 10:05:48.704, 2445845880791, QTAgent32.exe, Playback - [WARNING] Internal warning: Window Not Found: [VisibleOnly]ControlType='Window' &amp;&amp; Name='Save the file as' &amp;&amp; ClassName='#32770'
\0
E, 5176, 23, 2013/05/23, 10:05:48.704, 2445845883377, QTAgent32.exe, &lt;a class=failure&gt;Playback - {95} [FAILED] Function ElementFetcher::FindScreenElement failed to locate UI element (Searching: ;[VisibleOnly]ControlType='Window' &amp;&amp; Name='Save the file as' &amp;&amp; ClassName='#32770') (The object specified was not found.)
\0&lt;/a&gt;
E, 5176, 23, 2013/05/23, 10:05:48.748, 2445846512710, QTAgent32.exe, Playback - [IMAGE] C:\Users\testuser\AppData\Local\Temp\UITestLogs\LastRun\RPF85BC.png
\0
W, 5176, 23, 2013/05/23, 10:05:48.748, 2445846514413, QTAgent32.exe, Playback - [WARNING] Internal warning: Couldn't find descendants that match QueryId
\0
W, 5176, 23, 2013/05/23, 10:05:48.749, 2445846517438, QTAgent32.exe, PERF WARNING: FindTopLevelWindowHelper::FindAllDescendents: took 19133 ms. Expected it to take maximum 500 ms.
W, 5176, 23, 2013/05/23, 10:05:51.665, 2445888273145, QTAgent32.exe, Playback - [WARNING] Internal warning: Smart Match failed
\0
W, 5176, 23, 2013/05/23, 10:05:52.872, 2445905558068, QTAgent32.exe, Playback - [WARNING] Internal warning: Window Not Found: [VisibleOnly]ControlType='Window' &amp;&amp; Name='Save the file as' &amp;&amp; ClassName='#32770'
\0
E, 5176, 23, 2013/05/23, 10:05:52.872, 2445905560577, QTAgent32.exe, &lt;a class=failure&gt;Playback - {96} [FAILED] Function ElementFetcher::FindScreenElement failed to locate UI element (Searching: ;[VisibleOnly]ControlType='Window' &amp;&amp; Name='Save the file as' &amp;&amp; ClassName='#32770') (The object specified was not found.)
\0&lt;/a&gt;
E, 5176, 23, 2013/05/23, 10:05:52.915, 2445906168803, QTAgent32.exe, Playback - [IMAGE] C:\Users\testuser\AppData\Local\Temp\UITestLogs\LastRun\RPF9612.png
\0
W, 5176, 23, 2013/05/23, 10:05:52.915, 2445906170310, QTAgent32.exe, Playback - [WARNING] Internal warning: Couldn't find descendants that match QueryId
\0
W, 5176, 23, 2013/05/23, 10:05:52.915, 2445906172959, QTAgent32.exe, PERF WARNING: FindTopLevelWindowHelper::FindAllDescendents: took 4166 ms. Expected it to take maximum 500 ms.
E, 5176, 23, 2013/05/23, 10:05:52.915, 2445906174675, QTAgent32.exe, Exception: System.Runtime.InteropServices.COMException
	Message: Error HRESULT E_FAIL has been returned from a call to a COM component.
	Stack Trace:    at Microsoft.VisualStudio.TestTools.UITest.Playback.Engine.IRPFPlayback.FindAllScreenElements(IScreenElement pScreenElementStart, String bstrQueryId, Object&amp; pvarResKeys, Int32 cResKeys, Int32 nMaxDepth, Object[]&amp; foundDescendants)
   at Microsoft.VisualStudio.TestTools.UITest.Playback.ScreenElement.FindTopLevelWindowHelper(String queryId)
	BaseExceptionMessage: Error HRESULT E_FAIL has been returned from a call to a COM component.

E, 5176, 23, 2013/05/23, 10:05:53.015, 2445907610934, QTAgent32.exe, AL: Playback Error: Microsoft.VisualStudio.TestTools.UITest.Extension.UITestControlNotFoundException: The playback failed to find the control with the given search properties. Additional Details: 
TechnologyName:  'MSAA'
ControlType:  'Window'
Name:  'Save the file as'
ClassName:  '#32770'
 ---&gt; System.Runtime.InteropServices.COMException: Error HRESULT E_FAIL has been returned from a call to a COM component.
   at Microsoft.VisualStudio.TestTools.UITest.Playback.Engine.IRPFPlayback.FindAllScreenElements(IScreenElement pScreenElementStart, String bstrQueryId, Object&amp; pvarResKeys, Int32 cResKeys, Int32 nMaxDepth, Object[]&amp; foundDescendants)
   at Microsoft.VisualStudio.TestTools.UITest.Playback.ScreenElement.FindTopLevelWindowHelper(String queryId)
   at Microsoft.VisualStudio.TestTools.UITest.Playback.ScreenElement.FindFromPartialQueryId(String queryId)
   at Microsoft.VisualStudio.TestTools.UITesting.UITestControl..ctor(String queryId)
   --- End of inner exception stack trace ---
   at Microsoft.VisualStudio.TestTools.UITesting.Playback.MapControlNotFoundException(COMException ex, IPlaybackContext context)
   at Microsoft.VisualStudio.TestTools.UITesting.Playback.MapAndThrowComException(COMException innerException, IPlaybackContext context)
   at Microsoft.VisualStudio.TestTools.UITesting.Playback.MapAndThrowException(SystemException exception, IPlaybackContext context)
   at Microsoft.VisualStudio.TestTools.UITesting.Playback.MapAndThrowException(SystemException exception, String queryId)
   at Microsoft.VisualStudio.TestTools.UITesting.UITestControl..ctor(String queryId)
   at Microsoft.VisualStudio.TestTools.UITesting.SearchHelper.SearchTopLevelWindow(ISearchArgument topLevelSearchArg, String topLevelElementQueryId)
   at Microsoft.VisualStudio.TestTools.UITesting.SearchHelper.GetTitleUpdatedTopLevelWindow(ISearchArgument topLevelSearchArg, String queryId, IList`1 windowTitles)
   at Microsoft.VisualStudio.TestTools.UITesting.SearchHelper.GetTopLevelElement(Boolean useCache, Boolean useCacheOnly, ISearchArgument searchArg, IList`1 windowTitles, Int32&amp; timeLeft)
   at Microsoft.VisualStudio.TestTools.UITesting.SearchHelper.GetElement(Boolean useCache, ISearchArgument searchArg)
   at Microsoft.VisualStudio.TestTools.UITesting.SearchHelper.Search(ISearchArgument searchArg)
   at Microsoft.VisualStudio.TestTools.UITesting.UITestControl.FindInternal()
   at Microsoft.VisualStudio.TestTools.UITesting.UITestControl.FindControlIfNecessary()
   at Microsoft.VisualStudio.TestTools.UITesting.UITestControl.Click(MouseButtons button, ModifierKeys modifierKeys, Point relativeCoordinates)
   at Microsoft.VisualStudio.TestTools.UITesting.Mouse.ClickImplementation(UITestControl control, MouseButtons button, ModifierKeys modifierKeys, Point relativeCoordinate)
   at Microsoft.VisualStudio.TestTools.UITesting.Mouse.ClickImplementationWrapper(UITestControl control, MouseButtons button, ModifierKeys modifierKeys, Point relativeCoordinate)
W, 5176, 23, 2013/05/23, 10:05:53.016, 2445907612829, QTAgent32.exe, PlaybackErrorHandler: Ignoring exception as ContinueOnError is set.
W, 5176, 23, 2013/05/23, 10:05:53.142, 2445909430057, QTAgent32.exe, &lt;a class=success&gt;Playback - {97} [SUCCESS] Check - "[MSAA, VisibleOnly]ControlType='CheckBox' &amp;&amp; Name='Defer Printing?'"
\0&lt;/a&gt;
W, 5176, 23, 2013/05/23, 10:05:53.642, 2445916584575, QTAgent32.exe, &lt;a class=success&gt;Playback - {98} [SUCCESS] MouseButtonClick - "[MSAA, VisibleOnly]ControlType='Button' &amp;&amp; Name='Ok'"
\0&lt;/a&gt;
W, 5176, 23, 2013/05/23, 10:05:54.845, 2445933803118, QTAgent32.exe, PERF WARNING: FindTopLevelWindowHelper::FindAllDescendents: took 1102 ms. Expected it to take maximum 500 ms.
W, 5176, 23, 2013/05/23, 10:05:54.988, 2445935864793, QTAgent32.exe, &lt;a class=success&gt;Playback - {99} [SUCCESS] Uncheck - "[MSAA, VisibleOnly]ControlType='CheckBox' &amp;&amp; Name='Add Activity'"
\0&lt;/a&gt;
W, 5176, 23, 2013/05/23, 10:05:57.411, 2445970552704, QTAgent32.exe, &lt;a class=success&gt;Playback - {100} [SUCCESS] MouseButtonClick - "[MSAA, VisibleOnly]ControlType='Button' &amp;&amp; Name='Ok'"
\0&lt;/a&gt;
W, 5176, 23, 2013/05/23, 10:05:57.648, 2445973939146, QTAgent32.exe, &lt;a class=success&gt;Playback - {101} [SUCCESS] MouseButtonClick - "[MSAA, VisibleOnly]ControlType='Button' &amp;&amp; Name='Ok'"
\0&lt;/a&gt;
W, 5176, 23, 2013/05/23, 10:06:01.121, 2446023670635, QTAgent32.exe, PERF WARNING: FindTopLevelWindowHelper::FindAllDescendents: took 3366 ms. Expected it to take maximum 500 ms.
W, 5176, 23, 2013/05/23, 10:06:01.251, 2446025523507, QTAgent32.exe, &lt;a class=success&gt;Playback - {102} [SUCCESS] MouseButtonClick - "[MSAA, VisibleOnly]ControlType='Button' &amp;&amp; Name='OK'"
\0&lt;/a&gt;
W, 5176, 23, 2013/05/23, 10:06:01.474, 2446028722449, QTAgent32.exe, &lt;a class=success&gt;Playback - {103} [SUCCESS] MouseButtonClick - "[MSAA, VisibleOnly]ControlType='Button' &amp;&amp; Name='Cancel'"
\0&lt;/a&gt;
W, 5176, 23, 2013/05/23, 10:06:01.803, 2446033437333, QTAgent32.exe, &lt;a class=success&gt;Playback - {104} [SUCCESS] MouseButtonClick - "[MSAA, VisibleOnly]ControlType='Button'"
\0&lt;/a&gt;
W, 5176, 23, 2013/05/23, 10:06:02.209, 2446039249618, QTAgent32.exe, &lt;a class=success&gt;Playback - {105} [SUCCESS] MouseButtonClick - "[MSAA, VisibleOnly]ControlType='Button' &amp;&amp; Name='Detail'"
\0&lt;/a&gt;
E, 5176, 23, 2013/05/23, 10:06:04.430, 2446071043808, QTAgent32.exe, IEDOM : Could not get valid window handle of Internet Explorer_server
W, 5176, 23, 2013/05/23, 10:06:04.430, 2446071045055, QTAgent32.exe, IEDOM : Unable to get the document Window Handle
E, 5176, 23, 2013/05/23, 10:06:06.430, 2446099683857, QTAgent32.exe, IEDOM : Could not get valid window handle of Internet Explorer_server
W, 5176, 23, 2013/05/23, 10:06:06.430, 2446099685205, QTAgent32.exe, IEDOM : Unable to get the document Window Handle
E, 5176, 23, 2013/05/23, 10:06:08.431, 2446128330737, QTAgent32.exe, IEDOM : Could not get valid window handle of Internet Explorer_server
W, 5176, 23, 2013/05/23, 10:06:08.431, 2446128332041, QTAgent32.exe, IEDOM : Unable to get the document Window Handle
E, 5176, 23, 2013/05/23, 10:06:10.431, 2446156970612, QTAgent32.exe, IEDOM : Could not get valid window handle of Internet Explorer_server
W, 5176, 23, 2013/05/23, 10:06:10.431, 2446156971913, QTAgent32.exe, IEDOM : Unable to get the document Window Handle
E, 5176, 23, 2013/05/23, 10:06:12.431, 2446185610798, QTAgent32.exe, IEDOM : Could not get valid window handle of Internet Explorer_server
W, 5176, 23, 2013/05/23, 10:06:12.431, 2446185612048, QTAgent32.exe, IEDOM : Unable to get the document Window Handle
E, 5176, 23, 2013/05/23, 10:06:14.431, 2446214250577, QTAgent32.exe, IEDOM : Could not get valid window handle of Internet Explorer_server
W, 5176, 23, 2013/05/23, 10:06:14.431, 2446214251950, QTAgent32.exe, IEDOM : Unable to get the document Window Handle
E, 5176, 23, 2013/05/23, 10:06:16.432, 2446242890446, QTAgent32.exe, IEDOM : Could not get valid window handle of Internet Explorer_server
W, 5176, 23, 2013/05/23, 10:06:16.432, 2446242891761, QTAgent32.exe, IEDOM : Unable to get the document Window Handle
E, 5176, 23, 2013/05/23, 10:06:18.432, 2446271530532, QTAgent32.exe, IEDOM : Could not get valid window handle of Internet Explorer_server
W, 5176, 23, 2013/05/23, 10:06:18.432, 2446271531884, QTAgent32.exe, IEDOM : Unable to get the document Window Handle
E, 5176, 23, 2013/05/23, 10:06:20.432, 2446300171045, QTAgent32.exe, IEDOM : Could not get valid window handle of Internet Explorer_server
W, 5176, 23, 2013/05/23, 10:06:20.432, 2446300172371, QTAgent32.exe, IEDOM : Unable to get the document Window Handle
E, 5176, 23, 2013/05/23, 10:06:22.433, 2446328817999, QTAgent32.exe, IEDOM : Could not get valid window handle of Internet Explorer_server
W, 5176, 23, 2013/05/23, 10:06:22.433, 2446328819159, QTAgent32.exe, IEDOM : Unable to get the document Window Handle
E, 5176, 23, 2013/05/23, 10:06:24.433, 2446357458495, QTAgent32.exe, IEDOM : Could not get valid window handle of Internet Explorer_server
W, 5176, 23, 2013/05/23, 10:06:24.433, 2446357459801, QTAgent32.exe, IEDOM : Unable to get the document Window Handle
E, 5176, 23, 2013/05/23, 10:06:26.434, 2446386106710, QTAgent32.exe, IEDOM : Could not get valid window handle of Internet Explorer_server
W, 5176, 23, 2013/05/23, 10:06:26.434, 2446386108050, QTAgent32.exe, IEDOM : Unable to get the document Window Handle
E, 5176, 23, 2013/05/23, 10:06:28.435, 2446414752792, QTAgent32.exe, IEDOM : Could not get valid window handle of Internet Explorer_server
W, 5176, 23, 2013/05/23, 10:06:28.435, 2446414754099, QTAgent32.exe, IEDOM : Unable to get the document Window Handle
E, 5176, 23, 2013/05/23, 10:06:30.435, 2446443400036, QTAgent32.exe, IEDOM : Could not get valid window handle of Internet Explorer_server
W, 5176, 23, 2013/05/23, 10:06:30.435, 2446443401410, QTAgent32.exe, IEDOM : Unable to get the document Window Handle
E, 5176, 23, 2013/05/23, 10:06:32.436, 2446472046694, QTAgent32.exe, IEDOM : Could not get valid window handle of Internet Explorer_server
W, 5176, 23, 2013/05/23, 10:06:32.436, 2446472047901, QTAgent32.exe, IEDOM : Unable to get the document Window Handle
W, 5176, 23, 2013/05/23, 10:06:34.436, 2446500683259, QTAgent32.exe, AL : IEBrowserService : Performing an extended retry
E, 5176, 23, 2013/05/23, 10:06:34.437, 2446500689404, QTAgent32.exe, IEDOM : Could not get valid window handle of Internet Explorer_server
W, 5176, 23, 2013/05/23, 10:06:34.437, 2446500690077, QTAgent32.exe, IEDOM : Unable to get the document Window Handle
E, 5176, 23, 2013/05/23, 10:06:36.439, 2446529357524, QTAgent32.exe, IEDOM : Could not get valid window handle of Internet Explorer_server
W, 5176, 23, 2013/05/23, 10:06:36.439, 2446529358768, QTAgent32.exe, IEDOM : Unable to get the document Window Handle
E, 5176, 23, 2013/05/23, 10:06:38.439, 2446558002619, QTAgent32.exe, IEDOM : Could not get valid window handle of Internet Explorer_server
W, 5176, 23, 2013/05/23, 10:06:38.439, 2446558003964, QTAgent32.exe, IEDOM : Unable to get the document Window Handle
E, 5176, 23, 2013/05/23, 10:06:40.440, 2446586649645, QTAgent32.exe, IEDOM : Could not get valid window handle of Internet Explorer_server
W, 5176, 23, 2013/05/23, 10:06:40.440, 2446586650946, QTAgent32.exe, IEDOM : Unable to get the document Window Handle
E, 5176, 23, 2013/05/23, 10:06:42.440, 2446615289743, QTAgent32.exe, IEDOM : Could not get valid window handle of Internet Explorer_server
W, 5176, 23, 2013/05/23, 10:06:42.440, 2446615291056, QTAgent32.exe, IEDOM : Unable to get the document Window Handle
E, 5176, 23, 2013/05/23, 10:06:44.441, 2446643936515, QTAgent32.exe, IEDOM : Could not get valid window handle of Internet Explorer_server
W, 5176, 23, 2013/05/23, 10:06:44.441, 2446643937823, QTAgent32.exe, IEDOM : Unable to get the document Window Handle
E, 5176, 23, 2013/05/23, 10:06:46.441, 2446672576656, QTAgent32.exe, IEDOM : Could not get valid window handle of Internet Explorer_server
W, 5176, 23, 2013/05/23, 10:06:46.441, 2446672578007, QTAgent32.exe, IEDOM : Unable to get the document Window Handle
E, 5176, 23, 2013/05/23, 10:06:48.442, 2446701216715, QTAgent32.exe, IEDOM : Could not get valid window handle of Internet Explorer_server
W, 5176, 23, 2013/05/23, 10:06:48.442, 2446701218121, QTAgent32.exe, IEDOM : Unable to get the document Window Handle
E, 5176, 23, 2013/05/23, 10:06:50.442, 2446729856982, QTAgent32.exe, IEDOM : Could not get valid window handle of Internet Explorer_server
W, 5176, 23, 2013/05/23, 10:06:50.442, 2446729858306, QTAgent32.exe, IEDOM : Unable to get the document Window Handle
E, 5176, 23, 2013/05/23, 10:06:52.443, 2446758504195, QTAgent32.exe, IEDOM : Could not get valid window handle of Internet Explorer_server
W, 5176, 23, 2013/05/23, 10:06:52.443, 2446758505430, QTAgent32.exe, IEDOM : Unable to get the document Window Handle
E, 5176, 23, 2013/05/23, 10:06:54.443, 2446787151404, QTAgent32.exe, IEDOM : Could not get valid window handle of Internet Explorer_server
W, 5176, 23, 2013/05/23, 10:06:54.443, 2446787152684, QTAgent32.exe, IEDOM : Unable to get the document Window Handle
E, 5176, 23, 2013/05/23, 10:06:56.444, 2446815798744, QTAgent32.exe, IEDOM : Could not get valid window handle of Internet Explorer_server
W, 5176, 23, 2013/05/23, 10:06:56.444, 2446815800037, QTAgent32.exe, IEDOM : Unable to get the document Window Handle
E, 5176, 23, 2013/05/23, 10:06:58.445, 2446844445208, QTAgent32.exe, IEDOM : Could not get valid window handle of Internet Explorer_server
W, 5176, 23, 2013/05/23, 10:06:58.445, 2446844446478, QTAgent32.exe, IEDOM : Unable to get the document Window Handle
E, 5176, 23, 2013/05/23, 10:07:00.445, 2446873084987, QTAgent32.exe, IEDOM : Could not get valid window handle of Internet Explorer_server
W, 5176, 23, 2013/05/23, 10:07:00.445, 2446873086233, QTAgent32.exe, IEDOM : Unable to get the document Window Handle
E, 5176, 23, 2013/05/23, 10:07:02.445, 2446901725664, QTAgent32.exe, IEDOM : Could not get valid window handle of Internet Explorer_server
W, 5176, 23, 2013/05/23, 10:07:02.445, 2446901726917, QTAgent32.exe, IEDOM : Unable to get the document Window Handle
E, 5176, 23, 2013/05/23, 10:07:04.446, 2446930372261, QTAgent32.exe, IEDOM : Could not get valid window handle of Internet Explorer_server
W, 5176, 23, 2013/05/23, 10:07:04.446, 2446930373545, QTAgent32.exe, IEDOM : Unable to get the document Window Handle
E, 5176, 23, 2013/05/23, 10:07:06.447, 2446959012508, QTAgent32.exe, IEDOM : Could not get valid window handle of Internet Explorer_server
W, 5176, 23, 2013/05/23, 10:07:06.447, 2446959013838, QTAgent32.exe, IEDOM : Unable to get the document Window Handle
E, 5176, 23, 2013/05/23, 10:07:08.447, 2446987652707, QTAgent32.exe, IEDOM : Could not get valid window handle of Internet Explorer_server
W, 5176, 23, 2013/05/23, 10:07:08.447, 2446987654013, QTAgent32.exe, IEDOM : Unable to get the document Window Handle
E, 5176, 23, 2013/05/23, 10:07:10.447, 2447016292534, QTAgent32.exe, IEDOM : Could not get valid window handle of Internet Explorer_server
W, 5176, 23, 2013/05/23, 10:07:10.447, 2447016293834, QTAgent32.exe, IEDOM : Unable to get the document Window Handle
E, 5176, 23, 2013/05/23, 10:07:12.447, 2447044932147, QTAgent32.exe, IEDOM : Could not get valid window handle of Internet Explorer_server
W, 5176, 23, 2013/05/23, 10:07:12.447, 2447044933474, QTAgent32.exe, IEDOM : Unable to get the document Window Handle
E, 5176, 23, 2013/05/23, 10:07:14.448, 2447073572828, QTAgent32.exe, IEDOM : Could not get valid window handle of Internet Explorer_server
W, 5176, 23, 2013/05/23, 10:07:14.448, 2447073574170, QTAgent32.exe, IEDOM : Unable to get the document Window Handle
E, 5176, 23, 2013/05/23, 10:07:16.448, 2447102220022, QTAgent32.exe, IEDOM : Could not get valid window handle of Internet Explorer_server
W, 5176, 23, 2013/05/23, 10:07:16.448, 2447102221445, QTAgent32.exe, IEDOM : Unable to get the document Window Handle
E, 5176, 23, 2013/05/23, 10:07:18.450, 2447130876798, QTAgent32.exe, IEDOM : Could not get valid window handle of Internet Explorer_server
W, 5176, 23, 2013/05/23, 10:07:18.450, 2447130878078, QTAgent32.exe, IEDOM : Unable to get the document Window Handle
E, 5176, 23, 2013/05/23, 10:07:20.450, 2447159521142, QTAgent32.exe, IEDOM : Could not get valid window handle of Internet Explorer_server
W, 5176, 23, 2013/05/23, 10:07:20.450, 2447159522484, QTAgent32.exe, IEDOM : Unable to get the document Window Handle
E, 5176, 23, 2013/05/23, 10:07:22.451, 2447188161172, QTAgent32.exe, IEDOM : Could not get valid window handle of Internet Explorer_server
W, 5176, 23, 2013/05/23, 10:07:22.451, 2447188162449, QTAgent32.exe, IEDOM : Unable to get the document Window Handle
E, 5176, 23, 2013/05/23, 10:07:24.451, 2447216801367, QTAgent32.exe, IEDOM : Could not get valid window handle of Internet Explorer_server
W, 5176, 23, 2013/05/23, 10:07:24.451, 2447216802699, QTAgent32.exe, IEDOM : Unable to get the document Window Handle
E, 5176, 23, 2013/05/23, 10:07:26.452, 2447245448604, QTAgent32.exe, IEDOM : Could not get valid window handle of Internet Explorer_server
W, 5176, 23, 2013/05/23, 10:07:26.452, 2447245449920, QTAgent32.exe, IEDOM : Unable to get the document Window Handle
E, 5176, 23, 2013/05/23, 10:07:28.452, 2447274095705, QTAgent32.exe, IEDOM : Could not get valid window handle of Internet Explorer_server
W, 5176, 23, 2013/05/23, 10:07:28.452, 2447274096963, QTAgent32.exe, IEDOM : Unable to get the document Window Handle
E, 5176, 23, 2013/05/23, 10:07:30.453, 2447302735581, QTAgent32.exe, IEDOM : Could not get valid window handle of Internet Explorer_server
W, 5176, 23, 2013/05/23, 10:07:30.453, 2447302736843, QTAgent32.exe, IEDOM : Unable to get the document Window Handle
E, 5176, 23, 2013/05/23, 10:07:32.453, 2447331375437, QTAgent32.exe, IEDOM : Could not get valid window handle of Internet Explorer_server
W, 5176, 23, 2013/05/23, 10:07:32.453, 2447331376661, QTAgent32.exe, IEDOM : Unable to get the document Window Handle
E, 5176, 23, 2013/05/23, 10:07:34.453, 2447360015453, QTAgent32.exe, IEDOM : Could not get valid window handle of Internet Explorer_server
W, 5176, 23, 2013/05/23, 10:07:34.453, 2447360016740, QTAgent32.exe, IEDOM : Unable to get the document Window Handle
E, 5176, 23, 2013/05/23, 10:07:36.453, 2447388655371, QTAgent32.exe, IEDOM : Could not get valid window handle of Internet Explorer_server
W, 5176, 23, 2013/05/23, 10:07:36.453, 2447388656679, QTAgent32.exe, IEDOM : Unable to get the document Window Handle
E, 5176, 23, 2013/05/23, 10:07:38.454, 2447417295341, QTAgent32.exe, IEDOM : Could not get valid window handle of Internet Explorer_server
W, 5176, 23, 2013/05/23, 10:07:38.454, 2447417296764, QTAgent32.exe, IEDOM : Unable to get the document Window Handle
E, 5176, 23, 2013/05/23, 10:07:40.454, 2447445935600, QTAgent32.exe, IEDOM : Could not get valid window handle of Internet Explorer_server
W, 5176, 23, 2013/05/23, 10:07:40.454, 2447445937003, QTAgent32.exe, IEDOM : Unable to get the document Window Handle
E, 5176, 23, 2013/05/23, 10:07:42.455, 2447474582807, QTAgent32.exe, IEDOM : Could not get valid window handle of Internet Explorer_server
W, 5176, 23, 2013/05/23, 10:07:42.455, 2447474584136, QTAgent32.exe, IEDOM : Unable to get the document Window Handle
E, 5176, 23, 2013/05/23, 10:07:44.455, 2447503222911, QTAgent32.exe, IEDOM : Could not get valid window handle of Internet Explorer_server
W, 5176, 23, 2013/05/23, 10:07:44.455, 2447503224186, QTAgent32.exe, IEDOM : Unable to get the document Window Handle
E, 5176, 23, 2013/05/23, 10:07:46.457, 2447531892001, QTAgent32.exe, IEDOM : Could not get valid window handle of Internet Explorer_server
W, 5176, 23, 2013/05/23, 10:07:46.458, 2447531893533, QTAgent32.exe, IEDOM : Unable to get the document Window Handle
W, 5176, 23, 2013/05/23, 10:07:47.362, 2447544852160, QTAgent32.exe, Playback - [WARNING] Internal warning: Window Not Found: [VisibleOnly]ControlType='Window' &amp;&amp; Name='Connect to www.insur-econnect.com'
\0
E, 5176, 23, 2013/05/23, 10:07:47.363, 2447544854189, QTAgent32.exe, &lt;a class=failure&gt;Playback - {106} [FAILED] Function ElementFetcher::FindScreenElement failed to locate UI element (Searching: ;[VisibleOnly]ControlType='Window' &amp;&amp; Name='Connect to www.insur-econnect.com') (The object specified was not found.)
\0&lt;/a&gt;
E, 5176, 23, 2013/05/23, 10:07:47.414, 2447545590300, QTAgent32.exe, Playback - [IMAGE] C:\Users\testuser\AppData\Local\Temp\UITestLogs\LastRun\RPF554C.png
\0
W, 5176, 23, 2013/05/23, 10:07:47.414, 2447545591984, QTAgent32.exe, Playback - [WARNING] Internal warning: Couldn't find descendants that match QueryId
\0
W, 5176, 23, 2013/05/23, 10:07:47.414, 2447545594267, QTAgent32.exe, PERF WARNING: FindTopLevelWindowHelper::FindAllDescendents: took 942 ms. Expected it to take maximum 500 ms.
W, 5176, 23, 2013/05/23, 10:08:05.577, 2447805648904, QTAgent32.exe, Playback - [WARNING] Internal warning: Window Not Found: [VisibleOnly]ControlType='Window' &amp;&amp; Name='Connect to www.insur-econnect.com'
\0
E, 5176, 23, 2013/05/23, 10:08:05.577, 2447805650738, QTAgent32.exe, &lt;a class=failure&gt;Playback - {107} [FAILED] Function ElementFetcher::FindScreenElement failed to locate UI element (Searching: ;[VisibleOnly]ControlType='Window' &amp;&amp; Name='Connect to www.insur-econnect.com') (The object specified was not found.)
\0&lt;/a&gt;
E, 5176, 23, 2013/05/23, 10:08:05.618, 2447806234611, QTAgent32.exe, Playback - [IMAGE] C:\Users\testuser\AppData\Local\Temp\UITestLogs\LastRun\RPF9C6A.png
\0
W, 5176, 23, 2013/05/23, 10:08:05.618, 2447806236303, QTAgent32.exe, Playback - [WARNING] Internal warning: Couldn't find descendants that match QueryId
\0
W, 5176, 23, 2013/05/23, 10:08:05.618, 2447806238812, QTAgent32.exe, PERF WARNING: FindTopLevelWindowHelper::FindAllDescendents: took 18203 ms. Expected it to take maximum 500 ms.
W, 5176, 23, 2013/05/23, 10:08:06.234, 2447815051308, QTAgent32.exe, Playback - [WARNING] Internal warning: Smart Match failed
\0
W, 5176, 23, 2013/05/23, 10:08:06.501, 2447818878234, QTAgent32.exe, Playback - [WARNING] Internal warning: Smart Match failed
\0
W, 5176, 23, 2013/05/23, 10:08:06.777, 2447822829274, QTAgent32.exe, Playback - [WARNING] Internal warning: Smart Match failed
\0
W, 5176, 23, 2013/05/23, 10:08:07.062, 2447826910095, QTAgent32.exe, Playback - [WARNING] Internal warning: Smart Match failed
\0
W, 5176, 23, 2013/05/23, 10:08:07.319, 2447830589135, QTAgent32.exe, Playback - [WARNING] Internal warning: Smart Match failed
\0
W, 5176, 23, 2013/05/23, 10:08:07.591, 2447834484482, QTAgent32.exe, Playback - [WARNING] Internal warning: Smart Match failed
\0
W, 5176, 23, 2013/05/23, 10:08:07.871, 2447838496808, QTAgent32.exe, Playback - [WARNING] Internal warning: Smart Match failed
\0
W, 5176, 23, 2013/05/23, 10:08:08.208, 2447843327103, QTAgent32.exe, Playback - [WARNING] Internal warning: Smart Match failed
\0
W, 5176, 23, 2013/05/23, 10:08:08.495, 2447847432581, QTAgent32.exe, Playback - [WARNING] Internal warning: Smart Match failed
\0
W, 5176, 23, 2013/05/23, 10:08:08.643, 2447849555941, QTAgent32.exe, Playback - [WARNING] Internal warning: Window Not Found: [VisibleOnly]ControlType='Window' &amp;&amp; Name='Connect to www.insur-econnect.com'
\0
E, 5176, 23, 2013/05/23, 10:08:08.643, 2447849557686, QTAgent32.exe, &lt;a class=failure&gt;Playback - {108} [FAILED] Function ElementFetcher::FindScreenElement failed to locate UI element (Searching: ;[VisibleOnly]ControlType='Window' &amp;&amp; Name='Connect to www.insur-econnect.com') (The object specified was not found.)
\0&lt;/a&gt;
E, 5176, 23, 2013/05/23, 10:08:08.751, 2447851094646, QTAgent32.exe, Playback - [IMAGE] C:\Users\testuser\AppData\Local\Temp\UITestLogs\LastRun\RPFA86C.png
\0
W, 5176, 23, 2013/05/23, 10:08:08.751, 2447851096247, QTAgent32.exe, Playback - [WARNING] Internal warning: Couldn't find descendants that match QueryId
\0
W, 5176, 23, 2013/05/23, 10:08:08.751, 2447851098623, QTAgent32.exe, PERF WARNING: FindTopLevelWindowHelper::FindAllDescendents: took 3132 ms. Expected it to take maximum 500 ms.
E, 5176, 23, 2013/05/23, 10:08:08.751, 2447851100219, QTAgent32.exe, Exception: System.Runtime.InteropServices.COMException
	Message: Error HRESULT E_FAIL has been returned from a call to a COM component.
	Stack Trace:    at Microsoft.VisualStudio.TestTools.UITest.Playback.Engine.IRPFPlayback.FindAllScreenElements(IScreenElement pScreenElementStart, String bstrQueryId, Object&amp; pvarResKeys, Int32 cResKeys, Int32 nMaxDepth, Object[]&amp; foundDescendants)
   at Microsoft.VisualStudio.TestTools.UITest.Playback.ScreenElement.FindTopLevelWindowHelper(String queryId)
	BaseExceptionMessage: Error HRESULT E_FAIL has been returned from a call to a COM component.

W, 5176, 23, 2013/05/23, 10:08:09.225, 2447857889864, QTAgent32.exe, &lt;a class=success&gt;Playback - {109} [SUCCESS] TypeString "Bus Sys{Tab}Tottenham1"
\0&lt;/a&gt;
W, 5176, 23, 2013/05/23, 10:08:09.623, 2447863587181, QTAgent32.exe, &lt;a class=success&gt;Playback - {110} [SUCCESS] MouseButtonClick - "[MSAA, VisibleOnly]ControlType='Button' &amp;&amp; Name='OK'"
\0&lt;/a&gt;
E, 5176, 23, 2013/05/23, 10:08:09.724, 2447865023483, QTAgent32.exe, IEDOM : Could not get valid window handle of Internet Explorer_server
W, 5176, 23, 2013/05/23, 10:08:09.724, 2447865024437, QTAgent32.exe, IEDOM : Unable to get the document Window Handle
W, 5176, 23, 2013/05/23, 10:08:12.918, 2447910771642, QTAgent32.exe, &lt;a class=success&gt;Playback - {111} [SUCCESS] MouseButtonClick - "[Web]ControlType='Hyperlink' &amp;&amp; TagName='A' &amp;&amp; Id='' &amp;&amp; Name='' &amp;&amp; Target='' &amp;&amp; InnerText='Renewals Maintenance' &amp;&amp; FilterCondition(AbsolutePath='/sysmaint/content/leftbar.asp', Title='', Href='https://www.insur-econnect.com/sysmaint/content/leftbar.asp#', Class='', ControlDefinition='style="COLOR: white" href="#"', TagInstance='39')"
\0&lt;/a&gt;
W, 5176, 23, 2013/05/23, 10:08:13.543, 2447919713119, QTAgent32.exe, &lt;a class=success&gt;Playback - {112} [SUCCESS] MouseButtonClick - "[Web]ControlType='Hyperlink' &amp;&amp; TagName='A' &amp;&amp; Id='' &amp;&amp; Name='' &amp;&amp; Target='content' &amp;&amp; InnerText='Create a Motor Test Renewal Invitation' &amp;&amp; FilterCondition(AbsolutePath='/sysmaint/content/AddTestRenewalNotice.asp', Title='', Href='https://www.insur-econnect.com/sysmaint/content/AddTestRenewalNotice.asp', Class='itemlink', ControlDefinition='class=itemlink href="AddTestRenewalNotic', TagInstance='1')"
\0&lt;/a&gt;
E, 5176, 23, 2013/05/23, 10:08:15.299, 2447944853127, QTAgent32.exe, Exception: System.NotSupportedException
	Message: Internal Error: This method on IEWebControlElement should not get called.
	Stack Trace:    at Microsoft.VisualStudio.TestTools.UITest.Extension.IE.BrowserOptionElementNode.InvokeProgrammaticAction(ProgrammaticActionOption programmaticActionOption)
	BaseExceptionMessage: Internal Error: This method on IEWebControlElement should not get called.

W, 5176, 23, 2013/05/23, 10:08:15.480, 2447947438834, QTAgent32.exe, &lt;a class=success&gt;Playback - {113} [SUCCESS] SetValueAsComboBox "Highway Insurance" - "[Web]ControlType='ComboBox' &amp;&amp; TagName='SELECT' &amp;&amp; Id='InsurerID' &amp;&amp; Name='InsurerID' &amp;&amp; FilterCondition(Size='0', LabeledBy='', Title='', ItemCount='54', Class='', ControlDefinition='id=InsurerID onchange=selectInsurer() na', TagInstance='1')"  &lt; SetValueAsComboBox, set by clicking on the item in the list box &gt;
\0&lt;/a&gt;
W, 5176, 23, 2013/05/23, 10:08:16.174, 2447957379785, QTAgent32.exe, &lt;a class=success&gt;Playback - {114} [SUCCESS] SetValueAsEditBox "7071001643" - "[Web]ControlType='Edit' &amp;&amp; TagName='INPUT' &amp;&amp; Id='' &amp;&amp; Name='txtPolicyNumber' &amp;&amp; LabeledBy='' &amp;&amp; Type='SINGLELINE' &amp;&amp; FilterCondition(Title='', Class='', ControlDefinition='name=txtPolicyNumber align=left size=15', TagInstance='1')"  &lt; Set via SendKeys &gt;
\0&lt;/a&gt;
W, 5176, 23, 2013/05/23, 10:08:16.630, 2447963914137, QTAgent32.exe, &lt;a class=success&gt;Playback - {115} [SUCCESS] SetValueAsEditBox "30/5/2013" - "[Web]ControlType='Edit' &amp;&amp; TagName='INPUT' &amp;&amp; Id='' &amp;&amp; Name='txtAutoLapseDate' &amp;&amp; LabeledBy='' &amp;&amp; Type='SINGLELINE' &amp;&amp; FilterCondition(Title='', Class='', ControlDefinition='name=txtAutoLapseDate maxLength=10 value', TagInstance='8')"  &lt; Set via SendKeys &gt;
\0&lt;/a&gt;
W, 5176, 23, 2013/05/23, 10:08:16.902, 2447967803564, QTAgent32.exe, &lt;a class=success&gt;Playback - {116} [SUCCESS] MouseButtonClick - "[Web]ControlType='Button' &amp;&amp; TagName='INPUT' &amp;&amp; Id='buttonCreate' &amp;&amp; Name='buttonCreate' &amp;&amp; FilterCondition(DisplayText='  Create Record  ', Type='button', Title='Click to create the new record', Class='', ControlDefinition='id=buttonCreate title="Click to create t', TagInstance='10')"
\0&lt;/a&gt;
W, 5176, 23, 2013/05/23, 10:08:17.732, 2447979680815, QTAgent32.exe, &lt;a class=success&gt;Playback - {117} [SUCCESS] MouseButtonClick - "[MSAA, VisibleOnly]ControlType='Button' &amp;&amp; Name='OK'"
\0&lt;/a&gt;
W, 5176, 23, 2013/05/23, 10:08:22.896, 2448053629513, QTAgent32.exe, &lt;a class=success&gt;Playback - {118} [SUCCESS] TypeString "%({F4})"
\0&lt;/a&gt;
W, 5176, 23, 2013/05/23, 10:08:23.524, 2448062616953, QTAgent32.exe, &lt;a class=success&gt;Playback - {119} [SUCCESS] SendKeys "^{HOME}" - "[MSAA, VisibleOnly]ControlType='Edit'"
\0&lt;/a&gt;
E, 5176, 23, 2013/05/23, 10:08:23.524, 2448062618732, QTAgent32.exe, Msaa.GetFocusedElement: could not find accessible object of foreground window
W, 5176, 23, 2013/05/23, 10:08:23.646, 2448064370400, QTAgent32.exe, &lt;a class=success&gt;Playback - {120} [SUCCESS] SendKeys "^+{END}" - "[MSAA, VisibleOnly]ControlType='Edit'"
\0&lt;/a&gt;
E, 5176, 23, 2013/05/23, 10:08:23.646, 2448064372215, QTAgent32.exe, Msaa.GetFocusedElement: could not find accessible object of foreground window
W, 5176, 23, 2013/05/23, 10:08:23.660, 2448064571696, QTAgent32.exe, &lt;a class=success&gt;Playback - {121} [SUCCESS] SendKeys "{DELETE}" - "[MSAA, VisibleOnly]ControlType='Edit'"
\0&lt;/a&gt;
W, 5176, 23, 2013/05/23, 10:08:23.970, 2448069006834, QTAgent32.exe, &lt;a class=success&gt;Playback - {122} [SUCCESS] SetValueAsEditBox "30/05/2012" - "[MSAA, VisibleOnly]ControlType='Edit'"  &lt; Set via SendKeys &gt;
\0&lt;/a&gt;
W, 5176, 23, 2013/05/23, 10:08:24.351, 2448074467613, QTAgent32.exe, &lt;a class=success&gt;Playback - {123} [SUCCESS] MouseButtonClick - "[MSAA, VisibleOnly]ControlType='Button' &amp;&amp; Name='OK'"
\0&lt;/a&gt;
W, 5176, 23, 2013/05/23, 10:08:25.296, 2448087983472, QTAgent32.exe, &lt;a class=success&gt;Playback - {124} [SUCCESS] MouseButtonClick - "[MSAA, VisibleOnly]ControlType='Client'"
\0&lt;/a&gt;
W, 5176, 23, 2013/05/23, 10:08:25.533, 2448091377957, QTAgent32.exe, &lt;a class=success&gt;Playback - {125} [SUCCESS] MouseButtonClick - "[MSAA, VisibleOnly]ControlType='Client'"
\0&lt;/a&gt;
W, 5176, 23, 2013/05/23, 10:08:26.412, 2448103964009, QTAgent32.exe, &lt;a class=success&gt;Playback - {126} [SUCCESS] SetValueAsEditBox "AUTO136" - "[MSAA, VisibleOnly]ControlType='Edit'"  &lt; Set via SendKeys &gt;
\0&lt;/a&gt;
W, 5176, 23, 2013/05/23, 10:08:26.684, 2448107870370, QTAgent32.exe, &lt;a class=success&gt;Playback - {127} [SUCCESS] SetValueAsEditBox "-1001" - "[MSAA, VisibleOnly]ControlType='Edit'"  &lt; Set via SendKeys &gt;
\0&lt;/a&gt;
W, 5176, 23, 2013/05/23, 10:08:26.836, 2448110036752, QTAgent32.exe, &lt;a class=success&gt;Playback - {128} [SUCCESS] SendKeys "^{HOME}" - "[MSAA, VisibleOnly]ControlType='Edit'"
\0&lt;/a&gt;
E, 5176, 23, 2013/05/23, 10:08:26.836, 2448110038585, QTAgent32.exe, Msaa.GetFocusedElement: could not find accessible object of foreground window
W, 5176, 23, 2013/05/23, 10:08:26.888, 2448110789123, QTAgent32.exe, &lt;a class=success&gt;Playback - {129} [SUCCESS] SendKeys "^+{END}" - "[MSAA, VisibleOnly]ControlType='Edit'"
\0&lt;/a&gt;
E, 5176, 23, 2013/05/23, 10:08:26.888, 2448110791498, QTAgent32.exe, Msaa.GetFocusedElement: could not find accessible object of foreground window
W, 5176, 23, 2013/05/23, 10:08:26.939, 2448111518861, QTAgent32.exe, &lt;a class=success&gt;Playback - {130} [SUCCESS] SendKeys "{DELETE}" - "[MSAA, VisibleOnly]ControlType='Edit'"
\0&lt;/a&gt;
W, 5176, 23, 2013/05/23, 10:08:27.167, 2448114779490, QTAgent32.exe, &lt;a class=success&gt;Playback - {131} [SUCCESS] SetValueAsEditBox "30/05/2012" - "[MSAA, VisibleOnly]ControlType='Edit'"  &lt; Set via SendKeys &gt;
\0&lt;/a&gt;
W, 5176, 23, 2013/05/23, 10:08:27.423, 2448118443826, QTAgent32.exe, &lt;a class=success&gt;Playback - {132} [SUCCESS] MouseButtonClick - "[MSAA, VisibleOnly]ControlType='Button' &amp;&amp; Name='Regress'"
\0&lt;/a&gt;
W, 5176, 23, 2013/05/23, 10:08:27.753, 2448123168355, QTAgent32.exe, &lt;a class=success&gt;Playback - {133} [SUCCESS] MouseButtonClick - "[MSAA, VisibleOnly]ControlType='Button' &amp;&amp; Name='Exit'"
\0&lt;/a&gt;
W, 5176, 23, 2013/05/23, 10:08:27.995, 2448126633615, QTAgent32.exe, &lt;a class=success&gt;Playback - {134} [SUCCESS] MouseButtonClick - "[MSAA, VisibleOnly]ControlType='Button'"
\0&lt;/a&gt;
W, 5176, 23, 2013/05/23, 10:08:28.224, 2448129913935, QTAgent32.exe, &lt;a class=success&gt;Playback - {135} [SUCCESS] MouseButtonClick - "[MSAA, VisibleOnly]ControlType='Button' &amp;&amp; Name='Options'"
\0&lt;/a&gt;
W, 5176, 23, 2013/05/23, 10:08:28.324, 2448131348077, QTAgent32.exe, FindScreenElementInSinglePass : Attempting to find control in one pass of search. Failures can occur.
W, 5176, 23, 2013/05/23, 10:08:28.468, 2448133407711, QTAgent32.exe, &lt;a class=success&gt;Playback - {136} [SUCCESS] MouseButtonClick - "[MSAA]ControlType='MenuItem' &amp;&amp; Name='Links'"
\0&lt;/a&gt;
W, 5176, 23, 2013/05/23, 10:08:28.568, 2448134842898, QTAgent32.exe, FindScreenElementInSinglePass : Attempting to find control in one pass of search. Failures can occur.
W, 5176, 23, 2013/05/23, 10:08:28.714, 2448136937370, QTAgent32.exe, &lt;a class=success&gt;Playback - {137} [SUCCESS] MouseButtonClick - "[MSAA]ControlType='MenuItem' &amp;&amp; Name='3rd Party Integration'"
\0&lt;/a&gt;
W, 5176, 23, 2013/05/23, 10:08:28.814, 2448138374307, QTAgent32.exe, FindScreenElementInSinglePass : Attempting to find control in one pass of search. Failures can occur.
W, 5176, 23, 2013/05/23, 10:08:28.965, 2448140523609, QTAgent32.exe, &lt;a class=success&gt;Playback - {138} [SUCCESS] MouseButtonClick - "[MSAA]ControlType='MenuItem' &amp;&amp; Name='Renewals Loader'"
\0&lt;/a&gt;
W, 5176, 23, 2013/05/23, 10:08:29.190, 2448143742125, QTAgent32.exe, &lt;a class=success&gt;Playback - {139} [SUCCESS] MouseButtonClick - "[MSAA, VisibleOnly]ControlType='TitleBar'"
\0&lt;/a&gt;
W, 5176, 23, 2013/05/23, 10:08:29.379, 2448146446318, QTAgent32.exe, &lt;a class=success&gt;Playback - {140} [SUCCESS] SendKeys "^{HOME}" - "[MSAA, VisibleOnly]ControlType='Edit'"
\0&lt;/a&gt;
E, 5176, 23, 2013/05/23, 10:08:29.379, 2448146448266, QTAgent32.exe, Msaa.GetFocusedElement: could not find accessible object of foreground window
W, 5176, 23, 2013/05/23, 10:08:29.432, 2448147212727, QTAgent32.exe, &lt;a class=success&gt;Playback - {141} [SUCCESS] SendKeys "^+{END}" - "[MSAA, VisibleOnly]ControlType='Edit'"
\0&lt;/a&gt;
E, 5176, 23, 2013/05/23, 10:08:29.432, 2448147214769, QTAgent32.exe, Msaa.GetFocusedElement: could not find accessible object of foreground window
W, 5176, 23, 2013/05/23, 10:08:29.447, 2448147425516, QTAgent32.exe, &lt;a class=success&gt;Playback - {142} [SUCCESS] SendKeys "{DELETE}" - "[MSAA, VisibleOnly]ControlType='Edit'"
\0&lt;/a&gt;
W, 5176, 23, 2013/05/23, 10:08:29.667, 2448150569377, QTAgent32.exe, &lt;a class=success&gt;Playback - {143} [SUCCESS] SetValueAsEditBox "23/05/2013" - "[MSAA, VisibleOnly]ControlType='Edit'"  &lt; Set via SendKeys &gt;
\0&lt;/a&gt;
W, 5176, 23, 2013/05/23, 10:08:29.828, 2448152876233, QTAgent32.exe, &lt;a class=success&gt;Playback - {144} [SUCCESS] SendKeys "^{HOME}" - "[MSAA, VisibleOnly]ControlType='Edit'"
\0&lt;/a&gt;
E, 5176, 23, 2013/05/23, 10:08:29.828, 2448152877856, QTAgent32.exe, Msaa.GetFocusedElement: could not find accessible object of foreground window
W, 5176, 23, 2013/05/23, 10:08:29.881, 2448153642296, QTAgent32.exe, &lt;a class=success&gt;Playback - {145} [SUCCESS] SendKeys "^+{END}" - "[MSAA, VisibleOnly]ControlType='Edit'"
\0&lt;/a&gt;
E, 5176, 23, 2013/05/23, 10:08:29.881, 2448153643766, QTAgent32.exe, Msaa.GetFocusedElement: could not find accessible object of foreground window
W, 5176, 23, 2013/05/23, 10:08:29.895, 2448153836921, QTAgent32.exe, &lt;a class=success&gt;Playback - {146} [SUCCESS] SendKeys "{DELETE}" - "[MSAA, VisibleOnly]ControlType='Edit'"
\0&lt;/a&gt;
W, 5176, 23, 2013/05/23, 10:08:30.112, 2448156949216, QTAgent32.exe, &lt;a class=success&gt;Playback - {147} [SUCCESS] SetValueAsEditBox "06/06/2013" - "[MSAA, VisibleOnly]ControlType='Edit'"  &lt; Set via SendKeys &gt;
\0&lt;/a&gt;
W, 5176, 23, 2013/05/23, 10:08:30.450, 2448161785073, QTAgent32.exe, &lt;a class=success&gt;Playback - {148} [SUCCESS] MouseButtonClick - "[MSAA, VisibleOnly]ControlType='Button' &amp;&amp; Name='Run'"
\0&lt;/a&gt;
W, 5176, 23, 2013/05/23, 10:08:35.788, 2448238215322, QTAgent32.exe, Playback - [WARNING] Internal warning: Window Not Found: [VisibleOnly]Name='insurE-com System Maintenance' &amp;&amp; ClassName='IEFrame' &amp;&amp; ControlType='Window'
\0
E, 5176, 23, 2013/05/23, 10:08:35.788, 2448238217424, QTAgent32.exe, &lt;a class=failure&gt;Playback - {149} [FAILED] Function ElementFetcher::FindScreenElement failed to locate UI element (Searching: ;[VisibleOnly]Name='insurE-com System Maintenance' &amp;&amp; ClassName='IEFrame' &amp;&amp; ControlType='Window') (The object specified was not found.)
\0&lt;/a&gt;
E, 5176, 23, 2013/05/23, 10:08:35.835, 2448238893472, QTAgent32.exe, Playback - [IMAGE] C:\Users\testuser\AppData\Local\Temp\UITestLogs\LastRun\RPF1275.png
\0
W, 5176, 23, 2013/05/23, 10:08:35.835, 2448238894976, QTAgent32.exe, Playback - [WARNING] Internal warning: Couldn't find descendants that match QueryId
\0
W, 5176, 23, 2013/05/23, 10:08:53.907, 2448497643227, QTAgent32.exe, Playback - [WARNING] Internal warning: Window Not Found: [VisibleOnly]Name='insurE-com System Maintenance' &amp;&amp; ClassName='IEFrame' &amp;&amp; ControlType='Window'
\0
E, 5176, 23, 2013/05/23, 10:08:53.907, 2448497645761, QTAgent32.exe, &lt;a class=failure&gt;Playback - {150} [FAILED] Function ElementFetcher::FindScreenElement failed to locate UI element (Searching: ;[VisibleOnly]Name='insurE-com System Maintenance' &amp;&amp; ClassName='IEFrame' &amp;&amp; ControlType='Window') (The object specified was not found.)
\0&lt;/a&gt;
E, 5176, 23, 2013/05/23, 10:08:53.945, 2448498190086, QTAgent32.exe, Playback - [IMAGE] C:\Users\testuser\AppData\Local\Temp\UITestLogs\LastRun\RPF5936.png
\0
W, 5176, 23, 2013/05/23, 10:08:53.945, 2448498191611, QTAgent32.exe, Playback - [WARNING] Internal warning: Couldn't find descendants that match QueryId
\0
W, 5176, 23, 2013/05/23, 10:08:53.945, 2448498194309, QTAgent32.exe, PERF WARNING: FindTopLevelWindowHelper::FindAllDescendents: took 18109 ms. Expected it to take maximum 500 ms.
W, 5176, 23, 2013/05/23, 10:08:54.399, 2448504694532, QTAgent32.exe, Playback - [WARNING] Internal warning: Smart Match failed
\0
W, 5176, 23, 2013/05/23, 10:08:54.606, 2448507660065, QTAgent32.exe, Playback - [WARNING] Internal warning: Smart Match failed
\0
W, 5176, 23, 2013/05/23, 10:08:54.857, 2448511253024, QTAgent32.exe, Playback - [WARNING] Internal warning: Smart Match failed
\0
W, 5176, 23, 2013/05/23, 10:08:55.059, 2448514143167, QTAgent32.exe, Playback - [WARNING] Internal warning: Smart Match failed
\0
W, 5176, 23, 2013/05/23, 10:08:55.256, 2448516967768, QTAgent32.exe, Playback - [WARNING] Internal warning: Smart Match failed
\0
W, 5176, 23, 2013/05/23, 10:08:55.458, 2448519854016, QTAgent32.exe, Playback - [WARNING] Internal warning: Smart Match failed
\0
W, 5176, 23, 2013/05/23, 10:08:55.659, 2448522731510, QTAgent32.exe, Playback - [WARNING] Internal warning: Smart Match failed
\0
W, 5176, 23, 2013/05/23, 10:08:55.862, 2448525648571, QTAgent32.exe, Playback - [WARNING] Internal warning: Smart Match failed
\0
W, 5176, 23, 2013/05/23, 10:08:56.062, 2448528512936, QTAgent32.exe, Playback - [WARNING] Internal warning: Smart Match failed
\0
W, 5176, 23, 2013/05/23, 10:08:56.258, 2448531314495, QTAgent32.exe, Playback - [WARNING] Internal warning: Smart Match failed
\0
W, 5176, 23, 2013/05/23, 10:08:56.453, 2448534109435, QTAgent32.exe, Playback - [WARNING] Internal warning: Smart Match failed
\0
W, 5176, 23, 2013/05/23, 10:08:56.650, 2448536931349, QTAgent32.exe, Playback - [WARNING] Internal warning: Smart Match failed
\0
W, 5176, 23, 2013/05/23, 10:08:56.847, 2448539739885, QTAgent32.exe, Playback - [WARNING] Internal warning: Smart Match failed
\0
W, 5176, 23, 2013/05/23, 10:08:57.044, 2448542557344, QTAgent32.exe, Playback - [WARNING] Internal warning: Smart Match failed
\0
W, 5176, 23, 2013/05/23, 10:08:57.131, 2448543805398, QTAgent32.exe, Playback - [WARNING] Internal warning: Window Not Found: [VisibleOnly]Name='insurE-com System Maintenance' &amp;&amp; ClassName='IEFrame' &amp;&amp; ControlType='Window'
\0
E, 5176, 23, 2013/05/23, 10:08:57.131, 2448543807190, QTAgent32.exe, &lt;a class=failure&gt;Playback - {151} [FAILED] Function ElementFetcher::FindScreenElement failed to locate UI element (Searching: ;[VisibleOnly]Name='insurE-com System Maintenance' &amp;&amp; ClassName='IEFrame' &amp;&amp; ControlType='Window') (The object specified was not found.)
\0&lt;/a&gt;
E, 5176, 23, 2013/05/23, 10:08:57.168, 2448544333217, QTAgent32.exe, Playback - [IMAGE] C:\Users\testuser\AppData\Local\Temp\UITestLogs\LastRun\RPF65D4.png
\0
W, 5176, 23, 2013/05/23, 10:08:57.168, 2448544334787, QTAgent32.exe, Playback - [WARNING] Internal warning: Couldn't find descendants that match QueryId
\0
W, 5176, 23, 2013/05/23, 10:08:57.168, 2448544337122, QTAgent32.exe, PERF WARNING: FindTopLevelWindowHelper::FindAllDescendents: took 3222 ms. Expected it to take maximum 500 ms.
E, 5176, 23, 2013/05/23, 10:08:57.168, 2448544338712, QTAgent32.exe, Exception: System.Runtime.InteropServices.COMException
	Message: Error HRESULT E_FAIL has been returned from a call to a COM component.
	Stack Trace:    at Microsoft.VisualStudio.TestTools.UITest.Playback.Engine.IRPFPlayback.FindAllScreenElements(IScreenElement pScreenElementStart, String bstrQueryId, Object&amp; pvarResKeys, Int32 cResKeys, Int32 nMaxDepth, Object[]&amp; foundDescendants)
   at Microsoft.VisualStudio.TestTools.UITest.Playback.ScreenElement.FindTopLevelWindowHelper(String queryId)
	BaseExceptionMessage: Error HRESULT E_FAIL has been returned from a call to a COM component.

E, 5176, 23, 2013/05/23, 10:08:57.168, 2448544341353, QTAgent32.exe, Window 2098312 not responding. Last Win32 error 0
E, 5176, 23, 2013/05/23, 10:08:57.168, 2448544342198, QTAgent32.exe, GetClassName for handle 2098312 failed
E, 5176, 23, 2013/05/23, 10:08:57.168, 2448544344076, QTAgent32.exe, Window 2098312 not responding. Last Win32 error 1400
E, 5176, 23, 2013/05/23, 10:08:57.168, 2448544344816, QTAgent32.exe, GetClassName for handle 2098312 failed
E, 5176, 23, 2013/05/23, 10:08:57.269, 2448545781972, QTAgent32.exe, AL: Playback Error: Microsoft.VisualStudio.TestTools.UITest.Extension.UITestControlNotAvailableException: The control is not available or not valid. Additional Details: 
TechnologyName:  'MSAA'
Name:  'insurE-com System Maintenance'
ClassName:  'IEFrame'
ControlType:  'Window'
 ---&gt; System.Runtime.InteropServices.COMException: Error HRESULT E_FAIL has been returned from a call to a COM component.
   at Microsoft.VisualStudio.TestTools.UITest.Playback.Engine.IRPFPlayback.FindAllScreenElements(IScreenElement pScreenElementStart, String bstrQueryId, Object&amp; pvarResKeys, Int32 cResKeys, Int32 nMaxDepth, Object[]&amp; foundDescendants)
   at Microsoft.VisualStudio.TestTools.UITest.Playback.ScreenElement.FindTopLevelWindowHelper(String queryId)
   at Microsoft.VisualStudio.TestTools.UITest.Playback.ScreenElement.FindFromPartialQueryId(String queryId)
   at Microsoft.VisualStudio.TestTools.UITesting.UITestControl.EnsureValid(Boolean waitForReady, Boolean refetch)
   --- End of inner exception stack trace ---
   at Microsoft.VisualStudio.TestTools.UITesting.UITestControl.EnsureValid(Boolean waitForReady, Boolean refetch)
   at Microsoft.VisualStudio.TestTools.UITesting.UITestControl.SendKeys(String text, ModifierKeys modifierKeys, Boolean isEncoded, Boolean isUnicode)
   at Microsoft.VisualStudio.TestTools.UITesting.Keyboard.SendKeysImplementation(UITestControl control, String text, ModifierKeys modifierKeys, Boolean isEncoded, Boolean isUnicode)
   at Microsoft.VisualStudio.TestTools.UITesting.Keyboard.SendKeysImplementationWrapper(UITestControl control, String text, ModifierKeys modifierKeys, Boolean isEncoded, Boolean isUnicode)
W, 5176, 23, 2013/05/23, 10:08:57.269, 2448545783309, QTAgent32.exe, PlaybackErrorHandler: Ignoring exception as ContinueOnError is set.
W, 5176, 23, 2013/05/23, 10:08:57.958, 2448555649836, QTAgent32.exe, &lt;a class=success&gt;Playback - {152} [SUCCESS] MouseButtonClick - "[MSAA, VisibleOnly]ControlType='TitleBar'"
\0&lt;/a&gt;
W, 5176, 23, 2013/05/23, 10:08:58.201, 2448559135135, QTAgent32.exe, &lt;a class=success&gt;Playback - {153} [SUCCESS] MouseButtonClick - "[MSAA, VisibleOnly]ControlType='Button' &amp;&amp; Name='Close'"
\0&lt;/a&gt;
W, 5176, 23, 2013/05/23, 10:08:59.016, 2448570803479, QTAgent32.exe, &lt;a class=success&gt;Playback - {154} [SUCCESS] MouseButtonClick - "[MSAA, VisibleOnly]ControlType='Button' &amp;&amp; Name='Options'"
\0&lt;/a&gt;
W, 5176, 23, 2013/05/23, 10:08:59.116, 2448572239393, QTAgent32.exe, FindScreenElementInSinglePass : Attempting to find control in one pass of search. Failures can occur.
W, 5176, 23, 2013/05/23, 10:08:59.260, 2448574298796, QTAgent32.exe, &lt;a class=success&gt;Playback - {155} [SUCCESS] MouseButtonClick - "[MSAA]ControlType='MenuItem' &amp;&amp; Name='Links'"
\0&lt;/a&gt;
W, 5176, 23, 2013/05/23, 10:08:59.360, 2448575734276, QTAgent32.exe, FindScreenElementInSinglePass : Attempting to find control in one pass of search. Failures can occur.
W, 5176, 23, 2013/05/23, 10:08:59.509, 2448577864810, QTAgent32.exe, &lt;a class=success&gt;Playback - {156} [SUCCESS] MouseButtonClick - "[MSAA]ControlType='MenuItem' &amp;&amp; Name='3rd Party Integration'"
\0&lt;/a&gt;
W, 5176, 23, 2013/05/23, 10:08:59.609, 2448579300164, QTAgent32.exe, FindScreenElementInSinglePass : Attempting to find control in one pass of search. Failures can occur.
W, 5176, 23, 2013/05/23, 10:08:59.762, 2448581478823, QTAgent32.exe, &lt;a class=success&gt;Playback - {157} [SUCCESS] MouseButtonClick - "[MSAA]ControlType='MenuItem' &amp;&amp; Name='Renewals Module'"
\0&lt;/a&gt;
W, 5176, 23, 2013/05/23, 10:09:00.173, 2448587367837, QTAgent32.exe, &lt;a class=success&gt;Playback - {158} [SUCCESS] SetValueAsEditBox "1" - "[MSAA, VisibleOnly]ControlType='Edit'"  &lt; Set via SendKeys &gt;
\0&lt;/a&gt;
W, 5176, 23, 2013/05/23, 10:09:00.441, 2448591211014, QTAgent32.exe, &lt;a class=success&gt;Playback - {159} [SUCCESS] MouseButtonClick - "[MSAA, VisibleOnly]ControlType='Button' &amp;&amp; Name='Ok'"
\0&lt;/a&gt;
W, 5176, 23, 2013/05/23, 10:09:00.978, 2448598884481, QTAgent32.exe, &lt;a class=success&gt;Playback - {160} [SUCCESS] MouseButtonClick - "[MSAA, VisibleOnly]ControlType='Button' &amp;&amp; Name='OK'"
\0&lt;/a&gt;
W, 5176, 23, 2013/05/23, 10:09:01.314, 2448603699034, QTAgent32.exe, Playback - [WARNING] Internal warning: Window Not Found: [VisibleOnly]ControlType='Window' &amp;&amp; Name='Personal Lines' &amp;&amp; ClassName='#32770'
\0
E, 5176, 23, 2013/05/23, 10:09:01.314, 2448603701119, QTAgent32.exe, &lt;a class=failure&gt;Playback - {161} [FAILED] Function ElementFetcher::FindScreenElement failed to locate UI element (Searching: ;[VisibleOnly]ControlType='Window' &amp;&amp; Name='Personal Lines' &amp;&amp; ClassName='#32770') (The object specified was not found.)
\0&lt;/a&gt;
E, 5176, 23, 2013/05/23, 10:09:01.358, 2448604325829, QTAgent32.exe, Playback - [IMAGE] C:\Users\testuser\AppData\Local\Temp\UITestLogs\LastRun\RPF762A.png
\0
W, 5176, 23, 2013/05/23, 10:09:01.358, 2448604327351, QTAgent32.exe, Playback - [WARNING] Internal warning: Couldn't find descendants that match QueryId
\0
W, 5176, 23, 2013/05/23, 10:09:19.412, 2448862832281, QTAgent32.exe, Playback - [WARNING] Internal warning: Window Not Found: [VisibleOnly]ControlType='Window' &amp;&amp; Name='Personal Lines' &amp;&amp; ClassName='#32770'
\0
E, 5176, 23, 2013/05/23, 10:09:19.412, 2448862834430, QTAgent32.exe, &lt;a class=failure&gt;Playback - {162} [FAILED] Function ElementFetcher::FindScreenElement failed to locate UI element (Searching: ;[VisibleOnly]ControlType='Window' &amp;&amp; Name='Personal Lines' &amp;&amp; ClassName='#32770') (The object specified was not found.)
\0&lt;/a&gt;
E, 5176, 23, 2013/05/23, 10:09:19.455, 2448863457107, QTAgent32.exe, Playback - [IMAGE] C:\Users\testuser\AppData\Local\Temp\UITestLogs\LastRun\RPFBCDB.png
\0
W, 5176, 23, 2013/05/23, 10:09:19.455, 2448863458660, QTAgent32.exe, Playback - [WARNING] Internal warning: Couldn't find descendants that match QueryId
\0
W, 5176, 23, 2013/05/23, 10:09:19.456, 2448863461521, QTAgent32.exe, PERF WARNING: FindTopLevelWindowHelper::FindAllDescendents: took 18097 ms. Expected it to take maximum 500 ms.
W, 5176, 23, 2013/05/23, 10:09:19.911, 2448869979119, QTAgent32.exe, Playback - [WARNING] Internal warning: Smart Match failed
\0
W, 5176, 23, 2013/05/23, 10:09:20.111, 2448872849409, QTAgent32.exe, Playback - [WARNING] Internal warning: Smart Match failed
\0
W, 5176, 23, 2013/05/23, 10:09:20.307, 2448875658896, QTAgent32.exe, Playback - [WARNING] Internal warning: Smart Match failed
\0
W, 5176, 23, 2013/05/23, 10:09:20.503, 2448878454082, QTAgent32.exe, Playback - [WARNING] Internal warning: Smart Match failed
\0
W, 5176, 23, 2013/05/23, 10:09:20.706, 2448881353686, QTAgent32.exe, Playback - [WARNING] Internal warning: Smart Match failed
\0
W, 5176, 23, 2013/05/23, 10:09:20.925, 2448884492548, QTAgent32.exe, Playback - [WARNING] Internal warning: Smart Match failed
\0
W, 5176, 23, 2013/05/23, 10:09:21.120, 2448887290747, QTAgent32.exe, Playback - [WARNING] Internal warning: Smart Match failed
\0
W, 5176, 23, 2013/05/23, 10:09:21.318, 2448890119330, QTAgent32.exe, Playback - [WARNING] Internal warning: Smart Match failed
\0
W, 5176, 23, 2013/05/23, 10:09:21.513, 2448892915917, QTAgent32.exe, Playback - [WARNING] Internal warning: Smart Match failed
\0
W, 5176, 23, 2013/05/23, 10:09:21.715, 2448895803764, QTAgent32.exe, Playback - [WARNING] Internal warning: Smart Match failed
\0
W, 5176, 23, 2013/05/23, 10:09:21.917, 2448898702270, QTAgent32.exe, Playback - [WARNING] Internal warning: Smart Match failed
\0
W, 5176, 23, 2013/05/23, 10:09:22.120, 2448901606427, QTAgent32.exe, Playback - [WARNING] Internal warning: Smart Match failed
\0
W, 5176, 23, 2013/05/23, 10:09:22.321, 2448904492488, QTAgent32.exe, Playback - [WARNING] Internal warning: Smart Match failed
\0
W, 5176, 23, 2013/05/23, 10:09:22.519, 2448907319820, QTAgent32.exe, Playback - [WARNING] Internal warning: Smart Match failed
\0
W, 5176, 23, 2013/05/23, 10:09:22.607, 2448908584670, QTAgent32.exe, Playback - [WARNING] Internal warning: Window Not Found: [VisibleOnly]ControlType='Window' &amp;&amp; Name='Personal Lines' &amp;&amp; ClassName='#32770'
\0
E, 5176, 23, 2013/05/23, 10:09:22.607, 2448908586466, QTAgent32.exe, &lt;a class=failure&gt;Playback - {163} [FAILED] Function ElementFetcher::FindScreenElement failed to locate UI element (Searching: ;[VisibleOnly]ControlType='Window' &amp;&amp; Name='Personal Lines' &amp;&amp; ClassName='#32770') (The object specified was not found.)
\0&lt;/a&gt;
E, 5176, 23, 2013/05/23, 10:09:22.655, 2448909275082, QTAgent32.exe, Playback - [IMAGE] C:\Users\testuser\AppData\Local\Temp\UITestLogs\LastRun\RPFC95A.png
\0
W, 5176, 23, 2013/05/23, 10:09:22.655, 2448909276612, QTAgent32.exe, Playback - [WARNING] Internal warning: Couldn't find descendants that match QueryId
\0
W, 5176, 23, 2013/05/23, 10:09:22.656, 2448909279253, QTAgent32.exe, PERF WARNING: FindTopLevelWindowHelper::FindAllDescendents: took 3199 ms. Expected it to take maximum 500 ms.
E, 5176, 23, 2013/05/23, 10:09:22.656, 2448909280901, QTAgent32.exe, Exception: System.Runtime.InteropServices.COMException
	Message: Error HRESULT E_FAIL has been returned from a call to a COM component.
	Stack Trace:    at Microsoft.VisualStudio.TestTools.UITest.Playback.Engine.IRPFPlayback.FindAllScreenElements(IScreenElement pScreenElementStart, String bstrQueryId, Object&amp; pvarResKeys, Int32 cResKeys, Int32 nMaxDepth, Object[]&amp; foundDescendants)
   at Microsoft.VisualStudio.TestTools.UITest.Playback.ScreenElement.FindTopLevelWindowHelper(String queryId)
	BaseExceptionMessage: Error HRESULT E_FAIL has been returned from a call to a COM component.

E, 5176, 23, 2013/05/23, 10:09:22.656, 2448909283217, QTAgent32.exe, Window 2164300 not responding. Last Win32 error 0
E, 5176, 23, 2013/05/23, 10:09:22.656, 2448909284227, QTAgent32.exe, GetClassName for handle 2164300 failed
E, 5176, 23, 2013/05/23, 10:09:22.756, 2448910721783, QTAgent32.exe, AL: Playback Error: Microsoft.VisualStudio.TestTools.UITest.Extension.UITestControlNotAvailableException: The control is not available or not valid. Additional Details: 
TechnologyName:  'MSAA'
Name:  'Personal Lines'
ClassName:  '#32770'
ControlType:  'Window'
 ---&gt; System.Runtime.InteropServices.COMException: Error HRESULT E_FAIL has been returned from a call to a COM component.
   at Microsoft.VisualStudio.TestTools.UITest.Playback.Engine.IRPFPlayback.FindAllScreenElements(IScreenElement pScreenElementStart, String bstrQueryId, Object&amp; pvarResKeys, Int32 cResKeys, Int32 nMaxDepth, Object[]&amp; foundDescendants)
   at Microsoft.VisualStudio.TestTools.UITest.Playback.ScreenElement.FindTopLevelWindowHelper(String queryId)
   at Microsoft.VisualStudio.TestTools.UITest.Playback.ScreenElement.FindFromPartialQueryId(String queryId)
   at Microsoft.VisualStudio.TestTools.UITesting.UITestControl.EnsureValid(Boolean waitForReady, Boolean refetch)
   --- End of inner exception stack trace ---
   at Microsoft.VisualStudio.TestTools.UITesting.UITestControl.EnsureValid(Boolean waitForReady, Boolean refetch)
   at Microsoft.VisualStudio.TestTools.UITesting.UITestControl.FindFirstDescendant(String queryId, Int32 maxDepth, Int32&amp; timeLeft)
   at Microsoft.VisualStudio.TestTools.UITesting.SearchHelper.GetElement(Boolean useCache, ISearchArgument searchArg)
   at Microsoft.VisualStudio.TestTools.UITesting.SearchHelper.Search(ISearchArgument searchArg)
   at Microsoft.VisualStudio.TestTools.UITesting.UITestControl.FindInternal()
   at Microsoft.VisualStudio.TestTools.UITesting.UITestControl.FindControlIfNecessary()
   at Microsoft.VisualStudio.TestTools.UITesting.UITestControl.Click(MouseButtons button, ModifierKeys modifierKeys, Point relativeCoordinates)
   at Microsoft.VisualStudio.TestTools.UITesting.Mouse.ClickImplementation(UITestControl control, MouseButtons button, ModifierKeys modifierKeys, Point relativeCoordinate)
   at Microsoft.VisualStudio.TestTools.UITesting.Mouse.ClickImplementationWrapper(UITestControl control, MouseButtons button, ModifierKeys modifierKeys, Point relativeCoordinate)
W, 5176, 23, 2013/05/23, 10:09:22.757, 2448910723500, QTAgent32.exe, PlaybackErrorHandler: Ignoring exception as ContinueOnError is set.
W, 5176, 23, 2013/05/23, 10:09:23.006, 2448914290315, QTAgent32.exe, Playback - [WARNING] Internal warning: Window Not Found: [VisibleOnly]ControlType='Window' &amp;&amp; Name='Policies Auto-Renewed &amp; Auto-Lapsed' &amp;&amp; ClassName='ThunderRT6FormDC'
\0
E, 5176, 23, 2013/05/23, 10:09:23.006, 2448914292424, QTAgent32.exe, &lt;a class=failure&gt;Playback - {164} [FAILED] Function ElementFetcher::FindScreenElement failed to locate UI element (Searching: ;[VisibleOnly]ControlType='Window' &amp;&amp; Name='Policies Auto-Renewed &amp; Auto-Lapsed' &amp;&amp; ClassName='ThunderRT6FormDC') (The object specified was not found.)
\0&lt;/a&gt;
E, 5176, 23, 2013/05/23, 10:09:23.048, 2448914890632, QTAgent32.exe, Playback - [IMAGE] C:\Users\testuser\AppData\Local\Temp\UITestLogs\LastRun\RPFCAF1.png
\0
W, 5176, 23, 2013/05/23, 10:09:23.048, 2448914892275, QTAgent32.exe, Playback - [WARNING] Internal warning: Couldn't find descendants that match QueryId
\0
W, 5176, 23, 2013/05/23, 10:09:41.094, 2449173280250, QTAgent32.exe, Playback - [WARNING] Internal warning: Window Not Found: [VisibleOnly]ControlType='Window' &amp;&amp; Name='Policies Auto-Renewed &amp; Auto-Lapsed' &amp;&amp; ClassName='ThunderRT6FormDC'
\0
E, 5176, 23, 2013/05/23, 10:09:41.094, 2449173282654, QTAgent32.exe, &lt;a class=failure&gt;Playback - {165} [FAILED] Function ElementFetcher::FindScreenElement failed to locate UI element (Searching: ;[VisibleOnly]ControlType='Window' &amp;&amp; Name='Policies Auto-Renewed &amp; Auto-Lapsed' &amp;&amp; ClassName='ThunderRT6FormDC') (The object specified was not found.)
\0&lt;/a&gt;
E, 5176, 23, 2013/05/23, 10:09:41.137, 2449173898564, QTAgent32.exe, Playback - [IMAGE] C:\Users\testuser\AppData\Local\Temp\UITestLogs\LastRun\RPF1192.png
\0
W, 5176, 23, 2013/05/23, 10:09:41.137, 2449173900026, QTAgent32.exe, Playback - [WARNING] Internal warning: Couldn't find descendants that match QueryId
\0
W, 5176, 23, 2013/05/23, 10:09:41.137, 2449173902401, QTAgent32.exe, PERF WARNING: FindTopLevelWindowHelper::FindAllDescendents: took 18089 ms. Expected it to take maximum 500 ms.
W, 5176, 23, 2013/05/23, 10:09:41.596, 2449180472561, QTAgent32.exe, Playback - [WARNING] Internal warning: Smart Match failed
\0
W, 5176, 23, 2013/05/23, 10:09:41.799, 2449183376729, QTAgent32.exe, Playback - [WARNING] Internal warning: Smart Match failed
\0
W, 5176, 23, 2013/05/23, 10:09:42.000, 2449186253187, QTAgent32.exe, Playback - [WARNING] Internal warning: Smart Match failed
\0
W, 5176, 23, 2013/05/23, 10:09:42.196, 2449189064102, QTAgent32.exe, Playback - [WARNING] Internal warning: Smart Match failed
\0
W, 5176, 23, 2013/05/23, 10:09:42.397, 2449191940102, QTAgent32.exe, Playback - [WARNING] Internal warning: Smart Match failed
\0
W, 5176, 23, 2013/05/23, 10:09:42.601, 2449194855362, QTAgent32.exe, Playback - [WARNING] Internal warning: Smart Match failed
\0
W, 5176, 23, 2013/05/23, 10:09:42.795, 2449197640305, QTAgent32.exe, Playback - [WARNING] Internal warning: Smart Match failed
\0
W, 5176, 23, 2013/05/23, 10:09:42.991, 2449200440279, QTAgent32.exe, Playback - [WARNING] Internal warning: Smart Match failed
\0
W, 5176, 23, 2013/05/23, 10:09:43.187, 2449203249176, QTAgent32.exe, Playback - [WARNING] Internal warning: Smart Match failed
\0
W, 5176, 23, 2013/05/23, 10:09:43.381, 2449206031642, QTAgent32.exe, Playback - [WARNING] Internal warning: Smart Match failed
\0
W, 5176, 23, 2013/05/23, 10:09:43.578, 2449208855657, QTAgent32.exe, Playback - [WARNING] Internal warning: Smart Match failed
\0
W, 5176, 23, 2013/05/23, 10:09:43.787, 2449211850514, QTAgent32.exe, Playback - [WARNING] Internal warning: Smart Match failed
\0
W, 5176, 23, 2013/05/23, 10:09:43.992, 2449214765966, QTAgent32.exe, Playback - [WARNING] Internal warning: Smart Match failed
\0
W, 5176, 23, 2013/05/23, 10:09:44.192, 2449217639175, QTAgent32.exe, Playback - [WARNING] Internal warning: Smart Match failed
\0
W, 5176, 23, 2013/05/23, 10:09:44.282, 2449218930156, QTAgent32.exe, Playback - [WARNING] Internal warning: Window Not Found: [VisibleOnly]ControlType='Window' &amp;&amp; Name='Policies Auto-Renewed &amp; Auto-Lapsed' &amp;&amp; ClassName='ThunderRT6FormDC'
\0
E, 5176, 23, 2013/05/23, 10:09:44.282, 2449218931819, QTAgent32.exe, &lt;a class=failure&gt;Playback - {166} [FAILED] Function ElementFetcher::FindScreenElement failed to locate UI element (Searching: ;[VisibleOnly]ControlType='Window' &amp;&amp; Name='Policies Auto-Renewed &amp; Auto-Lapsed' &amp;&amp; ClassName='ThunderRT6FormDC') (The object specified was not found.)
\0&lt;/a&gt;
E, 5176, 23, 2013/05/23, 10:09:44.325, 2449219544725, QTAgent32.exe, Playback - [IMAGE] C:\Users\testuser\AppData\Local\Temp\UITestLogs\LastRun\RPF1E11.png
\0
W, 5176, 23, 2013/05/23, 10:09:44.325, 2449219546370, QTAgent32.exe, Playback - [WARNING] Internal warning: Couldn't find descendants that match QueryId
\0
W, 5176, 23, 2013/05/23, 10:09:44.326, 2449219548921, QTAgent32.exe, PERF WARNING: FindTopLevelWindowHelper::FindAllDescendents: took 3187 ms. Expected it to take maximum 500 ms.
E, 5176, 23, 2013/05/23, 10:09:44.326, 2449219550555, QTAgent32.exe, Exception: System.Runtime.InteropServices.COMException
	Message: Error HRESULT E_FAIL has been returned from a call to a COM component.
	Stack Trace:    at Microsoft.VisualStudio.TestTools.UITest.Playback.Engine.IRPFPlayback.FindAllScreenElements(IScreenElement pScreenElementStart, String bstrQueryId, Object&amp; pvarResKeys, Int32 cResKeys, Int32 nMaxDepth, Object[]&amp; foundDescendants)
   at Microsoft.VisualStudio.TestTools.UITest.Playback.ScreenElement.FindTopLevelWindowHelper(String queryId)
	BaseExceptionMessage: Error HRESULT E_FAIL has been returned from a call to a COM component.

E, 5176, 23, 2013/05/23, 10:09:44.426, 2449220985157, QTAgent32.exe, AL: Playback Error: Microsoft.VisualStudio.TestTools.UITest.Extension.UITestControlNotFoundException: The playback failed to find the control with the given search properties. Additional Details: 
TechnologyName:  'MSAA'
ControlType:  'Window'
Name:  'Policies Auto-Renewed &amp; Auto-Lapsed'
ClassName:  'ThunderRT6FormDC'
 ---&gt; System.Runtime.InteropServices.COMException: Error HRESULT E_FAIL has been returned from a call to a COM component.
   at Microsoft.VisualStudio.TestTools.UITest.Playback.Engine.IRPFPlayback.FindAllScreenElements(IScreenElement pScreenElementStart, String bstrQueryId, Object&amp; pvarResKeys, Int32 cResKeys, Int32 nMaxDepth, Object[]&amp; foundDescendants)
   at Microsoft.VisualStudio.TestTools.UITest.Playback.ScreenElement.FindTopLevelWindowHelper(String queryId)
   at Microsoft.VisualStudio.TestTools.UITest.Playback.ScreenElement.FindFromPartialQueryId(String queryId)
   at Microsoft.VisualStudio.TestTools.UITesting.UITestControl..ctor(String queryId)
   --- End of inner exception stack trace ---
   at Microsoft.VisualStudio.TestTools.UITesting.Playback.MapControlNotFoundException(COMException ex, IPlaybackContext context)
   at Microsoft.VisualStudio.TestTools.UITesting.Playback.MapAndThrowComException(COMException innerException, IPlaybackContext context)
   at Microsoft.VisualStudio.TestTools.UITesting.Playback.MapAndThrowException(SystemException exception, IPlaybackContext context)
   at Microsoft.VisualStudio.TestTools.UITesting.Playback.MapAndThrowException(SystemException exception, String queryId)
   at Microsoft.VisualStudio.TestTools.UITesting.UITestControl..ctor(String queryId)
   at Microsoft.VisualStudio.TestTools.UITesting.SearchHelper.SearchTopLevelWindow(ISearchArgument topLevelSearchArg, String topLevelElementQueryId)
   at Microsoft.VisualStudio.TestTools.UITesting.SearchHelper.GetTitleUpdatedTopLevelWindow(ISearchArgument topLevelSearchArg, String queryId, IList`1 windowTitles)
   at Microsoft.VisualStudio.TestTools.UITesting.SearchHelper.GetTopLevelElement(Boolean useCache, Boolean useCacheOnly, ISearchArgument searchArg, IList`1 windowTitles, Int32&amp; timeLeft)
   at Microsoft.VisualStudio.TestTools.UITesting.SearchHelper.GetElement(Boolean useCache, ISearchArgument searchArg)
   at Microsoft.VisualStudio.TestTools.UITesting.SearchHelper.Search(ISearchArgument searchArg)
   at Microsoft.VisualStudio.TestTools.UITesting.UITestControl.FindInternal()
   at Microsoft.VisualStudio.TestTools.UITesting.UITestControl.FindControlIfNecessary()
   at Microsoft.VisualStudio.TestTools.UITesting.UITestControl.Click(MouseButtons button, ModifierKeys modifierKeys, Point relativeCoordinates)
   at Microsoft.VisualStudio.TestTools.UITesting.Mouse.ClickImplementation(UITestControl control, MouseButtons button, ModifierKeys modifierKeys, Point relativeCoordinate)
   at Microsoft.VisualStudio.TestTools.UITesting.Mouse.ClickImplementationWrapper(UITestControl control, MouseButtons button, ModifierKeys modifierKeys, Point relativeCoordinate)
W, 5176, 23, 2013/05/23, 10:09:44.426, 2449220986772, QTAgent32.exe, PlaybackErrorHandler: Ignoring exception as ContinueOnError is set.
W, 5176, 23, 2013/05/23, 10:09:44.625, 2449223833445, QTAgent32.exe, &lt;a class=success&gt;Playback - {167} [SUCCESS] MouseButtonClick - "[MSAA, VisibleOnly]ControlType='Button' &amp;&amp; Name='EDI Match...'"
\0&lt;/a&gt;
W, 5176, 23, 2013/05/23, 10:09:46.636, 2449252630878, QTAgent32.exe, &lt;a class=success&gt;Playback - {168} [SUCCESS] MouseButtonClick - "[MSAA, VisibleOnly]ControlType='Button' &amp;&amp; Name='Ok'"
\0&lt;/a&gt;
W, 5176, 23, 2013/05/23, 10:09:46.868, 2449255956700, QTAgent32.exe, &lt;a class=success&gt;Playback - {169} [SUCCESS] MouseButtonClick - "[MSAA, VisibleOnly]ControlType='Button' &amp;&amp; Name='OK'"
\0&lt;/a&gt;
W, 5176, 23, 2013/05/23, 10:09:47.109, 2449259409028, QTAgent32.exe, &lt;a class=success&gt;Playback - {170} [SUCCESS] MouseButtonClick - "[MSAA, VisibleOnly]ControlType='Button' &amp;&amp; Name='Log and Clear'"
\0&lt;/a&gt;
W, 5176, 23, 2013/05/23, 10:09:47.349, 2449262841333, QTAgent32.exe, &lt;a class=success&gt;Playback - {171} [SUCCESS] MouseButtonClick - "[MSAA, VisibleOnly]ControlType='Button' &amp;&amp; Name='OK'"
\0&lt;/a&gt;
W, 5176, 23, 2013/05/23, 10:09:47.598, 2449266412257, QTAgent32.exe, &lt;a class=success&gt;Playback - {172} [SUCCESS] MouseButtonClick - "[MSAA, VisibleOnly]ControlType='Button' &amp;&amp; Name='Filter...'"
\0&lt;/a&gt;
W, 5176, 23, 2013/05/23, 10:09:47.824, 2449269642221, QTAgent32.exe, &lt;a class=success&gt;Playback - {173} [SUCCESS] SendKeys "^{HOME}" - "[MSAA, VisibleOnly]ControlType='Edit'"
\0&lt;/a&gt;
E, 5176, 23, 2013/05/23, 10:09:47.824, 2449269644096, QTAgent32.exe, Msaa.GetFocusedElement: could not find accessible object of foreground window
W, 5176, 23, 2013/05/23, 10:09:47.891, 2449270602188, QTAgent32.exe, &lt;a class=success&gt;Playback - {174} [SUCCESS] SendKeys "^+{END}" - "[MSAA, VisibleOnly]ControlType='Edit'"
\0&lt;/a&gt;
E, 5176, 23, 2013/05/23, 10:09:47.891, 2449270604254, QTAgent32.exe, Msaa.GetFocusedElement: could not find accessible object of foreground window
W, 5176, 23, 2013/05/23, 10:09:47.904, 2449270782275, QTAgent32.exe, &lt;a class=success&gt;Playback - {175} [SUCCESS] SendKeys "{DELETE}" - "[MSAA, VisibleOnly]ControlType='Edit'"
\0&lt;/a&gt;
W, 5176, 23, 2013/05/23, 10:09:48.123, 2449273918980, QTAgent32.exe, &lt;a class=success&gt;Playback - {176} [SUCCESS] SetValueAsEditBox "30/05/13" - "[MSAA, VisibleOnly]ControlType='Edit'"  &lt; Set via SendKeys &gt;
\0&lt;/a&gt;
W, 5176, 23, 2013/05/23, 10:09:48.333, 2449276930794, QTAgent32.exe, &lt;a class=success&gt;Playback - {177} [SUCCESS] SendKeys "^{HOME}" - "[MSAA, VisibleOnly]ControlType='Edit'"
\0&lt;/a&gt;
E, 5176, 23, 2013/05/23, 10:09:48.333, 2449276932899, QTAgent32.exe, Msaa.GetFocusedElement: could not find accessible object of foreground window
W, 5176, 23, 2013/05/23, 10:09:48.391, 2449277755305, QTAgent32.exe, &lt;a class=success&gt;Playback - {178} [SUCCESS] SendKeys "^+{END}" - "[MSAA, VisibleOnly]ControlType='Edit'"
\0&lt;/a&gt;
E, 5176, 23, 2013/05/23, 10:09:48.391, 2449277757530, QTAgent32.exe, Msaa.GetFocusedElement: could not find accessible object of foreground window
W, 5176, 23, 2013/05/23, 10:09:48.403, 2449277933360, QTAgent32.exe, &lt;a class=success&gt;Playback - {179} [SUCCESS] SendKeys "{DELETE}" - "[MSAA, VisibleOnly]ControlType='Edit'"
\0&lt;/a&gt;
W, 5176, 23, 2013/05/23, 10:09:48.626, 2449281122731, QTAgent32.exe, &lt;a class=success&gt;Playback - {180} [SUCCESS] SetValueAsEditBox "30/05/13" - "[MSAA, VisibleOnly]ControlType='Edit'"  &lt; Set via SendKeys &gt;
\0&lt;/a&gt;
W, 5176, 23, 2013/05/23, 10:09:48.998, 2449286456947, QTAgent32.exe, Playback - [WARNING] Internal warning: Incorrect flag set for InvokeProgrammaticAction\0
W, 5176, 23, 2013/05/23, 10:09:49.116, 2449288140323, QTAgent32.exe, &lt;a class=success&gt;Playback - {181} [SUCCESS] SetValueAsComboBox "Motor" - "[MSAA, VisibleOnly]ControlType='ComboBox'"  &lt; SetValueAsComboBox, set by clicking on the item in the list box &gt;
\0&lt;/a&gt;
W, 5176, 23, 2013/05/23, 10:09:49.374, 2449291839855, QTAgent32.exe, &lt;a class=success&gt;Playback - {182} [SUCCESS] MouseButtonClick - "[MSAA, VisibleOnly]ControlType='Button' &amp;&amp; Name='Ok'"
\0&lt;/a&gt;
W, 5176, 23, 2013/05/23, 10:09:50.268, 2449304640981, QTAgent32.exe, &lt;a class=success&gt;Playback - {183} [SUCCESS] MouseButtonClick - "[MSAA, VisibleOnly]ControlType='Client'"
\0&lt;/a&gt;
W, 5176, 23, 2013/05/23, 10:09:50.450, 2449307246680, QTAgent32.exe, &lt;a class=success&gt;Playback - {184} [SUCCESS] SendKeys "{End}" - "[MSAA, VisibleOnly]ControlType='Client'"
\0&lt;/a&gt;
W, 5176, 23, 2013/05/23, 10:09:50.714, 2449311019345, QTAgent32.exe, &lt;a class=success&gt;Playback - {185} [SUCCESS] MouseButtonClick - "[MSAA, VisibleOnly]ControlType='Button' &amp;&amp; Name='Display Record...'"
\0&lt;/a&gt;
W, 5176, 23, 2013/05/23, 10:09:51.063, 2449316022773, QTAgent32.exe, Playback - [WARNING] Internal warning: Window Not Found: [VisibleOnly]ControlType='Window' &amp;&amp; Name='AUTO208-1001' &amp;&amp; ClassName='ThunderRT6FormDC'
\0
E, 5176, 23, 2013/05/23, 10:09:51.063, 2449316024865, QTAgent32.exe, &lt;a class=failure&gt;Playback - {186} [FAILED] Function ElementFetcher::FindScreenElement failed to locate UI element (Searching: ;[VisibleOnly]ControlType='Window' &amp;&amp; Name='AUTO208-1001' &amp;&amp; ClassName='ThunderRT6FormDC') (The object specified was not found.)
\0&lt;/a&gt;
E, 5176, 23, 2013/05/23, 10:09:51.106, 2449316631051, QTAgent32.exe, Playback - [IMAGE] C:\Users\testuser\AppData\Local\Temp\UITestLogs\LastRun\RPF3885.png
\0
W, 5176, 23, 2013/05/23, 10:09:51.106, 2449316632574, QTAgent32.exe, Playback - [WARNING] Internal warning: Couldn't find descendants that match QueryId
\0
W, 5176, 23, 2013/05/23, 10:10:09.124, 2449574613928, QTAgent32.exe, Playback - [WARNING] Internal warning: Window Not Found: [VisibleOnly]ControlType='Window' &amp;&amp; Name='AUTO208-1001' &amp;&amp; ClassName='ThunderRT6FormDC'
\0
E, 5176, 23, 2013/05/23, 10:10:09.124, 2449574616016, QTAgent32.exe, &lt;a class=failure&gt;Playback - {187} [FAILED] Function ElementFetcher::FindScreenElement failed to locate UI element (Searching: ;[VisibleOnly]ControlType='Window' &amp;&amp; Name='AUTO208-1001' &amp;&amp; ClassName='ThunderRT6FormDC') (The object specified was not found.)
\0&lt;/a&gt;
E, 5176, 23, 2013/05/23, 10:10:09.167, 2449575234722, QTAgent32.exe, Playback - [IMAGE] C:\Users\testuser\AppData\Local\Temp\UITestLogs\LastRun\RPF7F17.png
\0
W, 5176, 23, 2013/05/23, 10:10:09.167, 2449575236470, QTAgent32.exe, Playback - [WARNING] Internal warning: Couldn't find descendants that match QueryId
\0
W, 5176, 23, 2013/05/23, 10:10:09.167, 2449575238955, QTAgent32.exe, PERF WARNING: FindTopLevelWindowHelper::FindAllDescendents: took 18061 ms. Expected it to take maximum 500 ms.
W, 5176, 23, 2013/05/23, 10:10:09.724, 2449583210330, QTAgent32.exe, Playback - [WARNING] Internal warning: Window with Class "ThunderRT6FormDC" and Title "AUTO208-1001" was not found, so similar window with Class "ThunderRT6FormDC" and Title "AUTO136-1001" was accepted
\0
W, 5176, 23, 2013/05/23, 10:10:09.724, 2449583213463, QTAgent32.exe, PERF WARNING: FindTopLevelWindowHelper::FindAllDescendents: took 556 ms. Expected it to take maximum 500 ms.
W, 5176, 23, 2013/05/23, 10:10:09.847, 2449584966760, QTAgent32.exe, &lt;a class=success&gt;Playback - {188} [SUCCESS] MouseButtonClick - "[MSAA, VisibleOnly]ControlType='Button' &amp;&amp; Name='Amend Risk...'"
\0&lt;/a&gt;
W, 5176, 23, 2013/05/23, 10:10:10.570, 2449595324575, QTAgent32.exe, PERF WARNING: FindTopLevelWindowHelper::FindAllDescendents: took 623 ms. Expected it to take maximum 500 ms.
W, 5176, 23, 2013/05/23, 10:10:10.985, 2449601271424, QTAgent32.exe, &lt;a class=success&gt;Playback - {189} [SUCCESS] SendKeys "^{HOME}" - "[MSAA, VisibleOnly]ControlType='Edit'"
\0&lt;/a&gt;
E, 5176, 23, 2013/05/23, 10:10:10.985, 2449601273483, QTAgent32.exe, Msaa.GetFocusedElement: could not find accessible object of foreground window
W, 5176, 23, 2013/05/23, 10:10:11.044, 2449602116452, QTAgent32.exe, &lt;a class=success&gt;Playback - {190} [SUCCESS] SendKeys "^+{END}" - "[MSAA, VisibleOnly]ControlType='Edit'"
\0&lt;/a&gt;
E, 5176, 23, 2013/05/23, 10:10:11.044, 2449602118410, QTAgent32.exe, Msaa.GetFocusedElement: could not find accessible object of foreground window
W, 5176, 23, 2013/05/23, 10:10:11.065, 2449602410590, QTAgent32.exe, &lt;a class=success&gt;Playback - {191} [SUCCESS] SendKeys "{DELETE}" - "[MSAA, VisibleOnly]ControlType='Edit'"
\0&lt;/a&gt;
W, 5176, 23, 2013/05/23, 10:10:11.199, 2449604338371, QTAgent32.exe, &lt;a class=success&gt;Playback - {192} [SUCCESS] SetValueAsEditBox "1500" - "[MSAA, VisibleOnly]ControlType='Edit'"  &lt; Set via SendKeys &gt;
\0&lt;/a&gt;
W, 5176, 23, 2013/05/23, 10:10:11.423, 2449607537452, QTAgent32.exe, &lt;a class=success&gt;Playback - {193} [SUCCESS] MouseButtonClick - "[MSAA, VisibleOnly]ControlType='Button' &amp;&amp; Name='Proposer Details...'"
\0&lt;/a&gt;
W, 5176, 23, 2013/05/23, 10:10:11.534, 2449609119032, QTAgent32.exe, Playback - [WARNING] Internal warning: Thread state based WFR - Requested element has invalid HWND
\0
W, 5176, 23, 2013/05/23, 10:10:11.534, 2449609120145, QTAgent32.exe, Playback - [WARNING] Internal warning: process performance counters based WFR - Requested element has invalid HWND
\0
E, 5176, 23, 2013/05/23, 10:10:11.534, 2449609122661, QTAgent32.exe, EnsureValid called via EnsureValid call for same element
E, 5176, 23, 2013/05/23, 10:10:11.534, 2449609124531, QTAgent32.exe, EnsureValid called via EnsureValid call for same element
E, 5176, 23, 2013/05/23, 10:10:11.534, 2449609125649, QTAgent32.exe, EnsureValid called via EnsureValid call for same element
E, 5176, 23, 2013/05/23, 10:10:11.534, 2449609128314, QTAgent32.exe, Window 1901680 not responding. Last Win32 error 1400
E, 5176, 23, 2013/05/23, 10:10:11.534, 2449609130121, QTAgent32.exe, GetClassName for handle 1901680 failed
W, 5176, 23, 2013/05/23, 10:10:11.673, 2449611116286, QTAgent32.exe, &lt;a class=success&gt;Playback - {194} [SUCCESS] SendKeys "^{HOME}" - "[MSAA, VisibleOnly]ControlType='Edit'"
\0&lt;/a&gt;
E, 5176, 23, 2013/05/23, 10:10:11.673, 2449611118188, QTAgent32.exe, Msaa.GetFocusedElement: could not find accessible object of foreground window
W, 5176, 23, 2013/05/23, 10:10:11.727, 2449611883507, QTAgent32.exe, &lt;a class=success&gt;Playback - {195} [SUCCESS] SendKeys "^+{END}" - "[MSAA, VisibleOnly]ControlType='Edit'"
\0&lt;/a&gt;
E, 5176, 23, 2013/05/23, 10:10:11.727, 2449611886435, QTAgent32.exe, Msaa.GetFocusedElement: could not find accessible object of foreground window
W, 5176, 23, 2013/05/23, 10:10:11.741, 2449612083740, QTAgent32.exe, &lt;a class=success&gt;Playback - {196} [SUCCESS] SendKeys "{DELETE}" - "[MSAA, VisibleOnly]ControlType='Edit'"
\0&lt;/a&gt;
W, 5176, 23, 2013/05/23, 10:10:11.940, 2449614942931, QTAgent32.exe, &lt;a class=success&gt;Playback - {197} [SUCCESS] SetValueAsEditBox "NewTest" - "[MSAA, VisibleOnly]ControlType='Edit'"  &lt; Set via SendKeys &gt;
\0&lt;/a&gt;
W, 5176, 23, 2013/05/23, 10:10:12.200, 2449618657712, QTAgent32.exe, &lt;a class=success&gt;Playback - {198} [SUCCESS] MouseButtonClick - "[MSAA, VisibleOnly]ControlType='Button' &amp;&amp; Name='OK'"
\0&lt;/a&gt;
W, 5176, 23, 2013/05/23, 10:10:12.479, 2449622650225, QTAgent32.exe, &lt;a class=success&gt;Playback - {199} [SUCCESS] MouseButtonClick - "[MSAA, VisibleOnly]ControlType='Button' &amp;&amp; Name='Calculate Quote'"
\0&lt;/a&gt;
W, 5176, 23, 2013/05/23, 10:10:12.719, 2449626086278, QTAgent32.exe, &lt;a class=success&gt;Playback - {200} [SUCCESS] MouseButtonClick - "[MSAA, VisibleOnly]ControlType='Button' &amp;&amp; Name='No'"
\0&lt;/a&gt;
W, 5176, 23, 2013/05/23, 10:10:13.077, 2449631219079, QTAgent32.exe, Playback - [WARNING] Internal warning: Window Not Found: [VisibleOnly]ControlType='Window' &amp;&amp; Name='Quote Select List' &amp;&amp; ClassName='ThunderRT6FormDC'
\0
E, 5176, 23, 2013/05/23, 10:10:13.077, 2449631221461, QTAgent32.exe, &lt;a class=failure&gt;Playback - {201} [FAILED] Function ElementFetcher::FindScreenElement failed to locate UI element (Searching: ;[VisibleOnly]ControlType='Window' &amp;&amp; Name='Quote Select List' &amp;&amp; ClassName='ThunderRT6FormDC') (The object specified was not found.)
\0&lt;/a&gt;
E, 5176, 23, 2013/05/23, 10:10:13.120, 2449631830345, QTAgent32.exe, Playback - [IMAGE] C:\Users\testuser\AppData\Local\Temp\UITestLogs\LastRun\RPF8E83.png
\0
W, 5176, 23, 2013/05/23, 10:10:13.120, 2449631831934, QTAgent32.exe, Playback - [WARNING] Internal warning: Couldn't find descendants that match QueryId
\0
W, 5176, 23, 2013/05/23, 10:10:31.152, 2449890019879, QTAgent32.exe, Playback - [WARNING] Internal warning: Window Not Found: [VisibleOnly]ControlType='Window' &amp;&amp; Name='Quote Select List' &amp;&amp; ClassName='ThunderRT6FormDC'
\0
E, 5176, 23, 2013/05/23, 10:10:31.152, 2449890022088, QTAgent32.exe, &lt;a class=failure&gt;Playback - {202} [FAILED] Function ElementFetcher::FindScreenElement failed to locate UI element (Searching: ;[VisibleOnly]ControlType='Window' &amp;&amp; Name='Quote Select List' &amp;&amp; ClassName='ThunderRT6FormDC') (The object specified was not found.)
\0&lt;/a&gt;
E, 5176, 23, 2013/05/23, 10:10:31.196, 2449890649425, QTAgent32.exe, Playback - [IMAGE] C:\Users\testuser\AppData\Local\Temp\UITestLogs\LastRun\RPFD524.png
\0
W, 5176, 23, 2013/05/23, 10:10:31.196, 2449890650966, QTAgent32.exe, Playback - [WARNING] Internal warning: Couldn't find descendants that match QueryId
\0
W, 5176, 23, 2013/05/23, 10:10:31.196, 2449890653513, QTAgent32.exe, PERF WARNING: FindTopLevelWindowHelper::FindAllDescendents: took 18076 ms. Expected it to take maximum 500 ms.
W, 5176, 23, 2013/05/23, 10:10:31.672, 2449897458619, QTAgent32.exe, Playback - [WARNING] Internal warning: Smart Match failed
\0
W, 5176, 23, 2013/05/23, 10:10:31.900, 2449900730423, QTAgent32.exe, Playback - [WARNING] Internal warning: Smart Match failed
\0
W, 5176, 23, 2013/05/23, 10:10:32.119, 2449903861990, QTAgent32.exe, Playback - [WARNING] Internal warning: Smart Match failed
\0
W, 5176, 23, 2013/05/23, 10:10:32.342, 2449907055818, QTAgent32.exe, Playback - [WARNING] Internal warning: Smart Match failed
\0
W, 5176, 23, 2013/05/23, 10:10:32.560, 2449910186814, QTAgent32.exe, Playback - [WARNING] Internal warning: Smart Match failed
\0
W, 5176, 23, 2013/05/23, 10:10:32.786, 2449913418619, QTAgent32.exe, Playback - [WARNING] Internal warning: Smart Match failed
\0
W, 5176, 23, 2013/05/23, 10:10:33.003, 2449916530772, QTAgent32.exe, Playback - [WARNING] Internal warning: Smart Match failed
\0
W, 5176, 23, 2013/05/23, 10:10:33.220, 2449919635200, QTAgent32.exe, Playback - [WARNING] Internal warning: Smart Match failed
\0
W, 5176, 23, 2013/05/23, 10:10:33.440, 2449922775993, QTAgent32.exe, Playback - [WARNING] Internal warning: Smart Match failed
\0
W, 5176, 23, 2013/05/23, 10:10:33.656, 2449925869060, QTAgent32.exe, Playback - [WARNING] Internal warning: Smart Match failed
\0
W, 5176, 23, 2013/05/23, 10:10:33.874, 2449928995620, QTAgent32.exe, Playback - [WARNING] Internal warning: Smart Match failed
\0
W, 5176, 23, 2013/05/23, 10:10:34.094, 2449932151334, QTAgent32.exe, Playback - [WARNING] Internal warning: Smart Match failed
\0
W, 5176, 23, 2013/05/23, 10:10:34.206, 2449933748907, QTAgent32.exe, Playback - [WARNING] Internal warning: Window Not Found: [VisibleOnly]ControlType='Window' &amp;&amp; Name='Quote Select List' &amp;&amp; ClassName='ThunderRT6FormDC'
\0
E, 5176, 23, 2013/05/23, 10:10:34.206, 2449933750779, QTAgent32.exe, &lt;a class=failure&gt;Playback - {203} [FAILED] Function ElementFetcher::FindScreenElement failed to locate UI element (Searching: ;[VisibleOnly]ControlType='Window' &amp;&amp; Name='Quote Select List' &amp;&amp; ClassName='ThunderRT6FormDC') (The object specified was not found.)
\0&lt;/a&gt;
E, 5176, 23, 2013/05/23, 10:10:34.249, 2449934369286, QTAgent32.exe, Playback - [IMAGE] C:\Users\testuser\AppData\Local\Temp\UITestLogs\LastRun\RPFE117.png
\0
W, 5176, 23, 2013/05/23, 10:10:34.249, 2449934370887, QTAgent32.exe, Playback - [WARNING] Internal warning: Couldn't find descendants that match QueryId
\0
W, 5176, 23, 2013/05/23, 10:10:34.249, 2449934373311, QTAgent32.exe, PERF WARNING: FindTopLevelWindowHelper::FindAllDescendents: took 3053 ms. Expected it to take maximum 500 ms.
E, 5176, 23, 2013/05/23, 10:10:34.250, 2449934375095, QTAgent32.exe, Exception: System.Runtime.InteropServices.COMException
	Message: Error HRESULT E_FAIL has been returned from a call to a COM component.
	Stack Trace:    at Microsoft.VisualStudio.TestTools.UITest.Playback.Engine.IRPFPlayback.FindAllScreenElements(IScreenElement pScreenElementStart, String bstrQueryId, Object&amp; pvarResKeys, Int32 cResKeys, Int32 nMaxDepth, Object[]&amp; foundDescendants)
   at Microsoft.VisualStudio.TestTools.UITest.Playback.ScreenElement.FindTopLevelWindowHelper(String queryId)
	BaseExceptionMessage: Error HRESULT E_FAIL has been returned from a call to a COM component.

E, 5176, 23, 2013/05/23, 10:10:34.250, 2449934377468, QTAgent32.exe, Window 852764 not responding. Last Win32 error 0
E, 5176, 23, 2013/05/23, 10:10:34.250, 2449934378320, QTAgent32.exe, GetClassName for handle 852764 failed
E, 5176, 23, 2013/05/23, 10:10:34.250, 2449934382347, QTAgent32.exe, Window 3277958 not responding. Last Win32 error 1400
E, 5176, 23, 2013/05/23, 10:10:34.250, 2449934383130, QTAgent32.exe, GetClassName for handle 3277958 failed
E, 5176, 23, 2013/05/23, 10:10:34.350, 2449935818855, QTAgent32.exe, AL: Playback Error: Microsoft.VisualStudio.TestTools.UITest.Extension.UITestControlNotAvailableException: The control is not available or not valid. Additional Details: 
TechnologyName:  'MSAA'
Name:  'Cancel'
ControlType:  'Button'
 ---&gt; Microsoft.VisualStudio.TestTools.UITest.Extension.UITestControlNotAvailableException: The control is not available or not valid. Additional Details: 
TechnologyName:  'MSAA'
Name:  'Quote Select List'
ClassName:  'ThunderRT6FormDC'
ControlType:  'Window'
 ---&gt; System.Runtime.InteropServices.COMException: Error HRESULT E_FAIL has been returned from a call to a COM component.
   at Microsoft.VisualStudio.TestTools.UITest.Playback.Engine.IRPFPlayback.FindAllScreenElements(IScreenElement pScreenElementStart, String bstrQueryId, Object&amp; pvarResKeys, Int32 cResKeys, Int32 nMaxDepth, Object[]&amp; foundDescendants)
   at Microsoft.VisualStudio.TestTools.UITest.Playback.ScreenElement.FindTopLevelWindowHelper(String queryId)
   at Microsoft.VisualStudio.TestTools.UITest.Playback.ScreenElement.FindFromPartialQueryId(String queryId)
   at Microsoft.VisualStudio.TestTools.UITesting.UITestControl.EnsureValid(Boolean waitForReady, Boolean refetch)
   --- End of inner exception stack trace ---
   at Microsoft.VisualStudio.TestTools.UITesting.UITestControl.EnsureValid(Boolean waitForReady, Boolean refetch)
   at Microsoft.VisualStudio.TestTools.UITesting.UITestControl.FindFirstDescendant(String queryId, Int32 maxDepth, Int32&amp; timeLeft)
   at Microsoft.VisualStudio.TestTools.UITesting.UITestControl.FindFirstDescendant(String queryId)
   at Microsoft.VisualStudio.TestTools.UITesting.UITestControl.EnsureValid(Boolean waitForReady, Boolean refetch)
   --- End of inner exception stack trace ---
   at Microsoft.VisualStudio.TestTools.UITesting.UITestControl.EnsureValid(Boolean waitForReady, Boolean refetch)
   at Microsoft.VisualStudio.TestTools.UITesting.UITestControl.Click(MouseButtons button, ModifierKeys modifierKeys, Point relativeCoordinates)
   at Microsoft.VisualStudio.TestTools.UITesting.Mouse.ClickImplementation(UITestControl control, MouseButtons button, ModifierKeys modifierKeys, Point relativeCoordinate)
   at Microsoft.VisualStudio.TestTools.UITesting.Mouse.ClickImplementationWrapper(UITestControl control, MouseButtons button, ModifierKeys modifierKeys, Point relativeCoordinate)
W, 5176, 23, 2013/05/23, 10:10:34.350, 2449935820273, QTAgent32.exe, PlaybackErrorHandler: Ignoring exception as ContinueOnError is set.
W, 5176, 23, 2013/05/23, 10:10:34.528, 2449938368035, QTAgent32.exe, &lt;a class=success&gt;Playback - {204} [SUCCESS] MouseButtonClick - "[MSAA, VisibleOnly]ControlType='Button' &amp;&amp; Name='Ok'"
\0&lt;/a&gt;
W, 5176, 23, 2013/05/23, 10:10:34.895, 2449943616679, QTAgent32.exe, Playback - [WARNING] Internal warning: Window Not Found: [VisibleOnly]ControlType='Window' &amp;&amp; Name='Amend Risk Results' &amp;&amp; ClassName='ThunderRT6FormDC'
\0
E, 5176, 23, 2013/05/23, 10:10:34.895, 2449943619032, QTAgent32.exe, &lt;a class=failure&gt;Playback - {205} [FAILED] Function ElementFetcher::FindScreenElement failed to locate UI element (Searching: ;[VisibleOnly]ControlType='Window' &amp;&amp; Name='Amend Risk Results' &amp;&amp; ClassName='ThunderRT6FormDC') (The object specified was not found.)
\0&lt;/a&gt;
E, 5176, 23, 2013/05/23, 10:10:34.937, 2449944215308, QTAgent32.exe, Playback - [IMAGE] C:\Users\testuser\AppData\Local\Temp\UITestLogs\LastRun\RPFE3C6.png
\0
W, 5176, 23, 2013/05/23, 10:10:34.937, 2449944216824, QTAgent32.exe, Playback - [WARNING] Internal warning: Couldn't find descendants that match QueryId
\0
W, 5176, 23, 2013/05/23, 10:10:53.041, 2450203434964, QTAgent32.exe, Playback - [WARNING] Internal warning: Window Not Found: [VisibleOnly]ControlType='Window' &amp;&amp; Name='Amend Risk Results' &amp;&amp; ClassName='ThunderRT6FormDC'
\0
E, 5176, 23, 2013/05/23, 10:10:53.041, 2450203437110, QTAgent32.exe, &lt;a class=failure&gt;Playback - {206} [FAILED] Function ElementFetcher::FindScreenElement failed to locate UI element (Searching: ;[VisibleOnly]ControlType='Window' &amp;&amp; Name='Amend Risk Results' &amp;&amp; ClassName='ThunderRT6FormDC') (The object specified was not found.)
\0&lt;/a&gt;
E, 5176, 23, 2013/05/23, 10:10:53.085, 2450204057711, QTAgent32.exe, Playback - [IMAGE] C:\Users\testuser\AppData\Local\Temp\UITestLogs\LastRun\RPF2AA6.png
\0
W, 5176, 23, 2013/05/23, 10:10:53.085, 2450204059289, QTAgent32.exe, Playback - [WARNING] Internal warning: Couldn't find descendants that match QueryId
\0
W, 5176, 23, 2013/05/23, 10:10:53.085, 2450204061682, QTAgent32.exe, PERF WARNING: FindTopLevelWindowHelper::FindAllDescendents: took 18147 ms. Expected it to take maximum 500 ms.
W, 5176, 23, 2013/05/23, 10:10:53.680, 2450212576785, QTAgent32.exe, Playback - [WARNING] Internal warning: Window with Class "ThunderRT6FormDC" and Title "Amend Risk Results" was not found, so similar window with Class "ThunderRT6FormDC" and Title "Amend Risk" was accepted
\0
W, 5176, 23, 2013/05/23, 10:10:53.680, 2450212579686, QTAgent32.exe, PERF WARNING: FindTopLevelWindowHelper::FindAllDescendents: took 594 ms. Expected it to take maximum 500 ms.
W, 5176, 23, 2013/05/23, 10:10:53.685, 2450212656389, QTAgent32.exe, Playback - [WARNING] Internal warning: Window with Class "ListView20WndClass" and Title "" was not found, so similar window with Class "ThunderRT6FormDC" and Title "Amend Risk" was accepted
\0
W, 5176, 23, 2013/05/23, 10:10:54.191, 2450219898202, QTAgent32.exe, AL : Mouse click on disabled control: button=Left, modifiers=None, relativeCoordinates={X=362,Y=136}
W, 5176, 23, 2013/05/23, 10:11:04.953, 2450373993513, QTAgent32.exe, &lt;a class=success&gt;Playback - {207} [SUCCESS] MouseButtonClick - "[MSAA, VisibleOnly]ControlType='Client'"
\0&lt;/a&gt;
W, 5176, 23, 2013/05/23, 10:11:05.556, 2450382631777, QTAgent32.exe, AL : SendKeys on disabled control
E, 5176, 23, 2013/05/23, 10:11:15.558, 2450525834687, QTAgent32.exe, &lt;a class=failure&gt;Playback - {208} [FAILED] MouseButtonClick - "[MSAA, VisibleOnly]ControlType='Client'"
\0&lt;/a&gt;
E, 5176, 23, 2013/05/23, 10:11:15.604, 2450526491326, QTAgent32.exe, Playback - [IMAGE] C:\Users\testuser\AppData\Local\Temp\UITestLogs\LastRun\RPF8296.png
\0
W, 5176, 23, 2013/05/23, 10:11:25.606, 2450669706734, QTAgent32.exe, Playback - [WARNING] Internal warning: Could not set focus to the target window for typing. Consider using TypeString instead of SendKeys.
\0
E, 5176, 23, 2013/05/23, 10:11:25.606, 2450669709190, QTAgent32.exe, &lt;a class=failure&gt;Playback - {209} [FAILED] SendKeys "{End}" - "[MSAA, VisibleOnly]ControlType='Client'"\0&lt;/a&gt;
E, 5176, 23, 2013/05/23, 10:11:25.649, 2450670323150, QTAgent32.exe, Playback - [IMAGE] C:\Users\testuser\AppData\Local\Temp\UITestLogs\LastRun\RPFA9E5.png
\0
E, 5176, 23, 2013/05/23, 10:11:25.752, 2450671795448, QTAgent32.exe, AL: Playback Error: Microsoft.VisualStudio.TestTools.UITest.Extension.ActionNotSupportedOnDisabledControlException: Cannot perform 'SendKeys with value "{End}"' on the disabled or read-only control. Additional Details: 
TechnologyName:  'MSAA'
Name:  'Amend Risk'
ControlType:  'Client'
 ---&gt; System.Runtime.InteropServices.COMException: Exception from HRESULT: 0xF004F005
   at Microsoft.VisualStudio.TestTools.UITest.Playback.Engine.IScreenElement.SendKeys(String bstrKeys, Int32 nKeyboardAction, Int32 nSendKeysFlag)
   at Microsoft.VisualStudio.TestTools.UITest.Playback.ScreenElement.SendKeys(String keys, Boolean isUnicode)
   at Microsoft.VisualStudio.TestTools.UITest.Playback.ScreenElement.SendKeys(String keys, ModifierKeys modifierKeys, Boolean isEncoded, Boolean isUnicode)
   at Microsoft.VisualStudio.TestTools.UITesting.UITestControl.SendKeys(String text, ModifierKeys modifierKeys, Boolean isEncoded, Boolean isUnicode)
   --- End of inner exception stack trace ---
   at Microsoft.VisualStudio.TestTools.UITesting.Playback.MapAndThrowComException(COMException innerException, IPlaybackContext context)
   at Microsoft.VisualStudio.TestTools.UITesting.Playback.MapAndThrowException(SystemException exception, IPlaybackContext context)
   at Microsoft.VisualStudio.TestTools.UITesting.Playback.MapAndThrowException(SystemException exception, String actionName, UITestControl uiControl)
   at Microsoft.VisualStudio.TestTools.UITesting.Playback.MapAndThrowException(SystemException exception, String actionName, Object parameterValue, UITestControl uiControl)
   at Microsoft.VisualStudio.TestTools.UITesting.UITestControl.SendKeys(String text, ModifierKeys modifierKeys, Boolean isEncoded, Boolean isUnicode)
   at Microsoft.VisualStudio.TestTools.UITesting.Keyboard.SendKeysImplementation(UITestControl control, String text, ModifierKeys modifierKeys, Boolean isEncoded, Boolean isUnicode)
   at Microsoft.VisualStudio.TestTools.UITesting.Keyboard.SendKeysImplementationWrapper(UITestControl control, String text, ModifierKeys modifierKeys, Boolean isEncoded, Boolean isUnicode)
W, 5176, 23, 2013/05/23, 10:11:28.436, 2450710227031, QTAgent32.exe, IEDOM : StopSession of the plugin called before StartSession
W, 5176, 23, 2013/05/23, 10:11:28.436, 2450710227974, QTAgent32.exe, UIA : StopSession of the plugin called before StartSession
</DebugTrace>
        <ErrorInfo>
          <Message>Test method Ver1.CodedUITest2.MotoAmendRiskNewScheme threw exception: 
Microsoft.VisualStudio.TestTools.UITest.Extension.ActionNotSupportedOnDisabledControlException: Cannot perform 'SendKeys with value "{End}"' on the disabled or read-only control. Additional Details: 
TechnologyName:  'MSAA'
Name:  'Amend Risk'
ControlType:  'Client'
 ---&gt; System.Runtime.InteropServices.COMException: Exception from HRESULT: 0xF004F005</Message>
          <StackTrace>    at Microsoft.VisualStudio.TestTools.UITest.Playback.Engine.IScreenElement.SendKeys(String bstrKeys, Int32 nKeyboardAction, Int32 nSendKeysFlag)
   at Microsoft.VisualStudio.TestTools.UITest.Playback.ScreenElement.SendKeys(String keys, Boolean isUnicode)
   at Microsoft.VisualStudio.TestTools.UITest.Playback.ScreenElement.SendKeys(String keys, ModifierKeys modifierKeys, Boolean isEncoded, Boolean isUnicode)
   at Microsoft.VisualStudio.TestTools.UITesting.UITestControl.SendKeys(String text, ModifierKeys modifierKeys, Boolean isEncoded, Boolean isUnicode)
 --- End of inner exception stack trace ---
    at Microsoft.VisualStudio.TestTools.UITesting.Playback.MapAndThrowComException(COMException innerException, IPlaybackContext context)
   at Microsoft.VisualStudio.TestTools.UITesting.Playback.MapAndThrowException(SystemException exception, IPlaybackContext context)
   at Microsoft.VisualStudio.TestTools.UITesting.Playback.MapAndThrowException(SystemException exception, String actionName, UITestControl uiControl)
   at Microsoft.VisualStudio.TestTools.UITesting.Playback.MapAndThrowException(SystemException exception, String actionName, Object parameterValue, UITestControl uiControl)
   at Microsoft.VisualStudio.TestTools.UITesting.UITestControl.SendKeys(String text, ModifierKeys modifierKeys, Boolean isEncoded, Boolean isUnicode)
   at Microsoft.VisualStudio.TestTools.UITesting.Keyboard.SendKeysImplementation(UITestControl control, String text, ModifierKeys modifierKeys, Boolean isEncoded, Boolean isUnicode)
   at Microsoft.VisualStudio.TestTools.UITesting.Keyboard.SendKeysImplementationWrapper(UITestControl control, String text, ModifierKeys modifierKeys, Boolean isEncoded, Boolean isUnicode)
   at Microsoft.VisualStudio.TestTools.UITesting.Keyboard.SendKeys(UITestControl control, String text, ModifierKeys modifierKeys)
   at Ver1.UIMap.AmendSelectQuote() in C:\AutotestTam1205\TestProject7\UIMap.Designer.cs:line 182
   at Ver1.CodedUITest2.MotoAmendRiskNewScheme() in C:\AutotestTam1205\TestProject7\CodedUITest2.cs:line 785
</StackTrace>
        </ErrorInfo>
      </Output>
      <ResultFiles>
        <ResultFile path="ICDVDEVTM01\MotoAmendRiskNewScheme.png" />
      </ResultFiles>
      <ExtensionResult>Exception has been thrown by the target of an invocation.</ExtensionResult>
    </UnitTestResult>
    <UnitTestResult executionId="3175f4e5-e6fc-4747-ba8b-7f0bb3f72754" testId="311133ab-01d5-f9e4-d13b-e35f37a745ec" testName="MotoRebrokeRenewCurrent" computerName="ICDVDEVTM01" duration="00:07:15.5980523" startTime="2013-05-23T10:11:28.4877764+01:00" endTime="2013-05-23T10:18:44.0950915+01:00" testType="13cdc9d9-ddb5-4fa4-a97d-d965ccfc6d4b" outcome="PassedButRunAborted" testListId="8c84fa94-04c1-424b-9868-57a2d4851a1d" relativeResultsDirectory="3175f4e5-e6fc-4747-ba8b-7f0bb3f72754">
      <Output>
        <DebugTrace>W, 5176, 61, 2013/05/23, 10:11:32.756, 2450772077013, QTAgent32.exe, &lt;a class=success&gt;Playback - {1} [SUCCESS] MouseButtonClick - "[MSAA, VisibleOnly]ControlType='Edit'"
\0&lt;/a&gt;
W, 5176, 61, 2013/05/23, 10:11:32.946, 2450774802974, QTAgent32.exe, &lt;a class=success&gt;Playback - {2} [SUCCESS] SendKeys "[*]" - "[MSAA, VisibleOnly]ControlType='Edit'"
\0&lt;/a&gt;
W, 5176, 61, 2013/05/23, 10:11:33.634, 2450784649038, QTAgent32.exe, &lt;a class=success&gt;Playback - {3} [SUCCESS] MouseButtonClick - "[MSAA, VisibleOnly]ControlType='Button' &amp;&amp; Name='OK'"
\0&lt;/a&gt;
W, 5176, 61, 2013/05/23, 10:11:33.802, 2450787053149, QTAgent32.exe, &lt;a class=success&gt;Playback - {4} [SUCCESS] SendKeys "^{HOME}" - "[MSAA, VisibleOnly]ControlType='Edit'"
\0&lt;/a&gt;
E, 5176, 61, 2013/05/23, 10:11:33.802, 2450787055131, QTAgent32.exe, Msaa.GetFocusedElement: could not find accessible object of foreground window
W, 5176, 61, 2013/05/23, 10:11:33.854, 2450787804876, QTAgent32.exe, &lt;a class=success&gt;Playback - {5} [SUCCESS] SendKeys "^+{END}" - "[MSAA, VisibleOnly]ControlType='Edit'"
\0&lt;/a&gt;
E, 5176, 61, 2013/05/23, 10:11:33.854, 2450787806626, QTAgent32.exe, Msaa.GetFocusedElement: could not find accessible object of foreground window
W, 5176, 61, 2013/05/23, 10:11:33.867, 2450787992340, QTAgent32.exe, &lt;a class=success&gt;Playback - {6} [SUCCESS] SendKeys "{DELETE}" - "[MSAA, VisibleOnly]ControlType='Edit'"
\0&lt;/a&gt;
W, 5176, 61, 2013/05/23, 10:11:34.080, 2450791035733, QTAgent32.exe, &lt;a class=success&gt;Playback - {7} [SUCCESS] SetValueAsEditBox "23/05/2013" - "[MSAA, VisibleOnly]ControlType='Edit'"  &lt; Set via SendKeys &gt;
\0&lt;/a&gt;
W, 5176, 61, 2013/05/23, 10:11:34.345, 2450794828536, QTAgent32.exe, Playback - [WARNING] Internal warning: Incorrect flag set for InvokeProgrammaticAction\0
W, 5176, 61, 2013/05/23, 10:11:34.462, 2450796506831, QTAgent32.exe, &lt;a class=success&gt;Playback - {8} [SUCCESS] SetValueAsComboBox "May" - "[MSAA, VisibleOnly]ControlType='ComboBox'"  &lt; SetValueAsComboBox, set by clicking on the item in the list box &gt;
\0&lt;/a&gt;
W, 5176, 61, 2013/05/23, 10:11:34.618, 2450798737806, QTAgent32.exe, &lt;a class=success&gt;Playback - {9} [SUCCESS] SendKeys "^{HOME}" - "[MSAA, VisibleOnly]ControlType='Edit'"
\0&lt;/a&gt;
E, 5176, 61, 2013/05/23, 10:11:34.618, 2450798739600, QTAgent32.exe, Msaa.GetFocusedElement: could not find accessible object of foreground window
W, 5176, 61, 2013/05/23, 10:11:34.676, 2450799568626, QTAgent32.exe, &lt;a class=success&gt;Playback - {10} [SUCCESS] SendKeys "^+{END}" - "[MSAA, VisibleOnly]ControlType='Edit'"
\0&lt;/a&gt;
E, 5176, 61, 2013/05/23, 10:11:34.676, 2450799570427, QTAgent32.exe, Msaa.GetFocusedElement: could not find accessible object of foreground window
W, 5176, 61, 2013/05/23, 10:11:34.697, 2450799869862, QTAgent32.exe, &lt;a class=success&gt;Playback - {11} [SUCCESS] SendKeys "{DELETE}" - "[MSAA, VisibleOnly]ControlType='Edit'"
\0&lt;/a&gt;
W, 5176, 61, 2013/05/23, 10:11:34.789, 2450801190733, QTAgent32.exe, &lt;a class=success&gt;Playback - {12} [SUCCESS] SetValueAsEditBox "2013" - "[MSAA, VisibleOnly]ControlType='Edit'"  &lt; Set via SendKeys &gt;
\0&lt;/a&gt;
W, 5176, 61, 2013/05/23, 10:11:35.005, 2450804284095, QTAgent32.exe, &lt;a class=success&gt;Playback - {13} [SUCCESS] MouseButtonClick - "[MSAA, VisibleOnly]ControlType='Button' &amp;&amp; Name='OK'"
\0&lt;/a&gt;
W, 5176, 61, 2013/05/23, 10:11:35.750, 2450814942240, QTAgent32.exe, Playback - [WARNING] Internal warning: Window Not Found: [VisibleOnly]ControlType='Window' &amp;&amp; Name='Warning' &amp;&amp; ClassName='#32770'
\0
E, 5176, 61, 2013/05/23, 10:11:35.750, 2450814944345, QTAgent32.exe, &lt;a class=failure&gt;Playback - {14} [FAILED] Function ElementFetcher::FindScreenElement failed to locate UI element (Searching: ;[VisibleOnly]ControlType='Window' &amp;&amp; Name='Warning' &amp;&amp; ClassName='#32770') (The object specified was not found.)
\0&lt;/a&gt;
E, 5176, 61, 2013/05/23, 10:11:35.789, 2450815500361, QTAgent32.exe, Playback - [IMAGE] C:\Users\testuser\AppData\Local\Temp\UITestLogs\LastRun\RPFD182.png
\0
W, 5176, 61, 2013/05/23, 10:11:35.789, 2450815501906, QTAgent32.exe, Playback - [WARNING] Internal warning: Couldn't find descendants that match QueryId
\0
W, 5176, 61, 2013/05/23, 10:11:35.789, 2450815504290, QTAgent32.exe, PERF WARNING: FindTopLevelWindowHelper::FindAllDescendents: took 681 ms. Expected it to take maximum 500 ms.
W, 5176, 61, 2013/05/23, 10:11:53.831, 2451073843723, QTAgent32.exe, Playback - [WARNING] Internal warning: Window Not Found: [VisibleOnly]ControlType='Window' &amp;&amp; Name='Warning' &amp;&amp; ClassName='#32770'
\0
E, 5176, 61, 2013/05/23, 10:11:53.832, 2451073846507, QTAgent32.exe, &lt;a class=failure&gt;Playback - {15} [FAILED] Function ElementFetcher::FindScreenElement failed to locate UI element (Searching: ;[VisibleOnly]ControlType='Window' &amp;&amp; Name='Warning' &amp;&amp; ClassName='#32770') (The object specified was not found.)
\0&lt;/a&gt;
E, 5176, 61, 2013/05/23, 10:11:53.873, 2451074433577, QTAgent32.exe, Playback - [IMAGE] C:\Users\testuser\AppData\Local\Temp\UITestLogs\LastRun\RPF1824.png
\0
W, 5176, 61, 2013/05/23, 10:11:53.873, 2451074435118, QTAgent32.exe, Playback - [WARNING] Internal warning: Couldn't find descendants that match QueryId
\0
W, 5176, 61, 2013/05/23, 10:11:53.873, 2451074437803, QTAgent32.exe, PERF WARNING: FindTopLevelWindowHelper::FindAllDescendents: took 18084 ms. Expected it to take maximum 500 ms.
W, 5176, 61, 2013/05/23, 10:11:54.314, 2451080750444, QTAgent32.exe, Playback - [WARNING] Internal warning: Smart Match failed
\0
W, 5176, 61, 2013/05/23, 10:11:54.493, 2451083309910, QTAgent32.exe, Playback - [WARNING] Internal warning: Smart Match failed
\0
W, 5176, 61, 2013/05/23, 10:11:54.665, 2451085779710, QTAgent32.exe, Playback - [WARNING] Internal warning: Smart Match failed
\0
W, 5176, 61, 2013/05/23, 10:11:54.836, 2451088219377, QTAgent32.exe, Playback - [WARNING] Internal warning: Smart Match failed
\0
W, 5176, 61, 2013/05/23, 10:11:55.013, 2451090750842, QTAgent32.exe, Playback - [WARNING] Internal warning: Smart Match failed
\0
W, 5176, 61, 2013/05/23, 10:11:55.197, 2451093396316, QTAgent32.exe, Playback - [WARNING] Internal warning: Smart Match failed
\0
W, 5176, 61, 2013/05/23, 10:11:55.372, 2451095893028, QTAgent32.exe, Playback - [WARNING] Internal warning: Smart Match failed
\0
W, 5176, 61, 2013/05/23, 10:11:55.554, 2451098501136, QTAgent32.exe, Playback - [WARNING] Internal warning: Smart Match failed
\0
W, 5176, 61, 2013/05/23, 10:11:55.728, 2451100994373, QTAgent32.exe, Playback - [WARNING] Internal warning: Smart Match failed
\0
W, 5176, 61, 2013/05/23, 10:11:55.903, 2451103504895, QTAgent32.exe, Playback - [WARNING] Internal warning: Smart Match failed
\0
W, 5176, 61, 2013/05/23, 10:11:56.079, 2451106020758, QTAgent32.exe, Playback - [WARNING] Internal warning: Smart Match failed
\0
W, 5176, 61, 2013/05/23, 10:11:56.253, 2451108519484, QTAgent32.exe, Playback - [WARNING] Internal warning: Smart Match failed
\0
W, 5176, 61, 2013/05/23, 10:11:56.426, 2451110996831, QTAgent32.exe, Playback - [WARNING] Internal warning: Smart Match failed
\0
W, 5176, 61, 2013/05/23, 10:11:56.598, 2451113450023, QTAgent32.exe, Playback - [WARNING] Internal warning: Smart Match failed
\0
W, 5176, 61, 2013/05/23, 10:11:56.774, 2451115972031, QTAgent32.exe, Playback - [WARNING] Internal warning: Smart Match failed
\0
W, 5176, 61, 2013/05/23, 10:11:56.990, 2451119063905, QTAgent32.exe, Playback - [WARNING] Internal warning: Smart Match failed
\0
W, 5176, 61, 2013/05/23, 10:11:57.053, 2451119975063, QTAgent32.exe, Playback - [WARNING] Internal warning: Window Not Found: [VisibleOnly]ControlType='Window' &amp;&amp; Name='Warning' &amp;&amp; ClassName='#32770'
\0
E, 5176, 61, 2013/05/23, 10:11:57.053, 2451119976614, QTAgent32.exe, &lt;a class=failure&gt;Playback - {16} [FAILED] Function ElementFetcher::FindScreenElement failed to locate UI element (Searching: ;[VisibleOnly]ControlType='Window' &amp;&amp; Name='Warning' &amp;&amp; ClassName='#32770') (The object specified was not found.)
\0&lt;/a&gt;
E, 5176, 61, 2013/05/23, 10:11:57.093, 2451120543119, QTAgent32.exe, Playback - [IMAGE] C:\Users\testuser\AppData\Local\Temp\UITestLogs\LastRun\RPF24B2.png
\0
W, 5176, 61, 2013/05/23, 10:11:57.093, 2451120544589, QTAgent32.exe, Playback - [WARNING] Internal warning: Couldn't find descendants that match QueryId
\0
W, 5176, 61, 2013/05/23, 10:11:57.093, 2451120546957, QTAgent32.exe, PERF WARNING: FindTopLevelWindowHelper::FindAllDescendents: took 3220 ms. Expected it to take maximum 500 ms.
E, 5176, 61, 2013/05/23, 10:11:57.093, 2451120548547, QTAgent32.exe, Exception: System.Runtime.InteropServices.COMException
	Message: Error HRESULT E_FAIL has been returned from a call to a COM component.
	Stack Trace:    at Microsoft.VisualStudio.TestTools.UITest.Playback.Engine.IRPFPlayback.FindAllScreenElements(IScreenElement pScreenElementStart, String bstrQueryId, Object&amp; pvarResKeys, Int32 cResKeys, Int32 nMaxDepth, Object[]&amp; foundDescendants)
   at Microsoft.VisualStudio.TestTools.UITest.Playback.ScreenElement.FindTopLevelWindowHelper(String queryId)
	BaseExceptionMessage: Error HRESULT E_FAIL has been returned from a call to a COM component.

E, 5176, 61, 2013/05/23, 10:11:57.210, 2451122218467, QTAgent32.exe, AL: Playback Error: Microsoft.VisualStudio.TestTools.UITest.Extension.UITestControlNotFoundException: The playback failed to find the control with the given search properties. Additional Details: 
TechnologyName:  'MSAA'
ControlType:  'Window'
Name:  'Warning'
ClassName:  '#32770'
 ---&gt; System.Runtime.InteropServices.COMException: Error HRESULT E_FAIL has been returned from a call to a COM component.
   at Microsoft.VisualStudio.TestTools.UITest.Playback.Engine.IRPFPlayback.FindAllScreenElements(IScreenElement pScreenElementStart, String bstrQueryId, Object&amp; pvarResKeys, Int32 cResKeys, Int32 nMaxDepth, Object[]&amp; foundDescendants)
   at Microsoft.VisualStudio.TestTools.UITest.Playback.ScreenElement.FindTopLevelWindowHelper(String queryId)
   at Microsoft.VisualStudio.TestTools.UITest.Playback.ScreenElement.FindFromPartialQueryId(String queryId)
   at Microsoft.VisualStudio.TestTools.UITesting.UITestControl..ctor(String queryId)
   --- End of inner exception stack trace ---
   at Microsoft.VisualStudio.TestTools.UITesting.Playback.MapControlNotFoundException(COMException ex, IPlaybackContext context)
   at Microsoft.VisualStudio.TestTools.UITesting.Playback.MapAndThrowComException(COMException innerException, IPlaybackContext context)
   at Microsoft.VisualStudio.TestTools.UITesting.Playback.MapAndThrowException(SystemException exception, IPlaybackContext context)
   at Microsoft.VisualStudio.TestTools.UITesting.Playback.MapAndThrowException(SystemException exception, String queryId)
   at Microsoft.VisualStudio.TestTools.UITesting.UITestControl..ctor(String queryId)
   at Microsoft.VisualStudio.TestTools.UITesting.SearchHelper.SearchTopLevelWindow(ISearchArgument topLevelSearchArg, String topLevelElementQueryId)
   at Microsoft.VisualStudio.TestTools.UITesting.SearchHelper.GetTitleUpdatedTopLevelWindow(ISearchArgument topLevelSearchArg, String queryId, IList`1 windowTitles)
   at Microsoft.VisualStudio.TestTools.UITesting.SearchHelper.GetTopLevelElement(Boolean useCache, Boolean useCacheOnly, ISearchArgument searchArg, IList`1 windowTitles, Int32&amp; timeLeft)
   at Microsoft.VisualStudio.TestTools.UITesting.SearchHelper.GetElement(Boolean useCache, ISearchArgument searchArg)
   at Microsoft.VisualStudio.TestTools.UITesting.SearchHelper.Search(ISearchArgument searchArg)
   at Microsoft.VisualStudio.TestTools.UITesting.UITestControl.FindInternal()
   at Microsoft.VisualStudio.TestTools.UITesting.UITestControl.FindControlIfNecessary()
   at Microsoft.VisualStudio.TestTools.UITesting.UITestControl.Click(MouseButtons button, ModifierKeys modifierKeys, Point relativeCoordinates)
   at Microsoft.VisualStudio.TestTools.UITesting.Mouse.ClickImplementation(UITestControl control, MouseButtons button, ModifierKeys modifierKeys, Point relativeCoordinate)
   at Microsoft.VisualStudio.TestTools.UITesting.Mouse.ClickImplementationWrapper(UITestControl control, MouseButtons button, ModifierKeys modifierKeys, Point relativeCoordinate)
W, 5176, 61, 2013/05/23, 10:11:57.210, 2451122220156, QTAgent32.exe, PlaybackErrorHandler: Ignoring exception as ContinueOnError is set.
W, 5176, 61, 2013/05/23, 10:11:57.242, 2451122677726, QTAgent32.exe, &lt;a class=success&gt;Playback - {17} [SUCCESS] TypeString "#(R)"
\0&lt;/a&gt;
E, 5176, 61, 2013/05/23, 10:11:57.757, 2451130044220, QTAgent32.exe, Exception: System.ArgumentException
	Message: Value does not fall within the expected range.
	Stack Trace:    at Accessibility.IAccessible.get_accRole(Object varChild)
   at Microsoft.VisualStudio.TestTools.UITest.Extension.Msaa.AccWrapper.get_RoleInt()
	BaseExceptionMessage: Value does not fall within the expected range.

E, 5176, 61, 2013/05/23, 10:11:57.759, 2451130073004, QTAgent32.exe, Exception: System.ArgumentException
	Message: Value does not fall within the expected range.
	Stack Trace:    at Accessibility.IAccessible.get_accRole(Object varChild)
   at Microsoft.VisualStudio.TestTools.UITest.Extension.Msaa.AccWrapper.get_RoleInt()
	BaseExceptionMessage: Value does not fall within the expected range.

W, 5176, 61, 2013/05/23, 10:11:58.000, 2451133528264, QTAgent32.exe, &lt;a class=success&gt;Playback - {18} [SUCCESS] LeftButtonClick  &lt; Mouse cursor location (87, 908) &gt;
\0&lt;/a&gt;
W, 5176, 61, 2013/05/23, 10:11:58.831, 2451145422657, QTAgent32.exe, &lt;a class=success&gt;Playback - {19} [SUCCESS] SetValueAsEditBox "c:\TestProject7\ourhighway.reg"  &lt; Set via SendKeys &gt;
\0&lt;/a&gt;
W, 5176, 61, 2013/05/23, 10:11:58.831, 2451145424377, QTAgent32.exe, &lt;a class=success&gt;Playback - {20} [SUCCESS] SetValueAsComboBox "c:\TestProject7\ourhighway.reg" - "[MSAA, VisibleOnly]ControlType='ComboBox' &amp;&amp; Name='Open:'"  &lt; Set via SetValueAsEditBox &gt;
\0&lt;/a&gt;
W, 5176, 61, 2013/05/23, 10:11:59.058, 2451148674869, QTAgent32.exe, &lt;a class=success&gt;Playback - {21} [SUCCESS] MouseButtonClick - "[MSAA, VisibleOnly]ControlType='Button' &amp;&amp; Name='OK'"
\0&lt;/a&gt;
W, 5176, 61, 2013/05/23, 10:11:59.717, 2451158115383, QTAgent32.exe, &lt;a class=success&gt;Playback - {22} [SUCCESS] MouseButtonClick - "[MSAA, VisibleOnly]ControlType='Button' &amp;&amp; Name='Yes'"
\0&lt;/a&gt;
W, 5176, 61, 2013/05/23, 10:12:00.020, 2451162452319, QTAgent32.exe, &lt;a class=success&gt;Playback - {23} [SUCCESS] MouseButtonClick - "[MSAA, VisibleOnly]ControlType='Button' &amp;&amp; Name='OK'"
\0&lt;/a&gt;
W, 5176, 61, 2013/05/23, 10:12:00.245, 2451165674472, QTAgent32.exe, &lt;a class=success&gt;Playback - {24} [SUCCESS] MouseButtonClick - "[MSAA, VisibleOnly]ControlType='Button' &amp;&amp; Name='Clients &amp; Files'"
\0&lt;/a&gt;
W, 5176, 61, 2013/05/23, 10:12:01.105, 2451177991657, QTAgent32.exe, PERF WARNING: FindTopLevelWindowHelper::FindAllDescendents: took 758 ms. Expected it to take maximum 500 ms.
W, 5176, 61, 2013/05/23, 10:12:01.378, 2451181895985, QTAgent32.exe, Playback - [WARNING] Internal warning: Incorrect flag set for InvokeProgrammaticAction\0
W, 5176, 61, 2013/05/23, 10:12:01.497, 2451183594367, QTAgent32.exe, &lt;a class=success&gt;Playback - {25} [SUCCESS] SetValueAsComboBox "Customers" - "[MSAA, VisibleOnly]ControlType='ComboBox'"  &lt; SetValueAsComboBox, set by clicking on the item in the list box &gt;
\0&lt;/a&gt;
W, 5176, 61, 2013/05/23, 10:12:01.938, 2451189904264, QTAgent32.exe, &lt;a class=success&gt;Playback - {26} [SUCCESS] MouseButtonClick - "[MSAA, VisibleOnly]ControlType='Button' &amp;&amp; Name='Add'"
\0&lt;/a&gt;
W, 5176, 61, 2013/05/23, 10:12:02.289, 2451194938156, QTAgent32.exe, &lt;a class=success&gt;Playback - {27} [SUCCESS] SendKeys "autotest" - "[MSAA, VisibleOnly]ControlType='RadioButton' &amp;&amp; Name='Personal Lines'"
\0&lt;/a&gt;
W, 5176, 61, 2013/05/23, 10:12:02.624, 2451199738465, QTAgent32.exe, &lt;a class=success&gt;Playback - {28} [SUCCESS] SetValueAsEditBox "autotest" - "[MSAA, VisibleOnly]ControlType='Edit'"  &lt; Set via SendKeys &gt;
\0&lt;/a&gt;
W, 5176, 61, 2013/05/23, 10:12:03.052, 2451205867754, QTAgent32.exe, &lt;a class=success&gt;Playback - {29} [SUCCESS] MouseButtonClick - "[MSAA, VisibleOnly]ControlType='Button' &amp;&amp; Name='OK'"
\0&lt;/a&gt;
W, 5176, 61, 2013/05/23, 10:12:03.293, 2451209306038, QTAgent32.exe, &lt;a class=success&gt;Playback - {30} [SUCCESS] MouseButtonClick - "[MSAA, VisibleOnly]ControlType='Button' &amp;&amp; Name='Yes'"
\0&lt;/a&gt;
W, 5176, 61, 2013/05/23, 10:12:03.536, 2451212795274, QTAgent32.exe, &lt;a class=success&gt;Playback - {31} [SUCCESS] SendKeys "^{HOME}" - "[MSAA, VisibleOnly]ControlType='Edit'"
\0&lt;/a&gt;
E, 5176, 61, 2013/05/23, 10:12:03.536, 2451212797581, QTAgent32.exe, Msaa.GetFocusedElement: could not find accessible object of foreground window
W, 5176, 61, 2013/05/23, 10:12:03.589, 2451213552977, QTAgent32.exe, &lt;a class=success&gt;Playback - {32} [SUCCESS] SendKeys "^+{END}" - "[MSAA, VisibleOnly]ControlType='Edit'"
\0&lt;/a&gt;
E, 5176, 61, 2013/05/23, 10:12:03.589, 2451213555349, QTAgent32.exe, Msaa.GetFocusedElement: could not find accessible object of foreground window
W, 5176, 61, 2013/05/23, 10:12:03.603, 2451213747148, QTAgent32.exe, &lt;a class=success&gt;Playback - {33} [SUCCESS] SendKeys "{DELETE}" - "[MSAA, VisibleOnly]ControlType='Edit'"
\0&lt;/a&gt;
W, 5176, 61, 2013/05/23, 10:12:03.689, 2451214989839, QTAgent32.exe, &lt;a class=success&gt;Playback - {34} [SUCCESS] SetValueAsEditBox "1" - "[MSAA, VisibleOnly]ControlType='Edit'"  &lt; Set via SendKeys &gt;
\0&lt;/a&gt;
W, 5176, 61, 2013/05/23, 10:12:03.870, 2451217577407, QTAgent32.exe, &lt;a class=success&gt;Playback - {35} [SUCCESS] SendKeys "^{HOME}" - "[MSAA, VisibleOnly]ControlType='Edit'"
\0&lt;/a&gt;
E, 5176, 61, 2013/05/23, 10:12:03.870, 2451217579420, QTAgent32.exe, Msaa.GetFocusedElement: could not find accessible object of foreground window
W, 5176, 61, 2013/05/23, 10:12:03.923, 2451218329281, QTAgent32.exe, &lt;a class=success&gt;Playback - {36} [SUCCESS] SendKeys "^+{END}" - "[MSAA, VisibleOnly]ControlType='Edit'"
\0&lt;/a&gt;
E, 5176, 61, 2013/05/23, 10:12:03.923, 2451218331346, QTAgent32.exe, Msaa.GetFocusedElement: could not find accessible object of foreground window
W, 5176, 61, 2013/05/23, 10:12:03.936, 2451218515677, QTAgent32.exe, &lt;a class=success&gt;Playback - {37} [SUCCESS] SendKeys "{DELETE}" - "[MSAA, VisibleOnly]ControlType='Edit'"
\0&lt;/a&gt;
W, 5176, 61, 2013/05/23, 10:12:03.991, 2451219307835, QTAgent32.exe, &lt;a class=success&gt;Playback - {38} [SUCCESS] SetValueAsEditBox "1" - "[MSAA, VisibleOnly]ControlType='Edit'"  &lt; Set via SendKeys &gt;
\0&lt;/a&gt;
W, 5176, 61, 2013/05/23, 10:12:05.612, 2451242514142, QTAgent32.exe, Playback - [WARNING] Internal warning: Target element "[MSAA, VisibleOnly]ControlType='Button' &amp;&amp; Name='OK'" was not found, so all intermediate elements were ignored. An incorrect element that matches target element Id can be found as the result.  Verify that all intermediate elements in QueryId have valid and unique Ids
\0
W, 5176, 61, 2013/05/23, 10:12:06.134, 2451249985874, QTAgent32.exe, PERF WARNING: FindAllDescendents: took 2026 ms. Expected it to take maximum 500 ms.
W, 5176, 61, 2013/05/23, 10:12:06.426, 2451254165007, QTAgent32.exe, &lt;a class=success&gt;Playback - {39} [SUCCESS] MouseButtonClick - "[MSAA, VisibleOnly]ControlType='Button' &amp;&amp; Name='OK'"
\0&lt;/a&gt;
W, 5176, 61, 2013/05/23, 10:12:06.780, 2451259244861, QTAgent32.exe, &lt;a class=success&gt;Playback - {40} [SUCCESS] MouseButtonClick - "[MSAA, VisibleOnly]ControlType='Button'"
\0&lt;/a&gt;
W, 5176, 61, 2013/05/23, 10:12:07.125, 2451264178276, QTAgent32.exe, &lt;a class=success&gt;Playback - {41} [SUCCESS] MouseButtonClick - "[MSAA, VisibleOnly]ControlType='Button' &amp;&amp; Name='Add'"
\0&lt;/a&gt;
W, 5176, 61, 2013/05/23, 10:12:07.470, 2451269126601, QTAgent32.exe, &lt;a class=success&gt;Playback - {42} [SUCCESS] MouseButtonClick - "[MSAA, VisibleOnly]ControlType='Button' &amp;&amp; Name='OK'"
\0&lt;/a&gt;
W, 5176, 61, 2013/05/23, 10:12:09.711, 2451301206178, QTAgent32.exe, &lt;a class=success&gt;Playback - {43} [SUCCESS] MouseButtonClick - "[MSAA, VisibleOnly,Window]ControlType='Window' &amp;&amp; ClassName='ThunderRT6TextBox'"
\0&lt;/a&gt;
W, 5176, 61, 2013/05/23, 10:12:09.981, 2451305069183, QTAgent32.exe, &lt;a class=success&gt;Playback - {44} [SUCCESS] SetValueAsEditBox "MOTO" - "[MSAA, VisibleOnly]ControlType='Edit'"  &lt; Set via SendKeys &gt;
\0&lt;/a&gt;
W, 5176, 61, 2013/05/23, 10:12:10.308, 2451309748353, QTAgent32.exe, &lt;a class=success&gt;Playback - {45} [SUCCESS] MouseButtonClick - "[MSAA, VisibleOnly]ControlType='Button' &amp;&amp; Name='OK'"
\0&lt;/a&gt;
W, 5176, 61, 2013/05/23, 10:12:10.538, 2451313049284, QTAgent32.exe, &lt;a class=success&gt;Playback - {46} [SUCCESS] MouseButtonClick - "[MSAA, VisibleOnly]ControlType='Button' &amp;&amp; Name='Options'"
\0&lt;/a&gt;
W, 5176, 61, 2013/05/23, 10:12:10.638, 2451314484380, QTAgent32.exe, FindScreenElementInSinglePass : Attempting to find control in one pass of search. Failures can occur.
W, 5176, 61, 2013/05/23, 10:12:10.788, 2451316622082, QTAgent32.exe, &lt;a class=success&gt;Playback - {47} [SUCCESS] MouseButtonClick - "[MSAA]ControlType='MenuItem' &amp;&amp; Name='Links'"
\0&lt;/a&gt;
W, 5176, 61, 2013/05/23, 10:12:10.888, 2451318057174, QTAgent32.exe, FindScreenElementInSinglePass : Attempting to find control in one pass of search. Failures can occur.
W, 5176, 61, 2013/05/23, 10:12:11.037, 2451320195208, QTAgent32.exe, &lt;a class=success&gt;Playback - {48} [SUCCESS] MouseButtonClick - "[MSAA]ControlType='MenuItem' &amp;&amp; Name='3rd Party Integration'"
\0&lt;/a&gt;
W, 5176, 61, 2013/05/23, 10:12:11.137, 2451321631381, QTAgent32.exe, FindScreenElementInSinglePass : Attempting to find control in one pass of search. Failures can occur.
W, 5176, 61, 2013/05/23, 10:12:11.299, 2451323938240, QTAgent32.exe, &lt;a class=success&gt;Playback - {49} [SUCCESS] MouseButtonClick - "[MSAA]ControlType='MenuItem' &amp;&amp; Name='Quote Select List'"
\0&lt;/a&gt;
W, 5176, 61, 2013/05/23, 10:12:12.369, 2451339262782, QTAgent32.exe, PERF WARNING: FindTopLevelWindowHelper::FindAllDescendents: took 970 ms. Expected it to take maximum 500 ms.
W, 5176, 61, 2013/05/23, 10:12:12.499, 2451341123080, QTAgent32.exe, &lt;a class=success&gt;Playback - {50} [SUCCESS] MouseButtonClick - "[MSAA, VisibleOnly]ControlType='Button' &amp;&amp; Name='Ok'"
\0&lt;/a&gt;
W, 5176, 61, 2013/05/23, 10:12:14.849, 2451374773086, QTAgent32.exe, PERF WARNING: FindTopLevelWindowHelper::FindAllDescendents: took 2249 ms. Expected it to take maximum 500 ms.
W, 5176, 61, 2013/05/23, 10:12:14.990, 2451376794673, QTAgent32.exe, &lt;a class=success&gt;Playback - {51} [SUCCESS] MouseButtonClick - "[MSAA, VisibleOnly]ControlType='Button' &amp;&amp; Name='Ok'"
\0&lt;/a&gt;
W, 5176, 61, 2013/05/23, 10:12:15.266, 2451380743035, QTAgent32.exe, &lt;a class=success&gt;Playback - {52} [SUCCESS] SetValueAsEditBox "test" - "[MSAA, VisibleOnly]ControlType='Edit'"  &lt; Set via SendKeys &gt;
\0&lt;/a&gt;
W, 5176, 61, 2013/05/23, 10:12:15.525, 2451384459284, QTAgent32.exe, &lt;a class=success&gt;Playback - {53} [SUCCESS] SetValueAsEditBox "test" - "[MSAA, VisibleOnly]ControlType='Edit'"  &lt; Set via SendKeys &gt;
\0&lt;/a&gt;
W, 5176, 61, 2013/05/23, 10:12:15.828, 2451388790791, QTAgent32.exe, &lt;a class=success&gt;Playback - {54} [SUCCESS] SetValueAsEditBox "160486" - "[MSAA, VisibleOnly]ControlType='Edit'"  &lt; Set via SendKeys &gt;
\0&lt;/a&gt;
W, 5176, 61, 2013/05/23, 10:12:16.128, 2451393094461, QTAgent32.exe, &lt;a class=success&gt;Playback - {55} [SUCCESS] SetValueAsEditBox "BN16BN" - "[MSAA, VisibleOnly]ControlType='Edit'"  &lt; Set via SendKeys &gt;
\0&lt;/a&gt;
W, 5176, 61, 2013/05/23, 10:12:18.367, 2451425138427, QTAgent32.exe, &lt;a class=success&gt;Playback - {56} [SUCCESS] MouseButtonClick - "[MSAA, VisibleOnly]ControlType='Button' &amp;&amp; Name='Lookup...'"
\0&lt;/a&gt;
W, 5176, 61, 2013/05/23, 10:12:18.602, 2451428506862, QTAgent32.exe, &lt;a class=success&gt;Playback - {57} [SUCCESS] MouseButtonClick - "[MSAA, VisibleOnly]ControlType='Button' &amp;&amp; Name='Ok'"
\0&lt;/a&gt;
W, 5176, 61, 2013/05/23, 10:12:20.002, 2451448552792, QTAgent32.exe, &lt;a class=success&gt;Playback - {58} [SUCCESS] MouseButtonClick - "[MSAA, VisibleOnly]ControlType='Button' &amp;&amp; Name='OK'"
\0&lt;/a&gt;
W, 5176, 61, 2013/05/23, 10:12:20.605, 2451457194521, QTAgent32.exe, PERF WARNING: FindTopLevelWindowHelper::FindAllDescendents: took 503 ms. Expected it to take maximum 500 ms.
W, 5176, 61, 2013/05/23, 10:12:20.865, 2451460910886, QTAgent32.exe, Playback - [WARNING] Internal warning: Incorrect flag set for InvokeProgrammaticAction\0
W, 5176, 61, 2013/05/23, 10:12:20.983, 2451462606396, QTAgent32.exe, &lt;a class=success&gt;Playback - {59} [SUCCESS] SetValueAsComboBox "Account Executive" - "[MSAA, VisibleOnly]ControlType='ComboBox'"  &lt; SetValueAsComboBox, set by clicking on the item in the list box &gt;
\0&lt;/a&gt;
W, 5176, 61, 2013/05/23, 10:12:21.362, 2451468027399, QTAgent32.exe, Playback - [WARNING] Internal warning: Incorrect flag set for InvokeProgrammaticAction\0
W, 5176, 61, 2013/05/23, 10:12:21.817, 2451474535477, QTAgent32.exe, &lt;a class=success&gt;Playback - {60} [SUCCESS] SetValueAsComboBox "Aerial Manufacturer" - "[MSAA, VisibleOnly]ControlType='ComboBox'"  &lt; SetValueAsComboBox, set by clicking on the item in the list box &gt;
\0&lt;/a&gt;
W, 5176, 61, 2013/05/23, 10:12:22.171, 2451479608362, QTAgent32.exe, &lt;a class=success&gt;Playback - {61} [SUCCESS] SetValueAsEditBox "151208" - "[MSAA, VisibleOnly]ControlType='Edit'"  &lt; Set via SendKeys &gt;
\0&lt;/a&gt;
W, 5176, 61, 2013/05/23, 10:12:22.395, 2451482817042, QTAgent32.exe, &lt;a class=success&gt;Playback - {62} [SUCCESS] MouseButtonClick - "[MSAA, VisibleOnly]ControlType='Button' &amp;&amp; Name='OK'"
\0&lt;/a&gt;
W, 5176, 61, 2013/05/23, 10:12:24.778, 2451516936734, QTAgent32.exe, PERF WARNING: FindTopLevelWindowHelper::FindAllDescendents: took 2277 ms. Expected it to take maximum 500 ms.
E, 5176, 61, 2013/05/23, 10:12:24.784, 2451517029469, QTAgent32.exe, Exception: System.ArgumentException
	Message: Value does not fall within the expected range.
	Stack Trace:    at Accessibility.IAccessible.get_accRole(Object varChild)
   at Microsoft.VisualStudio.TestTools.UITest.Extension.Msaa.AccWrapper.get_RoleInt()
	BaseExceptionMessage: Value does not fall within the expected range.

E, 5176, 61, 2013/05/23, 10:12:24.786, 2451517054838, QTAgent32.exe, Exception: System.ArgumentException
	Message: Value does not fall within the expected range.
	Stack Trace:    at Accessibility.IAccessible.get_accRole(Object varChild)
   at Microsoft.VisualStudio.TestTools.UITest.Extension.Msaa.AccWrapper.get_RoleInt()
	BaseExceptionMessage: Value does not fall within the expected range.

W, 5176, 61, 2013/05/23, 10:12:24.974, 2451519752134, QTAgent32.exe, &lt;a class=success&gt;Playback - {63} [SUCCESS] LeftButtonClick  &lt; Mouse cursor location (680, 395) &gt;
\0&lt;/a&gt;
W, 5176, 61, 2013/05/23, 10:12:25.208, 2451523097214, QTAgent32.exe, &lt;a class=success&gt;Playback - {64} [SUCCESS] SetValueAsEditBox "FORD"  &lt; Set via SendKeys &gt;
\0&lt;/a&gt;
W, 5176, 61, 2013/05/23, 10:12:25.208, 2451523098787, QTAgent32.exe, &lt;a class=success&gt;Playback - {65} [SUCCESS] SetValueAsComboBox "FORD" - "[MSAA, VisibleOnly]ControlType='ComboBox'"  &lt; Set via SetValueAsEditBox &gt;
\0&lt;/a&gt;
E, 5176, 61, 2013/05/23, 10:12:25.314, 2451524616884, QTAgent32.exe, Exception: System.ArgumentException
	Message: Value does not fall within the expected range.
	Stack Trace:    at Accessibility.IAccessible.get_accRole(Object varChild)
   at Microsoft.VisualStudio.TestTools.UITest.Extension.Msaa.AccWrapper.get_RoleInt()
	BaseExceptionMessage: Value does not fall within the expected range.

E, 5176, 61, 2013/05/23, 10:12:25.316, 2451524643210, QTAgent32.exe, Exception: System.ArgumentException
	Message: Value does not fall within the expected range.
	Stack Trace:    at Accessibility.IAccessible.get_accRole(Object varChild)
   at Microsoft.VisualStudio.TestTools.UITest.Extension.Msaa.AccWrapper.get_RoleInt()
	BaseExceptionMessage: Value does not fall within the expected range.

W, 5176, 61, 2013/05/23, 10:12:25.945, 2451533650810, QTAgent32.exe, &lt;a class=success&gt;Playback - {66} [SUCCESS] LeftButtonClick  &lt; Mouse cursor location (1040, 395) &gt;
\0&lt;/a&gt;
W, 5176, 61, 2013/05/23, 10:12:26.141, 2451536457642, QTAgent32.exe, &lt;a class=success&gt;Playback - {67} [SUCCESS] SetValueAsEditBox "KA"  &lt; Set via SendKeys &gt;
\0&lt;/a&gt;
W, 5176, 61, 2013/05/23, 10:12:26.141, 2451536459028, QTAgent32.exe, &lt;a class=success&gt;Playback - {68} [SUCCESS] SetValueAsComboBox "KA" - "[MSAA, VisibleOnly]ControlType='ComboBox'"  &lt; Set via SetValueAsEditBox &gt;
\0&lt;/a&gt;
W, 5176, 61, 2013/05/23, 10:12:26.666, 2451543977128, QTAgent32.exe, &lt;a class=success&gt;Playback - {69} [SUCCESS] MouseButtonClick - "[MSAA, VisibleOnly]ControlType='Button' &amp;&amp; Name='Filter'"
\0&lt;/a&gt;
W, 5176, 61, 2013/05/23, 10:12:27.107, 2451550291101, QTAgent32.exe, &lt;a class=success&gt;Playback - {70} [SUCCESS] MouseButtonClick - "[MSAA, VisibleOnly]ControlType='Button' &amp;&amp; Name='OK'"
\0&lt;/a&gt;
W, 5176, 61, 2013/05/23, 10:12:27.326, 2451553424405, QTAgent32.exe, &lt;a class=success&gt;Playback - {71} [SUCCESS] SendKeys "^{HOME}" - "[MSAA, VisibleOnly]ControlType='Edit'"
\0&lt;/a&gt;
E, 5176, 61, 2013/05/23, 10:12:27.326, 2451553426376, QTAgent32.exe, Msaa.GetFocusedElement: could not find accessible object of foreground window
W, 5176, 61, 2013/05/23, 10:12:27.387, 2451554290990, QTAgent32.exe, &lt;a class=success&gt;Playback - {72} [SUCCESS] SendKeys "^+{END}" - "[MSAA, VisibleOnly]ControlType='Edit'"
\0&lt;/a&gt;
E, 5176, 61, 2013/05/23, 10:12:27.387, 2451554293218, QTAgent32.exe, Msaa.GetFocusedElement: could not find accessible object of foreground window
W, 5176, 61, 2013/05/23, 10:12:27.400, 2451554485164, QTAgent32.exe, &lt;a class=success&gt;Playback - {73} [SUCCESS] SendKeys "{DELETE}" - "[MSAA, VisibleOnly]ControlType='Edit'"
\0&lt;/a&gt;
W, 5176, 61, 2013/05/23, 10:12:27.580, 2451557065446, QTAgent32.exe, &lt;a class=success&gt;Playback - {74} [SUCCESS] SetValueAsEditBox "123434" - "[MSAA, VisibleOnly]ControlType='Edit'"  &lt; Set via SendKeys &gt;
\0&lt;/a&gt;
W, 5176, 61, 2013/05/23, 10:12:27.805, 2451560283369, QTAgent32.exe, &lt;a class=success&gt;Playback - {75} [SUCCESS] SendKeys "^{HOME}" - "[MSAA, VisibleOnly]ControlType='Edit'"
\0&lt;/a&gt;
E, 5176, 61, 2013/05/23, 10:12:27.805, 2451560285266, QTAgent32.exe, Msaa.GetFocusedElement: could not find accessible object of foreground window
W, 5176, 61, 2013/05/23, 10:12:27.871, 2451561221167, QTAgent32.exe, &lt;a class=success&gt;Playback - {76} [SUCCESS] SendKeys "^+{END}" - "[MSAA, VisibleOnly]ControlType='Edit'"
\0&lt;/a&gt;
E, 5176, 61, 2013/05/23, 10:12:27.871, 2451561222735, QTAgent32.exe, Msaa.GetFocusedElement: could not find accessible object of foreground window
W, 5176, 61, 2013/05/23, 10:12:27.883, 2451561400538, QTAgent32.exe, &lt;a class=success&gt;Playback - {77} [SUCCESS] SendKeys "{DELETE}" - "[MSAA, VisibleOnly]ControlType='Edit'"
\0&lt;/a&gt;
W, 5176, 61, 2013/05/23, 10:12:28.023, 2451563401924, QTAgent32.exe, &lt;a class=success&gt;Playback - {78} [SUCCESS] SetValueAsEditBox "1000" - "[MSAA, VisibleOnly]ControlType='Edit'"  &lt; Set via SendKeys &gt;
\0&lt;/a&gt;
W, 5176, 61, 2013/05/23, 10:12:28.242, 2451566534555, QTAgent32.exe, &lt;a class=success&gt;Playback - {79} [SUCCESS] SendKeys "^{HOME}" - "[MSAA, VisibleOnly]ControlType='Edit'"
\0&lt;/a&gt;
E, 5176, 61, 2013/05/23, 10:12:28.242, 2451566536677, QTAgent32.exe, Msaa.GetFocusedElement: could not find accessible object of foreground window
W, 5176, 61, 2013/05/23, 10:12:28.310, 2451567514989, QTAgent32.exe, &lt;a class=success&gt;Playback - {80} [SUCCESS] SendKeys "^+{END}" - "[MSAA, VisibleOnly]ControlType='Edit'"
\0&lt;/a&gt;
E, 5176, 61, 2013/05/23, 10:12:28.310, 2451567516970, QTAgent32.exe, Msaa.GetFocusedElement: could not find accessible object of foreground window
W, 5176, 61, 2013/05/23, 10:12:28.330, 2451567801681, QTAgent32.exe, &lt;a class=success&gt;Playback - {81} [SUCCESS] SendKeys "{DELETE}" - "[MSAA, VisibleOnly]ControlType='Edit'"
\0&lt;/a&gt;
W, 5176, 61, 2013/05/23, 10:12:29.012, 2451577571282, QTAgent32.exe, &lt;a class=success&gt;Playback - {82} [SUCCESS] SetValueAsEditBox "30/05/13" - "[MSAA, VisibleOnly]ControlType='Edit'"  &lt; Set via SendKeys &gt;
\0&lt;/a&gt;
W, 5176, 61, 2013/05/23, 10:12:29.363, 2451582586388, QTAgent32.exe, &lt;a class=success&gt;Playback - {83} [SUCCESS] MouseButtonClick - "[MSAA, VisibleOnly]ControlType='Button' &amp;&amp; Name='Calculate Quote'"
\0&lt;/a&gt;
W, 5176, 61, 2013/05/23, 10:12:29.603, 2451586021697, QTAgent32.exe, &lt;a class=success&gt;Playback - {84} [SUCCESS] MouseButtonClick - "[MSAA, VisibleOnly]ControlType='Button' &amp;&amp; Name='Cancel'"
\0&lt;/a&gt;
W, 5176, 61, 2013/05/23, 10:12:29.836, 2451589359100, QTAgent32.exe, &lt;a class=success&gt;Playback - {85} [SUCCESS] MouseButtonClick - "[MSAA, VisibleOnly]ControlType='Button' &amp;&amp; Name='No'"
\0&lt;/a&gt;
W, 5176, 61, 2013/05/23, 10:12:30.124, 2451593477450, QTAgent32.exe, &lt;a class=success&gt;Playback - {86} [SUCCESS] MouseButtonClick - "[MSAA, VisibleOnly]ControlType='Button' &amp;&amp; Name='Ok'"
\0&lt;/a&gt;
W, 5176, 61, 2013/05/23, 10:12:35.979, 2451677325207, QTAgent32.exe, PERF WARNING: FindTopLevelWindowHelper::FindAllDescendents: took 5755 ms. Expected it to take maximum 500 ms.
W, 5176, 61, 2013/05/23, 10:12:36.108, 2451679162438, QTAgent32.exe, &lt;a class=success&gt;Playback - {87} [SUCCESS] MouseButtonClick - "[MSAA, VisibleOnly]ControlType='Client'"
\0&lt;/a&gt;
W, 5176, 61, 2013/05/23, 10:12:37.674, 2451701590057, QTAgent32.exe, &lt;a class=success&gt;Playback - {88} [SUCCESS] SendKeys "{Home}" - "[MSAA, VisibleOnly]ControlType='Client'"
\0&lt;/a&gt;
W, 5176, 61, 2013/05/23, 10:12:40.951, 2451748507088, QTAgent32.exe, &lt;a class=success&gt;Playback - {89} [SUCCESS] MouseButtonClick - "[MSAA, VisibleOnly]ControlType='Button' &amp;&amp; Name='Accept'"
\0&lt;/a&gt;
W, 5176, 61, 2013/05/23, 10:12:41.347, 2451754176002, QTAgent32.exe, &lt;a class=success&gt;Playback - {90} [SUCCESS] MouseButtonClick - "[MSAA, VisibleOnly]ControlType='Button' &amp;&amp; Name='Yes'"
\0&lt;/a&gt;
W, 5176, 61, 2013/05/23, 10:12:41.660, 2451758652058, QTAgent32.exe, &lt;a class=success&gt;Playback - {91} [SUCCESS] MouseButtonClick - "[MSAA, VisibleOnly]ControlType='Button' &amp;&amp; Name='Ok'"
\0&lt;/a&gt;
W, 5176, 61, 2013/05/23, 10:12:41.906, 2451762180207, QTAgent32.exe, &lt;a class=success&gt;Playback - {92} [SUCCESS] MouseButtonClick - "[MSAA, VisibleOnly]ControlType='Button' &amp;&amp; Name='Ok'"
\0&lt;/a&gt;
W, 5176, 61, 2013/05/23, 10:12:42.134, 2451765444806, QTAgent32.exe, &lt;a class=success&gt;Playback - {93} [SUCCESS] MouseButtonClick - "[MSAA, VisibleOnly]ControlType='Button' &amp;&amp; Name='Confirm'"
\0&lt;/a&gt;
W, 5176, 61, 2013/05/23, 10:13:08.547, 2452143630759, QTAgent32.exe, Playback - [WARNING] Internal warning: Window Not Found: [VisibleOnly]ControlType='Window' &amp;&amp; Name='Save the file as' &amp;&amp; ClassName='#32770'
\0
E, 5176, 61, 2013/05/23, 10:13:08.547, 2452143633322, QTAgent32.exe, &lt;a class=failure&gt;Playback - {94} [FAILED] Function ElementFetcher::FindScreenElement failed to locate UI element (Searching: ;[VisibleOnly]ControlType='Window' &amp;&amp; Name='Save the file as' &amp;&amp; ClassName='#32770') (The object specified was not found.)
\0&lt;/a&gt;
E, 5176, 61, 2013/05/23, 10:13:08.803, 2452147290890, QTAgent32.exe, Playback - [IMAGE] C:\Users\testuser\AppData\Local\Temp\UITestLogs\LastRun\RPF3BFB.png
\0
W, 5176, 61, 2013/05/23, 10:13:08.803, 2452147292530, QTAgent32.exe, Playback - [WARNING] Internal warning: Couldn't find descendants that match QueryId
\0
W, 5176, 61, 2013/05/23, 10:13:08.805, 2452147318266, QTAgent32.exe, PERF WARNING: FindTopLevelWindowHelper::FindAllDescendents: took 26570 ms. Expected it to take maximum 500 ms.
W, 5176, 61, 2013/05/23, 10:13:28.623, 2452431082944, QTAgent32.exe, Playback - [WARNING] Internal warning: Window Not Found: [VisibleOnly]ControlType='Window' &amp;&amp; Name='Save the file as' &amp;&amp; ClassName='#32770'
\0
E, 5176, 61, 2013/05/23, 10:13:28.623, 2452431085445, QTAgent32.exe, &lt;a class=failure&gt;Playback - {95} [FAILED] Function ElementFetcher::FindScreenElement failed to locate UI element (Searching: ;[VisibleOnly]ControlType='Window' &amp;&amp; Name='Save the file as' &amp;&amp; ClassName='#32770') (The object specified was not found.)
\0&lt;/a&gt;
E, 5176, 61, 2013/05/23, 10:13:28.669, 2452431742072, QTAgent32.exe, Playback - [IMAGE] C:\Users\testuser\AppData\Local\Temp\UITestLogs\LastRun\RPF8A69.png
\0
W, 5176, 61, 2013/05/23, 10:13:28.669, 2452431743642, QTAgent32.exe, Playback - [WARNING] Internal warning: Couldn't find descendants that match QueryId
\0
W, 5176, 61, 2013/05/23, 10:13:28.670, 2452431746455, QTAgent32.exe, PERF WARNING: FindTopLevelWindowHelper::FindAllDescendents: took 19864 ms. Expected it to take maximum 500 ms.
W, 5176, 61, 2013/05/23, 10:13:31.578, 2452473394459, QTAgent32.exe, Playback - [WARNING] Internal warning: Smart Match failed
\0
W, 5176, 61, 2013/05/23, 10:13:32.807, 2452490993483, QTAgent32.exe, Playback - [WARNING] Internal warning: Window Not Found: [VisibleOnly]ControlType='Window' &amp;&amp; Name='Save the file as' &amp;&amp; ClassName='#32770'
\0
E, 5176, 61, 2013/05/23, 10:13:32.808, 2452490995798, QTAgent32.exe, &lt;a class=failure&gt;Playback - {96} [FAILED] Function ElementFetcher::FindScreenElement failed to locate UI element (Searching: ;[VisibleOnly]ControlType='Window' &amp;&amp; Name='Save the file as' &amp;&amp; ClassName='#32770') (The object specified was not found.)
\0&lt;/a&gt;
E, 5176, 61, 2013/05/23, 10:13:32.851, 2452491617749, QTAgent32.exe, Playback - [IMAGE] C:\Users\testuser\AppData\Local\Temp\UITestLogs\LastRun\RPF9ABF.png
\0
W, 5176, 61, 2013/05/23, 10:13:32.851, 2452491619437, QTAgent32.exe, Playback - [WARNING] Internal warning: Couldn't find descendants that match QueryId
\0
W, 5176, 61, 2013/05/23, 10:13:32.851, 2452491621887, QTAgent32.exe, PERF WARNING: FindTopLevelWindowHelper::FindAllDescendents: took 4181 ms. Expected it to take maximum 500 ms.
E, 5176, 61, 2013/05/23, 10:13:32.851, 2452491623479, QTAgent32.exe, Exception: System.Runtime.InteropServices.COMException
	Message: Error HRESULT E_FAIL has been returned from a call to a COM component.
	Stack Trace:    at Microsoft.VisualStudio.TestTools.UITest.Playback.Engine.IRPFPlayback.FindAllScreenElements(IScreenElement pScreenElementStart, String bstrQueryId, Object&amp; pvarResKeys, Int32 cResKeys, Int32 nMaxDepth, Object[]&amp; foundDescendants)
   at Microsoft.VisualStudio.TestTools.UITest.Playback.ScreenElement.FindTopLevelWindowHelper(String queryId)
	BaseExceptionMessage: Error HRESULT E_FAIL has been returned from a call to a COM component.

E, 5176, 61, 2013/05/23, 10:13:32.952, 2452493064095, QTAgent32.exe, AL: Playback Error: Microsoft.VisualStudio.TestTools.UITest.Extension.UITestControlNotFoundException: The playback failed to find the control with the given search properties. Additional Details: 
TechnologyName:  'MSAA'
ControlType:  'Window'
Name:  'Save the file as'
ClassName:  '#32770'
 ---&gt; System.Runtime.InteropServices.COMException: Error HRESULT E_FAIL has been returned from a call to a COM component.
   at Microsoft.VisualStudio.TestTools.UITest.Playback.Engine.IRPFPlayback.FindAllScreenElements(IScreenElement pScreenElementStart, String bstrQueryId, Object&amp; pvarResKeys, Int32 cResKeys, Int32 nMaxDepth, Object[]&amp; foundDescendants)
   at Microsoft.VisualStudio.TestTools.UITest.Playback.ScreenElement.FindTopLevelWindowHelper(String queryId)
   at Microsoft.VisualStudio.TestTools.UITest.Playback.ScreenElement.FindFromPartialQueryId(String queryId)
   at Microsoft.VisualStudio.TestTools.UITesting.UITestControl..ctor(String queryId)
   --- End of inner exception stack trace ---
   at Microsoft.VisualStudio.TestTools.UITesting.Playback.MapControlNotFoundException(COMException ex, IPlaybackContext context)
   at Microsoft.VisualStudio.TestTools.UITesting.Playback.MapAndThrowComException(COMException innerException, IPlaybackContext context)
   at Microsoft.VisualStudio.TestTools.UITesting.Playback.MapAndThrowException(SystemException exception, IPlaybackContext context)
   at Microsoft.VisualStudio.TestTools.UITesting.Playback.MapAndThrowException(SystemException exception, String queryId)
   at Microsoft.VisualStudio.TestTools.UITesting.UITestControl..ctor(String queryId)
   at Microsoft.VisualStudio.TestTools.UITesting.SearchHelper.SearchTopLevelWindow(ISearchArgument topLevelSearchArg, String topLevelElementQueryId)
   at Microsoft.VisualStudio.TestTools.UITesting.SearchHelper.GetTitleUpdatedTopLevelWindow(ISearchArgument topLevelSearchArg, String queryId, IList`1 windowTitles)
   at Microsoft.VisualStudio.TestTools.UITesting.SearchHelper.GetTopLevelElement(Boolean useCache, Boolean useCacheOnly, ISearchArgument searchArg, IList`1 windowTitles, Int32&amp; timeLeft)
   at Microsoft.VisualStudio.TestTools.UITesting.SearchHelper.GetElement(Boolean useCache, ISearchArgument searchArg)
   at Microsoft.VisualStudio.TestTools.UITesting.SearchHelper.Search(ISearchArgument searchArg)
   at Microsoft.VisualStudio.TestTools.UITesting.UITestControl.FindInternal()
   at Microsoft.VisualStudio.TestTools.UITesting.UITestControl.FindControlIfNecessary()
   at Microsoft.VisualStudio.TestTools.UITesting.UITestControl.Click(MouseButtons button, ModifierKeys modifierKeys, Point relativeCoordinates)
   at Microsoft.VisualStudio.TestTools.UITesting.Mouse.ClickImplementation(UITestControl control, MouseButtons button, ModifierKeys modifierKeys, Point relativeCoordinate)
   at Microsoft.VisualStudio.TestTools.UITesting.Mouse.ClickImplementationWrapper(UITestControl control, MouseButtons button, ModifierKeys modifierKeys, Point relativeCoordinate)
W, 5176, 61, 2013/05/23, 10:13:32.952, 2452493066277, QTAgent32.exe, PlaybackErrorHandler: Ignoring exception as ContinueOnError is set.
W, 5176, 61, 2013/05/23, 10:13:33.110, 2452495334033, QTAgent32.exe, &lt;a class=success&gt;Playback - {97} [SUCCESS] Check - "[MSAA, VisibleOnly]ControlType='CheckBox' &amp;&amp; Name='Defer Printing?'"
\0&lt;/a&gt;
W, 5176, 61, 2013/05/23, 10:13:33.660, 2452503198958, QTAgent32.exe, &lt;a class=success&gt;Playback - {98} [SUCCESS] MouseButtonClick - "[MSAA, VisibleOnly]ControlType='Button' &amp;&amp; Name='Ok'"
\0&lt;/a&gt;
W, 5176, 61, 2013/05/23, 10:13:35.421, 2452528423132, QTAgent32.exe, PERF WARNING: FindTopLevelWindowHelper::FindAllDescendents: took 1661 ms. Expected it to take maximum 500 ms.
W, 5176, 61, 2013/05/23, 10:13:35.558, 2452530383535, QTAgent32.exe, &lt;a class=success&gt;Playback - {99} [SUCCESS] Uncheck - "[MSAA, VisibleOnly]ControlType='CheckBox' &amp;&amp; Name='Add Activity'"
\0&lt;/a&gt;
W, 5176, 61, 2013/05/23, 10:13:37.991, 2452565215036, QTAgent32.exe, &lt;a class=success&gt;Playback - {100} [SUCCESS] MouseButtonClick - "[MSAA, VisibleOnly]ControlType='Button' &amp;&amp; Name='Ok'"
\0&lt;/a&gt;
W, 5176, 61, 2013/05/23, 10:13:38.229, 2452568630000, QTAgent32.exe, &lt;a class=success&gt;Playback - {101} [SUCCESS] MouseButtonClick - "[MSAA, VisibleOnly]ControlType='Button' &amp;&amp; Name='Ok'"
\0&lt;/a&gt;
W, 5176, 61, 2013/05/23, 10:13:41.721, 2452618616595, QTAgent32.exe, PERF WARNING: FindTopLevelWindowHelper::FindAllDescendents: took 3390 ms. Expected it to take maximum 500 ms.
W, 5176, 61, 2013/05/23, 10:13:41.849, 2452620450764, QTAgent32.exe, &lt;a class=success&gt;Playback - {102} [SUCCESS] MouseButtonClick - "[MSAA, VisibleOnly]ControlType='Button' &amp;&amp; Name='OK'"
\0&lt;/a&gt;
W, 5176, 61, 2013/05/23, 10:13:42.081, 2452623771433, QTAgent32.exe, &lt;a class=success&gt;Playback - {103} [SUCCESS] MouseButtonClick - "[MSAA, VisibleOnly]ControlType='Button' &amp;&amp; Name='Cancel'"
\0&lt;/a&gt;
W, 5176, 61, 2013/05/23, 10:13:42.655, 2452631994912, QTAgent32.exe, &lt;a class=success&gt;Playback - {104} [SUCCESS] MouseButtonClick - "[MSAA, VisibleOnly]ControlType='Button'"
\0&lt;/a&gt;
W, 5176, 61, 2013/05/23, 10:13:43.110, 2452638519507, QTAgent32.exe, &lt;a class=success&gt;Playback - {105} [SUCCESS] MouseButtonClick - "[MSAA, VisibleOnly]ControlType='Button' &amp;&amp; Name='Detail'"
\0&lt;/a&gt;
W, 5176, 61, 2013/05/23, 10:13:46.227, 2452683144794, QTAgent32.exe, Playback - [WARNING] Internal warning: Window Not Found: [VisibleOnly]ControlType='Window' &amp;&amp; Name='Connect to www.insur-econnect.com'
\0
E, 5176, 61, 2013/05/23, 10:13:46.227, 2452683146617, QTAgent32.exe, &lt;a class=failure&gt;Playback - {106} [FAILED] Function ElementFetcher::FindScreenElement failed to locate UI element (Searching: ;[VisibleOnly]ControlType='Window' &amp;&amp; Name='Connect to www.insur-econnect.com') (The object specified was not found.)
\0&lt;/a&gt;
E, 5176, 61, 2013/05/23, 10:13:46.269, 2452683741787, QTAgent32.exe, Playback - [IMAGE] C:\Users\testuser\AppData\Local\Temp\UITestLogs\LastRun\RPFCF37.png
\0
W, 5176, 61, 2013/05/23, 10:13:46.269, 2452683743583, QTAgent32.exe, Playback - [WARNING] Internal warning: Couldn't find descendants that match QueryId
\0
W, 5176, 61, 2013/05/23, 10:13:46.269, 2452683746044, QTAgent32.exe, PERF WARNING: FindTopLevelWindowHelper::FindAllDescendents: took 759 ms. Expected it to take maximum 500 ms.
W, 5176, 61, 2013/05/23, 10:14:04.317, 2452942156188, QTAgent32.exe, Playback - [WARNING] Internal warning: Window Not Found: [VisibleOnly]ControlType='Window' &amp;&amp; Name='Connect to www.insur-econnect.com'
\0
E, 5176, 61, 2013/05/23, 10:14:04.317, 2452942158035, QTAgent32.exe, &lt;a class=failure&gt;Playback - {107} [FAILED] Function ElementFetcher::FindScreenElement failed to locate UI element (Searching: ;[VisibleOnly]ControlType='Window' &amp;&amp; Name='Connect to www.insur-econnect.com') (The object specified was not found.)
\0&lt;/a&gt;
E, 5176, 61, 2013/05/23, 10:14:04.366, 2452942853985, QTAgent32.exe, Playback - [IMAGE] C:\Users\testuser\AppData\Local\Temp\UITestLogs\LastRun\RPF15D9.png
\0
W, 5176, 61, 2013/05/23, 10:14:04.366, 2452942855507, QTAgent32.exe, Playback - [WARNING] Internal warning: Couldn't find descendants that match QueryId
\0
W, 5176, 61, 2013/05/23, 10:14:04.366, 2452942858234, QTAgent32.exe, PERF WARNING: FindTopLevelWindowHelper::FindAllDescendents: took 18096 ms. Expected it to take maximum 500 ms.
W, 5176, 61, 2013/05/23, 10:14:04.858, 2452949905292, QTAgent32.exe, Playback - [WARNING] Internal warning: Smart Match failed
\0
W, 5176, 61, 2013/05/23, 10:14:05.094, 2452953286634, QTAgent32.exe, Playback - [WARNING] Internal warning: Smart Match failed
\0
W, 5176, 61, 2013/05/23, 10:14:05.325, 2452956587182, QTAgent32.exe, Playback - [WARNING] Internal warning: Smart Match failed
\0
W, 5176, 61, 2013/05/23, 10:14:05.557, 2452959917727, QTAgent32.exe, Playback - [WARNING] Internal warning: Smart Match failed
\0
W, 5176, 61, 2013/05/23, 10:14:05.788, 2452963212557, QTAgent32.exe, Playback - [WARNING] Internal warning: Smart Match failed
\0
W, 5176, 61, 2013/05/23, 10:14:06.017, 2452966495773, QTAgent32.exe, Playback - [WARNING] Internal warning: Smart Match failed
\0
W, 5176, 61, 2013/05/23, 10:14:06.252, 2452969864056, QTAgent32.exe, Playback - [WARNING] Internal warning: Smart Match failed
\0
W, 5176, 61, 2013/05/23, 10:14:06.501, 2452973433710, QTAgent32.exe, Playback - [WARNING] Internal warning: Smart Match failed
\0
W, 5176, 61, 2013/05/23, 10:14:06.735, 2452976785689, QTAgent32.exe, Playback - [WARNING] Internal warning: Smart Match failed
\0
W, 5176, 61, 2013/05/23, 10:14:06.973, 2452980187660, QTAgent32.exe, Playback - [WARNING] Internal warning: Smart Match failed
\0
W, 5176, 61, 2013/05/23, 10:14:07.205, 2452983505885, QTAgent32.exe, Playback - [WARNING] Internal warning: Smart Match failed
\0
W, 5176, 61, 2013/05/23, 10:14:07.440, 2452986871490, QTAgent32.exe, Playback - [WARNING] Internal warning: Smart Match failed
\0
W, 5176, 61, 2013/05/23, 10:14:07.563, 2452988642785, QTAgent32.exe, Playback - [WARNING] Internal warning: Window Not Found: [VisibleOnly]ControlType='Window' &amp;&amp; Name='Connect to www.insur-econnect.com'
\0
E, 5176, 61, 2013/05/23, 10:14:07.564, 2452988644844, QTAgent32.exe, &lt;a class=failure&gt;Playback - {108} [FAILED] Function ElementFetcher::FindScreenElement failed to locate UI element (Searching: ;[VisibleOnly]ControlType='Window' &amp;&amp; Name='Connect to www.insur-econnect.com') (The object specified was not found.)
\0&lt;/a&gt;
E, 5176, 61, 2013/05/23, 10:14:07.607, 2452989263954, QTAgent32.exe, Playback - [IMAGE] C:\Users\testuser\AppData\Local\Temp\UITestLogs\LastRun\RPF2287.png
\0
W, 5176, 61, 2013/05/23, 10:14:07.607, 2452989265591, QTAgent32.exe, Playback - [WARNING] Internal warning: Couldn't find descendants that match QueryId
\0
W, 5176, 61, 2013/05/23, 10:14:07.607, 2452989268293, QTAgent32.exe, PERF WARNING: FindTopLevelWindowHelper::FindAllDescendents: took 3241 ms. Expected it to take maximum 500 ms.
E, 5176, 61, 2013/05/23, 10:14:07.607, 2452989269931, QTAgent32.exe, Exception: System.Runtime.InteropServices.COMException
	Message: Error HRESULT E_FAIL has been returned from a call to a COM component.
	Stack Trace:    at Microsoft.VisualStudio.TestTools.UITest.Playback.Engine.IRPFPlayback.FindAllScreenElements(IScreenElement pScreenElementStart, String bstrQueryId, Object&amp; pvarResKeys, Int32 cResKeys, Int32 nMaxDepth, Object[]&amp; foundDescendants)
   at Microsoft.VisualStudio.TestTools.UITest.Playback.ScreenElement.FindTopLevelWindowHelper(String queryId)
	BaseExceptionMessage: Error HRESULT E_FAIL has been returned from a call to a COM component.

W, 5176, 61, 2013/05/23, 10:14:08.295, 2452999112764, QTAgent32.exe, Playback - [WARNING] Internal warning: Window Not Found: [VisibleOnly]ControlType='Window' &amp;&amp; Name='Windows Security'
\0
E, 5176, 61, 2013/05/23, 10:14:08.295, 2452999114666, QTAgent32.exe, &lt;a class=failure&gt;Playback - {109} [FAILED] Function ElementFetcher::FindScreenElement failed to locate UI element (Searching: ;[VisibleOnly]ControlType='Window' &amp;&amp; Name='Windows Security') (The object specified was not found.)
\0&lt;/a&gt;
E, 5176, 61, 2013/05/23, 10:14:08.337, 2452999715146, QTAgent32.exe, Playback - [IMAGE] C:\Users\testuser\AppData\Local\Temp\UITestLogs\LastRun\RPF2565.png
\0
W, 5176, 61, 2013/05/23, 10:14:08.337, 2452999716663, QTAgent32.exe, Playback - [WARNING] Internal warning: Couldn't find descendants that match QueryId
\0
W, 5176, 61, 2013/05/23, 10:14:08.337, 2452999719054, QTAgent32.exe, PERF WARNING: FindTopLevelWindowHelper::FindAllDescendents: took 729 ms. Expected it to take maximum 500 ms.
W, 5176, 61, 2013/05/23, 10:14:26.534, 2453260272306, QTAgent32.exe, Playback - [WARNING] Internal warning: Window Not Found: [VisibleOnly]ControlType='Window' &amp;&amp; Name='Windows Security'
\0
E, 5176, 61, 2013/05/23, 10:14:26.535, 2453260274310, QTAgent32.exe, &lt;a class=failure&gt;Playback - {110} [FAILED] Function ElementFetcher::FindScreenElement failed to locate UI element (Searching: ;[VisibleOnly]ControlType='Window' &amp;&amp; Name='Windows Security') (The object specified was not found.)
\0&lt;/a&gt;
E, 5176, 61, 2013/05/23, 10:14:26.578, 2453260889040, QTAgent32.exe, Playback - [IMAGE] C:\Users\testuser\AppData\Local\Temp\UITestLogs\LastRun\RPF6CA2.png
\0
W, 5176, 61, 2013/05/23, 10:14:26.578, 2453260890738, QTAgent32.exe, Playback - [WARNING] Internal warning: Couldn't find descendants that match QueryId
\0
W, 5176, 61, 2013/05/23, 10:14:26.578, 2453260893240, QTAgent32.exe, PERF WARNING: FindTopLevelWindowHelper::FindAllDescendents: took 18240 ms. Expected it to take maximum 500 ms.
W, 5176, 61, 2013/05/23, 10:14:27.061, 2453267807450, QTAgent32.exe, Playback - [WARNING] Internal warning: Smart Match failed
\0
W, 5176, 61, 2013/05/23, 10:14:27.296, 2453271183813, QTAgent32.exe, Playback - [WARNING] Internal warning: Smart Match failed
\0
W, 5176, 61, 2013/05/23, 10:14:27.536, 2453274606450, QTAgent32.exe, Playback - [WARNING] Internal warning: Smart Match failed
\0
W, 5176, 61, 2013/05/23, 10:14:27.782, 2453278130845, QTAgent32.exe, Playback - [WARNING] Internal warning: Smart Match failed
\0
W, 5176, 61, 2013/05/23, 10:14:28.034, 2453281735693, QTAgent32.exe, Playback - [WARNING] Internal warning: Smart Match failed
\0
W, 5176, 61, 2013/05/23, 10:14:28.280, 2453285258713, QTAgent32.exe, Playback - [WARNING] Internal warning: Smart Match failed
\0
W, 5176, 61, 2013/05/23, 10:14:28.517, 2453288658615, QTAgent32.exe, Playback - [WARNING] Internal warning: Smart Match failed
\0
W, 5176, 61, 2013/05/23, 10:14:28.757, 2453292092071, QTAgent32.exe, Playback - [WARNING] Internal warning: Smart Match failed
\0
W, 5176, 61, 2013/05/23, 10:14:28.994, 2453295492293, QTAgent32.exe, Playback - [WARNING] Internal warning: Smart Match failed
\0
W, 5176, 61, 2013/05/23, 10:14:29.231, 2453298882476, QTAgent32.exe, Playback - [WARNING] Internal warning: Smart Match failed
\0
W, 5176, 61, 2013/05/23, 10:14:29.465, 2453302226255, QTAgent32.exe, Playback - [WARNING] Internal warning: Smart Match failed
\0
W, 5176, 61, 2013/05/23, 10:14:29.591, 2453304040589, QTAgent32.exe, Playback - [WARNING] Internal warning: Window Not Found: [VisibleOnly]ControlType='Window' &amp;&amp; Name='Windows Security'
\0
E, 5176, 61, 2013/05/23, 10:14:29.592, 2453304042585, QTAgent32.exe, &lt;a class=failure&gt;Playback - {111} [FAILED] Function ElementFetcher::FindScreenElement failed to locate UI element (Searching: ;[VisibleOnly]ControlType='Window' &amp;&amp; Name='Windows Security') (The object specified was not found.)
\0&lt;/a&gt;
E, 5176, 61, 2013/05/23, 10:14:29.642, 2453304765240, QTAgent32.exe, Playback - [IMAGE] C:\Users\testuser\AppData\Local\Temp\UITestLogs\LastRun\RPF7895.png
\0
W, 5176, 61, 2013/05/23, 10:14:29.642, 2453304766836, QTAgent32.exe, Playback - [WARNING] Internal warning: Couldn't find descendants that match QueryId
\0
W, 5176, 61, 2013/05/23, 10:14:29.642, 2453304769193, QTAgent32.exe, PERF WARNING: FindTopLevelWindowHelper::FindAllDescendents: took 3064 ms. Expected it to take maximum 500 ms.
E, 5176, 61, 2013/05/23, 10:14:29.642, 2453304770795, QTAgent32.exe, Exception: System.Runtime.InteropServices.COMException
	Message: Error HRESULT E_FAIL has been returned from a call to a COM component.
	Stack Trace:    at Microsoft.VisualStudio.TestTools.UITest.Playback.Engine.IRPFPlayback.FindAllScreenElements(IScreenElement pScreenElementStart, String bstrQueryId, Object&amp; pvarResKeys, Int32 cResKeys, Int32 nMaxDepth, Object[]&amp; foundDescendants)
   at Microsoft.VisualStudio.TestTools.UITest.Playback.ScreenElement.FindTopLevelWindowHelper(String queryId)
	BaseExceptionMessage: Error HRESULT E_FAIL has been returned from a call to a COM component.

E, 5176, 61, 2013/05/23, 10:14:29.743, 2453306210298, QTAgent32.exe, AL: Playback Error: Microsoft.VisualStudio.TestTools.UITest.Extension.UITestControlNotFoundException: The playback failed to find the control with the given search properties. Additional Details: 
TechnologyName:  'MSAA'
ControlType:  'Window'
Name:  'Windows Security'
 ---&gt; System.Runtime.InteropServices.COMException: Error HRESULT E_FAIL has been returned from a call to a COM component.
   at Microsoft.VisualStudio.TestTools.UITest.Playback.Engine.IRPFPlayback.FindAllScreenElements(IScreenElement pScreenElementStart, String bstrQueryId, Object&amp; pvarResKeys, Int32 cResKeys, Int32 nMaxDepth, Object[]&amp; foundDescendants)
   at Microsoft.VisualStudio.TestTools.UITest.Playback.ScreenElement.FindTopLevelWindowHelper(String queryId)
   at Microsoft.VisualStudio.TestTools.UITest.Playback.ScreenElement.FindFromPartialQueryId(String queryId)
   at Microsoft.VisualStudio.TestTools.UITesting.UITestControl..ctor(String queryId)
   --- End of inner exception stack trace ---
   at Microsoft.VisualStudio.TestTools.UITesting.Playback.MapControlNotFoundException(COMException ex, IPlaybackContext context)
   at Microsoft.VisualStudio.TestTools.UITesting.Playback.MapAndThrowComException(COMException innerException, IPlaybackContext context)
   at Microsoft.VisualStudio.TestTools.UITesting.Playback.MapAndThrowException(SystemException exception, IPlaybackContext context)
   at Microsoft.VisualStudio.TestTools.UITesting.Playback.MapAndThrowException(SystemException exception, String queryId)
   at Microsoft.VisualStudio.TestTools.UITesting.UITestControl..ctor(String queryId)
   at Microsoft.VisualStudio.TestTools.UITesting.SearchHelper.SearchTopLevelWindow(ISearchArgument topLevelSearchArg, String topLevelElementQueryId)
   at Microsoft.VisualStudio.TestTools.UITesting.SearchHelper.GetTitleUpdatedTopLevelWindow(ISearchArgument topLevelSearchArg, String queryId, IList`1 windowTitles)
   at Microsoft.VisualStudio.TestTools.UITesting.SearchHelper.GetTopLevelElement(Boolean useCache, Boolean useCacheOnly, ISearchArgument searchArg, IList`1 windowTitles, Int32&amp; timeLeft)
   at Microsoft.VisualStudio.TestTools.UITesting.SearchHelper.GetElement(Boolean useCache, ISearchArgument searchArg)
   at Microsoft.VisualStudio.TestTools.UITesting.SearchHelper.Search(ISearchArgument searchArg)
   at Microsoft.VisualStudio.TestTools.UITesting.UITestControl.FindInternal()
   at Microsoft.VisualStudio.TestTools.UITesting.UITestControl.FindControlIfNecessary()
   at Microsoft.VisualStudio.TestTools.UITesting.UITestControl.SendKeys(String text, ModifierKeys modifierKeys, Boolean isEncoded, Boolean isUnicode)
   at Microsoft.VisualStudio.TestTools.UITesting.Keyboard.SendKeysImplementation(UITestControl control, String text, ModifierKeys modifierKeys, Boolean isEncoded, Boolean isUnicode)
   at Microsoft.VisualStudio.TestTools.UITesting.Keyboard.SendKeysImplementationWrapper(UITestControl control, String text, ModifierKeys modifierKeys, Boolean isEncoded, Boolean isUnicode)
W, 5176, 61, 2013/05/23, 10:14:29.743, 2453306211913, QTAgent32.exe, PlaybackErrorHandler: Ignoring exception as ContinueOnError is set.
W, 5176, 61, 2013/05/23, 10:14:30.455, 2453316412853, QTAgent32.exe, Playback - [WARNING] Internal warning: Window Not Found: [VisibleOnly]ControlType='Window' &amp;&amp; Name='Windows Security'
\0
E, 5176, 61, 2013/05/23, 10:14:30.456, 2453316414856, QTAgent32.exe, &lt;a class=failure&gt;Playback - {112} [FAILED] Function ElementFetcher::FindScreenElement failed to locate UI element (Searching: ;[VisibleOnly]ControlType='Window' &amp;&amp; Name='Windows Security') (The object specified was not found.)
\0&lt;/a&gt;
E, 5176, 61, 2013/05/23, 10:14:30.501, 2453317066576, QTAgent32.exe, Playback - [IMAGE] C:\Users\testuser\AppData\Local\Temp\UITestLogs\LastRun\RPF7C00.png
\0
W, 5176, 61, 2013/05/23, 10:14:30.501, 2453317068117, QTAgent32.exe, Playback - [WARNING] Internal warning: Couldn't find descendants that match QueryId
\0
W, 5176, 61, 2013/05/23, 10:14:30.501, 2453317070614, QTAgent32.exe, PERF WARNING: FindTopLevelWindowHelper::FindAllDescendents: took 758 ms. Expected it to take maximum 500 ms.
W, 5176, 61, 2013/05/23, 10:14:48.729, 2453578059651, QTAgent32.exe, Playback - [WARNING] Internal warning: Window Not Found: [VisibleOnly]ControlType='Window' &amp;&amp; Name='Windows Security'
\0
E, 5176, 61, 2013/05/23, 10:14:48.729, 2453578061508, QTAgent32.exe, &lt;a class=failure&gt;Playback - {113} [FAILED] Function ElementFetcher::FindScreenElement failed to locate UI element (Searching: ;[VisibleOnly]ControlType='Window' &amp;&amp; Name='Windows Security') (The object specified was not found.)
\0&lt;/a&gt;
E, 5176, 61, 2013/05/23, 10:14:48.783, 2453578832159, QTAgent32.exe, Playback - [IMAGE] C:\Users\testuser\AppData\Local\Temp\UITestLogs\LastRun\RPFC35C.png
\0
W, 5176, 61, 2013/05/23, 10:14:48.783, 2453578833708, QTAgent32.exe, Playback - [WARNING] Internal warning: Couldn't find descendants that match QueryId
\0
W, 5176, 61, 2013/05/23, 10:14:48.784, 2453578837611, QTAgent32.exe, PERF WARNING: FindTopLevelWindowHelper::FindAllDescendents: took 18281 ms. Expected it to take maximum 500 ms.
W, 5176, 61, 2013/05/23, 10:14:49.272, 2453585828806, QTAgent32.exe, Playback - [WARNING] Internal warning: Smart Match failed
\0
W, 5176, 61, 2013/05/23, 10:14:49.513, 2453589280031, QTAgent32.exe, Playback - [WARNING] Internal warning: Smart Match failed
\0
W, 5176, 61, 2013/05/23, 10:14:49.763, 2453592862641, QTAgent32.exe, Playback - [WARNING] Internal warning: Smart Match failed
\0
W, 5176, 61, 2013/05/23, 10:14:50.008, 2453596365620, QTAgent32.exe, Playback - [WARNING] Internal warning: Smart Match failed
\0
W, 5176, 61, 2013/05/23, 10:14:50.247, 2453599787754, QTAgent32.exe, Playback - [WARNING] Internal warning: Smart Match failed
\0
W, 5176, 61, 2013/05/23, 10:14:50.498, 2453603392575, QTAgent32.exe, Playback - [WARNING] Internal warning: Smart Match failed
\0
W, 5176, 61, 2013/05/23, 10:14:50.738, 2453606822413, QTAgent32.exe, Playback - [WARNING] Internal warning: Smart Match failed
\0
W, 5176, 61, 2013/05/23, 10:14:50.980, 2453610288474, QTAgent32.exe, Playback - [WARNING] Internal warning: Smart Match failed
\0
W, 5176, 61, 2013/05/23, 10:14:51.214, 2453613639068, QTAgent32.exe, Playback - [WARNING] Internal warning: Smart Match failed
\0
W, 5176, 61, 2013/05/23, 10:14:51.457, 2453617113459, QTAgent32.exe, Playback - [WARNING] Internal warning: Smart Match failed
\0
W, 5176, 61, 2013/05/23, 10:14:51.699, 2453620582034, QTAgent32.exe, Playback - [WARNING] Internal warning: Smart Match failed
\0
W, 5176, 61, 2013/05/23, 10:14:51.828, 2453622425052, QTAgent32.exe, Playback - [WARNING] Internal warning: Window Not Found: [VisibleOnly]ControlType='Window' &amp;&amp; Name='Windows Security'
\0
E, 5176, 61, 2013/05/23, 10:14:51.828, 2453622427101, QTAgent32.exe, &lt;a class=failure&gt;Playback - {114} [FAILED] Function ElementFetcher::FindScreenElement failed to locate UI element (Searching: ;[VisibleOnly]ControlType='Window' &amp;&amp; Name='Windows Security') (The object specified was not found.)
\0&lt;/a&gt;
E, 5176, 61, 2013/05/23, 10:14:51.879, 2453623159730, QTAgent32.exe, Playback - [IMAGE] C:\Users\testuser\AppData\Local\Temp\UITestLogs\LastRun\RPFCF7E.png
\0
W, 5176, 61, 2013/05/23, 10:14:51.879, 2453623161211, QTAgent32.exe, Playback - [WARNING] Internal warning: Couldn't find descendants that match QueryId
\0
W, 5176, 61, 2013/05/23, 10:14:51.880, 2453623163724, QTAgent32.exe, PERF WARNING: FindTopLevelWindowHelper::FindAllDescendents: took 3095 ms. Expected it to take maximum 500 ms.
E, 5176, 61, 2013/05/23, 10:14:51.880, 2453623165331, QTAgent32.exe, Exception: System.Runtime.InteropServices.COMException
	Message: Error HRESULT E_FAIL has been returned from a call to a COM component.
	Stack Trace:    at Microsoft.VisualStudio.TestTools.UITest.Playback.Engine.IRPFPlayback.FindAllScreenElements(IScreenElement pScreenElementStart, String bstrQueryId, Object&amp; pvarResKeys, Int32 cResKeys, Int32 nMaxDepth, Object[]&amp; foundDescendants)
   at Microsoft.VisualStudio.TestTools.UITest.Playback.ScreenElement.FindTopLevelWindowHelper(String queryId)
	BaseExceptionMessage: Error HRESULT E_FAIL has been returned from a call to a COM component.

E, 5176, 61, 2013/05/23, 10:14:51.980, 2453624598848, QTAgent32.exe, AL: Playback Error: Microsoft.VisualStudio.TestTools.UITest.Extension.UITestControlNotFoundException: The playback failed to find the control with the given search properties. Additional Details: 
TechnologyName:  'MSAA'
ControlType:  'Window'
Name:  'Windows Security'
 ---&gt; System.Runtime.InteropServices.COMException: Error HRESULT E_FAIL has been returned from a call to a COM component.
   at Microsoft.VisualStudio.TestTools.UITest.Playback.Engine.IRPFPlayback.FindAllScreenElements(IScreenElement pScreenElementStart, String bstrQueryId, Object&amp; pvarResKeys, Int32 cResKeys, Int32 nMaxDepth, Object[]&amp; foundDescendants)
   at Microsoft.VisualStudio.TestTools.UITest.Playback.ScreenElement.FindTopLevelWindowHelper(String queryId)
   at Microsoft.VisualStudio.TestTools.UITest.Playback.ScreenElement.FindFromPartialQueryId(String queryId)
   at Microsoft.VisualStudio.TestTools.UITesting.UITestControl..ctor(String queryId)
   --- End of inner exception stack trace ---
   at Microsoft.VisualStudio.TestTools.UITesting.Playback.MapControlNotFoundException(COMException ex, IPlaybackContext context)
   at Microsoft.VisualStudio.TestTools.UITesting.Playback.MapAndThrowComException(COMException innerException, IPlaybackContext context)
   at Microsoft.VisualStudio.TestTools.UITesting.Playback.MapAndThrowException(SystemException exception, IPlaybackContext context)
   at Microsoft.VisualStudio.TestTools.UITesting.Playback.MapAndThrowException(SystemException exception, String queryId)
   at Microsoft.VisualStudio.TestTools.UITesting.UITestControl..ctor(String queryId)
   at Microsoft.VisualStudio.TestTools.UITesting.SearchHelper.SearchTopLevelWindow(ISearchArgument topLevelSearchArg, String topLevelElementQueryId)
   at Microsoft.VisualStudio.TestTools.UITesting.SearchHelper.GetTitleUpdatedTopLevelWindow(ISearchArgument topLevelSearchArg, String queryId, IList`1 windowTitles)
   at Microsoft.VisualStudio.TestTools.UITesting.SearchHelper.GetTopLevelElement(Boolean useCache, Boolean useCacheOnly, ISearchArgument searchArg, IList`1 windowTitles, Int32&amp; timeLeft)
   at Microsoft.VisualStudio.TestTools.UITesting.SearchHelper.GetElement(Boolean useCache, ISearchArgument searchArg)
   at Microsoft.VisualStudio.TestTools.UITesting.SearchHelper.Search(ISearchArgument searchArg)
   at Microsoft.VisualStudio.TestTools.UITesting.UITestControl.FindInternal()
   at Microsoft.VisualStudio.TestTools.UITesting.UITestControl.FindControlIfNecessary()
   at Microsoft.VisualStudio.TestTools.UITesting.UITestControl.Click(MouseButtons button, ModifierKeys modifierKeys, Point relativeCoordinates)
   at Microsoft.VisualStudio.TestTools.UITesting.Mouse.ClickImplementation(UITestControl control, MouseButtons button, ModifierKeys modifierKeys, Point relativeCoordinate)
   at Microsoft.VisualStudio.TestTools.UITesting.Mouse.ClickImplementationWrapper(UITestControl control, MouseButtons button, ModifierKeys modifierKeys, Point relativeCoordinate)
W, 5176, 61, 2013/05/23, 10:14:51.980, 2453624600650, QTAgent32.exe, PlaybackErrorHandler: Ignoring exception as ContinueOnError is set.
E, 5176, 61, 2013/05/23, 10:14:52.171, 2453627342349, QTAgent32.exe, IEDOM: GetIEWebControl() is unable to get the IE control
E, 5176, 61, 2013/05/23, 10:14:52.178, 2453627435862, QTAgent32.exe, IEDOM: GetIEWebControl() is unable to get the IE control
E, 5176, 61, 2013/05/23, 10:14:52.183, 2453627512599, QTAgent32.exe, IEDOM: GetIEWebControl() is unable to get the IE control
W, 5176, 61, 2013/05/23, 10:14:53.837, 2453651192148, QTAgent32.exe, &lt;a class=success&gt;Playback - {115} [SUCCESS] MouseButtonClick - "[Web]ControlType='Hyperlink' &amp;&amp; TagName='A' &amp;&amp; Id='' &amp;&amp; Name='' &amp;&amp; Target='' &amp;&amp; InnerText='Renewals Maintenance' &amp;&amp; FilterCondition(AbsolutePath='/sysmaint/content/leftbar.asp', Title='', Href='https://www.insur-econnect.com/sysmaint/content/leftbar.asp#', Class='', ControlDefinition='style="COLOR: white" href="#"', TagInstance='39')"
\0&lt;/a&gt;
W, 5176, 61, 2013/05/23, 10:14:54.208, 2453656504913, QTAgent32.exe, &lt;a class=success&gt;Playback - {116} [SUCCESS] MouseButtonClick - "[Web]ControlType='Hyperlink' &amp;&amp; TagName='A' &amp;&amp; Id='' &amp;&amp; Name='' &amp;&amp; Target='content' &amp;&amp; InnerText='Create a Motor Test Renewal Invitation' &amp;&amp; FilterCondition(AbsolutePath='/sysmaint/content/AddTestRenewalNotice.asp', Title='', Href='https://www.insur-econnect.com/sysmaint/content/AddTestRenewalNotice.asp', Class='itemlink', ControlDefinition='class=itemlink href="AddTestRenewalNotic', TagInstance='1')"
\0&lt;/a&gt;
E, 5176, 61, 2013/05/23, 10:14:55.680, 2453677577158, QTAgent32.exe, Exception: System.NotSupportedException
	Message: Internal Error: This method on IEWebControlElement should not get called.
	Stack Trace:    at Microsoft.VisualStudio.TestTools.UITest.Extension.IE.BrowserOptionElementNode.InvokeProgrammaticAction(ProgrammaticActionOption programmaticActionOption)
	BaseExceptionMessage: Internal Error: This method on IEWebControlElement should not get called.

W, 5176, 61, 2013/05/23, 10:14:55.854, 2453680070096, QTAgent32.exe, &lt;a class=success&gt;Playback - {117} [SUCCESS] SetValueAsComboBox "Highway Insurance" - "[Web]ControlType='ComboBox' &amp;&amp; TagName='SELECT' &amp;&amp; Id='InsurerID' &amp;&amp; Name='InsurerID' &amp;&amp; FilterCondition(Size='0', LabeledBy='', Title='', ItemCount='54', Class='', ControlDefinition='id=InsurerID onchange=selectInsurer() na', TagInstance='1')"  &lt; SetValueAsComboBox, set by clicking on the item in the list box &gt;
\0&lt;/a&gt;
W, 5176, 61, 2013/05/23, 10:14:56.258, 2453685857664, QTAgent32.exe, &lt;a class=success&gt;Playback - {118} [SUCCESS] SetValueAsEditBox "7071001644" - "[Web]ControlType='Edit' &amp;&amp; TagName='INPUT' &amp;&amp; Id='' &amp;&amp; Name='txtPolicyNumber' &amp;&amp; LabeledBy='' &amp;&amp; Type='SINGLELINE' &amp;&amp; FilterCondition(Title='', Class='', ControlDefinition='name=txtPolicyNumber align=left size=15', TagInstance='1')"  &lt; Set via SendKeys &gt;
\0&lt;/a&gt;
W, 5176, 61, 2013/05/23, 10:14:56.659, 2453691593424, QTAgent32.exe, &lt;a class=success&gt;Playback - {119} [SUCCESS] SetValueAsEditBox "30/5/2013" - "[Web]ControlType='Edit' &amp;&amp; TagName='INPUT' &amp;&amp; Id='' &amp;&amp; Name='txtAutoLapseDate' &amp;&amp; LabeledBy='' &amp;&amp; Type='SINGLELINE' &amp;&amp; FilterCondition(Title='', Class='', ControlDefinition='name=txtAutoLapseDate maxLength=10 value', TagInstance='8')"  &lt; Set via SendKeys &gt;
\0&lt;/a&gt;
W, 5176, 61, 2013/05/23, 10:14:57.127, 2453698301012, QTAgent32.exe, &lt;a class=success&gt;Playback - {120} [SUCCESS] MouseButtonClick - "[Web]ControlType='Button' &amp;&amp; TagName='INPUT' &amp;&amp; Id='buttonCreate' &amp;&amp; Name='buttonCreate' &amp;&amp; FilterCondition(DisplayText='  Create Record  ', Type='button', Title='Click to create the new record', Class='', ControlDefinition='id=buttonCreate title="Click to create t', TagInstance='10')"
\0&lt;/a&gt;
W, 5176, 61, 2013/05/23, 10:14:57.371, 2453701790110, QTAgent32.exe, &lt;a class=success&gt;Playback - {121} [SUCCESS] MouseButtonClick - "[MSAA, VisibleOnly]ControlType='Button' &amp;&amp; Name='OK'"
\0&lt;/a&gt;
W, 5176, 61, 2013/05/23, 10:15:02.596, 2453776603451, QTAgent32.exe, &lt;a class=success&gt;Playback - {122} [SUCCESS] TypeString "%({F4})"
\0&lt;/a&gt;
W, 5176, 61, 2013/05/23, 10:15:02.781, 2453779252664, QTAgent32.exe, &lt;a class=success&gt;Playback - {123} [SUCCESS] SendKeys "^{HOME}" - "[MSAA, VisibleOnly]ControlType='Edit'"
\0&lt;/a&gt;
E, 5176, 61, 2013/05/23, 10:15:02.781, 2453779254345, QTAgent32.exe, Msaa.GetFocusedElement: could not find accessible object of foreground window
W, 5176, 61, 2013/05/23, 10:15:02.845, 2453780170563, QTAgent32.exe, &lt;a class=success&gt;Playback - {124} [SUCCESS] SendKeys "^+{END}" - "[MSAA, VisibleOnly]ControlType='Edit'"
\0&lt;/a&gt;
E, 5176, 61, 2013/05/23, 10:15:02.845, 2453780176193, QTAgent32.exe, Msaa.GetFocusedElement: could not find accessible object of foreground window
W, 5176, 61, 2013/05/23, 10:15:02.858, 2453780364184, QTAgent32.exe, &lt;a class=success&gt;Playback - {125} [SUCCESS] SendKeys "{DELETE}" - "[MSAA, VisibleOnly]ControlType='Edit'"
\0&lt;/a&gt;
W, 5176, 61, 2013/05/23, 10:15:03.091, 2453783684685, QTAgent32.exe, &lt;a class=success&gt;Playback - {126} [SUCCESS] SetValueAsEditBox "30/05/2012" - "[MSAA, VisibleOnly]ControlType='Edit'"  &lt; Set via SendKeys &gt;
\0&lt;/a&gt;
W, 5176, 61, 2013/05/23, 10:15:03.447, 2453788782328, QTAgent32.exe, &lt;a class=success&gt;Playback - {127} [SUCCESS] MouseButtonClick - "[MSAA, VisibleOnly]ControlType='Button' &amp;&amp; Name='OK'"
\0&lt;/a&gt;
W, 5176, 61, 2013/05/23, 10:15:04.438, 2453802973760, QTAgent32.exe, &lt;a class=success&gt;Playback - {128} [SUCCESS] MouseButtonClick - "[MSAA, VisibleOnly]ControlType='Client'"
\0&lt;/a&gt;
W, 5176, 61, 2013/05/23, 10:15:04.738, 2453807277555, QTAgent32.exe, &lt;a class=success&gt;Playback - {129} [SUCCESS] MouseButtonClick - "[MSAA, VisibleOnly]ControlType='Client'"
\0&lt;/a&gt;
W, 5176, 61, 2013/05/23, 10:15:05.542, 2453818787236, QTAgent32.exe, &lt;a class=success&gt;Playback - {130} [SUCCESS] SetValueAsEditBox "AUTO137" - "[MSAA, VisibleOnly]ControlType='Edit'"  &lt; Set via SendKeys &gt;
\0&lt;/a&gt;
W, 5176, 61, 2013/05/23, 10:15:05.791, 2453822360311, QTAgent32.exe, &lt;a class=success&gt;Playback - {131} [SUCCESS] SetValueAsEditBox "-1001" - "[MSAA, VisibleOnly]ControlType='Edit'"  &lt; Set via SendKeys &gt;
\0&lt;/a&gt;
W, 5176, 61, 2013/05/23, 10:15:05.959, 2453824754572, QTAgent32.exe, &lt;a class=success&gt;Playback - {132} [SUCCESS] SendKeys "^{HOME}" - "[MSAA, VisibleOnly]ControlType='Edit'"
\0&lt;/a&gt;
E, 5176, 61, 2013/05/23, 10:15:05.959, 2453824756411, QTAgent32.exe, Msaa.GetFocusedElement: could not find accessible object of foreground window
W, 5176, 61, 2013/05/23, 10:15:06.012, 2453825520475, QTAgent32.exe, &lt;a class=success&gt;Playback - {133} [SUCCESS] SendKeys "^+{END}" - "[MSAA, VisibleOnly]ControlType='Edit'"
\0&lt;/a&gt;
E, 5176, 61, 2013/05/23, 10:15:06.012, 2453825522026, QTAgent32.exe, Msaa.GetFocusedElement: could not find accessible object of foreground window
W, 5176, 61, 2013/05/23, 10:15:06.026, 2453825715068, QTAgent32.exe, &lt;a class=success&gt;Playback - {134} [SUCCESS] SendKeys "{DELETE}" - "[MSAA, VisibleOnly]ControlType='Edit'"
\0&lt;/a&gt;
W, 5176, 61, 2013/05/23, 10:15:06.240, 2453828782362, QTAgent32.exe, &lt;a class=success&gt;Playback - {135} [SUCCESS] SetValueAsEditBox "30/05/2012" - "[MSAA, VisibleOnly]ControlType='Edit'"  &lt; Set via SendKeys &gt;
\0&lt;/a&gt;
W, 5176, 61, 2013/05/23, 10:15:06.483, 2453832258933, QTAgent32.exe, &lt;a class=success&gt;Playback - {136} [SUCCESS] MouseButtonClick - "[MSAA, VisibleOnly]ControlType='Button' &amp;&amp; Name='Regress'"
\0&lt;/a&gt;
W, 5176, 61, 2013/05/23, 10:15:06.882, 2453837972540, QTAgent32.exe, &lt;a class=success&gt;Playback - {137} [SUCCESS] MouseButtonClick - "[MSAA, VisibleOnly]ControlType='Button' &amp;&amp; Name='Exit'"
\0&lt;/a&gt;
W, 5176, 61, 2013/05/23, 10:15:07.125, 2453841455351, QTAgent32.exe, &lt;a class=success&gt;Playback - {138} [SUCCESS] MouseButtonClick - "[MSAA, VisibleOnly]ControlType='Button'"
\0&lt;/a&gt;
W, 5176, 61, 2013/05/23, 10:15:07.350, 2453844672902, QTAgent32.exe, &lt;a class=success&gt;Playback - {139} [SUCCESS] MouseButtonClick - "[MSAA, VisibleOnly]ControlType='Button' &amp;&amp; Name='Options'"
\0&lt;/a&gt;
W, 5176, 61, 2013/05/23, 10:15:07.450, 2453846109236, QTAgent32.exe, FindScreenElementInSinglePass : Attempting to find control in one pass of search. Failures can occur.
W, 5176, 61, 2013/05/23, 10:15:07.597, 2453848205002, QTAgent32.exe, &lt;a class=success&gt;Playback - {140} [SUCCESS] MouseButtonClick - "[MSAA]ControlType='MenuItem' &amp;&amp; Name='Links'"
\0&lt;/a&gt;
W, 5176, 61, 2013/05/23, 10:15:07.697, 2453849640176, QTAgent32.exe, FindScreenElementInSinglePass : Attempting to find control in one pass of search. Failures can occur.
W, 5176, 61, 2013/05/23, 10:15:07.847, 2453851784987, QTAgent32.exe, &lt;a class=success&gt;Playback - {141} [SUCCESS] MouseButtonClick - "[MSAA]ControlType='MenuItem' &amp;&amp; Name='3rd Party Integration'"
\0&lt;/a&gt;
W, 5176, 61, 2013/05/23, 10:15:07.947, 2453853223779, QTAgent32.exe, FindScreenElementInSinglePass : Attempting to find control in one pass of search. Failures can occur.
W, 5176, 61, 2013/05/23, 10:15:08.101, 2453855422037, QTAgent32.exe, &lt;a class=success&gt;Playback - {142} [SUCCESS] MouseButtonClick - "[MSAA]ControlType='MenuItem' &amp;&amp; Name='Renewals Loader'"
\0&lt;/a&gt;
W, 5176, 61, 2013/05/23, 10:15:08.344, 2453858910372, QTAgent32.exe, &lt;a class=success&gt;Playback - {143} [SUCCESS] MouseButtonClick - "[MSAA, VisibleOnly]ControlType='TitleBar'"
\0&lt;/a&gt;
W, 5176, 61, 2013/05/23, 10:15:08.510, 2453861286754, QTAgent32.exe, &lt;a class=success&gt;Playback - {144} [SUCCESS] SendKeys "^{HOME}" - "[MSAA, VisibleOnly]ControlType='Edit'"
\0&lt;/a&gt;
E, 5176, 61, 2013/05/23, 10:15:08.510, 2453861288888, QTAgent32.exe, Msaa.GetFocusedElement: could not find accessible object of foreground window
W, 5176, 61, 2013/05/23, 10:15:08.565, 2453862067566, QTAgent32.exe, &lt;a class=success&gt;Playback - {145} [SUCCESS] SendKeys "^+{END}" - "[MSAA, VisibleOnly]ControlType='Edit'"
\0&lt;/a&gt;
E, 5176, 61, 2013/05/23, 10:15:08.565, 2453862070076, QTAgent32.exe, Msaa.GetFocusedElement: could not find accessible object of foreground window
W, 5176, 61, 2013/05/23, 10:15:08.580, 2453862284800, QTAgent32.exe, &lt;a class=success&gt;Playback - {146} [SUCCESS] SendKeys "{DELETE}" - "[MSAA, VisibleOnly]ControlType='Edit'"
\0&lt;/a&gt;
W, 5176, 61, 2013/05/23, 10:15:08.806, 2453865524533, QTAgent32.exe, &lt;a class=success&gt;Playback - {147} [SUCCESS] SetValueAsEditBox "23/05/2013" - "[MSAA, VisibleOnly]ControlType='Edit'"  &lt; Set via SendKeys &gt;
\0&lt;/a&gt;
W, 5176, 61, 2013/05/23, 10:15:08.971, 2453867882154, QTAgent32.exe, &lt;a class=success&gt;Playback - {148} [SUCCESS] SendKeys "^{HOME}" - "[MSAA, VisibleOnly]ControlType='Edit'"
\0&lt;/a&gt;
E, 5176, 61, 2013/05/23, 10:15:08.971, 2453867884539, QTAgent32.exe, Msaa.GetFocusedElement: could not find accessible object of foreground window
W, 5176, 61, 2013/05/23, 10:15:09.025, 2453868654345, QTAgent32.exe, &lt;a class=success&gt;Playback - {149} [SUCCESS] SendKeys "^+{END}" - "[MSAA, VisibleOnly]ControlType='Edit'"
\0&lt;/a&gt;
E, 5176, 61, 2013/05/23, 10:15:09.025, 2453868656467, QTAgent32.exe, Msaa.GetFocusedElement: could not find accessible object of foreground window
W, 5176, 61, 2013/05/23, 10:15:09.039, 2453868855933, QTAgent32.exe, &lt;a class=success&gt;Playback - {150} [SUCCESS] SendKeys "{DELETE}" - "[MSAA, VisibleOnly]ControlType='Edit'"
\0&lt;/a&gt;
W, 5176, 61, 2013/05/23, 10:15:09.264, 2453872083806, QTAgent32.exe, &lt;a class=success&gt;Playback - {151} [SUCCESS] SetValueAsEditBox "06/06/2013" - "[MSAA, VisibleOnly]ControlType='Edit'"  &lt; Set via SendKeys &gt;
\0&lt;/a&gt;
W, 5176, 61, 2013/05/23, 10:15:09.679, 2453878025417, QTAgent32.exe, &lt;a class=success&gt;Playback - {152} [SUCCESS] MouseButtonClick - "[MSAA, VisibleOnly]ControlType='Button' &amp;&amp; Name='Run'"
\0&lt;/a&gt;
W, 5176, 61, 2013/05/23, 10:15:15.044, 2453954831230, QTAgent32.exe, Playback - [WARNING] Internal warning: Window Not Found: [VisibleOnly]Name='insurE-com System Maintenance' &amp;&amp; ClassName='IEFrame' &amp;&amp; ControlType='Window'
\0
E, 5176, 61, 2013/05/23, 10:15:15.044, 2453954833361, QTAgent32.exe, &lt;a class=failure&gt;Playback - {153} [FAILED] Function ElementFetcher::FindScreenElement failed to locate UI element (Searching: ;[VisibleOnly]Name='insurE-com System Maintenance' &amp;&amp; ClassName='IEFrame' &amp;&amp; ControlType='Window') (The object specified was not found.)
\0&lt;/a&gt;
E, 5176, 61, 2013/05/23, 10:15:15.086, 2453955436650, QTAgent32.exe, Playback - [IMAGE] C:\Users\testuser\AppData\Local\Temp\UITestLogs\LastRun\RPF2A2C.png
\0
W, 5176, 61, 2013/05/23, 10:15:15.086, 2453955438337, QTAgent32.exe, Playback - [WARNING] Internal warning: Couldn't find descendants that match QueryId
\0
W, 5176, 61, 2013/05/23, 10:15:33.150, 2454214079196, QTAgent32.exe, Playback - [WARNING] Internal warning: Window Not Found: [VisibleOnly]Name='insurE-com System Maintenance' &amp;&amp; ClassName='IEFrame' &amp;&amp; ControlType='Window'
\0
E, 5176, 61, 2013/05/23, 10:15:33.150, 2454214081454, QTAgent32.exe, &lt;a class=failure&gt;Playback - {154} [FAILED] Function ElementFetcher::FindScreenElement failed to locate UI element (Searching: ;[VisibleOnly]Name='insurE-com System Maintenance' &amp;&amp; ClassName='IEFrame' &amp;&amp; ControlType='Window') (The object specified was not found.)
\0&lt;/a&gt;
E, 5176, 61, 2013/05/23, 10:15:33.188, 2454214630213, QTAgent32.exe, Playback - [IMAGE] C:\Users\testuser\AppData\Local\Temp\UITestLogs\LastRun\RPF70EC.png
\0
W, 5176, 61, 2013/05/23, 10:15:33.188, 2454214631733, QTAgent32.exe, Playback - [WARNING] Internal warning: Couldn't find descendants that match QueryId
\0
W, 5176, 61, 2013/05/23, 10:15:33.188, 2454214634188, QTAgent32.exe, PERF WARNING: FindTopLevelWindowHelper::FindAllDescendents: took 18102 ms. Expected it to take maximum 500 ms.
W, 5176, 61, 2013/05/23, 10:15:33.643, 2454221146868, QTAgent32.exe, Playback - [WARNING] Internal warning: Smart Match failed
\0
W, 5176, 61, 2013/05/23, 10:15:33.841, 2454223973804, QTAgent32.exe, Playback - [WARNING] Internal warning: Smart Match failed
\0
W, 5176, 61, 2013/05/23, 10:15:34.035, 2454226760673, QTAgent32.exe, Playback - [WARNING] Internal warning: Smart Match failed
\0
W, 5176, 61, 2013/05/23, 10:15:34.230, 2454229549931, QTAgent32.exe, Playback - [WARNING] Internal warning: Smart Match failed
\0
W, 5176, 61, 2013/05/23, 10:15:34.433, 2454232449300, QTAgent32.exe, Playback - [WARNING] Internal warning: Smart Match failed
\0
W, 5176, 61, 2013/05/23, 10:15:34.636, 2454235355190, QTAgent32.exe, Playback - [WARNING] Internal warning: Smart Match failed
\0
W, 5176, 61, 2013/05/23, 10:15:34.843, 2454238315882, QTAgent32.exe, Playback - [WARNING] Internal warning: Smart Match failed
\0
W, 5176, 61, 2013/05/23, 10:15:35.044, 2454241200256, QTAgent32.exe, Playback - [WARNING] Internal warning: Smart Match failed
\0
W, 5176, 61, 2013/05/23, 10:15:35.246, 2454244091871, QTAgent32.exe, Playback - [WARNING] Internal warning: Smart Match failed
\0
W, 5176, 61, 2013/05/23, 10:15:35.444, 2454246933477, QTAgent32.exe, Playback - [WARNING] Internal warning: Smart Match failed
\0
W, 5176, 61, 2013/05/23, 10:15:35.640, 2454249738307, QTAgent32.exe, Playback - [WARNING] Internal warning: Smart Match failed
\0
W, 5176, 61, 2013/05/23, 10:15:35.836, 2454252547227, QTAgent32.exe, Playback - [WARNING] Internal warning: Smart Match failed
\0
W, 5176, 61, 2013/05/23, 10:15:36.033, 2454255367652, QTAgent32.exe, Playback - [WARNING] Internal warning: Smart Match failed
\0
W, 5176, 61, 2013/05/23, 10:15:36.230, 2454258185225, QTAgent32.exe, Playback - [WARNING] Internal warning: Smart Match failed
\0
W, 5176, 61, 2013/05/23, 10:15:36.317, 2454259432455, QTAgent32.exe, Playback - [WARNING] Internal warning: Window Not Found: [VisibleOnly]Name='insurE-com System Maintenance' &amp;&amp; ClassName='IEFrame' &amp;&amp; ControlType='Window'
\0
E, 5176, 61, 2013/05/23, 10:15:36.317, 2454259434165, QTAgent32.exe, &lt;a class=failure&gt;Playback - {155} [FAILED] Function ElementFetcher::FindScreenElement failed to locate UI element (Searching: ;[VisibleOnly]Name='insurE-com System Maintenance' &amp;&amp; ClassName='IEFrame' &amp;&amp; ControlType='Window') (The object specified was not found.)
\0&lt;/a&gt;
E, 5176, 61, 2013/05/23, 10:15:36.354, 2454259959008, QTAgent32.exe, Playback - [IMAGE] C:\Users\testuser\AppData\Local\Temp\UITestLogs\LastRun\RPF7D4C.png
\0
W, 5176, 61, 2013/05/23, 10:15:36.354, 2454259960723, QTAgent32.exe, Playback - [WARNING] Internal warning: Couldn't find descendants that match QueryId
\0
W, 5176, 61, 2013/05/23, 10:15:36.354, 2454259963159, QTAgent32.exe, PERF WARNING: FindTopLevelWindowHelper::FindAllDescendents: took 3165 ms. Expected it to take maximum 500 ms.
E, 5176, 61, 2013/05/23, 10:15:36.354, 2454259964771, QTAgent32.exe, Exception: System.Runtime.InteropServices.COMException
	Message: Error HRESULT E_FAIL has been returned from a call to a COM component.
	Stack Trace:    at Microsoft.VisualStudio.TestTools.UITest.Playback.Engine.IRPFPlayback.FindAllScreenElements(IScreenElement pScreenElementStart, String bstrQueryId, Object&amp; pvarResKeys, Int32 cResKeys, Int32 nMaxDepth, Object[]&amp; foundDescendants)
   at Microsoft.VisualStudio.TestTools.UITest.Playback.ScreenElement.FindTopLevelWindowHelper(String queryId)
	BaseExceptionMessage: Error HRESULT E_FAIL has been returned from a call to a COM component.

E, 5176, 61, 2013/05/23, 10:15:36.355, 2454259967333, QTAgent32.exe, Window 2557186 not responding. Last Win32 error 0
E, 5176, 61, 2013/05/23, 10:15:36.355, 2454259968201, QTAgent32.exe, GetClassName for handle 2557186 failed
E, 5176, 61, 2013/05/23, 10:15:36.355, 2454259970050, QTAgent32.exe, Window 2557186 not responding. Last Win32 error 1400
E, 5176, 61, 2013/05/23, 10:15:36.355, 2454259970798, QTAgent32.exe, GetClassName for handle 2557186 failed
E, 5176, 61, 2013/05/23, 10:15:36.455, 2454261403114, QTAgent32.exe, AL: Playback Error: Microsoft.VisualStudio.TestTools.UITest.Extension.UITestControlNotAvailableException: The control is not available or not valid. Additional Details: 
TechnologyName:  'MSAA'
Name:  'insurE-com System Maintenance'
ClassName:  'IEFrame'
ControlType:  'Window'
 ---&gt; System.Runtime.InteropServices.COMException: Error HRESULT E_FAIL has been returned from a call to a COM component.
   at Microsoft.VisualStudio.TestTools.UITest.Playback.Engine.IRPFPlayback.FindAllScreenElements(IScreenElement pScreenElementStart, String bstrQueryId, Object&amp; pvarResKeys, Int32 cResKeys, Int32 nMaxDepth, Object[]&amp; foundDescendants)
   at Microsoft.VisualStudio.TestTools.UITest.Playback.ScreenElement.FindTopLevelWindowHelper(String queryId)
   at Microsoft.VisualStudio.TestTools.UITest.Playback.ScreenElement.FindFromPartialQueryId(String queryId)
   at Microsoft.VisualStudio.TestTools.UITesting.UITestControl.EnsureValid(Boolean waitForReady, Boolean refetch)
   --- End of inner exception stack trace ---
   at Microsoft.VisualStudio.TestTools.UITesting.UITestControl.EnsureValid(Boolean waitForReady, Boolean refetch)
   at Microsoft.VisualStudio.TestTools.UITesting.UITestControl.SendKeys(String text, ModifierKeys modifierKeys, Boolean isEncoded, Boolean isUnicode)
   at Microsoft.VisualStudio.TestTools.UITesting.Keyboard.SendKeysImplementation(UITestControl control, String text, ModifierKeys modifierKeys, Boolean isEncoded, Boolean isUnicode)
   at Microsoft.VisualStudio.TestTools.UITesting.Keyboard.SendKeysImplementationWrapper(UITestControl control, String text, ModifierKeys modifierKeys, Boolean isEncoded, Boolean isUnicode)
W, 5176, 61, 2013/05/23, 10:15:36.455, 2454261404435, QTAgent32.exe, PlaybackErrorHandler: Ignoring exception as ContinueOnError is set.
W, 5176, 61, 2013/05/23, 10:15:37.215, 2454272283945, QTAgent32.exe, &lt;a class=success&gt;Playback - {156} [SUCCESS] MouseButtonClick - "[MSAA, VisibleOnly]ControlType='TitleBar'"
\0&lt;/a&gt;
W, 5176, 61, 2013/05/23, 10:15:37.511, 2454276525621, QTAgent32.exe, &lt;a class=success&gt;Playback - {157} [SUCCESS] MouseButtonClick - "[MSAA, VisibleOnly]ControlType='Button' &amp;&amp; Name='Close'"
\0&lt;/a&gt;
W, 5176, 61, 2013/05/23, 10:15:38.361, 2454288688322, QTAgent32.exe, &lt;a class=success&gt;Playback - {158} [SUCCESS] MouseButtonClick - "[MSAA, VisibleOnly]ControlType='Button' &amp;&amp; Name='Options'"
\0&lt;/a&gt;
W, 5176, 61, 2013/05/23, 10:15:38.461, 2454290122939, QTAgent32.exe, FindScreenElementInSinglePass : Attempting to find control in one pass of search. Failures can occur.
W, 5176, 61, 2013/05/23, 10:15:38.610, 2454292260951, QTAgent32.exe, &lt;a class=success&gt;Playback - {159} [SUCCESS] MouseButtonClick - "[MSAA]ControlType='MenuItem' &amp;&amp; Name='Links'"
\0&lt;/a&gt;
W, 5176, 61, 2013/05/23, 10:15:38.710, 2454293695959, QTAgent32.exe, FindScreenElementInSinglePass : Attempting to find control in one pass of search. Failures can occur.
W, 5176, 61, 2013/05/23, 10:15:38.885, 2454296200565, QTAgent32.exe, &lt;a class=success&gt;Playback - {160} [SUCCESS] MouseButtonClick - "[MSAA]ControlType='MenuItem' &amp;&amp; Name='3rd Party Integration'"
\0&lt;/a&gt;
W, 5176, 61, 2013/05/23, 10:15:38.985, 2454297634298, QTAgent32.exe, FindScreenElementInSinglePass : Attempting to find control in one pass of search. Failures can occur.
W, 5176, 61, 2013/05/23, 10:15:39.139, 2454299835036, QTAgent32.exe, &lt;a class=success&gt;Playback - {161} [SUCCESS] MouseButtonClick - "[MSAA]ControlType='MenuItem' &amp;&amp; Name='Renewals Module'"
\0&lt;/a&gt;
W, 5176, 61, 2013/05/23, 10:15:39.848, 2454309992055, QTAgent32.exe, &lt;a class=success&gt;Playback - {162} [SUCCESS] SetValueAsEditBox "1" - "[MSAA, VisibleOnly]ControlType='Edit'"  &lt; Set via SendKeys &gt;
\0&lt;/a&gt;
W, 5176, 61, 2013/05/23, 10:15:40.145, 2454314234263, QTAgent32.exe, &lt;a class=success&gt;Playback - {163} [SUCCESS] MouseButtonClick - "[MSAA, VisibleOnly]ControlType='Button' &amp;&amp; Name='Ok'"
\0&lt;/a&gt;
W, 5176, 61, 2013/05/23, 10:15:40.759, 2454323025214, QTAgent32.exe, &lt;a class=success&gt;Playback - {164} [SUCCESS] MouseButtonClick - "[MSAA, VisibleOnly]ControlType='Button' &amp;&amp; Name='OK'"
\0&lt;/a&gt;
W, 5176, 61, 2013/05/23, 10:15:41.097, 2454327870664, QTAgent32.exe, Playback - [WARNING] Internal warning: Window Not Found: [VisibleOnly]ControlType='Window' &amp;&amp; Name='Personal Lines' &amp;&amp; ClassName='#32770'
\0
E, 5176, 61, 2013/05/23, 10:15:41.097, 2454327873037, QTAgent32.exe, &lt;a class=failure&gt;Playback - {165} [FAILED] Function ElementFetcher::FindScreenElement failed to locate UI element (Searching: ;[VisibleOnly]ControlType='Window' &amp;&amp; Name='Personal Lines' &amp;&amp; ClassName='#32770') (The object specified was not found.)
\0&lt;/a&gt;
E, 5176, 61, 2013/05/23, 10:15:41.142, 2454328509530, QTAgent32.exe, Playback - [IMAGE] C:\Users\testuser\AppData\Local\Temp\UITestLogs\LastRun\RPF8FF3.png
\0
W, 5176, 61, 2013/05/23, 10:15:41.142, 2454328511114, QTAgent32.exe, Playback - [WARNING] Internal warning: Couldn't find descendants that match QueryId
\0
W, 5176, 61, 2013/05/23, 10:15:59.243, 2454587689842, QTAgent32.exe, Playback - [WARNING] Internal warning: Window Not Found: [VisibleOnly]ControlType='Window' &amp;&amp; Name='Personal Lines' &amp;&amp; ClassName='#32770'
\0
E, 5176, 61, 2013/05/23, 10:15:59.243, 2454587692086, QTAgent32.exe, &lt;a class=failure&gt;Playback - {166} [FAILED] Function ElementFetcher::FindScreenElement failed to locate UI element (Searching: ;[VisibleOnly]ControlType='Window' &amp;&amp; Name='Personal Lines' &amp;&amp; ClassName='#32770') (The object specified was not found.)
\0&lt;/a&gt;
E, 5176, 61, 2013/05/23, 10:15:59.287, 2454588310301, QTAgent32.exe, Playback - [IMAGE] C:\Users\testuser\AppData\Local\Temp\UITestLogs\LastRun\RPFD6D3.png
\0
W, 5176, 61, 2013/05/23, 10:15:59.287, 2454588311846, QTAgent32.exe, Playback - [WARNING] Internal warning: Couldn't find descendants that match QueryId
\0
W, 5176, 61, 2013/05/23, 10:15:59.287, 2454588314289, QTAgent32.exe, PERF WARNING: FindTopLevelWindowHelper::FindAllDescendents: took 18144 ms. Expected it to take maximum 500 ms.
W, 5176, 61, 2013/05/23, 10:15:59.741, 2454594811943, QTAgent32.exe, Playback - [WARNING] Internal warning: Smart Match failed
\0
W, 5176, 61, 2013/05/23, 10:15:59.942, 2454597701203, QTAgent32.exe, Playback - [WARNING] Internal warning: Smart Match failed
\0
W, 5176, 61, 2013/05/23, 10:16:00.140, 2454600533617, QTAgent32.exe, Playback - [WARNING] Internal warning: Smart Match failed
\0
W, 5176, 61, 2013/05/23, 10:16:00.337, 2454603348778, QTAgent32.exe, Playback - [WARNING] Internal warning: Smart Match failed
\0
W, 5176, 61, 2013/05/23, 10:16:00.535, 2454606191432, QTAgent32.exe, Playback - [WARNING] Internal warning: Smart Match failed
\0
W, 5176, 61, 2013/05/23, 10:16:00.740, 2454609124387, QTAgent32.exe, Playback - [WARNING] Internal warning: Smart Match failed
\0
W, 5176, 61, 2013/05/23, 10:16:00.949, 2454612115655, QTAgent32.exe, Playback - [WARNING] Internal warning: Smart Match failed
\0
W, 5176, 61, 2013/05/23, 10:16:01.151, 2454615007115, QTAgent32.exe, Playback - [WARNING] Internal warning: Smart Match failed
\0
W, 5176, 61, 2013/05/23, 10:16:01.362, 2454618033942, QTAgent32.exe, Playback - [WARNING] Internal warning: Smart Match failed
\0
W, 5176, 61, 2013/05/23, 10:16:01.564, 2454620918695, QTAgent32.exe, Playback - [WARNING] Internal warning: Smart Match failed
\0
W, 5176, 61, 2013/05/23, 10:16:01.768, 2454623840303, QTAgent32.exe, Playback - [WARNING] Internal warning: Smart Match failed
\0
W, 5176, 61, 2013/05/23, 10:16:01.967, 2454626689285, QTAgent32.exe, Playback - [WARNING] Internal warning: Smart Match failed
\0
W, 5176, 61, 2013/05/23, 10:16:02.164, 2454629513241, QTAgent32.exe, Playback - [WARNING] Internal warning: Smart Match failed
\0
W, 5176, 61, 2013/05/23, 10:16:02.361, 2454632332040, QTAgent32.exe, Playback - [WARNING] Internal warning: Smart Match failed
\0
W, 5176, 61, 2013/05/23, 10:16:02.450, 2454633602359, QTAgent32.exe, Playback - [WARNING] Internal warning: Window Not Found: [VisibleOnly]ControlType='Window' &amp;&amp; Name='Personal Lines' &amp;&amp; ClassName='#32770'
\0
E, 5176, 61, 2013/05/23, 10:16:02.450, 2454633604278, QTAgent32.exe, &lt;a class=failure&gt;Playback - {167} [FAILED] Function ElementFetcher::FindScreenElement failed to locate UI element (Searching: ;[VisibleOnly]ControlType='Window' &amp;&amp; Name='Personal Lines' &amp;&amp; ClassName='#32770') (The object specified was not found.)
\0&lt;/a&gt;
E, 5176, 61, 2013/05/23, 10:16:02.493, 2454634216409, QTAgent32.exe, Playback - [IMAGE] C:\Users\testuser\AppData\Local\Temp\UITestLogs\LastRun\RPFE361.png
\0
W, 5176, 61, 2013/05/23, 10:16:02.493, 2454634217872, QTAgent32.exe, Playback - [WARNING] Internal warning: Couldn't find descendants that match QueryId
\0
W, 5176, 61, 2013/05/23, 10:16:02.493, 2454634220365, QTAgent32.exe, PERF WARNING: FindTopLevelWindowHelper::FindAllDescendents: took 3205 ms. Expected it to take maximum 500 ms.
E, 5176, 61, 2013/05/23, 10:16:02.493, 2454634221958, QTAgent32.exe, Exception: System.Runtime.InteropServices.COMException
	Message: Error HRESULT E_FAIL has been returned from a call to a COM component.
	Stack Trace:    at Microsoft.VisualStudio.TestTools.UITest.Playback.Engine.IRPFPlayback.FindAllScreenElements(IScreenElement pScreenElementStart, String bstrQueryId, Object&amp; pvarResKeys, Int32 cResKeys, Int32 nMaxDepth, Object[]&amp; foundDescendants)
   at Microsoft.VisualStudio.TestTools.UITest.Playback.ScreenElement.FindTopLevelWindowHelper(String queryId)
	BaseExceptionMessage: Error HRESULT E_FAIL has been returned from a call to a COM component.

E, 5176, 61, 2013/05/23, 10:16:02.493, 2454634224508, QTAgent32.exe, Window 1114648 not responding. Last Win32 error 0
E, 5176, 61, 2013/05/23, 10:16:02.493, 2454634225421, QTAgent32.exe, GetClassName for handle 1114648 failed
E, 5176, 61, 2013/05/23, 10:16:02.594, 2454635663485, QTAgent32.exe, AL: Playback Error: Microsoft.VisualStudio.TestTools.UITest.Extension.UITestControlNotAvailableException: The control is not available or not valid. Additional Details: 
TechnologyName:  'MSAA'
Name:  'Personal Lines'
ClassName:  '#32770'
ControlType:  'Window'
 ---&gt; System.Runtime.InteropServices.COMException: Error HRESULT E_FAIL has been returned from a call to a COM component.
   at Microsoft.VisualStudio.TestTools.UITest.Playback.Engine.IRPFPlayback.FindAllScreenElements(IScreenElement pScreenElementStart, String bstrQueryId, Object&amp; pvarResKeys, Int32 cResKeys, Int32 nMaxDepth, Object[]&amp; foundDescendants)
   at Microsoft.VisualStudio.TestTools.UITest.Playback.ScreenElement.FindTopLevelWindowHelper(String queryId)
   at Microsoft.VisualStudio.TestTools.UITest.Playback.ScreenElement.FindFromPartialQueryId(String queryId)
   at Microsoft.VisualStudio.TestTools.UITesting.UITestControl.EnsureValid(Boolean waitForReady, Boolean refetch)
   --- End of inner exception stack trace ---
   at Microsoft.VisualStudio.TestTools.UITesting.UITestControl.EnsureValid(Boolean waitForReady, Boolean refetch)
   at Microsoft.VisualStudio.TestTools.UITesting.UITestControl.FindFirstDescendant(String queryId, Int32 maxDepth, Int32&amp; timeLeft)
   at Microsoft.VisualStudio.TestTools.UITesting.SearchHelper.GetElement(Boolean useCache, ISearchArgument searchArg)
   at Microsoft.VisualStudio.TestTools.UITesting.SearchHelper.Search(ISearchArgument searchArg)
   at Microsoft.VisualStudio.TestTools.UITesting.UITestControl.FindInternal()
   at Microsoft.VisualStudio.TestTools.UITesting.UITestControl.FindControlIfNecessary()
   at Microsoft.VisualStudio.TestTools.UITesting.UITestControl.Click(MouseButtons button, ModifierKeys modifierKeys, Point relativeCoordinates)
   at Microsoft.VisualStudio.TestTools.UITesting.Mouse.ClickImplementation(UITestControl control, MouseButtons button, ModifierKeys modifierKeys, Point relativeCoordinate)
   at Microsoft.VisualStudio.TestTools.UITesting.Mouse.ClickImplementationWrapper(UITestControl control, MouseButtons button, ModifierKeys modifierKeys, Point relativeCoordinate)
W, 5176, 61, 2013/05/23, 10:16:02.594, 2454635664552, QTAgent32.exe, PlaybackErrorHandler: Ignoring exception as ContinueOnError is set.
W, 5176, 61, 2013/05/23, 10:16:02.837, 2454639142566, QTAgent32.exe, Playback - [WARNING] Internal warning: Window Not Found: [VisibleOnly]ControlType='Window' &amp;&amp; Name='Policies Auto-Renewed &amp; Auto-Lapsed' &amp;&amp; ClassName='ThunderRT6FormDC'
\0
E, 5176, 61, 2013/05/23, 10:16:02.837, 2454639144699, QTAgent32.exe, &lt;a class=failure&gt;Playback - {168} [FAILED] Function ElementFetcher::FindScreenElement failed to locate UI element (Searching: ;[VisibleOnly]ControlType='Window' &amp;&amp; Name='Policies Auto-Renewed &amp; Auto-Lapsed' &amp;&amp; ClassName='ThunderRT6FormDC') (The object specified was not found.)
\0&lt;/a&gt;
E, 5176, 61, 2013/05/23, 10:16:02.879, 2454639746970, QTAgent32.exe, Playback - [IMAGE] C:\Users\testuser\AppData\Local\Temp\UITestLogs\LastRun\RPFE4E8.png
\0
W, 5176, 61, 2013/05/23, 10:16:02.879, 2454639748756, QTAgent32.exe, Playback - [WARNING] Internal warning: Couldn't find descendants that match QueryId
\0
W, 5176, 61, 2013/05/23, 10:16:20.912, 2454897950304, QTAgent32.exe, Playback - [WARNING] Internal warning: Window Not Found: [VisibleOnly]ControlType='Window' &amp;&amp; Name='Policies Auto-Renewed &amp; Auto-Lapsed' &amp;&amp; ClassName='ThunderRT6FormDC'
\0
E, 5176, 61, 2013/05/23, 10:16:20.912, 2454897952783, QTAgent32.exe, &lt;a class=failure&gt;Playback - {169} [FAILED] Function ElementFetcher::FindScreenElement failed to locate UI element (Searching: ;[VisibleOnly]ControlType='Window' &amp;&amp; Name='Policies Auto-Renewed &amp; Auto-Lapsed' &amp;&amp; ClassName='ThunderRT6FormDC') (The object specified was not found.)
\0&lt;/a&gt;
E, 5176, 61, 2013/05/23, 10:16:20.956, 2454898582587, QTAgent32.exe, Playback - [IMAGE] C:\Users\testuser\AppData\Local\Temp\UITestLogs\LastRun\RPF2B7A.png
\0
W, 5176, 61, 2013/05/23, 10:16:20.956, 2454898584082, QTAgent32.exe, Playback - [WARNING] Internal warning: Couldn't find descendants that match QueryId
\0
W, 5176, 61, 2013/05/23, 10:16:20.956, 2454898586452, QTAgent32.exe, PERF WARNING: FindTopLevelWindowHelper::FindAllDescendents: took 18077 ms. Expected it to take maximum 500 ms.
W, 5176, 61, 2013/05/23, 10:16:21.415, 2454905147831, QTAgent32.exe, Playback - [WARNING] Internal warning: Smart Match failed
\0
W, 5176, 61, 2013/05/23, 10:16:21.615, 2454908012253, QTAgent32.exe, Playback - [WARNING] Internal warning: Smart Match failed
\0
W, 5176, 61, 2013/05/23, 10:16:21.812, 2454910836523, QTAgent32.exe, Playback - [WARNING] Internal warning: Smart Match failed
\0
W, 5176, 61, 2013/05/23, 10:16:22.013, 2454913708322, QTAgent32.exe, Playback - [WARNING] Internal warning: Smart Match failed
\0
W, 5176, 61, 2013/05/23, 10:16:22.216, 2454916612384, QTAgent32.exe, Playback - [WARNING] Internal warning: Smart Match failed
\0
W, 5176, 61, 2013/05/23, 10:16:22.418, 2454919506475, QTAgent32.exe, Playback - [WARNING] Internal warning: Smart Match failed
\0
W, 5176, 61, 2013/05/23, 10:16:22.621, 2454922414087, QTAgent32.exe, Playback - [WARNING] Internal warning: Smart Match failed
\0
W, 5176, 61, 2013/05/23, 10:16:22.822, 2454925299482, QTAgent32.exe, Playback - [WARNING] Internal warning: Smart Match failed
\0
W, 5176, 61, 2013/05/23, 10:16:23.025, 2454928199454, QTAgent32.exe, Playback - [WARNING] Internal warning: Smart Match failed
\0
W, 5176, 61, 2013/05/23, 10:16:23.227, 2454931101690, QTAgent32.exe, Playback - [WARNING] Internal warning: Smart Match failed
\0
W, 5176, 61, 2013/05/23, 10:16:23.426, 2454933941308, QTAgent32.exe, Playback - [WARNING] Internal warning: Smart Match failed
\0
W, 5176, 61, 2013/05/23, 10:16:23.623, 2454936764530, QTAgent32.exe, Playback - [WARNING] Internal warning: Smart Match failed
\0
W, 5176, 61, 2013/05/23, 10:16:23.820, 2454939592262, QTAgent32.exe, Playback - [WARNING] Internal warning: Smart Match failed
\0
W, 5176, 61, 2013/05/23, 10:16:24.021, 2454942461833, QTAgent32.exe, Playback - [WARNING] Internal warning: Smart Match failed
\0
W, 5176, 61, 2013/05/23, 10:16:24.107, 2454943698763, QTAgent32.exe, Playback - [WARNING] Internal warning: Window Not Found: [VisibleOnly]ControlType='Window' &amp;&amp; Name='Policies Auto-Renewed &amp; Auto-Lapsed' &amp;&amp; ClassName='ThunderRT6FormDC'
\0
E, 5176, 61, 2013/05/23, 10:16:24.107, 2454943700550, QTAgent32.exe, &lt;a class=failure&gt;Playback - {170} [FAILED] Function ElementFetcher::FindScreenElement failed to locate UI element (Searching: ;[VisibleOnly]ControlType='Window' &amp;&amp; Name='Policies Auto-Renewed &amp; Auto-Lapsed' &amp;&amp; ClassName='ThunderRT6FormDC') (The object specified was not found.)
\0&lt;/a&gt;
E, 5176, 61, 2013/05/23, 10:16:24.149, 2454944295409, QTAgent32.exe, Playback - [IMAGE] C:\Users\testuser\AppData\Local\Temp\UITestLogs\LastRun\RPF37F9.png
\0
W, 5176, 61, 2013/05/23, 10:16:24.149, 2454944296896, QTAgent32.exe, Playback - [WARNING] Internal warning: Couldn't find descendants that match QueryId
\0
W, 5176, 61, 2013/05/23, 10:16:24.149, 2454944299441, QTAgent32.exe, PERF WARNING: FindTopLevelWindowHelper::FindAllDescendents: took 3192 ms. Expected it to take maximum 500 ms.
E, 5176, 61, 2013/05/23, 10:16:24.149, 2454944301081, QTAgent32.exe, Exception: System.Runtime.InteropServices.COMException
	Message: Error HRESULT E_FAIL has been returned from a call to a COM component.
	Stack Trace:    at Microsoft.VisualStudio.TestTools.UITest.Playback.Engine.IRPFPlayback.FindAllScreenElements(IScreenElement pScreenElementStart, String bstrQueryId, Object&amp; pvarResKeys, Int32 cResKeys, Int32 nMaxDepth, Object[]&amp; foundDescendants)
   at Microsoft.VisualStudio.TestTools.UITest.Playback.ScreenElement.FindTopLevelWindowHelper(String queryId)
	BaseExceptionMessage: Error HRESULT E_FAIL has been returned from a call to a COM component.

E, 5176, 61, 2013/05/23, 10:16:24.250, 2454945741996, QTAgent32.exe, AL: Playback Error: Microsoft.VisualStudio.TestTools.UITest.Extension.UITestControlNotFoundException: The playback failed to find the control with the given search properties. Additional Details: 
TechnologyName:  'MSAA'
ControlType:  'Window'
Name:  'Policies Auto-Renewed &amp; Auto-Lapsed'
ClassName:  'ThunderRT6FormDC'
 ---&gt; System.Runtime.InteropServices.COMException: Error HRESULT E_FAIL has been returned from a call to a COM component.
   at Microsoft.VisualStudio.TestTools.UITest.Playback.Engine.IRPFPlayback.FindAllScreenElements(IScreenElement pScreenElementStart, String bstrQueryId, Object&amp; pvarResKeys, Int32 cResKeys, Int32 nMaxDepth, Object[]&amp; foundDescendants)
   at Microsoft.VisualStudio.TestTools.UITest.Playback.ScreenElement.FindTopLevelWindowHelper(String queryId)
   at Microsoft.VisualStudio.TestTools.UITest.Playback.ScreenElement.FindFromPartialQueryId(String queryId)
   at Microsoft.VisualStudio.TestTools.UITesting.UITestControl..ctor(String queryId)
   --- End of inner exception stack trace ---
   at Microsoft.VisualStudio.TestTools.UITesting.Playback.MapControlNotFoundException(COMException ex, IPlaybackContext context)
   at Microsoft.VisualStudio.TestTools.UITesting.Playback.MapAndThrowComException(COMException innerException, IPlaybackContext context)
   at Microsoft.VisualStudio.TestTools.UITesting.Playback.MapAndThrowException(SystemException exception, IPlaybackContext context)
   at Microsoft.VisualStudio.TestTools.UITesting.Playback.MapAndThrowException(SystemException exception, String queryId)
   at Microsoft.VisualStudio.TestTools.UITesting.UITestControl..ctor(String queryId)
   at Microsoft.VisualStudio.TestTools.UITesting.SearchHelper.SearchTopLevelWindow(ISearchArgument topLevelSearchArg, String topLevelElementQueryId)
   at Microsoft.VisualStudio.TestTools.UITesting.SearchHelper.GetTitleUpdatedTopLevelWindow(ISearchArgument topLevelSearchArg, String queryId, IList`1 windowTitles)
   at Microsoft.VisualStudio.TestTools.UITesting.SearchHelper.GetTopLevelElement(Boolean useCache, Boolean useCacheOnly, ISearchArgument searchArg, IList`1 windowTitles, Int32&amp; timeLeft)
   at Microsoft.VisualStudio.TestTools.UITesting.SearchHelper.GetElement(Boolean useCache, ISearchArgument searchArg)
   at Microsoft.VisualStudio.TestTools.UITesting.SearchHelper.Search(ISearchArgument searchArg)
   at Microsoft.VisualStudio.TestTools.UITesting.UITestControl.FindInternal()
   at Microsoft.VisualStudio.TestTools.UITesting.UITestControl.FindControlIfNecessary()
   at Microsoft.VisualStudio.TestTools.UITesting.UITestControl.Click(MouseButtons button, ModifierKeys modifierKeys, Point relativeCoordinates)
   at Microsoft.VisualStudio.TestTools.UITesting.Mouse.ClickImplementation(UITestControl control, MouseButtons button, ModifierKeys modifierKeys, Point relativeCoordinate)
   at Microsoft.VisualStudio.TestTools.UITesting.Mouse.ClickImplementationWrapper(UITestControl control, MouseButtons button, ModifierKeys modifierKeys, Point relativeCoordinate)
W, 5176, 61, 2013/05/23, 10:16:24.250, 2454945743835, QTAgent32.exe, PlaybackErrorHandler: Ignoring exception as ContinueOnError is set.
W, 5176, 61, 2013/05/23, 10:16:24.449, 2454948600020, QTAgent32.exe, &lt;a class=success&gt;Playback - {171} [SUCCESS] MouseButtonClick - "[MSAA, VisibleOnly]ControlType='Button' &amp;&amp; Name='EDI Match...'"
\0&lt;/a&gt;
W, 5176, 61, 2013/05/23, 10:16:26.685, 2454980600459, QTAgent32.exe, &lt;a class=success&gt;Playback - {172} [SUCCESS] MouseButtonClick - "[MSAA, VisibleOnly]ControlType='Button' &amp;&amp; Name='Ok'"
\0&lt;/a&gt;
W, 5176, 61, 2013/05/23, 10:16:27.004, 2454985171200, QTAgent32.exe, &lt;a class=success&gt;Playback - {173} [SUCCESS] MouseButtonClick - "[MSAA, VisibleOnly]ControlType='Button' &amp;&amp; Name='OK'"
\0&lt;/a&gt;
W, 5176, 61, 2013/05/23, 10:16:27.233, 2454988448876, QTAgent32.exe, &lt;a class=success&gt;Playback - {174} [SUCCESS] MouseButtonClick - "[MSAA, VisibleOnly]ControlType='Button' &amp;&amp; Name='Log and Clear'"
\0&lt;/a&gt;
W, 5176, 61, 2013/05/23, 10:16:27.474, 2454991906542, QTAgent32.exe, &lt;a class=success&gt;Playback - {175} [SUCCESS] MouseButtonClick - "[MSAA, VisibleOnly]ControlType='Button' &amp;&amp; Name='OK'"
\0&lt;/a&gt;
W, 5176, 61, 2013/05/23, 10:16:27.721, 2454995440745, QTAgent32.exe, &lt;a class=success&gt;Playback - {176} [SUCCESS] MouseButtonClick - "[MSAA, VisibleOnly]ControlType='Button' &amp;&amp; Name='Filter...'"
\0&lt;/a&gt;
W, 5176, 61, 2013/05/23, 10:16:27.935, 2454998501038, QTAgent32.exe, &lt;a class=success&gt;Playback - {177} [SUCCESS] SendKeys "^{HOME}" - "[MSAA, VisibleOnly]ControlType='Edit'"
\0&lt;/a&gt;
E, 5176, 61, 2013/05/23, 10:16:27.935, 2454998503018, QTAgent32.exe, Msaa.GetFocusedElement: could not find accessible object of foreground window
W, 5176, 61, 2013/05/23, 10:16:27.987, 2454999253900, QTAgent32.exe, &lt;a class=success&gt;Playback - {178} [SUCCESS] SendKeys "^+{END}" - "[MSAA, VisibleOnly]ControlType='Edit'"
\0&lt;/a&gt;
E, 5176, 61, 2013/05/23, 10:16:27.987, 2454999256458, QTAgent32.exe, Msaa.GetFocusedElement: could not find accessible object of foreground window
W, 5176, 61, 2013/05/23, 10:16:28.000, 2454999440671, QTAgent32.exe, &lt;a class=success&gt;Playback - {179} [SUCCESS] SendKeys "{DELETE}" - "[MSAA, VisibleOnly]ControlType='Edit'"
\0&lt;/a&gt;
W, 5176, 61, 2013/05/23, 10:16:28.236, 2455002822890, QTAgent32.exe, &lt;a class=success&gt;Playback - {180} [SUCCESS] SetValueAsEditBox "30/05/13" - "[MSAA, VisibleOnly]ControlType='Edit'"  &lt; Set via SendKeys &gt;
\0&lt;/a&gt;
W, 5176, 61, 2013/05/23, 10:16:28.451, 2455005897468, QTAgent32.exe, &lt;a class=success&gt;Playback - {181} [SUCCESS] SendKeys "^{HOME}" - "[MSAA, VisibleOnly]ControlType='Edit'"
\0&lt;/a&gt;
E, 5176, 61, 2013/05/23, 10:16:28.451, 2455005899685, QTAgent32.exe, Msaa.GetFocusedElement: could not find accessible object of foreground window
W, 5176, 61, 2013/05/23, 10:16:28.504, 2455006649388, QTAgent32.exe, &lt;a class=success&gt;Playback - {182} [SUCCESS] SendKeys "^+{END}" - "[MSAA, VisibleOnly]ControlType='Edit'"
\0&lt;/a&gt;
E, 5176, 61, 2013/05/23, 10:16:28.504, 2455006651507, QTAgent32.exe, Msaa.GetFocusedElement: could not find accessible object of foreground window
W, 5176, 61, 2013/05/23, 10:16:28.517, 2455006835569, QTAgent32.exe, &lt;a class=success&gt;Playback - {183} [SUCCESS] SendKeys "{DELETE}" - "[MSAA, VisibleOnly]ControlType='Edit'"
\0&lt;/a&gt;
W, 5176, 61, 2013/05/23, 10:16:28.744, 2455010090465, QTAgent32.exe, &lt;a class=success&gt;Playback - {184} [SUCCESS] SetValueAsEditBox "30/05/13" - "[MSAA, VisibleOnly]ControlType='Edit'"  &lt; Set via SendKeys &gt;
\0&lt;/a&gt;
W, 5176, 61, 2013/05/23, 10:16:29.119, 2455015457107, QTAgent32.exe, Playback - [WARNING] Internal warning: Incorrect flag set for InvokeProgrammaticAction\0
W, 5176, 61, 2013/05/23, 10:16:29.237, 2455017151000, QTAgent32.exe, &lt;a class=success&gt;Playback - {185} [SUCCESS] SetValueAsComboBox "Motor" - "[MSAA, VisibleOnly]ControlType='ComboBox'"  &lt; SetValueAsComboBox, set by clicking on the item in the list box &gt;
\0&lt;/a&gt;
W, 5176, 61, 2013/05/23, 10:16:29.511, 2455021063599, QTAgent32.exe, &lt;a class=success&gt;Playback - {186} [SUCCESS] MouseButtonClick - "[MSAA, VisibleOnly]ControlType='Button' &amp;&amp; Name='Ok'"
\0&lt;/a&gt;
W, 5176, 61, 2013/05/23, 10:16:30.416, 2455034025134, QTAgent32.exe, &lt;a class=success&gt;Playback - {187} [SUCCESS] MouseButtonClick - "[MSAA, VisibleOnly]ControlType='Client'"
\0&lt;/a&gt;
W, 5176, 61, 2013/05/23, 10:16:30.608, 2455036773636, QTAgent32.exe, &lt;a class=success&gt;Playback - {188} [SUCCESS] SendKeys "{End}" - "[MSAA, VisibleOnly]ControlType='Client'"
\0&lt;/a&gt;
W, 5176, 61, 2013/05/23, 10:16:30.832, 2455039990029, QTAgent32.exe, &lt;a class=success&gt;Playback - {189} [SUCCESS] MouseButtonClick - "[MSAA, VisibleOnly]ControlType='Button' &amp;&amp; Name='Display Record...'"
\0&lt;/a&gt;
W, 5176, 61, 2013/05/23, 10:16:31.192, 2455045146149, QTAgent32.exe, Playback - [WARNING] Internal warning: Window Not Found: [VisibleOnly]ControlType='Window' &amp;&amp; Name='AUTO208-1001' &amp;&amp; ClassName='ThunderRT6FormDC'
\0
E, 5176, 61, 2013/05/23, 10:16:31.193, 2455045148459, QTAgent32.exe, &lt;a class=failure&gt;Playback - {190} [FAILED] Function ElementFetcher::FindScreenElement failed to locate UI element (Searching: ;[VisibleOnly]ControlType='Window' &amp;&amp; Name='AUTO208-1001' &amp;&amp; ClassName='ThunderRT6FormDC') (The object specified was not found.)
\0&lt;/a&gt;
E, 5176, 61, 2013/05/23, 10:16:31.235, 2455045749412, QTAgent32.exe, Playback - [IMAGE] C:\Users\testuser\AppData\Local\Temp\UITestLogs\LastRun\RPF53A5.png
\0
W, 5176, 61, 2013/05/23, 10:16:31.235, 2455045750933, QTAgent32.exe, Playback - [WARNING] Internal warning: Couldn't find descendants that match QueryId
\0
W, 5176, 61, 2013/05/23, 10:16:49.284, 2455304176608, QTAgent32.exe, Playback - [WARNING] Internal warning: Window Not Found: [VisibleOnly]ControlType='Window' &amp;&amp; Name='AUTO208-1001' &amp;&amp; ClassName='ThunderRT6FormDC'
\0
E, 5176, 61, 2013/05/23, 10:16:49.284, 2455304178863, QTAgent32.exe, &lt;a class=failure&gt;Playback - {191} [FAILED] Function ElementFetcher::FindScreenElement failed to locate UI element (Searching: ;[VisibleOnly]ControlType='Window' &amp;&amp; Name='AUTO208-1001' &amp;&amp; ClassName='ThunderRT6FormDC') (The object specified was not found.)
\0&lt;/a&gt;
E, 5176, 61, 2013/05/23, 10:16:49.330, 2455304838244, QTAgent32.exe, Playback - [IMAGE] C:\Users\testuser\AppData\Local\Temp\UITestLogs\LastRun\RPF9A56.png
\0
W, 5176, 61, 2013/05/23, 10:16:49.330, 2455304840032, QTAgent32.exe, Playback - [WARNING] Internal warning: Couldn't find descendants that match QueryId
\0
W, 5176, 61, 2013/05/23, 10:16:49.330, 2455304842673, QTAgent32.exe, PERF WARNING: FindTopLevelWindowHelper::FindAllDescendents: took 18094 ms. Expected it to take maximum 500 ms.
W, 5176, 61, 2013/05/23, 10:16:49.899, 2455312989257, QTAgent32.exe, Playback - [WARNING] Internal warning: Window with Class "ThunderRT6FormDC" and Title "AUTO208-1001" was not found, so similar window with Class "ThunderRT6FormDC" and Title "AUTO137-1001" was accepted
\0
W, 5176, 61, 2013/05/23, 10:16:49.899, 2455312992282, QTAgent32.exe, PERF WARNING: FindTopLevelWindowHelper::FindAllDescendents: took 569 ms. Expected it to take maximum 500 ms.
W, 5176, 61, 2013/05/23, 10:16:50.023, 2455314756912, QTAgent32.exe, &lt;a class=success&gt;Playback - {192} [SUCCESS] MouseButtonClick - "[MSAA, VisibleOnly]ControlType='Button' &amp;&amp; Name='Rebroke...'"
\0&lt;/a&gt;
W, 5176, 61, 2013/05/23, 10:16:50.256, 2455318102156, QTAgent32.exe, &lt;a class=success&gt;Playback - {193} [SUCCESS] MouseButtonClick - "[MSAA, VisibleOnly]ControlType='Button' &amp;&amp; Name='Cancel'"
\0&lt;/a&gt;
W, 5176, 61, 2013/05/23, 10:16:50.483, 2455321346625, QTAgent32.exe, &lt;a class=success&gt;Playback - {194} [SUCCESS] MouseButtonClick - "[MSAA, VisibleOnly]ControlType='Button' &amp;&amp; Name='No'"
\0&lt;/a&gt;
W, 5176, 61, 2013/05/23, 10:16:50.710, 2455324603966, QTAgent32.exe, &lt;a class=success&gt;Playback - {195} [SUCCESS] MouseButtonClick - "[MSAA, VisibleOnly]ControlType='Button' &amp;&amp; Name='Ok'"
\0&lt;/a&gt;
W, 5176, 61, 2013/05/23, 10:16:54.428, 2455377830922, QTAgent32.exe, PERF WARNING: FindTopLevelWindowHelper::FindAllDescendents: took 3615 ms. Expected it to take maximum 500 ms.
W, 5176, 61, 2013/05/23, 10:16:54.551, 2455379590789, QTAgent32.exe, &lt;a class=success&gt;Playback - {196} [SUCCESS] MouseButtonClick - "[MSAA, VisibleOnly]ControlType='Button' &amp;&amp; Name='OK'"
\0&lt;/a&gt;
W, 5176, 61, 2013/05/23, 10:16:54.812, 2455383333630, QTAgent32.exe, &lt;a class=success&gt;Playback - {197} [SUCCESS] MouseButtonClick - "[MSAA, VisibleOnly]ControlType='Button' &amp;&amp; Name='Yes'"
\0&lt;/a&gt;
W, 5176, 61, 2013/05/23, 10:16:55.048, 2455386718455, QTAgent32.exe, &lt;a class=success&gt;Playback - {198} [SUCCESS] MouseButtonClick - "[MSAA, VisibleOnly]ControlType='Button' &amp;&amp; Name='Invite'"
\0&lt;/a&gt;
W, 5176, 61, 2013/05/23, 10:16:55.434, 2455392242639, QTAgent32.exe, Playback - [WARNING] Internal warning: Window Not Found: [VisibleOnly]ControlType='Window' &amp;&amp; Name='Confirm' &amp;&amp; ClassName='#32770'
\0
E, 5176, 61, 2013/05/23, 10:16:55.434, 2455392244658, QTAgent32.exe, &lt;a class=failure&gt;Playback - {199} [FAILED] Function ElementFetcher::FindScreenElement failed to locate UI element (Searching: ;[VisibleOnly]ControlType='Window' &amp;&amp; Name='Confirm' &amp;&amp; ClassName='#32770') (The object specified was not found.)
\0&lt;/a&gt;
E, 5176, 61, 2013/05/23, 10:16:55.477, 2455392854898, QTAgent32.exe, Playback - [IMAGE] C:\Users\testuser\AppData\Local\Temp\UITestLogs\LastRun\RPFB259.png
\0
W, 5176, 61, 2013/05/23, 10:16:55.477, 2455392856416, QTAgent32.exe, Playback - [WARNING] Internal warning: Couldn't find descendants that match QueryId
\0
W, 5176, 61, 2013/05/23, 10:17:13.490, 2455650774498, QTAgent32.exe, Playback - [WARNING] Internal warning: Window Not Found: [VisibleOnly]ControlType='Window' &amp;&amp; Name='Confirm' &amp;&amp; ClassName='#32770'
\0
E, 5176, 61, 2013/05/23, 10:17:13.491, 2455650776909, QTAgent32.exe, &lt;a class=failure&gt;Playback - {200} [FAILED] Function ElementFetcher::FindScreenElement failed to locate UI element (Searching: ;[VisibleOnly]ControlType='Window' &amp;&amp; Name='Confirm' &amp;&amp; ClassName='#32770') (The object specified was not found.)
\0&lt;/a&gt;
E, 5176, 61, 2013/05/23, 10:17:13.534, 2455651395246, QTAgent32.exe, Playback - [IMAGE] C:\Users\testuser\AppData\Local\Temp\UITestLogs\LastRun\RPFF8EB.png
\0
W, 5176, 61, 2013/05/23, 10:17:13.534, 2455651396812, QTAgent32.exe, Playback - [WARNING] Internal warning: Couldn't find descendants that match QueryId
\0
W, 5176, 61, 2013/05/23, 10:17:13.534, 2455651402951, QTAgent32.exe, PERF WARNING: FindTopLevelWindowHelper::FindAllDescendents: took 18056 ms. Expected it to take maximum 500 ms.
W, 5176, 61, 2013/05/23, 10:17:13.994, 2455657987880, QTAgent32.exe, Playback - [WARNING] Internal warning: Smart Match failed
\0
W, 5176, 61, 2013/05/23, 10:17:14.202, 2455660964801, QTAgent32.exe, Playback - [WARNING] Internal warning: Smart Match failed
\0
W, 5176, 61, 2013/05/23, 10:17:14.408, 2455663907455, QTAgent32.exe, Playback - [WARNING] Internal warning: Smart Match failed
\0
W, 5176, 61, 2013/05/23, 10:17:14.616, 2455666895903, QTAgent32.exe, Playback - [WARNING] Internal warning: Smart Match failed
\0
W, 5176, 61, 2013/05/23, 10:17:14.822, 2455669848644, QTAgent32.exe, Playback - [WARNING] Internal warning: Smart Match failed
\0
W, 5176, 61, 2013/05/23, 10:17:15.034, 2455672884226, QTAgent32.exe, Playback - [WARNING] Internal warning: Smart Match failed
\0
W, 5176, 61, 2013/05/23, 10:17:15.248, 2455675945142, QTAgent32.exe, Playback - [WARNING] Internal warning: Smart Match failed
\0
W, 5176, 61, 2013/05/23, 10:17:15.460, 2455678973355, QTAgent32.exe, Playback - [WARNING] Internal warning: Smart Match failed
\0
W, 5176, 61, 2013/05/23, 10:17:15.669, 2455681966051, QTAgent32.exe, Playback - [WARNING] Internal warning: Smart Match failed
\0
W, 5176, 61, 2013/05/23, 10:17:15.873, 2455684891382, QTAgent32.exe, Playback - [WARNING] Internal warning: Smart Match failed
\0
W, 5176, 61, 2013/05/23, 10:17:16.077, 2455687811728, QTAgent32.exe, Playback - [WARNING] Internal warning: Smart Match failed
\0
W, 5176, 61, 2013/05/23, 10:17:16.282, 2455690745465, QTAgent32.exe, Playback - [WARNING] Internal warning: Smart Match failed
\0
W, 5176, 61, 2013/05/23, 10:17:16.486, 2455693668171, QTAgent32.exe, Playback - [WARNING] Internal warning: Smart Match failed
\0
W, 5176, 61, 2013/05/23, 10:17:16.580, 2455695018712, QTAgent32.exe, Playback - [WARNING] Internal warning: Window Not Found: [VisibleOnly]ControlType='Window' &amp;&amp; Name='Confirm' &amp;&amp; ClassName='#32770'
\0
E, 5176, 61, 2013/05/23, 10:17:16.580, 2455695020399, QTAgent32.exe, &lt;a class=failure&gt;Playback - {201} [FAILED] Function ElementFetcher::FindScreenElement failed to locate UI element (Searching: ;[VisibleOnly]ControlType='Window' &amp;&amp; Name='Confirm' &amp;&amp; ClassName='#32770') (The object specified was not found.)
\0&lt;/a&gt;
E, 5176, 61, 2013/05/23, 10:17:16.622, 2455695616849, QTAgent32.exe, Playback - [IMAGE] C:\Users\testuser\AppData\Local\Temp\UITestLogs\LastRun\RPF4FD.png
\0
W, 5176, 61, 2013/05/23, 10:17:16.622, 2455695618510, QTAgent32.exe, Playback - [WARNING] Internal warning: Couldn't find descendants that match QueryId
\0
W, 5176, 61, 2013/05/23, 10:17:16.622, 2455695620757, QTAgent32.exe, PERF WARNING: FindTopLevelWindowHelper::FindAllDescendents: took 3088 ms. Expected it to take maximum 500 ms.
E, 5176, 61, 2013/05/23, 10:17:16.622, 2455695622315, QTAgent32.exe, Exception: System.Runtime.InteropServices.COMException
	Message: Error HRESULT E_FAIL has been returned from a call to a COM component.
	Stack Trace:    at Microsoft.VisualStudio.TestTools.UITest.Playback.Engine.IRPFPlayback.FindAllScreenElements(IScreenElement pScreenElementStart, String bstrQueryId, Object&amp; pvarResKeys, Int32 cResKeys, Int32 nMaxDepth, Object[]&amp; foundDescendants)
   at Microsoft.VisualStudio.TestTools.UITest.Playback.ScreenElement.FindTopLevelWindowHelper(String queryId)
	BaseExceptionMessage: Error HRESULT E_FAIL has been returned from a call to a COM component.

E, 5176, 61, 2013/05/23, 10:17:16.622, 2455695624597, QTAgent32.exe, Window 1442234 not responding. Last Win32 error 0
E, 5176, 61, 2013/05/23, 10:17:16.623, 2455695625636, QTAgent32.exe, GetClassName for handle 1442234 failed
E, 5176, 61, 2013/05/23, 10:17:16.623, 2455695629281, QTAgent32.exe, Window 1376740 not responding. Last Win32 error 1400
E, 5176, 61, 2013/05/23, 10:17:16.623, 2455695630032, QTAgent32.exe, GetClassName for handle 1376740 failed
E, 5176, 61, 2013/05/23, 10:17:16.723, 2455697062811, QTAgent32.exe, AL: Playback Error: Microsoft.VisualStudio.TestTools.UITest.Extension.UITestControlNotAvailableException: The control is not available or not valid. Additional Details: 
TechnologyName:  'MSAA'
Name:  'OK'
ControlType:  'Button'
 ---&gt; Microsoft.VisualStudio.TestTools.UITest.Extension.UITestControlNotAvailableException: The control is not available or not valid. Additional Details: 
TechnologyName:  'MSAA'
Name:  'Confirm'
ClassName:  '#32770'
ControlType:  'Window'
 ---&gt; System.Runtime.InteropServices.COMException: Error HRESULT E_FAIL has been returned from a call to a COM component.
   at Microsoft.VisualStudio.TestTools.UITest.Playback.Engine.IRPFPlayback.FindAllScreenElements(IScreenElement pScreenElementStart, String bstrQueryId, Object&amp; pvarResKeys, Int32 cResKeys, Int32 nMaxDepth, Object[]&amp; foundDescendants)
   at Microsoft.VisualStudio.TestTools.UITest.Playback.ScreenElement.FindTopLevelWindowHelper(String queryId)
   at Microsoft.VisualStudio.TestTools.UITest.Playback.ScreenElement.FindFromPartialQueryId(String queryId)
   at Microsoft.VisualStudio.TestTools.UITesting.UITestControl.EnsureValid(Boolean waitForReady, Boolean refetch)
   --- End of inner exception stack trace ---
   at Microsoft.VisualStudio.TestTools.UITesting.UITestControl.EnsureValid(Boolean waitForReady, Boolean refetch)
   at Microsoft.VisualStudio.TestTools.UITesting.UITestControl.FindFirstDescendant(String queryId, Int32 maxDepth, Int32&amp; timeLeft)
   at Microsoft.VisualStudio.TestTools.UITesting.UITestControl.FindFirstDescendant(String queryId)
   at Microsoft.VisualStudio.TestTools.UITesting.UITestControl.EnsureValid(Boolean waitForReady, Boolean refetch)
   --- End of inner exception stack trace ---
   at Microsoft.VisualStudio.TestTools.UITesting.UITestControl.EnsureValid(Boolean waitForReady, Boolean refetch)
   at Microsoft.VisualStudio.TestTools.UITesting.UITestControl.Click(MouseButtons button, ModifierKeys modifierKeys, Point relativeCoordinates)
   at Microsoft.VisualStudio.TestTools.UITesting.Mouse.ClickImplementation(UITestControl control, MouseButtons button, ModifierKeys modifierKeys, Point relativeCoordinate)
   at Microsoft.VisualStudio.TestTools.UITesting.Mouse.ClickImplementationWrapper(UITestControl control, MouseButtons button, ModifierKeys modifierKeys, Point relativeCoordinate)
W, 5176, 61, 2013/05/23, 10:17:16.723, 2455697064158, QTAgent32.exe, PlaybackErrorHandler: Ignoring exception as ContinueOnError is set.
W, 5176, 61, 2013/05/23, 10:17:16.884, 2455699362402, QTAgent32.exe, &lt;a class=success&gt;Playback - {202} [SUCCESS] MouseButtonClick - "[MSAA, VisibleOnly]ControlType='Button' &amp;&amp; Name='Ok'"
\0&lt;/a&gt;
W, 5176, 61, 2013/05/23, 10:17:23.212, 2455789976676, QTAgent32.exe, Playback - [WARNING] Internal warning: Window Not Found: [VisibleOnly]ControlType='Window' &amp;&amp; Name='Personal Lines' &amp;&amp; ClassName='#32770'
\0
E, 5176, 61, 2013/05/23, 10:17:23.212, 2455789978893, QTAgent32.exe, &lt;a class=failure&gt;Playback - {203} [FAILED] Function ElementFetcher::FindScreenElement failed to locate UI element (Searching: ;[VisibleOnly]ControlType='Window' &amp;&amp; Name='Personal Lines' &amp;&amp; ClassName='#32770') (The object specified was not found.)
\0&lt;/a&gt;
E, 5176, 61, 2013/05/23, 10:17:23.255, 2455790590603, QTAgent32.exe, Playback - [IMAGE] C:\Users\testuser\AppData\Local\Temp\UITestLogs\LastRun\RPF1EE4.png
\0
W, 5176, 61, 2013/05/23, 10:17:23.255, 2455790592185, QTAgent32.exe, Playback - [WARNING] Internal warning: Couldn't find descendants that match QueryId
\0
W, 5176, 61, 2013/05/23, 10:17:23.255, 2455790594742, QTAgent32.exe, PERF WARNING: FindTopLevelWindowHelper::FindAllDescendents: took 6270 ms. Expected it to take maximum 500 ms.
W, 5176, 61, 2013/05/23, 10:17:41.348, 2456049649106, QTAgent32.exe, Playback - [WARNING] Internal warning: Window Not Found: [VisibleOnly]ControlType='Window' &amp;&amp; Name='Personal Lines' &amp;&amp; ClassName='#32770'
\0
E, 5176, 61, 2013/05/23, 10:17:41.349, 2456049655111, QTAgent32.exe, &lt;a class=failure&gt;Playback - {204} [FAILED] Function ElementFetcher::FindScreenElement failed to locate UI element (Searching: ;[VisibleOnly]ControlType='Window' &amp;&amp; Name='Personal Lines' &amp;&amp; ClassName='#32770') (The object specified was not found.)
\0&lt;/a&gt;
E, 5176, 61, 2013/05/23, 10:17:41.410, 2456050537326, QTAgent32.exe, Playback - [IMAGE] C:\Users\testuser\AppData\Local\Temp\UITestLogs\LastRun\RPF65B4.png
\0
W, 5176, 61, 2013/05/23, 10:17:41.410, 2456050538693, QTAgent32.exe, Playback - [WARNING] Internal warning: Couldn't find descendants that match QueryId
\0
W, 5176, 61, 2013/05/23, 10:17:41.411, 2456050541208, QTAgent32.exe, PERF WARNING: FindTopLevelWindowHelper::FindAllDescendents: took 18154 ms. Expected it to take maximum 500 ms.
W, 5176, 61, 2013/05/23, 10:17:41.869, 2456057108473, QTAgent32.exe, Playback - [WARNING] Internal warning: Smart Match failed
\0
W, 5176, 61, 2013/05/23, 10:17:42.081, 2456060136787, QTAgent32.exe, Playback - [WARNING] Internal warning: Smart Match failed
\0
W, 5176, 61, 2013/05/23, 10:17:42.294, 2456063195033, QTAgent32.exe, Playback - [WARNING] Internal warning: Smart Match failed
\0
W, 5176, 61, 2013/05/23, 10:17:42.502, 2456066174821, QTAgent32.exe, Playback - [WARNING] Internal warning: Smart Match failed
\0
W, 5176, 61, 2013/05/23, 10:17:42.710, 2456069144341, QTAgent32.exe, Playback - [WARNING] Internal warning: Smart Match failed
\0
W, 5176, 61, 2013/05/23, 10:17:42.923, 2456072198667, QTAgent32.exe, Playback - [WARNING] Internal warning: Smart Match failed
\0
W, 5176, 61, 2013/05/23, 10:17:43.134, 2456075213182, QTAgent32.exe, Playback - [WARNING] Internal warning: Smart Match failed
\0
W, 5176, 61, 2013/05/23, 10:17:43.344, 2456078221865, QTAgent32.exe, Playback - [WARNING] Internal warning: Smart Match failed
\0
W, 5176, 61, 2013/05/23, 10:17:43.557, 2456081275782, QTAgent32.exe, Playback - [WARNING] Internal warning: Smart Match failed
\0
W, 5176, 61, 2013/05/23, 10:17:43.767, 2456084284039, QTAgent32.exe, Playback - [WARNING] Internal warning: Smart Match failed
\0
W, 5176, 61, 2013/05/23, 10:17:43.980, 2456087328360, QTAgent32.exe, Playback - [WARNING] Internal warning: Smart Match failed
\0
W, 5176, 61, 2013/05/23, 10:17:44.186, 2456090285089, QTAgent32.exe, Playback - [WARNING] Internal warning: Smart Match failed
\0
W, 5176, 61, 2013/05/23, 10:17:44.394, 2456093253395, QTAgent32.exe, Playback - [WARNING] Internal warning: Smart Match failed
\0
W, 5176, 61, 2013/05/23, 10:17:44.493, 2456094674173, QTAgent32.exe, Playback - [WARNING] Internal warning: Window Not Found: [VisibleOnly]ControlType='Window' &amp;&amp; Name='Personal Lines' &amp;&amp; ClassName='#32770'
\0
E, 5176, 61, 2013/05/23, 10:17:44.493, 2456094675847, QTAgent32.exe, &lt;a class=failure&gt;Playback - {205} [FAILED] Function ElementFetcher::FindScreenElement failed to locate UI element (Searching: ;[VisibleOnly]ControlType='Window' &amp;&amp; Name='Personal Lines' &amp;&amp; ClassName='#32770') (The object specified was not found.)
\0&lt;/a&gt;
E, 5176, 61, 2013/05/23, 10:17:44.537, 2456095296901, QTAgent32.exe, Playback - [IMAGE] C:\Users\testuser\AppData\Local\Temp\UITestLogs\LastRun\RPF7205.png
\0
W, 5176, 61, 2013/05/23, 10:17:44.537, 2456095298421, QTAgent32.exe, Playback - [WARNING] Internal warning: Couldn't find descendants that match QueryId
\0
W, 5176, 61, 2013/05/23, 10:17:44.537, 2456095300815, QTAgent32.exe, PERF WARNING: FindTopLevelWindowHelper::FindAllDescendents: took 3125 ms. Expected it to take maximum 500 ms.
E, 5176, 61, 2013/05/23, 10:17:44.537, 2456095302435, QTAgent32.exe, Exception: System.Runtime.InteropServices.COMException
	Message: Error HRESULT E_FAIL has been returned from a call to a COM component.
	Stack Trace:    at Microsoft.VisualStudio.TestTools.UITest.Playback.Engine.IRPFPlayback.FindAllScreenElements(IScreenElement pScreenElementStart, String bstrQueryId, Object&amp; pvarResKeys, Int32 cResKeys, Int32 nMaxDepth, Object[]&amp; foundDescendants)
   at Microsoft.VisualStudio.TestTools.UITest.Playback.ScreenElement.FindTopLevelWindowHelper(String queryId)
	BaseExceptionMessage: Error HRESULT E_FAIL has been returned from a call to a COM component.

E, 5176, 61, 2013/05/23, 10:17:44.537, 2456095306203, QTAgent32.exe, GetClassName for handle 2688460 failed
E, 5176, 61, 2013/05/23, 10:17:44.538, 2456095314959, QTAgent32.exe, Window 2688460 not responding. Last Win32 error 1400
E, 5176, 61, 2013/05/23, 10:17:44.538, 2456095315940, QTAgent32.exe, GetClassName for handle 2688460 failed
E, 5176, 61, 2013/05/23, 10:17:44.638, 2456096754297, QTAgent32.exe, AL: Playback Error: Microsoft.VisualStudio.TestTools.UITest.Extension.UITestControlNotAvailableException: The control is not available or not valid. Additional Details: 
TechnologyName:  'MSAA'
ControlType:  'Window'
 ---&gt; System.Runtime.InteropServices.COMException: Error HRESULT E_FAIL has been returned from a call to a COM component.
   at Microsoft.VisualStudio.TestTools.UITest.Playback.Engine.IRPFPlayback.FindAllScreenElements(IScreenElement pScreenElementStart, String bstrQueryId, Object&amp; pvarResKeys, Int32 cResKeys, Int32 nMaxDepth, Object[]&amp; foundDescendants)
   at Microsoft.VisualStudio.TestTools.UITest.Playback.ScreenElement.FindTopLevelWindowHelper(String queryId)
   at Microsoft.VisualStudio.TestTools.UITest.Playback.ScreenElement.FindFromPartialQueryId(String queryId)
   at Microsoft.VisualStudio.TestTools.UITesting.UITestControl.EnsureValid(Boolean waitForReady, Boolean refetch)
   --- End of inner exception stack trace ---
   at Microsoft.VisualStudio.TestTools.UITesting.UITestControl.EnsureValid(Boolean waitForReady, Boolean refetch)
   at Microsoft.VisualStudio.TestTools.UITesting.UITestControl.FindFirstDescendant(String queryId, Int32 maxDepth, Int32&amp; timeLeft)
   at Microsoft.VisualStudio.TestTools.UITesting.SearchHelper.GetElement(Boolean useCache, ISearchArgument searchArg)
   at Microsoft.VisualStudio.TestTools.UITesting.SearchHelper.Search(ISearchArgument searchArg)
   at Microsoft.VisualStudio.TestTools.UITesting.UITestControl.FindInternal()
   at Microsoft.VisualStudio.TestTools.UITesting.UITestControl.FindControlIfNecessary()
   at Microsoft.VisualStudio.TestTools.UITesting.UITestControl.Click(MouseButtons button, ModifierKeys modifierKeys, Point relativeCoordinates)
   at Microsoft.VisualStudio.TestTools.UITesting.Mouse.ClickImplementation(UITestControl control, MouseButtons button, ModifierKeys modifierKeys, Point relativeCoordinate)
   at Microsoft.VisualStudio.TestTools.UITesting.Mouse.ClickImplementationWrapper(UITestControl control, MouseButtons button, ModifierKeys modifierKeys, Point relativeCoordinate)
W, 5176, 61, 2013/05/23, 10:17:44.638, 2456096756244, QTAgent32.exe, PlaybackErrorHandler: Ignoring exception as ContinueOnError is set.
W, 5176, 61, 2013/05/23, 10:17:44.765, 2456098574810, QTAgent32.exe, &lt;a class=success&gt;Playback - {206} [SUCCESS] Check - "[MSAA, VisibleOnly]ControlType='CheckBox' &amp;&amp; Name='Defer Printing?'"
\0&lt;/a&gt;
W, 5176, 61, 2013/05/23, 10:17:45.091, 2456103236087, QTAgent32.exe, &lt;a class=success&gt;Playback - {207} [SUCCESS] MouseButtonClick - "[MSAA, VisibleOnly]ControlType='Button' &amp;&amp; Name='Ok'"
\0&lt;/a&gt;
W, 5176, 61, 2013/05/23, 10:17:45.191, 2456104671501, QTAgent32.exe, Playback - [WARNING] Internal warning: Thread state based WFR - Requested element has invalid HWND
\0
W, 5176, 61, 2013/05/23, 10:17:45.191, 2456104672737, QTAgent32.exe, Playback - [WARNING] Internal warning: process performance counters based WFR - Requested element has invalid HWND
\0
E, 5176, 61, 2013/05/23, 10:17:45.191, 2456104675279, QTAgent32.exe, EnsureValid called via EnsureValid call for same element
E, 5176, 61, 2013/05/23, 10:17:45.192, 2456104677289, QTAgent32.exe, EnsureValid called via EnsureValid call for same element
E, 5176, 61, 2013/05/23, 10:17:45.192, 2456104678461, QTAgent32.exe, EnsureValid called via EnsureValid call for same element
E, 5176, 61, 2013/05/23, 10:17:45.192, 2456104682092, QTAgent32.exe, Window 2098754 not responding. Last Win32 error 1400
E, 5176, 61, 2013/05/23, 10:17:45.192, 2456104682910, QTAgent32.exe, GetClassName for handle 2098754 failed
W, 5176, 61, 2013/05/23, 10:18:00.665, 2456326229750, QTAgent32.exe, PERF WARNING: FindTopLevelWindowHelper::FindAllDescendents: took 15472 ms. Expected it to take maximum 500 ms.
W, 5176, 61, 2013/05/23, 10:18:00.798, 2456328126420, QTAgent32.exe, &lt;a class=success&gt;Playback - {208} [SUCCESS] Uncheck - "[MSAA, VisibleOnly]ControlType='CheckBox' &amp;&amp; Name='Add Activity'"
\0&lt;/a&gt;
W, 5176, 61, 2013/05/23, 10:18:01.129, 2456332867977, QTAgent32.exe, &lt;a class=success&gt;Playback - {209} [SUCCESS] MouseButtonClick - "[MSAA, VisibleOnly]ControlType='Button' &amp;&amp; Name='Ok'"
\0&lt;/a&gt;
W, 5176, 61, 2013/05/23, 10:18:03.649, 2456368952581, QTAgent32.exe, PERF WARNING: FindTopLevelWindowHelper::FindAllDescendents: took 2419 ms. Expected it to take maximum 500 ms.
W, 5176, 61, 2013/05/23, 10:18:03.788, 2456370951997, QTAgent32.exe, &lt;a class=success&gt;Playback - {210} [SUCCESS] MouseButtonClick - "[MSAA, VisibleOnly]ControlType='Button' &amp;&amp; Name='OK'"
\0&lt;/a&gt;
W, 5176, 61, 2013/05/23, 10:18:04.749, 2456384707009, QTAgent32.exe, &lt;a class=success&gt;Playback - {211} [SUCCESS] MouseButtonClick - "[MSAA, VisibleOnly]ControlType='Button' &amp;&amp; Name=&gt;'Renew Policy'"
\0&lt;/a&gt;
W, 5176, 61, 2013/05/23, 10:18:09.074, 2456446635742, QTAgent32.exe, Playback - [WARNING] Internal warning: Window Not Found: [VisibleOnly]ControlType='Window' &amp;&amp; Name='Confirm' &amp;&amp; ClassName='#32770'
\0
E, 5176, 61, 2013/05/23, 10:18:09.075, 2456446637994, QTAgent32.exe, &lt;a class=failure&gt;Playback - {212} [FAILED] Function ElementFetcher::FindScreenElement failed to locate UI element (Searching: ;[VisibleOnly]ControlType='Window' &amp;&amp; Name='Confirm' &amp;&amp; ClassName='#32770') (The object specified was not found.)
\0&lt;/a&gt;
E, 5176, 61, 2013/05/23, 10:18:09.118, 2456447257003, QTAgent32.exe, Playback - [IMAGE] C:\Users\testuser\AppData\Local\Temp\UITestLogs\LastRun\RPFD20F.png
\0
W, 5176, 61, 2013/05/23, 10:18:09.118, 2456447258586, QTAgent32.exe, Playback - [WARNING] Internal warning: Couldn't find descendants that match QueryId
\0
W, 5176, 61, 2013/05/23, 10:18:09.118, 2456447261208, QTAgent32.exe, PERF WARNING: FindTopLevelWindowHelper::FindAllDescendents: took 4268 ms. Expected it to take maximum 500 ms.
W, 5176, 61, 2013/05/23, 10:18:11.515, 2456481583609, QTAgent32.exe, PERF WARNING: FindTopLevelWindowHelper::FindAllDescendents: took 2396 ms. Expected it to take maximum 500 ms.
W, 5176, 61, 2013/05/23, 10:18:11.646, 2456483467336, QTAgent32.exe, &lt;a class=success&gt;Playback - {213} [SUCCESS] MouseButtonClick - "[MSAA, VisibleOnly]ControlType='Button' &amp;&amp; Name='Yes'"
\0&lt;/a&gt;
E, 5176, 61, 2013/05/23, 10:18:11.748, 2456484915619, QTAgent32.exe, GetClassName for handle 1704816 failed
W, 5176, 61, 2013/05/23, 10:18:12.055, 2456489316040, QTAgent32.exe, Playback - [WARNING] Internal warning: Window Not Found: [VisibleOnly]ControlType='Window' &amp;&amp; Name='Confirm Documents' &amp;&amp; ClassName='ThunderRT6FormDC'
\0
E, 5176, 61, 2013/05/23, 10:18:12.055, 2456489317911, QTAgent32.exe, &lt;a class=failure&gt;Playback - {214} [FAILED] Function ElementFetcher::FindScreenElement failed to locate UI element (Searching: ;[VisibleOnly]ControlType='Window' &amp;&amp; Name='Confirm Documents' &amp;&amp; ClassName='ThunderRT6FormDC') (The object specified was not found.)
\0&lt;/a&gt;
E, 5176, 61, 2013/05/23, 10:18:12.098, 2456489927595, QTAgent32.exe, Playback - [IMAGE] C:\Users\testuser\AppData\Local\Temp\UITestLogs\LastRun\RPFDDB4.png
\0
W, 5176, 61, 2013/05/23, 10:18:12.098, 2456489929219, QTAgent32.exe, Playback - [WARNING] Internal warning: Couldn't find descendants that match QueryId
\0
W, 5176, 61, 2013/05/23, 10:18:14.884, 2456529821574, QTAgent32.exe, PERF WARNING: FindTopLevelWindowHelper::FindAllDescendents: took 2785 ms. Expected it to take maximum 500 ms.
W, 5176, 61, 2013/05/23, 10:18:15.052, 2456532230148, QTAgent32.exe, &lt;a class=success&gt;Playback - {215} [SUCCESS] MouseButtonClick - "[MSAA, VisibleOnly]ControlType='Button' &amp;&amp; Name='Ok'"
\0&lt;/a&gt;
W, 5176, 61, 2013/05/23, 10:18:21.727, 2456627793253, QTAgent32.exe, Playback - [WARNING] Internal warning: Window Not Found: [VisibleOnly]ControlType='Window' &amp;&amp; Name='Personal Lines' &amp;&amp; ClassName='#32770'
\0
E, 5176, 61, 2013/05/23, 10:18:21.727, 2456627795380, QTAgent32.exe, &lt;a class=failure&gt;Playback - {216} [FAILED] Function ElementFetcher::FindScreenElement failed to locate UI element (Searching: ;[VisibleOnly]ControlType='Window' &amp;&amp; Name='Personal Lines' &amp;&amp; ClassName='#32770') (The object specified was not found.)
\0&lt;/a&gt;
E, 5176, 61, 2013/05/23, 10:18:21.783, 2456628606277, QTAgent32.exe, Playback - [IMAGE] C:\Users\testuser\AppData\Local\Temp\UITestLogs\LastRun\RPF37D.png
\0
W, 5176, 61, 2013/05/23, 10:18:21.783, 2456628607713, QTAgent32.exe, Playback - [WARNING] Internal warning: Couldn't find descendants that match QueryId
\0
W, 5176, 61, 2013/05/23, 10:18:21.784, 2456628610416, QTAgent32.exe, PERF WARNING: FindTopLevelWindowHelper::FindAllDescendents: took 6631 ms. Expected it to take maximum 500 ms.
W, 5176, 61, 2013/05/23, 10:18:25.853, 2456686882860, QTAgent32.exe, PERF WARNING: FindTopLevelWindowHelper::FindAllDescendents: took 4069 ms. Expected it to take maximum 500 ms.
W, 5176, 61, 2013/05/23, 10:18:25.977, 2456688659329, QTAgent32.exe, &lt;a class=success&gt;Playback - {217} [SUCCESS] MouseButtonClick - "[MSAA, VisibleOnly]ControlType='Button' &amp;&amp; Name='OK'"
\0&lt;/a&gt;
W, 5176, 61, 2013/05/23, 10:18:26.113, 2456690596307, QTAgent32.exe, Playback - [WARNING] Internal warning: Thread state based WFR - Requested element has invalid HWND
\0
W, 5176, 61, 2013/05/23, 10:18:26.113, 2456690597639, QTAgent32.exe, Playback - [WARNING] Internal warning: process performance counters based WFR - Requested element has invalid HWND
\0
E, 5176, 61, 2013/05/23, 10:18:26.113, 2456690600090, QTAgent32.exe, EnsureValid called via EnsureValid call for same element
E, 5176, 61, 2013/05/23, 10:18:26.113, 2456690601955, QTAgent32.exe, EnsureValid called via EnsureValid call for same element
E, 5176, 61, 2013/05/23, 10:18:26.113, 2456690603068, QTAgent32.exe, EnsureValid called via EnsureValid call for same element
E, 5176, 61, 2013/05/23, 10:18:26.113, 2456690606922, QTAgent32.exe, Window 3146880 not responding. Last Win32 error 1400
E, 5176, 61, 2013/05/23, 10:18:26.114, 2456690609190, QTAgent32.exe, GetClassName for handle 3146880 failed
W, 5176, 61, 2013/05/23, 10:18:27.497, 2456710424933, QTAgent32.exe, PERF WARNING: FindTopLevelWindowHelper::FindAllDescendents: took 1383 ms. Expected it to take maximum 500 ms.
W, 5176, 61, 2013/05/23, 10:18:27.704, 2456713373405, QTAgent32.exe, &lt;a class=success&gt;Playback - {218} [SUCCESS] Check - "[MSAA, VisibleOnly]ControlType='CheckBox' &amp;&amp; Name='Defer Printing?'"
\0&lt;/a&gt;
W, 5176, 61, 2013/05/23, 10:18:28.037, 2456718140273, QTAgent32.exe, &lt;a class=success&gt;Playback - {219} [SUCCESS] MouseButtonClick - "[MSAA, VisibleOnly]ControlType='Button' &amp;&amp; Name='Ok'"
\0&lt;/a&gt;
E, 5176, 61, 2013/05/23, 10:18:28.137, 2456719572377, QTAgent32.exe, GetClassName for handle 1770730 failed
W, 5176, 61, 2013/05/23, 10:18:28.522, 2456725086198, QTAgent32.exe, &lt;a class=success&gt;Playback - {220} [SUCCESS] MouseButtonClick - "[MSAA, VisibleOnly]ControlType='Button' &amp;&amp; Name='OK'"
\0&lt;/a&gt;
W, 5176, 61, 2013/05/23, 10:18:28.622, 2456726517022, QTAgent32.exe, Playback - [WARNING] Internal warning: Thread state based WFR - Requested element has invalid HWND
\0
W, 5176, 61, 2013/05/23, 10:18:28.622, 2456726518223, QTAgent32.exe, Playback - [WARNING] Internal warning: process performance counters based WFR - Requested element has invalid HWND
\0
E, 5176, 61, 2013/05/23, 10:18:28.622, 2456726520752, QTAgent32.exe, EnsureValid called via EnsureValid call for same element
E, 5176, 61, 2013/05/23, 10:18:28.622, 2456726523779, QTAgent32.exe, GetClassName for handle 2229182 failed
E, 5176, 61, 2013/05/23, 10:18:28.622, 2456726525840, QTAgent32.exe, EnsureValid called via EnsureValid call for same element
E, 5176, 61, 2013/05/23, 10:18:28.622, 2456726527030, QTAgent32.exe, EnsureValid called via EnsureValid call for same element
E, 5176, 61, 2013/05/23, 10:18:28.623, 2456726541014, QTAgent32.exe, Window 2229182 not responding. Last Win32 error 0
E, 5176, 61, 2013/05/23, 10:18:28.623, 2456726542770, QTAgent32.exe, GetClassName for handle 2229182 failed
W, 5176, 61, 2013/05/23, 10:18:30.997, 2456760525683, QTAgent32.exe, PERF WARNING: FindTopLevelWindowHelper::FindAllDescendents: took 2373 ms. Expected it to take maximum 500 ms.
W, 5176, 61, 2013/05/23, 10:18:31.138, 2456762544885, QTAgent32.exe, &lt;a class=success&gt;Playback - {221} [SUCCESS] Uncheck - "[MSAA, VisibleOnly]ControlType='CheckBox' &amp;&amp; Name='Add Activity'"
\0&lt;/a&gt;
W, 5176, 61, 2013/05/23, 10:18:31.481, 2456767456758, QTAgent32.exe, &lt;a class=success&gt;Playback - {222} [SUCCESS] MouseButtonClick - "[MSAA, VisibleOnly]ControlType='Button' &amp;&amp; Name='Ok'"
\0&lt;/a&gt;
W, 5176, 61, 2013/05/23, 10:18:31.713, 2456770774670, QTAgent32.exe, &lt;a class=success&gt;Playback - {223} [SUCCESS] MouseButtonClick - "[MSAA, VisibleOnly]ControlType='Button' &amp;&amp; Name='Ok'"
\0&lt;/a&gt;
W, 5176, 61, 2013/05/23, 10:18:34.434, 2456809740099, QTAgent32.exe, PERF WARNING: FindTopLevelWindowHelper::FindAllDescendents: took 2620 ms. Expected it to take maximum 500 ms.
W, 5176, 61, 2013/05/23, 10:18:34.741, 2456814144611, QTAgent32.exe, &lt;a class=success&gt;Playback - {224} [SUCCESS] DoSelect - "[MSAA, VisibleOnly]ControlType='List'"
\0&lt;/a&gt;
W, 5176, 61, 2013/05/23, 10:18:35.657, 2456827249163, QTAgent32.exe, &lt;a class=success&gt;Playback - {225} [SUCCESS] MouseButtonClick - "[MSAA, VisibleOnly]ControlType='Button' &amp;&amp; Name='Ok'"
\0&lt;/a&gt;
E, 5176, 61, 2013/05/23, 10:18:35.757, 2456828684032, QTAgent32.exe, GetClassName for handle 1902056 failed
W, 5176, 61, 2013/05/23, 10:18:37.919, 2456859642645, QTAgent32.exe, &lt;a class=success&gt;Playback - {226} [SUCCESS] MouseButtonClick - "[MSAA, VisibleOnly]ControlType='Button' &amp;&amp; Name='OK'"
\0&lt;/a&gt;
W, 5176, 61, 2013/05/23, 10:18:39.054, 2456875887692, QTAgent32.exe, PERF WARNING: FindAllDescendents: took 1026 ms. Expected it to take maximum 500 ms.
W, 5176, 61, 2013/05/23, 10:18:39.799, 2456886557697, QTAgent32.exe, &lt;a class=success&gt;Playback - {227} [SUCCESS] MouseButtonClick - "[MSAA, VisibleOnly]ControlType='Button' &amp;&amp; Name='Exit'"
\0&lt;/a&gt;
E, 5176, 61, 2013/05/23, 10:18:39.899, 2456887990487, QTAgent32.exe, GetClassName for handle 2819208 failed
W, 5176, 61, 2013/05/23, 10:18:40.140, 2456891436085, QTAgent32.exe, &lt;a class=success&gt;Playback - {228} [SUCCESS] MouseButtonClick - "[MSAA, VisibleOnly]ControlType='Button' &amp;&amp; Name='Yes'"
\0&lt;/a&gt;
W, 5176, 61, 2013/05/23, 10:18:40.453, 2456895921512, QTAgent32.exe, &lt;a class=success&gt;Playback - {229} [SUCCESS] MouseButtonClick - "[MSAA, VisibleOnly]ControlType='Button' &amp;&amp; Name='Cancel'"
\0&lt;/a&gt;
W, 5176, 61, 2013/05/23, 10:18:40.803, 2456900929423, QTAgent32.exe, &lt;a class=success&gt;Playback - {230} [SUCCESS] MouseButtonClick - "[MSAA, VisibleOnly]ControlType='Button'"
\0&lt;/a&gt;
W, 5176, 61, 2013/05/23, 10:18:41.193, 2456906517371, QTAgent32.exe, &lt;a class=success&gt;Playback - {231} [SUCCESS] MouseButtonClick - "[MSAA, VisibleOnly]ControlType='Button' &amp;&amp; Name='Detail'"
\0&lt;/a&gt;
W, 5176, 61, 2013/05/23, 10:18:41.497, 2456910876818, QTAgent32.exe, &lt;a class=success&gt;Playback - {232} [SUCCESS] MouseButtonClick - "[MSAA, VisibleOnly]ControlType='Button' &amp;&amp; Name='Cancel'"
\0&lt;/a&gt;
W, 5176, 61, 2013/05/23, 10:18:44.079, 2456947838531, QTAgent32.exe, IEDOM : StopSession of the plugin called before StartSession
W, 5176, 61, 2013/05/23, 10:18:44.080, 2456947845408, QTAgent32.exe, UIA : StopSession of the plugin called before StartSession
</DebugTrace>
      </Output>
    </UnitTestResult>
    <UnitTestResult executionId="f9e7ba65-b67a-4654-b4fe-1f0323653f22" testId="a5f54e40-1bf8-ce13-c337-6a02b2b7e5d4" testName="MotoRebrokeRenewExistingScheme" computerName="ICDVDEVTM01" duration="00:03:27.8526879" startTime="2013-05-23T10:18:44.1085932+01:00" endTime="2013-05-23T10:22:11.9744888+01:00" testType="13cdc9d9-ddb5-4fa4-a97d-d965ccfc6d4b" outcome="Failed" testListId="8c84fa94-04c1-424b-9868-57a2d4851a1d" relativeResultsDirectory="f9e7ba65-b67a-4654-b4fe-1f0323653f22">
      <Output>
        <DebugTrace>W, 5176, 26, 2013/05/23, 10:18:48.383, 2457009469268, QTAgent32.exe, &lt;a class=success&gt;Playback - {1} [SUCCESS] MouseButtonClick - "[MSAA, VisibleOnly]ControlType='Edit'"
\0&lt;/a&gt;
W, 5176, 26, 2013/05/23, 10:18:48.572, 2457012165958, QTAgent32.exe, &lt;a class=success&gt;Playback - {2} [SUCCESS] SendKeys "[*]" - "[MSAA, VisibleOnly]ControlType='Edit'"
\0&lt;/a&gt;
W, 5176, 26, 2013/05/23, 10:18:49.247, 2457021837593, QTAgent32.exe, &lt;a class=success&gt;Playback - {3} [SUCCESS] MouseButtonClick - "[MSAA, VisibleOnly]ControlType='Button' &amp;&amp; Name='OK'"
\0&lt;/a&gt;
W, 5176, 26, 2013/05/23, 10:18:49.424, 2457024365190, QTAgent32.exe, &lt;a class=success&gt;Playback - {4} [SUCCESS] SendKeys "^{HOME}" - "[MSAA, VisibleOnly]ControlType='Edit'"
\0&lt;/a&gt;
E, 5176, 26, 2013/05/23, 10:18:49.424, 2457024367052, QTAgent32.exe, Msaa.GetFocusedElement: could not find accessible object of foreground window
W, 5176, 26, 2013/05/23, 10:18:49.478, 2457025146509, QTAgent32.exe, &lt;a class=success&gt;Playback - {5} [SUCCESS] SendKeys "^+{END}" - "[MSAA, VisibleOnly]ControlType='Edit'"
\0&lt;/a&gt;
E, 5176, 26, 2013/05/23, 10:18:49.478, 2457025148771, QTAgent32.exe, Msaa.GetFocusedElement: could not find accessible object of foreground window
W, 5176, 26, 2013/05/23, 10:18:49.492, 2457025348216, QTAgent32.exe, &lt;a class=success&gt;Playback - {6} [SUCCESS] SendKeys "{DELETE}" - "[MSAA, VisibleOnly]ControlType='Edit'"
\0&lt;/a&gt;
W, 5176, 26, 2013/05/23, 10:18:49.721, 2457028622532, QTAgent32.exe, &lt;a class=success&gt;Playback - {7} [SUCCESS] SetValueAsEditBox "23/05/2013" - "[MSAA, VisibleOnly]ControlType='Edit'"  &lt; Set via SendKeys &gt;
\0&lt;/a&gt;
W, 5176, 26, 2013/05/23, 10:18:50.009, 2457032753735, QTAgent32.exe, Playback - [WARNING] Internal warning: Incorrect flag set for InvokeProgrammaticAction\0
W, 5176, 26, 2013/05/23, 10:18:50.127, 2457034442587, QTAgent32.exe, &lt;a class=success&gt;Playback - {8} [SUCCESS] SetValueAsComboBox "May" - "[MSAA, VisibleOnly]ControlType='ComboBox'"  &lt; SetValueAsComboBox, set by clicking on the item in the list box &gt;
\0&lt;/a&gt;
W, 5176, 26, 2013/05/23, 10:18:50.294, 2457036831239, QTAgent32.exe, &lt;a class=success&gt;Playback - {9} [SUCCESS] SendKeys "^{HOME}" - "[MSAA, VisibleOnly]ControlType='Edit'"
\0&lt;/a&gt;
E, 5176, 26, 2013/05/23, 10:18:50.294, 2457036833333, QTAgent32.exe, Msaa.GetFocusedElement: could not find accessible object of foreground window
W, 5176, 26, 2013/05/23, 10:18:50.347, 2457037583197, QTAgent32.exe, &lt;a class=success&gt;Playback - {10} [SUCCESS] SendKeys "^+{END}" - "[MSAA, VisibleOnly]ControlType='Edit'"
\0&lt;/a&gt;
E, 5176, 26, 2013/05/23, 10:18:50.347, 2457037585492, QTAgent32.exe, Msaa.GetFocusedElement: could not find accessible object of foreground window
W, 5176, 26, 2013/05/23, 10:18:50.360, 2457037770069, QTAgent32.exe, &lt;a class=success&gt;Playback - {11} [SUCCESS] SendKeys "{DELETE}" - "[MSAA, VisibleOnly]ControlType='Edit'"
\0&lt;/a&gt;
W, 5176, 26, 2013/05/23, 10:18:50.454, 2457039126062, QTAgent32.exe, &lt;a class=success&gt;Playback - {12} [SUCCESS] SetValueAsEditBox "2013" - "[MSAA, VisibleOnly]ControlType='Edit'"  &lt; Set via SendKeys &gt;
\0&lt;/a&gt;
W, 5176, 26, 2013/05/23, 10:18:50.671, 2457042221439, QTAgent32.exe, &lt;a class=success&gt;Playback - {13} [SUCCESS] MouseButtonClick - "[MSAA, VisibleOnly]ControlType='Button' &amp;&amp; Name='OK'"
\0&lt;/a&gt;
W, 5176, 26, 2013/05/23, 10:18:51.433, 2457053136651, QTAgent32.exe, Playback - [WARNING] Internal warning: Window Not Found: [VisibleOnly]ControlType='Window' &amp;&amp; Name='Warning' &amp;&amp; ClassName='#32770'
\0
E, 5176, 26, 2013/05/23, 10:18:51.433, 2457053138744, QTAgent32.exe, &lt;a class=failure&gt;Playback - {14} [FAILED] Function ElementFetcher::FindScreenElement failed to locate UI element (Searching: ;[VisibleOnly]ControlType='Window' &amp;&amp; Name='Warning' &amp;&amp; ClassName='#32770') (The object specified was not found.)
\0&lt;/a&gt;
E, 5176, 26, 2013/05/23, 10:18:51.473, 2457053712761, QTAgent32.exe, Playback - [IMAGE] C:\Users\testuser\AppData\Local\Temp\UITestLogs\LastRun\RPF7785.png
\0
W, 5176, 26, 2013/05/23, 10:18:51.474, 2457053714328, QTAgent32.exe, Playback - [WARNING] Internal warning: Couldn't find descendants that match QueryId
\0
W, 5176, 26, 2013/05/23, 10:18:51.474, 2457053716743, QTAgent32.exe, PERF WARNING: FindTopLevelWindowHelper::FindAllDescendents: took 690 ms. Expected it to take maximum 500 ms.
W, 5176, 26, 2013/05/23, 10:19:09.511, 2457311986510, QTAgent32.exe, Playback - [WARNING] Internal warning: Window Not Found: [VisibleOnly]ControlType='Window' &amp;&amp; Name='Warning' &amp;&amp; ClassName='#32770'
\0
E, 5176, 26, 2013/05/23, 10:19:09.512, 2457311988953, QTAgent32.exe, &lt;a class=failure&gt;Playback - {15} [FAILED] Function ElementFetcher::FindScreenElement failed to locate UI element (Searching: ;[VisibleOnly]ControlType='Window' &amp;&amp; Name='Warning' &amp;&amp; ClassName='#32770') (The object specified was not found.)
\0&lt;/a&gt;
E, 5176, 26, 2013/05/23, 10:19:09.555, 2457312612904, QTAgent32.exe, Playback - [IMAGE] C:\Users\testuser\AppData\Local\Temp\UITestLogs\LastRun\RPFBE26.png
\0
W, 5176, 26, 2013/05/23, 10:19:09.555, 2457312614479, QTAgent32.exe, Playback - [WARNING] Internal warning: Couldn't find descendants that match QueryId
\0
W, 5176, 26, 2013/05/23, 10:19:09.555, 2457312616948, QTAgent32.exe, PERF WARNING: FindTopLevelWindowHelper::FindAllDescendents: took 18081 ms. Expected it to take maximum 500 ms.
W, 5176, 26, 2013/05/23, 10:19:10.005, 2457319056778, QTAgent32.exe, Playback - [WARNING] Internal warning: Smart Match failed
\0
W, 5176, 26, 2013/05/23, 10:19:10.186, 2457321645243, QTAgent32.exe, Playback - [WARNING] Internal warning: Smart Match failed
\0
W, 5176, 26, 2013/05/23, 10:19:10.365, 2457324204991, QTAgent32.exe, Playback - [WARNING] Internal warning: Smart Match failed
\0
W, 5176, 26, 2013/05/23, 10:19:10.547, 2457326813475, QTAgent32.exe, Playback - [WARNING] Internal warning: Smart Match failed
\0
W, 5176, 26, 2013/05/23, 10:19:10.723, 2457329343034, QTAgent32.exe, Playback - [WARNING] Internal warning: Smart Match failed
\0
W, 5176, 26, 2013/05/23, 10:19:10.921, 2457332172960, QTAgent32.exe, Playback - [WARNING] Internal warning: Smart Match failed
\0
W, 5176, 26, 2013/05/23, 10:19:11.095, 2457334650309, QTAgent32.exe, Playback - [WARNING] Internal warning: Smart Match failed
\0
W, 5176, 26, 2013/05/23, 10:19:11.267, 2457337124463, QTAgent32.exe, Playback - [WARNING] Internal warning: Smart Match failed
\0
W, 5176, 26, 2013/05/23, 10:19:11.439, 2457339581950, QTAgent32.exe, Playback - [WARNING] Internal warning: Smart Match failed
\0
W, 5176, 26, 2013/05/23, 10:19:11.611, 2457342038889, QTAgent32.exe, Playback - [WARNING] Internal warning: Smart Match failed
\0
W, 5176, 26, 2013/05/23, 10:19:11.785, 2457344542241, QTAgent32.exe, Playback - [WARNING] Internal warning: Smart Match failed
\0
W, 5176, 26, 2013/05/23, 10:19:11.958, 2457347015498, QTAgent32.exe, Playback - [WARNING] Internal warning: Smart Match failed
\0
W, 5176, 26, 2013/05/23, 10:19:12.129, 2457349456575, QTAgent32.exe, Playback - [WARNING] Internal warning: Smart Match failed
\0
W, 5176, 26, 2013/05/23, 10:19:12.307, 2457352016459, QTAgent32.exe, Playback - [WARNING] Internal warning: Smart Match failed
\0
W, 5176, 26, 2013/05/23, 10:19:12.488, 2457354610151, QTAgent32.exe, Playback - [WARNING] Internal warning: Smart Match failed
\0
W, 5176, 26, 2013/05/23, 10:19:12.663, 2457357114175, QTAgent32.exe, Playback - [WARNING] Internal warning: Smart Match failed
\0
W, 5176, 26, 2013/05/23, 10:19:12.732, 2457358093361, QTAgent32.exe, Playback - [WARNING] Internal warning: Window Not Found: [VisibleOnly]ControlType='Window' &amp;&amp; Name='Warning' &amp;&amp; ClassName='#32770'
\0
E, 5176, 26, 2013/05/23, 10:19:12.732, 2457358095040, QTAgent32.exe, &lt;a class=failure&gt;Playback - {16} [FAILED] Function ElementFetcher::FindScreenElement failed to locate UI element (Searching: ;[VisibleOnly]ControlType='Window' &amp;&amp; Name='Warning' &amp;&amp; ClassName='#32770') (The object specified was not found.)
\0&lt;/a&gt;
E, 5176, 26, 2013/05/23, 10:19:12.773, 2457358684029, QTAgent32.exe, Playback - [IMAGE] C:\Users\testuser\AppData\Local\Temp\UITestLogs\LastRun\RPFCAB5.png
\0
W, 5176, 26, 2013/05/23, 10:19:12.773, 2457358685661, QTAgent32.exe, Playback - [WARNING] Internal warning: Couldn't find descendants that match QueryId
\0
W, 5176, 26, 2013/05/23, 10:19:12.773, 2457358688061, QTAgent32.exe, PERF WARNING: FindTopLevelWindowHelper::FindAllDescendents: took 3217 ms. Expected it to take maximum 500 ms.
E, 5176, 26, 2013/05/23, 10:19:12.773, 2457358689653, QTAgent32.exe, Exception: System.Runtime.InteropServices.COMException
	Message: Error HRESULT E_FAIL has been returned from a call to a COM component.
	Stack Trace:    at Microsoft.VisualStudio.TestTools.UITest.Playback.Engine.IRPFPlayback.FindAllScreenElements(IScreenElement pScreenElementStart, String bstrQueryId, Object&amp; pvarResKeys, Int32 cResKeys, Int32 nMaxDepth, Object[]&amp; foundDescendants)
   at Microsoft.VisualStudio.TestTools.UITest.Playback.ScreenElement.FindTopLevelWindowHelper(String queryId)
	BaseExceptionMessage: Error HRESULT E_FAIL has been returned from a call to a COM component.

E, 5176, 26, 2013/05/23, 10:19:12.889, 2457360353068, QTAgent32.exe, AL: Playback Error: Microsoft.VisualStudio.TestTools.UITest.Extension.UITestControlNotFoundException: The playback failed to find the control with the given search properties. Additional Details: 
TechnologyName:  'MSAA'
ControlType:  'Window'
Name:  'Warning'
ClassName:  '#32770'
 ---&gt; System.Runtime.InteropServices.COMException: Error HRESULT E_FAIL has been returned from a call to a COM component.
   at Microsoft.VisualStudio.TestTools.UITest.Playback.Engine.IRPFPlayback.FindAllScreenElements(IScreenElement pScreenElementStart, String bstrQueryId, Object&amp; pvarResKeys, Int32 cResKeys, Int32 nMaxDepth, Object[]&amp; foundDescendants)
   at Microsoft.VisualStudio.TestTools.UITest.Playback.ScreenElement.FindTopLevelWindowHelper(String queryId)
   at Microsoft.VisualStudio.TestTools.UITest.Playback.ScreenElement.FindFromPartialQueryId(String queryId)
   at Microsoft.VisualStudio.TestTools.UITesting.UITestControl..ctor(String queryId)
   --- End of inner exception stack trace ---
   at Microsoft.VisualStudio.TestTools.UITesting.Playback.MapControlNotFoundException(COMException ex, IPlaybackContext context)
   at Microsoft.VisualStudio.TestTools.UITesting.Playback.MapAndThrowComException(COMException innerException, IPlaybackContext context)
   at Microsoft.VisualStudio.TestTools.UITesting.Playback.MapAndThrowException(SystemException exception, IPlaybackContext context)
   at Microsoft.VisualStudio.TestTools.UITesting.Playback.MapAndThrowException(SystemException exception, String queryId)
   at Microsoft.VisualStudio.TestTools.UITesting.UITestControl..ctor(String queryId)
   at Microsoft.VisualStudio.TestTools.UITesting.SearchHelper.SearchTopLevelWindow(ISearchArgument topLevelSearchArg, String topLevelElementQueryId)
   at Microsoft.VisualStudio.TestTools.UITesting.SearchHelper.GetTitleUpdatedTopLevelWindow(ISearchArgument topLevelSearchArg, String queryId, IList`1 windowTitles)
   at Microsoft.VisualStudio.TestTools.UITesting.SearchHelper.GetTopLevelElement(Boolean useCache, Boolean useCacheOnly, ISearchArgument searchArg, IList`1 windowTitles, Int32&amp; timeLeft)
   at Microsoft.VisualStudio.TestTools.UITesting.SearchHelper.GetElement(Boolean useCache, ISearchArgument searchArg)
   at Microsoft.VisualStudio.TestTools.UITesting.SearchHelper.Search(ISearchArgument searchArg)
   at Microsoft.VisualStudio.TestTools.UITesting.UITestControl.FindInternal()
   at Microsoft.VisualStudio.TestTools.UITesting.UITestControl.FindControlIfNecessary()
   at Microsoft.VisualStudio.TestTools.UITesting.UITestControl.Click(MouseButtons button, ModifierKeys modifierKeys, Point relativeCoordinates)
   at Microsoft.VisualStudio.TestTools.UITesting.Mouse.ClickImplementation(UITestControl control, MouseButtons button, ModifierKeys modifierKeys, Point relativeCoordinate)
   at Microsoft.VisualStudio.TestTools.UITesting.Mouse.ClickImplementationWrapper(UITestControl control, MouseButtons button, ModifierKeys modifierKeys, Point relativeCoordinate)
W, 5176, 26, 2013/05/23, 10:19:12.890, 2457360354887, QTAgent32.exe, PlaybackErrorHandler: Ignoring exception as ContinueOnError is set.
W, 5176, 26, 2013/05/23, 10:19:12.921, 2457360805940, QTAgent32.exe, &lt;a class=success&gt;Playback - {17} [SUCCESS] TypeString "#(R)"
\0&lt;/a&gt;
E, 5176, 26, 2013/05/23, 10:19:13.423, 2457367992347, QTAgent32.exe, Exception: System.ArgumentException
	Message: Value does not fall within the expected range.
	Stack Trace:    at Accessibility.IAccessible.get_accRole(Object varChild)
   at Microsoft.VisualStudio.TestTools.UITest.Extension.Msaa.AccWrapper.get_RoleInt()
	BaseExceptionMessage: Value does not fall within the expected range.

E, 5176, 26, 2013/05/23, 10:19:13.426, 2457368038165, QTAgent32.exe, Exception: System.ArgumentException
	Message: Value does not fall within the expected range.
	Stack Trace:    at Accessibility.IAccessible.get_accRole(Object varChild)
   at Microsoft.VisualStudio.TestTools.UITest.Extension.Msaa.AccWrapper.get_RoleInt()
	BaseExceptionMessage: Value does not fall within the expected range.

W, 5176, 26, 2013/05/23, 10:19:13.740, 2457372537144, QTAgent32.exe, &lt;a class=success&gt;Playback - {18} [SUCCESS] LeftButtonClick  &lt; Mouse cursor location (87, 908) &gt;
\0&lt;/a&gt;
W, 5176, 26, 2013/05/23, 10:19:14.574, 2457384474318, QTAgent32.exe, &lt;a class=success&gt;Playback - {19} [SUCCESS] SetValueAsEditBox "c:\TestProject7\ourhighway.reg"  &lt; Set via SendKeys &gt;
\0&lt;/a&gt;
W, 5176, 26, 2013/05/23, 10:19:14.574, 2457384476252, QTAgent32.exe, &lt;a class=success&gt;Playback - {20} [SUCCESS] SetValueAsComboBox "c:\TestProject7\ourhighway.reg" - "[MSAA, VisibleOnly]ControlType='ComboBox' &amp;&amp; Name='Open:'"  &lt; Set via SetValueAsEditBox &gt;
\0&lt;/a&gt;
W, 5176, 26, 2013/05/23, 10:19:14.806, 2457387801302, QTAgent32.exe, &lt;a class=success&gt;Playback - {21} [SUCCESS] MouseButtonClick - "[MSAA, VisibleOnly]ControlType='Button' &amp;&amp; Name='OK'"
\0&lt;/a&gt;
W, 5176, 26, 2013/05/23, 10:19:15.507, 2457397828511, QTAgent32.exe, &lt;a class=success&gt;Playback - {22} [SUCCESS] MouseButtonClick - "[MSAA, VisibleOnly]ControlType='Button' &amp;&amp; Name='Yes'"
\0&lt;/a&gt;
W, 5176, 26, 2013/05/23, 10:19:15.791, 2457401898883, QTAgent32.exe, &lt;a class=success&gt;Playback - {23} [SUCCESS] MouseButtonClick - "[MSAA, VisibleOnly]ControlType='Button' &amp;&amp; Name='OK'"
\0&lt;/a&gt;
W, 5176, 26, 2013/05/23, 10:19:16.015, 2457405106727, QTAgent32.exe, &lt;a class=success&gt;Playback - {24} [SUCCESS] MouseButtonClick - "[MSAA, VisibleOnly]ControlType='Button' &amp;&amp; Name='Clients &amp; Files'"
\0&lt;/a&gt;
W, 5176, 26, 2013/05/23, 10:19:16.782, 2457416089429, QTAgent32.exe, PERF WARNING: FindTopLevelWindowHelper::FindAllDescendents: took 665 ms. Expected it to take maximum 500 ms.
W, 5176, 26, 2013/05/23, 10:19:17.024, 2457419546701, QTAgent32.exe, Playback - [WARNING] Internal warning: Incorrect flag set for InvokeProgrammaticAction\0
W, 5176, 26, 2013/05/23, 10:19:17.142, 2457421235554, QTAgent32.exe, &lt;a class=success&gt;Playback - {25} [SUCCESS] SetValueAsComboBox "Customers" - "[MSAA, VisibleOnly]ControlType='ComboBox'"  &lt; SetValueAsComboBox, set by clicking on the item in the list box &gt;
\0&lt;/a&gt;
W, 5176, 26, 2013/05/23, 10:19:17.599, 2457427789138, QTAgent32.exe, &lt;a class=success&gt;Playback - {26} [SUCCESS] MouseButtonClick - "[MSAA, VisibleOnly]ControlType='Button' &amp;&amp; Name='Add'"
\0&lt;/a&gt;
W, 5176, 26, 2013/05/23, 10:19:17.964, 2457433016705, QTAgent32.exe, &lt;a class=success&gt;Playback - {27} [SUCCESS] SendKeys "autotest" - "[MSAA, VisibleOnly]ControlType='RadioButton' &amp;&amp; Name='Personal Lines'"
\0&lt;/a&gt;
W, 5176, 26, 2013/05/23, 10:19:18.302, 2457437859235, QTAgent32.exe, &lt;a class=success&gt;Playback - {28} [SUCCESS] SetValueAsEditBox "autotest" - "[MSAA, VisibleOnly]ControlType='Edit'"  &lt; Set via SendKeys &gt;
\0&lt;/a&gt;
W, 5176, 26, 2013/05/23, 10:19:18.541, 2457441272513, QTAgent32.exe, &lt;a class=success&gt;Playback - {29} [SUCCESS] MouseButtonClick - "[MSAA, VisibleOnly]ControlType='Button' &amp;&amp; Name='OK'"
\0&lt;/a&gt;
W, 5176, 26, 2013/05/23, 10:19:18.836, 2457445495779, QTAgent32.exe, &lt;a class=success&gt;Playback - {30} [SUCCESS] MouseButtonClick - "[MSAA, VisibleOnly]ControlType='Button' &amp;&amp; Name='Yes'"
\0&lt;/a&gt;
W, 5176, 26, 2013/05/23, 10:19:19.087, 2457449088126, QTAgent32.exe, &lt;a class=success&gt;Playback - {31} [SUCCESS] SendKeys "^{HOME}" - "[MSAA, VisibleOnly]ControlType='Edit'"
\0&lt;/a&gt;
E, 5176, 26, 2013/05/23, 10:19:19.087, 2457449090708, QTAgent32.exe, Msaa.GetFocusedElement: could not find accessible object of foreground window
W, 5176, 26, 2013/05/23, 10:19:19.145, 2457449920716, QTAgent32.exe, &lt;a class=success&gt;Playback - {32} [SUCCESS] SendKeys "^+{END}" - "[MSAA, VisibleOnly]ControlType='Edit'"
\0&lt;/a&gt;
E, 5176, 26, 2013/05/23, 10:19:19.145, 2457449923066, QTAgent32.exe, Msaa.GetFocusedElement: could not find accessible object of foreground window
W, 5176, 26, 2013/05/23, 10:19:19.159, 2457450123288, QTAgent32.exe, &lt;a class=success&gt;Playback - {33} [SUCCESS] SendKeys "{DELETE}" - "[MSAA, VisibleOnly]ControlType='Edit'"
\0&lt;/a&gt;
W, 5176, 26, 2013/05/23, 10:19:19.209, 2457450832887, QTAgent32.exe, &lt;a class=success&gt;Playback - {34} [SUCCESS] SetValueAsEditBox "1" - "[MSAA, VisibleOnly]ControlType='Edit'"  &lt; Set via SendKeys &gt;
\0&lt;/a&gt;
W, 5176, 26, 2013/05/23, 10:19:19.394, 2457453487039, QTAgent32.exe, &lt;a class=success&gt;Playback - {35} [SUCCESS] SendKeys "^{HOME}" - "[MSAA, VisibleOnly]ControlType='Edit'"
\0&lt;/a&gt;
E, 5176, 26, 2013/05/23, 10:19:19.394, 2457453489277, QTAgent32.exe, Msaa.GetFocusedElement: could not find accessible object of foreground window
W, 5176, 26, 2013/05/23, 10:19:19.449, 2457454267530, QTAgent32.exe, &lt;a class=success&gt;Playback - {36} [SUCCESS] SendKeys "^+{END}" - "[MSAA, VisibleOnly]ControlType='Edit'"
\0&lt;/a&gt;
E, 5176, 26, 2013/05/23, 10:19:19.449, 2457454269714, QTAgent32.exe, Msaa.GetFocusedElement: could not find accessible object of foreground window
W, 5176, 26, 2013/05/23, 10:19:19.462, 2457454453091, QTAgent32.exe, &lt;a class=success&gt;Playback - {37} [SUCCESS] SendKeys "{DELETE}" - "[MSAA, VisibleOnly]ControlType='Edit'"
\0&lt;/a&gt;
W, 5176, 26, 2013/05/23, 10:19:19.516, 2457455237753, QTAgent32.exe, &lt;a class=success&gt;Playback - {38} [SUCCESS] SetValueAsEditBox "1" - "[MSAA, VisibleOnly]ControlType='Edit'"  &lt; Set via SendKeys &gt;
\0&lt;/a&gt;
W, 5176, 26, 2013/05/23, 10:19:21.135, 2457478408941, QTAgent32.exe, Playback - [WARNING] Internal warning: Target element "[MSAA, VisibleOnly]ControlType='Button' &amp;&amp; Name='OK'" was not found, so all intermediate elements were ignored. An incorrect element that matches target element Id can be found as the result.  Verify that all intermediate elements in QueryId have valid and unique Ids
\0
W, 5176, 26, 2013/05/23, 10:19:21.658, 2457485900245, QTAgent32.exe, PERF WARNING: FindAllDescendents: took 2027 ms. Expected it to take maximum 500 ms.
W, 5176, 26, 2013/05/23, 10:19:21.958, 2457490205827, QTAgent32.exe, &lt;a class=success&gt;Playback - {39} [SUCCESS] MouseButtonClick - "[MSAA, VisibleOnly]ControlType='Button' &amp;&amp; Name='OK'"
\0&lt;/a&gt;
W, 5176, 26, 2013/05/23, 10:19:22.301, 2457495108609, QTAgent32.exe, &lt;a class=success&gt;Playback - {40} [SUCCESS] MouseButtonClick - "[MSAA, VisibleOnly]ControlType='Button'"
\0&lt;/a&gt;
W, 5176, 26, 2013/05/23, 10:19:22.630, 2457499828775, QTAgent32.exe, &lt;a class=success&gt;Playback - {41} [SUCCESS] MouseButtonClick - "[MSAA, VisibleOnly]ControlType='Button' &amp;&amp; Name='Add'"
\0&lt;/a&gt;
W, 5176, 26, 2013/05/23, 10:19:22.973, 2457504727550, QTAgent32.exe, &lt;a class=success&gt;Playback - {42} [SUCCESS] MouseButtonClick - "[MSAA, VisibleOnly]ControlType='Button' &amp;&amp; Name='OK'"
\0&lt;/a&gt;
W, 5176, 26, 2013/05/23, 10:19:25.207, 2457536715898, QTAgent32.exe, &lt;a class=success&gt;Playback - {43} [SUCCESS] MouseButtonClick - "[MSAA, VisibleOnly,Window]ControlType='Window' &amp;&amp; ClassName='ThunderRT6TextBox'"
\0&lt;/a&gt;
W, 5176, 26, 2013/05/23, 10:19:25.478, 2457540605195, QTAgent32.exe, &lt;a class=success&gt;Playback - {44} [SUCCESS] SetValueAsEditBox "MOTO" - "[MSAA, VisibleOnly]ControlType='Edit'"  &lt; Set via SendKeys &gt;
\0&lt;/a&gt;
W, 5176, 26, 2013/05/23, 10:19:25.806, 2457545297219, QTAgent32.exe, &lt;a class=success&gt;Playback - {45} [SUCCESS] MouseButtonClick - "[MSAA, VisibleOnly]ControlType='Button' &amp;&amp; Name='OK'"
\0&lt;/a&gt;
W, 5176, 26, 2013/05/23, 10:19:26.037, 2457548607181, QTAgent32.exe, &lt;a class=success&gt;Playback - {46} [SUCCESS] MouseButtonClick - "[MSAA, VisibleOnly]ControlType='Button' &amp;&amp; Name='Options'"
\0&lt;/a&gt;
W, 5176, 26, 2013/05/23, 10:19:26.137, 2457550041800, QTAgent32.exe, FindScreenElementInSinglePass : Attempting to find control in one pass of search. Failures can occur.
W, 5176, 26, 2013/05/23, 10:19:26.289, 2457552208725, QTAgent32.exe, &lt;a class=success&gt;Playback - {47} [SUCCESS] MouseButtonClick - "[MSAA]ControlType='MenuItem' &amp;&amp; Name='Links'"
\0&lt;/a&gt;
W, 5176, 26, 2013/05/23, 10:19:26.389, 2457553643633, QTAgent32.exe, FindScreenElementInSinglePass : Attempting to find control in one pass of search. Failures can occur.
W, 5176, 26, 2013/05/23, 10:19:26.545, 2457555882307, QTAgent32.exe, &lt;a class=success&gt;Playback - {48} [SUCCESS] MouseButtonClick - "[MSAA]ControlType='MenuItem' &amp;&amp; Name='3rd Party Integration'"
\0&lt;/a&gt;
W, 5176, 26, 2013/05/23, 10:19:26.645, 2457557317033, QTAgent32.exe, FindScreenElementInSinglePass : Attempting to find control in one pass of search. Failures can occur.
W, 5176, 26, 2013/05/23, 10:19:26.802, 2457559546043, QTAgent32.exe, &lt;a class=success&gt;Playback - {49} [SUCCESS] MouseButtonClick - "[MSAA]ControlType='MenuItem' &amp;&amp; Name='Quote Select List'"
\0&lt;/a&gt;
W, 5176, 26, 2013/05/23, 10:19:27.821, 2457574140355, QTAgent32.exe, PERF WARNING: FindTopLevelWindowHelper::FindAllDescendents: took 919 ms. Expected it to take maximum 500 ms.
W, 5176, 26, 2013/05/23, 10:19:28.453, 2457583188297, QTAgent32.exe, &lt;a class=success&gt;Playback - {50} [SUCCESS] MouseButtonClick - "[MSAA, VisibleOnly]ControlType='Button' &amp;&amp; Name='Ok'"
\0&lt;/a&gt;
W, 5176, 26, 2013/05/23, 10:19:29.771, 2457602063938, QTAgent32.exe, PERF WARNING: FindTopLevelWindowHelper::FindAllDescendents: took 1217 ms. Expected it to take maximum 500 ms.
W, 5176, 26, 2013/05/23, 10:19:29.897, 2457603868102, QTAgent32.exe, &lt;a class=success&gt;Playback - {51} [SUCCESS] MouseButtonClick - "[MSAA, VisibleOnly]ControlType='Button' &amp;&amp; Name='Ok'"
\0&lt;/a&gt;
W, 5176, 26, 2013/05/23, 10:19:30.165, 2457607709009, QTAgent32.exe, &lt;a class=success&gt;Playback - {52} [SUCCESS] SetValueAsEditBox "test" - "[MSAA, VisibleOnly]ControlType='Edit'"  &lt; Set via SendKeys &gt;
\0&lt;/a&gt;
W, 5176, 26, 2013/05/23, 10:19:30.425, 2457611433826, QTAgent32.exe, &lt;a class=success&gt;Playback - {53} [SUCCESS] SetValueAsEditBox "test" - "[MSAA, VisibleOnly]ControlType='Edit'"  &lt; Set via SendKeys &gt;
\0&lt;/a&gt;
W, 5176, 26, 2013/05/23, 10:19:30.734, 2457615857773, QTAgent32.exe, &lt;a class=success&gt;Playback - {54} [SUCCESS] SetValueAsEditBox "160486" - "[MSAA, VisibleOnly]ControlType='Edit'"  &lt; Set via SendKeys &gt;
\0&lt;/a&gt;
W, 5176, 26, 2013/05/23, 10:19:31.039, 2457620224840, QTAgent32.exe, &lt;a class=success&gt;Playback - {55} [SUCCESS] SetValueAsEditBox "BN16BN" - "[MSAA, VisibleOnly]ControlType='Edit'"  &lt; Set via SendKeys &gt;
\0&lt;/a&gt;
W, 5176, 26, 2013/05/23, 10:19:33.263, 2457652068897, QTAgent32.exe, &lt;a class=success&gt;Playback - {56} [SUCCESS] MouseButtonClick - "[MSAA, VisibleOnly]ControlType='Button' &amp;&amp; Name='Lookup...'"
\0&lt;/a&gt;
W, 5176, 26, 2013/05/23, 10:19:33.497, 2457655423758, QTAgent32.exe, &lt;a class=success&gt;Playback - {57} [SUCCESS] MouseButtonClick - "[MSAA, VisibleOnly]ControlType='Button' &amp;&amp; Name='Ok'"
\0&lt;/a&gt;
W, 5176, 26, 2013/05/23, 10:19:34.941, 2457676092598, QTAgent32.exe, &lt;a class=success&gt;Playback - {58} [SUCCESS] MouseButtonClick - "[MSAA, VisibleOnly]ControlType='Button' &amp;&amp; Name='OK'"
\0&lt;/a&gt;
W, 5176, 26, 2013/05/23, 10:19:35.604, 2457685583697, QTAgent32.exe, Playback - [WARNING] Internal warning: Incorrect flag set for InvokeProgrammaticAction\0
W, 5176, 26, 2013/05/23, 10:19:35.724, 2457687302958, QTAgent32.exe, &lt;a class=success&gt;Playback - {59} [SUCCESS] SetValueAsComboBox "Account Executive" - "[MSAA, VisibleOnly]ControlType='ComboBox'"  &lt; SetValueAsComboBox, set by clicking on the item in the list box &gt;
\0&lt;/a&gt;
W, 5176, 26, 2013/05/23, 10:19:36.096, 2457692625589, QTAgent32.exe, Playback - [WARNING] Internal warning: Incorrect flag set for InvokeProgrammaticAction\0
W, 5176, 26, 2013/05/23, 10:19:36.551, 2457699146181, QTAgent32.exe, &lt;a class=success&gt;Playback - {60} [SUCCESS] SetValueAsComboBox "Aerial Manufacturer" - "[MSAA, VisibleOnly]ControlType='ComboBox'"  &lt; SetValueAsComboBox, set by clicking on the item in the list box &gt;
\0&lt;/a&gt;
W, 5176, 26, 2013/05/23, 10:19:36.905, 2457704211942, QTAgent32.exe, &lt;a class=success&gt;Playback - {61} [SUCCESS] SetValueAsEditBox "151208" - "[MSAA, VisibleOnly]ControlType='Edit'"  &lt; Set via SendKeys &gt;
\0&lt;/a&gt;
W, 5176, 26, 2013/05/23, 10:19:38.656, 2457729283173, QTAgent32.exe, &lt;a class=success&gt;Playback - {62} [SUCCESS] MouseButtonClick - "[MSAA, VisibleOnly]ControlType='Button' &amp;&amp; Name='OK'"
\0&lt;/a&gt;
E, 5176, 26, 2013/05/23, 10:19:38.765, 2457730845908, QTAgent32.exe, Exception: System.ArgumentException
	Message: Value does not fall within the expected range.
	Stack Trace:    at Accessibility.IAccessible.get_accRole(Object varChild)
   at Microsoft.VisualStudio.TestTools.UITest.Extension.Msaa.AccWrapper.get_RoleInt()
	BaseExceptionMessage: Value does not fall within the expected range.

E, 5176, 26, 2013/05/23, 10:19:38.768, 2457730877327, QTAgent32.exe, Exception: System.ArgumentException
	Message: Value does not fall within the expected range.
	Stack Trace:    at Accessibility.IAccessible.get_accRole(Object varChild)
   at Microsoft.VisualStudio.TestTools.UITest.Extension.Msaa.AccWrapper.get_RoleInt()
	BaseExceptionMessage: Value does not fall within the expected range.

W, 5176, 26, 2013/05/23, 10:19:38.961, 2457733651551, QTAgent32.exe, &lt;a class=success&gt;Playback - {63} [SUCCESS] LeftButtonClick  &lt; Mouse cursor location (680, 395) &gt;
\0&lt;/a&gt;
W, 5176, 26, 2013/05/23, 10:19:39.196, 2457737018091, QTAgent32.exe, &lt;a class=success&gt;Playback - {64} [SUCCESS] SetValueAsEditBox "FORD"  &lt; Set via SendKeys &gt;
\0&lt;/a&gt;
W, 5176, 26, 2013/05/23, 10:19:39.196, 2457737019542, QTAgent32.exe, &lt;a class=success&gt;Playback - {65} [SUCCESS] SetValueAsComboBox "FORD" - "[MSAA, VisibleOnly]ControlType='ComboBox'"  &lt; Set via SetValueAsEditBox &gt;
\0&lt;/a&gt;
E, 5176, 26, 2013/05/23, 10:19:39.303, 2457738540054, QTAgent32.exe, Exception: System.ArgumentException
	Message: Value does not fall within the expected range.
	Stack Trace:    at Accessibility.IAccessible.get_accRole(Object varChild)
   at Microsoft.VisualStudio.TestTools.UITest.Extension.Msaa.AccWrapper.get_RoleInt()
	BaseExceptionMessage: Value does not fall within the expected range.

E, 5176, 26, 2013/05/23, 10:19:39.305, 2457738567311, QTAgent32.exe, Exception: System.ArgumentException
	Message: Value does not fall within the expected range.
	Stack Trace:    at Accessibility.IAccessible.get_accRole(Object varChild)
   at Microsoft.VisualStudio.TestTools.UITest.Extension.Msaa.AccWrapper.get_RoleInt()
	BaseExceptionMessage: Value does not fall within the expected range.

W, 5176, 26, 2013/05/23, 10:19:39.929, 2457747507065, QTAgent32.exe, &lt;a class=success&gt;Playback - {66} [SUCCESS] LeftButtonClick  &lt; Mouse cursor location (1040, 395) &gt;
\0&lt;/a&gt;
W, 5176, 26, 2013/05/23, 10:19:40.124, 2457750306778, QTAgent32.exe, &lt;a class=success&gt;Playback - {67} [SUCCESS] SetValueAsEditBox "KA"  &lt; Set via SendKeys &gt;
\0&lt;/a&gt;
W, 5176, 26, 2013/05/23, 10:19:40.124, 2457750308141, QTAgent32.exe, &lt;a class=success&gt;Playback - {68} [SUCCESS] SetValueAsComboBox "KA" - "[MSAA, VisibleOnly]ControlType='ComboBox'"  &lt; Set via SetValueAsEditBox &gt;
\0&lt;/a&gt;
W, 5176, 26, 2013/05/23, 10:19:40.661, 2457757988246, QTAgent32.exe, &lt;a class=success&gt;Playback - {69} [SUCCESS] MouseButtonClick - "[MSAA, VisibleOnly]ControlType='Button' &amp;&amp; Name='Filter'"
\0&lt;/a&gt;
W, 5176, 26, 2013/05/23, 10:19:40.985, 2457762628853, QTAgent32.exe, &lt;a class=success&gt;Playback - {70} [SUCCESS] MouseButtonClick - "[MSAA, VisibleOnly]ControlType='Button' &amp;&amp; Name='OK'"
\0&lt;/a&gt;
W, 5176, 26, 2013/05/23, 10:19:41.319, 2457767417356, QTAgent32.exe, &lt;a class=success&gt;Playback - {71} [SUCCESS] SendKeys "^{HOME}" - "[MSAA, VisibleOnly]ControlType='Edit'"
\0&lt;/a&gt;
E, 5176, 26, 2013/05/23, 10:19:41.319, 2457767419551, QTAgent32.exe, Msaa.GetFocusedElement: could not find accessible object of foreground window
W, 5176, 26, 2013/05/23, 10:19:41.382, 2457768319128, QTAgent32.exe, &lt;a class=success&gt;Playback - {72} [SUCCESS] SendKeys "^+{END}" - "[MSAA, VisibleOnly]ControlType='Edit'"
\0&lt;/a&gt;
E, 5176, 26, 2013/05/23, 10:19:41.382, 2457768321184, QTAgent32.exe, Msaa.GetFocusedElement: could not find accessible object of foreground window
W, 5176, 26, 2013/05/23, 10:19:41.395, 2457768505069, QTAgent32.exe, &lt;a class=success&gt;Playback - {73} [SUCCESS] SendKeys "{DELETE}" - "[MSAA, VisibleOnly]ControlType='Edit'"
\0&lt;/a&gt;
W, 5176, 26, 2013/05/23, 10:19:41.588, 2457771265225, QTAgent32.exe, &lt;a class=success&gt;Playback - {74} [SUCCESS] SetValueAsEditBox "123434" - "[MSAA, VisibleOnly]ControlType='Edit'"  &lt; Set via SendKeys &gt;
\0&lt;/a&gt;
W, 5176, 26, 2013/05/23, 10:19:41.818, 2457774555867, QTAgent32.exe, &lt;a class=success&gt;Playback - {75} [SUCCESS] SendKeys "^{HOME}" - "[MSAA, VisibleOnly]ControlType='Edit'"
\0&lt;/a&gt;
E, 5176, 26, 2013/05/23, 10:19:41.818, 2457774557997, QTAgent32.exe, Msaa.GetFocusedElement: could not find accessible object of foreground window
W, 5176, 26, 2013/05/23, 10:19:41.883, 2457775493332, QTAgent32.exe, &lt;a class=success&gt;Playback - {76} [SUCCESS] SendKeys "^+{END}" - "[MSAA, VisibleOnly]ControlType='Edit'"
\0&lt;/a&gt;
E, 5176, 26, 2013/05/23, 10:19:41.883, 2457775495118, QTAgent32.exe, Msaa.GetFocusedElement: could not find accessible object of foreground window
W, 5176, 26, 2013/05/23, 10:19:41.896, 2457775680165, QTAgent32.exe, &lt;a class=success&gt;Playback - {77} [SUCCESS] SendKeys "{DELETE}" - "[MSAA, VisibleOnly]ControlType='Edit'"
\0&lt;/a&gt;
W, 5176, 26, 2013/05/23, 10:19:42.052, 2457777909533, QTAgent32.exe, &lt;a class=success&gt;Playback - {78} [SUCCESS] SetValueAsEditBox "1000" - "[MSAA, VisibleOnly]ControlType='Edit'"  &lt; Set via SendKeys &gt;
\0&lt;/a&gt;
W, 5176, 26, 2013/05/23, 10:19:42.272, 2457781056548, QTAgent32.exe, &lt;a class=success&gt;Playback - {79} [SUCCESS] SendKeys "^{HOME}" - "[MSAA, VisibleOnly]ControlType='Edit'"
\0&lt;/a&gt;
E, 5176, 26, 2013/05/23, 10:19:42.272, 2457781058381, QTAgent32.exe, Msaa.GetFocusedElement: could not find accessible object of foreground window
W, 5176, 26, 2013/05/23, 10:19:42.333, 2457781936752, QTAgent32.exe, &lt;a class=success&gt;Playback - {80} [SUCCESS] SendKeys "^+{END}" - "[MSAA, VisibleOnly]ControlType='Edit'"
\0&lt;/a&gt;
E, 5176, 26, 2013/05/23, 10:19:42.333, 2457781938312, QTAgent32.exe, Msaa.GetFocusedElement: could not find accessible object of foreground window
W, 5176, 26, 2013/05/23, 10:19:42.346, 2457782116362, QTAgent32.exe, &lt;a class=success&gt;Playback - {81} [SUCCESS] SendKeys "{DELETE}" - "[MSAA, VisibleOnly]ControlType='Edit'"
\0&lt;/a&gt;
W, 5176, 26, 2013/05/23, 10:19:42.568, 2457785292221, QTAgent32.exe, &lt;a class=success&gt;Playback - {82} [SUCCESS] SetValueAsEditBox "30/05/13" - "[MSAA, VisibleOnly]ControlType='Edit'"  &lt; Set via SendKeys &gt;
\0&lt;/a&gt;
W, 5176, 26, 2013/05/23, 10:19:42.913, 2457790236446, QTAgent32.exe, &lt;a class=success&gt;Playback - {83} [SUCCESS] MouseButtonClick - "[MSAA, VisibleOnly]ControlType='Button' &amp;&amp; Name='Calculate Quote'"
\0&lt;/a&gt;
W, 5176, 26, 2013/05/23, 10:19:43.144, 2457793541463, QTAgent32.exe, &lt;a class=success&gt;Playback - {84} [SUCCESS] MouseButtonClick - "[MSAA, VisibleOnly]ControlType='Button' &amp;&amp; Name='Cancel'"
\0&lt;/a&gt;
W, 5176, 26, 2013/05/23, 10:19:43.393, 2457797100963, QTAgent32.exe, &lt;a class=success&gt;Playback - {85} [SUCCESS] MouseButtonClick - "[MSAA, VisibleOnly]ControlType='Button' &amp;&amp; Name='No'"
\0&lt;/a&gt;
W, 5176, 26, 2013/05/23, 10:19:43.675, 2457801148320, QTAgent32.exe, &lt;a class=success&gt;Playback - {86} [SUCCESS] MouseButtonClick - "[MSAA, VisibleOnly]ControlType='Button' &amp;&amp; Name='Ok'"
\0&lt;/a&gt;
W, 5176, 26, 2013/05/23, 10:19:47.538, 2457856449070, QTAgent32.exe, PERF WARNING: FindTopLevelWindowHelper::FindAllDescendents: took 3762 ms. Expected it to take maximum 500 ms.
W, 5176, 26, 2013/05/23, 10:19:47.663, 2457858241706, QTAgent32.exe, &lt;a class=success&gt;Playback - {87} [SUCCESS] MouseButtonClick - "[MSAA, VisibleOnly]ControlType='Client'"
\0&lt;/a&gt;
W, 5176, 26, 2013/05/23, 10:19:49.135, 2457879323207, QTAgent32.exe, &lt;a class=success&gt;Playback - {88} [SUCCESS] SendKeys "{Home}" - "[MSAA, VisibleOnly]ControlType='Client'"
\0&lt;/a&gt;
W, 5176, 26, 2013/05/23, 10:19:52.372, 2457925677935, QTAgent32.exe, &lt;a class=success&gt;Playback - {89} [SUCCESS] MouseButtonClick - "[MSAA, VisibleOnly]ControlType='Button' &amp;&amp; Name='Accept'"
\0&lt;/a&gt;
W, 5176, 26, 2013/05/23, 10:19:52.602, 2457928962702, QTAgent32.exe, &lt;a class=success&gt;Playback - {90} [SUCCESS] MouseButtonClick - "[MSAA, VisibleOnly]ControlType='Button' &amp;&amp; Name='Yes'"
\0&lt;/a&gt;
W, 5176, 26, 2013/05/23, 10:19:53.749, 2457945392734, QTAgent32.exe, PERF WARNING: FindTopLevelWindowHelper::FindAllDescendents: took 1047 ms. Expected it to take maximum 500 ms.
W, 5176, 26, 2013/05/23, 10:19:53.881, 2457947278386, QTAgent32.exe, &lt;a class=success&gt;Playback - {91} [SUCCESS] MouseButtonClick - "[MSAA, VisibleOnly]ControlType='Button' &amp;&amp; Name='Ok'"
\0&lt;/a&gt;
W, 5176, 26, 2013/05/23, 10:19:54.101, 2457950424729, QTAgent32.exe, &lt;a class=success&gt;Playback - {92} [SUCCESS] MouseButtonClick - "[MSAA, VisibleOnly]ControlType='Button' &amp;&amp; Name='Ok'"
\0&lt;/a&gt;
W, 5176, 26, 2013/05/23, 10:19:54.330, 2457953703611, QTAgent32.exe, &lt;a class=success&gt;Playback - {93} [SUCCESS] MouseButtonClick - "[MSAA, VisibleOnly]ControlType='Button' &amp;&amp; Name='Confirm'"
\0&lt;/a&gt;
W, 5176, 26, 2013/05/23, 10:20:22.208, 2458352867996, QTAgent32.exe, Playback - [WARNING] Internal warning: Window Not Found: [VisibleOnly]ControlType='Window' &amp;&amp; Name='Save the file as' &amp;&amp; ClassName='#32770'
\0
E, 5176, 26, 2013/05/23, 10:20:22.208, 2458352870203, QTAgent32.exe, &lt;a class=failure&gt;Playback - {94} [FAILED] Function ElementFetcher::FindScreenElement failed to locate UI element (Searching: ;[VisibleOnly]ControlType='Window' &amp;&amp; Name='Save the file as' &amp;&amp; ClassName='#32770') (The object specified was not found.)
\0&lt;/a&gt;
E, 5176, 26, 2013/05/23, 10:20:22.261, 2458353621023, QTAgent32.exe, Playback - [IMAGE] C:\Users\testuser\AppData\Local\Temp\UITestLogs\LastRun\RPFDA21.png
\0
W, 5176, 26, 2013/05/23, 10:20:22.261, 2458353622641, QTAgent32.exe, Playback - [WARNING] Internal warning: Couldn't find descendants that match QueryId
\0
W, 5176, 26, 2013/05/23, 10:20:22.261, 2458353625562, QTAgent32.exe, PERF WARNING: FindTopLevelWindowHelper::FindAllDescendents: took 27830 ms. Expected it to take maximum 500 ms.
W, 5176, 26, 2013/05/23, 10:20:41.341, 2458626824514, QTAgent32.exe, Playback - [WARNING] Internal warning: Window Not Found: [VisibleOnly]ControlType='Window' &amp;&amp; Name='Save the file as' &amp;&amp; ClassName='#32770'
\0
E, 5176, 26, 2013/05/23, 10:20:41.341, 2458626827079, QTAgent32.exe, &lt;a class=failure&gt;Playback - {95} [FAILED] Function ElementFetcher::FindScreenElement failed to locate UI element (Searching: ;[VisibleOnly]ControlType='Window' &amp;&amp; Name='Save the file as' &amp;&amp; ClassName='#32770') (The object specified was not found.)
\0&lt;/a&gt;
E, 5176, 26, 2013/05/23, 10:20:41.384, 2458627436306, QTAgent32.exe, Playback - [IMAGE] C:\Users\testuser\AppData\Local\Temp\UITestLogs\LastRun\RPF24D7.png
\0
W, 5176, 26, 2013/05/23, 10:20:41.384, 2458627437981, QTAgent32.exe, Playback - [WARNING] Internal warning: Couldn't find descendants that match QueryId
\0
W, 5176, 26, 2013/05/23, 10:20:41.384, 2458627440578, QTAgent32.exe, PERF WARNING: FindTopLevelWindowHelper::FindAllDescendents: took 19123 ms. Expected it to take maximum 500 ms.
W, 5176, 26, 2013/05/23, 10:20:44.292, 2458669079245, QTAgent32.exe, Playback - [WARNING] Internal warning: Smart Match failed
\0
W, 5176, 26, 2013/05/23, 10:20:45.514, 2458686560029, QTAgent32.exe, Playback - [WARNING] Internal warning: Window Not Found: [VisibleOnly]ControlType='Window' &amp;&amp; Name='Save the file as' &amp;&amp; ClassName='#32770'
\0
E, 5176, 26, 2013/05/23, 10:20:45.514, 2458686562271, QTAgent32.exe, &lt;a class=failure&gt;Playback - {96} [FAILED] Function ElementFetcher::FindScreenElement failed to locate UI element (Searching: ;[VisibleOnly]ControlType='Window' &amp;&amp; Name='Save the file as' &amp;&amp; ClassName='#32770') (The object specified was not found.)
\0&lt;/a&gt;
E, 5176, 26, 2013/05/23, 10:20:45.558, 2458687196190, QTAgent32.exe, Playback - [IMAGE] C:\Users\testuser\AppData\Local\Temp\UITestLogs\LastRun\RPF352D.png
\0
W, 5176, 26, 2013/05/23, 10:20:45.558, 2458687197693, QTAgent32.exe, Playback - [WARNING] Internal warning: Couldn't find descendants that match QueryId
\0
W, 5176, 26, 2013/05/23, 10:20:45.558, 2458687200131, QTAgent32.exe, PERF WARNING: FindTopLevelWindowHelper::FindAllDescendents: took 4173 ms. Expected it to take maximum 500 ms.
E, 5176, 26, 2013/05/23, 10:20:45.558, 2458687201820, QTAgent32.exe, Exception: System.Runtime.InteropServices.COMException
	Message: Error HRESULT E_FAIL has been returned from a call to a COM component.
	Stack Trace:    at Microsoft.VisualStudio.TestTools.UITest.Playback.Engine.IRPFPlayback.FindAllScreenElements(IScreenElement pScreenElementStart, String bstrQueryId, Object&amp; pvarResKeys, Int32 cResKeys, Int32 nMaxDepth, Object[]&amp; foundDescendants)
   at Microsoft.VisualStudio.TestTools.UITest.Playback.ScreenElement.FindTopLevelWindowHelper(String queryId)
	BaseExceptionMessage: Error HRESULT E_FAIL has been returned from a call to a COM component.

E, 5176, 26, 2013/05/23, 10:20:45.659, 2458688640465, QTAgent32.exe, AL: Playback Error: Microsoft.VisualStudio.TestTools.UITest.Extension.UITestControlNotFoundException: The playback failed to find the control with the given search properties. Additional Details: 
TechnologyName:  'MSAA'
ControlType:  'Window'
Name:  'Save the file as'
ClassName:  '#32770'
 ---&gt; System.Runtime.InteropServices.COMException: Error HRESULT E_FAIL has been returned from a call to a COM component.
   at Microsoft.VisualStudio.TestTools.UITest.Playback.Engine.IRPFPlayback.FindAllScreenElements(IScreenElement pScreenElementStart, String bstrQueryId, Object&amp; pvarResKeys, Int32 cResKeys, Int32 nMaxDepth, Object[]&amp; foundDescendants)
   at Microsoft.VisualStudio.TestTools.UITest.Playback.ScreenElement.FindTopLevelWindowHelper(String queryId)
   at Microsoft.VisualStudio.TestTools.UITest.Playback.ScreenElement.FindFromPartialQueryId(String queryId)
   at Microsoft.VisualStudio.TestTools.UITesting.UITestControl..ctor(String queryId)
   --- End of inner exception stack trace ---
   at Microsoft.VisualStudio.TestTools.UITesting.Playback.MapControlNotFoundException(COMException ex, IPlaybackContext context)
   at Microsoft.VisualStudio.TestTools.UITesting.Playback.MapAndThrowComException(COMException innerException, IPlaybackContext context)
   at Microsoft.VisualStudio.TestTools.UITesting.Playback.MapAndThrowException(SystemException exception, IPlaybackContext context)
   at Microsoft.VisualStudio.TestTools.UITesting.Playback.MapAndThrowException(SystemException exception, String queryId)
   at Microsoft.VisualStudio.TestTools.UITesting.UITestControl..ctor(String queryId)
   at Microsoft.VisualStudio.TestTools.UITesting.SearchHelper.SearchTopLevelWindow(ISearchArgument topLevelSearchArg, String topLevelElementQueryId)
   at Microsoft.VisualStudio.TestTools.UITesting.SearchHelper.GetTitleUpdatedTopLevelWindow(ISearchArgument topLevelSearchArg, String queryId, IList`1 windowTitles)
   at Microsoft.VisualStudio.TestTools.UITesting.SearchHelper.GetTopLevelElement(Boolean useCache, Boolean useCacheOnly, ISearchArgument searchArg, IList`1 windowTitles, Int32&amp; timeLeft)
   at Microsoft.VisualStudio.TestTools.UITesting.SearchHelper.GetElement(Boolean useCache, ISearchArgument searchArg)
   at Microsoft.VisualStudio.TestTools.UITesting.SearchHelper.Search(ISearchArgument searchArg)
   at Microsoft.VisualStudio.TestTools.UITesting.UITestControl.FindInternal()
   at Microsoft.VisualStudio.TestTools.UITesting.UITestControl.FindControlIfNecessary()
   at Microsoft.VisualStudio.TestTools.UITesting.UITestControl.Click(MouseButtons button, ModifierKeys modifierKeys, Point relativeCoordinates)
   at Microsoft.VisualStudio.TestTools.UITesting.Mouse.ClickImplementation(UITestControl control, MouseButtons button, ModifierKeys modifierKeys, Point relativeCoordinate)
   at Microsoft.VisualStudio.TestTools.UITesting.Mouse.ClickImplementationWrapper(UITestControl control, MouseButtons button, ModifierKeys modifierKeys, Point relativeCoordinate)
W, 5176, 26, 2013/05/23, 10:20:45.659, 2458688642320, QTAgent32.exe, PlaybackErrorHandler: Ignoring exception as ContinueOnError is set.
W, 5176, 26, 2013/05/23, 10:20:45.796, 2458690597105, QTAgent32.exe, &lt;a class=success&gt;Playback - {97} [SUCCESS] Check - "[MSAA, VisibleOnly]ControlType='CheckBox' &amp;&amp; Name='Defer Printing?'"
\0&lt;/a&gt;
W, 5176, 26, 2013/05/23, 10:20:46.322, 2458698137925, QTAgent32.exe, &lt;a class=success&gt;Playback - {98} [SUCCESS] MouseButtonClick - "[MSAA, VisibleOnly]ControlType='Button' &amp;&amp; Name='Ok'"
\0&lt;/a&gt;
W, 5176, 26, 2013/05/23, 10:20:47.926, 2458721098997, QTAgent32.exe, PERF WARNING: FindTopLevelWindowHelper::FindAllDescendents: took 1503 ms. Expected it to take maximum 500 ms.
W, 5176, 26, 2013/05/23, 10:20:48.062, 2458723046477, QTAgent32.exe, &lt;a class=success&gt;Playback - {99} [SUCCESS] Uncheck - "[MSAA, VisibleOnly]ControlType='CheckBox' &amp;&amp; Name='Add Activity'"
\0&lt;/a&gt;
W, 5176, 26, 2013/05/23, 10:20:50.501, 2458757972025, QTAgent32.exe, &lt;a class=success&gt;Playback - {100} [SUCCESS] MouseButtonClick - "[MSAA, VisibleOnly]ControlType='Button' &amp;&amp; Name='Ok'"
\0&lt;/a&gt;
W, 5176, 26, 2013/05/23, 10:20:50.740, 2458761388150, QTAgent32.exe, &lt;a class=success&gt;Playback - {101} [SUCCESS] MouseButtonClick - "[MSAA, VisibleOnly]ControlType='Button' &amp;&amp; Name='Ok'"
\0&lt;/a&gt;
W, 5176, 26, 2013/05/23, 10:20:54.525, 2458815589624, QTAgent32.exe, PERF WARNING: FindTopLevelWindowHelper::FindAllDescendents: took 3684 ms. Expected it to take maximum 500 ms.
W, 5176, 26, 2013/05/23, 10:20:56.654, 2458846077501, QTAgent32.exe, &lt;a class=success&gt;Playback - {102} [SUCCESS] MouseButtonClick - "[MSAA, VisibleOnly]ControlType='Button' &amp;&amp; Name='OK'"
\0&lt;/a&gt;
W, 5176, 26, 2013/05/23, 10:20:56.942, 2458850193494, QTAgent32.exe, &lt;a class=success&gt;Playback - {103} [SUCCESS] MouseButtonClick - "[MSAA, VisibleOnly]ControlType='Button' &amp;&amp; Name='Cancel'"
\0&lt;/a&gt;
W, 5176, 26, 2013/05/23, 10:20:57.295, 2458855245884, QTAgent32.exe, &lt;a class=success&gt;Playback - {104} [SUCCESS] MouseButtonClick - "[MSAA, VisibleOnly]ControlType='Button'"
\0&lt;/a&gt;
W, 5176, 26, 2013/05/23, 10:20:57.748, 2458861727965, QTAgent32.exe, &lt;a class=success&gt;Playback - {105} [SUCCESS] MouseButtonClick - "[MSAA, VisibleOnly]ControlType='Button' &amp;&amp; Name='Detail'"
\0&lt;/a&gt;
W, 5176, 26, 2013/05/23, 10:21:00.967, 2458907831884, QTAgent32.exe, Playback - [WARNING] Internal warning: Window Not Found: [VisibleOnly]ControlType='Window' &amp;&amp; Name='Connect to www.insur-econnect.com'
\0
E, 5176, 26, 2013/05/23, 10:21:00.967, 2458907833809, QTAgent32.exe, &lt;a class=failure&gt;Playback - {106} [FAILED] Function ElementFetcher::FindScreenElement failed to locate UI element (Searching: ;[VisibleOnly]ControlType='Window' &amp;&amp; Name='Connect to www.insur-econnect.com') (The object specified was not found.)
\0&lt;/a&gt;
E, 5176, 26, 2013/05/23, 10:21:01.010, 2458908443530, QTAgent32.exe, Playback - [IMAGE] C:\Users\testuser\AppData\Local\Temp\UITestLogs\LastRun\RPF7182.png
\0
W, 5176, 26, 2013/05/23, 10:21:01.010, 2458908445096, QTAgent32.exe, Playback - [WARNING] Internal warning: Couldn't find descendants that match QueryId
\0
W, 5176, 26, 2013/05/23, 10:21:01.010, 2458908447735, QTAgent32.exe, PERF WARNING: FindTopLevelWindowHelper::FindAllDescendents: took 804 ms. Expected it to take maximum 500 ms.
W, 5176, 26, 2013/05/23, 10:21:19.028, 2459166427779, QTAgent32.exe, Playback - [WARNING] Internal warning: Window Not Found: [VisibleOnly]ControlType='Window' &amp;&amp; Name='Connect to www.insur-econnect.com'
\0
E, 5176, 26, 2013/05/23, 10:21:19.028, 2459166429781, QTAgent32.exe, &lt;a class=failure&gt;Playback - {107} [FAILED] Function ElementFetcher::FindScreenElement failed to locate UI element (Searching: ;[VisibleOnly]ControlType='Window' &amp;&amp; Name='Connect to www.insur-econnect.com') (The object specified was not found.)
\0&lt;/a&gt;
E, 5176, 26, 2013/05/23, 10:21:19.076, 2459167118784, QTAgent32.exe, Playback - [IMAGE] C:\Users\testuser\AppData\Local\Temp\UITestLogs\LastRun\RPFB814.png
\0
W, 5176, 26, 2013/05/23, 10:21:19.076, 2459167120293, QTAgent32.exe, Playback - [WARNING] Internal warning: Couldn't find descendants that match QueryId
\0
W, 5176, 26, 2013/05/23, 10:21:19.076, 2459167122370, QTAgent32.exe, PERF WARNING: FindTopLevelWindowHelper::FindAllDescendents: took 18065 ms. Expected it to take maximum 500 ms.
W, 5176, 26, 2013/05/23, 10:21:19.583, 2459174373190, QTAgent32.exe, Playback - [WARNING] Internal warning: Smart Match failed
\0
W, 5176, 26, 2013/05/23, 10:21:19.820, 2459177763538, QTAgent32.exe, Playback - [WARNING] Internal warning: Smart Match failed
\0
W, 5176, 26, 2013/05/23, 10:21:20.065, 2459181278606, QTAgent32.exe, Playback - [WARNING] Internal warning: Smart Match failed
\0
W, 5176, 26, 2013/05/23, 10:21:20.309, 2459184767773, QTAgent32.exe, Playback - [WARNING] Internal warning: Smart Match failed
\0
W, 5176, 26, 2013/05/23, 10:21:20.550, 2459188221084, QTAgent32.exe, Playback - [WARNING] Internal warning: Smart Match failed
\0
W, 5176, 26, 2013/05/23, 10:21:20.792, 2459191693829, QTAgent32.exe, Playback - [WARNING] Internal warning: Smart Match failed
\0
W, 5176, 26, 2013/05/23, 10:21:21.030, 2459195091098, QTAgent32.exe, Playback - [WARNING] Internal warning: Smart Match failed
\0
W, 5176, 26, 2013/05/23, 10:21:21.278, 2459198643249, QTAgent32.exe, Playback - [WARNING] Internal warning: Smart Match failed
\0
W, 5176, 26, 2013/05/23, 10:21:21.520, 2459202112723, QTAgent32.exe, Playback - [WARNING] Internal warning: Smart Match failed
\0
W, 5176, 26, 2013/05/23, 10:21:21.769, 2459205676562, QTAgent32.exe, Playback - [WARNING] Internal warning: Smart Match failed
\0
W, 5176, 26, 2013/05/23, 10:21:22.012, 2459209148535, QTAgent32.exe, Playback - [WARNING] Internal warning: Smart Match failed
\0
W, 5176, 26, 2013/05/23, 10:21:22.152, 2459211160428, QTAgent32.exe, Playback - [WARNING] Internal warning: Window Not Found: [VisibleOnly]ControlType='Window' &amp;&amp; Name='Connect to www.insur-econnect.com'
\0
E, 5176, 26, 2013/05/23, 10:21:22.152, 2459211162216, QTAgent32.exe, &lt;a class=failure&gt;Playback - {108} [FAILED] Function ElementFetcher::FindScreenElement failed to locate UI element (Searching: ;[VisibleOnly]ControlType='Window' &amp;&amp; Name='Connect to www.insur-econnect.com') (The object specified was not found.)
\0&lt;/a&gt;
E, 5176, 26, 2013/05/23, 10:21:22.194, 2459211764932, QTAgent32.exe, Playback - [IMAGE] C:\Users\testuser\AppData\Local\Temp\UITestLogs\LastRun\RPFC445.png
\0
W, 5176, 26, 2013/05/23, 10:21:22.195, 2459211766638, QTAgent32.exe, Playback - [WARNING] Internal warning: Couldn't find descendants that match QueryId
\0
W, 5176, 26, 2013/05/23, 10:21:22.195, 2459211769186, QTAgent32.exe, PERF WARNING: FindTopLevelWindowHelper::FindAllDescendents: took 3117 ms. Expected it to take maximum 500 ms.
E, 5176, 26, 2013/05/23, 10:21:22.195, 2459211770840, QTAgent32.exe, Exception: System.Runtime.InteropServices.COMException
	Message: Error HRESULT E_FAIL has been returned from a call to a COM component.
	Stack Trace:    at Microsoft.VisualStudio.TestTools.UITest.Playback.Engine.IRPFPlayback.FindAllScreenElements(IScreenElement pScreenElementStart, String bstrQueryId, Object&amp; pvarResKeys, Int32 cResKeys, Int32 nMaxDepth, Object[]&amp; foundDescendants)
   at Microsoft.VisualStudio.TestTools.UITest.Playback.ScreenElement.FindTopLevelWindowHelper(String queryId)
	BaseExceptionMessage: Error HRESULT E_FAIL has been returned from a call to a COM component.

W, 5176, 26, 2013/05/23, 10:21:22.950, 2459222578934, QTAgent32.exe, Playback - [WARNING] Internal warning: Window Not Found: [VisibleOnly]ControlType='Window' &amp;&amp; Name='Windows Security'
\0
E, 5176, 26, 2013/05/23, 10:21:22.950, 2459222580898, QTAgent32.exe, &lt;a class=failure&gt;Playback - {109} [FAILED] Function ElementFetcher::FindScreenElement failed to locate UI element (Searching: ;[VisibleOnly]ControlType='Window' &amp;&amp; Name='Windows Security') (The object specified was not found.)
\0&lt;/a&gt;
E, 5176, 26, 2013/05/23, 10:21:22.992, 2459223184520, QTAgent32.exe, Playback - [IMAGE] C:\Users\testuser\AppData\Local\Temp\UITestLogs\LastRun\RPFC771.png
\0
W, 5176, 26, 2013/05/23, 10:21:22.992, 2459223186960, QTAgent32.exe, Playback - [WARNING] Internal warning: Couldn't find descendants that match QueryId
\0
W, 5176, 26, 2013/05/23, 10:21:22.992, 2459223189651, QTAgent32.exe, PERF WARNING: FindTopLevelWindowHelper::FindAllDescendents: took 797 ms. Expected it to take maximum 500 ms.
W, 5176, 26, 2013/05/23, 10:21:41.049, 2459481728708, QTAgent32.exe, Playback - [WARNING] Internal warning: Window Not Found: [VisibleOnly]ControlType='Window' &amp;&amp; Name='Windows Security'
\0
E, 5176, 26, 2013/05/23, 10:21:41.049, 2459481730576, QTAgent32.exe, &lt;a class=failure&gt;Playback - {110} [FAILED] Function ElementFetcher::FindScreenElement failed to locate UI element (Searching: ;[VisibleOnly]ControlType='Window' &amp;&amp; Name='Windows Security') (The object specified was not found.)
\0&lt;/a&gt;
E, 5176, 26, 2013/05/23, 10:21:41.092, 2459482339588, QTAgent32.exe, Playback - [IMAGE] C:\Users\testuser\AppData\Local\Temp\UITestLogs\LastRun\RPFE23.png
\0
W, 5176, 26, 2013/05/23, 10:21:41.092, 2459482341235, QTAgent32.exe, Playback - [WARNING] Internal warning: Couldn't find descendants that match QueryId
\0
W, 5176, 26, 2013/05/23, 10:21:41.093, 2459482351376, QTAgent32.exe, PERF WARNING: FindTopLevelWindowHelper::FindAllDescendents: took 18100 ms. Expected it to take maximum 500 ms.
W, 5176, 26, 2013/05/23, 10:21:41.597, 2459489567087, QTAgent32.exe, Playback - [WARNING] Internal warning: Smart Match failed
\0
W, 5176, 26, 2013/05/23, 10:21:41.839, 2459493032010, QTAgent32.exe, Playback - [WARNING] Internal warning: Smart Match failed
\0
W, 5176, 26, 2013/05/23, 10:21:42.090, 2459496634218, QTAgent32.exe, Playback - [WARNING] Internal warning: Smart Match failed
\0
W, 5176, 26, 2013/05/23, 10:21:42.340, 2459500210907, QTAgent32.exe, Playback - [WARNING] Internal warning: Smart Match failed
\0
W, 5176, 26, 2013/05/23, 10:21:42.588, 2459503770093, QTAgent32.exe, Playback - [WARNING] Internal warning: Smart Match failed
\0
W, 5176, 26, 2013/05/23, 10:21:42.842, 2459507402493, QTAgent32.exe, Playback - [WARNING] Internal warning: Smart Match failed
\0
W, 5176, 26, 2013/05/23, 10:21:43.082, 2459510837733, QTAgent32.exe, Playback - [WARNING] Internal warning: Smart Match failed
\0
W, 5176, 26, 2013/05/23, 10:21:43.317, 2459514204692, QTAgent32.exe, Playback - [WARNING] Internal warning: Smart Match failed
\0
W, 5176, 26, 2013/05/23, 10:21:43.567, 2459517777726, QTAgent32.exe, Playback - [WARNING] Internal warning: Smart Match failed
\0
W, 5176, 26, 2013/05/23, 10:21:43.807, 2459521219012, QTAgent32.exe, Playback - [WARNING] Internal warning: Smart Match failed
\0
W, 5176, 26, 2013/05/23, 10:21:44.045, 2459524634262, QTAgent32.exe, Playback - [WARNING] Internal warning: Smart Match failed
\0
W, 5176, 26, 2013/05/23, 10:21:44.175, 2459526493571, QTAgent32.exe, Playback - [WARNING] Internal warning: Window Not Found: [VisibleOnly]ControlType='Window' &amp;&amp; Name='Windows Security'
\0
E, 5176, 26, 2013/05/23, 10:21:44.175, 2459526495264, QTAgent32.exe, &lt;a class=failure&gt;Playback - {111} [FAILED] Function ElementFetcher::FindScreenElement failed to locate UI element (Searching: ;[VisibleOnly]ControlType='Window' &amp;&amp; Name='Windows Security') (The object specified was not found.)
\0&lt;/a&gt;
E, 5176, 26, 2013/05/23, 10:21:44.219, 2459527119473, QTAgent32.exe, Playback - [IMAGE] C:\Users\testuser\AppData\Local\Temp\UITestLogs\LastRun\RPF1A54.png
\0
W, 5176, 26, 2013/05/23, 10:21:44.219, 2459527121217, QTAgent32.exe, Playback - [WARNING] Internal warning: Couldn't find descendants that match QueryId
\0
W, 5176, 26, 2013/05/23, 10:21:44.219, 2459527123553, QTAgent32.exe, PERF WARNING: FindTopLevelWindowHelper::FindAllDescendents: took 3126 ms. Expected it to take maximum 500 ms.
E, 5176, 26, 2013/05/23, 10:21:44.219, 2459527125185, QTAgent32.exe, Exception: System.Runtime.InteropServices.COMException
	Message: Error HRESULT E_FAIL has been returned from a call to a COM component.
	Stack Trace:    at Microsoft.VisualStudio.TestTools.UITest.Playback.Engine.IRPFPlayback.FindAllScreenElements(IScreenElement pScreenElementStart, String bstrQueryId, Object&amp; pvarResKeys, Int32 cResKeys, Int32 nMaxDepth, Object[]&amp; foundDescendants)
   at Microsoft.VisualStudio.TestTools.UITest.Playback.ScreenElement.FindTopLevelWindowHelper(String queryId)
	BaseExceptionMessage: Error HRESULT E_FAIL has been returned from a call to a COM component.

E, 5176, 26, 2013/05/23, 10:21:44.320, 2459528565127, QTAgent32.exe, AL: Playback Error: Microsoft.VisualStudio.TestTools.UITest.Extension.UITestControlNotFoundException: The playback failed to find the control with the given search properties. Additional Details: 
TechnologyName:  'MSAA'
ControlType:  'Window'
Name:  'Windows Security'
 ---&gt; System.Runtime.InteropServices.COMException: Error HRESULT E_FAIL has been returned from a call to a COM component.
   at Microsoft.VisualStudio.TestTools.UITest.Playback.Engine.IRPFPlayback.FindAllScreenElements(IScreenElement pScreenElementStart, String bstrQueryId, Object&amp; pvarResKeys, Int32 cResKeys, Int32 nMaxDepth, Object[]&amp; foundDescendants)
   at Microsoft.VisualStudio.TestTools.UITest.Playback.ScreenElement.FindTopLevelWindowHelper(String queryId)
   at Microsoft.VisualStudio.TestTools.UITest.Playback.ScreenElement.FindFromPartialQueryId(String queryId)
   at Microsoft.VisualStudio.TestTools.UITesting.UITestControl..ctor(String queryId)
   --- End of inner exception stack trace ---
   at Microsoft.VisualStudio.TestTools.UITesting.Playback.MapControlNotFoundException(COMException ex, IPlaybackContext context)
   at Microsoft.VisualStudio.TestTools.UITesting.Playback.MapAndThrowComException(COMException innerException, IPlaybackContext context)
   at Microsoft.VisualStudio.TestTools.UITesting.Playback.MapAndThrowException(SystemException exception, IPlaybackContext context)
   at Microsoft.VisualStudio.TestTools.UITesting.Playback.MapAndThrowException(SystemException exception, String queryId)
   at Microsoft.VisualStudio.TestTools.UITesting.UITestControl..ctor(String queryId)
   at Microsoft.VisualStudio.TestTools.UITesting.SearchHelper.SearchTopLevelWindow(ISearchArgument topLevelSearchArg, String topLevelElementQueryId)
   at Microsoft.VisualStudio.TestTools.UITesting.SearchHelper.GetTitleUpdatedTopLevelWindow(ISearchArgument topLevelSearchArg, String queryId, IList`1 windowTitles)
   at Microsoft.VisualStudio.TestTools.UITesting.SearchHelper.GetTopLevelElement(Boolean useCache, Boolean useCacheOnly, ISearchArgument searchArg, IList`1 windowTitles, Int32&amp; timeLeft)
   at Microsoft.VisualStudio.TestTools.UITesting.SearchHelper.GetElement(Boolean useCache, ISearchArgument searchArg)
   at Microsoft.VisualStudio.TestTools.UITesting.SearchHelper.Search(ISearchArgument searchArg)
   at Microsoft.VisualStudio.TestTools.UITesting.UITestControl.FindInternal()
   at Microsoft.VisualStudio.TestTools.UITesting.UITestControl.FindControlIfNecessary()
   at Microsoft.VisualStudio.TestTools.UITesting.UITestControl.SendKeys(String text, ModifierKeys modifierKeys, Boolean isEncoded, Boolean isUnicode)
   at Microsoft.VisualStudio.TestTools.UITesting.Keyboard.SendKeysImplementation(UITestControl control, String text, ModifierKeys modifierKeys, Boolean isEncoded, Boolean isUnicode)
   at Microsoft.VisualStudio.TestTools.UITesting.Keyboard.SendKeysImplementationWrapper(UITestControl control, String text, ModifierKeys modifierKeys, Boolean isEncoded, Boolean isUnicode)
W, 5176, 26, 2013/05/23, 10:21:44.320, 2459528566858, QTAgent32.exe, PlaybackErrorHandler: Ignoring exception as ContinueOnError is set.
W, 5176, 26, 2013/05/23, 10:21:45.034, 2459538782961, QTAgent32.exe, Playback - [WARNING] Internal warning: Window Not Found: [VisibleOnly]ControlType='Window' &amp;&amp; Name='Windows Security'
\0
E, 5176, 26, 2013/05/23, 10:21:45.034, 2459538784871, QTAgent32.exe, &lt;a class=failure&gt;Playback - {112} [FAILED] Function ElementFetcher::FindScreenElement failed to locate UI element (Searching: ;[VisibleOnly]ControlType='Window' &amp;&amp; Name='Windows Security') (The object specified was not found.)
\0&lt;/a&gt;
E, 5176, 26, 2013/05/23, 10:21:45.080, 2459539448296, QTAgent32.exe, Playback - [IMAGE] C:\Users\testuser\AppData\Local\Temp\UITestLogs\LastRun\RPF1DAF.png
\0
W, 5176, 26, 2013/05/23, 10:21:45.081, 2459539450002, QTAgent32.exe, Playback - [WARNING] Internal warning: Couldn't find descendants that match QueryId
\0
W, 5176, 26, 2013/05/23, 10:21:45.081, 2459539452346, QTAgent32.exe, PERF WARNING: FindTopLevelWindowHelper::FindAllDescendents: took 760 ms. Expected it to take maximum 500 ms.
W, 5176, 26, 2013/05/23, 10:22:03.102, 2459797485195, QTAgent32.exe, Playback - [WARNING] Internal warning: Window Not Found: [VisibleOnly]ControlType='Window' &amp;&amp; Name='Windows Security'
\0
E, 5176, 26, 2013/05/23, 10:22:03.102, 2459797487010, QTAgent32.exe, &lt;a class=failure&gt;Playback - {113} [FAILED] Function ElementFetcher::FindScreenElement failed to locate UI element (Searching: ;[VisibleOnly]ControlType='Window' &amp;&amp; Name='Windows Security') (The object specified was not found.)
\0&lt;/a&gt;
E, 5176, 26, 2013/05/23, 10:22:03.145, 2459798103885, QTAgent32.exe, Playback - [IMAGE] C:\Users\testuser\AppData\Local\Temp\UITestLogs\LastRun\RPF6441.png
\0
W, 5176, 26, 2013/05/23, 10:22:03.145, 2459798105687, QTAgent32.exe, Playback - [WARNING] Internal warning: Couldn't find descendants that match QueryId
\0
W, 5176, 26, 2013/05/23, 10:22:03.145, 2459798108218, QTAgent32.exe, PERF WARNING: FindTopLevelWindowHelper::FindAllDescendents: took 18064 ms. Expected it to take maximum 500 ms.
W, 5176, 26, 2013/05/23, 10:22:03.640, 2459805191294, QTAgent32.exe, Playback - [WARNING] Internal warning: Smart Match failed
\0
W, 5176, 26, 2013/05/23, 10:22:03.876, 2459808577512, QTAgent32.exe, Playback - [WARNING] Internal warning: Smart Match failed
\0
W, 5176, 26, 2013/05/23, 10:22:04.110, 2459811928624, QTAgent32.exe, Playback - [WARNING] Internal warning: Smart Match failed
\0
W, 5176, 26, 2013/05/23, 10:22:04.347, 2459815315191, QTAgent32.exe, Playback - [WARNING] Internal warning: Smart Match failed
\0
W, 5176, 26, 2013/05/23, 10:22:04.583, 2459818695028, QTAgent32.exe, Playback - [WARNING] Internal warning: Smart Match failed
\0
W, 5176, 26, 2013/05/23, 10:22:04.822, 2459822119036, QTAgent32.exe, Playback - [WARNING] Internal warning: Smart Match failed
\0
W, 5176, 26, 2013/05/23, 10:22:05.059, 2459825510943, QTAgent32.exe, Playback - [WARNING] Internal warning: Smart Match failed
\0
W, 5176, 26, 2013/05/23, 10:22:05.299, 2459828942042, QTAgent32.exe, Playback - [WARNING] Internal warning: Smart Match failed
\0
W, 5176, 26, 2013/05/23, 10:22:05.541, 2459832410954, QTAgent32.exe, Playback - [WARNING] Internal warning: Smart Match failed
\0
W, 5176, 26, 2013/05/23, 10:22:05.784, 2459835888718, QTAgent32.exe, Playback - [WARNING] Internal warning: Smart Match failed
\0
W, 5176, 26, 2013/05/23, 10:22:06.028, 2459839377570, QTAgent32.exe, Playback - [WARNING] Internal warning: Smart Match failed
\0
W, 5176, 26, 2013/05/23, 10:22:06.155, 2459841205550, QTAgent32.exe, Playback - [WARNING] Internal warning: Window Not Found: [VisibleOnly]ControlType='Window' &amp;&amp; Name='Windows Security'
\0
E, 5176, 26, 2013/05/23, 10:22:06.155, 2459841207274, QTAgent32.exe, &lt;a class=failure&gt;Playback - {114} [FAILED] Function ElementFetcher::FindScreenElement failed to locate UI element (Searching: ;[VisibleOnly]ControlType='Window' &amp;&amp; Name='Windows Security') (The object specified was not found.)
\0&lt;/a&gt;
E, 5176, 26, 2013/05/23, 10:22:06.199, 2459841828286, QTAgent32.exe, Playback - [IMAGE] C:\Users\testuser\AppData\Local\Temp\UITestLogs\LastRun\RPF7033.png
\0
W, 5176, 26, 2013/05/23, 10:22:06.199, 2459841829757, QTAgent32.exe, Playback - [WARNING] Internal warning: Couldn't find descendants that match QueryId
\0
W, 5176, 26, 2013/05/23, 10:22:06.199, 2459841832374, QTAgent32.exe, PERF WARNING: FindTopLevelWindowHelper::FindAllDescendents: took 3053 ms. Expected it to take maximum 500 ms.
E, 5176, 26, 2013/05/23, 10:22:06.199, 2459841834069, QTAgent32.exe, Exception: System.Runtime.InteropServices.COMException
	Message: Error HRESULT E_FAIL has been returned from a call to a COM component.
	Stack Trace:    at Microsoft.VisualStudio.TestTools.UITest.Playback.Engine.IRPFPlayback.FindAllScreenElements(IScreenElement pScreenElementStart, String bstrQueryId, Object&amp; pvarResKeys, Int32 cResKeys, Int32 nMaxDepth, Object[]&amp; foundDescendants)
   at Microsoft.VisualStudio.TestTools.UITest.Playback.ScreenElement.FindTopLevelWindowHelper(String queryId)
	BaseExceptionMessage: Error HRESULT E_FAIL has been returned from a call to a COM component.

E, 5176, 26, 2013/05/23, 10:22:06.300, 2459843274379, QTAgent32.exe, AL: Playback Error: Microsoft.VisualStudio.TestTools.UITest.Extension.UITestControlNotFoundException: The playback failed to find the control with the given search properties. Additional Details: 
TechnologyName:  'MSAA'
ControlType:  'Window'
Name:  'Windows Security'
 ---&gt; System.Runtime.InteropServices.COMException: Error HRESULT E_FAIL has been returned from a call to a COM component.
   at Microsoft.VisualStudio.TestTools.UITest.Playback.Engine.IRPFPlayback.FindAllScreenElements(IScreenElement pScreenElementStart, String bstrQueryId, Object&amp; pvarResKeys, Int32 cResKeys, Int32 nMaxDepth, Object[]&amp; foundDescendants)
   at Microsoft.VisualStudio.TestTools.UITest.Playback.ScreenElement.FindTopLevelWindowHelper(String queryId)
   at Microsoft.VisualStudio.TestTools.UITest.Playback.ScreenElement.FindFromPartialQueryId(String queryId)
   at Microsoft.VisualStudio.TestTools.UITesting.UITestControl..ctor(String queryId)
   --- End of inner exception stack trace ---
   at Microsoft.VisualStudio.TestTools.UITesting.Playback.MapControlNotFoundException(COMException ex, IPlaybackContext context)
   at Microsoft.VisualStudio.TestTools.UITesting.Playback.MapAndThrowComException(COMException innerException, IPlaybackContext context)
   at Microsoft.VisualStudio.TestTools.UITesting.Playback.MapAndThrowException(SystemException exception, IPlaybackContext context)
   at Microsoft.VisualStudio.TestTools.UITesting.Playback.MapAndThrowException(SystemException exception, String queryId)
   at Microsoft.VisualStudio.TestTools.UITesting.UITestControl..ctor(String queryId)
   at Microsoft.VisualStudio.TestTools.UITesting.SearchHelper.SearchTopLevelWindow(ISearchArgument topLevelSearchArg, String topLevelElementQueryId)
   at Microsoft.VisualStudio.TestTools.UITesting.SearchHelper.GetTitleUpdatedTopLevelWindow(ISearchArgument topLevelSearchArg, String queryId, IList`1 windowTitles)
   at Microsoft.VisualStudio.TestTools.UITesting.SearchHelper.GetTopLevelElement(Boolean useCache, Boolean useCacheOnly, ISearchArgument searchArg, IList`1 windowTitles, Int32&amp; timeLeft)
   at Microsoft.VisualStudio.TestTools.UITesting.SearchHelper.GetElement(Boolean useCache, ISearchArgument searchArg)
   at Microsoft.VisualStudio.TestTools.UITesting.SearchHelper.Search(ISearchArgument searchArg)
   at Microsoft.VisualStudio.TestTools.UITesting.UITestControl.FindInternal()
   at Microsoft.VisualStudio.TestTools.UITesting.UITestControl.FindControlIfNecessary()
   at Microsoft.VisualStudio.TestTools.UITesting.UITestControl.Click(MouseButtons button, ModifierKeys modifierKeys, Point relativeCoordinates)
   at Microsoft.VisualStudio.TestTools.UITesting.Mouse.ClickImplementation(UITestControl control, MouseButtons button, ModifierKeys modifierKeys, Point relativeCoordinate)
   at Microsoft.VisualStudio.TestTools.UITesting.Mouse.ClickImplementationWrapper(UITestControl control, MouseButtons button, ModifierKeys modifierKeys, Point relativeCoordinate)
W, 5176, 26, 2013/05/23, 10:22:06.300, 2459843275706, QTAgent32.exe, PlaybackErrorHandler: Ignoring exception as ContinueOnError is set.
E, 5176, 26, 2013/05/23, 10:22:06.480, 2459845855604, QTAgent32.exe, IEDOM: GetIEWebControl() is unable to get the IE control
E, 5176, 26, 2013/05/23, 10:22:06.486, 2459845937071, QTAgent32.exe, IEDOM: GetIEWebControl() is unable to get the IE control
E, 5176, 26, 2013/05/23, 10:22:06.491, 2459846018275, QTAgent32.exe, IEDOM: GetIEWebControl() is unable to get the IE control
E, 5176, 26, 2013/05/23, 10:22:08.012, 2459867794878, QTAgent32.exe, IEDOM: GetIEWebControl() is unable to get the IE control
E, 5176, 26, 2013/05/23, 10:22:08.049, 2459868318197, QTAgent32.exe, IEDOM: GetIEWebControl() is unable to get the IE control
W, 5176, 26, 2013/05/23, 10:22:08.049, 2459868322471, QTAgent32.exe, Playback - [WARNING] Internal warning: Plugin based EnsureVisibleByScrolling failed to make element Visible. Trying to compose scrollable containers.
\0
W, 5176, 26, 2013/05/23, 10:22:08.153, 2459869800695, QTAgent32.exe, Playback - [WARNING] Internal warning: Convertion of Web elements to MSAA is not supported in the current version
\0
E, 5176, 26, 2013/05/23, 10:22:08.355, 2459872697064, QTAgent32.exe, IEDOM: GetIEWebControl() is unable to get the IE control
W, 5176, 26, 2013/05/23, 10:22:08.355, 2459872702215, QTAgent32.exe, Playback - [WARNING] Internal warning: Plugin based EnsureVisibleByScrolling failed to make element Visible. Trying ScrollByCoordinates algorithm
\0
E, 5176, 26, 2013/05/23, 10:22:08.398, 2459873318954, QTAgent32.exe, IEDOM: GetIEWebControl() is unable to get the IE control
E, 5176, 26, 2013/05/23, 10:22:08.399, 2459873324584, QTAgent32.exe, IEDOM: GetIEWebControl() is unable to get the IE control
E, 5176, 26, 2013/05/23, 10:22:08.399, 2459873328536, QTAgent32.exe, IEDOM: GetIEWebControl() is unable to get the IE control
E, 5176, 26, 2013/05/23, 10:22:08.399, 2459873332817, QTAgent32.exe, IEDOM: GetIEWebControl() is unable to get the IE control
E, 5176, 26, 2013/05/23, 10:22:08.400, 2459873337416, QTAgent32.exe, IEDOM: GetIEWebControl() is unable to get the IE control
E, 5176, 26, 2013/05/23, 10:22:08.410, 2459873482818, QTAgent32.exe, IEDOM: GetIEWebControl() is unable to get the IE control
E, 5176, 26, 2013/05/23, 10:22:08.410, 2459873487473, QTAgent32.exe, IEDOM: GetIEWebControl() is unable to get the IE control
E, 5176, 26, 2013/05/23, 10:22:08.410, 2459873490880, QTAgent32.exe, IEDOM: GetIEWebControl() is unable to get the IE control
E, 5176, 26, 2013/05/23, 10:22:08.411, 2459873495440, QTAgent32.exe, IEDOM: GetIEWebControl() is unable to get the IE control
E, 5176, 26, 2013/05/23, 10:22:08.411, 2459873499865, QTAgent32.exe, IEDOM: GetIEWebControl() is unable to get the IE control
E, 5176, 26, 2013/05/23, 10:22:08.417, 2459873580047, QTAgent32.exe, IEDOM: GetIEWebControl() is unable to get the IE control
E, 5176, 26, 2013/05/23, 10:22:08.434, 2459873822548, QTAgent32.exe, IEDOM: GetIEWebControl() is unable to get the IE control
E, 5176, 26, 2013/05/23, 10:22:08.487, 2459874584045, QTAgent32.exe, IEDOM: GetIEWebControl() is unable to get the IE control
W, 5176, 26, 2013/05/23, 10:22:08.487, 2459874589590, QTAgent32.exe, Playback - [WARNING] Internal warning: Plugin based EnsureVisibleByScrolling failed to make element Visible. Trying ScrollByCoordinates algorithm
\0
E, 5176, 26, 2013/05/23, 10:22:08.492, 2459874666339, QTAgent32.exe, IEDOM: GetIEWebControl() is unable to get the IE control
E, 5176, 26, 2013/05/23, 10:22:08.499, 2459874755140, QTAgent32.exe, IEDOM: GetIEWebControl() is unable to get the IE control
E, 5176, 26, 2013/05/23, 10:22:08.499, 2459874759481, QTAgent32.exe, IEDOM: GetIEWebControl() is unable to get the IE control
E, 5176, 26, 2013/05/23, 10:22:08.499, 2459874762896, QTAgent32.exe, IEDOM: GetIEWebControl() is unable to get the IE control
E, 5176, 26, 2013/05/23, 10:22:08.500, 2459874767393, QTAgent32.exe, IEDOM: GetIEWebControl() is unable to get the IE control
E, 5176, 26, 2013/05/23, 10:22:08.500, 2459874771725, QTAgent32.exe, IEDOM: GetIEWebControl() is unable to get the IE control
E, 5176, 26, 2013/05/23, 10:22:08.500, 2459874776356, QTAgent32.exe, IEDOM: GetIEWebControl() is unable to get the IE control
E, 5176, 26, 2013/05/23, 10:22:08.500, 2459874780593, QTAgent32.exe, IEDOM: GetIEWebControl() is unable to get the IE control
E, 5176, 26, 2013/05/23, 10:22:08.501, 2459874785044, QTAgent32.exe, IEDOM: GetIEWebControl() is unable to get the IE control
E, 5176, 26, 2013/05/23, 10:22:08.501, 2459874789568, QTAgent32.exe, IEDOM: GetIEWebControl() is unable to get the IE control
E, 5176, 26, 2013/05/23, 10:22:08.501, 2459874793801, QTAgent32.exe, IEDOM: GetIEWebControl() is unable to get the IE control
E, 5176, 26, 2013/05/23, 10:22:08.502, 2459874798338, QTAgent32.exe, IEDOM: GetIEWebControl() is unable to get the IE control
E, 5176, 26, 2013/05/23, 10:22:08.502, 2459874802748, QTAgent32.exe, IEDOM: GetIEWebControl() is unable to get the IE control
E, 5176, 26, 2013/05/23, 10:22:08.502, 2459874807046, QTAgent32.exe, IEDOM: GetIEWebControl() is unable to get the IE control
E, 5176, 26, 2013/05/23, 10:22:08.503, 2459874811587, QTAgent32.exe, IEDOM: GetIEWebControl() is unable to get the IE control
E, 5176, 26, 2013/05/23, 10:22:08.503, 2459874816054, QTAgent32.exe, IEDOM: GetIEWebControl() is unable to get the IE control
E, 5176, 26, 2013/05/23, 10:22:08.503, 2459874820488, QTAgent32.exe, IEDOM: GetIEWebControl() is unable to get the IE control
E, 5176, 26, 2013/05/23, 10:22:08.504, 2459874824950, QTAgent32.exe, IEDOM: GetIEWebControl() is unable to get the IE control
E, 5176, 26, 2013/05/23, 10:22:08.504, 2459874829194, QTAgent32.exe, IEDOM: GetIEWebControl() is unable to get the IE control
E, 5176, 26, 2013/05/23, 10:22:08.504, 2459874833752, QTAgent32.exe, IEDOM: GetIEWebControl() is unable to get the IE control
E, 5176, 26, 2013/05/23, 10:22:08.504, 2459874837976, QTAgent32.exe, IEDOM: GetIEWebControl() is unable to get the IE control
E, 5176, 26, 2013/05/23, 10:22:08.505, 2459874842427, QTAgent32.exe, IEDOM: GetIEWebControl() is unable to get the IE control
E, 5176, 26, 2013/05/23, 10:22:08.505, 2459874846973, QTAgent32.exe, IEDOM: GetIEWebControl() is unable to get the IE control
E, 5176, 26, 2013/05/23, 10:22:08.505, 2459874851683, QTAgent32.exe, IEDOM: GetIEWebControl() is unable to get the IE control
E, 5176, 26, 2013/05/23, 10:22:08.506, 2459874856271, QTAgent32.exe, IEDOM: GetIEWebControl() is unable to get the IE control
E, 5176, 26, 2013/05/23, 10:22:08.506, 2459874860711, QTAgent32.exe, IEDOM: GetIEWebControl() is unable to get the IE control
E, 5176, 26, 2013/05/23, 10:22:08.506, 2459874864993, QTAgent32.exe, IEDOM: GetIEWebControl() is unable to get the IE control
E, 5176, 26, 2013/05/23, 10:22:08.507, 2459874869696, QTAgent32.exe, IEDOM: GetIEWebControl() is unable to get the IE control
E, 5176, 26, 2013/05/23, 10:22:08.507, 2459874872819, QTAgent32.exe, IEDOM: GetIEWebControl() is unable to get the IE control
E, 5176, 26, 2013/05/23, 10:22:08.507, 2459874877362, QTAgent32.exe, IEDOM: GetIEWebControl() is unable to get the IE control
E, 5176, 26, 2013/05/23, 10:22:08.508, 2459874881769, QTAgent32.exe, IEDOM: GetIEWebControl() is unable to get the IE control
E, 5176, 26, 2013/05/23, 10:22:08.508, 2459874886035, QTAgent32.exe, IEDOM: GetIEWebControl() is unable to get the IE control
E, 5176, 26, 2013/05/23, 10:22:08.508, 2459874890533, QTAgent32.exe, IEDOM: GetIEWebControl() is unable to get the IE control
E, 5176, 26, 2013/05/23, 10:22:08.508, 2459874893590, QTAgent32.exe, IEDOM: GetIEWebControl() is unable to get the IE control
W, 5176, 26, 2013/05/23, 10:22:08.515, 2459874994999, QTAgent32.exe, Playback - [WARNING] Internal warning: Can't find anchor child after updating the collection
\0
W, 5176, 26, 2013/05/23, 10:22:08.516, 2459874996332, QTAgent32.exe, Playback - [WARNING] Internal warning: Can't find anchor child after updating the collection
\0
E, 5176, 26, 2013/05/23, 10:22:08.522, 2459875095322, QTAgent32.exe, IEDOM: GetIEWebControl() is unable to get the IE control
E, 5176, 26, 2013/05/23, 10:22:08.528, 2459875178662, QTAgent32.exe, IEDOM: GetIEWebControl() is unable to get the IE control
E, 5176, 26, 2013/05/23, 10:22:08.529, 2459875183232, QTAgent32.exe, IEDOM: GetIEWebControl() is unable to get the IE control
E, 5176, 26, 2013/05/23, 10:22:08.529, 2459875186390, QTAgent32.exe, IEDOM: GetIEWebControl() is unable to get the IE control
E, 5176, 26, 2013/05/23, 10:22:08.529, 2459875190959, QTAgent32.exe, IEDOM: GetIEWebControl() is unable to get the IE control
E, 5176, 26, 2013/05/23, 10:22:08.529, 2459875195211, QTAgent32.exe, IEDOM: GetIEWebControl() is unable to get the IE control
E, 5176, 26, 2013/05/23, 10:22:08.530, 2459875199719, QTAgent32.exe, IEDOM: GetIEWebControl() is unable to get the IE control
E, 5176, 26, 2013/05/23, 10:22:08.530, 2459875204171, QTAgent32.exe, IEDOM: GetIEWebControl() is unable to get the IE control
E, 5176, 26, 2013/05/23, 10:22:08.530, 2459875208407, QTAgent32.exe, IEDOM: GetIEWebControl() is unable to get the IE control
E, 5176, 26, 2013/05/23, 10:22:08.531, 2459875212977, QTAgent32.exe, IEDOM: GetIEWebControl() is unable to get the IE control
E, 5176, 26, 2013/05/23, 10:22:08.531, 2459875217211, QTAgent32.exe, IEDOM: GetIEWebControl() is unable to get the IE control
E, 5176, 26, 2013/05/23, 10:22:08.531, 2459875221671, QTAgent32.exe, IEDOM: GetIEWebControl() is unable to get the IE control
E, 5176, 26, 2013/05/23, 10:22:08.532, 2459875226114, QTAgent32.exe, IEDOM: GetIEWebControl() is unable to get the IE control
E, 5176, 26, 2013/05/23, 10:22:08.532, 2459875230362, QTAgent32.exe, IEDOM: GetIEWebControl() is unable to get the IE control
E, 5176, 26, 2013/05/23, 10:22:08.532, 2459875234917, QTAgent32.exe, IEDOM: GetIEWebControl() is unable to get the IE control
E, 5176, 26, 2013/05/23, 10:22:08.532, 2459875239159, QTAgent32.exe, IEDOM: GetIEWebControl() is unable to get the IE control
E, 5176, 26, 2013/05/23, 10:22:08.533, 2459875243631, QTAgent32.exe, IEDOM: GetIEWebControl() is unable to get the IE control
E, 5176, 26, 2013/05/23, 10:22:08.533, 2459875248190, QTAgent32.exe, IEDOM: GetIEWebControl() is unable to get the IE control
E, 5176, 26, 2013/05/23, 10:22:08.533, 2459875252466, QTAgent32.exe, IEDOM: GetIEWebControl() is unable to get the IE control
E, 5176, 26, 2013/05/23, 10:22:08.534, 2459875256981, QTAgent32.exe, IEDOM: GetIEWebControl() is unable to get the IE control
E, 5176, 26, 2013/05/23, 10:22:08.534, 2459875261458, QTAgent32.exe, IEDOM: GetIEWebControl() is unable to get the IE control
E, 5176, 26, 2013/05/23, 10:22:08.534, 2459875265715, QTAgent32.exe, IEDOM: GetIEWebControl() is unable to get the IE control
E, 5176, 26, 2013/05/23, 10:22:08.535, 2459875270382, QTAgent32.exe, IEDOM: GetIEWebControl() is unable to get the IE control
E, 5176, 26, 2013/05/23, 10:22:08.535, 2459875274632, QTAgent32.exe, IEDOM: GetIEWebControl() is unable to get the IE control
E, 5176, 26, 2013/05/23, 10:22:08.535, 2459875279114, QTAgent32.exe, IEDOM: GetIEWebControl() is unable to get the IE control
E, 5176, 26, 2013/05/23, 10:22:08.536, 2459875283583, QTAgent32.exe, IEDOM: GetIEWebControl() is unable to get the IE control
E, 5176, 26, 2013/05/23, 10:22:08.536, 2459875287838, QTAgent32.exe, IEDOM: GetIEWebControl() is unable to get the IE control
E, 5176, 26, 2013/05/23, 10:22:08.536, 2459875292328, QTAgent32.exe, IEDOM: GetIEWebControl() is unable to get the IE control
E, 5176, 26, 2013/05/23, 10:22:08.536, 2459875295496, QTAgent32.exe, IEDOM: GetIEWebControl() is unable to get the IE control
E, 5176, 26, 2013/05/23, 10:22:08.537, 2459875300241, QTAgent32.exe, IEDOM: GetIEWebControl() is unable to get the IE control
E, 5176, 26, 2013/05/23, 10:22:08.537, 2459875304704, QTAgent32.exe, IEDOM: GetIEWebControl() is unable to get the IE control
E, 5176, 26, 2013/05/23, 10:22:08.537, 2459875308931, QTAgent32.exe, IEDOM: GetIEWebControl() is unable to get the IE control
E, 5176, 26, 2013/05/23, 10:22:08.538, 2459875313414, QTAgent32.exe, IEDOM: GetIEWebControl() is unable to get the IE control
E, 5176, 26, 2013/05/23, 10:22:08.538, 2459875316465, QTAgent32.exe, IEDOM: GetIEWebControl() is unable to get the IE control
W, 5176, 26, 2013/05/23, 10:22:08.538, 2459875319578, QTAgent32.exe, Playback - [WARNING] Internal failure: EnsureVisible via Setting Focus, Scrolling failed
\0
E, 5176, 26, 2013/05/23, 10:22:08.544, 2459875401320, QTAgent32.exe, IEDOM: GetIEWebControl() is unable to get the IE control
E, 5176, 26, 2013/05/23, 10:22:08.544, 2459875406009, QTAgent32.exe, IEDOM: GetIEWebControl() is unable to get the IE control
E, 5176, 26, 2013/05/23, 10:22:08.544, 2459875409162, QTAgent32.exe, IEDOM: GetIEWebControl() is unable to get the IE control
E, 5176, 26, 2013/05/23, 10:22:08.545, 2459875413760, QTAgent32.exe, IEDOM: GetIEWebControl() is unable to get the IE control
E, 5176, 26, 2013/05/23, 10:22:08.545, 2459875418004, QTAgent32.exe, IEDOM: GetIEWebControl() is unable to get the IE control
E, 5176, 26, 2013/05/23, 10:22:08.545, 2459875422492, QTAgent32.exe, IEDOM: GetIEWebControl() is unable to get the IE control
E, 5176, 26, 2013/05/23, 10:22:08.546, 2459875427030, QTAgent32.exe, IEDOM: GetIEWebControl() is unable to get the IE control
E, 5176, 26, 2013/05/23, 10:22:08.546, 2459875431309, QTAgent32.exe, IEDOM: GetIEWebControl() is unable to get the IE control
E, 5176, 26, 2013/05/23, 10:22:08.546, 2459875435843, QTAgent32.exe, IEDOM: GetIEWebControl() is unable to get the IE control
E, 5176, 26, 2013/05/23, 10:22:08.547, 2459875440345, QTAgent32.exe, IEDOM: GetIEWebControl() is unable to get the IE control
E, 5176, 26, 2013/05/23, 10:22:08.547, 2459875444827, QTAgent32.exe, IEDOM: GetIEWebControl() is unable to get the IE control
E, 5176, 26, 2013/05/23, 10:22:08.547, 2459875449369, QTAgent32.exe, IEDOM: GetIEWebControl() is unable to get the IE control
E, 5176, 26, 2013/05/23, 10:22:08.547, 2459875453635, QTAgent32.exe, IEDOM: GetIEWebControl() is unable to get the IE control
E, 5176, 26, 2013/05/23, 10:22:08.548, 2459875458078, QTAgent32.exe, IEDOM: GetIEWebControl() is unable to get the IE control
E, 5176, 26, 2013/05/23, 10:22:08.548, 2459875462588, QTAgent32.exe, IEDOM: GetIEWebControl() is unable to get the IE control
E, 5176, 26, 2013/05/23, 10:22:08.548, 2459875466840, QTAgent32.exe, IEDOM: GetIEWebControl() is unable to get the IE control
E, 5176, 26, 2013/05/23, 10:22:08.549, 2459875471380, QTAgent32.exe, IEDOM: GetIEWebControl() is unable to get the IE control
E, 5176, 26, 2013/05/23, 10:22:08.549, 2459875475821, QTAgent32.exe, IEDOM: GetIEWebControl() is unable to get the IE control
E, 5176, 26, 2013/05/23, 10:22:08.549, 2459875480106, QTAgent32.exe, IEDOM: GetIEWebControl() is unable to get the IE control
E, 5176, 26, 2013/05/23, 10:22:08.550, 2459875484654, QTAgent32.exe, IEDOM: GetIEWebControl() is unable to get the IE control
E, 5176, 26, 2013/05/23, 10:22:08.550, 2459875488922, QTAgent32.exe, IEDOM: GetIEWebControl() is unable to get the IE control
E, 5176, 26, 2013/05/23, 10:22:08.550, 2459875493386, QTAgent32.exe, IEDOM: GetIEWebControl() is unable to get the IE control
E, 5176, 26, 2013/05/23, 10:22:08.551, 2459875497870, QTAgent32.exe, IEDOM: GetIEWebControl() is unable to get the IE control
E, 5176, 26, 2013/05/23, 10:22:08.551, 2459875502172, QTAgent32.exe, IEDOM: GetIEWebControl() is unable to get the IE control
E, 5176, 26, 2013/05/23, 10:22:08.551, 2459875506753, QTAgent32.exe, IEDOM: GetIEWebControl() is unable to get the IE control
E, 5176, 26, 2013/05/23, 10:22:08.551, 2459875511016, QTAgent32.exe, IEDOM: GetIEWebControl() is unable to get the IE control
E, 5176, 26, 2013/05/23, 10:22:08.552, 2459875515538, QTAgent32.exe, IEDOM: GetIEWebControl() is unable to get the IE control
E, 5176, 26, 2013/05/23, 10:22:08.552, 2459875518844, QTAgent32.exe, IEDOM: GetIEWebControl() is unable to get the IE control
E, 5176, 26, 2013/05/23, 10:22:08.552, 2459875523141, QTAgent32.exe, IEDOM: GetIEWebControl() is unable to get the IE control
E, 5176, 26, 2013/05/23, 10:22:08.553, 2459875527691, QTAgent32.exe, IEDOM: GetIEWebControl() is unable to get the IE control
E, 5176, 26, 2013/05/23, 10:22:08.553, 2459875531951, QTAgent32.exe, IEDOM: GetIEWebControl() is unable to get the IE control
E, 5176, 26, 2013/05/23, 10:22:08.553, 2459875536356, QTAgent32.exe, IEDOM: GetIEWebControl() is unable to get the IE control
E, 5176, 26, 2013/05/23, 10:22:08.553, 2459875539422, QTAgent32.exe, IEDOM: GetIEWebControl() is unable to get the IE control
E, 5176, 26, 2013/05/23, 10:22:08.953, 2459881261281, QTAgent32.exe, IEDOM: GetIEWebControl() is unable to get the IE control
W, 5176, 26, 2013/05/23, 10:22:08.953, 2459881266670, QTAgent32.exe, Playback - [WARNING] Internal warning: Couldn't get clickable point for ScreenUIElement since it was obscured by another UI element. See comparison tracing below
\0
E, 5176, 26, 2013/05/23, 10:22:08.959, 2459881351930, QTAgent32.exe, IEDOM: GetIEWebControl() is unable to get the IE control
E, 5176, 26, 2013/05/23, 10:22:08.960, 2459881357421, QTAgent32.exe, IEDOM: GetIEWebControl() is unable to get the IE control
E, 5176, 26, 2013/05/23, 10:22:08.960, 2459881360506, QTAgent32.exe, IEDOM: GetIEWebControl() is unable to get the IE control
E, 5176, 26, 2013/05/23, 10:22:08.960, 2459881364785, QTAgent32.exe, IEDOM: GetIEWebControl() is unable to get the IE control
E, 5176, 26, 2013/05/23, 10:22:08.961, 2459881369078, QTAgent32.exe, IEDOM: GetIEWebControl() is unable to get the IE control
E, 5176, 26, 2013/05/23, 10:22:08.961, 2459881373149, QTAgent32.exe, IEDOM: GetIEWebControl() is unable to get the IE control
E, 5176, 26, 2013/05/23, 10:22:08.961, 2459881377525, QTAgent32.exe, IEDOM: GetIEWebControl() is unable to get the IE control
E, 5176, 26, 2013/05/23, 10:22:08.961, 2459881381595, QTAgent32.exe, IEDOM: GetIEWebControl() is unable to get the IE control
E, 5176, 26, 2013/05/23, 10:22:08.962, 2459881385883, QTAgent32.exe, IEDOM: GetIEWebControl() is unable to get the IE control
E, 5176, 26, 2013/05/23, 10:22:08.962, 2459881390181, QTAgent32.exe, IEDOM: GetIEWebControl() is unable to get the IE control
E, 5176, 26, 2013/05/23, 10:22:08.962, 2459881394283, QTAgent32.exe, IEDOM: GetIEWebControl() is unable to get the IE control
E, 5176, 26, 2013/05/23, 10:22:08.963, 2459881398671, QTAgent32.exe, IEDOM: GetIEWebControl() is unable to get the IE control
E, 5176, 26, 2013/05/23, 10:22:08.963, 2459881402720, QTAgent32.exe, IEDOM: GetIEWebControl() is unable to get the IE control
E, 5176, 26, 2013/05/23, 10:22:08.963, 2459881407054, QTAgent32.exe, IEDOM: GetIEWebControl() is unable to get the IE control
E, 5176, 26, 2013/05/23, 10:22:08.963, 2459881411330, QTAgent32.exe, IEDOM: GetIEWebControl() is unable to get the IE control
E, 5176, 26, 2013/05/23, 10:22:08.964, 2459881415423, QTAgent32.exe, IEDOM: GetIEWebControl() is unable to get the IE control
E, 5176, 26, 2013/05/23, 10:22:08.964, 2459881419750, QTAgent32.exe, IEDOM: GetIEWebControl() is unable to get the IE control
E, 5176, 26, 2013/05/23, 10:22:08.964, 2459881423926, QTAgent32.exe, IEDOM: GetIEWebControl() is unable to get the IE control
E, 5176, 26, 2013/05/23, 10:22:08.965, 2459881428325, QTAgent32.exe, IEDOM: GetIEWebControl() is unable to get the IE control
E, 5176, 26, 2013/05/23, 10:22:08.965, 2459881432370, QTAgent32.exe, IEDOM: GetIEWebControl() is unable to get the IE control
E, 5176, 26, 2013/05/23, 10:22:08.965, 2459881436873, QTAgent32.exe, IEDOM: GetIEWebControl() is unable to get the IE control
E, 5176, 26, 2013/05/23, 10:22:08.966, 2459881441183, QTAgent32.exe, IEDOM: GetIEWebControl() is unable to get the IE control
E, 5176, 26, 2013/05/23, 10:22:08.966, 2459881445269, QTAgent32.exe, IEDOM: GetIEWebControl() is unable to get the IE control
E, 5176, 26, 2013/05/23, 10:22:08.966, 2459881449612, QTAgent32.exe, IEDOM: GetIEWebControl() is unable to get the IE control
E, 5176, 26, 2013/05/23, 10:22:08.966, 2459881453704, QTAgent32.exe, IEDOM: GetIEWebControl() is unable to get the IE control
E, 5176, 26, 2013/05/23, 10:22:08.967, 2459881458357, QTAgent32.exe, IEDOM: GetIEWebControl() is unable to get the IE control
E, 5176, 26, 2013/05/23, 10:22:08.967, 2459881462614, QTAgent32.exe, IEDOM: GetIEWebControl() is unable to get the IE control
E, 5176, 26, 2013/05/23, 10:22:08.967, 2459881465645, QTAgent32.exe, IEDOM: GetIEWebControl() is unable to get the IE control
E, 5176, 26, 2013/05/23, 10:22:08.968, 2459881469987, QTAgent32.exe, IEDOM: GetIEWebControl() is unable to get the IE control
E, 5176, 26, 2013/05/23, 10:22:08.968, 2459881474058, QTAgent32.exe, IEDOM: GetIEWebControl() is unable to get the IE control
E, 5176, 26, 2013/05/23, 10:22:08.968, 2459881478443, QTAgent32.exe, IEDOM: GetIEWebControl() is unable to get the IE control
E, 5176, 26, 2013/05/23, 10:22:08.968, 2459881482447, QTAgent32.exe, IEDOM: GetIEWebControl() is unable to get the IE control
E, 5176, 26, 2013/05/23, 10:22:08.969, 2459881485613, QTAgent32.exe, IEDOM: GetIEWebControl() is unable to get the IE control
E, 5176, 26, 2013/05/23, 10:22:08.990, 2459881785761, QTAgent32.exe, &lt;a class=failure&gt;Playback - {115} [FAILED] MouseButtonClick - "[Web]ControlType='Hyperlink' &amp;&amp; TagName='A' &amp;&amp; Id='' &amp;&amp; Name='' &amp;&amp; Target='' &amp;&amp; InnerText='Renewals Maintenance' &amp;&amp; FilterCondition(AbsolutePath='/sysmaint/content/leftbar.asp', Title='', Href='https://www.insur-econnect.com/sysmaint/content/leftbar.asp#', Class='', ControlDefinition='style="COLOR: white" href="#"', TagInstance='39')"\0&lt;/a&gt;
E, 5176, 26, 2013/05/23, 10:22:09.033, 2459882402142, QTAgent32.exe, Playback - [IMAGE] C:\Users\testuser\AppData\Local\Temp\UITestLogs\LastRun\RPF7B4B.png
\0
E, 5176, 26, 2013/05/23, 10:22:09.153, 2459884131115, QTAgent32.exe, AL: Playback Error: Microsoft.VisualStudio.TestTools.UITest.Extension.FailedToPerformActionOnBlockedControlException: Window 'Policy: autotest' is blocking the control Renewals Maintenance. Please move the window 'Policy: autotest' or make the control Renewals Maintenance visible and retry the action. Additional Details: 
TechnologyName:  'Web'
ControlType:  'Hyperlink'
Id:  ''
Name:  ''
TagName:  'A'
Target:  ''
InnerText:  'Renewals Maintenance'
 ---&gt; System.Runtime.InteropServices.COMException: Exception from HRESULT: 0xF004F003
   at Microsoft.VisualStudio.TestTools.UITest.Playback.Engine.IScreenElement.MouseButtonClick(Int32 x, Int32 y, Int32 nButton, Int32 fEnsureVisible, String bstrKeyModifiers)
   at Microsoft.VisualStudio.TestTools.UITest.Playback.ScreenElement.MouseButtonClick(Int32 x, Int32 y, MouseButtons button, ModifierKeys modifierKeys, Int32 ensureVisible)
   at Microsoft.VisualStudio.TestTools.UITesting.UITestControl.Click(MouseButtons button, ModifierKeys modifierKeys, Point relativeCoordinates)
   --- End of inner exception stack trace ---
   at Microsoft.VisualStudio.TestTools.UITesting.Playback.ThrowIfAnotherWindowIsBlockingControl(COMException ex, IPlaybackContext context)
   at Microsoft.VisualStudio.TestTools.UITesting.Playback.MapAndThrowComException(COMException innerException, IPlaybackContext context)
   at Microsoft.VisualStudio.TestTools.UITesting.Playback.MapAndThrowException(SystemException exception, IPlaybackContext context)
   at Microsoft.VisualStudio.TestTools.UITesting.Playback.MapAndThrowException(SystemException exception, String actionName, UITestControl uiControl, Point point)
   at Microsoft.VisualStudio.TestTools.UITesting.UITestControl.Click(MouseButtons button, ModifierKeys modifierKeys, Point relativeCoordinates)
   at Microsoft.VisualStudio.TestTools.UITesting.Mouse.ClickImplementation(UITestControl control, MouseButtons button, ModifierKeys modifierKeys, Point relativeCoordinate)
   at Microsoft.VisualStudio.TestTools.UITesting.Mouse.ClickImplementationWrapper(UITestControl control, MouseButtons button, ModifierKeys modifierKeys, Point relativeCoordinate)
W, 5176, 26, 2013/05/23, 10:22:11.964, 2459924376781, QTAgent32.exe, IEDOM : StopSession of the plugin called before StartSession
W, 5176, 26, 2013/05/23, 10:22:11.964, 2459924377786, QTAgent32.exe, UIA : StopSession of the plugin called before StartSession
</DebugTrace>
        <ErrorInfo>
          <Message>Test method Ver1.CodedUITest2.MotoRebrokeRenewExistingScheme threw exception: 
Microsoft.VisualStudio.TestTools.UITest.Extension.FailedToPerformActionOnBlockedControlException: Window 'Policy: autotest' is blocking the control Renewals Maintenance. Please move the window 'Policy: autotest' or make the control Renewals Maintenance visible and retry the action. Additional Details: 
TechnologyName:  'Web'
ControlType:  'Hyperlink'
Id:  ''
Name:  ''
TagName:  'A'
Target:  ''
InnerText:  'Renewals Maintenance'
 ---&gt; System.Runtime.InteropServices.COMException: Exception from HRESULT: 0xF004F003</Message>
          <StackTrace>    at Microsoft.VisualStudio.TestTools.UITest.Playback.Engine.IScreenElement.MouseButtonClick(Int32 x, Int32 y, Int32 nButton, Int32 fEnsureVisible, String bstrKeyModifiers)
   at Microsoft.VisualStudio.TestTools.UITest.Playback.ScreenElement.MouseButtonClick(Int32 x, Int32 y, MouseButtons button, ModifierKeys modifierKeys, Int32 ensureVisible)
   at Microsoft.VisualStudio.TestTools.UITesting.UITestControl.Click(MouseButtons button, ModifierKeys modifierKeys, Point relativeCoordinates)
 --- End of inner exception stack trace ---
    at Microsoft.VisualStudio.TestTools.UITesting.Playback.ThrowIfAnotherWindowIsBlockingControl(COMException ex, IPlaybackContext context)
   at Microsoft.VisualStudio.TestTools.UITesting.Playback.MapAndThrowComException(COMException innerException, IPlaybackContext context)
   at Microsoft.VisualStudio.TestTools.UITesting.Playback.MapAndThrowException(SystemException exception, IPlaybackContext context)
   at Microsoft.VisualStudio.TestTools.UITesting.Playback.MapAndThrowException(SystemException exception, String actionName, UITestControl uiControl, Point point)
   at Microsoft.VisualStudio.TestTools.UITesting.UITestControl.Click(MouseButtons button, ModifierKeys modifierKeys, Point relativeCoordinates)
   at Microsoft.VisualStudio.TestTools.UITesting.Mouse.ClickImplementation(UITestControl control, MouseButtons button, ModifierKeys modifierKeys, Point relativeCoordinate)
   at Microsoft.VisualStudio.TestTools.UITesting.Mouse.ClickImplementationWrapper(UITestControl control, MouseButtons button, ModifierKeys modifierKeys, Point relativeCoordinate)
   at Microsoft.VisualStudio.TestTools.UITesting.Mouse.Click(UITestControl control, Point relativeCoordinate)
   at Ver1.UIMap.OpenBrowser2() in C:\AutotestTam1205\TestProject7\UIMap.cs:line 248
   at Ver1.CodedUITest2.MotoRebrokeRenewExistingScheme() in C:\AutotestTam1205\TestProject7\CodedUITest2.cs:line 905
</StackTrace>
        </ErrorInfo>
      </Output>
      <ResultFiles>
        <ResultFile path="ICDVDEVTM01\MotoRebrokeRenewExistingScheme.png" />
      </ResultFiles>
      <ExtensionResult>Exception has been thrown by the target of an invocation.</ExtensionResult>
    </UnitTestResult>
    <UnitTestResult executionId="af7718bf-6dc7-4a45-b748-a49d17a4c987" testId="72861ca4-760f-1d55-3273-faac7fb22762" testName="MotoRebrokeRenewNewScheme" computerName="ICDVDEVTM01" duration="00:06:15.4379455" startTime="2013-05-23T10:22:11.9839900+01:00" endTime="2013-05-23T10:28:27.4406670+01:00" testType="13cdc9d9-ddb5-4fa4-a97d-d965ccfc6d4b" outcome="Failed" testListId="8c84fa94-04c1-424b-9868-57a2d4851a1d" relativeResultsDirectory="af7718bf-6dc7-4a45-b748-a49d17a4c987">
      <Output>
        <DebugTrace>W, 5176, 24, 2013/05/23, 10:22:16.411, 2459988042553, QTAgent32.exe, &lt;a class=success&gt;Playback - {1} [SUCCESS] MouseButtonClick - "[MSAA, VisibleOnly]ControlType='Edit'"
\0&lt;/a&gt;
W, 5176, 24, 2013/05/23, 10:22:16.598, 2459990726185, QTAgent32.exe, &lt;a class=success&gt;Playback - {2} [SUCCESS] SendKeys "[*]" - "[MSAA, VisibleOnly]ControlType='Edit'"
\0&lt;/a&gt;
W, 5176, 24, 2013/05/23, 10:22:17.258, 2460000175589, QTAgent32.exe, &lt;a class=success&gt;Playback - {3} [SUCCESS] MouseButtonClick - "[MSAA, VisibleOnly]ControlType='Button' &amp;&amp; Name='OK'"
\0&lt;/a&gt;
W, 5176, 24, 2013/05/23, 10:22:17.427, 2460002596660, QTAgent32.exe, &lt;a class=success&gt;Playback - {4} [SUCCESS] SendKeys "^{HOME}" - "[MSAA, VisibleOnly]ControlType='Edit'"
\0&lt;/a&gt;
E, 5176, 24, 2013/05/23, 10:22:17.427, 2460002598613, QTAgent32.exe, Msaa.GetFocusedElement: could not find accessible object of foreground window
W, 5176, 24, 2013/05/23, 10:22:17.484, 2460003413250, QTAgent32.exe, &lt;a class=success&gt;Playback - {5} [SUCCESS] SendKeys "^+{END}" - "[MSAA, VisibleOnly]ControlType='Edit'"
\0&lt;/a&gt;
E, 5176, 24, 2013/05/23, 10:22:17.484, 2460003415462, QTAgent32.exe, Msaa.GetFocusedElement: could not find accessible object of foreground window
W, 5176, 24, 2013/05/23, 10:22:17.499, 2460003621080, QTAgent32.exe, &lt;a class=success&gt;Playback - {6} [SUCCESS] SendKeys "{DELETE}" - "[MSAA, VisibleOnly]ControlType='Edit'"
\0&lt;/a&gt;
W, 5176, 24, 2013/05/23, 10:22:17.721, 2460006809861, QTAgent32.exe, &lt;a class=success&gt;Playback - {7} [SUCCESS] SetValueAsEditBox "23/05/2013" - "[MSAA, VisibleOnly]ControlType='Edit'"  &lt; Set via SendKeys &gt;
\0&lt;/a&gt;
W, 5176, 24, 2013/05/23, 10:22:17.997, 2460010752761, QTAgent32.exe, Playback - [WARNING] Internal warning: Incorrect flag set for InvokeProgrammaticAction\0
W, 5176, 24, 2013/05/23, 10:22:18.115, 2460012448557, QTAgent32.exe, &lt;a class=success&gt;Playback - {8} [SUCCESS] SetValueAsComboBox "May" - "[MSAA, VisibleOnly]ControlType='ComboBox'"  &lt; SetValueAsComboBox, set by clicking on the item in the list box &gt;
\0&lt;/a&gt;
W, 5176, 24, 2013/05/23, 10:22:18.279, 2460014789279, QTAgent32.exe, &lt;a class=success&gt;Playback - {9} [SUCCESS] SendKeys "^{HOME}" - "[MSAA, VisibleOnly]ControlType='Edit'"
\0&lt;/a&gt;
E, 5176, 24, 2013/05/23, 10:22:18.279, 2460014791084, QTAgent32.exe, Msaa.GetFocusedElement: could not find accessible object of foreground window
W, 5176, 24, 2013/05/23, 10:22:18.335, 2460015591276, QTAgent32.exe, &lt;a class=success&gt;Playback - {10} [SUCCESS] SendKeys "^+{END}" - "[MSAA, VisibleOnly]ControlType='Edit'"
\0&lt;/a&gt;
E, 5176, 24, 2013/05/23, 10:22:18.335, 2460015593010, QTAgent32.exe, Msaa.GetFocusedElement: could not find accessible object of foreground window
W, 5176, 24, 2013/05/23, 10:22:18.347, 2460015771318, QTAgent32.exe, &lt;a class=success&gt;Playback - {11} [SUCCESS] SendKeys "{DELETE}" - "[MSAA, VisibleOnly]ControlType='Edit'"
\0&lt;/a&gt;
W, 5176, 24, 2013/05/23, 10:22:18.437, 2460017063583, QTAgent32.exe, &lt;a class=success&gt;Playback - {12} [SUCCESS] SetValueAsEditBox "2013" - "[MSAA, VisibleOnly]ControlType='Edit'"  &lt; Set via SendKeys &gt;
\0&lt;/a&gt;
W, 5176, 24, 2013/05/23, 10:22:18.655, 2460020172913, QTAgent32.exe, &lt;a class=success&gt;Playback - {13} [SUCCESS] MouseButtonClick - "[MSAA, VisibleOnly]ControlType='Button' &amp;&amp; Name='OK'"
\0&lt;/a&gt;
W, 5176, 24, 2013/05/23, 10:22:19.482, 2460032021137, QTAgent32.exe, Playback - [WARNING] Internal warning: Window Not Found: [VisibleOnly]ControlType='Window' &amp;&amp; Name='Warning' &amp;&amp; ClassName='#32770'
\0
E, 5176, 24, 2013/05/23, 10:22:19.482, 2460032023476, QTAgent32.exe, &lt;a class=failure&gt;Playback - {14} [FAILED] Function ElementFetcher::FindScreenElement failed to locate UI element (Searching: ;[VisibleOnly]ControlType='Window' &amp;&amp; Name='Warning' &amp;&amp; ClassName='#32770') (The object specified was not found.)
\0&lt;/a&gt;
E, 5176, 24, 2013/05/23, 10:22:19.523, 2460032604921, QTAgent32.exe, Playback - [IMAGE] C:\Users\testuser\AppData\Local\Temp\UITestLogs\LastRun\RPFA440.png
\0
W, 5176, 24, 2013/05/23, 10:22:19.523, 2460032606432, QTAgent32.exe, Playback - [WARNING] Internal warning: Couldn't find descendants that match QueryId
\0
W, 5176, 24, 2013/05/23, 10:22:19.523, 2460032608846, QTAgent32.exe, PERF WARNING: FindTopLevelWindowHelper::FindAllDescendents: took 755 ms. Expected it to take maximum 500 ms.
W, 5176, 24, 2013/05/23, 10:22:37.561, 2460290881514, QTAgent32.exe, Playback - [WARNING] Internal warning: Window Not Found: [VisibleOnly]ControlType='Window' &amp;&amp; Name='Warning' &amp;&amp; ClassName='#32770'
\0
E, 5176, 24, 2013/05/23, 10:22:37.561, 2460290883660, QTAgent32.exe, &lt;a class=failure&gt;Playback - {15} [FAILED] Function ElementFetcher::FindScreenElement failed to locate UI element (Searching: ;[VisibleOnly]ControlType='Window' &amp;&amp; Name='Warning' &amp;&amp; ClassName='#32770') (The object specified was not found.)
\0&lt;/a&gt;
E, 5176, 24, 2013/05/23, 10:22:37.613, 2460291620708, QTAgent32.exe, Playback - [IMAGE] C:\Users\testuser\AppData\Local\Temp\UITestLogs\LastRun\RPFEAE1.png
\0
W, 5176, 24, 2013/05/23, 10:22:37.613, 2460291622426, QTAgent32.exe, Playback - [WARNING] Internal warning: Couldn't find descendants that match QueryId
\0
W, 5176, 24, 2013/05/23, 10:22:37.613, 2460291624756, QTAgent32.exe, PERF WARNING: FindTopLevelWindowHelper::FindAllDescendents: took 18089 ms. Expected it to take maximum 500 ms.
W, 5176, 24, 2013/05/23, 10:22:38.060, 2460298019682, QTAgent32.exe, Playback - [WARNING] Internal warning: Smart Match failed
\0
W, 5176, 24, 2013/05/23, 10:22:38.273, 2460301072446, QTAgent32.exe, Playback - [WARNING] Internal warning: Smart Match failed
\0
W, 5176, 24, 2013/05/23, 10:22:38.484, 2460304088002, QTAgent32.exe, Playback - [WARNING] Internal warning: Smart Match failed
\0
W, 5176, 24, 2013/05/23, 10:22:38.691, 2460307063153, QTAgent32.exe, Playback - [WARNING] Internal warning: Smart Match failed
\0
W, 5176, 24, 2013/05/23, 10:22:38.894, 2460309972233, QTAgent32.exe, Playback - [WARNING] Internal warning: Smart Match failed
\0
W, 5176, 24, 2013/05/23, 10:22:39.096, 2460312857563, QTAgent32.exe, Playback - [WARNING] Internal warning: Smart Match failed
\0
W, 5176, 24, 2013/05/23, 10:22:39.294, 2460315697558, QTAgent32.exe, Playback - [WARNING] Internal warning: Smart Match failed
\0
W, 5176, 24, 2013/05/23, 10:22:39.492, 2460318531769, QTAgent32.exe, Playback - [WARNING] Internal warning: Smart Match failed
\0
W, 5176, 24, 2013/05/23, 10:22:39.692, 2460321383857, QTAgent32.exe, Playback - [WARNING] Internal warning: Smart Match failed
\0
W, 5176, 24, 2013/05/23, 10:22:39.889, 2460324205115, QTAgent32.exe, Playback - [WARNING] Internal warning: Smart Match failed
\0
W, 5176, 24, 2013/05/23, 10:22:40.086, 2460327023366, QTAgent32.exe, Playback - [WARNING] Internal warning: Smart Match failed
\0
W, 5176, 24, 2013/05/23, 10:22:40.281, 2460329818734, QTAgent32.exe, Playback - [WARNING] Internal warning: Smart Match failed
\0
W, 5176, 24, 2013/05/23, 10:22:40.484, 2460332726984, QTAgent32.exe, Playback - [WARNING] Internal warning: Smart Match failed
\0
W, 5176, 24, 2013/05/23, 10:22:40.689, 2460335661333, QTAgent32.exe, Playback - [WARNING] Internal warning: Smart Match failed
\0
W, 5176, 24, 2013/05/23, 10:22:40.790, 2460337111131, QTAgent32.exe, Playback - [WARNING] Internal warning: Window Not Found: [VisibleOnly]ControlType='Window' &amp;&amp; Name='Warning' &amp;&amp; ClassName='#32770'
\0
E, 5176, 24, 2013/05/23, 10:22:40.790, 2460337112932, QTAgent32.exe, &lt;a class=failure&gt;Playback - {16} [FAILED] Function ElementFetcher::FindScreenElement failed to locate UI element (Searching: ;[VisibleOnly]ControlType='Window' &amp;&amp; Name='Warning' &amp;&amp; ClassName='#32770') (The object specified was not found.)
\0&lt;/a&gt;
E, 5176, 24, 2013/05/23, 10:22:40.831, 2460337702177, QTAgent32.exe, Playback - [IMAGE] C:\Users\testuser\AppData\Local\Temp\UITestLogs\LastRun\RPFF77F.png
\0
W, 5176, 24, 2013/05/23, 10:22:40.832, 2460337703973, QTAgent32.exe, Playback - [WARNING] Internal warning: Couldn't find descendants that match QueryId
\0
W, 5176, 24, 2013/05/23, 10:22:40.832, 2460337706397, QTAgent32.exe, PERF WARNING: FindTopLevelWindowHelper::FindAllDescendents: took 3218 ms. Expected it to take maximum 500 ms.
E, 5176, 24, 2013/05/23, 10:22:40.832, 2460337708002, QTAgent32.exe, Exception: System.Runtime.InteropServices.COMException
	Message: Error HRESULT E_FAIL has been returned from a call to a COM component.
	Stack Trace:    at Microsoft.VisualStudio.TestTools.UITest.Playback.Engine.IRPFPlayback.FindAllScreenElements(IScreenElement pScreenElementStart, String bstrQueryId, Object&amp; pvarResKeys, Int32 cResKeys, Int32 nMaxDepth, Object[]&amp; foundDescendants)
   at Microsoft.VisualStudio.TestTools.UITest.Playback.ScreenElement.FindTopLevelWindowHelper(String queryId)
	BaseExceptionMessage: Error HRESULT E_FAIL has been returned from a call to a COM component.

E, 5176, 24, 2013/05/23, 10:22:40.949, 2460339385809, QTAgent32.exe, AL: Playback Error: Microsoft.VisualStudio.TestTools.UITest.Extension.UITestControlNotFoundException: The playback failed to find the control with the given search properties. Additional Details: 
TechnologyName:  'MSAA'
ControlType:  'Window'
Name:  'Warning'
ClassName:  '#32770'
 ---&gt; System.Runtime.InteropServices.COMException: Error HRESULT E_FAIL has been returned from a call to a COM component.
   at Microsoft.VisualStudio.TestTools.UITest.Playback.Engine.IRPFPlayback.FindAllScreenElements(IScreenElement pScreenElementStart, String bstrQueryId, Object&amp; pvarResKeys, Int32 cResKeys, Int32 nMaxDepth, Object[]&amp; foundDescendants)
   at Microsoft.VisualStudio.TestTools.UITest.Playback.ScreenElement.FindTopLevelWindowHelper(String queryId)
   at Microsoft.VisualStudio.TestTools.UITest.Playback.ScreenElement.FindFromPartialQueryId(String queryId)
   at Microsoft.VisualStudio.TestTools.UITesting.UITestControl..ctor(String queryId)
   --- End of inner exception stack trace ---
   at Microsoft.VisualStudio.TestTools.UITesting.Playback.MapControlNotFoundException(COMException ex, IPlaybackContext context)
   at Microsoft.VisualStudio.TestTools.UITesting.Playback.MapAndThrowComException(COMException innerException, IPlaybackContext context)
   at Microsoft.VisualStudio.TestTools.UITesting.Playback.MapAndThrowException(SystemException exception, IPlaybackContext context)
   at Microsoft.VisualStudio.TestTools.UITesting.Playback.MapAndThrowException(SystemException exception, String queryId)
   at Microsoft.VisualStudio.TestTools.UITesting.UITestControl..ctor(String queryId)
   at Microsoft.VisualStudio.TestTools.UITesting.SearchHelper.SearchTopLevelWindow(ISearchArgument topLevelSearchArg, String topLevelElementQueryId)
   at Microsoft.VisualStudio.TestTools.UITesting.SearchHelper.GetTitleUpdatedTopLevelWindow(ISearchArgument topLevelSearchArg, String queryId, IList`1 windowTitles)
   at Microsoft.VisualStudio.TestTools.UITesting.SearchHelper.GetTopLevelElement(Boolean useCache, Boolean useCacheOnly, ISearchArgument searchArg, IList`1 windowTitles, Int32&amp; timeLeft)
   at Microsoft.VisualStudio.TestTools.UITesting.SearchHelper.GetElement(Boolean useCache, ISearchArgument searchArg)
   at Microsoft.VisualStudio.TestTools.UITesting.SearchHelper.Search(ISearchArgument searchArg)
   at Microsoft.VisualStudio.TestTools.UITesting.UITestControl.FindInternal()
   at Microsoft.VisualStudio.TestTools.UITesting.UITestControl.FindControlIfNecessary()
   at Microsoft.VisualStudio.TestTools.UITesting.UITestControl.Click(MouseButtons button, ModifierKeys modifierKeys, Point relativeCoordinates)
   at Microsoft.VisualStudio.TestTools.UITesting.Mouse.ClickImplementation(UITestControl control, MouseButtons button, ModifierKeys modifierKeys, Point relativeCoordinate)
   at Microsoft.VisualStudio.TestTools.UITesting.Mouse.ClickImplementationWrapper(UITestControl control, MouseButtons button, ModifierKeys modifierKeys, Point relativeCoordinate)
W, 5176, 24, 2013/05/23, 10:22:40.949, 2460339388914, QTAgent32.exe, PlaybackErrorHandler: Ignoring exception as ContinueOnError is set.
W, 5176, 24, 2013/05/23, 10:22:40.993, 2460340017939, QTAgent32.exe, &lt;a class=success&gt;Playback - {17} [SUCCESS] TypeString "#(R)"
\0&lt;/a&gt;
E, 5176, 24, 2013/05/23, 10:22:41.564, 2460348192582, QTAgent32.exe, Exception: System.ArgumentException
	Message: Value does not fall within the expected range.
	Stack Trace:    at Accessibility.IAccessible.get_accRole(Object varChild)
   at Microsoft.VisualStudio.TestTools.UITest.Extension.Msaa.AccWrapper.get_RoleInt()
	BaseExceptionMessage: Value does not fall within the expected range.

E, 5176, 24, 2013/05/23, 10:22:41.566, 2460348219955, QTAgent32.exe, Exception: System.ArgumentException
	Message: Value does not fall within the expected range.
	Stack Trace:    at Accessibility.IAccessible.get_accRole(Object varChild)
   at Microsoft.VisualStudio.TestTools.UITest.Extension.Msaa.AccWrapper.get_RoleInt()
	BaseExceptionMessage: Value does not fall within the expected range.

W, 5176, 24, 2013/05/23, 10:22:41.805, 2460351641728, QTAgent32.exe, &lt;a class=success&gt;Playback - {18} [SUCCESS] LeftButtonClick  &lt; Mouse cursor location (87, 908) &gt;
\0&lt;/a&gt;
W, 5176, 24, 2013/05/23, 10:22:42.635, 2460363530182, QTAgent32.exe, &lt;a class=success&gt;Playback - {19} [SUCCESS] SetValueAsEditBox "c:\TestProject7\ourhighway.reg"  &lt; Set via SendKeys &gt;
\0&lt;/a&gt;
W, 5176, 24, 2013/05/23, 10:22:42.635, 2460363531916, QTAgent32.exe, &lt;a class=success&gt;Playback - {20} [SUCCESS] SetValueAsComboBox "c:\TestProject7\ourhighway.reg" - "[MSAA, VisibleOnly]ControlType='ComboBox' &amp;&amp; Name='Open:'"  &lt; Set via SetValueAsEditBox &gt;
\0&lt;/a&gt;
W, 5176, 24, 2013/05/23, 10:22:42.862, 2460366787103, QTAgent32.exe, &lt;a class=success&gt;Playback - {21} [SUCCESS] MouseButtonClick - "[MSAA, VisibleOnly]ControlType='Button' &amp;&amp; Name='OK'"
\0&lt;/a&gt;
W, 5176, 24, 2013/05/23, 10:22:43.513, 2460376102582, QTAgent32.exe, &lt;a class=success&gt;Playback - {22} [SUCCESS] MouseButtonClick - "[MSAA, VisibleOnly]ControlType='Button' &amp;&amp; Name='Yes'"
\0&lt;/a&gt;
W, 5176, 24, 2013/05/23, 10:22:43.816, 2460380429730, QTAgent32.exe, &lt;a class=success&gt;Playback - {23} [SUCCESS] MouseButtonClick - "[MSAA, VisibleOnly]ControlType='Button' &amp;&amp; Name='OK'"
\0&lt;/a&gt;
W, 5176, 24, 2013/05/23, 10:22:44.039, 2460383630107, QTAgent32.exe, &lt;a class=success&gt;Playback - {24} [SUCCESS] MouseButtonClick - "[MSAA, VisibleOnly]ControlType='Button' &amp;&amp; Name='Clients &amp; Files'"
\0&lt;/a&gt;
W, 5176, 24, 2013/05/23, 10:22:44.867, 2460395487412, QTAgent32.exe, PERF WARNING: FindTopLevelWindowHelper::FindAllDescendents: took 727 ms. Expected it to take maximum 500 ms.
W, 5176, 24, 2013/05/23, 10:22:45.110, 2460398964950, QTAgent32.exe, Playback - [WARNING] Internal warning: Incorrect flag set for InvokeProgrammaticAction\0
W, 5176, 24, 2013/05/23, 10:22:45.228, 2460400661293, QTAgent32.exe, &lt;a class=success&gt;Playback - {25} [SUCCESS] SetValueAsComboBox "Customers" - "[MSAA, VisibleOnly]ControlType='ComboBox'"  &lt; SetValueAsComboBox, set by clicking on the item in the list box &gt;
\0&lt;/a&gt;
W, 5176, 24, 2013/05/23, 10:22:45.690, 2460407274329, QTAgent32.exe, &lt;a class=success&gt;Playback - {26} [SUCCESS] MouseButtonClick - "[MSAA, VisibleOnly]ControlType='Button' &amp;&amp; Name='Add'"
\0&lt;/a&gt;
W, 5176, 24, 2013/05/23, 10:22:46.068, 2460412678778, QTAgent32.exe, &lt;a class=success&gt;Playback - {27} [SUCCESS] SendKeys "autotest" - "[MSAA, VisibleOnly]ControlType='RadioButton' &amp;&amp; Name='Personal Lines'"
\0&lt;/a&gt;
W, 5176, 24, 2013/05/23, 10:22:46.413, 2460417629456, QTAgent32.exe, &lt;a class=success&gt;Playback - {28} [SUCCESS] SetValueAsEditBox "autotest" - "[MSAA, VisibleOnly]ControlType='Edit'"  &lt; Set via SendKeys &gt;
\0&lt;/a&gt;
W, 5176, 24, 2013/05/23, 10:22:46.636, 2460420813560, QTAgent32.exe, &lt;a class=success&gt;Playback - {29} [SUCCESS] MouseButtonClick - "[MSAA, VisibleOnly]ControlType='Button' &amp;&amp; Name='OK'"
\0&lt;/a&gt;
W, 5176, 24, 2013/05/23, 10:22:47.010, 2460426167440, QTAgent32.exe, &lt;a class=success&gt;Playback - {30} [SUCCESS] MouseButtonClick - "[MSAA, VisibleOnly]ControlType='Button' &amp;&amp; Name='Yes'"
\0&lt;/a&gt;
W, 5176, 24, 2013/05/23, 10:22:47.252, 2460429633343, QTAgent32.exe, &lt;a class=success&gt;Playback - {31} [SUCCESS] SendKeys "^{HOME}" - "[MSAA, VisibleOnly]ControlType='Edit'"
\0&lt;/a&gt;
E, 5176, 24, 2013/05/23, 10:22:47.252, 2460429634981, QTAgent32.exe, Msaa.GetFocusedElement: could not find accessible object of foreground window
W, 5176, 24, 2013/05/23, 10:22:47.304, 2460430384895, QTAgent32.exe, &lt;a class=success&gt;Playback - {32} [SUCCESS] SendKeys "^+{END}" - "[MSAA, VisibleOnly]ControlType='Edit'"
\0&lt;/a&gt;
E, 5176, 24, 2013/05/23, 10:22:47.304, 2460430386565, QTAgent32.exe, Msaa.GetFocusedElement: could not find accessible object of foreground window
W, 5176, 24, 2013/05/23, 10:22:47.317, 2460430564887, QTAgent32.exe, &lt;a class=success&gt;Playback - {33} [SUCCESS] SendKeys "{DELETE}" - "[MSAA, VisibleOnly]ControlType='Edit'"
\0&lt;/a&gt;
W, 5176, 24, 2013/05/23, 10:22:47.370, 2460431326493, QTAgent32.exe, &lt;a class=success&gt;Playback - {34} [SUCCESS] SetValueAsEditBox "1" - "[MSAA, VisibleOnly]ControlType='Edit'"  &lt; Set via SendKeys &gt;
\0&lt;/a&gt;
W, 5176, 24, 2013/05/23, 10:22:47.566, 2460434130173, QTAgent32.exe, &lt;a class=success&gt;Playback - {35} [SUCCESS] SendKeys "^{HOME}" - "[MSAA, VisibleOnly]ControlType='Edit'"
\0&lt;/a&gt;
E, 5176, 24, 2013/05/23, 10:22:47.566, 2460434131846, QTAgent32.exe, Msaa.GetFocusedElement: could not find accessible object of foreground window
W, 5176, 24, 2013/05/23, 10:22:47.632, 2460435069322, QTAgent32.exe, &lt;a class=success&gt;Playback - {36} [SUCCESS] SendKeys "^+{END}" - "[MSAA, VisibleOnly]ControlType='Edit'"
\0&lt;/a&gt;
E, 5176, 24, 2013/05/23, 10:22:47.632, 2460435071458, QTAgent32.exe, Msaa.GetFocusedElement: could not find accessible object of foreground window
W, 5176, 24, 2013/05/23, 10:22:47.645, 2460435254617, QTAgent32.exe, &lt;a class=success&gt;Playback - {37} [SUCCESS] SendKeys "{DELETE}" - "[MSAA, VisibleOnly]ControlType='Edit'"
\0&lt;/a&gt;
W, 5176, 24, 2013/05/23, 10:22:47.692, 2460435937542, QTAgent32.exe, &lt;a class=success&gt;Playback - {38} [SUCCESS] SetValueAsEditBox "1" - "[MSAA, VisibleOnly]ControlType='Edit'"  &lt; Set via SendKeys &gt;
\0&lt;/a&gt;
W, 5176, 24, 2013/05/23, 10:22:49.300, 2460458951713, QTAgent32.exe, Playback - [WARNING] Internal warning: Target element "[MSAA, VisibleOnly]ControlType='Button' &amp;&amp; Name='OK'" was not found, so all intermediate elements were ignored. An incorrect element that matches target element Id can be found as the result.  Verify that all intermediate elements in QueryId have valid and unique Ids
\0
W, 5176, 24, 2013/05/23, 10:22:49.822, 2460466426357, QTAgent32.exe, PERF WARNING: FindAllDescendents: took 2028 ms. Expected it to take maximum 500 ms.
W, 5176, 24, 2013/05/23, 10:22:50.152, 2460471159549, QTAgent32.exe, &lt;a class=success&gt;Playback - {39} [SUCCESS] MouseButtonClick - "[MSAA, VisibleOnly]ControlType='Button' &amp;&amp; Name='OK'"
\0&lt;/a&gt;
W, 5176, 24, 2013/05/23, 10:22:50.525, 2460476501030, QTAgent32.exe, &lt;a class=success&gt;Playback - {40} [SUCCESS] MouseButtonClick - "[MSAA, VisibleOnly]ControlType='Button'"
\0&lt;/a&gt;
W, 5176, 24, 2013/05/23, 10:22:50.864, 2460481354120, QTAgent32.exe, &lt;a class=success&gt;Playback - {41} [SUCCESS] MouseButtonClick - "[MSAA, VisibleOnly]ControlType='Button' &amp;&amp; Name='Add'"
\0&lt;/a&gt;
W, 5176, 24, 2013/05/23, 10:22:51.201, 2460486179030, QTAgent32.exe, &lt;a class=success&gt;Playback - {42} [SUCCESS] MouseButtonClick - "[MSAA, VisibleOnly]ControlType='Button' &amp;&amp; Name='OK'"
\0&lt;/a&gt;
W, 5176, 24, 2013/05/23, 10:22:53.434, 2460518145469, QTAgent32.exe, &lt;a class=success&gt;Playback - {43} [SUCCESS] MouseButtonClick - "[MSAA, VisibleOnly,Window]ControlType='Window' &amp;&amp; ClassName='ThunderRT6TextBox'"
\0&lt;/a&gt;
W, 5176, 24, 2013/05/23, 10:22:53.696, 2460521900681, QTAgent32.exe, &lt;a class=success&gt;Playback - {44} [SUCCESS] SetValueAsEditBox "MOTO" - "[MSAA, VisibleOnly]ControlType='Edit'"  &lt; Set via SendKeys &gt;
\0&lt;/a&gt;
W, 5176, 24, 2013/05/23, 10:22:54.018, 2460526514107, QTAgent32.exe, &lt;a class=success&gt;Playback - {45} [SUCCESS] MouseButtonClick - "[MSAA, VisibleOnly]ControlType='Button' &amp;&amp; Name='OK'"
\0&lt;/a&gt;
W, 5176, 24, 2013/05/23, 10:22:54.255, 2460529909547, QTAgent32.exe, &lt;a class=success&gt;Playback - {46} [SUCCESS] MouseButtonClick - "[MSAA, VisibleOnly]ControlType='Button' &amp;&amp; Name='Options'"
\0&lt;/a&gt;
W, 5176, 24, 2013/05/23, 10:22:54.355, 2460531344039, QTAgent32.exe, FindScreenElementInSinglePass : Attempting to find control in one pass of search. Failures can occur.
W, 5176, 24, 2013/05/23, 10:22:54.511, 2460533567871, QTAgent32.exe, &lt;a class=success&gt;Playback - {47} [SUCCESS] MouseButtonClick - "[MSAA]ControlType='MenuItem' &amp;&amp; Name='Links'"
\0&lt;/a&gt;
W, 5176, 24, 2013/05/23, 10:22:54.611, 2460535003651, QTAgent32.exe, FindScreenElementInSinglePass : Attempting to find control in one pass of search. Failures can occur.
W, 5176, 24, 2013/05/23, 10:22:54.762, 2460537170284, QTAgent32.exe, &lt;a class=success&gt;Playback - {48} [SUCCESS] MouseButtonClick - "[MSAA]ControlType='MenuItem' &amp;&amp; Name='3rd Party Integration'"
\0&lt;/a&gt;
W, 5176, 24, 2013/05/23, 10:22:54.862, 2460538605747, QTAgent32.exe, FindScreenElementInSinglePass : Attempting to find control in one pass of search. Failures can occur.
W, 5176, 24, 2013/05/23, 10:22:55.022, 2460540894578, QTAgent32.exe, &lt;a class=success&gt;Playback - {49} [SUCCESS] MouseButtonClick - "[MSAA]ControlType='MenuItem' &amp;&amp; Name='Quote Select List'"
\0&lt;/a&gt;
W, 5176, 24, 2013/05/23, 10:22:56.098, 2460556284941, QTAgent32.exe, PERF WARNING: FindTopLevelWindowHelper::FindAllDescendents: took 973 ms. Expected it to take maximum 500 ms.
W, 5176, 24, 2013/05/23, 10:22:56.887, 2460567594306, QTAgent32.exe, &lt;a class=success&gt;Playback - {50} [SUCCESS] MouseButtonClick - "[MSAA, VisibleOnly]ControlType='Button' &amp;&amp; Name='Ok'"
\0&lt;/a&gt;
W, 5176, 24, 2013/05/23, 10:22:58.178, 2460586074340, QTAgent32.exe, PERF WARNING: FindTopLevelWindowHelper::FindAllDescendents: took 1190 ms. Expected it to take maximum 500 ms.
W, 5176, 24, 2013/05/23, 10:22:58.307, 2460587923135, QTAgent32.exe, &lt;a class=success&gt;Playback - {51} [SUCCESS] MouseButtonClick - "[MSAA, VisibleOnly]ControlType='Button' &amp;&amp; Name='Ok'"
\0&lt;/a&gt;
W, 5176, 24, 2013/05/23, 10:22:58.581, 2460591846686, QTAgent32.exe, &lt;a class=success&gt;Playback - {52} [SUCCESS] SetValueAsEditBox "test" - "[MSAA, VisibleOnly]ControlType='Edit'"  &lt; Set via SendKeys &gt;
\0&lt;/a&gt;
W, 5176, 24, 2013/05/23, 10:22:58.850, 2460595698383, QTAgent32.exe, &lt;a class=success&gt;Playback - {53} [SUCCESS] SetValueAsEditBox "test" - "[MSAA, VisibleOnly]ControlType='Edit'"  &lt; Set via SendKeys &gt;
\0&lt;/a&gt;
W, 5176, 24, 2013/05/23, 10:22:59.174, 2460600338246, QTAgent32.exe, &lt;a class=success&gt;Playback - {54} [SUCCESS] SetValueAsEditBox "160486" - "[MSAA, VisibleOnly]ControlType='Edit'"  &lt; Set via SendKeys &gt;
\0&lt;/a&gt;
W, 5176, 24, 2013/05/23, 10:22:59.491, 2460604877247, QTAgent32.exe, &lt;a class=success&gt;Playback - {55} [SUCCESS] SetValueAsEditBox "BN16BN" - "[MSAA, VisibleOnly]ControlType='Edit'"  &lt; Set via SendKeys &gt;
\0&lt;/a&gt;
W, 5176, 24, 2013/05/23, 10:23:01.714, 2460636700608, QTAgent32.exe, &lt;a class=success&gt;Playback - {56} [SUCCESS] MouseButtonClick - "[MSAA, VisibleOnly]ControlType='Button' &amp;&amp; Name='Lookup...'"
\0&lt;/a&gt;
W, 5176, 24, 2013/05/23, 10:23:01.946, 2460640031494, QTAgent32.exe, &lt;a class=success&gt;Playback - {57} [SUCCESS] MouseButtonClick - "[MSAA, VisibleOnly]ControlType='Button' &amp;&amp; Name='Ok'"
\0&lt;/a&gt;
W, 5176, 24, 2013/05/23, 10:23:02.178, 2460643354185, QTAgent32.exe, &lt;a class=success&gt;Playback - {58} [SUCCESS] MouseButtonClick - "[MSAA, VisibleOnly]ControlType='Button' &amp;&amp; Name='OK'"
\0&lt;/a&gt;
W, 5176, 24, 2013/05/23, 10:23:03.242, 2460658579871, QTAgent32.exe, PERF WARNING: FindTopLevelWindowHelper::FindAllDescendents: took 963 ms. Expected it to take maximum 500 ms.
W, 5176, 24, 2013/05/23, 10:23:03.856, 2460667366383, QTAgent32.exe, Playback - [WARNING] Internal warning: Incorrect flag set for InvokeProgrammaticAction\0
W, 5176, 24, 2013/05/23, 10:23:03.974, 2460669056725, QTAgent32.exe, &lt;a class=success&gt;Playback - {59} [SUCCESS] SetValueAsComboBox "Account Executive" - "[MSAA, VisibleOnly]ControlType='ComboBox'"  &lt; SetValueAsComboBox, set by clicking on the item in the list box &gt;
\0&lt;/a&gt;
W, 5176, 24, 2013/05/23, 10:23:04.347, 2460674396184, QTAgent32.exe, Playback - [WARNING] Internal warning: Incorrect flag set for InvokeProgrammaticAction\0
W, 5176, 24, 2013/05/23, 10:23:04.803, 2460680935306, QTAgent32.exe, &lt;a class=success&gt;Playback - {60} [SUCCESS] SetValueAsComboBox "Aerial Manufacturer" - "[MSAA, VisibleOnly]ControlType='ComboBox'"  &lt; SetValueAsComboBox, set by clicking on the item in the list box &gt;
\0&lt;/a&gt;
W, 5176, 24, 2013/05/23, 10:23:05.168, 2460686165364, QTAgent32.exe, &lt;a class=success&gt;Playback - {61} [SUCCESS] SetValueAsEditBox "151208" - "[MSAA, VisibleOnly]ControlType='Edit'"  &lt; Set via SendKeys &gt;
\0&lt;/a&gt;
W, 5176, 24, 2013/05/23, 10:23:05.394, 2460689392058, QTAgent32.exe, &lt;a class=success&gt;Playback - {62} [SUCCESS] MouseButtonClick - "[MSAA, VisibleOnly]ControlType='Button' &amp;&amp; Name='OK'"
\0&lt;/a&gt;
W, 5176, 24, 2013/05/23, 10:23:07.849, 2460724542119, QTAgent32.exe, PERF WARNING: FindTopLevelWindowHelper::FindAllDescendents: took 2226 ms. Expected it to take maximum 500 ms.
E, 5176, 24, 2013/05/23, 10:23:07.856, 2460724642329, QTAgent32.exe, Exception: System.ArgumentException
	Message: Value does not fall within the expected range.
	Stack Trace:    at Accessibility.IAccessible.get_accRole(Object varChild)
   at Microsoft.VisualStudio.TestTools.UITest.Extension.Msaa.AccWrapper.get_RoleInt()
	BaseExceptionMessage: Value does not fall within the expected range.

E, 5176, 24, 2013/05/23, 10:23:07.858, 2460724670512, QTAgent32.exe, Exception: System.ArgumentException
	Message: Value does not fall within the expected range.
	Stack Trace:    at Accessibility.IAccessible.get_accRole(Object varChild)
   at Microsoft.VisualStudio.TestTools.UITest.Extension.Msaa.AccWrapper.get_RoleInt()
	BaseExceptionMessage: Value does not fall within the expected range.

W, 5176, 24, 2013/05/23, 10:23:08.053, 2460727470297, QTAgent32.exe, &lt;a class=success&gt;Playback - {63} [SUCCESS] LeftButtonClick  &lt; Mouse cursor location (680, 395) &gt;
\0&lt;/a&gt;
W, 5176, 24, 2013/05/23, 10:23:08.305, 2460731067341, QTAgent32.exe, &lt;a class=success&gt;Playback - {64} [SUCCESS] SetValueAsEditBox "FORD"  &lt; Set via SendKeys &gt;
\0&lt;/a&gt;
W, 5176, 24, 2013/05/23, 10:23:08.305, 2460731069110, QTAgent32.exe, &lt;a class=success&gt;Playback - {65} [SUCCESS] SetValueAsComboBox "FORD" - "[MSAA, VisibleOnly]ControlType='ComboBox'"  &lt; Set via SetValueAsEditBox &gt;
\0&lt;/a&gt;
E, 5176, 24, 2013/05/23, 10:23:08.411, 2460732589184, QTAgent32.exe, Exception: System.ArgumentException
	Message: Value does not fall within the expected range.
	Stack Trace:    at Accessibility.IAccessible.get_accRole(Object varChild)
   at Microsoft.VisualStudio.TestTools.UITest.Extension.Msaa.AccWrapper.get_RoleInt()
	BaseExceptionMessage: Value does not fall within the expected range.

E, 5176, 24, 2013/05/23, 10:23:08.413, 2460732617094, QTAgent32.exe, Exception: System.ArgumentException
	Message: Value does not fall within the expected range.
	Stack Trace:    at Accessibility.IAccessible.get_accRole(Object varChild)
   at Microsoft.VisualStudio.TestTools.UITest.Extension.Msaa.AccWrapper.get_RoleInt()
	BaseExceptionMessage: Value does not fall within the expected range.

W, 5176, 24, 2013/05/23, 10:23:09.102, 2460742484944, QTAgent32.exe, &lt;a class=success&gt;Playback - {66} [SUCCESS] LeftButtonClick  &lt; Mouse cursor location (1040, 395) &gt;
\0&lt;/a&gt;
W, 5176, 24, 2013/05/23, 10:23:09.308, 2460745435304, QTAgent32.exe, &lt;a class=success&gt;Playback - {67} [SUCCESS] SetValueAsEditBox "KA"  &lt; Set via SendKeys &gt;
\0&lt;/a&gt;
W, 5176, 24, 2013/05/23, 10:23:09.308, 2460745436665, QTAgent32.exe, &lt;a class=success&gt;Playback - {68} [SUCCESS] SetValueAsComboBox "KA" - "[MSAA, VisibleOnly]ControlType='ComboBox'"  &lt; Set via SetValueAsEditBox &gt;
\0&lt;/a&gt;
W, 5176, 24, 2013/05/23, 10:23:09.822, 2460752800333, QTAgent32.exe, &lt;a class=success&gt;Playback - {69} [SUCCESS] MouseButtonClick - "[MSAA, VisibleOnly]ControlType='Button' &amp;&amp; Name='Filter'"
\0&lt;/a&gt;
W, 5176, 24, 2013/05/23, 10:23:10.133, 2460757249190, QTAgent32.exe, &lt;a class=success&gt;Playback - {70} [SUCCESS] MouseButtonClick - "[MSAA, VisibleOnly]ControlType='Button' &amp;&amp; Name='OK'"
\0&lt;/a&gt;
W, 5176, 24, 2013/05/23, 10:23:10.557, 2460763325690, QTAgent32.exe, &lt;a class=success&gt;Playback - {71} [SUCCESS] SendKeys "^{HOME}" - "[MSAA, VisibleOnly]ControlType='Edit'"
\0&lt;/a&gt;
E, 5176, 24, 2013/05/23, 10:23:10.557, 2460763327611, QTAgent32.exe, Msaa.GetFocusedElement: could not find accessible object of foreground window
W, 5176, 24, 2013/05/23, 10:23:10.611, 2460764091489, QTAgent32.exe, &lt;a class=success&gt;Playback - {72} [SUCCESS] SendKeys "^+{END}" - "[MSAA, VisibleOnly]ControlType='Edit'"
\0&lt;/a&gt;
E, 5176, 24, 2013/05/23, 10:23:10.611, 2460764092980, QTAgent32.exe, Msaa.GetFocusedElement: could not find accessible object of foreground window
W, 5176, 24, 2013/05/23, 10:23:10.623, 2460764270716, QTAgent32.exe, &lt;a class=success&gt;Playback - {73} [SUCCESS] SendKeys "{DELETE}" - "[MSAA, VisibleOnly]ControlType='Edit'"
\0&lt;/a&gt;
W, 5176, 24, 2013/05/23, 10:23:10.809, 2460766930181, QTAgent32.exe, &lt;a class=success&gt;Playback - {74} [SUCCESS] SetValueAsEditBox "123434" - "[MSAA, VisibleOnly]ControlType='Edit'"  &lt; Set via SendKeys &gt;
\0&lt;/a&gt;
W, 5176, 24, 2013/05/23, 10:23:11.037, 2460770199242, QTAgent32.exe, &lt;a class=success&gt;Playback - {75} [SUCCESS] SendKeys "^{HOME}" - "[MSAA, VisibleOnly]ControlType='Edit'"
\0&lt;/a&gt;
E, 5176, 24, 2013/05/23, 10:23:11.037, 2460770201311, QTAgent32.exe, Msaa.GetFocusedElement: could not find accessible object of foreground window
W, 5176, 24, 2013/05/23, 10:23:11.094, 2460771008077, QTAgent32.exe, &lt;a class=success&gt;Playback - {76} [SUCCESS] SendKeys "^+{END}" - "[MSAA, VisibleOnly]ControlType='Edit'"
\0&lt;/a&gt;
E, 5176, 24, 2013/05/23, 10:23:11.094, 2460771009907, QTAgent32.exe, Msaa.GetFocusedElement: could not find accessible object of foreground window
W, 5176, 24, 2013/05/23, 10:23:11.106, 2460771187575, QTAgent32.exe, &lt;a class=success&gt;Playback - {77} [SUCCESS] SendKeys "{DELETE}" - "[MSAA, VisibleOnly]ControlType='Edit'"
\0&lt;/a&gt;
W, 5176, 24, 2013/05/23, 10:23:11.256, 2460773324463, QTAgent32.exe, &lt;a class=success&gt;Playback - {78} [SUCCESS] SetValueAsEditBox "1000" - "[MSAA, VisibleOnly]ControlType='Edit'"  &lt; Set via SendKeys &gt;
\0&lt;/a&gt;
W, 5176, 24, 2013/05/23, 10:23:11.490, 2460776678786, QTAgent32.exe, &lt;a class=success&gt;Playback - {79} [SUCCESS] SendKeys "^{HOME}" - "[MSAA, VisibleOnly]ControlType='Edit'"
\0&lt;/a&gt;
E, 5176, 24, 2013/05/23, 10:23:11.490, 2460776680744, QTAgent32.exe, Msaa.GetFocusedElement: could not find accessible object of foreground window
W, 5176, 24, 2013/05/23, 10:23:11.547, 2460777494435, QTAgent32.exe, &lt;a class=success&gt;Playback - {80} [SUCCESS] SendKeys "^+{END}" - "[MSAA, VisibleOnly]ControlType='Edit'"
\0&lt;/a&gt;
E, 5176, 24, 2013/05/23, 10:23:11.547, 2460777496061, QTAgent32.exe, Msaa.GetFocusedElement: could not find accessible object of foreground window
W, 5176, 24, 2013/05/23, 10:23:11.560, 2460777674219, QTAgent32.exe, &lt;a class=success&gt;Playback - {81} [SUCCESS] SendKeys "{DELETE}" - "[MSAA, VisibleOnly]ControlType='Edit'"
\0&lt;/a&gt;
W, 5176, 24, 2013/05/23, 10:23:11.793, 2460781014427, QTAgent32.exe, &lt;a class=success&gt;Playback - {82} [SUCCESS] SetValueAsEditBox "30/05/13" - "[MSAA, VisibleOnly]ControlType='Edit'"  &lt; Set via SendKeys &gt;
\0&lt;/a&gt;
W, 5176, 24, 2013/05/23, 10:23:12.133, 2460785879823, QTAgent32.exe, &lt;a class=success&gt;Playback - {83} [SUCCESS] MouseButtonClick - "[MSAA, VisibleOnly]ControlType='Button' &amp;&amp; Name='Calculate Quote'"
\0&lt;/a&gt;
W, 5176, 24, 2013/05/23, 10:23:12.363, 2460789173150, QTAgent32.exe, &lt;a class=success&gt;Playback - {84} [SUCCESS] MouseButtonClick - "[MSAA, VisibleOnly]ControlType='Button' &amp;&amp; Name='Cancel'"
\0&lt;/a&gt;
W, 5176, 24, 2013/05/23, 10:23:12.609, 2460792706489, QTAgent32.exe, &lt;a class=success&gt;Playback - {85} [SUCCESS] MouseButtonClick - "[MSAA, VisibleOnly]ControlType='Button' &amp;&amp; Name='No'"
\0&lt;/a&gt;
W, 5176, 24, 2013/05/23, 10:23:12.841, 2460796015776, QTAgent32.exe, &lt;a class=success&gt;Playback - {86} [SUCCESS] MouseButtonClick - "[MSAA, VisibleOnly]ControlType='Button' &amp;&amp; Name='Ok'"
\0&lt;/a&gt;
W, 5176, 24, 2013/05/23, 10:23:15.068, 2460827903203, QTAgent32.exe, PERF WARNING: FindTopLevelWindowHelper::FindAllDescendents: took 2126 ms. Expected it to take maximum 500 ms.
W, 5176, 24, 2013/05/23, 10:23:15.201, 2460829814133, QTAgent32.exe, &lt;a class=success&gt;Playback - {87} [SUCCESS] MouseButtonClick - "[MSAA, VisibleOnly]ControlType='Client'"
\0&lt;/a&gt;
W, 5176, 24, 2013/05/23, 10:23:16.648, 2460850530269, QTAgent32.exe, &lt;a class=success&gt;Playback - {88} [SUCCESS] SendKeys "{Home}" - "[MSAA, VisibleOnly]ControlType='Client'"
\0&lt;/a&gt;
W, 5176, 24, 2013/05/23, 10:23:19.928, 2460897487080, QTAgent32.exe, &lt;a class=success&gt;Playback - {89} [SUCCESS] MouseButtonClick - "[MSAA, VisibleOnly]ControlType='Button' &amp;&amp; Name='Accept'"
\0&lt;/a&gt;
W, 5176, 24, 2013/05/23, 10:23:20.356, 2460903629816, QTAgent32.exe, &lt;a class=success&gt;Playback - {90} [SUCCESS] MouseButtonClick - "[MSAA, VisibleOnly]ControlType='Button' &amp;&amp; Name='Yes'"
\0&lt;/a&gt;
W, 5176, 24, 2013/05/23, 10:23:20.668, 2460908089568, QTAgent32.exe, &lt;a class=success&gt;Playback - {91} [SUCCESS] MouseButtonClick - "[MSAA, VisibleOnly]ControlType='Button' &amp;&amp; Name='Ok'"
\0&lt;/a&gt;
W, 5176, 24, 2013/05/23, 10:23:20.926, 2460911779218, QTAgent32.exe, &lt;a class=success&gt;Playback - {92} [SUCCESS] MouseButtonClick - "[MSAA, VisibleOnly]ControlType='Button' &amp;&amp; Name='Ok'"
\0&lt;/a&gt;
W, 5176, 24, 2013/05/23, 10:23:21.319, 2460917407973, QTAgent32.exe, &lt;a class=success&gt;Playback - {93} [SUCCESS] MouseButtonClick - "[MSAA, VisibleOnly]ControlType='Button' &amp;&amp; Name='Confirm'"
\0&lt;/a&gt;
W, 5176, 24, 2013/05/23, 10:23:46.826, 2461282626764, QTAgent32.exe, Playback - [WARNING] Internal warning: Window Not Found: [VisibleOnly]ControlType='Window' &amp;&amp; Name='Save the file as' &amp;&amp; ClassName='#32770'
\0
E, 5176, 24, 2013/05/23, 10:23:46.826, 2461282629180, QTAgent32.exe, &lt;a class=failure&gt;Playback - {94} [FAILED] Function ElementFetcher::FindScreenElement failed to locate UI element (Searching: ;[VisibleOnly]ControlType='Window' &amp;&amp; Name='Save the file as' &amp;&amp; ClassName='#32770') (The object specified was not found.)
\0&lt;/a&gt;
E, 5176, 24, 2013/05/23, 10:23:46.876, 2461283337059, QTAgent32.exe, Playback - [IMAGE] C:\Users\testuser\AppData\Local\Temp\UITestLogs\LastRun\RPFF974.png
\0
W, 5176, 24, 2013/05/23, 10:23:46.876, 2461283338660, QTAgent32.exe, Playback - [WARNING] Internal warning: Couldn't find descendants that match QueryId
\0
W, 5176, 24, 2013/05/23, 10:23:46.876, 2461283341420, QTAgent32.exe, PERF WARNING: FindTopLevelWindowHelper::FindAllDescendents: took 25457 ms. Expected it to take maximum 500 ms.
W, 5176, 24, 2013/05/23, 10:24:05.955, 2461556526734, QTAgent32.exe, Playback - [WARNING] Internal warning: Window Not Found: [VisibleOnly]ControlType='Window' &amp;&amp; Name='Save the file as' &amp;&amp; ClassName='#32770'
\0
E, 5176, 24, 2013/05/23, 10:24:05.956, 2461556529385, QTAgent32.exe, &lt;a class=failure&gt;Playback - {95} [FAILED] Function ElementFetcher::FindScreenElement failed to locate UI element (Searching: ;[VisibleOnly]ControlType='Window' &amp;&amp; Name='Save the file as' &amp;&amp; ClassName='#32770') (The object specified was not found.)
\0&lt;/a&gt;
E, 5176, 24, 2013/05/23, 10:24:05.999, 2461557149765, QTAgent32.exe, Playback - [IMAGE] C:\Users\testuser\AppData\Local\Temp\UITestLogs\LastRun\RPF443A.png
\0
W, 5176, 24, 2013/05/23, 10:24:05.999, 2461557151353, QTAgent32.exe, Playback - [WARNING] Internal warning: Couldn't find descendants that match QueryId
\0
W, 5176, 24, 2013/05/23, 10:24:05.999, 2461557154074, QTAgent32.exe, PERF WARNING: FindTopLevelWindowHelper::FindAllDescendents: took 19123 ms. Expected it to take maximum 500 ms.
W, 5176, 24, 2013/05/23, 10:24:08.612, 2461594569492, QTAgent32.exe, Playback - [WARNING] Internal warning: Smart Match failed
\0
W, 5176, 24, 2013/05/23, 10:24:09.780, 2461611285991, QTAgent32.exe, Playback - [WARNING] Internal warning: Window Not Found: [VisibleOnly]ControlType='Window' &amp;&amp; Name='Save the file as' &amp;&amp; ClassName='#32770'
\0
E, 5176, 24, 2013/05/23, 10:24:09.780, 2461611288223, QTAgent32.exe, &lt;a class=failure&gt;Playback - {96} [FAILED] Function ElementFetcher::FindScreenElement failed to locate UI element (Searching: ;[VisibleOnly]ControlType='Window' &amp;&amp; Name='Save the file as' &amp;&amp; ClassName='#32770') (The object specified was not found.)
\0&lt;/a&gt;
E, 5176, 24, 2013/05/23, 10:24:09.824, 2461611923234, QTAgent32.exe, Playback - [IMAGE] C:\Users\testuser\AppData\Local\Temp\UITestLogs\LastRun\RPF5329.png
\0
W, 5176, 24, 2013/05/23, 10:24:09.824, 2461611924867, QTAgent32.exe, Playback - [WARNING] Internal warning: Couldn't find descendants that match QueryId
\0
W, 5176, 24, 2013/05/23, 10:24:09.825, 2461611927560, QTAgent32.exe, PERF WARNING: FindTopLevelWindowHelper::FindAllDescendents: took 3825 ms. Expected it to take maximum 500 ms.
E, 5176, 24, 2013/05/23, 10:24:09.825, 2461611929175, QTAgent32.exe, Exception: System.Runtime.InteropServices.COMException
	Message: Error HRESULT E_FAIL has been returned from a call to a COM component.
	Stack Trace:    at Microsoft.VisualStudio.TestTools.UITest.Playback.Engine.IRPFPlayback.FindAllScreenElements(IScreenElement pScreenElementStart, String bstrQueryId, Object&amp; pvarResKeys, Int32 cResKeys, Int32 nMaxDepth, Object[]&amp; foundDescendants)
   at Microsoft.VisualStudio.TestTools.UITest.Playback.ScreenElement.FindTopLevelWindowHelper(String queryId)
	BaseExceptionMessage: Error HRESULT E_FAIL has been returned from a call to a COM component.

E, 5176, 24, 2013/05/23, 10:24:09.925, 2461613371871, QTAgent32.exe, AL: Playback Error: Microsoft.VisualStudio.TestTools.UITest.Extension.UITestControlNotFoundException: The playback failed to find the control with the given search properties. Additional Details: 
TechnologyName:  'MSAA'
ControlType:  'Window'
Name:  'Save the file as'
ClassName:  '#32770'
 ---&gt; System.Runtime.InteropServices.COMException: Error HRESULT E_FAIL has been returned from a call to a COM component.
   at Microsoft.VisualStudio.TestTools.UITest.Playback.Engine.IRPFPlayback.FindAllScreenElements(IScreenElement pScreenElementStart, String bstrQueryId, Object&amp; pvarResKeys, Int32 cResKeys, Int32 nMaxDepth, Object[]&amp; foundDescendants)
   at Microsoft.VisualStudio.TestTools.UITest.Playback.ScreenElement.FindTopLevelWindowHelper(String queryId)
   at Microsoft.VisualStudio.TestTools.UITest.Playback.ScreenElement.FindFromPartialQueryId(String queryId)
   at Microsoft.VisualStudio.TestTools.UITesting.UITestControl..ctor(String queryId)
   --- End of inner exception stack trace ---
   at Microsoft.VisualStudio.TestTools.UITesting.Playback.MapControlNotFoundException(COMException ex, IPlaybackContext context)
   at Microsoft.VisualStudio.TestTools.UITesting.Playback.MapAndThrowComException(COMException innerException, IPlaybackContext context)
   at Microsoft.VisualStudio.TestTools.UITesting.Playback.MapAndThrowException(SystemException exception, IPlaybackContext context)
   at Microsoft.VisualStudio.TestTools.UITesting.Playback.MapAndThrowException(SystemException exception, String queryId)
   at Microsoft.VisualStudio.TestTools.UITesting.UITestControl..ctor(String queryId)
   at Microsoft.VisualStudio.TestTools.UITesting.SearchHelper.SearchTopLevelWindow(ISearchArgument topLevelSearchArg, String topLevelElementQueryId)
   at Microsoft.VisualStudio.TestTools.UITesting.SearchHelper.GetTitleUpdatedTopLevelWindow(ISearchArgument topLevelSearchArg, String queryId, IList`1 windowTitles)
   at Microsoft.VisualStudio.TestTools.UITesting.SearchHelper.GetTopLevelElement(Boolean useCache, Boolean useCacheOnly, ISearchArgument searchArg, IList`1 windowTitles, Int32&amp; timeLeft)
   at Microsoft.VisualStudio.TestTools.UITesting.SearchHelper.GetElement(Boolean useCache, ISearchArgument searchArg)
   at Microsoft.VisualStudio.TestTools.UITesting.SearchHelper.Search(ISearchArgument searchArg)
   at Microsoft.VisualStudio.TestTools.UITesting.UITestControl.FindInternal()
   at Microsoft.VisualStudio.TestTools.UITesting.UITestControl.FindControlIfNecessary()
   at Microsoft.VisualStudio.TestTools.UITesting.UITestControl.Click(MouseButtons button, ModifierKeys modifierKeys, Point relativeCoordinates)
   at Microsoft.VisualStudio.TestTools.UITesting.Mouse.ClickImplementation(UITestControl control, MouseButtons button, ModifierKeys modifierKeys, Point relativeCoordinate)
   at Microsoft.VisualStudio.TestTools.UITesting.Mouse.ClickImplementationWrapper(UITestControl control, MouseButtons button, ModifierKeys modifierKeys, Point relativeCoordinate)
W, 5176, 24, 2013/05/23, 10:24:09.926, 2461613374081, QTAgent32.exe, PlaybackErrorHandler: Ignoring exception as ContinueOnError is set.
W, 5176, 24, 2013/05/23, 10:24:10.054, 2461615207177, QTAgent32.exe, &lt;a class=success&gt;Playback - {97} [SUCCESS] Check - "[MSAA, VisibleOnly]ControlType='CheckBox' &amp;&amp; Name='Defer Printing?'"
\0&lt;/a&gt;
W, 5176, 24, 2013/05/23, 10:24:10.527, 2461621974054, QTAgent32.exe, &lt;a class=success&gt;Playback - {98} [SUCCESS] MouseButtonClick - "[MSAA, VisibleOnly]ControlType='Button' &amp;&amp; Name='Ok'"
\0&lt;/a&gt;
W, 5176, 24, 2013/05/23, 10:24:11.605, 2461637415685, QTAgent32.exe, PERF WARNING: FindTopLevelWindowHelper::FindAllDescendents: took 978 ms. Expected it to take maximum 500 ms.
W, 5176, 24, 2013/05/23, 10:24:11.747, 2461639448730, QTAgent32.exe, &lt;a class=success&gt;Playback - {99} [SUCCESS] Uncheck - "[MSAA, VisibleOnly]ControlType='CheckBox' &amp;&amp; Name='Add Activity'"
\0&lt;/a&gt;
W, 5176, 24, 2013/05/23, 10:24:14.162, 2461674020598, QTAgent32.exe, &lt;a class=success&gt;Playback - {100} [SUCCESS] MouseButtonClick - "[MSAA, VisibleOnly]ControlType='Button' &amp;&amp; Name='Ok'"
\0&lt;/a&gt;
W, 5176, 24, 2013/05/23, 10:24:14.399, 2461677422906, QTAgent32.exe, &lt;a class=success&gt;Playback - {101} [SUCCESS] MouseButtonClick - "[MSAA, VisibleOnly]ControlType='Button' &amp;&amp; Name='Ok'"
\0&lt;/a&gt;
W, 5176, 24, 2013/05/23, 10:24:17.247, 2461718198023, QTAgent32.exe, PERF WARNING: FindTopLevelWindowHelper::FindAllDescendents: took 2746 ms. Expected it to take maximum 500 ms.
W, 5176, 24, 2013/05/23, 10:24:17.374, 2461720027131, QTAgent32.exe, &lt;a class=success&gt;Playback - {102} [SUCCESS] MouseButtonClick - "[MSAA, VisibleOnly]ControlType='Button' &amp;&amp; Name='OK'"
\0&lt;/a&gt;
W, 5176, 24, 2013/05/23, 10:24:17.599, 2461723235568, QTAgent32.exe, &lt;a class=success&gt;Playback - {103} [SUCCESS] MouseButtonClick - "[MSAA, VisibleOnly]ControlType='Button' &amp;&amp; Name='Cancel'"
\0&lt;/a&gt;
W, 5176, 24, 2013/05/23, 10:24:17.824, 2461726459829, QTAgent32.exe, &lt;a class=success&gt;Playback - {104} [SUCCESS] MouseButtonClick - "[MSAA, VisibleOnly]ControlType='Button'"
\0&lt;/a&gt;
W, 5176, 24, 2013/05/23, 10:24:18.238, 2461732383420, QTAgent32.exe, &lt;a class=success&gt;Playback - {105} [SUCCESS] MouseButtonClick - "[MSAA, VisibleOnly]ControlType='Button' &amp;&amp; Name='Detail'"
\0&lt;/a&gt;
W, 5176, 24, 2013/05/23, 10:24:21.999, 2461786236501, QTAgent32.exe, Playback - [WARNING] Internal warning: Window Not Found: [VisibleOnly]ControlType='Window' &amp;&amp; Name='Connect to www.insur-econnect.com'
\0
E, 5176, 24, 2013/05/23, 10:24:21.999, 2461786238295, QTAgent32.exe, &lt;a class=failure&gt;Playback - {106} [FAILED] Function ElementFetcher::FindScreenElement failed to locate UI element (Searching: ;[VisibleOnly]ControlType='Window' &amp;&amp; Name='Connect to www.insur-econnect.com') (The object specified was not found.)
\0&lt;/a&gt;
E, 5176, 24, 2013/05/23, 10:24:22.041, 2461786838901, QTAgent32.exe, Playback - [IMAGE] C:\Users\testuser\AppData\Local\Temp\UITestLogs\LastRun\RPF82E1.png
\0
W, 5176, 24, 2013/05/23, 10:24:22.041, 2461786840394, QTAgent32.exe, Playback - [WARNING] Internal warning: Couldn't find descendants that match QueryId
\0
W, 5176, 24, 2013/05/23, 10:24:22.041, 2461786842695, QTAgent32.exe, PERF WARNING: FindTopLevelWindowHelper::FindAllDescendents: took 919 ms. Expected it to take maximum 500 ms.
W, 5176, 24, 2013/05/23, 10:24:40.058, 2462044819667, QTAgent32.exe, Playback - [WARNING] Internal warning: Window Not Found: [VisibleOnly]ControlType='Window' &amp;&amp; Name='Connect to www.insur-econnect.com'
\0
E, 5176, 24, 2013/05/23, 10:24:40.059, 2462044821491, QTAgent32.exe, &lt;a class=failure&gt;Playback - {107} [FAILED] Function ElementFetcher::FindScreenElement failed to locate UI element (Searching: ;[VisibleOnly]ControlType='Window' &amp;&amp; Name='Connect to www.insur-econnect.com') (The object specified was not found.)
\0&lt;/a&gt;
E, 5176, 24, 2013/05/23, 10:24:40.103, 2462045455102, QTAgent32.exe, Playback - [IMAGE] C:\Users\testuser\AppData\Local\Temp\UITestLogs\LastRun\RPFC973.png
\0
W, 5176, 24, 2013/05/23, 10:24:40.103, 2462045456621, QTAgent32.exe, Playback - [WARNING] Internal warning: Couldn't find descendants that match QueryId
\0
W, 5176, 24, 2013/05/23, 10:24:40.103, 2462045459744, QTAgent32.exe, PERF WARNING: FindTopLevelWindowHelper::FindAllDescendents: took 18061 ms. Expected it to take maximum 500 ms.
W, 5176, 24, 2013/05/23, 10:24:40.664, 2462053491454, QTAgent32.exe, Playback - [WARNING] Internal warning: Smart Match failed
\0
W, 5176, 24, 2013/05/23, 10:24:40.932, 2462057327167, QTAgent32.exe, Playback - [WARNING] Internal warning: Smart Match failed
\0
W, 5176, 24, 2013/05/23, 10:24:41.194, 2462061086329, QTAgent32.exe, Playback - [WARNING] Internal warning: Smart Match failed
\0
W, 5176, 24, 2013/05/23, 10:24:41.457, 2462064846771, QTAgent32.exe, Playback - [WARNING] Internal warning: Smart Match failed
\0
W, 5176, 24, 2013/05/23, 10:24:41.722, 2462068641000, QTAgent32.exe, Playback - [WARNING] Internal warning: Smart Match failed
\0
W, 5176, 24, 2013/05/23, 10:24:41.981, 2462072345867, QTAgent32.exe, Playback - [WARNING] Internal warning: Smart Match failed
\0
W, 5176, 24, 2013/05/23, 10:24:42.243, 2462076098673, QTAgent32.exe, Playback - [WARNING] Internal warning: Smart Match failed
\0
W, 5176, 24, 2013/05/23, 10:24:42.508, 2462079895146, QTAgent32.exe, Playback - [WARNING] Internal warning: Smart Match failed
\0
W, 5176, 24, 2013/05/23, 10:24:42.780, 2462083788923, QTAgent32.exe, Playback - [WARNING] Internal warning: Smart Match failed
\0
W, 5176, 24, 2013/05/23, 10:24:43.056, 2462087740483, QTAgent32.exe, Playback - [WARNING] Internal warning: Smart Match failed
\0
W, 5176, 24, 2013/05/23, 10:24:43.211, 2462089955022, QTAgent32.exe, Playback - [WARNING] Internal warning: Window Not Found: [VisibleOnly]ControlType='Window' &amp;&amp; Name='Connect to www.insur-econnect.com'
\0
E, 5176, 24, 2013/05/23, 10:24:43.211, 2462089956936, QTAgent32.exe, &lt;a class=failure&gt;Playback - {108} [FAILED] Function ElementFetcher::FindScreenElement failed to locate UI element (Searching: ;[VisibleOnly]ControlType='Window' &amp;&amp; Name='Connect to www.insur-econnect.com') (The object specified was not found.)
\0&lt;/a&gt;
E, 5176, 24, 2013/05/23, 10:24:43.256, 2462090596554, QTAgent32.exe, Playback - [IMAGE] C:\Users\testuser\AppData\Local\Temp\UITestLogs\LastRun\RPFD5C3.png
\0
W, 5176, 24, 2013/05/23, 10:24:43.256, 2462090597996, QTAgent32.exe, Playback - [WARNING] Internal warning: Couldn't find descendants that match QueryId
\0
W, 5176, 24, 2013/05/23, 10:24:43.256, 2462090600483, QTAgent32.exe, PERF WARNING: FindTopLevelWindowHelper::FindAllDescendents: took 3152 ms. Expected it to take maximum 500 ms.
E, 5176, 24, 2013/05/23, 10:24:43.256, 2462090602279, QTAgent32.exe, Exception: System.Runtime.InteropServices.COMException
	Message: Error HRESULT E_FAIL has been returned from a call to a COM component.
	Stack Trace:    at Microsoft.VisualStudio.TestTools.UITest.Playback.Engine.IRPFPlayback.FindAllScreenElements(IScreenElement pScreenElementStart, String bstrQueryId, Object&amp; pvarResKeys, Int32 cResKeys, Int32 nMaxDepth, Object[]&amp; foundDescendants)
   at Microsoft.VisualStudio.TestTools.UITest.Playback.ScreenElement.FindTopLevelWindowHelper(String queryId)
	BaseExceptionMessage: Error HRESULT E_FAIL has been returned from a call to a COM component.

W, 5176, 24, 2013/05/23, 10:24:44.075, 2462102324653, QTAgent32.exe, Playback - [WARNING] Internal warning: Window Not Found: [VisibleOnly]ControlType='Window' &amp;&amp; Name='Windows Security'
\0
E, 5176, 24, 2013/05/23, 10:24:44.075, 2462102326476, QTAgent32.exe, &lt;a class=failure&gt;Playback - {109} [FAILED] Function ElementFetcher::FindScreenElement failed to locate UI element (Searching: ;[VisibleOnly]ControlType='Window' &amp;&amp; Name='Windows Security') (The object specified was not found.)
\0&lt;/a&gt;
E, 5176, 24, 2013/05/23, 10:24:44.118, 2462102941405, QTAgent32.exe, Playback - [IMAGE] C:\Users\testuser\AppData\Local\Temp\UITestLogs\LastRun\RPFD91E.png
\0
W, 5176, 24, 2013/05/23, 10:24:44.118, 2462102942967, QTAgent32.exe, Playback - [WARNING] Internal warning: Couldn't find descendants that match QueryId
\0
W, 5176, 24, 2013/05/23, 10:24:44.118, 2462102945511, QTAgent32.exe, PERF WARNING: FindTopLevelWindowHelper::FindAllDescendents: took 861 ms. Expected it to take maximum 500 ms.
W, 5176, 24, 2013/05/23, 10:25:02.213, 2462362029559, QTAgent32.exe, Playback - [WARNING] Internal warning: Window Not Found: [VisibleOnly]ControlType='Window' &amp;&amp; Name='Windows Security'
\0
E, 5176, 24, 2013/05/23, 10:25:02.213, 2462362031499, QTAgent32.exe, &lt;a class=failure&gt;Playback - {110} [FAILED] Function ElementFetcher::FindScreenElement failed to locate UI element (Searching: ;[VisibleOnly]ControlType='Window' &amp;&amp; Name='Windows Security') (The object specified was not found.)
\0&lt;/a&gt;
E, 5176, 24, 2013/05/23, 10:25:02.263, 2462362739321, QTAgent32.exe, Playback - [IMAGE] C:\Users\testuser\AppData\Local\Temp\UITestLogs\LastRun\RPF1FFE.png
\0
W, 5176, 24, 2013/05/23, 10:25:02.263, 2462362740799, QTAgent32.exe, Playback - [WARNING] Internal warning: Couldn't find descendants that match QueryId
\0
W, 5176, 24, 2013/05/23, 10:25:02.263, 2462362743149, QTAgent32.exe, PERF WARNING: FindTopLevelWindowHelper::FindAllDescendents: took 18144 ms. Expected it to take maximum 500 ms.
W, 5176, 24, 2013/05/23, 10:25:02.821, 2462370733715, QTAgent32.exe, Playback - [WARNING] Internal warning: Smart Match failed
\0
W, 5176, 24, 2013/05/23, 10:25:03.085, 2462374522355, QTAgent32.exe, Playback - [WARNING] Internal warning: Smart Match failed
\0
W, 5176, 24, 2013/05/23, 10:25:03.349, 2462378297078, QTAgent32.exe, Playback - [WARNING] Internal warning: Smart Match failed
\0
W, 5176, 24, 2013/05/23, 10:25:03.610, 2462382036462, QTAgent32.exe, Playback - [WARNING] Internal warning: Smart Match failed
\0
W, 5176, 24, 2013/05/23, 10:25:03.869, 2462385740127, QTAgent32.exe, Playback - [WARNING] Internal warning: Smart Match failed
\0
W, 5176, 24, 2013/05/23, 10:25:04.128, 2462389451300, QTAgent32.exe, Playback - [WARNING] Internal warning: Smart Match failed
\0
W, 5176, 24, 2013/05/23, 10:25:04.386, 2462393144441, QTAgent32.exe, Playback - [WARNING] Internal warning: Smart Match failed
\0
W, 5176, 24, 2013/05/23, 10:25:04.653, 2462396968062, QTAgent32.exe, Playback - [WARNING] Internal warning: Smart Match failed
\0
W, 5176, 24, 2013/05/23, 10:25:04.925, 2462400865633, QTAgent32.exe, Playback - [WARNING] Internal warning: Smart Match failed
\0
W, 5176, 24, 2013/05/23, 10:25:05.192, 2462404686947, QTAgent32.exe, Playback - [WARNING] Internal warning: Smart Match failed
\0
W, 5176, 24, 2013/05/23, 10:25:05.358, 2462407052587, QTAgent32.exe, Playback - [WARNING] Internal warning: Window Not Found: [VisibleOnly]ControlType='Window' &amp;&amp; Name='Windows Security'
\0
E, 5176, 24, 2013/05/23, 10:25:05.358, 2462407054462, QTAgent32.exe, &lt;a class=failure&gt;Playback - {111} [FAILED] Function ElementFetcher::FindScreenElement failed to locate UI element (Searching: ;[VisibleOnly]ControlType='Window' &amp;&amp; Name='Windows Security') (The object specified was not found.)
\0&lt;/a&gt;
E, 5176, 24, 2013/05/23, 10:25:05.403, 2462407708071, QTAgent32.exe, Playback - [IMAGE] C:\Users\testuser\AppData\Local\Temp\UITestLogs\LastRun\RPF2C3F.png
\0
W, 5176, 24, 2013/05/23, 10:25:05.403, 2462407709544, QTAgent32.exe, Playback - [WARNING] Internal warning: Couldn't find descendants that match QueryId
\0
W, 5176, 24, 2013/05/23, 10:25:05.404, 2462407711981, QTAgent32.exe, PERF WARNING: FindTopLevelWindowHelper::FindAllDescendents: took 3140 ms. Expected it to take maximum 500 ms.
E, 5176, 24, 2013/05/23, 10:25:05.404, 2462407713529, QTAgent32.exe, Exception: System.Runtime.InteropServices.COMException
	Message: Error HRESULT E_FAIL has been returned from a call to a COM component.
	Stack Trace:    at Microsoft.VisualStudio.TestTools.UITest.Playback.Engine.IRPFPlayback.FindAllScreenElements(IScreenElement pScreenElementStart, String bstrQueryId, Object&amp; pvarResKeys, Int32 cResKeys, Int32 nMaxDepth, Object[]&amp; foundDescendants)
   at Microsoft.VisualStudio.TestTools.UITest.Playback.ScreenElement.FindTopLevelWindowHelper(String queryId)
	BaseExceptionMessage: Error HRESULT E_FAIL has been returned from a call to a COM component.

E, 5176, 24, 2013/05/23, 10:25:05.504, 2462409154634, QTAgent32.exe, AL: Playback Error: Microsoft.VisualStudio.TestTools.UITest.Extension.UITestControlNotFoundException: The playback failed to find the control with the given search properties. Additional Details: 
TechnologyName:  'MSAA'
ControlType:  'Window'
Name:  'Windows Security'
 ---&gt; System.Runtime.InteropServices.COMException: Error HRESULT E_FAIL has been returned from a call to a COM component.
   at Microsoft.VisualStudio.TestTools.UITest.Playback.Engine.IRPFPlayback.FindAllScreenElements(IScreenElement pScreenElementStart, String bstrQueryId, Object&amp; pvarResKeys, Int32 cResKeys, Int32 nMaxDepth, Object[]&amp; foundDescendants)
   at Microsoft.VisualStudio.TestTools.UITest.Playback.ScreenElement.FindTopLevelWindowHelper(String queryId)
   at Microsoft.VisualStudio.TestTools.UITest.Playback.ScreenElement.FindFromPartialQueryId(String queryId)
   at Microsoft.VisualStudio.TestTools.UITesting.UITestControl..ctor(String queryId)
   --- End of inner exception stack trace ---
   at Microsoft.VisualStudio.TestTools.UITesting.Playback.MapControlNotFoundException(COMException ex, IPlaybackContext context)
   at Microsoft.VisualStudio.TestTools.UITesting.Playback.MapAndThrowComException(COMException innerException, IPlaybackContext context)
   at Microsoft.VisualStudio.TestTools.UITesting.Playback.MapAndThrowException(SystemException exception, IPlaybackContext context)
   at Microsoft.VisualStudio.TestTools.UITesting.Playback.MapAndThrowException(SystemException exception, String queryId)
   at Microsoft.VisualStudio.TestTools.UITesting.UITestControl..ctor(String queryId)
   at Microsoft.VisualStudio.TestTools.UITesting.SearchHelper.SearchTopLevelWindow(ISearchArgument topLevelSearchArg, String topLevelElementQueryId)
   at Microsoft.VisualStudio.TestTools.UITesting.SearchHelper.GetTitleUpdatedTopLevelWindow(ISearchArgument topLevelSearchArg, String queryId, IList`1 windowTitles)
   at Microsoft.VisualStudio.TestTools.UITesting.SearchHelper.GetTopLevelElement(Boolean useCache, Boolean useCacheOnly, ISearchArgument searchArg, IList`1 windowTitles, Int32&amp; timeLeft)
   at Microsoft.VisualStudio.TestTools.UITesting.SearchHelper.GetElement(Boolean useCache, ISearchArgument searchArg)
   at Microsoft.VisualStudio.TestTools.UITesting.SearchHelper.Search(ISearchArgument searchArg)
   at Microsoft.VisualStudio.TestTools.UITesting.UITestControl.FindInternal()
   at Microsoft.VisualStudio.TestTools.UITesting.UITestControl.FindControlIfNecessary()
   at Microsoft.VisualStudio.TestTools.UITesting.UITestControl.SendKeys(String text, ModifierKeys modifierKeys, Boolean isEncoded, Boolean isUnicode)
   at Microsoft.VisualStudio.TestTools.UITesting.Keyboard.SendKeysImplementation(UITestControl control, String text, ModifierKeys modifierKeys, Boolean isEncoded, Boolean isUnicode)
   at Microsoft.VisualStudio.TestTools.UITesting.Keyboard.SendKeysImplementationWrapper(UITestControl control, String text, ModifierKeys modifierKeys, Boolean isEncoded, Boolean isUnicode)
W, 5176, 24, 2013/05/23, 10:25:05.504, 2462409155829, QTAgent32.exe, PlaybackErrorHandler: Ignoring exception as ContinueOnError is set.
W, 5176, 24, 2013/05/23, 10:25:06.304, 2462420611569, QTAgent32.exe, Playback - [WARNING] Internal warning: Window Not Found: [VisibleOnly]ControlType='Window' &amp;&amp; Name='Windows Security'
\0
E, 5176, 24, 2013/05/23, 10:25:06.305, 2462420613614, QTAgent32.exe, &lt;a class=failure&gt;Playback - {112} [FAILED] Function ElementFetcher::FindScreenElement failed to locate UI element (Searching: ;[VisibleOnly]ControlType='Window' &amp;&amp; Name='Windows Security') (The object specified was not found.)
\0&lt;/a&gt;
E, 5176, 24, 2013/05/23, 10:25:06.348, 2462421234414, QTAgent32.exe, Playback - [IMAGE] C:\Users\testuser\AppData\Local\Temp\UITestLogs\LastRun\RPF2FF7.png
\0
W, 5176, 24, 2013/05/23, 10:25:06.348, 2462421236355, QTAgent32.exe, Playback - [WARNING] Internal warning: Couldn't find descendants that match QueryId
\0
W, 5176, 24, 2013/05/23, 10:25:06.348, 2462421238844, QTAgent32.exe, PERF WARNING: FindTopLevelWindowHelper::FindAllDescendents: took 843 ms. Expected it to take maximum 500 ms.
W, 5176, 24, 2013/05/23, 10:25:24.377, 2462679377770, QTAgent32.exe, Playback - [WARNING] Internal warning: Window Not Found: [VisibleOnly]ControlType='Window' &amp;&amp; Name='Windows Security'
\0
E, 5176, 24, 2013/05/23, 10:25:24.377, 2462679379586, QTAgent32.exe, &lt;a class=failure&gt;Playback - {113} [FAILED] Function ElementFetcher::FindScreenElement failed to locate UI element (Searching: ;[VisibleOnly]ControlType='Window' &amp;&amp; Name='Windows Security') (The object specified was not found.)
\0&lt;/a&gt;
E, 5176, 24, 2013/05/23, 10:25:24.420, 2462679992668, QTAgent32.exe, Playback - [IMAGE] C:\Users\testuser\AppData\Local\Temp\UITestLogs\LastRun\RPF7699.png
\0
W, 5176, 24, 2013/05/23, 10:25:24.420, 2462679994109, QTAgent32.exe, Playback - [WARNING] Internal warning: Couldn't find descendants that match QueryId
\0
W, 5176, 24, 2013/05/23, 10:25:24.420, 2462679996524, QTAgent32.exe, PERF WARNING: FindTopLevelWindowHelper::FindAllDescendents: took 18071 ms. Expected it to take maximum 500 ms.
W, 5176, 24, 2013/05/23, 10:25:24.988, 2462688136826, QTAgent32.exe, Playback - [WARNING] Internal warning: Smart Match failed
\0
W, 5176, 24, 2013/05/23, 10:25:25.262, 2462692053810, QTAgent32.exe, Playback - [WARNING] Internal warning: Smart Match failed
\0
W, 5176, 24, 2013/05/23, 10:25:25.523, 2462695788706, QTAgent32.exe, Playback - [WARNING] Internal warning: Smart Match failed
\0
W, 5176, 24, 2013/05/23, 10:25:25.781, 2462699473958, QTAgent32.exe, Playback - [WARNING] Internal warning: Smart Match failed
\0
W, 5176, 24, 2013/05/23, 10:25:26.042, 2462703212638, QTAgent32.exe, Playback - [WARNING] Internal warning: Smart Match failed
\0
W, 5176, 24, 2013/05/23, 10:25:26.299, 2462706904537, QTAgent32.exe, Playback - [WARNING] Internal warning: Smart Match failed
\0
W, 5176, 24, 2013/05/23, 10:25:26.557, 2462710587764, QTAgent32.exe, Playback - [WARNING] Internal warning: Smart Match failed
\0
W, 5176, 24, 2013/05/23, 10:25:26.824, 2462714413101, QTAgent32.exe, Playback - [WARNING] Internal warning: Smart Match failed
\0
W, 5176, 24, 2013/05/23, 10:25:27.098, 2462718333653, QTAgent32.exe, Playback - [WARNING] Internal warning: Smart Match failed
\0
W, 5176, 24, 2013/05/23, 10:25:27.370, 2462722236327, QTAgent32.exe, Playback - [WARNING] Internal warning: Smart Match failed
\0
W, 5176, 24, 2013/05/23, 10:25:27.533, 2462724564570, QTAgent32.exe, Playback - [WARNING] Internal warning: Window Not Found: [VisibleOnly]ControlType='Window' &amp;&amp; Name='Windows Security'
\0
E, 5176, 24, 2013/05/23, 10:25:27.533, 2462724566313, QTAgent32.exe, &lt;a class=failure&gt;Playback - {114} [FAILED] Function ElementFetcher::FindScreenElement failed to locate UI element (Searching: ;[VisibleOnly]ControlType='Window' &amp;&amp; Name='Windows Security') (The object specified was not found.)
\0&lt;/a&gt;
E, 5176, 24, 2013/05/23, 10:25:27.572, 2462725120695, QTAgent32.exe, Playback - [IMAGE] C:\Users\testuser\AppData\Local\Temp\UITestLogs\LastRun\RPF82E9.png
\0
W, 5176, 24, 2013/05/23, 10:25:27.572, 2462725122275, QTAgent32.exe, Playback - [WARNING] Internal warning: Couldn't find descendants that match QueryId
\0
W, 5176, 24, 2013/05/23, 10:25:27.572, 2462725124687, QTAgent32.exe, PERF WARNING: FindTopLevelWindowHelper::FindAllDescendents: took 3151 ms. Expected it to take maximum 500 ms.
E, 5176, 24, 2013/05/23, 10:25:27.572, 2462725126303, QTAgent32.exe, Exception: System.Runtime.InteropServices.COMException
	Message: Error HRESULT E_FAIL has been returned from a call to a COM component.
	Stack Trace:    at Microsoft.VisualStudio.TestTools.UITest.Playback.Engine.IRPFPlayback.FindAllScreenElements(IScreenElement pScreenElementStart, String bstrQueryId, Object&amp; pvarResKeys, Int32 cResKeys, Int32 nMaxDepth, Object[]&amp; foundDescendants)
   at Microsoft.VisualStudio.TestTools.UITest.Playback.ScreenElement.FindTopLevelWindowHelper(String queryId)
	BaseExceptionMessage: Error HRESULT E_FAIL has been returned from a call to a COM component.

E, 5176, 24, 2013/05/23, 10:25:27.674, 2462726581058, QTAgent32.exe, AL: Playback Error: Microsoft.VisualStudio.TestTools.UITest.Extension.UITestControlNotFoundException: The playback failed to find the control with the given search properties. Additional Details: 
TechnologyName:  'MSAA'
ControlType:  'Window'
Name:  'Windows Security'
 ---&gt; System.Runtime.InteropServices.COMException: Error HRESULT E_FAIL has been returned from a call to a COM component.
   at Microsoft.VisualStudio.TestTools.UITest.Playback.Engine.IRPFPlayback.FindAllScreenElements(IScreenElement pScreenElementStart, String bstrQueryId, Object&amp; pvarResKeys, Int32 cResKeys, Int32 nMaxDepth, Object[]&amp; foundDescendants)
   at Microsoft.VisualStudio.TestTools.UITest.Playback.ScreenElement.FindTopLevelWindowHelper(String queryId)
   at Microsoft.VisualStudio.TestTools.UITest.Playback.ScreenElement.FindFromPartialQueryId(String queryId)
   at Microsoft.VisualStudio.TestTools.UITesting.UITestControl..ctor(String queryId)
   --- End of inner exception stack trace ---
   at Microsoft.VisualStudio.TestTools.UITesting.Playback.MapControlNotFoundException(COMException ex, IPlaybackContext context)
   at Microsoft.VisualStudio.TestTools.UITesting.Playback.MapAndThrowComException(COMException innerException, IPlaybackContext context)
   at Microsoft.VisualStudio.TestTools.UITesting.Playback.MapAndThrowException(SystemException exception, IPlaybackContext context)
   at Microsoft.VisualStudio.TestTools.UITesting.Playback.MapAndThrowException(SystemException exception, String queryId)
   at Microsoft.VisualStudio.TestTools.UITesting.UITestControl..ctor(String queryId)
   at Microsoft.VisualStudio.TestTools.UITesting.SearchHelper.SearchTopLevelWindow(ISearchArgument topLevelSearchArg, String topLevelElementQueryId)
   at Microsoft.VisualStudio.TestTools.UITesting.SearchHelper.GetTitleUpdatedTopLevelWindow(ISearchArgument topLevelSearchArg, String queryId, IList`1 windowTitles)
   at Microsoft.VisualStudio.TestTools.UITesting.SearchHelper.GetTopLevelElement(Boolean useCache, Boolean useCacheOnly, ISearchArgument searchArg, IList`1 windowTitles, Int32&amp; timeLeft)
   at Microsoft.VisualStudio.TestTools.UITesting.SearchHelper.GetElement(Boolean useCache, ISearchArgument searchArg)
   at Microsoft.VisualStudio.TestTools.UITesting.SearchHelper.Search(ISearchArgument searchArg)
   at Microsoft.VisualStudio.TestTools.UITesting.UITestControl.FindInternal()
   at Microsoft.VisualStudio.TestTools.UITesting.UITestControl.FindControlIfNecessary()
   at Microsoft.VisualStudio.TestTools.UITesting.UITestControl.Click(MouseButtons button, ModifierKeys modifierKeys, Point relativeCoordinates)
   at Microsoft.VisualStudio.TestTools.UITesting.Mouse.ClickImplementation(UITestControl control, MouseButtons button, ModifierKeys modifierKeys, Point relativeCoordinate)
   at Microsoft.VisualStudio.TestTools.UITesting.Mouse.ClickImplementationWrapper(UITestControl control, MouseButtons button, ModifierKeys modifierKeys, Point relativeCoordinate)
W, 5176, 24, 2013/05/23, 10:25:27.674, 2462726582861, QTAgent32.exe, PlaybackErrorHandler: Ignoring exception as ContinueOnError is set.
W, 5176, 24, 2013/05/23, 10:25:28.094, 2462732598444, QTAgent32.exe, &lt;a class=success&gt;Playback - {115} [SUCCESS] MouseButtonClick - "[Web]ControlType='Hyperlink' &amp;&amp; TagName='A' &amp;&amp; Id='' &amp;&amp; Name='' &amp;&amp; Target='' &amp;&amp; InnerText='Renewals Maintenance' &amp;&amp; FilterCondition(AbsolutePath='/sysmaint/content/leftbar.asp', Title='', Href='https://www.insur-econnect.com/sysmaint/content/leftbar.asp#', Class='', ControlDefinition='style="COLOR: white" href="#"', TagInstance='39')"
\0&lt;/a&gt;
W, 5176, 24, 2013/05/23, 10:25:28.477, 2462738088344, QTAgent32.exe, &lt;a class=success&gt;Playback - {116} [SUCCESS] MouseButtonClick - "[Web]ControlType='Hyperlink' &amp;&amp; TagName='A' &amp;&amp; Id='' &amp;&amp; Name='' &amp;&amp; Target='content' &amp;&amp; InnerText='Create a Motor Test Renewal Invitation' &amp;&amp; FilterCondition(AbsolutePath='/sysmaint/content/AddTestRenewalNotice.asp', Title='', Href='https://www.insur-econnect.com/sysmaint/content/AddTestRenewalNotice.asp', Class='itemlink', ControlDefinition='class=itemlink href="AddTestRenewalNotic', TagInstance='1')"
\0&lt;/a&gt;
E, 5176, 24, 2013/05/23, 10:25:30.448, 2462766305446, QTAgent32.exe, Exception: System.NotSupportedException
	Message: Internal Error: This method on IEWebControlElement should not get called.
	Stack Trace:    at Microsoft.VisualStudio.TestTools.UITest.Extension.IE.BrowserOptionElementNode.InvokeProgrammaticAction(ProgrammaticActionOption programmaticActionOption)
	BaseExceptionMessage: Internal Error: This method on IEWebControlElement should not get called.

W, 5176, 24, 2013/05/23, 10:25:30.622, 2462768797674, QTAgent32.exe, &lt;a class=success&gt;Playback - {117} [SUCCESS] SetValueAsComboBox "Highway Insurance" - "[Web]ControlType='ComboBox' &amp;&amp; TagName='SELECT' &amp;&amp; Id='InsurerID' &amp;&amp; Name='InsurerID' &amp;&amp; FilterCondition(Size='0', LabeledBy='', Title='', ItemCount='54', Class='', ControlDefinition='id=InsurerID onchange=selectInsurer() na', TagInstance='1')"  &lt; SetValueAsComboBox, set by clicking on the item in the list box &gt;
\0&lt;/a&gt;
W, 5176, 24, 2013/05/23, 10:25:31.263, 2462777981148, QTAgent32.exe, &lt;a class=success&gt;Playback - {118} [SUCCESS] SetValueAsEditBox "7071001646" - "[Web]ControlType='Edit' &amp;&amp; TagName='INPUT' &amp;&amp; Id='' &amp;&amp; Name='txtPolicyNumber' &amp;&amp; LabeledBy='' &amp;&amp; Type='SINGLELINE' &amp;&amp; FilterCondition(Title='', Class='', ControlDefinition='name=txtPolicyNumber align=left size=15', TagInstance='1')"  &lt; Set via SendKeys &gt;
\0&lt;/a&gt;
W, 5176, 24, 2013/05/23, 10:25:31.705, 2462784304465, QTAgent32.exe, &lt;a class=success&gt;Playback - {119} [SUCCESS] SetValueAsEditBox "30/5/2013" - "[Web]ControlType='Edit' &amp;&amp; TagName='INPUT' &amp;&amp; Id='' &amp;&amp; Name='txtAutoLapseDate' &amp;&amp; LabeledBy='' &amp;&amp; Type='SINGLELINE' &amp;&amp; FilterCondition(Title='', Class='', ControlDefinition='name=txtAutoLapseDate maxLength=10 value', TagInstance='8')"  &lt; Set via SendKeys &gt;
\0&lt;/a&gt;
W, 5176, 24, 2013/05/23, 10:25:31.966, 2462788036992, QTAgent32.exe, &lt;a class=success&gt;Playback - {120} [SUCCESS] MouseButtonClick - "[Web]ControlType='Button' &amp;&amp; TagName='INPUT' &amp;&amp; Id='buttonCreate' &amp;&amp; Name='buttonCreate' &amp;&amp; FilterCondition(DisplayText='  Create Record  ', Type='button', Title='Click to create the new record', Class='', ControlDefinition='id=buttonCreate title="Click to create t', TagInstance='10')"
\0&lt;/a&gt;
W, 5176, 24, 2013/05/23, 10:25:34.321, 2462821760319, QTAgent32.exe, &lt;a class=success&gt;Playback - {121} [SUCCESS] MouseButtonClick - "[MSAA, VisibleOnly]ControlType='Button' &amp;&amp; Name='OK'"
\0&lt;/a&gt;
W, 5176, 24, 2013/05/23, 10:25:39.483, 2462895673073, QTAgent32.exe, &lt;a class=success&gt;Playback - {122} [SUCCESS] TypeString "%({F4})"
\0&lt;/a&gt;
W, 5176, 24, 2013/05/23, 10:25:39.801, 2462900218445, QTAgent32.exe, &lt;a class=success&gt;Playback - {123} [SUCCESS] SendKeys "^{HOME}" - "[MSAA, VisibleOnly]ControlType='Edit'"
\0&lt;/a&gt;
E, 5176, 24, 2013/05/23, 10:25:39.802, 2462900232553, QTAgent32.exe, Msaa.GetFocusedElement: could not find accessible object of foreground window
W, 5176, 24, 2013/05/23, 10:25:39.886, 2462901444325, QTAgent32.exe, &lt;a class=success&gt;Playback - {124} [SUCCESS] SendKeys "^+{END}" - "[MSAA, VisibleOnly]ControlType='Edit'"
\0&lt;/a&gt;
E, 5176, 24, 2013/05/23, 10:25:39.886, 2462901446321, QTAgent32.exe, Msaa.GetFocusedElement: could not find accessible object of foreground window
W, 5176, 24, 2013/05/23, 10:25:39.900, 2462901637996, QTAgent32.exe, &lt;a class=success&gt;Playback - {125} [SUCCESS] SendKeys "{DELETE}" - "[MSAA, VisibleOnly]ControlType='Edit'"
\0&lt;/a&gt;
W, 5176, 24, 2013/05/23, 10:25:40.261, 2462906807666, QTAgent32.exe, &lt;a class=success&gt;Playback - {126} [SUCCESS] SetValueAsEditBox "30/05/2012" - "[MSAA, VisibleOnly]ControlType='Edit'"  &lt; Set via SendKeys &gt;
\0&lt;/a&gt;
W, 5176, 24, 2013/05/23, 10:25:40.629, 2462912082439, QTAgent32.exe, &lt;a class=success&gt;Playback - {127} [SUCCESS] MouseButtonClick - "[MSAA, VisibleOnly]ControlType='Button' &amp;&amp; Name='OK'"
\0&lt;/a&gt;
W, 5176, 24, 2013/05/23, 10:25:41.683, 2462927164220, QTAgent32.exe, &lt;a class=success&gt;Playback - {128} [SUCCESS] MouseButtonClick - "[MSAA, VisibleOnly]ControlType='Client'"
\0&lt;/a&gt;
W, 5176, 24, 2013/05/23, 10:25:42.056, 2462932508992, QTAgent32.exe, &lt;a class=success&gt;Playback - {129} [SUCCESS] MouseButtonClick - "[MSAA, VisibleOnly]ControlType='Client'"
\0&lt;/a&gt;
W, 5176, 24, 2013/05/23, 10:25:42.857, 2462943982983, QTAgent32.exe, &lt;a class=success&gt;Playback - {130} [SUCCESS] SetValueAsEditBox "AUTO139" - "[MSAA, VisibleOnly]ControlType='Edit'"  &lt; Set via SendKeys &gt;
\0&lt;/a&gt;
W, 5176, 24, 2013/05/23, 10:25:43.129, 2462947880148, QTAgent32.exe, &lt;a class=success&gt;Playback - {131} [SUCCESS] SetValueAsEditBox "-1001" - "[MSAA, VisibleOnly]ControlType='Edit'"  &lt; Set via SendKeys &gt;
\0&lt;/a&gt;
W, 5176, 24, 2013/05/23, 10:25:43.282, 2462950067513, QTAgent32.exe, &lt;a class=success&gt;Playback - {132} [SUCCESS] SendKeys "^{HOME}" - "[MSAA, VisibleOnly]ControlType='Edit'"
\0&lt;/a&gt;
E, 5176, 24, 2013/05/23, 10:25:43.282, 2462950069358, QTAgent32.exe, Msaa.GetFocusedElement: could not find accessible object of foreground window
W, 5176, 24, 2013/05/23, 10:25:43.365, 2462951249243, QTAgent32.exe, &lt;a class=success&gt;Playback - {133} [SUCCESS] SendKeys "^+{END}" - "[MSAA, VisibleOnly]ControlType='Edit'"
\0&lt;/a&gt;
E, 5176, 24, 2013/05/23, 10:25:43.365, 2462951251294, QTAgent32.exe, Msaa.GetFocusedElement: could not find accessible object of foreground window
W, 5176, 24, 2013/05/23, 10:25:43.378, 2462951436077, QTAgent32.exe, &lt;a class=success&gt;Playback - {134} [SUCCESS] SendKeys "{DELETE}" - "[MSAA, VisibleOnly]ControlType='Edit'"
\0&lt;/a&gt;
W, 5176, 24, 2013/05/23, 10:25:43.663, 2462955520137, QTAgent32.exe, &lt;a class=success&gt;Playback - {135} [SUCCESS] SetValueAsEditBox "30/05/2012" - "[MSAA, VisibleOnly]ControlType='Edit'"  &lt; Set via SendKeys &gt;
\0&lt;/a&gt;
W, 5176, 24, 2013/05/23, 10:25:43.891, 2462958787258, QTAgent32.exe, &lt;a class=success&gt;Playback - {136} [SUCCESS] MouseButtonClick - "[MSAA, VisibleOnly]ControlType='Button' &amp;&amp; Name='Regress'"
\0&lt;/a&gt;
W, 5176, 24, 2013/05/23, 10:25:44.307, 2462964746426, QTAgent32.exe, &lt;a class=success&gt;Playback - {137} [SUCCESS] MouseButtonClick - "[MSAA, VisibleOnly]ControlType='Button' &amp;&amp; Name='Exit'"
\0&lt;/a&gt;
W, 5176, 24, 2013/05/23, 10:25:44.659, 2462969787083, QTAgent32.exe, &lt;a class=success&gt;Playback - {138} [SUCCESS] MouseButtonClick - "[MSAA, VisibleOnly]ControlType='Button'"
\0&lt;/a&gt;
W, 5176, 24, 2013/05/23, 10:25:44.921, 2462973524265, QTAgent32.exe, &lt;a class=success&gt;Playback - {139} [SUCCESS] MouseButtonClick - "[MSAA, VisibleOnly]ControlType='Button' &amp;&amp; Name='Options'"
\0&lt;/a&gt;
W, 5176, 24, 2013/05/23, 10:25:45.021, 2462974958816, QTAgent32.exe, FindScreenElementInSinglePass : Attempting to find control in one pass of search. Failures can occur.
W, 5176, 24, 2013/05/23, 10:25:45.174, 2462977154799, QTAgent32.exe, &lt;a class=success&gt;Playback - {140} [SUCCESS] MouseButtonClick - "[MSAA]ControlType='MenuItem' &amp;&amp; Name='Links'"
\0&lt;/a&gt;
W, 5176, 24, 2013/05/23, 10:25:45.274, 2462978589620, QTAgent32.exe, FindScreenElementInSinglePass : Attempting to find control in one pass of search. Failures can occur.
W, 5176, 24, 2013/05/23, 10:25:45.428, 2462980784794, QTAgent32.exe, &lt;a class=success&gt;Playback - {141} [SUCCESS] MouseButtonClick - "[MSAA]ControlType='MenuItem' &amp;&amp; Name='3rd Party Integration'"
\0&lt;/a&gt;
W, 5176, 24, 2013/05/23, 10:25:45.528, 2462982220309, QTAgent32.exe, FindScreenElementInSinglePass : Attempting to find control in one pass of search. Failures can occur.
W, 5176, 24, 2013/05/23, 10:25:45.882, 2462987297597, QTAgent32.exe, &lt;a class=success&gt;Playback - {142} [SUCCESS] MouseButtonClick - "[MSAA]ControlType='MenuItem' &amp;&amp; Name='Renewals Loader'"
\0&lt;/a&gt;
W, 5176, 24, 2013/05/23, 10:25:46.136, 2462990933436, QTAgent32.exe, &lt;a class=success&gt;Playback - {143} [SUCCESS] MouseButtonClick - "[MSAA, VisibleOnly]ControlType='TitleBar'"
\0&lt;/a&gt;
W, 5176, 24, 2013/05/23, 10:25:46.437, 2462995241303, QTAgent32.exe, &lt;a class=success&gt;Playback - {144} [SUCCESS] SendKeys "^{HOME}" - "[MSAA, VisibleOnly]ControlType='Edit'"
\0&lt;/a&gt;
E, 5176, 24, 2013/05/23, 10:25:46.437, 2462995243498, QTAgent32.exe, Msaa.GetFocusedElement: could not find accessible object of foreground window
W, 5176, 24, 2013/05/23, 10:25:46.629, 2462997991322, QTAgent32.exe, &lt;a class=success&gt;Playback - {145} [SUCCESS] SendKeys "^+{END}" - "[MSAA, VisibleOnly]ControlType='Edit'"
\0&lt;/a&gt;
E, 5176, 24, 2013/05/23, 10:25:46.629, 2462997993453, QTAgent32.exe, Msaa.GetFocusedElement: could not find accessible object of foreground window
W, 5176, 24, 2013/05/23, 10:25:46.643, 2462998192603, QTAgent32.exe, &lt;a class=success&gt;Playback - {146} [SUCCESS] SendKeys "{DELETE}" - "[MSAA, VisibleOnly]ControlType='Edit'"
\0&lt;/a&gt;
W, 5176, 24, 2013/05/23, 10:25:46.997, 2463003252754, QTAgent32.exe, &lt;a class=success&gt;Playback - {147} [SUCCESS] SetValueAsEditBox "23/05/2013" - "[MSAA, VisibleOnly]ControlType='Edit'"  &lt; Set via SendKeys &gt;
\0&lt;/a&gt;
W, 5176, 24, 2013/05/23, 10:25:47.183, 2463005916832, QTAgent32.exe, &lt;a class=success&gt;Playback - {148} [SUCCESS] SendKeys "^{HOME}" - "[MSAA, VisibleOnly]ControlType='Edit'"
\0&lt;/a&gt;
E, 5176, 24, 2013/05/23, 10:25:47.183, 2463005918537, QTAgent32.exe, Msaa.GetFocusedElement: could not find accessible object of foreground window
W, 5176, 24, 2013/05/23, 10:25:47.279, 2463007297129, QTAgent32.exe, &lt;a class=success&gt;Playback - {149} [SUCCESS] SendKeys "^+{END}" - "[MSAA, VisibleOnly]ControlType='Edit'"
\0&lt;/a&gt;
E, 5176, 24, 2013/05/23, 10:25:47.280, 2463007310798, QTAgent32.exe, Msaa.GetFocusedElement: could not find accessible object of foreground window
W, 5176, 24, 2013/05/23, 10:25:47.295, 2463007529188, QTAgent32.exe, &lt;a class=success&gt;Playback - {150} [SUCCESS] SendKeys "{DELETE}" - "[MSAA, VisibleOnly]ControlType='Edit'"
\0&lt;/a&gt;
W, 5176, 24, 2013/05/23, 10:25:47.601, 2463011910715, QTAgent32.exe, &lt;a class=success&gt;Playback - {151} [SUCCESS] SetValueAsEditBox "06/06/2013" - "[MSAA, VisibleOnly]ControlType='Edit'"  &lt; Set via SendKeys &gt;
\0&lt;/a&gt;
W, 5176, 24, 2013/05/23, 10:25:47.952, 2463016935789, QTAgent32.exe, &lt;a class=success&gt;Playback - {152} [SUCCESS] MouseButtonClick - "[MSAA, VisibleOnly]ControlType='Button' &amp;&amp; Name='Run'"
\0&lt;/a&gt;
W, 5176, 24, 2013/05/23, 10:25:53.108, 2463090749911, QTAgent32.exe, FindNTopWindows : Search will be continued for 12000 even on failure
W, 5176, 24, 2013/05/23, 10:25:53.232, 2463092531336, QTAgent32.exe, Playback - [WARNING] Internal warning: Smart Match failed
\0
E, 5176, 24, 2013/05/23, 10:25:53.360, 2463094356628, QTAgent32.exe, &lt;a class=failure&gt;Playback - {153} [FAILED] Function ElementFetcher::FindScreenElement failed to locate UI element (Searching: ;[VisibleOnly,FindAll]Name='insurE-com System Maintenance' &amp;&amp; ClassName='IEFrame' &amp;&amp; ControlType='Window' &amp;&amp; FilterCondition(OrderOfInvocation='2')) (The object specified was not found.)
\0&lt;/a&gt;
E, 5176, 24, 2013/05/23, 10:25:53.407, 2463095038910, QTAgent32.exe, Playback - [IMAGE] C:\Users\testuser\AppData\Local\Temp\UITestLogs\LastRun\RPFE7C4.png
\0
W, 5176, 24, 2013/05/23, 10:25:53.407, 2463095040496, QTAgent32.exe, Playback - [WARNING] Internal warning: Couldn't find descendants that match QueryId
\0
W, 5176, 24, 2013/05/23, 10:25:53.536, 2463096879882, QTAgent32.exe, Playback - [WARNING] Internal warning: Smart Match failed
\0
E, 5176, 24, 2013/05/23, 10:25:53.654, 2463098564436, QTAgent32.exe, &lt;a class=failure&gt;Playback - {154} [FAILED] Function ElementFetcher::FindScreenElement failed to locate UI element (Searching: ;[VisibleOnly,FindAll]Name='insurE-com System Maintenance' &amp;&amp; ClassName='IEFrame' &amp;&amp; ControlType='Window' &amp;&amp; FilterCondition(OrderOfInvocation='2')) (The object specified was not found.)
\0&lt;/a&gt;
E, 5176, 24, 2013/05/23, 10:25:53.695, 2463099163698, QTAgent32.exe, Playback - [IMAGE] C:\Users\testuser\AppData\Local\Temp\UITestLogs\LastRun\RPFE8FD.png
\0
W, 5176, 24, 2013/05/23, 10:25:53.695, 2463099165250, QTAgent32.exe, Playback - [WARNING] Internal warning: Couldn't find descendants that match QueryId
\0
W, 5176, 24, 2013/05/23, 10:25:53.823, 2463100993000, QTAgent32.exe, Playback - [WARNING] Internal warning: Smart Match failed
\0
E, 5176, 24, 2013/05/23, 10:25:53.934, 2463102581844, QTAgent32.exe, &lt;a class=failure&gt;Playback - {155} [FAILED] Function ElementFetcher::FindScreenElement failed to locate UI element (Searching: ;[VisibleOnly,FindAll]Name='insurE-com System Maintenance' &amp;&amp; ClassName='IEFrame' &amp;&amp; ControlType='Window' &amp;&amp; FilterCondition(OrderOfInvocation='2')) (The object specified was not found.)
\0&lt;/a&gt;
E, 5176, 24, 2013/05/23, 10:25:53.971, 2463103113653, QTAgent32.exe, Playback - [IMAGE] C:\Users\testuser\AppData\Local\Temp\UITestLogs\LastRun\RPFEA07.png
\0
W, 5176, 24, 2013/05/23, 10:25:53.971, 2463103115354, QTAgent32.exe, Playback - [WARNING] Internal warning: Couldn't find descendants that match QueryId
\0
W, 5176, 24, 2013/05/23, 10:25:54.099, 2463104948838, QTAgent32.exe, Playback - [WARNING] Internal warning: Smart Match failed
\0
E, 5176, 24, 2013/05/23, 10:25:54.211, 2463106551373, QTAgent32.exe, &lt;a class=failure&gt;Playback - {156} [FAILED] Function ElementFetcher::FindScreenElement failed to locate UI element (Searching: ;[VisibleOnly,FindAll]Name='insurE-com System Maintenance' &amp;&amp; ClassName='IEFrame' &amp;&amp; ControlType='Window' &amp;&amp; FilterCondition(OrderOfInvocation='2')) (The object specified was not found.)
\0&lt;/a&gt;
E, 5176, 24, 2013/05/23, 10:25:54.252, 2463107133146, QTAgent32.exe, Playback - [IMAGE] C:\Users\testuser\AppData\Local\Temp\UITestLogs\LastRun\RPFEB21.png
\0
W, 5176, 24, 2013/05/23, 10:25:54.252, 2463107134888, QTAgent32.exe, Playback - [WARNING] Internal warning: Couldn't find descendants that match QueryId
\0
W, 5176, 24, 2013/05/23, 10:25:54.379, 2463108957678, QTAgent32.exe, Playback - [WARNING] Internal warning: Smart Match failed
\0
E, 5176, 24, 2013/05/23, 10:25:54.493, 2463110579592, QTAgent32.exe, &lt;a class=failure&gt;Playback - {157} [FAILED] Function ElementFetcher::FindScreenElement failed to locate UI element (Searching: ;[VisibleOnly,FindAll]Name='insurE-com System Maintenance' &amp;&amp; ClassName='IEFrame' &amp;&amp; ControlType='Window' &amp;&amp; FilterCondition(OrderOfInvocation='2')) (The object specified was not found.)
\0&lt;/a&gt;
E, 5176, 24, 2013/05/23, 10:25:54.530, 2463111110519, QTAgent32.exe, Playback - [IMAGE] C:\Users\testuser\AppData\Local\Temp\UITestLogs\LastRun\RPFEC3B.png
\0
W, 5176, 24, 2013/05/23, 10:25:54.530, 2463111112044, QTAgent32.exe, Playback - [WARNING] Internal warning: Couldn't find descendants that match QueryId
\0
W, 5176, 24, 2013/05/23, 10:25:54.661, 2463112989873, QTAgent32.exe, Playback - [WARNING] Internal warning: Smart Match failed
\0
E, 5176, 24, 2013/05/23, 10:25:54.790, 2463114845842, QTAgent32.exe, &lt;a class=failure&gt;Playback - {158} [FAILED] Function ElementFetcher::FindScreenElement failed to locate UI element (Searching: ;[VisibleOnly,FindAll]Name='insurE-com System Maintenance' &amp;&amp; ClassName='IEFrame' &amp;&amp; ControlType='Window' &amp;&amp; FilterCondition(OrderOfInvocation='2')) (The object specified was not found.)
\0&lt;/a&gt;
E, 5176, 24, 2013/05/23, 10:25:54.828, 2463115381914, QTAgent32.exe, Playback - [IMAGE] C:\Users\testuser\AppData\Local\Temp\UITestLogs\LastRun\RPFED64.png
\0
W, 5176, 24, 2013/05/23, 10:25:54.828, 2463115383629, QTAgent32.exe, Playback - [WARNING] Internal warning: Couldn't find descendants that match QueryId
\0
W, 5176, 24, 2013/05/23, 10:25:54.969, 2463117395396, QTAgent32.exe, Playback - [WARNING] Internal warning: Smart Match failed
\0
E, 5176, 24, 2013/05/23, 10:25:55.112, 2463119453333, QTAgent32.exe, &lt;a class=failure&gt;Playback - {159} [FAILED] Function ElementFetcher::FindScreenElement failed to locate UI element (Searching: ;[VisibleOnly,FindAll]Name='insurE-com System Maintenance' &amp;&amp; ClassName='IEFrame' &amp;&amp; ControlType='Window' &amp;&amp; FilterCondition(OrderOfInvocation='2')) (The object specified was not found.)
\0&lt;/a&gt;
E, 5176, 24, 2013/05/23, 10:25:55.149, 2463119986494, QTAgent32.exe, Playback - [IMAGE] C:\Users\testuser\AppData\Local\Temp\UITestLogs\LastRun\RPFEEAD.png
\0
W, 5176, 24, 2013/05/23, 10:25:55.150, 2463119988184, QTAgent32.exe, Playback - [WARNING] Internal warning: Couldn't find descendants that match QueryId
\0
W, 5176, 24, 2013/05/23, 10:25:55.283, 2463121904128, QTAgent32.exe, Playback - [WARNING] Internal warning: Smart Match failed
\0
E, 5176, 24, 2013/05/23, 10:25:55.416, 2463123805941, QTAgent32.exe, &lt;a class=failure&gt;Playback - {160} [FAILED] Function ElementFetcher::FindScreenElement failed to locate UI element (Searching: ;[VisibleOnly,FindAll]Name='insurE-com System Maintenance' &amp;&amp; ClassName='IEFrame' &amp;&amp; ControlType='Window' &amp;&amp; FilterCondition(OrderOfInvocation='2')) (The object specified was not found.)
\0&lt;/a&gt;
E, 5176, 24, 2013/05/23, 10:25:55.457, 2463124385505, QTAgent32.exe, Playback - [IMAGE] C:\Users\testuser\AppData\Local\Temp\UITestLogs\LastRun\RPFEFD6.png
\0
W, 5176, 24, 2013/05/23, 10:25:55.457, 2463124387259, QTAgent32.exe, Playback - [WARNING] Internal warning: Couldn't find descendants that match QueryId
\0
W, 5176, 24, 2013/05/23, 10:25:55.590, 2463126288782, QTAgent32.exe, Playback - [WARNING] Internal warning: Smart Match failed
\0
E, 5176, 24, 2013/05/23, 10:25:55.715, 2463128079974, QTAgent32.exe, &lt;a class=failure&gt;Playback - {161} [FAILED] Function ElementFetcher::FindScreenElement failed to locate UI element (Searching: ;[VisibleOnly,FindAll]Name='insurE-com System Maintenance' &amp;&amp; ClassName='IEFrame' &amp;&amp; ControlType='Window' &amp;&amp; FilterCondition(OrderOfInvocation='2')) (The object specified was not found.)
\0&lt;/a&gt;
E, 5176, 24, 2013/05/23, 10:25:55.752, 2463128619408, QTAgent32.exe, Playback - [IMAGE] C:\Users\testuser\AppData\Local\Temp\UITestLogs\LastRun\RPFF100.png
\0
W, 5176, 24, 2013/05/23, 10:25:55.752, 2463128621009, QTAgent32.exe, Playback - [WARNING] Internal warning: Couldn't find descendants that match QueryId
\0
W, 5176, 24, 2013/05/23, 10:25:55.889, 2463130581802, QTAgent32.exe, Playback - [WARNING] Internal warning: Smart Match failed
\0
E, 5176, 24, 2013/05/23, 10:25:56.012, 2463132331207, QTAgent32.exe, &lt;a class=failure&gt;Playback - {162} [FAILED] Function ElementFetcher::FindScreenElement failed to locate UI element (Searching: ;[VisibleOnly,FindAll]Name='insurE-com System Maintenance' &amp;&amp; ClassName='IEFrame' &amp;&amp; ControlType='Window' &amp;&amp; FilterCondition(OrderOfInvocation='2')) (The object specified was not found.)
\0&lt;/a&gt;
E, 5176, 24, 2013/05/23, 10:25:56.050, 2463132888067, QTAgent32.exe, Playback - [IMAGE] C:\Users\testuser\AppData\Local\Temp\UITestLogs\LastRun\RPFF229.png
\0
W, 5176, 24, 2013/05/23, 10:25:56.051, 2463132889839, QTAgent32.exe, Playback - [WARNING] Internal warning: Couldn't find descendants that match QueryId
\0
W, 5176, 24, 2013/05/23, 10:25:56.188, 2463134852414, QTAgent32.exe, Playback - [WARNING] Internal warning: Smart Match failed
\0
E, 5176, 24, 2013/05/23, 10:25:56.302, 2463136490980, QTAgent32.exe, &lt;a class=failure&gt;Playback - {163} [FAILED] Function ElementFetcher::FindScreenElement failed to locate UI element (Searching: ;[VisibleOnly,FindAll]Name='insurE-com System Maintenance' &amp;&amp; ClassName='IEFrame' &amp;&amp; ControlType='Window' &amp;&amp; FilterCondition(OrderOfInvocation='2')) (The object specified was not found.)
\0&lt;/a&gt;
E, 5176, 24, 2013/05/23, 10:25:56.339, 2463137027012, QTAgent32.exe, Playback - [IMAGE] C:\Users\testuser\AppData\Local\Temp\UITestLogs\LastRun\RPFF352.png
\0
W, 5176, 24, 2013/05/23, 10:25:56.340, 2463137028804, QTAgent32.exe, Playback - [WARNING] Internal warning: Couldn't find descendants that match QueryId
\0
W, 5176, 24, 2013/05/23, 10:25:56.468, 2463138862721, QTAgent32.exe, Playback - [WARNING] Internal warning: Smart Match failed
\0
E, 5176, 24, 2013/05/23, 10:25:56.599, 2463140735738, QTAgent32.exe, &lt;a class=failure&gt;Playback - {164} [FAILED] Function ElementFetcher::FindScreenElement failed to locate UI element (Searching: ;[VisibleOnly,FindAll]Name='insurE-com System Maintenance' &amp;&amp; ClassName='IEFrame' &amp;&amp; ControlType='Window' &amp;&amp; FilterCondition(OrderOfInvocation='2')) (The object specified was not found.)
\0&lt;/a&gt;
E, 5176, 24, 2013/05/23, 10:25:56.636, 2463141263353, QTAgent32.exe, Playback - [IMAGE] C:\Users\testuser\AppData\Local\Temp\UITestLogs\LastRun\RPFF47C.png
\0
W, 5176, 24, 2013/05/23, 10:25:56.636, 2463141265131, QTAgent32.exe, Playback - [WARNING] Internal warning: Couldn't find descendants that match QueryId
\0
W, 5176, 24, 2013/05/23, 10:25:56.763, 2463143089398, QTAgent32.exe, Playback - [WARNING] Internal warning: Smart Match failed
\0
E, 5176, 24, 2013/05/23, 10:25:56.900, 2463145042620, QTAgent32.exe, &lt;a class=failure&gt;Playback - {165} [FAILED] Function ElementFetcher::FindScreenElement failed to locate UI element (Searching: ;[VisibleOnly,FindAll]Name='insurE-com System Maintenance' &amp;&amp; ClassName='IEFrame' &amp;&amp; ControlType='Window' &amp;&amp; FilterCondition(OrderOfInvocation='2')) (The object specified was not found.)
\0&lt;/a&gt;
E, 5176, 24, 2013/05/23, 10:25:56.937, 2463145572608, QTAgent32.exe, Playback - [IMAGE] C:\Users\testuser\AppData\Local\Temp\UITestLogs\LastRun\RPFF5A5.png
\0
W, 5176, 24, 2013/05/23, 10:25:56.937, 2463145574124, QTAgent32.exe, Playback - [WARNING] Internal warning: Couldn't find descendants that match QueryId
\0
W, 5176, 24, 2013/05/23, 10:25:57.065, 2463147406173, QTAgent32.exe, Playback - [WARNING] Internal warning: Smart Match failed
\0
E, 5176, 24, 2013/05/23, 10:25:57.179, 2463149036856, QTAgent32.exe, &lt;a class=failure&gt;Playback - {166} [FAILED] Function ElementFetcher::FindScreenElement failed to locate UI element (Searching: ;[VisibleOnly,FindAll]Name='insurE-com System Maintenance' &amp;&amp; ClassName='IEFrame' &amp;&amp; ControlType='Window' &amp;&amp; FilterCondition(OrderOfInvocation='2')) (The object specified was not found.)
\0&lt;/a&gt;
E, 5176, 24, 2013/05/23, 10:25:57.215, 2463149563698, QTAgent32.exe, Playback - [IMAGE] C:\Users\testuser\AppData\Local\Temp\UITestLogs\LastRun\RPFF6BF.png
\0
W, 5176, 24, 2013/05/23, 10:25:57.216, 2463149565467, QTAgent32.exe, Playback - [WARNING] Internal warning: Couldn't find descendants that match QueryId
\0
W, 5176, 24, 2013/05/23, 10:25:57.344, 2463151399971, QTAgent32.exe, Playback - [WARNING] Internal warning: Smart Match failed
\0
E, 5176, 24, 2013/05/23, 10:25:57.468, 2463153184288, QTAgent32.exe, &lt;a class=failure&gt;Playback - {167} [FAILED] Function ElementFetcher::FindScreenElement failed to locate UI element (Searching: ;[VisibleOnly,FindAll]Name='insurE-com System Maintenance' &amp;&amp; ClassName='IEFrame' &amp;&amp; ControlType='Window' &amp;&amp; FilterCondition(OrderOfInvocation='2')) (The object specified was not found.)
\0&lt;/a&gt;
E, 5176, 24, 2013/05/23, 10:25:57.505, 2463153712271, QTAgent32.exe, Playback - [IMAGE] C:\Users\testuser\AppData\Local\Temp\UITestLogs\LastRun\RPFF7E8.png
\0
W, 5176, 24, 2013/05/23, 10:25:57.505, 2463153713805, QTAgent32.exe, Playback - [WARNING] Internal warning: Couldn't find descendants that match QueryId
\0
W, 5176, 24, 2013/05/23, 10:25:57.633, 2463155549213, QTAgent32.exe, Playback - [WARNING] Internal warning: Smart Match failed
\0
E, 5176, 24, 2013/05/23, 10:25:57.753, 2463157263425, QTAgent32.exe, &lt;a class=failure&gt;Playback - {168} [FAILED] Function ElementFetcher::FindScreenElement failed to locate UI element (Searching: ;[VisibleOnly,FindAll]Name='insurE-com System Maintenance' &amp;&amp; ClassName='IEFrame' &amp;&amp; ControlType='Window' &amp;&amp; FilterCondition(OrderOfInvocation='2')) (The object specified was not found.)
\0&lt;/a&gt;
E, 5176, 24, 2013/05/23, 10:25:57.791, 2463157810856, QTAgent32.exe, Playback - [IMAGE] C:\Users\testuser\AppData\Local\Temp\UITestLogs\LastRun\RPFF902.png
\0
W, 5176, 24, 2013/05/23, 10:25:57.791, 2463157812402, QTAgent32.exe, Playback - [WARNING] Internal warning: Couldn't find descendants that match QueryId
\0
W, 5176, 24, 2013/05/23, 10:25:57.919, 2463159642757, QTAgent32.exe, Playback - [WARNING] Internal warning: Smart Match failed
\0
E, 5176, 24, 2013/05/23, 10:25:58.037, 2463161329081, QTAgent32.exe, &lt;a class=failure&gt;Playback - {169} [FAILED] Function ElementFetcher::FindScreenElement failed to locate UI element (Searching: ;[VisibleOnly,FindAll]Name='insurE-com System Maintenance' &amp;&amp; ClassName='IEFrame' &amp;&amp; ControlType='Window' &amp;&amp; FilterCondition(OrderOfInvocation='2')) (The object specified was not found.)
\0&lt;/a&gt;
E, 5176, 24, 2013/05/23, 10:25:58.074, 2463161855861, QTAgent32.exe, Playback - [IMAGE] C:\Users\testuser\AppData\Local\Temp\UITestLogs\LastRun\RPFFA1C.png
\0
W, 5176, 24, 2013/05/23, 10:25:58.074, 2463161857578, QTAgent32.exe, Playback - [WARNING] Internal warning: Couldn't find descendants that match QueryId
\0
W, 5176, 24, 2013/05/23, 10:25:58.204, 2463163722333, QTAgent32.exe, Playback - [WARNING] Internal warning: Smart Match failed
\0
E, 5176, 24, 2013/05/23, 10:25:58.326, 2463165471494, QTAgent32.exe, &lt;a class=failure&gt;Playback - {170} [FAILED] Function ElementFetcher::FindScreenElement failed to locate UI element (Searching: ;[VisibleOnly,FindAll]Name='insurE-com System Maintenance' &amp;&amp; ClassName='IEFrame' &amp;&amp; ControlType='Window' &amp;&amp; FilterCondition(OrderOfInvocation='2')) (The object specified was not found.)
\0&lt;/a&gt;
E, 5176, 24, 2013/05/23, 10:25:58.364, 2463166007611, QTAgent32.exe, Playback - [IMAGE] C:\Users\testuser\AppData\Local\Temp\UITestLogs\LastRun\RPFFB45.png
\0
W, 5176, 24, 2013/05/23, 10:25:58.364, 2463166009114, QTAgent32.exe, Playback - [WARNING] Internal warning: Couldn't find descendants that match QueryId
\0
W, 5176, 24, 2013/05/23, 10:25:58.492, 2463167841321, QTAgent32.exe, Playback - [WARNING] Internal warning: Smart Match failed
\0
E, 5176, 24, 2013/05/23, 10:25:58.602, 2463169414764, QTAgent32.exe, &lt;a class=failure&gt;Playback - {171} [FAILED] Function ElementFetcher::FindScreenElement failed to locate UI element (Searching: ;[VisibleOnly,FindAll]Name='insurE-com System Maintenance' &amp;&amp; ClassName='IEFrame' &amp;&amp; ControlType='Window' &amp;&amp; FilterCondition(OrderOfInvocation='2')) (The object specified was not found.)
\0&lt;/a&gt;
E, 5176, 24, 2013/05/23, 10:25:58.638, 2463169940739, QTAgent32.exe, Playback - [IMAGE] C:\Users\testuser\AppData\Local\Temp\UITestLogs\LastRun\RPFFC50.png
\0
W, 5176, 24, 2013/05/23, 10:25:58.639, 2463169942429, QTAgent32.exe, Playback - [WARNING] Internal warning: Couldn't find descendants that match QueryId
\0
W, 5176, 24, 2013/05/23, 10:25:58.766, 2463171766639, QTAgent32.exe, Playback - [WARNING] Internal warning: Smart Match failed
\0
E, 5176, 24, 2013/05/23, 10:25:58.893, 2463173584289, QTAgent32.exe, &lt;a class=failure&gt;Playback - {172} [FAILED] Function ElementFetcher::FindScreenElement failed to locate UI element (Searching: ;[VisibleOnly,FindAll]Name='insurE-com System Maintenance' &amp;&amp; ClassName='IEFrame' &amp;&amp; ControlType='Window' &amp;&amp; FilterCondition(OrderOfInvocation='2')) (The object specified was not found.)
\0&lt;/a&gt;
E, 5176, 24, 2013/05/23, 10:25:58.930, 2463174119808, QTAgent32.exe, Playback - [IMAGE] C:\Users\testuser\AppData\Local\Temp\UITestLogs\LastRun\RPFFD79.png
\0
W, 5176, 24, 2013/05/23, 10:25:58.930, 2463174121342, QTAgent32.exe, Playback - [WARNING] Internal warning: Couldn't find descendants that match QueryId
\0
W, 5176, 24, 2013/05/23, 10:25:59.059, 2463175966308, QTAgent32.exe, Playback - [WARNING] Internal warning: Smart Match failed
\0
E, 5176, 24, 2013/05/23, 10:25:59.173, 2463177593282, QTAgent32.exe, &lt;a class=failure&gt;Playback - {173} [FAILED] Function ElementFetcher::FindScreenElement failed to locate UI element (Searching: ;[VisibleOnly,FindAll]Name='insurE-com System Maintenance' &amp;&amp; ClassName='IEFrame' &amp;&amp; ControlType='Window' &amp;&amp; FilterCondition(OrderOfInvocation='2')) (The object specified was not found.)
\0&lt;/a&gt;
E, 5176, 24, 2013/05/23, 10:25:59.210, 2463178124898, QTAgent32.exe, Playback - [IMAGE] C:\Users\testuser\AppData\Local\Temp\UITestLogs\LastRun\RPFFE93.png
\0
W, 5176, 24, 2013/05/23, 10:25:59.210, 2463178126619, QTAgent32.exe, Playback - [WARNING] Internal warning: Couldn't find descendants that match QueryId
\0
W, 5176, 24, 2013/05/23, 10:25:59.337, 2463179949649, QTAgent32.exe, Playback - [WARNING] Internal warning: Smart Match failed
\0
E, 5176, 24, 2013/05/23, 10:25:59.518, 2463182535957, QTAgent32.exe, &lt;a class=failure&gt;Playback - {174} [FAILED] Function ElementFetcher::FindScreenElement failed to locate UI element (Searching: ;[VisibleOnly,FindAll]Name='insurE-com System Maintenance' &amp;&amp; ClassName='IEFrame' &amp;&amp; ControlType='Window' &amp;&amp; FilterCondition(OrderOfInvocation='2')) (The object specified was not found.)
\0&lt;/a&gt;
E, 5176, 24, 2013/05/23, 10:25:59.556, 2463183081381, QTAgent32.exe, Playback - [IMAGE] C:\Users\testuser\AppData\Local\Temp\UITestLogs\LastRun\RPFFFEB.png
\0
W, 5176, 24, 2013/05/23, 10:25:59.556, 2463183083011, QTAgent32.exe, Playback - [WARNING] Internal warning: Couldn't find descendants that match QueryId
\0
W, 5176, 24, 2013/05/23, 10:25:59.684, 2463184907615, QTAgent32.exe, Playback - [WARNING] Internal warning: Smart Match failed
\0
E, 5176, 24, 2013/05/23, 10:25:59.792, 2463186458756, QTAgent32.exe, &lt;a class=failure&gt;Playback - {175} [FAILED] Function ElementFetcher::FindScreenElement failed to locate UI element (Searching: ;[VisibleOnly,FindAll]Name='insurE-com System Maintenance' &amp;&amp; ClassName='IEFrame' &amp;&amp; ControlType='Window' &amp;&amp; FilterCondition(OrderOfInvocation='2')) (The object specified was not found.)
\0&lt;/a&gt;
E, 5176, 24, 2013/05/23, 10:25:59.829, 2463186986080, QTAgent32.exe, Playback - [IMAGE] C:\Users\testuser\AppData\Local\Temp\UITestLogs\LastRun\RPF105.png
\0
W, 5176, 24, 2013/05/23, 10:25:59.829, 2463186987616, QTAgent32.exe, Playback - [WARNING] Internal warning: Couldn't find descendants that match QueryId
\0
W, 5176, 24, 2013/05/23, 10:25:59.956, 2463188805041, QTAgent32.exe, Playback - [WARNING] Internal warning: Smart Match failed
\0
E, 5176, 24, 2013/05/23, 10:26:00.072, 2463190473265, QTAgent32.exe, &lt;a class=failure&gt;Playback - {176} [FAILED] Function ElementFetcher::FindScreenElement failed to locate UI element (Searching: ;[VisibleOnly,FindAll]Name='insurE-com System Maintenance' &amp;&amp; ClassName='IEFrame' &amp;&amp; ControlType='Window' &amp;&amp; FilterCondition(OrderOfInvocation='2')) (The object specified was not found.)
\0&lt;/a&gt;
E, 5176, 24, 2013/05/23, 10:26:00.118, 2463191128077, QTAgent32.exe, Playback - [IMAGE] C:\Users\testuser\AppData\Local\Temp\UITestLogs\LastRun\RPF21F.png
\0
W, 5176, 24, 2013/05/23, 10:26:00.118, 2463191129857, QTAgent32.exe, Playback - [WARNING] Internal warning: Couldn't find descendants that match QueryId
\0
W, 5176, 24, 2013/05/23, 10:26:00.255, 2463193089900, QTAgent32.exe, Playback - [WARNING] Internal warning: Smart Match failed
\0
E, 5176, 24, 2013/05/23, 10:26:00.373, 2463194785553, QTAgent32.exe, &lt;a class=failure&gt;Playback - {177} [FAILED] Function ElementFetcher::FindScreenElement failed to locate UI element (Searching: ;[VisibleOnly,FindAll]Name='insurE-com System Maintenance' &amp;&amp; ClassName='IEFrame' &amp;&amp; ControlType='Window' &amp;&amp; FilterCondition(OrderOfInvocation='2')) (The object specified was not found.)
\0&lt;/a&gt;
E, 5176, 24, 2013/05/23, 10:26:00.410, 2463195314371, QTAgent32.exe, Playback - [IMAGE] C:\Users\testuser\AppData\Local\Temp\UITestLogs\LastRun\RPF348.png
\0
W, 5176, 24, 2013/05/23, 10:26:00.410, 2463195315949, QTAgent32.exe, Playback - [WARNING] Internal warning: Couldn't find descendants that match QueryId
\0
W, 5176, 24, 2013/05/23, 10:26:00.539, 2463197143006, QTAgent32.exe, Playback - [WARNING] Internal warning: Smart Match failed
\0
E, 5176, 24, 2013/05/23, 10:26:00.655, 2463198806506, QTAgent32.exe, &lt;a class=failure&gt;Playback - {178} [FAILED] Function ElementFetcher::FindScreenElement failed to locate UI element (Searching: ;[VisibleOnly,FindAll]Name='insurE-com System Maintenance' &amp;&amp; ClassName='IEFrame' &amp;&amp; ControlType='Window' &amp;&amp; FilterCondition(OrderOfInvocation='2')) (The object specified was not found.)
\0&lt;/a&gt;
E, 5176, 24, 2013/05/23, 10:26:00.696, 2463199394939, QTAgent32.exe, Playback - [IMAGE] C:\Users\testuser\AppData\Local\Temp\UITestLogs\LastRun\RPF462.png
\0
W, 5176, 24, 2013/05/23, 10:26:00.696, 2463199396682, QTAgent32.exe, Playback - [WARNING] Internal warning: Couldn't find descendants that match QueryId
\0
W, 5176, 24, 2013/05/23, 10:26:00.825, 2463201244125, QTAgent32.exe, Playback - [WARNING] Internal warning: Smart Match failed
\0
E, 5176, 24, 2013/05/23, 10:26:00.939, 2463202880940, QTAgent32.exe, &lt;a class=failure&gt;Playback - {179} [FAILED] Function ElementFetcher::FindScreenElement failed to locate UI element (Searching: ;[VisibleOnly,FindAll]Name='insurE-com System Maintenance' &amp;&amp; ClassName='IEFrame' &amp;&amp; ControlType='Window' &amp;&amp; FilterCondition(OrderOfInvocation='2')) (The object specified was not found.)
\0&lt;/a&gt;
E, 5176, 24, 2013/05/23, 10:26:00.977, 2463203429460, QTAgent32.exe, Playback - [IMAGE] C:\Users\testuser\AppData\Local\Temp\UITestLogs\LastRun\RPF57C.png
\0
W, 5176, 24, 2013/05/23, 10:26:00.978, 2463203430985, QTAgent32.exe, Playback - [WARNING] Internal warning: Couldn't find descendants that match QueryId
\0
W, 5176, 24, 2013/05/23, 10:26:01.107, 2463205276873, QTAgent32.exe, Playback - [WARNING] Internal warning: Smart Match failed
\0
E, 5176, 24, 2013/05/23, 10:26:01.225, 2463206968645, QTAgent32.exe, &lt;a class=failure&gt;Playback - {180} [FAILED] Function ElementFetcher::FindScreenElement failed to locate UI element (Searching: ;[VisibleOnly,FindAll]Name='insurE-com System Maintenance' &amp;&amp; ClassName='IEFrame' &amp;&amp; ControlType='Window' &amp;&amp; FilterCondition(OrderOfInvocation='2')) (The object specified was not found.)
\0&lt;/a&gt;
E, 5176, 24, 2013/05/23, 10:26:01.262, 2463207509181, QTAgent32.exe, Playback - [IMAGE] C:\Users\testuser\AppData\Local\Temp\UITestLogs\LastRun\RPF6A5.png
\0
W, 5176, 24, 2013/05/23, 10:26:01.263, 2463207510922, QTAgent32.exe, Playback - [WARNING] Internal warning: Couldn't find descendants that match QueryId
\0
W, 5176, 24, 2013/05/23, 10:26:01.393, 2463209385843, QTAgent32.exe, Playback - [WARNING] Internal warning: Smart Match failed
\0
E, 5176, 24, 2013/05/23, 10:26:01.512, 2463211081843, QTAgent32.exe, &lt;a class=failure&gt;Playback - {181} [FAILED] Function ElementFetcher::FindScreenElement failed to locate UI element (Searching: ;[VisibleOnly,FindAll]Name='insurE-com System Maintenance' &amp;&amp; ClassName='IEFrame' &amp;&amp; ControlType='Window' &amp;&amp; FilterCondition(OrderOfInvocation='2')) (The object specified was not found.)
\0&lt;/a&gt;
E, 5176, 24, 2013/05/23, 10:26:01.550, 2463211631914, QTAgent32.exe, Playback - [IMAGE] C:\Users\testuser\AppData\Local\Temp\UITestLogs\LastRun\RPF7BF.png
\0
W, 5176, 24, 2013/05/23, 10:26:01.550, 2463211633508, QTAgent32.exe, Playback - [WARNING] Internal warning: Couldn't find descendants that match QueryId
\0
W, 5176, 24, 2013/05/23, 10:26:01.680, 2463213490278, QTAgent32.exe, Playback - [WARNING] Internal warning: Smart Match failed
\0
E, 5176, 24, 2013/05/23, 10:26:01.795, 2463215133773, QTAgent32.exe, &lt;a class=failure&gt;Playback - {182} [FAILED] Function ElementFetcher::FindScreenElement failed to locate UI element (Searching: ;[VisibleOnly,FindAll]Name='insurE-com System Maintenance' &amp;&amp; ClassName='IEFrame' &amp;&amp; ControlType='Window' &amp;&amp; FilterCondition(OrderOfInvocation='2')) (The object specified was not found.)
\0&lt;/a&gt;
E, 5176, 24, 2013/05/23, 10:26:01.838, 2463215757413, QTAgent32.exe, Playback - [IMAGE] C:\Users\testuser\AppData\Local\Temp\UITestLogs\LastRun\RPF8D9.png
\0
W, 5176, 24, 2013/05/23, 10:26:01.839, 2463215759128, QTAgent32.exe, Playback - [WARNING] Internal warning: Couldn't find descendants that match QueryId
\0
W, 5176, 24, 2013/05/23, 10:26:01.966, 2463217577913, QTAgent32.exe, Playback - [WARNING] Internal warning: Smart Match failed
\0
E, 5176, 24, 2013/05/23, 10:26:02.077, 2463219173228, QTAgent32.exe, &lt;a class=failure&gt;Playback - {183} [FAILED] Function ElementFetcher::FindScreenElement failed to locate UI element (Searching: ;[VisibleOnly,FindAll]Name='insurE-com System Maintenance' &amp;&amp; ClassName='IEFrame' &amp;&amp; ControlType='Window' &amp;&amp; FilterCondition(OrderOfInvocation='2')) (The object specified was not found.)
\0&lt;/a&gt;
E, 5176, 24, 2013/05/23, 10:26:02.114, 2463219704261, QTAgent32.exe, Playback - [IMAGE] C:\Users\testuser\AppData\Local\Temp\UITestLogs\LastRun\RPF9F2.png
\0
W, 5176, 24, 2013/05/23, 10:26:02.114, 2463219705900, QTAgent32.exe, Playback - [WARNING] Internal warning: Couldn't find descendants that match QueryId
\0
W, 5176, 24, 2013/05/23, 10:26:02.241, 2463221529210, QTAgent32.exe, Playback - [WARNING] Internal warning: Smart Match failed
\0
E, 5176, 24, 2013/05/23, 10:26:02.352, 2463223117019, QTAgent32.exe, &lt;a class=failure&gt;Playback - {184} [FAILED] Function ElementFetcher::FindScreenElement failed to locate UI element (Searching: ;[VisibleOnly,FindAll]Name='insurE-com System Maintenance' &amp;&amp; ClassName='IEFrame' &amp;&amp; ControlType='Window' &amp;&amp; FilterCondition(OrderOfInvocation='2')) (The object specified was not found.)
\0&lt;/a&gt;
E, 5176, 24, 2013/05/23, 10:26:02.389, 2463223640793, QTAgent32.exe, Playback - [IMAGE] C:\Users\testuser\AppData\Local\Temp\UITestLogs\LastRun\RPFB0C.png
\0
W, 5176, 24, 2013/05/23, 10:26:02.389, 2463223642518, QTAgent32.exe, Playback - [WARNING] Internal warning: Couldn't find descendants that match QueryId
\0
W, 5176, 24, 2013/05/23, 10:26:02.518, 2463225485333, QTAgent32.exe, Playback - [WARNING] Internal warning: Smart Match failed
\0
E, 5176, 24, 2013/05/23, 10:26:02.631, 2463227111347, QTAgent32.exe, &lt;a class=failure&gt;Playback - {185} [FAILED] Function ElementFetcher::FindScreenElement failed to locate UI element (Searching: ;[VisibleOnly,FindAll]Name='insurE-com System Maintenance' &amp;&amp; ClassName='IEFrame' &amp;&amp; ControlType='Window' &amp;&amp; FilterCondition(OrderOfInvocation='2')) (The object specified was not found.)
\0&lt;/a&gt;
E, 5176, 24, 2013/05/23, 10:26:02.673, 2463227714508, QTAgent32.exe, Playback - [IMAGE] C:\Users\testuser\AppData\Local\Temp\UITestLogs\LastRun\RPFC26.png
\0
W, 5176, 24, 2013/05/23, 10:26:02.674, 2463227716306, QTAgent32.exe, Playback - [WARNING] Internal warning: Couldn't find descendants that match QueryId
\0
W, 5176, 24, 2013/05/23, 10:26:02.806, 2463229612325, QTAgent32.exe, Playback - [WARNING] Internal warning: Smart Match failed
\0
E, 5176, 24, 2013/05/23, 10:26:02.926, 2463231332607, QTAgent32.exe, &lt;a class=failure&gt;Playback - {186} [FAILED] Function ElementFetcher::FindScreenElement failed to locate UI element (Searching: ;[VisibleOnly,FindAll]Name='insurE-com System Maintenance' &amp;&amp; ClassName='IEFrame' &amp;&amp; ControlType='Window' &amp;&amp; FilterCondition(OrderOfInvocation='2')) (The object specified was not found.)
\0&lt;/a&gt;
E, 5176, 24, 2013/05/23, 10:26:02.973, 2463231999648, QTAgent32.exe, Playback - [IMAGE] C:\Users\testuser\AppData\Local\Temp\UITestLogs\LastRun\RPFD4F.png
\0
W, 5176, 24, 2013/05/23, 10:26:02.973, 2463232001271, QTAgent32.exe, Playback - [WARNING] Internal warning: Couldn't find descendants that match QueryId
\0
W, 5176, 24, 2013/05/23, 10:26:03.103, 2463233867458, QTAgent32.exe, Playback - [WARNING] Internal warning: Smart Match failed
\0
E, 5176, 24, 2013/05/23, 10:26:03.214, 2463235462338, QTAgent32.exe, &lt;a class=failure&gt;Playback - {187} [FAILED] Function ElementFetcher::FindScreenElement failed to locate UI element (Searching: ;[VisibleOnly,FindAll]Name='insurE-com System Maintenance' &amp;&amp; ClassName='IEFrame' &amp;&amp; ControlType='Window' &amp;&amp; FilterCondition(OrderOfInvocation='2')) (The object specified was not found.)
\0&lt;/a&gt;
E, 5176, 24, 2013/05/23, 10:26:03.252, 2463235999830, QTAgent32.exe, Playback - [IMAGE] C:\Users\testuser\AppData\Local\Temp\UITestLogs\LastRun\RPFE69.png
\0
W, 5176, 24, 2013/05/23, 10:26:03.252, 2463236001447, QTAgent32.exe, Playback - [WARNING] Internal warning: Couldn't find descendants that match QueryId
\0
W, 5176, 24, 2013/05/23, 10:26:03.382, 2463237859021, QTAgent32.exe, Playback - [WARNING] Internal warning: Smart Match failed
\0
E, 5176, 24, 2013/05/23, 10:26:03.504, 2463239602597, QTAgent32.exe, &lt;a class=failure&gt;Playback - {188} [FAILED] Function ElementFetcher::FindScreenElement failed to locate UI element (Searching: ;[VisibleOnly,FindAll]Name='insurE-com System Maintenance' &amp;&amp; ClassName='IEFrame' &amp;&amp; ControlType='Window' &amp;&amp; FilterCondition(OrderOfInvocation='2')) (The object specified was not found.)
\0&lt;/a&gt;
E, 5176, 24, 2013/05/23, 10:26:03.541, 2463240141919, QTAgent32.exe, Playback - [IMAGE] C:\Users\testuser\AppData\Local\Temp\UITestLogs\LastRun\RPFF93.png
\0
W, 5176, 24, 2013/05/23, 10:26:03.541, 2463240143644, QTAgent32.exe, Playback - [WARNING] Internal warning: Couldn't find descendants that match QueryId
\0
W, 5176, 24, 2013/05/23, 10:26:03.672, 2463242008107, QTAgent32.exe, Playback - [WARNING] Internal warning: Smart Match failed
\0
E, 5176, 24, 2013/05/23, 10:26:03.791, 2463243713636, QTAgent32.exe, &lt;a class=failure&gt;Playback - {189} [FAILED] Function ElementFetcher::FindScreenElement failed to locate UI element (Searching: ;[VisibleOnly,FindAll]Name='insurE-com System Maintenance' &amp;&amp; ClassName='IEFrame' &amp;&amp; ControlType='Window' &amp;&amp; FilterCondition(OrderOfInvocation='2')) (The object specified was not found.)
\0&lt;/a&gt;
E, 5176, 24, 2013/05/23, 10:26:03.828, 2463244245478, QTAgent32.exe, Playback - [IMAGE] C:\Users\testuser\AppData\Local\Temp\UITestLogs\LastRun\RPF10AC.png
\0
W, 5176, 24, 2013/05/23, 10:26:03.828, 2463244247115, QTAgent32.exe, Playback - [WARNING] Internal warning: Couldn't find descendants that match QueryId
\0
W, 5176, 24, 2013/05/23, 10:26:03.957, 2463246099321, QTAgent32.exe, Playback - [WARNING] Internal warning: Smart Match failed
\0
E, 5176, 24, 2013/05/23, 10:26:04.070, 2463247720211, QTAgent32.exe, &lt;a class=failure&gt;Playback - {190} [FAILED] Function ElementFetcher::FindScreenElement failed to locate UI element (Searching: ;[VisibleOnly,FindAll]Name='insurE-com System Maintenance' &amp;&amp; ClassName='IEFrame' &amp;&amp; ControlType='Window' &amp;&amp; FilterCondition(OrderOfInvocation='2')) (The object specified was not found.)
\0&lt;/a&gt;
E, 5176, 24, 2013/05/23, 10:26:04.107, 2463248247001, QTAgent32.exe, Playback - [IMAGE] C:\Users\testuser\AppData\Local\Temp\UITestLogs\LastRun\RPF11C6.png
\0
W, 5176, 24, 2013/05/23, 10:26:04.107, 2463248248509, QTAgent32.exe, Playback - [WARNING] Internal warning: Couldn't find descendants that match QueryId
\0
W, 5176, 24, 2013/05/23, 10:26:04.235, 2463250070991, QTAgent32.exe, Playback - [WARNING] Internal warning: Smart Match failed
\0
E, 5176, 24, 2013/05/23, 10:26:04.342, 2463251603837, QTAgent32.exe, &lt;a class=failure&gt;Playback - {191} [FAILED] Function ElementFetcher::FindScreenElement failed to locate UI element (Searching: ;[VisibleOnly,FindAll]Name='insurE-com System Maintenance' &amp;&amp; ClassName='IEFrame' &amp;&amp; ControlType='Window' &amp;&amp; FilterCondition(OrderOfInvocation='2')) (The object specified was not found.)
\0&lt;/a&gt;
E, 5176, 24, 2013/05/23, 10:26:04.391, 2463252301152, QTAgent32.exe, Playback - [IMAGE] C:\Users\testuser\AppData\Local\Temp\UITestLogs\LastRun\RPF12D0.png
\0
W, 5176, 24, 2013/05/23, 10:26:04.391, 2463252302703, QTAgent32.exe, Playback - [WARNING] Internal warning: Couldn't find descendants that match QueryId
\0
W, 5176, 24, 2013/05/23, 10:26:04.518, 2463254123122, QTAgent32.exe, Playback - [WARNING] Internal warning: Smart Match failed
\0
E, 5176, 24, 2013/05/23, 10:26:04.629, 2463255713353, QTAgent32.exe, &lt;a class=failure&gt;Playback - {192} [FAILED] Function ElementFetcher::FindScreenElement failed to locate UI element (Searching: ;[VisibleOnly,FindAll]Name='insurE-com System Maintenance' &amp;&amp; ClassName='IEFrame' &amp;&amp; ControlType='Window' &amp;&amp; FilterCondition(OrderOfInvocation='2')) (The object specified was not found.)
\0&lt;/a&gt;
E, 5176, 24, 2013/05/23, 10:26:04.665, 2463256230513, QTAgent32.exe, Playback - [IMAGE] C:\Users\testuser\AppData\Local\Temp\UITestLogs\LastRun\RPF13FA.png
\0
W, 5176, 24, 2013/05/23, 10:26:04.665, 2463256232027, QTAgent32.exe, Playback - [WARNING] Internal warning: Couldn't find descendants that match QueryId
\0
W, 5176, 24, 2013/05/23, 10:26:04.794, 2463258070129, QTAgent32.exe, Playback - [WARNING] Internal warning: Smart Match failed
\0
E, 5176, 24, 2013/05/23, 10:26:04.907, 2463259689935, QTAgent32.exe, &lt;a class=failure&gt;Playback - {193} [FAILED] Function ElementFetcher::FindScreenElement failed to locate UI element (Searching: ;[VisibleOnly,FindAll]Name='insurE-com System Maintenance' &amp;&amp; ClassName='IEFrame' &amp;&amp; ControlType='Window' &amp;&amp; FilterCondition(OrderOfInvocation='2')) (The object specified was not found.)
\0&lt;/a&gt;
E, 5176, 24, 2013/05/23, 10:26:04.944, 2463260223604, QTAgent32.exe, Playback - [IMAGE] C:\Users\testuser\AppData\Local\Temp\UITestLogs\LastRun\RPF1514.png
\0
W, 5176, 24, 2013/05/23, 10:26:04.944, 2463260225146, QTAgent32.exe, Playback - [WARNING] Internal warning: Couldn't find descendants that match QueryId
\0
W, 5176, 24, 2013/05/23, 10:26:05.073, 2463262063619, QTAgent32.exe, Playback - [WARNING] Internal warning: Smart Match failed
\0
E, 5176, 24, 2013/05/23, 10:26:05.186, 2463263681018, QTAgent32.exe, &lt;a class=failure&gt;Playback - {194} [FAILED] Function ElementFetcher::FindScreenElement failed to locate UI element (Searching: ;[VisibleOnly,FindAll]Name='insurE-com System Maintenance' &amp;&amp; ClassName='IEFrame' &amp;&amp; ControlType='Window' &amp;&amp; FilterCondition(OrderOfInvocation='2')) (The object specified was not found.)
\0&lt;/a&gt;
E, 5176, 24, 2013/05/23, 10:26:05.221, 2463264196319, QTAgent32.exe, Playback - [IMAGE] C:\Users\testuser\AppData\Local\Temp\UITestLogs\LastRun\RPF162D.png
\0
W, 5176, 24, 2013/05/23, 10:26:05.222, 2463264198704, QTAgent32.exe, Playback - [WARNING] Internal warning: Couldn't find descendants that match QueryId
\0
W, 5176, 24, 2013/05/23, 10:26:06.623, 2463284261258, QTAgent32.exe, Playback - [WARNING] Internal warning: Window Not Found: [VisibleOnly]Name='insurE-com System Maintenance' &amp;&amp; ClassName='IEFrame' &amp;&amp; ControlType='Window'
\0
E, 5176, 24, 2013/05/23, 10:26:06.623, 2463284263386, QTAgent32.exe, &lt;a class=failure&gt;Playback - {195} [FAILED] Function ElementFetcher::FindScreenElement failed to locate UI element (Searching: ;[VisibleOnly]Name='insurE-com System Maintenance' &amp;&amp; ClassName='IEFrame' &amp;&amp; ControlType='Window') (The object specified was not found.)
\0&lt;/a&gt;
E, 5176, 24, 2013/05/23, 10:26:06.659, 2463284783694, QTAgent32.exe, Playback - [IMAGE] C:\Users\testuser\AppData\Local\Temp\UITestLogs\LastRun\RPF1BCA.png
\0
W, 5176, 24, 2013/05/23, 10:26:06.659, 2463284785159, QTAgent32.exe, Playback - [WARNING] Internal warning: Couldn't find descendants that match QueryId
\0
W, 5176, 24, 2013/05/23, 10:26:06.659, 2463284787614, QTAgent32.exe, PERF WARNING: Playback.FindScreenElement: took 1437 ms. Expected it to take maximum 500 ms.
E, 5176, 24, 2013/05/23, 10:26:06.660, 2463284789635, QTAgent32.exe, Window 329524 not responding. Last Win32 error 0
E, 5176, 24, 2013/05/23, 10:26:06.660, 2463284790499, QTAgent32.exe, GetClassName for handle 329524 failed
E, 5176, 24, 2013/05/23, 10:26:06.660, 2463284792377, QTAgent32.exe, Window 329524 not responding. Last Win32 error 1400
E, 5176, 24, 2013/05/23, 10:26:06.660, 2463284793131, QTAgent32.exe, GetClassName for handle 329524 failed
E, 5176, 24, 2013/05/23, 10:26:06.760, 2463286224570, QTAgent32.exe, AL: Playback Error: Microsoft.VisualStudio.TestTools.UITest.Extension.UITestControlNotAvailableException: The control is not available or not valid. Additional Details: 
TechnologyName:  'MSAA'
Name:  'insurE-com System Maintenance'
ClassName:  'IEFrame'
ControlType:  'Window'
 ---&gt; System.Runtime.InteropServices.COMException: Error HRESULT E_FAIL has been returned from a call to a COM component.
   at Microsoft.VisualStudio.TestTools.UITest.Playback.Engine.IRPFPlayback.FindScreenElement(String bstrQueryId)
   at Microsoft.VisualStudio.TestTools.UITest.Playback.ScreenElement.FindFromPartialQueryId(String queryId)
   at Microsoft.VisualStudio.TestTools.UITesting.UITestControl.EnsureValid(Boolean waitForReady, Boolean refetch)
   --- End of inner exception stack trace ---
   at Microsoft.VisualStudio.TestTools.UITesting.UITestControl.EnsureValid(Boolean waitForReady, Boolean refetch)
   at Microsoft.VisualStudio.TestTools.UITesting.UITestControl.SendKeys(String text, ModifierKeys modifierKeys, Boolean isEncoded, Boolean isUnicode)
   at Microsoft.VisualStudio.TestTools.UITesting.Keyboard.SendKeysImplementation(UITestControl control, String text, ModifierKeys modifierKeys, Boolean isEncoded, Boolean isUnicode)
   at Microsoft.VisualStudio.TestTools.UITesting.Keyboard.SendKeysImplementationWrapper(UITestControl control, String text, ModifierKeys modifierKeys, Boolean isEncoded, Boolean isUnicode)
W, 5176, 24, 2013/05/23, 10:26:06.760, 2463286225744, QTAgent32.exe, PlaybackErrorHandler: Ignoring exception as ContinueOnError is set.
W, 5176, 24, 2013/05/23, 10:26:07.767, 2463300642666, QTAgent32.exe, &lt;a class=success&gt;Playback - {196} [SUCCESS] MouseButtonClick - "[MSAA, VisibleOnly]ControlType='TitleBar'"
\0&lt;/a&gt;
W, 5176, 24, 2013/05/23, 10:26:08.028, 2463304380838, QTAgent32.exe, &lt;a class=success&gt;Playback - {197} [SUCCESS] MouseButtonClick - "[MSAA, VisibleOnly]ControlType='Button' &amp;&amp; Name='Close'"
\0&lt;/a&gt;
W, 5176, 24, 2013/05/23, 10:26:08.897, 2463316823772, QTAgent32.exe, &lt;a class=success&gt;Playback - {198} [SUCCESS] MouseButtonClick - "[MSAA, VisibleOnly]ControlType='Button' &amp;&amp; Name='Options'"
\0&lt;/a&gt;
W, 5176, 24, 2013/05/23, 10:26:08.997, 2463318259481, QTAgent32.exe, FindScreenElementInSinglePass : Attempting to find control in one pass of search. Failures can occur.
W, 5176, 24, 2013/05/23, 10:26:09.164, 2463320649182, QTAgent32.exe, &lt;a class=success&gt;Playback - {199} [SUCCESS] MouseButtonClick - "[MSAA]ControlType='MenuItem' &amp;&amp; Name='Links'"
\0&lt;/a&gt;
W, 5176, 24, 2013/05/23, 10:26:09.264, 2463322083096, QTAgent32.exe, FindScreenElementInSinglePass : Attempting to find control in one pass of search. Failures can occur.
W, 5176, 24, 2013/05/23, 10:26:09.445, 2463324665444, QTAgent32.exe, &lt;a class=success&gt;Playback - {200} [SUCCESS] MouseButtonClick - "[MSAA]ControlType='MenuItem' &amp;&amp; Name='3rd Party Integration'"
\0&lt;/a&gt;
W, 5176, 24, 2013/05/23, 10:26:09.545, 2463326100696, QTAgent32.exe, FindScreenElementInSinglePass : Attempting to find control in one pass of search. Failures can occur.
W, 5176, 24, 2013/05/23, 10:26:09.725, 2463328685048, QTAgent32.exe, &lt;a class=success&gt;Playback - {201} [SUCCESS] MouseButtonClick - "[MSAA]ControlType='MenuItem' &amp;&amp; Name='Renewals Module'"
\0&lt;/a&gt;
W, 5176, 24, 2013/05/23, 10:26:10.421, 2463338651646, QTAgent32.exe, &lt;a class=success&gt;Playback - {202} [SUCCESS] SetValueAsEditBox "1" - "[MSAA, VisibleOnly]ControlType='Edit'"  &lt; Set via SendKeys &gt;
\0&lt;/a&gt;
W, 5176, 24, 2013/05/23, 10:26:11.021, 2463347232556, QTAgent32.exe, &lt;a class=success&gt;Playback - {203} [SUCCESS] MouseButtonClick - "[MSAA, VisibleOnly]ControlType='Button' &amp;&amp; Name='Ok'"
\0&lt;/a&gt;
W, 5176, 24, 2013/05/23, 10:26:11.379, 2463352368273, QTAgent32.exe, Playback - [WARNING] Internal warning: Window Not Found: [VisibleOnly]ControlType='Window' &amp;&amp; Name='Confirm' &amp;&amp; ClassName='#32770'
\0
E, 5176, 24, 2013/05/23, 10:26:11.379, 2463352370361, QTAgent32.exe, &lt;a class=failure&gt;Playback - {204} [FAILED] Function ElementFetcher::FindScreenElement failed to locate UI element (Searching: ;[VisibleOnly]ControlType='Window' &amp;&amp; Name='Confirm' &amp;&amp; ClassName='#32770') (The object specified was not found.)
\0&lt;/a&gt;
E, 5176, 24, 2013/05/23, 10:26:11.422, 2463352983667, QTAgent32.exe, Playback - [IMAGE] C:\Users\testuser\AppData\Local\Temp\UITestLogs\LastRun\RPF2E61.png
\0
W, 5176, 24, 2013/05/23, 10:26:11.422, 2463352985149, QTAgent32.exe, Playback - [WARNING] Internal warning: Couldn't find descendants that match QueryId
\0
W, 5176, 24, 2013/05/23, 10:26:29.436, 2463610908877, QTAgent32.exe, Playback - [WARNING] Internal warning: Window Not Found: [VisibleOnly]ControlType='Window' &amp;&amp; Name='Confirm' &amp;&amp; ClassName='#32770'
\0
E, 5176, 24, 2013/05/23, 10:26:29.436, 2463610911077, QTAgent32.exe, &lt;a class=failure&gt;Playback - {205} [FAILED] Function ElementFetcher::FindScreenElement failed to locate UI element (Searching: ;[VisibleOnly]ControlType='Window' &amp;&amp; Name='Confirm' &amp;&amp; ClassName='#32770') (The object specified was not found.)
\0&lt;/a&gt;
E, 5176, 24, 2013/05/23, 10:26:29.480, 2463611539429, QTAgent32.exe, Playback - [IMAGE] C:\Users\testuser\AppData\Local\Temp\UITestLogs\LastRun\RPF74E3.png
\0
W, 5176, 24, 2013/05/23, 10:26:29.480, 2463611540989, QTAgent32.exe, Playback - [WARNING] Internal warning: Couldn't find descendants that match QueryId
\0
W, 5176, 24, 2013/05/23, 10:26:29.481, 2463611543646, QTAgent32.exe, PERF WARNING: FindTopLevelWindowHelper::FindAllDescendents: took 18057 ms. Expected it to take maximum 500 ms.
W, 5176, 24, 2013/05/23, 10:26:29.941, 2463618139023, QTAgent32.exe, Playback - [WARNING] Internal warning: Smart Match failed
\0
W, 5176, 24, 2013/05/23, 10:26:30.158, 2463621244797, QTAgent32.exe, Playback - [WARNING] Internal warning: Smart Match failed
\0
W, 5176, 24, 2013/05/23, 10:26:30.381, 2463624441774, QTAgent32.exe, Playback - [WARNING] Internal warning: Smart Match failed
\0
W, 5176, 24, 2013/05/23, 10:26:30.606, 2463627653621, QTAgent32.exe, Playback - [WARNING] Internal warning: Smart Match failed
\0
W, 5176, 24, 2013/05/23, 10:26:30.835, 2463630944705, QTAgent32.exe, Playback - [WARNING] Internal warning: Smart Match failed
\0
W, 5176, 24, 2013/05/23, 10:26:31.074, 2463634361988, QTAgent32.exe, Playback - [WARNING] Internal warning: Smart Match failed
\0
W, 5176, 24, 2013/05/23, 10:26:31.301, 2463637608559, QTAgent32.exe, Playback - [WARNING] Internal warning: Smart Match failed
\0
W, 5176, 24, 2013/05/23, 10:26:31.528, 2463640864343, QTAgent32.exe, Playback - [WARNING] Internal warning: Smart Match failed
\0
W, 5176, 24, 2013/05/23, 10:26:31.755, 2463644110060, QTAgent32.exe, Playback - [WARNING] Internal warning: Smart Match failed
\0
W, 5176, 24, 2013/05/23, 10:26:31.975, 2463647260400, QTAgent32.exe, Playback - [WARNING] Internal warning: Smart Match failed
\0
W, 5176, 24, 2013/05/23, 10:26:32.194, 2463650397223, QTAgent32.exe, Playback - [WARNING] Internal warning: Smart Match failed
\0
W, 5176, 24, 2013/05/23, 10:26:32.413, 2463653532227, QTAgent32.exe, Playback - [WARNING] Internal warning: Smart Match failed
\0
W, 5176, 24, 2013/05/23, 10:26:32.522, 2463655094893, QTAgent32.exe, Playback - [WARNING] Internal warning: Window Not Found: [VisibleOnly]ControlType='Window' &amp;&amp; Name='Confirm' &amp;&amp; ClassName='#32770'
\0
E, 5176, 24, 2013/05/23, 10:26:32.523, 2463655097001, QTAgent32.exe, &lt;a class=failure&gt;Playback - {206} [FAILED] Function ElementFetcher::FindScreenElement failed to locate UI element (Searching: ;[VisibleOnly]ControlType='Window' &amp;&amp; Name='Confirm' &amp;&amp; ClassName='#32770') (The object specified was not found.)
\0&lt;/a&gt;
E, 5176, 24, 2013/05/23, 10:26:32.565, 2463655708065, QTAgent32.exe, Playback - [IMAGE] C:\Users\testuser\AppData\Local\Temp\UITestLogs\LastRun\RPF80F5.png
\0
W, 5176, 24, 2013/05/23, 10:26:32.565, 2463655709698, QTAgent32.exe, Playback - [WARNING] Internal warning: Couldn't find descendants that match QueryId
\0
W, 5176, 24, 2013/05/23, 10:26:32.566, 2463655712335, QTAgent32.exe, PERF WARNING: FindTopLevelWindowHelper::FindAllDescendents: took 3084 ms. Expected it to take maximum 500 ms.
E, 5176, 24, 2013/05/23, 10:26:32.566, 2463655713989, QTAgent32.exe, Exception: System.Runtime.InteropServices.COMException
	Message: Error HRESULT E_FAIL has been returned from a call to a COM component.
	Stack Trace:    at Microsoft.VisualStudio.TestTools.UITest.Playback.Engine.IRPFPlayback.FindAllScreenElements(IScreenElement pScreenElementStart, String bstrQueryId, Object&amp; pvarResKeys, Int32 cResKeys, Int32 nMaxDepth, Object[]&amp; foundDescendants)
   at Microsoft.VisualStudio.TestTools.UITest.Playback.ScreenElement.FindTopLevelWindowHelper(String queryId)
	BaseExceptionMessage: Error HRESULT E_FAIL has been returned from a call to a COM component.

E, 5176, 24, 2013/05/23, 10:26:32.666, 2463657151077, QTAgent32.exe, AL: Playback Error: Microsoft.VisualStudio.TestTools.UITest.Extension.UITestControlNotFoundException: The playback failed to find the control with the given search properties. Additional Details: 
TechnologyName:  'MSAA'
ControlType:  'Window'
Name:  'Confirm'
ClassName:  '#32770'
 ---&gt; System.Runtime.InteropServices.COMException: Error HRESULT E_FAIL has been returned from a call to a COM component.
   at Microsoft.VisualStudio.TestTools.UITest.Playback.Engine.IRPFPlayback.FindAllScreenElements(IScreenElement pScreenElementStart, String bstrQueryId, Object&amp; pvarResKeys, Int32 cResKeys, Int32 nMaxDepth, Object[]&amp; foundDescendants)
   at Microsoft.VisualStudio.TestTools.UITest.Playback.ScreenElement.FindTopLevelWindowHelper(String queryId)
   at Microsoft.VisualStudio.TestTools.UITest.Playback.ScreenElement.FindFromPartialQueryId(String queryId)
   at Microsoft.VisualStudio.TestTools.UITesting.UITestControl..ctor(String queryId)
   --- End of inner exception stack trace ---
   at Microsoft.VisualStudio.TestTools.UITesting.Playback.MapControlNotFoundException(COMException ex, IPlaybackContext context)
   at Microsoft.VisualStudio.TestTools.UITesting.Playback.MapAndThrowComException(COMException innerException, IPlaybackContext context)
   at Microsoft.VisualStudio.TestTools.UITesting.Playback.MapAndThrowException(SystemException exception, IPlaybackContext context)
   at Microsoft.VisualStudio.TestTools.UITesting.Playback.MapAndThrowException(SystemException exception, String queryId)
   at Microsoft.VisualStudio.TestTools.UITesting.UITestControl..ctor(String queryId)
   at Microsoft.VisualStudio.TestTools.UITesting.SearchHelper.SearchTopLevelWindow(ISearchArgument topLevelSearchArg, String topLevelElementQueryId)
   at Microsoft.VisualStudio.TestTools.UITesting.SearchHelper.GetTitleUpdatedTopLevelWindow(ISearchArgument topLevelSearchArg, String queryId, IList`1 windowTitles)
   at Microsoft.VisualStudio.TestTools.UITesting.SearchHelper.GetTopLevelElement(Boolean useCache, Boolean useCacheOnly, ISearchArgument searchArg, IList`1 windowTitles, Int32&amp; timeLeft)
   at Microsoft.VisualStudio.TestTools.UITesting.SearchHelper.GetElement(Boolean useCache, ISearchArgument searchArg)
   at Microsoft.VisualStudio.TestTools.UITesting.SearchHelper.Search(ISearchArgument searchArg)
   at Microsoft.VisualStudio.TestTools.UITesting.UITestControl.FindInternal()
   at Microsoft.VisualStudio.TestTools.UITesting.UITestControl.FindControlIfNecessary()
   at Microsoft.VisualStudio.TestTools.UITesting.UITestControl.Click(MouseButtons button, ModifierKeys modifierKeys, Point relativeCoordinates)
   at Microsoft.VisualStudio.TestTools.UITesting.Mouse.ClickImplementation(UITestControl control, MouseButtons button, ModifierKeys modifierKeys, Point relativeCoordinate)
   at Microsoft.VisualStudio.TestTools.UITesting.Mouse.ClickImplementationWrapper(UITestControl control, MouseButtons button, ModifierKeys modifierKeys, Point relativeCoordinate)
W, 5176, 24, 2013/05/23, 10:26:32.666, 2463657153176, QTAgent32.exe, PlaybackErrorHandler: Ignoring exception as ContinueOnError is set.
W, 5176, 24, 2013/05/23, 10:26:32.909, 2463660637184, QTAgent32.exe, Playback - [WARNING] Internal warning: Window Not Found: [VisibleOnly]ControlType='Window' &amp;&amp; Name='Personal Lines' &amp;&amp; ClassName='#32770'
\0
E, 5176, 24, 2013/05/23, 10:26:32.910, 2463660639606, QTAgent32.exe, &lt;a class=failure&gt;Playback - {207} [FAILED] Function ElementFetcher::FindScreenElement failed to locate UI element (Searching: ;[VisibleOnly]ControlType='Window' &amp;&amp; Name='Personal Lines' &amp;&amp; ClassName='#32770') (The object specified was not found.)
\0&lt;/a&gt;
E, 5176, 24, 2013/05/23, 10:26:32.951, 2463661227542, QTAgent32.exe, Playback - [IMAGE] C:\Users\testuser\AppData\Local\Temp\UITestLogs\LastRun\RPF827C.png
\0
W, 5176, 24, 2013/05/23, 10:26:32.951, 2463661229151, QTAgent32.exe, Playback - [WARNING] Internal warning: Couldn't find descendants that match QueryId
\0
W, 5176, 24, 2013/05/23, 10:26:50.943, 2463918848497, QTAgent32.exe, Playback - [WARNING] Internal warning: Window Not Found: [VisibleOnly]ControlType='Window' &amp;&amp; Name='Personal Lines' &amp;&amp; ClassName='#32770'
\0
E, 5176, 24, 2013/05/23, 10:26:50.943, 2463918850921, QTAgent32.exe, &lt;a class=failure&gt;Playback - {208} [FAILED] Function ElementFetcher::FindScreenElement failed to locate UI element (Searching: ;[VisibleOnly]ControlType='Window' &amp;&amp; Name='Personal Lines' &amp;&amp; ClassName='#32770') (The object specified was not found.)
\0&lt;/a&gt;
E, 5176, 24, 2013/05/23, 10:26:50.993, 2463919562008, QTAgent32.exe, Playback - [IMAGE] C:\Users\testuser\AppData\Local\Temp\UITestLogs\LastRun\RPFC8EF.png
\0
W, 5176, 24, 2013/05/23, 10:26:50.993, 2463919563339, QTAgent32.exe, Playback - [WARNING] Internal warning: Couldn't find descendants that match QueryId
\0
W, 5176, 24, 2013/05/23, 10:26:50.993, 2463919565751, QTAgent32.exe, PERF WARNING: FindTopLevelWindowHelper::FindAllDescendents: took 18042 ms. Expected it to take maximum 500 ms.
W, 5176, 24, 2013/05/23, 10:26:51.452, 2463926134492, QTAgent32.exe, Playback - [WARNING] Internal warning: Smart Match failed
\0
W, 5176, 24, 2013/05/23, 10:26:51.674, 2463929313611, QTAgent32.exe, Playback - [WARNING] Internal warning: Smart Match failed
\0
W, 5176, 24, 2013/05/23, 10:26:51.896, 2463932493010, QTAgent32.exe, Playback - [WARNING] Internal warning: Smart Match failed
\0
W, 5176, 24, 2013/05/23, 10:26:52.117, 2463935652405, QTAgent32.exe, Playback - [WARNING] Internal warning: Smart Match failed
\0
W, 5176, 24, 2013/05/23, 10:26:52.336, 2463938796838, QTAgent32.exe, Playback - [WARNING] Internal warning: Smart Match failed
\0
W, 5176, 24, 2013/05/23, 10:26:52.554, 2463941910727, QTAgent32.exe, Playback - [WARNING] Internal warning: Smart Match failed
\0
W, 5176, 24, 2013/05/23, 10:26:52.775, 2463945071222, QTAgent32.exe, Playback - [WARNING] Internal warning: Smart Match failed
\0
W, 5176, 24, 2013/05/23, 10:26:53.002, 2463948331527, QTAgent32.exe, Playback - [WARNING] Internal warning: Smart Match failed
\0
W, 5176, 24, 2013/05/23, 10:26:53.226, 2463951530670, QTAgent32.exe, Playback - [WARNING] Internal warning: Smart Match failed
\0
W, 5176, 24, 2013/05/23, 10:26:53.448, 2463954719329, QTAgent32.exe, Playback - [WARNING] Internal warning: Smart Match failed
\0
W, 5176, 24, 2013/05/23, 10:26:53.672, 2463957915531, QTAgent32.exe, Playback - [WARNING] Internal warning: Smart Match failed
\0
W, 5176, 24, 2013/05/23, 10:26:53.897, 2463961140425, QTAgent32.exe, Playback - [WARNING] Internal warning: Smart Match failed
\0
W, 5176, 24, 2013/05/23, 10:26:54.010, 2463962763559, QTAgent32.exe, Playback - [WARNING] Internal warning: Window Not Found: [VisibleOnly]ControlType='Window' &amp;&amp; Name='Personal Lines' &amp;&amp; ClassName='#32770'
\0
E, 5176, 24, 2013/05/23, 10:26:54.010, 2463962765393, QTAgent32.exe, &lt;a class=failure&gt;Playback - {209} [FAILED] Function ElementFetcher::FindScreenElement failed to locate UI element (Searching: ;[VisibleOnly]ControlType='Window' &amp;&amp; Name='Personal Lines' &amp;&amp; ClassName='#32770') (The object specified was not found.)
\0&lt;/a&gt;
E, 5176, 24, 2013/05/23, 10:26:54.052, 2463963367660, QTAgent32.exe, Playback - [IMAGE] C:\Users\testuser\AppData\Local\Temp\UITestLogs\LastRun\RPFD4E1.png
\0
W, 5176, 24, 2013/05/23, 10:26:54.052, 2463963369229, QTAgent32.exe, Playback - [WARNING] Internal warning: Couldn't find descendants that match QueryId
\0
W, 5176, 24, 2013/05/23, 10:26:54.053, 2463963371792, QTAgent32.exe, PERF WARNING: FindTopLevelWindowHelper::FindAllDescendents: took 3059 ms. Expected it to take maximum 500 ms.
E, 5176, 24, 2013/05/23, 10:26:54.053, 2463963373390, QTAgent32.exe, Exception: System.Runtime.InteropServices.COMException
	Message: Error HRESULT E_FAIL has been returned from a call to a COM component.
	Stack Trace:    at Microsoft.VisualStudio.TestTools.UITest.Playback.Engine.IRPFPlayback.FindAllScreenElements(IScreenElement pScreenElementStart, String bstrQueryId, Object&amp; pvarResKeys, Int32 cResKeys, Int32 nMaxDepth, Object[]&amp; foundDescendants)
   at Microsoft.VisualStudio.TestTools.UITest.Playback.ScreenElement.FindTopLevelWindowHelper(String queryId)
	BaseExceptionMessage: Error HRESULT E_FAIL has been returned from a call to a COM component.

E, 5176, 24, 2013/05/23, 10:26:54.053, 2463963375969, QTAgent32.exe, Window 460490 not responding. Last Win32 error 0
E, 5176, 24, 2013/05/23, 10:26:54.053, 2463963376901, QTAgent32.exe, GetClassName for handle 460490 failed
E, 5176, 24, 2013/05/23, 10:26:54.153, 2463964813299, QTAgent32.exe, AL: Playback Error: Microsoft.VisualStudio.TestTools.UITest.Extension.UITestControlNotAvailableException: The control is not available or not valid. Additional Details: 
TechnologyName:  'MSAA'
Name:  'Personal Lines'
ClassName:  '#32770'
ControlType:  'Window'
 ---&gt; System.Runtime.InteropServices.COMException: Error HRESULT E_FAIL has been returned from a call to a COM component.
   at Microsoft.VisualStudio.TestTools.UITest.Playback.Engine.IRPFPlayback.FindAllScreenElements(IScreenElement pScreenElementStart, String bstrQueryId, Object&amp; pvarResKeys, Int32 cResKeys, Int32 nMaxDepth, Object[]&amp; foundDescendants)
   at Microsoft.VisualStudio.TestTools.UITest.Playback.ScreenElement.FindTopLevelWindowHelper(String queryId)
   at Microsoft.VisualStudio.TestTools.UITest.Playback.ScreenElement.FindFromPartialQueryId(String queryId)
   at Microsoft.VisualStudio.TestTools.UITesting.UITestControl.EnsureValid(Boolean waitForReady, Boolean refetch)
   --- End of inner exception stack trace ---
   at Microsoft.VisualStudio.TestTools.UITesting.UITestControl.EnsureValid(Boolean waitForReady, Boolean refetch)
   at Microsoft.VisualStudio.TestTools.UITesting.UITestControl.FindFirstDescendant(String queryId, Int32 maxDepth, Int32&amp; timeLeft)
   at Microsoft.VisualStudio.TestTools.UITesting.SearchHelper.GetElement(Boolean useCache, ISearchArgument searchArg)
   at Microsoft.VisualStudio.TestTools.UITesting.SearchHelper.Search(ISearchArgument searchArg)
   at Microsoft.VisualStudio.TestTools.UITesting.UITestControl.FindInternal()
   at Microsoft.VisualStudio.TestTools.UITesting.UITestControl.FindControlIfNecessary()
   at Microsoft.VisualStudio.TestTools.UITesting.UITestControl.Click(MouseButtons button, ModifierKeys modifierKeys, Point relativeCoordinates)
   at Microsoft.VisualStudio.TestTools.UITesting.Mouse.ClickImplementation(UITestControl control, MouseButtons button, ModifierKeys modifierKeys, Point relativeCoordinate)
   at Microsoft.VisualStudio.TestTools.UITesting.Mouse.ClickImplementationWrapper(UITestControl control, MouseButtons button, ModifierKeys modifierKeys, Point relativeCoordinate)
W, 5176, 24, 2013/05/23, 10:26:54.153, 2463964814760, QTAgent32.exe, PlaybackErrorHandler: Ignoring exception as ContinueOnError is set.
W, 5176, 24, 2013/05/23, 10:26:54.399, 2463968338204, QTAgent32.exe, Playback - [WARNING] Internal warning: Window Not Found: [VisibleOnly]ControlType='Window' &amp;&amp; Name='Policies Auto-Renewed &amp; Auto-Lapsed' &amp;&amp; ClassName='ThunderRT6FormDC'
\0
E, 5176, 24, 2013/05/23, 10:26:54.400, 2463968340273, QTAgent32.exe, &lt;a class=failure&gt;Playback - {210} [FAILED] Function ElementFetcher::FindScreenElement failed to locate UI element (Searching: ;[VisibleOnly]ControlType='Window' &amp;&amp; Name='Policies Auto-Renewed &amp; Auto-Lapsed' &amp;&amp; ClassName='ThunderRT6FormDC') (The object specified was not found.)
\0&lt;/a&gt;
E, 5176, 24, 2013/05/23, 10:26:54.441, 2463968936583, QTAgent32.exe, Playback - [IMAGE] C:\Users\testuser\AppData\Local\Temp\UITestLogs\LastRun\RPFD668.png
\0
W, 5176, 24, 2013/05/23, 10:26:54.441, 2463968938152, QTAgent32.exe, Playback - [WARNING] Internal warning: Couldn't find descendants that match QueryId
\0
W, 5176, 24, 2013/05/23, 10:27:12.480, 2464227217257, QTAgent32.exe, Playback - [WARNING] Internal warning: Window Not Found: [VisibleOnly]ControlType='Window' &amp;&amp; Name='Policies Auto-Renewed &amp; Auto-Lapsed' &amp;&amp; ClassName='ThunderRT6FormDC'
\0
E, 5176, 24, 2013/05/23, 10:27:12.480, 2464227219559, QTAgent32.exe, &lt;a class=failure&gt;Playback - {211} [FAILED] Function ElementFetcher::FindScreenElement failed to locate UI element (Searching: ;[VisibleOnly]ControlType='Window' &amp;&amp; Name='Policies Auto-Renewed &amp; Auto-Lapsed' &amp;&amp; ClassName='ThunderRT6FormDC') (The object specified was not found.)
\0&lt;/a&gt;
E, 5176, 24, 2013/05/23, 10:27:12.529, 2464227913345, QTAgent32.exe, Playback - [IMAGE] C:\Users\testuser\AppData\Local\Temp\UITestLogs\LastRun\RPF1D0A.png
\0
W, 5176, 24, 2013/05/23, 10:27:12.529, 2464227914983, QTAgent32.exe, Playback - [WARNING] Internal warning: Couldn't find descendants that match QueryId
\0
W, 5176, 24, 2013/05/23, 10:27:12.529, 2464227917423, QTAgent32.exe, PERF WARNING: FindTopLevelWindowHelper::FindAllDescendents: took 18087 ms. Expected it to take maximum 500 ms.
W, 5176, 24, 2013/05/23, 10:27:13.001, 2464234679989, QTAgent32.exe, Playback - [WARNING] Internal warning: Smart Match failed
\0
W, 5176, 24, 2013/05/23, 10:27:13.231, 2464237974200, QTAgent32.exe, Playback - [WARNING] Internal warning: Smart Match failed
\0
W, 5176, 24, 2013/05/23, 10:27:13.457, 2464241204601, QTAgent32.exe, Playback - [WARNING] Internal warning: Smart Match failed
\0
W, 5176, 24, 2013/05/23, 10:27:13.676, 2464244341715, QTAgent32.exe, Playback - [WARNING] Internal warning: Smart Match failed
\0
W, 5176, 24, 2013/05/23, 10:27:13.899, 2464247535808, QTAgent32.exe, Playback - [WARNING] Internal warning: Smart Match failed
\0
W, 5176, 24, 2013/05/23, 10:27:14.118, 2464250676964, QTAgent32.exe, Playback - [WARNING] Internal warning: Smart Match failed
\0
W, 5176, 24, 2013/05/23, 10:27:14.336, 2464253792589, QTAgent32.exe, Playback - [WARNING] Internal warning: Smart Match failed
\0
W, 5176, 24, 2013/05/23, 10:27:14.554, 2464256918757, QTAgent32.exe, Playback - [WARNING] Internal warning: Smart Match failed
\0
W, 5176, 24, 2013/05/23, 10:27:14.773, 2464260048013, QTAgent32.exe, Playback - [WARNING] Internal warning: Smart Match failed
\0
W, 5176, 24, 2013/05/23, 10:27:14.989, 2464263151812, QTAgent32.exe, Playback - [WARNING] Internal warning: Smart Match failed
\0
W, 5176, 24, 2013/05/23, 10:27:15.215, 2464266383290, QTAgent32.exe, Playback - [WARNING] Internal warning: Smart Match failed
\0
W, 5176, 24, 2013/05/23, 10:27:15.437, 2464269559467, QTAgent32.exe, Playback - [WARNING] Internal warning: Smart Match failed
\0
W, 5176, 24, 2013/05/23, 10:27:15.550, 2464271176746, QTAgent32.exe, Playback - [WARNING] Internal warning: Window Not Found: [VisibleOnly]ControlType='Window' &amp;&amp; Name='Policies Auto-Renewed &amp; Auto-Lapsed' &amp;&amp; ClassName='ThunderRT6FormDC'
\0
E, 5176, 24, 2013/05/23, 10:27:15.551, 2464271178759, QTAgent32.exe, &lt;a class=failure&gt;Playback - {212} [FAILED] Function ElementFetcher::FindScreenElement failed to locate UI element (Searching: ;[VisibleOnly]ControlType='Window' &amp;&amp; Name='Policies Auto-Renewed &amp; Auto-Lapsed' &amp;&amp; ClassName='ThunderRT6FormDC') (The object specified was not found.)
\0&lt;/a&gt;
E, 5176, 24, 2013/05/23, 10:27:15.594, 2464271799011, QTAgent32.exe, Playback - [IMAGE] C:\Users\testuser\AppData\Local\Temp\UITestLogs\LastRun\RPF290C.png
\0
W, 5176, 24, 2013/05/23, 10:27:15.594, 2464271800507, QTAgent32.exe, Playback - [WARNING] Internal warning: Couldn't find descendants that match QueryId
\0
W, 5176, 24, 2013/05/23, 10:27:15.594, 2464271803247, QTAgent32.exe, PERF WARNING: FindTopLevelWindowHelper::FindAllDescendents: took 3064 ms. Expected it to take maximum 500 ms.
E, 5176, 24, 2013/05/23, 10:27:15.594, 2464271804842, QTAgent32.exe, Exception: System.Runtime.InteropServices.COMException
	Message: Error HRESULT E_FAIL has been returned from a call to a COM component.
	Stack Trace:    at Microsoft.VisualStudio.TestTools.UITest.Playback.Engine.IRPFPlayback.FindAllScreenElements(IScreenElement pScreenElementStart, String bstrQueryId, Object&amp; pvarResKeys, Int32 cResKeys, Int32 nMaxDepth, Object[]&amp; foundDescendants)
   at Microsoft.VisualStudio.TestTools.UITest.Playback.ScreenElement.FindTopLevelWindowHelper(String queryId)
	BaseExceptionMessage: Error HRESULT E_FAIL has been returned from a call to a COM component.

E, 5176, 24, 2013/05/23, 10:27:15.695, 2464273244612, QTAgent32.exe, AL: Playback Error: Microsoft.VisualStudio.TestTools.UITest.Extension.UITestControlNotFoundException: The playback failed to find the control with the given search properties. Additional Details: 
TechnologyName:  'MSAA'
ControlType:  'Window'
Name:  'Policies Auto-Renewed &amp; Auto-Lapsed'
ClassName:  'ThunderRT6FormDC'
 ---&gt; System.Runtime.InteropServices.COMException: Error HRESULT E_FAIL has been returned from a call to a COM component.
   at Microsoft.VisualStudio.TestTools.UITest.Playback.Engine.IRPFPlayback.FindAllScreenElements(IScreenElement pScreenElementStart, String bstrQueryId, Object&amp; pvarResKeys, Int32 cResKeys, Int32 nMaxDepth, Object[]&amp; foundDescendants)
   at Microsoft.VisualStudio.TestTools.UITest.Playback.ScreenElement.FindTopLevelWindowHelper(String queryId)
   at Microsoft.VisualStudio.TestTools.UITest.Playback.ScreenElement.FindFromPartialQueryId(String queryId)
   at Microsoft.VisualStudio.TestTools.UITesting.UITestControl..ctor(String queryId)
   --- End of inner exception stack trace ---
   at Microsoft.VisualStudio.TestTools.UITesting.Playback.MapControlNotFoundException(COMException ex, IPlaybackContext context)
   at Microsoft.VisualStudio.TestTools.UITesting.Playback.MapAndThrowComException(COMException innerException, IPlaybackContext context)
   at Microsoft.VisualStudio.TestTools.UITesting.Playback.MapAndThrowException(SystemException exception, IPlaybackContext context)
   at Microsoft.VisualStudio.TestTools.UITesting.Playback.MapAndThrowException(SystemException exception, String queryId)
   at Microsoft.VisualStudio.TestTools.UITesting.UITestControl..ctor(String queryId)
   at Microsoft.VisualStudio.TestTools.UITesting.SearchHelper.SearchTopLevelWindow(ISearchArgument topLevelSearchArg, String topLevelElementQueryId)
   at Microsoft.VisualStudio.TestTools.UITesting.SearchHelper.GetTitleUpdatedTopLevelWindow(ISearchArgument topLevelSearchArg, String queryId, IList`1 windowTitles)
   at Microsoft.VisualStudio.TestTools.UITesting.SearchHelper.GetTopLevelElement(Boolean useCache, Boolean useCacheOnly, ISearchArgument searchArg, IList`1 windowTitles, Int32&amp; timeLeft)
   at Microsoft.VisualStudio.TestTools.UITesting.SearchHelper.GetElement(Boolean useCache, ISearchArgument searchArg)
   at Microsoft.VisualStudio.TestTools.UITesting.SearchHelper.Search(ISearchArgument searchArg)
   at Microsoft.VisualStudio.TestTools.UITesting.UITestControl.FindInternal()
   at Microsoft.VisualStudio.TestTools.UITesting.UITestControl.FindControlIfNecessary()
   at Microsoft.VisualStudio.TestTools.UITesting.UITestControl.Click(MouseButtons button, ModifierKeys modifierKeys, Point relativeCoordinates)
   at Microsoft.VisualStudio.TestTools.UITesting.Mouse.ClickImplementation(UITestControl control, MouseButtons button, ModifierKeys modifierKeys, Point relativeCoordinate)
   at Microsoft.VisualStudio.TestTools.UITesting.Mouse.ClickImplementationWrapper(UITestControl control, MouseButtons button, ModifierKeys modifierKeys, Point relativeCoordinate)
W, 5176, 24, 2013/05/23, 10:27:15.695, 2464273246471, QTAgent32.exe, PlaybackErrorHandler: Ignoring exception as ContinueOnError is set.
W, 5176, 24, 2013/05/23, 10:27:15.903, 2464276223940, QTAgent32.exe, &lt;a class=success&gt;Playback - {213} [SUCCESS] MouseButtonClick - "[MSAA, VisibleOnly]ControlType='Button' &amp;&amp; Name='EDI Match...'"
\0&lt;/a&gt;
W, 5176, 24, 2013/05/23, 10:27:16.135, 2464279546771, QTAgent32.exe, &lt;a class=success&gt;Playback - {214} [SUCCESS] MouseButtonClick - "[MSAA, VisibleOnly]ControlType='Button' &amp;&amp; Name='Ok'"
\0&lt;/a&gt;
W, 5176, 24, 2013/05/23, 10:27:17.349, 2464296928849, QTAgent32.exe, PERF WARNING: FindTopLevelWindowHelper::FindAllDescendents: took 1113 ms. Expected it to take maximum 500 ms.
W, 5176, 24, 2013/05/23, 10:27:17.479, 2464298796874, QTAgent32.exe, &lt;a class=success&gt;Playback - {215} [SUCCESS] MouseButtonClick - "[MSAA, VisibleOnly]ControlType='Button' &amp;&amp; Name='OK'"
\0&lt;/a&gt;
W, 5176, 24, 2013/05/23, 10:27:17.703, 2464302006892, QTAgent32.exe, &lt;a class=success&gt;Playback - {216} [SUCCESS] MouseButtonClick - "[MSAA, VisibleOnly]ControlType='Button' &amp;&amp; Name='Log and Clear'"
\0&lt;/a&gt;
W, 5176, 24, 2013/05/23, 10:27:17.951, 2464305555903, QTAgent32.exe, &lt;a class=success&gt;Playback - {217} [SUCCESS] MouseButtonClick - "[MSAA, VisibleOnly]ControlType='Button' &amp;&amp; Name='OK'"
\0&lt;/a&gt;
W, 5176, 24, 2013/05/23, 10:27:18.204, 2464309170341, QTAgent32.exe, &lt;a class=success&gt;Playback - {218} [SUCCESS] MouseButtonClick - "[MSAA, VisibleOnly]ControlType='Button' &amp;&amp; Name='Filter...'"
\0&lt;/a&gt;
W, 5176, 24, 2013/05/23, 10:27:18.430, 2464312408258, QTAgent32.exe, &lt;a class=success&gt;Playback - {219} [SUCCESS] SendKeys "^{HOME}" - "[MSAA, VisibleOnly]ControlType='Edit'"
\0&lt;/a&gt;
E, 5176, 24, 2013/05/23, 10:27:18.430, 2464312410352, QTAgent32.exe, Msaa.GetFocusedElement: could not find accessible object of foreground window
W, 5176, 24, 2013/05/23, 10:27:18.497, 2464313367479, QTAgent32.exe, &lt;a class=success&gt;Playback - {220} [SUCCESS] SendKeys "^+{END}" - "[MSAA, VisibleOnly]ControlType='Edit'"
\0&lt;/a&gt;
E, 5176, 24, 2013/05/23, 10:27:18.497, 2464313369359, QTAgent32.exe, Msaa.GetFocusedElement: could not find accessible object of foreground window
W, 5176, 24, 2013/05/23, 10:27:18.509, 2464313546769, QTAgent32.exe, &lt;a class=success&gt;Playback - {221} [SUCCESS] SendKeys "{DELETE}" - "[MSAA, VisibleOnly]ControlType='Edit'"
\0&lt;/a&gt;
W, 5176, 24, 2013/05/23, 10:27:18.743, 2464316901908, QTAgent32.exe, &lt;a class=success&gt;Playback - {222} [SUCCESS] SetValueAsEditBox "30/05/13" - "[MSAA, VisibleOnly]ControlType='Edit'"  &lt; Set via SendKeys &gt;
\0&lt;/a&gt;
W, 5176, 24, 2013/05/23, 10:27:18.966, 2464320084180, QTAgent32.exe, &lt;a class=success&gt;Playback - {223} [SUCCESS] SendKeys "^{HOME}" - "[MSAA, VisibleOnly]ControlType='Edit'"
\0&lt;/a&gt;
E, 5176, 24, 2013/05/23, 10:27:18.966, 2464320086147, QTAgent32.exe, Msaa.GetFocusedElement: could not find accessible object of foreground window
W, 5176, 24, 2013/05/23, 10:27:19.026, 2464320950377, QTAgent32.exe, &lt;a class=success&gt;Playback - {224} [SUCCESS] SendKeys "^+{END}" - "[MSAA, VisibleOnly]ControlType='Edit'"
\0&lt;/a&gt;
E, 5176, 24, 2013/05/23, 10:27:19.026, 2464320951804, QTAgent32.exe, Msaa.GetFocusedElement: could not find accessible object of foreground window
W, 5176, 24, 2013/05/23, 10:27:19.039, 2464321129896, QTAgent32.exe, &lt;a class=success&gt;Playback - {225} [SUCCESS] SendKeys "{DELETE}" - "[MSAA, VisibleOnly]ControlType='Edit'"
\0&lt;/a&gt;
W, 5176, 24, 2013/05/23, 10:27:19.266, 2464324383653, QTAgent32.exe, &lt;a class=success&gt;Playback - {226} [SUCCESS] SetValueAsEditBox "30/05/13" - "[MSAA, VisibleOnly]ControlType='Edit'"  &lt; Set via SendKeys &gt;
\0&lt;/a&gt;
W, 5176, 24, 2013/05/23, 10:27:19.654, 2464329933959, QTAgent32.exe, Playback - [WARNING] Internal warning: Incorrect flag set for InvokeProgrammaticAction\0
W, 5176, 24, 2013/05/23, 10:27:19.772, 2464331623482, QTAgent32.exe, &lt;a class=success&gt;Playback - {227} [SUCCESS] SetValueAsComboBox "Motor" - "[MSAA, VisibleOnly]ControlType='ComboBox'"  &lt; SetValueAsComboBox, set by clicking on the item in the list box &gt;
\0&lt;/a&gt;
W, 5176, 24, 2013/05/23, 10:27:20.036, 2464335398893, QTAgent32.exe, &lt;a class=success&gt;Playback - {228} [SUCCESS] MouseButtonClick - "[MSAA, VisibleOnly]ControlType='Button' &amp;&amp; Name='Ok'"
\0&lt;/a&gt;
W, 5176, 24, 2013/05/23, 10:27:20.266, 2464338697204, QTAgent32.exe, &lt;a class=success&gt;Playback - {229} [SUCCESS] MouseButtonClick - "[MSAA, VisibleOnly]ControlType='Client'"
\0&lt;/a&gt;
W, 5176, 24, 2013/05/23, 10:27:20.865, 2464347272487, QTAgent32.exe, &lt;a class=success&gt;Playback - {230} [SUCCESS] MouseButtonClick - "[MSAA, VisibleOnly]ControlType='Client'"
\0&lt;/a&gt;
W, 5176, 24, 2013/05/23, 10:27:21.778, 2464360346945, QTAgent32.exe, &lt;a class=success&gt;Playback - {231} [SUCCESS] MouseButtonClick - "[MSAA, VisibleOnly]ControlType='Client'"
\0&lt;/a&gt;
W, 5176, 24, 2013/05/23, 10:27:21.969, 2464363086941, QTAgent32.exe, &lt;a class=success&gt;Playback - {232} [SUCCESS] SendKeys "{End}" - "[MSAA, VisibleOnly]ControlType='Client'"
\0&lt;/a&gt;
W, 5176, 24, 2013/05/23, 10:27:22.193, 2464366289757, QTAgent32.exe, &lt;a class=success&gt;Playback - {233} [SUCCESS] MouseButtonClick - "[MSAA, VisibleOnly]ControlType='Button' &amp;&amp; Name='Display Record...'"
\0&lt;/a&gt;
W, 5176, 24, 2013/05/23, 10:27:22.545, 2464371332229, QTAgent32.exe, Playback - [WARNING] Internal warning: Window Not Found: [VisibleOnly]ControlType='Window' &amp;&amp; Name='AUTO208-1001' &amp;&amp; ClassName='ThunderRT6FormDC'
\0
E, 5176, 24, 2013/05/23, 10:27:22.545, 2464371334692, QTAgent32.exe, &lt;a class=failure&gt;Playback - {234} [FAILED] Function ElementFetcher::FindScreenElement failed to locate UI element (Searching: ;[VisibleOnly]ControlType='Window' &amp;&amp; Name='AUTO208-1001' &amp;&amp; ClassName='ThunderRT6FormDC') (The object specified was not found.)
\0&lt;/a&gt;
E, 5176, 24, 2013/05/23, 10:27:22.589, 2464371960019, QTAgent32.exe, Playback - [IMAGE] C:\Users\testuser\AppData\Local\Temp\UITestLogs\LastRun\RPF445A.png
\0
W, 5176, 24, 2013/05/23, 10:27:22.589, 2464371961537, QTAgent32.exe, Playback - [WARNING] Internal warning: Couldn't find descendants that match QueryId
\0
W, 5176, 24, 2013/05/23, 10:27:40.612, 2464630010060, QTAgent32.exe, Playback - [WARNING] Internal warning: Window Not Found: [VisibleOnly]ControlType='Window' &amp;&amp; Name='AUTO208-1001' &amp;&amp; ClassName='ThunderRT6FormDC'
\0
E, 5176, 24, 2013/05/23, 10:27:40.612, 2464630012492, QTAgent32.exe, &lt;a class=failure&gt;Playback - {235} [FAILED] Function ElementFetcher::FindScreenElement failed to locate UI element (Searching: ;[VisibleOnly]ControlType='Window' &amp;&amp; Name='AUTO208-1001' &amp;&amp; ClassName='ThunderRT6FormDC') (The object specified was not found.)
\0&lt;/a&gt;
E, 5176, 24, 2013/05/23, 10:27:40.657, 2464630657911, QTAgent32.exe, Playback - [IMAGE] C:\Users\testuser\AppData\Local\Temp\UITestLogs\LastRun\RPF8AFB.png
\0
W, 5176, 24, 2013/05/23, 10:27:40.657, 2464630659502, QTAgent32.exe, Playback - [WARNING] Internal warning: Couldn't find descendants that match QueryId
\0
W, 5176, 24, 2013/05/23, 10:27:40.657, 2464630662201, QTAgent32.exe, PERF WARNING: FindTopLevelWindowHelper::FindAllDescendents: took 18067 ms. Expected it to take maximum 500 ms.
W, 5176, 24, 2013/05/23, 10:27:41.253, 2464639190255, QTAgent32.exe, Playback - [WARNING] Internal warning: Window with Class "ThunderRT6FormDC" and Title "AUTO208-1001" was not found, so similar window with Class "ThunderRT6FormDC" and Title "AUTO139-1001" was accepted
\0
W, 5176, 24, 2013/05/23, 10:27:41.253, 2464639193184, QTAgent32.exe, PERF WARNING: FindTopLevelWindowHelper::FindAllDescendents: took 595 ms. Expected it to take maximum 500 ms.
W, 5176, 24, 2013/05/23, 10:27:41.376, 2464640958644, QTAgent32.exe, &lt;a class=success&gt;Playback - {236} [SUCCESS] MouseButtonClick - "[MSAA, VisibleOnly]ControlType='Button' &amp;&amp; Name='Rebroke...'"
\0&lt;/a&gt;
W, 5176, 24, 2013/05/23, 10:27:41.729, 2464646006315, QTAgent32.exe, Playback - [WARNING] Internal warning: Window Not Found: [VisibleOnly]ControlType='Window' &amp;&amp; Name='Quote Select List' &amp;&amp; ClassName='ThunderRT6FormDC'
\0
E, 5176, 24, 2013/05/23, 10:27:41.729, 2464646008690, QTAgent32.exe, &lt;a class=failure&gt;Playback - {237} [FAILED] Function ElementFetcher::FindScreenElement failed to locate UI element (Searching: ;[VisibleOnly]ControlType='Window' &amp;&amp; Name='Quote Select List' &amp;&amp; ClassName='ThunderRT6FormDC') (The object specified was not found.)
\0&lt;/a&gt;
E, 5176, 24, 2013/05/23, 10:27:41.781, 2464646761779, QTAgent32.exe, Playback - [IMAGE] C:\Users\testuser\AppData\Local\Temp\UITestLogs\LastRun\RPF8F60.png
\0
W, 5176, 24, 2013/05/23, 10:27:41.782, 2464646763734, QTAgent32.exe, Playback - [WARNING] Internal warning: Couldn't find descendants that match QueryId
\0
W, 5176, 24, 2013/05/23, 10:27:59.850, 2464905470223, QTAgent32.exe, Playback - [WARNING] Internal warning: Window Not Found: [VisibleOnly]ControlType='Window' &amp;&amp; Name='Quote Select List' &amp;&amp; ClassName='ThunderRT6FormDC'
\0
E, 5176, 24, 2013/05/23, 10:27:59.850, 2464905472581, QTAgent32.exe, &lt;a class=failure&gt;Playback - {238} [FAILED] Function ElementFetcher::FindScreenElement failed to locate UI element (Searching: ;[VisibleOnly]ControlType='Window' &amp;&amp; Name='Quote Select List' &amp;&amp; ClassName='ThunderRT6FormDC') (The object specified was not found.)
\0&lt;/a&gt;
E, 5176, 24, 2013/05/23, 10:27:59.895, 2464906108558, QTAgent32.exe, Playback - [IMAGE] C:\Users\testuser\AppData\Local\Temp\UITestLogs\LastRun\RPFD620.png
\0
W, 5176, 24, 2013/05/23, 10:27:59.895, 2464906110204, QTAgent32.exe, Playback - [WARNING] Internal warning: Couldn't find descendants that match QueryId
\0
W, 5176, 24, 2013/05/23, 10:27:59.895, 2464906112679, QTAgent32.exe, PERF WARNING: FindTopLevelWindowHelper::FindAllDescendents: took 18112 ms. Expected it to take maximum 500 ms.
W, 5176, 24, 2013/05/23, 10:28:00.370, 2464912913236, QTAgent32.exe, Playback - [WARNING] Internal warning: Smart Match failed
\0
W, 5176, 24, 2013/05/23, 10:28:00.602, 2464916239137, QTAgent32.exe, Playback - [WARNING] Internal warning: Smart Match failed
\0
W, 5176, 24, 2013/05/23, 10:28:00.828, 2464919468772, QTAgent32.exe, Playback - [WARNING] Internal warning: Smart Match failed
\0
W, 5176, 24, 2013/05/23, 10:28:01.052, 2464922685262, QTAgent32.exe, Playback - [WARNING] Internal warning: Smart Match failed
\0
W, 5176, 24, 2013/05/23, 10:28:01.280, 2464925944643, QTAgent32.exe, Playback - [WARNING] Internal warning: Smart Match failed
\0
W, 5176, 24, 2013/05/23, 10:28:01.509, 2464929230584, QTAgent32.exe, Playback - [WARNING] Internal warning: Smart Match failed
\0
W, 5176, 24, 2013/05/23, 10:28:01.733, 2464932439462, QTAgent32.exe, Playback - [WARNING] Internal warning: Smart Match failed
\0
W, 5176, 24, 2013/05/23, 10:28:01.963, 2464935732757, QTAgent32.exe, Playback - [WARNING] Internal warning: Smart Match failed
\0
W, 5176, 24, 2013/05/23, 10:28:02.194, 2464939036646, QTAgent32.exe, Playback - [WARNING] Internal warning: Smart Match failed
\0
W, 5176, 24, 2013/05/23, 10:28:02.429, 2464942394422, QTAgent32.exe, Playback - [WARNING] Internal warning: Smart Match failed
\0
W, 5176, 24, 2013/05/23, 10:28:02.667, 2464945794270, QTAgent32.exe, Playback - [WARNING] Internal warning: Smart Match failed
\0
W, 5176, 24, 2013/05/23, 10:28:02.906, 2464949221934, QTAgent32.exe, Playback - [WARNING] Internal warning: Smart Match failed
\0
W, 5176, 24, 2013/05/23, 10:28:03.026, 2464950938027, QTAgent32.exe, Playback - [WARNING] Internal warning: Window Not Found: [VisibleOnly]ControlType='Window' &amp;&amp; Name='Quote Select List' &amp;&amp; ClassName='ThunderRT6FormDC'
\0
E, 5176, 24, 2013/05/23, 10:28:03.026, 2464950939849, QTAgent32.exe, &lt;a class=failure&gt;Playback - {239} [FAILED] Function ElementFetcher::FindScreenElement failed to locate UI element (Searching: ;[VisibleOnly]ControlType='Window' &amp;&amp; Name='Quote Select List' &amp;&amp; ClassName='ThunderRT6FormDC') (The object specified was not found.)
\0&lt;/a&gt;
E, 5176, 24, 2013/05/23, 10:28:03.069, 2464951553726, QTAgent32.exe, Playback - [IMAGE] C:\Users\testuser\AppData\Local\Temp\UITestLogs\LastRun\RPFE280.png
\0
W, 5176, 24, 2013/05/23, 10:28:03.069, 2464951557057, QTAgent32.exe, Playback - [WARNING] Internal warning: Couldn't find descendants that match QueryId
\0
W, 5176, 24, 2013/05/23, 10:28:03.069, 2464951559806, QTAgent32.exe, PERF WARNING: FindTopLevelWindowHelper::FindAllDescendents: took 3173 ms. Expected it to take maximum 500 ms.
E, 5176, 24, 2013/05/23, 10:28:03.069, 2464951561476, QTAgent32.exe, Exception: System.Runtime.InteropServices.COMException
	Message: Error HRESULT E_FAIL has been returned from a call to a COM component.
	Stack Trace:    at Microsoft.VisualStudio.TestTools.UITest.Playback.Engine.IRPFPlayback.FindAllScreenElements(IScreenElement pScreenElementStart, String bstrQueryId, Object&amp; pvarResKeys, Int32 cResKeys, Int32 nMaxDepth, Object[]&amp; foundDescendants)
   at Microsoft.VisualStudio.TestTools.UITest.Playback.ScreenElement.FindTopLevelWindowHelper(String queryId)
	BaseExceptionMessage: Error HRESULT E_FAIL has been returned from a call to a COM component.

E, 5176, 24, 2013/05/23, 10:28:03.069, 2464951563952, QTAgent32.exe, Window 329460 not responding. Last Win32 error 0
E, 5176, 24, 2013/05/23, 10:28:03.070, 2464951565035, QTAgent32.exe, GetClassName for handle 329460 failed
E, 5176, 24, 2013/05/23, 10:28:03.070, 2464951568894, QTAgent32.exe, Window 1180480 not responding. Last Win32 error 1400
E, 5176, 24, 2013/05/23, 10:28:03.070, 2464951569678, QTAgent32.exe, GetClassName for handle 1180480 failed
E, 5176, 24, 2013/05/23, 10:28:03.170, 2464953002465, QTAgent32.exe, AL: Playback Error: Microsoft.VisualStudio.TestTools.UITest.Extension.UITestControlNotAvailableException: The control is not available or not valid. Additional Details: 
TechnologyName:  'MSAA'
Name:  'Cancel'
ControlType:  'Button'
 ---&gt; Microsoft.VisualStudio.TestTools.UITest.Extension.UITestControlNotAvailableException: The control is not available or not valid. Additional Details: 
TechnologyName:  'MSAA'
Name:  'Quote Select List'
ClassName:  'ThunderRT6FormDC'
ControlType:  'Window'
 ---&gt; System.Runtime.InteropServices.COMException: Error HRESULT E_FAIL has been returned from a call to a COM component.
   at Microsoft.VisualStudio.TestTools.UITest.Playback.Engine.IRPFPlayback.FindAllScreenElements(IScreenElement pScreenElementStart, String bstrQueryId, Object&amp; pvarResKeys, Int32 cResKeys, Int32 nMaxDepth, Object[]&amp; foundDescendants)
   at Microsoft.VisualStudio.TestTools.UITest.Playback.ScreenElement.FindTopLevelWindowHelper(String queryId)
   at Microsoft.VisualStudio.TestTools.UITest.Playback.ScreenElement.FindFromPartialQueryId(String queryId)
   at Microsoft.VisualStudio.TestTools.UITesting.UITestControl.EnsureValid(Boolean waitForReady, Boolean refetch)
   --- End of inner exception stack trace ---
   at Microsoft.VisualStudio.TestTools.UITesting.UITestControl.EnsureValid(Boolean waitForReady, Boolean refetch)
   at Microsoft.VisualStudio.TestTools.UITesting.UITestControl.FindFirstDescendant(String queryId, Int32 maxDepth, Int32&amp; timeLeft)
   at Microsoft.VisualStudio.TestTools.UITesting.UITestControl.FindFirstDescendant(String queryId)
   at Microsoft.VisualStudio.TestTools.UITesting.UITestControl.EnsureValid(Boolean waitForReady, Boolean refetch)
   --- End of inner exception stack trace ---
   at Microsoft.VisualStudio.TestTools.UITesting.UITestControl.EnsureValid(Boolean waitForReady, Boolean refetch)
   at Microsoft.VisualStudio.TestTools.UITesting.UITestControl.Click(MouseButtons button, ModifierKeys modifierKeys, Point relativeCoordinates)
   at Microsoft.VisualStudio.TestTools.UITesting.Mouse.ClickImplementation(UITestControl control, MouseButtons button, ModifierKeys modifierKeys, Point relativeCoordinate)
   at Microsoft.VisualStudio.TestTools.UITesting.Mouse.ClickImplementationWrapper(UITestControl control, MouseButtons button, ModifierKeys modifierKeys, Point relativeCoordinate)
W, 5176, 24, 2013/05/23, 10:28:03.170, 2464953004276, QTAgent32.exe, PlaybackErrorHandler: Ignoring exception as ContinueOnError is set.
W, 5176, 24, 2013/05/23, 10:28:03.425, 2464956656473, QTAgent32.exe, Playback - [WARNING] Internal warning: Window Not Found: [VisibleOnly]ControlType='Window' &amp;&amp; Name=&gt;'Credit Check' &amp;&amp; ClassName='ThunderRT6FormDC'
\0
E, 5176, 24, 2013/05/23, 10:28:03.425, 2464956658623, QTAgent32.exe, &lt;a class=failure&gt;Playback - {240} [FAILED] Function ElementFetcher::FindScreenElement failed to locate UI element (Searching: ;[VisibleOnly]ControlType='Window' &amp;&amp; Name=&gt;'Credit Check' &amp;&amp; ClassName='ThunderRT6FormDC') (The object specified was not found.)
\0&lt;/a&gt;
E, 5176, 24, 2013/05/23, 10:28:03.468, 2464957275668, QTAgent32.exe, Playback - [IMAGE] C:\Users\testuser\AppData\Local\Temp\UITestLogs\LastRun\RPFE417.png
\0
W, 5176, 24, 2013/05/23, 10:28:03.468, 2464957277199, QTAgent32.exe, Playback - [WARNING] Internal warning: Couldn't find descendants that match QueryId
\0
W, 5176, 24, 2013/05/23, 10:28:21.470, 2465215034821, QTAgent32.exe, Playback - [WARNING] Internal warning: Window Not Found: [VisibleOnly]ControlType='Window' &amp;&amp; Name=&gt;'Credit Check' &amp;&amp; ClassName='ThunderRT6FormDC'
\0
E, 5176, 24, 2013/05/23, 10:28:21.470, 2465215037024, QTAgent32.exe, &lt;a class=failure&gt;Playback - {241} [FAILED] Function ElementFetcher::FindScreenElement failed to locate UI element (Searching: ;[VisibleOnly]ControlType='Window' &amp;&amp; Name=&gt;'Credit Check' &amp;&amp; ClassName='ThunderRT6FormDC') (The object specified was not found.)
\0&lt;/a&gt;
E, 5176, 24, 2013/05/23, 10:28:21.514, 2465215658315, QTAgent32.exe, Playback - [IMAGE] C:\Users\testuser\AppData\Local\Temp\UITestLogs\LastRun\RPF2A99.png
\0
W, 5176, 24, 2013/05/23, 10:28:21.514, 2465215659927, QTAgent32.exe, Playback - [WARNING] Internal warning: Couldn't find descendants that match QueryId
\0
W, 5176, 24, 2013/05/23, 10:28:21.514, 2465215662778, QTAgent32.exe, PERF WARNING: FindTopLevelWindowHelper::FindAllDescendents: took 18045 ms. Expected it to take maximum 500 ms.
W, 5176, 24, 2013/05/23, 10:28:21.986, 2465222422600, QTAgent32.exe, Playback - [WARNING] Internal warning: Smart Match failed
\0
W, 5176, 24, 2013/05/23, 10:28:22.217, 2465225725883, QTAgent32.exe, Playback - [WARNING] Internal warning: Smart Match failed
\0
W, 5176, 24, 2013/05/23, 10:28:22.448, 2465229022604, QTAgent32.exe, Playback - [WARNING] Internal warning: Smart Match failed
\0
W, 5176, 24, 2013/05/23, 10:28:22.685, 2465232427319, QTAgent32.exe, Playback - [WARNING] Internal warning: Smart Match failed
\0
W, 5176, 24, 2013/05/23, 10:28:22.924, 2465235840919, QTAgent32.exe, Playback - [WARNING] Internal warning: Smart Match failed
\0
W, 5176, 24, 2013/05/23, 10:28:23.151, 2465239100946, QTAgent32.exe, Playback - [WARNING] Internal warning: Smart Match failed
\0
W, 5176, 24, 2013/05/23, 10:28:23.388, 2465242496090, QTAgent32.exe, Playback - [WARNING] Internal warning: Smart Match failed
\0
W, 5176, 24, 2013/05/23, 10:28:23.618, 2465245784569, QTAgent32.exe, Playback - [WARNING] Internal warning: Smart Match failed
\0
W, 5176, 24, 2013/05/23, 10:28:23.851, 2465249121399, QTAgent32.exe, Playback - [WARNING] Internal warning: Smart Match failed
\0
W, 5176, 24, 2013/05/23, 10:28:24.086, 2465252492094, QTAgent32.exe, Playback - [WARNING] Internal warning: Smart Match failed
\0
W, 5176, 24, 2013/05/23, 10:28:24.313, 2465255732911, QTAgent32.exe, Playback - [WARNING] Internal warning: Smart Match failed
\0
W, 5176, 24, 2013/05/23, 10:28:24.548, 2465259102232, QTAgent32.exe, Playback - [WARNING] Internal warning: Smart Match failed
\0
W, 5176, 24, 2013/05/23, 10:28:24.667, 2465260809685, QTAgent32.exe, Playback - [WARNING] Internal warning: Window Not Found: [VisibleOnly]ControlType='Window' &amp;&amp; Name=&gt;'Credit Check' &amp;&amp; ClassName='ThunderRT6FormDC'
\0
E, 5176, 24, 2013/05/23, 10:28:24.667, 2465260811319, QTAgent32.exe, &lt;a class=failure&gt;Playback - {242} [FAILED] Function ElementFetcher::FindScreenElement failed to locate UI element (Searching: ;[VisibleOnly]ControlType='Window' &amp;&amp; Name=&gt;'Credit Check' &amp;&amp; ClassName='ThunderRT6FormDC') (The object specified was not found.)
\0&lt;/a&gt;
E, 5176, 24, 2013/05/23, 10:28:24.709, 2465261411326, QTAgent32.exe, Playback - [IMAGE] C:\Users\testuser\AppData\Local\Temp\UITestLogs\LastRun\RPF3718.png
\0
W, 5176, 24, 2013/05/23, 10:28:24.709, 2465261412951, QTAgent32.exe, Playback - [WARNING] Internal warning: Couldn't find descendants that match QueryId
\0
W, 5176, 24, 2013/05/23, 10:28:24.710, 2465261415535, QTAgent32.exe, PERF WARNING: FindTopLevelWindowHelper::FindAllDescendents: took 3195 ms. Expected it to take maximum 500 ms.
E, 5176, 24, 2013/05/23, 10:28:24.710, 2465261417146, QTAgent32.exe, Exception: System.Runtime.InteropServices.COMException
	Message: Error HRESULT E_FAIL has been returned from a call to a COM component.
	Stack Trace:    at Microsoft.VisualStudio.TestTools.UITest.Playback.Engine.IRPFPlayback.FindAllScreenElements(IScreenElement pScreenElementStart, String bstrQueryId, Object&amp; pvarResKeys, Int32 cResKeys, Int32 nMaxDepth, Object[]&amp; foundDescendants)
   at Microsoft.VisualStudio.TestTools.UITest.Playback.ScreenElement.FindTopLevelWindowHelper(String queryId)
	BaseExceptionMessage: Error HRESULT E_FAIL has been returned from a call to a COM component.

E, 5176, 24, 2013/05/23, 10:28:24.710, 2465261419509, QTAgent32.exe, Window 2557078 not responding. Last Win32 error 0
E, 5176, 24, 2013/05/23, 10:28:24.710, 2465261420379, QTAgent32.exe, GetClassName for handle 2557078 failed
E, 5176, 24, 2013/05/23, 10:28:24.710, 2465261424310, QTAgent32.exe, Window 2294258 not responding. Last Win32 error 1400
E, 5176, 24, 2013/05/23, 10:28:24.710, 2465261425080, QTAgent32.exe, GetClassName for handle 2294258 failed
E, 5176, 24, 2013/05/23, 10:28:24.810, 2465262857057, QTAgent32.exe, AL: Playback Error: Microsoft.VisualStudio.TestTools.UITest.Extension.UITestControlNotAvailableException: The control is not available or not valid. Additional Details: 
TechnologyName:  'MSAA'
Name:  'No'
ControlType:  'Button'
 ---&gt; Microsoft.VisualStudio.TestTools.UITest.Extension.UITestControlNotAvailableException: The control is not available or not valid. Additional Details: 
TechnologyName:  'MSAA'
Name:  'Private Credit Check'
ClassName:  'ThunderRT6FormDC'
ControlType:  'Window'
 ---&gt; System.Runtime.InteropServices.COMException: Error HRESULT E_FAIL has been returned from a call to a COM component.
   at Microsoft.VisualStudio.TestTools.UITest.Playback.Engine.IRPFPlayback.FindAllScreenElements(IScreenElement pScreenElementStart, String bstrQueryId, Object&amp; pvarResKeys, Int32 cResKeys, Int32 nMaxDepth, Object[]&amp; foundDescendants)
   at Microsoft.VisualStudio.TestTools.UITest.Playback.ScreenElement.FindTopLevelWindowHelper(String queryId)
   at Microsoft.VisualStudio.TestTools.UITest.Playback.ScreenElement.FindFromPartialQueryId(String queryId)
   at Microsoft.VisualStudio.TestTools.UITesting.UITestControl.EnsureValid(Boolean waitForReady, Boolean refetch)
   --- End of inner exception stack trace ---
   at Microsoft.VisualStudio.TestTools.UITesting.UITestControl.EnsureValid(Boolean waitForReady, Boolean refetch)
   at Microsoft.VisualStudio.TestTools.UITesting.UITestControl.FindFirstDescendant(String queryId, Int32 maxDepth, Int32&amp; timeLeft)
   at Microsoft.VisualStudio.TestTools.UITesting.UITestControl.FindFirstDescendant(String queryId)
   at Microsoft.VisualStudio.TestTools.UITesting.UITestControl.EnsureValid(Boolean waitForReady, Boolean refetch)
   --- End of inner exception stack trace ---
   at Microsoft.VisualStudio.TestTools.UITesting.UITestControl.EnsureValid(Boolean waitForReady, Boolean refetch)
   at Microsoft.VisualStudio.TestTools.UITesting.UITestControl.Click(MouseButtons button, ModifierKeys modifierKeys, Point relativeCoordinates)
   at Microsoft.VisualStudio.TestTools.UITesting.Mouse.ClickImplementation(UITestControl control, MouseButtons button, ModifierKeys modifierKeys, Point relativeCoordinate)
   at Microsoft.VisualStudio.TestTools.UITesting.Mouse.ClickImplementationWrapper(UITestControl control, MouseButtons button, ModifierKeys modifierKeys, Point relativeCoordinate)
W, 5176, 24, 2013/05/23, 10:28:27.423, 2465300257644, QTAgent32.exe, IEDOM : StopSession of the plugin called before StartSession
W, 5176, 24, 2013/05/23, 10:28:27.423, 2465300258669, QTAgent32.exe, UIA : StopSession of the plugin called before StartSession
</DebugTrace>
        <ErrorInfo>
          <Message>Test method Ver1.CodedUITest2.MotoRebrokeRenewNewScheme threw exception: 
Microsoft.VisualStudio.TestTools.UITest.Extension.UITestControlNotAvailableException: The control is not available or not valid. Additional Details: 
TechnologyName:  'MSAA'
Name:  'No'
ControlType:  'Button'
 ---&gt; Microsoft.VisualStudio.TestTools.UITest.Extension.UITestControlNotAvailableException: The control is not available or not valid. Additional Details: 
TechnologyName:  'MSAA'
Name:  'Private Credit Check'
ClassName:  'ThunderRT6FormDC'
ControlType:  'Window'
 ---&gt; System.Runtime.InteropServices.COMException: Error HRESULT E_FAIL has been returned from a call to a COM component.</Message>
          <StackTrace>    at Microsoft.VisualStudio.TestTools.UITest.Playback.Engine.IRPFPlayback.FindAllScreenElements(IScreenElement pScreenElementStart, String bstrQueryId, Object&amp; pvarResKeys, Int32 cResKeys, Int32 nMaxDepth, Object[]&amp; foundDescendants)
   at Microsoft.VisualStudio.TestTools.UITest.Playback.ScreenElement.FindTopLevelWindowHelper(String queryId)
   at Microsoft.VisualStudio.TestTools.UITest.Playback.ScreenElement.FindFromPartialQueryId(String queryId)
   at Microsoft.VisualStudio.TestTools.UITesting.UITestControl.EnsureValid(Boolean waitForReady, Boolean refetch)
 --- End of inner exception stack trace ---
    at Microsoft.VisualStudio.TestTools.UITesting.UITestControl.EnsureValid(Boolean waitForReady, Boolean refetch)
   at Microsoft.VisualStudio.TestTools.UITesting.UITestControl.FindFirstDescendant(String queryId, Int32 maxDepth, Int32&amp; timeLeft)
   at Microsoft.VisualStudio.TestTools.UITesting.UITestControl.FindFirstDescendant(String queryId)
   at Microsoft.VisualStudio.TestTools.UITesting.UITestControl.EnsureValid(Boolean waitForReady, Boolean refetch)
 --- End of inner exception stack trace ---
    at Microsoft.VisualStudio.TestTools.UITesting.UITestControl.EnsureValid(Boolean waitForReady, Boolean refetch)
   at Microsoft.VisualStudio.TestTools.UITesting.UITestControl.Click(MouseButtons button, ModifierKeys modifierKeys, Point relativeCoordinates)
   at Microsoft.VisualStudio.TestTools.UITesting.Mouse.ClickImplementation(UITestControl control, MouseButtons button, ModifierKeys modifierKeys, Point relativeCoordinate)
   at Microsoft.VisualStudio.TestTools.UITesting.Mouse.ClickImplementationWrapper(UITestControl control, MouseButtons button, ModifierKeys modifierKeys, Point relativeCoordinate)
   at Microsoft.VisualStudio.TestTools.UITesting.Mouse.Click(UITestControl control, Point relativeCoordinate)
   at Ver1.UIMap.MotoRebroke() in C:\AutotestTam1205\TestProject7\UIMap.Designer.cs:line 3535
   at Ver1.CodedUITest2.MotoRebrokeRenewNewScheme() in C:\AutotestTam1205\TestProject7\CodedUITest2.cs:line 1006
</StackTrace>
        </ErrorInfo>
      </Output>
      <ResultFiles>
        <ResultFile path="ICDVDEVTM01\MotoRebrokeRenewNewScheme.png" />
      </ResultFiles>
      <ExtensionResult>Exception has been thrown by the target of an invocation.</ExtensionResult>
    </UnitTestResult>
    <UnitTestResult executionId="fa541b4b-451e-44e8-9b6b-1ed00cf49fd7" testId="092560b0-34b4-ac01-6d5d-c895bfb1f95f" testName="HouseRenewalBefore" computerName="ICDVDEVTM01" duration="00:04:11.7366408" startTime="2013-05-23T10:28:27.5206772+01:00" endTime="2013-05-23T10:32:39.2641445+01:00" testType="13cdc9d9-ddb5-4fa4-a97d-d965ccfc6d4b" outcome="Failed" testListId="8c84fa94-04c1-424b-9868-57a2d4851a1d" relativeResultsDirectory="fa541b4b-451e-44e8-9b6b-1ed00cf49fd7">
      <Output>
        <DebugTrace>W, 5176, 41, 2013/05/23, 10:28:31.799, 2465362925303, QTAgent32.exe, &lt;a class=success&gt;Playback - {1} [SUCCESS] MouseButtonClick - "[MSAA, VisibleOnly]ControlType='Edit'"
\0&lt;/a&gt;
W, 5176, 41, 2013/05/23, 10:28:31.989, 2465365645125, QTAgent32.exe, &lt;a class=success&gt;Playback - {2} [SUCCESS] SendKeys "[*]" - "[MSAA, VisibleOnly]ControlType='Edit'"
\0&lt;/a&gt;
W, 5176, 41, 2013/05/23, 10:28:32.643, 2465375002946, QTAgent32.exe, &lt;a class=success&gt;Playback - {3} [SUCCESS] MouseButtonClick - "[MSAA, VisibleOnly]ControlType='Button' &amp;&amp; Name='OK'"
\0&lt;/a&gt;
W, 5176, 41, 2013/05/23, 10:28:32.803, 2465377300143, QTAgent32.exe, &lt;a class=success&gt;Playback - {4} [SUCCESS] SendKeys "^{HOME}" - "[MSAA, VisibleOnly]ControlType='Edit'"
\0&lt;/a&gt;
E, 5176, 41, 2013/05/23, 10:28:32.803, 2465377301949, QTAgent32.exe, Msaa.GetFocusedElement: could not find accessible object of foreground window
W, 5176, 41, 2013/05/23, 10:28:32.856, 2465378052308, QTAgent32.exe, &lt;a class=success&gt;Playback - {5} [SUCCESS] SendKeys "^+{END}" - "[MSAA, VisibleOnly]ControlType='Edit'"
\0&lt;/a&gt;
E, 5176, 41, 2013/05/23, 10:28:32.856, 2465378053987, QTAgent32.exe, Msaa.GetFocusedElement: could not find accessible object of foreground window
W, 5176, 41, 2013/05/23, 10:28:32.870, 2465378261059, QTAgent32.exe, &lt;a class=success&gt;Playback - {6} [SUCCESS] SendKeys "{DELETE}" - "[MSAA, VisibleOnly]ControlType='Edit'"
\0&lt;/a&gt;
W, 5176, 41, 2013/05/23, 10:28:33.096, 2465381493069, QTAgent32.exe, &lt;a class=success&gt;Playback - {7} [SUCCESS] SetValueAsEditBox "23/05/2013" - "[MSAA, VisibleOnly]ControlType='Edit'"  &lt; Set via SendKeys &gt;
\0&lt;/a&gt;
W, 5176, 41, 2013/05/23, 10:28:33.370, 2465385422452, QTAgent32.exe, Playback - [WARNING] Internal warning: Incorrect flag set for InvokeProgrammaticAction\0
W, 5176, 41, 2013/05/23, 10:28:33.490, 2465387129652, QTAgent32.exe, &lt;a class=success&gt;Playback - {8} [SUCCESS] SetValueAsComboBox "May" - "[MSAA, VisibleOnly]ControlType='ComboBox'"  &lt; SetValueAsComboBox, set by clicking on the item in the list box &gt;
\0&lt;/a&gt;
W, 5176, 41, 2013/05/23, 10:28:33.662, 2465389594108, QTAgent32.exe, &lt;a class=success&gt;Playback - {9} [SUCCESS] SendKeys "^{HOME}" - "[MSAA, VisibleOnly]ControlType='Edit'"
\0&lt;/a&gt;
E, 5176, 41, 2013/05/23, 10:28:33.662, 2465389595855, QTAgent32.exe, Msaa.GetFocusedElement: could not find accessible object of foreground window
W, 5176, 41, 2013/05/23, 10:28:33.714, 2465390345358, QTAgent32.exe, &lt;a class=success&gt;Playback - {10} [SUCCESS] SendKeys "^+{END}" - "[MSAA, VisibleOnly]ControlType='Edit'"
\0&lt;/a&gt;
E, 5176, 41, 2013/05/23, 10:28:33.714, 2465390346700, QTAgent32.exe, Msaa.GetFocusedElement: could not find accessible object of foreground window
W, 5176, 41, 2013/05/23, 10:28:33.727, 2465390525726, QTAgent32.exe, &lt;a class=success&gt;Playback - {11} [SUCCESS] SendKeys "{DELETE}" - "[MSAA, VisibleOnly]ControlType='Edit'"
\0&lt;/a&gt;
W, 5176, 41, 2013/05/23, 10:28:33.823, 2465391903922, QTAgent32.exe, &lt;a class=success&gt;Playback - {12} [SUCCESS] SetValueAsEditBox "2013" - "[MSAA, VisibleOnly]ControlType='Edit'"  &lt; Set via SendKeys &gt;
\0&lt;/a&gt;
W, 5176, 41, 2013/05/23, 10:28:34.040, 2465395004782, QTAgent32.exe, &lt;a class=success&gt;Playback - {13} [SUCCESS] MouseButtonClick - "[MSAA, VisibleOnly]ControlType='Button' &amp;&amp; Name='OK'"
\0&lt;/a&gt;
W, 5176, 41, 2013/05/23, 10:28:34.816, 2465406121741, QTAgent32.exe, Playback - [WARNING] Internal warning: Window Not Found: [VisibleOnly]ControlType='Window' &amp;&amp; Name='Warning' &amp;&amp; ClassName='#32770'
\0
E, 5176, 41, 2013/05/23, 10:28:34.816, 2465406123858, QTAgent32.exe, &lt;a class=failure&gt;Playback - {14} [FAILED] Function ElementFetcher::FindScreenElement failed to locate UI element (Searching: ;[VisibleOnly]ControlType='Window' &amp;&amp; Name='Warning' &amp;&amp; ClassName='#32770') (The object specified was not found.)
\0&lt;/a&gt;
E, 5176, 41, 2013/05/23, 10:28:34.856, 2465406688623, QTAgent32.exe, Playback - [IMAGE] C:\Users\testuser\AppData\Local\Temp\UITestLogs\LastRun\RPF5EB5.png
\0
W, 5176, 41, 2013/05/23, 10:28:34.856, 2465406690451, QTAgent32.exe, Playback - [WARNING] Internal warning: Couldn't find descendants that match QueryId
\0
W, 5176, 41, 2013/05/23, 10:28:34.856, 2465406692908, QTAgent32.exe, PERF WARNING: FindTopLevelWindowHelper::FindAllDescendents: took 714 ms. Expected it to take maximum 500 ms.
W, 5176, 41, 2013/05/23, 10:28:52.860, 2465664478454, QTAgent32.exe, Playback - [WARNING] Internal warning: Window Not Found: [VisibleOnly]ControlType='Window' &amp;&amp; Name='Warning' &amp;&amp; ClassName='#32770'
\0
E, 5176, 41, 2013/05/23, 10:28:52.860, 2465664480781, QTAgent32.exe, &lt;a class=failure&gt;Playback - {15} [FAILED] Function ElementFetcher::FindScreenElement failed to locate UI element (Searching: ;[VisibleOnly]ControlType='Window' &amp;&amp; Name='Warning' &amp;&amp; ClassName='#32770') (The object specified was not found.)
\0&lt;/a&gt;
E, 5176, 41, 2013/05/23, 10:28:52.901, 2465665062556, QTAgent32.exe, Playback - [IMAGE] C:\Users\testuser\AppData\Local\Temp\UITestLogs\LastRun\RPFA537.png
\0
W, 5176, 41, 2013/05/23, 10:28:52.901, 2465665064111, QTAgent32.exe, Playback - [WARNING] Internal warning: Couldn't find descendants that match QueryId
\0
W, 5176, 41, 2013/05/23, 10:28:52.901, 2465665066659, QTAgent32.exe, PERF WARNING: FindTopLevelWindowHelper::FindAllDescendents: took 18044 ms. Expected it to take maximum 500 ms.
W, 5176, 41, 2013/05/23, 10:28:53.347, 2465671458267, QTAgent32.exe, Playback - [WARNING] Internal warning: Smart Match failed
\0
W, 5176, 41, 2013/05/23, 10:28:53.540, 2465674213659, QTAgent32.exe, Playback - [WARNING] Internal warning: Smart Match failed
\0
W, 5176, 41, 2013/05/23, 10:28:53.735, 2465676995034, QTAgent32.exe, Playback - [WARNING] Internal warning: Smart Match failed
\0
W, 5176, 41, 2013/05/23, 10:28:53.942, 2465679962795, QTAgent32.exe, Playback - [WARNING] Internal warning: Smart Match failed
\0
W, 5176, 41, 2013/05/23, 10:28:54.145, 2465682871677, QTAgent32.exe, Playback - [WARNING] Internal warning: Smart Match failed
\0
W, 5176, 41, 2013/05/23, 10:28:54.355, 2465685873803, QTAgent32.exe, Playback - [WARNING] Internal warning: Smart Match failed
\0
W, 5176, 41, 2013/05/23, 10:28:54.557, 2465688778633, QTAgent32.exe, Playback - [WARNING] Internal warning: Smart Match failed
\0
W, 5176, 41, 2013/05/23, 10:28:54.764, 2465691743355, QTAgent32.exe, Playback - [WARNING] Internal warning: Smart Match failed
\0
W, 5176, 41, 2013/05/23, 10:28:54.981, 2465694843543, QTAgent32.exe, Playback - [WARNING] Internal warning: Smart Match failed
\0
W, 5176, 41, 2013/05/23, 10:28:55.182, 2465697722522, QTAgent32.exe, Playback - [WARNING] Internal warning: Smart Match failed
\0
W, 5176, 41, 2013/05/23, 10:28:55.376, 2465700497251, QTAgent32.exe, Playback - [WARNING] Internal warning: Smart Match failed
\0
W, 5176, 41, 2013/05/23, 10:28:55.570, 2465703272137, QTAgent32.exe, Playback - [WARNING] Internal warning: Smart Match failed
\0
W, 5176, 41, 2013/05/23, 10:28:55.764, 2465706053795, QTAgent32.exe, Playback - [WARNING] Internal warning: Smart Match failed
\0
W, 5176, 41, 2013/05/23, 10:28:55.960, 2465708856974, QTAgent32.exe, Playback - [WARNING] Internal warning: Smart Match failed
\0
W, 5176, 41, 2013/05/23, 10:28:56.046, 2465710097395, QTAgent32.exe, Playback - [WARNING] Internal warning: Window Not Found: [VisibleOnly]ControlType='Window' &amp;&amp; Name='Warning' &amp;&amp; ClassName='#32770'
\0
E, 5176, 41, 2013/05/23, 10:28:56.046, 2465710099161, QTAgent32.exe, &lt;a class=failure&gt;Playback - {16} [FAILED] Function ElementFetcher::FindScreenElement failed to locate UI element (Searching: ;[VisibleOnly]ControlType='Window' &amp;&amp; Name='Warning' &amp;&amp; ClassName='#32770') (The object specified was not found.)
\0&lt;/a&gt;
E, 5176, 41, 2013/05/23, 10:28:56.092, 2465710757923, QTAgent32.exe, Playback - [IMAGE] C:\Users\testuser\AppData\Local\Temp\UITestLogs\LastRun\RPFB1A7.png
\0
W, 5176, 41, 2013/05/23, 10:28:56.092, 2465710759534, QTAgent32.exe, Playback - [WARNING] Internal warning: Couldn't find descendants that match QueryId
\0
W, 5176, 41, 2013/05/23, 10:28:56.093, 2465710762071, QTAgent32.exe, PERF WARNING: FindTopLevelWindowHelper::FindAllDescendents: took 3191 ms. Expected it to take maximum 500 ms.
E, 5176, 41, 2013/05/23, 10:28:56.093, 2465710763651, QTAgent32.exe, Exception: System.Runtime.InteropServices.COMException
	Message: Error HRESULT E_FAIL has been returned from a call to a COM component.
	Stack Trace:    at Microsoft.VisualStudio.TestTools.UITest.Playback.Engine.IRPFPlayback.FindAllScreenElements(IScreenElement pScreenElementStart, String bstrQueryId, Object&amp; pvarResKeys, Int32 cResKeys, Int32 nMaxDepth, Object[]&amp; foundDescendants)
   at Microsoft.VisualStudio.TestTools.UITest.Playback.ScreenElement.FindTopLevelWindowHelper(String queryId)
	BaseExceptionMessage: Error HRESULT E_FAIL has been returned from a call to a COM component.

E, 5176, 41, 2013/05/23, 10:28:56.209, 2465712435508, QTAgent32.exe, AL: Playback Error: Microsoft.VisualStudio.TestTools.UITest.Extension.UITestControlNotFoundException: The playback failed to find the control with the given search properties. Additional Details: 
TechnologyName:  'MSAA'
ControlType:  'Window'
Name:  'Warning'
ClassName:  '#32770'
 ---&gt; System.Runtime.InteropServices.COMException: Error HRESULT E_FAIL has been returned from a call to a COM component.
   at Microsoft.VisualStudio.TestTools.UITest.Playback.Engine.IRPFPlayback.FindAllScreenElements(IScreenElement pScreenElementStart, String bstrQueryId, Object&amp; pvarResKeys, Int32 cResKeys, Int32 nMaxDepth, Object[]&amp; foundDescendants)
   at Microsoft.VisualStudio.TestTools.UITest.Playback.ScreenElement.FindTopLevelWindowHelper(String queryId)
   at Microsoft.VisualStudio.TestTools.UITest.Playback.ScreenElement.FindFromPartialQueryId(String queryId)
   at Microsoft.VisualStudio.TestTools.UITesting.UITestControl..ctor(String queryId)
   --- End of inner exception stack trace ---
   at Microsoft.VisualStudio.TestTools.UITesting.Playback.MapControlNotFoundException(COMException ex, IPlaybackContext context)
   at Microsoft.VisualStudio.TestTools.UITesting.Playback.MapAndThrowComException(COMException innerException, IPlaybackContext context)
   at Microsoft.VisualStudio.TestTools.UITesting.Playback.MapAndThrowException(SystemException exception, IPlaybackContext context)
   at Microsoft.VisualStudio.TestTools.UITesting.Playback.MapAndThrowException(SystemException exception, String queryId)
   at Microsoft.VisualStudio.TestTools.UITesting.UITestControl..ctor(String queryId)
   at Microsoft.VisualStudio.TestTools.UITesting.SearchHelper.SearchTopLevelWindow(ISearchArgument topLevelSearchArg, String topLevelElementQueryId)
   at Microsoft.VisualStudio.TestTools.UITesting.SearchHelper.GetTitleUpdatedTopLevelWindow(ISearchArgument topLevelSearchArg, String queryId, IList`1 windowTitles)
   at Microsoft.VisualStudio.TestTools.UITesting.SearchHelper.GetTopLevelElement(Boolean useCache, Boolean useCacheOnly, ISearchArgument searchArg, IList`1 windowTitles, Int32&amp; timeLeft)
   at Microsoft.VisualStudio.TestTools.UITesting.SearchHelper.GetElement(Boolean useCache, ISearchArgument searchArg)
   at Microsoft.VisualStudio.TestTools.UITesting.SearchHelper.Search(ISearchArgument searchArg)
   at Microsoft.VisualStudio.TestTools.UITesting.UITestControl.FindInternal()
   at Microsoft.VisualStudio.TestTools.UITesting.UITestControl.FindControlIfNecessary()
   at Microsoft.VisualStudio.TestTools.UITesting.UITestControl.Click(MouseButtons button, ModifierKeys modifierKeys, Point relativeCoordinates)
   at Microsoft.VisualStudio.TestTools.UITesting.Mouse.ClickImplementation(UITestControl control, MouseButtons button, ModifierKeys modifierKeys, Point relativeCoordinate)
   at Microsoft.VisualStudio.TestTools.UITesting.Mouse.ClickImplementationWrapper(UITestControl control, MouseButtons button, ModifierKeys modifierKeys, Point relativeCoordinate)
W, 5176, 41, 2013/05/23, 10:28:56.210, 2465712437420, QTAgent32.exe, PlaybackErrorHandler: Ignoring exception as ContinueOnError is set.
W, 5176, 41, 2013/05/23, 10:28:56.242, 2465712903179, QTAgent32.exe, &lt;a class=success&gt;Playback - {17} [SUCCESS] TypeString "#(R)"
\0&lt;/a&gt;
E, 5176, 41, 2013/05/23, 10:28:56.747, 2465720129872, QTAgent32.exe, Exception: System.ArgumentException
	Message: Value does not fall within the expected range.
	Stack Trace:    at Accessibility.IAccessible.get_accRole(Object varChild)
   at Microsoft.VisualStudio.TestTools.UITest.Extension.Msaa.AccWrapper.get_RoleInt()
	BaseExceptionMessage: Value does not fall within the expected range.

E, 5176, 41, 2013/05/23, 10:28:56.749, 2465720159618, QTAgent32.exe, Exception: System.ArgumentException
	Message: Value does not fall within the expected range.
	Stack Trace:    at Accessibility.IAccessible.get_accRole(Object varChild)
   at Microsoft.VisualStudio.TestTools.UITest.Extension.Msaa.AccWrapper.get_RoleInt()
	BaseExceptionMessage: Value does not fall within the expected range.

W, 5176, 41, 2013/05/23, 10:28:56.999, 2465723739260, QTAgent32.exe, &lt;a class=success&gt;Playback - {18} [SUCCESS] LeftButtonClick  &lt; Mouse cursor location (87, 908) &gt;
\0&lt;/a&gt;
W, 5176, 41, 2013/05/23, 10:28:57.761, 2465734645646, QTAgent32.exe, &lt;a class=success&gt;Playback - {19} [SUCCESS] SetValueAsEditBox "c:\TestProject7\ourmma.reg"  &lt; Set via SendKeys &gt;
\0&lt;/a&gt;
W, 5176, 41, 2013/05/23, 10:28:57.761, 2465734647529, QTAgent32.exe, &lt;a class=success&gt;Playback - {20} [SUCCESS] SetValueAsComboBox "c:\TestProject7\ourmma.reg" - "[MSAA, VisibleOnly]ControlType='ComboBox' &amp;&amp; Name='Open:'"  &lt; Set via SetValueAsEditBox &gt;
\0&lt;/a&gt;
W, 5176, 41, 2013/05/23, 10:28:57.989, 2465737905666, QTAgent32.exe, &lt;a class=success&gt;Playback - {21} [SUCCESS] MouseButtonClick - "[MSAA, VisibleOnly]ControlType='Button' &amp;&amp; Name='OK'"
\0&lt;/a&gt;
W, 5176, 41, 2013/05/23, 10:28:58.671, 2465747680662, QTAgent32.exe, &lt;a class=success&gt;Playback - {22} [SUCCESS] MouseButtonClick - "[MSAA, VisibleOnly]ControlType='Button' &amp;&amp; Name='Yes'"
\0&lt;/a&gt;
W, 5176, 41, 2013/05/23, 10:28:58.956, 2465751761601, QTAgent32.exe, &lt;a class=success&gt;Playback - {23} [SUCCESS] MouseButtonClick - "[MSAA, VisibleOnly]ControlType='Button' &amp;&amp; Name='OK'"
\0&lt;/a&gt;
W, 5176, 41, 2013/05/23, 10:28:59.185, 2465755040690, QTAgent32.exe, &lt;a class=success&gt;Playback - {24} [SUCCESS] MouseButtonClick - "[MSAA, VisibleOnly]ControlType='Button' &amp;&amp; Name='Clients &amp; Files'"
\0&lt;/a&gt;
W, 5176, 41, 2013/05/23, 10:29:00.032, 2465767168535, QTAgent32.exe, PERF WARNING: FindTopLevelWindowHelper::FindAllDescendents: took 745 ms. Expected it to take maximum 500 ms.
W, 5176, 41, 2013/05/23, 10:29:00.290, 2465770859650, QTAgent32.exe, Playback - [WARNING] Internal warning: Incorrect flag set for InvokeProgrammaticAction\0
W, 5176, 41, 2013/05/23, 10:29:00.409, 2465772560776, QTAgent32.exe, &lt;a class=success&gt;Playback - {25} [SUCCESS] SetValueAsComboBox "Customers" - "[MSAA, VisibleOnly]ControlType='ComboBox'"  &lt; SetValueAsComboBox, set by clicking on the item in the list box &gt;
\0&lt;/a&gt;
W, 5176, 41, 2013/05/23, 10:29:00.880, 2465779306134, QTAgent32.exe, &lt;a class=success&gt;Playback - {26} [SUCCESS] MouseButtonClick - "[MSAA, VisibleOnly]ControlType='Button' &amp;&amp; Name='Add'"
\0&lt;/a&gt;
W, 5176, 41, 2013/05/23, 10:29:01.249, 2465784595977, QTAgent32.exe, &lt;a class=success&gt;Playback - {27} [SUCCESS] SendKeys "autotest" - "[MSAA, VisibleOnly]ControlType='RadioButton' &amp;&amp; Name='Personal Lines'"
\0&lt;/a&gt;
W, 5176, 41, 2013/05/23, 10:29:01.605, 2465789683903, QTAgent32.exe, &lt;a class=success&gt;Playback - {28} [SUCCESS] SetValueAsEditBox "autotest" - "[MSAA, VisibleOnly]ControlType='Edit'"  &lt; Set via SendKeys &gt;
\0&lt;/a&gt;
W, 5176, 41, 2013/05/23, 10:29:01.855, 2465793268755, QTAgent32.exe, &lt;a class=success&gt;Playback - {29} [SUCCESS] MouseButtonClick - "[MSAA, VisibleOnly]ControlType='Button' &amp;&amp; Name='OK'"
\0&lt;/a&gt;
W, 5176, 41, 2013/05/23, 10:29:02.173, 2465797814329, QTAgent32.exe, &lt;a class=success&gt;Playback - {30} [SUCCESS] MouseButtonClick - "[MSAA, VisibleOnly]ControlType='Button' &amp;&amp; Name='Yes'"
\0&lt;/a&gt;
W, 5176, 41, 2013/05/23, 10:29:02.425, 2465801422977, QTAgent32.exe, &lt;a class=success&gt;Playback - {31} [SUCCESS] SendKeys "^{HOME}" - "[MSAA, VisibleOnly]ControlType='Edit'"
\0&lt;/a&gt;
E, 5176, 41, 2013/05/23, 10:29:02.425, 2465801424893, QTAgent32.exe, Msaa.GetFocusedElement: could not find accessible object of foreground window
W, 5176, 41, 2013/05/23, 10:29:02.477, 2465802174674, QTAgent32.exe, &lt;a class=success&gt;Playback - {32} [SUCCESS] SendKeys "^+{END}" - "[MSAA, VisibleOnly]ControlType='Edit'"
\0&lt;/a&gt;
E, 5176, 41, 2013/05/23, 10:29:02.477, 2465802176422, QTAgent32.exe, Msaa.GetFocusedElement: could not find accessible object of foreground window
W, 5176, 41, 2013/05/23, 10:29:02.490, 2465802354530, QTAgent32.exe, &lt;a class=success&gt;Playback - {33} [SUCCESS] SendKeys "{DELETE}" - "[MSAA, VisibleOnly]ControlType='Edit'"
\0&lt;/a&gt;
W, 5176, 41, 2013/05/23, 10:29:02.547, 2465803173739, QTAgent32.exe, &lt;a class=success&gt;Playback - {34} [SUCCESS] SetValueAsEditBox "1" - "[MSAA, VisibleOnly]ControlType='Edit'"  &lt; Set via SendKeys &gt;
\0&lt;/a&gt;
W, 5176, 41, 2013/05/23, 10:29:02.733, 2465805841470, QTAgent32.exe, &lt;a class=success&gt;Playback - {35} [SUCCESS] SendKeys "^{HOME}" - "[MSAA, VisibleOnly]ControlType='Edit'"
\0&lt;/a&gt;
E, 5176, 41, 2013/05/23, 10:29:02.733, 2465805843265, QTAgent32.exe, Msaa.GetFocusedElement: could not find accessible object of foreground window
W, 5176, 41, 2013/05/23, 10:29:02.796, 2465806742565, QTAgent32.exe, &lt;a class=success&gt;Playback - {36} [SUCCESS] SendKeys "^+{END}" - "[MSAA, VisibleOnly]ControlType='Edit'"
\0&lt;/a&gt;
E, 5176, 41, 2013/05/23, 10:29:02.797, 2465806755844, QTAgent32.exe, Msaa.GetFocusedElement: could not find accessible object of foreground window
W, 5176, 41, 2013/05/23, 10:29:02.836, 2465807316982, QTAgent32.exe, &lt;a class=success&gt;Playback - {37} [SUCCESS] SendKeys "{DELETE}" - "[MSAA, VisibleOnly]ControlType='Edit'"
\0&lt;/a&gt;
W, 5176, 41, 2013/05/23, 10:29:02.893, 2465808128693, QTAgent32.exe, &lt;a class=success&gt;Playback - {38} [SUCCESS] SetValueAsEditBox "1" - "[MSAA, VisibleOnly]ControlType='Edit'"  &lt; Set via SendKeys &gt;
\0&lt;/a&gt;
W, 5176, 41, 2013/05/23, 10:29:04.498, 2465831106709, QTAgent32.exe, Playback - [WARNING] Internal warning: Target element "[MSAA, VisibleOnly]ControlType='Button' &amp;&amp; Name='OK'" was not found, so all intermediate elements were ignored. An incorrect element that matches target element Id can be found as the result.  Verify that all intermediate elements in QueryId have valid and unique Ids
\0
W, 5176, 41, 2013/05/23, 10:29:05.021, 2465838601403, QTAgent32.exe, PERF WARNING: FindAllDescendents: took 2027 ms. Expected it to take maximum 500 ms.
W, 5176, 41, 2013/05/23, 10:29:05.332, 2465843055016, QTAgent32.exe, &lt;a class=success&gt;Playback - {39} [SUCCESS] MouseButtonClick - "[MSAA, VisibleOnly]ControlType='Button' &amp;&amp; Name='OK'"
\0&lt;/a&gt;
W, 5176, 41, 2013/05/23, 10:29:05.720, 2465848611025, QTAgent32.exe, &lt;a class=success&gt;Playback - {40} [SUCCESS] MouseButtonClick - "[MSAA, VisibleOnly]ControlType='Button'"
\0&lt;/a&gt;
W, 5176, 41, 2013/05/23, 10:29:06.061, 2465853493020, QTAgent32.exe, &lt;a class=success&gt;Playback - {41} [SUCCESS] MouseButtonClick - "[MSAA, VisibleOnly]ControlType='Button' &amp;&amp; Name='Add'"
\0&lt;/a&gt;
W, 5176, 41, 2013/05/23, 10:29:06.407, 2465858443916, QTAgent32.exe, &lt;a class=success&gt;Playback - {42} [SUCCESS] MouseButtonClick - "[MSAA, VisibleOnly]ControlType='Button' &amp;&amp; Name='OK'"
\0&lt;/a&gt;
W, 5176, 41, 2013/05/23, 10:29:08.639, 2465890408043, QTAgent32.exe, &lt;a class=success&gt;Playback - {43} [SUCCESS] MouseButtonClick - "[MSAA, VisibleOnly,Window]ControlType='Window' &amp;&amp; ClassName='ThunderRT6TextBox'"
\0&lt;/a&gt;
W, 5176, 41, 2013/05/23, 10:29:08.920, 2465894428294, QTAgent32.exe, &lt;a class=success&gt;Playback - {44} [SUCCESS] SetValueAsEditBox "HOME" - "[MSAA, VisibleOnly]ControlType='Edit'"  &lt; Set via SendKeys &gt;
\0&lt;/a&gt;
W, 5176, 41, 2013/05/23, 10:29:09.240, 2465899018745, QTAgent32.exe, &lt;a class=success&gt;Playback - {45} [SUCCESS] MouseButtonClick - "[MSAA, VisibleOnly]ControlType='Button' &amp;&amp; Name='OK'"
\0&lt;/a&gt;
W, 5176, 41, 2013/05/23, 10:29:09.478, 2465902408014, QTAgent32.exe, &lt;a class=success&gt;Playback - {46} [SUCCESS] MouseButtonClick - "[MSAA, VisibleOnly]ControlType='Button' &amp;&amp; Name='Options'"
\0&lt;/a&gt;
W, 5176, 41, 2013/05/23, 10:29:09.578, 2465903842711, QTAgent32.exe, FindScreenElementInSinglePass : Attempting to find control in one pass of search. Failures can occur.
W, 5176, 41, 2013/05/23, 10:29:09.725, 2465905945403, QTAgent32.exe, &lt;a class=success&gt;Playback - {47} [SUCCESS] MouseButtonClick - "[MSAA]ControlType='MenuItem' &amp;&amp; Name='Links'"
\0&lt;/a&gt;
W, 5176, 41, 2013/05/23, 10:29:09.825, 2465907380412, QTAgent32.exe, FindScreenElementInSinglePass : Attempting to find control in one pass of search. Failures can occur.
W, 5176, 41, 2013/05/23, 10:29:09.988, 2465909718975, QTAgent32.exe, &lt;a class=success&gt;Playback - {48} [SUCCESS] MouseButtonClick - "[MSAA]ControlType='MenuItem' &amp;&amp; Name='3rd Party Integration'"
\0&lt;/a&gt;
W, 5176, 41, 2013/05/23, 10:29:10.088, 2465911154575, QTAgent32.exe, FindScreenElementInSinglePass : Attempting to find control in one pass of search. Failures can occur.
W, 5176, 41, 2013/05/23, 10:29:10.246, 2465913412443, QTAgent32.exe, &lt;a class=success&gt;Playback - {49} [SUCCESS] MouseButtonClick - "[MSAA]ControlType='MenuItem' &amp;&amp; Name='Quote Select List'"
\0&lt;/a&gt;
W, 5176, 41, 2013/05/23, 10:29:11.234, 2465927554097, QTAgent32.exe, PERF WARNING: FindTopLevelWindowHelper::FindAllDescendents: took 887 ms. Expected it to take maximum 500 ms.
W, 5176, 41, 2013/05/23, 10:29:11.652, 2465933540214, QTAgent32.exe, &lt;a class=success&gt;Playback - {50} [SUCCESS] MouseButtonClick - "[MSAA, VisibleOnly]ControlType='Button' &amp;&amp; Name='Ok'"
\0&lt;/a&gt;
W, 5176, 41, 2013/05/23, 10:29:16.007, 2465995894803, QTAgent32.exe, PERF WARNING: FindTopLevelWindowHelper::FindAllDescendents: took 4226 ms. Expected it to take maximum 500 ms.
W, 5176, 41, 2013/05/23, 10:29:16.091, 2465997098650, QTAgent32.exe, &lt;a class=success&gt;Playback - {51} [SUCCESS] SendKeys "^{HOME}" - "[MSAA, VisibleOnly]ControlType='Edit'"
\0&lt;/a&gt;
E, 5176, 41, 2013/05/23, 10:29:16.091, 2465997100557, QTAgent32.exe, Msaa.GetFocusedElement: could not find accessible object of foreground window
W, 5176, 41, 2013/05/23, 10:29:16.143, 2465997850934, QTAgent32.exe, &lt;a class=success&gt;Playback - {52} [SUCCESS] SendKeys "^+{END}" - "[MSAA, VisibleOnly]ControlType='Edit'"
\0&lt;/a&gt;
E, 5176, 41, 2013/05/23, 10:29:16.143, 2465997852550, QTAgent32.exe, Msaa.GetFocusedElement: could not find accessible object of foreground window
W, 5176, 41, 2013/05/23, 10:29:16.156, 2465998029944, QTAgent32.exe, &lt;a class=success&gt;Playback - {53} [SUCCESS] SendKeys "{DELETE}" - "[MSAA, VisibleOnly]ControlType='Edit'"
\0&lt;/a&gt;
W, 5176, 41, 2013/05/23, 10:29:16.354, 2466000868392, QTAgent32.exe, &lt;a class=success&gt;Playback - {54} [SUCCESS] SetValueAsEditBox "30/05/13" - "[MSAA, VisibleOnly]ControlType='Edit'"  &lt; Set via SendKeys &gt;
\0&lt;/a&gt;
W, 5176, 41, 2013/05/23, 10:29:16.653, 2466005150096, QTAgent32.exe, &lt;a class=success&gt;Playback - {55} [SUCCESS] SetValueAsEditBox "test1" - "[MSAA, VisibleOnly]ControlType='Edit'"  &lt; Set via SendKeys &gt;
\0&lt;/a&gt;
W, 5176, 41, 2013/05/23, 10:29:16.946, 2466009347975, QTAgent32.exe, &lt;a class=success&gt;Playback - {56} [SUCCESS] SetValueAsEditBox "test" - "[MSAA, VisibleOnly]ControlType='Edit'"  &lt; Set via SendKeys &gt;
\0&lt;/a&gt;
W, 5176, 41, 2013/05/23, 10:29:17.118, 2466011805401, QTAgent32.exe, &lt;a class=success&gt;Playback - {57} [SUCCESS] SendKeys "^{HOME}" - "[MSAA, VisibleOnly]ControlType='Edit'"
\0&lt;/a&gt;
E, 5176, 41, 2013/05/23, 10:29:17.118, 2466011807522, QTAgent32.exe, Msaa.GetFocusedElement: could not find accessible object of foreground window
W, 5176, 41, 2013/05/23, 10:29:17.170, 2466012556951, QTAgent32.exe, &lt;a class=success&gt;Playback - {58} [SUCCESS] SendKeys "^+{END}" - "[MSAA, VisibleOnly]ControlType='Edit'"
\0&lt;/a&gt;
E, 5176, 41, 2013/05/23, 10:29:17.170, 2466012558666, QTAgent32.exe, Msaa.GetFocusedElement: could not find accessible object of foreground window
W, 5176, 41, 2013/05/23, 10:29:17.189, 2466012829581, QTAgent32.exe, &lt;a class=success&gt;Playback - {59} [SUCCESS] SendKeys "{DELETE}" - "[MSAA, VisibleOnly]ControlType='Edit'"
\0&lt;/a&gt;
W, 5176, 41, 2013/05/23, 10:29:17.300, 2466014422977, QTAgent32.exe, &lt;a class=success&gt;Playback - {60} [SUCCESS] SetValueAsEditBox "test" - "[MSAA, VisibleOnly]ControlType='Edit'"  &lt; Set via SendKeys &gt;
\0&lt;/a&gt;
W, 5176, 41, 2013/05/23, 10:29:17.622, 2466019023466, QTAgent32.exe, Playback - [WARNING] Internal warning: Incorrect flag set for InvokeProgrammaticAction\0
W, 5176, 41, 2013/05/23, 10:29:17.740, 2466020711433, QTAgent32.exe, &lt;a class=success&gt;Playback - {61} [SUCCESS] SetValueAsComboBox "Account Director" - "[MSAA, VisibleOnly]ControlType='ComboBox'"  &lt; SetValueAsComboBox, set by clicking on the item in the list box &gt;
\0&lt;/a&gt;
W, 5176, 41, 2013/05/23, 10:29:18.053, 2466025186503, QTAgent32.exe, Playback - [WARNING] Internal warning: Incorrect flag set for InvokeProgrammaticAction\0
W, 5176, 41, 2013/05/23, 10:29:18.172, 2466026898240, QTAgent32.exe, &lt;a class=success&gt;Playback - {62} [SUCCESS] SetValueAsComboBox "Advertising" - "[MSAA, VisibleOnly]ControlType='ComboBox'"  &lt; SetValueAsComboBox, set by clicking on the item in the list box &gt;
\0&lt;/a&gt;
W, 5176, 41, 2013/05/23, 10:29:18.485, 2466031379034, QTAgent32.exe, &lt;a class=success&gt;Playback - {63} [SUCCESS] SetValueAsEditBox "160589" - "[MSAA, VisibleOnly]ControlType='Edit'"  &lt; Set via SendKeys &gt;
\0&lt;/a&gt;
W, 5176, 41, 2013/05/23, 10:29:18.730, 2466034892467, QTAgent32.exe, &lt;a class=success&gt;Playback - {64} [SUCCESS] MouseButtonClick - "[MSAA, VisibleOnly]ControlType='Edit'"
\0&lt;/a&gt;
W, 5176, 41, 2013/05/23, 10:29:19.031, 2466039202988, QTAgent32.exe, &lt;a class=success&gt;Playback - {65} [SUCCESS] SetValueAsEditBox "BN16BN" - "[MSAA, VisibleOnly]ControlType='Edit'"  &lt; Set via SendKeys &gt;
\0&lt;/a&gt;
W, 5176, 41, 2013/05/23, 10:29:21.262, 2466071140600, QTAgent32.exe, &lt;a class=success&gt;Playback - {66} [SUCCESS] MouseButtonClick - "[MSAA, VisibleOnly]ControlType='Button' &amp;&amp; Name='Lookup...'"
\0&lt;/a&gt;
W, 5176, 41, 2013/05/23, 10:29:21.492, 2466074427791, QTAgent32.exe, &lt;a class=success&gt;Playback - {67} [SUCCESS] MouseButtonClick - "[MSAA, VisibleOnly]ControlType='Button' &amp;&amp; Name='Ok'"
\0&lt;/a&gt;
W, 5176, 41, 2013/05/23, 10:29:21.733, 2466077885200, QTAgent32.exe, &lt;a class=success&gt;Playback - {68} [SUCCESS] MouseButtonClick - "[MSAA, VisibleOnly]ControlType='Button' &amp;&amp; Name='Next &gt;'"
\0&lt;/a&gt;
W, 5176, 41, 2013/05/23, 10:29:22.059, 2466082557542, QTAgent32.exe, &lt;a class=success&gt;Playback - {69} [SUCCESS] SetValueAsEditBox "1989" - "[MSAA, VisibleOnly]ControlType='Edit'"  &lt; Set via SendKeys &gt;
\0&lt;/a&gt;
W, 5176, 41, 2013/05/23, 10:29:22.332, 2466086456922, QTAgent32.exe, &lt;a class=success&gt;Playback - {70} [SUCCESS] MouseButtonClick - "[MSAA, VisibleOnly]ControlType='Button' &amp;&amp; Name='Next &gt;'"
\0&lt;/a&gt;
W, 5176, 41, 2013/05/23, 10:29:22.554, 2466089634039, QTAgent32.exe, &lt;a class=success&gt;Playback - {71} [SUCCESS] MouseButtonClick - "[MSAA, VisibleOnly]ControlType='Button' &amp;&amp; Name='Next &gt;'"
\0&lt;/a&gt;
W, 5176, 41, 2013/05/23, 10:29:22.786, 2466092962646, QTAgent32.exe, &lt;a class=success&gt;Playback - {72} [SUCCESS] MouseButtonClick - "[MSAA, VisibleOnly]ControlType='Button' &amp;&amp; Name='Next &gt;'"
\0&lt;/a&gt;
W, 5176, 41, 2013/05/23, 10:29:23.095, 2466097392620, QTAgent32.exe, &lt;a class=success&gt;Playback - {73} [SUCCESS] SetValueAsEditBox "2345" - "[MSAA, VisibleOnly]ControlType='Edit'"  &lt; Set via SendKeys &gt;
\0&lt;/a&gt;
W, 5176, 41, 2013/05/23, 10:29:23.416, 2466101982251, QTAgent32.exe, &lt;a class=success&gt;Playback - {74} [SUCCESS] SetValueAsEditBox "2000" - "[MSAA, VisibleOnly]ControlType='Edit'"  &lt; Set via SendKeys &gt;
\0&lt;/a&gt;
W, 5176, 41, 2013/05/23, 10:29:23.741, 2466106635822, QTAgent32.exe, &lt;a class=success&gt;Playback - {75} [SUCCESS] SetValueAsEditBox "2000" - "[MSAA, VisibleOnly]ControlType='Edit'"  &lt; Set via SendKeys &gt;
\0&lt;/a&gt;
W, 5176, 41, 2013/05/23, 10:29:23.967, 2466109872450, QTAgent32.exe, &lt;a class=success&gt;Playback - {76} [SUCCESS] MouseButtonClick - "[MSAA, VisibleOnly]ControlType='Button' &amp;&amp; Name='Next &gt;'"
\0&lt;/a&gt;
W, 5176, 41, 2013/05/23, 10:29:24.287, 2466114462030, QTAgent32.exe, &lt;a class=success&gt;Playback - {77} [SUCCESS] SetValueAsEditBox "2345" - "[MSAA, VisibleOnly]ControlType='Edit'"  &lt; Set via SendKeys &gt;
\0&lt;/a&gt;
W, 5176, 41, 2013/05/23, 10:29:24.525, 2466117867887, QTAgent32.exe, &lt;a class=success&gt;Playback - {78} [SUCCESS] MouseButtonClick - "[MSAA, VisibleOnly]ControlType='Button' &amp;&amp; Name='Next &gt;'"
\0&lt;/a&gt;
W, 5176, 41, 2013/05/23, 10:29:24.766, 2466121320772, QTAgent32.exe, &lt;a class=success&gt;Playback - {79} [SUCCESS] MouseButtonClick - "[MSAA, VisibleOnly]ControlType='Button' &amp;&amp; Name='Next &gt;'"
\0&lt;/a&gt;
W, 5176, 41, 2013/05/23, 10:29:25.080, 2466125805065, QTAgent32.exe, &lt;a class=success&gt;Playback - {80} [SUCCESS] MouseButtonClick - "[MSAA, VisibleOnly]ControlType='Button' &amp;&amp; Name='Quote'"
\0&lt;/a&gt;
W, 5176, 41, 2013/05/23, 10:29:25.321, 2466129252149, QTAgent32.exe, &lt;a class=success&gt;Playback - {81} [SUCCESS] MouseButtonClick - "[MSAA, VisibleOnly]ControlType='Button' &amp;&amp; Name='No'"
\0&lt;/a&gt;
W, 5176, 41, 2013/05/23, 10:29:25.748, 2466135366428, QTAgent32.exe, &lt;a class=success&gt;Playback - {82} [SUCCESS] MouseButtonClick - "[MSAA, VisibleOnly]ControlType='Button' &amp;&amp; Name='Ok'"
\0&lt;/a&gt;
W, 5176, 41, 2013/05/23, 10:29:26.061, 2466139850850, QTAgent32.exe, Playback - [WARNING] Internal warning: The window that the search started from became invalid
\0
W, 5176, 41, 2013/05/23, 10:29:29.094, 2466183287881, QTAgent32.exe, PERF WARNING: FindTopLevelWindowHelper::FindAllDescendents: took 3245 ms. Expected it to take maximum 500 ms.
W, 5176, 41, 2013/05/23, 10:29:29.225, 2466185149988, QTAgent32.exe, &lt;a class=success&gt;Playback - {83} [SUCCESS] MouseButtonClick - "[MSAA, VisibleOnly]ControlType='Client'"
\0&lt;/a&gt;
W, 5176, 41, 2013/05/23, 10:29:30.750, 2466206996373, QTAgent32.exe, &lt;a class=success&gt;Playback - {84} [SUCCESS] SendKeys "{Home}" - "[MSAA, VisibleOnly]ControlType='Client'"
\0&lt;/a&gt;
W, 5176, 41, 2013/05/23, 10:29:32.282, 2466228926201, QTAgent32.exe, &lt;a class=success&gt;Playback - {85} [SUCCESS] MouseButtonClick - "[MSAA, VisibleOnly]ControlType='Button' &amp;&amp; Name='Accept'"
\0&lt;/a&gt;
W, 5176, 41, 2013/05/23, 10:29:32.566, 2466233002720, QTAgent32.exe, &lt;a class=success&gt;Playback - {86} [SUCCESS] MouseButtonClick - "[MSAA, VisibleOnly]ControlType='Button' &amp;&amp; Name='Yes'"
\0&lt;/a&gt;
W, 5176, 41, 2013/05/23, 10:29:34.794, 2466264889286, QTAgent32.exe, &lt;a class=success&gt;Playback - {87} [SUCCESS] MouseButtonClick - "[MSAA, VisibleOnly]ControlType='Button' &amp;&amp; Name='Ok'"
\0&lt;/a&gt;
W, 5176, 41, 2013/05/23, 10:29:45.057, 2466411842814, QTAgent32.exe, Playback - [WARNING] Internal warning: Window Not Found: [VisibleOnly]ControlType='Window' &amp;&amp; Name='Save the file as' &amp;&amp; ClassName='#32770'
\0
E, 5176, 41, 2013/05/23, 10:29:45.057, 2466411845137, QTAgent32.exe, &lt;a class=failure&gt;Playback - {88} [FAILED] Function ElementFetcher::FindScreenElement failed to locate UI element (Searching: ;[VisibleOnly]ControlType='Window' &amp;&amp; Name='Save the file as' &amp;&amp; ClassName='#32770') (The object specified was not found.)
\0&lt;/a&gt;
E, 5176, 41, 2013/05/23, 10:29:45.104, 2466412518313, QTAgent32.exe, Playback - [IMAGE] C:\Users\testuser\AppData\Local\Temp\UITestLogs\LastRun\RPF711F.png
\0
W, 5176, 41, 2013/05/23, 10:29:45.105, 2466412520171, QTAgent32.exe, Playback - [WARNING] Internal warning: Couldn't find descendants that match QueryId
\0
W, 5176, 41, 2013/05/23, 10:29:45.105, 2466412522843, QTAgent32.exe, PERF WARNING: FindTopLevelWindowHelper::FindAllDescendents: took 10203 ms. Expected it to take maximum 500 ms.
W, 5176, 41, 2013/05/23, 10:30:04.159, 2466685356232, QTAgent32.exe, Playback - [WARNING] Internal warning: Window Not Found: [VisibleOnly]ControlType='Window' &amp;&amp; Name='Save the file as' &amp;&amp; ClassName='#32770'
\0
E, 5176, 41, 2013/05/23, 10:30:04.159, 2466685358650, QTAgent32.exe, &lt;a class=failure&gt;Playback - {89} [FAILED] Function ElementFetcher::FindScreenElement failed to locate UI element (Searching: ;[VisibleOnly]ControlType='Window' &amp;&amp; Name='Save the file as' &amp;&amp; ClassName='#32770') (The object specified was not found.)
\0&lt;/a&gt;
E, 5176, 41, 2013/05/23, 10:30:04.203, 2466685985651, QTAgent32.exe, Playback - [IMAGE] C:\Users\testuser\AppData\Local\Temp\UITestLogs\LastRun\RPFBBB7.png
\0
W, 5176, 41, 2013/05/23, 10:30:04.203, 2466685987167, QTAgent32.exe, Playback - [WARNING] Internal warning: Couldn't find descendants that match QueryId
\0
W, 5176, 41, 2013/05/23, 10:30:04.204, 2466685989981, QTAgent32.exe, PERF WARNING: FindTopLevelWindowHelper::FindAllDescendents: took 19099 ms. Expected it to take maximum 500 ms.
W, 5176, 41, 2013/05/23, 10:30:07.487, 2466732999255, QTAgent32.exe, Playback - [WARNING] Internal warning: Smart Match failed
\0
W, 5176, 41, 2013/05/23, 10:30:08.905, 2466753304591, QTAgent32.exe, Playback - [WARNING] Internal warning: Window Not Found: [VisibleOnly]ControlType='Window' &amp;&amp; Name='Save the file as' &amp;&amp; ClassName='#32770'
\0
E, 5176, 41, 2013/05/23, 10:30:08.905, 2466753306823, QTAgent32.exe, &lt;a class=failure&gt;Playback - {90} [FAILED] Function ElementFetcher::FindScreenElement failed to locate UI element (Searching: ;[VisibleOnly]ControlType='Window' &amp;&amp; Name='Save the file as' &amp;&amp; ClassName='#32770') (The object specified was not found.)
\0&lt;/a&gt;
E, 5176, 41, 2013/05/23, 10:30:08.948, 2466753918143, QTAgent32.exe, Playback - [IMAGE] C:\Users\testuser\AppData\Local\Temp\UITestLogs\LastRun\RPFCE3E.png
\0
W, 5176, 41, 2013/05/23, 10:30:08.948, 2466753919781, QTAgent32.exe, Playback - [WARNING] Internal warning: Couldn't find descendants that match QueryId
\0
W, 5176, 41, 2013/05/23, 10:30:08.948, 2466753922283, QTAgent32.exe, PERF WARNING: FindTopLevelWindowHelper::FindAllDescendents: took 4744 ms. Expected it to take maximum 500 ms.
E, 5176, 41, 2013/05/23, 10:30:08.949, 2466753924118, QTAgent32.exe, Exception: System.Runtime.InteropServices.COMException
	Message: Error HRESULT E_FAIL has been returned from a call to a COM component.
	Stack Trace:    at Microsoft.VisualStudio.TestTools.UITest.Playback.Engine.IRPFPlayback.FindAllScreenElements(IScreenElement pScreenElementStart, String bstrQueryId, Object&amp; pvarResKeys, Int32 cResKeys, Int32 nMaxDepth, Object[]&amp; foundDescendants)
   at Microsoft.VisualStudio.TestTools.UITest.Playback.ScreenElement.FindTopLevelWindowHelper(String queryId)
	BaseExceptionMessage: Error HRESULT E_FAIL has been returned from a call to a COM component.

E, 5176, 41, 2013/05/23, 10:30:09.049, 2466755361396, QTAgent32.exe, AL: Playback Error: Microsoft.VisualStudio.TestTools.UITest.Extension.UITestControlNotFoundException: The playback failed to find the control with the given search properties. Additional Details: 
TechnologyName:  'MSAA'
ControlType:  'Window'
Name:  'Save the file as'
ClassName:  '#32770'
 ---&gt; System.Runtime.InteropServices.COMException: Error HRESULT E_FAIL has been returned from a call to a COM component.
   at Microsoft.VisualStudio.TestTools.UITest.Playback.Engine.IRPFPlayback.FindAllScreenElements(IScreenElement pScreenElementStart, String bstrQueryId, Object&amp; pvarResKeys, Int32 cResKeys, Int32 nMaxDepth, Object[]&amp; foundDescendants)
   at Microsoft.VisualStudio.TestTools.UITest.Playback.ScreenElement.FindTopLevelWindowHelper(String queryId)
   at Microsoft.VisualStudio.TestTools.UITest.Playback.ScreenElement.FindFromPartialQueryId(String queryId)
   at Microsoft.VisualStudio.TestTools.UITesting.UITestControl..ctor(String queryId)
   --- End of inner exception stack trace ---
   at Microsoft.VisualStudio.TestTools.UITesting.Playback.MapControlNotFoundException(COMException ex, IPlaybackContext context)
   at Microsoft.VisualStudio.TestTools.UITesting.Playback.MapAndThrowComException(COMException innerException, IPlaybackContext context)
   at Microsoft.VisualStudio.TestTools.UITesting.Playback.MapAndThrowException(SystemException exception, IPlaybackContext context)
   at Microsoft.VisualStudio.TestTools.UITesting.Playback.MapAndThrowException(SystemException exception, String queryId)
   at Microsoft.VisualStudio.TestTools.UITesting.UITestControl..ctor(String queryId)
   at Microsoft.VisualStudio.TestTools.UITesting.SearchHelper.SearchTopLevelWindow(ISearchArgument topLevelSearchArg, String topLevelElementQueryId)
   at Microsoft.VisualStudio.TestTools.UITesting.SearchHelper.GetTitleUpdatedTopLevelWindow(ISearchArgument topLevelSearchArg, String queryId, IList`1 windowTitles)
   at Microsoft.VisualStudio.TestTools.UITesting.SearchHelper.GetTopLevelElement(Boolean useCache, Boolean useCacheOnly, ISearchArgument searchArg, IList`1 windowTitles, Int32&amp; timeLeft)
   at Microsoft.VisualStudio.TestTools.UITesting.SearchHelper.GetElement(Boolean useCache, ISearchArgument searchArg)
   at Microsoft.VisualStudio.TestTools.UITesting.SearchHelper.Search(ISearchArgument searchArg)
   at Microsoft.VisualStudio.TestTools.UITesting.UITestControl.FindInternal()
   at Microsoft.VisualStudio.TestTools.UITesting.UITestControl.FindControlIfNecessary()
   at Microsoft.VisualStudio.TestTools.UITesting.UITestControl.Click(MouseButtons button, ModifierKeys modifierKeys, Point relativeCoordinates)
   at Microsoft.VisualStudio.TestTools.UITesting.Mouse.ClickImplementation(UITestControl control, MouseButtons button, ModifierKeys modifierKeys, Point relativeCoordinate)
   at Microsoft.VisualStudio.TestTools.UITesting.Mouse.ClickImplementationWrapper(UITestControl control, MouseButtons button, ModifierKeys modifierKeys, Point relativeCoordinate)
W, 5176, 41, 2013/05/23, 10:30:09.049, 2466755363234, QTAgent32.exe, PlaybackErrorHandler: Ignoring exception as ContinueOnError is set.
W, 5176, 41, 2013/05/23, 10:30:18.474, 2466890310578, QTAgent32.exe, Playback - [WARNING] Internal warning: Window Not Found: [VisibleOnly]ControlType='Window' &amp;&amp; Name='Personal Lines' &amp;&amp; ClassName='#32770'
\0
E, 5176, 41, 2013/05/23, 10:30:18.474, 2466890312899, QTAgent32.exe, &lt;a class=failure&gt;Playback - {91} [FAILED] Function ElementFetcher::FindScreenElement failed to locate UI element (Searching: ;[VisibleOnly]ControlType='Window' &amp;&amp; Name='Personal Lines' &amp;&amp; ClassName='#32770') (The object specified was not found.)
\0&lt;/a&gt;
E, 5176, 41, 2013/05/23, 10:30:18.517, 2466890924348, QTAgent32.exe, Playback - [IMAGE] C:\Users\testuser\AppData\Local\Temp\UITestLogs\LastRun\RPFF3AA.png
\0
W, 5176, 41, 2013/05/23, 10:30:18.517, 2466890925941, QTAgent32.exe, Playback - [WARNING] Internal warning: Couldn't find descendants that match QueryId
\0
W, 5176, 41, 2013/05/23, 10:30:18.517, 2466890928569, QTAgent32.exe, PERF WARNING: FindTopLevelWindowHelper::FindAllDescendents: took 9467 ms. Expected it to take maximum 500 ms.
W, 5176, 41, 2013/05/23, 10:30:37.659, 2467165010393, QTAgent32.exe, Playback - [WARNING] Internal warning: Window Not Found: [VisibleOnly]ControlType='Window' &amp;&amp; Name='Personal Lines' &amp;&amp; ClassName='#32770'
\0
E, 5176, 41, 2013/05/23, 10:30:37.659, 2467165012733, QTAgent32.exe, &lt;a class=failure&gt;Playback - {92} [FAILED] Function ElementFetcher::FindScreenElement failed to locate UI element (Searching: ;[VisibleOnly]ControlType='Window' &amp;&amp; Name='Personal Lines' &amp;&amp; ClassName='#32770') (The object specified was not found.)
\0&lt;/a&gt;
E, 5176, 41, 2013/05/23, 10:30:37.706, 2467165682098, QTAgent32.exe, Playback - [IMAGE] C:\Users\testuser\AppData\Local\Temp\UITestLogs\LastRun\RPF3E9F.png
\0
W, 5176, 41, 2013/05/23, 10:30:37.706, 2467165683707, QTAgent32.exe, Playback - [WARNING] Internal warning: Couldn't find descendants that match QueryId
\0
W, 5176, 41, 2013/05/23, 10:30:37.706, 2467165686242, QTAgent32.exe, PERF WARNING: FindTopLevelWindowHelper::FindAllDescendents: took 19189 ms. Expected it to take maximum 500 ms.
W, 5176, 41, 2013/05/23, 10:30:40.986, 2467212647623, QTAgent32.exe, Playback - [WARNING] Internal warning: Smart Match failed
\0
W, 5176, 41, 2013/05/23, 10:30:42.404, 2467232952130, QTAgent32.exe, Playback - [WARNING] Internal warning: Window Not Found: [VisibleOnly]ControlType='Window' &amp;&amp; Name='Personal Lines' &amp;&amp; ClassName='#32770'
\0
E, 5176, 41, 2013/05/23, 10:30:42.404, 2467232954303, QTAgent32.exe, &lt;a class=failure&gt;Playback - {93} [FAILED] Function ElementFetcher::FindScreenElement failed to locate UI element (Searching: ;[VisibleOnly]ControlType='Window' &amp;&amp; Name='Personal Lines' &amp;&amp; ClassName='#32770') (The object specified was not found.)
\0&lt;/a&gt;
E, 5176, 41, 2013/05/23, 10:30:42.447, 2467233567692, QTAgent32.exe, Playback - [IMAGE] C:\Users\testuser\AppData\Local\Temp\UITestLogs\LastRun\RPF5126.png
\0
W, 5176, 41, 2013/05/23, 10:30:42.447, 2467233569197, QTAgent32.exe, Playback - [WARNING] Internal warning: Couldn't find descendants that match QueryId
\0
W, 5176, 41, 2013/05/23, 10:30:42.448, 2467233571846, QTAgent32.exe, PERF WARNING: FindTopLevelWindowHelper::FindAllDescendents: took 4739 ms. Expected it to take maximum 500 ms.
E, 5176, 41, 2013/05/23, 10:30:42.448, 2467233573516, QTAgent32.exe, Exception: System.Runtime.InteropServices.COMException
	Message: Error HRESULT E_FAIL has been returned from a call to a COM component.
	Stack Trace:    at Microsoft.VisualStudio.TestTools.UITest.Playback.Engine.IRPFPlayback.FindAllScreenElements(IScreenElement pScreenElementStart, String bstrQueryId, Object&amp; pvarResKeys, Int32 cResKeys, Int32 nMaxDepth, Object[]&amp; foundDescendants)
   at Microsoft.VisualStudio.TestTools.UITest.Playback.ScreenElement.FindTopLevelWindowHelper(String queryId)
	BaseExceptionMessage: Error HRESULT E_FAIL has been returned from a call to a COM component.

E, 5176, 41, 2013/05/23, 10:30:42.448, 2467233576196, QTAgent32.exe, Window 198750 not responding. Last Win32 error 0
E, 5176, 41, 2013/05/23, 10:30:42.448, 2467233577117, QTAgent32.exe, GetClassName for handle 198750 failed
E, 5176, 41, 2013/05/23, 10:30:42.548, 2467235014016, QTAgent32.exe, AL: Playback Error: Microsoft.VisualStudio.TestTools.UITest.Extension.UITestControlNotAvailableException: The control is not available or not valid. Additional Details: 
TechnologyName:  'MSAA'
Name:  'Personal Lines'
ClassName:  '#32770'
ControlType:  'Window'
 ---&gt; System.Runtime.InteropServices.COMException: Error HRESULT E_FAIL has been returned from a call to a COM component.
   at Microsoft.VisualStudio.TestTools.UITest.Playback.Engine.IRPFPlayback.FindAllScreenElements(IScreenElement pScreenElementStart, String bstrQueryId, Object&amp; pvarResKeys, Int32 cResKeys, Int32 nMaxDepth, Object[]&amp; foundDescendants)
   at Microsoft.VisualStudio.TestTools.UITest.Playback.ScreenElement.FindTopLevelWindowHelper(String queryId)
   at Microsoft.VisualStudio.TestTools.UITest.Playback.ScreenElement.FindFromPartialQueryId(String queryId)
   at Microsoft.VisualStudio.TestTools.UITesting.UITestControl.EnsureValid(Boolean waitForReady, Boolean refetch)
   --- End of inner exception stack trace ---
   at Microsoft.VisualStudio.TestTools.UITesting.UITestControl.EnsureValid(Boolean waitForReady, Boolean refetch)
   at Microsoft.VisualStudio.TestTools.UITesting.UITestControl.FindFirstDescendant(String queryId, Int32 maxDepth, Int32&amp; timeLeft)
   at Microsoft.VisualStudio.TestTools.UITesting.SearchHelper.GetElement(Boolean useCache, ISearchArgument searchArg)
   at Microsoft.VisualStudio.TestTools.UITesting.SearchHelper.Search(ISearchArgument searchArg)
   at Microsoft.VisualStudio.TestTools.UITesting.UITestControl.FindInternal()
   at Microsoft.VisualStudio.TestTools.UITesting.UITestControl.FindControlIfNecessary()
   at Microsoft.VisualStudio.TestTools.UITesting.UITestControl.Click(MouseButtons button, ModifierKeys modifierKeys, Point relativeCoordinates)
   at Microsoft.VisualStudio.TestTools.UITesting.Mouse.ClickImplementation(UITestControl control, MouseButtons button, ModifierKeys modifierKeys, Point relativeCoordinate)
   at Microsoft.VisualStudio.TestTools.UITesting.Mouse.ClickImplementationWrapper(UITestControl control, MouseButtons button, ModifierKeys modifierKeys, Point relativeCoordinate)
W, 5176, 41, 2013/05/23, 10:30:42.548, 2467235015155, QTAgent32.exe, PlaybackErrorHandler: Ignoring exception as ContinueOnError is set.
W, 5176, 41, 2013/05/23, 10:30:42.676, 2467236843695, QTAgent32.exe, &lt;a class=success&gt;Playback - {94} [SUCCESS] MouseButtonClick - "[MSAA, VisibleOnly]ControlType='Button' &amp;&amp; Name='Ok'"
\0&lt;/a&gt;
W, 5176, 41, 2013/05/23, 10:30:42.910, 2467240187517, QTAgent32.exe, &lt;a class=success&gt;Playback - {95} [SUCCESS] MouseButtonClick - "[MSAA, VisibleOnly]ControlType='Button' &amp;&amp; Name='Ok'"
\0&lt;/a&gt;
W, 5176, 41, 2013/05/23, 10:30:43.274, 2467245412348, QTAgent32.exe, &lt;a class=success&gt;Playback - {96} [SUCCESS] SetValueAsEditBox "B338TH" - "[MSAA, VisibleOnly]ControlType='Edit'"  &lt; Set via SendKeys &gt;
\0&lt;/a&gt;
W, 5176, 41, 2013/05/23, 10:30:45.501, 2467277285544, QTAgent32.exe, &lt;a class=success&gt;Playback - {97} [SUCCESS] MouseButtonClick - "[MSAA, VisibleOnly]ControlType='Button' &amp;&amp; Name='Lookup...'"
\0&lt;/a&gt;
W, 5176, 41, 2013/05/23, 10:30:45.743, 2467280757724, QTAgent32.exe, &lt;a class=success&gt;Playback - {98} [SUCCESS] MouseButtonClick - "[MSAA, VisibleOnly]ControlType='Button' &amp;&amp; Name='Ok'"
\0&lt;/a&gt;
W, 5176, 41, 2013/05/23, 10:30:46.032, 2467284887822, QTAgent32.exe, &lt;a class=success&gt;Playback - {99} [SUCCESS] MouseButtonClick - "[MSAA, VisibleOnly]ControlType='Button' &amp;&amp; Name='Confirm'"
\0&lt;/a&gt;
W, 5176, 41, 2013/05/23, 10:31:09.953, 2467627403466, QTAgent32.exe, Playback - [WARNING] Internal warning: Window Not Found: [VisibleOnly]ControlType='Window' &amp;&amp; Name='Personal Lines' &amp;&amp; ClassName='#32770'
\0
E, 5176, 41, 2013/05/23, 10:31:09.953, 2467627405858, QTAgent32.exe, &lt;a class=failure&gt;Playback - {100} [FAILED] Function ElementFetcher::FindScreenElement failed to locate UI element (Searching: ;[VisibleOnly]ControlType='Window' &amp;&amp; Name='Personal Lines' &amp;&amp; ClassName='#32770') (The object specified was not found.)
\0&lt;/a&gt;
E, 5176, 41, 2013/05/23, 10:31:09.996, 2467628011135, QTAgent32.exe, Playback - [IMAGE] C:\Users\testuser\AppData\Local\Temp\UITestLogs\LastRun\RPFBCC5.png
\0
W, 5176, 41, 2013/05/23, 10:31:09.996, 2467628012746, QTAgent32.exe, Playback - [WARNING] Internal warning: Couldn't find descendants that match QueryId
\0
W, 5176, 41, 2013/05/23, 10:31:09.996, 2467628015314, QTAgent32.exe, PERF WARNING: FindTopLevelWindowHelper::FindAllDescendents: took 23864 ms. Expected it to take maximum 500 ms.
W, 5176, 41, 2013/05/23, 10:31:29.137, 2467902083102, QTAgent32.exe, Playback - [WARNING] Internal warning: Window Not Found: [VisibleOnly]ControlType='Window' &amp;&amp; Name='Personal Lines' &amp;&amp; ClassName='#32770'
\0
E, 5176, 41, 2013/05/23, 10:31:29.137, 2467902085449, QTAgent32.exe, &lt;a class=failure&gt;Playback - {101} [FAILED] Function ElementFetcher::FindScreenElement failed to locate UI element (Searching: ;[VisibleOnly]ControlType='Window' &amp;&amp; Name='Personal Lines' &amp;&amp; ClassName='#32770') (The object specified was not found.)
\0&lt;/a&gt;
E, 5176, 41, 2013/05/23, 10:31:29.183, 2467902739085, QTAgent32.exe, Playback - [IMAGE] C:\Users\testuser\AppData\Local\Temp\UITestLogs\LastRun\RPF7BA.png
\0
W, 5176, 41, 2013/05/23, 10:31:29.183, 2467902740636, QTAgent32.exe, Playback - [WARNING] Internal warning: Couldn't find descendants that match QueryId
\0
W, 5176, 41, 2013/05/23, 10:31:29.183, 2467902743606, QTAgent32.exe, PERF WARNING: FindTopLevelWindowHelper::FindAllDescendents: took 19187 ms. Expected it to take maximum 500 ms.
W, 5176, 41, 2013/05/23, 10:31:32.462, 2467949690305, QTAgent32.exe, Playback - [WARNING] Internal warning: Smart Match failed
\0
W, 5176, 41, 2013/05/23, 10:31:33.880, 2467969988266, QTAgent32.exe, Playback - [WARNING] Internal warning: Window Not Found: [VisibleOnly]ControlType='Window' &amp;&amp; Name='Personal Lines' &amp;&amp; ClassName='#32770'
\0
E, 5176, 41, 2013/05/23, 10:31:33.880, 2467969990550, QTAgent32.exe, &lt;a class=failure&gt;Playback - {102} [FAILED] Function ElementFetcher::FindScreenElement failed to locate UI element (Searching: ;[VisibleOnly]ControlType='Window' &amp;&amp; Name='Personal Lines' &amp;&amp; ClassName='#32770') (The object specified was not found.)
\0&lt;/a&gt;
E, 5176, 41, 2013/05/23, 10:31:33.922, 2467970595548, QTAgent32.exe, Playback - [IMAGE] C:\Users\testuser\AppData\Local\Temp\UITestLogs\LastRun\RPF1A42.png
\0
W, 5176, 41, 2013/05/23, 10:31:33.922, 2467970597080, QTAgent32.exe, Playback - [WARNING] Internal warning: Couldn't find descendants that match QueryId
\0
W, 5176, 41, 2013/05/23, 10:31:33.922, 2467970599410, QTAgent32.exe, PERF WARNING: FindTopLevelWindowHelper::FindAllDescendents: took 4738 ms. Expected it to take maximum 500 ms.
E, 5176, 41, 2013/05/23, 10:31:33.923, 2467970601268, QTAgent32.exe, Exception: System.Runtime.InteropServices.COMException
	Message: Error HRESULT E_FAIL has been returned from a call to a COM component.
	Stack Trace:    at Microsoft.VisualStudio.TestTools.UITest.Playback.Engine.IRPFPlayback.FindAllScreenElements(IScreenElement pScreenElementStart, String bstrQueryId, Object&amp; pvarResKeys, Int32 cResKeys, Int32 nMaxDepth, Object[]&amp; foundDescendants)
   at Microsoft.VisualStudio.TestTools.UITest.Playback.ScreenElement.FindTopLevelWindowHelper(String queryId)
	BaseExceptionMessage: Error HRESULT E_FAIL has been returned from a call to a COM component.

E, 5176, 41, 2013/05/23, 10:31:33.923, 2467970603715, QTAgent32.exe, Window 198750 not responding. Last Win32 error 0
E, 5176, 41, 2013/05/23, 10:31:33.923, 2467970604595, QTAgent32.exe, GetClassName for handle 198750 failed
E, 5176, 41, 2013/05/23, 10:31:34.023, 2467972037168, QTAgent32.exe, AL: Playback Error: Microsoft.VisualStudio.TestTools.UITest.Extension.UITestControlNotAvailableException: The control is not available or not valid. Additional Details: 
TechnologyName:  'MSAA'
Name:  'Personal Lines'
ClassName:  '#32770'
ControlType:  'Window'
 ---&gt; System.Runtime.InteropServices.COMException: Error HRESULT E_FAIL has been returned from a call to a COM component.
   at Microsoft.VisualStudio.TestTools.UITest.Playback.Engine.IRPFPlayback.FindAllScreenElements(IScreenElement pScreenElementStart, String bstrQueryId, Object&amp; pvarResKeys, Int32 cResKeys, Int32 nMaxDepth, Object[]&amp; foundDescendants)
   at Microsoft.VisualStudio.TestTools.UITest.Playback.ScreenElement.FindTopLevelWindowHelper(String queryId)
   at Microsoft.VisualStudio.TestTools.UITest.Playback.ScreenElement.FindFromPartialQueryId(String queryId)
   at Microsoft.VisualStudio.TestTools.UITesting.UITestControl.EnsureValid(Boolean waitForReady, Boolean refetch)
   --- End of inner exception stack trace ---
   at Microsoft.VisualStudio.TestTools.UITesting.UITestControl.EnsureValid(Boolean waitForReady, Boolean refetch)
   at Microsoft.VisualStudio.TestTools.UITesting.UITestControl.FindFirstDescendant(String queryId, Int32 maxDepth, Int32&amp; timeLeft)
   at Microsoft.VisualStudio.TestTools.UITesting.SearchHelper.GetElement(Boolean useCache, ISearchArgument searchArg)
   at Microsoft.VisualStudio.TestTools.UITesting.SearchHelper.Search(ISearchArgument searchArg)
   at Microsoft.VisualStudio.TestTools.UITesting.UITestControl.FindInternal()
   at Microsoft.VisualStudio.TestTools.UITesting.UITestControl.FindControlIfNecessary()
   at Microsoft.VisualStudio.TestTools.UITesting.UITestControl.Click(MouseButtons button, ModifierKeys modifierKeys, Point relativeCoordinates)
   at Microsoft.VisualStudio.TestTools.UITesting.Mouse.ClickImplementation(UITestControl control, MouseButtons button, ModifierKeys modifierKeys, Point relativeCoordinate)
   at Microsoft.VisualStudio.TestTools.UITesting.Mouse.ClickImplementationWrapper(UITestControl control, MouseButtons button, ModifierKeys modifierKeys, Point relativeCoordinate)
W, 5176, 41, 2013/05/23, 10:31:34.023, 2467972038363, QTAgent32.exe, PlaybackErrorHandler: Ignoring exception as ContinueOnError is set.
W, 5176, 41, 2013/05/23, 10:31:34.151, 2467973865770, QTAgent32.exe, &lt;a class=success&gt;Playback - {103} [SUCCESS] Check - "[MSAA, VisibleOnly]ControlType='CheckBox' &amp;&amp; Name='Defer Printing?'"
\0&lt;/a&gt;
W, 5176, 41, 2013/05/23, 10:31:34.726, 2467982110069, QTAgent32.exe, &lt;a class=success&gt;Playback - {104} [SUCCESS] MouseButtonClick - "[MSAA, VisibleOnly]ControlType='Button' &amp;&amp; Name='Ok'"
\0&lt;/a&gt;
W, 5176, 41, 2013/05/23, 10:31:35.488, 2467993011105, QTAgent32.exe, PERF WARNING: FindTopLevelWindowHelper::FindAllDescendents: took 661 ms. Expected it to take maximum 500 ms.
W, 5176, 41, 2013/05/23, 10:31:35.623, 2467994937899, QTAgent32.exe, &lt;a class=success&gt;Playback - {105} [SUCCESS] Uncheck - "[MSAA, VisibleOnly]ControlType='CheckBox' &amp;&amp; Name='Add Activity'"
\0&lt;/a&gt;
W, 5176, 41, 2013/05/23, 10:31:36.023, 2468000667017, QTAgent32.exe, &lt;a class=success&gt;Playback - {106} [SUCCESS] MouseButtonClick - "[MSAA, VisibleOnly]ControlType='Button' &amp;&amp; Name='Ok'"
\0&lt;/a&gt;
W, 5176, 41, 2013/05/23, 10:31:36.260, 2468004062536, QTAgent32.exe, &lt;a class=success&gt;Playback - {107} [SUCCESS] MouseButtonClick - "[MSAA, VisibleOnly]ControlType='Button' &amp;&amp; Name='Ok'"
\0&lt;/a&gt;
W, 5176, 41, 2013/05/23, 10:31:36.881, 2468012953955, QTAgent32.exe, &lt;a class=success&gt;Playback - {108} [SUCCESS] MouseButtonClick - "[MSAA, VisibleOnly]ControlType='Button' &amp;&amp; Name='Ok'"
\0&lt;/a&gt;
W, 5176, 41, 2013/05/23, 10:31:40.027, 2468057995872, QTAgent32.exe, PERF WARNING: FindTopLevelWindowHelper::FindAllDescendents: took 3017 ms. Expected it to take maximum 500 ms.
W, 5176, 41, 2013/05/23, 10:31:40.159, 2468059887813, QTAgent32.exe, &lt;a class=success&gt;Playback - {109} [SUCCESS] MouseButtonClick - "[MSAA, VisibleOnly]ControlType='Button' &amp;&amp; Name='OK'"
\0&lt;/a&gt;
W, 5176, 41, 2013/05/23, 10:31:40.382, 2468063092758, QTAgent32.exe, &lt;a class=success&gt;Playback - {110} [SUCCESS] MouseButtonClick - "[MSAA, VisibleOnly]ControlType='Button' &amp;&amp; Name='Cancel'"
\0&lt;/a&gt;
W, 5176, 41, 2013/05/23, 10:31:40.729, 2468068055213, QTAgent32.exe, &lt;a class=success&gt;Playback - {111} [SUCCESS] MouseButtonClick - "[MSAA, VisibleOnly]ControlType='Button'"
\0&lt;/a&gt;
W, 5176, 41, 2013/05/23, 10:31:41.164, 2468074281366, QTAgent32.exe, &lt;a class=success&gt;Playback - {112} [SUCCESS] MouseButtonClick - "[MSAA, VisibleOnly]ControlType='Button' &amp;&amp; Name='Detail'"
\0&lt;/a&gt;
W, 5176, 41, 2013/05/23, 10:31:41.449, 2468078370745, QTAgent32.exe, &lt;a class=success&gt;Playback - {113} [SUCCESS] MouseButtonClick - "[MSAA, VisibleOnly]ControlType='Edit'"
\0&lt;/a&gt;
W, 5176, 41, 2013/05/23, 10:31:44.766, 2468125856566, QTAgent32.exe, Playback - [WARNING] Internal warning: Window Not Found: [VisibleOnly]ControlType='Window' &amp;&amp; Name='Connect to www.insur-econnect.com'
\0
E, 5176, 41, 2013/05/23, 10:31:44.766, 2468125858772, QTAgent32.exe, &lt;a class=failure&gt;Playback - {114} [FAILED] Function ElementFetcher::FindScreenElement failed to locate UI element (Searching: ;[VisibleOnly]ControlType='Window' &amp;&amp; Name='Connect to www.insur-econnect.com') (The object specified was not found.)
\0&lt;/a&gt;
E, 5176, 41, 2013/05/23, 10:31:44.850, 2468127060434, QTAgent32.exe, Playback - [IMAGE] C:\Users\testuser\AppData\Local\Temp\UITestLogs\LastRun\RPF44BC.png
\0
W, 5176, 41, 2013/05/23, 10:31:44.850, 2468127062139, QTAgent32.exe, Playback - [WARNING] Internal warning: Couldn't find descendants that match QueryId
\0
W, 5176, 41, 2013/05/23, 10:31:44.850, 2468127064642, QTAgent32.exe, PERF WARNING: FindTopLevelWindowHelper::FindAllDescendents: took 916 ms. Expected it to take maximum 500 ms.
W, 5176, 41, 2013/05/23, 10:32:03.035, 2468387432664, QTAgent32.exe, Playback - [WARNING] Internal warning: Window Not Found: [VisibleOnly]ControlType='Window' &amp;&amp; Name='Connect to www.insur-econnect.com'
\0
E, 5176, 41, 2013/05/23, 10:32:03.035, 2468387434946, QTAgent32.exe, &lt;a class=failure&gt;Playback - {115} [FAILED] Function ElementFetcher::FindScreenElement failed to locate UI element (Searching: ;[VisibleOnly]ControlType='Window' &amp;&amp; Name='Connect to www.insur-econnect.com') (The object specified was not found.)
\0&lt;/a&gt;
E, 5176, 41, 2013/05/23, 10:32:03.078, 2468388049153, QTAgent32.exe, Playback - [IMAGE] C:\Users\testuser\AppData\Local\Temp\UITestLogs\LastRun\RPF8C19.png
\0
W, 5176, 41, 2013/05/23, 10:32:03.078, 2468388050899, QTAgent32.exe, Playback - [WARNING] Internal warning: Couldn't find descendants that match QueryId
\0
W, 5176, 41, 2013/05/23, 10:32:03.078, 2468388053420, QTAgent32.exe, PERF WARNING: FindTopLevelWindowHelper::FindAllDescendents: took 18227 ms. Expected it to take maximum 500 ms.
W, 5176, 41, 2013/05/23, 10:32:03.666, 2468396463747, QTAgent32.exe, Playback - [WARNING] Internal warning: Smart Match failed
\0
W, 5176, 41, 2013/05/23, 10:32:03.860, 2468399242710, QTAgent32.exe, Playback - [WARNING] Internal warning: Smart Match failed
\0
W, 5176, 41, 2013/05/23, 10:32:04.056, 2468402050350, QTAgent32.exe, Playback - [WARNING] Internal warning: Smart Match failed
\0
W, 5176, 41, 2013/05/23, 10:32:04.253, 2468404878777, QTAgent32.exe, Playback - [WARNING] Internal warning: Smart Match failed
\0
W, 5176, 41, 2013/05/23, 10:32:04.454, 2468407755716, QTAgent32.exe, Playback - [WARNING] Internal warning: Smart Match failed
\0
W, 5176, 41, 2013/05/23, 10:32:04.649, 2468410540090, QTAgent32.exe, Playback - [WARNING] Internal warning: Smart Match failed
\0
W, 5176, 41, 2013/05/23, 10:32:04.844, 2468413345890, QTAgent32.exe, Playback - [WARNING] Internal warning: Smart Match failed
\0
W, 5176, 41, 2013/05/23, 10:32:05.041, 2468416157163, QTAgent32.exe, Playback - [WARNING] Internal warning: Smart Match failed
\0
W, 5176, 41, 2013/05/23, 10:32:05.237, 2468418965635, QTAgent32.exe, Playback - [WARNING] Internal warning: Smart Match failed
\0
W, 5176, 41, 2013/05/23, 10:32:05.429, 2468421712764, QTAgent32.exe, Playback - [WARNING] Internal warning: Smart Match failed
\0
W, 5176, 41, 2013/05/23, 10:32:05.623, 2468424494309, QTAgent32.exe, Playback - [WARNING] Internal warning: Smart Match failed
\0
W, 5176, 41, 2013/05/23, 10:32:05.818, 2468427281458, QTAgent32.exe, Playback - [WARNING] Internal warning: Smart Match failed
\0
W, 5176, 41, 2013/05/23, 10:32:06.012, 2468430063492, QTAgent32.exe, Playback - [WARNING] Internal warning: Smart Match failed
\0
W, 5176, 41, 2013/05/23, 10:32:06.100, 2468431318783, QTAgent32.exe, Playback - [WARNING] Internal warning: Window Not Found: [VisibleOnly]ControlType='Window' &amp;&amp; Name='Connect to www.insur-econnect.com'
\0
E, 5176, 41, 2013/05/23, 10:32:06.100, 2468431320677, QTAgent32.exe, &lt;a class=failure&gt;Playback - {116} [FAILED] Function ElementFetcher::FindScreenElement failed to locate UI element (Searching: ;[VisibleOnly]ControlType='Window' &amp;&amp; Name='Connect to www.insur-econnect.com') (The object specified was not found.)
\0&lt;/a&gt;
E, 5176, 41, 2013/05/23, 10:32:06.142, 2468431930080, QTAgent32.exe, Playback - [IMAGE] C:\Users\testuser\AppData\Local\Temp\UITestLogs\LastRun\RPF981B.png
\0
W, 5176, 41, 2013/05/23, 10:32:06.142, 2468431931708, QTAgent32.exe, Playback - [WARNING] Internal warning: Couldn't find descendants that match QueryId
\0
W, 5176, 41, 2013/05/23, 10:32:06.143, 2468431934441, QTAgent32.exe, PERF WARNING: FindTopLevelWindowHelper::FindAllDescendents: took 3064 ms. Expected it to take maximum 500 ms.
E, 5176, 41, 2013/05/23, 10:32:06.143, 2468431936172, QTAgent32.exe, Exception: System.Runtime.InteropServices.COMException
	Message: Error HRESULT E_FAIL has been returned from a call to a COM component.
	Stack Trace:    at Microsoft.VisualStudio.TestTools.UITest.Playback.Engine.IRPFPlayback.FindAllScreenElements(IScreenElement pScreenElementStart, String bstrQueryId, Object&amp; pvarResKeys, Int32 cResKeys, Int32 nMaxDepth, Object[]&amp; foundDescendants)
   at Microsoft.VisualStudio.TestTools.UITest.Playback.ScreenElement.FindTopLevelWindowHelper(String queryId)
	BaseExceptionMessage: Error HRESULT E_FAIL has been returned from a call to a COM component.

W, 5176, 41, 2013/05/23, 10:32:06.678, 2468439590002, QTAgent32.exe, Playback - [WARNING] Internal warning: Window Not Found: [VisibleOnly]ControlType='Window' &amp;&amp; Name='Windows Security'
\0
E, 5176, 41, 2013/05/23, 10:32:06.678, 2468439591839, QTAgent32.exe, &lt;a class=failure&gt;Playback - {117} [FAILED] Function ElementFetcher::FindScreenElement failed to locate UI element (Searching: ;[VisibleOnly]ControlType='Window' &amp;&amp; Name='Windows Security') (The object specified was not found.)
\0&lt;/a&gt;
E, 5176, 41, 2013/05/23, 10:32:06.721, 2468440211051, QTAgent32.exe, Playback - [IMAGE] C:\Users\testuser\AppData\Local\Temp\UITestLogs\LastRun\RPF9A5D.png
\0
W, 5176, 41, 2013/05/23, 10:32:06.721, 2468440212672, QTAgent32.exe, Playback - [WARNING] Internal warning: Couldn't find descendants that match QueryId
\0
W, 5176, 41, 2013/05/23, 10:32:06.721, 2468440215167, QTAgent32.exe, PERF WARNING: FindTopLevelWindowHelper::FindAllDescendents: took 577 ms. Expected it to take maximum 500 ms.
W, 5176, 41, 2013/05/23, 10:32:24.741, 2468698233415, QTAgent32.exe, Playback - [WARNING] Internal warning: Window Not Found: [VisibleOnly]ControlType='Window' &amp;&amp; Name='Windows Security'
\0
E, 5176, 41, 2013/05/23, 10:32:24.742, 2468698235770, QTAgent32.exe, &lt;a class=failure&gt;Playback - {118} [FAILED] Function ElementFetcher::FindScreenElement failed to locate UI element (Searching: ;[VisibleOnly]ControlType='Window' &amp;&amp; Name='Windows Security') (The object specified was not found.)
\0&lt;/a&gt;
E, 5176, 41, 2013/05/23, 10:32:24.781, 2468698803853, QTAgent32.exe, Playback - [IMAGE] C:\Users\testuser\AppData\Local\Temp\UITestLogs\LastRun\RPFE0EF.png
\0
W, 5176, 41, 2013/05/23, 10:32:24.781, 2468698805422, QTAgent32.exe, Playback - [WARNING] Internal warning: Couldn't find descendants that match QueryId
\0
W, 5176, 41, 2013/05/23, 10:32:24.782, 2468698808177, QTAgent32.exe, PERF WARNING: FindTopLevelWindowHelper::FindAllDescendents: took 18060 ms. Expected it to take maximum 500 ms.
W, 5176, 41, 2013/05/23, 10:32:25.257, 2468705615197, QTAgent32.exe, Playback - [WARNING] Internal warning: Smart Match failed
\0
W, 5176, 41, 2013/05/23, 10:32:25.474, 2468708729651, QTAgent32.exe, Playback - [WARNING] Internal warning: Smart Match failed
\0
W, 5176, 41, 2013/05/23, 10:32:25.694, 2468711868180, QTAgent32.exe, Playback - [WARNING] Internal warning: Smart Match failed
\0
W, 5176, 41, 2013/05/23, 10:32:25.910, 2468714969223, QTAgent32.exe, Playback - [WARNING] Internal warning: Smart Match failed
\0
W, 5176, 41, 2013/05/23, 10:32:26.124, 2468718039058, QTAgent32.exe, Playback - [WARNING] Internal warning: Smart Match failed
\0
W, 5176, 41, 2013/05/23, 10:32:26.336, 2468721055516, QTAgent32.exe, Playback - [WARNING] Internal warning: Smart Match failed
\0
W, 5176, 41, 2013/05/23, 10:32:26.548, 2468724095475, QTAgent32.exe, Playback - [WARNING] Internal warning: Smart Match failed
\0
W, 5176, 41, 2013/05/23, 10:32:26.776, 2468727355626, QTAgent32.exe, Playback - [WARNING] Internal warning: Smart Match failed
\0
W, 5176, 41, 2013/05/23, 10:32:26.988, 2468730392655, QTAgent32.exe, Playback - [WARNING] Internal warning: Smart Match failed
\0
W, 5176, 41, 2013/05/23, 10:32:27.200, 2468733432733, QTAgent32.exe, Playback - [WARNING] Internal warning: Smart Match failed
\0
W, 5176, 41, 2013/05/23, 10:32:27.411, 2468736462091, QTAgent32.exe, Playback - [WARNING] Internal warning: Smart Match failed
\0
W, 5176, 41, 2013/05/23, 10:32:27.625, 2468739513619, QTAgent32.exe, Playback - [WARNING] Internal warning: Smart Match failed
\0
W, 5176, 41, 2013/05/23, 10:32:27.843, 2468742645450, QTAgent32.exe, Playback - [WARNING] Internal warning: Smart Match failed
\0
W, 5176, 41, 2013/05/23, 10:32:27.952, 2468744209459, QTAgent32.exe, Playback - [WARNING] Internal warning: Window Not Found: [VisibleOnly]ControlType='Window' &amp;&amp; Name='Windows Security'
\0
E, 5176, 41, 2013/05/23, 10:32:27.953, 2468744211394, QTAgent32.exe, &lt;a class=failure&gt;Playback - {119} [FAILED] Function ElementFetcher::FindScreenElement failed to locate UI element (Searching: ;[VisibleOnly]ControlType='Window' &amp;&amp; Name='Windows Security') (The object specified was not found.)
\0&lt;/a&gt;
E, 5176, 41, 2013/05/23, 10:32:27.990, 2468744744462, QTAgent32.exe, Playback - [IMAGE] C:\Users\testuser\AppData\Local\Temp\UITestLogs\LastRun\RPFED7E.png
\0
W, 5176, 41, 2013/05/23, 10:32:27.990, 2468744745970, QTAgent32.exe, Playback - [WARNING] Internal warning: Couldn't find descendants that match QueryId
\0
W, 5176, 41, 2013/05/23, 10:32:27.990, 2468744748566, QTAgent32.exe, PERF WARNING: FindTopLevelWindowHelper::FindAllDescendents: took 3208 ms. Expected it to take maximum 500 ms.
E, 5176, 41, 2013/05/23, 10:32:27.990, 2468744750183, QTAgent32.exe, Exception: System.Runtime.InteropServices.COMException
	Message: Error HRESULT E_FAIL has been returned from a call to a COM component.
	Stack Trace:    at Microsoft.VisualStudio.TestTools.UITest.Playback.Engine.IRPFPlayback.FindAllScreenElements(IScreenElement pScreenElementStart, String bstrQueryId, Object&amp; pvarResKeys, Int32 cResKeys, Int32 nMaxDepth, Object[]&amp; foundDescendants)
   at Microsoft.VisualStudio.TestTools.UITest.Playback.ScreenElement.FindTopLevelWindowHelper(String queryId)
	BaseExceptionMessage: Error HRESULT E_FAIL has been returned from a call to a COM component.

E, 5176, 41, 2013/05/23, 10:32:28.091, 2468746191854, QTAgent32.exe, AL: Playback Error: Microsoft.VisualStudio.TestTools.UITest.Extension.UITestControlNotFoundException: The playback failed to find the control with the given search properties. Additional Details: 
TechnologyName:  'MSAA'
ControlType:  'Window'
Name:  'Windows Security'
 ---&gt; System.Runtime.InteropServices.COMException: Error HRESULT E_FAIL has been returned from a call to a COM component.
   at Microsoft.VisualStudio.TestTools.UITest.Playback.Engine.IRPFPlayback.FindAllScreenElements(IScreenElement pScreenElementStart, String bstrQueryId, Object&amp; pvarResKeys, Int32 cResKeys, Int32 nMaxDepth, Object[]&amp; foundDescendants)
   at Microsoft.VisualStudio.TestTools.UITest.Playback.ScreenElement.FindTopLevelWindowHelper(String queryId)
   at Microsoft.VisualStudio.TestTools.UITest.Playback.ScreenElement.FindFromPartialQueryId(String queryId)
   at Microsoft.VisualStudio.TestTools.UITesting.UITestControl..ctor(String queryId)
   --- End of inner exception stack trace ---
   at Microsoft.VisualStudio.TestTools.UITesting.Playback.MapControlNotFoundException(COMException ex, IPlaybackContext context)
   at Microsoft.VisualStudio.TestTools.UITesting.Playback.MapAndThrowComException(COMException innerException, IPlaybackContext context)
   at Microsoft.VisualStudio.TestTools.UITesting.Playback.MapAndThrowException(SystemException exception, IPlaybackContext context)
   at Microsoft.VisualStudio.TestTools.UITesting.Playback.MapAndThrowException(SystemException exception, String queryId)
   at Microsoft.VisualStudio.TestTools.UITesting.UITestControl..ctor(String queryId)
   at Microsoft.VisualStudio.TestTools.UITesting.SearchHelper.SearchTopLevelWindow(ISearchArgument topLevelSearchArg, String topLevelElementQueryId)
   at Microsoft.VisualStudio.TestTools.UITesting.SearchHelper.GetTitleUpdatedTopLevelWindow(ISearchArgument topLevelSearchArg, String queryId, IList`1 windowTitles)
   at Microsoft.VisualStudio.TestTools.UITesting.SearchHelper.GetTopLevelElement(Boolean useCache, Boolean useCacheOnly, ISearchArgument searchArg, IList`1 windowTitles, Int32&amp; timeLeft)
   at Microsoft.VisualStudio.TestTools.UITesting.SearchHelper.GetElement(Boolean useCache, ISearchArgument searchArg)
   at Microsoft.VisualStudio.TestTools.UITesting.SearchHelper.Search(ISearchArgument searchArg)
   at Microsoft.VisualStudio.TestTools.UITesting.UITestControl.FindInternal()
   at Microsoft.VisualStudio.TestTools.UITesting.UITestControl.FindControlIfNecessary()
   at Microsoft.VisualStudio.TestTools.UITesting.UITestControl.SendKeys(String text, ModifierKeys modifierKeys, Boolean isEncoded, Boolean isUnicode)
   at Microsoft.VisualStudio.TestTools.UITesting.Keyboard.SendKeysImplementation(UITestControl control, String text, ModifierKeys modifierKeys, Boolean isEncoded, Boolean isUnicode)
   at Microsoft.VisualStudio.TestTools.UITesting.Keyboard.SendKeysImplementationWrapper(UITestControl control, String text, ModifierKeys modifierKeys, Boolean isEncoded, Boolean isUnicode)
W, 5176, 41, 2013/05/23, 10:32:28.091, 2468746194127, QTAgent32.exe, PlaybackErrorHandler: Ignoring exception as ContinueOnError is set.
W, 5176, 41, 2013/05/23, 10:32:28.729, 2468755334497, QTAgent32.exe, Playback - [WARNING] Internal warning: Window Not Found: [VisibleOnly]ControlType='Window' &amp;&amp; Name='Windows Security'
\0
E, 5176, 41, 2013/05/23, 10:32:28.730, 2468755336509, QTAgent32.exe, &lt;a class=failure&gt;Playback - {120} [FAILED] Function ElementFetcher::FindScreenElement failed to locate UI element (Searching: ;[VisibleOnly]ControlType='Window' &amp;&amp; Name='Windows Security') (The object specified was not found.)
\0&lt;/a&gt;
E, 5176, 41, 2013/05/23, 10:32:28.775, 2468755984325, QTAgent32.exe, Playback - [IMAGE] C:\Users\testuser\AppData\Local\Temp\UITestLogs\LastRun\RPFF08B.png
\0
W, 5176, 41, 2013/05/23, 10:32:28.775, 2468755985908, QTAgent32.exe, Playback - [WARNING] Internal warning: Couldn't find descendants that match QueryId
\0
W, 5176, 41, 2013/05/23, 10:32:28.775, 2468755988689, QTAgent32.exe, PERF WARNING: FindTopLevelWindowHelper::FindAllDescendents: took 683 ms. Expected it to take maximum 500 ms.
W, 5176, 41, 2013/05/23, 10:32:35.996, 2468859374678, QTAgent32.exe, PERF WARNING: FindTopLevelWindowHelper::FindAllDescendents: took 7220 ms. Expected it to take maximum 500 ms.
W, 5176, 41, 2013/05/23, 10:32:36.180, 2468862007985, QTAgent32.exe, &lt;a class=success&gt;Playback - {121} [SUCCESS] MouseButtonClick - "[MSAA, VisibleOnly]ControlType='Button' &amp;&amp; Name='OK'"
\0&lt;/a&gt;
W, 5176, 41, 2013/05/23, 10:32:36.349, 2468864436451, QTAgent32.exe, IEBrowserService.WaitForIEToBeReady Failed: 
W, 5176, 41, 2013/05/23, 10:32:36.350, 2468864451623, QTAgent32.exe, Msaa:WindowHandleGetter: Using WindowFromPoint since WindowFromAccessibleObject returned invalid handle [329538]
E, 5176, 41, 2013/05/23, 10:32:36.356, 2468864540221, QTAgent32.exe, Exception: System.Runtime.InteropServices.COMException
	Message: The RPC server is unavailable. (Exception from HRESULT: 0x800706BA)
	Stack Trace:    at Accessibility.IAccessible.accLocation(Int32&amp; pxLeft, Int32&amp; pyTop, Int32&amp; pcxWidth, Int32&amp; pcyHeight, Object varChild)
   at Microsoft.VisualStudio.TestTools.UITest.Extension.Msaa.AccWrapper.GetBoundingRectangle()
	BaseExceptionMessage: The RPC server is unavailable. (Exception from HRESULT: 0x800706BA)

E, 5176, 41, 2013/05/23, 10:32:36.357, 2468864541685, QTAgent32.exe, Msaa:WindowHandleGetter: Got invalid window handle [0] even after using WindowFromPoint
E, 5176, 41, 2013/05/23, 10:32:36.357, 2468864545354, QTAgent32.exe, Exception: System.Runtime.InteropServices.COMException
	Message: The RPC server is unavailable. (Exception from HRESULT: 0x800706BA)
	Stack Trace:    at Accessibility.IAccessible.get_accRole(Object varChild)
   at Microsoft.VisualStudio.TestTools.UITest.Extension.Msaa.AccWrapper.get_RoleInt()
	BaseExceptionMessage: The RPC server is unavailable. (Exception from HRESULT: 0x800706BA)

W, 5176, 41, 2013/05/23, 10:32:36.357, 2468864546321, QTAgent32.exe, Msaa.GetProcessID: Window handle is IntPtr.Zero. Process ID will be 0
W, 5176, 41, 2013/05/23, 10:32:36.362, 2468864622030, QTAgent32.exe, Msaa:WindowHandleGetter: Using WindowFromPoint since WindowFromAccessibleObject returned invalid handle [329538]
E, 5176, 41, 2013/05/23, 10:32:36.362, 2468864625492, QTAgent32.exe, Exception: System.Runtime.InteropServices.COMException
	Message: The RPC server is unavailable. (Exception from HRESULT: 0x800706BA)
	Stack Trace:    at Accessibility.IAccessible.accLocation(Int32&amp; pxLeft, Int32&amp; pyTop, Int32&amp; pcxWidth, Int32&amp; pcyHeight, Object varChild)
   at Microsoft.VisualStudio.TestTools.UITest.Extension.Msaa.AccWrapper.GetBoundingRectangle()
	BaseExceptionMessage: The RPC server is unavailable. (Exception from HRESULT: 0x800706BA)

E, 5176, 41, 2013/05/23, 10:32:36.363, 2468864626791, QTAgent32.exe, Msaa:WindowHandleGetter: Got invalid window handle [0] even after using WindowFromPoint
E, 5176, 41, 2013/05/23, 10:32:36.363, 2468864630206, QTAgent32.exe, Exception: System.Runtime.InteropServices.COMException
	Message: The RPC server is unavailable. (Exception from HRESULT: 0x800706BA)
	Stack Trace:    at Accessibility.IAccessible.get_accRole(Object varChild)
   at Microsoft.VisualStudio.TestTools.UITest.Extension.Msaa.AccWrapper.get_RoleInt()
	BaseExceptionMessage: The RPC server is unavailable. (Exception from HRESULT: 0x800706BA)

W, 5176, 41, 2013/05/23, 10:32:36.363, 2468864631022, QTAgent32.exe, Msaa.GetProcessID: Window handle is IntPtr.Zero. Process ID will be 0
W, 5176, 41, 2013/05/23, 10:32:36.364, 2468864643515, QTAgent32.exe, Msaa:WindowHandleGetter: Using WindowFromPoint since WindowFromAccessibleObject returned invalid handle [329538]
E, 5176, 41, 2013/05/23, 10:32:36.364, 2468864646955, QTAgent32.exe, Exception: System.Runtime.InteropServices.COMException
	Message: The RPC server is unavailable. (Exception from HRESULT: 0x800706BA)
	Stack Trace:    at Accessibility.IAccessible.accLocation(Int32&amp; pxLeft, Int32&amp; pyTop, Int32&amp; pcxWidth, Int32&amp; pcyHeight, Object varChild)
   at Microsoft.VisualStudio.TestTools.UITest.Extension.Msaa.AccWrapper.GetBoundingRectangle()
	BaseExceptionMessage: The RPC server is unavailable. (Exception from HRESULT: 0x800706BA)

E, 5176, 41, 2013/05/23, 10:32:36.364, 2468864648449, QTAgent32.exe, Msaa:WindowHandleGetter: Got invalid window handle [0] even after using WindowFromPoint
E, 5176, 41, 2013/05/23, 10:32:36.364, 2468864651905, QTAgent32.exe, Exception: System.Runtime.InteropServices.COMException
	Message: The RPC server is unavailable. (Exception from HRESULT: 0x800706BA)
	Stack Trace:    at Accessibility.IAccessible.get_accRole(Object varChild)
   at Microsoft.VisualStudio.TestTools.UITest.Extension.Msaa.AccWrapper.get_RoleInt()
	BaseExceptionMessage: The RPC server is unavailable. (Exception from HRESULT: 0x800706BA)

W, 5176, 41, 2013/05/23, 10:32:36.364, 2468864652717, QTAgent32.exe, Msaa.GetProcessID: Window handle is IntPtr.Zero. Process ID will be 0
W, 5176, 41, 2013/05/23, 10:32:36.365, 2468864666385, QTAgent32.exe, Playback - [WARNING] Internal warning: Thread state based WFR - Requested element has invalid HWND
\0
W, 5176, 41, 2013/05/23, 10:32:36.365, 2468864667236, QTAgent32.exe, Playback - [WARNING] Internal warning: process performance counters based WFR - Requested element has invalid HWND
\0
W, 5176, 41, 2013/05/23, 10:32:36.367, 2468864687480, QTAgent32.exe, IEDOM: WebControl is invalid. Starting refetch.
E, 5176, 41, 2013/05/23, 10:32:36.367, 2468864693590, QTAgent32.exe, IEDOM : Could not get valid window handle of Internet Explorer_server
E, 5176, 41, 2013/05/23, 10:32:36.399, 2468865148009, QTAgent32.exe, Exception: System.ArgumentNullException
	Message: Value cannot be null.
Parameter name: handle
	Stack Trace:    at Microsoft.VisualStudio.TestTools.UITest.Extension.UITestUtilities.CheckForNull(IntPtr parameter, String parameterName)
   at Microsoft.VisualStudio.TestTools.UITest.Extension.IE.IETestPlugin.GetElementFromWindowHandle(IntPtr handle)
   at Microsoft.VisualStudio.TestTools.UITest.Extension.IE.IETestPlugin.GetValidParentElement(IETestPluginSearchData searchInfo)
   at Microsoft.VisualStudio.TestTools.UITest.Extension.IE.IETestPlugin.Search(Object parsedQueryIdCookie, IUITechnologyElement parentElement, Int32 maxDepth)
	BaseExceptionMessage: Value cannot be null.
Parameter name: handle

E, 5176, 41, 2013/05/23, 10:32:36.400, 2468865157804, QTAgent32.exe, &lt;a class=failure&gt;Playback - {122} [FAILED] Function ElementFetcher::FindScreenElement failed to locate UI element (Searching: ;[Web]ControlType='Frame' &amp;&amp; TagName='FRAME' &amp;&amp; Id='' &amp;&amp; Name='leftbar' &amp;&amp; FilterCondition(AbsolutePath='', PageUrl='content/leftbar.asp', Title='', Class='', ControlDefinition='noResize src="content/leftbar.asp" name=', TagInstance='2')) (The object specified was not found.)
\0&lt;/a&gt;
E, 5176, 41, 2013/05/23, 10:32:36.437, 2468865697572, QTAgent32.exe, Playback - [IMAGE] C:\Users\testuser\AppData\Local\Temp\UITestLogs\LastRun\RPFE77.png
\0
W, 5176, 41, 2013/05/23, 10:32:36.437, 2468865699191, QTAgent32.exe, Playback - [WARNING] Internal warning: Couldn't find descendants that match QueryId
\0
E, 5176, 41, 2013/05/23, 10:32:36.538, 2468867138467, QTAgent32.exe, AL: Playback Error: Microsoft.VisualStudio.TestTools.UITest.Extension.UITestControlNotFoundException: The playback failed to find the control with the given search properties. Additional Details: 
TechnologyName:  'Web'
ControlType:  'Frame'
TagName:  'FRAME'
Id:  ''
Name:  'leftbar'
 ---&gt; System.Runtime.InteropServices.COMException: Error HRESULT E_FAIL has been returned from a call to a COM component.
   at Microsoft.VisualStudio.TestTools.UITest.Playback.Engine.IScreenElement.FindAllDescendants(String bstrQueryId, Object&amp; pvarResKeys, Int32 cResKeys, Int32 nMaxDepth)
   at Microsoft.VisualStudio.TestTools.UITest.Playback.ScreenElement.FindAllScreenElement(String queryId, Int32 depth, Boolean singleQueryId, Boolean throwException)
   at Microsoft.VisualStudio.TestTools.UITest.Playback.ScreenElement.FindScreenElement(String queryId, Int32 depth)
   at Microsoft.VisualStudio.TestTools.UITesting.UITestControl.FindFirstDescendant(String queryId, Int32 maxDepth, Int32&amp; timeLeft)
   --- End of inner exception stack trace ---
   at Microsoft.VisualStudio.TestTools.UITesting.Playback.MapControlNotFoundException(COMException ex, IPlaybackContext context)
   at Microsoft.VisualStudio.TestTools.UITesting.Playback.MapAndThrowComException(COMException innerException, IPlaybackContext context)
   at Microsoft.VisualStudio.TestTools.UITesting.Playback.MapAndThrowException(SystemException exception, IPlaybackContext context)
   at Microsoft.VisualStudio.TestTools.UITesting.Playback.MapAndThrowException(SystemException exception, String queryId)
   at Microsoft.VisualStudio.TestTools.UITesting.UITestControl.FindFirstDescendant(String queryId, Int32 maxDepth, Int32&amp; timeLeft)
   at Microsoft.VisualStudio.TestTools.UITesting.SearchHelper.GetUITestControlRecursive(Boolean useCache, Boolean alwaysSearch, ISearchArgument searchArg, IList`1 windowTitles, Int32&amp; timeLeft)
   at Microsoft.VisualStudio.TestTools.UITesting.SearchHelper.GetUITestControlRecursive(Boolean useCache, Boolean alwaysSearch, ISearchArgument searchArg, IList`1 windowTitles, Int32&amp; timeLeft)
   at Microsoft.VisualStudio.TestTools.UITesting.SearchHelper.GetUITestControlRecursive(Boolean useCache, Boolean alwaysSearch, ISearchArgument searchArg, IList`1 windowTitles, Int32&amp; timeLeft)
   at Microsoft.VisualStudio.TestTools.UITesting.SearchHelper.GetElement(Boolean useCache, ISearchArgument searchArg)
   at Microsoft.VisualStudio.TestTools.UITesting.SearchHelper.Search(ISearchArgument searchArg)
   at Microsoft.VisualStudio.TestTools.UITesting.UITestControl.FindInternal()
   at Microsoft.VisualStudio.TestTools.UITesting.UITestControl.FindControlIfNecessary()
   at Microsoft.VisualStudio.TestTools.UITesting.UITestControl.Click(MouseButtons button, ModifierKeys modifierKeys, Point relativeCoordinates)
   at Microsoft.VisualStudio.TestTools.UITesting.Mouse.ClickImplementation(UITestControl control, MouseButtons button, ModifierKeys modifierKeys, Point relativeCoordinate)
   at Microsoft.VisualStudio.TestTools.UITesting.Mouse.ClickImplementationWrapper(UITestControl control, MouseButtons button, ModifierKeys modifierKeys, Point relativeCoordinate)
W, 5176, 41, 2013/05/23, 10:32:39.259, 2468906099047, QTAgent32.exe, IEDOM : StopSession of the plugin called before StartSession
W, 5176, 41, 2013/05/23, 10:32:39.259, 2468906100102, QTAgent32.exe, UIA : StopSession of the plugin called before StartSession
</DebugTrace>
        <ErrorInfo>
          <Message>Test method Ver1.CodedUITest2.HouseRenewalBefore threw exception: 
Microsoft.VisualStudio.TestTools.UITest.Extension.UITestControlNotFoundException: The playback failed to find the control with the given search properties. Additional Details: 
TechnologyName:  'Web'
ControlType:  'Frame'
TagName:  'FRAME'
Id:  ''
Name:  'leftbar'
 ---&gt; System.Runtime.InteropServices.COMException: Error HRESULT E_FAIL has been returned from a call to a COM component.</Message>
          <StackTrace>    at Microsoft.VisualStudio.TestTools.UITest.Playback.Engine.IScreenElement.FindAllDescendants(String bstrQueryId, Object&amp; pvarResKeys, Int32 cResKeys, Int32 nMaxDepth)
   at Microsoft.VisualStudio.TestTools.UITest.Playback.ScreenElement.FindAllScreenElement(String queryId, Int32 depth, Boolean singleQueryId, Boolean throwException)
   at Microsoft.VisualStudio.TestTools.UITest.Playback.ScreenElement.FindScreenElement(String queryId, Int32 depth)
   at Microsoft.VisualStudio.TestTools.UITesting.UITestControl.FindFirstDescendant(String queryId, Int32 maxDepth, Int32&amp; timeLeft)
 --- End of inner exception stack trace ---
    at Microsoft.VisualStudio.TestTools.UITesting.Playback.MapControlNotFoundException(COMException ex, IPlaybackContext context)
   at Microsoft.VisualStudio.TestTools.UITesting.Playback.MapAndThrowComException(COMException innerException, IPlaybackContext context)
   at Microsoft.VisualStudio.TestTools.UITesting.Playback.MapAndThrowException(SystemException exception, IPlaybackContext context)
   at Microsoft.VisualStudio.TestTools.UITesting.Playback.MapAndThrowException(SystemException exception, String queryId)
   at Microsoft.VisualStudio.TestTools.UITesting.UITestControl.FindFirstDescendant(String queryId, Int32 maxDepth, Int32&amp; timeLeft)
   at Microsoft.VisualStudio.TestTools.UITesting.SearchHelper.GetUITestControlRecursive(Boolean useCache, Boolean alwaysSearch, ISearchArgument searchArg, IList`1 windowTitles, Int32&amp; timeLeft)
   at Microsoft.VisualStudio.TestTools.UITesting.SearchHelper.GetUITestControlRecursive(Boolean useCache, Boolean alwaysSearch, ISearchArgument searchArg, IList`1 windowTitles, Int32&amp; timeLeft)
   at Microsoft.VisualStudio.TestTools.UITesting.SearchHelper.GetUITestControlRecursive(Boolean useCache, Boolean alwaysSearch, ISearchArgument searchArg, IList`1 windowTitles, Int32&amp; timeLeft)
   at Microsoft.VisualStudio.TestTools.UITesting.SearchHelper.GetElement(Boolean useCache, ISearchArgument searchArg)
   at Microsoft.VisualStudio.TestTools.UITesting.SearchHelper.Search(ISearchArgument searchArg)
   at Microsoft.VisualStudio.TestTools.UITesting.UITestControl.FindInternal()
   at Microsoft.VisualStudio.TestTools.UITesting.UITestControl.FindControlIfNecessary()
   at Microsoft.VisualStudio.TestTools.UITesting.UITestControl.Click(MouseButtons button, ModifierKeys modifierKeys, Point relativeCoordinates)
   at Microsoft.VisualStudio.TestTools.UITesting.Mouse.ClickImplementation(UITestControl control, MouseButtons button, ModifierKeys modifierKeys, Point relativeCoordinate)
   at Microsoft.VisualStudio.TestTools.UITesting.Mouse.ClickImplementationWrapper(UITestControl control, MouseButtons button, ModifierKeys modifierKeys, Point relativeCoordinate)
   at Microsoft.VisualStudio.TestTools.UITesting.Mouse.Click(UITestControl control, Point relativeCoordinate)
   at Ver1.UIMap.OpenBrowser2() in C:\AutotestTam1205\TestProject7\UIMap.cs:line 248
   at Ver1.CodedUITest2.HouseRenewalBefore() in C:\AutotestTam1205\TestProject7\CodedUITest2.cs:line 1347
</StackTrace>
        </ErrorInfo>
      </Output>
      <ResultFiles>
        <ResultFile path="ICDVDEVTM01\HouseRenewalBefore.png" />
      </ResultFiles>
      <ExtensionResult>Exception has been thrown by the target of an invocation.</ExtensionResult>
    </UnitTestResult>
    <UnitTestResult executionId="8ed0fe69-c82c-4120-b20e-954419f26954" testId="85fea04a-2d22-da29-e2a5-a62a531bce65" testName="HouseRenewalAfter" computerName="ICDVDEVTM01" duration="00:00:27.1624492" startTime="2013-05-23T10:32:39.2861473+01:00" endTime="2013-05-23T10:33:06.4485965+01:00" testType="13cdc9d9-ddb5-4fa4-a97d-d965ccfc6d4b" outcome="Aborted" testListId="8c84fa94-04c1-424b-9868-57a2d4851a1d" relativeResultsDirectory="8ed0fe69-c82c-4120-b20e-954419f26954">
      <Output>
        <DebugTrace>W, 5176, 9, 2013/05/23, 10:32:43.560, 2468967675407, QTAgent32.exe, &lt;a class=success&gt;Playback - {1} [SUCCESS] MouseButtonClick - "[MSAA, VisibleOnly]ControlType='Edit'"
\0&lt;/a&gt;
W, 5176, 9, 2013/05/23, 10:32:43.758, 2468970518503, QTAgent32.exe, &lt;a class=success&gt;Playback - {2} [SUCCESS] SendKeys "[*]" - "[MSAA, VisibleOnly]ControlType='Edit'"
\0&lt;/a&gt;
W, 5176, 9, 2013/05/23, 10:32:44.000, 2468973976477, QTAgent32.exe, &lt;a class=success&gt;Playback - {3} [SUCCESS] MouseButtonClick - "[MSAA, VisibleOnly]ControlType='Button' &amp;&amp; Name='OK'"
\0&lt;/a&gt;
W, 5176, 9, 2013/05/23, 10:32:44.534, 2468981623009, QTAgent32.exe, &lt;a class=success&gt;Playback - {4} [SUCCESS] SendKeys "^{HOME}" - "[MSAA, VisibleOnly]ControlType='Edit'"
\0&lt;/a&gt;
E, 5176, 9, 2013/05/23, 10:32:44.534, 2468981624946, QTAgent32.exe, Msaa.GetFocusedElement: could not find accessible object of foreground window
W, 5176, 9, 2013/05/23, 10:32:44.588, 2468982395824, QTAgent32.exe, &lt;a class=success&gt;Playback - {5} [SUCCESS] SendKeys "^+{END}" - "[MSAA, VisibleOnly]ControlType='Edit'"
\0&lt;/a&gt;
E, 5176, 9, 2013/05/23, 10:32:44.588, 2468982397779, QTAgent32.exe, Msaa.GetFocusedElement: could not find accessible object of foreground window
W, 5176, 9, 2013/05/23, 10:32:44.602, 2468982597073, QTAgent32.exe, &lt;a class=success&gt;Playback - {6} [SUCCESS] SendKeys "{DELETE}" - "[MSAA, VisibleOnly]ControlType='Edit'"
\0&lt;/a&gt;
W, 5176, 9, 2013/05/23, 10:32:44.822, 2468985751511, QTAgent32.exe, &lt;a class=success&gt;Playback - {7} [SUCCESS] SetValueAsEditBox "23/05/2013" - "[MSAA, VisibleOnly]ControlType='Edit'"  &lt; Set via SendKeys &gt;
\0&lt;/a&gt;
W, 5176, 9, 2013/05/23, 10:32:45.108, 2468989850210, QTAgent32.exe, Playback - [WARNING] Internal warning: Incorrect flag set for InvokeProgrammaticAction\0
W, 5176, 9, 2013/05/23, 10:32:45.227, 2468991546786, QTAgent32.exe, &lt;a class=success&gt;Playback - {8} [SUCCESS] SetValueAsComboBox "May" - "[MSAA, VisibleOnly]ControlType='ComboBox'"  &lt; SetValueAsComboBox, set by clicking on the item in the list box &gt;
\0&lt;/a&gt;
W, 5176, 9, 2013/05/23, 10:32:45.389, 2468993873256, QTAgent32.exe, &lt;a class=success&gt;Playback - {9} [SUCCESS] SendKeys "^{HOME}" - "[MSAA, VisibleOnly]ControlType='Edit'"
\0&lt;/a&gt;
E, 5176, 9, 2013/05/23, 10:32:45.389, 2468993875166, QTAgent32.exe, Msaa.GetFocusedElement: could not find accessible object of foreground window
W, 5176, 9, 2013/05/23, 10:32:45.443, 2468994646854, QTAgent32.exe, &lt;a class=success&gt;Playback - {10} [SUCCESS] SendKeys "^+{END}" - "[MSAA, VisibleOnly]ControlType='Edit'"
\0&lt;/a&gt;
E, 5176, 9, 2013/05/23, 10:32:45.443, 2468994648458, QTAgent32.exe, Msaa.GetFocusedElement: could not find accessible object of foreground window
W, 5176, 9, 2013/05/23, 10:32:45.457, 2468994848338, QTAgent32.exe, &lt;a class=success&gt;Playback - {11} [SUCCESS] SendKeys "{DELETE}" - "[MSAA, VisibleOnly]ControlType='Edit'"
\0&lt;/a&gt;
W, 5176, 9, 2013/05/23, 10:32:45.557, 2468996283770, QTAgent32.exe, &lt;a class=success&gt;Playback - {12} [SUCCESS] SetValueAsEditBox "2013" - "[MSAA, VisibleOnly]ControlType='Edit'"  &lt; Set via SendKeys &gt;
\0&lt;/a&gt;
W, 5176, 9, 2013/05/23, 10:32:45.775, 2468999394254, QTAgent32.exe, &lt;a class=success&gt;Playback - {13} [SUCCESS] MouseButtonClick - "[MSAA, VisibleOnly]ControlType='Button' &amp;&amp; Name='OK'"
\0&lt;/a&gt;
W, 5176, 9, 2013/05/23, 10:32:46.455, 2469009131378, QTAgent32.exe, Playback - [WARNING] Internal warning: Window Not Found: [VisibleOnly]ControlType='Window' &amp;&amp; Name='Warning' &amp;&amp; ClassName='#32770'
\0
E, 5176, 9, 2013/05/23, 10:32:46.455, 2469009133422, QTAgent32.exe, &lt;a class=failure&gt;Playback - {14} [FAILED] Function ElementFetcher::FindScreenElement failed to locate UI element (Searching: ;[VisibleOnly]ControlType='Window' &amp;&amp; Name='Warning' &amp;&amp; ClassName='#32770') (The object specified was not found.)
\0&lt;/a&gt;
E, 5176, 9, 2013/05/23, 10:32:46.495, 2469009698469, QTAgent32.exe, Playback - [IMAGE] C:\Users\testuser\AppData\Local\Temp\UITestLogs\LastRun\RPF35C6.png
\0
W, 5176, 9, 2013/05/23, 10:32:46.495, 2469009700022, QTAgent32.exe, Playback - [WARNING] Internal warning: Couldn't find descendants that match QueryId
\0
W, 5176, 9, 2013/05/23, 10:32:46.495, 2469009702623, QTAgent32.exe, PERF WARNING: FindTopLevelWindowHelper::FindAllDescendents: took 615 ms. Expected it to take maximum 500 ms.
W, 5176, 9, 2013/05/23, 10:33:04.501, 2469267523412, QTAgent32.exe, Playback - [WARNING] Internal warning: Window Not Found: [VisibleOnly]ControlType='Window' &amp;&amp; Name='Warning' &amp;&amp; ClassName='#32770'
\0
E, 5176, 9, 2013/05/23, 10:33:04.501, 2469267525693, QTAgent32.exe, &lt;a class=failure&gt;Playback - {15} [FAILED] Function ElementFetcher::FindScreenElement failed to locate UI element (Searching: ;[VisibleOnly]ControlType='Window' &amp;&amp; Name='Warning' &amp;&amp; ClassName='#32770') (The object specified was not found.)
\0&lt;/a&gt;
E, 5176, 9, 2013/05/23, 10:33:04.542, 2469268103771, QTAgent32.exe, Playback - [IMAGE] C:\Users\testuser\AppData\Local\Temp\UITestLogs\LastRun\RPF7C49.png
\0
W, 5176, 9, 2013/05/23, 10:33:04.542, 2469268105968, QTAgent32.exe, Playback - [WARNING] Internal warning: Couldn't find descendants that match QueryId
\0
W, 5176, 9, 2013/05/23, 10:33:04.542, 2469268109097, QTAgent32.exe, PERF WARNING: FindTopLevelWindowHelper::FindAllDescendents: took 18047 ms. Expected it to take maximum 500 ms.
W, 5176, 9, 2013/05/23, 10:33:04.976, 2469274318623, QTAgent32.exe, Playback - [WARNING] Internal warning: Smart Match failed
\0
W, 5176, 9, 2013/05/23, 10:33:05.139, 2469276662008, QTAgent32.exe, Playback - [WARNING] Internal warning: Smart Match failed
\0
W, 5176, 9, 2013/05/23, 10:33:05.293, 2469278864642, QTAgent32.exe, Playback - [WARNING] Internal warning: Smart Match failed
\0
W, 5176, 9, 2013/05/23, 10:33:05.452, 2469281140653, QTAgent32.exe, Playback - [WARNING] Internal warning: Smart Match failed
\0
W, 5176, 9, 2013/05/23, 10:33:05.609, 2469283392352, QTAgent32.exe, Playback - [WARNING] Internal warning: Smart Match failed
\0
W, 5176, 9, 2013/05/23, 10:33:05.783, 2469285870158, QTAgent32.exe, Playback - [WARNING] Internal warning: Smart Match failed
\0
W, 5176, 9, 2013/05/23, 10:33:05.957, 2469288365450, QTAgent32.exe, Playback - [WARNING] Internal warning: Smart Match failed
\0
W, 5176, 9, 2013/05/23, 10:33:06.124, 2469290753426, QTAgent32.exe, Playback - [WARNING] Internal warning: Smart Match failed
\0
W, 5176, 9, 2013/05/23, 10:33:06.291, 2469293139057, QTAgent32.exe, Playback - [WARNING] Internal warning: Smart Match failed
\0
</DebugTrace>
        <ErrorInfo>
          <Message>User aborted test run.</Message>
        </ErrorInfo>
      </Output>
    </UnitTestResult>
    <UnitTestResult executionId="dea242df-47b5-40c4-8e68-c274ce11daf6" testId="0141781e-e8c8-68a2-deee-13f636ac4d13" testName="HouseAmendRiskExistingScheme" computerName="ICLVDEVTL" testType="13cdc9d9-ddb5-4fa4-a97d-d965ccfc6d4b" outcome="NotExecuted" testListId="8c84fa94-04c1-424b-9868-57a2d4851a1d" relativeResultsDirectory="dea242df-47b5-40c4-8e68-c274ce11daf6">
    </UnitTestResult>
    <UnitTestResult executionId="226eddb4-9ee1-4460-a4f2-67cdd6fb71f0" testId="e785005d-7402-4f52-14ec-dba919726f7b" testName="HouseAmendRiskNewScheme" computerName="ICLVDEVTL" testType="13cdc9d9-ddb5-4fa4-a97d-d965ccfc6d4b" outcome="NotExecuted" testListId="8c84fa94-04c1-424b-9868-57a2d4851a1d" relativeResultsDirectory="226eddb4-9ee1-4460-a4f2-67cdd6fb71f0">
    </UnitTestResult>
    <UnitTestResult executionId="a40a43db-6263-4e79-b139-23973327654e" testId="1f8782a3-4d48-8c5d-f81c-c88ed9c281c4" testName="HouseRebrokeRenewCurrent" computerName="ICLVDEVTL" testType="13cdc9d9-ddb5-4fa4-a97d-d965ccfc6d4b" outcome="NotExecuted" testListId="8c84fa94-04c1-424b-9868-57a2d4851a1d" relativeResultsDirectory="a40a43db-6263-4e79-b139-23973327654e">
    </UnitTestResult>
    <UnitTestResult executionId="7f20b08e-ce23-4b0b-9d67-24dbf5d591dc" testId="a0f51a54-7cb2-4ad5-9dc0-3545e9f02b07" testName="HouseRebrokeRenewExistingScheme" computerName="ICLVDEVTL" testType="13cdc9d9-ddb5-4fa4-a97d-d965ccfc6d4b" outcome="NotExecuted" testListId="8c84fa94-04c1-424b-9868-57a2d4851a1d" relativeResultsDirectory="7f20b08e-ce23-4b0b-9d67-24dbf5d591dc">
    </UnitTestResult>
    <UnitTestResult executionId="6f41a2ef-0e92-452c-b565-fff11c70b133" testId="49954a0c-626b-cfff-45f2-8522f1cf2034" testName="HouseRebrokeRenewNewScheme" computerName="ICLVDEVTL" testType="13cdc9d9-ddb5-4fa4-a97d-d965ccfc6d4b" outcome="NotExecuted" testListId="8c84fa94-04c1-424b-9868-57a2d4851a1d" relativeResultsDirectory="6f41a2ef-0e92-452c-b565-fff11c70b133">
    </UnitTestResult>
  </Results>
</TestRun>