<?xml version="1.0" encoding="UTF-8"?>
<TestRun id="52e27b71-3ad8-4c17-9ca7-b91088286c84" name="testuser@ICLVDEVTL 2013-05-23 09:14:32" runUser="ICLVDEVTL\testuser" xmlns="http://microsoft.com/schemas/VisualStudio/TeamTest/2010">
  <TestSettings name="RemoteSetting" id="5c3ed885-967b-4862-a1a8-8a2764ec6e39">
    <Description>These are default test settings for a local test run.</Description>
    <Deployment runDeploymentRoot="testuser_ICLVDEVTL 2013-05-23 09_14_32">
      <DeploymentItem filename="C:\TestLinkFixture.dll" />
      <DeploymentItem filename="C:\CookComputing.XmlRpcV2.dll" />
      <DeploymentItem filename="C:\TestLinkAPI.dll" />
    </Deployment>
    <RemoteController name="ICLVDEVTL" />
    <Execution location="Remote">
      <TestTypeSpecific>
        <UnitTestRunConfig testTypeId="13cdc9d9-ddb5-4fa4-a97d-d965ccfc6d4b">
          <AssemblyResolution>
            <TestDirectory useLoadContext="true" />
          </AssemblyResolution>
        </UnitTestRunConfig>
      </TestTypeSpecific>
      <AgentRule name="New role 1">
      </AgentRule>
    </Execution>
  </TestSettings>
  <Times creation="2013-05-23T09:14:32.0625362+01:00" queuing="2013-05-23T09:14:33.9816460+01:00" start="2013-05-23T09:14:39.8759831+01:00" finish="2013-05-23T09:38:30.3988043+01:00" />
  <ResultSummary outcome="Failed">
    <Counters total="14" executed="14" passed="1" error="0" failed="13" timeout="0" aborted="0" inconclusive="0" passedButRunAborted="0" notRunnable="0" notExecuted="0" disconnected="0" warning="0" completed="0" inProgress="0" pending="0" />
  </ResultSummary>
  <TestDefinitions>
    <UnitTest name="HouseRebrokeRenewNewScheme" storage="c:\autotesttam1205\testproject7\bin\debug\ver1.dll" id="49954a0c-626b-cfff-45f2-8522f1cf2034">
      <Execution id="425bce29-4123-4269-981f-cefa14d0ccf1" />
      <TestMethod codeBase="C:/AutotestTam1205/TestProject7/bin/Debug/Ver1.DLL" adapterTypeName="Microsoft.VisualStudio.TestTools.TestTypes.Unit.UnitTestAdapter, Microsoft.VisualStudio.QualityTools.Tips.UnitTest.Adapter, Version=10.0.0.0, Culture=neutral, PublicKeyToken=b03f5f7f11d50a3a" className="Ver1.CodedUITest2, Ver1, Version=1.0.0.0, Culture=neutral, PublicKeyToken=null" name="HouseRebrokeRenewNewScheme" />
      <Extension>Microsoft.VisualStudio.TestTools.UITesting.CodedUITestAttribute, Microsoft.VisualStudio.QualityTools.CodedUITestFramework, Version=10.0.0.0, Culture=neutral, PublicKeyToken=b03f5f7f11d50a3a</Extension>
    </UnitTest>
    <UnitTest name="HouseRebrokeRenewCurrent" storage="c:\autotesttam1205\testproject7\bin\debug\ver1.dll" id="1f8782a3-4d48-8c5d-f81c-c88ed9c281c4">
      <Execution id="0b3030c7-b94f-4288-bd6e-39d124d8c219" />
      <TestMethod codeBase="C:/AutotestTam1205/TestProject7/bin/Debug/Ver1.DLL" adapterTypeName="Microsoft.VisualStudio.TestTools.TestTypes.Unit.UnitTestAdapter, Microsoft.VisualStudio.QualityTools.Tips.UnitTest.Adapter, Version=10.0.0.0, Culture=neutral, PublicKeyToken=b03f5f7f11d50a3a" className="Ver1.CodedUITest2, Ver1, Version=1.0.0.0, Culture=neutral, PublicKeyToken=null" name="HouseRebrokeRenewCurrent" />
      <Extension>Microsoft.VisualStudio.TestTools.UITesting.CodedUITestAttribute, Microsoft.VisualStudio.QualityTools.CodedUITestFramework, Version=10.0.0.0, Culture=neutral, PublicKeyToken=b03f5f7f11d50a3a</Extension>
    </UnitTest>
    <UnitTest name="HouseRenewalBefore" storage="c:\autotesttam1205\testproject7\bin\debug\ver1.dll" id="092560b0-34b4-ac01-6d5d-c895bfb1f95f">
      <Execution id="e1a84217-5ca5-4a1f-b6bd-caa109d6ffe8" />
      <TestMethod codeBase="C:/AutotestTam1205/TestProject7/bin/Debug/Ver1.DLL" adapterTypeName="Microsoft.VisualStudio.TestTools.TestTypes.Unit.UnitTestAdapter, Microsoft.VisualStudio.QualityTools.Tips.UnitTest.Adapter, Version=10.0.0.0, Culture=neutral, PublicKeyToken=b03f5f7f11d50a3a" className="Ver1.CodedUITest2, Ver1, Version=1.0.0.0, Culture=neutral, PublicKeyToken=null" name="HouseRenewalBefore" />
      <Extension>Microsoft.VisualStudio.TestTools.UITesting.CodedUITestAttribute, Microsoft.VisualStudio.QualityTools.CodedUITestFramework, Version=10.0.0.0, Culture=neutral, PublicKeyToken=b03f5f7f11d50a3a</Extension>
    </UnitTest>
    <UnitTest name="HouseAmendRiskExistingScheme" storage="c:\autotesttam1205\testproject7\bin\debug\ver1.dll" id="0141781e-e8c8-68a2-deee-13f636ac4d13">
      <Execution id="4865942a-4fab-43cf-8dd8-13c306594422" />
      <TestMethod codeBase="C:/AutotestTam1205/TestProject7/bin/Debug/Ver1.DLL" adapterTypeName="Microsoft.VisualStudio.TestTools.TestTypes.Unit.UnitTestAdapter, Microsoft.VisualStudio.QualityTools.Tips.UnitTest.Adapter, Version=10.0.0.0, Culture=neutral, PublicKeyToken=b03f5f7f11d50a3a" className="Ver1.CodedUITest2, Ver1, Version=1.0.0.0, Culture=neutral, PublicKeyToken=null" name="HouseAmendRiskExistingScheme" />
      <Extension>Microsoft.VisualStudio.TestTools.UITesting.CodedUITestAttribute, Microsoft.VisualStudio.QualityTools.CodedUITestFramework, Version=10.0.0.0, Culture=neutral, PublicKeyToken=b03f5f7f11d50a3a</Extension>
    </UnitTest>
    <UnitTest name="MotoRenewalBefore" storage="c:\autotesttam1205\testproject7\bin\debug\ver1.dll" id="8196ee92-3f40-1de5-fd1f-ad718adde127">
      <Execution id="1a075c25-0b0d-474d-bcd1-8025756aba5d" />
      <TestMethod codeBase="C:/AutotestTam1205/TestProject7/bin/Debug/Ver1.DLL" adapterTypeName="Microsoft.VisualStudio.TestTools.TestTypes.Unit.UnitTestAdapter, Microsoft.VisualStudio.QualityTools.Tips.UnitTest.Adapter, Version=10.0.0.0, Culture=neutral, PublicKeyToken=b03f5f7f11d50a3a" className="Ver1.CodedUITest2, Ver1, Version=1.0.0.0, Culture=neutral, PublicKeyToken=null" name="MotoRenewalBefore" />
      <Extension>Microsoft.VisualStudio.TestTools.UITesting.CodedUITestAttribute, Microsoft.VisualStudio.QualityTools.CodedUITestFramework, Version=10.0.0.0, Culture=neutral, PublicKeyToken=b03f5f7f11d50a3a</Extension>
    </UnitTest>
    <UnitTest name="HouseRenewalAfter" storage="c:\autotesttam1205\testproject7\bin\debug\ver1.dll" id="85fea04a-2d22-da29-e2a5-a62a531bce65">
      <Execution id="fd24228a-6d37-4d1c-b9cd-126949549533" />
      <TestMethod codeBase="C:/AutotestTam1205/TestProject7/bin/Debug/Ver1.DLL" adapterTypeName="Microsoft.VisualStudio.TestTools.TestTypes.Unit.UnitTestAdapter, Microsoft.VisualStudio.QualityTools.Tips.UnitTest.Adapter, Version=10.0.0.0, Culture=neutral, PublicKeyToken=b03f5f7f11d50a3a" className="Ver1.CodedUITest2, Ver1, Version=1.0.0.0, Culture=neutral, PublicKeyToken=null" name="HouseRenewalAfter" />
      <Extension>Microsoft.VisualStudio.TestTools.UITesting.CodedUITestAttribute, Microsoft.VisualStudio.QualityTools.CodedUITestFramework, Version=10.0.0.0, Culture=neutral, PublicKeyToken=b03f5f7f11d50a3a</Extension>
    </UnitTest>
    <UnitTest name="MotoRebrokeRenewCurrent" storage="c:\autotesttam1205\testproject7\bin\debug\ver1.dll" id="311133ab-01d5-f9e4-d13b-e35f37a745ec">
      <Execution id="bec7be28-b1fa-4f1b-9e12-5f299e90791b" />
      <TestMethod codeBase="C:/AutotestTam1205/TestProject7/bin/Debug/Ver1.DLL" adapterTypeName="Microsoft.VisualStudio.TestTools.TestTypes.Unit.UnitTestAdapter, Microsoft.VisualStudio.QualityTools.Tips.UnitTest.Adapter, Version=10.0.0.0, Culture=neutral, PublicKeyToken=b03f5f7f11d50a3a" className="Ver1.CodedUITest2, Ver1, Version=1.0.0.0, Culture=neutral, PublicKeyToken=null" name="MotoRebrokeRenewCurrent" />
      <Extension>Microsoft.VisualStudio.TestTools.UITesting.CodedUITestAttribute, Microsoft.VisualStudio.QualityTools.CodedUITestFramework, Version=10.0.0.0, Culture=neutral, PublicKeyToken=b03f5f7f11d50a3a</Extension>
    </UnitTest>
    <UnitTest name="MotoAmendRiskExistingScheme" storage="c:\autotesttam1205\testproject7\bin\debug\ver1.dll" id="f84db9d6-ecb4-ffa9-b047-9aeb5fc142ad">
      <Execution id="6f4c7b63-a06f-4e2c-910a-422d6889c879" />
      <TestMethod codeBase="C:/AutotestTam1205/TestProject7/bin/Debug/Ver1.DLL" adapterTypeName="Microsoft.VisualStudio.TestTools.TestTypes.Unit.UnitTestAdapter, Microsoft.VisualStudio.QualityTools.Tips.UnitTest.Adapter, Version=10.0.0.0, Culture=neutral, PublicKeyToken=b03f5f7f11d50a3a" className="Ver1.CodedUITest2, Ver1, Version=1.0.0.0, Culture=neutral, PublicKeyToken=null" name="MotoAmendRiskExistingScheme" />
      <Extension>Microsoft.VisualStudio.TestTools.UITesting.CodedUITestAttribute, Microsoft.VisualStudio.QualityTools.CodedUITestFramework, Version=10.0.0.0, Culture=neutral, PublicKeyToken=b03f5f7f11d50a3a</Extension>
    </UnitTest>
    <UnitTest name="MotoAmendRiskNewScheme" storage="c:\autotesttam1205\testproject7\bin\debug\ver1.dll" id="c2bdfe5e-303e-353b-48c9-82acf8c043b4">
      <Execution id="a20d3d7e-4c3e-4df9-9f1f-65a6cfcd74b8" />
      <TestMethod codeBase="C:/AutotestTam1205/TestProject7/bin/Debug/Ver1.DLL" adapterTypeName="Microsoft.VisualStudio.TestTools.TestTypes.Unit.UnitTestAdapter, Microsoft.VisualStudio.QualityTools.Tips.UnitTest.Adapter, Version=10.0.0.0, Culture=neutral, PublicKeyToken=b03f5f7f11d50a3a" className="Ver1.CodedUITest2, Ver1, Version=1.0.0.0, Culture=neutral, PublicKeyToken=null" name="MotoAmendRiskNewScheme" />
      <Extension>Microsoft.VisualStudio.TestTools.UITesting.CodedUITestAttribute, Microsoft.VisualStudio.QualityTools.CodedUITestFramework, Version=10.0.0.0, Culture=neutral, PublicKeyToken=b03f5f7f11d50a3a</Extension>
    </UnitTest>
    <UnitTest name="MotoRebrokeRenewNewScheme" storage="c:\autotesttam1205\testproject7\bin\debug\ver1.dll" id="72861ca4-760f-1d55-3273-faac7fb22762">
      <Execution id="4553225b-b61f-4f22-899c-439a55581453" />
      <TestMethod codeBase="C:/AutotestTam1205/TestProject7/bin/Debug/Ver1.DLL" adapterTypeName="Microsoft.VisualStudio.TestTools.TestTypes.Unit.UnitTestAdapter, Microsoft.VisualStudio.QualityTools.Tips.UnitTest.Adapter, Version=10.0.0.0, Culture=neutral, PublicKeyToken=b03f5f7f11d50a3a" className="Ver1.CodedUITest2, Ver1, Version=1.0.0.0, Culture=neutral, PublicKeyToken=null" name="MotoRebrokeRenewNewScheme" />
      <Extension>Microsoft.VisualStudio.TestTools.UITesting.CodedUITestAttribute, Microsoft.VisualStudio.QualityTools.CodedUITestFramework, Version=10.0.0.0, Culture=neutral, PublicKeyToken=b03f5f7f11d50a3a</Extension>
    </UnitTest>
    <UnitTest name="HouseRebrokeRenewExistingScheme" storage="c:\autotesttam1205\testproject7\bin\debug\ver1.dll" id="a0f51a54-7cb2-4ad5-9dc0-3545e9f02b07">
      <Execution id="b38891ca-0384-4673-9b08-d91fd1ef27af" />
      <TestMethod codeBase="C:/AutotestTam1205/TestProject7/bin/Debug/Ver1.DLL" adapterTypeName="Microsoft.VisualStudio.TestTools.TestTypes.Unit.UnitTestAdapter, Microsoft.VisualStudio.QualityTools.Tips.UnitTest.Adapter, Version=10.0.0.0, Culture=neutral, PublicKeyToken=b03f5f7f11d50a3a" className="Ver1.CodedUITest2, Ver1, Version=1.0.0.0, Culture=neutral, PublicKeyToken=null" name="HouseRebrokeRenewExistingScheme" />
      <Extension>Microsoft.VisualStudio.TestTools.UITesting.CodedUITestAttribute, Microsoft.VisualStudio.QualityTools.CodedUITestFramework, Version=10.0.0.0, Culture=neutral, PublicKeyToken=b03f5f7f11d50a3a</Extension>
    </UnitTest>
    <UnitTest name="MotoRebrokeRenewExistingScheme" storage="c:\autotesttam1205\testproject7\bin\debug\ver1.dll" id="a5f54e40-1bf8-ce13-c337-6a02b2b7e5d4">
      <Execution id="6fe92b64-86fd-44fc-bf74-01cfa99f2448" />
      <TestMethod codeBase="C:/AutotestTam1205/TestProject7/bin/Debug/Ver1.DLL" adapterTypeName="Microsoft.VisualStudio.TestTools.TestTypes.Unit.UnitTestAdapter, Microsoft.VisualStudio.QualityTools.Tips.UnitTest.Adapter, Version=10.0.0.0, Culture=neutral, PublicKeyToken=b03f5f7f11d50a3a" className="Ver1.CodedUITest2, Ver1, Version=1.0.0.0, Culture=neutral, PublicKeyToken=null" name="MotoRebrokeRenewExistingScheme" />
      <Extension>Microsoft.VisualStudio.TestTools.UITesting.CodedUITestAttribute, Microsoft.VisualStudio.QualityTools.CodedUITestFramework, Version=10.0.0.0, Culture=neutral, PublicKeyToken=b03f5f7f11d50a3a</Extension>
    </UnitTest>
    <UnitTest name="HouseAmendRiskNewScheme" storage="c:\autotesttam1205\testproject7\bin\debug\ver1.dll" id="e785005d-7402-4f52-14ec-dba919726f7b">
      <Execution id="bff4f702-8917-4ecb-b740-1f1a2edf8762" />
      <TestMethod codeBase="C:/AutotestTam1205/TestProject7/bin/Debug/Ver1.DLL" adapterTypeName="Microsoft.VisualStudio.TestTools.TestTypes.Unit.UnitTestAdapter, Microsoft.VisualStudio.QualityTools.Tips.UnitTest.Adapter, Version=10.0.0.0, Culture=neutral, PublicKeyToken=b03f5f7f11d50a3a" className="Ver1.CodedUITest2, Ver1, Version=1.0.0.0, Culture=neutral, PublicKeyToken=null" name="HouseAmendRiskNewScheme" />
      <Extension>Microsoft.VisualStudio.TestTools.UITesting.CodedUITestAttribute, Microsoft.VisualStudio.QualityTools.CodedUITestFramework, Version=10.0.0.0, Culture=neutral, PublicKeyToken=b03f5f7f11d50a3a</Extension>
    </UnitTest>
    <UnitTest name="MotoRenewalAfter" storage="c:\autotesttam1205\testproject7\bin\debug\ver1.dll" id="59ab65b8-39fb-2b8e-741c-56360969c63c">
      <Execution id="9b9b5238-80e4-41ca-a73e-1c5704c72913" />
      <TestMethod codeBase="C:/AutotestTam1205/TestProject7/bin/Debug/Ver1.DLL" adapterTypeName="Microsoft.VisualStudio.TestTools.TestTypes.Unit.UnitTestAdapter, Microsoft.VisualStudio.QualityTools.Tips.UnitTest.Adapter, Version=10.0.0.0, Culture=neutral, PublicKeyToken=b03f5f7f11d50a3a" className="Ver1.CodedUITest2, Ver1, Version=1.0.0.0, Culture=neutral, PublicKeyToken=null" name="MotoRenewalAfter" />
      <Extension>Microsoft.VisualStudio.TestTools.UITesting.CodedUITestAttribute, Microsoft.VisualStudio.QualityTools.CodedUITestFramework, Version=10.0.0.0, Culture=neutral, PublicKeyToken=b03f5f7f11d50a3a</Extension>
    </UnitTest>
  </TestDefinitions>
  <TestLists>
    <TestList name="Results Not in a List" id="8c84fa94-04c1-424b-9868-57a2d4851a1d" />
    <TestList name="All Loaded Results" id="19431567-8539-422a-85d7-44ee4e166bda" />
  </TestLists>
  <TestEntries>
    <TestEntry testId="8196ee92-3f40-1de5-fd1f-ad718adde127" executionId="1a075c25-0b0d-474d-bcd1-8025756aba5d" testListId="8c84fa94-04c1-424b-9868-57a2d4851a1d" />
    <TestEntry testId="59ab65b8-39fb-2b8e-741c-56360969c63c" executionId="9b9b5238-80e4-41ca-a73e-1c5704c72913" testListId="8c84fa94-04c1-424b-9868-57a2d4851a1d" />
    <TestEntry testId="f84db9d6-ecb4-ffa9-b047-9aeb5fc142ad" executionId="6f4c7b63-a06f-4e2c-910a-422d6889c879" testListId="8c84fa94-04c1-424b-9868-57a2d4851a1d" />
    <TestEntry testId="c2bdfe5e-303e-353b-48c9-82acf8c043b4" executionId="a20d3d7e-4c3e-4df9-9f1f-65a6cfcd74b8" testListId="8c84fa94-04c1-424b-9868-57a2d4851a1d" />
    <TestEntry testId="311133ab-01d5-f9e4-d13b-e35f37a745ec" executionId="bec7be28-b1fa-4f1b-9e12-5f299e90791b" testListId="8c84fa94-04c1-424b-9868-57a2d4851a1d" />
    <TestEntry testId="a5f54e40-1bf8-ce13-c337-6a02b2b7e5d4" executionId="6fe92b64-86fd-44fc-bf74-01cfa99f2448" testListId="8c84fa94-04c1-424b-9868-57a2d4851a1d" />
    <TestEntry testId="72861ca4-760f-1d55-3273-faac7fb22762" executionId="4553225b-b61f-4f22-899c-439a55581453" testListId="8c84fa94-04c1-424b-9868-57a2d4851a1d" />
    <TestEntry testId="092560b0-34b4-ac01-6d5d-c895bfb1f95f" executionId="e1a84217-5ca5-4a1f-b6bd-caa109d6ffe8" testListId="8c84fa94-04c1-424b-9868-57a2d4851a1d" />
    <TestEntry testId="85fea04a-2d22-da29-e2a5-a62a531bce65" executionId="fd24228a-6d37-4d1c-b9cd-126949549533" testListId="8c84fa94-04c1-424b-9868-57a2d4851a1d" />
    <TestEntry testId="0141781e-e8c8-68a2-deee-13f636ac4d13" executionId="4865942a-4fab-43cf-8dd8-13c306594422" testListId="8c84fa94-04c1-424b-9868-57a2d4851a1d" />
    <TestEntry testId="e785005d-7402-4f52-14ec-dba919726f7b" executionId="bff4f702-8917-4ecb-b740-1f1a2edf8762" testListId="8c84fa94-04c1-424b-9868-57a2d4851a1d" />
    <TestEntry testId="1f8782a3-4d48-8c5d-f81c-c88ed9c281c4" executionId="0b3030c7-b94f-4288-bd6e-39d124d8c219" testListId="8c84fa94-04c1-424b-9868-57a2d4851a1d" />
    <TestEntry testId="a0f51a54-7cb2-4ad5-9dc0-3545e9f02b07" executionId="b38891ca-0384-4673-9b08-d91fd1ef27af" testListId="8c84fa94-04c1-424b-9868-57a2d4851a1d" />
    <TestEntry testId="49954a0c-626b-cfff-45f2-8522f1cf2034" executionId="425bce29-4123-4269-981f-cefa14d0ccf1" testListId="8c84fa94-04c1-424b-9868-57a2d4851a1d" />
  </TestEntries>
  <Results>
    <UnitTestResult executionId="1a075c25-0b0d-474d-bcd1-8025756aba5d" testId="8196ee92-3f40-1de5-fd1f-ad718adde127" testName="MotoRenewalBefore" computerName="ICDVDEVTM01" duration="00:07:32.9267763" startTime="2013-05-23T09:17:58.4306509+01:00" endTime="2013-05-23T09:25:33.4224275+01:00" testType="13cdc9d9-ddb5-4fa4-a97d-d965ccfc6d4b" outcome="Passed" testListId="8c84fa94-04c1-424b-9868-57a2d4851a1d" relativeResultsDirectory="1a075c25-0b0d-474d-bcd1-8025756aba5d">
      <Output>
        <DebugTrace>W, 5176, 15, 2013/05/23, 09:18:07.864, 2404883852603, QTAgent32.exe, &lt;a class=success&gt;Playback - {1} [SUCCESS] MouseButtonClick - "[MSAA, VisibleOnly]ControlType='Edit'"
\0&lt;/a&gt;
W, 5176, 15, 2013/05/23, 09:18:08.075, 2404886879034, QTAgent32.exe, &lt;a class=success&gt;Playback - {2} [SUCCESS] SendKeys "[*]" - "[MSAA, VisibleOnly]ControlType='Edit'"
\0&lt;/a&gt;
W, 5176, 15, 2013/05/23, 09:18:09.118, 2404901798878, QTAgent32.exe, &lt;a class=success&gt;Playback - {3} [SUCCESS] MouseButtonClick - "[MSAA, VisibleOnly]ControlType='Button' &amp;&amp; Name='OK'"
\0&lt;/a&gt;
E, 5176, 15, 2013/05/23, 09:18:09.430, 2404906274054, QTAgent32.exe, LoadLibrary() : Unable to find the resource 37382 from assembly C:\Windows\system32\en-US\ieframe.dll.mui: Error1814
E, 5176, 15, 2013/05/23, 09:18:09.431, 2404906280947, QTAgent32.exe, LoadLibrary() : Unable to find the resource 41728 from assembly C:\Windows\system32\en-US\ieframe.dll.mui: Error1814
E, 5176, 15, 2013/05/23, 09:18:09.431, 2404906283209, QTAgent32.exe, LoadLibrary() : Unable to find the resource 8131 from assembly C:\Windows\system32\en-US\ieframe.dll.mui: Error1814
E, 5176, 15, 2013/05/23, 09:18:09.431, 2404906286098, QTAgent32.exe, LoadLibrary() : Unable to find the resource 8131 from assembly C:\Windows\system32\en-US\ieframe.dll.mui: Error1814
E, 5176, 15, 2013/05/23, 09:18:09.431, 2404906290314, QTAgent32.exe, LoadLibrary() : Unable to find the resource 8131 from assembly C:\Windows\system32\en-US\ieframe.dll.mui: Error1814
E, 5176, 15, 2013/05/23, 09:18:09.432, 2404906295495, QTAgent32.exe, LoadLibrary() : Unable to find the resource 803 from assembly C:\Windows\system32\en-US\user32.dll.mui: Error1814
W, 5176, 15, 2013/05/23, 09:18:09.552, 2404908020697, QTAgent32.exe, &lt;a class=success&gt;Playback - {4} [SUCCESS] SendKeys "^{HOME}" - "[MSAA, VisibleOnly]ControlType='Edit'"
\0&lt;/a&gt;
E, 5176, 15, 2013/05/23, 09:18:09.554, 2404908050388, QTAgent32.exe, Msaa.GetFocusedElement: could not find accessible object of foreground window
W, 5176, 15, 2013/05/23, 09:18:09.696, 2404910084850, QTAgent32.exe, &lt;a class=success&gt;Playback - {5} [SUCCESS] SendKeys "^+{END}" - "[MSAA, VisibleOnly]ControlType='Edit'"
\0&lt;/a&gt;
E, 5176, 15, 2013/05/23, 09:18:09.696, 2404910086849, QTAgent32.exe, Msaa.GetFocusedElement: could not find accessible object of foreground window
W, 5176, 15, 2013/05/23, 09:18:09.721, 2404910433839, QTAgent32.exe, &lt;a class=success&gt;Playback - {6} [SUCCESS] SendKeys "{DELETE}" - "[MSAA, VisibleOnly]ControlType='Edit'"
\0&lt;/a&gt;
W, 5176, 15, 2013/05/23, 09:18:09.940, 2404913576398, QTAgent32.exe, &lt;a class=success&gt;Playback - {7} [SUCCESS] SetValueAsEditBox "23/05/2013" - "[MSAA, VisibleOnly]ControlType='Edit'"  &lt; Set via SendKeys &gt;
\0&lt;/a&gt;
W, 5176, 15, 2013/05/23, 09:18:10.285, 2404918509264, QTAgent32.exe, Playback - [WARNING] Internal warning: Incorrect flag set for InvokeProgrammaticAction\0
W, 5176, 15, 2013/05/23, 09:18:10.406, 2404920251963, QTAgent32.exe, &lt;a class=success&gt;Playback - {8} [SUCCESS] SetValueAsComboBox "May" - "[MSAA, VisibleOnly]ControlType='ComboBox'"  &lt; SetValueAsComboBox, set by clicking on the item in the list box &gt;
\0&lt;/a&gt;
W, 5176, 15, 2013/05/23, 09:18:10.620, 2404923316842, QTAgent32.exe, &lt;a class=success&gt;Playback - {9} [SUCCESS] SendKeys "^{HOME}" - "[MSAA, VisibleOnly]ControlType='Edit'"
\0&lt;/a&gt;
E, 5176, 15, 2013/05/23, 09:18:10.620, 2404923319084, QTAgent32.exe, Msaa.GetFocusedElement: could not find accessible object of foreground window
W, 5176, 15, 2013/05/23, 09:18:10.704, 2404924517334, QTAgent32.exe, &lt;a class=success&gt;Playback - {10} [SUCCESS] SendKeys "^+{END}" - "[MSAA, VisibleOnly]ControlType='Edit'"
\0&lt;/a&gt;
E, 5176, 15, 2013/05/23, 09:18:10.707, 2404924555726, QTAgent32.exe, Msaa.GetFocusedElement: could not find accessible object of foreground window
W, 5176, 15, 2013/05/23, 09:18:10.757, 2404925268786, QTAgent32.exe, &lt;a class=success&gt;Playback - {11} [SUCCESS] SendKeys "{DELETE}" - "[MSAA, VisibleOnly]ControlType='Edit'"
\0&lt;/a&gt;
W, 5176, 15, 2013/05/23, 09:18:10.902, 2404927351437, QTAgent32.exe, &lt;a class=success&gt;Playback - {12} [SUCCESS] SetValueAsEditBox "2013" - "[MSAA, VisibleOnly]ControlType='Edit'"  &lt; Set via SendKeys &gt;
\0&lt;/a&gt;
W, 5176, 15, 2013/05/23, 09:18:12.545, 2404950882406, QTAgent32.exe, &lt;a class=success&gt;Playback - {13} [SUCCESS] MouseButtonClick - "[MSAA, VisibleOnly]ControlType='Button' &amp;&amp; Name='OK'"
\0&lt;/a&gt;
W, 5176, 15, 2013/05/23, 09:18:13.179, 2404959949108, QTAgent32.exe, Playback - [WARNING] Internal warning: Window Not Found: [VisibleOnly]ControlType='Window' &amp;&amp; Name='Warning' &amp;&amp; ClassName='#32770'
\0
E, 5176, 15, 2013/05/23, 09:18:13.189, 2404960096062, QTAgent32.exe, &lt;a class=failure&gt;Playback - {14} [FAILED] Function ElementFetcher::FindScreenElement failed to locate UI element (Searching: ;[VisibleOnly]ControlType='Window' &amp;&amp; Name='Warning' &amp;&amp; ClassName='#32770') (The object specified was not found.)
\0&lt;/a&gt;
E, 5176, 15, 2013/05/23, 09:18:13.450, 2404963829274, QTAgent32.exe, Playback - [IMAGE] C:\Users\testuser\AppData\Local\Temp\UITestLogs\LastRun\RPFF2EA.png
\0
W, 5176, 15, 2013/05/23, 09:18:13.450, 2404963830789, QTAgent32.exe, Playback - [WARNING] Internal warning: Couldn't find descendants that match QueryId
\0
W, 5176, 15, 2013/05/23, 09:18:13.459, 2404963957025, QTAgent32.exe, PERF WARNING: FindTopLevelWindowHelper::FindAllDescendents: took 806 ms. Expected it to take maximum 500 ms.
W, 5176, 15, 2013/05/23, 09:18:31.550, 2405222992103, QTAgent32.exe, Playback - [WARNING] Internal warning: Window Not Found: [VisibleOnly]ControlType='Window' &amp;&amp; Name='Warning' &amp;&amp; ClassName='#32770'
\0
E, 5176, 15, 2013/05/23, 09:18:31.550, 2405222994400, QTAgent32.exe, &lt;a class=failure&gt;Playback - {15} [FAILED] Function ElementFetcher::FindScreenElement failed to locate UI element (Searching: ;[VisibleOnly]ControlType='Window' &amp;&amp; Name='Warning' &amp;&amp; ClassName='#32770') (The object specified was not found.)
\0&lt;/a&gt;
E, 5176, 15, 2013/05/23, 09:18:31.616, 2405223941967, QTAgent32.exe, Playback - [IMAGE] C:\Users\testuser\AppData\Local\Temp\UITestLogs\LastRun\RPF3AA4.png
\0
W, 5176, 15, 2013/05/23, 09:18:31.617, 2405223955264, QTAgent32.exe, Playback - [WARNING] Internal warning: Couldn't find descendants that match QueryId
\0
W, 5176, 15, 2013/05/23, 09:18:31.618, 2405223969470, QTAgent32.exe, PERF WARNING: FindTopLevelWindowHelper::FindAllDescendents: took 18094 ms. Expected it to take maximum 500 ms.
W, 5176, 15, 2013/05/23, 09:18:32.599, 2405238021702, QTAgent32.exe, Playback - [WARNING] Internal warning: Smart Match failed
\0
W, 5176, 15, 2013/05/23, 09:18:32.805, 2405240963554, QTAgent32.exe, Playback - [WARNING] Internal warning: Smart Match failed
\0
W, 5176, 15, 2013/05/23, 09:18:32.955, 2405243105092, QTAgent32.exe, Playback - [WARNING] Internal warning: Smart Match failed
\0
W, 5176, 15, 2013/05/23, 09:18:33.105, 2405245261044, QTAgent32.exe, Playback - [WARNING] Internal warning: Smart Match failed
\0
W, 5176, 15, 2013/05/23, 09:18:33.256, 2405247421020, QTAgent32.exe, Playback - [WARNING] Internal warning: Smart Match failed
\0
W, 5176, 15, 2013/05/23, 09:18:33.407, 2405249587073, QTAgent32.exe, Playback - [WARNING] Internal warning: Smart Match failed
\0
W, 5176, 15, 2013/05/23, 09:18:33.556, 2405251715717, QTAgent32.exe, Playback - [WARNING] Internal warning: Smart Match failed
\0
W, 5176, 15, 2013/05/23, 09:18:33.705, 2405253852960, QTAgent32.exe, Playback - [WARNING] Internal warning: Smart Match failed
\0
W, 5176, 15, 2013/05/23, 09:18:33.856, 2405256012197, QTAgent32.exe, Playback - [WARNING] Internal warning: Smart Match failed
\0
W, 5176, 15, 2013/05/23, 09:18:34.005, 2405258150560, QTAgent32.exe, Playback - [WARNING] Internal warning: Smart Match failed
\0
W, 5176, 15, 2013/05/23, 09:18:34.156, 2405260311142, QTAgent32.exe, Playback - [WARNING] Internal warning: Smart Match failed
\0
W, 5176, 15, 2013/05/23, 09:18:34.305, 2405262446897, QTAgent32.exe, Playback - [WARNING] Internal warning: Smart Match failed
\0
W, 5176, 15, 2013/05/23, 09:18:34.457, 2405264617333, QTAgent32.exe, Playback - [WARNING] Internal warning: Smart Match failed
\0
W, 5176, 15, 2013/05/23, 09:18:34.608, 2405266772395, QTAgent32.exe, Playback - [WARNING] Internal warning: Smart Match failed
\0
W, 5176, 15, 2013/05/23, 09:18:34.651, 2405267393591, QTAgent32.exe, Playback - [WARNING] Internal warning: Window Not Found: [VisibleOnly]ControlType='Window' &amp;&amp; Name='Warning' &amp;&amp; ClassName='#32770'
\0
E, 5176, 15, 2013/05/23, 09:18:34.651, 2405267395390, QTAgent32.exe, &lt;a class=failure&gt;Playback - {16} [FAILED] Function ElementFetcher::FindScreenElement failed to locate UI element (Searching: ;[VisibleOnly]ControlType='Window' &amp;&amp; Name='Warning' &amp;&amp; ClassName='#32770') (The object specified was not found.)
\0&lt;/a&gt;
E, 5176, 15, 2013/05/23, 09:18:34.721, 2405268390436, QTAgent32.exe, Playback - [IMAGE] C:\Users\testuser\AppData\Local\Temp\UITestLogs\LastRun\RPF46C6.png
\0
W, 5176, 15, 2013/05/23, 09:18:34.721, 2405268397828, QTAgent32.exe, Playback - [WARNING] Internal warning: Couldn't find descendants that match QueryId
\0
W, 5176, 15, 2013/05/23, 09:18:34.722, 2405268412164, QTAgent32.exe, PERF WARNING: FindTopLevelWindowHelper::FindAllDescendents: took 3102 ms. Expected it to take maximum 500 ms.
E, 5176, 15, 2013/05/23, 09:18:34.728, 2405268490288, QTAgent32.exe, Exception: System.Runtime.InteropServices.COMException
	Message: Error HRESULT E_FAIL has been returned from a call to a COM component.
	Stack Trace:    at Microsoft.VisualStudio.TestTools.UITest.Playback.Engine.IRPFPlayback.FindAllScreenElements(IScreenElement pScreenElementStart, String bstrQueryId, Object&amp; pvarResKeys, Int32 cResKeys, Int32 nMaxDepth, Object[]&amp; foundDescendants)
   at Microsoft.VisualStudio.TestTools.UITest.Playback.ScreenElement.FindTopLevelWindowHelper(String queryId)
	BaseExceptionMessage: Error HRESULT E_FAIL has been returned from a call to a COM component.

E, 5176, 15, 2013/05/23, 09:18:35.070, 2405273394752, QTAgent32.exe, AL: Playback Error: Microsoft.VisualStudio.TestTools.UITest.Extension.UITestControlNotFoundException: The playback failed to find the control with the given search properties. Additional Details: 
TechnologyName:  'MSAA'
ControlType:  'Window'
Name:  'Warning'
ClassName:  '#32770'
 ---&gt; System.Runtime.InteropServices.COMException: Error HRESULT E_FAIL has been returned from a call to a COM component.
   at Microsoft.VisualStudio.TestTools.UITest.Playback.Engine.IRPFPlayback.FindAllScreenElements(IScreenElement pScreenElementStart, String bstrQueryId, Object&amp; pvarResKeys, Int32 cResKeys, Int32 nMaxDepth, Object[]&amp; foundDescendants)
   at Microsoft.VisualStudio.TestTools.UITest.Playback.ScreenElement.FindTopLevelWindowHelper(String queryId)
   at Microsoft.VisualStudio.TestTools.UITest.Playback.ScreenElement.FindFromPartialQueryId(String queryId)
   at Microsoft.VisualStudio.TestTools.UITesting.UITestControl..ctor(String queryId)
   --- End of inner exception stack trace ---
   at Microsoft.VisualStudio.TestTools.UITesting.Playback.MapControlNotFoundException(COMException ex, IPlaybackContext context)
   at Microsoft.VisualStudio.TestTools.UITesting.Playback.MapAndThrowComException(COMException innerException, IPlaybackContext context)
   at Microsoft.VisualStudio.TestTools.UITesting.Playback.MapAndThrowException(SystemException exception, IPlaybackContext context)
   at Microsoft.VisualStudio.TestTools.UITesting.Playback.MapAndThrowException(SystemException exception, String queryId)
   at Microsoft.VisualStudio.TestTools.UITesting.UITestControl..ctor(String queryId)
   at Microsoft.VisualStudio.TestTools.UITesting.SearchHelper.SearchTopLevelWindow(ISearchArgument topLevelSearchArg, String topLevelElementQueryId)
   at Microsoft.VisualStudio.TestTools.UITesting.SearchHelper.GetTitleUpdatedTopLevelWindow(ISearchArgument topLevelSearchArg, String queryId, IList`1 windowTitles)
   at Microsoft.VisualStudio.TestTools.UITesting.SearchHelper.GetTopLevelElement(Boolean useCache, Boolean useCacheOnly, ISearchArgument searchArg, IList`1 windowTitles, Int32&amp; timeLeft)
   at Microsoft.VisualStudio.TestTools.UITesting.SearchHelper.GetElement(Boolean useCache, ISearchArgument searchArg)
   at Microsoft.VisualStudio.TestTools.UITesting.SearchHelper.Search(ISearchArgument searchArg)
   at Microsoft.VisualStudio.TestTools.UITesting.UITestControl.FindInternal()
   at Microsoft.VisualStudio.TestTools.UITesting.UITestControl.FindControlIfNecessary()
   at Microsoft.VisualStudio.TestTools.UITesting.UITestControl.Click(MouseButtons button, ModifierKeys modifierKeys, Point relativeCoordinates)
   at Microsoft.VisualStudio.TestTools.UITesting.Mouse.ClickImplementation(UITestControl control, MouseButtons button, ModifierKeys modifierKeys, Point relativeCoordinate)
   at Microsoft.VisualStudio.TestTools.UITesting.Mouse.ClickImplementationWrapper(UITestControl control, MouseButtons button, ModifierKeys modifierKeys, Point relativeCoordinate)
W, 5176, 15, 2013/05/23, 09:18:35.071, 2405273412788, QTAgent32.exe, PlaybackErrorHandler: Ignoring exception as ContinueOnError is set.
W, 5176, 15, 2013/05/23, 09:18:35.304, 2405276739492, QTAgent32.exe, &lt;a class=success&gt;Playback - {17} [SUCCESS] TypeString "#(R)"
\0&lt;/a&gt;
W, 5176, 15, 2013/05/23, 09:18:36.136, 2405288655904, QTAgent32.exe, PERF WARNING: FindTopLevelWindowHelper::FindAllDescendents: took 730 ms. Expected it to take maximum 500 ms.
E, 5176, 15, 2013/05/23, 09:18:36.214, 2405289783780, QTAgent32.exe, Exception: System.ArgumentException
	Message: Value does not fall within the expected range.
	Stack Trace:    at Accessibility.IAccessible.get_accRole(Object varChild)
   at Microsoft.VisualStudio.TestTools.UITest.Extension.Msaa.AccWrapper.get_RoleInt()
	BaseExceptionMessage: Value does not fall within the expected range.

E, 5176, 15, 2013/05/23, 09:18:36.219, 2405289851335, QTAgent32.exe, Exception: System.ArgumentException
	Message: Value does not fall within the expected range.
	Stack Trace:    at Accessibility.IAccessible.get_accRole(Object varChild)
   at Microsoft.VisualStudio.TestTools.UITest.Extension.Msaa.AccWrapper.get_RoleInt()
	BaseExceptionMessage: Value does not fall within the expected range.

W, 5176, 15, 2013/05/23, 09:18:36.472, 2405293467951, QTAgent32.exe, &lt;a class=success&gt;Playback - {18} [SUCCESS] LeftButtonClick  &lt; Mouse cursor location (87, 908) &gt;
\0&lt;/a&gt;
W, 5176, 15, 2013/05/23, 09:18:37.333, 2405305799361, QTAgent32.exe, &lt;a class=success&gt;Playback - {19} [SUCCESS] SetValueAsEditBox "c:\TestProject7\ourhighway.reg"  &lt; Set via SendKeys &gt;
\0&lt;/a&gt;
W, 5176, 15, 2013/05/23, 09:18:37.334, 2405305801179, QTAgent32.exe, &lt;a class=success&gt;Playback - {20} [SUCCESS] SetValueAsComboBox "c:\TestProject7\ourhighway.reg" - "[MSAA, VisibleOnly]ControlType='ComboBox' &amp;&amp; Name='Open:'"  &lt; Set via SetValueAsEditBox &gt;
\0&lt;/a&gt;
W, 5176, 15, 2013/05/23, 09:18:37.566, 2405309124468, QTAgent32.exe, &lt;a class=success&gt;Playback - {21} [SUCCESS] MouseButtonClick - "[MSAA, VisibleOnly]ControlType='Button' &amp;&amp; Name='OK'"
\0&lt;/a&gt;
W, 5176, 15, 2013/05/23, 09:18:38.379, 2405320772665, QTAgent32.exe, PERF WARNING: FindTopLevelWindowHelper::FindAllDescendents: took 687 ms. Expected it to take maximum 500 ms.
W, 5176, 15, 2013/05/23, 09:18:39.024, 2405330004069, QTAgent32.exe, &lt;a class=success&gt;Playback - {22} [SUCCESS] MouseButtonClick - "[MSAA, VisibleOnly]ControlType='Button' &amp;&amp; Name='Yes'"
\0&lt;/a&gt;
W, 5176, 15, 2013/05/23, 09:18:41.360, 2405363447705, QTAgent32.exe, &lt;a class=success&gt;Playback - {23} [SUCCESS] MouseButtonClick - "[MSAA, VisibleOnly]ControlType='Button' &amp;&amp; Name='OK'"
\0&lt;/a&gt;
W, 5176, 15, 2013/05/23, 09:18:41.700, 2405368316312, QTAgent32.exe, &lt;a class=success&gt;Playback - {24} [SUCCESS] MouseButtonClick - "[MSAA, VisibleOnly]ControlType='Button' &amp;&amp; Name='Clients &amp; Files'"
\0&lt;/a&gt;
W, 5176, 15, 2013/05/23, 09:18:45.233, 2405418905326, QTAgent32.exe, PERF WARNING: FindTopLevelWindowHelper::FindAllDescendents: took 3393 ms. Expected it to take maximum 500 ms.
W, 5176, 15, 2013/05/23, 09:18:45.438, 2405421849550, QTAgent32.exe, Playback - [WARNING] Internal warning: Incorrect flag set for InvokeProgrammaticAction\0
W, 5176, 15, 2013/05/23, 09:18:45.557, 2405423542300, QTAgent32.exe, &lt;a class=success&gt;Playback - {25} [SUCCESS] SetValueAsComboBox "Customers" - "[MSAA, VisibleOnly]ControlType='ComboBox'"  &lt; SetValueAsComboBox, set by clicking on the item in the list box &gt;
\0&lt;/a&gt;
W, 5176, 15, 2013/05/23, 09:18:46.161, 2405432194777, QTAgent32.exe, &lt;a class=success&gt;Playback - {26} [SUCCESS] MouseButtonClick - "[MSAA, VisibleOnly]ControlType='Button' &amp;&amp; Name='Add'"
\0&lt;/a&gt;
W, 5176, 15, 2013/05/23, 09:18:46.459, 2405436466264, QTAgent32.exe, &lt;a class=success&gt;Playback - {27} [SUCCESS] SendKeys "autotest" - "[MSAA, VisibleOnly]ControlType='RadioButton' &amp;&amp; Name='Personal Lines'"
\0&lt;/a&gt;
W, 5176, 15, 2013/05/23, 09:18:46.789, 2405441194415, QTAgent32.exe, &lt;a class=success&gt;Playback - {28} [SUCCESS] SetValueAsEditBox "autotest" - "[MSAA, VisibleOnly]ControlType='Edit'"  &lt; Set via SendKeys &gt;
\0&lt;/a&gt;
W, 5176, 15, 2013/05/23, 09:18:47.488, 2405451204907, QTAgent32.exe, &lt;a class=success&gt;Playback - {29} [SUCCESS] MouseButtonClick - "[MSAA, VisibleOnly]ControlType='Button' &amp;&amp; Name='OK'"
\0&lt;/a&gt;
W, 5176, 15, 2013/05/23, 09:18:48.022, 2405458839490, QTAgent32.exe, &lt;a class=success&gt;Playback - {30} [SUCCESS] MouseButtonClick - "[MSAA, VisibleOnly]ControlType='Button' &amp;&amp; Name='Yes'"
\0&lt;/a&gt;
W, 5176, 15, 2013/05/23, 09:18:48.203, 2405461440073, QTAgent32.exe, &lt;a class=success&gt;Playback - {31} [SUCCESS] SendKeys "^{HOME}" - "[MSAA, VisibleOnly]ControlType='Edit'"
\0&lt;/a&gt;
E, 5176, 15, 2013/05/23, 09:18:48.203, 2405461442163, QTAgent32.exe, Msaa.GetFocusedElement: could not find accessible object of foreground window
W, 5176, 15, 2013/05/23, 09:18:48.255, 2405462184755, QTAgent32.exe, &lt;a class=success&gt;Playback - {32} [SUCCESS] SendKeys "^+{END}" - "[MSAA, VisibleOnly]ControlType='Edit'"
\0&lt;/a&gt;
E, 5176, 15, 2013/05/23, 09:18:48.255, 2405462186174, QTAgent32.exe, Msaa.GetFocusedElement: could not find accessible object of foreground window
W, 5176, 15, 2013/05/23, 09:18:48.268, 2405462364151, QTAgent32.exe, &lt;a class=success&gt;Playback - {33} [SUCCESS] SendKeys "{DELETE}" - "[MSAA, VisibleOnly]ControlType='Edit'"
\0&lt;/a&gt;
W, 5176, 15, 2013/05/23, 09:18:48.319, 2405463103904, QTAgent32.exe, &lt;a class=success&gt;Playback - {34} [SUCCESS] SetValueAsEditBox "1" - "[MSAA, VisibleOnly]ControlType='Edit'"  &lt; Set via SendKeys &gt;
\0&lt;/a&gt;
W, 5176, 15, 2013/05/23, 09:18:48.504, 2405465735815, QTAgent32.exe, &lt;a class=success&gt;Playback - {35} [SUCCESS] SendKeys "^{HOME}" - "[MSAA, VisibleOnly]ControlType='Edit'"
\0&lt;/a&gt;
E, 5176, 15, 2013/05/23, 09:18:48.504, 2405465737717, QTAgent32.exe, Msaa.GetFocusedElement: could not find accessible object of foreground window
W, 5176, 15, 2013/05/23, 09:18:48.556, 2405466481294, QTAgent32.exe, &lt;a class=success&gt;Playback - {36} [SUCCESS] SendKeys "^+{END}" - "[MSAA, VisibleOnly]ControlType='Edit'"
\0&lt;/a&gt;
E, 5176, 15, 2013/05/23, 09:18:48.556, 2405466483433, QTAgent32.exe, Msaa.GetFocusedElement: could not find accessible object of foreground window
W, 5176, 15, 2013/05/23, 09:18:48.568, 2405466660132, QTAgent32.exe, &lt;a class=success&gt;Playback - {37} [SUCCESS] SendKeys "{DELETE}" - "[MSAA, VisibleOnly]ControlType='Edit'"
\0&lt;/a&gt;
W, 5176, 15, 2013/05/23, 09:18:48.613, 2405467306041, QTAgent32.exe, &lt;a class=success&gt;Playback - {38} [SUCCESS] SetValueAsEditBox "1" - "[MSAA, VisibleOnly]ControlType='Edit'"  &lt; Set via SendKeys &gt;
\0&lt;/a&gt;
W, 5176, 15, 2013/05/23, 09:18:50.219, 2405490293381, QTAgent32.exe, Playback - [WARNING] Internal warning: Target element "[MSAA, VisibleOnly]ControlType='Button' &amp;&amp; Name='OK'" was not found, so all intermediate elements were ignored. An incorrect element that matches target element Id can be found as the result.  Verify that all intermediate elements in QueryId have valid and unique Ids
\0
W, 5176, 15, 2013/05/23, 09:18:50.750, 2405497904270, QTAgent32.exe, PERF WARNING: FindAllDescendents: took 2036 ms. Expected it to take maximum 500 ms.
W, 5176, 15, 2013/05/23, 09:18:51.067, 2405502438045, QTAgent32.exe, &lt;a class=success&gt;Playback - {39} [SUCCESS] MouseButtonClick - "[MSAA, VisibleOnly]ControlType='Button' &amp;&amp; Name='OK'"
\0&lt;/a&gt;
W, 5176, 15, 2013/05/23, 09:18:51.498, 2405508608917, QTAgent32.exe, &lt;a class=success&gt;Playback - {40} [SUCCESS] MouseButtonClick - "[MSAA, VisibleOnly]ControlType='Button'"
\0&lt;/a&gt;
W, 5176, 15, 2013/05/23, 09:18:51.854, 2405513707256, QTAgent32.exe, &lt;a class=success&gt;Playback - {41} [SUCCESS] MouseButtonClick - "[MSAA, VisibleOnly]ControlType='Button' &amp;&amp; Name='Add'"
\0&lt;/a&gt;
W, 5176, 15, 2013/05/23, 09:18:52.339, 2405520661173, QTAgent32.exe, &lt;a class=success&gt;Playback - {42} [SUCCESS] MouseButtonClick - "[MSAA, VisibleOnly]ControlType='Button' &amp;&amp; Name='OK'"
\0&lt;/a&gt;
W, 5176, 15, 2013/05/23, 09:18:54.581, 2405552751120, QTAgent32.exe, &lt;a class=success&gt;Playback - {43} [SUCCESS] MouseButtonClick - "[MSAA, VisibleOnly,Window]ControlType='Window' &amp;&amp; ClassName='ThunderRT6TextBox'"
\0&lt;/a&gt;
W, 5176, 15, 2013/05/23, 09:18:54.836, 2405556405526, QTAgent32.exe, &lt;a class=success&gt;Playback - {44} [SUCCESS] SetValueAsEditBox "MOTO" - "[MSAA, VisibleOnly]ControlType='Edit'"  &lt; Set via SendKeys &gt;
\0&lt;/a&gt;
W, 5176, 15, 2013/05/23, 09:18:55.230, 2405562048422, QTAgent32.exe, &lt;a class=success&gt;Playback - {45} [SUCCESS] MouseButtonClick - "[MSAA, VisibleOnly]ControlType='Button' &amp;&amp; Name='OK'"
\0&lt;/a&gt;
W, 5176, 15, 2013/05/23, 09:18:55.465, 2405565417133, QTAgent32.exe, &lt;a class=success&gt;Playback - {46} [SUCCESS] MouseButtonClick - "[MSAA, VisibleOnly]ControlType='Button' &amp;&amp; Name='Options'"
\0&lt;/a&gt;
W, 5176, 15, 2013/05/23, 09:18:55.585, 2405567129557, QTAgent32.exe, FindScreenElementInSinglePass : Attempting to find control in one pass of search. Failures can occur.
W, 5176, 15, 2013/05/23, 09:18:55.730, 2405569212056, QTAgent32.exe, &lt;a class=success&gt;Playback - {47} [SUCCESS] MouseButtonClick - "[MSAA]ControlType='MenuItem' &amp;&amp; Name='Links'"
\0&lt;/a&gt;
W, 5176, 15, 2013/05/23, 09:18:55.830, 2405570647684, QTAgent32.exe, FindScreenElementInSinglePass : Attempting to find control in one pass of search. Failures can occur.
W, 5176, 15, 2013/05/23, 09:18:55.993, 2405572979045, QTAgent32.exe, &lt;a class=success&gt;Playback - {48} [SUCCESS] MouseButtonClick - "[MSAA]ControlType='MenuItem' &amp;&amp; Name='3rd Party Integration'"
\0&lt;/a&gt;
W, 5176, 15, 2013/05/23, 09:18:56.094, 2405574418043, QTAgent32.exe, FindScreenElementInSinglePass : Attempting to find control in one pass of search. Failures can occur.
W, 5176, 15, 2013/05/23, 09:18:56.246, 2405576600756, QTAgent32.exe, &lt;a class=success&gt;Playback - {49} [SUCCESS] MouseButtonClick - "[MSAA]ControlType='MenuItem' &amp;&amp; Name='Quote Select List'"
\0&lt;/a&gt;
W, 5176, 15, 2013/05/23, 09:18:57.864, 2405599755266, QTAgent32.exe, PERF WARNING: FindTopLevelWindowHelper::FindAllDescendents: took 1514 ms. Expected it to take maximum 500 ms.
W, 5176, 15, 2013/05/23, 09:18:58.565, 2405609796508, QTAgent32.exe, &lt;a class=success&gt;Playback - {50} [SUCCESS] MouseButtonClick - "[MSAA, VisibleOnly]ControlType='Button' &amp;&amp; Name='Ok'"
\0&lt;/a&gt;
W, 5176, 15, 2013/05/23, 09:19:01.773, 2405655731041, QTAgent32.exe, PERF WARNING: FindTopLevelWindowHelper::FindAllDescendents: took 3103 ms. Expected it to take maximum 500 ms.
W, 5176, 15, 2013/05/23, 09:19:02.021, 2405659285641, QTAgent32.exe, &lt;a class=success&gt;Playback - {51} [SUCCESS] MouseButtonClick - "[MSAA, VisibleOnly]ControlType='Button' &amp;&amp; Name='Ok'"
\0&lt;/a&gt;
W, 5176, 15, 2013/05/23, 09:19:02.280, 2405662989282, QTAgent32.exe, &lt;a class=success&gt;Playback - {52} [SUCCESS] SetValueAsEditBox "test" - "[MSAA, VisibleOnly]ControlType='Edit'"  &lt; Set via SendKeys &gt;
\0&lt;/a&gt;
W, 5176, 15, 2013/05/23, 09:19:02.533, 2405666619449, QTAgent32.exe, &lt;a class=success&gt;Playback - {53} [SUCCESS] SetValueAsEditBox "test" - "[MSAA, VisibleOnly]ControlType='Edit'"  &lt; Set via SendKeys &gt;
\0&lt;/a&gt;
W, 5176, 15, 2013/05/23, 09:19:02.826, 2405670814989, QTAgent32.exe, &lt;a class=success&gt;Playback - {54} [SUCCESS] SetValueAsEditBox "160486" - "[MSAA, VisibleOnly]ControlType='Edit'"  &lt; Set via SendKeys &gt;
\0&lt;/a&gt;
W, 5176, 15, 2013/05/23, 09:19:03.131, 2405675182615, QTAgent32.exe, &lt;a class=success&gt;Playback - {55} [SUCCESS] SetValueAsEditBox "BN16BN" - "[MSAA, VisibleOnly]ControlType='Edit'"  &lt; Set via SendKeys &gt;
\0&lt;/a&gt;
W, 5176, 15, 2013/05/23, 09:19:05.355, 2405707020821, QTAgent32.exe, &lt;a class=success&gt;Playback - {56} [SUCCESS] MouseButtonClick - "[MSAA, VisibleOnly]ControlType='Button' &amp;&amp; Name='Lookup...'"
\0&lt;/a&gt;
W, 5176, 15, 2013/05/23, 09:19:05.589, 2405710368383, QTAgent32.exe, &lt;a class=success&gt;Playback - {57} [SUCCESS] MouseButtonClick - "[MSAA, VisibleOnly]ControlType='Button' &amp;&amp; Name='Ok'"
\0&lt;/a&gt;
W, 5176, 15, 2013/05/23, 09:19:07.171, 2405733025168, QTAgent32.exe, &lt;a class=success&gt;Playback - {58} [SUCCESS] MouseButtonClick - "[MSAA, VisibleOnly]ControlType='Button' &amp;&amp; Name='OK'"
\0&lt;/a&gt;
W, 5176, 15, 2013/05/23, 09:19:07.983, 2405744654998, QTAgent32.exe, Playback - [WARNING] Internal warning: Incorrect flag set for InvokeProgrammaticAction\0
W, 5176, 15, 2013/05/23, 09:19:08.101, 2405746343629, QTAgent32.exe, &lt;a class=success&gt;Playback - {59} [SUCCESS] SetValueAsComboBox "Account Executive" - "[MSAA, VisibleOnly]ControlType='ComboBox'"  &lt; SetValueAsComboBox, set by clicking on the item in the list box &gt;
\0&lt;/a&gt;
W, 5176, 15, 2013/05/23, 09:19:08.441, 2405751204775, QTAgent32.exe, Playback - [WARNING] Internal warning: Incorrect flag set for InvokeProgrammaticAction\0
W, 5176, 15, 2013/05/23, 09:19:08.852, 2405757089677, QTAgent32.exe, &lt;a class=success&gt;Playback - {60} [SUCCESS] SetValueAsComboBox "Aerial Manufacturer" - "[MSAA, VisibleOnly]ControlType='ComboBox'"  &lt; SetValueAsComboBox, set by clicking on the item in the list box &gt;
\0&lt;/a&gt;
W, 5176, 15, 2013/05/23, 09:19:09.189, 2405761918990, QTAgent32.exe, &lt;a class=success&gt;Playback - {61} [SUCCESS] SetValueAsEditBox "151208" - "[MSAA, VisibleOnly]ControlType='Edit'"  &lt; Set via SendKeys &gt;
\0&lt;/a&gt;
W, 5176, 15, 2013/05/23, 09:19:10.830, 2405785417330, QTAgent32.exe, &lt;a class=success&gt;Playback - {62} [SUCCESS] MouseButtonClick - "[MSAA, VisibleOnly]ControlType='Button' &amp;&amp; Name='OK'"
\0&lt;/a&gt;
E, 5176, 15, 2013/05/23, 09:19:10.938, 2405786961967, QTAgent32.exe, Exception: System.ArgumentException
	Message: Value does not fall within the expected range.
	Stack Trace:    at Accessibility.IAccessible.get_accRole(Object varChild)
   at Microsoft.VisualStudio.TestTools.UITest.Extension.Msaa.AccWrapper.get_RoleInt()
	BaseExceptionMessage: Value does not fall within the expected range.

E, 5176, 15, 2013/05/23, 09:19:10.940, 2405786989667, QTAgent32.exe, Exception: System.ArgumentException
	Message: Value does not fall within the expected range.
	Stack Trace:    at Accessibility.IAccessible.get_accRole(Object varChild)
   at Microsoft.VisualStudio.TestTools.UITest.Extension.Msaa.AccWrapper.get_RoleInt()
	BaseExceptionMessage: Value does not fall within the expected range.

W, 5176, 15, 2013/05/23, 09:19:11.131, 2405789727097, QTAgent32.exe, &lt;a class=success&gt;Playback - {63} [SUCCESS] LeftButtonClick  &lt; Mouse cursor location (680, 395) &gt;
\0&lt;/a&gt;
W, 5176, 15, 2013/05/23, 09:19:11.361, 2405793014264, QTAgent32.exe, &lt;a class=success&gt;Playback - {64} [SUCCESS] SetValueAsEditBox "FORD"  &lt; Set via SendKeys &gt;
\0&lt;/a&gt;
W, 5176, 15, 2013/05/23, 09:19:11.361, 2405793015788, QTAgent32.exe, &lt;a class=success&gt;Playback - {65} [SUCCESS] SetValueAsComboBox "FORD" - "[MSAA, VisibleOnly]ControlType='ComboBox'"  &lt; Set via SetValueAsEditBox &gt;
\0&lt;/a&gt;
E, 5176, 15, 2013/05/23, 09:19:11.467, 2405794532553, QTAgent32.exe, Exception: System.ArgumentException
	Message: Value does not fall within the expected range.
	Stack Trace:    at Accessibility.IAccessible.get_accRole(Object varChild)
   at Microsoft.VisualStudio.TestTools.UITest.Extension.Msaa.AccWrapper.get_RoleInt()
	BaseExceptionMessage: Value does not fall within the expected range.

E, 5176, 15, 2013/05/23, 09:19:11.469, 2405794559710, QTAgent32.exe, Exception: System.ArgumentException
	Message: Value does not fall within the expected range.
	Stack Trace:    at Accessibility.IAccessible.get_accRole(Object varChild)
   at Microsoft.VisualStudio.TestTools.UITest.Extension.Msaa.AccWrapper.get_RoleInt()
	BaseExceptionMessage: Value does not fall within the expected range.

W, 5176, 15, 2013/05/23, 09:19:13.050, 2405817194042, QTAgent32.exe, &lt;a class=success&gt;Playback - {66} [SUCCESS] LeftButtonClick  &lt; Mouse cursor location (1040, 395) &gt;
\0&lt;/a&gt;
W, 5176, 15, 2013/05/23, 09:19:13.233, 2405819821053, QTAgent32.exe, &lt;a class=success&gt;Playback - {67} [SUCCESS] SetValueAsEditBox "KA"  &lt; Set via SendKeys &gt;
\0&lt;/a&gt;
W, 5176, 15, 2013/05/23, 09:19:13.233, 2405819823505, QTAgent32.exe, &lt;a class=success&gt;Playback - {68} [SUCCESS] SetValueAsComboBox "KA" - "[MSAA, VisibleOnly]ControlType='ComboBox'"  &lt; Set via SetValueAsEditBox &gt;
\0&lt;/a&gt;
W, 5176, 15, 2013/05/23, 09:19:13.787, 2405827755807, QTAgent32.exe, &lt;a class=success&gt;Playback - {69} [SUCCESS] MouseButtonClick - "[MSAA, VisibleOnly]ControlType='Button' &amp;&amp; Name='Filter'"
\0&lt;/a&gt;
W, 5176, 15, 2013/05/23, 09:19:14.104, 2405832292910, QTAgent32.exe, &lt;a class=success&gt;Playback - {70} [SUCCESS] MouseButtonClick - "[MSAA, VisibleOnly]ControlType='Button' &amp;&amp; Name='OK'"
\0&lt;/a&gt;
W, 5176, 15, 2013/05/23, 09:19:14.766, 2405841764702, QTAgent32.exe, &lt;a class=success&gt;Playback - {71} [SUCCESS] SendKeys "^{HOME}" - "[MSAA, VisibleOnly]ControlType='Edit'"
\0&lt;/a&gt;
E, 5176, 15, 2013/05/23, 09:19:14.766, 2405841766653, QTAgent32.exe, Msaa.GetFocusedElement: could not find accessible object of foreground window
W, 5176, 15, 2013/05/23, 09:19:14.818, 2405842519945, QTAgent32.exe, &lt;a class=success&gt;Playback - {72} [SUCCESS] SendKeys "^+{END}" - "[MSAA, VisibleOnly]ControlType='Edit'"
\0&lt;/a&gt;
E, 5176, 15, 2013/05/23, 09:19:14.819, 2405842522290, QTAgent32.exe, Msaa.GetFocusedElement: could not find accessible object of foreground window
W, 5176, 15, 2013/05/23, 09:19:14.831, 2405842695576, QTAgent32.exe, &lt;a class=success&gt;Playback - {73} [SUCCESS] SendKeys "{DELETE}" - "[MSAA, VisibleOnly]ControlType='Edit'"
\0&lt;/a&gt;
W, 5176, 15, 2013/05/23, 09:19:15.002, 2405845146777, QTAgent32.exe, &lt;a class=success&gt;Playback - {74} [SUCCESS] SetValueAsEditBox "123434" - "[MSAA, VisibleOnly]ControlType='Edit'"  &lt; Set via SendKeys &gt;
\0&lt;/a&gt;
W, 5176, 15, 2013/05/23, 09:19:15.215, 2405848201673, QTAgent32.exe, &lt;a class=success&gt;Playback - {75} [SUCCESS] SendKeys "^{HOME}" - "[MSAA, VisibleOnly]ControlType='Edit'"
\0&lt;/a&gt;
E, 5176, 15, 2013/05/23, 09:19:15.215, 2405848203661, QTAgent32.exe, Msaa.GetFocusedElement: could not find accessible object of foreground window
W, 5176, 15, 2013/05/23, 09:19:15.267, 2405848946069, QTAgent32.exe, &lt;a class=success&gt;Playback - {76} [SUCCESS] SendKeys "^+{END}" - "[MSAA, VisibleOnly]ControlType='Edit'"
\0&lt;/a&gt;
E, 5176, 15, 2013/05/23, 09:19:15.267, 2405848947335, QTAgent32.exe, Msaa.GetFocusedElement: could not find accessible object of foreground window
W, 5176, 15, 2013/05/23, 09:19:15.279, 2405849118450, QTAgent32.exe, &lt;a class=success&gt;Playback - {77} [SUCCESS] SendKeys "{DELETE}" - "[MSAA, VisibleOnly]ControlType='Edit'"
\0&lt;/a&gt;
W, 5176, 15, 2013/05/23, 09:19:15.409, 2405850974639, QTAgent32.exe, &lt;a class=success&gt;Playback - {78} [SUCCESS] SetValueAsEditBox "1000" - "[MSAA, VisibleOnly]ControlType='Edit'"  &lt; Set via SendKeys &gt;
\0&lt;/a&gt;
W, 5176, 15, 2013/05/23, 09:19:15.620, 2405853993453, QTAgent32.exe, &lt;a class=success&gt;Playback - {79} [SUCCESS] SendKeys "^{HOME}" - "[MSAA, VisibleOnly]ControlType='Edit'"
\0&lt;/a&gt;
E, 5176, 15, 2013/05/23, 09:19:15.620, 2405853995467, QTAgent32.exe, Msaa.GetFocusedElement: could not find accessible object of foreground window
W, 5176, 15, 2013/05/23, 09:19:15.672, 2405854738880, QTAgent32.exe, &lt;a class=success&gt;Playback - {80} [SUCCESS] SendKeys "^+{END}" - "[MSAA, VisibleOnly]ControlType='Edit'"
\0&lt;/a&gt;
E, 5176, 15, 2013/05/23, 09:19:15.672, 2405854740748, QTAgent32.exe, Msaa.GetFocusedElement: could not find accessible object of foreground window
W, 5176, 15, 2013/05/23, 09:19:15.689, 2405854989689, QTAgent32.exe, &lt;a class=success&gt;Playback - {81} [SUCCESS] SendKeys "{DELETE}" - "[MSAA, VisibleOnly]ControlType='Edit'"
\0&lt;/a&gt;
W, 5176, 15, 2013/05/23, 09:19:15.895, 2405857941904, QTAgent32.exe, &lt;a class=success&gt;Playback - {82} [SUCCESS] SetValueAsEditBox "30/05/13" - "[MSAA, VisibleOnly]ControlType='Edit'"  &lt; Set via SendKeys &gt;
\0&lt;/a&gt;
W, 5176, 15, 2013/05/23, 09:19:16.269, 2405863284622, QTAgent32.exe, &lt;a class=success&gt;Playback - {83} [SUCCESS] MouseButtonClick - "[MSAA, VisibleOnly]ControlType='Button' &amp;&amp; Name='Calculate Quote'"
\0&lt;/a&gt;
W, 5176, 15, 2013/05/23, 09:19:16.515, 2405866815422, QTAgent32.exe, &lt;a class=success&gt;Playback - {84} [SUCCESS] MouseButtonClick - "[MSAA, VisibleOnly]ControlType='Button' &amp;&amp; Name='Cancel'"
\0&lt;/a&gt;
W, 5176, 15, 2013/05/23, 09:19:16.756, 2405870262528, QTAgent32.exe, &lt;a class=success&gt;Playback - {85} [SUCCESS] MouseButtonClick - "[MSAA, VisibleOnly]ControlType='Button' &amp;&amp; Name='No'"
\0&lt;/a&gt;
W, 5176, 15, 2013/05/23, 09:19:17.044, 2405874384866, QTAgent32.exe, &lt;a class=success&gt;Playback - {86} [SUCCESS] MouseButtonClick - "[MSAA, VisibleOnly]ControlType='Button' &amp;&amp; Name='Ok'"
\0&lt;/a&gt;
W, 5176, 15, 2013/05/23, 09:19:22.497, 2405952469558, QTAgent32.exe, PERF WARNING: FindTopLevelWindowHelper::FindAllDescendents: took 5351 ms. Expected it to take maximum 500 ms.
W, 5176, 15, 2013/05/23, 09:19:22.619, 2405954214441, QTAgent32.exe, &lt;a class=success&gt;Playback - {87} [SUCCESS] MouseButtonClick - "[MSAA, VisibleOnly]ControlType='Client'"
\0&lt;/a&gt;
W, 5176, 15, 2013/05/23, 09:19:24.155, 2405976205312, QTAgent32.exe, &lt;a class=success&gt;Playback - {88} [SUCCESS] SendKeys "{Home}" - "[MSAA, VisibleOnly]ControlType='Client'"
\0&lt;/a&gt;
W, 5176, 15, 2013/05/23, 09:19:27.495, 2406024023880, QTAgent32.exe, &lt;a class=success&gt;Playback - {89} [SUCCESS] MouseButtonClick - "[MSAA, VisibleOnly]ControlType='Button' &amp;&amp; Name='Accept'"
\0&lt;/a&gt;
W, 5176, 15, 2013/05/23, 09:19:28.139, 2406033245600, QTAgent32.exe, &lt;a class=success&gt;Playback - {90} [SUCCESS] MouseButtonClick - "[MSAA, VisibleOnly]ControlType='Button' &amp;&amp; Name='Yes'"
\0&lt;/a&gt;
W, 5176, 15, 2013/05/23, 09:19:28.481, 2406038135854, QTAgent32.exe, &lt;a class=success&gt;Playback - {91} [SUCCESS] MouseButtonClick - "[MSAA, VisibleOnly]ControlType='Button' &amp;&amp; Name='Ok'"
\0&lt;/a&gt;
W, 5176, 15, 2013/05/23, 09:19:28.731, 2406041716264, QTAgent32.exe, &lt;a class=success&gt;Playback - {92} [SUCCESS] MouseButtonClick - "[MSAA, VisibleOnly]ControlType='Button' &amp;&amp; Name='Ok'"
\0&lt;/a&gt;
W, 5176, 15, 2013/05/23, 09:19:29.271, 2406049449234, QTAgent32.exe, &lt;a class=success&gt;Playback - {93} [SUCCESS] MouseButtonClick - "[MSAA, VisibleOnly]ControlType='Button' &amp;&amp; Name='Confirm'"
\0&lt;/a&gt;
W, 5176, 15, 2013/05/23, 09:19:56.655, 2406441543390, QTAgent32.exe, Playback - [WARNING] Internal warning: Window Not Found: [VisibleOnly]ControlType='Window' &amp;&amp; Name='Save the file as' &amp;&amp; ClassName='#32770'
\0
E, 5176, 15, 2013/05/23, 09:19:56.655, 2406441545740, QTAgent32.exe, &lt;a class=failure&gt;Playback - {94} [FAILED] Function ElementFetcher::FindScreenElement failed to locate UI element (Searching: ;[VisibleOnly]ControlType='Window' &amp;&amp; Name='Save the file as' &amp;&amp; ClassName='#32770') (The object specified was not found.)
\0&lt;/a&gt;
E, 5176, 15, 2013/05/23, 09:19:56.724, 2406442530837, QTAgent32.exe, Playback - [IMAGE] C:\Users\testuser\AppData\Local\Temp\UITestLogs\LastRun\RPF8711.png
\0
W, 5176, 15, 2013/05/23, 09:19:56.724, 2406442532449, QTAgent32.exe, Playback - [WARNING] Internal warning: Couldn't find descendants that match QueryId
\0
W, 5176, 15, 2013/05/23, 09:19:56.724, 2406442535144, QTAgent32.exe, PERF WARNING: FindTopLevelWindowHelper::FindAllDescendents: took 27351 ms. Expected it to take maximum 500 ms.
W, 5176, 15, 2013/05/23, 09:20:15.789, 2406715506113, QTAgent32.exe, Playback - [WARNING] Internal warning: Window Not Found: [VisibleOnly]ControlType='Window' &amp;&amp; Name='Save the file as' &amp;&amp; ClassName='#32770'
\0
E, 5176, 15, 2013/05/23, 09:20:15.789, 2406715508626, QTAgent32.exe, &lt;a class=failure&gt;Playback - {95} [FAILED] Function ElementFetcher::FindScreenElement failed to locate UI element (Searching: ;[VisibleOnly]ControlType='Window' &amp;&amp; Name='Save the file as' &amp;&amp; ClassName='#32770') (The object specified was not found.)
\0&lt;/a&gt;
E, 5176, 15, 2013/05/23, 09:20:15.862, 2406716546161, QTAgent32.exe, Playback - [IMAGE] C:\Users\testuser\AppData\Local\Temp\UITestLogs\LastRun\RPFD1D7.png
\0
W, 5176, 15, 2013/05/23, 09:20:15.862, 2406716547864, QTAgent32.exe, Playback - [WARNING] Internal warning: Couldn't find descendants that match QueryId
\0
W, 5176, 15, 2013/05/23, 09:20:15.862, 2406716550955, QTAgent32.exe, PERF WARNING: FindTopLevelWindowHelper::FindAllDescendents: took 19137 ms. Expected it to take maximum 500 ms.
W, 5176, 15, 2013/05/23, 09:20:18.696, 2406757128186, QTAgent32.exe, Playback - [WARNING] Internal warning: Smart Match failed
\0
W, 5176, 15, 2013/05/23, 09:20:19.914, 2406774568526, QTAgent32.exe, Playback - [WARNING] Internal warning: Window Not Found: [VisibleOnly]ControlType='Window' &amp;&amp; Name='Save the file as' &amp;&amp; ClassName='#32770'
\0
E, 5176, 15, 2013/05/23, 09:20:19.914, 2406774570759, QTAgent32.exe, &lt;a class=failure&gt;Playback - {96} [FAILED] Function ElementFetcher::FindScreenElement failed to locate UI element (Searching: ;[VisibleOnly]ControlType='Window' &amp;&amp; Name='Save the file as' &amp;&amp; ClassName='#32770') (The object specified was not found.)
\0&lt;/a&gt;
E, 5176, 15, 2013/05/23, 09:20:19.956, 2406775162072, QTAgent32.exe, Playback - [IMAGE] C:\Users\testuser\AppData\Local\Temp\UITestLogs\LastRun\RPFE1EF.png
\0
W, 5176, 15, 2013/05/23, 09:20:19.956, 2406775163584, QTAgent32.exe, Playback - [WARNING] Internal warning: Couldn't find descendants that match QueryId
\0
W, 5176, 15, 2013/05/23, 09:20:19.956, 2406775166026, QTAgent32.exe, PERF WARNING: FindTopLevelWindowHelper::FindAllDescendents: took 4093 ms. Expected it to take maximum 500 ms.
E, 5176, 15, 2013/05/23, 09:20:19.956, 2406775167641, QTAgent32.exe, Exception: System.Runtime.InteropServices.COMException
	Message: Error HRESULT E_FAIL has been returned from a call to a COM component.
	Stack Trace:    at Microsoft.VisualStudio.TestTools.UITest.Playback.Engine.IRPFPlayback.FindAllScreenElements(IScreenElement pScreenElementStart, String bstrQueryId, Object&amp; pvarResKeys, Int32 cResKeys, Int32 nMaxDepth, Object[]&amp; foundDescendants)
   at Microsoft.VisualStudio.TestTools.UITest.Playback.ScreenElement.FindTopLevelWindowHelper(String queryId)
	BaseExceptionMessage: Error HRESULT E_FAIL has been returned from a call to a COM component.

E, 5176, 15, 2013/05/23, 09:20:20.056, 2406776607311, QTAgent32.exe, AL: Playback Error: Microsoft.VisualStudio.TestTools.UITest.Extension.UITestControlNotFoundException: The playback failed to find the control with the given search properties. Additional Details: 
TechnologyName:  'MSAA'
ControlType:  'Window'
Name:  'Save the file as'
ClassName:  '#32770'
 ---&gt; System.Runtime.InteropServices.COMException: Error HRESULT E_FAIL has been returned from a call to a COM component.
   at Microsoft.VisualStudio.TestTools.UITest.Playback.Engine.IRPFPlayback.FindAllScreenElements(IScreenElement pScreenElementStart, String bstrQueryId, Object&amp; pvarResKeys, Int32 cResKeys, Int32 nMaxDepth, Object[]&amp; foundDescendants)
   at Microsoft.VisualStudio.TestTools.UITest.Playback.ScreenElement.FindTopLevelWindowHelper(String queryId)
   at Microsoft.VisualStudio.TestTools.UITest.Playback.ScreenElement.FindFromPartialQueryId(String queryId)
   at Microsoft.VisualStudio.TestTools.UITesting.UITestControl..ctor(String queryId)
   --- End of inner exception stack trace ---
   at Microsoft.VisualStudio.TestTools.UITesting.Playback.MapControlNotFoundException(COMException ex, IPlaybackContext context)
   at Microsoft.VisualStudio.TestTools.UITesting.Playback.MapAndThrowComException(COMException innerException, IPlaybackContext context)
   at Microsoft.VisualStudio.TestTools.UITesting.Playback.MapAndThrowException(SystemException exception, IPlaybackContext context)
   at Microsoft.VisualStudio.TestTools.UITesting.Playback.MapAndThrowException(SystemException exception, String queryId)
   at Microsoft.VisualStudio.TestTools.UITesting.UITestControl..ctor(String queryId)
   at Microsoft.VisualStudio.TestTools.UITesting.SearchHelper.SearchTopLevelWindow(ISearchArgument topLevelSearchArg, String topLevelElementQueryId)
   at Microsoft.VisualStudio.TestTools.UITesting.SearchHelper.GetTitleUpdatedTopLevelWindow(ISearchArgument topLevelSearchArg, String queryId, IList`1 windowTitles)
   at Microsoft.VisualStudio.TestTools.UITesting.SearchHelper.GetTopLevelElement(Boolean useCache, Boolean useCacheOnly, ISearchArgument searchArg, IList`1 windowTitles, Int32&amp; timeLeft)
   at Microsoft.VisualStudio.TestTools.UITesting.SearchHelper.GetElement(Boolean useCache, ISearchArgument searchArg)
   at Microsoft.VisualStudio.TestTools.UITesting.SearchHelper.Search(ISearchArgument searchArg)
   at Microsoft.VisualStudio.TestTools.UITesting.UITestControl.FindInternal()
   at Microsoft.VisualStudio.TestTools.UITesting.UITestControl.FindControlIfNecessary()
   at Microsoft.VisualStudio.TestTools.UITesting.UITestControl.Click(MouseButtons button, ModifierKeys modifierKeys, Point relativeCoordinates)
   at Microsoft.VisualStudio.TestTools.UITesting.Mouse.ClickImplementation(UITestControl control, MouseButtons button, ModifierKeys modifierKeys, Point relativeCoordinate)
   at Microsoft.VisualStudio.TestTools.UITesting.Mouse.ClickImplementationWrapper(UITestControl control, MouseButtons button, ModifierKeys modifierKeys, Point relativeCoordinate)
W, 5176, 15, 2013/05/23, 09:20:20.057, 2406776608880, QTAgent32.exe, PlaybackErrorHandler: Ignoring exception as ContinueOnError is set.
W, 5176, 15, 2013/05/23, 09:20:20.204, 2406778725753, QTAgent32.exe, &lt;a class=success&gt;Playback - {97} [SUCCESS] Check - "[MSAA, VisibleOnly]ControlType='CheckBox' &amp;&amp; Name='Defer Printing?'"
\0&lt;/a&gt;
W, 5176, 15, 2013/05/23, 09:20:20.716, 2406786045692, QTAgent32.exe, &lt;a class=success&gt;Playback - {98} [SUCCESS] MouseButtonClick - "[MSAA, VisibleOnly]ControlType='Button' &amp;&amp; Name='Ok'"
\0&lt;/a&gt;
W, 5176, 15, 2013/05/23, 09:20:22.369, 2406809717497, QTAgent32.exe, PERF WARNING: FindTopLevelWindowHelper::FindAllDescendents: took 1553 ms. Expected it to take maximum 500 ms.
W, 5176, 15, 2013/05/23, 09:20:22.504, 2406811661518, QTAgent32.exe, &lt;a class=success&gt;Playback - {99} [SUCCESS] Uncheck - "[MSAA, VisibleOnly]ControlType='CheckBox' &amp;&amp; Name='Add Activity'"
\0&lt;/a&gt;
W, 5176, 15, 2013/05/23, 09:20:24.965, 2406846892809, QTAgent32.exe, &lt;a class=success&gt;Playback - {100} [SUCCESS] MouseButtonClick - "[MSAA, VisibleOnly]ControlType='Button' &amp;&amp; Name='Ok'"
\0&lt;/a&gt;
W, 5176, 15, 2013/05/23, 09:20:25.207, 2406850352991, QTAgent32.exe, &lt;a class=success&gt;Playback - {101} [SUCCESS] MouseButtonClick - "[MSAA, VisibleOnly]ControlType='Button' &amp;&amp; Name='Ok'"
\0&lt;/a&gt;
W, 5176, 15, 2013/05/23, 09:20:29.343, 2406909569510, QTAgent32.exe, PERF WARNING: FindTopLevelWindowHelper::FindAllDescendents: took 4028 ms. Expected it to take maximum 500 ms.
W, 5176, 15, 2013/05/23, 09:20:31.490, 2406940316264, QTAgent32.exe, &lt;a class=success&gt;Playback - {102} [SUCCESS] MouseButtonClick - "[MSAA, VisibleOnly]ControlType='Button' &amp;&amp; Name='OK'"
\0&lt;/a&gt;
W, 5176, 15, 2013/05/23, 09:20:31.781, 2406944487825, QTAgent32.exe, &lt;a class=success&gt;Playback - {103} [SUCCESS] MouseButtonClick - "[MSAA, VisibleOnly]ControlType='Button' &amp;&amp; Name='Cancel'"
\0&lt;/a&gt;
W, 5176, 15, 2013/05/23, 09:20:32.132, 2406949502629, QTAgent32.exe, &lt;a class=success&gt;Playback - {104} [SUCCESS] MouseButtonClick - "[MSAA, VisibleOnly]ControlType='Button'"
\0&lt;/a&gt;
W, 5176, 15, 2013/05/23, 09:20:32.600, 2406956203760, QTAgent32.exe, &lt;a class=success&gt;Playback - {105} [SUCCESS] MouseButtonClick - "[MSAA, VisibleOnly]ControlType='Button' &amp;&amp; Name='Detail'"
\0&lt;/a&gt;
E, 5176, 15, 2013/05/23, 09:20:33.435, 2406968162351, QTAgent32.exe, IEDOM : Could not get valid window handle of Internet Explorer_server
W, 5176, 15, 2013/05/23, 09:20:33.435, 2406968163308, QTAgent32.exe, IEDOM : Unable to get the document Window Handle
E, 5176, 15, 2013/05/23, 09:20:35.435, 2406996804184, QTAgent32.exe, IEDOM : Could not get valid window handle of Internet Explorer_server
W, 5176, 15, 2013/05/23, 09:20:35.435, 2406996806015, QTAgent32.exe, IEDOM : Unable to get the document Window Handle
E, 5176, 15, 2013/05/23, 09:20:37.436, 2407025451190, QTAgent32.exe, IEDOM : Could not get valid window handle of Internet Explorer_server
W, 5176, 15, 2013/05/23, 09:20:37.436, 2407025452499, QTAgent32.exe, IEDOM : Unable to get the document Window Handle
E, 5176, 15, 2013/05/23, 09:20:39.436, 2407054092354, QTAgent32.exe, IEDOM : Could not get valid window handle of Internet Explorer_server
W, 5176, 15, 2013/05/23, 09:20:39.437, 2407054094908, QTAgent32.exe, IEDOM : Unable to get the document Window Handle
E, 5176, 15, 2013/05/23, 09:20:41.437, 2407082739491, QTAgent32.exe, IEDOM : Could not get valid window handle of Internet Explorer_server
W, 5176, 15, 2013/05/23, 09:20:41.437, 2407082741055, QTAgent32.exe, IEDOM : Unable to get the document Window Handle
E, 5176, 15, 2013/05/23, 09:20:43.438, 2407111387419, QTAgent32.exe, IEDOM : Could not get valid window handle of Internet Explorer_server
W, 5176, 15, 2013/05/23, 09:20:43.438, 2407111388982, QTAgent32.exe, IEDOM : Unable to get the document Window Handle
E, 5176, 15, 2013/05/23, 09:20:45.438, 2407140033787, QTAgent32.exe, IEDOM : Could not get valid window handle of Internet Explorer_server
W, 5176, 15, 2013/05/23, 09:20:45.439, 2407140035358, QTAgent32.exe, IEDOM : Unable to get the document Window Handle
E, 5176, 15, 2013/05/23, 09:20:47.441, 2407168708593, QTAgent32.exe, IEDOM : Could not get valid window handle of Internet Explorer_server
W, 5176, 15, 2013/05/23, 09:20:47.441, 2407168709865, QTAgent32.exe, IEDOM : Unable to get the document Window Handle
W, 5176, 15, 2013/05/23, 09:20:48.315, 2407181223715, QTAgent32.exe, Playback - [WARNING] Internal warning: Window Not Found: [VisibleOnly]ControlType='Window' &amp;&amp; Name='Connect to www.insur-econnect.com'
\0
E, 5176, 15, 2013/05/23, 09:20:48.315, 2407181225607, QTAgent32.exe, &lt;a class=failure&gt;Playback - {106} [FAILED] Function ElementFetcher::FindScreenElement failed to locate UI element (Searching: ;[VisibleOnly]ControlType='Window' &amp;&amp; Name='Connect to www.insur-econnect.com') (The object specified was not found.)
\0&lt;/a&gt;
E, 5176, 15, 2013/05/23, 09:20:48.355, 2407181796963, QTAgent32.exe, Playback - [IMAGE] C:\Users\testuser\AppData\Local\Temp\UITestLogs\LastRun\RPF50E7.png
\0
W, 5176, 15, 2013/05/23, 09:20:48.355, 2407181798645, QTAgent32.exe, Playback - [WARNING] Internal warning: Couldn't find descendants that match QueryId
\0
W, 5176, 15, 2013/05/23, 09:20:48.356, 2407181801359, QTAgent32.exe, PERF WARNING: FindTopLevelWindowHelper::FindAllDescendents: took 894 ms. Expected it to take maximum 500 ms.
W, 5176, 15, 2013/05/23, 09:21:06.533, 2407442069508, QTAgent32.exe, Playback - [WARNING] Internal warning: Window Not Found: [VisibleOnly]ControlType='Window' &amp;&amp; Name='Connect to www.insur-econnect.com'
\0
E, 5176, 15, 2013/05/23, 09:21:06.533, 2407442071588, QTAgent32.exe, &lt;a class=failure&gt;Playback - {107} [FAILED] Function ElementFetcher::FindScreenElement failed to locate UI element (Searching: ;[VisibleOnly]ControlType='Window' &amp;&amp; Name='Connect to www.insur-econnect.com') (The object specified was not found.)
\0&lt;/a&gt;
E, 5176, 15, 2013/05/23, 09:21:06.572, 2407442619625, QTAgent32.exe, Playback - [IMAGE] C:\Users\testuser\AppData\Local\Temp\UITestLogs\LastRun\RPF9815.png
\0
W, 5176, 15, 2013/05/23, 09:21:06.572, 2407442621279, QTAgent32.exe, Playback - [WARNING] Internal warning: Couldn't find descendants that match QueryId
\0
W, 5176, 15, 2013/05/23, 09:21:06.572, 2407442624059, QTAgent32.exe, PERF WARNING: FindTopLevelWindowHelper::FindAllDescendents: took 18215 ms. Expected it to take maximum 500 ms.
W, 5176, 15, 2013/05/23, 09:21:07.053, 2407449514519, QTAgent32.exe, Playback - [WARNING] Internal warning: Smart Match failed
\0
W, 5176, 15, 2013/05/23, 09:21:07.280, 2407452767123, QTAgent32.exe, Playback - [WARNING] Internal warning: Smart Match failed
\0
W, 5176, 15, 2013/05/23, 09:21:07.508, 2407456033618, QTAgent32.exe, Playback - [WARNING] Internal warning: Smart Match failed
\0
W, 5176, 15, 2013/05/23, 09:21:07.738, 2407459325876, QTAgent32.exe, Playback - [WARNING] Internal warning: Smart Match failed
\0
W, 5176, 15, 2013/05/23, 09:21:07.968, 2407462618230, QTAgent32.exe, Playback - [WARNING] Internal warning: Smart Match failed
\0
W, 5176, 15, 2013/05/23, 09:21:08.196, 2407465883516, QTAgent32.exe, Playback - [WARNING] Internal warning: Smart Match failed
\0
W, 5176, 15, 2013/05/23, 09:21:08.428, 2407469207895, QTAgent32.exe, Playback - [WARNING] Internal warning: Smart Match failed
\0
W, 5176, 15, 2013/05/23, 09:21:08.655, 2407472450935, QTAgent32.exe, Playback - [WARNING] Internal warning: Smart Match failed
\0
W, 5176, 15, 2013/05/23, 09:21:08.906, 2407476049252, QTAgent32.exe, Playback - [WARNING] Internal warning: Smart Match failed
\0
W, 5176, 15, 2013/05/23, 09:21:09.135, 2407479321475, QTAgent32.exe, Playback - [WARNING] Internal warning: Smart Match failed
\0
W, 5176, 15, 2013/05/23, 09:21:09.372, 2407482714184, QTAgent32.exe, Playback - [WARNING] Internal warning: Smart Match failed
\0
W, 5176, 15, 2013/05/23, 09:21:09.603, 2407486020953, QTAgent32.exe, Playback - [WARNING] Internal warning: Smart Match failed
\0
W, 5176, 15, 2013/05/23, 09:21:09.722, 2407487730649, QTAgent32.exe, Playback - [WARNING] Internal warning: Window Not Found: [VisibleOnly]ControlType='Window' &amp;&amp; Name='Connect to www.insur-econnect.com'
\0
E, 5176, 15, 2013/05/23, 09:21:09.722, 2407487732692, QTAgent32.exe, &lt;a class=failure&gt;Playback - {108} [FAILED] Function ElementFetcher::FindScreenElement failed to locate UI element (Searching: ;[VisibleOnly]ControlType='Window' &amp;&amp; Name='Connect to www.insur-econnect.com') (The object specified was not found.)
\0&lt;/a&gt;
E, 5176, 15, 2013/05/23, 09:21:09.759, 2407488264871, QTAgent32.exe, Playback - [IMAGE] C:\Users\testuser\AppData\Local\Temp\UITestLogs\LastRun\RPFA485.png
\0
W, 5176, 15, 2013/05/23, 09:21:09.759, 2407488266567, QTAgent32.exe, Playback - [WARNING] Internal warning: Couldn't find descendants that match QueryId
\0
W, 5176, 15, 2013/05/23, 09:21:09.760, 2407488269214, QTAgent32.exe, PERF WARNING: FindTopLevelWindowHelper::FindAllDescendents: took 3187 ms. Expected it to take maximum 500 ms.
E, 5176, 15, 2013/05/23, 09:21:09.760, 2407488271084, QTAgent32.exe, Exception: System.Runtime.InteropServices.COMException
	Message: Error HRESULT E_FAIL has been returned from a call to a COM component.
	Stack Trace:    at Microsoft.VisualStudio.TestTools.UITest.Playback.Engine.IRPFPlayback.FindAllScreenElements(IScreenElement pScreenElementStart, String bstrQueryId, Object&amp; pvarResKeys, Int32 cResKeys, Int32 nMaxDepth, Object[]&amp; foundDescendants)
   at Microsoft.VisualStudio.TestTools.UITest.Playback.ScreenElement.FindTopLevelWindowHelper(String queryId)
	BaseExceptionMessage: Error HRESULT E_FAIL has been returned from a call to a COM component.

W, 5176, 15, 2013/05/23, 09:21:10.177, 2407494242482, QTAgent32.exe, &lt;a class=success&gt;Playback - {109} [SUCCESS] TypeString "Bus Sys{Tab}Tottenham1"
\0&lt;/a&gt;
W, 5176, 15, 2013/05/23, 09:21:10.499, 2407498851877, QTAgent32.exe, &lt;a class=success&gt;Playback - {110} [SUCCESS] MouseButtonClick - "[MSAA, VisibleOnly]ControlType='Button' &amp;&amp; Name='OK'"
\0&lt;/a&gt;
E, 5176, 15, 2013/05/23, 09:21:10.611, 2407500450024, QTAgent32.exe, IEDOM : Could not get valid window handle of Internet Explorer_server
W, 5176, 15, 2013/05/23, 09:21:10.611, 2407500451019, QTAgent32.exe, IEDOM : Unable to get the document Window Handle
W, 5176, 15, 2013/05/23, 09:21:15.515, 2407570675181, QTAgent32.exe, PERF WARNING: FindAllDescendents: took 714 ms. Expected it to take maximum 500 ms.
W, 5176, 15, 2013/05/23, 09:21:16.626, 2407586578391, QTAgent32.exe, &lt;a class=success&gt;Playback - {111} [SUCCESS] MouseButtonClick - "[Web]ControlType='Hyperlink' &amp;&amp; TagName='A' &amp;&amp; Id='' &amp;&amp; Name='' &amp;&amp; Target='' &amp;&amp; InnerText='Renewals Maintenance' &amp;&amp; FilterCondition(AbsolutePath='/sysmaint/content/leftbar.asp', Title='', Href='https://www.insur-econnect.com/sysmaint/content/leftbar.asp#', Class='', ControlDefinition='style="COLOR: white" href="#"', TagInstance='39')"
\0&lt;/a&gt;
W, 5176, 15, 2013/05/23, 09:21:17.048, 2407592621609, QTAgent32.exe, &lt;a class=success&gt;Playback - {112} [SUCCESS] MouseButtonClick - "[Web]ControlType='Hyperlink' &amp;&amp; TagName='A' &amp;&amp; Id='' &amp;&amp; Name='' &amp;&amp; Target='content' &amp;&amp; InnerText='Create a Motor Test Renewal Invitation' &amp;&amp; FilterCondition(AbsolutePath='/sysmaint/content/AddTestRenewalNotice.asp', Title='', Href='https://www.insur-econnect.com/sysmaint/content/AddTestRenewalNotice.asp', Class='itemlink', ControlDefinition='class=itemlink href="AddTestRenewalNotic', TagInstance='1')"
\0&lt;/a&gt;
E, 5176, 15, 2013/05/23, 09:21:18.961, 2407620006404, QTAgent32.exe, Exception: System.NotSupportedException
	Message: Internal Error: This method on IEWebControlElement should not get called.
	Stack Trace:    at Microsoft.VisualStudio.TestTools.UITest.Extension.IE.BrowserOptionElementNode.InvokeProgrammaticAction(ProgrammaticActionOption programmaticActionOption)
	BaseExceptionMessage: Internal Error: This method on IEWebControlElement should not get called.

W, 5176, 15, 2013/05/23, 09:21:19.171, 2407623016026, QTAgent32.exe, &lt;a class=success&gt;Playback - {113} [SUCCESS] SetValueAsComboBox "Highway Insurance" - "[Web]ControlType='ComboBox' &amp;&amp; TagName='SELECT' &amp;&amp; Id='InsurerID' &amp;&amp; Name='InsurerID' &amp;&amp; FilterCondition(Size='0', LabeledBy='', Title='', ItemCount='54', Class='', ControlDefinition='id=InsurerID onchange=selectInsurer() na', TagInstance='1')"  &lt; SetValueAsComboBox, set by clicking on the item in the list box &gt;
\0&lt;/a&gt;
W, 5176, 15, 2013/05/23, 09:21:19.989, 2407634740041, QTAgent32.exe, &lt;a class=success&gt;Playback - {114} [SUCCESS] SetValueAsEditBox "7071001639" - "[Web]ControlType='Edit' &amp;&amp; TagName='INPUT' &amp;&amp; Id='' &amp;&amp; Name='txtPolicyNumber' &amp;&amp; LabeledBy='' &amp;&amp; Type='SINGLELINE' &amp;&amp; FilterCondition(Title='', Class='', ControlDefinition='name=txtPolicyNumber align=left size=15', TagInstance='1')"  &lt; Set via SendKeys &gt;
\0&lt;/a&gt;
W, 5176, 15, 2013/05/23, 09:21:20.385, 2407640404745, QTAgent32.exe, &lt;a class=success&gt;Playback - {115} [SUCCESS] SetValueAsEditBox "30/5/2013" - "[Web]ControlType='Edit' &amp;&amp; TagName='INPUT' &amp;&amp; Id='' &amp;&amp; Name='txtAutoLapseDate' &amp;&amp; LabeledBy='' &amp;&amp; Type='SINGLELINE' &amp;&amp; FilterCondition(Title='', Class='', ControlDefinition='name=txtAutoLapseDate maxLength=10 value', TagInstance='8')"  &lt; Set via SendKeys &gt;
\0&lt;/a&gt;
W, 5176, 15, 2013/05/23, 09:21:20.924, 2407648116944, QTAgent32.exe, &lt;a class=success&gt;Playback - {116} [SUCCESS] MouseButtonClick - "[Web]ControlType='Button' &amp;&amp; TagName='INPUT' &amp;&amp; Id='buttonCreate' &amp;&amp; Name='buttonCreate' &amp;&amp; FilterCondition(DisplayText='  Create Record  ', Type='button', Title='Click to create the new record', Class='', ControlDefinition='id=buttonCreate title="Click to create t', TagInstance='10')"
\0&lt;/a&gt;
W, 5176, 15, 2013/05/23, 09:21:21.171, 2407651661013, QTAgent32.exe, &lt;a class=success&gt;Playback - {117} [SUCCESS] MouseButtonClick - "[MSAA, VisibleOnly]ControlType='Button' &amp;&amp; Name='OK'"
\0&lt;/a&gt;
W, 5176, 15, 2013/05/23, 09:21:26.342, 2407725695571, QTAgent32.exe, &lt;a class=success&gt;Playback - {118} [SUCCESS] TypeString "%({F4})"
\0&lt;/a&gt;
W, 5176, 15, 2013/05/23, 09:21:26.952, 2407734425296, QTAgent32.exe, &lt;a class=success&gt;Playback - {119} [SUCCESS] SendKeys "^{HOME}" - "[MSAA, VisibleOnly]ControlType='Edit'"
\0&lt;/a&gt;
E, 5176, 15, 2013/05/23, 09:21:26.952, 2407734427211, QTAgent32.exe, Msaa.GetFocusedElement: could not find accessible object of foreground window
W, 5176, 15, 2013/05/23, 09:21:27.004, 2407735169616, QTAgent32.exe, &lt;a class=success&gt;Playback - {120} [SUCCESS] SendKeys "^+{END}" - "[MSAA, VisibleOnly]ControlType='Edit'"
\0&lt;/a&gt;
E, 5176, 15, 2013/05/23, 09:21:27.004, 2407735171103, QTAgent32.exe, Msaa.GetFocusedElement: could not find accessible object of foreground window
W, 5176, 15, 2013/05/23, 09:21:27.016, 2407735349225, QTAgent32.exe, &lt;a class=success&gt;Playback - {121} [SUCCESS] SendKeys "{DELETE}" - "[MSAA, VisibleOnly]ControlType='Edit'"
\0&lt;/a&gt;
W, 5176, 15, 2013/05/23, 09:21:27.243, 2407738594998, QTAgent32.exe, &lt;a class=success&gt;Playback - {122} [SUCCESS] SetValueAsEditBox "30/05/2012" - "[MSAA, VisibleOnly]ControlType='Edit'"  &lt; Set via SendKeys &gt;
\0&lt;/a&gt;
W, 5176, 15, 2013/05/23, 09:21:27.582, 2407743445022, QTAgent32.exe, &lt;a class=success&gt;Playback - {123} [SUCCESS] MouseButtonClick - "[MSAA, VisibleOnly]ControlType='Button' &amp;&amp; Name='OK'"
\0&lt;/a&gt;
W, 5176, 15, 2013/05/23, 09:21:28.630, 2407758455220, QTAgent32.exe, &lt;a class=success&gt;Playback - {124} [SUCCESS] MouseButtonClick - "[MSAA, VisibleOnly]ControlType='Client'"
\0&lt;/a&gt;
W, 5176, 15, 2013/05/23, 09:21:28.917, 2407762563710, QTAgent32.exe, &lt;a class=success&gt;Playback - {125} [SUCCESS] MouseButtonClick - "[MSAA, VisibleOnly]ControlType='Client'"
\0&lt;/a&gt;
W, 5176, 15, 2013/05/23, 09:21:29.744, 2407774408699, QTAgent32.exe, &lt;a class=success&gt;Playback - {126} [SUCCESS] SetValueAsEditBox "AUTO132" - "[MSAA, VisibleOnly]ControlType='Edit'"  &lt; Set via SendKeys &gt;
\0&lt;/a&gt;
W, 5176, 15, 2013/05/23, 09:21:30.031, 2407778511290, QTAgent32.exe, &lt;a class=success&gt;Playback - {127} [SUCCESS] SetValueAsEditBox "-1001" - "[MSAA, VisibleOnly]ControlType='Edit'"  &lt; Set via SendKeys &gt;
\0&lt;/a&gt;
W, 5176, 15, 2013/05/23, 09:21:30.183, 2407780685478, QTAgent32.exe, &lt;a class=success&gt;Playback - {128} [SUCCESS] SendKeys "^{HOME}" - "[MSAA, VisibleOnly]ControlType='Edit'"
\0&lt;/a&gt;
E, 5176, 15, 2013/05/23, 09:21:30.183, 2407780687675, QTAgent32.exe, Msaa.GetFocusedElement: could not find accessible object of foreground window
W, 5176, 15, 2013/05/23, 09:21:30.235, 2407781429612, QTAgent32.exe, &lt;a class=success&gt;Playback - {129} [SUCCESS] SendKeys "^+{END}" - "[MSAA, VisibleOnly]ControlType='Edit'"
\0&lt;/a&gt;
E, 5176, 15, 2013/05/23, 09:21:30.235, 2407781431064, QTAgent32.exe, Msaa.GetFocusedElement: could not find accessible object of foreground window
W, 5176, 15, 2013/05/23, 09:21:30.247, 2407781602041, QTAgent32.exe, &lt;a class=success&gt;Playback - {130} [SUCCESS] SendKeys "{DELETE}" - "[MSAA, VisibleOnly]ControlType='Edit'"
\0&lt;/a&gt;
W, 5176, 15, 2013/05/23, 09:21:30.459, 2407784640231, QTAgent32.exe, &lt;a class=success&gt;Playback - {131} [SUCCESS] SetValueAsEditBox "30/05/2012" - "[MSAA, VisibleOnly]ControlType='Edit'"  &lt; Set via SendKeys &gt;
\0&lt;/a&gt;
W, 5176, 15, 2013/05/23, 09:21:30.960, 2407791815469, QTAgent32.exe, &lt;a class=success&gt;Playback - {132} [SUCCESS] MouseButtonClick - "[MSAA, VisibleOnly]ControlType='Button' &amp;&amp; Name='Regress'"
\0&lt;/a&gt;
W, 5176, 15, 2013/05/23, 09:21:33.205, 2407823959768, QTAgent32.exe, &lt;a class=success&gt;Playback - {133} [SUCCESS] MouseButtonClick - "[MSAA, VisibleOnly]ControlType='Button' &amp;&amp; Name='Exit'"
\0&lt;/a&gt;
W, 5176, 15, 2013/05/23, 09:21:33.469, 2407827752546, QTAgent32.exe, &lt;a class=success&gt;Playback - {134} [SUCCESS] MouseButtonClick - "[MSAA, VisibleOnly]ControlType='Button'"
\0&lt;/a&gt;
W, 5176, 15, 2013/05/23, 09:21:33.700, 2407831049630, QTAgent32.exe, &lt;a class=success&gt;Playback - {135} [SUCCESS] MouseButtonClick - "[MSAA, VisibleOnly]ControlType='Button' &amp;&amp; Name='Options'"
\0&lt;/a&gt;
W, 5176, 15, 2013/05/23, 09:21:33.800, 2407832486515, QTAgent32.exe, FindScreenElementInSinglePass : Attempting to find control in one pass of search. Failures can occur.
W, 5176, 15, 2013/05/23, 09:21:33.945, 2407834558201, QTAgent32.exe, &lt;a class=success&gt;Playback - {136} [SUCCESS] MouseButtonClick - "[MSAA]ControlType='MenuItem' &amp;&amp; Name='Links'"
\0&lt;/a&gt;
W, 5176, 15, 2013/05/23, 09:21:34.046, 2407835996184, QTAgent32.exe, FindScreenElementInSinglePass : Attempting to find control in one pass of search. Failures can occur.
W, 5176, 15, 2013/05/23, 09:21:34.198, 2407838174192, QTAgent32.exe, &lt;a class=success&gt;Playback - {137} [SUCCESS] MouseButtonClick - "[MSAA]ControlType='MenuItem' &amp;&amp; Name='3rd Party Integration'"
\0&lt;/a&gt;
W, 5176, 15, 2013/05/23, 09:21:34.298, 2407839609282, QTAgent32.exe, FindScreenElementInSinglePass : Attempting to find control in one pass of search. Failures can occur.
W, 5176, 15, 2013/05/23, 09:21:34.445, 2407841717250, QTAgent32.exe, &lt;a class=success&gt;Playback - {138} [SUCCESS] MouseButtonClick - "[MSAA]ControlType='MenuItem' &amp;&amp; Name='Renewals Loader'"
\0&lt;/a&gt;
W, 5176, 15, 2013/05/23, 09:21:34.714, 2407845561146, QTAgent32.exe, &lt;a class=success&gt;Playback - {139} [SUCCESS] MouseButtonClick - "[MSAA, VisibleOnly]ControlType='TitleBar'"
\0&lt;/a&gt;
W, 5176, 15, 2013/05/23, 09:21:34.897, 2407848184283, QTAgent32.exe, &lt;a class=success&gt;Playback - {140} [SUCCESS] SendKeys "^{HOME}" - "[MSAA, VisibleOnly]ControlType='Edit'"
\0&lt;/a&gt;
E, 5176, 15, 2013/05/23, 09:21:34.897, 2407848186513, QTAgent32.exe, Msaa.GetFocusedElement: could not find accessible object of foreground window
W, 5176, 15, 2013/05/23, 09:21:34.974, 2407849286496, QTAgent32.exe, &lt;a class=success&gt;Playback - {141} [SUCCESS] SendKeys "^+{END}" - "[MSAA, VisibleOnly]ControlType='Edit'"
\0&lt;/a&gt;
E, 5176, 15, 2013/05/23, 09:21:34.974, 2407849288550, QTAgent32.exe, Msaa.GetFocusedElement: could not find accessible object of foreground window
W, 5176, 15, 2013/05/23, 09:21:34.988, 2407849493307, QTAgent32.exe, &lt;a class=success&gt;Playback - {142} [SUCCESS] SendKeys "{DELETE}" - "[MSAA, VisibleOnly]ControlType='Edit'"
\0&lt;/a&gt;
W, 5176, 15, 2013/05/23, 09:21:35.218, 2407852779733, QTAgent32.exe, &lt;a class=success&gt;Playback - {143} [SUCCESS] SetValueAsEditBox "23/05/2013" - "[MSAA, VisibleOnly]ControlType='Edit'"  &lt; Set via SendKeys &gt;
\0&lt;/a&gt;
W, 5176, 15, 2013/05/23, 09:21:35.378, 2407855079788, QTAgent32.exe, &lt;a class=success&gt;Playback - {144} [SUCCESS] SendKeys "^{HOME}" - "[MSAA, VisibleOnly]ControlType='Edit'"
\0&lt;/a&gt;
E, 5176, 15, 2013/05/23, 09:21:35.378, 2407855082524, QTAgent32.exe, Msaa.GetFocusedElement: could not find accessible object of foreground window
W, 5176, 15, 2013/05/23, 09:21:35.640, 2407858834236, QTAgent32.exe, &lt;a class=success&gt;Playback - {145} [SUCCESS] SendKeys "^+{END}" - "[MSAA, VisibleOnly]ControlType='Edit'"
\0&lt;/a&gt;
E, 5176, 15, 2013/05/23, 09:21:35.641, 2407858836694, QTAgent32.exe, Msaa.GetFocusedElement: could not find accessible object of foreground window
W, 5176, 15, 2013/05/23, 09:21:35.654, 2407859031768, QTAgent32.exe, &lt;a class=success&gt;Playback - {146} [SUCCESS] SendKeys "{DELETE}" - "[MSAA, VisibleOnly]ControlType='Edit'"
\0&lt;/a&gt;
W, 5176, 15, 2013/05/23, 09:21:36.221, 2407867151913, QTAgent32.exe, &lt;a class=success&gt;Playback - {147} [SUCCESS] SetValueAsEditBox "06/06/2013" - "[MSAA, VisibleOnly]ControlType='Edit'"  &lt; Set via SendKeys &gt;
\0&lt;/a&gt;
W, 5176, 15, 2013/05/23, 09:21:36.638, 2407873117929, QTAgent32.exe, &lt;a class=success&gt;Playback - {148} [SUCCESS] MouseButtonClick - "[MSAA, VisibleOnly]ControlType='Button' &amp;&amp; Name='Run'"
\0&lt;/a&gt;
W, 5176, 15, 2013/05/23, 09:21:42.017, 2407950126530, QTAgent32.exe, Playback - [WARNING] Internal warning: Window Not Found: [VisibleOnly]Name='insurE-com System Maintenance' &amp;&amp; ClassName='IEFrame' &amp;&amp; ControlType='Window'
\0
E, 5176, 15, 2013/05/23, 09:21:42.017, 2407950128703, QTAgent32.exe, &lt;a class=failure&gt;Playback - {149} [FAILED] Function ElementFetcher::FindScreenElement failed to locate UI element (Searching: ;[VisibleOnly]Name='insurE-com System Maintenance' &amp;&amp; ClassName='IEFrame' &amp;&amp; ControlType='Window') (The object specified was not found.)
\0&lt;/a&gt;
E, 5176, 15, 2013/05/23, 09:21:42.055, 2407950679978, QTAgent32.exe, Playback - [IMAGE] C:\Users\testuser\AppData\Local\Temp\UITestLogs\LastRun\RPF22AA.png
\0
W, 5176, 15, 2013/05/23, 09:21:42.055, 2407950681559, QTAgent32.exe, Playback - [WARNING] Internal warning: Couldn't find descendants that match QueryId
\0
W, 5176, 15, 2013/05/23, 09:22:00.057, 2408208441479, QTAgent32.exe, Playback - [WARNING] Internal warning: Window Not Found: [VisibleOnly]Name='insurE-com System Maintenance' &amp;&amp; ClassName='IEFrame' &amp;&amp; ControlType='Window'
\0
E, 5176, 15, 2013/05/23, 09:22:00.058, 2408208444459, QTAgent32.exe, &lt;a class=failure&gt;Playback - {150} [FAILED] Function ElementFetcher::FindScreenElement failed to locate UI element (Searching: ;[VisibleOnly]Name='insurE-com System Maintenance' &amp;&amp; ClassName='IEFrame' &amp;&amp; ControlType='Window') (The object specified was not found.)
\0&lt;/a&gt;
E, 5176, 15, 2013/05/23, 09:22:00.094, 2408208966739, QTAgent32.exe, Playback - [IMAGE] C:\Users\testuser\AppData\Local\Temp\UITestLogs\LastRun\RPF692C.png
\0
W, 5176, 15, 2013/05/23, 09:22:00.094, 2408208968362, QTAgent32.exe, Playback - [WARNING] Internal warning: Couldn't find descendants that match QueryId
\0
W, 5176, 15, 2013/05/23, 09:22:00.094, 2408208971055, QTAgent32.exe, PERF WARNING: FindTopLevelWindowHelper::FindAllDescendents: took 18038 ms. Expected it to take maximum 500 ms.
W, 5176, 15, 2013/05/23, 09:22:00.544, 2408215407869, QTAgent32.exe, Playback - [WARNING] Internal warning: Smart Match failed
\0
W, 5176, 15, 2013/05/23, 09:22:00.763, 2408218542209, QTAgent32.exe, Playback - [WARNING] Internal warning: Smart Match failed
\0
W, 5176, 15, 2013/05/23, 09:22:00.971, 2408221519118, QTAgent32.exe, Playback - [WARNING] Internal warning: Smart Match failed
\0
W, 5176, 15, 2013/05/23, 09:22:01.164, 2408224294200, QTAgent32.exe, Playback - [WARNING] Internal warning: Smart Match failed
\0
W, 5176, 15, 2013/05/23, 09:22:01.360, 2408227101257, QTAgent32.exe, Playback - [WARNING] Internal warning: Smart Match failed
\0
W, 5176, 15, 2013/05/23, 09:22:01.557, 2408229906530, QTAgent32.exe, Playback - [WARNING] Internal warning: Smart Match failed
\0
W, 5176, 15, 2013/05/23, 09:22:01.750, 2408232678427, QTAgent32.exe, Playback - [WARNING] Internal warning: Smart Match failed
\0
W, 5176, 15, 2013/05/23, 09:22:01.944, 2408235451856, QTAgent32.exe, Playback - [WARNING] Internal warning: Smart Match failed
\0
W, 5176, 15, 2013/05/23, 09:22:02.137, 2408238219484, QTAgent32.exe, Playback - [WARNING] Internal warning: Smart Match failed
\0
W, 5176, 15, 2013/05/23, 09:22:02.330, 2408240983908, QTAgent32.exe, Playback - [WARNING] Internal warning: Smart Match failed
\0
W, 5176, 15, 2013/05/23, 09:22:02.525, 2408243773085, QTAgent32.exe, Playback - [WARNING] Internal warning: Smart Match failed
\0
W, 5176, 15, 2013/05/23, 09:22:02.720, 2408246569359, QTAgent32.exe, Playback - [WARNING] Internal warning: Smart Match failed
\0
W, 5176, 15, 2013/05/23, 09:22:02.931, 2408249590463, QTAgent32.exe, Playback - [WARNING] Internal warning: Smart Match failed
\0
W, 5176, 15, 2013/05/23, 09:22:03.126, 2408252374555, QTAgent32.exe, Playback - [WARNING] Internal warning: Smart Match failed
\0
W, 5176, 15, 2013/05/23, 09:22:03.213, 2408253621803, QTAgent32.exe, Playback - [WARNING] Internal warning: Window Not Found: [VisibleOnly]Name='insurE-com System Maintenance' &amp;&amp; ClassName='IEFrame' &amp;&amp; ControlType='Window'
\0
E, 5176, 15, 2013/05/23, 09:22:03.213, 2408253623730, QTAgent32.exe, &lt;a class=failure&gt;Playback - {151} [FAILED] Function ElementFetcher::FindScreenElement failed to locate UI element (Searching: ;[VisibleOnly]Name='insurE-com System Maintenance' &amp;&amp; ClassName='IEFrame' &amp;&amp; ControlType='Window') (The object specified was not found.)
\0&lt;/a&gt;
E, 5176, 15, 2013/05/23, 09:22:03.249, 2408254134059, QTAgent32.exe, Playback - [IMAGE] C:\Users\testuser\AppData\Local\Temp\UITestLogs\LastRun\RPF757C.png
\0
W, 5176, 15, 2013/05/23, 09:22:03.249, 2408254135660, QTAgent32.exe, Playback - [WARNING] Internal warning: Couldn't find descendants that match QueryId
\0
W, 5176, 15, 2013/05/23, 09:22:03.249, 2408254138400, QTAgent32.exe, PERF WARNING: FindTopLevelWindowHelper::FindAllDescendents: took 3154 ms. Expected it to take maximum 500 ms.
E, 5176, 15, 2013/05/23, 09:22:03.249, 2408254140103, QTAgent32.exe, Exception: System.Runtime.InteropServices.COMException
	Message: Error HRESULT E_FAIL has been returned from a call to a COM component.
	Stack Trace:    at Microsoft.VisualStudio.TestTools.UITest.Playback.Engine.IRPFPlayback.FindAllScreenElements(IScreenElement pScreenElementStart, String bstrQueryId, Object&amp; pvarResKeys, Int32 cResKeys, Int32 nMaxDepth, Object[]&amp; foundDescendants)
   at Microsoft.VisualStudio.TestTools.UITest.Playback.ScreenElement.FindTopLevelWindowHelper(String queryId)
	BaseExceptionMessage: Error HRESULT E_FAIL has been returned from a call to a COM component.

E, 5176, 15, 2013/05/23, 09:22:03.249, 2408254142655, QTAgent32.exe, Window 263086 not responding. Last Win32 error 0
E, 5176, 15, 2013/05/23, 09:22:03.249, 2408254143527, QTAgent32.exe, GetClassName for handle 263086 failed
E, 5176, 15, 2013/05/23, 09:22:03.251, 2408254168133, QTAgent32.exe, Window 263086 not responding. Last Win32 error 1400
E, 5176, 15, 2013/05/23, 09:22:03.252, 2408254174911, QTAgent32.exe, GetClassName for handle 263086 failed
E, 5176, 15, 2013/05/23, 09:22:03.352, 2408255620170, QTAgent32.exe, AL: Playback Error: Microsoft.VisualStudio.TestTools.UITest.Extension.UITestControlNotAvailableException: The control is not available or not valid. Additional Details: 
TechnologyName:  'MSAA'
Name:  'insurE-com System Maintenance'
ClassName:  'IEFrame'
ControlType:  'Window'
 ---&gt; System.Runtime.InteropServices.COMException: Error HRESULT E_FAIL has been returned from a call to a COM component.
   at Microsoft.VisualStudio.TestTools.UITest.Playback.Engine.IRPFPlayback.FindAllScreenElements(IScreenElement pScreenElementStart, String bstrQueryId, Object&amp; pvarResKeys, Int32 cResKeys, Int32 nMaxDepth, Object[]&amp; foundDescendants)
   at Microsoft.VisualStudio.TestTools.UITest.Playback.ScreenElement.FindTopLevelWindowHelper(String queryId)
   at Microsoft.VisualStudio.TestTools.UITest.Playback.ScreenElement.FindFromPartialQueryId(String queryId)
   at Microsoft.VisualStudio.TestTools.UITesting.UITestControl.EnsureValid(Boolean waitForReady, Boolean refetch)
   --- End of inner exception stack trace ---
   at Microsoft.VisualStudio.TestTools.UITesting.UITestControl.EnsureValid(Boolean waitForReady, Boolean refetch)
   at Microsoft.VisualStudio.TestTools.UITesting.UITestControl.SendKeys(String text, ModifierKeys modifierKeys, Boolean isEncoded, Boolean isUnicode)
   at Microsoft.VisualStudio.TestTools.UITesting.Keyboard.SendKeysImplementation(UITestControl control, String text, ModifierKeys modifierKeys, Boolean isEncoded, Boolean isUnicode)
   at Microsoft.VisualStudio.TestTools.UITesting.Keyboard.SendKeysImplementationWrapper(UITestControl control, String text, ModifierKeys modifierKeys, Boolean isEncoded, Boolean isUnicode)
W, 5176, 15, 2013/05/23, 09:22:03.353, 2408255621541, QTAgent32.exe, PlaybackErrorHandler: Ignoring exception as ContinueOnError is set.
W, 5176, 15, 2013/05/23, 09:22:04.037, 2408265427734, QTAgent32.exe, &lt;a class=success&gt;Playback - {152} [SUCCESS] MouseButtonClick - "[MSAA, VisibleOnly]ControlType='TitleBar'"
\0&lt;/a&gt;
W, 5176, 15, 2013/05/23, 09:22:04.271, 2408268773964, QTAgent32.exe, &lt;a class=success&gt;Playback - {153} [SUCCESS] MouseButtonClick - "[MSAA, VisibleOnly]ControlType='Button' &amp;&amp; Name='Close'"
\0&lt;/a&gt;
W, 5176, 15, 2013/05/23, 09:22:05.088, 2408280476115, QTAgent32.exe, &lt;a class=success&gt;Playback - {154} [SUCCESS] MouseButtonClick - "[MSAA, VisibleOnly]ControlType='Button' &amp;&amp; Name='Options'"
\0&lt;/a&gt;
W, 5176, 15, 2013/05/23, 09:22:05.188, 2408281910247, QTAgent32.exe, FindScreenElementInSinglePass : Attempting to find control in one pass of search. Failures can occur.
W, 5176, 15, 2013/05/23, 09:22:05.332, 2408283962600, QTAgent32.exe, &lt;a class=success&gt;Playback - {155} [SUCCESS] MouseButtonClick - "[MSAA]ControlType='MenuItem' &amp;&amp; Name='Links'"
\0&lt;/a&gt;
W, 5176, 15, 2013/05/23, 09:22:05.432, 2408285397568, QTAgent32.exe, FindScreenElementInSinglePass : Attempting to find control in one pass of search. Failures can occur.
W, 5176, 15, 2013/05/23, 09:22:05.583, 2408287549501, QTAgent32.exe, &lt;a class=success&gt;Playback - {156} [SUCCESS] MouseButtonClick - "[MSAA]ControlType='MenuItem' &amp;&amp; Name='3rd Party Integration'"
\0&lt;/a&gt;
W, 5176, 15, 2013/05/23, 09:22:05.683, 2408288985165, QTAgent32.exe, FindScreenElementInSinglePass : Attempting to find control in one pass of search. Failures can occur.
W, 5176, 15, 2013/05/23, 09:22:05.832, 2408291122117, QTAgent32.exe, &lt;a class=success&gt;Playback - {157} [SUCCESS] MouseButtonClick - "[MSAA]ControlType='MenuItem' &amp;&amp; Name='Renewals Module'"
\0&lt;/a&gt;
W, 5176, 15, 2013/05/23, 09:22:06.450, 2408299966952, QTAgent32.exe, &lt;a class=success&gt;Playback - {158} [SUCCESS] SetValueAsEditBox "1" - "[MSAA, VisibleOnly]ControlType='Edit'"  &lt; Set via SendKeys &gt;
\0&lt;/a&gt;
W, 5176, 15, 2013/05/23, 09:22:07.003, 2408307892563, QTAgent32.exe, &lt;a class=success&gt;Playback - {159} [SUCCESS] MouseButtonClick - "[MSAA, VisibleOnly]ControlType='Button' &amp;&amp; Name='Ok'"
\0&lt;/a&gt;
W, 5176, 15, 2013/05/23, 09:22:07.341, 2408312726369, QTAgent32.exe, Playback - [WARNING] Internal warning: Window Not Found: [VisibleOnly]ControlType='Window' &amp;&amp; Name='Confirm' &amp;&amp; ClassName='#32770'
\0
E, 5176, 15, 2013/05/23, 09:22:07.341, 2408312728709, QTAgent32.exe, &lt;a class=failure&gt;Playback - {160} [FAILED] Function ElementFetcher::FindScreenElement failed to locate UI element (Searching: ;[VisibleOnly]ControlType='Window' &amp;&amp; Name='Confirm' &amp;&amp; ClassName='#32770') (The object specified was not found.)
\0&lt;/a&gt;
E, 5176, 15, 2013/05/23, 09:22:07.382, 2408313322486, QTAgent32.exe, Playback - [IMAGE] C:\Users\testuser\AppData\Local\Temp\UITestLogs\LastRun\RPF8594.png
\0
W, 5176, 15, 2013/05/23, 09:22:07.383, 2408313324190, QTAgent32.exe, Playback - [WARNING] Internal warning: Couldn't find descendants that match QueryId
\0
W, 5176, 15, 2013/05/23, 09:22:25.453, 2408572062930, QTAgent32.exe, Playback - [WARNING] Internal warning: Window Not Found: [VisibleOnly]ControlType='Window' &amp;&amp; Name='Confirm' &amp;&amp; ClassName='#32770'
\0
E, 5176, 15, 2013/05/23, 09:22:25.454, 2408572065374, QTAgent32.exe, &lt;a class=failure&gt;Playback - {161} [FAILED] Function ElementFetcher::FindScreenElement failed to locate UI element (Searching: ;[VisibleOnly]ControlType='Window' &amp;&amp; Name='Confirm' &amp;&amp; ClassName='#32770') (The object specified was not found.)
\0&lt;/a&gt;
E, 5176, 15, 2013/05/23, 09:22:25.494, 2408572647602, QTAgent32.exe, Playback - [IMAGE] C:\Users\testuser\AppData\Local\Temp\UITestLogs\LastRun\RPFCC55.png
\0
W, 5176, 15, 2013/05/23, 09:22:25.494, 2408572649091, QTAgent32.exe, Playback - [WARNING] Internal warning: Couldn't find descendants that match QueryId
\0
W, 5176, 15, 2013/05/23, 09:22:25.495, 2408572651967, QTAgent32.exe, PERF WARNING: FindTopLevelWindowHelper::FindAllDescendents: took 18111 ms. Expected it to take maximum 500 ms.
W, 5176, 15, 2013/05/23, 09:22:25.944, 2408579093940, QTAgent32.exe, Playback - [WARNING] Internal warning: Smart Match failed
\0
W, 5176, 15, 2013/05/23, 09:22:26.137, 2408581858410, QTAgent32.exe, Playback - [WARNING] Internal warning: Smart Match failed
\0
W, 5176, 15, 2013/05/23, 09:22:26.329, 2408584598339, QTAgent32.exe, Playback - [WARNING] Internal warning: Smart Match failed
\0
W, 5176, 15, 2013/05/23, 09:22:26.520, 2408587330851, QTAgent32.exe, Playback - [WARNING] Internal warning: Smart Match failed
\0
W, 5176, 15, 2013/05/23, 09:22:26.710, 2408590055999, QTAgent32.exe, Playback - [WARNING] Internal warning: Smart Match failed
\0
W, 5176, 15, 2013/05/23, 09:22:26.910, 2408592920438, QTAgent32.exe, Playback - [WARNING] Internal warning: Smart Match failed
\0
W, 5176, 15, 2013/05/23, 09:22:27.101, 2408595651199, QTAgent32.exe, Playback - [WARNING] Internal warning: Smart Match failed
\0
W, 5176, 15, 2013/05/23, 09:22:27.291, 2408598378698, QTAgent32.exe, Playback - [WARNING] Internal warning: Smart Match failed
\0
W, 5176, 15, 2013/05/23, 09:22:27.483, 2408601128371, QTAgent32.exe, Playback - [WARNING] Internal warning: Smart Match failed
\0
W, 5176, 15, 2013/05/23, 09:22:27.676, 2408603893684, QTAgent32.exe, Playback - [WARNING] Internal warning: Smart Match failed
\0
W, 5176, 15, 2013/05/23, 09:22:27.869, 2408606651411, QTAgent32.exe, Playback - [WARNING] Internal warning: Smart Match failed
\0
W, 5176, 15, 2013/05/23, 09:22:28.061, 2408609407582, QTAgent32.exe, Playback - [WARNING] Internal warning: Smart Match failed
\0
W, 5176, 15, 2013/05/23, 09:22:28.255, 2408612183710, QTAgent32.exe, Playback - [WARNING] Internal warning: Smart Match failed
\0
W, 5176, 15, 2013/05/23, 09:22:28.447, 2408614928987, QTAgent32.exe, Playback - [WARNING] Internal warning: Smart Match failed
\0
W, 5176, 15, 2013/05/23, 09:22:28.530, 2408616117006, QTAgent32.exe, Playback - [WARNING] Internal warning: Window Not Found: [VisibleOnly]ControlType='Window' &amp;&amp; Name='Confirm' &amp;&amp; ClassName='#32770'
\0
E, 5176, 15, 2013/05/23, 09:22:28.530, 2408616118547, QTAgent32.exe, &lt;a class=failure&gt;Playback - {162} [FAILED] Function ElementFetcher::FindScreenElement failed to locate UI element (Searching: ;[VisibleOnly]ControlType='Window' &amp;&amp; Name='Confirm' &amp;&amp; ClassName='#32770') (The object specified was not found.)
\0&lt;/a&gt;
E, 5176, 15, 2013/05/23, 09:22:28.574, 2408616754596, QTAgent32.exe, Playback - [IMAGE] C:\Users\testuser\AppData\Local\Temp\UITestLogs\LastRun\RPFD866.png
\0
W, 5176, 15, 2013/05/23, 09:22:28.574, 2408616756154, QTAgent32.exe, Playback - [WARNING] Internal warning: Couldn't find descendants that match QueryId
\0
W, 5176, 15, 2013/05/23, 09:22:28.575, 2408616758795, QTAgent32.exe, PERF WARNING: FindTopLevelWindowHelper::FindAllDescendents: took 3080 ms. Expected it to take maximum 500 ms.
E, 5176, 15, 2013/05/23, 09:22:28.575, 2408616760345, QTAgent32.exe, Exception: System.Runtime.InteropServices.COMException
	Message: Error HRESULT E_FAIL has been returned from a call to a COM component.
	Stack Trace:    at Microsoft.VisualStudio.TestTools.UITest.Playback.Engine.IRPFPlayback.FindAllScreenElements(IScreenElement pScreenElementStart, String bstrQueryId, Object&amp; pvarResKeys, Int32 cResKeys, Int32 nMaxDepth, Object[]&amp; foundDescendants)
   at Microsoft.VisualStudio.TestTools.UITest.Playback.ScreenElement.FindTopLevelWindowHelper(String queryId)
	BaseExceptionMessage: Error HRESULT E_FAIL has been returned from a call to a COM component.

E, 5176, 15, 2013/05/23, 09:22:28.675, 2408618202920, QTAgent32.exe, AL: Playback Error: Microsoft.VisualStudio.TestTools.UITest.Extension.UITestControlNotFoundException: The playback failed to find the control with the given search properties. Additional Details: 
TechnologyName:  'MSAA'
ControlType:  'Window'
Name:  'Confirm'
ClassName:  '#32770'
 ---&gt; System.Runtime.InteropServices.COMException: Error HRESULT E_FAIL has been returned from a call to a COM component.
   at Microsoft.VisualStudio.TestTools.UITest.Playback.Engine.IRPFPlayback.FindAllScreenElements(IScreenElement pScreenElementStart, String bstrQueryId, Object&amp; pvarResKeys, Int32 cResKeys, Int32 nMaxDepth, Object[]&amp; foundDescendants)
   at Microsoft.VisualStudio.TestTools.UITest.Playback.ScreenElement.FindTopLevelWindowHelper(String queryId)
   at Microsoft.VisualStudio.TestTools.UITest.Playback.ScreenElement.FindFromPartialQueryId(String queryId)
   at Microsoft.VisualStudio.TestTools.UITesting.UITestControl..ctor(String queryId)
   --- End of inner exception stack trace ---
   at Microsoft.VisualStudio.TestTools.UITesting.Playback.MapControlNotFoundException(COMException ex, IPlaybackContext context)
   at Microsoft.VisualStudio.TestTools.UITesting.Playback.MapAndThrowComException(COMException innerException, IPlaybackContext context)
   at Microsoft.VisualStudio.TestTools.UITesting.Playback.MapAndThrowException(SystemException exception, IPlaybackContext context)
   at Microsoft.VisualStudio.TestTools.UITesting.Playback.MapAndThrowException(SystemException exception, String queryId)
   at Microsoft.VisualStudio.TestTools.UITesting.UITestControl..ctor(String queryId)
   at Microsoft.VisualStudio.TestTools.UITesting.SearchHelper.SearchTopLevelWindow(ISearchArgument topLevelSearchArg, String topLevelElementQueryId)
   at Microsoft.VisualStudio.TestTools.UITesting.SearchHelper.GetTitleUpdatedTopLevelWindow(ISearchArgument topLevelSearchArg, String queryId, IList`1 windowTitles)
   at Microsoft.VisualStudio.TestTools.UITesting.SearchHelper.GetTopLevelElement(Boolean useCache, Boolean useCacheOnly, ISearchArgument searchArg, IList`1 windowTitles, Int32&amp; timeLeft)
   at Microsoft.VisualStudio.TestTools.UITesting.SearchHelper.GetElement(Boolean useCache, ISearchArgument searchArg)
   at Microsoft.VisualStudio.TestTools.UITesting.SearchHelper.Search(ISearchArgument searchArg)
   at Microsoft.VisualStudio.TestTools.UITesting.UITestControl.FindInternal()
   at Microsoft.VisualStudio.TestTools.UITesting.UITestControl.FindControlIfNecessary()
   at Microsoft.VisualStudio.TestTools.UITesting.UITestControl.Click(MouseButtons button, ModifierKeys modifierKeys, Point relativeCoordinates)
   at Microsoft.VisualStudio.TestTools.UITesting.Mouse.ClickImplementation(UITestControl control, MouseButtons button, ModifierKeys modifierKeys, Point relativeCoordinate)
   at Microsoft.VisualStudio.TestTools.UITesting.Mouse.ClickImplementationWrapper(UITestControl control, MouseButtons button, ModifierKeys modifierKeys, Point relativeCoordinate)
W, 5176, 15, 2013/05/23, 09:22:28.676, 2408618204800, QTAgent32.exe, PlaybackErrorHandler: Ignoring exception as ContinueOnError is set.
W, 5176, 15, 2013/05/23, 09:22:29.087, 2408624089901, QTAgent32.exe, &lt;a class=success&gt;Playback - {163} [SUCCESS] MouseButtonClick - "[MSAA, VisibleOnly]ControlType='Button' &amp;&amp; Name='OK'"
\0&lt;/a&gt;
W, 5176, 15, 2013/05/23, 09:22:32.224, 2408669015137, QTAgent32.exe, Playback - [WARNING] Internal warning: Window Not Found: [VisibleOnly]ControlType='Window' &amp;&amp; Name='Policies Auto-Renewed &amp; Auto-Lapsed' &amp;&amp; ClassName='ThunderRT6FormDC'
\0
E, 5176, 15, 2013/05/23, 09:22:32.225, 2408669017438, QTAgent32.exe, &lt;a class=failure&gt;Playback - {164} [FAILED] Function ElementFetcher::FindScreenElement failed to locate UI element (Searching: ;[VisibleOnly]ControlType='Window' &amp;&amp; Name='Policies Auto-Renewed &amp; Auto-Lapsed' &amp;&amp; ClassName='ThunderRT6FormDC') (The object specified was not found.)
\0&lt;/a&gt;
E, 5176, 15, 2013/05/23, 09:22:32.266, 2408669608056, QTAgent32.exe, Playback - [IMAGE] C:\Users\testuser\AppData\Local\Temp\UITestLogs\LastRun\RPFE6D9.png
\0
W, 5176, 15, 2013/05/23, 09:22:32.266, 2408669609570, QTAgent32.exe, Playback - [WARNING] Internal warning: Couldn't find descendants that match QueryId
\0
W, 5176, 15, 2013/05/23, 09:22:32.266, 2408669612383, QTAgent32.exe, PERF WARNING: FindTopLevelWindowHelper::FindAllDescendents: took 3079 ms. Expected it to take maximum 500 ms.
W, 5176, 15, 2013/05/23, 09:22:37.160, 2408739679359, QTAgent32.exe, PERF WARNING: FindTopLevelWindowHelper::FindAllDescendents: took 4893 ms. Expected it to take maximum 500 ms.
W, 5176, 15, 2013/05/23, 09:22:37.331, 2408742129884, QTAgent32.exe, &lt;a class=success&gt;Playback - {165} [SUCCESS] MouseButtonClick - "[MSAA, VisibleOnly]ControlType='Button' &amp;&amp; Name='Exit'"
\0&lt;/a&gt;
W, 5176, 15, 2013/05/23, 09:22:37.636, 2408746492714, QTAgent32.exe, &lt;a class=success&gt;Playback - {166} [SUCCESS] MouseButtonClick - "[MSAA, VisibleOnly]ControlType='Button' &amp;&amp; Name='EDI Match...'"
\0&lt;/a&gt;
W, 5176, 15, 2013/05/23, 09:22:39.019, 2408766295558, QTAgent32.exe, &lt;a class=success&gt;Playback - {167} [SUCCESS] MouseButtonClick - "[MSAA, VisibleOnly]ControlType='Button' &amp;&amp; Name='Ok'"
\0&lt;/a&gt;
W, 5176, 15, 2013/05/23, 09:22:39.252, 2408769630060, QTAgent32.exe, &lt;a class=success&gt;Playback - {168} [SUCCESS] MouseButtonClick - "[MSAA, VisibleOnly]ControlType='Button' &amp;&amp; Name='OK'"
\0&lt;/a&gt;
W, 5176, 15, 2013/05/23, 09:22:39.496, 2408773129781, QTAgent32.exe, &lt;a class=success&gt;Playback - {169} [SUCCESS] MouseButtonClick - "[MSAA, VisibleOnly]ControlType='Button' &amp;&amp; Name='Log and Clear'"
\0&lt;/a&gt;
E, 5176, 15, 2013/05/23, 09:22:39.596, 2408774566485, QTAgent32.exe, GetClassName for handle 591224 failed
W, 5176, 15, 2013/05/23, 09:22:39.732, 2408776509023, QTAgent32.exe, &lt;a class=success&gt;Playback - {170} [SUCCESS] MouseButtonClick - "[MSAA, VisibleOnly]ControlType='Button' &amp;&amp; Name='OK'"
\0&lt;/a&gt;
W, 5176, 15, 2013/05/23, 09:22:39.982, 2408780085798, QTAgent32.exe, &lt;a class=success&gt;Playback - {171} [SUCCESS] MouseButtonClick - "[MSAA, VisibleOnly]ControlType='Button' &amp;&amp; Name='Filter...'"
\0&lt;/a&gt;
W, 5176, 15, 2013/05/23, 09:22:40.190, 2408783070765, QTAgent32.exe, &lt;a class=success&gt;Playback - {172} [SUCCESS] SendKeys "^{HOME}" - "[MSAA, VisibleOnly]ControlType='Edit'"
\0&lt;/a&gt;
E, 5176, 15, 2013/05/23, 09:22:40.190, 2408783072786, QTAgent32.exe, Msaa.GetFocusedElement: could not find accessible object of foreground window
W, 5176, 15, 2013/05/23, 09:22:40.242, 2408783815767, QTAgent32.exe, &lt;a class=success&gt;Playback - {173} [SUCCESS] SendKeys "^+{END}" - "[MSAA, VisibleOnly]ControlType='Edit'"
\0&lt;/a&gt;
E, 5176, 15, 2013/05/23, 09:22:40.242, 2408783817560, QTAgent32.exe, Msaa.GetFocusedElement: could not find accessible object of foreground window
W, 5176, 15, 2013/05/23, 09:22:40.255, 2408783995003, QTAgent32.exe, &lt;a class=success&gt;Playback - {174} [SUCCESS] SendKeys "{DELETE}" - "[MSAA, VisibleOnly]ControlType='Edit'"
\0&lt;/a&gt;
W, 5176, 15, 2013/05/23, 09:22:40.473, 2408787118651, QTAgent32.exe, &lt;a class=success&gt;Playback - {175} [SUCCESS] SetValueAsEditBox "30/05/13" - "[MSAA, VisibleOnly]ControlType='Edit'"  &lt; Set via SendKeys &gt;
\0&lt;/a&gt;
W, 5176, 15, 2013/05/23, 09:22:40.681, 2408790102027, QTAgent32.exe, &lt;a class=success&gt;Playback - {176} [SUCCESS] SendKeys "^{HOME}" - "[MSAA, VisibleOnly]ControlType='Edit'"
\0&lt;/a&gt;
E, 5176, 15, 2013/05/23, 09:22:40.681, 2408790104026, QTAgent32.exe, Msaa.GetFocusedElement: could not find accessible object of foreground window
W, 5176, 15, 2013/05/23, 09:22:40.740, 2408790939757, QTAgent32.exe, &lt;a class=success&gt;Playback - {177} [SUCCESS] SendKeys "^+{END}" - "[MSAA, VisibleOnly]ControlType='Edit'"
\0&lt;/a&gt;
E, 5176, 15, 2013/05/23, 09:22:40.740, 2408790941569, QTAgent32.exe, Msaa.GetFocusedElement: could not find accessible object of foreground window
W, 5176, 15, 2013/05/23, 09:22:40.755, 2408791147513, QTAgent32.exe, &lt;a class=success&gt;Playback - {178} [SUCCESS] SendKeys "{DELETE}" - "[MSAA, VisibleOnly]ControlType='Edit'"
\0&lt;/a&gt;
W, 5176, 15, 2013/05/23, 09:22:41.002, 2408794687122, QTAgent32.exe, &lt;a class=success&gt;Playback - {179} [SUCCESS] SetValueAsEditBox "30/05/13" - "[MSAA, VisibleOnly]ControlType='Edit'"  &lt; Set via SendKeys &gt;
\0&lt;/a&gt;
W, 5176, 15, 2013/05/23, 09:22:41.374, 2408800019143, QTAgent32.exe, Playback - [WARNING] Internal warning: Incorrect flag set for InvokeProgrammaticAction\0
W, 5176, 15, 2013/05/23, 09:22:41.492, 2408801710785, QTAgent32.exe, &lt;a class=success&gt;Playback - {180} [SUCCESS] SetValueAsComboBox "Motor" - "[MSAA, VisibleOnly]ControlType='ComboBox'"  &lt; SetValueAsComboBox, set by clicking on the item in the list box &gt;
\0&lt;/a&gt;
W, 5176, 15, 2013/05/23, 09:22:41.744, 2408805318833, QTAgent32.exe, &lt;a class=success&gt;Playback - {181} [SUCCESS] MouseButtonClick - "[MSAA, VisibleOnly]ControlType='Button' &amp;&amp; Name='Ok'"
\0&lt;/a&gt;
W, 5176, 15, 2013/05/23, 09:22:42.630, 2408818006889, QTAgent32.exe, &lt;a class=success&gt;Playback - {182} [SUCCESS] MouseButtonClick - "[MSAA, VisibleOnly]ControlType='Client'"
\0&lt;/a&gt;
W, 5176, 15, 2013/05/23, 09:22:42.801, 2408820453906, QTAgent32.exe, &lt;a class=success&gt;Playback - {183} [SUCCESS] SendKeys "{End}" - "[MSAA, VisibleOnly]ControlType='Client'"
\0&lt;/a&gt;
W, 5176, 15, 2013/05/23, 09:22:43.087, 2408824549322, QTAgent32.exe, &lt;a class=success&gt;Playback - {184} [SUCCESS] MouseButtonClick - "[MSAA, VisibleOnly]ControlType='Button' &amp;&amp; Name='Display Record...'"
\0&lt;/a&gt;
W, 5176, 15, 2013/05/23, 09:22:43.333, 2408828075898, QTAgent32.exe, &lt;a class=success&gt;Playback - {185} [SUCCESS] MouseButtonClick - "[MSAA, VisibleOnly]ControlType='Button' &amp;&amp; Name='Invite'"
\0&lt;/a&gt;
W, 5176, 15, 2013/05/23, 09:22:43.699, 2408833304537, QTAgent32.exe, Playback - [WARNING] Internal warning: Window Not Found: [VisibleOnly]ControlType='Window' &amp;&amp; Name='Confirm' &amp;&amp; ClassName='#32770'
\0
E, 5176, 15, 2013/05/23, 09:22:43.699, 2408833306719, QTAgent32.exe, &lt;a class=failure&gt;Playback - {186} [FAILED] Function ElementFetcher::FindScreenElement failed to locate UI element (Searching: ;[VisibleOnly]ControlType='Window' &amp;&amp; Name='Confirm' &amp;&amp; ClassName='#32770') (The object specified was not found.)
\0&lt;/a&gt;
E, 5176, 15, 2013/05/23, 09:22:43.749, 2408834023834, QTAgent32.exe, Playback - [IMAGE] C:\Users\testuser\AppData\Local\Temp\UITestLogs\LastRun\RPF13A4.png
\0
W, 5176, 15, 2013/05/23, 09:22:43.749, 2408834025411, QTAgent32.exe, Playback - [WARNING] Internal warning: Couldn't find descendants that match QueryId
\0
W, 5176, 15, 2013/05/23, 09:23:01.849, 2409093178534, QTAgent32.exe, Playback - [WARNING] Internal warning: Window Not Found: [VisibleOnly]ControlType='Window' &amp;&amp; Name='Confirm' &amp;&amp; ClassName='#32770'
\0
E, 5176, 15, 2013/05/23, 09:23:01.849, 2409093180740, QTAgent32.exe, &lt;a class=failure&gt;Playback - {187} [FAILED] Function ElementFetcher::FindScreenElement failed to locate UI element (Searching: ;[VisibleOnly]ControlType='Window' &amp;&amp; Name='Confirm' &amp;&amp; ClassName='#32770') (The object specified was not found.)
\0&lt;/a&gt;
E, 5176, 15, 2013/05/23, 09:23:01.891, 2409093782439, QTAgent32.exe, Playback - [IMAGE] C:\Users\testuser\AppData\Local\Temp\UITestLogs\LastRun\RPF5A84.png
\0
W, 5176, 15, 2013/05/23, 09:23:01.891, 2409093783977, QTAgent32.exe, Playback - [WARNING] Internal warning: Couldn't find descendants that match QueryId
\0
W, 5176, 15, 2013/05/23, 09:23:01.891, 2409093786745, QTAgent32.exe, PERF WARNING: FindTopLevelWindowHelper::FindAllDescendents: took 18141 ms. Expected it to take maximum 500 ms.
W, 5176, 15, 2013/05/23, 09:23:02.343, 2409100256037, QTAgent32.exe, Playback - [WARNING] Internal warning: Smart Match failed
\0
W, 5176, 15, 2013/05/23, 09:23:02.549, 2409103202846, QTAgent32.exe, Playback - [WARNING] Internal warning: Smart Match failed
\0
W, 5176, 15, 2013/05/23, 09:23:02.756, 2409106165244, QTAgent32.exe, Playback - [WARNING] Internal warning: Smart Match failed
\0
W, 5176, 15, 2013/05/23, 09:23:02.961, 2409109110514, QTAgent32.exe, Playback - [WARNING] Internal warning: Smart Match failed
\0
W, 5176, 15, 2013/05/23, 09:23:03.172, 2409112126300, QTAgent32.exe, Playback - [WARNING] Internal warning: Smart Match failed
\0
W, 5176, 15, 2013/05/23, 09:23:03.377, 2409115070141, QTAgent32.exe, Playback - [WARNING] Internal warning: Smart Match failed
\0
W, 5176, 15, 2013/05/23, 09:23:03.582, 2409117995868, QTAgent32.exe, Playback - [WARNING] Internal warning: Smart Match failed
\0
W, 5176, 15, 2013/05/23, 09:23:03.788, 2409120952331, QTAgent32.exe, Playback - [WARNING] Internal warning: Smart Match failed
\0
W, 5176, 15, 2013/05/23, 09:23:03.991, 2409123857510, QTAgent32.exe, Playback - [WARNING] Internal warning: Smart Match failed
\0
W, 5176, 15, 2013/05/23, 09:23:04.191, 2409126723073, QTAgent32.exe, Playback - [WARNING] Internal warning: Smart Match failed
\0
W, 5176, 15, 2013/05/23, 09:23:04.394, 2409129618951, QTAgent32.exe, Playback - [WARNING] Internal warning: Smart Match failed
\0
W, 5176, 15, 2013/05/23, 09:23:04.596, 2409132510196, QTAgent32.exe, Playback - [WARNING] Internal warning: Smart Match failed
\0
W, 5176, 15, 2013/05/23, 09:23:04.797, 2409135397472, QTAgent32.exe, Playback - [WARNING] Internal warning: Smart Match failed
\0
W, 5176, 15, 2013/05/23, 09:23:04.900, 2409136872697, QTAgent32.exe, Playback - [WARNING] Internal warning: Window Not Found: [VisibleOnly]ControlType='Window' &amp;&amp; Name='Confirm' &amp;&amp; ClassName='#32770'
\0
E, 5176, 15, 2013/05/23, 09:23:04.901, 2409136874625, QTAgent32.exe, &lt;a class=failure&gt;Playback - {188} [FAILED] Function ElementFetcher::FindScreenElement failed to locate UI element (Searching: ;[VisibleOnly]ControlType='Window' &amp;&amp; Name='Confirm' &amp;&amp; ClassName='#32770') (The object specified was not found.)
\0&lt;/a&gt;
E, 5176, 15, 2013/05/23, 09:23:04.943, 2409137487201, QTAgent32.exe, Playback - [IMAGE] C:\Users\testuser\AppData\Local\Temp\UITestLogs\LastRun\RPF6676.png
\0
W, 5176, 15, 2013/05/23, 09:23:04.943, 2409137488707, QTAgent32.exe, Playback - [WARNING] Internal warning: Couldn't find descendants that match QueryId
\0
W, 5176, 15, 2013/05/23, 09:23:04.944, 2409137491343, QTAgent32.exe, PERF WARNING: FindTopLevelWindowHelper::FindAllDescendents: took 3052 ms. Expected it to take maximum 500 ms.
E, 5176, 15, 2013/05/23, 09:23:04.944, 2409137492932, QTAgent32.exe, Exception: System.Runtime.InteropServices.COMException
	Message: Error HRESULT E_FAIL has been returned from a call to a COM component.
	Stack Trace:    at Microsoft.VisualStudio.TestTools.UITest.Playback.Engine.IRPFPlayback.FindAllScreenElements(IScreenElement pScreenElementStart, String bstrQueryId, Object&amp; pvarResKeys, Int32 cResKeys, Int32 nMaxDepth, Object[]&amp; foundDescendants)
   at Microsoft.VisualStudio.TestTools.UITest.Playback.ScreenElement.FindTopLevelWindowHelper(String queryId)
	BaseExceptionMessage: Error HRESULT E_FAIL has been returned from a call to a COM component.

E, 5176, 15, 2013/05/23, 09:23:05.044, 2409138933824, QTAgent32.exe, AL: Playback Error: Microsoft.VisualStudio.TestTools.UITest.Extension.UITestControlNotFoundException: The playback failed to find the control with the given search properties. Additional Details: 
TechnologyName:  'MSAA'
ControlType:  'Window'
Name:  'Confirm'
ClassName:  '#32770'
 ---&gt; System.Runtime.InteropServices.COMException: Error HRESULT E_FAIL has been returned from a call to a COM component.
   at Microsoft.VisualStudio.TestTools.UITest.Playback.Engine.IRPFPlayback.FindAllScreenElements(IScreenElement pScreenElementStart, String bstrQueryId, Object&amp; pvarResKeys, Int32 cResKeys, Int32 nMaxDepth, Object[]&amp; foundDescendants)
   at Microsoft.VisualStudio.TestTools.UITest.Playback.ScreenElement.FindTopLevelWindowHelper(String queryId)
   at Microsoft.VisualStudio.TestTools.UITest.Playback.ScreenElement.FindFromPartialQueryId(String queryId)
   at Microsoft.VisualStudio.TestTools.UITesting.UITestControl..ctor(String queryId)
   --- End of inner exception stack trace ---
   at Microsoft.VisualStudio.TestTools.UITesting.Playback.MapControlNotFoundException(COMException ex, IPlaybackContext context)
   at Microsoft.VisualStudio.TestTools.UITesting.Playback.MapAndThrowComException(COMException innerException, IPlaybackContext context)
   at Microsoft.VisualStudio.TestTools.UITesting.Playback.MapAndThrowException(SystemException exception, IPlaybackContext context)
   at Microsoft.VisualStudio.TestTools.UITesting.Playback.MapAndThrowException(SystemException exception, String queryId)
   at Microsoft.VisualStudio.TestTools.UITesting.UITestControl..ctor(String queryId)
   at Microsoft.VisualStudio.TestTools.UITesting.SearchHelper.SearchTopLevelWindow(ISearchArgument topLevelSearchArg, String topLevelElementQueryId)
   at Microsoft.VisualStudio.TestTools.UITesting.SearchHelper.GetTitleUpdatedTopLevelWindow(ISearchArgument topLevelSearchArg, String queryId, IList`1 windowTitles)
   at Microsoft.VisualStudio.TestTools.UITesting.SearchHelper.GetTopLevelElement(Boolean useCache, Boolean useCacheOnly, ISearchArgument searchArg, IList`1 windowTitles, Int32&amp; timeLeft)
   at Microsoft.VisualStudio.TestTools.UITesting.SearchHelper.GetElement(Boolean useCache, ISearchArgument searchArg)
   at Microsoft.VisualStudio.TestTools.UITesting.SearchHelper.Search(ISearchArgument searchArg)
   at Microsoft.VisualStudio.TestTools.UITesting.UITestControl.FindInternal()
   at Microsoft.VisualStudio.TestTools.UITesting.UITestControl.FindControlIfNecessary()
   at Microsoft.VisualStudio.TestTools.UITesting.UITestControl.Click(MouseButtons button, ModifierKeys modifierKeys, Point relativeCoordinates)
   at Microsoft.VisualStudio.TestTools.UITesting.Mouse.ClickImplementation(UITestControl control, MouseButtons button, ModifierKeys modifierKeys, Point relativeCoordinate)
   at Microsoft.VisualStudio.TestTools.UITesting.Mouse.ClickImplementationWrapper(UITestControl control, MouseButtons button, ModifierKeys modifierKeys, Point relativeCoordinate)
W, 5176, 15, 2013/05/23, 09:23:05.044, 2409138935276, QTAgent32.exe, PlaybackErrorHandler: Ignoring exception as ContinueOnError is set.
W, 5176, 15, 2013/05/23, 09:23:05.202, 2409141185135, QTAgent32.exe, &lt;a class=success&gt;Playback - {189} [SUCCESS] MouseButtonClick - "[MSAA, VisibleOnly]ControlType='Button' &amp;&amp; Name='Ok'"
\0&lt;/a&gt;
W, 5176, 15, 2013/05/23, 09:23:08.712, 2409191450241, QTAgent32.exe, Playback - [WARNING] Internal warning: Window Not Found: [VisibleOnly]ControlType='Window' &amp;&amp; Name='Personal Lines' &amp;&amp; ClassName='#32770'
\0
E, 5176, 15, 2013/05/23, 09:23:08.712, 2409191452295, QTAgent32.exe, &lt;a class=failure&gt;Playback - {190} [FAILED] Function ElementFetcher::FindScreenElement failed to locate UI element (Searching: ;[VisibleOnly]ControlType='Window' &amp;&amp; Name='Personal Lines' &amp;&amp; ClassName='#32770') (The object specified was not found.)
\0&lt;/a&gt;
E, 5176, 15, 2013/05/23, 09:23:08.754, 2409192054972, QTAgent32.exe, Playback - [IMAGE] C:\Users\testuser\AppData\Local\Temp\UITestLogs\LastRun\RPF7556.png
\0
W, 5176, 15, 2013/05/23, 09:23:08.755, 2409192057232, QTAgent32.exe, Playback - [WARNING] Internal warning: Couldn't find descendants that match QueryId
\0
W, 5176, 15, 2013/05/23, 09:23:08.755, 2409192059739, QTAgent32.exe, PERF WARNING: FindTopLevelWindowHelper::FindAllDescendents: took 3452 ms. Expected it to take maximum 500 ms.
W, 5176, 15, 2013/05/23, 09:23:26.773, 2409450051892, QTAgent32.exe, Playback - [WARNING] Internal warning: Window Not Found: [VisibleOnly]ControlType='Window' &amp;&amp; Name='Personal Lines' &amp;&amp; ClassName='#32770'
\0
E, 5176, 15, 2013/05/23, 09:23:26.773, 2409450054262, QTAgent32.exe, &lt;a class=failure&gt;Playback - {191} [FAILED] Function ElementFetcher::FindScreenElement failed to locate UI element (Searching: ;[VisibleOnly]ControlType='Window' &amp;&amp; Name='Personal Lines' &amp;&amp; ClassName='#32770') (The object specified was not found.)
\0&lt;/a&gt;
E, 5176, 15, 2013/05/23, 09:23:26.816, 2409450671574, QTAgent32.exe, Playback - [IMAGE] C:\Users\testuser\AppData\Local\Temp\UITestLogs\LastRun\RPFBBE8.png
\0
W, 5176, 15, 2013/05/23, 09:23:26.816, 2409450673115, QTAgent32.exe, Playback - [WARNING] Internal warning: Couldn't find descendants that match QueryId
\0
W, 5176, 15, 2013/05/23, 09:23:26.817, 2409450675863, QTAgent32.exe, PERF WARNING: FindTopLevelWindowHelper::FindAllDescendents: took 18061 ms. Expected it to take maximum 500 ms.
W, 5176, 15, 2013/05/23, 09:23:27.272, 2409457193486, QTAgent32.exe, Playback - [WARNING] Internal warning: Smart Match failed
\0
W, 5176, 15, 2013/05/23, 09:23:27.475, 2409460105515, QTAgent32.exe, Playback - [WARNING] Internal warning: Smart Match failed
\0
W, 5176, 15, 2013/05/23, 09:23:27.680, 2409463046151, QTAgent32.exe, Playback - [WARNING] Internal warning: Smart Match failed
\0
W, 5176, 15, 2013/05/23, 09:23:27.889, 2409466026981, QTAgent32.exe, Playback - [WARNING] Internal warning: Smart Match failed
\0
W, 5176, 15, 2013/05/23, 09:23:28.095, 2409468972699, QTAgent32.exe, Playback - [WARNING] Internal warning: Smart Match failed
\0
W, 5176, 15, 2013/05/23, 09:23:28.300, 2409471909653, QTAgent32.exe, Playback - [WARNING] Internal warning: Smart Match failed
\0
W, 5176, 15, 2013/05/23, 09:23:28.508, 2409474888147, QTAgent32.exe, Playback - [WARNING] Internal warning: Smart Match failed
\0
W, 5176, 15, 2013/05/23, 09:23:28.716, 2409477873732, QTAgent32.exe, Playback - [WARNING] Internal warning: Smart Match failed
\0
W, 5176, 15, 2013/05/23, 09:23:28.935, 2409481004551, QTAgent32.exe, Playback - [WARNING] Internal warning: Smart Match failed
\0
W, 5176, 15, 2013/05/23, 09:23:29.143, 2409483978008, QTAgent32.exe, Playback - [WARNING] Internal warning: Smart Match failed
\0
W, 5176, 15, 2013/05/23, 09:23:29.352, 2409486974661, QTAgent32.exe, Playback - [WARNING] Internal warning: Smart Match failed
\0
W, 5176, 15, 2013/05/23, 09:23:29.556, 2409489895323, QTAgent32.exe, Playback - [WARNING] Internal warning: Smart Match failed
\0
W, 5176, 15, 2013/05/23, 09:23:29.759, 2409492806563, QTAgent32.exe, Playback - [WARNING] Internal warning: Smart Match failed
\0
W, 5176, 15, 2013/05/23, 09:23:29.855, 2409494172706, QTAgent32.exe, Playback - [WARNING] Internal warning: Window Not Found: [VisibleOnly]ControlType='Window' &amp;&amp; Name='Personal Lines' &amp;&amp; ClassName='#32770'
\0
E, 5176, 15, 2013/05/23, 09:23:29.855, 2409494174515, QTAgent32.exe, &lt;a class=failure&gt;Playback - {192} [FAILED] Function ElementFetcher::FindScreenElement failed to locate UI element (Searching: ;[VisibleOnly]ControlType='Window' &amp;&amp; Name='Personal Lines' &amp;&amp; ClassName='#32770') (The object specified was not found.)
\0&lt;/a&gt;
E, 5176, 15, 2013/05/23, 09:23:29.901, 2409494836071, QTAgent32.exe, Playback - [IMAGE] C:\Users\testuser\AppData\Local\Temp\UITestLogs\LastRun\RPFC7F9.png
\0
W, 5176, 15, 2013/05/23, 09:23:29.901, 2409494837821, QTAgent32.exe, Playback - [WARNING] Internal warning: Couldn't find descendants that match QueryId
\0
W, 5176, 15, 2013/05/23, 09:23:29.901, 2409494840388, QTAgent32.exe, PERF WARNING: FindTopLevelWindowHelper::FindAllDescendents: took 3084 ms. Expected it to take maximum 500 ms.
E, 5176, 15, 2013/05/23, 09:23:29.901, 2409494841990, QTAgent32.exe, Exception: System.Runtime.InteropServices.COMException
	Message: Error HRESULT E_FAIL has been returned from a call to a COM component.
	Stack Trace:    at Microsoft.VisualStudio.TestTools.UITest.Playback.Engine.IRPFPlayback.FindAllScreenElements(IScreenElement pScreenElementStart, String bstrQueryId, Object&amp; pvarResKeys, Int32 cResKeys, Int32 nMaxDepth, Object[]&amp; foundDescendants)
   at Microsoft.VisualStudio.TestTools.UITest.Playback.ScreenElement.FindTopLevelWindowHelper(String queryId)
	BaseExceptionMessage: Error HRESULT E_FAIL has been returned from a call to a COM component.

E, 5176, 15, 2013/05/23, 09:23:29.902, 2409494845683, QTAgent32.exe, GetClassName for handle 525270 failed
E, 5176, 15, 2013/05/23, 09:23:29.902, 2409494854234, QTAgent32.exe, Window 525270 not responding. Last Win32 error 1400
E, 5176, 15, 2013/05/23, 09:23:29.902, 2409494855209, QTAgent32.exe, GetClassName for handle 525270 failed
E, 5176, 15, 2013/05/23, 09:23:30.002, 2409496288157, QTAgent32.exe, AL: Playback Error: Microsoft.VisualStudio.TestTools.UITest.Extension.UITestControlNotAvailableException: The control is not available or not valid. Additional Details: 
TechnologyName:  'MSAA'
ControlType:  'Window'
 ---&gt; System.Runtime.InteropServices.COMException: Error HRESULT E_FAIL has been returned from a call to a COM component.
   at Microsoft.VisualStudio.TestTools.UITest.Playback.Engine.IRPFPlayback.FindAllScreenElements(IScreenElement pScreenElementStart, String bstrQueryId, Object&amp; pvarResKeys, Int32 cResKeys, Int32 nMaxDepth, Object[]&amp; foundDescendants)
   at Microsoft.VisualStudio.TestTools.UITest.Playback.ScreenElement.FindTopLevelWindowHelper(String queryId)
   at Microsoft.VisualStudio.TestTools.UITest.Playback.ScreenElement.FindFromPartialQueryId(String queryId)
   at Microsoft.VisualStudio.TestTools.UITesting.UITestControl.EnsureValid(Boolean waitForReady, Boolean refetch)
   --- End of inner exception stack trace ---
   at Microsoft.VisualStudio.TestTools.UITesting.UITestControl.EnsureValid(Boolean waitForReady, Boolean refetch)
   at Microsoft.VisualStudio.TestTools.UITesting.UITestControl.FindFirstDescendant(String queryId, Int32 maxDepth, Int32&amp; timeLeft)
   at Microsoft.VisualStudio.TestTools.UITesting.SearchHelper.GetElement(Boolean useCache, ISearchArgument searchArg)
   at Microsoft.VisualStudio.TestTools.UITesting.SearchHelper.Search(ISearchArgument searchArg)
   at Microsoft.VisualStudio.TestTools.UITesting.UITestControl.FindInternal()
   at Microsoft.VisualStudio.TestTools.UITesting.UITestControl.FindControlIfNecessary()
   at Microsoft.VisualStudio.TestTools.UITesting.UITestControl.Click(MouseButtons button, ModifierKeys modifierKeys, Point relativeCoordinates)
   at Microsoft.VisualStudio.TestTools.UITesting.Mouse.ClickImplementation(UITestControl control, MouseButtons button, ModifierKeys modifierKeys, Point relativeCoordinate)
   at Microsoft.VisualStudio.TestTools.UITesting.Mouse.ClickImplementationWrapper(UITestControl control, MouseButtons button, ModifierKeys modifierKeys, Point relativeCoordinate)
W, 5176, 15, 2013/05/23, 09:23:30.002, 2409496289786, QTAgent32.exe, PlaybackErrorHandler: Ignoring exception as ContinueOnError is set.
W, 5176, 15, 2013/05/23, 09:23:30.130, 2409498115097, QTAgent32.exe, &lt;a class=success&gt;Playback - {193} [SUCCESS] Check - "[MSAA, VisibleOnly]ControlType='CheckBox' &amp;&amp; Name='Defer Printing?'"
\0&lt;/a&gt;
W, 5176, 15, 2013/05/23, 09:23:30.718, 2409506543541, QTAgent32.exe, &lt;a class=success&gt;Playback - {194} [SUCCESS] MouseButtonClick - "[MSAA, VisibleOnly]ControlType='Button' &amp;&amp; Name='Ok'"
\0&lt;/a&gt;
W, 5176, 15, 2013/05/23, 09:23:30.819, 2409507978927, QTAgent32.exe, Playback - [WARNING] Internal warning: Thread state based WFR - Requested element has invalid HWND
\0
W, 5176, 15, 2013/05/23, 09:23:30.819, 2409507980051, QTAgent32.exe, Playback - [WARNING] Internal warning: process performance counters based WFR - Requested element has invalid HWND
\0
E, 5176, 15, 2013/05/23, 09:23:30.828, 2409508112159, QTAgent32.exe, EnsureValid called via EnsureValid call for same element
E, 5176, 15, 2013/05/23, 09:23:30.828, 2409508118326, QTAgent32.exe, EnsureValid called via EnsureValid call for same element
E, 5176, 15, 2013/05/23, 09:23:30.829, 2409508119885, QTAgent32.exe, EnsureValid called via EnsureValid call for same element
E, 5176, 15, 2013/05/23, 09:23:30.829, 2409508125288, QTAgent32.exe, Window 132536 not responding. Last Win32 error 1400
E, 5176, 15, 2013/05/23, 09:23:30.829, 2409508126314, QTAgent32.exe, GetClassName for handle 132536 failed
W, 5176, 15, 2013/05/23, 09:23:32.684, 2409534676532, QTAgent32.exe, PERF WARNING: FindTopLevelWindowHelper::FindAllDescendents: took 1854 ms. Expected it to take maximum 500 ms.
W, 5176, 15, 2013/05/23, 09:23:32.844, 2409536973439, QTAgent32.exe, &lt;a class=success&gt;Playback - {195} [SUCCESS] Uncheck - "[MSAA, VisibleOnly]ControlType='CheckBox' &amp;&amp; Name='Add Activity'"
\0&lt;/a&gt;
W, 5176, 15, 2013/05/23, 09:23:33.919, 2409552360969, QTAgent32.exe, &lt;a class=success&gt;Playback - {196} [SUCCESS] MouseButtonClick - "[MSAA, VisibleOnly]ControlType='Button' &amp;&amp; Name='Ok'"
\0&lt;/a&gt;
W, 5176, 15, 2013/05/23, 09:23:36.184, 2409584797548, QTAgent32.exe, &lt;a class=success&gt;Playback - {197} [SUCCESS] MouseButtonClick - "[MSAA, VisibleOnly]ControlType='Button' &amp;&amp; Name='OK'"
\0&lt;/a&gt;
W, 5176, 15, 2013/05/23, 09:23:37.085, 2409597704782, QTAgent32.exe, &lt;a class=success&gt;Playback - {198} [SUCCESS] MouseButtonClick - "[MSAA, VisibleOnly]ControlType='Button' &amp;&amp; Name=&gt;'Renew Policy'"
\0&lt;/a&gt;
W, 5176, 15, 2013/05/23, 09:23:40.537, 2409647121451, QTAgent32.exe, Playback - [WARNING] Internal warning: Window Not Found: [VisibleOnly]ControlType='Window' &amp;&amp; Name='Confirm' &amp;&amp; ClassName='#32770'
\0
E, 5176, 15, 2013/05/23, 09:23:40.537, 2409647124132, QTAgent32.exe, &lt;a class=failure&gt;Playback - {199} [FAILED] Function ElementFetcher::FindScreenElement failed to locate UI element (Searching: ;[VisibleOnly]ControlType='Window' &amp;&amp; Name='Confirm' &amp;&amp; ClassName='#32770') (The object specified was not found.)
\0&lt;/a&gt;
E, 5176, 15, 2013/05/23, 09:23:40.581, 2409647752436, QTAgent32.exe, Playback - [IMAGE] C:\Users\testuser\AppData\Local\Temp\UITestLogs\LastRun\RPFF1A9.png
\0
W, 5176, 15, 2013/05/23, 09:23:40.581, 2409647754186, QTAgent32.exe, Playback - [WARNING] Internal warning: Couldn't find descendants that match QueryId
\0
W, 5176, 15, 2013/05/23, 09:23:40.581, 2409647756648, QTAgent32.exe, PERF WARNING: FindTopLevelWindowHelper::FindAllDescendents: took 3395 ms. Expected it to take maximum 500 ms.
W, 5176, 15, 2013/05/23, 09:23:46.435, 2409731569292, QTAgent32.exe, PERF WARNING: FindTopLevelWindowHelper::FindAllDescendents: took 5853 ms. Expected it to take maximum 500 ms.
W, 5176, 15, 2013/05/23, 09:23:48.560, 2409761993301, QTAgent32.exe, &lt;a class=success&gt;Playback - {200} [SUCCESS] MouseButtonClick - "[MSAA, VisibleOnly]ControlType='Button' &amp;&amp; Name='Yes'"
\0&lt;/a&gt;
E, 5176, 15, 2013/05/23, 09:23:48.660, 2409763426557, QTAgent32.exe, GetClassName for handle 394434 failed
W, 5176, 15, 2013/05/23, 09:23:52.306, 2409815639192, QTAgent32.exe, Playback - [WARNING] Internal warning: Window Not Found: [VisibleOnly]ControlType='Window' &amp;&amp; Name='Confirm Documents' &amp;&amp; ClassName='ThunderRT6FormDC'
\0
E, 5176, 15, 2013/05/23, 09:23:52.307, 2409815641620, QTAgent32.exe, &lt;a class=failure&gt;Playback - {201} [FAILED] Function ElementFetcher::FindScreenElement failed to locate UI element (Searching: ;[VisibleOnly]ControlType='Window' &amp;&amp; Name='Confirm Documents' &amp;&amp; ClassName='ThunderRT6FormDC') (The object specified was not found.)
\0&lt;/a&gt;
E, 5176, 15, 2013/05/23, 09:23:52.359, 2409816389964, QTAgent32.exe, Playback - [IMAGE] C:\Users\testuser\AppData\Local\Temp\UITestLogs\LastRun\RPF1FAC.png
\0
W, 5176, 15, 2013/05/23, 09:23:52.359, 2409816391564, QTAgent32.exe, Playback - [WARNING] Internal warning: Couldn't find descendants that match QueryId
\0
W, 5176, 15, 2013/05/23, 09:23:52.359, 2409816394327, QTAgent32.exe, PERF WARNING: FindTopLevelWindowHelper::FindAllDescendents: took 3699 ms. Expected it to take maximum 500 ms.
W, 5176, 15, 2013/05/23, 09:23:53.876, 2409838117242, QTAgent32.exe, PERF WARNING: FindTopLevelWindowHelper::FindAllDescendents: took 1516 ms. Expected it to take maximum 500 ms.
W, 5176, 15, 2013/05/23, 09:23:54.082, 2409841060057, QTAgent32.exe, &lt;a class=success&gt;Playback - {202} [SUCCESS] MouseButtonClick - "[MSAA, VisibleOnly]ControlType='Button' &amp;&amp; Name='Ok'"
\0&lt;/a&gt;
W, 5176, 15, 2013/05/23, 09:24:03.320, 2409973342476, QTAgent32.exe, Playback - [WARNING] Internal warning: Window Not Found: [VisibleOnly]ControlType='Window' &amp;&amp; Name='Personal Lines' &amp;&amp; ClassName='#32770'
\0
E, 5176, 15, 2013/05/23, 09:24:03.320, 2409973344710, QTAgent32.exe, &lt;a class=failure&gt;Playback - {203} [FAILED] Function ElementFetcher::FindScreenElement failed to locate UI element (Searching: ;[VisibleOnly]ControlType='Window' &amp;&amp; Name='Personal Lines' &amp;&amp; ClassName='#32770') (The object specified was not found.)
\0&lt;/a&gt;
E, 5176, 15, 2013/05/23, 09:24:03.363, 2409973950828, QTAgent32.exe, Playback - [IMAGE] C:\Users\testuser\AppData\Local\Temp\UITestLogs\LastRun\RPF4AB3.png
\0
W, 5176, 15, 2013/05/23, 09:24:03.363, 2409973952408, QTAgent32.exe, Playback - [WARNING] Internal warning: Couldn't find descendants that match QueryId
\0
W, 5176, 15, 2013/05/23, 09:24:03.363, 2409973954821, QTAgent32.exe, PERF WARNING: FindTopLevelWindowHelper::FindAllDescendents: took 9181 ms. Expected it to take maximum 500 ms.
W, 5176, 15, 2013/05/23, 09:24:21.420, 2410232498806, QTAgent32.exe, Playback - [WARNING] Internal warning: Window Not Found: [VisibleOnly]ControlType='Window' &amp;&amp; Name='Personal Lines' &amp;&amp; ClassName='#32770'
\0
E, 5176, 15, 2013/05/23, 09:24:21.420, 2410232501206, QTAgent32.exe, &lt;a class=failure&gt;Playback - {204} [FAILED] Function ElementFetcher::FindScreenElement failed to locate UI element (Searching: ;[VisibleOnly]ControlType='Window' &amp;&amp; Name='Personal Lines' &amp;&amp; ClassName='#32770') (The object specified was not found.)
\0&lt;/a&gt;
E, 5176, 15, 2013/05/23, 09:24:21.463, 2410233119375, QTAgent32.exe, Playback - [IMAGE] C:\Users\testuser\AppData\Local\Temp\UITestLogs\LastRun\RPF9164.png
\0
W, 5176, 15, 2013/05/23, 09:24:21.464, 2410233120980, QTAgent32.exe, Playback - [WARNING] Internal warning: Couldn't find descendants that match QueryId
\0
W, 5176, 15, 2013/05/23, 09:24:21.464, 2410233123446, QTAgent32.exe, PERF WARNING: FindTopLevelWindowHelper::FindAllDescendents: took 18100 ms. Expected it to take maximum 500 ms.
W, 5176, 15, 2013/05/23, 09:24:21.921, 2410239668288, QTAgent32.exe, Playback - [WARNING] Internal warning: Smart Match failed
\0
W, 5176, 15, 2013/05/23, 09:24:22.132, 2410242693599, QTAgent32.exe, Playback - [WARNING] Internal warning: Smart Match failed
\0
W, 5176, 15, 2013/05/23, 09:24:22.340, 2410245676014, QTAgent32.exe, Playback - [WARNING] Internal warning: Smart Match failed
\0
W, 5176, 15, 2013/05/23, 09:24:22.549, 2410248664184, QTAgent32.exe, Playback - [WARNING] Internal warning: Smart Match failed
\0
W, 5176, 15, 2013/05/23, 09:24:22.758, 2410251652872, QTAgent32.exe, Playback - [WARNING] Internal warning: Smart Match failed
\0
W, 5176, 15, 2013/05/23, 09:24:22.983, 2410254873340, QTAgent32.exe, Playback - [WARNING] Internal warning: Smart Match failed
\0
W, 5176, 15, 2013/05/23, 09:24:23.194, 2410257887146, QTAgent32.exe, Playback - [WARNING] Internal warning: Smart Match failed
\0
W, 5176, 15, 2013/05/23, 09:24:23.401, 2410260853058, QTAgent32.exe, Playback - [WARNING] Internal warning: Smart Match failed
\0
W, 5176, 15, 2013/05/23, 09:24:23.608, 2410263815160, QTAgent32.exe, Playback - [WARNING] Internal warning: Smart Match failed
\0
W, 5176, 15, 2013/05/23, 09:24:23.818, 2410266823944, QTAgent32.exe, Playback - [WARNING] Internal warning: Smart Match failed
\0
W, 5176, 15, 2013/05/23, 09:24:24.025, 2410269787672, QTAgent32.exe, Playback - [WARNING] Internal warning: Smart Match failed
\0
W, 5176, 15, 2013/05/23, 09:24:24.229, 2410272708929, QTAgent32.exe, Playback - [WARNING] Internal warning: Smart Match failed
\0
W, 5176, 15, 2013/05/23, 09:24:24.434, 2410275643300, QTAgent32.exe, Playback - [WARNING] Internal warning: Smart Match failed
\0
W, 5176, 15, 2013/05/23, 09:24:24.533, 2410277064516, QTAgent32.exe, Playback - [WARNING] Internal warning: Window Not Found: [VisibleOnly]ControlType='Window' &amp;&amp; Name='Personal Lines' &amp;&amp; ClassName='#32770'
\0
E, 5176, 15, 2013/05/23, 09:24:24.533, 2410277066132, QTAgent32.exe, &lt;a class=failure&gt;Playback - {205} [FAILED] Function ElementFetcher::FindScreenElement failed to locate UI element (Searching: ;[VisibleOnly]ControlType='Window' &amp;&amp; Name='Personal Lines' &amp;&amp; ClassName='#32770') (The object specified was not found.)
\0&lt;/a&gt;
E, 5176, 15, 2013/05/23, 09:24:24.575, 2410277665479, QTAgent32.exe, Playback - [IMAGE] C:\Users\testuser\AppData\Local\Temp\UITestLogs\LastRun\RPF9D95.png
\0
W, 5176, 15, 2013/05/23, 09:24:24.575, 2410277667062, QTAgent32.exe, Playback - [WARNING] Internal warning: Couldn't find descendants that match QueryId
\0
W, 5176, 15, 2013/05/23, 09:24:24.575, 2410277669675, QTAgent32.exe, PERF WARNING: FindTopLevelWindowHelper::FindAllDescendents: took 3110 ms. Expected it to take maximum 500 ms.
E, 5176, 15, 2013/05/23, 09:24:24.575, 2410277671270, QTAgent32.exe, Exception: System.Runtime.InteropServices.COMException
	Message: Error HRESULT E_FAIL has been returned from a call to a COM component.
	Stack Trace:    at Microsoft.VisualStudio.TestTools.UITest.Playback.Engine.IRPFPlayback.FindAllScreenElements(IScreenElement pScreenElementStart, String bstrQueryId, Object&amp; pvarResKeys, Int32 cResKeys, Int32 nMaxDepth, Object[]&amp; foundDescendants)
   at Microsoft.VisualStudio.TestTools.UITest.Playback.ScreenElement.FindTopLevelWindowHelper(String queryId)
	BaseExceptionMessage: Error HRESULT E_FAIL has been returned from a call to a COM component.

E, 5176, 15, 2013/05/23, 09:24:24.576, 2410277676157, QTAgent32.exe, Window 525270 not responding. Last Win32 error 0
E, 5176, 15, 2013/05/23, 09:24:24.576, 2410277677202, QTAgent32.exe, GetClassName for handle 525270 failed
E, 5176, 15, 2013/05/23, 09:24:24.676, 2410279112779, QTAgent32.exe, AL: Playback Error: Microsoft.VisualStudio.TestTools.UITest.Extension.UITestControlNotAvailableException: The control is not available or not valid. Additional Details: 
TechnologyName:  'MSAA'
ControlType:  'Window'
 ---&gt; System.Runtime.InteropServices.COMException: Error HRESULT E_FAIL has been returned from a call to a COM component.
   at Microsoft.VisualStudio.TestTools.UITest.Playback.Engine.IRPFPlayback.FindAllScreenElements(IScreenElement pScreenElementStart, String bstrQueryId, Object&amp; pvarResKeys, Int32 cResKeys, Int32 nMaxDepth, Object[]&amp; foundDescendants)
   at Microsoft.VisualStudio.TestTools.UITest.Playback.ScreenElement.FindTopLevelWindowHelper(String queryId)
   at Microsoft.VisualStudio.TestTools.UITest.Playback.ScreenElement.FindFromPartialQueryId(String queryId)
   at Microsoft.VisualStudio.TestTools.UITesting.UITestControl.EnsureValid(Boolean waitForReady, Boolean refetch)
   --- End of inner exception stack trace ---
   at Microsoft.VisualStudio.TestTools.UITesting.UITestControl.EnsureValid(Boolean waitForReady, Boolean refetch)
   at Microsoft.VisualStudio.TestTools.UITesting.UITestControl.FindFirstDescendant(String queryId, Int32 maxDepth, Int32&amp; timeLeft)
   at Microsoft.VisualStudio.TestTools.UITesting.SearchHelper.GetElement(Boolean useCache, ISearchArgument searchArg)
   at Microsoft.VisualStudio.TestTools.UITesting.SearchHelper.Search(ISearchArgument searchArg)
   at Microsoft.VisualStudio.TestTools.UITesting.UITestControl.FindInternal()
   at Microsoft.VisualStudio.TestTools.UITesting.UITestControl.FindControlIfNecessary()
   at Microsoft.VisualStudio.TestTools.UITesting.UITestControl.Click(MouseButtons button, ModifierKeys modifierKeys, Point relativeCoordinates)
   at Microsoft.VisualStudio.TestTools.UITesting.Mouse.ClickImplementation(UITestControl control, MouseButtons button, ModifierKeys modifierKeys, Point relativeCoordinate)
   at Microsoft.VisualStudio.TestTools.UITesting.Mouse.ClickImplementationWrapper(UITestControl control, MouseButtons button, ModifierKeys modifierKeys, Point relativeCoordinate)
W, 5176, 15, 2013/05/23, 09:24:24.676, 2410279113887, QTAgent32.exe, PlaybackErrorHandler: Ignoring exception as ContinueOnError is set.
W, 5176, 15, 2013/05/23, 09:24:24.697, 2410279421955, QTAgent32.exe, Playback - [WARNING] Internal warning: Thread state based WFR - Requested element has invalid HWND
\0
W, 5176, 15, 2013/05/23, 09:24:24.697, 2410279422750, QTAgent32.exe, Playback - [WARNING] Internal warning: process performance counters based WFR - Requested element has invalid HWND
\0
E, 5176, 15, 2013/05/23, 09:24:24.698, 2410279425116, QTAgent32.exe, EnsureValid called via EnsureValid call for same element
E, 5176, 15, 2013/05/23, 09:24:24.698, 2410279426801, QTAgent32.exe, EnsureValid called via EnsureValid call for same element
E, 5176, 15, 2013/05/23, 09:24:24.698, 2410279427864, QTAgent32.exe, EnsureValid called via EnsureValid call for same element
E, 5176, 15, 2013/05/23, 09:24:24.698, 2410279431542, QTAgent32.exe, Window 394170 not responding. Last Win32 error 1400
E, 5176, 15, 2013/05/23, 09:24:24.698, 2410279432329, QTAgent32.exe, GetClassName for handle 394170 failed
W, 5176, 15, 2013/05/23, 09:24:24.824, 2410281232924, QTAgent32.exe, &lt;a class=success&gt;Playback - {206} [SUCCESS] Check - "[MSAA, VisibleOnly]ControlType='CheckBox' &amp;&amp; Name='Defer Printing?'"
\0&lt;/a&gt;
W, 5176, 15, 2013/05/23, 09:24:25.321, 2410288349018, QTAgent32.exe, &lt;a class=success&gt;Playback - {207} [SUCCESS] MouseButtonClick - "[MSAA, VisibleOnly]ControlType='Button' &amp;&amp; Name='Ok'"
\0&lt;/a&gt;
E, 5176, 15, 2013/05/23, 09:24:25.421, 2410289779490, QTAgent32.exe, GetClassName for handle 591220 failed
W, 5176, 15, 2013/05/23, 09:24:27.668, 2410321947811, QTAgent32.exe, &lt;a class=success&gt;Playback - {208} [SUCCESS] MouseButtonClick - "[MSAA, VisibleOnly]ControlType='Button' &amp;&amp; Name='OK'"
\0&lt;/a&gt;
W, 5176, 15, 2013/05/23, 09:24:27.815, 2410324056183, QTAgent32.exe, Playback - [WARNING] Internal warning: Thread state based WFR - Requested element has invalid HWND
\0
W, 5176, 15, 2013/05/23, 09:24:27.815, 2410324057423, QTAgent32.exe, Playback - [WARNING] Internal warning: process performance counters based WFR - Requested element has invalid HWND
\0
E, 5176, 15, 2013/05/23, 09:24:27.815, 2410324060576, QTAgent32.exe, EnsureValid called via EnsureValid call for same element
E, 5176, 15, 2013/05/23, 09:24:27.815, 2410324063434, QTAgent32.exe, GetClassName for handle 656584 failed
E, 5176, 15, 2013/05/23, 09:24:27.816, 2410324065736, QTAgent32.exe, EnsureValid called via EnsureValid call for same element
E, 5176, 15, 2013/05/23, 09:24:27.816, 2410324066913, QTAgent32.exe, EnsureValid called via EnsureValid call for same element
E, 5176, 15, 2013/05/23, 09:24:27.817, 2410324081201, QTAgent32.exe, Window 656584 not responding. Last Win32 error 0
E, 5176, 15, 2013/05/23, 09:24:27.817, 2410324082957, QTAgent32.exe, GetClassName for handle 656584 failed
W, 5176, 15, 2013/05/23, 09:24:27.959, 2410326120791, QTAgent32.exe, &lt;a class=success&gt;Playback - {209} [SUCCESS] Uncheck - "[MSAA, VisibleOnly]ControlType='CheckBox' &amp;&amp; Name='Add Activity'"
\0&lt;/a&gt;
W, 5176, 15, 2013/05/23, 09:24:28.383, 2410332190415, QTAgent32.exe, &lt;a class=success&gt;Playback - {210} [SUCCESS] MouseButtonClick - "[MSAA, VisibleOnly]ControlType='Button' &amp;&amp; Name='Ok'"
\0&lt;/a&gt;
W, 5176, 15, 2013/05/23, 09:24:28.631, 2410335745270, QTAgent32.exe, &lt;a class=success&gt;Playback - {211} [SUCCESS] MouseButtonClick - "[MSAA, VisibleOnly]ControlType='Button' &amp;&amp; Name='Ok'"
\0&lt;/a&gt;
W, 5176, 15, 2013/05/23, 09:24:31.800, 2410381120685, QTAgent32.exe, PERF WARNING: FindTopLevelWindowHelper::FindAllDescendents: took 3067 ms. Expected it to take maximum 500 ms.
W, 5176, 15, 2013/05/23, 09:24:32.041, 2410384572104, QTAgent32.exe, &lt;a class=success&gt;Playback - {212} [SUCCESS] DoSelect - "[MSAA, VisibleOnly]ControlType='List'"
\0&lt;/a&gt;
W, 5176, 15, 2013/05/23, 09:24:33.211, 2410401317043, QTAgent32.exe, &lt;a class=success&gt;Playback - {213} [SUCCESS] MouseButtonClick - "[MSAA, VisibleOnly]ControlType='Button' &amp;&amp; Name='Ok'"
\0&lt;/a&gt;
E, 5176, 15, 2013/05/23, 09:24:33.311, 2410402750124, QTAgent32.exe, GetClassName for handle 853356 failed
W, 5176, 15, 2013/05/23, 09:24:35.471, 2410433673006, QTAgent32.exe, &lt;a class=success&gt;Playback - {214} [SUCCESS] MouseButtonClick - "[MSAA, VisibleOnly]ControlType='Button' &amp;&amp; Name='OK'"
\0&lt;/a&gt;
W, 5176, 15, 2013/05/23, 09:24:36.755, 2410452070165, QTAgent32.exe, PERF WARNING: FindAllDescendents: took 1183 ms. Expected it to take maximum 500 ms.
W, 5176, 15, 2013/05/23, 09:24:37.594, 2410464083804, QTAgent32.exe, &lt;a class=success&gt;Playback - {215} [SUCCESS] MouseButtonClick - "[MSAA, VisibleOnly]ControlType='Button' &amp;&amp; Name='Exit'"
\0&lt;/a&gt;
W, 5176, 15, 2013/05/23, 09:24:37.944, 2410469086044, QTAgent32.exe, &lt;a class=success&gt;Playback - {216} [SUCCESS] MouseButtonClick - "[MSAA, VisibleOnly]ControlType='Button' &amp;&amp; Name='Yes'"
\0&lt;/a&gt;
W, 5176, 15, 2013/05/23, 09:24:38.269, 2410473747894, QTAgent32.exe, &lt;a class=success&gt;Playback - {217} [SUCCESS] MouseButtonClick - "[MSAA, VisibleOnly]ControlType='Button' &amp;&amp; Name='Cancel'"
\0&lt;/a&gt;
W, 5176, 15, 2013/05/23, 09:24:38.612, 2410478652643, QTAgent32.exe, &lt;a class=success&gt;Playback - {218} [SUCCESS] MouseButtonClick - "[MSAA, VisibleOnly]ControlType='Button'"
\0&lt;/a&gt;
W, 5176, 15, 2013/05/23, 09:24:39.029, 2410484626836, QTAgent32.exe, &lt;a class=success&gt;Playback - {219} [SUCCESS] MouseButtonClick - "[MSAA, VisibleOnly]ControlType='Button' &amp;&amp; Name='Detail'"
\0&lt;/a&gt;
W, 5176, 15, 2013/05/23, 09:24:39.336, 2410489019529, QTAgent32.exe, &lt;a class=success&gt;Playback - {220} [SUCCESS] MouseButtonClick - "[MSAA, VisibleOnly]ControlType='Button' &amp;&amp; Name='Cancel'"
\0&lt;/a&gt;
W, 5176, 15, 2013/05/23, 09:24:39.566, 2410492310193, QTAgent32.exe, &lt;a class=success&gt;Playback - {221} [SUCCESS] MouseButtonClick - "[MSAA, VisibleOnly]ControlType='Button' &amp;&amp; Name='Options'"
\0&lt;/a&gt;
W, 5176, 15, 2013/05/23, 09:24:39.666, 2410493748796, QTAgent32.exe, FindScreenElementInSinglePass : Attempting to find control in one pass of search. Failures can occur.
W, 5176, 15, 2013/05/23, 09:24:39.826, 2410496037381, QTAgent32.exe, &lt;a class=success&gt;Playback - {222} [SUCCESS] MouseButtonClick - "[MSAA]ControlType='MenuItem' &amp;&amp; Name='Links'"
\0&lt;/a&gt;
W, 5176, 15, 2013/05/23, 09:24:39.926, 2410497471878, QTAgent32.exe, FindScreenElementInSinglePass : Attempting to find control in one pass of search. Failures can occur.
W, 5176, 15, 2013/05/23, 09:24:40.070, 2410499532540, QTAgent32.exe, &lt;a class=success&gt;Playback - {223} [SUCCESS] MouseButtonClick - "[MSAA]ControlType='MenuItem' &amp;&amp; Name='3rd Party Integration'"
\0&lt;/a&gt;
W, 5176, 15, 2013/05/23, 09:24:40.170, 2410500967115, QTAgent32.exe, FindScreenElementInSinglePass : Attempting to find control in one pass of search. Failures can occur.
W, 5176, 15, 2013/05/23, 09:24:40.328, 2410503221517, QTAgent32.exe, &lt;a class=success&gt;Playback - {224} [SUCCESS] MouseButtonClick - "[MSAA]ControlType='MenuItem' &amp;&amp; Name='Quote Select List'"
\0&lt;/a&gt;
W, 5176, 15, 2013/05/23, 09:24:41.322, 2410517462189, QTAgent32.exe, PERF WARNING: FindTopLevelWindowHelper::FindAllDescendents: took 888 ms. Expected it to take maximum 500 ms.
W, 5176, 15, 2013/05/23, 09:24:42.087, 2410528414337, QTAgent32.exe, &lt;a class=success&gt;Playback - {225} [SUCCESS] MouseButtonClick - "[MSAA, VisibleOnly]ControlType='Button' &amp;&amp; Name='Ok'"
\0&lt;/a&gt;
W, 5176, 15, 2013/05/23, 09:24:43.224, 2410544682798, QTAgent32.exe, PERF WARNING: FindTopLevelWindowHelper::FindAllDescendents: took 1026 ms. Expected it to take maximum 500 ms.
W, 5176, 15, 2013/05/23, 09:24:43.351, 2410546508152, QTAgent32.exe, &lt;a class=success&gt;Playback - {226} [SUCCESS] MouseButtonClick - "[MSAA, VisibleOnly]ControlType='Button' &amp;&amp; Name='Before'"
\0&lt;/a&gt;
W, 5176, 15, 2013/05/23, 09:24:44.407, 2410561627050, QTAgent32.exe, &lt;a class=success&gt;Playback - {227} [SUCCESS] MouseButtonClick - "[MSAA, VisibleOnly]ControlType='Button' &amp;&amp; Name='MTA...'"
\0&lt;/a&gt;
W, 5176, 15, 2013/05/23, 09:24:44.799, 2410567234377, QTAgent32.exe, Playback - [WARNING] Internal warning: Incorrect flag set for InvokeProgrammaticAction\0
W, 5176, 15, 2013/05/23, 09:24:44.916, 2410568916865, QTAgent32.exe, &lt;a class=success&gt;Playback - {228} [SUCCESS] SetValueAsComboBox "Change of Vehicle" - "[MSAA, VisibleOnly]ControlType='ComboBox'"  &lt; SetValueAsComboBox, set by clicking on the item in the list box &gt;
\0&lt;/a&gt;
W, 5176, 15, 2013/05/23, 09:24:45.166, 2410572501297, QTAgent32.exe, &lt;a class=success&gt;Playback - {229} [SUCCESS] MouseButtonClick - "[MSAA, VisibleOnly]ControlType='Button' &amp;&amp; Name='OK'"
\0&lt;/a&gt;
W, 5176, 15, 2013/05/23, 09:24:45.498, 2410577255358, QTAgent32.exe, Playback - [WARNING] Internal warning: Thread state based WFR - Requested element has invalid HWND
\0
W, 5176, 15, 2013/05/23, 09:24:45.498, 2410577256866, QTAgent32.exe, Playback - [WARNING] Internal warning: process performance counters based WFR - Requested element has invalid HWND
\0
E, 5176, 15, 2013/05/23, 09:24:45.499, 2410577260139, QTAgent32.exe, EnsureValid called via EnsureValid call for same element
E, 5176, 15, 2013/05/23, 09:24:45.499, 2410577261905, QTAgent32.exe, EnsureValid called via EnsureValid call for same element
E, 5176, 15, 2013/05/23, 09:24:45.499, 2410577263022, QTAgent32.exe, EnsureValid called via EnsureValid call for same element
E, 5176, 15, 2013/05/23, 09:24:45.512, 2410577453017, QTAgent32.exe, Window 197688 not responding. Last Win32 error 1400
E, 5176, 15, 2013/05/23, 09:24:45.512, 2410577454855, QTAgent32.exe, GetClassName for handle 197688 failed
W, 5176, 15, 2013/05/23, 09:24:45.644, 2410579343420, QTAgent32.exe, &lt;a class=success&gt;Playback - {230} [SUCCESS] SendKeys "^{HOME}" - "[MSAA, VisibleOnly]ControlType='Edit'"
\0&lt;/a&gt;
E, 5176, 15, 2013/05/23, 09:24:45.644, 2410579345309, QTAgent32.exe, Msaa.GetFocusedElement: could not find accessible object of foreground window
W, 5176, 15, 2013/05/23, 09:24:45.704, 2410580203066, QTAgent32.exe, &lt;a class=success&gt;Playback - {231} [SUCCESS] SendKeys "^+{END}" - "[MSAA, VisibleOnly]ControlType='Edit'"
\0&lt;/a&gt;
E, 5176, 15, 2013/05/23, 09:24:45.704, 2410580205292, QTAgent32.exe, Msaa.GetFocusedElement: could not find accessible object of foreground window
W, 5176, 15, 2013/05/23, 09:24:45.717, 2410580382387, QTAgent32.exe, &lt;a class=success&gt;Playback - {232} [SUCCESS] SendKeys "{DELETE}" - "[MSAA, VisibleOnly]ControlType='Edit'"
\0&lt;/a&gt;
W, 5176, 15, 2013/05/23, 09:24:45.883, 2410582768172, QTAgent32.exe, &lt;a class=success&gt;Playback - {233} [SUCCESS] SetValueAsEditBox "77777" - "[MSAA, VisibleOnly]ControlType='Edit'"  &lt; Set via SendKeys &gt;
\0&lt;/a&gt;
W, 5176, 15, 2013/05/23, 09:24:46.238, 2410587842984, QTAgent32.exe, &lt;a class=success&gt;Playback - {234} [SUCCESS] MouseButtonClick - "[MSAA, VisibleOnly]ControlType='Button' &amp;&amp; Name='Calculate Quote'"
\0&lt;/a&gt;
W, 5176, 15, 2013/05/23, 09:24:46.452, 2410590913964, QTAgent32.exe, &lt;a class=success&gt;Playback - {235} [SUCCESS] SendKeys "^{HOME}" - "[MSAA, VisibleOnly]ControlType='Edit'"
\0&lt;/a&gt;
E, 5176, 15, 2013/05/23, 09:24:46.452, 2410590915839, QTAgent32.exe, Msaa.GetFocusedElement: could not find accessible object of foreground window
W, 5176, 15, 2013/05/23, 09:24:46.520, 2410591887758, QTAgent32.exe, &lt;a class=success&gt;Playback - {236} [SUCCESS] SendKeys "^+{END}" - "[MSAA, VisibleOnly]ControlType='Edit'"
\0&lt;/a&gt;
E, 5176, 15, 2013/05/23, 09:24:46.520, 2410591889238, QTAgent32.exe, Msaa.GetFocusedElement: could not find accessible object of foreground window
W, 5176, 15, 2013/05/23, 09:24:46.532, 2410592059937, QTAgent32.exe, &lt;a class=success&gt;Playback - {237} [SUCCESS] SendKeys "{DELETE}" - "[MSAA, VisibleOnly]ControlType='Edit'"
\0&lt;/a&gt;
W, 5176, 15, 2013/05/23, 09:24:46.759, 2410595301295, QTAgent32.exe, &lt;a class=success&gt;Playback - {238} [SUCCESS] SetValueAsEditBox "25/05/13" - "[MSAA, VisibleOnly]ControlType='Edit'"  &lt; Set via SendKeys &gt;
\0&lt;/a&gt;
W, 5176, 15, 2013/05/23, 09:24:47.330, 2410603481217, QTAgent32.exe, &lt;a class=success&gt;Playback - {239} [SUCCESS] MouseButtonClick - "[MSAA, VisibleOnly]ControlType='Button' &amp;&amp; Name='OK'"
\0&lt;/a&gt;
W, 5176, 15, 2013/05/23, 09:24:52.829, 2410682214686, QTAgent32.exe, PERF WARNING: FindTopLevelWindowHelper::FindAllDescendents: took 5398 ms. Expected it to take maximum 500 ms.
W, 5176, 15, 2013/05/23, 09:24:52.952, 2410683980806, QTAgent32.exe, &lt;a class=success&gt;Playback - {240} [SUCCESS] MouseButtonClick - "[MSAA, VisibleOnly]ControlType='Client'"
\0&lt;/a&gt;
W, 5176, 15, 2013/05/23, 09:24:53.246, 2410688188619, QTAgent32.exe, &lt;a class=success&gt;Playback - {241} [SUCCESS] SendKeys "{Home}" - "[MSAA, VisibleOnly]ControlType='Client'"
\0&lt;/a&gt;
W, 5176, 15, 2013/05/23, 09:24:53.525, 2410692178303, QTAgent32.exe, &lt;a class=success&gt;Playback - {242} [SUCCESS] MouseButtonClick - "[MSAA, VisibleOnly]ControlType='Button' &amp;&amp; Name='Accept'"
\0&lt;/a&gt;
E, 5176, 15, 2013/05/23, 09:24:53.625, 2410693610445, QTAgent32.exe, GetClassName for handle 591016 failed
W, 5176, 15, 2013/05/23, 09:24:53.847, 2410696795578, QTAgent32.exe, &lt;a class=success&gt;Playback - {243} [SUCCESS] MouseButtonClick - "[MSAA, VisibleOnly]ControlType='Button' &amp;&amp; Name='Yes'"
\0&lt;/a&gt;
E, 5176, 15, 2013/05/23, 09:24:53.947, 2410698228984, QTAgent32.exe, GetClassName for handle 853330 failed
W, 5176, 15, 2013/05/23, 09:24:54.100, 2410700413941, QTAgent32.exe, &lt;a class=success&gt;Playback - {244} [SUCCESS] MouseButtonClick - "[MSAA, VisibleOnly]ControlType='Button' &amp;&amp; Name='Ok'"
\0&lt;/a&gt;
E, 5176, 15, 2013/05/23, 09:24:54.200, 2410701844579, QTAgent32.exe, GetClassName for handle 263620 failed
W, 5176, 15, 2013/05/23, 09:25:07.443, 2410891458152, QTAgent32.exe, PERF WARNING: FindTopLevelWindowHelper::FindAllDescendents: took 13242 ms. Expected it to take maximum 500 ms.
W, 5176, 15, 2013/05/23, 09:25:07.595, 2410893632465, QTAgent32.exe, &lt;a class=success&gt;Playback - {245} [SUCCESS] MouseButtonClick - "[MSAA, VisibleOnly]ControlType='Button' &amp;&amp; Name='OK'"
\0&lt;/a&gt;
W, 5176, 15, 2013/05/23, 09:25:09.896, 2410926587294, QTAgent32.exe, &lt;a class=success&gt;Playback - {246} [SUCCESS] MouseButtonClick - "[MSAA, VisibleOnly]ControlType='Button' &amp;&amp; Name='OK'"
\0&lt;/a&gt;
W, 5176, 15, 2013/05/23, 09:25:10.008, 2410928184953, QTAgent32.exe, Playback - [WARNING] Internal warning: Thread state based WFR - Requested element has invalid HWND
\0
W, 5176, 15, 2013/05/23, 09:25:10.008, 2410928192035, QTAgent32.exe, Playback - [WARNING] Internal warning: process performance counters based WFR - Requested element has invalid HWND
\0
E, 5176, 15, 2013/05/23, 09:25:10.009, 2410928206406, QTAgent32.exe, EnsureValid called via EnsureValid call for same element
E, 5176, 15, 2013/05/23, 09:25:10.010, 2410928219804, QTAgent32.exe, EnsureValid called via EnsureValid call for same element
E, 5176, 15, 2013/05/23, 09:25:10.011, 2410928226837, QTAgent32.exe, EnsureValid called via EnsureValid call for same element
E, 5176, 15, 2013/05/23, 09:25:10.012, 2410928248277, QTAgent32.exe, Window 525500 not responding. Last Win32 error 1400
E, 5176, 15, 2013/05/23, 09:25:10.012, 2410928249122, QTAgent32.exe, GetClassName for handle 525500 failed
W, 5176, 15, 2013/05/23, 09:25:11.814, 2410954040393, QTAgent32.exe, PERF WARNING: FindTopLevelWindowHelper::FindAllDescendents: took 1800 ms. Expected it to take maximum 500 ms.
W, 5176, 15, 2013/05/23, 09:25:11.925, 2410955634121, QTAgent32.exe, &lt;a class=success&gt;Playback - {247} [SUCCESS] Check - "[MSAA, VisibleOnly]ControlType='CheckBox' &amp;&amp; Name='Defer Printing?'"
\0&lt;/a&gt;
W, 5176, 15, 2013/05/23, 09:25:12.448, 2410963117448, QTAgent32.exe, &lt;a class=success&gt;Playback - {248} [SUCCESS] MouseButtonClick - "[MSAA, VisibleOnly]ControlType='Button' &amp;&amp; Name='Ok'"
\0&lt;/a&gt;
W, 5176, 15, 2013/05/23, 09:25:12.548, 2410964551505, QTAgent32.exe, Playback - [WARNING] Internal warning: Thread state based WFR - Requested element has invalid HWND
\0
W, 5176, 15, 2013/05/23, 09:25:12.548, 2410964553028, QTAgent32.exe, Playback - [WARNING] Internal warning: process performance counters based WFR - Requested element has invalid HWND
\0
E, 5176, 15, 2013/05/23, 09:25:12.548, 2410964562821, QTAgent32.exe, EnsureValid called via EnsureValid call for same element
E, 5176, 15, 2013/05/23, 09:25:12.549, 2410964566161, QTAgent32.exe, GetClassName for handle 67074 failed
E, 5176, 15, 2013/05/23, 09:25:12.549, 2410964568236, QTAgent32.exe, EnsureValid called via EnsureValid call for same element
E, 5176, 15, 2013/05/23, 09:25:12.549, 2410964570182, QTAgent32.exe, EnsureValid called via EnsureValid call for same element
E, 5176, 15, 2013/05/23, 09:25:12.550, 2410964584424, QTAgent32.exe, Window 67074 not responding. Last Win32 error 0
E, 5176, 15, 2013/05/23, 09:25:12.550, 2410964586433, QTAgent32.exe, GetClassName for handle 67074 failed
W, 5176, 15, 2013/05/23, 09:25:13.276, 2410974984983, QTAgent32.exe, PERF WARNING: FindTopLevelWindowHelper::FindAllDescendents: took 726 ms. Expected it to take maximum 500 ms.
W, 5176, 15, 2013/05/23, 09:25:13.409, 2410976892431, QTAgent32.exe, &lt;a class=success&gt;Playback - {249} [SUCCESS] Uncheck - "[MSAA, VisibleOnly]ControlType='CheckBox' &amp;&amp; Name='Add Activity'"
\0&lt;/a&gt;
E, 5176, 15, 2013/05/23, 09:25:13.610, 2410979761146, QTAgent32.exe, GetClassName for handle 67080 failed
W, 5176, 15, 2013/05/23, 09:25:13.761, 2410981933204, QTAgent32.exe, &lt;a class=success&gt;Playback - {250} [SUCCESS] MouseButtonClick - "[MSAA, VisibleOnly]ControlType='Button' &amp;&amp; Name='Ok'"
\0&lt;/a&gt;
E, 5176, 15, 2013/05/23, 09:25:13.862, 2410983370812, QTAgent32.exe, GetClassName for handle 198170 failed
W, 5176, 15, 2013/05/23, 09:25:14.843, 2410997408436, QTAgent32.exe, PERF WARNING: FindTopLevelWindowHelper::FindAllDescendents: took 980 ms. Expected it to take maximum 500 ms.
W, 5176, 15, 2013/05/23, 09:25:15.075, 2411000736929, QTAgent32.exe, &lt;a class=success&gt;Playback - {251} [SUCCESS] MouseButtonClick - "[MSAA, VisibleOnly]ControlType='Button' &amp;&amp; Name='OK'"
\0&lt;/a&gt;
E, 5176, 15, 2013/05/23, 09:25:15.180, 2411002240765, QTAgent32.exe, GetClassName for handle 656750 failed
W, 5176, 15, 2013/05/23, 09:25:16.364, 2411019189741, QTAgent32.exe, PERF WARNING: FindTopLevelWindowHelper::FindAllDescendents: took 1179 ms. Expected it to take maximum 500 ms.
W, 5176, 15, 2013/05/23, 09:25:18.516, 2411049998587, QTAgent32.exe, &lt;a class=success&gt;Playback - {252} [SUCCESS] MouseButtonClick - "[MSAA, VisibleOnly]ControlType='Button' &amp;&amp; Name='OK'"
\0&lt;/a&gt;
W, 5176, 15, 2013/05/23, 09:25:18.737, 2411053164321, QTAgent32.exe, &lt;a class=success&gt;Playback - {253} [SUCCESS] MouseButtonClick - "[MSAA, VisibleOnly]ControlType='Button' &amp;&amp; Name='Options'"
\0&lt;/a&gt;
W, 5176, 15, 2013/05/23, 09:25:18.837, 2411054598883, QTAgent32.exe, FindScreenElementInSinglePass : Attempting to find control in one pass of search. Failures can occur.
W, 5176, 15, 2013/05/23, 09:25:18.979, 2411056629736, QTAgent32.exe, &lt;a class=success&gt;Playback - {254} [SUCCESS] MouseButtonClick - "[MSAA]ControlType='MenuItem' &amp;&amp; Name='Links'"
\0&lt;/a&gt;
W, 5176, 15, 2013/05/23, 09:25:19.079, 2411058064562, QTAgent32.exe, FindScreenElementInSinglePass : Attempting to find control in one pass of search. Failures can occur.
W, 5176, 15, 2013/05/23, 09:25:19.232, 2411060252690, QTAgent32.exe, &lt;a class=success&gt;Playback - {255} [SUCCESS] MouseButtonClick - "[MSAA]ControlType='MenuItem' &amp;&amp; Name='3rd Party Integration'"
\0&lt;/a&gt;
W, 5176, 15, 2013/05/23, 09:25:19.332, 2411061688078, QTAgent32.exe, FindScreenElementInSinglePass : Attempting to find control in one pass of search. Failures can occur.
W, 5176, 15, 2013/05/23, 09:25:19.479, 2411063792714, QTAgent32.exe, &lt;a class=success&gt;Playback - {256} [SUCCESS] MouseButtonClick - "[MSAA]ControlType='MenuItem' &amp;&amp; Name='Quote Select List'"
\0&lt;/a&gt;
E, 5176, 15, 2013/05/23, 09:25:19.580, 2411065239722, QTAgent32.exe, GetClassName for handle 984240 failed
W, 5176, 15, 2013/05/23, 09:25:20.187, 2411073936511, QTAgent32.exe, PERF WARNING: FindTopLevelWindowHelper::FindAllDescendents: took 607 ms. Expected it to take maximum 500 ms.
W, 5176, 15, 2013/05/23, 09:25:20.870, 2411083711423, QTAgent32.exe, &lt;a class=success&gt;Playback - {257} [SUCCESS] MouseButtonClick - "[MSAA, VisibleOnly]ControlType='Button' &amp;&amp; Name='Ok'"
\0&lt;/a&gt;
E, 5176, 15, 2013/05/23, 09:25:20.971, 2411085161851, QTAgent32.exe, GetClassName for handle 132610 failed
W, 5176, 15, 2013/05/23, 09:25:21.993, 2411099797298, QTAgent32.exe, PERF WARNING: FindTopLevelWindowHelper::FindAllDescendents: took 1004 ms. Expected it to take maximum 500 ms.
W, 5176, 15, 2013/05/23, 09:25:22.139, 2411101890991, QTAgent32.exe, &lt;a class=success&gt;Playback - {258} [SUCCESS] MouseButtonClick - "[MSAA, VisibleOnly]ControlType='Button' &amp;&amp; Name='Yes'"
\0&lt;/a&gt;
W, 5176, 15, 2013/05/23, 09:25:23.060, 2411115060063, QTAgent32.exe, &lt;a class=success&gt;Playback - {259} [SUCCESS] MouseButtonClick - "[MSAA, VisibleOnly]ControlType='Button' &amp;&amp; Name='MTA...'"
\0&lt;/a&gt;
W, 5176, 15, 2013/05/23, 09:25:23.440, 2411120502965, QTAgent32.exe, Playback - [WARNING] Internal warning: Incorrect flag set for InvokeProgrammaticAction\0
W, 5176, 15, 2013/05/23, 09:25:23.557, 2411122185027, QTAgent32.exe, &lt;a class=success&gt;Playback - {260} [SUCCESS] SetValueAsComboBox "Change of Vehicle" - "[MSAA, VisibleOnly]ControlType='ComboBox'"  &lt; SetValueAsComboBox, set by clicking on the item in the list box &gt;
\0&lt;/a&gt;
W, 5176, 15, 2013/05/23, 09:25:23.809, 2411125789287, QTAgent32.exe, &lt;a class=success&gt;Playback - {261} [SUCCESS] MouseButtonClick - "[MSAA, VisibleOnly]ControlType='Button' &amp;&amp; Name='OK'"
\0&lt;/a&gt;
W, 5176, 15, 2013/05/23, 09:25:23.909, 2411127219650, QTAgent32.exe, Playback - [WARNING] Internal warning: Thread state based WFR - Requested element has invalid HWND
\0
W, 5176, 15, 2013/05/23, 09:25:23.909, 2411127220842, QTAgent32.exe, Playback - [WARNING] Internal warning: process performance counters based WFR - Requested element has invalid HWND
\0
E, 5176, 15, 2013/05/23, 09:25:23.909, 2411127223432, QTAgent32.exe, EnsureValid called via EnsureValid call for same element
E, 5176, 15, 2013/05/23, 09:25:23.909, 2411127225463, QTAgent32.exe, GetClassName for handle 656538 failed
E, 5176, 15, 2013/05/23, 09:25:23.909, 2411127227580, QTAgent32.exe, EnsureValid called via EnsureValid call for same element
E, 5176, 15, 2013/05/23, 09:25:23.909, 2411127228781, QTAgent32.exe, EnsureValid called via EnsureValid call for same element
E, 5176, 15, 2013/05/23, 09:25:23.910, 2411127233273, QTAgent32.exe, GetClassName for handle 656538 failed
E, 5176, 15, 2013/05/23, 09:25:23.920, 2411127384840, QTAgent32.exe, Exception: System.Runtime.InteropServices.COMException
	Message: Error HRESULT E_FAIL has been returned from a call to a COM component.
	Stack Trace:    at Accessibility.IAccessible.get_accState(Object varChild)
   at Microsoft.VisualStudio.TestTools.UITest.Extension.Msaa.AccWrapper.get_State()
	BaseExceptionMessage: Error HRESULT E_FAIL has been returned from a call to a COM component.

E, 5176, 15, 2013/05/23, 09:25:24.106, 2411130044255, QTAgent32.exe, Exception: System.Runtime.InteropServices.COMException
	Message: Error HRESULT E_FAIL has been returned from a call to a COM component.
	Stack Trace:    at Accessibility.IAccessible.get_accState(Object varChild)
   at Microsoft.VisualStudio.TestTools.UITest.Extension.Msaa.AccWrapper.get_State()
	BaseExceptionMessage: Error HRESULT E_FAIL has been returned from a call to a COM component.

E, 5176, 15, 2013/05/23, 09:25:24.106, 2411130048859, QTAgent32.exe, Exception: System.Runtime.InteropServices.COMException
	Message: Error HRESULT E_FAIL has been returned from a call to a COM component.
	Stack Trace:    at Accessibility.IAccessible.get_accState(Object varChild)
   at Microsoft.VisualStudio.TestTools.UITest.Extension.Msaa.AccWrapper.get_State()
	BaseExceptionMessage: Error HRESULT E_FAIL has been returned from a call to a COM component.

E, 5176, 15, 2013/05/23, 09:25:24.106, 2411130052262, QTAgent32.exe, Exception: System.Runtime.InteropServices.COMException
	Message: Error HRESULT E_FAIL has been returned from a call to a COM component.
	Stack Trace:    at Accessibility.IAccessible.get_accState(Object varChild)
   at Microsoft.VisualStudio.TestTools.UITest.Extension.Msaa.AccWrapper.get_State()
	BaseExceptionMessage: Error HRESULT E_FAIL has been returned from a call to a COM component.

E, 5176, 15, 2013/05/23, 09:25:24.107, 2411130055866, QTAgent32.exe, Exception: System.Runtime.InteropServices.COMException
	Message: Error HRESULT E_FAIL has been returned from a call to a COM component.
	Stack Trace:    at Accessibility.IAccessible.get_accState(Object varChild)
   at Microsoft.VisualStudio.TestTools.UITest.Extension.Msaa.AccWrapper.get_State()
	BaseExceptionMessage: Error HRESULT E_FAIL has been returned from a call to a COM component.

E, 5176, 15, 2013/05/23, 09:25:24.107, 2411130059768, QTAgent32.exe, Exception: System.Runtime.InteropServices.COMException
	Message: Error HRESULT E_FAIL has been returned from a call to a COM component.
	Stack Trace:    at Accessibility.IAccessible.get_accState(Object varChild)
   at Microsoft.VisualStudio.TestTools.UITest.Extension.Msaa.AccWrapper.get_State()
	BaseExceptionMessage: Error HRESULT E_FAIL has been returned from a call to a COM component.

E, 5176, 15, 2013/05/23, 09:25:24.107, 2411130063254, QTAgent32.exe, Exception: System.Runtime.InteropServices.COMException
	Message: Error HRESULT E_FAIL has been returned from a call to a COM component.
	Stack Trace:    at Accessibility.IAccessible.get_accState(Object varChild)
   at Microsoft.VisualStudio.TestTools.UITest.Extension.Msaa.AccWrapper.get_State()
	BaseExceptionMessage: Error HRESULT E_FAIL has been returned from a call to a COM component.

W, 5176, 15, 2013/05/23, 09:25:24.111, 2411130114203, QTAgent32.exe, PERF WARNING: MSAA.UpdateQueryIDForNamelessControls: took 201 ms. Expected it to take maximum 200 ms.
W, 5176, 15, 2013/05/23, 09:25:24.119, 2411130230424, QTAgent32.exe, Msaa.Navigate: Exception [Error HRESULT E_FAIL has been returned from a call to a COM component.] while calling accNavigate.
E, 5176, 15, 2013/05/23, 09:25:24.119, 2411130231244, QTAgent32.exe, GetClassName for handle 460244 failed
E, 5176, 15, 2013/05/23, 09:25:24.119, 2411130232064, QTAgent32.exe, Window 460244 not responding. Last Win32 error 1400
E, 5176, 15, 2013/05/23, 09:25:24.119, 2411130234120, QTAgent32.exe, GetClassName for handle 656538 failed
W, 5176, 15, 2013/05/23, 09:25:24.252, 2411132138344, QTAgent32.exe, &lt;a class=success&gt;Playback - {262} [SUCCESS] SendKeys "^{HOME}" - "[MSAA, VisibleOnly]ControlType='Edit'"
\0&lt;/a&gt;
E, 5176, 15, 2013/05/23, 09:25:24.252, 2411132140293, QTAgent32.exe, Msaa.GetFocusedElement: could not find accessible object of foreground window
W, 5176, 15, 2013/05/23, 09:25:24.314, 2411133025707, QTAgent32.exe, &lt;a class=success&gt;Playback - {263} [SUCCESS] SendKeys "^+{END}" - "[MSAA, VisibleOnly]ControlType='Edit'"
\0&lt;/a&gt;
E, 5176, 15, 2013/05/23, 09:25:24.314, 2411133027001, QTAgent32.exe, Msaa.GetFocusedElement: could not find accessible object of foreground window
W, 5176, 15, 2013/05/23, 09:25:24.326, 2411133198769, QTAgent32.exe, &lt;a class=success&gt;Playback - {264} [SUCCESS] SendKeys "{DELETE}" - "[MSAA, VisibleOnly]ControlType='Edit'"
\0&lt;/a&gt;
W, 5176, 15, 2013/05/23, 09:25:24.502, 2411135720801, QTAgent32.exe, &lt;a class=success&gt;Playback - {265} [SUCCESS] SetValueAsEditBox "23423" - "[MSAA, VisibleOnly]ControlType='Edit'"  &lt; Set via SendKeys &gt;
\0&lt;/a&gt;
E, 5176, 15, 2013/05/23, 09:25:24.602, 2411137151181, QTAgent32.exe, GetClassName for handle 787428 failed
W, 5176, 15, 2013/05/23, 09:25:24.870, 2411140981555, QTAgent32.exe, &lt;a class=success&gt;Playback - {266} [SUCCESS] MouseButtonClick - "[MSAA, VisibleOnly]ControlType='Button' &amp;&amp; Name='Calculate Quote'"
\0&lt;/a&gt;
W, 5176, 15, 2013/05/23, 09:25:24.970, 2411142412729, QTAgent32.exe, Playback - [WARNING] Internal warning: Thread state based WFR - Requested element has invalid HWND
\0
W, 5176, 15, 2013/05/23, 09:25:24.970, 2411142413644, QTAgent32.exe, Playback - [WARNING] Internal warning: process performance counters based WFR - Requested element has invalid HWND
\0
E, 5176, 15, 2013/05/23, 09:25:24.970, 2411142416013, QTAgent32.exe, EnsureValid called via EnsureValid call for same element
E, 5176, 15, 2013/05/23, 09:25:24.970, 2411142417801, QTAgent32.exe, EnsureValid called via EnsureValid call for same element
E, 5176, 15, 2013/05/23, 09:25:24.970, 2411142418962, QTAgent32.exe, EnsureValid called via EnsureValid call for same element
E, 5176, 15, 2013/05/23, 09:25:24.970, 2411142421650, QTAgent32.exe, Window 525496 not responding. Last Win32 error 1400
E, 5176, 15, 2013/05/23, 09:25:24.970, 2411142423529, QTAgent32.exe, GetClassName for handle 525496 failed
W, 5176, 15, 2013/05/23, 09:25:25.085, 2411144059497, QTAgent32.exe, &lt;a class=success&gt;Playback - {267} [SUCCESS] SendKeys "^{HOME}" - "[MSAA, VisibleOnly]ControlType='Edit'"
\0&lt;/a&gt;
E, 5176, 15, 2013/05/23, 09:25:25.085, 2411144061485, QTAgent32.exe, Msaa.GetFocusedElement: could not find accessible object of foreground window
W, 5176, 15, 2013/05/23, 09:25:25.141, 2411144861427, QTAgent32.exe, &lt;a class=success&gt;Playback - {268} [SUCCESS] SendKeys "^+{END}" - "[MSAA, VisibleOnly]ControlType='Edit'"
\0&lt;/a&gt;
E, 5176, 15, 2013/05/23, 09:25:25.141, 2411144862951, QTAgent32.exe, Msaa.GetFocusedElement: could not find accessible object of foreground window
W, 5176, 15, 2013/05/23, 09:25:25.153, 2411145033774, QTAgent32.exe, &lt;a class=success&gt;Playback - {269} [SUCCESS] SendKeys "{DELETE}" - "[MSAA, VisibleOnly]ControlType='Edit'"
\0&lt;/a&gt;
W, 5176, 15, 2013/05/23, 09:25:25.382, 2411148315756, QTAgent32.exe, &lt;a class=success&gt;Playback - {270} [SUCCESS] SetValueAsEditBox "23/05/13" - "[MSAA, VisibleOnly]ControlType='Edit'"  &lt; Set via SendKeys &gt;
\0&lt;/a&gt;
W, 5176, 15, 2013/05/23, 09:25:25.623, 2411151774621, QTAgent32.exe, &lt;a class=success&gt;Playback - {271} [SUCCESS] MouseButtonClick - "[MSAA, VisibleOnly]ControlType='Button' &amp;&amp; Name='OK'"
\0&lt;/a&gt;
E, 5176, 15, 2013/05/23, 09:25:25.738, 2411153419638, QTAgent32.exe, GetClassName for handle 263708 failed
W, 5176, 15, 2013/05/23, 09:25:25.870, 2411155305460, QTAgent32.exe, &lt;a class=success&gt;Playback - {272} [SUCCESS] MouseButtonClick - "[MSAA, VisibleOnly]ControlType='Button' &amp;&amp; Name='OK'"
\0&lt;/a&gt;
W, 5176, 15, 2013/05/23, 09:25:26.079, 2411158293957, QTAgent32.exe, &lt;a class=success&gt;Playback - {273} [SUCCESS] SendKeys "^{HOME}" - "[MSAA, VisibleOnly]ControlType='Edit'"
\0&lt;/a&gt;
E, 5176, 15, 2013/05/23, 09:25:26.079, 2411158295964, QTAgent32.exe, Msaa.GetFocusedElement: could not find accessible object of foreground window
W, 5176, 15, 2013/05/23, 09:25:26.140, 2411159167525, QTAgent32.exe, &lt;a class=success&gt;Playback - {274} [SUCCESS] SendKeys "^+{END}" - "[MSAA, VisibleOnly]ControlType='Edit'"
\0&lt;/a&gt;
E, 5176, 15, 2013/05/23, 09:25:26.140, 2411159169061, QTAgent32.exe, Msaa.GetFocusedElement: could not find accessible object of foreground window
W, 5176, 15, 2013/05/23, 09:25:26.152, 2411159339899, QTAgent32.exe, &lt;a class=success&gt;Playback - {275} [SUCCESS] SendKeys "{DELETE}" - "[MSAA, VisibleOnly]ControlType='Edit'"
\0&lt;/a&gt;
W, 5176, 15, 2013/05/23, 09:25:26.382, 2411162628848, QTAgent32.exe, &lt;a class=success&gt;Playback - {276} [SUCCESS] SetValueAsEditBox "02/06/13" - "[MSAA, VisibleOnly]ControlType='Edit'"  &lt; Set via SendKeys &gt;
\0&lt;/a&gt;
W, 5176, 15, 2013/05/23, 09:25:26.622, 2411166069021, QTAgent32.exe, &lt;a class=success&gt;Playback - {277} [SUCCESS] MouseButtonClick - "[MSAA, VisibleOnly]ControlType='Button' &amp;&amp; Name='OK'"
\0&lt;/a&gt;
E, 5176, 15, 2013/05/23, 09:25:26.730, 2411167611921, QTAgent32.exe, GetClassName for handle 590498 failed
W, 5176, 15, 2013/05/23, 09:25:26.855, 2411169399037, QTAgent32.exe, &lt;a class=success&gt;Playback - {278} [SUCCESS] MouseButtonClick - "[MSAA, VisibleOnly]ControlType='Button' &amp;&amp; Name='OK'"
\0&lt;/a&gt;
W, 5176, 15, 2013/05/23, 09:25:27.092, 2411172790789, QTAgent32.exe, &lt;a class=success&gt;Playback - {279} [SUCCESS] MouseButtonClick - "[MSAA, VisibleOnly]ControlType='Button' &amp;&amp; Name='Cancel'"
\0&lt;/a&gt;
W, 5176, 15, 2013/05/23, 09:25:27.328, 2411176182261, QTAgent32.exe, &lt;a class=success&gt;Playback - {280} [SUCCESS] MouseButtonClick - "[MSAA, VisibleOnly]ControlType='Button' &amp;&amp; Name='Exit'"
\0&lt;/a&gt;
E, 5176, 15, 2013/05/23, 09:25:27.428, 2411177612313, QTAgent32.exe, GetClassName for handle 787830 failed
W, 5176, 15, 2013/05/23, 09:25:27.656, 2411180874651, QTAgent32.exe, &lt;a class=success&gt;Playback - {281} [SUCCESS] MouseButtonClick - "[MSAA, VisibleOnly]ControlType='Button' &amp;&amp; Name='Yes'"
\0&lt;/a&gt;
E, 5176, 15, 2013/05/23, 09:25:27.756, 2411182309700, QTAgent32.exe, GetClassName for handle 722286 failed
W, 5176, 15, 2013/05/23, 09:25:29.900, 2411213010249, QTAgent32.exe, &lt;a class=success&gt;Playback - {282} [SUCCESS] MouseButtonClick - "[MSAA, VisibleOnly]ControlType='Button' &amp;&amp; Name='OK'"
\0&lt;/a&gt;
W, 5176, 15, 2013/05/23, 09:25:33.101, 2411258836290, QTAgent32.exe, IEDOM : StopSession of the plugin called before StartSession
W, 5176, 15, 2013/05/23, 09:25:33.101, 2411258837279, QTAgent32.exe, UIA : StopSession of the plugin called before StartSession
</DebugTrace>
      </Output>
    </UnitTestResult>
    <UnitTestResult executionId="9b9b5238-80e4-41ca-a73e-1c5704c72913" testId="59ab65b8-39fb-2b8e-741c-56360969c63c" testName="MotoRenewalAfter" computerName="ICDVDEVTM01" duration="00:08:02.9304903" startTime="2013-05-23T09:25:33.4629327+01:00" endTime="2013-05-23T09:33:36.5467765+01:00" testType="13cdc9d9-ddb5-4fa4-a97d-d965ccfc6d4b" outcome="Failed" testListId="8c84fa94-04c1-424b-9868-57a2d4851a1d" relativeResultsDirectory="9b9b5238-80e4-41ca-a73e-1c5704c72913">
      <Output>
        <DebugTrace>W, 5176, 24, 2013/05/23, 09:25:38.091, 2411330279276, QTAgent32.exe, &lt;a class=success&gt;Playback - {1} [SUCCESS] MouseButtonClick - "[MSAA, VisibleOnly]ControlType='Edit'"
\0&lt;/a&gt;
W, 5176, 24, 2013/05/23, 09:25:38.279, 2411332969467, QTAgent32.exe, &lt;a class=success&gt;Playback - {2} [SUCCESS] SendKeys "[*]" - "[MSAA, VisibleOnly]ControlType='Edit'"
\0&lt;/a&gt;
W, 5176, 24, 2013/05/23, 09:25:38.947, 2411342536836, QTAgent32.exe, &lt;a class=success&gt;Playback - {3} [SUCCESS] MouseButtonClick - "[MSAA, VisibleOnly]ControlType='Button' &amp;&amp; Name='OK'"
\0&lt;/a&gt;
W, 5176, 24, 2013/05/23, 09:25:39.127, 2411345113367, QTAgent32.exe, &lt;a class=success&gt;Playback - {4} [SUCCESS] SendKeys "^{HOME}" - "[MSAA, VisibleOnly]ControlType='Edit'"
\0&lt;/a&gt;
E, 5176, 24, 2013/05/23, 09:25:39.127, 2411345115087, QTAgent32.exe, Msaa.GetFocusedElement: could not find accessible object of foreground window
W, 5176, 24, 2013/05/23, 09:25:39.181, 2411345885398, QTAgent32.exe, &lt;a class=success&gt;Playback - {5} [SUCCESS] SendKeys "^+{END}" - "[MSAA, VisibleOnly]ControlType='Edit'"
\0&lt;/a&gt;
E, 5176, 24, 2013/05/23, 09:25:39.182, 2411345898330, QTAgent32.exe, Msaa.GetFocusedElement: could not find accessible object of foreground window
W, 5176, 24, 2013/05/23, 09:25:39.195, 2411346087950, QTAgent32.exe, &lt;a class=success&gt;Playback - {6} [SUCCESS] SendKeys "{DELETE}" - "[MSAA, VisibleOnly]ControlType='Edit'"
\0&lt;/a&gt;
W, 5176, 24, 2013/05/23, 09:25:39.418, 2411349283405, QTAgent32.exe, &lt;a class=success&gt;Playback - {7} [SUCCESS] SetValueAsEditBox "23/05/2013" - "[MSAA, VisibleOnly]ControlType='Edit'"  &lt; Set via SendKeys &gt;
\0&lt;/a&gt;
W, 5176, 24, 2013/05/23, 09:25:39.691, 2411353190900, QTAgent32.exe, Playback - [WARNING] Internal warning: Incorrect flag set for InvokeProgrammaticAction\0
W, 5176, 24, 2013/05/23, 09:25:39.809, 2411354887359, QTAgent32.exe, &lt;a class=success&gt;Playback - {8} [SUCCESS] SetValueAsComboBox "May" - "[MSAA, VisibleOnly]ControlType='ComboBox'"  &lt; SetValueAsComboBox, set by clicking on the item in the list box &gt;
\0&lt;/a&gt;
W, 5176, 24, 2013/05/23, 09:25:39.966, 2411357127447, QTAgent32.exe, &lt;a class=success&gt;Playback - {9} [SUCCESS] SendKeys "^{HOME}" - "[MSAA, VisibleOnly]ControlType='Edit'"
\0&lt;/a&gt;
E, 5176, 24, 2013/05/23, 09:25:39.966, 2411357129433, QTAgent32.exe, Msaa.GetFocusedElement: could not find accessible object of foreground window
W, 5176, 24, 2013/05/23, 09:25:40.019, 2411357885952, QTAgent32.exe, &lt;a class=success&gt;Playback - {10} [SUCCESS] SendKeys "^+{END}" - "[MSAA, VisibleOnly]ControlType='Edit'"
\0&lt;/a&gt;
E, 5176, 24, 2013/05/23, 09:25:40.019, 2411357887866, QTAgent32.exe, Msaa.GetFocusedElement: could not find accessible object of foreground window
W, 5176, 24, 2013/05/23, 09:25:40.032, 2411358073436, QTAgent32.exe, &lt;a class=success&gt;Playback - {11} [SUCCESS] SendKeys "{DELETE}" - "[MSAA, VisibleOnly]ControlType='Edit'"
\0&lt;/a&gt;
W, 5176, 24, 2013/05/23, 09:25:40.127, 2411359435588, QTAgent32.exe, &lt;a class=success&gt;Playback - {12} [SUCCESS] SetValueAsEditBox "2013" - "[MSAA, VisibleOnly]ControlType='Edit'"  &lt; Set via SendKeys &gt;
\0&lt;/a&gt;
W, 5176, 24, 2013/05/23, 09:25:40.740, 2411368210507, QTAgent32.exe, &lt;a class=success&gt;Playback - {13} [SUCCESS] MouseButtonClick - "[MSAA, VisibleOnly]ControlType='Button' &amp;&amp; Name='OK'"
\0&lt;/a&gt;
W, 5176, 24, 2013/05/23, 09:25:41.132, 2411373828453, QTAgent32.exe, Playback - [WARNING] Internal warning: Window Not Found: [VisibleOnly]ControlType='Window' &amp;&amp; Name='Warning' &amp;&amp; ClassName='#32770'
\0
E, 5176, 24, 2013/05/23, 09:25:41.132, 2411373831048, QTAgent32.exe, &lt;a class=failure&gt;Playback - {14} [FAILED] Function ElementFetcher::FindScreenElement failed to locate UI element (Searching: ;[VisibleOnly]ControlType='Window' &amp;&amp; Name='Warning' &amp;&amp; ClassName='#32770') (The object specified was not found.)
\0&lt;/a&gt;
E, 5176, 24, 2013/05/23, 09:25:41.172, 2411374398524, QTAgent32.exe, Playback - [IMAGE] C:\Users\testuser\AppData\Local\Temp\UITestLogs\LastRun\RPFC8CA.png
\0
W, 5176, 24, 2013/05/23, 09:25:41.172, 2411374400135, QTAgent32.exe, Playback - [WARNING] Internal warning: Couldn't find descendants that match QueryId
\0
W, 5176, 24, 2013/05/23, 09:25:59.207, 2411632625530, QTAgent32.exe, Playback - [WARNING] Internal warning: Window Not Found: [VisibleOnly]ControlType='Window' &amp;&amp; Name='Warning' &amp;&amp; ClassName='#32770'
\0
E, 5176, 24, 2013/05/23, 09:25:59.207, 2411632627873, QTAgent32.exe, &lt;a class=failure&gt;Playback - {15} [FAILED] Function ElementFetcher::FindScreenElement failed to locate UI element (Searching: ;[VisibleOnly]ControlType='Window' &amp;&amp; Name='Warning' &amp;&amp; ClassName='#32770') (The object specified was not found.)
\0&lt;/a&gt;
E, 5176, 24, 2013/05/23, 09:25:59.249, 2411633230202, QTAgent32.exe, Playback - [IMAGE] C:\Users\testuser\AppData\Local\Temp\UITestLogs\LastRun\RPFF6C.png
\0
W, 5176, 24, 2013/05/23, 09:25:59.249, 2411633231684, QTAgent32.exe, Playback - [WARNING] Internal warning: Couldn't find descendants that match QueryId
\0
W, 5176, 24, 2013/05/23, 09:25:59.249, 2411633234062, QTAgent32.exe, PERF WARNING: FindTopLevelWindowHelper::FindAllDescendents: took 18076 ms. Expected it to take maximum 500 ms.
W, 5176, 24, 2013/05/23, 09:25:59.689, 2411639534731, QTAgent32.exe, Playback - [WARNING] Internal warning: Smart Match failed
\0
W, 5176, 24, 2013/05/23, 09:25:59.864, 2411642038160, QTAgent32.exe, Playback - [WARNING] Internal warning: Smart Match failed
\0
W, 5176, 24, 2013/05/23, 09:26:00.037, 2411644508322, QTAgent32.exe, Playback - [WARNING] Internal warning: Smart Match failed
\0
W, 5176, 24, 2013/05/23, 09:26:00.210, 2411646995307, QTAgent32.exe, Playback - [WARNING] Internal warning: Smart Match failed
\0
W, 5176, 24, 2013/05/23, 09:26:00.381, 2411649441848, QTAgent32.exe, Playback - [WARNING] Internal warning: Smart Match failed
\0
W, 5176, 24, 2013/05/23, 09:26:00.552, 2411651881475, QTAgent32.exe, Playback - [WARNING] Internal warning: Smart Match failed
\0
W, 5176, 24, 2013/05/23, 09:26:00.722, 2411654322071, QTAgent32.exe, Playback - [WARNING] Internal warning: Smart Match failed
\0
W, 5176, 24, 2013/05/23, 09:26:00.902, 2411656898223, QTAgent32.exe, Playback - [WARNING] Internal warning: Smart Match failed
\0
W, 5176, 24, 2013/05/23, 09:26:01.071, 2411659319245, QTAgent32.exe, Playback - [WARNING] Internal warning: Smart Match failed
\0
W, 5176, 24, 2013/05/23, 09:26:01.243, 2411661789149, QTAgent32.exe, Playback - [WARNING] Internal warning: Smart Match failed
\0
W, 5176, 24, 2013/05/23, 09:26:01.419, 2411664308555, QTAgent32.exe, Playback - [WARNING] Internal warning: Smart Match failed
\0
W, 5176, 24, 2013/05/23, 09:26:01.595, 2411666816383, QTAgent32.exe, Playback - [WARNING] Internal warning: Smart Match failed
\0
W, 5176, 24, 2013/05/23, 09:26:01.774, 2411669382055, QTAgent32.exe, Playback - [WARNING] Internal warning: Smart Match failed
\0
W, 5176, 24, 2013/05/23, 09:26:01.948, 2411671868001, QTAgent32.exe, Playback - [WARNING] Internal warning: Smart Match failed
\0
W, 5176, 24, 2013/05/23, 09:26:02.119, 2411674313259, QTAgent32.exe, Playback - [WARNING] Internal warning: Smart Match failed
\0
W, 5176, 24, 2013/05/23, 09:26:02.290, 2411676765821, QTAgent32.exe, Playback - [WARNING] Internal warning: Smart Match failed
\0
W, 5176, 24, 2013/05/23, 09:26:02.354, 2411677690202, QTAgent32.exe, Playback - [WARNING] Internal warning: Window Not Found: [VisibleOnly]ControlType='Window' &amp;&amp; Name='Warning' &amp;&amp; ClassName='#32770'
\0
E, 5176, 24, 2013/05/23, 09:26:02.354, 2411677691841, QTAgent32.exe, &lt;a class=failure&gt;Playback - {16} [FAILED] Function ElementFetcher::FindScreenElement failed to locate UI element (Searching: ;[VisibleOnly]ControlType='Window' &amp;&amp; Name='Warning' &amp;&amp; ClassName='#32770') (The object specified was not found.)
\0&lt;/a&gt;
E, 5176, 24, 2013/05/23, 09:26:02.395, 2411678266280, QTAgent32.exe, Playback - [IMAGE] C:\Users\testuser\AppData\Local\Temp\UITestLogs\LastRun\RPF1BAC.png
\0
W, 5176, 24, 2013/05/23, 09:26:02.395, 2411678267792, QTAgent32.exe, Playback - [WARNING] Internal warning: Couldn't find descendants that match QueryId
\0
W, 5176, 24, 2013/05/23, 09:26:02.395, 2411678270242, QTAgent32.exe, PERF WARNING: FindTopLevelWindowHelper::FindAllDescendents: took 3145 ms. Expected it to take maximum 500 ms.
E, 5176, 24, 2013/05/23, 09:26:02.395, 2411678271844, QTAgent32.exe, Exception: System.Runtime.InteropServices.COMException
	Message: Error HRESULT E_FAIL has been returned from a call to a COM component.
	Stack Trace:    at Microsoft.VisualStudio.TestTools.UITest.Playback.Engine.IRPFPlayback.FindAllScreenElements(IScreenElement pScreenElementStart, String bstrQueryId, Object&amp; pvarResKeys, Int32 cResKeys, Int32 nMaxDepth, Object[]&amp; foundDescendants)
   at Microsoft.VisualStudio.TestTools.UITest.Playback.ScreenElement.FindTopLevelWindowHelper(String queryId)
	BaseExceptionMessage: Error HRESULT E_FAIL has been returned from a call to a COM component.

E, 5176, 24, 2013/05/23, 09:26:02.561, 2411680648621, QTAgent32.exe, AL: Playback Error: Microsoft.VisualStudio.TestTools.UITest.Extension.UITestControlNotFoundException: The playback failed to find the control with the given search properties. Additional Details: 
TechnologyName:  'MSAA'
ControlType:  'Window'
Name:  'Warning'
ClassName:  '#32770'
 ---&gt; System.Runtime.InteropServices.COMException: Error HRESULT E_FAIL has been returned from a call to a COM component.
   at Microsoft.VisualStudio.TestTools.UITest.Playback.Engine.IRPFPlayback.FindAllScreenElements(IScreenElement pScreenElementStart, String bstrQueryId, Object&amp; pvarResKeys, Int32 cResKeys, Int32 nMaxDepth, Object[]&amp; foundDescendants)
   at Microsoft.VisualStudio.TestTools.UITest.Playback.ScreenElement.FindTopLevelWindowHelper(String queryId)
   at Microsoft.VisualStudio.TestTools.UITest.Playback.ScreenElement.FindFromPartialQueryId(String queryId)
   at Microsoft.VisualStudio.TestTools.UITesting.UITestControl..ctor(String queryId)
   --- End of inner exception stack trace ---
   at Microsoft.VisualStudio.TestTools.UITesting.Playback.MapControlNotFoundException(COMException ex, IPlaybackContext context)
   at Microsoft.VisualStudio.TestTools.UITesting.Playback.MapAndThrowComException(COMException innerException, IPlaybackContext context)
   at Microsoft.VisualStudio.TestTools.UITesting.Playback.MapAndThrowException(SystemException exception, IPlaybackContext context)
   at Microsoft.VisualStudio.TestTools.UITesting.Playback.MapAndThrowException(SystemException exception, String queryId)
   at Microsoft.VisualStudio.TestTools.UITesting.UITestControl..ctor(String queryId)
   at Microsoft.VisualStudio.TestTools.UITesting.SearchHelper.SearchTopLevelWindow(ISearchArgument topLevelSearchArg, String topLevelElementQueryId)
   at Microsoft.VisualStudio.TestTools.UITesting.SearchHelper.GetTitleUpdatedTopLevelWindow(ISearchArgument topLevelSearchArg, String queryId, IList`1 windowTitles)
   at Microsoft.VisualStudio.TestTools.UITesting.SearchHelper.GetTopLevelElement(Boolean useCache, Boolean useCacheOnly, ISearchArgument searchArg, IList`1 windowTitles, Int32&amp; timeLeft)
   at Microsoft.VisualStudio.TestTools.UITesting.SearchHelper.GetElement(Boolean useCache, ISearchArgument searchArg)
   at Microsoft.VisualStudio.TestTools.UITesting.SearchHelper.Search(ISearchArgument searchArg)
   at Microsoft.VisualStudio.TestTools.UITesting.UITestControl.FindInternal()
   at Microsoft.VisualStudio.TestTools.UITesting.UITestControl.FindControlIfNecessary()
   at Microsoft.VisualStudio.TestTools.UITesting.UITestControl.Click(MouseButtons button, ModifierKeys modifierKeys, Point relativeCoordinates)
   at Microsoft.VisualStudio.TestTools.UITesting.Mouse.ClickImplementation(UITestControl control, MouseButtons button, ModifierKeys modifierKeys, Point relativeCoordinate)
   at Microsoft.VisualStudio.TestTools.UITesting.Mouse.ClickImplementationWrapper(UITestControl control, MouseButtons button, ModifierKeys modifierKeys, Point relativeCoordinate)
W, 5176, 24, 2013/05/23, 09:26:02.561, 2411680650506, QTAgent32.exe, PlaybackErrorHandler: Ignoring exception as ContinueOnError is set.
W, 5176, 24, 2013/05/23, 09:26:02.603, 2411681252612, QTAgent32.exe, &lt;a class=success&gt;Playback - {17} [SUCCESS] TypeString "#(R)"
\0&lt;/a&gt;
E, 5176, 24, 2013/05/23, 09:26:03.192, 2411689689798, QTAgent32.exe, Exception: System.ArgumentException
	Message: Value does not fall within the expected range.
	Stack Trace:    at Accessibility.IAccessible.get_accRole(Object varChild)
   at Microsoft.VisualStudio.TestTools.UITest.Extension.Msaa.AccWrapper.get_RoleInt()
	BaseExceptionMessage: Value does not fall within the expected range.

E, 5176, 24, 2013/05/23, 09:26:03.194, 2411689717463, QTAgent32.exe, Exception: System.ArgumentException
	Message: Value does not fall within the expected range.
	Stack Trace:    at Accessibility.IAccessible.get_accRole(Object varChild)
   at Microsoft.VisualStudio.TestTools.UITest.Extension.Msaa.AccWrapper.get_RoleInt()
	BaseExceptionMessage: Value does not fall within the expected range.

W, 5176, 24, 2013/05/23, 09:26:03.433, 2411693140525, QTAgent32.exe, &lt;a class=success&gt;Playback - {18} [SUCCESS] LeftButtonClick  &lt; Mouse cursor location (87, 908) &gt;
\0&lt;/a&gt;
W, 5176, 24, 2013/05/23, 09:26:04.284, 2411705321299, QTAgent32.exe, &lt;a class=success&gt;Playback - {19} [SUCCESS] SetValueAsEditBox "c:\TestProject7\ourhighway.reg"  &lt; Set via SendKeys &gt;
\0&lt;/a&gt;
W, 5176, 24, 2013/05/23, 09:26:04.284, 2411705323126, QTAgent32.exe, &lt;a class=success&gt;Playback - {20} [SUCCESS] SetValueAsComboBox "c:\TestProject7\ourhighway.reg" - "[MSAA, VisibleOnly]ControlType='ComboBox' &amp;&amp; Name='Open:'"  &lt; Set via SetValueAsEditBox &gt;
\0&lt;/a&gt;
W, 5176, 24, 2013/05/23, 09:26:04.518, 2411708669153, QTAgent32.exe, &lt;a class=success&gt;Playback - {21} [SUCCESS] MouseButtonClick - "[MSAA, VisibleOnly]ControlType='Button' &amp;&amp; Name='OK'"
\0&lt;/a&gt;
W, 5176, 24, 2013/05/23, 09:26:05.179, 2411718136064, QTAgent32.exe, &lt;a class=success&gt;Playback - {22} [SUCCESS] MouseButtonClick - "[MSAA, VisibleOnly]ControlType='Button' &amp;&amp; Name='Yes'"
\0&lt;/a&gt;
W, 5176, 24, 2013/05/23, 09:26:07.550, 2411752078871, QTAgent32.exe, &lt;a class=success&gt;Playback - {23} [SUCCESS] MouseButtonClick - "[MSAA, VisibleOnly]ControlType='Button' &amp;&amp; Name='OK'"
\0&lt;/a&gt;
W, 5176, 24, 2013/05/23, 09:26:07.817, 2411755902135, QTAgent32.exe, &lt;a class=success&gt;Playback - {24} [SUCCESS] MouseButtonClick - "[MSAA, VisibleOnly]ControlType='Button' &amp;&amp; Name='Clients &amp; Files'"
\0&lt;/a&gt;
W, 5176, 24, 2013/05/23, 09:26:08.691, 2411768420677, QTAgent32.exe, PERF WARNING: FindTopLevelWindowHelper::FindAllDescendents: took 727 ms. Expected it to take maximum 500 ms.
W, 5176, 24, 2013/05/23, 09:26:08.937, 2411771953450, QTAgent32.exe, Playback - [WARNING] Internal warning: Incorrect flag set for InvokeProgrammaticAction\0
W, 5176, 24, 2013/05/23, 09:26:09.095, 2411774203485, QTAgent32.exe, &lt;a class=success&gt;Playback - {25} [SUCCESS] SetValueAsComboBox "Customers" - "[MSAA, VisibleOnly]ControlType='ComboBox'"  &lt; SetValueAsComboBox, set by clicking on the item in the list box &gt;
\0&lt;/a&gt;
W, 5176, 24, 2013/05/23, 09:26:09.782, 2411784035067, QTAgent32.exe, &lt;a class=success&gt;Playback - {26} [SUCCESS] MouseButtonClick - "[MSAA, VisibleOnly]ControlType='Button' &amp;&amp; Name='Add'"
\0&lt;/a&gt;
W, 5176, 24, 2013/05/23, 09:26:10.082, 2411788339053, QTAgent32.exe, &lt;a class=success&gt;Playback - {27} [SUCCESS] SendKeys "autotest" - "[MSAA, VisibleOnly]ControlType='RadioButton' &amp;&amp; Name='Personal Lines'"
\0&lt;/a&gt;
W, 5176, 24, 2013/05/23, 09:26:10.424, 2411793238014, QTAgent32.exe, &lt;a class=success&gt;Playback - {28} [SUCCESS] SetValueAsEditBox "autotest" - "[MSAA, VisibleOnly]ControlType='Edit'"  &lt; Set via SendKeys &gt;
\0&lt;/a&gt;
W, 5176, 24, 2013/05/23, 09:26:10.800, 2411798622042, QTAgent32.exe, &lt;a class=success&gt;Playback - {29} [SUCCESS] MouseButtonClick - "[MSAA, VisibleOnly]ControlType='Button' &amp;&amp; Name='OK'"
\0&lt;/a&gt;
W, 5176, 24, 2013/05/23, 09:26:11.224, 2411804693014, QTAgent32.exe, &lt;a class=success&gt;Playback - {30} [SUCCESS] MouseButtonClick - "[MSAA, VisibleOnly]ControlType='Button' &amp;&amp; Name='Yes'"
\0&lt;/a&gt;
W, 5176, 24, 2013/05/23, 09:26:11.404, 2411807269752, QTAgent32.exe, &lt;a class=success&gt;Playback - {31} [SUCCESS] SendKeys "^{HOME}" - "[MSAA, VisibleOnly]ControlType='Edit'"
\0&lt;/a&gt;
E, 5176, 24, 2013/05/23, 09:26:11.404, 2411807271716, QTAgent32.exe, Msaa.GetFocusedElement: could not find accessible object of foreground window
W, 5176, 24, 2013/05/23, 09:26:11.457, 2411808021171, QTAgent32.exe, &lt;a class=success&gt;Playback - {32} [SUCCESS] SendKeys "^+{END}" - "[MSAA, VisibleOnly]ControlType='Edit'"
\0&lt;/a&gt;
E, 5176, 24, 2013/05/23, 09:26:11.457, 2411808022672, QTAgent32.exe, Msaa.GetFocusedElement: could not find accessible object of foreground window
W, 5176, 24, 2013/05/23, 09:26:11.469, 2411808202643, QTAgent32.exe, &lt;a class=success&gt;Playback - {33} [SUCCESS] SendKeys "{DELETE}" - "[MSAA, VisibleOnly]ControlType='Edit'"
\0&lt;/a&gt;
W, 5176, 24, 2013/05/23, 09:26:11.521, 2411808946522, QTAgent32.exe, &lt;a class=success&gt;Playback - {34} [SUCCESS] SetValueAsEditBox "1" - "[MSAA, VisibleOnly]ControlType='Edit'"  &lt; Set via SendKeys &gt;
\0&lt;/a&gt;
W, 5176, 24, 2013/05/23, 09:26:11.702, 2411811538151, QTAgent32.exe, &lt;a class=success&gt;Playback - {35} [SUCCESS] SendKeys "^{HOME}" - "[MSAA, VisibleOnly]ControlType='Edit'"
\0&lt;/a&gt;
E, 5176, 24, 2013/05/23, 09:26:11.702, 2411811540474, QTAgent32.exe, Msaa.GetFocusedElement: could not find accessible object of foreground window
W, 5176, 24, 2013/05/23, 09:26:11.771, 2411812517116, QTAgent32.exe, &lt;a class=success&gt;Playback - {36} [SUCCESS] SendKeys "^+{END}" - "[MSAA, VisibleOnly]ControlType='Edit'"
\0&lt;/a&gt;
E, 5176, 24, 2013/05/23, 09:26:11.771, 2411812518882, QTAgent32.exe, Msaa.GetFocusedElement: could not find accessible object of foreground window
W, 5176, 24, 2013/05/23, 09:26:11.783, 2411812696627, QTAgent32.exe, &lt;a class=success&gt;Playback - {37} [SUCCESS] SendKeys "{DELETE}" - "[MSAA, VisibleOnly]ControlType='Edit'"
\0&lt;/a&gt;
W, 5176, 24, 2013/05/23, 09:26:11.830, 2411813364180, QTAgent32.exe, &lt;a class=success&gt;Playback - {38} [SUCCESS] SetValueAsEditBox "1" - "[MSAA, VisibleOnly]ControlType='Edit'"  &lt; Set via SendKeys &gt;
\0&lt;/a&gt;
W, 5176, 24, 2013/05/23, 09:26:13.442, 2411836444505, QTAgent32.exe, Playback - [WARNING] Internal warning: Target element "[MSAA, VisibleOnly]ControlType='Button' &amp;&amp; Name='OK'" was not found, so all intermediate elements were ignored. An incorrect element that matches target element Id can be found as the result.  Verify that all intermediate elements in QueryId have valid and unique Ids
\0
W, 5176, 24, 2013/05/23, 09:26:13.965, 2411843929136, QTAgent32.exe, PERF WARNING: FindAllDescendents: took 2033 ms. Expected it to take maximum 500 ms.
W, 5176, 24, 2013/05/23, 09:26:14.265, 2411848225271, QTAgent32.exe, &lt;a class=success&gt;Playback - {39} [SUCCESS] MouseButtonClick - "[MSAA, VisibleOnly]ControlType='Button' &amp;&amp; Name='OK'"
\0&lt;/a&gt;
W, 5176, 24, 2013/05/23, 09:26:14.608, 2411853144123, QTAgent32.exe, &lt;a class=success&gt;Playback - {40} [SUCCESS] MouseButtonClick - "[MSAA, VisibleOnly]ControlType='Button'"
\0&lt;/a&gt;
W, 5176, 24, 2013/05/23, 09:26:14.936, 2411857831595, QTAgent32.exe, &lt;a class=success&gt;Playback - {41} [SUCCESS] MouseButtonClick - "[MSAA, VisibleOnly]ControlType='Button' &amp;&amp; Name='Add'"
\0&lt;/a&gt;
W, 5176, 24, 2013/05/23, 09:26:15.263, 2411862520514, QTAgent32.exe, &lt;a class=success&gt;Playback - {42} [SUCCESS] MouseButtonClick - "[MSAA, VisibleOnly]ControlType='Button' &amp;&amp; Name='OK'"
\0&lt;/a&gt;
W, 5176, 24, 2013/05/23, 09:26:17.496, 2411894492168, QTAgent32.exe, &lt;a class=success&gt;Playback - {43} [SUCCESS] MouseButtonClick - "[MSAA, VisibleOnly,Window]ControlType='Window' &amp;&amp; ClassName='ThunderRT6TextBox'"
\0&lt;/a&gt;
W, 5176, 24, 2013/05/23, 09:26:17.758, 2411898239469, QTAgent32.exe, &lt;a class=success&gt;Playback - {44} [SUCCESS] SetValueAsEditBox "MOTO" - "[MSAA, VisibleOnly]ControlType='Edit'"  &lt; Set via SendKeys &gt;
\0&lt;/a&gt;
W, 5176, 24, 2013/05/23, 09:26:18.094, 2411903051124, QTAgent32.exe, &lt;a class=success&gt;Playback - {45} [SUCCESS] MouseButtonClick - "[MSAA, VisibleOnly]ControlType='Button' &amp;&amp; Name='OK'"
\0&lt;/a&gt;
W, 5176, 24, 2013/05/23, 09:26:18.325, 2411906360566, QTAgent32.exe, &lt;a class=success&gt;Playback - {46} [SUCCESS] MouseButtonClick - "[MSAA, VisibleOnly]ControlType='Button' &amp;&amp; Name='Options'"
\0&lt;/a&gt;
W, 5176, 24, 2013/05/23, 09:26:18.427, 2411907822803, QTAgent32.exe, FindScreenElementInSinglePass : Attempting to find control in one pass of search. Failures can occur.
W, 5176, 24, 2013/05/23, 09:26:18.656, 2411911104289, QTAgent32.exe, &lt;a class=success&gt;Playback - {47} [SUCCESS] MouseButtonClick - "[MSAA]ControlType='MenuItem' &amp;&amp; Name='Links'"
\0&lt;/a&gt;
W, 5176, 24, 2013/05/23, 09:26:18.756, 2411912539175, QTAgent32.exe, FindScreenElementInSinglePass : Attempting to find control in one pass of search. Failures can occur.
W, 5176, 24, 2013/05/23, 09:26:18.938, 2411915142186, QTAgent32.exe, &lt;a class=success&gt;Playback - {48} [SUCCESS] MouseButtonClick - "[MSAA]ControlType='MenuItem' &amp;&amp; Name='3rd Party Integration'"
\0&lt;/a&gt;
W, 5176, 24, 2013/05/23, 09:26:19.038, 2411916578127, QTAgent32.exe, FindScreenElementInSinglePass : Attempting to find control in one pass of search. Failures can occur.
W, 5176, 24, 2013/05/23, 09:26:19.196, 2411918837595, QTAgent32.exe, &lt;a class=success&gt;Playback - {49} [SUCCESS] MouseButtonClick - "[MSAA]ControlType='MenuItem' &amp;&amp; Name='Quote Select List'"
\0&lt;/a&gt;
W, 5176, 24, 2013/05/23, 09:26:20.361, 2411935520669, QTAgent32.exe, PERF WARNING: FindTopLevelWindowHelper::FindAllDescendents: took 1064 ms. Expected it to take maximum 500 ms.
W, 5176, 24, 2013/05/23, 09:26:21.158, 2411946926238, QTAgent32.exe, &lt;a class=success&gt;Playback - {50} [SUCCESS] MouseButtonClick - "[MSAA, VisibleOnly]ControlType='Button' &amp;&amp; Name='Ok'"
\0&lt;/a&gt;
W, 5176, 24, 2013/05/23, 09:26:22.673, 2411968612470, QTAgent32.exe, PERF WARNING: FindTopLevelWindowHelper::FindAllDescendents: took 1404 ms. Expected it to take maximum 500 ms.
W, 5176, 24, 2013/05/23, 09:26:22.885, 2411971657931, QTAgent32.exe, &lt;a class=success&gt;Playback - {51} [SUCCESS] MouseButtonClick - "[MSAA, VisibleOnly]ControlType='Button' &amp;&amp; Name='Ok'"
\0&lt;/a&gt;
W, 5176, 24, 2013/05/23, 09:26:23.163, 2411975639862, QTAgent32.exe, &lt;a class=success&gt;Playback - {52} [SUCCESS] SetValueAsEditBox "test" - "[MSAA, VisibleOnly]ControlType='Edit'"  &lt; Set via SendKeys &gt;
\0&lt;/a&gt;
W, 5176, 24, 2013/05/23, 09:26:23.446, 2411979684368, QTAgent32.exe, &lt;a class=success&gt;Playback - {53} [SUCCESS] SetValueAsEditBox "test" - "[MSAA, VisibleOnly]ControlType='Edit'"  &lt; Set via SendKeys &gt;
\0&lt;/a&gt;
W, 5176, 24, 2013/05/23, 09:26:23.751, 2411984059597, QTAgent32.exe, &lt;a class=success&gt;Playback - {54} [SUCCESS] SetValueAsEditBox "160486" - "[MSAA, VisibleOnly]ControlType='Edit'"  &lt; Set via SendKeys &gt;
\0&lt;/a&gt;
W, 5176, 24, 2013/05/23, 09:26:24.059, 2411988462797, QTAgent32.exe, &lt;a class=success&gt;Playback - {55} [SUCCESS] SetValueAsEditBox "BN16BN" - "[MSAA, VisibleOnly]ControlType='Edit'"  &lt; Set via SendKeys &gt;
\0&lt;/a&gt;
W, 5176, 24, 2013/05/23, 09:26:26.282, 2412020293367, QTAgent32.exe, &lt;a class=success&gt;Playback - {56} [SUCCESS] MouseButtonClick - "[MSAA, VisibleOnly]ControlType='Button' &amp;&amp; Name='Lookup...'"
\0&lt;/a&gt;
W, 5176, 24, 2013/05/23, 09:26:26.521, 2412023717257, QTAgent32.exe, &lt;a class=success&gt;Playback - {57} [SUCCESS] MouseButtonClick - "[MSAA, VisibleOnly]ControlType='Button' &amp;&amp; Name='Ok'"
\0&lt;/a&gt;
W, 5176, 24, 2013/05/23, 09:26:27.976, 2412044556056, QTAgent32.exe, &lt;a class=success&gt;Playback - {58} [SUCCESS] MouseButtonClick - "[MSAA, VisibleOnly]ControlType='Button' &amp;&amp; Name='OK'"
\0&lt;/a&gt;
W, 5176, 24, 2013/05/23, 09:26:28.754, 2412055696196, QTAgent32.exe, Playback - [WARNING] Internal warning: Incorrect flag set for InvokeProgrammaticAction\0
W, 5176, 24, 2013/05/23, 09:26:28.872, 2412057383356, QTAgent32.exe, &lt;a class=success&gt;Playback - {59} [SUCCESS] SetValueAsComboBox "Account Executive" - "[MSAA, VisibleOnly]ControlType='ComboBox'"  &lt; SetValueAsComboBox, set by clicking on the item in the list box &gt;
\0&lt;/a&gt;
W, 5176, 24, 2013/05/23, 09:26:29.252, 2412062818632, QTAgent32.exe, Playback - [WARNING] Internal warning: Incorrect flag set for InvokeProgrammaticAction\0
W, 5176, 24, 2013/05/23, 09:26:29.744, 2412069854566, QTAgent32.exe, &lt;a class=success&gt;Playback - {60} [SUCCESS] SetValueAsComboBox "Aerial Manufacturer" - "[MSAA, VisibleOnly]ControlType='ComboBox'"  &lt; SetValueAsComboBox, set by clicking on the item in the list box &gt;
\0&lt;/a&gt;
W, 5176, 24, 2013/05/23, 09:26:30.158, 2412075791860, QTAgent32.exe, &lt;a class=success&gt;Playback - {61} [SUCCESS] SetValueAsEditBox "151208" - "[MSAA, VisibleOnly]ControlType='Edit'"  &lt; Set via SendKeys &gt;
\0&lt;/a&gt;
W, 5176, 24, 2013/05/23, 09:26:31.796, 2412099247442, QTAgent32.exe, &lt;a class=success&gt;Playback - {62} [SUCCESS] MouseButtonClick - "[MSAA, VisibleOnly]ControlType='Button' &amp;&amp; Name='OK'"
\0&lt;/a&gt;
E, 5176, 24, 2013/05/23, 09:26:31.904, 2412100797067, QTAgent32.exe, Exception: System.ArgumentException
	Message: Value does not fall within the expected range.
	Stack Trace:    at Accessibility.IAccessible.get_accRole(Object varChild)
   at Microsoft.VisualStudio.TestTools.UITest.Extension.Msaa.AccWrapper.get_RoleInt()
	BaseExceptionMessage: Value does not fall within the expected range.

E, 5176, 24, 2013/05/23, 09:26:31.906, 2412100825382, QTAgent32.exe, Exception: System.ArgumentException
	Message: Value does not fall within the expected range.
	Stack Trace:    at Accessibility.IAccessible.get_accRole(Object varChild)
   at Microsoft.VisualStudio.TestTools.UITest.Extension.Msaa.AccWrapper.get_RoleInt()
	BaseExceptionMessage: Value does not fall within the expected range.

W, 5176, 24, 2013/05/23, 09:26:32.110, 2412103745052, QTAgent32.exe, &lt;a class=success&gt;Playback - {63} [SUCCESS] LeftButtonClick  &lt; Mouse cursor location (680, 395) &gt;
\0&lt;/a&gt;
W, 5176, 24, 2013/05/23, 09:26:32.347, 2412107133674, QTAgent32.exe, &lt;a class=success&gt;Playback - {64} [SUCCESS] SetValueAsEditBox "FORD"  &lt; Set via SendKeys &gt;
\0&lt;/a&gt;
W, 5176, 24, 2013/05/23, 09:26:32.347, 2412107135722, QTAgent32.exe, &lt;a class=success&gt;Playback - {65} [SUCCESS] SetValueAsComboBox "FORD" - "[MSAA, VisibleOnly]ControlType='ComboBox'"  &lt; Set via SetValueAsEditBox &gt;
\0&lt;/a&gt;
E, 5176, 24, 2013/05/23, 09:26:32.453, 2412108659149, QTAgent32.exe, Exception: System.ArgumentException
	Message: Value does not fall within the expected range.
	Stack Trace:    at Accessibility.IAccessible.get_accRole(Object varChild)
   at Microsoft.VisualStudio.TestTools.UITest.Extension.Msaa.AccWrapper.get_RoleInt()
	BaseExceptionMessage: Value does not fall within the expected range.

E, 5176, 24, 2013/05/23, 09:26:32.455, 2412108686009, QTAgent32.exe, Exception: System.ArgumentException
	Message: Value does not fall within the expected range.
	Stack Trace:    at Accessibility.IAccessible.get_accRole(Object varChild)
   at Microsoft.VisualStudio.TestTools.UITest.Extension.Msaa.AccWrapper.get_RoleInt()
	BaseExceptionMessage: Value does not fall within the expected range.

W, 5176, 24, 2013/05/23, 09:26:33.069, 2412117464235, QTAgent32.exe, &lt;a class=success&gt;Playback - {66} [SUCCESS] LeftButtonClick  &lt; Mouse cursor location (1040, 395) &gt;
\0&lt;/a&gt;
W, 5176, 24, 2013/05/23, 09:26:33.278, 2412120463746, QTAgent32.exe, &lt;a class=success&gt;Playback - {67} [SUCCESS] SetValueAsEditBox "KA"  &lt; Set via SendKeys &gt;
\0&lt;/a&gt;
W, 5176, 24, 2013/05/23, 09:26:33.278, 2412120465137, QTAgent32.exe, &lt;a class=success&gt;Playback - {68} [SUCCESS] SetValueAsComboBox "KA" - "[MSAA, VisibleOnly]ControlType='ComboBox'"  &lt; Set via SetValueAsEditBox &gt;
\0&lt;/a&gt;
W, 5176, 24, 2013/05/23, 09:26:33.815, 2412128148945, QTAgent32.exe, &lt;a class=success&gt;Playback - {69} [SUCCESS] MouseButtonClick - "[MSAA, VisibleOnly]ControlType='Button' &amp;&amp; Name='Filter'"
\0&lt;/a&gt;
W, 5176, 24, 2013/05/23, 09:26:34.124, 2412132567538, QTAgent32.exe, &lt;a class=success&gt;Playback - {70} [SUCCESS] MouseButtonClick - "[MSAA, VisibleOnly]ControlType='Button' &amp;&amp; Name='OK'"
\0&lt;/a&gt;
W, 5176, 24, 2013/05/23, 09:26:34.626, 2412139765200, QTAgent32.exe, &lt;a class=success&gt;Playback - {71} [SUCCESS] SendKeys "^{HOME}" - "[MSAA, VisibleOnly]ControlType='Edit'"
\0&lt;/a&gt;
E, 5176, 24, 2013/05/23, 09:26:34.626, 2412139767187, QTAgent32.exe, Msaa.GetFocusedElement: could not find accessible object of foreground window
W, 5176, 24, 2013/05/23, 09:26:34.678, 2412140509523, QTAgent32.exe, &lt;a class=success&gt;Playback - {72} [SUCCESS] SendKeys "^+{END}" - "[MSAA, VisibleOnly]ControlType='Edit'"
\0&lt;/a&gt;
E, 5176, 24, 2013/05/23, 09:26:34.678, 2412140511053, QTAgent32.exe, Msaa.GetFocusedElement: could not find accessible object of foreground window
W, 5176, 24, 2013/05/23, 09:26:34.690, 2412140681951, QTAgent32.exe, &lt;a class=success&gt;Playback - {73} [SUCCESS] SendKeys "{DELETE}" - "[MSAA, VisibleOnly]ControlType='Edit'"
\0&lt;/a&gt;
W, 5176, 24, 2013/05/23, 09:26:34.870, 2412143254612, QTAgent32.exe, &lt;a class=success&gt;Playback - {74} [SUCCESS] SetValueAsEditBox "123434" - "[MSAA, VisibleOnly]ControlType='Edit'"  &lt; Set via SendKeys &gt;
\0&lt;/a&gt;
W, 5176, 24, 2013/05/23, 09:26:35.107, 2412146647286, QTAgent32.exe, &lt;a class=success&gt;Playback - {75} [SUCCESS] SendKeys "^{HOME}" - "[MSAA, VisibleOnly]ControlType='Edit'"
\0&lt;/a&gt;
E, 5176, 24, 2013/05/23, 09:26:35.107, 2412146649235, QTAgent32.exe, Msaa.GetFocusedElement: could not find accessible object of foreground window
W, 5176, 24, 2013/05/23, 09:26:35.170, 2412147555837, QTAgent32.exe, &lt;a class=success&gt;Playback - {76} [SUCCESS] SendKeys "^+{END}" - "[MSAA, VisibleOnly]ControlType='Edit'"
\0&lt;/a&gt;
E, 5176, 24, 2013/05/23, 09:26:35.170, 2412147557697, QTAgent32.exe, Msaa.GetFocusedElement: could not find accessible object of foreground window
W, 5176, 24, 2013/05/23, 09:26:35.183, 2412147734630, QTAgent32.exe, &lt;a class=success&gt;Playback - {77} [SUCCESS] SendKeys "{DELETE}" - "[MSAA, VisibleOnly]ControlType='Edit'"
\0&lt;/a&gt;
W, 5176, 24, 2013/05/23, 09:26:35.321, 2412149719635, QTAgent32.exe, &lt;a class=success&gt;Playback - {78} [SUCCESS] SetValueAsEditBox "1000" - "[MSAA, VisibleOnly]ControlType='Edit'"  &lt; Set via SendKeys &gt;
\0&lt;/a&gt;
W, 5176, 24, 2013/05/23, 09:26:35.542, 2412152883095, QTAgent32.exe, &lt;a class=success&gt;Playback - {79} [SUCCESS] SendKeys "^{HOME}" - "[MSAA, VisibleOnly]ControlType='Edit'"
\0&lt;/a&gt;
E, 5176, 24, 2013/05/23, 09:26:35.542, 2412152885311, QTAgent32.exe, Msaa.GetFocusedElement: could not find accessible object of foreground window
W, 5176, 24, 2013/05/23, 09:26:35.608, 2412153820590, QTAgent32.exe, &lt;a class=success&gt;Playback - {80} [SUCCESS] SendKeys "^+{END}" - "[MSAA, VisibleOnly]ControlType='Edit'"
\0&lt;/a&gt;
E, 5176, 24, 2013/05/23, 09:26:35.608, 2412153822768, QTAgent32.exe, Msaa.GetFocusedElement: could not find accessible object of foreground window
W, 5176, 24, 2013/05/23, 09:26:35.620, 2412153999271, QTAgent32.exe, &lt;a class=success&gt;Playback - {81} [SUCCESS] SendKeys "{DELETE}" - "[MSAA, VisibleOnly]ControlType='Edit'"
\0&lt;/a&gt;
W, 5176, 24, 2013/05/23, 09:26:35.838, 2412157123692, QTAgent32.exe, &lt;a class=success&gt;Playback - {82} [SUCCESS] SetValueAsEditBox "30/05/13" - "[MSAA, VisibleOnly]ControlType='Edit'"  &lt; Set via SendKeys &gt;
\0&lt;/a&gt;
W, 5176, 24, 2013/05/23, 09:26:36.195, 2412162226197, QTAgent32.exe, &lt;a class=success&gt;Playback - {83} [SUCCESS] MouseButtonClick - "[MSAA, VisibleOnly]ControlType='Button' &amp;&amp; Name='Calculate Quote'"
\0&lt;/a&gt;
W, 5176, 24, 2013/05/23, 09:26:36.444, 2412165794362, QTAgent32.exe, &lt;a class=success&gt;Playback - {84} [SUCCESS] MouseButtonClick - "[MSAA, VisibleOnly]ControlType='Button' &amp;&amp; Name='Cancel'"
\0&lt;/a&gt;
W, 5176, 24, 2013/05/23, 09:26:36.684, 2412169229626, QTAgent32.exe, &lt;a class=success&gt;Playback - {85} [SUCCESS] MouseButtonClick - "[MSAA, VisibleOnly]ControlType='Button' &amp;&amp; Name='No'"
\0&lt;/a&gt;
W, 5176, 24, 2013/05/23, 09:26:36.953, 2412173080136, QTAgent32.exe, &lt;a class=success&gt;Playback - {86} [SUCCESS] MouseButtonClick - "[MSAA, VisibleOnly]ControlType='Button' &amp;&amp; Name='Ok'"
\0&lt;/a&gt;
W, 5176, 24, 2013/05/23, 09:26:39.861, 2412214725267, QTAgent32.exe, PERF WARNING: FindTopLevelWindowHelper::FindAllDescendents: took 2808 ms. Expected it to take maximum 500 ms.
W, 5176, 24, 2013/05/23, 09:26:39.988, 2412216535797, QTAgent32.exe, &lt;a class=success&gt;Playback - {87} [SUCCESS] MouseButtonClick - "[MSAA, VisibleOnly]ControlType='Client'"
\0&lt;/a&gt;
W, 5176, 24, 2013/05/23, 09:26:41.486, 2412237980757, QTAgent32.exe, &lt;a class=success&gt;Playback - {88} [SUCCESS] SendKeys "{Home}" - "[MSAA, VisibleOnly]ControlType='Client'"
\0&lt;/a&gt;
W, 5176, 24, 2013/05/23, 09:26:44.758, 2412284834584, QTAgent32.exe, &lt;a class=success&gt;Playback - {89} [SUCCESS] MouseButtonClick - "[MSAA, VisibleOnly]ControlType='Button' &amp;&amp; Name='Accept'"
\0&lt;/a&gt;
W, 5176, 24, 2013/05/23, 09:26:45.185, 2412290940604, QTAgent32.exe, &lt;a class=success&gt;Playback - {90} [SUCCESS] MouseButtonClick - "[MSAA, VisibleOnly]ControlType='Button' &amp;&amp; Name='Yes'"
\0&lt;/a&gt;
W, 5176, 24, 2013/05/23, 09:26:45.473, 2412295074340, QTAgent32.exe, &lt;a class=success&gt;Playback - {91} [SUCCESS] MouseButtonClick - "[MSAA, VisibleOnly]ControlType='Button' &amp;&amp; Name='Ok'"
\0&lt;/a&gt;
W, 5176, 24, 2013/05/23, 09:26:45.718, 2412298578355, QTAgent32.exe, &lt;a class=success&gt;Playback - {92} [SUCCESS] MouseButtonClick - "[MSAA, VisibleOnly]ControlType='Button' &amp;&amp; Name='Ok'"
\0&lt;/a&gt;
W, 5176, 24, 2013/05/23, 09:26:46.177, 2412305149907, QTAgent32.exe, &lt;a class=success&gt;Playback - {93} [SUCCESS] MouseButtonClick - "[MSAA, VisibleOnly]ControlType='Button' &amp;&amp; Name='Confirm'"
\0&lt;/a&gt;
W, 5176, 24, 2013/05/23, 09:27:13.909, 2412702225448, QTAgent32.exe, Playback - [WARNING] Internal warning: Window Not Found: [VisibleOnly]ControlType='Window' &amp;&amp; Name='Save the file as' &amp;&amp; ClassName='#32770'
\0
E, 5176, 24, 2013/05/23, 09:27:13.909, 2412702227588, QTAgent32.exe, &lt;a class=failure&gt;Playback - {94} [FAILED] Function ElementFetcher::FindScreenElement failed to locate UI element (Searching: ;[VisibleOnly]ControlType='Window' &amp;&amp; Name='Save the file as' &amp;&amp; ClassName='#32770') (The object specified was not found.)
\0&lt;/a&gt;
E, 5176, 24, 2013/05/23, 09:27:13.962, 2412702987458, QTAgent32.exe, Playback - [IMAGE] C:\Users\testuser\AppData\Local\Temp\UITestLogs\LastRun\RPF3333.png
\0
W, 5176, 24, 2013/05/23, 09:27:13.962, 2412702989005, QTAgent32.exe, Playback - [WARNING] Internal warning: Couldn't find descendants that match QueryId
\0
W, 5176, 24, 2013/05/23, 09:27:13.963, 2412702991843, QTAgent32.exe, PERF WARNING: FindTopLevelWindowHelper::FindAllDescendents: took 27685 ms. Expected it to take maximum 500 ms.
W, 5176, 24, 2013/05/23, 09:27:32.831, 2412973154021, QTAgent32.exe, Playback - [WARNING] Internal warning: Window Not Found: [VisibleOnly]ControlType='Window' &amp;&amp; Name='Save the file as' &amp;&amp; ClassName='#32770'
\0
E, 5176, 24, 2013/05/23, 09:27:32.831, 2412973157297, QTAgent32.exe, &lt;a class=failure&gt;Playback - {95} [FAILED] Function ElementFetcher::FindScreenElement failed to locate UI element (Searching: ;[VisibleOnly]ControlType='Window' &amp;&amp; Name='Save the file as' &amp;&amp; ClassName='#32770') (The object specified was not found.)
\0&lt;/a&gt;
E, 5176, 24, 2013/05/23, 09:27:32.875, 2412973783468, QTAgent32.exe, Playback - [IMAGE] C:\Users\testuser\AppData\Local\Temp\UITestLogs\LastRun\RPF7D1F.png
\0
W, 5176, 24, 2013/05/23, 09:27:32.875, 2412973784957, QTAgent32.exe, Playback - [WARNING] Internal warning: Couldn't find descendants that match QueryId
\0
W, 5176, 24, 2013/05/23, 09:27:32.875, 2412973787427, QTAgent32.exe, PERF WARNING: FindTopLevelWindowHelper::FindAllDescendents: took 18912 ms. Expected it to take maximum 500 ms.
W, 5176, 24, 2013/05/23, 09:27:35.736, 2413014747169, QTAgent32.exe, Playback - [WARNING] Internal warning: Smart Match failed
\0
W, 5176, 24, 2013/05/23, 09:27:36.955, 2413032201763, QTAgent32.exe, Playback - [WARNING] Internal warning: Window Not Found: [VisibleOnly]ControlType='Window' &amp;&amp; Name='Save the file as' &amp;&amp; ClassName='#32770'
\0
E, 5176, 24, 2013/05/23, 09:27:36.955, 2413032203950, QTAgent32.exe, &lt;a class=failure&gt;Playback - {96} [FAILED] Function ElementFetcher::FindScreenElement failed to locate UI element (Searching: ;[VisibleOnly]ControlType='Window' &amp;&amp; Name='Save the file as' &amp;&amp; ClassName='#32770') (The object specified was not found.)
\0&lt;/a&gt;
E, 5176, 24, 2013/05/23, 09:27:36.998, 2413032812141, QTAgent32.exe, Playback - [IMAGE] C:\Users\testuser\AppData\Local\Temp\UITestLogs\LastRun\RPF8D36.png
\0
W, 5176, 24, 2013/05/23, 09:27:36.998, 2413032813659, QTAgent32.exe, Playback - [WARNING] Internal warning: Couldn't find descendants that match QueryId
\0
W, 5176, 24, 2013/05/23, 09:27:36.998, 2413032816099, QTAgent32.exe, PERF WARNING: FindTopLevelWindowHelper::FindAllDescendents: took 4122 ms. Expected it to take maximum 500 ms.
E, 5176, 24, 2013/05/23, 09:27:36.998, 2413032817702, QTAgent32.exe, Exception: System.Runtime.InteropServices.COMException
	Message: Error HRESULT E_FAIL has been returned from a call to a COM component.
	Stack Trace:    at Microsoft.VisualStudio.TestTools.UITest.Playback.Engine.IRPFPlayback.FindAllScreenElements(IScreenElement pScreenElementStart, String bstrQueryId, Object&amp; pvarResKeys, Int32 cResKeys, Int32 nMaxDepth, Object[]&amp; foundDescendants)
   at Microsoft.VisualStudio.TestTools.UITest.Playback.ScreenElement.FindTopLevelWindowHelper(String queryId)
	BaseExceptionMessage: Error HRESULT E_FAIL has been returned from a call to a COM component.

E, 5176, 24, 2013/05/23, 09:27:37.098, 2413034253464, QTAgent32.exe, AL: Playback Error: Microsoft.VisualStudio.TestTools.UITest.Extension.UITestControlNotFoundException: The playback failed to find the control with the given search properties. Additional Details: 
TechnologyName:  'MSAA'
ControlType:  'Window'
Name:  'Save the file as'
ClassName:  '#32770'
 ---&gt; System.Runtime.InteropServices.COMException: Error HRESULT E_FAIL has been returned from a call to a COM component.
   at Microsoft.VisualStudio.TestTools.UITest.Playback.Engine.IRPFPlayback.FindAllScreenElements(IScreenElement pScreenElementStart, String bstrQueryId, Object&amp; pvarResKeys, Int32 cResKeys, Int32 nMaxDepth, Object[]&amp; foundDescendants)
   at Microsoft.VisualStudio.TestTools.UITest.Playback.ScreenElement.FindTopLevelWindowHelper(String queryId)
   at Microsoft.VisualStudio.TestTools.UITest.Playback.ScreenElement.FindFromPartialQueryId(String queryId)
   at Microsoft.VisualStudio.TestTools.UITesting.UITestControl..ctor(String queryId)
   --- End of inner exception stack trace ---
   at Microsoft.VisualStudio.TestTools.UITesting.Playback.MapControlNotFoundException(COMException ex, IPlaybackContext context)
   at Microsoft.VisualStudio.TestTools.UITesting.Playback.MapAndThrowComException(COMException innerException, IPlaybackContext context)
   at Microsoft.VisualStudio.TestTools.UITesting.Playback.MapAndThrowException(SystemException exception, IPlaybackContext context)
   at Microsoft.VisualStudio.TestTools.UITesting.Playback.MapAndThrowException(SystemException exception, String queryId)
   at Microsoft.VisualStudio.TestTools.UITesting.UITestControl..ctor(String queryId)
   at Microsoft.VisualStudio.TestTools.UITesting.SearchHelper.SearchTopLevelWindow(ISearchArgument topLevelSearchArg, String topLevelElementQueryId)
   at Microsoft.VisualStudio.TestTools.UITesting.SearchHelper.GetTitleUpdatedTopLevelWindow(ISearchArgument topLevelSearchArg, String queryId, IList`1 windowTitles)
   at Microsoft.VisualStudio.TestTools.UITesting.SearchHelper.GetTopLevelElement(Boolean useCache, Boolean useCacheOnly, ISearchArgument searchArg, IList`1 windowTitles, Int32&amp; timeLeft)
   at Microsoft.VisualStudio.TestTools.UITesting.SearchHelper.GetElement(Boolean useCache, ISearchArgument searchArg)
   at Microsoft.VisualStudio.TestTools.UITesting.SearchHelper.Search(ISearchArgument searchArg)
   at Microsoft.VisualStudio.TestTools.UITesting.UITestControl.FindInternal()
   at Microsoft.VisualStudio.TestTools.UITesting.UITestControl.FindControlIfNecessary()
   at Microsoft.VisualStudio.TestTools.UITesting.UITestControl.Click(MouseButtons button, ModifierKeys modifierKeys, Point relativeCoordinates)
   at Microsoft.VisualStudio.TestTools.UITesting.Mouse.ClickImplementation(UITestControl control, MouseButtons button, ModifierKeys modifierKeys, Point relativeCoordinate)
   at Microsoft.VisualStudio.TestTools.UITesting.Mouse.ClickImplementationWrapper(UITestControl control, MouseButtons button, ModifierKeys modifierKeys, Point relativeCoordinate)
W, 5176, 24, 2013/05/23, 09:27:37.099, 2413034255088, QTAgent32.exe, PlaybackErrorHandler: Ignoring exception as ContinueOnError is set.
W, 5176, 24, 2013/05/23, 09:27:37.226, 2413036078849, QTAgent32.exe, &lt;a class=success&gt;Playback - {97} [SUCCESS] Check - "[MSAA, VisibleOnly]ControlType='CheckBox' &amp;&amp; Name='Defer Printing?'"
\0&lt;/a&gt;
W, 5176, 24, 2013/05/23, 09:27:37.720, 2413043152810, QTAgent32.exe, &lt;a class=success&gt;Playback - {98} [SUCCESS] MouseButtonClick - "[MSAA, VisibleOnly]ControlType='Button' &amp;&amp; Name='Ok'"
\0&lt;/a&gt;
W, 5176, 24, 2013/05/23, 09:27:39.543, 2413069254729, QTAgent32.exe, PERF WARNING: FindTopLevelWindowHelper::FindAllDescendents: took 1723 ms. Expected it to take maximum 500 ms.
W, 5176, 24, 2013/05/23, 09:27:40.446, 2413082184136, QTAgent32.exe, &lt;a class=success&gt;Playback - {99} [SUCCESS] Uncheck - "[MSAA, VisibleOnly]ControlType='CheckBox' &amp;&amp; Name='Add Activity'"
\0&lt;/a&gt;
W, 5176, 24, 2013/05/23, 09:27:42.935, 2413117821566, QTAgent32.exe, &lt;a class=success&gt;Playback - {100} [SUCCESS] MouseButtonClick - "[MSAA, VisibleOnly]ControlType='Button' &amp;&amp; Name='Ok'"
\0&lt;/a&gt;
W, 5176, 24, 2013/05/23, 09:27:43.278, 2413122733069, QTAgent32.exe, &lt;a class=success&gt;Playback - {101} [SUCCESS] MouseButtonClick - "[MSAA, VisibleOnly]ControlType='Button' &amp;&amp; Name='Ok'"
\0&lt;/a&gt;
W, 5176, 24, 2013/05/23, 09:27:47.268, 2413179862405, QTAgent32.exe, PERF WARNING: FindTopLevelWindowHelper::FindAllDescendents: took 3889 ms. Expected it to take maximum 500 ms.
W, 5176, 24, 2013/05/23, 09:27:49.430, 2413210814427, QTAgent32.exe, &lt;a class=success&gt;Playback - {102} [SUCCESS] MouseButtonClick - "[MSAA, VisibleOnly]ControlType='Button' &amp;&amp; Name='OK'"
\0&lt;/a&gt;
W, 5176, 24, 2013/05/23, 09:27:49.728, 2413215085901, QTAgent32.exe, &lt;a class=success&gt;Playback - {103} [SUCCESS] MouseButtonClick - "[MSAA, VisibleOnly]ControlType='Button' &amp;&amp; Name='Cancel'"
\0&lt;/a&gt;
W, 5176, 24, 2013/05/23, 09:27:50.156, 2413221217611, QTAgent32.exe, &lt;a class=success&gt;Playback - {104} [SUCCESS] MouseButtonClick - "[MSAA, VisibleOnly]ControlType='Button'"
\0&lt;/a&gt;
W, 5176, 24, 2013/05/23, 09:27:50.638, 2413228116438, QTAgent32.exe, &lt;a class=success&gt;Playback - {105} [SUCCESS] MouseButtonClick - "[MSAA, VisibleOnly]ControlType='Button' &amp;&amp; Name='Detail'"
\0&lt;/a&gt;
E, 5176, 24, 2013/05/23, 09:27:52.952, 2413261250478, QTAgent32.exe, IEDOM : Could not get valid window handle of Internet Explorer_server
W, 5176, 24, 2013/05/23, 09:27:52.952, 2413261251745, QTAgent32.exe, IEDOM : Unable to get the document Window Handle
E, 5176, 24, 2013/05/23, 09:27:54.952, 2413289892876, QTAgent32.exe, IEDOM : Could not get valid window handle of Internet Explorer_server
W, 5176, 24, 2013/05/23, 09:27:54.952, 2413289894103, QTAgent32.exe, IEDOM : Unable to get the document Window Handle
E, 5176, 24, 2013/05/23, 09:27:56.953, 2413318532821, QTAgent32.exe, IEDOM : Could not get valid window handle of Internet Explorer_server
W, 5176, 24, 2013/05/23, 09:27:56.953, 2413318534045, QTAgent32.exe, IEDOM : Unable to get the document Window Handle
E, 5176, 24, 2013/05/23, 09:27:58.953, 2413347173236, QTAgent32.exe, IEDOM : Could not get valid window handle of Internet Explorer_server
W, 5176, 24, 2013/05/23, 09:27:58.953, 2413347174679, QTAgent32.exe, IEDOM : Unable to get the document Window Handle
E, 5176, 24, 2013/05/23, 09:28:00.983, 2413376232745, QTAgent32.exe, IEDOM : Could not get valid window handle of Internet Explorer_server
W, 5176, 24, 2013/05/23, 09:28:00.983, 2413376234030, QTAgent32.exe, IEDOM : Unable to get the document Window Handle
E, 5176, 24, 2013/05/23, 09:28:02.983, 2413404875473, QTAgent32.exe, IEDOM : Could not get valid window handle of Internet Explorer_server
W, 5176, 24, 2013/05/23, 09:28:02.983, 2413404876770, QTAgent32.exe, IEDOM : Unable to get the document Window Handle
E, 5176, 24, 2013/05/23, 09:28:04.983, 2413433516049, QTAgent32.exe, IEDOM : Could not get valid window handle of Internet Explorer_server
W, 5176, 24, 2013/05/23, 09:28:04.983, 2413433517349, QTAgent32.exe, IEDOM : Unable to get the document Window Handle
E, 5176, 24, 2013/05/23, 09:28:06.984, 2413462162696, QTAgent32.exe, IEDOM : Could not get valid window handle of Internet Explorer_server
W, 5176, 24, 2013/05/23, 09:28:06.984, 2413462163800, QTAgent32.exe, IEDOM : Unable to get the document Window Handle
E, 5176, 24, 2013/05/23, 09:28:08.984, 2413490802403, QTAgent32.exe, IEDOM : Could not get valid window handle of Internet Explorer_server
W, 5176, 24, 2013/05/23, 09:28:08.984, 2413490803726, QTAgent32.exe, IEDOM : Unable to get the document Window Handle
E, 5176, 24, 2013/05/23, 09:28:10.984, 2413519442765, QTAgent32.exe, IEDOM : Could not get valid window handle of Internet Explorer_server
W, 5176, 24, 2013/05/23, 09:28:10.984, 2413519444009, QTAgent32.exe, IEDOM : Unable to get the document Window Handle
E, 5176, 24, 2013/05/23, 09:28:12.985, 2413548083628, QTAgent32.exe, IEDOM : Could not get valid window handle of Internet Explorer_server
W, 5176, 24, 2013/05/23, 09:28:12.985, 2413548085479, QTAgent32.exe, IEDOM : Unable to get the document Window Handle
E, 5176, 24, 2013/05/23, 09:28:14.985, 2413576730515, QTAgent32.exe, IEDOM : Could not get valid window handle of Internet Explorer_server
W, 5176, 24, 2013/05/23, 09:28:14.986, 2413576732114, QTAgent32.exe, IEDOM : Unable to get the document Window Handle
E, 5176, 24, 2013/05/23, 09:28:16.987, 2413605379707, QTAgent32.exe, IEDOM : Could not get valid window handle of Internet Explorer_server
W, 5176, 24, 2013/05/23, 09:28:16.987, 2413605380992, QTAgent32.exe, IEDOM : Unable to get the document Window Handle
E, 5176, 24, 2013/05/23, 09:28:18.988, 2413634046931, QTAgent32.exe, IEDOM : Could not get valid window handle of Internet Explorer_server
W, 5176, 24, 2013/05/23, 09:28:18.989, 2413634049594, QTAgent32.exe, IEDOM : Unable to get the document Window Handle
E, 5176, 24, 2013/05/23, 09:28:20.990, 2413662695380, QTAgent32.exe, IEDOM : Could not get valid window handle of Internet Explorer_server
W, 5176, 24, 2013/05/23, 09:28:20.990, 2413662697020, QTAgent32.exe, IEDOM : Unable to get the document Window Handle
W, 5176, 24, 2013/05/23, 09:28:22.990, 2413691345771, QTAgent32.exe, AL : IEBrowserService : Performing an extended retry
E, 5176, 24, 2013/05/23, 09:28:22.991, 2413691352552, QTAgent32.exe, IEDOM : Could not get valid window handle of Internet Explorer_server
W, 5176, 24, 2013/05/23, 09:28:22.991, 2413691353229, QTAgent32.exe, IEDOM : Unable to get the document Window Handle
E, 5176, 24, 2013/05/23, 09:28:24.991, 2413719994060, QTAgent32.exe, IEDOM : Could not get valid window handle of Internet Explorer_server
W, 5176, 24, 2013/05/23, 09:28:24.991, 2413719995312, QTAgent32.exe, IEDOM : Unable to get the document Window Handle
E, 5176, 24, 2013/05/23, 09:28:26.991, 2413748633734, QTAgent32.exe, IEDOM : Could not get valid window handle of Internet Explorer_server
W, 5176, 24, 2013/05/23, 09:28:26.991, 2413748635041, QTAgent32.exe, IEDOM : Unable to get the document Window Handle
E, 5176, 24, 2013/05/23, 09:28:28.992, 2413777273739, QTAgent32.exe, IEDOM : Could not get valid window handle of Internet Explorer_server
W, 5176, 24, 2013/05/23, 09:28:28.992, 2413777275059, QTAgent32.exe, IEDOM : Unable to get the document Window Handle
E, 5176, 24, 2013/05/23, 09:28:30.992, 2413805913909, QTAgent32.exe, IEDOM : Could not get valid window handle of Internet Explorer_server
W, 5176, 24, 2013/05/23, 09:28:30.992, 2413805915230, QTAgent32.exe, IEDOM : Unable to get the document Window Handle
E, 5176, 24, 2013/05/23, 09:28:32.992, 2413834554172, QTAgent32.exe, IEDOM : Could not get valid window handle of Internet Explorer_server
W, 5176, 24, 2013/05/23, 09:28:32.992, 2413834555392, QTAgent32.exe, IEDOM : Unable to get the document Window Handle
E, 5176, 24, 2013/05/23, 09:28:34.992, 2413863194318, QTAgent32.exe, IEDOM : Could not get valid window handle of Internet Explorer_server
W, 5176, 24, 2013/05/23, 09:28:34.992, 2413863195659, QTAgent32.exe, IEDOM : Unable to get the document Window Handle
E, 5176, 24, 2013/05/23, 09:28:36.993, 2413891833702, QTAgent32.exe, IEDOM : Could not get valid window handle of Internet Explorer_server
W, 5176, 24, 2013/05/23, 09:28:36.993, 2413891834999, QTAgent32.exe, IEDOM : Unable to get the document Window Handle
E, 5176, 24, 2013/05/23, 09:28:38.993, 2413920474018, QTAgent32.exe, IEDOM : Could not get valid window handle of Internet Explorer_server
W, 5176, 24, 2013/05/23, 09:28:38.993, 2413920475323, QTAgent32.exe, IEDOM : Unable to get the document Window Handle
E, 5176, 24, 2013/05/23, 09:28:40.993, 2413949114263, QTAgent32.exe, IEDOM : Could not get valid window handle of Internet Explorer_server
W, 5176, 24, 2013/05/23, 09:28:40.993, 2413949115472, QTAgent32.exe, IEDOM : Unable to get the document Window Handle
E, 5176, 24, 2013/05/23, 09:28:42.994, 2413977754152, QTAgent32.exe, IEDOM : Could not get valid window handle of Internet Explorer_server
W, 5176, 24, 2013/05/23, 09:28:42.994, 2413977755433, QTAgent32.exe, IEDOM : Unable to get the document Window Handle
E, 5176, 24, 2013/05/23, 09:28:44.994, 2414006394111, QTAgent32.exe, IEDOM : Could not get valid window handle of Internet Explorer_server
W, 5176, 24, 2013/05/23, 09:28:44.994, 2414006395374, QTAgent32.exe, IEDOM : Unable to get the document Window Handle
E, 5176, 24, 2013/05/23, 09:28:46.994, 2414035033967, QTAgent32.exe, IEDOM : Could not get valid window handle of Internet Explorer_server
W, 5176, 24, 2013/05/23, 09:28:46.994, 2414035035267, QTAgent32.exe, IEDOM : Unable to get the document Window Handle
E, 5176, 24, 2013/05/23, 09:28:48.994, 2414063674166, QTAgent32.exe, IEDOM : Could not get valid window handle of Internet Explorer_server
W, 5176, 24, 2013/05/23, 09:28:48.994, 2414063675536, QTAgent32.exe, IEDOM : Unable to get the document Window Handle
E, 5176, 24, 2013/05/23, 09:28:50.995, 2414092313683, QTAgent32.exe, IEDOM : Could not get valid window handle of Internet Explorer_server
W, 5176, 24, 2013/05/23, 09:28:50.995, 2414092314968, QTAgent32.exe, IEDOM : Unable to get the document Window Handle
E, 5176, 24, 2013/05/23, 09:28:52.995, 2414120954605, QTAgent32.exe, IEDOM : Could not get valid window handle of Internet Explorer_server
W, 5176, 24, 2013/05/23, 09:28:52.995, 2414120955856, QTAgent32.exe, IEDOM : Unable to get the document Window Handle
E, 5176, 24, 2013/05/23, 09:28:54.996, 2414149601315, QTAgent32.exe, IEDOM : Could not get valid window handle of Internet Explorer_server
W, 5176, 24, 2013/05/23, 09:28:54.996, 2414149602618, QTAgent32.exe, IEDOM : Unable to get the document Window Handle
E, 5176, 24, 2013/05/23, 09:28:56.996, 2414178240844, QTAgent32.exe, IEDOM : Could not get valid window handle of Internet Explorer_server
W, 5176, 24, 2013/05/23, 09:28:56.996, 2414178242155, QTAgent32.exe, IEDOM : Unable to get the document Window Handle
E, 5176, 24, 2013/05/23, 09:28:58.996, 2414206881056, QTAgent32.exe, IEDOM : Could not get valid window handle of Internet Explorer_server
W, 5176, 24, 2013/05/23, 09:28:58.996, 2414206882539, QTAgent32.exe, IEDOM : Unable to get the document Window Handle
E, 5176, 24, 2013/05/23, 09:29:00.999, 2414235554356, QTAgent32.exe, IEDOM : Could not get valid window handle of Internet Explorer_server
W, 5176, 24, 2013/05/23, 09:29:00.999, 2414235555580, QTAgent32.exe, IEDOM : Unable to get the document Window Handle
E, 5176, 24, 2013/05/23, 09:29:02.999, 2414264196819, QTAgent32.exe, IEDOM : Could not get valid window handle of Internet Explorer_server
W, 5176, 24, 2013/05/23, 09:29:02.999, 2414264197893, QTAgent32.exe, IEDOM : Unable to get the document Window Handle
E, 5176, 24, 2013/05/23, 09:29:04.999, 2414292837188, QTAgent32.exe, IEDOM : Could not get valid window handle of Internet Explorer_server
W, 5176, 24, 2013/05/23, 09:29:04.999, 2414292838419, QTAgent32.exe, IEDOM : Unable to get the document Window Handle
E, 5176, 24, 2013/05/23, 09:29:07.000, 2414321476940, QTAgent32.exe, IEDOM : Could not get valid window handle of Internet Explorer_server
W, 5176, 24, 2013/05/23, 09:29:07.000, 2414321478260, QTAgent32.exe, IEDOM : Unable to get the document Window Handle
E, 5176, 24, 2013/05/23, 09:29:09.000, 2414350116726, QTAgent32.exe, IEDOM : Could not get valid window handle of Internet Explorer_server
W, 5176, 24, 2013/05/23, 09:29:09.000, 2414350117951, QTAgent32.exe, IEDOM : Unable to get the document Window Handle
E, 5176, 24, 2013/05/23, 09:29:11.002, 2414378783878, QTAgent32.exe, IEDOM : Could not get valid window handle of Internet Explorer_server
W, 5176, 24, 2013/05/23, 09:29:11.002, 2414378785097, QTAgent32.exe, IEDOM : Unable to get the document Window Handle
W, 5176, 24, 2013/05/23, 09:29:11.959, 2414392485907, QTAgent32.exe, Playback - [WARNING] Internal warning: Window Not Found: [VisibleOnly]ControlType='Window' &amp;&amp; Name='Connect to www.insur-econnect.com'
\0
E, 5176, 24, 2013/05/23, 09:29:11.959, 2414392487802, QTAgent32.exe, &lt;a class=failure&gt;Playback - {106} [FAILED] Function ElementFetcher::FindScreenElement failed to locate UI element (Searching: ;[VisibleOnly]ControlType='Window' &amp;&amp; Name='Connect to www.insur-econnect.com') (The object specified was not found.)
\0&lt;/a&gt;
E, 5176, 24, 2013/05/23, 09:29:12.000, 2414393069032, QTAgent32.exe, Playback - [IMAGE] C:\Users\testuser\AppData\Local\Temp\UITestLogs\LastRun\RPF54.png
\0
W, 5176, 24, 2013/05/23, 09:29:12.000, 2414393070615, QTAgent32.exe, Playback - [WARNING] Internal warning: Couldn't find descendants that match QueryId
\0
W, 5176, 24, 2013/05/23, 09:29:12.000, 2414393073318, QTAgent32.exe, PERF WARNING: FindTopLevelWindowHelper::FindAllDescendents: took 988 ms. Expected it to take maximum 500 ms.
W, 5176, 24, 2013/05/23, 09:29:30.157, 2414653050443, QTAgent32.exe, Playback - [WARNING] Internal warning: Window Not Found: [VisibleOnly]ControlType='Window' &amp;&amp; Name='Connect to www.insur-econnect.com'
\0
E, 5176, 24, 2013/05/23, 09:29:30.157, 2414653052766, QTAgent32.exe, &lt;a class=failure&gt;Playback - {107} [FAILED] Function ElementFetcher::FindScreenElement failed to locate UI element (Searching: ;[VisibleOnly]ControlType='Window' &amp;&amp; Name='Connect to www.insur-econnect.com') (The object specified was not found.)
\0&lt;/a&gt;
E, 5176, 24, 2013/05/23, 09:29:30.197, 2414653628818, QTAgent32.exe, Playback - [IMAGE] C:\Users\testuser\AppData\Local\Temp\UITestLogs\LastRun\RPF4772.png
\0
W, 5176, 24, 2013/05/23, 09:29:30.197, 2414653630301, QTAgent32.exe, Playback - [WARNING] Internal warning: Couldn't find descendants that match QueryId
\0
W, 5176, 24, 2013/05/23, 09:29:30.198, 2414653632933, QTAgent32.exe, PERF WARNING: FindTopLevelWindowHelper::FindAllDescendents: took 18197 ms. Expected it to take maximum 500 ms.
W, 5176, 24, 2013/05/23, 09:29:30.719, 2414661098888, QTAgent32.exe, Playback - [WARNING] Internal warning: Smart Match failed
\0
W, 5176, 24, 2013/05/23, 09:29:30.973, 2414664732312, QTAgent32.exe, Playback - [WARNING] Internal warning: Smart Match failed
\0
W, 5176, 24, 2013/05/23, 09:29:31.222, 2414668295904, QTAgent32.exe, Playback - [WARNING] Internal warning: Smart Match failed
\0
W, 5176, 24, 2013/05/23, 09:29:31.485, 2414672067064, QTAgent32.exe, Playback - [WARNING] Internal warning: Smart Match failed
\0
W, 5176, 24, 2013/05/23, 09:29:31.754, 2414675915007, QTAgent32.exe, Playback - [WARNING] Internal warning: Smart Match failed
\0
W, 5176, 24, 2013/05/23, 09:29:32.021, 2414679739593, QTAgent32.exe, Playback - [WARNING] Internal warning: Smart Match failed
\0
W, 5176, 24, 2013/05/23, 09:29:32.359, 2414684571018, QTAgent32.exe, Playback - [WARNING] Internal warning: Smart Match failed
\0
W, 5176, 24, 2013/05/23, 09:29:32.915, 2414692544801, QTAgent32.exe, Playback - [WARNING] Internal warning: Smart Match failed
\0
W, 5176, 24, 2013/05/23, 09:29:33.173, 2414696228156, QTAgent32.exe, Playback - [WARNING] Internal warning: Smart Match failed
\0
W, 5176, 24, 2013/05/23, 09:29:33.319, 2414698325099, QTAgent32.exe, Playback - [WARNING] Internal warning: Window Not Found: [VisibleOnly]ControlType='Window' &amp;&amp; Name='Connect to www.insur-econnect.com'
\0
E, 5176, 24, 2013/05/23, 09:29:33.319, 2414698327304, QTAgent32.exe, &lt;a class=failure&gt;Playback - {108} [FAILED] Function ElementFetcher::FindScreenElement failed to locate UI element (Searching: ;[VisibleOnly]ControlType='Window' &amp;&amp; Name='Connect to www.insur-econnect.com') (The object specified was not found.)
\0&lt;/a&gt;
E, 5176, 24, 2013/05/23, 09:29:33.358, 2414698884953, QTAgent32.exe, Playback - [IMAGE] C:\Users\testuser\AppData\Local\Temp\UITestLogs\LastRun\RPF53D2.png
\0
W, 5176, 24, 2013/05/23, 09:29:33.358, 2414698886458, QTAgent32.exe, Playback - [WARNING] Internal warning: Couldn't find descendants that match QueryId
\0
W, 5176, 24, 2013/05/23, 09:29:33.358, 2414698888712, QTAgent32.exe, PERF WARNING: FindTopLevelWindowHelper::FindAllDescendents: took 3160 ms. Expected it to take maximum 500 ms.
E, 5176, 24, 2013/05/23, 09:29:33.359, 2414698890528, QTAgent32.exe, Exception: System.Runtime.InteropServices.COMException
	Message: Error HRESULT E_FAIL has been returned from a call to a COM component.
	Stack Trace:    at Microsoft.VisualStudio.TestTools.UITest.Playback.Engine.IRPFPlayback.FindAllScreenElements(IScreenElement pScreenElementStart, String bstrQueryId, Object&amp; pvarResKeys, Int32 cResKeys, Int32 nMaxDepth, Object[]&amp; foundDescendants)
   at Microsoft.VisualStudio.TestTools.UITest.Playback.ScreenElement.FindTopLevelWindowHelper(String queryId)
	BaseExceptionMessage: Error HRESULT E_FAIL has been returned from a call to a COM component.

W, 5176, 24, 2013/05/23, 09:29:33.795, 2414705135360, QTAgent32.exe, &lt;a class=success&gt;Playback - {109} [SUCCESS] TypeString "Bus Sys{Tab}Tottenham1"
\0&lt;/a&gt;
W, 5176, 24, 2013/05/23, 09:29:34.180, 2414710647677, QTAgent32.exe, &lt;a class=success&gt;Playback - {110} [SUCCESS] MouseButtonClick - "[MSAA, VisibleOnly]ControlType='Button' &amp;&amp; Name='OK'"
\0&lt;/a&gt;
E, 5176, 24, 2013/05/23, 09:29:34.311, 2414712529504, QTAgent32.exe, IEDOM : Could not get valid window handle of Internet Explorer_server
W, 5176, 24, 2013/05/23, 09:29:34.312, 2414712531023, QTAgent32.exe, IEDOM : Unable to get the document Window Handle
W, 5176, 24, 2013/05/23, 09:29:37.774, 2414762110435, QTAgent32.exe, &lt;a class=success&gt;Playback - {111} [SUCCESS] MouseButtonClick - "[Web]ControlType='Hyperlink' &amp;&amp; TagName='A' &amp;&amp; Id='' &amp;&amp; Name='' &amp;&amp; Target='' &amp;&amp; InnerText='Renewals Maintenance' &amp;&amp; FilterCondition(AbsolutePath='/sysmaint/content/leftbar.asp', Title='', Href='https://www.insur-econnect.com/sysmaint/content/leftbar.asp#', Class='', ControlDefinition='style="COLOR: white" href="#"', TagInstance='39')"
\0&lt;/a&gt;
W, 5176, 24, 2013/05/23, 09:29:38.230, 2414768639781, QTAgent32.exe, &lt;a class=success&gt;Playback - {112} [SUCCESS] MouseButtonClick - "[Web]ControlType='Hyperlink' &amp;&amp; TagName='A' &amp;&amp; Id='' &amp;&amp; Name='' &amp;&amp; Target='content' &amp;&amp; InnerText='Create a Motor Test Renewal Invitation' &amp;&amp; FilterCondition(AbsolutePath='/sysmaint/content/AddTestRenewalNotice.asp', Title='', Href='https://www.insur-econnect.com/sysmaint/content/AddTestRenewalNotice.asp', Class='itemlink', ControlDefinition='class=itemlink href="AddTestRenewalNotic', TagInstance='1')"
\0&lt;/a&gt;
E, 5176, 24, 2013/05/23, 09:29:40.103, 2414795457063, QTAgent32.exe, Exception: System.NotSupportedException
	Message: Internal Error: This method on IEWebControlElement should not get called.
	Stack Trace:    at Microsoft.VisualStudio.TestTools.UITest.Extension.IE.BrowserOptionElementNode.InvokeProgrammaticAction(ProgrammaticActionOption programmaticActionOption)
	BaseExceptionMessage: Internal Error: This method on IEWebControlElement should not get called.

W, 5176, 24, 2013/05/23, 09:29:40.346, 2414798935623, QTAgent32.exe, &lt;a class=success&gt;Playback - {113} [SUCCESS] SetValueAsComboBox "Highway Insurance" - "[Web]ControlType='ComboBox' &amp;&amp; TagName='SELECT' &amp;&amp; Id='InsurerID' &amp;&amp; Name='InsurerID' &amp;&amp; FilterCondition(Size='0', LabeledBy='', Title='', ItemCount='54', Class='', ControlDefinition='id=InsurerID onchange=selectInsurer() na', TagInstance='1')"  &lt; SetValueAsComboBox, set by clicking on the item in the list box &gt;
\0&lt;/a&gt;
W, 5176, 24, 2013/05/23, 09:29:41.088, 2414809565166, QTAgent32.exe, &lt;a class=success&gt;Playback - {114} [SUCCESS] SetValueAsEditBox "7071001640" - "[Web]ControlType='Edit' &amp;&amp; TagName='INPUT' &amp;&amp; Id='' &amp;&amp; Name='txtPolicyNumber' &amp;&amp; LabeledBy='' &amp;&amp; Type='SINGLELINE' &amp;&amp; FilterCondition(Title='', Class='', ControlDefinition='name=txtPolicyNumber align=left size=15', TagInstance='1')"  &lt; Set via SendKeys &gt;
\0&lt;/a&gt;
W, 5176, 24, 2013/05/23, 09:29:41.603, 2414816930362, QTAgent32.exe, &lt;a class=success&gt;Playback - {115} [SUCCESS] SetValueAsEditBox "30/5/2013" - "[Web]ControlType='Edit' &amp;&amp; TagName='INPUT' &amp;&amp; Id='' &amp;&amp; Name='txtAutoLapseDate' &amp;&amp; LabeledBy='' &amp;&amp; Type='SINGLELINE' &amp;&amp; FilterCondition(Title='', Class='', ControlDefinition='name=txtAutoLapseDate maxLength=10 value', TagInstance='8')"  &lt; Set via SendKeys &gt;
\0&lt;/a&gt;
W, 5176, 24, 2013/05/23, 09:29:42.244, 2414826102988, QTAgent32.exe, &lt;a class=success&gt;Playback - {116} [SUCCESS] MouseButtonClick - "[Web]ControlType='Button' &amp;&amp; TagName='INPUT' &amp;&amp; Id='buttonCreate' &amp;&amp; Name='buttonCreate' &amp;&amp; FilterCondition(DisplayText='  Create Record  ', Type='button', Title='Click to create the new record', Class='', ControlDefinition='id=buttonCreate title="Click to create t', TagInstance='10')"
\0&lt;/a&gt;
W, 5176, 24, 2013/05/23, 09:29:42.814, 2414834270542, QTAgent32.exe, &lt;a class=success&gt;Playback - {117} [SUCCESS] MouseButtonClick - "[MSAA, VisibleOnly]ControlType='Button' &amp;&amp; Name='OK'"
\0&lt;/a&gt;
W, 5176, 24, 2013/05/23, 09:29:47.985, 2414908306436, QTAgent32.exe, &lt;a class=success&gt;Playback - {118} [SUCCESS] TypeString "%({F4})"
\0&lt;/a&gt;
W, 5176, 24, 2013/05/23, 09:29:48.581, 2414916843389, QTAgent32.exe, &lt;a class=success&gt;Playback - {119} [SUCCESS] SendKeys "^{HOME}" - "[MSAA, VisibleOnly]ControlType='Edit'"
\0&lt;/a&gt;
E, 5176, 24, 2013/05/23, 09:29:48.581, 2414916845331, QTAgent32.exe, Msaa.GetFocusedElement: could not find accessible object of foreground window
W, 5176, 24, 2013/05/23, 09:29:48.710, 2414918696260, QTAgent32.exe, &lt;a class=success&gt;Playback - {120} [SUCCESS] SendKeys "^+{END}" - "[MSAA, VisibleOnly]ControlType='Edit'"
\0&lt;/a&gt;
E, 5176, 24, 2013/05/23, 09:29:48.710, 2414918697980, QTAgent32.exe, Msaa.GetFocusedElement: could not find accessible object of foreground window
W, 5176, 24, 2013/05/23, 09:29:48.724, 2414918891046, QTAgent32.exe, &lt;a class=success&gt;Playback - {121} [SUCCESS] SendKeys "{DELETE}" - "[MSAA, VisibleOnly]ControlType='Edit'"
\0&lt;/a&gt;
W, 5176, 24, 2013/05/23, 09:29:49.063, 2414923748155, QTAgent32.exe, &lt;a class=success&gt;Playback - {122} [SUCCESS] SetValueAsEditBox "30/05/2012" - "[MSAA, VisibleOnly]ControlType='Edit'"  &lt; Set via SendKeys &gt;
\0&lt;/a&gt;
W, 5176, 24, 2013/05/23, 09:29:49.437, 2414929112993, QTAgent32.exe, &lt;a class=success&gt;Playback - {123} [SUCCESS] MouseButtonClick - "[MSAA, VisibleOnly]ControlType='Button' &amp;&amp; Name='OK'"
\0&lt;/a&gt;
W, 5176, 24, 2013/05/23, 09:29:50.340, 2414942026442, QTAgent32.exe, &lt;a class=success&gt;Playback - {124} [SUCCESS] MouseButtonClick - "[MSAA, VisibleOnly]ControlType='Client'"
\0&lt;/a&gt;
W, 5176, 24, 2013/05/23, 09:29:50.632, 2414946214575, QTAgent32.exe, &lt;a class=success&gt;Playback - {125} [SUCCESS] MouseButtonClick - "[MSAA, VisibleOnly]ControlType='Client'"
\0&lt;/a&gt;
W, 5176, 24, 2013/05/23, 09:29:51.540, 2414959218436, QTAgent32.exe, &lt;a class=success&gt;Playback - {126} [SUCCESS] SetValueAsEditBox "AUTO133" - "[MSAA, VisibleOnly]ControlType='Edit'"  &lt; Set via SendKeys &gt;
\0&lt;/a&gt;
W, 5176, 24, 2013/05/23, 09:29:51.823, 2414963263452, QTAgent32.exe, &lt;a class=success&gt;Playback - {127} [SUCCESS] SetValueAsEditBox "-1001" - "[MSAA, VisibleOnly]ControlType='Edit'"  &lt; Set via SendKeys &gt;
\0&lt;/a&gt;
W, 5176, 24, 2013/05/23, 09:29:52.053, 2414966561763, QTAgent32.exe, &lt;a class=success&gt;Playback - {128} [SUCCESS] SendKeys "^{HOME}" - "[MSAA, VisibleOnly]ControlType='Edit'"
\0&lt;/a&gt;
E, 5176, 24, 2013/05/23, 09:29:52.053, 2414966563775, QTAgent32.exe, Msaa.GetFocusedElement: could not find accessible object of foreground window
W, 5176, 24, 2013/05/23, 09:29:52.106, 2414967321201, QTAgent32.exe, &lt;a class=success&gt;Playback - {129} [SUCCESS] SendKeys "^+{END}" - "[MSAA, VisibleOnly]ControlType='Edit'"
\0&lt;/a&gt;
E, 5176, 24, 2013/05/23, 09:29:52.106, 2414967322666, QTAgent32.exe, Msaa.GetFocusedElement: could not find accessible object of foreground window
W, 5176, 24, 2013/05/23, 09:29:52.119, 2414967499969, QTAgent32.exe, &lt;a class=success&gt;Playback - {130} [SUCCESS] SendKeys "{DELETE}" - "[MSAA, VisibleOnly]ControlType='Edit'"
\0&lt;/a&gt;
W, 5176, 24, 2013/05/23, 09:29:52.407, 2414971630752, QTAgent32.exe, &lt;a class=success&gt;Playback - {131} [SUCCESS] SetValueAsEditBox "30/05/2012" - "[MSAA, VisibleOnly]ControlType='Edit'"  &lt; Set via SendKeys &gt;
\0&lt;/a&gt;
W, 5176, 24, 2013/05/23, 09:29:52.930, 2414979125016, QTAgent32.exe, &lt;a class=success&gt;Playback - {132} [SUCCESS] MouseButtonClick - "[MSAA, VisibleOnly]ControlType='Button' &amp;&amp; Name='Regress'"
\0&lt;/a&gt;
W, 5176, 24, 2013/05/23, 09:29:55.279, 2415012750137, QTAgent32.exe, &lt;a class=success&gt;Playback - {133} [SUCCESS] MouseButtonClick - "[MSAA, VisibleOnly]ControlType='Button' &amp;&amp; Name='Exit'"
\0&lt;/a&gt;
W, 5176, 24, 2013/05/23, 09:29:55.552, 2415016654444, QTAgent32.exe, &lt;a class=success&gt;Playback - {134} [SUCCESS] MouseButtonClick - "[MSAA, VisibleOnly]ControlType='Button'"
\0&lt;/a&gt;
W, 5176, 24, 2013/05/23, 09:29:55.897, 2415021602162, QTAgent32.exe, &lt;a class=success&gt;Playback - {135} [SUCCESS] MouseButtonClick - "[MSAA, VisibleOnly]ControlType='Button' &amp;&amp; Name='Options'"
\0&lt;/a&gt;
W, 5176, 24, 2013/05/23, 09:29:55.997, 2415023035748, QTAgent32.exe, FindScreenElementInSinglePass : Attempting to find control in one pass of search. Failures can occur.
W, 5176, 24, 2013/05/23, 09:29:56.215, 2415026147261, QTAgent32.exe, &lt;a class=success&gt;Playback - {136} [SUCCESS] MouseButtonClick - "[MSAA]ControlType='MenuItem' &amp;&amp; Name='Links'"
\0&lt;/a&gt;
W, 5176, 24, 2013/05/23, 09:29:56.315, 2415027582718, QTAgent32.exe, FindScreenElementInSinglePass : Attempting to find control in one pass of search. Failures can occur.
W, 5176, 24, 2013/05/23, 09:29:56.465, 2415029734868, QTAgent32.exe, &lt;a class=success&gt;Playback - {137} [SUCCESS] MouseButtonClick - "[MSAA]ControlType='MenuItem' &amp;&amp; Name='3rd Party Integration'"
\0&lt;/a&gt;
W, 5176, 24, 2013/05/23, 09:29:56.565, 2415031170465, QTAgent32.exe, FindScreenElementInSinglePass : Attempting to find control in one pass of search. Failures can occur.
W, 5176, 24, 2013/05/23, 09:29:56.721, 2415033400443, QTAgent32.exe, &lt;a class=success&gt;Playback - {138} [SUCCESS] MouseButtonClick - "[MSAA]ControlType='MenuItem' &amp;&amp; Name='Renewals Loader'"
\0&lt;/a&gt;
W, 5176, 24, 2013/05/23, 09:29:56.983, 2415037155777, QTAgent32.exe, &lt;a class=success&gt;Playback - {139} [SUCCESS] MouseButtonClick - "[MSAA, VisibleOnly]ControlType='TitleBar'"
\0&lt;/a&gt;
W, 5176, 24, 2013/05/23, 09:29:57.283, 2415041449556, QTAgent32.exe, &lt;a class=success&gt;Playback - {140} [SUCCESS] SendKeys "^{HOME}" - "[MSAA, VisibleOnly]ControlType='Edit'"
\0&lt;/a&gt;
E, 5176, 24, 2013/05/23, 09:29:57.283, 2415041451636, QTAgent32.exe, Msaa.GetFocusedElement: could not find accessible object of foreground window
W, 5176, 24, 2013/05/23, 09:29:57.342, 2415042285414, QTAgent32.exe, &lt;a class=success&gt;Playback - {141} [SUCCESS] SendKeys "^+{END}" - "[MSAA, VisibleOnly]ControlType='Edit'"
\0&lt;/a&gt;
E, 5176, 24, 2013/05/23, 09:29:57.342, 2415042286965, QTAgent32.exe, Msaa.GetFocusedElement: could not find accessible object of foreground window
W, 5176, 24, 2013/05/23, 09:29:57.355, 2415042474589, QTAgent32.exe, &lt;a class=success&gt;Playback - {142} [SUCCESS] SendKeys "{DELETE}" - "[MSAA, VisibleOnly]ControlType='Edit'"
\0&lt;/a&gt;
W, 5176, 24, 2013/05/23, 09:29:57.705, 2415047490882, QTAgent32.exe, &lt;a class=success&gt;Playback - {143} [SUCCESS] SetValueAsEditBox "23/05/2013" - "[MSAA, VisibleOnly]ControlType='Edit'"  &lt; Set via SendKeys &gt;
\0&lt;/a&gt;
W, 5176, 24, 2013/05/23, 09:29:57.875, 2415049910281, QTAgent32.exe, &lt;a class=success&gt;Playback - {144} [SUCCESS] SendKeys "^{HOME}" - "[MSAA, VisibleOnly]ControlType='Edit'"
\0&lt;/a&gt;
E, 5176, 24, 2013/05/23, 09:29:57.875, 2415049912062, QTAgent32.exe, Msaa.GetFocusedElement: could not find accessible object of foreground window
W, 5176, 24, 2013/05/23, 09:29:57.996, 2415051652512, QTAgent32.exe, &lt;a class=success&gt;Playback - {145} [SUCCESS] SendKeys "^+{END}" - "[MSAA, VisibleOnly]ControlType='Edit'"
\0&lt;/a&gt;
E, 5176, 24, 2013/05/23, 09:29:57.996, 2415051654256, QTAgent32.exe, Msaa.GetFocusedElement: could not find accessible object of foreground window
W, 5176, 24, 2013/05/23, 09:29:58.010, 2415051846812, QTAgent32.exe, &lt;a class=success&gt;Playback - {146} [SUCCESS] SendKeys "{DELETE}" - "[MSAA, VisibleOnly]ControlType='Edit'"
\0&lt;/a&gt;
W, 5176, 24, 2013/05/23, 09:29:58.221, 2415054865844, QTAgent32.exe, &lt;a class=success&gt;Playback - {147} [SUCCESS] SetValueAsEditBox "06/06/2013" - "[MSAA, VisibleOnly]ControlType='Edit'"  &lt; Set via SendKeys &gt;
\0&lt;/a&gt;
W, 5176, 24, 2013/05/23, 09:29:58.628, 2415060698081, QTAgent32.exe, &lt;a class=success&gt;Playback - {148} [SUCCESS] MouseButtonClick - "[MSAA, VisibleOnly]ControlType='Button' &amp;&amp; Name='Run'"
\0&lt;/a&gt;
W, 5176, 24, 2013/05/23, 09:30:03.862, 2415135645166, QTAgent32.exe, &lt;a class=success&gt;Playback - {149} [SUCCESS] TypeString "%({F4})"
\0&lt;/a&gt;
W, 5176, 24, 2013/05/23, 09:30:04.149, 2415139750790, QTAgent32.exe, &lt;a class=success&gt;Playback - {150} [SUCCESS] MouseButtonClick - "[MSAA, VisibleOnly]ControlType='TitleBar'"
\0&lt;/a&gt;
W, 5176, 24, 2013/05/23, 09:30:04.393, 2415143247493, QTAgent32.exe, &lt;a class=success&gt;Playback - {151} [SUCCESS] MouseButtonClick - "[MSAA, VisibleOnly]ControlType='Button' &amp;&amp; Name='Close'"
\0&lt;/a&gt;
W, 5176, 24, 2013/05/23, 09:30:04.619, 2415146477073, QTAgent32.exe, &lt;a class=success&gt;Playback - {152} [SUCCESS] MouseButtonClick - "[MSAA, VisibleOnly]ControlType='Button' &amp;&amp; Name='Options'"
\0&lt;/a&gt;
W, 5176, 24, 2013/05/23, 09:30:04.719, 2415147913457, QTAgent32.exe, FindScreenElementInSinglePass : Attempting to find control in one pass of search. Failures can occur.
W, 5176, 24, 2013/05/23, 09:30:04.958, 2415151332957, QTAgent32.exe, &lt;a class=success&gt;Playback - {153} [SUCCESS] MouseButtonClick - "[MSAA]ControlType='MenuItem' &amp;&amp; Name='Links'"
\0&lt;/a&gt;
W, 5176, 24, 2013/05/23, 09:30:05.058, 2415152768171, QTAgent32.exe, FindScreenElementInSinglePass : Attempting to find control in one pass of search. Failures can occur.
W, 5176, 24, 2013/05/23, 09:30:05.209, 2415154927788, QTAgent32.exe, &lt;a class=success&gt;Playback - {154} [SUCCESS] MouseButtonClick - "[MSAA]ControlType='MenuItem' &amp;&amp; Name='3rd Party Integration'"
\0&lt;/a&gt;
W, 5176, 24, 2013/05/23, 09:30:05.309, 2415156362926, QTAgent32.exe, FindScreenElementInSinglePass : Attempting to find control in one pass of search. Failures can occur.
W, 5176, 24, 2013/05/23, 09:30:05.469, 2415158652328, QTAgent32.exe, &lt;a class=success&gt;Playback - {155} [SUCCESS] MouseButtonClick - "[MSAA]ControlType='MenuItem' &amp;&amp; Name='Renewals Module'"
\0&lt;/a&gt;
W, 5176, 24, 2013/05/23, 09:30:06.020, 2415166543068, QTAgent32.exe, &lt;a class=success&gt;Playback - {156} [SUCCESS] SetValueAsEditBox "1" - "[MSAA, VisibleOnly]ControlType='Edit'"  &lt; Set via SendKeys &gt;
\0&lt;/a&gt;
W, 5176, 24, 2013/05/23, 09:30:06.557, 2415174233350, QTAgent32.exe, &lt;a class=success&gt;Playback - {157} [SUCCESS] MouseButtonClick - "[MSAA, VisibleOnly]ControlType='Button' &amp;&amp; Name='Ok'"
\0&lt;/a&gt;
W, 5176, 24, 2013/05/23, 09:30:06.911, 2415179302930, QTAgent32.exe, Playback - [WARNING] Internal warning: Window Not Found: [VisibleOnly]ControlType='Window' &amp;&amp; Name='Confirm' &amp;&amp; ClassName='#32770'
\0
E, 5176, 24, 2013/05/23, 09:30:06.912, 2415179305304, QTAgent32.exe, &lt;a class=failure&gt;Playback - {158} [FAILED] Function ElementFetcher::FindScreenElement failed to locate UI element (Searching: ;[VisibleOnly]ControlType='Window' &amp;&amp; Name='Confirm' &amp;&amp; ClassName='#32770') (The object specified was not found.)
\0&lt;/a&gt;
E, 5176, 24, 2013/05/23, 09:30:06.961, 2415180017216, QTAgent32.exe, Playback - [IMAGE] C:\Users\testuser\AppData\Local\Temp\UITestLogs\LastRun\RPFD706.png
\0
W, 5176, 24, 2013/05/23, 09:30:06.961, 2415180018819, QTAgent32.exe, Playback - [WARNING] Internal warning: Couldn't find descendants that match QueryId
\0
W, 5176, 24, 2013/05/23, 09:30:25.001, 2415438313960, QTAgent32.exe, Playback - [WARNING] Internal warning: Window Not Found: [VisibleOnly]ControlType='Window' &amp;&amp; Name='Confirm' &amp;&amp; ClassName='#32770'
\0
E, 5176, 24, 2013/05/23, 09:30:25.001, 2415438316187, QTAgent32.exe, &lt;a class=failure&gt;Playback - {159} [FAILED] Function ElementFetcher::FindScreenElement failed to locate UI element (Searching: ;[VisibleOnly]ControlType='Window' &amp;&amp; Name='Confirm' &amp;&amp; ClassName='#32770') (The object specified was not found.)
\0&lt;/a&gt;
E, 5176, 24, 2013/05/23, 09:30:25.043, 2415438923478, QTAgent32.exe, Playback - [IMAGE] C:\Users\testuser\AppData\Local\Temp\UITestLogs\LastRun\RPF1DB7.png
\0
W, 5176, 24, 2013/05/23, 09:30:25.043, 2415438924985, QTAgent32.exe, Playback - [WARNING] Internal warning: Couldn't find descendants that match QueryId
\0
W, 5176, 24, 2013/05/23, 09:30:25.044, 2415438927638, QTAgent32.exe, PERF WARNING: FindTopLevelWindowHelper::FindAllDescendents: took 18082 ms. Expected it to take maximum 500 ms.
W, 5176, 24, 2013/05/23, 09:30:25.491, 2415445322974, QTAgent32.exe, Playback - [WARNING] Internal warning: Smart Match failed
\0
W, 5176, 24, 2013/05/23, 09:30:25.695, 2415448246900, QTAgent32.exe, Playback - [WARNING] Internal warning: Smart Match failed
\0
W, 5176, 24, 2013/05/23, 09:30:25.899, 2415451163760, QTAgent32.exe, Playback - [WARNING] Internal warning: Smart Match failed
\0
W, 5176, 24, 2013/05/23, 09:30:26.099, 2415454038246, QTAgent32.exe, Playback - [WARNING] Internal warning: Smart Match failed
\0
W, 5176, 24, 2013/05/23, 09:30:26.294, 2415456829038, QTAgent32.exe, Playback - [WARNING] Internal warning: Smart Match failed
\0
W, 5176, 24, 2013/05/23, 09:30:26.493, 2415459679293, QTAgent32.exe, Playback - [WARNING] Internal warning: Smart Match failed
\0
W, 5176, 24, 2013/05/23, 09:30:26.691, 2415462510026, QTAgent32.exe, Playback - [WARNING] Internal warning: Smart Match failed
\0
W, 5176, 24, 2013/05/23, 09:30:26.895, 2415465436980, QTAgent32.exe, Playback - [WARNING] Internal warning: Smart Match failed
\0
W, 5176, 24, 2013/05/23, 09:30:27.092, 2415468252957, QTAgent32.exe, Playback - [WARNING] Internal warning: Smart Match failed
\0
W, 5176, 24, 2013/05/23, 09:30:27.284, 2415471008983, QTAgent32.exe, Playback - [WARNING] Internal warning: Smart Match failed
\0
W, 5176, 24, 2013/05/23, 09:30:27.478, 2415473775803, QTAgent32.exe, Playback - [WARNING] Internal warning: Smart Match failed
\0
W, 5176, 24, 2013/05/23, 09:30:27.680, 2415476673334, QTAgent32.exe, Playback - [WARNING] Internal warning: Smart Match failed
\0
W, 5176, 24, 2013/05/23, 09:30:27.884, 2415479601546, QTAgent32.exe, Playback - [WARNING] Internal warning: Smart Match failed
\0
W, 5176, 24, 2013/05/23, 09:30:28.085, 2415482478472, QTAgent32.exe, Playback - [WARNING] Internal warning: Smart Match failed
\0
W, 5176, 24, 2013/05/23, 09:30:28.177, 2415483792196, QTAgent32.exe, Playback - [WARNING] Internal warning: Window Not Found: [VisibleOnly]ControlType='Window' &amp;&amp; Name='Confirm' &amp;&amp; ClassName='#32770'
\0
E, 5176, 24, 2013/05/23, 09:30:28.177, 2415483793981, QTAgent32.exe, &lt;a class=failure&gt;Playback - {160} [FAILED] Function ElementFetcher::FindScreenElement failed to locate UI element (Searching: ;[VisibleOnly]ControlType='Window' &amp;&amp; Name='Confirm' &amp;&amp; ClassName='#32770') (The object specified was not found.)
\0&lt;/a&gt;
E, 5176, 24, 2013/05/23, 09:30:28.219, 2415484398729, QTAgent32.exe, Playback - [IMAGE] C:\Users\testuser\AppData\Local\Temp\UITestLogs\LastRun\RPF2A17.png
\0
W, 5176, 24, 2013/05/23, 09:30:28.220, 2415484400454, QTAgent32.exe, Playback - [WARNING] Internal warning: Couldn't find descendants that match QueryId
\0
W, 5176, 24, 2013/05/23, 09:30:28.220, 2415484402882, QTAgent32.exe, PERF WARNING: FindTopLevelWindowHelper::FindAllDescendents: took 3175 ms. Expected it to take maximum 500 ms.
E, 5176, 24, 2013/05/23, 09:30:28.220, 2415484404466, QTAgent32.exe, Exception: System.Runtime.InteropServices.COMException
	Message: Error HRESULT E_FAIL has been returned from a call to a COM component.
	Stack Trace:    at Microsoft.VisualStudio.TestTools.UITest.Playback.Engine.IRPFPlayback.FindAllScreenElements(IScreenElement pScreenElementStart, String bstrQueryId, Object&amp; pvarResKeys, Int32 cResKeys, Int32 nMaxDepth, Object[]&amp; foundDescendants)
   at Microsoft.VisualStudio.TestTools.UITest.Playback.ScreenElement.FindTopLevelWindowHelper(String queryId)
	BaseExceptionMessage: Error HRESULT E_FAIL has been returned from a call to a COM component.

E, 5176, 24, 2013/05/23, 09:30:28.321, 2415485846757, QTAgent32.exe, AL: Playback Error: Microsoft.VisualStudio.TestTools.UITest.Extension.UITestControlNotFoundException: The playback failed to find the control with the given search properties. Additional Details: 
TechnologyName:  'MSAA'
ControlType:  'Window'
Name:  'Confirm'
ClassName:  '#32770'
 ---&gt; System.Runtime.InteropServices.COMException: Error HRESULT E_FAIL has been returned from a call to a COM component.
   at Microsoft.VisualStudio.TestTools.UITest.Playback.Engine.IRPFPlayback.FindAllScreenElements(IScreenElement pScreenElementStart, String bstrQueryId, Object&amp; pvarResKeys, Int32 cResKeys, Int32 nMaxDepth, Object[]&amp; foundDescendants)
   at Microsoft.VisualStudio.TestTools.UITest.Playback.ScreenElement.FindTopLevelWindowHelper(String queryId)
   at Microsoft.VisualStudio.TestTools.UITest.Playback.ScreenElement.FindFromPartialQueryId(String queryId)
   at Microsoft.VisualStudio.TestTools.UITesting.UITestControl..ctor(String queryId)
   --- End of inner exception stack trace ---
   at Microsoft.VisualStudio.TestTools.UITesting.Playback.MapControlNotFoundException(COMException ex, IPlaybackContext context)
   at Microsoft.VisualStudio.TestTools.UITesting.Playback.MapAndThrowComException(COMException innerException, IPlaybackContext context)
   at Microsoft.VisualStudio.TestTools.UITesting.Playback.MapAndThrowException(SystemException exception, IPlaybackContext context)
   at Microsoft.VisualStudio.TestTools.UITesting.Playback.MapAndThrowException(SystemException exception, String queryId)
   at Microsoft.VisualStudio.TestTools.UITesting.UITestControl..ctor(String queryId)
   at Microsoft.VisualStudio.TestTools.UITesting.SearchHelper.SearchTopLevelWindow(ISearchArgument topLevelSearchArg, String topLevelElementQueryId)
   at Microsoft.VisualStudio.TestTools.UITesting.SearchHelper.GetTitleUpdatedTopLevelWindow(ISearchArgument topLevelSearchArg, String queryId, IList`1 windowTitles)
   at Microsoft.VisualStudio.TestTools.UITesting.SearchHelper.GetTopLevelElement(Boolean useCache, Boolean useCacheOnly, ISearchArgument searchArg, IList`1 windowTitles, Int32&amp; timeLeft)
   at Microsoft.VisualStudio.TestTools.UITesting.SearchHelper.GetElement(Boolean useCache, ISearchArgument searchArg)
   at Microsoft.VisualStudio.TestTools.UITesting.SearchHelper.Search(ISearchArgument searchArg)
   at Microsoft.VisualStudio.TestTools.UITesting.UITestControl.FindInternal()
   at Microsoft.VisualStudio.TestTools.UITesting.UITestControl.FindControlIfNecessary()
   at Microsoft.VisualStudio.TestTools.UITesting.UITestControl.Click(MouseButtons button, ModifierKeys modifierKeys, Point relativeCoordinates)
   at Microsoft.VisualStudio.TestTools.UITesting.Mouse.ClickImplementation(UITestControl control, MouseButtons button, ModifierKeys modifierKeys, Point relativeCoordinate)
   at Microsoft.VisualStudio.TestTools.UITesting.Mouse.ClickImplementationWrapper(UITestControl control, MouseButtons button, ModifierKeys modifierKeys, Point relativeCoordinate)
W, 5176, 24, 2013/05/23, 09:30:28.321, 2415485848482, QTAgent32.exe, PlaybackErrorHandler: Ignoring exception as ContinueOnError is set.
W, 5176, 24, 2013/05/23, 09:30:28.554, 2415489193394, QTAgent32.exe, Playback - [WARNING] Internal warning: Window Not Found: [VisibleOnly]ControlType='Window' &amp;&amp; Name='Personal Lines' &amp;&amp; ClassName='#32770'
\0
E, 5176, 24, 2013/05/23, 09:30:28.554, 2415489195312, QTAgent32.exe, &lt;a class=failure&gt;Playback - {161} [FAILED] Function ElementFetcher::FindScreenElement failed to locate UI element (Searching: ;[VisibleOnly]ControlType='Window' &amp;&amp; Name='Personal Lines' &amp;&amp; ClassName='#32770') (The object specified was not found.)
\0&lt;/a&gt;
E, 5176, 24, 2013/05/23, 09:30:28.597, 2415489800794, QTAgent32.exe, Playback - [IMAGE] C:\Users\testuser\AppData\Local\Temp\UITestLogs\LastRun\RPF2B8F.png
\0
W, 5176, 24, 2013/05/23, 09:30:28.597, 2415489802305, QTAgent32.exe, Playback - [WARNING] Internal warning: Couldn't find descendants that match QueryId
\0
W, 5176, 24, 2013/05/23, 09:30:46.606, 2415747664984, QTAgent32.exe, Playback - [WARNING] Internal warning: Window Not Found: [VisibleOnly]ControlType='Window' &amp;&amp; Name='Personal Lines' &amp;&amp; ClassName='#32770'
\0
E, 5176, 24, 2013/05/23, 09:30:46.607, 2415747667351, QTAgent32.exe, &lt;a class=failure&gt;Playback - {162} [FAILED] Function ElementFetcher::FindScreenElement failed to locate UI element (Searching: ;[VisibleOnly]ControlType='Window' &amp;&amp; Name='Personal Lines' &amp;&amp; ClassName='#32770') (The object specified was not found.)
\0&lt;/a&gt;
E, 5176, 24, 2013/05/23, 09:30:46.649, 2415748269819, QTAgent32.exe, Playback - [IMAGE] C:\Users\testuser\AppData\Local\Temp\UITestLogs\LastRun\RPF7211.png
\0
W, 5176, 24, 2013/05/23, 09:30:46.649, 2415748271439, QTAgent32.exe, Playback - [WARNING] Internal warning: Couldn't find descendants that match QueryId
\0
W, 5176, 24, 2013/05/23, 09:30:46.649, 2415748274047, QTAgent32.exe, PERF WARNING: FindTopLevelWindowHelper::FindAllDescendents: took 18051 ms. Expected it to take maximum 500 ms.
W, 5176, 24, 2013/05/23, 09:30:47.104, 2415754784015, QTAgent32.exe, Playback - [WARNING] Internal warning: Smart Match failed
\0
W, 5176, 24, 2013/05/23, 09:30:47.308, 2415757707903, QTAgent32.exe, Playback - [WARNING] Internal warning: Smart Match failed
\0
W, 5176, 24, 2013/05/23, 09:30:47.507, 2415760563776, QTAgent32.exe, Playback - [WARNING] Internal warning: Smart Match failed
\0
W, 5176, 24, 2013/05/23, 09:30:47.709, 2415763450633, QTAgent32.exe, Playback - [WARNING] Internal warning: Smart Match failed
\0
W, 5176, 24, 2013/05/23, 09:30:47.905, 2415766265510, QTAgent32.exe, Playback - [WARNING] Internal warning: Smart Match failed
\0
W, 5176, 24, 2013/05/23, 09:30:48.099, 2415769043627, QTAgent32.exe, Playback - [WARNING] Internal warning: Smart Match failed
\0
W, 5176, 24, 2013/05/23, 09:30:48.294, 2415771824191, QTAgent32.exe, Playback - [WARNING] Internal warning: Smart Match failed
\0
W, 5176, 24, 2013/05/23, 09:30:48.491, 2415774649713, QTAgent32.exe, Playback - [WARNING] Internal warning: Smart Match failed
\0
W, 5176, 24, 2013/05/23, 09:30:48.685, 2415777432334, QTAgent32.exe, Playback - [WARNING] Internal warning: Smart Match failed
\0
W, 5176, 24, 2013/05/23, 09:30:48.880, 2415780217852, QTAgent32.exe, Playback - [WARNING] Internal warning: Smart Match failed
\0
W, 5176, 24, 2013/05/23, 09:30:49.075, 2415783011895, QTAgent32.exe, Playback - [WARNING] Internal warning: Smart Match failed
\0
W, 5176, 24, 2013/05/23, 09:30:49.268, 2415785777346, QTAgent32.exe, Playback - [WARNING] Internal warning: Smart Match failed
\0
W, 5176, 24, 2013/05/23, 09:30:49.468, 2415788628712, QTAgent32.exe, Playback - [WARNING] Internal warning: Smart Match failed
\0
W, 5176, 24, 2013/05/23, 09:30:49.665, 2415791456560, QTAgent32.exe, Playback - [WARNING] Internal warning: Smart Match failed
\0
W, 5176, 24, 2013/05/23, 09:30:49.757, 2415792778126, QTAgent32.exe, Playback - [WARNING] Internal warning: Window Not Found: [VisibleOnly]ControlType='Window' &amp;&amp; Name='Personal Lines' &amp;&amp; ClassName='#32770'
\0
E, 5176, 24, 2013/05/23, 09:30:49.757, 2415792779920, QTAgent32.exe, &lt;a class=failure&gt;Playback - {163} [FAILED] Function ElementFetcher::FindScreenElement failed to locate UI element (Searching: ;[VisibleOnly]ControlType='Window' &amp;&amp; Name='Personal Lines' &amp;&amp; ClassName='#32770') (The object specified was not found.)
\0&lt;/a&gt;
E, 5176, 24, 2013/05/23, 09:30:49.800, 2415793395385, QTAgent32.exe, Playback - [IMAGE] C:\Users\testuser\AppData\Local\Temp\UITestLogs\LastRun\RPF7E61.png
\0
W, 5176, 24, 2013/05/23, 09:30:49.801, 2415793397140, QTAgent32.exe, Playback - [WARNING] Internal warning: Couldn't find descendants that match QueryId
\0
W, 5176, 24, 2013/05/23, 09:30:49.801, 2415793399953, QTAgent32.exe, PERF WARNING: FindTopLevelWindowHelper::FindAllDescendents: took 3151 ms. Expected it to take maximum 500 ms.
E, 5176, 24, 2013/05/23, 09:30:49.801, 2415793401620, QTAgent32.exe, Exception: System.Runtime.InteropServices.COMException
	Message: Error HRESULT E_FAIL has been returned from a call to a COM component.
	Stack Trace:    at Microsoft.VisualStudio.TestTools.UITest.Playback.Engine.IRPFPlayback.FindAllScreenElements(IScreenElement pScreenElementStart, String bstrQueryId, Object&amp; pvarResKeys, Int32 cResKeys, Int32 nMaxDepth, Object[]&amp; foundDescendants)
   at Microsoft.VisualStudio.TestTools.UITest.Playback.ScreenElement.FindTopLevelWindowHelper(String queryId)
	BaseExceptionMessage: Error HRESULT E_FAIL has been returned from a call to a COM component.

E, 5176, 24, 2013/05/23, 09:30:49.801, 2415793404350, QTAgent32.exe, Window 787916 not responding. Last Win32 error 0
E, 5176, 24, 2013/05/23, 09:30:49.801, 2415793405314, QTAgent32.exe, GetClassName for handle 787916 failed
E, 5176, 24, 2013/05/23, 09:30:49.901, 2415794839520, QTAgent32.exe, AL: Playback Error: Microsoft.VisualStudio.TestTools.UITest.Extension.UITestControlNotAvailableException: The control is not available or not valid. Additional Details: 
TechnologyName:  'MSAA'
Name:  'Personal Lines'
ClassName:  '#32770'
ControlType:  'Window'
 ---&gt; System.Runtime.InteropServices.COMException: Error HRESULT E_FAIL has been returned from a call to a COM component.
   at Microsoft.VisualStudio.TestTools.UITest.Playback.Engine.IRPFPlayback.FindAllScreenElements(IScreenElement pScreenElementStart, String bstrQueryId, Object&amp; pvarResKeys, Int32 cResKeys, Int32 nMaxDepth, Object[]&amp; foundDescendants)
   at Microsoft.VisualStudio.TestTools.UITest.Playback.ScreenElement.FindTopLevelWindowHelper(String queryId)
   at Microsoft.VisualStudio.TestTools.UITest.Playback.ScreenElement.FindFromPartialQueryId(String queryId)
   at Microsoft.VisualStudio.TestTools.UITesting.UITestControl.EnsureValid(Boolean waitForReady, Boolean refetch)
   --- End of inner exception stack trace ---
   at Microsoft.VisualStudio.TestTools.UITesting.UITestControl.EnsureValid(Boolean waitForReady, Boolean refetch)
   at Microsoft.VisualStudio.TestTools.UITesting.UITestControl.FindFirstDescendant(String queryId, Int32 maxDepth, Int32&amp; timeLeft)
   at Microsoft.VisualStudio.TestTools.UITesting.SearchHelper.GetElement(Boolean useCache, ISearchArgument searchArg)
   at Microsoft.VisualStudio.TestTools.UITesting.SearchHelper.Search(ISearchArgument searchArg)
   at Microsoft.VisualStudio.TestTools.UITesting.UITestControl.FindInternal()
   at Microsoft.VisualStudio.TestTools.UITesting.UITestControl.FindControlIfNecessary()
   at Microsoft.VisualStudio.TestTools.UITesting.UITestControl.Click(MouseButtons button, ModifierKeys modifierKeys, Point relativeCoordinates)
   at Microsoft.VisualStudio.TestTools.UITesting.Mouse.ClickImplementation(UITestControl control, MouseButtons button, ModifierKeys modifierKeys, Point relativeCoordinate)
   at Microsoft.VisualStudio.TestTools.UITesting.Mouse.ClickImplementationWrapper(UITestControl control, MouseButtons button, ModifierKeys modifierKeys, Point relativeCoordinate)
W, 5176, 24, 2013/05/23, 09:30:49.901, 2415794840660, QTAgent32.exe, PlaybackErrorHandler: Ignoring exception as ContinueOnError is set.
W, 5176, 24, 2013/05/23, 09:30:50.140, 2415798263726, QTAgent32.exe, Playback - [WARNING] Internal warning: Window Not Found: [VisibleOnly]ControlType='Window' &amp;&amp; Name='Policies Auto-Renewed &amp; Auto-Lapsed' &amp;&amp; ClassName='ThunderRT6FormDC'
\0
E, 5176, 24, 2013/05/23, 09:30:50.141, 2415798266044, QTAgent32.exe, &lt;a class=failure&gt;Playback - {164} [FAILED] Function ElementFetcher::FindScreenElement failed to locate UI element (Searching: ;[VisibleOnly]ControlType='Window' &amp;&amp; Name='Policies Auto-Renewed &amp; Auto-Lapsed' &amp;&amp; ClassName='ThunderRT6FormDC') (The object specified was not found.)
\0&lt;/a&gt;
E, 5176, 24, 2013/05/23, 09:30:50.182, 2415798862862, QTAgent32.exe, Playback - [IMAGE] C:\Users\testuser\AppData\Local\Temp\UITestLogs\LastRun\RPF7FE8.png
\0
W, 5176, 24, 2013/05/23, 09:30:50.182, 2415798864366, QTAgent32.exe, Playback - [WARNING] Internal warning: Couldn't find descendants that match QueryId
\0
W, 5176, 24, 2013/05/23, 09:31:08.283, 2416058042590, QTAgent32.exe, Playback - [WARNING] Internal warning: Window Not Found: [VisibleOnly]ControlType='Window' &amp;&amp; Name='Policies Auto-Renewed &amp; Auto-Lapsed' &amp;&amp; ClassName='ThunderRT6FormDC'
\0
E, 5176, 24, 2013/05/23, 09:31:08.284, 2416058045132, QTAgent32.exe, &lt;a class=failure&gt;Playback - {165} [FAILED] Function ElementFetcher::FindScreenElement failed to locate UI element (Searching: ;[VisibleOnly]ControlType='Window' &amp;&amp; Name='Policies Auto-Renewed &amp; Auto-Lapsed' &amp;&amp; ClassName='ThunderRT6FormDC') (The object specified was not found.)
\0&lt;/a&gt;
E, 5176, 24, 2013/05/23, 09:31:08.326, 2416058653777, QTAgent32.exe, Playback - [IMAGE] C:\Users\testuser\AppData\Local\Temp\UITestLogs\LastRun\RPFC6C8.png
\0
W, 5176, 24, 2013/05/23, 09:31:08.326, 2416058655355, QTAgent32.exe, Playback - [WARNING] Internal warning: Couldn't find descendants that match QueryId
\0
W, 5176, 24, 2013/05/23, 09:31:08.326, 2416058657676, QTAgent32.exe, PERF WARNING: FindTopLevelWindowHelper::FindAllDescendents: took 18144 ms. Expected it to take maximum 500 ms.
W, 5176, 24, 2013/05/23, 09:31:08.782, 2416065179050, QTAgent32.exe, Playback - [WARNING] Internal warning: Smart Match failed
\0
W, 5176, 24, 2013/05/23, 09:31:08.985, 2416068080790, QTAgent32.exe, Playback - [WARNING] Internal warning: Smart Match failed
\0
W, 5176, 24, 2013/05/23, 09:31:09.187, 2416070971630, QTAgent32.exe, Playback - [WARNING] Internal warning: Smart Match failed
\0
W, 5176, 24, 2013/05/23, 09:31:09.385, 2416073817454, QTAgent32.exe, Playback - [WARNING] Internal warning: Smart Match failed
\0
W, 5176, 24, 2013/05/23, 09:31:09.581, 2416076613031, QTAgent32.exe, Playback - [WARNING] Internal warning: Smart Match failed
\0
W, 5176, 24, 2013/05/23, 09:31:09.778, 2416079439932, QTAgent32.exe, Playback - [WARNING] Internal warning: Smart Match failed
\0
W, 5176, 24, 2013/05/23, 09:31:09.974, 2416082242081, QTAgent32.exe, Playback - [WARNING] Internal warning: Smart Match failed
\0
W, 5176, 24, 2013/05/23, 09:31:10.173, 2416085099245, QTAgent32.exe, Playback - [WARNING] Internal warning: Smart Match failed
\0
W, 5176, 24, 2013/05/23, 09:31:10.373, 2416087953394, QTAgent32.exe, Playback - [WARNING] Internal warning: Smart Match failed
\0
W, 5176, 24, 2013/05/23, 09:31:10.567, 2416090742533, QTAgent32.exe, Playback - [WARNING] Internal warning: Smart Match failed
\0
W, 5176, 24, 2013/05/23, 09:31:10.766, 2416093580527, QTAgent32.exe, Playback - [WARNING] Internal warning: Smart Match failed
\0
W, 5176, 24, 2013/05/23, 09:31:10.970, 2416096501245, QTAgent32.exe, Playback - [WARNING] Internal warning: Smart Match failed
\0
W, 5176, 24, 2013/05/23, 09:31:11.174, 2416099426309, QTAgent32.exe, Playback - [WARNING] Internal warning: Smart Match failed
\0
W, 5176, 24, 2013/05/23, 09:31:11.378, 2416102344403, QTAgent32.exe, Playback - [WARNING] Internal warning: Smart Match failed
\0
W, 5176, 24, 2013/05/23, 09:31:11.474, 2416103718138, QTAgent32.exe, Playback - [WARNING] Internal warning: Window Not Found: [VisibleOnly]ControlType='Window' &amp;&amp; Name='Policies Auto-Renewed &amp; Auto-Lapsed' &amp;&amp; ClassName='ThunderRT6FormDC'
\0
E, 5176, 24, 2013/05/23, 09:31:11.474, 2416103720016, QTAgent32.exe, &lt;a class=failure&gt;Playback - {166} [FAILED] Function ElementFetcher::FindScreenElement failed to locate UI element (Searching: ;[VisibleOnly]ControlType='Window' &amp;&amp; Name='Policies Auto-Renewed &amp; Auto-Lapsed' &amp;&amp; ClassName='ThunderRT6FormDC') (The object specified was not found.)
\0&lt;/a&gt;
E, 5176, 24, 2013/05/23, 09:31:11.516, 2416104328255, QTAgent32.exe, Playback - [IMAGE] C:\Users\testuser\AppData\Local\Temp\UITestLogs\LastRun\RPFD337.png
\0
W, 5176, 24, 2013/05/23, 09:31:11.516, 2416104329912, QTAgent32.exe, Playback - [WARNING] Internal warning: Couldn't find descendants that match QueryId
\0
W, 5176, 24, 2013/05/23, 09:31:11.516, 2416104332353, QTAgent32.exe, PERF WARNING: FindTopLevelWindowHelper::FindAllDescendents: took 3189 ms. Expected it to take maximum 500 ms.
E, 5176, 24, 2013/05/23, 09:31:11.517, 2416104334259, QTAgent32.exe, Exception: System.Runtime.InteropServices.COMException
	Message: Error HRESULT E_FAIL has been returned from a call to a COM component.
	Stack Trace:    at Microsoft.VisualStudio.TestTools.UITest.Playback.Engine.IRPFPlayback.FindAllScreenElements(IScreenElement pScreenElementStart, String bstrQueryId, Object&amp; pvarResKeys, Int32 cResKeys, Int32 nMaxDepth, Object[]&amp; foundDescendants)
   at Microsoft.VisualStudio.TestTools.UITest.Playback.ScreenElement.FindTopLevelWindowHelper(String queryId)
	BaseExceptionMessage: Error HRESULT E_FAIL has been returned from a call to a COM component.

E, 5176, 24, 2013/05/23, 09:31:11.617, 2416105769900, QTAgent32.exe, AL: Playback Error: Microsoft.VisualStudio.TestTools.UITest.Extension.UITestControlNotFoundException: The playback failed to find the control with the given search properties. Additional Details: 
TechnologyName:  'MSAA'
ControlType:  'Window'
Name:  'Policies Auto-Renewed &amp; Auto-Lapsed'
ClassName:  'ThunderRT6FormDC'
 ---&gt; System.Runtime.InteropServices.COMException: Error HRESULT E_FAIL has been returned from a call to a COM component.
   at Microsoft.VisualStudio.TestTools.UITest.Playback.Engine.IRPFPlayback.FindAllScreenElements(IScreenElement pScreenElementStart, String bstrQueryId, Object&amp; pvarResKeys, Int32 cResKeys, Int32 nMaxDepth, Object[]&amp; foundDescendants)
   at Microsoft.VisualStudio.TestTools.UITest.Playback.ScreenElement.FindTopLevelWindowHelper(String queryId)
   at Microsoft.VisualStudio.TestTools.UITest.Playback.ScreenElement.FindFromPartialQueryId(String queryId)
   at Microsoft.VisualStudio.TestTools.UITesting.UITestControl..ctor(String queryId)
   --- End of inner exception stack trace ---
   at Microsoft.VisualStudio.TestTools.UITesting.Playback.MapControlNotFoundException(COMException ex, IPlaybackContext context)
   at Microsoft.VisualStudio.TestTools.UITesting.Playback.MapAndThrowComException(COMException innerException, IPlaybackContext context)
   at Microsoft.VisualStudio.TestTools.UITesting.Playback.MapAndThrowException(SystemException exception, IPlaybackContext context)
   at Microsoft.VisualStudio.TestTools.UITesting.Playback.MapAndThrowException(SystemException exception, String queryId)
   at Microsoft.VisualStudio.TestTools.UITesting.UITestControl..ctor(String queryId)
   at Microsoft.VisualStudio.TestTools.UITesting.SearchHelper.SearchTopLevelWindow(ISearchArgument topLevelSearchArg, String topLevelElementQueryId)
   at Microsoft.VisualStudio.TestTools.UITesting.SearchHelper.GetTitleUpdatedTopLevelWindow(ISearchArgument topLevelSearchArg, String queryId, IList`1 windowTitles)
   at Microsoft.VisualStudio.TestTools.UITesting.SearchHelper.GetTopLevelElement(Boolean useCache, Boolean useCacheOnly, ISearchArgument searchArg, IList`1 windowTitles, Int32&amp; timeLeft)
   at Microsoft.VisualStudio.TestTools.UITesting.SearchHelper.GetElement(Boolean useCache, ISearchArgument searchArg)
   at Microsoft.VisualStudio.TestTools.UITesting.SearchHelper.Search(ISearchArgument searchArg)
   at Microsoft.VisualStudio.TestTools.UITesting.UITestControl.FindInternal()
   at Microsoft.VisualStudio.TestTools.UITesting.UITestControl.FindControlIfNecessary()
   at Microsoft.VisualStudio.TestTools.UITesting.UITestControl.Click(MouseButtons button, ModifierKeys modifierKeys, Point relativeCoordinates)
   at Microsoft.VisualStudio.TestTools.UITesting.Mouse.ClickImplementation(UITestControl control, MouseButtons button, ModifierKeys modifierKeys, Point relativeCoordinate)
   at Microsoft.VisualStudio.TestTools.UITesting.Mouse.ClickImplementationWrapper(UITestControl control, MouseButtons button, ModifierKeys modifierKeys, Point relativeCoordinate)
W, 5176, 24, 2013/05/23, 09:31:11.617, 2416105771560, QTAgent32.exe, PlaybackErrorHandler: Ignoring exception as ContinueOnError is set.
W, 5176, 24, 2013/05/23, 09:31:11.816, 2416108617046, QTAgent32.exe, &lt;a class=success&gt;Playback - {167} [SUCCESS] MouseButtonClick - "[MSAA, VisibleOnly]ControlType='Button' &amp;&amp; Name='EDI Match...'"
\0&lt;/a&gt;
W, 5176, 24, 2013/05/23, 09:31:13.075, 2416126639031, QTAgent32.exe, &lt;a class=success&gt;Playback - {168} [SUCCESS] MouseButtonClick - "[MSAA, VisibleOnly]ControlType='Button' &amp;&amp; Name='Ok'"
\0&lt;/a&gt;
W, 5176, 24, 2013/05/23, 09:31:13.309, 2416129997726, QTAgent32.exe, &lt;a class=success&gt;Playback - {169} [SUCCESS] MouseButtonClick - "[MSAA, VisibleOnly]ControlType='Button' &amp;&amp; Name='OK'"
\0&lt;/a&gt;
W, 5176, 24, 2013/05/23, 09:31:13.554, 2416133497766, QTAgent32.exe, &lt;a class=success&gt;Playback - {170} [SUCCESS] MouseButtonClick - "[MSAA, VisibleOnly]ControlType='Button' &amp;&amp; Name='Log and Clear'"
\0&lt;/a&gt;
W, 5176, 24, 2013/05/23, 09:31:13.791, 2416136896574, QTAgent32.exe, &lt;a class=success&gt;Playback - {171} [SUCCESS] MouseButtonClick - "[MSAA, VisibleOnly]ControlType='Button' &amp;&amp; Name='OK'"
\0&lt;/a&gt;
W, 5176, 24, 2013/05/23, 09:31:14.045, 2416140536519, QTAgent32.exe, &lt;a class=success&gt;Playback - {172} [SUCCESS] MouseButtonClick - "[MSAA, VisibleOnly]ControlType='Button' &amp;&amp; Name='Filter...'"
\0&lt;/a&gt;
W, 5176, 24, 2013/05/23, 09:31:14.251, 2416143480498, QTAgent32.exe, &lt;a class=success&gt;Playback - {173} [SUCCESS] SendKeys "^{HOME}" - "[MSAA, VisibleOnly]ControlType='Edit'"
\0&lt;/a&gt;
E, 5176, 24, 2013/05/23, 09:31:14.251, 2416143482437, QTAgent32.exe, Msaa.GetFocusedElement: could not find accessible object of foreground window
W, 5176, 24, 2013/05/23, 09:31:14.303, 2416144231572, QTAgent32.exe, &lt;a class=success&gt;Playback - {174} [SUCCESS] SendKeys "^+{END}" - "[MSAA, VisibleOnly]ControlType='Edit'"
\0&lt;/a&gt;
E, 5176, 24, 2013/05/23, 09:31:14.303, 2416144233162, QTAgent32.exe, Msaa.GetFocusedElement: could not find accessible object of foreground window
W, 5176, 24, 2013/05/23, 09:31:14.315, 2416144403179, QTAgent32.exe, &lt;a class=success&gt;Playback - {175} [SUCCESS] SendKeys "{DELETE}" - "[MSAA, VisibleOnly]ControlType='Edit'"
\0&lt;/a&gt;
W, 5176, 24, 2013/05/23, 09:31:14.536, 2416147563212, QTAgent32.exe, &lt;a class=success&gt;Playback - {176} [SUCCESS] SetValueAsEditBox "30/05/13" - "[MSAA, VisibleOnly]ControlType='Edit'"  &lt; Set via SendKeys &gt;
\0&lt;/a&gt;
W, 5176, 24, 2013/05/23, 09:31:14.746, 2416150575818, QTAgent32.exe, &lt;a class=success&gt;Playback - {177} [SUCCESS] SendKeys "^{HOME}" - "[MSAA, VisibleOnly]ControlType='Edit'"
\0&lt;/a&gt;
E, 5176, 24, 2013/05/23, 09:31:14.746, 2416150577979, QTAgent32.exe, Msaa.GetFocusedElement: could not find accessible object of foreground window
W, 5176, 24, 2013/05/23, 09:31:14.801, 2416151355846, QTAgent32.exe, &lt;a class=success&gt;Playback - {178} [SUCCESS] SendKeys "^+{END}" - "[MSAA, VisibleOnly]ControlType='Edit'"
\0&lt;/a&gt;
E, 5176, 24, 2013/05/23, 09:31:14.801, 2416151357571, QTAgent32.exe, Msaa.GetFocusedElement: could not find accessible object of foreground window
W, 5176, 24, 2013/05/23, 09:31:14.813, 2416151527810, QTAgent32.exe, &lt;a class=success&gt;Playback - {179} [SUCCESS] SendKeys "{DELETE}" - "[MSAA, VisibleOnly]ControlType='Edit'"
\0&lt;/a&gt;
W, 5176, 24, 2013/05/23, 09:31:15.033, 2416154680703, QTAgent32.exe, &lt;a class=success&gt;Playback - {180} [SUCCESS] SetValueAsEditBox "30/05/13" - "[MSAA, VisibleOnly]ControlType='Edit'"  &lt; Set via SendKeys &gt;
\0&lt;/a&gt;
W, 5176, 24, 2013/05/23, 09:31:15.408, 2416160049611, QTAgent32.exe, Playback - [WARNING] Internal warning: Incorrect flag set for InvokeProgrammaticAction\0
W, 5176, 24, 2013/05/23, 09:31:15.528, 2416161777496, QTAgent32.exe, &lt;a class=success&gt;Playback - {181} [SUCCESS] SetValueAsComboBox "Motor" - "[MSAA, VisibleOnly]ControlType='ComboBox'"  &lt; SetValueAsComboBox, set by clicking on the item in the list box &gt;
\0&lt;/a&gt;
W, 5176, 24, 2013/05/23, 09:31:15.788, 2416165499889, QTAgent32.exe, &lt;a class=success&gt;Playback - {182} [SUCCESS] MouseButtonClick - "[MSAA, VisibleOnly]ControlType='Button' &amp;&amp; Name='Ok'"
\0&lt;/a&gt;
W, 5176, 24, 2013/05/23, 09:31:16.684, 2416178322364, QTAgent32.exe, &lt;a class=success&gt;Playback - {183} [SUCCESS] MouseButtonClick - "[MSAA, VisibleOnly]ControlType='Client'"
\0&lt;/a&gt;
W, 5176, 24, 2013/05/23, 09:31:16.875, 2416181048704, QTAgent32.exe, &lt;a class=success&gt;Playback - {184} [SUCCESS] SendKeys "{End}" - "[MSAA, VisibleOnly]ControlType='Client'"
\0&lt;/a&gt;
W, 5176, 24, 2013/05/23, 09:31:17.146, 2416184933530, QTAgent32.exe, &lt;a class=success&gt;Playback - {185} [SUCCESS] MouseButtonClick - "[MSAA, VisibleOnly]ControlType='Button' &amp;&amp; Name='Display Record...'"
\0&lt;/a&gt;
W, 5176, 24, 2013/05/23, 09:31:17.375, 2416188213299, QTAgent32.exe, &lt;a class=success&gt;Playback - {186} [SUCCESS] MouseButtonClick - "[MSAA, VisibleOnly]ControlType='Button' &amp;&amp; Name='Invite'"
\0&lt;/a&gt;
W, 5176, 24, 2013/05/23, 09:31:17.794, 2416194217150, QTAgent32.exe, Playback - [WARNING] Internal warning: Window Not Found: [VisibleOnly]ControlType='Window' &amp;&amp; Name='Confirm' &amp;&amp; ClassName='#32770'
\0
E, 5176, 24, 2013/05/23, 09:31:17.794, 2416194219217, QTAgent32.exe, &lt;a class=failure&gt;Playback - {187} [FAILED] Function ElementFetcher::FindScreenElement failed to locate UI element (Searching: ;[VisibleOnly]ControlType='Window' &amp;&amp; Name='Confirm' &amp;&amp; ClassName='#32770') (The object specified was not found.)
\0&lt;/a&gt;
E, 5176, 24, 2013/05/23, 09:31:17.837, 2416194822521, QTAgent32.exe, Playback - [IMAGE] C:\Users\testuser\AppData\Local\Temp\UITestLogs\LastRun\RPFEBF6.png
\0
W, 5176, 24, 2013/05/23, 09:31:17.837, 2416194824096, QTAgent32.exe, Playback - [WARNING] Internal warning: Couldn't find descendants that match QueryId
\0
W, 5176, 24, 2013/05/23, 09:31:35.897, 2416453422039, QTAgent32.exe, Playback - [WARNING] Internal warning: Window Not Found: [VisibleOnly]ControlType='Window' &amp;&amp; Name='Confirm' &amp;&amp; ClassName='#32770'
\0
E, 5176, 24, 2013/05/23, 09:31:35.897, 2416453424145, QTAgent32.exe, &lt;a class=failure&gt;Playback - {188} [FAILED] Function ElementFetcher::FindScreenElement failed to locate UI element (Searching: ;[VisibleOnly]ControlType='Window' &amp;&amp; Name='Confirm' &amp;&amp; ClassName='#32770') (The object specified was not found.)
\0&lt;/a&gt;
E, 5176, 24, 2013/05/23, 09:31:35.940, 2416454039586, QTAgent32.exe, Playback - [IMAGE] C:\Users\testuser\AppData\Local\Temp\UITestLogs\LastRun\RPF32A7.png
\0
W, 5176, 24, 2013/05/23, 09:31:35.940, 2416454041126, QTAgent32.exe, Playback - [WARNING] Internal warning: Couldn't find descendants that match QueryId
\0
W, 5176, 24, 2013/05/23, 09:31:35.941, 2416454043794, QTAgent32.exe, PERF WARNING: FindTopLevelWindowHelper::FindAllDescendents: took 18103 ms. Expected it to take maximum 500 ms.
W, 5176, 24, 2013/05/23, 09:31:36.392, 2416460502102, QTAgent32.exe, Playback - [WARNING] Internal warning: Smart Match failed
\0
W, 5176, 24, 2013/05/23, 09:31:36.595, 2416463410675, QTAgent32.exe, Playback - [WARNING] Internal warning: Smart Match failed
\0
W, 5176, 24, 2013/05/23, 09:31:36.798, 2416466317321, QTAgent32.exe, Playback - [WARNING] Internal warning: Smart Match failed
\0
W, 5176, 24, 2013/05/23, 09:31:37.005, 2416469283063, QTAgent32.exe, Playback - [WARNING] Internal warning: Smart Match failed
\0
W, 5176, 24, 2013/05/23, 09:31:37.213, 2416472256794, QTAgent32.exe, Playback - [WARNING] Internal warning: Smart Match failed
\0
W, 5176, 24, 2013/05/23, 09:31:37.428, 2416475336630, QTAgent32.exe, Playback - [WARNING] Internal warning: Smart Match failed
\0
W, 5176, 24, 2013/05/23, 09:31:37.637, 2416478333536, QTAgent32.exe, Playback - [WARNING] Internal warning: Smart Match failed
\0
W, 5176, 24, 2013/05/23, 09:31:37.845, 2416481304451, QTAgent32.exe, Playback - [WARNING] Internal warning: Smart Match failed
\0
W, 5176, 24, 2013/05/23, 09:31:38.053, 2416484283085, QTAgent32.exe, Playback - [WARNING] Internal warning: Smart Match failed
\0
W, 5176, 24, 2013/05/23, 09:31:38.256, 2416487196622, QTAgent32.exe, Playback - [WARNING] Internal warning: Smart Match failed
\0
W, 5176, 24, 2013/05/23, 09:31:38.458, 2416490088746, QTAgent32.exe, Playback - [WARNING] Internal warning: Smart Match failed
\0
W, 5176, 24, 2013/05/23, 09:31:38.661, 2416492991894, QTAgent32.exe, Playback - [WARNING] Internal warning: Smart Match failed
\0
W, 5176, 24, 2013/05/23, 09:31:38.867, 2416495936411, QTAgent32.exe, Playback - [WARNING] Internal warning: Smart Match failed
\0
W, 5176, 24, 2013/05/23, 09:31:38.963, 2416497324053, QTAgent32.exe, Playback - [WARNING] Internal warning: Window Not Found: [VisibleOnly]ControlType='Window' &amp;&amp; Name='Confirm' &amp;&amp; ClassName='#32770'
\0
E, 5176, 24, 2013/05/23, 09:31:38.964, 2416497325898, QTAgent32.exe, &lt;a class=failure&gt;Playback - {189} [FAILED] Function ElementFetcher::FindScreenElement failed to locate UI element (Searching: ;[VisibleOnly]ControlType='Window' &amp;&amp; Name='Confirm' &amp;&amp; ClassName='#32770') (The object specified was not found.)
\0&lt;/a&gt;
E, 5176, 24, 2013/05/23, 09:31:39.006, 2416497934995, QTAgent32.exe, Playback - [IMAGE] C:\Users\testuser\AppData\Local\Temp\UITestLogs\LastRun\RPF3EA9.png
\0
W, 5176, 24, 2013/05/23, 09:31:39.006, 2416497936548, QTAgent32.exe, Playback - [WARNING] Internal warning: Couldn't find descendants that match QueryId
\0
W, 5176, 24, 2013/05/23, 09:31:39.006, 2416497938963, QTAgent32.exe, PERF WARNING: FindTopLevelWindowHelper::FindAllDescendents: took 3065 ms. Expected it to take maximum 500 ms.
E, 5176, 24, 2013/05/23, 09:31:39.007, 2416497940784, QTAgent32.exe, Exception: System.Runtime.InteropServices.COMException
	Message: Error HRESULT E_FAIL has been returned from a call to a COM component.
	Stack Trace:    at Microsoft.VisualStudio.TestTools.UITest.Playback.Engine.IRPFPlayback.FindAllScreenElements(IScreenElement pScreenElementStart, String bstrQueryId, Object&amp; pvarResKeys, Int32 cResKeys, Int32 nMaxDepth, Object[]&amp; foundDescendants)
   at Microsoft.VisualStudio.TestTools.UITest.Playback.ScreenElement.FindTopLevelWindowHelper(String queryId)
	BaseExceptionMessage: Error HRESULT E_FAIL has been returned from a call to a COM component.

E, 5176, 24, 2013/05/23, 09:31:39.109, 2416499401183, QTAgent32.exe, AL: Playback Error: Microsoft.VisualStudio.TestTools.UITest.Extension.UITestControlNotFoundException: The playback failed to find the control with the given search properties. Additional Details: 
TechnologyName:  'MSAA'
ControlType:  'Window'
Name:  'Confirm'
ClassName:  '#32770'
 ---&gt; System.Runtime.InteropServices.COMException: Error HRESULT E_FAIL has been returned from a call to a COM component.
   at Microsoft.VisualStudio.TestTools.UITest.Playback.Engine.IRPFPlayback.FindAllScreenElements(IScreenElement pScreenElementStart, String bstrQueryId, Object&amp; pvarResKeys, Int32 cResKeys, Int32 nMaxDepth, Object[]&amp; foundDescendants)
   at Microsoft.VisualStudio.TestTools.UITest.Playback.ScreenElement.FindTopLevelWindowHelper(String queryId)
   at Microsoft.VisualStudio.TestTools.UITest.Playback.ScreenElement.FindFromPartialQueryId(String queryId)
   at Microsoft.VisualStudio.TestTools.UITesting.UITestControl..ctor(String queryId)
   --- End of inner exception stack trace ---
   at Microsoft.VisualStudio.TestTools.UITesting.Playback.MapControlNotFoundException(COMException ex, IPlaybackContext context)
   at Microsoft.VisualStudio.TestTools.UITesting.Playback.MapAndThrowComException(COMException innerException, IPlaybackContext context)
   at Microsoft.VisualStudio.TestTools.UITesting.Playback.MapAndThrowException(SystemException exception, IPlaybackContext context)
   at Microsoft.VisualStudio.TestTools.UITesting.Playback.MapAndThrowException(SystemException exception, String queryId)
   at Microsoft.VisualStudio.TestTools.UITesting.UITestControl..ctor(String queryId)
   at Microsoft.VisualStudio.TestTools.UITesting.SearchHelper.SearchTopLevelWindow(ISearchArgument topLevelSearchArg, String topLevelElementQueryId)
   at Microsoft.VisualStudio.TestTools.UITesting.SearchHelper.GetTitleUpdatedTopLevelWindow(ISearchArgument topLevelSearchArg, String queryId, IList`1 windowTitles)
   at Microsoft.VisualStudio.TestTools.UITesting.SearchHelper.GetTopLevelElement(Boolean useCache, Boolean useCacheOnly, ISearchArgument searchArg, IList`1 windowTitles, Int32&amp; timeLeft)
   at Microsoft.VisualStudio.TestTools.UITesting.SearchHelper.GetElement(Boolean useCache, ISearchArgument searchArg)
   at Microsoft.VisualStudio.TestTools.UITesting.SearchHelper.Search(ISearchArgument searchArg)
   at Microsoft.VisualStudio.TestTools.UITesting.UITestControl.FindInternal()
   at Microsoft.VisualStudio.TestTools.UITesting.UITestControl.FindControlIfNecessary()
   at Microsoft.VisualStudio.TestTools.UITesting.UITestControl.Click(MouseButtons button, ModifierKeys modifierKeys, Point relativeCoordinates)
   at Microsoft.VisualStudio.TestTools.UITesting.Mouse.ClickImplementation(UITestControl control, MouseButtons button, ModifierKeys modifierKeys, Point relativeCoordinate)
   at Microsoft.VisualStudio.TestTools.UITesting.Mouse.ClickImplementationWrapper(UITestControl control, MouseButtons button, ModifierKeys modifierKeys, Point relativeCoordinate)
W, 5176, 24, 2013/05/23, 09:31:39.109, 2416499402912, QTAgent32.exe, PlaybackErrorHandler: Ignoring exception as ContinueOnError is set.
W, 5176, 24, 2013/05/23, 09:31:39.261, 2416501588851, QTAgent32.exe, &lt;a class=success&gt;Playback - {190} [SUCCESS] MouseButtonClick - "[MSAA, VisibleOnly]ControlType='Button' &amp;&amp; Name='Ok'"
\0&lt;/a&gt;
W, 5176, 24, 2013/05/23, 09:31:42.428, 2416546925364, QTAgent32.exe, Playback - [WARNING] Internal warning: Window Not Found: [VisibleOnly]ControlType='Window' &amp;&amp; Name='Personal Lines' &amp;&amp; ClassName='#32770'
\0
E, 5176, 24, 2013/05/23, 09:31:42.428, 2416546927319, QTAgent32.exe, &lt;a class=failure&gt;Playback - {191} [FAILED] Function ElementFetcher::FindScreenElement failed to locate UI element (Searching: ;[VisibleOnly]ControlType='Window' &amp;&amp; Name='Personal Lines' &amp;&amp; ClassName='#32770') (The object specified was not found.)
\0&lt;/a&gt;
E, 5176, 24, 2013/05/23, 09:31:42.471, 2416547543755, QTAgent32.exe, Playback - [IMAGE] C:\Users\testuser\AppData\Local\Temp\UITestLogs\LastRun\RPF4C32.png
\0
W, 5176, 24, 2013/05/23, 09:31:42.471, 2416547545510, QTAgent32.exe, Playback - [WARNING] Internal warning: Couldn't find descendants that match QueryId
\0
W, 5176, 24, 2013/05/23, 09:31:42.471, 2416547547913, QTAgent32.exe, PERF WARNING: FindTopLevelWindowHelper::FindAllDescendents: took 3109 ms. Expected it to take maximum 500 ms.
W, 5176, 24, 2013/05/23, 09:32:00.519, 2416805953177, QTAgent32.exe, Playback - [WARNING] Internal warning: Window Not Found: [VisibleOnly]ControlType='Window' &amp;&amp; Name='Personal Lines' &amp;&amp; ClassName='#32770'
\0
E, 5176, 24, 2013/05/23, 09:32:00.519, 2416805955357, QTAgent32.exe, &lt;a class=failure&gt;Playback - {192} [FAILED] Function ElementFetcher::FindScreenElement failed to locate UI element (Searching: ;[VisibleOnly]ControlType='Window' &amp;&amp; Name='Personal Lines' &amp;&amp; ClassName='#32770') (The object specified was not found.)
\0&lt;/a&gt;
E, 5176, 24, 2013/05/23, 09:32:00.562, 2416806571184, QTAgent32.exe, Playback - [IMAGE] C:\Users\testuser\AppData\Local\Temp\UITestLogs\LastRun\RPF92D3.png
\0
W, 5176, 24, 2013/05/23, 09:32:00.562, 2416806572938, QTAgent32.exe, Playback - [WARNING] Internal warning: Couldn't find descendants that match QueryId
\0
W, 5176, 24, 2013/05/23, 09:32:00.562, 2416806575364, QTAgent32.exe, PERF WARNING: FindTopLevelWindowHelper::FindAllDescendents: took 18090 ms. Expected it to take maximum 500 ms.
W, 5176, 24, 2013/05/23, 09:32:01.020, 2416813126817, QTAgent32.exe, Playback - [WARNING] Internal warning: Smart Match failed
\0
W, 5176, 24, 2013/05/23, 09:32:01.233, 2416816186809, QTAgent32.exe, Playback - [WARNING] Internal warning: Smart Match failed
\0
W, 5176, 24, 2013/05/23, 09:32:01.445, 2416819220916, QTAgent32.exe, Playback - [WARNING] Internal warning: Smart Match failed
\0
W, 5176, 24, 2013/05/23, 09:32:01.656, 2416822239165, QTAgent32.exe, Playback - [WARNING] Internal warning: Smart Match failed
\0
W, 5176, 24, 2013/05/23, 09:32:01.863, 2416825199470, QTAgent32.exe, Playback - [WARNING] Internal warning: Smart Match failed
\0
W, 5176, 24, 2013/05/23, 09:32:02.071, 2416828184406, QTAgent32.exe, Playback - [WARNING] Internal warning: Smart Match failed
\0
W, 5176, 24, 2013/05/23, 09:32:02.278, 2416831144527, QTAgent32.exe, Playback - [WARNING] Internal warning: Smart Match failed
\0
W, 5176, 24, 2013/05/23, 09:32:02.485, 2416834114979, QTAgent32.exe, Playback - [WARNING] Internal warning: Smart Match failed
\0
W, 5176, 24, 2013/05/23, 09:32:02.692, 2416837077098, QTAgent32.exe, Playback - [WARNING] Internal warning: Smart Match failed
\0
W, 5176, 24, 2013/05/23, 09:32:02.905, 2416840130810, QTAgent32.exe, Playback - [WARNING] Internal warning: Smart Match failed
\0
W, 5176, 24, 2013/05/23, 09:32:03.121, 2416843216056, QTAgent32.exe, Playback - [WARNING] Internal warning: Smart Match failed
\0
W, 5176, 24, 2013/05/23, 09:32:03.330, 2416846211624, QTAgent32.exe, Playback - [WARNING] Internal warning: Smart Match failed
\0
W, 5176, 24, 2013/05/23, 09:32:03.542, 2416849245885, QTAgent32.exe, Playback - [WARNING] Internal warning: Smart Match failed
\0
W, 5176, 24, 2013/05/23, 09:32:03.644, 2416850711273, QTAgent32.exe, Playback - [WARNING] Internal warning: Window Not Found: [VisibleOnly]ControlType='Window' &amp;&amp; Name='Personal Lines' &amp;&amp; ClassName='#32770'
\0
E, 5176, 24, 2013/05/23, 09:32:03.644, 2416850712891, QTAgent32.exe, &lt;a class=failure&gt;Playback - {193} [FAILED] Function ElementFetcher::FindScreenElement failed to locate UI element (Searching: ;[VisibleOnly]ControlType='Window' &amp;&amp; Name='Personal Lines' &amp;&amp; ClassName='#32770') (The object specified was not found.)
\0&lt;/a&gt;
E, 5176, 24, 2013/05/23, 09:32:03.687, 2416851315859, QTAgent32.exe, Playback - [IMAGE] C:\Users\testuser\AppData\Local\Temp\UITestLogs\LastRun\RPF9F14.png
\0
W, 5176, 24, 2013/05/23, 09:32:03.687, 2416851317386, QTAgent32.exe, Playback - [WARNING] Internal warning: Couldn't find descendants that match QueryId
\0
W, 5176, 24, 2013/05/23, 09:32:03.687, 2416851319700, QTAgent32.exe, PERF WARNING: FindTopLevelWindowHelper::FindAllDescendents: took 3124 ms. Expected it to take maximum 500 ms.
E, 5176, 24, 2013/05/23, 09:32:03.687, 2416851321275, QTAgent32.exe, Exception: System.Runtime.InteropServices.COMException
	Message: Error HRESULT E_FAIL has been returned from a call to a COM component.
	Stack Trace:    at Microsoft.VisualStudio.TestTools.UITest.Playback.Engine.IRPFPlayback.FindAllScreenElements(IScreenElement pScreenElementStart, String bstrQueryId, Object&amp; pvarResKeys, Int32 cResKeys, Int32 nMaxDepth, Object[]&amp; foundDescendants)
   at Microsoft.VisualStudio.TestTools.UITest.Playback.ScreenElement.FindTopLevelWindowHelper(String queryId)
	BaseExceptionMessage: Error HRESULT E_FAIL has been returned from a call to a COM component.

E, 5176, 24, 2013/05/23, 09:32:03.687, 2416851324818, QTAgent32.exe, GetClassName for handle 722166 failed
E, 5176, 24, 2013/05/23, 09:32:03.688, 2416851333310, QTAgent32.exe, Window 722166 not responding. Last Win32 error 1400
E, 5176, 24, 2013/05/23, 09:32:03.688, 2416851334274, QTAgent32.exe, GetClassName for handle 722166 failed
E, 5176, 24, 2013/05/23, 09:32:03.788, 2416852764954, QTAgent32.exe, AL: Playback Error: Microsoft.VisualStudio.TestTools.UITest.Extension.UITestControlNotAvailableException: The control is not available or not valid. Additional Details: 
TechnologyName:  'MSAA'
ControlType:  'Window'
 ---&gt; System.Runtime.InteropServices.COMException: Error HRESULT E_FAIL has been returned from a call to a COM component.
   at Microsoft.VisualStudio.TestTools.UITest.Playback.Engine.IRPFPlayback.FindAllScreenElements(IScreenElement pScreenElementStart, String bstrQueryId, Object&amp; pvarResKeys, Int32 cResKeys, Int32 nMaxDepth, Object[]&amp; foundDescendants)
   at Microsoft.VisualStudio.TestTools.UITest.Playback.ScreenElement.FindTopLevelWindowHelper(String queryId)
   at Microsoft.VisualStudio.TestTools.UITest.Playback.ScreenElement.FindFromPartialQueryId(String queryId)
   at Microsoft.VisualStudio.TestTools.UITesting.UITestControl.EnsureValid(Boolean waitForReady, Boolean refetch)
   --- End of inner exception stack trace ---
   at Microsoft.VisualStudio.TestTools.UITesting.UITestControl.EnsureValid(Boolean waitForReady, Boolean refetch)
   at Microsoft.VisualStudio.TestTools.UITesting.UITestControl.FindFirstDescendant(String queryId, Int32 maxDepth, Int32&amp; timeLeft)
   at Microsoft.VisualStudio.TestTools.UITesting.SearchHelper.GetElement(Boolean useCache, ISearchArgument searchArg)
   at Microsoft.VisualStudio.TestTools.UITesting.SearchHelper.Search(ISearchArgument searchArg)
   at Microsoft.VisualStudio.TestTools.UITesting.UITestControl.FindInternal()
   at Microsoft.VisualStudio.TestTools.UITesting.UITestControl.FindControlIfNecessary()
   at Microsoft.VisualStudio.TestTools.UITesting.UITestControl.Click(MouseButtons button, ModifierKeys modifierKeys, Point relativeCoordinates)
   at Microsoft.VisualStudio.TestTools.UITesting.Mouse.ClickImplementation(UITestControl control, MouseButtons button, ModifierKeys modifierKeys, Point relativeCoordinate)
   at Microsoft.VisualStudio.TestTools.UITesting.Mouse.ClickImplementationWrapper(UITestControl control, MouseButtons button, ModifierKeys modifierKeys, Point relativeCoordinate)
W, 5176, 24, 2013/05/23, 09:32:03.788, 2416852766342, QTAgent32.exe, PlaybackErrorHandler: Ignoring exception as ContinueOnError is set.
W, 5176, 24, 2013/05/23, 09:32:03.919, 2416854643677, QTAgent32.exe, &lt;a class=success&gt;Playback - {194} [SUCCESS] Check - "[MSAA, VisibleOnly]ControlType='CheckBox' &amp;&amp; Name='Defer Printing?'"
\0&lt;/a&gt;
W, 5176, 24, 2013/05/23, 09:32:04.450, 2416862247690, QTAgent32.exe, &lt;a class=success&gt;Playback - {195} [SUCCESS] MouseButtonClick - "[MSAA, VisibleOnly]ControlType='Button' &amp;&amp; Name='Ok'"
\0&lt;/a&gt;
W, 5176, 24, 2013/05/23, 09:32:04.551, 2416863683039, QTAgent32.exe, Playback - [WARNING] Internal warning: Thread state based WFR - Requested element has invalid HWND
\0
W, 5176, 24, 2013/05/23, 09:32:04.551, 2416863684241, QTAgent32.exe, Playback - [WARNING] Internal warning: process performance counters based WFR - Requested element has invalid HWND
\0
E, 5176, 24, 2013/05/23, 09:32:04.551, 2416863686886, QTAgent32.exe, EnsureValid called via EnsureValid call for same element
E, 5176, 24, 2013/05/23, 09:32:04.551, 2416863688716, QTAgent32.exe, EnsureValid called via EnsureValid call for same element
E, 5176, 24, 2013/05/23, 09:32:04.551, 2416863689838, QTAgent32.exe, EnsureValid called via EnsureValid call for same element
E, 5176, 24, 2013/05/23, 09:32:04.551, 2416863693452, QTAgent32.exe, Window 198196 not responding. Last Win32 error 1400
E, 5176, 24, 2013/05/23, 09:32:04.551, 2416863694278, QTAgent32.exe, GetClassName for handle 198196 failed
W, 5176, 24, 2013/05/23, 09:32:10.860, 2416954019944, QTAgent32.exe, PERF WARNING: FindTopLevelWindowHelper::FindAllDescendents: took 6308 ms. Expected it to take maximum 500 ms.
W, 5176, 24, 2013/05/23, 09:32:10.993, 2416955935305, QTAgent32.exe, &lt;a class=success&gt;Playback - {196} [SUCCESS] Uncheck - "[MSAA, VisibleOnly]ControlType='CheckBox' &amp;&amp; Name='Add Activity'"
\0&lt;/a&gt;
W, 5176, 24, 2013/05/23, 09:32:11.539, 2416963753173, QTAgent32.exe, &lt;a class=success&gt;Playback - {197} [SUCCESS] MouseButtonClick - "[MSAA, VisibleOnly]ControlType='Button' &amp;&amp; Name='Ok'"
\0&lt;/a&gt;
W, 5176, 24, 2013/05/23, 09:32:13.826, 2416996491758, QTAgent32.exe, &lt;a class=success&gt;Playback - {198} [SUCCESS] MouseButtonClick - "[MSAA, VisibleOnly]ControlType='Button' &amp;&amp; Name='OK'"
\0&lt;/a&gt;
W, 5176, 24, 2013/05/23, 09:32:14.720, 2417009289582, QTAgent32.exe, &lt;a class=success&gt;Playback - {199} [SUCCESS] MouseButtonClick - "[MSAA, VisibleOnly]ControlType='Button' &amp;&amp; Name=&gt;'Renew Policy'"
\0&lt;/a&gt;
W, 5176, 24, 2013/05/23, 09:32:17.785, 2417053182782, QTAgent32.exe, Playback - [WARNING] Internal warning: Window Not Found: [VisibleOnly]ControlType='Window' &amp;&amp; Name='Confirm' &amp;&amp; ClassName='#32770'
\0
E, 5176, 24, 2013/05/23, 09:32:17.786, 2417053185699, QTAgent32.exe, &lt;a class=failure&gt;Playback - {200} [FAILED] Function ElementFetcher::FindScreenElement failed to locate UI element (Searching: ;[VisibleOnly]ControlType='Window' &amp;&amp; Name='Confirm' &amp;&amp; ClassName='#32770') (The object specified was not found.)
\0&lt;/a&gt;
E, 5176, 24, 2013/05/23, 09:32:17.830, 2417053819277, QTAgent32.exe, Playback - [IMAGE] C:\Users\testuser\AppData\Local\Temp\UITestLogs\LastRun\RPFD64A.png
\0
W, 5176, 24, 2013/05/23, 09:32:17.830, 2417053820833, QTAgent32.exe, Playback - [WARNING] Internal warning: Couldn't find descendants that match QueryId
\0
W, 5176, 24, 2013/05/23, 09:32:17.830, 2417053823406, QTAgent32.exe, PERF WARNING: FindTopLevelWindowHelper::FindAllDescendents: took 3010 ms. Expected it to take maximum 500 ms.
W, 5176, 24, 2013/05/23, 09:32:21.457, 2417105746538, QTAgent32.exe, PERF WARNING: FindTopLevelWindowHelper::FindAllDescendents: took 3626 ms. Expected it to take maximum 500 ms.
W, 5176, 24, 2013/05/23, 09:32:23.596, 2417136376355, QTAgent32.exe, &lt;a class=success&gt;Playback - {201} [SUCCESS] MouseButtonClick - "[MSAA, VisibleOnly]ControlType='Button' &amp;&amp; Name='Yes'"
\0&lt;/a&gt;
E, 5176, 24, 2013/05/23, 09:32:23.701, 2417137883725, QTAgent32.exe, GetClassName for handle 1246110 failed
W, 5176, 24, 2013/05/23, 09:32:24.454, 2417148661618, QTAgent32.exe, PERF WARNING: FindTopLevelWindowHelper::FindAllDescendents: took 752 ms. Expected it to take maximum 500 ms.
W, 5176, 24, 2013/05/23, 09:32:24.638, 2417151295528, QTAgent32.exe, &lt;a class=success&gt;Playback - {202} [SUCCESS] MouseButtonClick - "[MSAA, VisibleOnly]ControlType='Button' &amp;&amp; Name='Ok'"
\0&lt;/a&gt;
W, 5176, 24, 2013/05/23, 09:32:27.761, 2417196011686, QTAgent32.exe, Playback - [WARNING] Internal warning: Window Not Found: [VisibleOnly]ControlType='Window' &amp;&amp; Name='Personal Lines' &amp;&amp; ClassName='#32770'
\0
E, 5176, 24, 2013/05/23, 09:32:27.761, 2417196013809, QTAgent32.exe, &lt;a class=failure&gt;Playback - {203} [FAILED] Function ElementFetcher::FindScreenElement failed to locate UI element (Searching: ;[VisibleOnly]ControlType='Window' &amp;&amp; Name='Personal Lines' &amp;&amp; ClassName='#32770') (The object specified was not found.)
\0&lt;/a&gt;
E, 5176, 24, 2013/05/23, 09:32:27.808, 2417196689923, QTAgent32.exe, Playback - [IMAGE] C:\Users\testuser\AppData\Local\Temp\UITestLogs\LastRun\RPFFD4B.png
\0
W, 5176, 24, 2013/05/23, 09:32:27.808, 2417196691454, QTAgent32.exe, Playback - [WARNING] Internal warning: Couldn't find descendants that match QueryId
\0
W, 5176, 24, 2013/05/23, 09:32:27.809, 2417196694014, QTAgent32.exe, PERF WARNING: FindTopLevelWindowHelper::FindAllDescendents: took 3070 ms. Expected it to take maximum 500 ms.
W, 5176, 24, 2013/05/23, 09:32:35.081, 2417300822472, QTAgent32.exe, PERF WARNING: FindTopLevelWindowHelper::FindAllDescendents: took 7272 ms. Expected it to take maximum 500 ms.
W, 5176, 24, 2013/05/23, 09:32:37.219, 2417331438219, QTAgent32.exe, &lt;a class=success&gt;Playback - {204} [SUCCESS] MouseButtonClick - "[MSAA, VisibleOnly]ControlType='Button' &amp;&amp; Name='OK'"
\0&lt;/a&gt;
W, 5176, 24, 2013/05/23, 09:32:37.319, 2417332872403, QTAgent32.exe, Playback - [WARNING] Internal warning: Thread state based WFR - Requested element has invalid HWND
\0
W, 5176, 24, 2013/05/23, 09:32:37.319, 2417332873382, QTAgent32.exe, Playback - [WARNING] Internal warning: process performance counters based WFR - Requested element has invalid HWND
\0
E, 5176, 24, 2013/05/23, 09:32:37.320, 2417332876109, QTAgent32.exe, EnsureValid called via EnsureValid call for same element
E, 5176, 24, 2013/05/23, 09:32:37.320, 2417332877741, QTAgent32.exe, EnsureValid called via EnsureValid call for same element
E, 5176, 24, 2013/05/23, 09:32:37.320, 2417332878849, QTAgent32.exe, EnsureValid called via EnsureValid call for same element
E, 5176, 24, 2013/05/23, 09:32:37.322, 2417332907295, QTAgent32.exe, Window 525878 not responding. Last Win32 error 1400
E, 5176, 24, 2013/05/23, 09:32:37.322, 2417332908139, QTAgent32.exe, GetClassName for handle 525878 failed
W, 5176, 24, 2013/05/23, 09:32:37.961, 2417342060038, QTAgent32.exe, PERF WARNING: FindTopLevelWindowHelper::FindAllDescendents: took 639 ms. Expected it to take maximum 500 ms.
W, 5176, 24, 2013/05/23, 09:32:38.086, 2417343856906, QTAgent32.exe, &lt;a class=success&gt;Playback - {205} [SUCCESS] Check - "[MSAA, VisibleOnly]ControlType='CheckBox' &amp;&amp; Name='Defer Printing?'"
\0&lt;/a&gt;
W, 5176, 24, 2013/05/23, 09:32:38.567, 2417350744670, QTAgent32.exe, &lt;a class=success&gt;Playback - {206} [SUCCESS] MouseButtonClick - "[MSAA, VisibleOnly]ControlType='Button' &amp;&amp; Name='Ok'"
\0&lt;/a&gt;
E, 5176, 24, 2013/05/23, 09:32:38.668, 2417352181023, QTAgent32.exe, GetClassName for handle 394844 failed
W, 5176, 24, 2013/05/23, 09:32:40.909, 2417384263821, QTAgent32.exe, &lt;a class=success&gt;Playback - {207} [SUCCESS] MouseButtonClick - "[MSAA, VisibleOnly]ControlType='Button' &amp;&amp; Name='OK'"
\0&lt;/a&gt;
W, 5176, 24, 2013/05/23, 09:32:41.009, 2417385696269, QTAgent32.exe, Playback - [WARNING] Internal warning: Thread state based WFR - Requested element has invalid HWND
\0
W, 5176, 24, 2013/05/23, 09:32:41.009, 2417385697281, QTAgent32.exe, Playback - [WARNING] Internal warning: process performance counters based WFR - Requested element has invalid HWND
\0
E, 5176, 24, 2013/05/23, 09:32:41.009, 2417385699778, QTAgent32.exe, EnsureValid called via EnsureValid call for same element
E, 5176, 24, 2013/05/23, 09:32:41.009, 2417385702799, QTAgent32.exe, GetClassName for handle 1639612 failed
E, 5176, 24, 2013/05/23, 09:32:41.009, 2417385704856, QTAgent32.exe, EnsureValid called via EnsureValid call for same element
E, 5176, 24, 2013/05/23, 09:32:41.009, 2417385706025, QTAgent32.exe, EnsureValid called via EnsureValid call for same element
E, 5176, 24, 2013/05/23, 09:32:41.010, 2417385720049, QTAgent32.exe, Window 1639612 not responding. Last Win32 error 0
E, 5176, 24, 2013/05/23, 09:32:41.010, 2417385721804, QTAgent32.exe, GetClassName for handle 1639612 failed
W, 5176, 24, 2013/05/23, 09:32:41.145, 2417387654352, QTAgent32.exe, &lt;a class=success&gt;Playback - {208} [SUCCESS] Uncheck - "[MSAA, VisibleOnly]ControlType='CheckBox' &amp;&amp; Name='Add Activity'"
\0&lt;/a&gt;
W, 5176, 24, 2013/05/23, 09:32:41.527, 2417393116638, QTAgent32.exe, &lt;a class=success&gt;Playback - {209} [SUCCESS] MouseButtonClick - "[MSAA, VisibleOnly]ControlType='Button' &amp;&amp; Name='Ok'"
\0&lt;/a&gt;
W, 5176, 24, 2013/05/23, 09:32:41.774, 2417396656067, QTAgent32.exe, &lt;a class=success&gt;Playback - {210} [SUCCESS] MouseButtonClick - "[MSAA, VisibleOnly]ControlType='Button' &amp;&amp; Name='Ok'"
\0&lt;/a&gt;
W, 5176, 24, 2013/05/23, 09:32:44.888, 2417441242115, QTAgent32.exe, PERF WARNING: FindTopLevelWindowHelper::FindAllDescendents: took 3013 ms. Expected it to take maximum 500 ms.
W, 5176, 24, 2013/05/23, 09:32:45.093, 2417444181546, QTAgent32.exe, &lt;a class=success&gt;Playback - {211} [SUCCESS] DoSelect - "[MSAA, VisibleOnly]ControlType='List'"
\0&lt;/a&gt;
W, 5176, 24, 2013/05/23, 09:32:45.983, 2417456920903, QTAgent32.exe, &lt;a class=success&gt;Playback - {212} [SUCCESS] MouseButtonClick - "[MSAA, VisibleOnly]ControlType='Button' &amp;&amp; Name='Ok'"
\0&lt;/a&gt;
E, 5176, 24, 2013/05/23, 09:32:46.083, 2417458357734, QTAgent32.exe, GetClassName for handle 1115246 failed
W, 5176, 24, 2013/05/23, 09:32:48.246, 2417489322679, QTAgent32.exe, &lt;a class=success&gt;Playback - {213} [SUCCESS] MouseButtonClick - "[MSAA, VisibleOnly]ControlType='Button' &amp;&amp; Name='OK'"
\0&lt;/a&gt;
W, 5176, 24, 2013/05/23, 09:32:49.364, 2417505327504, QTAgent32.exe, PERF WARNING: FindAllDescendents: took 1016 ms. Expected it to take maximum 500 ms.
W, 5176, 24, 2013/05/23, 09:32:50.110, 2417516012909, QTAgent32.exe, &lt;a class=success&gt;Playback - {214} [SUCCESS] MouseButtonClick - "[MSAA, VisibleOnly]ControlType='Button' &amp;&amp; Name='Exit'"
\0&lt;/a&gt;
W, 5176, 24, 2013/05/23, 09:32:50.469, 2417521149382, QTAgent32.exe, &lt;a class=success&gt;Playback - {215} [SUCCESS] MouseButtonClick - "[MSAA, VisibleOnly]ControlType='Button' &amp;&amp; Name='Yes'"
\0&lt;/a&gt;
W, 5176, 24, 2013/05/23, 09:32:50.829, 2417526310570, QTAgent32.exe, &lt;a class=success&gt;Playback - {216} [SUCCESS] MouseButtonClick - "[MSAA, VisibleOnly]ControlType='Button' &amp;&amp; Name='Cancel'"
\0&lt;/a&gt;
W, 5176, 24, 2013/05/23, 09:32:51.163, 2417531087129, QTAgent32.exe, &lt;a class=success&gt;Playback - {217} [SUCCESS] MouseButtonClick - "[MSAA, VisibleOnly]ControlType='Button'"
\0&lt;/a&gt;
W, 5176, 24, 2013/05/23, 09:32:51.551, 2417536642636, QTAgent32.exe, &lt;a class=success&gt;Playback - {218} [SUCCESS] MouseButtonClick - "[MSAA, VisibleOnly]ControlType='Button' &amp;&amp; Name='Detail'"
\0&lt;/a&gt;
W, 5176, 24, 2013/05/23, 09:32:51.850, 2417540919873, QTAgent32.exe, &lt;a class=success&gt;Playback - {219} [SUCCESS] MouseButtonClick - "[MSAA, VisibleOnly]ControlType='Button' &amp;&amp; Name='Cancel'"
\0&lt;/a&gt;
W, 5176, 24, 2013/05/23, 09:32:52.079, 2417544203549, QTAgent32.exe, &lt;a class=success&gt;Playback - {220} [SUCCESS] MouseButtonClick - "[MSAA, VisibleOnly]ControlType='Button' &amp;&amp; Name='Options'"
\0&lt;/a&gt;
W, 5176, 24, 2013/05/23, 09:32:52.179, 2417545639772, QTAgent32.exe, FindScreenElementInSinglePass : Attempting to find control in one pass of search. Failures can occur.
W, 5176, 24, 2013/05/23, 09:32:52.328, 2417547770842, QTAgent32.exe, &lt;a class=success&gt;Playback - {221} [SUCCESS] MouseButtonClick - "[MSAA]ControlType='MenuItem' &amp;&amp; Name='Links'"
\0&lt;/a&gt;
W, 5176, 24, 2013/05/23, 09:32:52.428, 2417549206319, QTAgent32.exe, FindScreenElementInSinglePass : Attempting to find control in one pass of search. Failures can occur.
W, 5176, 24, 2013/05/23, 09:32:52.587, 2417551472770, QTAgent32.exe, &lt;a class=success&gt;Playback - {222} [SUCCESS] MouseButtonClick - "[MSAA]ControlType='MenuItem' &amp;&amp; Name='3rd Party Integration'"
\0&lt;/a&gt;
W, 5176, 24, 2013/05/23, 09:32:52.687, 2417552907756, QTAgent32.exe, FindScreenElementInSinglePass : Attempting to find control in one pass of search. Failures can occur.
W, 5176, 24, 2013/05/23, 09:32:52.844, 2417555151440, QTAgent32.exe, &lt;a class=success&gt;Playback - {223} [SUCCESS] MouseButtonClick - "[MSAA]ControlType='MenuItem' &amp;&amp; Name='Quote Select List'"
\0&lt;/a&gt;
W, 5176, 24, 2013/05/23, 09:32:53.891, 2417570154523, QTAgent32.exe, PERF WARNING: FindTopLevelWindowHelper::FindAllDescendents: took 946 ms. Expected it to take maximum 500 ms.
W, 5176, 24, 2013/05/23, 09:32:54.462, 2417578320763, QTAgent32.exe, &lt;a class=success&gt;Playback - {224} [SUCCESS] MouseButtonClick - "[MSAA, VisibleOnly]ControlType='Button' &amp;&amp; Name='Ok'"
\0&lt;/a&gt;
W, 5176, 24, 2013/05/23, 09:32:55.610, 2417594762804, QTAgent32.exe, PERF WARNING: FindTopLevelWindowHelper::FindAllDescendents: took 1041 ms. Expected it to take maximum 500 ms.
W, 5176, 24, 2013/05/23, 09:32:55.745, 2417596694114, QTAgent32.exe, &lt;a class=success&gt;Playback - {225} [SUCCESS] MouseButtonClick - "[MSAA, VisibleOnly]ControlType='Button' &amp;&amp; Name='After'"
\0&lt;/a&gt;
W, 5176, 24, 2013/05/23, 09:32:56.483, 2417607256146, QTAgent32.exe, PERF WARNING: FindTopLevelWindowHelper::FindAllDescendents: took 628 ms. Expected it to take maximum 500 ms.
W, 5176, 24, 2013/05/23, 09:32:56.744, 2417611000863, QTAgent32.exe, &lt;a class=success&gt;Playback - {226} [SUCCESS] MouseButtonClick - "[MSAA, VisibleOnly]ControlType='Button' &amp;&amp; Name='MTA...'"
\0&lt;/a&gt;
W, 5176, 24, 2013/05/23, 09:32:57.110, 2417616235883, QTAgent32.exe, Playback - [WARNING] Internal warning: Incorrect flag set for InvokeProgrammaticAction\0
W, 5176, 24, 2013/05/23, 09:32:57.230, 2417617964128, QTAgent32.exe, &lt;a class=success&gt;Playback - {227} [SUCCESS] SetValueAsComboBox "Change of Vehicle" - "[MSAA, VisibleOnly]ControlType='ComboBox'"  &lt; SetValueAsComboBox, set by clicking on the item in the list box &gt;
\0&lt;/a&gt;
W, 5176, 24, 2013/05/23, 09:32:57.481, 2417621545790, QTAgent32.exe, &lt;a class=success&gt;Playback - {228} [SUCCESS] MouseButtonClick - "[MSAA, VisibleOnly]ControlType='Button' &amp;&amp; Name='OK'"
\0&lt;/a&gt;
W, 5176, 24, 2013/05/23, 09:32:57.737, 2417625218874, QTAgent32.exe, Playback - [WARNING] Internal warning: Thread state based WFR - Requested element has invalid HWND
\0
W, 5176, 24, 2013/05/23, 09:32:57.737, 2417625220280, QTAgent32.exe, Playback - [WARNING] Internal warning: process performance counters based WFR - Requested element has invalid HWND
\0
E, 5176, 24, 2013/05/23, 09:32:57.737, 2417625222986, QTAgent32.exe, EnsureValid called via EnsureValid call for same element
E, 5176, 24, 2013/05/23, 09:32:57.737, 2417625224694, QTAgent32.exe, EnsureValid called via EnsureValid call for same element
E, 5176, 24, 2013/05/23, 09:32:57.738, 2417625226013, QTAgent32.exe, EnsureValid called via EnsureValid call for same element
E, 5176, 24, 2013/05/23, 09:32:57.738, 2417625228724, QTAgent32.exe, Window 918582 not responding. Last Win32 error 1400
E, 5176, 24, 2013/05/23, 09:32:57.738, 2417625230519, QTAgent32.exe, GetClassName for handle 918582 failed
W, 5176, 24, 2013/05/23, 09:32:57.857, 2417626931400, QTAgent32.exe, &lt;a class=success&gt;Playback - {229} [SUCCESS] SendKeys "^{HOME}" - "[MSAA, VisibleOnly]ControlType='Edit'"
\0&lt;/a&gt;
E, 5176, 24, 2013/05/23, 09:32:57.857, 2417626933338, QTAgent32.exe, Msaa.GetFocusedElement: could not find accessible object of foreground window
W, 5176, 24, 2013/05/23, 09:32:57.909, 2417627676329, QTAgent32.exe, &lt;a class=success&gt;Playback - {230} [SUCCESS] SendKeys "^+{END}" - "[MSAA, VisibleOnly]ControlType='Edit'"
\0&lt;/a&gt;
E, 5176, 24, 2013/05/23, 09:32:57.909, 2417627677816, QTAgent32.exe, Msaa.GetFocusedElement: could not find accessible object of foreground window
W, 5176, 24, 2013/05/23, 09:32:57.921, 2417627848317, QTAgent32.exe, &lt;a class=success&gt;Playback - {231} [SUCCESS] SendKeys "{DELETE}" - "[MSAA, VisibleOnly]ControlType='Edit'"
\0&lt;/a&gt;
W, 5176, 24, 2013/05/23, 09:32:58.099, 2417630407058, QTAgent32.exe, &lt;a class=success&gt;Playback - {232} [SUCCESS] SetValueAsEditBox "888888" - "[MSAA, VisibleOnly]ControlType='Edit'"  &lt; Set via SendKeys &gt;
\0&lt;/a&gt;
W, 5176, 24, 2013/05/23, 09:32:58.473, 2417635760208, QTAgent32.exe, &lt;a class=success&gt;Playback - {233} [SUCCESS] MouseButtonClick - "[MSAA, VisibleOnly]ControlType='Button' &amp;&amp; Name='Calculate Quote'"
\0&lt;/a&gt;
W, 5176, 24, 2013/05/23, 09:32:58.679, 2417638702427, QTAgent32.exe, &lt;a class=success&gt;Playback - {234} [SUCCESS] SendKeys "^{HOME}" - "[MSAA, VisibleOnly]ControlType='Edit'"
\0&lt;/a&gt;
E, 5176, 24, 2013/05/23, 09:32:58.679, 2417638704266, QTAgent32.exe, Msaa.GetFocusedElement: could not find accessible object of foreground window
W, 5176, 24, 2013/05/23, 09:32:58.745, 2417639654829, QTAgent32.exe, &lt;a class=success&gt;Playback - {235} [SUCCESS] SendKeys "^+{END}" - "[MSAA, VisibleOnly]ControlType='Edit'"
\0&lt;/a&gt;
E, 5176, 24, 2013/05/23, 09:32:58.745, 2417639656356, QTAgent32.exe, Msaa.GetFocusedElement: could not find accessible object of foreground window
W, 5176, 24, 2013/05/23, 09:32:58.757, 2417639829137, QTAgent32.exe, &lt;a class=success&gt;Playback - {236} [SUCCESS] SendKeys "{DELETE}" - "[MSAA, VisibleOnly]ControlType='Edit'"
\0&lt;/a&gt;
W, 5176, 24, 2013/05/23, 09:32:58.976, 2417642958026, QTAgent32.exe, &lt;a class=success&gt;Playback - {237} [SUCCESS] SetValueAsEditBox "06/06/13" - "[MSAA, VisibleOnly]ControlType='Edit'"  &lt; Set via SendKeys &gt;
\0&lt;/a&gt;
W, 5176, 24, 2013/05/23, 09:32:59.436, 2417649539335, QTAgent32.exe, &lt;a class=success&gt;Playback - {238} [SUCCESS] MouseButtonClick - "[MSAA, VisibleOnly]ControlType='Button' &amp;&amp; Name='OK'"
\0&lt;/a&gt;
W, 5176, 24, 2013/05/23, 09:33:10.066, 2417801749643, QTAgent32.exe, Playback - [WARNING] Internal warning: Window Not Found: [VisibleOnly]ControlType='Window' &amp;&amp; Name='Quote Results' &amp;&amp; ClassName='ThunderRT6FormDC'
\0
E, 5176, 24, 2013/05/23, 09:33:10.066, 2417801751994, QTAgent32.exe, &lt;a class=failure&gt;Playback - {239} [FAILED] Function ElementFetcher::FindScreenElement failed to locate UI element (Searching: ;[VisibleOnly]ControlType='Window' &amp;&amp; Name='Quote Results' &amp;&amp; ClassName='ThunderRT6FormDC') (The object specified was not found.)
\0&lt;/a&gt;
E, 5176, 24, 2013/05/23, 09:33:10.117, 2417802482784, QTAgent32.exe, Playback - [IMAGE] C:\Users\testuser\AppData\Local\Temp\UITestLogs\LastRun\RPFA290.png
\0
W, 5176, 24, 2013/05/23, 09:33:10.117, 2417802484436, QTAgent32.exe, Playback - [WARNING] Internal warning: Couldn't find descendants that match QueryId
\0
W, 5176, 24, 2013/05/23, 09:33:10.118, 2417802487112, QTAgent32.exe, PERF WARNING: FindTopLevelWindowHelper::FindAllDescendents: took 10580 ms. Expected it to take maximum 500 ms.
W, 5176, 24, 2013/05/23, 09:33:28.456, 2418065059177, QTAgent32.exe, Playback - [WARNING] Internal warning: Window Not Found: [VisibleOnly]ControlType='Window' &amp;&amp; Name='Quote Results' &amp;&amp; ClassName='ThunderRT6FormDC'
\0
E, 5176, 24, 2013/05/23, 09:33:28.456, 2418065061537, QTAgent32.exe, &lt;a class=failure&gt;Playback - {240} [FAILED] Function ElementFetcher::FindScreenElement failed to locate UI element (Searching: ;[VisibleOnly]ControlType='Window' &amp;&amp; Name='Quote Results' &amp;&amp; ClassName='ThunderRT6FormDC') (The object specified was not found.)
\0&lt;/a&gt;
E, 5176, 24, 2013/05/23, 09:33:28.500, 2418065691109, QTAgent32.exe, Playback - [IMAGE] C:\Users\testuser\AppData\Local\Temp\UITestLogs\LastRun\RPFEA5A.png
\0
W, 5176, 24, 2013/05/23, 09:33:28.500, 2418065692710, QTAgent32.exe, Playback - [WARNING] Internal warning: Couldn't find descendants that match QueryId
\0
W, 5176, 24, 2013/05/23, 09:33:28.501, 2418065695343, QTAgent32.exe, PERF WARNING: FindTopLevelWindowHelper::FindAllDescendents: took 18382 ms. Expected it to take maximum 500 ms.
W, 5176, 24, 2013/05/23, 09:33:31.663, 2418110977280, QTAgent32.exe, Playback - [WARNING] Internal warning: Smart Match failed
\0
W, 5176, 24, 2013/05/23, 09:33:32.982, 2418129855503, QTAgent32.exe, Playback - [WARNING] Internal warning: Window Not Found: [VisibleOnly]ControlType='Window' &amp;&amp; Name='Quote Results' &amp;&amp; ClassName='ThunderRT6FormDC'
\0
E, 5176, 24, 2013/05/23, 09:33:32.982, 2418129857516, QTAgent32.exe, &lt;a class=failure&gt;Playback - {241} [FAILED] Function ElementFetcher::FindScreenElement failed to locate UI element (Searching: ;[VisibleOnly]ControlType='Window' &amp;&amp; Name='Quote Results' &amp;&amp; ClassName='ThunderRT6FormDC') (The object specified was not found.)
\0&lt;/a&gt;
E, 5176, 24, 2013/05/23, 09:33:33.024, 2418130464626, QTAgent32.exe, Playback - [IMAGE] C:\Users\testuser\AppData\Local\Temp\UITestLogs\LastRun\RPFFC07.png
\0
W, 5176, 24, 2013/05/23, 09:33:33.024, 2418130466113, QTAgent32.exe, Playback - [WARNING] Internal warning: Couldn't find descendants that match QueryId
\0
W, 5176, 24, 2013/05/23, 09:33:33.024, 2418130468460, QTAgent32.exe, PERF WARNING: FindTopLevelWindowHelper::FindAllDescendents: took 4523 ms. Expected it to take maximum 500 ms.
E, 5176, 24, 2013/05/23, 09:33:33.024, 2418130470048, QTAgent32.exe, Exception: System.Runtime.InteropServices.COMException
	Message: Error HRESULT E_FAIL has been returned from a call to a COM component.
	Stack Trace:    at Microsoft.VisualStudio.TestTools.UITest.Playback.Engine.IRPFPlayback.FindAllScreenElements(IScreenElement pScreenElementStart, String bstrQueryId, Object&amp; pvarResKeys, Int32 cResKeys, Int32 nMaxDepth, Object[]&amp; foundDescendants)
   at Microsoft.VisualStudio.TestTools.UITest.Playback.ScreenElement.FindTopLevelWindowHelper(String queryId)
	BaseExceptionMessage: Error HRESULT E_FAIL has been returned from a call to a COM component.

E, 5176, 24, 2013/05/23, 09:33:33.025, 2418130472687, QTAgent32.exe, Window 918638 not responding. Last Win32 error 0
E, 5176, 24, 2013/05/23, 09:33:33.025, 2418130473623, QTAgent32.exe, GetClassName for handle 918638 failed
E, 5176, 24, 2013/05/23, 09:33:33.025, 2418130477578, QTAgent32.exe, Window 263728 not responding. Last Win32 error 1400
E, 5176, 24, 2013/05/23, 09:33:33.025, 2418130478335, QTAgent32.exe, GetClassName for handle 1115446 failed
E, 5176, 24, 2013/05/23, 09:33:33.025, 2418130478931, QTAgent32.exe, Window 1115446 not responding. Last Win32 error 1400
E, 5176, 24, 2013/05/23, 09:33:33.025, 2418130480754, QTAgent32.exe, GetClassName for handle 1115446 failed
E, 5176, 24, 2013/05/23, 09:33:33.025, 2418130482484, QTAgent32.exe, Window 1115446 not responding. Last Win32 error 1400
E, 5176, 24, 2013/05/23, 09:33:33.025, 2418130483159, QTAgent32.exe, GetClassName for handle 918638 failed
E, 5176, 24, 2013/05/23, 09:33:33.025, 2418130483716, QTAgent32.exe, Window 918638 not responding. Last Win32 error 1400
E, 5176, 24, 2013/05/23, 09:33:33.026, 2418130485563, QTAgent32.exe, GetClassName for handle 918638 failed
E, 5176, 24, 2013/05/23, 09:33:33.026, 2418130487247, QTAgent32.exe, Window 918638 not responding. Last Win32 error 1400
E, 5176, 24, 2013/05/23, 09:33:33.026, 2418130488165, QTAgent32.exe, GetClassName for handle 263728 failed
E, 5176, 24, 2013/05/23, 09:33:33.126, 2418131922227, QTAgent32.exe, AL: Playback Error: Microsoft.VisualStudio.TestTools.UITest.Extension.UITestControlNotAvailableException: The control is not available or not valid. Additional Details: 
TechnologyName:  'MSAA'
ControlType:  'Client'
 ---&gt; Microsoft.VisualStudio.TestTools.UITest.Extension.UITestControlNotAvailableException: The control is not available or not valid. Additional Details: 
TechnologyName:  'MSAA'
Name:  'Quote Results'
ClassName:  'ThunderRT6FormDC'
ControlType:  'Window'
 ---&gt; System.Runtime.InteropServices.COMException: Error HRESULT E_FAIL has been returned from a call to a COM component.
   at Microsoft.VisualStudio.TestTools.UITest.Playback.Engine.IRPFPlayback.FindAllScreenElements(IScreenElement pScreenElementStart, String bstrQueryId, Object&amp; pvarResKeys, Int32 cResKeys, Int32 nMaxDepth, Object[]&amp; foundDescendants)
   at Microsoft.VisualStudio.TestTools.UITest.Playback.ScreenElement.FindTopLevelWindowHelper(String queryId)
   at Microsoft.VisualStudio.TestTools.UITest.Playback.ScreenElement.FindFromPartialQueryId(String queryId)
   at Microsoft.VisualStudio.TestTools.UITesting.UITestControl.EnsureValid(Boolean waitForReady, Boolean refetch)
   --- End of inner exception stack trace ---
   at Microsoft.VisualStudio.TestTools.UITesting.UITestControl.EnsureValid(Boolean waitForReady, Boolean refetch)
   at Microsoft.VisualStudio.TestTools.UITesting.UITestControl.FindFirstDescendant(String queryId, Int32 maxDepth, Int32&amp; timeLeft)
   at Microsoft.VisualStudio.TestTools.UITesting.UITestControl.FindFirstDescendant(String queryId)
   at Microsoft.VisualStudio.TestTools.UITesting.UITestControl.EnsureValid(Boolean waitForReady, Boolean refetch)
   --- End of inner exception stack trace ---
   at Microsoft.VisualStudio.TestTools.UITesting.UITestControl.EnsureValid(Boolean waitForReady, Boolean refetch)
   at Microsoft.VisualStudio.TestTools.UITesting.UITestControl.Click(MouseButtons button, ModifierKeys modifierKeys, Point relativeCoordinates)
   at Microsoft.VisualStudio.TestTools.UITesting.Mouse.ClickImplementation(UITestControl control, MouseButtons button, ModifierKeys modifierKeys, Point relativeCoordinate)
   at Microsoft.VisualStudio.TestTools.UITesting.Mouse.ClickImplementationWrapper(UITestControl control, MouseButtons button, ModifierKeys modifierKeys, Point relativeCoordinate)
W, 5176, 24, 2013/05/23, 09:33:36.512, 2418180398460, QTAgent32.exe, IEDOM : StopSession of the plugin called before StartSession
W, 5176, 24, 2013/05/23, 09:33:36.512, 2418180399544, QTAgent32.exe, UIA : StopSession of the plugin called before StartSession
</DebugTrace>
        <ErrorInfo>
          <Message>Test method Ver1.CodedUITest2.MotoRenewalAfter threw exception: 
Microsoft.VisualStudio.TestTools.UITest.Extension.UITestControlNotAvailableException: The control is not available or not valid. Additional Details: 
TechnologyName:  'MSAA'
ControlType:  'Client'
 ---&gt; Microsoft.VisualStudio.TestTools.UITest.Extension.UITestControlNotAvailableException: The control is not available or not valid. Additional Details: 
TechnologyName:  'MSAA'
Name:  'Quote Results'
ClassName:  'ThunderRT6FormDC'
ControlType:  'Window'
 ---&gt; System.Runtime.InteropServices.COMException: Error HRESULT E_FAIL has been returned from a call to a COM component.</Message>
          <StackTrace>    at Microsoft.VisualStudio.TestTools.UITest.Playback.Engine.IRPFPlayback.FindAllScreenElements(IScreenElement pScreenElementStart, String bstrQueryId, Object&amp; pvarResKeys, Int32 cResKeys, Int32 nMaxDepth, Object[]&amp; foundDescendants)
   at Microsoft.VisualStudio.TestTools.UITest.Playback.ScreenElement.FindTopLevelWindowHelper(String queryId)
   at Microsoft.VisualStudio.TestTools.UITest.Playback.ScreenElement.FindFromPartialQueryId(String queryId)
   at Microsoft.VisualStudio.TestTools.UITesting.UITestControl.EnsureValid(Boolean waitForReady, Boolean refetch)
 --- End of inner exception stack trace ---
    at Microsoft.VisualStudio.TestTools.UITesting.UITestControl.EnsureValid(Boolean waitForReady, Boolean refetch)
   at Microsoft.VisualStudio.TestTools.UITesting.UITestControl.FindFirstDescendant(String queryId, Int32 maxDepth, Int32&amp; timeLeft)
   at Microsoft.VisualStudio.TestTools.UITesting.UITestControl.FindFirstDescendant(String queryId)
   at Microsoft.VisualStudio.TestTools.UITesting.UITestControl.EnsureValid(Boolean waitForReady, Boolean refetch)
 --- End of inner exception stack trace ---
    at Microsoft.VisualStudio.TestTools.UITesting.UITestControl.EnsureValid(Boolean waitForReady, Boolean refetch)
   at Microsoft.VisualStudio.TestTools.UITesting.UITestControl.Click(MouseButtons button, ModifierKeys modifierKeys, Point relativeCoordinates)
   at Microsoft.VisualStudio.TestTools.UITesting.Mouse.ClickImplementation(UITestControl control, MouseButtons button, ModifierKeys modifierKeys, Point relativeCoordinate)
   at Microsoft.VisualStudio.TestTools.UITesting.Mouse.ClickImplementationWrapper(UITestControl control, MouseButtons button, ModifierKeys modifierKeys, Point relativeCoordinate)
   at Microsoft.VisualStudio.TestTools.UITesting.Mouse.Click(UITestControl control, Point relativeCoordinate)
   at Ver1.UIMap.MotoFinishMTA() in C:\AutotestTam1205\TestProject7\UIMap.Designer.cs:line 2962
   at Ver1.CodedUITest2.MotoRenewalAfter() in C:\AutotestTam1205\TestProject7\CodedUITest2.cs:line 633
</StackTrace>
        </ErrorInfo>
      </Output>
      <ResultFiles>
        <ResultFile path="ICDVDEVTM01\MotoRenewalAfter.png" />
      </ResultFiles>
      <ExtensionResult>Exception has been thrown by the target of an invocation.</ExtensionResult>
    </UnitTestResult>
    <UnitTestResult executionId="6f4c7b63-a06f-4e2c-910a-422d6889c879" testId="f84db9d6-ecb4-ffa9-b047-9aeb5fc142ad" testName="MotoAmendRiskExistingScheme" computerName="ICDVDEVTM01" duration="00:07:05.0452445" startTime="2013-05-23T09:33:36.5492769+01:00" endTime="2013-05-23T09:40:41.5987513+01:00" testType="13cdc9d9-ddb5-4fa4-a97d-d965ccfc6d4b" outcome="Failed" testListId="8c84fa94-04c1-424b-9868-57a2d4851a1d" relativeResultsDirectory="6f4c7b63-a06f-4e2c-910a-422d6889c879">
      <Output>
        <DebugTrace>W, 5176, 19, 2013/05/23, 09:33:40.822, 2418242120979, QTAgent32.exe, &lt;a class=success&gt;Playback - {1} [SUCCESS] MouseButtonClick - "[MSAA, VisibleOnly]ControlType='Edit'"
\0&lt;/a&gt;
W, 5176, 19, 2013/05/23, 09:33:41.026, 2418245033299, QTAgent32.exe, &lt;a class=success&gt;Playback - {2} [SUCCESS] SendKeys "[*]" - "[MSAA, VisibleOnly]ControlType='Edit'"
\0&lt;/a&gt;
W, 5176, 19, 2013/05/23, 09:33:41.692, 2418254579695, QTAgent32.exe, &lt;a class=success&gt;Playback - {3} [SUCCESS] MouseButtonClick - "[MSAA, VisibleOnly]ControlType='Button' &amp;&amp; Name='OK'"
\0&lt;/a&gt;
W, 5176, 19, 2013/05/23, 09:33:41.851, 2418256847170, QTAgent32.exe, &lt;a class=success&gt;Playback - {4} [SUCCESS] SendKeys "^{HOME}" - "[MSAA, VisibleOnly]ControlType='Edit'"
\0&lt;/a&gt;
E, 5176, 19, 2013/05/23, 09:33:41.851, 2418256848824, QTAgent32.exe, Msaa.GetFocusedElement: could not find accessible object of foreground window
W, 5176, 19, 2013/05/23, 09:33:41.904, 2418257610845, QTAgent32.exe, &lt;a class=success&gt;Playback - {5} [SUCCESS] SendKeys "^+{END}" - "[MSAA, VisibleOnly]ControlType='Edit'"
\0&lt;/a&gt;
E, 5176, 19, 2013/05/23, 09:33:41.905, 2418257618517, QTAgent32.exe, Msaa.GetFocusedElement: could not find accessible object of foreground window
W, 5176, 19, 2013/05/23, 09:33:41.920, 2418257835579, QTAgent32.exe, &lt;a class=success&gt;Playback - {6} [SUCCESS] SendKeys "{DELETE}" - "[MSAA, VisibleOnly]ControlType='Edit'"
\0&lt;/a&gt;
W, 5176, 19, 2013/05/23, 09:33:42.142, 2418261024793, QTAgent32.exe, &lt;a class=success&gt;Playback - {7} [SUCCESS] SetValueAsEditBox "23/05/2013" - "[MSAA, VisibleOnly]ControlType='Edit'"  &lt; Set via SendKeys &gt;
\0&lt;/a&gt;
W, 5176, 19, 2013/05/23, 09:33:42.410, 2418264854209, QTAgent32.exe, Playback - [WARNING] Internal warning: Incorrect flag set for InvokeProgrammaticAction\0
W, 5176, 19, 2013/05/23, 09:33:42.528, 2418266542941, QTAgent32.exe, &lt;a class=success&gt;Playback - {8} [SUCCESS] SetValueAsComboBox "May" - "[MSAA, VisibleOnly]ControlType='ComboBox'"  &lt; SetValueAsComboBox, set by clicking on the item in the list box &gt;
\0&lt;/a&gt;
W, 5176, 19, 2013/05/23, 09:33:42.693, 2418268898666, QTAgent32.exe, &lt;a class=success&gt;Playback - {9} [SUCCESS] SendKeys "^{HOME}" - "[MSAA, VisibleOnly]ControlType='Edit'"
\0&lt;/a&gt;
E, 5176, 19, 2013/05/23, 09:33:42.693, 2418268900565, QTAgent32.exe, Msaa.GetFocusedElement: could not find accessible object of foreground window
W, 5176, 19, 2013/05/23, 09:33:42.745, 2418269649026, QTAgent32.exe, &lt;a class=success&gt;Playback - {10} [SUCCESS] SendKeys "^+{END}" - "[MSAA, VisibleOnly]ControlType='Edit'"
\0&lt;/a&gt;
E, 5176, 19, 2013/05/23, 09:33:42.745, 2418269650726, QTAgent32.exe, Msaa.GetFocusedElement: could not find accessible object of foreground window
W, 5176, 19, 2013/05/23, 09:33:42.758, 2418269828166, QTAgent32.exe, &lt;a class=success&gt;Playback - {11} [SUCCESS] SendKeys "{DELETE}" - "[MSAA, VisibleOnly]ControlType='Edit'"
\0&lt;/a&gt;
W, 5176, 19, 2013/05/23, 09:33:42.849, 2418271134140, QTAgent32.exe, &lt;a class=success&gt;Playback - {12} [SUCCESS] SetValueAsEditBox "2013" - "[MSAA, VisibleOnly]ControlType='Edit'"  &lt; Set via SendKeys &gt;
\0&lt;/a&gt;
W, 5176, 19, 2013/05/23, 09:33:43.457, 2418279845663, QTAgent32.exe, &lt;a class=success&gt;Playback - {13} [SUCCESS] MouseButtonClick - "[MSAA, VisibleOnly]ControlType='Button' &amp;&amp; Name='OK'"
\0&lt;/a&gt;
W, 5176, 19, 2013/05/23, 09:33:43.834, 2418285234904, QTAgent32.exe, Playback - [WARNING] Internal warning: Window Not Found: [VisibleOnly]ControlType='Window' &amp;&amp; Name='Warning' &amp;&amp; ClassName='#32770'
\0
E, 5176, 19, 2013/05/23, 09:33:43.834, 2418285236985, QTAgent32.exe, &lt;a class=failure&gt;Playback - {14} [FAILED] Function ElementFetcher::FindScreenElement failed to locate UI element (Searching: ;[VisibleOnly]ControlType='Window' &amp;&amp; Name='Warning' &amp;&amp; ClassName='#32770') (The object specified was not found.)
\0&lt;/a&gt;
E, 5176, 19, 2013/05/23, 09:33:43.875, 2418285822717, QTAgent32.exe, Playback - [IMAGE] C:\Users\testuser\AppData\Local\Temp\UITestLogs\LastRun\RPF2672.png
\0
W, 5176, 19, 2013/05/23, 09:33:43.875, 2418285824278, QTAgent32.exe, Playback - [WARNING] Internal warning: Couldn't find descendants that match QueryId
\0
W, 5176, 19, 2013/05/23, 09:34:01.962, 2418544794697, QTAgent32.exe, Playback - [WARNING] Internal warning: Window Not Found: [VisibleOnly]ControlType='Window' &amp;&amp; Name='Warning' &amp;&amp; ClassName='#32770'
\0
E, 5176, 19, 2013/05/23, 09:34:01.962, 2418544796904, QTAgent32.exe, &lt;a class=failure&gt;Playback - {15} [FAILED] Function ElementFetcher::FindScreenElement failed to locate UI element (Searching: ;[VisibleOnly]ControlType='Window' &amp;&amp; Name='Warning' &amp;&amp; ClassName='#32770') (The object specified was not found.)
\0&lt;/a&gt;
E, 5176, 19, 2013/05/23, 09:34:02.003, 2418545385930, QTAgent32.exe, Playback - [IMAGE] C:\Users\testuser\AppData\Local\Temp\UITestLogs\LastRun\RPF6D42.png
\0
W, 5176, 19, 2013/05/23, 09:34:02.003, 2418545387422, QTAgent32.exe, Playback - [WARNING] Internal warning: Couldn't find descendants that match QueryId
\0
W, 5176, 19, 2013/05/23, 09:34:02.003, 2418545389819, QTAgent32.exe, PERF WARNING: FindTopLevelWindowHelper::FindAllDescendents: took 18128 ms. Expected it to take maximum 500 ms.
W, 5176, 19, 2013/05/23, 09:34:02.443, 2418551683093, QTAgent32.exe, Playback - [WARNING] Internal warning: Smart Match failed
\0
W, 5176, 19, 2013/05/23, 09:34:02.618, 2418554186562, QTAgent32.exe, Playback - [WARNING] Internal warning: Smart Match failed
\0
W, 5176, 19, 2013/05/23, 09:34:02.791, 2418556670223, QTAgent32.exe, Playback - [WARNING] Internal warning: Smart Match failed
\0
W, 5176, 19, 2013/05/23, 09:34:02.965, 2418559154726, QTAgent32.exe, Playback - [WARNING] Internal warning: Smart Match failed
\0
W, 5176, 19, 2013/05/23, 09:34:03.139, 2418561655128, QTAgent32.exe, Playback - [WARNING] Internal warning: Smart Match failed
\0
W, 5176, 19, 2013/05/23, 09:34:03.313, 2418564145562, QTAgent32.exe, Playback - [WARNING] Internal warning: Smart Match failed
\0
W, 5176, 19, 2013/05/23, 09:34:03.488, 2418566654424, QTAgent32.exe, Playback - [WARNING] Internal warning: Smart Match failed
\0
W, 5176, 19, 2013/05/23, 09:34:03.660, 2418569109621, QTAgent32.exe, Playback - [WARNING] Internal warning: Smart Match failed
\0
W, 5176, 19, 2013/05/23, 09:34:03.837, 2418571653977, QTAgent32.exe, Playback - [WARNING] Internal warning: Smart Match failed
\0
W, 5176, 19, 2013/05/23, 09:34:04.016, 2418574216322, QTAgent32.exe, Playback - [WARNING] Internal warning: Smart Match failed
\0
W, 5176, 19, 2013/05/23, 09:34:04.193, 2418576747111, QTAgent32.exe, Playback - [WARNING] Internal warning: Smart Match failed
\0
W, 5176, 19, 2013/05/23, 09:34:04.370, 2418579279927, QTAgent32.exe, Playback - [WARNING] Internal warning: Smart Match failed
\0
W, 5176, 19, 2013/05/23, 09:34:04.543, 2418581756152, QTAgent32.exe, Playback - [WARNING] Internal warning: Smart Match failed
\0
W, 5176, 19, 2013/05/23, 09:34:04.714, 2418584211324, QTAgent32.exe, Playback - [WARNING] Internal warning: Smart Match failed
\0
W, 5176, 19, 2013/05/23, 09:34:04.886, 2418586665433, QTAgent32.exe, Playback - [WARNING] Internal warning: Smart Match failed
\0
W, 5176, 19, 2013/05/23, 09:34:05.057, 2418589123728, QTAgent32.exe, Playback - [WARNING] Internal warning: Smart Match failed
\0
W, 5176, 19, 2013/05/23, 09:34:05.124, 2418590082139, QTAgent32.exe, Playback - [WARNING] Internal warning: Window Not Found: [VisibleOnly]ControlType='Window' &amp;&amp; Name='Warning' &amp;&amp; ClassName='#32770'
\0
E, 5176, 19, 2013/05/23, 09:34:05.124, 2418590083886, QTAgent32.exe, &lt;a class=failure&gt;Playback - {16} [FAILED] Function ElementFetcher::FindScreenElement failed to locate UI element (Searching: ;[VisibleOnly]ControlType='Window' &amp;&amp; Name='Warning' &amp;&amp; ClassName='#32770') (The object specified was not found.)
\0&lt;/a&gt;
E, 5176, 19, 2013/05/23, 09:34:05.169, 2418590722046, QTAgent32.exe, Playback - [IMAGE] C:\Users\testuser\AppData\Local\Temp\UITestLogs\LastRun\RPF79A2.png
\0
W, 5176, 19, 2013/05/23, 09:34:05.169, 2418590724092, QTAgent32.exe, Playback - [WARNING] Internal warning: Couldn't find descendants that match QueryId
\0
W, 5176, 19, 2013/05/23, 09:34:05.169, 2418590726656, QTAgent32.exe, PERF WARNING: FindTopLevelWindowHelper::FindAllDescendents: took 3166 ms. Expected it to take maximum 500 ms.
E, 5176, 19, 2013/05/23, 09:34:05.169, 2418590728252, QTAgent32.exe, Exception: System.Runtime.InteropServices.COMException
	Message: Error HRESULT E_FAIL has been returned from a call to a COM component.
	Stack Trace:    at Microsoft.VisualStudio.TestTools.UITest.Playback.Engine.IRPFPlayback.FindAllScreenElements(IScreenElement pScreenElementStart, String bstrQueryId, Object&amp; pvarResKeys, Int32 cResKeys, Int32 nMaxDepth, Object[]&amp; foundDescendants)
   at Microsoft.VisualStudio.TestTools.UITest.Playback.ScreenElement.FindTopLevelWindowHelper(String queryId)
	BaseExceptionMessage: Error HRESULT E_FAIL has been returned from a call to a COM component.

E, 5176, 19, 2013/05/23, 09:34:05.286, 2418592403745, QTAgent32.exe, AL: Playback Error: Microsoft.VisualStudio.TestTools.UITest.Extension.UITestControlNotFoundException: The playback failed to find the control with the given search properties. Additional Details: 
TechnologyName:  'MSAA'
ControlType:  'Window'
Name:  'Warning'
ClassName:  '#32770'
 ---&gt; System.Runtime.InteropServices.COMException: Error HRESULT E_FAIL has been returned from a call to a COM component.
   at Microsoft.VisualStudio.TestTools.UITest.Playback.Engine.IRPFPlayback.FindAllScreenElements(IScreenElement pScreenElementStart, String bstrQueryId, Object&amp; pvarResKeys, Int32 cResKeys, Int32 nMaxDepth, Object[]&amp; foundDescendants)
   at Microsoft.VisualStudio.TestTools.UITest.Playback.ScreenElement.FindTopLevelWindowHelper(String queryId)
   at Microsoft.VisualStudio.TestTools.UITest.Playback.ScreenElement.FindFromPartialQueryId(String queryId)
   at Microsoft.VisualStudio.TestTools.UITesting.UITestControl..ctor(String queryId)
   --- End of inner exception stack trace ---
   at Microsoft.VisualStudio.TestTools.UITesting.Playback.MapControlNotFoundException(COMException ex, IPlaybackContext context)
   at Microsoft.VisualStudio.TestTools.UITesting.Playback.MapAndThrowComException(COMException innerException, IPlaybackContext context)
   at Microsoft.VisualStudio.TestTools.UITesting.Playback.MapAndThrowException(SystemException exception, IPlaybackContext context)
   at Microsoft.VisualStudio.TestTools.UITesting.Playback.MapAndThrowException(SystemException exception, String queryId)
   at Microsoft.VisualStudio.TestTools.UITesting.UITestControl..ctor(String queryId)
   at Microsoft.VisualStudio.TestTools.UITesting.SearchHelper.SearchTopLevelWindow(ISearchArgument topLevelSearchArg, String topLevelElementQueryId)
   at Microsoft.VisualStudio.TestTools.UITesting.SearchHelper.GetTitleUpdatedTopLevelWindow(ISearchArgument topLevelSearchArg, String queryId, IList`1 windowTitles)
   at Microsoft.VisualStudio.TestTools.UITesting.SearchHelper.GetTopLevelElement(Boolean useCache, Boolean useCacheOnly, ISearchArgument searchArg, IList`1 windowTitles, Int32&amp; timeLeft)
   at Microsoft.VisualStudio.TestTools.UITesting.SearchHelper.GetElement(Boolean useCache, ISearchArgument searchArg)
   at Microsoft.VisualStudio.TestTools.UITesting.SearchHelper.Search(ISearchArgument searchArg)
   at Microsoft.VisualStudio.TestTools.UITesting.UITestControl.FindInternal()
   at Microsoft.VisualStudio.TestTools.UITesting.UITestControl.FindControlIfNecessary()
   at Microsoft.VisualStudio.TestTools.UITesting.UITestControl.Click(MouseButtons button, ModifierKeys modifierKeys, Point relativeCoordinates)
   at Microsoft.VisualStudio.TestTools.UITesting.Mouse.ClickImplementation(UITestControl control, MouseButtons button, ModifierKeys modifierKeys, Point relativeCoordinate)
   at Microsoft.VisualStudio.TestTools.UITesting.Mouse.ClickImplementationWrapper(UITestControl control, MouseButtons button, ModifierKeys modifierKeys, Point relativeCoordinate)
W, 5176, 19, 2013/05/23, 09:34:05.287, 2418592405605, QTAgent32.exe, PlaybackErrorHandler: Ignoring exception as ContinueOnError is set.
W, 5176, 19, 2013/05/23, 09:34:05.318, 2418592857274, QTAgent32.exe, &lt;a class=success&gt;Playback - {17} [SUCCESS] TypeString "#(R)"
\0&lt;/a&gt;
E, 5176, 19, 2013/05/23, 09:34:05.818, 2418600009026, QTAgent32.exe, Exception: System.ArgumentException
	Message: Value does not fall within the expected range.
	Stack Trace:    at Accessibility.IAccessible.get_accRole(Object varChild)
   at Microsoft.VisualStudio.TestTools.UITest.Extension.Msaa.AccWrapper.get_RoleInt()
	BaseExceptionMessage: Value does not fall within the expected range.

E, 5176, 19, 2013/05/23, 09:34:05.819, 2418600036453, QTAgent32.exe, Exception: System.ArgumentException
	Message: Value does not fall within the expected range.
	Stack Trace:    at Accessibility.IAccessible.get_accRole(Object varChild)
   at Microsoft.VisualStudio.TestTools.UITest.Extension.Msaa.AccWrapper.get_RoleInt()
	BaseExceptionMessage: Value does not fall within the expected range.

W, 5176, 19, 2013/05/23, 09:34:06.065, 2418603544048, QTAgent32.exe, &lt;a class=success&gt;Playback - {18} [SUCCESS] LeftButtonClick  &lt; Mouse cursor location (87, 908) &gt;
\0&lt;/a&gt;
W, 5176, 19, 2013/05/23, 09:34:06.921, 2418615802657, QTAgent32.exe, &lt;a class=success&gt;Playback - {19} [SUCCESS] SetValueAsEditBox "c:\TestProject7\ourhighway.reg"  &lt; Set via SendKeys &gt;
\0&lt;/a&gt;
W, 5176, 19, 2013/05/23, 09:34:06.921, 2418615804541, QTAgent32.exe, &lt;a class=success&gt;Playback - {20} [SUCCESS] SetValueAsComboBox "c:\TestProject7\ourhighway.reg" - "[MSAA, VisibleOnly]ControlType='ComboBox' &amp;&amp; Name='Open:'"  &lt; Set via SetValueAsEditBox &gt;
\0&lt;/a&gt;
W, 5176, 19, 2013/05/23, 09:34:07.149, 2418619075677, QTAgent32.exe, &lt;a class=success&gt;Playback - {21} [SUCCESS] MouseButtonClick - "[MSAA, VisibleOnly]ControlType='Button' &amp;&amp; Name='OK'"
\0&lt;/a&gt;
W, 5176, 19, 2013/05/23, 09:34:07.839, 2418628952864, QTAgent32.exe, &lt;a class=success&gt;Playback - {22} [SUCCESS] MouseButtonClick - "[MSAA, VisibleOnly]ControlType='Button' &amp;&amp; Name='Yes'"
\0&lt;/a&gt;
W, 5176, 19, 2013/05/23, 09:34:10.127, 2418661701263, QTAgent32.exe, &lt;a class=success&gt;Playback - {23} [SUCCESS] MouseButtonClick - "[MSAA, VisibleOnly]ControlType='Button' &amp;&amp; Name='OK'"
\0&lt;/a&gt;
W, 5176, 19, 2013/05/23, 09:34:10.384, 2418665385850, QTAgent32.exe, &lt;a class=success&gt;Playback - {24} [SUCCESS] MouseButtonClick - "[MSAA, VisibleOnly]ControlType='Button' &amp;&amp; Name='Clients &amp; Files'"
\0&lt;/a&gt;
W, 5176, 19, 2013/05/23, 09:34:11.165, 2418676565041, QTAgent32.exe, PERF WARNING: FindTopLevelWindowHelper::FindAllDescendents: took 628 ms. Expected it to take maximum 500 ms.
W, 5176, 19, 2013/05/23, 09:34:11.409, 2418680068981, QTAgent32.exe, Playback - [WARNING] Internal warning: Incorrect flag set for InvokeProgrammaticAction\0
W, 5176, 19, 2013/05/23, 09:34:11.533, 2418681835433, QTAgent32.exe, &lt;a class=success&gt;Playback - {25} [SUCCESS] SetValueAsComboBox "Customers" - "[MSAA, VisibleOnly]ControlType='ComboBox'"  &lt; SetValueAsComboBox, set by clicking on the item in the list box &gt;
\0&lt;/a&gt;
W, 5176, 19, 2013/05/23, 09:34:11.903, 2418687138649, QTAgent32.exe, Msaa.MsaaElement() took more time. Total time taken 262 ms for element 328560_0_[MSAA]Name='Add' &amp;&amp; ControlType='Button'
W, 5176, 19, 2013/05/23, 09:34:12.165, 2418690894422, QTAgent32.exe, &lt;a class=success&gt;Playback - {26} [SUCCESS] MouseButtonClick - "[MSAA, VisibleOnly]ControlType='Button' &amp;&amp; Name='Add'"
\0&lt;/a&gt;
W, 5176, 19, 2013/05/23, 09:34:12.460, 2418695111134, QTAgent32.exe, &lt;a class=success&gt;Playback - {27} [SUCCESS] SendKeys "autotest" - "[MSAA, VisibleOnly]ControlType='RadioButton' &amp;&amp; Name='Personal Lines'"
\0&lt;/a&gt;
W, 5176, 19, 2013/05/23, 09:34:12.803, 2418700024990, QTAgent32.exe, &lt;a class=success&gt;Playback - {28} [SUCCESS] SetValueAsEditBox "autotest" - "[MSAA, VisibleOnly]ControlType='Edit'"  &lt; Set via SendKeys &gt;
\0&lt;/a&gt;
W, 5176, 19, 2013/05/23, 09:34:13.198, 2418705684000, QTAgent32.exe, &lt;a class=success&gt;Playback - {29} [SUCCESS] MouseButtonClick - "[MSAA, VisibleOnly]ControlType='Button' &amp;&amp; Name='OK'"
\0&lt;/a&gt;
W, 5176, 19, 2013/05/23, 09:34:13.608, 2418711554075, QTAgent32.exe, &lt;a class=success&gt;Playback - {30} [SUCCESS] MouseButtonClick - "[MSAA, VisibleOnly]ControlType='Button' &amp;&amp; Name='Yes'"
\0&lt;/a&gt;
W, 5176, 19, 2013/05/23, 09:34:13.786, 2418714098665, QTAgent32.exe, &lt;a class=success&gt;Playback - {31} [SUCCESS] SendKeys "^{HOME}" - "[MSAA, VisibleOnly]ControlType='Edit'"
\0&lt;/a&gt;
E, 5176, 19, 2013/05/23, 09:34:13.786, 2418714100745, QTAgent32.exe, Msaa.GetFocusedElement: could not find accessible object of foreground window
W, 5176, 19, 2013/05/23, 09:34:13.839, 2418714850950, QTAgent32.exe, &lt;a class=success&gt;Playback - {32} [SUCCESS] SendKeys "^+{END}" - "[MSAA, VisibleOnly]ControlType='Edit'"
\0&lt;/a&gt;
E, 5176, 19, 2013/05/23, 09:34:13.839, 2418714852886, QTAgent32.exe, Msaa.GetFocusedElement: could not find accessible object of foreground window
W, 5176, 19, 2013/05/23, 09:34:13.857, 2418715108959, QTAgent32.exe, &lt;a class=success&gt;Playback - {33} [SUCCESS] SendKeys "{DELETE}" - "[MSAA, VisibleOnly]ControlType='Edit'"
\0&lt;/a&gt;
W, 5176, 19, 2013/05/23, 09:34:13.906, 2418715819354, QTAgent32.exe, &lt;a class=success&gt;Playback - {34} [SUCCESS] SetValueAsEditBox "1" - "[MSAA, VisibleOnly]ControlType='Edit'"  &lt; Set via SendKeys &gt;
\0&lt;/a&gt;
W, 5176, 19, 2013/05/23, 09:34:14.089, 2418718437965, QTAgent32.exe, &lt;a class=success&gt;Playback - {35} [SUCCESS] SendKeys "^{HOME}" - "[MSAA, VisibleOnly]ControlType='Edit'"
\0&lt;/a&gt;
E, 5176, 19, 2013/05/23, 09:34:14.089, 2418718439934, QTAgent32.exe, Msaa.GetFocusedElement: could not find accessible object of foreground window
W, 5176, 19, 2013/05/23, 09:34:14.157, 2418719411490, QTAgent32.exe, &lt;a class=success&gt;Playback - {36} [SUCCESS] SendKeys "^+{END}" - "[MSAA, VisibleOnly]ControlType='Edit'"
\0&lt;/a&gt;
E, 5176, 19, 2013/05/23, 09:34:14.157, 2418719413031, QTAgent32.exe, Msaa.GetFocusedElement: could not find accessible object of foreground window
W, 5176, 19, 2013/05/23, 09:34:14.169, 2418719583721, QTAgent32.exe, &lt;a class=success&gt;Playback - {37} [SUCCESS] SendKeys "{DELETE}" - "[MSAA, VisibleOnly]ControlType='Edit'"
\0&lt;/a&gt;
W, 5176, 19, 2013/05/23, 09:34:14.223, 2418720351723, QTAgent32.exe, &lt;a class=success&gt;Playback - {38} [SUCCESS] SetValueAsEditBox "1" - "[MSAA, VisibleOnly]ControlType='Edit'"  &lt; Set via SendKeys &gt;
\0&lt;/a&gt;
W, 5176, 19, 2013/05/23, 09:34:15.845, 2418743574756, QTAgent32.exe, Playback - [WARNING] Internal warning: Target element "[MSAA, VisibleOnly]ControlType='Button' &amp;&amp; Name='OK'" was not found, so all intermediate elements were ignored. An incorrect element that matches target element Id can be found as the result.  Verify that all intermediate elements in QueryId have valid and unique Ids
\0
W, 5176, 19, 2013/05/23, 09:34:16.367, 2418751052619, QTAgent32.exe, PERF WARNING: FindAllDescendents: took 2027 ms. Expected it to take maximum 500 ms.
W, 5176, 19, 2013/05/23, 09:34:16.669, 2418755379009, QTAgent32.exe, &lt;a class=success&gt;Playback - {39} [SUCCESS] MouseButtonClick - "[MSAA, VisibleOnly]ControlType='Button' &amp;&amp; Name='OK'"
\0&lt;/a&gt;
W, 5176, 19, 2013/05/23, 09:34:17.026, 2418760486810, QTAgent32.exe, &lt;a class=success&gt;Playback - {40} [SUCCESS] MouseButtonClick - "[MSAA, VisibleOnly]ControlType='Button'"
\0&lt;/a&gt;
W, 5176, 19, 2013/05/23, 09:34:17.341, 2418765002375, QTAgent32.exe, &lt;a class=success&gt;Playback - {41} [SUCCESS] MouseButtonClick - "[MSAA, VisibleOnly]ControlType='Button' &amp;&amp; Name='Add'"
\0&lt;/a&gt;
W, 5176, 19, 2013/05/23, 09:34:17.673, 2418769760290, QTAgent32.exe, &lt;a class=success&gt;Playback - {42} [SUCCESS] MouseButtonClick - "[MSAA, VisibleOnly]ControlType='Button' &amp;&amp; Name='OK'"
\0&lt;/a&gt;
W, 5176, 19, 2013/05/23, 09:34:19.911, 2418801801614, QTAgent32.exe, &lt;a class=success&gt;Playback - {43} [SUCCESS] MouseButtonClick - "[MSAA, VisibleOnly,Window]ControlType='Window' &amp;&amp; ClassName='ThunderRT6TextBox'"
\0&lt;/a&gt;
W, 5176, 19, 2013/05/23, 09:34:20.194, 2418805856732, QTAgent32.exe, &lt;a class=success&gt;Playback - {44} [SUCCESS] SetValueAsEditBox "MOTO" - "[MSAA, VisibleOnly]ControlType='Edit'"  &lt; Set via SendKeys &gt;
\0&lt;/a&gt;
W, 5176, 19, 2013/05/23, 09:34:20.519, 2418810503748, QTAgent32.exe, &lt;a class=success&gt;Playback - {45} [SUCCESS] MouseButtonClick - "[MSAA, VisibleOnly]ControlType='Button' &amp;&amp; Name='OK'"
\0&lt;/a&gt;
W, 5176, 19, 2013/05/23, 09:34:20.753, 2418813860027, QTAgent32.exe, &lt;a class=success&gt;Playback - {46} [SUCCESS] MouseButtonClick - "[MSAA, VisibleOnly]ControlType='Button' &amp;&amp; Name='Options'"
\0&lt;/a&gt;
W, 5176, 19, 2013/05/23, 09:34:20.853, 2418815294595, QTAgent32.exe, FindScreenElementInSinglePass : Attempting to find control in one pass of search. Failures can occur.
W, 5176, 19, 2013/05/23, 09:34:21.004, 2418817453255, QTAgent32.exe, &lt;a class=success&gt;Playback - {47} [SUCCESS] MouseButtonClick - "[MSAA]ControlType='MenuItem' &amp;&amp; Name='Links'"
\0&lt;/a&gt;
W, 5176, 19, 2013/05/23, 09:34:21.104, 2418818889172, QTAgent32.exe, FindScreenElementInSinglePass : Attempting to find control in one pass of search. Failures can occur.
W, 5176, 19, 2013/05/23, 09:34:21.260, 2418821112962, QTAgent32.exe, &lt;a class=success&gt;Playback - {48} [SUCCESS] MouseButtonClick - "[MSAA]ControlType='MenuItem' &amp;&amp; Name='3rd Party Integration'"
\0&lt;/a&gt;
W, 5176, 19, 2013/05/23, 09:34:21.360, 2418822548032, QTAgent32.exe, FindScreenElementInSinglePass : Attempting to find control in one pass of search. Failures can occur.
W, 5176, 19, 2013/05/23, 09:34:21.514, 2418824750691, QTAgent32.exe, &lt;a class=success&gt;Playback - {49} [SUCCESS] MouseButtonClick - "[MSAA]ControlType='MenuItem' &amp;&amp; Name='Quote Select List'"
\0&lt;/a&gt;
W, 5176, 19, 2013/05/23, 09:34:22.841, 2418843743351, QTAgent32.exe, PERF WARNING: FindTopLevelWindowHelper::FindAllDescendents: took 1224 ms. Expected it to take maximum 500 ms.
W, 5176, 19, 2013/05/23, 09:34:23.265, 2418849824788, QTAgent32.exe, &lt;a class=success&gt;Playback - {50} [SUCCESS] MouseButtonClick - "[MSAA, VisibleOnly]ControlType='Button' &amp;&amp; Name='Ok'"
\0&lt;/a&gt;
W, 5176, 19, 2013/05/23, 09:34:24.743, 2418870989960, QTAgent32.exe, PERF WARNING: FindTopLevelWindowHelper::FindAllDescendents: took 1378 ms. Expected it to take maximum 500 ms.
W, 5176, 19, 2013/05/23, 09:34:24.956, 2418874039576, QTAgent32.exe, &lt;a class=success&gt;Playback - {51} [SUCCESS] MouseButtonClick - "[MSAA, VisibleOnly]ControlType='Button' &amp;&amp; Name='Ok'"
\0&lt;/a&gt;
W, 5176, 19, 2013/05/23, 09:34:25.219, 2418877806959, QTAgent32.exe, &lt;a class=success&gt;Playback - {52} [SUCCESS] SetValueAsEditBox "test" - "[MSAA, VisibleOnly]ControlType='Edit'"  &lt; Set via SendKeys &gt;
\0&lt;/a&gt;
W, 5176, 19, 2013/05/23, 09:34:25.492, 2418881709605, QTAgent32.exe, &lt;a class=success&gt;Playback - {53} [SUCCESS] SetValueAsEditBox "test" - "[MSAA, VisibleOnly]ControlType='Edit'"  &lt; Set via SendKeys &gt;
\0&lt;/a&gt;
W, 5176, 19, 2013/05/23, 09:34:25.810, 2418886256368, QTAgent32.exe, &lt;a class=success&gt;Playback - {54} [SUCCESS] SetValueAsEditBox "160486" - "[MSAA, VisibleOnly]ControlType='Edit'"  &lt; Set via SendKeys &gt;
\0&lt;/a&gt;
W, 5176, 19, 2013/05/23, 09:34:26.109, 2418890537793, QTAgent32.exe, &lt;a class=success&gt;Playback - {55} [SUCCESS] SetValueAsEditBox "BN16BN" - "[MSAA, VisibleOnly]ControlType='Edit'"  &lt; Set via SendKeys &gt;
\0&lt;/a&gt;
W, 5176, 19, 2013/05/23, 09:34:28.346, 2418922569339, QTAgent32.exe, &lt;a class=success&gt;Playback - {56} [SUCCESS] MouseButtonClick - "[MSAA, VisibleOnly]ControlType='Button' &amp;&amp; Name='Lookup...'"
\0&lt;/a&gt;
W, 5176, 19, 2013/05/23, 09:34:28.579, 2418925904808, QTAgent32.exe, &lt;a class=success&gt;Playback - {57} [SUCCESS] MouseButtonClick - "[MSAA, VisibleOnly]ControlType='Button' &amp;&amp; Name='Ok'"
\0&lt;/a&gt;
W, 5176, 19, 2013/05/23, 09:34:30.041, 2418946833628, QTAgent32.exe, &lt;a class=success&gt;Playback - {58} [SUCCESS] MouseButtonClick - "[MSAA, VisibleOnly]ControlType='Button' &amp;&amp; Name='OK'"
\0&lt;/a&gt;
W, 5176, 19, 2013/05/23, 09:34:30.788, 2418957535288, QTAgent32.exe, Playback - [WARNING] Internal warning: Incorrect flag set for InvokeProgrammaticAction\0
W, 5176, 19, 2013/05/23, 09:34:30.906, 2418959223792, QTAgent32.exe, &lt;a class=success&gt;Playback - {59} [SUCCESS] SetValueAsComboBox "Account Executive" - "[MSAA, VisibleOnly]ControlType='ComboBox'"  &lt; SetValueAsComboBox, set by clicking on the item in the list box &gt;
\0&lt;/a&gt;
W, 5176, 19, 2013/05/23, 09:34:31.258, 2418964268055, QTAgent32.exe, Playback - [WARNING] Internal warning: Incorrect flag set for InvokeProgrammaticAction\0
W, 5176, 19, 2013/05/23, 09:34:31.676, 2418970246997, QTAgent32.exe, &lt;a class=success&gt;Playback - {60} [SUCCESS] SetValueAsComboBox "Aerial Manufacturer" - "[MSAA, VisibleOnly]ControlType='ComboBox'"  &lt; SetValueAsComboBox, set by clicking on the item in the list box &gt;
\0&lt;/a&gt;
W, 5176, 19, 2013/05/23, 09:34:32.039, 2418975448373, QTAgent32.exe, &lt;a class=success&gt;Playback - {61} [SUCCESS] SetValueAsEditBox "151208" - "[MSAA, VisibleOnly]ControlType='Edit'"  &lt; Set via SendKeys &gt;
\0&lt;/a&gt;
W, 5176, 19, 2013/05/23, 09:34:33.652, 2418998541443, QTAgent32.exe, &lt;a class=success&gt;Playback - {62} [SUCCESS] MouseButtonClick - "[MSAA, VisibleOnly]ControlType='Button' &amp;&amp; Name='OK'"
\0&lt;/a&gt;
E, 5176, 19, 2013/05/23, 09:34:33.760, 2419000087300, QTAgent32.exe, Exception: System.ArgumentException
	Message: Value does not fall within the expected range.
	Stack Trace:    at Accessibility.IAccessible.get_accRole(Object varChild)
   at Microsoft.VisualStudio.TestTools.UITest.Extension.Msaa.AccWrapper.get_RoleInt()
	BaseExceptionMessage: Value does not fall within the expected range.

E, 5176, 19, 2013/05/23, 09:34:33.762, 2419000115057, QTAgent32.exe, Exception: System.ArgumentException
	Message: Value does not fall within the expected range.
	Stack Trace:    at Accessibility.IAccessible.get_accRole(Object varChild)
   at Microsoft.VisualStudio.TestTools.UITest.Extension.Msaa.AccWrapper.get_RoleInt()
	BaseExceptionMessage: Value does not fall within the expected range.

W, 5176, 19, 2013/05/23, 09:34:33.948, 2419002777917, QTAgent32.exe, &lt;a class=success&gt;Playback - {63} [SUCCESS] LeftButtonClick  &lt; Mouse cursor location (680, 395) &gt;
\0&lt;/a&gt;
W, 5176, 19, 2013/05/23, 09:34:34.185, 2419006171288, QTAgent32.exe, &lt;a class=success&gt;Playback - {64} [SUCCESS] SetValueAsEditBox "FORD"  &lt; Set via SendKeys &gt;
\0&lt;/a&gt;
W, 5176, 19, 2013/05/23, 09:34:34.185, 2419006172756, QTAgent32.exe, &lt;a class=success&gt;Playback - {65} [SUCCESS] SetValueAsComboBox "FORD" - "[MSAA, VisibleOnly]ControlType='ComboBox'"  &lt; Set via SetValueAsEditBox &gt;
\0&lt;/a&gt;
E, 5176, 19, 2013/05/23, 09:34:34.291, 2419007691203, QTAgent32.exe, Exception: System.ArgumentException
	Message: Value does not fall within the expected range.
	Stack Trace:    at Accessibility.IAccessible.get_accRole(Object varChild)
   at Microsoft.VisualStudio.TestTools.UITest.Extension.Msaa.AccWrapper.get_RoleInt()
	BaseExceptionMessage: Value does not fall within the expected range.

E, 5176, 19, 2013/05/23, 09:34:34.308, 2419007929909, QTAgent32.exe, Exception: System.ArgumentException
	Message: Value does not fall within the expected range.
	Stack Trace:    at Accessibility.IAccessible.get_accRole(Object varChild)
   at Microsoft.VisualStudio.TestTools.UITest.Extension.Msaa.AccWrapper.get_RoleInt()
	BaseExceptionMessage: Value does not fall within the expected range.

W, 5176, 19, 2013/05/23, 09:34:34.958, 2419017248551, QTAgent32.exe, &lt;a class=success&gt;Playback - {66} [SUCCESS] LeftButtonClick  &lt; Mouse cursor location (1040, 395) &gt;
\0&lt;/a&gt;
W, 5176, 19, 2013/05/23, 09:34:35.151, 2419020009817, QTAgent32.exe, &lt;a class=success&gt;Playback - {67} [SUCCESS] SetValueAsEditBox "KA"  &lt; Set via SendKeys &gt;
\0&lt;/a&gt;
W, 5176, 19, 2013/05/23, 09:34:35.151, 2419020011472, QTAgent32.exe, &lt;a class=success&gt;Playback - {68} [SUCCESS] SetValueAsComboBox "KA" - "[MSAA, VisibleOnly]ControlType='ComboBox'"  &lt; Set via SetValueAsEditBox &gt;
\0&lt;/a&gt;
W, 5176, 19, 2013/05/23, 09:34:35.677, 2419027534190, QTAgent32.exe, &lt;a class=success&gt;Playback - {69} [SUCCESS] MouseButtonClick - "[MSAA, VisibleOnly]ControlType='Button' &amp;&amp; Name='Filter'"
\0&lt;/a&gt;
W, 5176, 19, 2013/05/23, 09:34:35.976, 2419031827740, QTAgent32.exe, &lt;a class=success&gt;Playback - {70} [SUCCESS] MouseButtonClick - "[MSAA, VisibleOnly]ControlType='Button' &amp;&amp; Name='OK'"
\0&lt;/a&gt;
W, 5176, 19, 2013/05/23, 09:34:36.482, 2419039069657, QTAgent32.exe, &lt;a class=success&gt;Playback - {71} [SUCCESS] SendKeys "^{HOME}" - "[MSAA, VisibleOnly]ControlType='Edit'"
\0&lt;/a&gt;
E, 5176, 19, 2013/05/23, 09:34:36.482, 2419039071618, QTAgent32.exe, Msaa.GetFocusedElement: could not find accessible object of foreground window
W, 5176, 19, 2013/05/23, 09:34:36.543, 2419039935618, QTAgent32.exe, &lt;a class=success&gt;Playback - {72} [SUCCESS] SendKeys "^+{END}" - "[MSAA, VisibleOnly]ControlType='Edit'"
\0&lt;/a&gt;
E, 5176, 19, 2013/05/23, 09:34:36.543, 2419039937164, QTAgent32.exe, Msaa.GetFocusedElement: could not find accessible object of foreground window
W, 5176, 19, 2013/05/23, 09:34:36.557, 2419040136937, QTAgent32.exe, &lt;a class=success&gt;Playback - {73} [SUCCESS] SendKeys "{DELETE}" - "[MSAA, VisibleOnly]ControlType='Edit'"
\0&lt;/a&gt;
W, 5176, 19, 2013/05/23, 09:34:36.740, 2419042766958, QTAgent32.exe, &lt;a class=success&gt;Playback - {74} [SUCCESS] SetValueAsEditBox "123434" - "[MSAA, VisibleOnly]ControlType='Edit'"  &lt; Set via SendKeys &gt;
\0&lt;/a&gt;
W, 5176, 19, 2013/05/23, 09:34:36.965, 2419045979126, QTAgent32.exe, &lt;a class=success&gt;Playback - {75} [SUCCESS] SendKeys "^{HOME}" - "[MSAA, VisibleOnly]ControlType='Edit'"
\0&lt;/a&gt;
E, 5176, 19, 2013/05/23, 09:34:36.965, 2419045981066, QTAgent32.exe, Msaa.GetFocusedElement: could not find accessible object of foreground window
W, 5176, 19, 2013/05/23, 09:34:37.027, 2419046867073, QTAgent32.exe, &lt;a class=success&gt;Playback - {76} [SUCCESS] SendKeys "^+{END}" - "[MSAA, VisibleOnly]ControlType='Edit'"
\0&lt;/a&gt;
E, 5176, 19, 2013/05/23, 09:34:37.027, 2419046869367, QTAgent32.exe, Msaa.GetFocusedElement: could not find accessible object of foreground window
W, 5176, 19, 2013/05/23, 09:34:37.039, 2419047045878, QTAgent32.exe, &lt;a class=success&gt;Playback - {77} [SUCCESS] SendKeys "{DELETE}" - "[MSAA, VisibleOnly]ControlType='Edit'"
\0&lt;/a&gt;
W, 5176, 19, 2013/05/23, 09:34:37.183, 2419049103261, QTAgent32.exe, &lt;a class=success&gt;Playback - {78} [SUCCESS] SetValueAsEditBox "1000" - "[MSAA, VisibleOnly]ControlType='Edit'"  &lt; Set via SendKeys &gt;
\0&lt;/a&gt;
W, 5176, 19, 2013/05/23, 09:34:37.399, 2419052187057, QTAgent32.exe, &lt;a class=success&gt;Playback - {79} [SUCCESS] SendKeys "^{HOME}" - "[MSAA, VisibleOnly]ControlType='Edit'"
\0&lt;/a&gt;
E, 5176, 19, 2013/05/23, 09:34:37.399, 2419052189293, QTAgent32.exe, Msaa.GetFocusedElement: could not find accessible object of foreground window
W, 5176, 19, 2013/05/23, 09:34:37.463, 2419053110575, QTAgent32.exe, &lt;a class=success&gt;Playback - {80} [SUCCESS] SendKeys "^+{END}" - "[MSAA, VisibleOnly]ControlType='Edit'"
\0&lt;/a&gt;
E, 5176, 19, 2013/05/23, 09:34:37.463, 2419053112986, QTAgent32.exe, Msaa.GetFocusedElement: could not find accessible object of foreground window
W, 5176, 19, 2013/05/23, 09:34:37.476, 2419053290354, QTAgent32.exe, &lt;a class=success&gt;Playback - {81} [SUCCESS] SendKeys "{DELETE}" - "[MSAA, VisibleOnly]ControlType='Edit'"
\0&lt;/a&gt;
W, 5176, 19, 2013/05/23, 09:34:37.693, 2419056400027, QTAgent32.exe, &lt;a class=success&gt;Playback - {82} [SUCCESS] SetValueAsEditBox "30/05/13" - "[MSAA, VisibleOnly]ControlType='Edit'"  &lt; Set via SendKeys &gt;
\0&lt;/a&gt;
W, 5176, 19, 2013/05/23, 09:34:38.033, 2419061275087, QTAgent32.exe, &lt;a class=success&gt;Playback - {83} [SUCCESS] MouseButtonClick - "[MSAA, VisibleOnly]ControlType='Button' &amp;&amp; Name='Calculate Quote'"
\0&lt;/a&gt;
W, 5176, 19, 2013/05/23, 09:34:38.276, 2419064746900, QTAgent32.exe, &lt;a class=success&gt;Playback - {84} [SUCCESS] MouseButtonClick - "[MSAA, VisibleOnly]ControlType='Button' &amp;&amp; Name='Cancel'"
\0&lt;/a&gt;
W, 5176, 19, 2013/05/23, 09:34:38.531, 2419068398120, QTAgent32.exe, &lt;a class=success&gt;Playback - {85} [SUCCESS] MouseButtonClick - "[MSAA, VisibleOnly]ControlType='Button' &amp;&amp; Name='No'"
\0&lt;/a&gt;
W, 5176, 19, 2013/05/23, 09:34:38.805, 2419072321894, QTAgent32.exe, &lt;a class=success&gt;Playback - {86} [SUCCESS] MouseButtonClick - "[MSAA, VisibleOnly]ControlType='Button' &amp;&amp; Name='Ok'"
\0&lt;/a&gt;
W, 5176, 19, 2013/05/23, 09:34:41.589, 2419112188912, QTAgent32.exe, PERF WARNING: FindTopLevelWindowHelper::FindAllDescendents: took 2684 ms. Expected it to take maximum 500 ms.
W, 5176, 19, 2013/05/23, 09:34:41.714, 2419113978336, QTAgent32.exe, &lt;a class=success&gt;Playback - {87} [SUCCESS] MouseButtonClick - "[MSAA, VisibleOnly]ControlType='Client'"
\0&lt;/a&gt;
W, 5176, 19, 2013/05/23, 09:34:43.252, 2419136006169, QTAgent32.exe, &lt;a class=success&gt;Playback - {88} [SUCCESS] SendKeys "{Home}" - "[MSAA, VisibleOnly]ControlType='Client'"
\0&lt;/a&gt;
W, 5176, 19, 2013/05/23, 09:34:46.511, 2419182666215, QTAgent32.exe, &lt;a class=success&gt;Playback - {89} [SUCCESS] MouseButtonClick - "[MSAA, VisibleOnly]ControlType='Button' &amp;&amp; Name='Accept'"
\0&lt;/a&gt;
W, 5176, 19, 2013/05/23, 09:34:46.932, 2419188696527, QTAgent32.exe, &lt;a class=success&gt;Playback - {90} [SUCCESS] MouseButtonClick - "[MSAA, VisibleOnly]ControlType='Button' &amp;&amp; Name='Yes'"
\0&lt;/a&gt;
W, 5176, 19, 2013/05/23, 09:34:47.231, 2419192969066, QTAgent32.exe, &lt;a class=success&gt;Playback - {91} [SUCCESS] MouseButtonClick - "[MSAA, VisibleOnly]ControlType='Button' &amp;&amp; Name='Ok'"
\0&lt;/a&gt;
W, 5176, 19, 2013/05/23, 09:34:47.475, 2419196462100, QTAgent32.exe, &lt;a class=success&gt;Playback - {92} [SUCCESS] MouseButtonClick - "[MSAA, VisibleOnly]ControlType='Button' &amp;&amp; Name='Ok'"
\0&lt;/a&gt;
W, 5176, 19, 2013/05/23, 09:34:47.876, 2419202211781, QTAgent32.exe, &lt;a class=success&gt;Playback - {93} [SUCCESS] MouseButtonClick - "[MSAA, VisibleOnly]ControlType='Button' &amp;&amp; Name='Confirm'"
\0&lt;/a&gt;
W, 5176, 19, 2013/05/23, 09:35:15.987, 2419604702111, QTAgent32.exe, Playback - [WARNING] Internal warning: Window Not Found: [VisibleOnly]ControlType='Window' &amp;&amp; Name='Save the file as' &amp;&amp; ClassName='#32770'
\0
E, 5176, 19, 2013/05/23, 09:35:15.987, 2419604704546, QTAgent32.exe, &lt;a class=failure&gt;Playback - {94} [FAILED] Function ElementFetcher::FindScreenElement failed to locate UI element (Searching: ;[VisibleOnly]ControlType='Window' &amp;&amp; Name='Save the file as' &amp;&amp; ClassName='#32770') (The object specified was not found.)
\0&lt;/a&gt;
E, 5176, 19, 2013/05/23, 09:35:16.041, 2419605481832, QTAgent32.exe, Playback - [IMAGE] C:\Users\testuser\AppData\Local\Temp\UITestLogs\LastRun\RPF8E6A.png
\0
W, 5176, 19, 2013/05/23, 09:35:16.041, 2419605483408, QTAgent32.exe, Playback - [WARNING] Internal warning: Couldn't find descendants that match QueryId
\0
W, 5176, 19, 2013/05/23, 09:35:16.041, 2419605486158, QTAgent32.exe, PERF WARNING: FindTopLevelWindowHelper::FindAllDescendents: took 28062 ms. Expected it to take maximum 500 ms.
W, 5176, 19, 2013/05/23, 09:35:35.353, 2419881995376, QTAgent32.exe, Playback - [WARNING] Internal warning: Window Not Found: [VisibleOnly]ControlType='Window' &amp;&amp; Name='Save the file as' &amp;&amp; ClassName='#32770'
\0
E, 5176, 19, 2013/05/23, 09:35:35.353, 2419881997875, QTAgent32.exe, &lt;a class=failure&gt;Playback - {95} [FAILED] Function ElementFetcher::FindScreenElement failed to locate UI element (Searching: ;[VisibleOnly]ControlType='Window' &amp;&amp; Name='Save the file as' &amp;&amp; ClassName='#32770') (The object specified was not found.)
\0&lt;/a&gt;
E, 5176, 19, 2013/05/23, 09:35:35.397, 2419882622325, QTAgent32.exe, Playback - [IMAGE] C:\Users\testuser\AppData\Local\Temp\UITestLogs\LastRun\RPFDA1B.png
\0
W, 5176, 19, 2013/05/23, 09:35:35.397, 2419882624287, QTAgent32.exe, Playback - [WARNING] Internal warning: Couldn't find descendants that match QueryId
\0
W, 5176, 19, 2013/05/23, 09:35:35.397, 2419882627057, QTAgent32.exe, PERF WARNING: FindTopLevelWindowHelper::FindAllDescendents: took 19355 ms. Expected it to take maximum 500 ms.
W, 5176, 19, 2013/05/23, 09:35:38.305, 2419924262025, QTAgent32.exe, Playback - [WARNING] Internal warning: Smart Match failed
\0
W, 5176, 19, 2013/05/23, 09:35:39.523, 2419941701926, QTAgent32.exe, Playback - [WARNING] Internal warning: Window Not Found: [VisibleOnly]ControlType='Window' &amp;&amp; Name='Save the file as' &amp;&amp; ClassName='#32770'
\0
E, 5176, 19, 2013/05/23, 09:35:39.523, 2419941704301, QTAgent32.exe, &lt;a class=failure&gt;Playback - {96} [FAILED] Function ElementFetcher::FindScreenElement failed to locate UI element (Searching: ;[VisibleOnly]ControlType='Window' &amp;&amp; Name='Save the file as' &amp;&amp; ClassName='#32770') (The object specified was not found.)
\0&lt;/a&gt;
E, 5176, 19, 2013/05/23, 09:35:39.567, 2419942326912, QTAgent32.exe, Playback - [IMAGE] C:\Users\testuser\AppData\Local\Temp\UITestLogs\LastRun\RPFEA61.png
\0
W, 5176, 19, 2013/05/23, 09:35:39.567, 2419942328584, QTAgent32.exe, Playback - [WARNING] Internal warning: Couldn't find descendants that match QueryId
\0
W, 5176, 19, 2013/05/23, 09:35:39.567, 2419942331405, QTAgent32.exe, PERF WARNING: FindTopLevelWindowHelper::FindAllDescendents: took 4169 ms. Expected it to take maximum 500 ms.
E, 5176, 19, 2013/05/23, 09:35:39.567, 2419942333046, QTAgent32.exe, Exception: System.Runtime.InteropServices.COMException
	Message: Error HRESULT E_FAIL has been returned from a call to a COM component.
	Stack Trace:    at Microsoft.VisualStudio.TestTools.UITest.Playback.Engine.IRPFPlayback.FindAllScreenElements(IScreenElement pScreenElementStart, String bstrQueryId, Object&amp; pvarResKeys, Int32 cResKeys, Int32 nMaxDepth, Object[]&amp; foundDescendants)
   at Microsoft.VisualStudio.TestTools.UITest.Playback.ScreenElement.FindTopLevelWindowHelper(String queryId)
	BaseExceptionMessage: Error HRESULT E_FAIL has been returned from a call to a COM component.

E, 5176, 19, 2013/05/23, 09:35:39.668, 2419943775911, QTAgent32.exe, AL: Playback Error: Microsoft.VisualStudio.TestTools.UITest.Extension.UITestControlNotFoundException: The playback failed to find the control with the given search properties. Additional Details: 
TechnologyName:  'MSAA'
ControlType:  'Window'
Name:  'Save the file as'
ClassName:  '#32770'
 ---&gt; System.Runtime.InteropServices.COMException: Error HRESULT E_FAIL has been returned from a call to a COM component.
   at Microsoft.VisualStudio.TestTools.UITest.Playback.Engine.IRPFPlayback.FindAllScreenElements(IScreenElement pScreenElementStart, String bstrQueryId, Object&amp; pvarResKeys, Int32 cResKeys, Int32 nMaxDepth, Object[]&amp; foundDescendants)
   at Microsoft.VisualStudio.TestTools.UITest.Playback.ScreenElement.FindTopLevelWindowHelper(String queryId)
   at Microsoft.VisualStudio.TestTools.UITest.Playback.ScreenElement.FindFromPartialQueryId(String queryId)
   at Microsoft.VisualStudio.TestTools.UITesting.UITestControl..ctor(String queryId)
   --- End of inner exception stack trace ---
   at Microsoft.VisualStudio.TestTools.UITesting.Playback.MapControlNotFoundException(COMException ex, IPlaybackContext context)
   at Microsoft.VisualStudio.TestTools.UITesting.Playback.MapAndThrowComException(COMException innerException, IPlaybackContext context)
   at Microsoft.VisualStudio.TestTools.UITesting.Playback.MapAndThrowException(SystemException exception, IPlaybackContext context)
   at Microsoft.VisualStudio.TestTools.UITesting.Playback.MapAndThrowException(SystemException exception, String queryId)
   at Microsoft.VisualStudio.TestTools.UITesting.UITestControl..ctor(String queryId)
   at Microsoft.VisualStudio.TestTools.UITesting.SearchHelper.SearchTopLevelWindow(ISearchArgument topLevelSearchArg, String topLevelElementQueryId)
   at Microsoft.VisualStudio.TestTools.UITesting.SearchHelper.GetTitleUpdatedTopLevelWindow(ISearchArgument topLevelSearchArg, String queryId, IList`1 windowTitles)
   at Microsoft.VisualStudio.TestTools.UITesting.SearchHelper.GetTopLevelElement(Boolean useCache, Boolean useCacheOnly, ISearchArgument searchArg, IList`1 windowTitles, Int32&amp; timeLeft)
   at Microsoft.VisualStudio.TestTools.UITesting.SearchHelper.GetElement(Boolean useCache, ISearchArgument searchArg)
   at Microsoft.VisualStudio.TestTools.UITesting.SearchHelper.Search(ISearchArgument searchArg)
   at Microsoft.VisualStudio.TestTools.UITesting.UITestControl.FindInternal()
   at Microsoft.VisualStudio.TestTools.UITesting.UITestControl.FindControlIfNecessary()
   at Microsoft.VisualStudio.TestTools.UITesting.UITestControl.Click(MouseButtons button, ModifierKeys modifierKeys, Point relativeCoordinates)
   at Microsoft.VisualStudio.TestTools.UITesting.Mouse.ClickImplementation(UITestControl control, MouseButtons button, ModifierKeys modifierKeys, Point relativeCoordinate)
   at Microsoft.VisualStudio.TestTools.UITesting.Mouse.ClickImplementationWrapper(UITestControl control, MouseButtons button, ModifierKeys modifierKeys, Point relativeCoordinate)
W, 5176, 19, 2013/05/23, 09:35:39.668, 2419943778244, QTAgent32.exe, PlaybackErrorHandler: Ignoring exception as ContinueOnError is set.
W, 5176, 19, 2013/05/23, 09:35:39.801, 2419945680397, QTAgent32.exe, &lt;a class=success&gt;Playback - {97} [SUCCESS] Check - "[MSAA, VisibleOnly]ControlType='CheckBox' &amp;&amp; Name='Defer Printing?'"
\0&lt;/a&gt;
W, 5176, 19, 2013/05/23, 09:35:40.323, 2419953162991, QTAgent32.exe, &lt;a class=success&gt;Playback - {98} [SUCCESS] MouseButtonClick - "[MSAA, VisibleOnly]ControlType='Button' &amp;&amp; Name='Ok'"
\0&lt;/a&gt;
W, 5176, 19, 2013/05/23, 09:35:42.166, 2419979536143, QTAgent32.exe, PERF WARNING: FindTopLevelWindowHelper::FindAllDescendents: took 1741 ms. Expected it to take maximum 500 ms.
W, 5176, 19, 2013/05/23, 09:35:42.303, 2419981495453, QTAgent32.exe, &lt;a class=success&gt;Playback - {99} [SUCCESS] Uncheck - "[MSAA, VisibleOnly]ControlType='CheckBox' &amp;&amp; Name='Add Activity'"
\0&lt;/a&gt;
W, 5176, 19, 2013/05/23, 09:35:44.753, 2420016572725, QTAgent32.exe, &lt;a class=success&gt;Playback - {100} [SUCCESS] MouseButtonClick - "[MSAA, VisibleOnly]ControlType='Button' &amp;&amp; Name='Ok'"
\0&lt;/a&gt;
W, 5176, 19, 2013/05/23, 09:35:44.991, 2420019980903, QTAgent32.exe, &lt;a class=success&gt;Playback - {101} [SUCCESS] MouseButtonClick - "[MSAA, VisibleOnly]ControlType='Button' &amp;&amp; Name='Ok'"
\0&lt;/a&gt;
W, 5176, 19, 2013/05/23, 09:35:48.852, 2420075266084, QTAgent32.exe, PERF WARNING: FindTopLevelWindowHelper::FindAllDescendents: took 3754 ms. Expected it to take maximum 500 ms.
W, 5176, 19, 2013/05/23, 09:35:51.010, 2420106173828, QTAgent32.exe, &lt;a class=success&gt;Playback - {102} [SUCCESS] MouseButtonClick - "[MSAA, VisibleOnly]ControlType='Button' &amp;&amp; Name='OK'"
\0&lt;/a&gt;
W, 5176, 19, 2013/05/23, 09:35:51.313, 2420110510930, QTAgent32.exe, &lt;a class=success&gt;Playback - {103} [SUCCESS] MouseButtonClick - "[MSAA, VisibleOnly]ControlType='Button' &amp;&amp; Name='Cancel'"
\0&lt;/a&gt;
W, 5176, 19, 2013/05/23, 09:35:51.662, 2420115510703, QTAgent32.exe, &lt;a class=success&gt;Playback - {104} [SUCCESS] MouseButtonClick - "[MSAA, VisibleOnly]ControlType='Button'"
\0&lt;/a&gt;
W, 5176, 19, 2013/05/23, 09:35:52.115, 2420121989560, QTAgent32.exe, &lt;a class=success&gt;Playback - {105} [SUCCESS] MouseButtonClick - "[MSAA, VisibleOnly]ControlType='Button' &amp;&amp; Name='Detail'"
\0&lt;/a&gt;
W, 5176, 19, 2013/05/23, 09:35:55.221, 2420166464415, QTAgent32.exe, Playback - [WARNING] Internal warning: Window Not Found: [VisibleOnly]ControlType='Window' &amp;&amp; Name='Connect to www.insur-econnect.com'
\0
E, 5176, 19, 2013/05/23, 09:35:55.221, 2420166466293, QTAgent32.exe, &lt;a class=failure&gt;Playback - {106} [FAILED] Function ElementFetcher::FindScreenElement failed to locate UI element (Searching: ;[VisibleOnly]ControlType='Window' &amp;&amp; Name='Connect to www.insur-econnect.com') (The object specified was not found.)
\0&lt;/a&gt;
E, 5176, 19, 2013/05/23, 09:35:55.263, 2420167073339, QTAgent32.exe, Playback - [IMAGE] C:\Users\testuser\AppData\Local\Temp\UITestLogs\LastRun\RPF27B0.png
\0
W, 5176, 19, 2013/05/23, 09:35:55.263, 2420167075137, QTAgent32.exe, Playback - [WARNING] Internal warning: Couldn't find descendants that match QueryId
\0
W, 5176, 19, 2013/05/23, 09:35:55.264, 2420167077620, QTAgent32.exe, PERF WARNING: FindTopLevelWindowHelper::FindAllDescendents: took 783 ms. Expected it to take maximum 500 ms.
W, 5176, 19, 2013/05/23, 09:36:13.411, 2420426911542, QTAgent32.exe, Playback - [WARNING] Internal warning: Window Not Found: [VisibleOnly]ControlType='Window' &amp;&amp; Name='Connect to www.insur-econnect.com'
\0
E, 5176, 19, 2013/05/23, 09:36:13.411, 2420426913419, QTAgent32.exe, &lt;a class=failure&gt;Playback - {107} [FAILED] Function ElementFetcher::FindScreenElement failed to locate UI element (Searching: ;[VisibleOnly]ControlType='Window' &amp;&amp; Name='Connect to www.insur-econnect.com') (The object specified was not found.)
\0&lt;/a&gt;
E, 5176, 19, 2013/05/23, 09:36:13.454, 2420427526645, QTAgent32.exe, Playback - [IMAGE] C:\Users\testuser\AppData\Local\Temp\UITestLogs\LastRun\RPF6EBE.png
\0
W, 5176, 19, 2013/05/23, 09:36:13.454, 2420427528375, QTAgent32.exe, Playback - [WARNING] Internal warning: Couldn't find descendants that match QueryId
\0
W, 5176, 19, 2013/05/23, 09:36:13.454, 2420427530841, QTAgent32.exe, PERF WARNING: FindTopLevelWindowHelper::FindAllDescendents: took 18190 ms. Expected it to take maximum 500 ms.
W, 5176, 19, 2013/05/23, 09:36:13.937, 2420434449046, QTAgent32.exe, Playback - [WARNING] Internal warning: Smart Match failed
\0
W, 5176, 19, 2013/05/23, 09:36:14.180, 2420437918320, QTAgent32.exe, Playback - [WARNING] Internal warning: Smart Match failed
\0
W, 5176, 19, 2013/05/23, 09:36:14.430, 2420441500969, QTAgent32.exe, Playback - [WARNING] Internal warning: Smart Match failed
\0
W, 5176, 19, 2013/05/23, 09:36:14.684, 2420445140130, QTAgent32.exe, Playback - [WARNING] Internal warning: Smart Match failed
\0
W, 5176, 19, 2013/05/23, 09:36:14.929, 2420448644655, QTAgent32.exe, Playback - [WARNING] Internal warning: Smart Match failed
\0
W, 5176, 19, 2013/05/23, 09:36:15.159, 2420451941701, QTAgent32.exe, Playback - [WARNING] Internal warning: Smart Match failed
\0
W, 5176, 19, 2013/05/23, 09:36:15.391, 2420455272008, QTAgent32.exe, Playback - [WARNING] Internal warning: Smart Match failed
\0
W, 5176, 19, 2013/05/23, 09:36:15.620, 2420458550749, QTAgent32.exe, Playback - [WARNING] Internal warning: Smart Match failed
\0
W, 5176, 19, 2013/05/23, 09:36:15.850, 2420461830566, QTAgent32.exe, Playback - [WARNING] Internal warning: Smart Match failed
\0
W, 5176, 19, 2013/05/23, 09:36:16.080, 2420465127070, QTAgent32.exe, Playback - [WARNING] Internal warning: Smart Match failed
\0
W, 5176, 19, 2013/05/23, 09:36:16.309, 2420468406846, QTAgent32.exe, Playback - [WARNING] Internal warning: Smart Match failed
\0
W, 5176, 19, 2013/05/23, 09:36:16.543, 2420471755563, QTAgent32.exe, Playback - [WARNING] Internal warning: Smart Match failed
\0
W, 5176, 19, 2013/05/23, 09:36:16.672, 2420473598508, QTAgent32.exe, Playback - [WARNING] Internal warning: Window Not Found: [VisibleOnly]ControlType='Window' &amp;&amp; Name='Connect to www.insur-econnect.com'
\0
E, 5176, 19, 2013/05/23, 09:36:16.672, 2420473600311, QTAgent32.exe, &lt;a class=failure&gt;Playback - {108} [FAILED] Function ElementFetcher::FindScreenElement failed to locate UI element (Searching: ;[VisibleOnly]ControlType='Window' &amp;&amp; Name='Connect to www.insur-econnect.com') (The object specified was not found.)
\0&lt;/a&gt;
E, 5176, 19, 2013/05/23, 09:36:16.715, 2420474216958, QTAgent32.exe, Playback - [IMAGE] C:\Users\testuser\AppData\Local\Temp\UITestLogs\LastRun\RPF7B7C.png
\0
W, 5176, 19, 2013/05/23, 09:36:16.715, 2420474218956, QTAgent32.exe, Playback - [WARNING] Internal warning: Couldn't find descendants that match QueryId
\0
W, 5176, 19, 2013/05/23, 09:36:16.715, 2420474221846, QTAgent32.exe, PERF WARNING: FindTopLevelWindowHelper::FindAllDescendents: took 3260 ms. Expected it to take maximum 500 ms.
E, 5176, 19, 2013/05/23, 09:36:16.715, 2420474223475, QTAgent32.exe, Exception: System.Runtime.InteropServices.COMException
	Message: Error HRESULT E_FAIL has been returned from a call to a COM component.
	Stack Trace:    at Microsoft.VisualStudio.TestTools.UITest.Playback.Engine.IRPFPlayback.FindAllScreenElements(IScreenElement pScreenElementStart, String bstrQueryId, Object&amp; pvarResKeys, Int32 cResKeys, Int32 nMaxDepth, Object[]&amp; foundDescendants)
   at Microsoft.VisualStudio.TestTools.UITest.Playback.ScreenElement.FindTopLevelWindowHelper(String queryId)
	BaseExceptionMessage: Error HRESULT E_FAIL has been returned from a call to a COM component.

W, 5176, 19, 2013/05/23, 09:36:17.420, 2420484316904, QTAgent32.exe, Playback - [WARNING] Internal warning: Window Not Found: [VisibleOnly]ControlType='Window' &amp;&amp; Name='Windows Security'
\0
E, 5176, 19, 2013/05/23, 09:36:17.420, 2420484318633, QTAgent32.exe, &lt;a class=failure&gt;Playback - {109} [FAILED] Function ElementFetcher::FindScreenElement failed to locate UI element (Searching: ;[VisibleOnly]ControlType='Window' &amp;&amp; Name='Windows Security') (The object specified was not found.)
\0&lt;/a&gt;
E, 5176, 19, 2013/05/23, 09:36:17.462, 2420484919520, QTAgent32.exe, Playback - [IMAGE] C:\Users\testuser\AppData\Local\Temp\UITestLogs\LastRun\RPF7E6A.png
\0
W, 5176, 19, 2013/05/23, 09:36:17.462, 2420484921100, QTAgent32.exe, Playback - [WARNING] Internal warning: Couldn't find descendants that match QueryId
\0
W, 5176, 19, 2013/05/23, 09:36:17.463, 2420484923662, QTAgent32.exe, PERF WARNING: FindTopLevelWindowHelper::FindAllDescendents: took 746 ms. Expected it to take maximum 500 ms.
W, 5176, 19, 2013/05/23, 09:36:35.547, 2420743859414, QTAgent32.exe, Playback - [WARNING] Internal warning: Window Not Found: [VisibleOnly]ControlType='Window' &amp;&amp; Name='Windows Security'
\0
E, 5176, 19, 2013/05/23, 09:36:35.547, 2420743861377, QTAgent32.exe, &lt;a class=failure&gt;Playback - {110} [FAILED] Function ElementFetcher::FindScreenElement failed to locate UI element (Searching: ;[VisibleOnly]ControlType='Window' &amp;&amp; Name='Windows Security') (The object specified was not found.)
\0&lt;/a&gt;
E, 5176, 19, 2013/05/23, 09:36:35.592, 2420744495042, QTAgent32.exe, Playback - [IMAGE] C:\Users\testuser\AppData\Local\Temp\UITestLogs\LastRun\RPFC53A.png
\0
W, 5176, 19, 2013/05/23, 09:36:35.592, 2420744496652, QTAgent32.exe, Playback - [WARNING] Internal warning: Couldn't find descendants that match QueryId
\0
W, 5176, 19, 2013/05/23, 09:36:35.592, 2420744499217, QTAgent32.exe, PERF WARNING: FindTopLevelWindowHelper::FindAllDescendents: took 18128 ms. Expected it to take maximum 500 ms.
W, 5176, 19, 2013/05/23, 09:36:36.080, 2420751482833, QTAgent32.exe, Playback - [WARNING] Internal warning: Smart Match failed
\0
W, 5176, 19, 2013/05/23, 09:36:36.316, 2420754873023, QTAgent32.exe, Playback - [WARNING] Internal warning: Smart Match failed
\0
W, 5176, 19, 2013/05/23, 09:36:36.549, 2420758207938, QTAgent32.exe, Playback - [WARNING] Internal warning: Smart Match failed
\0
W, 5176, 19, 2013/05/23, 09:36:36.790, 2420761653227, QTAgent32.exe, Playback - [WARNING] Internal warning: Smart Match failed
\0
W, 5176, 19, 2013/05/23, 09:36:37.021, 2420764961496, QTAgent32.exe, Playback - [WARNING] Internal warning: Smart Match failed
\0
W, 5176, 19, 2013/05/23, 09:36:37.252, 2420768267816, QTAgent32.exe, Playback - [WARNING] Internal warning: Smart Match failed
\0
W, 5176, 19, 2013/05/23, 09:36:37.488, 2420771648019, QTAgent32.exe, Playback - [WARNING] Internal warning: Smart Match failed
\0
W, 5176, 19, 2013/05/23, 09:36:37.730, 2420775123368, QTAgent32.exe, Playback - [WARNING] Internal warning: Smart Match failed
\0
W, 5176, 19, 2013/05/23, 09:36:37.979, 2420778684624, QTAgent32.exe, Playback - [WARNING] Internal warning: Smart Match failed
\0
W, 5176, 19, 2013/05/23, 09:36:38.224, 2420782197346, QTAgent32.exe, Playback - [WARNING] Internal warning: Smart Match failed
\0
W, 5176, 19, 2013/05/23, 09:36:38.459, 2420785557588, QTAgent32.exe, Playback - [WARNING] Internal warning: Smart Match failed
\0
W, 5176, 19, 2013/05/23, 09:36:38.696, 2420788957077, QTAgent32.exe, Playback - [WARNING] Internal warning: Smart Match failed
\0
W, 5176, 19, 2013/05/23, 09:36:38.818, 2420790694634, QTAgent32.exe, Playback - [WARNING] Internal warning: Window Not Found: [VisibleOnly]ControlType='Window' &amp;&amp; Name='Windows Security'
\0
E, 5176, 19, 2013/05/23, 09:36:38.818, 2420790696449, QTAgent32.exe, &lt;a class=failure&gt;Playback - {111} [FAILED] Function ElementFetcher::FindScreenElement failed to locate UI element (Searching: ;[VisibleOnly]ControlType='Window' &amp;&amp; Name='Windows Security') (The object specified was not found.)
\0&lt;/a&gt;
E, 5176, 19, 2013/05/23, 09:36:38.861, 2420791316912, QTAgent32.exe, Playback - [IMAGE] C:\Users\testuser\AppData\Local\Temp\UITestLogs\LastRun\RPFD207.png
\0
W, 5176, 19, 2013/05/23, 09:36:38.861, 2420791318514, QTAgent32.exe, Playback - [WARNING] Internal warning: Couldn't find descendants that match QueryId
\0
W, 5176, 19, 2013/05/23, 09:36:38.862, 2420791321140, QTAgent32.exe, PERF WARNING: FindTopLevelWindowHelper::FindAllDescendents: took 3269 ms. Expected it to take maximum 500 ms.
E, 5176, 19, 2013/05/23, 09:36:38.862, 2420791322783, QTAgent32.exe, Exception: System.Runtime.InteropServices.COMException
	Message: Error HRESULT E_FAIL has been returned from a call to a COM component.
	Stack Trace:    at Microsoft.VisualStudio.TestTools.UITest.Playback.Engine.IRPFPlayback.FindAllScreenElements(IScreenElement pScreenElementStart, String bstrQueryId, Object&amp; pvarResKeys, Int32 cResKeys, Int32 nMaxDepth, Object[]&amp; foundDescendants)
   at Microsoft.VisualStudio.TestTools.UITest.Playback.ScreenElement.FindTopLevelWindowHelper(String queryId)
	BaseExceptionMessage: Error HRESULT E_FAIL has been returned from a call to a COM component.

E, 5176, 19, 2013/05/23, 09:36:38.962, 2420792764997, QTAgent32.exe, AL: Playback Error: Microsoft.VisualStudio.TestTools.UITest.Extension.UITestControlNotFoundException: The playback failed to find the control with the given search properties. Additional Details: 
TechnologyName:  'MSAA'
ControlType:  'Window'
Name:  'Windows Security'
 ---&gt; System.Runtime.InteropServices.COMException: Error HRESULT E_FAIL has been returned from a call to a COM component.
   at Microsoft.VisualStudio.TestTools.UITest.Playback.Engine.IRPFPlayback.FindAllScreenElements(IScreenElement pScreenElementStart, String bstrQueryId, Object&amp; pvarResKeys, Int32 cResKeys, Int32 nMaxDepth, Object[]&amp; foundDescendants)
   at Microsoft.VisualStudio.TestTools.UITest.Playback.ScreenElement.FindTopLevelWindowHelper(String queryId)
   at Microsoft.VisualStudio.TestTools.UITest.Playback.ScreenElement.FindFromPartialQueryId(String queryId)
   at Microsoft.VisualStudio.TestTools.UITesting.UITestControl..ctor(String queryId)
   --- End of inner exception stack trace ---
   at Microsoft.VisualStudio.TestTools.UITesting.Playback.MapControlNotFoundException(COMException ex, IPlaybackContext context)
   at Microsoft.VisualStudio.TestTools.UITesting.Playback.MapAndThrowComException(COMException innerException, IPlaybackContext context)
   at Microsoft.VisualStudio.TestTools.UITesting.Playback.MapAndThrowException(SystemException exception, IPlaybackContext context)
   at Microsoft.VisualStudio.TestTools.UITesting.Playback.MapAndThrowException(SystemException exception, String queryId)
   at Microsoft.VisualStudio.TestTools.UITesting.UITestControl..ctor(String queryId)
   at Microsoft.VisualStudio.TestTools.UITesting.SearchHelper.SearchTopLevelWindow(ISearchArgument topLevelSearchArg, String topLevelElementQueryId)
   at Microsoft.VisualStudio.TestTools.UITesting.SearchHelper.GetTitleUpdatedTopLevelWindow(ISearchArgument topLevelSearchArg, String queryId, IList`1 windowTitles)
   at Microsoft.VisualStudio.TestTools.UITesting.SearchHelper.GetTopLevelElement(Boolean useCache, Boolean useCacheOnly, ISearchArgument searchArg, IList`1 windowTitles, Int32&amp; timeLeft)
   at Microsoft.VisualStudio.TestTools.UITesting.SearchHelper.GetElement(Boolean useCache, ISearchArgument searchArg)
   at Microsoft.VisualStudio.TestTools.UITesting.SearchHelper.Search(ISearchArgument searchArg)
   at Microsoft.VisualStudio.TestTools.UITesting.UITestControl.FindInternal()
   at Microsoft.VisualStudio.TestTools.UITesting.UITestControl.FindControlIfNecessary()
   at Microsoft.VisualStudio.TestTools.UITesting.UITestControl.SendKeys(String text, ModifierKeys modifierKeys, Boolean isEncoded, Boolean isUnicode)
   at Microsoft.VisualStudio.TestTools.UITesting.Keyboard.SendKeysImplementation(UITestControl control, String text, ModifierKeys modifierKeys, Boolean isEncoded, Boolean isUnicode)
   at Microsoft.VisualStudio.TestTools.UITesting.Keyboard.SendKeysImplementationWrapper(UITestControl control, String text, ModifierKeys modifierKeys, Boolean isEncoded, Boolean isUnicode)
W, 5176, 19, 2013/05/23, 09:36:38.963, 2420792766983, QTAgent32.exe, PlaybackErrorHandler: Ignoring exception as ContinueOnError is set.
W, 5176, 19, 2013/05/23, 09:36:39.646, 2420802548178, QTAgent32.exe, Playback - [WARNING] Internal warning: Window Not Found: [VisibleOnly]ControlType='Window' &amp;&amp; Name='Windows Security'
\0
E, 5176, 19, 2013/05/23, 09:36:39.646, 2420802550009, QTAgent32.exe, &lt;a class=failure&gt;Playback - {112} [FAILED] Function ElementFetcher::FindScreenElement failed to locate UI element (Searching: ;[VisibleOnly]ControlType='Window' &amp;&amp; Name='Windows Security') (The object specified was not found.)
\0&lt;/a&gt;
E, 5176, 19, 2013/05/23, 09:36:39.691, 2420803184594, QTAgent32.exe, Playback - [IMAGE] C:\Users\testuser\AppData\Local\Temp\UITestLogs\LastRun\RPFD543.png
\0
W, 5176, 19, 2013/05/23, 09:36:39.691, 2420803186181, QTAgent32.exe, Playback - [WARNING] Internal warning: Couldn't find descendants that match QueryId
\0
W, 5176, 19, 2013/05/23, 09:36:39.691, 2420803188567, QTAgent32.exe, PERF WARNING: FindTopLevelWindowHelper::FindAllDescendents: took 727 ms. Expected it to take maximum 500 ms.
W, 5176, 19, 2013/05/23, 09:36:57.809, 2421062605809, QTAgent32.exe, Playback - [WARNING] Internal warning: Window Not Found: [VisibleOnly]ControlType='Window' &amp;&amp; Name='Windows Security'
\0
E, 5176, 19, 2013/05/23, 09:36:57.809, 2421062607625, QTAgent32.exe, &lt;a class=failure&gt;Playback - {113} [FAILED] Function ElementFetcher::FindScreenElement failed to locate UI element (Searching: ;[VisibleOnly]ControlType='Window' &amp;&amp; Name='Windows Security') (The object specified was not found.)
\0&lt;/a&gt;
E, 5176, 19, 2013/05/23, 09:36:57.852, 2421063224006, QTAgent32.exe, Playback - [IMAGE] C:\Users\testuser\AppData\Local\Temp\UITestLogs\LastRun\RPF1C32.png
\0
W, 5176, 19, 2013/05/23, 09:36:57.852, 2421063225581, QTAgent32.exe, Playback - [WARNING] Internal warning: Couldn't find descendants that match QueryId
\0
W, 5176, 19, 2013/05/23, 09:36:57.852, 2421063228229, QTAgent32.exe, PERF WARNING: FindTopLevelWindowHelper::FindAllDescendents: took 18161 ms. Expected it to take maximum 500 ms.
W, 5176, 19, 2013/05/23, 09:36:58.336, 2421070151803, QTAgent32.exe, Playback - [WARNING] Internal warning: Smart Match failed
\0
W, 5176, 19, 2013/05/23, 09:36:58.575, 2421073581869, QTAgent32.exe, Playback - [WARNING] Internal warning: Smart Match failed
\0
W, 5176, 19, 2013/05/23, 09:36:58.822, 2421077119772, QTAgent32.exe, Playback - [WARNING] Internal warning: Smart Match failed
\0
W, 5176, 19, 2013/05/23, 09:36:59.070, 2421080670666, QTAgent32.exe, Playback - [WARNING] Internal warning: Smart Match failed
\0
W, 5176, 19, 2013/05/23, 09:36:59.309, 2421084078404, QTAgent32.exe, Playback - [WARNING] Internal warning: Smart Match failed
\0
W, 5176, 19, 2013/05/23, 09:36:59.547, 2421087487388, QTAgent32.exe, Playback - [WARNING] Internal warning: Smart Match failed
\0
W, 5176, 19, 2013/05/23, 09:36:59.789, 2421090954981, QTAgent32.exe, Playback - [WARNING] Internal warning: Smart Match failed
\0
W, 5176, 19, 2013/05/23, 09:37:00.021, 2421094283605, QTAgent32.exe, Playback - [WARNING] Internal warning: Smart Match failed
\0
W, 5176, 19, 2013/05/23, 09:37:00.253, 2421097606825, QTAgent32.exe, Playback - [WARNING] Internal warning: Smart Match failed
\0
W, 5176, 19, 2013/05/23, 09:37:00.493, 2421101041163, QTAgent32.exe, Playback - [WARNING] Internal warning: Smart Match failed
\0
W, 5176, 19, 2013/05/23, 09:37:00.735, 2421104509898, QTAgent32.exe, Playback - [WARNING] Internal warning: Smart Match failed
\0
W, 5176, 19, 2013/05/23, 09:37:00.868, 2421106402869, QTAgent32.exe, Playback - [WARNING] Internal warning: Window Not Found: [VisibleOnly]ControlType='Window' &amp;&amp; Name='Windows Security'
\0
E, 5176, 19, 2013/05/23, 09:37:00.868, 2421106404723, QTAgent32.exe, &lt;a class=failure&gt;Playback - {114} [FAILED] Function ElementFetcher::FindScreenElement failed to locate UI element (Searching: ;[VisibleOnly]ControlType='Window' &amp;&amp; Name='Windows Security') (The object specified was not found.)
\0&lt;/a&gt;
E, 5176, 19, 2013/05/23, 09:37:00.913, 2421107048164, QTAgent32.exe, Playback - [IMAGE] C:\Users\testuser\AppData\Local\Temp\UITestLogs\LastRun\RPF2825.png
\0
W, 5176, 19, 2013/05/23, 09:37:00.913, 2421107049817, QTAgent32.exe, Playback - [WARNING] Internal warning: Couldn't find descendants that match QueryId
\0
W, 5176, 19, 2013/05/23, 09:37:00.913, 2421107052276, QTAgent32.exe, PERF WARNING: FindTopLevelWindowHelper::FindAllDescendents: took 3060 ms. Expected it to take maximum 500 ms.
E, 5176, 19, 2013/05/23, 09:37:00.913, 2421107053891, QTAgent32.exe, Exception: System.Runtime.InteropServices.COMException
	Message: Error HRESULT E_FAIL has been returned from a call to a COM component.
	Stack Trace:    at Microsoft.VisualStudio.TestTools.UITest.Playback.Engine.IRPFPlayback.FindAllScreenElements(IScreenElement pScreenElementStart, String bstrQueryId, Object&amp; pvarResKeys, Int32 cResKeys, Int32 nMaxDepth, Object[]&amp; foundDescendants)
   at Microsoft.VisualStudio.TestTools.UITest.Playback.ScreenElement.FindTopLevelWindowHelper(String queryId)
	BaseExceptionMessage: Error HRESULT E_FAIL has been returned from a call to a COM component.

E, 5176, 19, 2013/05/23, 09:37:01.013, 2421108490585, QTAgent32.exe, AL: Playback Error: Microsoft.VisualStudio.TestTools.UITest.Extension.UITestControlNotFoundException: The playback failed to find the control with the given search properties. Additional Details: 
TechnologyName:  'MSAA'
ControlType:  'Window'
Name:  'Windows Security'
 ---&gt; System.Runtime.InteropServices.COMException: Error HRESULT E_FAIL has been returned from a call to a COM component.
   at Microsoft.VisualStudio.TestTools.UITest.Playback.Engine.IRPFPlayback.FindAllScreenElements(IScreenElement pScreenElementStart, String bstrQueryId, Object&amp; pvarResKeys, Int32 cResKeys, Int32 nMaxDepth, Object[]&amp; foundDescendants)
   at Microsoft.VisualStudio.TestTools.UITest.Playback.ScreenElement.FindTopLevelWindowHelper(String queryId)
   at Microsoft.VisualStudio.TestTools.UITest.Playback.ScreenElement.FindFromPartialQueryId(String queryId)
   at Microsoft.VisualStudio.TestTools.UITesting.UITestControl..ctor(String queryId)
   --- End of inner exception stack trace ---
   at Microsoft.VisualStudio.TestTools.UITesting.Playback.MapControlNotFoundException(COMException ex, IPlaybackContext context)
   at Microsoft.VisualStudio.TestTools.UITesting.Playback.MapAndThrowComException(COMException innerException, IPlaybackContext context)
   at Microsoft.VisualStudio.TestTools.UITesting.Playback.MapAndThrowException(SystemException exception, IPlaybackContext context)
   at Microsoft.VisualStudio.TestTools.UITesting.Playback.MapAndThrowException(SystemException exception, String queryId)
   at Microsoft.VisualStudio.TestTools.UITesting.UITestControl..ctor(String queryId)
   at Microsoft.VisualStudio.TestTools.UITesting.SearchHelper.SearchTopLevelWindow(ISearchArgument topLevelSearchArg, String topLevelElementQueryId)
   at Microsoft.VisualStudio.TestTools.UITesting.SearchHelper.GetTitleUpdatedTopLevelWindow(ISearchArgument topLevelSearchArg, String queryId, IList`1 windowTitles)
   at Microsoft.VisualStudio.TestTools.UITesting.SearchHelper.GetTopLevelElement(Boolean useCache, Boolean useCacheOnly, ISearchArgument searchArg, IList`1 windowTitles, Int32&amp; timeLeft)
   at Microsoft.VisualStudio.TestTools.UITesting.SearchHelper.GetElement(Boolean useCache, ISearchArgument searchArg)
   at Microsoft.VisualStudio.TestTools.UITesting.SearchHelper.Search(ISearchArgument searchArg)
   at Microsoft.VisualStudio.TestTools.UITesting.UITestControl.FindInternal()
   at Microsoft.VisualStudio.TestTools.UITesting.UITestControl.FindControlIfNecessary()
   at Microsoft.VisualStudio.TestTools.UITesting.UITestControl.Click(MouseButtons button, ModifierKeys modifierKeys, Point relativeCoordinates)
   at Microsoft.VisualStudio.TestTools.UITesting.Mouse.ClickImplementation(UITestControl control, MouseButtons button, ModifierKeys modifierKeys, Point relativeCoordinate)
   at Microsoft.VisualStudio.TestTools.UITesting.Mouse.ClickImplementationWrapper(UITestControl control, MouseButtons button, ModifierKeys modifierKeys, Point relativeCoordinate)
W, 5176, 19, 2013/05/23, 09:37:01.013, 2421108492184, QTAgent32.exe, PlaybackErrorHandler: Ignoring exception as ContinueOnError is set.
E, 5176, 19, 2013/05/23, 09:37:01.215, 2421111377888, QTAgent32.exe, IEDOM: GetIEWebControl() is unable to get the IE control
E, 5176, 19, 2013/05/23, 09:37:01.223, 2421111489064, QTAgent32.exe, IEDOM: GetIEWebControl() is unable to get the IE control
E, 5176, 19, 2013/05/23, 09:37:01.228, 2421111571636, QTAgent32.exe, IEDOM: GetIEWebControl() is unable to get the IE control
W, 5176, 19, 2013/05/23, 09:37:02.894, 2421135422762, QTAgent32.exe, &lt;a class=success&gt;Playback - {115} [SUCCESS] MouseButtonClick - "[Web]ControlType='Hyperlink' &amp;&amp; TagName='A' &amp;&amp; Id='' &amp;&amp; Name='' &amp;&amp; Target='' &amp;&amp; InnerText='Renewals Maintenance' &amp;&amp; FilterCondition(AbsolutePath='/sysmaint/content/leftbar.asp', Title='', Href='https://www.insur-econnect.com/sysmaint/content/leftbar.asp#', Class='', ControlDefinition='style="COLOR: white" href="#"', TagInstance='39')"
\0&lt;/a&gt;
W, 5176, 19, 2013/05/23, 09:37:03.183, 2421139552136, QTAgent32.exe, &lt;a class=success&gt;Playback - {116} [SUCCESS] MouseButtonClick - "[Web]ControlType='Hyperlink' &amp;&amp; TagName='A' &amp;&amp; Id='' &amp;&amp; Name='' &amp;&amp; Target='content' &amp;&amp; InnerText='Create a Motor Test Renewal Invitation' &amp;&amp; FilterCondition(AbsolutePath='/sysmaint/content/AddTestRenewalNotice.asp', Title='', Href='https://www.insur-econnect.com/sysmaint/content/AddTestRenewalNotice.asp', Class='itemlink', ControlDefinition='class=itemlink href="AddTestRenewalNotic', TagInstance='1')"
\0&lt;/a&gt;
E, 5176, 19, 2013/05/23, 09:37:04.955, 2421164932920, QTAgent32.exe, Exception: System.NotSupportedException
	Message: Internal Error: This method on IEWebControlElement should not get called.
	Stack Trace:    at Microsoft.VisualStudio.TestTools.UITest.Extension.IE.BrowserOptionElementNode.InvokeProgrammaticAction(ProgrammaticActionOption programmaticActionOption)
	BaseExceptionMessage: Internal Error: This method on IEWebControlElement should not get called.

W, 5176, 19, 2013/05/23, 09:37:05.130, 2421167432351, QTAgent32.exe, &lt;a class=success&gt;Playback - {117} [SUCCESS] SetValueAsComboBox "Highway Insurance" - "[Web]ControlType='ComboBox' &amp;&amp; TagName='SELECT' &amp;&amp; Id='InsurerID' &amp;&amp; Name='InsurerID' &amp;&amp; FilterCondition(Size='0', LabeledBy='', Title='', ItemCount='54', Class='', ControlDefinition='id=InsurerID onchange=selectInsurer() na', TagInstance='1')"  &lt; SetValueAsComboBox, set by clicking on the item in the list box &gt;
\0&lt;/a&gt;
W, 5176, 19, 2013/05/23, 09:37:05.578, 2421173845956, QTAgent32.exe, &lt;a class=success&gt;Playback - {118} [SUCCESS] SetValueAsEditBox "7071001641" - "[Web]ControlType='Edit' &amp;&amp; TagName='INPUT' &amp;&amp; Id='' &amp;&amp; Name='txtPolicyNumber' &amp;&amp; LabeledBy='' &amp;&amp; Type='SINGLELINE' &amp;&amp; FilterCondition(Title='', Class='', ControlDefinition='name=txtPolicyNumber align=left size=15', TagInstance='1')"  &lt; Set via SendKeys &gt;
\0&lt;/a&gt;
W, 5176, 19, 2013/05/23, 09:37:06.115, 2421181541406, QTAgent32.exe, &lt;a class=success&gt;Playback - {119} [SUCCESS] SetValueAsEditBox "30/5/2013" - "[Web]ControlType='Edit' &amp;&amp; TagName='INPUT' &amp;&amp; Id='' &amp;&amp; Name='txtAutoLapseDate' &amp;&amp; LabeledBy='' &amp;&amp; Type='SINGLELINE' &amp;&amp; FilterCondition(Title='', Class='', ControlDefinition='name=txtAutoLapseDate maxLength=10 value', TagInstance='8')"  &lt; Set via SendKeys &gt;
\0&lt;/a&gt;
W, 5176, 19, 2013/05/23, 09:37:06.593, 2421188391479, QTAgent32.exe, &lt;a class=success&gt;Playback - {120} [SUCCESS] MouseButtonClick - "[Web]ControlType='Button' &amp;&amp; TagName='INPUT' &amp;&amp; Id='buttonCreate' &amp;&amp; Name='buttonCreate' &amp;&amp; FilterCondition(DisplayText='  Create Record  ', Type='button', Title='Click to create the new record', Class='', ControlDefinition='id=buttonCreate title="Click to create t', TagInstance='10')"
\0&lt;/a&gt;
W, 5176, 19, 2013/05/23, 09:37:06.835, 2421191852776, QTAgent32.exe, &lt;a class=success&gt;Playback - {121} [SUCCESS] MouseButtonClick - "[MSAA, VisibleOnly]ControlType='Button' &amp;&amp; Name='OK'"
\0&lt;/a&gt;
W, 5176, 19, 2013/05/23, 09:37:13.045, 2421280757050, QTAgent32.exe, &lt;a class=success&gt;Playback - {122} [SUCCESS] TypeString "%({F4})"
\0&lt;/a&gt;
W, 5176, 19, 2013/05/23, 09:37:13.237, 2421283515299, QTAgent32.exe, &lt;a class=success&gt;Playback - {123} [SUCCESS] SendKeys "^{HOME}" - "[MSAA, VisibleOnly]ControlType='Edit'"
\0&lt;/a&gt;
E, 5176, 19, 2013/05/23, 09:37:13.237, 2421283516982, QTAgent32.exe, Msaa.GetFocusedElement: could not find accessible object of foreground window
W, 5176, 19, 2013/05/23, 09:37:13.297, 2421284374763, QTAgent32.exe, &lt;a class=success&gt;Playback - {124} [SUCCESS] SendKeys "^+{END}" - "[MSAA, VisibleOnly]ControlType='Edit'"
\0&lt;/a&gt;
E, 5176, 19, 2013/05/23, 09:37:13.297, 2421284376538, QTAgent32.exe, Msaa.GetFocusedElement: could not find accessible object of foreground window
W, 5176, 19, 2013/05/23, 09:37:13.310, 2421284553835, QTAgent32.exe, &lt;a class=success&gt;Playback - {125} [SUCCESS] SendKeys "{DELETE}" - "[MSAA, VisibleOnly]ControlType='Edit'"
\0&lt;/a&gt;
W, 5176, 19, 2013/05/23, 09:37:13.535, 2421287785433, QTAgent32.exe, &lt;a class=success&gt;Playback - {126} [SUCCESS] SetValueAsEditBox "30/05/2012" - "[MSAA, VisibleOnly]ControlType='Edit'"  &lt; Set via SendKeys &gt;
\0&lt;/a&gt;
W, 5176, 19, 2013/05/23, 09:37:13.873, 2421292618185, QTAgent32.exe, &lt;a class=success&gt;Playback - {127} [SUCCESS] MouseButtonClick - "[MSAA, VisibleOnly]ControlType='Button' &amp;&amp; Name='OK'"
\0&lt;/a&gt;
W, 5176, 19, 2013/05/23, 09:37:14.837, 2421306427828, QTAgent32.exe, &lt;a class=success&gt;Playback - {128} [SUCCESS] MouseButtonClick - "[MSAA, VisibleOnly]ControlType='Client'"
\0&lt;/a&gt;
W, 5176, 19, 2013/05/23, 09:37:15.186, 2421311409876, QTAgent32.exe, &lt;a class=success&gt;Playback - {129} [SUCCESS] MouseButtonClick - "[MSAA, VisibleOnly]ControlType='Client'"
\0&lt;/a&gt;
W, 5176, 19, 2013/05/23, 09:37:15.975, 2421322718552, QTAgent32.exe, &lt;a class=success&gt;Playback - {130} [SUCCESS] SetValueAsEditBox "AUTO134" - "[MSAA, VisibleOnly]ControlType='Edit'"  &lt; Set via SendKeys &gt;
\0&lt;/a&gt;
W, 5176, 19, 2013/05/23, 09:37:16.202, 2421325962998, QTAgent32.exe, &lt;a class=success&gt;Playback - {131} [SUCCESS] SetValueAsEditBox "-1001" - "[MSAA, VisibleOnly]ControlType='Edit'"  &lt; Set via SendKeys &gt;
\0&lt;/a&gt;
W, 5176, 19, 2013/05/23, 09:37:16.363, 2421328264466, QTAgent32.exe, &lt;a class=success&gt;Playback - {132} [SUCCESS] SendKeys "^{HOME}" - "[MSAA, VisibleOnly]ControlType='Edit'"
\0&lt;/a&gt;
E, 5176, 19, 2013/05/23, 09:37:16.363, 2421328266336, QTAgent32.exe, Msaa.GetFocusedElement: could not find accessible object of foreground window
W, 5176, 19, 2013/05/23, 09:37:16.415, 2421329010685, QTAgent32.exe, &lt;a class=success&gt;Playback - {133} [SUCCESS] SendKeys "^+{END}" - "[MSAA, VisibleOnly]ControlType='Edit'"
\0&lt;/a&gt;
E, 5176, 19, 2013/05/23, 09:37:16.415, 2421329012490, QTAgent32.exe, Msaa.GetFocusedElement: could not find accessible object of foreground window
W, 5176, 19, 2013/05/23, 09:37:16.427, 2421329188852, QTAgent32.exe, &lt;a class=success&gt;Playback - {134} [SUCCESS] SendKeys "{DELETE}" - "[MSAA, VisibleOnly]ControlType='Edit'"
\0&lt;/a&gt;
W, 5176, 19, 2013/05/23, 09:37:16.635, 2421332169417, QTAgent32.exe, &lt;a class=success&gt;Playback - {135} [SUCCESS] SetValueAsEditBox "30/05/2012" - "[MSAA, VisibleOnly]ControlType='Edit'"  &lt; Set via SendKeys &gt;
\0&lt;/a&gt;
W, 5176, 19, 2013/05/23, 09:37:17.104, 2421338874590, QTAgent32.exe, &lt;a class=success&gt;Playback - {136} [SUCCESS] MouseButtonClick - "[MSAA, VisibleOnly]ControlType='Button' &amp;&amp; Name='Regress'"
\0&lt;/a&gt;
W, 5176, 19, 2013/05/23, 09:37:19.353, 2421371073830, QTAgent32.exe, &lt;a class=success&gt;Playback - {137} [SUCCESS] MouseButtonClick - "[MSAA, VisibleOnly]ControlType='Button' &amp;&amp; Name='Exit'"
\0&lt;/a&gt;
W, 5176, 19, 2013/05/23, 09:37:19.631, 2421375064406, QTAgent32.exe, &lt;a class=success&gt;Playback - {138} [SUCCESS] MouseButtonClick - "[MSAA, VisibleOnly]ControlType='Button'"
\0&lt;/a&gt;
W, 5176, 19, 2013/05/23, 09:37:19.864, 2421378392185, QTAgent32.exe, &lt;a class=success&gt;Playback - {139} [SUCCESS] MouseButtonClick - "[MSAA, VisibleOnly]ControlType='Button' &amp;&amp; Name='Options'"
\0&lt;/a&gt;
W, 5176, 19, 2013/05/23, 09:37:19.964, 2421379826293, QTAgent32.exe, FindScreenElementInSinglePass : Attempting to find control in one pass of search. Failures can occur.
W, 5176, 19, 2013/05/23, 09:37:20.106, 2421381864932, QTAgent32.exe, &lt;a class=success&gt;Playback - {140} [SUCCESS] MouseButtonClick - "[MSAA]ControlType='MenuItem' &amp;&amp; Name='Links'"
\0&lt;/a&gt;
W, 5176, 19, 2013/05/23, 09:37:20.206, 2421383300049, QTAgent32.exe, FindScreenElementInSinglePass : Attempting to find control in one pass of search. Failures can occur.
W, 5176, 19, 2013/05/23, 09:37:20.358, 2421385473620, QTAgent32.exe, &lt;a class=success&gt;Playback - {141} [SUCCESS] MouseButtonClick - "[MSAA]ControlType='MenuItem' &amp;&amp; Name='3rd Party Integration'"
\0&lt;/a&gt;
W, 5176, 19, 2013/05/23, 09:37:20.458, 2421386908949, QTAgent32.exe, FindScreenElementInSinglePass : Attempting to find control in one pass of search. Failures can occur.
W, 5176, 19, 2013/05/23, 09:37:20.602, 2421388968999, QTAgent32.exe, &lt;a class=success&gt;Playback - {142} [SUCCESS] MouseButtonClick - "[MSAA]ControlType='MenuItem' &amp;&amp; Name='Renewals Loader'"
\0&lt;/a&gt;
W, 5176, 19, 2013/05/23, 09:37:20.834, 2421392292555, QTAgent32.exe, &lt;a class=success&gt;Playback - {143} [SUCCESS] MouseButtonClick - "[MSAA, VisibleOnly]ControlType='TitleBar'"
\0&lt;/a&gt;
W, 5176, 19, 2013/05/23, 09:37:21.029, 2421395075873, QTAgent32.exe, &lt;a class=success&gt;Playback - {144} [SUCCESS] SendKeys "^{HOME}" - "[MSAA, VisibleOnly]ControlType='Edit'"
\0&lt;/a&gt;
E, 5176, 19, 2013/05/23, 09:37:21.029, 2421395077875, QTAgent32.exe, Msaa.GetFocusedElement: could not find accessible object of foreground window
W, 5176, 19, 2013/05/23, 09:37:21.127, 2421396476883, QTAgent32.exe, &lt;a class=success&gt;Playback - {145} [SUCCESS] SendKeys "^+{END}" - "[MSAA, VisibleOnly]ControlType='Edit'"
\0&lt;/a&gt;
E, 5176, 19, 2013/05/23, 09:37:21.128, 2421396490925, QTAgent32.exe, Msaa.GetFocusedElement: could not find accessible object of foreground window
W, 5176, 19, 2013/05/23, 09:37:21.146, 2421396748335, QTAgent32.exe, &lt;a class=success&gt;Playback - {146} [SUCCESS] SendKeys "{DELETE}" - "[MSAA, VisibleOnly]ControlType='Edit'"
\0&lt;/a&gt;
W, 5176, 19, 2013/05/23, 09:37:21.367, 2421399914483, QTAgent32.exe, &lt;a class=success&gt;Playback - {147} [SUCCESS] SetValueAsEditBox "23/05/2013" - "[MSAA, VisibleOnly]ControlType='Edit'"  &lt; Set via SendKeys &gt;
\0&lt;/a&gt;
W, 5176, 19, 2013/05/23, 09:37:21.535, 2421402328210, QTAgent32.exe, &lt;a class=success&gt;Playback - {148} [SUCCESS] SendKeys "^{HOME}" - "[MSAA, VisibleOnly]ControlType='Edit'"
\0&lt;/a&gt;
E, 5176, 19, 2013/05/23, 09:37:21.535, 2421402330203, QTAgent32.exe, Msaa.GetFocusedElement: could not find accessible object of foreground window
W, 5176, 19, 2013/05/23, 09:37:21.593, 2421403152601, QTAgent32.exe, &lt;a class=success&gt;Playback - {149} [SUCCESS] SendKeys "^+{END}" - "[MSAA, VisibleOnly]ControlType='Edit'"
\0&lt;/a&gt;
E, 5176, 19, 2013/05/23, 09:37:21.593, 2421403154874, QTAgent32.exe, Msaa.GetFocusedElement: could not find accessible object of foreground window
W, 5176, 19, 2013/05/23, 09:37:21.607, 2421403353391, QTAgent32.exe, &lt;a class=success&gt;Playback - {150} [SUCCESS] SendKeys "{DELETE}" - "[MSAA, VisibleOnly]ControlType='Edit'"
\0&lt;/a&gt;
W, 5176, 19, 2013/05/23, 09:37:21.821, 2421406422492, QTAgent32.exe, &lt;a class=success&gt;Playback - {151} [SUCCESS] SetValueAsEditBox "06/06/2013" - "[MSAA, VisibleOnly]ControlType='Edit'"  &lt; Set via SendKeys &gt;
\0&lt;/a&gt;
W, 5176, 19, 2013/05/23, 09:37:22.226, 2421412219922, QTAgent32.exe, &lt;a class=success&gt;Playback - {152} [SUCCESS] MouseButtonClick - "[MSAA, VisibleOnly]ControlType='Button' &amp;&amp; Name='Run'"
\0&lt;/a&gt;
W, 5176, 19, 2013/05/23, 09:37:27.577, 2421488828549, QTAgent32.exe, Playback - [WARNING] Internal warning: Window Not Found: [VisibleOnly]Name='insurE-com System Maintenance' &amp;&amp; ClassName='IEFrame' &amp;&amp; ControlType='Window'
\0
E, 5176, 19, 2013/05/23, 09:37:27.577, 2421488830662, QTAgent32.exe, &lt;a class=failure&gt;Playback - {153} [FAILED] Function ElementFetcher::FindScreenElement failed to locate UI element (Searching: ;[VisibleOnly]Name='insurE-com System Maintenance' &amp;&amp; ClassName='IEFrame' &amp;&amp; ControlType='Window') (The object specified was not found.)
\0&lt;/a&gt;
E, 5176, 19, 2013/05/23, 09:37:27.621, 2421489459172, QTAgent32.exe, Playback - [IMAGE] C:\Users\testuser\AppData\Local\Temp\UITestLogs\LastRun\RPF9079.png
\0
W, 5176, 19, 2013/05/23, 09:37:27.621, 2421489460754, QTAgent32.exe, Playback - [WARNING] Internal warning: Couldn't find descendants that match QueryId
\0
W, 5176, 19, 2013/05/23, 09:37:45.713, 2421748516096, QTAgent32.exe, Playback - [WARNING] Internal warning: Window Not Found: [VisibleOnly]Name='insurE-com System Maintenance' &amp;&amp; ClassName='IEFrame' &amp;&amp; ControlType='Window'
\0
E, 5176, 19, 2013/05/23, 09:37:45.713, 2421748518227, QTAgent32.exe, &lt;a class=failure&gt;Playback - {154} [FAILED] Function ElementFetcher::FindScreenElement failed to locate UI element (Searching: ;[VisibleOnly]Name='insurE-com System Maintenance' &amp;&amp; ClassName='IEFrame' &amp;&amp; ControlType='Window') (The object specified was not found.)
\0&lt;/a&gt;
E, 5176, 19, 2013/05/23, 09:37:45.751, 2421749049915, QTAgent32.exe, Playback - [IMAGE] C:\Users\testuser\AppData\Local\Temp\UITestLogs\LastRun\RPFD759.png
\0
W, 5176, 19, 2013/05/23, 09:37:45.751, 2421749051432, QTAgent32.exe, Playback - [WARNING] Internal warning: Couldn't find descendants that match QueryId
\0
W, 5176, 19, 2013/05/23, 09:37:45.751, 2421749053710, QTAgent32.exe, PERF WARNING: FindTopLevelWindowHelper::FindAllDescendents: took 18129 ms. Expected it to take maximum 500 ms.
W, 5176, 19, 2013/05/23, 09:37:46.202, 2421755518795, QTAgent32.exe, Playback - [WARNING] Internal warning: Smart Match failed
\0
W, 5176, 19, 2013/05/23, 09:37:46.399, 2421758330548, QTAgent32.exe, Playback - [WARNING] Internal warning: Smart Match failed
\0
W, 5176, 19, 2013/05/23, 09:37:46.598, 2421761181495, QTAgent32.exe, Playback - [WARNING] Internal warning: Smart Match failed
\0
W, 5176, 19, 2013/05/23, 09:37:46.794, 2421763987839, QTAgent32.exe, Playback - [WARNING] Internal warning: Smart Match failed
\0
W, 5176, 19, 2013/05/23, 09:37:46.989, 2421766773589, QTAgent32.exe, Playback - [WARNING] Internal warning: Smart Match failed
\0
W, 5176, 19, 2013/05/23, 09:37:47.184, 2421769562734, QTAgent32.exe, Playback - [WARNING] Internal warning: Smart Match failed
\0
W, 5176, 19, 2013/05/23, 09:37:47.382, 2421772397596, QTAgent32.exe, Playback - [WARNING] Internal warning: Smart Match failed
\0
W, 5176, 19, 2013/05/23, 09:37:47.581, 2421775258418, QTAgent32.exe, Playback - [WARNING] Internal warning: Smart Match failed
\0
W, 5176, 19, 2013/05/23, 09:37:47.783, 2421778150820, QTAgent32.exe, Playback - [WARNING] Internal warning: Smart Match failed
\0
W, 5176, 19, 2013/05/23, 09:37:47.987, 2421781061573, QTAgent32.exe, Playback - [WARNING] Internal warning: Smart Match failed
\0
W, 5176, 19, 2013/05/23, 09:37:48.186, 2421783924332, QTAgent32.exe, Playback - [WARNING] Internal warning: Smart Match failed
\0
W, 5176, 19, 2013/05/23, 09:37:48.382, 2421786721945, QTAgent32.exe, Playback - [WARNING] Internal warning: Smart Match failed
\0
W, 5176, 19, 2013/05/23, 09:37:48.582, 2421789586411, QTAgent32.exe, Playback - [WARNING] Internal warning: Smart Match failed
\0
W, 5176, 19, 2013/05/23, 09:37:48.799, 2421792691845, QTAgent32.exe, Playback - [WARNING] Internal warning: Smart Match failed
\0
W, 5176, 19, 2013/05/23, 09:37:48.888, 2421793967420, QTAgent32.exe, Playback - [WARNING] Internal warning: Window Not Found: [VisibleOnly]Name='insurE-com System Maintenance' &amp;&amp; ClassName='IEFrame' &amp;&amp; ControlType='Window'
\0
E, 5176, 19, 2013/05/23, 09:37:48.888, 2421793969093, QTAgent32.exe, &lt;a class=failure&gt;Playback - {155} [FAILED] Function ElementFetcher::FindScreenElement failed to locate UI element (Searching: ;[VisibleOnly]Name='insurE-com System Maintenance' &amp;&amp; ClassName='IEFrame' &amp;&amp; ControlType='Window') (The object specified was not found.)
\0&lt;/a&gt;
E, 5176, 19, 2013/05/23, 09:37:48.924, 2421794481047, QTAgent32.exe, Playback - [IMAGE] C:\Users\testuser\AppData\Local\Temp\UITestLogs\LastRun\RPFE3C9.png
\0
W, 5176, 19, 2013/05/23, 09:37:48.924, 2421794482622, QTAgent32.exe, Playback - [WARNING] Internal warning: Couldn't find descendants that match QueryId
\0
W, 5176, 19, 2013/05/23, 09:37:48.924, 2421794484984, QTAgent32.exe, PERF WARNING: FindTopLevelWindowHelper::FindAllDescendents: took 3172 ms. Expected it to take maximum 500 ms.
E, 5176, 19, 2013/05/23, 09:37:48.924, 2421794486777, QTAgent32.exe, Exception: System.Runtime.InteropServices.COMException
	Message: Error HRESULT E_FAIL has been returned from a call to a COM component.
	Stack Trace:    at Microsoft.VisualStudio.TestTools.UITest.Playback.Engine.IRPFPlayback.FindAllScreenElements(IScreenElement pScreenElementStart, String bstrQueryId, Object&amp; pvarResKeys, Int32 cResKeys, Int32 nMaxDepth, Object[]&amp; foundDescendants)
   at Microsoft.VisualStudio.TestTools.UITest.Playback.ScreenElement.FindTopLevelWindowHelper(String queryId)
	BaseExceptionMessage: Error HRESULT E_FAIL has been returned from a call to a COM component.

E, 5176, 19, 2013/05/23, 09:37:48.924, 2421794489144, QTAgent32.exe, Window 394086 not responding. Last Win32 error 0
E, 5176, 19, 2013/05/23, 09:37:48.924, 2421794490003, QTAgent32.exe, GetClassName for handle 394086 failed
E, 5176, 19, 2013/05/23, 09:37:48.924, 2421794491816, QTAgent32.exe, Window 394086 not responding. Last Win32 error 1400
E, 5176, 19, 2013/05/23, 09:37:48.924, 2421794492810, QTAgent32.exe, GetClassName for handle 394086 failed
E, 5176, 19, 2013/05/23, 09:37:49.025, 2421795929628, QTAgent32.exe, AL: Playback Error: Microsoft.VisualStudio.TestTools.UITest.Extension.UITestControlNotAvailableException: The control is not available or not valid. Additional Details: 
TechnologyName:  'MSAA'
Name:  'insurE-com System Maintenance'
ClassName:  'IEFrame'
ControlType:  'Window'
 ---&gt; System.Runtime.InteropServices.COMException: Error HRESULT E_FAIL has been returned from a call to a COM component.
   at Microsoft.VisualStudio.TestTools.UITest.Playback.Engine.IRPFPlayback.FindAllScreenElements(IScreenElement pScreenElementStart, String bstrQueryId, Object&amp; pvarResKeys, Int32 cResKeys, Int32 nMaxDepth, Object[]&amp; foundDescendants)
   at Microsoft.VisualStudio.TestTools.UITest.Playback.ScreenElement.FindTopLevelWindowHelper(String queryId)
   at Microsoft.VisualStudio.TestTools.UITest.Playback.ScreenElement.FindFromPartialQueryId(String queryId)
   at Microsoft.VisualStudio.TestTools.UITesting.UITestControl.EnsureValid(Boolean waitForReady, Boolean refetch)
   --- End of inner exception stack trace ---
   at Microsoft.VisualStudio.TestTools.UITesting.UITestControl.EnsureValid(Boolean waitForReady, Boolean refetch)
   at Microsoft.VisualStudio.TestTools.UITesting.UITestControl.SendKeys(String text, ModifierKeys modifierKeys, Boolean isEncoded, Boolean isUnicode)
   at Microsoft.VisualStudio.TestTools.UITesting.Keyboard.SendKeysImplementation(UITestControl control, String text, ModifierKeys modifierKeys, Boolean isEncoded, Boolean isUnicode)
   at Microsoft.VisualStudio.TestTools.UITesting.Keyboard.SendKeysImplementationWrapper(UITestControl control, String text, ModifierKeys modifierKeys, Boolean isEncoded, Boolean isUnicode)
W, 5176, 19, 2013/05/23, 09:37:49.025, 2421795930980, QTAgent32.exe, PlaybackErrorHandler: Ignoring exception as ContinueOnError is set.
W, 5176, 19, 2013/05/23, 09:37:49.728, 2421805997329, QTAgent32.exe, &lt;a class=success&gt;Playback - {156} [SUCCESS] MouseButtonClick - "[MSAA, VisibleOnly]ControlType='TitleBar'"
\0&lt;/a&gt;
W, 5176, 19, 2013/05/23, 09:37:49.980, 2421809609823, QTAgent32.exe, &lt;a class=success&gt;Playback - {157} [SUCCESS] MouseButtonClick - "[MSAA, VisibleOnly]ControlType='Button' &amp;&amp; Name='Close'"
\0&lt;/a&gt;
W, 5176, 19, 2013/05/23, 09:37:50.798, 2421821310824, QTAgent32.exe, &lt;a class=success&gt;Playback - {158} [SUCCESS] MouseButtonClick - "[MSAA, VisibleOnly]ControlType='Button' &amp;&amp; Name='Options'"
\0&lt;/a&gt;
W, 5176, 19, 2013/05/23, 09:37:50.898, 2421822744480, QTAgent32.exe, FindScreenElementInSinglePass : Attempting to find control in one pass of search. Failures can occur.
W, 5176, 19, 2013/05/23, 09:37:51.038, 2421824746412, QTAgent32.exe, &lt;a class=success&gt;Playback - {159} [SUCCESS] MouseButtonClick - "[MSAA]ControlType='MenuItem' &amp;&amp; Name='Links'"
\0&lt;/a&gt;
W, 5176, 19, 2013/05/23, 09:37:51.138, 2421826182049, QTAgent32.exe, FindScreenElementInSinglePass : Attempting to find control in one pass of search. Failures can occur.
W, 5176, 19, 2013/05/23, 09:37:51.289, 2421828352113, QTAgent32.exe, &lt;a class=success&gt;Playback - {160} [SUCCESS] MouseButtonClick - "[MSAA]ControlType='MenuItem' &amp;&amp; Name='3rd Party Integration'"
\0&lt;/a&gt;
W, 5176, 19, 2013/05/23, 09:37:51.390, 2421829791057, QTAgent32.exe, FindScreenElementInSinglePass : Attempting to find control in one pass of search. Failures can occur.
W, 5176, 19, 2013/05/23, 09:37:51.543, 2421831985220, QTAgent32.exe, &lt;a class=success&gt;Playback - {161} [SUCCESS] MouseButtonClick - "[MSAA]ControlType='MenuItem' &amp;&amp; Name='Renewals Module'"
\0&lt;/a&gt;
W, 5176, 19, 2013/05/23, 09:37:51.948, 2421837788001, QTAgent32.exe, &lt;a class=success&gt;Playback - {162} [SUCCESS] SetValueAsEditBox "1" - "[MSAA, VisibleOnly]ControlType='Edit'"  &lt; Set via SendKeys &gt;
\0&lt;/a&gt;
W, 5176, 19, 2013/05/23, 09:37:52.493, 2421845592751, QTAgent32.exe, &lt;a class=success&gt;Playback - {163} [SUCCESS] MouseButtonClick - "[MSAA, VisibleOnly]ControlType='Button' &amp;&amp; Name='Ok'"
\0&lt;/a&gt;
W, 5176, 19, 2013/05/23, 09:37:52.828, 2421850385697, QTAgent32.exe, Playback - [WARNING] Internal warning: Window Not Found: [VisibleOnly]ControlType='Window' &amp;&amp; Name='Confirm' &amp;&amp; ClassName='#32770'
\0
E, 5176, 19, 2013/05/23, 09:37:52.828, 2421850387731, QTAgent32.exe, &lt;a class=failure&gt;Playback - {164} [FAILED] Function ElementFetcher::FindScreenElement failed to locate UI element (Searching: ;[VisibleOnly]ControlType='Window' &amp;&amp; Name='Confirm' &amp;&amp; ClassName='#32770') (The object specified was not found.)
\0&lt;/a&gt;
E, 5176, 19, 2013/05/23, 09:37:52.875, 2421851058054, QTAgent32.exe, Playback - [IMAGE] C:\Users\testuser\AppData\Local\Temp\UITestLogs\LastRun\RPFF325.png
\0
W, 5176, 19, 2013/05/23, 09:37:52.875, 2421851059601, QTAgent32.exe, Playback - [WARNING] Internal warning: Couldn't find descendants that match QueryId
\0
W, 5176, 19, 2013/05/23, 09:38:10.938, 2422109688484, QTAgent32.exe, Playback - [WARNING] Internal warning: Window Not Found: [VisibleOnly]ControlType='Window' &amp;&amp; Name='Confirm' &amp;&amp; ClassName='#32770'
\0
E, 5176, 19, 2013/05/23, 09:38:10.939, 2422109691446, QTAgent32.exe, &lt;a class=failure&gt;Playback - {165} [FAILED] Function ElementFetcher::FindScreenElement failed to locate UI element (Searching: ;[VisibleOnly]ControlType='Window' &amp;&amp; Name='Confirm' &amp;&amp; ClassName='#32770') (The object specified was not found.)
\0&lt;/a&gt;
E, 5176, 19, 2013/05/23, 09:38:10.982, 2422110312766, QTAgent32.exe, Playback - [IMAGE] C:\Users\testuser\AppData\Local\Temp\UITestLogs\LastRun\RPF39E5.png
\0
W, 5176, 19, 2013/05/23, 09:38:10.982, 2422110314433, QTAgent32.exe, Playback - [WARNING] Internal warning: Couldn't find descendants that match QueryId
\0
W, 5176, 19, 2013/05/23, 09:38:10.982, 2422110317081, QTAgent32.exe, PERF WARNING: FindTopLevelWindowHelper::FindAllDescendents: took 18106 ms. Expected it to take maximum 500 ms.
W, 5176, 19, 2013/05/23, 09:38:11.437, 2422116835773, QTAgent32.exe, Playback - [WARNING] Internal warning: Smart Match failed
\0
W, 5176, 19, 2013/05/23, 09:38:11.633, 2422119640366, QTAgent32.exe, Playback - [WARNING] Internal warning: Smart Match failed
\0
W, 5176, 19, 2013/05/23, 09:38:11.828, 2422122424332, QTAgent32.exe, Playback - [WARNING] Internal warning: Smart Match failed
\0
W, 5176, 19, 2013/05/23, 09:38:12.023, 2422125214328, QTAgent32.exe, Playback - [WARNING] Internal warning: Smart Match failed
\0
W, 5176, 19, 2013/05/23, 09:38:12.218, 2422128017442, QTAgent32.exe, Playback - [WARNING] Internal warning: Smart Match failed
\0
W, 5176, 19, 2013/05/23, 09:38:12.417, 2422130865726, QTAgent32.exe, Playback - [WARNING] Internal warning: Smart Match failed
\0
W, 5176, 19, 2013/05/23, 09:38:12.616, 2422133718506, QTAgent32.exe, Playback - [WARNING] Internal warning: Smart Match failed
\0
W, 5176, 19, 2013/05/23, 09:38:12.822, 2422136657554, QTAgent32.exe, Playback - [WARNING] Internal warning: Smart Match failed
\0
W, 5176, 19, 2013/05/23, 09:38:13.026, 2422139581488, QTAgent32.exe, Playback - [WARNING] Internal warning: Smart Match failed
\0
W, 5176, 19, 2013/05/23, 09:38:13.228, 2422142472355, QTAgent32.exe, Playback - [WARNING] Internal warning: Smart Match failed
\0
W, 5176, 19, 2013/05/23, 09:38:13.430, 2422145373861, QTAgent32.exe, Playback - [WARNING] Internal warning: Smart Match failed
\0
W, 5176, 19, 2013/05/23, 09:38:13.639, 2422148368298, QTAgent32.exe, Playback - [WARNING] Internal warning: Smart Match failed
\0
W, 5176, 19, 2013/05/23, 09:38:13.837, 2422151198903, QTAgent32.exe, Playback - [WARNING] Internal warning: Smart Match failed
\0
W, 5176, 19, 2013/05/23, 09:38:14.033, 2422153997818, QTAgent32.exe, Playback - [WARNING] Internal warning: Smart Match failed
\0
W, 5176, 19, 2013/05/23, 09:38:14.121, 2422155255025, QTAgent32.exe, Playback - [WARNING] Internal warning: Window Not Found: [VisibleOnly]ControlType='Window' &amp;&amp; Name='Confirm' &amp;&amp; ClassName='#32770'
\0
E, 5176, 19, 2013/05/23, 09:38:14.121, 2422155256567, QTAgent32.exe, &lt;a class=failure&gt;Playback - {166} [FAILED] Function ElementFetcher::FindScreenElement failed to locate UI element (Searching: ;[VisibleOnly]ControlType='Window' &amp;&amp; Name='Confirm' &amp;&amp; ClassName='#32770') (The object specified was not found.)
\0&lt;/a&gt;
E, 5176, 19, 2013/05/23, 09:38:14.168, 2422155923452, QTAgent32.exe, Playback - [IMAGE] C:\Users\testuser\AppData\Local\Temp\UITestLogs\LastRun\RPF4655.png
\0
W, 5176, 19, 2013/05/23, 09:38:14.168, 2422155924990, QTAgent32.exe, Playback - [WARNING] Internal warning: Couldn't find descendants that match QueryId
\0
W, 5176, 19, 2013/05/23, 09:38:14.168, 2422155927774, QTAgent32.exe, PERF WARNING: FindTopLevelWindowHelper::FindAllDescendents: took 3185 ms. Expected it to take maximum 500 ms.
E, 5176, 19, 2013/05/23, 09:38:14.168, 2422155929923, QTAgent32.exe, Exception: System.Runtime.InteropServices.COMException
	Message: Error HRESULT E_FAIL has been returned from a call to a COM component.
	Stack Trace:    at Microsoft.VisualStudio.TestTools.UITest.Playback.Engine.IRPFPlayback.FindAllScreenElements(IScreenElement pScreenElementStart, String bstrQueryId, Object&amp; pvarResKeys, Int32 cResKeys, Int32 nMaxDepth, Object[]&amp; foundDescendants)
   at Microsoft.VisualStudio.TestTools.UITest.Playback.ScreenElement.FindTopLevelWindowHelper(String queryId)
	BaseExceptionMessage: Error HRESULT E_FAIL has been returned from a call to a COM component.

E, 5176, 19, 2013/05/23, 09:38:14.268, 2422157367162, QTAgent32.exe, AL: Playback Error: Microsoft.VisualStudio.TestTools.UITest.Extension.UITestControlNotFoundException: The playback failed to find the control with the given search properties. Additional Details: 
TechnologyName:  'MSAA'
ControlType:  'Window'
Name:  'Confirm'
ClassName:  '#32770'
 ---&gt; System.Runtime.InteropServices.COMException: Error HRESULT E_FAIL has been returned from a call to a COM component.
   at Microsoft.VisualStudio.TestTools.UITest.Playback.Engine.IRPFPlayback.FindAllScreenElements(IScreenElement pScreenElementStart, String bstrQueryId, Object&amp; pvarResKeys, Int32 cResKeys, Int32 nMaxDepth, Object[]&amp; foundDescendants)
   at Microsoft.VisualStudio.TestTools.UITest.Playback.ScreenElement.FindTopLevelWindowHelper(String queryId)
   at Microsoft.VisualStudio.TestTools.UITest.Playback.ScreenElement.FindFromPartialQueryId(String queryId)
   at Microsoft.VisualStudio.TestTools.UITesting.UITestControl..ctor(String queryId)
   --- End of inner exception stack trace ---
   at Microsoft.VisualStudio.TestTools.UITesting.Playback.MapControlNotFoundException(COMException ex, IPlaybackContext context)
   at Microsoft.VisualStudio.TestTools.UITesting.Playback.MapAndThrowComException(COMException innerException, IPlaybackContext context)
   at Microsoft.VisualStudio.TestTools.UITesting.Playback.MapAndThrowException(SystemException exception, IPlaybackContext context)
   at Microsoft.VisualStudio.TestTools.UITesting.Playback.MapAndThrowException(SystemException exception, String queryId)
   at Microsoft.VisualStudio.TestTools.UITesting.UITestControl..ctor(String queryId)
   at Microsoft.VisualStudio.TestTools.UITesting.SearchHelper.SearchTopLevelWindow(ISearchArgument topLevelSearchArg, String topLevelElementQueryId)
   at Microsoft.VisualStudio.TestTools.UITesting.SearchHelper.GetTitleUpdatedTopLevelWindow(ISearchArgument topLevelSearchArg, String queryId, IList`1 windowTitles)
   at Microsoft.VisualStudio.TestTools.UITesting.SearchHelper.GetTopLevelElement(Boolean useCache, Boolean useCacheOnly, ISearchArgument searchArg, IList`1 windowTitles, Int32&amp; timeLeft)
   at Microsoft.VisualStudio.TestTools.UITesting.SearchHelper.GetElement(Boolean useCache, ISearchArgument searchArg)
   at Microsoft.VisualStudio.TestTools.UITesting.SearchHelper.Search(ISearchArgument searchArg)
   at Microsoft.VisualStudio.TestTools.UITesting.UITestControl.FindInternal()
   at Microsoft.VisualStudio.TestTools.UITesting.UITestControl.FindControlIfNecessary()
   at Microsoft.VisualStudio.TestTools.UITesting.UITestControl.Click(MouseButtons button, ModifierKeys modifierKeys, Point relativeCoordinates)
   at Microsoft.VisualStudio.TestTools.UITesting.Mouse.ClickImplementation(UITestControl control, MouseButtons button, ModifierKeys modifierKeys, Point relativeCoordinate)
   at Microsoft.VisualStudio.TestTools.UITesting.Mouse.ClickImplementationWrapper(UITestControl control, MouseButtons button, ModifierKeys modifierKeys, Point relativeCoordinate)
W, 5176, 19, 2013/05/23, 09:38:14.268, 2422157368418, QTAgent32.exe, PlaybackErrorHandler: Ignoring exception as ContinueOnError is set.
W, 5176, 19, 2013/05/23, 09:38:14.504, 2422160743080, QTAgent32.exe, Playback - [WARNING] Internal warning: Window Not Found: [VisibleOnly]ControlType='Window' &amp;&amp; Name='Personal Lines' &amp;&amp; ClassName='#32770'
\0
E, 5176, 19, 2013/05/23, 09:38:14.504, 2422160745325, QTAgent32.exe, &lt;a class=failure&gt;Playback - {167} [FAILED] Function ElementFetcher::FindScreenElement failed to locate UI element (Searching: ;[VisibleOnly]ControlType='Window' &amp;&amp; Name='Personal Lines' &amp;&amp; ClassName='#32770') (The object specified was not found.)
\0&lt;/a&gt;
E, 5176, 19, 2013/05/23, 09:38:14.547, 2422161355915, QTAgent32.exe, Playback - [IMAGE] C:\Users\testuser\AppData\Local\Temp\UITestLogs\LastRun\RPF47DC.png
\0
W, 5176, 19, 2013/05/23, 09:38:14.547, 2422161357660, QTAgent32.exe, Playback - [WARNING] Internal warning: Couldn't find descendants that match QueryId
\0
W, 5176, 19, 2013/05/23, 09:38:32.589, 2422419688731, QTAgent32.exe, Playback - [WARNING] Internal warning: Window Not Found: [VisibleOnly]ControlType='Window' &amp;&amp; Name='Personal Lines' &amp;&amp; ClassName='#32770'
\0
E, 5176, 19, 2013/05/23, 09:38:32.589, 2422419691043, QTAgent32.exe, &lt;a class=failure&gt;Playback - {168} [FAILED] Function ElementFetcher::FindScreenElement failed to locate UI element (Searching: ;[VisibleOnly]ControlType='Window' &amp;&amp; Name='Personal Lines' &amp;&amp; ClassName='#32770') (The object specified was not found.)
\0&lt;/a&gt;
E, 5176, 19, 2013/05/23, 09:38:32.632, 2422420311706, QTAgent32.exe, Playback - [IMAGE] C:\Users\testuser\AppData\Local\Temp\UITestLogs\LastRun\RPF8E7D.png
\0
W, 5176, 19, 2013/05/23, 09:38:32.633, 2422420313523, QTAgent32.exe, Playback - [WARNING] Internal warning: Couldn't find descendants that match QueryId
\0
W, 5176, 19, 2013/05/23, 09:38:32.633, 2422420315988, QTAgent32.exe, PERF WARNING: FindTopLevelWindowHelper::FindAllDescendents: took 18085 ms. Expected it to take maximum 500 ms.
W, 5176, 19, 2013/05/23, 09:38:33.082, 2422426754620, QTAgent32.exe, Playback - [WARNING] Internal warning: Smart Match failed
\0
W, 5176, 19, 2013/05/23, 09:38:33.281, 2422429604173, QTAgent32.exe, Playback - [WARNING] Internal warning: Smart Match failed
\0
W, 5176, 19, 2013/05/23, 09:38:33.481, 2422432457487, QTAgent32.exe, Playback - [WARNING] Internal warning: Smart Match failed
\0
W, 5176, 19, 2013/05/23, 09:38:33.681, 2422435313703, QTAgent32.exe, Playback - [WARNING] Internal warning: Smart Match failed
\0
W, 5176, 19, 2013/05/23, 09:38:33.882, 2422438205450, QTAgent32.exe, Playback - [WARNING] Internal warning: Smart Match failed
\0
W, 5176, 19, 2013/05/23, 09:38:34.085, 2422441104705, QTAgent32.exe, Playback - [WARNING] Internal warning: Smart Match failed
\0
W, 5176, 19, 2013/05/23, 09:38:34.290, 2422444045088, QTAgent32.exe, Playback - [WARNING] Internal warning: Smart Match failed
\0
W, 5176, 19, 2013/05/23, 09:38:34.492, 2422446931759, QTAgent32.exe, Playback - [WARNING] Internal warning: Smart Match failed
\0
W, 5176, 19, 2013/05/23, 09:38:34.694, 2422449823373, QTAgent32.exe, Playback - [WARNING] Internal warning: Smart Match failed
\0
W, 5176, 19, 2013/05/23, 09:38:34.888, 2422452609337, QTAgent32.exe, Playback - [WARNING] Internal warning: Smart Match failed
\0
W, 5176, 19, 2013/05/23, 09:38:35.084, 2422455410930, QTAgent32.exe, Playback - [WARNING] Internal warning: Smart Match failed
\0
W, 5176, 19, 2013/05/23, 09:38:35.278, 2422458184206, QTAgent32.exe, Playback - [WARNING] Internal warning: Smart Match failed
\0
W, 5176, 19, 2013/05/23, 09:38:35.472, 2422460973037, QTAgent32.exe, Playback - [WARNING] Internal warning: Smart Match failed
\0
W, 5176, 19, 2013/05/23, 09:38:35.666, 2422463747804, QTAgent32.exe, Playback - [WARNING] Internal warning: Smart Match failed
\0
W, 5176, 19, 2013/05/23, 09:38:35.752, 2422464973314, QTAgent32.exe, Playback - [WARNING] Internal warning: Window Not Found: [VisibleOnly]ControlType='Window' &amp;&amp; Name='Personal Lines' &amp;&amp; ClassName='#32770'
\0
E, 5176, 19, 2013/05/23, 09:38:35.752, 2422464975013, QTAgent32.exe, &lt;a class=failure&gt;Playback - {169} [FAILED] Function ElementFetcher::FindScreenElement failed to locate UI element (Searching: ;[VisibleOnly]ControlType='Window' &amp;&amp; Name='Personal Lines' &amp;&amp; ClassName='#32770') (The object specified was not found.)
\0&lt;/a&gt;
E, 5176, 19, 2013/05/23, 09:38:35.793, 2422465570723, QTAgent32.exe, Playback - [IMAGE] C:\Users\testuser\AppData\Local\Temp\UITestLogs\LastRun\RPF9ADD.png
\0
W, 5176, 19, 2013/05/23, 09:38:35.794, 2422465572446, QTAgent32.exe, Playback - [WARNING] Internal warning: Couldn't find descendants that match QueryId
\0
W, 5176, 19, 2013/05/23, 09:38:35.794, 2422465574830, QTAgent32.exe, PERF WARNING: FindTopLevelWindowHelper::FindAllDescendents: took 3160 ms. Expected it to take maximum 500 ms.
E, 5176, 19, 2013/05/23, 09:38:35.794, 2422465576398, QTAgent32.exe, Exception: System.Runtime.InteropServices.COMException
	Message: Error HRESULT E_FAIL has been returned from a call to a COM component.
	Stack Trace:    at Microsoft.VisualStudio.TestTools.UITest.Playback.Engine.IRPFPlayback.FindAllScreenElements(IScreenElement pScreenElementStart, String bstrQueryId, Object&amp; pvarResKeys, Int32 cResKeys, Int32 nMaxDepth, Object[]&amp; foundDescendants)
   at Microsoft.VisualStudio.TestTools.UITest.Playback.ScreenElement.FindTopLevelWindowHelper(String queryId)
	BaseExceptionMessage: Error HRESULT E_FAIL has been returned from a call to a COM component.

E, 5176, 19, 2013/05/23, 09:38:35.794, 2422465578884, QTAgent32.exe, Window 1311824 not responding. Last Win32 error 0
E, 5176, 19, 2013/05/23, 09:38:35.794, 2422465579725, QTAgent32.exe, GetClassName for handle 1311824 failed
E, 5176, 19, 2013/05/23, 09:38:35.894, 2422467013593, QTAgent32.exe, AL: Playback Error: Microsoft.VisualStudio.TestTools.UITest.Extension.UITestControlNotAvailableException: The control is not available or not valid. Additional Details: 
TechnologyName:  'MSAA'
Name:  'Personal Lines'
ClassName:  '#32770'
ControlType:  'Window'
 ---&gt; System.Runtime.InteropServices.COMException: Error HRESULT E_FAIL has been returned from a call to a COM component.
   at Microsoft.VisualStudio.TestTools.UITest.Playback.Engine.IRPFPlayback.FindAllScreenElements(IScreenElement pScreenElementStart, String bstrQueryId, Object&amp; pvarResKeys, Int32 cResKeys, Int32 nMaxDepth, Object[]&amp; foundDescendants)
   at Microsoft.VisualStudio.TestTools.UITest.Playback.ScreenElement.FindTopLevelWindowHelper(String queryId)
   at Microsoft.VisualStudio.TestTools.UITest.Playback.ScreenElement.FindFromPartialQueryId(String queryId)
   at Microsoft.VisualStudio.TestTools.UITesting.UITestControl.EnsureValid(Boolean waitForReady, Boolean refetch)
   --- End of inner exception stack trace ---
   at Microsoft.VisualStudio.TestTools.UITesting.UITestControl.EnsureValid(Boolean waitForReady, Boolean refetch)
   at Microsoft.VisualStudio.TestTools.UITesting.UITestControl.FindFirstDescendant(String queryId, Int32 maxDepth, Int32&amp; timeLeft)
   at Microsoft.VisualStudio.TestTools.UITesting.SearchHelper.GetElement(Boolean useCache, ISearchArgument searchArg)
   at Microsoft.VisualStudio.TestTools.UITesting.SearchHelper.Search(ISearchArgument searchArg)
   at Microsoft.VisualStudio.TestTools.UITesting.UITestControl.FindInternal()
   at Microsoft.VisualStudio.TestTools.UITesting.UITestControl.FindControlIfNecessary()
   at Microsoft.VisualStudio.TestTools.UITesting.UITestControl.Click(MouseButtons button, ModifierKeys modifierKeys, Point relativeCoordinates)
   at Microsoft.VisualStudio.TestTools.UITesting.Mouse.ClickImplementation(UITestControl control, MouseButtons button, ModifierKeys modifierKeys, Point relativeCoordinate)
   at Microsoft.VisualStudio.TestTools.UITesting.Mouse.ClickImplementationWrapper(UITestControl control, MouseButtons button, ModifierKeys modifierKeys, Point relativeCoordinate)
W, 5176, 19, 2013/05/23, 09:38:35.894, 2422467014673, QTAgent32.exe, PlaybackErrorHandler: Ignoring exception as ContinueOnError is set.
W, 5176, 19, 2013/05/23, 09:38:36.135, 2422470466369, QTAgent32.exe, Playback - [WARNING] Internal warning: Window Not Found: [VisibleOnly]ControlType='Window' &amp;&amp; Name='Policies Auto-Renewed &amp; Auto-Lapsed' &amp;&amp; ClassName='ThunderRT6FormDC'
\0
E, 5176, 19, 2013/05/23, 09:38:36.135, 2422470468636, QTAgent32.exe, &lt;a class=failure&gt;Playback - {170} [FAILED] Function ElementFetcher::FindScreenElement failed to locate UI element (Searching: ;[VisibleOnly]ControlType='Window' &amp;&amp; Name='Policies Auto-Renewed &amp; Auto-Lapsed' &amp;&amp; ClassName='ThunderRT6FormDC') (The object specified was not found.)
\0&lt;/a&gt;
E, 5176, 19, 2013/05/23, 09:38:36.177, 2422471066140, QTAgent32.exe, Playback - [IMAGE] C:\Users\testuser\AppData\Local\Temp\UITestLogs\LastRun\RPF9C55.png
\0
W, 5176, 19, 2013/05/23, 09:38:36.177, 2422471067657, QTAgent32.exe, Playback - [WARNING] Internal warning: Couldn't find descendants that match QueryId
\0
W, 5176, 19, 2013/05/23, 09:38:54.236, 2422729628326, QTAgent32.exe, Playback - [WARNING] Internal warning: Window Not Found: [VisibleOnly]ControlType='Window' &amp;&amp; Name='Policies Auto-Renewed &amp; Auto-Lapsed' &amp;&amp; ClassName='ThunderRT6FormDC'
\0
E, 5176, 19, 2013/05/23, 09:38:54.236, 2422729630319, QTAgent32.exe, &lt;a class=failure&gt;Playback - {171} [FAILED] Function ElementFetcher::FindScreenElement failed to locate UI element (Searching: ;[VisibleOnly]ControlType='Window' &amp;&amp; Name='Policies Auto-Renewed &amp; Auto-Lapsed' &amp;&amp; ClassName='ThunderRT6FormDC') (The object specified was not found.)
\0&lt;/a&gt;
E, 5176, 19, 2013/05/23, 09:38:54.280, 2422730261213, QTAgent32.exe, Playback - [IMAGE] C:\Users\testuser\AppData\Local\Temp\UITestLogs\LastRun\RPFE315.png
\0
W, 5176, 19, 2013/05/23, 09:38:54.280, 2422730262976, QTAgent32.exe, Playback - [WARNING] Internal warning: Couldn't find descendants that match QueryId
\0
W, 5176, 19, 2013/05/23, 09:38:54.280, 2422730265625, QTAgent32.exe, PERF WARNING: FindTopLevelWindowHelper::FindAllDescendents: took 18102 ms. Expected it to take maximum 500 ms.
W, 5176, 19, 2013/05/23, 09:38:54.735, 2422736780692, QTAgent32.exe, Playback - [WARNING] Internal warning: Smart Match failed
\0
W, 5176, 19, 2013/05/23, 09:38:54.942, 2422739740464, QTAgent32.exe, Playback - [WARNING] Internal warning: Smart Match failed
\0
W, 5176, 19, 2013/05/23, 09:38:55.140, 2422742581308, QTAgent32.exe, Playback - [WARNING] Internal warning: Smart Match failed
\0
W, 5176, 19, 2013/05/23, 09:38:55.341, 2422745462456, QTAgent32.exe, Playback - [WARNING] Internal warning: Smart Match failed
\0
W, 5176, 19, 2013/05/23, 09:38:55.545, 2422748374303, QTAgent32.exe, Playback - [WARNING] Internal warning: Smart Match failed
\0
W, 5176, 19, 2013/05/23, 09:38:55.745, 2422751235694, QTAgent32.exe, Playback - [WARNING] Internal warning: Smart Match failed
\0
W, 5176, 19, 2013/05/23, 09:38:55.940, 2422754035752, QTAgent32.exe, Playback - [WARNING] Internal warning: Smart Match failed
\0
W, 5176, 19, 2013/05/23, 09:38:56.140, 2422756904143, QTAgent32.exe, Playback - [WARNING] Internal warning: Smart Match failed
\0
W, 5176, 19, 2013/05/23, 09:38:56.341, 2422759769368, QTAgent32.exe, Playback - [WARNING] Internal warning: Smart Match failed
\0
W, 5176, 19, 2013/05/23, 09:38:56.539, 2422762612120, QTAgent32.exe, Playback - [WARNING] Internal warning: Smart Match failed
\0
W, 5176, 19, 2013/05/23, 09:38:56.735, 2422765411577, QTAgent32.exe, Playback - [WARNING] Internal warning: Smart Match failed
\0
W, 5176, 19, 2013/05/23, 09:38:56.930, 2422768212316, QTAgent32.exe, Playback - [WARNING] Internal warning: Smart Match failed
\0
W, 5176, 19, 2013/05/23, 09:38:57.131, 2422771084771, QTAgent32.exe, Playback - [WARNING] Internal warning: Smart Match failed
\0
W, 5176, 19, 2013/05/23, 09:38:57.336, 2422774014886, QTAgent32.exe, Playback - [WARNING] Internal warning: Smart Match failed
\0
W, 5176, 19, 2013/05/23, 09:38:57.432, 2422775389283, QTAgent32.exe, Playback - [WARNING] Internal warning: Window Not Found: [VisibleOnly]ControlType='Window' &amp;&amp; Name='Policies Auto-Renewed &amp; Auto-Lapsed' &amp;&amp; ClassName='ThunderRT6FormDC'
\0
E, 5176, 19, 2013/05/23, 09:38:57.432, 2422775391124, QTAgent32.exe, &lt;a class=failure&gt;Playback - {172} [FAILED] Function ElementFetcher::FindScreenElement failed to locate UI element (Searching: ;[VisibleOnly]ControlType='Window' &amp;&amp; Name='Policies Auto-Renewed &amp; Auto-Lapsed' &amp;&amp; ClassName='ThunderRT6FormDC') (The object specified was not found.)
\0&lt;/a&gt;
E, 5176, 19, 2013/05/23, 09:38:57.475, 2422776011347, QTAgent32.exe, Playback - [IMAGE] C:\Users\testuser\AppData\Local\Temp\UITestLogs\LastRun\RPFEF85.png
\0
W, 5176, 19, 2013/05/23, 09:38:57.475, 2422776012912, QTAgent32.exe, Playback - [WARNING] Internal warning: Couldn't find descendants that match QueryId
\0
W, 5176, 19, 2013/05/23, 09:38:57.476, 2422776015807, QTAgent32.exe, PERF WARNING: FindTopLevelWindowHelper::FindAllDescendents: took 3195 ms. Expected it to take maximum 500 ms.
E, 5176, 19, 2013/05/23, 09:38:57.476, 2422776017423, QTAgent32.exe, Exception: System.Runtime.InteropServices.COMException
	Message: Error HRESULT E_FAIL has been returned from a call to a COM component.
	Stack Trace:    at Microsoft.VisualStudio.TestTools.UITest.Playback.Engine.IRPFPlayback.FindAllScreenElements(IScreenElement pScreenElementStart, String bstrQueryId, Object&amp; pvarResKeys, Int32 cResKeys, Int32 nMaxDepth, Object[]&amp; foundDescendants)
   at Microsoft.VisualStudio.TestTools.UITest.Playback.ScreenElement.FindTopLevelWindowHelper(String queryId)
	BaseExceptionMessage: Error HRESULT E_FAIL has been returned from a call to a COM component.

E, 5176, 19, 2013/05/23, 09:38:57.576, 2422777457490, QTAgent32.exe, AL: Playback Error: Microsoft.VisualStudio.TestTools.UITest.Extension.UITestControlNotFoundException: The playback failed to find the control with the given search properties. Additional Details: 
TechnologyName:  'MSAA'
ControlType:  'Window'
Name:  'Policies Auto-Renewed &amp; Auto-Lapsed'
ClassName:  'ThunderRT6FormDC'
 ---&gt; System.Runtime.InteropServices.COMException: Error HRESULT E_FAIL has been returned from a call to a COM component.
   at Microsoft.VisualStudio.TestTools.UITest.Playback.Engine.IRPFPlayback.FindAllScreenElements(IScreenElement pScreenElementStart, String bstrQueryId, Object&amp; pvarResKeys, Int32 cResKeys, Int32 nMaxDepth, Object[]&amp; foundDescendants)
   at Microsoft.VisualStudio.TestTools.UITest.Playback.ScreenElement.FindTopLevelWindowHelper(String queryId)
   at Microsoft.VisualStudio.TestTools.UITest.Playback.ScreenElement.FindFromPartialQueryId(String queryId)
   at Microsoft.VisualStudio.TestTools.UITesting.UITestControl..ctor(String queryId)
   --- End of inner exception stack trace ---
   at Microsoft.VisualStudio.TestTools.UITesting.Playback.MapControlNotFoundException(COMException ex, IPlaybackContext context)
   at Microsoft.VisualStudio.TestTools.UITesting.Playback.MapAndThrowComException(COMException innerException, IPlaybackContext context)
   at Microsoft.VisualStudio.TestTools.UITesting.Playback.MapAndThrowException(SystemException exception, IPlaybackContext context)
   at Microsoft.VisualStudio.TestTools.UITesting.Playback.MapAndThrowException(SystemException exception, String queryId)
   at Microsoft.VisualStudio.TestTools.UITesting.UITestControl..ctor(String queryId)
   at Microsoft.VisualStudio.TestTools.UITesting.SearchHelper.SearchTopLevelWindow(ISearchArgument topLevelSearchArg, String topLevelElementQueryId)
   at Microsoft.VisualStudio.TestTools.UITesting.SearchHelper.GetTitleUpdatedTopLevelWindow(ISearchArgument topLevelSearchArg, String queryId, IList`1 windowTitles)
   at Microsoft.VisualStudio.TestTools.UITesting.SearchHelper.GetTopLevelElement(Boolean useCache, Boolean useCacheOnly, ISearchArgument searchArg, IList`1 windowTitles, Int32&amp; timeLeft)
   at Microsoft.VisualStudio.TestTools.UITesting.SearchHelper.GetElement(Boolean useCache, ISearchArgument searchArg)
   at Microsoft.VisualStudio.TestTools.UITesting.SearchHelper.Search(ISearchArgument searchArg)
   at Microsoft.VisualStudio.TestTools.UITesting.UITestControl.FindInternal()
   at Microsoft.VisualStudio.TestTools.UITesting.UITestControl.FindControlIfNecessary()
   at Microsoft.VisualStudio.TestTools.UITesting.UITestControl.Click(MouseButtons button, ModifierKeys modifierKeys, Point relativeCoordinates)
   at Microsoft.VisualStudio.TestTools.UITesting.Mouse.ClickImplementation(UITestControl control, MouseButtons button, ModifierKeys modifierKeys, Point relativeCoordinate)
   at Microsoft.VisualStudio.TestTools.UITesting.Mouse.ClickImplementationWrapper(UITestControl control, MouseButtons button, ModifierKeys modifierKeys, Point relativeCoordinate)
W, 5176, 19, 2013/05/23, 09:38:57.576, 2422777459089, QTAgent32.exe, PlaybackErrorHandler: Ignoring exception as ContinueOnError is set.
W, 5176, 19, 2013/05/23, 09:38:57.776, 2422780323207, QTAgent32.exe, &lt;a class=success&gt;Playback - {173} [SUCCESS] MouseButtonClick - "[MSAA, VisibleOnly]ControlType='Button' &amp;&amp; Name='EDI Match...'"
\0&lt;/a&gt;
W, 5176, 19, 2013/05/23, 09:38:59.247, 2422801376467, QTAgent32.exe, &lt;a class=success&gt;Playback - {174} [SUCCESS] MouseButtonClick - "[MSAA, VisibleOnly]ControlType='Button' &amp;&amp; Name='Ok'"
\0&lt;/a&gt;
W, 5176, 19, 2013/05/23, 09:38:59.479, 2422804708552, QTAgent32.exe, &lt;a class=success&gt;Playback - {175} [SUCCESS] MouseButtonClick - "[MSAA, VisibleOnly]ControlType='Button' &amp;&amp; Name='OK'"
\0&lt;/a&gt;
W, 5176, 19, 2013/05/23, 09:38:59.723, 2422808194740, QTAgent32.exe, &lt;a class=success&gt;Playback - {176} [SUCCESS] MouseButtonClick - "[MSAA, VisibleOnly]ControlType='Button' &amp;&amp; Name='Log and Clear'"
\0&lt;/a&gt;
W, 5176, 19, 2013/05/23, 09:38:59.961, 2422811613287, QTAgent32.exe, &lt;a class=success&gt;Playback - {177} [SUCCESS] MouseButtonClick - "[MSAA, VisibleOnly]ControlType='Button' &amp;&amp; Name='OK'"
\0&lt;/a&gt;
W, 5176, 19, 2013/05/23, 09:39:00.233, 2422815505625, QTAgent32.exe, &lt;a class=success&gt;Playback - {178} [SUCCESS] MouseButtonClick - "[MSAA, VisibleOnly]ControlType='Button' &amp;&amp; Name='Filter...'"
\0&lt;/a&gt;
W, 5176, 19, 2013/05/23, 09:39:00.440, 2422818468247, QTAgent32.exe, &lt;a class=success&gt;Playback - {179} [SUCCESS] SendKeys "^{HOME}" - "[MSAA, VisibleOnly]ControlType='Edit'"
\0&lt;/a&gt;
E, 5176, 19, 2013/05/23, 09:39:00.440, 2422818470218, QTAgent32.exe, Msaa.GetFocusedElement: could not find accessible object of foreground window
W, 5176, 19, 2013/05/23, 09:39:00.496, 2422819270289, QTAgent32.exe, &lt;a class=success&gt;Playback - {180} [SUCCESS] SendKeys "^+{END}" - "[MSAA, VisibleOnly]ControlType='Edit'"
\0&lt;/a&gt;
E, 5176, 19, 2013/05/23, 09:39:00.496, 2422819271589, QTAgent32.exe, Msaa.GetFocusedElement: could not find accessible object of foreground window
W, 5176, 19, 2013/05/23, 09:39:00.508, 2422819442505, QTAgent32.exe, &lt;a class=success&gt;Playback - {181} [SUCCESS] SendKeys "{DELETE}" - "[MSAA, VisibleOnly]ControlType='Edit'"
\0&lt;/a&gt;
W, 5176, 19, 2013/05/23, 09:39:00.731, 2422822631031, QTAgent32.exe, &lt;a class=success&gt;Playback - {182} [SUCCESS] SetValueAsEditBox "30/05/13" - "[MSAA, VisibleOnly]ControlType='Edit'"  &lt; Set via SendKeys &gt;
\0&lt;/a&gt;
W, 5176, 19, 2013/05/23, 09:39:00.943, 2422825669973, QTAgent32.exe, &lt;a class=success&gt;Playback - {183} [SUCCESS] SendKeys "^{HOME}" - "[MSAA, VisibleOnly]ControlType='Edit'"
\0&lt;/a&gt;
E, 5176, 19, 2013/05/23, 09:39:00.944, 2422825683888, QTAgent32.exe, Msaa.GetFocusedElement: could not find accessible object of foreground window
W, 5176, 19, 2013/05/23, 09:39:01.012, 2422826653642, QTAgent32.exe, &lt;a class=success&gt;Playback - {184} [SUCCESS] SendKeys "^+{END}" - "[MSAA, VisibleOnly]ControlType='Edit'"
\0&lt;/a&gt;
E, 5176, 19, 2013/05/23, 09:39:01.012, 2422826655852, QTAgent32.exe, Msaa.GetFocusedElement: could not find accessible object of foreground window
W, 5176, 19, 2013/05/23, 09:39:01.024, 2422826832069, QTAgent32.exe, &lt;a class=success&gt;Playback - {185} [SUCCESS] SendKeys "{DELETE}" - "[MSAA, VisibleOnly]ControlType='Edit'"
\0&lt;/a&gt;
W, 5176, 19, 2013/05/23, 09:39:01.247, 2422830012893, QTAgent32.exe, &lt;a class=success&gt;Playback - {186} [SUCCESS] SetValueAsEditBox "30/05/13" - "[MSAA, VisibleOnly]ControlType='Edit'"  &lt; Set via SendKeys &gt;
\0&lt;/a&gt;
W, 5176, 19, 2013/05/23, 09:39:01.611, 2422835224576, QTAgent32.exe, Playback - [WARNING] Internal warning: Incorrect flag set for InvokeProgrammaticAction\0
W, 5176, 19, 2013/05/23, 09:39:01.728, 2422836909013, QTAgent32.exe, &lt;a class=success&gt;Playback - {187} [SUCCESS] SetValueAsComboBox "Motor" - "[MSAA, VisibleOnly]ControlType='ComboBox'"  &lt; SetValueAsComboBox, set by clicking on the item in the list box &gt;
\0&lt;/a&gt;
W, 5176, 19, 2013/05/23, 09:39:01.986, 2422840604379, QTAgent32.exe, &lt;a class=success&gt;Playback - {188} [SUCCESS] MouseButtonClick - "[MSAA, VisibleOnly]ControlType='Button' &amp;&amp; Name='Ok'"
\0&lt;/a&gt;
W, 5176, 19, 2013/05/23, 09:39:02.916, 2422853911473, QTAgent32.exe, &lt;a class=success&gt;Playback - {189} [SUCCESS] MouseButtonClick - "[MSAA, VisibleOnly]ControlType='Client'"
\0&lt;/a&gt;
W, 5176, 19, 2013/05/23, 09:39:03.109, 2422856681679, QTAgent32.exe, &lt;a class=success&gt;Playback - {190} [SUCCESS] SendKeys "{End}" - "[MSAA, VisibleOnly]ControlType='Client'"
\0&lt;/a&gt;
W, 5176, 19, 2013/05/23, 09:39:03.375, 2422860485423, QTAgent32.exe, &lt;a class=success&gt;Playback - {191} [SUCCESS] MouseButtonClick - "[MSAA, VisibleOnly]ControlType='Button' &amp;&amp; Name='Display Record...'"
\0&lt;/a&gt;
W, 5176, 19, 2013/05/23, 09:39:03.750, 2422865851452, QTAgent32.exe, Playback - [WARNING] Internal warning: Window Not Found: [VisibleOnly]ControlType='Window' &amp;&amp; Name='AUTO208-1001' &amp;&amp; ClassName='ThunderRT6FormDC'
\0
E, 5176, 19, 2013/05/23, 09:39:03.750, 2422865853613, QTAgent32.exe, &lt;a class=failure&gt;Playback - {192} [FAILED] Function ElementFetcher::FindScreenElement failed to locate UI element (Searching: ;[VisibleOnly]ControlType='Window' &amp;&amp; Name='AUTO208-1001' &amp;&amp; ClassName='ThunderRT6FormDC') (The object specified was not found.)
\0&lt;/a&gt;
E, 5176, 19, 2013/05/23, 09:39:03.793, 2422866470141, QTAgent32.exe, Playback - [IMAGE] C:\Users\testuser\AppData\Local\Temp\UITestLogs\LastRun\RPF834.png
\0
W, 5176, 19, 2013/05/23, 09:39:03.793, 2422866471629, QTAgent32.exe, Playback - [WARNING] Internal warning: Couldn't find descendants that match QueryId
\0
W, 5176, 19, 2013/05/23, 09:39:21.809, 2423124433898, QTAgent32.exe, Playback - [WARNING] Internal warning: Window Not Found: [VisibleOnly]ControlType='Window' &amp;&amp; Name='AUTO208-1001' &amp;&amp; ClassName='ThunderRT6FormDC'
\0
E, 5176, 19, 2013/05/23, 09:39:21.810, 2423124436416, QTAgent32.exe, &lt;a class=failure&gt;Playback - {193} [FAILED] Function ElementFetcher::FindScreenElement failed to locate UI element (Searching: ;[VisibleOnly]ControlType='Window' &amp;&amp; Name='AUTO208-1001' &amp;&amp; ClassName='ThunderRT6FormDC') (The object specified was not found.)
\0&lt;/a&gt;
E, 5176, 19, 2013/05/23, 09:39:21.853, 2423125061139, QTAgent32.exe, Playback - [IMAGE] C:\Users\testuser\AppData\Local\Temp\UITestLogs\LastRun\RPF4EC6.png
\0
W, 5176, 19, 2013/05/23, 09:39:21.853, 2423125062642, QTAgent32.exe, Playback - [WARNING] Internal warning: Couldn't find descendants that match QueryId
\0
W, 5176, 19, 2013/05/23, 09:39:21.854, 2423125065166, QTAgent32.exe, PERF WARNING: FindTopLevelWindowHelper::FindAllDescendents: took 18060 ms. Expected it to take maximum 500 ms.
W, 5176, 19, 2013/05/23, 09:39:22.411, 2423133050296, QTAgent32.exe, Playback - [WARNING] Internal warning: Window with Class "ThunderRT6FormDC" and Title "AUTO208-1001" was not found, so similar window with Class "ThunderRT6FormDC" and Title "AUTO134-1001" was accepted
\0
W, 5176, 19, 2013/05/23, 09:39:22.411, 2423133053204, QTAgent32.exe, PERF WARNING: FindTopLevelWindowHelper::FindAllDescendents: took 557 ms. Expected it to take maximum 500 ms.
W, 5176, 19, 2013/05/23, 09:39:22.539, 2423134874166, QTAgent32.exe, &lt;a class=success&gt;Playback - {194} [SUCCESS] MouseButtonClick - "[MSAA, VisibleOnly]ControlType='Button' &amp;&amp; Name='Amend Risk...'"
\0&lt;/a&gt;
W, 5176, 19, 2013/05/23, 09:39:23.242, 2423144943986, QTAgent32.exe, PERF WARNING: FindTopLevelWindowHelper::FindAllDescendents: took 602 ms. Expected it to take maximum 500 ms.
W, 5176, 19, 2013/05/23, 09:39:23.652, 2423150820824, QTAgent32.exe, &lt;a class=success&gt;Playback - {195} [SUCCESS] SendKeys "^{HOME}" - "[MSAA, VisibleOnly]ControlType='Edit'"
\0&lt;/a&gt;
E, 5176, 19, 2013/05/23, 09:39:23.652, 2423150822791, QTAgent32.exe, Msaa.GetFocusedElement: could not find accessible object of foreground window
W, 5176, 19, 2013/05/23, 09:39:23.709, 2423151636996, QTAgent32.exe, &lt;a class=success&gt;Playback - {196} [SUCCESS] SendKeys "^+{END}" - "[MSAA, VisibleOnly]ControlType='Edit'"
\0&lt;/a&gt;
E, 5176, 19, 2013/05/23, 09:39:23.709, 2423151638324, QTAgent32.exe, Msaa.GetFocusedElement: could not find accessible object of foreground window
W, 5176, 19, 2013/05/23, 09:39:23.721, 2423151809928, QTAgent32.exe, &lt;a class=success&gt;Playback - {197} [SUCCESS] SendKeys "{DELETE}" - "[MSAA, VisibleOnly]ControlType='Edit'"
\0&lt;/a&gt;
W, 5176, 19, 2013/05/23, 09:39:23.859, 2423153787866, QTAgent32.exe, &lt;a class=success&gt;Playback - {198} [SUCCESS] SetValueAsEditBox "1500" - "[MSAA, VisibleOnly]ControlType='Edit'"  &lt; Set via SendKeys &gt;
\0&lt;/a&gt;
W, 5176, 19, 2013/05/23, 09:39:24.245, 2423159312427, QTAgent32.exe, &lt;a class=success&gt;Playback - {199} [SUCCESS] MouseButtonClick - "[MSAA, VisibleOnly]ControlType='Button' &amp;&amp; Name='Proposer Details...'"
\0&lt;/a&gt;
W, 5176, 19, 2013/05/23, 09:39:24.345, 2423160744821, QTAgent32.exe, Playback - [WARNING] Internal warning: Thread state based WFR - Requested element has invalid HWND
\0
W, 5176, 19, 2013/05/23, 09:39:24.345, 2423160746061, QTAgent32.exe, Playback - [WARNING] Internal warning: process performance counters based WFR - Requested element has invalid HWND
\0
E, 5176, 19, 2013/05/23, 09:39:24.345, 2423160748572, QTAgent32.exe, EnsureValid called via EnsureValid call for same element
E, 5176, 19, 2013/05/23, 09:39:24.346, 2423160750421, QTAgent32.exe, EnsureValid called via EnsureValid call for same element
E, 5176, 19, 2013/05/23, 09:39:24.346, 2423160751507, QTAgent32.exe, EnsureValid called via EnsureValid call for same element
E, 5176, 19, 2013/05/23, 09:39:24.346, 2423160754145, QTAgent32.exe, Window 1443202 not responding. Last Win32 error 1400
E, 5176, 19, 2013/05/23, 09:39:24.346, 2423160755899, QTAgent32.exe, GetClassName for handle 1443202 failed
W, 5176, 19, 2013/05/23, 09:39:24.451, 2423162256584, QTAgent32.exe, &lt;a class=success&gt;Playback - {200} [SUCCESS] SendKeys "^{HOME}" - "[MSAA, VisibleOnly]ControlType='Edit'"
\0&lt;/a&gt;
E, 5176, 19, 2013/05/23, 09:39:24.451, 2423162258824, QTAgent32.exe, Msaa.GetFocusedElement: could not find accessible object of foreground window
W, 5176, 19, 2013/05/23, 09:39:24.505, 2423163036450, QTAgent32.exe, &lt;a class=success&gt;Playback - {201} [SUCCESS] SendKeys "^+{END}" - "[MSAA, VisibleOnly]ControlType='Edit'"
\0&lt;/a&gt;
E, 5176, 19, 2013/05/23, 09:39:24.505, 2423163038490, QTAgent32.exe, Msaa.GetFocusedElement: could not find accessible object of foreground window
W, 5176, 19, 2013/05/23, 09:39:24.518, 2423163215178, QTAgent32.exe, &lt;a class=success&gt;Playback - {202} [SUCCESS] SendKeys "{DELETE}" - "[MSAA, VisibleOnly]ControlType='Edit'"
\0&lt;/a&gt;
W, 5176, 19, 2013/05/23, 09:39:24.717, 2423166067129, QTAgent32.exe, &lt;a class=success&gt;Playback - {203} [SUCCESS] SetValueAsEditBox "NewTest" - "[MSAA, VisibleOnly]ControlType='Edit'"  &lt; Set via SendKeys &gt;
\0&lt;/a&gt;
W, 5176, 19, 2013/05/23, 09:39:24.976, 2423169777208, QTAgent32.exe, &lt;a class=success&gt;Playback - {204} [SUCCESS] MouseButtonClick - "[MSAA, VisibleOnly]ControlType='Button' &amp;&amp; Name='OK'"
\0&lt;/a&gt;
W, 5176, 19, 2013/05/23, 09:39:25.300, 2423174415088, QTAgent32.exe, &lt;a class=success&gt;Playback - {205} [SUCCESS] MouseButtonClick - "[MSAA, VisibleOnly]ControlType='Button' &amp;&amp; Name='Calculate Quote'"
\0&lt;/a&gt;
W, 5176, 19, 2013/05/23, 09:39:25.540, 2423177842330, QTAgent32.exe, &lt;a class=success&gt;Playback - {206} [SUCCESS] MouseButtonClick - "[MSAA, VisibleOnly]ControlType='Button' &amp;&amp; Name='No'"
\0&lt;/a&gt;
W, 5176, 19, 2013/05/23, 09:39:25.896, 2423182941348, QTAgent32.exe, Playback - [WARNING] Internal warning: Window Not Found: [VisibleOnly]ControlType='Window' &amp;&amp; Name='Quote Select List' &amp;&amp; ClassName='ThunderRT6FormDC'
\0
E, 5176, 19, 2013/05/23, 09:39:25.896, 2423182943445, QTAgent32.exe, &lt;a class=failure&gt;Playback - {207} [FAILED] Function ElementFetcher::FindScreenElement failed to locate UI element (Searching: ;[VisibleOnly]ControlType='Window' &amp;&amp; Name='Quote Select List' &amp;&amp; ClassName='ThunderRT6FormDC') (The object specified was not found.)
\0&lt;/a&gt;
E, 5176, 19, 2013/05/23, 09:39:25.939, 2423183567352, QTAgent32.exe, Playback - [IMAGE] C:\Users\testuser\AppData\Local\Temp\UITestLogs\LastRun\RPF5EBE.png
\0
W, 5176, 19, 2013/05/23, 09:39:25.940, 2423183569078, QTAgent32.exe, Playback - [WARNING] Internal warning: Couldn't find descendants that match QueryId
\0
W, 5176, 19, 2013/05/23, 09:39:43.969, 2423441717311, QTAgent32.exe, Playback - [WARNING] Internal warning: Window Not Found: [VisibleOnly]ControlType='Window' &amp;&amp; Name='Quote Select List' &amp;&amp; ClassName='ThunderRT6FormDC'
\0
E, 5176, 19, 2013/05/23, 09:39:43.969, 2423441719419, QTAgent32.exe, &lt;a class=failure&gt;Playback - {208} [FAILED] Function ElementFetcher::FindScreenElement failed to locate UI element (Searching: ;[VisibleOnly]ControlType='Window' &amp;&amp; Name='Quote Select List' &amp;&amp; ClassName='ThunderRT6FormDC') (The object specified was not found.)
\0&lt;/a&gt;
E, 5176, 19, 2013/05/23, 09:39:44.013, 2423442353423, QTAgent32.exe, Playback - [IMAGE] C:\Users\testuser\AppData\Local\Temp\UITestLogs\LastRun\RPFA55F.png
\0
W, 5176, 19, 2013/05/23, 09:39:44.013, 2423442354912, QTAgent32.exe, Playback - [WARNING] Internal warning: Couldn't find descendants that match QueryId
\0
W, 5176, 19, 2013/05/23, 09:39:44.013, 2423442357326, QTAgent32.exe, PERF WARNING: FindTopLevelWindowHelper::FindAllDescendents: took 18073 ms. Expected it to take maximum 500 ms.
W, 5176, 19, 2013/05/23, 09:39:44.492, 2423449215970, QTAgent32.exe, Playback - [WARNING] Internal warning: Smart Match failed
\0
W, 5176, 19, 2013/05/23, 09:39:44.715, 2423452395956, QTAgent32.exe, Playback - [WARNING] Internal warning: Smart Match failed
\0
W, 5176, 19, 2013/05/23, 09:39:44.947, 2423455718108, QTAgent32.exe, Playback - [WARNING] Internal warning: Smart Match failed
\0
W, 5176, 19, 2013/05/23, 09:39:45.167, 2423458877022, QTAgent32.exe, Playback - [WARNING] Internal warning: Smart Match failed
\0
W, 5176, 19, 2013/05/23, 09:39:45.389, 2423462049616, QTAgent32.exe, Playback - [WARNING] Internal warning: Smart Match failed
\0
W, 5176, 19, 2013/05/23, 09:39:45.641, 2423465663903, QTAgent32.exe, Playback - [WARNING] Internal warning: Smart Match failed
\0
W, 5176, 19, 2013/05/23, 09:39:45.865, 2423468866849, QTAgent32.exe, Playback - [WARNING] Internal warning: Smart Match failed
\0
W, 5176, 19, 2013/05/23, 09:39:46.093, 2423472130665, QTAgent32.exe, Playback - [WARNING] Internal warning: Smart Match failed
\0
W, 5176, 19, 2013/05/23, 09:39:46.322, 2423475408759, QTAgent32.exe, Playback - [WARNING] Internal warning: Smart Match failed
\0
W, 5176, 19, 2013/05/23, 09:39:46.551, 2423478683574, QTAgent32.exe, Playback - [WARNING] Internal warning: Smart Match failed
\0
W, 5176, 19, 2013/05/23, 09:39:46.782, 2423481990910, QTAgent32.exe, Playback - [WARNING] Internal warning: Smart Match failed
\0
W, 5176, 19, 2013/05/23, 09:39:47.005, 2423485196499, QTAgent32.exe, Playback - [WARNING] Internal warning: Smart Match failed
\0
W, 5176, 19, 2013/05/23, 09:39:47.116, 2423486786537, QTAgent32.exe, Playback - [WARNING] Internal warning: Window Not Found: [VisibleOnly]ControlType='Window' &amp;&amp; Name='Quote Select List' &amp;&amp; ClassName='ThunderRT6FormDC'
\0
E, 5176, 19, 2013/05/23, 09:39:47.117, 2423486788434, QTAgent32.exe, &lt;a class=failure&gt;Playback - {209} [FAILED] Function ElementFetcher::FindScreenElement failed to locate UI element (Searching: ;[VisibleOnly]ControlType='Window' &amp;&amp; Name='Quote Select List' &amp;&amp; ClassName='ThunderRT6FormDC') (The object specified was not found.)
\0&lt;/a&gt;
E, 5176, 19, 2013/05/23, 09:39:47.160, 2423487406167, QTAgent32.exe, Playback - [IMAGE] C:\Users\testuser\AppData\Local\Temp\UITestLogs\LastRun\RPFB1A0.png
\0
W, 5176, 19, 2013/05/23, 09:39:47.160, 2423487407951, QTAgent32.exe, Playback - [WARNING] Internal warning: Couldn't find descendants that match QueryId
\0
W, 5176, 19, 2013/05/23, 09:39:47.160, 2423487410619, QTAgent32.exe, PERF WARNING: FindTopLevelWindowHelper::FindAllDescendents: took 3146 ms. Expected it to take maximum 500 ms.
E, 5176, 19, 2013/05/23, 09:39:47.160, 2423487412249, QTAgent32.exe, Exception: System.Runtime.InteropServices.COMException
	Message: Error HRESULT E_FAIL has been returned from a call to a COM component.
	Stack Trace:    at Microsoft.VisualStudio.TestTools.UITest.Playback.Engine.IRPFPlayback.FindAllScreenElements(IScreenElement pScreenElementStart, String bstrQueryId, Object&amp; pvarResKeys, Int32 cResKeys, Int32 nMaxDepth, Object[]&amp; foundDescendants)
   at Microsoft.VisualStudio.TestTools.UITest.Playback.ScreenElement.FindTopLevelWindowHelper(String queryId)
	BaseExceptionMessage: Error HRESULT E_FAIL has been returned from a call to a COM component.

E, 5176, 19, 2013/05/23, 09:39:47.160, 2423487414617, QTAgent32.exe, Window 853250 not responding. Last Win32 error 0
E, 5176, 19, 2013/05/23, 09:39:47.160, 2423487415466, QTAgent32.exe, GetClassName for handle 853250 failed
E, 5176, 19, 2013/05/23, 09:39:47.161, 2423487419679, QTAgent32.exe, Window 1705284 not responding. Last Win32 error 1400
E, 5176, 19, 2013/05/23, 09:39:47.161, 2423487420479, QTAgent32.exe, GetClassName for handle 1705284 failed
E, 5176, 19, 2013/05/23, 09:39:47.261, 2423488854711, QTAgent32.exe, AL: Playback Error: Microsoft.VisualStudio.TestTools.UITest.Extension.UITestControlNotAvailableException: The control is not available or not valid. Additional Details: 
TechnologyName:  'MSAA'
Name:  'Cancel'
ControlType:  'Button'
 ---&gt; Microsoft.VisualStudio.TestTools.UITest.Extension.UITestControlNotAvailableException: The control is not available or not valid. Additional Details: 
TechnologyName:  'MSAA'
Name:  'Quote Select List'
ClassName:  'ThunderRT6FormDC'
ControlType:  'Window'
 ---&gt; System.Runtime.InteropServices.COMException: Error HRESULT E_FAIL has been returned from a call to a COM component.
   at Microsoft.VisualStudio.TestTools.UITest.Playback.Engine.IRPFPlayback.FindAllScreenElements(IScreenElement pScreenElementStart, String bstrQueryId, Object&amp; pvarResKeys, Int32 cResKeys, Int32 nMaxDepth, Object[]&amp; foundDescendants)
   at Microsoft.VisualStudio.TestTools.UITest.Playback.ScreenElement.FindTopLevelWindowHelper(String queryId)
   at Microsoft.VisualStudio.TestTools.UITest.Playback.ScreenElement.FindFromPartialQueryId(String queryId)
   at Microsoft.VisualStudio.TestTools.UITesting.UITestControl.EnsureValid(Boolean waitForReady, Boolean refetch)
   --- End of inner exception stack trace ---
   at Microsoft.VisualStudio.TestTools.UITesting.UITestControl.EnsureValid(Boolean waitForReady, Boolean refetch)
   at Microsoft.VisualStudio.TestTools.UITesting.UITestControl.FindFirstDescendant(String queryId, Int32 maxDepth, Int32&amp; timeLeft)
   at Microsoft.VisualStudio.TestTools.UITesting.UITestControl.FindFirstDescendant(String queryId)
   at Microsoft.VisualStudio.TestTools.UITesting.UITestControl.EnsureValid(Boolean waitForReady, Boolean refetch)
   --- End of inner exception stack trace ---
   at Microsoft.VisualStudio.TestTools.UITesting.UITestControl.EnsureValid(Boolean waitForReady, Boolean refetch)
   at Microsoft.VisualStudio.TestTools.UITesting.UITestControl.Click(MouseButtons button, ModifierKeys modifierKeys, Point relativeCoordinates)
   at Microsoft.VisualStudio.TestTools.UITesting.Mouse.ClickImplementation(UITestControl control, MouseButtons button, ModifierKeys modifierKeys, Point relativeCoordinate)
   at Microsoft.VisualStudio.TestTools.UITesting.Mouse.ClickImplementationWrapper(UITestControl control, MouseButtons button, ModifierKeys modifierKeys, Point relativeCoordinate)
W, 5176, 19, 2013/05/23, 09:39:47.261, 2423488856001, QTAgent32.exe, PlaybackErrorHandler: Ignoring exception as ContinueOnError is set.
W, 5176, 19, 2013/05/23, 09:39:47.448, 2423491537580, QTAgent32.exe, &lt;a class=success&gt;Playback - {210} [SUCCESS] MouseButtonClick - "[MSAA, VisibleOnly]ControlType='Button' &amp;&amp; Name='Ok'"
\0&lt;/a&gt;
W, 5176, 19, 2013/05/23, 09:39:47.827, 2423496958752, QTAgent32.exe, Playback - [WARNING] Internal warning: Window Not Found: [VisibleOnly]ControlType='Window' &amp;&amp; Name='Amend Risk Results' &amp;&amp; ClassName='ThunderRT6FormDC'
\0
E, 5176, 19, 2013/05/23, 09:39:47.827, 2423496960978, QTAgent32.exe, &lt;a class=failure&gt;Playback - {211} [FAILED] Function ElementFetcher::FindScreenElement failed to locate UI element (Searching: ;[VisibleOnly]ControlType='Window' &amp;&amp; Name='Amend Risk Results' &amp;&amp; ClassName='ThunderRT6FormDC') (The object specified was not found.)
\0&lt;/a&gt;
E, 5176, 19, 2013/05/23, 09:39:47.870, 2423497575908, QTAgent32.exe, Playback - [IMAGE] C:\Users\testuser\AppData\Local\Temp\UITestLogs\LastRun\RPFB46F.png
\0
W, 5176, 19, 2013/05/23, 09:39:47.870, 2423497577770, QTAgent32.exe, Playback - [WARNING] Internal warning: Couldn't find descendants that match QueryId
\0
W, 5176, 19, 2013/05/23, 09:40:05.881, 2423755464898, QTAgent32.exe, Playback - [WARNING] Internal warning: Window Not Found: [VisibleOnly]ControlType='Window' &amp;&amp; Name='Amend Risk Results' &amp;&amp; ClassName='ThunderRT6FormDC'
\0
E, 5176, 19, 2013/05/23, 09:40:05.882, 2423755467297, QTAgent32.exe, &lt;a class=failure&gt;Playback - {212} [FAILED] Function ElementFetcher::FindScreenElement failed to locate UI element (Searching: ;[VisibleOnly]ControlType='Window' &amp;&amp; Name='Amend Risk Results' &amp;&amp; ClassName='ThunderRT6FormDC') (The object specified was not found.)
\0&lt;/a&gt;
E, 5176, 19, 2013/05/23, 09:40:05.926, 2423756107166, QTAgent32.exe, Playback - [IMAGE] C:\Users\testuser\AppData\Local\Temp\UITestLogs\LastRun\RPFFAF1.png
\0
W, 5176, 19, 2013/05/23, 09:40:05.926, 2423756108828, QTAgent32.exe, Playback - [WARNING] Internal warning: Couldn't find descendants that match QueryId
\0
W, 5176, 19, 2013/05/23, 09:40:05.927, 2423756111713, QTAgent32.exe, PERF WARNING: FindTopLevelWindowHelper::FindAllDescendents: took 18056 ms. Expected it to take maximum 500 ms.
W, 5176, 19, 2013/05/23, 09:40:06.510, 2423764471726, QTAgent32.exe, Playback - [WARNING] Internal warning: Window with Class "ThunderRT6FormDC" and Title "Amend Risk Results" was not found, so similar window with Class "ThunderRT6FormDC" and Title "Amend Risk" was accepted
\0
W, 5176, 19, 2013/05/23, 09:40:06.511, 2423764474834, QTAgent32.exe, PERF WARNING: FindTopLevelWindowHelper::FindAllDescendents: took 583 ms. Expected it to take maximum 500 ms.
W, 5176, 19, 2013/05/23, 09:40:06.516, 2423764555313, QTAgent32.exe, Playback - [WARNING] Internal warning: Window with Class "ListView20WndClass" and Title "" was not found, so similar window with Class "ThunderRT6FormDC" and Title "Amend Risk" was accepted
\0
W, 5176, 19, 2013/05/23, 09:40:07.068, 2423772457572, QTAgent32.exe, AL : Mouse click on disabled control: button=Left, modifiers=None, relativeCoordinates={X=362,Y=136}
W, 5176, 19, 2013/05/23, 09:40:17.849, 2423926822159, QTAgent32.exe, &lt;a class=success&gt;Playback - {213} [SUCCESS] MouseButtonClick - "[MSAA, VisibleOnly]ControlType='Client'"
\0&lt;/a&gt;
W, 5176, 19, 2013/05/23, 09:40:18.452, 2423935460440, QTAgent32.exe, AL : SendKeys on disabled control
E, 5176, 19, 2013/05/23, 09:40:28.454, 2424078663233, QTAgent32.exe, &lt;a class=failure&gt;Playback - {214} [FAILED] MouseButtonClick - "[MSAA, VisibleOnly]ControlType='Client'"
\0&lt;/a&gt;
E, 5176, 19, 2013/05/23, 09:40:28.503, 2424079366968, QTAgent32.exe, Playback - [IMAGE] C:\Users\testuser\AppData\Local\Temp\UITestLogs\LastRun\RPF531F.png
\0
W, 5176, 19, 2013/05/23, 09:40:38.508, 2424222621637, QTAgent32.exe, Playback - [WARNING] Internal warning: Could not set focus to the target window for typing. Consider using TypeString instead of SendKeys.
\0
E, 5176, 19, 2013/05/23, 09:40:38.508, 2424222624005, QTAgent32.exe, &lt;a class=failure&gt;Playback - {215} [FAILED] SendKeys "{Home}" - "[MSAA, VisibleOnly]ControlType='Client'"\0&lt;/a&gt;
E, 5176, 19, 2013/05/23, 09:40:38.554, 2424223283613, QTAgent32.exe, Playback - [IMAGE] C:\Users\testuser\AppData\Local\Temp\UITestLogs\LastRun\RPF7A6E.png
\0
E, 5176, 19, 2013/05/23, 09:40:38.698, 2424225339251, QTAgent32.exe, AL: Playback Error: Microsoft.VisualStudio.TestTools.UITest.Extension.ActionNotSupportedOnDisabledControlException: Cannot perform 'SendKeys with value "{Home}"' on the disabled or read-only control. Additional Details: 
TechnologyName:  'MSAA'
Name:  'Amend Risk'
ControlType:  'Client'
 ---&gt; System.Runtime.InteropServices.COMException: Exception from HRESULT: 0xF004F005
   at Microsoft.VisualStudio.TestTools.UITest.Playback.Engine.IScreenElement.SendKeys(String bstrKeys, Int32 nKeyboardAction, Int32 nSendKeysFlag)
   at Microsoft.VisualStudio.TestTools.UITest.Playback.ScreenElement.SendKeys(String keys, Boolean isUnicode)
   at Microsoft.VisualStudio.TestTools.UITest.Playback.ScreenElement.SendKeys(String keys, ModifierKeys modifierKeys, Boolean isEncoded, Boolean isUnicode)
   at Microsoft.VisualStudio.TestTools.UITesting.UITestControl.SendKeys(String text, ModifierKeys modifierKeys, Boolean isEncoded, Boolean isUnicode)
   --- End of inner exception stack trace ---
   at Microsoft.VisualStudio.TestTools.UITesting.Playback.MapAndThrowComException(COMException innerException, IPlaybackContext context)
   at Microsoft.VisualStudio.TestTools.UITesting.Playback.MapAndThrowException(SystemException exception, IPlaybackContext context)
   at Microsoft.VisualStudio.TestTools.UITesting.Playback.MapAndThrowException(SystemException exception, String actionName, UITestControl uiControl)
   at Microsoft.VisualStudio.TestTools.UITesting.Playback.MapAndThrowException(SystemException exception, String actionName, Object parameterValue, UITestControl uiControl)
   at Microsoft.VisualStudio.TestTools.UITesting.UITestControl.SendKeys(String text, ModifierKeys modifierKeys, Boolean isEncoded, Boolean isUnicode)
   at Microsoft.VisualStudio.TestTools.UITesting.Keyboard.SendKeysImplementation(UITestControl control, String text, ModifierKeys modifierKeys, Boolean isEncoded, Boolean isUnicode)
   at Microsoft.VisualStudio.TestTools.UITesting.Keyboard.SendKeysImplementationWrapper(UITestControl control, String text, ModifierKeys modifierKeys, Boolean isEncoded, Boolean isUnicode)
W, 5176, 19, 2013/05/23, 09:40:41.587, 2424266708163, QTAgent32.exe, IEDOM : StopSession of the plugin called before StartSession
W, 5176, 19, 2013/05/23, 09:40:41.587, 2424266709091, QTAgent32.exe, UIA : StopSession of the plugin called before StartSession
</DebugTrace>
        <ErrorInfo>
          <Message>Test method Ver1.CodedUITest2.MotoAmendRiskExistingScheme threw exception: 
Microsoft.VisualStudio.TestTools.UITest.Extension.ActionNotSupportedOnDisabledControlException: Cannot perform 'SendKeys with value "{Home}"' on the disabled or read-only control. Additional Details: 
TechnologyName:  'MSAA'
Name:  'Amend Risk'
ControlType:  'Client'
 ---&gt; System.Runtime.InteropServices.COMException: Exception from HRESULT: 0xF004F005</Message>
          <StackTrace>    at Microsoft.VisualStudio.TestTools.UITest.Playback.Engine.IScreenElement.SendKeys(String bstrKeys, Int32 nKeyboardAction, Int32 nSendKeysFlag)
   at Microsoft.VisualStudio.TestTools.UITest.Playback.ScreenElement.SendKeys(String keys, Boolean isUnicode)
   at Microsoft.VisualStudio.TestTools.UITest.Playback.ScreenElement.SendKeys(String keys, ModifierKeys modifierKeys, Boolean isEncoded, Boolean isUnicode)
   at Microsoft.VisualStudio.TestTools.UITesting.UITestControl.SendKeys(String text, ModifierKeys modifierKeys, Boolean isEncoded, Boolean isUnicode)
 --- End of inner exception stack trace ---
    at Microsoft.VisualStudio.TestTools.UITesting.Playback.MapAndThrowComException(COMException innerException, IPlaybackContext context)
   at Microsoft.VisualStudio.TestTools.UITesting.Playback.MapAndThrowException(SystemException exception, IPlaybackContext context)
   at Microsoft.VisualStudio.TestTools.UITesting.Playback.MapAndThrowException(SystemException exception, String actionName, UITestControl uiControl)
   at Microsoft.VisualStudio.TestTools.UITesting.Playback.MapAndThrowException(SystemException exception, String actionName, Object parameterValue, UITestControl uiControl)
   at Microsoft.VisualStudio.TestTools.UITesting.UITestControl.SendKeys(String text, ModifierKeys modifierKeys, Boolean isEncoded, Boolean isUnicode)
   at Microsoft.VisualStudio.TestTools.UITesting.Keyboard.SendKeysImplementation(UITestControl control, String text, ModifierKeys modifierKeys, Boolean isEncoded, Boolean isUnicode)
   at Microsoft.VisualStudio.TestTools.UITesting.Keyboard.SendKeysImplementationWrapper(UITestControl control, String text, ModifierKeys modifierKeys, Boolean isEncoded, Boolean isUnicode)
   at Microsoft.VisualStudio.TestTools.UITesting.Keyboard.SendKeys(UITestControl control, String text, ModifierKeys modifierKeys)
   at Ver1.UIMap.AmendSelectQuote() in C:\AutotestTam1205\TestProject7\UIMap.Designer.cs:line 182
   at Ver1.CodedUITest2.MotoAmendRiskExistingScheme() in C:\AutotestTam1205\TestProject7\CodedUITest2.cs:line 722
</StackTrace>
        </ErrorInfo>
      </Output>
      <ResultFiles>
        <ResultFile path="ICDVDEVTM01\MotoAmendRiskExistingScheme.png" />
      </ResultFiles>
      <ExtensionResult>Exception has been thrown by the target of an invocation.</ExtensionResult>
    </UnitTestResult>
    <UnitTestResult executionId="a20d3d7e-4c3e-4df9-9f1f-65a6cfcd74b8" testId="c2bdfe5e-303e-353b-48c9-82acf8c043b4" testName="MotoAmendRiskNewScheme" computerName="ICDVDEVTM01" duration="00:00:59.8720173" startTime="2013-05-23T09:40:41.6032519+01:00" endTime="2013-05-23T09:41:41.4803553+01:00" testType="13cdc9d9-ddb5-4fa4-a97d-d965ccfc6d4b" outcome="Failed" testListId="8c84fa94-04c1-424b-9868-57a2d4851a1d" relativeResultsDirectory="a20d3d7e-4c3e-4df9-9f1f-65a6cfcd74b8">
      <Output>
        <DebugTrace>W, 5176, 26, 2013/05/23, 09:40:45.908, 2424328571951, QTAgent32.exe, &lt;a class=success&gt;Playback - {1} [SUCCESS] MouseButtonClick - "[MSAA, VisibleOnly]ControlType='Edit'"
\0&lt;/a&gt;
W, 5176, 26, 2013/05/23, 09:40:46.109, 2424331448450, QTAgent32.exe, &lt;a class=success&gt;Playback - {2} [SUCCESS] SendKeys "[*]" - "[MSAA, VisibleOnly]ControlType='Edit'"
\0&lt;/a&gt;
W, 5176, 26, 2013/05/23, 09:40:46.754, 2424340685623, QTAgent32.exe, &lt;a class=success&gt;Playback - {3} [SUCCESS] MouseButtonClick - "[MSAA, VisibleOnly]ControlType='Button' &amp;&amp; Name='OK'"
\0&lt;/a&gt;
W, 5176, 26, 2013/05/23, 09:40:46.908, 2424342897440, QTAgent32.exe, &lt;a class=success&gt;Playback - {4} [SUCCESS] SendKeys "^{HOME}" - "[MSAA, VisibleOnly]ControlType='Edit'"
\0&lt;/a&gt;
E, 5176, 26, 2013/05/23, 09:40:46.908, 2424342899295, QTAgent32.exe, Msaa.GetFocusedElement: could not find accessible object of foreground window
W, 5176, 26, 2013/05/23, 09:40:46.962, 2424343663474, QTAgent32.exe, &lt;a class=success&gt;Playback - {5} [SUCCESS] SendKeys "^+{END}" - "[MSAA, VisibleOnly]ControlType='Edit'"
\0&lt;/a&gt;
E, 5176, 26, 2013/05/23, 09:40:46.962, 2424343665504, QTAgent32.exe, Msaa.GetFocusedElement: could not find accessible object of foreground window
W, 5176, 26, 2013/05/23, 09:40:46.975, 2424343849992, QTAgent32.exe, &lt;a class=success&gt;Playback - {6} [SUCCESS] SendKeys "{DELETE}" - "[MSAA, VisibleOnly]ControlType='Edit'"
\0&lt;/a&gt;
W, 5176, 26, 2013/05/23, 09:40:47.207, 2424347175169, QTAgent32.exe, &lt;a class=success&gt;Playback - {7} [SUCCESS] SetValueAsEditBox "23/05/2013" - "[MSAA, VisibleOnly]ControlType='Edit'"  &lt; Set via SendKeys &gt;
\0&lt;/a&gt;
W, 5176, 26, 2013/05/23, 09:40:47.481, 2424351095122, QTAgent32.exe, Playback - [WARNING] Internal warning: Incorrect flag set for InvokeProgrammaticAction\0
W, 5176, 26, 2013/05/23, 09:40:47.599, 2424352781333, QTAgent32.exe, &lt;a class=success&gt;Playback - {8} [SUCCESS] SetValueAsComboBox "May" - "[MSAA, VisibleOnly]ControlType='ComboBox'"  &lt; SetValueAsComboBox, set by clicking on the item in the list box &gt;
\0&lt;/a&gt;
W, 5176, 26, 2013/05/23, 09:40:47.764, 2424355140604, QTAgent32.exe, &lt;a class=success&gt;Playback - {9} [SUCCESS] SendKeys "^{HOME}" - "[MSAA, VisibleOnly]ControlType='Edit'"
\0&lt;/a&gt;
E, 5176, 26, 2013/05/23, 09:40:47.764, 2424355142382, QTAgent32.exe, Msaa.GetFocusedElement: could not find accessible object of foreground window
W, 5176, 26, 2013/05/23, 09:40:47.816, 2424355892439, QTAgent32.exe, &lt;a class=success&gt;Playback - {10} [SUCCESS] SendKeys "^+{END}" - "[MSAA, VisibleOnly]ControlType='Edit'"
\0&lt;/a&gt;
E, 5176, 26, 2013/05/23, 09:40:47.816, 2424355894276, QTAgent32.exe, Msaa.GetFocusedElement: could not find accessible object of foreground window
W, 5176, 26, 2013/05/23, 09:40:47.829, 2424356071682, QTAgent32.exe, &lt;a class=success&gt;Playback - {11} [SUCCESS] SendKeys "{DELETE}" - "[MSAA, VisibleOnly]ControlType='Edit'"
\0&lt;/a&gt;
W, 5176, 26, 2013/05/23, 09:40:47.918, 2424357349042, QTAgent32.exe, &lt;a class=success&gt;Playback - {12} [SUCCESS] SetValueAsEditBox "2013" - "[MSAA, VisibleOnly]ControlType='Edit'"  &lt; Set via SendKeys &gt;
\0&lt;/a&gt;
W, 5176, 26, 2013/05/23, 09:40:48.564, 2424366608010, QTAgent32.exe, &lt;a class=success&gt;Playback - {13} [SUCCESS] MouseButtonClick - "[MSAA, VisibleOnly]ControlType='Button' &amp;&amp; Name='OK'"
\0&lt;/a&gt;
W, 5176, 26, 2013/05/23, 09:40:48.955, 2424372198741, QTAgent32.exe, Playback - [WARNING] Internal warning: Window Not Found: [VisibleOnly]ControlType='Window' &amp;&amp; Name='Warning' &amp;&amp; ClassName='#32770'
\0
E, 5176, 26, 2013/05/23, 09:40:48.955, 2424372201109, QTAgent32.exe, &lt;a class=failure&gt;Playback - {14} [FAILED] Function ElementFetcher::FindScreenElement failed to locate UI element (Searching: ;[VisibleOnly]ControlType='Window' &amp;&amp; Name='Warning' &amp;&amp; ClassName='#32770') (The object specified was not found.)
\0&lt;/a&gt;
E, 5176, 26, 2013/05/23, 09:40:48.996, 2424372786460, QTAgent32.exe, Playback - [IMAGE] C:\Users\testuser\AppData\Local\Temp\UITestLogs\LastRun\RPFA334.png
\0
W, 5176, 26, 2013/05/23, 09:40:48.996, 2424372788072, QTAgent32.exe, Playback - [WARNING] Internal warning: Couldn't find descendants that match QueryId
\0
W, 5176, 26, 2013/05/23, 09:41:12.690, 2424712044089, QTAgent32.exe, Playback - [WARNING] Internal warning: Window Not Found: [VisibleOnly]ControlType='Window' &amp;&amp; Name='Warning' &amp;&amp; ClassName='#32770'
\0
E, 5176, 26, 2013/05/23, 09:41:12.690, 2424712047148, QTAgent32.exe, &lt;a class=failure&gt;Playback - {15} [FAILED] Function ElementFetcher::FindScreenElement failed to locate UI element (Searching: ;[VisibleOnly]ControlType='Window' &amp;&amp; Name='Warning' &amp;&amp; ClassName='#32770') (The object specified was not found.)
\0&lt;/a&gt;
E, 5176, 26, 2013/05/23, 09:41:12.735, 2424712685132, QTAgent32.exe, Playback - [IMAGE] C:\Users\testuser\AppData\Local\Temp\UITestLogs\LastRun\RPFFFF4.png
\0
W, 5176, 26, 2013/05/23, 09:41:12.735, 2424712686690, QTAgent32.exe, Playback - [WARNING] Internal warning: Couldn't find descendants that match QueryId
\0
W, 5176, 26, 2013/05/23, 09:41:12.735, 2424712689660, QTAgent32.exe, PERF WARNING: FindTopLevelWindowHelper::FindAllDescendents: took 23738 ms. Expected it to take maximum 500 ms.
W, 5176, 26, 2013/05/23, 09:41:13.583, 2424724826239, QTAgent32.exe, Playback - [WARNING] Internal warning: Smart Match failed
\0
W, 5176, 26, 2013/05/23, 09:41:15.659, 2424754549110, QTAgent32.exe, Playback - [WARNING] Internal warning: Smart Match failed
\0
W, 5176, 26, 2013/05/23, 09:41:15.772, 2424756170738, QTAgent32.exe, Playback - [WARNING] Internal warning: Window Not Found: [VisibleOnly]ControlType='Window' &amp;&amp; Name='Warning' &amp;&amp; ClassName='#32770'
\0
E, 5176, 26, 2013/05/23, 09:41:15.772, 2424756172452, QTAgent32.exe, &lt;a class=failure&gt;Playback - {16} [FAILED] Function ElementFetcher::FindScreenElement failed to locate UI element (Searching: ;[VisibleOnly]ControlType='Window' &amp;&amp; Name='Warning' &amp;&amp; ClassName='#32770') (The object specified was not found.)
\0&lt;/a&gt;
W, 5176, 26, 2013/05/23, 09:41:15.773, 2424756181817, QTAgent32.exe, Playback - [WARNING] Internal failure: StretchBlt failed in DumpScreen (this message may not reflect the reason for the failure correctly) (Access is denied.)
\0
W, 5176, 26, 2013/05/23, 09:41:15.773, 2424756182773, QTAgent32.exe, Playback - [WARNING] Internal warning: Couldn't find descendants that match QueryId
\0
W, 5176, 26, 2013/05/23, 09:41:15.773, 2424756185356, QTAgent32.exe, PERF WARNING: FindTopLevelWindowHelper::FindAllDescendents: took 3037 ms. Expected it to take maximum 500 ms.
E, 5176, 26, 2013/05/23, 09:41:15.773, 2424756186898, QTAgent32.exe, Exception: System.Runtime.InteropServices.COMException
	Message: Error HRESULT E_FAIL has been returned from a call to a COM component.
	Stack Trace:    at Microsoft.VisualStudio.TestTools.UITest.Playback.Engine.IRPFPlayback.FindAllScreenElements(IScreenElement pScreenElementStart, String bstrQueryId, Object&amp; pvarResKeys, Int32 cResKeys, Int32 nMaxDepth, Object[]&amp; foundDescendants)
   at Microsoft.VisualStudio.TestTools.UITest.Playback.ScreenElement.FindTopLevelWindowHelper(String queryId)
	BaseExceptionMessage: Error HRESULT E_FAIL has been returned from a call to a COM component.

E, 5176, 26, 2013/05/23, 09:41:16.890, 2424772175925, QTAgent32.exe, AL: Playback Error: Microsoft.VisualStudio.TestTools.UITest.Extension.UITestException: Automation engine is unable to playback the test because it is not able to interact with the desktop.  This could happen if the computer running the test is locked or it’s remote session window is minimized.
   at Microsoft.VisualStudio.TestTools.UITesting.Playback.ThrowIfScreenLockedOrRemoteSessionMinimized()
   at Microsoft.VisualStudio.TestTools.UITesting.Playback.MapAndThrowException(SystemException exception, IPlaybackContext context)
   at Microsoft.VisualStudio.TestTools.UITesting.Playback.MapAndThrowException(SystemException exception, String actionName, UITestControl uiControl)
   at Microsoft.VisualStudio.TestTools.UITesting.Mouse.ClickImplementation(UITestControl control, MouseButtons button, ModifierKeys modifierKeys, Point relativeCoordinate)
   at Microsoft.VisualStudio.TestTools.UITesting.Mouse.ClickImplementationWrapper(UITestControl control, MouseButtons button, ModifierKeys modifierKeys, Point relativeCoordinate)
W, 5176, 26, 2013/05/23, 09:41:16.890, 2424772177198, QTAgent32.exe, PlaybackErrorHandler: Ignoring exception as ContinueOnError is set.
W, 5176, 26, 2013/05/23, 09:41:16.922, 2424772631831, QTAgent32.exe, &lt;a class=success&gt;Playback - {17} [SUCCESS] TypeString "#(R)"
\0&lt;/a&gt;
W, 5176, 26, 2013/05/23, 09:41:17.247, 2424777288147, QTAgent32.exe, Playback - [WARNING] Internal warning: Window Not Found: [VisibleOnly]ControlType='Window' &amp;&amp; Name='Run' &amp;&amp; ClassName='#32770'
\0
E, 5176, 26, 2013/05/23, 09:41:17.247, 2424777290302, QTAgent32.exe, &lt;a class=failure&gt;Playback - {18} [FAILED] Function ElementFetcher::FindScreenElement failed to locate UI element (Searching: ;[VisibleOnly]ControlType='Window' &amp;&amp; Name='Run' &amp;&amp; ClassName='#32770') (The object specified was not found.)
\0&lt;/a&gt;
W, 5176, 26, 2013/05/23, 09:41:17.248, 2424777301161, QTAgent32.exe, Playback - [WARNING] Internal failure: StretchBlt failed in DumpScreen (this message may not reflect the reason for the failure correctly) (Access is denied.)
\0
W, 5176, 26, 2013/05/23, 09:41:17.248, 2424777302113, QTAgent32.exe, Playback - [WARNING] Internal warning: Couldn't find descendants that match QueryId
\0
W, 5176, 26, 2013/05/23, 09:41:35.250, 2425035064360, QTAgent32.exe, Playback - [WARNING] Internal warning: Window Not Found: [VisibleOnly]ControlType='Window' &amp;&amp; Name='Run' &amp;&amp; ClassName='#32770'
\0
E, 5176, 26, 2013/05/23, 09:41:35.251, 2425035066726, QTAgent32.exe, &lt;a class=failure&gt;Playback - {19} [FAILED] Function ElementFetcher::FindScreenElement failed to locate UI element (Searching: ;[VisibleOnly]ControlType='Window' &amp;&amp; Name='Run' &amp;&amp; ClassName='#32770') (The object specified was not found.)
\0&lt;/a&gt;
W, 5176, 26, 2013/05/23, 09:41:35.251, 2425035078306, QTAgent32.exe, Playback - [WARNING] Internal failure: StretchBlt failed in DumpScreen (this message may not reflect the reason for the failure correctly) (Access is denied.)
\0
W, 5176, 26, 2013/05/23, 09:41:35.251, 2425035079280, QTAgent32.exe, Playback - [WARNING] Internal warning: Couldn't find descendants that match QueryId
\0
W, 5176, 26, 2013/05/23, 09:41:35.252, 2425035081794, QTAgent32.exe, PERF WARNING: FindTopLevelWindowHelper::FindAllDescendents: took 18003 ms. Expected it to take maximum 500 ms.
W, 5176, 26, 2013/05/23, 09:41:35.689, 2425041340924, QTAgent32.exe, Playback - [WARNING] Internal warning: Smart Match failed
\0
W, 5176, 26, 2013/05/23, 09:41:35.867, 2425043898945, QTAgent32.exe, Playback - [WARNING] Internal warning: Smart Match failed
\0
W, 5176, 26, 2013/05/23, 09:41:36.042, 2425046399321, QTAgent32.exe, Playback - [WARNING] Internal warning: Smart Match failed
\0
W, 5176, 26, 2013/05/23, 09:41:36.217, 2425048904649, QTAgent32.exe, Playback - [WARNING] Internal warning: Smart Match failed
\0
W, 5176, 26, 2013/05/23, 09:41:36.391, 2425051394427, QTAgent32.exe, Playback - [WARNING] Internal warning: Smart Match failed
\0
W, 5176, 26, 2013/05/23, 09:41:36.565, 2425053887970, QTAgent32.exe, Playback - [WARNING] Internal warning: Smart Match failed
\0
W, 5176, 26, 2013/05/23, 09:41:36.737, 2425056357152, QTAgent32.exe, Playback - [WARNING] Internal warning: Smart Match failed
\0
W, 5176, 26, 2013/05/23, 09:41:36.915, 2425058906527, QTAgent32.exe, Playback - [WARNING] Internal warning: Smart Match failed
\0
W, 5176, 26, 2013/05/23, 09:41:37.087, 2425061371287, QTAgent32.exe, Playback - [WARNING] Internal warning: Smart Match failed
\0
W, 5176, 26, 2013/05/23, 09:41:37.262, 2425063864957, QTAgent32.exe, Playback - [WARNING] Internal warning: Smart Match failed
\0
W, 5176, 26, 2013/05/23, 09:41:37.436, 2425066369029, QTAgent32.exe, Playback - [WARNING] Internal warning: Smart Match failed
\0
W, 5176, 26, 2013/05/23, 09:41:37.611, 2425068870138, QTAgent32.exe, Playback - [WARNING] Internal warning: Smart Match failed
\0
W, 5176, 26, 2013/05/23, 09:41:37.784, 2425071348207, QTAgent32.exe, Playback - [WARNING] Internal warning: Smart Match failed
\0
W, 5176, 26, 2013/05/23, 09:41:37.957, 2425073829701, QTAgent32.exe, Playback - [WARNING] Internal warning: Smart Match failed
\0
W, 5176, 26, 2013/05/23, 09:41:38.136, 2425076387259, QTAgent32.exe, Playback - [WARNING] Internal warning: Smart Match failed
\0
W, 5176, 26, 2013/05/23, 09:41:38.315, 2425078949963, QTAgent32.exe, Playback - [WARNING] Internal warning: Smart Match failed
\0
W, 5176, 26, 2013/05/23, 09:41:38.380, 2425079877652, QTAgent32.exe, Playback - [WARNING] Internal warning: Window Not Found: [VisibleOnly]ControlType='Window' &amp;&amp; Name='Run' &amp;&amp; ClassName='#32770'
\0
E, 5176, 26, 2013/05/23, 09:41:38.380, 2425079879317, QTAgent32.exe, &lt;a class=failure&gt;Playback - {20} [FAILED] Function ElementFetcher::FindScreenElement failed to locate UI element (Searching: ;[VisibleOnly]ControlType='Window' &amp;&amp; Name='Run' &amp;&amp; ClassName='#32770') (The object specified was not found.)
\0&lt;/a&gt;
W, 5176, 26, 2013/05/23, 09:41:38.381, 2425079889384, QTAgent32.exe, Playback - [WARNING] Internal failure: StretchBlt failed in DumpScreen (this message may not reflect the reason for the failure correctly) (Access is denied.)
\0
W, 5176, 26, 2013/05/23, 09:41:38.381, 2425079890306, QTAgent32.exe, Playback - [WARNING] Internal warning: Couldn't find descendants that match QueryId
\0
W, 5176, 26, 2013/05/23, 09:41:38.381, 2425079892388, QTAgent32.exe, PERF WARNING: FindTopLevelWindowHelper::FindAllDescendents: took 3129 ms. Expected it to take maximum 500 ms.
E, 5176, 26, 2013/05/23, 09:41:38.381, 2425079893908, QTAgent32.exe, Exception: System.Runtime.InteropServices.COMException
	Message: Error HRESULT E_FAIL has been returned from a call to a COM component.
	Stack Trace:    at Microsoft.VisualStudio.TestTools.UITest.Playback.Engine.IRPFPlayback.FindAllScreenElements(IScreenElement pScreenElementStart, String bstrQueryId, Object&amp; pvarResKeys, Int32 cResKeys, Int32 nMaxDepth, Object[]&amp; foundDescendants)
   at Microsoft.VisualStudio.TestTools.UITest.Playback.ScreenElement.FindTopLevelWindowHelper(String queryId)
	BaseExceptionMessage: Error HRESULT E_FAIL has been returned from a call to a COM component.

E, 5176, 26, 2013/05/23, 09:41:38.882, 2425087060391, QTAgent32.exe, AL: Playback Error: Microsoft.VisualStudio.TestTools.UITest.Extension.UITestException: Automation engine is unable to playback the test because it is not able to interact with the desktop.  This could happen if the computer running the test is locked or it’s remote session window is minimized.
   at Microsoft.VisualStudio.TestTools.UITesting.Playback.ThrowIfScreenLockedOrRemoteSessionMinimized()
   at Microsoft.VisualStudio.TestTools.UITesting.Playback.MapAndThrowException(SystemException exception, IPlaybackContext context)
   at Microsoft.VisualStudio.TestTools.UITesting.Playback.MapAndThrowException(SystemException exception, String queryId)
   at Microsoft.VisualStudio.TestTools.UITesting.UITestControl..ctor(String queryId)
   at Microsoft.VisualStudio.TestTools.UITesting.SearchHelper.SearchTopLevelWindow(ISearchArgument topLevelSearchArg, String topLevelElementQueryId)
   at Microsoft.VisualStudio.TestTools.UITesting.SearchHelper.GetTitleUpdatedTopLevelWindow(ISearchArgument topLevelSearchArg, String queryId, IList`1 windowTitles)
   at Microsoft.VisualStudio.TestTools.UITesting.SearchHelper.GetTopLevelElement(Boolean useCache, Boolean useCacheOnly, ISearchArgument searchArg, IList`1 windowTitles, Int32&amp; timeLeft)
   at Microsoft.VisualStudio.TestTools.UITesting.SearchHelper.GetElement(Boolean useCache, ISearchArgument searchArg)
   at Microsoft.VisualStudio.TestTools.UITesting.SearchHelper.Search(ISearchArgument searchArg)
   at Microsoft.VisualStudio.TestTools.UITesting.UITestControl.FindInternal()
   at Microsoft.VisualStudio.TestTools.UITesting.UITestControl.FindControlIfNecessary()
   at Microsoft.VisualStudio.TestTools.UITesting.UITestControl.SetProperty(String propertyName, Object value)
W, 5176, 26, 2013/05/23, 09:41:41.478, 2425124231598, QTAgent32.exe, IEDOM : StopSession of the plugin called before StartSession
W, 5176, 26, 2013/05/23, 09:41:41.478, 2425124232632, QTAgent32.exe, UIA : StopSession of the plugin called before StartSession
</DebugTrace>
        <ErrorInfo>
          <Message>Test method Ver1.CodedUITest2.MotoAmendRiskNewScheme threw exception: 
Microsoft.VisualStudio.TestTools.UITest.Extension.UITestException: Automation engine is unable to playback the test because it is not able to interact with the desktop.  This could happen if the computer running the test is locked or it’s remote session window is minimized.</Message>
          <StackTrace>    at Microsoft.VisualStudio.TestTools.UITesting.Playback.ThrowIfScreenLockedOrRemoteSessionMinimized()
   at Microsoft.VisualStudio.TestTools.UITesting.Playback.MapAndThrowException(SystemException exception, IPlaybackContext context)
   at Microsoft.VisualStudio.TestTools.UITesting.Playback.MapAndThrowException(SystemException exception, String queryId)
   at Microsoft.VisualStudio.TestTools.UITesting.UITestControl..ctor(String queryId)
   at Microsoft.VisualStudio.TestTools.UITesting.SearchHelper.SearchTopLevelWindow(ISearchArgument topLevelSearchArg, String topLevelElementQueryId)
   at Microsoft.VisualStudio.TestTools.UITesting.SearchHelper.GetTitleUpdatedTopLevelWindow(ISearchArgument topLevelSearchArg, String queryId, IList`1 windowTitles)
   at Microsoft.VisualStudio.TestTools.UITesting.SearchHelper.GetTopLevelElement(Boolean useCache, Boolean useCacheOnly, ISearchArgument searchArg, IList`1 windowTitles, Int32&amp; timeLeft)
   at Microsoft.VisualStudio.TestTools.UITesting.SearchHelper.GetElement(Boolean useCache, ISearchArgument searchArg)
   at Microsoft.VisualStudio.TestTools.UITesting.SearchHelper.Search(ISearchArgument searchArg)
   at Microsoft.VisualStudio.TestTools.UITesting.UITestControl.FindInternal()
   at Microsoft.VisualStudio.TestTools.UITesting.UITestControl.FindControlIfNecessary()
   at Microsoft.VisualStudio.TestTools.UITesting.UITestControl.SetProperty(String propertyName, Object value)
   at Microsoft.VisualStudio.TestTools.UITesting.WinControls.WinComboBox.set_EditableItem(String value)
   at Ver1.UIMap.RegistryHighway() in C:\AutotestTam1205\TestProject7\UIMap.Designer.cs:line 4369
   at Ver1.CodedUITest2.MotoAmendRiskNewScheme() in C:\AutotestTam1205\TestProject7\CodedUITest2.cs:line 734
</StackTrace>
        </ErrorInfo>
      </Output>
      <ExtensionResult>Failed to take screen shot: The handle is invalid</ExtensionResult>
    </UnitTestResult>
    <UnitTestResult executionId="bec7be28-b1fa-4f1b-9e12-5f299e90791b" testId="311133ab-01d5-f9e4-d13b-e35f37a745ec" testName="MotoRebrokeRenewCurrent" computerName="ICDVDEVTM01" duration="00:00:00.5399315" startTime="2013-05-23T09:41:41.4908566+01:00" endTime="2013-05-23T09:41:42.0359258+01:00" testType="13cdc9d9-ddb5-4fa4-a97d-d965ccfc6d4b" outcome="Failed" testListId="8c84fa94-04c1-424b-9868-57a2d4851a1d" relativeResultsDirectory="bec7be28-b1fa-4f1b-9e12-5f299e90791b">
      <Output>
        <ErrorInfo>
          <Message>Error calling Initialization method for test class Ver1.CodedUITest2: Microsoft.VisualStudio.TestTools.UITest.Extension.UITestException: Automation engine is unable to playback the test because it is not able to interact with the desktop.  This could happen if the computer running the test is locked or it’s remote session window is minimized.</Message>
          <StackTrace>    at Microsoft.VisualStudio.TestTools.UITesting.Playback.ThrowIfScreenLockedOrRemoteSessionMinimized()
   at Microsoft.VisualStudio.TestTools.UITesting.Playback.Initialize()
   at Microsoft.VisualStudio.TestTools.UITesting.CodedUITestExtensionExecution.BeforeTestInitialize(Object sender, BeforeTestInitializeEventArgs e)
   at Microsoft.VisualStudio.TestTools.TestTypes.Unit.UnitTestExecution.RaiseBeforeTestInitialize(BeforeTestInitializeEventArgs args)
   at Microsoft.VisualStudio.TestTools.TestTypes.Unit.UnitTestExecuter.RunInitializeMethod()
</StackTrace>
        </ErrorInfo>
      </Output>
    </UnitTestResult>
    <UnitTestResult executionId="6fe92b64-86fd-44fc-bf74-01cfa99f2448" testId="a5f54e40-1bf8-ce13-c337-6a02b2b7e5d4" testName="MotoRebrokeRenewExistingScheme" computerName="ICDVDEVTM01" duration="00:00:00.5008489" startTime="2013-05-23T09:41:42.0379261+01:00" endTime="2013-05-23T09:41:42.5424902+01:00" testType="13cdc9d9-ddb5-4fa4-a97d-d965ccfc6d4b" outcome="Failed" testListId="8c84fa94-04c1-424b-9868-57a2d4851a1d" relativeResultsDirectory="6fe92b64-86fd-44fc-bf74-01cfa99f2448">
      <Output>
        <ErrorInfo>
          <Message>Error calling Initialization method for test class Ver1.CodedUITest2: Microsoft.VisualStudio.TestTools.UITest.Extension.UITestException: Automation engine is unable to playback the test because it is not able to interact with the desktop.  This could happen if the computer running the test is locked or it’s remote session window is minimized.</Message>
          <StackTrace>    at Microsoft.VisualStudio.TestTools.UITesting.Playback.ThrowIfScreenLockedOrRemoteSessionMinimized()
   at Microsoft.VisualStudio.TestTools.UITesting.Playback.Initialize()
   at Microsoft.VisualStudio.TestTools.UITesting.CodedUITestExtensionExecution.BeforeTestInitialize(Object sender, BeforeTestInitializeEventArgs e)
   at Microsoft.VisualStudio.TestTools.TestTypes.Unit.UnitTestExecution.RaiseBeforeTestInitialize(BeforeTestInitializeEventArgs args)
   at Microsoft.VisualStudio.TestTools.TestTypes.Unit.UnitTestExecuter.RunInitializeMethod()
</StackTrace>
        </ErrorInfo>
      </Output>
    </UnitTestResult>
    <UnitTestResult executionId="4553225b-b61f-4f22-899c-439a55581453" testId="72861ca4-760f-1d55-3273-faac7fb22762" testName="MotoRebrokeRenewNewScheme" computerName="ICDVDEVTM01" duration="00:00:00.5008878" startTime="2013-05-23T09:41:42.5444904+01:00" endTime="2013-05-23T09:41:43.0490545+01:00" testType="13cdc9d9-ddb5-4fa4-a97d-d965ccfc6d4b" outcome="Failed" testListId="8c84fa94-04c1-424b-9868-57a2d4851a1d" relativeResultsDirectory="4553225b-b61f-4f22-899c-439a55581453">
      <Output>
        <ErrorInfo>
          <Message>Error calling Initialization method for test class Ver1.CodedUITest2: Microsoft.VisualStudio.TestTools.UITest.Extension.UITestException: Automation engine is unable to playback the test because it is not able to interact with the desktop.  This could happen if the computer running the test is locked or it’s remote session window is minimized.</Message>
          <StackTrace>    at Microsoft.VisualStudio.TestTools.UITesting.Playback.ThrowIfScreenLockedOrRemoteSessionMinimized()
   at Microsoft.VisualStudio.TestTools.UITesting.Playback.Initialize()
   at Microsoft.VisualStudio.TestTools.UITesting.CodedUITestExtensionExecution.BeforeTestInitialize(Object sender, BeforeTestInitializeEventArgs e)
   at Microsoft.VisualStudio.TestTools.TestTypes.Unit.UnitTestExecution.RaiseBeforeTestInitialize(BeforeTestInitializeEventArgs args)
   at Microsoft.VisualStudio.TestTools.TestTypes.Unit.UnitTestExecuter.RunInitializeMethod()
</StackTrace>
        </ErrorInfo>
      </Output>
    </UnitTestResult>
    <UnitTestResult executionId="e1a84217-5ca5-4a1f-b6bd-caa109d6ffe8" testId="092560b0-34b4-ac01-6d5d-c895bfb1f95f" testName="HouseRenewalBefore" computerName="ICDVDEVTM01" duration="00:00:00.5007781" startTime="2013-05-23T09:41:43.0520549+01:00" endTime="2013-05-23T09:41:43.5566189+01:00" testType="13cdc9d9-ddb5-4fa4-a97d-d965ccfc6d4b" outcome="Failed" testListId="8c84fa94-04c1-424b-9868-57a2d4851a1d" relativeResultsDirectory="e1a84217-5ca5-4a1f-b6bd-caa109d6ffe8">
      <Output>
        <ErrorInfo>
          <Message>Error calling Initialization method for test class Ver1.CodedUITest2: Microsoft.VisualStudio.TestTools.UITest.Extension.UITestException: Automation engine is unable to playback the test because it is not able to interact with the desktop.  This could happen if the computer running the test is locked or it’s remote session window is minimized.</Message>
          <StackTrace>    at Microsoft.VisualStudio.TestTools.UITesting.Playback.ThrowIfScreenLockedOrRemoteSessionMinimized()
   at Microsoft.VisualStudio.TestTools.UITesting.Playback.Initialize()
   at Microsoft.VisualStudio.TestTools.UITesting.CodedUITestExtensionExecution.BeforeTestInitialize(Object sender, BeforeTestInitializeEventArgs e)
   at Microsoft.VisualStudio.TestTools.TestTypes.Unit.UnitTestExecution.RaiseBeforeTestInitialize(BeforeTestInitializeEventArgs args)
   at Microsoft.VisualStudio.TestTools.TestTypes.Unit.UnitTestExecuter.RunInitializeMethod()
</StackTrace>
        </ErrorInfo>
      </Output>
    </UnitTestResult>
    <UnitTestResult executionId="fd24228a-6d37-4d1c-b9cd-126949549533" testId="85fea04a-2d22-da29-e2a5-a62a531bce65" testName="HouseRenewalAfter" computerName="ICDVDEVTM01" duration="00:00:00.5008031" startTime="2013-05-23T09:41:43.5596193+01:00" endTime="2013-05-23T09:41:44.0641834+01:00" testType="13cdc9d9-ddb5-4fa4-a97d-d965ccfc6d4b" outcome="Failed" testListId="8c84fa94-04c1-424b-9868-57a2d4851a1d" relativeResultsDirectory="fd24228a-6d37-4d1c-b9cd-126949549533">
      <Output>
        <ErrorInfo>
          <Message>Error calling Initialization method for test class Ver1.CodedUITest2: Microsoft.VisualStudio.TestTools.UITest.Extension.UITestException: Automation engine is unable to playback the test because it is not able to interact with the desktop.  This could happen if the computer running the test is locked or it’s remote session window is minimized.</Message>
          <StackTrace>    at Microsoft.VisualStudio.TestTools.UITesting.Playback.ThrowIfScreenLockedOrRemoteSessionMinimized()
   at Microsoft.VisualStudio.TestTools.UITesting.Playback.Initialize()
   at Microsoft.VisualStudio.TestTools.UITesting.CodedUITestExtensionExecution.BeforeTestInitialize(Object sender, BeforeTestInitializeEventArgs e)
   at Microsoft.VisualStudio.TestTools.TestTypes.Unit.UnitTestExecution.RaiseBeforeTestInitialize(BeforeTestInitializeEventArgs args)
   at Microsoft.VisualStudio.TestTools.TestTypes.Unit.UnitTestExecuter.RunInitializeMethod()
</StackTrace>
        </ErrorInfo>
      </Output>
    </UnitTestResult>
    <UnitTestResult executionId="4865942a-4fab-43cf-8dd8-13c306594422" testId="0141781e-e8c8-68a2-deee-13f636ac4d13" testName="HouseAmendRiskExistingScheme" computerName="ICDVDEVTM01" duration="00:00:00.5010926" startTime="2013-05-23T09:41:44.0671838+01:00" endTime="2013-05-23T09:41:44.5717478+01:00" testType="13cdc9d9-ddb5-4fa4-a97d-d965ccfc6d4b" outcome="Failed" testListId="8c84fa94-04c1-424b-9868-57a2d4851a1d" relativeResultsDirectory="4865942a-4fab-43cf-8dd8-13c306594422">
      <Output>
        <ErrorInfo>
          <Message>Error calling Initialization method for test class Ver1.CodedUITest2: Microsoft.VisualStudio.TestTools.UITest.Extension.UITestException: Automation engine is unable to playback the test because it is not able to interact with the desktop.  This could happen if the computer running the test is locked or it’s remote session window is minimized.</Message>
          <StackTrace>    at Microsoft.VisualStudio.TestTools.UITesting.Playback.ThrowIfScreenLockedOrRemoteSessionMinimized()
   at Microsoft.VisualStudio.TestTools.UITesting.Playback.Initialize()
   at Microsoft.VisualStudio.TestTools.UITesting.CodedUITestExtensionExecution.BeforeTestInitialize(Object sender, BeforeTestInitializeEventArgs e)
   at Microsoft.VisualStudio.TestTools.TestTypes.Unit.UnitTestExecution.RaiseBeforeTestInitialize(BeforeTestInitializeEventArgs args)
   at Microsoft.VisualStudio.TestTools.TestTypes.Unit.UnitTestExecuter.RunInitializeMethod()
</StackTrace>
        </ErrorInfo>
      </Output>
    </UnitTestResult>
    <UnitTestResult executionId="bff4f702-8917-4ecb-b740-1f1a2edf8762" testId="e785005d-7402-4f52-14ec-dba919726f7b" testName="HouseAmendRiskNewScheme" computerName="ICDVDEVTM01" duration="00:00:00.5010870" startTime="2013-05-23T09:41:44.5747482+01:00" endTime="2013-05-23T09:41:45.0793123+01:00" testType="13cdc9d9-ddb5-4fa4-a97d-d965ccfc6d4b" outcome="Failed" testListId="8c84fa94-04c1-424b-9868-57a2d4851a1d" relativeResultsDirectory="bff4f702-8917-4ecb-b740-1f1a2edf8762">
      <Output>
        <ErrorInfo>
          <Message>Error calling Initialization method for test class Ver1.CodedUITest2: Microsoft.VisualStudio.TestTools.UITest.Extension.UITestException: Automation engine is unable to playback the test because it is not able to interact with the desktop.  This could happen if the computer running the test is locked or it’s remote session window is minimized.</Message>
          <StackTrace>    at Microsoft.VisualStudio.TestTools.UITesting.Playback.ThrowIfScreenLockedOrRemoteSessionMinimized()
   at Microsoft.VisualStudio.TestTools.UITesting.Playback.Initialize()
   at Microsoft.VisualStudio.TestTools.UITesting.CodedUITestExtensionExecution.BeforeTestInitialize(Object sender, BeforeTestInitializeEventArgs e)
   at Microsoft.VisualStudio.TestTools.TestTypes.Unit.UnitTestExecution.RaiseBeforeTestInitialize(BeforeTestInitializeEventArgs args)
   at Microsoft.VisualStudio.TestTools.TestTypes.Unit.UnitTestExecuter.RunInitializeMethod()
</StackTrace>
        </ErrorInfo>
      </Output>
    </UnitTestResult>
    <UnitTestResult executionId="0b3030c7-b94f-4288-bd6e-39d124d8c219" testId="1f8782a3-4d48-8c5d-f81c-c88ed9c281c4" testName="HouseRebrokeRenewCurrent" computerName="ICDVDEVTM01" duration="00:00:00.5010157" startTime="2013-05-23T09:41:45.0828127+01:00" endTime="2013-05-23T09:41:45.5873768+01:00" testType="13cdc9d9-ddb5-4fa4-a97d-d965ccfc6d4b" outcome="Failed" testListId="8c84fa94-04c1-424b-9868-57a2d4851a1d" relativeResultsDirectory="0b3030c7-b94f-4288-bd6e-39d124d8c219">
      <Output>
        <ErrorInfo>
          <Message>Error calling Initialization method for test class Ver1.CodedUITest2: Microsoft.VisualStudio.TestTools.UITest.Extension.UITestException: Automation engine is unable to playback the test because it is not able to interact with the desktop.  This could happen if the computer running the test is locked or it’s remote session window is minimized.</Message>
          <StackTrace>    at Microsoft.VisualStudio.TestTools.UITesting.Playback.ThrowIfScreenLockedOrRemoteSessionMinimized()
   at Microsoft.VisualStudio.TestTools.UITesting.Playback.Initialize()
   at Microsoft.VisualStudio.TestTools.UITesting.CodedUITestExtensionExecution.BeforeTestInitialize(Object sender, BeforeTestInitializeEventArgs e)
   at Microsoft.VisualStudio.TestTools.TestTypes.Unit.UnitTestExecution.RaiseBeforeTestInitialize(BeforeTestInitializeEventArgs args)
   at Microsoft.VisualStudio.TestTools.TestTypes.Unit.UnitTestExecuter.RunInitializeMethod()
</StackTrace>
        </ErrorInfo>
      </Output>
    </UnitTestResult>
    <UnitTestResult executionId="b38891ca-0384-4673-9b08-d91fd1ef27af" testId="a0f51a54-7cb2-4ad5-9dc0-3545e9f02b07" testName="HouseRebrokeRenewExistingScheme" computerName="ICDVDEVTM01" duration="00:00:00.5007011" startTime="2013-05-23T09:41:45.5903772+01:00" endTime="2013-05-23T09:41:46.0944412+01:00" testType="13cdc9d9-ddb5-4fa4-a97d-d965ccfc6d4b" outcome="Failed" testListId="8c84fa94-04c1-424b-9868-57a2d4851a1d" relativeResultsDirectory="b38891ca-0384-4673-9b08-d91fd1ef27af">
      <Output>
        <ErrorInfo>
          <Message>Error calling Initialization method for test class Ver1.CodedUITest2: Microsoft.VisualStudio.TestTools.UITest.Extension.UITestException: Automation engine is unable to playback the test because it is not able to interact with the desktop.  This could happen if the computer running the test is locked or it’s remote session window is minimized.</Message>
          <StackTrace>    at Microsoft.VisualStudio.TestTools.UITesting.Playback.ThrowIfScreenLockedOrRemoteSessionMinimized()
   at Microsoft.VisualStudio.TestTools.UITesting.Playback.Initialize()
   at Microsoft.VisualStudio.TestTools.UITesting.CodedUITestExtensionExecution.BeforeTestInitialize(Object sender, BeforeTestInitializeEventArgs e)
   at Microsoft.VisualStudio.TestTools.TestTypes.Unit.UnitTestExecution.RaiseBeforeTestInitialize(BeforeTestInitializeEventArgs args)
   at Microsoft.VisualStudio.TestTools.TestTypes.Unit.UnitTestExecuter.RunInitializeMethod()
</StackTrace>
        </ErrorInfo>
      </Output>
    </UnitTestResult>
    <UnitTestResult executionId="425bce29-4123-4269-981f-cefa14d0ccf1" testId="49954a0c-626b-cfff-45f2-8522f1cf2034" testName="HouseRebrokeRenewNewScheme" computerName="ICDVDEVTM01" duration="00:00:00.5009612" startTime="2013-05-23T09:41:46.0974416+01:00" endTime="2013-05-23T09:41:46.6025057+01:00" testType="13cdc9d9-ddb5-4fa4-a97d-d965ccfc6d4b" outcome="Failed" testListId="8c84fa94-04c1-424b-9868-57a2d4851a1d" relativeResultsDirectory="425bce29-4123-4269-981f-cefa14d0ccf1">
      <Output>
        <ErrorInfo>
          <Message>Error calling Initialization method for test class Ver1.CodedUITest2: Microsoft.VisualStudio.TestTools.UITest.Extension.UITestException: Automation engine is unable to playback the test because it is not able to interact with the desktop.  This could happen if the computer running the test is locked or it’s remote session window is minimized.</Message>
          <StackTrace>    at Microsoft.VisualStudio.TestTools.UITesting.Playback.ThrowIfScreenLockedOrRemoteSessionMinimized()
   at Microsoft.VisualStudio.TestTools.UITesting.Playback.Initialize()
   at Microsoft.VisualStudio.TestTools.UITesting.CodedUITestExtensionExecution.BeforeTestInitialize(Object sender, BeforeTestInitializeEventArgs e)
   at Microsoft.VisualStudio.TestTools.TestTypes.Unit.UnitTestExecution.RaiseBeforeTestInitialize(BeforeTestInitializeEventArgs args)
   at Microsoft.VisualStudio.TestTools.TestTypes.Unit.UnitTestExecuter.RunInitializeMethod()
</StackTrace>
        </ErrorInfo>
      </Output>
    </UnitTestResult>
  </Results>
</TestRun>