<?xml version="1.0" encoding="UTF-8"?>
<TestRun id="b54074a7-dc75-49d4-bece-78bb8a328c75" name="testuser@ICLVDEVTL 2013-05-23 11:15:51" runUser="ICLVDEVTL\testuser" xmlns="http://microsoft.com/schemas/VisualStudio/TeamTest/2010">
  <TestSettings name="RemoteSetting" id="5c3ed885-967b-4862-a1a8-8a2764ec6e39">
    <Description>These are default test settings for a local test run.</Description>
    <Deployment userDeploymentRoot="C:\AutotestTam1205\TestResults" useDefaultDeploymentRoot="false" runDeploymentRoot="testuser_ICLVDEVTL 2013-05-23 11_15_51">
      <DeploymentItem filename="C:\TestLinkFixture.dll" />
      <DeploymentItem filename="C:\CookComputing.XmlRpcV2.dll" />
      <DeploymentItem filename="C:\TestLinkAPI.dll" />
    </Deployment>
    <RemoteController name="ICLVDEVTL" />
    <Execution location="Remote">
      <TestTypeSpecific>
        <UnitTestRunConfig testTypeId="13cdc9d9-ddb5-4fa4-a97d-d965ccfc6d4b">
          <AssemblyResolution>
            <TestDirectory useLoadContext="true" />
          </AssemblyResolution>
        </UnitTestRunConfig>
      </TestTypeSpecific>
      <AgentRule name="New role 1">
      </AgentRule>
    </Execution>
  </TestSettings>
  <Times creation="2013-05-23T11:15:51.9769235+01:00" queuing="2013-05-23T11:15:53.0249834+01:00" start="2013-05-23T11:15:54.1570482+01:00" finish="2013-05-23T11:18:24.4606451+01:00" />
  <ResultSummary outcome="Failed">
    <Counters total="1" executed="1" error="0" failed="1" timeout="0" aborted="0" inconclusive="0" passedButRunAborted="0" notRunnable="0" notExecuted="0" disconnected="0" warning="0" passed="0" completed="0" inProgress="0" pending="0" />
  </ResultSummary>
  <TestDefinitions>
    <UnitTest name="MotoAmendRiskExistingScheme" storage="c:\autotesttam1205\testproject7\bin\debug\ver1.dll" id="f84db9d6-ecb4-ffa9-b047-9aeb5fc142ad">
      <Execution id="e35eccd8-d7f3-4f9e-9ce3-76a140ccf18b" />
      <TestMethod codeBase="C:/AutotestTam1205/TestProject7/bin/Debug/Ver1.DLL" adapterTypeName="Microsoft.VisualStudio.TestTools.TestTypes.Unit.UnitTestAdapter, Microsoft.VisualStudio.QualityTools.Tips.UnitTest.Adapter, Version=10.0.0.0, Culture=neutral, PublicKeyToken=b03f5f7f11d50a3a" className="Ver1.CodedUITest2, Ver1, Version=1.0.0.0, Culture=neutral, PublicKeyToken=null" name="MotoAmendRiskExistingScheme" />
      <Extension>Microsoft.VisualStudio.TestTools.UITesting.CodedUITestAttribute, Microsoft.VisualStudio.QualityTools.CodedUITestFramework, Version=10.0.0.0, Culture=neutral, PublicKeyToken=b03f5f7f11d50a3a</Extension>
    </UnitTest>
  </TestDefinitions>
  <TestLists>
    <TestList name="Results Not in a List" id="8c84fa94-04c1-424b-9868-57a2d4851a1d" />
    <TestList name="All Loaded Results" id="19431567-8539-422a-85d7-44ee4e166bda" />
  </TestLists>
  <TestEntries>
    <TestEntry testId="f84db9d6-ecb4-ffa9-b047-9aeb5fc142ad" executionId="e35eccd8-d7f3-4f9e-9ce3-76a140ccf18b" testListId="8c84fa94-04c1-424b-9868-57a2d4851a1d" />
  </TestEntries>
  <Results>
    <UnitTestResult executionId="e35eccd8-d7f3-4f9e-9ce3-76a140ccf18b" testId="f84db9d6-ecb4-ffa9-b047-9aeb5fc142ad" testName="MotoAmendRiskExistingScheme" computerName="ICDVDEVTM01" duration="00:02:29.1625659" startTime="2013-05-23T11:19:12.2048029+01:00" endTime="2013-05-23T11:21:41.6617816+01:00" testType="13cdc9d9-ddb5-4fa4-a97d-d965ccfc6d4b" outcome="Failed" testListId="8c84fa94-04c1-424b-9868-57a2d4851a1d" relativeResultsDirectory="e35eccd8-d7f3-4f9e-9ce3-76a140ccf18b">
      <Output>
        <DebugTrace>W, 5176, 53, 2013/05/23, 11:19:17.631, 2508973704098, QTAgent32.exe, &lt;a class=success&gt;Playback - {1} [SUCCESS] MouseButtonClick - "[MSAA, VisibleOnly]ControlType='Edit'"
\0&lt;/a&gt;
W, 5176, 53, 2013/05/23, 11:19:17.833, 2508976581541, QTAgent32.exe, &lt;a class=success&gt;Playback - {2} [SUCCESS] SendKeys "[*]" - "[MSAA, VisibleOnly]ControlType='Edit'"
\0&lt;/a&gt;
W, 5176, 53, 2013/05/23, 11:19:18.439, 2508985259450, QTAgent32.exe, &lt;a class=success&gt;Playback - {3} [SUCCESS] MouseButtonClick - "[MSAA, VisibleOnly]ControlType='Button' &amp;&amp; Name='OK'"
\0&lt;/a&gt;
E, 5176, 53, 2013/05/23, 11:19:18.570, 2508987144219, QTAgent32.exe, LoadLibrary() : Unable to find the resource 37382 from assembly C:\Windows\system32\en-US\ieframe.dll.mui: Error1814
E, 5176, 53, 2013/05/23, 11:19:18.571, 2508987150383, QTAgent32.exe, LoadLibrary() : Unable to find the resource 41728 from assembly C:\Windows\system32\en-US\ieframe.dll.mui: Error1814
E, 5176, 53, 2013/05/23, 11:19:18.571, 2508987152595, QTAgent32.exe, LoadLibrary() : Unable to find the resource 8131 from assembly C:\Windows\system32\en-US\ieframe.dll.mui: Error1814
E, 5176, 53, 2013/05/23, 11:19:18.571, 2508987156055, QTAgent32.exe, LoadLibrary() : Unable to find the resource 8131 from assembly C:\Windows\system32\en-US\ieframe.dll.mui: Error1814
E, 5176, 53, 2013/05/23, 11:19:18.571, 2508987159981, QTAgent32.exe, LoadLibrary() : Unable to find the resource 8131 from assembly C:\Windows\system32\en-US\ieframe.dll.mui: Error1814
E, 5176, 53, 2013/05/23, 11:19:18.572, 2508987165226, QTAgent32.exe, LoadLibrary() : Unable to find the resource 803 from assembly C:\Windows\system32\en-US\user32.dll.mui: Error1814
W, 5176, 53, 2013/05/23, 11:19:18.635, 2508988065190, QTAgent32.exe, &lt;a class=success&gt;Playback - {4} [SUCCESS] SendKeys "^{HOME}" - "[MSAA, VisibleOnly]ControlType='Edit'"
\0&lt;/a&gt;
E, 5176, 53, 2013/05/23, 11:19:18.637, 2508988094005, QTAgent32.exe, Msaa.GetFocusedElement: could not find accessible object of foreground window
W, 5176, 53, 2013/05/23, 11:19:18.706, 2508989082149, QTAgent32.exe, &lt;a class=success&gt;Playback - {5} [SUCCESS] SendKeys "^+{END}" - "[MSAA, VisibleOnly]ControlType='Edit'"
\0&lt;/a&gt;
E, 5176, 53, 2013/05/23, 11:19:18.706, 2508989084258, QTAgent32.exe, Msaa.GetFocusedElement: could not find accessible object of foreground window
W, 5176, 53, 2013/05/23, 11:19:18.719, 2508989269026, QTAgent32.exe, &lt;a class=success&gt;Playback - {6} [SUCCESS] SendKeys "{DELETE}" - "[MSAA, VisibleOnly]ControlType='Edit'"
\0&lt;/a&gt;
W, 5176, 53, 2013/05/23, 11:19:18.934, 2508992351636, QTAgent32.exe, &lt;a class=success&gt;Playback - {7} [SUCCESS] SetValueAsEditBox "23/05/2013" - "[MSAA, VisibleOnly]ControlType='Edit'"  &lt; Set via SendKeys &gt;
\0&lt;/a&gt;
W, 5176, 53, 2013/05/23, 11:19:19.199, 2508996144446, QTAgent32.exe, Playback - [WARNING] Internal warning: Incorrect flag set for InvokeProgrammaticAction\0
W, 5176, 53, 2013/05/23, 11:19:19.316, 2508997827438, QTAgent32.exe, &lt;a class=success&gt;Playback - {8} [SUCCESS] SetValueAsComboBox "May" - "[MSAA, VisibleOnly]ControlType='ComboBox'"  &lt; SetValueAsComboBox, set by clicking on the item in the list box &gt;
\0&lt;/a&gt;
W, 5176, 53, 2013/05/23, 11:19:19.470, 2509000029772, QTAgent32.exe, &lt;a class=success&gt;Playback - {9} [SUCCESS] SendKeys "^{HOME}" - "[MSAA, VisibleOnly]ControlType='Edit'"
\0&lt;/a&gt;
E, 5176, 53, 2013/05/23, 11:19:19.470, 2509000031338, QTAgent32.exe, Msaa.GetFocusedElement: could not find accessible object of foreground window
W, 5176, 53, 2013/05/23, 11:19:19.522, 2509000774224, QTAgent32.exe, &lt;a class=success&gt;Playback - {10} [SUCCESS] SendKeys "^+{END}" - "[MSAA, VisibleOnly]ControlType='Edit'"
\0&lt;/a&gt;
E, 5176, 53, 2013/05/23, 11:19:19.522, 2509000775599, QTAgent32.exe, Msaa.GetFocusedElement: could not find accessible object of foreground window
W, 5176, 53, 2013/05/23, 11:19:19.535, 2509000954295, QTAgent32.exe, &lt;a class=success&gt;Playback - {11} [SUCCESS] SendKeys "{DELETE}" - "[MSAA, VisibleOnly]ControlType='Edit'"
\0&lt;/a&gt;
W, 5176, 53, 2013/05/23, 11:19:19.628, 2509002288687, QTAgent32.exe, &lt;a class=success&gt;Playback - {12} [SUCCESS] SetValueAsEditBox "2013" - "[MSAA, VisibleOnly]ControlType='Edit'"  &lt; Set via SendKeys &gt;
\0&lt;/a&gt;
W, 5176, 53, 2013/05/23, 11:19:19.844, 2509005390504, QTAgent32.exe, &lt;a class=success&gt;Playback - {13} [SUCCESS] MouseButtonClick - "[MSAA, VisibleOnly]ControlType='Button' &amp;&amp; Name='OK'"
\0&lt;/a&gt;
W, 5176, 53, 2013/05/23, 11:19:20.504, 2509014829352, QTAgent32.exe, Playback - [WARNING] Internal warning: Window Not Found: [VisibleOnly]ControlType='Window' &amp;&amp; Name='Warning' &amp;&amp; ClassName='#32770'
\0
E, 5176, 53, 2013/05/23, 11:19:20.504, 2509014831364, QTAgent32.exe, &lt;a class=failure&gt;Playback - {14} [FAILED] Function ElementFetcher::FindScreenElement failed to locate UI element (Searching: ;[VisibleOnly]ControlType='Window' &amp;&amp; Name='Warning' &amp;&amp; ClassName='#32770') (The object specified was not found.)
\0&lt;/a&gt;
E, 5176, 53, 2013/05/23, 11:19:20.544, 2509015412237, QTAgent32.exe, Playback - [IMAGE] C:\Users\testuser\AppData\Local\Temp\UITestLogs\LastRun\RPFD85A.png
\0
W, 5176, 53, 2013/05/23, 11:19:20.544, 2509015413816, QTAgent32.exe, Playback - [WARNING] Internal warning: Couldn't find descendants that match QueryId
\0
W, 5176, 53, 2013/05/23, 11:19:20.545, 2509015418825, QTAgent32.exe, PERF WARNING: FindTopLevelWindowHelper::FindAllDescendents: took 588 ms. Expected it to take maximum 500 ms.
W, 5176, 53, 2013/05/23, 11:19:38.561, 2509273380456, QTAgent32.exe, Playback - [WARNING] Internal warning: Window Not Found: [VisibleOnly]ControlType='Window' &amp;&amp; Name='Warning' &amp;&amp; ClassName='#32770'
\0
E, 5176, 53, 2013/05/23, 11:19:38.562, 2509273382811, QTAgent32.exe, &lt;a class=failure&gt;Playback - {15} [FAILED] Function ElementFetcher::FindScreenElement failed to locate UI element (Searching: ;[VisibleOnly]ControlType='Window' &amp;&amp; Name='Warning' &amp;&amp; ClassName='#32770') (The object specified was not found.)
\0&lt;/a&gt;
E, 5176, 53, 2013/05/23, 11:19:38.603, 2509273978405, QTAgent32.exe, Playback - [IMAGE] C:\Users\testuser\AppData\Local\Temp\UITestLogs\LastRun\RPF1EEB.png
\0
W, 5176, 53, 2013/05/23, 11:19:38.603, 2509273979990, QTAgent32.exe, Playback - [WARNING] Internal warning: Couldn't find descendants that match QueryId
\0
W, 5176, 53, 2013/05/23, 11:19:38.603, 2509273982559, QTAgent32.exe, PERF WARNING: FindTopLevelWindowHelper::FindAllDescendents: took 18057 ms. Expected it to take maximum 500 ms.
W, 5176, 53, 2013/05/23, 11:19:39.032, 2509280124639, QTAgent32.exe, Playback - [WARNING] Internal warning: Smart Match failed
\0
W, 5176, 53, 2013/05/23, 11:19:39.169, 2509282079046, QTAgent32.exe, Playback - [WARNING] Internal warning: Smart Match failed
\0
W, 5176, 53, 2013/05/23, 11:19:39.303, 2509284007168, QTAgent32.exe, Playback - [WARNING] Internal warning: Smart Match failed
\0
W, 5176, 53, 2013/05/23, 11:19:39.441, 2509285973650, QTAgent32.exe, Playback - [WARNING] Internal warning: Smart Match failed
\0
W, 5176, 53, 2013/05/23, 11:19:39.577, 2509287922542, QTAgent32.exe, Playback - [WARNING] Internal warning: Smart Match failed
\0
W, 5176, 53, 2013/05/23, 11:19:39.711, 2509289846518, QTAgent32.exe, Playback - [WARNING] Internal warning: Smart Match failed
\0
W, 5176, 53, 2013/05/23, 11:19:39.848, 2509291800861, QTAgent32.exe, Playback - [WARNING] Internal warning: Smart Match failed
\0
W, 5176, 53, 2013/05/23, 11:19:39.982, 2509293730472, QTAgent32.exe, Playback - [WARNING] Internal warning: Smart Match failed
\0
W, 5176, 53, 2013/05/23, 11:19:40.118, 2509295670911, QTAgent32.exe, Playback - [WARNING] Internal warning: Smart Match failed
\0
W, 5176, 53, 2013/05/23, 11:19:40.255, 2509297626551, QTAgent32.exe, Playback - [WARNING] Internal warning: Smart Match failed
\0
W, 5176, 53, 2013/05/23, 11:19:40.390, 2509299569760, QTAgent32.exe, Playback - [WARNING] Internal warning: Smart Match failed
\0
W, 5176, 53, 2013/05/23, 11:19:40.526, 2509301515435, QTAgent32.exe, Playback - [WARNING] Internal warning: Smart Match failed
\0
W, 5176, 53, 2013/05/23, 11:19:40.661, 2509303452929, QTAgent32.exe, Playback - [WARNING] Internal warning: Smart Match failed
\0
W, 5176, 53, 2013/05/23, 11:19:40.796, 2509305380138, QTAgent32.exe, Playback - [WARNING] Internal warning: Smart Match failed
\0
W, 5176, 53, 2013/05/23, 11:19:40.932, 2509307321982, QTAgent32.exe, Playback - [WARNING] Internal warning: Smart Match failed
\0
W, 5176, 53, 2013/05/23, 11:19:41.068, 2509309271051, QTAgent32.exe, Playback - [WARNING] Internal warning: Smart Match failed
\0
W, 5176, 53, 2013/05/23, 11:19:41.203, 2509311209008, QTAgent32.exe, Playback - [WARNING] Internal warning: Smart Match failed
\0
W, 5176, 53, 2013/05/23, 11:19:41.337, 2509313124508, QTAgent32.exe, Playback - [WARNING] Internal warning: Smart Match failed
\0
W, 5176, 53, 2013/05/23, 11:19:41.471, 2509315046196, QTAgent32.exe, Playback - [WARNING] Internal warning: Smart Match failed
\0
W, 5176, 53, 2013/05/23, 11:19:41.606, 2509316979779, QTAgent32.exe, Playback - [WARNING] Internal warning: Smart Match failed
\0
W, 5176, 53, 2013/05/23, 11:19:41.637, 2509317414362, QTAgent32.exe, Playback - [WARNING] Internal warning: Window Not Found: [VisibleOnly]ControlType='Window' &amp;&amp; Name='Warning' &amp;&amp; ClassName='#32770'
\0
E, 5176, 53, 2013/05/23, 11:19:41.637, 2509317415824, QTAgent32.exe, &lt;a class=failure&gt;Playback - {16} [FAILED] Function ElementFetcher::FindScreenElement failed to locate UI element (Searching: ;[VisibleOnly]ControlType='Window' &amp;&amp; Name='Warning' &amp;&amp; ClassName='#32770') (The object specified was not found.)
\0&lt;/a&gt;
E, 5176, 53, 2013/05/23, 11:19:41.677, 2509317983327, QTAgent32.exe, Playback - [IMAGE] C:\Users\testuser\AppData\Local\Temp\UITestLogs\LastRun\RPF2AEE.png
\0
W, 5176, 53, 2013/05/23, 11:19:41.677, 2509317984892, QTAgent32.exe, Playback - [WARNING] Internal warning: Couldn't find descendants that match QueryId
\0
W, 5176, 53, 2013/05/23, 11:19:41.677, 2509317987217, QTAgent32.exe, PERF WARNING: FindTopLevelWindowHelper::FindAllDescendents: took 3073 ms. Expected it to take maximum 500 ms.
E, 5176, 53, 2013/05/23, 11:19:41.678, 2509318000591, QTAgent32.exe, Exception: System.Runtime.InteropServices.COMException
	Message: Error HRESULT E_FAIL has been returned from a call to a COM component.
	Stack Trace:    at Microsoft.VisualStudio.TestTools.UITest.Playback.Engine.IRPFPlayback.FindAllScreenElements(IScreenElement pScreenElementStart, String bstrQueryId, Object&amp; pvarResKeys, Int32 cResKeys, Int32 nMaxDepth, Object[]&amp; foundDescendants)
   at Microsoft.VisualStudio.TestTools.UITest.Playback.ScreenElement.FindTopLevelWindowHelper(String queryId)
	BaseExceptionMessage: Error HRESULT E_FAIL has been returned from a call to a COM component.

E, 5176, 53, 2013/05/23, 11:19:41.810, 2509319894904, QTAgent32.exe, AL: Playback Error: Microsoft.VisualStudio.TestTools.UITest.Extension.UITestControlNotFoundException: The playback failed to find the control with the given search properties. Additional Details: 
TechnologyName:  'MSAA'
ControlType:  'Window'
Name:  'Warning'
ClassName:  '#32770'
 ---&gt; System.Runtime.InteropServices.COMException: Error HRESULT E_FAIL has been returned from a call to a COM component.
   at Microsoft.VisualStudio.TestTools.UITest.Playback.Engine.IRPFPlayback.FindAllScreenElements(IScreenElement pScreenElementStart, String bstrQueryId, Object&amp; pvarResKeys, Int32 cResKeys, Int32 nMaxDepth, Object[]&amp; foundDescendants)
   at Microsoft.VisualStudio.TestTools.UITest.Playback.ScreenElement.FindTopLevelWindowHelper(String queryId)
   at Microsoft.VisualStudio.TestTools.UITest.Playback.ScreenElement.FindFromPartialQueryId(String queryId)
   at Microsoft.VisualStudio.TestTools.UITesting.UITestControl..ctor(String queryId)
   --- End of inner exception stack trace ---
   at Microsoft.VisualStudio.TestTools.UITesting.Playback.MapControlNotFoundException(COMException ex, IPlaybackContext context)
   at Microsoft.VisualStudio.TestTools.UITesting.Playback.MapAndThrowComException(COMException innerException, IPlaybackContext context)
   at Microsoft.VisualStudio.TestTools.UITesting.Playback.MapAndThrowException(SystemException exception, IPlaybackContext context)
   at Microsoft.VisualStudio.TestTools.UITesting.Playback.MapAndThrowException(SystemException exception, String queryId)
   at Microsoft.VisualStudio.TestTools.UITesting.UITestControl..ctor(String queryId)
   at Microsoft.VisualStudio.TestTools.UITesting.SearchHelper.SearchTopLevelWindow(ISearchArgument topLevelSearchArg, String topLevelElementQueryId)
   at Microsoft.VisualStudio.TestTools.UITesting.SearchHelper.GetTitleUpdatedTopLevelWindow(ISearchArgument topLevelSearchArg, String queryId, IList`1 windowTitles)
   at Microsoft.VisualStudio.TestTools.UITesting.SearchHelper.GetTopLevelElement(Boolean useCache, Boolean useCacheOnly, ISearchArgument searchArg, IList`1 windowTitles, Int32&amp; timeLeft)
   at Microsoft.VisualStudio.TestTools.UITesting.SearchHelper.GetElement(Boolean useCache, ISearchArgument searchArg)
   at Microsoft.VisualStudio.TestTools.UITesting.SearchHelper.Search(ISearchArgument searchArg)
   at Microsoft.VisualStudio.TestTools.UITesting.UITestControl.FindInternal()
   at Microsoft.VisualStudio.TestTools.UITesting.UITestControl.FindControlIfNecessary()
   at Microsoft.VisualStudio.TestTools.UITesting.UITestControl.Click(MouseButtons button, ModifierKeys modifierKeys, Point relativeCoordinates)
   at Microsoft.VisualStudio.TestTools.UITesting.Mouse.ClickImplementation(UITestControl control, MouseButtons button, ModifierKeys modifierKeys, Point relativeCoordinate)
   at Microsoft.VisualStudio.TestTools.UITesting.Mouse.ClickImplementationWrapper(UITestControl control, MouseButtons button, ModifierKeys modifierKeys, Point relativeCoordinate)
W, 5176, 53, 2013/05/23, 11:19:41.810, 2509319897078, QTAgent32.exe, PlaybackErrorHandler: Ignoring exception as ContinueOnError is set.
W, 5176, 53, 2013/05/23, 11:19:41.850, 2509320468158, QTAgent32.exe, &lt;a class=success&gt;Playback - {17} [SUCCESS] TypeString "#(R)"
\0&lt;/a&gt;
E, 5176, 53, 2013/05/23, 11:19:42.361, 2509327781025, QTAgent32.exe, Exception: System.ArgumentException
	Message: Value does not fall within the expected range.
	Stack Trace:    at Accessibility.IAccessible.get_accRole(Object varChild)
   at Microsoft.VisualStudio.TestTools.UITest.Extension.Msaa.AccWrapper.get_RoleInt()
	BaseExceptionMessage: Value does not fall within the expected range.

E, 5176, 53, 2013/05/23, 11:19:42.365, 2509327837309, QTAgent32.exe, Exception: System.ArgumentException
	Message: Value does not fall within the expected range.
	Stack Trace:    at Accessibility.IAccessible.get_accRole(Object varChild)
   at Microsoft.VisualStudio.TestTools.UITest.Extension.Msaa.AccWrapper.get_RoleInt()
	BaseExceptionMessage: Value does not fall within the expected range.

W, 5176, 53, 2013/05/23, 11:19:42.585, 2509330995819, QTAgent32.exe, &lt;a class=success&gt;Playback - {18} [SUCCESS] LeftButtonClick  &lt; Mouse cursor location (87, 908) &gt;
\0&lt;/a&gt;
W, 5176, 53, 2013/05/23, 11:19:43.410, 2509342812265, QTAgent32.exe, &lt;a class=success&gt;Playback - {19} [SUCCESS] SetValueAsEditBox "c:\TestProject7\ourhighway.reg"  &lt; Set via SendKeys &gt;
\0&lt;/a&gt;
W, 5176, 53, 2013/05/23, 11:19:43.411, 2509342814158, QTAgent32.exe, &lt;a class=success&gt;Playback - {20} [SUCCESS] SetValueAsComboBox "c:\TestProject7\ourhighway.reg" - "[MSAA, VisibleOnly]ControlType='ComboBox' &amp;&amp; Name='Open:'"  &lt; Set via SetValueAsEditBox &gt;
\0&lt;/a&gt;
W, 5176, 53, 2013/05/23, 11:19:43.638, 2509346068999, QTAgent32.exe, &lt;a class=success&gt;Playback - {21} [SUCCESS] MouseButtonClick - "[MSAA, VisibleOnly]ControlType='Button' &amp;&amp; Name='OK'"
\0&lt;/a&gt;
W, 5176, 53, 2013/05/23, 11:19:44.255, 2509354910863, QTAgent32.exe, &lt;a class=success&gt;Playback - {22} [SUCCESS] MouseButtonClick - "[MSAA, VisibleOnly]ControlType='Button' &amp;&amp; Name='Yes'"
\0&lt;/a&gt;
W, 5176, 53, 2013/05/23, 11:19:44.543, 2509359025549, QTAgent32.exe, &lt;a class=success&gt;Playback - {23} [SUCCESS] MouseButtonClick - "[MSAA, VisibleOnly]ControlType='Button' &amp;&amp; Name='OK'"
\0&lt;/a&gt;
W, 5176, 53, 2013/05/23, 11:19:44.782, 2509362446947, QTAgent32.exe, &lt;a class=success&gt;Playback - {24} [SUCCESS] MouseButtonClick - "[MSAA, VisibleOnly]ControlType='Button' &amp;&amp; Name='Clients &amp; Files'"
\0&lt;/a&gt;
W, 5176, 53, 2013/05/23, 11:19:45.490, 2509372578080, QTAgent32.exe, PERF WARNING: FindTopLevelWindowHelper::FindAllDescendents: took 606 ms. Expected it to take maximum 500 ms.
W, 5176, 53, 2013/05/23, 11:19:45.755, 2509376372055, QTAgent32.exe, Playback - [WARNING] Internal warning: Incorrect flag set for InvokeProgrammaticAction\0
W, 5176, 53, 2013/05/23, 11:19:45.876, 2509378107705, QTAgent32.exe, &lt;a class=success&gt;Playback - {25} [SUCCESS] SetValueAsComboBox "Customers" - "[MSAA, VisibleOnly]ControlType='ComboBox'"  &lt; SetValueAsComboBox, set by clicking on the item in the list box &gt;
\0&lt;/a&gt;
W, 5176, 53, 2013/05/23, 11:19:46.335, 2509384678096, QTAgent32.exe, &lt;a class=success&gt;Playback - {26} [SUCCESS] MouseButtonClick - "[MSAA, VisibleOnly]ControlType='Button' &amp;&amp; Name='Add'"
\0&lt;/a&gt;
W, 5176, 53, 2013/05/23, 11:19:46.663, 2509389377603, QTAgent32.exe, &lt;a class=success&gt;Playback - {27} [SUCCESS] SendKeys "autotest" - "[MSAA, VisibleOnly]ControlType='RadioButton' &amp;&amp; Name='Personal Lines'"
\0&lt;/a&gt;
W, 5176, 53, 2013/05/23, 11:19:47.009, 2509394342548, QTAgent32.exe, &lt;a class=success&gt;Playback - {28} [SUCCESS] SetValueAsEditBox "autotest" - "[MSAA, VisibleOnly]ControlType='Edit'"  &lt; Set via SendKeys &gt;
\0&lt;/a&gt;
W, 5176, 53, 2013/05/23, 11:19:47.349, 2509399202183, QTAgent32.exe, &lt;a class=success&gt;Playback - {29} [SUCCESS] MouseButtonClick - "[MSAA, VisibleOnly]ControlType='Button' &amp;&amp; Name='OK'"
\0&lt;/a&gt;
W, 5176, 53, 2013/05/23, 11:19:47.589, 2509402635612, QTAgent32.exe, &lt;a class=success&gt;Playback - {30} [SUCCESS] MouseButtonClick - "[MSAA, VisibleOnly]ControlType='Button' &amp;&amp; Name='Yes'"
\0&lt;/a&gt;
W, 5176, 53, 2013/05/23, 11:19:47.825, 2509406016168, QTAgent32.exe, &lt;a class=success&gt;Playback - {31} [SUCCESS] SendKeys "^{HOME}" - "[MSAA, VisibleOnly]ControlType='Edit'"
\0&lt;/a&gt;
E, 5176, 53, 2013/05/23, 11:19:47.825, 2509406017959, QTAgent32.exe, Msaa.GetFocusedElement: could not find accessible object of foreground window
W, 5176, 53, 2013/05/23, 11:19:47.878, 2509406775101, QTAgent32.exe, &lt;a class=success&gt;Playback - {32} [SUCCESS] SendKeys "^+{END}" - "[MSAA, VisibleOnly]ControlType='Edit'"
\0&lt;/a&gt;
E, 5176, 53, 2013/05/23, 11:19:47.878, 2509406776476, QTAgent32.exe, Msaa.GetFocusedElement: could not find accessible object of foreground window
W, 5176, 53, 2013/05/23, 11:19:47.890, 2509406955388, QTAgent32.exe, &lt;a class=success&gt;Playback - {33} [SUCCESS] SendKeys "{DELETE}" - "[MSAA, VisibleOnly]ControlType='Edit'"
\0&lt;/a&gt;
W, 5176, 53, 2013/05/23, 11:19:47.943, 2509407709462, QTAgent32.exe, &lt;a class=success&gt;Playback - {34} [SUCCESS] SetValueAsEditBox "1" - "[MSAA, VisibleOnly]ControlType='Edit'"  &lt; Set via SendKeys &gt;
\0&lt;/a&gt;
W, 5176, 53, 2013/05/23, 11:19:48.123, 2509410290890, QTAgent32.exe, &lt;a class=success&gt;Playback - {35} [SUCCESS] SendKeys "^{HOME}" - "[MSAA, VisibleOnly]ControlType='Edit'"
\0&lt;/a&gt;
E, 5176, 53, 2013/05/23, 11:19:48.123, 2509410292762, QTAgent32.exe, Msaa.GetFocusedElement: could not find accessible object of foreground window
W, 5176, 53, 2013/05/23, 11:19:48.188, 2509411215489, QTAgent32.exe, &lt;a class=success&gt;Playback - {36} [SUCCESS] SendKeys "^+{END}" - "[MSAA, VisibleOnly]ControlType='Edit'"
\0&lt;/a&gt;
E, 5176, 53, 2013/05/23, 11:19:48.188, 2509411217590, QTAgent32.exe, Msaa.GetFocusedElement: could not find accessible object of foreground window
W, 5176, 53, 2013/05/23, 11:19:48.201, 2509411401433, QTAgent32.exe, &lt;a class=success&gt;Playback - {37} [SUCCESS] SendKeys "{DELETE}" - "[MSAA, VisibleOnly]ControlType='Edit'"
\0&lt;/a&gt;
W, 5176, 53, 2013/05/23, 11:19:48.249, 2509412086408, QTAgent32.exe, &lt;a class=success&gt;Playback - {38} [SUCCESS] SetValueAsEditBox "1" - "[MSAA, VisibleOnly]ControlType='Edit'"  &lt; Set via SendKeys &gt;
\0&lt;/a&gt;
W, 5176, 53, 2013/05/23, 11:19:49.860, 2509435149564, QTAgent32.exe, Playback - [WARNING] Internal warning: Target element "[MSAA, VisibleOnly]ControlType='Button' &amp;&amp; Name='OK'" was not found, so all intermediate elements were ignored. An incorrect element that matches target element Id can be found as the result.  Verify that all intermediate elements in QueryId have valid and unique Ids
\0
W, 5176, 53, 2013/05/23, 11:19:50.382, 2509442624087, QTAgent32.exe, PERF WARNING: FindAllDescendents: took 2031 ms. Expected it to take maximum 500 ms.
W, 5176, 53, 2013/05/23, 11:19:50.673, 2509446803985, QTAgent32.exe, &lt;a class=success&gt;Playback - {39} [SUCCESS] MouseButtonClick - "[MSAA, VisibleOnly]ControlType='Button' &amp;&amp; Name='OK'"
\0&lt;/a&gt;
W, 5176, 53, 2013/05/23, 11:19:51.011, 2509451637325, QTAgent32.exe, &lt;a class=success&gt;Playback - {40} [SUCCESS] MouseButtonClick - "[MSAA, VisibleOnly]ControlType='Button'"
\0&lt;/a&gt;
W, 5176, 53, 2013/05/23, 11:19:51.328, 2509456175633, QTAgent32.exe, &lt;a class=success&gt;Playback - {41} [SUCCESS] MouseButtonClick - "[MSAA, VisibleOnly]ControlType='Button' &amp;&amp; Name='Add'"
\0&lt;/a&gt;
W, 5176, 53, 2013/05/23, 11:19:51.652, 2509460811143, QTAgent32.exe, &lt;a class=success&gt;Playback - {42} [SUCCESS] MouseButtonClick - "[MSAA, VisibleOnly]ControlType='Button' &amp;&amp; Name='OK'"
\0&lt;/a&gt;
W, 5176, 53, 2013/05/23, 11:19:53.886, 2509492795966, QTAgent32.exe, &lt;a class=success&gt;Playback - {43} [SUCCESS] MouseButtonClick - "[MSAA, VisibleOnly,Window]ControlType='Window' &amp;&amp; ClassName='ThunderRT6TextBox'"
\0&lt;/a&gt;
W, 5176, 53, 2013/05/23, 11:19:54.153, 2509496629982, QTAgent32.exe, &lt;a class=success&gt;Playback - {44} [SUCCESS] SetValueAsEditBox "MOTO" - "[MSAA, VisibleOnly]ControlType='Edit'"  &lt; Set via SendKeys &gt;
\0&lt;/a&gt;
W, 5176, 53, 2013/05/23, 11:19:54.464, 2509501073275, QTAgent32.exe, &lt;a class=success&gt;Playback - {45} [SUCCESS] MouseButtonClick - "[MSAA, VisibleOnly]ControlType='Button' &amp;&amp; Name='OK'"
\0&lt;/a&gt;
W, 5176, 53, 2013/05/23, 11:19:54.694, 2509504366853, QTAgent32.exe, &lt;a class=success&gt;Playback - {46} [SUCCESS] MouseButtonClick - "[MSAA, VisibleOnly]ControlType='Button' &amp;&amp; Name='Options'"
\0&lt;/a&gt;
W, 5176, 53, 2013/05/23, 11:19:54.798, 2509505867706, QTAgent32.exe, FindScreenElementInSinglePass : Attempting to find control in one pass of search. Failures can occur.
W, 5176, 53, 2013/05/23, 11:19:54.944, 2509507945712, QTAgent32.exe, &lt;a class=success&gt;Playback - {47} [SUCCESS] MouseButtonClick - "[MSAA]ControlType='MenuItem' &amp;&amp; Name='Links'"
\0&lt;/a&gt;
W, 5176, 53, 2013/05/23, 11:19:55.044, 2509509383018, QTAgent32.exe, FindScreenElementInSinglePass : Attempting to find control in one pass of search. Failures can occur.
W, 5176, 53, 2013/05/23, 11:19:55.205, 2509511692117, QTAgent32.exe, &lt;a class=success&gt;Playback - {48} [SUCCESS] MouseButtonClick - "[MSAA]ControlType='MenuItem' &amp;&amp; Name='3rd Party Integration'"
\0&lt;/a&gt;
W, 5176, 53, 2013/05/23, 11:19:55.305, 2509513126953, QTAgent32.exe, FindScreenElementInSinglePass : Attempting to find control in one pass of search. Failures can occur.
W, 5176, 53, 2013/05/23, 11:19:55.459, 2509515327245, QTAgent32.exe, &lt;a class=success&gt;Playback - {49} [SUCCESS] MouseButtonClick - "[MSAA]ControlType='MenuItem' &amp;&amp; Name='Quote Select List'"
\0&lt;/a&gt;
W, 5176, 53, 2013/05/23, 11:19:56.435, 2509529295815, QTAgent32.exe, PERF WARNING: FindTopLevelWindowHelper::FindAllDescendents: took 874 ms. Expected it to take maximum 500 ms.
W, 5176, 53, 2013/05/23, 11:19:56.564, 2509531152273, QTAgent32.exe, &lt;a class=success&gt;Playback - {50} [SUCCESS] MouseButtonClick - "[MSAA, VisibleOnly]ControlType='Button' &amp;&amp; Name='Ok'"
\0&lt;/a&gt;
W, 5176, 53, 2013/05/23, 11:19:58.804, 2509563220537, QTAgent32.exe, PERF WARNING: FindTopLevelWindowHelper::FindAllDescendents: took 2134 ms. Expected it to take maximum 500 ms.
W, 5176, 53, 2013/05/23, 11:19:58.941, 2509565183574, QTAgent32.exe, &lt;a class=success&gt;Playback - {51} [SUCCESS] MouseButtonClick - "[MSAA, VisibleOnly]ControlType='Button' &amp;&amp; Name='Ok'"
\0&lt;/a&gt;
W, 5176, 53, 2013/05/23, 11:19:59.239, 2509569454117, QTAgent32.exe, &lt;a class=success&gt;Playback - {52} [SUCCESS] SetValueAsEditBox "test" - "[MSAA, VisibleOnly]ControlType='Edit'"  &lt; Set via SendKeys &gt;
\0&lt;/a&gt;
W, 5176, 53, 2013/05/23, 11:19:59.514, 2509573384850, QTAgent32.exe, &lt;a class=success&gt;Playback - {53} [SUCCESS] SetValueAsEditBox "test" - "[MSAA, VisibleOnly]ControlType='Edit'"  &lt; Set via SendKeys &gt;
\0&lt;/a&gt;
W, 5176, 53, 2013/05/23, 11:19:59.819, 2509577759678, QTAgent32.exe, &lt;a class=success&gt;Playback - {54} [SUCCESS] SetValueAsEditBox "160486" - "[MSAA, VisibleOnly]ControlType='Edit'"  &lt; Set via SendKeys &gt;
\0&lt;/a&gt;
W, 5176, 53, 2013/05/23, 11:20:00.121, 2509582085282, QTAgent32.exe, &lt;a class=success&gt;Playback - {55} [SUCCESS] SetValueAsEditBox "BN16BN" - "[MSAA, VisibleOnly]ControlType='Edit'"  &lt; Set via SendKeys &gt;
\0&lt;/a&gt;
W, 5176, 53, 2013/05/23, 11:20:02.348, 2509613964532, QTAgent32.exe, &lt;a class=success&gt;Playback - {56} [SUCCESS] MouseButtonClick - "[MSAA, VisibleOnly]ControlType='Button' &amp;&amp; Name='Lookup...'"
\0&lt;/a&gt;
W, 5176, 53, 2013/05/23, 11:20:02.581, 2509617293796, QTAgent32.exe, &lt;a class=success&gt;Playback - {57} [SUCCESS] MouseButtonClick - "[MSAA, VisibleOnly]ControlType='Button' &amp;&amp; Name='Ok'"
\0&lt;/a&gt;
W, 5176, 53, 2013/05/23, 11:20:02.813, 2509620619828, QTAgent32.exe, &lt;a class=success&gt;Playback - {58} [SUCCESS] MouseButtonClick - "[MSAA, VisibleOnly]ControlType='Button' &amp;&amp; Name='OK'"
\0&lt;/a&gt;
W, 5176, 53, 2013/05/23, 11:20:03.809, 2509634884811, QTAgent32.exe, PERF WARNING: FindTopLevelWindowHelper::FindAllDescendents: took 895 ms. Expected it to take maximum 500 ms.
W, 5176, 53, 2013/05/23, 11:20:04.518, 2509645041137, QTAgent32.exe, Playback - [WARNING] Internal warning: Incorrect flag set for InvokeProgrammaticAction\0
W, 5176, 53, 2013/05/23, 11:20:04.636, 2509646728069, QTAgent32.exe, &lt;a class=success&gt;Playback - {59} [SUCCESS] SetValueAsComboBox "Account Executive" - "[MSAA, VisibleOnly]ControlType='ComboBox'"  &lt; SetValueAsComboBox, set by clicking on the item in the list box &gt;
\0&lt;/a&gt;
W, 5176, 53, 2013/05/23, 11:20:04.997, 2509651887283, QTAgent32.exe, Playback - [WARNING] Internal warning: Incorrect flag set for InvokeProgrammaticAction\0
W, 5176, 53, 2013/05/23, 11:20:05.436, 2509658177858, QTAgent32.exe, &lt;a class=success&gt;Playback - {60} [SUCCESS] SetValueAsComboBox "Aerial Manufacturer" - "[MSAA, VisibleOnly]ControlType='ComboBox'"  &lt; SetValueAsComboBox, set by clicking on the item in the list box &gt;
\0&lt;/a&gt;
W, 5176, 53, 2013/05/23, 11:20:05.785, 2509663178626, QTAgent32.exe, &lt;a class=success&gt;Playback - {61} [SUCCESS] SetValueAsEditBox "151208" - "[MSAA, VisibleOnly]ControlType='Edit'"  &lt; Set via SendKeys &gt;
\0&lt;/a&gt;
W, 5176, 53, 2013/05/23, 11:20:06.025, 2509666606027, QTAgent32.exe, &lt;a class=success&gt;Playback - {62} [SUCCESS] MouseButtonClick - "[MSAA, VisibleOnly]ControlType='Button' &amp;&amp; Name='OK'"
\0&lt;/a&gt;
W, 5176, 53, 2013/05/23, 11:20:08.251, 2509698483530, QTAgent32.exe, PERF WARNING: FindTopLevelWindowHelper::FindAllDescendents: took 2119 ms. Expected it to take maximum 500 ms.
E, 5176, 53, 2013/05/23, 11:20:08.257, 2509698577320, QTAgent32.exe, Exception: System.ArgumentException
	Message: Value does not fall within the expected range.
	Stack Trace:    at Accessibility.IAccessible.get_accRole(Object varChild)
   at Microsoft.VisualStudio.TestTools.UITest.Extension.Msaa.AccWrapper.get_RoleInt()
	BaseExceptionMessage: Value does not fall within the expected range.

E, 5176, 53, 2013/05/23, 11:20:08.259, 2509698603434, QTAgent32.exe, Exception: System.ArgumentException
	Message: Value does not fall within the expected range.
	Stack Trace:    at Accessibility.IAccessible.get_accRole(Object varChild)
   at Microsoft.VisualStudio.TestTools.UITest.Extension.Msaa.AccWrapper.get_RoleInt()
	BaseExceptionMessage: Value does not fall within the expected range.

W, 5176, 53, 2013/05/23, 11:20:08.449, 2509701318309, QTAgent32.exe, &lt;a class=success&gt;Playback - {63} [SUCCESS] LeftButtonClick  &lt; Mouse cursor location (680, 395) &gt;
\0&lt;/a&gt;
W, 5176, 53, 2013/05/23, 11:20:08.683, 2509704670859, QTAgent32.exe, &lt;a class=success&gt;Playback - {64} [SUCCESS] SetValueAsEditBox "FORD"  &lt; Set via SendKeys &gt;
\0&lt;/a&gt;
W, 5176, 53, 2013/05/23, 11:20:08.683, 2509704672687, QTAgent32.exe, &lt;a class=success&gt;Playback - {65} [SUCCESS] SetValueAsComboBox "FORD" - "[MSAA, VisibleOnly]ControlType='ComboBox'"  &lt; Set via SetValueAsEditBox &gt;
\0&lt;/a&gt;
E, 5176, 53, 2013/05/23, 11:20:08.789, 2509706193201, QTAgent32.exe, Exception: System.ArgumentException
	Message: Value does not fall within the expected range.
	Stack Trace:    at Accessibility.IAccessible.get_accRole(Object varChild)
   at Microsoft.VisualStudio.TestTools.UITest.Extension.Msaa.AccWrapper.get_RoleInt()
	BaseExceptionMessage: Value does not fall within the expected range.

E, 5176, 53, 2013/05/23, 11:20:08.791, 2509706222581, QTAgent32.exe, Exception: System.ArgumentException
	Message: Value does not fall within the expected range.
	Stack Trace:    at Accessibility.IAccessible.get_accRole(Object varChild)
   at Microsoft.VisualStudio.TestTools.UITest.Extension.Msaa.AccWrapper.get_RoleInt()
	BaseExceptionMessage: Value does not fall within the expected range.

W, 5176, 53, 2013/05/23, 11:20:09.405, 2509715009047, QTAgent32.exe, &lt;a class=success&gt;Playback - {66} [SUCCESS] LeftButtonClick  &lt; Mouse cursor location (1040, 395) &gt;
\0&lt;/a&gt;
W, 5176, 53, 2013/05/23, 11:20:09.600, 2509717801774, QTAgent32.exe, &lt;a class=success&gt;Playback - {67} [SUCCESS] SetValueAsEditBox "KA"  &lt; Set via SendKeys &gt;
\0&lt;/a&gt;
W, 5176, 53, 2013/05/23, 11:20:09.600, 2509717803200, QTAgent32.exe, &lt;a class=success&gt;Playback - {68} [SUCCESS] SetValueAsComboBox "KA" - "[MSAA, VisibleOnly]ControlType='ComboBox'"  &lt; Set via SetValueAsEditBox &gt;
\0&lt;/a&gt;
W, 5176, 53, 2013/05/23, 11:20:10.114, 2509725150332, QTAgent32.exe, &lt;a class=success&gt;Playback - {69} [SUCCESS] MouseButtonClick - "[MSAA, VisibleOnly]ControlType='Button' &amp;&amp; Name='Filter'"
\0&lt;/a&gt;
W, 5176, 53, 2013/05/23, 11:20:10.412, 2509729425418, QTAgent32.exe, &lt;a class=success&gt;Playback - {70} [SUCCESS] MouseButtonClick - "[MSAA, VisibleOnly]ControlType='Button' &amp;&amp; Name='OK'"
\0&lt;/a&gt;
W, 5176, 53, 2013/05/23, 11:20:10.769, 2509734531483, QTAgent32.exe, &lt;a class=success&gt;Playback - {71} [SUCCESS] SendKeys "^{HOME}" - "[MSAA, VisibleOnly]ControlType='Edit'"
\0&lt;/a&gt;
E, 5176, 53, 2013/05/23, 11:20:10.770, 2509734544735, QTAgent32.exe, Msaa.GetFocusedElement: could not find accessible object of foreground window
W, 5176, 53, 2013/05/23, 11:20:10.825, 2509735333638, QTAgent32.exe, &lt;a class=success&gt;Playback - {72} [SUCCESS] SendKeys "^+{END}" - "[MSAA, VisibleOnly]ControlType='Edit'"
\0&lt;/a&gt;
E, 5176, 53, 2013/05/23, 11:20:10.825, 2509735334961, QTAgent32.exe, Msaa.GetFocusedElement: could not find accessible object of foreground window
W, 5176, 53, 2013/05/23, 11:20:10.842, 2509735584809, QTAgent32.exe, &lt;a class=success&gt;Playback - {73} [SUCCESS] SendKeys "{DELETE}" - "[MSAA, VisibleOnly]ControlType='Edit'"
\0&lt;/a&gt;
W, 5176, 53, 2013/05/23, 11:20:11.016, 2509738072902, QTAgent32.exe, &lt;a class=success&gt;Playback - {74} [SUCCESS] SetValueAsEditBox "123434" - "[MSAA, VisibleOnly]ControlType='Edit'"  &lt; Set via SendKeys &gt;
\0&lt;/a&gt;
W, 5176, 53, 2013/05/23, 11:20:11.235, 2509741205078, QTAgent32.exe, &lt;a class=success&gt;Playback - {75} [SUCCESS] SendKeys "^{HOME}" - "[MSAA, VisibleOnly]ControlType='Edit'"
\0&lt;/a&gt;
E, 5176, 53, 2013/05/23, 11:20:11.235, 2509741207103, QTAgent32.exe, Msaa.GetFocusedElement: could not find accessible object of foreground window
W, 5176, 53, 2013/05/23, 11:20:11.291, 2509742014140, QTAgent32.exe, &lt;a class=success&gt;Playback - {76} [SUCCESS] SendKeys "^+{END}" - "[MSAA, VisibleOnly]ControlType='Edit'"
\0&lt;/a&gt;
E, 5176, 53, 2013/05/23, 11:20:11.291, 2509742015718, QTAgent32.exe, Msaa.GetFocusedElement: could not find accessible object of foreground window
W, 5176, 53, 2013/05/23, 11:20:11.304, 2509742193349, QTAgent32.exe, &lt;a class=success&gt;Playback - {77} [SUCCESS] SendKeys "{DELETE}" - "[MSAA, VisibleOnly]ControlType='Edit'"
\0&lt;/a&gt;
W, 5176, 53, 2013/05/23, 11:20:11.442, 2509744179944, QTAgent32.exe, &lt;a class=success&gt;Playback - {78} [SUCCESS] SetValueAsEditBox "1000" - "[MSAA, VisibleOnly]ControlType='Edit'"  &lt; Set via SendKeys &gt;
\0&lt;/a&gt;
W, 5176, 53, 2013/05/23, 11:20:11.664, 2509747348228, QTAgent32.exe, &lt;a class=success&gt;Playback - {79} [SUCCESS] SendKeys "^{HOME}" - "[MSAA, VisibleOnly]ControlType='Edit'"
\0&lt;/a&gt;
E, 5176, 53, 2013/05/23, 11:20:11.664, 2509747350057, QTAgent32.exe, Msaa.GetFocusedElement: could not find accessible object of foreground window
W, 5176, 53, 2013/05/23, 11:20:11.728, 2509748271925, QTAgent32.exe, &lt;a class=success&gt;Playback - {80} [SUCCESS] SendKeys "^+{END}" - "[MSAA, VisibleOnly]ControlType='Edit'"
\0&lt;/a&gt;
E, 5176, 53, 2013/05/23, 11:20:11.728, 2509748273468, QTAgent32.exe, Msaa.GetFocusedElement: could not find accessible object of foreground window
W, 5176, 53, 2013/05/23, 11:20:11.741, 2509748451257, QTAgent32.exe, &lt;a class=success&gt;Playback - {81} [SUCCESS] SendKeys "{DELETE}" - "[MSAA, VisibleOnly]ControlType='Edit'"
\0&lt;/a&gt;
W, 5176, 53, 2013/05/23, 11:20:11.961, 2509751600888, QTAgent32.exe, &lt;a class=success&gt;Playback - {82} [SUCCESS] SetValueAsEditBox "30/05/13" - "[MSAA, VisibleOnly]ControlType='Edit'"  &lt; Set via SendKeys &gt;
\0&lt;/a&gt;
W, 5176, 53, 2013/05/23, 11:20:12.294, 2509756368217, QTAgent32.exe, &lt;a class=success&gt;Playback - {83} [SUCCESS] MouseButtonClick - "[MSAA, VisibleOnly]ControlType='Button' &amp;&amp; Name='Calculate Quote'"
\0&lt;/a&gt;
W, 5176, 53, 2013/05/23, 11:20:12.525, 2509759678326, QTAgent32.exe, &lt;a class=success&gt;Playback - {84} [SUCCESS] MouseButtonClick - "[MSAA, VisibleOnly]ControlType='Button' &amp;&amp; Name='Cancel'"
\0&lt;/a&gt;
W, 5176, 53, 2013/05/23, 11:20:12.762, 2509763079299, QTAgent32.exe, &lt;a class=success&gt;Playback - {85} [SUCCESS] MouseButtonClick - "[MSAA, VisibleOnly]ControlType='Button' &amp;&amp; Name='No'"
\0&lt;/a&gt;
W, 5176, 53, 2013/05/23, 11:20:13.028, 2509766875911, QTAgent32.exe, &lt;a class=success&gt;Playback - {86} [SUCCESS] MouseButtonClick - "[MSAA, VisibleOnly]ControlType='Button' &amp;&amp; Name='Ok'"
\0&lt;/a&gt;
W, 5176, 53, 2013/05/23, 11:21:03.357, 2510487503048, QTAgent32.exe, Playback - [WARNING] Internal warning: Window Not Found: [VisibleOnly]ControlType='Window' &amp;&amp; Name='Quote Results' &amp;&amp; ClassName='ThunderRT6FormDC'
\0
E, 5176, 53, 2013/05/23, 11:21:03.357, 2510487505597, QTAgent32.exe, &lt;a class=failure&gt;Playback - {87} [FAILED] Function ElementFetcher::FindScreenElement failed to locate UI element (Searching: ;[VisibleOnly]ControlType='Window' &amp;&amp; Name='Quote Results' &amp;&amp; ClassName='ThunderRT6FormDC') (The object specified was not found.)
\0&lt;/a&gt;
E, 5176, 53, 2013/05/23, 11:21:03.409, 2510488248133, QTAgent32.exe, Playback - [IMAGE] C:\Users\testuser\AppData\Local\Temp\UITestLogs\LastRun\RPF6A20.png
\0
W, 5176, 53, 2013/05/23, 11:21:03.409, 2510488249933, QTAgent32.exe, Playback - [WARNING] Internal warning: Couldn't find descendants that match QueryId
\0
W, 5176, 53, 2013/05/23, 11:21:03.409, 2510488252559, QTAgent32.exe, PERF WARNING: FindTopLevelWindowHelper::FindAllDescendents: took 50280 ms. Expected it to take maximum 500 ms.
W, 5176, 53, 2013/05/23, 11:21:26.560, 2510819727344, QTAgent32.exe, Playback - [WARNING] Internal warning: Window Not Found: [VisibleOnly]ControlType='Window' &amp;&amp; Name='Quote Results' &amp;&amp; ClassName='ThunderRT6FormDC'
\0
E, 5176, 53, 2013/05/23, 11:21:26.560, 2510819729659, QTAgent32.exe, &lt;a class=failure&gt;Playback - {88} [FAILED] Function ElementFetcher::FindScreenElement failed to locate UI element (Searching: ;[VisibleOnly]ControlType='Window' &amp;&amp; Name='Quote Results' &amp;&amp; ClassName='ThunderRT6FormDC') (The object specified was not found.)
\0&lt;/a&gt;
E, 5176, 53, 2013/05/23, 11:21:26.609, 2510820426549, QTAgent32.exe, Playback - [IMAGE] C:\Users\testuser\AppData\Local\Temp\UITestLogs\LastRun\RPFC4CE.png
\0
W, 5176, 53, 2013/05/23, 11:21:26.609, 2510820428072, QTAgent32.exe, Playback - [WARNING] Internal warning: Couldn't find descendants that match QueryId
\0
W, 5176, 53, 2013/05/23, 11:21:26.609, 2510820430795, QTAgent32.exe, PERF WARNING: FindTopLevelWindowHelper::FindAllDescendents: took 23199 ms. Expected it to take maximum 500 ms.
W, 5176, 53, 2013/05/23, 11:21:38.961, 2510997294828, QTAgent32.exe, Playback - [WARNING] Internal warning: Window Not Found: [VisibleOnly]ControlType='Window' &amp;&amp; Name='Quote Results' &amp;&amp; ClassName='ThunderRT6FormDC'
\0
E, 5176, 53, 2013/05/23, 11:21:38.962, 2510997297218, QTAgent32.exe, &lt;a class=failure&gt;Playback - {89} [FAILED] Function ElementFetcher::FindScreenElement failed to locate UI element (Searching: ;[VisibleOnly]ControlType='Window' &amp;&amp; Name='Quote Results' &amp;&amp; ClassName='ThunderRT6FormDC') (The object specified was not found.)
\0&lt;/a&gt;
E, 5176, 53, 2013/05/23, 11:21:39.004, 2510997898580, QTAgent32.exe, Playback - [IMAGE] C:\Users\testuser\AppData\Local\Temp\UITestLogs\LastRun\RPFF541.png
\0
W, 5176, 53, 2013/05/23, 11:21:39.004, 2510997900195, QTAgent32.exe, Playback - [WARNING] Internal warning: Couldn't find descendants that match QueryId
\0
W, 5176, 53, 2013/05/23, 11:21:39.004, 2510997902691, QTAgent32.exe, PERF WARNING: FindTopLevelWindowHelper::FindAllDescendents: took 12394 ms. Expected it to take maximum 500 ms.
E, 5176, 53, 2013/05/23, 11:21:39.004, 2510997904545, QTAgent32.exe, Exception: System.Runtime.InteropServices.COMException
	Message: Error HRESULT E_FAIL has been returned from a call to a COM component.
	Stack Trace:    at Microsoft.VisualStudio.TestTools.UITest.Playback.Engine.IRPFPlayback.FindAllScreenElements(IScreenElement pScreenElementStart, String bstrQueryId, Object&amp; pvarResKeys, Int32 cResKeys, Int32 nMaxDepth, Object[]&amp; foundDescendants)
   at Microsoft.VisualStudio.TestTools.UITest.Playback.ScreenElement.FindTopLevelWindowHelper(String queryId)
	BaseExceptionMessage: Error HRESULT E_FAIL has been returned from a call to a COM component.

E, 5176, 53, 2013/05/23, 11:21:39.104, 2510999342601, QTAgent32.exe, AL: Playback Error: Microsoft.VisualStudio.TestTools.UITest.Extension.UITestControlNotFoundException: The playback failed to find the control with the given search properties. Additional Details: 
TechnologyName:  'MSAA'
ControlType:  'Window'
Name:  'Quote Results'
ClassName:  'ThunderRT6FormDC'
 ---&gt; System.Runtime.InteropServices.COMException: Error HRESULT E_FAIL has been returned from a call to a COM component.
   at Microsoft.VisualStudio.TestTools.UITest.Playback.Engine.IRPFPlayback.FindAllScreenElements(IScreenElement pScreenElementStart, String bstrQueryId, Object&amp; pvarResKeys, Int32 cResKeys, Int32 nMaxDepth, Object[]&amp; foundDescendants)
   at Microsoft.VisualStudio.TestTools.UITest.Playback.ScreenElement.FindTopLevelWindowHelper(String queryId)
   at Microsoft.VisualStudio.TestTools.UITest.Playback.ScreenElement.FindFromPartialQueryId(String queryId)
   at Microsoft.VisualStudio.TestTools.UITesting.UITestControl..ctor(String queryId)
   --- End of inner exception stack trace ---
   at Microsoft.VisualStudio.TestTools.UITesting.Playback.MapControlNotFoundException(COMException ex, IPlaybackContext context)
   at Microsoft.VisualStudio.TestTools.UITesting.Playback.MapAndThrowComException(COMException innerException, IPlaybackContext context)
   at Microsoft.VisualStudio.TestTools.UITesting.Playback.MapAndThrowException(SystemException exception, IPlaybackContext context)
   at Microsoft.VisualStudio.TestTools.UITesting.Playback.MapAndThrowException(SystemException exception, String queryId)
   at Microsoft.VisualStudio.TestTools.UITesting.UITestControl..ctor(String queryId)
   at Microsoft.VisualStudio.TestTools.UITesting.SearchHelper.SearchTopLevelWindow(ISearchArgument topLevelSearchArg, String topLevelElementQueryId)
   at Microsoft.VisualStudio.TestTools.UITesting.SearchHelper.GetTitleUpdatedTopLevelWindow(ISearchArgument topLevelSearchArg, String queryId, IList`1 windowTitles)
   at Microsoft.VisualStudio.TestTools.UITesting.SearchHelper.GetTopLevelElement(Boolean useCache, Boolean useCacheOnly, ISearchArgument searchArg, IList`1 windowTitles, Int32&amp; timeLeft)
   at Microsoft.VisualStudio.TestTools.UITesting.SearchHelper.GetElement(Boolean useCache, ISearchArgument searchArg)
   at Microsoft.VisualStudio.TestTools.UITesting.SearchHelper.Search(ISearchArgument searchArg)
   at Microsoft.VisualStudio.TestTools.UITesting.UITestControl.FindInternal()
   at Microsoft.VisualStudio.TestTools.UITesting.UITestControl.FindControlIfNecessary()
   at Microsoft.VisualStudio.TestTools.UITesting.UITestControl.Click(MouseButtons button, ModifierKeys modifierKeys, Point relativeCoordinates)
   at Microsoft.VisualStudio.TestTools.UITesting.Mouse.ClickImplementation(UITestControl control, MouseButtons button, ModifierKeys modifierKeys, Point relativeCoordinate)
   at Microsoft.VisualStudio.TestTools.UITesting.Mouse.ClickImplementationWrapper(UITestControl control, MouseButtons button, ModifierKeys modifierKeys, Point relativeCoordinate)
W, 5176, 53, 2013/05/23, 11:21:41.648, 2511035757678, QTAgent32.exe, IEDOM : StopSession of the plugin called before StartSession
W, 5176, 53, 2013/05/23, 11:21:41.648, 2511035758853, QTAgent32.exe, UIA : StopSession of the plugin called before StartSession
</DebugTrace>
        <ErrorInfo>
          <Message>Test method Ver1.CodedUITest2.MotoAmendRiskExistingScheme threw exception: 
Microsoft.VisualStudio.TestTools.UITest.Extension.UITestControlNotFoundException: The playback failed to find the control with the given search properties. Additional Details: 
TechnologyName:  'MSAA'
ControlType:  'Window'
Name:  'Quote Results'
ClassName:  'ThunderRT6FormDC'
 ---&gt; System.Runtime.InteropServices.COMException: Error HRESULT E_FAIL has been returned from a call to a COM component.</Message>
          <StackTrace>    at Microsoft.VisualStudio.TestTools.UITest.Playback.Engine.IRPFPlayback.FindAllScreenElements(IScreenElement pScreenElementStart, String bstrQueryId, Object&amp; pvarResKeys, Int32 cResKeys, Int32 nMaxDepth, Object[]&amp; foundDescendants)
   at Microsoft.VisualStudio.TestTools.UITest.Playback.ScreenElement.FindTopLevelWindowHelper(String queryId)
   at Microsoft.VisualStudio.TestTools.UITest.Playback.ScreenElement.FindFromPartialQueryId(String queryId)
   at Microsoft.VisualStudio.TestTools.UITesting.UITestControl..ctor(String queryId)
 --- End of inner exception stack trace ---
    at Microsoft.VisualStudio.TestTools.UITesting.Playback.MapControlNotFoundException(COMException ex, IPlaybackContext context)
   at Microsoft.VisualStudio.TestTools.UITesting.Playback.MapAndThrowComException(COMException innerException, IPlaybackContext context)
   at Microsoft.VisualStudio.TestTools.UITesting.Playback.MapAndThrowException(SystemException exception, IPlaybackContext context)
   at Microsoft.VisualStudio.TestTools.UITesting.Playback.MapAndThrowException(SystemException exception, String queryId)
   at Microsoft.VisualStudio.TestTools.UITesting.UITestControl..ctor(String queryId)
   at Microsoft.VisualStudio.TestTools.UITesting.SearchHelper.SearchTopLevelWindow(ISearchArgument topLevelSearchArg, String topLevelElementQueryId)
   at Microsoft.VisualStudio.TestTools.UITesting.SearchHelper.GetTitleUpdatedTopLevelWindow(ISearchArgument topLevelSearchArg, String queryId, IList`1 windowTitles)
   at Microsoft.VisualStudio.TestTools.UITesting.SearchHelper.GetTopLevelElement(Boolean useCache, Boolean useCacheOnly, ISearchArgument searchArg, IList`1 windowTitles, Int32&amp; timeLeft)
   at Microsoft.VisualStudio.TestTools.UITesting.SearchHelper.GetElement(Boolean useCache, ISearchArgument searchArg)
   at Microsoft.VisualStudio.TestTools.UITesting.SearchHelper.Search(ISearchArgument searchArg)
   at Microsoft.VisualStudio.TestTools.UITesting.UITestControl.FindInternal()
   at Microsoft.VisualStudio.TestTools.UITesting.UITestControl.FindControlIfNecessary()
   at Microsoft.VisualStudio.TestTools.UITesting.UITestControl.Click(MouseButtons button, ModifierKeys modifierKeys, Point relativeCoordinates)
   at Microsoft.VisualStudio.TestTools.UITesting.Mouse.ClickImplementation(UITestControl control, MouseButtons button, ModifierKeys modifierKeys, Point relativeCoordinate)
   at Microsoft.VisualStudio.TestTools.UITesting.Mouse.ClickImplementationWrapper(UITestControl control, MouseButtons button, ModifierKeys modifierKeys, Point relativeCoordinate)
   at Microsoft.VisualStudio.TestTools.UITesting.Mouse.Click(UITestControl control, Point relativeCoordinate)
   at Ver1.UIMap.MotoSelectHighwayPolicy() in C:\AutotestTam1205\TestProject7\UIMap.Designer.cs:line 3691
   at Ver1.CodedUITest2.MotoAmendRiskExistingScheme() in C:\AutotestTam1205\TestProject7\CodedUITest2.cs:line 686
</StackTrace>
        </ErrorInfo>
      </Output>
      <ResultFiles>
        <ResultFile path="ICDVDEVTM01\MotoAmendRiskExistingScheme.png" />
      </ResultFiles>
      <ExtensionResult>Exception has been thrown by the target of an invocation.</ExtensionResult>
    </UnitTestResult>
  </Results>
</TestRun>