<?xml version="1.0" encoding="UTF-8"?>
<TestRun id="e0f8adc4-1aa8-4176-9561-635c529b0c15" name="testuser@ICLVDEVTL 2013-05-24 07:52:26" runUser="ICLVDEVTL\testuser" xmlns="http://microsoft.com/schemas/VisualStudio/TeamTest/2010">
  <TestSettings name="RemoteSetting" id="5c3ed885-967b-4862-a1a8-8a2764ec6e39">
    <Description>These are default test settings for a local test run.</Description>
    <Deployment runDeploymentRoot="testuser_ICLVDEVTL 2013-05-24 07_52_26">
      <DeploymentItem filename="C:\TestLinkFixture.dll" />
      <DeploymentItem filename="C:\CookComputing.XmlRpcV2.dll" />
      <DeploymentItem filename="C:\TestLinkAPI.dll" />
    </Deployment>
    <RemoteController name="ICLVDEVTL" />
    <Execution location="Remote">
      <TestTypeSpecific>
        <UnitTestRunConfig testTypeId="13cdc9d9-ddb5-4fa4-a97d-d965ccfc6d4b">
          <AssemblyResolution>
            <TestDirectory useLoadContext="true" />
          </AssemblyResolution>
        </UnitTestRunConfig>
      </TestTypeSpecific>
      <AgentRule name="New role 1">
      </AgentRule>
    </Execution>
  </TestSettings>
  <Times creation="2013-05-24T07:52:26.4847673+01:00" queuing="2013-05-24T07:52:26.9248113+01:00" start="2013-05-24T07:52:27.8939082+01:00" finish="2013-05-24T07:59:09.3440492+01:00" />
  <ResultSummary outcome="Completed">
    <Counters total="1" executed="1" passed="1" error="0" failed="0" timeout="0" aborted="0" inconclusive="0" passedButRunAborted="0" notRunnable="0" notExecuted="0" disconnected="0" warning="0" completed="0" inProgress="0" pending="0" />
  </ResultSummary>
  <TestDefinitions>
    <UnitTest name="MotoSaveQuoteWithoutPremium" storage="c:\autotesttam1205\testproject7\bin\debug\ver1.dll" id="66f48222-41fe-53f5-f9cb-ee9b86bb6e8b">
      <Execution id="3f0be06f-7b24-451c-9308-b86ae9bcb33f" />
      <TestMethod codeBase="C:/AutotestTam1205/TestProject7/bin/Debug/Ver1.DLL" adapterTypeName="Microsoft.VisualStudio.TestTools.TestTypes.Unit.UnitTestAdapter, Microsoft.VisualStudio.QualityTools.Tips.UnitTest.Adapter, Version=10.0.0.0, Culture=neutral, PublicKeyToken=b03f5f7f11d50a3a" className="Ver1.CodedUITest2, Ver1, Version=1.0.0.0, Culture=neutral, PublicKeyToken=null" name="MotoSaveQuoteWithoutPremium" />
      <Extension>Microsoft.VisualStudio.TestTools.UITesting.CodedUITestAttribute, Microsoft.VisualStudio.QualityTools.CodedUITestFramework, Version=10.0.0.0, Culture=neutral, PublicKeyToken=b03f5f7f11d50a3a</Extension>
    </UnitTest>
  </TestDefinitions>
  <TestLists>
    <TestList name="Results Not in a List" id="8c84fa94-04c1-424b-9868-57a2d4851a1d" />
    <TestList name="All Loaded Results" id="19431567-8539-422a-85d7-44ee4e166bda" />
  </TestLists>
  <TestEntries>
    <TestEntry testId="66f48222-41fe-53f5-f9cb-ee9b86bb6e8b" executionId="3f0be06f-7b24-451c-9308-b86ae9bcb33f" testListId="8c84fa94-04c1-424b-9868-57a2d4851a1d" />
  </TestEntries>
  <Results>
    <UnitTestResult executionId="3f0be06f-7b24-451c-9308-b86ae9bcb33f" testId="66f48222-41fe-53f5-f9cb-ee9b86bb6e8b" testName="MotoSaveQuoteWithoutPremium" computerName="ICLVDEVTM02" duration="00:06:37.2269779" startTime="2013-05-24T07:39:53.0897492+01:00" endTime="2013-05-24T07:46:33.3175717+01:00" testType="13cdc9d9-ddb5-4fa4-a97d-d965ccfc6d4b" outcome="Passed" testListId="8c84fa94-04c1-424b-9868-57a2d4851a1d" relativeResultsDirectory="3f0be06f-7b24-451c-9308-b86ae9bcb33f">
      <Output>
        <DebugTrace>W, 3504, 20, 2013/05/24, 07:40:06.560, 3573792169287, QTAgent32.exe, &lt;a class=success&gt;Playback - {1} [SUCCESS] MouseButtonClick - "[MSAA, VisibleOnly]ControlType='Edit'"
\0&lt;/a&gt;
W, 3504, 20, 2013/05/24, 07:40:07.018, 3573798713327, QTAgent32.exe, &lt;a class=success&gt;Playback - {2} [SUCCESS] SendKeys "[*]" - "[MSAA, VisibleOnly]ControlType='Edit'"
\0&lt;/a&gt;
W, 3504, 20, 2013/05/24, 07:40:07.787, 3573809735074, QTAgent32.exe, &lt;a class=success&gt;Playback - {3} [SUCCESS] MouseButtonClick - "[MSAA, VisibleOnly]ControlType='Button' &amp;&amp; Name='OK'"
\0&lt;/a&gt;
E, 3504, 20, 2013/05/24, 07:40:08.165, 3573815143671, QTAgent32.exe, LoadLibrary() : Unable to find the resource 37382 from assembly C:\Windows\system32\en-US\ieframe.dll.mui: Error1814
E, 3504, 20, 2013/05/24, 07:40:08.166, 3573815156090, QTAgent32.exe, LoadLibrary() : Unable to find the resource 41728 from assembly C:\Windows\system32\en-US\ieframe.dll.mui: Error1814
E, 3504, 20, 2013/05/24, 07:40:08.166, 3573815159959, QTAgent32.exe, LoadLibrary() : Unable to find the resource 8131 from assembly C:\Windows\system32\en-US\ieframe.dll.mui: Error1814
E, 3504, 20, 2013/05/24, 07:40:08.167, 3573815165016, QTAgent32.exe, LoadLibrary() : Unable to find the resource 8131 from assembly C:\Windows\system32\en-US\ieframe.dll.mui: Error1814
E, 3504, 20, 2013/05/24, 07:40:08.167, 3573815173019, QTAgent32.exe, LoadLibrary() : Unable to find the resource 8131 from assembly C:\Windows\system32\en-US\ieframe.dll.mui: Error1814
E, 3504, 20, 2013/05/24, 07:40:08.172, 3573815238075, QTAgent32.exe, LoadLibrary() : Unable to find the resource 803 from assembly C:\Windows\system32\en-US\user32.dll.mui: Error1814
W, 3504, 20, 2013/05/24, 07:40:08.441, 3573819088721, QTAgent32.exe, &lt;a class=success&gt;Playback - {4} [SUCCESS] SendKeys "^{HOME}" - "[MSAA, VisibleOnly]ControlType='Edit'"
\0&lt;/a&gt;
E, 3504, 20, 2013/05/24, 07:40:08.444, 3573819141498, QTAgent32.exe, Msaa.GetFocusedElement: could not find accessible object of foreground window
W, 3504, 20, 2013/05/24, 07:40:08.576, 3573821029321, QTAgent32.exe, &lt;a class=success&gt;Playback - {5} [SUCCESS] SendKeys "^+{END}" - "[MSAA, VisibleOnly]ControlType='Edit'"
\0&lt;/a&gt;
E, 3504, 20, 2013/05/24, 07:40:08.576, 3573821032806, QTAgent32.exe, Msaa.GetFocusedElement: could not find accessible object of foreground window
W, 3504, 20, 2013/05/24, 07:40:08.609, 3573821505213, QTAgent32.exe, &lt;a class=success&gt;Playback - {6} [SUCCESS] SendKeys "{DELETE}" - "[MSAA, VisibleOnly]ControlType='Edit'"
\0&lt;/a&gt;
W, 3504, 20, 2013/05/24, 07:40:09.006, 3573827185368, QTAgent32.exe, &lt;a class=success&gt;Playback - {7} [SUCCESS] SetValueAsEditBox "24/05/2013" - "[MSAA, VisibleOnly]ControlType='Edit'"  &lt; Set via SendKeys &gt;
\0&lt;/a&gt;
W, 3504, 20, 2013/05/24, 07:40:09.769, 3573838116362, QTAgent32.exe, Playback - [WARNING] Internal warning: Incorrect flag set for InvokeProgrammaticAction\0
W, 3504, 20, 2013/05/24, 07:40:09.890, 3573839847176, QTAgent32.exe, &lt;a class=success&gt;Playback - {8} [SUCCESS] SetValueAsComboBox "May" - "[MSAA, VisibleOnly]ControlType='ComboBox'"  &lt; SetValueAsComboBox, set by clicking on the item in the list box &gt;
\0&lt;/a&gt;
W, 3504, 20, 2013/05/24, 07:40:10.174, 3573843906912, QTAgent32.exe, &lt;a class=success&gt;Playback - {9} [SUCCESS] SendKeys "^{HOME}" - "[MSAA, VisibleOnly]ControlType='Edit'"
\0&lt;/a&gt;
E, 3504, 20, 2013/05/24, 07:40:10.174, 3573843910208, QTAgent32.exe, Msaa.GetFocusedElement: could not find accessible object of foreground window
W, 3504, 20, 2013/05/24, 07:40:10.233, 3573844759463, QTAgent32.exe, &lt;a class=success&gt;Playback - {10} [SUCCESS] SendKeys "^+{END}" - "[MSAA, VisibleOnly]ControlType='Edit'"
\0&lt;/a&gt;
E, 3504, 20, 2013/05/24, 07:40:10.234, 3573844763034, QTAgent32.exe, Msaa.GetFocusedElement: could not find accessible object of foreground window
W, 3504, 20, 2013/05/24, 07:40:10.249, 3573844988576, QTAgent32.exe, &lt;a class=success&gt;Playback - {11} [SUCCESS] SendKeys "{DELETE}" - "[MSAA, VisibleOnly]ControlType='Edit'"
\0&lt;/a&gt;
W, 3504, 20, 2013/05/24, 07:40:10.544, 3573849208949, QTAgent32.exe, &lt;a class=success&gt;Playback - {12} [SUCCESS] SetValueAsEditBox "2013" - "[MSAA, VisibleOnly]ControlType='Edit'"  &lt; Set via SendKeys &gt;
\0&lt;/a&gt;
W, 3504, 20, 2013/05/24, 07:40:11.794, 3573867099770, QTAgent32.exe, &lt;a class=success&gt;Playback - {13} [SUCCESS] MouseButtonClick - "[MSAA, VisibleOnly]ControlType='Button' &amp;&amp; Name='OK'"
\0&lt;/a&gt;
W, 3504, 20, 2013/05/24, 07:40:12.742, 3573880673745, QTAgent32.exe, Playback - [WARNING] Internal warning: Window Not Found: [VisibleOnly]ControlType='Window' &amp;&amp; Name='Warning' &amp;&amp; ClassName='#32770'
\0
E, 3504, 20, 2013/05/24, 07:40:12.742, 3573880677828, QTAgent32.exe, &lt;a class=failure&gt;Playback - {14} [FAILED] Function ElementFetcher::FindScreenElement failed to locate UI element (Searching: ;[VisibleOnly]ControlType='Window' &amp;&amp; Name='Warning' &amp;&amp; ClassName='#32770') (The object specified was not found.)
\0&lt;/a&gt;
E, 3504, 20, 2013/05/24, 07:40:12.879, 3573882643668, QTAgent32.exe, Playback - [IMAGE] C:\Users\testuser\AppData\Local\Temp\UITestLogs\LastRun\RPFAC6D.png
\0
W, 3504, 20, 2013/05/24, 07:40:12.880, 3573882646568, QTAgent32.exe, Playback - [WARNING] Internal warning: Couldn't find descendants that match QueryId
\0
W, 3504, 20, 2013/05/24, 07:40:12.880, 3573882652092, QTAgent32.exe, PERF WARNING: FindTopLevelWindowHelper::FindAllDescendents: took 978 ms. Expected it to take maximum 500 ms.
W, 3504, 20, 2013/05/24, 07:40:31.057, 3574142918813, QTAgent32.exe, Playback - [WARNING] Internal warning: Window Not Found: [VisibleOnly]ControlType='Window' &amp;&amp; Name='Warning' &amp;&amp; ClassName='#32770'
\0
E, 3504, 20, 2013/05/24, 07:40:31.058, 3574142922354, QTAgent32.exe, &lt;a class=failure&gt;Playback - {15} [FAILED] Function ElementFetcher::FindScreenElement failed to locate UI element (Searching: ;[VisibleOnly]ControlType='Window' &amp;&amp; Name='Warning' &amp;&amp; ClassName='#32770') (The object specified was not found.)
\0&lt;/a&gt;
E, 3504, 20, 2013/05/24, 07:40:31.137, 3574144056170, QTAgent32.exe, Playback - [IMAGE] C:\Users\testuser\AppData\Local\Temp\UITestLogs\LastRun\RPFF3F9.png
\0
W, 3504, 20, 2013/05/24, 07:40:31.137, 3574144059197, QTAgent32.exe, Playback - [WARNING] Internal warning: Couldn't find descendants that match QueryId
\0
W, 3504, 20, 2013/05/24, 07:40:31.137, 3574144062353, QTAgent32.exe, PERF WARNING: FindTopLevelWindowHelper::FindAllDescendents: took 18098 ms. Expected it to take maximum 500 ms.
W, 3504, 20, 2013/05/24, 07:40:31.623, 3574151015382, QTAgent32.exe, Playback - [WARNING] Internal warning: Smart Match failed
\0
W, 3504, 20, 2013/05/24, 07:40:31.791, 3574153423651, QTAgent32.exe, Playback - [WARNING] Internal warning: Smart Match failed
\0
W, 3504, 20, 2013/05/24, 07:40:31.955, 3574155764373, QTAgent32.exe, Playback - [WARNING] Internal warning: Smart Match failed
\0
W, 3504, 20, 2013/05/24, 07:40:32.116, 3574158070733, QTAgent32.exe, Playback - [WARNING] Internal warning: Smart Match failed
\0
W, 3504, 20, 2013/05/24, 07:40:32.279, 3574160410025, QTAgent32.exe, Playback - [WARNING] Internal warning: Smart Match failed
\0
W, 3504, 20, 2013/05/24, 07:40:32.472, 3574163177696, QTAgent32.exe, Playback - [WARNING] Internal warning: Smart Match failed
\0
W, 3504, 20, 2013/05/24, 07:40:32.638, 3574165559220, QTAgent32.exe, Playback - [WARNING] Internal warning: Smart Match failed
\0
W, 3504, 20, 2013/05/24, 07:40:32.813, 3574168059698, QTAgent32.exe, Playback - [WARNING] Internal warning: Smart Match failed
\0
W, 3504, 20, 2013/05/24, 07:40:32.973, 3574170346409, QTAgent32.exe, Playback - [WARNING] Internal warning: Smart Match failed
\0
W, 3504, 20, 2013/05/24, 07:40:33.131, 3574172614159, QTAgent32.exe, Playback - [WARNING] Internal warning: Smart Match failed
\0
W, 3504, 20, 2013/05/24, 07:40:33.289, 3574174870597, QTAgent32.exe, Playback - [WARNING] Internal warning: Smart Match failed
\0
W, 3504, 20, 2013/05/24, 07:40:33.449, 3574177171600, QTAgent32.exe, Playback - [WARNING] Internal warning: Smart Match failed
\0
W, 3504, 20, 2013/05/24, 07:40:33.611, 3574179487246, QTAgent32.exe, Playback - [WARNING] Internal warning: Smart Match failed
\0
W, 3504, 20, 2013/05/24, 07:40:33.773, 3574181802765, QTAgent32.exe, Playback - [WARNING] Internal warning: Smart Match failed
\0
W, 3504, 20, 2013/05/24, 07:40:33.938, 3574184171258, QTAgent32.exe, Playback - [WARNING] Internal warning: Smart Match failed
\0
W, 3504, 20, 2013/05/24, 07:40:34.105, 3574186565500, QTAgent32.exe, Playback - [WARNING] Internal warning: Smart Match failed
\0
W, 3504, 20, 2013/05/24, 07:40:34.152, 3574187226676, QTAgent32.exe, Playback - [WARNING] Internal warning: Window Not Found: [VisibleOnly]ControlType='Window' &amp;&amp; Name='Warning' &amp;&amp; ClassName='#32770'
\0
E, 3504, 20, 2013/05/24, 07:40:34.152, 3574187229203, QTAgent32.exe, &lt;a class=failure&gt;Playback - {16} [FAILED] Function ElementFetcher::FindScreenElement failed to locate UI element (Searching: ;[VisibleOnly]ControlType='Window' &amp;&amp; Name='Warning' &amp;&amp; ClassName='#32770') (The object specified was not found.)
\0&lt;/a&gt;
E, 3504, 20, 2013/05/24, 07:40:34.231, 3574188359472, QTAgent32.exe, Playback - [IMAGE] C:\Users\testuser\AppData\Local\Temp\UITestLogs\LastRun\RPFB.png
\0
W, 3504, 20, 2013/05/24, 07:40:34.231, 3574188361939, QTAgent32.exe, Playback - [WARNING] Internal warning: Couldn't find descendants that match QueryId
\0
W, 3504, 20, 2013/05/24, 07:40:34.231, 3574188364983, QTAgent32.exe, PERF WARNING: FindTopLevelWindowHelper::FindAllDescendents: took 3093 ms. Expected it to take maximum 500 ms.
E, 3504, 20, 2013/05/24, 07:40:34.232, 3574188382498, QTAgent32.exe, Exception: System.Runtime.InteropServices.COMException
	Message: Error HRESULT E_FAIL has been returned from a call to a COM component.
	Stack Trace:    at Microsoft.VisualStudio.TestTools.UITest.Playback.Engine.IRPFPlayback.FindAllScreenElements(IScreenElement pScreenElementStart, String bstrQueryId, Object&amp; pvarResKeys, Int32 cResKeys, Int32 nMaxDepth, Object[]&amp; foundDescendants)
   at Microsoft.VisualStudio.TestTools.UITest.Playback.ScreenElement.FindTopLevelWindowHelper(String queryId)
	BaseExceptionMessage: Error HRESULT E_FAIL has been returned from a call to a COM component.

E, 3504, 20, 2013/05/24, 07:40:34.660, 3574194502790, QTAgent32.exe, AL: Playback Error: Microsoft.VisualStudio.TestTools.UITest.Extension.UITestControlNotFoundException: The playback failed to find the control with the given search properties. Additional Details: 
TechnologyName:  'MSAA'
ControlType:  'Window'
Name:  'Warning'
ClassName:  '#32770'
 ---&gt; System.Runtime.InteropServices.COMException: Error HRESULT E_FAIL has been returned from a call to a COM component.
   at Microsoft.VisualStudio.TestTools.UITest.Playback.Engine.IRPFPlayback.FindAllScreenElements(IScreenElement pScreenElementStart, String bstrQueryId, Object&amp; pvarResKeys, Int32 cResKeys, Int32 nMaxDepth, Object[]&amp; foundDescendants)
   at Microsoft.VisualStudio.TestTools.UITest.Playback.ScreenElement.FindTopLevelWindowHelper(String queryId)
   at Microsoft.VisualStudio.TestTools.UITest.Playback.ScreenElement.FindFromPartialQueryId(String queryId)
   at Microsoft.VisualStudio.TestTools.UITesting.UITestControl..ctor(String queryId)
   --- End of inner exception stack trace ---
   at Microsoft.VisualStudio.TestTools.UITesting.Playback.MapControlNotFoundException(COMException ex, IPlaybackContext context)
   at Microsoft.VisualStudio.TestTools.UITesting.Playback.MapAndThrowComException(COMException innerException, IPlaybackContext context)
   at Microsoft.VisualStudio.TestTools.UITesting.Playback.MapAndThrowException(SystemException exception, IPlaybackContext context)
   at Microsoft.VisualStudio.TestTools.UITesting.Playback.MapAndThrowException(SystemException exception, String queryId)
   at Microsoft.VisualStudio.TestTools.UITesting.UITestControl..ctor(String queryId)
   at Microsoft.VisualStudio.TestTools.UITesting.SearchHelper.SearchTopLevelWindow(ISearchArgument topLevelSearchArg, String topLevelElementQueryId)
   at Microsoft.VisualStudio.TestTools.UITesting.SearchHelper.GetTitleUpdatedTopLevelWindow(ISearchArgument topLevelSearchArg, String queryId, IList`1 windowTitles)
   at Microsoft.VisualStudio.TestTools.UITesting.SearchHelper.GetTopLevelElement(Boolean useCache, Boolean useCacheOnly, ISearchArgument searchArg, IList`1 windowTitles, Int32&amp; timeLeft)
   at Microsoft.VisualStudio.TestTools.UITesting.SearchHelper.GetElement(Boolean useCache, ISearchArgument searchArg)
   at Microsoft.VisualStudio.TestTools.UITesting.SearchHelper.Search(ISearchArgument searchArg)
   at Microsoft.VisualStudio.TestTools.UITesting.UITestControl.FindInternal()
   at Microsoft.VisualStudio.TestTools.UITesting.UITestControl.FindControlIfNecessary()
   at Microsoft.VisualStudio.TestTools.UITesting.UITestControl.Click(MouseButtons button, ModifierKeys modifierKeys, Point relativeCoordinates)
   at Microsoft.VisualStudio.TestTools.UITesting.Mouse.ClickImplementation(UITestControl control, MouseButtons button, ModifierKeys modifierKeys, Point relativeCoordinate)
   at Microsoft.VisualStudio.TestTools.UITesting.Mouse.ClickImplementationWrapper(UITestControl control, MouseButtons button, ModifierKeys modifierKeys, Point relativeCoordinate)
W, 3504, 20, 2013/05/24, 07:40:34.660, 3574194506460, QTAgent32.exe, PlaybackErrorHandler: Ignoring exception as ContinueOnError is set.
W, 3504, 20, 2013/05/24, 07:40:34.812, 3574196671947, QTAgent32.exe, &lt;a class=success&gt;Playback - {17} [SUCCESS] TypeString "#(R)"
\0&lt;/a&gt;
W, 3504, 20, 2013/05/24, 07:40:36.287, 3574217799521, QTAgent32.exe, PERF WARNING: FindTopLevelWindowHelper::FindAllDescendents: took 1375 ms. Expected it to take maximum 500 ms.
W, 3504, 20, 2013/05/24, 07:40:37.297, 3574232260944, QTAgent32.exe, PERF WARNING: FindAllDescendents: took 1006 ms. Expected it to take maximum 500 ms.
E, 3504, 20, 2013/05/24, 07:40:37.327, 3574232691567, QTAgent32.exe, Exception: System.ArgumentException
	Message: Value does not fall within the expected range.
	Stack Trace:    at Accessibility.IAccessible.get_accRole(Object varChild)
   at Microsoft.VisualStudio.TestTools.UITest.Extension.Msaa.AccWrapper.get_RoleInt()
	BaseExceptionMessage: Value does not fall within the expected range.

E, 3504, 20, 2013/05/24, 07:40:37.340, 3574232877046, QTAgent32.exe, Exception: System.ArgumentException
	Message: Value does not fall within the expected range.
	Stack Trace:    at Accessibility.IAccessible.get_accRole(Object varChild)
   at Microsoft.VisualStudio.TestTools.UITest.Extension.Msaa.AccWrapper.get_RoleInt()
	BaseExceptionMessage: Value does not fall within the expected range.

W, 3504, 20, 2013/05/24, 07:40:38.462, 3574248937877, QTAgent32.exe, &lt;a class=success&gt;Playback - {18} [SUCCESS] LeftButtonClick  &lt; Mouse cursor location (87, 908) &gt;
\0&lt;/a&gt;
W, 3504, 20, 2013/05/24, 07:40:39.878, 3574269220013, QTAgent32.exe, &lt;a class=success&gt;Playback - {19} [SUCCESS] SetValueAsEditBox "c:\TestProject7\office.reg"  &lt; Set via SendKeys &gt;
\0&lt;/a&gt;
W, 3504, 20, 2013/05/24, 07:40:39.879, 3574269222623, QTAgent32.exe, &lt;a class=success&gt;Playback - {20} [SUCCESS] SetValueAsComboBox "c:\TestProject7\office.reg" - "[MSAA, VisibleOnly]ControlType='ComboBox' &amp;&amp; Name='Open:'"  &lt; Set via SetValueAsEditBox &gt;
\0&lt;/a&gt;
W, 3504, 20, 2013/05/24, 07:40:40.121, 3574272687845, QTAgent32.exe, &lt;a class=success&gt;Playback - {21} [SUCCESS] MouseButtonClick - "[MSAA, VisibleOnly]ControlType='Button' &amp;&amp; Name='OK'"
\0&lt;/a&gt;
W, 3504, 20, 2013/05/24, 07:40:40.494, 3574278029666, QTAgent32.exe, Playback - [WARNING] Internal warning: Window Not Found: [VisibleOnly]ControlType='Window' &amp;&amp; Name='Registry Editor' &amp;&amp; ClassName='#32770'
\0
E, 3504, 20, 2013/05/24, 07:40:40.494, 3574278032744, QTAgent32.exe, &lt;a class=failure&gt;Playback - {22} [FAILED] Function ElementFetcher::FindScreenElement failed to locate UI element (Searching: ;[VisibleOnly]ControlType='Window' &amp;&amp; Name='Registry Editor' &amp;&amp; ClassName='#32770') (The object specified was not found.)
\0&lt;/a&gt;
E, 3504, 20, 2013/05/24, 07:40:40.629, 3574279966776, QTAgent32.exe, Playback - [IMAGE] C:\Users\testuser\AppData\Local\Temp\UITestLogs\LastRun\RPF18D9.png
\0
W, 3504, 20, 2013/05/24, 07:40:40.629, 3574279969204, QTAgent32.exe, Playback - [WARNING] Internal warning: Couldn't find descendants that match QueryId
\0
W, 3504, 20, 2013/05/24, 07:40:42.916, 3574312706254, QTAgent32.exe, PERF WARNING: FindTopLevelWindowHelper::FindAllDescendents: took 2285 ms. Expected it to take maximum 500 ms.
W, 3504, 20, 2013/05/24, 07:40:43.217, 3574317016827, QTAgent32.exe, &lt;a class=success&gt;Playback - {23} [SUCCESS] MouseButtonClick - "[MSAA, VisibleOnly]ControlType='Button' &amp;&amp; Name='Yes'"
\0&lt;/a&gt;
W, 3504, 20, 2013/05/24, 07:40:43.633, 3574322972836, QTAgent32.exe, &lt;a class=success&gt;Playback - {24} [SUCCESS] MouseButtonClick - "[MSAA, VisibleOnly]ControlType='Button' &amp;&amp; Name='OK'"
\0&lt;/a&gt;
W, 3504, 20, 2013/05/24, 07:40:43.882, 3574326541311, QTAgent32.exe, &lt;a class=success&gt;Playback - {25} [SUCCESS] MouseButtonClick - "[MSAA, VisibleOnly]ControlType='Button' &amp;&amp; Name='Clients &amp; Files'"
\0&lt;/a&gt;
W, 3504, 20, 2013/05/24, 07:40:44.258, 3574331923497, QTAgent32.exe, Playback - [WARNING] Internal warning: Window Not Found: [VisibleOnly]ControlType='Window' &amp;&amp; ClassName='ThunderRT6MDIForm'
\0
E, 3504, 20, 2013/05/24, 07:40:44.258, 3574331926300, QTAgent32.exe, &lt;a class=failure&gt;Playback - {26} [FAILED] Function ElementFetcher::FindScreenElement failed to locate UI element (Searching: ;[VisibleOnly]ControlType='Window' &amp;&amp; ClassName='ThunderRT6MDIForm') (The object specified was not found.)
\0&lt;/a&gt;
E, 3504, 20, 2013/05/24, 07:40:44.380, 3574333670733, QTAgent32.exe, Playback - [IMAGE] C:\Users\testuser\AppData\Local\Temp\UITestLogs\LastRun\RPF278A.png
\0
W, 3504, 20, 2013/05/24, 07:40:44.380, 3574333672906, QTAgent32.exe, Playback - [WARNING] Internal warning: Couldn't find descendants that match QueryId
\0
W, 3504, 20, 2013/05/24, 07:40:47.013, 3574371369990, QTAgent32.exe, PERF WARNING: FindTopLevelWindowHelper::FindAllDescendents: took 2632 ms. Expected it to take maximum 500 ms.
W, 3504, 20, 2013/05/24, 07:40:47.770, 3574382218143, QTAgent32.exe, Playback - [WARNING] Internal warning: Incorrect flag set for InvokeProgrammaticAction\0
W, 3504, 20, 2013/05/24, 07:40:47.892, 3574383966806, QTAgent32.exe, &lt;a class=success&gt;Playback - {27} [SUCCESS] SetValueAsComboBox "Customers" - "[MSAA, VisibleOnly]ControlType='ComboBox'"  &lt; SetValueAsComboBox, set by clicking on the item in the list box &gt;
\0&lt;/a&gt;
W, 3504, 20, 2013/05/24, 07:40:48.331, 3574390253481, QTAgent32.exe, &lt;a class=success&gt;Playback - {28} [SUCCESS] MouseButtonClick - "[MSAA, VisibleOnly]ControlType='Button' &amp;&amp; Name='Add'"
\0&lt;/a&gt;
W, 3504, 20, 2013/05/24, 07:40:49.016, 3574400060036, QTAgent32.exe, &lt;a class=success&gt;Playback - {29} [SUCCESS] SendKeys "autotest" - "[MSAA, VisibleOnly]ControlType='RadioButton' &amp;&amp; Name='Personal Lines'"
\0&lt;/a&gt;
W, 3504, 20, 2013/05/24, 07:40:49.886, 3574412511822, QTAgent32.exe, &lt;a class=success&gt;Playback - {30} [SUCCESS] SetValueAsEditBox "autotest" - "[MSAA, VisibleOnly]ControlType='Edit'"  &lt; Set via SendKeys &gt;
\0&lt;/a&gt;
W, 3504, 20, 2013/05/24, 07:40:50.113, 3574415763847, QTAgent32.exe, &lt;a class=success&gt;Playback - {31} [SUCCESS] MouseButtonClick - "[MSAA, VisibleOnly]ControlType='Button' &amp;&amp; Name='OK'"
\0&lt;/a&gt;
W, 3504, 20, 2013/05/24, 07:40:50.410, 3574420013375, QTAgent32.exe, &lt;a class=success&gt;Playback - {32} [SUCCESS] MouseButtonClick - "[MSAA, VisibleOnly]ControlType='Button' &amp;&amp; Name='Yes'"
\0&lt;/a&gt;
W, 3504, 20, 2013/05/24, 07:40:50.986, 3574428255708, QTAgent32.exe, &lt;a class=success&gt;Playback - {33} [SUCCESS] SendKeys "^{HOME}" - "[MSAA, VisibleOnly]ControlType='Edit'"
\0&lt;/a&gt;
E, 3504, 20, 2013/05/24, 07:40:50.986, 3574428259103, QTAgent32.exe, Msaa.GetFocusedElement: could not find accessible object of foreground window
W, 3504, 20, 2013/05/24, 07:40:51.043, 3574429071831, QTAgent32.exe, &lt;a class=success&gt;Playback - {34} [SUCCESS] SendKeys "^+{END}" - "[MSAA, VisibleOnly]ControlType='Edit'"
\0&lt;/a&gt;
E, 3504, 20, 2013/05/24, 07:40:51.043, 3574429075073, QTAgent32.exe, Msaa.GetFocusedElement: could not find accessible object of foreground window
W, 3504, 20, 2013/05/24, 07:40:51.058, 3574429294800, QTAgent32.exe, &lt;a class=success&gt;Playback - {35} [SUCCESS] SendKeys "{DELETE}" - "[MSAA, VisibleOnly]ControlType='Edit'"
\0&lt;/a&gt;
W, 3504, 20, 2013/05/24, 07:40:51.362, 3574433638713, QTAgent32.exe, &lt;a class=success&gt;Playback - {36} [SUCCESS] SetValueAsEditBox "1" - "[MSAA, VisibleOnly]ControlType='Edit'"  &lt; Set via SendKeys &gt;
\0&lt;/a&gt;
W, 3504, 20, 2013/05/24, 07:40:51.824, 3574440263058, QTAgent32.exe, &lt;a class=success&gt;Playback - {37} [SUCCESS] SendKeys "^{HOME}" - "[MSAA, VisibleOnly]ControlType='Edit'"
\0&lt;/a&gt;
E, 3504, 20, 2013/05/24, 07:40:51.825, 3574440267083, QTAgent32.exe, Msaa.GetFocusedElement: could not find accessible object of foreground window
W, 3504, 20, 2013/05/24, 07:40:51.881, 3574441071932, QTAgent32.exe, &lt;a class=success&gt;Playback - {38} [SUCCESS] SendKeys "^+{END}" - "[MSAA, VisibleOnly]ControlType='Edit'"
\0&lt;/a&gt;
E, 3504, 20, 2013/05/24, 07:40:51.881, 3574441075272, QTAgent32.exe, Msaa.GetFocusedElement: could not find accessible object of foreground window
W, 3504, 20, 2013/05/24, 07:40:51.907, 3574441452995, QTAgent32.exe, &lt;a class=success&gt;Playback - {39} [SUCCESS] SendKeys "{DELETE}" - "[MSAA, VisibleOnly]ControlType='Edit'"
\0&lt;/a&gt;
W, 3504, 20, 2013/05/24, 07:40:52.216, 3574445869831, QTAgent32.exe, &lt;a class=success&gt;Playback - {40} [SUCCESS] SetValueAsEditBox "1" - "[MSAA, VisibleOnly]ControlType='Edit'"  &lt; Set via SendKeys &gt;
\0&lt;/a&gt;
W, 3504, 20, 2013/05/24, 07:40:53.839, 3574469114517, QTAgent32.exe, Playback - [WARNING] Internal warning: Target element "[MSAA, VisibleOnly]ControlType='Button' &amp;&amp; Name='OK'" was not found, so all intermediate elements were ignored. An incorrect element that matches target element Id can be found as the result.  Verify that all intermediate elements in QueryId have valid and unique Ids
\0
W, 3504, 20, 2013/05/24, 07:40:54.376, 3574476802712, QTAgent32.exe, PERF WARNING: FindAllDescendents: took 2045 ms. Expected it to take maximum 500 ms.
W, 3504, 20, 2013/05/24, 07:40:54.677, 3574481112382, QTAgent32.exe, &lt;a class=success&gt;Playback - {41} [SUCCESS] MouseButtonClick - "[MSAA, VisibleOnly]ControlType='Button' &amp;&amp; Name='OK'"
\0&lt;/a&gt;
W, 3504, 20, 2013/05/24, 07:40:55.051, 3574486465557, QTAgent32.exe, &lt;a class=success&gt;Playback - {42} [SUCCESS] MouseButtonClick - "[MSAA, VisibleOnly]ControlType='Button'"
\0&lt;/a&gt;
W, 3504, 20, 2013/05/24, 07:40:55.407, 3574491564513, QTAgent32.exe, &lt;a class=success&gt;Playback - {43} [SUCCESS] MouseButtonClick - "[MSAA, VisibleOnly]ControlType='Button' &amp;&amp; Name='Add'"
\0&lt;/a&gt;
W, 3504, 20, 2013/05/24, 07:40:55.636, 3574494838431, QTAgent32.exe, &lt;a class=success&gt;Playback - {44} [SUCCESS] MouseButtonClick - "[MSAA, VisibleOnly]ControlType='Button' &amp;&amp; Name='OK'"
\0&lt;/a&gt;
W, 3504, 20, 2013/05/24, 07:40:57.930, 3574527686168, QTAgent32.exe, &lt;a class=success&gt;Playback - {45} [SUCCESS] MouseButtonClick - "[MSAA, VisibleOnly,Window]ControlType='Window' &amp;&amp; ClassName='ThunderRT6TextBox'"
\0&lt;/a&gt;
W, 3504, 20, 2013/05/24, 07:40:58.716, 3574538943260, QTAgent32.exe, &lt;a class=success&gt;Playback - {46} [SUCCESS] SetValueAsEditBox "MOTO" - "[MSAA, VisibleOnly]ControlType='Edit'"  &lt; Set via SendKeys &gt;
\0&lt;/a&gt;
W, 3504, 20, 2013/05/24, 07:40:59.058, 3574543839142, QTAgent32.exe, &lt;a class=success&gt;Playback - {47} [SUCCESS] MouseButtonClick - "[MSAA, VisibleOnly]ControlType='Button' &amp;&amp; Name='OK'"
\0&lt;/a&gt;
W, 3504, 20, 2013/05/24, 07:40:59.316, 3574547534098, QTAgent32.exe, &lt;a class=success&gt;Playback - {48} [SUCCESS] MouseButtonClick - "[MSAA, VisibleOnly]ControlType='Button' &amp;&amp; Name='Options'"
\0&lt;/a&gt;
W, 3504, 20, 2013/05/24, 07:40:59.448, 3574549416488, QTAgent32.exe, FindScreenElementInSinglePass : Attempting to find control in one pass of search. Failures can occur.
W, 3504, 20, 2013/05/24, 07:40:59.873, 3574555501935, QTAgent32.exe, &lt;a class=success&gt;Playback - {49} [SUCCESS] MouseButtonClick - "[MSAA]ControlType='MenuItem' &amp;&amp; Name='Links'"
\0&lt;/a&gt;
W, 3504, 20, 2013/05/24, 07:40:59.973, 3574556940208, QTAgent32.exe, FindScreenElementInSinglePass : Attempting to find control in one pass of search. Failures can occur.
W, 3504, 20, 2013/05/24, 07:41:00.389, 3574562891404, QTAgent32.exe, &lt;a class=success&gt;Playback - {50} [SUCCESS] MouseButtonClick - "[MSAA]ControlType='MenuItem' &amp;&amp; Name='3rd Party Integration'"
\0&lt;/a&gt;
W, 3504, 20, 2013/05/24, 07:41:00.489, 3574564330515, QTAgent32.exe, FindScreenElementInSinglePass : Attempting to find control in one pass of search. Failures can occur.
W, 3504, 20, 2013/05/24, 07:41:00.916, 3574570437613, QTAgent32.exe, &lt;a class=success&gt;Playback - {51} [SUCCESS] MouseButtonClick - "[MSAA]ControlType='MenuItem' &amp;&amp; Name='Quote Select List'"
\0&lt;/a&gt;
W, 3504, 20, 2013/05/24, 07:41:01.810, 3574583247660, QTAgent32.exe, Playback - [WARNING] Internal warning: Window Not Found: [VisibleOnly]ControlType='Window' &amp;&amp; Name='Current Or Future' &amp;&amp; ClassName='TfCurrentOrFuture'
\0
E, 3504, 20, 2013/05/24, 07:41:01.810, 3574583250536, QTAgent32.exe, &lt;a class=failure&gt;Playback - {52} [FAILED] Function ElementFetcher::FindScreenElement failed to locate UI element (Searching: ;[VisibleOnly]ControlType='Window' &amp;&amp; Name='Current Or Future' &amp;&amp; ClassName='TfCurrentOrFuture') (The object specified was not found.)
\0&lt;/a&gt;
E, 3504, 20, 2013/05/24, 07:41:02.009, 3574586081922, QTAgent32.exe, Playback - [IMAGE] C:\Users\testuser\AppData\Local\Temp\UITestLogs\LastRun\RPF6C19.png
\0
W, 3504, 20, 2013/05/24, 07:41:02.009, 3574586084702, QTAgent32.exe, Playback - [WARNING] Internal warning: Couldn't find descendants that match QueryId
\0
W, 3504, 20, 2013/05/24, 07:41:02.009, 3574586088719, QTAgent32.exe, PERF WARNING: FindTopLevelWindowHelper::FindAllDescendents: took 991 ms. Expected it to take maximum 500 ms.
W, 3504, 20, 2013/05/24, 07:41:03.422, 3574606315089, QTAgent32.exe, PERF WARNING: FindTopLevelWindowHelper::FindAllDescendents: took 1412 ms. Expected it to take maximum 500 ms.
W, 3504, 20, 2013/05/24, 07:41:03.563, 3574608342619, QTAgent32.exe, &lt;a class=success&gt;Playback - {53} [SUCCESS] MouseButtonClick - "[MSAA, VisibleOnly]ControlType='Button' &amp;&amp; Name='Ok'"
\0&lt;/a&gt;
W, 3504, 20, 2013/05/24, 07:41:06.933, 3574656597781, QTAgent32.exe, PERF WARNING: FindTopLevelWindowHelper::FindAllDescendents: took 3265 ms. Expected it to take maximum 500 ms.
W, 3504, 20, 2013/05/24, 07:41:07.072, 3574658579989, QTAgent32.exe, &lt;a class=success&gt;Playback - {54} [SUCCESS] MouseButtonClick - "[MSAA, VisibleOnly]ControlType='Button' &amp;&amp; Name='Ok'"
\0&lt;/a&gt;
W, 3504, 20, 2013/05/24, 07:41:08.166, 3574674253320, QTAgent32.exe, &lt;a class=success&gt;Playback - {55} [SUCCESS] SetValueAsEditBox "Test" - "[MSAA, VisibleOnly]ControlType='Edit'"  &lt; Set via SendKeys &gt;
\0&lt;/a&gt;
W, 3504, 20, 2013/05/24, 07:41:08.828, 3574683727964, QTAgent32.exe, &lt;a class=success&gt;Playback - {56} [SUCCESS] SendKeys "{Tab}" - "[MSAA, VisibleOnly]ControlType='Edit'"
\0&lt;/a&gt;
W, 3504, 20, 2013/05/24, 07:41:09.926, 3574699442542, QTAgent32.exe, &lt;a class=success&gt;Playback - {57} [SUCCESS] SetValueAsEditBox "test" - "[MSAA, VisibleOnly]ControlType='Edit'"  &lt; Set via SendKeys &gt;
\0&lt;/a&gt;
W, 3504, 20, 2013/05/24, 07:41:10.976, 3574714476937, QTAgent32.exe, &lt;a class=success&gt;Playback - {58} [SUCCESS] SetValueAsEditBox "160485" - "[MSAA, VisibleOnly]ControlType='Edit'"  &lt; Set via SendKeys &gt;
\0&lt;/a&gt;
W, 3504, 20, 2013/05/24, 07:41:11.976, 3574728796920, QTAgent32.exe, &lt;a class=success&gt;Playback - {59} [SUCCESS] SetValueAsEditBox "B338TH" - "[MSAA, VisibleOnly]ControlType='Edit'"  &lt; Set via SendKeys &gt;
\0&lt;/a&gt;
W, 3504, 20, 2013/05/24, 07:41:14.213, 3574760829944, QTAgent32.exe, &lt;a class=success&gt;Playback - {60} [SUCCESS] MouseButtonClick - "[MSAA, VisibleOnly]ControlType='Button' &amp;&amp; Name='Lookup...'"
\0&lt;/a&gt;
W, 3504, 20, 2013/05/24, 07:41:14.467, 3574764458999, QTAgent32.exe, &lt;a class=success&gt;Playback - {61} [SUCCESS] MouseButtonClick - "[MSAA, VisibleOnly]ControlType='Button' &amp;&amp; Name='Ok'"
\0&lt;/a&gt;
W, 3504, 20, 2013/05/24, 07:41:16.596, 3574794947517, QTAgent32.exe, &lt;a class=success&gt;Playback - {62} [SUCCESS] MouseButtonClick - "[MSAA, VisibleOnly]ControlType='Button' &amp;&amp; Name='OK'"
\0&lt;/a&gt;
W, 3504, 20, 2013/05/24, 07:41:18.122, 3574816802811, QTAgent32.exe, Playback - [WARNING] Internal warning: Incorrect flag set for InvokeProgrammaticAction\0
W, 3504, 20, 2013/05/24, 07:41:18.244, 3574818539288, QTAgent32.exe, &lt;a class=success&gt;Playback - {63} [SUCCESS] SetValueAsComboBox "Account Executive" - "[MSAA, VisibleOnly]ControlType='ComboBox'"  &lt; SetValueAsComboBox, set by clicking on the item in the list box &gt;
\0&lt;/a&gt;
W, 3504, 20, 2013/05/24, 07:41:19.777, 3574840502422, QTAgent32.exe, Playback - [WARNING] Internal warning: Incorrect flag set for InvokeProgrammaticAction\0
W, 3504, 20, 2013/05/24, 07:41:19.899, 3574842239781, QTAgent32.exe, &lt;a class=success&gt;Playback - {64} [SUCCESS] SetValueAsComboBox "Acupuncture" - "[MSAA, VisibleOnly]ControlType='ComboBox'"  &lt; SetValueAsComboBox, set by clicking on the item in the list box &gt;
\0&lt;/a&gt;
W, 3504, 20, 2013/05/24, 07:41:21.416, 3574863970431, QTAgent32.exe, &lt;a class=success&gt;Playback - {65} [SUCCESS] SetValueAsEditBox "151101" - "[MSAA, VisibleOnly]ControlType='Edit'"  &lt; Set via SendKeys &gt;
\0&lt;/a&gt;
W, 3504, 20, 2013/05/24, 07:41:21.661, 3574867469978, QTAgent32.exe, &lt;a class=success&gt;Playback - {66} [SUCCESS] MouseButtonClick - "[MSAA, VisibleOnly]ControlType='Button' &amp;&amp; Name='OK'"
\0&lt;/a&gt;
W, 3504, 20, 2013/05/24, 07:41:24.419, 3574906960709, QTAgent32.exe, PERF WARNING: FindTopLevelWindowHelper::FindAllDescendents: took 2556 ms. Expected it to take maximum 500 ms.
W, 3504, 20, 2013/05/24, 07:41:25.874, 3574927795346, QTAgent32.exe, &lt;a class=success&gt;Playback - {67} [SUCCESS] SetValueAsEditBox "RF53OXL" - "[MSAA, VisibleOnly]ControlType='Edit'"  &lt; Set via SendKeys &gt;
\0&lt;/a&gt;
W, 3504, 20, 2013/05/24, 07:41:28.106, 3574959756818, QTAgent32.exe, &lt;a class=success&gt;Playback - {68} [SUCCESS] MouseButtonClick - "[MSAA, VisibleOnly]ControlType='Button' &amp;&amp; Name='Filter'"
\0&lt;/a&gt;
W, 3504, 20, 2013/05/24, 07:41:28.953, 3574971887441, QTAgent32.exe, &lt;a class=success&gt;Playback - {69} [SUCCESS] MouseButtonClick - "[MSAA, VisibleOnly]ControlType='Button' &amp;&amp; Name='OK'"
\0&lt;/a&gt;
W, 3504, 20, 2013/05/24, 07:41:29.930, 3574985862241, QTAgent32.exe, &lt;a class=success&gt;Playback - {70} [SUCCESS] SendKeys "^{HOME}" - "[MSAA, VisibleOnly]ControlType='Edit'"
\0&lt;/a&gt;
E, 3504, 20, 2013/05/24, 07:41:29.930, 3574985866267, QTAgent32.exe, Msaa.GetFocusedElement: could not find accessible object of foreground window
W, 3504, 20, 2013/05/24, 07:41:29.998, 3574986833319, QTAgent32.exe, &lt;a class=success&gt;Playback - {71} [SUCCESS] SendKeys "^+{END}" - "[MSAA, VisibleOnly]ControlType='Edit'"
\0&lt;/a&gt;
E, 3504, 20, 2013/05/24, 07:41:29.999, 3574986848516, QTAgent32.exe, Msaa.GetFocusedElement: could not find accessible object of foreground window
W, 3504, 20, 2013/05/24, 07:41:30.014, 3574987065547, QTAgent32.exe, &lt;a class=success&gt;Playback - {72} [SUCCESS] SendKeys "{DELETE}" - "[MSAA, VisibleOnly]ControlType='Edit'"
\0&lt;/a&gt;
W, 3504, 20, 2013/05/24, 07:41:30.889, 3574999603140, QTAgent32.exe, &lt;a class=success&gt;Playback - {73} [SUCCESS] SetValueAsEditBox "1000" - "[MSAA, VisibleOnly]ControlType='Edit'"  &lt; Set via SendKeys &gt;
\0&lt;/a&gt;
W, 3504, 20, 2013/05/24, 07:41:31.252, 3575004803537, QTAgent32.exe, &lt;a class=success&gt;Playback - {74} [SUCCESS] MouseButtonClick - "[MSAA, VisibleOnly]ControlType='Button' &amp;&amp; Name='Calculate Quote'"
\0&lt;/a&gt;
W, 3504, 20, 2013/05/24, 07:41:44.324, 3575191963244, QTAgent32.exe, Playback - [WARNING] Internal warning: Window Not Found: [VisibleOnly]ControlType='Window' &amp;&amp; Name='Quote Select List' &amp;&amp; ClassName='ThunderRT6FormDC'
\0
E, 3504, 20, 2013/05/24, 07:41:44.324, 3575191969333, QTAgent32.exe, &lt;a class=failure&gt;Playback - {75} [FAILED] Function ElementFetcher::FindScreenElement failed to locate UI element (Searching: ;[VisibleOnly]ControlType='Window' &amp;&amp; Name='Quote Select List' &amp;&amp; ClassName='ThunderRT6FormDC') (The object specified was not found.)
\0&lt;/a&gt;
E, 3504, 20, 2013/05/24, 07:41:44.484, 3575194252247, QTAgent32.exe, Playback - [IMAGE] C:\Users\testuser\AppData\Local\Temp\UITestLogs\LastRun\RPF1228.png
\0
W, 3504, 20, 2013/05/24, 07:41:44.484, 3575194255009, QTAgent32.exe, Playback - [WARNING] Internal warning: Couldn't find descendants that match QueryId
\0
W, 3504, 20, 2013/05/24, 07:41:44.484, 3575194262146, QTAgent32.exe, PERF WARNING: FindTopLevelWindowHelper::FindAllDescendents: took 13130 ms. Expected it to take maximum 500 ms.
W, 3504, 20, 2013/05/24, 07:42:02.803, 3575456550285, QTAgent32.exe, Playback - [WARNING] Internal warning: Window Not Found: [VisibleOnly]ControlType='Window' &amp;&amp; Name='Quote Select List' &amp;&amp; ClassName='ThunderRT6FormDC'
\0
E, 3504, 20, 2013/05/24, 07:42:02.804, 3575456558499, QTAgent32.exe, &lt;a class=failure&gt;Playback - {76} [FAILED] Function ElementFetcher::FindScreenElement failed to locate UI element (Searching: ;[VisibleOnly]ControlType='Window' &amp;&amp; Name='Quote Select List' &amp;&amp; ClassName='ThunderRT6FormDC') (The object specified was not found.)
\0&lt;/a&gt;
E, 3504, 20, 2013/05/24, 07:42:02.886, 3575457737511, QTAgent32.exe, Playback - [IMAGE] C:\Users\testuser\AppData\Local\Temp\UITestLogs\LastRun\RPF5A5F.png
\0
W, 3504, 20, 2013/05/24, 07:42:02.886, 3575457740032, QTAgent32.exe, Playback - [WARNING] Internal warning: Couldn't find descendants that match QueryId
\0
W, 3504, 20, 2013/05/24, 07:42:02.887, 3575457746712, QTAgent32.exe, PERF WARNING: FindTopLevelWindowHelper::FindAllDescendents: took 18401 ms. Expected it to take maximum 500 ms.
W, 3504, 20, 2013/05/24, 07:42:06.115, 3575503966572, QTAgent32.exe, Playback - [WARNING] Internal warning: Smart Match failed
\0
W, 3504, 20, 2013/05/24, 07:42:07.426, 3575522742342, QTAgent32.exe, Playback - [WARNING] Internal warning: Window Not Found: [VisibleOnly]ControlType='Window' &amp;&amp; Name='Quote Select List' &amp;&amp; ClassName='ThunderRT6FormDC'
\0
E, 3504, 20, 2013/05/24, 07:42:07.426, 3575522746260, QTAgent32.exe, &lt;a class=failure&gt;Playback - {77} [FAILED] Function ElementFetcher::FindScreenElement failed to locate UI element (Searching: ;[VisibleOnly]ControlType='Window' &amp;&amp; Name='Quote Select List' &amp;&amp; ClassName='ThunderRT6FormDC') (The object specified was not found.)
\0&lt;/a&gt;
E, 3504, 20, 2013/05/24, 07:42:07.597, 3575525191092, QTAgent32.exe, Playback - [IMAGE] C:\Users\testuser\AppData\Local\Temp\UITestLogs\LastRun\RPF6C6A.png
\0
W, 3504, 20, 2013/05/24, 07:42:07.597, 3575525193795, QTAgent32.exe, Playback - [WARNING] Internal warning: Couldn't find descendants that match QueryId
\0
W, 3504, 20, 2013/05/24, 07:42:07.597, 3575525196678, QTAgent32.exe, PERF WARNING: FindTopLevelWindowHelper::FindAllDescendents: took 4710 ms. Expected it to take maximum 500 ms.
E, 3504, 20, 2013/05/24, 07:42:07.597, 3575525198764, QTAgent32.exe, Exception: System.Runtime.InteropServices.COMException
	Message: Error HRESULT E_FAIL has been returned from a call to a COM component.
	Stack Trace:    at Microsoft.VisualStudio.TestTools.UITest.Playback.Engine.IRPFPlayback.FindAllScreenElements(IScreenElement pScreenElementStart, String bstrQueryId, Object&amp; pvarResKeys, Int32 cResKeys, Int32 nMaxDepth, Object[]&amp; foundDescendants)
   at Microsoft.VisualStudio.TestTools.UITest.Playback.ScreenElement.FindTopLevelWindowHelper(String queryId)
	BaseExceptionMessage: Error HRESULT E_FAIL has been returned from a call to a COM component.

E, 3504, 20, 2013/05/24, 07:42:07.699, 3575526654898, QTAgent32.exe, AL: Playback Error: Microsoft.VisualStudio.TestTools.UITest.Extension.UITestControlNotFoundException: The playback failed to find the control with the given search properties. Additional Details: 
TechnologyName:  'MSAA'
ControlType:  'Window'
Name:  'Quote Select List'
ClassName:  'ThunderRT6FormDC'
 ---&gt; System.Runtime.InteropServices.COMException: Error HRESULT E_FAIL has been returned from a call to a COM component.
   at Microsoft.VisualStudio.TestTools.UITest.Playback.Engine.IRPFPlayback.FindAllScreenElements(IScreenElement pScreenElementStart, String bstrQueryId, Object&amp; pvarResKeys, Int32 cResKeys, Int32 nMaxDepth, Object[]&amp; foundDescendants)
   at Microsoft.VisualStudio.TestTools.UITest.Playback.ScreenElement.FindTopLevelWindowHelper(String queryId)
   at Microsoft.VisualStudio.TestTools.UITest.Playback.ScreenElement.FindFromPartialQueryId(String queryId)
   at Microsoft.VisualStudio.TestTools.UITesting.UITestControl..ctor(String queryId)
   --- End of inner exception stack trace ---
   at Microsoft.VisualStudio.TestTools.UITesting.Playback.MapControlNotFoundException(COMException ex, IPlaybackContext context)
   at Microsoft.VisualStudio.TestTools.UITesting.Playback.MapAndThrowComException(COMException innerException, IPlaybackContext context)
   at Microsoft.VisualStudio.TestTools.UITesting.Playback.MapAndThrowException(SystemException exception, IPlaybackContext context)
   at Microsoft.VisualStudio.TestTools.UITesting.Playback.MapAndThrowException(SystemException exception, String queryId)
   at Microsoft.VisualStudio.TestTools.UITesting.UITestControl..ctor(String queryId)
   at Microsoft.VisualStudio.TestTools.UITesting.SearchHelper.SearchTopLevelWindow(ISearchArgument topLevelSearchArg, String topLevelElementQueryId)
   at Microsoft.VisualStudio.TestTools.UITesting.SearchHelper.GetTitleUpdatedTopLevelWindow(ISearchArgument topLevelSearchArg, String queryId, IList`1 windowTitles)
   at Microsoft.VisualStudio.TestTools.UITesting.SearchHelper.GetTopLevelElement(Boolean useCache, Boolean useCacheOnly, ISearchArgument searchArg, IList`1 windowTitles, Int32&amp; timeLeft)
   at Microsoft.VisualStudio.TestTools.UITesting.SearchHelper.GetElement(Boolean useCache, ISearchArgument searchArg)
   at Microsoft.VisualStudio.TestTools.UITesting.SearchHelper.Search(ISearchArgument searchArg)
   at Microsoft.VisualStudio.TestTools.UITesting.UITestControl.FindInternal()
   at Microsoft.VisualStudio.TestTools.UITesting.UITestControl.FindControlIfNecessary()
   at Microsoft.VisualStudio.TestTools.UITesting.UITestControl.Click(MouseButtons button, ModifierKeys modifierKeys, Point relativeCoordinates)
   at Microsoft.VisualStudio.TestTools.UITesting.Mouse.ClickImplementation(UITestControl control, MouseButtons button, ModifierKeys modifierKeys, Point relativeCoordinate)
   at Microsoft.VisualStudio.TestTools.UITesting.Mouse.ClickImplementationWrapper(UITestControl control, MouseButtons button, ModifierKeys modifierKeys, Point relativeCoordinate)
W, 3504, 20, 2013/05/24, 07:42:07.699, 3575526658798, QTAgent32.exe, PlaybackErrorHandler: Ignoring exception as ContinueOnError is set.
W, 3504, 20, 2013/05/24, 07:42:07.858, 3575528929517, QTAgent32.exe, &lt;a class=success&gt;Playback - {78} [SUCCESS] MouseButtonClick - "[MSAA, VisibleOnly]ControlType='Button' &amp;&amp; Name='No'"
\0&lt;/a&gt;
W, 3504, 20, 2013/05/24, 07:42:08.106, 3575532485503, QTAgent32.exe, &lt;a class=success&gt;Playback - {79} [SUCCESS] MouseButtonClick - "[MSAA, VisibleOnly]ControlType='Button' &amp;&amp; Name='Ok'"
\0&lt;/a&gt;
W, 3504, 20, 2013/05/24, 07:42:18.738, 3575684713731, QTAgent32.exe, PERF WARNING: FindTopLevelWindowHelper::FindAllDescendents: took 10525 ms. Expected it to take maximum 500 ms.
W, 3504, 20, 2013/05/24, 07:42:18.904, 3575687088541, QTAgent32.exe, &lt;a class=success&gt;Playback - {80} [SUCCESS] MouseButtonClick - "[MSAA, VisibleOnly]ControlType='Button' &amp;&amp; Name='Exit'"
\0&lt;/a&gt;
W, 3504, 20, 2013/05/24, 07:42:19.153, 3575690658316, QTAgent32.exe, &lt;a class=success&gt;Playback - {81} [SUCCESS] MouseButtonClick - "[MSAA, VisibleOnly]ControlType='Button' &amp;&amp; Name='Yes'"
\0&lt;/a&gt;
W, 3504, 20, 2013/05/24, 07:42:20.182, 3575705386449, QTAgent32.exe, PERF WARNING: FindTopLevelWindowHelper::FindAllDescendents: took 898 ms. Expected it to take maximum 500 ms.
W, 3504, 20, 2013/05/24, 07:42:20.650, 3575712084040, QTAgent32.exe, &lt;a class=success&gt;Playback - {82} [SUCCESS] Uncheck - "[MSAA, VisibleOnly]ControlType='CheckBox' &amp;&amp; Name='Add Activity'"
\0&lt;/a&gt;
W, 3504, 20, 2013/05/24, 07:42:21.035, 3575717593592, QTAgent32.exe, &lt;a class=success&gt;Playback - {83} [SUCCESS] MouseButtonClick - "[MSAA, VisibleOnly]ControlType='Button' &amp;&amp; Name='Ok'"
\0&lt;/a&gt;
W, 3504, 20, 2013/05/24, 07:42:21.975, 3575731060617, QTAgent32.exe, PERF WARNING: FindTopLevelWindowHelper::FindAllDescendents: took 840 ms. Expected it to take maximum 500 ms.
W, 3504, 20, 2013/05/24, 07:42:22.730, 3575741869043, QTAgent32.exe, &lt;a class=success&gt;Playback - {84} [SUCCESS] DoSelect - "[MSAA, VisibleOnly]ControlType='List'"
\0&lt;/a&gt;
W, 3504, 20, 2013/05/24, 07:42:22.997, 3575745695659, QTAgent32.exe, &lt;a class=success&gt;Playback - {85} [SUCCESS] MouseButtonClick - "[MSAA, VisibleOnly]ControlType='Button' &amp;&amp; Name='Ok'"
\0&lt;/a&gt;
W, 3504, 20, 2013/05/24, 07:42:23.667, 3575755281951, QTAgent32.exe, PERF WARNING: FindTopLevelWindowHelper::FindAllDescendents: took 561 ms. Expected it to take maximum 500 ms.
W, 3504, 20, 2013/05/24, 07:42:23.804, 3575757250681, QTAgent32.exe, &lt;a class=success&gt;Playback - {86} [SUCCESS] MouseButtonClick - "[MSAA, VisibleOnly]ControlType='Button' &amp;&amp; Name='OK'"
\0&lt;/a&gt;
W, 3504, 20, 2013/05/24, 07:42:24.098, 3575761456328, QTAgent32.exe, &lt;a class=success&gt;Playback - {87} [SUCCESS] MouseButtonClick - "[MSAA, VisibleOnly]ControlType='Button' &amp;&amp; Name='Cancel'"
\0&lt;/a&gt;
W, 3504, 20, 2013/05/24, 07:42:24.464, 3575766705394, QTAgent32.exe, &lt;a class=success&gt;Playback - {88} [SUCCESS] MouseButtonClick - "[MSAA, VisibleOnly]ControlType='Button'"
\0&lt;/a&gt;
W, 3504, 20, 2013/05/24, 07:42:24.875, 3575772577696, QTAgent32.exe, &lt;a class=success&gt;Playback - {89} [SUCCESS] MouseButtonClick - "[MSAA, VisibleOnly]ControlType='Button' &amp;&amp; Name='Detail'"
\0&lt;/a&gt;
W, 3504, 20, 2013/05/24, 07:42:27.212, 3575806047944, QTAgent32.exe, Playback - [WARNING] Internal warning: Window Not Found: [VisibleOnly]ControlType='Window' &amp;&amp; Name='Policy: rty ert' &amp;&amp; ClassName='ThunderRT6MDIForm'
\0
E, 3504, 20, 2013/05/24, 07:42:27.213, 3575806051705, QTAgent32.exe, &lt;a class=failure&gt;Playback - {90} [FAILED] Function ElementFetcher::FindScreenElement failed to locate UI element (Searching: ;[VisibleOnly]ControlType='Window' &amp;&amp; Name='Policy: rty ert' &amp;&amp; ClassName='ThunderRT6MDIForm') (The object specified was not found.)
\0&lt;/a&gt;
E, 3504, 20, 2013/05/24, 07:42:27.290, 3575807162483, QTAgent32.exe, Playback - [IMAGE] C:\Users\testuser\AppData\Local\Temp\UITestLogs\LastRun\RPFB9BF.png
\0
W, 3504, 20, 2013/05/24, 07:42:27.290, 3575807164756, QTAgent32.exe, Playback - [WARNING] Internal warning: Couldn't find descendants that match QueryId
\0
W, 3504, 20, 2013/05/24, 07:42:27.290, 3575807167806, QTAgent32.exe, PERF WARNING: FindTopLevelWindowHelper::FindAllDescendents: took 2313 ms. Expected it to take maximum 500 ms.
W, 3504, 20, 2013/05/24, 07:42:45.355, 3576065809620, QTAgent32.exe, Playback - [WARNING] Internal warning: Window Not Found: [VisibleOnly]ControlType='Window' &amp;&amp; Name='Policy: rty ert' &amp;&amp; ClassName='ThunderRT6MDIForm'
\0
E, 3504, 20, 2013/05/24, 07:42:45.355, 3576065817665, QTAgent32.exe, &lt;a class=failure&gt;Playback - {91} [FAILED] Function ElementFetcher::FindScreenElement failed to locate UI element (Searching: ;[VisibleOnly]ControlType='Window' &amp;&amp; Name='Policy: rty ert' &amp;&amp; ClassName='ThunderRT6MDIForm') (The object specified was not found.)
\0&lt;/a&gt;
E, 3504, 20, 2013/05/24, 07:42:45.459, 3576067299887, QTAgent32.exe, Playback - [IMAGE] C:\Users\testuser\AppData\Local\Temp\UITestLogs\LastRun\RPF9F.png
\0
W, 3504, 20, 2013/05/24, 07:42:45.459, 3576067302645, QTAgent32.exe, Playback - [WARNING] Internal warning: Couldn't find descendants that match QueryId
\0
W, 3504, 20, 2013/05/24, 07:42:45.459, 3576067311025, QTAgent32.exe, PERF WARNING: FindTopLevelWindowHelper::FindAllDescendents: took 18168 ms. Expected it to take maximum 500 ms.
W, 3504, 20, 2013/05/24, 07:42:46.079, 3576076186600, QTAgent32.exe, Playback - [WARNING] Internal warning: Window with Class "ThunderRT6MDIForm" and Title "Policy: rty ert" was not found, so similar window with Class "ThunderRT6MDIForm" and Title "Policy: autotest" was accepted
\0
W, 3504, 20, 2013/05/24, 07:42:46.080, 3576076192751, QTAgent32.exe, PERF WARNING: FindTopLevelWindowHelper::FindAllDescendents: took 619 ms. Expected it to take maximum 500 ms.
W, 3504, 20, 2013/05/24, 07:42:46.219, 3576078191405, QTAgent32.exe, &lt;a class=success&gt;Playback - {92} [SUCCESS] MouseButtonClick - "[MSAA, VisibleOnly]ControlType='Edit'"
\0&lt;/a&gt;
W, 3504, 20, 2013/05/24, 07:42:46.542, 3576082811904, QTAgent32.exe, &lt;a class=success&gt;Playback - {93} [SUCCESS] MouseButtonClick - "[MSAA, VisibleOnly]ControlType='Button' &amp;&amp; Name='Cancel'"
\0&lt;/a&gt;
W, 3504, 20, 2013/05/24, 07:42:46.779, 3576086208249, QTAgent32.exe, &lt;a class=success&gt;Playback - {94} [SUCCESS] MouseButtonClick - "[MSAA, VisibleOnly]ControlType='Button' &amp;&amp; Name='Options'"
\0&lt;/a&gt;
W, 3504, 20, 2013/05/24, 07:42:46.880, 3576087647938, QTAgent32.exe, FindScreenElementInSinglePass : Attempting to find control in one pass of search. Failures can occur.
W, 3504, 20, 2013/05/24, 07:42:47.278, 3576093357175, QTAgent32.exe, &lt;a class=success&gt;Playback - {95} [SUCCESS] MouseButtonClick - "[MSAA]ControlType='MenuItem' &amp;&amp; Name='Links'"
\0&lt;/a&gt;
W, 3504, 20, 2013/05/24, 07:42:47.379, 3576094793712, QTAgent32.exe, FindScreenElementInSinglePass : Attempting to find control in one pass of search. Failures can occur.
W, 3504, 20, 2013/05/24, 07:42:47.755, 3576100186390, QTAgent32.exe, &lt;a class=success&gt;Playback - {96} [SUCCESS] MouseButtonClick - "[MSAA]ControlType='MenuItem' &amp;&amp; Name='3rd Party Integration'"
\0&lt;/a&gt;
W, 3504, 20, 2013/05/24, 07:42:47.856, 3576101625326, QTAgent32.exe, FindScreenElementInSinglePass : Attempting to find control in one pass of search. Failures can occur.
W, 3504, 20, 2013/05/24, 07:42:48.245, 3576107196773, QTAgent32.exe, &lt;a class=success&gt;Playback - {97} [SUCCESS] MouseButtonClick - "[MSAA]ControlType='MenuItem' &amp;&amp; Name='Quote Select List'"
\0&lt;/a&gt;
W, 3504, 20, 2013/05/24, 07:42:49.752, 3576128767754, QTAgent32.exe, PERF WARNING: FindTopLevelWindowHelper::FindAllDescendents: took 1403 ms. Expected it to take maximum 500 ms.
W, 3504, 20, 2013/05/24, 07:42:50.288, 3576136453714, QTAgent32.exe, &lt;a class=success&gt;Playback - {98} [SUCCESS] MouseButtonClick - "[MSAA, VisibleOnly]ControlType='Button' &amp;&amp; Name='Ok'"
\0&lt;/a&gt;
W, 3504, 20, 2013/05/24, 07:42:51.678, 3576156352170, QTAgent32.exe, PERF WARNING: FindTopLevelWindowHelper::FindAllDescendents: took 1288 ms. Expected it to take maximum 500 ms.
W, 3504, 20, 2013/05/24, 07:42:51.691, 3576156544887, QTAgent32.exe, Playback - [WARNING] Internal warning: Thread state based WFR - Requested element has invalid HWND
\0
W, 3504, 20, 2013/05/24, 07:42:51.691, 3576156546672, QTAgent32.exe, Playback - [WARNING] Internal warning: process performance counters based WFR - Requested element has invalid HWND
\0
E, 3504, 20, 2013/05/24, 07:42:51.693, 3576156574078, QTAgent32.exe, EnsureValid called via EnsureValid call for same element
E, 3504, 20, 2013/05/24, 07:42:51.694, 3576156581995, QTAgent32.exe, EnsureValid called via EnsureValid call for same element
E, 3504, 20, 2013/05/24, 07:42:51.694, 3576156583855, QTAgent32.exe, EnsureValid called via EnsureValid call for same element
E, 3504, 20, 2013/05/24, 07:42:51.701, 3576156689881, QTAgent32.exe, Window 1705810 not responding. Last Win32 error 0
E, 3504, 20, 2013/05/24, 07:42:51.702, 3576156692522, QTAgent32.exe, GetClassName for handle 1705810 failed
W, 3504, 20, 2013/05/24, 07:42:51.843, 3576158718826, QTAgent32.exe, &lt;a class=success&gt;Playback - {99} [SUCCESS] MouseButtonClick - "[MSAA, VisibleOnly]ControlType='Button' &amp;&amp; Name='Calculate Quote'"
\0&lt;/a&gt;
W, 3504, 20, 2013/05/24, 07:43:01.012, 3576289997073, QTAgent32.exe, Playback - [WARNING] Internal warning: Window Not Found: [VisibleOnly]ControlType='Window' &amp;&amp; Name='Quote Select List' &amp;&amp; ClassName='ThunderRT6FormDC'
\0
E, 3504, 20, 2013/05/24, 07:43:01.013, 3576290004170, QTAgent32.exe, &lt;a class=failure&gt;Playback - {100} [FAILED] Function ElementFetcher::FindScreenElement failed to locate UI element (Searching: ;[VisibleOnly]ControlType='Window' &amp;&amp; Name='Quote Select List' &amp;&amp; ClassName='ThunderRT6FormDC') (The object specified was not found.)
\0&lt;/a&gt;
E, 3504, 20, 2013/05/24, 07:43:01.114, 3576291458803, QTAgent32.exe, Playback - [IMAGE] C:\Users\testuser\AppData\Local\Temp\UITestLogs\LastRun\RPF3DBF.png
\0
W, 3504, 20, 2013/05/24, 07:43:01.114, 3576291461312, QTAgent32.exe, Playback - [WARNING] Internal warning: Couldn't find descendants that match QueryId
\0
W, 3504, 20, 2013/05/24, 07:43:01.115, 3576291468673, QTAgent32.exe, PERF WARNING: FindTopLevelWindowHelper::FindAllDescendents: took 9171 ms. Expected it to take maximum 500 ms.
W, 3504, 20, 2013/05/24, 07:43:19.357, 3576552665572, QTAgent32.exe, Playback - [WARNING] Internal warning: Window Not Found: [VisibleOnly]ControlType='Window' &amp;&amp; Name='Quote Select List' &amp;&amp; ClassName='ThunderRT6FormDC'
\0
E, 3504, 20, 2013/05/24, 07:43:19.357, 3576552670345, QTAgent32.exe, &lt;a class=failure&gt;Playback - {101} [FAILED] Function ElementFetcher::FindScreenElement failed to locate UI element (Searching: ;[VisibleOnly]ControlType='Window' &amp;&amp; Name='Quote Select List' &amp;&amp; ClassName='ThunderRT6FormDC') (The object specified was not found.)
\0&lt;/a&gt;
E, 3504, 20, 2013/05/24, 07:43:19.441, 3576553867155, QTAgent32.exe, Playback - [IMAGE] C:\Users\testuser\AppData\Local\Temp\UITestLogs\LastRun\RPF856A.png
\0
W, 3504, 20, 2013/05/24, 07:43:19.441, 3576553869458, QTAgent32.exe, Playback - [WARNING] Internal warning: Couldn't find descendants that match QueryId
\0
W, 3504, 20, 2013/05/24, 07:43:19.441, 3576553873134, QTAgent32.exe, PERF WARNING: FindTopLevelWindowHelper::FindAllDescendents: took 18326 ms. Expected it to take maximum 500 ms.
W, 3504, 20, 2013/05/24, 07:43:22.583, 3576598855586, QTAgent32.exe, Playback - [WARNING] Internal warning: Smart Match failed
\0
W, 3504, 20, 2013/05/24, 07:43:23.911, 3576617864648, QTAgent32.exe, Playback - [WARNING] Internal warning: Window Not Found: [VisibleOnly]ControlType='Window' &amp;&amp; Name='Quote Select List' &amp;&amp; ClassName='ThunderRT6FormDC'
\0
E, 3504, 20, 2013/05/24, 07:43:23.911, 3576617868591, QTAgent32.exe, &lt;a class=failure&gt;Playback - {102} [FAILED] Function ElementFetcher::FindScreenElement failed to locate UI element (Searching: ;[VisibleOnly]ControlType='Window' &amp;&amp; Name='Quote Select List' &amp;&amp; ClassName='ThunderRT6FormDC') (The object specified was not found.)
\0&lt;/a&gt;
E, 3504, 20, 2013/05/24, 07:43:23.992, 3576619026769, QTAgent32.exe, Playback - [IMAGE] C:\Users\testuser\AppData\Local\Temp\UITestLogs\LastRun\RPF9736.png
\0
W, 3504, 20, 2013/05/24, 07:43:23.992, 3576619029175, QTAgent32.exe, Playback - [WARNING] Internal warning: Couldn't find descendants that match QueryId
\0
W, 3504, 20, 2013/05/24, 07:43:23.992, 3576619032363, QTAgent32.exe, PERF WARNING: FindTopLevelWindowHelper::FindAllDescendents: took 4550 ms. Expected it to take maximum 500 ms.
E, 3504, 20, 2013/05/24, 07:43:23.993, 3576619034572, QTAgent32.exe, Exception: System.Runtime.InteropServices.COMException
	Message: Error HRESULT E_FAIL has been returned from a call to a COM component.
	Stack Trace:    at Microsoft.VisualStudio.TestTools.UITest.Playback.Engine.IRPFPlayback.FindAllScreenElements(IScreenElement pScreenElementStart, String bstrQueryId, Object&amp; pvarResKeys, Int32 cResKeys, Int32 nMaxDepth, Object[]&amp; foundDescendants)
   at Microsoft.VisualStudio.TestTools.UITest.Playback.ScreenElement.FindTopLevelWindowHelper(String queryId)
	BaseExceptionMessage: Error HRESULT E_FAIL has been returned from a call to a COM component.

E, 3504, 20, 2013/05/24, 07:43:24.096, 3576620510511, QTAgent32.exe, AL: Playback Error: Microsoft.VisualStudio.TestTools.UITest.Extension.UITestControlNotFoundException: The playback failed to find the control with the given search properties. Additional Details: 
TechnologyName:  'MSAA'
ControlType:  'Window'
Name:  'Quote Select List'
ClassName:  'ThunderRT6FormDC'
 ---&gt; System.Runtime.InteropServices.COMException: Error HRESULT E_FAIL has been returned from a call to a COM component.
   at Microsoft.VisualStudio.TestTools.UITest.Playback.Engine.IRPFPlayback.FindAllScreenElements(IScreenElement pScreenElementStart, String bstrQueryId, Object&amp; pvarResKeys, Int32 cResKeys, Int32 nMaxDepth, Object[]&amp; foundDescendants)
   at Microsoft.VisualStudio.TestTools.UITest.Playback.ScreenElement.FindTopLevelWindowHelper(String queryId)
   at Microsoft.VisualStudio.TestTools.UITest.Playback.ScreenElement.FindFromPartialQueryId(String queryId)
   at Microsoft.VisualStudio.TestTools.UITesting.UITestControl..ctor(String queryId)
   --- End of inner exception stack trace ---
   at Microsoft.VisualStudio.TestTools.UITesting.Playback.MapControlNotFoundException(COMException ex, IPlaybackContext context)
   at Microsoft.VisualStudio.TestTools.UITesting.Playback.MapAndThrowComException(COMException innerException, IPlaybackContext context)
   at Microsoft.VisualStudio.TestTools.UITesting.Playback.MapAndThrowException(SystemException exception, IPlaybackContext context)
   at Microsoft.VisualStudio.TestTools.UITesting.Playback.MapAndThrowException(SystemException exception, String queryId)
   at Microsoft.VisualStudio.TestTools.UITesting.UITestControl..ctor(String queryId)
   at Microsoft.VisualStudio.TestTools.UITesting.SearchHelper.SearchTopLevelWindow(ISearchArgument topLevelSearchArg, String topLevelElementQueryId)
   at Microsoft.VisualStudio.TestTools.UITesting.SearchHelper.GetTitleUpdatedTopLevelWindow(ISearchArgument topLevelSearchArg, String queryId, IList`1 windowTitles)
   at Microsoft.VisualStudio.TestTools.UITesting.SearchHelper.GetTopLevelElement(Boolean useCache, Boolean useCacheOnly, ISearchArgument searchArg, IList`1 windowTitles, Int32&amp; timeLeft)
   at Microsoft.VisualStudio.TestTools.UITesting.SearchHelper.GetElement(Boolean useCache, ISearchArgument searchArg)
   at Microsoft.VisualStudio.TestTools.UITesting.SearchHelper.Search(ISearchArgument searchArg)
   at Microsoft.VisualStudio.TestTools.UITesting.UITestControl.FindInternal()
   at Microsoft.VisualStudio.TestTools.UITesting.UITestControl.FindControlIfNecessary()
   at Microsoft.VisualStudio.TestTools.UITesting.UITestControl.Click(MouseButtons button, ModifierKeys modifierKeys, Point relativeCoordinates)
   at Microsoft.VisualStudio.TestTools.UITesting.Mouse.ClickImplementation(UITestControl control, MouseButtons button, ModifierKeys modifierKeys, Point relativeCoordinate)
   at Microsoft.VisualStudio.TestTools.UITesting.Mouse.ClickImplementationWrapper(UITestControl control, MouseButtons button, ModifierKeys modifierKeys, Point relativeCoordinate)
W, 3504, 20, 2013/05/24, 07:43:24.096, 3576620513955, QTAgent32.exe, PlaybackErrorHandler: Ignoring exception as ContinueOnError is set.
W, 3504, 20, 2013/05/24, 07:43:24.259, 3576622845692, QTAgent32.exe, &lt;a class=success&gt;Playback - {103} [SUCCESS] MouseButtonClick - "[MSAA, VisibleOnly]ControlType='Button' &amp;&amp; Name='No'"
\0&lt;/a&gt;
W, 3504, 20, 2013/05/24, 07:43:24.493, 3576626196738, QTAgent32.exe, &lt;a class=success&gt;Playback - {104} [SUCCESS] MouseButtonClick - "[MSAA, VisibleOnly]ControlType='Button' &amp;&amp; Name='Ok'"
\0&lt;/a&gt;
W, 3504, 20, 2013/05/24, 07:43:38.730, 3576830056088, QTAgent32.exe, PERF WARNING: FindTopLevelWindowHelper::FindAllDescendents: took 14136 ms. Expected it to take maximum 500 ms.
W, 3504, 20, 2013/05/24, 07:43:38.876, 3576832139718, QTAgent32.exe, &lt;a class=success&gt;Playback - {105} [SUCCESS] MouseButtonClick - "[MSAA, VisibleOnly]ControlType='Client'"
\0&lt;/a&gt;
W, 3504, 20, 2013/05/24, 07:43:39.998, 3576848199977, QTAgent32.exe, &lt;a class=success&gt;Playback - {106} [SUCCESS] SendKeys "{Home}" - "[MSAA, VisibleOnly]ControlType='Client'"
\0&lt;/a&gt;
W, 3504, 20, 2013/05/24, 07:43:40.127, 3576850048986, QTAgent32.exe, Playback - [WARNING] Internal warning: Thread state based WFR - Requested element has invalid HWND
\0
W, 3504, 20, 2013/05/24, 07:43:40.127, 3576850051432, QTAgent32.exe, Playback - [WARNING] Internal warning: process performance counters based WFR - Requested element has invalid HWND
\0
E, 3504, 20, 2013/05/24, 07:43:40.127, 3576850055612, QTAgent32.exe, EnsureValid called via EnsureValid call for same element
E, 3504, 20, 2013/05/24, 07:43:40.128, 3576850059911, QTAgent32.exe, EnsureValid called via EnsureValid call for same element
E, 3504, 20, 2013/05/24, 07:43:40.128, 3576850061682, QTAgent32.exe, EnsureValid called via EnsureValid call for same element
E, 3504, 20, 2013/05/24, 07:43:40.140, 3576850241182, QTAgent32.exe, Window 1443378 not responding. Last Win32 error 0
E, 3504, 20, 2013/05/24, 07:43:40.140, 3576850242393, QTAgent32.exe, GetClassName for handle 1443378 failed
W, 3504, 20, 2013/05/24, 07:43:42.170, 3576879308907, QTAgent32.exe, PERF WARNING: FindTopLevelWindowHelper::FindAllDescendents: took 2029 ms. Expected it to take maximum 500 ms.
W, 3504, 20, 2013/05/24, 07:43:47.347, 3576953435177, QTAgent32.exe, &lt;a class=success&gt;Playback - {107} [SUCCESS] MouseButtonClick - "[MSAA, VisibleOnly]ControlType='Button' &amp;&amp; Name='Exit'"
\0&lt;/a&gt;
W, 3504, 20, 2013/05/24, 07:43:47.778, 3576959602583, QTAgent32.exe, &lt;a class=success&gt;Playback - {108} [SUCCESS] MouseButtonClick - "[MSAA, VisibleOnly]ControlType='Button' &amp;&amp; Name='Yes'"
\0&lt;/a&gt;
W, 3504, 20, 2013/05/24, 07:43:47.884, 3576961116427, QTAgent32.exe, Playback - [WARNING] Internal warning: Thread state based WFR - Requested element has invalid HWND
\0
W, 3504, 20, 2013/05/24, 07:43:47.884, 3576961118669, QTAgent32.exe, Playback - [WARNING] Internal warning: process performance counters based WFR - Requested element has invalid HWND
\0
E, 3504, 20, 2013/05/24, 07:43:47.884, 3576961121989, QTAgent32.exe, EnsureValid called via EnsureValid call for same element
E, 3504, 20, 2013/05/24, 07:43:47.885, 3576961124517, QTAgent32.exe, EnsureValid called via EnsureValid call for same element
E, 3504, 20, 2013/05/24, 07:43:47.885, 3576961125935, QTAgent32.exe, EnsureValid called via EnsureValid call for same element
E, 3504, 20, 2013/05/24, 07:43:47.885, 3576961130407, QTAgent32.exe, Window 5245330 not responding. Last Win32 error 1400
E, 3504, 20, 2013/05/24, 07:43:47.885, 3576961131453, QTAgent32.exe, GetClassName for handle 5245330 failed
W, 3504, 20, 2013/05/24, 07:43:48.477, 3576969607558, QTAgent32.exe, &lt;a class=success&gt;Playback - {109} [SUCCESS] Uncheck - "[MSAA, VisibleOnly]ControlType='CheckBox' &amp;&amp; Name='Add Activity'"
\0&lt;/a&gt;
W, 3504, 20, 2013/05/24, 07:43:48.829, 3576974644304, QTAgent32.exe, &lt;a class=success&gt;Playback - {110} [SUCCESS] MouseButtonClick - "[MSAA, VisibleOnly]ControlType='Button' &amp;&amp; Name='Ok'"
\0&lt;/a&gt;
W, 3504, 20, 2013/05/24, 07:43:51.507, 3577012995687, QTAgent32.exe, PERF WARNING: FindTopLevelWindowHelper::FindAllDescendents: took 2578 ms. Expected it to take maximum 500 ms.
W, 3504, 20, 2013/05/24, 07:43:51.648, 3577015012772, QTAgent32.exe, &lt;a class=success&gt;Playback - {111} [SUCCESS] MouseButtonClick - "[MSAA, VisibleOnly]ControlType='Button' &amp;&amp; Name='OK'"
\0&lt;/a&gt;
W, 3504, 20, 2013/05/24, 07:43:51.876, 3577018269786, QTAgent32.exe, &lt;a class=success&gt;Playback - {112} [SUCCESS] MouseButtonClick - "[MSAA, VisibleOnly]ControlType='Button' &amp;&amp; Name='Cancel'"
\0&lt;/a&gt;
W, 3504, 20, 2013/05/24, 07:43:52.123, 3577021805795, QTAgent32.exe, &lt;a class=success&gt;Playback - {113} [SUCCESS] MouseButtonClick - "[MSAA, VisibleOnly]ControlType='Button'"
\0&lt;/a&gt;
W, 3504, 20, 2013/05/24, 07:43:52.728, 3577030474893, QTAgent32.exe, &lt;a class=success&gt;Playback - {114} [SUCCESS] MouseButtonClick - "[MSAA, VisibleOnly]ControlType='Button' &amp;&amp; Name='Detail'"
\0&lt;/a&gt;
W, 3504, 20, 2013/05/24, 07:43:52.971, 3577033956643, QTAgent32.exe, &lt;a class=success&gt;Playback - {115} [SUCCESS] MouseButtonClick - "[MSAA, VisibleOnly]ControlType='Edit'"
\0&lt;/a&gt;
W, 3504, 20, 2013/05/24, 07:43:53.072, 3577035400143, QTAgent32.exe, Playback - [WARNING] Internal warning: Thread state based WFR - Requested element has invalid HWND
\0
W, 3504, 20, 2013/05/24, 07:43:53.072, 3577035402672, QTAgent32.exe, Playback - [WARNING] Internal warning: process performance counters based WFR - Requested element has invalid HWND
\0
E, 3504, 20, 2013/05/24, 07:43:53.072, 3577035407568, QTAgent32.exe, EnsureValid called via EnsureValid call for same element
E, 3504, 20, 2013/05/24, 07:43:53.073, 3577035410584, QTAgent32.exe, EnsureValid called via EnsureValid call for same element
E, 3504, 20, 2013/05/24, 07:43:53.073, 3577035412138, QTAgent32.exe, EnsureValid called via EnsureValid call for same element
E, 3504, 20, 2013/05/24, 07:43:53.088, 3577035633426, QTAgent32.exe, Window 6226714 not responding. Last Win32 error 0
E, 3504, 20, 2013/05/24, 07:43:53.088, 3577035636032, QTAgent32.exe, GetClassName for handle 6226714 failed
W, 3504, 20, 2013/05/24, 07:43:53.329, 3577039079961, QTAgent32.exe, &lt;a class=success&gt;Playback - {116} [SUCCESS] MouseButtonClick - "[MSAA, VisibleOnly]ControlType='Button' &amp;&amp; Name='Cancel'"
\0&lt;/a&gt;
E, 3504, 20, 2013/05/24, 07:43:53.429, 3577040518019, QTAgent32.exe, GetClassName for handle 6293336 failed
W, 3504, 20, 2013/05/24, 07:43:53.575, 3577042601296, QTAgent32.exe, &lt;a class=success&gt;Playback - {117} [SUCCESS] MouseButtonClick - "[MSAA, VisibleOnly]ControlType='Button' &amp;&amp; Name='Options'"
\0&lt;/a&gt;
W, 3504, 20, 2013/05/24, 07:43:53.675, 3577044037944, QTAgent32.exe, FindScreenElementInSinglePass : Attempting to find control in one pass of search. Failures can occur.
W, 3504, 20, 2013/05/24, 07:43:54.073, 3577049739189, QTAgent32.exe, &lt;a class=success&gt;Playback - {118} [SUCCESS] MouseButtonClick - "[MSAA]ControlType='MenuItem' &amp;&amp; Name='Links'"
\0&lt;/a&gt;
W, 3504, 20, 2013/05/24, 07:43:54.174, 3577051176435, QTAgent32.exe, FindScreenElementInSinglePass : Attempting to find control in one pass of search. Failures can occur.
W, 3504, 20, 2013/05/24, 07:43:54.635, 3577057787479, QTAgent32.exe, &lt;a class=success&gt;Playback - {119} [SUCCESS] MouseButtonClick - "[MSAA]ControlType='MenuItem' &amp;&amp; Name='3rd Party Integration'"
\0&lt;/a&gt;
W, 3504, 20, 2013/05/24, 07:43:54.738, 3577059260447, QTAgent32.exe, FindScreenElementInSinglePass : Attempting to find control in one pass of search. Failures can occur.
W, 3504, 20, 2013/05/24, 07:43:55.111, 3577064601110, QTAgent32.exe, &lt;a class=success&gt;Playback - {120} [SUCCESS] MouseButtonClick - "[MSAA]ControlType='MenuItem' &amp;&amp; Name='Quote Select List'"
\0&lt;/a&gt;
E, 3504, 20, 2013/05/24, 07:43:55.211, 3577066036515, QTAgent32.exe, GetClassName for handle 5900552 failed
W, 3504, 20, 2013/05/24, 07:43:55.638, 3577072146435, QTAgent32.exe, Playback - [WARNING] Internal warning: Window Not Found: [VisibleOnly]ControlType='Window' &amp;&amp; Name='Current Or Future' &amp;&amp; ClassName='TfCurrentOrFuture'
\0
E, 3504, 20, 2013/05/24, 07:43:55.639, 3577072150260, QTAgent32.exe, &lt;a class=failure&gt;Playback - {121} [FAILED] Function ElementFetcher::FindScreenElement failed to locate UI element (Searching: ;[VisibleOnly]ControlType='Window' &amp;&amp; Name='Current Or Future' &amp;&amp; ClassName='TfCurrentOrFuture') (The object specified was not found.)
\0&lt;/a&gt;
E, 3504, 20, 2013/05/24, 07:43:55.717, 3577073268888, QTAgent32.exe, Playback - [IMAGE] C:\Users\testuser\AppData\Local\Temp\UITestLogs\LastRun\RPF132A.png
\0
W, 3504, 20, 2013/05/24, 07:43:55.717, 3577073271388, QTAgent32.exe, Playback - [WARNING] Internal warning: Couldn't find descendants that match QueryId
\0
W, 3504, 20, 2013/05/24, 07:43:57.635, 3577100742801, QTAgent32.exe, PERF WARNING: FindTopLevelWindowHelper::FindAllDescendents: took 1918 ms. Expected it to take maximum 500 ms.
W, 3504, 20, 2013/05/24, 07:43:57.763, 3577102572298, QTAgent32.exe, &lt;a class=success&gt;Playback - {122} [SUCCESS] MouseButtonClick - "[MSAA, VisibleOnly]ControlType='Button' &amp;&amp; Name='Ok'"
\0&lt;/a&gt;
W, 3504, 20, 2013/05/24, 07:43:57.865, 3577104031948, QTAgent32.exe, Playback - [WARNING] Internal warning: Thread state based WFR - Requested element has invalid HWND
\0
W, 3504, 20, 2013/05/24, 07:43:57.865, 3577104034224, QTAgent32.exe, Playback - [WARNING] Internal warning: process performance counters based WFR - Requested element has invalid HWND
\0
E, 3504, 20, 2013/05/24, 07:43:57.866, 3577104037723, QTAgent32.exe, EnsureValid called via EnsureValid call for same element
E, 3504, 20, 2013/05/24, 07:43:57.866, 3577104039705, QTAgent32.exe, EnsureValid called via EnsureValid call for same element
E, 3504, 20, 2013/05/24, 07:43:57.866, 3577104040936, QTAgent32.exe, EnsureValid called via EnsureValid call for same element
E, 3504, 20, 2013/05/24, 07:43:57.866, 3577104043923, QTAgent32.exe, Window 4524458 not responding. Last Win32 error 0
E, 3504, 20, 2013/05/24, 07:43:57.866, 3577104045924, QTAgent32.exe, GetClassName for handle 4524458 failed
W, 3504, 20, 2013/05/24, 07:43:59.789, 3577131579939, QTAgent32.exe, PERF WARNING: FindTopLevelWindowHelper::FindAllDescendents: took 1922 ms. Expected it to take maximum 500 ms.
W, 3504, 20, 2013/05/24, 07:43:59.800, 3577131731291, QTAgent32.exe, Playback - [WARNING] Internal warning: Thread state based WFR - Requested element has invalid HWND
\0
W, 3504, 20, 2013/05/24, 07:43:59.800, 3577131732992, QTAgent32.exe, Playback - [WARNING] Internal warning: process performance counters based WFR - Requested element has invalid HWND
\0
E, 3504, 20, 2013/05/24, 07:43:59.800, 3577131735197, QTAgent32.exe, EnsureValid called via EnsureValid call for same element
E, 3504, 20, 2013/05/24, 07:43:59.800, 3577131737134, QTAgent32.exe, EnsureValid called via EnsureValid call for same element
E, 3504, 20, 2013/05/24, 07:43:59.800, 3577131738316, QTAgent32.exe, EnsureValid called via EnsureValid call for same element
E, 3504, 20, 2013/05/24, 07:43:59.801, 3577131742246, QTAgent32.exe, GetClassName for handle 1902418 failed
E, 3504, 20, 2013/05/24, 07:43:59.802, 3577131755015, QTAgent32.exe, Window 1902418 not responding. Last Win32 error 1400
E, 3504, 20, 2013/05/24, 07:43:59.802, 3577131757685, QTAgent32.exe, GetClassName for handle 1902418 failed
E, 3504, 20, 2013/05/24, 07:43:59.985, 3577134384052, QTAgent32.exe, GetClassName for handle 6292684 failed
W, 3504, 20, 2013/05/24, 07:44:00.123, 3577136357306, QTAgent32.exe, &lt;a class=success&gt;Playback - {123} [SUCCESS] MouseButtonClick - "[MSAA, VisibleOnly]ControlType='Button' &amp;&amp; Name='Calculate Quote'"
\0&lt;/a&gt;
W, 3504, 20, 2013/05/24, 07:44:09.235, 3577266828212, QTAgent32.exe, Playback - [WARNING] Internal warning: Window Not Found: [VisibleOnly]ControlType='Window' &amp;&amp; Name='Quote Select List' &amp;&amp; ClassName='ThunderRT6FormDC'
\0
E, 3504, 20, 2013/05/24, 07:44:09.236, 3577266835044, QTAgent32.exe, &lt;a class=failure&gt;Playback - {124} [FAILED] Function ElementFetcher::FindScreenElement failed to locate UI element (Searching: ;[VisibleOnly]ControlType='Window' &amp;&amp; Name='Quote Select List' &amp;&amp; ClassName='ThunderRT6FormDC') (The object specified was not found.)
\0&lt;/a&gt;
E, 3504, 20, 2013/05/24, 07:44:09.337, 3577268290797, QTAgent32.exe, Playback - [IMAGE] C:\Users\testuser\AppData\Local\Temp\UITestLogs\LastRun\RPF484E.png
\0
W, 3504, 20, 2013/05/24, 07:44:09.337, 3577268293197, QTAgent32.exe, Playback - [WARNING] Internal warning: Couldn't find descendants that match QueryId
\0
W, 3504, 20, 2013/05/24, 07:44:09.338, 3577268299335, QTAgent32.exe, PERF WARNING: FindTopLevelWindowHelper::FindAllDescendents: took 9113 ms. Expected it to take maximum 500 ms.
W, 3504, 20, 2013/05/24, 07:44:27.713, 3577531402117, QTAgent32.exe, Playback - [WARNING] Internal warning: Window Not Found: [VisibleOnly]ControlType='Window' &amp;&amp; Name='Quote Select List' &amp;&amp; ClassName='ThunderRT6FormDC'
\0
E, 3504, 20, 2013/05/24, 07:44:27.714, 3577531406121, QTAgent32.exe, &lt;a class=failure&gt;Playback - {125} [FAILED] Function ElementFetcher::FindScreenElement failed to locate UI element (Searching: ;[VisibleOnly]ControlType='Window' &amp;&amp; Name='Quote Select List' &amp;&amp; ClassName='ThunderRT6FormDC') (The object specified was not found.)
\0&lt;/a&gt;
E, 3504, 20, 2013/05/24, 07:44:27.796, 3577532581572, QTAgent32.exe, Playback - [IMAGE] C:\Users\testuser\AppData\Local\Temp\UITestLogs\LastRun\RPF9075.png
\0
W, 3504, 20, 2013/05/24, 07:44:27.796, 3577532583970, QTAgent32.exe, Playback - [WARNING] Internal warning: Couldn't find descendants that match QueryId
\0
W, 3504, 20, 2013/05/24, 07:44:27.796, 3577532587537, QTAgent32.exe, PERF WARNING: FindTopLevelWindowHelper::FindAllDescendents: took 18457 ms. Expected it to take maximum 500 ms.
W, 3504, 20, 2013/05/24, 07:44:31.006, 3577578549841, QTAgent32.exe, Playback - [WARNING] Internal warning: Smart Match failed
\0
W, 3504, 20, 2013/05/24, 07:44:32.333, 3577597545845, QTAgent32.exe, Playback - [WARNING] Internal warning: Window Not Found: [VisibleOnly]ControlType='Window' &amp;&amp; Name='Quote Select List' &amp;&amp; ClassName='ThunderRT6FormDC'
\0
E, 3504, 20, 2013/05/24, 07:44:32.333, 3577597549416, QTAgent32.exe, &lt;a class=failure&gt;Playback - {126} [FAILED] Function ElementFetcher::FindScreenElement failed to locate UI element (Searching: ;[VisibleOnly]ControlType='Window' &amp;&amp; Name='Quote Select List' &amp;&amp; ClassName='ThunderRT6FormDC') (The object specified was not found.)
\0&lt;/a&gt;
E, 3504, 20, 2013/05/24, 07:44:32.431, 3577598951264, QTAgent32.exe, Playback - [IMAGE] C:\Users\testuser\AppData\Local\Temp\UITestLogs\LastRun\RPFA280.png
\0
W, 3504, 20, 2013/05/24, 07:44:32.431, 3577598953686, QTAgent32.exe, Playback - [WARNING] Internal warning: Couldn't find descendants that match QueryId
\0
W, 3504, 20, 2013/05/24, 07:44:32.431, 3577598956757, QTAgent32.exe, PERF WARNING: FindTopLevelWindowHelper::FindAllDescendents: took 4635 ms. Expected it to take maximum 500 ms.
E, 3504, 20, 2013/05/24, 07:44:32.432, 3577598958941, QTAgent32.exe, Exception: System.Runtime.InteropServices.COMException
	Message: Error HRESULT E_FAIL has been returned from a call to a COM component.
	Stack Trace:    at Microsoft.VisualStudio.TestTools.UITest.Playback.Engine.IRPFPlayback.FindAllScreenElements(IScreenElement pScreenElementStart, String bstrQueryId, Object&amp; pvarResKeys, Int32 cResKeys, Int32 nMaxDepth, Object[]&amp; foundDescendants)
   at Microsoft.VisualStudio.TestTools.UITest.Playback.ScreenElement.FindTopLevelWindowHelper(String queryId)
	BaseExceptionMessage: Error HRESULT E_FAIL has been returned from a call to a COM component.

E, 3504, 20, 2013/05/24, 07:44:32.533, 3577600412444, QTAgent32.exe, AL: Playback Error: Microsoft.VisualStudio.TestTools.UITest.Extension.UITestControlNotFoundException: The playback failed to find the control with the given search properties. Additional Details: 
TechnologyName:  'MSAA'
ControlType:  'Window'
Name:  'Quote Select List'
ClassName:  'ThunderRT6FormDC'
 ---&gt; System.Runtime.InteropServices.COMException: Error HRESULT E_FAIL has been returned from a call to a COM component.
   at Microsoft.VisualStudio.TestTools.UITest.Playback.Engine.IRPFPlayback.FindAllScreenElements(IScreenElement pScreenElementStart, String bstrQueryId, Object&amp; pvarResKeys, Int32 cResKeys, Int32 nMaxDepth, Object[]&amp; foundDescendants)
   at Microsoft.VisualStudio.TestTools.UITest.Playback.ScreenElement.FindTopLevelWindowHelper(String queryId)
   at Microsoft.VisualStudio.TestTools.UITest.Playback.ScreenElement.FindFromPartialQueryId(String queryId)
   at Microsoft.VisualStudio.TestTools.UITesting.UITestControl..ctor(String queryId)
   --- End of inner exception stack trace ---
   at Microsoft.VisualStudio.TestTools.UITesting.Playback.MapControlNotFoundException(COMException ex, IPlaybackContext context)
   at Microsoft.VisualStudio.TestTools.UITesting.Playback.MapAndThrowComException(COMException innerException, IPlaybackContext context)
   at Microsoft.VisualStudio.TestTools.UITesting.Playback.MapAndThrowException(SystemException exception, IPlaybackContext context)
   at Microsoft.VisualStudio.TestTools.UITesting.Playback.MapAndThrowException(SystemException exception, String queryId)
   at Microsoft.VisualStudio.TestTools.UITesting.UITestControl..ctor(String queryId)
   at Microsoft.VisualStudio.TestTools.UITesting.SearchHelper.SearchTopLevelWindow(ISearchArgument topLevelSearchArg, String topLevelElementQueryId)
   at Microsoft.VisualStudio.TestTools.UITesting.SearchHelper.GetTitleUpdatedTopLevelWindow(ISearchArgument topLevelSearchArg, String queryId, IList`1 windowTitles)
   at Microsoft.VisualStudio.TestTools.UITesting.SearchHelper.GetTopLevelElement(Boolean useCache, Boolean useCacheOnly, ISearchArgument searchArg, IList`1 windowTitles, Int32&amp; timeLeft)
   at Microsoft.VisualStudio.TestTools.UITesting.SearchHelper.GetElement(Boolean useCache, ISearchArgument searchArg)
   at Microsoft.VisualStudio.TestTools.UITesting.SearchHelper.Search(ISearchArgument searchArg)
   at Microsoft.VisualStudio.TestTools.UITesting.UITestControl.FindInternal()
   at Microsoft.VisualStudio.TestTools.UITesting.UITestControl.FindControlIfNecessary()
   at Microsoft.VisualStudio.TestTools.UITesting.UITestControl.Click(MouseButtons button, ModifierKeys modifierKeys, Point relativeCoordinates)
   at Microsoft.VisualStudio.TestTools.UITesting.Mouse.ClickImplementation(UITestControl control, MouseButtons button, ModifierKeys modifierKeys, Point relativeCoordinate)
   at Microsoft.VisualStudio.TestTools.UITesting.Mouse.ClickImplementationWrapper(UITestControl control, MouseButtons button, ModifierKeys modifierKeys, Point relativeCoordinate)
W, 3504, 20, 2013/05/24, 07:44:32.533, 3577600416327, QTAgent32.exe, PlaybackErrorHandler: Ignoring exception as ContinueOnError is set.
E, 3504, 20, 2013/05/24, 07:44:32.534, 3577600422198, QTAgent32.exe, GetClassName for handle 3934574 failed
W, 3504, 20, 2013/05/24, 07:44:32.687, 3577602620283, QTAgent32.exe, &lt;a class=success&gt;Playback - {127} [SUCCESS] MouseButtonClick - "[MSAA, VisibleOnly]ControlType='Button' &amp;&amp; Name='No'"
\0&lt;/a&gt;
E, 3504, 20, 2013/05/24, 07:44:32.787, 3577604053172, QTAgent32.exe, GetClassName for handle 3147644 failed
W, 3504, 20, 2013/05/24, 07:44:32.956, 3577606462213, QTAgent32.exe, &lt;a class=success&gt;Playback - {128} [SUCCESS] MouseButtonClick - "[MSAA, VisibleOnly]ControlType='Button' &amp;&amp; Name='Ok'"
\0&lt;/a&gt;
W, 3504, 20, 2013/05/24, 07:44:40.134, 3577709242314, QTAgent32.exe, PERF WARNING: FindTopLevelWindowHelper::FindAllDescendents: took 7078 ms. Expected it to take maximum 500 ms.
W, 3504, 20, 2013/05/24, 07:44:40.266, 3577711138773, QTAgent32.exe, &lt;a class=success&gt;Playback - {129} [SUCCESS] MouseButtonClick - "[MSAA, VisibleOnly]ControlType='Client'"
\0&lt;/a&gt;
W, 3504, 20, 2013/05/24, 07:44:42.401, 3577741708560, QTAgent32.exe, &lt;a class=success&gt;Playback - {130} [SUCCESS] SendKeys "{Home}" - "[MSAA, VisibleOnly]ControlType='Client'"
\0&lt;/a&gt;
W, 3504, 20, 2013/05/24, 07:44:45.869, 3577791363076, QTAgent32.exe, &lt;a class=success&gt;Playback - {131} [SUCCESS] MouseButtonClick - "[MSAA, VisibleOnly]ControlType='Button' &amp;&amp; Name='Print Quote...'"
\0&lt;/a&gt;
W, 3504, 20, 2013/05/24, 07:44:48.021, 3577822175674, QTAgent32.exe, PERF WARNING: FindTopLevelWindowHelper::FindAllDescendents: took 2042 ms. Expected it to take maximum 500 ms.
W, 3504, 20, 2013/05/24, 07:44:52.482, 3577886047835, QTAgent32.exe, PERF WARNING: FindAllDescendents: took 506 ms. Expected it to take maximum 500 ms.
W, 3504, 20, 2013/05/24, 07:44:53.163, 3577895803616, QTAgent32.exe, PERF WARNING: FindAllDescendents: took 616 ms. Expected it to take maximum 500 ms.
W, 3504, 20, 2013/05/24, 07:44:53.576, 3577901713760, QTAgent32.exe, &lt;a class=success&gt;Playback - {132} [SUCCESS] MouseButtonClick - "[MSAA, VisibleOnly]ControlType='Button' &amp;&amp; Name='Ok'"
\0&lt;/a&gt;
W, 3504, 20, 2013/05/24, 07:44:53.823, 3577905244756, QTAgent32.exe, &lt;a class=success&gt;Playback - {133} [SUCCESS] MouseButtonClick - "[MSAA, VisibleOnly]ControlType='Button' &amp;&amp; Name='Demands &amp; Needs'"
\0&lt;/a&gt;
W, 3504, 20, 2013/05/24, 07:45:07.904, 3578106865973, QTAgent32.exe, Playback - [WARNING] Internal warning: Window Not Found: [VisibleOnly]ControlType='Window' &amp;&amp; Name=&gt;'Demands&amp;Needs(' &amp;&amp; ClassName='OpusApp'
\0
E, 3504, 20, 2013/05/24, 07:45:07.905, 3578106873691, QTAgent32.exe, &lt;a class=failure&gt;Playback - {134} [FAILED] Function ElementFetcher::FindScreenElement failed to locate UI element (Searching: ;[VisibleOnly]ControlType='Window' &amp;&amp; Name=&gt;'Demands&amp;Needs(' &amp;&amp; ClassName='OpusApp') (The object specified was not found.)
\0&lt;/a&gt;
E, 3504, 20, 2013/05/24, 07:45:08.048, 3578108920956, QTAgent32.exe, Playback - [IMAGE] C:\Users\testuser\AppData\Local\Temp\UITestLogs\LastRun\RPF2D71.png
\0
W, 3504, 20, 2013/05/24, 07:45:08.048, 3578108923644, QTAgent32.exe, Playback - [WARNING] Internal warning: Couldn't find descendants that match QueryId
\0
W, 3504, 20, 2013/05/24, 07:45:08.049, 3578108930921, QTAgent32.exe, PERF WARNING: FindTopLevelWindowHelper::FindAllDescendents: took 11118 ms. Expected it to take maximum 500 ms.
W, 3504, 20, 2013/05/24, 07:45:11.032, 3578151642035, QTAgent32.exe, PERF WARNING: FindTopLevelWindowHelper::FindAllDescendents: took 2982 ms. Expected it to take maximum 500 ms.
W, 3504, 20, 2013/05/24, 07:45:15.520, 3578215908912, QTAgent32.exe, &lt;a class=success&gt;Playback - {135} [SUCCESS] SendKeys "%({F4})" - "[MSAA, VisibleOnly]ControlType='Client' &amp;&amp; Name=&gt;'Demands&amp;Needs('"
\0&lt;/a&gt;
W, 3504, 20, 2013/05/24, 07:45:20.005, 3578280119229, QTAgent32.exe, &lt;a class=success&gt;Playback - {136} [SUCCESS] MouseButtonClick - "[MSAA, VisibleOnly]ControlType='Button' &amp;&amp; Name='Accept'"
\0&lt;/a&gt;
E, 3504, 20, 2013/05/24, 07:45:20.108, 3578281602467, QTAgent32.exe, GetClassName for handle 1639986 failed
W, 3504, 20, 2013/05/24, 07:45:20.868, 3578292481801, QTAgent32.exe, &lt;a class=success&gt;Playback - {137} [SUCCESS] MouseButtonClick - "[MSAA, VisibleOnly]ControlType='Button' &amp;&amp; Name='Yes'"
\0&lt;/a&gt;
W, 3504, 20, 2013/05/24, 07:45:21.224, 3578297587001, QTAgent32.exe, &lt;a class=success&gt;Playback - {138} [SUCCESS] MouseButtonClick - "[MSAA, VisibleOnly]ControlType='Button' &amp;&amp; Name='Ok'"
\0&lt;/a&gt;
W, 3504, 20, 2013/05/24, 07:45:21.508, 3578301644202, QTAgent32.exe, &lt;a class=success&gt;Playback - {139} [SUCCESS] MouseButtonClick - "[MSAA, VisibleOnly]ControlType='Button' &amp;&amp; Name='Ok'"
\0&lt;/a&gt;
W, 3504, 20, 2013/05/24, 07:45:22.067, 3578309638708, QTAgent32.exe, &lt;a class=success&gt;Playback - {140} [SUCCESS] MouseButtonClick - "[MSAA, VisibleOnly]ControlType='Button' &amp;&amp; Name='Confirm'"
\0&lt;/a&gt;
W, 3504, 20, 2013/05/24, 07:45:54.551, 3578774753402, QTAgent32.exe, Playback - [WARNING] Internal warning: Window Not Found: [VisibleOnly]ControlType='Window' &amp;&amp; Name='Save the file as' &amp;&amp; ClassName='#32770'
\0
E, 3504, 20, 2013/05/24, 07:45:54.551, 3578774765132, QTAgent32.exe, &lt;a class=failure&gt;Playback - {141} [FAILED] Function ElementFetcher::FindScreenElement failed to locate UI element (Searching: ;[VisibleOnly]ControlType='Window' &amp;&amp; Name='Save the file as' &amp;&amp; ClassName='#32770') (The object specified was not found.)
\0&lt;/a&gt;
E, 3504, 20, 2013/05/24, 07:45:54.634, 3578775952418, QTAgent32.exe, Playback - [IMAGE] C:\Users\testuser\AppData\Local\Temp\UITestLogs\LastRun\RPFE3B6.png
\0
W, 3504, 20, 2013/05/24, 07:45:54.635, 3578775955113, QTAgent32.exe, Playback - [WARNING] Internal warning: Couldn't find descendants that match QueryId
\0
W, 3504, 20, 2013/05/24, 07:45:54.635, 3578775966259, QTAgent32.exe, PERF WARNING: FindTopLevelWindowHelper::FindAllDescendents: took 32466 ms. Expected it to take maximum 500 ms.
W, 3504, 20, 2013/05/24, 07:46:13.421, 3579044948238, QTAgent32.exe, Playback - [WARNING] Internal warning: Window Not Found: [VisibleOnly]ControlType='Window' &amp;&amp; Name='Save the file as' &amp;&amp; ClassName='#32770'
\0
E, 3504, 20, 2013/05/24, 07:46:13.422, 3579044956689, QTAgent32.exe, &lt;a class=failure&gt;Playback - {142} [FAILED] Function ElementFetcher::FindScreenElement failed to locate UI element (Searching: ;[VisibleOnly]ControlType='Window' &amp;&amp; Name='Save the file as' &amp;&amp; ClassName='#32770') (The object specified was not found.)
\0&lt;/a&gt;
E, 3504, 20, 2013/05/24, 07:46:13.511, 3579046224100, QTAgent32.exe, Playback - [IMAGE] C:\Users\testuser\AppData\Local\Temp\UITestLogs\LastRun\RPF2D64.png
\0
W, 3504, 20, 2013/05/24, 07:46:13.511, 3579046226607, QTAgent32.exe, Playback - [WARNING] Internal warning: Couldn't find descendants that match QueryId
\0
W, 3504, 20, 2013/05/24, 07:46:13.511, 3579046234650, QTAgent32.exe, PERF WARNING: FindTopLevelWindowHelper::FindAllDescendents: took 18875 ms. Expected it to take maximum 500 ms.
W, 3504, 20, 2013/05/24, 07:46:16.423, 3579087936962, QTAgent32.exe, Playback - [WARNING] Internal warning: Smart Match failed
\0
W, 3504, 20, 2013/05/24, 07:46:17.685, 3579106000457, QTAgent32.exe, Playback - [WARNING] Internal warning: Window Not Found: [VisibleOnly]ControlType='Window' &amp;&amp; Name='Save the file as' &amp;&amp; ClassName='#32770'
\0
E, 3504, 20, 2013/05/24, 07:46:17.686, 3579106005518, QTAgent32.exe, &lt;a class=failure&gt;Playback - {143} [FAILED] Function ElementFetcher::FindScreenElement failed to locate UI element (Searching: ;[VisibleOnly]ControlType='Window' &amp;&amp; Name='Save the file as' &amp;&amp; ClassName='#32770') (The object specified was not found.)
\0&lt;/a&gt;
E, 3504, 20, 2013/05/24, 07:46:17.764, 3579107129232, QTAgent32.exe, Playback - [IMAGE] C:\Users\testuser\AppData\Local\Temp\UITestLogs\LastRun\RPF3E17.png
\0
W, 3504, 20, 2013/05/24, 07:46:17.764, 3579107131660, QTAgent32.exe, Playback - [WARNING] Internal warning: Couldn't find descendants that match QueryId
\0
W, 3504, 20, 2013/05/24, 07:46:17.765, 3579107135119, QTAgent32.exe, PERF WARNING: FindTopLevelWindowHelper::FindAllDescendents: took 4252 ms. Expected it to take maximum 500 ms.
E, 3504, 20, 2013/05/24, 07:46:17.765, 3579107137213, QTAgent32.exe, Exception: System.Runtime.InteropServices.COMException
	Message: Error HRESULT E_FAIL has been returned from a call to a COM component.
	Stack Trace:    at Microsoft.VisualStudio.TestTools.UITest.Playback.Engine.IRPFPlayback.FindAllScreenElements(IScreenElement pScreenElementStart, String bstrQueryId, Object&amp; pvarResKeys, Int32 cResKeys, Int32 nMaxDepth, Object[]&amp; foundDescendants)
   at Microsoft.VisualStudio.TestTools.UITest.Playback.ScreenElement.FindTopLevelWindowHelper(String queryId)
	BaseExceptionMessage: Error HRESULT E_FAIL has been returned from a call to a COM component.

E, 3504, 20, 2013/05/24, 07:46:17.866, 3579108588500, QTAgent32.exe, AL: Playback Error: Microsoft.VisualStudio.TestTools.UITest.Extension.UITestControlNotFoundException: The playback failed to find the control with the given search properties. Additional Details: 
TechnologyName:  'MSAA'
ControlType:  'Window'
Name:  'Save the file as'
ClassName:  '#32770'
 ---&gt; System.Runtime.InteropServices.COMException: Error HRESULT E_FAIL has been returned from a call to a COM component.
   at Microsoft.VisualStudio.TestTools.UITest.Playback.Engine.IRPFPlayback.FindAllScreenElements(IScreenElement pScreenElementStart, String bstrQueryId, Object&amp; pvarResKeys, Int32 cResKeys, Int32 nMaxDepth, Object[]&amp; foundDescendants)
   at Microsoft.VisualStudio.TestTools.UITest.Playback.ScreenElement.FindTopLevelWindowHelper(String queryId)
   at Microsoft.VisualStudio.TestTools.UITest.Playback.ScreenElement.FindFromPartialQueryId(String queryId)
   at Microsoft.VisualStudio.TestTools.UITesting.UITestControl..ctor(String queryId)
   --- End of inner exception stack trace ---
   at Microsoft.VisualStudio.TestTools.UITesting.Playback.MapControlNotFoundException(COMException ex, IPlaybackContext context)
   at Microsoft.VisualStudio.TestTools.UITesting.Playback.MapAndThrowComException(COMException innerException, IPlaybackContext context)
   at Microsoft.VisualStudio.TestTools.UITesting.Playback.MapAndThrowException(SystemException exception, IPlaybackContext context)
   at Microsoft.VisualStudio.TestTools.UITesting.Playback.MapAndThrowException(SystemException exception, String queryId)
   at Microsoft.VisualStudio.TestTools.UITesting.UITestControl..ctor(String queryId)
   at Microsoft.VisualStudio.TestTools.UITesting.SearchHelper.SearchTopLevelWindow(ISearchArgument topLevelSearchArg, String topLevelElementQueryId)
   at Microsoft.VisualStudio.TestTools.UITesting.SearchHelper.GetTitleUpdatedTopLevelWindow(ISearchArgument topLevelSearchArg, String queryId, IList`1 windowTitles)
   at Microsoft.VisualStudio.TestTools.UITesting.SearchHelper.GetTopLevelElement(Boolean useCache, Boolean useCacheOnly, ISearchArgument searchArg, IList`1 windowTitles, Int32&amp; timeLeft)
   at Microsoft.VisualStudio.TestTools.UITesting.SearchHelper.GetElement(Boolean useCache, ISearchArgument searchArg)
   at Microsoft.VisualStudio.TestTools.UITesting.SearchHelper.Search(ISearchArgument searchArg)
   at Microsoft.VisualStudio.TestTools.UITesting.UITestControl.FindInternal()
   at Microsoft.VisualStudio.TestTools.UITesting.UITestControl.FindControlIfNecessary()
   at Microsoft.VisualStudio.TestTools.UITesting.UITestControl.Click(MouseButtons button, ModifierKeys modifierKeys, Point relativeCoordinates)
   at Microsoft.VisualStudio.TestTools.UITesting.Mouse.ClickImplementation(UITestControl control, MouseButtons button, ModifierKeys modifierKeys, Point relativeCoordinate)
   at Microsoft.VisualStudio.TestTools.UITesting.Mouse.ClickImplementationWrapper(UITestControl control, MouseButtons button, ModifierKeys modifierKeys, Point relativeCoordinate)
W, 3504, 20, 2013/05/24, 07:46:17.866, 3579108592405, QTAgent32.exe, PlaybackErrorHandler: Ignoring exception as ContinueOnError is set.
W, 3504, 20, 2013/05/24, 07:46:18.008, 3579110614811, QTAgent32.exe, &lt;a class=success&gt;Playback - {144} [SUCCESS] Check - "[MSAA, VisibleOnly]ControlType='CheckBox' &amp;&amp; Name='Defer Printing?'"
\0&lt;/a&gt;
W, 3504, 20, 2013/05/24, 07:46:18.553, 3579118421424, QTAgent32.exe, &lt;a class=success&gt;Playback - {145} [SUCCESS] MouseButtonClick - "[MSAA, VisibleOnly]ControlType='Button' &amp;&amp; Name='Ok'"
\0&lt;/a&gt;
W, 3504, 20, 2013/05/24, 07:46:18.653, 3579119853006, QTAgent32.exe, Playback - [WARNING] Internal warning: Thread state based WFR - Requested element has invalid HWND
\0
W, 3504, 20, 2013/05/24, 07:46:18.653, 3579119855044, QTAgent32.exe, Playback - [WARNING] Internal warning: process performance counters based WFR - Requested element has invalid HWND
\0
E, 3504, 20, 2013/05/24, 07:46:18.653, 3579119858575, QTAgent32.exe, EnsureValid called via EnsureValid call for same element
E, 3504, 20, 2013/05/24, 07:46:18.653, 3579119862517, QTAgent32.exe, GetClassName for handle 2296422 failed
E, 3504, 20, 2013/05/24, 07:46:18.669, 3579120081026, QTAgent32.exe, EnsureValid called via EnsureValid call for same element
E, 3504, 20, 2013/05/24, 07:46:18.669, 3579120083156, QTAgent32.exe, EnsureValid called via EnsureValid call for same element
E, 3504, 20, 2013/05/24, 07:46:18.670, 3579120099611, QTAgent32.exe, Window 2296422 not responding. Last Win32 error 0
E, 3504, 20, 2013/05/24, 07:46:18.670, 3579120101586, QTAgent32.exe, GetClassName for handle 2296422 failed
W, 3504, 20, 2013/05/24, 07:46:21.120, 3579155180057, QTAgent32.exe, PERF WARNING: FindTopLevelWindowHelper::FindAllDescendents: took 2449 ms. Expected it to take maximum 500 ms.
W, 3504, 20, 2013/05/24, 07:46:21.282, 3579157492930, QTAgent32.exe, &lt;a class=success&gt;Playback - {146} [SUCCESS] Uncheck - "[MSAA, VisibleOnly]ControlType='CheckBox' &amp;&amp; Name='Add Activity'"
\0&lt;/a&gt;
E, 3504, 20, 2013/05/24, 07:46:23.482, 3579188998009, QTAgent32.exe, GetClassName for handle 3213180 failed
W, 3504, 20, 2013/05/24, 07:46:23.769, 3579193106163, QTAgent32.exe, &lt;a class=success&gt;Playback - {147} [SUCCESS] MouseButtonClick - "[MSAA, VisibleOnly]ControlType='Button' &amp;&amp; Name='Ok'"
\0&lt;/a&gt;
W, 3504, 20, 2013/05/24, 07:46:24.027, 3579196802747, QTAgent32.exe, &lt;a class=success&gt;Playback - {148} [SUCCESS] MouseButtonClick - "[MSAA, VisibleOnly]ControlType='Button' &amp;&amp; Name='Ok'"
\0&lt;/a&gt;
E, 3504, 20, 2013/05/24, 07:46:24.127, 3579198234841, QTAgent32.exe, GetClassName for handle 1705690 failed
W, 3504, 20, 2013/05/24, 07:46:29.136, 3579269947047, QTAgent32.exe, PERF WARNING: FindTopLevelWindowHelper::FindAllDescendents: took 5008 ms. Expected it to take maximum 500 ms.
W, 3504, 20, 2013/05/24, 07:46:29.284, 3579272066898, QTAgent32.exe, &lt;a class=success&gt;Playback - {149} [SUCCESS] MouseButtonClick - "[MSAA, VisibleOnly]ControlType='Button' &amp;&amp; Name='OK'"
\0&lt;/a&gt;
W, 3504, 20, 2013/05/24, 07:46:29.519, 3579275437689, QTAgent32.exe, &lt;a class=success&gt;Playback - {150} [SUCCESS] MouseButtonClick - "[MSAA, VisibleOnly]ControlType='Button' &amp;&amp; Name='Cancel'"
\0&lt;/a&gt;
W, 3504, 20, 2013/05/24, 07:46:29.909, 3579281018108, QTAgent32.exe, &lt;a class=success&gt;Playback - {151} [SUCCESS] MouseButtonClick - "[MSAA, VisibleOnly]ControlType='Button'"
\0&lt;/a&gt;
W, 3504, 20, 2013/05/24, 07:46:30.451, 3579288777963, QTAgent32.exe, &lt;a class=success&gt;Playback - {152} [SUCCESS] MouseButtonClick - "[MSAA, VisibleOnly]ControlType='Button' &amp;&amp; Name='Detail'"
\0&lt;/a&gt;
E, 3504, 20, 2013/05/24, 07:46:30.551, 3579290216011, QTAgent32.exe, GetClassName for handle 5571346 failed
W, 3504, 20, 2013/05/24, 07:46:30.690, 3579292206974, QTAgent32.exe, &lt;a class=success&gt;Playback - {153} [SUCCESS] MouseButtonClick - "[MSAA, VisibleOnly]ControlType='Edit'"
\0&lt;/a&gt;
W, 3504, 20, 2013/05/24, 07:46:30.790, 3579293639877, QTAgent32.exe, Playback - [WARNING] Internal warning: Thread state based WFR - Requested element has invalid HWND
\0
W, 3504, 20, 2013/05/24, 07:46:30.790, 3579293641793, QTAgent32.exe, Playback - [WARNING] Internal warning: process performance counters based WFR - Requested element has invalid HWND
\0
E, 3504, 20, 2013/05/24, 07:46:30.791, 3579293646668, QTAgent32.exe, EnsureValid called via EnsureValid call for same element
E, 3504, 20, 2013/05/24, 07:46:30.791, 3579293649488, QTAgent32.exe, EnsureValid called via EnsureValid call for same element
E, 3504, 20, 2013/05/24, 07:46:30.791, 3579293651032, QTAgent32.exe, EnsureValid called via EnsureValid call for same element
E, 3504, 20, 2013/05/24, 07:46:30.791, 3579293656386, QTAgent32.exe, GetClassName for handle 5571346 failed
E, 3504, 20, 2013/05/24, 07:46:30.793, 3579293673658, QTAgent32.exe, Window 5571346 not responding. Last Win32 error 1400
E, 3504, 20, 2013/05/24, 07:46:30.793, 3579293677246, QTAgent32.exe, GetClassName for handle 5571346 failed
W, 3504, 20, 2013/05/24, 07:46:33.289, 3579329417943, QTAgent32.exe, IEDOM : StopSession of the plugin called before StartSession
W, 3504, 20, 2013/05/24, 07:46:33.289, 3579329420024, QTAgent32.exe, UIA : StopSession of the plugin called before StartSession
</DebugTrace>
      </Output>
    </UnitTestResult>
  </Results>
</TestRun>