<?xml version="1.0" encoding="UTF-8"?>
<TestRun id="eee8718c-cc2c-4977-9527-6d5be8016775" name="testuser@ICLVDEVTL 2013-05-23 16:21:58" runUser="ICLVDEVTL\testuser" xmlns="http://microsoft.com/schemas/VisualStudio/TeamTest/2010">
  <TestSettings name="RemoteSetting" id="5c3ed885-967b-4862-a1a8-8a2764ec6e39">
    <Description>These are default test settings for a local test run.</Description>
    <Deployment runDeploymentRoot="testuser_ICLVDEVTL 2013-05-23 16_21_58">
      <DeploymentItem filename="C:\TestLinkFixture.dll" />
      <DeploymentItem filename="C:\CookComputing.XmlRpcV2.dll" />
      <DeploymentItem filename="C:\TestLinkAPI.dll" />
    </Deployment>
    <RemoteController name="ICLVDEVTL" />
    <Execution location="Remote">
      <TestTypeSpecific>
        <UnitTestRunConfig testTypeId="13cdc9d9-ddb5-4fa4-a97d-d965ccfc6d4b">
          <AssemblyResolution>
            <TestDirectory useLoadContext="true" />
          </AssemblyResolution>
        </UnitTestRunConfig>
      </TestTypeSpecific>
      <AgentRule name="New role 1">
      </AgentRule>
    </Execution>
  </TestSettings>
  <Times creation="2013-05-23T16:21:58.1279324+01:00" queuing="2013-05-23T16:21:59.8561052+01:00" start="2013-05-23T16:22:05.9147110+01:00" finish="2013-05-23T20:03:04.8542397+01:00" />
  <ResultSummary outcome="Failed">
    <Counters total="37" executed="37" passed="26" error="0" failed="11" timeout="0" aborted="0" inconclusive="0" passedButRunAborted="0" notRunnable="0" notExecuted="0" disconnected="0" warning="0" completed="0" inProgress="0" pending="0" />
  </ResultSummary>
  <TestDefinitions>
    <UnitTest name="MotoCopyRiskQTE" storage="c:\autotesttam1205\testproject7\bin\debug\ver1.dll" id="f6644745-11b7-eac7-fcea-91b6fe907646">
      <Execution id="080a125a-1428-4417-a305-ec509ef305c0" />
      <TestMethod codeBase="C:/AutotestTam1205/TestProject7/bin/Debug/Ver1.DLL" adapterTypeName="Microsoft.VisualStudio.TestTools.TestTypes.Unit.UnitTestAdapter, Microsoft.VisualStudio.QualityTools.Tips.UnitTest.Adapter, Version=10.0.0.0, Culture=neutral, PublicKeyToken=b03f5f7f11d50a3a" className="Ver1.CodedUITest2, Ver1, Version=1.0.0.0, Culture=neutral, PublicKeyToken=null" name="MotoCopyRiskQTE" />
      <Extension>Microsoft.VisualStudio.TestTools.UITesting.CodedUITestAttribute, Microsoft.VisualStudio.QualityTools.CodedUITestFramework, Version=10.0.0.0, Culture=neutral, PublicKeyToken=b03f5f7f11d50a3a</Extension>
    </UnitTest>
    <UnitTest name="MotoCancelExit" storage="c:\autotesttam1205\testproject7\bin\debug\ver1.dll" id="8e7d0a77-ea6b-8c4e-59af-3b3f6ea276f6">
      <Execution id="a55117b7-d28a-4fc8-9ccb-128f39364bf9" />
      <TestMethod codeBase="C:/AutotestTam1205/TestProject7/bin/Debug/Ver1.DLL" adapterTypeName="Microsoft.VisualStudio.TestTools.TestTypes.Unit.UnitTestAdapter, Microsoft.VisualStudio.QualityTools.Tips.UnitTest.Adapter, Version=10.0.0.0, Culture=neutral, PublicKeyToken=b03f5f7f11d50a3a" className="Ver1.CodedUITest2, Ver1, Version=1.0.0.0, Culture=neutral, PublicKeyToken=null" name="MotoCancelExit" />
      <Extension>Microsoft.VisualStudio.TestTools.UITesting.CodedUITestAttribute, Microsoft.VisualStudio.QualityTools.CodedUITestFramework, Version=10.0.0.0, Culture=neutral, PublicKeyToken=b03f5f7f11d50a3a</Extension>
    </UnitTest>
    <UnitTest name="HouseCopyRiskQTE" storage="c:\autotesttam1205\testproject7\bin\debug\ver1.dll" id="2c891097-3795-9085-67ce-0d01fd13212c">
      <Execution id="e2386d9a-87db-41f7-84e1-d4405fc91f3d" />
      <TestMethod codeBase="C:/AutotestTam1205/TestProject7/bin/Debug/Ver1.DLL" adapterTypeName="Microsoft.VisualStudio.TestTools.TestTypes.Unit.UnitTestAdapter, Microsoft.VisualStudio.QualityTools.Tips.UnitTest.Adapter, Version=10.0.0.0, Culture=neutral, PublicKeyToken=b03f5f7f11d50a3a" className="Ver1.CodedUITest2, Ver1, Version=1.0.0.0, Culture=neutral, PublicKeyToken=null" name="HouseCopyRiskQTE" />
      <Extension>Microsoft.VisualStudio.TestTools.UITesting.CodedUITestAttribute, Microsoft.VisualStudio.QualityTools.CodedUITestFramework, Version=10.0.0.0, Culture=neutral, PublicKeyToken=b03f5f7f11d50a3a</Extension>
    </UnitTest>
    <UnitTest name="HouseCancelAccept" storage="c:\autotesttam1205\testproject7\bin\debug\ver1.dll" id="a3d07cb0-4212-348e-df9a-fd0e5af9809e">
      <Execution id="32f688e8-667e-4037-aa8d-e002f7c37c43" />
      <TestMethod codeBase="C:/AutotestTam1205/TestProject7/bin/Debug/Ver1.DLL" adapterTypeName="Microsoft.VisualStudio.TestTools.TestTypes.Unit.UnitTestAdapter, Microsoft.VisualStudio.QualityTools.Tips.UnitTest.Adapter, Version=10.0.0.0, Culture=neutral, PublicKeyToken=b03f5f7f11d50a3a" className="Ver1.CodedUITest2, Ver1, Version=1.0.0.0, Culture=neutral, PublicKeyToken=null" name="HouseCancelAccept" />
      <Extension>Microsoft.VisualStudio.TestTools.UITesting.CodedUITestAttribute, Microsoft.VisualStudio.QualityTools.CodedUITestFramework, Version=10.0.0.0, Culture=neutral, PublicKeyToken=b03f5f7f11d50a3a</Extension>
    </UnitTest>
    <UnitTest name="MotoMTAExit" storage="c:\autotesttam1205\testproject7\bin\debug\ver1.dll" id="c9711d3b-bdd2-bbca-13db-2ad81f2a0dc5">
      <Execution id="0ab7c41a-6263-4821-ba6a-713fa6ef3b3f" />
      <TestMethod codeBase="C:/AutotestTam1205/TestProject7/bin/Debug/Ver1.DLL" adapterTypeName="Microsoft.VisualStudio.TestTools.TestTypes.Unit.UnitTestAdapter, Microsoft.VisualStudio.QualityTools.Tips.UnitTest.Adapter, Version=10.0.0.0, Culture=neutral, PublicKeyToken=b03f5f7f11d50a3a" className="Ver1.CodedUITest2, Ver1, Version=1.0.0.0, Culture=neutral, PublicKeyToken=null" name="MotoMTAExit" />
      <Extension>Microsoft.VisualStudio.TestTools.UITesting.CodedUITestAttribute, Microsoft.VisualStudio.QualityTools.CodedUITestFramework, Version=10.0.0.0, Culture=neutral, PublicKeyToken=b03f5f7f11d50a3a</Extension>
    </UnitTest>
    <UnitTest name="MotoAmendRiskExistingScheme" storage="c:\autotesttam1205\testproject7\bin\debug\ver1.dll" id="f84db9d6-ecb4-ffa9-b047-9aeb5fc142ad">
      <Execution id="be122dd5-8aea-411c-b86a-6bfe5ad9595a" />
      <TestMethod codeBase="C:/AutotestTam1205/TestProject7/bin/Debug/Ver1.DLL" adapterTypeName="Microsoft.VisualStudio.TestTools.TestTypes.Unit.UnitTestAdapter, Microsoft.VisualStudio.QualityTools.Tips.UnitTest.Adapter, Version=10.0.0.0, Culture=neutral, PublicKeyToken=b03f5f7f11d50a3a" className="Ver1.CodedUITest2, Ver1, Version=1.0.0.0, Culture=neutral, PublicKeyToken=null" name="MotoAmendRiskExistingScheme" />
      <Extension>Microsoft.VisualStudio.TestTools.UITesting.CodedUITestAttribute, Microsoft.VisualStudio.QualityTools.CodedUITestFramework, Version=10.0.0.0, Culture=neutral, PublicKeyToken=b03f5f7f11d50a3a</Extension>
    </UnitTest>
    <UnitTest name="HouseRenewalBefore" storage="c:\autotesttam1205\testproject7\bin\debug\ver1.dll" id="092560b0-34b4-ac01-6d5d-c895bfb1f95f">
      <Execution id="ddd13eae-9e16-4a9d-8c76-6a499b91be50" />
      <TestMethod codeBase="C:/AutotestTam1205/TestProject7/bin/Debug/Ver1.DLL" adapterTypeName="Microsoft.VisualStudio.TestTools.TestTypes.Unit.UnitTestAdapter, Microsoft.VisualStudio.QualityTools.Tips.UnitTest.Adapter, Version=10.0.0.0, Culture=neutral, PublicKeyToken=b03f5f7f11d50a3a" className="Ver1.CodedUITest2, Ver1, Version=1.0.0.0, Culture=neutral, PublicKeyToken=null" name="HouseRenewalBefore" />
      <Extension>Microsoft.VisualStudio.TestTools.UITesting.CodedUITestAttribute, Microsoft.VisualStudio.QualityTools.CodedUITestFramework, Version=10.0.0.0, Culture=neutral, PublicKeyToken=b03f5f7f11d50a3a</Extension>
    </UnitTest>
    <UnitTest name="MotoCreateQuote" storage="c:\autotesttam1205\testproject7\bin\debug\ver1.dll" id="12cf66b2-123a-0bfa-9bf6-51ee204d7b79">
      <Execution id="0743ef1f-9064-44a9-bab4-e49cfbcf286f" />
      <TestMethod codeBase="C:/AutotestTam1205/TestProject7/bin/Debug/Ver1.DLL" adapterTypeName="Microsoft.VisualStudio.TestTools.TestTypes.Unit.UnitTestAdapter, Microsoft.VisualStudio.QualityTools.Tips.UnitTest.Adapter, Version=10.0.0.0, Culture=neutral, PublicKeyToken=b03f5f7f11d50a3a" className="Ver1.CodedUITest2, Ver1, Version=1.0.0.0, Culture=neutral, PublicKeyToken=null" name="MotoCreateQuote" />
      <Extension>Microsoft.VisualStudio.TestTools.UITesting.CodedUITestAttribute, Microsoft.VisualStudio.QualityTools.CodedUITestFramework, Version=10.0.0.0, Culture=neutral, PublicKeyToken=b03f5f7f11d50a3a</Extension>
    </UnitTest>
    <UnitTest name="MotoCancelAccept" storage="c:\autotesttam1205\testproject7\bin\debug\ver1.dll" id="164701b2-e196-748d-ce2b-54e0b07d16b7">
      <Execution id="efb75b22-59f6-4a4f-86a7-0a42c25f4fa7" />
      <TestMethod codeBase="C:/AutotestTam1205/TestProject7/bin/Debug/Ver1.DLL" adapterTypeName="Microsoft.VisualStudio.TestTools.TestTypes.Unit.UnitTestAdapter, Microsoft.VisualStudio.QualityTools.Tips.UnitTest.Adapter, Version=10.0.0.0, Culture=neutral, PublicKeyToken=b03f5f7f11d50a3a" className="Ver1.CodedUITest2, Ver1, Version=1.0.0.0, Culture=neutral, PublicKeyToken=null" name="MotoCancelAccept" />
      <Extension>Microsoft.VisualStudio.TestTools.UITesting.CodedUITestAttribute, Microsoft.VisualStudio.QualityTools.CodedUITestFramework, Version=10.0.0.0, Culture=neutral, PublicKeyToken=b03f5f7f11d50a3a</Extension>
    </UnitTest>
    <UnitTest name="HouseMTAExit" storage="c:\autotesttam1205\testproject7\bin\debug\ver1.dll" id="032180c8-1486-819e-72ec-97e7044c9d33">
      <Execution id="dc4cb1fb-fb59-4292-a35e-53413d283ac6" />
      <TestMethod codeBase="C:/AutotestTam1205/TestProject7/bin/Debug/Ver1.DLL" adapterTypeName="Microsoft.VisualStudio.TestTools.TestTypes.Unit.UnitTestAdapter, Microsoft.VisualStudio.QualityTools.Tips.UnitTest.Adapter, Version=10.0.0.0, Culture=neutral, PublicKeyToken=b03f5f7f11d50a3a" className="Ver1.CodedUITest2, Ver1, Version=1.0.0.0, Culture=neutral, PublicKeyToken=null" name="HouseMTAExit" />
      <Extension>Microsoft.VisualStudio.TestTools.UITesting.CodedUITestAttribute, Microsoft.VisualStudio.QualityTools.CodedUITestFramework, Version=10.0.0.0, Culture=neutral, PublicKeyToken=b03f5f7f11d50a3a</Extension>
    </UnitTest>
    <UnitTest name="HouseAmendRiskExistingScheme" storage="c:\autotesttam1205\testproject7\bin\debug\ver1.dll" id="0141781e-e8c8-68a2-deee-13f636ac4d13">
      <Execution id="bc734dc5-4d2f-4fa3-bd2d-d4d0f08842f8" />
      <TestMethod codeBase="C:/AutotestTam1205/TestProject7/bin/Debug/Ver1.DLL" adapterTypeName="Microsoft.VisualStudio.TestTools.TestTypes.Unit.UnitTestAdapter, Microsoft.VisualStudio.QualityTools.Tips.UnitTest.Adapter, Version=10.0.0.0, Culture=neutral, PublicKeyToken=b03f5f7f11d50a3a" className="Ver1.CodedUITest2, Ver1, Version=1.0.0.0, Culture=neutral, PublicKeyToken=null" name="HouseAmendRiskExistingScheme" />
      <Extension>Microsoft.VisualStudio.TestTools.UITesting.CodedUITestAttribute, Microsoft.VisualStudio.QualityTools.CodedUITestFramework, Version=10.0.0.0, Culture=neutral, PublicKeyToken=b03f5f7f11d50a3a</Extension>
    </UnitTest>
    <UnitTest name="HouseRenewalAfter" storage="c:\autotesttam1205\testproject7\bin\debug\ver1.dll" id="85fea04a-2d22-da29-e2a5-a62a531bce65">
      <Execution id="743d8c5f-c6d4-4757-8fe1-b87004c2df31" />
      <TestMethod codeBase="C:/AutotestTam1205/TestProject7/bin/Debug/Ver1.DLL" adapterTypeName="Microsoft.VisualStudio.TestTools.TestTypes.Unit.UnitTestAdapter, Microsoft.VisualStudio.QualityTools.Tips.UnitTest.Adapter, Version=10.0.0.0, Culture=neutral, PublicKeyToken=b03f5f7f11d50a3a" className="Ver1.CodedUITest2, Ver1, Version=1.0.0.0, Culture=neutral, PublicKeyToken=null" name="HouseRenewalAfter" />
      <Extension>Microsoft.VisualStudio.TestTools.UITesting.CodedUITestAttribute, Microsoft.VisualStudio.QualityTools.CodedUITestFramework, Version=10.0.0.0, Culture=neutral, PublicKeyToken=b03f5f7f11d50a3a</Extension>
    </UnitTest>
    <UnitTest name="MotoRenewalBefore" storage="c:\autotesttam1205\testproject7\bin\debug\ver1.dll" id="8196ee92-3f40-1de5-fd1f-ad718adde127">
      <Execution id="d1939551-e1be-48fd-a94d-1fd9eb037da9" />
      <TestMethod codeBase="C:/AutotestTam1205/TestProject7/bin/Debug/Ver1.DLL" adapterTypeName="Microsoft.VisualStudio.TestTools.TestTypes.Unit.UnitTestAdapter, Microsoft.VisualStudio.QualityTools.Tips.UnitTest.Adapter, Version=10.0.0.0, Culture=neutral, PublicKeyToken=b03f5f7f11d50a3a" className="Ver1.CodedUITest2, Ver1, Version=1.0.0.0, Culture=neutral, PublicKeyToken=null" name="MotoRenewalBefore" />
      <Extension>Microsoft.VisualStudio.TestTools.UITesting.CodedUITestAttribute, Microsoft.VisualStudio.QualityTools.CodedUITestFramework, Version=10.0.0.0, Culture=neutral, PublicKeyToken=b03f5f7f11d50a3a</Extension>
    </UnitTest>
    <UnitTest name="MotoRenewalAfter" storage="c:\autotesttam1205\testproject7\bin\debug\ver1.dll" id="59ab65b8-39fb-2b8e-741c-56360969c63c">
      <Execution id="3f48f76a-f837-4a6b-97d9-5b7b4b155af7" />
      <TestMethod codeBase="C:/AutotestTam1205/TestProject7/bin/Debug/Ver1.DLL" adapterTypeName="Microsoft.VisualStudio.TestTools.TestTypes.Unit.UnitTestAdapter, Microsoft.VisualStudio.QualityTools.Tips.UnitTest.Adapter, Version=10.0.0.0, Culture=neutral, PublicKeyToken=b03f5f7f11d50a3a" className="Ver1.CodedUITest2, Ver1, Version=1.0.0.0, Culture=neutral, PublicKeyToken=null" name="MotoRenewalAfter" />
      <Extension>Microsoft.VisualStudio.TestTools.UITesting.CodedUITestAttribute, Microsoft.VisualStudio.QualityTools.CodedUITestFramework, Version=10.0.0.0, Culture=neutral, PublicKeyToken=b03f5f7f11d50a3a</Extension>
    </UnitTest>
    <UnitTest name="MotoCopyRiskNew" storage="c:\autotesttam1205\testproject7\bin\debug\ver1.dll" id="b0b309ae-cec4-a26a-67da-db190531abb2">
      <Execution id="e5ae8d56-448b-4f3a-812d-1468d173629e" />
      <TestMethod codeBase="C:/AutotestTam1205/TestProject7/bin/Debug/Ver1.DLL" adapterTypeName="Microsoft.VisualStudio.TestTools.TestTypes.Unit.UnitTestAdapter, Microsoft.VisualStudio.QualityTools.Tips.UnitTest.Adapter, Version=10.0.0.0, Culture=neutral, PublicKeyToken=b03f5f7f11d50a3a" className="Ver1.CodedUITest2, Ver1, Version=1.0.0.0, Culture=neutral, PublicKeyToken=null" name="MotoCopyRiskNew" />
      <Extension>Microsoft.VisualStudio.TestTools.UITesting.CodedUITestAttribute, Microsoft.VisualStudio.QualityTools.CodedUITestFramework, Version=10.0.0.0, Culture=neutral, PublicKeyToken=b03f5f7f11d50a3a</Extension>
    </UnitTest>
    <UnitTest name="HouseCopyRiskNew" storage="c:\autotesttam1205\testproject7\bin\debug\ver1.dll" id="b862bdfe-d614-6d49-c3ab-29761de1788a">
      <Execution id="c54d11ce-bef1-4a7e-92c6-b19f4d9d2fa3" />
      <TestMethod codeBase="C:/AutotestTam1205/TestProject7/bin/Debug/Ver1.DLL" adapterTypeName="Microsoft.VisualStudio.TestTools.TestTypes.Unit.UnitTestAdapter, Microsoft.VisualStudio.QualityTools.Tips.UnitTest.Adapter, Version=10.0.0.0, Culture=neutral, PublicKeyToken=b03f5f7f11d50a3a" className="Ver1.CodedUITest2, Ver1, Version=1.0.0.0, Culture=neutral, PublicKeyToken=null" name="HouseCopyRiskNew" />
      <Extension>Microsoft.VisualStudio.TestTools.UITesting.CodedUITestAttribute, Microsoft.VisualStudio.QualityTools.CodedUITestFramework, Version=10.0.0.0, Culture=neutral, PublicKeyToken=b03f5f7f11d50a3a</Extension>
    </UnitTest>
    <UnitTest name="MotoOverridePremium" storage="c:\autotesttam1205\testproject7\bin\debug\ver1.dll" id="2e87f328-52a4-0909-efbf-b1cd271415f7">
      <Execution id="95a01c7a-6eeb-4b23-9452-c94f4bd7dc7a" />
      <TestMethod codeBase="C:/AutotestTam1205/TestProject7/bin/Debug/Ver1.DLL" adapterTypeName="Microsoft.VisualStudio.TestTools.TestTypes.Unit.UnitTestAdapter, Microsoft.VisualStudio.QualityTools.Tips.UnitTest.Adapter, Version=10.0.0.0, Culture=neutral, PublicKeyToken=b03f5f7f11d50a3a" className="Ver1.CodedUITest2, Ver1, Version=1.0.0.0, Culture=neutral, PublicKeyToken=null" name="MotoOverridePremium" />
      <Extension>Microsoft.VisualStudio.TestTools.UITesting.CodedUITestAttribute, Microsoft.VisualStudio.QualityTools.CodedUITestFramework, Version=10.0.0.0, Culture=neutral, PublicKeyToken=b03f5f7f11d50a3a</Extension>
    </UnitTest>
    <UnitTest name="HouseCreateQuote" storage="c:\autotesttam1205\testproject7\bin\debug\ver1.dll" id="fa44d113-be71-47d8-f593-fc24cca9db4d">
      <Execution id="09d03021-14d0-49b6-b341-8765ac6f40dc" />
      <TestMethod codeBase="C:/AutotestTam1205/TestProject7/bin/Debug/Ver1.DLL" adapterTypeName="Microsoft.VisualStudio.TestTools.TestTypes.Unit.UnitTestAdapter, Microsoft.VisualStudio.QualityTools.Tips.UnitTest.Adapter, Version=10.0.0.0, Culture=neutral, PublicKeyToken=b03f5f7f11d50a3a" className="Ver1.CodedUITest2, Ver1, Version=1.0.0.0, Culture=neutral, PublicKeyToken=null" name="HouseCreateQuote" />
      <Extension>Microsoft.VisualStudio.TestTools.UITesting.CodedUITestAttribute, Microsoft.VisualStudio.QualityTools.CodedUITestFramework, Version=10.0.0.0, Culture=neutral, PublicKeyToken=b03f5f7f11d50a3a</Extension>
    </UnitTest>
    <UnitTest name="HouseRebrokeRenewCurrent" storage="c:\autotesttam1205\testproject7\bin\debug\ver1.dll" id="1f8782a3-4d48-8c5d-f81c-c88ed9c281c4">
      <Execution id="b22eb01c-c86b-466e-8ddf-a740778bfd70" />
      <TestMethod codeBase="C:/AutotestTam1205/TestProject7/bin/Debug/Ver1.DLL" adapterTypeName="Microsoft.VisualStudio.TestTools.TestTypes.Unit.UnitTestAdapter, Microsoft.VisualStudio.QualityTools.Tips.UnitTest.Adapter, Version=10.0.0.0, Culture=neutral, PublicKeyToken=b03f5f7f11d50a3a" className="Ver1.CodedUITest2, Ver1, Version=1.0.0.0, Culture=neutral, PublicKeyToken=null" name="HouseRebrokeRenewCurrent" />
      <Extension>Microsoft.VisualStudio.TestTools.UITesting.CodedUITestAttribute, Microsoft.VisualStudio.QualityTools.CodedUITestFramework, Version=10.0.0.0, Culture=neutral, PublicKeyToken=b03f5f7f11d50a3a</Extension>
    </UnitTest>
    <UnitTest name="HouseMTAtoMTA" storage="c:\autotesttam1205\testproject7\bin\debug\ver1.dll" id="6ba8302b-8aae-2cf0-04e7-1f759e1fd7d6">
      <Execution id="60d47352-bf64-4d6c-93a7-a99683b5d37d" />
      <TestMethod codeBase="C:/AutotestTam1205/TestProject7/bin/Debug/Ver1.DLL" adapterTypeName="Microsoft.VisualStudio.TestTools.TestTypes.Unit.UnitTestAdapter, Microsoft.VisualStudio.QualityTools.Tips.UnitTest.Adapter, Version=10.0.0.0, Culture=neutral, PublicKeyToken=b03f5f7f11d50a3a" className="Ver1.CodedUITest2, Ver1, Version=1.0.0.0, Culture=neutral, PublicKeyToken=null" name="HouseMTAtoMTA" />
      <Extension>Microsoft.VisualStudio.TestTools.UITesting.CodedUITestAttribute, Microsoft.VisualStudio.QualityTools.CodedUITestFramework, Version=10.0.0.0, Culture=neutral, PublicKeyToken=b03f5f7f11d50a3a</Extension>
    </UnitTest>
    <UnitTest name="HouseRebrokeRenewExistingScheme" storage="c:\autotesttam1205\testproject7\bin\debug\ver1.dll" id="a0f51a54-7cb2-4ad5-9dc0-3545e9f02b07">
      <Execution id="978b7333-7bdc-47fc-8041-2719a7cf11d4" />
      <TestMethod codeBase="C:/AutotestTam1205/TestProject7/bin/Debug/Ver1.DLL" adapterTypeName="Microsoft.VisualStudio.TestTools.TestTypes.Unit.UnitTestAdapter, Microsoft.VisualStudio.QualityTools.Tips.UnitTest.Adapter, Version=10.0.0.0, Culture=neutral, PublicKeyToken=b03f5f7f11d50a3a" className="Ver1.CodedUITest2, Ver1, Version=1.0.0.0, Culture=neutral, PublicKeyToken=null" name="HouseRebrokeRenewExistingScheme" />
      <Extension>Microsoft.VisualStudio.TestTools.UITesting.CodedUITestAttribute, Microsoft.VisualStudio.QualityTools.CodedUITestFramework, Version=10.0.0.0, Culture=neutral, PublicKeyToken=b03f5f7f11d50a3a</Extension>
    </UnitTest>
    <UnitTest name="HouseSaveQuoteWithoutPremium" storage="c:\autotesttam1205\testproject7\bin\debug\ver1.dll" id="f613b012-21a1-0866-908e-8b12c2d22d2b">
      <Execution id="515faf36-4416-4443-a578-8a55f0d3df01" />
      <TestMethod codeBase="C:/AutotestTam1205/TestProject7/bin/Debug/Ver1.DLL" adapterTypeName="Microsoft.VisualStudio.TestTools.TestTypes.Unit.UnitTestAdapter, Microsoft.VisualStudio.QualityTools.Tips.UnitTest.Adapter, Version=10.0.0.0, Culture=neutral, PublicKeyToken=b03f5f7f11d50a3a" className="Ver1.CodedUITest2, Ver1, Version=1.0.0.0, Culture=neutral, PublicKeyToken=null" name="HouseSaveQuoteWithoutPremium" />
      <Extension>Microsoft.VisualStudio.TestTools.UITesting.CodedUITestAttribute, Microsoft.VisualStudio.QualityTools.CodedUITestFramework, Version=10.0.0.0, Culture=neutral, PublicKeyToken=b03f5f7f11d50a3a</Extension>
    </UnitTest>
    <UnitTest name="MotoRebrokeRenewNewScheme" storage="c:\autotesttam1205\testproject7\bin\debug\ver1.dll" id="72861ca4-760f-1d55-3273-faac7fb22762">
      <Execution id="aa1357a3-461a-45e4-8b3e-637d8d4f33f1" />
      <TestMethod codeBase="C:/AutotestTam1205/TestProject7/bin/Debug/Ver1.DLL" adapterTypeName="Microsoft.VisualStudio.TestTools.TestTypes.Unit.UnitTestAdapter, Microsoft.VisualStudio.QualityTools.Tips.UnitTest.Adapter, Version=10.0.0.0, Culture=neutral, PublicKeyToken=b03f5f7f11d50a3a" className="Ver1.CodedUITest2, Ver1, Version=1.0.0.0, Culture=neutral, PublicKeyToken=null" name="MotoRebrokeRenewNewScheme" />
      <Extension>Microsoft.VisualStudio.TestTools.UITesting.CodedUITestAttribute, Microsoft.VisualStudio.QualityTools.CodedUITestFramework, Version=10.0.0.0, Culture=neutral, PublicKeyToken=b03f5f7f11d50a3a</Extension>
    </UnitTest>
    <UnitTest name="MotoAmendRiskNewScheme" storage="c:\autotesttam1205\testproject7\bin\debug\ver1.dll" id="c2bdfe5e-303e-353b-48c9-82acf8c043b4">
      <Execution id="10fb0dcd-ad4d-45cd-8a6d-b1c22f1384c4" />
      <TestMethod codeBase="C:/AutotestTam1205/TestProject7/bin/Debug/Ver1.DLL" adapterTypeName="Microsoft.VisualStudio.TestTools.TestTypes.Unit.UnitTestAdapter, Microsoft.VisualStudio.QualityTools.Tips.UnitTest.Adapter, Version=10.0.0.0, Culture=neutral, PublicKeyToken=b03f5f7f11d50a3a" className="Ver1.CodedUITest2, Ver1, Version=1.0.0.0, Culture=neutral, PublicKeyToken=null" name="MotoAmendRiskNewScheme" />
      <Extension>Microsoft.VisualStudio.TestTools.UITesting.CodedUITestAttribute, Microsoft.VisualStudio.QualityTools.CodedUITestFramework, Version=10.0.0.0, Culture=neutral, PublicKeyToken=b03f5f7f11d50a3a</Extension>
    </UnitTest>
    <UnitTest name="MotoAWAP" storage="c:\autotesttam1205\testproject7\bin\debug\ver1.dll" id="183f1ac6-61bc-7ea0-573a-0cdbb9560946">
      <Execution id="4b53680e-2db2-4db9-99c3-cf7662e5504d" />
      <TestMethod codeBase="C:/AutotestTam1205/TestProject7/bin/Debug/Ver1.DLL" adapterTypeName="Microsoft.VisualStudio.TestTools.TestTypes.Unit.UnitTestAdapter, Microsoft.VisualStudio.QualityTools.Tips.UnitTest.Adapter, Version=10.0.0.0, Culture=neutral, PublicKeyToken=b03f5f7f11d50a3a" className="Ver1.CodedUITest2, Ver1, Version=1.0.0.0, Culture=neutral, PublicKeyToken=null" name="MotoAWAP" />
      <Extension>Microsoft.VisualStudio.TestTools.UITesting.CodedUITestAttribute, Microsoft.VisualStudio.QualityTools.CodedUITestFramework, Version=10.0.0.0, Culture=neutral, PublicKeyToken=b03f5f7f11d50a3a</Extension>
    </UnitTest>
    <UnitTest name="HouseCopyMTA" storage="c:\autotesttam1205\testproject7\bin\debug\ver1.dll" id="092efbf6-6cd2-b6bf-6dd9-4bbcc9aab858">
      <Execution id="1f2cbfb0-298a-4583-9e48-9ad511127f79" />
      <TestMethod codeBase="C:/AutotestTam1205/TestProject7/bin/Debug/Ver1.DLL" adapterTypeName="Microsoft.VisualStudio.TestTools.TestTypes.Unit.UnitTestAdapter, Microsoft.VisualStudio.QualityTools.Tips.UnitTest.Adapter, Version=10.0.0.0, Culture=neutral, PublicKeyToken=b03f5f7f11d50a3a" className="Ver1.CodedUITest2, Ver1, Version=1.0.0.0, Culture=neutral, PublicKeyToken=null" name="HouseCopyMTA" />
      <Extension>Microsoft.VisualStudio.TestTools.UITesting.CodedUITestAttribute, Microsoft.VisualStudio.QualityTools.CodedUITestFramework, Version=10.0.0.0, Culture=neutral, PublicKeyToken=b03f5f7f11d50a3a</Extension>
    </UnitTest>
    <UnitTest name="MotoMTAtoMTA" storage="c:\autotesttam1205\testproject7\bin\debug\ver1.dll" id="816974a0-2589-9682-158f-904896341070">
      <Execution id="42fa5781-ba4a-4ac2-ad60-8de662ff0b74" />
      <TestMethod codeBase="C:/AutotestTam1205/TestProject7/bin/Debug/Ver1.DLL" adapterTypeName="Microsoft.VisualStudio.TestTools.TestTypes.Unit.UnitTestAdapter, Microsoft.VisualStudio.QualityTools.Tips.UnitTest.Adapter, Version=10.0.0.0, Culture=neutral, PublicKeyToken=b03f5f7f11d50a3a" className="Ver1.CodedUITest2, Ver1, Version=1.0.0.0, Culture=neutral, PublicKeyToken=null" name="MotoMTAtoMTA" />
      <Extension>Microsoft.VisualStudio.TestTools.UITesting.CodedUITestAttribute, Microsoft.VisualStudio.QualityTools.CodedUITestFramework, Version=10.0.0.0, Culture=neutral, PublicKeyToken=b03f5f7f11d50a3a</Extension>
    </UnitTest>
    <UnitTest name="HouseMTAAccept" storage="c:\autotesttam1205\testproject7\bin\debug\ver1.dll" id="404b15c8-130d-d833-5814-1652b4b123f6">
      <Execution id="0297e8ad-6558-4619-8b05-8f22bf813079" />
      <TestMethod codeBase="C:/AutotestTam1205/TestProject7/bin/Debug/Ver1.DLL" adapterTypeName="Microsoft.VisualStudio.TestTools.TestTypes.Unit.UnitTestAdapter, Microsoft.VisualStudio.QualityTools.Tips.UnitTest.Adapter, Version=10.0.0.0, Culture=neutral, PublicKeyToken=b03f5f7f11d50a3a" className="Ver1.CodedUITest2, Ver1, Version=1.0.0.0, Culture=neutral, PublicKeyToken=null" name="HouseMTAAccept" />
      <Extension>Microsoft.VisualStudio.TestTools.UITesting.CodedUITestAttribute, Microsoft.VisualStudio.QualityTools.CodedUITestFramework, Version=10.0.0.0, Culture=neutral, PublicKeyToken=b03f5f7f11d50a3a</Extension>
    </UnitTest>
    <UnitTest name="HouseAmendRiskNewScheme" storage="c:\autotesttam1205\testproject7\bin\debug\ver1.dll" id="e785005d-7402-4f52-14ec-dba919726f7b">
      <Execution id="f7b2c586-8018-4808-b4b2-43091abd9a59" />
      <TestMethod codeBase="C:/AutotestTam1205/TestProject7/bin/Debug/Ver1.DLL" adapterTypeName="Microsoft.VisualStudio.TestTools.TestTypes.Unit.UnitTestAdapter, Microsoft.VisualStudio.QualityTools.Tips.UnitTest.Adapter, Version=10.0.0.0, Culture=neutral, PublicKeyToken=b03f5f7f11d50a3a" className="Ver1.CodedUITest2, Ver1, Version=1.0.0.0, Culture=neutral, PublicKeyToken=null" name="HouseAmendRiskNewScheme" />
      <Extension>Microsoft.VisualStudio.TestTools.UITesting.CodedUITestAttribute, Microsoft.VisualStudio.QualityTools.CodedUITestFramework, Version=10.0.0.0, Culture=neutral, PublicKeyToken=b03f5f7f11d50a3a</Extension>
    </UnitTest>
    <UnitTest name="MotoMTAAccept" storage="c:\autotesttam1205\testproject7\bin\debug\ver1.dll" id="3ae99ad9-bea0-c939-a2a7-32a3ed719b40">
      <Execution id="09c3e098-972d-4ad5-9945-d3a7aad3d222" />
      <TestMethod codeBase="C:/AutotestTam1205/TestProject7/bin/Debug/Ver1.DLL" adapterTypeName="Microsoft.VisualStudio.TestTools.TestTypes.Unit.UnitTestAdapter, Microsoft.VisualStudio.QualityTools.Tips.UnitTest.Adapter, Version=10.0.0.0, Culture=neutral, PublicKeyToken=b03f5f7f11d50a3a" className="Ver1.CodedUITest2, Ver1, Version=1.0.0.0, Culture=neutral, PublicKeyToken=null" name="MotoMTAAccept" />
      <Extension>Microsoft.VisualStudio.TestTools.UITesting.CodedUITestAttribute, Microsoft.VisualStudio.QualityTools.CodedUITestFramework, Version=10.0.0.0, Culture=neutral, PublicKeyToken=b03f5f7f11d50a3a</Extension>
    </UnitTest>
    <UnitTest name="HouseRebrokeRenewNewScheme" storage="c:\autotesttam1205\testproject7\bin\debug\ver1.dll" id="49954a0c-626b-cfff-45f2-8522f1cf2034">
      <Execution id="bb5a49a6-694c-41e0-aa5d-dcec3a6bf45d" />
      <TestMethod codeBase="C:/AutotestTam1205/TestProject7/bin/Debug/Ver1.DLL" adapterTypeName="Microsoft.VisualStudio.TestTools.TestTypes.Unit.UnitTestAdapter, Microsoft.VisualStudio.QualityTools.Tips.UnitTest.Adapter, Version=10.0.0.0, Culture=neutral, PublicKeyToken=b03f5f7f11d50a3a" className="Ver1.CodedUITest2, Ver1, Version=1.0.0.0, Culture=neutral, PublicKeyToken=null" name="HouseRebrokeRenewNewScheme" />
      <Extension>Microsoft.VisualStudio.TestTools.UITesting.CodedUITestAttribute, Microsoft.VisualStudio.QualityTools.CodedUITestFramework, Version=10.0.0.0, Culture=neutral, PublicKeyToken=b03f5f7f11d50a3a</Extension>
    </UnitTest>
    <UnitTest name="HouseCancelExit" storage="c:\autotesttam1205\testproject7\bin\debug\ver1.dll" id="4cb42064-b5e7-bd75-4548-d64f848c0e04">
      <Execution id="346a8b47-ffb2-457d-9bf0-25c17d2213fb" />
      <TestMethod codeBase="C:/AutotestTam1205/TestProject7/bin/Debug/Ver1.DLL" adapterTypeName="Microsoft.VisualStudio.TestTools.TestTypes.Unit.UnitTestAdapter, Microsoft.VisualStudio.QualityTools.Tips.UnitTest.Adapter, Version=10.0.0.0, Culture=neutral, PublicKeyToken=b03f5f7f11d50a3a" className="Ver1.CodedUITest2, Ver1, Version=1.0.0.0, Culture=neutral, PublicKeyToken=null" name="HouseCancelExit" />
      <Extension>Microsoft.VisualStudio.TestTools.UITesting.CodedUITestAttribute, Microsoft.VisualStudio.QualityTools.CodedUITestFramework, Version=10.0.0.0, Culture=neutral, PublicKeyToken=b03f5f7f11d50a3a</Extension>
    </UnitTest>
    <UnitTest name="MotoRebrokeRenewExistingScheme" storage="c:\autotesttam1205\testproject7\bin\debug\ver1.dll" id="a5f54e40-1bf8-ce13-c337-6a02b2b7e5d4">
      <Execution id="50a48506-e311-488d-923a-c7a91c5d3593" />
      <TestMethod codeBase="C:/AutotestTam1205/TestProject7/bin/Debug/Ver1.DLL" adapterTypeName="Microsoft.VisualStudio.TestTools.TestTypes.Unit.UnitTestAdapter, Microsoft.VisualStudio.QualityTools.Tips.UnitTest.Adapter, Version=10.0.0.0, Culture=neutral, PublicKeyToken=b03f5f7f11d50a3a" className="Ver1.CodedUITest2, Ver1, Version=1.0.0.0, Culture=neutral, PublicKeyToken=null" name="MotoRebrokeRenewExistingScheme" />
      <Extension>Microsoft.VisualStudio.TestTools.UITesting.CodedUITestAttribute, Microsoft.VisualStudio.QualityTools.CodedUITestFramework, Version=10.0.0.0, Culture=neutral, PublicKeyToken=b03f5f7f11d50a3a</Extension>
    </UnitTest>
    <UnitTest name="HouseOverridePremium" storage="c:\autotesttam1205\testproject7\bin\debug\ver1.dll" id="025fcabb-f026-f156-d3f9-293b0e4f1a15">
      <Execution id="56b5e428-22dd-4364-b0da-e14241403569" />
      <TestMethod codeBase="C:/AutotestTam1205/TestProject7/bin/Debug/Ver1.DLL" adapterTypeName="Microsoft.VisualStudio.TestTools.TestTypes.Unit.UnitTestAdapter, Microsoft.VisualStudio.QualityTools.Tips.UnitTest.Adapter, Version=10.0.0.0, Culture=neutral, PublicKeyToken=b03f5f7f11d50a3a" className="Ver1.CodedUITest2, Ver1, Version=1.0.0.0, Culture=neutral, PublicKeyToken=null" name="HouseOverridePremium" />
      <Extension>Microsoft.VisualStudio.TestTools.UITesting.CodedUITestAttribute, Microsoft.VisualStudio.QualityTools.CodedUITestFramework, Version=10.0.0.0, Culture=neutral, PublicKeyToken=b03f5f7f11d50a3a</Extension>
    </UnitTest>
    <UnitTest name="MotoSaveQuoteWithoutPremium" storage="c:\autotesttam1205\testproject7\bin\debug\ver1.dll" id="66f48222-41fe-53f5-f9cb-ee9b86bb6e8b">
      <Execution id="c7232999-8c83-420b-9325-47f32684921f" />
      <TestMethod codeBase="C:/AutotestTam1205/TestProject7/bin/Debug/Ver1.DLL" adapterTypeName="Microsoft.VisualStudio.TestTools.TestTypes.Unit.UnitTestAdapter, Microsoft.VisualStudio.QualityTools.Tips.UnitTest.Adapter, Version=10.0.0.0, Culture=neutral, PublicKeyToken=b03f5f7f11d50a3a" className="Ver1.CodedUITest2, Ver1, Version=1.0.0.0, Culture=neutral, PublicKeyToken=null" name="MotoSaveQuoteWithoutPremium" />
      <Extension>Microsoft.VisualStudio.TestTools.UITesting.CodedUITestAttribute, Microsoft.VisualStudio.QualityTools.CodedUITestFramework, Version=10.0.0.0, Culture=neutral, PublicKeyToken=b03f5f7f11d50a3a</Extension>
    </UnitTest>
    <UnitTest name="MotoRebrokeRenewCurrent" storage="c:\autotesttam1205\testproject7\bin\debug\ver1.dll" id="311133ab-01d5-f9e4-d13b-e35f37a745ec">
      <Execution id="fa3b2ea4-ffcd-4c1b-8a85-fd0a802892e1" />
      <TestMethod codeBase="C:/AutotestTam1205/TestProject7/bin/Debug/Ver1.DLL" adapterTypeName="Microsoft.VisualStudio.TestTools.TestTypes.Unit.UnitTestAdapter, Microsoft.VisualStudio.QualityTools.Tips.UnitTest.Adapter, Version=10.0.0.0, Culture=neutral, PublicKeyToken=b03f5f7f11d50a3a" className="Ver1.CodedUITest2, Ver1, Version=1.0.0.0, Culture=neutral, PublicKeyToken=null" name="MotoRebrokeRenewCurrent" />
      <Extension>Microsoft.VisualStudio.TestTools.UITesting.CodedUITestAttribute, Microsoft.VisualStudio.QualityTools.CodedUITestFramework, Version=10.0.0.0, Culture=neutral, PublicKeyToken=b03f5f7f11d50a3a</Extension>
    </UnitTest>
    <UnitTest name="MotoCopyMTA" storage="c:\autotesttam1205\testproject7\bin\debug\ver1.dll" id="d13bf1d8-7ba6-3746-e8b2-a147b4622b78">
      <Execution id="5847f3ef-8718-432c-9ae5-d3213cd09435" />
      <TestMethod codeBase="C:/AutotestTam1205/TestProject7/bin/Debug/Ver1.DLL" adapterTypeName="Microsoft.VisualStudio.TestTools.TestTypes.Unit.UnitTestAdapter, Microsoft.VisualStudio.QualityTools.Tips.UnitTest.Adapter, Version=10.0.0.0, Culture=neutral, PublicKeyToken=b03f5f7f11d50a3a" className="Ver1.CodedUITest2, Ver1, Version=1.0.0.0, Culture=neutral, PublicKeyToken=null" name="MotoCopyMTA" />
      <Extension>Microsoft.VisualStudio.TestTools.UITesting.CodedUITestAttribute, Microsoft.VisualStudio.QualityTools.CodedUITestFramework, Version=10.0.0.0, Culture=neutral, PublicKeyToken=b03f5f7f11d50a3a</Extension>
    </UnitTest>
  </TestDefinitions>
  <TestLists>
    <TestList name="Results Not in a List" id="8c84fa94-04c1-424b-9868-57a2d4851a1d" />
    <TestList name="All Loaded Results" id="19431567-8539-422a-85d7-44ee4e166bda" />
  </TestLists>
  <TestEntries>
    <TestEntry testId="12cf66b2-123a-0bfa-9bf6-51ee204d7b79" executionId="0743ef1f-9064-44a9-bab4-e49cfbcf286f" testListId="8c84fa94-04c1-424b-9868-57a2d4851a1d" />
    <TestEntry testId="66f48222-41fe-53f5-f9cb-ee9b86bb6e8b" executionId="c7232999-8c83-420b-9325-47f32684921f" testListId="8c84fa94-04c1-424b-9868-57a2d4851a1d" />
    <TestEntry testId="183f1ac6-61bc-7ea0-573a-0cdbb9560946" executionId="4b53680e-2db2-4db9-99c3-cf7662e5504d" testListId="8c84fa94-04c1-424b-9868-57a2d4851a1d" />
    <TestEntry testId="2e87f328-52a4-0909-efbf-b1cd271415f7" executionId="95a01c7a-6eeb-4b23-9452-c94f4bd7dc7a" testListId="8c84fa94-04c1-424b-9868-57a2d4851a1d" />
    <TestEntry testId="b0b309ae-cec4-a26a-67da-db190531abb2" executionId="e5ae8d56-448b-4f3a-812d-1468d173629e" testListId="8c84fa94-04c1-424b-9868-57a2d4851a1d" />
    <TestEntry testId="f6644745-11b7-eac7-fcea-91b6fe907646" executionId="080a125a-1428-4417-a305-ec509ef305c0" testListId="8c84fa94-04c1-424b-9868-57a2d4851a1d" />
    <TestEntry testId="c9711d3b-bdd2-bbca-13db-2ad81f2a0dc5" executionId="0ab7c41a-6263-4821-ba6a-713fa6ef3b3f" testListId="8c84fa94-04c1-424b-9868-57a2d4851a1d" />
    <TestEntry testId="3ae99ad9-bea0-c939-a2a7-32a3ed719b40" executionId="09c3e098-972d-4ad5-9945-d3a7aad3d222" testListId="8c84fa94-04c1-424b-9868-57a2d4851a1d" />
    <TestEntry testId="d13bf1d8-7ba6-3746-e8b2-a147b4622b78" executionId="5847f3ef-8718-432c-9ae5-d3213cd09435" testListId="8c84fa94-04c1-424b-9868-57a2d4851a1d" />
    <TestEntry testId="816974a0-2589-9682-158f-904896341070" executionId="42fa5781-ba4a-4ac2-ad60-8de662ff0b74" testListId="8c84fa94-04c1-424b-9868-57a2d4851a1d" />
    <TestEntry testId="8e7d0a77-ea6b-8c4e-59af-3b3f6ea276f6" executionId="a55117b7-d28a-4fc8-9ccb-128f39364bf9" testListId="8c84fa94-04c1-424b-9868-57a2d4851a1d" />
    <TestEntry testId="164701b2-e196-748d-ce2b-54e0b07d16b7" executionId="efb75b22-59f6-4a4f-86a7-0a42c25f4fa7" testListId="8c84fa94-04c1-424b-9868-57a2d4851a1d" />
    <TestEntry testId="8196ee92-3f40-1de5-fd1f-ad718adde127" executionId="d1939551-e1be-48fd-a94d-1fd9eb037da9" testListId="8c84fa94-04c1-424b-9868-57a2d4851a1d" />
    <TestEntry testId="59ab65b8-39fb-2b8e-741c-56360969c63c" executionId="3f48f76a-f837-4a6b-97d9-5b7b4b155af7" testListId="8c84fa94-04c1-424b-9868-57a2d4851a1d" />
    <TestEntry testId="f84db9d6-ecb4-ffa9-b047-9aeb5fc142ad" executionId="be122dd5-8aea-411c-b86a-6bfe5ad9595a" testListId="8c84fa94-04c1-424b-9868-57a2d4851a1d" />
    <TestEntry testId="c2bdfe5e-303e-353b-48c9-82acf8c043b4" executionId="10fb0dcd-ad4d-45cd-8a6d-b1c22f1384c4" testListId="8c84fa94-04c1-424b-9868-57a2d4851a1d" />
    <TestEntry testId="311133ab-01d5-f9e4-d13b-e35f37a745ec" executionId="fa3b2ea4-ffcd-4c1b-8a85-fd0a802892e1" testListId="8c84fa94-04c1-424b-9868-57a2d4851a1d" />
    <TestEntry testId="a5f54e40-1bf8-ce13-c337-6a02b2b7e5d4" executionId="50a48506-e311-488d-923a-c7a91c5d3593" testListId="8c84fa94-04c1-424b-9868-57a2d4851a1d" />
    <TestEntry testId="72861ca4-760f-1d55-3273-faac7fb22762" executionId="aa1357a3-461a-45e4-8b3e-637d8d4f33f1" testListId="8c84fa94-04c1-424b-9868-57a2d4851a1d" />
    <TestEntry testId="fa44d113-be71-47d8-f593-fc24cca9db4d" executionId="09d03021-14d0-49b6-b341-8765ac6f40dc" testListId="8c84fa94-04c1-424b-9868-57a2d4851a1d" />
    <TestEntry testId="f613b012-21a1-0866-908e-8b12c2d22d2b" executionId="515faf36-4416-4443-a578-8a55f0d3df01" testListId="8c84fa94-04c1-424b-9868-57a2d4851a1d" />
    <TestEntry testId="025fcabb-f026-f156-d3f9-293b0e4f1a15" executionId="56b5e428-22dd-4364-b0da-e14241403569" testListId="8c84fa94-04c1-424b-9868-57a2d4851a1d" />
    <TestEntry testId="b862bdfe-d614-6d49-c3ab-29761de1788a" executionId="c54d11ce-bef1-4a7e-92c6-b19f4d9d2fa3" testListId="8c84fa94-04c1-424b-9868-57a2d4851a1d" />
    <TestEntry testId="2c891097-3795-9085-67ce-0d01fd13212c" executionId="e2386d9a-87db-41f7-84e1-d4405fc91f3d" testListId="8c84fa94-04c1-424b-9868-57a2d4851a1d" />
    <TestEntry testId="032180c8-1486-819e-72ec-97e7044c9d33" executionId="dc4cb1fb-fb59-4292-a35e-53413d283ac6" testListId="8c84fa94-04c1-424b-9868-57a2d4851a1d" />
    <TestEntry testId="404b15c8-130d-d833-5814-1652b4b123f6" executionId="0297e8ad-6558-4619-8b05-8f22bf813079" testListId="8c84fa94-04c1-424b-9868-57a2d4851a1d" />
    <TestEntry testId="092efbf6-6cd2-b6bf-6dd9-4bbcc9aab858" executionId="1f2cbfb0-298a-4583-9e48-9ad511127f79" testListId="8c84fa94-04c1-424b-9868-57a2d4851a1d" />
    <TestEntry testId="6ba8302b-8aae-2cf0-04e7-1f759e1fd7d6" executionId="60d47352-bf64-4d6c-93a7-a99683b5d37d" testListId="8c84fa94-04c1-424b-9868-57a2d4851a1d" />
    <TestEntry testId="4cb42064-b5e7-bd75-4548-d64f848c0e04" executionId="346a8b47-ffb2-457d-9bf0-25c17d2213fb" testListId="8c84fa94-04c1-424b-9868-57a2d4851a1d" />
    <TestEntry testId="a3d07cb0-4212-348e-df9a-fd0e5af9809e" executionId="32f688e8-667e-4037-aa8d-e002f7c37c43" testListId="8c84fa94-04c1-424b-9868-57a2d4851a1d" />
    <TestEntry testId="092560b0-34b4-ac01-6d5d-c895bfb1f95f" executionId="ddd13eae-9e16-4a9d-8c76-6a499b91be50" testListId="8c84fa94-04c1-424b-9868-57a2d4851a1d" />
    <TestEntry testId="85fea04a-2d22-da29-e2a5-a62a531bce65" executionId="743d8c5f-c6d4-4757-8fe1-b87004c2df31" testListId="8c84fa94-04c1-424b-9868-57a2d4851a1d" />
    <TestEntry testId="0141781e-e8c8-68a2-deee-13f636ac4d13" executionId="bc734dc5-4d2f-4fa3-bd2d-d4d0f08842f8" testListId="8c84fa94-04c1-424b-9868-57a2d4851a1d" />
    <TestEntry testId="e785005d-7402-4f52-14ec-dba919726f7b" executionId="f7b2c586-8018-4808-b4b2-43091abd9a59" testListId="8c84fa94-04c1-424b-9868-57a2d4851a1d" />
    <TestEntry testId="1f8782a3-4d48-8c5d-f81c-c88ed9c281c4" executionId="b22eb01c-c86b-466e-8ddf-a740778bfd70" testListId="8c84fa94-04c1-424b-9868-57a2d4851a1d" />
    <TestEntry testId="a0f51a54-7cb2-4ad5-9dc0-3545e9f02b07" executionId="978b7333-7bdc-47fc-8041-2719a7cf11d4" testListId="8c84fa94-04c1-424b-9868-57a2d4851a1d" />
    <TestEntry testId="49954a0c-626b-cfff-45f2-8522f1cf2034" executionId="bb5a49a6-694c-41e0-aa5d-dcec3a6bf45d" testListId="8c84fa94-04c1-424b-9868-57a2d4851a1d" />
  </TestEntries>
  <Results>
    <UnitTestResult executionId="0743ef1f-9064-44a9-bab4-e49cfbcf286f" testId="12cf66b2-123a-0bfa-9bf6-51ee204d7b79" testName="MotoCreateQuote" computerName="ICLVDEVTM02" duration="00:03:29.2033947" startTime="2013-05-23T16:09:32.2253997+01:00" endTime="2013-05-23T16:13:04.3333340+01:00" testType="13cdc9d9-ddb5-4fa4-a97d-d965ccfc6d4b" outcome="Passed" testListId="8c84fa94-04c1-424b-9868-57a2d4851a1d" relativeResultsDirectory="0743ef1f-9064-44a9-bab4-e49cfbcf286f">
      <Output>
        <DebugTrace>W, 3504, 15, 2013/05/23, 16:09:42.778, 2774497118209, QTAgent32.exe, &lt;a class=success&gt;Playback - {1} [SUCCESS] MouseButtonClick - "[MSAA, VisibleOnly]ControlType='Edit'"
\0&lt;/a&gt;
W, 3504, 15, 2013/05/23, 16:09:43.107, 2774501823051, QTAgent32.exe, &lt;a class=success&gt;Playback - {2} [SUCCESS] SendKeys "[*]" - "[MSAA, VisibleOnly]ControlType='Edit'"
\0&lt;/a&gt;
W, 3504, 15, 2013/05/23, 16:09:44.574, 2774522835450, QTAgent32.exe, &lt;a class=success&gt;Playback - {3} [SUCCESS] MouseButtonClick - "[MSAA, VisibleOnly]ControlType='Button' &amp;&amp; Name='OK'"
\0&lt;/a&gt;
E, 3504, 15, 2013/05/23, 16:09:44.870, 2774527068044, QTAgent32.exe, LoadLibrary() : Unable to find the resource 37382 from assembly C:\Windows\system32\en-US\ieframe.dll.mui: Error1814
E, 3504, 15, 2013/05/23, 16:09:44.871, 2774527079065, QTAgent32.exe, LoadLibrary() : Unable to find the resource 41728 from assembly C:\Windows\system32\en-US\ieframe.dll.mui: Error1814
E, 3504, 15, 2013/05/23, 16:09:44.871, 2774527081938, QTAgent32.exe, LoadLibrary() : Unable to find the resource 8131 from assembly C:\Windows\system32\en-US\ieframe.dll.mui: Error1814
E, 3504, 15, 2013/05/23, 16:09:44.872, 2774527086024, QTAgent32.exe, LoadLibrary() : Unable to find the resource 8131 from assembly C:\Windows\system32\en-US\ieframe.dll.mui: Error1814
E, 3504, 15, 2013/05/23, 16:09:44.872, 2774527091731, QTAgent32.exe, LoadLibrary() : Unable to find the resource 8131 from assembly C:\Windows\system32\en-US\ieframe.dll.mui: Error1814
E, 3504, 15, 2013/05/23, 16:09:44.888, 2774527317968, QTAgent32.exe, LoadLibrary() : Unable to find the resource 803 from assembly C:\Windows\system32\en-US\user32.dll.mui: Error1814
W, 3504, 15, 2013/05/23, 16:09:45.196, 2774531732095, QTAgent32.exe, &lt;a class=success&gt;Playback - {4} [SUCCESS] SendKeys "^{HOME}" - "[MSAA, VisibleOnly]ControlType='Edit'"
\0&lt;/a&gt;
E, 3504, 15, 2013/05/23, 16:09:45.200, 2774531792784, QTAgent32.exe, Msaa.GetFocusedElement: could not find accessible object of foreground window
W, 3504, 15, 2013/05/23, 16:09:45.286, 2774533026353, QTAgent32.exe, &lt;a class=success&gt;Playback - {5} [SUCCESS] SendKeys "^+{END}" - "[MSAA, VisibleOnly]ControlType='Edit'"
\0&lt;/a&gt;
E, 3504, 15, 2013/05/23, 16:09:45.287, 2774533030074, QTAgent32.exe, Msaa.GetFocusedElement: could not find accessible object of foreground window
W, 3504, 15, 2013/05/23, 16:09:45.309, 2774533350086, QTAgent32.exe, &lt;a class=success&gt;Playback - {6} [SUCCESS] SendKeys "{DELETE}" - "[MSAA, VisibleOnly]ControlType='Edit'"
\0&lt;/a&gt;
W, 3504, 15, 2013/05/23, 16:09:45.695, 2774538876077, QTAgent32.exe, &lt;a class=success&gt;Playback - {7} [SUCCESS] SetValueAsEditBox "23/05/2013" - "[MSAA, VisibleOnly]ControlType='Edit'"  &lt; Set via SendKeys &gt;
\0&lt;/a&gt;
W, 3504, 15, 2013/05/23, 16:09:46.230, 2774546538369, QTAgent32.exe, Playback - [WARNING] Internal warning: Incorrect flag set for InvokeProgrammaticAction\0
W, 3504, 15, 2013/05/23, 16:09:46.351, 2774548276174, QTAgent32.exe, &lt;a class=success&gt;Playback - {8} [SUCCESS] SetValueAsComboBox "May" - "[MSAA, VisibleOnly]ControlType='ComboBox'"  &lt; SetValueAsComboBox, set by clicking on the item in the list box &gt;
\0&lt;/a&gt;
W, 3504, 15, 2013/05/23, 16:09:46.663, 2774552746025, QTAgent32.exe, &lt;a class=success&gt;Playback - {9} [SUCCESS] SendKeys "^{HOME}" - "[MSAA, VisibleOnly]ControlType='Edit'"
\0&lt;/a&gt;
E, 3504, 15, 2013/05/23, 16:09:46.664, 2774552754044, QTAgent32.exe, Msaa.GetFocusedElement: could not find accessible object of foreground window
W, 3504, 15, 2013/05/23, 16:09:46.721, 2774553567385, QTAgent32.exe, &lt;a class=success&gt;Playback - {10} [SUCCESS] SendKeys "^+{END}" - "[MSAA, VisibleOnly]ControlType='Edit'"
\0&lt;/a&gt;
E, 3504, 15, 2013/05/23, 16:09:46.721, 2774553570954, QTAgent32.exe, Msaa.GetFocusedElement: could not find accessible object of foreground window
W, 3504, 15, 2013/05/23, 16:09:46.736, 2774553791056, QTAgent32.exe, &lt;a class=success&gt;Playback - {11} [SUCCESS] SendKeys "{DELETE}" - "[MSAA, VisibleOnly]ControlType='Edit'"
\0&lt;/a&gt;
W, 3504, 15, 2013/05/23, 16:09:46.903, 2774556170766, QTAgent32.exe, &lt;a class=success&gt;Playback - {12} [SUCCESS] SetValueAsEditBox "2013" - "[MSAA, VisibleOnly]ControlType='Edit'"  &lt; Set via SendKeys &gt;
\0&lt;/a&gt;
W, 3504, 15, 2013/05/23, 16:09:47.375, 2774562937355, QTAgent32.exe, &lt;a class=success&gt;Playback - {13} [SUCCESS] MouseButtonClick - "[MSAA, VisibleOnly]ControlType='Button' &amp;&amp; Name='OK'"
\0&lt;/a&gt;
W, 3504, 15, 2013/05/23, 16:09:49.007, 2774586294720, QTAgent32.exe, &lt;a class=success&gt;Playback - {14} [SUCCESS] MouseButtonClick - "[MSAA, VisibleOnly]ControlType='Button' &amp;&amp; Name='OK'"
\0&lt;/a&gt;
W, 3504, 15, 2013/05/23, 16:09:49.298, 2774590464778, QTAgent32.exe, &lt;a class=success&gt;Playback - {15} [SUCCESS] TypeString "#(R)"
\0&lt;/a&gt;
W, 3504, 15, 2013/05/23, 16:09:50.048, 2774601203332, QTAgent32.exe, PERF WARNING: FindTopLevelWindowHelper::FindAllDescendents: took 647 ms. Expected it to take maximum 500 ms.
W, 3504, 15, 2013/05/23, 16:09:50.948, 2774614089940, QTAgent32.exe, PERF WARNING: FindAllDescendents: took 897 ms. Expected it to take maximum 500 ms.
E, 3504, 15, 2013/05/23, 16:09:51.081, 2774615998145, QTAgent32.exe, Exception: System.ArgumentException
	Message: Value does not fall within the expected range.
	Stack Trace:    at Accessibility.IAccessible.get_accRole(Object varChild)
   at Microsoft.VisualStudio.TestTools.UITest.Extension.Msaa.AccWrapper.get_RoleInt()
	BaseExceptionMessage: Value does not fall within the expected range.

E, 3504, 15, 2013/05/23, 16:09:51.096, 2774616217754, QTAgent32.exe, Exception: System.ArgumentException
	Message: Value does not fall within the expected range.
	Stack Trace:    at Accessibility.IAccessible.get_accRole(Object varChild)
   at Microsoft.VisualStudio.TestTools.UITest.Extension.Msaa.AccWrapper.get_RoleInt()
	BaseExceptionMessage: Value does not fall within the expected range.

W, 3504, 15, 2013/05/23, 16:09:51.924, 2774628068862, QTAgent32.exe, &lt;a class=success&gt;Playback - {16} [SUCCESS] LeftButtonClick  &lt; Mouse cursor location (87, 908) &gt;
\0&lt;/a&gt;
W, 3504, 15, 2013/05/23, 16:09:53.249, 2774647036547, QTAgent32.exe, &lt;a class=success&gt;Playback - {17} [SUCCESS] SetValueAsEditBox "c:\TestProject7\office.reg"  &lt; Set via SendKeys &gt;
\0&lt;/a&gt;
W, 3504, 15, 2013/05/23, 16:09:53.249, 2774647039367, QTAgent32.exe, &lt;a class=success&gt;Playback - {18} [SUCCESS] SetValueAsComboBox "c:\TestProject7\office.reg" - "[MSAA, VisibleOnly]ControlType='ComboBox' &amp;&amp; Name='Open:'"  &lt; Set via SetValueAsEditBox &gt;
\0&lt;/a&gt;
W, 3504, 15, 2013/05/23, 16:09:53.545, 2774651270849, QTAgent32.exe, &lt;a class=success&gt;Playback - {19} [SUCCESS] MouseButtonClick - "[MSAA, VisibleOnly]ControlType='Button' &amp;&amp; Name='OK'"
\0&lt;/a&gt;
W, 3504, 15, 2013/05/23, 16:09:54.413, 2774663710728, QTAgent32.exe, PERF WARNING: FindTopLevelWindowHelper::FindAllDescendents: took 738 ms. Expected it to take maximum 500 ms.
W, 3504, 15, 2013/05/23, 16:09:54.864, 2774670170212, QTAgent32.exe, &lt;a class=success&gt;Playback - {20} [SUCCESS] MouseButtonClick - "[MSAA, VisibleOnly]ControlType='Button' &amp;&amp; Name='Yes'"
\0&lt;/a&gt;
W, 3504, 15, 2013/05/23, 16:09:55.264, 2774675887024, QTAgent32.exe, &lt;a class=success&gt;Playback - {21} [SUCCESS] MouseButtonClick - "[MSAA, VisibleOnly]ControlType='Button' &amp;&amp; Name='OK'"
\0&lt;/a&gt;
W, 3504, 15, 2013/05/23, 16:09:55.598, 2774680668533, QTAgent32.exe, &lt;a class=success&gt;Playback - {22} [SUCCESS] MouseButtonClick - "[MSAA, VisibleOnly]ControlType='Button' &amp;&amp; Name='Clients &amp; Files'"
\0&lt;/a&gt;
W, 3504, 15, 2013/05/23, 16:09:57.488, 2774707735588, QTAgent32.exe, PERF WARNING: FindTopLevelWindowHelper::FindAllDescendents: took 1784 ms. Expected it to take maximum 500 ms.
W, 3504, 15, 2013/05/23, 16:09:58.058, 2774715899164, QTAgent32.exe, Playback - [WARNING] Internal warning: Incorrect flag set for InvokeProgrammaticAction\0
W, 3504, 15, 2013/05/23, 16:09:58.181, 2774717650651, QTAgent32.exe, &lt;a class=success&gt;Playback - {23} [SUCCESS] SetValueAsComboBox "Customers" - "[MSAA, VisibleOnly]ControlType='ComboBox'"  &lt; SetValueAsComboBox, set by clicking on the item in the list box &gt;
\0&lt;/a&gt;
W, 3504, 15, 2013/05/23, 16:09:58.916, 2774728188025, QTAgent32.exe, &lt;a class=success&gt;Playback - {24} [SUCCESS] MouseButtonClick - "[MSAA, VisibleOnly]ControlType='Button' &amp;&amp; Name='Add'"
\0&lt;/a&gt;
W, 3504, 15, 2013/05/23, 16:09:59.383, 2774734866223, QTAgent32.exe, &lt;a class=success&gt;Playback - {25} [SUCCESS] SendKeys "autotest" - "[MSAA, VisibleOnly]ControlType='RadioButton' &amp;&amp; Name='Personal Lines'"
\0&lt;/a&gt;
W, 3504, 15, 2013/05/23, 16:10:00.067, 2774744668295, QTAgent32.exe, &lt;a class=success&gt;Playback - {26} [SUCCESS] SetValueAsEditBox "autotest" - "[MSAA, VisibleOnly]ControlType='Edit'"  &lt; Set via SendKeys &gt;
\0&lt;/a&gt;
W, 3504, 15, 2013/05/23, 16:10:00.628, 2774752697590, QTAgent32.exe, &lt;a class=success&gt;Playback - {27} [SUCCESS] MouseButtonClick - "[MSAA, VisibleOnly]ControlType='Button' &amp;&amp; Name='OK'"
\0&lt;/a&gt;
W, 3504, 15, 2013/05/23, 16:10:01.187, 2774760695499, QTAgent32.exe, &lt;a class=success&gt;Playback - {28} [SUCCESS] MouseButtonClick - "[MSAA, VisibleOnly]ControlType='Button' &amp;&amp; Name='Yes'"
\0&lt;/a&gt;
W, 3504, 15, 2013/05/23, 16:10:01.577, 2774766276973, QTAgent32.exe, &lt;a class=success&gt;Playback - {29} [SUCCESS] SendKeys "^{HOME}" - "[MSAA, VisibleOnly]ControlType='Edit'"
\0&lt;/a&gt;
E, 3504, 15, 2013/05/23, 16:10:01.577, 2774766280894, QTAgent32.exe, Msaa.GetFocusedElement: could not find accessible object of foreground window
W, 3504, 15, 2013/05/23, 16:10:01.640, 2774767179504, QTAgent32.exe, &lt;a class=success&gt;Playback - {30} [SUCCESS] SendKeys "^+{END}" - "[MSAA, VisibleOnly]ControlType='Edit'"
\0&lt;/a&gt;
E, 3504, 15, 2013/05/23, 16:10:01.640, 2774767183129, QTAgent32.exe, Msaa.GetFocusedElement: could not find accessible object of foreground window
W, 3504, 15, 2013/05/23, 16:10:01.662, 2774767501891, QTAgent32.exe, &lt;a class=success&gt;Playback - {31} [SUCCESS] SendKeys "{DELETE}" - "[MSAA, VisibleOnly]ControlType='Edit'"
\0&lt;/a&gt;
W, 3504, 15, 2013/05/23, 16:10:01.878, 2774770592494, QTAgent32.exe, &lt;a class=success&gt;Playback - {32} [SUCCESS] SetValueAsEditBox "1" - "[MSAA, VisibleOnly]ControlType='Edit'"  &lt; Set via SendKeys &gt;
\0&lt;/a&gt;
W, 3504, 15, 2013/05/23, 16:10:02.259, 2774776049490, QTAgent32.exe, &lt;a class=success&gt;Playback - {33} [SUCCESS] SendKeys "^{HOME}" - "[MSAA, VisibleOnly]ControlType='Edit'"
\0&lt;/a&gt;
E, 3504, 15, 2013/05/23, 16:10:02.259, 2774776052754, QTAgent32.exe, Msaa.GetFocusedElement: could not find accessible object of foreground window
W, 3504, 15, 2013/05/23, 16:10:02.327, 2774777016404, QTAgent32.exe, &lt;a class=success&gt;Playback - {34} [SUCCESS] SendKeys "^+{END}" - "[MSAA, VisibleOnly]ControlType='Edit'"
\0&lt;/a&gt;
E, 3504, 15, 2013/05/23, 16:10:02.327, 2774777019813, QTAgent32.exe, Msaa.GetFocusedElement: could not find accessible object of foreground window
W, 3504, 15, 2013/05/23, 16:10:02.342, 2774777239075, QTAgent32.exe, &lt;a class=success&gt;Playback - {35} [SUCCESS] SendKeys "{DELETE}" - "[MSAA, VisibleOnly]ControlType='Edit'"
\0&lt;/a&gt;
W, 3504, 15, 2013/05/23, 16:10:02.569, 2774780483290, QTAgent32.exe, &lt;a class=success&gt;Playback - {36} [SUCCESS] SetValueAsEditBox "1" - "[MSAA, VisibleOnly]ControlType='Edit'"  &lt; Set via SendKeys &gt;
\0&lt;/a&gt;
W, 3504, 15, 2013/05/23, 16:10:04.183, 2774803597224, QTAgent32.exe, Playback - [WARNING] Internal warning: Target element "[MSAA, VisibleOnly]ControlType='Button' &amp;&amp; Name='OK'" was not found, so all intermediate elements were ignored. An incorrect element that matches target element Id can be found as the result.  Verify that all intermediate elements in QueryId have valid and unique Ids
\0
W, 3504, 15, 2013/05/23, 16:10:04.720, 2774811286334, QTAgent32.exe, PERF WARNING: FindAllDescendents: took 2049 ms. Expected it to take maximum 500 ms.
W, 3504, 15, 2013/05/23, 16:10:05.051, 2774816014959, QTAgent32.exe, &lt;a class=success&gt;Playback - {37} [SUCCESS] MouseButtonClick - "[MSAA, VisibleOnly]ControlType='Button' &amp;&amp; Name='OK'"
\0&lt;/a&gt;
W, 3504, 15, 2013/05/23, 16:10:05.629, 2774824291629, QTAgent32.exe, &lt;a class=success&gt;Playback - {38} [SUCCESS] MouseButtonClick - "[MSAA, VisibleOnly]ControlType='Button'"
\0&lt;/a&gt;
W, 3504, 15, 2013/05/23, 16:10:06.090, 2774830897046, QTAgent32.exe, &lt;a class=success&gt;Playback - {39} [SUCCESS] MouseButtonClick - "[MSAA, VisibleOnly]ControlType='Button' &amp;&amp; Name='Add'"
\0&lt;/a&gt;
W, 3504, 15, 2013/05/23, 16:10:06.636, 2774838712364, QTAgent32.exe, &lt;a class=success&gt;Playback - {40} [SUCCESS] MouseButtonClick - "[MSAA, VisibleOnly]ControlType='Button' &amp;&amp; Name='OK'"
\0&lt;/a&gt;
W, 3504, 15, 2013/05/23, 16:10:08.899, 2774871121183, QTAgent32.exe, &lt;a class=success&gt;Playback - {41} [SUCCESS] MouseButtonClick - "[MSAA, VisibleOnly,Window]ControlType='Window' &amp;&amp; ClassName='ThunderRT6TextBox'"
\0&lt;/a&gt;
W, 3504, 15, 2013/05/23, 16:10:09.525, 2774880078868, QTAgent32.exe, &lt;a class=success&gt;Playback - {42} [SUCCESS] SetValueAsEditBox "MOTO" - "[MSAA, VisibleOnly]ControlType='Edit'"  &lt; Set via SendKeys &gt;
\0&lt;/a&gt;
W, 3504, 15, 2013/05/23, 16:10:09.879, 2774885145891, QTAgent32.exe, &lt;a class=success&gt;Playback - {43} [SUCCESS] MouseButtonClick - "[MSAA, VisibleOnly]ControlType='Button' &amp;&amp; Name='OK'"
\0&lt;/a&gt;
W, 3504, 15, 2013/05/23, 16:10:10.142, 2774888917887, QTAgent32.exe, &lt;a class=success&gt;Playback - {44} [SUCCESS] MouseButtonClick - "[MSAA, VisibleOnly]ControlType='Button' &amp;&amp; Name='Options'"
\0&lt;/a&gt;
W, 3504, 15, 2013/05/23, 16:10:10.273, 2774890788929, QTAgent32.exe, FindScreenElementInSinglePass : Attempting to find control in one pass of search. Failures can occur.
W, 3504, 15, 2013/05/23, 16:10:10.607, 2774895578588, QTAgent32.exe, &lt;a class=success&gt;Playback - {45} [SUCCESS] MouseButtonClick - "[MSAA]ControlType='MenuItem' &amp;&amp; Name='Links'"
\0&lt;/a&gt;
W, 3504, 15, 2013/05/23, 16:10:10.708, 2774897016284, QTAgent32.exe, FindScreenElementInSinglePass : Attempting to find control in one pass of search. Failures can occur.
W, 3504, 15, 2013/05/23, 16:10:11.025, 2774901565900, QTAgent32.exe, &lt;a class=success&gt;Playback - {46} [SUCCESS] MouseButtonClick - "[MSAA]ControlType='MenuItem' &amp;&amp; Name='3rd Party Integration'"
\0&lt;/a&gt;
W, 3504, 15, 2013/05/23, 16:10:11.126, 2774903003237, QTAgent32.exe, FindScreenElementInSinglePass : Attempting to find control in one pass of search. Failures can occur.
W, 3504, 15, 2013/05/23, 16:10:11.470, 2774907938244, QTAgent32.exe, &lt;a class=success&gt;Playback - {47} [SUCCESS] MouseButtonClick - "[MSAA]ControlType='MenuItem' &amp;&amp; Name='Quote Select List'"
\0&lt;/a&gt;
W, 3504, 15, 2013/05/23, 16:10:15.440, 2774964776528, QTAgent32.exe, PERF WARNING: FindTopLevelWindowHelper::FindAllDescendents: took 3864 ms. Expected it to take maximum 500 ms.
W, 3504, 15, 2013/05/23, 16:10:15.617, 2774967304787, QTAgent32.exe, &lt;a class=success&gt;Playback - {48} [SUCCESS] MouseButtonClick - "[MSAA, VisibleOnly]ControlType='Button' &amp;&amp; Name='Ok'"
\0&lt;/a&gt;
W, 3504, 15, 2013/05/23, 16:10:19.322, 2775020354387, QTAgent32.exe, PERF WARNING: FindTopLevelWindowHelper::FindAllDescendents: took 3589 ms. Expected it to take maximum 500 ms.
W, 3504, 15, 2013/05/23, 16:10:19.740, 2775026351988, QTAgent32.exe, &lt;a class=success&gt;Playback - {49} [SUCCESS] MouseButtonClick - "[MSAA, VisibleOnly]ControlType='Button' &amp;&amp; Name='Ok'"
\0&lt;/a&gt;
W, 3504, 15, 2013/05/23, 16:10:20.540, 2775037793891, QTAgent32.exe, &lt;a class=success&gt;Playback - {50} [SUCCESS] SetValueAsEditBox "Test" - "[MSAA, VisibleOnly]ControlType='Edit'"  &lt; Set via SendKeys &gt;
\0&lt;/a&gt;
W, 3504, 15, 2013/05/23, 16:10:20.933, 2775043420285, QTAgent32.exe, &lt;a class=success&gt;Playback - {51} [SUCCESS] SendKeys "{Tab}" - "[MSAA, VisibleOnly]ControlType='Edit'"
\0&lt;/a&gt;
W, 3504, 15, 2013/05/23, 16:10:21.935, 2775057768326, QTAgent32.exe, &lt;a class=success&gt;Playback - {52} [SUCCESS] SetValueAsEditBox "test" - "[MSAA, VisibleOnly]ControlType='Edit'"  &lt; Set via SendKeys &gt;
\0&lt;/a&gt;
W, 3504, 15, 2013/05/23, 16:10:22.649, 2775067999549, QTAgent32.exe, &lt;a class=success&gt;Playback - {53} [SUCCESS] SetValueAsEditBox "160485" - "[MSAA, VisibleOnly]ControlType='Edit'"  &lt; Set via SendKeys &gt;
\0&lt;/a&gt;
W, 3504, 15, 2013/05/23, 16:10:23.339, 2775077879798, QTAgent32.exe, &lt;a class=success&gt;Playback - {54} [SUCCESS] SetValueAsEditBox "B338TH" - "[MSAA, VisibleOnly]ControlType='Edit'"  &lt; Set via SendKeys &gt;
\0&lt;/a&gt;
W, 3504, 15, 2013/05/23, 16:10:26.325, 2775120630573, QTAgent32.exe, &lt;a class=success&gt;Playback - {55} [SUCCESS] MouseButtonClick - "[MSAA, VisibleOnly]ControlType='Button' &amp;&amp; Name='Lookup...'"
\0&lt;/a&gt;
W, 3504, 15, 2013/05/23, 16:10:26.585, 2775124346563, QTAgent32.exe, &lt;a class=success&gt;Playback - {56} [SUCCESS] MouseButtonClick - "[MSAA, VisibleOnly]ControlType='Button' &amp;&amp; Name='Ok'"
\0&lt;/a&gt;
W, 3504, 15, 2013/05/23, 16:10:28.523, 2775152102942, QTAgent32.exe, &lt;a class=success&gt;Playback - {57} [SUCCESS] MouseButtonClick - "[MSAA, VisibleOnly]ControlType='Button' &amp;&amp; Name='OK'"
\0&lt;/a&gt;
W, 3504, 15, 2013/05/23, 16:10:29.928, 2775172218027, QTAgent32.exe, Playback - [WARNING] Internal warning: Incorrect flag set for InvokeProgrammaticAction\0
W, 3504, 15, 2013/05/23, 16:10:30.050, 2775173965282, QTAgent32.exe, &lt;a class=success&gt;Playback - {58} [SUCCESS] SetValueAsComboBox "Account Executive" - "[MSAA, VisibleOnly]ControlType='ComboBox'"  &lt; SetValueAsComboBox, set by clicking on the item in the list box &gt;
\0&lt;/a&gt;
W, 3504, 15, 2013/05/23, 16:10:31.161, 2775189879314, QTAgent32.exe, Playback - [WARNING] Internal warning: Incorrect flag set for InvokeProgrammaticAction\0
W, 3504, 15, 2013/05/23, 16:10:31.282, 2775191604914, QTAgent32.exe, &lt;a class=success&gt;Playback - {59} [SUCCESS] SetValueAsComboBox "Acupuncture" - "[MSAA, VisibleOnly]ControlType='ComboBox'"  &lt; SetValueAsComboBox, set by clicking on the item in the list box &gt;
\0&lt;/a&gt;
W, 3504, 15, 2013/05/23, 16:10:32.377, 2775207274106, QTAgent32.exe, &lt;a class=success&gt;Playback - {60} [SUCCESS] SetValueAsEditBox "151101" - "[MSAA, VisibleOnly]ControlType='Edit'"  &lt; Set via SendKeys &gt;
\0&lt;/a&gt;
W, 3504, 15, 2013/05/23, 16:10:34.257, 2775234193525, QTAgent32.exe, &lt;a class=success&gt;Playback - {61} [SUCCESS] MouseButtonClick - "[MSAA, VisibleOnly]ControlType='Button' &amp;&amp; Name='OK'"
\0&lt;/a&gt;
W, 3504, 15, 2013/05/23, 16:10:35.394, 2775250477533, QTAgent32.exe, &lt;a class=success&gt;Playback - {62} [SUCCESS] SetValueAsEditBox "RF53OXL" - "[MSAA, VisibleOnly]ControlType='Edit'"  &lt; Set via SendKeys &gt;
\0&lt;/a&gt;
W, 3504, 15, 2013/05/23, 16:10:36.546, 2775266976034, QTAgent32.exe, &lt;a class=success&gt;Playback - {63} [SUCCESS] MouseButtonClick - "[MSAA, VisibleOnly]ControlType='Button' &amp;&amp; Name='Filter'"
\0&lt;/a&gt;
W, 3504, 15, 2013/05/23, 16:10:36.867, 2775271572715, QTAgent32.exe, &lt;a class=success&gt;Playback - {64} [SUCCESS] MouseButtonClick - "[MSAA, VisibleOnly]ControlType='Button' &amp;&amp; Name='OK'"
\0&lt;/a&gt;
W, 3504, 15, 2013/05/23, 16:10:37.659, 2775282912507, QTAgent32.exe, &lt;a class=success&gt;Playback - {65} [SUCCESS] SendKeys "^{HOME}" - "[MSAA, VisibleOnly]ControlType='Edit'"
\0&lt;/a&gt;
E, 3504, 15, 2013/05/23, 16:10:37.659, 2775282915908, QTAgent32.exe, Msaa.GetFocusedElement: could not find accessible object of foreground window
W, 3504, 15, 2013/05/23, 16:10:37.722, 2775283807243, QTAgent32.exe, &lt;a class=success&gt;Playback - {66} [SUCCESS] SendKeys "^+{END}" - "[MSAA, VisibleOnly]ControlType='Edit'"
\0&lt;/a&gt;
E, 3504, 15, 2013/05/23, 16:10:37.722, 2775283810055, QTAgent32.exe, Msaa.GetFocusedElement: could not find accessible object of foreground window
W, 3504, 15, 2013/05/23, 16:10:37.736, 2775284008504, QTAgent32.exe, &lt;a class=success&gt;Playback - {67} [SUCCESS] SendKeys "{DELETE}" - "[MSAA, VisibleOnly]ControlType='Edit'"
\0&lt;/a&gt;
W, 3504, 15, 2013/05/23, 16:10:38.241, 2775291247898, QTAgent32.exe, &lt;a class=success&gt;Playback - {68} [SUCCESS] SetValueAsEditBox "1000" - "[MSAA, VisibleOnly]ControlType='Edit'"  &lt; Set via SendKeys &gt;
\0&lt;/a&gt;
W, 3504, 15, 2013/05/23, 16:10:38.624, 2775296729093, QTAgent32.exe, &lt;a class=success&gt;Playback - {69} [SUCCESS] MouseButtonClick - "[MSAA, VisibleOnly]ControlType='Button' &amp;&amp; Name='Calculate Quote'"
\0&lt;/a&gt;
W, 3504, 15, 2013/05/23, 16:10:46.900, 2775415228133, QTAgent32.exe, Playback - [WARNING] Internal warning: Window Not Found: [VisibleOnly]ControlType='Window' &amp;&amp; Name='Quote Select List' &amp;&amp; ClassName='ThunderRT6FormDC'
\0
E, 3504, 15, 2013/05/23, 16:10:46.907, 2775415324684, QTAgent32.exe, &lt;a class=failure&gt;Playback - {70} [FAILED] Function ElementFetcher::FindScreenElement failed to locate UI element (Searching: ;[VisibleOnly]ControlType='Window' &amp;&amp; Name='Quote Select List' &amp;&amp; ClassName='ThunderRT6FormDC') (The object specified was not found.)
\0&lt;/a&gt;
E, 3504, 15, 2013/05/23, 16:10:47.196, 2775419470994, QTAgent32.exe, Playback - [IMAGE] C:\Users\testuser\AppData\Local\Temp\UITestLogs\LastRun\RPFBD71.png
\0
W, 3504, 15, 2013/05/23, 16:10:47.197, 2775419473717, QTAgent32.exe, Playback - [WARNING] Internal warning: Couldn't find descendants that match QueryId
\0
W, 3504, 15, 2013/05/23, 16:10:47.204, 2775419581758, QTAgent32.exe, PERF WARNING: FindTopLevelWindowHelper::FindAllDescendents: took 8466 ms. Expected it to take maximum 500 ms.
W, 3504, 15, 2013/05/23, 16:11:05.976, 2775688363965, QTAgent32.exe, Playback - [WARNING] Internal warning: Window Not Found: [VisibleOnly]ControlType='Window' &amp;&amp; Name='Quote Select List' &amp;&amp; ClassName='ThunderRT6FormDC'
\0
E, 3504, 15, 2013/05/23, 16:11:05.977, 2775688373692, QTAgent32.exe, &lt;a class=failure&gt;Playback - {71} [FAILED] Function ElementFetcher::FindScreenElement failed to locate UI element (Searching: ;[VisibleOnly]ControlType='Window' &amp;&amp; Name='Quote Select List' &amp;&amp; ClassName='ThunderRT6FormDC') (The object specified was not found.)
\0&lt;/a&gt;
E, 3504, 15, 2013/05/23, 16:11:06.070, 2775689710060, QTAgent32.exe, Playback - [IMAGE] C:\Users\testuser\AppData\Local\Temp\UITestLogs\LastRun\RPF7E9.png
\0
W, 3504, 15, 2013/05/23, 16:11:06.071, 2775689712688, QTAgent32.exe, Playback - [WARNING] Internal warning: Couldn't find descendants that match QueryId
\0
W, 3504, 15, 2013/05/23, 16:11:06.071, 2775689720323, QTAgent32.exe, PERF WARNING: FindTopLevelWindowHelper::FindAllDescendents: took 18842 ms. Expected it to take maximum 500 ms.
W, 3504, 15, 2013/05/23, 16:11:09.722, 2775741995329, QTAgent32.exe, Playback - [WARNING] Internal warning: Smart Match failed
\0
W, 3504, 15, 2013/05/23, 16:11:11.066, 2775761234934, QTAgent32.exe, Playback - [WARNING] Internal warning: Window Not Found: [VisibleOnly]ControlType='Window' &amp;&amp; Name='Quote Select List' &amp;&amp; ClassName='ThunderRT6FormDC'
\0
E, 3504, 15, 2013/05/23, 16:11:11.068, 2775761262987, QTAgent32.exe, &lt;a class=failure&gt;Playback - {72} [FAILED] Function ElementFetcher::FindScreenElement failed to locate UI element (Searching: ;[VisibleOnly]ControlType='Window' &amp;&amp; Name='Quote Select List' &amp;&amp; ClassName='ThunderRT6FormDC') (The object specified was not found.)
\0&lt;/a&gt;
E, 3504, 15, 2013/05/23, 16:11:11.164, 2775762640349, QTAgent32.exe, Playback - [IMAGE] C:\Users\testuser\AppData\Local\Temp\UITestLogs\LastRun\RPF1BD8.png
\0
W, 3504, 15, 2013/05/23, 16:11:11.164, 2775762642536, QTAgent32.exe, Playback - [WARNING] Internal warning: Couldn't find descendants that match QueryId
\0
W, 3504, 15, 2013/05/23, 16:11:11.164, 2775762649576, QTAgent32.exe, PERF WARNING: FindTopLevelWindowHelper::FindAllDescendents: took 5093 ms. Expected it to take maximum 500 ms.
E, 3504, 15, 2013/05/23, 16:11:11.165, 2775762652498, QTAgent32.exe, Exception: System.Runtime.InteropServices.COMException
	Message: Error HRESULT E_FAIL has been returned from a call to a COM component.
	Stack Trace:    at Microsoft.VisualStudio.TestTools.UITest.Playback.Engine.IRPFPlayback.FindAllScreenElements(IScreenElement pScreenElementStart, String bstrQueryId, Object&amp; pvarResKeys, Int32 cResKeys, Int32 nMaxDepth, Object[]&amp; foundDescendants)
   at Microsoft.VisualStudio.TestTools.UITest.Playback.ScreenElement.FindTopLevelWindowHelper(String queryId)
	BaseExceptionMessage: Error HRESULT E_FAIL has been returned from a call to a COM component.

E, 3504, 15, 2013/05/23, 16:11:11.583, 2775768642746, QTAgent32.exe, AL: Playback Error: Microsoft.VisualStudio.TestTools.UITest.Extension.UITestControlNotFoundException: The playback failed to find the control with the given search properties. Additional Details: 
TechnologyName:  'MSAA'
ControlType:  'Window'
Name:  'Quote Select List'
ClassName:  'ThunderRT6FormDC'
 ---&gt; System.Runtime.InteropServices.COMException: Error HRESULT E_FAIL has been returned from a call to a COM component.
   at Microsoft.VisualStudio.TestTools.UITest.Playback.Engine.IRPFPlayback.FindAllScreenElements(IScreenElement pScreenElementStart, String bstrQueryId, Object&amp; pvarResKeys, Int32 cResKeys, Int32 nMaxDepth, Object[]&amp; foundDescendants)
   at Microsoft.VisualStudio.TestTools.UITest.Playback.ScreenElement.FindTopLevelWindowHelper(String queryId)
   at Microsoft.VisualStudio.TestTools.UITest.Playback.ScreenElement.FindFromPartialQueryId(String queryId)
   at Microsoft.VisualStudio.TestTools.UITesting.UITestControl..ctor(String queryId)
   --- End of inner exception stack trace ---
   at Microsoft.VisualStudio.TestTools.UITesting.Playback.MapControlNotFoundException(COMException ex, IPlaybackContext context)
   at Microsoft.VisualStudio.TestTools.UITesting.Playback.MapAndThrowComException(COMException innerException, IPlaybackContext context)
   at Microsoft.VisualStudio.TestTools.UITesting.Playback.MapAndThrowException(SystemException exception, IPlaybackContext context)
   at Microsoft.VisualStudio.TestTools.UITesting.Playback.MapAndThrowException(SystemException exception, String queryId)
   at Microsoft.VisualStudio.TestTools.UITesting.UITestControl..ctor(String queryId)
   at Microsoft.VisualStudio.TestTools.UITesting.SearchHelper.SearchTopLevelWindow(ISearchArgument topLevelSearchArg, String topLevelElementQueryId)
   at Microsoft.VisualStudio.TestTools.UITesting.SearchHelper.GetTitleUpdatedTopLevelWindow(ISearchArgument topLevelSearchArg, String queryId, IList`1 windowTitles)
   at Microsoft.VisualStudio.TestTools.UITesting.SearchHelper.GetTopLevelElement(Boolean useCache, Boolean useCacheOnly, ISearchArgument searchArg, IList`1 windowTitles, Int32&amp; timeLeft)
   at Microsoft.VisualStudio.TestTools.UITesting.SearchHelper.GetElement(Boolean useCache, ISearchArgument searchArg)
   at Microsoft.VisualStudio.TestTools.UITesting.SearchHelper.Search(ISearchArgument searchArg)
   at Microsoft.VisualStudio.TestTools.UITesting.UITestControl.FindInternal()
   at Microsoft.VisualStudio.TestTools.UITesting.UITestControl.FindControlIfNecessary()
   at Microsoft.VisualStudio.TestTools.UITesting.UITestControl.Click(MouseButtons button, ModifierKeys modifierKeys, Point relativeCoordinates)
   at Microsoft.VisualStudio.TestTools.UITesting.Mouse.ClickImplementation(UITestControl control, MouseButtons button, ModifierKeys modifierKeys, Point relativeCoordinate)
   at Microsoft.VisualStudio.TestTools.UITesting.Mouse.ClickImplementationWrapper(UITestControl control, MouseButtons button, ModifierKeys modifierKeys, Point relativeCoordinate)
W, 3504, 15, 2013/05/23, 16:11:11.584, 2775768646966, QTAgent32.exe, PlaybackErrorHandler: Ignoring exception as ContinueOnError is set.
W, 3504, 15, 2013/05/23, 16:11:11.766, 2775771252039, QTAgent32.exe, &lt;a class=success&gt;Playback - {73} [SUCCESS] MouseButtonClick - "[MSAA, VisibleOnly]ControlType='Button' &amp;&amp; Name='No'"
\0&lt;/a&gt;
W, 3504, 15, 2013/05/23, 16:11:12.194, 2775777392123, QTAgent32.exe, &lt;a class=success&gt;Playback - {74} [SUCCESS] MouseButtonClick - "[MSAA, VisibleOnly]ControlType='Button' &amp;&amp; Name='Ok'"
\0&lt;/a&gt;
W, 3504, 15, 2013/05/23, 16:11:19.960, 2775888576152, QTAgent32.exe, PERF WARNING: FindTopLevelWindowHelper::FindAllDescendents: took 7659 ms. Expected it to take maximum 500 ms.
W, 3504, 15, 2013/05/23, 16:11:20.097, 2775890549249, QTAgent32.exe, &lt;a class=success&gt;Playback - {75} [SUCCESS] MouseButtonClick - "[MSAA, VisibleOnly]ControlType='Client'"
\0&lt;/a&gt;
W, 3504, 15, 2013/05/23, 16:11:22.052, 2775918545141, QTAgent32.exe, &lt;a class=success&gt;Playback - {76} [SUCCESS] SendKeys "{Home}" - "[MSAA, VisibleOnly]ControlType='Client'"
\0&lt;/a&gt;
W, 3504, 15, 2013/05/23, 16:11:25.505, 2775967980617, QTAgent32.exe, &lt;a class=success&gt;Playback - {77} [SUCCESS] MouseButtonClick - "[MSAA, VisibleOnly]ControlType='Button' &amp;&amp; Name='Accept'"
\0&lt;/a&gt;
W, 3504, 15, 2013/05/23, 16:11:26.183, 2775977686047, QTAgent32.exe, &lt;a class=success&gt;Playback - {78} [SUCCESS] MouseButtonClick - "[MSAA, VisibleOnly]ControlType='Button' &amp;&amp; Name='Yes'"
\0&lt;/a&gt;
W, 3504, 15, 2013/05/23, 16:11:26.566, 2775983174825, QTAgent32.exe, &lt;a class=success&gt;Playback - {79} [SUCCESS] MouseButtonClick - "[MSAA, VisibleOnly]ControlType='Button' &amp;&amp; Name='Ok'"
\0&lt;/a&gt;
W, 3504, 15, 2013/05/23, 16:11:26.850, 2775987241989, QTAgent32.exe, &lt;a class=success&gt;Playback - {80} [SUCCESS] MouseButtonClick - "[MSAA, VisibleOnly]ControlType='Button' &amp;&amp; Name='Ok'"
\0&lt;/a&gt;
W, 3504, 15, 2013/05/23, 16:11:27.333, 2775994143483, QTAgent32.exe, &lt;a class=success&gt;Playback - {81} [SUCCESS] MouseButtonClick - "[MSAA, VisibleOnly]ControlType='Button' &amp;&amp; Name='Confirm'"
\0&lt;/a&gt;
W, 3504, 15, 2013/05/23, 16:12:01.334, 2776480993219, QTAgent32.exe, Playback - [WARNING] Internal warning: Window Not Found: [VisibleOnly]ControlType='Window' &amp;&amp; Name='Save the file as' &amp;&amp; ClassName='#32770'
\0
E, 3504, 15, 2013/05/23, 16:12:01.335, 2776481002941, QTAgent32.exe, &lt;a class=failure&gt;Playback - {82} [FAILED] Function ElementFetcher::FindScreenElement failed to locate UI element (Searching: ;[VisibleOnly]ControlType='Window' &amp;&amp; Name='Save the file as' &amp;&amp; ClassName='#32770') (The object specified was not found.)
\0&lt;/a&gt;
E, 3504, 15, 2013/05/23, 16:12:01.563, 2776484260484, QTAgent32.exe, Playback - [IMAGE] C:\Users\testuser\AppData\Local\Temp\UITestLogs\LastRun\RPFE030.png
\0
W, 3504, 15, 2013/05/23, 16:12:01.563, 2776484265064, QTAgent32.exe, Playback - [WARNING] Internal warning: Couldn't find descendants that match QueryId
\0
W, 3504, 15, 2013/05/23, 16:12:01.565, 2776484294868, QTAgent32.exe, PERF WARNING: FindTopLevelWindowHelper::FindAllDescendents: took 34129 ms. Expected it to take maximum 500 ms.
W, 3504, 15, 2013/05/23, 16:12:21.072, 2776763603156, QTAgent32.exe, Playback - [WARNING] Internal warning: Window Not Found: [VisibleOnly]ControlType='Window' &amp;&amp; Name='Save the file as' &amp;&amp; ClassName='#32770'
\0
E, 3504, 15, 2013/05/23, 16:12:21.073, 2776763611155, QTAgent32.exe, &lt;a class=failure&gt;Playback - {83} [FAILED] Function ElementFetcher::FindScreenElement failed to locate UI element (Searching: ;[VisibleOnly]ControlType='Window' &amp;&amp; Name='Save the file as' &amp;&amp; ClassName='#32770') (The object specified was not found.)
\0&lt;/a&gt;
E, 3504, 15, 2013/05/23, 16:12:21.191, 2776765296067, QTAgent32.exe, Playback - [IMAGE] C:\Users\testuser\AppData\Local\Temp\UITestLogs\LastRun\RPF2D47.png
\0
W, 3504, 15, 2013/05/23, 16:12:21.191, 2776765304100, QTAgent32.exe, Playback - [WARNING] Internal warning: Couldn't find descendants that match QueryId
\0
W, 3504, 15, 2013/05/23, 16:12:21.192, 2776765314062, QTAgent32.exe, PERF WARNING: FindTopLevelWindowHelper::FindAllDescendents: took 19625 ms. Expected it to take maximum 500 ms.
W, 3504, 15, 2013/05/23, 16:12:24.087, 2776806766171, QTAgent32.exe, Playback - [WARNING] Internal warning: Smart Match failed
\0
W, 3504, 15, 2013/05/23, 16:12:25.315, 2776824351253, QTAgent32.exe, Playback - [WARNING] Internal warning: Window Not Found: [VisibleOnly]ControlType='Window' &amp;&amp; Name='Save the file as' &amp;&amp; ClassName='#32770'
\0
E, 3504, 15, 2013/05/23, 16:12:25.315, 2776824355267, QTAgent32.exe, &lt;a class=failure&gt;Playback - {84} [FAILED] Function ElementFetcher::FindScreenElement failed to locate UI element (Searching: ;[VisibleOnly]ControlType='Window' &amp;&amp; Name='Save the file as' &amp;&amp; ClassName='#32770') (The object specified was not found.)
\0&lt;/a&gt;
E, 3504, 15, 2013/05/23, 16:12:25.398, 2776825541240, QTAgent32.exe, Playback - [IMAGE] C:\Users\testuser\AppData\Local\Temp\UITestLogs\LastRun\RPF3DDB.png
\0
W, 3504, 15, 2013/05/23, 16:12:25.398, 2776825543871, QTAgent32.exe, Playback - [WARNING] Internal warning: Couldn't find descendants that match QueryId
\0
W, 3504, 15, 2013/05/23, 16:12:25.399, 2776825547173, QTAgent32.exe, PERF WARNING: FindTopLevelWindowHelper::FindAllDescendents: took 4206 ms. Expected it to take maximum 500 ms.
E, 3504, 15, 2013/05/23, 16:12:25.399, 2776825549069, QTAgent32.exe, Exception: System.Runtime.InteropServices.COMException
	Message: Error HRESULT E_FAIL has been returned from a call to a COM component.
	Stack Trace:    at Microsoft.VisualStudio.TestTools.UITest.Playback.Engine.IRPFPlayback.FindAllScreenElements(IScreenElement pScreenElementStart, String bstrQueryId, Object&amp; pvarResKeys, Int32 cResKeys, Int32 nMaxDepth, Object[]&amp; foundDescendants)
   at Microsoft.VisualStudio.TestTools.UITest.Playback.ScreenElement.FindTopLevelWindowHelper(String queryId)
	BaseExceptionMessage: Error HRESULT E_FAIL has been returned from a call to a COM component.

E, 3504, 15, 2013/05/23, 16:12:25.500, 2776827001142, QTAgent32.exe, AL: Playback Error: Microsoft.VisualStudio.TestTools.UITest.Extension.UITestControlNotFoundException: The playback failed to find the control with the given search properties. Additional Details: 
TechnologyName:  'MSAA'
ControlType:  'Window'
Name:  'Save the file as'
ClassName:  '#32770'
 ---&gt; System.Runtime.InteropServices.COMException: Error HRESULT E_FAIL has been returned from a call to a COM component.
   at Microsoft.VisualStudio.TestTools.UITest.Playback.Engine.IRPFPlayback.FindAllScreenElements(IScreenElement pScreenElementStart, String bstrQueryId, Object&amp; pvarResKeys, Int32 cResKeys, Int32 nMaxDepth, Object[]&amp; foundDescendants)
   at Microsoft.VisualStudio.TestTools.UITest.Playback.ScreenElement.FindTopLevelWindowHelper(String queryId)
   at Microsoft.VisualStudio.TestTools.UITest.Playback.ScreenElement.FindFromPartialQueryId(String queryId)
   at Microsoft.VisualStudio.TestTools.UITesting.UITestControl..ctor(String queryId)
   --- End of inner exception stack trace ---
   at Microsoft.VisualStudio.TestTools.UITesting.Playback.MapControlNotFoundException(COMException ex, IPlaybackContext context)
   at Microsoft.VisualStudio.TestTools.UITesting.Playback.MapAndThrowComException(COMException innerException, IPlaybackContext context)
   at Microsoft.VisualStudio.TestTools.UITesting.Playback.MapAndThrowException(SystemException exception, IPlaybackContext context)
   at Microsoft.VisualStudio.TestTools.UITesting.Playback.MapAndThrowException(SystemException exception, String queryId)
   at Microsoft.VisualStudio.TestTools.UITesting.UITestControl..ctor(String queryId)
   at Microsoft.VisualStudio.TestTools.UITesting.SearchHelper.SearchTopLevelWindow(ISearchArgument topLevelSearchArg, String topLevelElementQueryId)
   at Microsoft.VisualStudio.TestTools.UITesting.SearchHelper.GetTitleUpdatedTopLevelWindow(ISearchArgument topLevelSearchArg, String queryId, IList`1 windowTitles)
   at Microsoft.VisualStudio.TestTools.UITesting.SearchHelper.GetTopLevelElement(Boolean useCache, Boolean useCacheOnly, ISearchArgument searchArg, IList`1 windowTitles, Int32&amp; timeLeft)
   at Microsoft.VisualStudio.TestTools.UITesting.SearchHelper.GetElement(Boolean useCache, ISearchArgument searchArg)
   at Microsoft.VisualStudio.TestTools.UITesting.SearchHelper.Search(ISearchArgument searchArg)
   at Microsoft.VisualStudio.TestTools.UITesting.UITestControl.FindInternal()
   at Microsoft.VisualStudio.TestTools.UITesting.UITestControl.FindControlIfNecessary()
   at Microsoft.VisualStudio.TestTools.UITesting.UITestControl.Click(MouseButtons button, ModifierKeys modifierKeys, Point relativeCoordinates)
   at Microsoft.VisualStudio.TestTools.UITesting.Mouse.ClickImplementation(UITestControl control, MouseButtons button, ModifierKeys modifierKeys, Point relativeCoordinate)
   at Microsoft.VisualStudio.TestTools.UITesting.Mouse.ClickImplementationWrapper(UITestControl control, MouseButtons button, ModifierKeys modifierKeys, Point relativeCoordinate)
W, 3504, 15, 2013/05/23, 16:12:25.500, 2776827004886, QTAgent32.exe, PlaybackErrorHandler: Ignoring exception as ContinueOnError is set.
W, 3504, 15, 2013/05/23, 16:12:25.738, 2776830401035, QTAgent32.exe, &lt;a class=success&gt;Playback - {85} [SUCCESS] Check - "[MSAA, VisibleOnly]ControlType='CheckBox' &amp;&amp; Name='Defer Printing?'"
\0&lt;/a&gt;
W, 3504, 15, 2013/05/23, 16:12:26.288, 2776838278033, QTAgent32.exe, &lt;a class=success&gt;Playback - {86} [SUCCESS] MouseButtonClick - "[MSAA, VisibleOnly]ControlType='Button' &amp;&amp; Name='Ok'"
\0&lt;/a&gt;
W, 3504, 15, 2013/05/23, 16:12:28.833, 2776874727348, QTAgent32.exe, PERF WARNING: FindTopLevelWindowHelper::FindAllDescendents: took 2444 ms. Expected it to take maximum 500 ms.
W, 3504, 15, 2013/05/23, 16:12:28.983, 2776876868784, QTAgent32.exe, &lt;a class=success&gt;Playback - {87} [SUCCESS] Uncheck - "[MSAA, VisibleOnly]ControlType='CheckBox' &amp;&amp; Name='Add Activity'"
\0&lt;/a&gt;
W, 3504, 15, 2013/05/23, 16:12:31.445, 2776912113138, QTAgent32.exe, &lt;a class=success&gt;Playback - {88} [SUCCESS] MouseButtonClick - "[MSAA, VisibleOnly]ControlType='Button' &amp;&amp; Name='Ok'"
\0&lt;/a&gt;
W, 3504, 15, 2013/05/23, 16:12:31.694, 2776915686894, QTAgent32.exe, &lt;a class=success&gt;Playback - {89} [SUCCESS] MouseButtonClick - "[MSAA, VisibleOnly]ControlType='Button' &amp;&amp; Name='Ok'"
\0&lt;/a&gt;
W, 3504, 15, 2013/05/23, 16:12:36.779, 2776988492966, QTAgent32.exe, PERF WARNING: FindTopLevelWindowHelper::FindAllDescendents: took 4984 ms. Expected it to take maximum 500 ms.
W, 3504, 15, 2013/05/23, 16:12:38.947, 2777019527553, QTAgent32.exe, &lt;a class=success&gt;Playback - {90} [SUCCESS] MouseButtonClick - "[MSAA, VisibleOnly]ControlType='Button' &amp;&amp; Name='OK'"
\0&lt;/a&gt;
W, 3504, 15, 2013/05/23, 16:12:39.302, 2777024613512, QTAgent32.exe, &lt;a class=success&gt;Playback - {91} [SUCCESS] MouseButtonClick - "[MSAA, VisibleOnly]ControlType='Button' &amp;&amp; Name='Cancel'"
\0&lt;/a&gt;
W, 3504, 15, 2013/05/23, 16:12:39.720, 2777030607407, QTAgent32.exe, &lt;a class=success&gt;Playback - {92} [SUCCESS] MouseButtonClick - "[MSAA, VisibleOnly]ControlType='Button'"
\0&lt;/a&gt;
W, 3504, 15, 2013/05/23, 16:12:40.351, 2777039631372, QTAgent32.exe, &lt;a class=success&gt;Playback - {93} [SUCCESS] MouseButtonClick - "[MSAA, VisibleOnly]ControlType='Button' &amp;&amp; Name='Detail'"
\0&lt;/a&gt;
W, 3504, 15, 2013/05/23, 16:12:40.734, 2777045128828, QTAgent32.exe, Playback - [WARNING] Internal warning: Window Not Found: [VisibleOnly]ControlType='Window' &amp;&amp; Name='Policy: rty ert' &amp;&amp; ClassName='ThunderRT6MDIForm'
\0
E, 3504, 15, 2013/05/23, 16:12:40.735, 2777045139674, QTAgent32.exe, &lt;a class=failure&gt;Playback - {94} [FAILED] Function ElementFetcher::FindScreenElement failed to locate UI element (Searching: ;[VisibleOnly]ControlType='Window' &amp;&amp; Name='Policy: rty ert' &amp;&amp; ClassName='ThunderRT6MDIForm') (The object specified was not found.)
\0&lt;/a&gt;
E, 3504, 15, 2013/05/23, 16:12:40.821, 2777046374515, QTAgent32.exe, Playback - [IMAGE] C:\Users\testuser\AppData\Local\Temp\UITestLogs\LastRun\RPF7A11.png
\0
W, 3504, 15, 2013/05/23, 16:12:40.822, 2777046378438, QTAgent32.exe, Playback - [WARNING] Internal warning: Couldn't find descendants that match QueryId
\0
W, 3504, 15, 2013/05/23, 16:12:58.854, 2777304570953, QTAgent32.exe, Playback - [WARNING] Internal warning: Window Not Found: [VisibleOnly]ControlType='Window' &amp;&amp; Name='Policy: rty ert' &amp;&amp; ClassName='ThunderRT6MDIForm'
\0
E, 3504, 15, 2013/05/23, 16:12:58.855, 2777304577258, QTAgent32.exe, &lt;a class=failure&gt;Playback - {95} [FAILED] Function ElementFetcher::FindScreenElement failed to locate UI element (Searching: ;[VisibleOnly]ControlType='Window' &amp;&amp; Name='Policy: rty ert' &amp;&amp; ClassName='ThunderRT6MDIForm') (The object specified was not found.)
\0&lt;/a&gt;
E, 3504, 15, 2013/05/23, 16:12:58.934, 2777305715453, QTAgent32.exe, Playback - [IMAGE] C:\Users\testuser\AppData\Local\Temp\UITestLogs\LastRun\RPFC0E2.png
\0
W, 3504, 15, 2013/05/23, 16:12:58.935, 2777305718119, QTAgent32.exe, Playback - [WARNING] Internal warning: Couldn't find descendants that match QueryId
\0
W, 3504, 15, 2013/05/23, 16:12:58.935, 2777305725150, QTAgent32.exe, PERF WARNING: FindTopLevelWindowHelper::FindAllDescendents: took 18112 ms. Expected it to take maximum 500 ms.
W, 3504, 15, 2013/05/23, 16:12:59.575, 2777314891340, QTAgent32.exe, Playback - [WARNING] Internal warning: Window with Class "ThunderRT6MDIForm" and Title "Policy: rty ert" was not found, so similar window with Class "ThunderRT6MDIForm" and Title "Policy: autotest" was accepted
\0
W, 3504, 15, 2013/05/23, 16:12:59.576, 2777314896641, QTAgent32.exe, PERF WARNING: FindTopLevelWindowHelper::FindAllDescendents: took 640 ms. Expected it to take maximum 500 ms.
W, 3504, 15, 2013/05/23, 16:12:59.715, 2777316888875, QTAgent32.exe, &lt;a class=success&gt;Playback - {96} [SUCCESS] MouseButtonClick - "[MSAA, VisibleOnly]ControlType='Edit'"
\0&lt;/a&gt;
W, 3504, 15, 2013/05/23, 16:13:03.732, 2777374408314, QTAgent32.exe, IEDOM : StopSession of the plugin called before StartSession
W, 3504, 15, 2013/05/23, 16:13:03.732, 2777374410709, QTAgent32.exe, UIA : StopSession of the plugin called before StartSession
</DebugTrace>
      </Output>
    </UnitTestResult>
    <UnitTestResult executionId="c7232999-8c83-420b-9325-47f32684921f" testId="66f48222-41fe-53f5-f9cb-ee9b86bb6e8b" testName="MotoSaveQuoteWithoutPremium" computerName="ICLVDEVTM02" duration="00:02:31.9180842" startTime="2013-05-23T16:13:04.4243455+01:00" endTime="2013-05-23T16:15:36.4641521+01:00" testType="13cdc9d9-ddb5-4fa4-a97d-d965ccfc6d4b" outcome="Failed" testListId="8c84fa94-04c1-424b-9868-57a2d4851a1d" relativeResultsDirectory="c7232999-8c83-420b-9325-47f32684921f">
      <Output>
        <DebugTrace>W, 3504, 24, 2013/05/23, 16:13:10.916, 2777477266182, QTAgent32.exe, &lt;a class=success&gt;Playback - {1} [SUCCESS] MouseButtonClick - "[MSAA, VisibleOnly]ControlType='Edit'"
\0&lt;/a&gt;
W, 3504, 24, 2013/05/23, 16:13:11.282, 2777482509114, QTAgent32.exe, &lt;a class=success&gt;Playback - {2} [SUCCESS] SendKeys "[*]" - "[MSAA, VisibleOnly]ControlType='Edit'"
\0&lt;/a&gt;
W, 3504, 24, 2013/05/23, 16:13:12.059, 2777493635163, QTAgent32.exe, &lt;a class=success&gt;Playback - {3} [SUCCESS] MouseButtonClick - "[MSAA, VisibleOnly]ControlType='Button' &amp;&amp; Name='OK'"
\0&lt;/a&gt;
W, 3504, 24, 2013/05/23, 16:13:12.596, 2777501322123, QTAgent32.exe, &lt;a class=success&gt;Playback - {4} [SUCCESS] SendKeys "^{HOME}" - "[MSAA, VisibleOnly]ControlType='Edit'"
\0&lt;/a&gt;
E, 3504, 24, 2013/05/23, 16:13:12.596, 2777501330115, QTAgent32.exe, Msaa.GetFocusedElement: could not find accessible object of foreground window
W, 3504, 24, 2013/05/23, 16:13:12.709, 2777502941006, QTAgent32.exe, &lt;a class=success&gt;Playback - {5} [SUCCESS] SendKeys "^+{END}" - "[MSAA, VisibleOnly]ControlType='Edit'"
\0&lt;/a&gt;
E, 3504, 24, 2013/05/23, 16:13:12.710, 2777502962460, QTAgent32.exe, Msaa.GetFocusedElement: could not find accessible object of foreground window
W, 3504, 24, 2013/05/23, 16:13:12.777, 2777503914233, QTAgent32.exe, &lt;a class=success&gt;Playback - {6} [SUCCESS] SendKeys "{DELETE}" - "[MSAA, VisibleOnly]ControlType='Edit'"
\0&lt;/a&gt;
W, 3504, 24, 2013/05/23, 16:13:13.245, 2777510625237, QTAgent32.exe, &lt;a class=success&gt;Playback - {7} [SUCCESS] SetValueAsEditBox "23/05/2013" - "[MSAA, VisibleOnly]ControlType='Edit'"  &lt; Set via SendKeys &gt;
\0&lt;/a&gt;
W, 3504, 24, 2013/05/23, 16:13:13.980, 2777521141722, QTAgent32.exe, Playback - [WARNING] Internal warning: Incorrect flag set for InvokeProgrammaticAction\0
W, 3504, 24, 2013/05/23, 16:13:14.117, 2777523105198, QTAgent32.exe, &lt;a class=success&gt;Playback - {8} [SUCCESS] SetValueAsComboBox "May" - "[MSAA, VisibleOnly]ControlType='ComboBox'"  &lt; SetValueAsComboBox, set by clicking on the item in the list box &gt;
\0&lt;/a&gt;
W, 3504, 24, 2013/05/23, 16:13:14.384, 2777526921569, QTAgent32.exe, &lt;a class=success&gt;Playback - {9} [SUCCESS] SendKeys "^{HOME}" - "[MSAA, VisibleOnly]ControlType='Edit'"
\0&lt;/a&gt;
E, 3504, 24, 2013/05/23, 16:13:14.384, 2777526924943, QTAgent32.exe, Msaa.GetFocusedElement: could not find accessible object of foreground window
W, 3504, 24, 2013/05/23, 16:13:14.439, 2777527709532, QTAgent32.exe, &lt;a class=success&gt;Playback - {10} [SUCCESS] SendKeys "^+{END}" - "[MSAA, VisibleOnly]ControlType='Edit'"
\0&lt;/a&gt;
E, 3504, 24, 2013/05/23, 16:13:14.439, 2777527713798, QTAgent32.exe, Msaa.GetFocusedElement: could not find accessible object of foreground window
W, 3504, 24, 2013/05/23, 16:13:14.457, 2777527967488, QTAgent32.exe, &lt;a class=success&gt;Playback - {11} [SUCCESS] SendKeys "{DELETE}" - "[MSAA, VisibleOnly]ControlType='Edit'"
\0&lt;/a&gt;
W, 3504, 24, 2013/05/23, 16:13:14.663, 2777530924260, QTAgent32.exe, &lt;a class=success&gt;Playback - {12} [SUCCESS] SetValueAsEditBox "2013" - "[MSAA, VisibleOnly]ControlType='Edit'"  &lt; Set via SendKeys &gt;
\0&lt;/a&gt;
W, 3504, 24, 2013/05/23, 16:13:15.321, 2777540350595, QTAgent32.exe, &lt;a class=success&gt;Playback - {13} [SUCCESS] MouseButtonClick - "[MSAA, VisibleOnly]ControlType='Button' &amp;&amp; Name='OK'"
\0&lt;/a&gt;
W, 3504, 24, 2013/05/23, 16:13:16.086, 2777551304478, QTAgent32.exe, Playback - [WARNING] Internal warning: Window Not Found: [VisibleOnly]ControlType='Window' &amp;&amp; Name='Warning' &amp;&amp; ClassName='#32770'
\0
E, 3504, 24, 2013/05/23, 16:13:16.087, 2777551308959, QTAgent32.exe, &lt;a class=failure&gt;Playback - {14} [FAILED] Function ElementFetcher::FindScreenElement failed to locate UI element (Searching: ;[VisibleOnly]ControlType='Window' &amp;&amp; Name='Warning' &amp;&amp; ClassName='#32770') (The object specified was not found.)
\0&lt;/a&gt;
E, 3504, 24, 2013/05/23, 16:13:16.179, 2777552631585, QTAgent32.exe, Playback - [IMAGE] C:\Users\testuser\AppData\Local\Temp\UITestLogs\LastRun\RPF439.png
\0
W, 3504, 24, 2013/05/23, 16:13:16.179, 2777552633881, QTAgent32.exe, Playback - [WARNING] Internal warning: Couldn't find descendants that match QueryId
\0
W, 3504, 24, 2013/05/23, 16:13:16.180, 2777552637080, QTAgent32.exe, PERF WARNING: FindTopLevelWindowHelper::FindAllDescendents: took 754 ms. Expected it to take maximum 500 ms.
W, 3504, 24, 2013/05/23, 16:13:34.241, 2777811241644, QTAgent32.exe, Playback - [WARNING] Internal warning: Window Not Found: [VisibleOnly]ControlType='Window' &amp;&amp; Name='Warning' &amp;&amp; ClassName='#32770'
\0
E, 3504, 24, 2013/05/23, 16:13:34.241, 2777811246185, QTAgent32.exe, &lt;a class=failure&gt;Playback - {15} [FAILED] Function ElementFetcher::FindScreenElement failed to locate UI element (Searching: ;[VisibleOnly]ControlType='Window' &amp;&amp; Name='Warning' &amp;&amp; ClassName='#32770') (The object specified was not found.)
\0&lt;/a&gt;
E, 3504, 24, 2013/05/23, 16:13:34.332, 2777812539380, QTAgent32.exe, Playback - [IMAGE] C:\Users\testuser\AppData\Local\Temp\UITestLogs\LastRun\RPF4B19.png
\0
W, 3504, 24, 2013/05/23, 16:13:34.332, 2777812541884, QTAgent32.exe, Playback - [WARNING] Internal warning: Couldn't find descendants that match QueryId
\0
W, 3504, 24, 2013/05/23, 16:13:34.332, 2777812545612, QTAgent32.exe, PERF WARNING: FindTopLevelWindowHelper::FindAllDescendents: took 18152 ms. Expected it to take maximum 500 ms.
W, 3504, 24, 2013/05/23, 16:13:34.811, 2777819411196, QTAgent32.exe, Playback - [WARNING] Internal warning: Smart Match failed
\0
W, 3504, 24, 2013/05/23, 16:13:34.969, 2777821667592, QTAgent32.exe, Playback - [WARNING] Internal warning: Smart Match failed
\0
W, 3504, 24, 2013/05/23, 16:13:35.125, 2777823908147, QTAgent32.exe, Playback - [WARNING] Internal warning: Smart Match failed
\0
W, 3504, 24, 2013/05/23, 16:13:35.282, 2777826145457, QTAgent32.exe, Playback - [WARNING] Internal warning: Smart Match failed
\0
W, 3504, 24, 2013/05/23, 16:13:35.436, 2777828358856, QTAgent32.exe, Playback - [WARNING] Internal warning: Smart Match failed
\0
W, 3504, 24, 2013/05/23, 16:13:35.621, 2777830998817, QTAgent32.exe, Playback - [WARNING] Internal warning: Smart Match failed
\0
W, 3504, 24, 2013/05/23, 16:13:35.776, 2777833224832, QTAgent32.exe, Playback - [WARNING] Internal warning: Smart Match failed
\0
W, 3504, 24, 2013/05/23, 16:13:35.933, 2777835465704, QTAgent32.exe, Playback - [WARNING] Internal warning: Smart Match failed
\0
W, 3504, 24, 2013/05/23, 16:13:36.087, 2777837681380, QTAgent32.exe, Playback - [WARNING] Internal warning: Smart Match failed
\0
W, 3504, 24, 2013/05/23, 16:13:36.244, 2777839928137, QTAgent32.exe, Playback - [WARNING] Internal warning: Smart Match failed
\0
W, 3504, 24, 2013/05/23, 16:13:36.400, 2777842165927, QTAgent32.exe, Playback - [WARNING] Internal warning: Smart Match failed
\0
W, 3504, 24, 2013/05/23, 16:13:36.557, 2777844411497, QTAgent32.exe, Playback - [WARNING] Internal warning: Smart Match failed
\0
W, 3504, 24, 2013/05/23, 16:13:36.720, 2777846747673, QTAgent32.exe, Playback - [WARNING] Internal warning: Smart Match failed
\0
W, 3504, 24, 2013/05/23, 16:13:36.880, 2777849029901, QTAgent32.exe, Playback - [WARNING] Internal warning: Smart Match failed
\0
W, 3504, 24, 2013/05/23, 16:13:37.036, 2777851260716, QTAgent32.exe, Playback - [WARNING] Internal warning: Smart Match failed
\0
W, 3504, 24, 2013/05/23, 16:13:37.192, 2777853495436, QTAgent32.exe, Playback - [WARNING] Internal warning: Smart Match failed
\0
W, 3504, 24, 2013/05/23, 16:13:37.346, 2777855701027, QTAgent32.exe, Playback - [WARNING] Internal warning: Smart Match failed
\0
W, 3504, 24, 2013/05/23, 16:13:37.390, 2777856330798, QTAgent32.exe, Playback - [WARNING] Internal warning: Window Not Found: [VisibleOnly]ControlType='Window' &amp;&amp; Name='Warning' &amp;&amp; ClassName='#32770'
\0
E, 3504, 24, 2013/05/23, 16:13:37.390, 2777856333896, QTAgent32.exe, &lt;a class=failure&gt;Playback - {16} [FAILED] Function ElementFetcher::FindScreenElement failed to locate UI element (Searching: ;[VisibleOnly]ControlType='Window' &amp;&amp; Name='Warning' &amp;&amp; ClassName='#32770') (The object specified was not found.)
\0&lt;/a&gt;
E, 3504, 24, 2013/05/23, 16:13:37.486, 2777857696309, QTAgent32.exe, Playback - [IMAGE] C:\Users\testuser\AppData\Local\Temp\UITestLogs\LastRun\RPF5769.png
\0
W, 3504, 24, 2013/05/23, 16:13:37.486, 2777857698874, QTAgent32.exe, Playback - [WARNING] Internal warning: Couldn't find descendants that match QueryId
\0
W, 3504, 24, 2013/05/23, 16:13:37.486, 2777857701724, QTAgent32.exe, PERF WARNING: FindTopLevelWindowHelper::FindAllDescendents: took 3153 ms. Expected it to take maximum 500 ms.
E, 3504, 24, 2013/05/23, 16:13:37.486, 2777857703939, QTAgent32.exe, Exception: System.Runtime.InteropServices.COMException
	Message: Error HRESULT E_FAIL has been returned from a call to a COM component.
	Stack Trace:    at Microsoft.VisualStudio.TestTools.UITest.Playback.Engine.IRPFPlayback.FindAllScreenElements(IScreenElement pScreenElementStart, String bstrQueryId, Object&amp; pvarResKeys, Int32 cResKeys, Int32 nMaxDepth, Object[]&amp; foundDescendants)
   at Microsoft.VisualStudio.TestTools.UITest.Playback.ScreenElement.FindTopLevelWindowHelper(String queryId)
	BaseExceptionMessage: Error HRESULT E_FAIL has been returned from a call to a COM component.

E, 3504, 24, 2013/05/23, 16:13:37.659, 2777860179254, QTAgent32.exe, AL: Playback Error: Microsoft.VisualStudio.TestTools.UITest.Extension.UITestControlNotFoundException: The playback failed to find the control with the given search properties. Additional Details: 
TechnologyName:  'MSAA'
ControlType:  'Window'
Name:  'Warning'
ClassName:  '#32770'
 ---&gt; System.Runtime.InteropServices.COMException: Error HRESULT E_FAIL has been returned from a call to a COM component.
   at Microsoft.VisualStudio.TestTools.UITest.Playback.Engine.IRPFPlayback.FindAllScreenElements(IScreenElement pScreenElementStart, String bstrQueryId, Object&amp; pvarResKeys, Int32 cResKeys, Int32 nMaxDepth, Object[]&amp; foundDescendants)
   at Microsoft.VisualStudio.TestTools.UITest.Playback.ScreenElement.FindTopLevelWindowHelper(String queryId)
   at Microsoft.VisualStudio.TestTools.UITest.Playback.ScreenElement.FindFromPartialQueryId(String queryId)
   at Microsoft.VisualStudio.TestTools.UITesting.UITestControl..ctor(String queryId)
   --- End of inner exception stack trace ---
   at Microsoft.VisualStudio.TestTools.UITesting.Playback.MapControlNotFoundException(COMException ex, IPlaybackContext context)
   at Microsoft.VisualStudio.TestTools.UITesting.Playback.MapAndThrowComException(COMException innerException, IPlaybackContext context)
   at Microsoft.VisualStudio.TestTools.UITesting.Playback.MapAndThrowException(SystemException exception, IPlaybackContext context)
   at Microsoft.VisualStudio.TestTools.UITesting.Playback.MapAndThrowException(SystemException exception, String queryId)
   at Microsoft.VisualStudio.TestTools.UITesting.UITestControl..ctor(String queryId)
   at Microsoft.VisualStudio.TestTools.UITesting.SearchHelper.SearchTopLevelWindow(ISearchArgument topLevelSearchArg, String topLevelElementQueryId)
   at Microsoft.VisualStudio.TestTools.UITesting.SearchHelper.GetTitleUpdatedTopLevelWindow(ISearchArgument topLevelSearchArg, String queryId, IList`1 windowTitles)
   at Microsoft.VisualStudio.TestTools.UITesting.SearchHelper.GetTopLevelElement(Boolean useCache, Boolean useCacheOnly, ISearchArgument searchArg, IList`1 windowTitles, Int32&amp; timeLeft)
   at Microsoft.VisualStudio.TestTools.UITesting.SearchHelper.GetElement(Boolean useCache, ISearchArgument searchArg)
   at Microsoft.VisualStudio.TestTools.UITesting.SearchHelper.Search(ISearchArgument searchArg)
   at Microsoft.VisualStudio.TestTools.UITesting.UITestControl.FindInternal()
   at Microsoft.VisualStudio.TestTools.UITesting.UITestControl.FindControlIfNecessary()
   at Microsoft.VisualStudio.TestTools.UITesting.UITestControl.Click(MouseButtons button, ModifierKeys modifierKeys, Point relativeCoordinates)
   at Microsoft.VisualStudio.TestTools.UITesting.Mouse.ClickImplementation(UITestControl control, MouseButtons button, ModifierKeys modifierKeys, Point relativeCoordinate)
   at Microsoft.VisualStudio.TestTools.UITesting.Mouse.ClickImplementationWrapper(UITestControl control, MouseButtons button, ModifierKeys modifierKeys, Point relativeCoordinate)
W, 3504, 24, 2013/05/23, 16:13:37.659, 2777860183016, QTAgent32.exe, PlaybackErrorHandler: Ignoring exception as ContinueOnError is set.
W, 3504, 24, 2013/05/23, 16:13:37.722, 2777861080753, QTAgent32.exe, &lt;a class=success&gt;Playback - {17} [SUCCESS] TypeString "#(R)"
\0&lt;/a&gt;
W, 3504, 24, 2013/05/23, 16:13:38.422, 2777871100174, QTAgent32.exe, PERF WARNING: FindTopLevelWindowHelper::FindAllDescendents: took 599 ms. Expected it to take maximum 500 ms.
E, 3504, 24, 2013/05/23, 16:13:38.808, 2777876638769, QTAgent32.exe, Exception: System.ArgumentException
	Message: Value does not fall within the expected range.
	Stack Trace:    at Accessibility.IAccessible.get_accRole(Object varChild)
   at Microsoft.VisualStudio.TestTools.UITest.Extension.Msaa.AccWrapper.get_RoleInt()
	BaseExceptionMessage: Value does not fall within the expected range.

E, 3504, 24, 2013/05/23, 16:13:38.819, 2777876793550, QTAgent32.exe, Exception: System.ArgumentException
	Message: Value does not fall within the expected range.
	Stack Trace:    at Accessibility.IAccessible.get_accRole(Object varChild)
   at Microsoft.VisualStudio.TestTools.UITest.Extension.Msaa.AccWrapper.get_RoleInt()
	BaseExceptionMessage: Value does not fall within the expected range.

W, 3504, 24, 2013/05/23, 16:13:40.049, 2777894409995, QTAgent32.exe, &lt;a class=success&gt;Playback - {18} [SUCCESS] LeftButtonClick  &lt; Mouse cursor location (87, 908) &gt;
\0&lt;/a&gt;
W, 3504, 24, 2013/05/23, 16:13:41.594, 2777916515839, QTAgent32.exe, &lt;a class=success&gt;Playback - {19} [SUCCESS] SetValueAsEditBox "c:\TestProject7\office.reg"  &lt; Set via SendKeys &gt;
\0&lt;/a&gt;
W, 3504, 24, 2013/05/23, 16:13:41.594, 2777916518630, QTAgent32.exe, &lt;a class=success&gt;Playback - {20} [SUCCESS] SetValueAsComboBox "c:\TestProject7\office.reg" - "[MSAA, VisibleOnly]ControlType='ComboBox' &amp;&amp; Name='Open:'"  &lt; Set via SetValueAsEditBox &gt;
\0&lt;/a&gt;
W, 3504, 24, 2013/05/23, 16:13:41.866, 2777920419743, QTAgent32.exe, &lt;a class=success&gt;Playback - {21} [SUCCESS] MouseButtonClick - "[MSAA, VisibleOnly]ControlType='Button' &amp;&amp; Name='OK'"
\0&lt;/a&gt;
W, 3504, 24, 2013/05/23, 16:13:42.393, 2777927966224, QTAgent32.exe, Playback - [WARNING] Internal warning: Window Not Found: [VisibleOnly]ControlType='Window' &amp;&amp; Name='Registry Editor' &amp;&amp; ClassName='#32770'
\0
E, 3504, 24, 2013/05/23, 16:13:42.393, 2777927969028, QTAgent32.exe, &lt;a class=failure&gt;Playback - {22} [FAILED] Function ElementFetcher::FindScreenElement failed to locate UI element (Searching: ;[VisibleOnly]ControlType='Window' &amp;&amp; Name='Registry Editor' &amp;&amp; ClassName='#32770') (The object specified was not found.)
\0&lt;/a&gt;
E, 3504, 24, 2013/05/23, 16:13:42.540, 2777930069458, QTAgent32.exe, Playback - [IMAGE] C:\Users\testuser\AppData\Local\Temp\UITestLogs\LastRun\RPF6AFA.png
\0
W, 3504, 24, 2013/05/23, 16:13:42.540, 2777930071819, QTAgent32.exe, Playback - [WARNING] Internal warning: Couldn't find descendants that match QueryId
\0
W, 3504, 24, 2013/05/23, 16:13:42.540, 2777930074460, QTAgent32.exe, PERF WARNING: FindTopLevelWindowHelper::FindAllDescendents: took 547 ms. Expected it to take maximum 500 ms.
W, 3504, 24, 2013/05/23, 16:13:43.084, 2777937859572, QTAgent32.exe, &lt;a class=success&gt;Playback - {23} [SUCCESS] MouseButtonClick - "[MSAA, VisibleOnly]ControlType='Button' &amp;&amp; Name='Yes'"
\0&lt;/a&gt;
W, 3504, 24, 2013/05/23, 16:13:43.489, 2777943657177, QTAgent32.exe, &lt;a class=success&gt;Playback - {24} [SUCCESS] MouseButtonClick - "[MSAA, VisibleOnly]ControlType='Button' &amp;&amp; Name='OK'"
\0&lt;/a&gt;
W, 3504, 24, 2013/05/23, 16:13:43.798, 2777948077423, QTAgent32.exe, &lt;a class=success&gt;Playback - {25} [SUCCESS] MouseButtonClick - "[MSAA, VisibleOnly]ControlType='Button' &amp;&amp; Name='Clients &amp; Files'"
\0&lt;/a&gt;
W, 3504, 24, 2013/05/23, 16:13:44.151, 2777953145169, QTAgent32.exe, Playback - [WARNING] Internal warning: Window Not Found: [VisibleOnly]ControlType='Window' &amp;&amp; ClassName='ThunderRT6MDIForm'
\0
E, 3504, 24, 2013/05/23, 16:13:44.152, 2777953148655, QTAgent32.exe, &lt;a class=failure&gt;Playback - {26} [FAILED] Function ElementFetcher::FindScreenElement failed to locate UI element (Searching: ;[VisibleOnly]ControlType='Window' &amp;&amp; ClassName='ThunderRT6MDIForm') (The object specified was not found.)
\0&lt;/a&gt;
E, 3504, 24, 2013/05/23, 16:13:44.253, 2777954598816, QTAgent32.exe, Playback - [IMAGE] C:\Users\testuser\AppData\Local\Temp\UITestLogs\LastRun\RPF71DD.png
\0
W, 3504, 24, 2013/05/23, 16:13:44.253, 2777954601260, QTAgent32.exe, Playback - [WARNING] Internal warning: Couldn't find descendants that match QueryId
\0
W, 3504, 24, 2013/05/23, 16:13:46.348, 2777984586920, QTAgent32.exe, PERF WARNING: FindTopLevelWindowHelper::FindAllDescendents: took 2093 ms. Expected it to take maximum 500 ms.
W, 3504, 24, 2013/05/23, 16:13:47.299, 2777998204376, QTAgent32.exe, Playback - [WARNING] Internal warning: Incorrect flag set for InvokeProgrammaticAction\0
W, 3504, 24, 2013/05/23, 16:13:47.420, 2777999947074, QTAgent32.exe, &lt;a class=success&gt;Playback - {27} [SUCCESS] SetValueAsComboBox "Customers" - "[MSAA, VisibleOnly]ControlType='ComboBox'"  &lt; SetValueAsComboBox, set by clicking on the item in the list box &gt;
\0&lt;/a&gt;
W, 3504, 24, 2013/05/23, 16:13:48.050, 2778008962279, QTAgent32.exe, &lt;a class=success&gt;Playback - {28} [SUCCESS] MouseButtonClick - "[MSAA, VisibleOnly]ControlType='Button' &amp;&amp; Name='Add'"
\0&lt;/a&gt;
W, 3504, 24, 2013/05/23, 16:13:48.662, 2778017733087, QTAgent32.exe, &lt;a class=success&gt;Playback - {29} [SUCCESS] SendKeys "autotest" - "[MSAA, VisibleOnly]ControlType='RadioButton' &amp;&amp; Name='Personal Lines'"
\0&lt;/a&gt;
W, 3504, 24, 2013/05/23, 16:13:49.574, 2778030777400, QTAgent32.exe, &lt;a class=success&gt;Playback - {30} [SUCCESS] SetValueAsEditBox "autotest" - "[MSAA, VisibleOnly]ControlType='Edit'"  &lt; Set via SendKeys &gt;
\0&lt;/a&gt;
W, 3504, 24, 2013/05/23, 16:13:49.997, 2778036833604, QTAgent32.exe, &lt;a class=success&gt;Playback - {31} [SUCCESS] MouseButtonClick - "[MSAA, VisibleOnly]ControlType='Button' &amp;&amp; Name='OK'"
\0&lt;/a&gt;
W, 3504, 24, 2013/05/23, 16:13:50.428, 2778043007518, QTAgent32.exe, &lt;a class=success&gt;Playback - {32} [SUCCESS] MouseButtonClick - "[MSAA, VisibleOnly]ControlType='Button' &amp;&amp; Name='Yes'"
\0&lt;/a&gt;
W, 3504, 24, 2013/05/23, 16:13:50.903, 2778049809788, QTAgent32.exe, &lt;a class=success&gt;Playback - {33} [SUCCESS] SendKeys "^{HOME}" - "[MSAA, VisibleOnly]ControlType='Edit'"
\0&lt;/a&gt;
E, 3504, 24, 2013/05/23, 16:13:50.903, 2778049812820, QTAgent32.exe, Msaa.GetFocusedElement: could not find accessible object of foreground window
W, 3504, 24, 2013/05/23, 16:13:50.976, 2778050855129, QTAgent32.exe, &lt;a class=success&gt;Playback - {34} [SUCCESS] SendKeys "^+{END}" - "[MSAA, VisibleOnly]ControlType='Edit'"
\0&lt;/a&gt;
E, 3504, 24, 2013/05/23, 16:13:50.976, 2778050858769, QTAgent32.exe, Msaa.GetFocusedElement: could not find accessible object of foreground window
W, 3504, 24, 2013/05/23, 16:13:50.999, 2778051193435, QTAgent32.exe, &lt;a class=success&gt;Playback - {35} [SUCCESS] SendKeys "{DELETE}" - "[MSAA, VisibleOnly]ControlType='Edit'"
\0&lt;/a&gt;
W, 3504, 24, 2013/05/23, 16:13:51.333, 2778055967161, QTAgent32.exe, &lt;a class=success&gt;Playback - {36} [SUCCESS] SetValueAsEditBox "1" - "[MSAA, VisibleOnly]ControlType='Edit'"  &lt; Set via SendKeys &gt;
\0&lt;/a&gt;
W, 3504, 24, 2013/05/23, 16:13:51.829, 2778063077390, QTAgent32.exe, &lt;a class=success&gt;Playback - {37} [SUCCESS] SendKeys "^{HOME}" - "[MSAA, VisibleOnly]ControlType='Edit'"
\0&lt;/a&gt;
E, 3504, 24, 2013/05/23, 16:13:51.830, 2778063081745, QTAgent32.exe, Msaa.GetFocusedElement: could not find accessible object of foreground window
W, 3504, 24, 2013/05/23, 16:13:51.896, 2778064028570, QTAgent32.exe, &lt;a class=success&gt;Playback - {38} [SUCCESS] SendKeys "^+{END}" - "[MSAA, VisibleOnly]ControlType='Edit'"
\0&lt;/a&gt;
E, 3504, 24, 2013/05/23, 16:13:51.896, 2778064031519, QTAgent32.exe, Msaa.GetFocusedElement: could not find accessible object of foreground window
W, 3504, 24, 2013/05/23, 16:13:51.910, 2778064237494, QTAgent32.exe, &lt;a class=success&gt;Playback - {39} [SUCCESS] SendKeys "{DELETE}" - "[MSAA, VisibleOnly]ControlType='Edit'"
\0&lt;/a&gt;
W, 3504, 24, 2013/05/23, 16:13:52.229, 2778068797267, QTAgent32.exe, &lt;a class=success&gt;Playback - {40} [SUCCESS] SetValueAsEditBox "1" - "[MSAA, VisibleOnly]ControlType='Edit'"  &lt; Set via SendKeys &gt;
\0&lt;/a&gt;
W, 3504, 24, 2013/05/23, 16:13:53.838, 2778091833420, QTAgent32.exe, Playback - [WARNING] Internal warning: Target element "[MSAA, VisibleOnly]ControlType='Button' &amp;&amp; Name='OK'" was not found, so all intermediate elements were ignored. An incorrect element that matches target element Id can be found as the result.  Verify that all intermediate elements in QueryId have valid and unique Ids
\0
W, 3504, 24, 2013/05/23, 16:13:54.373, 2778099500900, QTAgent32.exe, PERF WARNING: FindAllDescendents: took 2042 ms. Expected it to take maximum 500 ms.
W, 3504, 24, 2013/05/23, 16:13:54.655, 2778103532161, QTAgent32.exe, &lt;a class=success&gt;Playback - {41} [SUCCESS] MouseButtonClick - "[MSAA, VisibleOnly]ControlType='Button' &amp;&amp; Name='OK'"
\0&lt;/a&gt;
W, 3504, 24, 2013/05/23, 16:13:55.078, 2778109594519, QTAgent32.exe, &lt;a class=success&gt;Playback - {42} [SUCCESS] MouseButtonClick - "[MSAA, VisibleOnly]ControlType='Button'"
\0&lt;/a&gt;
W, 3504, 24, 2013/05/23, 16:13:55.450, 2778114916924, QTAgent32.exe, &lt;a class=success&gt;Playback - {43} [SUCCESS] MouseButtonClick - "[MSAA, VisibleOnly]ControlType='Button' &amp;&amp; Name='Add'"
\0&lt;/a&gt;
W, 3504, 24, 2013/05/23, 16:13:55.802, 2778119959897, QTAgent32.exe, &lt;a class=success&gt;Playback - {44} [SUCCESS] MouseButtonClick - "[MSAA, VisibleOnly]ControlType='Button' &amp;&amp; Name='OK'"
\0&lt;/a&gt;
W, 3504, 24, 2013/05/23, 16:13:58.045, 2778152075779, QTAgent32.exe, &lt;a class=success&gt;Playback - {45} [SUCCESS] MouseButtonClick - "[MSAA, VisibleOnly,Window]ControlType='Window' &amp;&amp; ClassName='ThunderRT6TextBox'"
\0&lt;/a&gt;
W, 3504, 24, 2013/05/23, 16:13:58.881, 2778164044643, QTAgent32.exe, &lt;a class=success&gt;Playback - {46} [SUCCESS] SetValueAsEditBox "MOTO" - "[MSAA, VisibleOnly]ControlType='Edit'"  &lt; Set via SendKeys &gt;
\0&lt;/a&gt;
W, 3504, 24, 2013/05/23, 16:13:59.231, 2778169059436, QTAgent32.exe, &lt;a class=success&gt;Playback - {47} [SUCCESS] MouseButtonClick - "[MSAA, VisibleOnly]ControlType='Button' &amp;&amp; Name='OK'"
\0&lt;/a&gt;
W, 3504, 24, 2013/05/23, 16:13:59.476, 2778172563475, QTAgent32.exe, &lt;a class=success&gt;Playback - {48} [SUCCESS] MouseButtonClick - "[MSAA, VisibleOnly]ControlType='Button' &amp;&amp; Name='Options'"
\0&lt;/a&gt;
W, 3504, 24, 2013/05/23, 16:13:59.577, 2778174004303, QTAgent32.exe, FindScreenElementInSinglePass : Attempting to find control in one pass of search. Failures can occur.
W, 3504, 24, 2013/05/23, 16:13:59.995, 2778179999457, QTAgent32.exe, &lt;a class=success&gt;Playback - {49} [SUCCESS] MouseButtonClick - "[MSAA]ControlType='MenuItem' &amp;&amp; Name='Links'"
\0&lt;/a&gt;
W, 3504, 24, 2013/05/23, 16:14:00.096, 2778181437604, QTAgent32.exe, FindScreenElementInSinglePass : Attempting to find control in one pass of search. Failures can occur.
W, 3504, 24, 2013/05/23, 16:14:00.530, 2778187654396, QTAgent32.exe, &lt;a class=success&gt;Playback - {50} [SUCCESS] MouseButtonClick - "[MSAA]ControlType='MenuItem' &amp;&amp; Name='3rd Party Integration'"
\0&lt;/a&gt;
W, 3504, 24, 2013/05/23, 16:14:00.630, 2778189092115, QTAgent32.exe, FindScreenElementInSinglePass : Attempting to find control in one pass of search. Failures can occur.
W, 3504, 24, 2013/05/23, 16:14:01.074, 2778195444037, QTAgent32.exe, &lt;a class=success&gt;Playback - {51} [SUCCESS] MouseButtonClick - "[MSAA]ControlType='MenuItem' &amp;&amp; Name='Quote Select List'"
\0&lt;/a&gt;
W, 3504, 24, 2013/05/23, 16:14:01.984, 2778208470540, QTAgent32.exe, Playback - [WARNING] Internal warning: Window Not Found: [VisibleOnly]ControlType='Window' &amp;&amp; Name='Current Or Future' &amp;&amp; ClassName='TfCurrentOrFuture'
\0
E, 3504, 24, 2013/05/23, 16:14:01.984, 2778208474609, QTAgent32.exe, &lt;a class=failure&gt;Playback - {52} [FAILED] Function ElementFetcher::FindScreenElement failed to locate UI element (Searching: ;[VisibleOnly]ControlType='Window' &amp;&amp; Name='Current Or Future' &amp;&amp; ClassName='TfCurrentOrFuture') (The object specified was not found.)
\0&lt;/a&gt;
E, 3504, 24, 2013/05/23, 16:14:02.135, 2778210631351, QTAgent32.exe, Playback - [IMAGE] C:\Users\testuser\AppData\Local\Temp\UITestLogs\LastRun\RPFB785.png
\0
W, 3504, 24, 2013/05/23, 16:14:02.135, 2778210633628, QTAgent32.exe, Playback - [WARNING] Internal warning: Couldn't find descendants that match QueryId
\0
W, 3504, 24, 2013/05/23, 16:14:02.135, 2778210636865, QTAgent32.exe, PERF WARNING: FindTopLevelWindowHelper::FindAllDescendents: took 959 ms. Expected it to take maximum 500 ms.
W, 3504, 24, 2013/05/23, 16:14:03.420, 2778229031958, QTAgent32.exe, PERF WARNING: FindTopLevelWindowHelper::FindAllDescendents: took 1284 ms. Expected it to take maximum 500 ms.
W, 3504, 24, 2013/05/23, 16:14:03.966, 2778236847294, QTAgent32.exe, &lt;a class=success&gt;Playback - {53} [SUCCESS] MouseButtonClick - "[MSAA, VisibleOnly]ControlType='Button' &amp;&amp; Name='Ok'"
\0&lt;/a&gt;
W, 3504, 24, 2013/05/23, 16:14:07.037, 2778280827880, QTAgent32.exe, PERF WARNING: FindTopLevelWindowHelper::FindAllDescendents: took 2969 ms. Expected it to take maximum 500 ms.
W, 3504, 24, 2013/05/23, 16:14:07.413, 2778286203082, QTAgent32.exe, &lt;a class=success&gt;Playback - {54} [SUCCESS] MouseButtonClick - "[MSAA, VisibleOnly]ControlType='Button' &amp;&amp; Name='Ok'"
\0&lt;/a&gt;
W, 3504, 24, 2013/05/23, 16:14:08.273, 2778298519764, QTAgent32.exe, &lt;a class=success&gt;Playback - {55} [SUCCESS] SetValueAsEditBox "Test" - "[MSAA, VisibleOnly]ControlType='Edit'"  &lt; Set via SendKeys &gt;
\0&lt;/a&gt;
W, 3504, 24, 2013/05/23, 16:14:08.658, 2778304034259, QTAgent32.exe, &lt;a class=success&gt;Playback - {56} [SUCCESS] SendKeys "{Tab}" - "[MSAA, VisibleOnly]ControlType='Edit'"
\0&lt;/a&gt;
W, 3504, 24, 2013/05/23, 16:14:09.354, 2778313999451, QTAgent32.exe, &lt;a class=success&gt;Playback - {57} [SUCCESS] SetValueAsEditBox "test" - "[MSAA, VisibleOnly]ControlType='Edit'"  &lt; Set via SendKeys &gt;
\0&lt;/a&gt;
W, 3504, 24, 2013/05/23, 16:14:10.092, 2778324567603, QTAgent32.exe, &lt;a class=success&gt;Playback - {58} [SUCCESS] SetValueAsEditBox "160485" - "[MSAA, VisibleOnly]ControlType='Edit'"  &lt; Set via SendKeys &gt;
\0&lt;/a&gt;
W, 3504, 24, 2013/05/23, 16:14:10.810, 2778334849549, QTAgent32.exe, &lt;a class=success&gt;Playback - {59} [SUCCESS] SetValueAsEditBox "B338TH" - "[MSAA, VisibleOnly]ControlType='Edit'"  &lt; Set via SendKeys &gt;
\0&lt;/a&gt;
W, 3504, 24, 2013/05/23, 16:14:13.052, 2778366949762, QTAgent32.exe, &lt;a class=success&gt;Playback - {60} [SUCCESS] MouseButtonClick - "[MSAA, VisibleOnly]ControlType='Button' &amp;&amp; Name='Lookup...'"
\0&lt;/a&gt;
W, 3504, 24, 2013/05/23, 16:14:13.296, 2778370442759, QTAgent32.exe, &lt;a class=success&gt;Playback - {61} [SUCCESS] MouseButtonClick - "[MSAA, VisibleOnly]ControlType='Button' &amp;&amp; Name='Ok'"
\0&lt;/a&gt;
W, 3504, 24, 2013/05/23, 16:14:15.002, 2778394870154, QTAgent32.exe, &lt;a class=success&gt;Playback - {62} [SUCCESS] MouseButtonClick - "[MSAA, VisibleOnly]ControlType='Button' &amp;&amp; Name='OK'"
\0&lt;/a&gt;
W, 3504, 24, 2013/05/23, 16:14:16.440, 2778415460159, QTAgent32.exe, Playback - [WARNING] Internal warning: Incorrect flag set for InvokeProgrammaticAction\0
W, 3504, 24, 2013/05/23, 16:14:16.566, 2778417264094, QTAgent32.exe, &lt;a class=success&gt;Playback - {63} [SUCCESS] SetValueAsComboBox "Account Executive" - "[MSAA, VisibleOnly]ControlType='ComboBox'"  &lt; SetValueAsComboBox, set by clicking on the item in the list box &gt;
\0&lt;/a&gt;
W, 3504, 24, 2013/05/23, 16:14:17.655, 2778432856727, QTAgent32.exe, Playback - [WARNING] Internal warning: Incorrect flag set for InvokeProgrammaticAction\0
W, 3504, 24, 2013/05/23, 16:14:17.781, 2778434653788, QTAgent32.exe, &lt;a class=success&gt;Playback - {64} [SUCCESS] SetValueAsComboBox "Acupuncture" - "[MSAA, VisibleOnly]ControlType='ComboBox'"  &lt; SetValueAsComboBox, set by clicking on the item in the list box &gt;
\0&lt;/a&gt;
W, 3504, 24, 2013/05/23, 16:14:18.805, 2778449323794, QTAgent32.exe, &lt;a class=success&gt;Playback - {65} [SUCCESS] SetValueAsEditBox "151101" - "[MSAA, VisibleOnly]ControlType='Edit'"  &lt; Set via SendKeys &gt;
\0&lt;/a&gt;
W, 3504, 24, 2013/05/23, 16:14:20.547, 2778474252895, QTAgent32.exe, &lt;a class=success&gt;Playback - {66} [SUCCESS] MouseButtonClick - "[MSAA, VisibleOnly]ControlType='Button' &amp;&amp; Name='OK'"
\0&lt;/a&gt;
W, 3504, 24, 2013/05/23, 16:14:21.580, 2778489047409, QTAgent32.exe, &lt;a class=success&gt;Playback - {67} [SUCCESS] SetValueAsEditBox "RF53OXL" - "[MSAA, VisibleOnly]ControlType='Edit'"  &lt; Set via SendKeys &gt;
\0&lt;/a&gt;
W, 3504, 24, 2013/05/23, 16:14:22.380, 2778500508842, QTAgent32.exe, &lt;a class=success&gt;Playback - {68} [SUCCESS] MouseButtonClick - "[MSAA, VisibleOnly]ControlType='Button' &amp;&amp; Name='Filter'"
\0&lt;/a&gt;
W, 3504, 24, 2013/05/23, 16:14:22.685, 2778504871998, QTAgent32.exe, &lt;a class=success&gt;Playback - {69} [SUCCESS] MouseButtonClick - "[MSAA, VisibleOnly]ControlType='Button' &amp;&amp; Name='OK'"
\0&lt;/a&gt;
W, 3504, 24, 2013/05/23, 16:14:23.338, 2778514221032, QTAgent32.exe, &lt;a class=success&gt;Playback - {70} [SUCCESS] SendKeys "^{HOME}" - "[MSAA, VisibleOnly]ControlType='Edit'"
\0&lt;/a&gt;
E, 3504, 24, 2013/05/23, 16:14:23.338, 2778514224694, QTAgent32.exe, Msaa.GetFocusedElement: could not find accessible object of foreground window
W, 3504, 24, 2013/05/23, 16:14:23.394, 2778515023286, QTAgent32.exe, &lt;a class=success&gt;Playback - {71} [SUCCESS] SendKeys "^+{END}" - "[MSAA, VisibleOnly]ControlType='Edit'"
\0&lt;/a&gt;
E, 3504, 24, 2013/05/23, 16:14:23.394, 2778515026589, QTAgent32.exe, Msaa.GetFocusedElement: could not find accessible object of foreground window
W, 3504, 24, 2013/05/23, 16:14:23.409, 2778515238790, QTAgent32.exe, &lt;a class=success&gt;Playback - {72} [SUCCESS] SendKeys "{DELETE}" - "[MSAA, VisibleOnly]ControlType='Edit'"
\0&lt;/a&gt;
W, 3504, 24, 2013/05/23, 16:14:23.940, 2778522851125, QTAgent32.exe, &lt;a class=success&gt;Playback - {73} [SUCCESS] SetValueAsEditBox "1000" - "[MSAA, VisibleOnly]ControlType='Edit'"  &lt; Set via SendKeys &gt;
\0&lt;/a&gt;
W, 3504, 24, 2013/05/23, 16:14:24.324, 2778528347474, QTAgent32.exe, &lt;a class=success&gt;Playback - {74} [SUCCESS] MouseButtonClick - "[MSAA, VisibleOnly]ControlType='Button' &amp;&amp; Name='Calculate Quote'"
\0&lt;/a&gt;
W, 3504, 24, 2013/05/23, 16:14:33.419, 2778658569070, QTAgent32.exe, Playback - [WARNING] Internal warning: Window Not Found: [VisibleOnly]ControlType='Window' &amp;&amp; Name='Quote Select List' &amp;&amp; ClassName='ThunderRT6FormDC'
\0
E, 3504, 24, 2013/05/23, 16:14:33.420, 2778658574225, QTAgent32.exe, &lt;a class=failure&gt;Playback - {75} [FAILED] Function ElementFetcher::FindScreenElement failed to locate UI element (Searching: ;[VisibleOnly]ControlType='Window' &amp;&amp; Name='Quote Select List' &amp;&amp; ClassName='ThunderRT6FormDC') (The object specified was not found.)
\0&lt;/a&gt;
E, 3504, 24, 2013/05/23, 16:14:33.624, 2778661506272, QTAgent32.exe, Playback - [IMAGE] C:\Users\testuser\AppData\Local\Temp\UITestLogs\LastRun\RPF3250.png
\0
W, 3504, 24, 2013/05/23, 16:14:33.625, 2778661508988, QTAgent32.exe, Playback - [WARNING] Internal warning: Couldn't find descendants that match QueryId
\0
W, 3504, 24, 2013/05/23, 16:14:33.625, 2778661512228, QTAgent32.exe, PERF WARNING: FindTopLevelWindowHelper::FindAllDescendents: took 9200 ms. Expected it to take maximum 500 ms.
W, 3504, 24, 2013/05/23, 16:14:51.971, 2778924199142, QTAgent32.exe, Playback - [WARNING] Internal warning: Window Not Found: [VisibleOnly]ControlType='Window' &amp;&amp; Name='Quote Select List' &amp;&amp; ClassName='ThunderRT6FormDC'
\0
E, 3504, 24, 2013/05/23, 16:14:51.972, 2778924207752, QTAgent32.exe, &lt;a class=failure&gt;Playback - {76} [FAILED] Function ElementFetcher::FindScreenElement failed to locate UI element (Searching: ;[VisibleOnly]ControlType='Window' &amp;&amp; Name='Quote Select List' &amp;&amp; ClassName='ThunderRT6FormDC') (The object specified was not found.)
\0&lt;/a&gt;
E, 3504, 24, 2013/05/23, 16:14:52.062, 2778925491981, QTAgent32.exe, Playback - [IMAGE] C:\Users\testuser\AppData\Local\Temp\UITestLogs\LastRun\RPF7AC6.png
\0
W, 3504, 24, 2013/05/23, 16:14:52.062, 2778925494492, QTAgent32.exe, Playback - [WARNING] Internal warning: Couldn't find descendants that match QueryId
\0
W, 3504, 24, 2013/05/23, 16:14:52.063, 2778925502653, QTAgent32.exe, PERF WARNING: FindTopLevelWindowHelper::FindAllDescendents: took 18437 ms. Expected it to take maximum 500 ms.
W, 3504, 24, 2013/05/23, 16:14:55.213, 2778970616767, QTAgent32.exe, Playback - [WARNING] Internal warning: Smart Match failed
\0
W, 3504, 24, 2013/05/23, 16:14:56.540, 2778989612539, QTAgent32.exe, Playback - [WARNING] Internal warning: Window Not Found: [VisibleOnly]ControlType='Window' &amp;&amp; Name='Quote Select List' &amp;&amp; ClassName='ThunderRT6FormDC'
\0
E, 3504, 24, 2013/05/23, 16:14:56.540, 2778989617225, QTAgent32.exe, &lt;a class=failure&gt;Playback - {77} [FAILED] Function ElementFetcher::FindScreenElement failed to locate UI element (Searching: ;[VisibleOnly]ControlType='Window' &amp;&amp; Name='Quote Select List' &amp;&amp; ClassName='ThunderRT6FormDC') (The object specified was not found.)
\0&lt;/a&gt;
E, 3504, 24, 2013/05/23, 16:14:56.636, 2778990989214, QTAgent32.exe, Playback - [IMAGE] C:\Users\testuser\AppData\Local\Temp\UITestLogs\LastRun\RPF8CA2.png
\0
W, 3504, 24, 2013/05/23, 16:14:56.636, 2778990991837, QTAgent32.exe, Playback - [WARNING] Internal warning: Couldn't find descendants that match QueryId
\0
W, 3504, 24, 2013/05/23, 16:14:56.636, 2778990995097, QTAgent32.exe, PERF WARNING: FindTopLevelWindowHelper::FindAllDescendents: took 4573 ms. Expected it to take maximum 500 ms.
E, 3504, 24, 2013/05/23, 16:14:56.637, 2778990997211, QTAgent32.exe, Exception: System.Runtime.InteropServices.COMException
	Message: Error HRESULT E_FAIL has been returned from a call to a COM component.
	Stack Trace:    at Microsoft.VisualStudio.TestTools.UITest.Playback.Engine.IRPFPlayback.FindAllScreenElements(IScreenElement pScreenElementStart, String bstrQueryId, Object&amp; pvarResKeys, Int32 cResKeys, Int32 nMaxDepth, Object[]&amp; foundDescendants)
   at Microsoft.VisualStudio.TestTools.UITest.Playback.ScreenElement.FindTopLevelWindowHelper(String queryId)
	BaseExceptionMessage: Error HRESULT E_FAIL has been returned from a call to a COM component.

E, 3504, 24, 2013/05/23, 16:14:56.738, 2778992446240, QTAgent32.exe, AL: Playback Error: Microsoft.VisualStudio.TestTools.UITest.Extension.UITestControlNotFoundException: The playback failed to find the control with the given search properties. Additional Details: 
TechnologyName:  'MSAA'
ControlType:  'Window'
Name:  'Quote Select List'
ClassName:  'ThunderRT6FormDC'
 ---&gt; System.Runtime.InteropServices.COMException: Error HRESULT E_FAIL has been returned from a call to a COM component.
   at Microsoft.VisualStudio.TestTools.UITest.Playback.Engine.IRPFPlayback.FindAllScreenElements(IScreenElement pScreenElementStart, String bstrQueryId, Object&amp; pvarResKeys, Int32 cResKeys, Int32 nMaxDepth, Object[]&amp; foundDescendants)
   at Microsoft.VisualStudio.TestTools.UITest.Playback.ScreenElement.FindTopLevelWindowHelper(String queryId)
   at Microsoft.VisualStudio.TestTools.UITest.Playback.ScreenElement.FindFromPartialQueryId(String queryId)
   at Microsoft.VisualStudio.TestTools.UITesting.UITestControl..ctor(String queryId)
   --- End of inner exception stack trace ---
   at Microsoft.VisualStudio.TestTools.UITesting.Playback.MapControlNotFoundException(COMException ex, IPlaybackContext context)
   at Microsoft.VisualStudio.TestTools.UITesting.Playback.MapAndThrowComException(COMException innerException, IPlaybackContext context)
   at Microsoft.VisualStudio.TestTools.UITesting.Playback.MapAndThrowException(SystemException exception, IPlaybackContext context)
   at Microsoft.VisualStudio.TestTools.UITesting.Playback.MapAndThrowException(SystemException exception, String queryId)
   at Microsoft.VisualStudio.TestTools.UITesting.UITestControl..ctor(String queryId)
   at Microsoft.VisualStudio.TestTools.UITesting.SearchHelper.SearchTopLevelWindow(ISearchArgument topLevelSearchArg, String topLevelElementQueryId)
   at Microsoft.VisualStudio.TestTools.UITesting.SearchHelper.GetTitleUpdatedTopLevelWindow(ISearchArgument topLevelSearchArg, String queryId, IList`1 windowTitles)
   at Microsoft.VisualStudio.TestTools.UITesting.SearchHelper.GetTopLevelElement(Boolean useCache, Boolean useCacheOnly, ISearchArgument searchArg, IList`1 windowTitles, Int32&amp; timeLeft)
   at Microsoft.VisualStudio.TestTools.UITesting.SearchHelper.GetElement(Boolean useCache, ISearchArgument searchArg)
   at Microsoft.VisualStudio.TestTools.UITesting.SearchHelper.Search(ISearchArgument searchArg)
   at Microsoft.VisualStudio.TestTools.UITesting.UITestControl.FindInternal()
   at Microsoft.VisualStudio.TestTools.UITesting.UITestControl.FindControlIfNecessary()
   at Microsoft.VisualStudio.TestTools.UITesting.UITestControl.Click(MouseButtons button, ModifierKeys modifierKeys, Point relativeCoordinates)
   at Microsoft.VisualStudio.TestTools.UITesting.Mouse.ClickImplementation(UITestControl control, MouseButtons button, ModifierKeys modifierKeys, Point relativeCoordinate)
   at Microsoft.VisualStudio.TestTools.UITesting.Mouse.ClickImplementationWrapper(UITestControl control, MouseButtons button, ModifierKeys modifierKeys, Point relativeCoordinate)
W, 3504, 24, 2013/05/23, 16:14:56.738, 2778992449636, QTAgent32.exe, PlaybackErrorHandler: Ignoring exception as ContinueOnError is set.
W, 3504, 24, 2013/05/23, 16:14:56.903, 2778994815520, QTAgent32.exe, &lt;a class=success&gt;Playback - {78} [SUCCESS] MouseButtonClick - "[MSAA, VisibleOnly]ControlType='Button' &amp;&amp; Name='No'"
\0&lt;/a&gt;
W, 3504, 24, 2013/05/23, 16:14:57.246, 2778999727331, QTAgent32.exe, &lt;a class=success&gt;Playback - {79} [SUCCESS] MouseButtonClick - "[MSAA, VisibleOnly]ControlType='Button' &amp;&amp; Name='Ok'"
\0&lt;/a&gt;
W, 3504, 24, 2013/05/23, 16:15:07.659, 2779148817896, QTAgent32.exe, PERF WARNING: FindTopLevelWindowHelper::FindAllDescendents: took 10300 ms. Expected it to take maximum 500 ms.
W, 3504, 24, 2013/05/23, 16:15:07.802, 2779150863976, QTAgent32.exe, &lt;a class=success&gt;Playback - {80} [SUCCESS] MouseButtonClick - "[MSAA, VisibleOnly]ControlType='Button' &amp;&amp; Name='Exit'"
\0&lt;/a&gt;
W, 3504, 24, 2013/05/23, 16:15:08.223, 2779156896502, QTAgent32.exe, &lt;a class=success&gt;Playback - {81} [SUCCESS] MouseButtonClick - "[MSAA, VisibleOnly]ControlType='Button' &amp;&amp; Name='Yes'"
\0&lt;/a&gt;
W, 3504, 24, 2013/05/23, 16:15:08.890, 2779166437075, QTAgent32.exe, PERF WARNING: FindTopLevelWindowHelper::FindAllDescendents: took 553 ms. Expected it to take maximum 500 ms.
W, 3504, 24, 2013/05/23, 16:15:09.032, 2779168482992, QTAgent32.exe, &lt;a class=success&gt;Playback - {82} [SUCCESS] Uncheck - "[MSAA, VisibleOnly]ControlType='CheckBox' &amp;&amp; Name='Add Activity'"
\0&lt;/a&gt;
W, 3504, 24, 2013/05/23, 16:15:09.375, 2779173386779, QTAgent32.exe, &lt;a class=success&gt;Playback - {83} [SUCCESS] MouseButtonClick - "[MSAA, VisibleOnly]ControlType='Button' &amp;&amp; Name='Ok'"
\0&lt;/a&gt;
W, 3504, 24, 2013/05/23, 16:15:11.414, 2779202581659, QTAgent32.exe, Playback - [WARNING] Internal warning: Window Not Found: [VisibleOnly]ControlType='Window' &amp;&amp; Name='Select Tam insurer for insurer code ' &amp;&amp; ClassName='TfSelectItem'
\0
E, 3504, 24, 2013/05/23, 16:15:11.415, 2779202597978, QTAgent32.exe, &lt;a class=failure&gt;Playback - {84} [FAILED] Function ElementFetcher::FindScreenElement failed to locate UI element (Searching: ;[VisibleOnly]ControlType='Window' &amp;&amp; Name='Select Tam insurer for insurer code ' &amp;&amp; ClassName='TfSelectItem') (The object specified was not found.)
\0&lt;/a&gt;
E, 3504, 24, 2013/05/23, 16:15:11.501, 2779203827708, QTAgent32.exe, Playback - [IMAGE] C:\Users\testuser\AppData\Local\Temp\UITestLogs\LastRun\RPFC6B6.png
\0
W, 3504, 24, 2013/05/23, 16:15:11.501, 2779203830704, QTAgent32.exe, Playback - [WARNING] Internal warning: Couldn't find descendants that match QueryId
\0
W, 3504, 24, 2013/05/23, 16:15:11.501, 2779203836592, QTAgent32.exe, PERF WARNING: FindTopLevelWindowHelper::FindAllDescendents: took 2000 ms. Expected it to take maximum 500 ms.
W, 3504, 24, 2013/05/23, 16:15:29.571, 2779462558225, QTAgent32.exe, Playback - [WARNING] Internal warning: Window Not Found: [VisibleOnly]ControlType='Window' &amp;&amp; Name='Select Tam insurer for insurer code ' &amp;&amp; ClassName='TfSelectItem'
\0
E, 3504, 24, 2013/05/23, 16:15:29.571, 2779462564188, QTAgent32.exe, &lt;a class=failure&gt;Playback - {85} [FAILED] Function ElementFetcher::FindScreenElement failed to locate UI element (Searching: ;[VisibleOnly]ControlType='Window' &amp;&amp; Name='Select Tam insurer for insurer code ' &amp;&amp; ClassName='TfSelectItem') (The object specified was not found.)
\0&lt;/a&gt;
E, 3504, 24, 2013/05/23, 16:15:29.662, 2779463856791, QTAgent32.exe, Playback - [IMAGE] C:\Users\testuser\AppData\Local\Temp\UITestLogs\LastRun\RPFDA5.png
\0
W, 3504, 24, 2013/05/23, 16:15:29.662, 2779463859166, QTAgent32.exe, Playback - [WARNING] Internal warning: Couldn't find descendants that match QueryId
\0
W, 3504, 24, 2013/05/23, 16:15:29.664, 2779463893035, QTAgent32.exe, PERF WARNING: FindTopLevelWindowHelper::FindAllDescendents: took 18162 ms. Expected it to take maximum 500 ms.
W, 3504, 24, 2013/05/23, 16:15:30.412, 2779474608833, QTAgent32.exe, Playback - [WARNING] Internal warning: Smart Match failed
\0
W, 3504, 24, 2013/05/23, 16:15:31.015, 2779483243152, QTAgent32.exe, Playback - [WARNING] Internal warning: Smart Match failed
\0
W, 3504, 24, 2013/05/23, 16:15:31.625, 2779491972140, QTAgent32.exe, Playback - [WARNING] Internal warning: Smart Match failed
\0
W, 3504, 24, 2013/05/23, 16:15:32.230, 2779500635538, QTAgent32.exe, Playback - [WARNING] Internal warning: Smart Match failed
\0
W, 3504, 24, 2013/05/23, 16:15:32.828, 2779509191785, QTAgent32.exe, Playback - [WARNING] Internal warning: Smart Match failed
\0
W, 3504, 24, 2013/05/23, 16:15:33.112, 2779513257445, QTAgent32.exe, Playback - [WARNING] Internal warning: Window Not Found: [VisibleOnly]ControlType='Window' &amp;&amp; Name='Select Tam insurer for insurer code ' &amp;&amp; ClassName='TfSelectItem'
\0
E, 3504, 24, 2013/05/23, 16:15:33.112, 2779513261531, QTAgent32.exe, &lt;a class=failure&gt;Playback - {86} [FAILED] Function ElementFetcher::FindScreenElement failed to locate UI element (Searching: ;[VisibleOnly]ControlType='Window' &amp;&amp; Name='Select Tam insurer for insurer code ' &amp;&amp; ClassName='TfSelectItem') (The object specified was not found.)
\0&lt;/a&gt;
E, 3504, 24, 2013/05/23, 16:15:33.190, 2779514383729, QTAgent32.exe, Playback - [IMAGE] C:\Users\testuser\AppData\Local\Temp\UITestLogs\LastRun\RPF1B7B.png
\0
W, 3504, 24, 2013/05/23, 16:15:33.191, 2779514386263, QTAgent32.exe, Playback - [WARNING] Internal warning: Couldn't find descendants that match QueryId
\0
W, 3504, 24, 2013/05/23, 16:15:33.191, 2779514390733, QTAgent32.exe, PERF WARNING: FindTopLevelWindowHelper::FindAllDescendents: took 3526 ms. Expected it to take maximum 500 ms.
E, 3504, 24, 2013/05/23, 16:15:33.191, 2779514393015, QTAgent32.exe, Exception: System.Runtime.InteropServices.COMException
	Message: Error HRESULT E_FAIL has been returned from a call to a COM component.
	Stack Trace:    at Microsoft.VisualStudio.TestTools.UITest.Playback.Engine.IRPFPlayback.FindAllScreenElements(IScreenElement pScreenElementStart, String bstrQueryId, Object&amp; pvarResKeys, Int32 cResKeys, Int32 nMaxDepth, Object[]&amp; foundDescendants)
   at Microsoft.VisualStudio.TestTools.UITest.Playback.ScreenElement.FindTopLevelWindowHelper(String queryId)
	BaseExceptionMessage: Error HRESULT E_FAIL has been returned from a call to a COM component.

E, 3504, 24, 2013/05/23, 16:15:33.192, 2779514407941, QTAgent32.exe, AL: Playback Error: Microsoft.VisualStudio.TestTools.UITest.Extension.UITestControlNotFoundException: The playback failed to find the control with the given search properties. Additional Details: 
TechnologyName:  'MSAA'
ControlType:  'Window'
Name:  'Select Tam insurer for insurer code '
ClassName:  'TfSelectItem'
 ---&gt; System.Runtime.InteropServices.COMException: Error HRESULT E_FAIL has been returned from a call to a COM component.
   at Microsoft.VisualStudio.TestTools.UITest.Playback.Engine.IRPFPlayback.FindAllScreenElements(IScreenElement pScreenElementStart, String bstrQueryId, Object&amp; pvarResKeys, Int32 cResKeys, Int32 nMaxDepth, Object[]&amp; foundDescendants)
   at Microsoft.VisualStudio.TestTools.UITest.Playback.ScreenElement.FindTopLevelWindowHelper(String queryId)
   at Microsoft.VisualStudio.TestTools.UITest.Playback.ScreenElement.FindFromPartialQueryId(String queryId)
   at Microsoft.VisualStudio.TestTools.UITesting.UITestControl..ctor(String queryId)
   --- End of inner exception stack trace ---
   at Microsoft.VisualStudio.TestTools.UITesting.Playback.MapControlNotFoundException(COMException ex, IPlaybackContext context)
   at Microsoft.VisualStudio.TestTools.UITesting.Playback.MapAndThrowComException(COMException innerException, IPlaybackContext context)
   at Microsoft.VisualStudio.TestTools.UITesting.Playback.MapAndThrowException(SystemException exception, IPlaybackContext context)
   at Microsoft.VisualStudio.TestTools.UITesting.Playback.MapAndThrowException(SystemException exception, String queryId)
   at Microsoft.VisualStudio.TestTools.UITesting.UITestControl..ctor(String queryId)
   at Microsoft.VisualStudio.TestTools.UITesting.SearchHelper.SearchTopLevelWindow(ISearchArgument topLevelSearchArg, String topLevelElementQueryId)
   at Microsoft.VisualStudio.TestTools.UITesting.SearchHelper.GetTitleUpdatedTopLevelWindow(ISearchArgument topLevelSearchArg, String queryId, IList`1 windowTitles)
   at Microsoft.VisualStudio.TestTools.UITesting.SearchHelper.GetTopLevelElement(Boolean useCache, Boolean useCacheOnly, ISearchArgument searchArg, IList`1 windowTitles, Int32&amp; timeLeft)
   at Microsoft.VisualStudio.TestTools.UITesting.SearchHelper.GetElement(Boolean useCache, ISearchArgument searchArg)
   at Microsoft.VisualStudio.TestTools.UITesting.SearchHelper.Search(ISearchArgument searchArg)
   at Microsoft.VisualStudio.TestTools.UITesting.UITestControl.FindInternal()
   at Microsoft.VisualStudio.TestTools.UITesting.UITestControl.FindControlIfNecessary()
   at Microsoft.VisualStudio.TestTools.UITesting.UITestControl.SetProperty(String propertyName, Object value)
W, 3504, 24, 2013/05/23, 16:15:36.431, 2779560781881, QTAgent32.exe, IEDOM : StopSession of the plugin called before StartSession
W, 3504, 24, 2013/05/23, 16:15:36.431, 2779560783738, QTAgent32.exe, UIA : StopSession of the plugin called before StartSession
</DebugTrace>
        <ErrorInfo>
          <Message>Test method Ver1.CodedUITest2.MotoSaveQuoteWithoutPremium threw exception: 
Microsoft.VisualStudio.TestTools.UITest.Extension.UITestControlNotFoundException: The playback failed to find the control with the given search properties. Additional Details: 
TechnologyName:  'MSAA'
ControlType:  'Window'
Name:  'Select Tam insurer for insurer code '
ClassName:  'TfSelectItem'
 ---&gt; System.Runtime.InteropServices.COMException: Error HRESULT E_FAIL has been returned from a call to a COM component.</Message>
          <StackTrace>    at Microsoft.VisualStudio.TestTools.UITest.Playback.Engine.IRPFPlayback.FindAllScreenElements(IScreenElement pScreenElementStart, String bstrQueryId, Object&amp; pvarResKeys, Int32 cResKeys, Int32 nMaxDepth, Object[]&amp; foundDescendants)
   at Microsoft.VisualStudio.TestTools.UITest.Playback.ScreenElement.FindTopLevelWindowHelper(String queryId)
   at Microsoft.VisualStudio.TestTools.UITest.Playback.ScreenElement.FindFromPartialQueryId(String queryId)
   at Microsoft.VisualStudio.TestTools.UITesting.UITestControl..ctor(String queryId)
 --- End of inner exception stack trace ---
    at Microsoft.VisualStudio.TestTools.UITesting.Playback.MapControlNotFoundException(COMException ex, IPlaybackContext context)
   at Microsoft.VisualStudio.TestTools.UITesting.Playback.MapAndThrowComException(COMException innerException, IPlaybackContext context)
   at Microsoft.VisualStudio.TestTools.UITesting.Playback.MapAndThrowException(SystemException exception, IPlaybackContext context)
   at Microsoft.VisualStudio.TestTools.UITesting.Playback.MapAndThrowException(SystemException exception, String queryId)
   at Microsoft.VisualStudio.TestTools.UITesting.UITestControl..ctor(String queryId)
   at Microsoft.VisualStudio.TestTools.UITesting.SearchHelper.SearchTopLevelWindow(ISearchArgument topLevelSearchArg, String topLevelElementQueryId)
   at Microsoft.VisualStudio.TestTools.UITesting.SearchHelper.GetTitleUpdatedTopLevelWindow(ISearchArgument topLevelSearchArg, String queryId, IList`1 windowTitles)
   at Microsoft.VisualStudio.TestTools.UITesting.SearchHelper.GetTopLevelElement(Boolean useCache, Boolean useCacheOnly, ISearchArgument searchArg, IList`1 windowTitles, Int32&amp; timeLeft)
   at Microsoft.VisualStudio.TestTools.UITesting.SearchHelper.GetElement(Boolean useCache, ISearchArgument searchArg)
   at Microsoft.VisualStudio.TestTools.UITesting.SearchHelper.Search(ISearchArgument searchArg)
   at Microsoft.VisualStudio.TestTools.UITesting.UITestControl.FindInternal()
   at Microsoft.VisualStudio.TestTools.UITesting.UITestControl.FindControlIfNecessary()
   at Microsoft.VisualStudio.TestTools.UITesting.UITestControl.SetProperty(String propertyName, Object value)
   at Microsoft.VisualStudio.TestTools.UITesting.WinControls.WinList.set_SelectedItemsAsString(String value)
   at Ver1.UIMap.SaveWithoutPremium() in C:\AutotestTam1205\TestProject7\UIMap.Designer.cs:line 4890
   at Ver1.CodedUITest2.MotoSaveQuoteWithoutPremium() in C:\AutotestTam1205\TestProject7\CodedUITest2.cs:line 142
</StackTrace>
        </ErrorInfo>
      </Output>
      <ResultFiles>
        <ResultFile path="ICLVDEVTM02\MotoSaveQuoteWithoutPremium.png" />
      </ResultFiles>
      <ExtensionResult>Exception has been thrown by the target of an invocation.</ExtensionResult>
    </UnitTestResult>
    <UnitTestResult executionId="4b53680e-2db2-4db9-99c3-cf7662e5504d" testId="183f1ac6-61bc-7ea0-573a-0cdbb9560946" testName="MotoAWAP" computerName="ICLVDEVTM02" duration="00:02:59.6189200" startTime="2013-05-23T16:15:36.4756536+01:00" endTime="2013-05-23T16:18:36.1064638+01:00" testType="13cdc9d9-ddb5-4fa4-a97d-d965ccfc6d4b" outcome="Passed" testListId="8c84fa94-04c1-424b-9868-57a2d4851a1d" relativeResultsDirectory="4b53680e-2db2-4db9-99c3-cf7662e5504d">
      <Output>
        <DebugTrace>W, 3504, 17, 2013/05/23, 16:15:41.978, 2779640206159, QTAgent32.exe, &lt;a class=success&gt;Playback - {1} [SUCCESS] MouseButtonClick - "[MSAA, VisibleOnly]ControlType='Edit'"
\0&lt;/a&gt;
W, 3504, 17, 2013/05/23, 16:15:42.309, 2779644950548, QTAgent32.exe, &lt;a class=success&gt;Playback - {2} [SUCCESS] SendKeys "[*]" - "[MSAA, VisibleOnly]ControlType='Edit'"
\0&lt;/a&gt;
W, 3504, 17, 2013/05/23, 16:15:43.024, 2779655185976, QTAgent32.exe, &lt;a class=success&gt;Playback - {3} [SUCCESS] MouseButtonClick - "[MSAA, VisibleOnly]ControlType='Button' &amp;&amp; Name='OK'"
\0&lt;/a&gt;
W, 3504, 17, 2013/05/23, 16:15:43.379, 2779660256548, QTAgent32.exe, &lt;a class=success&gt;Playback - {4} [SUCCESS] SendKeys "^{HOME}" - "[MSAA, VisibleOnly]ControlType='Edit'"
\0&lt;/a&gt;
E, 3504, 17, 2013/05/23, 16:15:43.379, 2779660259402, QTAgent32.exe, Msaa.GetFocusedElement: could not find accessible object of foreground window
W, 3504, 17, 2013/05/23, 16:15:43.481, 2779661728292, QTAgent32.exe, &lt;a class=success&gt;Playback - {5} [SUCCESS] SendKeys "^+{END}" - "[MSAA, VisibleOnly]ControlType='Edit'"
\0&lt;/a&gt;
E, 3504, 17, 2013/05/23, 16:15:43.482, 2779661732019, QTAgent32.exe, Msaa.GetFocusedElement: could not find accessible object of foreground window
W, 3504, 17, 2013/05/23, 16:15:43.497, 2779661950778, QTAgent32.exe, &lt;a class=success&gt;Playback - {6} [SUCCESS] SendKeys "{DELETE}" - "[MSAA, VisibleOnly]ControlType='Edit'"
\0&lt;/a&gt;
W, 3504, 17, 2013/05/23, 16:15:43.817, 2779666530465, QTAgent32.exe, &lt;a class=success&gt;Playback - {7} [SUCCESS] SetValueAsEditBox "23/05/2013" - "[MSAA, VisibleOnly]ControlType='Edit'"  &lt; Set via SendKeys &gt;
\0&lt;/a&gt;
W, 3504, 17, 2013/05/23, 16:15:44.298, 2779673421080, QTAgent32.exe, Playback - [WARNING] Internal warning: Incorrect flag set for InvokeProgrammaticAction\0
W, 3504, 17, 2013/05/23, 16:15:44.420, 2779675164010, QTAgent32.exe, &lt;a class=success&gt;Playback - {8} [SUCCESS] SetValueAsComboBox "May" - "[MSAA, VisibleOnly]ControlType='ComboBox'"  &lt; SetValueAsComboBox, set by clicking on the item in the list box &gt;
\0&lt;/a&gt;
W, 3504, 17, 2013/05/23, 16:15:44.687, 2779678995509, QTAgent32.exe, &lt;a class=success&gt;Playback - {9} [SUCCESS] SendKeys "^{HOME}" - "[MSAA, VisibleOnly]ControlType='Edit'"
\0&lt;/a&gt;
E, 3504, 17, 2013/05/23, 16:15:44.687, 2779678999126, QTAgent32.exe, Msaa.GetFocusedElement: could not find accessible object of foreground window
W, 3504, 17, 2013/05/23, 16:15:44.742, 2779679783162, QTAgent32.exe, &lt;a class=success&gt;Playback - {10} [SUCCESS] SendKeys "^+{END}" - "[MSAA, VisibleOnly]ControlType='Edit'"
\0&lt;/a&gt;
E, 3504, 17, 2013/05/23, 16:15:44.742, 2779679786569, QTAgent32.exe, Msaa.GetFocusedElement: could not find accessible object of foreground window
W, 3504, 17, 2013/05/23, 16:15:44.765, 2779680103591, QTAgent32.exe, &lt;a class=success&gt;Playback - {11} [SUCCESS] SendKeys "{DELETE}" - "[MSAA, VisibleOnly]ControlType='Edit'"
\0&lt;/a&gt;
W, 3504, 17, 2013/05/23, 16:15:44.967, 2779683005298, QTAgent32.exe, &lt;a class=success&gt;Playback - {12} [SUCCESS] SetValueAsEditBox "2013" - "[MSAA, VisibleOnly]ControlType='Edit'"  &lt; Set via SendKeys &gt;
\0&lt;/a&gt;
W, 3504, 17, 2013/05/23, 16:15:45.600, 2779692066597, QTAgent32.exe, &lt;a class=success&gt;Playback - {13} [SUCCESS] MouseButtonClick - "[MSAA, VisibleOnly]ControlType='Button' &amp;&amp; Name='OK'"
\0&lt;/a&gt;
W, 3504, 17, 2013/05/23, 16:15:46.258, 2779701494698, QTAgent32.exe, Playback - [WARNING] Internal warning: Window Not Found: [VisibleOnly]ControlType='Window' &amp;&amp; Name='Warning' &amp;&amp; ClassName='#32770'
\0
E, 3504, 17, 2013/05/23, 16:15:46.259, 2779701498261, QTAgent32.exe, &lt;a class=failure&gt;Playback - {14} [FAILED] Function ElementFetcher::FindScreenElement failed to locate UI element (Searching: ;[VisibleOnly]ControlType='Window' &amp;&amp; Name='Warning' &amp;&amp; ClassName='#32770') (The object specified was not found.)
\0&lt;/a&gt;
E, 3504, 17, 2013/05/23, 16:15:46.342, 2779702689701, QTAgent32.exe, Playback - [IMAGE] C:\Users\testuser\AppData\Local\Temp\UITestLogs\LastRun\RPF4EDB.png
\0
W, 3504, 17, 2013/05/23, 16:15:46.342, 2779702692066, QTAgent32.exe, Playback - [WARNING] Internal warning: Couldn't find descendants that match QueryId
\0
W, 3504, 17, 2013/05/23, 16:15:46.342, 2779702694882, QTAgent32.exe, PERF WARNING: FindTopLevelWindowHelper::FindAllDescendents: took 639 ms. Expected it to take maximum 500 ms.
W, 3504, 17, 2013/05/23, 16:16:04.418, 2779961500199, QTAgent32.exe, Playback - [WARNING] Internal warning: Window Not Found: [VisibleOnly]ControlType='Window' &amp;&amp; Name='Warning' &amp;&amp; ClassName='#32770'
\0
E, 3504, 17, 2013/05/23, 16:16:04.418, 2779961506231, QTAgent32.exe, &lt;a class=failure&gt;Playback - {15} [FAILED] Function ElementFetcher::FindScreenElement failed to locate UI element (Searching: ;[VisibleOnly]ControlType='Window' &amp;&amp; Name='Warning' &amp;&amp; ClassName='#32770') (The object specified was not found.)
\0&lt;/a&gt;
E, 3504, 17, 2013/05/23, 16:16:04.501, 2779962693814, QTAgent32.exe, Playback - [IMAGE] C:\Users\testuser\AppData\Local\Temp\UITestLogs\LastRun\RPF95CB.png
\0
W, 3504, 17, 2013/05/23, 16:16:04.501, 2779962696898, QTAgent32.exe, Playback - [WARNING] Internal warning: Couldn't find descendants that match QueryId
\0
W, 3504, 17, 2013/05/23, 16:16:04.502, 2779962703414, QTAgent32.exe, PERF WARNING: FindTopLevelWindowHelper::FindAllDescendents: took 18159 ms. Expected it to take maximum 500 ms.
W, 3504, 17, 2013/05/23, 16:16:04.957, 2779969217827, QTAgent32.exe, Playback - [WARNING] Internal warning: Smart Match failed
\0
W, 3504, 17, 2013/05/23, 16:16:05.118, 2779971526750, QTAgent32.exe, Playback - [WARNING] Internal warning: Smart Match failed
\0
W, 3504, 17, 2013/05/23, 16:16:05.272, 2779973727443, QTAgent32.exe, Playback - [WARNING] Internal warning: Smart Match failed
\0
W, 3504, 17, 2013/05/23, 16:16:05.423, 2779975900694, QTAgent32.exe, Playback - [WARNING] Internal warning: Smart Match failed
\0
W, 3504, 17, 2013/05/23, 16:16:05.595, 2779978355251, QTAgent32.exe, Playback - [WARNING] Internal warning: Smart Match failed
\0
W, 3504, 17, 2013/05/23, 16:16:05.748, 2779980556826, QTAgent32.exe, Playback - [WARNING] Internal warning: Smart Match failed
\0
W, 3504, 17, 2013/05/23, 16:16:05.902, 2779982749469, QTAgent32.exe, Playback - [WARNING] Internal warning: Smart Match failed
\0
W, 3504, 17, 2013/05/23, 16:16:06.057, 2779984976847, QTAgent32.exe, Playback - [WARNING] Internal warning: Smart Match failed
\0
W, 3504, 17, 2013/05/23, 16:16:06.214, 2779987217292, QTAgent32.exe, Playback - [WARNING] Internal warning: Smart Match failed
\0
W, 3504, 17, 2013/05/23, 16:16:06.370, 2779989459005, QTAgent32.exe, Playback - [WARNING] Internal warning: Smart Match failed
\0
W, 3504, 17, 2013/05/23, 16:16:06.526, 2779991684207, QTAgent32.exe, Playback - [WARNING] Internal warning: Smart Match failed
\0
W, 3504, 17, 2013/05/23, 16:16:06.683, 2779993946127, QTAgent32.exe, Playback - [WARNING] Internal warning: Smart Match failed
\0
W, 3504, 17, 2013/05/23, 16:16:06.842, 2779996215014, QTAgent32.exe, Playback - [WARNING] Internal warning: Smart Match failed
\0
W, 3504, 17, 2013/05/23, 16:16:06.996, 2779998413149, QTAgent32.exe, Playback - [WARNING] Internal warning: Smart Match failed
\0
W, 3504, 17, 2013/05/23, 16:16:07.149, 2780000605614, QTAgent32.exe, Playback - [WARNING] Internal warning: Smart Match failed
\0
W, 3504, 17, 2013/05/23, 16:16:07.302, 2780002794096, QTAgent32.exe, Playback - [WARNING] Internal warning: Smart Match failed
\0
W, 3504, 17, 2013/05/23, 16:16:07.457, 2780005016053, QTAgent32.exe, Playback - [WARNING] Internal warning: Smart Match failed
\0
W, 3504, 17, 2013/05/23, 16:16:07.512, 2780005796794, QTAgent32.exe, Playback - [WARNING] Internal warning: Window Not Found: [VisibleOnly]ControlType='Window' &amp;&amp; Name='Warning' &amp;&amp; ClassName='#32770'
\0
E, 3504, 17, 2013/05/23, 16:16:07.512, 2780005799559, QTAgent32.exe, &lt;a class=failure&gt;Playback - {16} [FAILED] Function ElementFetcher::FindScreenElement failed to locate UI element (Searching: ;[VisibleOnly]ControlType='Window' &amp;&amp; Name='Warning' &amp;&amp; ClassName='#32770') (The object specified was not found.)
\0&lt;/a&gt;
E, 3504, 17, 2013/05/23, 16:16:07.591, 2780006930936, QTAgent32.exe, Playback - [IMAGE] C:\Users\testuser\AppData\Local\Temp\UITestLogs\LastRun\RPFA1DD.png
\0
W, 3504, 17, 2013/05/23, 16:16:07.591, 2780006933513, QTAgent32.exe, Playback - [WARNING] Internal warning: Couldn't find descendants that match QueryId
\0
W, 3504, 17, 2013/05/23, 16:16:07.591, 2780006940979, QTAgent32.exe, PERF WARNING: FindTopLevelWindowHelper::FindAllDescendents: took 3089 ms. Expected it to take maximum 500 ms.
E, 3504, 17, 2013/05/23, 16:16:07.592, 2780006944003, QTAgent32.exe, Exception: System.Runtime.InteropServices.COMException
	Message: Error HRESULT E_FAIL has been returned from a call to a COM component.
	Stack Trace:    at Microsoft.VisualStudio.TestTools.UITest.Playback.Engine.IRPFPlayback.FindAllScreenElements(IScreenElement pScreenElementStart, String bstrQueryId, Object&amp; pvarResKeys, Int32 cResKeys, Int32 nMaxDepth, Object[]&amp; foundDescendants)
   at Microsoft.VisualStudio.TestTools.UITest.Playback.ScreenElement.FindTopLevelWindowHelper(String queryId)
	BaseExceptionMessage: Error HRESULT E_FAIL has been returned from a call to a COM component.

E, 3504, 17, 2013/05/23, 16:16:07.731, 2780008935965, QTAgent32.exe, AL: Playback Error: Microsoft.VisualStudio.TestTools.UITest.Extension.UITestControlNotFoundException: The playback failed to find the control with the given search properties. Additional Details: 
TechnologyName:  'MSAA'
ControlType:  'Window'
Name:  'Warning'
ClassName:  '#32770'
 ---&gt; System.Runtime.InteropServices.COMException: Error HRESULT E_FAIL has been returned from a call to a COM component.
   at Microsoft.VisualStudio.TestTools.UITest.Playback.Engine.IRPFPlayback.FindAllScreenElements(IScreenElement pScreenElementStart, String bstrQueryId, Object&amp; pvarResKeys, Int32 cResKeys, Int32 nMaxDepth, Object[]&amp; foundDescendants)
   at Microsoft.VisualStudio.TestTools.UITest.Playback.ScreenElement.FindTopLevelWindowHelper(String queryId)
   at Microsoft.VisualStudio.TestTools.UITest.Playback.ScreenElement.FindFromPartialQueryId(String queryId)
   at Microsoft.VisualStudio.TestTools.UITesting.UITestControl..ctor(String queryId)
   --- End of inner exception stack trace ---
   at Microsoft.VisualStudio.TestTools.UITesting.Playback.MapControlNotFoundException(COMException ex, IPlaybackContext context)
   at Microsoft.VisualStudio.TestTools.UITesting.Playback.MapAndThrowComException(COMException innerException, IPlaybackContext context)
   at Microsoft.VisualStudio.TestTools.UITesting.Playback.MapAndThrowException(SystemException exception, IPlaybackContext context)
   at Microsoft.VisualStudio.TestTools.UITesting.Playback.MapAndThrowException(SystemException exception, String queryId)
   at Microsoft.VisualStudio.TestTools.UITesting.UITestControl..ctor(String queryId)
   at Microsoft.VisualStudio.TestTools.UITesting.SearchHelper.SearchTopLevelWindow(ISearchArgument topLevelSearchArg, String topLevelElementQueryId)
   at Microsoft.VisualStudio.TestTools.UITesting.SearchHelper.GetTitleUpdatedTopLevelWindow(ISearchArgument topLevelSearchArg, String queryId, IList`1 windowTitles)
   at Microsoft.VisualStudio.TestTools.UITesting.SearchHelper.GetTopLevelElement(Boolean useCache, Boolean useCacheOnly, ISearchArgument searchArg, IList`1 windowTitles, Int32&amp; timeLeft)
   at Microsoft.VisualStudio.TestTools.UITesting.SearchHelper.GetElement(Boolean useCache, ISearchArgument searchArg)
   at Microsoft.VisualStudio.TestTools.UITesting.SearchHelper.Search(ISearchArgument searchArg)
   at Microsoft.VisualStudio.TestTools.UITesting.UITestControl.FindInternal()
   at Microsoft.VisualStudio.TestTools.UITesting.UITestControl.FindControlIfNecessary()
   at Microsoft.VisualStudio.TestTools.UITesting.UITestControl.Click(MouseButtons button, ModifierKeys modifierKeys, Point relativeCoordinates)
   at Microsoft.VisualStudio.TestTools.UITesting.Mouse.ClickImplementation(UITestControl control, MouseButtons button, ModifierKeys modifierKeys, Point relativeCoordinate)
   at Microsoft.VisualStudio.TestTools.UITesting.Mouse.ClickImplementationWrapper(UITestControl control, MouseButtons button, ModifierKeys modifierKeys, Point relativeCoordinate)
W, 3504, 17, 2013/05/23, 16:16:07.731, 2780008938761, QTAgent32.exe, PlaybackErrorHandler: Ignoring exception as ContinueOnError is set.
W, 3504, 17, 2013/05/23, 16:16:07.767, 2780009457877, QTAgent32.exe, &lt;a class=success&gt;Playback - {17} [SUCCESS] TypeString "#(R)"
\0&lt;/a&gt;
E, 3504, 17, 2013/05/23, 16:16:08.611, 2780021546202, QTAgent32.exe, Exception: System.ArgumentException
	Message: Value does not fall within the expected range.
	Stack Trace:    at Accessibility.IAccessible.get_accRole(Object varChild)
   at Microsoft.VisualStudio.TestTools.UITest.Extension.Msaa.AccWrapper.get_RoleInt()
	BaseExceptionMessage: Value does not fall within the expected range.

E, 3504, 17, 2013/05/23, 16:16:08.636, 2780021902434, QTAgent32.exe, Exception: System.ArgumentException
	Message: Value does not fall within the expected range.
	Stack Trace:    at Accessibility.IAccessible.get_accRole(Object varChild)
   at Microsoft.VisualStudio.TestTools.UITest.Extension.Msaa.AccWrapper.get_RoleInt()
	BaseExceptionMessage: Value does not fall within the expected range.

W, 3504, 17, 2013/05/23, 16:16:10.008, 2780041543511, QTAgent32.exe, &lt;a class=success&gt;Playback - {18} [SUCCESS] LeftButtonClick  &lt; Mouse cursor location (87, 908) &gt;
\0&lt;/a&gt;
W, 3504, 17, 2013/05/23, 16:16:11.416, 2780061700626, QTAgent32.exe, &lt;a class=success&gt;Playback - {19} [SUCCESS] SetValueAsEditBox "c:\TestProject7\office.reg"  &lt; Set via SendKeys &gt;
\0&lt;/a&gt;
W, 3504, 17, 2013/05/23, 16:16:11.416, 2780061704039, QTAgent32.exe, &lt;a class=success&gt;Playback - {20} [SUCCESS] SetValueAsComboBox "c:\TestProject7\office.reg" - "[MSAA, VisibleOnly]ControlType='ComboBox' &amp;&amp; Name='Open:'"  &lt; Set via SetValueAsEditBox &gt;
\0&lt;/a&gt;
W, 3504, 17, 2013/05/23, 16:16:11.687, 2780065578109, QTAgent32.exe, &lt;a class=success&gt;Playback - {21} [SUCCESS] MouseButtonClick - "[MSAA, VisibleOnly]ControlType='Button' &amp;&amp; Name='OK'"
\0&lt;/a&gt;
W, 3504, 17, 2013/05/23, 16:16:12.305, 2780074429583, QTAgent32.exe, &lt;a class=success&gt;Playback - {22} [SUCCESS] MouseButtonClick - "[MSAA, VisibleOnly]ControlType='Button' &amp;&amp; Name='Yes'"
\0&lt;/a&gt;
W, 3504, 17, 2013/05/23, 16:16:12.653, 2780079419166, QTAgent32.exe, &lt;a class=success&gt;Playback - {23} [SUCCESS] MouseButtonClick - "[MSAA, VisibleOnly]ControlType='Button' &amp;&amp; Name='OK'"
\0&lt;/a&gt;
W, 3504, 17, 2013/05/23, 16:16:12.934, 2780083432549, QTAgent32.exe, &lt;a class=success&gt;Playback - {24} [SUCCESS] MouseButtonClick - "[MSAA, VisibleOnly]ControlType='Button' &amp;&amp; Name='Clients &amp; Files'"
\0&lt;/a&gt;
W, 3504, 17, 2013/05/23, 16:16:14.342, 2780103603022, QTAgent32.exe, Playback - [WARNING] Internal warning: Window Not Found: [VisibleOnly]ControlType='Window' &amp;&amp; ClassName='ThunderRT6MDIForm'
\0
E, 3504, 17, 2013/05/23, 16:16:14.342, 2780103606373, QTAgent32.exe, &lt;a class=failure&gt;Playback - {25} [FAILED] Function ElementFetcher::FindScreenElement failed to locate UI element (Searching: ;[VisibleOnly]ControlType='Window' &amp;&amp; ClassName='ThunderRT6MDIForm') (The object specified was not found.)
\0&lt;/a&gt;
E, 3504, 17, 2013/05/23, 16:16:14.419, 2780104698576, QTAgent32.exe, Playback - [IMAGE] C:\Users\testuser\AppData\Local\Temp\UITestLogs\LastRun\RPFBC8F.png
\0
W, 3504, 17, 2013/05/23, 16:16:14.419, 2780104700781, QTAgent32.exe, Playback - [WARNING] Internal warning: Couldn't find descendants that match QueryId
\0
W, 3504, 17, 2013/05/23, 16:16:14.419, 2780104703849, QTAgent32.exe, PERF WARNING: FindTopLevelWindowHelper::FindAllDescendents: took 1385 ms. Expected it to take maximum 500 ms.
W, 3504, 17, 2013/05/23, 16:16:15.229, 2780116298185, QTAgent32.exe, Playback - [WARNING] Internal warning: Incorrect flag set for InvokeProgrammaticAction\0
W, 3504, 17, 2013/05/23, 16:16:15.351, 2780118044039, QTAgent32.exe, &lt;a class=success&gt;Playback - {26} [SUCCESS] SetValueAsComboBox "Customers" - "[MSAA, VisibleOnly]ControlType='ComboBox'"  &lt; SetValueAsComboBox, set by clicking on the item in the list box &gt;
\0&lt;/a&gt;
W, 3504, 17, 2013/05/23, 16:16:16.013, 2780127517980, QTAgent32.exe, &lt;a class=success&gt;Playback - {27} [SUCCESS] MouseButtonClick - "[MSAA, VisibleOnly]ControlType='Button' &amp;&amp; Name='Add'"
\0&lt;/a&gt;
W, 3504, 17, 2013/05/23, 16:16:16.582, 2780135668543, QTAgent32.exe, &lt;a class=success&gt;Playback - {28} [SUCCESS] SendKeys "autotest" - "[MSAA, VisibleOnly]ControlType='RadioButton' &amp;&amp; Name='Personal Lines'"
\0&lt;/a&gt;
W, 3504, 17, 2013/05/23, 16:16:17.515, 2780149037482, QTAgent32.exe, &lt;a class=success&gt;Playback - {29} [SUCCESS] SetValueAsEditBox "autotest" - "[MSAA, VisibleOnly]ControlType='Edit'"  &lt; Set via SendKeys &gt;
\0&lt;/a&gt;
W, 3504, 17, 2013/05/23, 16:16:17.892, 2780154435034, QTAgent32.exe, &lt;a class=success&gt;Playback - {30} [SUCCESS] MouseButtonClick - "[MSAA, VisibleOnly]ControlType='Button' &amp;&amp; Name='OK'"
\0&lt;/a&gt;
W, 3504, 17, 2013/05/23, 16:16:18.337, 2780160808271, QTAgent32.exe, &lt;a class=success&gt;Playback - {31} [SUCCESS] MouseButtonClick - "[MSAA, VisibleOnly]ControlType='Button' &amp;&amp; Name='Yes'"
\0&lt;/a&gt;
W, 3504, 17, 2013/05/23, 16:16:18.796, 2780167372037, QTAgent32.exe, &lt;a class=success&gt;Playback - {32} [SUCCESS] SendKeys "^{HOME}" - "[MSAA, VisibleOnly]ControlType='Edit'"
\0&lt;/a&gt;
E, 3504, 17, 2013/05/23, 16:16:18.796, 2780167376501, QTAgent32.exe, Msaa.GetFocusedElement: could not find accessible object of foreground window
W, 3504, 17, 2013/05/23, 16:16:18.869, 2780168418279, QTAgent32.exe, &lt;a class=success&gt;Playback - {33} [SUCCESS] SendKeys "^+{END}" - "[MSAA, VisibleOnly]ControlType='Edit'"
\0&lt;/a&gt;
E, 3504, 17, 2013/05/23, 16:16:18.870, 2780168421870, QTAgent32.exe, Msaa.GetFocusedElement: could not find accessible object of foreground window
W, 3504, 17, 2013/05/23, 16:16:18.885, 2780168640787, QTAgent32.exe, &lt;a class=success&gt;Playback - {34} [SUCCESS] SendKeys "{DELETE}" - "[MSAA, VisibleOnly]ControlType='Edit'"
\0&lt;/a&gt;
W, 3504, 17, 2013/05/23, 16:16:19.226, 2780173522029, QTAgent32.exe, &lt;a class=success&gt;Playback - {35} [SUCCESS] SetValueAsEditBox "1" - "[MSAA, VisibleOnly]ControlType='Edit'"  &lt; Set via SendKeys &gt;
\0&lt;/a&gt;
W, 3504, 17, 2013/05/23, 16:16:19.706, 2780180396116, QTAgent32.exe, &lt;a class=success&gt;Playback - {36} [SUCCESS] SendKeys "^{HOME}" - "[MSAA, VisibleOnly]ControlType='Edit'"
\0&lt;/a&gt;
E, 3504, 17, 2013/05/23, 16:16:19.706, 2780180399566, QTAgent32.exe, Msaa.GetFocusedElement: could not find accessible object of foreground window
W, 3504, 17, 2013/05/23, 16:16:19.770, 2780181319652, QTAgent32.exe, &lt;a class=success&gt;Playback - {37} [SUCCESS] SendKeys "^+{END}" - "[MSAA, VisibleOnly]ControlType='Edit'"
\0&lt;/a&gt;
E, 3504, 17, 2013/05/23, 16:16:19.770, 2780181322962, QTAgent32.exe, Msaa.GetFocusedElement: could not find accessible object of foreground window
W, 3504, 17, 2013/05/23, 16:16:19.785, 2780181536406, QTAgent32.exe, &lt;a class=success&gt;Playback - {38} [SUCCESS] SendKeys "{DELETE}" - "[MSAA, VisibleOnly]ControlType='Edit'"
\0&lt;/a&gt;
W, 3504, 17, 2013/05/23, 16:16:20.094, 2780185958135, QTAgent32.exe, &lt;a class=success&gt;Playback - {39} [SUCCESS] SetValueAsEditBox "1" - "[MSAA, VisibleOnly]ControlType='Edit'"  &lt; Set via SendKeys &gt;
\0&lt;/a&gt;
W, 3504, 17, 2013/05/23, 16:16:21.704, 2780209005228, QTAgent32.exe, Playback - [WARNING] Internal warning: Target element "[MSAA, VisibleOnly]ControlType='Button' &amp;&amp; Name='OK'" was not found, so all intermediate elements were ignored. An incorrect element that matches target element Id can be found as the result.  Verify that all intermediate elements in QueryId have valid and unique Ids
\0
W, 3504, 17, 2013/05/23, 16:16:22.258, 2780216950222, QTAgent32.exe, PERF WARNING: FindAllDescendents: took 2063 ms. Expected it to take maximum 500 ms.
W, 3504, 17, 2013/05/23, 16:16:22.546, 2780221058256, QTAgent32.exe, &lt;a class=success&gt;Playback - {40} [SUCCESS] MouseButtonClick - "[MSAA, VisibleOnly]ControlType='Button' &amp;&amp; Name='OK'"
\0&lt;/a&gt;
W, 3504, 17, 2013/05/23, 16:16:22.918, 2780226386157, QTAgent32.exe, &lt;a class=success&gt;Playback - {41} [SUCCESS] MouseButtonClick - "[MSAA, VisibleOnly]ControlType='Button'"
\0&lt;/a&gt;
W, 3504, 17, 2013/05/23, 16:16:23.294, 2780231767899, QTAgent32.exe, &lt;a class=success&gt;Playback - {42} [SUCCESS] MouseButtonClick - "[MSAA, VisibleOnly]ControlType='Button' &amp;&amp; Name='Add'"
\0&lt;/a&gt;
W, 3504, 17, 2013/05/23, 16:16:23.657, 2780236970404, QTAgent32.exe, &lt;a class=success&gt;Playback - {43} [SUCCESS] MouseButtonClick - "[MSAA, VisibleOnly]ControlType='Button' &amp;&amp; Name='OK'"
\0&lt;/a&gt;
W, 3504, 17, 2013/05/23, 16:16:25.898, 2780269058897, QTAgent32.exe, &lt;a class=success&gt;Playback - {44} [SUCCESS] MouseButtonClick - "[MSAA, VisibleOnly,Window]ControlType='Window' &amp;&amp; ClassName='ThunderRT6TextBox'"
\0&lt;/a&gt;
W, 3504, 17, 2013/05/23, 16:16:26.694, 2780280450945, QTAgent32.exe, &lt;a class=success&gt;Playback - {45} [SUCCESS] SetValueAsEditBox "MOTO" - "[MSAA, VisibleOnly]ControlType='Edit'"  &lt; Set via SendKeys &gt;
\0&lt;/a&gt;
W, 3504, 17, 2013/05/23, 16:16:27.047, 2780285515593, QTAgent32.exe, &lt;a class=success&gt;Playback - {46} [SUCCESS] MouseButtonClick - "[MSAA, VisibleOnly]ControlType='Button' &amp;&amp; Name='OK'"
\0&lt;/a&gt;
W, 3504, 17, 2013/05/23, 16:16:27.288, 2780288953116, QTAgent32.exe, &lt;a class=success&gt;Playback - {47} [SUCCESS] MouseButtonClick - "[MSAA, VisibleOnly]ControlType='Button' &amp;&amp; Name='Options'"
\0&lt;/a&gt;
W, 3504, 17, 2013/05/23, 16:16:27.388, 2780290392654, QTAgent32.exe, FindScreenElementInSinglePass : Attempting to find control in one pass of search. Failures can occur.
W, 3504, 17, 2013/05/23, 16:16:27.847, 2780296960662, QTAgent32.exe, &lt;a class=success&gt;Playback - {48} [SUCCESS] MouseButtonClick - "[MSAA]ControlType='MenuItem' &amp;&amp; Name='Links'"
\0&lt;/a&gt;
W, 3504, 17, 2013/05/23, 16:16:27.947, 2780298398204, QTAgent32.exe, FindScreenElementInSinglePass : Attempting to find control in one pass of search. Failures can occur.
W, 3504, 17, 2013/05/23, 16:16:28.378, 2780304565121, QTAgent32.exe, &lt;a class=success&gt;Playback - {49} [SUCCESS] MouseButtonClick - "[MSAA]ControlType='MenuItem' &amp;&amp; Name='3rd Party Integration'"
\0&lt;/a&gt;
W, 3504, 17, 2013/05/23, 16:16:28.478, 2780306003554, QTAgent32.exe, FindScreenElementInSinglePass : Attempting to find control in one pass of search. Failures can occur.
W, 3504, 17, 2013/05/23, 16:16:28.894, 2780311955122, QTAgent32.exe, &lt;a class=success&gt;Playback - {50} [SUCCESS] MouseButtonClick - "[MSAA]ControlType='MenuItem' &amp;&amp; Name='Quote Select List'"
\0&lt;/a&gt;
W, 3504, 17, 2013/05/23, 16:16:30.371, 2780333102396, QTAgent32.exe, PERF WARNING: FindTopLevelWindowHelper::FindAllDescendents: took 1371 ms. Expected it to take maximum 500 ms.
W, 3504, 17, 2013/05/23, 16:16:30.954, 2780341445632, QTAgent32.exe, &lt;a class=success&gt;Playback - {51} [SUCCESS] MouseButtonClick - "[MSAA, VisibleOnly]ControlType='Button' &amp;&amp; Name='Ok'"
\0&lt;/a&gt;
W, 3504, 17, 2013/05/23, 16:16:33.679, 2780380475865, QTAgent32.exe, PERF WARNING: FindTopLevelWindowHelper::FindAllDescendents: took 2624 ms. Expected it to take maximum 500 ms.
W, 3504, 17, 2013/05/23, 16:16:33.971, 2780384647044, QTAgent32.exe, &lt;a class=success&gt;Playback - {52} [SUCCESS] MouseButtonClick - "[MSAA, VisibleOnly]ControlType='Button' &amp;&amp; Name='Ok'"
\0&lt;/a&gt;
W, 3504, 17, 2013/05/23, 16:16:34.677, 2780394760076, QTAgent32.exe, &lt;a class=success&gt;Playback - {53} [SUCCESS] SetValueAsEditBox "Test" - "[MSAA, VisibleOnly]ControlType='Edit'"  &lt; Set via SendKeys &gt;
\0&lt;/a&gt;
W, 3504, 17, 2013/05/23, 16:16:35.021, 2780399687819, QTAgent32.exe, &lt;a class=success&gt;Playback - {54} [SUCCESS] SendKeys "{Tab}" - "[MSAA, VisibleOnly]ControlType='Edit'"
\0&lt;/a&gt;
W, 3504, 17, 2013/05/23, 16:16:35.710, 2780409546238, QTAgent32.exe, &lt;a class=success&gt;Playback - {55} [SUCCESS] SetValueAsEditBox "test" - "[MSAA, VisibleOnly]ControlType='Edit'"  &lt; Set via SendKeys &gt;
\0&lt;/a&gt;
W, 3504, 17, 2013/05/23, 16:16:36.470, 2780420436791, QTAgent32.exe, &lt;a class=success&gt;Playback - {56} [SUCCESS] SetValueAsEditBox "160485" - "[MSAA, VisibleOnly]ControlType='Edit'"  &lt; Set via SendKeys &gt;
\0&lt;/a&gt;
W, 3504, 17, 2013/05/23, 16:16:37.169, 2780430445318, QTAgent32.exe, &lt;a class=success&gt;Playback - {57} [SUCCESS] SetValueAsEditBox "B338TH" - "[MSAA, VisibleOnly]ControlType='Edit'"  &lt; Set via SendKeys &gt;
\0&lt;/a&gt;
W, 3504, 17, 2013/05/23, 16:16:39.415, 2780462597674, QTAgent32.exe, &lt;a class=success&gt;Playback - {58} [SUCCESS] MouseButtonClick - "[MSAA, VisibleOnly]ControlType='Button' &amp;&amp; Name='Lookup...'"
\0&lt;/a&gt;
W, 3504, 17, 2013/05/23, 16:16:39.672, 2780466276887, QTAgent32.exe, &lt;a class=success&gt;Playback - {59} [SUCCESS] MouseButtonClick - "[MSAA, VisibleOnly]ControlType='Button' &amp;&amp; Name='Ok'"
\0&lt;/a&gt;
W, 3504, 17, 2013/05/23, 16:16:41.686, 2780495115335, QTAgent32.exe, &lt;a class=success&gt;Playback - {60} [SUCCESS] MouseButtonClick - "[MSAA, VisibleOnly]ControlType='Button' &amp;&amp; Name='OK'"
\0&lt;/a&gt;
W, 3504, 17, 2013/05/23, 16:16:42.752, 2780510371350, QTAgent32.exe, Playback - [WARNING] Internal warning: Incorrect flag set for InvokeProgrammaticAction\0
W, 3504, 17, 2013/05/23, 16:16:42.873, 2780512112690, QTAgent32.exe, &lt;a class=success&gt;Playback - {61} [SUCCESS] SetValueAsComboBox "Account Executive" - "[MSAA, VisibleOnly]ControlType='ComboBox'"  &lt; SetValueAsComboBox, set by clicking on the item in the list box &gt;
\0&lt;/a&gt;
W, 3504, 17, 2013/05/23, 16:16:43.915, 2780527033666, QTAgent32.exe, Playback - [WARNING] Internal warning: Incorrect flag set for InvokeProgrammaticAction\0
W, 3504, 17, 2013/05/23, 16:16:44.037, 2780528773345, QTAgent32.exe, &lt;a class=success&gt;Playback - {62} [SUCCESS] SetValueAsComboBox "Acupuncture" - "[MSAA, VisibleOnly]ControlType='ComboBox'"  &lt; SetValueAsComboBox, set by clicking on the item in the list box &gt;
\0&lt;/a&gt;
W, 3504, 17, 2013/05/23, 16:16:45.101, 2780544017670, QTAgent32.exe, &lt;a class=success&gt;Playback - {63} [SUCCESS] SetValueAsEditBox "151101" - "[MSAA, VisibleOnly]ControlType='Edit'"  &lt; Set via SendKeys &gt;
\0&lt;/a&gt;
W, 3504, 17, 2013/05/23, 16:16:46.936, 2780570279208, QTAgent32.exe, &lt;a class=success&gt;Playback - {64} [SUCCESS] MouseButtonClick - "[MSAA, VisibleOnly]ControlType='Button' &amp;&amp; Name='OK'"
\0&lt;/a&gt;
W, 3504, 17, 2013/05/23, 16:16:47.977, 2780585188258, QTAgent32.exe, &lt;a class=success&gt;Playback - {65} [SUCCESS] SetValueAsEditBox "RF53OXL" - "[MSAA, VisibleOnly]ControlType='Edit'"  &lt; Set via SendKeys &gt;
\0&lt;/a&gt;
W, 3504, 17, 2013/05/23, 16:16:48.955, 2780599199432, QTAgent32.exe, &lt;a class=success&gt;Playback - {66} [SUCCESS] MouseButtonClick - "[MSAA, VisibleOnly]ControlType='Button' &amp;&amp; Name='Filter'"
\0&lt;/a&gt;
W, 3504, 17, 2013/05/23, 16:16:49.274, 2780603767099, QTAgent32.exe, &lt;a class=success&gt;Playback - {67} [SUCCESS] MouseButtonClick - "[MSAA, VisibleOnly]ControlType='Button' &amp;&amp; Name='OK'"
\0&lt;/a&gt;
W, 3504, 17, 2013/05/23, 16:16:49.950, 2780613439832, QTAgent32.exe, &lt;a class=success&gt;Playback - {68} [SUCCESS] SendKeys "^{HOME}" - "[MSAA, VisibleOnly]ControlType='Edit'"
\0&lt;/a&gt;
E, 3504, 17, 2013/05/23, 16:16:49.950, 2780613443544, QTAgent32.exe, Msaa.GetFocusedElement: could not find accessible object of foreground window
W, 3504, 17, 2013/05/23, 16:16:50.020, 2780614442267, QTAgent32.exe, &lt;a class=success&gt;Playback - {69} [SUCCESS] SendKeys "^+{END}" - "[MSAA, VisibleOnly]ControlType='Edit'"
\0&lt;/a&gt;
E, 3504, 17, 2013/05/23, 16:16:50.020, 2780614445564, QTAgent32.exe, Msaa.GetFocusedElement: could not find accessible object of foreground window
W, 3504, 17, 2013/05/23, 16:16:50.035, 2780614658621, QTAgent32.exe, &lt;a class=success&gt;Playback - {70} [SUCCESS] SendKeys "{DELETE}" - "[MSAA, VisibleOnly]ControlType='Edit'"
\0&lt;/a&gt;
W, 3504, 17, 2013/05/23, 16:16:50.533, 2780621782977, QTAgent32.exe, &lt;a class=success&gt;Playback - {71} [SUCCESS] SetValueAsEditBox "1000" - "[MSAA, VisibleOnly]ControlType='Edit'"  &lt; Set via SendKeys &gt;
\0&lt;/a&gt;
W, 3504, 17, 2013/05/23, 16:16:50.924, 2780627383612, QTAgent32.exe, &lt;a class=success&gt;Playback - {72} [SUCCESS] MouseButtonClick - "[MSAA, VisibleOnly]ControlType='Button' &amp;&amp; Name='Calculate Quote'"
\0&lt;/a&gt;
W, 3504, 17, 2013/05/23, 16:16:59.986, 2780757135923, QTAgent32.exe, Playback - [WARNING] Internal warning: Window Not Found: [VisibleOnly]ControlType='Window' &amp;&amp; Name='Quote Select List' &amp;&amp; ClassName='ThunderRT6FormDC'
\0
E, 3504, 17, 2013/05/23, 16:16:59.986, 2780757141070, QTAgent32.exe, &lt;a class=failure&gt;Playback - {73} [FAILED] Function ElementFetcher::FindScreenElement failed to locate UI element (Searching: ;[VisibleOnly]ControlType='Window' &amp;&amp; Name='Quote Select List' &amp;&amp; ClassName='ThunderRT6FormDC') (The object specified was not found.)
\0&lt;/a&gt;
E, 3504, 17, 2013/05/23, 16:17:00.124, 2780759118307, QTAgent32.exe, Playback - [IMAGE] C:\Users\testuser\AppData\Local\Temp\UITestLogs\LastRun\RPF6EDD.png
\0
W, 3504, 17, 2013/05/23, 16:17:00.124, 2780759120728, QTAgent32.exe, Playback - [WARNING] Internal warning: Couldn't find descendants that match QueryId
\0
W, 3504, 17, 2013/05/23, 16:17:00.125, 2780759124435, QTAgent32.exe, PERF WARNING: FindTopLevelWindowHelper::FindAllDescendents: took 9100 ms. Expected it to take maximum 500 ms.
W, 3504, 17, 2013/05/23, 16:17:19.271, 2781033263113, QTAgent32.exe, Playback - [WARNING] Internal warning: Window Not Found: [VisibleOnly]ControlType='Window' &amp;&amp; Name='Quote Select List' &amp;&amp; ClassName='ThunderRT6FormDC'
\0
E, 3504, 17, 2013/05/23, 16:17:19.272, 2781033272217, QTAgent32.exe, &lt;a class=failure&gt;Playback - {74} [FAILED] Function ElementFetcher::FindScreenElement failed to locate UI element (Searching: ;[VisibleOnly]ControlType='Window' &amp;&amp; Name='Quote Select List' &amp;&amp; ClassName='ThunderRT6FormDC') (The object specified was not found.)
\0&lt;/a&gt;
E, 3504, 17, 2013/05/23, 16:17:19.364, 2781034600168, QTAgent32.exe, Playback - [IMAGE] C:\Users\testuser\AppData\Local\Temp\UITestLogs\LastRun\RPFBA30.png
\0
W, 3504, 17, 2013/05/23, 16:17:19.365, 2781034602836, QTAgent32.exe, Playback - [WARNING] Internal warning: Couldn't find descendants that match QueryId
\0
W, 3504, 17, 2013/05/23, 16:17:19.365, 2781034610784, QTAgent32.exe, PERF WARNING: FindTopLevelWindowHelper::FindAllDescendents: took 19240 ms. Expected it to take maximum 500 ms.
W, 3504, 17, 2013/05/23, 16:17:22.286, 2781076432166, QTAgent32.exe, Playback - [WARNING] Internal warning: Smart Match failed
\0
W, 3504, 17, 2013/05/23, 16:17:23.515, 2781094025840, QTAgent32.exe, Playback - [WARNING] Internal warning: Window Not Found: [VisibleOnly]ControlType='Window' &amp;&amp; Name='Quote Select List' &amp;&amp; ClassName='ThunderRT6FormDC'
\0
E, 3504, 17, 2013/05/23, 16:17:23.515, 2781094029531, QTAgent32.exe, &lt;a class=failure&gt;Playback - {75} [FAILED] Function ElementFetcher::FindScreenElement failed to locate UI element (Searching: ;[VisibleOnly]ControlType='Window' &amp;&amp; Name='Quote Select List' &amp;&amp; ClassName='ThunderRT6FormDC') (The object specified was not found.)
\0&lt;/a&gt;
E, 3504, 17, 2013/05/23, 16:17:23.598, 2781095225814, QTAgent32.exe, Playback - [IMAGE] C:\Users\testuser\AppData\Local\Temp\UITestLogs\LastRun\RPFCAC4.png
\0
W, 3504, 17, 2013/05/23, 16:17:23.599, 2781095228413, QTAgent32.exe, Playback - [WARNING] Internal warning: Couldn't find descendants that match QueryId
\0
W, 3504, 17, 2013/05/23, 16:17:23.599, 2781095231625, QTAgent32.exe, PERF WARNING: FindTopLevelWindowHelper::FindAllDescendents: took 4233 ms. Expected it to take maximum 500 ms.
E, 3504, 17, 2013/05/23, 16:17:23.599, 2781095233834, QTAgent32.exe, Exception: System.Runtime.InteropServices.COMException
	Message: Error HRESULT E_FAIL has been returned from a call to a COM component.
	Stack Trace:    at Microsoft.VisualStudio.TestTools.UITest.Playback.Engine.IRPFPlayback.FindAllScreenElements(IScreenElement pScreenElementStart, String bstrQueryId, Object&amp; pvarResKeys, Int32 cResKeys, Int32 nMaxDepth, Object[]&amp; foundDescendants)
   at Microsoft.VisualStudio.TestTools.UITest.Playback.ScreenElement.FindTopLevelWindowHelper(String queryId)
	BaseExceptionMessage: Error HRESULT E_FAIL has been returned from a call to a COM component.

E, 3504, 17, 2013/05/23, 16:17:23.700, 2781096686088, QTAgent32.exe, AL: Playback Error: Microsoft.VisualStudio.TestTools.UITest.Extension.UITestControlNotFoundException: The playback failed to find the control with the given search properties. Additional Details: 
TechnologyName:  'MSAA'
ControlType:  'Window'
Name:  'Quote Select List'
ClassName:  'ThunderRT6FormDC'
 ---&gt; System.Runtime.InteropServices.COMException: Error HRESULT E_FAIL has been returned from a call to a COM component.
   at Microsoft.VisualStudio.TestTools.UITest.Playback.Engine.IRPFPlayback.FindAllScreenElements(IScreenElement pScreenElementStart, String bstrQueryId, Object&amp; pvarResKeys, Int32 cResKeys, Int32 nMaxDepth, Object[]&amp; foundDescendants)
   at Microsoft.VisualStudio.TestTools.UITest.Playback.ScreenElement.FindTopLevelWindowHelper(String queryId)
   at Microsoft.VisualStudio.TestTools.UITest.Playback.ScreenElement.FindFromPartialQueryId(String queryId)
   at Microsoft.VisualStudio.TestTools.UITesting.UITestControl..ctor(String queryId)
   --- End of inner exception stack trace ---
   at Microsoft.VisualStudio.TestTools.UITesting.Playback.MapControlNotFoundException(COMException ex, IPlaybackContext context)
   at Microsoft.VisualStudio.TestTools.UITesting.Playback.MapAndThrowComException(COMException innerException, IPlaybackContext context)
   at Microsoft.VisualStudio.TestTools.UITesting.Playback.MapAndThrowException(SystemException exception, IPlaybackContext context)
   at Microsoft.VisualStudio.TestTools.UITesting.Playback.MapAndThrowException(SystemException exception, String queryId)
   at Microsoft.VisualStudio.TestTools.UITesting.UITestControl..ctor(String queryId)
   at Microsoft.VisualStudio.TestTools.UITesting.SearchHelper.SearchTopLevelWindow(ISearchArgument topLevelSearchArg, String topLevelElementQueryId)
   at Microsoft.VisualStudio.TestTools.UITesting.SearchHelper.GetTitleUpdatedTopLevelWindow(ISearchArgument topLevelSearchArg, String queryId, IList`1 windowTitles)
   at Microsoft.VisualStudio.TestTools.UITesting.SearchHelper.GetTopLevelElement(Boolean useCache, Boolean useCacheOnly, ISearchArgument searchArg, IList`1 windowTitles, Int32&amp; timeLeft)
   at Microsoft.VisualStudio.TestTools.UITesting.SearchHelper.GetElement(Boolean useCache, ISearchArgument searchArg)
   at Microsoft.VisualStudio.TestTools.UITesting.SearchHelper.Search(ISearchArgument searchArg)
   at Microsoft.VisualStudio.TestTools.UITesting.UITestControl.FindInternal()
   at Microsoft.VisualStudio.TestTools.UITesting.UITestControl.FindControlIfNecessary()
   at Microsoft.VisualStudio.TestTools.UITesting.UITestControl.Click(MouseButtons button, ModifierKeys modifierKeys, Point relativeCoordinates)
   at Microsoft.VisualStudio.TestTools.UITesting.Mouse.ClickImplementation(UITestControl control, MouseButtons button, ModifierKeys modifierKeys, Point relativeCoordinate)
   at Microsoft.VisualStudio.TestTools.UITesting.Mouse.ClickImplementationWrapper(UITestControl control, MouseButtons button, ModifierKeys modifierKeys, Point relativeCoordinate)
W, 3504, 17, 2013/05/23, 16:17:23.701, 2781096689953, QTAgent32.exe, PlaybackErrorHandler: Ignoring exception as ContinueOnError is set.
W, 3504, 17, 2013/05/23, 16:17:23.869, 2781099100497, QTAgent32.exe, &lt;a class=success&gt;Playback - {76} [SUCCESS] MouseButtonClick - "[MSAA, VisibleOnly]ControlType='Button' &amp;&amp; Name='No'"
\0&lt;/a&gt;
W, 3504, 17, 2013/05/23, 16:17:24.204, 2781103898056, QTAgent32.exe, &lt;a class=success&gt;Playback - {77} [SUCCESS] MouseButtonClick - "[MSAA, VisibleOnly]ControlType='Button' &amp;&amp; Name='Ok'"
\0&lt;/a&gt;
W, 3504, 17, 2013/05/23, 16:17:34.869, 2781256604377, QTAgent32.exe, PERF WARNING: FindTopLevelWindowHelper::FindAllDescendents: took 10557 ms. Expected it to take maximum 500 ms.
W, 3504, 17, 2013/05/23, 16:17:35.088, 2781259738059, QTAgent32.exe, &lt;a class=success&gt;Playback - {78} [SUCCESS] MouseButtonClick - "[MSAA, VisibleOnly]ControlType='Button' &amp;&amp; Name='AWAP'"
\0&lt;/a&gt;
W, 3504, 17, 2013/05/23, 16:17:36.749, 2781283517089, QTAgent32.exe, Playback - [WARNING] Internal warning: Incorrect flag set for InvokeProgrammaticAction\0
W, 3504, 17, 2013/05/23, 16:17:36.870, 2781285258603, QTAgent32.exe, &lt;a class=success&gt;Playback - {79} [SUCCESS] SetValueAsComboBox "AIG" - "[MSAA, VisibleOnly]ControlType='ComboBox'"  &lt; SetValueAsComboBox, set by clicking on the item in the list box &gt;
\0&lt;/a&gt;
W, 3504, 17, 2013/05/23, 16:17:38.443, 2781307768188, QTAgent32.exe, &lt;a class=success&gt;Playback - {80} [SUCCESS] SetValueAsEditBox "test" - "[MSAA, VisibleOnly]ControlType='Edit'"  &lt; Set via SendKeys &gt;
\0&lt;/a&gt;
W, 3504, 17, 2013/05/23, 16:17:40.173, 2781332549985, QTAgent32.exe, &lt;a class=success&gt;Playback - {81} [SUCCESS] SetValueAsEditBox "12345" - "[MSAA, VisibleOnly]ControlType='Edit'"  &lt; Set via SendKeys &gt;
\0&lt;/a&gt;
W, 3504, 17, 2013/05/23, 16:17:41.636, 2781353492509, QTAgent32.exe, &lt;a class=success&gt;Playback - {82} [SUCCESS] SetValueAsEditBox "10000" - "[MSAA, VisibleOnly]ControlType='Edit'"  &lt; Set via SendKeys &gt;
\0&lt;/a&gt;
W, 3504, 17, 2013/05/23, 16:17:41.878, 2781356954822, QTAgent32.exe, &lt;a class=success&gt;Playback - {83} [SUCCESS] MouseButtonClick - "[MSAA, VisibleOnly]ControlType='Edit'"
\0&lt;/a&gt;
W, 3504, 17, 2013/05/23, 16:17:42.158, 2781360967671, QTAgent32.exe, &lt;a class=success&gt;Playback - {84} [SUCCESS] MouseButtonClick - "[MSAA, VisibleOnly]ControlType='Button' &amp;&amp; Name='OK'"
\0&lt;/a&gt;
W, 3504, 17, 2013/05/23, 16:17:43.398, 2781378717681, QTAgent32.exe, PERF WARNING: FindTopLevelWindowHelper::FindAllDescendents: took 1139 ms. Expected it to take maximum 500 ms.
W, 3504, 17, 2013/05/23, 16:17:43.734, 2781383526951, QTAgent32.exe, &lt;a class=success&gt;Playback - {85} [SUCCESS] MouseButtonClick - "[MSAA, VisibleOnly]ControlType='Button' &amp;&amp; Name='Ok'"
\0&lt;/a&gt;
W, 3504, 17, 2013/05/23, 16:17:44.368, 2781392615895, QTAgent32.exe, &lt;a class=success&gt;Playback - {86} [SUCCESS] Uncheck - "[MSAA, VisibleOnly]ControlType='CheckBox' &amp;&amp; Name='Add Activity'"
\0&lt;/a&gt;
W, 3504, 17, 2013/05/23, 16:17:44.845, 2781399438908, QTAgent32.exe, &lt;a class=success&gt;Playback - {87} [SUCCESS] MouseButtonClick - "[MSAA, VisibleOnly]ControlType='Button' &amp;&amp; Name='Ok'"
\0&lt;/a&gt;
W, 3504, 17, 2013/05/23, 16:17:45.116, 2781403317842, QTAgent32.exe, &lt;a class=success&gt;Playback - {88} [SUCCESS] MouseButtonClick - "[MSAA, VisibleOnly]ControlType='Button' &amp;&amp; Name='Ok'"
\0&lt;/a&gt;
W, 3504, 17, 2013/05/23, 16:17:48.789, 2781455917080, QTAgent32.exe, Playback - [WARNING] Internal warning: Window Not Found: [VisibleOnly]ControlType='Window' &amp;&amp; Name='Transaction to insert' &amp;&amp; ClassName='TfSelectItem'
\0
E, 3504, 17, 2013/05/23, 16:17:48.790, 2781455922321, QTAgent32.exe, &lt;a class=failure&gt;Playback - {89} [FAILED] Function ElementFetcher::FindScreenElement failed to locate UI element (Searching: ;[VisibleOnly]ControlType='Window' &amp;&amp; Name='Transaction to insert' &amp;&amp; ClassName='TfSelectItem') (The object specified was not found.)
\0&lt;/a&gt;
E, 3504, 17, 2013/05/23, 16:17:48.870, 2781457066859, QTAgent32.exe, Playback - [IMAGE] C:\Users\testuser\AppData\Local\Temp\UITestLogs\LastRun\RPF2D7E.png
\0
W, 3504, 17, 2013/05/23, 16:17:48.870, 2781457069209, QTAgent32.exe, Playback - [WARNING] Internal warning: Couldn't find descendants that match QueryId
\0
W, 3504, 17, 2013/05/23, 16:17:48.871, 2781457082056, QTAgent32.exe, PERF WARNING: FindTopLevelWindowHelper::FindAllDescendents: took 3654 ms. Expected it to take maximum 500 ms.
W, 3504, 17, 2013/05/23, 16:18:06.893, 2781715130037, QTAgent32.exe, Playback - [WARNING] Internal warning: Window Not Found: [VisibleOnly]ControlType='Window' &amp;&amp; Name='Transaction to insert' &amp;&amp; ClassName='TfSelectItem'
\0
E, 3504, 17, 2013/05/23, 16:18:06.894, 2781715135648, QTAgent32.exe, &lt;a class=failure&gt;Playback - {90} [FAILED] Function ElementFetcher::FindScreenElement failed to locate UI element (Searching: ;[VisibleOnly]ControlType='Window' &amp;&amp; Name='Transaction to insert' &amp;&amp; ClassName='TfSelectItem') (The object specified was not found.)
\0&lt;/a&gt;
E, 3504, 17, 2013/05/23, 16:18:06.975, 2781716294413, QTAgent32.exe, Playback - [IMAGE] C:\Users\testuser\AppData\Local\Temp\UITestLogs\LastRun\RPF743E.png
\0
W, 3504, 17, 2013/05/23, 16:18:06.975, 2781716296860, QTAgent32.exe, Playback - [WARNING] Internal warning: Couldn't find descendants that match QueryId
\0
W, 3504, 17, 2013/05/23, 16:18:06.975, 2781716301870, QTAgent32.exe, PERF WARNING: FindTopLevelWindowHelper::FindAllDescendents: took 18103 ms. Expected it to take maximum 500 ms.
W, 3504, 17, 2013/05/23, 16:18:07.724, 2781727030436, QTAgent32.exe, Playback - [WARNING] Internal warning: Smart Match failed
\0
W, 3504, 17, 2013/05/23, 16:18:08.325, 2781735629098, QTAgent32.exe, Playback - [WARNING] Internal warning: Smart Match failed
\0
W, 3504, 17, 2013/05/23, 16:18:08.923, 2781744185714, QTAgent32.exe, Playback - [WARNING] Internal warning: Smart Match failed
\0
W, 3504, 17, 2013/05/23, 16:18:09.520, 2781752729107, QTAgent32.exe, Playback - [WARNING] Internal warning: Smart Match failed
\0
W, 3504, 17, 2013/05/23, 16:18:10.120, 2781761325978, QTAgent32.exe, Playback - [WARNING] Internal warning: Smart Match failed
\0
W, 3504, 17, 2013/05/23, 16:18:10.402, 2781765363585, QTAgent32.exe, Playback - [WARNING] Internal warning: Window Not Found: [VisibleOnly]ControlType='Window' &amp;&amp; Name='Transaction to insert' &amp;&amp; ClassName='TfSelectItem'
\0
E, 3504, 17, 2013/05/23, 16:18:10.402, 2781765367557, QTAgent32.exe, &lt;a class=failure&gt;Playback - {91} [FAILED] Function ElementFetcher::FindScreenElement failed to locate UI element (Searching: ;[VisibleOnly]ControlType='Window' &amp;&amp; Name='Transaction to insert' &amp;&amp; ClassName='TfSelectItem') (The object specified was not found.)
\0&lt;/a&gt;
E, 3504, 17, 2013/05/23, 16:18:10.483, 2781766524125, QTAgent32.exe, Playback - [IMAGE] C:\Users\testuser\AppData\Local\Temp\UITestLogs\LastRun\RPF81F5.png
\0
W, 3504, 17, 2013/05/23, 16:18:10.483, 2781766526486, QTAgent32.exe, Playback - [WARNING] Internal warning: Couldn't find descendants that match QueryId
\0
W, 3504, 17, 2013/05/23, 16:18:10.483, 2781766529450, QTAgent32.exe, PERF WARNING: FindTopLevelWindowHelper::FindAllDescendents: took 3507 ms. Expected it to take maximum 500 ms.
E, 3504, 17, 2013/05/23, 16:18:10.483, 2781766531351, QTAgent32.exe, Exception: System.Runtime.InteropServices.COMException
	Message: Error HRESULT E_FAIL has been returned from a call to a COM component.
	Stack Trace:    at Microsoft.VisualStudio.TestTools.UITest.Playback.Engine.IRPFPlayback.FindAllScreenElements(IScreenElement pScreenElementStart, String bstrQueryId, Object&amp; pvarResKeys, Int32 cResKeys, Int32 nMaxDepth, Object[]&amp; foundDescendants)
   at Microsoft.VisualStudio.TestTools.UITest.Playback.ScreenElement.FindTopLevelWindowHelper(String queryId)
	BaseExceptionMessage: Error HRESULT E_FAIL has been returned from a call to a COM component.

E, 3504, 17, 2013/05/23, 16:18:10.484, 2781766536411, QTAgent32.exe, Window 852854 not responding. Last Win32 error 0
E, 3504, 17, 2013/05/23, 16:18:10.484, 2781766537648, QTAgent32.exe, GetClassName for handle 852854 failed
E, 3504, 17, 2013/05/23, 16:18:10.485, 2781766552710, QTAgent32.exe, Window 721908 not responding. Last Win32 error 1400
E, 3504, 17, 2013/05/23, 16:18:10.485, 2781766553845, QTAgent32.exe, GetClassName for handle 721908 failed
E, 3504, 17, 2013/05/23, 16:18:10.587, 2781768008427, QTAgent32.exe, AL: Playback Error: Microsoft.VisualStudio.TestTools.UITest.Extension.UITestControlNotAvailableException: The control is not available or not valid. Additional Details: 
TechnologyName:  'MSAA'
Name:  'Ok'
ControlType:  'Button'
 ---&gt; Microsoft.VisualStudio.TestTools.UITest.Extension.UITestControlNotAvailableException: The control is not available or not valid. Additional Details: 
TechnologyName:  'MSAA'
Name:  'Transaction to insert'
ClassName:  'TfSelectItem'
ControlType:  'Window'
 ---&gt; System.Runtime.InteropServices.COMException: Error HRESULT E_FAIL has been returned from a call to a COM component.
   at Microsoft.VisualStudio.TestTools.UITest.Playback.Engine.IRPFPlayback.FindAllScreenElements(IScreenElement pScreenElementStart, String bstrQueryId, Object&amp; pvarResKeys, Int32 cResKeys, Int32 nMaxDepth, Object[]&amp; foundDescendants)
   at Microsoft.VisualStudio.TestTools.UITest.Playback.ScreenElement.FindTopLevelWindowHelper(String queryId)
   at Microsoft.VisualStudio.TestTools.UITest.Playback.ScreenElement.FindFromPartialQueryId(String queryId)
   at Microsoft.VisualStudio.TestTools.UITesting.UITestControl.EnsureValid(Boolean waitForReady, Boolean refetch)
   --- End of inner exception stack trace ---
   at Microsoft.VisualStudio.TestTools.UITesting.UITestControl.EnsureValid(Boolean waitForReady, Boolean refetch)
   at Microsoft.VisualStudio.TestTools.UITesting.UITestControl.FindFirstDescendant(String queryId, Int32 maxDepth, Int32&amp; timeLeft)
   at Microsoft.VisualStudio.TestTools.UITesting.UITestControl.FindFirstDescendant(String queryId)
   at Microsoft.VisualStudio.TestTools.UITesting.UITestControl.EnsureValid(Boolean waitForReady, Boolean refetch)
   --- End of inner exception stack trace ---
   at Microsoft.VisualStudio.TestTools.UITesting.UITestControl.EnsureValid(Boolean waitForReady, Boolean refetch)
   at Microsoft.VisualStudio.TestTools.UITesting.UITestControl.Click(MouseButtons button, ModifierKeys modifierKeys, Point relativeCoordinates)
   at Microsoft.VisualStudio.TestTools.UITesting.Mouse.ClickImplementation(UITestControl control, MouseButtons button, ModifierKeys modifierKeys, Point relativeCoordinate)
   at Microsoft.VisualStudio.TestTools.UITesting.Mouse.ClickImplementationWrapper(UITestControl control, MouseButtons button, ModifierKeys modifierKeys, Point relativeCoordinate)
W, 3504, 17, 2013/05/23, 16:18:10.587, 2781768011874, QTAgent32.exe, PlaybackErrorHandler: Ignoring exception as ContinueOnError is set.
W, 3504, 17, 2013/05/23, 16:18:12.761, 2781799142106, QTAgent32.exe, &lt;a class=success&gt;Playback - {92} [SUCCESS] MouseButtonClick - "[MSAA, VisibleOnly]ControlType='Button' &amp;&amp; Name='OK'"
\0&lt;/a&gt;
W, 3504, 17, 2013/05/23, 16:18:13.051, 2781803292729, QTAgent32.exe, &lt;a class=success&gt;Playback - {93} [SUCCESS] MouseButtonClick - "[MSAA, VisibleOnly]ControlType='Button' &amp;&amp; Name='Cancel'"
\0&lt;/a&gt;
W, 3504, 17, 2013/05/23, 16:18:13.414, 2781808488549, QTAgent32.exe, &lt;a class=success&gt;Playback - {94} [SUCCESS] MouseButtonClick - "[MSAA, VisibleOnly]ControlType='Button'"
\0&lt;/a&gt;
W, 3504, 17, 2013/05/23, 16:18:13.857, 2781814841855, QTAgent32.exe, &lt;a class=success&gt;Playback - {95} [SUCCESS] MouseButtonClick - "[MSAA, VisibleOnly]ControlType='Button' &amp;&amp; Name='Detail'"
\0&lt;/a&gt;
W, 3504, 17, 2013/05/23, 16:18:14.228, 2781820148262, QTAgent32.exe, Playback - [WARNING] Internal warning: Window Not Found: [VisibleOnly]ControlType='Window' &amp;&amp; Name='Policy: rty ert' &amp;&amp; ClassName='ThunderRT6MDIForm'
\0
E, 3504, 17, 2013/05/23, 16:18:14.228, 2781820151330, QTAgent32.exe, &lt;a class=failure&gt;Playback - {96} [FAILED] Function ElementFetcher::FindScreenElement failed to locate UI element (Searching: ;[VisibleOnly]ControlType='Window' &amp;&amp; Name='Policy: rty ert' &amp;&amp; ClassName='ThunderRT6MDIForm') (The object specified was not found.)
\0&lt;/a&gt;
E, 3504, 17, 2013/05/23, 16:18:14.306, 2781821259252, QTAgent32.exe, Playback - [IMAGE] C:\Users\testuser\AppData\Local\Temp\UITestLogs\LastRun\RPF90E4.png
\0
W, 3504, 17, 2013/05/23, 16:18:14.306, 2781821261508, QTAgent32.exe, Playback - [WARNING] Internal warning: Couldn't find descendants that match QueryId
\0
W, 3504, 17, 2013/05/23, 16:18:32.319, 2782079178907, QTAgent32.exe, Playback - [WARNING] Internal warning: Window Not Found: [VisibleOnly]ControlType='Window' &amp;&amp; Name='Policy: rty ert' &amp;&amp; ClassName='ThunderRT6MDIForm'
\0
E, 3504, 17, 2013/05/23, 16:18:32.319, 2782079185153, QTAgent32.exe, &lt;a class=failure&gt;Playback - {97} [FAILED] Function ElementFetcher::FindScreenElement failed to locate UI element (Searching: ;[VisibleOnly]ControlType='Window' &amp;&amp; Name='Policy: rty ert' &amp;&amp; ClassName='ThunderRT6MDIForm') (The object specified was not found.)
\0&lt;/a&gt;
E, 3504, 17, 2013/05/23, 16:18:32.397, 2782080300402, QTAgent32.exe, Playback - [IMAGE] C:\Users\testuser\AppData\Local\Temp\UITestLogs\LastRun\RPFD795.png
\0
W, 3504, 17, 2013/05/23, 16:18:32.397, 2782080302644, QTAgent32.exe, Playback - [WARNING] Internal warning: Couldn't find descendants that match QueryId
\0
W, 3504, 17, 2013/05/23, 16:18:32.398, 2782080308373, QTAgent32.exe, PERF WARNING: FindTopLevelWindowHelper::FindAllDescendents: took 18091 ms. Expected it to take maximum 500 ms.
W, 3504, 17, 2013/05/23, 16:18:33.155, 2782091151915, QTAgent32.exe, Playback - [WARNING] Internal warning: Window with Class "ThunderRT6MDIForm" and Title "Policy: rty ert" was not found, so similar window with Class "ThunderRT6MDIForm" and Title "Policy: autotest" was accepted
\0
W, 3504, 17, 2013/05/23, 16:18:33.156, 2782091156876, QTAgent32.exe, PERF WARNING: FindTopLevelWindowHelper::FindAllDescendents: took 757 ms. Expected it to take maximum 500 ms.
W, 3504, 17, 2013/05/23, 16:18:33.295, 2782093148547, QTAgent32.exe, &lt;a class=success&gt;Playback - {98} [SUCCESS] MouseButtonClick - "[MSAA, VisibleOnly]ControlType='Edit'"
\0&lt;/a&gt;
W, 3504, 17, 2013/05/23, 16:18:36.101, 2782133338736, QTAgent32.exe, IEDOM : StopSession of the plugin called before StartSession
W, 3504, 17, 2013/05/23, 16:18:36.102, 2782133341457, QTAgent32.exe, UIA : StopSession of the plugin called before StartSession
</DebugTrace>
      </Output>
    </UnitTestResult>
    <UnitTestResult executionId="95a01c7a-6eeb-4b23-9452-c94f4bd7dc7a" testId="2e87f328-52a4-0909-efbf-b1cd271415f7" testName="MotoOverridePremium" computerName="ICLVDEVTM02" duration="00:03:46.3286408" startTime="2013-05-23T16:18:36.1234660+01:00" endTime="2013-05-23T16:22:22.4762091+01:00" testType="13cdc9d9-ddb5-4fa4-a97d-d965ccfc6d4b" outcome="Passed" testListId="8c84fa94-04c1-424b-9868-57a2d4851a1d" relativeResultsDirectory="95a01c7a-6eeb-4b23-9452-c94f4bd7dc7a">
      <Output>
        <DebugTrace>W, 3504, 26, 2013/05/23, 16:18:41.525, 2782210994591, QTAgent32.exe, &lt;a class=success&gt;Playback - {1} [SUCCESS] MouseButtonClick - "[MSAA, VisibleOnly]ControlType='Edit'"
\0&lt;/a&gt;
W, 3504, 26, 2013/05/23, 16:18:41.838, 2782215477174, QTAgent32.exe, &lt;a class=success&gt;Playback - {2} [SUCCESS] SendKeys "[*]" - "[MSAA, VisibleOnly]ControlType='Edit'"
\0&lt;/a&gt;
W, 3504, 26, 2013/05/23, 16:18:42.539, 2782225512443, QTAgent32.exe, &lt;a class=success&gt;Playback - {3} [SUCCESS] MouseButtonClick - "[MSAA, VisibleOnly]ControlType='Button' &amp;&amp; Name='OK'"
\0&lt;/a&gt;
W, 3504, 26, 2013/05/23, 16:18:43.057, 2782232925332, QTAgent32.exe, &lt;a class=success&gt;Playback - {4} [SUCCESS] SendKeys "^{HOME}" - "[MSAA, VisibleOnly]ControlType='Edit'"
\0&lt;/a&gt;
E, 3504, 26, 2013/05/23, 16:18:43.057, 2782232928906, QTAgent32.exe, Msaa.GetFocusedElement: could not find accessible object of foreground window
W, 3504, 26, 2013/05/23, 16:18:43.168, 2782234513015, QTAgent32.exe, &lt;a class=success&gt;Playback - {5} [SUCCESS] SendKeys "^+{END}" - "[MSAA, VisibleOnly]ControlType='Edit'"
\0&lt;/a&gt;
E, 3504, 26, 2013/05/23, 16:18:43.168, 2782234515494, QTAgent32.exe, Msaa.GetFocusedElement: could not find accessible object of foreground window
W, 3504, 26, 2013/05/23, 16:18:43.182, 2782234718177, QTAgent32.exe, &lt;a class=success&gt;Playback - {6} [SUCCESS] SendKeys "{DELETE}" - "[MSAA, VisibleOnly]ControlType='Edit'"
\0&lt;/a&gt;
W, 3504, 26, 2013/05/23, 16:18:43.570, 2782240279403, QTAgent32.exe, &lt;a class=success&gt;Playback - {7} [SUCCESS] SetValueAsEditBox "23/05/2013" - "[MSAA, VisibleOnly]ControlType='Edit'"  &lt; Set via SendKeys &gt;
\0&lt;/a&gt;
W, 3504, 26, 2013/05/23, 16:18:44.056, 2782247233235, QTAgent32.exe, Playback - [WARNING] Internal warning: Incorrect flag set for InvokeProgrammaticAction\0
W, 3504, 26, 2013/05/23, 16:18:44.177, 2782248963086, QTAgent32.exe, &lt;a class=success&gt;Playback - {8} [SUCCESS] SetValueAsComboBox "May" - "[MSAA, VisibleOnly]ControlType='ComboBox'"  &lt; SetValueAsComboBox, set by clicking on the item in the list box &gt;
\0&lt;/a&gt;
W, 3504, 26, 2013/05/23, 16:18:44.443, 2782252765389, QTAgent32.exe, &lt;a class=success&gt;Playback - {9} [SUCCESS] SendKeys "^{HOME}" - "[MSAA, VisibleOnly]ControlType='Edit'"
\0&lt;/a&gt;
E, 3504, 26, 2013/05/23, 16:18:44.443, 2782252771282, QTAgent32.exe, Msaa.GetFocusedElement: could not find accessible object of foreground window
W, 3504, 26, 2013/05/23, 16:18:44.498, 2782253559911, QTAgent32.exe, &lt;a class=success&gt;Playback - {10} [SUCCESS] SendKeys "^+{END}" - "[MSAA, VisibleOnly]ControlType='Edit'"
\0&lt;/a&gt;
E, 3504, 26, 2013/05/23, 16:18:44.499, 2782253563830, QTAgent32.exe, Msaa.GetFocusedElement: could not find accessible object of foreground window
W, 3504, 26, 2013/05/23, 16:18:44.515, 2782253803882, QTAgent32.exe, &lt;a class=success&gt;Playback - {11} [SUCCESS] SendKeys "{DELETE}" - "[MSAA, VisibleOnly]ControlType='Edit'"
\0&lt;/a&gt;
W, 3504, 26, 2013/05/23, 16:18:44.708, 2782256567619, QTAgent32.exe, &lt;a class=success&gt;Playback - {12} [SUCCESS] SetValueAsEditBox "2013" - "[MSAA, VisibleOnly]ControlType='Edit'"  &lt; Set via SendKeys &gt;
\0&lt;/a&gt;
W, 3504, 26, 2013/05/23, 16:18:45.329, 2782265457035, QTAgent32.exe, &lt;a class=success&gt;Playback - {13} [SUCCESS] MouseButtonClick - "[MSAA, VisibleOnly]ControlType='Button' &amp;&amp; Name='OK'"
\0&lt;/a&gt;
W, 3504, 26, 2013/05/23, 16:18:46.154, 2782277268074, QTAgent32.exe, Playback - [WARNING] Internal warning: Window Not Found: [VisibleOnly]ControlType='Window' &amp;&amp; Name='Warning' &amp;&amp; ClassName='#32770'
\0
E, 3504, 26, 2013/05/23, 16:18:46.154, 2782277271341, QTAgent32.exe, &lt;a class=failure&gt;Playback - {14} [FAILED] Function ElementFetcher::FindScreenElement failed to locate UI element (Searching: ;[VisibleOnly]ControlType='Window' &amp;&amp; Name='Warning' &amp;&amp; ClassName='#32770') (The object specified was not found.)
\0&lt;/a&gt;
E, 3504, 26, 2013/05/23, 16:18:46.244, 2782278564573, QTAgent32.exe, Playback - [IMAGE] C:\Users\testuser\AppData\Local\Temp\UITestLogs\LastRun\RPFDA4.png
\0
W, 3504, 26, 2013/05/23, 16:18:46.245, 2782278567149, QTAgent32.exe, Playback - [WARNING] Internal warning: Couldn't find descendants that match QueryId
\0
W, 3504, 26, 2013/05/23, 16:18:46.245, 2782278570020, QTAgent32.exe, PERF WARNING: FindTopLevelWindowHelper::FindAllDescendents: took 812 ms. Expected it to take maximum 500 ms.
W, 3504, 26, 2013/05/23, 16:19:04.296, 2782537028371, QTAgent32.exe, Playback - [WARNING] Internal warning: Window Not Found: [VisibleOnly]ControlType='Window' &amp;&amp; Name='Warning' &amp;&amp; ClassName='#32770'
\0
E, 3504, 26, 2013/05/23, 16:19:04.296, 2782537033394, QTAgent32.exe, &lt;a class=failure&gt;Playback - {15} [FAILED] Function ElementFetcher::FindScreenElement failed to locate UI element (Searching: ;[VisibleOnly]ControlType='Window' &amp;&amp; Name='Warning' &amp;&amp; ClassName='#32770') (The object specified was not found.)
\0&lt;/a&gt;
E, 3504, 26, 2013/05/23, 16:19:04.384, 2782538294738, QTAgent32.exe, Playback - [IMAGE] C:\Users\testuser\AppData\Local\Temp\UITestLogs\LastRun\RPF5484.png
\0
W, 3504, 26, 2013/05/23, 16:19:04.385, 2782538297315, QTAgent32.exe, Playback - [WARNING] Internal warning: Couldn't find descendants that match QueryId
\0
W, 3504, 26, 2013/05/23, 16:19:04.385, 2782538301276, QTAgent32.exe, PERF WARNING: FindTopLevelWindowHelper::FindAllDescendents: took 18139 ms. Expected it to take maximum 500 ms.
W, 3504, 26, 2013/05/23, 16:19:04.903, 2782545721253, QTAgent32.exe, Playback - [WARNING] Internal warning: Smart Match failed
\0
W, 3504, 26, 2013/05/23, 16:19:05.059, 2782547953831, QTAgent32.exe, Playback - [WARNING] Internal warning: Smart Match failed
\0
W, 3504, 26, 2013/05/23, 16:19:05.212, 2782550151270, QTAgent32.exe, Playback - [WARNING] Internal warning: Smart Match failed
\0
W, 3504, 26, 2013/05/23, 16:19:05.397, 2782552793373, QTAgent32.exe, Playback - [WARNING] Internal warning: Smart Match failed
\0
W, 3504, 26, 2013/05/23, 16:19:05.556, 2782555064738, QTAgent32.exe, Playback - [WARNING] Internal warning: Smart Match failed
\0
W, 3504, 26, 2013/05/23, 16:19:05.752, 2782557884917, QTAgent32.exe, Playback - [WARNING] Internal warning: Smart Match failed
\0
W, 3504, 26, 2013/05/23, 16:19:05.907, 2782560095441, QTAgent32.exe, Playback - [WARNING] Internal warning: Smart Match failed
\0
W, 3504, 26, 2013/05/23, 16:19:06.093, 2782562762567, QTAgent32.exe, Playback - [WARNING] Internal warning: Smart Match failed
\0
W, 3504, 26, 2013/05/23, 16:19:06.248, 2782564977271, QTAgent32.exe, Playback - [WARNING] Internal warning: Smart Match failed
\0
W, 3504, 26, 2013/05/23, 16:19:06.402, 2782567190827, QTAgent32.exe, Playback - [WARNING] Internal warning: Smart Match failed
\0
W, 3504, 26, 2013/05/23, 16:19:06.558, 2782569416822, QTAgent32.exe, Playback - [WARNING] Internal warning: Smart Match failed
\0
W, 3504, 26, 2013/05/23, 16:19:06.711, 2782571617422, QTAgent32.exe, Playback - [WARNING] Internal warning: Smart Match failed
\0
W, 3504, 26, 2013/05/23, 16:19:06.901, 2782574332486, QTAgent32.exe, Playback - [WARNING] Internal warning: Smart Match failed
\0
W, 3504, 26, 2013/05/23, 16:19:07.055, 2782576542359, QTAgent32.exe, Playback - [WARNING] Internal warning: Smart Match failed
\0
W, 3504, 26, 2013/05/23, 16:19:07.251, 2782579340197, QTAgent32.exe, Playback - [WARNING] Internal warning: Smart Match failed
\0
W, 3504, 26, 2013/05/23, 16:19:07.406, 2782581566511, QTAgent32.exe, Playback - [WARNING] Internal warning: Smart Match failed
\0
W, 3504, 26, 2013/05/23, 16:19:07.517, 2782583153878, QTAgent32.exe, Playback - [WARNING] Internal warning: Window Not Found: [VisibleOnly]ControlType='Window' &amp;&amp; Name='Warning' &amp;&amp; ClassName='#32770'
\0
E, 3504, 26, 2013/05/23, 16:19:07.517, 2782583156659, QTAgent32.exe, &lt;a class=failure&gt;Playback - {16} [FAILED] Function ElementFetcher::FindScreenElement failed to locate UI element (Searching: ;[VisibleOnly]ControlType='Window' &amp;&amp; Name='Warning' &amp;&amp; ClassName='#32770') (The object specified was not found.)
\0&lt;/a&gt;
E, 3504, 26, 2013/05/23, 16:19:07.605, 2782584411894, QTAgent32.exe, Playback - [IMAGE] C:\Users\testuser\AppData\Local\Temp\UITestLogs\LastRun\RPF6112.png
\0
W, 3504, 26, 2013/05/23, 16:19:07.605, 2782584414425, QTAgent32.exe, Playback - [WARNING] Internal warning: Couldn't find descendants that match QueryId
\0
W, 3504, 26, 2013/05/23, 16:19:07.605, 2782584417683, QTAgent32.exe, PERF WARNING: FindTopLevelWindowHelper::FindAllDescendents: took 3220 ms. Expected it to take maximum 500 ms.
E, 3504, 26, 2013/05/23, 16:19:07.605, 2782584419349, QTAgent32.exe, Exception: System.Runtime.InteropServices.COMException
	Message: Error HRESULT E_FAIL has been returned from a call to a COM component.
	Stack Trace:    at Microsoft.VisualStudio.TestTools.UITest.Playback.Engine.IRPFPlayback.FindAllScreenElements(IScreenElement pScreenElementStart, String bstrQueryId, Object&amp; pvarResKeys, Int32 cResKeys, Int32 nMaxDepth, Object[]&amp; foundDescendants)
   at Microsoft.VisualStudio.TestTools.UITest.Playback.ScreenElement.FindTopLevelWindowHelper(String queryId)
	BaseExceptionMessage: Error HRESULT E_FAIL has been returned from a call to a COM component.

E, 3504, 26, 2013/05/23, 16:19:07.745, 2782586414850, QTAgent32.exe, AL: Playback Error: Microsoft.VisualStudio.TestTools.UITest.Extension.UITestControlNotFoundException: The playback failed to find the control with the given search properties. Additional Details: 
TechnologyName:  'MSAA'
ControlType:  'Window'
Name:  'Warning'
ClassName:  '#32770'
 ---&gt; System.Runtime.InteropServices.COMException: Error HRESULT E_FAIL has been returned from a call to a COM component.
   at Microsoft.VisualStudio.TestTools.UITest.Playback.Engine.IRPFPlayback.FindAllScreenElements(IScreenElement pScreenElementStart, String bstrQueryId, Object&amp; pvarResKeys, Int32 cResKeys, Int32 nMaxDepth, Object[]&amp; foundDescendants)
   at Microsoft.VisualStudio.TestTools.UITest.Playback.ScreenElement.FindTopLevelWindowHelper(String queryId)
   at Microsoft.VisualStudio.TestTools.UITest.Playback.ScreenElement.FindFromPartialQueryId(String queryId)
   at Microsoft.VisualStudio.TestTools.UITesting.UITestControl..ctor(String queryId)
   --- End of inner exception stack trace ---
   at Microsoft.VisualStudio.TestTools.UITesting.Playback.MapControlNotFoundException(COMException ex, IPlaybackContext context)
   at Microsoft.VisualStudio.TestTools.UITesting.Playback.MapAndThrowComException(COMException innerException, IPlaybackContext context)
   at Microsoft.VisualStudio.TestTools.UITesting.Playback.MapAndThrowException(SystemException exception, IPlaybackContext context)
   at Microsoft.VisualStudio.TestTools.UITesting.Playback.MapAndThrowException(SystemException exception, String queryId)
   at Microsoft.VisualStudio.TestTools.UITesting.UITestControl..ctor(String queryId)
   at Microsoft.VisualStudio.TestTools.UITesting.SearchHelper.SearchTopLevelWindow(ISearchArgument topLevelSearchArg, String topLevelElementQueryId)
   at Microsoft.VisualStudio.TestTools.UITesting.SearchHelper.GetTitleUpdatedTopLevelWindow(ISearchArgument topLevelSearchArg, String queryId, IList`1 windowTitles)
   at Microsoft.VisualStudio.TestTools.UITesting.SearchHelper.GetTopLevelElement(Boolean useCache, Boolean useCacheOnly, ISearchArgument searchArg, IList`1 windowTitles, Int32&amp; timeLeft)
   at Microsoft.VisualStudio.TestTools.UITesting.SearchHelper.GetElement(Boolean useCache, ISearchArgument searchArg)
   at Microsoft.VisualStudio.TestTools.UITesting.SearchHelper.Search(ISearchArgument searchArg)
   at Microsoft.VisualStudio.TestTools.UITesting.UITestControl.FindInternal()
   at Microsoft.VisualStudio.TestTools.UITesting.UITestControl.FindControlIfNecessary()
   at Microsoft.VisualStudio.TestTools.UITesting.UITestControl.Click(MouseButtons button, ModifierKeys modifierKeys, Point relativeCoordinates)
   at Microsoft.VisualStudio.TestTools.UITesting.Mouse.ClickImplementation(UITestControl control, MouseButtons button, ModifierKeys modifierKeys, Point relativeCoordinate)
   at Microsoft.VisualStudio.TestTools.UITesting.Mouse.ClickImplementationWrapper(UITestControl control, MouseButtons button, ModifierKeys modifierKeys, Point relativeCoordinate)
W, 3504, 26, 2013/05/23, 16:19:07.745, 2782586418118, QTAgent32.exe, PlaybackErrorHandler: Ignoring exception as ContinueOnError is set.
W, 3504, 26, 2013/05/23, 16:19:07.795, 2782587128220, QTAgent32.exe, &lt;a class=success&gt;Playback - {17} [SUCCESS] TypeString "#(R)"
\0&lt;/a&gt;
E, 3504, 26, 2013/05/23, 16:19:08.587, 2782598474260, QTAgent32.exe, Exception: System.ArgumentException
	Message: Value does not fall within the expected range.
	Stack Trace:    at Accessibility.IAccessible.get_accRole(Object varChild)
   at Microsoft.VisualStudio.TestTools.UITest.Extension.Msaa.AccWrapper.get_RoleInt()
	BaseExceptionMessage: Value does not fall within the expected range.

E, 3504, 26, 2013/05/23, 16:19:08.597, 2782598617765, QTAgent32.exe, Exception: System.ArgumentException
	Message: Value does not fall within the expected range.
	Stack Trace:    at Accessibility.IAccessible.get_accRole(Object varChild)
   at Microsoft.VisualStudio.TestTools.UITest.Extension.Msaa.AccWrapper.get_RoleInt()
	BaseExceptionMessage: Value does not fall within the expected range.

W, 3504, 26, 2013/05/23, 16:19:09.463, 2782611006030, QTAgent32.exe, &lt;a class=success&gt;Playback - {18} [SUCCESS] LeftButtonClick  &lt; Mouse cursor location (87, 908) &gt;
\0&lt;/a&gt;
W, 3504, 26, 2013/05/23, 16:19:10.881, 2782631324594, QTAgent32.exe, &lt;a class=success&gt;Playback - {19} [SUCCESS] SetValueAsEditBox "c:\TestProject7\office.reg"  &lt; Set via SendKeys &gt;
\0&lt;/a&gt;
W, 3504, 26, 2013/05/23, 16:19:10.882, 2782631327625, QTAgent32.exe, &lt;a class=success&gt;Playback - {20} [SUCCESS] SetValueAsComboBox "c:\TestProject7\office.reg" - "[MSAA, VisibleOnly]ControlType='ComboBox' &amp;&amp; Name='Open:'"  &lt; Set via SetValueAsEditBox &gt;
\0&lt;/a&gt;
W, 3504, 26, 2013/05/23, 16:19:11.152, 2782635193603, QTAgent32.exe, &lt;a class=success&gt;Playback - {21} [SUCCESS] MouseButtonClick - "[MSAA, VisibleOnly]ControlType='Button' &amp;&amp; Name='OK'"
\0&lt;/a&gt;
W, 3504, 26, 2013/05/23, 16:19:11.804, 2782644542171, QTAgent32.exe, &lt;a class=success&gt;Playback - {22} [SUCCESS] MouseButtonClick - "[MSAA, VisibleOnly]ControlType='Button' &amp;&amp; Name='Yes'"
\0&lt;/a&gt;
W, 3504, 26, 2013/05/23, 16:19:12.147, 2782649439133, QTAgent32.exe, &lt;a class=success&gt;Playback - {23} [SUCCESS] MouseButtonClick - "[MSAA, VisibleOnly]ControlType='Button' &amp;&amp; Name='OK'"
\0&lt;/a&gt;
W, 3504, 26, 2013/05/23, 16:19:12.415, 2782653272967, QTAgent32.exe, &lt;a class=success&gt;Playback - {24} [SUCCESS] MouseButtonClick - "[MSAA, VisibleOnly]ControlType='Button' &amp;&amp; Name='Clients &amp; Files'"
\0&lt;/a&gt;
W, 3504, 26, 2013/05/23, 16:19:13.907, 2782674647212, QTAgent32.exe, PERF WARNING: FindTopLevelWindowHelper::FindAllDescendents: took 1362 ms. Expected it to take maximum 500 ms.
W, 3504, 26, 2013/05/23, 16:19:14.712, 2782686167032, QTAgent32.exe, Playback - [WARNING] Internal warning: Incorrect flag set for InvokeProgrammaticAction\0
W, 3504, 26, 2013/05/23, 16:19:14.837, 2782687955802, QTAgent32.exe, &lt;a class=success&gt;Playback - {25} [SUCCESS] SetValueAsComboBox "Customers" - "[MSAA, VisibleOnly]ControlType='ComboBox'"  &lt; SetValueAsComboBox, set by clicking on the item in the list box &gt;
\0&lt;/a&gt;
W, 3504, 26, 2013/05/23, 16:19:15.471, 2782697045655, QTAgent32.exe, &lt;a class=success&gt;Playback - {26} [SUCCESS] MouseButtonClick - "[MSAA, VisibleOnly]ControlType='Button' &amp;&amp; Name='Add'"
\0&lt;/a&gt;
W, 3504, 26, 2013/05/23, 16:19:16.032, 2782705072940, QTAgent32.exe, &lt;a class=success&gt;Playback - {27} [SUCCESS] SendKeys "autotest" - "[MSAA, VisibleOnly]ControlType='RadioButton' &amp;&amp; Name='Personal Lines'"
\0&lt;/a&gt;
W, 3504, 26, 2013/05/23, 16:19:17.020, 2782719218401, QTAgent32.exe, &lt;a class=success&gt;Playback - {28} [SUCCESS] SetValueAsEditBox "autotest" - "[MSAA, VisibleOnly]ControlType='Edit'"  &lt; Set via SendKeys &gt;
\0&lt;/a&gt;
W, 3504, 26, 2013/05/23, 16:19:17.399, 2782724638108, QTAgent32.exe, &lt;a class=success&gt;Playback - {29} [SUCCESS] MouseButtonClick - "[MSAA, VisibleOnly]ControlType='Button' &amp;&amp; Name='OK'"
\0&lt;/a&gt;
W, 3504, 26, 2013/05/23, 16:19:17.842, 2782730980465, QTAgent32.exe, &lt;a class=success&gt;Playback - {30} [SUCCESS] MouseButtonClick - "[MSAA, VisibleOnly]ControlType='Button' &amp;&amp; Name='Yes'"
\0&lt;/a&gt;
W, 3504, 26, 2013/05/23, 16:19:18.286, 2782737346847, QTAgent32.exe, &lt;a class=success&gt;Playback - {31} [SUCCESS] SendKeys "^{HOME}" - "[MSAA, VisibleOnly]ControlType='Edit'"
\0&lt;/a&gt;
E, 3504, 26, 2013/05/23, 16:19:18.287, 2782737350753, QTAgent32.exe, Msaa.GetFocusedElement: could not find accessible object of foreground window
W, 3504, 26, 2013/05/23, 16:19:18.361, 2782738413830, QTAgent32.exe, &lt;a class=success&gt;Playback - {32} [SUCCESS] SendKeys "^+{END}" - "[MSAA, VisibleOnly]ControlType='Edit'"
\0&lt;/a&gt;
E, 3504, 26, 2013/05/23, 16:19:18.361, 2782738417440, QTAgent32.exe, Msaa.GetFocusedElement: could not find accessible object of foreground window
W, 3504, 26, 2013/05/23, 16:19:18.376, 2782738630720, QTAgent32.exe, &lt;a class=success&gt;Playback - {33} [SUCCESS] SendKeys "{DELETE}" - "[MSAA, VisibleOnly]ControlType='Edit'"
\0&lt;/a&gt;
W, 3504, 26, 2013/05/23, 16:19:18.728, 2782743670106, QTAgent32.exe, &lt;a class=success&gt;Playback - {34} [SUCCESS] SetValueAsEditBox "1" - "[MSAA, VisibleOnly]ControlType='Edit'"  &lt; Set via SendKeys &gt;
\0&lt;/a&gt;
W, 3504, 26, 2013/05/23, 16:19:19.207, 2782750535495, QTAgent32.exe, &lt;a class=success&gt;Playback - {35} [SUCCESS] SendKeys "^{HOME}" - "[MSAA, VisibleOnly]ControlType='Edit'"
\0&lt;/a&gt;
E, 3504, 26, 2013/05/23, 16:19:19.207, 2782750538375, QTAgent32.exe, Msaa.GetFocusedElement: could not find accessible object of foreground window
W, 3504, 26, 2013/05/23, 16:19:19.265, 2782751358714, QTAgent32.exe, &lt;a class=success&gt;Playback - {36} [SUCCESS] SendKeys "^+{END}" - "[MSAA, VisibleOnly]ControlType='Edit'"
\0&lt;/a&gt;
E, 3504, 26, 2013/05/23, 16:19:19.265, 2782751361544, QTAgent32.exe, Msaa.GetFocusedElement: could not find accessible object of foreground window
W, 3504, 26, 2013/05/23, 16:19:19.279, 2782751568365, QTAgent32.exe, &lt;a class=success&gt;Playback - {37} [SUCCESS] SendKeys "{DELETE}" - "[MSAA, VisibleOnly]ControlType='Edit'"
\0&lt;/a&gt;
W, 3504, 26, 2013/05/23, 16:19:19.616, 2782756383563, QTAgent32.exe, &lt;a class=success&gt;Playback - {38} [SUCCESS] SetValueAsEditBox "1" - "[MSAA, VisibleOnly]ControlType='Edit'"  &lt; Set via SendKeys &gt;
\0&lt;/a&gt;
W, 3504, 26, 2013/05/23, 16:19:21.233, 2782779541000, QTAgent32.exe, Playback - [WARNING] Internal warning: Target element "[MSAA, VisibleOnly]ControlType='Button' &amp;&amp; Name='OK'" was not found, so all intermediate elements were ignored. An incorrect element that matches target element Id can be found as the result.  Verify that all intermediate elements in QueryId have valid and unique Ids
\0
W, 3504, 26, 2013/05/23, 16:19:21.766, 2782787171559, QTAgent32.exe, PERF WARNING: FindAllDescendents: took 2040 ms. Expected it to take maximum 500 ms.
W, 3504, 26, 2013/05/23, 16:19:22.056, 2782791325177, QTAgent32.exe, &lt;a class=success&gt;Playback - {39} [SUCCESS] MouseButtonClick - "[MSAA, VisibleOnly]ControlType='Button' &amp;&amp; Name='OK'"
\0&lt;/a&gt;
W, 3504, 26, 2013/05/23, 16:19:22.426, 2782796617611, QTAgent32.exe, &lt;a class=success&gt;Playback - {40} [SUCCESS] MouseButtonClick - "[MSAA, VisibleOnly]ControlType='Button'"
\0&lt;/a&gt;
W, 3504, 26, 2013/05/23, 16:19:22.778, 2782801667779, QTAgent32.exe, &lt;a class=success&gt;Playback - {41} [SUCCESS] MouseButtonClick - "[MSAA, VisibleOnly]ControlType='Button' &amp;&amp; Name='Add'"
\0&lt;/a&gt;
W, 3504, 26, 2013/05/23, 16:19:23.113, 2782806464941, QTAgent32.exe, &lt;a class=success&gt;Playback - {42} [SUCCESS] MouseButtonClick - "[MSAA, VisibleOnly]ControlType='Button' &amp;&amp; Name='OK'"
\0&lt;/a&gt;
W, 3504, 26, 2013/05/23, 16:19:25.365, 2782838703723, QTAgent32.exe, &lt;a class=success&gt;Playback - {43} [SUCCESS] MouseButtonClick - "[MSAA, VisibleOnly,Window]ControlType='Window' &amp;&amp; ClassName='ThunderRT6TextBox'"
\0&lt;/a&gt;
W, 3504, 26, 2013/05/23, 16:19:26.152, 2782849973774, QTAgent32.exe, &lt;a class=success&gt;Playback - {44} [SUCCESS] SetValueAsEditBox "MOTO" - "[MSAA, VisibleOnly]ControlType='Edit'"  &lt; Set via SendKeys &gt;
\0&lt;/a&gt;
W, 3504, 26, 2013/05/23, 16:19:26.492, 2782854835455, QTAgent32.exe, &lt;a class=success&gt;Playback - {45} [SUCCESS] MouseButtonClick - "[MSAA, VisibleOnly]ControlType='Button' &amp;&amp; Name='OK'"
\0&lt;/a&gt;
W, 3504, 26, 2013/05/23, 16:19:26.748, 2782858504007, QTAgent32.exe, &lt;a class=success&gt;Playback - {46} [SUCCESS] MouseButtonClick - "[MSAA, VisibleOnly]ControlType='Button' &amp;&amp; Name='Options'"
\0&lt;/a&gt;
W, 3504, 26, 2013/05/23, 16:19:26.848, 2782859944182, QTAgent32.exe, FindScreenElementInSinglePass : Attempting to find control in one pass of search. Failures can occur.
W, 3504, 26, 2013/05/23, 16:19:27.259, 2782865825509, QTAgent32.exe, &lt;a class=success&gt;Playback - {47} [SUCCESS] MouseButtonClick - "[MSAA]ControlType='MenuItem' &amp;&amp; Name='Links'"
\0&lt;/a&gt;
W, 3504, 26, 2013/05/23, 16:19:27.360, 2782867261726, QTAgent32.exe, FindScreenElementInSinglePass : Attempting to find control in one pass of search. Failures can occur.
W, 3504, 26, 2013/05/23, 16:19:27.831, 2782874009939, QTAgent32.exe, &lt;a class=success&gt;Playback - {48} [SUCCESS] MouseButtonClick - "[MSAA]ControlType='MenuItem' &amp;&amp; Name='3rd Party Integration'"
\0&lt;/a&gt;
W, 3504, 26, 2013/05/23, 16:19:27.932, 2782875447146, QTAgent32.exe, FindScreenElementInSinglePass : Attempting to find control in one pass of search. Failures can occur.
W, 3504, 26, 2013/05/23, 16:19:28.364, 2782881639992, QTAgent32.exe, &lt;a class=success&gt;Playback - {49} [SUCCESS] MouseButtonClick - "[MSAA]ControlType='MenuItem' &amp;&amp; Name='Quote Select List'"
\0&lt;/a&gt;
W, 3504, 26, 2013/05/23, 16:19:29.897, 2782903585434, QTAgent32.exe, PERF WARNING: FindTopLevelWindowHelper::FindAllDescendents: took 1430 ms. Expected it to take maximum 500 ms.
W, 3504, 26, 2013/05/23, 16:19:30.706, 2782915176889, QTAgent32.exe, &lt;a class=success&gt;Playback - {50} [SUCCESS] MouseButtonClick - "[MSAA, VisibleOnly]ControlType='Button' &amp;&amp; Name='Ok'"
\0&lt;/a&gt;
W, 3504, 26, 2013/05/23, 16:19:33.342, 2782952911497, QTAgent32.exe, PERF WARNING: FindTopLevelWindowHelper::FindAllDescendents: took 2535 ms. Expected it to take maximum 500 ms.
W, 3504, 26, 2013/05/23, 16:19:33.588, 2782956445455, QTAgent32.exe, &lt;a class=success&gt;Playback - {51} [SUCCESS] MouseButtonClick - "[MSAA, VisibleOnly]ControlType='Button' &amp;&amp; Name='Ok'"
\0&lt;/a&gt;
W, 3504, 26, 2013/05/23, 16:19:34.629, 2782971343674, QTAgent32.exe, &lt;a class=success&gt;Playback - {52} [SUCCESS] SetValueAsEditBox "Test" - "[MSAA, VisibleOnly]ControlType='Edit'"  &lt; Set via SendKeys &gt;
\0&lt;/a&gt;
W, 3504, 26, 2013/05/23, 16:19:35.133, 2782978556990, QTAgent32.exe, &lt;a class=success&gt;Playback - {53} [SUCCESS] SendKeys "{Tab}" - "[MSAA, VisibleOnly]ControlType='Edit'"
\0&lt;/a&gt;
W, 3504, 26, 2013/05/23, 16:19:36.202, 2782993868141, QTAgent32.exe, &lt;a class=success&gt;Playback - {54} [SUCCESS] SetValueAsEditBox "test" - "[MSAA, VisibleOnly]ControlType='Edit'"  &lt; Set via SendKeys &gt;
\0&lt;/a&gt;
W, 3504, 26, 2013/05/23, 16:19:37.239, 2783008715034, QTAgent32.exe, &lt;a class=success&gt;Playback - {55} [SUCCESS] SetValueAsEditBox "160485" - "[MSAA, VisibleOnly]ControlType='Edit'"  &lt; Set via SendKeys &gt;
\0&lt;/a&gt;
W, 3504, 26, 2013/05/23, 16:19:38.253, 2783023232250, QTAgent32.exe, &lt;a class=success&gt;Playback - {56} [SUCCESS] SetValueAsEditBox "B338TH" - "[MSAA, VisibleOnly]ControlType='Edit'"  &lt; Set via SendKeys &gt;
\0&lt;/a&gt;
W, 3504, 26, 2013/05/23, 16:19:40.501, 2783055415382, QTAgent32.exe, &lt;a class=success&gt;Playback - {57} [SUCCESS] MouseButtonClick - "[MSAA, VisibleOnly]ControlType='Button' &amp;&amp; Name='Lookup...'"
\0&lt;/a&gt;
W, 3504, 26, 2013/05/23, 16:19:40.745, 2783058916699, QTAgent32.exe, &lt;a class=success&gt;Playback - {58} [SUCCESS] MouseButtonClick - "[MSAA, VisibleOnly]ControlType='Button' &amp;&amp; Name='Ok'"
\0&lt;/a&gt;
W, 3504, 26, 2013/05/23, 16:19:42.936, 2783090292217, QTAgent32.exe, &lt;a class=success&gt;Playback - {59} [SUCCESS] MouseButtonClick - "[MSAA, VisibleOnly]ControlType='Button' &amp;&amp; Name='OK'"
\0&lt;/a&gt;
W, 3504, 26, 2013/05/23, 16:19:44.516, 2783112912310, QTAgent32.exe, Playback - [WARNING] Internal warning: Incorrect flag set for InvokeProgrammaticAction\0
W, 3504, 26, 2013/05/23, 16:19:44.639, 2783114672452, QTAgent32.exe, &lt;a class=success&gt;Playback - {60} [SUCCESS] SetValueAsComboBox "Account Executive" - "[MSAA, VisibleOnly]ControlType='ComboBox'"  &lt; SetValueAsComboBox, set by clicking on the item in the list box &gt;
\0&lt;/a&gt;
W, 3504, 26, 2013/05/23, 16:19:46.195, 2783136950787, QTAgent32.exe, Playback - [WARNING] Internal warning: Incorrect flag set for InvokeProgrammaticAction\0
W, 3504, 26, 2013/05/23, 16:19:46.319, 2783138722185, QTAgent32.exe, &lt;a class=success&gt;Playback - {61} [SUCCESS] SetValueAsComboBox "Acupuncture" - "[MSAA, VisibleOnly]ControlType='ComboBox'"  &lt; SetValueAsComboBox, set by clicking on the item in the list box &gt;
\0&lt;/a&gt;
W, 3504, 26, 2013/05/23, 16:19:47.903, 2783161406324, QTAgent32.exe, &lt;a class=success&gt;Playback - {62} [SUCCESS] SetValueAsEditBox "151101" - "[MSAA, VisibleOnly]ControlType='Edit'"  &lt; Set via SendKeys &gt;
\0&lt;/a&gt;
W, 3504, 26, 2013/05/23, 16:19:49.681, 2783186866700, QTAgent32.exe, &lt;a class=success&gt;Playback - {63} [SUCCESS] MouseButtonClick - "[MSAA, VisibleOnly]ControlType='Button' &amp;&amp; Name='OK'"
\0&lt;/a&gt;
W, 3504, 26, 2013/05/23, 16:19:50.695, 2783201379749, QTAgent32.exe, &lt;a class=success&gt;Playback - {64} [SUCCESS] SetValueAsEditBox "RF53OXL" - "[MSAA, VisibleOnly]ControlType='Edit'"  &lt; Set via SendKeys &gt;
\0&lt;/a&gt;
W, 3504, 26, 2013/05/23, 16:19:52.057, 2783220882329, QTAgent32.exe, &lt;a class=success&gt;Playback - {65} [SUCCESS] MouseButtonClick - "[MSAA, VisibleOnly]ControlType='Button' &amp;&amp; Name='Filter'"
\0&lt;/a&gt;
W, 3504, 26, 2013/05/23, 16:19:52.359, 2783225211572, QTAgent32.exe, &lt;a class=success&gt;Playback - {66} [SUCCESS] MouseButtonClick - "[MSAA, VisibleOnly]ControlType='Button' &amp;&amp; Name='OK'"
\0&lt;/a&gt;
W, 3504, 26, 2013/05/23, 16:19:53.025, 2783234737536, QTAgent32.exe, &lt;a class=success&gt;Playback - {67} [SUCCESS] SendKeys "^{HOME}" - "[MSAA, VisibleOnly]ControlType='Edit'"
\0&lt;/a&gt;
E, 3504, 26, 2013/05/23, 16:19:53.025, 2783234741165, QTAgent32.exe, Msaa.GetFocusedElement: could not find accessible object of foreground window
W, 3504, 26, 2013/05/23, 16:19:53.087, 2783235627596, QTAgent32.exe, &lt;a class=success&gt;Playback - {68} [SUCCESS] SendKeys "^+{END}" - "[MSAA, VisibleOnly]ControlType='Edit'"
\0&lt;/a&gt;
E, 3504, 26, 2013/05/23, 16:19:53.087, 2783235631796, QTAgent32.exe, Msaa.GetFocusedElement: could not find accessible object of foreground window
W, 3504, 26, 2013/05/23, 16:19:53.110, 2783235956178, QTAgent32.exe, &lt;a class=success&gt;Playback - {69} [SUCCESS] SendKeys "{DELETE}" - "[MSAA, VisibleOnly]ControlType='Edit'"
\0&lt;/a&gt;
W, 3504, 26, 2013/05/23, 16:19:53.601, 2783242987709, QTAgent32.exe, &lt;a class=success&gt;Playback - {70} [SUCCESS] SetValueAsEditBox "1000" - "[MSAA, VisibleOnly]ControlType='Edit'"  &lt; Set via SendKeys &gt;
\0&lt;/a&gt;
W, 3504, 26, 2013/05/23, 16:19:53.989, 2783248548552, QTAgent32.exe, &lt;a class=success&gt;Playback - {71} [SUCCESS] MouseButtonClick - "[MSAA, VisibleOnly]ControlType='Button' &amp;&amp; Name='Calculate Quote'"
\0&lt;/a&gt;
W, 3504, 26, 2013/05/23, 16:20:07.798, 2783446267541, QTAgent32.exe, Playback - [WARNING] Internal warning: Window Not Found: [VisibleOnly]ControlType='Window' &amp;&amp; Name='Quote Select List' &amp;&amp; ClassName='ThunderRT6FormDC'
\0
E, 3504, 26, 2013/05/23, 16:20:07.799, 2783446272448, QTAgent32.exe, &lt;a class=failure&gt;Playback - {72} [FAILED] Function ElementFetcher::FindScreenElement failed to locate UI element (Searching: ;[VisibleOnly]ControlType='Window' &amp;&amp; Name='Quote Select List' &amp;&amp; ClassName='ThunderRT6FormDC') (The object specified was not found.)
\0&lt;/a&gt;
E, 3504, 26, 2013/05/23, 16:20:07.943, 2783448336137, QTAgent32.exe, Playback - [IMAGE] C:\Users\testuser\AppData\Local\Temp\UITestLogs\LastRun\RPF4C8A.png
\0
W, 3504, 26, 2013/05/23, 16:20:07.943, 2783448344887, QTAgent32.exe, Playback - [WARNING] Internal warning: Couldn't find descendants that match QueryId
\0
W, 3504, 26, 2013/05/23, 16:20:07.944, 2783448354856, QTAgent32.exe, PERF WARNING: FindTopLevelWindowHelper::FindAllDescendents: took 13854 ms. Expected it to take maximum 500 ms.
W, 3504, 26, 2013/05/23, 16:20:28.801, 2783746993321, QTAgent32.exe, Playback - [WARNING] Internal warning: Window Not Found: [VisibleOnly]ControlType='Window' &amp;&amp; Name='Quote Select List' &amp;&amp; ClassName='ThunderRT6FormDC'
\0
E, 3504, 26, 2013/05/23, 16:20:28.802, 2783746998572, QTAgent32.exe, &lt;a class=failure&gt;Playback - {73} [FAILED] Function ElementFetcher::FindScreenElement failed to locate UI element (Searching: ;[VisibleOnly]ControlType='Window' &amp;&amp; Name='Quote Select List' &amp;&amp; ClassName='ThunderRT6FormDC') (The object specified was not found.)
\0&lt;/a&gt;
E, 3504, 26, 2013/05/23, 16:20:28.909, 2783748537541, QTAgent32.exe, Playback - [IMAGE] C:\Users\testuser\AppData\Local\Temp\UITestLogs\LastRun\RPF9E91.png
\0
W, 3504, 26, 2013/05/23, 16:20:28.909, 2783748539969, QTAgent32.exe, Playback - [WARNING] Internal warning: Couldn't find descendants that match QueryId
\0
W, 3504, 26, 2013/05/23, 16:20:28.910, 2783748544792, QTAgent32.exe, PERF WARNING: FindTopLevelWindowHelper::FindAllDescendents: took 20965 ms. Expected it to take maximum 500 ms.
W, 3504, 26, 2013/05/23, 16:20:32.301, 2783797106605, QTAgent32.exe, Playback - [WARNING] Internal warning: Window Not Found: [VisibleOnly]ControlType='Window' &amp;&amp; Name='Quote Select List' &amp;&amp; ClassName='ThunderRT6FormDC'
\0
E, 3504, 26, 2013/05/23, 16:20:32.302, 2783797109874, QTAgent32.exe, &lt;a class=failure&gt;Playback - {74} [FAILED] Function ElementFetcher::FindScreenElement failed to locate UI element (Searching: ;[VisibleOnly]ControlType='Window' &amp;&amp; Name='Quote Select List' &amp;&amp; ClassName='ThunderRT6FormDC') (The object specified was not found.)
\0&lt;/a&gt;
E, 3504, 26, 2013/05/23, 16:20:32.388, 2783798354934, QTAgent32.exe, Playback - [IMAGE] C:\Users\testuser\AppData\Local\Temp\UITestLogs\LastRun\RPFAC48.png
\0
W, 3504, 26, 2013/05/23, 16:20:32.389, 2783798357779, QTAgent32.exe, Playback - [WARNING] Internal warning: Couldn't find descendants that match QueryId
\0
W, 3504, 26, 2013/05/23, 16:20:32.389, 2783798361167, QTAgent32.exe, PERF WARNING: FindTopLevelWindowHelper::FindAllDescendents: took 3478 ms. Expected it to take maximum 500 ms.
E, 3504, 26, 2013/05/23, 16:20:32.389, 2783798363432, QTAgent32.exe, Exception: System.Runtime.InteropServices.COMException
	Message: Error HRESULT E_FAIL has been returned from a call to a COM component.
	Stack Trace:    at Microsoft.VisualStudio.TestTools.UITest.Playback.Engine.IRPFPlayback.FindAllScreenElements(IScreenElement pScreenElementStart, String bstrQueryId, Object&amp; pvarResKeys, Int32 cResKeys, Int32 nMaxDepth, Object[]&amp; foundDescendants)
   at Microsoft.VisualStudio.TestTools.UITest.Playback.ScreenElement.FindTopLevelWindowHelper(String queryId)
	BaseExceptionMessage: Error HRESULT E_FAIL has been returned from a call to a COM component.

E, 3504, 26, 2013/05/23, 16:20:32.490, 2783799813661, QTAgent32.exe, AL: Playback Error: Microsoft.VisualStudio.TestTools.UITest.Extension.UITestControlNotFoundException: The playback failed to find the control with the given search properties. Additional Details: 
TechnologyName:  'MSAA'
ControlType:  'Window'
Name:  'Quote Select List'
ClassName:  'ThunderRT6FormDC'
 ---&gt; System.Runtime.InteropServices.COMException: Error HRESULT E_FAIL has been returned from a call to a COM component.
   at Microsoft.VisualStudio.TestTools.UITest.Playback.Engine.IRPFPlayback.FindAllScreenElements(IScreenElement pScreenElementStart, String bstrQueryId, Object&amp; pvarResKeys, Int32 cResKeys, Int32 nMaxDepth, Object[]&amp; foundDescendants)
   at Microsoft.VisualStudio.TestTools.UITest.Playback.ScreenElement.FindTopLevelWindowHelper(String queryId)
   at Microsoft.VisualStudio.TestTools.UITest.Playback.ScreenElement.FindFromPartialQueryId(String queryId)
   at Microsoft.VisualStudio.TestTools.UITesting.UITestControl..ctor(String queryId)
   --- End of inner exception stack trace ---
   at Microsoft.VisualStudio.TestTools.UITesting.Playback.MapControlNotFoundException(COMException ex, IPlaybackContext context)
   at Microsoft.VisualStudio.TestTools.UITesting.Playback.MapAndThrowComException(COMException innerException, IPlaybackContext context)
   at Microsoft.VisualStudio.TestTools.UITesting.Playback.MapAndThrowException(SystemException exception, IPlaybackContext context)
   at Microsoft.VisualStudio.TestTools.UITesting.Playback.MapAndThrowException(SystemException exception, String queryId)
   at Microsoft.VisualStudio.TestTools.UITesting.UITestControl..ctor(String queryId)
   at Microsoft.VisualStudio.TestTools.UITesting.SearchHelper.SearchTopLevelWindow(ISearchArgument topLevelSearchArg, String topLevelElementQueryId)
   at Microsoft.VisualStudio.TestTools.UITesting.SearchHelper.GetTitleUpdatedTopLevelWindow(ISearchArgument topLevelSearchArg, String queryId, IList`1 windowTitles)
   at Microsoft.VisualStudio.TestTools.UITesting.SearchHelper.GetTopLevelElement(Boolean useCache, Boolean useCacheOnly, ISearchArgument searchArg, IList`1 windowTitles, Int32&amp; timeLeft)
   at Microsoft.VisualStudio.TestTools.UITesting.SearchHelper.GetElement(Boolean useCache, ISearchArgument searchArg)
   at Microsoft.VisualStudio.TestTools.UITesting.SearchHelper.Search(ISearchArgument searchArg)
   at Microsoft.VisualStudio.TestTools.UITesting.UITestControl.FindInternal()
   at Microsoft.VisualStudio.TestTools.UITesting.UITestControl.FindControlIfNecessary()
   at Microsoft.VisualStudio.TestTools.UITesting.UITestControl.Click(MouseButtons button, ModifierKeys modifierKeys, Point relativeCoordinates)
   at Microsoft.VisualStudio.TestTools.UITesting.Mouse.ClickImplementation(UITestControl control, MouseButtons button, ModifierKeys modifierKeys, Point relativeCoordinate)
   at Microsoft.VisualStudio.TestTools.UITesting.Mouse.ClickImplementationWrapper(UITestControl control, MouseButtons button, ModifierKeys modifierKeys, Point relativeCoordinate)
W, 3504, 26, 2013/05/23, 16:20:32.491, 2783799817239, QTAgent32.exe, PlaybackErrorHandler: Ignoring exception as ContinueOnError is set.
W, 3504, 26, 2013/05/23, 16:20:32.653, 2783802139738, QTAgent32.exe, &lt;a class=success&gt;Playback - {75} [SUCCESS] MouseButtonClick - "[MSAA, VisibleOnly]ControlType='Button' &amp;&amp; Name='No'"
\0&lt;/a&gt;
W, 3504, 26, 2013/05/23, 16:20:32.954, 2783806448527, QTAgent32.exe, &lt;a class=success&gt;Playback - {76} [SUCCESS] MouseButtonClick - "[MSAA, VisibleOnly]ControlType='Button' &amp;&amp; Name='Ok'"
\0&lt;/a&gt;
W, 3504, 26, 2013/05/23, 16:20:40.207, 2783910296165, QTAgent32.exe, PERF WARNING: FindTopLevelWindowHelper::FindAllDescendents: took 7152 ms. Expected it to take maximum 500 ms.
W, 3504, 26, 2013/05/23, 16:20:40.353, 2783912397697, QTAgent32.exe, &lt;a class=success&gt;Playback - {77} [SUCCESS] MouseButtonClick - "[MSAA, VisibleOnly]ControlType='Client'"
\0&lt;/a&gt;
W, 3504, 26, 2013/05/23, 16:20:42.167, 2783938371527, QTAgent32.exe, &lt;a class=success&gt;Playback - {78} [SUCCESS] SendKeys "{Home}" - "[MSAA, VisibleOnly]ControlType='Client'"
\0&lt;/a&gt;
W, 3504, 26, 2013/05/23, 16:20:43.641, 2783959463463, QTAgent32.exe, &lt;a class=success&gt;Playback - {79} [SUCCESS] MouseButtonClick - "[MSAA, VisibleOnly]ControlType='Button' &amp;&amp; Name='Premium'"
\0&lt;/a&gt;
W, 3504, 26, 2013/05/23, 16:20:44.197, 2783967434797, QTAgent32.exe, &lt;a class=success&gt;Playback - {80} [SUCCESS] SendKeys "^{HOME}" - "[MSAA, VisibleOnly]ControlType='Edit'"
\0&lt;/a&gt;
E, 3504, 26, 2013/05/23, 16:20:44.198, 2783967438789, QTAgent32.exe, Msaa.GetFocusedElement: could not find accessible object of foreground window
W, 3504, 26, 2013/05/23, 16:20:44.255, 2783968257668, QTAgent32.exe, &lt;a class=success&gt;Playback - {81} [SUCCESS] SendKeys "^+{END}" - "[MSAA, VisibleOnly]ControlType='Edit'"
\0&lt;/a&gt;
E, 3504, 26, 2013/05/23, 16:20:44.255, 2783968260988, QTAgent32.exe, Msaa.GetFocusedElement: could not find accessible object of foreground window
W, 3504, 26, 2013/05/23, 16:20:44.279, 2783968603006, QTAgent32.exe, &lt;a class=success&gt;Playback - {82} [SUCCESS] SendKeys "{DELETE}" - "[MSAA, VisibleOnly]ControlType='Edit'"
\0&lt;/a&gt;
W, 3504, 26, 2013/05/23, 16:20:44.751, 2783975361168, QTAgent32.exe, &lt;a class=success&gt;Playback - {83} [SUCCESS] SetValueAsEditBox "10000" - "[MSAA, VisibleOnly]ControlType='Edit'"  &lt; Set via SendKeys &gt;
\0&lt;/a&gt;
W, 3504, 26, 2013/05/23, 16:20:45.793, 2783990282926, QTAgent32.exe, &lt;a class=success&gt;Playback - {84} [SUCCESS] SetValueAsEditBox "321412341" - "[MSAA, VisibleOnly]ControlType='Edit'"  &lt; Set via SendKeys &gt;
\0&lt;/a&gt;
W, 3504, 26, 2013/05/23, 16:20:46.042, 2783993854904, QTAgent32.exe, &lt;a class=success&gt;Playback - {85} [SUCCESS] MouseButtonClick - "[MSAA, VisibleOnly]ControlType='Button' &amp;&amp; Name='OK'"
\0&lt;/a&gt;
W, 3504, 26, 2013/05/23, 16:20:49.309, 2784040621497, QTAgent32.exe, &lt;a class=success&gt;Playback - {86} [SUCCESS] MouseButtonClick - "[MSAA, VisibleOnly]ControlType='Button' &amp;&amp; Name='Accept'"
\0&lt;/a&gt;
W, 3504, 26, 2013/05/23, 16:20:49.733, 2784046696149, QTAgent32.exe, &lt;a class=success&gt;Playback - {87} [SUCCESS] MouseButtonClick - "[MSAA, VisibleOnly]ControlType='Button' &amp;&amp; Name='Yes'"
\0&lt;/a&gt;
W, 3504, 26, 2013/05/23, 16:20:50.066, 2784051472863, QTAgent32.exe, &lt;a class=success&gt;Playback - {88} [SUCCESS] MouseButtonClick - "[MSAA, VisibleOnly]ControlType='Button' &amp;&amp; Name='Ok'"
\0&lt;/a&gt;
W, 3504, 26, 2013/05/23, 16:20:50.341, 2784055393623, QTAgent32.exe, &lt;a class=success&gt;Playback - {89} [SUCCESS] MouseButtonClick - "[MSAA, VisibleOnly]ControlType='Button' &amp;&amp; Name='Ok'"
\0&lt;/a&gt;
W, 3504, 26, 2013/05/23, 16:20:50.868, 2784062951995, QTAgent32.exe, &lt;a class=success&gt;Playback - {90} [SUCCESS] MouseButtonClick - "[MSAA, VisibleOnly]ControlType='Button' &amp;&amp; Name='Confirm'"
\0&lt;/a&gt;
W, 3504, 26, 2013/05/23, 16:21:23.866, 2784535421210, QTAgent32.exe, Playback - [WARNING] Internal warning: Window Not Found: [VisibleOnly]ControlType='Window' &amp;&amp; Name='Save the file as' &amp;&amp; ClassName='#32770'
\0
E, 3504, 26, 2013/05/23, 16:21:23.870, 2784535470452, QTAgent32.exe, &lt;a class=failure&gt;Playback - {91} [FAILED] Function ElementFetcher::FindScreenElement failed to locate UI element (Searching: ;[VisibleOnly]ControlType='Window' &amp;&amp; Name='Save the file as' &amp;&amp; ClassName='#32770') (The object specified was not found.)
\0&lt;/a&gt;
E, 3504, 26, 2013/05/23, 16:21:24.107, 2784538868843, QTAgent32.exe, Playback - [IMAGE] C:\Users\testuser\AppData\Local\Temp\UITestLogs\LastRun\RPF75BF.png
\0
W, 3504, 26, 2013/05/23, 16:21:24.107, 2784538871743, QTAgent32.exe, Playback - [WARNING] Internal warning: Couldn't find descendants that match QueryId
\0
W, 3504, 26, 2013/05/23, 16:21:24.108, 2784538880069, QTAgent32.exe, PERF WARNING: FindTopLevelWindowHelper::FindAllDescendents: took 33138 ms. Expected it to take maximum 500 ms.
W, 3504, 26, 2013/05/23, 16:21:43.731, 2784819854988, QTAgent32.exe, Playback - [WARNING] Internal warning: Window Not Found: [VisibleOnly]ControlType='Window' &amp;&amp; Name='Save the file as' &amp;&amp; ClassName='#32770'
\0
E, 3504, 26, 2013/05/23, 16:21:43.732, 2784819861138, QTAgent32.exe, &lt;a class=failure&gt;Playback - {92} [FAILED] Function ElementFetcher::FindScreenElement failed to locate UI element (Searching: ;[VisibleOnly]ControlType='Window' &amp;&amp; Name='Save the file as' &amp;&amp; ClassName='#32770') (The object specified was not found.)
\0&lt;/a&gt;
E, 3504, 26, 2013/05/23, 16:21:43.835, 2784821341857, QTAgent32.exe, Playback - [IMAGE] C:\Users\testuser\AppData\Local\Temp\UITestLogs\LastRun\RPFC353.png
\0
W, 3504, 26, 2013/05/23, 16:21:43.835, 2784821344334, QTAgent32.exe, Playback - [WARNING] Internal warning: Couldn't find descendants that match QueryId
\0
W, 3504, 26, 2013/05/23, 16:21:43.836, 2784821349380, QTAgent32.exe, PERF WARNING: FindTopLevelWindowHelper::FindAllDescendents: took 19680 ms. Expected it to take maximum 500 ms.
W, 3504, 26, 2013/05/23, 16:21:46.749, 2784863062714, QTAgent32.exe, Playback - [WARNING] Internal warning: Smart Match failed
\0
W, 3504, 26, 2013/05/23, 16:21:47.979, 2784880674225, QTAgent32.exe, Playback - [WARNING] Internal warning: Window Not Found: [VisibleOnly]ControlType='Window' &amp;&amp; Name='Save the file as' &amp;&amp; ClassName='#32770'
\0
E, 3504, 26, 2013/05/23, 16:21:47.979, 2784880680302, QTAgent32.exe, &lt;a class=failure&gt;Playback - {93} [FAILED] Function ElementFetcher::FindScreenElement failed to locate UI element (Searching: ;[VisibleOnly]ControlType='Window' &amp;&amp; Name='Save the file as' &amp;&amp; ClassName='#32770') (The object specified was not found.)
\0&lt;/a&gt;
E, 3504, 26, 2013/05/23, 16:21:48.063, 2784881877678, QTAgent32.exe, Playback - [IMAGE] C:\Users\testuser\AppData\Local\Temp\UITestLogs\LastRun\RPFD3E7.png
\0
W, 3504, 26, 2013/05/23, 16:21:48.063, 2784881880275, QTAgent32.exe, Playback - [WARNING] Internal warning: Couldn't find descendants that match QueryId
\0
W, 3504, 26, 2013/05/23, 16:21:48.064, 2784881888358, QTAgent32.exe, PERF WARNING: FindTopLevelWindowHelper::FindAllDescendents: took 4227 ms. Expected it to take maximum 500 ms.
E, 3504, 26, 2013/05/23, 16:21:48.064, 2784881891120, QTAgent32.exe, Exception: System.Runtime.InteropServices.COMException
	Message: Error HRESULT E_FAIL has been returned from a call to a COM component.
	Stack Trace:    at Microsoft.VisualStudio.TestTools.UITest.Playback.Engine.IRPFPlayback.FindAllScreenElements(IScreenElement pScreenElementStart, String bstrQueryId, Object&amp; pvarResKeys, Int32 cResKeys, Int32 nMaxDepth, Object[]&amp; foundDescendants)
   at Microsoft.VisualStudio.TestTools.UITest.Playback.ScreenElement.FindTopLevelWindowHelper(String queryId)
	BaseExceptionMessage: Error HRESULT E_FAIL has been returned from a call to a COM component.

E, 3504, 26, 2013/05/23, 16:21:48.166, 2784883347618, QTAgent32.exe, AL: Playback Error: Microsoft.VisualStudio.TestTools.UITest.Extension.UITestControlNotFoundException: The playback failed to find the control with the given search properties. Additional Details: 
TechnologyName:  'MSAA'
ControlType:  'Window'
Name:  'Save the file as'
ClassName:  '#32770'
 ---&gt; System.Runtime.InteropServices.COMException: Error HRESULT E_FAIL has been returned from a call to a COM component.
   at Microsoft.VisualStudio.TestTools.UITest.Playback.Engine.IRPFPlayback.FindAllScreenElements(IScreenElement pScreenElementStart, String bstrQueryId, Object&amp; pvarResKeys, Int32 cResKeys, Int32 nMaxDepth, Object[]&amp; foundDescendants)
   at Microsoft.VisualStudio.TestTools.UITest.Playback.ScreenElement.FindTopLevelWindowHelper(String queryId)
   at Microsoft.VisualStudio.TestTools.UITest.Playback.ScreenElement.FindFromPartialQueryId(String queryId)
   at Microsoft.VisualStudio.TestTools.UITesting.UITestControl..ctor(String queryId)
   --- End of inner exception stack trace ---
   at Microsoft.VisualStudio.TestTools.UITesting.Playback.MapControlNotFoundException(COMException ex, IPlaybackContext context)
   at Microsoft.VisualStudio.TestTools.UITesting.Playback.MapAndThrowComException(COMException innerException, IPlaybackContext context)
   at Microsoft.VisualStudio.TestTools.UITesting.Playback.MapAndThrowException(SystemException exception, IPlaybackContext context)
   at Microsoft.VisualStudio.TestTools.UITesting.Playback.MapAndThrowException(SystemException exception, String queryId)
   at Microsoft.VisualStudio.TestTools.UITesting.UITestControl..ctor(String queryId)
   at Microsoft.VisualStudio.TestTools.UITesting.SearchHelper.SearchTopLevelWindow(ISearchArgument topLevelSearchArg, String topLevelElementQueryId)
   at Microsoft.VisualStudio.TestTools.UITesting.SearchHelper.GetTitleUpdatedTopLevelWindow(ISearchArgument topLevelSearchArg, String queryId, IList`1 windowTitles)
   at Microsoft.VisualStudio.TestTools.UITesting.SearchHelper.GetTopLevelElement(Boolean useCache, Boolean useCacheOnly, ISearchArgument searchArg, IList`1 windowTitles, Int32&amp; timeLeft)
   at Microsoft.VisualStudio.TestTools.UITesting.SearchHelper.GetElement(Boolean useCache, ISearchArgument searchArg)
   at Microsoft.VisualStudio.TestTools.UITesting.SearchHelper.Search(ISearchArgument searchArg)
   at Microsoft.VisualStudio.TestTools.UITesting.UITestControl.FindInternal()
   at Microsoft.VisualStudio.TestTools.UITesting.UITestControl.FindControlIfNecessary()
   at Microsoft.VisualStudio.TestTools.UITesting.UITestControl.Click(MouseButtons button, ModifierKeys modifierKeys, Point relativeCoordinates)
   at Microsoft.VisualStudio.TestTools.UITesting.Mouse.ClickImplementation(UITestControl control, MouseButtons button, ModifierKeys modifierKeys, Point relativeCoordinate)
   at Microsoft.VisualStudio.TestTools.UITesting.Mouse.ClickImplementationWrapper(UITestControl control, MouseButtons button, ModifierKeys modifierKeys, Point relativeCoordinate)
W, 3504, 26, 2013/05/23, 16:21:48.166, 2784883351481, QTAgent32.exe, PlaybackErrorHandler: Ignoring exception as ContinueOnError is set.
W, 3504, 26, 2013/05/23, 16:21:48.304, 2784885328479, QTAgent32.exe, &lt;a class=success&gt;Playback - {94} [SUCCESS] Check - "[MSAA, VisibleOnly]ControlType='CheckBox' &amp;&amp; Name='Defer Printing?'"
\0&lt;/a&gt;
W, 3504, 26, 2013/05/23, 16:21:48.636, 2784890084665, QTAgent32.exe, &lt;a class=success&gt;Playback - {95} [SUCCESS] MouseButtonClick - "[MSAA, VisibleOnly]ControlType='Button' &amp;&amp; Name='Ok'"
\0&lt;/a&gt;
W, 3504, 26, 2013/05/23, 16:21:50.516, 2784916998837, QTAgent32.exe, PERF WARNING: FindTopLevelWindowHelper::FindAllDescendents: took 1779 ms. Expected it to take maximum 500 ms.
W, 3504, 26, 2013/05/23, 16:21:50.662, 2784919086257, QTAgent32.exe, &lt;a class=success&gt;Playback - {96} [SUCCESS] Uncheck - "[MSAA, VisibleOnly]ControlType='CheckBox' &amp;&amp; Name='Add Activity'"
\0&lt;/a&gt;
W, 3504, 26, 2013/05/23, 16:21:53.031, 2784953013076, QTAgent32.exe, &lt;a class=success&gt;Playback - {97} [SUCCESS] MouseButtonClick - "[MSAA, VisibleOnly]ControlType='Button' &amp;&amp; Name='Ok'"
\0&lt;/a&gt;
W, 3504, 26, 2013/05/23, 16:21:53.306, 2784956942550, QTAgent32.exe, &lt;a class=success&gt;Playback - {98} [SUCCESS] MouseButtonClick - "[MSAA, VisibleOnly]ControlType='Button' &amp;&amp; Name='Ok'"
\0&lt;/a&gt;
W, 3504, 26, 2013/05/23, 16:21:56.992, 2785009732072, QTAgent32.exe, PERF WARNING: FindTopLevelWindowHelper::FindAllDescendents: took 3578 ms. Expected it to take maximum 500 ms.
W, 3504, 26, 2013/05/23, 16:21:59.157, 2785040725606, QTAgent32.exe, &lt;a class=success&gt;Playback - {99} [SUCCESS] MouseButtonClick - "[MSAA, VisibleOnly]ControlType='Button' &amp;&amp; Name='OK'"
\0&lt;/a&gt;
W, 3504, 26, 2013/05/23, 16:21:59.452, 2785044948080, QTAgent32.exe, &lt;a class=success&gt;Playback - {100} [SUCCESS] MouseButtonClick - "[MSAA, VisibleOnly]ControlType='Button' &amp;&amp; Name='Cancel'"
\0&lt;/a&gt;
W, 3504, 26, 2013/05/23, 16:21:59.803, 2785049966538, QTAgent32.exe, &lt;a class=success&gt;Playback - {101} [SUCCESS] MouseButtonClick - "[MSAA, VisibleOnly]ControlType='Button'"
\0&lt;/a&gt;
W, 3504, 26, 2013/05/23, 16:22:00.348, 2785057770967, QTAgent32.exe, &lt;a class=success&gt;Playback - {102} [SUCCESS] MouseButtonClick - "[MSAA, VisibleOnly]ControlType='Button' &amp;&amp; Name='Detail'"
\0&lt;/a&gt;
W, 3504, 26, 2013/05/23, 16:22:00.728, 2785063220830, QTAgent32.exe, Playback - [WARNING] Internal warning: Window Not Found: [VisibleOnly]ControlType='Window' &amp;&amp; Name='Policy: rty ert' &amp;&amp; ClassName='ThunderRT6MDIForm'
\0
E, 3504, 26, 2013/05/23, 16:22:00.728, 2785063224422, QTAgent32.exe, &lt;a class=failure&gt;Playback - {103} [FAILED] Function ElementFetcher::FindScreenElement failed to locate UI element (Searching: ;[VisibleOnly]ControlType='Window' &amp;&amp; Name='Policy: rty ert' &amp;&amp; ClassName='ThunderRT6MDIForm') (The object specified was not found.)
\0&lt;/a&gt;
E, 3504, 26, 2013/05/23, 16:22:00.811, 2785064401036, QTAgent32.exe, Playback - [IMAGE] C:\Users\testuser\AppData\Local\Temp\UITestLogs\LastRun\RPF5B1.png
\0
W, 3504, 26, 2013/05/23, 16:22:00.811, 2785064403360, QTAgent32.exe, Playback - [WARNING] Internal warning: Couldn't find descendants that match QueryId
\0
W, 3504, 26, 2013/05/23, 16:22:18.884, 2785323175451, QTAgent32.exe, Playback - [WARNING] Internal warning: Window Not Found: [VisibleOnly]ControlType='Window' &amp;&amp; Name='Policy: rty ert' &amp;&amp; ClassName='ThunderRT6MDIForm'
\0
E, 3504, 26, 2013/05/23, 16:22:18.884, 2785323182889, QTAgent32.exe, &lt;a class=failure&gt;Playback - {104} [FAILED] Function ElementFetcher::FindScreenElement failed to locate UI element (Searching: ;[VisibleOnly]ControlType='Window' &amp;&amp; Name='Policy: rty ert' &amp;&amp; ClassName='ThunderRT6MDIForm') (The object specified was not found.)
\0&lt;/a&gt;
E, 3504, 26, 2013/05/23, 16:22:18.965, 2785324333662, QTAgent32.exe, Playback - [IMAGE] C:\Users\testuser\AppData\Local\Temp\UITestLogs\LastRun\RPF4CA1.png
\0
W, 3504, 26, 2013/05/23, 16:22:18.965, 2785324336154, QTAgent32.exe, Playback - [WARNING] Internal warning: Couldn't find descendants that match QueryId
\0
W, 3504, 26, 2013/05/23, 16:22:18.966, 2785324345193, QTAgent32.exe, PERF WARNING: FindTopLevelWindowHelper::FindAllDescendents: took 18154 ms. Expected it to take maximum 500 ms.
W, 3504, 26, 2013/05/23, 16:22:19.586, 2785333231248, QTAgent32.exe, Playback - [WARNING] Internal warning: Window with Class "ThunderRT6MDIForm" and Title "Policy: rty ert" was not found, so similar window with Class "ThunderRT6MDIForm" and Title "Policy: autotest" was accepted
\0
W, 3504, 26, 2013/05/23, 16:22:19.587, 2785333239095, QTAgent32.exe, PERF WARNING: FindTopLevelWindowHelper::FindAllDescendents: took 620 ms. Expected it to take maximum 500 ms.
W, 3504, 26, 2013/05/23, 16:22:19.719, 2785335129101, QTAgent32.exe, &lt;a class=success&gt;Playback - {105} [SUCCESS] MouseButtonClick - "[MSAA, VisibleOnly]ControlType='Edit'"
\0&lt;/a&gt;
W, 3504, 26, 2013/05/23, 16:22:22.469, 2785374513740, QTAgent32.exe, IEDOM : StopSession of the plugin called before StartSession
W, 3504, 26, 2013/05/23, 16:22:22.470, 2785374518373, QTAgent32.exe, UIA : StopSession of the plugin called before StartSession
</DebugTrace>
      </Output>
    </UnitTestResult>
    <UnitTestResult executionId="e5ae8d56-448b-4f3a-812d-1468d173629e" testId="b0b309ae-cec4-a26a-67da-db190531abb2" testName="MotoCopyRiskNew" computerName="ICLVDEVTM02" duration="00:03:28.6322470" startTime="2013-05-23T16:22:22.5207148+01:00" endTime="2013-05-23T16:25:51.1612088+01:00" testType="13cdc9d9-ddb5-4fa4-a97d-d965ccfc6d4b" outcome="Passed" testListId="8c84fa94-04c1-424b-9868-57a2d4851a1d" relativeResultsDirectory="e5ae8d56-448b-4f3a-812d-1468d173629e">
      <Output>
        <DebugTrace>W, 3504, 15, 2013/05/23, 16:22:28.071, 2785454721889, QTAgent32.exe, &lt;a class=success&gt;Playback - {1} [SUCCESS] MouseButtonClick - "[MSAA, VisibleOnly]ControlType='Edit'"
\0&lt;/a&gt;
W, 3504, 15, 2013/05/23, 16:22:28.387, 2785459240744, QTAgent32.exe, &lt;a class=success&gt;Playback - {2} [SUCCESS] SendKeys "[*]" - "[MSAA, VisibleOnly]ControlType='Edit'"
\0&lt;/a&gt;
W, 3504, 15, 2013/05/23, 16:22:29.161, 2785470326232, QTAgent32.exe, &lt;a class=success&gt;Playback - {3} [SUCCESS] MouseButtonClick - "[MSAA, VisibleOnly]ControlType='Button' &amp;&amp; Name='OK'"
\0&lt;/a&gt;
W, 3504, 15, 2013/05/23, 16:22:29.650, 2785477327936, QTAgent32.exe, &lt;a class=success&gt;Playback - {4} [SUCCESS] SendKeys "^{HOME}" - "[MSAA, VisibleOnly]ControlType='Edit'"
\0&lt;/a&gt;
E, 3504, 15, 2013/05/23, 16:22:29.650, 2785477330949, QTAgent32.exe, Msaa.GetFocusedElement: could not find accessible object of foreground window
W, 3504, 15, 2013/05/23, 16:22:29.706, 2785478129869, QTAgent32.exe, &lt;a class=success&gt;Playback - {5} [SUCCESS] SendKeys "^+{END}" - "[MSAA, VisibleOnly]ControlType='Edit'"
\0&lt;/a&gt;
E, 3504, 15, 2013/05/23, 16:22:29.706, 2785478132692, QTAgent32.exe, Msaa.GetFocusedElement: could not find accessible object of foreground window
W, 3504, 15, 2013/05/23, 16:22:29.722, 2785478361441, QTAgent32.exe, &lt;a class=success&gt;Playback - {6} [SUCCESS] SendKeys "{DELETE}" - "[MSAA, VisibleOnly]ControlType='Edit'"
\0&lt;/a&gt;
W, 3504, 15, 2013/05/23, 16:22:30.056, 2785483137027, QTAgent32.exe, &lt;a class=success&gt;Playback - {7} [SUCCESS] SetValueAsEditBox "23/05/2013" - "[MSAA, VisibleOnly]ControlType='Edit'"  &lt; Set via SendKeys &gt;
\0&lt;/a&gt;
W, 3504, 15, 2013/05/23, 16:22:30.556, 2785490296765, QTAgent32.exe, Playback - [WARNING] Internal warning: Incorrect flag set for InvokeProgrammaticAction\0
W, 3504, 15, 2013/05/23, 16:22:30.676, 2785492021614, QTAgent32.exe, &lt;a class=success&gt;Playback - {8} [SUCCESS] SetValueAsComboBox "May" - "[MSAA, VisibleOnly]ControlType='ComboBox'"  &lt; SetValueAsComboBox, set by clicking on the item in the list box &gt;
\0&lt;/a&gt;
W, 3504, 15, 2013/05/23, 16:22:30.959, 2785496065422, QTAgent32.exe, &lt;a class=success&gt;Playback - {9} [SUCCESS] SendKeys "^{HOME}" - "[MSAA, VisibleOnly]ControlType='Edit'"
\0&lt;/a&gt;
E, 3504, 15, 2013/05/23, 16:22:30.959, 2785496068752, QTAgent32.exe, Msaa.GetFocusedElement: could not find accessible object of foreground window
W, 3504, 15, 2013/05/23, 16:22:31.022, 2785496967847, QTAgent32.exe, &lt;a class=success&gt;Playback - {10} [SUCCESS] SendKeys "^+{END}" - "[MSAA, VisibleOnly]ControlType='Edit'"
\0&lt;/a&gt;
E, 3504, 15, 2013/05/23, 16:22:31.022, 2785496970972, QTAgent32.exe, Msaa.GetFocusedElement: could not find accessible object of foreground window
W, 3504, 15, 2013/05/23, 16:22:31.044, 2785497291759, QTAgent32.exe, &lt;a class=success&gt;Playback - {11} [SUCCESS] SendKeys "{DELETE}" - "[MSAA, VisibleOnly]ControlType='Edit'"
\0&lt;/a&gt;
W, 3504, 15, 2013/05/23, 16:22:31.260, 2785500376917, QTAgent32.exe, &lt;a class=success&gt;Playback - {12} [SUCCESS] SetValueAsEditBox "2013" - "[MSAA, VisibleOnly]ControlType='Edit'"  &lt; Set via SendKeys &gt;
\0&lt;/a&gt;
W, 3504, 15, 2013/05/23, 16:22:31.480, 2785503532861, QTAgent32.exe, &lt;a class=success&gt;Playback - {13} [SUCCESS] MouseButtonClick - "[MSAA, VisibleOnly]ControlType='Button' &amp;&amp; Name='OK'"
\0&lt;/a&gt;
W, 3504, 15, 2013/05/23, 16:22:32.530, 2785518565325, QTAgent32.exe, Playback - [WARNING] Internal warning: Window Not Found: [VisibleOnly]ControlType='Window' &amp;&amp; Name='Warning' &amp;&amp; ClassName='#32770'
\0
E, 3504, 15, 2013/05/23, 16:22:32.530, 2785518568773, QTAgent32.exe, &lt;a class=failure&gt;Playback - {14} [FAILED] Function ElementFetcher::FindScreenElement failed to locate UI element (Searching: ;[VisibleOnly]ControlType='Window' &amp;&amp; Name='Warning' &amp;&amp; ClassName='#32770') (The object specified was not found.)
\0&lt;/a&gt;
E, 3504, 15, 2013/05/23, 16:22:32.608, 2785519689569, QTAgent32.exe, Playback - [IMAGE] C:\Users\testuser\AppData\Local\Temp\UITestLogs\LastRun\RPF81F4.png
\0
W, 3504, 15, 2013/05/23, 16:22:32.609, 2785519692239, QTAgent32.exe, Playback - [WARNING] Internal warning: Couldn't find descendants that match QueryId
\0
W, 3504, 15, 2013/05/23, 16:22:32.609, 2785519695529, QTAgent32.exe, PERF WARNING: FindTopLevelWindowHelper::FindAllDescendents: took 1001 ms. Expected it to take maximum 500 ms.
W, 3504, 15, 2013/05/23, 16:22:50.612, 2785777468884, QTAgent32.exe, Playback - [WARNING] Internal warning: Window Not Found: [VisibleOnly]ControlType='Window' &amp;&amp; Name='Warning' &amp;&amp; ClassName='#32770'
\0
E, 3504, 15, 2013/05/23, 16:22:50.613, 2785777474079, QTAgent32.exe, &lt;a class=failure&gt;Playback - {15} [FAILED] Function ElementFetcher::FindScreenElement failed to locate UI element (Searching: ;[VisibleOnly]ControlType='Window' &amp;&amp; Name='Warning' &amp;&amp; ClassName='#32770') (The object specified was not found.)
\0&lt;/a&gt;
E, 3504, 15, 2013/05/23, 16:22:50.693, 2785778619506, QTAgent32.exe, Playback - [IMAGE] C:\Users\testuser\AppData\Local\Temp\UITestLogs\LastRun\RPFC895.png
\0
W, 3504, 15, 2013/05/23, 16:22:50.693, 2785778621874, QTAgent32.exe, Playback - [WARNING] Internal warning: Couldn't find descendants that match QueryId
\0
W, 3504, 15, 2013/05/23, 16:22:50.693, 2785778626335, QTAgent32.exe, PERF WARNING: FindTopLevelWindowHelper::FindAllDescendents: took 18083 ms. Expected it to take maximum 500 ms.
W, 3504, 15, 2013/05/23, 16:22:51.161, 2785785332390, QTAgent32.exe, Playback - [WARNING] Internal warning: Smart Match failed
\0
W, 3504, 15, 2013/05/23, 16:22:51.320, 2785787603737, QTAgent32.exe, Playback - [WARNING] Internal warning: Smart Match failed
\0
W, 3504, 15, 2013/05/23, 16:22:51.480, 2785789896077, QTAgent32.exe, Playback - [WARNING] Internal warning: Smart Match failed
\0
W, 3504, 15, 2013/05/23, 16:22:51.635, 2785792113378, QTAgent32.exe, Playback - [WARNING] Internal warning: Smart Match failed
\0
W, 3504, 15, 2013/05/23, 16:22:51.790, 2785794328350, QTAgent32.exe, Playback - [WARNING] Internal warning: Smart Match failed
\0
W, 3504, 15, 2013/05/23, 16:22:51.945, 2785796554564, QTAgent32.exe, Playback - [WARNING] Internal warning: Smart Match failed
\0
W, 3504, 15, 2013/05/23, 16:22:52.104, 2785798831557, QTAgent32.exe, Playback - [WARNING] Internal warning: Smart Match failed
\0
W, 3504, 15, 2013/05/23, 16:22:52.259, 2785801047008, QTAgent32.exe, Playback - [WARNING] Internal warning: Smart Match failed
\0
W, 3504, 15, 2013/05/23, 16:22:52.415, 2785803278302, QTAgent32.exe, Playback - [WARNING] Internal warning: Smart Match failed
\0
W, 3504, 15, 2013/05/23, 16:22:52.571, 2785805515943, QTAgent32.exe, Playback - [WARNING] Internal warning: Smart Match failed
\0
W, 3504, 15, 2013/05/23, 16:22:52.726, 2785807728036, QTAgent32.exe, Playback - [WARNING] Internal warning: Smart Match failed
\0
W, 3504, 15, 2013/05/23, 16:22:52.879, 2785809926410, QTAgent32.exe, Playback - [WARNING] Internal warning: Smart Match failed
\0
W, 3504, 15, 2013/05/23, 16:22:53.043, 2785812265501, QTAgent32.exe, Playback - [WARNING] Internal warning: Smart Match failed
\0
W, 3504, 15, 2013/05/23, 16:22:53.196, 2785814455493, QTAgent32.exe, Playback - [WARNING] Internal warning: Smart Match failed
\0
W, 3504, 15, 2013/05/23, 16:22:53.351, 2785816685161, QTAgent32.exe, Playback - [WARNING] Internal warning: Smart Match failed
\0
W, 3504, 15, 2013/05/23, 16:22:53.536, 2785819323929, QTAgent32.exe, Playback - [WARNING] Internal warning: Smart Match failed
\0
W, 3504, 15, 2013/05/23, 16:22:53.692, 2785821558757, QTAgent32.exe, Playback - [WARNING] Internal warning: Smart Match failed
\0
W, 3504, 15, 2013/05/23, 16:22:53.740, 2785822246890, QTAgent32.exe, Playback - [WARNING] Internal warning: Window Not Found: [VisibleOnly]ControlType='Window' &amp;&amp; Name='Warning' &amp;&amp; ClassName='#32770'
\0
E, 3504, 15, 2013/05/23, 16:22:53.740, 2785822249865, QTAgent32.exe, &lt;a class=failure&gt;Playback - {16} [FAILED] Function ElementFetcher::FindScreenElement failed to locate UI element (Searching: ;[VisibleOnly]ControlType='Window' &amp;&amp; Name='Warning' &amp;&amp; ClassName='#32770') (The object specified was not found.)
\0&lt;/a&gt;
E, 3504, 15, 2013/05/23, 16:22:53.818, 2785823363442, QTAgent32.exe, Playback - [IMAGE] C:\Users\testuser\AppData\Local\Temp\UITestLogs\LastRun\RPFD4C6.png
\0
W, 3504, 15, 2013/05/23, 16:22:53.818, 2785823365825, QTAgent32.exe, Playback - [WARNING] Internal warning: Couldn't find descendants that match QueryId
\0
W, 3504, 15, 2013/05/23, 16:22:53.818, 2785823369100, QTAgent32.exe, PERF WARNING: FindTopLevelWindowHelper::FindAllDescendents: took 3124 ms. Expected it to take maximum 500 ms.
E, 3504, 15, 2013/05/23, 16:22:53.818, 2785823371054, QTAgent32.exe, Exception: System.Runtime.InteropServices.COMException
	Message: Error HRESULT E_FAIL has been returned from a call to a COM component.
	Stack Trace:    at Microsoft.VisualStudio.TestTools.UITest.Playback.Engine.IRPFPlayback.FindAllScreenElements(IScreenElement pScreenElementStart, String bstrQueryId, Object&amp; pvarResKeys, Int32 cResKeys, Int32 nMaxDepth, Object[]&amp; foundDescendants)
   at Microsoft.VisualStudio.TestTools.UITest.Playback.ScreenElement.FindTopLevelWindowHelper(String queryId)
	BaseExceptionMessage: Error HRESULT E_FAIL has been returned from a call to a COM component.

E, 3504, 15, 2013/05/23, 16:22:53.976, 2785825637123, QTAgent32.exe, AL: Playback Error: Microsoft.VisualStudio.TestTools.UITest.Extension.UITestControlNotFoundException: The playback failed to find the control with the given search properties. Additional Details: 
TechnologyName:  'MSAA'
ControlType:  'Window'
Name:  'Warning'
ClassName:  '#32770'
 ---&gt; System.Runtime.InteropServices.COMException: Error HRESULT E_FAIL has been returned from a call to a COM component.
   at Microsoft.VisualStudio.TestTools.UITest.Playback.Engine.IRPFPlayback.FindAllScreenElements(IScreenElement pScreenElementStart, String bstrQueryId, Object&amp; pvarResKeys, Int32 cResKeys, Int32 nMaxDepth, Object[]&amp; foundDescendants)
   at Microsoft.VisualStudio.TestTools.UITest.Playback.ScreenElement.FindTopLevelWindowHelper(String queryId)
   at Microsoft.VisualStudio.TestTools.UITest.Playback.ScreenElement.FindFromPartialQueryId(String queryId)
   at Microsoft.VisualStudio.TestTools.UITesting.UITestControl..ctor(String queryId)
   --- End of inner exception stack trace ---
   at Microsoft.VisualStudio.TestTools.UITesting.Playback.MapControlNotFoundException(COMException ex, IPlaybackContext context)
   at Microsoft.VisualStudio.TestTools.UITesting.Playback.MapAndThrowComException(COMException innerException, IPlaybackContext context)
   at Microsoft.VisualStudio.TestTools.UITesting.Playback.MapAndThrowException(SystemException exception, IPlaybackContext context)
   at Microsoft.VisualStudio.TestTools.UITesting.Playback.MapAndThrowException(SystemException exception, String queryId)
   at Microsoft.VisualStudio.TestTools.UITesting.UITestControl..ctor(String queryId)
   at Microsoft.VisualStudio.TestTools.UITesting.SearchHelper.SearchTopLevelWindow(ISearchArgument topLevelSearchArg, String topLevelElementQueryId)
   at Microsoft.VisualStudio.TestTools.UITesting.SearchHelper.GetTitleUpdatedTopLevelWindow(ISearchArgument topLevelSearchArg, String queryId, IList`1 windowTitles)
   at Microsoft.VisualStudio.TestTools.UITesting.SearchHelper.GetTopLevelElement(Boolean useCache, Boolean useCacheOnly, ISearchArgument searchArg, IList`1 windowTitles, Int32&amp; timeLeft)
   at Microsoft.VisualStudio.TestTools.UITesting.SearchHelper.GetElement(Boolean useCache, ISearchArgument searchArg)
   at Microsoft.VisualStudio.TestTools.UITesting.SearchHelper.Search(ISearchArgument searchArg)
   at Microsoft.VisualStudio.TestTools.UITesting.UITestControl.FindInternal()
   at Microsoft.VisualStudio.TestTools.UITesting.UITestControl.FindControlIfNecessary()
   at Microsoft.VisualStudio.TestTools.UITesting.UITestControl.Click(MouseButtons button, ModifierKeys modifierKeys, Point relativeCoordinates)
   at Microsoft.VisualStudio.TestTools.UITesting.Mouse.ClickImplementation(UITestControl control, MouseButtons button, ModifierKeys modifierKeys, Point relativeCoordinate)
   at Microsoft.VisualStudio.TestTools.UITesting.Mouse.ClickImplementationWrapper(UITestControl control, MouseButtons button, ModifierKeys modifierKeys, Point relativeCoordinate)
W, 3504, 15, 2013/05/23, 16:22:53.977, 2785825641002, QTAgent32.exe, PlaybackErrorHandler: Ignoring exception as ContinueOnError is set.
W, 3504, 15, 2013/05/23, 16:22:54.028, 2785826369539, QTAgent32.exe, &lt;a class=success&gt;Playback - {17} [SUCCESS] TypeString "#(R)"
\0&lt;/a&gt;
W, 3504, 15, 2013/05/23, 16:22:54.649, 2785835274694, QTAgent32.exe, PERF WARNING: FindTopLevelWindowHelper::FindAllDescendents: took 521 ms. Expected it to take maximum 500 ms.
E, 3504, 15, 2013/05/23, 16:22:55.040, 2785840867772, QTAgent32.exe, Exception: System.ArgumentException
	Message: Value does not fall within the expected range.
	Stack Trace:    at Accessibility.IAccessible.get_accRole(Object varChild)
   at Microsoft.VisualStudio.TestTools.UITest.Extension.Msaa.AccWrapper.get_RoleInt()
	BaseExceptionMessage: Value does not fall within the expected range.

E, 3504, 15, 2013/05/23, 16:22:55.050, 2785841012638, QTAgent32.exe, Exception: System.ArgumentException
	Message: Value does not fall within the expected range.
	Stack Trace:    at Accessibility.IAccessible.get_accRole(Object varChild)
   at Microsoft.VisualStudio.TestTools.UITest.Extension.Msaa.AccWrapper.get_RoleInt()
	BaseExceptionMessage: Value does not fall within the expected range.

W, 3504, 15, 2013/05/23, 16:22:56.403, 2785860380187, QTAgent32.exe, &lt;a class=success&gt;Playback - {18} [SUCCESS] LeftButtonClick  &lt; Mouse cursor location (87, 908) &gt;
\0&lt;/a&gt;
W, 3504, 15, 2013/05/23, 16:22:57.985, 2785883039054, QTAgent32.exe, &lt;a class=success&gt;Playback - {19} [SUCCESS] SetValueAsEditBox "c:\TestProject7\office.reg"  &lt; Set via SendKeys &gt;
\0&lt;/a&gt;
W, 3504, 15, 2013/05/23, 16:22:57.986, 2785883042214, QTAgent32.exe, &lt;a class=success&gt;Playback - {20} [SUCCESS] SetValueAsComboBox "c:\TestProject7\office.reg" - "[MSAA, VisibleOnly]ControlType='ComboBox' &amp;&amp; Name='Open:'"  &lt; Set via SetValueAsEditBox &gt;
\0&lt;/a&gt;
W, 3504, 15, 2013/05/23, 16:22:58.264, 2785887023036, QTAgent32.exe, &lt;a class=success&gt;Playback - {21} [SUCCESS] MouseButtonClick - "[MSAA, VisibleOnly]ControlType='Button' &amp;&amp; Name='OK'"
\0&lt;/a&gt;
W, 3504, 15, 2013/05/23, 16:22:59.013, 2785897748152, QTAgent32.exe, &lt;a class=success&gt;Playback - {22} [SUCCESS] MouseButtonClick - "[MSAA, VisibleOnly]ControlType='Button' &amp;&amp; Name='Yes'"
\0&lt;/a&gt;
W, 3504, 15, 2013/05/23, 16:22:59.402, 2785903325702, QTAgent32.exe, &lt;a class=success&gt;Playback - {23} [SUCCESS] MouseButtonClick - "[MSAA, VisibleOnly]ControlType='Button' &amp;&amp; Name='OK'"
\0&lt;/a&gt;
W, 3504, 15, 2013/05/23, 16:22:59.632, 2785906618226, QTAgent32.exe, &lt;a class=success&gt;Playback - {24} [SUCCESS] MouseButtonClick - "[MSAA, VisibleOnly]ControlType='Button' &amp;&amp; Name='Clients &amp; Files'"
\0&lt;/a&gt;
W, 3504, 15, 2013/05/23, 16:23:00.319, 2785916444139, QTAgent32.exe, Playback - [WARNING] Internal warning: Window Not Found: [VisibleOnly]ControlType='Window' &amp;&amp; ClassName='ThunderRT6MDIForm'
\0
E, 3504, 15, 2013/05/23, 16:23:00.319, 2785916446851, QTAgent32.exe, &lt;a class=failure&gt;Playback - {25} [FAILED] Function ElementFetcher::FindScreenElement failed to locate UI element (Searching: ;[VisibleOnly]ControlType='Window' &amp;&amp; ClassName='ThunderRT6MDIForm') (The object specified was not found.)
\0&lt;/a&gt;
E, 3504, 15, 2013/05/23, 16:23:00.398, 2785917577494, QTAgent32.exe, Playback - [IMAGE] C:\Users\testuser\AppData\Local\Temp\UITestLogs\LastRun\RPFEE7F.png
\0
W, 3504, 15, 2013/05/23, 16:23:00.398, 2785917580151, QTAgent32.exe, Playback - [WARNING] Internal warning: Couldn't find descendants that match QueryId
\0
W, 3504, 15, 2013/05/23, 16:23:00.398, 2785917583097, QTAgent32.exe, PERF WARNING: FindTopLevelWindowHelper::FindAllDescendents: took 665 ms. Expected it to take maximum 500 ms.
W, 3504, 15, 2013/05/23, 16:23:01.261, 2785929942991, QTAgent32.exe, PERF WARNING: FindTopLevelWindowHelper::FindAllDescendents: took 862 ms. Expected it to take maximum 500 ms.
W, 3504, 15, 2013/05/23, 16:23:02.252, 2785944130960, QTAgent32.exe, Playback - [WARNING] Internal warning: Incorrect flag set for InvokeProgrammaticAction\0
W, 3504, 15, 2013/05/23, 16:23:02.374, 2785945881825, QTAgent32.exe, &lt;a class=success&gt;Playback - {26} [SUCCESS] SetValueAsComboBox "Customers" - "[MSAA, VisibleOnly]ControlType='ComboBox'"  &lt; SetValueAsComboBox, set by clicking on the item in the list box &gt;
\0&lt;/a&gt;
W, 3504, 15, 2013/05/23, 16:23:02.830, 2785952411739, QTAgent32.exe, &lt;a class=success&gt;Playback - {27} [SUCCESS] MouseButtonClick - "[MSAA, VisibleOnly]ControlType='Button' &amp;&amp; Name='Add'"
\0&lt;/a&gt;
W, 3504, 15, 2013/05/23, 16:23:03.564, 2785962920422, QTAgent32.exe, &lt;a class=success&gt;Playback - {28} [SUCCESS] SendKeys "autotest" - "[MSAA, VisibleOnly]ControlType='RadioButton' &amp;&amp; Name='Personal Lines'"
\0&lt;/a&gt;
W, 3504, 15, 2013/05/23, 16:23:04.563, 2785977219801, QTAgent32.exe, &lt;a class=success&gt;Playback - {29} [SUCCESS] SetValueAsEditBox "autotest" - "[MSAA, VisibleOnly]ControlType='Edit'"  &lt; Set via SendKeys &gt;
\0&lt;/a&gt;
W, 3504, 15, 2013/05/23, 16:23:04.801, 2785980629088, QTAgent32.exe, &lt;a class=success&gt;Playback - {30} [SUCCESS] MouseButtonClick - "[MSAA, VisibleOnly]ControlType='Button' &amp;&amp; Name='OK'"
\0&lt;/a&gt;
W, 3504, 15, 2013/05/23, 16:23:05.095, 2785984828775, QTAgent32.exe, &lt;a class=success&gt;Playback - {31} [SUCCESS] MouseButtonClick - "[MSAA, VisibleOnly]ControlType='Button' &amp;&amp; Name='Yes'"
\0&lt;/a&gt;
W, 3504, 15, 2013/05/23, 16:23:05.764, 2785994409532, QTAgent32.exe, &lt;a class=success&gt;Playback - {32} [SUCCESS] SendKeys "^{HOME}" - "[MSAA, VisibleOnly]ControlType='Edit'"
\0&lt;/a&gt;
E, 3504, 15, 2013/05/23, 16:23:05.764, 2785994413586, QTAgent32.exe, Msaa.GetFocusedElement: could not find accessible object of foreground window
W, 3504, 15, 2013/05/23, 16:23:05.825, 2785995290069, QTAgent32.exe, &lt;a class=success&gt;Playback - {33} [SUCCESS] SendKeys "^+{END}" - "[MSAA, VisibleOnly]ControlType='Edit'"
\0&lt;/a&gt;
E, 3504, 15, 2013/05/23, 16:23:05.825, 2785995293434, QTAgent32.exe, Msaa.GetFocusedElement: could not find accessible object of foreground window
W, 3504, 15, 2013/05/23, 16:23:05.841, 2785995513615, QTAgent32.exe, &lt;a class=success&gt;Playback - {34} [SUCCESS] SendKeys "{DELETE}" - "[MSAA, VisibleOnly]ControlType='Edit'"
\0&lt;/a&gt;
W, 3504, 15, 2013/05/23, 16:23:06.205, 2786000729972, QTAgent32.exe, &lt;a class=success&gt;Playback - {35} [SUCCESS] SetValueAsEditBox "1" - "[MSAA, VisibleOnly]ControlType='Edit'"  &lt; Set via SendKeys &gt;
\0&lt;/a&gt;
W, 3504, 15, 2013/05/23, 16:23:06.716, 2786008042519, QTAgent32.exe, &lt;a class=success&gt;Playback - {36} [SUCCESS] SendKeys "^{HOME}" - "[MSAA, VisibleOnly]ControlType='Edit'"
\0&lt;/a&gt;
E, 3504, 15, 2013/05/23, 16:23:06.716, 2786008046191, QTAgent32.exe, Msaa.GetFocusedElement: could not find accessible object of foreground window
W, 3504, 15, 2013/05/23, 16:23:06.777, 2786008922480, QTAgent32.exe, &lt;a class=success&gt;Playback - {37} [SUCCESS] SendKeys "^+{END}" - "[MSAA, VisibleOnly]ControlType='Edit'"
\0&lt;/a&gt;
E, 3504, 15, 2013/05/23, 16:23:06.777, 2786008925792, QTAgent32.exe, Msaa.GetFocusedElement: could not find accessible object of foreground window
W, 3504, 15, 2013/05/23, 16:23:06.793, 2786009146238, QTAgent32.exe, &lt;a class=success&gt;Playback - {38} [SUCCESS] SendKeys "{DELETE}" - "[MSAA, VisibleOnly]ControlType='Edit'"
\0&lt;/a&gt;
W, 3504, 15, 2013/05/23, 16:23:07.180, 2786014687750, QTAgent32.exe, &lt;a class=success&gt;Playback - {39} [SUCCESS] SetValueAsEditBox "1" - "[MSAA, VisibleOnly]ControlType='Edit'"  &lt; Set via SendKeys &gt;
\0&lt;/a&gt;
W, 3504, 15, 2013/05/23, 16:23:08.794, 2786037789517, QTAgent32.exe, Playback - [WARNING] Internal warning: Target element "[MSAA, VisibleOnly]ControlType='Button' &amp;&amp; Name='OK'" was not found, so all intermediate elements were ignored. An incorrect element that matches target element Id can be found as the result.  Verify that all intermediate elements in QueryId have valid and unique Ids
\0
W, 3504, 15, 2013/05/23, 16:23:09.337, 2786045568418, QTAgent32.exe, PERF WARNING: FindAllDescendents: took 2052 ms. Expected it to take maximum 500 ms.
W, 3504, 15, 2013/05/23, 16:23:09.698, 2786050743615, QTAgent32.exe, &lt;a class=success&gt;Playback - {40} [SUCCESS] MouseButtonClick - "[MSAA, VisibleOnly]ControlType='Button' &amp;&amp; Name='OK'"
\0&lt;/a&gt;
W, 3504, 15, 2013/05/23, 16:23:10.079, 2786056202837, QTAgent32.exe, &lt;a class=success&gt;Playback - {41} [SUCCESS] MouseButtonClick - "[MSAA, VisibleOnly]ControlType='Button'"
\0&lt;/a&gt;
W, 3504, 15, 2013/05/23, 16:23:10.428, 2786061198620, QTAgent32.exe, &lt;a class=success&gt;Playback - {42} [SUCCESS] MouseButtonClick - "[MSAA, VisibleOnly]ControlType='Button' &amp;&amp; Name='Add'"
\0&lt;/a&gt;
W, 3504, 15, 2013/05/23, 16:23:10.658, 2786064493897, QTAgent32.exe, &lt;a class=success&gt;Playback - {43} [SUCCESS] MouseButtonClick - "[MSAA, VisibleOnly]ControlType='Button' &amp;&amp; Name='OK'"
\0&lt;/a&gt;
W, 3504, 15, 2013/05/23, 16:23:12.906, 2786096668786, QTAgent32.exe, &lt;a class=success&gt;Playback - {44} [SUCCESS] MouseButtonClick - "[MSAA, VisibleOnly,Window]ControlType='Window' &amp;&amp; ClassName='ThunderRT6TextBox'"
\0&lt;/a&gt;
W, 3504, 15, 2013/05/23, 16:23:13.728, 2786108440853, QTAgent32.exe, &lt;a class=success&gt;Playback - {45} [SUCCESS] SetValueAsEditBox "MOTO" - "[MSAA, VisibleOnly]ControlType='Edit'"  &lt; Set via SendKeys &gt;
\0&lt;/a&gt;
W, 3504, 15, 2013/05/23, 16:23:14.081, 2786113500908, QTAgent32.exe, &lt;a class=success&gt;Playback - {46} [SUCCESS] MouseButtonClick - "[MSAA, VisibleOnly]ControlType='Button' &amp;&amp; Name='OK'"
\0&lt;/a&gt;
W, 3504, 15, 2013/05/23, 16:23:14.330, 2786117060181, QTAgent32.exe, &lt;a class=success&gt;Playback - {47} [SUCCESS] MouseButtonClick - "[MSAA, VisibleOnly]ControlType='Button' &amp;&amp; Name='Options'"
\0&lt;/a&gt;
W, 3504, 15, 2013/05/23, 16:23:14.430, 2786118496118, QTAgent32.exe, FindScreenElementInSinglePass : Attempting to find control in one pass of search. Failures can occur.
W, 3504, 15, 2013/05/23, 16:23:14.852, 2786124542977, QTAgent32.exe, &lt;a class=success&gt;Playback - {48} [SUCCESS] MouseButtonClick - "[MSAA]ControlType='MenuItem' &amp;&amp; Name='Links'"
\0&lt;/a&gt;
W, 3504, 15, 2013/05/23, 16:23:14.953, 2786125979339, QTAgent32.exe, FindScreenElementInSinglePass : Attempting to find control in one pass of search. Failures can occur.
W, 3504, 15, 2013/05/23, 16:23:15.364, 2786131865718, QTAgent32.exe, &lt;a class=success&gt;Playback - {49} [SUCCESS] MouseButtonClick - "[MSAA]ControlType='MenuItem' &amp;&amp; Name='3rd Party Integration'"
\0&lt;/a&gt;
W, 3504, 15, 2013/05/23, 16:23:15.464, 2786133306262, QTAgent32.exe, FindScreenElementInSinglePass : Attempting to find control in one pass of search. Failures can occur.
W, 3504, 15, 2013/05/23, 16:23:15.893, 2786139448179, QTAgent32.exe, &lt;a class=success&gt;Playback - {50} [SUCCESS] MouseButtonClick - "[MSAA]ControlType='MenuItem' &amp;&amp; Name='Quote Select List'"
\0&lt;/a&gt;
W, 3504, 15, 2013/05/23, 16:23:17.440, 2786161592963, QTAgent32.exe, PERF WARNING: FindTopLevelWindowHelper::FindAllDescendents: took 1443 ms. Expected it to take maximum 500 ms.
W, 3504, 15, 2013/05/23, 16:23:17.582, 2786163621588, QTAgent32.exe, &lt;a class=success&gt;Playback - {51} [SUCCESS] MouseButtonClick - "[MSAA, VisibleOnly]ControlType='Button' &amp;&amp; Name='Ok'"
\0&lt;/a&gt;
W, 3504, 15, 2013/05/23, 16:23:19.836, 2786195903295, QTAgent32.exe, PERF WARNING: FindTopLevelWindowHelper::FindAllDescendents: took 2154 ms. Expected it to take maximum 500 ms.
W, 3504, 15, 2013/05/23, 16:23:19.974, 2786197876517, QTAgent32.exe, &lt;a class=success&gt;Playback - {52} [SUCCESS] MouseButtonClick - "[MSAA, VisibleOnly]ControlType='Button' &amp;&amp; Name='Ok'"
\0&lt;/a&gt;
W, 3504, 15, 2013/05/23, 16:23:21.097, 2786213949265, QTAgent32.exe, &lt;a class=success&gt;Playback - {53} [SUCCESS] SetValueAsEditBox "Test" - "[MSAA, VisibleOnly]ControlType='Edit'"  &lt; Set via SendKeys &gt;
\0&lt;/a&gt;
W, 3504, 15, 2013/05/23, 16:23:21.744, 2786223223531, QTAgent32.exe, &lt;a class=success&gt;Playback - {54} [SUCCESS] SendKeys "{Tab}" - "[MSAA, VisibleOnly]ControlType='Edit'"
\0&lt;/a&gt;
W, 3504, 15, 2013/05/23, 16:23:22.808, 2786238450980, QTAgent32.exe, &lt;a class=success&gt;Playback - {55} [SUCCESS] SetValueAsEditBox "test" - "[MSAA, VisibleOnly]ControlType='Edit'"  &lt; Set via SendKeys &gt;
\0&lt;/a&gt;
W, 3504, 15, 2013/05/23, 16:23:23.851, 2786253386044, QTAgent32.exe, &lt;a class=success&gt;Playback - {56} [SUCCESS] SetValueAsEditBox "160485" - "[MSAA, VisibleOnly]ControlType='Edit'"  &lt; Set via SendKeys &gt;
\0&lt;/a&gt;
W, 3504, 15, 2013/05/23, 16:23:24.902, 2786268430444, QTAgent32.exe, &lt;a class=success&gt;Playback - {57} [SUCCESS] SetValueAsEditBox "B338TH" - "[MSAA, VisibleOnly]ControlType='Edit'"  &lt; Set via SendKeys &gt;
\0&lt;/a&gt;
W, 3504, 15, 2013/05/23, 16:23:27.129, 2786300327836, QTAgent32.exe, &lt;a class=success&gt;Playback - {58} [SUCCESS] MouseButtonClick - "[MSAA, VisibleOnly]ControlType='Button' &amp;&amp; Name='Lookup...'"
\0&lt;/a&gt;
W, 3504, 15, 2013/05/23, 16:23:27.374, 2786303830237, QTAgent32.exe, &lt;a class=success&gt;Playback - {59} [SUCCESS] MouseButtonClick - "[MSAA, VisibleOnly]ControlType='Button' &amp;&amp; Name='Ok'"
\0&lt;/a&gt;
W, 3504, 15, 2013/05/23, 16:23:29.364, 2786332325237, QTAgent32.exe, &lt;a class=success&gt;Playback - {60} [SUCCESS] MouseButtonClick - "[MSAA, VisibleOnly]ControlType='Button' &amp;&amp; Name='OK'"
\0&lt;/a&gt;
W, 3504, 15, 2013/05/23, 16:23:30.993, 2786355656603, QTAgent32.exe, Playback - [WARNING] Internal warning: Incorrect flag set for InvokeProgrammaticAction\0
W, 3504, 15, 2013/05/23, 16:23:31.116, 2786357407342, QTAgent32.exe, &lt;a class=success&gt;Playback - {61} [SUCCESS] SetValueAsComboBox "Account Executive" - "[MSAA, VisibleOnly]ControlType='ComboBox'"  &lt; SetValueAsComboBox, set by clicking on the item in the list box &gt;
\0&lt;/a&gt;
W, 3504, 15, 2013/05/23, 16:23:32.740, 2786380653405, QTAgent32.exe, Playback - [WARNING] Internal warning: Incorrect flag set for InvokeProgrammaticAction\0
W, 3504, 15, 2013/05/23, 16:23:32.861, 2786382389915, QTAgent32.exe, &lt;a class=success&gt;Playback - {62} [SUCCESS] SetValueAsComboBox "Acupuncture" - "[MSAA, VisibleOnly]ControlType='ComboBox'"  &lt; SetValueAsComboBox, set by clicking on the item in the list box &gt;
\0&lt;/a&gt;
W, 3504, 15, 2013/05/23, 16:23:34.458, 2786405261598, QTAgent32.exe, &lt;a class=success&gt;Playback - {63} [SUCCESS] SetValueAsEditBox "151101" - "[MSAA, VisibleOnly]ControlType='Edit'"  &lt; Set via SendKeys &gt;
\0&lt;/a&gt;
W, 3504, 15, 2013/05/23, 16:23:36.195, 2786430121402, QTAgent32.exe, &lt;a class=success&gt;Playback - {64} [SUCCESS] MouseButtonClick - "[MSAA, VisibleOnly]ControlType='Button' &amp;&amp; Name='OK'"
\0&lt;/a&gt;
W, 3504, 15, 2013/05/23, 16:23:37.322, 2786446263399, QTAgent32.exe, &lt;a class=success&gt;Playback - {65} [SUCCESS] SetValueAsEditBox "RF53OXL" - "[MSAA, VisibleOnly]ControlType='Edit'"  &lt; Set via SendKeys &gt;
\0&lt;/a&gt;
W, 3504, 15, 2013/05/23, 16:23:38.291, 2786460144607, QTAgent32.exe, &lt;a class=success&gt;Playback - {66} [SUCCESS] MouseButtonClick - "[MSAA, VisibleOnly]ControlType='Button' &amp;&amp; Name='Filter'"
\0&lt;/a&gt;
W, 3504, 15, 2013/05/23, 16:23:38.598, 2786464544231, QTAgent32.exe, &lt;a class=success&gt;Playback - {67} [SUCCESS] MouseButtonClick - "[MSAA, VisibleOnly]ControlType='Button' &amp;&amp; Name='OK'"
\0&lt;/a&gt;
W, 3504, 15, 2013/05/23, 16:23:39.391, 2786475897640, QTAgent32.exe, &lt;a class=success&gt;Playback - {68} [SUCCESS] SendKeys "^{HOME}" - "[MSAA, VisibleOnly]ControlType='Edit'"
\0&lt;/a&gt;
E, 3504, 15, 2013/05/23, 16:23:39.391, 2786475901208, QTAgent32.exe, Msaa.GetFocusedElement: could not find accessible object of foreground window
W, 3504, 15, 2013/05/23, 16:23:39.461, 2786476894738, QTAgent32.exe, &lt;a class=success&gt;Playback - {69} [SUCCESS] SendKeys "^+{END}" - "[MSAA, VisibleOnly]ControlType='Edit'"
\0&lt;/a&gt;
E, 3504, 15, 2013/05/23, 16:23:39.461, 2786476898892, QTAgent32.exe, Msaa.GetFocusedElement: could not find accessible object of foreground window
W, 3504, 15, 2013/05/23, 16:23:39.481, 2786477188279, QTAgent32.exe, &lt;a class=success&gt;Playback - {70} [SUCCESS] SendKeys "{DELETE}" - "[MSAA, VisibleOnly]ControlType='Edit'"
\0&lt;/a&gt;
W, 3504, 15, 2013/05/23, 16:23:39.969, 2786484162333, QTAgent32.exe, &lt;a class=success&gt;Playback - {71} [SUCCESS] SetValueAsEditBox "1000" - "[MSAA, VisibleOnly]ControlType='Edit'"  &lt; Set via SendKeys &gt;
\0&lt;/a&gt;
W, 3504, 15, 2013/05/23, 16:23:40.354, 2786489682022, QTAgent32.exe, &lt;a class=success&gt;Playback - {72} [SUCCESS] MouseButtonClick - "[MSAA, VisibleOnly]ControlType='Button' &amp;&amp; Name='Calculate Quote'"
\0&lt;/a&gt;
W, 3504, 15, 2013/05/23, 16:23:52.182, 2786659031021, QTAgent32.exe, Playback - [WARNING] Internal warning: Window Not Found: [VisibleOnly]ControlType='Window' &amp;&amp; Name='Quote Select List' &amp;&amp; ClassName='ThunderRT6FormDC'
\0
E, 3504, 15, 2013/05/23, 16:23:52.182, 2786659036553, QTAgent32.exe, &lt;a class=failure&gt;Playback - {73} [FAILED] Function ElementFetcher::FindScreenElement failed to locate UI element (Searching: ;[VisibleOnly]ControlType='Window' &amp;&amp; Name='Quote Select List' &amp;&amp; ClassName='ThunderRT6FormDC') (The object specified was not found.)
\0&lt;/a&gt;
E, 3504, 15, 2013/05/23, 16:23:52.309, 2786660847012, QTAgent32.exe, Playback - [IMAGE] C:\Users\testuser\AppData\Local\Temp\UITestLogs\LastRun\RPFB91E.png
\0
W, 3504, 15, 2013/05/23, 16:23:52.309, 2786660849507, QTAgent32.exe, Playback - [WARNING] Internal warning: Couldn't find descendants that match QueryId
\0
W, 3504, 15, 2013/05/23, 16:23:52.309, 2786660853763, QTAgent32.exe, PERF WARNING: FindTopLevelWindowHelper::FindAllDescendents: took 11847 ms. Expected it to take maximum 500 ms.
W, 3504, 15, 2013/05/23, 16:24:10.485, 2786921109895, QTAgent32.exe, Playback - [WARNING] Internal warning: Window Not Found: [VisibleOnly]ControlType='Window' &amp;&amp; Name='Quote Select List' &amp;&amp; ClassName='ThunderRT6FormDC'
\0
E, 3504, 15, 2013/05/23, 16:24:10.486, 2786921114760, QTAgent32.exe, &lt;a class=failure&gt;Playback - {74} [FAILED] Function ElementFetcher::FindScreenElement failed to locate UI element (Searching: ;[VisibleOnly]ControlType='Window' &amp;&amp; Name='Quote Select List' &amp;&amp; ClassName='ThunderRT6FormDC') (The object specified was not found.)
\0&lt;/a&gt;
E, 3504, 15, 2013/05/23, 16:24:10.567, 2786922281611, QTAgent32.exe, Playback - [IMAGE] C:\Users\testuser\AppData\Local\Temp\UITestLogs\LastRun\RPF9A.png
\0
W, 3504, 15, 2013/05/23, 16:24:10.567, 2786922283855, QTAgent32.exe, Playback - [WARNING] Internal warning: Couldn't find descendants that match QueryId
\0
W, 3504, 15, 2013/05/23, 16:24:10.568, 2786922287352, QTAgent32.exe, PERF WARNING: FindTopLevelWindowHelper::FindAllDescendents: took 18258 ms. Expected it to take maximum 500 ms.
W, 3504, 15, 2013/05/23, 16:24:13.699, 2786967121764, QTAgent32.exe, Playback - [WARNING] Internal warning: Smart Match failed
\0
W, 3504, 15, 2013/05/23, 16:24:15.027, 2786986133161, QTAgent32.exe, Playback - [WARNING] Internal warning: Window Not Found: [VisibleOnly]ControlType='Window' &amp;&amp; Name='Quote Select List' &amp;&amp; ClassName='ThunderRT6FormDC'
\0
E, 3504, 15, 2013/05/23, 16:24:15.027, 2786986136264, QTAgent32.exe, &lt;a class=failure&gt;Playback - {75} [FAILED] Function ElementFetcher::FindScreenElement failed to locate UI element (Searching: ;[VisibleOnly]ControlType='Window' &amp;&amp; Name='Quote Select List' &amp;&amp; ClassName='ThunderRT6FormDC') (The object specified was not found.)
\0&lt;/a&gt;
E, 3504, 15, 2013/05/23, 16:24:15.106, 2786987266602, QTAgent32.exe, Playback - [IMAGE] C:\Users\testuser\AppData\Local\Temp\UITestLogs\LastRun\RPF1256.png
\0
W, 3504, 15, 2013/05/23, 16:24:15.107, 2786987269220, QTAgent32.exe, Playback - [WARNING] Internal warning: Couldn't find descendants that match QueryId
\0
W, 3504, 15, 2013/05/23, 16:24:15.107, 2786987272633, QTAgent32.exe, PERF WARNING: FindTopLevelWindowHelper::FindAllDescendents: took 4538 ms. Expected it to take maximum 500 ms.
E, 3504, 15, 2013/05/23, 16:24:15.107, 2786987274583, QTAgent32.exe, Exception: System.Runtime.InteropServices.COMException
	Message: Error HRESULT E_FAIL has been returned from a call to a COM component.
	Stack Trace:    at Microsoft.VisualStudio.TestTools.UITest.Playback.Engine.IRPFPlayback.FindAllScreenElements(IScreenElement pScreenElementStart, String bstrQueryId, Object&amp; pvarResKeys, Int32 cResKeys, Int32 nMaxDepth, Object[]&amp; foundDescendants)
   at Microsoft.VisualStudio.TestTools.UITest.Playback.ScreenElement.FindTopLevelWindowHelper(String queryId)
	BaseExceptionMessage: Error HRESULT E_FAIL has been returned from a call to a COM component.

E, 3504, 15, 2013/05/23, 16:24:15.208, 2786988727835, QTAgent32.exe, AL: Playback Error: Microsoft.VisualStudio.TestTools.UITest.Extension.UITestControlNotFoundException: The playback failed to find the control with the given search properties. Additional Details: 
TechnologyName:  'MSAA'
ControlType:  'Window'
Name:  'Quote Select List'
ClassName:  'ThunderRT6FormDC'
 ---&gt; System.Runtime.InteropServices.COMException: Error HRESULT E_FAIL has been returned from a call to a COM component.
   at Microsoft.VisualStudio.TestTools.UITest.Playback.Engine.IRPFPlayback.FindAllScreenElements(IScreenElement pScreenElementStart, String bstrQueryId, Object&amp; pvarResKeys, Int32 cResKeys, Int32 nMaxDepth, Object[]&amp; foundDescendants)
   at Microsoft.VisualStudio.TestTools.UITest.Playback.ScreenElement.FindTopLevelWindowHelper(String queryId)
   at Microsoft.VisualStudio.TestTools.UITest.Playback.ScreenElement.FindFromPartialQueryId(String queryId)
   at Microsoft.VisualStudio.TestTools.UITesting.UITestControl..ctor(String queryId)
   --- End of inner exception stack trace ---
   at Microsoft.VisualStudio.TestTools.UITesting.Playback.MapControlNotFoundException(COMException ex, IPlaybackContext context)
   at Microsoft.VisualStudio.TestTools.UITesting.Playback.MapAndThrowComException(COMException innerException, IPlaybackContext context)
   at Microsoft.VisualStudio.TestTools.UITesting.Playback.MapAndThrowException(SystemException exception, IPlaybackContext context)
   at Microsoft.VisualStudio.TestTools.UITesting.Playback.MapAndThrowException(SystemException exception, String queryId)
   at Microsoft.VisualStudio.TestTools.UITesting.UITestControl..ctor(String queryId)
   at Microsoft.VisualStudio.TestTools.UITesting.SearchHelper.SearchTopLevelWindow(ISearchArgument topLevelSearchArg, String topLevelElementQueryId)
   at Microsoft.VisualStudio.TestTools.UITesting.SearchHelper.GetTitleUpdatedTopLevelWindow(ISearchArgument topLevelSearchArg, String queryId, IList`1 windowTitles)
   at Microsoft.VisualStudio.TestTools.UITesting.SearchHelper.GetTopLevelElement(Boolean useCache, Boolean useCacheOnly, ISearchArgument searchArg, IList`1 windowTitles, Int32&amp; timeLeft)
   at Microsoft.VisualStudio.TestTools.UITesting.SearchHelper.GetElement(Boolean useCache, ISearchArgument searchArg)
   at Microsoft.VisualStudio.TestTools.UITesting.SearchHelper.Search(ISearchArgument searchArg)
   at Microsoft.VisualStudio.TestTools.UITesting.UITestControl.FindInternal()
   at Microsoft.VisualStudio.TestTools.UITesting.UITestControl.FindControlIfNecessary()
   at Microsoft.VisualStudio.TestTools.UITesting.UITestControl.Click(MouseButtons button, ModifierKeys modifierKeys, Point relativeCoordinates)
   at Microsoft.VisualStudio.TestTools.UITesting.Mouse.ClickImplementation(UITestControl control, MouseButtons button, ModifierKeys modifierKeys, Point relativeCoordinate)
   at Microsoft.VisualStudio.TestTools.UITesting.Mouse.ClickImplementationWrapper(UITestControl control, MouseButtons button, ModifierKeys modifierKeys, Point relativeCoordinate)
W, 3504, 15, 2013/05/23, 16:24:15.209, 2786988732629, QTAgent32.exe, PlaybackErrorHandler: Ignoring exception as ContinueOnError is set.
W, 3504, 15, 2013/05/23, 16:24:15.353, 2786990794787, QTAgent32.exe, &lt;a class=success&gt;Playback - {76} [SUCCESS] MouseButtonClick - "[MSAA, VisibleOnly]ControlType='Button' &amp;&amp; Name='No'"
\0&lt;/a&gt;
W, 3504, 15, 2013/05/23, 16:24:15.626, 2786994703873, QTAgent32.exe, &lt;a class=success&gt;Playback - {77} [SUCCESS] MouseButtonClick - "[MSAA, VisibleOnly]ControlType='Button' &amp;&amp; Name='Ok'"
\0&lt;/a&gt;
W, 3504, 15, 2013/05/23, 16:24:26.354, 2787148311853, QTAgent32.exe, PERF WARNING: FindTopLevelWindowHelper::FindAllDescendents: took 10627 ms. Expected it to take maximum 500 ms.
W, 3504, 15, 2013/05/23, 16:24:26.489, 2787150257075, QTAgent32.exe, &lt;a class=success&gt;Playback - {78} [SUCCESS] MouseButtonClick - "[MSAA, VisibleOnly]ControlType='Client'"
\0&lt;/a&gt;
W, 3504, 15, 2013/05/23, 16:24:28.599, 2787180460910, QTAgent32.exe, &lt;a class=success&gt;Playback - {79} [SUCCESS] SendKeys "{Home}" - "[MSAA, VisibleOnly]ControlType='Client'"
\0&lt;/a&gt;
W, 3504, 15, 2013/05/23, 16:24:31.840, 2787226867861, QTAgent32.exe, &lt;a class=success&gt;Playback - {80} [SUCCESS] MouseButtonClick - "[MSAA, VisibleOnly]ControlType='Button' &amp;&amp; Name='Accept'"
\0&lt;/a&gt;
W, 3504, 15, 2013/05/23, 16:24:32.863, 2787241519988, QTAgent32.exe, PERF WARNING: FindTopLevelWindowHelper::FindAllDescendents: took 919 ms. Expected it to take maximum 500 ms.
W, 3504, 15, 2013/05/23, 16:24:33.279, 2787247465922, QTAgent32.exe, &lt;a class=success&gt;Playback - {81} [SUCCESS] MouseButtonClick - "[MSAA, VisibleOnly]ControlType='Button' &amp;&amp; Name='Yes'"
\0&lt;/a&gt;
W, 3504, 15, 2013/05/23, 16:24:33.617, 2787252309713, QTAgent32.exe, &lt;a class=success&gt;Playback - {82} [SUCCESS] MouseButtonClick - "[MSAA, VisibleOnly]ControlType='Button' &amp;&amp; Name='Ok'"
\0&lt;/a&gt;
W, 3504, 15, 2013/05/23, 16:24:33.888, 2787256191676, QTAgent32.exe, &lt;a class=success&gt;Playback - {83} [SUCCESS] MouseButtonClick - "[MSAA, VisibleOnly]ControlType='Button' &amp;&amp; Name='Ok'"
\0&lt;/a&gt;
W, 3504, 15, 2013/05/23, 16:24:34.323, 2787262427247, QTAgent32.exe, &lt;a class=success&gt;Playback - {84} [SUCCESS] MouseButtonClick - "[MSAA, VisibleOnly]ControlType='Button' &amp;&amp; Name='Confirm'"
\0&lt;/a&gt;
W, 3504, 15, 2013/05/23, 16:25:05.687, 2787711489960, QTAgent32.exe, Playback - [WARNING] Internal warning: Window Not Found: [VisibleOnly]ControlType='Window' &amp;&amp; Name='Save the file as' &amp;&amp; ClassName='#32770'
\0
E, 3504, 15, 2013/05/23, 16:25:05.691, 2787711553419, QTAgent32.exe, &lt;a class=failure&gt;Playback - {85} [FAILED] Function ElementFetcher::FindScreenElement failed to locate UI element (Searching: ;[VisibleOnly]ControlType='Window' &amp;&amp; Name='Save the file as' &amp;&amp; ClassName='#32770') (The object specified was not found.)
\0&lt;/a&gt;
E, 3504, 15, 2013/05/23, 16:25:06.377, 2787721371814, QTAgent32.exe, Playback - [IMAGE] C:\Users\testuser\AppData\Local\Temp\UITestLogs\LastRun\RPFD845.png
\0
W, 3504, 15, 2013/05/23, 16:25:06.377, 2787721374713, QTAgent32.exe, Playback - [WARNING] Internal warning: Couldn't find descendants that match QueryId
\0
W, 3504, 15, 2013/05/23, 16:25:06.378, 2787721383113, QTAgent32.exe, PERF WARNING: FindTopLevelWindowHelper::FindAllDescendents: took 31952 ms. Expected it to take maximum 500 ms.
W, 3504, 15, 2013/05/23, 16:25:25.470, 2787994755711, QTAgent32.exe, Playback - [WARNING] Internal warning: Window Not Found: [VisibleOnly]ControlType='Window' &amp;&amp; Name='Save the file as' &amp;&amp; ClassName='#32770'
\0
E, 3504, 15, 2013/05/23, 16:25:25.471, 2787994763452, QTAgent32.exe, &lt;a class=failure&gt;Playback - {86} [FAILED] Function ElementFetcher::FindScreenElement failed to locate UI element (Searching: ;[VisibleOnly]ControlType='Window' &amp;&amp; Name='Save the file as' &amp;&amp; ClassName='#32770') (The object specified was not found.)
\0&lt;/a&gt;
E, 3504, 15, 2013/05/23, 16:25:25.555, 2787995971599, QTAgent32.exe, Playback - [IMAGE] C:\Users\testuser\AppData\Local\Temp\UITestLogs\LastRun\RPF258A.png
\0
W, 3504, 15, 2013/05/23, 16:25:25.555, 2787995974539, QTAgent32.exe, Playback - [WARNING] Internal warning: Couldn't find descendants that match QueryId
\0
W, 3504, 15, 2013/05/23, 16:25:25.556, 2787995980471, QTAgent32.exe, PERF WARNING: FindTopLevelWindowHelper::FindAllDescendents: took 19177 ms. Expected it to take maximum 500 ms.
W, 3504, 15, 2013/05/23, 16:25:28.480, 2788037843636, QTAgent32.exe, Playback - [WARNING] Internal warning: Smart Match failed
\0
W, 3504, 15, 2013/05/23, 16:25:29.709, 2788055441955, QTAgent32.exe, Playback - [WARNING] Internal warning: Window Not Found: [VisibleOnly]ControlType='Window' &amp;&amp; Name='Save the file as' &amp;&amp; ClassName='#32770'
\0
E, 3504, 15, 2013/05/23, 16:25:29.709, 2788055445600, QTAgent32.exe, &lt;a class=failure&gt;Playback - {87} [FAILED] Function ElementFetcher::FindScreenElement failed to locate UI element (Searching: ;[VisibleOnly]ControlType='Window' &amp;&amp; Name='Save the file as' &amp;&amp; ClassName='#32770') (The object specified was not found.)
\0&lt;/a&gt;
E, 3504, 15, 2013/05/23, 16:25:29.789, 2788056589368, QTAgent32.exe, Playback - [IMAGE] C:\Users\testuser\AppData\Local\Temp\UITestLogs\LastRun\RPF360F.png
\0
W, 3504, 15, 2013/05/23, 16:25:29.789, 2788056592025, QTAgent32.exe, Playback - [WARNING] Internal warning: Couldn't find descendants that match QueryId
\0
W, 3504, 15, 2013/05/23, 16:25:29.789, 2788056595449, QTAgent32.exe, PERF WARNING: FindTopLevelWindowHelper::FindAllDescendents: took 4233 ms. Expected it to take maximum 500 ms.
E, 3504, 15, 2013/05/23, 16:25:29.789, 2788056597318, QTAgent32.exe, Exception: System.Runtime.InteropServices.COMException
	Message: Error HRESULT E_FAIL has been returned from a call to a COM component.
	Stack Trace:    at Microsoft.VisualStudio.TestTools.UITest.Playback.Engine.IRPFPlayback.FindAllScreenElements(IScreenElement pScreenElementStart, String bstrQueryId, Object&amp; pvarResKeys, Int32 cResKeys, Int32 nMaxDepth, Object[]&amp; foundDescendants)
   at Microsoft.VisualStudio.TestTools.UITest.Playback.ScreenElement.FindTopLevelWindowHelper(String queryId)
	BaseExceptionMessage: Error HRESULT E_FAIL has been returned from a call to a COM component.

E, 3504, 15, 2013/05/23, 16:25:29.891, 2788058045800, QTAgent32.exe, AL: Playback Error: Microsoft.VisualStudio.TestTools.UITest.Extension.UITestControlNotFoundException: The playback failed to find the control with the given search properties. Additional Details: 
TechnologyName:  'MSAA'
ControlType:  'Window'
Name:  'Save the file as'
ClassName:  '#32770'
 ---&gt; System.Runtime.InteropServices.COMException: Error HRESULT E_FAIL has been returned from a call to a COM component.
   at Microsoft.VisualStudio.TestTools.UITest.Playback.Engine.IRPFPlayback.FindAllScreenElements(IScreenElement pScreenElementStart, String bstrQueryId, Object&amp; pvarResKeys, Int32 cResKeys, Int32 nMaxDepth, Object[]&amp; foundDescendants)
   at Microsoft.VisualStudio.TestTools.UITest.Playback.ScreenElement.FindTopLevelWindowHelper(String queryId)
   at Microsoft.VisualStudio.TestTools.UITest.Playback.ScreenElement.FindFromPartialQueryId(String queryId)
   at Microsoft.VisualStudio.TestTools.UITesting.UITestControl..ctor(String queryId)
   --- End of inner exception stack trace ---
   at Microsoft.VisualStudio.TestTools.UITesting.Playback.MapControlNotFoundException(COMException ex, IPlaybackContext context)
   at Microsoft.VisualStudio.TestTools.UITesting.Playback.MapAndThrowComException(COMException innerException, IPlaybackContext context)
   at Microsoft.VisualStudio.TestTools.UITesting.Playback.MapAndThrowException(SystemException exception, IPlaybackContext context)
   at Microsoft.VisualStudio.TestTools.UITesting.Playback.MapAndThrowException(SystemException exception, String queryId)
   at Microsoft.VisualStudio.TestTools.UITesting.UITestControl..ctor(String queryId)
   at Microsoft.VisualStudio.TestTools.UITesting.SearchHelper.SearchTopLevelWindow(ISearchArgument topLevelSearchArg, String topLevelElementQueryId)
   at Microsoft.VisualStudio.TestTools.UITesting.SearchHelper.GetTitleUpdatedTopLevelWindow(ISearchArgument topLevelSearchArg, String queryId, IList`1 windowTitles)
   at Microsoft.VisualStudio.TestTools.UITesting.SearchHelper.GetTopLevelElement(Boolean useCache, Boolean useCacheOnly, ISearchArgument searchArg, IList`1 windowTitles, Int32&amp; timeLeft)
   at Microsoft.VisualStudio.TestTools.UITesting.SearchHelper.GetElement(Boolean useCache, ISearchArgument searchArg)
   at Microsoft.VisualStudio.TestTools.UITesting.SearchHelper.Search(ISearchArgument searchArg)
   at Microsoft.VisualStudio.TestTools.UITesting.UITestControl.FindInternal()
   at Microsoft.VisualStudio.TestTools.UITesting.UITestControl.FindControlIfNecessary()
   at Microsoft.VisualStudio.TestTools.UITesting.UITestControl.Click(MouseButtons button, ModifierKeys modifierKeys, Point relativeCoordinates)
   at Microsoft.VisualStudio.TestTools.UITesting.Mouse.ClickImplementation(UITestControl control, MouseButtons button, ModifierKeys modifierKeys, Point relativeCoordinate)
   at Microsoft.VisualStudio.TestTools.UITesting.Mouse.ClickImplementationWrapper(UITestControl control, MouseButtons button, ModifierKeys modifierKeys, Point relativeCoordinate)
W, 3504, 15, 2013/05/23, 16:25:29.891, 2788058049725, QTAgent32.exe, PlaybackErrorHandler: Ignoring exception as ContinueOnError is set.
W, 3504, 15, 2013/05/23, 16:25:30.037, 2788060137687, QTAgent32.exe, &lt;a class=success&gt;Playback - {88} [SUCCESS] Check - "[MSAA, VisibleOnly]ControlType='CheckBox' &amp;&amp; Name='Defer Printing?'"
\0&lt;/a&gt;
W, 3504, 15, 2013/05/23, 16:25:30.539, 2788067324673, QTAgent32.exe, &lt;a class=success&gt;Playback - {89} [SUCCESS] MouseButtonClick - "[MSAA, VisibleOnly]ControlType='Button' &amp;&amp; Name='Ok'"
\0&lt;/a&gt;
W, 3504, 15, 2013/05/23, 16:25:32.103, 2788089720108, QTAgent32.exe, PERF WARNING: FindTopLevelWindowHelper::FindAllDescendents: took 1463 ms. Expected it to take maximum 500 ms.
W, 3504, 15, 2013/05/23, 16:25:32.254, 2788091883667, QTAgent32.exe, &lt;a class=success&gt;Playback - {90} [SUCCESS] Uncheck - "[MSAA, VisibleOnly]ControlType='CheckBox' &amp;&amp; Name='Add Activity'"
\0&lt;/a&gt;
W, 3504, 15, 2013/05/23, 16:25:34.696, 2788126845717, QTAgent32.exe, &lt;a class=success&gt;Playback - {91} [SUCCESS] MouseButtonClick - "[MSAA, VisibleOnly]ControlType='Button' &amp;&amp; Name='Ok'"
\0&lt;/a&gt;
W, 3504, 15, 2013/05/23, 16:25:34.937, 2788130292285, QTAgent32.exe, &lt;a class=success&gt;Playback - {92} [SUCCESS] MouseButtonClick - "[MSAA, VisibleOnly]ControlType='Button' &amp;&amp; Name='Ok'"
\0&lt;/a&gt;
W, 3504, 15, 2013/05/23, 16:25:38.084, 2788175359196, QTAgent32.exe, PERF WARNING: FindTopLevelWindowHelper::FindAllDescendents: took 3037 ms. Expected it to take maximum 500 ms.
W, 3504, 15, 2013/05/23, 16:25:38.223, 2788177339877, QTAgent32.exe, &lt;a class=success&gt;Playback - {93} [SUCCESS] MouseButtonClick - "[MSAA, VisibleOnly]ControlType='Button' &amp;&amp; Name='OK'"
\0&lt;/a&gt;
W, 3504, 15, 2013/05/23, 16:25:38.476, 2788180962767, QTAgent32.exe, &lt;a class=success&gt;Playback - {94} [SUCCESS] MouseButtonClick - "[MSAA, VisibleOnly]ControlType='Button' &amp;&amp; Name='Options'"
\0&lt;/a&gt;
W, 3504, 15, 2013/05/23, 16:25:38.576, 2788182405140, QTAgent32.exe, FindScreenElementInSinglePass : Attempting to find control in one pass of search. Failures can occur.
W, 3504, 15, 2013/05/23, 16:25:38.607, 2788182838939, QTAgent32.exe, Playback - [WARNING] Internal failure: Method GetBoundingRectangle failed (HRESULT = 0x1, "Incorrect function.") for Name = "Copy Risk" ," ControlType = "MenuItem"
\0
W, 3504, 15, 2013/05/23, 16:25:38.607, 2788182840930, QTAgent32.exe, Playback - [WARNING] Internal failure: Couldn't get clickable point for ScreenUIElement - GetClickablePoint failed
\0
W, 3504, 15, 2013/05/23, 16:25:38.656, 2788183544629, QTAgent32.exe, FindScreenElementInSinglePass : Attempting to find control in one pass of search. Failures can occur.
W, 3504, 15, 2013/05/23, 16:25:38.670, 2788183754347, QTAgent32.exe, FindScreenElementInSinglePass : Attempting to find control in one pass of search. Failures can occur.
W, 3504, 15, 2013/05/23, 16:25:38.979, 2788188178107, QTAgent32.exe, &lt;a class=success&gt;Playback - {95} [SUCCESS] LeftButtonClick - "[MSAA, VisibleOnly]ControlType='MenuBar' &amp;&amp; Name='Application'"  &lt; Mouse cursor location (960, 31) &gt;
\0&lt;/a&gt;
W, 3504, 15, 2013/05/23, 16:25:39.092, 2788189788302, QTAgent32.exe, &lt;a class=success&gt;Playback - {96} [SUCCESS] LeftButtonClick - "[MSAA]ControlType='MenuItem' &amp;&amp; Name='Options'"  &lt; Mouse cursor location (94, 31) &gt;
\0&lt;/a&gt;
W, 3504, 15, 2013/05/23, 16:25:39.485, 2788195414970, QTAgent32.exe, &lt;a class=success&gt;Playback - {97} [SUCCESS] LeftButtonClick - "[MSAA]ControlType='MenuItem' &amp;&amp; Name='Links'"  &lt; Mouse cursor location (174, 319) &gt;
\0&lt;/a&gt;
W, 3504, 15, 2013/05/23, 16:25:39.891, 2788201229568, QTAgent32.exe, &lt;a class=success&gt;Playback - {98} [SUCCESS] LeftButtonClick - "[MSAA]ControlType='MenuItem' &amp;&amp; Name='3rd Party Integration'"  &lt; Mouse cursor location (375, 319) &gt;
\0&lt;/a&gt;
W, 3504, 15, 2013/05/23, 16:25:40.323, 2788207422472, QTAgent32.exe, &lt;a class=success&gt;Playback - {99} [SUCCESS] MouseButtonClick - "[MSAA]ControlType='MenuItem' &amp;&amp; Name='Copy Risk'"
\0&lt;/a&gt;
W, 3504, 15, 2013/05/23, 16:25:42.100, 2788232851917, QTAgent32.exe, PERF WARNING: FindTopLevelWindowHelper::FindAllDescendents: took 1660 ms. Expected it to take maximum 500 ms.
W, 3504, 15, 2013/05/23, 16:25:42.262, 2788235177218, QTAgent32.exe, &lt;a class=success&gt;Playback - {100} [SUCCESS] MouseButtonClick - "[MSAA, VisibleOnly]ControlType='Button' &amp;&amp; Name='Ok'"
\0&lt;/a&gt;
W, 3504, 15, 2013/05/23, 16:25:46.125, 2788290482789, QTAgent32.exe, PERF WARNING: FindTopLevelWindowHelper::FindAllDescendents: took 3762 ms. Expected it to take maximum 500 ms.
W, 3504, 15, 2013/05/23, 16:25:46.273, 2788292601973, QTAgent32.exe, &lt;a class=success&gt;Playback - {101} [SUCCESS] MouseButtonClick - "[MSAA, VisibleOnly]ControlType='Button' &amp;&amp; Name='OK'"
\0&lt;/a&gt;
W, 3504, 15, 2013/05/23, 16:25:46.375, 2788294071557, QTAgent32.exe, Playback - [WARNING] Internal warning: Thread state based WFR - Requested element has invalid HWND
\0
W, 3504, 15, 2013/05/23, 16:25:46.375, 2788294073640, QTAgent32.exe, Playback - [WARNING] Internal warning: process performance counters based WFR - Requested element has invalid HWND
\0
E, 3504, 15, 2013/05/23, 16:25:46.426, 2788294800807, QTAgent32.exe, EnsureValid called via EnsureValid call for same element
E, 3504, 15, 2013/05/23, 16:25:46.445, 2788295065294, QTAgent32.exe, EnsureValid called via EnsureValid call for same element
E, 3504, 15, 2013/05/23, 16:25:46.446, 2788295080307, QTAgent32.exe, EnsureValid called via EnsureValid call for same element
E, 3504, 15, 2013/05/23, 16:25:46.448, 2788295115910, QTAgent32.exe, Window 1246420 not responding. Last Win32 error 0
E, 3504, 15, 2013/05/23, 16:25:46.449, 2788295130348, QTAgent32.exe, GetClassName for handle 1246420 failed
W, 3504, 15, 2013/05/23, 16:25:47.180, 2788305593463, QTAgent32.exe, PERF WARNING: FindTopLevelWindowHelper::FindAllDescendents: took 730 ms. Expected it to take maximum 500 ms.
W, 3504, 15, 2013/05/23, 16:25:47.191, 2788305758031, QTAgent32.exe, Playback - [WARNING] Internal warning: Thread state based WFR - Requested element has invalid HWND
\0
W, 3504, 15, 2013/05/23, 16:25:47.191, 2788305759561, QTAgent32.exe, Playback - [WARNING] Internal warning: process performance counters based WFR - Requested element has invalid HWND
\0
E, 3504, 15, 2013/05/23, 16:25:47.192, 2788305762337, QTAgent32.exe, EnsureValid called via EnsureValid call for same element
E, 3504, 15, 2013/05/23, 16:25:47.192, 2788305764734, QTAgent32.exe, EnsureValid called via EnsureValid call for same element
E, 3504, 15, 2013/05/23, 16:25:47.192, 2788305765926, QTAgent32.exe, EnsureValid called via EnsureValid call for same element
E, 3504, 15, 2013/05/23, 16:25:47.192, 2788305769346, QTAgent32.exe, Window 1508668 not responding. Last Win32 error 0
E, 3504, 15, 2013/05/23, 16:25:47.192, 2788305771330, QTAgent32.exe, GetClassName for handle 1508668 failed
W, 3504, 15, 2013/05/23, 16:25:47.208, 2788305993001, QTAgent32.exe, Playback - [WARNING] Internal warning: Thread state based WFR - Requested element has invalid HWND
\0
W, 3504, 15, 2013/05/23, 16:25:47.208, 2788305994660, QTAgent32.exe, Playback - [WARNING] Internal warning: process performance counters based WFR - Requested element has invalid HWND
\0
E, 3504, 15, 2013/05/23, 16:25:47.208, 2788305997176, QTAgent32.exe, EnsureValid called via EnsureValid call for same element
E, 3504, 15, 2013/05/23, 16:25:47.208, 2788305999354, QTAgent32.exe, EnsureValid called via EnsureValid call for same element
E, 3504, 15, 2013/05/23, 16:25:47.208, 2788306000543, QTAgent32.exe, EnsureValid called via EnsureValid call for same element
E, 3504, 15, 2013/05/23, 16:25:47.216, 2788306115277, QTAgent32.exe, Window 1049416 not responding. Last Win32 error 0
E, 3504, 15, 2013/05/23, 16:25:47.216, 2788306117526, QTAgent32.exe, GetClassName for handle 1049416 failed
W, 3504, 15, 2013/05/23, 16:25:47.227, 2788306276590, QTAgent32.exe, Playback - [WARNING] Internal warning: Thread state based WFR - Requested element has invalid HWND
\0
W, 3504, 15, 2013/05/23, 16:25:47.228, 2788306278682, QTAgent32.exe, Playback - [WARNING] Internal warning: process performance counters based WFR - Requested element has invalid HWND
\0
E, 3504, 15, 2013/05/23, 16:25:47.228, 2788306281722, QTAgent32.exe, EnsureValid called via EnsureValid call for same element
E, 3504, 15, 2013/05/23, 16:25:47.228, 2788306284594, QTAgent32.exe, EnsureValid called via EnsureValid call for same element
E, 3504, 15, 2013/05/23, 16:25:47.228, 2788306286154, QTAgent32.exe, EnsureValid called via EnsureValid call for same element
E, 3504, 15, 2013/05/23, 16:25:47.228, 2788306289752, QTAgent32.exe, Window 1115380 not responding. Last Win32 error 0
E, 3504, 15, 2013/05/23, 16:25:47.229, 2788306292655, QTAgent32.exe, GetClassName for handle 1115380 failed
W, 3504, 15, 2013/05/23, 16:25:47.371, 2788308326339, QTAgent32.exe, &lt;a class=success&gt;Playback - {102} [SUCCESS] MouseButtonClick - "[MSAA, VisibleOnly]ControlType='Button' &amp;&amp; Name='OK'"
\0&lt;/a&gt;
W, 3504, 15, 2013/05/23, 16:25:47.691, 2788312909307, QTAgent32.exe, Playback - [WARNING] Internal warning: Thread state based WFR - Requested element has invalid HWND
\0
W, 3504, 15, 2013/05/23, 16:25:47.691, 2788312910878, QTAgent32.exe, Playback - [WARNING] Internal warning: process performance counters based WFR - Requested element has invalid HWND
\0
E, 3504, 15, 2013/05/23, 16:25:47.691, 2788312913104, QTAgent32.exe, EnsureValid called via EnsureValid call for same element
E, 3504, 15, 2013/05/23, 16:25:47.691, 2788312915271, QTAgent32.exe, EnsureValid called via EnsureValid call for same element
E, 3504, 15, 2013/05/23, 16:25:47.691, 2788312916482, QTAgent32.exe, EnsureValid called via EnsureValid call for same element
E, 3504, 15, 2013/05/23, 16:25:47.691, 2788312919169, QTAgent32.exe, Window 1180904 not responding. Last Win32 error 0
E, 3504, 15, 2013/05/23, 16:25:47.691, 2788312920918, QTAgent32.exe, GetClassName for handle 1180904 failed
W, 3504, 15, 2013/05/23, 16:25:47.871, 2788315497813, QTAgent32.exe, &lt;a class=success&gt;Playback - {103} [SUCCESS] MouseButtonClick - "[MSAA, VisibleOnly]ControlType='Button' &amp;&amp; Name='Exit'"
\0&lt;/a&gt;
W, 3504, 15, 2013/05/23, 16:25:48.160, 2788319633326, QTAgent32.exe, &lt;a class=success&gt;Playback - {104} [SUCCESS] MouseButtonClick - "[MSAA, VisibleOnly]ControlType='Button' &amp;&amp; Name='No'"
\0&lt;/a&gt;
W, 3504, 15, 2013/05/23, 16:25:48.470, 2788324068109, QTAgent32.exe, &lt;a class=success&gt;Playback - {105} [SUCCESS] MouseButtonClick - "[MSAA, VisibleOnly]ControlType='Button' &amp;&amp; Name='OK'"
\0&lt;/a&gt;
W, 3504, 15, 2013/05/23, 16:25:51.156, 2788362524145, QTAgent32.exe, IEDOM : StopSession of the plugin called before StartSession
W, 3504, 15, 2013/05/23, 16:25:51.156, 2788362526187, QTAgent32.exe, UIA : StopSession of the plugin called before StartSession
</DebugTrace>
      </Output>
    </UnitTestResult>
    <UnitTestResult executionId="080a125a-1428-4417-a305-ec509ef305c0" testId="f6644745-11b7-eac7-fcea-91b6fe907646" testName="MotoCopyRiskQTE" computerName="ICLVDEVTM02" duration="00:02:25.3400046" startTime="2013-05-23T16:25:51.1742104+01:00" endTime="2013-05-23T16:28:16.5221673+01:00" testType="13cdc9d9-ddb5-4fa4-a97d-d965ccfc6d4b" outcome="Passed" testListId="8c84fa94-04c1-424b-9868-57a2d4851a1d" relativeResultsDirectory="080a125a-1428-4417-a305-ec509ef305c0">
      <Output>
        <DebugTrace>W, 3504, 24, 2013/05/23, 16:25:55.772, 2788428626180, QTAgent32.exe, &lt;a class=success&gt;Playback - {1} [SUCCESS] MouseButtonClick - "[MSAA, VisibleOnly]ControlType='Edit'"
\0&lt;/a&gt;
W, 3504, 24, 2013/05/23, 16:25:56.071, 2788432905440, QTAgent32.exe, &lt;a class=success&gt;Playback - {2} [SUCCESS] SendKeys "[*]" - "[MSAA, VisibleOnly]ControlType='Edit'"
\0&lt;/a&gt;
W, 3504, 24, 2013/05/23, 16:25:56.821, 2788443646623, QTAgent32.exe, &lt;a class=success&gt;Playback - {3} [SUCCESS] MouseButtonClick - "[MSAA, VisibleOnly]ControlType='Button' &amp;&amp; Name='OK'"
\0&lt;/a&gt;
W, 3504, 24, 2013/05/23, 16:25:57.150, 2788448355724, QTAgent32.exe, &lt;a class=success&gt;Playback - {4} [SUCCESS] SendKeys "^{HOME}" - "[MSAA, VisibleOnly]ControlType='Edit'"
\0&lt;/a&gt;
E, 3504, 24, 2013/05/23, 16:25:57.150, 2788448358343, QTAgent32.exe, Msaa.GetFocusedElement: could not find accessible object of foreground window
W, 3504, 24, 2013/05/23, 16:25:57.204, 2788449128899, QTAgent32.exe, &lt;a class=success&gt;Playback - {5} [SUCCESS] SendKeys "^+{END}" - "[MSAA, VisibleOnly]ControlType='Edit'"
\0&lt;/a&gt;
E, 3504, 24, 2013/05/23, 16:25:57.204, 2788449131531, QTAgent32.exe, Msaa.GetFocusedElement: could not find accessible object of foreground window
W, 3504, 24, 2013/05/23, 16:25:57.219, 2788449346958, QTAgent32.exe, &lt;a class=success&gt;Playback - {6} [SUCCESS] SendKeys "{DELETE}" - "[MSAA, VisibleOnly]ControlType='Edit'"
\0&lt;/a&gt;
W, 3504, 24, 2013/05/23, 16:25:57.580, 2788454508962, QTAgent32.exe, &lt;a class=success&gt;Playback - {7} [SUCCESS] SetValueAsEditBox "23/05/2013" - "[MSAA, VisibleOnly]ControlType='Edit'"  &lt; Set via SendKeys &gt;
\0&lt;/a&gt;
W, 3504, 24, 2013/05/23, 16:25:58.065, 2788461453857, QTAgent32.exe, Playback - [WARNING] Internal warning: Incorrect flag set for InvokeProgrammaticAction\0
W, 3504, 24, 2013/05/23, 16:25:58.186, 2788463175439, QTAgent32.exe, &lt;a class=success&gt;Playback - {8} [SUCCESS] SetValueAsComboBox "May" - "[MSAA, VisibleOnly]ControlType='ComboBox'"  &lt; SetValueAsComboBox, set by clicking on the item in the list box &gt;
\0&lt;/a&gt;
W, 3504, 24, 2013/05/23, 16:25:58.453, 2788466999424, QTAgent32.exe, &lt;a class=success&gt;Playback - {9} [SUCCESS] SendKeys "^{HOME}" - "[MSAA, VisibleOnly]ControlType='Edit'"
\0&lt;/a&gt;
E, 3504, 24, 2013/05/23, 16:25:58.453, 2788467002795, QTAgent32.exe, Msaa.GetFocusedElement: could not find accessible object of foreground window
W, 3504, 24, 2013/05/23, 16:25:58.513, 2788467866146, QTAgent32.exe, &lt;a class=success&gt;Playback - {10} [SUCCESS] SendKeys "^+{END}" - "[MSAA, VisibleOnly]ControlType='Edit'"
\0&lt;/a&gt;
E, 3504, 24, 2013/05/23, 16:25:58.513, 2788467869063, QTAgent32.exe, Msaa.GetFocusedElement: could not find accessible object of foreground window
W, 3504, 24, 2013/05/23, 16:25:58.529, 2788468089610, QTAgent32.exe, &lt;a class=success&gt;Playback - {11} [SUCCESS] SendKeys "{DELETE}" - "[MSAA, VisibleOnly]ControlType='Edit'"
\0&lt;/a&gt;
W, 3504, 24, 2013/05/23, 16:25:58.724, 2788470886707, QTAgent32.exe, &lt;a class=success&gt;Playback - {12} [SUCCESS] SetValueAsEditBox "2013" - "[MSAA, VisibleOnly]ControlType='Edit'"  &lt; Set via SendKeys &gt;
\0&lt;/a&gt;
W, 3504, 24, 2013/05/23, 16:25:58.943, 2788474017167, QTAgent32.exe, &lt;a class=success&gt;Playback - {13} [SUCCESS] MouseButtonClick - "[MSAA, VisibleOnly]ControlType='Button' &amp;&amp; Name='OK'"
\0&lt;/a&gt;
W, 3504, 24, 2013/05/23, 16:26:00.554, 2788497088453, QTAgent32.exe, Playback - [WARNING] Internal warning: Window Not Found: [VisibleOnly]ControlType='Window' &amp;&amp; Name='Warning' &amp;&amp; ClassName='#32770'
\0
E, 3504, 24, 2013/05/23, 16:26:00.554, 2788497092085, QTAgent32.exe, &lt;a class=failure&gt;Playback - {14} [FAILED] Function ElementFetcher::FindScreenElement failed to locate UI element (Searching: ;[VisibleOnly]ControlType='Window' &amp;&amp; Name='Warning' &amp;&amp; ClassName='#32770') (The object specified was not found.)
\0&lt;/a&gt;
E, 3504, 24, 2013/05/23, 16:26:00.636, 2788498266923, QTAgent32.exe, Playback - [IMAGE] C:\Users\testuser\AppData\Local\Temp\UITestLogs\LastRun\RPFAE99.png
\0
W, 3504, 24, 2013/05/23, 16:26:00.636, 2788498269549, QTAgent32.exe, Playback - [WARNING] Internal warning: Couldn't find descendants that match QueryId
\0
W, 3504, 24, 2013/05/23, 16:26:00.637, 2788498272823, QTAgent32.exe, PERF WARNING: FindTopLevelWindowHelper::FindAllDescendents: took 1575 ms. Expected it to take maximum 500 ms.
W, 3504, 24, 2013/05/23, 16:26:18.698, 2788756879640, QTAgent32.exe, Playback - [WARNING] Internal warning: Window Not Found: [VisibleOnly]ControlType='Window' &amp;&amp; Name='Warning' &amp;&amp; ClassName='#32770'
\0
E, 3504, 24, 2013/05/23, 16:26:18.699, 2788756886389, QTAgent32.exe, &lt;a class=failure&gt;Playback - {15} [FAILED] Function ElementFetcher::FindScreenElement failed to locate UI element (Searching: ;[VisibleOnly]ControlType='Window' &amp;&amp; Name='Warning' &amp;&amp; ClassName='#32770') (The object specified was not found.)
\0&lt;/a&gt;
E, 3504, 24, 2013/05/23, 16:26:18.778, 2788758019016, QTAgent32.exe, Playback - [IMAGE] C:\Users\testuser\AppData\Local\Temp\UITestLogs\LastRun\RPFF579.png
\0
W, 3504, 24, 2013/05/23, 16:26:18.778, 2788758021521, QTAgent32.exe, Playback - [WARNING] Internal warning: Couldn't find descendants that match QueryId
\0
W, 3504, 24, 2013/05/23, 16:26:18.778, 2788758026193, QTAgent32.exe, PERF WARNING: FindTopLevelWindowHelper::FindAllDescendents: took 18141 ms. Expected it to take maximum 500 ms.
W, 3504, 24, 2013/05/23, 16:26:19.212, 2788764232888, QTAgent32.exe, Playback - [WARNING] Internal warning: Smart Match failed
\0
W, 3504, 24, 2013/05/23, 16:26:19.367, 2788766461951, QTAgent32.exe, Playback - [WARNING] Internal warning: Smart Match failed
\0
W, 3504, 24, 2013/05/23, 16:26:19.620, 2788770084069, QTAgent32.exe, Playback - [WARNING] Internal warning: Smart Match failed
\0
W, 3504, 24, 2013/05/23, 16:26:19.776, 2788772319751, QTAgent32.exe, Playback - [WARNING] Internal warning: Smart Match failed
\0
W, 3504, 24, 2013/05/23, 16:26:20.007, 2788775619683, QTAgent32.exe, Playback - [WARNING] Internal warning: Smart Match failed
\0
W, 3504, 24, 2013/05/23, 16:26:20.171, 2788777965561, QTAgent32.exe, Playback - [WARNING] Internal warning: Smart Match failed
\0
W, 3504, 24, 2013/05/23, 16:26:20.331, 2788780257041, QTAgent32.exe, Playback - [WARNING] Internal warning: Smart Match failed
\0
W, 3504, 24, 2013/05/23, 16:26:20.487, 2788782489868, QTAgent32.exe, Playback - [WARNING] Internal warning: Smart Match failed
\0
W, 3504, 24, 2013/05/23, 16:26:20.640, 2788784682416, QTAgent32.exe, Playback - [WARNING] Internal warning: Smart Match failed
\0
W, 3504, 24, 2013/05/23, 16:26:20.795, 2788786899970, QTAgent32.exe, Playback - [WARNING] Internal warning: Smart Match failed
\0
W, 3504, 24, 2013/05/23, 16:26:21.016, 2788790070950, QTAgent32.exe, Playback - [WARNING] Internal warning: Smart Match failed
\0
W, 3504, 24, 2013/05/23, 16:26:21.170, 2788792271572, QTAgent32.exe, Playback - [WARNING] Internal warning: Smart Match failed
\0
W, 3504, 24, 2013/05/23, 16:26:21.322, 2788794443287, QTAgent32.exe, Playback - [WARNING] Internal warning: Smart Match failed
\0
W, 3504, 24, 2013/05/23, 16:26:21.510, 2788797141110, QTAgent32.exe, Playback - [WARNING] Internal warning: Smart Match failed
\0
W, 3504, 24, 2013/05/23, 16:26:21.664, 2788799349688, QTAgent32.exe, Playback - [WARNING] Internal warning: Smart Match failed
\0
W, 3504, 24, 2013/05/23, 16:26:21.818, 2788801551938, QTAgent32.exe, Playback - [WARNING] Internal warning: Smart Match failed
\0
W, 3504, 24, 2013/05/23, 16:26:21.862, 2788802176397, QTAgent32.exe, Playback - [WARNING] Internal warning: Window Not Found: [VisibleOnly]ControlType='Window' &amp;&amp; Name='Warning' &amp;&amp; ClassName='#32770'
\0
E, 3504, 24, 2013/05/23, 16:26:21.862, 2788802179619, QTAgent32.exe, &lt;a class=failure&gt;Playback - {16} [FAILED] Function ElementFetcher::FindScreenElement failed to locate UI element (Searching: ;[VisibleOnly]ControlType='Window' &amp;&amp; Name='Warning' &amp;&amp; ClassName='#32770') (The object specified was not found.)
\0&lt;/a&gt;
E, 3504, 24, 2013/05/23, 16:26:21.940, 2788803294574, QTAgent32.exe, Playback - [IMAGE] C:\Users\testuser\AppData\Local\Temp\UITestLogs\LastRun\RPF1C9.png
\0
W, 3504, 24, 2013/05/23, 16:26:21.940, 2788803297055, QTAgent32.exe, Playback - [WARNING] Internal warning: Couldn't find descendants that match QueryId
\0
W, 3504, 24, 2013/05/23, 16:26:21.940, 2788803300290, QTAgent32.exe, PERF WARNING: FindTopLevelWindowHelper::FindAllDescendents: took 3161 ms. Expected it to take maximum 500 ms.
E, 3504, 24, 2013/05/23, 16:26:21.940, 2788803302256, QTAgent32.exe, Exception: System.Runtime.InteropServices.COMException
	Message: Error HRESULT E_FAIL has been returned from a call to a COM component.
	Stack Trace:    at Microsoft.VisualStudio.TestTools.UITest.Playback.Engine.IRPFPlayback.FindAllScreenElements(IScreenElement pScreenElementStart, String bstrQueryId, Object&amp; pvarResKeys, Int32 cResKeys, Int32 nMaxDepth, Object[]&amp; foundDescendants)
   at Microsoft.VisualStudio.TestTools.UITest.Playback.ScreenElement.FindTopLevelWindowHelper(String queryId)
	BaseExceptionMessage: Error HRESULT E_FAIL has been returned from a call to a COM component.

E, 3504, 24, 2013/05/23, 16:26:22.080, 2788805298745, QTAgent32.exe, AL: Playback Error: Microsoft.VisualStudio.TestTools.UITest.Extension.UITestControlNotFoundException: The playback failed to find the control with the given search properties. Additional Details: 
TechnologyName:  'MSAA'
ControlType:  'Window'
Name:  'Warning'
ClassName:  '#32770'
 ---&gt; System.Runtime.InteropServices.COMException: Error HRESULT E_FAIL has been returned from a call to a COM component.
   at Microsoft.VisualStudio.TestTools.UITest.Playback.Engine.IRPFPlayback.FindAllScreenElements(IScreenElement pScreenElementStart, String bstrQueryId, Object&amp; pvarResKeys, Int32 cResKeys, Int32 nMaxDepth, Object[]&amp; foundDescendants)
   at Microsoft.VisualStudio.TestTools.UITest.Playback.ScreenElement.FindTopLevelWindowHelper(String queryId)
   at Microsoft.VisualStudio.TestTools.UITest.Playback.ScreenElement.FindFromPartialQueryId(String queryId)
   at Microsoft.VisualStudio.TestTools.UITesting.UITestControl..ctor(String queryId)
   --- End of inner exception stack trace ---
   at Microsoft.VisualStudio.TestTools.UITesting.Playback.MapControlNotFoundException(COMException ex, IPlaybackContext context)
   at Microsoft.VisualStudio.TestTools.UITesting.Playback.MapAndThrowComException(COMException innerException, IPlaybackContext context)
   at Microsoft.VisualStudio.TestTools.UITesting.Playback.MapAndThrowException(SystemException exception, IPlaybackContext context)
   at Microsoft.VisualStudio.TestTools.UITesting.Playback.MapAndThrowException(SystemException exception, String queryId)
   at Microsoft.VisualStudio.TestTools.UITesting.UITestControl..ctor(String queryId)
   at Microsoft.VisualStudio.TestTools.UITesting.SearchHelper.SearchTopLevelWindow(ISearchArgument topLevelSearchArg, String topLevelElementQueryId)
   at Microsoft.VisualStudio.TestTools.UITesting.SearchHelper.GetTitleUpdatedTopLevelWindow(ISearchArgument topLevelSearchArg, String queryId, IList`1 windowTitles)
   at Microsoft.VisualStudio.TestTools.UITesting.SearchHelper.GetTopLevelElement(Boolean useCache, Boolean useCacheOnly, ISearchArgument searchArg, IList`1 windowTitles, Int32&amp; timeLeft)
   at Microsoft.VisualStudio.TestTools.UITesting.SearchHelper.GetElement(Boolean useCache, ISearchArgument searchArg)
   at Microsoft.VisualStudio.TestTools.UITesting.SearchHelper.Search(ISearchArgument searchArg)
   at Microsoft.VisualStudio.TestTools.UITesting.UITestControl.FindInternal()
   at Microsoft.VisualStudio.TestTools.UITesting.UITestControl.FindControlIfNecessary()
   at Microsoft.VisualStudio.TestTools.UITesting.UITestControl.Click(MouseButtons button, ModifierKeys modifierKeys, Point relativeCoordinates)
   at Microsoft.VisualStudio.TestTools.UITesting.Mouse.ClickImplementation(UITestControl control, MouseButtons button, ModifierKeys modifierKeys, Point relativeCoordinate)
   at Microsoft.VisualStudio.TestTools.UITesting.Mouse.ClickImplementationWrapper(UITestControl control, MouseButtons button, ModifierKeys modifierKeys, Point relativeCoordinate)
W, 3504, 24, 2013/05/23, 16:26:22.080, 2788805302797, QTAgent32.exe, PlaybackErrorHandler: Ignoring exception as ContinueOnError is set.
W, 3504, 24, 2013/05/23, 16:26:22.113, 2788805767207, QTAgent32.exe, &lt;a class=success&gt;Playback - {17} [SUCCESS] TypeString "#(R)"
\0&lt;/a&gt;
E, 3504, 24, 2013/05/23, 16:26:22.874, 2788816671554, QTAgent32.exe, Exception: System.ArgumentException
	Message: Value does not fall within the expected range.
	Stack Trace:    at Accessibility.IAccessible.get_accRole(Object varChild)
   at Microsoft.VisualStudio.TestTools.UITest.Extension.Msaa.AccWrapper.get_RoleInt()
	BaseExceptionMessage: Value does not fall within the expected range.

E, 3504, 24, 2013/05/23, 16:26:22.884, 2788816815991, QTAgent32.exe, Exception: System.ArgumentException
	Message: Value does not fall within the expected range.
	Stack Trace:    at Accessibility.IAccessible.get_accRole(Object varChild)
   at Microsoft.VisualStudio.TestTools.UITest.Extension.Msaa.AccWrapper.get_RoleInt()
	BaseExceptionMessage: Value does not fall within the expected range.

W, 3504, 24, 2013/05/23, 16:26:23.835, 2788830434126, QTAgent32.exe, &lt;a class=success&gt;Playback - {18} [SUCCESS] LeftButtonClick  &lt; Mouse cursor location (87, 908) &gt;
\0&lt;/a&gt;
W, 3504, 24, 2013/05/23, 16:26:25.370, 2788852405330, QTAgent32.exe, &lt;a class=success&gt;Playback - {19} [SUCCESS] SetValueAsEditBox "c:\TestProject7\office.reg"  &lt; Set via SendKeys &gt;
\0&lt;/a&gt;
W, 3504, 24, 2013/05/23, 16:26:25.370, 2788852408199, QTAgent32.exe, &lt;a class=success&gt;Playback - {20} [SUCCESS] SetValueAsComboBox "c:\TestProject7\office.reg" - "[MSAA, VisibleOnly]ControlType='ComboBox' &amp;&amp; Name='Open:'"  &lt; Set via SetValueAsEditBox &gt;
\0&lt;/a&gt;
W, 3504, 24, 2013/05/23, 16:26:25.640, 2788856278270, QTAgent32.exe, &lt;a class=success&gt;Playback - {21} [SUCCESS] MouseButtonClick - "[MSAA, VisibleOnly]ControlType='Button' &amp;&amp; Name='OK'"
\0&lt;/a&gt;
W, 3504, 24, 2013/05/23, 16:26:26.086, 2788862654308, QTAgent32.exe, Playback - [WARNING] Internal warning: Window Not Found: [VisibleOnly]ControlType='Window' &amp;&amp; Name='Registry Editor' &amp;&amp; ClassName='#32770'
\0
E, 3504, 24, 2013/05/23, 16:26:26.086, 2788862657228, QTAgent32.exe, &lt;a class=failure&gt;Playback - {22} [FAILED] Function ElementFetcher::FindScreenElement failed to locate UI element (Searching: ;[VisibleOnly]ControlType='Window' &amp;&amp; Name='Registry Editor' &amp;&amp; ClassName='#32770') (The object specified was not found.)
\0&lt;/a&gt;
E, 3504, 24, 2013/05/23, 16:26:26.177, 2788863959497, QTAgent32.exe, Playback - [IMAGE] C:\Users\testuser\AppData\Local\Temp\UITestLogs\LastRun\RPF124E.png
\0
W, 3504, 24, 2013/05/23, 16:26:26.177, 2788863961843, QTAgent32.exe, Playback - [WARNING] Internal warning: Couldn't find descendants that match QueryId
\0
W, 3504, 24, 2013/05/23, 16:26:26.457, 2788867977769, QTAgent32.exe, &lt;a class=success&gt;Playback - {23} [SUCCESS] MouseButtonClick - "[MSAA, VisibleOnly]ControlType='Button' &amp;&amp; Name='Yes'"
\0&lt;/a&gt;
W, 3504, 24, 2013/05/23, 16:26:26.801, 2788872893140, QTAgent32.exe, &lt;a class=success&gt;Playback - {24} [SUCCESS] MouseButtonClick - "[MSAA, VisibleOnly]ControlType='Button' &amp;&amp; Name='OK'"
\0&lt;/a&gt;
W, 3504, 24, 2013/05/23, 16:26:27.030, 2788876170536, QTAgent32.exe, &lt;a class=success&gt;Playback - {25} [SUCCESS] MouseButtonClick - "[MSAA, VisibleOnly]ControlType='Button' &amp;&amp; Name='Clients &amp; Files'"
\0&lt;/a&gt;
W, 3504, 24, 2013/05/23, 16:26:27.711, 2788885929520, QTAgent32.exe, Playback - [WARNING] Internal warning: Window Not Found: [VisibleOnly]ControlType='Window' &amp;&amp; ClassName='ThunderRT6MDIForm'
\0
E, 3504, 24, 2013/05/23, 16:26:27.713, 2788885958492, QTAgent32.exe, &lt;a class=failure&gt;Playback - {26} [FAILED] Function ElementFetcher::FindScreenElement failed to locate UI element (Searching: ;[VisibleOnly]ControlType='Window' &amp;&amp; ClassName='ThunderRT6MDIForm') (The object specified was not found.)
\0&lt;/a&gt;
E, 3504, 24, 2013/05/23, 16:26:27.901, 2788888645593, QTAgent32.exe, Playback - [IMAGE] C:\Users\testuser\AppData\Local\Temp\UITestLogs\LastRun\RPF18B5.png
\0
W, 3504, 24, 2013/05/23, 16:26:27.901, 2788888647771, QTAgent32.exe, Playback - [WARNING] Internal warning: Couldn't find descendants that match QueryId
\0
W, 3504, 24, 2013/05/23, 16:26:27.901, 2788888652410, QTAgent32.exe, PERF WARNING: FindTopLevelWindowHelper::FindAllDescendents: took 771 ms. Expected it to take maximum 500 ms.
W, 3504, 24, 2013/05/23, 16:26:28.830, 2788901954984, QTAgent32.exe, PERF WARNING: FindTopLevelWindowHelper::FindAllDescendents: took 928 ms. Expected it to take maximum 500 ms.
W, 3504, 24, 2013/05/23, 16:26:29.749, 2788915101021, QTAgent32.exe, Playback - [WARNING] Internal warning: Incorrect flag set for InvokeProgrammaticAction\0
W, 3504, 24, 2013/05/23, 16:26:29.882, 2788917016187, QTAgent32.exe, &lt;a class=success&gt;Playback - {27} [SUCCESS] SetValueAsComboBox "Customers" - "[MSAA, VisibleOnly]ControlType='ComboBox'"  &lt; SetValueAsComboBox, set by clicking on the item in the list box &gt;
\0&lt;/a&gt;
W, 3504, 24, 2013/05/23, 16:26:30.346, 2788923658636, QTAgent32.exe, &lt;a class=success&gt;Playback - {28} [SUCCESS] MouseButtonClick - "[MSAA, VisibleOnly]ControlType='Button' &amp;&amp; Name='Add'"
\0&lt;/a&gt;
W, 3504, 24, 2013/05/23, 16:26:31.068, 2788933997697, QTAgent32.exe, &lt;a class=success&gt;Playback - {29} [SUCCESS] SendKeys "autotest" - "[MSAA, VisibleOnly]ControlType='RadioButton' &amp;&amp; Name='Personal Lines'"
\0&lt;/a&gt;
W, 3504, 24, 2013/05/23, 16:26:32.140, 2788949348253, QTAgent32.exe, &lt;a class=success&gt;Playback - {30} [SUCCESS] SetValueAsEditBox "autotest" - "[MSAA, VisibleOnly]ControlType='Edit'"  &lt; Set via SendKeys &gt;
\0&lt;/a&gt;
W, 3504, 24, 2013/05/23, 16:26:32.367, 2788952595122, QTAgent32.exe, &lt;a class=success&gt;Playback - {31} [SUCCESS] MouseButtonClick - "[MSAA, VisibleOnly]ControlType='Button' &amp;&amp; Name='OK'"
\0&lt;/a&gt;
W, 3504, 24, 2013/05/23, 16:26:32.663, 2788956830089, QTAgent32.exe, &lt;a class=success&gt;Playback - {32} [SUCCESS] MouseButtonClick - "[MSAA, VisibleOnly]ControlType='Button' &amp;&amp; Name='Yes'"
\0&lt;/a&gt;
W, 3504, 24, 2013/05/23, 16:26:33.213, 2788964706754, QTAgent32.exe, &lt;a class=success&gt;Playback - {33} [SUCCESS] SendKeys "^{HOME}" - "[MSAA, VisibleOnly]ControlType='Edit'"
\0&lt;/a&gt;
E, 3504, 24, 2013/05/23, 16:26:33.213, 2788964710157, QTAgent32.exe, Msaa.GetFocusedElement: could not find accessible object of foreground window
W, 3504, 24, 2013/05/23, 16:26:33.277, 2788965622977, QTAgent32.exe, &lt;a class=success&gt;Playback - {34} [SUCCESS] SendKeys "^+{END}" - "[MSAA, VisibleOnly]ControlType='Edit'"
\0&lt;/a&gt;
E, 3504, 24, 2013/05/23, 16:26:33.277, 2788965626186, QTAgent32.exe, Msaa.GetFocusedElement: could not find accessible object of foreground window
W, 3504, 24, 2013/05/23, 16:26:33.292, 2788965839614, QTAgent32.exe, &lt;a class=success&gt;Playback - {35} [SUCCESS] SendKeys "{DELETE}" - "[MSAA, VisibleOnly]ControlType='Edit'"
\0&lt;/a&gt;
W, 3504, 24, 2013/05/23, 16:26:33.757, 2788972489052, QTAgent32.exe, &lt;a class=success&gt;Playback - {36} [SUCCESS] SetValueAsEditBox "1" - "[MSAA, VisibleOnly]ControlType='Edit'"  &lt; Set via SendKeys &gt;
\0&lt;/a&gt;
W, 3504, 24, 2013/05/23, 16:26:34.265, 2788979771370, QTAgent32.exe, &lt;a class=success&gt;Playback - {37} [SUCCESS] SendKeys "^{HOME}" - "[MSAA, VisibleOnly]ControlType='Edit'"
\0&lt;/a&gt;
E, 3504, 24, 2013/05/23, 16:26:34.266, 2788979775191, QTAgent32.exe, Msaa.GetFocusedElement: could not find accessible object of foreground window
W, 3504, 24, 2013/05/23, 16:26:34.321, 2788980566314, QTAgent32.exe, &lt;a class=success&gt;Playback - {38} [SUCCESS] SendKeys "^+{END}" - "[MSAA, VisibleOnly]ControlType='Edit'"
\0&lt;/a&gt;
E, 3504, 24, 2013/05/23, 16:26:34.321, 2788980569927, QTAgent32.exe, Msaa.GetFocusedElement: could not find accessible object of foreground window
W, 3504, 24, 2013/05/23, 16:26:34.336, 2788980788976, QTAgent32.exe, &lt;a class=success&gt;Playback - {39} [SUCCESS] SendKeys "{DELETE}" - "[MSAA, VisibleOnly]ControlType='Edit'"
\0&lt;/a&gt;
W, 3504, 24, 2013/05/23, 16:26:34.709, 2788986124196, QTAgent32.exe, &lt;a class=success&gt;Playback - {40} [SUCCESS] SetValueAsEditBox "1" - "[MSAA, VisibleOnly]ControlType='Edit'"  &lt; Set via SendKeys &gt;
\0&lt;/a&gt;
W, 3504, 24, 2013/05/23, 16:26:36.318, 2789009173622, QTAgent32.exe, Playback - [WARNING] Internal warning: Target element "[MSAA, VisibleOnly]ControlType='Button' &amp;&amp; Name='OK'" was not found, so all intermediate elements were ignored. An incorrect element that matches target element Id can be found as the result.  Verify that all intermediate elements in QueryId have valid and unique Ids
\0
W, 3504, 24, 2013/05/23, 16:26:36.855, 2789016843743, QTAgent32.exe, PERF WARNING: FindAllDescendents: took 2043 ms. Expected it to take maximum 500 ms.
W, 3504, 24, 2013/05/23, 16:26:37.133, 2789020828097, QTAgent32.exe, &lt;a class=success&gt;Playback - {41} [SUCCESS] MouseButtonClick - "[MSAA, VisibleOnly]ControlType='Button' &amp;&amp; Name='OK'"
\0&lt;/a&gt;
W, 3504, 24, 2013/05/23, 16:26:37.507, 2789026183677, QTAgent32.exe, &lt;a class=success&gt;Playback - {42} [SUCCESS] MouseButtonClick - "[MSAA, VisibleOnly]ControlType='Button'"
\0&lt;/a&gt;
W, 3504, 24, 2013/05/23, 16:26:37.855, 2789031165660, QTAgent32.exe, &lt;a class=success&gt;Playback - {43} [SUCCESS] MouseButtonClick - "[MSAA, VisibleOnly]ControlType='Button' &amp;&amp; Name='Add'"
\0&lt;/a&gt;
W, 3504, 24, 2013/05/23, 16:26:38.091, 2789034544704, QTAgent32.exe, &lt;a class=success&gt;Playback - {44} [SUCCESS] MouseButtonClick - "[MSAA, VisibleOnly]ControlType='Button' &amp;&amp; Name='OK'"
\0&lt;/a&gt;
W, 3504, 24, 2013/05/23, 16:26:40.339, 2789066736860, QTAgent32.exe, &lt;a class=success&gt;Playback - {45} [SUCCESS] MouseButtonClick - "[MSAA, VisibleOnly,Window]ControlType='Window' &amp;&amp; ClassName='ThunderRT6TextBox'"
\0&lt;/a&gt;
W, 3504, 24, 2013/05/23, 16:26:41.201, 2789079073939, QTAgent32.exe, &lt;a class=success&gt;Playback - {46} [SUCCESS] SetValueAsEditBox "MOTO" - "[MSAA, VisibleOnly]ControlType='Edit'"  &lt; Set via SendKeys &gt;
\0&lt;/a&gt;
W, 3504, 24, 2013/05/23, 16:26:41.539, 2789083917841, QTAgent32.exe, &lt;a class=success&gt;Playback - {47} [SUCCESS] MouseButtonClick - "[MSAA, VisibleOnly]ControlType='Button' &amp;&amp; Name='OK'"
\0&lt;/a&gt;
W, 3504, 24, 2013/05/23, 16:26:41.779, 2789087350086, QTAgent32.exe, &lt;a class=success&gt;Playback - {48} [SUCCESS] MouseButtonClick - "[MSAA, VisibleOnly]ControlType='Button' &amp;&amp; Name='Options'"
\0&lt;/a&gt;
W, 3504, 24, 2013/05/23, 16:26:41.879, 2789088791048, QTAgent32.exe, FindScreenElementInSinglePass : Attempting to find control in one pass of search. Failures can occur.
W, 3504, 24, 2013/05/23, 16:26:42.290, 2789094666447, QTAgent32.exe, &lt;a class=success&gt;Playback - {49} [SUCCESS] MouseButtonClick - "[MSAA]ControlType='MenuItem' &amp;&amp; Name='Links'"
\0&lt;/a&gt;
W, 3504, 24, 2013/05/23, 16:26:42.390, 2789096105254, QTAgent32.exe, FindScreenElementInSinglePass : Attempting to find control in one pass of search. Failures can occur.
W, 3504, 24, 2013/05/23, 16:26:42.817, 2789102220569, QTAgent32.exe, &lt;a class=success&gt;Playback - {50} [SUCCESS] MouseButtonClick - "[MSAA]ControlType='MenuItem' &amp;&amp; Name='3rd Party Integration'"
\0&lt;/a&gt;
W, 3504, 24, 2013/05/23, 16:26:42.918, 2789103659334, QTAgent32.exe, FindScreenElementInSinglePass : Attempting to find control in one pass of search. Failures can occur.
W, 3504, 24, 2013/05/23, 16:26:43.381, 2789110296586, QTAgent32.exe, &lt;a class=success&gt;Playback - {51} [SUCCESS] MouseButtonClick - "[MSAA]ControlType='MenuItem' &amp;&amp; Name='Quote Select List'"
\0&lt;/a&gt;
W, 3504, 24, 2013/05/23, 16:26:44.662, 2789128627155, QTAgent32.exe, PERF WARNING: FindTopLevelWindowHelper::FindAllDescendents: took 1180 ms. Expected it to take maximum 500 ms.
W, 3504, 24, 2013/05/23, 16:26:45.450, 2789139920795, QTAgent32.exe, &lt;a class=success&gt;Playback - {52} [SUCCESS] MouseButtonClick - "[MSAA, VisibleOnly]ControlType='Button' &amp;&amp; Name='Ok'"
\0&lt;/a&gt;
W, 3504, 24, 2013/05/23, 16:26:46.481, 2789154680370, QTAgent32.exe, PERF WARNING: FindTopLevelWindowHelper::FindAllDescendents: took 927 ms. Expected it to take maximum 500 ms.
W, 3504, 24, 2013/05/23, 16:26:46.614, 2789156586899, QTAgent32.exe, &lt;a class=success&gt;Playback - {53} [SUCCESS] MouseButtonClick - "[MSAA, VisibleOnly]ControlType='Button' &amp;&amp; Name='Ok'"
\0&lt;/a&gt;
W, 3504, 24, 2013/05/23, 16:26:47.656, 2789171508749, QTAgent32.exe, &lt;a class=success&gt;Playback - {54} [SUCCESS] SetValueAsEditBox "Test" - "[MSAA, VisibleOnly]ControlType='Edit'"  &lt; Set via SendKeys &gt;
\0&lt;/a&gt;
W, 3504, 24, 2013/05/23, 16:26:48.191, 2789179172432, QTAgent32.exe, &lt;a class=success&gt;Playback - {55} [SUCCESS] SendKeys "{Tab}" - "[MSAA, VisibleOnly]ControlType='Edit'"
\0&lt;/a&gt;
W, 3504, 24, 2013/05/23, 16:26:49.154, 2789192945619, QTAgent32.exe, &lt;a class=success&gt;Playback - {56} [SUCCESS] SetValueAsEditBox "test" - "[MSAA, VisibleOnly]ControlType='Edit'"  &lt; Set via SendKeys &gt;
\0&lt;/a&gt;
W, 3504, 24, 2013/05/23, 16:26:50.284, 2789209135682, QTAgent32.exe, &lt;a class=success&gt;Playback - {57} [SUCCESS] SetValueAsEditBox "160485" - "[MSAA, VisibleOnly]ControlType='Edit'"  &lt; Set via SendKeys &gt;
\0&lt;/a&gt;
W, 3504, 24, 2013/05/23, 16:26:51.283, 2789223432671, QTAgent32.exe, &lt;a class=success&gt;Playback - {58} [SUCCESS] SetValueAsEditBox "B338TH" - "[MSAA, VisibleOnly]ControlType='Edit'"  &lt; Set via SendKeys &gt;
\0&lt;/a&gt;
W, 3504, 24, 2013/05/23, 16:26:53.530, 2789255611981, QTAgent32.exe, &lt;a class=success&gt;Playback - {59} [SUCCESS] MouseButtonClick - "[MSAA, VisibleOnly]ControlType='Button' &amp;&amp; Name='Lookup...'"
\0&lt;/a&gt;
W, 3504, 24, 2013/05/23, 16:26:53.781, 2789259198362, QTAgent32.exe, &lt;a class=success&gt;Playback - {60} [SUCCESS] MouseButtonClick - "[MSAA, VisibleOnly]ControlType='Button' &amp;&amp; Name='Ok'"
\0&lt;/a&gt;
W, 3504, 24, 2013/05/23, 16:26:55.751, 2789287406522, QTAgent32.exe, &lt;a class=success&gt;Playback - {61} [SUCCESS] MouseButtonClick - "[MSAA, VisibleOnly]ControlType='Button' &amp;&amp; Name='OK'"
\0&lt;/a&gt;
W, 3504, 24, 2013/05/23, 16:26:57.337, 2789310117536, QTAgent32.exe, Playback - [WARNING] Internal warning: Incorrect flag set for InvokeProgrammaticAction\0
W, 3504, 24, 2013/05/23, 16:26:57.459, 2789311864152, QTAgent32.exe, &lt;a class=success&gt;Playback - {62} [SUCCESS] SetValueAsComboBox "Account Executive" - "[MSAA, VisibleOnly]ControlType='ComboBox'"  &lt; SetValueAsComboBox, set by clicking on the item in the list box &gt;
\0&lt;/a&gt;
W, 3504, 24, 2013/05/23, 16:26:59.006, 2789334010130, QTAgent32.exe, Playback - [WARNING] Internal warning: Incorrect flag set for InvokeProgrammaticAction\0
W, 3504, 24, 2013/05/23, 16:26:59.127, 2789335744984, QTAgent32.exe, &lt;a class=success&gt;Playback - {63} [SUCCESS] SetValueAsComboBox "Acupuncture" - "[MSAA, VisibleOnly]ControlType='ComboBox'"  &lt; SetValueAsComboBox, set by clicking on the item in the list box &gt;
\0&lt;/a&gt;
W, 3504, 24, 2013/05/23, 16:27:00.700, 2789358263075, QTAgent32.exe, &lt;a class=success&gt;Playback - {64} [SUCCESS] SetValueAsEditBox "151101" - "[MSAA, VisibleOnly]ControlType='Edit'"  &lt; Set via SendKeys &gt;
\0&lt;/a&gt;
W, 3504, 24, 2013/05/23, 16:27:00.936, 2789361641589, QTAgent32.exe, &lt;a class=success&gt;Playback - {65} [SUCCESS] MouseButtonClick - "[MSAA, VisibleOnly]ControlType='Button' &amp;&amp; Name='OK'"
\0&lt;/a&gt;
W, 3504, 24, 2013/05/23, 16:27:03.587, 2789399605391, QTAgent32.exe, PERF WARNING: FindTopLevelWindowHelper::FindAllDescendents: took 2441 ms. Expected it to take maximum 500 ms.
W, 3504, 24, 2013/05/23, 16:27:05.082, 2789421008929, QTAgent32.exe, &lt;a class=success&gt;Playback - {66} [SUCCESS] SetValueAsEditBox "RF53OXL" - "[MSAA, VisibleOnly]ControlType='Edit'"  &lt; Set via SendKeys &gt;
\0&lt;/a&gt;
W, 3504, 24, 2013/05/23, 16:27:06.063, 2789435055725, QTAgent32.exe, &lt;a class=success&gt;Playback - {67} [SUCCESS] MouseButtonClick - "[MSAA, VisibleOnly]ControlType='Button' &amp;&amp; Name='Filter'"
\0&lt;/a&gt;
W, 3504, 24, 2013/05/23, 16:27:06.375, 2789439519700, QTAgent32.exe, &lt;a class=success&gt;Playback - {68} [SUCCESS] MouseButtonClick - "[MSAA, VisibleOnly]ControlType='Button' &amp;&amp; Name='OK'"
\0&lt;/a&gt;
W, 3504, 24, 2013/05/23, 16:27:07.345, 2789453419481, QTAgent32.exe, &lt;a class=success&gt;Playback - {69} [SUCCESS] SendKeys "^{HOME}" - "[MSAA, VisibleOnly]ControlType='Edit'"
\0&lt;/a&gt;
E, 3504, 24, 2013/05/23, 16:27:07.346, 2789453423808, QTAgent32.exe, Msaa.GetFocusedElement: could not find accessible object of foreground window
W, 3504, 24, 2013/05/23, 16:27:07.408, 2789454321647, QTAgent32.exe, &lt;a class=success&gt;Playback - {70} [SUCCESS] SendKeys "^+{END}" - "[MSAA, VisibleOnly]ControlType='Edit'"
\0&lt;/a&gt;
E, 3504, 24, 2013/05/23, 16:27:07.408, 2789454324866, QTAgent32.exe, Msaa.GetFocusedElement: could not find accessible object of foreground window
W, 3504, 24, 2013/05/23, 16:27:07.422, 2789454523942, QTAgent32.exe, &lt;a class=success&gt;Playback - {71} [SUCCESS] SendKeys "{DELETE}" - "[MSAA, VisibleOnly]ControlType='Edit'"
\0&lt;/a&gt;
W, 3504, 24, 2013/05/23, 16:27:08.184, 2789465426513, QTAgent32.exe, &lt;a class=success&gt;Playback - {72} [SUCCESS] SetValueAsEditBox "1000" - "[MSAA, VisibleOnly]ControlType='Edit'"  &lt; Set via SendKeys &gt;
\0&lt;/a&gt;
W, 3504, 24, 2013/05/23, 16:27:08.574, 2789471011444, QTAgent32.exe, &lt;a class=success&gt;Playback - {73} [SUCCESS] MouseButtonClick - "[MSAA, VisibleOnly]ControlType='Button' &amp;&amp; Name='Calculate Quote'"
\0&lt;/a&gt;
W, 3504, 24, 2013/05/23, 16:27:22.387, 2789668794100, QTAgent32.exe, Playback - [WARNING] Internal warning: Window Not Found: [VisibleOnly]ControlType='Window' &amp;&amp; Name='Quote Select List' &amp;&amp; ClassName='ThunderRT6FormDC'
\0
E, 3504, 24, 2013/05/23, 16:27:22.388, 2789668798988, QTAgent32.exe, &lt;a class=failure&gt;Playback - {74} [FAILED] Function ElementFetcher::FindScreenElement failed to locate UI element (Searching: ;[VisibleOnly]ControlType='Window' &amp;&amp; Name='Quote Select List' &amp;&amp; ClassName='ThunderRT6FormDC') (The object specified was not found.)
\0&lt;/a&gt;
E, 3504, 24, 2013/05/23, 16:27:22.522, 2789670715256, QTAgent32.exe, Playback - [IMAGE] C:\Users\testuser\AppData\Local\Temp\UITestLogs\LastRun\RPFEE3D.png
\0
W, 3504, 24, 2013/05/23, 16:27:22.522, 2789670717778, QTAgent32.exe, Playback - [WARNING] Internal warning: Couldn't find descendants that match QueryId
\0
W, 3504, 24, 2013/05/23, 16:27:22.522, 2789670721486, QTAgent32.exe, PERF WARNING: FindTopLevelWindowHelper::FindAllDescendents: took 13847 ms. Expected it to take maximum 500 ms.
W, 3504, 24, 2013/05/23, 16:27:42.590, 2789958062787, QTAgent32.exe, Playback - [WARNING] Internal warning: Window Not Found: [VisibleOnly]ControlType='Window' &amp;&amp; Name='Quote Select List' &amp;&amp; ClassName='ThunderRT6FormDC'
\0
E, 3504, 24, 2013/05/23, 16:27:42.591, 2789958071077, QTAgent32.exe, &lt;a class=failure&gt;Playback - {75} [FAILED] Function ElementFetcher::FindScreenElement failed to locate UI element (Searching: ;[VisibleOnly]ControlType='Window' &amp;&amp; Name='Quote Select List' &amp;&amp; ClassName='ThunderRT6FormDC') (The object specified was not found.)
\0&lt;/a&gt;
E, 3504, 24, 2013/05/23, 16:27:42.672, 2789959228866, QTAgent32.exe, Playback - [IMAGE] C:\Users\testuser\AppData\Local\Temp\UITestLogs\LastRun\RPF3D28.png
\0
W, 3504, 24, 2013/05/23, 16:27:42.672, 2789959231293, QTAgent32.exe, Playback - [WARNING] Internal warning: Couldn't find descendants that match QueryId
\0
W, 3504, 24, 2013/05/23, 16:27:42.672, 2789959237427, QTAgent32.exe, PERF WARNING: FindTopLevelWindowHelper::FindAllDescendents: took 20149 ms. Expected it to take maximum 500 ms.
W, 3504, 24, 2013/05/23, 16:27:45.990, 2790006746779, QTAgent32.exe, Playback - [WARNING] Internal warning: Window Not Found: [VisibleOnly]ControlType='Window' &amp;&amp; Name='Quote Select List' &amp;&amp; ClassName='ThunderRT6FormDC'
\0
E, 3504, 24, 2013/05/23, 16:27:45.991, 2790006752458, QTAgent32.exe, &lt;a class=failure&gt;Playback - {76} [FAILED] Function ElementFetcher::FindScreenElement failed to locate UI element (Searching: ;[VisibleOnly]ControlType='Window' &amp;&amp; Name='Quote Select List' &amp;&amp; ClassName='ThunderRT6FormDC') (The object specified was not found.)
\0&lt;/a&gt;
E, 3504, 24, 2013/05/23, 16:27:46.078, 2790008005013, QTAgent32.exe, Playback - [IMAGE] C:\Users\testuser\AppData\Local\Temp\UITestLogs\LastRun\RPF4A72.png
\0
W, 3504, 24, 2013/05/23, 16:27:46.078, 2790008007680, QTAgent32.exe, Playback - [WARNING] Internal warning: Couldn't find descendants that match QueryId
\0
W, 3504, 24, 2013/05/23, 16:27:46.079, 2790008011312, QTAgent32.exe, PERF WARNING: FindTopLevelWindowHelper::FindAllDescendents: took 3406 ms. Expected it to take maximum 500 ms.
E, 3504, 24, 2013/05/23, 16:27:46.079, 2790008013245, QTAgent32.exe, Exception: System.Runtime.InteropServices.COMException
	Message: Error HRESULT E_FAIL has been returned from a call to a COM component.
	Stack Trace:    at Microsoft.VisualStudio.TestTools.UITest.Playback.Engine.IRPFPlayback.FindAllScreenElements(IScreenElement pScreenElementStart, String bstrQueryId, Object&amp; pvarResKeys, Int32 cResKeys, Int32 nMaxDepth, Object[]&amp; foundDescendants)
   at Microsoft.VisualStudio.TestTools.UITest.Playback.ScreenElement.FindTopLevelWindowHelper(String queryId)
	BaseExceptionMessage: Error HRESULT E_FAIL has been returned from a call to a COM component.

E, 3504, 24, 2013/05/23, 16:27:46.182, 2790009493374, QTAgent32.exe, AL: Playback Error: Microsoft.VisualStudio.TestTools.UITest.Extension.UITestControlNotFoundException: The playback failed to find the control with the given search properties. Additional Details: 
TechnologyName:  'MSAA'
ControlType:  'Window'
Name:  'Quote Select List'
ClassName:  'ThunderRT6FormDC'
 ---&gt; System.Runtime.InteropServices.COMException: Error HRESULT E_FAIL has been returned from a call to a COM component.
   at Microsoft.VisualStudio.TestTools.UITest.Playback.Engine.IRPFPlayback.FindAllScreenElements(IScreenElement pScreenElementStart, String bstrQueryId, Object&amp; pvarResKeys, Int32 cResKeys, Int32 nMaxDepth, Object[]&amp; foundDescendants)
   at Microsoft.VisualStudio.TestTools.UITest.Playback.ScreenElement.FindTopLevelWindowHelper(String queryId)
   at Microsoft.VisualStudio.TestTools.UITest.Playback.ScreenElement.FindFromPartialQueryId(String queryId)
   at Microsoft.VisualStudio.TestTools.UITesting.UITestControl..ctor(String queryId)
   --- End of inner exception stack trace ---
   at Microsoft.VisualStudio.TestTools.UITesting.Playback.MapControlNotFoundException(COMException ex, IPlaybackContext context)
   at Microsoft.VisualStudio.TestTools.UITesting.Playback.MapAndThrowComException(COMException innerException, IPlaybackContext context)
   at Microsoft.VisualStudio.TestTools.UITesting.Playback.MapAndThrowException(SystemException exception, IPlaybackContext context)
   at Microsoft.VisualStudio.TestTools.UITesting.Playback.MapAndThrowException(SystemException exception, String queryId)
   at Microsoft.VisualStudio.TestTools.UITesting.UITestControl..ctor(String queryId)
   at Microsoft.VisualStudio.TestTools.UITesting.SearchHelper.SearchTopLevelWindow(ISearchArgument topLevelSearchArg, String topLevelElementQueryId)
   at Microsoft.VisualStudio.TestTools.UITesting.SearchHelper.GetTitleUpdatedTopLevelWindow(ISearchArgument topLevelSearchArg, String queryId, IList`1 windowTitles)
   at Microsoft.VisualStudio.TestTools.UITesting.SearchHelper.GetTopLevelElement(Boolean useCache, Boolean useCacheOnly, ISearchArgument searchArg, IList`1 windowTitles, Int32&amp; timeLeft)
   at Microsoft.VisualStudio.TestTools.UITesting.SearchHelper.GetElement(Boolean useCache, ISearchArgument searchArg)
   at Microsoft.VisualStudio.TestTools.UITesting.SearchHelper.Search(ISearchArgument searchArg)
   at Microsoft.VisualStudio.TestTools.UITesting.UITestControl.FindInternal()
   at Microsoft.VisualStudio.TestTools.UITesting.UITestControl.FindControlIfNecessary()
   at Microsoft.VisualStudio.TestTools.UITesting.UITestControl.Click(MouseButtons button, ModifierKeys modifierKeys, Point relativeCoordinates)
   at Microsoft.VisualStudio.TestTools.UITesting.Mouse.ClickImplementation(UITestControl control, MouseButtons button, ModifierKeys modifierKeys, Point relativeCoordinate)
   at Microsoft.VisualStudio.TestTools.UITesting.Mouse.ClickImplementationWrapper(UITestControl control, MouseButtons button, ModifierKeys modifierKeys, Point relativeCoordinate)
W, 3504, 24, 2013/05/23, 16:27:46.182, 2790009496973, QTAgent32.exe, PlaybackErrorHandler: Ignoring exception as ContinueOnError is set.
W, 3504, 24, 2013/05/23, 16:27:46.359, 2790012030371, QTAgent32.exe, &lt;a class=success&gt;Playback - {77} [SUCCESS] MouseButtonClick - "[MSAA, VisibleOnly]ControlType='Button' &amp;&amp; Name='No'"
\0&lt;/a&gt;
W, 3504, 24, 2013/05/23, 16:27:46.602, 2790015503725, QTAgent32.exe, &lt;a class=success&gt;Playback - {78} [SUCCESS] MouseButtonClick - "[MSAA, VisibleOnly]ControlType='Button' &amp;&amp; Name='Ok'"
\0&lt;/a&gt;
W, 3504, 24, 2013/05/23, 16:27:57.793, 2790175743923, QTAgent32.exe, PERF WARNING: FindTopLevelWindowHelper::FindAllDescendents: took 11090 ms. Expected it to take maximum 500 ms.
W, 3504, 24, 2013/05/23, 16:27:57.936, 2790177787644, QTAgent32.exe, &lt;a class=success&gt;Playback - {79} [SUCCESS] MouseButtonClick - "[MSAA, VisibleOnly]ControlType='Button' &amp;&amp; Name='Exit'"
\0&lt;/a&gt;
W, 3504, 24, 2013/05/23, 16:27:58.320, 2790183280210, QTAgent32.exe, &lt;a class=success&gt;Playback - {80} [SUCCESS] MouseButtonClick - "[MSAA, VisibleOnly]ControlType='Button' &amp;&amp; Name='Yes'"
\0&lt;/a&gt;
W, 3504, 24, 2013/05/23, 16:27:58.962, 2790192479474, QTAgent32.exe, &lt;a class=success&gt;Playback - {81} [SUCCESS] Uncheck - "[MSAA, VisibleOnly]ControlType='CheckBox' &amp;&amp; Name='Add Activity'"
\0&lt;/a&gt;
W, 3504, 24, 2013/05/23, 16:27:59.316, 2790197555201, QTAgent32.exe, &lt;a class=success&gt;Playback - {82} [SUCCESS] MouseButtonClick - "[MSAA, VisibleOnly]ControlType='Button' &amp;&amp; Name='Ok'"
\0&lt;/a&gt;
W, 3504, 24, 2013/05/23, 16:28:00.141, 2790209348595, QTAgent32.exe, PERF WARNING: FindTopLevelWindowHelper::FindAllDescendents: took 722 ms. Expected it to take maximum 500 ms.
W, 3504, 24, 2013/05/23, 16:28:00.956, 2790221032828, QTAgent32.exe, &lt;a class=success&gt;Playback - {83} [SUCCESS] DoSelect - "[MSAA, VisibleOnly]ControlType='List'"
\0&lt;/a&gt;
W, 3504, 24, 2013/05/23, 16:28:01.965, 2790235476005, QTAgent32.exe, &lt;a class=success&gt;Playback - {84} [SUCCESS] MouseButtonClick - "[MSAA, VisibleOnly]ControlType='Button' &amp;&amp; Name='Ok'"
\0&lt;/a&gt;
W, 3504, 24, 2013/05/23, 16:28:04.233, 2790267947985, QTAgent32.exe, &lt;a class=success&gt;Playback - {85} [SUCCESS] MouseButtonClick - "[MSAA, VisibleOnly]ControlType='Button' &amp;&amp; Name='OK'"
\0&lt;/a&gt;
W, 3504, 24, 2013/05/23, 16:28:04.461, 2790271212710, QTAgent32.exe, &lt;a class=success&gt;Playback - {86} [SUCCESS] MouseButtonClick - "[MSAA, VisibleOnly]ControlType='Button' &amp;&amp; Name='Options'"
\0&lt;/a&gt;
W, 3504, 24, 2013/05/23, 16:28:04.562, 2790272653413, QTAgent32.exe, FindScreenElementInSinglePass : Attempting to find control in one pass of search. Failures can occur.
W, 3504, 24, 2013/05/23, 16:28:04.588, 2790273025944, QTAgent32.exe, Playback - [WARNING] Internal failure: Method GetBoundingRectangle failed (HRESULT = 0x1, "Incorrect function.") for Name = "Copy Risk" ," ControlType = "MenuItem"
\0
W, 3504, 24, 2013/05/23, 16:28:04.588, 2790273028075, QTAgent32.exe, Playback - [WARNING] Internal failure: Couldn't get clickable point for ScreenUIElement - GetClickablePoint failed
\0
W, 3504, 24, 2013/05/23, 16:28:04.588, 2790273033069, QTAgent32.exe, FindScreenElementInSinglePass : Attempting to find control in one pass of search. Failures can occur.
W, 3504, 24, 2013/05/23, 16:28:04.591, 2790273072049, QTAgent32.exe, FindScreenElementInSinglePass : Attempting to find control in one pass of search. Failures can occur.
W, 3504, 24, 2013/05/23, 16:28:04.724, 2790274973616, QTAgent32.exe, &lt;a class=success&gt;Playback - {87} [SUCCESS] LeftButtonClick - "[MSAA, VisibleOnly]ControlType='MenuBar' &amp;&amp; Name='Application'"  &lt; Mouse cursor location (960, 31) &gt;
\0&lt;/a&gt;
W, 3504, 24, 2013/05/23, 16:28:04.836, 2790276584781, QTAgent32.exe, &lt;a class=success&gt;Playback - {88} [SUCCESS] LeftButtonClick - "[MSAA]ControlType='MenuItem' &amp;&amp; Name='Options'"  &lt; Mouse cursor location (94, 31) &gt;
\0&lt;/a&gt;
W, 3504, 24, 2013/05/23, 16:28:05.210, 2790281934007, QTAgent32.exe, &lt;a class=success&gt;Playback - {89} [SUCCESS] LeftButtonClick - "[MSAA]ControlType='MenuItem' &amp;&amp; Name='Links'"  &lt; Mouse cursor location (174, 319) &gt;
\0&lt;/a&gt;
W, 3504, 24, 2013/05/23, 16:28:05.623, 2790287853021, QTAgent32.exe, &lt;a class=success&gt;Playback - {90} [SUCCESS] LeftButtonClick - "[MSAA]ControlType='MenuItem' &amp;&amp; Name='3rd Party Integration'"  &lt; Mouse cursor location (375, 319) &gt;
\0&lt;/a&gt;
W, 3504, 24, 2013/05/23, 16:28:05.989, 2790293088856, QTAgent32.exe, &lt;a class=success&gt;Playback - {91} [SUCCESS] MouseButtonClick - "[MSAA]ControlType='MenuItem' &amp;&amp; Name='Copy Risk'"
\0&lt;/a&gt;
W, 3504, 24, 2013/05/23, 16:28:06.487, 2790300218068, QTAgent32.exe, Playback - [WARNING] Internal warning: Window Not Found: [VisibleOnly]ControlType='Window' &amp;&amp; Name='Which policy would you like to take the risk details from?' &amp;&amp; ClassName='TfSelectItem'
\0
E, 3504, 24, 2013/05/23, 16:28:06.487, 2790300221348, QTAgent32.exe, &lt;a class=failure&gt;Playback - {92} [FAILED] Function ElementFetcher::FindScreenElement failed to locate UI element (Searching: ;[VisibleOnly]ControlType='Window' &amp;&amp; Name='Which policy would you like to take the risk details from?' &amp;&amp; ClassName='TfSelectItem') (The object specified was not found.)
\0&lt;/a&gt;
E, 3504, 24, 2013/05/23, 16:28:06.569, 2790301394023, QTAgent32.exe, Playback - [IMAGE] C:\Users\testuser\AppData\Local\Temp\UITestLogs\LastRun\RPF9A85.png
\0
W, 3504, 24, 2013/05/23, 16:28:06.569, 2790301396647, QTAgent32.exe, Playback - [WARNING] Internal warning: Couldn't find descendants that match QueryId
\0
W, 3504, 24, 2013/05/23, 16:28:08.990, 2790336051777, QTAgent32.exe, PERF WARNING: FindTopLevelWindowHelper::FindAllDescendents: took 2419 ms. Expected it to take maximum 500 ms.
W, 3504, 24, 2013/05/23, 16:28:09.128, 2790338030330, QTAgent32.exe, &lt;a class=success&gt;Playback - {93} [SUCCESS] MouseButtonClick - "[MSAA, VisibleOnly]ControlType='Button' &amp;&amp; Name='Ok'"
\0&lt;/a&gt;
W, 3504, 24, 2013/05/23, 16:28:11.367, 2790370088711, QTAgent32.exe, PERF WARNING: FindTopLevelWindowHelper::FindAllDescendents: took 2117 ms. Expected it to take maximum 500 ms.
W, 3504, 24, 2013/05/23, 16:28:11.529, 2790372404539, QTAgent32.exe, &lt;a class=success&gt;Playback - {94} [SUCCESS] MouseButtonClick - "[MSAA, VisibleOnly]ControlType='Button' &amp;&amp; Name='OK'"
\0&lt;/a&gt;
W, 3504, 24, 2013/05/23, 16:28:11.629, 2790373838324, QTAgent32.exe, Playback - [WARNING] Internal warning: Thread state based WFR - Requested element has invalid HWND
\0
W, 3504, 24, 2013/05/23, 16:28:11.629, 2790373840183, QTAgent32.exe, Playback - [WARNING] Internal warning: process performance counters based WFR - Requested element has invalid HWND
\0
E, 3504, 24, 2013/05/23, 16:28:11.629, 2790373843662, QTAgent32.exe, EnsureValid called via EnsureValid call for same element
E, 3504, 24, 2013/05/23, 16:28:11.629, 2790373845996, QTAgent32.exe, EnsureValid called via EnsureValid call for same element
E, 3504, 24, 2013/05/23, 16:28:11.629, 2790373847176, QTAgent32.exe, EnsureValid called via EnsureValid call for same element
E, 3504, 24, 2013/05/23, 16:28:11.642, 2790374031368, QTAgent32.exe, Window 1508438 not responding. Last Win32 error 0
E, 3504, 24, 2013/05/23, 16:28:11.643, 2790374035953, QTAgent32.exe, GetClassName for handle 1508438 failed
W, 3504, 24, 2013/05/23, 16:28:12.550, 2790387034873, QTAgent32.exe, PERF WARNING: FindTopLevelWindowHelper::FindAllDescendents: took 907 ms. Expected it to take maximum 500 ms.
W, 3504, 24, 2013/05/23, 16:28:12.561, 2790387181616, QTAgent32.exe, Playback - [WARNING] Internal warning: Thread state based WFR - Requested element has invalid HWND
\0
W, 3504, 24, 2013/05/23, 16:28:12.561, 2790387183193, QTAgent32.exe, Playback - [WARNING] Internal warning: process performance counters based WFR - Requested element has invalid HWND
\0
E, 3504, 24, 2013/05/23, 16:28:12.561, 2790387185479, QTAgent32.exe, EnsureValid called via EnsureValid call for same element
E, 3504, 24, 2013/05/23, 16:28:12.561, 2790387187414, QTAgent32.exe, EnsureValid called via EnsureValid call for same element
E, 3504, 24, 2013/05/23, 16:28:12.561, 2790387188863, QTAgent32.exe, EnsureValid called via EnsureValid call for same element
E, 3504, 24, 2013/05/23, 16:28:12.561, 2790387191753, QTAgent32.exe, Window 1967416 not responding. Last Win32 error 0
E, 3504, 24, 2013/05/23, 16:28:12.561, 2790387193547, QTAgent32.exe, GetClassName for handle 1967416 failed
W, 3504, 24, 2013/05/23, 16:28:12.571, 2790387329504, QTAgent32.exe, Playback - [WARNING] Internal warning: Thread state based WFR - Requested element has invalid HWND
\0
W, 3504, 24, 2013/05/23, 16:28:12.571, 2790387331210, QTAgent32.exe, Playback - [WARNING] Internal warning: process performance counters based WFR - Requested element has invalid HWND
\0
E, 3504, 24, 2013/05/23, 16:28:12.571, 2790387333498, QTAgent32.exe, EnsureValid called via EnsureValid call for same element
E, 3504, 24, 2013/05/23, 16:28:12.571, 2790387335444, QTAgent32.exe, EnsureValid called via EnsureValid call for same element
E, 3504, 24, 2013/05/23, 16:28:12.571, 2790387336643, QTAgent32.exe, EnsureValid called via EnsureValid call for same element
E, 3504, 24, 2013/05/23, 16:28:12.572, 2790387339712, QTAgent32.exe, Window 1376960 not responding. Last Win32 error 0
E, 3504, 24, 2013/05/23, 16:28:12.572, 2790387341503, QTAgent32.exe, GetClassName for handle 1376960 failed
W, 3504, 24, 2013/05/23, 16:28:12.582, 2790387490043, QTAgent32.exe, Playback - [WARNING] Internal warning: Thread state based WFR - Requested element has invalid HWND
\0
W, 3504, 24, 2013/05/23, 16:28:12.582, 2790387491603, QTAgent32.exe, Playback - [WARNING] Internal warning: process performance counters based WFR - Requested element has invalid HWND
\0
E, 3504, 24, 2013/05/23, 16:28:12.582, 2790387493783, QTAgent32.exe, EnsureValid called via EnsureValid call for same element
E, 3504, 24, 2013/05/23, 16:28:12.583, 2790387495973, QTAgent32.exe, EnsureValid called via EnsureValid call for same element
E, 3504, 24, 2013/05/23, 16:28:12.583, 2790387497141, QTAgent32.exe, EnsureValid called via EnsureValid call for same element
E, 3504, 24, 2013/05/23, 16:28:12.583, 2790387499869, QTAgent32.exe, Window 1508442 not responding. Last Win32 error 0
E, 3504, 24, 2013/05/23, 16:28:12.583, 2790387501677, QTAgent32.exe, GetClassName for handle 1508442 failed
W, 3504, 24, 2013/05/23, 16:28:12.744, 2790389803034, QTAgent32.exe, &lt;a class=success&gt;Playback - {95} [SUCCESS] MouseButtonClick - "[MSAA, VisibleOnly]ControlType='Button' &amp;&amp; Name='OK'"
\0&lt;/a&gt;
W, 3504, 24, 2013/05/23, 16:28:12.905, 2790392117194, QTAgent32.exe, Playback - [WARNING] Internal warning: Thread state based WFR - Requested element has invalid HWND
\0
W, 3504, 24, 2013/05/23, 16:28:12.905, 2790392118725, QTAgent32.exe, Playback - [WARNING] Internal warning: process performance counters based WFR - Requested element has invalid HWND
\0
E, 3504, 24, 2013/05/23, 16:28:12.906, 2790392121444, QTAgent32.exe, EnsureValid called via EnsureValid call for same element
E, 3504, 24, 2013/05/23, 16:28:12.906, 2790392123579, QTAgent32.exe, EnsureValid called via EnsureValid call for same element
E, 3504, 24, 2013/05/23, 16:28:12.906, 2790392124769, QTAgent32.exe, EnsureValid called via EnsureValid call for same element
E, 3504, 24, 2013/05/23, 16:28:12.922, 2790392353483, QTAgent32.exe, Window 1770646 not responding. Last Win32 error 0
E, 3504, 24, 2013/05/23, 16:28:12.922, 2790392356569, QTAgent32.exe, GetClassName for handle 1770646 failed
W, 3504, 24, 2013/05/23, 16:28:13.064, 2790394396337, QTAgent32.exe, &lt;a class=success&gt;Playback - {96} [SUCCESS] MouseButtonClick - "[MSAA, VisibleOnly]ControlType='Button' &amp;&amp; Name='Exit'"
\0&lt;/a&gt;
W, 3504, 24, 2013/05/23, 16:28:13.302, 2790397805655, QTAgent32.exe, &lt;a class=success&gt;Playback - {97} [SUCCESS] MouseButtonClick - "[MSAA, VisibleOnly]ControlType='Button' &amp;&amp; Name='No'"
\0&lt;/a&gt;
W, 3504, 24, 2013/05/23, 16:28:13.675, 2790403141558, QTAgent32.exe, &lt;a class=success&gt;Playback - {98} [SUCCESS] MouseButtonClick - "[MSAA, VisibleOnly]ControlType='Button' &amp;&amp; Name='OK'"
\0&lt;/a&gt;
W, 3504, 24, 2013/05/23, 16:28:16.517, 2790443832676, QTAgent32.exe, IEDOM : StopSession of the plugin called before StartSession
W, 3504, 24, 2013/05/23, 16:28:16.517, 2790443834459, QTAgent32.exe, UIA : StopSession of the plugin called before StartSession
</DebugTrace>
      </Output>
    </UnitTestResult>
    <UnitTestResult executionId="0ab7c41a-6263-4821-ba6a-713fa6ef3b3f" testId="c9711d3b-bdd2-bbca-13db-2ad81f2a0dc5" testName="MotoMTAExit" computerName="ICLVDEVTM02" duration="00:03:44.0301218" startTime="2013-05-23T16:28:16.5286681+01:00" endTime="2013-05-23T16:32:00.5701177+01:00" testType="13cdc9d9-ddb5-4fa4-a97d-d965ccfc6d4b" outcome="Passed" testListId="8c84fa94-04c1-424b-9868-57a2d4851a1d" relativeResultsDirectory="0ab7c41a-6263-4821-ba6a-713fa6ef3b3f">
      <Output>
        <DebugTrace>W, 3504, 18, 2013/05/23, 16:28:21.379, 2790513453135, QTAgent32.exe, &lt;a class=success&gt;Playback - {1} [SUCCESS] MouseButtonClick - "[MSAA, VisibleOnly]ControlType='Edit'"
\0&lt;/a&gt;
W, 3504, 18, 2013/05/23, 16:28:21.681, 2790517768666, QTAgent32.exe, &lt;a class=success&gt;Playback - {2} [SUCCESS] SendKeys "[*]" - "[MSAA, VisibleOnly]ControlType='Edit'"
\0&lt;/a&gt;
W, 3504, 18, 2013/05/23, 16:28:22.449, 2790528774085, QTAgent32.exe, &lt;a class=success&gt;Playback - {3} [SUCCESS] MouseButtonClick - "[MSAA, VisibleOnly]ControlType='Button' &amp;&amp; Name='OK'"
\0&lt;/a&gt;
W, 3504, 18, 2013/05/23, 16:28:22.733, 2790532832046, QTAgent32.exe, &lt;a class=success&gt;Playback - {4} [SUCCESS] SendKeys "^{HOME}" - "[MSAA, VisibleOnly]ControlType='Edit'"
\0&lt;/a&gt;
E, 3504, 18, 2013/05/23, 16:28:22.733, 2790532835061, QTAgent32.exe, Msaa.GetFocusedElement: could not find accessible object of foreground window
W, 3504, 18, 2013/05/23, 16:28:22.791, 2790533671408, QTAgent32.exe, &lt;a class=success&gt;Playback - {5} [SUCCESS] SendKeys "^+{END}" - "[MSAA, VisibleOnly]ControlType='Edit'"
\0&lt;/a&gt;
E, 3504, 18, 2013/05/23, 16:28:22.792, 2790533674502, QTAgent32.exe, Msaa.GetFocusedElement: could not find accessible object of foreground window
W, 3504, 18, 2013/05/23, 16:28:22.805, 2790533872297, QTAgent32.exe, &lt;a class=success&gt;Playback - {6} [SUCCESS] SendKeys "{DELETE}" - "[MSAA, VisibleOnly]ControlType='Edit'"
\0&lt;/a&gt;
W, 3504, 18, 2013/05/23, 16:28:23.143, 2790538695608, QTAgent32.exe, &lt;a class=success&gt;Playback - {7} [SUCCESS] SetValueAsEditBox "23/05/2013" - "[MSAA, VisibleOnly]ControlType='Edit'"  &lt; Set via SendKeys &gt;
\0&lt;/a&gt;
W, 3504, 18, 2013/05/23, 16:28:23.610, 2790545387578, QTAgent32.exe, Playback - [WARNING] Internal warning: Incorrect flag set for InvokeProgrammaticAction\0
W, 3504, 18, 2013/05/23, 16:28:23.735, 2790547178396, QTAgent32.exe, &lt;a class=success&gt;Playback - {8} [SUCCESS] SetValueAsComboBox "May" - "[MSAA, VisibleOnly]ControlType='ComboBox'"  &lt; SetValueAsComboBox, set by clicking on the item in the list box &gt;
\0&lt;/a&gt;
W, 3504, 18, 2013/05/23, 16:28:23.999, 2790550960836, QTAgent32.exe, &lt;a class=success&gt;Playback - {9} [SUCCESS] SendKeys "^{HOME}" - "[MSAA, VisibleOnly]ControlType='Edit'"
\0&lt;/a&gt;
E, 3504, 18, 2013/05/23, 16:28:23.999, 2790550964143, QTAgent32.exe, Msaa.GetFocusedElement: could not find accessible object of foreground window
W, 3504, 18, 2013/05/23, 16:28:24.054, 2790551748531, QTAgent32.exe, &lt;a class=success&gt;Playback - {10} [SUCCESS] SendKeys "^+{END}" - "[MSAA, VisibleOnly]ControlType='Edit'"
\0&lt;/a&gt;
E, 3504, 18, 2013/05/23, 16:28:24.054, 2790551751950, QTAgent32.exe, Msaa.GetFocusedElement: could not find accessible object of foreground window
W, 3504, 18, 2013/05/23, 16:28:24.068, 2790551950142, QTAgent32.exe, &lt;a class=success&gt;Playback - {11} [SUCCESS] SendKeys "{DELETE}" - "[MSAA, VisibleOnly]ControlType='Edit'"
\0&lt;/a&gt;
W, 3504, 18, 2013/05/23, 16:28:24.262, 2790554720413, QTAgent32.exe, &lt;a class=success&gt;Playback - {12} [SUCCESS] SetValueAsEditBox "2013" - "[MSAA, VisibleOnly]ControlType='Edit'"  &lt; Set via SendKeys &gt;
\0&lt;/a&gt;
W, 3504, 18, 2013/05/23, 16:28:24.480, 2790557844137, QTAgent32.exe, &lt;a class=success&gt;Playback - {13} [SUCCESS] MouseButtonClick - "[MSAA, VisibleOnly]ControlType='Button' &amp;&amp; Name='OK'"
\0&lt;/a&gt;
W, 3504, 18, 2013/05/23, 16:28:25.641, 2790574465804, QTAgent32.exe, Playback - [WARNING] Internal warning: Window Not Found: [VisibleOnly]ControlType='Window' &amp;&amp; Name='Warning' &amp;&amp; ClassName='#32770'
\0
E, 3504, 18, 2013/05/23, 16:28:25.641, 2790574469016, QTAgent32.exe, &lt;a class=failure&gt;Playback - {14} [FAILED] Function ElementFetcher::FindScreenElement failed to locate UI element (Searching: ;[VisibleOnly]ControlType='Window' &amp;&amp; Name='Warning' &amp;&amp; ClassName='#32770') (The object specified was not found.)
\0&lt;/a&gt;
E, 3504, 18, 2013/05/23, 16:28:25.719, 2790575588749, QTAgent32.exe, Playback - [IMAGE] C:\Users\testuser\AppData\Local\Temp\UITestLogs\LastRun\RPFE55B.png
\0
W, 3504, 18, 2013/05/23, 16:28:25.719, 2790575591055, QTAgent32.exe, Playback - [WARNING] Internal warning: Couldn't find descendants that match QueryId
\0
W, 3504, 18, 2013/05/23, 16:28:25.719, 2790575593921, QTAgent32.exe, PERF WARNING: FindTopLevelWindowHelper::FindAllDescendents: took 1123 ms. Expected it to take maximum 500 ms.
W, 3504, 18, 2013/05/23, 16:28:43.822, 2790834790971, QTAgent32.exe, Playback - [WARNING] Internal warning: Window Not Found: [VisibleOnly]ControlType='Window' &amp;&amp; Name='Warning' &amp;&amp; ClassName='#32770'
\0
E, 3504, 18, 2013/05/23, 16:28:43.822, 2790834794814, QTAgent32.exe, &lt;a class=failure&gt;Playback - {15} [FAILED] Function ElementFetcher::FindScreenElement failed to locate UI element (Searching: ;[VisibleOnly]ControlType='Window' &amp;&amp; Name='Warning' &amp;&amp; ClassName='#32770') (The object specified was not found.)
\0&lt;/a&gt;
E, 3504, 18, 2013/05/23, 16:28:43.902, 2790835926871, QTAgent32.exe, Playback - [IMAGE] C:\Users\testuser\AppData\Local\Temp\UITestLogs\LastRun\RPF2C5A.png
\0
W, 3504, 18, 2013/05/23, 16:28:43.902, 2790835929265, QTAgent32.exe, Playback - [WARNING] Internal warning: Couldn't find descendants that match QueryId
\0
W, 3504, 18, 2013/05/23, 16:28:43.902, 2790835932836, QTAgent32.exe, PERF WARNING: FindTopLevelWindowHelper::FindAllDescendents: took 18182 ms. Expected it to take maximum 500 ms.
W, 3504, 18, 2013/05/23, 16:28:44.516, 2790844724976, QTAgent32.exe, Playback - [WARNING] Internal warning: Smart Match failed
\0
W, 3504, 18, 2013/05/23, 16:28:44.690, 2790847220097, QTAgent32.exe, Playback - [WARNING] Internal warning: Smart Match failed
\0
W, 3504, 18, 2013/05/23, 16:28:44.876, 2790849876492, QTAgent32.exe, Playback - [WARNING] Internal warning: Smart Match failed
\0
W, 3504, 18, 2013/05/23, 16:28:45.057, 2790852477768, QTAgent32.exe, Playback - [WARNING] Internal warning: Smart Match failed
\0
W, 3504, 18, 2013/05/23, 16:28:45.246, 2790855179139, QTAgent32.exe, Playback - [WARNING] Internal warning: Smart Match failed
\0
W, 3504, 18, 2013/05/23, 16:28:45.400, 2790857385812, QTAgent32.exe, Playback - [WARNING] Internal warning: Smart Match failed
\0
W, 3504, 18, 2013/05/23, 16:28:45.553, 2790859570046, QTAgent32.exe, Playback - [WARNING] Internal warning: Smart Match failed
\0
W, 3504, 18, 2013/05/23, 16:28:45.720, 2790861963618, QTAgent32.exe, Playback - [WARNING] Internal warning: Smart Match failed
\0
W, 3504, 18, 2013/05/23, 16:28:45.872, 2790864142782, QTAgent32.exe, Playback - [WARNING] Internal warning: Smart Match failed
\0
W, 3504, 18, 2013/05/23, 16:28:46.028, 2790866371473, QTAgent32.exe, Playback - [WARNING] Internal warning: Smart Match failed
\0
W, 3504, 18, 2013/05/23, 16:28:46.181, 2790868571929, QTAgent32.exe, Playback - [WARNING] Internal warning: Smart Match failed
\0
W, 3504, 18, 2013/05/23, 16:28:46.343, 2790870891007, QTAgent32.exe, Playback - [WARNING] Internal warning: Smart Match failed
\0
W, 3504, 18, 2013/05/23, 16:28:46.501, 2790873153616, QTAgent32.exe, Playback - [WARNING] Internal warning: Smart Match failed
\0
W, 3504, 18, 2013/05/23, 16:28:46.698, 2790875965738, QTAgent32.exe, Playback - [WARNING] Internal warning: Smart Match failed
\0
W, 3504, 18, 2013/05/23, 16:28:46.851, 2790878162447, QTAgent32.exe, Playback - [WARNING] Internal warning: Smart Match failed
\0
W, 3504, 18, 2013/05/23, 16:28:47.040, 2790880864791, QTAgent32.exe, Playback - [WARNING] Internal warning: Smart Match failed
\0
W, 3504, 18, 2013/05/23, 16:28:47.082, 2790881463045, QTAgent32.exe, Playback - [WARNING] Internal warning: Window Not Found: [VisibleOnly]ControlType='Window' &amp;&amp; Name='Warning' &amp;&amp; ClassName='#32770'
\0
E, 3504, 18, 2013/05/23, 16:28:47.082, 2790881465942, QTAgent32.exe, &lt;a class=failure&gt;Playback - {16} [FAILED] Function ElementFetcher::FindScreenElement failed to locate UI element (Searching: ;[VisibleOnly]ControlType='Window' &amp;&amp; Name='Warning' &amp;&amp; ClassName='#32770') (The object specified was not found.)
\0&lt;/a&gt;
E, 3504, 18, 2013/05/23, 16:28:47.160, 2790882584579, QTAgent32.exe, Playback - [IMAGE] C:\Users\testuser\AppData\Local\Temp\UITestLogs\LastRun\RPF3918.png
\0
W, 3504, 18, 2013/05/23, 16:28:47.160, 2790882587075, QTAgent32.exe, Playback - [WARNING] Internal warning: Couldn't find descendants that match QueryId
\0
W, 3504, 18, 2013/05/23, 16:28:47.161, 2790882590139, QTAgent32.exe, PERF WARNING: FindTopLevelWindowHelper::FindAllDescendents: took 3258 ms. Expected it to take maximum 500 ms.
E, 3504, 18, 2013/05/23, 16:28:47.161, 2790882592064, QTAgent32.exe, Exception: System.Runtime.InteropServices.COMException
	Message: Error HRESULT E_FAIL has been returned from a call to a COM component.
	Stack Trace:    at Microsoft.VisualStudio.TestTools.UITest.Playback.Engine.IRPFPlayback.FindAllScreenElements(IScreenElement pScreenElementStart, String bstrQueryId, Object&amp; pvarResKeys, Int32 cResKeys, Int32 nMaxDepth, Object[]&amp; foundDescendants)
   at Microsoft.VisualStudio.TestTools.UITest.Playback.ScreenElement.FindTopLevelWindowHelper(String queryId)
	BaseExceptionMessage: Error HRESULT E_FAIL has been returned from a call to a COM component.

E, 3504, 18, 2013/05/23, 16:28:47.300, 2790884583723, QTAgent32.exe, AL: Playback Error: Microsoft.VisualStudio.TestTools.UITest.Extension.UITestControlNotFoundException: The playback failed to find the control with the given search properties. Additional Details: 
TechnologyName:  'MSAA'
ControlType:  'Window'
Name:  'Warning'
ClassName:  '#32770'
 ---&gt; System.Runtime.InteropServices.COMException: Error HRESULT E_FAIL has been returned from a call to a COM component.
   at Microsoft.VisualStudio.TestTools.UITest.Playback.Engine.IRPFPlayback.FindAllScreenElements(IScreenElement pScreenElementStart, String bstrQueryId, Object&amp; pvarResKeys, Int32 cResKeys, Int32 nMaxDepth, Object[]&amp; foundDescendants)
   at Microsoft.VisualStudio.TestTools.UITest.Playback.ScreenElement.FindTopLevelWindowHelper(String queryId)
   at Microsoft.VisualStudio.TestTools.UITest.Playback.ScreenElement.FindFromPartialQueryId(String queryId)
   at Microsoft.VisualStudio.TestTools.UITesting.UITestControl..ctor(String queryId)
   --- End of inner exception stack trace ---
   at Microsoft.VisualStudio.TestTools.UITesting.Playback.MapControlNotFoundException(COMException ex, IPlaybackContext context)
   at Microsoft.VisualStudio.TestTools.UITesting.Playback.MapAndThrowComException(COMException innerException, IPlaybackContext context)
   at Microsoft.VisualStudio.TestTools.UITesting.Playback.MapAndThrowException(SystemException exception, IPlaybackContext context)
   at Microsoft.VisualStudio.TestTools.UITesting.Playback.MapAndThrowException(SystemException exception, String queryId)
   at Microsoft.VisualStudio.TestTools.UITesting.UITestControl..ctor(String queryId)
   at Microsoft.VisualStudio.TestTools.UITesting.SearchHelper.SearchTopLevelWindow(ISearchArgument topLevelSearchArg, String topLevelElementQueryId)
   at Microsoft.VisualStudio.TestTools.UITesting.SearchHelper.GetTitleUpdatedTopLevelWindow(ISearchArgument topLevelSearchArg, String queryId, IList`1 windowTitles)
   at Microsoft.VisualStudio.TestTools.UITesting.SearchHelper.GetTopLevelElement(Boolean useCache, Boolean useCacheOnly, ISearchArgument searchArg, IList`1 windowTitles, Int32&amp; timeLeft)
   at Microsoft.VisualStudio.TestTools.UITesting.SearchHelper.GetElement(Boolean useCache, ISearchArgument searchArg)
   at Microsoft.VisualStudio.TestTools.UITesting.SearchHelper.Search(ISearchArgument searchArg)
   at Microsoft.VisualStudio.TestTools.UITesting.UITestControl.FindInternal()
   at Microsoft.VisualStudio.TestTools.UITesting.UITestControl.FindControlIfNecessary()
   at Microsoft.VisualStudio.TestTools.UITesting.UITestControl.Click(MouseButtons button, ModifierKeys modifierKeys, Point relativeCoordinates)
   at Microsoft.VisualStudio.TestTools.UITesting.Mouse.ClickImplementation(UITestControl control, MouseButtons button, ModifierKeys modifierKeys, Point relativeCoordinate)
   at Microsoft.VisualStudio.TestTools.UITesting.Mouse.ClickImplementationWrapper(UITestControl control, MouseButtons button, ModifierKeys modifierKeys, Point relativeCoordinate)
W, 3504, 18, 2013/05/23, 16:28:47.300, 2790884587907, QTAgent32.exe, PlaybackErrorHandler: Ignoring exception as ContinueOnError is set.
W, 3504, 18, 2013/05/23, 16:28:47.333, 2790885061439, QTAgent32.exe, &lt;a class=success&gt;Playback - {17} [SUCCESS] TypeString "#(R)"
\0&lt;/a&gt;
E, 3504, 18, 2013/05/23, 16:28:48.026, 2790894983176, QTAgent32.exe, Exception: System.ArgumentException
	Message: Value does not fall within the expected range.
	Stack Trace:    at Accessibility.IAccessible.get_accRole(Object varChild)
   at Microsoft.VisualStudio.TestTools.UITest.Extension.Msaa.AccWrapper.get_RoleInt()
	BaseExceptionMessage: Value does not fall within the expected range.

E, 3504, 18, 2013/05/23, 16:28:48.036, 2790895127220, QTAgent32.exe, Exception: System.ArgumentException
	Message: Value does not fall within the expected range.
	Stack Trace:    at Accessibility.IAccessible.get_accRole(Object varChild)
   at Microsoft.VisualStudio.TestTools.UITest.Extension.Msaa.AccWrapper.get_RoleInt()
	BaseExceptionMessage: Value does not fall within the expected range.

W, 3504, 18, 2013/05/23, 16:28:48.959, 2790908347107, QTAgent32.exe, &lt;a class=success&gt;Playback - {18} [SUCCESS] LeftButtonClick  &lt; Mouse cursor location (87, 908) &gt;
\0&lt;/a&gt;
W, 3504, 18, 2013/05/23, 16:28:50.352, 2790928289640, QTAgent32.exe, &lt;a class=success&gt;Playback - {19} [SUCCESS] SetValueAsEditBox "c:\TestProject7\office.reg"  &lt; Set via SendKeys &gt;
\0&lt;/a&gt;
W, 3504, 18, 2013/05/23, 16:28:50.352, 2790928292680, QTAgent32.exe, &lt;a class=success&gt;Playback - {20} [SUCCESS] SetValueAsComboBox "c:\TestProject7\office.reg" - "[MSAA, VisibleOnly]ControlType='ComboBox' &amp;&amp; Name='Open:'"  &lt; Set via SetValueAsEditBox &gt;
\0&lt;/a&gt;
W, 3504, 18, 2013/05/23, 16:28:50.622, 2790932160112, QTAgent32.exe, &lt;a class=success&gt;Playback - {21} [SUCCESS] MouseButtonClick - "[MSAA, VisibleOnly]ControlType='Button' &amp;&amp; Name='OK'"
\0&lt;/a&gt;
W, 3504, 18, 2013/05/23, 16:28:51.289, 2790941703200, QTAgent32.exe, &lt;a class=success&gt;Playback - {22} [SUCCESS] MouseButtonClick - "[MSAA, VisibleOnly]ControlType='Button' &amp;&amp; Name='Yes'"
\0&lt;/a&gt;
W, 3504, 18, 2013/05/23, 16:28:51.634, 2790946636680, QTAgent32.exe, &lt;a class=success&gt;Playback - {23} [SUCCESS] MouseButtonClick - "[MSAA, VisibleOnly]ControlType='Button' &amp;&amp; Name='OK'"
\0&lt;/a&gt;
W, 3504, 18, 2013/05/23, 16:28:51.867, 2790949978314, QTAgent32.exe, &lt;a class=success&gt;Playback - {24} [SUCCESS] MouseButtonClick - "[MSAA, VisibleOnly]ControlType='Button' &amp;&amp; Name='Clients &amp; Files'"
\0&lt;/a&gt;
W, 3504, 18, 2013/05/23, 16:28:53.294, 2790970406350, QTAgent32.exe, PERF WARNING: FindTopLevelWindowHelper::FindAllDescendents: took 1326 ms. Expected it to take maximum 500 ms.
W, 3504, 18, 2013/05/23, 16:28:54.092, 2790981843415, QTAgent32.exe, Playback - [WARNING] Internal warning: Incorrect flag set for InvokeProgrammaticAction\0
W, 3504, 18, 2013/05/23, 16:28:54.215, 2790983597039, QTAgent32.exe, &lt;a class=success&gt;Playback - {25} [SUCCESS] SetValueAsComboBox "Customers" - "[MSAA, VisibleOnly]ControlType='ComboBox'"  &lt; SetValueAsComboBox, set by clicking on the item in the list box &gt;
\0&lt;/a&gt;
W, 3504, 18, 2013/05/23, 16:28:54.536, 2790988204511, QTAgent32.exe, Msaa.MsaaElement() took more time. Total time taken 212 ms for element 984464
W, 3504, 18, 2013/05/23, 16:28:54.662, 2790990001112, QTAgent32.exe, &lt;a class=success&gt;Playback - {26} [SUCCESS] MouseButtonClick - "[MSAA, VisibleOnly]ControlType='Button' &amp;&amp; Name='Add'"
\0&lt;/a&gt;
W, 3504, 18, 2013/05/23, 16:28:55.311, 2790999292756, QTAgent32.exe, &lt;a class=success&gt;Playback - {27} [SUCCESS] SendKeys "autotest" - "[MSAA, VisibleOnly]ControlType='RadioButton' &amp;&amp; Name='Personal Lines'"
\0&lt;/a&gt;
W, 3504, 18, 2013/05/23, 16:28:56.254, 2791012795818, QTAgent32.exe, &lt;a class=success&gt;Playback - {28} [SUCCESS] SetValueAsEditBox "autotest" - "[MSAA, VisibleOnly]ControlType='Edit'"  &lt; Set via SendKeys &gt;
\0&lt;/a&gt;
W, 3504, 18, 2013/05/23, 16:28:56.505, 2791016387095, QTAgent32.exe, &lt;a class=success&gt;Playback - {29} [SUCCESS] MouseButtonClick - "[MSAA, VisibleOnly]ControlType='Button' &amp;&amp; Name='OK'"
\0&lt;/a&gt;
W, 3504, 18, 2013/05/23, 16:28:56.786, 2791020406563, QTAgent32.exe, &lt;a class=success&gt;Playback - {30} [SUCCESS] MouseButtonClick - "[MSAA, VisibleOnly]ControlType='Button' &amp;&amp; Name='Yes'"
\0&lt;/a&gt;
W, 3504, 18, 2013/05/23, 16:28:57.327, 2791028155234, QTAgent32.exe, &lt;a class=success&gt;Playback - {31} [SUCCESS] SendKeys "^{HOME}" - "[MSAA, VisibleOnly]ControlType='Edit'"
\0&lt;/a&gt;
E, 3504, 18, 2013/05/23, 16:28:57.327, 2791028158928, QTAgent32.exe, Msaa.GetFocusedElement: could not find accessible object of foreground window
W, 3504, 18, 2013/05/23, 16:28:57.389, 2791029042005, QTAgent32.exe, &lt;a class=success&gt;Playback - {32} [SUCCESS] SendKeys "^+{END}" - "[MSAA, VisibleOnly]ControlType='Edit'"
\0&lt;/a&gt;
E, 3504, 18, 2013/05/23, 16:28:57.389, 2791029045419, QTAgent32.exe, Msaa.GetFocusedElement: could not find accessible object of foreground window
W, 3504, 18, 2013/05/23, 16:28:57.404, 2791029265276, QTAgent32.exe, &lt;a class=success&gt;Playback - {33} [SUCCESS] SendKeys "{DELETE}" - "[MSAA, VisibleOnly]ControlType='Edit'"
\0&lt;/a&gt;
W, 3504, 18, 2013/05/23, 16:28:57.761, 2791034369994, QTAgent32.exe, &lt;a class=success&gt;Playback - {34} [SUCCESS] SetValueAsEditBox "1" - "[MSAA, VisibleOnly]ControlType='Edit'"  &lt; Set via SendKeys &gt;
\0&lt;/a&gt;
W, 3504, 18, 2013/05/23, 16:28:58.242, 2791041257506, QTAgent32.exe, &lt;a class=success&gt;Playback - {35} [SUCCESS] SendKeys "^{HOME}" - "[MSAA, VisibleOnly]ControlType='Edit'"
\0&lt;/a&gt;
E, 3504, 18, 2013/05/23, 16:28:58.242, 2791041261411, QTAgent32.exe, Msaa.GetFocusedElement: could not find accessible object of foreground window
W, 3504, 18, 2013/05/23, 16:28:58.297, 2791042044994, QTAgent32.exe, &lt;a class=success&gt;Playback - {36} [SUCCESS] SendKeys "^+{END}" - "[MSAA, VisibleOnly]ControlType='Edit'"
\0&lt;/a&gt;
E, 3504, 18, 2013/05/23, 16:28:58.297, 2791042048602, QTAgent32.exe, Msaa.GetFocusedElement: could not find accessible object of foreground window
W, 3504, 18, 2013/05/23, 16:28:58.314, 2791042289195, QTAgent32.exe, &lt;a class=success&gt;Playback - {37} [SUCCESS] SendKeys "{DELETE}" - "[MSAA, VisibleOnly]ControlType='Edit'"
\0&lt;/a&gt;
W, 3504, 18, 2013/05/23, 16:28:58.662, 2791047264671, QTAgent32.exe, &lt;a class=success&gt;Playback - {38} [SUCCESS] SetValueAsEditBox "1" - "[MSAA, VisibleOnly]ControlType='Edit'"  &lt; Set via SendKeys &gt;
\0&lt;/a&gt;
W, 3504, 18, 2013/05/23, 16:29:00.271, 2791070307930, QTAgent32.exe, Playback - [WARNING] Internal warning: Target element "[MSAA, VisibleOnly]ControlType='Button' &amp;&amp; Name='OK'" was not found, so all intermediate elements were ignored. An incorrect element that matches target element Id can be found as the result.  Verify that all intermediate elements in QueryId have valid and unique Ids
\0
W, 3504, 18, 2013/05/23, 16:29:00.806, 2791077963482, QTAgent32.exe, PERF WARNING: FindAllDescendents: took 2042 ms. Expected it to take maximum 500 ms.
W, 3504, 18, 2013/05/23, 16:29:01.092, 2791082066716, QTAgent32.exe, &lt;a class=success&gt;Playback - {39} [SUCCESS] MouseButtonClick - "[MSAA, VisibleOnly]ControlType='Button' &amp;&amp; Name='OK'"
\0&lt;/a&gt;
W, 3504, 18, 2013/05/23, 16:29:01.472, 2791087512556, QTAgent32.exe, &lt;a class=success&gt;Playback - {40} [SUCCESS] MouseButtonClick - "[MSAA, VisibleOnly]ControlType='Button'"
\0&lt;/a&gt;
W, 3504, 18, 2013/05/23, 16:29:01.820, 2791092489642, QTAgent32.exe, &lt;a class=success&gt;Playback - {41} [SUCCESS] MouseButtonClick - "[MSAA, VisibleOnly]ControlType='Button' &amp;&amp; Name='Add'"
\0&lt;/a&gt;
W, 3504, 18, 2013/05/23, 16:29:02.069, 2791096059056, QTAgent32.exe, &lt;a class=success&gt;Playback - {42} [SUCCESS] MouseButtonClick - "[MSAA, VisibleOnly]ControlType='Button' &amp;&amp; Name='OK'"
\0&lt;/a&gt;
W, 3504, 18, 2013/05/23, 16:29:04.331, 2791128436639, QTAgent32.exe, &lt;a class=success&gt;Playback - {43} [SUCCESS] MouseButtonClick - "[MSAA, VisibleOnly,Window]ControlType='Window' &amp;&amp; ClassName='ThunderRT6TextBox'"
\0&lt;/a&gt;
W, 3504, 18, 2013/05/23, 16:29:05.124, 2791139793897, QTAgent32.exe, &lt;a class=success&gt;Playback - {44} [SUCCESS] SetValueAsEditBox "MOTO" - "[MSAA, VisibleOnly]ControlType='Edit'"  &lt; Set via SendKeys &gt;
\0&lt;/a&gt;
W, 3504, 18, 2013/05/23, 16:29:05.472, 2791144781487, QTAgent32.exe, &lt;a class=success&gt;Playback - {45} [SUCCESS] MouseButtonClick - "[MSAA, VisibleOnly]ControlType='Button' &amp;&amp; Name='OK'"
\0&lt;/a&gt;
W, 3504, 18, 2013/05/23, 16:29:05.714, 2791148241409, QTAgent32.exe, &lt;a class=success&gt;Playback - {46} [SUCCESS] MouseButtonClick - "[MSAA, VisibleOnly]ControlType='Button' &amp;&amp; Name='Options'"
\0&lt;/a&gt;
W, 3504, 18, 2013/05/23, 16:29:05.814, 2791149677891, QTAgent32.exe, FindScreenElementInSinglePass : Attempting to find control in one pass of search. Failures can occur.
W, 3504, 18, 2013/05/23, 16:29:06.229, 2791155622413, QTAgent32.exe, &lt;a class=success&gt;Playback - {47} [SUCCESS] MouseButtonClick - "[MSAA]ControlType='MenuItem' &amp;&amp; Name='Links'"
\0&lt;/a&gt;
W, 3504, 18, 2013/05/23, 16:29:06.330, 2791157060988, QTAgent32.exe, FindScreenElementInSinglePass : Attempting to find control in one pass of search. Failures can occur.
W, 3504, 18, 2013/05/23, 16:29:06.756, 2791163161847, QTAgent32.exe, &lt;a class=success&gt;Playback - {48} [SUCCESS] MouseButtonClick - "[MSAA]ControlType='MenuItem' &amp;&amp; Name='3rd Party Integration'"
\0&lt;/a&gt;
W, 3504, 18, 2013/05/23, 16:29:06.857, 2791164601003, QTAgent32.exe, FindScreenElementInSinglePass : Attempting to find control in one pass of search. Failures can occur.
W, 3504, 18, 2013/05/23, 16:29:07.271, 2791170529517, QTAgent32.exe, &lt;a class=success&gt;Playback - {49} [SUCCESS] MouseButtonClick - "[MSAA]ControlType='MenuItem' &amp;&amp; Name='Quote Select List'"
\0&lt;/a&gt;
W, 3504, 18, 2013/05/23, 16:29:08.910, 2791194005691, QTAgent32.exe, PERF WARNING: FindTopLevelWindowHelper::FindAllDescendents: took 1537 ms. Expected it to take maximum 500 ms.
W, 3504, 18, 2013/05/23, 16:29:09.053, 2791196055657, QTAgent32.exe, &lt;a class=success&gt;Playback - {50} [SUCCESS] MouseButtonClick - "[MSAA, VisibleOnly]ControlType='Button' &amp;&amp; Name='Ok'"
\0&lt;/a&gt;
W, 3504, 18, 2013/05/23, 16:29:11.687, 2791233758005, QTAgent32.exe, PERF WARNING: FindTopLevelWindowHelper::FindAllDescendents: took 2532 ms. Expected it to take maximum 500 ms.
W, 3504, 18, 2013/05/23, 16:29:11.821, 2791235679252, QTAgent32.exe, &lt;a class=success&gt;Playback - {51} [SUCCESS] MouseButtonClick - "[MSAA, VisibleOnly]ControlType='Button' &amp;&amp; Name='Ok'"
\0&lt;/a&gt;
W, 3504, 18, 2013/05/23, 16:29:12.877, 2791250802086, QTAgent32.exe, &lt;a class=success&gt;Playback - {52} [SUCCESS] SetValueAsEditBox "Test" - "[MSAA, VisibleOnly]ControlType='Edit'"  &lt; Set via SendKeys &gt;
\0&lt;/a&gt;
W, 3504, 18, 2013/05/23, 16:29:13.376, 2791257956178, QTAgent32.exe, &lt;a class=success&gt;Playback - {53} [SUCCESS] SendKeys "{Tab}" - "[MSAA, VisibleOnly]ControlType='Edit'"
\0&lt;/a&gt;
W, 3504, 18, 2013/05/23, 16:29:14.219, 2791270027787, QTAgent32.exe, &lt;a class=success&gt;Playback - {54} [SUCCESS] SetValueAsEditBox "test" - "[MSAA, VisibleOnly]ControlType='Edit'"  &lt; Set via SendKeys &gt;
\0&lt;/a&gt;
W, 3504, 18, 2013/05/23, 16:29:15.183, 2791283823131, QTAgent32.exe, &lt;a class=success&gt;Playback - {55} [SUCCESS] SetValueAsEditBox "160485" - "[MSAA, VisibleOnly]ControlType='Edit'"  &lt; Set via SendKeys &gt;
\0&lt;/a&gt;
W, 3504, 18, 2013/05/23, 16:29:16.084, 2791296718158, QTAgent32.exe, &lt;a class=success&gt;Playback - {56} [SUCCESS] SetValueAsEditBox "B338TH" - "[MSAA, VisibleOnly]ControlType='Edit'"  &lt; Set via SendKeys &gt;
\0&lt;/a&gt;
W, 3504, 18, 2013/05/23, 16:29:18.327, 2791328838229, QTAgent32.exe, &lt;a class=success&gt;Playback - {57} [SUCCESS] MouseButtonClick - "[MSAA, VisibleOnly]ControlType='Button' &amp;&amp; Name='Lookup...'"
\0&lt;/a&gt;
W, 3504, 18, 2013/05/23, 16:29:18.577, 2791332417644, QTAgent32.exe, &lt;a class=success&gt;Playback - {58} [SUCCESS] MouseButtonClick - "[MSAA, VisibleOnly]ControlType='Button' &amp;&amp; Name='Ok'"
\0&lt;/a&gt;
W, 3504, 18, 2013/05/23, 16:29:20.782, 2791363997123, QTAgent32.exe, &lt;a class=success&gt;Playback - {59} [SUCCESS] MouseButtonClick - "[MSAA, VisibleOnly]ControlType='Button' &amp;&amp; Name='OK'"
\0&lt;/a&gt;
W, 3504, 18, 2013/05/23, 16:29:22.388, 2791386983766, QTAgent32.exe, Playback - [WARNING] Internal warning: Incorrect flag set for InvokeProgrammaticAction\0
W, 3504, 18, 2013/05/23, 16:29:22.509, 2791388708827, QTAgent32.exe, &lt;a class=success&gt;Playback - {60} [SUCCESS] SetValueAsComboBox "Account Executive" - "[MSAA, VisibleOnly]ControlType='ComboBox'"  &lt; SetValueAsComboBox, set by clicking on the item in the list box &gt;
\0&lt;/a&gt;
W, 3504, 18, 2013/05/23, 16:29:24.066, 2791411012687, QTAgent32.exe, Playback - [WARNING] Internal warning: Incorrect flag set for InvokeProgrammaticAction\0
W, 3504, 18, 2013/05/23, 16:29:24.186, 2791412735065, QTAgent32.exe, &lt;a class=success&gt;Playback - {61} [SUCCESS] SetValueAsComboBox "Acupuncture" - "[MSAA, VisibleOnly]ControlType='ComboBox'"  &lt; SetValueAsComboBox, set by clicking on the item in the list box &gt;
\0&lt;/a&gt;
W, 3504, 18, 2013/05/23, 16:29:25.751, 2791435141511, QTAgent32.exe, &lt;a class=success&gt;Playback - {62} [SUCCESS] SetValueAsEditBox "151101" - "[MSAA, VisibleOnly]ControlType='Edit'"  &lt; Set via SendKeys &gt;
\0&lt;/a&gt;
W, 3504, 18, 2013/05/23, 16:29:25.985, 2791438492252, QTAgent32.exe, &lt;a class=success&gt;Playback - {63} [SUCCESS] MouseButtonClick - "[MSAA, VisibleOnly]ControlType='Button' &amp;&amp; Name='OK'"
\0&lt;/a&gt;
W, 3504, 18, 2013/05/23, 16:29:28.103, 2791468810583, QTAgent32.exe, PERF WARNING: FindTopLevelWindowHelper::FindAllDescendents: took 1915 ms. Expected it to take maximum 500 ms.
W, 3504, 18, 2013/05/23, 16:29:29.598, 2791490224696, QTAgent32.exe, &lt;a class=success&gt;Playback - {64} [SUCCESS] SetValueAsEditBox "RF53OXL" - "[MSAA, VisibleOnly]ControlType='Edit'"  &lt; Set via SendKeys &gt;
\0&lt;/a&gt;
W, 3504, 18, 2013/05/23, 16:29:30.417, 2791501949244, QTAgent32.exe, &lt;a class=success&gt;Playback - {65} [SUCCESS] MouseButtonClick - "[MSAA, VisibleOnly]ControlType='Button' &amp;&amp; Name='Filter'"
\0&lt;/a&gt;
W, 3504, 18, 2013/05/23, 16:29:30.744, 2791506618611, QTAgent32.exe, &lt;a class=success&gt;Playback - {66} [SUCCESS] MouseButtonClick - "[MSAA, VisibleOnly]ControlType='Button' &amp;&amp; Name='OK'"
\0&lt;/a&gt;
W, 3504, 18, 2013/05/23, 16:29:31.748, 2791521006122, QTAgent32.exe, &lt;a class=success&gt;Playback - {67} [SUCCESS] SendKeys "^{HOME}" - "[MSAA, VisibleOnly]ControlType='Edit'"
\0&lt;/a&gt;
E, 3504, 18, 2013/05/23, 16:29:31.749, 2791521010318, QTAgent32.exe, Msaa.GetFocusedElement: could not find accessible object of foreground window
W, 3504, 18, 2013/05/23, 16:29:31.818, 2791522000920, QTAgent32.exe, &lt;a class=success&gt;Playback - {68} [SUCCESS] SendKeys "^+{END}" - "[MSAA, VisibleOnly]ControlType='Edit'"
\0&lt;/a&gt;
E, 3504, 18, 2013/05/23, 16:29:31.818, 2791522003848, QTAgent32.exe, Msaa.GetFocusedElement: could not find accessible object of foreground window
W, 3504, 18, 2013/05/23, 16:29:31.832, 2791522209187, QTAgent32.exe, &lt;a class=success&gt;Playback - {69} [SUCCESS] SendKeys "{DELETE}" - "[MSAA, VisibleOnly]ControlType='Edit'"
\0&lt;/a&gt;
W, 3504, 18, 2013/05/23, 16:29:32.578, 2791532885465, QTAgent32.exe, &lt;a class=success&gt;Playback - {70} [SUCCESS] SetValueAsEditBox "1000" - "[MSAA, VisibleOnly]ControlType='Edit'"  &lt; Set via SendKeys &gt;
\0&lt;/a&gt;
W, 3504, 18, 2013/05/23, 16:29:32.945, 2791538140147, QTAgent32.exe, &lt;a class=success&gt;Playback - {71} [SUCCESS] MouseButtonClick - "[MSAA, VisibleOnly]ControlType='Button' &amp;&amp; Name='Calculate Quote'"
\0&lt;/a&gt;
W, 3504, 18, 2013/05/23, 16:29:42.034, 2791668281887, QTAgent32.exe, Playback - [WARNING] Internal warning: Window Not Found: [VisibleOnly]ControlType='Window' &amp;&amp; Name='Quote Select List' &amp;&amp; ClassName='ThunderRT6FormDC'
\0
E, 3504, 18, 2013/05/23, 16:29:42.035, 2791668290198, QTAgent32.exe, &lt;a class=failure&gt;Playback - {72} [FAILED] Function ElementFetcher::FindScreenElement failed to locate UI element (Searching: ;[VisibleOnly]ControlType='Window' &amp;&amp; Name='Quote Select List' &amp;&amp; ClassName='ThunderRT6FormDC') (The object specified was not found.)
\0&lt;/a&gt;
E, 3504, 18, 2013/05/23, 16:29:42.144, 2791669855717, QTAgent32.exe, Playback - [IMAGE] C:\Users\testuser\AppData\Local\Temp\UITestLogs\LastRun\RPFFC8.png
\0
W, 3504, 18, 2013/05/23, 16:29:42.144, 2791669858046, QTAgent32.exe, Playback - [WARNING] Internal warning: Couldn't find descendants that match QueryId
\0
W, 3504, 18, 2013/05/23, 16:29:42.145, 2791669866478, QTAgent32.exe, PERF WARNING: FindTopLevelWindowHelper::FindAllDescendents: took 9099 ms. Expected it to take maximum 500 ms.
W, 3504, 18, 2013/05/23, 16:30:00.526, 2791933047902, QTAgent32.exe, Playback - [WARNING] Internal warning: Window Not Found: [VisibleOnly]ControlType='Window' &amp;&amp; Name='Quote Select List' &amp;&amp; ClassName='ThunderRT6FormDC'
\0
E, 3504, 18, 2013/05/23, 16:30:00.526, 2791933055578, QTAgent32.exe, &lt;a class=failure&gt;Playback - {73} [FAILED] Function ElementFetcher::FindScreenElement failed to locate UI element (Searching: ;[VisibleOnly]ControlType='Window' &amp;&amp; Name='Quote Select List' &amp;&amp; ClassName='ThunderRT6FormDC') (The object specified was not found.)
\0&lt;/a&gt;
E, 3504, 18, 2013/05/23, 16:30:00.610, 2791934250711, QTAgent32.exe, Playback - [IMAGE] C:\Users\testuser\AppData\Local\Temp\UITestLogs\LastRun\RPF57FF.png
\0
W, 3504, 18, 2013/05/23, 16:30:00.610, 2791934253864, QTAgent32.exe, Playback - [WARNING] Internal warning: Couldn't find descendants that match QueryId
\0
W, 3504, 18, 2013/05/23, 16:30:00.610, 2791934260467, QTAgent32.exe, PERF WARNING: FindTopLevelWindowHelper::FindAllDescendents: took 18465 ms. Expected it to take maximum 500 ms.
W, 3504, 18, 2013/05/23, 16:30:03.828, 2791980330699, QTAgent32.exe, Playback - [WARNING] Internal warning: Smart Match failed
\0
W, 3504, 18, 2013/05/23, 16:30:05.155, 2791999337983, QTAgent32.exe, Playback - [WARNING] Internal warning: Window Not Found: [VisibleOnly]ControlType='Window' &amp;&amp; Name='Quote Select List' &amp;&amp; ClassName='ThunderRT6FormDC'
\0
E, 3504, 18, 2013/05/23, 16:30:05.156, 2791999341704, QTAgent32.exe, &lt;a class=failure&gt;Playback - {74} [FAILED] Function ElementFetcher::FindScreenElement failed to locate UI element (Searching: ;[VisibleOnly]ControlType='Window' &amp;&amp; Name='Quote Select List' &amp;&amp; ClassName='ThunderRT6FormDC') (The object specified was not found.)
\0&lt;/a&gt;
E, 3504, 18, 2013/05/23, 16:30:05.239, 2792000530936, QTAgent32.exe, Playback - [IMAGE] C:\Users\testuser\AppData\Local\Temp\UITestLogs\LastRun\RPF6A19.png
\0
W, 3504, 18, 2013/05/23, 16:30:05.239, 2792000533414, QTAgent32.exe, Playback - [WARNING] Internal warning: Couldn't find descendants that match QueryId
\0
W, 3504, 18, 2013/05/23, 16:30:05.239, 2792000537292, QTAgent32.exe, PERF WARNING: FindTopLevelWindowHelper::FindAllDescendents: took 4628 ms. Expected it to take maximum 500 ms.
E, 3504, 18, 2013/05/23, 16:30:05.239, 2792000539233, QTAgent32.exe, Exception: System.Runtime.InteropServices.COMException
	Message: Error HRESULT E_FAIL has been returned from a call to a COM component.
	Stack Trace:    at Microsoft.VisualStudio.TestTools.UITest.Playback.Engine.IRPFPlayback.FindAllScreenElements(IScreenElement pScreenElementStart, String bstrQueryId, Object&amp; pvarResKeys, Int32 cResKeys, Int32 nMaxDepth, Object[]&amp; foundDescendants)
   at Microsoft.VisualStudio.TestTools.UITest.Playback.ScreenElement.FindTopLevelWindowHelper(String queryId)
	BaseExceptionMessage: Error HRESULT E_FAIL has been returned from a call to a COM component.

E, 3504, 18, 2013/05/23, 16:30:05.344, 2792002040422, QTAgent32.exe, AL: Playback Error: Microsoft.VisualStudio.TestTools.UITest.Extension.UITestControlNotFoundException: The playback failed to find the control with the given search properties. Additional Details: 
TechnologyName:  'MSAA'
ControlType:  'Window'
Name:  'Quote Select List'
ClassName:  'ThunderRT6FormDC'
 ---&gt; System.Runtime.InteropServices.COMException: Error HRESULT E_FAIL has been returned from a call to a COM component.
   at Microsoft.VisualStudio.TestTools.UITest.Playback.Engine.IRPFPlayback.FindAllScreenElements(IScreenElement pScreenElementStart, String bstrQueryId, Object&amp; pvarResKeys, Int32 cResKeys, Int32 nMaxDepth, Object[]&amp; foundDescendants)
   at Microsoft.VisualStudio.TestTools.UITest.Playback.ScreenElement.FindTopLevelWindowHelper(String queryId)
   at Microsoft.VisualStudio.TestTools.UITest.Playback.ScreenElement.FindFromPartialQueryId(String queryId)
   at Microsoft.VisualStudio.TestTools.UITesting.UITestControl..ctor(String queryId)
   --- End of inner exception stack trace ---
   at Microsoft.VisualStudio.TestTools.UITesting.Playback.MapControlNotFoundException(COMException ex, IPlaybackContext context)
   at Microsoft.VisualStudio.TestTools.UITesting.Playback.MapAndThrowComException(COMException innerException, IPlaybackContext context)
   at Microsoft.VisualStudio.TestTools.UITesting.Playback.MapAndThrowException(SystemException exception, IPlaybackContext context)
   at Microsoft.VisualStudio.TestTools.UITesting.Playback.MapAndThrowException(SystemException exception, String queryId)
   at Microsoft.VisualStudio.TestTools.UITesting.UITestControl..ctor(String queryId)
   at Microsoft.VisualStudio.TestTools.UITesting.SearchHelper.SearchTopLevelWindow(ISearchArgument topLevelSearchArg, String topLevelElementQueryId)
   at Microsoft.VisualStudio.TestTools.UITesting.SearchHelper.GetTitleUpdatedTopLevelWindow(ISearchArgument topLevelSearchArg, String queryId, IList`1 windowTitles)
   at Microsoft.VisualStudio.TestTools.UITesting.SearchHelper.GetTopLevelElement(Boolean useCache, Boolean useCacheOnly, ISearchArgument searchArg, IList`1 windowTitles, Int32&amp; timeLeft)
   at Microsoft.VisualStudio.TestTools.UITesting.SearchHelper.GetElement(Boolean useCache, ISearchArgument searchArg)
   at Microsoft.VisualStudio.TestTools.UITesting.SearchHelper.Search(ISearchArgument searchArg)
   at Microsoft.VisualStudio.TestTools.UITesting.UITestControl.FindInternal()
   at Microsoft.VisualStudio.TestTools.UITesting.UITestControl.FindControlIfNecessary()
   at Microsoft.VisualStudio.TestTools.UITesting.UITestControl.Click(MouseButtons button, ModifierKeys modifierKeys, Point relativeCoordinates)
   at Microsoft.VisualStudio.TestTools.UITesting.Mouse.ClickImplementation(UITestControl control, MouseButtons button, ModifierKeys modifierKeys, Point relativeCoordinate)
   at Microsoft.VisualStudio.TestTools.UITesting.Mouse.ClickImplementationWrapper(UITestControl control, MouseButtons button, ModifierKeys modifierKeys, Point relativeCoordinate)
W, 3504, 18, 2013/05/23, 16:30:05.344, 2792002044091, QTAgent32.exe, PlaybackErrorHandler: Ignoring exception as ContinueOnError is set.
W, 3504, 18, 2013/05/23, 16:30:05.509, 2792004393621, QTAgent32.exe, &lt;a class=success&gt;Playback - {75} [SUCCESS] MouseButtonClick - "[MSAA, VisibleOnly]ControlType='Button' &amp;&amp; Name='No'"
\0&lt;/a&gt;
W, 3504, 18, 2013/05/23, 16:30:05.751, 2792007862424, QTAgent32.exe, &lt;a class=success&gt;Playback - {76} [SUCCESS] MouseButtonClick - "[MSAA, VisibleOnly]ControlType='Button' &amp;&amp; Name='Ok'"
\0&lt;/a&gt;
W, 3504, 18, 2013/05/23, 16:30:16.509, 2792161903629, QTAgent32.exe, PERF WARNING: FindTopLevelWindowHelper::FindAllDescendents: took 10658 ms. Expected it to take maximum 500 ms.
W, 3504, 18, 2013/05/23, 16:30:16.655, 2792163996774, QTAgent32.exe, &lt;a class=success&gt;Playback - {77} [SUCCESS] MouseButtonClick - "[MSAA, VisibleOnly]ControlType='Client'"
\0&lt;/a&gt;
W, 3504, 18, 2013/05/23, 16:30:18.628, 2792192239178, QTAgent32.exe, &lt;a class=success&gt;Playback - {78} [SUCCESS] SendKeys "{Home}" - "[MSAA, VisibleOnly]ControlType='Client'"
\0&lt;/a&gt;
W, 3504, 18, 2013/05/23, 16:30:21.859, 2792238492478, QTAgent32.exe, &lt;a class=success&gt;Playback - {79} [SUCCESS] MouseButtonClick - "[MSAA, VisibleOnly]ControlType='Button' &amp;&amp; Name='Accept'"
\0&lt;/a&gt;
W, 3504, 18, 2013/05/23, 16:30:22.332, 2792245266401, QTAgent32.exe, &lt;a class=success&gt;Playback - {80} [SUCCESS] MouseButtonClick - "[MSAA, VisibleOnly]ControlType='Button' &amp;&amp; Name='Yes'"
\0&lt;/a&gt;
W, 3504, 18, 2013/05/23, 16:30:22.669, 2792250095036, QTAgent32.exe, &lt;a class=success&gt;Playback - {81} [SUCCESS] MouseButtonClick - "[MSAA, VisibleOnly]ControlType='Button' &amp;&amp; Name='Ok'"
\0&lt;/a&gt;
W, 3504, 18, 2013/05/23, 16:30:22.941, 2792253995522, QTAgent32.exe, &lt;a class=success&gt;Playback - {82} [SUCCESS] MouseButtonClick - "[MSAA, VisibleOnly]ControlType='Button' &amp;&amp; Name='Ok'"
\0&lt;/a&gt;
W, 3504, 18, 2013/05/23, 16:30:23.404, 2792260625566, QTAgent32.exe, &lt;a class=success&gt;Playback - {83} [SUCCESS] MouseButtonClick - "[MSAA, VisibleOnly]ControlType='Button' &amp;&amp; Name='Confirm'"
\0&lt;/a&gt;
W, 3504, 18, 2013/05/23, 16:30:54.056, 2792699496319, QTAgent32.exe, Playback - [WARNING] Internal warning: Window Not Found: [VisibleOnly]ControlType='Window' &amp;&amp; Name='Save the file as' &amp;&amp; ClassName='#32770'
\0
E, 3504, 18, 2013/05/23, 16:30:54.059, 2792699546929, QTAgent32.exe, &lt;a class=failure&gt;Playback - {84} [FAILED] Function ElementFetcher::FindScreenElement failed to locate UI element (Searching: ;[VisibleOnly]ControlType='Window' &amp;&amp; Name='Save the file as' &amp;&amp; ClassName='#32770') (The object specified was not found.)
\0&lt;/a&gt;
E, 3504, 18, 2013/05/23, 16:30:54.935, 2792712087973, QTAgent32.exe, Playback - [IMAGE] C:\Users\testuser\AppData\Local\Temp\UITestLogs\LastRun\RPF2924.png
\0
W, 3504, 18, 2013/05/23, 16:30:54.935, 2792712091135, QTAgent32.exe, Playback - [WARNING] Internal warning: Couldn't find descendants that match QueryId
\0
W, 3504, 18, 2013/05/23, 16:30:54.936, 2792712098580, QTAgent32.exe, PERF WARNING: FindTopLevelWindowHelper::FindAllDescendents: took 31429 ms. Expected it to take maximum 500 ms.
W, 3504, 18, 2013/05/23, 16:31:13.862, 2792983095038, QTAgent32.exe, Playback - [WARNING] Internal warning: Window Not Found: [VisibleOnly]ControlType='Window' &amp;&amp; Name='Save the file as' &amp;&amp; ClassName='#32770'
\0
E, 3504, 18, 2013/05/23, 16:31:13.863, 2792983105704, QTAgent32.exe, &lt;a class=failure&gt;Playback - {85} [FAILED] Function ElementFetcher::FindScreenElement failed to locate UI element (Searching: ;[VisibleOnly]ControlType='Window' &amp;&amp; Name='Save the file as' &amp;&amp; ClassName='#32770') (The object specified was not found.)
\0&lt;/a&gt;
E, 3504, 18, 2013/05/23, 16:31:13.950, 2792984352913, QTAgent32.exe, Playback - [IMAGE] C:\Users\testuser\AppData\Local\Temp\UITestLogs\LastRun\RPF767A.png
\0
W, 3504, 18, 2013/05/23, 16:31:13.950, 2792984355637, QTAgent32.exe, Playback - [WARNING] Internal warning: Couldn't find descendants that match QueryId
\0
W, 3504, 18, 2013/05/23, 16:31:13.951, 2792984363333, QTAgent32.exe, PERF WARNING: FindTopLevelWindowHelper::FindAllDescendents: took 19014 ms. Expected it to take maximum 500 ms.
W, 3504, 18, 2013/05/23, 16:31:16.876, 2793026235641, QTAgent32.exe, Playback - [WARNING] Internal warning: Smart Match failed
\0
W, 3504, 18, 2013/05/23, 16:31:18.104, 2793043832169, QTAgent32.exe, Playback - [WARNING] Internal warning: Window Not Found: [VisibleOnly]ControlType='Window' &amp;&amp; Name='Save the file as' &amp;&amp; ClassName='#32770'
\0
E, 3504, 18, 2013/05/23, 16:31:18.105, 2793043836472, QTAgent32.exe, &lt;a class=failure&gt;Playback - {86} [FAILED] Function ElementFetcher::FindScreenElement failed to locate UI element (Searching: ;[VisibleOnly]ControlType='Window' &amp;&amp; Name='Save the file as' &amp;&amp; ClassName='#32770') (The object specified was not found.)
\0&lt;/a&gt;
E, 3504, 18, 2013/05/23, 16:31:18.190, 2793045054608, QTAgent32.exe, Playback - [IMAGE] C:\Users\testuser\AppData\Local\Temp\UITestLogs\LastRun\RPF870E.png
\0
W, 3504, 18, 2013/05/23, 16:31:18.190, 2793045056924, QTAgent32.exe, Playback - [WARNING] Internal warning: Couldn't find descendants that match QueryId
\0
W, 3504, 18, 2013/05/23, 16:31:18.190, 2793045061000, QTAgent32.exe, PERF WARNING: FindTopLevelWindowHelper::FindAllDescendents: took 4238 ms. Expected it to take maximum 500 ms.
E, 3504, 18, 2013/05/23, 16:31:18.190, 2793045063398, QTAgent32.exe, Exception: System.Runtime.InteropServices.COMException
	Message: Error HRESULT E_FAIL has been returned from a call to a COM component.
	Stack Trace:    at Microsoft.VisualStudio.TestTools.UITest.Playback.Engine.IRPFPlayback.FindAllScreenElements(IScreenElement pScreenElementStart, String bstrQueryId, Object&amp; pvarResKeys, Int32 cResKeys, Int32 nMaxDepth, Object[]&amp; foundDescendants)
   at Microsoft.VisualStudio.TestTools.UITest.Playback.ScreenElement.FindTopLevelWindowHelper(String queryId)
	BaseExceptionMessage: Error HRESULT E_FAIL has been returned from a call to a COM component.

E, 3504, 18, 2013/05/23, 16:31:18.292, 2793046520453, QTAgent32.exe, AL: Playback Error: Microsoft.VisualStudio.TestTools.UITest.Extension.UITestControlNotFoundException: The playback failed to find the control with the given search properties. Additional Details: 
TechnologyName:  'MSAA'
ControlType:  'Window'
Name:  'Save the file as'
ClassName:  '#32770'
 ---&gt; System.Runtime.InteropServices.COMException: Error HRESULT E_FAIL has been returned from a call to a COM component.
   at Microsoft.VisualStudio.TestTools.UITest.Playback.Engine.IRPFPlayback.FindAllScreenElements(IScreenElement pScreenElementStart, String bstrQueryId, Object&amp; pvarResKeys, Int32 cResKeys, Int32 nMaxDepth, Object[]&amp; foundDescendants)
   at Microsoft.VisualStudio.TestTools.UITest.Playback.ScreenElement.FindTopLevelWindowHelper(String queryId)
   at Microsoft.VisualStudio.TestTools.UITest.Playback.ScreenElement.FindFromPartialQueryId(String queryId)
   at Microsoft.VisualStudio.TestTools.UITesting.UITestControl..ctor(String queryId)
   --- End of inner exception stack trace ---
   at Microsoft.VisualStudio.TestTools.UITesting.Playback.MapControlNotFoundException(COMException ex, IPlaybackContext context)
   at Microsoft.VisualStudio.TestTools.UITesting.Playback.MapAndThrowComException(COMException innerException, IPlaybackContext context)
   at Microsoft.VisualStudio.TestTools.UITesting.Playback.MapAndThrowException(SystemException exception, IPlaybackContext context)
   at Microsoft.VisualStudio.TestTools.UITesting.Playback.MapAndThrowException(SystemException exception, String queryId)
   at Microsoft.VisualStudio.TestTools.UITesting.UITestControl..ctor(String queryId)
   at Microsoft.VisualStudio.TestTools.UITesting.SearchHelper.SearchTopLevelWindow(ISearchArgument topLevelSearchArg, String topLevelElementQueryId)
   at Microsoft.VisualStudio.TestTools.UITesting.SearchHelper.GetTitleUpdatedTopLevelWindow(ISearchArgument topLevelSearchArg, String queryId, IList`1 windowTitles)
   at Microsoft.VisualStudio.TestTools.UITesting.SearchHelper.GetTopLevelElement(Boolean useCache, Boolean useCacheOnly, ISearchArgument searchArg, IList`1 windowTitles, Int32&amp; timeLeft)
   at Microsoft.VisualStudio.TestTools.UITesting.SearchHelper.GetElement(Boolean useCache, ISearchArgument searchArg)
   at Microsoft.VisualStudio.TestTools.UITesting.SearchHelper.Search(ISearchArgument searchArg)
   at Microsoft.VisualStudio.TestTools.UITesting.UITestControl.FindInternal()
   at Microsoft.VisualStudio.TestTools.UITesting.UITestControl.FindControlIfNecessary()
   at Microsoft.VisualStudio.TestTools.UITesting.UITestControl.Click(MouseButtons button, ModifierKeys modifierKeys, Point relativeCoordinates)
   at Microsoft.VisualStudio.TestTools.UITesting.Mouse.ClickImplementation(UITestControl control, MouseButtons button, ModifierKeys modifierKeys, Point relativeCoordinate)
   at Microsoft.VisualStudio.TestTools.UITesting.Mouse.ClickImplementationWrapper(UITestControl control, MouseButtons button, ModifierKeys modifierKeys, Point relativeCoordinate)
W, 3504, 18, 2013/05/23, 16:31:18.292, 2793046524476, QTAgent32.exe, PlaybackErrorHandler: Ignoring exception as ContinueOnError is set.
W, 3504, 18, 2013/05/23, 16:31:18.430, 2793048493928, QTAgent32.exe, &lt;a class=success&gt;Playback - {87} [SUCCESS] Check - "[MSAA, VisibleOnly]ControlType='CheckBox' &amp;&amp; Name='Defer Printing?'"
\0&lt;/a&gt;
W, 3504, 18, 2013/05/23, 16:31:18.964, 2793056140765, QTAgent32.exe, &lt;a class=success&gt;Playback - {88} [SUCCESS] MouseButtonClick - "[MSAA, VisibleOnly]ControlType='Button' &amp;&amp; Name='Ok'"
\0&lt;/a&gt;
W, 3504, 18, 2013/05/23, 16:31:20.091, 2793072281646, QTAgent32.exe, PERF WARNING: FindTopLevelWindowHelper::FindAllDescendents: took 1026 ms. Expected it to take maximum 500 ms.
W, 3504, 18, 2013/05/23, 16:31:20.237, 2793074370141, QTAgent32.exe, &lt;a class=success&gt;Playback - {89} [SUCCESS] Uncheck - "[MSAA, VisibleOnly]ControlType='CheckBox' &amp;&amp; Name='Add Activity'"
\0&lt;/a&gt;
W, 3504, 18, 2013/05/23, 16:31:22.676, 2793109289033, QTAgent32.exe, &lt;a class=success&gt;Playback - {90} [SUCCESS] MouseButtonClick - "[MSAA, VisibleOnly]ControlType='Button' &amp;&amp; Name='Ok'"
\0&lt;/a&gt;
W, 3504, 18, 2013/05/23, 16:31:22.936, 2793113015419, QTAgent32.exe, &lt;a class=success&gt;Playback - {91} [SUCCESS] MouseButtonClick - "[MSAA, VisibleOnly]ControlType='Button' &amp;&amp; Name='Ok'"
\0&lt;/a&gt;
W, 3504, 18, 2013/05/23, 16:31:26.142, 2793158919761, QTAgent32.exe, PERF WARNING: FindTopLevelWindowHelper::FindAllDescendents: took 3090 ms. Expected it to take maximum 500 ms.
W, 3504, 18, 2013/05/23, 16:31:26.280, 2793160886705, QTAgent32.exe, &lt;a class=success&gt;Playback - {92} [SUCCESS] MouseButtonClick - "[MSAA, VisibleOnly]ControlType='Button' &amp;&amp; Name='OK'"
\0&lt;/a&gt;
W, 3504, 18, 2013/05/23, 16:31:26.505, 2793164115951, QTAgent32.exe, &lt;a class=success&gt;Playback - {93} [SUCCESS] MouseButtonClick - "[MSAA, VisibleOnly]ControlType='Button' &amp;&amp; Name='Options'"
\0&lt;/a&gt;
W, 3504, 18, 2013/05/23, 16:31:26.606, 2793165564466, QTAgent32.exe, FindScreenElementInSinglePass : Attempting to find control in one pass of search. Failures can occur.
W, 3504, 18, 2013/05/23, 16:31:26.623, 2793165805312, QTAgent32.exe, Playback - [WARNING] Internal failure: Method GetBoundingRectangle failed (HRESULT = 0x1, "Incorrect function.") for Name = "Quote Select List" ," ControlType = "MenuItem"
\0
W, 3504, 18, 2013/05/23, 16:31:26.623, 2793165807315, QTAgent32.exe, Playback - [WARNING] Internal failure: Couldn't get clickable point for ScreenUIElement - GetClickablePoint failed
\0
W, 3504, 18, 2013/05/23, 16:31:26.623, 2793165811167, QTAgent32.exe, FindScreenElementInSinglePass : Attempting to find control in one pass of search. Failures can occur.
W, 3504, 18, 2013/05/23, 16:31:26.626, 2793165847313, QTAgent32.exe, FindScreenElementInSinglePass : Attempting to find control in one pass of search. Failures can occur.
W, 3504, 18, 2013/05/23, 16:31:26.747, 2793167576091, QTAgent32.exe, &lt;a class=success&gt;Playback - {94} [SUCCESS] LeftButtonClick - "[MSAA, VisibleOnly]ControlType='MenuBar' &amp;&amp; Name='Application'"  &lt; Mouse cursor location (960, 31) &gt;
\0&lt;/a&gt;
W, 3504, 18, 2013/05/23, 16:31:26.852, 2793169081490, QTAgent32.exe, &lt;a class=success&gt;Playback - {95} [SUCCESS] LeftButtonClick - "[MSAA]ControlType='MenuItem' &amp;&amp; Name='Options'"  &lt; Mouse cursor location (94, 31) &gt;
\0&lt;/a&gt;
W, 3504, 18, 2013/05/23, 16:31:27.203, 2793174108570, QTAgent32.exe, &lt;a class=success&gt;Playback - {96} [SUCCESS] LeftButtonClick - "[MSAA]ControlType='MenuItem' &amp;&amp; Name='Links'"  &lt; Mouse cursor location (174, 319) &gt;
\0&lt;/a&gt;
W, 3504, 18, 2013/05/23, 16:31:27.591, 2793179663033, QTAgent32.exe, &lt;a class=success&gt;Playback - {97} [SUCCESS] LeftButtonClick - "[MSAA]ControlType='MenuItem' &amp;&amp; Name='3rd Party Integration'"  &lt; Mouse cursor location (375, 319) &gt;
\0&lt;/a&gt;
W, 3504, 18, 2013/05/23, 16:31:27.970, 2793185096223, QTAgent32.exe, &lt;a class=success&gt;Playback - {98} [SUCCESS] MouseButtonClick - "[MSAA]ControlType='MenuItem' &amp;&amp; Name='Quote Select List'"
\0&lt;/a&gt;
W, 3504, 18, 2013/05/23, 16:31:29.374, 2793205190360, QTAgent32.exe, PERF WARNING: FindTopLevelWindowHelper::FindAllDescendents: took 1303 ms. Expected it to take maximum 500 ms.
W, 3504, 18, 2013/05/23, 16:31:30.025, 2793214515340, QTAgent32.exe, &lt;a class=success&gt;Playback - {99} [SUCCESS] MouseButtonClick - "[MSAA, VisibleOnly]ControlType='Button' &amp;&amp; Name='Ok'"
\0&lt;/a&gt;
W, 3504, 18, 2013/05/23, 16:31:31.100, 2793229914522, QTAgent32.exe, PERF WARNING: FindTopLevelWindowHelper::FindAllDescendents: took 975 ms. Expected it to take maximum 500 ms.
W, 3504, 18, 2013/05/23, 16:31:31.479, 2793235336179, QTAgent32.exe, &lt;a class=success&gt;Playback - {100} [SUCCESS] MouseButtonClick - "[MSAA, VisibleOnly]ControlType='Button' &amp;&amp; Name='MTA...'"
\0&lt;/a&gt;
W, 3504, 18, 2013/05/23, 16:31:32.502, 2793249974919, QTAgent32.exe, PERF WARNING: FindTopLevelWindowHelper::FindAllDescendents: took 912 ms. Expected it to take maximum 500 ms.
W, 3504, 18, 2013/05/23, 16:31:34.080, 2793272573629, QTAgent32.exe, Playback - [WARNING] Internal warning: Incorrect flag set for InvokeProgrammaticAction\0
W, 3504, 18, 2013/05/23, 16:31:34.200, 2793274296622, QTAgent32.exe, &lt;a class=success&gt;Playback - {101} [SUCCESS] SetValueAsComboBox "Change of Driver" - "[MSAA, VisibleOnly]ControlType='ComboBox'"  &lt; SetValueAsComboBox, set by clicking on the item in the list box &gt;
\0&lt;/a&gt;
W, 3504, 18, 2013/05/23, 16:31:34.447, 2793277831951, QTAgent32.exe, &lt;a class=success&gt;Playback - {102} [SUCCESS] MouseButtonClick - "[MSAA, VisibleOnly]ControlType='Button' &amp;&amp; Name='OK'"
\0&lt;/a&gt;
W, 3504, 18, 2013/05/23, 16:31:34.677, 2793281122849, QTAgent32.exe, &lt;a class=success&gt;Playback - {103} [SUCCESS] MouseButtonClick - "[MSAA, VisibleOnly]ControlType='Button' &amp;&amp; Name='Exit'"
\0&lt;/a&gt;
W, 3504, 18, 2013/05/23, 16:31:34.911, 2793284481335, QTAgent32.exe, &lt;a class=success&gt;Playback - {104} [SUCCESS] MouseButtonClick - "[MSAA, VisibleOnly]ControlType='Button' &amp;&amp; Name='Yes'"
\0&lt;/a&gt;
W, 3504, 18, 2013/05/23, 16:31:35.473, 2793292525349, QTAgent32.exe, &lt;a class=success&gt;Playback - {105} [SUCCESS] MouseButtonClick - "[MSAA, VisibleOnly]ControlType='Button' &amp;&amp; Name='OK'"
\0&lt;/a&gt;
W, 3504, 18, 2013/05/23, 16:31:35.697, 2793295729237, QTAgent32.exe, &lt;a class=success&gt;Playback - {106} [SUCCESS] MouseButtonClick - "[MSAA, VisibleOnly]ControlType='Button' &amp;&amp; Name='Cancel'"
\0&lt;/a&gt;
W, 3504, 18, 2013/05/23, 16:31:35.925, 2793298995218, QTAgent32.exe, &lt;a class=success&gt;Playback - {107} [SUCCESS] MouseButtonClick - "[MSAA, VisibleOnly]ControlType='Button'"
\0&lt;/a&gt;
W, 3504, 18, 2013/05/23, 16:31:36.450, 2793306501378, QTAgent32.exe, &lt;a class=success&gt;Playback - {108} [SUCCESS] MouseButtonClick - "[MSAA, VisibleOnly]ControlType='Button' &amp;&amp; Name='Detail'"
\0&lt;/a&gt;
W, 3504, 18, 2013/05/23, 16:31:38.857, 2793340980157, QTAgent32.exe, Playback - [WARNING] Internal warning: Window Not Found: [VisibleOnly]ControlType='Window' &amp;&amp; Name='Policy: rty ert' &amp;&amp; ClassName='ThunderRT6MDIForm'
\0
E, 3504, 18, 2013/05/23, 16:31:38.858, 2793340983423, QTAgent32.exe, &lt;a class=failure&gt;Playback - {109} [FAILED] Function ElementFetcher::FindScreenElement failed to locate UI element (Searching: ;[VisibleOnly]ControlType='Window' &amp;&amp; Name='Policy: rty ert' &amp;&amp; ClassName='ThunderRT6MDIForm') (The object specified was not found.)
\0&lt;/a&gt;
E, 3504, 18, 2013/05/23, 16:31:38.937, 2793342113526, QTAgent32.exe, Playback - [IMAGE] C:\Users\testuser\AppData\Local\Temp\UITestLogs\LastRun\RPFD82B.png
\0
W, 3504, 18, 2013/05/23, 16:31:38.937, 2793342115763, QTAgent32.exe, Playback - [WARNING] Internal warning: Couldn't find descendants that match QueryId
\0
W, 3504, 18, 2013/05/23, 16:31:38.937, 2793342118578, QTAgent32.exe, PERF WARNING: FindTopLevelWindowHelper::FindAllDescendents: took 2387 ms. Expected it to take maximum 500 ms.
W, 3504, 18, 2013/05/23, 16:31:57.013, 2793600937604, QTAgent32.exe, Playback - [WARNING] Internal warning: Window Not Found: [VisibleOnly]ControlType='Window' &amp;&amp; Name='Policy: rty ert' &amp;&amp; ClassName='ThunderRT6MDIForm'
\0
E, 3504, 18, 2013/05/23, 16:31:57.014, 2793600944638, QTAgent32.exe, &lt;a class=failure&gt;Playback - {110} [FAILED] Function ElementFetcher::FindScreenElement failed to locate UI element (Searching: ;[VisibleOnly]ControlType='Window' &amp;&amp; Name='Policy: rty ert' &amp;&amp; ClassName='ThunderRT6MDIForm') (The object specified was not found.)
\0&lt;/a&gt;
E, 3504, 18, 2013/05/23, 16:31:57.094, 2793602096346, QTAgent32.exe, Playback - [IMAGE] C:\Users\testuser\AppData\Local\Temp\UITestLogs\LastRun\RPF1F0B.png
\0
W, 3504, 18, 2013/05/23, 16:31:57.094, 2793602098625, QTAgent32.exe, Playback - [WARNING] Internal warning: Couldn't find descendants that match QueryId
\0
W, 3504, 18, 2013/05/23, 16:31:57.095, 2793602107859, QTAgent32.exe, PERF WARNING: FindTopLevelWindowHelper::FindAllDescendents: took 18157 ms. Expected it to take maximum 500 ms.
W, 3504, 18, 2013/05/23, 16:31:57.709, 2793610905171, QTAgent32.exe, Playback - [WARNING] Internal warning: Window with Class "ThunderRT6MDIForm" and Title "Policy: rty ert" was not found, so similar window with Class "ThunderRT6MDIForm" and Title "Policy: autotest" was accepted
\0
W, 3504, 18, 2013/05/23, 16:31:57.710, 2793610910682, QTAgent32.exe, PERF WARNING: FindTopLevelWindowHelper::FindAllDescendents: took 614 ms. Expected it to take maximum 500 ms.
W, 3504, 18, 2013/05/23, 16:31:57.845, 2793612841070, QTAgent32.exe, &lt;a class=success&gt;Playback - {111} [SUCCESS] MouseButtonClick - "[MSAA, VisibleOnly]ControlType='Edit'"
\0&lt;/a&gt;
W, 3504, 18, 2013/05/23, 16:32:00.565, 2793651788911, QTAgent32.exe, IEDOM : StopSession of the plugin called before StartSession
W, 3504, 18, 2013/05/23, 16:32:00.565, 2793651791196, QTAgent32.exe, UIA : StopSession of the plugin called before StartSession
</DebugTrace>
      </Output>
    </UnitTestResult>
    <UnitTestResult executionId="09c3e098-972d-4ad5-9945-d3a7aad3d222" testId="3ae99ad9-bea0-c939-a2a7-32a3ed719b40" testName="MotoMTAAccept" computerName="ICLVDEVTM02" duration="00:04:05.3063181" startTime="2013-05-23T16:32:00.5806191+01:00" endTime="2013-05-23T16:36:05.8962702+01:00" testType="13cdc9d9-ddb5-4fa4-a97d-d965ccfc6d4b" outcome="Passed" testListId="8c84fa94-04c1-424b-9868-57a2d4851a1d" relativeResultsDirectory="09c3e098-972d-4ad5-9945-d3a7aad3d222">
      <Output>
        <DebugTrace>W, 3504, 27, 2013/05/23, 16:32:04.973, 2793714904610, QTAgent32.exe, &lt;a class=success&gt;Playback - {1} [SUCCESS] MouseButtonClick - "[MSAA, VisibleOnly]ControlType='Edit'"
\0&lt;/a&gt;
W, 3504, 27, 2013/05/23, 16:32:05.265, 2793719090549, QTAgent32.exe, &lt;a class=success&gt;Playback - {2} [SUCCESS] SendKeys "[*]" - "[MSAA, VisibleOnly]ControlType='Edit'"
\0&lt;/a&gt;
W, 3504, 27, 2013/05/23, 16:32:06.069, 2793730597629, QTAgent32.exe, &lt;a class=success&gt;Playback - {3} [SUCCESS] MouseButtonClick - "[MSAA, VisibleOnly]ControlType='Button' &amp;&amp; Name='OK'"
\0&lt;/a&gt;
W, 3504, 27, 2013/05/23, 16:32:06.373, 2793734948743, QTAgent32.exe, &lt;a class=success&gt;Playback - {4} [SUCCESS] SendKeys "^{HOME}" - "[MSAA, VisibleOnly]ControlType='Edit'"
\0&lt;/a&gt;
E, 3504, 27, 2013/05/23, 16:32:06.373, 2793734951846, QTAgent32.exe, Msaa.GetFocusedElement: could not find accessible object of foreground window
W, 3504, 27, 2013/05/23, 16:32:06.430, 2793735765620, QTAgent32.exe, &lt;a class=success&gt;Playback - {5} [SUCCESS] SendKeys "^+{END}" - "[MSAA, VisibleOnly]ControlType='Edit'"
\0&lt;/a&gt;
E, 3504, 27, 2013/05/23, 16:32:06.430, 2793735768929, QTAgent32.exe, Msaa.GetFocusedElement: could not find accessible object of foreground window
W, 3504, 27, 2013/05/23, 16:32:06.452, 2793736089148, QTAgent32.exe, &lt;a class=success&gt;Playback - {6} [SUCCESS] SendKeys "{DELETE}" - "[MSAA, VisibleOnly]ControlType='Edit'"
\0&lt;/a&gt;
W, 3504, 27, 2013/05/23, 16:32:06.775, 2793740707038, QTAgent32.exe, &lt;a class=success&gt;Playback - {7} [SUCCESS] SetValueAsEditBox "23/05/2013" - "[MSAA, VisibleOnly]ControlType='Edit'"  &lt; Set via SendKeys &gt;
\0&lt;/a&gt;
W, 3504, 27, 2013/05/23, 16:32:07.258, 2793747623625, QTAgent32.exe, Playback - [WARNING] Internal warning: Incorrect flag set for InvokeProgrammaticAction\0
W, 3504, 27, 2013/05/23, 16:32:07.379, 2793749354939, QTAgent32.exe, &lt;a class=success&gt;Playback - {8} [SUCCESS] SetValueAsComboBox "May" - "[MSAA, VisibleOnly]ControlType='ComboBox'"  &lt; SetValueAsComboBox, set by clicking on the item in the list box &gt;
\0&lt;/a&gt;
W, 3504, 27, 2013/05/23, 16:32:07.666, 2793753457008, QTAgent32.exe, &lt;a class=success&gt;Playback - {9} [SUCCESS] SendKeys "^{HOME}" - "[MSAA, VisibleOnly]ControlType='Edit'"
\0&lt;/a&gt;
E, 3504, 27, 2013/05/23, 16:32:07.666, 2793753460424, QTAgent32.exe, Msaa.GetFocusedElement: could not find accessible object of foreground window
W, 3504, 27, 2013/05/23, 16:32:07.721, 2793754244586, QTAgent32.exe, &lt;a class=success&gt;Playback - {10} [SUCCESS] SendKeys "^+{END}" - "[MSAA, VisibleOnly]ControlType='Edit'"
\0&lt;/a&gt;
E, 3504, 27, 2013/05/23, 16:32:07.721, 2793754247767, QTAgent32.exe, Msaa.GetFocusedElement: could not find accessible object of foreground window
W, 3504, 27, 2013/05/23, 16:32:07.736, 2793754460492, QTAgent32.exe, &lt;a class=success&gt;Playback - {11} [SUCCESS] SendKeys "{DELETE}" - "[MSAA, VisibleOnly]ControlType='Edit'"
\0&lt;/a&gt;
W, 3504, 27, 2013/05/23, 16:32:07.933, 2793757280266, QTAgent32.exe, &lt;a class=success&gt;Playback - {12} [SUCCESS] SetValueAsEditBox "2013" - "[MSAA, VisibleOnly]ControlType='Edit'"  &lt; Set via SendKeys &gt;
\0&lt;/a&gt;
W, 3504, 27, 2013/05/23, 16:32:08.154, 2793760452616, QTAgent32.exe, &lt;a class=success&gt;Playback - {13} [SUCCESS] MouseButtonClick - "[MSAA, VisibleOnly]ControlType='Button' &amp;&amp; Name='OK'"
\0&lt;/a&gt;
W, 3504, 27, 2013/05/23, 16:32:09.327, 2793777243160, QTAgent32.exe, Playback - [WARNING] Internal warning: Window Not Found: [VisibleOnly]ControlType='Window' &amp;&amp; Name='Warning' &amp;&amp; ClassName='#32770'
\0
E, 3504, 27, 2013/05/23, 16:32:09.327, 2793777246843, QTAgent32.exe, &lt;a class=failure&gt;Playback - {14} [FAILED] Function ElementFetcher::FindScreenElement failed to locate UI element (Searching: ;[VisibleOnly]ControlType='Window' &amp;&amp; Name='Warning' &amp;&amp; ClassName='#32770') (The object specified was not found.)
\0&lt;/a&gt;
E, 3504, 27, 2013/05/23, 16:32:09.407, 2793778389375, QTAgent32.exe, Playback - [IMAGE] C:\Users\testuser\AppData\Local\Temp\UITestLogs\LastRun\RPF4F30.png
\0
W, 3504, 27, 2013/05/23, 16:32:09.407, 2793778391837, QTAgent32.exe, Playback - [WARNING] Internal warning: Couldn't find descendants that match QueryId
\0
W, 3504, 27, 2013/05/23, 16:32:09.407, 2793778394998, QTAgent32.exe, PERF WARNING: FindTopLevelWindowHelper::FindAllDescendents: took 1129 ms. Expected it to take maximum 500 ms.
W, 3504, 27, 2013/05/23, 16:32:27.430, 2794036445911, QTAgent32.exe, Playback - [WARNING] Internal warning: Window Not Found: [VisibleOnly]ControlType='Window' &amp;&amp; Name='Warning' &amp;&amp; ClassName='#32770'
\0
E, 3504, 27, 2013/05/23, 16:32:27.430, 2794036450475, QTAgent32.exe, &lt;a class=failure&gt;Playback - {15} [FAILED] Function ElementFetcher::FindScreenElement failed to locate UI element (Searching: ;[VisibleOnly]ControlType='Window' &amp;&amp; Name='Warning' &amp;&amp; ClassName='#32770') (The object specified was not found.)
\0&lt;/a&gt;
E, 3504, 27, 2013/05/23, 16:32:27.512, 2794037614275, QTAgent32.exe, Playback - [IMAGE] C:\Users\testuser\AppData\Local\Temp\UITestLogs\LastRun\RPF95E1.png
\0
W, 3504, 27, 2013/05/23, 16:32:27.512, 2794037616857, QTAgent32.exe, Playback - [WARNING] Internal warning: Couldn't find descendants that match QueryId
\0
W, 3504, 27, 2013/05/23, 16:32:27.512, 2794037621857, QTAgent32.exe, PERF WARNING: FindTopLevelWindowHelper::FindAllDescendents: took 18104 ms. Expected it to take maximum 500 ms.
W, 3504, 27, 2013/05/23, 16:32:28.001, 2794044621617, QTAgent32.exe, Playback - [WARNING] Internal warning: Smart Match failed
\0
W, 3504, 27, 2013/05/23, 16:32:28.155, 2794046824930, QTAgent32.exe, Playback - [WARNING] Internal warning: Smart Match failed
\0
W, 3504, 27, 2013/05/23, 16:32:28.309, 2794049032014, QTAgent32.exe, Playback - [WARNING] Internal warning: Smart Match failed
\0
W, 3504, 27, 2013/05/23, 16:32:28.468, 2794051308885, QTAgent32.exe, Playback - [WARNING] Internal warning: Smart Match failed
\0
W, 3504, 27, 2013/05/23, 16:32:28.620, 2794053493023, QTAgent32.exe, Playback - [WARNING] Internal warning: Smart Match failed
\0
W, 3504, 27, 2013/05/23, 16:32:28.774, 2794055693328, QTAgent32.exe, Playback - [WARNING] Internal warning: Smart Match failed
\0
W, 3504, 27, 2013/05/23, 16:32:28.929, 2794057908872, QTAgent32.exe, Playback - [WARNING] Internal warning: Smart Match failed
\0
W, 3504, 27, 2013/05/23, 16:32:29.081, 2794060085301, QTAgent32.exe, Playback - [WARNING] Internal warning: Smart Match failed
\0
W, 3504, 27, 2013/05/23, 16:32:29.234, 2794062280261, QTAgent32.exe, Playback - [WARNING] Internal warning: Smart Match failed
\0
W, 3504, 27, 2013/05/23, 16:32:29.388, 2794064480957, QTAgent32.exe, Playback - [WARNING] Internal warning: Smart Match failed
\0
W, 3504, 27, 2013/05/23, 16:32:29.542, 2794066690611, QTAgent32.exe, Playback - [WARNING] Internal warning: Smart Match failed
\0
W, 3504, 27, 2013/05/23, 16:32:29.695, 2794068881787, QTAgent32.exe, Playback - [WARNING] Internal warning: Smart Match failed
\0
W, 3504, 27, 2013/05/23, 16:32:29.849, 2794071087558, QTAgent32.exe, Playback - [WARNING] Internal warning: Smart Match failed
\0
W, 3504, 27, 2013/05/23, 16:32:30.004, 2794073307944, QTAgent32.exe, Playback - [WARNING] Internal warning: Smart Match failed
\0
W, 3504, 27, 2013/05/23, 16:32:30.162, 2794075575725, QTAgent32.exe, Playback - [WARNING] Internal warning: Smart Match failed
\0
W, 3504, 27, 2013/05/23, 16:32:30.317, 2794077786147, QTAgent32.exe, Playback - [WARNING] Internal warning: Smart Match failed
\0
W, 3504, 27, 2013/05/23, 16:32:30.474, 2794080038274, QTAgent32.exe, Playback - [WARNING] Internal warning: Smart Match failed
\0
W, 3504, 27, 2013/05/23, 16:32:30.519, 2794080679532, QTAgent32.exe, Playback - [WARNING] Internal warning: Window Not Found: [VisibleOnly]ControlType='Window' &amp;&amp; Name='Warning' &amp;&amp; ClassName='#32770'
\0
E, 3504, 27, 2013/05/23, 16:32:30.519, 2794080682404, QTAgent32.exe, &lt;a class=failure&gt;Playback - {16} [FAILED] Function ElementFetcher::FindScreenElement failed to locate UI element (Searching: ;[VisibleOnly]ControlType='Window' &amp;&amp; Name='Warning' &amp;&amp; ClassName='#32770') (The object specified was not found.)
\0&lt;/a&gt;
E, 3504, 27, 2013/05/23, 16:32:30.599, 2794081820897, QTAgent32.exe, Playback - [IMAGE] C:\Users\testuser\AppData\Local\Temp\UITestLogs\LastRun\RPFA1F3.png
\0
W, 3504, 27, 2013/05/23, 16:32:30.599, 2794081823354, QTAgent32.exe, Playback - [WARNING] Internal warning: Couldn't find descendants that match QueryId
\0
W, 3504, 27, 2013/05/23, 16:32:30.599, 2794081826684, QTAgent32.exe, PERF WARNING: FindTopLevelWindowHelper::FindAllDescendents: took 3087 ms. Expected it to take maximum 500 ms.
E, 3504, 27, 2013/05/23, 16:32:30.599, 2794081828812, QTAgent32.exe, Exception: System.Runtime.InteropServices.COMException
	Message: Error HRESULT E_FAIL has been returned from a call to a COM component.
	Stack Trace:    at Microsoft.VisualStudio.TestTools.UITest.Playback.Engine.IRPFPlayback.FindAllScreenElements(IScreenElement pScreenElementStart, String bstrQueryId, Object&amp; pvarResKeys, Int32 cResKeys, Int32 nMaxDepth, Object[]&amp; foundDescendants)
   at Microsoft.VisualStudio.TestTools.UITest.Playback.ScreenElement.FindTopLevelWindowHelper(String queryId)
	BaseExceptionMessage: Error HRESULT E_FAIL has been returned from a call to a COM component.

E, 3504, 27, 2013/05/23, 16:32:30.739, 2794083837213, QTAgent32.exe, AL: Playback Error: Microsoft.VisualStudio.TestTools.UITest.Extension.UITestControlNotFoundException: The playback failed to find the control with the given search properties. Additional Details: 
TechnologyName:  'MSAA'
ControlType:  'Window'
Name:  'Warning'
ClassName:  '#32770'
 ---&gt; System.Runtime.InteropServices.COMException: Error HRESULT E_FAIL has been returned from a call to a COM component.
   at Microsoft.VisualStudio.TestTools.UITest.Playback.Engine.IRPFPlayback.FindAllScreenElements(IScreenElement pScreenElementStart, String bstrQueryId, Object&amp; pvarResKeys, Int32 cResKeys, Int32 nMaxDepth, Object[]&amp; foundDescendants)
   at Microsoft.VisualStudio.TestTools.UITest.Playback.ScreenElement.FindTopLevelWindowHelper(String queryId)
   at Microsoft.VisualStudio.TestTools.UITest.Playback.ScreenElement.FindFromPartialQueryId(String queryId)
   at Microsoft.VisualStudio.TestTools.UITesting.UITestControl..ctor(String queryId)
   --- End of inner exception stack trace ---
   at Microsoft.VisualStudio.TestTools.UITesting.Playback.MapControlNotFoundException(COMException ex, IPlaybackContext context)
   at Microsoft.VisualStudio.TestTools.UITesting.Playback.MapAndThrowComException(COMException innerException, IPlaybackContext context)
   at Microsoft.VisualStudio.TestTools.UITesting.Playback.MapAndThrowException(SystemException exception, IPlaybackContext context)
   at Microsoft.VisualStudio.TestTools.UITesting.Playback.MapAndThrowException(SystemException exception, String queryId)
   at Microsoft.VisualStudio.TestTools.UITesting.UITestControl..ctor(String queryId)
   at Microsoft.VisualStudio.TestTools.UITesting.SearchHelper.SearchTopLevelWindow(ISearchArgument topLevelSearchArg, String topLevelElementQueryId)
   at Microsoft.VisualStudio.TestTools.UITesting.SearchHelper.GetTitleUpdatedTopLevelWindow(ISearchArgument topLevelSearchArg, String queryId, IList`1 windowTitles)
   at Microsoft.VisualStudio.TestTools.UITesting.SearchHelper.GetTopLevelElement(Boolean useCache, Boolean useCacheOnly, ISearchArgument searchArg, IList`1 windowTitles, Int32&amp; timeLeft)
   at Microsoft.VisualStudio.TestTools.UITesting.SearchHelper.GetElement(Boolean useCache, ISearchArgument searchArg)
   at Microsoft.VisualStudio.TestTools.UITesting.SearchHelper.Search(ISearchArgument searchArg)
   at Microsoft.VisualStudio.TestTools.UITesting.UITestControl.FindInternal()
   at Microsoft.VisualStudio.TestTools.UITesting.UITestControl.FindControlIfNecessary()
   at Microsoft.VisualStudio.TestTools.UITesting.UITestControl.Click(MouseButtons button, ModifierKeys modifierKeys, Point relativeCoordinates)
   at Microsoft.VisualStudio.TestTools.UITesting.Mouse.ClickImplementation(UITestControl control, MouseButtons button, ModifierKeys modifierKeys, Point relativeCoordinate)
   at Microsoft.VisualStudio.TestTools.UITesting.Mouse.ClickImplementationWrapper(UITestControl control, MouseButtons button, ModifierKeys modifierKeys, Point relativeCoordinate)
W, 3504, 27, 2013/05/23, 16:32:30.740, 2794083840746, QTAgent32.exe, PlaybackErrorHandler: Ignoring exception as ContinueOnError is set.
W, 3504, 27, 2013/05/23, 16:32:30.772, 2794084305771, QTAgent32.exe, &lt;a class=success&gt;Playback - {17} [SUCCESS] TypeString "#(R)"
\0&lt;/a&gt;
E, 3504, 27, 2013/05/23, 16:32:31.742, 2794098188599, QTAgent32.exe, Exception: System.ArgumentException
	Message: Value does not fall within the expected range.
	Stack Trace:    at Accessibility.IAccessible.get_accRole(Object varChild)
   at Microsoft.VisualStudio.TestTools.UITest.Extension.Msaa.AccWrapper.get_RoleInt()
	BaseExceptionMessage: Value does not fall within the expected range.

E, 3504, 27, 2013/05/23, 16:32:31.752, 2794098331456, QTAgent32.exe, Exception: System.ArgumentException
	Message: Value does not fall within the expected range.
	Stack Trace:    at Accessibility.IAccessible.get_accRole(Object varChild)
   at Microsoft.VisualStudio.TestTools.UITest.Extension.Msaa.AccWrapper.get_RoleInt()
	BaseExceptionMessage: Value does not fall within the expected range.

W, 3504, 27, 2013/05/23, 16:32:32.668, 2794111449665, QTAgent32.exe, &lt;a class=success&gt;Playback - {18} [SUCCESS] LeftButtonClick  &lt; Mouse cursor location (87, 908) &gt;
\0&lt;/a&gt;
W, 3504, 27, 2013/05/23, 16:32:34.128, 2794132360689, QTAgent32.exe, &lt;a class=success&gt;Playback - {19} [SUCCESS] SetValueAsEditBox "c:\TestProject7\office.reg"  &lt; Set via SendKeys &gt;
\0&lt;/a&gt;
W, 3504, 27, 2013/05/23, 16:32:34.129, 2794132363693, QTAgent32.exe, &lt;a class=success&gt;Playback - {20} [SUCCESS] SetValueAsComboBox "c:\TestProject7\office.reg" - "[MSAA, VisibleOnly]ControlType='ComboBox' &amp;&amp; Name='Open:'"  &lt; Set via SetValueAsEditBox &gt;
\0&lt;/a&gt;
W, 3504, 27, 2013/05/23, 16:32:34.400, 2794136252641, QTAgent32.exe, &lt;a class=success&gt;Playback - {21} [SUCCESS] MouseButtonClick - "[MSAA, VisibleOnly]ControlType='Button' &amp;&amp; Name='OK'"
\0&lt;/a&gt;
W, 3504, 27, 2013/05/23, 16:32:35.139, 2794146830271, QTAgent32.exe, &lt;a class=success&gt;Playback - {22} [SUCCESS] MouseButtonClick - "[MSAA, VisibleOnly]ControlType='Button' &amp;&amp; Name='Yes'"
\0&lt;/a&gt;
W, 3504, 27, 2013/05/23, 16:32:35.485, 2794151775015, QTAgent32.exe, &lt;a class=success&gt;Playback - {23} [SUCCESS] MouseButtonClick - "[MSAA, VisibleOnly]ControlType='Button' &amp;&amp; Name='OK'"
\0&lt;/a&gt;
W, 3504, 27, 2013/05/23, 16:32:35.714, 2794155052938, QTAgent32.exe, &lt;a class=success&gt;Playback - {24} [SUCCESS] MouseButtonClick - "[MSAA, VisibleOnly]ControlType='Button' &amp;&amp; Name='Clients &amp; Files'"
\0&lt;/a&gt;
W, 3504, 27, 2013/05/23, 16:32:36.432, 2794165341157, QTAgent32.exe, Playback - [WARNING] Internal warning: Window Not Found: [VisibleOnly]ControlType='Window' &amp;&amp; ClassName='ThunderRT6MDIForm'
\0
E, 3504, 27, 2013/05/23, 16:32:36.433, 2794165355541, QTAgent32.exe, &lt;a class=failure&gt;Playback - {25} [FAILED] Function ElementFetcher::FindScreenElement failed to locate UI element (Searching: ;[VisibleOnly]ControlType='Window' &amp;&amp; ClassName='ThunderRT6MDIForm') (The object specified was not found.)
\0&lt;/a&gt;
E, 3504, 27, 2013/05/23, 16:32:36.627, 2794168136645, QTAgent32.exe, Playback - [IMAGE] C:\Users\testuser\AppData\Local\Temp\UITestLogs\LastRun\RPFB90C.png
\0
W, 3504, 27, 2013/05/23, 16:32:36.627, 2794168138910, QTAgent32.exe, Playback - [WARNING] Internal warning: Couldn't find descendants that match QueryId
\0
W, 3504, 27, 2013/05/23, 16:32:36.628, 2794168141848, QTAgent32.exe, PERF WARNING: FindTopLevelWindowHelper::FindAllDescendents: took 813 ms. Expected it to take maximum 500 ms.
W, 3504, 27, 2013/05/23, 16:32:37.504, 2794180688838, QTAgent32.exe, PERF WARNING: FindTopLevelWindowHelper::FindAllDescendents: took 876 ms. Expected it to take maximum 500 ms.
W, 3504, 27, 2013/05/23, 16:32:38.289, 2794191937530, QTAgent32.exe, Playback - [WARNING] Internal warning: Incorrect flag set for InvokeProgrammaticAction\0
W, 3504, 27, 2013/05/23, 16:32:38.411, 2794193686603, QTAgent32.exe, &lt;a class=success&gt;Playback - {26} [SUCCESS] SetValueAsComboBox "Customers" - "[MSAA, VisibleOnly]ControlType='ComboBox'"  &lt; SetValueAsComboBox, set by clicking on the item in the list box &gt;
\0&lt;/a&gt;
W, 3504, 27, 2013/05/23, 16:32:39.053, 2794202868085, QTAgent32.exe, &lt;a class=success&gt;Playback - {27} [SUCCESS] MouseButtonClick - "[MSAA, VisibleOnly]ControlType='Button' &amp;&amp; Name='Add'"
\0&lt;/a&gt;
W, 3504, 27, 2013/05/23, 16:32:39.644, 2794211327025, QTAgent32.exe, &lt;a class=success&gt;Playback - {28} [SUCCESS] SendKeys "autotest" - "[MSAA, VisibleOnly]ControlType='RadioButton' &amp;&amp; Name='Personal Lines'"
\0&lt;/a&gt;
W, 3504, 27, 2013/05/23, 16:32:40.592, 2794224902157, QTAgent32.exe, &lt;a class=success&gt;Playback - {29} [SUCCESS] SetValueAsEditBox "autotest" - "[MSAA, VisibleOnly]ControlType='Edit'"  &lt; Set via SendKeys &gt;
\0&lt;/a&gt;
W, 3504, 27, 2013/05/23, 16:32:40.834, 2794228374857, QTAgent32.exe, &lt;a class=success&gt;Playback - {30} [SUCCESS] MouseButtonClick - "[MSAA, VisibleOnly]ControlType='Button' &amp;&amp; Name='OK'"
\0&lt;/a&gt;
W, 3504, 27, 2013/05/23, 16:32:41.153, 2794232944429, QTAgent32.exe, &lt;a class=success&gt;Playback - {31} [SUCCESS] MouseButtonClick - "[MSAA, VisibleOnly]ControlType='Button' &amp;&amp; Name='Yes'"
\0&lt;/a&gt;
W, 3504, 27, 2013/05/23, 16:32:41.730, 2794241204303, QTAgent32.exe, &lt;a class=success&gt;Playback - {32} [SUCCESS] SendKeys "^{HOME}" - "[MSAA, VisibleOnly]ControlType='Edit'"
\0&lt;/a&gt;
E, 3504, 27, 2013/05/23, 16:32:41.731, 2794241208271, QTAgent32.exe, Msaa.GetFocusedElement: could not find accessible object of foreground window
W, 3504, 27, 2013/05/23, 16:32:41.785, 2794241990817, QTAgent32.exe, &lt;a class=success&gt;Playback - {33} [SUCCESS] SendKeys "^+{END}" - "[MSAA, VisibleOnly]ControlType='Edit'"
\0&lt;/a&gt;
E, 3504, 27, 2013/05/23, 16:32:41.785, 2794241993543, QTAgent32.exe, Msaa.GetFocusedElement: could not find accessible object of foreground window
W, 3504, 27, 2013/05/23, 16:32:41.801, 2794242214952, QTAgent32.exe, &lt;a class=success&gt;Playback - {34} [SUCCESS] SendKeys "{DELETE}" - "[MSAA, VisibleOnly]ControlType='Edit'"
\0&lt;/a&gt;
W, 3504, 27, 2013/05/23, 16:32:42.111, 2794246660704, QTAgent32.exe, &lt;a class=success&gt;Playback - {35} [SUCCESS] SetValueAsEditBox "1" - "[MSAA, VisibleOnly]ControlType='Edit'"  &lt; Set via SendKeys &gt;
\0&lt;/a&gt;
W, 3504, 27, 2013/05/23, 16:32:42.603, 2794253705552, QTAgent32.exe, &lt;a class=success&gt;Playback - {36} [SUCCESS] SendKeys "^{HOME}" - "[MSAA, VisibleOnly]ControlType='Edit'"
\0&lt;/a&gt;
E, 3504, 27, 2013/05/23, 16:32:42.603, 2794253708501, QTAgent32.exe, Msaa.GetFocusedElement: could not find accessible object of foreground window
W, 3504, 27, 2013/05/23, 16:32:42.675, 2794254736698, QTAgent32.exe, &lt;a class=success&gt;Playback - {37} [SUCCESS] SendKeys "^+{END}" - "[MSAA, VisibleOnly]ControlType='Edit'"
\0&lt;/a&gt;
E, 3504, 27, 2013/05/23, 16:32:42.675, 2794254739525, QTAgent32.exe, Msaa.GetFocusedElement: could not find accessible object of foreground window
W, 3504, 27, 2013/05/23, 16:32:42.691, 2794254967026, QTAgent32.exe, &lt;a class=success&gt;Playback - {38} [SUCCESS] SendKeys "{DELETE}" - "[MSAA, VisibleOnly]ControlType='Edit'"
\0&lt;/a&gt;
W, 3504, 27, 2013/05/23, 16:32:43.035, 2794259882672, QTAgent32.exe, &lt;a class=success&gt;Playback - {39} [SUCCESS] SetValueAsEditBox "1" - "[MSAA, VisibleOnly]ControlType='Edit'"  &lt; Set via SendKeys &gt;
\0&lt;/a&gt;
W, 3504, 27, 2013/05/23, 16:32:44.654, 2794283069848, QTAgent32.exe, Playback - [WARNING] Internal warning: Target element "[MSAA, VisibleOnly]ControlType='Button' &amp;&amp; Name='OK'" was not found, so all intermediate elements were ignored. An incorrect element that matches target element Id can be found as the result.  Verify that all intermediate elements in QueryId have valid and unique Ids
\0
W, 3504, 27, 2013/05/23, 16:32:45.186, 2794290690378, QTAgent32.exe, PERF WARNING: FindAllDescendents: took 2039 ms. Expected it to take maximum 500 ms.
W, 3504, 27, 2013/05/23, 16:32:45.493, 2794295073826, QTAgent32.exe, &lt;a class=success&gt;Playback - {40} [SUCCESS] MouseButtonClick - "[MSAA, VisibleOnly]ControlType='Button' &amp;&amp; Name='OK'"
\0&lt;/a&gt;
W, 3504, 27, 2013/05/23, 16:32:45.847, 2794300147252, QTAgent32.exe, &lt;a class=success&gt;Playback - {41} [SUCCESS] MouseButtonClick - "[MSAA, VisibleOnly]ControlType='Button'"
\0&lt;/a&gt;
W, 3504, 27, 2013/05/23, 16:32:46.193, 2794305105601, QTAgent32.exe, &lt;a class=success&gt;Playback - {42} [SUCCESS] MouseButtonClick - "[MSAA, VisibleOnly]ControlType='Button' &amp;&amp; Name='Add'"
\0&lt;/a&gt;
W, 3504, 27, 2013/05/23, 16:32:46.424, 2794308408532, QTAgent32.exe, &lt;a class=success&gt;Playback - {43} [SUCCESS] MouseButtonClick - "[MSAA, VisibleOnly]ControlType='Button' &amp;&amp; Name='OK'"
\0&lt;/a&gt;
W, 3504, 27, 2013/05/23, 16:32:48.680, 2794340706610, QTAgent32.exe, &lt;a class=success&gt;Playback - {44} [SUCCESS] MouseButtonClick - "[MSAA, VisibleOnly,Window]ControlType='Window' &amp;&amp; ClassName='ThunderRT6TextBox'"
\0&lt;/a&gt;
W, 3504, 27, 2013/05/23, 16:32:49.480, 2794352164358, QTAgent32.exe, &lt;a class=success&gt;Playback - {45} [SUCCESS] SetValueAsEditBox "MOTO" - "[MSAA, VisibleOnly]ControlType='Edit'"  &lt; Set via SendKeys &gt;
\0&lt;/a&gt;
W, 3504, 27, 2013/05/23, 16:32:49.818, 2794357000902, QTAgent32.exe, &lt;a class=success&gt;Playback - {46} [SUCCESS] MouseButtonClick - "[MSAA, VisibleOnly]ControlType='Button' &amp;&amp; Name='OK'"
\0&lt;/a&gt;
W, 3504, 27, 2013/05/23, 16:32:50.064, 2794360525126, QTAgent32.exe, &lt;a class=success&gt;Playback - {47} [SUCCESS] MouseButtonClick - "[MSAA, VisibleOnly]ControlType='Button' &amp;&amp; Name='Options'"
\0&lt;/a&gt;
W, 3504, 27, 2013/05/23, 16:32:50.164, 2794361961715, QTAgent32.exe, FindScreenElementInSinglePass : Attempting to find control in one pass of search. Failures can occur.
W, 3504, 27, 2013/05/23, 16:32:50.590, 2794368059032, QTAgent32.exe, &lt;a class=success&gt;Playback - {48} [SUCCESS] MouseButtonClick - "[MSAA]ControlType='MenuItem' &amp;&amp; Name='Links'"
\0&lt;/a&gt;
W, 3504, 27, 2013/05/23, 16:32:50.690, 2794369494655, QTAgent32.exe, FindScreenElementInSinglePass : Attempting to find control in one pass of search. Failures can occur.
W, 3504, 27, 2013/05/23, 16:32:51.098, 2794375331405, QTAgent32.exe, &lt;a class=success&gt;Playback - {49} [SUCCESS] MouseButtonClick - "[MSAA]ControlType='MenuItem' &amp;&amp; Name='3rd Party Integration'"
\0&lt;/a&gt;
W, 3504, 27, 2013/05/23, 16:32:51.199, 2794376769887, QTAgent32.exe, FindScreenElementInSinglePass : Attempting to find control in one pass of search. Failures can occur.
W, 3504, 27, 2013/05/23, 16:32:51.637, 2794383049683, QTAgent32.exe, &lt;a class=success&gt;Playback - {50} [SUCCESS] MouseButtonClick - "[MSAA]ControlType='MenuItem' &amp;&amp; Name='Quote Select List'"
\0&lt;/a&gt;
W, 3504, 27, 2013/05/23, 16:32:52.771, 2794399287395, QTAgent32.exe, PERF WARNING: FindTopLevelWindowHelper::FindAllDescendents: took 1033 ms. Expected it to take maximum 500 ms.
W, 3504, 27, 2013/05/23, 16:32:53.316, 2794407084698, QTAgent32.exe, &lt;a class=success&gt;Playback - {51} [SUCCESS] MouseButtonClick - "[MSAA, VisibleOnly]ControlType='Button' &amp;&amp; Name='Ok'"
\0&lt;/a&gt;
W, 3504, 27, 2013/05/23, 16:32:54.631, 2794425925449, QTAgent32.exe, PERF WARNING: FindTopLevelWindowHelper::FindAllDescendents: took 1215 ms. Expected it to take maximum 500 ms.
W, 3504, 27, 2013/05/23, 16:32:54.768, 2794427879916, QTAgent32.exe, &lt;a class=success&gt;Playback - {52} [SUCCESS] MouseButtonClick - "[MSAA, VisibleOnly]ControlType='Button' &amp;&amp; Name='Ok'"
\0&lt;/a&gt;
W, 3504, 27, 2013/05/23, 16:32:55.811, 2794442807714, QTAgent32.exe, &lt;a class=success&gt;Playback - {53} [SUCCESS] SetValueAsEditBox "Test" - "[MSAA, VisibleOnly]ControlType='Edit'"  &lt; Set via SendKeys &gt;
\0&lt;/a&gt;
W, 3504, 27, 2013/05/23, 16:32:56.311, 2794449977510, QTAgent32.exe, &lt;a class=success&gt;Playback - {54} [SUCCESS] SendKeys "{Tab}" - "[MSAA, VisibleOnly]ControlType='Edit'"
\0&lt;/a&gt;
W, 3504, 27, 2013/05/23, 16:32:57.347, 2794464811050, QTAgent32.exe, &lt;a class=success&gt;Playback - {55} [SUCCESS] SetValueAsEditBox "test" - "[MSAA, VisibleOnly]ControlType='Edit'"  &lt; Set via SendKeys &gt;
\0&lt;/a&gt;
W, 3504, 27, 2013/05/23, 16:32:58.379, 2794479589689, QTAgent32.exe, &lt;a class=success&gt;Playback - {56} [SUCCESS] SetValueAsEditBox "160485" - "[MSAA, VisibleOnly]ControlType='Edit'"  &lt; Set via SendKeys &gt;
\0&lt;/a&gt;
W, 3504, 27, 2013/05/23, 16:32:59.396, 2794494145962, QTAgent32.exe, &lt;a class=success&gt;Playback - {57} [SUCCESS] SetValueAsEditBox "B338TH" - "[MSAA, VisibleOnly]ControlType='Edit'"  &lt; Set via SendKeys &gt;
\0&lt;/a&gt;
W, 3504, 27, 2013/05/23, 16:33:01.634, 2794526193808, QTAgent32.exe, &lt;a class=success&gt;Playback - {58} [SUCCESS] MouseButtonClick - "[MSAA, VisibleOnly]ControlType='Button' &amp;&amp; Name='Lookup...'"
\0&lt;/a&gt;
W, 3504, 27, 2013/05/23, 16:33:01.886, 2794529802132, QTAgent32.exe, &lt;a class=success&gt;Playback - {59} [SUCCESS] MouseButtonClick - "[MSAA, VisibleOnly]ControlType='Button' &amp;&amp; Name='Ok'"
\0&lt;/a&gt;
W, 3504, 27, 2013/05/23, 16:33:03.869, 2794558191777, QTAgent32.exe, &lt;a class=success&gt;Playback - {60} [SUCCESS] MouseButtonClick - "[MSAA, VisibleOnly]ControlType='Button' &amp;&amp; Name='OK'"
\0&lt;/a&gt;
W, 3504, 27, 2013/05/23, 16:33:05.507, 2794581650278, QTAgent32.exe, Playback - [WARNING] Internal warning: Incorrect flag set for InvokeProgrammaticAction\0
W, 3504, 27, 2013/05/23, 16:33:05.634, 2794583466865, QTAgent32.exe, &lt;a class=success&gt;Playback - {61} [SUCCESS] SetValueAsComboBox "Account Executive" - "[MSAA, VisibleOnly]ControlType='ComboBox'"  &lt; SetValueAsComboBox, set by clicking on the item in the list box &gt;
\0&lt;/a&gt;
W, 3504, 27, 2013/05/23, 16:33:07.240, 2794606448866, QTAgent32.exe, Playback - [WARNING] Internal warning: Incorrect flag set for InvokeProgrammaticAction\0
W, 3504, 27, 2013/05/23, 16:33:07.364, 2794608225903, QTAgent32.exe, &lt;a class=success&gt;Playback - {62} [SUCCESS] SetValueAsComboBox "Acupuncture" - "[MSAA, VisibleOnly]ControlType='ComboBox'"  &lt; SetValueAsComboBox, set by clicking on the item in the list box &gt;
\0&lt;/a&gt;
W, 3504, 27, 2013/05/23, 16:33:08.943, 2794630838167, QTAgent32.exe, &lt;a class=success&gt;Playback - {63} [SUCCESS] SetValueAsEditBox "151101" - "[MSAA, VisibleOnly]ControlType='Edit'"  &lt; Set via SendKeys &gt;
\0&lt;/a&gt;
W, 3504, 27, 2013/05/23, 16:33:10.671, 2794655578126, QTAgent32.exe, &lt;a class=success&gt;Playback - {64} [SUCCESS] MouseButtonClick - "[MSAA, VisibleOnly]ControlType='Button' &amp;&amp; Name='OK'"
\0&lt;/a&gt;
W, 3504, 27, 2013/05/23, 16:33:12.309, 2794679038515, QTAgent32.exe, &lt;a class=success&gt;Playback - {65} [SUCCESS] SetValueAsEditBox "RF53OXL" - "[MSAA, VisibleOnly]ControlType='Edit'"  &lt; Set via SendKeys &gt;
\0&lt;/a&gt;
W, 3504, 27, 2013/05/23, 16:33:13.273, 2794692843482, QTAgent32.exe, &lt;a class=success&gt;Playback - {66} [SUCCESS] MouseButtonClick - "[MSAA, VisibleOnly]ControlType='Button' &amp;&amp; Name='Filter'"
\0&lt;/a&gt;
W, 3504, 27, 2013/05/23, 16:33:13.583, 2794697278558, QTAgent32.exe, &lt;a class=success&gt;Playback - {67} [SUCCESS] MouseButtonClick - "[MSAA, VisibleOnly]ControlType='Button' &amp;&amp; Name='OK'"
\0&lt;/a&gt;
W, 3504, 27, 2013/05/23, 16:33:14.564, 2794711315330, QTAgent32.exe, &lt;a class=success&gt;Playback - {68} [SUCCESS] SendKeys "^{HOME}" - "[MSAA, VisibleOnly]ControlType='Edit'"
\0&lt;/a&gt;
E, 3504, 27, 2013/05/23, 16:33:14.564, 2794711318689, QTAgent32.exe, Msaa.GetFocusedElement: could not find accessible object of foreground window
W, 3504, 27, 2013/05/23, 16:33:14.624, 2794712174606, QTAgent32.exe, &lt;a class=success&gt;Playback - {69} [SUCCESS] SendKeys "^+{END}" - "[MSAA, VisibleOnly]ControlType='Edit'"
\0&lt;/a&gt;
E, 3504, 27, 2013/05/23, 16:33:14.624, 2794712177985, QTAgent32.exe, Msaa.GetFocusedElement: could not find accessible object of foreground window
W, 3504, 27, 2013/05/23, 16:33:14.642, 2794712440511, QTAgent32.exe, &lt;a class=success&gt;Playback - {70} [SUCCESS] SendKeys "{DELETE}" - "[MSAA, VisibleOnly]ControlType='Edit'"
\0&lt;/a&gt;
W, 3504, 27, 2013/05/23, 16:33:15.401, 2794723301703, QTAgent32.exe, &lt;a class=success&gt;Playback - {71} [SUCCESS] SetValueAsEditBox "1000" - "[MSAA, VisibleOnly]ControlType='Edit'"  &lt; Set via SendKeys &gt;
\0&lt;/a&gt;
W, 3504, 27, 2013/05/23, 16:33:15.778, 2794728700945, QTAgent32.exe, &lt;a class=success&gt;Playback - {72} [SUCCESS] MouseButtonClick - "[MSAA, VisibleOnly]ControlType='Button' &amp;&amp; Name='Calculate Quote'"
\0&lt;/a&gt;
W, 3504, 27, 2013/05/23, 16:33:24.866, 2794858827149, QTAgent32.exe, Playback - [WARNING] Internal warning: Window Not Found: [VisibleOnly]ControlType='Window' &amp;&amp; Name='Quote Select List' &amp;&amp; ClassName='ThunderRT6FormDC'
\0
E, 3504, 27, 2013/05/23, 16:33:24.866, 2794858834932, QTAgent32.exe, &lt;a class=failure&gt;Playback - {73} [FAILED] Function ElementFetcher::FindScreenElement failed to locate UI element (Searching: ;[VisibleOnly]ControlType='Window' &amp;&amp; Name='Quote Select List' &amp;&amp; ClassName='ThunderRT6FormDC') (The object specified was not found.)
\0&lt;/a&gt;
E, 3504, 27, 2013/05/23, 16:33:25.001, 2794860767115, QTAgent32.exe, Playback - [IMAGE] C:\Users\testuser\AppData\Local\Temp\UITestLogs\LastRun\RPF7644.png
\0
W, 3504, 27, 2013/05/23, 16:33:25.001, 2794860769538, QTAgent32.exe, Playback - [WARNING] Internal warning: Couldn't find descendants that match QueryId
\0
W, 3504, 27, 2013/05/23, 16:33:25.003, 2794860784503, QTAgent32.exe, PERF WARNING: FindTopLevelWindowHelper::FindAllDescendents: took 9124 ms. Expected it to take maximum 500 ms.
W, 3504, 27, 2013/05/23, 16:33:43.368, 2795123741545, QTAgent32.exe, Playback - [WARNING] Internal warning: Window Not Found: [VisibleOnly]ControlType='Window' &amp;&amp; Name='Quote Select List' &amp;&amp; ClassName='ThunderRT6FormDC'
\0
E, 3504, 27, 2013/05/23, 16:33:43.368, 2795123747967, QTAgent32.exe, &lt;a class=failure&gt;Playback - {74} [FAILED] Function ElementFetcher::FindScreenElement failed to locate UI element (Searching: ;[VisibleOnly]ControlType='Window' &amp;&amp; Name='Quote Select List' &amp;&amp; ClassName='ThunderRT6FormDC') (The object specified was not found.)
\0&lt;/a&gt;
E, 3504, 27, 2013/05/23, 16:33:43.452, 2795124948042, QTAgent32.exe, Playback - [IMAGE] C:\Users\testuser\AppData\Local\Temp\UITestLogs\LastRun\RPFBE8A.png
\0
W, 3504, 27, 2013/05/23, 16:33:43.452, 2795124950476, QTAgent32.exe, Playback - [WARNING] Internal warning: Couldn't find descendants that match QueryId
\0
W, 3504, 27, 2013/05/23, 16:33:43.453, 2795124955936, QTAgent32.exe, PERF WARNING: FindTopLevelWindowHelper::FindAllDescendents: took 18449 ms. Expected it to take maximum 500 ms.
W, 3504, 27, 2013/05/23, 16:33:46.675, 2795171097321, QTAgent32.exe, Playback - [WARNING] Internal warning: Smart Match failed
\0
W, 3504, 27, 2013/05/23, 16:33:48.003, 2795190111054, QTAgent32.exe, Playback - [WARNING] Internal warning: Window Not Found: [VisibleOnly]ControlType='Window' &amp;&amp; Name='Quote Select List' &amp;&amp; ClassName='ThunderRT6FormDC'
\0
E, 3504, 27, 2013/05/23, 16:33:48.003, 2795190114856, QTAgent32.exe, &lt;a class=failure&gt;Playback - {75} [FAILED] Function ElementFetcher::FindScreenElement failed to locate UI element (Searching: ;[VisibleOnly]ControlType='Window' &amp;&amp; Name='Quote Select List' &amp;&amp; ClassName='ThunderRT6FormDC') (The object specified was not found.)
\0&lt;/a&gt;
E, 3504, 27, 2013/05/23, 16:33:48.095, 2795191430804, QTAgent32.exe, Playback - [IMAGE] C:\Users\testuser\AppData\Local\Temp\UITestLogs\LastRun\RPFD0A4.png
\0
W, 3504, 27, 2013/05/23, 16:33:48.096, 2795191433167, QTAgent32.exe, Playback - [WARNING] Internal warning: Couldn't find descendants that match QueryId
\0
W, 3504, 27, 2013/05/23, 16:33:48.096, 2795191436737, QTAgent32.exe, PERF WARNING: FindTopLevelWindowHelper::FindAllDescendents: took 4640 ms. Expected it to take maximum 500 ms.
E, 3504, 27, 2013/05/23, 16:33:48.096, 2795191438717, QTAgent32.exe, Exception: System.Runtime.InteropServices.COMException
	Message: Error HRESULT E_FAIL has been returned from a call to a COM component.
	Stack Trace:    at Microsoft.VisualStudio.TestTools.UITest.Playback.Engine.IRPFPlayback.FindAllScreenElements(IScreenElement pScreenElementStart, String bstrQueryId, Object&amp; pvarResKeys, Int32 cResKeys, Int32 nMaxDepth, Object[]&amp; foundDescendants)
   at Microsoft.VisualStudio.TestTools.UITest.Playback.ScreenElement.FindTopLevelWindowHelper(String queryId)
	BaseExceptionMessage: Error HRESULT E_FAIL has been returned from a call to a COM component.

E, 3504, 27, 2013/05/23, 16:33:48.197, 2795192890746, QTAgent32.exe, AL: Playback Error: Microsoft.VisualStudio.TestTools.UITest.Extension.UITestControlNotFoundException: The playback failed to find the control with the given search properties. Additional Details: 
TechnologyName:  'MSAA'
ControlType:  'Window'
Name:  'Quote Select List'
ClassName:  'ThunderRT6FormDC'
 ---&gt; System.Runtime.InteropServices.COMException: Error HRESULT E_FAIL has been returned from a call to a COM component.
   at Microsoft.VisualStudio.TestTools.UITest.Playback.Engine.IRPFPlayback.FindAllScreenElements(IScreenElement pScreenElementStart, String bstrQueryId, Object&amp; pvarResKeys, Int32 cResKeys, Int32 nMaxDepth, Object[]&amp; foundDescendants)
   at Microsoft.VisualStudio.TestTools.UITest.Playback.ScreenElement.FindTopLevelWindowHelper(String queryId)
   at Microsoft.VisualStudio.TestTools.UITest.Playback.ScreenElement.FindFromPartialQueryId(String queryId)
   at Microsoft.VisualStudio.TestTools.UITesting.UITestControl..ctor(String queryId)
   --- End of inner exception stack trace ---
   at Microsoft.VisualStudio.TestTools.UITesting.Playback.MapControlNotFoundException(COMException ex, IPlaybackContext context)
   at Microsoft.VisualStudio.TestTools.UITesting.Playback.MapAndThrowComException(COMException innerException, IPlaybackContext context)
   at Microsoft.VisualStudio.TestTools.UITesting.Playback.MapAndThrowException(SystemException exception, IPlaybackContext context)
   at Microsoft.VisualStudio.TestTools.UITesting.Playback.MapAndThrowException(SystemException exception, String queryId)
   at Microsoft.VisualStudio.TestTools.UITesting.UITestControl..ctor(String queryId)
   at Microsoft.VisualStudio.TestTools.UITesting.SearchHelper.SearchTopLevelWindow(ISearchArgument topLevelSearchArg, String topLevelElementQueryId)
   at Microsoft.VisualStudio.TestTools.UITesting.SearchHelper.GetTitleUpdatedTopLevelWindow(ISearchArgument topLevelSearchArg, String queryId, IList`1 windowTitles)
   at Microsoft.VisualStudio.TestTools.UITesting.SearchHelper.GetTopLevelElement(Boolean useCache, Boolean useCacheOnly, ISearchArgument searchArg, IList`1 windowTitles, Int32&amp; timeLeft)
   at Microsoft.VisualStudio.TestTools.UITesting.SearchHelper.GetElement(Boolean useCache, ISearchArgument searchArg)
   at Microsoft.VisualStudio.TestTools.UITesting.SearchHelper.Search(ISearchArgument searchArg)
   at Microsoft.VisualStudio.TestTools.UITesting.UITestControl.FindInternal()
   at Microsoft.VisualStudio.TestTools.UITesting.UITestControl.FindControlIfNecessary()
   at Microsoft.VisualStudio.TestTools.UITesting.UITestControl.Click(MouseButtons button, ModifierKeys modifierKeys, Point relativeCoordinates)
   at Microsoft.VisualStudio.TestTools.UITesting.Mouse.ClickImplementation(UITestControl control, MouseButtons button, ModifierKeys modifierKeys, Point relativeCoordinate)
   at Microsoft.VisualStudio.TestTools.UITesting.Mouse.ClickImplementationWrapper(UITestControl control, MouseButtons button, ModifierKeys modifierKeys, Point relativeCoordinate)
W, 3504, 27, 2013/05/23, 16:33:48.198, 2795192894105, QTAgent32.exe, PlaybackErrorHandler: Ignoring exception as ContinueOnError is set.
W, 3504, 27, 2013/05/23, 16:33:48.371, 2795195383681, QTAgent32.exe, &lt;a class=success&gt;Playback - {76} [SUCCESS] MouseButtonClick - "[MSAA, VisibleOnly]ControlType='Button' &amp;&amp; Name='No'"
\0&lt;/a&gt;
W, 3504, 27, 2013/05/23, 16:33:48.616, 2795198882119, QTAgent32.exe, &lt;a class=success&gt;Playback - {77} [SUCCESS] MouseButtonClick - "[MSAA, VisibleOnly]ControlType='Button' &amp;&amp; Name='Ok'"
\0&lt;/a&gt;
W, 3504, 27, 2013/05/23, 16:33:55.208, 2795293272035, QTAgent32.exe, PERF WARNING: FindTopLevelWindowHelper::FindAllDescendents: took 6492 ms. Expected it to take maximum 500 ms.
W, 3504, 27, 2013/05/23, 16:33:55.354, 2795295358177, QTAgent32.exe, &lt;a class=success&gt;Playback - {78} [SUCCESS] MouseButtonClick - "[MSAA, VisibleOnly]ControlType='Client'"
\0&lt;/a&gt;
W, 3504, 27, 2013/05/23, 16:33:57.563, 2795326987711, QTAgent32.exe, &lt;a class=success&gt;Playback - {79} [SUCCESS] SendKeys "{Home}" - "[MSAA, VisibleOnly]ControlType='Client'"
\0&lt;/a&gt;
W, 3504, 27, 2013/05/23, 16:34:00.856, 2795374134957, QTAgent32.exe, &lt;a class=success&gt;Playback - {80} [SUCCESS] MouseButtonClick - "[MSAA, VisibleOnly]ControlType='Button' &amp;&amp; Name='Accept'"
\0&lt;/a&gt;
W, 3504, 27, 2013/05/23, 16:34:01.231, 2795379515090, QTAgent32.exe, &lt;a class=success&gt;Playback - {81} [SUCCESS] MouseButtonClick - "[MSAA, VisibleOnly]ControlType='Button' &amp;&amp; Name='Yes'"
\0&lt;/a&gt;
W, 3504, 27, 2013/05/23, 16:34:01.544, 2795384000897, QTAgent32.exe, &lt;a class=success&gt;Playback - {82} [SUCCESS] MouseButtonClick - "[MSAA, VisibleOnly]ControlType='Button' &amp;&amp; Name='Ok'"
\0&lt;/a&gt;
W, 3504, 27, 2013/05/23, 16:34:01.828, 2795388052342, QTAgent32.exe, &lt;a class=success&gt;Playback - {83} [SUCCESS] MouseButtonClick - "[MSAA, VisibleOnly]ControlType='Button' &amp;&amp; Name='Ok'"
\0&lt;/a&gt;
W, 3504, 27, 2013/05/23, 16:34:02.254, 2795394153448, QTAgent32.exe, &lt;a class=success&gt;Playback - {84} [SUCCESS] MouseButtonClick - "[MSAA, VisibleOnly]ControlType='Button' &amp;&amp; Name='Confirm'"
\0&lt;/a&gt;
W, 3504, 27, 2013/05/23, 16:34:29.227, 2795780365093, QTAgent32.exe, Playback - [WARNING] Internal warning: Window Not Found: [VisibleOnly]ControlType='Window' &amp;&amp; Name='Save the file as' &amp;&amp; ClassName='#32770'
\0
E, 3504, 27, 2013/05/23, 16:34:29.231, 2795780422294, QTAgent32.exe, &lt;a class=failure&gt;Playback - {85} [FAILED] Function ElementFetcher::FindScreenElement failed to locate UI element (Searching: ;[VisibleOnly]ControlType='Window' &amp;&amp; Name='Save the file as' &amp;&amp; ClassName='#32770') (The object specified was not found.)
\0&lt;/a&gt;
E, 3504, 27, 2013/05/23, 16:34:30.026, 2795791792013, QTAgent32.exe, Playback - [IMAGE] C:\Users\testuser\AppData\Local\Temp\UITestLogs\LastRun\RPF71B5.png
\0
W, 3504, 27, 2013/05/23, 16:34:30.026, 2795791794780, QTAgent32.exe, Playback - [WARNING] Internal warning: Couldn't find descendants that match QueryId
\0
W, 3504, 27, 2013/05/23, 16:34:30.026, 2795791802806, QTAgent32.exe, PERF WARNING: FindTopLevelWindowHelper::FindAllDescendents: took 27653 ms. Expected it to take maximum 500 ms.
W, 3504, 27, 2013/05/23, 16:34:49.437, 2796069724198, QTAgent32.exe, Playback - [WARNING] Internal warning: Window Not Found: [VisibleOnly]ControlType='Window' &amp;&amp; Name='Save the file as' &amp;&amp; ClassName='#32770'
\0
E, 3504, 27, 2013/05/23, 16:34:49.437, 2796069735451, QTAgent32.exe, &lt;a class=failure&gt;Playback - {86} [FAILED] Function ElementFetcher::FindScreenElement failed to locate UI element (Searching: ;[VisibleOnly]ControlType='Window' &amp;&amp; Name='Save the file as' &amp;&amp; ClassName='#32770') (The object specified was not found.)
\0&lt;/a&gt;
E, 3504, 27, 2013/05/23, 16:34:49.526, 2796071004939, QTAgent32.exe, Playback - [IMAGE] C:\Users\testuser\AppData\Local\Temp\UITestLogs\LastRun\RPFC0A0.png
\0
W, 3504, 27, 2013/05/23, 16:34:49.526, 2796071007559, QTAgent32.exe, Playback - [WARNING] Internal warning: Couldn't find descendants that match QueryId
\0
W, 3504, 27, 2013/05/23, 16:34:49.527, 2796071016113, QTAgent32.exe, PERF WARNING: FindTopLevelWindowHelper::FindAllDescendents: took 19498 ms. Expected it to take maximum 500 ms.
W, 3504, 27, 2013/05/23, 16:34:52.438, 2796112709515, QTAgent32.exe, Playback - [WARNING] Internal warning: Smart Match failed
\0
W, 3504, 27, 2013/05/23, 16:34:53.665, 2796130272293, QTAgent32.exe, Playback - [WARNING] Internal warning: Window Not Found: [VisibleOnly]ControlType='Window' &amp;&amp; Name='Save the file as' &amp;&amp; ClassName='#32770'
\0
E, 3504, 27, 2013/05/23, 16:34:53.666, 2796130276551, QTAgent32.exe, &lt;a class=failure&gt;Playback - {87} [FAILED] Function ElementFetcher::FindScreenElement failed to locate UI element (Searching: ;[VisibleOnly]ControlType='Window' &amp;&amp; Name='Save the file as' &amp;&amp; ClassName='#32770') (The object specified was not found.)
\0&lt;/a&gt;
E, 3504, 27, 2013/05/23, 16:34:53.745, 2796131408441, QTAgent32.exe, Playback - [IMAGE] C:\Users\testuser\AppData\Local\Temp\UITestLogs\LastRun\RPFD124.png
\0
W, 3504, 27, 2013/05/23, 16:34:53.745, 2796131411277, QTAgent32.exe, Playback - [WARNING] Internal warning: Couldn't find descendants that match QueryId
\0
W, 3504, 27, 2013/05/23, 16:34:53.745, 2796131415425, QTAgent32.exe, PERF WARNING: FindTopLevelWindowHelper::FindAllDescendents: took 4217 ms. Expected it to take maximum 500 ms.
E, 3504, 27, 2013/05/23, 16:34:53.745, 2796131417542, QTAgent32.exe, Exception: System.Runtime.InteropServices.COMException
	Message: Error HRESULT E_FAIL has been returned from a call to a COM component.
	Stack Trace:    at Microsoft.VisualStudio.TestTools.UITest.Playback.Engine.IRPFPlayback.FindAllScreenElements(IScreenElement pScreenElementStart, String bstrQueryId, Object&amp; pvarResKeys, Int32 cResKeys, Int32 nMaxDepth, Object[]&amp; foundDescendants)
   at Microsoft.VisualStudio.TestTools.UITest.Playback.ScreenElement.FindTopLevelWindowHelper(String queryId)
	BaseExceptionMessage: Error HRESULT E_FAIL has been returned from a call to a COM component.

E, 3504, 27, 2013/05/23, 16:34:53.847, 2796132870996, QTAgent32.exe, AL: Playback Error: Microsoft.VisualStudio.TestTools.UITest.Extension.UITestControlNotFoundException: The playback failed to find the control with the given search properties. Additional Details: 
TechnologyName:  'MSAA'
ControlType:  'Window'
Name:  'Save the file as'
ClassName:  '#32770'
 ---&gt; System.Runtime.InteropServices.COMException: Error HRESULT E_FAIL has been returned from a call to a COM component.
   at Microsoft.VisualStudio.TestTools.UITest.Playback.Engine.IRPFPlayback.FindAllScreenElements(IScreenElement pScreenElementStart, String bstrQueryId, Object&amp; pvarResKeys, Int32 cResKeys, Int32 nMaxDepth, Object[]&amp; foundDescendants)
   at Microsoft.VisualStudio.TestTools.UITest.Playback.ScreenElement.FindTopLevelWindowHelper(String queryId)
   at Microsoft.VisualStudio.TestTools.UITest.Playback.ScreenElement.FindFromPartialQueryId(String queryId)
   at Microsoft.VisualStudio.TestTools.UITesting.UITestControl..ctor(String queryId)
   --- End of inner exception stack trace ---
   at Microsoft.VisualStudio.TestTools.UITesting.Playback.MapControlNotFoundException(COMException ex, IPlaybackContext context)
   at Microsoft.VisualStudio.TestTools.UITesting.Playback.MapAndThrowComException(COMException innerException, IPlaybackContext context)
   at Microsoft.VisualStudio.TestTools.UITesting.Playback.MapAndThrowException(SystemException exception, IPlaybackContext context)
   at Microsoft.VisualStudio.TestTools.UITesting.Playback.MapAndThrowException(SystemException exception, String queryId)
   at Microsoft.VisualStudio.TestTools.UITesting.UITestControl..ctor(String queryId)
   at Microsoft.VisualStudio.TestTools.UITesting.SearchHelper.SearchTopLevelWindow(ISearchArgument topLevelSearchArg, String topLevelElementQueryId)
   at Microsoft.VisualStudio.TestTools.UITesting.SearchHelper.GetTitleUpdatedTopLevelWindow(ISearchArgument topLevelSearchArg, String queryId, IList`1 windowTitles)
   at Microsoft.VisualStudio.TestTools.UITesting.SearchHelper.GetTopLevelElement(Boolean useCache, Boolean useCacheOnly, ISearchArgument searchArg, IList`1 windowTitles, Int32&amp; timeLeft)
   at Microsoft.VisualStudio.TestTools.UITesting.SearchHelper.GetElement(Boolean useCache, ISearchArgument searchArg)
   at Microsoft.VisualStudio.TestTools.UITesting.SearchHelper.Search(ISearchArgument searchArg)
   at Microsoft.VisualStudio.TestTools.UITesting.UITestControl.FindInternal()
   at Microsoft.VisualStudio.TestTools.UITesting.UITestControl.FindControlIfNecessary()
   at Microsoft.VisualStudio.TestTools.UITesting.UITestControl.Click(MouseButtons button, ModifierKeys modifierKeys, Point relativeCoordinates)
   at Microsoft.VisualStudio.TestTools.UITesting.Mouse.ClickImplementation(UITestControl control, MouseButtons button, ModifierKeys modifierKeys, Point relativeCoordinate)
   at Microsoft.VisualStudio.TestTools.UITesting.Mouse.ClickImplementationWrapper(UITestControl control, MouseButtons button, ModifierKeys modifierKeys, Point relativeCoordinate)
W, 3504, 27, 2013/05/23, 16:34:53.847, 2796132874298, QTAgent32.exe, PlaybackErrorHandler: Ignoring exception as ContinueOnError is set.
W, 3504, 27, 2013/05/23, 16:34:53.996, 2796135011073, QTAgent32.exe, &lt;a class=success&gt;Playback - {88} [SUCCESS] Check - "[MSAA, VisibleOnly]ControlType='CheckBox' &amp;&amp; Name='Defer Printing?'"
\0&lt;/a&gt;
W, 3504, 27, 2013/05/23, 16:34:54.330, 2796139791626, QTAgent32.exe, &lt;a class=success&gt;Playback - {89} [SUCCESS] MouseButtonClick - "[MSAA, VisibleOnly]ControlType='Button' &amp;&amp; Name='Ok'"
\0&lt;/a&gt;
W, 3504, 27, 2013/05/23, 16:34:55.597, 2796157930013, QTAgent32.exe, PERF WARNING: FindTopLevelWindowHelper::FindAllDescendents: took 1166 ms. Expected it to take maximum 500 ms.
W, 3504, 27, 2013/05/23, 16:34:55.740, 2796159984714, QTAgent32.exe, &lt;a class=success&gt;Playback - {90} [SUCCESS] Uncheck - "[MSAA, VisibleOnly]ControlType='CheckBox' &amp;&amp; Name='Add Activity'"
\0&lt;/a&gt;
W, 3504, 27, 2013/05/23, 16:34:58.084, 2796193546257, QTAgent32.exe, &lt;a class=success&gt;Playback - {91} [SUCCESS] MouseButtonClick - "[MSAA, VisibleOnly]ControlType='Button' &amp;&amp; Name='Ok'"
\0&lt;/a&gt;
W, 3504, 27, 2013/05/23, 16:34:58.330, 2796197062933, QTAgent32.exe, &lt;a class=success&gt;Playback - {92} [SUCCESS] MouseButtonClick - "[MSAA, VisibleOnly]ControlType='Button' &amp;&amp; Name='Ok'"
\0&lt;/a&gt;
W, 3504, 27, 2013/05/23, 16:35:01.814, 2796246947411, QTAgent32.exe, PERF WARNING: FindTopLevelWindowHelper::FindAllDescendents: took 3373 ms. Expected it to take maximum 500 ms.
W, 3504, 27, 2013/05/23, 16:35:02.057, 2796250427174, QTAgent32.exe, &lt;a class=success&gt;Playback - {93} [SUCCESS] MouseButtonClick - "[MSAA, VisibleOnly]ControlType='Button' &amp;&amp; Name='OK'"
\0&lt;/a&gt;
W, 3504, 27, 2013/05/23, 16:35:02.289, 2796253745943, QTAgent32.exe, &lt;a class=success&gt;Playback - {94} [SUCCESS] MouseButtonClick - "[MSAA, VisibleOnly]ControlType='Button' &amp;&amp; Name='Options'"
\0&lt;/a&gt;
W, 3504, 27, 2013/05/23, 16:35:02.392, 2796255223707, QTAgent32.exe, FindScreenElementInSinglePass : Attempting to find control in one pass of search. Failures can occur.
W, 3504, 27, 2013/05/23, 16:35:02.440, 2796255907221, QTAgent32.exe, Playback - [WARNING] Internal failure: Method GetBoundingRectangle failed (HRESULT = 0x1, "Incorrect function.") for Name = "Quote Select List" ," ControlType = "MenuItem"
\0
W, 3504, 27, 2013/05/23, 16:35:02.440, 2796255909152, QTAgent32.exe, Playback - [WARNING] Internal failure: Couldn't get clickable point for ScreenUIElement - GetClickablePoint failed
\0
W, 3504, 27, 2013/05/23, 16:35:02.440, 2796255912747, QTAgent32.exe, FindScreenElementInSinglePass : Attempting to find control in one pass of search. Failures can occur.
W, 3504, 27, 2013/05/23, 16:35:02.443, 2796255954385, QTAgent32.exe, FindScreenElementInSinglePass : Attempting to find control in one pass of search. Failures can occur.
W, 3504, 27, 2013/05/23, 16:35:02.577, 2796257866108, QTAgent32.exe, &lt;a class=success&gt;Playback - {95} [SUCCESS] LeftButtonClick - "[MSAA, VisibleOnly]ControlType='MenuBar' &amp;&amp; Name='Application'"  &lt; Mouse cursor location (960, 31) &gt;
\0&lt;/a&gt;
W, 3504, 27, 2013/05/23, 16:35:02.690, 2796259484107, QTAgent32.exe, &lt;a class=success&gt;Playback - {96} [SUCCESS] LeftButtonClick - "[MSAA]ControlType='MenuItem' &amp;&amp; Name='Options'"  &lt; Mouse cursor location (94, 31) &gt;
\0&lt;/a&gt;
W, 3504, 27, 2013/05/23, 16:35:03.286, 2796268029005, QTAgent32.exe, &lt;a class=success&gt;Playback - {97} [SUCCESS] LeftButtonClick - "[MSAA]ControlType='MenuItem' &amp;&amp; Name='Links'"  &lt; Mouse cursor location (174, 319) &gt;
\0&lt;/a&gt;
W, 3504, 27, 2013/05/23, 16:35:03.716, 2796274190157, QTAgent32.exe, &lt;a class=success&gt;Playback - {98} [SUCCESS] LeftButtonClick - "[MSAA]ControlType='MenuItem' &amp;&amp; Name='3rd Party Integration'"  &lt; Mouse cursor location (375, 319) &gt;
\0&lt;/a&gt;
W, 3504, 27, 2013/05/23, 16:35:04.248, 2796281795177, QTAgent32.exe, &lt;a class=success&gt;Playback - {99} [SUCCESS] MouseButtonClick - "[MSAA]ControlType='MenuItem' &amp;&amp; Name='Quote Select List'"
\0&lt;/a&gt;
W, 3504, 27, 2013/05/23, 16:35:06.105, 2796308386618, QTAgent32.exe, PERF WARNING: FindTopLevelWindowHelper::FindAllDescendents: took 1750 ms. Expected it to take maximum 500 ms.
W, 3504, 27, 2013/05/23, 16:35:06.253, 2796310500328, QTAgent32.exe, &lt;a class=success&gt;Playback - {100} [SUCCESS] MouseButtonClick - "[MSAA, VisibleOnly]ControlType='Button' &amp;&amp; Name='Ok'"
\0&lt;/a&gt;
W, 3504, 27, 2013/05/23, 16:35:08.570, 2796343685658, QTAgent32.exe, PERF WARNING: FindTopLevelWindowHelper::FindAllDescendents: took 2216 ms. Expected it to take maximum 500 ms.
W, 3504, 27, 2013/05/23, 16:35:08.713, 2796345719181, QTAgent32.exe, &lt;a class=success&gt;Playback - {101} [SUCCESS] MouseButtonClick - "[MSAA, VisibleOnly]ControlType='Button' &amp;&amp; Name='MTA...'"
\0&lt;/a&gt;
W, 3504, 27, 2013/05/23, 16:35:09.941, 2796363308548, QTAgent32.exe, PERF WARNING: FindTopLevelWindowHelper::FindAllDescendents: took 1119 ms. Expected it to take maximum 500 ms.
W, 3504, 27, 2013/05/23, 16:35:11.641, 2796387651338, QTAgent32.exe, Playback - [WARNING] Internal warning: Incorrect flag set for InvokeProgrammaticAction\0
W, 3504, 27, 2013/05/23, 16:35:11.762, 2796389382439, QTAgent32.exe, &lt;a class=success&gt;Playback - {102} [SUCCESS] SetValueAsComboBox "Change of Vehicle" - "[MSAA, VisibleOnly]ControlType='ComboBox'"  &lt; SetValueAsComboBox, set by clicking on the item in the list box &gt;
\0&lt;/a&gt;
W, 3504, 27, 2013/05/23, 16:35:12.014, 2796392990980, QTAgent32.exe, &lt;a class=success&gt;Playback - {103} [SUCCESS] MouseButtonClick - "[MSAA, VisibleOnly]ControlType='Button' &amp;&amp; Name='OK'"
\0&lt;/a&gt;
W, 3504, 27, 2013/05/23, 16:35:12.114, 2796394424182, QTAgent32.exe, Playback - [WARNING] Internal warning: Thread state based WFR - Requested element has invalid HWND
\0
W, 3504, 27, 2013/05/23, 16:35:12.114, 2796394426408, QTAgent32.exe, Playback - [WARNING] Internal warning: process performance counters based WFR - Requested element has invalid HWND
\0
E, 3504, 27, 2013/05/23, 16:35:12.114, 2796394430563, QTAgent32.exe, EnsureValid called via EnsureValid call for same element
E, 3504, 27, 2013/05/23, 16:35:12.114, 2796394433435, QTAgent32.exe, EnsureValid called via EnsureValid call for same element
E, 3504, 27, 2013/05/23, 16:35:12.115, 2796394435313, QTAgent32.exe, EnsureValid called via EnsureValid call for same element
E, 3504, 27, 2013/05/23, 16:35:12.127, 2796394609188, QTAgent32.exe, Window 1967294 not responding. Last Win32 error 0
E, 3504, 27, 2013/05/23, 16:35:12.127, 2796394611832, QTAgent32.exe, GetClassName for handle 1967294 failed
W, 3504, 27, 2013/05/23, 16:35:13.076, 2796408192042, QTAgent32.exe, &lt;a class=success&gt;Playback - {104} [SUCCESS] SendKeys "^{HOME}" - "[MSAA, VisibleOnly]ControlType='Edit'"
\0&lt;/a&gt;
E, 3504, 27, 2013/05/23, 16:35:13.076, 2796408195474, QTAgent32.exe, Msaa.GetFocusedElement: could not find accessible object of foreground window
W, 3504, 27, 2013/05/23, 16:35:13.131, 2796408985962, QTAgent32.exe, &lt;a class=success&gt;Playback - {105} [SUCCESS] SendKeys "^+{END}" - "[MSAA, VisibleOnly]ControlType='Edit'"
\0&lt;/a&gt;
E, 3504, 27, 2013/05/23, 16:35:13.131, 2796408988928, QTAgent32.exe, Msaa.GetFocusedElement: could not find accessible object of foreground window
W, 3504, 27, 2013/05/23, 16:35:13.145, 2796409189266, QTAgent32.exe, &lt;a class=success&gt;Playback - {106} [SUCCESS] SendKeys "{DELETE}" - "[MSAA, VisibleOnly]ControlType='Edit'"
\0&lt;/a&gt;
W, 3504, 27, 2013/05/23, 16:35:13.959, 2796420845148, QTAgent32.exe, &lt;a class=success&gt;Playback - {107} [SUCCESS] SetValueAsEditBox "2000" - "[MSAA, VisibleOnly]ControlType='Edit'"  &lt; Set via SendKeys &gt;
\0&lt;/a&gt;
W, 3504, 27, 2013/05/23, 16:35:14.189, 2796424136203, QTAgent32.exe, &lt;a class=success&gt;Playback - {108} [SUCCESS] MouseButtonClick - "[MSAA, VisibleOnly]ControlType='Button' &amp;&amp; Name='Calculate Quote'"
\0&lt;/a&gt;
W, 3504, 27, 2013/05/23, 16:35:15.237, 2796439136087, QTAgent32.exe, PERF WARNING: FindTopLevelWindowHelper::FindAllDescendents: took 933 ms. Expected it to take maximum 500 ms.
W, 3504, 27, 2013/05/23, 16:35:15.384, 2796441245506, QTAgent32.exe, &lt;a class=success&gt;Playback - {109} [SUCCESS] MouseButtonClick - "[MSAA, VisibleOnly]ControlType='Button' &amp;&amp; Name='OK'"
\0&lt;/a&gt;
W, 3504, 27, 2013/05/23, 16:35:19.449, 2796499446076, QTAgent32.exe, PERF WARNING: FindTopLevelWindowHelper::FindAllDescendents: took 3937 ms. Expected it to take maximum 500 ms.
W, 3504, 27, 2013/05/23, 16:35:19.576, 2796501270011, QTAgent32.exe, &lt;a class=success&gt;Playback - {110} [SUCCESS] MouseButtonClick - "[MSAA, VisibleOnly]ControlType='Client'"
\0&lt;/a&gt;
W, 3504, 27, 2013/05/23, 16:35:20.939, 2796520786432, QTAgent32.exe, &lt;a class=success&gt;Playback - {111} [SUCCESS] SendKeys "{Home}" - "[MSAA, VisibleOnly]ControlType='Client'"
\0&lt;/a&gt;
W, 3504, 27, 2013/05/23, 16:35:21.256, 2796525321777, QTAgent32.exe, &lt;a class=success&gt;Playback - {112} [SUCCESS] MouseButtonClick - "[MSAA, VisibleOnly]ControlType='Button' &amp;&amp; Name='Accept'"
\0&lt;/a&gt;
W, 3504, 27, 2013/05/23, 16:35:21.559, 2796529662285, QTAgent32.exe, &lt;a class=success&gt;Playback - {113} [SUCCESS] MouseButtonClick - "[MSAA, VisibleOnly]ControlType='Button' &amp;&amp; Name='Yes'"
\0&lt;/a&gt;
W, 3504, 27, 2013/05/23, 16:35:21.791, 2796532985082, QTAgent32.exe, &lt;a class=success&gt;Playback - {114} [SUCCESS] MouseButtonClick - "[MSAA, VisibleOnly]ControlType='Button' &amp;&amp; Name='Ok'"
\0&lt;/a&gt;
W, 3504, 27, 2013/05/23, 16:35:42.563, 2796830394990, QTAgent32.exe, PERF WARNING: FindTopLevelWindowHelper::FindAllDescendents: took 20671 ms. Expected it to take maximum 500 ms.
W, 3504, 27, 2013/05/23, 16:35:42.696, 2796832304014, QTAgent32.exe, &lt;a class=success&gt;Playback - {115} [SUCCESS] MouseButtonClick - "[MSAA, VisibleOnly]ControlType='Button' &amp;&amp; Name='OK'"
\0&lt;/a&gt;
W, 3504, 27, 2013/05/23, 16:35:42.797, 2796833751960, QTAgent32.exe, Playback - [WARNING] Internal warning: Thread state based WFR - Requested element has invalid HWND
\0
W, 3504, 27, 2013/05/23, 16:35:42.798, 2796833766488, QTAgent32.exe, Playback - [WARNING] Internal warning: process performance counters based WFR - Requested element has invalid HWND
\0
E, 3504, 27, 2013/05/23, 16:35:42.800, 2796833794724, QTAgent32.exe, EnsureValid called via EnsureValid call for same element
E, 3504, 27, 2013/05/23, 16:35:42.801, 2796833809529, QTAgent32.exe, EnsureValid called via EnsureValid call for same element
E, 3504, 27, 2013/05/23, 16:35:42.802, 2796833823243, QTAgent32.exe, EnsureValid called via EnsureValid call for same element
E, 3504, 27, 2013/05/23, 16:35:42.803, 2796833830919, QTAgent32.exe, Window 2884968 not responding. Last Win32 error 0
E, 3504, 27, 2013/05/23, 16:35:42.803, 2796833832171, QTAgent32.exe, GetClassName for handle 2884968 failed
W, 3504, 27, 2013/05/23, 16:35:47.440, 2796900227329, QTAgent32.exe, PERF WARNING: FindTopLevelWindowHelper::FindAllDescendents: took 4636 ms. Expected it to take maximum 500 ms.
W, 3504, 27, 2013/05/23, 16:35:47.579, 2796902219892, QTAgent32.exe, &lt;a class=success&gt;Playback - {116} [SUCCESS] Check - "[MSAA, VisibleOnly]ControlType='CheckBox' &amp;&amp; Name='Defer Printing?'"
\0&lt;/a&gt;
W, 3504, 27, 2013/05/23, 16:35:47.924, 2796907164371, QTAgent32.exe, &lt;a class=success&gt;Playback - {117} [SUCCESS] MouseButtonClick - "[MSAA, VisibleOnly]ControlType='Button' &amp;&amp; Name='Ok'"
\0&lt;/a&gt;
W, 3504, 27, 2013/05/23, 16:35:48.025, 2796908606644, QTAgent32.exe, Playback - [WARNING] Internal warning: Thread state based WFR - Requested element has invalid HWND
\0
W, 3504, 27, 2013/05/23, 16:35:48.026, 2796908608755, QTAgent32.exe, Playback - [WARNING] Internal warning: process performance counters based WFR - Requested element has invalid HWND
\0
E, 3504, 27, 2013/05/23, 16:35:48.026, 2796908612314, QTAgent32.exe, EnsureValid called via EnsureValid call for same element
E, 3504, 27, 2013/05/23, 16:35:48.026, 2796908614791, QTAgent32.exe, EnsureValid called via EnsureValid call for same element
E, 3504, 27, 2013/05/23, 16:35:48.026, 2796908616344, QTAgent32.exe, EnsureValid called via EnsureValid call for same element
E, 3504, 27, 2013/05/23, 16:35:48.039, 2796908807312, QTAgent32.exe, Window 656484 not responding. Last Win32 error 0
E, 3504, 27, 2013/05/23, 16:35:48.039, 2796908809230, QTAgent32.exe, GetClassName for handle 656484 failed
W, 3504, 27, 2013/05/23, 16:35:50.985, 2796950984219, QTAgent32.exe, PERF WARNING: FindTopLevelWindowHelper::FindAllDescendents: took 2945 ms. Expected it to take maximum 500 ms.
W, 3504, 27, 2013/05/23, 16:35:51.132, 2796953092754, QTAgent32.exe, &lt;a class=success&gt;Playback - {118} [SUCCESS] Uncheck - "[MSAA, VisibleOnly]ControlType='CheckBox' &amp;&amp; Name='Add Activity'"
\0&lt;/a&gt;
W, 3504, 27, 2013/05/23, 16:35:51.509, 2796958495720, QTAgent32.exe, &lt;a class=success&gt;Playback - {119} [SUCCESS] MouseButtonClick - "[MSAA, VisibleOnly]ControlType='Button' &amp;&amp; Name='Ok'"
\0&lt;/a&gt;
W, 3504, 27, 2013/05/23, 16:35:53.420, 2796985851509, QTAgent32.exe, PERF WARNING: FindTopLevelWindowHelper::FindAllDescendents: took 1810 ms. Expected it to take maximum 500 ms.
W, 3504, 27, 2013/05/23, 16:35:53.559, 2796987835230, QTAgent32.exe, &lt;a class=success&gt;Playback - {120} [SUCCESS] MouseButtonClick - "[MSAA, VisibleOnly]ControlType='Button' &amp;&amp; Name='OK'"
\0&lt;/a&gt;
W, 3504, 27, 2013/05/23, 16:35:55.563, 2797016532748, QTAgent32.exe, PERF WARNING: FindTopLevelWindowHelper::FindAllDescendents: took 1902 ms. Expected it to take maximum 500 ms.
W, 3504, 27, 2013/05/23, 16:35:55.747, 2797019168116, QTAgent32.exe, &lt;a class=success&gt;Playback - {121} [SUCCESS] MouseButtonClick - "[MSAA, VisibleOnly]ControlType='Button' &amp;&amp; Name='OK'"
\0&lt;/a&gt;
W, 3504, 27, 2013/05/23, 16:35:55.968, 2797022325670, QTAgent32.exe, &lt;a class=success&gt;Playback - {122} [SUCCESS] MouseButtonClick - "[MSAA, VisibleOnly]ControlType='Button' &amp;&amp; Name='Options'"
\0&lt;/a&gt;
W, 3504, 27, 2013/05/23, 16:35:56.068, 2797023764605, QTAgent32.exe, FindScreenElementInSinglePass : Attempting to find control in one pass of search. Failures can occur.
W, 3504, 27, 2013/05/23, 16:35:56.080, 2797023936558, QTAgent32.exe, Playback - [WARNING] Internal failure: Method GetBoundingRectangle failed (HRESULT = 0x1, "Incorrect function.") for Name = "Quote Select List" ," ControlType = "MenuItem"
\0
W, 3504, 27, 2013/05/23, 16:35:56.080, 2797023938490, QTAgent32.exe, Playback - [WARNING] Internal failure: Couldn't get clickable point for ScreenUIElement - GetClickablePoint failed
\0
W, 3504, 27, 2013/05/23, 16:35:56.081, 2797023942085, QTAgent32.exe, FindScreenElementInSinglePass : Attempting to find control in one pass of search. Failures can occur.
W, 3504, 27, 2013/05/23, 16:35:56.088, 2797024053236, QTAgent32.exe, FindScreenElementInSinglePass : Attempting to find control in one pass of search. Failures can occur.
W, 3504, 27, 2013/05/23, 16:35:56.208, 2797025770553, QTAgent32.exe, &lt;a class=success&gt;Playback - {123} [SUCCESS] LeftButtonClick - "[MSAA, VisibleOnly]ControlType='MenuBar' &amp;&amp; Name='Application'"  &lt; Mouse cursor location (960, 31) &gt;
\0&lt;/a&gt;
W, 3504, 27, 2013/05/23, 16:35:56.315, 2797027298648, QTAgent32.exe, &lt;a class=success&gt;Playback - {124} [SUCCESS] LeftButtonClick - "[MSAA]ControlType='MenuItem' &amp;&amp; Name='Options'"  &lt; Mouse cursor location (94, 31) &gt;
\0&lt;/a&gt;
W, 3504, 27, 2013/05/23, 16:35:56.716, 2797033038813, QTAgent32.exe, &lt;a class=success&gt;Playback - {125} [SUCCESS] LeftButtonClick - "[MSAA]ControlType='MenuItem' &amp;&amp; Name='Links'"  &lt; Mouse cursor location (174, 319) &gt;
\0&lt;/a&gt;
W, 3504, 27, 2013/05/23, 16:35:57.139, 2797039096905, QTAgent32.exe, &lt;a class=success&gt;Playback - {126} [SUCCESS] LeftButtonClick - "[MSAA]ControlType='MenuItem' &amp;&amp; Name='3rd Party Integration'"  &lt; Mouse cursor location (375, 319) &gt;
\0&lt;/a&gt;
W, 3504, 27, 2013/05/23, 16:35:57.614, 2797045894951, QTAgent32.exe, &lt;a class=success&gt;Playback - {127} [SUCCESS] MouseButtonClick - "[MSAA]ControlType='MenuItem' &amp;&amp; Name='Quote Select List'"
\0&lt;/a&gt;
W, 3504, 27, 2013/05/23, 16:35:58.881, 2797064042901, QTAgent32.exe, PERF WARNING: FindTopLevelWindowHelper::FindAllDescendents: took 1163 ms. Expected it to take maximum 500 ms.
W, 3504, 27, 2013/05/23, 16:35:59.569, 2797073901461, QTAgent32.exe, &lt;a class=success&gt;Playback - {128} [SUCCESS] MouseButtonClick - "[MSAA, VisibleOnly]ControlType='Button' &amp;&amp; Name='Ok'"
\0&lt;/a&gt;
W, 3504, 27, 2013/05/23, 16:35:59.670, 2797075349644, QTAgent32.exe, Playback - [WARNING] Internal warning: Thread state based WFR - Requested element has invalid HWND
\0
W, 3504, 27, 2013/05/23, 16:35:59.671, 2797075351781, QTAgent32.exe, Playback - [WARNING] Internal warning: process performance counters based WFR - Requested element has invalid HWND
\0
E, 3504, 27, 2013/05/23, 16:35:59.671, 2797075355106, QTAgent32.exe, EnsureValid called via EnsureValid call for same element
E, 3504, 27, 2013/05/23, 16:35:59.671, 2797075357107, QTAgent32.exe, EnsureValid called via EnsureValid call for same element
E, 3504, 27, 2013/05/23, 16:35:59.671, 2797075358669, QTAgent32.exe, EnsureValid called via EnsureValid call for same element
E, 3504, 27, 2013/05/23, 16:35:59.671, 2797075361672, QTAgent32.exe, GetClassName for handle 2229320 failed
E, 3504, 27, 2013/05/23, 16:35:59.672, 2797075366698, QTAgent32.exe, GetClassName for handle 2229320 failed
E, 3504, 27, 2013/05/23, 16:35:59.729, 2797076189484, QTAgent32.exe, Exception: System.Runtime.InteropServices.COMException
	Message: Error HRESULT E_FAIL has been returned from a call to a COM component.
	Stack Trace:    at Accessibility.IAccessible.get_accState(Object varChild)
   at Microsoft.VisualStudio.TestTools.UITest.Extension.Msaa.AccWrapper.get_State()
	BaseExceptionMessage: Error HRESULT E_FAIL has been returned from a call to a COM component.

E, 3504, 27, 2013/05/23, 16:35:59.729, 2797076195408, QTAgent32.exe, Exception: System.Runtime.InteropServices.COMException
	Message: Error HRESULT E_FAIL has been returned from a call to a COM component.
	Stack Trace:    at Accessibility.IAccessible.get_accState(Object varChild)
   at Microsoft.VisualStudio.TestTools.UITest.Extension.Msaa.AccWrapper.get_State()
	BaseExceptionMessage: Error HRESULT E_FAIL has been returned from a call to a COM component.

E, 3504, 27, 2013/05/23, 16:35:59.730, 2797076199802, QTAgent32.exe, Exception: System.Runtime.InteropServices.COMException
	Message: Error HRESULT E_FAIL has been returned from a call to a COM component.
	Stack Trace:    at Accessibility.IAccessible.get_accState(Object varChild)
   at Microsoft.VisualStudio.TestTools.UITest.Extension.Msaa.AccWrapper.get_State()
	BaseExceptionMessage: Error HRESULT E_FAIL has been returned from a call to a COM component.

E, 3504, 27, 2013/05/23, 16:35:59.730, 2797076204115, QTAgent32.exe, Exception: System.Runtime.InteropServices.COMException
	Message: Error HRESULT E_FAIL has been returned from a call to a COM component.
	Stack Trace:    at Accessibility.IAccessible.get_accState(Object varChild)
   at Microsoft.VisualStudio.TestTools.UITest.Extension.Msaa.AccWrapper.get_State()
	BaseExceptionMessage: Error HRESULT E_FAIL has been returned from a call to a COM component.

E, 3504, 27, 2013/05/23, 16:35:59.730, 2797076208136, QTAgent32.exe, Exception: System.Runtime.InteropServices.COMException
	Message: Error HRESULT E_FAIL has been returned from a call to a COM component.
	Stack Trace:    at Accessibility.IAccessible.get_accState(Object varChild)
   at Microsoft.VisualStudio.TestTools.UITest.Extension.Msaa.AccWrapper.get_State()
	BaseExceptionMessage: Error HRESULT E_FAIL has been returned from a call to a COM component.

E, 3504, 27, 2013/05/23, 16:35:59.731, 2797076212776, QTAgent32.exe, Exception: System.Runtime.InteropServices.COMException
	Message: Error HRESULT E_FAIL has been returned from a call to a COM component.
	Stack Trace:    at Accessibility.IAccessible.get_accState(Object varChild)
   at Microsoft.VisualStudio.TestTools.UITest.Extension.Msaa.AccWrapper.get_State()
	BaseExceptionMessage: Error HRESULT E_FAIL has been returned from a call to a COM component.

E, 3504, 27, 2013/05/23, 16:35:59.731, 2797076216933, QTAgent32.exe, Exception: System.Runtime.InteropServices.COMException
	Message: Error HRESULT E_FAIL has been returned from a call to a COM component.
	Stack Trace:    at Accessibility.IAccessible.get_accState(Object varChild)
   at Microsoft.VisualStudio.TestTools.UITest.Extension.Msaa.AccWrapper.get_State()
	BaseExceptionMessage: Error HRESULT E_FAIL has been returned from a call to a COM component.

W, 3504, 27, 2013/05/23, 16:35:59.873, 2797078248525, QTAgent32.exe, PERF WARNING: MSAA.UpdateQueryIDForNamelessControls: took 201 ms. Expected it to take maximum 200 ms.
W, 3504, 27, 2013/05/23, 16:35:59.883, 2797078381530, QTAgent32.exe, Msaa.Navigate: Exception [Error HRESULT E_FAIL has been returned from a call to a COM component.] while calling accNavigate.
E, 3504, 27, 2013/05/23, 16:35:59.883, 2797078382973, QTAgent32.exe, GetClassName for handle 2098458 failed
E, 3504, 27, 2013/05/23, 16:35:59.883, 2797078384142, QTAgent32.exe, Window 2098458 not responding. Last Win32 error 1400
E, 3504, 27, 2013/05/23, 16:35:59.883, 2797078386855, QTAgent32.exe, GetClassName for handle 2229320 failed
W, 3504, 27, 2013/05/23, 16:36:01.020, 2797094663564, QTAgent32.exe, PERF WARNING: FindTopLevelWindowHelper::FindAllDescendents: took 1136 ms. Expected it to take maximum 500 ms.
W, 3504, 27, 2013/05/23, 16:36:01.188, 2797097081072, QTAgent32.exe, &lt;a class=success&gt;Playback - {129} [SUCCESS] MouseButtonClick - "[MSAA, VisibleOnly]ControlType='Button' &amp;&amp; Name='Exit'"
\0&lt;/a&gt;
W, 3504, 27, 2013/05/23, 16:36:02.221, 2797111861623, QTAgent32.exe, PERF WARNING: FindTopLevelWindowHelper::FindAllDescendents: took 929 ms. Expected it to take maximum 500 ms.
W, 3504, 27, 2013/05/23, 16:36:02.354, 2797113768549, QTAgent32.exe, &lt;a class=success&gt;Playback - {130} [SUCCESS] MouseButtonClick - "[MSAA, VisibleOnly]ControlType='Button' &amp;&amp; Name='Yes'"
\0&lt;/a&gt;
W, 3504, 27, 2013/05/23, 16:36:02.971, 2797122609767, QTAgent32.exe, &lt;a class=success&gt;Playback - {131} [SUCCESS] MouseButtonClick - "[MSAA, VisibleOnly]ControlType='Button' &amp;&amp; Name='OK'"
\0&lt;/a&gt;
W, 3504, 27, 2013/05/23, 16:36:05.890, 2797164394589, QTAgent32.exe, IEDOM : StopSession of the plugin called before StartSession
W, 3504, 27, 2013/05/23, 16:36:05.890, 2797164396733, QTAgent32.exe, UIA : StopSession of the plugin called before StartSession
</DebugTrace>
      </Output>
    </UnitTestResult>
    <UnitTestResult executionId="5847f3ef-8718-432c-9ae5-d3213cd09435" testId="d13bf1d8-7ba6-3746-e8b2-a147b4622b78" testName="MotoCopyMTA" computerName="ICLVDEVTM02" duration="00:05:03.2388861" startTime="2013-05-23T16:36:05.9387756+01:00" endTime="2013-05-23T16:41:09.1992848+01:00" testType="13cdc9d9-ddb5-4fa4-a97d-d965ccfc6d4b" outcome="Passed" testListId="8c84fa94-04c1-424b-9868-57a2d4851a1d" relativeResultsDirectory="5847f3ef-8718-432c-9ae5-d3213cd09435">
      <Output>
        <DebugTrace>W, 3504, 15, 2013/05/23, 16:36:11.417, 2797243538300, QTAgent32.exe, &lt;a class=success&gt;Playback - {1} [SUCCESS] MouseButtonClick - "[MSAA, VisibleOnly]ControlType='Edit'"
\0&lt;/a&gt;
W, 3504, 15, 2013/05/23, 16:36:11.802, 2797249049384, QTAgent32.exe, &lt;a class=success&gt;Playback - {2} [SUCCESS] SendKeys "[*]" - "[MSAA, VisibleOnly]ControlType='Edit'"
\0&lt;/a&gt;
W, 3504, 15, 2013/05/23, 16:36:12.515, 2797259256107, QTAgent32.exe, &lt;a class=success&gt;Playback - {3} [SUCCESS] MouseButtonClick - "[MSAA, VisibleOnly]ControlType='Button' &amp;&amp; Name='OK'"
\0&lt;/a&gt;
W, 3504, 15, 2013/05/23, 16:36:12.825, 2797263696564, QTAgent32.exe, &lt;a class=success&gt;Playback - {4} [SUCCESS] SendKeys "^{HOME}" - "[MSAA, VisibleOnly]ControlType='Edit'"
\0&lt;/a&gt;
E, 3504, 15, 2013/05/23, 16:36:12.827, 2797263717479, QTAgent32.exe, Msaa.GetFocusedElement: could not find accessible object of foreground window
W, 3504, 15, 2013/05/23, 16:36:12.969, 2797265752373, QTAgent32.exe, &lt;a class=success&gt;Playback - {5} [SUCCESS] SendKeys "^+{END}" - "[MSAA, VisibleOnly]ControlType='Edit'"
\0&lt;/a&gt;
E, 3504, 15, 2013/05/23, 16:36:12.969, 2797265755525, QTAgent32.exe, Msaa.GetFocusedElement: could not find accessible object of foreground window
W, 3504, 15, 2013/05/23, 16:36:12.993, 2797266106448, QTAgent32.exe, &lt;a class=success&gt;Playback - {6} [SUCCESS] SendKeys "{DELETE}" - "[MSAA, VisibleOnly]ControlType='Edit'"
\0&lt;/a&gt;
W, 3504, 15, 2013/05/23, 16:36:13.462, 2797272822166, QTAgent32.exe, &lt;a class=success&gt;Playback - {7} [SUCCESS] SetValueAsEditBox "23/05/2013" - "[MSAA, VisibleOnly]ControlType='Edit'"  &lt; Set via SendKeys &gt;
\0&lt;/a&gt;
W, 3504, 15, 2013/05/23, 16:36:14.033, 2797280987320, QTAgent32.exe, Playback - [WARNING] Internal warning: Incorrect flag set for InvokeProgrammaticAction\0
W, 3504, 15, 2013/05/23, 16:36:14.154, 2797282720718, QTAgent32.exe, &lt;a class=success&gt;Playback - {8} [SUCCESS] SetValueAsComboBox "May" - "[MSAA, VisibleOnly]ControlType='ComboBox'"  &lt; SetValueAsComboBox, set by clicking on the item in the list box &gt;
\0&lt;/a&gt;
W, 3504, 15, 2013/05/23, 16:36:14.444, 2797286881066, QTAgent32.exe, &lt;a class=success&gt;Playback - {9} [SUCCESS] SendKeys "^{HOME}" - "[MSAA, VisibleOnly]ControlType='Edit'"
\0&lt;/a&gt;
E, 3504, 15, 2013/05/23, 16:36:14.444, 2797286884375, QTAgent32.exe, Msaa.GetFocusedElement: could not find accessible object of foreground window
W, 3504, 15, 2013/05/23, 16:36:14.500, 2797287683019, QTAgent32.exe, &lt;a class=success&gt;Playback - {10} [SUCCESS] SendKeys "^+{END}" - "[MSAA, VisibleOnly]ControlType='Edit'"
\0&lt;/a&gt;
E, 3504, 15, 2013/05/23, 16:36:14.500, 2797287686444, QTAgent32.exe, Msaa.GetFocusedElement: could not find accessible object of foreground window
W, 3504, 15, 2013/05/23, 16:36:14.517, 2797287928276, QTAgent32.exe, &lt;a class=success&gt;Playback - {11} [SUCCESS] SendKeys "{DELETE}" - "[MSAA, VisibleOnly]ControlType='Edit'"
\0&lt;/a&gt;
W, 3504, 15, 2013/05/23, 16:36:14.777, 2797291651641, QTAgent32.exe, &lt;a class=success&gt;Playback - {12} [SUCCESS] SetValueAsEditBox "2013" - "[MSAA, VisibleOnly]ControlType='Edit'"  &lt; Set via SendKeys &gt;
\0&lt;/a&gt;
W, 3504, 15, 2013/05/23, 16:36:14.995, 2797294763557, QTAgent32.exe, &lt;a class=success&gt;Playback - {13} [SUCCESS] MouseButtonClick - "[MSAA, VisibleOnly]ControlType='Button' &amp;&amp; Name='OK'"
\0&lt;/a&gt;
W, 3504, 15, 2013/05/23, 16:36:16.179, 2797311717353, QTAgent32.exe, Playback - [WARNING] Internal warning: Window Not Found: [VisibleOnly]ControlType='Window' &amp;&amp; Name='Warning' &amp;&amp; ClassName='#32770'
\0
E, 3504, 15, 2013/05/23, 16:36:16.180, 2797311724534, QTAgent32.exe, &lt;a class=failure&gt;Playback - {14} [FAILED] Function ElementFetcher::FindScreenElement failed to locate UI element (Searching: ;[VisibleOnly]ControlType='Window' &amp;&amp; Name='Warning' &amp;&amp; ClassName='#32770') (The object specified was not found.)
\0&lt;/a&gt;
E, 3504, 15, 2013/05/23, 16:36:16.260, 2797312872921, QTAgent32.exe, Playback - [IMAGE] C:\Users\testuser\AppData\Local\Temp\UITestLogs\LastRun\RPF1372.png
\0
W, 3504, 15, 2013/05/23, 16:36:16.260, 2797312875585, QTAgent32.exe, Playback - [WARNING] Internal warning: Couldn't find descendants that match QueryId
\0
W, 3504, 15, 2013/05/23, 16:36:16.260, 2797312883023, QTAgent32.exe, PERF WARNING: FindTopLevelWindowHelper::FindAllDescendents: took 1150 ms. Expected it to take maximum 500 ms.
W, 3504, 15, 2013/05/23, 16:36:34.271, 2797570760359, QTAgent32.exe, Playback - [WARNING] Internal warning: Window Not Found: [VisibleOnly]ControlType='Window' &amp;&amp; Name='Warning' &amp;&amp; ClassName='#32770'
\0
E, 3504, 15, 2013/05/23, 16:36:34.271, 2797570766988, QTAgent32.exe, &lt;a class=failure&gt;Playback - {15} [FAILED] Function ElementFetcher::FindScreenElement failed to locate UI element (Searching: ;[VisibleOnly]ControlType='Window' &amp;&amp; Name='Warning' &amp;&amp; ClassName='#32770') (The object specified was not found.)
\0&lt;/a&gt;
E, 3504, 15, 2013/05/23, 16:36:34.352, 2797571921093, QTAgent32.exe, Playback - [IMAGE] C:\Users\testuser\AppData\Local\Temp\UITestLogs\LastRun\RPF5A23.png
\0
W, 3504, 15, 2013/05/23, 16:36:34.352, 2797571923801, QTAgent32.exe, Playback - [WARNING] Internal warning: Couldn't find descendants that match QueryId
\0
W, 3504, 15, 2013/05/23, 16:36:34.352, 2797571931039, QTAgent32.exe, PERF WARNING: FindTopLevelWindowHelper::FindAllDescendents: took 18091 ms. Expected it to take maximum 500 ms.
W, 3504, 15, 2013/05/23, 16:36:34.831, 2797578787548, QTAgent32.exe, Playback - [WARNING] Internal warning: Smart Match failed
\0
W, 3504, 15, 2013/05/23, 16:36:34.989, 2797581048250, QTAgent32.exe, Playback - [WARNING] Internal warning: Smart Match failed
\0
W, 3504, 15, 2013/05/23, 16:36:35.142, 2797583231972, QTAgent32.exe, Playback - [WARNING] Internal warning: Smart Match failed
\0
W, 3504, 15, 2013/05/23, 16:36:35.299, 2797585480486, QTAgent32.exe, Playback - [WARNING] Internal warning: Smart Match failed
\0
W, 3504, 15, 2013/05/23, 16:36:35.510, 2797588501888, QTAgent32.exe, Playback - [WARNING] Internal warning: Smart Match failed
\0
W, 3504, 15, 2013/05/23, 16:36:35.670, 2797590795252, QTAgent32.exe, Playback - [WARNING] Internal warning: Smart Match failed
\0
W, 3504, 15, 2013/05/23, 16:36:35.822, 2797592972020, QTAgent32.exe, Playback - [WARNING] Internal warning: Smart Match failed
\0
W, 3504, 15, 2013/05/23, 16:36:35.983, 2797595277761, QTAgent32.exe, Playback - [WARNING] Internal warning: Smart Match failed
\0
W, 3504, 15, 2013/05/23, 16:36:36.141, 2797597536952, QTAgent32.exe, Playback - [WARNING] Internal warning: Smart Match failed
\0
W, 3504, 15, 2013/05/23, 16:36:36.332, 2797600276815, QTAgent32.exe, Playback - [WARNING] Internal warning: Smart Match failed
\0
W, 3504, 15, 2013/05/23, 16:36:36.487, 2797602492034, QTAgent32.exe, Playback - [WARNING] Internal warning: Smart Match failed
\0
W, 3504, 15, 2013/05/23, 16:36:36.642, 2797604707744, QTAgent32.exe, Playback - [WARNING] Internal warning: Smart Match failed
\0
W, 3504, 15, 2013/05/23, 16:36:36.801, 2797606986542, QTAgent32.exe, Playback - [WARNING] Internal warning: Smart Match failed
\0
W, 3504, 15, 2013/05/23, 16:36:36.954, 2797609182186, QTAgent32.exe, Playback - [WARNING] Internal warning: Smart Match failed
\0
W, 3504, 15, 2013/05/23, 16:36:37.109, 2797611396302, QTAgent32.exe, Playback - [WARNING] Internal warning: Smart Match failed
\0
W, 3504, 15, 2013/05/23, 16:36:37.262, 2797613591082, QTAgent32.exe, Playback - [WARNING] Internal warning: Smart Match failed
\0
W, 3504, 15, 2013/05/23, 16:36:37.415, 2797615781058, QTAgent32.exe, Playback - [WARNING] Internal warning: Smart Match failed
\0
W, 3504, 15, 2013/05/23, 16:36:37.463, 2797616474440, QTAgent32.exe, Playback - [WARNING] Internal warning: Window Not Found: [VisibleOnly]ControlType='Window' &amp;&amp; Name='Warning' &amp;&amp; ClassName='#32770'
\0
E, 3504, 15, 2013/05/23, 16:36:37.464, 2797616477850, QTAgent32.exe, &lt;a class=failure&gt;Playback - {16} [FAILED] Function ElementFetcher::FindScreenElement failed to locate UI element (Searching: ;[VisibleOnly]ControlType='Window' &amp;&amp; Name='Warning' &amp;&amp; ClassName='#32770') (The object specified was not found.)
\0&lt;/a&gt;
E, 3504, 15, 2013/05/23, 16:36:37.543, 2797617619859, QTAgent32.exe, Playback - [IMAGE] C:\Users\testuser\AppData\Local\Temp\UITestLogs\LastRun\RPF66A2.png
\0
W, 3504, 15, 2013/05/23, 16:36:37.544, 2797617622418, QTAgent32.exe, Playback - [WARNING] Internal warning: Couldn't find descendants that match QueryId
\0
W, 3504, 15, 2013/05/23, 16:36:37.544, 2797617625946, QTAgent32.exe, PERF WARNING: FindTopLevelWindowHelper::FindAllDescendents: took 3191 ms. Expected it to take maximum 500 ms.
E, 3504, 15, 2013/05/23, 16:36:37.544, 2797617628255, QTAgent32.exe, Exception: System.Runtime.InteropServices.COMException
	Message: Error HRESULT E_FAIL has been returned from a call to a COM component.
	Stack Trace:    at Microsoft.VisualStudio.TestTools.UITest.Playback.Engine.IRPFPlayback.FindAllScreenElements(IScreenElement pScreenElementStart, String bstrQueryId, Object&amp; pvarResKeys, Int32 cResKeys, Int32 nMaxDepth, Object[]&amp; foundDescendants)
   at Microsoft.VisualStudio.TestTools.UITest.Playback.ScreenElement.FindTopLevelWindowHelper(String queryId)
	BaseExceptionMessage: Error HRESULT E_FAIL has been returned from a call to a COM component.

E, 3504, 15, 2013/05/23, 16:36:37.684, 2797619626664, QTAgent32.exe, AL: Playback Error: Microsoft.VisualStudio.TestTools.UITest.Extension.UITestControlNotFoundException: The playback failed to find the control with the given search properties. Additional Details: 
TechnologyName:  'MSAA'
ControlType:  'Window'
Name:  'Warning'
ClassName:  '#32770'
 ---&gt; System.Runtime.InteropServices.COMException: Error HRESULT E_FAIL has been returned from a call to a COM component.
   at Microsoft.VisualStudio.TestTools.UITest.Playback.Engine.IRPFPlayback.FindAllScreenElements(IScreenElement pScreenElementStart, String bstrQueryId, Object&amp; pvarResKeys, Int32 cResKeys, Int32 nMaxDepth, Object[]&amp; foundDescendants)
   at Microsoft.VisualStudio.TestTools.UITest.Playback.ScreenElement.FindTopLevelWindowHelper(String queryId)
   at Microsoft.VisualStudio.TestTools.UITest.Playback.ScreenElement.FindFromPartialQueryId(String queryId)
   at Microsoft.VisualStudio.TestTools.UITesting.UITestControl..ctor(String queryId)
   --- End of inner exception stack trace ---
   at Microsoft.VisualStudio.TestTools.UITesting.Playback.MapControlNotFoundException(COMException ex, IPlaybackContext context)
   at Microsoft.VisualStudio.TestTools.UITesting.Playback.MapAndThrowComException(COMException innerException, IPlaybackContext context)
   at Microsoft.VisualStudio.TestTools.UITesting.Playback.MapAndThrowException(SystemException exception, IPlaybackContext context)
   at Microsoft.VisualStudio.TestTools.UITesting.Playback.MapAndThrowException(SystemException exception, String queryId)
   at Microsoft.VisualStudio.TestTools.UITesting.UITestControl..ctor(String queryId)
   at Microsoft.VisualStudio.TestTools.UITesting.SearchHelper.SearchTopLevelWindow(ISearchArgument topLevelSearchArg, String topLevelElementQueryId)
   at Microsoft.VisualStudio.TestTools.UITesting.SearchHelper.GetTitleUpdatedTopLevelWindow(ISearchArgument topLevelSearchArg, String queryId, IList`1 windowTitles)
   at Microsoft.VisualStudio.TestTools.UITesting.SearchHelper.GetTopLevelElement(Boolean useCache, Boolean useCacheOnly, ISearchArgument searchArg, IList`1 windowTitles, Int32&amp; timeLeft)
   at Microsoft.VisualStudio.TestTools.UITesting.SearchHelper.GetElement(Boolean useCache, ISearchArgument searchArg)
   at Microsoft.VisualStudio.TestTools.UITesting.SearchHelper.Search(ISearchArgument searchArg)
   at Microsoft.VisualStudio.TestTools.UITesting.UITestControl.FindInternal()
   at Microsoft.VisualStudio.TestTools.UITesting.UITestControl.FindControlIfNecessary()
   at Microsoft.VisualStudio.TestTools.UITesting.UITestControl.Click(MouseButtons button, ModifierKeys modifierKeys, Point relativeCoordinates)
   at Microsoft.VisualStudio.TestTools.UITesting.Mouse.ClickImplementation(UITestControl control, MouseButtons button, ModifierKeys modifierKeys, Point relativeCoordinate)
   at Microsoft.VisualStudio.TestTools.UITesting.Mouse.ClickImplementationWrapper(UITestControl control, MouseButtons button, ModifierKeys modifierKeys, Point relativeCoordinate)
W, 3504, 15, 2013/05/23, 16:36:37.684, 2797619630551, QTAgent32.exe, PlaybackErrorHandler: Ignoring exception as ContinueOnError is set.
W, 3504, 15, 2013/05/23, 16:36:37.745, 2797620501275, QTAgent32.exe, &lt;a class=success&gt;Playback - {17} [SUCCESS] TypeString "#(R)"
\0&lt;/a&gt;
W, 3504, 15, 2013/05/23, 16:36:38.505, 2797631390419, QTAgent32.exe, PERF WARNING: FindTopLevelWindowHelper::FindAllDescendents: took 660 ms. Expected it to take maximum 500 ms.
W, 3504, 15, 2013/05/23, 16:36:39.023, 2797638802434, QTAgent32.exe, PERF WARNING: FindAllDescendents: took 515 ms. Expected it to take maximum 500 ms.
E, 3504, 15, 2013/05/23, 16:36:39.035, 2797638975509, QTAgent32.exe, Exception: System.ArgumentException
	Message: Value does not fall within the expected range.
	Stack Trace:    at Accessibility.IAccessible.get_accRole(Object varChild)
   at Microsoft.VisualStudio.TestTools.UITest.Extension.Msaa.AccWrapper.get_RoleInt()
	BaseExceptionMessage: Value does not fall within the expected range.

E, 3504, 15, 2013/05/23, 16:36:39.049, 2797639179526, QTAgent32.exe, Exception: System.ArgumentException
	Message: Value does not fall within the expected range.
	Stack Trace:    at Accessibility.IAccessible.get_accRole(Object varChild)
   at Microsoft.VisualStudio.TestTools.UITest.Extension.Msaa.AccWrapper.get_RoleInt()
	BaseExceptionMessage: Value does not fall within the expected range.

W, 3504, 15, 2013/05/23, 16:36:40.112, 2797654396589, QTAgent32.exe, &lt;a class=success&gt;Playback - {18} [SUCCESS] LeftButtonClick  &lt; Mouse cursor location (87, 908) &gt;
\0&lt;/a&gt;
W, 3504, 15, 2013/05/23, 16:36:41.700, 2797677136532, QTAgent32.exe, &lt;a class=success&gt;Playback - {19} [SUCCESS] SetValueAsEditBox "c:\TestProject7\office.reg"  &lt; Set via SendKeys &gt;
\0&lt;/a&gt;
W, 3504, 15, 2013/05/23, 16:36:41.700, 2797677139539, QTAgent32.exe, &lt;a class=success&gt;Playback - {20} [SUCCESS] SetValueAsComboBox "c:\TestProject7\office.reg" - "[MSAA, VisibleOnly]ControlType='ComboBox' &amp;&amp; Name='Open:'"  &lt; Set via SetValueAsEditBox &gt;
\0&lt;/a&gt;
W, 3504, 15, 2013/05/23, 16:36:41.970, 2797681001697, QTAgent32.exe, &lt;a class=success&gt;Playback - {21} [SUCCESS] MouseButtonClick - "[MSAA, VisibleOnly]ControlType='Button' &amp;&amp; Name='OK'"
\0&lt;/a&gt;
W, 3504, 15, 2013/05/23, 16:36:42.660, 2797690882604, QTAgent32.exe, Playback - [WARNING] Internal warning: Window Not Found: [VisibleOnly]ControlType='Window' &amp;&amp; Name='Registry Editor' &amp;&amp; ClassName='#32770'
\0
E, 3504, 15, 2013/05/23, 16:36:42.662, 2797690904346, QTAgent32.exe, &lt;a class=failure&gt;Playback - {22} [FAILED] Function ElementFetcher::FindScreenElement failed to locate UI element (Searching: ;[VisibleOnly]ControlType='Window' &amp;&amp; Name='Registry Editor' &amp;&amp; ClassName='#32770') (The object specified was not found.)
\0&lt;/a&gt;
E, 3504, 15, 2013/05/23, 16:36:42.788, 2797692718341, QTAgent32.exe, Playback - [IMAGE] C:\Users\testuser\AppData\Local\Temp\UITestLogs\LastRun\RPF7AEE.png
\0
W, 3504, 15, 2013/05/23, 16:36:42.788, 2797692720673, QTAgent32.exe, Playback - [WARNING] Internal warning: Couldn't find descendants that match QueryId
\0
W, 3504, 15, 2013/05/23, 16:36:42.789, 2797692723813, QTAgent32.exe, PERF WARNING: FindTopLevelWindowHelper::FindAllDescendents: took 718 ms. Expected it to take maximum 500 ms.
W, 3504, 15, 2013/05/23, 16:36:43.157, 2797697993668, QTAgent32.exe, &lt;a class=success&gt;Playback - {23} [SUCCESS] MouseButtonClick - "[MSAA, VisibleOnly]ControlType='Button' &amp;&amp; Name='Yes'"
\0&lt;/a&gt;
W, 3504, 15, 2013/05/23, 16:36:43.500, 2797702905686, QTAgent32.exe, &lt;a class=success&gt;Playback - {24} [SUCCESS] MouseButtonClick - "[MSAA, VisibleOnly]ControlType='Button' &amp;&amp; Name='OK'"
\0&lt;/a&gt;
W, 3504, 15, 2013/05/23, 16:36:43.729, 2797706186683, QTAgent32.exe, &lt;a class=success&gt;Playback - {25} [SUCCESS] MouseButtonClick - "[MSAA, VisibleOnly]ControlType='Button' &amp;&amp; Name='Clients &amp; Files'"
\0&lt;/a&gt;
W, 3504, 15, 2013/05/23, 16:36:44.078, 2797711183862, QTAgent32.exe, Playback - [WARNING] Internal warning: Window Not Found: [VisibleOnly]ControlType='Window' &amp;&amp; ClassName='ThunderRT6MDIForm'
\0
E, 3504, 15, 2013/05/23, 16:36:44.078, 2797711187214, QTAgent32.exe, &lt;a class=failure&gt;Playback - {26} [FAILED] Function ElementFetcher::FindScreenElement failed to locate UI element (Searching: ;[VisibleOnly]ControlType='Window' &amp;&amp; ClassName='ThunderRT6MDIForm') (The object specified was not found.)
\0&lt;/a&gt;
E, 3504, 15, 2013/05/23, 16:36:44.161, 2797712371749, QTAgent32.exe, Playback - [IMAGE] C:\Users\testuser\AppData\Local\Temp\UITestLogs\LastRun\RPF807B.png
\0
W, 3504, 15, 2013/05/23, 16:36:44.161, 2797712373919, QTAgent32.exe, Playback - [WARNING] Internal warning: Couldn't find descendants that match QueryId
\0
W, 3504, 15, 2013/05/23, 16:36:45.833, 2797736304908, QTAgent32.exe, PERF WARNING: FindTopLevelWindowHelper::FindAllDescendents: took 1670 ms. Expected it to take maximum 500 ms.
W, 3504, 15, 2013/05/23, 16:36:46.791, 2797750026782, QTAgent32.exe, Playback - [WARNING] Internal warning: Incorrect flag set for InvokeProgrammaticAction\0
W, 3504, 15, 2013/05/23, 16:36:46.913, 2797751779031, QTAgent32.exe, &lt;a class=success&gt;Playback - {27} [SUCCESS] SetValueAsComboBox "Customers" - "[MSAA, VisibleOnly]ControlType='ComboBox'"  &lt; SetValueAsComboBox, set by clicking on the item in the list box &gt;
\0&lt;/a&gt;
W, 3504, 15, 2013/05/23, 16:36:47.451, 2797759477661, QTAgent32.exe, &lt;a class=success&gt;Playback - {28} [SUCCESS] MouseButtonClick - "[MSAA, VisibleOnly]ControlType='Button' &amp;&amp; Name='Add'"
\0&lt;/a&gt;
W, 3504, 15, 2013/05/23, 16:36:48.225, 2797770559898, QTAgent32.exe, &lt;a class=success&gt;Playback - {29} [SUCCESS] SendKeys "autotest" - "[MSAA, VisibleOnly]ControlType='RadioButton' &amp;&amp; Name='Personal Lines'"
\0&lt;/a&gt;
W, 3504, 15, 2013/05/23, 16:36:49.156, 2797783886798, QTAgent32.exe, &lt;a class=success&gt;Playback - {30} [SUCCESS] SetValueAsEditBox "autotest" - "[MSAA, VisibleOnly]ControlType='Edit'"  &lt; Set via SendKeys &gt;
\0&lt;/a&gt;
W, 3504, 15, 2013/05/23, 16:36:49.383, 2797787141865, QTAgent32.exe, &lt;a class=success&gt;Playback - {31} [SUCCESS] MouseButtonClick - "[MSAA, VisibleOnly]ControlType='Button' &amp;&amp; Name='OK'"
\0&lt;/a&gt;
W, 3504, 15, 2013/05/23, 16:36:49.676, 2797791339363, QTAgent32.exe, &lt;a class=success&gt;Playback - {32} [SUCCESS] MouseButtonClick - "[MSAA, VisibleOnly]ControlType='Button' &amp;&amp; Name='Yes'"
\0&lt;/a&gt;
W, 3504, 15, 2013/05/23, 16:36:50.247, 2797799516859, QTAgent32.exe, &lt;a class=success&gt;Playback - {33} [SUCCESS] SendKeys "^{HOME}" - "[MSAA, VisibleOnly]ControlType='Edit'"
\0&lt;/a&gt;
E, 3504, 15, 2013/05/23, 16:36:50.248, 2797799520743, QTAgent32.exe, Msaa.GetFocusedElement: could not find accessible object of foreground window
W, 3504, 15, 2013/05/23, 16:36:50.306, 2797800354529, QTAgent32.exe, &lt;a class=success&gt;Playback - {34} [SUCCESS] SendKeys "^+{END}" - "[MSAA, VisibleOnly]ControlType='Edit'"
\0&lt;/a&gt;
E, 3504, 15, 2013/05/23, 16:36:50.306, 2797800357854, QTAgent32.exe, Msaa.GetFocusedElement: could not find accessible object of foreground window
W, 3504, 15, 2013/05/23, 16:36:50.321, 2797800577857, QTAgent32.exe, &lt;a class=success&gt;Playback - {35} [SUCCESS] SendKeys "{DELETE}" - "[MSAA, VisibleOnly]ControlType='Edit'"
\0&lt;/a&gt;
W, 3504, 15, 2013/05/23, 16:36:50.666, 2797805516137, QTAgent32.exe, &lt;a class=success&gt;Playback - {36} [SUCCESS] SetValueAsEditBox "1" - "[MSAA, VisibleOnly]ControlType='Edit'"  &lt; Set via SendKeys &gt;
\0&lt;/a&gt;
W, 3504, 15, 2013/05/23, 16:36:51.159, 2797812569195, QTAgent32.exe, &lt;a class=success&gt;Playback - {37} [SUCCESS] SendKeys "^{HOME}" - "[MSAA, VisibleOnly]ControlType='Edit'"
\0&lt;/a&gt;
E, 3504, 15, 2013/05/23, 16:36:51.159, 2797812572469, QTAgent32.exe, Msaa.GetFocusedElement: could not find accessible object of foreground window
W, 3504, 15, 2013/05/23, 16:36:51.216, 2797813378098, QTAgent32.exe, &lt;a class=success&gt;Playback - {38} [SUCCESS] SendKeys "^+{END}" - "[MSAA, VisibleOnly]ControlType='Edit'"
\0&lt;/a&gt;
E, 3504, 15, 2013/05/23, 16:36:51.216, 2797813381473, QTAgent32.exe, Msaa.GetFocusedElement: could not find accessible object of foreground window
W, 3504, 15, 2013/05/23, 16:36:51.233, 2797813630290, QTAgent32.exe, &lt;a class=success&gt;Playback - {39} [SUCCESS] SendKeys "{DELETE}" - "[MSAA, VisibleOnly]ControlType='Edit'"
\0&lt;/a&gt;
W, 3504, 15, 2013/05/23, 16:36:51.602, 2797818909104, QTAgent32.exe, &lt;a class=success&gt;Playback - {40} [SUCCESS] SetValueAsEditBox "1" - "[MSAA, VisibleOnly]ControlType='Edit'"  &lt; Set via SendKeys &gt;
\0&lt;/a&gt;
W, 3504, 15, 2013/05/23, 16:36:53.228, 2797842192979, QTAgent32.exe, Playback - [WARNING] Internal warning: Target element "[MSAA, VisibleOnly]ControlType='Button' &amp;&amp; Name='OK'" was not found, so all intermediate elements were ignored. An incorrect element that matches target element Id can be found as the result.  Verify that all intermediate elements in QueryId have valid and unique Ids
\0
W, 3504, 15, 2013/05/23, 16:36:53.764, 2797849876157, QTAgent32.exe, PERF WARNING: FindAllDescendents: took 2045 ms. Expected it to take maximum 500 ms.
W, 3504, 15, 2013/05/23, 16:36:54.049, 2797853956954, QTAgent32.exe, &lt;a class=success&gt;Playback - {41} [SUCCESS] MouseButtonClick - "[MSAA, VisibleOnly]ControlType='Button' &amp;&amp; Name='OK'"
\0&lt;/a&gt;
W, 3504, 15, 2013/05/23, 16:36:54.416, 2797859210548, QTAgent32.exe, &lt;a class=success&gt;Playback - {42} [SUCCESS] MouseButtonClick - "[MSAA, VisibleOnly]ControlType='Button'"
\0&lt;/a&gt;
W, 3504, 15, 2013/05/23, 16:36:54.772, 2797864298267, QTAgent32.exe, &lt;a class=success&gt;Playback - {43} [SUCCESS] MouseButtonClick - "[MSAA, VisibleOnly]ControlType='Button' &amp;&amp; Name='Add'"
\0&lt;/a&gt;
W, 3504, 15, 2013/05/23, 16:36:55.000, 2797867559697, QTAgent32.exe, &lt;a class=success&gt;Playback - {44} [SUCCESS] MouseButtonClick - "[MSAA, VisibleOnly]ControlType='Button' &amp;&amp; Name='OK'"
\0&lt;/a&gt;
W, 3504, 15, 2013/05/23, 16:36:57.276, 2797900156962, QTAgent32.exe, &lt;a class=success&gt;Playback - {45} [SUCCESS] MouseButtonClick - "[MSAA, VisibleOnly,Window]ControlType='Window' &amp;&amp; ClassName='ThunderRT6TextBox'"
\0&lt;/a&gt;
W, 3504, 15, 2013/05/23, 16:36:58.126, 2797912331218, QTAgent32.exe, &lt;a class=success&gt;Playback - {46} [SUCCESS] SetValueAsEditBox "MOTO" - "[MSAA, VisibleOnly]ControlType='Edit'"  &lt; Set via SendKeys &gt;
\0&lt;/a&gt;
W, 3504, 15, 2013/05/23, 16:36:58.468, 2797917221601, QTAgent32.exe, &lt;a class=success&gt;Playback - {47} [SUCCESS] MouseButtonClick - "[MSAA, VisibleOnly]ControlType='Button' &amp;&amp; Name='OK'"
\0&lt;/a&gt;
W, 3504, 15, 2013/05/23, 16:36:58.708, 2797920656669, QTAgent32.exe, &lt;a class=success&gt;Playback - {48} [SUCCESS] MouseButtonClick - "[MSAA, VisibleOnly]ControlType='Button' &amp;&amp; Name='Options'"
\0&lt;/a&gt;
W, 3504, 15, 2013/05/23, 16:36:58.808, 2797922093045, QTAgent32.exe, FindScreenElementInSinglePass : Attempting to find control in one pass of search. Failures can occur.
W, 3504, 15, 2013/05/23, 16:36:59.226, 2797928067898, QTAgent32.exe, &lt;a class=success&gt;Playback - {49} [SUCCESS] MouseButtonClick - "[MSAA]ControlType='MenuItem' &amp;&amp; Name='Links'"
\0&lt;/a&gt;
W, 3504, 15, 2013/05/23, 16:36:59.327, 2797929523713, QTAgent32.exe, FindScreenElementInSinglePass : Attempting to find control in one pass of search. Failures can occur.
W, 3504, 15, 2013/05/23, 16:36:59.750, 2797935578502, QTAgent32.exe, &lt;a class=success&gt;Playback - {50} [SUCCESS] MouseButtonClick - "[MSAA]ControlType='MenuItem' &amp;&amp; Name='3rd Party Integration'"
\0&lt;/a&gt;
W, 3504, 15, 2013/05/23, 16:36:59.851, 2797937015851, QTAgent32.exe, FindScreenElementInSinglePass : Attempting to find control in one pass of search. Failures can occur.
W, 3504, 15, 2013/05/23, 16:37:00.270, 2797943015965, QTAgent32.exe, &lt;a class=success&gt;Playback - {51} [SUCCESS] MouseButtonClick - "[MSAA]ControlType='MenuItem' &amp;&amp; Name='Quote Select List'"
\0&lt;/a&gt;
W, 3504, 15, 2013/05/23, 16:37:01.749, 2797964201497, QTAgent32.exe, PERF WARNING: FindTopLevelWindowHelper::FindAllDescendents: took 1379 ms. Expected it to take maximum 500 ms.
W, 3504, 15, 2013/05/23, 16:37:01.895, 2797966289666, QTAgent32.exe, &lt;a class=success&gt;Playback - {52} [SUCCESS] MouseButtonClick - "[MSAA, VisibleOnly]ControlType='Button' &amp;&amp; Name='Ok'"
\0&lt;/a&gt;
W, 3504, 15, 2013/05/23, 16:37:04.338, 2798001268419, QTAgent32.exe, PERF WARNING: FindTopLevelWindowHelper::FindAllDescendents: took 2338 ms. Expected it to take maximum 500 ms.
W, 3504, 15, 2013/05/23, 16:37:04.469, 2798003147094, QTAgent32.exe, &lt;a class=success&gt;Playback - {53} [SUCCESS] MouseButtonClick - "[MSAA, VisibleOnly]ControlType='Button' &amp;&amp; Name='Ok'"
\0&lt;/a&gt;
W, 3504, 15, 2013/05/23, 16:37:05.505, 2798017980254, QTAgent32.exe, &lt;a class=success&gt;Playback - {54} [SUCCESS] SetValueAsEditBox "Test" - "[MSAA, VisibleOnly]ControlType='Edit'"  &lt; Set via SendKeys &gt;
\0&lt;/a&gt;
W, 3504, 15, 2013/05/23, 16:37:06.061, 2798025939853, QTAgent32.exe, &lt;a class=success&gt;Playback - {55} [SUCCESS] SendKeys "{Tab}" - "[MSAA, VisibleOnly]ControlType='Edit'"
\0&lt;/a&gt;
W, 3504, 15, 2013/05/23, 16:37:07.037, 2798039905534, QTAgent32.exe, &lt;a class=success&gt;Playback - {56} [SUCCESS] SetValueAsEditBox "test" - "[MSAA, VisibleOnly]ControlType='Edit'"  &lt; Set via SendKeys &gt;
\0&lt;/a&gt;
W, 3504, 15, 2013/05/23, 16:37:08.078, 2798054819583, QTAgent32.exe, &lt;a class=success&gt;Playback - {57} [SUCCESS] SetValueAsEditBox "160485" - "[MSAA, VisibleOnly]ControlType='Edit'"  &lt; Set via SendKeys &gt;
\0&lt;/a&gt;
W, 3504, 15, 2013/05/23, 16:37:09.156, 2798070248104, QTAgent32.exe, &lt;a class=success&gt;Playback - {58} [SUCCESS] SetValueAsEditBox "B338TH" - "[MSAA, VisibleOnly]ControlType='Edit'"  &lt; Set via SendKeys &gt;
\0&lt;/a&gt;
W, 3504, 15, 2013/05/23, 16:37:11.394, 2798102296817, QTAgent32.exe, &lt;a class=success&gt;Playback - {59} [SUCCESS] MouseButtonClick - "[MSAA, VisibleOnly]ControlType='Button' &amp;&amp; Name='Lookup...'"
\0&lt;/a&gt;
W, 3504, 15, 2013/05/23, 16:37:11.647, 2798105920829, QTAgent32.exe, &lt;a class=success&gt;Playback - {60} [SUCCESS] MouseButtonClick - "[MSAA, VisibleOnly]ControlType='Button' &amp;&amp; Name='Ok'"
\0&lt;/a&gt;
W, 3504, 15, 2013/05/23, 16:37:11.909, 2798109667500, QTAgent32.exe, &lt;a class=success&gt;Playback - {61} [SUCCESS] MouseButtonClick - "[MSAA, VisibleOnly]ControlType='Button' &amp;&amp; Name='OK'"
\0&lt;/a&gt;
W, 3504, 15, 2013/05/23, 16:37:13.480, 2798132160546, QTAgent32.exe, PERF WARNING: FindTopLevelWindowHelper::FindAllDescendents: took 1470 ms. Expected it to take maximum 500 ms.
W, 3504, 15, 2013/05/23, 16:37:14.915, 2798152703737, QTAgent32.exe, Playback - [WARNING] Internal warning: Incorrect flag set for InvokeProgrammaticAction\0
W, 3504, 15, 2013/05/23, 16:37:15.035, 2798154427821, QTAgent32.exe, &lt;a class=success&gt;Playback - {62} [SUCCESS] SetValueAsComboBox "Account Executive" - "[MSAA, VisibleOnly]ControlType='ComboBox'"  &lt; SetValueAsComboBox, set by clicking on the item in the list box &gt;
\0&lt;/a&gt;
W, 3504, 15, 2013/05/23, 16:37:16.682, 2798178016269, QTAgent32.exe, Playback - [WARNING] Internal warning: Incorrect flag set for InvokeProgrammaticAction\0
W, 3504, 15, 2013/05/23, 16:37:16.803, 2798179751504, QTAgent32.exe, &lt;a class=success&gt;Playback - {63} [SUCCESS] SetValueAsComboBox "Acupuncture" - "[MSAA, VisibleOnly]ControlType='ComboBox'"  &lt; SetValueAsComboBox, set by clicking on the item in the list box &gt;
\0&lt;/a&gt;
W, 3504, 15, 2013/05/23, 16:37:18.412, 2798202788247, QTAgent32.exe, &lt;a class=success&gt;Playback - {64} [SUCCESS] SetValueAsEditBox "151101" - "[MSAA, VisibleOnly]ControlType='Edit'"  &lt; Set via SendKeys &gt;
\0&lt;/a&gt;
W, 3504, 15, 2013/05/23, 16:37:18.642, 2798206073773, QTAgent32.exe, &lt;a class=success&gt;Playback - {65} [SUCCESS] MouseButtonClick - "[MSAA, VisibleOnly]ControlType='Button' &amp;&amp; Name='OK'"
\0&lt;/a&gt;
W, 3504, 15, 2013/05/23, 16:37:20.807, 2798237068729, QTAgent32.exe, PERF WARNING: FindTopLevelWindowHelper::FindAllDescendents: took 1958 ms. Expected it to take maximum 500 ms.
W, 3504, 15, 2013/05/23, 16:37:22.278, 2798258138086, QTAgent32.exe, &lt;a class=success&gt;Playback - {66} [SUCCESS] SetValueAsEditBox "RF53OXL" - "[MSAA, VisibleOnly]ControlType='Edit'"  &lt; Set via SendKeys &gt;
\0&lt;/a&gt;
W, 3504, 15, 2013/05/23, 16:37:23.379, 2798273894571, QTAgent32.exe, &lt;a class=success&gt;Playback - {67} [SUCCESS] MouseButtonClick - "[MSAA, VisibleOnly]ControlType='Button' &amp;&amp; Name='Filter'"
\0&lt;/a&gt;
W, 3504, 15, 2013/05/23, 16:37:23.686, 2798278296627, QTAgent32.exe, &lt;a class=success&gt;Playback - {68} [SUCCESS] MouseButtonClick - "[MSAA, VisibleOnly]ControlType='Button' &amp;&amp; Name='OK'"
\0&lt;/a&gt;
W, 3504, 15, 2013/05/23, 16:37:24.664, 2798292296416, QTAgent32.exe, &lt;a class=success&gt;Playback - {69} [SUCCESS] SendKeys "^{HOME}" - "[MSAA, VisibleOnly]ControlType='Edit'"
\0&lt;/a&gt;
E, 3504, 15, 2013/05/23, 16:37:24.664, 2798292303252, QTAgent32.exe, Msaa.GetFocusedElement: could not find accessible object of foreground window
W, 3504, 15, 2013/05/23, 16:37:24.720, 2798293106259, QTAgent32.exe, &lt;a class=success&gt;Playback - {70} [SUCCESS] SendKeys "^+{END}" - "[MSAA, VisibleOnly]ControlType='Edit'"
\0&lt;/a&gt;
E, 3504, 15, 2013/05/23, 16:37:24.721, 2798293109858, QTAgent32.exe, Msaa.GetFocusedElement: could not find accessible object of foreground window
W, 3504, 15, 2013/05/23, 16:37:24.736, 2798293327417, QTAgent32.exe, &lt;a class=success&gt;Playback - {71} [SUCCESS] SendKeys "{DELETE}" - "[MSAA, VisibleOnly]ControlType='Edit'"
\0&lt;/a&gt;
W, 3504, 15, 2013/05/23, 16:37:25.519, 2798304542118, QTAgent32.exe, &lt;a class=success&gt;Playback - {72} [SUCCESS] SetValueAsEditBox "1000" - "[MSAA, VisibleOnly]ControlType='Edit'"  &lt; Set via SendKeys &gt;
\0&lt;/a&gt;
W, 3504, 15, 2013/05/23, 16:37:25.905, 2798310074370, QTAgent32.exe, &lt;a class=success&gt;Playback - {73} [SUCCESS] MouseButtonClick - "[MSAA, VisibleOnly]ControlType='Button' &amp;&amp; Name='Calculate Quote'"
\0&lt;/a&gt;
W, 3504, 15, 2013/05/23, 16:37:34.856, 2798438225642, QTAgent32.exe, Playback - [WARNING] Internal warning: Window Not Found: [VisibleOnly]ControlType='Window' &amp;&amp; Name='Quote Select List' &amp;&amp; ClassName='ThunderRT6FormDC'
\0
E, 3504, 15, 2013/05/23, 16:37:34.856, 2798438231057, QTAgent32.exe, &lt;a class=failure&gt;Playback - {74} [FAILED] Function ElementFetcher::FindScreenElement failed to locate UI element (Searching: ;[VisibleOnly]ControlType='Window' &amp;&amp; Name='Quote Select List' &amp;&amp; ClassName='ThunderRT6FormDC') (The object specified was not found.)
\0&lt;/a&gt;
E, 3504, 15, 2013/05/23, 16:37:34.988, 2798440118935, QTAgent32.exe, Playback - [IMAGE] C:\Users\testuser\AppData\Local\Temp\UITestLogs\LastRun\RPF46D6.png
\0
W, 3504, 15, 2013/05/23, 16:37:34.988, 2798440121326, QTAgent32.exe, Playback - [WARNING] Internal warning: Couldn't find descendants that match QueryId
\0
W, 3504, 15, 2013/05/23, 16:37:34.988, 2798440125239, QTAgent32.exe, PERF WARNING: FindTopLevelWindowHelper::FindAllDescendents: took 8982 ms. Expected it to take maximum 500 ms.
W, 3504, 15, 2013/05/23, 16:37:53.349, 2798703025408, QTAgent32.exe, Playback - [WARNING] Internal warning: Window Not Found: [VisibleOnly]ControlType='Window' &amp;&amp; Name='Quote Select List' &amp;&amp; ClassName='ThunderRT6FormDC'
\0
E, 3504, 15, 2013/05/23, 16:37:53.350, 2798703030717, QTAgent32.exe, &lt;a class=failure&gt;Playback - {75} [FAILED] Function ElementFetcher::FindScreenElement failed to locate UI element (Searching: ;[VisibleOnly]ControlType='Window' &amp;&amp; Name='Quote Select List' &amp;&amp; ClassName='ThunderRT6FormDC') (The object specified was not found.)
\0&lt;/a&gt;
E, 3504, 15, 2013/05/23, 16:37:53.437, 2798704278336, QTAgent32.exe, Playback - [IMAGE] C:\Users\testuser\AppData\Local\Temp\UITestLogs\LastRun\RPF8F0D.png
\0
W, 3504, 15, 2013/05/23, 16:37:53.437, 2798704280880, QTAgent32.exe, Playback - [WARNING] Internal warning: Couldn't find descendants that match QueryId
\0
W, 3504, 15, 2013/05/23, 16:37:53.437, 2798704285756, QTAgent32.exe, PERF WARNING: FindTopLevelWindowHelper::FindAllDescendents: took 18448 ms. Expected it to take maximum 500 ms.
W, 3504, 15, 2013/05/23, 16:37:56.669, 2798750548236, QTAgent32.exe, Playback - [WARNING] Internal warning: Smart Match failed
\0
W, 3504, 15, 2013/05/23, 16:37:57.998, 2798769576450, QTAgent32.exe, Playback - [WARNING] Internal warning: Window Not Found: [VisibleOnly]ControlType='Window' &amp;&amp; Name='Quote Select List' &amp;&amp; ClassName='ThunderRT6FormDC'
\0
E, 3504, 15, 2013/05/23, 16:37:57.998, 2798769580753, QTAgent32.exe, &lt;a class=failure&gt;Playback - {76} [FAILED] Function ElementFetcher::FindScreenElement failed to locate UI element (Searching: ;[VisibleOnly]ControlType='Window' &amp;&amp; Name='Quote Select List' &amp;&amp; ClassName='ThunderRT6FormDC') (The object specified was not found.)
\0&lt;/a&gt;
E, 3504, 15, 2013/05/23, 16:37:58.079, 2798770735391, QTAgent32.exe, Playback - [IMAGE] C:\Users\testuser\AppData\Local\Temp\UITestLogs\LastRun\RPFA137.png
\0
W, 3504, 15, 2013/05/23, 16:37:58.079, 2798770737804, QTAgent32.exe, Playback - [WARNING] Internal warning: Couldn't find descendants that match QueryId
\0
W, 3504, 15, 2013/05/23, 16:37:58.079, 2798770741109, QTAgent32.exe, PERF WARNING: FindTopLevelWindowHelper::FindAllDescendents: took 4641 ms. Expected it to take maximum 500 ms.
E, 3504, 15, 2013/05/23, 16:37:58.079, 2798770744313, QTAgent32.exe, Exception: System.Runtime.InteropServices.COMException
	Message: Error HRESULT E_FAIL has been returned from a call to a COM component.
	Stack Trace:    at Microsoft.VisualStudio.TestTools.UITest.Playback.Engine.IRPFPlayback.FindAllScreenElements(IScreenElement pScreenElementStart, String bstrQueryId, Object&amp; pvarResKeys, Int32 cResKeys, Int32 nMaxDepth, Object[]&amp; foundDescendants)
   at Microsoft.VisualStudio.TestTools.UITest.Playback.ScreenElement.FindTopLevelWindowHelper(String queryId)
	BaseExceptionMessage: Error HRESULT E_FAIL has been returned from a call to a COM component.

E, 3504, 15, 2013/05/23, 16:37:58.182, 2798772217021, QTAgent32.exe, AL: Playback Error: Microsoft.VisualStudio.TestTools.UITest.Extension.UITestControlNotFoundException: The playback failed to find the control with the given search properties. Additional Details: 
TechnologyName:  'MSAA'
ControlType:  'Window'
Name:  'Quote Select List'
ClassName:  'ThunderRT6FormDC'
 ---&gt; System.Runtime.InteropServices.COMException: Error HRESULT E_FAIL has been returned from a call to a COM component.
   at Microsoft.VisualStudio.TestTools.UITest.Playback.Engine.IRPFPlayback.FindAllScreenElements(IScreenElement pScreenElementStart, String bstrQueryId, Object&amp; pvarResKeys, Int32 cResKeys, Int32 nMaxDepth, Object[]&amp; foundDescendants)
   at Microsoft.VisualStudio.TestTools.UITest.Playback.ScreenElement.FindTopLevelWindowHelper(String queryId)
   at Microsoft.VisualStudio.TestTools.UITest.Playback.ScreenElement.FindFromPartialQueryId(String queryId)
   at Microsoft.VisualStudio.TestTools.UITesting.UITestControl..ctor(String queryId)
   --- End of inner exception stack trace ---
   at Microsoft.VisualStudio.TestTools.UITesting.Playback.MapControlNotFoundException(COMException ex, IPlaybackContext context)
   at Microsoft.VisualStudio.TestTools.UITesting.Playback.MapAndThrowComException(COMException innerException, IPlaybackContext context)
   at Microsoft.VisualStudio.TestTools.UITesting.Playback.MapAndThrowException(SystemException exception, IPlaybackContext context)
   at Microsoft.VisualStudio.TestTools.UITesting.Playback.MapAndThrowException(SystemException exception, String queryId)
   at Microsoft.VisualStudio.TestTools.UITesting.UITestControl..ctor(String queryId)
   at Microsoft.VisualStudio.TestTools.UITesting.SearchHelper.SearchTopLevelWindow(ISearchArgument topLevelSearchArg, String topLevelElementQueryId)
   at Microsoft.VisualStudio.TestTools.UITesting.SearchHelper.GetTitleUpdatedTopLevelWindow(ISearchArgument topLevelSearchArg, String queryId, IList`1 windowTitles)
   at Microsoft.VisualStudio.TestTools.UITesting.SearchHelper.GetTopLevelElement(Boolean useCache, Boolean useCacheOnly, ISearchArgument searchArg, IList`1 windowTitles, Int32&amp; timeLeft)
   at Microsoft.VisualStudio.TestTools.UITesting.SearchHelper.GetElement(Boolean useCache, ISearchArgument searchArg)
   at Microsoft.VisualStudio.TestTools.UITesting.SearchHelper.Search(ISearchArgument searchArg)
   at Microsoft.VisualStudio.TestTools.UITesting.UITestControl.FindInternal()
   at Microsoft.VisualStudio.TestTools.UITesting.UITestControl.FindControlIfNecessary()
   at Microsoft.VisualStudio.TestTools.UITesting.UITestControl.Click(MouseButtons button, ModifierKeys modifierKeys, Point relativeCoordinates)
   at Microsoft.VisualStudio.TestTools.UITesting.Mouse.ClickImplementation(UITestControl control, MouseButtons button, ModifierKeys modifierKeys, Point relativeCoordinate)
   at Microsoft.VisualStudio.TestTools.UITesting.Mouse.ClickImplementationWrapper(UITestControl control, MouseButtons button, ModifierKeys modifierKeys, Point relativeCoordinate)
W, 3504, 15, 2013/05/23, 16:37:58.183, 2798772221067, QTAgent32.exe, PlaybackErrorHandler: Ignoring exception as ContinueOnError is set.
W, 3504, 15, 2013/05/23, 16:37:58.319, 2798774171411, QTAgent32.exe, &lt;a class=success&gt;Playback - {77} [SUCCESS] MouseButtonClick - "[MSAA, VisibleOnly]ControlType='Button' &amp;&amp; Name='No'"
\0&lt;/a&gt;
W, 3504, 15, 2013/05/23, 16:37:58.565, 2798777701025, QTAgent32.exe, &lt;a class=success&gt;Playback - {78} [SUCCESS] MouseButtonClick - "[MSAA, VisibleOnly]ControlType='Button' &amp;&amp; Name='Ok'"
\0&lt;/a&gt;
W, 3504, 15, 2013/05/23, 16:38:06.324, 2798888795409, QTAgent32.exe, PERF WARNING: FindTopLevelWindowHelper::FindAllDescendents: took 7658 ms. Expected it to take maximum 500 ms.
W, 3504, 15, 2013/05/23, 16:38:06.468, 2798890857671, QTAgent32.exe, &lt;a class=success&gt;Playback - {79} [SUCCESS] MouseButtonClick - "[MSAA, VisibleOnly]ControlType='Client'"
\0&lt;/a&gt;
W, 3504, 15, 2013/05/23, 16:38:07.542, 2798906240274, QTAgent32.exe, &lt;a class=success&gt;Playback - {80} [SUCCESS] SendKeys "{Home}" - "[MSAA, VisibleOnly]ControlType='Client'"
\0&lt;/a&gt;
W, 3504, 15, 2013/05/23, 16:38:10.868, 2798953855908, QTAgent32.exe, &lt;a class=success&gt;Playback - {81} [SUCCESS] MouseButtonClick - "[MSAA, VisibleOnly]ControlType='Button' &amp;&amp; Name='Accept'"
\0&lt;/a&gt;
W, 3504, 15, 2013/05/23, 16:38:11.414, 2798961675949, QTAgent32.exe, &lt;a class=success&gt;Playback - {82} [SUCCESS] MouseButtonClick - "[MSAA, VisibleOnly]ControlType='Button' &amp;&amp; Name='Yes'"
\0&lt;/a&gt;
W, 3504, 15, 2013/05/23, 16:38:11.757, 2798966591154, QTAgent32.exe, &lt;a class=success&gt;Playback - {83} [SUCCESS] MouseButtonClick - "[MSAA, VisibleOnly]ControlType='Button' &amp;&amp; Name='Ok'"
\0&lt;/a&gt;
W, 3504, 15, 2013/05/23, 16:38:12.034, 2798970551861, QTAgent32.exe, &lt;a class=success&gt;Playback - {84} [SUCCESS] MouseButtonClick - "[MSAA, VisibleOnly]ControlType='Button' &amp;&amp; Name='Ok'"
\0&lt;/a&gt;
W, 3504, 15, 2013/05/23, 16:38:12.267, 2798973896436, QTAgent32.exe, &lt;a class=success&gt;Playback - {85} [SUCCESS] MouseButtonClick - "[MSAA, VisibleOnly]ControlType='Button' &amp;&amp; Name='Confirm'"
\0&lt;/a&gt;
W, 3504, 15, 2013/05/23, 16:38:43.788, 2799425206147, QTAgent32.exe, Playback - [WARNING] Internal warning: Window Not Found: [VisibleOnly]ControlType='Window' &amp;&amp; Name='Save the file as' &amp;&amp; ClassName='#32770'
\0
E, 3504, 15, 2013/05/23, 16:38:43.792, 2799425263874, QTAgent32.exe, &lt;a class=failure&gt;Playback - {86} [FAILED] Function ElementFetcher::FindScreenElement failed to locate UI element (Searching: ;[VisibleOnly]ControlType='Window' &amp;&amp; Name='Save the file as' &amp;&amp; ClassName='#32770') (The object specified was not found.)
\0&lt;/a&gt;
E, 3504, 15, 2013/05/23, 16:38:44.474, 2799435036966, QTAgent32.exe, Playback - [IMAGE] C:\Users\testuser\AppData\Local\Temp\UITestLogs\LastRun\RPF5422.png
\0
W, 3504, 15, 2013/05/23, 16:38:44.475, 2799435051434, QTAgent32.exe, Playback - [WARNING] Internal warning: Couldn't find descendants that match QueryId
\0
W, 3504, 15, 2013/05/23, 16:38:44.480, 2799435115988, QTAgent32.exe, PERF WARNING: FindTopLevelWindowHelper::FindAllDescendents: took 32111 ms. Expected it to take maximum 500 ms.
W, 3504, 15, 2013/05/23, 16:39:03.130, 2799702154982, QTAgent32.exe, Playback - [WARNING] Internal warning: Window Not Found: [VisibleOnly]ControlType='Window' &amp;&amp; Name='Save the file as' &amp;&amp; ClassName='#32770'
\0
E, 3504, 15, 2013/05/23, 16:39:03.131, 2799702164756, QTAgent32.exe, &lt;a class=failure&gt;Playback - {87} [FAILED] Function ElementFetcher::FindScreenElement failed to locate UI element (Searching: ;[VisibleOnly]ControlType='Window' &amp;&amp; Name='Save the file as' &amp;&amp; ClassName='#32770') (The object specified was not found.)
\0&lt;/a&gt;
E, 3504, 15, 2013/05/23, 16:39:03.218, 2799703414983, QTAgent32.exe, Playback - [IMAGE] C:\Users\testuser\AppData\Local\Temp\UITestLogs\LastRun\RPF9FA3.png
\0
W, 3504, 15, 2013/05/23, 16:39:03.218, 2799703417637, QTAgent32.exe, Playback - [WARNING] Internal warning: Couldn't find descendants that match QueryId
\0
W, 3504, 15, 2013/05/23, 16:39:03.219, 2799703425470, QTAgent32.exe, PERF WARNING: FindTopLevelWindowHelper::FindAllDescendents: took 18736 ms. Expected it to take maximum 500 ms.
W, 3504, 15, 2013/05/23, 16:39:06.136, 2799745193542, QTAgent32.exe, Playback - [WARNING] Internal warning: Smart Match failed
\0
W, 3504, 15, 2013/05/23, 16:39:07.365, 2799762797098, QTAgent32.exe, Playback - [WARNING] Internal warning: Window Not Found: [VisibleOnly]ControlType='Window' &amp;&amp; Name='Save the file as' &amp;&amp; ClassName='#32770'
\0
E, 3504, 15, 2013/05/23, 16:39:07.366, 2799762801515, QTAgent32.exe, &lt;a class=failure&gt;Playback - {88} [FAILED] Function ElementFetcher::FindScreenElement failed to locate UI element (Searching: ;[VisibleOnly]ControlType='Window' &amp;&amp; Name='Save the file as' &amp;&amp; ClassName='#32770') (The object specified was not found.)
\0&lt;/a&gt;
E, 3504, 15, 2013/05/23, 16:39:07.452, 2799764032686, QTAgent32.exe, Playback - [IMAGE] C:\Users\testuser\AppData\Local\Temp\UITestLogs\LastRun\RPFB038.png
\0
W, 3504, 15, 2013/05/23, 16:39:07.452, 2799764035158, QTAgent32.exe, Playback - [WARNING] Internal warning: Couldn't find descendants that match QueryId
\0
W, 3504, 15, 2013/05/23, 16:39:07.452, 2799764039241, QTAgent32.exe, PERF WARNING: FindTopLevelWindowHelper::FindAllDescendents: took 4232 ms. Expected it to take maximum 500 ms.
E, 3504, 15, 2013/05/23, 16:39:07.452, 2799764041220, QTAgent32.exe, Exception: System.Runtime.InteropServices.COMException
	Message: Error HRESULT E_FAIL has been returned from a call to a COM component.
	Stack Trace:    at Microsoft.VisualStudio.TestTools.UITest.Playback.Engine.IRPFPlayback.FindAllScreenElements(IScreenElement pScreenElementStart, String bstrQueryId, Object&amp; pvarResKeys, Int32 cResKeys, Int32 nMaxDepth, Object[]&amp; foundDescendants)
   at Microsoft.VisualStudio.TestTools.UITest.Playback.ScreenElement.FindTopLevelWindowHelper(String queryId)
	BaseExceptionMessage: Error HRESULT E_FAIL has been returned from a call to a COM component.

E, 3504, 15, 2013/05/23, 16:39:07.554, 2799765493111, QTAgent32.exe, AL: Playback Error: Microsoft.VisualStudio.TestTools.UITest.Extension.UITestControlNotFoundException: The playback failed to find the control with the given search properties. Additional Details: 
TechnologyName:  'MSAA'
ControlType:  'Window'
Name:  'Save the file as'
ClassName:  '#32770'
 ---&gt; System.Runtime.InteropServices.COMException: Error HRESULT E_FAIL has been returned from a call to a COM component.
   at Microsoft.VisualStudio.TestTools.UITest.Playback.Engine.IRPFPlayback.FindAllScreenElements(IScreenElement pScreenElementStart, String bstrQueryId, Object&amp; pvarResKeys, Int32 cResKeys, Int32 nMaxDepth, Object[]&amp; foundDescendants)
   at Microsoft.VisualStudio.TestTools.UITest.Playback.ScreenElement.FindTopLevelWindowHelper(String queryId)
   at Microsoft.VisualStudio.TestTools.UITest.Playback.ScreenElement.FindFromPartialQueryId(String queryId)
   at Microsoft.VisualStudio.TestTools.UITesting.UITestControl..ctor(String queryId)
   --- End of inner exception stack trace ---
   at Microsoft.VisualStudio.TestTools.UITesting.Playback.MapControlNotFoundException(COMException ex, IPlaybackContext context)
   at Microsoft.VisualStudio.TestTools.UITesting.Playback.MapAndThrowComException(COMException innerException, IPlaybackContext context)
   at Microsoft.VisualStudio.TestTools.UITesting.Playback.MapAndThrowException(SystemException exception, IPlaybackContext context)
   at Microsoft.VisualStudio.TestTools.UITesting.Playback.MapAndThrowException(SystemException exception, String queryId)
   at Microsoft.VisualStudio.TestTools.UITesting.UITestControl..ctor(String queryId)
   at Microsoft.VisualStudio.TestTools.UITesting.SearchHelper.SearchTopLevelWindow(ISearchArgument topLevelSearchArg, String topLevelElementQueryId)
   at Microsoft.VisualStudio.TestTools.UITesting.SearchHelper.GetTitleUpdatedTopLevelWindow(ISearchArgument topLevelSearchArg, String queryId, IList`1 windowTitles)
   at Microsoft.VisualStudio.TestTools.UITesting.SearchHelper.GetTopLevelElement(Boolean useCache, Boolean useCacheOnly, ISearchArgument searchArg, IList`1 windowTitles, Int32&amp; timeLeft)
   at Microsoft.VisualStudio.TestTools.UITesting.SearchHelper.GetElement(Boolean useCache, ISearchArgument searchArg)
   at Microsoft.VisualStudio.TestTools.UITesting.SearchHelper.Search(ISearchArgument searchArg)
   at Microsoft.VisualStudio.TestTools.UITesting.UITestControl.FindInternal()
   at Microsoft.VisualStudio.TestTools.UITesting.UITestControl.FindControlIfNecessary()
   at Microsoft.VisualStudio.TestTools.UITesting.UITestControl.Click(MouseButtons button, ModifierKeys modifierKeys, Point relativeCoordinates)
   at Microsoft.VisualStudio.TestTools.UITesting.Mouse.ClickImplementation(UITestControl control, MouseButtons button, ModifierKeys modifierKeys, Point relativeCoordinate)
   at Microsoft.VisualStudio.TestTools.UITesting.Mouse.ClickImplementationWrapper(UITestControl control, MouseButtons button, ModifierKeys modifierKeys, Point relativeCoordinate)
W, 3504, 15, 2013/05/23, 16:39:07.554, 2799765497058, QTAgent32.exe, PlaybackErrorHandler: Ignoring exception as ContinueOnError is set.
W, 3504, 15, 2013/05/23, 16:39:07.703, 2799767639189, QTAgent32.exe, &lt;a class=success&gt;Playback - {89} [SUCCESS] Check - "[MSAA, VisibleOnly]ControlType='CheckBox' &amp;&amp; Name='Defer Printing?'"
\0&lt;/a&gt;
W, 3504, 15, 2013/05/23, 16:39:08.228, 2799775146893, QTAgent32.exe, &lt;a class=success&gt;Playback - {90} [SUCCESS] MouseButtonClick - "[MSAA, VisibleOnly]ControlType='Button' &amp;&amp; Name='Ok'"
\0&lt;/a&gt;
W, 3504, 15, 2013/05/23, 16:39:09.311, 2799790653905, QTAgent32.exe, PERF WARNING: FindTopLevelWindowHelper::FindAllDescendents: took 982 ms. Expected it to take maximum 500 ms.
W, 3504, 15, 2013/05/23, 16:39:09.459, 2799792777309, QTAgent32.exe, &lt;a class=success&gt;Playback - {91} [SUCCESS] Uncheck - "[MSAA, VisibleOnly]ControlType='CheckBox' &amp;&amp; Name='Add Activity'"
\0&lt;/a&gt;
W, 3504, 15, 2013/05/23, 16:39:11.927, 2799828116533, QTAgent32.exe, &lt;a class=success&gt;Playback - {92} [SUCCESS] MouseButtonClick - "[MSAA, VisibleOnly]ControlType='Button' &amp;&amp; Name='Ok'"
\0&lt;/a&gt;
W, 3504, 15, 2013/05/23, 16:39:12.192, 2799831904033, QTAgent32.exe, &lt;a class=success&gt;Playback - {93} [SUCCESS] MouseButtonClick - "[MSAA, VisibleOnly]ControlType='Button' &amp;&amp; Name='Ok'"
\0&lt;/a&gt;
W, 3504, 15, 2013/05/23, 16:39:15.500, 2799879272084, QTAgent32.exe, PERF WARNING: FindTopLevelWindowHelper::FindAllDescendents: took 3200 ms. Expected it to take maximum 500 ms.
W, 3504, 15, 2013/05/23, 16:39:15.635, 2799881200403, QTAgent32.exe, &lt;a class=success&gt;Playback - {94} [SUCCESS] MouseButtonClick - "[MSAA, VisibleOnly]ControlType='Button' &amp;&amp; Name='OK'"
\0&lt;/a&gt;
W, 3504, 15, 2013/05/23, 16:39:15.857, 2799884376926, QTAgent32.exe, &lt;a class=success&gt;Playback - {95} [SUCCESS] MouseButtonClick - "[MSAA, VisibleOnly]ControlType='Button' &amp;&amp; Name='Options'"
\0&lt;/a&gt;
W, 3504, 15, 2013/05/23, 16:39:15.958, 2799885834178, QTAgent32.exe, FindScreenElementInSinglePass : Attempting to find control in one pass of search. Failures can occur.
W, 3504, 15, 2013/05/23, 16:39:15.975, 2799886075098, QTAgent32.exe, Playback - [WARNING] Internal failure: Method GetBoundingRectangle failed (HRESULT = 0x1, "Incorrect function.") for Name = "Quote Select List" ," ControlType = "MenuItem"
\0
W, 3504, 15, 2013/05/23, 16:39:15.975, 2799886077091, QTAgent32.exe, Playback - [WARNING] Internal failure: Couldn't get clickable point for ScreenUIElement - GetClickablePoint failed
\0
W, 3504, 15, 2013/05/23, 16:39:15.976, 2799886080726, QTAgent32.exe, FindScreenElementInSinglePass : Attempting to find control in one pass of search. Failures can occur.
W, 3504, 15, 2013/05/23, 16:39:15.978, 2799886118002, QTAgent32.exe, FindScreenElementInSinglePass : Attempting to find control in one pass of search. Failures can occur.
W, 3504, 15, 2013/05/23, 16:39:16.099, 2799887851689, QTAgent32.exe, &lt;a class=success&gt;Playback - {96} [SUCCESS] LeftButtonClick - "[MSAA, VisibleOnly]ControlType='MenuBar' &amp;&amp; Name='Application'"  &lt; Mouse cursor location (960, 31) &gt;
\0&lt;/a&gt;
W, 3504, 15, 2013/05/23, 16:39:16.204, 2799889357403, QTAgent32.exe, &lt;a class=success&gt;Playback - {97} [SUCCESS] LeftButtonClick - "[MSAA]ControlType='MenuItem' &amp;&amp; Name='Options'"  &lt; Mouse cursor location (94, 31) &gt;
\0&lt;/a&gt;
W, 3504, 15, 2013/05/23, 16:39:16.598, 2799894999899, QTAgent32.exe, &lt;a class=success&gt;Playback - {98} [SUCCESS] LeftButtonClick - "[MSAA]ControlType='MenuItem' &amp;&amp; Name='Links'"  &lt; Mouse cursor location (174, 319) &gt;
\0&lt;/a&gt;
W, 3504, 15, 2013/05/23, 16:39:17.005, 2799900819600, QTAgent32.exe, &lt;a class=success&gt;Playback - {99} [SUCCESS] LeftButtonClick - "[MSAA]ControlType='MenuItem' &amp;&amp; Name='3rd Party Integration'"  &lt; Mouse cursor location (375, 319) &gt;
\0&lt;/a&gt;
W, 3504, 15, 2013/05/23, 16:39:17.425, 2799906830896, QTAgent32.exe, &lt;a class=success&gt;Playback - {100} [SUCCESS] MouseButtonClick - "[MSAA]ControlType='MenuItem' &amp;&amp; Name='Quote Select List'"
\0&lt;/a&gt;
W, 3504, 15, 2013/05/23, 16:39:19.513, 2799936730935, QTAgent32.exe, PERF WARNING: FindTopLevelWindowHelper::FindAllDescendents: took 1987 ms. Expected it to take maximum 500 ms.
W, 3504, 15, 2013/05/23, 16:39:19.647, 2799938644383, QTAgent32.exe, &lt;a class=success&gt;Playback - {101} [SUCCESS] MouseButtonClick - "[MSAA, VisibleOnly]ControlType='Button' &amp;&amp; Name='Ok'"
\0&lt;/a&gt;
W, 3504, 15, 2013/05/23, 16:39:21.803, 2799969511469, QTAgent32.exe, PERF WARNING: FindTopLevelWindowHelper::FindAllDescendents: took 2054 ms. Expected it to take maximum 500 ms.
W, 3504, 15, 2013/05/23, 16:39:21.947, 2799971575115, QTAgent32.exe, &lt;a class=success&gt;Playback - {102} [SUCCESS] MouseButtonClick - "[MSAA, VisibleOnly]ControlType='Button' &amp;&amp; Name='MTA...'"
\0&lt;/a&gt;
W, 3504, 15, 2013/05/23, 16:39:23.004, 2799986716825, QTAgent32.exe, PERF WARNING: FindTopLevelWindowHelper::FindAllDescendents: took 955 ms. Expected it to take maximum 500 ms.
W, 3504, 15, 2013/05/23, 16:39:24.503, 2800008185740, QTAgent32.exe, Playback - [WARNING] Internal warning: Incorrect flag set for InvokeProgrammaticAction\0
W, 3504, 15, 2013/05/23, 16:39:24.625, 2800009917771, QTAgent32.exe, &lt;a class=success&gt;Playback - {103} [SUCCESS] SetValueAsComboBox "Change of Vehicle" - "[MSAA, VisibleOnly]ControlType='ComboBox'"  &lt; SetValueAsComboBox, set by clicking on the item in the list box &gt;
\0&lt;/a&gt;
W, 3504, 15, 2013/05/23, 16:39:24.867, 2800013379051, QTAgent32.exe, &lt;a class=success&gt;Playback - {104} [SUCCESS] MouseButtonClick - "[MSAA, VisibleOnly]ControlType='Button' &amp;&amp; Name='OK'"
\0&lt;/a&gt;
W, 3504, 15, 2013/05/23, 16:39:24.967, 2800014813038, QTAgent32.exe, Playback - [WARNING] Internal warning: Thread state based WFR - Requested element has invalid HWND
\0
W, 3504, 15, 2013/05/23, 16:39:24.967, 2800014815025, QTAgent32.exe, Playback - [WARNING] Internal warning: process performance counters based WFR - Requested element has invalid HWND
\0
E, 3504, 15, 2013/05/23, 16:39:24.967, 2800014818351, QTAgent32.exe, EnsureValid called via EnsureValid call for same element
E, 3504, 15, 2013/05/23, 16:39:24.967, 2800014820492, QTAgent32.exe, EnsureValid called via EnsureValid call for same element
E, 3504, 15, 2013/05/23, 16:39:24.967, 2800014821739, QTAgent32.exe, EnsureValid called via EnsureValid call for same element
E, 3504, 15, 2013/05/23, 16:39:24.974, 2800014919888, QTAgent32.exe, Window 2556910 not responding. Last Win32 error 0
E, 3504, 15, 2013/05/23, 16:39:24.974, 2800014921984, QTAgent32.exe, GetClassName for handle 2556910 failed
W, 3504, 15, 2013/05/23, 16:39:26.039, 2800030163140, QTAgent32.exe, PERF WARNING: FindTopLevelWindowHelper::FindAllDescendents: took 1064 ms. Expected it to take maximum 500 ms.
W, 3504, 15, 2013/05/23, 16:39:26.757, 2800040445211, QTAgent32.exe, &lt;a class=success&gt;Playback - {105} [SUCCESS] SendKeys "^{HOME}" - "[MSAA, VisibleOnly]ControlType='Edit'"
\0&lt;/a&gt;
E, 3504, 15, 2013/05/23, 16:39:26.757, 2800040448574, QTAgent32.exe, Msaa.GetFocusedElement: could not find accessible object of foreground window
W, 3504, 15, 2013/05/23, 16:39:26.821, 2800041361712, QTAgent32.exe, &lt;a class=success&gt;Playback - {106} [SUCCESS] SendKeys "^+{END}" - "[MSAA, VisibleOnly]ControlType='Edit'"
\0&lt;/a&gt;
E, 3504, 15, 2013/05/23, 16:39:26.821, 2800041364661, QTAgent32.exe, Msaa.GetFocusedElement: could not find accessible object of foreground window
W, 3504, 15, 2013/05/23, 16:39:26.835, 2800041563421, QTAgent32.exe, &lt;a class=success&gt;Playback - {107} [SUCCESS] SendKeys "{DELETE}" - "[MSAA, VisibleOnly]ControlType='Edit'"
\0&lt;/a&gt;
W, 3504, 15, 2013/05/23, 16:39:27.561, 2800051958463, QTAgent32.exe, &lt;a class=success&gt;Playback - {108} [SUCCESS] SetValueAsEditBox "2000" - "[MSAA, VisibleOnly]ControlType='Edit'"  &lt; Set via SendKeys &gt;
\0&lt;/a&gt;
W, 3504, 15, 2013/05/23, 16:39:27.801, 2800055400631, QTAgent32.exe, &lt;a class=success&gt;Playback - {109} [SUCCESS] MouseButtonClick - "[MSAA, VisibleOnly]ControlType='Button' &amp;&amp; Name='Calculate Quote'"
\0&lt;/a&gt;
W, 3504, 15, 2013/05/23, 16:39:28.795, 2800069631372, QTAgent32.exe, PERF WARNING: FindTopLevelWindowHelper::FindAllDescendents: took 891 ms. Expected it to take maximum 500 ms.
W, 3504, 15, 2013/05/23, 16:39:28.934, 2800071620381, QTAgent32.exe, &lt;a class=success&gt;Playback - {110} [SUCCESS] MouseButtonClick - "[MSAA, VisibleOnly]ControlType='Button' &amp;&amp; Name='OK'"
\0&lt;/a&gt;
W, 3504, 15, 2013/05/23, 16:39:34.441, 2800150465537, QTAgent32.exe, PERF WARNING: FindTopLevelWindowHelper::FindAllDescendents: took 5406 ms. Expected it to take maximum 500 ms.
W, 3504, 15, 2013/05/23, 16:39:34.562, 2800152200820, QTAgent32.exe, &lt;a class=success&gt;Playback - {111} [SUCCESS] MouseButtonClick - "[MSAA, VisibleOnly]ControlType='Client'"
\0&lt;/a&gt;
W, 3504, 15, 2013/05/23, 16:39:35.558, 2800166466500, QTAgent32.exe, &lt;a class=success&gt;Playback - {112} [SUCCESS] SendKeys "{Home}" - "[MSAA, VisibleOnly]ControlType='Client'"
\0&lt;/a&gt;
W, 3504, 15, 2013/05/23, 16:39:35.791, 2800169798893, QTAgent32.exe, &lt;a class=success&gt;Playback - {113} [SUCCESS] MouseButtonClick - "[MSAA, VisibleOnly]ControlType='Button' &amp;&amp; Name='Accept'"
\0&lt;/a&gt;
W, 3504, 15, 2013/05/23, 16:39:36.098, 2800174201162, QTAgent32.exe, &lt;a class=success&gt;Playback - {114} [SUCCESS] MouseButtonClick - "[MSAA, VisibleOnly]ControlType='Button' &amp;&amp; Name='Yes'"
\0&lt;/a&gt;
W, 3504, 15, 2013/05/23, 16:39:36.372, 2800178126025, QTAgent32.exe, &lt;a class=success&gt;Playback - {115} [SUCCESS] MouseButtonClick - "[MSAA, VisibleOnly]ControlType='Button' &amp;&amp; Name='Ok'"
\0&lt;/a&gt;
W, 3504, 15, 2013/05/23, 16:39:58.099, 2800489207695, QTAgent32.exe, PERF WARNING: FindTopLevelWindowHelper::FindAllDescendents: took 21626 ms. Expected it to take maximum 500 ms.
W, 3504, 15, 2013/05/23, 16:40:00.233, 2800519756785, QTAgent32.exe, &lt;a class=success&gt;Playback - {116} [SUCCESS] MouseButtonClick - "[MSAA, VisibleOnly]ControlType='Button' &amp;&amp; Name='OK'"
\0&lt;/a&gt;
W, 3504, 15, 2013/05/23, 16:40:00.338, 2800521269477, QTAgent32.exe, Playback - [WARNING] Internal warning: Thread state based WFR - Requested element has invalid HWND
\0
W, 3504, 15, 2013/05/23, 16:40:00.338, 2800521271346, QTAgent32.exe, Playback - [WARNING] Internal warning: process performance counters based WFR - Requested element has invalid HWND
\0
E, 3504, 15, 2013/05/23, 16:40:00.339, 2800521275723, QTAgent32.exe, EnsureValid called via EnsureValid call for same element
E, 3504, 15, 2013/05/23, 16:40:00.339, 2800521278046, QTAgent32.exe, EnsureValid called via EnsureValid call for same element
E, 3504, 15, 2013/05/23, 16:40:00.339, 2800521279313, QTAgent32.exe, EnsureValid called via EnsureValid call for same element
E, 3504, 15, 2013/05/23, 16:40:00.341, 2800521313035, QTAgent32.exe, Window 3540142 not responding. Last Win32 error 0
E, 3504, 15, 2013/05/23, 16:40:00.341, 2800521314078, QTAgent32.exe, GetClassName for handle 3540142 failed
W, 3504, 15, 2013/05/23, 16:40:00.492, 2800523469729, QTAgent32.exe, &lt;a class=success&gt;Playback - {117} [SUCCESS] Check - "[MSAA, VisibleOnly]ControlType='CheckBox' &amp;&amp; Name='Defer Printing?'"
\0&lt;/a&gt;
W, 3504, 15, 2013/05/23, 16:40:00.832, 2800528332966, QTAgent32.exe, &lt;a class=success&gt;Playback - {118} [SUCCESS] MouseButtonClick - "[MSAA, VisibleOnly]ControlType='Button' &amp;&amp; Name='Ok'"
\0&lt;/a&gt;
W, 3504, 15, 2013/05/23, 16:40:00.932, 2800529767166, QTAgent32.exe, Playback - [WARNING] Internal warning: Thread state based WFR - Requested element has invalid HWND
\0
W, 3504, 15, 2013/05/23, 16:40:00.932, 2800529769343, QTAgent32.exe, Playback - [WARNING] Internal warning: process performance counters based WFR - Requested element has invalid HWND
\0
E, 3504, 15, 2013/05/23, 16:40:00.932, 2800529773101, QTAgent32.exe, EnsureValid called via EnsureValid call for same element
E, 3504, 15, 2013/05/23, 16:40:00.932, 2800529775701, QTAgent32.exe, EnsureValid called via EnsureValid call for same element
E, 3504, 15, 2013/05/23, 16:40:00.932, 2800529777250, QTAgent32.exe, EnsureValid called via EnsureValid call for same element
E, 3504, 15, 2013/05/23, 16:40:00.933, 2800529782549, QTAgent32.exe, Window 2229008 not responding. Last Win32 error 0
E, 3504, 15, 2013/05/23, 16:40:00.933, 2800529783680, QTAgent32.exe, GetClassName for handle 2229008 failed
W, 3504, 15, 2013/05/23, 16:40:02.913, 2800558132910, QTAgent32.exe, PERF WARNING: FindTopLevelWindowHelper::FindAllDescendents: took 1979 ms. Expected it to take maximum 500 ms.
W, 3504, 15, 2013/05/23, 16:40:03.055, 2800560178353, QTAgent32.exe, &lt;a class=success&gt;Playback - {119} [SUCCESS] Uncheck - "[MSAA, VisibleOnly]ControlType='CheckBox' &amp;&amp; Name='Add Activity'"
\0&lt;/a&gt;
W, 3504, 15, 2013/05/23, 16:40:03.410, 2800565252251, QTAgent32.exe, &lt;a class=success&gt;Playback - {120} [SUCCESS] MouseButtonClick - "[MSAA, VisibleOnly]ControlType='Button' &amp;&amp; Name='Ok'"
\0&lt;/a&gt;
W, 3504, 15, 2013/05/23, 16:40:04.939, 2800587147623, QTAgent32.exe, PERF WARNING: FindTopLevelWindowHelper::FindAllDescendents: took 1424 ms. Expected it to take maximum 500 ms.
W, 3504, 15, 2013/05/23, 16:40:05.081, 2800589173506, QTAgent32.exe, &lt;a class=success&gt;Playback - {121} [SUCCESS] MouseButtonClick - "[MSAA, VisibleOnly]ControlType='Button' &amp;&amp; Name='OK'"
\0&lt;/a&gt;
W, 3504, 15, 2013/05/23, 16:40:06.975, 2800616296373, QTAgent32.exe, PERF WARNING: FindTopLevelWindowHelper::FindAllDescendents: took 1787 ms. Expected it to take maximum 500 ms.
W, 3504, 15, 2013/05/23, 16:40:07.110, 2800618239522, QTAgent32.exe, &lt;a class=success&gt;Playback - {122} [SUCCESS] MouseButtonClick - "[MSAA, VisibleOnly]ControlType='Button' &amp;&amp; Name='OK'"
\0&lt;/a&gt;
W, 3504, 15, 2013/05/23, 16:40:07.332, 2800621412645, QTAgent32.exe, &lt;a class=success&gt;Playback - {123} [SUCCESS] MouseButtonClick - "[MSAA, VisibleOnly]ControlType='Button' &amp;&amp; Name='Options'"
\0&lt;/a&gt;
W, 3504, 15, 2013/05/23, 16:40:07.433, 2800622853973, QTAgent32.exe, FindScreenElementInSinglePass : Attempting to find control in one pass of search. Failures can occur.
W, 3504, 15, 2013/05/23, 16:40:07.457, 2800623207233, QTAgent32.exe, Playback - [WARNING] Internal failure: Method GetBoundingRectangle failed (HRESULT = 0x1, "Incorrect function.") for Name = "Quote Select List" ," ControlType = "MenuItem"
\0
W, 3504, 15, 2013/05/23, 16:40:07.457, 2800623209297, QTAgent32.exe, Playback - [WARNING] Internal failure: Couldn't get clickable point for ScreenUIElement - GetClickablePoint failed
\0
W, 3504, 15, 2013/05/23, 16:40:07.458, 2800623213227, QTAgent32.exe, FindScreenElementInSinglePass : Attempting to find control in one pass of search. Failures can occur.
W, 3504, 15, 2013/05/23, 16:40:07.461, 2800623253304, QTAgent32.exe, FindScreenElementInSinglePass : Attempting to find control in one pass of search. Failures can occur.
W, 3504, 15, 2013/05/23, 16:40:07.662, 2800626135766, QTAgent32.exe, &lt;a class=success&gt;Playback - {124} [SUCCESS] LeftButtonClick - "[MSAA, VisibleOnly]ControlType='MenuBar' &amp;&amp; Name='Application'"  &lt; Mouse cursor location (960, 31) &gt;
\0&lt;/a&gt;
W, 3504, 15, 2013/05/23, 16:40:07.773, 2800627725446, QTAgent32.exe, &lt;a class=success&gt;Playback - {125} [SUCCESS] LeftButtonClick - "[MSAA]ControlType='MenuItem' &amp;&amp; Name='Options'"  &lt; Mouse cursor location (94, 31) &gt;
\0&lt;/a&gt;
W, 3504, 15, 2013/05/23, 16:40:08.150, 2800633122513, QTAgent32.exe, &lt;a class=success&gt;Playback - {126} [SUCCESS] LeftButtonClick - "[MSAA]ControlType='MenuItem' &amp;&amp; Name='Links'"  &lt; Mouse cursor location (174, 319) &gt;
\0&lt;/a&gt;
W, 3504, 15, 2013/05/23, 16:40:08.542, 2800638737295, QTAgent32.exe, &lt;a class=success&gt;Playback - {127} [SUCCESS] LeftButtonClick - "[MSAA]ControlType='MenuItem' &amp;&amp; Name='3rd Party Integration'"  &lt; Mouse cursor location (375, 319) &gt;
\0&lt;/a&gt;
W, 3504, 15, 2013/05/23, 16:40:08.913, 2800644044245, QTAgent32.exe, &lt;a class=success&gt;Playback - {128} [SUCCESS] MouseButtonClick - "[MSAA]ControlType='MenuItem' &amp;&amp; Name='Quote Select List'"
\0&lt;/a&gt;
W, 3504, 15, 2013/05/23, 16:40:10.245, 2800663112988, QTAgent32.exe, PERF WARNING: FindTopLevelWindowHelper::FindAllDescendents: took 1227 ms. Expected it to take maximum 500 ms.
W, 3504, 15, 2013/05/23, 16:40:10.386, 2800665141432, QTAgent32.exe, &lt;a class=success&gt;Playback - {129} [SUCCESS] MouseButtonClick - "[MSAA, VisibleOnly]ControlType='Button' &amp;&amp; Name='Ok'"
\0&lt;/a&gt;
W, 3504, 15, 2013/05/23, 16:40:12.715, 2800698485523, QTAgent32.exe, PERF WARNING: FindTopLevelWindowHelper::FindAllDescendents: took 2227 ms. Expected it to take maximum 500 ms.
W, 3504, 15, 2013/05/23, 16:40:12.851, 2800700426037, QTAgent32.exe, &lt;a class=success&gt;Playback - {130} [SUCCESS] MouseButtonClick - "[MSAA, VisibleOnly]ControlType='Button' &amp;&amp; Name='MTA...'"
\0&lt;/a&gt;
W, 3504, 15, 2013/05/23, 16:40:12.951, 2800701863749, QTAgent32.exe, Playback - [WARNING] Internal warning: Thread state based WFR - Requested element has invalid HWND
\0
W, 3504, 15, 2013/05/23, 16:40:12.951, 2800701865578, QTAgent32.exe, Playback - [WARNING] Internal warning: process performance counters based WFR - Requested element has invalid HWND
\0
E, 3504, 15, 2013/05/23, 16:40:12.951, 2800701868637, QTAgent32.exe, EnsureValid called via EnsureValid call for same element
E, 3504, 15, 2013/05/23, 16:40:12.952, 2800701870875, QTAgent32.exe, EnsureValid called via EnsureValid call for same element
E, 3504, 15, 2013/05/23, 16:40:12.952, 2800701872031, QTAgent32.exe, EnsureValid called via EnsureValid call for same element
E, 3504, 15, 2013/05/23, 16:40:12.952, 2800701876163, QTAgent32.exe, Window 1770348 not responding. Last Win32 error 0
E, 3504, 15, 2013/05/23, 16:40:12.953, 2800701888346, QTAgent32.exe, GetClassName for handle 1770348 failed
W, 3504, 15, 2013/05/23, 16:40:13.840, 2800714597685, QTAgent32.exe, PERF WARNING: FindTopLevelWindowHelper::FindAllDescendents: took 887 ms. Expected it to take maximum 500 ms.
W, 3504, 15, 2013/05/23, 16:40:15.275, 2800735142900, QTAgent32.exe, Playback - [WARNING] Internal warning: Incorrect flag set for InvokeProgrammaticAction\0
W, 3504, 15, 2013/05/23, 16:40:15.395, 2800736860971, QTAgent32.exe, &lt;a class=success&gt;Playback - {131} [SUCCESS] SetValueAsComboBox "Change of Vehicle" - "[MSAA, VisibleOnly]ControlType='ComboBox'"  &lt; SetValueAsComboBox, set by clicking on the item in the list box &gt;
\0&lt;/a&gt;
W, 3504, 15, 2013/05/23, 16:40:15.630, 2800740220103, QTAgent32.exe, &lt;a class=success&gt;Playback - {132} [SUCCESS] MouseButtonClick - "[MSAA, VisibleOnly]ControlType='Button' &amp;&amp; Name='OK'"
\0&lt;/a&gt;
W, 3504, 15, 2013/05/23, 16:40:15.730, 2800741652939, QTAgent32.exe, Playback - [WARNING] Internal warning: Thread state based WFR - Requested element has invalid HWND
\0
W, 3504, 15, 2013/05/23, 16:40:15.730, 2800741655328, QTAgent32.exe, Playback - [WARNING] Internal warning: process performance counters based WFR - Requested element has invalid HWND
\0
E, 3504, 15, 2013/05/23, 16:40:15.730, 2800741659208, QTAgent32.exe, EnsureValid called via EnsureValid call for same element
E, 3504, 15, 2013/05/23, 16:40:15.730, 2800741661930, QTAgent32.exe, EnsureValid called via EnsureValid call for same element
E, 3504, 15, 2013/05/23, 16:40:15.730, 2800741663478, QTAgent32.exe, EnsureValid called via EnsureValid call for same element
E, 3504, 15, 2013/05/23, 16:40:15.731, 2800741667400, QTAgent32.exe, GetClassName for handle 3016020 failed
E, 3504, 15, 2013/05/23, 16:40:15.731, 2800741673305, QTAgent32.exe, GetClassName for handle 3016020 failed
E, 3504, 15, 2013/05/23, 16:40:15.732, 2800741683206, QTAgent32.exe, Exception: System.Runtime.InteropServices.COMException
	Message: Error HRESULT E_FAIL has been returned from a call to a COM component.
	Stack Trace:    at Accessibility.IAccessible.get_accState(Object varChild)
   at Microsoft.VisualStudio.TestTools.UITest.Extension.Msaa.AccWrapper.get_State()
	BaseExceptionMessage: Error HRESULT E_FAIL has been returned from a call to a COM component.

E, 3504, 15, 2013/05/23, 16:40:15.732, 2800741688640, QTAgent32.exe, Exception: System.Runtime.InteropServices.COMException
	Message: Error HRESULT E_FAIL has been returned from a call to a COM component.
	Stack Trace:    at Accessibility.IAccessible.get_accState(Object varChild)
   at Microsoft.VisualStudio.TestTools.UITest.Extension.Msaa.AccWrapper.get_State()
	BaseExceptionMessage: Error HRESULT E_FAIL has been returned from a call to a COM component.

E, 3504, 15, 2013/05/23, 16:40:15.733, 2800741693953, QTAgent32.exe, Exception: System.Runtime.InteropServices.COMException
	Message: Error HRESULT E_FAIL has been returned from a call to a COM component.
	Stack Trace:    at Accessibility.IAccessible.get_accState(Object varChild)
   at Microsoft.VisualStudio.TestTools.UITest.Extension.Msaa.AccWrapper.get_State()
	BaseExceptionMessage: Error HRESULT E_FAIL has been returned from a call to a COM component.

E, 3504, 15, 2013/05/23, 16:40:15.733, 2800741698999, QTAgent32.exe, Exception: System.Runtime.InteropServices.COMException
	Message: Error HRESULT E_FAIL has been returned from a call to a COM component.
	Stack Trace:    at Accessibility.IAccessible.get_accState(Object varChild)
   at Microsoft.VisualStudio.TestTools.UITest.Extension.Msaa.AccWrapper.get_State()
	BaseExceptionMessage: Error HRESULT E_FAIL has been returned from a call to a COM component.

E, 3504, 15, 2013/05/23, 16:40:15.733, 2800741704418, QTAgent32.exe, Exception: System.Runtime.InteropServices.COMException
	Message: Error HRESULT E_FAIL has been returned from a call to a COM component.
	Stack Trace:    at Accessibility.IAccessible.get_accState(Object varChild)
   at Microsoft.VisualStudio.TestTools.UITest.Extension.Msaa.AccWrapper.get_State()
	BaseExceptionMessage: Error HRESULT E_FAIL has been returned from a call to a COM component.

E, 3504, 15, 2013/05/23, 16:40:15.734, 2800741709746, QTAgent32.exe, Exception: System.Runtime.InteropServices.COMException
	Message: Error HRESULT E_FAIL has been returned from a call to a COM component.
	Stack Trace:    at Accessibility.IAccessible.get_accState(Object varChild)
   at Microsoft.VisualStudio.TestTools.UITest.Extension.Msaa.AccWrapper.get_State()
	BaseExceptionMessage: Error HRESULT E_FAIL has been returned from a call to a COM component.

E, 3504, 15, 2013/05/23, 16:40:15.734, 2800741715167, QTAgent32.exe, Exception: System.Runtime.InteropServices.COMException
	Message: Error HRESULT E_FAIL has been returned from a call to a COM component.
	Stack Trace:    at Accessibility.IAccessible.get_accState(Object varChild)
   at Microsoft.VisualStudio.TestTools.UITest.Extension.Msaa.AccWrapper.get_State()
	BaseExceptionMessage: Error HRESULT E_FAIL has been returned from a call to a COM component.

W, 3504, 15, 2013/05/23, 16:40:15.933, 2800744555600, QTAgent32.exe, PERF WARNING: MSAA.UpdateQueryIDForNamelessControls: took 201 ms. Expected it to take maximum 200 ms.
W, 3504, 15, 2013/05/23, 16:40:15.933, 2800744560138, QTAgent32.exe, Msaa.Navigate: Exception [Error HRESULT E_FAIL has been returned from a call to a COM component.] while calling accNavigate.
E, 3504, 15, 2013/05/23, 16:40:15.933, 2800744561084, QTAgent32.exe, GetClassName for handle 2753892 failed
E, 3504, 15, 2013/05/23, 16:40:15.933, 2800744561808, QTAgent32.exe, Window 2753892 not responding. Last Win32 error 1400
E, 3504, 15, 2013/05/23, 16:40:15.933, 2800744563966, QTAgent32.exe, GetClassName for handle 3016020 failed
W, 3504, 15, 2013/05/23, 16:40:16.680, 2800755250331, QTAgent32.exe, &lt;a class=success&gt;Playback - {133} [SUCCESS] SendKeys "^{HOME}" - "[MSAA, VisibleOnly]ControlType='Edit'"
\0&lt;/a&gt;
E, 3504, 15, 2013/05/23, 16:40:16.680, 2800755253778, QTAgent32.exe, Msaa.GetFocusedElement: could not find accessible object of foreground window
W, 3504, 15, 2013/05/23, 16:40:16.743, 2800756152566, QTAgent32.exe, &lt;a class=success&gt;Playback - {134} [SUCCESS] SendKeys "^+{END}" - "[MSAA, VisibleOnly]ControlType='Edit'"
\0&lt;/a&gt;
E, 3504, 15, 2013/05/23, 16:40:16.743, 2800756155855, QTAgent32.exe, Msaa.GetFocusedElement: could not find accessible object of foreground window
W, 3504, 15, 2013/05/23, 16:40:16.758, 2800756368039, QTAgent32.exe, &lt;a class=success&gt;Playback - {135} [SUCCESS] SendKeys "{DELETE}" - "[MSAA, VisibleOnly]ControlType='Edit'"
\0&lt;/a&gt;
W, 3504, 15, 2013/05/23, 16:40:17.474, 2800766617872, QTAgent32.exe, &lt;a class=success&gt;Playback - {136} [SUCCESS] SetValueAsEditBox "2000" - "[MSAA, VisibleOnly]ControlType='Edit'"  &lt; Set via SendKeys &gt;
\0&lt;/a&gt;
W, 3504, 15, 2013/05/23, 16:40:17.708, 2800769968533, QTAgent32.exe, &lt;a class=success&gt;Playback - {137} [SUCCESS] MouseButtonClick - "[MSAA, VisibleOnly]ControlType='Button' &amp;&amp; Name='Calculate Quote'"
\0&lt;/a&gt;
W, 3504, 15, 2013/05/23, 16:40:18.612, 2800782922470, QTAgent32.exe, PERF WARNING: FindTopLevelWindowHelper::FindAllDescendents: took 802 ms. Expected it to take maximum 500 ms.
W, 3504, 15, 2013/05/23, 16:40:18.747, 2800784849844, QTAgent32.exe, &lt;a class=success&gt;Playback - {138} [SUCCESS] MouseButtonClick - "[MSAA, VisibleOnly]ControlType='Button' &amp;&amp; Name='OK'"
\0&lt;/a&gt;
W, 3504, 15, 2013/05/23, 16:40:24.301, 2800864374793, QTAgent32.exe, PERF WARNING: FindTopLevelWindowHelper::FindAllDescendents: took 5454 ms. Expected it to take maximum 500 ms.
W, 3504, 15, 2013/05/23, 16:40:24.417, 2800866030883, QTAgent32.exe, &lt;a class=success&gt;Playback - {139} [SUCCESS] MouseButtonClick - "[MSAA, VisibleOnly]ControlType='Client'"
\0&lt;/a&gt;
W, 3504, 15, 2013/05/23, 16:40:25.278, 2800878358011, QTAgent32.exe, &lt;a class=success&gt;Playback - {140} [SUCCESS] SendKeys "{Home}" - "[MSAA, VisibleOnly]ControlType='Client'"
\0&lt;/a&gt;
W, 3504, 15, 2013/05/23, 16:40:25.528, 2800881946516, QTAgent32.exe, &lt;a class=success&gt;Playback - {141} [SUCCESS] MouseButtonClick - "[MSAA, VisibleOnly]ControlType='Button' &amp;&amp; Name='Accept'"
\0&lt;/a&gt;
W, 3504, 15, 2013/05/23, 16:40:25.836, 2800886349795, QTAgent32.exe, &lt;a class=success&gt;Playback - {142} [SUCCESS] MouseButtonClick - "[MSAA, VisibleOnly]ControlType='Button' &amp;&amp; Name='Yes'"
\0&lt;/a&gt;
W, 3504, 15, 2013/05/23, 16:40:26.102, 2800890168305, QTAgent32.exe, &lt;a class=success&gt;Playback - {143} [SUCCESS] MouseButtonClick - "[MSAA, VisibleOnly]ControlType='Button' &amp;&amp; Name='Ok'"
\0&lt;/a&gt;
W, 3504, 15, 2013/05/23, 16:40:48.967, 2801217552071, QTAgent32.exe, PERF WARNING: FindTopLevelWindowHelper::FindAllDescendents: took 22764 ms. Expected it to take maximum 500 ms.
W, 3504, 15, 2013/05/23, 16:40:51.113, 2801248278700, QTAgent32.exe, &lt;a class=success&gt;Playback - {144} [SUCCESS] MouseButtonClick - "[MSAA, VisibleOnly]ControlType='Button' &amp;&amp; Name='OK'"
\0&lt;/a&gt;
W, 3504, 15, 2013/05/23, 16:40:51.214, 2801249713643, QTAgent32.exe, Playback - [WARNING] Internal warning: Thread state based WFR - Requested element has invalid HWND
\0
W, 3504, 15, 2013/05/23, 16:40:51.214, 2801249715846, QTAgent32.exe, Playback - [WARNING] Internal warning: process performance counters based WFR - Requested element has invalid HWND
\0
E, 3504, 15, 2013/05/23, 16:40:51.214, 2801249721520, QTAgent32.exe, EnsureValid called via EnsureValid call for same element
E, 3504, 15, 2013/05/23, 16:40:51.215, 2801249724836, QTAgent32.exe, EnsureValid called via EnsureValid call for same element
E, 3504, 15, 2013/05/23, 16:40:51.215, 2801249726512, QTAgent32.exe, EnsureValid called via EnsureValid call for same element
E, 3504, 15, 2013/05/23, 16:40:51.215, 2801249732770, QTAgent32.exe, GetClassName for handle 2818960 failed
E, 3504, 15, 2013/05/23, 16:40:51.217, 2801249754495, QTAgent32.exe, Window 2818960 not responding. Last Win32 error 1400
E, 3504, 15, 2013/05/23, 16:40:51.217, 2801249756983, QTAgent32.exe, GetClassName for handle 2818960 failed
W, 3504, 15, 2013/05/23, 16:40:51.357, 2801251769889, QTAgent32.exe, &lt;a class=success&gt;Playback - {145} [SUCCESS] Check - "[MSAA, VisibleOnly]ControlType='CheckBox' &amp;&amp; Name='Defer Printing?'"
\0&lt;/a&gt;
W, 3504, 15, 2013/05/23, 16:40:51.750, 2801257392664, QTAgent32.exe, &lt;a class=success&gt;Playback - {146} [SUCCESS] MouseButtonClick - "[MSAA, VisibleOnly]ControlType='Button' &amp;&amp; Name='Ok'"
\0&lt;/a&gt;
W, 3504, 15, 2013/05/23, 16:40:51.850, 2801258826944, QTAgent32.exe, Playback - [WARNING] Internal warning: Thread state based WFR - Requested element has invalid HWND
\0
W, 3504, 15, 2013/05/23, 16:40:51.850, 2801258829166, QTAgent32.exe, Playback - [WARNING] Internal warning: process performance counters based WFR - Requested element has invalid HWND
\0
E, 3504, 15, 2013/05/23, 16:40:51.851, 2801258833101, QTAgent32.exe, EnsureValid called via EnsureValid call for same element
E, 3504, 15, 2013/05/23, 16:40:51.851, 2801258835787, QTAgent32.exe, EnsureValid called via EnsureValid call for same element
E, 3504, 15, 2013/05/23, 16:40:51.851, 2801258837355, QTAgent32.exe, EnsureValid called via EnsureValid call for same element
E, 3504, 15, 2013/05/23, 16:40:51.851, 2801258842392, QTAgent32.exe, GetClassName for handle 2622470 failed
E, 3504, 15, 2013/05/23, 16:40:51.853, 2801258863306, QTAgent32.exe, Window 2622470 not responding. Last Win32 error 1400
E, 3504, 15, 2013/05/23, 16:40:51.853, 2801258865661, QTAgent32.exe, GetClassName for handle 2622470 failed
W, 3504, 15, 2013/05/23, 16:40:53.099, 2801276705586, QTAgent32.exe, PERF WARNING: FindTopLevelWindowHelper::FindAllDescendents: took 1245 ms. Expected it to take maximum 500 ms.
W, 3504, 15, 2013/05/23, 16:40:53.243, 2801278769808, QTAgent32.exe, &lt;a class=success&gt;Playback - {147} [SUCCESS] Uncheck - "[MSAA, VisibleOnly]ControlType='CheckBox' &amp;&amp; Name='Add Activity'"
\0&lt;/a&gt;
W, 3504, 15, 2013/05/23, 16:40:53.644, 2801284514064, QTAgent32.exe, &lt;a class=success&gt;Playback - {148} [SUCCESS] MouseButtonClick - "[MSAA, VisibleOnly]ControlType='Button' &amp;&amp; Name='Ok'"
\0&lt;/a&gt;
W, 3504, 15, 2013/05/23, 16:40:54.986, 2801303725341, QTAgent32.exe, PERF WARNING: FindTopLevelWindowHelper::FindAllDescendents: took 1235 ms. Expected it to take maximum 500 ms.
W, 3504, 15, 2013/05/23, 16:40:55.128, 2801305769880, QTAgent32.exe, &lt;a class=success&gt;Playback - {149} [SUCCESS] MouseButtonClick - "[MSAA, VisibleOnly]ControlType='Button' &amp;&amp; Name='OK'"
\0&lt;/a&gt;
W, 3504, 15, 2013/05/23, 16:40:57.009, 2801332699491, QTAgent32.exe, PERF WARNING: FindTopLevelWindowHelper::FindAllDescendents: took 1780 ms. Expected it to take maximum 500 ms.
W, 3504, 15, 2013/05/23, 16:40:57.134, 2801334480991, QTAgent32.exe, &lt;a class=success&gt;Playback - {150} [SUCCESS] MouseButtonClick - "[MSAA, VisibleOnly]ControlType='Button' &amp;&amp; Name='OK'"
\0&lt;/a&gt;
W, 3504, 15, 2013/05/23, 16:40:57.359, 2801337702664, QTAgent32.exe, &lt;a class=success&gt;Playback - {151} [SUCCESS] MouseButtonClick - "[MSAA, VisibleOnly]ControlType='Button' &amp;&amp; Name='Options'"
\0&lt;/a&gt;
W, 3504, 15, 2013/05/23, 16:40:57.487, 2801339542584, QTAgent32.exe, FindScreenElementInSinglePass : Attempting to find control in one pass of search. Failures can occur.
W, 3504, 15, 2013/05/23, 16:40:57.515, 2801339933611, QTAgent32.exe, Playback - [WARNING] Internal failure: Method GetBoundingRectangle failed (HRESULT = 0x1, "Incorrect function.") for Name = "Copy Risk" ," ControlType = "MenuItem"
\0
W, 3504, 15, 2013/05/23, 16:40:57.515, 2801339941398, QTAgent32.exe, Playback - [WARNING] Internal failure: Couldn't get clickable point for ScreenUIElement - GetClickablePoint failed
\0
W, 3504, 15, 2013/05/23, 16:40:57.517, 2801339962527, QTAgent32.exe, FindScreenElementInSinglePass : Attempting to find control in one pass of search. Failures can occur.
W, 3504, 15, 2013/05/23, 16:40:57.526, 2801340097070, QTAgent32.exe, FindScreenElementInSinglePass : Attempting to find control in one pass of search. Failures can occur.
W, 3504, 15, 2013/05/23, 16:40:57.647, 2801341835345, QTAgent32.exe, &lt;a class=success&gt;Playback - {152} [SUCCESS] LeftButtonClick - "[MSAA, VisibleOnly]ControlType='MenuBar' &amp;&amp; Name='Application'"  &lt; Mouse cursor location (960, 31) &gt;
\0&lt;/a&gt;
W, 3504, 15, 2013/05/23, 16:40:57.754, 2801343366456, QTAgent32.exe, &lt;a class=success&gt;Playback - {153} [SUCCESS] LeftButtonClick - "[MSAA]ControlType='MenuItem' &amp;&amp; Name='Options'"  &lt; Mouse cursor location (94, 31) &gt;
\0&lt;/a&gt;
W, 3504, 15, 2013/05/23, 16:40:58.135, 2801348821970, QTAgent32.exe, &lt;a class=success&gt;Playback - {154} [SUCCESS] LeftButtonClick - "[MSAA]ControlType='MenuItem' &amp;&amp; Name='Links'"  &lt; Mouse cursor location (174, 319) &gt;
\0&lt;/a&gt;
W, 3504, 15, 2013/05/23, 16:40:58.532, 2801354508902, QTAgent32.exe, &lt;a class=success&gt;Playback - {155} [SUCCESS] LeftButtonClick - "[MSAA]ControlType='MenuItem' &amp;&amp; Name='3rd Party Integration'"  &lt; Mouse cursor location (375, 319) &gt;
\0&lt;/a&gt;
W, 3504, 15, 2013/05/23, 16:40:58.918, 2801360030196, QTAgent32.exe, &lt;a class=success&gt;Playback - {156} [SUCCESS] MouseButtonClick - "[MSAA]ControlType='MenuItem' &amp;&amp; Name='Copy Risk'"
\0&lt;/a&gt;
W, 3504, 15, 2013/05/23, 16:41:00.556, 2801383473815, QTAgent32.exe, PERF WARNING: FindTopLevelWindowHelper::FindAllDescendents: took 1535 ms. Expected it to take maximum 500 ms.
W, 3504, 15, 2013/05/23, 16:41:00.701, 2801385552122, QTAgent32.exe, &lt;a class=success&gt;Playback - {157} [SUCCESS] MouseButtonClick - "[MSAA, VisibleOnly]ControlType='Button' &amp;&amp; Name='Ok'"
\0&lt;/a&gt;
W, 3504, 15, 2013/05/23, 16:41:03.613, 2801427249656, QTAgent32.exe, PERF WARNING: FindTopLevelWindowHelper::FindAllDescendents: took 2808 ms. Expected it to take maximum 500 ms.
W, 3504, 15, 2013/05/23, 16:41:04.001, 2801432799274, QTAgent32.exe, &lt;a class=success&gt;Playback - {158} [SUCCESS] MouseButtonClick - "[MSAA, VisibleOnly]ControlType='Button' &amp;&amp; Name='OK'"
\0&lt;/a&gt;
W, 3504, 15, 2013/05/23, 16:41:04.143, 2801434844114, QTAgent32.exe, Playback - [WARNING] Internal warning: Thread state based WFR - Requested element has invalid HWND
\0
W, 3504, 15, 2013/05/23, 16:41:04.144, 2801434846197, QTAgent32.exe, Playback - [WARNING] Internal warning: process performance counters based WFR - Requested element has invalid HWND
\0
E, 3504, 15, 2013/05/23, 16:41:04.144, 2801434849365, QTAgent32.exe, EnsureValid called via EnsureValid call for same element
E, 3504, 15, 2013/05/23, 16:41:04.144, 2801434851532, QTAgent32.exe, EnsureValid called via EnsureValid call for same element
E, 3504, 15, 2013/05/23, 16:41:04.144, 2801434852868, QTAgent32.exe, EnsureValid called via EnsureValid call for same element
E, 3504, 15, 2013/05/23, 16:41:04.144, 2801434856273, QTAgent32.exe, Window 2360356 not responding. Last Win32 error 0
E, 3504, 15, 2013/05/23, 16:41:04.144, 2801434858265, QTAgent32.exe, GetClassName for handle 2360356 failed
W, 3504, 15, 2013/05/23, 16:41:05.116, 2801448777496, QTAgent32.exe, PERF WARNING: FindTopLevelWindowHelper::FindAllDescendents: took 971 ms. Expected it to take maximum 500 ms.
W, 3504, 15, 2013/05/23, 16:41:05.132, 2801449002034, QTAgent32.exe, Playback - [WARNING] Internal warning: Thread state based WFR - Requested element has invalid HWND
\0
W, 3504, 15, 2013/05/23, 16:41:05.132, 2801449003587, QTAgent32.exe, Playback - [WARNING] Internal warning: process performance counters based WFR - Requested element has invalid HWND
\0
E, 3504, 15, 2013/05/23, 16:41:05.132, 2801449006087, QTAgent32.exe, EnsureValid called via EnsureValid call for same element
E, 3504, 15, 2013/05/23, 16:41:05.133, 2801449008272, QTAgent32.exe, EnsureValid called via EnsureValid call for same element
E, 3504, 15, 2013/05/23, 16:41:05.133, 2801449009472, QTAgent32.exe, EnsureValid called via EnsureValid call for same element
E, 3504, 15, 2013/05/23, 16:41:05.133, 2801449012220, QTAgent32.exe, Window 3015854 not responding. Last Win32 error 0
E, 3504, 15, 2013/05/23, 16:41:05.133, 2801449014005, QTAgent32.exe, GetClassName for handle 3015854 failed
W, 3504, 15, 2013/05/23, 16:41:05.157, 2801449353168, QTAgent32.exe, Playback - [WARNING] Internal warning: Thread state based WFR - Requested element has invalid HWND
\0
W, 3504, 15, 2013/05/23, 16:41:05.157, 2801449354745, QTAgent32.exe, Playback - [WARNING] Internal warning: process performance counters based WFR - Requested element has invalid HWND
\0
E, 3504, 15, 2013/05/23, 16:41:05.157, 2801449356970, QTAgent32.exe, EnsureValid called via EnsureValid call for same element
E, 3504, 15, 2013/05/23, 16:41:05.157, 2801449359121, QTAgent32.exe, EnsureValid called via EnsureValid call for same element
E, 3504, 15, 2013/05/23, 16:41:05.157, 2801449360293, QTAgent32.exe, EnsureValid called via EnsureValid call for same element
E, 3504, 15, 2013/05/23, 16:41:05.157, 2801449363034, QTAgent32.exe, Window 2163396 not responding. Last Win32 error 0
E, 3504, 15, 2013/05/23, 16:41:05.157, 2801449364849, QTAgent32.exe, GetClassName for handle 2163396 failed
W, 3504, 15, 2013/05/23, 16:41:05.171, 2801449561536, QTAgent32.exe, Playback - [WARNING] Internal warning: Thread state based WFR - Requested element has invalid HWND
\0
W, 3504, 15, 2013/05/23, 16:41:05.171, 2801449563069, QTAgent32.exe, Playback - [WARNING] Internal warning: process performance counters based WFR - Requested element has invalid HWND
\0
E, 3504, 15, 2013/05/23, 16:41:05.171, 2801449565346, QTAgent32.exe, EnsureValid called via EnsureValid call for same element
E, 3504, 15, 2013/05/23, 16:41:05.172, 2801449567534, QTAgent32.exe, EnsureValid called via EnsureValid call for same element
E, 3504, 15, 2013/05/23, 16:41:05.172, 2801449568696, QTAgent32.exe, EnsureValid called via EnsureValid call for same element
E, 3504, 15, 2013/05/23, 16:41:05.172, 2801449571481, QTAgent32.exe, Window 2098016 not responding. Last Win32 error 0
E, 3504, 15, 2013/05/23, 16:41:05.172, 2801449573264, QTAgent32.exe, GetClassName for handle 2098016 failed
W, 3504, 15, 2013/05/23, 16:41:05.318, 2801451660395, QTAgent32.exe, &lt;a class=success&gt;Playback - {159} [SUCCESS] MouseButtonClick - "[MSAA, VisibleOnly]ControlType='Button' &amp;&amp; Name='OK'"
\0&lt;/a&gt;
W, 3504, 15, 2013/05/23, 16:41:05.539, 2801454826839, QTAgent32.exe, Playback - [WARNING] Internal warning: Thread state based WFR - Requested element has invalid HWND
\0
W, 3504, 15, 2013/05/23, 16:41:05.539, 2801454828513, QTAgent32.exe, Playback - [WARNING] Internal warning: process performance counters based WFR - Requested element has invalid HWND
\0
E, 3504, 15, 2013/05/23, 16:41:05.539, 2801454831302, QTAgent32.exe, EnsureValid called via EnsureValid call for same element
E, 3504, 15, 2013/05/23, 16:41:05.539, 2801454833383, QTAgent32.exe, EnsureValid called via EnsureValid call for same element
E, 3504, 15, 2013/05/23, 16:41:05.539, 2801454834540, QTAgent32.exe, EnsureValid called via EnsureValid call for same element
E, 3504, 15, 2013/05/23, 16:41:05.540, 2801454837494, QTAgent32.exe, GetClassName for handle 2688030 failed
E, 3504, 15, 2013/05/23, 16:41:05.540, 2801454841671, QTAgent32.exe, GetClassName for handle 2688030 failed
E, 3504, 15, 2013/05/23, 16:41:05.540, 2801454849097, QTAgent32.exe, Exception: System.Runtime.InteropServices.COMException
	Message: Error HRESULT E_FAIL has been returned from a call to a COM component.
	Stack Trace:    at Accessibility.IAccessible.get_accState(Object varChild)
   at Microsoft.VisualStudio.TestTools.UITest.Extension.Msaa.AccWrapper.get_State()
	BaseExceptionMessage: Error HRESULT E_FAIL has been returned from a call to a COM component.

E, 3504, 15, 2013/05/23, 16:41:05.541, 2801454853172, QTAgent32.exe, Exception: System.Runtime.InteropServices.COMException
	Message: Error HRESULT E_FAIL has been returned from a call to a COM component.
	Stack Trace:    at Accessibility.IAccessible.get_accState(Object varChild)
   at Microsoft.VisualStudio.TestTools.UITest.Extension.Msaa.AccWrapper.get_State()
	BaseExceptionMessage: Error HRESULT E_FAIL has been returned from a call to a COM component.

E, 3504, 15, 2013/05/23, 16:41:05.541, 2801454856950, QTAgent32.exe, Exception: System.Runtime.InteropServices.COMException
	Message: Error HRESULT E_FAIL has been returned from a call to a COM component.
	Stack Trace:    at Accessibility.IAccessible.get_accState(Object varChild)
   at Microsoft.VisualStudio.TestTools.UITest.Extension.Msaa.AccWrapper.get_State()
	BaseExceptionMessage: Error HRESULT E_FAIL has been returned from a call to a COM component.

E, 3504, 15, 2013/05/23, 16:41:05.541, 2801454860915, QTAgent32.exe, Exception: System.Runtime.InteropServices.COMException
	Message: Error HRESULT E_FAIL has been returned from a call to a COM component.
	Stack Trace:    at Accessibility.IAccessible.get_accState(Object varChild)
   at Microsoft.VisualStudio.TestTools.UITest.Extension.Msaa.AccWrapper.get_State()
	BaseExceptionMessage: Error HRESULT E_FAIL has been returned from a call to a COM component.

E, 3504, 15, 2013/05/23, 16:41:05.541, 2801454864677, QTAgent32.exe, Exception: System.Runtime.InteropServices.COMException
	Message: Error HRESULT E_FAIL has been returned from a call to a COM component.
	Stack Trace:    at Accessibility.IAccessible.get_accState(Object varChild)
   at Microsoft.VisualStudio.TestTools.UITest.Extension.Msaa.AccWrapper.get_State()
	BaseExceptionMessage: Error HRESULT E_FAIL has been returned from a call to a COM component.

E, 3504, 15, 2013/05/23, 16:41:05.542, 2801454868629, QTAgent32.exe, Exception: System.Runtime.InteropServices.COMException
	Message: Error HRESULT E_FAIL has been returned from a call to a COM component.
	Stack Trace:    at Accessibility.IAccessible.get_accState(Object varChild)
   at Microsoft.VisualStudio.TestTools.UITest.Extension.Msaa.AccWrapper.get_State()
	BaseExceptionMessage: Error HRESULT E_FAIL has been returned from a call to a COM component.

E, 3504, 15, 2013/05/23, 16:41:05.542, 2801454872579, QTAgent32.exe, Exception: System.Runtime.InteropServices.COMException
	Message: Error HRESULT E_FAIL has been returned from a call to a COM component.
	Stack Trace:    at Accessibility.IAccessible.get_accState(Object varChild)
   at Microsoft.VisualStudio.TestTools.UITest.Extension.Msaa.AccWrapper.get_State()
	BaseExceptionMessage: Error HRESULT E_FAIL has been returned from a call to a COM component.

W, 3504, 15, 2013/05/23, 16:41:05.741, 2801457723138, QTAgent32.exe, PERF WARNING: MSAA.UpdateQueryIDForNamelessControls: took 201 ms. Expected it to take maximum 200 ms.
W, 3504, 15, 2013/05/23, 16:41:05.741, 2801457727791, QTAgent32.exe, Msaa.Navigate: Exception [Error HRESULT E_FAIL has been returned from a call to a COM component.] while calling accNavigate.
E, 3504, 15, 2013/05/23, 16:41:05.742, 2801457729467, QTAgent32.exe, GetClassName for handle 2229670 failed
E, 3504, 15, 2013/05/23, 16:41:05.742, 2801457730220, QTAgent32.exe, Window 2229670 not responding. Last Win32 error 1400
E, 3504, 15, 2013/05/23, 16:41:05.742, 2801457732401, QTAgent32.exe, GetClassName for handle 2688030 failed
W, 3504, 15, 2013/05/23, 16:41:05.893, 2801459901723, QTAgent32.exe, &lt;a class=success&gt;Playback - {160} [SUCCESS] MouseButtonClick - "[MSAA, VisibleOnly]ControlType='Button' &amp;&amp; Name='Exit'"
\0&lt;/a&gt;
W, 3504, 15, 2013/05/23, 16:41:06.136, 2801463381216, QTAgent32.exe, &lt;a class=success&gt;Playback - {161} [SUCCESS] MouseButtonClick - "[MSAA, VisibleOnly]ControlType='Button' &amp;&amp; Name='No'"
\0&lt;/a&gt;
W, 3504, 15, 2013/05/23, 16:41:06.476, 2801468243800, QTAgent32.exe, &lt;a class=success&gt;Playback - {162} [SUCCESS] MouseButtonClick - "[MSAA, VisibleOnly]ControlType='Button' &amp;&amp; Name='OK'"
\0&lt;/a&gt;
W, 3504, 15, 2013/05/23, 16:41:09.193, 2801507140940, QTAgent32.exe, IEDOM : StopSession of the plugin called before StartSession
W, 3504, 15, 2013/05/23, 16:41:09.193, 2801507142724, QTAgent32.exe, UIA : StopSession of the plugin called before StartSession
</DebugTrace>
      </Output>
    </UnitTestResult>
    <UnitTestResult executionId="42fa5781-ba4a-4ac2-ad60-8de662ff0b74" testId="816974a0-2589-9682-158f-904896341070" testName="MotoMTAtoMTA" computerName="ICLVDEVTM02" duration="00:04:09.8243224" startTime="2013-05-23T16:41:09.2352894+01:00" endTime="2013-05-23T16:45:19.0695143+01:00" testType="13cdc9d9-ddb5-4fa4-a97d-d965ccfc6d4b" outcome="Passed" testListId="8c84fa94-04c1-424b-9868-57a2d4851a1d" relativeResultsDirectory="42fa5781-ba4a-4ac2-ad60-8de662ff0b74">
      <Output>
        <DebugTrace>W, 3504, 24, 2013/05/23, 16:41:13.888, 2801574371750, QTAgent32.exe, &lt;a class=success&gt;Playback - {1} [SUCCESS] MouseButtonClick - "[MSAA, VisibleOnly]ControlType='Edit'"
\0&lt;/a&gt;
W, 3504, 24, 2013/05/23, 16:41:14.191, 2801578717601, QTAgent32.exe, &lt;a class=success&gt;Playback - {2} [SUCCESS] SendKeys "[*]" - "[MSAA, VisibleOnly]ControlType='Edit'"
\0&lt;/a&gt;
W, 3504, 24, 2013/05/23, 16:41:14.884, 2801588626344, QTAgent32.exe, &lt;a class=success&gt;Playback - {3} [SUCCESS] MouseButtonClick - "[MSAA, VisibleOnly]ControlType='Button' &amp;&amp; Name='OK'"
\0&lt;/a&gt;
W, 3504, 24, 2013/05/23, 16:41:15.203, 2801593199198, QTAgent32.exe, &lt;a class=success&gt;Playback - {4} [SUCCESS] SendKeys "^{HOME}" - "[MSAA, VisibleOnly]ControlType='Edit'"
\0&lt;/a&gt;
E, 3504, 24, 2013/05/23, 16:41:15.203, 2801593201891, QTAgent32.exe, Msaa.GetFocusedElement: could not find accessible object of foreground window
W, 3504, 24, 2013/05/23, 16:41:15.257, 2801593972224, QTAgent32.exe, &lt;a class=success&gt;Playback - {5} [SUCCESS] SendKeys "^+{END}" - "[MSAA, VisibleOnly]ControlType='Edit'"
\0&lt;/a&gt;
E, 3504, 24, 2013/05/23, 16:41:15.257, 2801593974923, QTAgent32.exe, Msaa.GetFocusedElement: could not find accessible object of foreground window
W, 3504, 24, 2013/05/23, 16:41:15.271, 2801594175001, QTAgent32.exe, &lt;a class=success&gt;Playback - {6} [SUCCESS] SendKeys "{DELETE}" - "[MSAA, VisibleOnly]ControlType='Edit'"
\0&lt;/a&gt;
W, 3504, 24, 2013/05/23, 16:41:15.611, 2801599042149, QTAgent32.exe, &lt;a class=success&gt;Playback - {7} [SUCCESS] SetValueAsEditBox "23/05/2013" - "[MSAA, VisibleOnly]ControlType='Edit'"  &lt; Set via SendKeys &gt;
\0&lt;/a&gt;
W, 3504, 24, 2013/05/23, 16:41:16.110, 2801606184973, QTAgent32.exe, Playback - [WARNING] Internal warning: Incorrect flag set for InvokeProgrammaticAction\0
W, 3504, 24, 2013/05/23, 16:41:16.231, 2801607924116, QTAgent32.exe, &lt;a class=success&gt;Playback - {8} [SUCCESS] SetValueAsComboBox "May" - "[MSAA, VisibleOnly]ControlType='ComboBox'"  &lt; SetValueAsComboBox, set by clicking on the item in the list box &gt;
\0&lt;/a&gt;
W, 3504, 24, 2013/05/23, 16:41:16.512, 2801611943468, QTAgent32.exe, &lt;a class=success&gt;Playback - {9} [SUCCESS] SendKeys "^{HOME}" - "[MSAA, VisibleOnly]ControlType='Edit'"
\0&lt;/a&gt;
E, 3504, 24, 2013/05/23, 16:41:16.512, 2801611946794, QTAgent32.exe, Msaa.GetFocusedElement: could not find accessible object of foreground window
W, 3504, 24, 2013/05/23, 16:41:16.570, 2801612766642, QTAgent32.exe, &lt;a class=success&gt;Playback - {10} [SUCCESS] SendKeys "^+{END}" - "[MSAA, VisibleOnly]ControlType='Edit'"
\0&lt;/a&gt;
E, 3504, 24, 2013/05/23, 16:41:16.570, 2801612774369, QTAgent32.exe, Msaa.GetFocusedElement: could not find accessible object of foreground window
W, 3504, 24, 2013/05/23, 16:41:16.585, 2801612990660, QTAgent32.exe, &lt;a class=success&gt;Playback - {11} [SUCCESS] SendKeys "{DELETE}" - "[MSAA, VisibleOnly]ControlType='Edit'"
\0&lt;/a&gt;
W, 3504, 24, 2013/05/23, 16:41:16.786, 2801615867458, QTAgent32.exe, &lt;a class=success&gt;Playback - {12} [SUCCESS] SetValueAsEditBox "2013" - "[MSAA, VisibleOnly]ControlType='Edit'"  &lt; Set via SendKeys &gt;
\0&lt;/a&gt;
W, 3504, 24, 2013/05/23, 16:41:17.005, 2801618996506, QTAgent32.exe, &lt;a class=success&gt;Playback - {13} [SUCCESS] MouseButtonClick - "[MSAA, VisibleOnly]ControlType='Button' &amp;&amp; Name='OK'"
\0&lt;/a&gt;
W, 3504, 24, 2013/05/23, 16:41:18.063, 2801634155017, QTAgent32.exe, Playback - [WARNING] Internal warning: Window Not Found: [VisibleOnly]ControlType='Window' &amp;&amp; Name='Warning' &amp;&amp; ClassName='#32770'
\0
E, 3504, 24, 2013/05/23, 16:41:18.064, 2801634159396, QTAgent32.exe, &lt;a class=failure&gt;Playback - {14} [FAILED] Function ElementFetcher::FindScreenElement failed to locate UI element (Searching: ;[VisibleOnly]ControlType='Window' &amp;&amp; Name='Warning' &amp;&amp; ClassName='#32770') (The object specified was not found.)
\0&lt;/a&gt;
E, 3504, 24, 2013/05/23, 16:41:18.142, 2801635288605, QTAgent32.exe, Playback - [IMAGE] C:\Users\testuser\AppData\Local\Temp\UITestLogs\LastRun\RPFAEC2.png
\0
W, 3504, 24, 2013/05/23, 16:41:18.143, 2801635291087, QTAgent32.exe, Playback - [WARNING] Internal warning: Couldn't find descendants that match QueryId
\0
W, 3504, 24, 2013/05/23, 16:41:18.143, 2801635293895, QTAgent32.exe, PERF WARNING: FindTopLevelWindowHelper::FindAllDescendents: took 1021 ms. Expected it to take maximum 500 ms.
W, 3504, 24, 2013/05/23, 16:41:36.165, 2801893331136, QTAgent32.exe, Playback - [WARNING] Internal warning: Window Not Found: [VisibleOnly]ControlType='Window' &amp;&amp; Name='Warning' &amp;&amp; ClassName='#32770'
\0
E, 3504, 24, 2013/05/23, 16:41:36.165, 2801893334785, QTAgent32.exe, &lt;a class=failure&gt;Playback - {15} [FAILED] Function ElementFetcher::FindScreenElement failed to locate UI element (Searching: ;[VisibleOnly]ControlType='Window' &amp;&amp; Name='Warning' &amp;&amp; ClassName='#32770') (The object specified was not found.)
\0&lt;/a&gt;
E, 3504, 24, 2013/05/23, 16:41:36.245, 2801894476758, QTAgent32.exe, Playback - [IMAGE] C:\Users\testuser\AppData\Local\Temp\UITestLogs\LastRun\RPFF573.png
\0
W, 3504, 24, 2013/05/23, 16:41:36.245, 2801894479093, QTAgent32.exe, Playback - [WARNING] Internal warning: Couldn't find descendants that match QueryId
\0
W, 3504, 24, 2013/05/23, 16:41:36.245, 2801894482586, QTAgent32.exe, PERF WARNING: FindTopLevelWindowHelper::FindAllDescendents: took 18090 ms. Expected it to take maximum 500 ms.
W, 3504, 24, 2013/05/23, 16:41:36.701, 2801901008655, QTAgent32.exe, Playback - [WARNING] Internal warning: Smart Match failed
\0
W, 3504, 24, 2013/05/23, 16:41:36.870, 2801903432154, QTAgent32.exe, Playback - [WARNING] Internal warning: Smart Match failed
\0
W, 3504, 24, 2013/05/23, 16:41:37.027, 2801905678770, QTAgent32.exe, Playback - [WARNING] Internal warning: Smart Match failed
\0
W, 3504, 24, 2013/05/23, 16:41:37.181, 2801907891411, QTAgent32.exe, Playback - [WARNING] Internal warning: Smart Match failed
\0
W, 3504, 24, 2013/05/23, 16:41:37.336, 2801910104691, QTAgent32.exe, Playback - [WARNING] Internal warning: Smart Match failed
\0
W, 3504, 24, 2013/05/23, 16:41:37.493, 2801912354312, QTAgent32.exe, Playback - [WARNING] Internal warning: Smart Match failed
\0
W, 3504, 24, 2013/05/23, 16:41:37.646, 2801914548814, QTAgent32.exe, Playback - [WARNING] Internal warning: Smart Match failed
\0
W, 3504, 24, 2013/05/23, 16:41:37.800, 2801916743059, QTAgent32.exe, Playback - [WARNING] Internal warning: Smart Match failed
\0
W, 3504, 24, 2013/05/23, 16:41:37.972, 2801919211774, QTAgent32.exe, Playback - [WARNING] Internal warning: Smart Match failed
\0
W, 3504, 24, 2013/05/23, 16:41:38.123, 2801921370650, QTAgent32.exe, Playback - [WARNING] Internal warning: Smart Match failed
\0
W, 3504, 24, 2013/05/23, 16:41:38.272, 2801923513122, QTAgent32.exe, Playback - [WARNING] Internal warning: Smart Match failed
\0
W, 3504, 24, 2013/05/23, 16:41:38.423, 2801925673075, QTAgent32.exe, Playback - [WARNING] Internal warning: Smart Match failed
\0
W, 3504, 24, 2013/05/23, 16:41:38.580, 2801927912493, QTAgent32.exe, Playback - [WARNING] Internal warning: Smart Match failed
\0
W, 3504, 24, 2013/05/23, 16:41:38.730, 2801930066294, QTAgent32.exe, Playback - [WARNING] Internal warning: Smart Match failed
\0
W, 3504, 24, 2013/05/23, 16:41:38.881, 2801932227073, QTAgent32.exe, Playback - [WARNING] Internal warning: Smart Match failed
\0
W, 3504, 24, 2013/05/23, 16:41:39.039, 2801934486402, QTAgent32.exe, Playback - [WARNING] Internal warning: Smart Match failed
\0
W, 3504, 24, 2013/05/23, 16:41:39.194, 2801936705759, QTAgent32.exe, Playback - [WARNING] Internal warning: Smart Match failed
\0
W, 3504, 24, 2013/05/23, 16:41:39.352, 2801938961052, QTAgent32.exe, Playback - [WARNING] Internal warning: Smart Match failed
\0
W, 3504, 24, 2013/05/23, 16:41:39.396, 2801939591511, QTAgent32.exe, Playback - [WARNING] Internal warning: Window Not Found: [VisibleOnly]ControlType='Window' &amp;&amp; Name='Warning' &amp;&amp; ClassName='#32770'
\0
E, 3504, 24, 2013/05/23, 16:41:39.396, 2801939594028, QTAgent32.exe, &lt;a class=failure&gt;Playback - {16} [FAILED] Function ElementFetcher::FindScreenElement failed to locate UI element (Searching: ;[VisibleOnly]ControlType='Window' &amp;&amp; Name='Warning' &amp;&amp; ClassName='#32770') (The object specified was not found.)
\0&lt;/a&gt;
E, 3504, 24, 2013/05/23, 16:41:39.476, 2801940747675, QTAgent32.exe, Playback - [IMAGE] C:\Users\testuser\AppData\Local\Temp\UITestLogs\LastRun\RPF212.png
\0
W, 3504, 24, 2013/05/23, 16:41:39.477, 2801940750283, QTAgent32.exe, Playback - [WARNING] Internal warning: Couldn't find descendants that match QueryId
\0
W, 3504, 24, 2013/05/23, 16:41:39.477, 2801940753239, QTAgent32.exe, PERF WARNING: FindTopLevelWindowHelper::FindAllDescendents: took 3231 ms. Expected it to take maximum 500 ms.
E, 3504, 24, 2013/05/23, 16:41:39.477, 2801940755070, QTAgent32.exe, Exception: System.Runtime.InteropServices.COMException
	Message: Error HRESULT E_FAIL has been returned from a call to a COM component.
	Stack Trace:    at Microsoft.VisualStudio.TestTools.UITest.Playback.Engine.IRPFPlayback.FindAllScreenElements(IScreenElement pScreenElementStart, String bstrQueryId, Object&amp; pvarResKeys, Int32 cResKeys, Int32 nMaxDepth, Object[]&amp; foundDescendants)
   at Microsoft.VisualStudio.TestTools.UITest.Playback.ScreenElement.FindTopLevelWindowHelper(String queryId)
	BaseExceptionMessage: Error HRESULT E_FAIL has been returned from a call to a COM component.

E, 3504, 24, 2013/05/23, 16:41:39.633, 2801942986257, QTAgent32.exe, AL: Playback Error: Microsoft.VisualStudio.TestTools.UITest.Extension.UITestControlNotFoundException: The playback failed to find the control with the given search properties. Additional Details: 
TechnologyName:  'MSAA'
ControlType:  'Window'
Name:  'Warning'
ClassName:  '#32770'
 ---&gt; System.Runtime.InteropServices.COMException: Error HRESULT E_FAIL has been returned from a call to a COM component.
   at Microsoft.VisualStudio.TestTools.UITest.Playback.Engine.IRPFPlayback.FindAllScreenElements(IScreenElement pScreenElementStart, String bstrQueryId, Object&amp; pvarResKeys, Int32 cResKeys, Int32 nMaxDepth, Object[]&amp; foundDescendants)
   at Microsoft.VisualStudio.TestTools.UITest.Playback.ScreenElement.FindTopLevelWindowHelper(String queryId)
   at Microsoft.VisualStudio.TestTools.UITest.Playback.ScreenElement.FindFromPartialQueryId(String queryId)
   at Microsoft.VisualStudio.TestTools.UITesting.UITestControl..ctor(String queryId)
   --- End of inner exception stack trace ---
   at Microsoft.VisualStudio.TestTools.UITesting.Playback.MapControlNotFoundException(COMException ex, IPlaybackContext context)
   at Microsoft.VisualStudio.TestTools.UITesting.Playback.MapAndThrowComException(COMException innerException, IPlaybackContext context)
   at Microsoft.VisualStudio.TestTools.UITesting.Playback.MapAndThrowException(SystemException exception, IPlaybackContext context)
   at Microsoft.VisualStudio.TestTools.UITesting.Playback.MapAndThrowException(SystemException exception, String queryId)
   at Microsoft.VisualStudio.TestTools.UITesting.UITestControl..ctor(String queryId)
   at Microsoft.VisualStudio.TestTools.UITesting.SearchHelper.SearchTopLevelWindow(ISearchArgument topLevelSearchArg, String topLevelElementQueryId)
   at Microsoft.VisualStudio.TestTools.UITesting.SearchHelper.GetTitleUpdatedTopLevelWindow(ISearchArgument topLevelSearchArg, String queryId, IList`1 windowTitles)
   at Microsoft.VisualStudio.TestTools.UITesting.SearchHelper.GetTopLevelElement(Boolean useCache, Boolean useCacheOnly, ISearchArgument searchArg, IList`1 windowTitles, Int32&amp; timeLeft)
   at Microsoft.VisualStudio.TestTools.UITesting.SearchHelper.GetElement(Boolean useCache, ISearchArgument searchArg)
   at Microsoft.VisualStudio.TestTools.UITesting.SearchHelper.Search(ISearchArgument searchArg)
   at Microsoft.VisualStudio.TestTools.UITesting.UITestControl.FindInternal()
   at Microsoft.VisualStudio.TestTools.UITesting.UITestControl.FindControlIfNecessary()
   at Microsoft.VisualStudio.TestTools.UITesting.UITestControl.Click(MouseButtons button, ModifierKeys modifierKeys, Point relativeCoordinates)
   at Microsoft.VisualStudio.TestTools.UITesting.Mouse.ClickImplementation(UITestControl control, MouseButtons button, ModifierKeys modifierKeys, Point relativeCoordinate)
   at Microsoft.VisualStudio.TestTools.UITesting.Mouse.ClickImplementationWrapper(UITestControl control, MouseButtons button, ModifierKeys modifierKeys, Point relativeCoordinate)
W, 3504, 24, 2013/05/23, 16:41:39.633, 2801942988931, QTAgent32.exe, PlaybackErrorHandler: Ignoring exception as ContinueOnError is set.
W, 3504, 24, 2013/05/23, 16:41:39.671, 2801943536751, QTAgent32.exe, &lt;a class=success&gt;Playback - {17} [SUCCESS] TypeString "#(R)"
\0&lt;/a&gt;
E, 3504, 24, 2013/05/23, 16:41:40.377, 2801953640324, QTAgent32.exe, Exception: System.ArgumentException
	Message: Value does not fall within the expected range.
	Stack Trace:    at Accessibility.IAccessible.get_accRole(Object varChild)
   at Microsoft.VisualStudio.TestTools.UITest.Extension.Msaa.AccWrapper.get_RoleInt()
	BaseExceptionMessage: Value does not fall within the expected range.

E, 3504, 24, 2013/05/23, 16:41:40.388, 2801953796656, QTAgent32.exe, Exception: System.ArgumentException
	Message: Value does not fall within the expected range.
	Stack Trace:    at Accessibility.IAccessible.get_accRole(Object varChild)
   at Microsoft.VisualStudio.TestTools.UITest.Extension.Msaa.AccWrapper.get_RoleInt()
	BaseExceptionMessage: Value does not fall within the expected range.

W, 3504, 24, 2013/05/23, 16:41:41.331, 2801967301370, QTAgent32.exe, &lt;a class=success&gt;Playback - {18} [SUCCESS] LeftButtonClick  &lt; Mouse cursor location (87, 908) &gt;
\0&lt;/a&gt;
W, 3504, 24, 2013/05/23, 16:41:42.958, 2801990603712, QTAgent32.exe, &lt;a class=success&gt;Playback - {19} [SUCCESS] SetValueAsEditBox "c:\TestProject7\office.reg"  &lt; Set via SendKeys &gt;
\0&lt;/a&gt;
W, 3504, 24, 2013/05/23, 16:41:42.959, 2801990606790, QTAgent32.exe, &lt;a class=success&gt;Playback - {20} [SUCCESS] SetValueAsComboBox "c:\TestProject7\office.reg" - "[MSAA, VisibleOnly]ControlType='ComboBox' &amp;&amp; Name='Open:'"  &lt; Set via SetValueAsEditBox &gt;
\0&lt;/a&gt;
W, 3504, 24, 2013/05/23, 16:41:43.223, 2801994395242, QTAgent32.exe, &lt;a class=success&gt;Playback - {21} [SUCCESS] MouseButtonClick - "[MSAA, VisibleOnly]ControlType='Button' &amp;&amp; Name='OK'"
\0&lt;/a&gt;
W, 3504, 24, 2013/05/23, 16:41:43.648, 2802000482543, QTAgent32.exe, Playback - [WARNING] Internal warning: Window Not Found: [VisibleOnly]ControlType='Window' &amp;&amp; Name='Registry Editor' &amp;&amp; ClassName='#32770'
\0
E, 3504, 24, 2013/05/23, 16:41:43.648, 2802000485454, QTAgent32.exe, &lt;a class=failure&gt;Playback - {22} [FAILED] Function ElementFetcher::FindScreenElement failed to locate UI element (Searching: ;[VisibleOnly]ControlType='Window' &amp;&amp; Name='Registry Editor' &amp;&amp; ClassName='#32770') (The object specified was not found.)
\0&lt;/a&gt;
E, 3504, 24, 2013/05/23, 16:41:43.739, 2802001786260, QTAgent32.exe, Playback - [IMAGE] C:\Users\testuser\AppData\Local\Temp\UITestLogs\LastRun\RPF12B6.png
\0
W, 3504, 24, 2013/05/23, 16:41:43.739, 2802001788535, QTAgent32.exe, Playback - [WARNING] Internal warning: Couldn't find descendants that match QueryId
\0
W, 3504, 24, 2013/05/23, 16:41:44.052, 2802006258584, QTAgent32.exe, &lt;a class=success&gt;Playback - {23} [SUCCESS] MouseButtonClick - "[MSAA, VisibleOnly]ControlType='Button' &amp;&amp; Name='Yes'"
\0&lt;/a&gt;
W, 3504, 24, 2013/05/23, 16:41:44.398, 2802011213061, QTAgent32.exe, &lt;a class=success&gt;Playback - {24} [SUCCESS] MouseButtonClick - "[MSAA, VisibleOnly]ControlType='Button' &amp;&amp; Name='OK'"
\0&lt;/a&gt;
W, 3504, 24, 2013/05/23, 16:41:44.627, 2802014497010, QTAgent32.exe, &lt;a class=success&gt;Playback - {25} [SUCCESS] MouseButtonClick - "[MSAA, VisibleOnly]ControlType='Button' &amp;&amp; Name='Clients &amp; Files'"
\0&lt;/a&gt;
W, 3504, 24, 2013/05/23, 16:41:45.833, 2802031766186, QTAgent32.exe, PERF WARNING: FindTopLevelWindowHelper::FindAllDescendents: took 1105 ms. Expected it to take maximum 500 ms.
W, 3504, 24, 2013/05/23, 16:41:46.728, 2802044572002, QTAgent32.exe, Playback - [WARNING] Internal warning: Incorrect flag set for InvokeProgrammaticAction\0
W, 3504, 24, 2013/05/23, 16:41:46.850, 2802046330421, QTAgent32.exe, &lt;a class=success&gt;Playback - {26} [SUCCESS] SetValueAsComboBox "Customers" - "[MSAA, VisibleOnly]ControlType='ComboBox'"  &lt; SetValueAsComboBox, set by clicking on the item in the list box &gt;
\0&lt;/a&gt;
W, 3504, 24, 2013/05/23, 16:41:47.307, 2802052867064, QTAgent32.exe, &lt;a class=success&gt;Playback - {27} [SUCCESS] MouseButtonClick - "[MSAA, VisibleOnly]ControlType='Button' &amp;&amp; Name='Add'"
\0&lt;/a&gt;
W, 3504, 24, 2013/05/23, 16:41:48.055, 2802063576348, QTAgent32.exe, &lt;a class=success&gt;Playback - {28} [SUCCESS] SendKeys "autotest" - "[MSAA, VisibleOnly]ControlType='RadioButton' &amp;&amp; Name='Personal Lines'"
\0&lt;/a&gt;
W, 3504, 24, 2013/05/23, 16:41:49.046, 2802077773334, QTAgent32.exe, &lt;a class=success&gt;Playback - {29} [SUCCESS] SetValueAsEditBox "autotest" - "[MSAA, VisibleOnly]ControlType='Edit'"  &lt; Set via SendKeys &gt;
\0&lt;/a&gt;
W, 3504, 24, 2013/05/23, 16:41:49.289, 2802081246275, QTAgent32.exe, &lt;a class=success&gt;Playback - {30} [SUCCESS] MouseButtonClick - "[MSAA, VisibleOnly]ControlType='Button' &amp;&amp; Name='OK'"
\0&lt;/a&gt;
W, 3504, 24, 2013/05/23, 16:41:49.619, 2802085971925, QTAgent32.exe, &lt;a class=success&gt;Playback - {31} [SUCCESS] MouseButtonClick - "[MSAA, VisibleOnly]ControlType='Button' &amp;&amp; Name='Yes'"
\0&lt;/a&gt;
W, 3504, 24, 2013/05/23, 16:41:50.189, 2802094135802, QTAgent32.exe, &lt;a class=success&gt;Playback - {32} [SUCCESS] SendKeys "^{HOME}" - "[MSAA, VisibleOnly]ControlType='Edit'"
\0&lt;/a&gt;
E, 3504, 24, 2013/05/23, 16:41:50.189, 2802094139317, QTAgent32.exe, Msaa.GetFocusedElement: could not find accessible object of foreground window
W, 3504, 24, 2013/05/23, 16:41:50.249, 2802094993712, QTAgent32.exe, &lt;a class=success&gt;Playback - {33} [SUCCESS] SendKeys "^+{END}" - "[MSAA, VisibleOnly]ControlType='Edit'"
\0&lt;/a&gt;
E, 3504, 24, 2013/05/23, 16:41:50.249, 2802094997024, QTAgent32.exe, Msaa.GetFocusedElement: could not find accessible object of foreground window
W, 3504, 24, 2013/05/23, 16:41:50.264, 2802095210226, QTAgent32.exe, &lt;a class=success&gt;Playback - {34} [SUCCESS] SendKeys "{DELETE}" - "[MSAA, VisibleOnly]ControlType='Edit'"
\0&lt;/a&gt;
W, 3504, 24, 2013/05/23, 16:41:50.587, 2802099825870, QTAgent32.exe, &lt;a class=success&gt;Playback - {35} [SUCCESS] SetValueAsEditBox "1" - "[MSAA, VisibleOnly]ControlType='Edit'"  &lt; Set via SendKeys &gt;
\0&lt;/a&gt;
W, 3504, 24, 2013/05/23, 16:41:51.046, 2802106399655, QTAgent32.exe, &lt;a class=success&gt;Playback - {36} [SUCCESS] SendKeys "^{HOME}" - "[MSAA, VisibleOnly]ControlType='Edit'"
\0&lt;/a&gt;
E, 3504, 24, 2013/05/23, 16:41:51.046, 2802106402745, QTAgent32.exe, Msaa.GetFocusedElement: could not find accessible object of foreground window
W, 3504, 24, 2013/05/23, 16:41:51.107, 2802107273118, QTAgent32.exe, &lt;a class=success&gt;Playback - {37} [SUCCESS] SendKeys "^+{END}" - "[MSAA, VisibleOnly]ControlType='Edit'"
\0&lt;/a&gt;
E, 3504, 24, 2013/05/23, 16:41:51.107, 2802107276469, QTAgent32.exe, Msaa.GetFocusedElement: could not find accessible object of foreground window
W, 3504, 24, 2013/05/23, 16:41:51.122, 2802107496431, QTAgent32.exe, &lt;a class=success&gt;Playback - {38} [SUCCESS] SendKeys "{DELETE}" - "[MSAA, VisibleOnly]ControlType='Edit'"
\0&lt;/a&gt;
W, 3504, 24, 2013/05/23, 16:41:51.438, 2802112018934, QTAgent32.exe, &lt;a class=success&gt;Playback - {39} [SUCCESS] SetValueAsEditBox "1" - "[MSAA, VisibleOnly]ControlType='Edit'"  &lt; Set via SendKeys &gt;
\0&lt;/a&gt;
W, 3504, 24, 2013/05/23, 16:41:53.061, 2802135264828, QTAgent32.exe, Playback - [WARNING] Internal warning: Target element "[MSAA, VisibleOnly]ControlType='Button' &amp;&amp; Name='OK'" was not found, so all intermediate elements were ignored. An incorrect element that matches target element Id can be found as the result.  Verify that all intermediate elements in QueryId have valid and unique Ids
\0
W, 3504, 24, 2013/05/23, 16:41:53.603, 2802143014700, QTAgent32.exe, PERF WARNING: FindAllDescendents: took 2049 ms. Expected it to take maximum 500 ms.
W, 3504, 24, 2013/05/23, 16:41:53.889, 2802147118829, QTAgent32.exe, &lt;a class=success&gt;Playback - {40} [SUCCESS] MouseButtonClick - "[MSAA, VisibleOnly]ControlType='Button' &amp;&amp; Name='OK'"
\0&lt;/a&gt;
W, 3504, 24, 2013/05/23, 16:41:54.248, 2802152242738, QTAgent32.exe, &lt;a class=success&gt;Playback - {41} [SUCCESS] MouseButtonClick - "[MSAA, VisibleOnly]ControlType='Button'"
\0&lt;/a&gt;
W, 3504, 24, 2013/05/23, 16:41:54.610, 2802157425953, QTAgent32.exe, &lt;a class=success&gt;Playback - {42} [SUCCESS] MouseButtonClick - "[MSAA, VisibleOnly]ControlType='Button' &amp;&amp; Name='Add'"
\0&lt;/a&gt;
W, 3504, 24, 2013/05/23, 16:41:54.949, 2802162292101, QTAgent32.exe, &lt;a class=success&gt;Playback - {43} [SUCCESS] MouseButtonClick - "[MSAA, VisibleOnly]ControlType='Button' &amp;&amp; Name='OK'"
\0&lt;/a&gt;
W, 3504, 24, 2013/05/23, 16:41:57.207, 2802194619491, QTAgent32.exe, &lt;a class=success&gt;Playback - {44} [SUCCESS] MouseButtonClick - "[MSAA, VisibleOnly,Window]ControlType='Window' &amp;&amp; ClassName='ThunderRT6TextBox'"
\0&lt;/a&gt;
W, 3504, 24, 2013/05/23, 16:41:58.130, 2802207836211, QTAgent32.exe, &lt;a class=success&gt;Playback - {45} [SUCCESS] SetValueAsEditBox "MOTO" - "[MSAA, VisibleOnly]ControlType='Edit'"  &lt; Set via SendKeys &gt;
\0&lt;/a&gt;
W, 3504, 24, 2013/05/23, 16:41:58.485, 2802212910898, QTAgent32.exe, &lt;a class=success&gt;Playback - {46} [SUCCESS] MouseButtonClick - "[MSAA, VisibleOnly]ControlType='Button' &amp;&amp; Name='OK'"
\0&lt;/a&gt;
W, 3504, 24, 2013/05/23, 16:41:58.757, 2802216806819, QTAgent32.exe, &lt;a class=success&gt;Playback - {47} [SUCCESS] MouseButtonClick - "[MSAA, VisibleOnly]ControlType='Button' &amp;&amp; Name='Options'"
\0&lt;/a&gt;
W, 3504, 24, 2013/05/23, 16:41:58.857, 2802218242234, QTAgent32.exe, FindScreenElementInSinglePass : Attempting to find control in one pass of search. Failures can occur.
W, 3504, 24, 2013/05/23, 16:41:59.268, 2802224132745, QTAgent32.exe, &lt;a class=success&gt;Playback - {48} [SUCCESS] MouseButtonClick - "[MSAA]ControlType='MenuItem' &amp;&amp; Name='Links'"
\0&lt;/a&gt;
W, 3504, 24, 2013/05/23, 16:41:59.369, 2802225576359, QTAgent32.exe, FindScreenElementInSinglePass : Attempting to find control in one pass of search. Failures can occur.
W, 3504, 24, 2013/05/23, 16:41:59.834, 2802232235443, QTAgent32.exe, &lt;a class=success&gt;Playback - {49} [SUCCESS] MouseButtonClick - "[MSAA]ControlType='MenuItem' &amp;&amp; Name='3rd Party Integration'"
\0&lt;/a&gt;
W, 3504, 24, 2013/05/23, 16:41:59.935, 2802233674691, QTAgent32.exe, FindScreenElementInSinglePass : Attempting to find control in one pass of search. Failures can occur.
W, 3504, 24, 2013/05/23, 16:42:00.420, 2802240626949, QTAgent32.exe, &lt;a class=success&gt;Playback - {50} [SUCCESS] MouseButtonClick - "[MSAA]ControlType='MenuItem' &amp;&amp; Name='Quote Select List'"
\0&lt;/a&gt;
W, 3504, 24, 2013/05/23, 16:42:01.926, 2802262192120, QTAgent32.exe, PERF WARNING: FindTopLevelWindowHelper::FindAllDescendents: took 1384 ms. Expected it to take maximum 500 ms.
W, 3504, 24, 2013/05/23, 16:42:02.064, 2802264170382, QTAgent32.exe, &lt;a class=success&gt;Playback - {51} [SUCCESS] MouseButtonClick - "[MSAA, VisibleOnly]ControlType='Button' &amp;&amp; Name='Ok'"
\0&lt;/a&gt;
W, 3504, 24, 2013/05/23, 16:42:04.317, 2802296427843, QTAgent32.exe, PERF WARNING: FindTopLevelWindowHelper::FindAllDescendents: took 2152 ms. Expected it to take maximum 500 ms.
W, 3504, 24, 2013/05/23, 16:42:04.461, 2802298490151, QTAgent32.exe, &lt;a class=success&gt;Playback - {52} [SUCCESS] MouseButtonClick - "[MSAA, VisibleOnly]ControlType='Button' &amp;&amp; Name='Ok'"
\0&lt;/a&gt;
W, 3504, 24, 2013/05/23, 16:42:05.550, 2802314082581, QTAgent32.exe, &lt;a class=success&gt;Playback - {53} [SUCCESS] SetValueAsEditBox "Test" - "[MSAA, VisibleOnly]ControlType='Edit'"  &lt; Set via SendKeys &gt;
\0&lt;/a&gt;
W, 3504, 24, 2013/05/23, 16:42:06.066, 2802321466795, QTAgent32.exe, &lt;a class=success&gt;Playback - {54} [SUCCESS] SendKeys "{Tab}" - "[MSAA, VisibleOnly]ControlType='Edit'"
\0&lt;/a&gt;
W, 3504, 24, 2013/05/23, 16:42:07.054, 2802335612735, QTAgent32.exe, &lt;a class=success&gt;Playback - {55} [SUCCESS] SetValueAsEditBox "test" - "[MSAA, VisibleOnly]ControlType='Edit'"  &lt; Set via SendKeys &gt;
\0&lt;/a&gt;
W, 3504, 24, 2013/05/23, 16:42:08.167, 2802351543534, QTAgent32.exe, &lt;a class=success&gt;Playback - {56} [SUCCESS] SetValueAsEditBox "160485" - "[MSAA, VisibleOnly]ControlType='Edit'"  &lt; Set via SendKeys &gt;
\0&lt;/a&gt;
W, 3504, 24, 2013/05/23, 16:42:09.207, 2802366435995, QTAgent32.exe, &lt;a class=success&gt;Playback - {57} [SUCCESS] SetValueAsEditBox "B338TH" - "[MSAA, VisibleOnly]ControlType='Edit'"  &lt; Set via SendKeys &gt;
\0&lt;/a&gt;
W, 3504, 24, 2013/05/23, 16:42:11.435, 2802398335195, QTAgent32.exe, &lt;a class=success&gt;Playback - {58} [SUCCESS] MouseButtonClick - "[MSAA, VisibleOnly]ControlType='Button' &amp;&amp; Name='Lookup...'"
\0&lt;/a&gt;
W, 3504, 24, 2013/05/23, 16:42:11.702, 2802402158441, QTAgent32.exe, &lt;a class=success&gt;Playback - {59} [SUCCESS] MouseButtonClick - "[MSAA, VisibleOnly]ControlType='Button' &amp;&amp; Name='Ok'"
\0&lt;/a&gt;
W, 3504, 24, 2013/05/23, 16:42:11.957, 2802405814390, QTAgent32.exe, &lt;a class=success&gt;Playback - {60} [SUCCESS] MouseButtonClick - "[MSAA, VisibleOnly]ControlType='Button' &amp;&amp; Name='OK'"
\0&lt;/a&gt;
W, 3504, 24, 2013/05/23, 16:42:13.112, 2802422347395, QTAgent32.exe, PERF WARNING: FindTopLevelWindowHelper::FindAllDescendents: took 1054 ms. Expected it to take maximum 500 ms.
W, 3504, 24, 2013/05/23, 16:42:14.996, 2802449319482, QTAgent32.exe, Playback - [WARNING] Internal warning: Incorrect flag set for InvokeProgrammaticAction\0
W, 3504, 24, 2013/05/23, 16:42:15.117, 2802451053790, QTAgent32.exe, &lt;a class=success&gt;Playback - {61} [SUCCESS] SetValueAsComboBox "Account Executive" - "[MSAA, VisibleOnly]ControlType='ComboBox'"  &lt; SetValueAsComboBox, set by clicking on the item in the list box &gt;
\0&lt;/a&gt;
W, 3504, 24, 2013/05/23, 16:42:16.755, 2802474507210, QTAgent32.exe, Playback - [WARNING] Internal warning: Incorrect flag set for InvokeProgrammaticAction\0
W, 3504, 24, 2013/05/23, 16:42:16.877, 2802476257728, QTAgent32.exe, &lt;a class=success&gt;Playback - {62} [SUCCESS] SetValueAsComboBox "Acupuncture" - "[MSAA, VisibleOnly]ControlType='ComboBox'"  &lt; SetValueAsComboBox, set by clicking on the item in the list box &gt;
\0&lt;/a&gt;
W, 3504, 24, 2013/05/23, 16:42:18.492, 2802499384396, QTAgent32.exe, &lt;a class=success&gt;Playback - {63} [SUCCESS] SetValueAsEditBox "151101" - "[MSAA, VisibleOnly]ControlType='Edit'"  &lt; Set via SendKeys &gt;
\0&lt;/a&gt;
W, 3504, 24, 2013/05/23, 16:42:20.192, 2802523719191, QTAgent32.exe, &lt;a class=success&gt;Playback - {64} [SUCCESS] MouseButtonClick - "[MSAA, VisibleOnly]ControlType='Button' &amp;&amp; Name='OK'"
\0&lt;/a&gt;
W, 3504, 24, 2013/05/23, 16:42:21.802, 2802546775315, QTAgent32.exe, &lt;a class=success&gt;Playback - {65} [SUCCESS] SetValueAsEditBox "RF53OXL" - "[MSAA, VisibleOnly]ControlType='Edit'"  &lt; Set via SendKeys &gt;
\0&lt;/a&gt;
W, 3504, 24, 2013/05/23, 16:42:22.034, 2802550089330, QTAgent32.exe, &lt;a class=success&gt;Playback - {66} [SUCCESS] MouseButtonClick - "[MSAA, VisibleOnly]ControlType='Button' &amp;&amp; Name='Filter'"
\0&lt;/a&gt;
W, 3504, 24, 2013/05/23, 16:42:23.021, 2802564225376, QTAgent32.exe, &lt;a class=success&gt;Playback - {67} [SUCCESS] MouseButtonClick - "[MSAA, VisibleOnly]ControlType='Button' &amp;&amp; Name='OK'"
\0&lt;/a&gt;
W, 3504, 24, 2013/05/23, 16:42:23.992, 2802578136363, QTAgent32.exe, &lt;a class=success&gt;Playback - {68} [SUCCESS] SendKeys "^{HOME}" - "[MSAA, VisibleOnly]ControlType='Edit'"
\0&lt;/a&gt;
E, 3504, 24, 2013/05/23, 16:42:23.993, 2802578140312, QTAgent32.exe, Msaa.GetFocusedElement: could not find accessible object of foreground window
W, 3504, 24, 2013/05/23, 16:42:24.048, 2802578930946, QTAgent32.exe, &lt;a class=success&gt;Playback - {69} [SUCCESS] SendKeys "^+{END}" - "[MSAA, VisibleOnly]ControlType='Edit'"
\0&lt;/a&gt;
E, 3504, 24, 2013/05/23, 16:42:24.048, 2802578934213, QTAgent32.exe, Msaa.GetFocusedElement: could not find accessible object of foreground window
W, 3504, 24, 2013/05/23, 16:42:24.063, 2802579146611, QTAgent32.exe, &lt;a class=success&gt;Playback - {70} [SUCCESS] SendKeys "{DELETE}" - "[MSAA, VisibleOnly]ControlType='Edit'"
\0&lt;/a&gt;
W, 3504, 24, 2013/05/23, 16:42:24.831, 2802590144820, QTAgent32.exe, &lt;a class=success&gt;Playback - {71} [SUCCESS] SetValueAsEditBox "1000" - "[MSAA, VisibleOnly]ControlType='Edit'"  &lt; Set via SendKeys &gt;
\0&lt;/a&gt;
W, 3504, 24, 2013/05/23, 16:42:25.212, 2802595599732, QTAgent32.exe, &lt;a class=success&gt;Playback - {72} [SUCCESS] MouseButtonClick - "[MSAA, VisibleOnly]ControlType='Button' &amp;&amp; Name='Calculate Quote'"
\0&lt;/a&gt;
W, 3504, 24, 2013/05/23, 16:42:34.345, 2802726364675, QTAgent32.exe, Playback - [WARNING] Internal warning: Window Not Found: [VisibleOnly]ControlType='Window' &amp;&amp; Name='Quote Select List' &amp;&amp; ClassName='ThunderRT6FormDC'
\0
E, 3504, 24, 2013/05/23, 16:42:34.345, 2802726369326, QTAgent32.exe, &lt;a class=failure&gt;Playback - {73} [FAILED] Function ElementFetcher::FindScreenElement failed to locate UI element (Searching: ;[VisibleOnly]ControlType='Window' &amp;&amp; Name='Quote Select List' &amp;&amp; ClassName='ThunderRT6FormDC') (The object specified was not found.)
\0&lt;/a&gt;
E, 3504, 24, 2013/05/23, 16:42:34.642, 2802730620436, QTAgent32.exe, Playback - [IMAGE] C:\Users\testuser\AppData\Local\Temp\UITestLogs\LastRun\RPFD8C3.png
\0
W, 3504, 24, 2013/05/23, 16:42:34.642, 2802730623044, QTAgent32.exe, Playback - [WARNING] Internal warning: Couldn't find descendants that match QueryId
\0
W, 3504, 24, 2013/05/23, 16:42:34.643, 2802730627451, QTAgent32.exe, PERF WARNING: FindTopLevelWindowHelper::FindAllDescendents: took 9329 ms. Expected it to take maximum 500 ms.
W, 3504, 24, 2013/05/23, 16:42:53.212, 2802996518325, QTAgent32.exe, Playback - [WARNING] Internal warning: Window Not Found: [VisibleOnly]ControlType='Window' &amp;&amp; Name='Quote Select List' &amp;&amp; ClassName='ThunderRT6FormDC'
\0
E, 3504, 24, 2013/05/23, 16:42:53.213, 2802996523428, QTAgent32.exe, &lt;a class=failure&gt;Playback - {74} [FAILED] Function ElementFetcher::FindScreenElement failed to locate UI element (Searching: ;[VisibleOnly]ControlType='Window' &amp;&amp; Name='Quote Select List' &amp;&amp; ClassName='ThunderRT6FormDC') (The object specified was not found.)
\0&lt;/a&gt;
E, 3504, 24, 2013/05/23, 16:42:53.293, 2802997661675, QTAgent32.exe, Playback - [IMAGE] C:\Users\testuser\AppData\Local\Temp\UITestLogs\LastRun\RPF2270.png
\0
W, 3504, 24, 2013/05/23, 16:42:53.293, 2802997664072, QTAgent32.exe, Playback - [WARNING] Internal warning: Couldn't find descendants that match QueryId
\0
W, 3504, 24, 2013/05/23, 16:42:53.293, 2802997668056, QTAgent32.exe, PERF WARNING: FindTopLevelWindowHelper::FindAllDescendents: took 18650 ms. Expected it to take maximum 500 ms.
W, 3504, 24, 2013/05/23, 16:42:56.209, 2803039416120, QTAgent32.exe, Playback - [WARNING] Internal warning: Smart Match failed
\0
W, 3504, 24, 2013/05/23, 16:42:57.437, 2803056998392, QTAgent32.exe, Playback - [WARNING] Internal warning: Window Not Found: [VisibleOnly]ControlType='Window' &amp;&amp; Name='Quote Select List' &amp;&amp; ClassName='ThunderRT6FormDC'
\0
E, 3504, 24, 2013/05/23, 16:42:57.437, 2803057002307, QTAgent32.exe, &lt;a class=failure&gt;Playback - {75} [FAILED] Function ElementFetcher::FindScreenElement failed to locate UI element (Searching: ;[VisibleOnly]ControlType='Window' &amp;&amp; Name='Quote Select List' &amp;&amp; ClassName='ThunderRT6FormDC') (The object specified was not found.)
\0&lt;/a&gt;
E, 3504, 24, 2013/05/23, 16:42:57.520, 2803058189690, QTAgent32.exe, Playback - [IMAGE] C:\Users\testuser\AppData\Local\Temp\UITestLogs\LastRun\RPF32F5.png
\0
W, 3504, 24, 2013/05/23, 16:42:57.520, 2803058192219, QTAgent32.exe, Playback - [WARNING] Internal warning: Couldn't find descendants that match QueryId
\0
W, 3504, 24, 2013/05/23, 16:42:57.520, 2803058195131, QTAgent32.exe, PERF WARNING: FindTopLevelWindowHelper::FindAllDescendents: took 4227 ms. Expected it to take maximum 500 ms.
E, 3504, 24, 2013/05/23, 16:42:57.521, 2803058197103, QTAgent32.exe, Exception: System.Runtime.InteropServices.COMException
	Message: Error HRESULT E_FAIL has been returned from a call to a COM component.
	Stack Trace:    at Microsoft.VisualStudio.TestTools.UITest.Playback.Engine.IRPFPlayback.FindAllScreenElements(IScreenElement pScreenElementStart, String bstrQueryId, Object&amp; pvarResKeys, Int32 cResKeys, Int32 nMaxDepth, Object[]&amp; foundDescendants)
   at Microsoft.VisualStudio.TestTools.UITest.Playback.ScreenElement.FindTopLevelWindowHelper(String queryId)
	BaseExceptionMessage: Error HRESULT E_FAIL has been returned from a call to a COM component.

E, 3504, 24, 2013/05/23, 16:42:57.622, 2803059651838, QTAgent32.exe, AL: Playback Error: Microsoft.VisualStudio.TestTools.UITest.Extension.UITestControlNotFoundException: The playback failed to find the control with the given search properties. Additional Details: 
TechnologyName:  'MSAA'
ControlType:  'Window'
Name:  'Quote Select List'
ClassName:  'ThunderRT6FormDC'
 ---&gt; System.Runtime.InteropServices.COMException: Error HRESULT E_FAIL has been returned from a call to a COM component.
   at Microsoft.VisualStudio.TestTools.UITest.Playback.Engine.IRPFPlayback.FindAllScreenElements(IScreenElement pScreenElementStart, String bstrQueryId, Object&amp; pvarResKeys, Int32 cResKeys, Int32 nMaxDepth, Object[]&amp; foundDescendants)
   at Microsoft.VisualStudio.TestTools.UITest.Playback.ScreenElement.FindTopLevelWindowHelper(String queryId)
   at Microsoft.VisualStudio.TestTools.UITest.Playback.ScreenElement.FindFromPartialQueryId(String queryId)
   at Microsoft.VisualStudio.TestTools.UITesting.UITestControl..ctor(String queryId)
   --- End of inner exception stack trace ---
   at Microsoft.VisualStudio.TestTools.UITesting.Playback.MapControlNotFoundException(COMException ex, IPlaybackContext context)
   at Microsoft.VisualStudio.TestTools.UITesting.Playback.MapAndThrowComException(COMException innerException, IPlaybackContext context)
   at Microsoft.VisualStudio.TestTools.UITesting.Playback.MapAndThrowException(SystemException exception, IPlaybackContext context)
   at Microsoft.VisualStudio.TestTools.UITesting.Playback.MapAndThrowException(SystemException exception, String queryId)
   at Microsoft.VisualStudio.TestTools.UITesting.UITestControl..ctor(String queryId)
   at Microsoft.VisualStudio.TestTools.UITesting.SearchHelper.SearchTopLevelWindow(ISearchArgument topLevelSearchArg, String topLevelElementQueryId)
   at Microsoft.VisualStudio.TestTools.UITesting.SearchHelper.GetTitleUpdatedTopLevelWindow(ISearchArgument topLevelSearchArg, String queryId, IList`1 windowTitles)
   at Microsoft.VisualStudio.TestTools.UITesting.SearchHelper.GetTopLevelElement(Boolean useCache, Boolean useCacheOnly, ISearchArgument searchArg, IList`1 windowTitles, Int32&amp; timeLeft)
   at Microsoft.VisualStudio.TestTools.UITesting.SearchHelper.GetElement(Boolean useCache, ISearchArgument searchArg)
   at Microsoft.VisualStudio.TestTools.UITesting.SearchHelper.Search(ISearchArgument searchArg)
   at Microsoft.VisualStudio.TestTools.UITesting.UITestControl.FindInternal()
   at Microsoft.VisualStudio.TestTools.UITesting.UITestControl.FindControlIfNecessary()
   at Microsoft.VisualStudio.TestTools.UITesting.UITestControl.Click(MouseButtons button, ModifierKeys modifierKeys, Point relativeCoordinates)
   at Microsoft.VisualStudio.TestTools.UITesting.Mouse.ClickImplementation(UITestControl control, MouseButtons button, ModifierKeys modifierKeys, Point relativeCoordinate)
   at Microsoft.VisualStudio.TestTools.UITesting.Mouse.ClickImplementationWrapper(UITestControl control, MouseButtons button, ModifierKeys modifierKeys, Point relativeCoordinate)
W, 3504, 24, 2013/05/23, 16:42:57.622, 2803059655725, QTAgent32.exe, PlaybackErrorHandler: Ignoring exception as ContinueOnError is set.
W, 3504, 24, 2013/05/23, 16:42:57.761, 2803061636604, QTAgent32.exe, &lt;a class=success&gt;Playback - {76} [SUCCESS] MouseButtonClick - "[MSAA, VisibleOnly]ControlType='Button' &amp;&amp; Name='No'"
\0&lt;/a&gt;
W, 3504, 24, 2013/05/23, 16:42:57.995, 2803064987335, QTAgent32.exe, &lt;a class=success&gt;Playback - {77} [SUCCESS] MouseButtonClick - "[MSAA, VisibleOnly]ControlType='Button' &amp;&amp; Name='Ok'"
\0&lt;/a&gt;
W, 3504, 24, 2013/05/23, 16:43:09.234, 2803225915566, QTAgent32.exe, PERF WARNING: FindTopLevelWindowHelper::FindAllDescendents: took 11139 ms. Expected it to take maximum 500 ms.
W, 3504, 24, 2013/05/23, 16:43:09.367, 2803227814521, QTAgent32.exe, &lt;a class=success&gt;Playback - {78} [SUCCESS] MouseButtonClick - "[MSAA, VisibleOnly]ControlType='Client'"
\0&lt;/a&gt;
W, 3504, 24, 2013/05/23, 16:43:11.706, 2803261314320, QTAgent32.exe, &lt;a class=success&gt;Playback - {79} [SUCCESS] SendKeys "{Home}" - "[MSAA, VisibleOnly]ControlType='Client'"
\0&lt;/a&gt;
W, 3504, 24, 2013/05/23, 16:43:14.943, 2803307654256, QTAgent32.exe, &lt;a class=success&gt;Playback - {80} [SUCCESS] MouseButtonClick - "[MSAA, VisibleOnly]ControlType='Button' &amp;&amp; Name='Accept'"
\0&lt;/a&gt;
W, 3504, 24, 2013/05/23, 16:43:15.331, 2803313219013, QTAgent32.exe, &lt;a class=success&gt;Playback - {81} [SUCCESS] MouseButtonClick - "[MSAA, VisibleOnly]ControlType='Button' &amp;&amp; Name='Yes'"
\0&lt;/a&gt;
W, 3504, 24, 2013/05/23, 16:43:15.658, 2803317902575, QTAgent32.exe, &lt;a class=success&gt;Playback - {82} [SUCCESS] MouseButtonClick - "[MSAA, VisibleOnly]ControlType='Button' &amp;&amp; Name='Ok'"
\0&lt;/a&gt;
W, 3504, 24, 2013/05/23, 16:43:15.927, 2803321766396, QTAgent32.exe, &lt;a class=success&gt;Playback - {83} [SUCCESS] MouseButtonClick - "[MSAA, VisibleOnly]ControlType='Button' &amp;&amp; Name='Ok'"
\0&lt;/a&gt;
W, 3504, 24, 2013/05/23, 16:43:16.425, 2803328884587, QTAgent32.exe, &lt;a class=success&gt;Playback - {84} [SUCCESS] MouseButtonClick - "[MSAA, VisibleOnly]ControlType='Button' &amp;&amp; Name='Confirm'"
\0&lt;/a&gt;
W, 3504, 24, 2013/05/23, 16:43:45.602, 2803746638889, QTAgent32.exe, Playback - [WARNING] Internal warning: Window Not Found: [VisibleOnly]ControlType='Window' &amp;&amp; Name='Save the file as' &amp;&amp; ClassName='#32770'
\0
E, 3504, 24, 2013/05/23, 16:43:45.605, 2803746681982, QTAgent32.exe, &lt;a class=failure&gt;Playback - {85} [FAILED] Function ElementFetcher::FindScreenElement failed to locate UI element (Searching: ;[VisibleOnly]ControlType='Window' &amp;&amp; Name='Save the file as' &amp;&amp; ClassName='#32770') (The object specified was not found.)
\0&lt;/a&gt;
E, 3504, 24, 2013/05/23, 16:43:46.263, 2803756110963, QTAgent32.exe, Playback - [IMAGE] C:\Users\testuser\AppData\Local\Temp\UITestLogs\LastRun\RPFEF23.png
\0
W, 3504, 24, 2013/05/23, 16:43:46.265, 2803756125425, QTAgent32.exe, Playback - [WARNING] Internal warning: Couldn't find descendants that match QueryId
\0
W, 3504, 24, 2013/05/23, 16:43:46.267, 2803756161837, QTAgent32.exe, PERF WARNING: FindTopLevelWindowHelper::FindAllDescendents: took 29705 ms. Expected it to take maximum 500 ms.
W, 3504, 24, 2013/05/23, 16:44:05.233, 2804027716588, QTAgent32.exe, Playback - [WARNING] Internal warning: Window Not Found: [VisibleOnly]ControlType='Window' &amp;&amp; Name='Save the file as' &amp;&amp; ClassName='#32770'
\0
E, 3504, 24, 2013/05/23, 16:44:05.234, 2804027726087, QTAgent32.exe, &lt;a class=failure&gt;Playback - {86} [FAILED] Function ElementFetcher::FindScreenElement failed to locate UI element (Searching: ;[VisibleOnly]ControlType='Window' &amp;&amp; Name='Save the file as' &amp;&amp; ClassName='#32770') (The object specified was not found.)
\0&lt;/a&gt;
E, 3504, 24, 2013/05/23, 16:44:05.327, 2804029059773, QTAgent32.exe, Playback - [IMAGE] C:\Users\testuser\AppData\Local\Temp\UITestLogs\LastRun\RPF3BCD.png
\0
W, 3504, 24, 2013/05/23, 16:44:05.327, 2804029062198, QTAgent32.exe, Playback - [WARNING] Internal warning: Couldn't find descendants that match QueryId
\0
W, 3504, 24, 2013/05/23, 16:44:05.327, 2804029070134, QTAgent32.exe, PERF WARNING: FindTopLevelWindowHelper::FindAllDescendents: took 19057 ms. Expected it to take maximum 500 ms.
W, 3504, 24, 2013/05/23, 16:44:08.169, 2804069753809, QTAgent32.exe, Playback - [WARNING] Internal warning: Smart Match failed
\0
W, 3504, 24, 2013/05/23, 16:44:09.399, 2804087365816, QTAgent32.exe, Playback - [WARNING] Internal warning: Window Not Found: [VisibleOnly]ControlType='Window' &amp;&amp; Name='Save the file as' &amp;&amp; ClassName='#32770'
\0
E, 3504, 24, 2013/05/23, 16:44:09.399, 2804087369760, QTAgent32.exe, &lt;a class=failure&gt;Playback - {87} [FAILED] Function ElementFetcher::FindScreenElement failed to locate UI element (Searching: ;[VisibleOnly]ControlType='Window' &amp;&amp; Name='Save the file as' &amp;&amp; ClassName='#32770') (The object specified was not found.)
\0&lt;/a&gt;
E, 3504, 24, 2013/05/23, 16:44:09.484, 2804088591509, QTAgent32.exe, Playback - [IMAGE] C:\Users\testuser\AppData\Local\Temp\UITestLogs\LastRun\RPF4C13.png
\0
W, 3504, 24, 2013/05/23, 16:44:09.485, 2804088594535, QTAgent32.exe, Playback - [WARNING] Internal warning: Couldn't find descendants that match QueryId
\0
W, 3504, 24, 2013/05/23, 16:44:09.485, 2804088598131, QTAgent32.exe, PERF WARNING: FindTopLevelWindowHelper::FindAllDescendents: took 4157 ms. Expected it to take maximum 500 ms.
E, 3504, 24, 2013/05/23, 16:44:09.485, 2804088600620, QTAgent32.exe, Exception: System.Runtime.InteropServices.COMException
	Message: Error HRESULT E_FAIL has been returned from a call to a COM component.
	Stack Trace:    at Microsoft.VisualStudio.TestTools.UITest.Playback.Engine.IRPFPlayback.FindAllScreenElements(IScreenElement pScreenElementStart, String bstrQueryId, Object&amp; pvarResKeys, Int32 cResKeys, Int32 nMaxDepth, Object[]&amp; foundDescendants)
   at Microsoft.VisualStudio.TestTools.UITest.Playback.ScreenElement.FindTopLevelWindowHelper(String queryId)
	BaseExceptionMessage: Error HRESULT E_FAIL has been returned from a call to a COM component.

E, 3504, 24, 2013/05/23, 16:44:09.587, 2804090054381, QTAgent32.exe, AL: Playback Error: Microsoft.VisualStudio.TestTools.UITest.Extension.UITestControlNotFoundException: The playback failed to find the control with the given search properties. Additional Details: 
TechnologyName:  'MSAA'
ControlType:  'Window'
Name:  'Save the file as'
ClassName:  '#32770'
 ---&gt; System.Runtime.InteropServices.COMException: Error HRESULT E_FAIL has been returned from a call to a COM component.
   at Microsoft.VisualStudio.TestTools.UITest.Playback.Engine.IRPFPlayback.FindAllScreenElements(IScreenElement pScreenElementStart, String bstrQueryId, Object&amp; pvarResKeys, Int32 cResKeys, Int32 nMaxDepth, Object[]&amp; foundDescendants)
   at Microsoft.VisualStudio.TestTools.UITest.Playback.ScreenElement.FindTopLevelWindowHelper(String queryId)
   at Microsoft.VisualStudio.TestTools.UITest.Playback.ScreenElement.FindFromPartialQueryId(String queryId)
   at Microsoft.VisualStudio.TestTools.UITesting.UITestControl..ctor(String queryId)
   --- End of inner exception stack trace ---
   at Microsoft.VisualStudio.TestTools.UITesting.Playback.MapControlNotFoundException(COMException ex, IPlaybackContext context)
   at Microsoft.VisualStudio.TestTools.UITesting.Playback.MapAndThrowComException(COMException innerException, IPlaybackContext context)
   at Microsoft.VisualStudio.TestTools.UITesting.Playback.MapAndThrowException(SystemException exception, IPlaybackContext context)
   at Microsoft.VisualStudio.TestTools.UITesting.Playback.MapAndThrowException(SystemException exception, String queryId)
   at Microsoft.VisualStudio.TestTools.UITesting.UITestControl..ctor(String queryId)
   at Microsoft.VisualStudio.TestTools.UITesting.SearchHelper.SearchTopLevelWindow(ISearchArgument topLevelSearchArg, String topLevelElementQueryId)
   at Microsoft.VisualStudio.TestTools.UITesting.SearchHelper.GetTitleUpdatedTopLevelWindow(ISearchArgument topLevelSearchArg, String queryId, IList`1 windowTitles)
   at Microsoft.VisualStudio.TestTools.UITesting.SearchHelper.GetTopLevelElement(Boolean useCache, Boolean useCacheOnly, ISearchArgument searchArg, IList`1 windowTitles, Int32&amp; timeLeft)
   at Microsoft.VisualStudio.TestTools.UITesting.SearchHelper.GetElement(Boolean useCache, ISearchArgument searchArg)
   at Microsoft.VisualStudio.TestTools.UITesting.SearchHelper.Search(ISearchArgument searchArg)
   at Microsoft.VisualStudio.TestTools.UITesting.UITestControl.FindInternal()
   at Microsoft.VisualStudio.TestTools.UITesting.UITestControl.FindControlIfNecessary()
   at Microsoft.VisualStudio.TestTools.UITesting.UITestControl.Click(MouseButtons button, ModifierKeys modifierKeys, Point relativeCoordinates)
   at Microsoft.VisualStudio.TestTools.UITesting.Mouse.ClickImplementation(UITestControl control, MouseButtons button, ModifierKeys modifierKeys, Point relativeCoordinate)
   at Microsoft.VisualStudio.TestTools.UITesting.Mouse.ClickImplementationWrapper(UITestControl control, MouseButtons button, ModifierKeys modifierKeys, Point relativeCoordinate)
W, 3504, 24, 2013/05/23, 16:44:09.587, 2804090058265, QTAgent32.exe, PlaybackErrorHandler: Ignoring exception as ContinueOnError is set.
W, 3504, 24, 2013/05/23, 16:44:09.726, 2804092055186, QTAgent32.exe, &lt;a class=success&gt;Playback - {88} [SUCCESS] Check - "[MSAA, VisibleOnly]ControlType='CheckBox' &amp;&amp; Name='Defer Printing?'"
\0&lt;/a&gt;
W, 3504, 24, 2013/05/23, 16:44:10.221, 2804099138349, QTAgent32.exe, &lt;a class=success&gt;Playback - {89} [SUCCESS] MouseButtonClick - "[MSAA, VisibleOnly]ControlType='Button' &amp;&amp; Name='Ok'"
\0&lt;/a&gt;
W, 3504, 24, 2013/05/23, 16:44:11.298, 2804114556671, QTAgent32.exe, PERF WARNING: FindTopLevelWindowHelper::FindAllDescendents: took 976 ms. Expected it to take maximum 500 ms.
W, 3504, 24, 2013/05/23, 16:44:11.445, 2804116665124, QTAgent32.exe, &lt;a class=success&gt;Playback - {90} [SUCCESS] Uncheck - "[MSAA, VisibleOnly]ControlType='CheckBox' &amp;&amp; Name='Add Activity'"
\0&lt;/a&gt;
W, 3504, 24, 2013/05/23, 16:44:13.869, 2804151371609, QTAgent32.exe, &lt;a class=success&gt;Playback - {91} [SUCCESS] MouseButtonClick - "[MSAA, VisibleOnly]ControlType='Button' &amp;&amp; Name='Ok'"
\0&lt;/a&gt;
W, 3504, 24, 2013/05/23, 16:44:14.119, 2804154944365, QTAgent32.exe, &lt;a class=success&gt;Playback - {92} [SUCCESS] MouseButtonClick - "[MSAA, VisibleOnly]ControlType='Button' &amp;&amp; Name='Ok'"
\0&lt;/a&gt;
W, 3504, 24, 2013/05/23, 16:44:17.362, 2804201385822, QTAgent32.exe, PERF WARNING: FindTopLevelWindowHelper::FindAllDescendents: took 3135 ms. Expected it to take maximum 500 ms.
W, 3504, 24, 2013/05/23, 16:44:17.537, 2804203891830, QTAgent32.exe, &lt;a class=success&gt;Playback - {93} [SUCCESS] MouseButtonClick - "[MSAA, VisibleOnly]ControlType='Button' &amp;&amp; Name='OK'"
\0&lt;/a&gt;
W, 3504, 24, 2013/05/23, 16:44:17.759, 2804207062940, QTAgent32.exe, &lt;a class=success&gt;Playback - {94} [SUCCESS] MouseButtonClick - "[MSAA, VisibleOnly]ControlType='Button' &amp;&amp; Name='Options'"
\0&lt;/a&gt;
W, 3504, 24, 2013/05/23, 16:44:17.859, 2804208503098, QTAgent32.exe, FindScreenElementInSinglePass : Attempting to find control in one pass of search. Failures can occur.
W, 3504, 24, 2013/05/23, 16:44:17.871, 2804208678506, QTAgent32.exe, Playback - [WARNING] Internal failure: Method GetBoundingRectangle failed (HRESULT = 0x1, "Incorrect function.") for Name = "Quote Select List" ," ControlType = "MenuItem"
\0
W, 3504, 24, 2013/05/23, 16:44:17.872, 2804208680614, QTAgent32.exe, Playback - [WARNING] Internal failure: Couldn't get clickable point for ScreenUIElement - GetClickablePoint failed
\0
W, 3504, 24, 2013/05/23, 16:44:17.872, 2804208684076, QTAgent32.exe, FindScreenElementInSinglePass : Attempting to find control in one pass of search. Failures can occur.
W, 3504, 24, 2013/05/23, 16:44:17.874, 2804208720652, QTAgent32.exe, FindScreenElementInSinglePass : Attempting to find control in one pass of search. Failures can occur.
W, 3504, 24, 2013/05/23, 16:44:17.995, 2804210443861, QTAgent32.exe, &lt;a class=success&gt;Playback - {95} [SUCCESS] LeftButtonClick - "[MSAA, VisibleOnly]ControlType='MenuBar' &amp;&amp; Name='Application'"  &lt; Mouse cursor location (960, 31) &gt;
\0&lt;/a&gt;
W, 3504, 24, 2013/05/23, 16:44:18.101, 2804211970911, QTAgent32.exe, &lt;a class=success&gt;Playback - {96} [SUCCESS] LeftButtonClick - "[MSAA]ControlType='MenuItem' &amp;&amp; Name='Options'"  &lt; Mouse cursor location (94, 31) &gt;
\0&lt;/a&gt;
W, 3504, 24, 2013/05/23, 16:44:18.516, 2804217908032, QTAgent32.exe, &lt;a class=success&gt;Playback - {97} [SUCCESS] LeftButtonClick - "[MSAA]ControlType='MenuItem' &amp;&amp; Name='Links'"  &lt; Mouse cursor location (174, 319) &gt;
\0&lt;/a&gt;
W, 3504, 24, 2013/05/23, 16:44:18.950, 2804224120429, QTAgent32.exe, &lt;a class=success&gt;Playback - {98} [SUCCESS] LeftButtonClick - "[MSAA]ControlType='MenuItem' &amp;&amp; Name='3rd Party Integration'"  &lt; Mouse cursor location (375, 319) &gt;
\0&lt;/a&gt;
W, 3504, 24, 2013/05/23, 16:44:19.357, 2804229953244, QTAgent32.exe, &lt;a class=success&gt;Playback - {99} [SUCCESS] MouseButtonClick - "[MSAA]ControlType='MenuItem' &amp;&amp; Name='Quote Select List'"
\0&lt;/a&gt;
W, 3504, 24, 2013/05/23, 16:44:21.188, 2804256168333, QTAgent32.exe, PERF WARNING: FindTopLevelWindowHelper::FindAllDescendents: took 1708 ms. Expected it to take maximum 500 ms.
W, 3504, 24, 2013/05/23, 16:44:21.320, 2804258050635, QTAgent32.exe, &lt;a class=success&gt;Playback - {100} [SUCCESS] MouseButtonClick - "[MSAA, VisibleOnly]ControlType='Button' &amp;&amp; Name='Ok'"
\0&lt;/a&gt;
W, 3504, 24, 2013/05/23, 16:44:23.567, 2804290228650, QTAgent32.exe, PERF WARNING: FindTopLevelWindowHelper::FindAllDescendents: took 2147 ms. Expected it to take maximum 500 ms.
W, 3504, 24, 2013/05/23, 16:44:23.708, 2804292247282, QTAgent32.exe, &lt;a class=success&gt;Playback - {101} [SUCCESS] MouseButtonClick - "[MSAA, VisibleOnly]ControlType='Button' &amp;&amp; Name='MTA...'"
\0&lt;/a&gt;
W, 3504, 24, 2013/05/23, 16:44:24.776, 2804307538579, QTAgent32.exe, PERF WARNING: FindTopLevelWindowHelper::FindAllDescendents: took 965 ms. Expected it to take maximum 500 ms.
W, 3504, 24, 2013/05/23, 16:44:26.286, 2804329158820, QTAgent32.exe, Playback - [WARNING] Internal warning: Incorrect flag set for InvokeProgrammaticAction\0
W, 3504, 24, 2013/05/23, 16:44:26.406, 2804330887324, QTAgent32.exe, &lt;a class=success&gt;Playback - {102} [SUCCESS] SetValueAsComboBox "Change of Vehicle" - "[MSAA, VisibleOnly]ControlType='ComboBox'"  &lt; SetValueAsComboBox, set by clicking on the item in the list box &gt;
\0&lt;/a&gt;
W, 3504, 24, 2013/05/23, 16:44:26.639, 2804334210404, QTAgent32.exe, &lt;a class=success&gt;Playback - {103} [SUCCESS] MouseButtonClick - "[MSAA, VisibleOnly]ControlType='Button' &amp;&amp; Name='OK'"
\0&lt;/a&gt;
W, 3504, 24, 2013/05/23, 16:44:26.842, 2804337116447, QTAgent32.exe, Playback - [WARNING] Internal warning: Thread state based WFR - Requested element has invalid HWND
\0
W, 3504, 24, 2013/05/23, 16:44:26.842, 2804337119337, QTAgent32.exe, Playback - [WARNING] Internal warning: process performance counters based WFR - Requested element has invalid HWND
\0
E, 3504, 24, 2013/05/23, 16:44:26.842, 2804337124299, QTAgent32.exe, EnsureValid called via EnsureValid call for same element
E, 3504, 24, 2013/05/23, 16:44:26.842, 2804337127333, QTAgent32.exe, EnsureValid called via EnsureValid call for same element
E, 3504, 24, 2013/05/23, 16:44:26.842, 2804337128988, QTAgent32.exe, EnsureValid called via EnsureValid call for same element
E, 3504, 24, 2013/05/23, 16:44:26.843, 2804337133680, QTAgent32.exe, Window 3015948 not responding. Last Win32 error 0
E, 3504, 24, 2013/05/23, 16:44:26.843, 2804337136104, QTAgent32.exe, GetClassName for handle 3015948 failed
W, 3504, 24, 2013/05/23, 16:44:27.608, 2804348093248, QTAgent32.exe, &lt;a class=success&gt;Playback - {104} [SUCCESS] SendKeys "^{HOME}" - "[MSAA, VisibleOnly]ControlType='Edit'"
\0&lt;/a&gt;
E, 3504, 24, 2013/05/23, 16:44:27.610, 2804348114623, QTAgent32.exe, Msaa.GetFocusedElement: could not find accessible object of foreground window
W, 3504, 24, 2013/05/23, 16:44:27.700, 2804349411778, QTAgent32.exe, &lt;a class=success&gt;Playback - {105} [SUCCESS] SendKeys "^+{END}" - "[MSAA, VisibleOnly]ControlType='Edit'"
\0&lt;/a&gt;
E, 3504, 24, 2013/05/23, 16:44:27.700, 2804349415150, QTAgent32.exe, Msaa.GetFocusedElement: could not find accessible object of foreground window
W, 3504, 24, 2013/05/23, 16:44:27.715, 2804349628148, QTAgent32.exe, &lt;a class=success&gt;Playback - {106} [SUCCESS] SendKeys "{DELETE}" - "[MSAA, VisibleOnly]ControlType='Edit'"
\0&lt;/a&gt;
W, 3504, 24, 2013/05/23, 16:44:28.453, 2804360181129, QTAgent32.exe, &lt;a class=success&gt;Playback - {107} [SUCCESS] SetValueAsEditBox "2500" - "[MSAA, VisibleOnly]ControlType='Edit'"  &lt; Set via SendKeys &gt;
\0&lt;/a&gt;
W, 3504, 24, 2013/05/23, 16:44:28.708, 2804363837460, QTAgent32.exe, &lt;a class=success&gt;Playback - {108} [SUCCESS] MouseButtonClick - "[MSAA, VisibleOnly]ControlType='Button' &amp;&amp; Name='Calculate Quote'"
\0&lt;/a&gt;
W, 3504, 24, 2013/05/23, 16:44:29.793, 2804379377646, QTAgent32.exe, PERF WARNING: FindTopLevelWindowHelper::FindAllDescendents: took 982 ms. Expected it to take maximum 500 ms.
W, 3504, 24, 2013/05/23, 16:44:30.487, 2804389307659, QTAgent32.exe, &lt;a class=success&gt;Playback - {109} [SUCCESS] SendKeys "^{HOME}" - "[MSAA, VisibleOnly]ControlType='Edit'"
\0&lt;/a&gt;
E, 3504, 24, 2013/05/23, 16:44:30.487, 2804389311429, QTAgent32.exe, Msaa.GetFocusedElement: could not find accessible object of foreground window
W, 3504, 24, 2013/05/23, 16:44:30.556, 2804390302646, QTAgent32.exe, &lt;a class=success&gt;Playback - {110} [SUCCESS] SendKeys "^+{END}" - "[MSAA, VisibleOnly]ControlType='Edit'"
\0&lt;/a&gt;
E, 3504, 24, 2013/05/23, 16:44:30.556, 2804390306054, QTAgent32.exe, Msaa.GetFocusedElement: could not find accessible object of foreground window
W, 3504, 24, 2013/05/23, 16:44:30.571, 2804390519322, QTAgent32.exe, &lt;a class=success&gt;Playback - {111} [SUCCESS] SendKeys "{DELETE}" - "[MSAA, VisibleOnly]ControlType='Edit'"
\0&lt;/a&gt;
W, 3504, 24, 2013/05/23, 16:44:31.439, 2804402949384, QTAgent32.exe, &lt;a class=success&gt;Playback - {112} [SUCCESS] SetValueAsEditBox "13/10/12" - "[MSAA, VisibleOnly]ControlType='Edit'"  &lt; Set via SendKeys &gt;
\0&lt;/a&gt;
W, 3504, 24, 2013/05/23, 16:44:31.669, 2804406235861, QTAgent32.exe, &lt;a class=success&gt;Playback - {113} [SUCCESS] MouseButtonClick - "[MSAA, VisibleOnly]ControlType='Button' &amp;&amp; Name='OK'"
\0&lt;/a&gt;
W, 3504, 24, 2013/05/23, 16:44:32.072, 2804412005215, QTAgent32.exe, &lt;a class=success&gt;Playback - {114} [SUCCESS] MouseButtonClick - "[MSAA, VisibleOnly]ControlType='Button' &amp;&amp; Name='OK'"
\0&lt;/a&gt;
W, 3504, 24, 2013/05/23, 16:44:32.853, 2804423181306, QTAgent32.exe, &lt;a class=success&gt;Playback - {115} [SUCCESS] SendKeys "^{HOME}" - "[MSAA, VisibleOnly]ControlType='Edit'"
\0&lt;/a&gt;
E, 3504, 24, 2013/05/23, 16:44:32.853, 2804423184837, QTAgent32.exe, Msaa.GetFocusedElement: could not find accessible object of foreground window
W, 3504, 24, 2013/05/23, 16:44:32.908, 2804423976611, QTAgent32.exe, &lt;a class=success&gt;Playback - {116} [SUCCESS] SendKeys "^+{END}" - "[MSAA, VisibleOnly]ControlType='Edit'"
\0&lt;/a&gt;
E, 3504, 24, 2013/05/23, 16:44:32.908, 2804423980129, QTAgent32.exe, Msaa.GetFocusedElement: could not find accessible object of foreground window
W, 3504, 24, 2013/05/23, 16:44:32.933, 2804424325710, QTAgent32.exe, &lt;a class=success&gt;Playback - {117} [SUCCESS] SendKeys "{DELETE}" - "[MSAA, VisibleOnly]ControlType='Edit'"
\0&lt;/a&gt;
W, 3504, 24, 2013/05/23, 16:44:33.788, 2804436571397, QTAgent32.exe, &lt;a class=success&gt;Playback - {118} [SUCCESS] SetValueAsEditBox "24/05/13" - "[MSAA, VisibleOnly]ControlType='Edit'"  &lt; Set via SendKeys &gt;
\0&lt;/a&gt;
W, 3504, 24, 2013/05/23, 16:44:34.019, 2804439878116, QTAgent32.exe, &lt;a class=success&gt;Playback - {119} [SUCCESS] MouseButtonClick - "[MSAA, VisibleOnly]ControlType='Button' &amp;&amp; Name='OK'"
\0&lt;/a&gt;
W, 3504, 24, 2013/05/23, 16:44:38.429, 2804503030238, QTAgent32.exe, PERF WARNING: FindTopLevelWindowHelper::FindAllDescendents: took 4309 ms. Expected it to take maximum 500 ms.
W, 3504, 24, 2013/05/23, 16:44:38.558, 2804504878677, QTAgent32.exe, &lt;a class=success&gt;Playback - {120} [SUCCESS] MouseButtonClick - "[MSAA, VisibleOnly]ControlType='Client'"
\0&lt;/a&gt;
W, 3504, 24, 2013/05/23, 16:44:39.546, 2804519018722, QTAgent32.exe, &lt;a class=success&gt;Playback - {121} [SUCCESS] SendKeys "{Home}" - "[MSAA, VisibleOnly]ControlType='Client'"
\0&lt;/a&gt;
W, 3504, 24, 2013/05/23, 16:44:39.793, 2804522548572, QTAgent32.exe, &lt;a class=success&gt;Playback - {122} [SUCCESS] MouseButtonClick - "[MSAA, VisibleOnly]ControlType='Button' &amp;&amp; Name='Accept'"
\0&lt;/a&gt;
W, 3504, 24, 2013/05/23, 16:44:40.123, 2804527277613, QTAgent32.exe, &lt;a class=success&gt;Playback - {123} [SUCCESS] MouseButtonClick - "[MSAA, VisibleOnly]ControlType='Button' &amp;&amp; Name='Yes'"
\0&lt;/a&gt;
W, 3504, 24, 2013/05/23, 16:44:40.390, 2804531101937, QTAgent32.exe, &lt;a class=success&gt;Playback - {124} [SUCCESS] MouseButtonClick - "[MSAA, VisibleOnly]ControlType='Button' &amp;&amp; Name='Ok'"
\0&lt;/a&gt;
W, 3504, 24, 2013/05/23, 16:45:00.036, 2804812393564, QTAgent32.exe, PERF WARNING: FindTopLevelWindowHelper::FindAllDescendents: took 19545 ms. Expected it to take maximum 500 ms.
W, 3504, 24, 2013/05/23, 16:45:01.949, 2804839791982, QTAgent32.exe, &lt;a class=success&gt;Playback - {125} [SUCCESS] MouseButtonClick - "[MSAA, VisibleOnly]ControlType='Button' &amp;&amp; Name='OK'"
\0&lt;/a&gt;
W, 3504, 24, 2013/05/23, 16:45:02.049, 2804841226266, QTAgent32.exe, Playback - [WARNING] Internal warning: Thread state based WFR - Requested element has invalid HWND
\0
W, 3504, 24, 2013/05/23, 16:45:02.049, 2804841228321, QTAgent32.exe, Playback - [WARNING] Internal warning: process performance counters based WFR - Requested element has invalid HWND
\0
E, 3504, 24, 2013/05/23, 16:45:02.050, 2804841232137, QTAgent32.exe, EnsureValid called via EnsureValid call for same element
E, 3504, 24, 2013/05/23, 16:45:02.050, 2804841234379, QTAgent32.exe, EnsureValid called via EnsureValid call for same element
E, 3504, 24, 2013/05/23, 16:45:02.050, 2804841235715, QTAgent32.exe, EnsureValid called via EnsureValid call for same element
E, 3504, 24, 2013/05/23, 16:45:02.050, 2804841240211, QTAgent32.exe, Window 2819494 not responding. Last Win32 error 0
E, 3504, 24, 2013/05/23, 16:45:02.050, 2804841241167, QTAgent32.exe, GetClassName for handle 2819494 failed
W, 3504, 24, 2013/05/23, 16:45:02.194, 2804843296350, QTAgent32.exe, &lt;a class=success&gt;Playback - {126} [SUCCESS] Check - "[MSAA, VisibleOnly]ControlType='CheckBox' &amp;&amp; Name='Defer Printing?'"
\0&lt;/a&gt;
W, 3504, 24, 2013/05/23, 16:45:02.761, 2804851423836, QTAgent32.exe, &lt;a class=success&gt;Playback - {127} [SUCCESS] MouseButtonClick - "[MSAA, VisibleOnly]ControlType='Button' &amp;&amp; Name='Ok'"
\0&lt;/a&gt;
W, 3504, 24, 2013/05/23, 16:45:02.862, 2804852860611, QTAgent32.exe, Playback - [WARNING] Internal warning: Thread state based WFR - Requested element has invalid HWND
\0
W, 3504, 24, 2013/05/23, 16:45:02.862, 2804852862566, QTAgent32.exe, Playback - [WARNING] Internal warning: process performance counters based WFR - Requested element has invalid HWND
\0
E, 3504, 24, 2013/05/23, 16:45:02.862, 2804852865555, QTAgent32.exe, EnsureValid called via EnsureValid call for same element
E, 3504, 24, 2013/05/23, 16:45:02.862, 2804852867536, QTAgent32.exe, EnsureValid called via EnsureValid call for same element
E, 3504, 24, 2013/05/23, 16:45:02.862, 2804852868718, QTAgent32.exe, EnsureValid called via EnsureValid call for same element
E, 3504, 24, 2013/05/23, 16:45:02.863, 2804852872737, QTAgent32.exe, Window 2753302 not responding. Last Win32 error 0
E, 3504, 24, 2013/05/23, 16:45:02.863, 2804852873573, QTAgent32.exe, GetClassName for handle 2753302 failed
W, 3504, 24, 2013/05/23, 16:45:04.707, 2804879275295, QTAgent32.exe, PERF WARNING: FindTopLevelWindowHelper::FindAllDescendents: took 1843 ms. Expected it to take maximum 500 ms.
W, 3504, 24, 2013/05/23, 16:45:04.851, 2804881344656, QTAgent32.exe, &lt;a class=success&gt;Playback - {128} [SUCCESS] Uncheck - "[MSAA, VisibleOnly]ControlType='CheckBox' &amp;&amp; Name='Add Activity'"
\0&lt;/a&gt;
W, 3504, 24, 2013/05/23, 16:45:05.218, 2804886600822, QTAgent32.exe, &lt;a class=success&gt;Playback - {129} [SUCCESS] MouseButtonClick - "[MSAA, VisibleOnly]ControlType='Button' &amp;&amp; Name='Ok'"
\0&lt;/a&gt;
W, 3504, 24, 2013/05/23, 16:45:06.510, 2804905093807, QTAgent32.exe, PERF WARNING: FindTopLevelWindowHelper::FindAllDescendents: took 1191 ms. Expected it to take maximum 500 ms.
W, 3504, 24, 2013/05/23, 16:45:06.737, 2804908354041, QTAgent32.exe, &lt;a class=success&gt;Playback - {130} [SUCCESS] MouseButtonClick - "[MSAA, VisibleOnly]ControlType='Button' &amp;&amp; Name='OK'"
\0&lt;/a&gt;
W, 3504, 24, 2013/05/23, 16:45:08.477, 2804933254916, QTAgent32.exe, PERF WARNING: FindTopLevelWindowHelper::FindAllDescendents: took 1638 ms. Expected it to take maximum 500 ms.
W, 3504, 24, 2013/05/23, 16:45:08.604, 2804935074566, QTAgent32.exe, &lt;a class=success&gt;Playback - {131} [SUCCESS] MouseButtonClick - "[MSAA, VisibleOnly]ControlType='Button' &amp;&amp; Name='OK'"
\0&lt;/a&gt;
W, 3504, 24, 2013/05/23, 16:45:08.833, 2804938355070, QTAgent32.exe, &lt;a class=success&gt;Playback - {132} [SUCCESS] MouseButtonClick - "[MSAA, VisibleOnly]ControlType='Button' &amp;&amp; Name='Options'"
\0&lt;/a&gt;
W, 3504, 24, 2013/05/23, 16:45:08.934, 2804939796740, QTAgent32.exe, FindScreenElementInSinglePass : Attempting to find control in one pass of search. Failures can occur.
W, 3504, 24, 2013/05/23, 16:45:08.952, 2804940054105, QTAgent32.exe, Playback - [WARNING] Internal failure: Method GetBoundingRectangle failed (HRESULT = 0x1, "Incorrect function.") for Name = "Quote Select List" ," ControlType = "MenuItem"
\0
W, 3504, 24, 2013/05/23, 16:45:08.952, 2804940055994, QTAgent32.exe, Playback - [WARNING] Internal failure: Couldn't get clickable point for ScreenUIElement - GetClickablePoint failed
\0
W, 3504, 24, 2013/05/23, 16:45:08.952, 2804940060037, QTAgent32.exe, FindScreenElementInSinglePass : Attempting to find control in one pass of search. Failures can occur.
W, 3504, 24, 2013/05/23, 16:45:08.955, 2804940097572, QTAgent32.exe, FindScreenElementInSinglePass : Attempting to find control in one pass of search. Failures can occur.
W, 3504, 24, 2013/05/23, 16:45:09.076, 2804941838039, QTAgent32.exe, &lt;a class=success&gt;Playback - {133} [SUCCESS] LeftButtonClick - "[MSAA, VisibleOnly]ControlType='MenuBar' &amp;&amp; Name='Application'"  &lt; Mouse cursor location (960, 31) &gt;
\0&lt;/a&gt;
W, 3504, 24, 2013/05/23, 16:45:09.181, 2804943344457, QTAgent32.exe, &lt;a class=success&gt;Playback - {134} [SUCCESS] LeftButtonClick - "[MSAA]ControlType='MenuItem' &amp;&amp; Name='Options'"  &lt; Mouse cursor location (94, 31) &gt;
\0&lt;/a&gt;
W, 3504, 24, 2013/05/23, 16:45:09.598, 2804949314004, QTAgent32.exe, &lt;a class=success&gt;Playback - {135} [SUCCESS] LeftButtonClick - "[MSAA]ControlType='MenuItem' &amp;&amp; Name='Links'"  &lt; Mouse cursor location (174, 319) &gt;
\0&lt;/a&gt;
W, 3504, 24, 2013/05/23, 16:45:10.029, 2804955478910, QTAgent32.exe, &lt;a class=success&gt;Playback - {136} [SUCCESS] LeftButtonClick - "[MSAA]ControlType='MenuItem' &amp;&amp; Name='3rd Party Integration'"  &lt; Mouse cursor location (375, 319) &gt;
\0&lt;/a&gt;
W, 3504, 24, 2013/05/23, 16:45:10.471, 2804961813065, QTAgent32.exe, &lt;a class=success&gt;Playback - {137} [SUCCESS] MouseButtonClick - "[MSAA]ControlType='MenuItem' &amp;&amp; Name='Quote Select List'"
\0&lt;/a&gt;
W, 3504, 24, 2013/05/23, 16:45:11.725, 2804979768158, QTAgent32.exe, PERF WARNING: FindTopLevelWindowHelper::FindAllDescendents: took 1151 ms. Expected it to take maximum 500 ms.
W, 3504, 24, 2013/05/23, 16:45:11.861, 2804981711722, QTAgent32.exe, &lt;a class=success&gt;Playback - {138} [SUCCESS] MouseButtonClick - "[MSAA, VisibleOnly]ControlType='Button' &amp;&amp; Name='Ok'"
\0&lt;/a&gt;
W, 3504, 24, 2013/05/23, 16:45:11.961, 2804983143845, QTAgent32.exe, Playback - [WARNING] Internal warning: Thread state based WFR - Requested element has invalid HWND
\0
W, 3504, 24, 2013/05/23, 16:45:11.961, 2804983145611, QTAgent32.exe, Playback - [WARNING] Internal warning: process performance counters based WFR - Requested element has invalid HWND
\0
E, 3504, 24, 2013/05/23, 16:45:11.962, 2804983148670, QTAgent32.exe, EnsureValid called via EnsureValid call for same element
E, 3504, 24, 2013/05/23, 16:45:11.962, 2804983150595, QTAgent32.exe, EnsureValid called via EnsureValid call for same element
E, 3504, 24, 2013/05/23, 16:45:11.962, 2804983151898, QTAgent32.exe, EnsureValid called via EnsureValid call for same element
E, 3504, 24, 2013/05/23, 16:45:11.967, 2804983222594, QTAgent32.exe, GetClassName for handle 3343136 failed
E, 3504, 24, 2013/05/23, 16:45:11.967, 2804983227551, QTAgent32.exe, GetClassName for handle 3343136 failed
E, 3504, 24, 2013/05/23, 16:45:11.968, 2804983235077, QTAgent32.exe, Exception: System.Runtime.InteropServices.COMException
	Message: Error HRESULT E_FAIL has been returned from a call to a COM component.
	Stack Trace:    at Accessibility.IAccessible.get_accState(Object varChild)
   at Microsoft.VisualStudio.TestTools.UITest.Extension.Msaa.AccWrapper.get_State()
	BaseExceptionMessage: Error HRESULT E_FAIL has been returned from a call to a COM component.

E, 3504, 24, 2013/05/23, 16:45:11.968, 2804983238976, QTAgent32.exe, Exception: System.Runtime.InteropServices.COMException
	Message: Error HRESULT E_FAIL has been returned from a call to a COM component.
	Stack Trace:    at Accessibility.IAccessible.get_accState(Object varChild)
   at Microsoft.VisualStudio.TestTools.UITest.Extension.Msaa.AccWrapper.get_State()
	BaseExceptionMessage: Error HRESULT E_FAIL has been returned from a call to a COM component.

E, 3504, 24, 2013/05/23, 16:45:11.968, 2804983242967, QTAgent32.exe, Exception: System.Runtime.InteropServices.COMException
	Message: Error HRESULT E_FAIL has been returned from a call to a COM component.
	Stack Trace:    at Accessibility.IAccessible.get_accState(Object varChild)
   at Microsoft.VisualStudio.TestTools.UITest.Extension.Msaa.AccWrapper.get_State()
	BaseExceptionMessage: Error HRESULT E_FAIL has been returned from a call to a COM component.

E, 3504, 24, 2013/05/23, 16:45:11.968, 2804983246737, QTAgent32.exe, Exception: System.Runtime.InteropServices.COMException
	Message: Error HRESULT E_FAIL has been returned from a call to a COM component.
	Stack Trace:    at Accessibility.IAccessible.get_accState(Object varChild)
   at Microsoft.VisualStudio.TestTools.UITest.Extension.Msaa.AccWrapper.get_State()
	BaseExceptionMessage: Error HRESULT E_FAIL has been returned from a call to a COM component.

E, 3504, 24, 2013/05/23, 16:45:11.969, 2804983252058, QTAgent32.exe, Exception: System.Runtime.InteropServices.COMException
	Message: Error HRESULT E_FAIL has been returned from a call to a COM component.
	Stack Trace:    at Accessibility.IAccessible.get_accState(Object varChild)
   at Microsoft.VisualStudio.TestTools.UITest.Extension.Msaa.AccWrapper.get_State()
	BaseExceptionMessage: Error HRESULT E_FAIL has been returned from a call to a COM component.

E, 3504, 24, 2013/05/23, 16:45:11.969, 2804983258443, QTAgent32.exe, Exception: System.Runtime.InteropServices.COMException
	Message: Error HRESULT E_FAIL has been returned from a call to a COM component.
	Stack Trace:    at Accessibility.IAccessible.get_accState(Object varChild)
   at Microsoft.VisualStudio.TestTools.UITest.Extension.Msaa.AccWrapper.get_State()
	BaseExceptionMessage: Error HRESULT E_FAIL has been returned from a call to a COM component.

E, 3504, 24, 2013/05/23, 16:45:11.969, 2804983262386, QTAgent32.exe, Exception: System.Runtime.InteropServices.COMException
	Message: Error HRESULT E_FAIL has been returned from a call to a COM component.
	Stack Trace:    at Accessibility.IAccessible.get_accState(Object varChild)
   at Microsoft.VisualStudio.TestTools.UITest.Extension.Msaa.AccWrapper.get_State()
	BaseExceptionMessage: Error HRESULT E_FAIL has been returned from a call to a COM component.

W, 3504, 24, 2013/05/23, 16:45:12.168, 2804986108910, QTAgent32.exe, PERF WARNING: MSAA.UpdateQueryIDForNamelessControls: took 201 ms. Expected it to take maximum 200 ms.
W, 3504, 24, 2013/05/23, 16:45:12.169, 2804986113229, QTAgent32.exe, Msaa.Navigate: Exception [Error HRESULT E_FAIL has been returned from a call to a COM component.] while calling accNavigate.
E, 3504, 24, 2013/05/23, 16:45:12.169, 2804986114241, QTAgent32.exe, GetClassName for handle 2491062 failed
E, 3504, 24, 2013/05/23, 16:45:12.169, 2804986115006, QTAgent32.exe, Window 2491062 not responding. Last Win32 error 1400
E, 3504, 24, 2013/05/23, 16:45:12.169, 2804986117155, QTAgent32.exe, GetClassName for handle 3343136 failed
W, 3504, 24, 2013/05/23, 16:45:14.373, 2805017686744, QTAgent32.exe, PERF WARNING: FindTopLevelWindowHelper::FindAllDescendents: took 2204 ms. Expected it to take maximum 500 ms.
W, 3504, 24, 2013/05/23, 16:45:14.533, 2805019968701, QTAgent32.exe, &lt;a class=success&gt;Playback - {139} [SUCCESS] MouseButtonClick - "[MSAA, VisibleOnly]ControlType='Button' &amp;&amp; Name='Exit'"
\0&lt;/a&gt;
W, 3504, 24, 2013/05/23, 16:45:15.575, 2805034889675, QTAgent32.exe, PERF WARNING: FindTopLevelWindowHelper::FindAllDescendents: took 942 ms. Expected it to take maximum 500 ms.
W, 3504, 24, 2013/05/23, 16:45:15.713, 2805036865606, QTAgent32.exe, &lt;a class=success&gt;Playback - {140} [SUCCESS] MouseButtonClick - "[MSAA, VisibleOnly]ControlType='Button' &amp;&amp; Name='Yes'"
\0&lt;/a&gt;
W, 3504, 24, 2013/05/23, 16:45:16.267, 2805044792741, QTAgent32.exe, &lt;a class=success&gt;Playback - {141} [SUCCESS] MouseButtonClick - "[MSAA, VisibleOnly]ControlType='Button' &amp;&amp; Name='OK'"
\0&lt;/a&gt;
W, 3504, 24, 2013/05/23, 16:45:19.064, 2805084845874, QTAgent32.exe, IEDOM : StopSession of the plugin called before StartSession
W, 3504, 24, 2013/05/23, 16:45:19.064, 2805084847625, QTAgent32.exe, UIA : StopSession of the plugin called before StartSession
</DebugTrace>
      </Output>
    </UnitTestResult>
    <UnitTestResult executionId="a55117b7-d28a-4fc8-9ccb-128f39364bf9" testId="8e7d0a77-ea6b-8c4e-59af-3b3f6ea276f6" testName="MotoCancelExit" computerName="ICLVDEVTM02" duration="00:03:34.8401321" startTime="2013-05-23T16:45:19.0935173+01:00" endTime="2013-05-23T16:48:53.9422997+01:00" testType="13cdc9d9-ddb5-4fa4-a97d-d965ccfc6d4b" outcome="Passed" testListId="8c84fa94-04c1-424b-9868-57a2d4851a1d" relativeResultsDirectory="a55117b7-d28a-4fc8-9ccb-128f39364bf9">
      <Output>
        <DebugTrace>W, 3504, 18, 2013/05/23, 16:45:23.527, 2805148738181, QTAgent32.exe, &lt;a class=success&gt;Playback - {1} [SUCCESS] MouseButtonClick - "[MSAA, VisibleOnly]ControlType='Edit'"
\0&lt;/a&gt;
W, 3504, 18, 2013/05/23, 16:45:23.891, 2805153954478, QTAgent32.exe, &lt;a class=success&gt;Playback - {2} [SUCCESS] SendKeys "[*]" - "[MSAA, VisibleOnly]ControlType='Edit'"
\0&lt;/a&gt;
W, 3504, 18, 2013/05/23, 16:45:24.610, 2805164250062, QTAgent32.exe, &lt;a class=success&gt;Playback - {3} [SUCCESS] MouseButtonClick - "[MSAA, VisibleOnly]ControlType='Button' &amp;&amp; Name='OK'"
\0&lt;/a&gt;
W, 3504, 18, 2013/05/23, 16:45:24.897, 2805168366214, QTAgent32.exe, &lt;a class=success&gt;Playback - {4} [SUCCESS] SendKeys "^{HOME}" - "[MSAA, VisibleOnly]ControlType='Edit'"
\0&lt;/a&gt;
E, 3504, 18, 2013/05/23, 16:45:24.897, 2805168369007, QTAgent32.exe, Msaa.GetFocusedElement: could not find accessible object of foreground window
W, 3504, 18, 2013/05/23, 16:45:24.951, 2805169139391, QTAgent32.exe, &lt;a class=success&gt;Playback - {5} [SUCCESS] SendKeys "^+{END}" - "[MSAA, VisibleOnly]ControlType='Edit'"
\0&lt;/a&gt;
E, 3504, 18, 2013/05/23, 16:45:24.951, 2805169142071, QTAgent32.exe, Msaa.GetFocusedElement: could not find accessible object of foreground window
W, 3504, 18, 2013/05/23, 16:45:24.965, 2805169340830, QTAgent32.exe, &lt;a class=success&gt;Playback - {6} [SUCCESS] SendKeys "{DELETE}" - "[MSAA, VisibleOnly]ControlType='Edit'"
\0&lt;/a&gt;
W, 3504, 18, 2013/05/23, 16:45:25.295, 2805174066118, QTAgent32.exe, &lt;a class=success&gt;Playback - {7} [SUCCESS] SetValueAsEditBox "23/05/2013" - "[MSAA, VisibleOnly]ControlType='Edit'"  &lt; Set via SendKeys &gt;
\0&lt;/a&gt;
W, 3504, 18, 2013/05/23, 16:45:25.901, 2805182747386, QTAgent32.exe, Playback - [WARNING] Internal warning: Incorrect flag set for InvokeProgrammaticAction\0
W, 3504, 18, 2013/05/23, 16:45:26.023, 2805184485423, QTAgent32.exe, &lt;a class=success&gt;Playback - {8} [SUCCESS] SetValueAsComboBox "May" - "[MSAA, VisibleOnly]ControlType='ComboBox'"  &lt; SetValueAsComboBox, set by clicking on the item in the list box &gt;
\0&lt;/a&gt;
W, 3504, 18, 2013/05/23, 16:45:26.300, 2805188457743, QTAgent32.exe, &lt;a class=success&gt;Playback - {9} [SUCCESS] SendKeys "^{HOME}" - "[MSAA, VisibleOnly]ControlType='Edit'"
\0&lt;/a&gt;
E, 3504, 18, 2013/05/23, 16:45:26.300, 2805188461386, QTAgent32.exe, Msaa.GetFocusedElement: could not find accessible object of foreground window
W, 3504, 18, 2013/05/23, 16:45:26.357, 2805189272716, QTAgent32.exe, &lt;a class=success&gt;Playback - {10} [SUCCESS] SendKeys "^+{END}" - "[MSAA, VisibleOnly]ControlType='Edit'"
\0&lt;/a&gt;
E, 3504, 18, 2013/05/23, 16:45:26.357, 2805189276041, QTAgent32.exe, Msaa.GetFocusedElement: could not find accessible object of foreground window
W, 3504, 18, 2013/05/23, 16:45:26.372, 2805189488936, QTAgent32.exe, &lt;a class=success&gt;Playback - {11} [SUCCESS] SendKeys "{DELETE}" - "[MSAA, VisibleOnly]ControlType='Edit'"
\0&lt;/a&gt;
W, 3504, 18, 2013/05/23, 16:45:26.572, 2805192346244, QTAgent32.exe, &lt;a class=success&gt;Playback - {12} [SUCCESS] SetValueAsEditBox "2013" - "[MSAA, VisibleOnly]ControlType='Edit'"  &lt; Set via SendKeys &gt;
\0&lt;/a&gt;
W, 3504, 18, 2013/05/23, 16:45:26.791, 2805195488280, QTAgent32.exe, &lt;a class=success&gt;Playback - {13} [SUCCESS] MouseButtonClick - "[MSAA, VisibleOnly]ControlType='Button' &amp;&amp; Name='OK'"
\0&lt;/a&gt;
W, 3504, 18, 2013/05/23, 16:45:27.877, 2805211031513, QTAgent32.exe, Playback - [WARNING] Internal warning: Window Not Found: [VisibleOnly]ControlType='Window' &amp;&amp; Name='Warning' &amp;&amp; ClassName='#32770'
\0
E, 3504, 18, 2013/05/23, 16:45:27.877, 2805211035118, QTAgent32.exe, &lt;a class=failure&gt;Playback - {14} [FAILED] Function ElementFetcher::FindScreenElement failed to locate UI element (Searching: ;[VisibleOnly]ControlType='Window' &amp;&amp; Name='Warning' &amp;&amp; ClassName='#32770') (The object specified was not found.)
\0&lt;/a&gt;
E, 3504, 18, 2013/05/23, 16:45:27.958, 2805212184025, QTAgent32.exe, Playback - [IMAGE] C:\Users\testuser\AppData\Local\Temp\UITestLogs\LastRun\RPF7E99.png
\0
W, 3504, 18, 2013/05/23, 16:45:27.958, 2805212186228, QTAgent32.exe, Playback - [WARNING] Internal warning: Couldn't find descendants that match QueryId
\0
W, 3504, 18, 2013/05/23, 16:45:27.958, 2805212188883, QTAgent32.exe, PERF WARNING: FindTopLevelWindowHelper::FindAllDescendents: took 1051 ms. Expected it to take maximum 500 ms.
W, 3504, 18, 2013/05/23, 16:45:45.960, 2805469945618, QTAgent32.exe, Playback - [WARNING] Internal warning: Window Not Found: [VisibleOnly]ControlType='Window' &amp;&amp; Name='Warning' &amp;&amp; ClassName='#32770'
\0
E, 3504, 18, 2013/05/23, 16:45:45.960, 2805469951286, QTAgent32.exe, &lt;a class=failure&gt;Playback - {15} [FAILED] Function ElementFetcher::FindScreenElement failed to locate UI element (Searching: ;[VisibleOnly]ControlType='Window' &amp;&amp; Name='Warning' &amp;&amp; ClassName='#32770') (The object specified was not found.)
\0&lt;/a&gt;
E, 3504, 18, 2013/05/23, 16:45:46.041, 2805471102852, QTAgent32.exe, Playback - [IMAGE] C:\Users\testuser\AppData\Local\Temp\UITestLogs\LastRun\RPFC54A.png
\0
W, 3504, 18, 2013/05/23, 16:45:46.041, 2805471105214, QTAgent32.exe, Playback - [WARNING] Internal warning: Couldn't find descendants that match QueryId
\0
W, 3504, 18, 2013/05/23, 16:45:46.041, 2805471111725, QTAgent32.exe, PERF WARNING: FindTopLevelWindowHelper::FindAllDescendents: took 18083 ms. Expected it to take maximum 500 ms.
W, 3504, 18, 2013/05/23, 16:45:46.507, 2805477783866, QTAgent32.exe, Playback - [WARNING] Internal warning: Smart Match failed
\0
W, 3504, 18, 2013/05/23, 16:45:46.662, 2805480000671, QTAgent32.exe, Playback - [WARNING] Internal warning: Smart Match failed
\0
W, 3504, 18, 2013/05/23, 16:45:46.823, 2805482304995, QTAgent32.exe, Playback - [WARNING] Internal warning: Smart Match failed
\0
W, 3504, 18, 2013/05/23, 16:45:46.978, 2805484519109, QTAgent32.exe, Playback - [WARNING] Internal warning: Smart Match failed
\0
W, 3504, 18, 2013/05/23, 16:45:47.131, 2805486707157, QTAgent32.exe, Playback - [WARNING] Internal warning: Smart Match failed
\0
W, 3504, 18, 2013/05/23, 16:45:47.289, 2805488976859, QTAgent32.exe, Playback - [WARNING] Internal warning: Smart Match failed
\0
W, 3504, 18, 2013/05/23, 16:45:47.441, 2805491147744, QTAgent32.exe, Playback - [WARNING] Internal warning: Smart Match failed
\0
W, 3504, 18, 2013/05/23, 16:45:47.619, 2805493705448, QTAgent32.exe, Playback - [WARNING] Internal warning: Smart Match failed
\0
W, 3504, 18, 2013/05/23, 16:45:47.776, 2805495949978, QTAgent32.exe, Playback - [WARNING] Internal warning: Smart Match failed
\0
W, 3504, 18, 2013/05/23, 16:45:47.932, 2805498188203, QTAgent32.exe, Playback - [WARNING] Internal warning: Smart Match failed
\0
W, 3504, 18, 2013/05/23, 16:45:48.092, 2805500466651, QTAgent32.exe, Playback - [WARNING] Internal warning: Smart Match failed
\0
W, 3504, 18, 2013/05/23, 16:45:48.247, 2805502696218, QTAgent32.exe, Playback - [WARNING] Internal warning: Smart Match failed
\0
W, 3504, 18, 2013/05/23, 16:45:48.403, 2805504920116, QTAgent32.exe, Playback - [WARNING] Internal warning: Smart Match failed
\0
W, 3504, 18, 2013/05/23, 16:45:48.561, 2805507184460, QTAgent32.exe, Playback - [WARNING] Internal warning: Smart Match failed
\0
W, 3504, 18, 2013/05/23, 16:45:48.718, 2805509434667, QTAgent32.exe, Playback - [WARNING] Internal warning: Smart Match failed
\0
W, 3504, 18, 2013/05/23, 16:45:48.873, 2805511662756, QTAgent32.exe, Playback - [WARNING] Internal warning: Smart Match failed
\0
W, 3504, 18, 2013/05/23, 16:45:49.032, 2805513938923, QTAgent32.exe, Playback - [WARNING] Internal warning: Smart Match failed
\0
W, 3504, 18, 2013/05/23, 16:45:49.079, 2805514602486, QTAgent32.exe, Playback - [WARNING] Internal warning: Window Not Found: [VisibleOnly]ControlType='Window' &amp;&amp; Name='Warning' &amp;&amp; ClassName='#32770'
\0
E, 3504, 18, 2013/05/23, 16:45:49.079, 2805514605063, QTAgent32.exe, &lt;a class=failure&gt;Playback - {16} [FAILED] Function ElementFetcher::FindScreenElement failed to locate UI element (Searching: ;[VisibleOnly]ControlType='Window' &amp;&amp; Name='Warning' &amp;&amp; ClassName='#32770') (The object specified was not found.)
\0&lt;/a&gt;
E, 3504, 18, 2013/05/23, 16:45:49.167, 2805515864098, QTAgent32.exe, Playback - [IMAGE] C:\Users\testuser\AppData\Local\Temp\UITestLogs\LastRun\RPFD17B.png
\0
W, 3504, 18, 2013/05/23, 16:45:49.167, 2805515866880, QTAgent32.exe, Playback - [WARNING] Internal warning: Couldn't find descendants that match QueryId
\0
W, 3504, 18, 2013/05/23, 16:45:49.167, 2805515871181, QTAgent32.exe, PERF WARNING: FindTopLevelWindowHelper::FindAllDescendents: took 3125 ms. Expected it to take maximum 500 ms.
E, 3504, 18, 2013/05/23, 16:45:49.168, 2805515873949, QTAgent32.exe, Exception: System.Runtime.InteropServices.COMException
	Message: Error HRESULT E_FAIL has been returned from a call to a COM component.
	Stack Trace:    at Microsoft.VisualStudio.TestTools.UITest.Playback.Engine.IRPFPlayback.FindAllScreenElements(IScreenElement pScreenElementStart, String bstrQueryId, Object&amp; pvarResKeys, Int32 cResKeys, Int32 nMaxDepth, Object[]&amp; foundDescendants)
   at Microsoft.VisualStudio.TestTools.UITest.Playback.ScreenElement.FindTopLevelWindowHelper(String queryId)
	BaseExceptionMessage: Error HRESULT E_FAIL has been returned from a call to a COM component.

E, 3504, 18, 2013/05/23, 16:45:49.309, 2805517906315, QTAgent32.exe, AL: Playback Error: Microsoft.VisualStudio.TestTools.UITest.Extension.UITestControlNotFoundException: The playback failed to find the control with the given search properties. Additional Details: 
TechnologyName:  'MSAA'
ControlType:  'Window'
Name:  'Warning'
ClassName:  '#32770'
 ---&gt; System.Runtime.InteropServices.COMException: Error HRESULT E_FAIL has been returned from a call to a COM component.
   at Microsoft.VisualStudio.TestTools.UITest.Playback.Engine.IRPFPlayback.FindAllScreenElements(IScreenElement pScreenElementStart, String bstrQueryId, Object&amp; pvarResKeys, Int32 cResKeys, Int32 nMaxDepth, Object[]&amp; foundDescendants)
   at Microsoft.VisualStudio.TestTools.UITest.Playback.ScreenElement.FindTopLevelWindowHelper(String queryId)
   at Microsoft.VisualStudio.TestTools.UITest.Playback.ScreenElement.FindFromPartialQueryId(String queryId)
   at Microsoft.VisualStudio.TestTools.UITesting.UITestControl..ctor(String queryId)
   --- End of inner exception stack trace ---
   at Microsoft.VisualStudio.TestTools.UITesting.Playback.MapControlNotFoundException(COMException ex, IPlaybackContext context)
   at Microsoft.VisualStudio.TestTools.UITesting.Playback.MapAndThrowComException(COMException innerException, IPlaybackContext context)
   at Microsoft.VisualStudio.TestTools.UITesting.Playback.MapAndThrowException(SystemException exception, IPlaybackContext context)
   at Microsoft.VisualStudio.TestTools.UITesting.Playback.MapAndThrowException(SystemException exception, String queryId)
   at Microsoft.VisualStudio.TestTools.UITesting.UITestControl..ctor(String queryId)
   at Microsoft.VisualStudio.TestTools.UITesting.SearchHelper.SearchTopLevelWindow(ISearchArgument topLevelSearchArg, String topLevelElementQueryId)
   at Microsoft.VisualStudio.TestTools.UITesting.SearchHelper.GetTitleUpdatedTopLevelWindow(ISearchArgument topLevelSearchArg, String queryId, IList`1 windowTitles)
   at Microsoft.VisualStudio.TestTools.UITesting.SearchHelper.GetTopLevelElement(Boolean useCache, Boolean useCacheOnly, ISearchArgument searchArg, IList`1 windowTitles, Int32&amp; timeLeft)
   at Microsoft.VisualStudio.TestTools.UITesting.SearchHelper.GetElement(Boolean useCache, ISearchArgument searchArg)
   at Microsoft.VisualStudio.TestTools.UITesting.SearchHelper.Search(ISearchArgument searchArg)
   at Microsoft.VisualStudio.TestTools.UITesting.UITestControl.FindInternal()
   at Microsoft.VisualStudio.TestTools.UITesting.UITestControl.FindControlIfNecessary()
   at Microsoft.VisualStudio.TestTools.UITesting.UITestControl.Click(MouseButtons button, ModifierKeys modifierKeys, Point relativeCoordinates)
   at Microsoft.VisualStudio.TestTools.UITesting.Mouse.ClickImplementation(UITestControl control, MouseButtons button, ModifierKeys modifierKeys, Point relativeCoordinate)
   at Microsoft.VisualStudio.TestTools.UITesting.Mouse.ClickImplementationWrapper(UITestControl control, MouseButtons button, ModifierKeys modifierKeys, Point relativeCoordinate)
W, 3504, 18, 2013/05/23, 16:45:49.310, 2805517909825, QTAgent32.exe, PlaybackErrorHandler: Ignoring exception as ContinueOnError is set.
W, 3504, 18, 2013/05/23, 16:45:49.351, 2805518503542, QTAgent32.exe, &lt;a class=success&gt;Playback - {17} [SUCCESS] TypeString "#(R)"
\0&lt;/a&gt;
E, 3504, 18, 2013/05/23, 16:45:50.255, 2805531446182, QTAgent32.exe, Exception: System.ArgumentException
	Message: Value does not fall within the expected range.
	Stack Trace:    at Accessibility.IAccessible.get_accRole(Object varChild)
   at Microsoft.VisualStudio.TestTools.UITest.Extension.Msaa.AccWrapper.get_RoleInt()
	BaseExceptionMessage: Value does not fall within the expected range.

E, 3504, 18, 2013/05/23, 16:45:50.265, 2805531589197, QTAgent32.exe, Exception: System.ArgumentException
	Message: Value does not fall within the expected range.
	Stack Trace:    at Accessibility.IAccessible.get_accRole(Object varChild)
   at Microsoft.VisualStudio.TestTools.UITest.Extension.Msaa.AccWrapper.get_RoleInt()
	BaseExceptionMessage: Value does not fall within the expected range.

W, 3504, 18, 2013/05/23, 16:45:51.173, 2805544587653, QTAgent32.exe, &lt;a class=success&gt;Playback - {18} [SUCCESS] LeftButtonClick  &lt; Mouse cursor location (87, 908) &gt;
\0&lt;/a&gt;
W, 3504, 18, 2013/05/23, 16:45:52.701, 2805566465724, QTAgent32.exe, &lt;a class=success&gt;Playback - {19} [SUCCESS] SetValueAsEditBox "c:\TestProject7\office.reg"  &lt; Set via SendKeys &gt;
\0&lt;/a&gt;
W, 3504, 18, 2013/05/23, 16:45:52.701, 2805566469608, QTAgent32.exe, &lt;a class=success&gt;Playback - {20} [SUCCESS] SetValueAsComboBox "c:\TestProject7\office.reg" - "[MSAA, VisibleOnly]ControlType='ComboBox' &amp;&amp; Name='Open:'"  &lt; Set via SetValueAsEditBox &gt;
\0&lt;/a&gt;
W, 3504, 18, 2013/05/23, 16:45:52.948, 2805570001875, QTAgent32.exe, &lt;a class=success&gt;Playback - {21} [SUCCESS] MouseButtonClick - "[MSAA, VisibleOnly]ControlType='Button' &amp;&amp; Name='OK'"
\0&lt;/a&gt;
W, 3504, 18, 2013/05/23, 16:45:53.705, 2805580842177, QTAgent32.exe, &lt;a class=success&gt;Playback - {22} [SUCCESS] MouseButtonClick - "[MSAA, VisibleOnly]ControlType='Button' &amp;&amp; Name='Yes'"
\0&lt;/a&gt;
W, 3504, 18, 2013/05/23, 16:45:54.065, 2805586002195, QTAgent32.exe, &lt;a class=success&gt;Playback - {23} [SUCCESS] MouseButtonClick - "[MSAA, VisibleOnly]ControlType='Button' &amp;&amp; Name='OK'"
\0&lt;/a&gt;
W, 3504, 18, 2013/05/23, 16:45:54.341, 2805589949897, QTAgent32.exe, &lt;a class=success&gt;Playback - {24} [SUCCESS] MouseButtonClick - "[MSAA, VisibleOnly]ControlType='Button' &amp;&amp; Name='Clients &amp; Files'"
\0&lt;/a&gt;
W, 3504, 18, 2013/05/23, 16:45:55.573, 2805607593060, QTAgent32.exe, PERF WARNING: FindTopLevelWindowHelper::FindAllDescendents: took 1131 ms. Expected it to take maximum 500 ms.
W, 3504, 18, 2013/05/23, 16:45:56.395, 2805619358108, QTAgent32.exe, Playback - [WARNING] Internal warning: Incorrect flag set for InvokeProgrammaticAction\0
W, 3504, 18, 2013/05/23, 16:45:56.516, 2805621092106, QTAgent32.exe, &lt;a class=success&gt;Playback - {25} [SUCCESS] SetValueAsComboBox "Customers" - "[MSAA, VisibleOnly]ControlType='ComboBox'"  &lt; SetValueAsComboBox, set by clicking on the item in the list box &gt;
\0&lt;/a&gt;
W, 3504, 18, 2013/05/23, 16:45:57.004, 2805628073913, QTAgent32.exe, &lt;a class=success&gt;Playback - {26} [SUCCESS] MouseButtonClick - "[MSAA, VisibleOnly]ControlType='Button' &amp;&amp; Name='Add'"
\0&lt;/a&gt;
W, 3504, 18, 2013/05/23, 16:45:57.696, 2805637991624, QTAgent32.exe, &lt;a class=success&gt;Playback - {27} [SUCCESS] SendKeys "autotest" - "[MSAA, VisibleOnly]ControlType='RadioButton' &amp;&amp; Name='Personal Lines'"
\0&lt;/a&gt;
W, 3504, 18, 2013/05/23, 16:45:58.600, 2805650921894, QTAgent32.exe, &lt;a class=success&gt;Playback - {28} [SUCCESS] SetValueAsEditBox "autotest" - "[MSAA, VisibleOnly]ControlType='Edit'"  &lt; Set via SendKeys &gt;
\0&lt;/a&gt;
W, 3504, 18, 2013/05/23, 16:45:58.829, 2805654202780, QTAgent32.exe, &lt;a class=success&gt;Playback - {29} [SUCCESS] MouseButtonClick - "[MSAA, VisibleOnly]ControlType='Button' &amp;&amp; Name='OK'"
\0&lt;/a&gt;
W, 3504, 18, 2013/05/23, 16:45:59.138, 2805658625805, QTAgent32.exe, &lt;a class=success&gt;Playback - {30} [SUCCESS] MouseButtonClick - "[MSAA, VisibleOnly]ControlType='Button' &amp;&amp; Name='Yes'"
\0&lt;/a&gt;
W, 3504, 18, 2013/05/23, 16:45:59.806, 2805668192124, QTAgent32.exe, &lt;a class=success&gt;Playback - {31} [SUCCESS] SendKeys "^{HOME}" - "[MSAA, VisibleOnly]ControlType='Edit'"
\0&lt;/a&gt;
E, 3504, 18, 2013/05/23, 16:45:59.806, 2805668195927, QTAgent32.exe, Msaa.GetFocusedElement: could not find accessible object of foreground window
W, 3504, 18, 2013/05/23, 16:45:59.866, 2805669051113, QTAgent32.exe, &lt;a class=success&gt;Playback - {32} [SUCCESS] SendKeys "^+{END}" - "[MSAA, VisibleOnly]ControlType='Edit'"
\0&lt;/a&gt;
E, 3504, 18, 2013/05/23, 16:45:59.866, 2805669054361, QTAgent32.exe, Msaa.GetFocusedElement: could not find accessible object of foreground window
W, 3504, 18, 2013/05/23, 16:45:59.881, 2805669274437, QTAgent32.exe, &lt;a class=success&gt;Playback - {33} [SUCCESS] SendKeys "{DELETE}" - "[MSAA, VisibleOnly]ControlType='Edit'"
\0&lt;/a&gt;
W, 3504, 18, 2013/05/23, 16:46:00.207, 2805673940765, QTAgent32.exe, &lt;a class=success&gt;Playback - {34} [SUCCESS] SetValueAsEditBox "1" - "[MSAA, VisibleOnly]ControlType='Edit'"  &lt; Set via SendKeys &gt;
\0&lt;/a&gt;
W, 3504, 18, 2013/05/23, 16:46:00.677, 2805680671677, QTAgent32.exe, &lt;a class=success&gt;Playback - {35} [SUCCESS] SendKeys "^{HOME}" - "[MSAA, VisibleOnly]ControlType='Edit'"
\0&lt;/a&gt;
E, 3504, 18, 2013/05/23, 16:46:00.677, 2805680674687, QTAgent32.exe, Msaa.GetFocusedElement: could not find accessible object of foreground window
W, 3504, 18, 2013/05/23, 16:46:00.740, 2805681566724, QTAgent32.exe, &lt;a class=success&gt;Playback - {36} [SUCCESS] SendKeys "^+{END}" - "[MSAA, VisibleOnly]ControlType='Edit'"
\0&lt;/a&gt;
E, 3504, 18, 2013/05/23, 16:46:00.740, 2805681569564, QTAgent32.exe, Msaa.GetFocusedElement: could not find accessible object of foreground window
W, 3504, 18, 2013/05/23, 16:46:00.754, 2805681767830, QTAgent32.exe, &lt;a class=success&gt;Playback - {37} [SUCCESS] SendKeys "{DELETE}" - "[MSAA, VisibleOnly]ControlType='Edit'"
\0&lt;/a&gt;
W, 3504, 18, 2013/05/23, 16:46:01.065, 2805686220490, QTAgent32.exe, &lt;a class=success&gt;Playback - {38} [SUCCESS] SetValueAsEditBox "1" - "[MSAA, VisibleOnly]ControlType='Edit'"  &lt; Set via SendKeys &gt;
\0&lt;/a&gt;
W, 3504, 18, 2013/05/23, 16:46:02.672, 2805709234087, QTAgent32.exe, Playback - [WARNING] Internal warning: Target element "[MSAA, VisibleOnly]ControlType='Button' &amp;&amp; Name='OK'" was not found, so all intermediate elements were ignored. An incorrect element that matches target element Id can be found as the result.  Verify that all intermediate elements in QueryId have valid and unique Ids
\0
W, 3504, 18, 2013/05/23, 16:46:03.207, 2805716891987, QTAgent32.exe, PERF WARNING: FindAllDescendents: took 2041 ms. Expected it to take maximum 500 ms.
W, 3504, 18, 2013/05/23, 16:46:03.493, 2805720989057, QTAgent32.exe, &lt;a class=success&gt;Playback - {39} [SUCCESS] MouseButtonClick - "[MSAA, VisibleOnly]ControlType='Button' &amp;&amp; Name='OK'"
\0&lt;/a&gt;
W, 3504, 18, 2013/05/23, 16:46:03.845, 2805726033338, QTAgent32.exe, &lt;a class=success&gt;Playback - {40} [SUCCESS] MouseButtonClick - "[MSAA, VisibleOnly]ControlType='Button'"
\0&lt;/a&gt;
W, 3504, 18, 2013/05/23, 16:46:04.215, 2805731327335, QTAgent32.exe, &lt;a class=success&gt;Playback - {41} [SUCCESS] MouseButtonClick - "[MSAA, VisibleOnly]ControlType='Button' &amp;&amp; Name='Add'"
\0&lt;/a&gt;
W, 3504, 18, 2013/05/23, 16:46:04.450, 2805734694071, QTAgent32.exe, &lt;a class=success&gt;Playback - {42} [SUCCESS] MouseButtonClick - "[MSAA, VisibleOnly]ControlType='Button' &amp;&amp; Name='OK'"
\0&lt;/a&gt;
W, 3504, 18, 2013/05/23, 16:46:06.708, 2805767021615, QTAgent32.exe, &lt;a class=success&gt;Playback - {43} [SUCCESS] MouseButtonClick - "[MSAA, VisibleOnly,Window]ControlType='Window' &amp;&amp; ClassName='ThunderRT6TextBox'"
\0&lt;/a&gt;
W, 3504, 18, 2013/05/23, 16:46:07.569, 2805779349136, QTAgent32.exe, &lt;a class=success&gt;Playback - {44} [SUCCESS] SetValueAsEditBox "MOTO" - "[MSAA, VisibleOnly]ControlType='Edit'"  &lt; Set via SendKeys &gt;
\0&lt;/a&gt;
W, 3504, 18, 2013/05/23, 16:46:07.903, 2805784128045, QTAgent32.exe, &lt;a class=success&gt;Playback - {45} [SUCCESS] MouseButtonClick - "[MSAA, VisibleOnly]ControlType='Button' &amp;&amp; Name='OK'"
\0&lt;/a&gt;
W, 3504, 18, 2013/05/23, 16:46:08.172, 2805787978209, QTAgent32.exe, &lt;a class=success&gt;Playback - {46} [SUCCESS] MouseButtonClick - "[MSAA, VisibleOnly]ControlType='Button' &amp;&amp; Name='Options'"
\0&lt;/a&gt;
W, 3504, 18, 2013/05/23, 16:46:08.272, 2805789413829, QTAgent32.exe, FindScreenElementInSinglePass : Attempting to find control in one pass of search. Failures can occur.
W, 3504, 18, 2013/05/23, 16:46:08.687, 2805795352456, QTAgent32.exe, &lt;a class=success&gt;Playback - {47} [SUCCESS] MouseButtonClick - "[MSAA]ControlType='MenuItem' &amp;&amp; Name='Links'"
\0&lt;/a&gt;
W, 3504, 18, 2013/05/23, 16:46:08.787, 2805796790736, QTAgent32.exe, FindScreenElementInSinglePass : Attempting to find control in one pass of search. Failures can occur.
W, 3504, 18, 2013/05/23, 16:46:09.229, 2805803120735, QTAgent32.exe, &lt;a class=success&gt;Playback - {48} [SUCCESS] MouseButtonClick - "[MSAA]ControlType='MenuItem' &amp;&amp; Name='3rd Party Integration'"
\0&lt;/a&gt;
W, 3504, 18, 2013/05/23, 16:46:09.330, 2805804559173, QTAgent32.exe, FindScreenElementInSinglePass : Attempting to find control in one pass of search. Failures can occur.
W, 3504, 18, 2013/05/23, 16:46:09.782, 2805811042572, QTAgent32.exe, &lt;a class=success&gt;Playback - {49} [SUCCESS] MouseButtonClick - "[MSAA]ControlType='MenuItem' &amp;&amp; Name='Quote Select List'"
\0&lt;/a&gt;
W, 3504, 18, 2013/05/23, 16:46:11.060, 2805829332372, QTAgent32.exe, PERF WARNING: FindTopLevelWindowHelper::FindAllDescendents: took 1176 ms. Expected it to take maximum 500 ms.
W, 3504, 18, 2013/05/23, 16:46:11.194, 2805831246019, QTAgent32.exe, &lt;a class=success&gt;Playback - {50} [SUCCESS] MouseButtonClick - "[MSAA, VisibleOnly]ControlType='Button' &amp;&amp; Name='Ok'"
\0&lt;/a&gt;
W, 3504, 18, 2013/05/23, 16:46:13.579, 2805865397220, QTAgent32.exe, PERF WARNING: FindTopLevelWindowHelper::FindAllDescendents: took 2284 ms. Expected it to take maximum 500 ms.
W, 3504, 18, 2013/05/23, 16:46:13.712, 2805867311276, QTAgent32.exe, &lt;a class=success&gt;Playback - {51} [SUCCESS] MouseButtonClick - "[MSAA, VisibleOnly]ControlType='Button' &amp;&amp; Name='Ok'"
\0&lt;/a&gt;
W, 3504, 18, 2013/05/23, 16:46:14.699, 2805881439937, QTAgent32.exe, &lt;a class=success&gt;Playback - {52} [SUCCESS] SetValueAsEditBox "Test" - "[MSAA, VisibleOnly]ControlType='Edit'"  &lt; Set via SendKeys &gt;
\0&lt;/a&gt;
W, 3504, 18, 2013/05/23, 16:46:15.247, 2805889281121, QTAgent32.exe, &lt;a class=success&gt;Playback - {53} [SUCCESS] SendKeys "{Tab}" - "[MSAA, VisibleOnly]ControlType='Edit'"
\0&lt;/a&gt;
W, 3504, 18, 2013/05/23, 16:46:16.260, 2805903784329, QTAgent32.exe, &lt;a class=success&gt;Playback - {54} [SUCCESS] SetValueAsEditBox "test" - "[MSAA, VisibleOnly]ControlType='Edit'"  &lt; Set via SendKeys &gt;
\0&lt;/a&gt;
W, 3504, 18, 2013/05/23, 16:46:17.262, 2805918133912, QTAgent32.exe, &lt;a class=success&gt;Playback - {55} [SUCCESS] SetValueAsEditBox "160485" - "[MSAA, VisibleOnly]ControlType='Edit'"  &lt; Set via SendKeys &gt;
\0&lt;/a&gt;
W, 3504, 18, 2013/05/23, 16:46:18.360, 2805933851154, QTAgent32.exe, &lt;a class=success&gt;Playback - {56} [SUCCESS] SetValueAsEditBox "B338TH" - "[MSAA, VisibleOnly]ControlType='Edit'"  &lt; Set via SendKeys &gt;
\0&lt;/a&gt;
W, 3504, 18, 2013/05/23, 16:46:20.591, 2805965804638, QTAgent32.exe, &lt;a class=success&gt;Playback - {57} [SUCCESS] MouseButtonClick - "[MSAA, VisibleOnly]ControlType='Button' &amp;&amp; Name='Lookup...'"
\0&lt;/a&gt;
W, 3504, 18, 2013/05/23, 16:46:20.834, 2805969281901, QTAgent32.exe, &lt;a class=success&gt;Playback - {58} [SUCCESS] MouseButtonClick - "[MSAA, VisibleOnly]ControlType='Button' &amp;&amp; Name='Ok'"
\0&lt;/a&gt;
W, 3504, 18, 2013/05/23, 16:46:21.099, 2805973082107, QTAgent32.exe, &lt;a class=success&gt;Playback - {59} [SUCCESS] MouseButtonClick - "[MSAA, VisibleOnly]ControlType='Button' &amp;&amp; Name='OK'"
\0&lt;/a&gt;
W, 3504, 18, 2013/05/23, 16:46:22.607, 2805994665887, QTAgent32.exe, PERF WARNING: FindTopLevelWindowHelper::FindAllDescendents: took 1406 ms. Expected it to take maximum 500 ms.
W, 3504, 18, 2013/05/23, 16:46:24.119, 2806016309865, QTAgent32.exe, Playback - [WARNING] Internal warning: Incorrect flag set for InvokeProgrammaticAction\0
W, 3504, 18, 2013/05/23, 16:46:24.239, 2806018037252, QTAgent32.exe, &lt;a class=success&gt;Playback - {60} [SUCCESS] SetValueAsComboBox "Account Executive" - "[MSAA, VisibleOnly]ControlType='ComboBox'"  &lt; SetValueAsComboBox, set by clicking on the item in the list box &gt;
\0&lt;/a&gt;
W, 3504, 18, 2013/05/23, 16:46:25.885, 2806041604202, QTAgent32.exe, Playback - [WARNING] Internal warning: Incorrect flag set for InvokeProgrammaticAction\0
W, 3504, 18, 2013/05/23, 16:46:26.007, 2806043347646, QTAgent32.exe, &lt;a class=success&gt;Playback - {61} [SUCCESS] SetValueAsComboBox "Acupuncture" - "[MSAA, VisibleOnly]ControlType='ComboBox'"  &lt; SetValueAsComboBox, set by clicking on the item in the list box &gt;
\0&lt;/a&gt;
W, 3504, 18, 2013/05/23, 16:46:27.529, 2806065143484, QTAgent32.exe, &lt;a class=success&gt;Playback - {62} [SUCCESS] SetValueAsEditBox "151101" - "[MSAA, VisibleOnly]ControlType='Edit'"  &lt; Set via SendKeys &gt;
\0&lt;/a&gt;
W, 3504, 18, 2013/05/23, 16:46:27.760, 2806068448421, QTAgent32.exe, &lt;a class=success&gt;Playback - {63} [SUCCESS] MouseButtonClick - "[MSAA, VisibleOnly]ControlType='Button' &amp;&amp; Name='OK'"
\0&lt;/a&gt;
W, 3504, 18, 2013/05/23, 16:46:30.395, 2806106169586, QTAgent32.exe, PERF WARNING: FindTopLevelWindowHelper::FindAllDescendents: took 2415 ms. Expected it to take maximum 500 ms.
W, 3504, 18, 2013/05/23, 16:46:31.933, 2806128195318, QTAgent32.exe, &lt;a class=success&gt;Playback - {64} [SUCCESS] SetValueAsEditBox "RF53OXL" - "[MSAA, VisibleOnly]ControlType='Edit'"  &lt; Set via SendKeys &gt;
\0&lt;/a&gt;
W, 3504, 18, 2013/05/23, 16:46:32.766, 2806140124714, QTAgent32.exe, &lt;a class=success&gt;Playback - {65} [SUCCESS] MouseButtonClick - "[MSAA, VisibleOnly]ControlType='Button' &amp;&amp; Name='Filter'"
\0&lt;/a&gt;
W, 3504, 18, 2013/05/23, 16:46:33.069, 2806144460823, QTAgent32.exe, &lt;a class=success&gt;Playback - {66} [SUCCESS] MouseButtonClick - "[MSAA, VisibleOnly]ControlType='Button' &amp;&amp; Name='OK'"
\0&lt;/a&gt;
W, 3504, 18, 2013/05/23, 16:46:34.066, 2806158737793, QTAgent32.exe, &lt;a class=success&gt;Playback - {67} [SUCCESS] SendKeys "^{HOME}" - "[MSAA, VisibleOnly]ControlType='Edit'"
\0&lt;/a&gt;
E, 3504, 18, 2013/05/23, 16:46:34.067, 2806158741879, QTAgent32.exe, Msaa.GetFocusedElement: could not find accessible object of foreground window
W, 3504, 18, 2013/05/23, 16:46:34.128, 2806159625474, QTAgent32.exe, &lt;a class=success&gt;Playback - {68} [SUCCESS] SendKeys "^+{END}" - "[MSAA, VisibleOnly]ControlType='Edit'"
\0&lt;/a&gt;
E, 3504, 18, 2013/05/23, 16:46:34.128, 2806159629170, QTAgent32.exe, Msaa.GetFocusedElement: could not find accessible object of foreground window
W, 3504, 18, 2013/05/23, 16:46:34.146, 2806159884715, QTAgent32.exe, &lt;a class=success&gt;Playback - {69} [SUCCESS] SendKeys "{DELETE}" - "[MSAA, VisibleOnly]ControlType='Edit'"
\0&lt;/a&gt;
W, 3504, 18, 2013/05/23, 16:46:34.910, 2806170826289, QTAgent32.exe, &lt;a class=success&gt;Playback - {70} [SUCCESS] SetValueAsEditBox "1000" - "[MSAA, VisibleOnly]ControlType='Edit'"  &lt; Set via SendKeys &gt;
\0&lt;/a&gt;
W, 3504, 18, 2013/05/23, 16:46:35.276, 2806176057461, QTAgent32.exe, &lt;a class=success&gt;Playback - {71} [SUCCESS] MouseButtonClick - "[MSAA, VisibleOnly]ControlType='Button' &amp;&amp; Name='Calculate Quote'"
\0&lt;/a&gt;
W, 3504, 18, 2013/05/23, 16:46:49.094, 2806373911746, QTAgent32.exe, Playback - [WARNING] Internal warning: Window Not Found: [VisibleOnly]ControlType='Window' &amp;&amp; Name='Quote Select List' &amp;&amp; ClassName='ThunderRT6FormDC'
\0
E, 3504, 18, 2013/05/23, 16:46:49.094, 2806373916790, QTAgent32.exe, &lt;a class=failure&gt;Playback - {72} [FAILED] Function ElementFetcher::FindScreenElement failed to locate UI element (Searching: ;[VisibleOnly]ControlType='Window' &amp;&amp; Name='Quote Select List' &amp;&amp; ClassName='ThunderRT6FormDC') (The object specified was not found.)
\0&lt;/a&gt;
E, 3504, 18, 2013/05/23, 16:46:49.242, 2806376036724, QTAgent32.exe, Playback - [IMAGE] C:\Users\testuser\AppData\Local\Temp\UITestLogs\LastRun\RPFBBE9.png
\0
W, 3504, 18, 2013/05/23, 16:46:49.242, 2806376039491, QTAgent32.exe, Playback - [WARNING] Internal warning: Couldn't find descendants that match QueryId
\0
W, 3504, 18, 2013/05/23, 16:46:49.243, 2806376043293, QTAgent32.exe, PERF WARNING: FindTopLevelWindowHelper::FindAllDescendents: took 13867 ms. Expected it to take maximum 500 ms.
W, 3504, 18, 2013/05/23, 16:47:09.599, 2806667505138, QTAgent32.exe, Playback - [WARNING] Internal warning: Window Not Found: [VisibleOnly]ControlType='Window' &amp;&amp; Name='Quote Select List' &amp;&amp; ClassName='ThunderRT6FormDC'
\0
E, 3504, 18, 2013/05/23, 16:47:09.600, 2806667512746, QTAgent32.exe, &lt;a class=failure&gt;Playback - {73} [FAILED] Function ElementFetcher::FindScreenElement failed to locate UI element (Searching: ;[VisibleOnly]ControlType='Window' &amp;&amp; Name='Quote Select List' &amp;&amp; ClassName='ThunderRT6FormDC') (The object specified was not found.)
\0&lt;/a&gt;
E, 3504, 18, 2013/05/23, 16:47:09.686, 2806668750495, QTAgent32.exe, Playback - [IMAGE] C:\Users\testuser\AppData\Local\Temp\UITestLogs\LastRun\RPFBFD.png
\0
W, 3504, 18, 2013/05/23, 16:47:09.686, 2806668752742, QTAgent32.exe, Playback - [WARNING] Internal warning: Couldn't find descendants that match QueryId
\0
W, 3504, 18, 2013/05/23, 16:47:09.687, 2806668759359, QTAgent32.exe, PERF WARNING: FindTopLevelWindowHelper::FindAllDescendents: took 20443 ms. Expected it to take maximum 500 ms.
W, 3504, 18, 2013/05/23, 16:47:13.099, 2806717622036, QTAgent32.exe, Playback - [WARNING] Internal warning: Window Not Found: [VisibleOnly]ControlType='Window' &amp;&amp; Name='Quote Select List' &amp;&amp; ClassName='ThunderRT6FormDC'
\0
E, 3504, 18, 2013/05/23, 16:47:13.099, 2806717626694, QTAgent32.exe, &lt;a class=failure&gt;Playback - {74} [FAILED] Function ElementFetcher::FindScreenElement failed to locate UI element (Searching: ;[VisibleOnly]ControlType='Window' &amp;&amp; Name='Quote Select List' &amp;&amp; ClassName='ThunderRT6FormDC') (The object specified was not found.)
\0&lt;/a&gt;
E, 3504, 18, 2013/05/23, 16:47:13.180, 2806718780744, QTAgent32.exe, Playback - [IMAGE] C:\Users\testuser\AppData\Local\Temp\UITestLogs\LastRun\RPF19A4.png
\0
W, 3504, 18, 2013/05/23, 16:47:13.181, 2806718784181, QTAgent32.exe, Playback - [WARNING] Internal warning: Couldn't find descendants that match QueryId
\0
W, 3504, 18, 2013/05/23, 16:47:13.181, 2806718787970, QTAgent32.exe, PERF WARNING: FindTopLevelWindowHelper::FindAllDescendents: took 3493 ms. Expected it to take maximum 500 ms.
E, 3504, 18, 2013/05/23, 16:47:13.181, 2806718790208, QTAgent32.exe, Exception: System.Runtime.InteropServices.COMException
	Message: Error HRESULT E_FAIL has been returned from a call to a COM component.
	Stack Trace:    at Microsoft.VisualStudio.TestTools.UITest.Playback.Engine.IRPFPlayback.FindAllScreenElements(IScreenElement pScreenElementStart, String bstrQueryId, Object&amp; pvarResKeys, Int32 cResKeys, Int32 nMaxDepth, Object[]&amp; foundDescendants)
   at Microsoft.VisualStudio.TestTools.UITest.Playback.ScreenElement.FindTopLevelWindowHelper(String queryId)
	BaseExceptionMessage: Error HRESULT E_FAIL has been returned from a call to a COM component.

E, 3504, 18, 2013/05/23, 16:47:13.283, 2806720243694, QTAgent32.exe, AL: Playback Error: Microsoft.VisualStudio.TestTools.UITest.Extension.UITestControlNotFoundException: The playback failed to find the control with the given search properties. Additional Details: 
TechnologyName:  'MSAA'
ControlType:  'Window'
Name:  'Quote Select List'
ClassName:  'ThunderRT6FormDC'
 ---&gt; System.Runtime.InteropServices.COMException: Error HRESULT E_FAIL has been returned from a call to a COM component.
   at Microsoft.VisualStudio.TestTools.UITest.Playback.Engine.IRPFPlayback.FindAllScreenElements(IScreenElement pScreenElementStart, String bstrQueryId, Object&amp; pvarResKeys, Int32 cResKeys, Int32 nMaxDepth, Object[]&amp; foundDescendants)
   at Microsoft.VisualStudio.TestTools.UITest.Playback.ScreenElement.FindTopLevelWindowHelper(String queryId)
   at Microsoft.VisualStudio.TestTools.UITest.Playback.ScreenElement.FindFromPartialQueryId(String queryId)
   at Microsoft.VisualStudio.TestTools.UITesting.UITestControl..ctor(String queryId)
   --- End of inner exception stack trace ---
   at Microsoft.VisualStudio.TestTools.UITesting.Playback.MapControlNotFoundException(COMException ex, IPlaybackContext context)
   at Microsoft.VisualStudio.TestTools.UITesting.Playback.MapAndThrowComException(COMException innerException, IPlaybackContext context)
   at Microsoft.VisualStudio.TestTools.UITesting.Playback.MapAndThrowException(SystemException exception, IPlaybackContext context)
   at Microsoft.VisualStudio.TestTools.UITesting.Playback.MapAndThrowException(SystemException exception, String queryId)
   at Microsoft.VisualStudio.TestTools.UITesting.UITestControl..ctor(String queryId)
   at Microsoft.VisualStudio.TestTools.UITesting.SearchHelper.SearchTopLevelWindow(ISearchArgument topLevelSearchArg, String topLevelElementQueryId)
   at Microsoft.VisualStudio.TestTools.UITesting.SearchHelper.GetTitleUpdatedTopLevelWindow(ISearchArgument topLevelSearchArg, String queryId, IList`1 windowTitles)
   at Microsoft.VisualStudio.TestTools.UITesting.SearchHelper.GetTopLevelElement(Boolean useCache, Boolean useCacheOnly, ISearchArgument searchArg, IList`1 windowTitles, Int32&amp; timeLeft)
   at Microsoft.VisualStudio.TestTools.UITesting.SearchHelper.GetElement(Boolean useCache, ISearchArgument searchArg)
   at Microsoft.VisualStudio.TestTools.UITesting.SearchHelper.Search(ISearchArgument searchArg)
   at Microsoft.VisualStudio.TestTools.UITesting.UITestControl.FindInternal()
   at Microsoft.VisualStudio.TestTools.UITesting.UITestControl.FindControlIfNecessary()
   at Microsoft.VisualStudio.TestTools.UITesting.UITestControl.Click(MouseButtons button, ModifierKeys modifierKeys, Point relativeCoordinates)
   at Microsoft.VisualStudio.TestTools.UITesting.Mouse.ClickImplementation(UITestControl control, MouseButtons button, ModifierKeys modifierKeys, Point relativeCoordinate)
   at Microsoft.VisualStudio.TestTools.UITesting.Mouse.ClickImplementationWrapper(UITestControl control, MouseButtons button, ModifierKeys modifierKeys, Point relativeCoordinate)
W, 3504, 18, 2013/05/23, 16:47:13.283, 2806720247439, QTAgent32.exe, PlaybackErrorHandler: Ignoring exception as ContinueOnError is set.
W, 3504, 18, 2013/05/23, 16:47:13.445, 2806722564049, QTAgent32.exe, &lt;a class=success&gt;Playback - {75} [SUCCESS] MouseButtonClick - "[MSAA, VisibleOnly]ControlType='Button' &amp;&amp; Name='No'"
\0&lt;/a&gt;
W, 3504, 18, 2013/05/23, 16:47:13.699, 2806726209883, QTAgent32.exe, &lt;a class=success&gt;Playback - {76} [SUCCESS] MouseButtonClick - "[MSAA, VisibleOnly]ControlType='Button' &amp;&amp; Name='Ok'"
\0&lt;/a&gt;
W, 3504, 18, 2013/05/23, 16:47:24.145, 2806875785906, QTAgent32.exe, PERF WARNING: FindTopLevelWindowHelper::FindAllDescendents: took 10345 ms. Expected it to take maximum 500 ms.
W, 3504, 18, 2013/05/23, 16:47:24.290, 2806877861387, QTAgent32.exe, &lt;a class=success&gt;Playback - {77} [SUCCESS] MouseButtonClick - "[MSAA, VisibleOnly]ControlType='Client'"
\0&lt;/a&gt;
W, 3504, 18, 2013/05/23, 16:47:26.270, 2806906198031, QTAgent32.exe, &lt;a class=success&gt;Playback - {78} [SUCCESS] SendKeys "{Home}" - "[MSAA, VisibleOnly]ControlType='Client'"
\0&lt;/a&gt;
W, 3504, 18, 2013/05/23, 16:47:29.559, 2806953297213, QTAgent32.exe, &lt;a class=success&gt;Playback - {79} [SUCCESS] MouseButtonClick - "[MSAA, VisibleOnly]ControlType='Button' &amp;&amp; Name='Accept'"
\0&lt;/a&gt;
W, 3504, 18, 2013/05/23, 16:47:29.957, 2806958997310, QTAgent32.exe, &lt;a class=success&gt;Playback - {80} [SUCCESS] MouseButtonClick - "[MSAA, VisibleOnly]ControlType='Button' &amp;&amp; Name='Yes'"
\0&lt;/a&gt;
W, 3504, 18, 2013/05/23, 16:47:30.269, 2806963454106, QTAgent32.exe, &lt;a class=success&gt;Playback - {81} [SUCCESS] MouseButtonClick - "[MSAA, VisibleOnly]ControlType='Button' &amp;&amp; Name='Ok'"
\0&lt;/a&gt;
W, 3504, 18, 2013/05/23, 16:47:30.552, 2806967515646, QTAgent32.exe, &lt;a class=success&gt;Playback - {82} [SUCCESS] MouseButtonClick - "[MSAA, VisibleOnly]ControlType='Button' &amp;&amp; Name='Ok'"
\0&lt;/a&gt;
W, 3504, 18, 2013/05/23, 16:47:30.964, 2806973407103, QTAgent32.exe, &lt;a class=success&gt;Playback - {83} [SUCCESS] MouseButtonClick - "[MSAA, VisibleOnly]ControlType='Button' &amp;&amp; Name='Confirm'"
\0&lt;/a&gt;
W, 3504, 18, 2013/05/23, 16:47:59.133, 2807376744331, QTAgent32.exe, Playback - [WARNING] Internal warning: Window Not Found: [VisibleOnly]ControlType='Window' &amp;&amp; Name='Save the file as' &amp;&amp; ClassName='#32770'
\0
E, 3504, 18, 2013/05/23, 16:47:59.136, 2807376788018, QTAgent32.exe, &lt;a class=failure&gt;Playback - {84} [FAILED] Function ElementFetcher::FindScreenElement failed to locate UI element (Searching: ;[VisibleOnly]ControlType='Window' &amp;&amp; Name='Save the file as' &amp;&amp; ClassName='#32770') (The object specified was not found.)
\0&lt;/a&gt;
E, 3504, 18, 2013/05/23, 16:47:59.443, 2807381187491, QTAgent32.exe, Playback - [IMAGE] C:\Users\testuser\AppData\Local\Temp\UITestLogs\LastRun\RPFCD89.png
\0
W, 3504, 18, 2013/05/23, 16:47:59.444, 2807381190250, QTAgent32.exe, Playback - [WARNING] Internal warning: Couldn't find descendants that match QueryId
\0
W, 3504, 18, 2013/05/23, 16:47:59.444, 2807381199843, QTAgent32.exe, PERF WARNING: FindTopLevelWindowHelper::FindAllDescendents: took 28354 ms. Expected it to take maximum 500 ms.
W, 3504, 18, 2013/05/23, 16:48:17.739, 2807643145888, QTAgent32.exe, Playback - [WARNING] Internal warning: Window Not Found: [VisibleOnly]ControlType='Window' &amp;&amp; Name='Save the file as' &amp;&amp; ClassName='#32770'
\0
E, 3504, 18, 2013/05/23, 16:48:17.740, 2807643153603, QTAgent32.exe, &lt;a class=failure&gt;Playback - {85} [FAILED] Function ElementFetcher::FindScreenElement failed to locate UI element (Searching: ;[VisibleOnly]ControlType='Window' &amp;&amp; Name='Save the file as' &amp;&amp; ClassName='#32770') (The object specified was not found.)
\0&lt;/a&gt;
E, 3504, 18, 2013/05/23, 16:48:17.832, 2807644482147, QTAgent32.exe, Playback - [IMAGE] C:\Users\testuser\AppData\Local\Temp\UITestLogs\LastRun\RPF162D.png
\0
W, 3504, 18, 2013/05/23, 16:48:17.833, 2807644484763, QTAgent32.exe, Playback - [WARNING] Internal warning: Couldn't find descendants that match QueryId
\0
W, 3504, 18, 2013/05/23, 16:48:17.833, 2807644491028, QTAgent32.exe, PERF WARNING: FindTopLevelWindowHelper::FindAllDescendents: took 18388 ms. Expected it to take maximum 500 ms.
W, 3504, 18, 2013/05/23, 16:48:20.895, 2807688329266, QTAgent32.exe, Playback - [WARNING] Internal warning: Smart Match failed
\0
W, 3504, 18, 2013/05/23, 16:48:22.219, 2807707296581, QTAgent32.exe, Playback - [WARNING] Internal warning: Window Not Found: [VisibleOnly]ControlType='Window' &amp;&amp; Name='Save the file as' &amp;&amp; ClassName='#32770'
\0
E, 3504, 18, 2013/05/23, 16:48:22.220, 2807707300523, QTAgent32.exe, &lt;a class=failure&gt;Playback - {86} [FAILED] Function ElementFetcher::FindScreenElement failed to locate UI element (Searching: ;[VisibleOnly]ControlType='Window' &amp;&amp; Name='Save the file as' &amp;&amp; ClassName='#32770') (The object specified was not found.)
\0&lt;/a&gt;
E, 3504, 18, 2013/05/23, 16:48:22.300, 2807708451056, QTAgent32.exe, Playback - [IMAGE] C:\Users\testuser\AppData\Local\Temp\UITestLogs\LastRun\RPF27AB.png
\0
W, 3504, 18, 2013/05/23, 16:48:22.300, 2807708453725, QTAgent32.exe, Playback - [WARNING] Internal warning: Couldn't find descendants that match QueryId
\0
W, 3504, 18, 2013/05/23, 16:48:22.300, 2807708456500, QTAgent32.exe, PERF WARNING: FindTopLevelWindowHelper::FindAllDescendents: took 4467 ms. Expected it to take maximum 500 ms.
E, 3504, 18, 2013/05/23, 16:48:22.300, 2807708458365, QTAgent32.exe, Exception: System.Runtime.InteropServices.COMException
	Message: Error HRESULT E_FAIL has been returned from a call to a COM component.
	Stack Trace:    at Microsoft.VisualStudio.TestTools.UITest.Playback.Engine.IRPFPlayback.FindAllScreenElements(IScreenElement pScreenElementStart, String bstrQueryId, Object&amp; pvarResKeys, Int32 cResKeys, Int32 nMaxDepth, Object[]&amp; foundDescendants)
   at Microsoft.VisualStudio.TestTools.UITest.Playback.ScreenElement.FindTopLevelWindowHelper(String queryId)
	BaseExceptionMessage: Error HRESULT E_FAIL has been returned from a call to a COM component.

E, 3504, 18, 2013/05/23, 16:48:22.403, 2807709931804, QTAgent32.exe, AL: Playback Error: Microsoft.VisualStudio.TestTools.UITest.Extension.UITestControlNotFoundException: The playback failed to find the control with the given search properties. Additional Details: 
TechnologyName:  'MSAA'
ControlType:  'Window'
Name:  'Save the file as'
ClassName:  '#32770'
 ---&gt; System.Runtime.InteropServices.COMException: Error HRESULT E_FAIL has been returned from a call to a COM component.
   at Microsoft.VisualStudio.TestTools.UITest.Playback.Engine.IRPFPlayback.FindAllScreenElements(IScreenElement pScreenElementStart, String bstrQueryId, Object&amp; pvarResKeys, Int32 cResKeys, Int32 nMaxDepth, Object[]&amp; foundDescendants)
   at Microsoft.VisualStudio.TestTools.UITest.Playback.ScreenElement.FindTopLevelWindowHelper(String queryId)
   at Microsoft.VisualStudio.TestTools.UITest.Playback.ScreenElement.FindFromPartialQueryId(String queryId)
   at Microsoft.VisualStudio.TestTools.UITesting.UITestControl..ctor(String queryId)
   --- End of inner exception stack trace ---
   at Microsoft.VisualStudio.TestTools.UITesting.Playback.MapControlNotFoundException(COMException ex, IPlaybackContext context)
   at Microsoft.VisualStudio.TestTools.UITesting.Playback.MapAndThrowComException(COMException innerException, IPlaybackContext context)
   at Microsoft.VisualStudio.TestTools.UITesting.Playback.MapAndThrowException(SystemException exception, IPlaybackContext context)
   at Microsoft.VisualStudio.TestTools.UITesting.Playback.MapAndThrowException(SystemException exception, String queryId)
   at Microsoft.VisualStudio.TestTools.UITesting.UITestControl..ctor(String queryId)
   at Microsoft.VisualStudio.TestTools.UITesting.SearchHelper.SearchTopLevelWindow(ISearchArgument topLevelSearchArg, String topLevelElementQueryId)
   at Microsoft.VisualStudio.TestTools.UITesting.SearchHelper.GetTitleUpdatedTopLevelWindow(ISearchArgument topLevelSearchArg, String queryId, IList`1 windowTitles)
   at Microsoft.VisualStudio.TestTools.UITesting.SearchHelper.GetTopLevelElement(Boolean useCache, Boolean useCacheOnly, ISearchArgument searchArg, IList`1 windowTitles, Int32&amp; timeLeft)
   at Microsoft.VisualStudio.TestTools.UITesting.SearchHelper.GetElement(Boolean useCache, ISearchArgument searchArg)
   at Microsoft.VisualStudio.TestTools.UITesting.SearchHelper.Search(ISearchArgument searchArg)
   at Microsoft.VisualStudio.TestTools.UITesting.UITestControl.FindInternal()
   at Microsoft.VisualStudio.TestTools.UITesting.UITestControl.FindControlIfNecessary()
   at Microsoft.VisualStudio.TestTools.UITesting.UITestControl.Click(MouseButtons button, ModifierKeys modifierKeys, Point relativeCoordinates)
   at Microsoft.VisualStudio.TestTools.UITesting.Mouse.ClickImplementation(UITestControl control, MouseButtons button, ModifierKeys modifierKeys, Point relativeCoordinate)
   at Microsoft.VisualStudio.TestTools.UITesting.Mouse.ClickImplementationWrapper(UITestControl control, MouseButtons button, ModifierKeys modifierKeys, Point relativeCoordinate)
W, 3504, 18, 2013/05/23, 16:48:22.404, 2807709936624, QTAgent32.exe, PlaybackErrorHandler: Ignoring exception as ContinueOnError is set.
W, 3504, 18, 2013/05/23, 16:48:22.544, 2807711943918, QTAgent32.exe, &lt;a class=success&gt;Playback - {87} [SUCCESS] Check - "[MSAA, VisibleOnly]ControlType='CheckBox' &amp;&amp; Name='Defer Printing?'"
\0&lt;/a&gt;
W, 3504, 18, 2013/05/23, 16:48:22.882, 2807716791180, QTAgent32.exe, &lt;a class=success&gt;Playback - {88} [SUCCESS] MouseButtonClick - "[MSAA, VisibleOnly]ControlType='Button' &amp;&amp; Name='Ok'"
\0&lt;/a&gt;
W, 3504, 18, 2013/05/23, 16:48:24.160, 2807735080854, QTAgent32.exe, PERF WARNING: FindTopLevelWindowHelper::FindAllDescendents: took 1176 ms. Expected it to take maximum 500 ms.
W, 3504, 18, 2013/05/23, 16:48:24.303, 2807737123907, QTAgent32.exe, &lt;a class=success&gt;Playback - {89} [SUCCESS] Uncheck - "[MSAA, VisibleOnly]ControlType='CheckBox' &amp;&amp; Name='Add Activity'"
\0&lt;/a&gt;
W, 3504, 18, 2013/05/23, 16:48:26.646, 2807770673853, QTAgent32.exe, &lt;a class=success&gt;Playback - {90} [SUCCESS] MouseButtonClick - "[MSAA, VisibleOnly]ControlType='Button' &amp;&amp; Name='Ok'"
\0&lt;/a&gt;
W, 3504, 18, 2013/05/23, 16:48:26.901, 2807774337795, QTAgent32.exe, &lt;a class=success&gt;Playback - {91} [SUCCESS] MouseButtonClick - "[MSAA, VisibleOnly]ControlType='Button' &amp;&amp; Name='Ok'"
\0&lt;/a&gt;
W, 3504, 18, 2013/05/23, 16:48:30.088, 2807819965226, QTAgent32.exe, PERF WARNING: FindTopLevelWindowHelper::FindAllDescendents: took 3086 ms. Expected it to take maximum 500 ms.
W, 3504, 18, 2013/05/23, 16:48:32.230, 2807850624065, QTAgent32.exe, &lt;a class=success&gt;Playback - {92} [SUCCESS] MouseButtonClick - "[MSAA, VisibleOnly]ControlType='Button' &amp;&amp; Name='OK'"
\0&lt;/a&gt;
W, 3504, 18, 2013/05/23, 16:48:32.522, 2807854814350, QTAgent32.exe, &lt;a class=success&gt;Playback - {93} [SUCCESS] MouseButtonClick - "[MSAA, VisibleOnly]ControlType='Button' &amp;&amp; Name='Cancel'"
\0&lt;/a&gt;
W, 3504, 18, 2013/05/23, 16:48:32.883, 2807859984017, QTAgent32.exe, &lt;a class=success&gt;Playback - {94} [SUCCESS] MouseButtonClick - "[MSAA, VisibleOnly]ControlType='Button'"
\0&lt;/a&gt;
W, 3504, 18, 2013/05/23, 16:48:33.471, 2807868393132, QTAgent32.exe, &lt;a class=success&gt;Playback - {95} [SUCCESS] MouseButtonClick - "[MSAA, VisibleOnly]ControlType='Button' &amp;&amp; Name='Detail'"
\0&lt;/a&gt;
W, 3504, 18, 2013/05/23, 16:48:33.802, 2807873144754, QTAgent32.exe, &lt;a class=success&gt;Playback - {96} [SUCCESS] MouseButtonClick - "[MSAA, VisibleOnly]ControlType='Button' &amp;&amp; Name='Cancel'"
\0&lt;/a&gt;
W, 3504, 18, 2013/05/23, 16:48:34.047, 2807876646149, QTAgent32.exe, &lt;a class=success&gt;Playback - {97} [SUCCESS] MouseButtonClick - "[MSAA, VisibleOnly]ControlType='Button' &amp;&amp; Name='Options'"
\0&lt;/a&gt;
W, 3504, 18, 2013/05/23, 16:48:34.152, 2807878156871, QTAgent32.exe, FindScreenElementInSinglePass : Attempting to find control in one pass of search. Failures can occur.
W, 3504, 18, 2013/05/23, 16:48:34.171, 2807878425370, QTAgent32.exe, Playback - [WARNING] Internal failure: Method GetBoundingRectangle failed (HRESULT = 0x1, "Incorrect function.") for Name = "Quote Select List" ," ControlType = "MenuItem"
\0
W, 3504, 18, 2013/05/23, 16:48:34.171, 2807878427386, QTAgent32.exe, Playback - [WARNING] Internal failure: Couldn't get clickable point for ScreenUIElement - GetClickablePoint failed
\0
W, 3504, 18, 2013/05/23, 16:48:34.172, 2807878431419, QTAgent32.exe, FindScreenElementInSinglePass : Attempting to find control in one pass of search. Failures can occur.
W, 3504, 18, 2013/05/23, 16:48:34.174, 2807878469793, QTAgent32.exe, FindScreenElementInSinglePass : Attempting to find control in one pass of search. Failures can occur.
W, 3504, 18, 2013/05/23, 16:48:34.296, 2807880218339, QTAgent32.exe, &lt;a class=success&gt;Playback - {98} [SUCCESS] LeftButtonClick - "[MSAA, VisibleOnly]ControlType='MenuBar' &amp;&amp; Name='Application'"  &lt; Mouse cursor location (960, 31) &gt;
\0&lt;/a&gt;
W, 3504, 18, 2013/05/23, 16:48:34.410, 2807881843439, QTAgent32.exe, &lt;a class=success&gt;Playback - {99} [SUCCESS] LeftButtonClick - "[MSAA]ControlType='MenuItem' &amp;&amp; Name='Options'"  &lt; Mouse cursor location (94, 31) &gt;
\0&lt;/a&gt;
W, 3504, 18, 2013/05/23, 16:48:34.782, 2807887176679, QTAgent32.exe, &lt;a class=success&gt;Playback - {100} [SUCCESS] LeftButtonClick - "[MSAA]ControlType='MenuItem' &amp;&amp; Name='Links'"  &lt; Mouse cursor location (174, 319) &gt;
\0&lt;/a&gt;
W, 3504, 18, 2013/05/23, 16:48:35.140, 2807892303007, QTAgent32.exe, &lt;a class=success&gt;Playback - {101} [SUCCESS] LeftButtonClick - "[MSAA]ControlType='MenuItem' &amp;&amp; Name='3rd Party Integration'"  &lt; Mouse cursor location (375, 319) &gt;
\0&lt;/a&gt;
W, 3504, 18, 2013/05/23, 16:48:35.507, 2807897555592, QTAgent32.exe, &lt;a class=success&gt;Playback - {102} [SUCCESS] MouseButtonClick - "[MSAA]ControlType='MenuItem' &amp;&amp; Name='Quote Select List'"
\0&lt;/a&gt;
W, 3504, 18, 2013/05/23, 16:48:37.084, 2807920127574, QTAgent32.exe, PERF WARNING: FindTopLevelWindowHelper::FindAllDescendents: took 1476 ms. Expected it to take maximum 500 ms.
W, 3504, 18, 2013/05/23, 16:48:37.771, 2807929961996, QTAgent32.exe, &lt;a class=success&gt;Playback - {103} [SUCCESS] MouseButtonClick - "[MSAA, VisibleOnly]ControlType='Button' &amp;&amp; Name='Ok'"
\0&lt;/a&gt;
W, 3504, 18, 2013/05/23, 16:48:38.804, 2807944762040, QTAgent32.exe, PERF WARNING: FindTopLevelWindowHelper::FindAllDescendents: took 933 ms. Expected it to take maximum 500 ms.
W, 3504, 18, 2013/05/23, 16:48:39.129, 2807949421343, QTAgent32.exe, &lt;a class=success&gt;Playback - {104} [SUCCESS] MouseButtonClick - "[MSAA, VisibleOnly]ControlType='Button' &amp;&amp; Name='MTA...'"
\0&lt;/a&gt;
W, 3504, 18, 2013/05/23, 16:48:40.502, 2807969066627, QTAgent32.exe, PERF WARNING: FindTopLevelWindowHelper::FindAllDescendents: took 1236 ms. Expected it to take maximum 500 ms.
W, 3504, 18, 2013/05/23, 16:48:42.178, 2807993071567, QTAgent32.exe, Playback - [WARNING] Internal warning: Incorrect flag set for InvokeProgrammaticAction\0
W, 3504, 18, 2013/05/23, 16:48:42.299, 2807994802614, QTAgent32.exe, &lt;a class=success&gt;Playback - {105} [SUCCESS] SetValueAsComboBox "Cancel Cover" - "[MSAA, VisibleOnly]ControlType='ComboBox'"  &lt; SetValueAsComboBox, set by clicking on the item in the list box &gt;
\0&lt;/a&gt;
W, 3504, 18, 2013/05/23, 16:48:42.558, 2807998505390, QTAgent32.exe, &lt;a class=success&gt;Playback - {106} [SUCCESS] MouseButtonClick - "[MSAA, VisibleOnly]ControlType='Button' &amp;&amp; Name='OK'"
\0&lt;/a&gt;
W, 3504, 18, 2013/05/23, 16:48:42.789, 2808001819164, QTAgent32.exe, &lt;a class=success&gt;Playback - {107} [SUCCESS] MouseButtonClick - "[MSAA, VisibleOnly]ControlType='Button' &amp;&amp; Name='Calculate Quote'"
\0&lt;/a&gt;
W, 3504, 18, 2013/05/23, 16:48:43.845, 2808016932014, QTAgent32.exe, PERF WARNING: FindTopLevelWindowHelper::FindAllDescendents: took 955 ms. Expected it to take maximum 500 ms.
W, 3504, 18, 2013/05/23, 16:48:44.567, 2808027268003, QTAgent32.exe, &lt;a class=success&gt;Playback - {108} [SUCCESS] SendKeys "^{HOME}" - "[MSAA, VisibleOnly]ControlType='Edit'"
\0&lt;/a&gt;
E, 3504, 18, 2013/05/23, 16:48:44.567, 2808027271821, QTAgent32.exe, Msaa.GetFocusedElement: could not find accessible object of foreground window
W, 3504, 18, 2013/05/23, 16:48:44.636, 2808028262998, QTAgent32.exe, &lt;a class=success&gt;Playback - {109} [SUCCESS] SendKeys "^+{END}" - "[MSAA, VisibleOnly]ControlType='Edit'"
\0&lt;/a&gt;
E, 3504, 18, 2013/05/23, 16:48:44.636, 2808028266236, QTAgent32.exe, Msaa.GetFocusedElement: could not find accessible object of foreground window
W, 3504, 18, 2013/05/23, 16:48:44.653, 2808028508561, QTAgent32.exe, &lt;a class=success&gt;Playback - {110} [SUCCESS] SendKeys "{DELETE}" - "[MSAA, VisibleOnly]ControlType='Edit'"
\0&lt;/a&gt;
W, 3504, 18, 2013/05/23, 16:48:45.527, 2808041024238, QTAgent32.exe, &lt;a class=success&gt;Playback - {111} [SUCCESS] SetValueAsEditBox "24/05/13" - "[MSAA, VisibleOnly]ControlType='Edit'"  &lt; Set via SendKeys &gt;
\0&lt;/a&gt;
W, 3504, 18, 2013/05/23, 16:48:45.762, 2808044391055, QTAgent32.exe, &lt;a class=success&gt;Playback - {112} [SUCCESS] MouseButtonClick - "[MSAA, VisibleOnly]ControlType='Button' &amp;&amp; Name='OK'"
\0&lt;/a&gt;
W, 3504, 18, 2013/05/23, 16:48:46.182, 2808050394161, QTAgent32.exe, &lt;a class=success&gt;Playback - {113} [SUCCESS] MouseButtonClick - "[MSAA, VisibleOnly]ControlType='Button' &amp;&amp; Name='No'"
\0&lt;/a&gt;
W, 3504, 18, 2013/05/23, 16:48:48.452, 2808082893600, QTAgent32.exe, PERF WARNING: FindTopLevelWindowHelper::FindAllDescendents: took 2169 ms. Expected it to take maximum 500 ms.
W, 3504, 18, 2013/05/23, 16:48:48.767, 2808087408088, QTAgent32.exe, &lt;a class=success&gt;Playback - {114} [SUCCESS] MouseButtonClick - "[MSAA, VisibleOnly]ControlType='Button' &amp;&amp; Name='Exit'"
\0&lt;/a&gt;
W, 3504, 18, 2013/05/23, 16:48:49.222, 2808093928560, QTAgent32.exe, &lt;a class=success&gt;Playback - {115} [SUCCESS] MouseButtonClick - "[MSAA, VisibleOnly]ControlType='Button' &amp;&amp; Name='Yes'"
\0&lt;/a&gt;
W, 3504, 18, 2013/05/23, 16:48:49.708, 2808100887236, QTAgent32.exe, &lt;a class=success&gt;Playback - {116} [SUCCESS] MouseButtonClick - "[MSAA, VisibleOnly]ControlType='Button' &amp;&amp; Name='OK'"
\0&lt;/a&gt;
W, 3504, 18, 2013/05/23, 16:48:49.957, 2808104453473, QTAgent32.exe, &lt;a class=success&gt;Playback - {117} [SUCCESS] MouseButtonClick - "[MSAA, VisibleOnly]ControlType='Button' &amp;&amp; Name='Cancel'"
\0&lt;/a&gt;
W, 3504, 18, 2013/05/23, 16:48:50.314, 2808109565510, QTAgent32.exe, &lt;a class=success&gt;Playback - {118} [SUCCESS] MouseButtonClick - "[MSAA, VisibleOnly]ControlType='Button'"
\0&lt;/a&gt;
W, 3504, 18, 2013/05/23, 16:48:50.730, 2808115517927, QTAgent32.exe, &lt;a class=success&gt;Playback - {119} [SUCCESS] MouseButtonClick - "[MSAA, VisibleOnly]ControlType='Button' &amp;&amp; Name='Detail'"
\0&lt;/a&gt;
W, 3504, 18, 2013/05/23, 16:48:53.937, 2808161435572, QTAgent32.exe, IEDOM : StopSession of the plugin called before StartSession
W, 3504, 18, 2013/05/23, 16:48:53.937, 2808161437493, QTAgent32.exe, UIA : StopSession of the plugin called before StartSession
</DebugTrace>
      </Output>
    </UnitTestResult>
    <UnitTestResult executionId="efb75b22-59f6-4a4f-86a7-0a42c25f4fa7" testId="164701b2-e196-748d-ce2b-54e0b07d16b7" testName="MotoCancelAccept" computerName="ICLVDEVTM02" duration="00:03:47.3392478" startTime="2013-05-23T16:48:53.9518009+01:00" endTime="2013-05-23T16:52:41.3286741+01:00" testType="13cdc9d9-ddb5-4fa4-a97d-d965ccfc6d4b" outcome="Passed" testListId="8c84fa94-04c1-424b-9868-57a2d4851a1d" relativeResultsDirectory="efb75b22-59f6-4a4f-86a7-0a42c25f4fa7">
      <Output>
        <DebugTrace>W, 3504, 27, 2013/05/23, 16:48:58.615, 2808228424841, QTAgent32.exe, &lt;a class=success&gt;Playback - {1} [SUCCESS] MouseButtonClick - "[MSAA, VisibleOnly]ControlType='Edit'"
\0&lt;/a&gt;
W, 3504, 27, 2013/05/23, 16:48:58.919, 2808232775928, QTAgent32.exe, &lt;a class=success&gt;Playback - {2} [SUCCESS] SendKeys "[*]" - "[MSAA, VisibleOnly]ControlType='Edit'"
\0&lt;/a&gt;
W, 3504, 27, 2013/05/23, 16:48:59.608, 2808242624892, QTAgent32.exe, &lt;a class=success&gt;Playback - {3} [SUCCESS] MouseButtonClick - "[MSAA, VisibleOnly]ControlType='Button' &amp;&amp; Name='OK'"
\0&lt;/a&gt;
W, 3504, 27, 2013/05/23, 16:48:59.900, 2808246807942, QTAgent32.exe, &lt;a class=success&gt;Playback - {4} [SUCCESS] SendKeys "^{HOME}" - "[MSAA, VisibleOnly]ControlType='Edit'"
\0&lt;/a&gt;
E, 3504, 27, 2013/05/23, 16:48:59.900, 2808246810663, QTAgent32.exe, Msaa.GetFocusedElement: could not find accessible object of foreground window
W, 3504, 27, 2013/05/23, 16:48:59.954, 2808247581354, QTAgent32.exe, &lt;a class=success&gt;Playback - {5} [SUCCESS] SendKeys "^+{END}" - "[MSAA, VisibleOnly]ControlType='Edit'"
\0&lt;/a&gt;
E, 3504, 27, 2013/05/23, 16:48:59.954, 2808247583951, QTAgent32.exe, Msaa.GetFocusedElement: could not find accessible object of foreground window
W, 3504, 27, 2013/05/23, 16:48:59.968, 2808247784152, QTAgent32.exe, &lt;a class=success&gt;Playback - {6} [SUCCESS] SendKeys "{DELETE}" - "[MSAA, VisibleOnly]ControlType='Edit'"
\0&lt;/a&gt;
W, 3504, 27, 2013/05/23, 16:49:00.285, 2808252321670, QTAgent32.exe, &lt;a class=success&gt;Playback - {7} [SUCCESS] SetValueAsEditBox "23/05/2013" - "[MSAA, VisibleOnly]ControlType='Edit'"  &lt; Set via SendKeys &gt;
\0&lt;/a&gt;
W, 3504, 27, 2013/05/23, 16:49:00.806, 2808259780394, QTAgent32.exe, Playback - [WARNING] Internal warning: Incorrect flag set for InvokeProgrammaticAction\0
W, 3504, 27, 2013/05/23, 16:49:00.926, 2808261499969, QTAgent32.exe, &lt;a class=success&gt;Playback - {8} [SUCCESS] SetValueAsComboBox "May" - "[MSAA, VisibleOnly]ControlType='ComboBox'"  &lt; SetValueAsComboBox, set by clicking on the item in the list box &gt;
\0&lt;/a&gt;
W, 3504, 27, 2013/05/23, 16:49:01.201, 2808265437855, QTAgent32.exe, &lt;a class=success&gt;Playback - {9} [SUCCESS] SendKeys "^{HOME}" - "[MSAA, VisibleOnly]ControlType='Edit'"
\0&lt;/a&gt;
E, 3504, 27, 2013/05/23, 16:49:01.201, 2808265441138, QTAgent32.exe, Msaa.GetFocusedElement: could not find accessible object of foreground window
W, 3504, 27, 2013/05/23, 16:49:01.255, 2808266218631, QTAgent32.exe, &lt;a class=success&gt;Playback - {10} [SUCCESS] SendKeys "^+{END}" - "[MSAA, VisibleOnly]ControlType='Edit'"
\0&lt;/a&gt;
E, 3504, 27, 2013/05/23, 16:49:01.255, 2808266222426, QTAgent32.exe, Msaa.GetFocusedElement: could not find accessible object of foreground window
W, 3504, 27, 2013/05/23, 16:49:01.271, 2808266450016, QTAgent32.exe, &lt;a class=success&gt;Playback - {11} [SUCCESS] SendKeys "{DELETE}" - "[MSAA, VisibleOnly]ControlType='Edit'"
\0&lt;/a&gt;
W, 3504, 27, 2013/05/23, 16:49:01.490, 2808269584880, QTAgent32.exe, &lt;a class=success&gt;Playback - {12} [SUCCESS] SetValueAsEditBox "2013" - "[MSAA, VisibleOnly]ControlType='Edit'"  &lt; Set via SendKeys &gt;
\0&lt;/a&gt;
W, 3504, 27, 2013/05/23, 16:49:01.709, 2808272713312, QTAgent32.exe, &lt;a class=success&gt;Playback - {13} [SUCCESS] MouseButtonClick - "[MSAA, VisibleOnly]ControlType='Button' &amp;&amp; Name='OK'"
\0&lt;/a&gt;
W, 3504, 27, 2013/05/23, 16:49:02.735, 2808287405018, QTAgent32.exe, Playback - [WARNING] Internal warning: Window Not Found: [VisibleOnly]ControlType='Window' &amp;&amp; Name='Warning' &amp;&amp; ClassName='#32770'
\0
E, 3504, 27, 2013/05/23, 16:49:02.735, 2808287409171, QTAgent32.exe, &lt;a class=failure&gt;Playback - {14} [FAILED] Function ElementFetcher::FindScreenElement failed to locate UI element (Searching: ;[VisibleOnly]ControlType='Window' &amp;&amp; Name='Warning' &amp;&amp; ClassName='#32770') (The object specified was not found.)
\0&lt;/a&gt;
E, 3504, 27, 2013/05/23, 16:49:02.815, 2808288549454, QTAgent32.exe, Playback - [IMAGE] C:\Users\testuser\AppData\Local\Temp\UITestLogs\LastRun\RPFC5EE.png
\0
W, 3504, 27, 2013/05/23, 16:49:02.815, 2808288551674, QTAgent32.exe, Playback - [WARNING] Internal warning: Couldn't find descendants that match QueryId
\0
W, 3504, 27, 2013/05/23, 16:49:02.815, 2808288554459, QTAgent32.exe, PERF WARNING: FindTopLevelWindowHelper::FindAllDescendents: took 990 ms. Expected it to take maximum 500 ms.
W, 3504, 27, 2013/05/23, 16:49:20.909, 2808547628466, QTAgent32.exe, Playback - [WARNING] Internal warning: Window Not Found: [VisibleOnly]ControlType='Window' &amp;&amp; Name='Warning' &amp;&amp; ClassName='#32770'
\0
E, 3504, 27, 2013/05/23, 16:49:20.910, 2808547635435, QTAgent32.exe, &lt;a class=failure&gt;Playback - {15} [FAILED] Function ElementFetcher::FindScreenElement failed to locate UI element (Searching: ;[VisibleOnly]ControlType='Window' &amp;&amp; Name='Warning' &amp;&amp; ClassName='#32770') (The object specified was not found.)
\0&lt;/a&gt;
E, 3504, 27, 2013/05/23, 16:49:20.993, 2808548826533, QTAgent32.exe, Playback - [IMAGE] C:\Users\testuser\AppData\Local\Temp\UITestLogs\LastRun\RPFCED.png
\0
W, 3504, 27, 2013/05/23, 16:49:20.993, 2808548829427, QTAgent32.exe, Playback - [WARNING] Internal warning: Couldn't find descendants that match QueryId
\0
W, 3504, 27, 2013/05/23, 16:49:20.994, 2808548837663, QTAgent32.exe, PERF WARNING: FindTopLevelWindowHelper::FindAllDescendents: took 18178 ms. Expected it to take maximum 500 ms.
W, 3504, 27, 2013/05/23, 16:49:21.474, 2808555712971, QTAgent32.exe, Playback - [WARNING] Internal warning: Smart Match failed
\0
W, 3504, 27, 2013/05/23, 16:49:21.629, 2808557929313, QTAgent32.exe, Playback - [WARNING] Internal warning: Smart Match failed
\0
W, 3504, 27, 2013/05/23, 16:49:21.783, 2808560141995, QTAgent32.exe, Playback - [WARNING] Internal warning: Smart Match failed
\0
W, 3504, 27, 2013/05/23, 16:49:21.935, 2808562318819, QTAgent32.exe, Playback - [WARNING] Internal warning: Smart Match failed
\0
W, 3504, 27, 2013/05/23, 16:49:22.104, 2808564735090, QTAgent32.exe, Playback - [WARNING] Internal warning: Smart Match failed
\0
W, 3504, 27, 2013/05/23, 16:49:22.262, 2808567004783, QTAgent32.exe, Playback - [WARNING] Internal warning: Smart Match failed
\0
W, 3504, 27, 2013/05/23, 16:49:22.418, 2808569238019, QTAgent32.exe, Playback - [WARNING] Internal warning: Smart Match failed
\0
W, 3504, 27, 2013/05/23, 16:49:22.581, 2808571567792, QTAgent32.exe, Playback - [WARNING] Internal warning: Smart Match failed
\0
W, 3504, 27, 2013/05/23, 16:49:22.739, 2808573836402, QTAgent32.exe, Playback - [WARNING] Internal warning: Smart Match failed
\0
W, 3504, 27, 2013/05/23, 16:49:22.895, 2808576068929, QTAgent32.exe, Playback - [WARNING] Internal warning: Smart Match failed
\0
W, 3504, 27, 2013/05/23, 16:49:23.049, 2808578275580, QTAgent32.exe, Playback - [WARNING] Internal warning: Smart Match failed
\0
W, 3504, 27, 2013/05/23, 16:49:23.209, 2808580547453, QTAgent32.exe, Playback - [WARNING] Internal warning: Smart Match failed
\0
W, 3504, 27, 2013/05/23, 16:49:23.362, 2808582745869, QTAgent32.exe, Playback - [WARNING] Internal warning: Smart Match failed
\0
W, 3504, 27, 2013/05/23, 16:49:23.517, 2808584969643, QTAgent32.exe, Playback - [WARNING] Internal warning: Smart Match failed
\0
W, 3504, 27, 2013/05/23, 16:49:23.671, 2808587174210, QTAgent32.exe, Playback - [WARNING] Internal warning: Smart Match failed
\0
W, 3504, 27, 2013/05/23, 16:49:23.825, 2808589371700, QTAgent32.exe, Playback - [WARNING] Internal warning: Smart Match failed
\0
W, 3504, 27, 2013/05/23, 16:49:23.980, 2808591589210, QTAgent32.exe, Playback - [WARNING] Internal warning: Smart Match failed
\0
W, 3504, 27, 2013/05/23, 16:49:24.024, 2808592224877, QTAgent32.exe, Playback - [WARNING] Internal warning: Window Not Found: [VisibleOnly]ControlType='Window' &amp;&amp; Name='Warning' &amp;&amp; ClassName='#32770'
\0
E, 3504, 27, 2013/05/23, 16:49:24.024, 2808592227539, QTAgent32.exe, &lt;a class=failure&gt;Playback - {16} [FAILED] Function ElementFetcher::FindScreenElement failed to locate UI element (Searching: ;[VisibleOnly]ControlType='Window' &amp;&amp; Name='Warning' &amp;&amp; ClassName='#32770') (The object specified was not found.)
\0&lt;/a&gt;
E, 3504, 27, 2013/05/23, 16:49:24.108, 2808593427628, QTAgent32.exe, Playback - [IMAGE] C:\Users\testuser\AppData\Local\Temp\UITestLogs\LastRun\RPF191E.png
\0
W, 3504, 27, 2013/05/23, 16:49:24.108, 2808593430342, QTAgent32.exe, Playback - [WARNING] Internal warning: Couldn't find descendants that match QueryId
\0
W, 3504, 27, 2013/05/23, 16:49:24.108, 2808593434934, QTAgent32.exe, PERF WARNING: FindTopLevelWindowHelper::FindAllDescendents: took 3114 ms. Expected it to take maximum 500 ms.
E, 3504, 27, 2013/05/23, 16:49:24.109, 2808593438145, QTAgent32.exe, Exception: System.Runtime.InteropServices.COMException
	Message: Error HRESULT E_FAIL has been returned from a call to a COM component.
	Stack Trace:    at Microsoft.VisualStudio.TestTools.UITest.Playback.Engine.IRPFPlayback.FindAllScreenElements(IScreenElement pScreenElementStart, String bstrQueryId, Object&amp; pvarResKeys, Int32 cResKeys, Int32 nMaxDepth, Object[]&amp; foundDescendants)
   at Microsoft.VisualStudio.TestTools.UITest.Playback.ScreenElement.FindTopLevelWindowHelper(String queryId)
	BaseExceptionMessage: Error HRESULT E_FAIL has been returned from a call to a COM component.

E, 3504, 27, 2013/05/23, 16:49:24.249, 2808595450889, QTAgent32.exe, AL: Playback Error: Microsoft.VisualStudio.TestTools.UITest.Extension.UITestControlNotFoundException: The playback failed to find the control with the given search properties. Additional Details: 
TechnologyName:  'MSAA'
ControlType:  'Window'
Name:  'Warning'
ClassName:  '#32770'
 ---&gt; System.Runtime.InteropServices.COMException: Error HRESULT E_FAIL has been returned from a call to a COM component.
   at Microsoft.VisualStudio.TestTools.UITest.Playback.Engine.IRPFPlayback.FindAllScreenElements(IScreenElement pScreenElementStart, String bstrQueryId, Object&amp; pvarResKeys, Int32 cResKeys, Int32 nMaxDepth, Object[]&amp; foundDescendants)
   at Microsoft.VisualStudio.TestTools.UITest.Playback.ScreenElement.FindTopLevelWindowHelper(String queryId)
   at Microsoft.VisualStudio.TestTools.UITest.Playback.ScreenElement.FindFromPartialQueryId(String queryId)
   at Microsoft.VisualStudio.TestTools.UITesting.UITestControl..ctor(String queryId)
   --- End of inner exception stack trace ---
   at Microsoft.VisualStudio.TestTools.UITesting.Playback.MapControlNotFoundException(COMException ex, IPlaybackContext context)
   at Microsoft.VisualStudio.TestTools.UITesting.Playback.MapAndThrowComException(COMException innerException, IPlaybackContext context)
   at Microsoft.VisualStudio.TestTools.UITesting.Playback.MapAndThrowException(SystemException exception, IPlaybackContext context)
   at Microsoft.VisualStudio.TestTools.UITesting.Playback.MapAndThrowException(SystemException exception, String queryId)
   at Microsoft.VisualStudio.TestTools.UITesting.UITestControl..ctor(String queryId)
   at Microsoft.VisualStudio.TestTools.UITesting.SearchHelper.SearchTopLevelWindow(ISearchArgument topLevelSearchArg, String topLevelElementQueryId)
   at Microsoft.VisualStudio.TestTools.UITesting.SearchHelper.GetTitleUpdatedTopLevelWindow(ISearchArgument topLevelSearchArg, String queryId, IList`1 windowTitles)
   at Microsoft.VisualStudio.TestTools.UITesting.SearchHelper.GetTopLevelElement(Boolean useCache, Boolean useCacheOnly, ISearchArgument searchArg, IList`1 windowTitles, Int32&amp; timeLeft)
   at Microsoft.VisualStudio.TestTools.UITesting.SearchHelper.GetElement(Boolean useCache, ISearchArgument searchArg)
   at Microsoft.VisualStudio.TestTools.UITesting.SearchHelper.Search(ISearchArgument searchArg)
   at Microsoft.VisualStudio.TestTools.UITesting.UITestControl.FindInternal()
   at Microsoft.VisualStudio.TestTools.UITesting.UITestControl.FindControlIfNecessary()
   at Microsoft.VisualStudio.TestTools.UITesting.UITestControl.Click(MouseButtons button, ModifierKeys modifierKeys, Point relativeCoordinates)
   at Microsoft.VisualStudio.TestTools.UITesting.Mouse.ClickImplementation(UITestControl control, MouseButtons button, ModifierKeys modifierKeys, Point relativeCoordinate)
   at Microsoft.VisualStudio.TestTools.UITesting.Mouse.ClickImplementationWrapper(UITestControl control, MouseButtons button, ModifierKeys modifierKeys, Point relativeCoordinate)
W, 3504, 27, 2013/05/23, 16:49:24.249, 2808595454046, QTAgent32.exe, PlaybackErrorHandler: Ignoring exception as ContinueOnError is set.
W, 3504, 27, 2013/05/23, 16:49:24.282, 2808595914227, QTAgent32.exe, &lt;a class=success&gt;Playback - {17} [SUCCESS] TypeString "#(R)"
\0&lt;/a&gt;
E, 3504, 27, 2013/05/23, 16:49:25.242, 2808609660773, QTAgent32.exe, Exception: System.ArgumentException
	Message: Value does not fall within the expected range.
	Stack Trace:    at Accessibility.IAccessible.get_accRole(Object varChild)
   at Microsoft.VisualStudio.TestTools.UITest.Extension.Msaa.AccWrapper.get_RoleInt()
	BaseExceptionMessage: Value does not fall within the expected range.

E, 3504, 27, 2013/05/23, 16:49:25.254, 2808609834865, QTAgent32.exe, Exception: System.ArgumentException
	Message: Value does not fall within the expected range.
	Stack Trace:    at Accessibility.IAccessible.get_accRole(Object varChild)
   at Microsoft.VisualStudio.TestTools.UITest.Extension.Msaa.AccWrapper.get_RoleInt()
	BaseExceptionMessage: Value does not fall within the expected range.

W, 3504, 27, 2013/05/23, 16:49:26.178, 2808623065529, QTAgent32.exe, &lt;a class=success&gt;Playback - {18} [SUCCESS] LeftButtonClick  &lt; Mouse cursor location (87, 908) &gt;
\0&lt;/a&gt;
W, 3504, 27, 2013/05/23, 16:49:27.567, 2808642959850, QTAgent32.exe, &lt;a class=success&gt;Playback - {19} [SUCCESS] SetValueAsEditBox "c:\TestProject7\office.reg"  &lt; Set via SendKeys &gt;
\0&lt;/a&gt;
W, 3504, 27, 2013/05/23, 16:49:27.568, 2808642962621, QTAgent32.exe, &lt;a class=success&gt;Playback - {20} [SUCCESS] SetValueAsComboBox "c:\TestProject7\office.reg" - "[MSAA, VisibleOnly]ControlType='ComboBox' &amp;&amp; Name='Open:'"  &lt; Set via SetValueAsEditBox &gt;
\0&lt;/a&gt;
W, 3504, 27, 2013/05/23, 16:49:27.820, 2808646572751, QTAgent32.exe, &lt;a class=success&gt;Playback - {21} [SUCCESS] MouseButtonClick - "[MSAA, VisibleOnly]ControlType='Button' &amp;&amp; Name='OK'"
\0&lt;/a&gt;
W, 3504, 27, 2013/05/23, 16:49:28.320, 2808653737795, QTAgent32.exe, Playback - [WARNING] Internal warning: Window Not Found: [VisibleOnly]ControlType='Window' &amp;&amp; Name='Registry Editor' &amp;&amp; ClassName='#32770'
\0
E, 3504, 27, 2013/05/23, 16:49:28.320, 2808653741554, QTAgent32.exe, &lt;a class=failure&gt;Playback - {22} [FAILED] Function ElementFetcher::FindScreenElement failed to locate UI element (Searching: ;[VisibleOnly]ControlType='Window' &amp;&amp; Name='Registry Editor' &amp;&amp; ClassName='#32770') (The object specified was not found.)
\0&lt;/a&gt;
E, 3504, 27, 2013/05/23, 16:49:28.412, 2808655048774, QTAgent32.exe, Playback - [IMAGE] C:\Users\testuser\AppData\Local\Temp\UITestLogs\LastRun\RPF29E1.png
\0
W, 3504, 27, 2013/05/23, 16:49:28.412, 2808655051593, QTAgent32.exe, Playback - [WARNING] Internal warning: Couldn't find descendants that match QueryId
\0
W, 3504, 27, 2013/05/23, 16:49:28.691, 2808659046548, QTAgent32.exe, &lt;a class=success&gt;Playback - {23} [SUCCESS] MouseButtonClick - "[MSAA, VisibleOnly]ControlType='Button' &amp;&amp; Name='Yes'"
\0&lt;/a&gt;
W, 3504, 27, 2013/05/23, 16:49:29.018, 2808663738234, QTAgent32.exe, &lt;a class=success&gt;Playback - {24} [SUCCESS] MouseButtonClick - "[MSAA, VisibleOnly]ControlType='Button' &amp;&amp; Name='OK'"
\0&lt;/a&gt;
W, 3504, 27, 2013/05/23, 16:49:29.287, 2808667578080, QTAgent32.exe, &lt;a class=success&gt;Playback - {25} [SUCCESS] MouseButtonClick - "[MSAA, VisibleOnly]ControlType='Button' &amp;&amp; Name='Clients &amp; Files'"
\0&lt;/a&gt;
W, 3504, 27, 2013/05/23, 16:49:30.660, 2808687248735, QTAgent32.exe, PERF WARNING: FindTopLevelWindowHelper::FindAllDescendents: took 1271 ms. Expected it to take maximum 500 ms.
W, 3504, 27, 2013/05/23, 16:49:31.430, 2808698269266, QTAgent32.exe, Playback - [WARNING] Internal warning: Incorrect flag set for InvokeProgrammaticAction\0
W, 3504, 27, 2013/05/23, 16:49:31.552, 2808700007618, QTAgent32.exe, &lt;a class=success&gt;Playback - {26} [SUCCESS] SetValueAsComboBox "Customers" - "[MSAA, VisibleOnly]ControlType='ComboBox'"  &lt; SetValueAsComboBox, set by clicking on the item in the list box &gt;
\0&lt;/a&gt;
W, 3504, 27, 2013/05/23, 16:49:32.005, 2808706501758, QTAgent32.exe, &lt;a class=success&gt;Playback - {27} [SUCCESS] MouseButtonClick - "[MSAA, VisibleOnly]ControlType='Button' &amp;&amp; Name='Add'"
\0&lt;/a&gt;
W, 3504, 27, 2013/05/23, 16:49:32.658, 2808715846640, QTAgent32.exe, &lt;a class=success&gt;Playback - {28} [SUCCESS] SendKeys "autotest" - "[MSAA, VisibleOnly]ControlType='RadioButton' &amp;&amp; Name='Personal Lines'"
\0&lt;/a&gt;
W, 3504, 27, 2013/05/23, 16:49:33.615, 2808729556596, QTAgent32.exe, &lt;a class=success&gt;Playback - {29} [SUCCESS] SetValueAsEditBox "autotest" - "[MSAA, VisibleOnly]ControlType='Edit'"  &lt; Set via SendKeys &gt;
\0&lt;/a&gt;
W, 3504, 27, 2013/05/23, 16:49:33.843, 2808732817216, QTAgent32.exe, &lt;a class=success&gt;Playback - {30} [SUCCESS] MouseButtonClick - "[MSAA, VisibleOnly]ControlType='Button' &amp;&amp; Name='OK'"
\0&lt;/a&gt;
W, 3504, 27, 2013/05/23, 16:49:34.123, 2808736825729, QTAgent32.exe, &lt;a class=success&gt;Playback - {31} [SUCCESS] MouseButtonClick - "[MSAA, VisibleOnly]ControlType='Button' &amp;&amp; Name='Yes'"
\0&lt;/a&gt;
W, 3504, 27, 2013/05/23, 16:49:34.652, 2808744400443, QTAgent32.exe, &lt;a class=success&gt;Playback - {32} [SUCCESS] SendKeys "^{HOME}" - "[MSAA, VisibleOnly]ControlType='Edit'"
\0&lt;/a&gt;
E, 3504, 27, 2013/05/23, 16:49:34.652, 2808744403977, QTAgent32.exe, Msaa.GetFocusedElement: could not find accessible object of foreground window
W, 3504, 27, 2013/05/23, 16:49:34.710, 2808745237362, QTAgent32.exe, &lt;a class=success&gt;Playback - {33} [SUCCESS] SendKeys "^+{END}" - "[MSAA, VisibleOnly]ControlType='Edit'"
\0&lt;/a&gt;
E, 3504, 27, 2013/05/23, 16:49:34.710, 2808745240171, QTAgent32.exe, Msaa.GetFocusedElement: could not find accessible object of foreground window
W, 3504, 27, 2013/05/23, 16:49:34.725, 2808745446425, QTAgent32.exe, &lt;a class=success&gt;Playback - {34} [SUCCESS] SendKeys "{DELETE}" - "[MSAA, VisibleOnly]ControlType='Edit'"
\0&lt;/a&gt;
W, 3504, 27, 2013/05/23, 16:49:35.039, 2808749939913, QTAgent32.exe, &lt;a class=success&gt;Playback - {35} [SUCCESS] SetValueAsEditBox "1" - "[MSAA, VisibleOnly]ControlType='Edit'"  &lt; Set via SendKeys &gt;
\0&lt;/a&gt;
W, 3504, 27, 2013/05/23, 16:49:35.560, 2808757392704, QTAgent32.exe, &lt;a class=success&gt;Playback - {36} [SUCCESS] SendKeys "^{HOME}" - "[MSAA, VisibleOnly]ControlType='Edit'"
\0&lt;/a&gt;
E, 3504, 27, 2013/05/23, 16:49:35.561, 2808757413835, QTAgent32.exe, Msaa.GetFocusedElement: could not find accessible object of foreground window
W, 3504, 27, 2013/05/23, 16:49:35.641, 2808758552618, QTAgent32.exe, &lt;a class=success&gt;Playback - {37} [SUCCESS] SendKeys "^+{END}" - "[MSAA, VisibleOnly]ControlType='Edit'"
\0&lt;/a&gt;
E, 3504, 27, 2013/05/23, 16:49:35.642, 2808758567276, QTAgent32.exe, Msaa.GetFocusedElement: could not find accessible object of foreground window
W, 3504, 27, 2013/05/23, 16:49:35.661, 2808758843072, QTAgent32.exe, &lt;a class=success&gt;Playback - {38} [SUCCESS] SendKeys "{DELETE}" - "[MSAA, VisibleOnly]ControlType='Edit'"
\0&lt;/a&gt;
W, 3504, 27, 2013/05/23, 16:49:36.007, 2808763796200, QTAgent32.exe, &lt;a class=success&gt;Playback - {39} [SUCCESS] SetValueAsEditBox "1" - "[MSAA, VisibleOnly]ControlType='Edit'"  &lt; Set via SendKeys &gt;
\0&lt;/a&gt;
W, 3504, 27, 2013/05/23, 16:49:37.632, 2808787070968, QTAgent32.exe, Playback - [WARNING] Internal warning: Target element "[MSAA, VisibleOnly]ControlType='Button' &amp;&amp; Name='OK'" was not found, so all intermediate elements were ignored. An incorrect element that matches target element Id can be found as the result.  Verify that all intermediate elements in QueryId have valid and unique Ids
\0
W, 3504, 27, 2013/05/23, 16:49:38.167, 2808794724809, QTAgent32.exe, PERF WARNING: FindAllDescendents: took 2042 ms. Expected it to take maximum 500 ms.
W, 3504, 27, 2013/05/23, 16:49:38.461, 2808798942871, QTAgent32.exe, &lt;a class=success&gt;Playback - {40} [SUCCESS] MouseButtonClick - "[MSAA, VisibleOnly]ControlType='Button' &amp;&amp; Name='OK'"
\0&lt;/a&gt;
W, 3504, 27, 2013/05/23, 16:49:38.815, 2808804009059, QTAgent32.exe, &lt;a class=success&gt;Playback - {41} [SUCCESS] MouseButtonClick - "[MSAA, VisibleOnly]ControlType='Button'"
\0&lt;/a&gt;
W, 3504, 27, 2013/05/23, 16:49:39.165, 2808809020826, QTAgent32.exe, &lt;a class=success&gt;Playback - {42} [SUCCESS] MouseButtonClick - "[MSAA, VisibleOnly]ControlType='Button' &amp;&amp; Name='Add'"
\0&lt;/a&gt;
W, 3504, 27, 2013/05/23, 16:49:39.402, 2808812414234, QTAgent32.exe, &lt;a class=success&gt;Playback - {43} [SUCCESS] MouseButtonClick - "[MSAA, VisibleOnly]ControlType='Button' &amp;&amp; Name='OK'"
\0&lt;/a&gt;
W, 3504, 27, 2013/05/23, 16:49:41.685, 2808845105640, QTAgent32.exe, &lt;a class=success&gt;Playback - {44} [SUCCESS] MouseButtonClick - "[MSAA, VisibleOnly,Window]ControlType='Window' &amp;&amp; ClassName='ThunderRT6TextBox'"
\0&lt;/a&gt;
W, 3504, 27, 2013/05/23, 16:49:42.472, 2808856369102, QTAgent32.exe, &lt;a class=success&gt;Playback - {45} [SUCCESS] SetValueAsEditBox "MOTO" - "[MSAA, VisibleOnly]ControlType='Edit'"  &lt; Set via SendKeys &gt;
\0&lt;/a&gt;
W, 3504, 27, 2013/05/23, 16:49:42.801, 2808861080501, QTAgent32.exe, &lt;a class=success&gt;Playback - {46} [SUCCESS] MouseButtonClick - "[MSAA, VisibleOnly]ControlType='Button' &amp;&amp; Name='OK'"
\0&lt;/a&gt;
W, 3504, 27, 2013/05/23, 16:49:43.039, 2808864480235, QTAgent32.exe, &lt;a class=success&gt;Playback - {47} [SUCCESS] MouseButtonClick - "[MSAA, VisibleOnly]ControlType='Button' &amp;&amp; Name='Options'"
\0&lt;/a&gt;
W, 3504, 27, 2013/05/23, 16:49:43.139, 2808865916724, QTAgent32.exe, FindScreenElementInSinglePass : Attempting to find control in one pass of search. Failures can occur.
W, 3504, 27, 2013/05/23, 16:49:43.593, 2808872421571, QTAgent32.exe, &lt;a class=success&gt;Playback - {48} [SUCCESS] MouseButtonClick - "[MSAA]ControlType='MenuItem' &amp;&amp; Name='Links'"
\0&lt;/a&gt;
W, 3504, 27, 2013/05/23, 16:49:43.694, 2808873858066, QTAgent32.exe, FindScreenElementInSinglePass : Attempting to find control in one pass of search. Failures can occur.
W, 3504, 27, 2013/05/23, 16:49:44.177, 2808880778663, QTAgent32.exe, &lt;a class=success&gt;Playback - {49} [SUCCESS] MouseButtonClick - "[MSAA]ControlType='MenuItem' &amp;&amp; Name='3rd Party Integration'"
\0&lt;/a&gt;
W, 3504, 27, 2013/05/23, 16:49:44.278, 2808882223918, QTAgent32.exe, FindScreenElementInSinglePass : Attempting to find control in one pass of search. Failures can occur.
W, 3504, 27, 2013/05/23, 16:49:44.693, 2808888171568, QTAgent32.exe, &lt;a class=success&gt;Playback - {50} [SUCCESS] MouseButtonClick - "[MSAA]ControlType='MenuItem' &amp;&amp; Name='Quote Select List'"
\0&lt;/a&gt;
W, 3504, 27, 2013/05/23, 16:49:46.107, 2808908418462, QTAgent32.exe, PERF WARNING: FindTopLevelWindowHelper::FindAllDescendents: took 1312 ms. Expected it to take maximum 500 ms.
W, 3504, 27, 2013/05/23, 16:49:46.250, 2808910461327, QTAgent32.exe, &lt;a class=success&gt;Playback - {51} [SUCCESS] MouseButtonClick - "[MSAA, VisibleOnly]ControlType='Button' &amp;&amp; Name='Ok'"
\0&lt;/a&gt;
W, 3504, 27, 2013/05/23, 16:49:48.540, 2808943256390, QTAgent32.exe, PERF WARNING: FindTopLevelWindowHelper::FindAllDescendents: took 2190 ms. Expected it to take maximum 500 ms.
W, 3504, 27, 2013/05/23, 16:49:48.674, 2808945173029, QTAgent32.exe, &lt;a class=success&gt;Playback - {52} [SUCCESS] MouseButtonClick - "[MSAA, VisibleOnly]ControlType='Button' &amp;&amp; Name='Ok'"
\0&lt;/a&gt;
W, 3504, 27, 2013/05/23, 16:49:49.731, 2808960302511, QTAgent32.exe, &lt;a class=success&gt;Playback - {53} [SUCCESS] SetValueAsEditBox "Test" - "[MSAA, VisibleOnly]ControlType='Edit'"  &lt; Set via SendKeys &gt;
\0&lt;/a&gt;
W, 3504, 27, 2013/05/23, 16:49:50.232, 2808967478265, QTAgent32.exe, &lt;a class=success&gt;Playback - {54} [SUCCESS] SendKeys "{Tab}" - "[MSAA, VisibleOnly]ControlType='Edit'"
\0&lt;/a&gt;
W, 3504, 27, 2013/05/23, 16:49:51.183, 2808981094944, QTAgent32.exe, &lt;a class=success&gt;Playback - {55} [SUCCESS] SetValueAsEditBox "test" - "[MSAA, VisibleOnly]ControlType='Edit'"  &lt; Set via SendKeys &gt;
\0&lt;/a&gt;
W, 3504, 27, 2013/05/23, 16:49:52.283, 2808996848532, QTAgent32.exe, &lt;a class=success&gt;Playback - {56} [SUCCESS] SetValueAsEditBox "160485" - "[MSAA, VisibleOnly]ControlType='Edit'"  &lt; Set via SendKeys &gt;
\0&lt;/a&gt;
W, 3504, 27, 2013/05/23, 16:49:53.282, 2809011145684, QTAgent32.exe, &lt;a class=success&gt;Playback - {57} [SUCCESS] SetValueAsEditBox "B338TH" - "[MSAA, VisibleOnly]ControlType='Edit'"  &lt; Set via SendKeys &gt;
\0&lt;/a&gt;
W, 3504, 27, 2013/05/23, 16:49:55.522, 2809043215811, QTAgent32.exe, &lt;a class=success&gt;Playback - {58} [SUCCESS] MouseButtonClick - "[MSAA, VisibleOnly]ControlType='Button' &amp;&amp; Name='Lookup...'"
\0&lt;/a&gt;
W, 3504, 27, 2013/05/23, 16:49:55.781, 2809046921714, QTAgent32.exe, &lt;a class=success&gt;Playback - {59} [SUCCESS] MouseButtonClick - "[MSAA, VisibleOnly]ControlType='Button' &amp;&amp; Name='Ok'"
\0&lt;/a&gt;
W, 3504, 27, 2013/05/23, 16:49:56.050, 2809050783860, QTAgent32.exe, &lt;a class=success&gt;Playback - {60} [SUCCESS] MouseButtonClick - "[MSAA, VisibleOnly]ControlType='Button' &amp;&amp; Name='OK'"
\0&lt;/a&gt;
W, 3504, 27, 2013/05/23, 16:49:57.182, 2809066989056, QTAgent32.exe, PERF WARNING: FindTopLevelWindowHelper::FindAllDescendents: took 1031 ms. Expected it to take maximum 500 ms.
W, 3504, 27, 2013/05/23, 16:49:59.024, 2809093362603, QTAgent32.exe, Playback - [WARNING] Internal warning: Incorrect flag set for InvokeProgrammaticAction\0
W, 3504, 27, 2013/05/23, 16:49:59.146, 2809095111771, QTAgent32.exe, &lt;a class=success&gt;Playback - {61} [SUCCESS] SetValueAsComboBox "Account Executive" - "[MSAA, VisibleOnly]ControlType='ComboBox'"  &lt; SetValueAsComboBox, set by clicking on the item in the list box &gt;
\0&lt;/a&gt;
W, 3504, 27, 2013/05/23, 16:50:00.793, 2809118686876, QTAgent32.exe, Playback - [WARNING] Internal warning: Incorrect flag set for InvokeProgrammaticAction\0
W, 3504, 27, 2013/05/23, 16:50:00.922, 2809120544518, QTAgent32.exe, &lt;a class=success&gt;Playback - {62} [SUCCESS] SetValueAsComboBox "Acupuncture" - "[MSAA, VisibleOnly]ControlType='ComboBox'"  &lt; SetValueAsComboBox, set by clicking on the item in the list box &gt;
\0&lt;/a&gt;
W, 3504, 27, 2013/05/23, 16:50:02.480, 2809142847841, QTAgent32.exe, &lt;a class=success&gt;Playback - {63} [SUCCESS] SetValueAsEditBox "151101" - "[MSAA, VisibleOnly]ControlType='Edit'"  &lt; Set via SendKeys &gt;
\0&lt;/a&gt;
W, 3504, 27, 2013/05/23, 16:50:02.721, 2809146288776, QTAgent32.exe, &lt;a class=success&gt;Playback - {64} [SUCCESS] MouseButtonClick - "[MSAA, VisibleOnly]ControlType='Button' &amp;&amp; Name='OK'"
\0&lt;/a&gt;
W, 3504, 27, 2013/05/23, 16:50:05.103, 2809180408813, QTAgent32.exe, PERF WARNING: FindTopLevelWindowHelper::FindAllDescendents: took 2166 ms. Expected it to take maximum 500 ms.
W, 3504, 27, 2013/05/23, 16:50:06.629, 2809202254601, QTAgent32.exe, &lt;a class=success&gt;Playback - {65} [SUCCESS] SetValueAsEditBox "RF53OXL" - "[MSAA, VisibleOnly]ControlType='Edit'"  &lt; Set via SendKeys &gt;
\0&lt;/a&gt;
W, 3504, 27, 2013/05/23, 16:50:07.575, 2809215801066, QTAgent32.exe, &lt;a class=success&gt;Playback - {66} [SUCCESS] MouseButtonClick - "[MSAA, VisibleOnly]ControlType='Button' &amp;&amp; Name='Filter'"
\0&lt;/a&gt;
W, 3504, 27, 2013/05/23, 16:50:07.882, 2809220194847, QTAgent32.exe, &lt;a class=success&gt;Playback - {67} [SUCCESS] MouseButtonClick - "[MSAA, VisibleOnly]ControlType='Button' &amp;&amp; Name='OK'"
\0&lt;/a&gt;
W, 3504, 27, 2013/05/23, 16:50:08.856, 2809234136611, QTAgent32.exe, &lt;a class=success&gt;Playback - {68} [SUCCESS] SendKeys "^{HOME}" - "[MSAA, VisibleOnly]ControlType='Edit'"
\0&lt;/a&gt;
E, 3504, 27, 2013/05/23, 16:50:08.856, 2809234140231, QTAgent32.exe, Msaa.GetFocusedElement: could not find accessible object of foreground window
W, 3504, 27, 2013/05/23, 16:50:08.923, 2809235103072, QTAgent32.exe, &lt;a class=success&gt;Playback - {69} [SUCCESS] SendKeys "^+{END}" - "[MSAA, VisibleOnly]ControlType='Edit'"
\0&lt;/a&gt;
E, 3504, 27, 2013/05/23, 16:50:08.923, 2809235106397, QTAgent32.exe, Msaa.GetFocusedElement: could not find accessible object of foreground window
W, 3504, 27, 2013/05/23, 16:50:08.939, 2809235326762, QTAgent32.exe, &lt;a class=success&gt;Playback - {70} [SUCCESS] SendKeys "{DELETE}" - "[MSAA, VisibleOnly]ControlType='Edit'"
\0&lt;/a&gt;
W, 3504, 27, 2013/05/23, 16:50:09.698, 2809246194821, QTAgent32.exe, &lt;a class=success&gt;Playback - {71} [SUCCESS] SetValueAsEditBox "1000" - "[MSAA, VisibleOnly]ControlType='Edit'"  &lt; Set via SendKeys &gt;
\0&lt;/a&gt;
W, 3504, 27, 2013/05/23, 16:50:10.056, 2809251325044, QTAgent32.exe, &lt;a class=success&gt;Playback - {72} [SUCCESS] MouseButtonClick - "[MSAA, VisibleOnly]ControlType='Button' &amp;&amp; Name='Calculate Quote'"
\0&lt;/a&gt;
W, 3504, 27, 2013/05/23, 16:50:19.148, 2809381506278, QTAgent32.exe, Playback - [WARNING] Internal warning: Window Not Found: [VisibleOnly]ControlType='Window' &amp;&amp; Name='Quote Select List' &amp;&amp; ClassName='ThunderRT6FormDC'
\0
E, 3504, 27, 2013/05/23, 16:50:19.149, 2809381511306, QTAgent32.exe, &lt;a class=failure&gt;Playback - {73} [FAILED] Function ElementFetcher::FindScreenElement failed to locate UI element (Searching: ;[VisibleOnly]ControlType='Window' &amp;&amp; Name='Quote Select List' &amp;&amp; ClassName='ThunderRT6FormDC') (The object specified was not found.)
\0&lt;/a&gt;
E, 3504, 27, 2013/05/23, 16:50:19.234, 2809382733997, QTAgent32.exe, Playback - [IMAGE] C:\Users\testuser\AppData\Local\Temp\UITestLogs\LastRun\RPFF07B.png
\0
W, 3504, 27, 2013/05/23, 16:50:19.234, 2809382736378, QTAgent32.exe, Playback - [WARNING] Internal warning: Couldn't find descendants that match QueryId
\0
W, 3504, 27, 2013/05/23, 16:50:19.235, 2809382740249, QTAgent32.exe, PERF WARNING: FindTopLevelWindowHelper::FindAllDescendents: took 9077 ms. Expected it to take maximum 500 ms.
W, 3504, 27, 2013/05/23, 16:50:37.397, 2809642800928, QTAgent32.exe, Playback - [WARNING] Internal warning: Window Not Found: [VisibleOnly]ControlType='Window' &amp;&amp; Name='Quote Select List' &amp;&amp; ClassName='ThunderRT6FormDC'
\0
E, 3504, 27, 2013/05/23, 16:50:37.397, 2809642804383, QTAgent32.exe, &lt;a class=failure&gt;Playback - {74} [FAILED] Function ElementFetcher::FindScreenElement failed to locate UI element (Searching: ;[VisibleOnly]ControlType='Window' &amp;&amp; Name='Quote Select List' &amp;&amp; ClassName='ThunderRT6FormDC') (The object specified was not found.)
\0&lt;/a&gt;
E, 3504, 27, 2013/05/23, 16:50:37.484, 2809644048419, QTAgent32.exe, Playback - [IMAGE] C:\Users\testuser\AppData\Local\Temp\UITestLogs\LastRun\RPF37B8.png
\0
W, 3504, 27, 2013/05/23, 16:50:37.485, 2809644051056, QTAgent32.exe, Playback - [WARNING] Internal warning: Couldn't find descendants that match QueryId
\0
W, 3504, 27, 2013/05/23, 16:50:37.485, 2809644054124, QTAgent32.exe, PERF WARNING: FindTopLevelWindowHelper::FindAllDescendents: took 18250 ms. Expected it to take maximum 500 ms.
W, 3504, 27, 2013/05/23, 16:50:40.628, 2809689065626, QTAgent32.exe, Playback - [WARNING] Internal warning: Smart Match failed
\0
W, 3504, 27, 2013/05/23, 16:50:41.956, 2809708070653, QTAgent32.exe, Playback - [WARNING] Internal warning: Window Not Found: [VisibleOnly]ControlType='Window' &amp;&amp; Name='Quote Select List' &amp;&amp; ClassName='ThunderRT6FormDC'
\0
E, 3504, 27, 2013/05/23, 16:50:41.956, 2809708074656, QTAgent32.exe, &lt;a class=failure&gt;Playback - {75} [FAILED] Function ElementFetcher::FindScreenElement failed to locate UI element (Searching: ;[VisibleOnly]ControlType='Window' &amp;&amp; Name='Quote Select List' &amp;&amp; ClassName='ThunderRT6FormDC') (The object specified was not found.)
\0&lt;/a&gt;
E, 3504, 27, 2013/05/23, 16:50:42.040, 2809709271962, QTAgent32.exe, Playback - [IMAGE] C:\Users\testuser\AppData\Local\Temp\UITestLogs\LastRun\RPF4994.png
\0
W, 3504, 27, 2013/05/23, 16:50:42.040, 2809709274149, QTAgent32.exe, Playback - [WARNING] Internal warning: Couldn't find descendants that match QueryId
\0
W, 3504, 27, 2013/05/23, 16:50:42.040, 2809709277130, QTAgent32.exe, PERF WARNING: FindTopLevelWindowHelper::FindAllDescendents: took 4555 ms. Expected it to take maximum 500 ms.
E, 3504, 27, 2013/05/23, 16:50:42.041, 2809709279182, QTAgent32.exe, Exception: System.Runtime.InteropServices.COMException
	Message: Error HRESULT E_FAIL has been returned from a call to a COM component.
	Stack Trace:    at Microsoft.VisualStudio.TestTools.UITest.Playback.Engine.IRPFPlayback.FindAllScreenElements(IScreenElement pScreenElementStart, String bstrQueryId, Object&amp; pvarResKeys, Int32 cResKeys, Int32 nMaxDepth, Object[]&amp; foundDescendants)
   at Microsoft.VisualStudio.TestTools.UITest.Playback.ScreenElement.FindTopLevelWindowHelper(String queryId)
	BaseExceptionMessage: Error HRESULT E_FAIL has been returned from a call to a COM component.

E, 3504, 27, 2013/05/23, 16:50:42.142, 2809710730377, QTAgent32.exe, AL: Playback Error: Microsoft.VisualStudio.TestTools.UITest.Extension.UITestControlNotFoundException: The playback failed to find the control with the given search properties. Additional Details: 
TechnologyName:  'MSAA'
ControlType:  'Window'
Name:  'Quote Select List'
ClassName:  'ThunderRT6FormDC'
 ---&gt; System.Runtime.InteropServices.COMException: Error HRESULT E_FAIL has been returned from a call to a COM component.
   at Microsoft.VisualStudio.TestTools.UITest.Playback.Engine.IRPFPlayback.FindAllScreenElements(IScreenElement pScreenElementStart, String bstrQueryId, Object&amp; pvarResKeys, Int32 cResKeys, Int32 nMaxDepth, Object[]&amp; foundDescendants)
   at Microsoft.VisualStudio.TestTools.UITest.Playback.ScreenElement.FindTopLevelWindowHelper(String queryId)
   at Microsoft.VisualStudio.TestTools.UITest.Playback.ScreenElement.FindFromPartialQueryId(String queryId)
   at Microsoft.VisualStudio.TestTools.UITesting.UITestControl..ctor(String queryId)
   --- End of inner exception stack trace ---
   at Microsoft.VisualStudio.TestTools.UITesting.Playback.MapControlNotFoundException(COMException ex, IPlaybackContext context)
   at Microsoft.VisualStudio.TestTools.UITesting.Playback.MapAndThrowComException(COMException innerException, IPlaybackContext context)
   at Microsoft.VisualStudio.TestTools.UITesting.Playback.MapAndThrowException(SystemException exception, IPlaybackContext context)
   at Microsoft.VisualStudio.TestTools.UITesting.Playback.MapAndThrowException(SystemException exception, String queryId)
   at Microsoft.VisualStudio.TestTools.UITesting.UITestControl..ctor(String queryId)
   at Microsoft.VisualStudio.TestTools.UITesting.SearchHelper.SearchTopLevelWindow(ISearchArgument topLevelSearchArg, String topLevelElementQueryId)
   at Microsoft.VisualStudio.TestTools.UITesting.SearchHelper.GetTitleUpdatedTopLevelWindow(ISearchArgument topLevelSearchArg, String queryId, IList`1 windowTitles)
   at Microsoft.VisualStudio.TestTools.UITesting.SearchHelper.GetTopLevelElement(Boolean useCache, Boolean useCacheOnly, ISearchArgument searchArg, IList`1 windowTitles, Int32&amp; timeLeft)
   at Microsoft.VisualStudio.TestTools.UITesting.SearchHelper.GetElement(Boolean useCache, ISearchArgument searchArg)
   at Microsoft.VisualStudio.TestTools.UITesting.SearchHelper.Search(ISearchArgument searchArg)
   at Microsoft.VisualStudio.TestTools.UITesting.UITestControl.FindInternal()
   at Microsoft.VisualStudio.TestTools.UITesting.UITestControl.FindControlIfNecessary()
   at Microsoft.VisualStudio.TestTools.UITesting.UITestControl.Click(MouseButtons button, ModifierKeys modifierKeys, Point relativeCoordinates)
   at Microsoft.VisualStudio.TestTools.UITesting.Mouse.ClickImplementation(UITestControl control, MouseButtons button, ModifierKeys modifierKeys, Point relativeCoordinate)
   at Microsoft.VisualStudio.TestTools.UITesting.Mouse.ClickImplementationWrapper(UITestControl control, MouseButtons button, ModifierKeys modifierKeys, Point relativeCoordinate)
W, 3504, 27, 2013/05/23, 16:50:42.142, 2809710734224, QTAgent32.exe, PlaybackErrorHandler: Ignoring exception as ContinueOnError is set.
W, 3504, 27, 2013/05/23, 16:50:42.277, 2809712667860, QTAgent32.exe, &lt;a class=success&gt;Playback - {76} [SUCCESS] MouseButtonClick - "[MSAA, VisibleOnly]ControlType='Button' &amp;&amp; Name='No'"
\0&lt;/a&gt;
W, 3504, 27, 2013/05/23, 16:50:42.532, 2809716318361, QTAgent32.exe, &lt;a class=success&gt;Playback - {77} [SUCCESS] MouseButtonClick - "[MSAA, VisibleOnly]ControlType='Button' &amp;&amp; Name='Ok'"
\0&lt;/a&gt;
W, 3504, 27, 2013/05/23, 16:50:53.024, 2809866553831, QTAgent32.exe, PERF WARNING: FindTopLevelWindowHelper::FindAllDescendents: took 10391 ms. Expected it to take maximum 500 ms.
W, 3504, 27, 2013/05/23, 16:50:53.162, 2809868528515, QTAgent32.exe, &lt;a class=success&gt;Playback - {78} [SUCCESS] MouseButtonClick - "[MSAA, VisibleOnly]ControlType='Client'"
\0&lt;/a&gt;
W, 3504, 27, 2013/05/23, 16:50:55.876, 2809907375821, QTAgent32.exe, &lt;a class=success&gt;Playback - {79} [SUCCESS] SendKeys "{Home}" - "[MSAA, VisibleOnly]ControlType='Client'"
\0&lt;/a&gt;
W, 3504, 27, 2013/05/23, 16:50:59.146, 2809954194464, QTAgent32.exe, &lt;a class=success&gt;Playback - {80} [SUCCESS] MouseButtonClick - "[MSAA, VisibleOnly]ControlType='Button' &amp;&amp; Name='Accept'"
\0&lt;/a&gt;
W, 3504, 27, 2013/05/23, 16:50:59.531, 2809959706743, QTAgent32.exe, &lt;a class=success&gt;Playback - {81} [SUCCESS] MouseButtonClick - "[MSAA, VisibleOnly]ControlType='Button' &amp;&amp; Name='Yes'"
\0&lt;/a&gt;
W, 3504, 27, 2013/05/23, 16:50:59.864, 2809964484714, QTAgent32.exe, &lt;a class=success&gt;Playback - {82} [SUCCESS] MouseButtonClick - "[MSAA, VisibleOnly]ControlType='Button' &amp;&amp; Name='Ok'"
\0&lt;/a&gt;
W, 3504, 27, 2013/05/23, 16:51:00.133, 2809968337879, QTAgent32.exe, &lt;a class=success&gt;Playback - {83} [SUCCESS] MouseButtonClick - "[MSAA, VisibleOnly]ControlType='Button' &amp;&amp; Name='Ok'"
\0&lt;/a&gt;
W, 3504, 27, 2013/05/23, 16:51:00.550, 2809974312393, QTAgent32.exe, &lt;a class=success&gt;Playback - {84} [SUCCESS] MouseButtonClick - "[MSAA, VisibleOnly]ControlType='Button' &amp;&amp; Name='Confirm'"
\0&lt;/a&gt;
W, 3504, 27, 2013/05/23, 16:51:28.534, 2810374993882, QTAgent32.exe, Playback - [WARNING] Internal warning: Window Not Found: [VisibleOnly]ControlType='Window' &amp;&amp; Name='Save the file as' &amp;&amp; ClassName='#32770'
\0
E, 3504, 27, 2013/05/23, 16:51:28.538, 2810375037963, QTAgent32.exe, &lt;a class=failure&gt;Playback - {85} [FAILED] Function ElementFetcher::FindScreenElement failed to locate UI element (Searching: ;[VisibleOnly]ControlType='Window' &amp;&amp; Name='Save the file as' &amp;&amp; ClassName='#32770') (The object specified was not found.)
\0&lt;/a&gt;
E, 3504, 27, 2013/05/23, 16:51:29.197, 2810384468649, QTAgent32.exe, Playback - [IMAGE] C:\Users\testuser\AppData\Local\Temp\UITestLogs\LastRun\RPFFF8B.png
\0
W, 3504, 27, 2013/05/23, 16:51:29.197, 2810384471438, QTAgent32.exe, Playback - [WARNING] Internal warning: Couldn't find descendants that match QueryId
\0
W, 3504, 27, 2013/05/23, 16:51:29.198, 2810384481426, QTAgent32.exe, PERF WARNING: FindTopLevelWindowHelper::FindAllDescendents: took 28526 ms. Expected it to take maximum 500 ms.
W, 3504, 27, 2013/05/23, 16:51:48.261, 2810657439709, QTAgent32.exe, Playback - [WARNING] Internal warning: Window Not Found: [VisibleOnly]ControlType='Window' &amp;&amp; Name='Save the file as' &amp;&amp; ClassName='#32770'
\0
E, 3504, 27, 2013/05/23, 16:51:48.261, 2810657446544, QTAgent32.exe, &lt;a class=failure&gt;Playback - {86} [FAILED] Function ElementFetcher::FindScreenElement failed to locate UI element (Searching: ;[VisibleOnly]ControlType='Window' &amp;&amp; Name='Save the file as' &amp;&amp; ClassName='#32770') (The object specified was not found.)
\0&lt;/a&gt;
E, 3504, 27, 2013/05/23, 16:51:48.344, 2810658630918, QTAgent32.exe, Playback - [IMAGE] C:\Users\testuser\AppData\Local\Temp\UITestLogs\LastRun\RPF4C93.png
\0
W, 3504, 27, 2013/05/23, 16:51:48.344, 2810658633289, QTAgent32.exe, Playback - [WARNING] Internal warning: Couldn't find descendants that match QueryId
\0
W, 3504, 27, 2013/05/23, 16:51:48.345, 2810658639870, QTAgent32.exe, PERF WARNING: FindTopLevelWindowHelper::FindAllDescendents: took 19147 ms. Expected it to take maximum 500 ms.
W, 3504, 27, 2013/05/23, 16:51:51.260, 2810700379002, QTAgent32.exe, Playback - [WARNING] Internal warning: Smart Match failed
\0
W, 3504, 27, 2013/05/23, 16:51:52.512, 2810718309518, QTAgent32.exe, Playback - [WARNING] Internal warning: Window Not Found: [VisibleOnly]ControlType='Window' &amp;&amp; Name='Save the file as' &amp;&amp; ClassName='#32770'
\0
E, 3504, 27, 2013/05/23, 16:51:52.512, 2810718313319, QTAgent32.exe, &lt;a class=failure&gt;Playback - {87} [FAILED] Function ElementFetcher::FindScreenElement failed to locate UI element (Searching: ;[VisibleOnly]ControlType='Window' &amp;&amp; Name='Save the file as' &amp;&amp; ClassName='#32770') (The object specified was not found.)
\0&lt;/a&gt;
E, 3504, 27, 2013/05/23, 16:51:52.592, 2810719457735, QTAgent32.exe, Playback - [IMAGE] C:\Users\testuser\AppData\Local\Temp\UITestLogs\LastRun\RPF5D27.png
\0
W, 3504, 27, 2013/05/23, 16:51:52.592, 2810719460320, QTAgent32.exe, Playback - [WARNING] Internal warning: Couldn't find descendants that match QueryId
\0
W, 3504, 27, 2013/05/23, 16:51:52.593, 2810719463304, QTAgent32.exe, PERF WARNING: FindTopLevelWindowHelper::FindAllDescendents: took 4247 ms. Expected it to take maximum 500 ms.
E, 3504, 27, 2013/05/23, 16:51:52.593, 2810719465189, QTAgent32.exe, Exception: System.Runtime.InteropServices.COMException
	Message: Error HRESULT E_FAIL has been returned from a call to a COM component.
	Stack Trace:    at Microsoft.VisualStudio.TestTools.UITest.Playback.Engine.IRPFPlayback.FindAllScreenElements(IScreenElement pScreenElementStart, String bstrQueryId, Object&amp; pvarResKeys, Int32 cResKeys, Int32 nMaxDepth, Object[]&amp; foundDescendants)
   at Microsoft.VisualStudio.TestTools.UITest.Playback.ScreenElement.FindTopLevelWindowHelper(String queryId)
	BaseExceptionMessage: Error HRESULT E_FAIL has been returned from a call to a COM component.

E, 3504, 27, 2013/05/23, 16:51:52.694, 2810720914654, QTAgent32.exe, AL: Playback Error: Microsoft.VisualStudio.TestTools.UITest.Extension.UITestControlNotFoundException: The playback failed to find the control with the given search properties. Additional Details: 
TechnologyName:  'MSAA'
ControlType:  'Window'
Name:  'Save the file as'
ClassName:  '#32770'
 ---&gt; System.Runtime.InteropServices.COMException: Error HRESULT E_FAIL has been returned from a call to a COM component.
   at Microsoft.VisualStudio.TestTools.UITest.Playback.Engine.IRPFPlayback.FindAllScreenElements(IScreenElement pScreenElementStart, String bstrQueryId, Object&amp; pvarResKeys, Int32 cResKeys, Int32 nMaxDepth, Object[]&amp; foundDescendants)
   at Microsoft.VisualStudio.TestTools.UITest.Playback.ScreenElement.FindTopLevelWindowHelper(String queryId)
   at Microsoft.VisualStudio.TestTools.UITest.Playback.ScreenElement.FindFromPartialQueryId(String queryId)
   at Microsoft.VisualStudio.TestTools.UITesting.UITestControl..ctor(String queryId)
   --- End of inner exception stack trace ---
   at Microsoft.VisualStudio.TestTools.UITesting.Playback.MapControlNotFoundException(COMException ex, IPlaybackContext context)
   at Microsoft.VisualStudio.TestTools.UITesting.Playback.MapAndThrowComException(COMException innerException, IPlaybackContext context)
   at Microsoft.VisualStudio.TestTools.UITesting.Playback.MapAndThrowException(SystemException exception, IPlaybackContext context)
   at Microsoft.VisualStudio.TestTools.UITesting.Playback.MapAndThrowException(SystemException exception, String queryId)
   at Microsoft.VisualStudio.TestTools.UITesting.UITestControl..ctor(String queryId)
   at Microsoft.VisualStudio.TestTools.UITesting.SearchHelper.SearchTopLevelWindow(ISearchArgument topLevelSearchArg, String topLevelElementQueryId)
   at Microsoft.VisualStudio.TestTools.UITesting.SearchHelper.GetTitleUpdatedTopLevelWindow(ISearchArgument topLevelSearchArg, String queryId, IList`1 windowTitles)
   at Microsoft.VisualStudio.TestTools.UITesting.SearchHelper.GetTopLevelElement(Boolean useCache, Boolean useCacheOnly, ISearchArgument searchArg, IList`1 windowTitles, Int32&amp; timeLeft)
   at Microsoft.VisualStudio.TestTools.UITesting.SearchHelper.GetElement(Boolean useCache, ISearchArgument searchArg)
   at Microsoft.VisualStudio.TestTools.UITesting.SearchHelper.Search(ISearchArgument searchArg)
   at Microsoft.VisualStudio.TestTools.UITesting.UITestControl.FindInternal()
   at Microsoft.VisualStudio.TestTools.UITesting.UITestControl.FindControlIfNecessary()
   at Microsoft.VisualStudio.TestTools.UITesting.UITestControl.Click(MouseButtons button, ModifierKeys modifierKeys, Point relativeCoordinates)
   at Microsoft.VisualStudio.TestTools.UITesting.Mouse.ClickImplementation(UITestControl control, MouseButtons button, ModifierKeys modifierKeys, Point relativeCoordinate)
   at Microsoft.VisualStudio.TestTools.UITesting.Mouse.ClickImplementationWrapper(UITestControl control, MouseButtons button, ModifierKeys modifierKeys, Point relativeCoordinate)
W, 3504, 27, 2013/05/23, 16:51:52.694, 2810720918455, QTAgent32.exe, PlaybackErrorHandler: Ignoring exception as ContinueOnError is set.
W, 3504, 27, 2013/05/23, 16:51:52.833, 2810722904488, QTAgent32.exe, &lt;a class=success&gt;Playback - {88} [SUCCESS] Check - "[MSAA, VisibleOnly]ControlType='CheckBox' &amp;&amp; Name='Defer Printing?'"
\0&lt;/a&gt;
W, 3504, 27, 2013/05/23, 16:51:53.365, 2810730515225, QTAgent32.exe, &lt;a class=success&gt;Playback - {89} [SUCCESS] MouseButtonClick - "[MSAA, VisibleOnly]ControlType='Button' &amp;&amp; Name='Ok'"
\0&lt;/a&gt;
W, 3504, 27, 2013/05/23, 16:51:54.425, 2810745689077, QTAgent32.exe, PERF WARNING: FindTopLevelWindowHelper::FindAllDescendents: took 958 ms. Expected it to take maximum 500 ms.
W, 3504, 27, 2013/05/23, 16:51:54.580, 2810747912890, QTAgent32.exe, &lt;a class=success&gt;Playback - {90} [SUCCESS] Uncheck - "[MSAA, VisibleOnly]ControlType='CheckBox' &amp;&amp; Name='Add Activity'"
\0&lt;/a&gt;
W, 3504, 27, 2013/05/23, 16:51:56.935, 2810781629405, QTAgent32.exe, &lt;a class=success&gt;Playback - {91} [SUCCESS] MouseButtonClick - "[MSAA, VisibleOnly]ControlType='Button' &amp;&amp; Name='Ok'"
\0&lt;/a&gt;
W, 3504, 27, 2013/05/23, 16:51:57.176, 2810785082726, QTAgent32.exe, &lt;a class=success&gt;Playback - {92} [SUCCESS] MouseButtonClick - "[MSAA, VisibleOnly]ControlType='Button' &amp;&amp; Name='Ok'"
\0&lt;/a&gt;
W, 3504, 27, 2013/05/23, 16:52:00.287, 2810829631244, QTAgent32.exe, PERF WARNING: FindTopLevelWindowHelper::FindAllDescendents: took 3002 ms. Expected it to take maximum 500 ms.
W, 3504, 27, 2013/05/23, 16:52:00.429, 2810831670828, QTAgent32.exe, &lt;a class=success&gt;Playback - {93} [SUCCESS] MouseButtonClick - "[MSAA, VisibleOnly]ControlType='Button' &amp;&amp; Name='OK'"
\0&lt;/a&gt;
W, 3504, 27, 2013/05/23, 16:52:00.665, 2810835031517, QTAgent32.exe, &lt;a class=success&gt;Playback - {94} [SUCCESS] MouseButtonClick - "[MSAA, VisibleOnly]ControlType='Button' &amp;&amp; Name='Cancel'"
\0&lt;/a&gt;
W, 3504, 27, 2013/05/23, 16:52:00.897, 2810838353641, QTAgent32.exe, &lt;a class=success&gt;Playback - {95} [SUCCESS] MouseButtonClick - "[MSAA, VisibleOnly]ControlType='Button'"
\0&lt;/a&gt;
W, 3504, 27, 2013/05/23, 16:52:01.358, 2810844958750, QTAgent32.exe, &lt;a class=success&gt;Playback - {96} [SUCCESS] MouseButtonClick - "[MSAA, VisibleOnly]ControlType='Button' &amp;&amp; Name='Detail'"
\0&lt;/a&gt;
W, 3504, 27, 2013/05/23, 16:52:01.734, 2810850351355, QTAgent32.exe, &lt;a class=success&gt;Playback - {97} [SUCCESS] MouseButtonClick - "[MSAA, VisibleOnly]ControlType='Button' &amp;&amp; Name='Cancel'"
\0&lt;/a&gt;
W, 3504, 27, 2013/05/23, 16:52:01.984, 2810853929364, QTAgent32.exe, &lt;a class=success&gt;Playback - {98} [SUCCESS] MouseButtonClick - "[MSAA, VisibleOnly]ControlType='Button' &amp;&amp; Name='Options'"
\0&lt;/a&gt;
W, 3504, 27, 2013/05/23, 16:52:02.085, 2810855367185, QTAgent32.exe, FindScreenElementInSinglePass : Attempting to find control in one pass of search. Failures can occur.
W, 3504, 27, 2013/05/23, 16:52:02.099, 2810855568086, QTAgent32.exe, Playback - [WARNING] Internal failure: Method GetBoundingRectangle failed (HRESULT = 0x1, "Incorrect function.") for Name = "Quote Select List" ," ControlType = "MenuItem"
\0
W, 3504, 27, 2013/05/23, 16:52:02.099, 2810855570187, QTAgent32.exe, Playback - [WARNING] Internal failure: Couldn't get clickable point for ScreenUIElement - GetClickablePoint failed
\0
W, 3504, 27, 2013/05/23, 16:52:02.099, 2810855574290, QTAgent32.exe, FindScreenElementInSinglePass : Attempting to find control in one pass of search. Failures can occur.
W, 3504, 27, 2013/05/23, 16:52:02.102, 2810855614856, QTAgent32.exe, FindScreenElementInSinglePass : Attempting to find control in one pass of search. Failures can occur.
W, 3504, 27, 2013/05/23, 16:52:02.225, 2810857381846, QTAgent32.exe, &lt;a class=success&gt;Playback - {99} [SUCCESS] LeftButtonClick - "[MSAA, VisibleOnly]ControlType='MenuBar' &amp;&amp; Name='Application'"  &lt; Mouse cursor location (960, 31) &gt;
\0&lt;/a&gt;
W, 3504, 27, 2013/05/23, 16:52:02.338, 2810859000221, QTAgent32.exe, &lt;a class=success&gt;Playback - {100} [SUCCESS] LeftButtonClick - "[MSAA]ControlType='MenuItem' &amp;&amp; Name='Options'"  &lt; Mouse cursor location (94, 31) &gt;
\0&lt;/a&gt;
W, 3504, 27, 2013/05/23, 16:52:02.740, 2810864755776, QTAgent32.exe, &lt;a class=success&gt;Playback - {101} [SUCCESS] LeftButtonClick - "[MSAA]ControlType='MenuItem' &amp;&amp; Name='Links'"  &lt; Mouse cursor location (174, 319) &gt;
\0&lt;/a&gt;
W, 3504, 27, 2013/05/23, 16:52:03.144, 2810870533734, QTAgent32.exe, &lt;a class=success&gt;Playback - {102} [SUCCESS] LeftButtonClick - "[MSAA]ControlType='MenuItem' &amp;&amp; Name='3rd Party Integration'"  &lt; Mouse cursor location (375, 319) &gt;
\0&lt;/a&gt;
W, 3504, 27, 2013/05/23, 16:52:03.590, 2810876929701, QTAgent32.exe, &lt;a class=success&gt;Playback - {103} [SUCCESS] MouseButtonClick - "[MSAA]ControlType='MenuItem' &amp;&amp; Name='Quote Select List'"
\0&lt;/a&gt;
W, 3504, 27, 2013/05/23, 16:52:05.182, 2810899708149, QTAgent32.exe, PERF WARNING: FindTopLevelWindowHelper::FindAllDescendents: took 1490 ms. Expected it to take maximum 500 ms.
W, 3504, 27, 2013/05/23, 16:52:05.319, 2810901670176, QTAgent32.exe, &lt;a class=success&gt;Playback - {104} [SUCCESS] MouseButtonClick - "[MSAA, VisibleOnly]ControlType='Button' &amp;&amp; Name='Ok'"
\0&lt;/a&gt;
W, 3504, 27, 2013/05/23, 16:52:07.560, 2810933762179, QTAgent32.exe, PERF WARNING: FindTopLevelWindowHelper::FindAllDescendents: took 2139 ms. Expected it to take maximum 500 ms.
W, 3504, 27, 2013/05/23, 16:52:07.698, 2810935746738, QTAgent32.exe, &lt;a class=success&gt;Playback - {105} [SUCCESS] MouseButtonClick - "[MSAA, VisibleOnly]ControlType='Button' &amp;&amp; Name='MTA...'"
\0&lt;/a&gt;
W, 3504, 27, 2013/05/23, 16:52:08.685, 2810949873832, QTAgent32.exe, PERF WARNING: FindTopLevelWindowHelper::FindAllDescendents: took 886 ms. Expected it to take maximum 500 ms.
W, 3504, 27, 2013/05/23, 16:52:10.234, 2810972056799, QTAgent32.exe, Playback - [WARNING] Internal warning: Incorrect flag set for InvokeProgrammaticAction\0
W, 3504, 27, 2013/05/23, 16:52:10.356, 2810973799140, QTAgent32.exe, &lt;a class=success&gt;Playback - {106} [SUCCESS] SetValueAsComboBox "Cancel Cover" - "[MSAA, VisibleOnly]ControlType='ComboBox'"  &lt; SetValueAsComboBox, set by clicking on the item in the list box &gt;
\0&lt;/a&gt;
W, 3504, 27, 2013/05/23, 16:52:10.614, 2810977488695, QTAgent32.exe, &lt;a class=success&gt;Playback - {107} [SUCCESS] MouseButtonClick - "[MSAA, VisibleOnly]ControlType='Button' &amp;&amp; Name='OK'"
\0&lt;/a&gt;
W, 3504, 27, 2013/05/23, 16:52:10.851, 2810980880700, QTAgent32.exe, &lt;a class=success&gt;Playback - {108} [SUCCESS] MouseButtonClick - "[MSAA, VisibleOnly]ControlType='Button' &amp;&amp; Name='Calculate Quote'"
\0&lt;/a&gt;
W, 3504, 27, 2013/05/23, 16:52:11.840, 2810995053442, QTAgent32.exe, PERF WARNING: FindTopLevelWindowHelper::FindAllDescendents: took 889 ms. Expected it to take maximum 500 ms.
W, 3504, 27, 2013/05/23, 16:52:12.579, 2811005620298, QTAgent32.exe, &lt;a class=success&gt;Playback - {109} [SUCCESS] SendKeys "^{HOME}" - "[MSAA, VisibleOnly]ControlType='Edit'"
\0&lt;/a&gt;
E, 3504, 27, 2013/05/23, 16:52:12.579, 2811005623869, QTAgent32.exe, Msaa.GetFocusedElement: could not find accessible object of foreground window
W, 3504, 27, 2013/05/23, 16:52:12.647, 2811006600934, QTAgent32.exe, &lt;a class=success&gt;Playback - {110} [SUCCESS] SendKeys "^+{END}" - "[MSAA, VisibleOnly]ControlType='Edit'"
\0&lt;/a&gt;
E, 3504, 27, 2013/05/23, 16:52:12.647, 2811006604087, QTAgent32.exe, Msaa.GetFocusedElement: could not find accessible object of foreground window
W, 3504, 27, 2013/05/23, 16:52:12.662, 2811006817225, QTAgent32.exe, &lt;a class=success&gt;Playback - {111} [SUCCESS] SendKeys "{DELETE}" - "[MSAA, VisibleOnly]ControlType='Edit'"
\0&lt;/a&gt;
W, 3504, 27, 2013/05/23, 16:52:13.451, 2811018109505, QTAgent32.exe, &lt;a class=success&gt;Playback - {112} [SUCCESS] SetValueAsEditBox "24/05/13" - "[MSAA, VisibleOnly]ControlType='Edit'"  &lt; Set via SendKeys &gt;
\0&lt;/a&gt;
W, 3504, 27, 2013/05/23, 16:52:13.720, 2811021965942, QTAgent32.exe, &lt;a class=success&gt;Playback - {113} [SUCCESS] MouseButtonClick - "[MSAA, VisibleOnly]ControlType='Button' &amp;&amp; Name='OK'"
\0&lt;/a&gt;
W, 3504, 27, 2013/05/23, 16:52:14.162, 2811028299748, QTAgent32.exe, &lt;a class=success&gt;Playback - {114} [SUCCESS] MouseButtonClick - "[MSAA, VisibleOnly]ControlType='Button' &amp;&amp; Name='No'"
\0&lt;/a&gt;
W, 3504, 27, 2013/05/23, 16:52:18.338, 2811088081207, QTAgent32.exe, PERF WARNING: FindTopLevelWindowHelper::FindAllDescendents: took 4073 ms. Expected it to take maximum 500 ms.
W, 3504, 27, 2013/05/23, 16:52:18.470, 2811089975570, QTAgent32.exe, &lt;a class=success&gt;Playback - {115} [SUCCESS] MouseButtonClick - "[MSAA, VisibleOnly]ControlType='Client'"
\0&lt;/a&gt;
W, 3504, 27, 2013/05/23, 16:52:19.362, 2811102747476, QTAgent32.exe, &lt;a class=success&gt;Playback - {116} [SUCCESS] SendKeys "{Home}" - "[MSAA, VisibleOnly]ControlType='Client'"
\0&lt;/a&gt;
W, 3504, 27, 2013/05/23, 16:52:19.628, 2811106555122, QTAgent32.exe, &lt;a class=success&gt;Playback - {117} [SUCCESS] MouseButtonClick - "[MSAA, VisibleOnly]ControlType='Button' &amp;&amp; Name='Accept'"
\0&lt;/a&gt;
W, 3504, 27, 2013/05/23, 16:52:20.101, 2811113331323, QTAgent32.exe, &lt;a class=success&gt;Playback - {118} [SUCCESS] MouseButtonClick - "[MSAA, VisibleOnly]ControlType='Button' &amp;&amp; Name='Yes'"
\0&lt;/a&gt;
W, 3504, 27, 2013/05/23, 16:52:20.370, 2811117182817, QTAgent32.exe, &lt;a class=success&gt;Playback - {119} [SUCCESS] MouseButtonClick - "[MSAA, VisibleOnly]ControlType='Button' &amp;&amp; Name='Ok'"
\0&lt;/a&gt;
W, 3504, 27, 2013/05/23, 16:52:30.841, 2811267104744, QTAgent32.exe, PERF WARNING: FindTopLevelWindowHelper::FindAllDescendents: took 10370 ms. Expected it to take maximum 500 ms.
W, 3504, 27, 2013/05/23, 16:52:32.828, 2811295549061, QTAgent32.exe, &lt;a class=success&gt;Playback - {120} [SUCCESS] MouseButtonClick - "[MSAA, VisibleOnly]ControlType='Button' &amp;&amp; Name='OK'"
\0&lt;/a&gt;
W, 3504, 27, 2013/05/23, 16:52:32.929, 2811296999867, QTAgent32.exe, Playback - [WARNING] Internal warning: Thread state based WFR - Requested element has invalid HWND
\0
W, 3504, 27, 2013/05/23, 16:52:32.929, 2811297002549, QTAgent32.exe, Playback - [WARNING] Internal warning: process performance counters based WFR - Requested element has invalid HWND
\0
E, 3504, 27, 2013/05/23, 16:52:32.929, 2811297007092, QTAgent32.exe, EnsureValid called via EnsureValid call for same element
E, 3504, 27, 2013/05/23, 16:52:32.930, 2811297010153, QTAgent32.exe, EnsureValid called via EnsureValid call for same element
E, 3504, 27, 2013/05/23, 16:52:32.930, 2811297011842, QTAgent32.exe, EnsureValid called via EnsureValid call for same element
E, 3504, 27, 2013/05/23, 16:52:32.935, 2811297091022, QTAgent32.exe, Window 3801900 not responding. Last Win32 error 0
E, 3504, 27, 2013/05/23, 16:52:32.935, 2811297092338, QTAgent32.exe, GetClassName for handle 3801900 failed
W, 3504, 27, 2013/05/23, 16:52:33.074, 2811299081940, QTAgent32.exe, &lt;a class=success&gt;Playback - {121} [SUCCESS] Check - "[MSAA, VisibleOnly]ControlType='CheckBox' &amp;&amp; Name='Defer Printing?'"
\0&lt;/a&gt;
W, 3504, 27, 2013/05/23, 16:52:33.579, 2811306306282, QTAgent32.exe, &lt;a class=success&gt;Playback - {122} [SUCCESS] MouseButtonClick - "[MSAA, VisibleOnly]ControlType='Button' &amp;&amp; Name='Ok'"
\0&lt;/a&gt;
W, 3504, 27, 2013/05/23, 16:52:33.679, 2811307739460, QTAgent32.exe, Playback - [WARNING] Internal warning: Thread state based WFR - Requested element has invalid HWND
\0
W, 3504, 27, 2013/05/23, 16:52:33.679, 2811307741532, QTAgent32.exe, Playback - [WARNING] Internal warning: process performance counters based WFR - Requested element has invalid HWND
\0
E, 3504, 27, 2013/05/23, 16:52:33.679, 2811307744823, QTAgent32.exe, EnsureValid called via EnsureValid call for same element
E, 3504, 27, 2013/05/23, 16:52:33.679, 2811307746836, QTAgent32.exe, EnsureValid called via EnsureValid call for same element
E, 3504, 27, 2013/05/23, 16:52:33.680, 2811307748289, QTAgent32.exe, EnsureValid called via EnsureValid call for same element
E, 3504, 27, 2013/05/23, 16:52:33.680, 2811307752535, QTAgent32.exe, Window 3015700 not responding. Last Win32 error 0
E, 3504, 27, 2013/05/23, 16:52:33.680, 2811307753403, QTAgent32.exe, GetClassName for handle 3015700 failed
W, 3504, 27, 2013/05/23, 16:52:34.292, 2811316524663, QTAgent32.exe, PERF WARNING: FindTopLevelWindowHelper::FindAllDescendents: took 612 ms. Expected it to take maximum 500 ms.
W, 3504, 27, 2013/05/23, 16:52:34.438, 2811318608047, QTAgent32.exe, &lt;a class=success&gt;Playback - {123} [SUCCESS] Uncheck - "[MSAA, VisibleOnly]ControlType='CheckBox' &amp;&amp; Name='Add Activity'"
\0&lt;/a&gt;
W, 3504, 27, 2013/05/23, 16:52:34.786, 2811323598088, QTAgent32.exe, &lt;a class=success&gt;Playback - {124} [SUCCESS] MouseButtonClick - "[MSAA, VisibleOnly]ControlType='Button' &amp;&amp; Name='Ok'"
\0&lt;/a&gt;
W, 3504, 27, 2013/05/23, 16:52:37.399, 2811361007547, QTAgent32.exe, PERF WARNING: FindTopLevelWindowHelper::FindAllDescendents: took 2512 ms. Expected it to take maximum 500 ms.
W, 3504, 27, 2013/05/23, 16:52:37.539, 2811363015767, QTAgent32.exe, &lt;a class=success&gt;Playback - {125} [SUCCESS] MouseButtonClick - "[MSAA, VisibleOnly]ControlType='Button' &amp;&amp; Name='OK'"
\0&lt;/a&gt;
W, 3504, 27, 2013/05/23, 16:52:37.769, 2811366295843, QTAgent32.exe, &lt;a class=success&gt;Playback - {126} [SUCCESS] MouseButtonClick - "[MSAA, VisibleOnly]ControlType='Button' &amp;&amp; Name='Cancel'"
\0&lt;/a&gt;
W, 3504, 27, 2013/05/23, 16:52:37.996, 2811369560254, QTAgent32.exe, &lt;a class=success&gt;Playback - {127} [SUCCESS] MouseButtonClick - "[MSAA, VisibleOnly]ControlType='Button'"
\0&lt;/a&gt;
W, 3504, 27, 2013/05/23, 16:52:38.478, 2811376448926, QTAgent32.exe, &lt;a class=success&gt;Playback - {128} [SUCCESS] MouseButtonClick - "[MSAA, VisibleOnly]ControlType='Button' &amp;&amp; Name='Detail'"
\0&lt;/a&gt;
W, 3504, 27, 2013/05/23, 16:52:41.323, 2811417194513, QTAgent32.exe, IEDOM : StopSession of the plugin called before StartSession
W, 3504, 27, 2013/05/23, 16:52:41.324, 2811417196416, QTAgent32.exe, UIA : StopSession of the plugin called before StartSession
</DebugTrace>
      </Output>
    </UnitTestResult>
    <UnitTestResult executionId="d1939551-e1be-48fd-a94d-1fd9eb037da9" testId="8196ee92-3f40-1de5-fd1f-ad718adde127" testName="MotoRenewalBefore" computerName="ICLVDEVTM02" duration="00:09:28.3570587" startTime="2013-05-23T16:52:41.3406756+01:00" endTime="2013-05-23T17:02:09.7098493+01:00" testType="13cdc9d9-ddb5-4fa4-a97d-d965ccfc6d4b" outcome="Failed" testListId="8c84fa94-04c1-424b-9868-57a2d4851a1d" relativeResultsDirectory="d1939551-e1be-48fd-a94d-1fd9eb037da9">
      <Output>
        <DebugTrace>W, 3504, 17, 2013/05/23, 16:52:45.785, 2811481083542, QTAgent32.exe, &lt;a class=success&gt;Playback - {1} [SUCCESS] MouseButtonClick - "[MSAA, VisibleOnly]ControlType='Edit'"
\0&lt;/a&gt;
W, 3504, 17, 2013/05/23, 16:52:46.086, 2811485384719, QTAgent32.exe, &lt;a class=success&gt;Playback - {2} [SUCCESS] SendKeys "[*]" - "[MSAA, VisibleOnly]ControlType='Edit'"
\0&lt;/a&gt;
W, 3504, 17, 2013/05/23, 16:52:46.792, 2811495502603, QTAgent32.exe, &lt;a class=success&gt;Playback - {3} [SUCCESS] MouseButtonClick - "[MSAA, VisibleOnly]ControlType='Button' &amp;&amp; Name='OK'"
\0&lt;/a&gt;
W, 3504, 17, 2013/05/23, 16:52:47.080, 2811499624863, QTAgent32.exe, &lt;a class=success&gt;Playback - {4} [SUCCESS] SendKeys "^{HOME}" - "[MSAA, VisibleOnly]ControlType='Edit'"
\0&lt;/a&gt;
E, 3504, 17, 2013/05/23, 16:52:47.080, 2811499627725, QTAgent32.exe, Msaa.GetFocusedElement: could not find accessible object of foreground window
W, 3504, 17, 2013/05/23, 16:52:47.139, 2811500462414, QTAgent32.exe, &lt;a class=success&gt;Playback - {5} [SUCCESS] SendKeys "^+{END}" - "[MSAA, VisibleOnly]ControlType='Edit'"
\0&lt;/a&gt;
E, 3504, 17, 2013/05/23, 16:52:47.139, 2811500465132, QTAgent32.exe, Msaa.GetFocusedElement: could not find accessible object of foreground window
W, 3504, 17, 2013/05/23, 16:52:47.153, 2811500664834, QTAgent32.exe, &lt;a class=success&gt;Playback - {6} [SUCCESS] SendKeys "{DELETE}" - "[MSAA, VisibleOnly]ControlType='Edit'"
\0&lt;/a&gt;
W, 3504, 17, 2013/05/23, 16:52:47.512, 2811505808885, QTAgent32.exe, &lt;a class=success&gt;Playback - {7} [SUCCESS] SetValueAsEditBox "23/05/2013" - "[MSAA, VisibleOnly]ControlType='Edit'"  &lt; Set via SendKeys &gt;
\0&lt;/a&gt;
W, 3504, 17, 2013/05/23, 16:52:48.040, 2811513369190, QTAgent32.exe, Playback - [WARNING] Internal warning: Incorrect flag set for InvokeProgrammaticAction\0
W, 3504, 17, 2013/05/23, 16:52:48.160, 2811515087238, QTAgent32.exe, &lt;a class=success&gt;Playback - {8} [SUCCESS] SetValueAsComboBox "May" - "[MSAA, VisibleOnly]ControlType='ComboBox'"  &lt; SetValueAsComboBox, set by clicking on the item in the list box &gt;
\0&lt;/a&gt;
W, 3504, 17, 2013/05/23, 16:52:48.423, 2811518841709, QTAgent32.exe, &lt;a class=success&gt;Playback - {9} [SUCCESS] SendKeys "^{HOME}" - "[MSAA, VisibleOnly]ControlType='Edit'"
\0&lt;/a&gt;
E, 3504, 17, 2013/05/23, 16:52:48.423, 2811518844953, QTAgent32.exe, Msaa.GetFocusedElement: could not find accessible object of foreground window
W, 3504, 17, 2013/05/23, 16:52:48.480, 2811519665104, QTAgent32.exe, &lt;a class=success&gt;Playback - {10} [SUCCESS] SendKeys "^+{END}" - "[MSAA, VisibleOnly]ControlType='Edit'"
\0&lt;/a&gt;
E, 3504, 17, 2013/05/23, 16:52:48.480, 2811519668590, QTAgent32.exe, Msaa.GetFocusedElement: could not find accessible object of foreground window
W, 3504, 17, 2013/05/23, 16:52:48.495, 2811519881518, QTAgent32.exe, &lt;a class=success&gt;Playback - {11} [SUCCESS] SendKeys "{DELETE}" - "[MSAA, VisibleOnly]ControlType='Edit'"
\0&lt;/a&gt;
W, 3504, 17, 2013/05/23, 16:52:48.694, 2811522722169, QTAgent32.exe, &lt;a class=success&gt;Playback - {12} [SUCCESS] SetValueAsEditBox "2013" - "[MSAA, VisibleOnly]ControlType='Edit'"  &lt; Set via SendKeys &gt;
\0&lt;/a&gt;
W, 3504, 17, 2013/05/23, 16:52:48.912, 2811525844288, QTAgent32.exe, &lt;a class=success&gt;Playback - {13} [SUCCESS] MouseButtonClick - "[MSAA, VisibleOnly]ControlType='Button' &amp;&amp; Name='OK'"
\0&lt;/a&gt;
W, 3504, 17, 2013/05/23, 16:52:50.032, 2811541889316, QTAgent32.exe, Playback - [WARNING] Internal warning: Window Not Found: [VisibleOnly]ControlType='Window' &amp;&amp; Name='Warning' &amp;&amp; ClassName='#32770'
\0
E, 3504, 17, 2013/05/23, 16:52:50.032, 2811541892710, QTAgent32.exe, &lt;a class=failure&gt;Playback - {14} [FAILED] Function ElementFetcher::FindScreenElement failed to locate UI element (Searching: ;[VisibleOnly]ControlType='Window' &amp;&amp; Name='Warning' &amp;&amp; ClassName='#32770') (The object specified was not found.)
\0&lt;/a&gt;
E, 3504, 17, 2013/05/23, 16:52:50.110, 2811543006784, QTAgent32.exe, Playback - [IMAGE] C:\Users\testuser\AppData\Local\Temp\UITestLogs\LastRun\RPF3DE5.png
\0
W, 3504, 17, 2013/05/23, 16:52:50.110, 2811543009370, QTAgent32.exe, Playback - [WARNING] Internal warning: Couldn't find descendants that match QueryId
\0
W, 3504, 17, 2013/05/23, 16:52:50.111, 2811543012383, QTAgent32.exe, PERF WARNING: FindTopLevelWindowHelper::FindAllDescendents: took 1084 ms. Expected it to take maximum 500 ms.
W, 3504, 17, 2013/05/23, 16:53:08.179, 2811801720458, QTAgent32.exe, Playback - [WARNING] Internal warning: Window Not Found: [VisibleOnly]ControlType='Window' &amp;&amp; Name='Warning' &amp;&amp; ClassName='#32770'
\0
E, 3504, 17, 2013/05/23, 16:53:08.180, 2811801726748, QTAgent32.exe, &lt;a class=failure&gt;Playback - {15} [FAILED] Function ElementFetcher::FindScreenElement failed to locate UI element (Searching: ;[VisibleOnly]ControlType='Window' &amp;&amp; Name='Warning' &amp;&amp; ClassName='#32770') (The object specified was not found.)
\0&lt;/a&gt;
E, 3504, 17, 2013/05/23, 16:53:08.258, 2811802849256, QTAgent32.exe, Playback - [IMAGE] C:\Users\testuser\AppData\Local\Temp\UITestLogs\LastRun\RPF84C5.png
\0
W, 3504, 17, 2013/05/23, 16:53:08.258, 2811802851720, QTAgent32.exe, Playback - [WARNING] Internal warning: Couldn't find descendants that match QueryId
\0
W, 3504, 17, 2013/05/23, 16:53:08.259, 2811802859522, QTAgent32.exe, PERF WARNING: FindTopLevelWindowHelper::FindAllDescendents: took 18147 ms. Expected it to take maximum 500 ms.
W, 3504, 17, 2013/05/23, 16:53:08.721, 2811809479740, QTAgent32.exe, Playback - [WARNING] Internal warning: Smart Match failed
\0
W, 3504, 17, 2013/05/23, 16:53:08.876, 2811811702197, QTAgent32.exe, Playback - [WARNING] Internal warning: Smart Match failed
\0
W, 3504, 17, 2013/05/23, 16:53:09.033, 2811813945232, QTAgent32.exe, Playback - [WARNING] Internal warning: Smart Match failed
\0
W, 3504, 17, 2013/05/23, 16:53:09.191, 2811816201745, QTAgent32.exe, Playback - [WARNING] Internal warning: Smart Match failed
\0
W, 3504, 17, 2013/05/23, 16:53:09.346, 2811818432568, QTAgent32.exe, Playback - [WARNING] Internal warning: Smart Match failed
\0
W, 3504, 17, 2013/05/23, 16:53:09.509, 2811820765316, QTAgent32.exe, Playback - [WARNING] Internal warning: Smart Match failed
\0
W, 3504, 17, 2013/05/23, 16:53:09.664, 2811822979263, QTAgent32.exe, Playback - [WARNING] Internal warning: Smart Match failed
\0
W, 3504, 17, 2013/05/23, 16:53:09.820, 2811825217273, QTAgent32.exe, Playback - [WARNING] Internal warning: Smart Match failed
\0
W, 3504, 17, 2013/05/23, 16:53:09.977, 2811827466201, QTAgent32.exe, Playback - [WARNING] Internal warning: Smart Match failed
\0
W, 3504, 17, 2013/05/23, 16:53:10.134, 2811829712399, QTAgent32.exe, Playback - [WARNING] Internal warning: Smart Match failed
\0
W, 3504, 17, 2013/05/23, 16:53:10.293, 2811831990639, QTAgent32.exe, Playback - [WARNING] Internal warning: Smart Match failed
\0
W, 3504, 17, 2013/05/23, 16:53:10.446, 2811834184026, QTAgent32.exe, Playback - [WARNING] Internal warning: Smart Match failed
\0
W, 3504, 17, 2013/05/23, 16:53:10.602, 2811836414493, QTAgent32.exe, Playback - [WARNING] Internal warning: Smart Match failed
\0
W, 3504, 17, 2013/05/23, 16:53:10.756, 2811838613995, QTAgent32.exe, Playback - [WARNING] Internal warning: Smart Match failed
\0
W, 3504, 17, 2013/05/23, 16:53:10.909, 2811840815554, QTAgent32.exe, Playback - [WARNING] Internal warning: Smart Match failed
\0
W, 3504, 17, 2013/05/23, 16:53:11.062, 2811842999070, QTAgent32.exe, Playback - [WARNING] Internal warning: Smart Match failed
\0
W, 3504, 17, 2013/05/23, 16:53:11.215, 2811845193527, QTAgent32.exe, Playback - [WARNING] Internal warning: Smart Match failed
\0
W, 3504, 17, 2013/05/23, 16:53:11.369, 2811847397133, QTAgent32.exe, Playback - [WARNING] Internal warning: Smart Match failed
\0
W, 3504, 17, 2013/05/23, 16:53:11.411, 2811847996022, QTAgent32.exe, Playback - [WARNING] Internal warning: Window Not Found: [VisibleOnly]ControlType='Window' &amp;&amp; Name='Warning' &amp;&amp; ClassName='#32770'
\0
E, 3504, 17, 2013/05/23, 16:53:11.411, 2811847998843, QTAgent32.exe, &lt;a class=failure&gt;Playback - {16} [FAILED] Function ElementFetcher::FindScreenElement failed to locate UI element (Searching: ;[VisibleOnly]ControlType='Window' &amp;&amp; Name='Warning' &amp;&amp; ClassName='#32770') (The object specified was not found.)
\0&lt;/a&gt;
E, 3504, 17, 2013/05/23, 16:53:11.492, 2811849148987, QTAgent32.exe, Playback - [IMAGE] C:\Users\testuser\AppData\Local\Temp\UITestLogs\LastRun\RPF9163.png
\0
W, 3504, 17, 2013/05/23, 16:53:11.492, 2811849151816, QTAgent32.exe, Playback - [WARNING] Internal warning: Couldn't find descendants that match QueryId
\0
W, 3504, 17, 2013/05/23, 16:53:11.492, 2811849156679, QTAgent32.exe, PERF WARNING: FindTopLevelWindowHelper::FindAllDescendents: took 3233 ms. Expected it to take maximum 500 ms.
E, 3504, 17, 2013/05/23, 16:53:11.493, 2811849159651, QTAgent32.exe, Exception: System.Runtime.InteropServices.COMException
	Message: Error HRESULT E_FAIL has been returned from a call to a COM component.
	Stack Trace:    at Microsoft.VisualStudio.TestTools.UITest.Playback.Engine.IRPFPlayback.FindAllScreenElements(IScreenElement pScreenElementStart, String bstrQueryId, Object&amp; pvarResKeys, Int32 cResKeys, Int32 nMaxDepth, Object[]&amp; foundDescendants)
   at Microsoft.VisualStudio.TestTools.UITest.Playback.ScreenElement.FindTopLevelWindowHelper(String queryId)
	BaseExceptionMessage: Error HRESULT E_FAIL has been returned from a call to a COM component.

E, 3504, 17, 2013/05/23, 16:53:11.654, 2811851470028, QTAgent32.exe, AL: Playback Error: Microsoft.VisualStudio.TestTools.UITest.Extension.UITestControlNotFoundException: The playback failed to find the control with the given search properties. Additional Details: 
TechnologyName:  'MSAA'
ControlType:  'Window'
Name:  'Warning'
ClassName:  '#32770'
 ---&gt; System.Runtime.InteropServices.COMException: Error HRESULT E_FAIL has been returned from a call to a COM component.
   at Microsoft.VisualStudio.TestTools.UITest.Playback.Engine.IRPFPlayback.FindAllScreenElements(IScreenElement pScreenElementStart, String bstrQueryId, Object&amp; pvarResKeys, Int32 cResKeys, Int32 nMaxDepth, Object[]&amp; foundDescendants)
   at Microsoft.VisualStudio.TestTools.UITest.Playback.ScreenElement.FindTopLevelWindowHelper(String queryId)
   at Microsoft.VisualStudio.TestTools.UITest.Playback.ScreenElement.FindFromPartialQueryId(String queryId)
   at Microsoft.VisualStudio.TestTools.UITesting.UITestControl..ctor(String queryId)
   --- End of inner exception stack trace ---
   at Microsoft.VisualStudio.TestTools.UITesting.Playback.MapControlNotFoundException(COMException ex, IPlaybackContext context)
   at Microsoft.VisualStudio.TestTools.UITesting.Playback.MapAndThrowComException(COMException innerException, IPlaybackContext context)
   at Microsoft.VisualStudio.TestTools.UITesting.Playback.MapAndThrowException(SystemException exception, IPlaybackContext context)
   at Microsoft.VisualStudio.TestTools.UITesting.Playback.MapAndThrowException(SystemException exception, String queryId)
   at Microsoft.VisualStudio.TestTools.UITesting.UITestControl..ctor(String queryId)
   at Microsoft.VisualStudio.TestTools.UITesting.SearchHelper.SearchTopLevelWindow(ISearchArgument topLevelSearchArg, String topLevelElementQueryId)
   at Microsoft.VisualStudio.TestTools.UITesting.SearchHelper.GetTitleUpdatedTopLevelWindow(ISearchArgument topLevelSearchArg, String queryId, IList`1 windowTitles)
   at Microsoft.VisualStudio.TestTools.UITesting.SearchHelper.GetTopLevelElement(Boolean useCache, Boolean useCacheOnly, ISearchArgument searchArg, IList`1 windowTitles, Int32&amp; timeLeft)
   at Microsoft.VisualStudio.TestTools.UITesting.SearchHelper.GetElement(Boolean useCache, ISearchArgument searchArg)
   at Microsoft.VisualStudio.TestTools.UITesting.SearchHelper.Search(ISearchArgument searchArg)
   at Microsoft.VisualStudio.TestTools.UITesting.UITestControl.FindInternal()
   at Microsoft.VisualStudio.TestTools.UITesting.UITestControl.FindControlIfNecessary()
   at Microsoft.VisualStudio.TestTools.UITesting.UITestControl.Click(MouseButtons button, ModifierKeys modifierKeys, Point relativeCoordinates)
   at Microsoft.VisualStudio.TestTools.UITesting.Mouse.ClickImplementation(UITestControl control, MouseButtons button, ModifierKeys modifierKeys, Point relativeCoordinate)
   at Microsoft.VisualStudio.TestTools.UITesting.Mouse.ClickImplementationWrapper(UITestControl control, MouseButtons button, ModifierKeys modifierKeys, Point relativeCoordinate)
W, 3504, 17, 2013/05/23, 16:53:11.654, 2811851476352, QTAgent32.exe, PlaybackErrorHandler: Ignoring exception as ContinueOnError is set.
W, 3504, 17, 2013/05/23, 16:53:11.706, 2811852210731, QTAgent32.exe, &lt;a class=success&gt;Playback - {17} [SUCCESS] TypeString "#(R)"
\0&lt;/a&gt;
E, 3504, 17, 2013/05/23, 16:53:12.659, 2811865860656, QTAgent32.exe, Exception: System.ArgumentException
	Message: Value does not fall within the expected range.
	Stack Trace:    at Accessibility.IAccessible.get_accRole(Object varChild)
   at Microsoft.VisualStudio.TestTools.UITest.Extension.Msaa.AccWrapper.get_RoleInt()
	BaseExceptionMessage: Value does not fall within the expected range.

E, 3504, 17, 2013/05/23, 16:53:12.671, 2811866032661, QTAgent32.exe, Exception: System.ArgumentException
	Message: Value does not fall within the expected range.
	Stack Trace:    at Accessibility.IAccessible.get_accRole(Object varChild)
   at Microsoft.VisualStudio.TestTools.UITest.Extension.Msaa.AccWrapper.get_RoleInt()
	BaseExceptionMessage: Value does not fall within the expected range.

W, 3504, 17, 2013/05/23, 16:53:13.627, 2811879719930, QTAgent32.exe, &lt;a class=success&gt;Playback - {18} [SUCCESS] LeftButtonClick  &lt; Mouse cursor location (87, 908) &gt;
\0&lt;/a&gt;
W, 3504, 17, 2013/05/23, 16:53:15.153, 2811901576225, QTAgent32.exe, &lt;a class=success&gt;Playback - {19} [SUCCESS] SetValueAsEditBox "c:\TestProject7\ourhighway.reg"  &lt; Set via SendKeys &gt;
\0&lt;/a&gt;
W, 3504, 17, 2013/05/23, 16:53:15.153, 2811901579595, QTAgent32.exe, &lt;a class=success&gt;Playback - {20} [SUCCESS] SetValueAsComboBox "c:\TestProject7\ourhighway.reg" - "[MSAA, VisibleOnly]ControlType='ComboBox' &amp;&amp; Name='Open:'"  &lt; Set via SetValueAsEditBox &gt;
\0&lt;/a&gt;
W, 3504, 17, 2013/05/23, 16:53:15.424, 2811905452702, QTAgent32.exe, &lt;a class=success&gt;Playback - {21} [SUCCESS] MouseButtonClick - "[MSAA, VisibleOnly]ControlType='Button' &amp;&amp; Name='OK'"
\0&lt;/a&gt;
W, 3504, 17, 2013/05/23, 16:53:15.825, 2811911187903, QTAgent32.exe, Playback - [WARNING] Internal warning: Window Not Found: [VisibleOnly]ControlType='Window' &amp;&amp; Name='Registry Editor' &amp;&amp; ClassName='#32770'
\0
E, 3504, 17, 2013/05/23, 16:53:15.825, 2811911191198, QTAgent32.exe, &lt;a class=failure&gt;Playback - {22} [FAILED] Function ElementFetcher::FindScreenElement failed to locate UI element (Searching: ;[VisibleOnly]ControlType='Window' &amp;&amp; Name='Registry Editor' &amp;&amp; ClassName='#32770') (The object specified was not found.)
\0&lt;/a&gt;
E, 3504, 17, 2013/05/23, 16:53:16.082, 2811914876257, QTAgent32.exe, Playback - [IMAGE] C:\Users\testuser\AppData\Local\Temp\UITestLogs\LastRun\RPFA2A3.png
\0
W, 3504, 17, 2013/05/23, 16:53:16.082, 2811914878497, QTAgent32.exe, Playback - [WARNING] Internal warning: Couldn't find descendants that match QueryId
\0
W, 3504, 17, 2013/05/23, 16:53:16.083, 2811914882068, QTAgent32.exe, PERF WARNING: FindTopLevelWindowHelper::FindAllDescendents: took 558 ms. Expected it to take maximum 500 ms.
W, 3504, 17, 2013/05/23, 16:53:16.440, 2811919994819, QTAgent32.exe, &lt;a class=success&gt;Playback - {23} [SUCCESS] MouseButtonClick - "[MSAA, VisibleOnly]ControlType='Button' &amp;&amp; Name='Yes'"
\0&lt;/a&gt;
W, 3504, 17, 2013/05/23, 16:53:16.766, 2811924663245, QTAgent32.exe, &lt;a class=success&gt;Playback - {24} [SUCCESS] MouseButtonClick - "[MSAA, VisibleOnly]ControlType='Button' &amp;&amp; Name='OK'"
\0&lt;/a&gt;
W, 3504, 17, 2013/05/23, 16:53:16.995, 2811927953769, QTAgent32.exe, &lt;a class=success&gt;Playback - {25} [SUCCESS] MouseButtonClick - "[MSAA, VisibleOnly]ControlType='Button' &amp;&amp; Name='Clients &amp; Files'"
\0&lt;/a&gt;
W, 3504, 17, 2013/05/23, 16:53:18.385, 2811947853500, QTAgent32.exe, PERF WARNING: FindTopLevelWindowHelper::FindAllDescendents: took 1289 ms. Expected it to take maximum 500 ms.
W, 3504, 17, 2013/05/23, 16:53:19.174, 2811959150121, QTAgent32.exe, Playback - [WARNING] Internal warning: Incorrect flag set for InvokeProgrammaticAction\0
W, 3504, 17, 2013/05/23, 16:53:19.296, 2811960899230, QTAgent32.exe, &lt;a class=success&gt;Playback - {26} [SUCCESS] SetValueAsComboBox "Customers" - "[MSAA, VisibleOnly]ControlType='ComboBox'"  &lt; SetValueAsComboBox, set by clicking on the item in the list box &gt;
\0&lt;/a&gt;
W, 3504, 17, 2013/05/23, 16:53:19.767, 2811967639068, QTAgent32.exe, &lt;a class=success&gt;Playback - {27} [SUCCESS] MouseButtonClick - "[MSAA, VisibleOnly]ControlType='Button' &amp;&amp; Name='Add'"
\0&lt;/a&gt;
W, 3504, 17, 2013/05/23, 16:53:20.472, 2811977727718, QTAgent32.exe, &lt;a class=success&gt;Playback - {28} [SUCCESS] SendKeys "autotest" - "[MSAA, VisibleOnly]ControlType='RadioButton' &amp;&amp; Name='Personal Lines'"
\0&lt;/a&gt;
W, 3504, 17, 2013/05/23, 16:53:21.404, 2811991079817, QTAgent32.exe, &lt;a class=success&gt;Playback - {29} [SUCCESS] SetValueAsEditBox "autotest" - "[MSAA, VisibleOnly]ControlType='Edit'"  &lt; Set via SendKeys &gt;
\0&lt;/a&gt;
W, 3504, 17, 2013/05/23, 16:53:21.633, 2811994349703, QTAgent32.exe, &lt;a class=success&gt;Playback - {30} [SUCCESS] MouseButtonClick - "[MSAA, VisibleOnly]ControlType='Button' &amp;&amp; Name='OK'"
\0&lt;/a&gt;
W, 3504, 17, 2013/05/23, 16:53:21.914, 2811998376477, QTAgent32.exe, &lt;a class=success&gt;Playback - {31} [SUCCESS] MouseButtonClick - "[MSAA, VisibleOnly]ControlType='Button' &amp;&amp; Name='Yes'"
\0&lt;/a&gt;
W, 3504, 17, 2013/05/23, 16:53:22.460, 2812006196906, QTAgent32.exe, &lt;a class=success&gt;Playback - {32} [SUCCESS] SendKeys "^{HOME}" - "[MSAA, VisibleOnly]ControlType='Edit'"
\0&lt;/a&gt;
E, 3504, 17, 2013/05/23, 16:53:22.460, 2812006200926, QTAgent32.exe, Msaa.GetFocusedElement: could not find accessible object of foreground window
W, 3504, 17, 2013/05/23, 16:53:22.519, 2812007039891, QTAgent32.exe, &lt;a class=success&gt;Playback - {33} [SUCCESS] SendKeys "^+{END}" - "[MSAA, VisibleOnly]ControlType='Edit'"
\0&lt;/a&gt;
E, 3504, 17, 2013/05/23, 16:53:22.519, 2812007043172, QTAgent32.exe, Msaa.GetFocusedElement: could not find accessible object of foreground window
W, 3504, 17, 2013/05/23, 16:53:22.534, 2812007263487, QTAgent32.exe, &lt;a class=success&gt;Playback - {34} [SUCCESS] SendKeys "{DELETE}" - "[MSAA, VisibleOnly]ControlType='Edit'"
\0&lt;/a&gt;
W, 3504, 17, 2013/05/23, 16:53:22.868, 2812012045936, QTAgent32.exe, &lt;a class=success&gt;Playback - {35} [SUCCESS] SetValueAsEditBox "1" - "[MSAA, VisibleOnly]ControlType='Edit'"  &lt; Set via SendKeys &gt;
\0&lt;/a&gt;
W, 3504, 17, 2013/05/23, 16:53:23.357, 2812019040836, QTAgent32.exe, &lt;a class=success&gt;Playback - {36} [SUCCESS] SendKeys "^{HOME}" - "[MSAA, VisibleOnly]ControlType='Edit'"
\0&lt;/a&gt;
E, 3504, 17, 2013/05/23, 16:53:23.358, 2812019044685, QTAgent32.exe, Msaa.GetFocusedElement: could not find accessible object of foreground window
W, 3504, 17, 2013/05/23, 16:53:23.412, 2812019828297, QTAgent32.exe, &lt;a class=success&gt;Playback - {37} [SUCCESS] SendKeys "^+{END}" - "[MSAA, VisibleOnly]ControlType='Edit'"
\0&lt;/a&gt;
E, 3504, 17, 2013/05/23, 16:53:23.413, 2812019832383, QTAgent32.exe, Msaa.GetFocusedElement: could not find accessible object of foreground window
W, 3504, 17, 2013/05/23, 16:53:23.429, 2812020067222, QTAgent32.exe, &lt;a class=success&gt;Playback - {38} [SUCCESS] SendKeys "{DELETE}" - "[MSAA, VisibleOnly]ControlType='Edit'"
\0&lt;/a&gt;
W, 3504, 17, 2013/05/23, 16:53:23.843, 2812025991686, QTAgent32.exe, &lt;a class=success&gt;Playback - {39} [SUCCESS] SetValueAsEditBox "1" - "[MSAA, VisibleOnly]ControlType='Edit'"  &lt; Set via SendKeys &gt;
\0&lt;/a&gt;
W, 3504, 17, 2013/05/23, 16:53:25.458, 2812049120188, QTAgent32.exe, Playback - [WARNING] Internal warning: Target element "[MSAA, VisibleOnly]ControlType='Button' &amp;&amp; Name='OK'" was not found, so all intermediate elements were ignored. An incorrect element that matches target element Id can be found as the result.  Verify that all intermediate elements in QueryId have valid and unique Ids
\0
W, 3504, 17, 2013/05/23, 16:53:25.993, 2812056780977, QTAgent32.exe, PERF WARNING: FindAllDescendents: took 2045 ms. Expected it to take maximum 500 ms.
W, 3504, 17, 2013/05/23, 16:53:26.284, 2812060945063, QTAgent32.exe, &lt;a class=success&gt;Playback - {40} [SUCCESS] MouseButtonClick - "[MSAA, VisibleOnly]ControlType='Button' &amp;&amp; Name='OK'"
\0&lt;/a&gt;
W, 3504, 17, 2013/05/23, 16:53:26.638, 2812066026750, QTAgent32.exe, &lt;a class=success&gt;Playback - {41} [SUCCESS] MouseButtonClick - "[MSAA, VisibleOnly]ControlType='Button'"
\0&lt;/a&gt;
W, 3504, 17, 2013/05/23, 16:53:26.987, 2812071011643, QTAgent32.exe, &lt;a class=success&gt;Playback - {42} [SUCCESS] MouseButtonClick - "[MSAA, VisibleOnly]ControlType='Button' &amp;&amp; Name='Add'"
\0&lt;/a&gt;
W, 3504, 17, 2013/05/23, 16:53:27.341, 2812076078318, QTAgent32.exe, &lt;a class=success&gt;Playback - {43} [SUCCESS] MouseButtonClick - "[MSAA, VisibleOnly]ControlType='Button' &amp;&amp; Name='OK'"
\0&lt;/a&gt;
W, 3504, 17, 2013/05/23, 16:53:29.598, 2812108404587, QTAgent32.exe, &lt;a class=success&gt;Playback - {44} [SUCCESS] MouseButtonClick - "[MSAA, VisibleOnly,Window]ControlType='Window' &amp;&amp; ClassName='ThunderRT6TextBox'"
\0&lt;/a&gt;
W, 3504, 17, 2013/05/23, 16:53:30.391, 2812119753489, QTAgent32.exe, &lt;a class=success&gt;Playback - {45} [SUCCESS] SetValueAsEditBox "MOTO" - "[MSAA, VisibleOnly]ControlType='Edit'"  &lt; Set via SendKeys &gt;
\0&lt;/a&gt;
W, 3504, 17, 2013/05/23, 16:53:30.720, 2812124469755, QTAgent32.exe, &lt;a class=success&gt;Playback - {46} [SUCCESS] MouseButtonClick - "[MSAA, VisibleOnly]ControlType='Button' &amp;&amp; Name='OK'"
\0&lt;/a&gt;
W, 3504, 17, 2013/05/23, 16:53:30.958, 2812127872085, QTAgent32.exe, &lt;a class=success&gt;Playback - {47} [SUCCESS] MouseButtonClick - "[MSAA, VisibleOnly]ControlType='Button' &amp;&amp; Name='Options'"
\0&lt;/a&gt;
W, 3504, 17, 2013/05/23, 16:53:31.058, 2812129308287, QTAgent32.exe, FindScreenElementInSinglePass : Attempting to find control in one pass of search. Failures can occur.
W, 3504, 17, 2013/05/23, 16:53:31.499, 2812135620268, QTAgent32.exe, &lt;a class=success&gt;Playback - {48} [SUCCESS] MouseButtonClick - "[MSAA]ControlType='MenuItem' &amp;&amp; Name='Links'"
\0&lt;/a&gt;
W, 3504, 17, 2013/05/23, 16:53:31.600, 2812137056645, QTAgent32.exe, FindScreenElementInSinglePass : Attempting to find control in one pass of search. Failures can occur.
W, 3504, 17, 2013/05/23, 16:53:32.047, 2812143465091, QTAgent32.exe, &lt;a class=success&gt;Playback - {49} [SUCCESS] MouseButtonClick - "[MSAA]ControlType='MenuItem' &amp;&amp; Name='3rd Party Integration'"
\0&lt;/a&gt;
W, 3504, 17, 2013/05/23, 16:53:32.148, 2812144904480, QTAgent32.exe, FindScreenElementInSinglePass : Attempting to find control in one pass of search. Failures can occur.
W, 3504, 17, 2013/05/23, 16:53:32.565, 2812150883380, QTAgent32.exe, &lt;a class=success&gt;Playback - {50} [SUCCESS] MouseButtonClick - "[MSAA]ControlType='MenuItem' &amp;&amp; Name='Quote Select List'"
\0&lt;/a&gt;
W, 3504, 17, 2013/05/23, 16:53:33.868, 2812169540947, QTAgent32.exe, PERF WARNING: FindTopLevelWindowHelper::FindAllDescendents: took 1202 ms. Expected it to take maximum 500 ms.
W, 3504, 17, 2013/05/23, 16:53:34.004, 2812171490571, QTAgent32.exe, &lt;a class=success&gt;Playback - {51} [SUCCESS] MouseButtonClick - "[MSAA, VisibleOnly]ControlType='Button' &amp;&amp; Name='Ok'"
\0&lt;/a&gt;
W, 3504, 17, 2013/05/23, 16:53:36.492, 2812207114680, QTAgent32.exe, PERF WARNING: FindTopLevelWindowHelper::FindAllDescendents: took 2354 ms. Expected it to take maximum 500 ms.
W, 3504, 17, 2013/05/23, 16:53:36.633, 2812209123486, QTAgent32.exe, &lt;a class=success&gt;Playback - {52} [SUCCESS] MouseButtonClick - "[MSAA, VisibleOnly]ControlType='Button' &amp;&amp; Name='Ok'"
\0&lt;/a&gt;
W, 3504, 17, 2013/05/23, 16:53:37.576, 2812222636520, QTAgent32.exe, &lt;a class=success&gt;Playback - {53} [SUCCESS] SetValueAsEditBox "test" - "[MSAA, VisibleOnly]ControlType='Edit'"  &lt; Set via SendKeys &gt;
\0&lt;/a&gt;
W, 3504, 17, 2013/05/23, 16:53:38.434, 2812234917754, QTAgent32.exe, &lt;a class=success&gt;Playback - {54} [SUCCESS] SetValueAsEditBox "test" - "[MSAA, VisibleOnly]ControlType='Edit'"  &lt; Set via SendKeys &gt;
\0&lt;/a&gt;
W, 3504, 17, 2013/05/23, 16:53:39.342, 2812247909870, QTAgent32.exe, &lt;a class=success&gt;Playback - {55} [SUCCESS] SetValueAsEditBox "160486" - "[MSAA, VisibleOnly]ControlType='Edit'"  &lt; Set via SendKeys &gt;
\0&lt;/a&gt;
W, 3504, 17, 2013/05/23, 16:53:40.330, 2812262056574, QTAgent32.exe, &lt;a class=success&gt;Playback - {56} [SUCCESS] SetValueAsEditBox "BN16BN" - "[MSAA, VisibleOnly]ControlType='Edit'"  &lt; Set via SendKeys &gt;
\0&lt;/a&gt;
W, 3504, 17, 2013/05/23, 16:53:42.564, 2812294056497, QTAgent32.exe, &lt;a class=success&gt;Playback - {57} [SUCCESS] MouseButtonClick - "[MSAA, VisibleOnly]ControlType='Button' &amp;&amp; Name='Lookup...'"
\0&lt;/a&gt;
W, 3504, 17, 2013/05/23, 16:53:42.814, 2812297631747, QTAgent32.exe, &lt;a class=success&gt;Playback - {58} [SUCCESS] MouseButtonClick - "[MSAA, VisibleOnly]ControlType='Button' &amp;&amp; Name='Ok'"
\0&lt;/a&gt;
W, 3504, 17, 2013/05/23, 16:53:43.068, 2812301265793, QTAgent32.exe, &lt;a class=success&gt;Playback - {59} [SUCCESS] MouseButtonClick - "[MSAA, VisibleOnly]ControlType='Button' &amp;&amp; Name='OK'"
\0&lt;/a&gt;
W, 3504, 17, 2013/05/23, 16:53:44.205, 2812317542482, QTAgent32.exe, PERF WARNING: FindTopLevelWindowHelper::FindAllDescendents: took 1031 ms. Expected it to take maximum 500 ms.
W, 3504, 17, 2013/05/23, 16:53:46.117, 2812344921569, QTAgent32.exe, Playback - [WARNING] Internal warning: Incorrect flag set for InvokeProgrammaticAction\0
W, 3504, 17, 2013/05/23, 16:53:46.238, 2812346650275, QTAgent32.exe, &lt;a class=success&gt;Playback - {60} [SUCCESS] SetValueAsComboBox "Account Executive" - "[MSAA, VisibleOnly]ControlType='ComboBox'"  &lt; SetValueAsComboBox, set by clicking on the item in the list box &gt;
\0&lt;/a&gt;
W, 3504, 17, 2013/05/23, 16:53:47.815, 2812369230554, QTAgent32.exe, Playback - [WARNING] Internal warning: Incorrect flag set for InvokeProgrammaticAction\0
W, 3504, 17, 2013/05/23, 16:53:50.151, 2812402684093, QTAgent32.exe, &lt;a class=success&gt;Playback - {61} [SUCCESS] SetValueAsComboBox "Aerial Manufacturer" - "[MSAA, VisibleOnly]ControlType='ComboBox'"  &lt; SetValueAsComboBox, set by clicking on the item in the list box &gt;
\0&lt;/a&gt;
W, 3504, 17, 2013/05/23, 16:53:51.771, 2812425879530, QTAgent32.exe, &lt;a class=success&gt;Playback - {62} [SUCCESS] SetValueAsEditBox "151208" - "[MSAA, VisibleOnly]ControlType='Edit'"  &lt; Set via SendKeys &gt;
\0&lt;/a&gt;
W, 3504, 17, 2013/05/23, 16:53:53.460, 2812450068534, QTAgent32.exe, &lt;a class=success&gt;Playback - {63} [SUCCESS] MouseButtonClick - "[MSAA, VisibleOnly]ControlType='Button' &amp;&amp; Name='OK'"
\0&lt;/a&gt;
E, 3504, 17, 2013/05/23, 16:53:53.575, 2812451709150, QTAgent32.exe, Exception: System.ArgumentException
	Message: Value does not fall within the expected range.
	Stack Trace:    at Accessibility.IAccessible.get_accRole(Object varChild)
   at Microsoft.VisualStudio.TestTools.UITest.Extension.Msaa.AccWrapper.get_RoleInt()
	BaseExceptionMessage: Value does not fall within the expected range.

E, 3504, 17, 2013/05/23, 16:53:53.578, 2812451746447, QTAgent32.exe, Exception: System.ArgumentException
	Message: Value does not fall within the expected range.
	Stack Trace:    at Accessibility.IAccessible.get_accRole(Object varChild)
   at Microsoft.VisualStudio.TestTools.UITest.Extension.Msaa.AccWrapper.get_RoleInt()
	BaseExceptionMessage: Value does not fall within the expected range.

W, 3504, 17, 2013/05/23, 16:53:54.385, 2812463313797, QTAgent32.exe, &lt;a class=success&gt;Playback - {64} [SUCCESS] LeftButtonClick  &lt; Mouse cursor location (680, 395) &gt;
\0&lt;/a&gt;
W, 3504, 17, 2013/05/23, 16:53:55.204, 2812475025336, QTAgent32.exe, &lt;a class=success&gt;Playback - {65} [SUCCESS] SetValueAsEditBox "FORD"  &lt; Set via SendKeys &gt;
\0&lt;/a&gt;
W, 3504, 17, 2013/05/23, 16:53:55.204, 2812475027888, QTAgent32.exe, &lt;a class=success&gt;Playback - {66} [SUCCESS] SetValueAsComboBox "FORD" - "[MSAA, VisibleOnly]ControlType='ComboBox'"  &lt; Set via SetValueAsEditBox &gt;
\0&lt;/a&gt;
E, 3504, 17, 2013/05/23, 16:53:55.312, 2812476577007, QTAgent32.exe, Exception: System.ArgumentException
	Message: Value does not fall within the expected range.
	Stack Trace:    at Accessibility.IAccessible.get_accRole(Object varChild)
   at Microsoft.VisualStudio.TestTools.UITest.Extension.Msaa.AccWrapper.get_RoleInt()
	BaseExceptionMessage: Value does not fall within the expected range.

E, 3504, 17, 2013/05/23, 16:53:55.315, 2812476614735, QTAgent32.exe, Exception: System.ArgumentException
	Message: Value does not fall within the expected range.
	Stack Trace:    at Accessibility.IAccessible.get_accRole(Object varChild)
   at Microsoft.VisualStudio.TestTools.UITest.Extension.Msaa.AccWrapper.get_RoleInt()
	BaseExceptionMessage: Value does not fall within the expected range.

W, 3504, 17, 2013/05/23, 16:53:56.688, 2812496278166, QTAgent32.exe, &lt;a class=success&gt;Playback - {67} [SUCCESS] LeftButtonClick  &lt; Mouse cursor location (1040, 395) &gt;
\0&lt;/a&gt;
W, 3504, 17, 2013/05/23, 16:53:57.478, 2812507587416, QTAgent32.exe, &lt;a class=success&gt;Playback - {68} [SUCCESS] SetValueAsEditBox "KA"  &lt; Set via SendKeys &gt;
\0&lt;/a&gt;
W, 3504, 17, 2013/05/23, 16:53:57.478, 2812507589697, QTAgent32.exe, &lt;a class=success&gt;Playback - {69} [SUCCESS] SetValueAsComboBox "KA" - "[MSAA, VisibleOnly]ControlType='ComboBox'"  &lt; Set via SetValueAsEditBox &gt;
\0&lt;/a&gt;
W, 3504, 17, 2013/05/23, 16:53:58.091, 2812516377405, QTAgent32.exe, &lt;a class=success&gt;Playback - {70} [SUCCESS] MouseButtonClick - "[MSAA, VisibleOnly]ControlType='Button' &amp;&amp; Name='Filter'"
\0&lt;/a&gt;
W, 3504, 17, 2013/05/23, 16:53:58.448, 2812521488788, QTAgent32.exe, &lt;a class=success&gt;Playback - {71} [SUCCESS] MouseButtonClick - "[MSAA, VisibleOnly]ControlType='Button' &amp;&amp; Name='OK'"
\0&lt;/a&gt;
W, 3504, 17, 2013/05/23, 16:53:59.373, 2812534724950, QTAgent32.exe, &lt;a class=success&gt;Playback - {72} [SUCCESS] SendKeys "^{HOME}" - "[MSAA, VisibleOnly]ControlType='Edit'"
\0&lt;/a&gt;
E, 3504, 17, 2013/05/23, 16:53:59.373, 2812534728007, QTAgent32.exe, Msaa.GetFocusedElement: could not find accessible object of foreground window
W, 3504, 17, 2013/05/23, 16:53:59.428, 2812535505343, QTAgent32.exe, &lt;a class=success&gt;Playback - {73} [SUCCESS] SendKeys "^+{END}" - "[MSAA, VisibleOnly]ControlType='Edit'"
\0&lt;/a&gt;
E, 3504, 17, 2013/05/23, 16:53:59.428, 2812535508184, QTAgent32.exe, Msaa.GetFocusedElement: could not find accessible object of foreground window
W, 3504, 17, 2013/05/23, 16:53:59.443, 2812535720989, QTAgent32.exe, &lt;a class=success&gt;Playback - {74} [SUCCESS] SendKeys "{DELETE}" - "[MSAA, VisibleOnly]ControlType='Edit'"
\0&lt;/a&gt;
W, 3504, 17, 2013/05/23, 16:54:00.219, 2812546838918, QTAgent32.exe, &lt;a class=success&gt;Playback - {75} [SUCCESS] SetValueAsEditBox "123434" - "[MSAA, VisibleOnly]ControlType='Edit'"  &lt; Set via SendKeys &gt;
\0&lt;/a&gt;
W, 3504, 17, 2013/05/23, 16:54:01.019, 2812558295827, QTAgent32.exe, &lt;a class=success&gt;Playback - {76} [SUCCESS] SendKeys "^{HOME}" - "[MSAA, VisibleOnly]ControlType='Edit'"
\0&lt;/a&gt;
E, 3504, 17, 2013/05/23, 16:54:01.020, 2812558300230, QTAgent32.exe, Msaa.GetFocusedElement: could not find accessible object of foreground window
W, 3504, 17, 2013/05/23, 16:54:01.083, 2812559211954, QTAgent32.exe, &lt;a class=success&gt;Playback - {77} [SUCCESS] SendKeys "^+{END}" - "[MSAA, VisibleOnly]ControlType='Edit'"
\0&lt;/a&gt;
E, 3504, 17, 2013/05/23, 16:54:01.083, 2812559215205, QTAgent32.exe, Msaa.GetFocusedElement: could not find accessible object of foreground window
W, 3504, 17, 2013/05/23, 16:54:01.099, 2812559434725, QTAgent32.exe, &lt;a class=success&gt;Playback - {78} [SUCCESS] SendKeys "{DELETE}" - "[MSAA, VisibleOnly]ControlType='Edit'"
\0&lt;/a&gt;
W, 3504, 17, 2013/05/23, 16:54:01.868, 2812570454424, QTAgent32.exe, &lt;a class=success&gt;Playback - {79} [SUCCESS] SetValueAsEditBox "1000" - "[MSAA, VisibleOnly]ControlType='Edit'"  &lt; Set via SendKeys &gt;
\0&lt;/a&gt;
W, 3504, 17, 2013/05/23, 16:54:02.760, 2812583219369, QTAgent32.exe, &lt;a class=success&gt;Playback - {80} [SUCCESS] SendKeys "^{HOME}" - "[MSAA, VisibleOnly]ControlType='Edit'"
\0&lt;/a&gt;
E, 3504, 17, 2013/05/23, 16:54:02.760, 2812583222897, QTAgent32.exe, Msaa.GetFocusedElement: could not find accessible object of foreground window
W, 3504, 17, 2013/05/23, 16:54:02.831, 2812584236050, QTAgent32.exe, &lt;a class=success&gt;Playback - {81} [SUCCESS] SendKeys "^+{END}" - "[MSAA, VisibleOnly]ControlType='Edit'"
\0&lt;/a&gt;
E, 3504, 17, 2013/05/23, 16:54:02.831, 2812584239327, QTAgent32.exe, Msaa.GetFocusedElement: could not find accessible object of foreground window
W, 3504, 17, 2013/05/23, 16:54:02.847, 2812584459490, QTAgent32.exe, &lt;a class=success&gt;Playback - {82} [SUCCESS] SendKeys "{DELETE}" - "[MSAA, VisibleOnly]ControlType='Edit'"
\0&lt;/a&gt;
W, 3504, 17, 2013/05/23, 16:54:03.643, 2812595865460, QTAgent32.exe, &lt;a class=success&gt;Playback - {83} [SUCCESS] SetValueAsEditBox "30/05/13" - "[MSAA, VisibleOnly]ControlType='Edit'"  &lt; Set via SendKeys &gt;
\0&lt;/a&gt;
W, 3504, 17, 2013/05/23, 16:54:04.032, 2812601430524, QTAgent32.exe, &lt;a class=success&gt;Playback - {84} [SUCCESS] MouseButtonClick - "[MSAA, VisibleOnly]ControlType='Button' &amp;&amp; Name='Calculate Quote'"
\0&lt;/a&gt;
W, 3504, 17, 2013/05/23, 16:54:13.103, 2812731318334, QTAgent32.exe, Playback - [WARNING] Internal warning: Window Not Found: [VisibleOnly]ControlType='Window' &amp;&amp; Name='Quote Select List' &amp;&amp; ClassName='ThunderRT6FormDC'
\0
E, 3504, 17, 2013/05/23, 16:54:13.104, 2812731323266, QTAgent32.exe, &lt;a class=failure&gt;Playback - {85} [FAILED] Function ElementFetcher::FindScreenElement failed to locate UI element (Searching: ;[VisibleOnly]ControlType='Window' &amp;&amp; Name='Quote Select List' &amp;&amp; ClassName='ThunderRT6FormDC') (The object specified was not found.)
\0&lt;/a&gt;
E, 3504, 17, 2013/05/23, 16:54:13.211, 2812732856020, QTAgent32.exe, Playback - [IMAGE] C:\Users\testuser\AppData\Local\Temp\UITestLogs\LastRun\RPF8268.png
\0
W, 3504, 17, 2013/05/23, 16:54:13.211, 2812732858416, QTAgent32.exe, Playback - [WARNING] Internal warning: Couldn't find descendants that match QueryId
\0
W, 3504, 17, 2013/05/23, 16:54:13.211, 2812732862278, QTAgent32.exe, PERF WARNING: FindTopLevelWindowHelper::FindAllDescendents: took 9078 ms. Expected it to take maximum 500 ms.
W, 3504, 17, 2013/05/23, 16:54:31.601, 2812996175507, QTAgent32.exe, Playback - [WARNING] Internal warning: Window Not Found: [VisibleOnly]ControlType='Window' &amp;&amp; Name='Quote Select List' &amp;&amp; ClassName='ThunderRT6FormDC'
\0
E, 3504, 17, 2013/05/23, 16:54:31.602, 2812996180258, QTAgent32.exe, &lt;a class=failure&gt;Playback - {86} [FAILED] Function ElementFetcher::FindScreenElement failed to locate UI element (Searching: ;[VisibleOnly]ControlType='Window' &amp;&amp; Name='Quote Select List' &amp;&amp; ClassName='ThunderRT6FormDC') (The object specified was not found.)
\0&lt;/a&gt;
E, 3504, 17, 2013/05/23, 16:54:31.683, 2812997342575, QTAgent32.exe, Playback - [IMAGE] C:\Users\testuser\AppData\Local\Temp\UITestLogs\LastRun\RPFCA9F.png
\0
W, 3504, 17, 2013/05/23, 16:54:31.683, 2812997345360, QTAgent32.exe, Playback - [WARNING] Internal warning: Couldn't find descendants that match QueryId
\0
W, 3504, 17, 2013/05/23, 16:54:31.683, 2812997348650, QTAgent32.exe, PERF WARNING: FindTopLevelWindowHelper::FindAllDescendents: took 18471 ms. Expected it to take maximum 500 ms.
W, 3504, 17, 2013/05/23, 16:54:34.896, 2813043346120, QTAgent32.exe, Playback - [WARNING] Internal warning: Smart Match failed
\0
W, 3504, 17, 2013/05/23, 16:54:36.224, 2813062367941, QTAgent32.exe, Playback - [WARNING] Internal warning: Window Not Found: [VisibleOnly]ControlType='Window' &amp;&amp; Name='Quote Select List' &amp;&amp; ClassName='ThunderRT6FormDC'
\0
E, 3504, 17, 2013/05/23, 16:54:36.225, 2813062371692, QTAgent32.exe, &lt;a class=failure&gt;Playback - {87} [FAILED] Function ElementFetcher::FindScreenElement failed to locate UI element (Searching: ;[VisibleOnly]ControlType='Window' &amp;&amp; Name='Quote Select List' &amp;&amp; ClassName='ThunderRT6FormDC') (The object specified was not found.)
\0&lt;/a&gt;
E, 3504, 17, 2013/05/23, 16:54:36.309, 2813063585916, QTAgent32.exe, Playback - [IMAGE] C:\Users\testuser\AppData\Local\Temp\UITestLogs\LastRun\RPFDCB9.png
\0
W, 3504, 17, 2013/05/23, 16:54:36.310, 2813063588477, QTAgent32.exe, Playback - [WARNING] Internal warning: Couldn't find descendants that match QueryId
\0
W, 3504, 17, 2013/05/23, 16:54:36.310, 2813063591496, QTAgent32.exe, PERF WARNING: FindTopLevelWindowHelper::FindAllDescendents: took 4626 ms. Expected it to take maximum 500 ms.
E, 3504, 17, 2013/05/23, 16:54:36.310, 2813063593451, QTAgent32.exe, Exception: System.Runtime.InteropServices.COMException
	Message: Error HRESULT E_FAIL has been returned from a call to a COM component.
	Stack Trace:    at Microsoft.VisualStudio.TestTools.UITest.Playback.Engine.IRPFPlayback.FindAllScreenElements(IScreenElement pScreenElementStart, String bstrQueryId, Object&amp; pvarResKeys, Int32 cResKeys, Int32 nMaxDepth, Object[]&amp; foundDescendants)
   at Microsoft.VisualStudio.TestTools.UITest.Playback.ScreenElement.FindTopLevelWindowHelper(String queryId)
	BaseExceptionMessage: Error HRESULT E_FAIL has been returned from a call to a COM component.

E, 3504, 17, 2013/05/23, 16:54:36.411, 2813065040274, QTAgent32.exe, AL: Playback Error: Microsoft.VisualStudio.TestTools.UITest.Extension.UITestControlNotFoundException: The playback failed to find the control with the given search properties. Additional Details: 
TechnologyName:  'MSAA'
ControlType:  'Window'
Name:  'Quote Select List'
ClassName:  'ThunderRT6FormDC'
 ---&gt; System.Runtime.InteropServices.COMException: Error HRESULT E_FAIL has been returned from a call to a COM component.
   at Microsoft.VisualStudio.TestTools.UITest.Playback.Engine.IRPFPlayback.FindAllScreenElements(IScreenElement pScreenElementStart, String bstrQueryId, Object&amp; pvarResKeys, Int32 cResKeys, Int32 nMaxDepth, Object[]&amp; foundDescendants)
   at Microsoft.VisualStudio.TestTools.UITest.Playback.ScreenElement.FindTopLevelWindowHelper(String queryId)
   at Microsoft.VisualStudio.TestTools.UITest.Playback.ScreenElement.FindFromPartialQueryId(String queryId)
   at Microsoft.VisualStudio.TestTools.UITesting.UITestControl..ctor(String queryId)
   --- End of inner exception stack trace ---
   at Microsoft.VisualStudio.TestTools.UITesting.Playback.MapControlNotFoundException(COMException ex, IPlaybackContext context)
   at Microsoft.VisualStudio.TestTools.UITesting.Playback.MapAndThrowComException(COMException innerException, IPlaybackContext context)
   at Microsoft.VisualStudio.TestTools.UITesting.Playback.MapAndThrowException(SystemException exception, IPlaybackContext context)
   at Microsoft.VisualStudio.TestTools.UITesting.Playback.MapAndThrowException(SystemException exception, String queryId)
   at Microsoft.VisualStudio.TestTools.UITesting.UITestControl..ctor(String queryId)
   at Microsoft.VisualStudio.TestTools.UITesting.SearchHelper.SearchTopLevelWindow(ISearchArgument topLevelSearchArg, String topLevelElementQueryId)
   at Microsoft.VisualStudio.TestTools.UITesting.SearchHelper.GetTitleUpdatedTopLevelWindow(ISearchArgument topLevelSearchArg, String queryId, IList`1 windowTitles)
   at Microsoft.VisualStudio.TestTools.UITesting.SearchHelper.GetTopLevelElement(Boolean useCache, Boolean useCacheOnly, ISearchArgument searchArg, IList`1 windowTitles, Int32&amp; timeLeft)
   at Microsoft.VisualStudio.TestTools.UITesting.SearchHelper.GetElement(Boolean useCache, ISearchArgument searchArg)
   at Microsoft.VisualStudio.TestTools.UITesting.SearchHelper.Search(ISearchArgument searchArg)
   at Microsoft.VisualStudio.TestTools.UITesting.UITestControl.FindInternal()
   at Microsoft.VisualStudio.TestTools.UITesting.UITestControl.FindControlIfNecessary()
   at Microsoft.VisualStudio.TestTools.UITesting.UITestControl.Click(MouseButtons button, ModifierKeys modifierKeys, Point relativeCoordinates)
   at Microsoft.VisualStudio.TestTools.UITesting.Mouse.ClickImplementation(UITestControl control, MouseButtons button, ModifierKeys modifierKeys, Point relativeCoordinate)
   at Microsoft.VisualStudio.TestTools.UITesting.Mouse.ClickImplementationWrapper(UITestControl control, MouseButtons button, ModifierKeys modifierKeys, Point relativeCoordinate)
W, 3504, 17, 2013/05/23, 16:54:36.411, 2813065044322, QTAgent32.exe, PlaybackErrorHandler: Ignoring exception as ContinueOnError is set.
W, 3504, 17, 2013/05/23, 16:54:36.578, 2813067430215, QTAgent32.exe, &lt;a class=success&gt;Playback - {88} [SUCCESS] MouseButtonClick - "[MSAA, VisibleOnly]ControlType='Button' &amp;&amp; Name='No'"
\0&lt;/a&gt;
W, 3504, 17, 2013/05/23, 16:54:36.875, 2813071679970, QTAgent32.exe, &lt;a class=success&gt;Playback - {89} [SUCCESS] MouseButtonClick - "[MSAA, VisibleOnly]ControlType='Button' &amp;&amp; Name='Ok'"
\0&lt;/a&gt;
W, 3504, 17, 2013/05/23, 16:54:42.120, 2813146774515, QTAgent32.exe, PERF WARNING: FindTopLevelWindowHelper::FindAllDescendents: took 5143 ms. Expected it to take maximum 500 ms.
W, 3504, 17, 2013/05/23, 16:54:42.266, 2813148868418, QTAgent32.exe, &lt;a class=success&gt;Playback - {90} [SUCCESS] MouseButtonClick - "[MSAA, VisibleOnly]ControlType='Client'"
\0&lt;/a&gt;
W, 3504, 17, 2013/05/23, 16:54:44.396, 2813179374410, QTAgent32.exe, &lt;a class=success&gt;Playback - {91} [SUCCESS] SendKeys "{Home}" - "[MSAA, VisibleOnly]ControlType='Client'"
\0&lt;/a&gt;
W, 3504, 17, 2013/05/23, 16:54:47.651, 2813225978135, QTAgent32.exe, &lt;a class=success&gt;Playback - {92} [SUCCESS] MouseButtonClick - "[MSAA, VisibleOnly]ControlType='Button' &amp;&amp; Name='Accept'"
\0&lt;/a&gt;
W, 3504, 17, 2013/05/23, 16:54:48.056, 2813231781075, QTAgent32.exe, &lt;a class=success&gt;Playback - {93} [SUCCESS] MouseButtonClick - "[MSAA, VisibleOnly]ControlType='Button' &amp;&amp; Name='Yes'"
\0&lt;/a&gt;
W, 3504, 17, 2013/05/23, 16:54:48.383, 2813236453810, QTAgent32.exe, &lt;a class=success&gt;Playback - {94} [SUCCESS] MouseButtonClick - "[MSAA, VisibleOnly]ControlType='Button' &amp;&amp; Name='Ok'"
\0&lt;/a&gt;
W, 3504, 17, 2013/05/23, 16:54:48.641, 2813240158367, QTAgent32.exe, &lt;a class=success&gt;Playback - {95} [SUCCESS] MouseButtonClick - "[MSAA, VisibleOnly]ControlType='Button' &amp;&amp; Name='Ok'"
\0&lt;/a&gt;
W, 3504, 17, 2013/05/23, 16:54:49.085, 2813246512757, QTAgent32.exe, &lt;a class=success&gt;Playback - {96} [SUCCESS] MouseButtonClick - "[MSAA, VisibleOnly]ControlType='Button' &amp;&amp; Name='Confirm'"
\0&lt;/a&gt;
W, 3504, 17, 2013/05/23, 16:55:17.088, 2813647457846, QTAgent32.exe, Playback - [WARNING] Internal warning: Window Not Found: [VisibleOnly]ControlType='Window' &amp;&amp; Name='Save the file as' &amp;&amp; ClassName='#32770'
\0
E, 3504, 17, 2013/05/23, 16:55:17.088, 2813647466174, QTAgent32.exe, &lt;a class=failure&gt;Playback - {97} [FAILED] Function ElementFetcher::FindScreenElement failed to locate UI element (Searching: ;[VisibleOnly]ControlType='Window' &amp;&amp; Name='Save the file as' &amp;&amp; ClassName='#32770') (The object specified was not found.)
\0&lt;/a&gt;
E, 3504, 17, 2013/05/23, 16:55:17.170, 2813648636787, QTAgent32.exe, Playback - [IMAGE] C:\Users\testuser\AppData\Local\Temp\UITestLogs\LastRun\RPF7C53.png
\0
W, 3504, 17, 2013/05/23, 16:55:17.170, 2813648639811, QTAgent32.exe, Playback - [WARNING] Internal warning: Couldn't find descendants that match QueryId
\0
W, 3504, 17, 2013/05/23, 16:55:17.171, 2813648646544, QTAgent32.exe, PERF WARNING: FindTopLevelWindowHelper::FindAllDescendents: took 27958 ms. Expected it to take maximum 500 ms.
W, 3504, 17, 2013/05/23, 16:55:37.791, 2813943882144, QTAgent32.exe, Playback - [WARNING] Internal warning: Window Not Found: [VisibleOnly]ControlType='Window' &amp;&amp; Name='Save the file as' &amp;&amp; ClassName='#32770'
\0
E, 3504, 17, 2013/05/23, 16:55:37.791, 2813943891275, QTAgent32.exe, &lt;a class=failure&gt;Playback - {98} [FAILED] Function ElementFetcher::FindScreenElement failed to locate UI element (Searching: ;[VisibleOnly]ControlType='Window' &amp;&amp; Name='Save the file as' &amp;&amp; ClassName='#32770') (The object specified was not found.)
\0&lt;/a&gt;
E, 3504, 17, 2013/05/23, 16:55:37.875, 2813945095022, QTAgent32.exe, Playback - [IMAGE] C:\Users\testuser\AppData\Local\Temp\UITestLogs\LastRun\RPFCD31.png
\0
W, 3504, 17, 2013/05/23, 16:55:37.875, 2813945097346, QTAgent32.exe, Playback - [WARNING] Internal warning: Couldn't find descendants that match QueryId
\0
W, 3504, 17, 2013/05/23, 16:55:37.876, 2813945105745, QTAgent32.exe, PERF WARNING: FindTopLevelWindowHelper::FindAllDescendents: took 20704 ms. Expected it to take maximum 500 ms.
W, 3504, 17, 2013/05/23, 16:55:41.291, 2813994000027, QTAgent32.exe, Playback - [WARNING] Internal warning: Window Not Found: [VisibleOnly]ControlType='Window' &amp;&amp; Name='Save the file as' &amp;&amp; ClassName='#32770'
\0
E, 3504, 17, 2013/05/23, 16:55:41.291, 2813994004638, QTAgent32.exe, &lt;a class=failure&gt;Playback - {99} [FAILED] Function ElementFetcher::FindScreenElement failed to locate UI element (Searching: ;[VisibleOnly]ControlType='Window' &amp;&amp; Name='Save the file as' &amp;&amp; ClassName='#32770') (The object specified was not found.)
\0&lt;/a&gt;
E, 3504, 17, 2013/05/23, 16:55:41.371, 2813995140273, QTAgent32.exe, Playback - [IMAGE] C:\Users\testuser\AppData\Local\Temp\UITestLogs\LastRun\RPFDAE8.png
\0
W, 3504, 17, 2013/05/23, 16:55:41.371, 2813995142776, QTAgent32.exe, Playback - [WARNING] Internal warning: Couldn't find descendants that match QueryId
\0
W, 3504, 17, 2013/05/23, 16:55:41.371, 2813995145888, QTAgent32.exe, PERF WARNING: FindTopLevelWindowHelper::FindAllDescendents: took 3494 ms. Expected it to take maximum 500 ms.
E, 3504, 17, 2013/05/23, 16:55:41.371, 2813995147998, QTAgent32.exe, Exception: System.Runtime.InteropServices.COMException
	Message: Error HRESULT E_FAIL has been returned from a call to a COM component.
	Stack Trace:    at Microsoft.VisualStudio.TestTools.UITest.Playback.Engine.IRPFPlayback.FindAllScreenElements(IScreenElement pScreenElementStart, String bstrQueryId, Object&amp; pvarResKeys, Int32 cResKeys, Int32 nMaxDepth, Object[]&amp; foundDescendants)
   at Microsoft.VisualStudio.TestTools.UITest.Playback.ScreenElement.FindTopLevelWindowHelper(String queryId)
	BaseExceptionMessage: Error HRESULT E_FAIL has been returned from a call to a COM component.

E, 3504, 17, 2013/05/23, 16:55:41.485, 2813996780075, QTAgent32.exe, AL: Playback Error: Microsoft.VisualStudio.TestTools.UITest.Extension.UITestControlNotFoundException: The playback failed to find the control with the given search properties. Additional Details: 
TechnologyName:  'MSAA'
ControlType:  'Window'
Name:  'Save the file as'
ClassName:  '#32770'
 ---&gt; System.Runtime.InteropServices.COMException: Error HRESULT E_FAIL has been returned from a call to a COM component.
   at Microsoft.VisualStudio.TestTools.UITest.Playback.Engine.IRPFPlayback.FindAllScreenElements(IScreenElement pScreenElementStart, String bstrQueryId, Object&amp; pvarResKeys, Int32 cResKeys, Int32 nMaxDepth, Object[]&amp; foundDescendants)
   at Microsoft.VisualStudio.TestTools.UITest.Playback.ScreenElement.FindTopLevelWindowHelper(String queryId)
   at Microsoft.VisualStudio.TestTools.UITest.Playback.ScreenElement.FindFromPartialQueryId(String queryId)
   at Microsoft.VisualStudio.TestTools.UITesting.UITestControl..ctor(String queryId)
   --- End of inner exception stack trace ---
   at Microsoft.VisualStudio.TestTools.UITesting.Playback.MapControlNotFoundException(COMException ex, IPlaybackContext context)
   at Microsoft.VisualStudio.TestTools.UITesting.Playback.MapAndThrowComException(COMException innerException, IPlaybackContext context)
   at Microsoft.VisualStudio.TestTools.UITesting.Playback.MapAndThrowException(SystemException exception, IPlaybackContext context)
   at Microsoft.VisualStudio.TestTools.UITesting.Playback.MapAndThrowException(SystemException exception, String queryId)
   at Microsoft.VisualStudio.TestTools.UITesting.UITestControl..ctor(String queryId)
   at Microsoft.VisualStudio.TestTools.UITesting.SearchHelper.SearchTopLevelWindow(ISearchArgument topLevelSearchArg, String topLevelElementQueryId)
   at Microsoft.VisualStudio.TestTools.UITesting.SearchHelper.GetTitleUpdatedTopLevelWindow(ISearchArgument topLevelSearchArg, String queryId, IList`1 windowTitles)
   at Microsoft.VisualStudio.TestTools.UITesting.SearchHelper.GetTopLevelElement(Boolean useCache, Boolean useCacheOnly, ISearchArgument searchArg, IList`1 windowTitles, Int32&amp; timeLeft)
   at Microsoft.VisualStudio.TestTools.UITesting.SearchHelper.GetElement(Boolean useCache, ISearchArgument searchArg)
   at Microsoft.VisualStudio.TestTools.UITesting.SearchHelper.Search(ISearchArgument searchArg)
   at Microsoft.VisualStudio.TestTools.UITesting.UITestControl.FindInternal()
   at Microsoft.VisualStudio.TestTools.UITesting.UITestControl.FindControlIfNecessary()
   at Microsoft.VisualStudio.TestTools.UITesting.UITestControl.Click(MouseButtons button, ModifierKeys modifierKeys, Point relativeCoordinates)
   at Microsoft.VisualStudio.TestTools.UITesting.Mouse.ClickImplementation(UITestControl control, MouseButtons button, ModifierKeys modifierKeys, Point relativeCoordinate)
   at Microsoft.VisualStudio.TestTools.UITesting.Mouse.ClickImplementationWrapper(UITestControl control, MouseButtons button, ModifierKeys modifierKeys, Point relativeCoordinate)
W, 3504, 17, 2013/05/23, 16:55:41.485, 2813996784329, QTAgent32.exe, PlaybackErrorHandler: Ignoring exception as ContinueOnError is set.
W, 3504, 17, 2013/05/23, 16:55:41.624, 2813998776519, QTAgent32.exe, &lt;a class=success&gt;Playback - {100} [SUCCESS] Check - "[MSAA, VisibleOnly]ControlType='CheckBox' &amp;&amp; Name='Defer Printing?'"
\0&lt;/a&gt;
W, 3504, 17, 2013/05/23, 16:55:42.136, 2814006101734, QTAgent32.exe, &lt;a class=success&gt;Playback - {101} [SUCCESS] MouseButtonClick - "[MSAA, VisibleOnly]ControlType='Button' &amp;&amp; Name='Ok'"
\0&lt;/a&gt;
W, 3504, 17, 2013/05/23, 16:55:43.074, 2814019526926, QTAgent32.exe, PERF WARNING: FindTopLevelWindowHelper::FindAllDescendents: took 837 ms. Expected it to take maximum 500 ms.
W, 3504, 17, 2013/05/23, 16:55:43.228, 2814021737358, QTAgent32.exe, &lt;a class=success&gt;Playback - {102} [SUCCESS] Uncheck - "[MSAA, VisibleOnly]ControlType='CheckBox' &amp;&amp; Name='Add Activity'"
\0&lt;/a&gt;
W, 3504, 17, 2013/05/23, 16:55:45.695, 2814057058292, QTAgent32.exe, &lt;a class=success&gt;Playback - {103} [SUCCESS] MouseButtonClick - "[MSAA, VisibleOnly]ControlType='Button' &amp;&amp; Name='Ok'"
\0&lt;/a&gt;
W, 3504, 17, 2013/05/23, 16:55:45.935, 2814060503350, QTAgent32.exe, &lt;a class=success&gt;Playback - {104} [SUCCESS] MouseButtonClick - "[MSAA, VisibleOnly]ControlType='Button' &amp;&amp; Name='Ok'"
\0&lt;/a&gt;
W, 3504, 17, 2013/05/23, 16:55:49.273, 2814108292517, QTAgent32.exe, PERF WARNING: FindTopLevelWindowHelper::FindAllDescendents: took 3237 ms. Expected it to take maximum 500 ms.
W, 3504, 17, 2013/05/23, 16:55:49.411, 2814110265729, QTAgent32.exe, &lt;a class=success&gt;Playback - {105} [SUCCESS] MouseButtonClick - "[MSAA, VisibleOnly]ControlType='Button' &amp;&amp; Name='OK'"
\0&lt;/a&gt;
W, 3504, 17, 2013/05/23, 16:55:49.701, 2814114423498, QTAgent32.exe, &lt;a class=success&gt;Playback - {106} [SUCCESS] MouseButtonClick - "[MSAA, VisibleOnly]ControlType='Button' &amp;&amp; Name='Cancel'"
\0&lt;/a&gt;
W, 3504, 17, 2013/05/23, 16:55:50.044, 2814119334902, QTAgent32.exe, &lt;a class=success&gt;Playback - {107} [SUCCESS] MouseButtonClick - "[MSAA, VisibleOnly]ControlType='Button'"
\0&lt;/a&gt;
W, 3504, 17, 2013/05/23, 16:55:50.493, 2814125753693, QTAgent32.exe, &lt;a class=success&gt;Playback - {108} [SUCCESS] MouseButtonClick - "[MSAA, VisibleOnly]ControlType='Button' &amp;&amp; Name='Detail'"
\0&lt;/a&gt;
E, 3504, 17, 2013/05/23, 16:55:55.607, 2814198991420, QTAgent32.exe, IEDOM : Could not get valid window handle of Internet Explorer_server
W, 3504, 17, 2013/05/23, 16:55:55.608, 2814198994758, QTAgent32.exe, IEDOM : Unable to get the document Window Handle
E, 3504, 17, 2013/05/23, 16:55:57.611, 2814227676201, QTAgent32.exe, IEDOM : Could not get valid window handle of Internet Explorer_server
W, 3504, 17, 2013/05/23, 16:55:57.612, 2814227690813, QTAgent32.exe, IEDOM : Unable to get the document Window Handle
E, 3504, 17, 2013/05/23, 16:55:59.616, 2814256387060, QTAgent32.exe, IEDOM : Could not get valid window handle of Internet Explorer_server
W, 3504, 17, 2013/05/23, 16:55:59.617, 2814256402288, QTAgent32.exe, IEDOM : Unable to get the document Window Handle
E, 3504, 17, 2013/05/23, 16:56:01.623, 2814285113334, QTAgent32.exe, IEDOM : Could not get valid window handle of Internet Explorer_server
W, 3504, 17, 2013/05/23, 16:56:01.624, 2814285127357, QTAgent32.exe, IEDOM : Unable to get the document Window Handle
E, 3504, 17, 2013/05/23, 16:56:03.633, 2814313897363, QTAgent32.exe, IEDOM : Could not get valid window handle of Internet Explorer_server
W, 3504, 17, 2013/05/23, 16:56:03.633, 2814313899519, QTAgent32.exe, IEDOM : Unable to get the document Window Handle
E, 3504, 17, 2013/05/23, 16:56:05.634, 2814342544546, QTAgent32.exe, IEDOM : Could not get valid window handle of Internet Explorer_server
W, 3504, 17, 2013/05/23, 16:56:05.634, 2814342546710, QTAgent32.exe, IEDOM : Unable to get the document Window Handle
E, 3504, 17, 2013/05/23, 16:56:07.634, 2814371194288, QTAgent32.exe, IEDOM : Could not get valid window handle of Internet Explorer_server
W, 3504, 17, 2013/05/23, 16:56:07.634, 2814371196840, QTAgent32.exe, IEDOM : Unable to get the document Window Handle
E, 3504, 17, 2013/05/23, 16:56:09.636, 2814399851908, QTAgent32.exe, IEDOM : Could not get valid window handle of Internet Explorer_server
W, 3504, 17, 2013/05/23, 16:56:09.636, 2814399854629, QTAgent32.exe, IEDOM : Unable to get the document Window Handle
E, 3504, 17, 2013/05/23, 16:56:11.637, 2814428499723, QTAgent32.exe, IEDOM : Could not get valid window handle of Internet Explorer_server
W, 3504, 17, 2013/05/23, 16:56:11.637, 2814428501866, QTAgent32.exe, IEDOM : Unable to get the document Window Handle
E, 3504, 17, 2013/05/23, 16:56:13.638, 2814457146683, QTAgent32.exe, IEDOM : Could not get valid window handle of Internet Explorer_server
W, 3504, 17, 2013/05/23, 16:56:13.638, 2814457149075, QTAgent32.exe, IEDOM : Unable to get the document Window Handle
E, 3504, 17, 2013/05/23, 16:56:15.642, 2814485843926, QTAgent32.exe, IEDOM : Could not get valid window handle of Internet Explorer_server
W, 3504, 17, 2013/05/23, 16:56:15.643, 2814485857981, QTAgent32.exe, IEDOM : Unable to get the document Window Handle
E, 3504, 17, 2013/05/23, 16:56:17.645, 2814514524273, QTAgent32.exe, IEDOM : Could not get valid window handle of Internet Explorer_server
W, 3504, 17, 2013/05/23, 16:56:17.645, 2814514527093, QTAgent32.exe, IEDOM : Unable to get the document Window Handle
E, 3504, 17, 2013/05/23, 16:56:19.646, 2814543174251, QTAgent32.exe, IEDOM : Could not get valid window handle of Internet Explorer_server
W, 3504, 17, 2013/05/23, 16:56:19.646, 2814543176496, QTAgent32.exe, IEDOM : Unable to get the document Window Handle
E, 3504, 17, 2013/05/23, 16:56:21.647, 2814571824131, QTAgent32.exe, IEDOM : Could not get valid window handle of Internet Explorer_server
W, 3504, 17, 2013/05/23, 16:56:21.647, 2814571826512, QTAgent32.exe, IEDOM : Unable to get the document Window Handle
E, 3504, 17, 2013/05/23, 16:56:23.648, 2814600478836, QTAgent32.exe, IEDOM : Could not get valid window handle of Internet Explorer_server
W, 3504, 17, 2013/05/23, 16:56:23.648, 2814600481043, QTAgent32.exe, IEDOM : Unable to get the document Window Handle
E, 3504, 17, 2013/05/23, 16:56:25.649, 2814629132577, QTAgent32.exe, IEDOM : Could not get valid window handle of Internet Explorer_server
W, 3504, 17, 2013/05/23, 16:56:25.649, 2814629134472, QTAgent32.exe, IEDOM : Unable to get the document Window Handle
W, 3504, 17, 2013/05/23, 16:56:27.651, 2814657793306, QTAgent32.exe, AL : IEBrowserService : Performing an extended retry
E, 3504, 17, 2013/05/23, 16:56:27.652, 2814657806861, QTAgent32.exe, IEDOM : Could not get valid window handle of Internet Explorer_server
W, 3504, 17, 2013/05/23, 16:56:27.652, 2814657808001, QTAgent32.exe, IEDOM : Unable to get the document Window Handle
E, 3504, 17, 2013/05/23, 16:56:29.653, 2814686454904, QTAgent32.exe, IEDOM : Could not get valid window handle of Internet Explorer_server
W, 3504, 17, 2013/05/23, 16:56:29.653, 2814686457343, QTAgent32.exe, IEDOM : Unable to get the document Window Handle
E, 3504, 17, 2013/05/23, 16:56:31.654, 2814715111916, QTAgent32.exe, IEDOM : Could not get valid window handle of Internet Explorer_server
W, 3504, 17, 2013/05/23, 16:56:31.654, 2814715114420, QTAgent32.exe, IEDOM : Unable to get the document Window Handle
E, 3504, 17, 2013/05/23, 16:56:33.655, 2814743762418, QTAgent32.exe, IEDOM : Could not get valid window handle of Internet Explorer_server
W, 3504, 17, 2013/05/23, 16:56:33.655, 2814743766345, QTAgent32.exe, IEDOM : Unable to get the document Window Handle
E, 3504, 17, 2013/05/23, 16:56:35.655, 2814772407405, QTAgent32.exe, IEDOM : Could not get valid window handle of Internet Explorer_server
W, 3504, 17, 2013/05/23, 16:56:35.656, 2814772409832, QTAgent32.exe, IEDOM : Unable to get the document Window Handle
E, 3504, 17, 2013/05/23, 16:56:37.657, 2814801055245, QTAgent32.exe, IEDOM : Could not get valid window handle of Internet Explorer_server
W, 3504, 17, 2013/05/23, 16:56:37.657, 2814801057560, QTAgent32.exe, IEDOM : Unable to get the document Window Handle
E, 3504, 17, 2013/05/23, 16:56:39.657, 2814829701854, QTAgent32.exe, IEDOM : Could not get valid window handle of Internet Explorer_server
W, 3504, 17, 2013/05/23, 16:56:39.657, 2814829704467, QTAgent32.exe, IEDOM : Unable to get the document Window Handle
E, 3504, 17, 2013/05/23, 16:56:41.658, 2814858348890, QTAgent32.exe, IEDOM : Could not get valid window handle of Internet Explorer_server
W, 3504, 17, 2013/05/23, 16:56:41.658, 2814858351500, QTAgent32.exe, IEDOM : Unable to get the document Window Handle
E, 3504, 17, 2013/05/23, 16:56:43.659, 2814886997618, QTAgent32.exe, IEDOM : Could not get valid window handle of Internet Explorer_server
W, 3504, 17, 2013/05/23, 16:56:43.659, 2814886999722, QTAgent32.exe, IEDOM : Unable to get the document Window Handle
E, 3504, 17, 2013/05/23, 16:56:45.660, 2814915653929, QTAgent32.exe, IEDOM : Could not get valid window handle of Internet Explorer_server
W, 3504, 17, 2013/05/23, 16:56:45.660, 2814915656134, QTAgent32.exe, IEDOM : Unable to get the document Window Handle
E, 3504, 17, 2013/05/23, 16:56:47.661, 2814944299474, QTAgent32.exe, IEDOM : Could not get valid window handle of Internet Explorer_server
W, 3504, 17, 2013/05/23, 16:56:47.661, 2814944301666, QTAgent32.exe, IEDOM : Unable to get the document Window Handle
E, 3504, 17, 2013/05/23, 16:56:49.662, 2814972945801, QTAgent32.exe, IEDOM : Could not get valid window handle of Internet Explorer_server
W, 3504, 17, 2013/05/23, 16:56:49.662, 2814972948302, QTAgent32.exe, IEDOM : Unable to get the document Window Handle
E, 3504, 17, 2013/05/23, 16:56:51.662, 2815001593126, QTAgent32.exe, IEDOM : Could not get valid window handle of Internet Explorer_server
W, 3504, 17, 2013/05/23, 16:56:51.662, 2815001595785, QTAgent32.exe, IEDOM : Unable to get the document Window Handle
E, 3504, 17, 2013/05/23, 16:56:53.664, 2815030248690, QTAgent32.exe, IEDOM : Could not get valid window handle of Internet Explorer_server
W, 3504, 17, 2013/05/23, 16:56:53.664, 2815030254387, QTAgent32.exe, IEDOM : Unable to get the document Window Handle
E, 3504, 17, 2013/05/23, 16:56:55.665, 2815058906037, QTAgent32.exe, IEDOM : Could not get valid window handle of Internet Explorer_server
W, 3504, 17, 2013/05/23, 16:56:55.665, 2815058908888, QTAgent32.exe, IEDOM : Unable to get the document Window Handle
E, 3504, 17, 2013/05/23, 16:56:57.666, 2815087561771, QTAgent32.exe, IEDOM : Could not get valid window handle of Internet Explorer_server
W, 3504, 17, 2013/05/23, 16:56:57.667, 2815087565809, QTAgent32.exe, IEDOM : Unable to get the document Window Handle
E, 3504, 17, 2013/05/23, 16:56:59.669, 2815116233408, QTAgent32.exe, IEDOM : Could not get valid window handle of Internet Explorer_server
W, 3504, 17, 2013/05/23, 16:56:59.669, 2815116236900, QTAgent32.exe, IEDOM : Unable to get the document Window Handle
E, 3504, 17, 2013/05/23, 16:57:01.670, 2815144879625, QTAgent32.exe, IEDOM : Could not get valid window handle of Internet Explorer_server
W, 3504, 17, 2013/05/23, 16:57:01.670, 2815144882078, QTAgent32.exe, IEDOM : Unable to get the document Window Handle
E, 3504, 17, 2013/05/23, 16:57:03.670, 2815173527159, QTAgent32.exe, IEDOM : Could not get valid window handle of Internet Explorer_server
W, 3504, 17, 2013/05/23, 16:57:03.670, 2815173529681, QTAgent32.exe, IEDOM : Unable to get the document Window Handle
E, 3504, 17, 2013/05/23, 16:57:05.671, 2815202173432, QTAgent32.exe, IEDOM : Could not get valid window handle of Internet Explorer_server
W, 3504, 17, 2013/05/23, 16:57:05.671, 2815202175679, QTAgent32.exe, IEDOM : Unable to get the document Window Handle
E, 3504, 17, 2013/05/23, 16:57:07.671, 2815230819642, QTAgent32.exe, IEDOM : Could not get valid window handle of Internet Explorer_server
W, 3504, 17, 2013/05/23, 16:57:07.672, 2815230821910, QTAgent32.exe, IEDOM : Unable to get the document Window Handle
E, 3504, 17, 2013/05/23, 16:57:09.673, 2815259469302, QTAgent32.exe, IEDOM : Could not get valid window handle of Internet Explorer_server
W, 3504, 17, 2013/05/23, 16:57:09.673, 2815259471630, QTAgent32.exe, IEDOM : Unable to get the document Window Handle
E, 3504, 17, 2013/05/23, 16:57:11.674, 2815288117148, QTAgent32.exe, IEDOM : Could not get valid window handle of Internet Explorer_server
W, 3504, 17, 2013/05/23, 16:57:11.674, 2815288119732, QTAgent32.exe, IEDOM : Unable to get the document Window Handle
E, 3504, 17, 2013/05/23, 16:57:13.675, 2815316776205, QTAgent32.exe, IEDOM : Could not get valid window handle of Internet Explorer_server
W, 3504, 17, 2013/05/23, 16:57:13.675, 2815316778625, QTAgent32.exe, IEDOM : Unable to get the document Window Handle
E, 3504, 17, 2013/05/23, 16:57:15.676, 2815345422184, QTAgent32.exe, IEDOM : Could not get valid window handle of Internet Explorer_server
W, 3504, 17, 2013/05/23, 16:57:15.676, 2815345424360, QTAgent32.exe, IEDOM : Unable to get the document Window Handle
E, 3504, 17, 2013/05/23, 16:57:17.677, 2815374071539, QTAgent32.exe, IEDOM : Could not get valid window handle of Internet Explorer_server
W, 3504, 17, 2013/05/23, 16:57:17.677, 2815374074042, QTAgent32.exe, IEDOM : Unable to get the document Window Handle
E, 3504, 17, 2013/05/23, 16:57:19.677, 2815402716997, QTAgent32.exe, IEDOM : Could not get valid window handle of Internet Explorer_server
W, 3504, 17, 2013/05/23, 16:57:19.678, 2815402719430, QTAgent32.exe, IEDOM : Unable to get the document Window Handle
E, 3504, 17, 2013/05/23, 16:57:21.678, 2815431363635, QTAgent32.exe, IEDOM : Could not get valid window handle of Internet Explorer_server
W, 3504, 17, 2013/05/23, 16:57:21.678, 2815431366057, QTAgent32.exe, IEDOM : Unable to get the document Window Handle
E, 3504, 17, 2013/05/23, 16:57:23.679, 2815460013911, QTAgent32.exe, IEDOM : Could not get valid window handle of Internet Explorer_server
W, 3504, 17, 2013/05/23, 16:57:23.679, 2815460016394, QTAgent32.exe, IEDOM : Unable to get the document Window Handle
E, 3504, 17, 2013/05/23, 16:57:25.680, 2815488662516, QTAgent32.exe, IEDOM : Could not get valid window handle of Internet Explorer_server
W, 3504, 17, 2013/05/23, 16:57:25.680, 2815488664886, QTAgent32.exe, IEDOM : Unable to get the document Window Handle
E, 3504, 17, 2013/05/23, 16:57:27.682, 2815517328582, QTAgent32.exe, IEDOM : Could not get valid window handle of Internet Explorer_server
W, 3504, 17, 2013/05/23, 16:57:27.682, 2815517330822, QTAgent32.exe, IEDOM : Unable to get the document Window Handle
E, 3504, 17, 2013/05/23, 16:57:29.683, 2815545977348, QTAgent32.exe, IEDOM : Could not get valid window handle of Internet Explorer_server
W, 3504, 17, 2013/05/23, 16:57:29.683, 2815545979792, QTAgent32.exe, IEDOM : Unable to get the document Window Handle
E, 3504, 17, 2013/05/23, 16:57:31.684, 2815574623733, QTAgent32.exe, IEDOM : Could not get valid window handle of Internet Explorer_server
W, 3504, 17, 2013/05/23, 16:57:31.684, 2815574625976, QTAgent32.exe, IEDOM : Unable to get the document Window Handle
E, 3504, 17, 2013/05/23, 16:57:33.684, 2815603270770, QTAgent32.exe, IEDOM : Could not get valid window handle of Internet Explorer_server
W, 3504, 17, 2013/05/23, 16:57:33.684, 2815603273278, QTAgent32.exe, IEDOM : Unable to get the document Window Handle
E, 3504, 17, 2013/05/23, 16:57:35.685, 2815631918113, QTAgent32.exe, IEDOM : Could not get valid window handle of Internet Explorer_server
W, 3504, 17, 2013/05/23, 16:57:35.685, 2815631920679, QTAgent32.exe, IEDOM : Unable to get the document Window Handle
E, 3504, 17, 2013/05/23, 16:57:37.686, 2815660569015, QTAgent32.exe, IEDOM : Could not get valid window handle of Internet Explorer_server
W, 3504, 17, 2013/05/23, 16:57:37.686, 2815660571577, QTAgent32.exe, IEDOM : Unable to get the document Window Handle
E, 3504, 17, 2013/05/23, 16:57:39.688, 2815689232452, QTAgent32.exe, IEDOM : Could not get valid window handle of Internet Explorer_server
W, 3504, 17, 2013/05/23, 16:57:39.688, 2815689234879, QTAgent32.exe, IEDOM : Unable to get the document Window Handle
E, 3504, 17, 2013/05/23, 16:57:41.689, 2815717879355, QTAgent32.exe, IEDOM : Could not get valid window handle of Internet Explorer_server
W, 3504, 17, 2013/05/23, 16:57:41.689, 2815717881527, QTAgent32.exe, IEDOM : Unable to get the document Window Handle
E, 3504, 17, 2013/05/23, 16:57:43.690, 2815746526455, QTAgent32.exe, IEDOM : Could not get valid window handle of Internet Explorer_server
W, 3504, 17, 2013/05/23, 16:57:43.690, 2815746528725, QTAgent32.exe, IEDOM : Unable to get the document Window Handle
E, 3504, 17, 2013/05/23, 16:57:45.690, 2815775173184, QTAgent32.exe, IEDOM : Could not get valid window handle of Internet Explorer_server
W, 3504, 17, 2013/05/23, 16:57:45.690, 2815775175602, QTAgent32.exe, IEDOM : Unable to get the document Window Handle
E, 3504, 17, 2013/05/23, 16:57:47.691, 2815803821208, QTAgent32.exe, IEDOM : Could not get valid window handle of Internet Explorer_server
W, 3504, 17, 2013/05/23, 16:57:47.691, 2815803823434, QTAgent32.exe, IEDOM : Unable to get the document Window Handle
E, 3504, 17, 2013/05/23, 16:57:49.691, 2815832466727, QTAgent32.exe, IEDOM : Could not get valid window handle of Internet Explorer_server
W, 3504, 17, 2013/05/23, 16:57:49.692, 2815832468864, QTAgent32.exe, IEDOM : Unable to get the document Window Handle
E, 3504, 17, 2013/05/23, 16:57:51.693, 2815861115559, QTAgent32.exe, IEDOM : Could not get valid window handle of Internet Explorer_server
W, 3504, 17, 2013/05/23, 16:57:51.693, 2815861117867, QTAgent32.exe, IEDOM : Unable to get the document Window Handle
E, 3504, 17, 2013/05/23, 16:57:53.694, 2815889772180, QTAgent32.exe, IEDOM : Could not get valid window handle of Internet Explorer_server
W, 3504, 17, 2013/05/23, 16:57:53.694, 2815889774094, QTAgent32.exe, IEDOM : Unable to get the document Window Handle
E, 3504, 17, 2013/05/23, 16:57:55.694, 2815918415100, QTAgent32.exe, IEDOM : Could not get valid window handle of Internet Explorer_server
W, 3504, 17, 2013/05/23, 16:57:55.695, 2815918417502, QTAgent32.exe, IEDOM : Unable to get the document Window Handle
E, 3504, 17, 2013/05/23, 16:57:57.695, 2815947068630, QTAgent32.exe, IEDOM : Could not get valid window handle of Internet Explorer_server
W, 3504, 17, 2013/05/23, 16:57:57.696, 2815947073164, QTAgent32.exe, IEDOM : Unable to get the document Window Handle
E, 3504, 17, 2013/05/23, 16:57:59.697, 2815975719591, QTAgent32.exe, IEDOM : Could not get valid window handle of Internet Explorer_server
W, 3504, 17, 2013/05/23, 16:57:59.697, 2815975721948, QTAgent32.exe, IEDOM : Unable to get the document Window Handle
E, 3504, 17, 2013/05/23, 16:58:01.697, 2816004366285, QTAgent32.exe, IEDOM : Could not get valid window handle of Internet Explorer_server
W, 3504, 17, 2013/05/23, 16:58:01.697, 2816004368721, QTAgent32.exe, IEDOM : Unable to get the document Window Handle
E, 3504, 17, 2013/05/23, 16:58:03.698, 2816033013909, QTAgent32.exe, IEDOM : Could not get valid window handle of Internet Explorer_server
W, 3504, 17, 2013/05/23, 16:58:03.698, 2816033016508, QTAgent32.exe, IEDOM : Unable to get the document Window Handle
E, 3504, 17, 2013/05/23, 16:58:05.699, 2816061661281, QTAgent32.exe, IEDOM : Could not get valid window handle of Internet Explorer_server
W, 3504, 17, 2013/05/23, 16:58:05.699, 2816061663924, QTAgent32.exe, IEDOM : Unable to get the document Window Handle
E, 3504, 17, 2013/05/23, 16:58:07.701, 2816090326188, QTAgent32.exe, IEDOM : Could not get valid window handle of Internet Explorer_server
W, 3504, 17, 2013/05/23, 16:58:07.701, 2816090329287, QTAgent32.exe, IEDOM : Unable to get the document Window Handle
E, 3504, 17, 2013/05/23, 16:58:09.702, 2816118977685, QTAgent32.exe, IEDOM : Could not get valid window handle of Internet Explorer_server
W, 3504, 17, 2013/05/23, 16:58:09.702, 2816118982781, QTAgent32.exe, IEDOM : Unable to get the document Window Handle
E, 3504, 17, 2013/05/23, 16:58:11.703, 2816147628212, QTAgent32.exe, IEDOM : Could not get valid window handle of Internet Explorer_server
W, 3504, 17, 2013/05/23, 16:58:11.703, 2816147630942, QTAgent32.exe, IEDOM : Unable to get the document Window Handle
E, 3504, 17, 2013/05/23, 16:58:13.704, 2816176277142, QTAgent32.exe, IEDOM : Could not get valid window handle of Internet Explorer_server
W, 3504, 17, 2013/05/23, 16:58:13.704, 2816176279698, QTAgent32.exe, IEDOM : Unable to get the document Window Handle
E, 3504, 17, 2013/05/23, 16:58:15.704, 2816204922877, QTAgent32.exe, IEDOM : Could not get valid window handle of Internet Explorer_server
W, 3504, 17, 2013/05/23, 16:58:15.705, 2816204925188, QTAgent32.exe, IEDOM : Unable to get the document Window Handle
E, 3504, 17, 2013/05/23, 16:58:17.705, 2816233573151, QTAgent32.exe, IEDOM : Could not get valid window handle of Internet Explorer_server
W, 3504, 17, 2013/05/23, 16:58:17.705, 2816233576214, QTAgent32.exe, IEDOM : Unable to get the document Window Handle
E, 3504, 17, 2013/05/23, 16:58:19.706, 2816262220132, QTAgent32.exe, IEDOM : Could not get valid window handle of Internet Explorer_server
W, 3504, 17, 2013/05/23, 16:58:19.706, 2816262222737, QTAgent32.exe, IEDOM : Unable to get the document Window Handle
E, 3504, 17, 2013/05/23, 16:58:21.707, 2816290876089, QTAgent32.exe, IEDOM : Could not get valid window handle of Internet Explorer_server
W, 3504, 17, 2013/05/23, 16:58:21.707, 2816290878113, QTAgent32.exe, IEDOM : Unable to get the document Window Handle
E, 3504, 17, 2013/05/23, 16:58:23.708, 2816319520171, QTAgent32.exe, IEDOM : Could not get valid window handle of Internet Explorer_server
W, 3504, 17, 2013/05/23, 16:58:23.708, 2816319522487, QTAgent32.exe, IEDOM : Unable to get the document Window Handle
E, 3504, 17, 2013/05/23, 16:58:25.709, 2816348167370, QTAgent32.exe, IEDOM : Could not get valid window handle of Internet Explorer_server
W, 3504, 17, 2013/05/23, 16:58:25.709, 2816348169522, QTAgent32.exe, IEDOM : Unable to get the document Window Handle
E, 3504, 17, 2013/05/23, 16:58:27.709, 2816376812805, QTAgent32.exe, IEDOM : Could not get valid window handle of Internet Explorer_server
W, 3504, 17, 2013/05/23, 16:58:27.710, 2816376815306, QTAgent32.exe, IEDOM : Unable to get the document Window Handle
E, 3504, 17, 2013/05/23, 16:58:29.710, 2816405461348, QTAgent32.exe, IEDOM : Could not get valid window handle of Internet Explorer_server
W, 3504, 17, 2013/05/23, 16:58:29.710, 2816405463973, QTAgent32.exe, IEDOM : Unable to get the document Window Handle
E, 3504, 17, 2013/05/23, 16:58:31.711, 2816434112584, QTAgent32.exe, IEDOM : Could not get valid window handle of Internet Explorer_server
W, 3504, 17, 2013/05/23, 16:58:31.712, 2816434115040, QTAgent32.exe, IEDOM : Unable to get the document Window Handle
E, 3504, 17, 2013/05/23, 16:58:33.712, 2816462765437, QTAgent32.exe, IEDOM : Could not get valid window handle of Internet Explorer_server
W, 3504, 17, 2013/05/23, 16:58:33.712, 2816462767832, QTAgent32.exe, IEDOM : Unable to get the document Window Handle
E, 3504, 17, 2013/05/23, 16:58:35.714, 2816491425106, QTAgent32.exe, IEDOM : Could not get valid window handle of Internet Explorer_server
W, 3504, 17, 2013/05/23, 16:58:35.714, 2816491427488, QTAgent32.exe, IEDOM : Unable to get the document Window Handle
E, 3504, 17, 2013/05/23, 16:58:37.715, 2816520073106, QTAgent32.exe, IEDOM : Could not get valid window handle of Internet Explorer_server
W, 3504, 17, 2013/05/23, 16:58:37.715, 2816520075433, QTAgent32.exe, IEDOM : Unable to get the document Window Handle
E, 3504, 17, 2013/05/23, 16:58:39.716, 2816548719879, QTAgent32.exe, IEDOM : Could not get valid window handle of Internet Explorer_server
W, 3504, 17, 2013/05/23, 16:58:39.716, 2816548722188, QTAgent32.exe, IEDOM : Unable to get the document Window Handle
E, 3504, 17, 2013/05/23, 16:58:41.716, 2816577368220, QTAgent32.exe, IEDOM : Could not get valid window handle of Internet Explorer_server
W, 3504, 17, 2013/05/23, 16:58:41.716, 2816577370818, QTAgent32.exe, IEDOM : Unable to get the document Window Handle
E, 3504, 17, 2013/05/23, 16:58:43.717, 2816606018950, QTAgent32.exe, IEDOM : Could not get valid window handle of Internet Explorer_server
W, 3504, 17, 2013/05/23, 16:58:43.718, 2816606021455, QTAgent32.exe, IEDOM : Unable to get the document Window Handle
E, 3504, 17, 2013/05/23, 16:58:45.718, 2816634667902, QTAgent32.exe, IEDOM : Could not get valid window handle of Internet Explorer_server
W, 3504, 17, 2013/05/23, 16:58:45.718, 2816634670323, QTAgent32.exe, IEDOM : Unable to get the document Window Handle
E, 3504, 17, 2013/05/23, 16:58:47.719, 2816663312404, QTAgent32.exe, IEDOM : Could not get valid window handle of Internet Explorer_server
W, 3504, 17, 2013/05/23, 16:58:47.719, 2816663318821, QTAgent32.exe, IEDOM : Unable to get the document Window Handle
E, 3504, 17, 2013/05/23, 16:58:49.720, 2816691968560, QTAgent32.exe, IEDOM : Could not get valid window handle of Internet Explorer_server
W, 3504, 17, 2013/05/23, 16:58:49.720, 2816691970414, QTAgent32.exe, IEDOM : Unable to get the document Window Handle
E, 3504, 17, 2013/05/23, 16:58:51.721, 2816720615236, QTAgent32.exe, IEDOM : Could not get valid window handle of Internet Explorer_server
W, 3504, 17, 2013/05/23, 16:58:51.721, 2816720617442, QTAgent32.exe, IEDOM : Unable to get the document Window Handle
E, 3504, 17, 2013/05/23, 16:58:53.722, 2816749262608, QTAgent32.exe, IEDOM : Could not get valid window handle of Internet Explorer_server
W, 3504, 17, 2013/05/23, 16:58:53.722, 2816749265016, QTAgent32.exe, IEDOM : Unable to get the document Window Handle
E, 3504, 17, 2013/05/23, 16:58:55.723, 2816777910102, QTAgent32.exe, IEDOM : Could not get valid window handle of Internet Explorer_server
W, 3504, 17, 2013/05/23, 16:58:55.723, 2816777912236, QTAgent32.exe, IEDOM : Unable to get the document Window Handle
E, 3504, 17, 2013/05/23, 16:58:57.723, 2816806557572, QTAgent32.exe, IEDOM : Could not get valid window handle of Internet Explorer_server
W, 3504, 17, 2013/05/23, 16:58:57.723, 2816806559810, QTAgent32.exe, IEDOM : Unable to get the document Window Handle
E, 3504, 17, 2013/05/23, 16:58:59.724, 2816835204567, QTAgent32.exe, IEDOM : Could not get valid window handle of Internet Explorer_server
W, 3504, 17, 2013/05/23, 16:58:59.724, 2816835206833, QTAgent32.exe, IEDOM : Unable to get the document Window Handle
E, 3504, 17, 2013/05/23, 16:59:01.725, 2816863851580, QTAgent32.exe, IEDOM : Could not get valid window handle of Internet Explorer_server
W, 3504, 17, 2013/05/23, 16:59:01.725, 2816863854016, QTAgent32.exe, IEDOM : Unable to get the document Window Handle
E, 3504, 17, 2013/05/23, 16:59:03.727, 2816892516072, QTAgent32.exe, IEDOM : Could not get valid window handle of Internet Explorer_server
W, 3504, 17, 2013/05/23, 16:59:03.727, 2816892520493, QTAgent32.exe, IEDOM : Unable to get the document Window Handle
E, 3504, 17, 2013/05/23, 16:59:05.728, 2816921167918, QTAgent32.exe, IEDOM : Could not get valid window handle of Internet Explorer_server
W, 3504, 17, 2013/05/23, 16:59:05.728, 2816921170598, QTAgent32.exe, IEDOM : Unable to get the document Window Handle
E, 3504, 17, 2013/05/23, 16:59:07.729, 2816949815086, QTAgent32.exe, IEDOM : Could not get valid window handle of Internet Explorer_server
W, 3504, 17, 2013/05/23, 16:59:07.729, 2816949817543, QTAgent32.exe, IEDOM : Unable to get the document Window Handle
E, 3504, 17, 2013/05/23, 16:59:09.729, 2816978462204, QTAgent32.exe, IEDOM : Could not get valid window handle of Internet Explorer_server
W, 3504, 17, 2013/05/23, 16:59:09.729, 2816978464841, QTAgent32.exe, IEDOM : Unable to get the document Window Handle
E, 3504, 17, 2013/05/23, 16:59:11.730, 2817007110346, QTAgent32.exe, IEDOM : Could not get valid window handle of Internet Explorer_server
W, 3504, 17, 2013/05/23, 16:59:11.730, 2817007113583, QTAgent32.exe, IEDOM : Unable to get the document Window Handle
E, 3504, 17, 2013/05/23, 16:59:13.731, 2817035756329, QTAgent32.exe, IEDOM : Could not get valid window handle of Internet Explorer_server
W, 3504, 17, 2013/05/23, 16:59:13.731, 2817035759342, QTAgent32.exe, IEDOM : Unable to get the document Window Handle
E, 3504, 17, 2013/05/23, 16:59:15.732, 2817064404124, QTAgent32.exe, IEDOM : Could not get valid window handle of Internet Explorer_server
W, 3504, 17, 2013/05/23, 16:59:15.732, 2817064406842, QTAgent32.exe, IEDOM : Unable to get the document Window Handle
E, 3504, 17, 2013/05/23, 16:59:17.734, 2817093065058, QTAgent32.exe, IEDOM : Could not get valid window handle of Internet Explorer_server
W, 3504, 17, 2013/05/23, 16:59:17.734, 2817093067717, QTAgent32.exe, IEDOM : Unable to get the document Window Handle
E, 3504, 17, 2013/05/23, 16:59:19.734, 2817121710004, QTAgent32.exe, IEDOM : Could not get valid window handle of Internet Explorer_server
W, 3504, 17, 2013/05/23, 16:59:19.734, 2817121710934, QTAgent32.exe, IEDOM : Unable to get the document Window Handle
E, 3504, 17, 2013/05/23, 16:59:21.735, 2817150357778, QTAgent32.exe, IEDOM : Could not get valid window handle of Internet Explorer_server
W, 3504, 17, 2013/05/23, 16:59:21.735, 2817150360213, QTAgent32.exe, IEDOM : Unable to get the document Window Handle
E, 3504, 17, 2013/05/23, 16:59:23.736, 2817179006232, QTAgent32.exe, IEDOM : Could not get valid window handle of Internet Explorer_server
W, 3504, 17, 2013/05/23, 16:59:23.736, 2817179009071, QTAgent32.exe, IEDOM : Unable to get the document Window Handle
E, 3504, 17, 2013/05/23, 16:59:25.736, 2817207652854, QTAgent32.exe, IEDOM : Could not get valid window handle of Internet Explorer_server
W, 3504, 17, 2013/05/23, 16:59:25.737, 2817207655452, QTAgent32.exe, IEDOM : Unable to get the document Window Handle
E, 3504, 17, 2013/05/23, 16:59:27.737, 2817236300437, QTAgent32.exe, IEDOM : Could not get valid window handle of Internet Explorer_server
W, 3504, 17, 2013/05/23, 16:59:27.737, 2817236302871, QTAgent32.exe, IEDOM : Unable to get the document Window Handle
E, 3504, 17, 2013/05/23, 16:59:29.738, 2817264947170, QTAgent32.exe, IEDOM : Could not get valid window handle of Internet Explorer_server
W, 3504, 17, 2013/05/23, 16:59:29.738, 2817264949649, QTAgent32.exe, IEDOM : Unable to get the document Window Handle
E, 3504, 17, 2013/05/23, 16:59:31.739, 2817293606880, QTAgent32.exe, IEDOM : Could not get valid window handle of Internet Explorer_server
W, 3504, 17, 2013/05/23, 16:59:31.740, 2817293609441, QTAgent32.exe, IEDOM : Unable to get the document Window Handle
E, 3504, 17, 2013/05/23, 16:59:33.740, 2817322254887, QTAgent32.exe, IEDOM : Could not get valid window handle of Internet Explorer_server
W, 3504, 17, 2013/05/23, 16:59:33.741, 2817322257383, QTAgent32.exe, IEDOM : Unable to get the document Window Handle
E, 3504, 17, 2013/05/23, 16:59:35.741, 2817350903431, QTAgent32.exe, IEDOM : Could not get valid window handle of Internet Explorer_server
W, 3504, 17, 2013/05/23, 16:59:35.741, 2817350905660, QTAgent32.exe, IEDOM : Unable to get the document Window Handle
E, 3504, 17, 2013/05/23, 16:59:37.742, 2817379550565, QTAgent32.exe, IEDOM : Could not get valid window handle of Internet Explorer_server
W, 3504, 17, 2013/05/23, 16:59:37.742, 2817379552776, QTAgent32.exe, IEDOM : Unable to get the document Window Handle
E, 3504, 17, 2013/05/23, 16:59:39.743, 2817408198092, QTAgent32.exe, IEDOM : Could not get valid window handle of Internet Explorer_server
W, 3504, 17, 2013/05/23, 16:59:39.743, 2817408200674, QTAgent32.exe, IEDOM : Unable to get the document Window Handle
E, 3504, 17, 2013/05/23, 16:59:41.744, 2817436846142, QTAgent32.exe, IEDOM : Could not get valid window handle of Internet Explorer_server
W, 3504, 17, 2013/05/23, 16:59:41.744, 2817436848425, QTAgent32.exe, IEDOM : Unable to get the document Window Handle
E, 3504, 17, 2013/05/23, 16:59:43.744, 2817465492748, QTAgent32.exe, IEDOM : Could not get valid window handle of Internet Explorer_server
W, 3504, 17, 2013/05/23, 16:59:43.744, 2817465495169, QTAgent32.exe, IEDOM : Unable to get the document Window Handle
E, 3504, 17, 2013/05/23, 16:59:45.745, 2817494138748, QTAgent32.exe, IEDOM : Could not get valid window handle of Internet Explorer_server
W, 3504, 17, 2013/05/23, 16:59:45.745, 2817494141093, QTAgent32.exe, IEDOM : Unable to get the document Window Handle
E, 3504, 17, 2013/05/23, 16:59:47.746, 2817522786319, QTAgent32.exe, IEDOM : Could not get valid window handle of Internet Explorer_server
W, 3504, 17, 2013/05/23, 16:59:47.746, 2817522788516, QTAgent32.exe, IEDOM : Unable to get the document Window Handle
E, 3504, 17, 2013/05/23, 16:59:49.747, 2817551433237, QTAgent32.exe, IEDOM : Could not get valid window handle of Internet Explorer_server
W, 3504, 17, 2013/05/23, 16:59:49.747, 2817551435542, QTAgent32.exe, IEDOM : Unable to get the document Window Handle
E, 3504, 17, 2013/05/23, 16:59:51.747, 2817580080729, QTAgent32.exe, IEDOM : Could not get valid window handle of Internet Explorer_server
W, 3504, 17, 2013/05/23, 16:59:51.747, 2817580083030, QTAgent32.exe, IEDOM : Unable to get the document Window Handle
E, 3504, 17, 2013/05/23, 16:59:53.748, 2817608728064, QTAgent32.exe, IEDOM : Could not get valid window handle of Internet Explorer_server
W, 3504, 17, 2013/05/23, 16:59:53.748, 2817608730789, QTAgent32.exe, IEDOM : Unable to get the document Window Handle
E, 3504, 17, 2013/05/23, 16:59:55.749, 2817637375811, QTAgent32.exe, IEDOM : Could not get valid window handle of Internet Explorer_server
W, 3504, 17, 2013/05/23, 16:59:55.749, 2817637378145, QTAgent32.exe, IEDOM : Unable to get the document Window Handle
E, 3504, 17, 2013/05/23, 16:59:57.751, 2817666038554, QTAgent32.exe, IEDOM : Could not get valid window handle of Internet Explorer_server
W, 3504, 17, 2013/05/23, 16:59:57.751, 2817666041306, QTAgent32.exe, IEDOM : Unable to get the document Window Handle
E, 3504, 17, 2013/05/23, 16:59:59.751, 2817694683322, QTAgent32.exe, IEDOM : Could not get valid window handle of Internet Explorer_server
W, 3504, 17, 2013/05/23, 16:59:59.751, 2817694685884, QTAgent32.exe, IEDOM : Unable to get the document Window Handle
E, 3504, 17, 2013/05/23, 17:00:01.752, 2817723330636, QTAgent32.exe, IEDOM : Could not get valid window handle of Internet Explorer_server
W, 3504, 17, 2013/05/23, 17:00:01.752, 2817723333323, QTAgent32.exe, IEDOM : Unable to get the document Window Handle
E, 3504, 17, 2013/05/23, 17:00:03.753, 2817751978227, QTAgent32.exe, IEDOM : Could not get valid window handle of Internet Explorer_server
W, 3504, 17, 2013/05/23, 17:00:03.753, 2817751980421, QTAgent32.exe, IEDOM : Unable to get the document Window Handle
E, 3504, 17, 2013/05/23, 17:00:05.754, 2817780626156, QTAgent32.exe, IEDOM : Could not get valid window handle of Internet Explorer_server
W, 3504, 17, 2013/05/23, 17:00:05.754, 2817780628520, QTAgent32.exe, IEDOM : Unable to get the document Window Handle
E, 3504, 17, 2013/05/23, 17:00:07.754, 2817809277986, QTAgent32.exe, IEDOM : Could not get valid window handle of Internet Explorer_server
W, 3504, 17, 2013/05/23, 17:00:07.755, 2817809280547, QTAgent32.exe, IEDOM : Unable to get the document Window Handle
E, 3504, 17, 2013/05/23, 17:00:09.756, 2817837929276, QTAgent32.exe, IEDOM : Could not get valid window handle of Internet Explorer_server
W, 3504, 17, 2013/05/23, 17:00:09.756, 2817837931446, QTAgent32.exe, IEDOM : Unable to get the document Window Handle
E, 3504, 17, 2013/05/23, 17:00:11.757, 2817866587663, QTAgent32.exe, IEDOM : Could not get valid window handle of Internet Explorer_server
W, 3504, 17, 2013/05/23, 17:00:11.757, 2817866590034, QTAgent32.exe, IEDOM : Unable to get the document Window Handle
E, 3504, 17, 2013/05/23, 17:00:13.760, 2817895259216, QTAgent32.exe, IEDOM : Could not get valid window handle of Internet Explorer_server
W, 3504, 17, 2013/05/23, 17:00:13.760, 2817895261270, QTAgent32.exe, IEDOM : Unable to get the document Window Handle
E, 3504, 17, 2013/05/23, 17:00:15.760, 2817923905651, QTAgent32.exe, IEDOM : Could not get valid window handle of Internet Explorer_server
W, 3504, 17, 2013/05/23, 17:00:15.760, 2817923907848, QTAgent32.exe, IEDOM : Unable to get the document Window Handle
E, 3504, 17, 2013/05/23, 17:00:17.761, 2817952553210, QTAgent32.exe, IEDOM : Could not get valid window handle of Internet Explorer_server
W, 3504, 17, 2013/05/23, 17:00:17.761, 2817952555827, QTAgent32.exe, IEDOM : Unable to get the document Window Handle
E, 3504, 17, 2013/05/23, 17:00:19.762, 2817981200417, QTAgent32.exe, IEDOM : Could not get valid window handle of Internet Explorer_server
W, 3504, 17, 2013/05/23, 17:00:19.762, 2817981202703, QTAgent32.exe, IEDOM : Unable to get the document Window Handle
E, 3504, 17, 2013/05/23, 17:00:21.763, 2818009845429, QTAgent32.exe, IEDOM : Could not get valid window handle of Internet Explorer_server
W, 3504, 17, 2013/05/23, 17:00:21.763, 2818009847396, QTAgent32.exe, IEDOM : Unable to get the document Window Handle
E, 3504, 17, 2013/05/23, 17:00:23.763, 2818038492044, QTAgent32.exe, IEDOM : Could not get valid window handle of Internet Explorer_server
W, 3504, 17, 2013/05/23, 17:00:23.763, 2818038494232, QTAgent32.exe, IEDOM : Unable to get the document Window Handle
E, 3504, 17, 2013/05/23, 17:00:25.765, 2818067146501, QTAgent32.exe, IEDOM : Could not get valid window handle of Internet Explorer_server
W, 3504, 17, 2013/05/23, 17:00:25.765, 2818067148341, QTAgent32.exe, IEDOM : Unable to get the document Window Handle
E, 3504, 17, 2013/05/23, 17:00:27.765, 2818095792302, QTAgent32.exe, IEDOM : Could not get valid window handle of Internet Explorer_server
W, 3504, 17, 2013/05/23, 17:00:27.765, 2818095794527, QTAgent32.exe, IEDOM : Unable to get the document Window Handle
E, 3504, 17, 2013/05/23, 17:00:29.766, 2818124439767, QTAgent32.exe, IEDOM : Could not get valid window handle of Internet Explorer_server
W, 3504, 17, 2013/05/23, 17:00:29.766, 2818124442187, QTAgent32.exe, IEDOM : Unable to get the document Window Handle
E, 3504, 17, 2013/05/23, 17:00:31.766, 2818153087052, QTAgent32.exe, IEDOM : Could not get valid window handle of Internet Explorer_server
W, 3504, 17, 2013/05/23, 17:00:31.767, 2818153089612, QTAgent32.exe, IEDOM : Unable to get the document Window Handle
E, 3504, 17, 2013/05/23, 17:00:33.767, 2818181733665, QTAgent32.exe, IEDOM : Could not get valid window handle of Internet Explorer_server
W, 3504, 17, 2013/05/23, 17:00:33.768, 2818181735955, QTAgent32.exe, IEDOM : Unable to get the document Window Handle
E, 3504, 17, 2013/05/23, 17:00:35.768, 2818210381615, QTAgent32.exe, IEDOM : Could not get valid window handle of Internet Explorer_server
W, 3504, 17, 2013/05/23, 17:00:35.768, 2818210384878, QTAgent32.exe, IEDOM : Unable to get the document Window Handle
E, 3504, 17, 2013/05/23, 17:00:37.769, 2818239028018, QTAgent32.exe, IEDOM : Could not get valid window handle of Internet Explorer_server
W, 3504, 17, 2013/05/23, 17:00:37.769, 2818239030195, QTAgent32.exe, IEDOM : Unable to get the document Window Handle
E, 3504, 17, 2013/05/23, 17:00:39.770, 2818267683007, QTAgent32.exe, IEDOM : Could not get valid window handle of Internet Explorer_server
W, 3504, 17, 2013/05/23, 17:00:39.770, 2818267685383, QTAgent32.exe, IEDOM : Unable to get the document Window Handle
E, 3504, 17, 2013/05/23, 17:00:41.771, 2818296331022, QTAgent32.exe, IEDOM : Could not get valid window handle of Internet Explorer_server
W, 3504, 17, 2013/05/23, 17:00:41.771, 2818296333480, QTAgent32.exe, IEDOM : Unable to get the document Window Handle
E, 3504, 17, 2013/05/23, 17:00:43.771, 2818324978008, QTAgent32.exe, IEDOM : Could not get valid window handle of Internet Explorer_server
W, 3504, 17, 2013/05/23, 17:00:43.772, 2818324980234, QTAgent32.exe, IEDOM : Unable to get the document Window Handle
E, 3504, 17, 2013/05/23, 17:00:45.772, 2818353624550, QTAgent32.exe, IEDOM : Could not get valid window handle of Internet Explorer_server
W, 3504, 17, 2013/05/23, 17:00:45.773, 2818353627139, QTAgent32.exe, IEDOM : Unable to get the document Window Handle
E, 3504, 17, 2013/05/23, 17:00:47.773, 2818382272338, QTAgent32.exe, IEDOM : Could not get valid window handle of Internet Explorer_server
W, 3504, 17, 2013/05/23, 17:00:47.773, 2818382274721, QTAgent32.exe, IEDOM : Unable to get the document Window Handle
E, 3504, 17, 2013/05/23, 17:00:49.774, 2818410919731, QTAgent32.exe, IEDOM : Could not get valid window handle of Internet Explorer_server
W, 3504, 17, 2013/05/23, 17:00:49.774, 2818410922032, QTAgent32.exe, IEDOM : Unable to get the document Window Handle
E, 3504, 17, 2013/05/23, 17:00:51.774, 2818439566214, QTAgent32.exe, IEDOM : Could not get valid window handle of Internet Explorer_server
W, 3504, 17, 2013/05/23, 17:00:51.775, 2818439568672, QTAgent32.exe, IEDOM : Unable to get the document Window Handle
E, 3504, 17, 2013/05/23, 17:00:53.776, 2818468223680, QTAgent32.exe, IEDOM : Could not get valid window handle of Internet Explorer_server
W, 3504, 17, 2013/05/23, 17:00:53.776, 2818468225969, QTAgent32.exe, IEDOM : Unable to get the document Window Handle
E, 3504, 17, 2013/05/23, 17:00:55.777, 2818496868769, QTAgent32.exe, IEDOM : Could not get valid window handle of Internet Explorer_server
W, 3504, 17, 2013/05/23, 17:00:55.777, 2818496871154, QTAgent32.exe, IEDOM : Unable to get the document Window Handle
E, 3504, 17, 2013/05/23, 17:00:57.778, 2818525515561, QTAgent32.exe, IEDOM : Could not get valid window handle of Internet Explorer_server
W, 3504, 17, 2013/05/23, 17:00:57.778, 2818525517762, QTAgent32.exe, IEDOM : Unable to get the document Window Handle
E, 3504, 17, 2013/05/23, 17:00:59.778, 2818554162965, QTAgent32.exe, IEDOM : Could not get valid window handle of Internet Explorer_server
W, 3504, 17, 2013/05/23, 17:00:59.778, 2818554165408, QTAgent32.exe, IEDOM : Unable to get the document Window Handle
E, 3504, 17, 2013/05/23, 17:01:01.781, 2818582832681, QTAgent32.exe, IEDOM : Could not get valid window handle of Internet Explorer_server
W, 3504, 17, 2013/05/23, 17:01:01.781, 2818582838892, QTAgent32.exe, IEDOM : Unable to get the document Window Handle
E, 3504, 17, 2013/05/23, 17:01:03.782, 2818611485810, QTAgent32.exe, IEDOM : Could not get valid window handle of Internet Explorer_server
W, 3504, 17, 2013/05/23, 17:01:03.782, 2818611488032, QTAgent32.exe, IEDOM : Unable to get the document Window Handle
E, 3504, 17, 2013/05/23, 17:01:05.783, 2818640137644, QTAgent32.exe, IEDOM : Could not get valid window handle of Internet Explorer_server
W, 3504, 17, 2013/05/23, 17:01:05.783, 2818640140111, QTAgent32.exe, IEDOM : Unable to get the document Window Handle
E, 3504, 17, 2013/05/23, 17:01:07.784, 2818668798185, QTAgent32.exe, IEDOM : Could not get valid window handle of Internet Explorer_server
W, 3504, 17, 2013/05/23, 17:01:07.784, 2818668800518, QTAgent32.exe, IEDOM : Unable to get the document Window Handle
E, 3504, 17, 2013/05/23, 17:01:09.786, 2818697451375, QTAgent32.exe, IEDOM : Could not get valid window handle of Internet Explorer_server
W, 3504, 17, 2013/05/23, 17:01:09.786, 2818697454727, QTAgent32.exe, IEDOM : Unable to get the document Window Handle
E, 3504, 17, 2013/05/23, 17:01:11.787, 2818726104649, QTAgent32.exe, IEDOM : Could not get valid window handle of Internet Explorer_server
W, 3504, 17, 2013/05/23, 17:01:11.787, 2818726108245, QTAgent32.exe, IEDOM : Unable to get the document Window Handle
E, 3504, 17, 2013/05/23, 17:01:13.788, 2818754753292, QTAgent32.exe, IEDOM : Could not get valid window handle of Internet Explorer_server
W, 3504, 17, 2013/05/23, 17:01:13.788, 2818754756042, QTAgent32.exe, IEDOM : Unable to get the document Window Handle
E, 3504, 17, 2013/05/23, 17:01:15.789, 2818783409202, QTAgent32.exe, IEDOM : Could not get valid window handle of Internet Explorer_server
W, 3504, 17, 2013/05/23, 17:01:15.790, 2818783412125, QTAgent32.exe, IEDOM : Unable to get the document Window Handle
E, 3504, 17, 2013/05/23, 17:01:17.790, 2818812060136, QTAgent32.exe, IEDOM : Could not get valid window handle of Internet Explorer_server
W, 3504, 17, 2013/05/23, 17:01:17.790, 2818812062420, QTAgent32.exe, IEDOM : Unable to get the document Window Handle
E, 3504, 17, 2013/05/23, 17:01:19.791, 2818840710679, QTAgent32.exe, IEDOM : Could not get valid window handle of Internet Explorer_server
W, 3504, 17, 2013/05/23, 17:01:19.792, 2818840714147, QTAgent32.exe, IEDOM : Unable to get the document Window Handle
E, 3504, 17, 2013/05/23, 17:01:21.793, 2818869380118, QTAgent32.exe, IEDOM : Could not get valid window handle of Internet Explorer_server
W, 3504, 17, 2013/05/23, 17:01:21.794, 2818869383644, QTAgent32.exe, IEDOM : Unable to get the document Window Handle
E, 3504, 17, 2013/05/23, 17:01:23.795, 2818898028842, QTAgent32.exe, IEDOM : Could not get valid window handle of Internet Explorer_server
W, 3504, 17, 2013/05/23, 17:01:23.795, 2818898031659, QTAgent32.exe, IEDOM : Unable to get the document Window Handle
E, 3504, 17, 2013/05/23, 17:01:25.795, 2818926676040, QTAgent32.exe, IEDOM : Could not get valid window handle of Internet Explorer_server
W, 3504, 17, 2013/05/23, 17:01:25.795, 2818926678372, QTAgent32.exe, IEDOM : Unable to get the document Window Handle
E, 3504, 17, 2013/05/23, 17:01:27.796, 2818955322050, QTAgent32.exe, IEDOM : Could not get valid window handle of Internet Explorer_server
W, 3504, 17, 2013/05/23, 17:01:27.796, 2818955324399, QTAgent32.exe, IEDOM : Unable to get the document Window Handle
E, 3504, 17, 2013/05/23, 17:01:29.819, 2818984289578, QTAgent32.exe, IEDOM : Could not get valid window handle of Internet Explorer_server
W, 3504, 17, 2013/05/23, 17:01:29.819, 2818984291850, QTAgent32.exe, IEDOM : Unable to get the document Window Handle
W, 3504, 17, 2013/05/23, 17:01:31.317, 2819005745004, QTAgent32.exe, Playback - [WARNING] Internal warning: Window Not Found: [VisibleOnly]ControlType='Window' &amp;&amp; Name='Connect to www.insur-econnect.com'
\0
E, 3504, 17, 2013/05/23, 17:01:31.317, 2819005748527, QTAgent32.exe, &lt;a class=failure&gt;Playback - {109} [FAILED] Function ElementFetcher::FindScreenElement failed to locate UI element (Searching: ;[VisibleOnly]ControlType='Window' &amp;&amp; Name='Connect to www.insur-econnect.com') (The object specified was not found.)
\0&lt;/a&gt;
E, 3504, 17, 2013/05/23, 17:01:31.423, 2819007259895, QTAgent32.exe, Playback - [IMAGE] C:\Users\testuser\AppData\Local\Temp\UITestLogs\LastRun\RPF322C.png
\0
W, 3504, 17, 2013/05/23, 17:01:31.423, 2819007262643, QTAgent32.exe, Playback - [WARNING] Internal warning: Couldn't find descendants that match QueryId
\0
W, 3504, 17, 2013/05/23, 17:01:31.423, 2819007265731, QTAgent32.exe, PERF WARNING: FindTopLevelWindowHelper::FindAllDescendents: took 1464 ms. Expected it to take maximum 500 ms.
W, 3504, 17, 2013/05/23, 17:01:49.683, 2819268715629, QTAgent32.exe, Playback - [WARNING] Internal warning: Window Not Found: [VisibleOnly]ControlType='Window' &amp;&amp; Name='Connect to www.insur-econnect.com'
\0
E, 3504, 17, 2013/05/23, 17:01:49.684, 2819268719742, QTAgent32.exe, &lt;a class=failure&gt;Playback - {110} [FAILED] Function ElementFetcher::FindScreenElement failed to locate UI element (Searching: ;[VisibleOnly]ControlType='Window' &amp;&amp; Name='Connect to www.insur-econnect.com') (The object specified was not found.)
\0&lt;/a&gt;
E, 3504, 17, 2013/05/23, 17:01:49.762, 2819269842872, QTAgent32.exe, Playback - [IMAGE] C:\Users\testuser\AppData\Local\Temp\UITestLogs\LastRun\RPF79E7.png
\0
W, 3504, 17, 2013/05/23, 17:01:49.762, 2819269845304, QTAgent32.exe, Playback - [WARNING] Internal warning: Couldn't find descendants that match QueryId
\0
W, 3504, 17, 2013/05/23, 17:01:49.763, 2819269849959, QTAgent32.exe, PERF WARNING: FindTopLevelWindowHelper::FindAllDescendents: took 18338 ms. Expected it to take maximum 500 ms.
W, 3504, 17, 2013/05/23, 17:01:50.352, 2819278290168, QTAgent32.exe, Playback - [WARNING] Internal warning: Smart Match failed
\0
W, 3504, 17, 2013/05/23, 17:01:50.630, 2819282276483, QTAgent32.exe, Playback - [WARNING] Internal warning: Smart Match failed
\0
W, 3504, 17, 2013/05/23, 17:01:50.907, 2819286234587, QTAgent32.exe, Playback - [WARNING] Internal warning: Smart Match failed
\0
W, 3504, 17, 2013/05/23, 17:01:51.175, 2819290070016, QTAgent32.exe, Playback - [WARNING] Internal warning: Smart Match failed
\0
W, 3504, 17, 2013/05/23, 17:01:51.443, 2819293904927, QTAgent32.exe, Playback - [WARNING] Internal warning: Smart Match failed
\0
W, 3504, 17, 2013/05/23, 17:01:51.724, 2819297924870, QTAgent32.exe, Playback - [WARNING] Internal warning: Smart Match failed
\0
W, 3504, 17, 2013/05/23, 17:01:51.988, 2819301713131, QTAgent32.exe, Playback - [WARNING] Internal warning: Smart Match failed
\0
W, 3504, 17, 2013/05/23, 17:01:52.251, 2819305473868, QTAgent32.exe, Playback - [WARNING] Internal warning: Smart Match failed
\0
W, 3504, 17, 2013/05/23, 17:01:52.526, 2819309407246, QTAgent32.exe, Playback - [WARNING] Internal warning: Smart Match failed
\0
W, 3504, 17, 2013/05/23, 17:01:52.803, 2819313380098, QTAgent32.exe, Playback - [WARNING] Internal warning: Smart Match failed
\0
W, 3504, 17, 2013/05/23, 17:01:52.967, 2819315731546, QTAgent32.exe, Playback - [WARNING] Internal warning: Window Not Found: [VisibleOnly]ControlType='Window' &amp;&amp; Name='Connect to www.insur-econnect.com'
\0
E, 3504, 17, 2013/05/23, 17:01:52.967, 2819315734427, QTAgent32.exe, &lt;a class=failure&gt;Playback - {111} [FAILED] Function ElementFetcher::FindScreenElement failed to locate UI element (Searching: ;[VisibleOnly]ControlType='Window' &amp;&amp; Name='Connect to www.insur-econnect.com') (The object specified was not found.)
\0&lt;/a&gt;
E, 3504, 17, 2013/05/23, 17:01:53.042, 2819316801038, QTAgent32.exe, Playback - [IMAGE] C:\Users\testuser\AppData\Local\Temp\UITestLogs\LastRun\RPF86C3.png
\0
W, 3504, 17, 2013/05/23, 17:01:53.042, 2819316803564, QTAgent32.exe, Playback - [WARNING] Internal warning: Couldn't find descendants that match QueryId
\0
W, 3504, 17, 2013/05/23, 17:01:53.042, 2819316806786, QTAgent32.exe, PERF WARNING: FindTopLevelWindowHelper::FindAllDescendents: took 3279 ms. Expected it to take maximum 500 ms.
E, 3504, 17, 2013/05/23, 17:01:53.042, 2819316808691, QTAgent32.exe, Exception: System.Runtime.InteropServices.COMException
	Message: Error HRESULT E_FAIL has been returned from a call to a COM component.
	Stack Trace:    at Microsoft.VisualStudio.TestTools.UITest.Playback.Engine.IRPFPlayback.FindAllScreenElements(IScreenElement pScreenElementStart, String bstrQueryId, Object&amp; pvarResKeys, Int32 cResKeys, Int32 nMaxDepth, Object[]&amp; foundDescendants)
   at Microsoft.VisualStudio.TestTools.UITest.Playback.ScreenElement.FindTopLevelWindowHelper(String queryId)
	BaseExceptionMessage: Error HRESULT E_FAIL has been returned from a call to a COM component.

W, 3504, 17, 2013/05/23, 17:01:53.478, 2819323047896, QTAgent32.exe, &lt;a class=success&gt;Playback - {112} [SUCCESS] TypeString "Bus Sys{Tab}Tottenham1"
\0&lt;/a&gt;
W, 3504, 17, 2013/05/23, 17:01:53.839, 2819328215155, QTAgent32.exe, &lt;a class=success&gt;Playback - {113} [SUCCESS] MouseButtonClick - "[MSAA, VisibleOnly]ControlType='Button' &amp;&amp; Name='OK'"
\0&lt;/a&gt;
E, 3504, 17, 2013/05/23, 17:01:54.029, 2819330934369, QTAgent32.exe, IEDOM : Could not get valid window handle of Internet Explorer_server
W, 3504, 17, 2013/05/23, 17:01:54.029, 2819330936533, QTAgent32.exe, IEDOM : Unable to get the document Window Handle
E, 3504, 17, 2013/05/23, 17:02:03.435, 2819465607139, QTAgent32.exe, IEDOM: GetIEWebControl() is unable to get the IE control
E, 3504, 17, 2013/05/23, 17:02:03.491, 2819466404390, QTAgent32.exe, IEDOM: GetIEWebControl() is unable to get the IE control
E, 3504, 17, 2013/05/23, 17:02:03.509, 2819466666759, QTAgent32.exe, IEDOM: GetIEWebControl() is unable to get the IE control
E, 3504, 17, 2013/05/23, 17:02:04.072, 2819474729393, QTAgent32.exe, IEDOM: GetIEWebControl() is unable to get the IE control
E, 3504, 17, 2013/05/23, 17:02:04.151, 2819475864588, QTAgent32.exe, IEDOM: GetIEWebControl() is unable to get the IE control
W, 3504, 17, 2013/05/23, 17:02:04.161, 2819476005189, QTAgent32.exe, Playback - [WARNING] Internal warning: Plugin based EnsureVisibleByScrolling failed to make element Visible. Trying to compose scrollable containers.
\0
W, 3504, 17, 2013/05/23, 17:02:04.202, 2819476590734, QTAgent32.exe, Playback - [WARNING] Internal warning: Convertion of Web elements to MSAA is not supported in the current version
\0
E, 3504, 17, 2013/05/23, 17:02:04.557, 2819481673387, QTAgent32.exe, IEDOM: GetIEWebControl() is unable to get the IE control
W, 3504, 17, 2013/05/23, 17:02:04.567, 2819481813319, QTAgent32.exe, Playback - [WARNING] Internal warning: Plugin based EnsureVisibleByScrolling failed to make element Visible. Trying ScrollByCoordinates algorithm
\0
E, 3504, 17, 2013/05/23, 17:02:04.622, 2819482602265, QTAgent32.exe, IEDOM: GetIEWebControl() is unable to get the IE control
E, 3504, 17, 2013/05/23, 17:02:04.629, 2819482713302, QTAgent32.exe, IEDOM: GetIEWebControl() is unable to get the IE control
E, 3504, 17, 2013/05/23, 17:02:04.637, 2819482826002, QTAgent32.exe, IEDOM: GetIEWebControl() is unable to get the IE control
E, 3504, 17, 2013/05/23, 17:02:04.645, 2819482938974, QTAgent32.exe, IEDOM: GetIEWebControl() is unable to get the IE control
E, 3504, 17, 2013/05/23, 17:02:04.655, 2819483076363, QTAgent32.exe, IEDOM: GetIEWebControl() is unable to get the IE control
E, 3504, 17, 2013/05/23, 17:02:04.675, 2819483359218, QTAgent32.exe, IEDOM: GetIEWebControl() is unable to get the IE control
E, 3504, 17, 2013/05/23, 17:02:04.684, 2819483495191, QTAgent32.exe, IEDOM: GetIEWebControl() is unable to get the IE control
E, 3504, 17, 2013/05/23, 17:02:04.692, 2819483607494, QTAgent32.exe, IEDOM: GetIEWebControl() is unable to get the IE control
E, 3504, 17, 2013/05/23, 17:02:04.700, 2819483719376, QTAgent32.exe, IEDOM: GetIEWebControl() is unable to get the IE control
E, 3504, 17, 2013/05/23, 17:02:04.708, 2819483831831, QTAgent32.exe, IEDOM: GetIEWebControl() is unable to get the IE control
E, 3504, 17, 2013/05/23, 17:02:04.722, 2819484040321, QTAgent32.exe, IEDOM: GetIEWebControl() is unable to get the IE control
E, 3504, 17, 2013/05/23, 17:02:04.759, 2819484563602, QTAgent32.exe, IEDOM: GetIEWebControl() is unable to get the IE control
E, 3504, 17, 2013/05/23, 17:02:04.782, 2819484903186, QTAgent32.exe, IEDOM: GetIEWebControl() is unable to get the IE control
W, 3504, 17, 2013/05/23, 17:02:04.790, 2819485016184, QTAgent32.exe, Playback - [WARNING] Internal warning: Plugin based EnsureVisibleByScrolling failed to make element Visible. Trying ScrollByCoordinates algorithm
\0
E, 3504, 17, 2013/05/23, 17:02:04.797, 2819485113657, QTAgent32.exe, IEDOM: GetIEWebControl() is unable to get the IE control
E, 3504, 17, 2013/05/23, 17:02:04.816, 2819485388102, QTAgent32.exe, IEDOM: GetIEWebControl() is unable to get the IE control
E, 3504, 17, 2013/05/23, 17:02:04.824, 2819485503925, QTAgent32.exe, IEDOM: GetIEWebControl() is unable to get the IE control
E, 3504, 17, 2013/05/23, 17:02:04.831, 2819485605210, QTAgent32.exe, IEDOM: GetIEWebControl() is unable to get the IE control
E, 3504, 17, 2013/05/23, 17:02:04.839, 2819485708198, QTAgent32.exe, IEDOM: GetIEWebControl() is unable to get the IE control
E, 3504, 17, 2013/05/23, 17:02:04.846, 2819485809410, QTAgent32.exe, IEDOM: GetIEWebControl() is unable to get the IE control
E, 3504, 17, 2013/05/23, 17:02:04.853, 2819485909413, QTAgent32.exe, IEDOM: GetIEWebControl() is unable to get the IE control
E, 3504, 17, 2013/05/23, 17:02:04.860, 2819486013034, QTAgent32.exe, IEDOM: GetIEWebControl() is unable to get the IE control
E, 3504, 17, 2013/05/23, 17:02:04.867, 2819486112552, QTAgent32.exe, IEDOM: GetIEWebControl() is unable to get the IE control
E, 3504, 17, 2013/05/23, 17:02:04.875, 2819486228493, QTAgent32.exe, IEDOM: GetIEWebControl() is unable to get the IE control
E, 3504, 17, 2013/05/23, 17:02:04.884, 2819486353872, QTAgent32.exe, IEDOM: GetIEWebControl() is unable to get the IE control
E, 3504, 17, 2013/05/23, 17:02:04.891, 2819486458068, QTAgent32.exe, IEDOM: GetIEWebControl() is unable to get the IE control
E, 3504, 17, 2013/05/23, 17:02:04.898, 2819486559477, QTAgent32.exe, IEDOM: GetIEWebControl() is unable to get the IE control
E, 3504, 17, 2013/05/23, 17:02:04.905, 2819486660832, QTAgent32.exe, IEDOM: GetIEWebControl() is unable to get the IE control
E, 3504, 17, 2013/05/23, 17:02:04.912, 2819486764914, QTAgent32.exe, IEDOM: GetIEWebControl() is unable to get the IE control
E, 3504, 17, 2013/05/23, 17:02:04.919, 2819486864722, QTAgent32.exe, IEDOM: GetIEWebControl() is unable to get the IE control
E, 3504, 17, 2013/05/23, 17:02:04.927, 2819486973069, QTAgent32.exe, IEDOM: GetIEWebControl() is unable to get the IE control
E, 3504, 17, 2013/05/23, 17:02:04.935, 2819487090484, QTAgent32.exe, IEDOM: GetIEWebControl() is unable to get the IE control
E, 3504, 17, 2013/05/23, 17:02:04.942, 2819487193434, QTAgent32.exe, IEDOM: GetIEWebControl() is unable to get the IE control
E, 3504, 17, 2013/05/23, 17:02:04.949, 2819487294249, QTAgent32.exe, IEDOM: GetIEWebControl() is unable to get the IE control
E, 3504, 17, 2013/05/23, 17:02:04.957, 2819487399900, QTAgent32.exe, IEDOM: GetIEWebControl() is unable to get the IE control
E, 3504, 17, 2013/05/23, 17:02:04.964, 2819487503702, QTAgent32.exe, IEDOM: GetIEWebControl() is unable to get the IE control
E, 3504, 17, 2013/05/23, 17:02:04.971, 2819487607278, QTAgent32.exe, IEDOM: GetIEWebControl() is unable to get the IE control
E, 3504, 17, 2013/05/23, 17:02:04.979, 2819487717385, QTAgent32.exe, IEDOM: GetIEWebControl() is unable to get the IE control
E, 3504, 17, 2013/05/23, 17:02:04.986, 2819487823307, QTAgent32.exe, IEDOM: GetIEWebControl() is unable to get the IE control
E, 3504, 17, 2013/05/23, 17:02:04.994, 2819487926913, QTAgent32.exe, IEDOM: GetIEWebControl() is unable to get the IE control
E, 3504, 17, 2013/05/23, 17:02:05.001, 2819488028477, QTAgent32.exe, IEDOM: GetIEWebControl() is unable to get the IE control
E, 3504, 17, 2013/05/23, 17:02:05.008, 2819488132637, QTAgent32.exe, IEDOM: GetIEWebControl() is unable to get the IE control
E, 3504, 17, 2013/05/23, 17:02:05.015, 2819488232685, QTAgent32.exe, IEDOM: GetIEWebControl() is unable to get the IE control
E, 3504, 17, 2013/05/23, 17:02:05.022, 2819488333508, QTAgent32.exe, IEDOM: GetIEWebControl() is unable to get the IE control
E, 3504, 17, 2013/05/23, 17:02:05.030, 2819488442595, QTAgent32.exe, IEDOM: GetIEWebControl() is unable to get the IE control
E, 3504, 17, 2013/05/23, 17:02:05.037, 2819488553312, QTAgent32.exe, IEDOM: GetIEWebControl() is unable to get the IE control
E, 3504, 17, 2013/05/23, 17:02:05.044, 2819488652800, QTAgent32.exe, IEDOM: GetIEWebControl() is unable to get the IE control
E, 3504, 17, 2013/05/23, 17:02:05.051, 2819488756201, QTAgent32.exe, IEDOM: GetIEWebControl() is unable to get the IE control
W, 3504, 17, 2013/05/23, 17:02:05.070, 2819489023902, QTAgent32.exe, Playback - [WARNING] Internal warning: Can't find anchor child after updating the collection
\0
W, 3504, 17, 2013/05/23, 17:02:05.070, 2819489026011, QTAgent32.exe, Playback - [WARNING] Internal warning: Can't find anchor child after updating the collection
\0
E, 3504, 17, 2013/05/23, 17:02:05.082, 2819489192120, QTAgent32.exe, IEDOM: GetIEWebControl() is unable to get the IE control
E, 3504, 17, 2013/05/23, 17:02:05.096, 2819489391929, QTAgent32.exe, IEDOM: GetIEWebControl() is unable to get the IE control
E, 3504, 17, 2013/05/23, 17:02:05.103, 2819489498109, QTAgent32.exe, IEDOM: GetIEWebControl() is unable to get the IE control
E, 3504, 17, 2013/05/23, 17:02:05.110, 2819489598170, QTAgent32.exe, IEDOM: GetIEWebControl() is unable to get the IE control
E, 3504, 17, 2013/05/23, 17:02:05.117, 2819489697023, QTAgent32.exe, IEDOM: GetIEWebControl() is unable to get the IE control
E, 3504, 17, 2013/05/23, 17:02:05.126, 2819489822662, QTAgent32.exe, IEDOM: GetIEWebControl() is unable to get the IE control
E, 3504, 17, 2013/05/23, 17:02:05.133, 2819489930947, QTAgent32.exe, IEDOM: GetIEWebControl() is unable to get the IE control
E, 3504, 17, 2013/05/23, 17:02:05.141, 2819490033412, QTAgent32.exe, IEDOM: GetIEWebControl() is unable to get the IE control
E, 3504, 17, 2013/05/23, 17:02:05.148, 2819490136390, QTAgent32.exe, IEDOM: GetIEWebControl() is unable to get the IE control
E, 3504, 17, 2013/05/23, 17:02:05.155, 2819490238496, QTAgent32.exe, IEDOM: GetIEWebControl() is unable to get the IE control
E, 3504, 17, 2013/05/23, 17:02:05.162, 2819490342141, QTAgent32.exe, IEDOM: GetIEWebControl() is unable to get the IE control
E, 3504, 17, 2013/05/23, 17:02:05.170, 2819490447085, QTAgent32.exe, IEDOM: GetIEWebControl() is unable to get the IE control
E, 3504, 17, 2013/05/23, 17:02:05.177, 2819490548440, QTAgent32.exe, IEDOM: GetIEWebControl() is unable to get the IE control
E, 3504, 17, 2013/05/23, 17:02:05.184, 2819490651474, QTAgent32.exe, IEDOM: GetIEWebControl() is unable to get the IE control
E, 3504, 17, 2013/05/23, 17:02:05.191, 2819490755979, QTAgent32.exe, IEDOM: GetIEWebControl() is unable to get the IE control
E, 3504, 17, 2013/05/23, 17:02:05.198, 2819490861679, QTAgent32.exe, IEDOM: GetIEWebControl() is unable to get the IE control
E, 3504, 17, 2013/05/23, 17:02:05.206, 2819490964238, QTAgent32.exe, IEDOM: GetIEWebControl() is unable to get the IE control
E, 3504, 17, 2013/05/23, 17:02:05.213, 2819491066103, QTAgent32.exe, IEDOM: GetIEWebControl() is unable to get the IE control
E, 3504, 17, 2013/05/23, 17:02:05.220, 2819491171196, QTAgent32.exe, IEDOM: GetIEWebControl() is unable to get the IE control
E, 3504, 17, 2013/05/23, 17:02:05.227, 2819491271591, QTAgent32.exe, IEDOM: GetIEWebControl() is unable to get the IE control
E, 3504, 17, 2013/05/23, 17:02:05.234, 2819491372813, QTAgent32.exe, IEDOM: GetIEWebControl() is unable to get the IE control
E, 3504, 17, 2013/05/23, 17:02:05.242, 2819491478277, QTAgent32.exe, IEDOM: GetIEWebControl() is unable to get the IE control
E, 3504, 17, 2013/05/23, 17:02:05.249, 2819491579789, QTAgent32.exe, IEDOM: GetIEWebControl() is unable to get the IE control
E, 3504, 17, 2013/05/23, 17:02:05.256, 2819491681114, QTAgent32.exe, IEDOM: GetIEWebControl() is unable to get the IE control
E, 3504, 17, 2013/05/23, 17:02:05.263, 2819491785472, QTAgent32.exe, IEDOM: GetIEWebControl() is unable to get the IE control
E, 3504, 17, 2013/05/23, 17:02:05.270, 2819491889258, QTAgent32.exe, IEDOM: GetIEWebControl() is unable to get the IE control
E, 3504, 17, 2013/05/23, 17:02:05.277, 2819491989694, QTAgent32.exe, IEDOM: GetIEWebControl() is unable to get the IE control
E, 3504, 17, 2013/05/23, 17:02:05.284, 2819492092117, QTAgent32.exe, IEDOM: GetIEWebControl() is unable to get the IE control
E, 3504, 17, 2013/05/23, 17:02:05.292, 2819492198112, QTAgent32.exe, IEDOM: GetIEWebControl() is unable to get the IE control
E, 3504, 17, 2013/05/23, 17:02:05.300, 2819492310327, QTAgent32.exe, IEDOM: GetIEWebControl() is unable to get the IE control
E, 3504, 17, 2013/05/23, 17:02:05.307, 2819492415146, QTAgent32.exe, IEDOM: GetIEWebControl() is unable to get the IE control
E, 3504, 17, 2013/05/23, 17:02:05.321, 2819492610091, QTAgent32.exe, IEDOM: GetIEWebControl() is unable to get the IE control
E, 3504, 17, 2013/05/23, 17:02:05.328, 2819492713031, QTAgent32.exe, IEDOM: GetIEWebControl() is unable to get the IE control
E, 3504, 17, 2013/05/23, 17:02:05.337, 2819492850581, QTAgent32.exe, IEDOM: GetIEWebControl() is unable to get the IE control
W, 3504, 17, 2013/05/23, 17:02:05.345, 2819492966633, QTAgent32.exe, Playback - [WARNING] Internal failure: EnsureVisible via Setting Focus, Scrolling failed
\0
E, 3504, 17, 2013/05/23, 17:02:05.357, 2819493125003, QTAgent32.exe, IEDOM: GetIEWebControl() is unable to get the IE control
E, 3504, 17, 2013/05/23, 17:02:05.364, 2819493230345, QTAgent32.exe, IEDOM: GetIEWebControl() is unable to get the IE control
E, 3504, 17, 2013/05/23, 17:02:05.371, 2819493334993, QTAgent32.exe, IEDOM: GetIEWebControl() is unable to get the IE control
E, 3504, 17, 2013/05/23, 17:02:05.378, 2819493436584, QTAgent32.exe, IEDOM: GetIEWebControl() is unable to get the IE control
E, 3504, 17, 2013/05/23, 17:02:05.385, 2819493538326, QTAgent32.exe, IEDOM: GetIEWebControl() is unable to get the IE control
E, 3504, 17, 2013/05/23, 17:02:05.392, 2819493639498, QTAgent32.exe, IEDOM: GetIEWebControl() is unable to get the IE control
E, 3504, 17, 2013/05/23, 17:02:05.400, 2819493746614, QTAgent32.exe, IEDOM: GetIEWebControl() is unable to get the IE control
E, 3504, 17, 2013/05/23, 17:02:05.407, 2819493850519, QTAgent32.exe, IEDOM: GetIEWebControl() is unable to get the IE control
E, 3504, 17, 2013/05/23, 17:02:05.415, 2819493955688, QTAgent32.exe, IEDOM: GetIEWebControl() is unable to get the IE control
E, 3504, 17, 2013/05/23, 17:02:05.422, 2819494056523, QTAgent32.exe, IEDOM: GetIEWebControl() is unable to get the IE control
E, 3504, 17, 2013/05/23, 17:02:05.429, 2819494156152, QTAgent32.exe, IEDOM: GetIEWebControl() is unable to get the IE control
E, 3504, 17, 2013/05/23, 17:02:05.435, 2819494255368, QTAgent32.exe, IEDOM: GetIEWebControl() is unable to get the IE control
E, 3504, 17, 2013/05/23, 17:02:05.443, 2819494359291, QTAgent32.exe, IEDOM: GetIEWebControl() is unable to get the IE control
E, 3504, 17, 2013/05/23, 17:02:05.450, 2819494459655, QTAgent32.exe, IEDOM: GetIEWebControl() is unable to get the IE control
E, 3504, 17, 2013/05/23, 17:02:05.461, 2819494624800, QTAgent32.exe, IEDOM: GetIEWebControl() is unable to get the IE control
E, 3504, 17, 2013/05/23, 17:02:05.468, 2819494728099, QTAgent32.exe, IEDOM: GetIEWebControl() is unable to get the IE control
E, 3504, 17, 2013/05/23, 17:02:05.475, 2819494827723, QTAgent32.exe, IEDOM: GetIEWebControl() is unable to get the IE control
E, 3504, 17, 2013/05/23, 17:02:05.483, 2819494929778, QTAgent32.exe, IEDOM: GetIEWebControl() is unable to get the IE control
E, 3504, 17, 2013/05/23, 17:02:05.490, 2819495029605, QTAgent32.exe, IEDOM: GetIEWebControl() is unable to get the IE control
E, 3504, 17, 2013/05/23, 17:02:05.497, 2819495133502, QTAgent32.exe, IEDOM: GetIEWebControl() is unable to get the IE control
E, 3504, 17, 2013/05/23, 17:02:05.504, 2819495235458, QTAgent32.exe, IEDOM: GetIEWebControl() is unable to get the IE control
E, 3504, 17, 2013/05/23, 17:02:05.511, 2819495338867, QTAgent32.exe, IEDOM: GetIEWebControl() is unable to get the IE control
E, 3504, 17, 2013/05/23, 17:02:05.518, 2819495441190, QTAgent32.exe, IEDOM: GetIEWebControl() is unable to get the IE control
E, 3504, 17, 2013/05/23, 17:02:05.550, 2819495901913, QTAgent32.exe, IEDOM: GetIEWebControl() is unable to get the IE control
E, 3504, 17, 2013/05/23, 17:02:05.560, 2819496037584, QTAgent32.exe, IEDOM: GetIEWebControl() is unable to get the IE control
E, 3504, 17, 2013/05/23, 17:02:05.567, 2819496143157, QTAgent32.exe, IEDOM: GetIEWebControl() is unable to get the IE control
E, 3504, 17, 2013/05/23, 17:02:05.574, 2819496244835, QTAgent32.exe, IEDOM: GetIEWebControl() is unable to get the IE control
E, 3504, 17, 2013/05/23, 17:02:05.582, 2819496348261, QTAgent32.exe, IEDOM: GetIEWebControl() is unable to get the IE control
E, 3504, 17, 2013/05/23, 17:02:05.589, 2819496452032, QTAgent32.exe, IEDOM: GetIEWebControl() is unable to get the IE control
E, 3504, 17, 2013/05/23, 17:02:05.596, 2819496553375, QTAgent32.exe, IEDOM: GetIEWebControl() is unable to get the IE control
E, 3504, 17, 2013/05/23, 17:02:05.604, 2819496665305, QTAgent32.exe, IEDOM: GetIEWebControl() is unable to get the IE control
E, 3504, 17, 2013/05/23, 17:02:05.611, 2819496770810, QTAgent32.exe, IEDOM: GetIEWebControl() is unable to get the IE control
E, 3504, 17, 2013/05/23, 17:02:05.619, 2819496880271, QTAgent32.exe, IEDOM: GetIEWebControl() is unable to get the IE control
E, 3504, 17, 2013/05/23, 17:02:05.768, 2819499012428, QTAgent32.exe, IEDOM: GetIEWebControl() is unable to get the IE control
W, 3504, 17, 2013/05/23, 17:02:05.777, 2819499147575, QTAgent32.exe, Playback - [WARNING] Internal warning: Couldn't get clickable point for ScreenUIElement since it was obscured by another UI element. See comparison tracing below
\0
E, 3504, 17, 2013/05/23, 17:02:05.784, 2819499245364, QTAgent32.exe, IEDOM: GetIEWebControl() is unable to get the IE control
E, 3504, 17, 2013/05/23, 17:02:05.791, 2819499347688, QTAgent32.exe, IEDOM: GetIEWebControl() is unable to get the IE control
E, 3504, 17, 2013/05/23, 17:02:05.798, 2819499451502, QTAgent32.exe, IEDOM: GetIEWebControl() is unable to get the IE control
E, 3504, 17, 2013/05/23, 17:02:05.806, 2819499562262, QTAgent32.exe, IEDOM: GetIEWebControl() is unable to get the IE control
E, 3504, 17, 2013/05/23, 17:02:05.813, 2819499662889, QTAgent32.exe, IEDOM: GetIEWebControl() is unable to get the IE control
E, 3504, 17, 2013/05/23, 17:02:05.820, 2819499762790, QTAgent32.exe, IEDOM: GetIEWebControl() is unable to get the IE control
E, 3504, 17, 2013/05/23, 17:02:05.827, 2819499861717, QTAgent32.exe, IEDOM: GetIEWebControl() is unable to get the IE control
E, 3504, 17, 2013/05/23, 17:02:05.834, 2819499963073, QTAgent32.exe, IEDOM: GetIEWebControl() is unable to get the IE control
E, 3504, 17, 2013/05/23, 17:02:05.841, 2819500064217, QTAgent32.exe, IEDOM: GetIEWebControl() is unable to get the IE control
E, 3504, 17, 2013/05/23, 17:02:05.849, 2819500170235, QTAgent32.exe, IEDOM: GetIEWebControl() is unable to get the IE control
E, 3504, 17, 2013/05/23, 17:02:05.856, 2819500270813, QTAgent32.exe, IEDOM: GetIEWebControl() is unable to get the IE control
E, 3504, 17, 2013/05/23, 17:02:05.863, 2819500371209, QTAgent32.exe, IEDOM: GetIEWebControl() is unable to get the IE control
E, 3504, 17, 2013/05/23, 17:02:05.870, 2819500474136, QTAgent32.exe, IEDOM: GetIEWebControl() is unable to get the IE control
E, 3504, 17, 2013/05/23, 17:02:05.877, 2819500576085, QTAgent32.exe, IEDOM: GetIEWebControl() is unable to get the IE control
E, 3504, 17, 2013/05/23, 17:02:05.884, 2819500676247, QTAgent32.exe, IEDOM: GetIEWebControl() is unable to get the IE control
E, 3504, 17, 2013/05/23, 17:02:05.891, 2819500776588, QTAgent32.exe, IEDOM: GetIEWebControl() is unable to get the IE control
E, 3504, 17, 2013/05/23, 17:02:05.898, 2819500882654, QTAgent32.exe, IEDOM: GetIEWebControl() is unable to get the IE control
E, 3504, 17, 2013/05/23, 17:02:05.905, 2819500983827, QTAgent32.exe, IEDOM: GetIEWebControl() is unable to get the IE control
E, 3504, 17, 2013/05/23, 17:02:05.913, 2819501088786, QTAgent32.exe, IEDOM: GetIEWebControl() is unable to get the IE control
E, 3504, 17, 2013/05/23, 17:02:05.920, 2819501188954, QTAgent32.exe, IEDOM: GetIEWebControl() is unable to get the IE control
E, 3504, 17, 2013/05/23, 17:02:05.927, 2819501288243, QTAgent32.exe, IEDOM: GetIEWebControl() is unable to get the IE control
E, 3504, 17, 2013/05/23, 17:02:05.934, 2819501388653, QTAgent32.exe, IEDOM: GetIEWebControl() is unable to get the IE control
E, 3504, 17, 2013/05/23, 17:02:05.941, 2819501491208, QTAgent32.exe, IEDOM: GetIEWebControl() is unable to get the IE control
E, 3504, 17, 2013/05/23, 17:02:05.948, 2819501592312, QTAgent32.exe, IEDOM: GetIEWebControl() is unable to get the IE control
E, 3504, 17, 2013/05/23, 17:02:05.955, 2819501698619, QTAgent32.exe, IEDOM: GetIEWebControl() is unable to get the IE control
E, 3504, 17, 2013/05/23, 17:02:05.963, 2819501802957, QTAgent32.exe, IEDOM: GetIEWebControl() is unable to get the IE control
E, 3504, 17, 2013/05/23, 17:02:05.970, 2819501904260, QTAgent32.exe, IEDOM: GetIEWebControl() is unable to get the IE control
E, 3504, 17, 2013/05/23, 17:02:05.977, 2819502004323, QTAgent32.exe, IEDOM: GetIEWebControl() is unable to get the IE control
E, 3504, 17, 2013/05/23, 17:02:05.984, 2819502108188, QTAgent32.exe, IEDOM: GetIEWebControl() is unable to get the IE control
E, 3504, 17, 2013/05/23, 17:02:05.991, 2819502211510, QTAgent32.exe, IEDOM: GetIEWebControl() is unable to get the IE control
E, 3504, 17, 2013/05/23, 17:02:05.999, 2819502323756, QTAgent32.exe, IEDOM: GetIEWebControl() is unable to get the IE control
E, 3504, 17, 2013/05/23, 17:02:06.007, 2819502433818, QTAgent32.exe, IEDOM: GetIEWebControl() is unable to get the IE control
E, 3504, 17, 2013/05/23, 17:02:06.014, 2819502534361, QTAgent32.exe, IEDOM: GetIEWebControl() is unable to get the IE control
E, 3504, 17, 2013/05/23, 17:02:06.042, 2819502936459, QTAgent32.exe, &lt;a class=failure&gt;Playback - {114} [FAILED] MouseButtonClick - "[Web]ControlType='Hyperlink' &amp;&amp; TagName='A' &amp;&amp; Id='' &amp;&amp; Name='' &amp;&amp; Target='' &amp;&amp; InnerText='Renewals Maintenance' &amp;&amp; FilterCondition(AbsolutePath='/sysmaint/content/leftbar.asp', Title='', Href='https://www.insur-econnect.com/sysmaint/content/leftbar.asp#', Class='', ControlDefinition='style="COLOR: white" href="#"', TagInstance='39')"\0&lt;/a&gt;
E, 3504, 17, 2013/05/23, 17:02:06.190, 2819505065364, QTAgent32.exe, Playback - [IMAGE] C:\Users\testuser\AppData\Local\Temp\UITestLogs\LastRun\RPFB9D5.png
\0
E, 3504, 17, 2013/05/23, 17:02:06.408, 2819508177578, QTAgent32.exe, AL: Playback Error: Microsoft.VisualStudio.TestTools.UITest.Extension.FailedToPerformActionOnBlockedControlException: Another control is blocking the control. Please make the blocked control visible and retry the action. Additional Details: 
TechnologyName:  'Web'
ControlType:  'Hyperlink'
Id:  ''
Name:  ''
TagName:  'A'
Target:  ''
InnerText:  'Renewals Maintenance'
 ---&gt; System.Runtime.InteropServices.COMException: Exception from HRESULT: 0xF004F003
   at Microsoft.VisualStudio.TestTools.UITest.Playback.Engine.IScreenElement.MouseButtonClick(Int32 x, Int32 y, Int32 nButton, Int32 fEnsureVisible, String bstrKeyModifiers)
   at Microsoft.VisualStudio.TestTools.UITest.Playback.ScreenElement.MouseButtonClick(Int32 x, Int32 y, MouseButtons button, ModifierKeys modifierKeys, Int32 ensureVisible)
   at Microsoft.VisualStudio.TestTools.UITesting.UITestControl.Click(MouseButtons button, ModifierKeys modifierKeys, Point relativeCoordinates)
   --- End of inner exception stack trace ---
   at Microsoft.VisualStudio.TestTools.UITesting.Playback.MapAndThrowComException(COMException innerException, IPlaybackContext context)
   at Microsoft.VisualStudio.TestTools.UITesting.Playback.MapAndThrowException(SystemException exception, IPlaybackContext context)
   at Microsoft.VisualStudio.TestTools.UITesting.Playback.MapAndThrowException(SystemException exception, String actionName, UITestControl uiControl, Point point)
   at Microsoft.VisualStudio.TestTools.UITesting.UITestControl.Click(MouseButtons button, ModifierKeys modifierKeys, Point relativeCoordinates)
   at Microsoft.VisualStudio.TestTools.UITesting.Mouse.ClickImplementation(UITestControl control, MouseButtons button, ModifierKeys modifierKeys, Point relativeCoordinate)
   at Microsoft.VisualStudio.TestTools.UITesting.Mouse.ClickImplementationWrapper(UITestControl control, MouseButtons button, ModifierKeys modifierKeys, Point relativeCoordinate)
W, 3504, 17, 2013/05/23, 17:02:09.700, 2819555312190, QTAgent32.exe, IEDOM : StopSession of the plugin called before StartSession
W, 3504, 17, 2013/05/23, 17:02:09.700, 2819555314172, QTAgent32.exe, UIA : StopSession of the plugin called before StartSession
</DebugTrace>
        <ErrorInfo>
          <Message>Test method Ver1.CodedUITest2.MotoRenewalBefore threw exception: 
Microsoft.VisualStudio.TestTools.UITest.Extension.FailedToPerformActionOnBlockedControlException: Another control is blocking the control. Please make the blocked control visible and retry the action. Additional Details: 
TechnologyName:  'Web'
ControlType:  'Hyperlink'
Id:  ''
Name:  ''
TagName:  'A'
Target:  ''
InnerText:  'Renewals Maintenance'
 ---&gt; System.Runtime.InteropServices.COMException: Exception from HRESULT: 0xF004F003</Message>
          <StackTrace>    at Microsoft.VisualStudio.TestTools.UITest.Playback.Engine.IScreenElement.MouseButtonClick(Int32 x, Int32 y, Int32 nButton, Int32 fEnsureVisible, String bstrKeyModifiers)
   at Microsoft.VisualStudio.TestTools.UITest.Playback.ScreenElement.MouseButtonClick(Int32 x, Int32 y, MouseButtons button, ModifierKeys modifierKeys, Int32 ensureVisible)
   at Microsoft.VisualStudio.TestTools.UITesting.UITestControl.Click(MouseButtons button, ModifierKeys modifierKeys, Point relativeCoordinates)
 --- End of inner exception stack trace ---
    at Microsoft.VisualStudio.TestTools.UITesting.Playback.MapAndThrowComException(COMException innerException, IPlaybackContext context)
   at Microsoft.VisualStudio.TestTools.UITesting.Playback.MapAndThrowException(SystemException exception, IPlaybackContext context)
   at Microsoft.VisualStudio.TestTools.UITesting.Playback.MapAndThrowException(SystemException exception, String actionName, UITestControl uiControl, Point point)
   at Microsoft.VisualStudio.TestTools.UITesting.UITestControl.Click(MouseButtons button, ModifierKeys modifierKeys, Point relativeCoordinates)
   at Microsoft.VisualStudio.TestTools.UITesting.Mouse.ClickImplementation(UITestControl control, MouseButtons button, ModifierKeys modifierKeys, Point relativeCoordinate)
   at Microsoft.VisualStudio.TestTools.UITesting.Mouse.ClickImplementationWrapper(UITestControl control, MouseButtons button, ModifierKeys modifierKeys, Point relativeCoordinate)
   at Microsoft.VisualStudio.TestTools.UITesting.Mouse.Click(UITestControl control, Point relativeCoordinate)
   at Ver1.UIMap.OpenBrowser2() in C:\AutotestTam1205\TestProject7\UIMap.cs:line 256
   at Ver1.CodedUITest2.MotoRenewalBefore() in C:\AutotestTam1205\TestProject7\CodedUITest2.cs:line 510
</StackTrace>
        </ErrorInfo>
      </Output>
      <ResultFiles>
        <ResultFile path="ICLVDEVTM02\MotoRenewalBefore.png" />
      </ResultFiles>
      <ExtensionResult>Exception has been thrown by the target of an invocation.</ExtensionResult>
    </UnitTestResult>
    <UnitTestResult executionId="3f48f76a-f837-4a6b-97d9-5b7b4b155af7" testId="59ab65b8-39fb-2b8e-741c-56360969c63c" testName="MotoRenewalAfter" computerName="ICLVDEVTM02" duration="00:08:57.8602012" startTime="2013-05-23T17:02:09.7828586+01:00" endTime="2013-05-23T17:11:07.6941646+01:00" testType="13cdc9d9-ddb5-4fa4-a97d-d965ccfc6d4b" outcome="Failed" testListId="8c84fa94-04c1-424b-9868-57a2d4851a1d" relativeResultsDirectory="3f48f76a-f837-4a6b-97d9-5b7b4b155af7">
      <Output>
        <DebugTrace>W, 3504, 19, 2013/05/23, 17:02:15.482, 2819638097644, QTAgent32.exe, &lt;a class=success&gt;Playback - {1} [SUCCESS] MouseButtonClick - "[MSAA, VisibleOnly]ControlType='Edit'"
\0&lt;/a&gt;
W, 3504, 19, 2013/05/23, 17:02:15.805, 2819642731528, QTAgent32.exe, &lt;a class=success&gt;Playback - {2} [SUCCESS] SendKeys "[*]" - "[MSAA, VisibleOnly]ControlType='Edit'"
\0&lt;/a&gt;
W, 3504, 19, 2013/05/23, 17:02:16.525, 2819653037975, QTAgent32.exe, &lt;a class=success&gt;Playback - {3} [SUCCESS] MouseButtonClick - "[MSAA, VisibleOnly]ControlType='Button' &amp;&amp; Name='OK'"
\0&lt;/a&gt;
W, 3504, 19, 2013/05/23, 17:02:16.850, 2819657685904, QTAgent32.exe, &lt;a class=success&gt;Playback - {4} [SUCCESS] SendKeys "^{HOME}" - "[MSAA, VisibleOnly]ControlType='Edit'"
\0&lt;/a&gt;
E, 3504, 19, 2013/05/23, 17:02:16.850, 2819657688975, QTAgent32.exe, Msaa.GetFocusedElement: could not find accessible object of foreground window
W, 3504, 19, 2013/05/23, 17:02:16.912, 2819658579404, QTAgent32.exe, &lt;a class=success&gt;Playback - {5} [SUCCESS] SendKeys "^+{END}" - "[MSAA, VisibleOnly]ControlType='Edit'"
\0&lt;/a&gt;
E, 3504, 19, 2013/05/23, 17:02:16.913, 2819658593211, QTAgent32.exe, Msaa.GetFocusedElement: could not find accessible object of foreground window
W, 3504, 19, 2013/05/23, 17:02:16.958, 2819659244184, QTAgent32.exe, &lt;a class=success&gt;Playback - {6} [SUCCESS] SendKeys "{DELETE}" - "[MSAA, VisibleOnly]ControlType='Edit'"
\0&lt;/a&gt;
W, 3504, 19, 2013/05/23, 17:02:17.457, 2819666382652, QTAgent32.exe, &lt;a class=success&gt;Playback - {7} [SUCCESS] SetValueAsEditBox "23/05/2013" - "[MSAA, VisibleOnly]ControlType='Edit'"  &lt; Set via SendKeys &gt;
\0&lt;/a&gt;
W, 3504, 19, 2013/05/23, 17:02:18.011, 2819674313226, QTAgent32.exe, Playback - [WARNING] Internal warning: Incorrect flag set for InvokeProgrammaticAction\0
W, 3504, 19, 2013/05/23, 17:02:18.131, 2819676037179, QTAgent32.exe, &lt;a class=success&gt;Playback - {8} [SUCCESS] SetValueAsComboBox "May" - "[MSAA, VisibleOnly]ControlType='ComboBox'"  &lt; SetValueAsComboBox, set by clicking on the item in the list box &gt;
\0&lt;/a&gt;
W, 3504, 19, 2013/05/23, 17:02:18.447, 2819680554541, QTAgent32.exe, &lt;a class=success&gt;Playback - {9} [SUCCESS] SendKeys "^{HOME}" - "[MSAA, VisibleOnly]ControlType='Edit'"
\0&lt;/a&gt;
E, 3504, 19, 2013/05/23, 17:02:18.447, 2819680557932, QTAgent32.exe, Msaa.GetFocusedElement: could not find accessible object of foreground window
W, 3504, 19, 2013/05/23, 17:02:18.512, 2819681485264, QTAgent32.exe, &lt;a class=success&gt;Playback - {10} [SUCCESS] SendKeys "^+{END}" - "[MSAA, VisibleOnly]ControlType='Edit'"
\0&lt;/a&gt;
E, 3504, 19, 2013/05/23, 17:02:18.512, 2819681488658, QTAgent32.exe, Msaa.GetFocusedElement: could not find accessible object of foreground window
W, 3504, 19, 2013/05/23, 17:02:18.527, 2819681709270, QTAgent32.exe, &lt;a class=success&gt;Playback - {11} [SUCCESS] SendKeys "{DELETE}" - "[MSAA, VisibleOnly]ControlType='Edit'"
\0&lt;/a&gt;
W, 3504, 19, 2013/05/23, 17:02:18.750, 2819684901579, QTAgent32.exe, &lt;a class=success&gt;Playback - {12} [SUCCESS] SetValueAsEditBox "2013" - "[MSAA, VisibleOnly]ControlType='Edit'"  &lt; Set via SendKeys &gt;
\0&lt;/a&gt;
W, 3504, 19, 2013/05/23, 17:02:18.984, 2819688235890, QTAgent32.exe, &lt;a class=success&gt;Playback - {13} [SUCCESS] MouseButtonClick - "[MSAA, VisibleOnly]ControlType='Button' &amp;&amp; Name='OK'"
\0&lt;/a&gt;
W, 3504, 19, 2013/05/23, 17:02:20.116, 2819704451123, QTAgent32.exe, Playback - [WARNING] Internal warning: Window Not Found: [VisibleOnly]ControlType='Window' &amp;&amp; Name='Warning' &amp;&amp; ClassName='#32770'
\0
E, 3504, 19, 2013/05/23, 17:02:20.116, 2819704454740, QTAgent32.exe, &lt;a class=failure&gt;Playback - {14} [FAILED] Function ElementFetcher::FindScreenElement failed to locate UI element (Searching: ;[VisibleOnly]ControlType='Window' &amp;&amp; Name='Warning' &amp;&amp; ClassName='#32770') (The object specified was not found.)
\0&lt;/a&gt;
E, 3504, 19, 2013/05/23, 17:02:20.200, 2819705654071, QTAgent32.exe, Playback - [IMAGE] C:\Users\testuser\AppData\Local\Temp\UITestLogs\LastRun\RPFF0CD.png
\0
W, 3504, 19, 2013/05/23, 17:02:20.200, 2819705656576, QTAgent32.exe, Playback - [WARNING] Internal warning: Couldn't find descendants that match QueryId
\0
W, 3504, 19, 2013/05/23, 17:02:20.200, 2819705659428, QTAgent32.exe, PERF WARNING: FindTopLevelWindowHelper::FindAllDescendents: took 1095 ms. Expected it to take maximum 500 ms.
W, 3504, 19, 2013/05/23, 17:02:38.225, 2819963738335, QTAgent32.exe, Playback - [WARNING] Internal warning: Window Not Found: [VisibleOnly]ControlType='Window' &amp;&amp; Name='Warning' &amp;&amp; ClassName='#32770'
\0
E, 3504, 19, 2013/05/23, 17:02:38.225, 2819963741658, QTAgent32.exe, &lt;a class=failure&gt;Playback - {15} [FAILED] Function ElementFetcher::FindScreenElement failed to locate UI element (Searching: ;[VisibleOnly]ControlType='Window' &amp;&amp; Name='Warning' &amp;&amp; ClassName='#32770') (The object specified was not found.)
\0&lt;/a&gt;
E, 3504, 19, 2013/05/23, 17:02:38.312, 2819964996917, QTAgent32.exe, Playback - [IMAGE] C:\Users\testuser\AppData\Local\Temp\UITestLogs\LastRun\RPF378E.png
\0
W, 3504, 19, 2013/05/23, 17:02:38.313, 2819964999255, QTAgent32.exe, Playback - [WARNING] Internal warning: Couldn't find descendants that match QueryId
\0
W, 3504, 19, 2013/05/23, 17:02:38.313, 2819965002523, QTAgent32.exe, PERF WARNING: FindTopLevelWindowHelper::FindAllDescendents: took 18112 ms. Expected it to take maximum 500 ms.
W, 3504, 19, 2013/05/23, 17:02:38.786, 2819971774486, QTAgent32.exe, Playback - [WARNING] Internal warning: Smart Match failed
\0
W, 3504, 19, 2013/05/23, 17:02:39.012, 2819975009273, QTAgent32.exe, Playback - [WARNING] Internal warning: Smart Match failed
\0
W, 3504, 19, 2013/05/23, 17:02:39.214, 2819977898121, QTAgent32.exe, Playback - [WARNING] Internal warning: Smart Match failed
\0
W, 3504, 19, 2013/05/23, 17:02:39.409, 2819980690787, QTAgent32.exe, Playback - [WARNING] Internal warning: Smart Match failed
\0
W, 3504, 19, 2013/05/23, 17:02:39.632, 2819983892187, QTAgent32.exe, Playback - [WARNING] Internal warning: Smart Match failed
\0
W, 3504, 19, 2013/05/23, 17:02:39.832, 2819986748891, QTAgent32.exe, Playback - [WARNING] Internal warning: Smart Match failed
\0
W, 3504, 19, 2013/05/23, 17:02:40.034, 2819989646144, QTAgent32.exe, Playback - [WARNING] Internal warning: Smart Match failed
\0
W, 3504, 19, 2013/05/23, 17:02:40.240, 2819992592419, QTAgent32.exe, Playback - [WARNING] Internal warning: Smart Match failed
\0
W, 3504, 19, 2013/05/23, 17:02:40.441, 2819995472636, QTAgent32.exe, Playback - [WARNING] Internal warning: Smart Match failed
\0
W, 3504, 19, 2013/05/23, 17:02:40.645, 2819998388734, QTAgent32.exe, Playback - [WARNING] Internal warning: Smart Match failed
\0
W, 3504, 19, 2013/05/23, 17:02:40.848, 2820001297161, QTAgent32.exe, Playback - [WARNING] Internal warning: Smart Match failed
\0
W, 3504, 19, 2013/05/23, 17:02:41.051, 2820004203771, QTAgent32.exe, Playback - [WARNING] Internal warning: Smart Match failed
\0
W, 3504, 19, 2013/05/23, 17:02:41.250, 2820007054766, QTAgent32.exe, Playback - [WARNING] Internal warning: Smart Match failed
\0
W, 3504, 19, 2013/05/23, 17:02:41.333, 2820008238318, QTAgent32.exe, Playback - [WARNING] Internal warning: Window Not Found: [VisibleOnly]ControlType='Window' &amp;&amp; Name='Warning' &amp;&amp; ClassName='#32770'
\0
E, 3504, 19, 2013/05/23, 17:02:41.333, 2820008241135, QTAgent32.exe, &lt;a class=failure&gt;Playback - {16} [FAILED] Function ElementFetcher::FindScreenElement failed to locate UI element (Searching: ;[VisibleOnly]ControlType='Window' &amp;&amp; Name='Warning' &amp;&amp; ClassName='#32770') (The object specified was not found.)
\0&lt;/a&gt;
E, 3504, 19, 2013/05/23, 17:02:41.412, 2820009380811, QTAgent32.exe, Playback - [IMAGE] C:\Users\testuser\AppData\Local\Temp\UITestLogs\LastRun\RPF43B0.png
\0
W, 3504, 19, 2013/05/23, 17:02:41.413, 2820009383168, QTAgent32.exe, Playback - [WARNING] Internal warning: Couldn't find descendants that match QueryId
\0
W, 3504, 19, 2013/05/23, 17:02:41.413, 2820009386633, QTAgent32.exe, PERF WARNING: FindTopLevelWindowHelper::FindAllDescendents: took 3099 ms. Expected it to take maximum 500 ms.
E, 3504, 19, 2013/05/23, 17:02:41.413, 2820009388496, QTAgent32.exe, Exception: System.Runtime.InteropServices.COMException
	Message: Error HRESULT E_FAIL has been returned from a call to a COM component.
	Stack Trace:    at Microsoft.VisualStudio.TestTools.UITest.Playback.Engine.IRPFPlayback.FindAllScreenElements(IScreenElement pScreenElementStart, String bstrQueryId, Object&amp; pvarResKeys, Int32 cResKeys, Int32 nMaxDepth, Object[]&amp; foundDescendants)
   at Microsoft.VisualStudio.TestTools.UITest.Playback.ScreenElement.FindTopLevelWindowHelper(String queryId)
	BaseExceptionMessage: Error HRESULT E_FAIL has been returned from a call to a COM component.

E, 3504, 19, 2013/05/23, 17:02:41.579, 2820011762558, QTAgent32.exe, AL: Playback Error: Microsoft.VisualStudio.TestTools.UITest.Extension.UITestControlNotFoundException: The playback failed to find the control with the given search properties. Additional Details: 
TechnologyName:  'MSAA'
ControlType:  'Window'
Name:  'Warning'
ClassName:  '#32770'
 ---&gt; System.Runtime.InteropServices.COMException: Error HRESULT E_FAIL has been returned from a call to a COM component.
   at Microsoft.VisualStudio.TestTools.UITest.Playback.Engine.IRPFPlayback.FindAllScreenElements(IScreenElement pScreenElementStart, String bstrQueryId, Object&amp; pvarResKeys, Int32 cResKeys, Int32 nMaxDepth, Object[]&amp; foundDescendants)
   at Microsoft.VisualStudio.TestTools.UITest.Playback.ScreenElement.FindTopLevelWindowHelper(String queryId)
   at Microsoft.VisualStudio.TestTools.UITest.Playback.ScreenElement.FindFromPartialQueryId(String queryId)
   at Microsoft.VisualStudio.TestTools.UITesting.UITestControl..ctor(String queryId)
   --- End of inner exception stack trace ---
   at Microsoft.VisualStudio.TestTools.UITesting.Playback.MapControlNotFoundException(COMException ex, IPlaybackContext context)
   at Microsoft.VisualStudio.TestTools.UITesting.Playback.MapAndThrowComException(COMException innerException, IPlaybackContext context)
   at Microsoft.VisualStudio.TestTools.UITesting.Playback.MapAndThrowException(SystemException exception, IPlaybackContext context)
   at Microsoft.VisualStudio.TestTools.UITesting.Playback.MapAndThrowException(SystemException exception, String queryId)
   at Microsoft.VisualStudio.TestTools.UITesting.UITestControl..ctor(String queryId)
   at Microsoft.VisualStudio.TestTools.UITesting.SearchHelper.SearchTopLevelWindow(ISearchArgument topLevelSearchArg, String topLevelElementQueryId)
   at Microsoft.VisualStudio.TestTools.UITesting.SearchHelper.GetTitleUpdatedTopLevelWindow(ISearchArgument topLevelSearchArg, String queryId, IList`1 windowTitles)
   at Microsoft.VisualStudio.TestTools.UITesting.SearchHelper.GetTopLevelElement(Boolean useCache, Boolean useCacheOnly, ISearchArgument searchArg, IList`1 windowTitles, Int32&amp; timeLeft)
   at Microsoft.VisualStudio.TestTools.UITesting.SearchHelper.GetElement(Boolean useCache, ISearchArgument searchArg)
   at Microsoft.VisualStudio.TestTools.UITesting.SearchHelper.Search(ISearchArgument searchArg)
   at Microsoft.VisualStudio.TestTools.UITesting.UITestControl.FindInternal()
   at Microsoft.VisualStudio.TestTools.UITesting.UITestControl.FindControlIfNecessary()
   at Microsoft.VisualStudio.TestTools.UITesting.UITestControl.Click(MouseButtons button, ModifierKeys modifierKeys, Point relativeCoordinates)
   at Microsoft.VisualStudio.TestTools.UITesting.Mouse.ClickImplementation(UITestControl control, MouseButtons button, ModifierKeys modifierKeys, Point relativeCoordinate)
   at Microsoft.VisualStudio.TestTools.UITesting.Mouse.ClickImplementationWrapper(UITestControl control, MouseButtons button, ModifierKeys modifierKeys, Point relativeCoordinate)
W, 3504, 19, 2013/05/23, 17:02:41.579, 2820011767867, QTAgent32.exe, PlaybackErrorHandler: Ignoring exception as ContinueOnError is set.
W, 3504, 19, 2013/05/23, 17:02:41.613, 2820012248071, QTAgent32.exe, &lt;a class=success&gt;Playback - {17} [SUCCESS] TypeString "#(R)"
\0&lt;/a&gt;
E, 3504, 19, 2013/05/23, 17:02:42.551, 2820025673008, QTAgent32.exe, Exception: System.ArgumentException
	Message: Value does not fall within the expected range.
	Stack Trace:    at Accessibility.IAccessible.get_accRole(Object varChild)
   at Microsoft.VisualStudio.TestTools.UITest.Extension.Msaa.AccWrapper.get_RoleInt()
	BaseExceptionMessage: Value does not fall within the expected range.

E, 3504, 19, 2013/05/23, 17:02:42.567, 2820025906840, QTAgent32.exe, Exception: System.ArgumentException
	Message: Value does not fall within the expected range.
	Stack Trace:    at Accessibility.IAccessible.get_accRole(Object varChild)
   at Microsoft.VisualStudio.TestTools.UITest.Extension.Msaa.AccWrapper.get_RoleInt()
	BaseExceptionMessage: Value does not fall within the expected range.

W, 3504, 19, 2013/05/23, 17:02:43.346, 2820037057553, QTAgent32.exe, &lt;a class=success&gt;Playback - {18} [SUCCESS] LeftButtonClick  &lt; Mouse cursor location (87, 908) &gt;
\0&lt;/a&gt;
W, 3504, 19, 2013/05/23, 17:02:44.687, 2820056271704, QTAgent32.exe, &lt;a class=success&gt;Playback - {19} [SUCCESS] SetValueAsEditBox "c:\TestProject7\ourhighway.reg"  &lt; Set via SendKeys &gt;
\0&lt;/a&gt;
W, 3504, 19, 2013/05/23, 17:02:44.688, 2820056274533, QTAgent32.exe, &lt;a class=success&gt;Playback - {20} [SUCCESS] SetValueAsComboBox "c:\TestProject7\ourhighway.reg" - "[MSAA, VisibleOnly]ControlType='ComboBox' &amp;&amp; Name='Open:'"  &lt; Set via SetValueAsEditBox &gt;
\0&lt;/a&gt;
W, 3504, 19, 2013/05/23, 17:02:44.935, 2820059821431, QTAgent32.exe, &lt;a class=success&gt;Playback - {21} [SUCCESS] MouseButtonClick - "[MSAA, VisibleOnly]ControlType='Button' &amp;&amp; Name='OK'"
\0&lt;/a&gt;
W, 3504, 19, 2013/05/23, 17:02:45.322, 2820065352358, QTAgent32.exe, Playback - [WARNING] Internal warning: Window Not Found: [VisibleOnly]ControlType='Window' &amp;&amp; Name='Registry Editor' &amp;&amp; ClassName='#32770'
\0
E, 3504, 19, 2013/05/23, 17:02:45.322, 2820065355756, QTAgent32.exe, &lt;a class=failure&gt;Playback - {22} [FAILED] Function ElementFetcher::FindScreenElement failed to locate UI element (Searching: ;[VisibleOnly]ControlType='Window' &amp;&amp; Name='Registry Editor' &amp;&amp; ClassName='#32770') (The object specified was not found.)
\0&lt;/a&gt;
E, 3504, 19, 2013/05/23, 17:02:45.592, 2820069228452, QTAgent32.exe, Playback - [IMAGE] C:\Users\testuser\AppData\Local\Temp\UITestLogs\LastRun\RPF534A.png
\0
W, 3504, 19, 2013/05/23, 17:02:45.592, 2820069230943, QTAgent32.exe, Playback - [WARNING] Internal warning: Couldn't find descendants that match QueryId
\0
W, 3504, 19, 2013/05/23, 17:02:45.593, 2820069233894, QTAgent32.exe, PERF WARNING: FindTopLevelWindowHelper::FindAllDescendents: took 557 ms. Expected it to take maximum 500 ms.
W, 3504, 19, 2013/05/23, 17:02:46.343, 2820079976109, QTAgent32.exe, PERF WARNING: FindTopLevelWindowHelper::FindAllDescendents: took 749 ms. Expected it to take maximum 500 ms.
W, 3504, 19, 2013/05/23, 17:02:46.692, 2820084973179, QTAgent32.exe, &lt;a class=success&gt;Playback - {23} [SUCCESS] MouseButtonClick - "[MSAA, VisibleOnly]ControlType='Button' &amp;&amp; Name='Yes'"
\0&lt;/a&gt;
W, 3504, 19, 2013/05/23, 17:02:47.047, 2820090048864, QTAgent32.exe, &lt;a class=success&gt;Playback - {24} [SUCCESS] MouseButtonClick - "[MSAA, VisibleOnly]ControlType='Button' &amp;&amp; Name='OK'"
\0&lt;/a&gt;
W, 3504, 19, 2013/05/23, 17:02:47.282, 2820093413225, QTAgent32.exe, &lt;a class=success&gt;Playback - {25} [SUCCESS] MouseButtonClick - "[MSAA, VisibleOnly]ControlType='Button' &amp;&amp; Name='Clients &amp; Files'"
\0&lt;/a&gt;
W, 3504, 19, 2013/05/23, 17:02:47.651, 2820098706586, QTAgent32.exe, Playback - [WARNING] Internal warning: Window Not Found: [VisibleOnly]ControlType='Window' &amp;&amp; ClassName='ThunderRT6MDIForm'
\0
E, 3504, 19, 2013/05/23, 17:02:47.652, 2820098710849, QTAgent32.exe, &lt;a class=failure&gt;Playback - {26} [FAILED] Function ElementFetcher::FindScreenElement failed to locate UI element (Searching: ;[VisibleOnly]ControlType='Window' &amp;&amp; ClassName='ThunderRT6MDIForm') (The object specified was not found.)
\0&lt;/a&gt;
E, 3504, 19, 2013/05/23, 17:02:47.737, 2820099940285, QTAgent32.exe, Playback - [IMAGE] C:\Users\testuser\AppData\Local\Temp\UITestLogs\LastRun\RPF5C60.png
\0
W, 3504, 19, 2013/05/23, 17:02:47.738, 2820099942880, QTAgent32.exe, Playback - [WARNING] Internal warning: Couldn't find descendants that match QueryId
\0
W, 3504, 19, 2013/05/23, 17:02:50.102, 2820133808176, QTAgent32.exe, PERF WARNING: FindTopLevelWindowHelper::FindAllDescendents: took 2364 ms. Expected it to take maximum 500 ms.
W, 3504, 19, 2013/05/23, 17:02:50.994, 2820146566921, QTAgent32.exe, Playback - [WARNING] Internal warning: Incorrect flag set for InvokeProgrammaticAction\0
W, 3504, 19, 2013/05/23, 17:02:51.117, 2820148331799, QTAgent32.exe, &lt;a class=success&gt;Playback - {27} [SUCCESS] SetValueAsComboBox "Customers" - "[MSAA, VisibleOnly]ControlType='ComboBox'"  &lt; SetValueAsComboBox, set by clicking on the item in the list box &gt;
\0&lt;/a&gt;
W, 3504, 19, 2013/05/23, 17:02:51.727, 2820157060387, QTAgent32.exe, &lt;a class=success&gt;Playback - {28} [SUCCESS] MouseButtonClick - "[MSAA, VisibleOnly]ControlType='Button' &amp;&amp; Name='Add'"
\0&lt;/a&gt;
W, 3504, 19, 2013/05/23, 17:02:52.515, 2820168346576, QTAgent32.exe, &lt;a class=success&gt;Playback - {29} [SUCCESS] SendKeys "autotest" - "[MSAA, VisibleOnly]ControlType='RadioButton' &amp;&amp; Name='Personal Lines'"
\0&lt;/a&gt;
W, 3504, 19, 2013/05/23, 17:02:53.544, 2820183079076, QTAgent32.exe, &lt;a class=success&gt;Playback - {30} [SUCCESS] SetValueAsEditBox "autotest" - "[MSAA, VisibleOnly]ControlType='Edit'"  &lt; Set via SendKeys &gt;
\0&lt;/a&gt;
W, 3504, 19, 2013/05/23, 17:02:53.788, 2820186581679, QTAgent32.exe, &lt;a class=success&gt;Playback - {31} [SUCCESS] MouseButtonClick - "[MSAA, VisibleOnly]ControlType='Button' &amp;&amp; Name='OK'"
\0&lt;/a&gt;
W, 3504, 19, 2013/05/23, 17:02:54.103, 2820191084598, QTAgent32.exe, &lt;a class=success&gt;Playback - {32} [SUCCESS] MouseButtonClick - "[MSAA, VisibleOnly]ControlType='Button' &amp;&amp; Name='Yes'"
\0&lt;/a&gt;
W, 3504, 19, 2013/05/23, 17:02:54.607, 2820198296578, QTAgent32.exe, &lt;a class=success&gt;Playback - {33} [SUCCESS] SendKeys "^{HOME}" - "[MSAA, VisibleOnly]ControlType='Edit'"
\0&lt;/a&gt;
E, 3504, 19, 2013/05/23, 17:02:54.607, 2820198301186, QTAgent32.exe, Msaa.GetFocusedElement: could not find accessible object of foreground window
W, 3504, 19, 2013/05/23, 17:02:54.672, 2820199225816, QTAgent32.exe, &lt;a class=success&gt;Playback - {34} [SUCCESS] SendKeys "^+{END}" - "[MSAA, VisibleOnly]ControlType='Edit'"
\0&lt;/a&gt;
E, 3504, 19, 2013/05/23, 17:02:54.672, 2820199229118, QTAgent32.exe, Msaa.GetFocusedElement: could not find accessible object of foreground window
W, 3504, 19, 2013/05/23, 17:02:54.687, 2820199448892, QTAgent32.exe, &lt;a class=success&gt;Playback - {35} [SUCCESS] SendKeys "{DELETE}" - "[MSAA, VisibleOnly]ControlType='Edit'"
\0&lt;/a&gt;
W, 3504, 19, 2013/05/23, 17:02:54.954, 2820203270900, QTAgent32.exe, &lt;a class=success&gt;Playback - {36} [SUCCESS] SetValueAsEditBox "1" - "[MSAA, VisibleOnly]ControlType='Edit'"  &lt; Set via SendKeys &gt;
\0&lt;/a&gt;
W, 3504, 19, 2013/05/23, 17:02:55.342, 2820208828210, QTAgent32.exe, &lt;a class=success&gt;Playback - {37} [SUCCESS] SendKeys "^{HOME}" - "[MSAA, VisibleOnly]ControlType='Edit'"
\0&lt;/a&gt;
E, 3504, 19, 2013/05/23, 17:02:55.343, 2820208832030, QTAgent32.exe, Msaa.GetFocusedElement: could not find accessible object of foreground window
W, 3504, 19, 2013/05/23, 17:02:55.402, 2820209680567, QTAgent32.exe, &lt;a class=success&gt;Playback - {38} [SUCCESS] SendKeys "^+{END}" - "[MSAA, VisibleOnly]ControlType='Edit'"
\0&lt;/a&gt;
E, 3504, 19, 2013/05/23, 17:02:55.402, 2820209684193, QTAgent32.exe, Msaa.GetFocusedElement: could not find accessible object of foreground window
W, 3504, 19, 2013/05/23, 17:02:55.417, 2820209903124, QTAgent32.exe, &lt;a class=success&gt;Playback - {39} [SUCCESS] SendKeys "{DELETE}" - "[MSAA, VisibleOnly]ControlType='Edit'"
\0&lt;/a&gt;
W, 3504, 19, 2013/05/23, 17:02:55.711, 2820214105915, QTAgent32.exe, &lt;a class=success&gt;Playback - {40} [SUCCESS] SetValueAsEditBox "1" - "[MSAA, VisibleOnly]ControlType='Edit'"  &lt; Set via SendKeys &gt;
\0&lt;/a&gt;
W, 3504, 19, 2013/05/23, 17:02:57.325, 2820237220015, QTAgent32.exe, Playback - [WARNING] Internal warning: Target element "[MSAA, VisibleOnly]ControlType='Button' &amp;&amp; Name='OK'" was not found, so all intermediate elements were ignored. An incorrect element that matches target element Id can be found as the result.  Verify that all intermediate elements in QueryId have valid and unique Ids
\0
W, 3504, 19, 2013/05/23, 17:02:57.869, 2820245006904, QTAgent32.exe, PERF WARNING: FindAllDescendents: took 2052 ms. Expected it to take maximum 500 ms.
W, 3504, 19, 2013/05/23, 17:02:58.165, 2820249240209, QTAgent32.exe, &lt;a class=success&gt;Playback - {41} [SUCCESS] MouseButtonClick - "[MSAA, VisibleOnly]ControlType='Button' &amp;&amp; Name='OK'"
\0&lt;/a&gt;
W, 3504, 19, 2013/05/23, 17:02:58.569, 2820255029779, QTAgent32.exe, &lt;a class=success&gt;Playback - {42} [SUCCESS] MouseButtonClick - "[MSAA, VisibleOnly]ControlType='Button'"
\0&lt;/a&gt;
W, 3504, 19, 2013/05/23, 17:02:58.940, 2820260338013, QTAgent32.exe, &lt;a class=success&gt;Playback - {43} [SUCCESS] MouseButtonClick - "[MSAA, VisibleOnly]ControlType='Button' &amp;&amp; Name='Add'"
\0&lt;/a&gt;
W, 3504, 19, 2013/05/23, 17:02:59.324, 2820265839409, QTAgent32.exe, &lt;a class=success&gt;Playback - {44} [SUCCESS] MouseButtonClick - "[MSAA, VisibleOnly]ControlType='Button' &amp;&amp; Name='OK'"
\0&lt;/a&gt;
W, 3504, 19, 2013/05/23, 17:03:01.596, 2820298371754, QTAgent32.exe, &lt;a class=success&gt;Playback - {45} [SUCCESS] MouseButtonClick - "[MSAA, VisibleOnly,Window]ControlType='Window' &amp;&amp; ClassName='ThunderRT6TextBox'"
\0&lt;/a&gt;
W, 3504, 19, 2013/05/23, 17:03:02.237, 2820307550870, QTAgent32.exe, &lt;a class=success&gt;Playback - {46} [SUCCESS] SetValueAsEditBox "MOTO" - "[MSAA, VisibleOnly]ControlType='Edit'"  &lt; Set via SendKeys &gt;
\0&lt;/a&gt;
W, 3504, 19, 2013/05/23, 17:03:02.585, 2820312534347, QTAgent32.exe, &lt;a class=success&gt;Playback - {47} [SUCCESS] MouseButtonClick - "[MSAA, VisibleOnly]ControlType='Button' &amp;&amp; Name='OK'"
\0&lt;/a&gt;
W, 3504, 19, 2013/05/23, 17:03:02.836, 2820316119693, QTAgent32.exe, &lt;a class=success&gt;Playback - {48} [SUCCESS] MouseButtonClick - "[MSAA, VisibleOnly]ControlType='Button' &amp;&amp; Name='Options'"
\0&lt;/a&gt;
W, 3504, 19, 2013/05/23, 17:03:02.936, 2820317556567, QTAgent32.exe, FindScreenElementInSinglePass : Attempting to find control in one pass of search. Failures can occur.
W, 3504, 19, 2013/05/23, 17:03:03.297, 2820322727302, QTAgent32.exe, &lt;a class=success&gt;Playback - {49} [SUCCESS] MouseButtonClick - "[MSAA]ControlType='MenuItem' &amp;&amp; Name='Links'"
\0&lt;/a&gt;
W, 3504, 19, 2013/05/23, 17:03:03.400, 2820324197355, QTAgent32.exe, FindScreenElementInSinglePass : Attempting to find control in one pass of search. Failures can occur.
W, 3504, 19, 2013/05/23, 17:03:03.755, 2820329286437, QTAgent32.exe, &lt;a class=success&gt;Playback - {50} [SUCCESS] MouseButtonClick - "[MSAA]ControlType='MenuItem' &amp;&amp; Name='3rd Party Integration'"
\0&lt;/a&gt;
W, 3504, 19, 2013/05/23, 17:03:03.856, 2820330725659, QTAgent32.exe, FindScreenElementInSinglePass : Attempting to find control in one pass of search. Failures can occur.
W, 3504, 19, 2013/05/23, 17:03:04.207, 2820335751629, QTAgent32.exe, &lt;a class=success&gt;Playback - {51} [SUCCESS] MouseButtonClick - "[MSAA]ControlType='MenuItem' &amp;&amp; Name='Quote Select List'"
\0&lt;/a&gt;
W, 3504, 19, 2013/05/23, 17:03:04.606, 2820341473404, QTAgent32.exe, Playback - [WARNING] Internal warning: Window Not Found: [VisibleOnly]ControlType='Window' &amp;&amp; Name='Current Or Future' &amp;&amp; ClassName='TfCurrentOrFuture'
\0
E, 3504, 19, 2013/05/23, 17:03:04.606, 2820341476673, QTAgent32.exe, &lt;a class=failure&gt;Playback - {52} [FAILED] Function ElementFetcher::FindScreenElement failed to locate UI element (Searching: ;[VisibleOnly]ControlType='Window' &amp;&amp; Name='Current Or Future' &amp;&amp; ClassName='TfCurrentOrFuture') (The object specified was not found.)
\0&lt;/a&gt;
E, 3504, 19, 2013/05/23, 17:03:04.750, 2820343535452, QTAgent32.exe, Playback - [IMAGE] C:\Users\testuser\AppData\Local\Temp\UITestLogs\LastRun\RPF9E9E.png
\0
W, 3504, 19, 2013/05/23, 17:03:04.750, 2820343537754, QTAgent32.exe, Playback - [WARNING] Internal warning: Couldn't find descendants that match QueryId
\0
W, 3504, 19, 2013/05/23, 17:03:07.475, 2820382548719, QTAgent32.exe, PERF WARNING: FindTopLevelWindowHelper::FindAllDescendents: took 2724 ms. Expected it to take maximum 500 ms.
W, 3504, 19, 2013/05/23, 17:03:07.613, 2820384530765, QTAgent32.exe, &lt;a class=success&gt;Playback - {53} [SUCCESS] MouseButtonClick - "[MSAA, VisibleOnly]ControlType='Button' &amp;&amp; Name='Ok'"
\0&lt;/a&gt;
W, 3504, 19, 2013/05/23, 17:03:10.624, 2820427632025, QTAgent32.exe, PERF WARNING: FindTopLevelWindowHelper::FindAllDescendents: took 2908 ms. Expected it to take maximum 500 ms.
W, 3504, 19, 2013/05/23, 17:03:10.870, 2820431158721, QTAgent32.exe, &lt;a class=success&gt;Playback - {54} [SUCCESS] MouseButtonClick - "[MSAA, VisibleOnly]ControlType='Button' &amp;&amp; Name='Ok'"
\0&lt;/a&gt;
W, 3504, 19, 2013/05/23, 17:03:11.731, 2820443482609, QTAgent32.exe, &lt;a class=success&gt;Playback - {55} [SUCCESS] SetValueAsEditBox "test" - "[MSAA, VisibleOnly]ControlType='Edit'"  &lt; Set via SendKeys &gt;
\0&lt;/a&gt;
W, 3504, 19, 2013/05/23, 17:03:12.481, 2820454231917, QTAgent32.exe, &lt;a class=success&gt;Playback - {56} [SUCCESS] SetValueAsEditBox "test" - "[MSAA, VisibleOnly]ControlType='Edit'"  &lt; Set via SendKeys &gt;
\0&lt;/a&gt;
W, 3504, 19, 2013/05/23, 17:03:13.221, 2820464826629, QTAgent32.exe, &lt;a class=success&gt;Playback - {57} [SUCCESS] SetValueAsEditBox "160486" - "[MSAA, VisibleOnly]ControlType='Edit'"  &lt; Set via SendKeys &gt;
\0&lt;/a&gt;
W, 3504, 19, 2013/05/23, 17:03:14.017, 2820476217691, QTAgent32.exe, &lt;a class=success&gt;Playback - {58} [SUCCESS] SetValueAsEditBox "BN16BN" - "[MSAA, VisibleOnly]ControlType='Edit'"  &lt; Set via SendKeys &gt;
\0&lt;/a&gt;
W, 3504, 19, 2013/05/23, 17:03:16.257, 2820508294302, QTAgent32.exe, &lt;a class=success&gt;Playback - {59} [SUCCESS] MouseButtonClick - "[MSAA, VisibleOnly]ControlType='Button' &amp;&amp; Name='Lookup...'"
\0&lt;/a&gt;
W, 3504, 19, 2013/05/23, 17:03:16.546, 2820512427578, QTAgent32.exe, &lt;a class=success&gt;Playback - {60} [SUCCESS] MouseButtonClick - "[MSAA, VisibleOnly]ControlType='Button' &amp;&amp; Name='Ok'"
\0&lt;/a&gt;
W, 3504, 19, 2013/05/23, 17:03:18.656, 2820542636886, QTAgent32.exe, &lt;a class=success&gt;Playback - {61} [SUCCESS] MouseButtonClick - "[MSAA, VisibleOnly]ControlType='Button' &amp;&amp; Name='OK'"
\0&lt;/a&gt;
W, 3504, 19, 2013/05/23, 17:03:19.855, 2820559810897, QTAgent32.exe, Playback - [WARNING] Internal warning: Incorrect flag set for InvokeProgrammaticAction\0
W, 3504, 19, 2013/05/23, 17:03:19.978, 2820561572361, QTAgent32.exe, &lt;a class=success&gt;Playback - {62} [SUCCESS] SetValueAsComboBox "Account Executive" - "[MSAA, VisibleOnly]ControlType='ComboBox'"  &lt; SetValueAsComboBox, set by clicking on the item in the list box &gt;
\0&lt;/a&gt;
W, 3504, 19, 2013/05/23, 17:03:21.071, 2820577227015, QTAgent32.exe, Playback - [WARNING] Internal warning: Incorrect flag set for InvokeProgrammaticAction\0
W, 3504, 19, 2013/05/23, 17:03:22.714, 2820600739797, QTAgent32.exe, &lt;a class=success&gt;Playback - {63} [SUCCESS] SetValueAsComboBox "Aerial Manufacturer" - "[MSAA, VisibleOnly]ControlType='ComboBox'"  &lt; SetValueAsComboBox, set by clicking on the item in the list box &gt;
\0&lt;/a&gt;
W, 3504, 19, 2013/05/23, 17:03:23.815, 2820616503099, QTAgent32.exe, &lt;a class=success&gt;Playback - {64} [SUCCESS] SetValueAsEditBox "151208" - "[MSAA, VisibleOnly]ControlType='Edit'"  &lt; Set via SendKeys &gt;
\0&lt;/a&gt;
W, 3504, 19, 2013/05/23, 17:03:24.046, 2820619809619, QTAgent32.exe, &lt;a class=success&gt;Playback - {65} [SUCCESS] MouseButtonClick - "[MSAA, VisibleOnly]ControlType='Button' &amp;&amp; Name='OK'"
\0&lt;/a&gt;
W, 3504, 19, 2013/05/23, 17:03:26.328, 2820652487095, QTAgent32.exe, PERF WARNING: FindTopLevelWindowHelper::FindAllDescendents: took 2061 ms. Expected it to take maximum 500 ms.
E, 3504, 19, 2013/05/23, 17:03:26.349, 2820652791621, QTAgent32.exe, Exception: System.ArgumentException
	Message: Value does not fall within the expected range.
	Stack Trace:    at Accessibility.IAccessible.get_accRole(Object varChild)
   at Microsoft.VisualStudio.TestTools.UITest.Extension.Msaa.AccWrapper.get_RoleInt()
	BaseExceptionMessage: Value does not fall within the expected range.

E, 3504, 19, 2013/05/23, 17:03:26.353, 2820652843527, QTAgent32.exe, Exception: System.ArgumentException
	Message: Value does not fall within the expected range.
	Stack Trace:    at Accessibility.IAccessible.get_accRole(Object varChild)
   at Microsoft.VisualStudio.TestTools.UITest.Extension.Msaa.AccWrapper.get_RoleInt()
	BaseExceptionMessage: Value does not fall within the expected range.

W, 3504, 19, 2013/05/23, 17:03:26.906, 2820660769705, QTAgent32.exe, &lt;a class=success&gt;Playback - {66} [SUCCESS] LeftButtonClick  &lt; Mouse cursor location (680, 395) &gt;
\0&lt;/a&gt;
W, 3504, 19, 2013/05/23, 17:03:27.499, 2820669260250, QTAgent32.exe, &lt;a class=success&gt;Playback - {67} [SUCCESS] SetValueAsEditBox "FORD"  &lt; Set via SendKeys &gt;
\0&lt;/a&gt;
W, 3504, 19, 2013/05/23, 17:03:27.500, 2820669264896, QTAgent32.exe, &lt;a class=success&gt;Playback - {68} [SUCCESS] SetValueAsComboBox "FORD" - "[MSAA, VisibleOnly]ControlType='ComboBox'"  &lt; Set via SetValueAsEditBox &gt;
\0&lt;/a&gt;
E, 3504, 19, 2013/05/23, 17:03:27.611, 2820670860215, QTAgent32.exe, Exception: System.ArgumentException
	Message: Value does not fall within the expected range.
	Stack Trace:    at Accessibility.IAccessible.get_accRole(Object varChild)
   at Microsoft.VisualStudio.TestTools.UITest.Extension.Msaa.AccWrapper.get_RoleInt()
	BaseExceptionMessage: Value does not fall within the expected range.

E, 3504, 19, 2013/05/23, 17:03:27.616, 2820670932566, QTAgent32.exe, Exception: System.ArgumentException
	Message: Value does not fall within the expected range.
	Stack Trace:    at Accessibility.IAccessible.get_accRole(Object varChild)
   at Microsoft.VisualStudio.TestTools.UITest.Extension.Msaa.AccWrapper.get_RoleInt()
	BaseExceptionMessage: Value does not fall within the expected range.

W, 3504, 19, 2013/05/23, 17:03:28.752, 2820687196707, QTAgent32.exe, &lt;a class=success&gt;Playback - {69} [SUCCESS] LeftButtonClick  &lt; Mouse cursor location (1040, 395) &gt;
\0&lt;/a&gt;
W, 3504, 19, 2013/05/23, 17:03:29.302, 2820695069585, QTAgent32.exe, &lt;a class=success&gt;Playback - {70} [SUCCESS] SetValueAsEditBox "KA"  &lt; Set via SendKeys &gt;
\0&lt;/a&gt;
W, 3504, 19, 2013/05/23, 17:03:29.302, 2820695072125, QTAgent32.exe, &lt;a class=success&gt;Playback - {71} [SUCCESS] SetValueAsComboBox "KA" - "[MSAA, VisibleOnly]ControlType='ComboBox'"  &lt; Set via SetValueAsEditBox &gt;
\0&lt;/a&gt;
W, 3504, 19, 2013/05/23, 17:03:29.540, 2820698488713, QTAgent32.exe, &lt;a class=success&gt;Playback - {72} [SUCCESS] MouseButtonClick - "[MSAA, VisibleOnly]ControlType='Button' &amp;&amp; Name='Filter'"
\0&lt;/a&gt;
W, 3504, 19, 2013/05/23, 17:03:30.032, 2820705521894, QTAgent32.exe, &lt;a class=success&gt;Playback - {73} [SUCCESS] MouseButtonClick - "[MSAA, VisibleOnly]ControlType='Button' &amp;&amp; Name='OK'"
\0&lt;/a&gt;
W, 3504, 19, 2013/05/23, 17:03:30.644, 2820714287555, QTAgent32.exe, &lt;a class=success&gt;Playback - {74} [SUCCESS] SendKeys "^{HOME}" - "[MSAA, VisibleOnly]ControlType='Edit'"
\0&lt;/a&gt;
E, 3504, 19, 2013/05/23, 17:03:30.645, 2820714291630, QTAgent32.exe, Msaa.GetFocusedElement: could not find accessible object of foreground window
W, 3504, 19, 2013/05/23, 17:03:30.706, 2820715175276, QTAgent32.exe, &lt;a class=success&gt;Playback - {75} [SUCCESS] SendKeys "^+{END}" - "[MSAA, VisibleOnly]ControlType='Edit'"
\0&lt;/a&gt;
E, 3504, 19, 2013/05/23, 17:03:30.706, 2820715178638, QTAgent32.exe, Msaa.GetFocusedElement: could not find accessible object of foreground window
W, 3504, 19, 2013/05/23, 17:03:30.727, 2820715477736, QTAgent32.exe, &lt;a class=success&gt;Playback - {76} [SUCCESS] SendKeys "{DELETE}" - "[MSAA, VisibleOnly]ControlType='Edit'"
\0&lt;/a&gt;
W, 3504, 19, 2013/05/23, 17:03:31.301, 2820723689199, QTAgent32.exe, &lt;a class=success&gt;Playback - {77} [SUCCESS] SetValueAsEditBox "123434" - "[MSAA, VisibleOnly]ControlType='Edit'"  &lt; Set via SendKeys &gt;
\0&lt;/a&gt;
W, 3504, 19, 2013/05/23, 17:03:31.913, 2820732451520, QTAgent32.exe, &lt;a class=success&gt;Playback - {78} [SUCCESS] SendKeys "^{HOME}" - "[MSAA, VisibleOnly]ControlType='Edit'"
\0&lt;/a&gt;
E, 3504, 19, 2013/05/23, 17:03:31.913, 2820732455000, QTAgent32.exe, Msaa.GetFocusedElement: could not find accessible object of foreground window
W, 3504, 19, 2013/05/23, 17:03:31.968, 2820733239223, QTAgent32.exe, &lt;a class=success&gt;Playback - {79} [SUCCESS] SendKeys "^+{END}" - "[MSAA, VisibleOnly]ControlType='Edit'"
\0&lt;/a&gt;
E, 3504, 19, 2013/05/23, 17:03:31.968, 2820733242519, QTAgent32.exe, Msaa.GetFocusedElement: could not find accessible object of foreground window
W, 3504, 19, 2013/05/23, 17:03:31.983, 2820733455878, QTAgent32.exe, &lt;a class=success&gt;Playback - {80} [SUCCESS] SendKeys "{DELETE}" - "[MSAA, VisibleOnly]ControlType='Edit'"
\0&lt;/a&gt;
W, 3504, 19, 2013/05/23, 17:03:32.472, 2820740459495, QTAgent32.exe, &lt;a class=success&gt;Playback - {81} [SUCCESS] SetValueAsEditBox "1000" - "[MSAA, VisibleOnly]ControlType='Edit'"  &lt; Set via SendKeys &gt;
\0&lt;/a&gt;
W, 3504, 19, 2013/05/23, 17:03:33.046, 2820748684374, QTAgent32.exe, &lt;a class=success&gt;Playback - {82} [SUCCESS] SendKeys "^{HOME}" - "[MSAA, VisibleOnly]ControlType='Edit'"
\0&lt;/a&gt;
E, 3504, 19, 2013/05/23, 17:03:33.047, 2820748688243, QTAgent32.exe, Msaa.GetFocusedElement: could not find accessible object of foreground window
W, 3504, 19, 2013/05/23, 17:03:33.104, 2820749507470, QTAgent32.exe, &lt;a class=success&gt;Playback - {83} [SUCCESS] SendKeys "^+{END}" - "[MSAA, VisibleOnly]ControlType='Edit'"
\0&lt;/a&gt;
E, 3504, 19, 2013/05/23, 17:03:33.104, 2820749510645, QTAgent32.exe, Msaa.GetFocusedElement: could not find accessible object of foreground window
W, 3504, 19, 2013/05/23, 17:03:33.119, 2820749722886, QTAgent32.exe, &lt;a class=success&gt;Playback - {84} [SUCCESS] SendKeys "{DELETE}" - "[MSAA, VisibleOnly]ControlType='Edit'"
\0&lt;/a&gt;
W, 3504, 19, 2013/05/23, 17:03:33.727, 2820758430274, QTAgent32.exe, &lt;a class=success&gt;Playback - {85} [SUCCESS] SetValueAsEditBox "30/05/13" - "[MSAA, VisibleOnly]ControlType='Edit'"  &lt; Set via SendKeys &gt;
\0&lt;/a&gt;
W, 3504, 19, 2013/05/23, 17:03:34.149, 2820764465701, QTAgent32.exe, &lt;a class=success&gt;Playback - {86} [SUCCESS] MouseButtonClick - "[MSAA, VisibleOnly]ControlType='Button' &amp;&amp; Name='Calculate Quote'"
\0&lt;/a&gt;
W, 3504, 19, 2013/05/23, 17:03:45.962, 2820933608322, QTAgent32.exe, Playback - [WARNING] Internal warning: Window Not Found: [VisibleOnly]ControlType='Window' &amp;&amp; Name='Quote Select List' &amp;&amp; ClassName='ThunderRT6FormDC'
\0
E, 3504, 19, 2013/05/23, 17:03:45.962, 2820933613423, QTAgent32.exe, &lt;a class=failure&gt;Playback - {87} [FAILED] Function ElementFetcher::FindScreenElement failed to locate UI element (Searching: ;[VisibleOnly]ControlType='Window' &amp;&amp; Name='Quote Select List' &amp;&amp; ClassName='ThunderRT6FormDC') (The object specified was not found.)
\0&lt;/a&gt;
E, 3504, 19, 2013/05/23, 17:03:46.107, 2820935685786, QTAgent32.exe, Playback - [IMAGE] C:\Users\testuser\AppData\Local\Temp\UITestLogs\LastRun\RPF402B.png
\0
W, 3504, 19, 2013/05/23, 17:03:46.107, 2820935688779, QTAgent32.exe, Playback - [WARNING] Internal warning: Couldn't find descendants that match QueryId
\0
W, 3504, 19, 2013/05/23, 17:03:46.108, 2820935694726, QTAgent32.exe, PERF WARNING: FindTopLevelWindowHelper::FindAllDescendents: took 11858 ms. Expected it to take maximum 500 ms.
W, 3504, 19, 2013/05/23, 17:04:05.831, 2821218098880, QTAgent32.exe, Playback - [WARNING] Internal warning: Window Not Found: [VisibleOnly]ControlType='Window' &amp;&amp; Name='Quote Select List' &amp;&amp; ClassName='ThunderRT6FormDC'
\0
E, 3504, 19, 2013/05/23, 17:04:05.832, 2821218107562, QTAgent32.exe, &lt;a class=failure&gt;Playback - {88} [FAILED] Function ElementFetcher::FindScreenElement failed to locate UI element (Searching: ;[VisibleOnly]ControlType='Window' &amp;&amp; Name='Quote Select List' &amp;&amp; ClassName='ThunderRT6FormDC') (The object specified was not found.)
\0&lt;/a&gt;
E, 3504, 19, 2013/05/23, 17:04:05.915, 2821219298599, QTAgent32.exe, Playback - [IMAGE] C:\Users\testuser\AppData\Local\Temp\UITestLogs\LastRun\RPF8DCE.png
\0
W, 3504, 19, 2013/05/23, 17:04:05.915, 2821219301632, QTAgent32.exe, Playback - [WARNING] Internal warning: Couldn't find descendants that match QueryId
\0
W, 3504, 19, 2013/05/23, 17:04:05.916, 2821219309348, QTAgent32.exe, PERF WARNING: FindTopLevelWindowHelper::FindAllDescendents: took 19807 ms. Expected it to take maximum 500 ms.
W, 3504, 19, 2013/05/23, 17:04:08.839, 2821261176061, QTAgent32.exe, Playback - [WARNING] Internal warning: Smart Match failed
\0
W, 3504, 19, 2013/05/23, 17:04:10.068, 2821278763911, QTAgent32.exe, Playback - [WARNING] Internal warning: Window Not Found: [VisibleOnly]ControlType='Window' &amp;&amp; Name='Quote Select List' &amp;&amp; ClassName='ThunderRT6FormDC'
\0
E, 3504, 19, 2013/05/23, 17:04:10.068, 2821278768523, QTAgent32.exe, &lt;a class=failure&gt;Playback - {89} [FAILED] Function ElementFetcher::FindScreenElement failed to locate UI element (Searching: ;[VisibleOnly]ControlType='Window' &amp;&amp; Name='Quote Select List' &amp;&amp; ClassName='ThunderRT6FormDC') (The object specified was not found.)
\0&lt;/a&gt;
E, 3504, 19, 2013/05/23, 17:04:10.152, 2821279963106, QTAgent32.exe, Playback - [IMAGE] C:\Users\testuser\AppData\Local\Temp\UITestLogs\LastRun\RPF9E53.png
\0
W, 3504, 19, 2013/05/23, 17:04:10.152, 2821279965580, QTAgent32.exe, Playback - [WARNING] Internal warning: Couldn't find descendants that match QueryId
\0
W, 3504, 19, 2013/05/23, 17:04:10.152, 2821279970515, QTAgent32.exe, PERF WARNING: FindTopLevelWindowHelper::FindAllDescendents: took 4236 ms. Expected it to take maximum 500 ms.
E, 3504, 19, 2013/05/23, 17:04:10.152, 2821279972754, QTAgent32.exe, Exception: System.Runtime.InteropServices.COMException
	Message: Error HRESULT E_FAIL has been returned from a call to a COM component.
	Stack Trace:    at Microsoft.VisualStudio.TestTools.UITest.Playback.Engine.IRPFPlayback.FindAllScreenElements(IScreenElement pScreenElementStart, String bstrQueryId, Object&amp; pvarResKeys, Int32 cResKeys, Int32 nMaxDepth, Object[]&amp; foundDescendants)
   at Microsoft.VisualStudio.TestTools.UITest.Playback.ScreenElement.FindTopLevelWindowHelper(String queryId)
	BaseExceptionMessage: Error HRESULT E_FAIL has been returned from a call to a COM component.

E, 3504, 19, 2013/05/23, 17:04:10.255, 2821281441760, QTAgent32.exe, AL: Playback Error: Microsoft.VisualStudio.TestTools.UITest.Extension.UITestControlNotFoundException: The playback failed to find the control with the given search properties. Additional Details: 
TechnologyName:  'MSAA'
ControlType:  'Window'
Name:  'Quote Select List'
ClassName:  'ThunderRT6FormDC'
 ---&gt; System.Runtime.InteropServices.COMException: Error HRESULT E_FAIL has been returned from a call to a COM component.
   at Microsoft.VisualStudio.TestTools.UITest.Playback.Engine.IRPFPlayback.FindAllScreenElements(IScreenElement pScreenElementStart, String bstrQueryId, Object&amp; pvarResKeys, Int32 cResKeys, Int32 nMaxDepth, Object[]&amp; foundDescendants)
   at Microsoft.VisualStudio.TestTools.UITest.Playback.ScreenElement.FindTopLevelWindowHelper(String queryId)
   at Microsoft.VisualStudio.TestTools.UITest.Playback.ScreenElement.FindFromPartialQueryId(String queryId)
   at Microsoft.VisualStudio.TestTools.UITesting.UITestControl..ctor(String queryId)
   --- End of inner exception stack trace ---
   at Microsoft.VisualStudio.TestTools.UITesting.Playback.MapControlNotFoundException(COMException ex, IPlaybackContext context)
   at Microsoft.VisualStudio.TestTools.UITesting.Playback.MapAndThrowComException(COMException innerException, IPlaybackContext context)
   at Microsoft.VisualStudio.TestTools.UITesting.Playback.MapAndThrowException(SystemException exception, IPlaybackContext context)
   at Microsoft.VisualStudio.TestTools.UITesting.Playback.MapAndThrowException(SystemException exception, String queryId)
   at Microsoft.VisualStudio.TestTools.UITesting.UITestControl..ctor(String queryId)
   at Microsoft.VisualStudio.TestTools.UITesting.SearchHelper.SearchTopLevelWindow(ISearchArgument topLevelSearchArg, String topLevelElementQueryId)
   at Microsoft.VisualStudio.TestTools.UITesting.SearchHelper.GetTitleUpdatedTopLevelWindow(ISearchArgument topLevelSearchArg, String queryId, IList`1 windowTitles)
   at Microsoft.VisualStudio.TestTools.UITesting.SearchHelper.GetTopLevelElement(Boolean useCache, Boolean useCacheOnly, ISearchArgument searchArg, IList`1 windowTitles, Int32&amp; timeLeft)
   at Microsoft.VisualStudio.TestTools.UITesting.SearchHelper.GetElement(Boolean useCache, ISearchArgument searchArg)
   at Microsoft.VisualStudio.TestTools.UITesting.SearchHelper.Search(ISearchArgument searchArg)
   at Microsoft.VisualStudio.TestTools.UITesting.UITestControl.FindInternal()
   at Microsoft.VisualStudio.TestTools.UITesting.UITestControl.FindControlIfNecessary()
   at Microsoft.VisualStudio.TestTools.UITesting.UITestControl.Click(MouseButtons button, ModifierKeys modifierKeys, Point relativeCoordinates)
   at Microsoft.VisualStudio.TestTools.UITesting.Mouse.ClickImplementation(UITestControl control, MouseButtons button, ModifierKeys modifierKeys, Point relativeCoordinate)
   at Microsoft.VisualStudio.TestTools.UITesting.Mouse.ClickImplementationWrapper(UITestControl control, MouseButtons button, ModifierKeys modifierKeys, Point relativeCoordinate)
W, 3504, 19, 2013/05/23, 17:04:10.255, 2821281445769, QTAgent32.exe, PlaybackErrorHandler: Ignoring exception as ContinueOnError is set.
W, 3504, 19, 2013/05/23, 17:04:10.418, 2821283772363, QTAgent32.exe, &lt;a class=success&gt;Playback - {90} [SUCCESS] MouseButtonClick - "[MSAA, VisibleOnly]ControlType='Button' &amp;&amp; Name='No'"
\0&lt;/a&gt;
W, 3504, 19, 2013/05/23, 17:04:10.663, 2821287286003, QTAgent32.exe, &lt;a class=success&gt;Playback - {91} [SUCCESS] MouseButtonClick - "[MSAA, VisibleOnly]ControlType='Button' &amp;&amp; Name='Ok'"
\0&lt;/a&gt;
W, 3504, 19, 2013/05/23, 17:04:13.391, 2821326337141, QTAgent32.exe, PERF WARNING: FindTopLevelWindowHelper::FindAllDescendents: took 2618 ms. Expected it to take maximum 500 ms.
W, 3504, 19, 2013/05/23, 17:04:13.522, 2821328223595, QTAgent32.exe, &lt;a class=success&gt;Playback - {92} [SUCCESS] MouseButtonClick - "[MSAA, VisibleOnly]ControlType='Client'"
\0&lt;/a&gt;
W, 3504, 19, 2013/05/23, 17:04:15.440, 2821355685289, QTAgent32.exe, &lt;a class=success&gt;Playback - {93} [SUCCESS] SendKeys "{Home}" - "[MSAA, VisibleOnly]ControlType='Client'"
\0&lt;/a&gt;
W, 3504, 19, 2013/05/23, 17:04:18.688, 2821402190486, QTAgent32.exe, &lt;a class=success&gt;Playback - {94} [SUCCESS] MouseButtonClick - "[MSAA, VisibleOnly]ControlType='Button' &amp;&amp; Name='Accept'"
\0&lt;/a&gt;
W, 3504, 19, 2013/05/23, 17:04:19.539, 2821414370581, QTAgent32.exe, PERF WARNING: FindTopLevelWindowHelper::FindAllDescendents: took 750 ms. Expected it to take maximum 500 ms.
W, 3504, 19, 2013/05/23, 17:04:20.028, 2821421384014, QTAgent32.exe, &lt;a class=success&gt;Playback - {95} [SUCCESS] MouseButtonClick - "[MSAA, VisibleOnly]ControlType='Button' &amp;&amp; Name='Yes'"
\0&lt;/a&gt;
W, 3504, 19, 2013/05/23, 17:04:20.381, 2821426432801, QTAgent32.exe, &lt;a class=success&gt;Playback - {96} [SUCCESS] MouseButtonClick - "[MSAA, VisibleOnly]ControlType='Button' &amp;&amp; Name='Ok'"
\0&lt;/a&gt;
W, 3504, 19, 2013/05/23, 17:04:20.643, 2821430187573, QTAgent32.exe, &lt;a class=success&gt;Playback - {97} [SUCCESS] MouseButtonClick - "[MSAA, VisibleOnly]ControlType='Button' &amp;&amp; Name='Ok'"
\0&lt;/a&gt;
W, 3504, 19, 2013/05/23, 17:04:21.193, 2821438048869, QTAgent32.exe, &lt;a class=success&gt;Playback - {98} [SUCCESS] MouseButtonClick - "[MSAA, VisibleOnly]ControlType='Button' &amp;&amp; Name='Confirm'"
\0&lt;/a&gt;
W, 3504, 19, 2013/05/23, 17:04:51.115, 2821866487477, QTAgent32.exe, Playback - [WARNING] Internal warning: Window Not Found: [VisibleOnly]ControlType='Window' &amp;&amp; Name='Save the file as' &amp;&amp; ClassName='#32770'
\0
E, 3504, 19, 2013/05/23, 17:04:51.116, 2821866494457, QTAgent32.exe, &lt;a class=failure&gt;Playback - {99} [FAILED] Function ElementFetcher::FindScreenElement failed to locate UI element (Searching: ;[VisibleOnly]ControlType='Window' &amp;&amp; Name='Save the file as' &amp;&amp; ClassName='#32770') (The object specified was not found.)
\0&lt;/a&gt;
E, 3504, 19, 2013/05/23, 17:04:51.250, 2821868419557, QTAgent32.exe, Playback - [IMAGE] C:\Users\testuser\AppData\Local\Temp\UITestLogs\LastRun\RPF3EB7.png
\0
W, 3504, 19, 2013/05/23, 17:04:51.250, 2821868422199, QTAgent32.exe, Playback - [WARNING] Internal warning: Couldn't find descendants that match QueryId
\0
W, 3504, 19, 2013/05/23, 17:04:51.251, 2821868429824, QTAgent32.exe, PERF WARNING: FindTopLevelWindowHelper::FindAllDescendents: took 29958 ms. Expected it to take maximum 500 ms.
W, 3504, 19, 2013/05/23, 17:05:10.742, 2822147504013, QTAgent32.exe, Playback - [WARNING] Internal warning: Window Not Found: [VisibleOnly]ControlType='Window' &amp;&amp; Name='Save the file as' &amp;&amp; ClassName='#32770'
\0
E, 3504, 19, 2013/05/23, 17:05:10.742, 2822147513145, QTAgent32.exe, &lt;a class=failure&gt;Playback - {100} [FAILED] Function ElementFetcher::FindScreenElement failed to locate UI element (Searching: ;[VisibleOnly]ControlType='Window' &amp;&amp; Name='Save the file as' &amp;&amp; ClassName='#32770') (The object specified was not found.)
\0&lt;/a&gt;
E, 3504, 19, 2013/05/23, 17:05:10.845, 2822148985690, QTAgent32.exe, Playback - [IMAGE] C:\Users\testuser\AppData\Local\Temp\UITestLogs\LastRun\RPF8B61.png
\0
W, 3504, 19, 2013/05/23, 17:05:10.845, 2822148988310, QTAgent32.exe, Playback - [WARNING] Internal warning: Couldn't find descendants that match QueryId
\0
W, 3504, 19, 2013/05/23, 17:05:10.846, 2822148996526, QTAgent32.exe, PERF WARNING: FindTopLevelWindowHelper::FindAllDescendents: took 19594 ms. Expected it to take maximum 500 ms.
W, 3504, 19, 2013/05/23, 17:05:13.681, 2822189591763, QTAgent32.exe, Playback - [WARNING] Internal warning: Smart Match failed
\0
W, 3504, 19, 2013/05/23, 17:05:14.908, 2822207164264, QTAgent32.exe, Playback - [WARNING] Internal warning: Window Not Found: [VisibleOnly]ControlType='Window' &amp;&amp; Name='Save the file as' &amp;&amp; ClassName='#32770'
\0
E, 3504, 19, 2013/05/23, 17:05:14.909, 2822207168581, QTAgent32.exe, &lt;a class=failure&gt;Playback - {101} [FAILED] Function ElementFetcher::FindScreenElement failed to locate UI element (Searching: ;[VisibleOnly]ControlType='Window' &amp;&amp; Name='Save the file as' &amp;&amp; ClassName='#32770') (The object specified was not found.)
\0&lt;/a&gt;
E, 3504, 19, 2013/05/23, 17:05:14.993, 2822208371639, QTAgent32.exe, Playback - [IMAGE] C:\Users\testuser\AppData\Local\Temp\UITestLogs\LastRun\RPF9BA8.png
\0
W, 3504, 19, 2013/05/23, 17:05:14.993, 2822208373865, QTAgent32.exe, Playback - [WARNING] Internal warning: Couldn't find descendants that match QueryId
\0
W, 3504, 19, 2013/05/23, 17:05:14.993, 2822208378105, QTAgent32.exe, PERF WARNING: FindTopLevelWindowHelper::FindAllDescendents: took 4146 ms. Expected it to take maximum 500 ms.
E, 3504, 19, 2013/05/23, 17:05:14.993, 2822208380365, QTAgent32.exe, Exception: System.Runtime.InteropServices.COMException
	Message: Error HRESULT E_FAIL has been returned from a call to a COM component.
	Stack Trace:    at Microsoft.VisualStudio.TestTools.UITest.Playback.Engine.IRPFPlayback.FindAllScreenElements(IScreenElement pScreenElementStart, String bstrQueryId, Object&amp; pvarResKeys, Int32 cResKeys, Int32 nMaxDepth, Object[]&amp; foundDescendants)
   at Microsoft.VisualStudio.TestTools.UITest.Playback.ScreenElement.FindTopLevelWindowHelper(String queryId)
	BaseExceptionMessage: Error HRESULT E_FAIL has been returned from a call to a COM component.

E, 3504, 19, 2013/05/23, 17:05:15.095, 2822209829702, QTAgent32.exe, AL: Playback Error: Microsoft.VisualStudio.TestTools.UITest.Extension.UITestControlNotFoundException: The playback failed to find the control with the given search properties. Additional Details: 
TechnologyName:  'MSAA'
ControlType:  'Window'
Name:  'Save the file as'
ClassName:  '#32770'
 ---&gt; System.Runtime.InteropServices.COMException: Error HRESULT E_FAIL has been returned from a call to a COM component.
   at Microsoft.VisualStudio.TestTools.UITest.Playback.Engine.IRPFPlayback.FindAllScreenElements(IScreenElement pScreenElementStart, String bstrQueryId, Object&amp; pvarResKeys, Int32 cResKeys, Int32 nMaxDepth, Object[]&amp; foundDescendants)
   at Microsoft.VisualStudio.TestTools.UITest.Playback.ScreenElement.FindTopLevelWindowHelper(String queryId)
   at Microsoft.VisualStudio.TestTools.UITest.Playback.ScreenElement.FindFromPartialQueryId(String queryId)
   at Microsoft.VisualStudio.TestTools.UITesting.UITestControl..ctor(String queryId)
   --- End of inner exception stack trace ---
   at Microsoft.VisualStudio.TestTools.UITesting.Playback.MapControlNotFoundException(COMException ex, IPlaybackContext context)
   at Microsoft.VisualStudio.TestTools.UITesting.Playback.MapAndThrowComException(COMException innerException, IPlaybackContext context)
   at Microsoft.VisualStudio.TestTools.UITesting.Playback.MapAndThrowException(SystemException exception, IPlaybackContext context)
   at Microsoft.VisualStudio.TestTools.UITesting.Playback.MapAndThrowException(SystemException exception, String queryId)
   at Microsoft.VisualStudio.TestTools.UITesting.UITestControl..ctor(String queryId)
   at Microsoft.VisualStudio.TestTools.UITesting.SearchHelper.SearchTopLevelWindow(ISearchArgument topLevelSearchArg, String topLevelElementQueryId)
   at Microsoft.VisualStudio.TestTools.UITesting.SearchHelper.GetTitleUpdatedTopLevelWindow(ISearchArgument topLevelSearchArg, String queryId, IList`1 windowTitles)
   at Microsoft.VisualStudio.TestTools.UITesting.SearchHelper.GetTopLevelElement(Boolean useCache, Boolean useCacheOnly, ISearchArgument searchArg, IList`1 windowTitles, Int32&amp; timeLeft)
   at Microsoft.VisualStudio.TestTools.UITesting.SearchHelper.GetElement(Boolean useCache, ISearchArgument searchArg)
   at Microsoft.VisualStudio.TestTools.UITesting.SearchHelper.Search(ISearchArgument searchArg)
   at Microsoft.VisualStudio.TestTools.UITesting.UITestControl.FindInternal()
   at Microsoft.VisualStudio.TestTools.UITesting.UITestControl.FindControlIfNecessary()
   at Microsoft.VisualStudio.TestTools.UITesting.UITestControl.Click(MouseButtons button, ModifierKeys modifierKeys, Point relativeCoordinates)
   at Microsoft.VisualStudio.TestTools.UITesting.Mouse.ClickImplementation(UITestControl control, MouseButtons button, ModifierKeys modifierKeys, Point relativeCoordinate)
   at Microsoft.VisualStudio.TestTools.UITesting.Mouse.ClickImplementationWrapper(UITestControl control, MouseButtons button, ModifierKeys modifierKeys, Point relativeCoordinate)
W, 3504, 19, 2013/05/23, 17:05:15.103, 2822209952187, QTAgent32.exe, PlaybackErrorHandler: Ignoring exception as ContinueOnError is set.
W, 3504, 19, 2013/05/23, 17:05:15.285, 2822212556444, QTAgent32.exe, &lt;a class=success&gt;Playback - {102} [SUCCESS] Check - "[MSAA, VisibleOnly]ControlType='CheckBox' &amp;&amp; Name='Defer Printing?'"
\0&lt;/a&gt;
W, 3504, 19, 2013/05/23, 17:05:15.794, 2822219840948, QTAgent32.exe, &lt;a class=success&gt;Playback - {103} [SUCCESS] MouseButtonClick - "[MSAA, VisibleOnly]ControlType='Button' &amp;&amp; Name='Ok'"
\0&lt;/a&gt;
W, 3504, 19, 2013/05/23, 17:05:18.185, 2822254082008, QTAgent32.exe, PERF WARNING: FindTopLevelWindowHelper::FindAllDescendents: took 2291 ms. Expected it to take maximum 500 ms.
W, 3504, 19, 2013/05/23, 17:05:18.344, 2822256353970, QTAgent32.exe, &lt;a class=success&gt;Playback - {104} [SUCCESS] Uncheck - "[MSAA, VisibleOnly]ControlType='CheckBox' &amp;&amp; Name='Add Activity'"
\0&lt;/a&gt;
W, 3504, 19, 2013/05/23, 17:05:20.886, 2822292748113, QTAgent32.exe, &lt;a class=success&gt;Playback - {105} [SUCCESS] MouseButtonClick - "[MSAA, VisibleOnly]ControlType='Button' &amp;&amp; Name='Ok'"
\0&lt;/a&gt;
W, 3504, 19, 2013/05/23, 17:05:21.146, 2822296465609, QTAgent32.exe, &lt;a class=success&gt;Playback - {106} [SUCCESS] MouseButtonClick - "[MSAA, VisibleOnly]ControlType='Button' &amp;&amp; Name='Ok'"
\0&lt;/a&gt;
W, 3504, 19, 2013/05/23, 17:05:26.021, 2822366278845, QTAgent32.exe, PERF WARNING: FindTopLevelWindowHelper::FindAllDescendents: took 4775 ms. Expected it to take maximum 500 ms.
W, 3504, 19, 2013/05/23, 17:05:26.161, 2822368275792, QTAgent32.exe, &lt;a class=success&gt;Playback - {107} [SUCCESS] MouseButtonClick - "[MSAA, VisibleOnly]ControlType='Button' &amp;&amp; Name='OK'"
\0&lt;/a&gt;
W, 3504, 19, 2013/05/23, 17:05:26.394, 2822371610086, QTAgent32.exe, &lt;a class=success&gt;Playback - {108} [SUCCESS] MouseButtonClick - "[MSAA, VisibleOnly]ControlType='Button' &amp;&amp; Name='Cancel'"
\0&lt;/a&gt;
W, 3504, 19, 2013/05/23, 17:05:26.682, 2822375742494, QTAgent32.exe, &lt;a class=success&gt;Playback - {109} [SUCCESS] MouseButtonClick - "[MSAA, VisibleOnly]ControlType='Button'"
\0&lt;/a&gt;
W, 3504, 19, 2013/05/23, 17:05:27.008, 2822380413917, QTAgent32.exe, &lt;a class=success&gt;Playback - {110} [SUCCESS] MouseButtonClick - "[MSAA, VisibleOnly]ControlType='Button' &amp;&amp; Name='Detail'"
\0&lt;/a&gt;
W, 3504, 19, 2013/05/23, 17:05:33.527, 2822473748979, QTAgent32.exe, Playback - [WARNING] Internal warning: Window Not Found: [VisibleOnly]ControlType='Window' &amp;&amp; Name='Connect to www.insur-econnect.com'
\0
E, 3504, 19, 2013/05/23, 17:05:33.527, 2822473751782, QTAgent32.exe, &lt;a class=failure&gt;Playback - {111} [FAILED] Function ElementFetcher::FindScreenElement failed to locate UI element (Searching: ;[VisibleOnly]ControlType='Window' &amp;&amp; Name='Connect to www.insur-econnect.com') (The object specified was not found.)
\0&lt;/a&gt;
E, 3504, 19, 2013/05/23, 17:05:33.700, 2822476227431, QTAgent32.exe, Playback - [IMAGE] C:\Users\testuser\AppData\Local\Temp\UITestLogs\LastRun\RPFE45B.png
\0
W, 3504, 19, 2013/05/23, 17:05:33.700, 2822476229667, QTAgent32.exe, Playback - [WARNING] Internal warning: Couldn't find descendants that match QueryId
\0
W, 3504, 19, 2013/05/23, 17:05:33.701, 2822476232721, QTAgent32.exe, PERF WARNING: FindTopLevelWindowHelper::FindAllDescendents: took 1347 ms. Expected it to take maximum 500 ms.
W, 3504, 19, 2013/05/23, 17:05:51.850, 2822736094060, QTAgent32.exe, Playback - [WARNING] Internal warning: Window Not Found: [VisibleOnly]ControlType='Window' &amp;&amp; Name='Connect to www.insur-econnect.com'
\0
E, 3504, 19, 2013/05/23, 17:05:51.850, 2822736101116, QTAgent32.exe, &lt;a class=failure&gt;Playback - {112} [FAILED] Function ElementFetcher::FindScreenElement failed to locate UI element (Searching: ;[VisibleOnly]ControlType='Window' &amp;&amp; Name='Connect to www.insur-econnect.com') (The object specified was not found.)
\0&lt;/a&gt;
E, 3504, 19, 2013/05/23, 17:05:51.965, 2822737747743, QTAgent32.exe, Playback - [IMAGE] C:\Users\testuser\AppData\Local\Temp\UITestLogs\LastRun\RPF2BF7.png
\0
W, 3504, 19, 2013/05/23, 17:05:51.966, 2822737750398, QTAgent32.exe, Playback - [WARNING] Internal warning: Couldn't find descendants that match QueryId
\0
W, 3504, 19, 2013/05/23, 17:05:51.966, 2822737760369, QTAgent32.exe, PERF WARNING: FindTopLevelWindowHelper::FindAllDescendents: took 18265 ms. Expected it to take maximum 500 ms.
W, 3504, 19, 2013/05/23, 17:05:52.598, 2822746806607, QTAgent32.exe, Playback - [WARNING] Internal warning: Smart Match failed
\0
W, 3504, 19, 2013/05/23, 17:05:52.885, 2822750923702, QTAgent32.exe, Playback - [WARNING] Internal warning: Smart Match failed
\0
W, 3504, 19, 2013/05/23, 17:05:53.182, 2822755174976, QTAgent32.exe, Playback - [WARNING] Internal warning: Smart Match failed
\0
W, 3504, 19, 2013/05/23, 17:05:53.498, 2822759699706, QTAgent32.exe, Playback - [WARNING] Internal warning: Smart Match failed
\0
W, 3504, 19, 2013/05/23, 17:05:53.786, 2822763813215, QTAgent32.exe, Playback - [WARNING] Internal warning: Smart Match failed
\0
W, 3504, 19, 2013/05/23, 17:05:54.075, 2822767963875, QTAgent32.exe, Playback - [WARNING] Internal warning: Smart Match failed
\0
W, 3504, 19, 2013/05/23, 17:05:54.428, 2822773017761, QTAgent32.exe, Playback - [WARNING] Internal warning: Smart Match failed
\0
W, 3504, 19, 2013/05/23, 17:05:54.725, 2822777269458, QTAgent32.exe, Playback - [WARNING] Internal warning: Smart Match failed
\0
W, 3504, 19, 2013/05/23, 17:05:55.024, 2822781552011, QTAgent32.exe, Playback - [WARNING] Internal warning: Smart Match failed
\0
W, 3504, 19, 2013/05/23, 17:05:55.214, 2822784271245, QTAgent32.exe, Playback - [WARNING] Internal warning: Window Not Found: [VisibleOnly]ControlType='Window' &amp;&amp; Name='Connect to www.insur-econnect.com'
\0
E, 3504, 19, 2013/05/23, 17:05:55.214, 2822784274138, QTAgent32.exe, &lt;a class=failure&gt;Playback - {113} [FAILED] Function ElementFetcher::FindScreenElement failed to locate UI element (Searching: ;[VisibleOnly]ControlType='Window' &amp;&amp; Name='Connect to www.insur-econnect.com') (The object specified was not found.)
\0&lt;/a&gt;
E, 3504, 19, 2013/05/23, 17:05:55.298, 2822785474273, QTAgent32.exe, Playback - [IMAGE] C:\Users\testuser\AppData\Local\Temp\UITestLogs\LastRun\RPF3912.png
\0
W, 3504, 19, 2013/05/23, 17:05:55.298, 2822785476707, QTAgent32.exe, Playback - [WARNING] Internal warning: Couldn't find descendants that match QueryId
\0
W, 3504, 19, 2013/05/23, 17:05:55.299, 2822785480790, QTAgent32.exe, PERF WARNING: FindTopLevelWindowHelper::FindAllDescendents: took 3332 ms. Expected it to take maximum 500 ms.
E, 3504, 19, 2013/05/23, 17:05:55.299, 2822785482896, QTAgent32.exe, Exception: System.Runtime.InteropServices.COMException
	Message: Error HRESULT E_FAIL has been returned from a call to a COM component.
	Stack Trace:    at Microsoft.VisualStudio.TestTools.UITest.Playback.Engine.IRPFPlayback.FindAllScreenElements(IScreenElement pScreenElementStart, String bstrQueryId, Object&amp; pvarResKeys, Int32 cResKeys, Int32 nMaxDepth, Object[]&amp; foundDescendants)
   at Microsoft.VisualStudio.TestTools.UITest.Playback.ScreenElement.FindTopLevelWindowHelper(String queryId)
	BaseExceptionMessage: Error HRESULT E_FAIL has been returned from a call to a COM component.

W, 3504, 19, 2013/05/23, 17:05:56.304, 2822799863628, QTAgent32.exe, Playback - [WARNING] Internal warning: Window Not Found: [VisibleOnly]ControlType='Window' &amp;&amp; Name='Windows Security'
\0
E, 3504, 19, 2013/05/23, 17:05:56.304, 2822799866882, QTAgent32.exe, &lt;a class=failure&gt;Playback - {114} [FAILED] Function ElementFetcher::FindScreenElement failed to locate UI element (Searching: ;[VisibleOnly]ControlType='Window' &amp;&amp; Name='Windows Security') (The object specified was not found.)
\0&lt;/a&gt;
E, 3504, 19, 2013/05/23, 17:05:56.398, 2822801221175, QTAgent32.exe, Playback - [IMAGE] C:\Users\testuser\AppData\Local\Temp\UITestLogs\LastRun\RPF3D57.png
\0
W, 3504, 19, 2013/05/23, 17:05:56.399, 2822801224593, QTAgent32.exe, Playback - [WARNING] Internal warning: Couldn't find descendants that match QueryId
\0
W, 3504, 19, 2013/05/23, 17:05:56.399, 2822801228058, QTAgent32.exe, PERF WARNING: FindTopLevelWindowHelper::FindAllDescendents: took 1098 ms. Expected it to take maximum 500 ms.
W, 3504, 19, 2013/05/23, 17:06:14.659, 2823062690406, QTAgent32.exe, Playback - [WARNING] Internal warning: Window Not Found: [VisibleOnly]ControlType='Window' &amp;&amp; Name='Windows Security'
\0
E, 3504, 19, 2013/05/23, 17:06:14.660, 2823062695633, QTAgent32.exe, &lt;a class=failure&gt;Playback - {115} [FAILED] Function ElementFetcher::FindScreenElement failed to locate UI element (Searching: ;[VisibleOnly]ControlType='Window' &amp;&amp; Name='Windows Security') (The object specified was not found.)
\0&lt;/a&gt;
E, 3504, 19, 2013/05/23, 17:06:14.755, 2823064054031, QTAgent32.exe, Playback - [IMAGE] C:\Users\testuser\AppData\Local\Temp\UITestLogs\LastRun\RPF8511.png
\0
W, 3504, 19, 2013/05/23, 17:06:14.755, 2823064056558, QTAgent32.exe, Playback - [WARNING] Internal warning: Couldn't find descendants that match QueryId
\0
W, 3504, 19, 2013/05/23, 17:06:14.755, 2823064062821, QTAgent32.exe, PERF WARNING: FindTopLevelWindowHelper::FindAllDescendents: took 18356 ms. Expected it to take maximum 500 ms.
W, 3504, 19, 2013/05/23, 17:06:15.374, 2823072917858, QTAgent32.exe, Playback - [WARNING] Internal warning: Smart Match failed
\0
W, 3504, 19, 2013/05/23, 17:06:15.681, 2823077310733, QTAgent32.exe, Playback - [WARNING] Internal warning: Smart Match failed
\0
W, 3504, 19, 2013/05/23, 17:06:15.968, 2823081419952, QTAgent32.exe, Playback - [WARNING] Internal warning: Smart Match failed
\0
W, 3504, 19, 2013/05/23, 17:06:16.253, 2823085504683, QTAgent32.exe, Playback - [WARNING] Internal warning: Smart Match failed
\0
W, 3504, 19, 2013/05/23, 17:06:16.544, 2823089675377, QTAgent32.exe, Playback - [WARNING] Internal warning: Smart Match failed
\0
W, 3504, 19, 2013/05/23, 17:06:16.846, 2823093989753, QTAgent32.exe, Playback - [WARNING] Internal warning: Smart Match failed
\0
W, 3504, 19, 2013/05/23, 17:06:17.154, 2823098401307, QTAgent32.exe, Playback - [WARNING] Internal warning: Smart Match failed
\0
W, 3504, 19, 2013/05/23, 17:06:17.448, 2823102617710, QTAgent32.exe, Playback - [WARNING] Internal warning: Smart Match failed
\0
W, 3504, 19, 2013/05/23, 17:06:17.754, 2823106994911, QTAgent32.exe, Playback - [WARNING] Internal warning: Smart Match failed
\0
W, 3504, 19, 2013/05/23, 17:06:17.928, 2823109490315, QTAgent32.exe, Playback - [WARNING] Internal warning: Window Not Found: [VisibleOnly]ControlType='Window' &amp;&amp; Name='Windows Security'
\0
E, 3504, 19, 2013/05/23, 17:06:17.928, 2823109493713, QTAgent32.exe, &lt;a class=failure&gt;Playback - {116} [FAILED] Function ElementFetcher::FindScreenElement failed to locate UI element (Searching: ;[VisibleOnly]ControlType='Window' &amp;&amp; Name='Windows Security') (The object specified was not found.)
\0&lt;/a&gt;
E, 3504, 19, 2013/05/23, 17:06:18.011, 2823110682241, QTAgent32.exe, Playback - [IMAGE] C:\Users\testuser\AppData\Local\Temp\UITestLogs\LastRun\RPF91CE.png
\0
W, 3504, 19, 2013/05/23, 17:06:18.011, 2823110684972, QTAgent32.exe, Playback - [WARNING] Internal warning: Couldn't find descendants that match QueryId
\0
W, 3504, 19, 2013/05/23, 17:06:18.012, 2823110688298, QTAgent32.exe, PERF WARNING: FindTopLevelWindowHelper::FindAllDescendents: took 3256 ms. Expected it to take maximum 500 ms.
E, 3504, 19, 2013/05/23, 17:06:18.012, 2823110690292, QTAgent32.exe, Exception: System.Runtime.InteropServices.COMException
	Message: Error HRESULT E_FAIL has been returned from a call to a COM component.
	Stack Trace:    at Microsoft.VisualStudio.TestTools.UITest.Playback.Engine.IRPFPlayback.FindAllScreenElements(IScreenElement pScreenElementStart, String bstrQueryId, Object&amp; pvarResKeys, Int32 cResKeys, Int32 nMaxDepth, Object[]&amp; foundDescendants)
   at Microsoft.VisualStudio.TestTools.UITest.Playback.ScreenElement.FindTopLevelWindowHelper(String queryId)
	BaseExceptionMessage: Error HRESULT E_FAIL has been returned from a call to a COM component.

E, 3504, 19, 2013/05/23, 17:06:18.130, 2823112385936, QTAgent32.exe, AL: Playback Error: Microsoft.VisualStudio.TestTools.UITest.Extension.UITestControlNotFoundException: The playback failed to find the control with the given search properties. Additional Details: 
TechnologyName:  'MSAA'
ControlType:  'Window'
Name:  'Windows Security'
 ---&gt; System.Runtime.InteropServices.COMException: Error HRESULT E_FAIL has been returned from a call to a COM component.
   at Microsoft.VisualStudio.TestTools.UITest.Playback.Engine.IRPFPlayback.FindAllScreenElements(IScreenElement pScreenElementStart, String bstrQueryId, Object&amp; pvarResKeys, Int32 cResKeys, Int32 nMaxDepth, Object[]&amp; foundDescendants)
   at Microsoft.VisualStudio.TestTools.UITest.Playback.ScreenElement.FindTopLevelWindowHelper(String queryId)
   at Microsoft.VisualStudio.TestTools.UITest.Playback.ScreenElement.FindFromPartialQueryId(String queryId)
   at Microsoft.VisualStudio.TestTools.UITesting.UITestControl..ctor(String queryId)
   --- End of inner exception stack trace ---
   at Microsoft.VisualStudio.TestTools.UITesting.Playback.MapControlNotFoundException(COMException ex, IPlaybackContext context)
   at Microsoft.VisualStudio.TestTools.UITesting.Playback.MapAndThrowComException(COMException innerException, IPlaybackContext context)
   at Microsoft.VisualStudio.TestTools.UITesting.Playback.MapAndThrowException(SystemException exception, IPlaybackContext context)
   at Microsoft.VisualStudio.TestTools.UITesting.Playback.MapAndThrowException(SystemException exception, String queryId)
   at Microsoft.VisualStudio.TestTools.UITesting.UITestControl..ctor(String queryId)
   at Microsoft.VisualStudio.TestTools.UITesting.SearchHelper.SearchTopLevelWindow(ISearchArgument topLevelSearchArg, String topLevelElementQueryId)
   at Microsoft.VisualStudio.TestTools.UITesting.SearchHelper.GetTitleUpdatedTopLevelWindow(ISearchArgument topLevelSearchArg, String queryId, IList`1 windowTitles)
   at Microsoft.VisualStudio.TestTools.UITesting.SearchHelper.GetTopLevelElement(Boolean useCache, Boolean useCacheOnly, ISearchArgument searchArg, IList`1 windowTitles, Int32&amp; timeLeft)
   at Microsoft.VisualStudio.TestTools.UITesting.SearchHelper.GetElement(Boolean useCache, ISearchArgument searchArg)
   at Microsoft.VisualStudio.TestTools.UITesting.SearchHelper.Search(ISearchArgument searchArg)
   at Microsoft.VisualStudio.TestTools.UITesting.UITestControl.FindInternal()
   at Microsoft.VisualStudio.TestTools.UITesting.UITestControl.FindControlIfNecessary()
   at Microsoft.VisualStudio.TestTools.UITesting.UITestControl.SendKeys(String text, ModifierKeys modifierKeys, Boolean isEncoded, Boolean isUnicode)
   at Microsoft.VisualStudio.TestTools.UITesting.Keyboard.SendKeysImplementation(UITestControl control, String text, ModifierKeys modifierKeys, Boolean isEncoded, Boolean isUnicode)
   at Microsoft.VisualStudio.TestTools.UITesting.Keyboard.SendKeysImplementationWrapper(UITestControl control, String text, ModifierKeys modifierKeys, Boolean isEncoded, Boolean isUnicode)
W, 3504, 19, 2013/05/23, 17:06:18.130, 2823112389330, QTAgent32.exe, PlaybackErrorHandler: Ignoring exception as ContinueOnError is set.
W, 3504, 19, 2013/05/23, 17:06:19.078, 2823125952346, QTAgent32.exe, Playback - [WARNING] Internal warning: Window Not Found: [VisibleOnly]ControlType='Window' &amp;&amp; Name='Windows Security'
\0
E, 3504, 19, 2013/05/23, 17:06:19.078, 2823125955207, QTAgent32.exe, &lt;a class=failure&gt;Playback - {117} [FAILED] Function ElementFetcher::FindScreenElement failed to locate UI element (Searching: ;[VisibleOnly]ControlType='Window' &amp;&amp; Name='Windows Security') (The object specified was not found.)
\0&lt;/a&gt;
E, 3504, 19, 2013/05/23, 17:06:19.165, 2823127198162, QTAgent32.exe, Playback - [IMAGE] C:\Users\testuser\AppData\Local\Temp\UITestLogs\LastRun\RPF9652.png
\0
W, 3504, 19, 2013/05/23, 17:06:19.165, 2823127200695, QTAgent32.exe, Playback - [WARNING] Internal warning: Couldn't find descendants that match QueryId
\0
W, 3504, 19, 2013/05/23, 17:06:19.165, 2823127203882, QTAgent32.exe, PERF WARNING: FindTopLevelWindowHelper::FindAllDescendents: took 1034 ms. Expected it to take maximum 500 ms.
W, 3504, 19, 2013/05/23, 17:06:37.384, 2823388067977, QTAgent32.exe, Playback - [WARNING] Internal warning: Window Not Found: [VisibleOnly]ControlType='Window' &amp;&amp; Name='Windows Security'
\0
E, 3504, 19, 2013/05/23, 17:06:37.384, 2823388071316, QTAgent32.exe, &lt;a class=failure&gt;Playback - {118} [FAILED] Function ElementFetcher::FindScreenElement failed to locate UI element (Searching: ;[VisibleOnly]ControlType='Window' &amp;&amp; Name='Windows Security') (The object specified was not found.)
\0&lt;/a&gt;
E, 3504, 19, 2013/05/23, 17:06:37.475, 2823389366863, QTAgent32.exe, Playback - [IMAGE] C:\Users\testuser\AppData\Local\Temp\UITestLogs\LastRun\RPFDDDD.png
\0
W, 3504, 19, 2013/05/23, 17:06:37.475, 2823389369749, QTAgent32.exe, Playback - [WARNING] Internal warning: Couldn't find descendants that match QueryId
\0
W, 3504, 19, 2013/05/23, 17:06:37.475, 2823389373213, QTAgent32.exe, PERF WARNING: FindTopLevelWindowHelper::FindAllDescendents: took 18310 ms. Expected it to take maximum 500 ms.
W, 3504, 19, 2013/05/23, 17:06:38.081, 2823398045888, QTAgent32.exe, Playback - [WARNING] Internal warning: Smart Match failed
\0
W, 3504, 19, 2013/05/23, 17:06:38.366, 2823402122690, QTAgent32.exe, Playback - [WARNING] Internal warning: Smart Match failed
\0
W, 3504, 19, 2013/05/23, 17:06:38.662, 2823406356617, QTAgent32.exe, Playback - [WARNING] Internal warning: Smart Match failed
\0
W, 3504, 19, 2013/05/23, 17:06:38.950, 2823410484627, QTAgent32.exe, Playback - [WARNING] Internal warning: Smart Match failed
\0
W, 3504, 19, 2013/05/23, 17:06:39.249, 2823414767291, QTAgent32.exe, Playback - [WARNING] Internal warning: Smart Match failed
\0
W, 3504, 19, 2013/05/23, 17:06:39.553, 2823419110617, QTAgent32.exe, Playback - [WARNING] Internal warning: Smart Match failed
\0
W, 3504, 19, 2013/05/23, 17:06:39.887, 2823423897407, QTAgent32.exe, Playback - [WARNING] Internal warning: Smart Match failed
\0
W, 3504, 19, 2013/05/23, 17:06:40.184, 2823428159111, QTAgent32.exe, Playback - [WARNING] Internal warning: Smart Match failed
\0
W, 3504, 19, 2013/05/23, 17:06:40.480, 2823432395880, QTAgent32.exe, Playback - [WARNING] Internal warning: Smart Match failed
\0
W, 3504, 19, 2013/05/23, 17:06:40.655, 2823434892211, QTAgent32.exe, Playback - [WARNING] Internal warning: Window Not Found: [VisibleOnly]ControlType='Window' &amp;&amp; Name='Windows Security'
\0
E, 3504, 19, 2013/05/23, 17:06:40.655, 2823434895226, QTAgent32.exe, &lt;a class=failure&gt;Playback - {119} [FAILED] Function ElementFetcher::FindScreenElement failed to locate UI element (Searching: ;[VisibleOnly]ControlType='Window' &amp;&amp; Name='Windows Security') (The object specified was not found.)
\0&lt;/a&gt;
E, 3504, 19, 2013/05/23, 17:06:40.735, 2823436037573, QTAgent32.exe, Playback - [IMAGE] C:\Users\testuser\AppData\Local\Temp\UITestLogs\LastRun\RPFEA9B.png
\0
W, 3504, 19, 2013/05/23, 17:06:40.735, 2823436040040, QTAgent32.exe, Playback - [WARNING] Internal warning: Couldn't find descendants that match QueryId
\0
W, 3504, 19, 2013/05/23, 17:06:40.735, 2823436043207, QTAgent32.exe, PERF WARNING: FindTopLevelWindowHelper::FindAllDescendents: took 3259 ms. Expected it to take maximum 500 ms.
E, 3504, 19, 2013/05/23, 17:06:40.735, 2823436045411, QTAgent32.exe, Exception: System.Runtime.InteropServices.COMException
	Message: Error HRESULT E_FAIL has been returned from a call to a COM component.
	Stack Trace:    at Microsoft.VisualStudio.TestTools.UITest.Playback.Engine.IRPFPlayback.FindAllScreenElements(IScreenElement pScreenElementStart, String bstrQueryId, Object&amp; pvarResKeys, Int32 cResKeys, Int32 nMaxDepth, Object[]&amp; foundDescendants)
   at Microsoft.VisualStudio.TestTools.UITest.Playback.ScreenElement.FindTopLevelWindowHelper(String queryId)
	BaseExceptionMessage: Error HRESULT E_FAIL has been returned from a call to a COM component.

E, 3504, 19, 2013/05/23, 17:06:40.836, 2823437491815, QTAgent32.exe, AL: Playback Error: Microsoft.VisualStudio.TestTools.UITest.Extension.UITestControlNotFoundException: The playback failed to find the control with the given search properties. Additional Details: 
TechnologyName:  'MSAA'
ControlType:  'Window'
Name:  'Windows Security'
 ---&gt; System.Runtime.InteropServices.COMException: Error HRESULT E_FAIL has been returned from a call to a COM component.
   at Microsoft.VisualStudio.TestTools.UITest.Playback.Engine.IRPFPlayback.FindAllScreenElements(IScreenElement pScreenElementStart, String bstrQueryId, Object&amp; pvarResKeys, Int32 cResKeys, Int32 nMaxDepth, Object[]&amp; foundDescendants)
   at Microsoft.VisualStudio.TestTools.UITest.Playback.ScreenElement.FindTopLevelWindowHelper(String queryId)
   at Microsoft.VisualStudio.TestTools.UITest.Playback.ScreenElement.FindFromPartialQueryId(String queryId)
   at Microsoft.VisualStudio.TestTools.UITesting.UITestControl..ctor(String queryId)
   --- End of inner exception stack trace ---
   at Microsoft.VisualStudio.TestTools.UITesting.Playback.MapControlNotFoundException(COMException ex, IPlaybackContext context)
   at Microsoft.VisualStudio.TestTools.UITesting.Playback.MapAndThrowComException(COMException innerException, IPlaybackContext context)
   at Microsoft.VisualStudio.TestTools.UITesting.Playback.MapAndThrowException(SystemException exception, IPlaybackContext context)
   at Microsoft.VisualStudio.TestTools.UITesting.Playback.MapAndThrowException(SystemException exception, String queryId)
   at Microsoft.VisualStudio.TestTools.UITesting.UITestControl..ctor(String queryId)
   at Microsoft.VisualStudio.TestTools.UITesting.SearchHelper.SearchTopLevelWindow(ISearchArgument topLevelSearchArg, String topLevelElementQueryId)
   at Microsoft.VisualStudio.TestTools.UITesting.SearchHelper.GetTitleUpdatedTopLevelWindow(ISearchArgument topLevelSearchArg, String queryId, IList`1 windowTitles)
   at Microsoft.VisualStudio.TestTools.UITesting.SearchHelper.GetTopLevelElement(Boolean useCache, Boolean useCacheOnly, ISearchArgument searchArg, IList`1 windowTitles, Int32&amp; timeLeft)
   at Microsoft.VisualStudio.TestTools.UITesting.SearchHelper.GetElement(Boolean useCache, ISearchArgument searchArg)
   at Microsoft.VisualStudio.TestTools.UITesting.SearchHelper.Search(ISearchArgument searchArg)
   at Microsoft.VisualStudio.TestTools.UITesting.UITestControl.FindInternal()
   at Microsoft.VisualStudio.TestTools.UITesting.UITestControl.FindControlIfNecessary()
   at Microsoft.VisualStudio.TestTools.UITesting.UITestControl.Click(MouseButtons button, ModifierKeys modifierKeys, Point relativeCoordinates)
   at Microsoft.VisualStudio.TestTools.UITesting.Mouse.ClickImplementation(UITestControl control, MouseButtons button, ModifierKeys modifierKeys, Point relativeCoordinate)
   at Microsoft.VisualStudio.TestTools.UITesting.Mouse.ClickImplementationWrapper(UITestControl control, MouseButtons button, ModifierKeys modifierKeys, Point relativeCoordinate)
W, 3504, 19, 2013/05/23, 17:06:40.836, 2823437495271, QTAgent32.exe, PlaybackErrorHandler: Ignoring exception as ContinueOnError is set.
E, 3504, 19, 2013/05/23, 17:06:41.198, 2823442669346, QTAgent32.exe, IEDOM: GetIEWebControl() is unable to get the IE control
E, 3504, 19, 2013/05/23, 17:06:41.205, 2823442769420, QTAgent32.exe, IEDOM: GetIEWebControl() is unable to get the IE control
E, 3504, 19, 2013/05/23, 17:06:41.212, 2823442872540, QTAgent32.exe, IEDOM: GetIEWebControl() is unable to get the IE control
W, 3504, 19, 2013/05/23, 17:06:43.100, 2823469907062, QTAgent32.exe, &lt;a class=success&gt;Playback - {120} [SUCCESS] MouseButtonClick - "[Web]ControlType='Hyperlink' &amp;&amp; TagName='A' &amp;&amp; Id='' &amp;&amp; Name='' &amp;&amp; Target='' &amp;&amp; InnerText='Renewals Maintenance' &amp;&amp; FilterCondition(AbsolutePath='/sysmaint/content/leftbar.asp', Title='', Href='https://www.insur-econnect.com/sysmaint/content/leftbar.asp#', Class='', ControlDefinition='style="COLOR: white" href="#"', TagInstance='39')"
\0&lt;/a&gt;
W, 3504, 19, 2013/05/23, 17:06:44.139, 2823484788576, QTAgent32.exe, &lt;a class=success&gt;Playback - {121} [SUCCESS] MouseButtonClick - "[Web]ControlType='Hyperlink' &amp;&amp; TagName='A' &amp;&amp; Id='' &amp;&amp; Name='' &amp;&amp; Target='content' &amp;&amp; InnerText='Create a Motor Test Renewal Invitation' &amp;&amp; FilterCondition(AbsolutePath='/sysmaint/content/AddTestRenewalNotice.asp', Title='', Href='https://www.insur-econnect.com/sysmaint/content/AddTestRenewalNotice.asp', Class='itemlink', ControlDefinition='class=itemlink href="AddTestRenewalNotic', TagInstance='1')"
\0&lt;/a&gt;
E, 3504, 19, 2013/05/23, 17:06:46.948, 2823524997195, QTAgent32.exe, Exception: System.NotSupportedException
	Message: Internal Error: This method on IEWebControlElement should not get called.
	Stack Trace:    at Microsoft.VisualStudio.TestTools.UITest.Extension.IE.BrowserOptionElementNode.InvokeProgrammaticAction(ProgrammaticActionOption programmaticActionOption)
	BaseExceptionMessage: Internal Error: This method on IEWebControlElement should not get called.

W, 3504, 19, 2013/05/23, 17:06:47.220, 2823528897368, QTAgent32.exe, &lt;a class=success&gt;Playback - {122} [SUCCESS] SetValueAsComboBox "Highway Insurance" - "[Web]ControlType='ComboBox' &amp;&amp; TagName='SELECT' &amp;&amp; Id='InsurerID' &amp;&amp; Name='InsurerID' &amp;&amp; FilterCondition(Size='0', LabeledBy='', Title='', ItemCount='54', Class='', ControlDefinition='id=InsurerID onchange=selectInsurer() na', TagInstance='1')"  &lt; SetValueAsComboBox, set by clicking on the item in the list box &gt;
\0&lt;/a&gt;
W, 3504, 19, 2013/05/23, 17:06:48.399, 2823545781641, QTAgent32.exe, &lt;a class=success&gt;Playback - {123} [SUCCESS] SetValueAsEditBox "7071001651" - "[Web]ControlType='Edit' &amp;&amp; TagName='INPUT' &amp;&amp; Id='' &amp;&amp; Name='txtPolicyNumber' &amp;&amp; LabeledBy='' &amp;&amp; Type='SINGLELINE' &amp;&amp; FilterCondition(Title='', Class='', ControlDefinition='name=txtPolicyNumber align=left size=15', TagInstance='1')"  &lt; Set via SendKeys &gt;
\0&lt;/a&gt;
W, 3504, 19, 2013/05/23, 17:06:48.895, 2823552877448, QTAgent32.exe, &lt;a class=success&gt;Playback - {124} [SUCCESS] SetValueAsEditBox "30/5/2013" - "[Web]ControlType='Edit' &amp;&amp; TagName='INPUT' &amp;&amp; Id='' &amp;&amp; Name='txtAutoLapseDate' &amp;&amp; LabeledBy='' &amp;&amp; Type='SINGLELINE' &amp;&amp; FilterCondition(Title='', Class='', ControlDefinition='name=txtAutoLapseDate maxLength=10 value', TagInstance='8')"  &lt; Set via SendKeys &gt;
\0&lt;/a&gt;
W, 3504, 19, 2013/05/23, 17:06:49.614, 2823563174917, QTAgent32.exe, &lt;a class=success&gt;Playback - {125} [SUCCESS] MouseButtonClick - "[Web]ControlType='Button' &amp;&amp; TagName='INPUT' &amp;&amp; Id='buttonCreate' &amp;&amp; Name='buttonCreate' &amp;&amp; FilterCondition(DisplayText='  Create Record  ', Type='button', Title='Click to create the new record', Class='', ControlDefinition='id=buttonCreate title="Click to create t', TagInstance='10')"
\0&lt;/a&gt;
W, 3504, 19, 2013/05/23, 17:06:49.877, 2823566936701, QTAgent32.exe, &lt;a class=success&gt;Playback - {126} [SUCCESS] MouseButtonClick - "[MSAA, VisibleOnly]ControlType='Button' &amp;&amp; Name='OK'"
\0&lt;/a&gt;
W, 3504, 19, 2013/05/23, 17:06:55.300, 2823644580675, QTAgent32.exe, &lt;a class=success&gt;Playback - {127} [SUCCESS] TypeString "%({F4})"
\0&lt;/a&gt;
W, 3504, 19, 2013/05/23, 17:06:56.076, 2823655698817, QTAgent32.exe, &lt;a class=success&gt;Playback - {128} [SUCCESS] SendKeys "^{HOME}" - "[MSAA, VisibleOnly]ControlType='Edit'"
\0&lt;/a&gt;
E, 3504, 19, 2013/05/23, 17:06:56.077, 2823655719851, QTAgent32.exe, Msaa.GetFocusedElement: could not find accessible object of foreground window
W, 3504, 19, 2013/05/23, 17:06:56.146, 2823656701238, QTAgent32.exe, &lt;a class=success&gt;Playback - {129} [SUCCESS] SendKeys "^+{END}" - "[MSAA, VisibleOnly]ControlType='Edit'"
\0&lt;/a&gt;
E, 3504, 19, 2013/05/23, 17:06:56.146, 2823656704302, QTAgent32.exe, Msaa.GetFocusedElement: could not find accessible object of foreground window
W, 3504, 19, 2013/05/23, 17:06:56.177, 2823657145022, QTAgent32.exe, &lt;a class=success&gt;Playback - {130} [SUCCESS] SendKeys "{DELETE}" - "[MSAA, VisibleOnly]ControlType='Edit'"
\0&lt;/a&gt;
W, 3504, 19, 2013/05/23, 17:06:57.088, 2823670189001, QTAgent32.exe, &lt;a class=success&gt;Playback - {131} [SUCCESS] SetValueAsEditBox "30/05/2012" - "[MSAA, VisibleOnly]ControlType='Edit'"  &lt; Set via SendKeys &gt;
\0&lt;/a&gt;
W, 3504, 19, 2013/05/23, 17:06:57.547, 2823676759821, QTAgent32.exe, &lt;a class=success&gt;Playback - {132} [SUCCESS] MouseButtonClick - "[MSAA, VisibleOnly]ControlType='Button' &amp;&amp; Name='OK'"
\0&lt;/a&gt;
W, 3504, 19, 2013/05/23, 17:06:57.913, 2823682002549, QTAgent32.exe, &lt;a class=success&gt;Playback - {133} [SUCCESS] MouseButtonClick - "[MSAA, VisibleOnly]ControlType='Client'"
\0&lt;/a&gt;
W, 3504, 19, 2013/05/23, 17:06:58.519, 2823690678538, QTAgent32.exe, &lt;a class=success&gt;Playback - {134} [SUCCESS] MouseButtonClick - "[MSAA, VisibleOnly]ControlType='Client'"
\0&lt;/a&gt;
W, 3504, 19, 2013/05/23, 17:06:59.805, 2823709091777, QTAgent32.exe, &lt;a class=success&gt;Playback - {135} [SUCCESS] SetValueAsEditBox "AUTO185" - "[MSAA, VisibleOnly]ControlType='Edit'"  &lt; Set via SendKeys &gt;
\0&lt;/a&gt;
W, 3504, 19, 2013/05/23, 17:07:00.376, 2823717271598, QTAgent32.exe, &lt;a class=success&gt;Playback - {136} [SUCCESS] SetValueAsEditBox "-1001" - "[MSAA, VisibleOnly]ControlType='Edit'"  &lt; Set via SendKeys &gt;
\0&lt;/a&gt;
W, 3504, 19, 2013/05/23, 17:07:00.692, 2823721795697, QTAgent32.exe, &lt;a class=success&gt;Playback - {137} [SUCCESS] SendKeys "^{HOME}" - "[MSAA, VisibleOnly]ControlType='Edit'"
\0&lt;/a&gt;
E, 3504, 19, 2013/05/23, 17:07:00.692, 2823721798620, QTAgent32.exe, Msaa.GetFocusedElement: could not find accessible object of foreground window
W, 3504, 19, 2013/05/23, 17:07:00.747, 2823722575910, QTAgent32.exe, &lt;a class=success&gt;Playback - {138} [SUCCESS] SendKeys "^+{END}" - "[MSAA, VisibleOnly]ControlType='Edit'"
\0&lt;/a&gt;
E, 3504, 19, 2013/05/23, 17:07:00.747, 2823722578862, QTAgent32.exe, Msaa.GetFocusedElement: could not find accessible object of foreground window
W, 3504, 19, 2013/05/23, 17:07:00.761, 2823722784228, QTAgent32.exe, &lt;a class=success&gt;Playback - {139} [SUCCESS] SendKeys "{DELETE}" - "[MSAA, VisibleOnly]ControlType='Edit'"
\0&lt;/a&gt;
W, 3504, 19, 2013/05/23, 17:07:01.091, 2823727500887, QTAgent32.exe, &lt;a class=success&gt;Playback - {140} [SUCCESS] SetValueAsEditBox "30/05/2012" - "[MSAA, VisibleOnly]ControlType='Edit'"  &lt; Set via SendKeys &gt;
\0&lt;/a&gt;
W, 3504, 19, 2013/05/23, 17:07:01.827, 2823738041885, QTAgent32.exe, &lt;a class=success&gt;Playback - {141} [SUCCESS] MouseButtonClick - "[MSAA, VisibleOnly]ControlType='Button' &amp;&amp; Name='Regress'"
\0&lt;/a&gt;
W, 3504, 19, 2013/05/23, 17:07:02.090, 2823741812982, QTAgent32.exe, &lt;a class=success&gt;Playback - {142} [SUCCESS] MouseButtonClick - "[MSAA, VisibleOnly]ControlType='Button' &amp;&amp; Name='Exit'"
\0&lt;/a&gt;
W, 3504, 19, 2013/05/23, 17:07:02.377, 2823745909454, QTAgent32.exe, &lt;a class=success&gt;Playback - {143} [SUCCESS] MouseButtonClick - "[MSAA, VisibleOnly]ControlType='Button'"
\0&lt;/a&gt;
W, 3504, 19, 2013/05/23, 17:07:02.621, 2823749412787, QTAgent32.exe, &lt;a class=success&gt;Playback - {144} [SUCCESS] MouseButtonClick - "[MSAA, VisibleOnly]ControlType='Button' &amp;&amp; Name='Options'"
\0&lt;/a&gt;
W, 3504, 19, 2013/05/23, 17:07:02.725, 2823750891675, QTAgent32.exe, FindScreenElementInSinglePass : Attempting to find control in one pass of search. Failures can occur.
W, 3504, 19, 2013/05/23, 17:07:03.148, 2823756950645, QTAgent32.exe, &lt;a class=success&gt;Playback - {145} [SUCCESS] MouseButtonClick - "[MSAA]ControlType='MenuItem' &amp;&amp; Name='Links'"
\0&lt;/a&gt;
W, 3504, 19, 2013/05/23, 17:07:03.251, 2823758430601, QTAgent32.exe, FindScreenElementInSinglePass : Attempting to find control in one pass of search. Failures can occur.
W, 3504, 19, 2013/05/23, 17:07:03.759, 2823765700756, QTAgent32.exe, &lt;a class=success&gt;Playback - {146} [SUCCESS] MouseButtonClick - "[MSAA]ControlType='MenuItem' &amp;&amp; Name='3rd Party Integration'"
\0&lt;/a&gt;
W, 3504, 19, 2013/05/23, 17:07:03.859, 2823767138222, QTAgent32.exe, FindScreenElementInSinglePass : Attempting to find control in one pass of search. Failures can occur.
W, 3504, 19, 2013/05/23, 17:07:04.310, 2823773600016, QTAgent32.exe, &lt;a class=success&gt;Playback - {147} [SUCCESS] MouseButtonClick - "[MSAA]ControlType='MenuItem' &amp;&amp; Name='Renewals Loader'"
\0&lt;/a&gt;
W, 3504, 19, 2013/05/23, 17:07:04.689, 2823779022651, QTAgent32.exe, &lt;a class=success&gt;Playback - {148} [SUCCESS] MouseButtonClick - "[MSAA, VisibleOnly]ControlType='TitleBar'"
\0&lt;/a&gt;
W, 3504, 19, 2013/05/23, 17:07:04.946, 2823782699992, QTAgent32.exe, &lt;a class=success&gt;Playback - {149} [SUCCESS] SendKeys "^{HOME}" - "[MSAA, VisibleOnly]ControlType='Edit'"
\0&lt;/a&gt;
E, 3504, 19, 2013/05/23, 17:07:04.946, 2823782703009, QTAgent32.exe, Msaa.GetFocusedElement: could not find accessible object of foreground window
W, 3504, 19, 2013/05/23, 17:07:05.002, 2823783501700, QTAgent32.exe, &lt;a class=success&gt;Playback - {150} [SUCCESS] SendKeys "^+{END}" - "[MSAA, VisibleOnly]ControlType='Edit'"
\0&lt;/a&gt;
E, 3504, 19, 2013/05/23, 17:07:05.002, 2823783504789, QTAgent32.exe, Msaa.GetFocusedElement: could not find accessible object of foreground window
W, 3504, 19, 2013/05/23, 17:07:05.018, 2823783727890, QTAgent32.exe, &lt;a class=success&gt;Playback - {151} [SUCCESS] SendKeys "{DELETE}" - "[MSAA, VisibleOnly]ControlType='Edit'"
\0&lt;/a&gt;
W, 3504, 19, 2013/05/23, 17:07:05.326, 2823788150936, QTAgent32.exe, &lt;a class=success&gt;Playback - {152} [SUCCESS] SetValueAsEditBox "23/05/2013" - "[MSAA, VisibleOnly]ControlType='Edit'"  &lt; Set via SendKeys &gt;
\0&lt;/a&gt;
W, 3504, 19, 2013/05/23, 17:07:05.590, 2823791921033, QTAgent32.exe, &lt;a class=success&gt;Playback - {153} [SUCCESS] SendKeys "^{HOME}" - "[MSAA, VisibleOnly]ControlType='Edit'"
\0&lt;/a&gt;
E, 3504, 19, 2013/05/23, 17:07:05.590, 2823791924586, QTAgent32.exe, Msaa.GetFocusedElement: could not find accessible object of foreground window
W, 3504, 19, 2013/05/23, 17:07:05.659, 2823792910115, QTAgent32.exe, &lt;a class=success&gt;Playback - {154} [SUCCESS] SendKeys "^+{END}" - "[MSAA, VisibleOnly]ControlType='Edit'"
\0&lt;/a&gt;
E, 3504, 19, 2013/05/23, 17:07:05.659, 2823792912054, QTAgent32.exe, Msaa.GetFocusedElement: could not find accessible object of foreground window
W, 3504, 19, 2013/05/23, 17:07:05.675, 2823793134430, QTAgent32.exe, &lt;a class=success&gt;Playback - {155} [SUCCESS] SendKeys "{DELETE}" - "[MSAA, VisibleOnly]ControlType='Edit'"
\0&lt;/a&gt;
W, 3504, 19, 2013/05/23, 17:07:05.984, 2823797567201, QTAgent32.exe, &lt;a class=success&gt;Playback - {156} [SUCCESS] SetValueAsEditBox "06/06/2013" - "[MSAA, VisibleOnly]ControlType='Edit'"  &lt; Set via SendKeys &gt;
\0&lt;/a&gt;
W, 3504, 19, 2013/05/23, 17:07:06.445, 2823804158186, QTAgent32.exe, &lt;a class=success&gt;Playback - {157} [SUCCESS] MouseButtonClick - "[MSAA, VisibleOnly]ControlType='Button' &amp;&amp; Name='Run'"
\0&lt;/a&gt;
W, 3504, 19, 2013/05/23, 17:07:11.610, 2823878111053, QTAgent32.exe, FindNTopWindows : Search will be continued for 12000 even on failure
W, 3504, 19, 2013/05/23, 17:07:11.931, 2823882712015, QTAgent32.exe, Playback - [WARNING] Internal warning: Window with Class "IEFrame" and Title "insurE-com System Maintenance" was not found, so similar window with Class "IEFrame" and Title "insurE-com System Maintenance - Windows Internet Explorer" was accepted
\0
W, 3504, 19, 2013/05/23, 17:07:11.931, 2823882714723, QTAgent32.exe, Playback - [WARNING] Internal warning: Couldn't find descendants that match QueryId
\0
W, 3504, 19, 2013/05/23, 17:07:12.212, 2823886732813, QTAgent32.exe, Playback - [WARNING] Internal warning: Window with Class "IEFrame" and Title "insurE-com System Maintenance" was not found, so similar window with Class "IEFrame" and Title "insurE-com System Maintenance - Windows Internet Explorer" was accepted
\0
W, 3504, 19, 2013/05/23, 17:07:12.212, 2823886735266, QTAgent32.exe, Playback - [WARNING] Internal warning: Couldn't find descendants that match QueryId
\0
W, 3504, 19, 2013/05/23, 17:07:12.493, 2823890762316, QTAgent32.exe, Playback - [WARNING] Internal warning: Window with Class "IEFrame" and Title "insurE-com System Maintenance" was not found, so similar window with Class "IEFrame" and Title "insurE-com System Maintenance - Windows Internet Explorer" was accepted
\0
W, 3504, 19, 2013/05/23, 17:07:12.493, 2823890765186, QTAgent32.exe, Playback - [WARNING] Internal warning: Couldn't find descendants that match QueryId
\0
W, 3504, 19, 2013/05/23, 17:07:12.769, 2823894720789, QTAgent32.exe, Playback - [WARNING] Internal warning: Window with Class "IEFrame" and Title "insurE-com System Maintenance" was not found, so similar window with Class "IEFrame" and Title "insurE-com System Maintenance - Windows Internet Explorer" was accepted
\0
W, 3504, 19, 2013/05/23, 17:07:12.770, 2823894723185, QTAgent32.exe, Playback - [WARNING] Internal warning: Couldn't find descendants that match QueryId
\0
W, 3504, 19, 2013/05/23, 17:07:13.059, 2823898871698, QTAgent32.exe, Playback - [WARNING] Internal warning: Window with Class "IEFrame" and Title "insurE-com System Maintenance" was not found, so similar window with Class "IEFrame" and Title "insurE-com System Maintenance - Windows Internet Explorer" was accepted
\0
W, 3504, 19, 2013/05/23, 17:07:13.060, 2823898874301, QTAgent32.exe, Playback - [WARNING] Internal warning: Couldn't find descendants that match QueryId
\0
W, 3504, 19, 2013/05/23, 17:07:13.374, 2823903371471, QTAgent32.exe, Playback - [WARNING] Internal warning: Window with Class "IEFrame" and Title "insurE-com System Maintenance" was not found, so similar window with Class "IEFrame" and Title "insurE-com System Maintenance - Windows Internet Explorer" was accepted
\0
W, 3504, 19, 2013/05/23, 17:07:13.374, 2823903373977, QTAgent32.exe, Playback - [WARNING] Internal warning: Couldn't find descendants that match QueryId
\0
W, 3504, 19, 2013/05/23, 17:07:13.669, 2823907606744, QTAgent32.exe, Playback - [WARNING] Internal warning: Window with Class "IEFrame" and Title "insurE-com System Maintenance" was not found, so similar window with Class "IEFrame" and Title "insurE-com System Maintenance - Windows Internet Explorer" was accepted
\0
W, 3504, 19, 2013/05/23, 17:07:13.670, 2823907609737, QTAgent32.exe, Playback - [WARNING] Internal warning: Couldn't find descendants that match QueryId
\0
W, 3504, 19, 2013/05/23, 17:07:13.961, 2823911782268, QTAgent32.exe, Playback - [WARNING] Internal warning: Window with Class "IEFrame" and Title "insurE-com System Maintenance" was not found, so similar window with Class "IEFrame" and Title "insurE-com System Maintenance - Windows Internet Explorer" was accepted
\0
W, 3504, 19, 2013/05/23, 17:07:13.961, 2823911784853, QTAgent32.exe, Playback - [WARNING] Internal warning: Couldn't find descendants that match QueryId
\0
W, 3504, 19, 2013/05/23, 17:07:14.252, 2823915938347, QTAgent32.exe, Playback - [WARNING] Internal warning: Window with Class "IEFrame" and Title "insurE-com System Maintenance" was not found, so similar window with Class "IEFrame" and Title "insurE-com System Maintenance - Windows Internet Explorer" was accepted
\0
W, 3504, 19, 2013/05/23, 17:07:14.252, 2823915940789, QTAgent32.exe, Playback - [WARNING] Internal warning: Couldn't find descendants that match QueryId
\0
W, 3504, 19, 2013/05/23, 17:07:14.544, 2823920127640, QTAgent32.exe, Playback - [WARNING] Internal warning: Window with Class "IEFrame" and Title "insurE-com System Maintenance" was not found, so similar window with Class "IEFrame" and Title "insurE-com System Maintenance - Windows Internet Explorer" was accepted
\0
W, 3504, 19, 2013/05/23, 17:07:14.544, 2823920130512, QTAgent32.exe, Playback - [WARNING] Internal warning: Couldn't find descendants that match QueryId
\0
W, 3504, 19, 2013/05/23, 17:07:14.827, 2823924183785, QTAgent32.exe, Playback - [WARNING] Internal warning: Window with Class "IEFrame" and Title "insurE-com System Maintenance" was not found, so similar window with Class "IEFrame" and Title "insurE-com System Maintenance - Windows Internet Explorer" was accepted
\0
W, 3504, 19, 2013/05/23, 17:07:14.828, 2823924186488, QTAgent32.exe, Playback - [WARNING] Internal warning: Couldn't find descendants that match QueryId
\0
W, 3504, 19, 2013/05/23, 17:07:15.107, 2823928179189, QTAgent32.exe, Playback - [WARNING] Internal warning: Window with Class "IEFrame" and Title "insurE-com System Maintenance" was not found, so similar window with Class "IEFrame" and Title "insurE-com System Maintenance - Windows Internet Explorer" was accepted
\0
W, 3504, 19, 2013/05/23, 17:07:15.107, 2823928181612, QTAgent32.exe, Playback - [WARNING] Internal warning: Couldn't find descendants that match QueryId
\0
W, 3504, 19, 2013/05/23, 17:07:15.386, 2823932186160, QTAgent32.exe, Playback - [WARNING] Internal warning: Window with Class "IEFrame" and Title "insurE-com System Maintenance" was not found, so similar window with Class "IEFrame" and Title "insurE-com System Maintenance - Windows Internet Explorer" was accepted
\0
W, 3504, 19, 2013/05/23, 17:07:15.387, 2823932188746, QTAgent32.exe, Playback - [WARNING] Internal warning: Couldn't find descendants that match QueryId
\0
W, 3504, 19, 2013/05/23, 17:07:15.683, 2823936432894, QTAgent32.exe, Playback - [WARNING] Internal warning: Window with Class "IEFrame" and Title "insurE-com System Maintenance" was not found, so similar window with Class "IEFrame" and Title "insurE-com System Maintenance - Windows Internet Explorer" was accepted
\0
W, 3504, 19, 2013/05/23, 17:07:15.683, 2823936436525, QTAgent32.exe, Playback - [WARNING] Internal warning: Couldn't find descendants that match QueryId
\0
W, 3504, 19, 2013/05/23, 17:07:15.978, 2823940652279, QTAgent32.exe, Playback - [WARNING] Internal warning: Window with Class "IEFrame" and Title "insurE-com System Maintenance" was not found, so similar window with Class "IEFrame" and Title "insurE-com System Maintenance - Windows Internet Explorer" was accepted
\0
W, 3504, 19, 2013/05/23, 17:07:15.978, 2823940654690, QTAgent32.exe, Playback - [WARNING] Internal warning: Couldn't find descendants that match QueryId
\0
W, 3504, 19, 2013/05/23, 17:07:16.264, 2823944749885, QTAgent32.exe, Playback - [WARNING] Internal warning: Window with Class "IEFrame" and Title "insurE-com System Maintenance" was not found, so similar window with Class "IEFrame" and Title "insurE-com System Maintenance - Windows Internet Explorer" was accepted
\0
W, 3504, 19, 2013/05/23, 17:07:16.264, 2823944752248, QTAgent32.exe, Playback - [WARNING] Internal warning: Couldn't find descendants that match QueryId
\0
W, 3504, 19, 2013/05/23, 17:07:16.571, 2823949156325, QTAgent32.exe, Playback - [WARNING] Internal warning: Window with Class "IEFrame" and Title "insurE-com System Maintenance" was not found, so similar window with Class "IEFrame" and Title "insurE-com System Maintenance - Windows Internet Explorer" was accepted
\0
W, 3504, 19, 2013/05/23, 17:07:16.572, 2823949159585, QTAgent32.exe, Playback - [WARNING] Internal warning: Couldn't find descendants that match QueryId
\0
W, 3504, 19, 2013/05/23, 17:07:16.877, 2823953531795, QTAgent32.exe, Playback - [WARNING] Internal warning: Window with Class "IEFrame" and Title "insurE-com System Maintenance" was not found, so similar window with Class "IEFrame" and Title "insurE-com System Maintenance - Windows Internet Explorer" was accepted
\0
W, 3504, 19, 2013/05/23, 17:07:16.877, 2823953534365, QTAgent32.exe, Playback - [WARNING] Internal warning: Couldn't find descendants that match QueryId
\0
W, 3504, 19, 2013/05/23, 17:07:17.168, 2823957706079, QTAgent32.exe, Playback - [WARNING] Internal warning: Window with Class "IEFrame" and Title "insurE-com System Maintenance" was not found, so similar window with Class "IEFrame" and Title "insurE-com System Maintenance - Windows Internet Explorer" was accepted
\0
W, 3504, 19, 2013/05/23, 17:07:17.169, 2823957713694, QTAgent32.exe, Playback - [WARNING] Internal warning: Couldn't find descendants that match QueryId
\0
W, 3504, 19, 2013/05/23, 17:07:17.449, 2823961720318, QTAgent32.exe, Playback - [WARNING] Internal warning: Window with Class "IEFrame" and Title "insurE-com System Maintenance" was not found, so similar window with Class "IEFrame" and Title "insurE-com System Maintenance - Windows Internet Explorer" was accepted
\0
W, 3504, 19, 2013/05/23, 17:07:17.449, 2823961722700, QTAgent32.exe, Playback - [WARNING] Internal warning: Couldn't find descendants that match QueryId
\0
W, 3504, 19, 2013/05/23, 17:07:17.786, 2823966552235, QTAgent32.exe, Playback - [WARNING] Internal warning: Window with Class "IEFrame" and Title "insurE-com System Maintenance" was not found, so similar window with Class "IEFrame" and Title "insurE-com System Maintenance - Windows Internet Explorer" was accepted
\0
W, 3504, 19, 2013/05/23, 17:07:17.786, 2823966555186, QTAgent32.exe, Playback - [WARNING] Internal warning: Couldn't find descendants that match QueryId
\0
W, 3504, 19, 2013/05/23, 17:07:18.063, 2823970504159, QTAgent32.exe, Playback - [WARNING] Internal warning: Window with Class "IEFrame" and Title "insurE-com System Maintenance" was not found, so similar window with Class "IEFrame" and Title "insurE-com System Maintenance - Windows Internet Explorer" was accepted
\0
W, 3504, 19, 2013/05/23, 17:07:18.063, 2823970506703, QTAgent32.exe, Playback - [WARNING] Internal warning: Couldn't find descendants that match QueryId
\0
W, 3504, 19, 2013/05/23, 17:07:18.341, 2823974495709, QTAgent32.exe, Playback - [WARNING] Internal warning: Window with Class "IEFrame" and Title "insurE-com System Maintenance" was not found, so similar window with Class "IEFrame" and Title "insurE-com System Maintenance - Windows Internet Explorer" was accepted
\0
W, 3504, 19, 2013/05/23, 17:07:18.342, 2823974498530, QTAgent32.exe, Playback - [WARNING] Internal warning: Couldn't find descendants that match QueryId
\0
W, 3504, 19, 2013/05/23, 17:07:18.641, 2823978790825, QTAgent32.exe, Playback - [WARNING] Internal warning: Window with Class "IEFrame" and Title "insurE-com System Maintenance" was not found, so similar window with Class "IEFrame" and Title "insurE-com System Maintenance - Windows Internet Explorer" was accepted
\0
W, 3504, 19, 2013/05/23, 17:07:18.642, 2823978793793, QTAgent32.exe, Playback - [WARNING] Internal warning: Couldn't find descendants that match QueryId
\0
W, 3504, 19, 2013/05/23, 17:07:18.933, 2823982973541, QTAgent32.exe, Playback - [WARNING] Internal warning: Window with Class "IEFrame" and Title "insurE-com System Maintenance" was not found, so similar window with Class "IEFrame" and Title "insurE-com System Maintenance - Windows Internet Explorer" was accepted
\0
W, 3504, 19, 2013/05/23, 17:07:18.934, 2823982976344, QTAgent32.exe, Playback - [WARNING] Internal warning: Couldn't find descendants that match QueryId
\0
W, 3504, 19, 2013/05/23, 17:07:19.223, 2823987119892, QTAgent32.exe, Playback - [WARNING] Internal warning: Window with Class "IEFrame" and Title "insurE-com System Maintenance" was not found, so similar window with Class "IEFrame" and Title "insurE-com System Maintenance - Windows Internet Explorer" was accepted
\0
W, 3504, 19, 2013/05/23, 17:07:19.223, 2823987122579, QTAgent32.exe, Playback - [WARNING] Internal warning: Couldn't find descendants that match QueryId
\0
W, 3504, 19, 2013/05/23, 17:07:19.529, 2823991495945, QTAgent32.exe, Playback - [WARNING] Internal warning: Window with Class "IEFrame" and Title "insurE-com System Maintenance" was not found, so similar window with Class "IEFrame" and Title "insurE-com System Maintenance - Windows Internet Explorer" was accepted
\0
W, 3504, 19, 2013/05/23, 17:07:19.529, 2823991498978, QTAgent32.exe, Playback - [WARNING] Internal warning: Couldn't find descendants that match QueryId
\0
W, 3504, 19, 2013/05/23, 17:07:19.812, 2823995551805, QTAgent32.exe, Playback - [WARNING] Internal warning: Window with Class "IEFrame" and Title "insurE-com System Maintenance" was not found, so similar window with Class "IEFrame" and Title "insurE-com System Maintenance - Windows Internet Explorer" was accepted
\0
W, 3504, 19, 2013/05/23, 17:07:19.812, 2823995554374, QTAgent32.exe, Playback - [WARNING] Internal warning: Couldn't find descendants that match QueryId
\0
W, 3504, 19, 2013/05/23, 17:07:20.089, 2823999517274, QTAgent32.exe, Playback - [WARNING] Internal warning: Window with Class "IEFrame" and Title "insurE-com System Maintenance" was not found, so similar window with Class "IEFrame" and Title "insurE-com System Maintenance - Windows Internet Explorer" was accepted
\0
W, 3504, 19, 2013/05/23, 17:07:20.089, 2823999519812, QTAgent32.exe, Playback - [WARNING] Internal warning: Couldn't find descendants that match QueryId
\0
W, 3504, 19, 2013/05/23, 17:07:20.367, 2824003501320, QTAgent32.exe, Playback - [WARNING] Internal warning: Window with Class "IEFrame" and Title "insurE-com System Maintenance" was not found, so similar window with Class "IEFrame" and Title "insurE-com System Maintenance - Windows Internet Explorer" was accepted
\0
W, 3504, 19, 2013/05/23, 17:07:20.367, 2824003504095, QTAgent32.exe, Playback - [WARNING] Internal warning: Couldn't find descendants that match QueryId
\0
W, 3504, 19, 2013/05/23, 17:07:20.647, 2824007518505, QTAgent32.exe, Playback - [WARNING] Internal warning: Window with Class "IEFrame" and Title "insurE-com System Maintenance" was not found, so similar window with Class "IEFrame" and Title "insurE-com System Maintenance - Windows Internet Explorer" was accepted
\0
W, 3504, 19, 2013/05/23, 17:07:20.648, 2824007521347, QTAgent32.exe, Playback - [WARNING] Internal warning: Couldn't find descendants that match QueryId
\0
W, 3504, 19, 2013/05/23, 17:07:20.927, 2824011526035, QTAgent32.exe, Playback - [WARNING] Internal warning: Window with Class "IEFrame" and Title "insurE-com System Maintenance" was not found, so similar window with Class "IEFrame" and Title "insurE-com System Maintenance - Windows Internet Explorer" was accepted
\0
W, 3504, 19, 2013/05/23, 17:07:20.928, 2824011528921, QTAgent32.exe, Playback - [WARNING] Internal warning: Couldn't find descendants that match QueryId
\0
W, 3504, 19, 2013/05/23, 17:07:21.206, 2824015516795, QTAgent32.exe, Playback - [WARNING] Internal warning: Window with Class "IEFrame" and Title "insurE-com System Maintenance" was not found, so similar window with Class "IEFrame" and Title "insurE-com System Maintenance - Windows Internet Explorer" was accepted
\0
W, 3504, 19, 2013/05/23, 17:07:21.206, 2824015519353, QTAgent32.exe, Playback - [WARNING] Internal warning: Couldn't find descendants that match QueryId
\0
W, 3504, 19, 2013/05/23, 17:07:21.505, 2824019803745, QTAgent32.exe, Playback - [WARNING] Internal warning: Window with Class "IEFrame" and Title "insurE-com System Maintenance" was not found, so similar window with Class "IEFrame" and Title "insurE-com System Maintenance - Windows Internet Explorer" was accepted
\0
W, 3504, 19, 2013/05/23, 17:07:21.506, 2824019806811, QTAgent32.exe, Playback - [WARNING] Internal warning: Couldn't find descendants that match QueryId
\0
W, 3504, 19, 2013/05/23, 17:07:21.802, 2824024044775, QTAgent32.exe, Playback - [WARNING] Internal warning: Window with Class "IEFrame" and Title "insurE-com System Maintenance" was not found, so similar window with Class "IEFrame" and Title "insurE-com System Maintenance - Windows Internet Explorer" was accepted
\0
W, 3504, 19, 2013/05/23, 17:07:21.802, 2824024047433, QTAgent32.exe, Playback - [WARNING] Internal warning: Couldn't find descendants that match QueryId
\0
W, 3504, 19, 2013/05/23, 17:07:22.103, 2824028353358, QTAgent32.exe, Playback - [WARNING] Internal warning: Window with Class "IEFrame" and Title "insurE-com System Maintenance" was not found, so similar window with Class "IEFrame" and Title "insurE-com System Maintenance - Windows Internet Explorer" was accepted
\0
W, 3504, 19, 2013/05/23, 17:07:22.103, 2824028356297, QTAgent32.exe, Playback - [WARNING] Internal warning: Couldn't find descendants that match QueryId
\0
W, 3504, 19, 2013/05/23, 17:07:22.390, 2824032463949, QTAgent32.exe, Playback - [WARNING] Internal warning: Window with Class "IEFrame" and Title "insurE-com System Maintenance" was not found, so similar window with Class "IEFrame" and Title "insurE-com System Maintenance - Windows Internet Explorer" was accepted
\0
W, 3504, 19, 2013/05/23, 17:07:22.390, 2824032466747, QTAgent32.exe, Playback - [WARNING] Internal warning: Couldn't find descendants that match QueryId
\0
W, 3504, 19, 2013/05/23, 17:07:22.670, 2824036473391, QTAgent32.exe, Playback - [WARNING] Internal warning: Window with Class "IEFrame" and Title "insurE-com System Maintenance" was not found, so similar window with Class "IEFrame" and Title "insurE-com System Maintenance - Windows Internet Explorer" was accepted
\0
W, 3504, 19, 2013/05/23, 17:07:22.670, 2824036476173, QTAgent32.exe, Playback - [WARNING] Internal warning: Couldn't find descendants that match QueryId
\0
W, 3504, 19, 2013/05/23, 17:07:22.955, 2824040555463, QTAgent32.exe, Playback - [WARNING] Internal warning: Window with Class "IEFrame" and Title "insurE-com System Maintenance" was not found, so similar window with Class "IEFrame" and Title "insurE-com System Maintenance - Windows Internet Explorer" was accepted
\0
W, 3504, 19, 2013/05/23, 17:07:22.955, 2824040558043, QTAgent32.exe, Playback - [WARNING] Internal warning: Couldn't find descendants that match QueryId
\0
W, 3504, 19, 2013/05/23, 17:07:23.230, 2824044499250, QTAgent32.exe, Playback - [WARNING] Internal warning: Window with Class "IEFrame" and Title "insurE-com System Maintenance" was not found, so similar window with Class "IEFrame" and Title "insurE-com System Maintenance - Windows Internet Explorer" was accepted
\0
W, 3504, 19, 2013/05/23, 17:07:23.231, 2824044502012, QTAgent32.exe, Playback - [WARNING] Internal warning: Couldn't find descendants that match QueryId
\0
W, 3504, 19, 2013/05/23, 17:07:23.513, 2824048546269, QTAgent32.exe, Playback - [WARNING] Internal warning: Window with Class "IEFrame" and Title "insurE-com System Maintenance" was not found, so similar window with Class "IEFrame" and Title "insurE-com System Maintenance - Windows Internet Explorer" was accepted
\0
W, 3504, 19, 2013/05/23, 17:07:23.513, 2824048548872, QTAgent32.exe, Playback - [WARNING] Internal warning: Couldn't find descendants that match QueryId
\0
W, 3504, 19, 2013/05/23, 17:07:23.791, 2824052531354, QTAgent32.exe, Playback - [WARNING] Internal warning: Window with Class "IEFrame" and Title "insurE-com System Maintenance" was not found, so similar window with Class "IEFrame" and Title "insurE-com System Maintenance - Windows Internet Explorer" was accepted
\0
W, 3504, 19, 2013/05/23, 17:07:23.792, 2824052534221, QTAgent32.exe, Playback - [WARNING] Internal warning: Couldn't find descendants that match QueryId
\0
W, 3504, 19, 2013/05/23, 17:07:25.308, 2824074243493, QTAgent32.exe, Playback - [WARNING] Internal warning: Window Not Found: [VisibleOnly]Name='insurE-com System Maintenance' &amp;&amp; ClassName='IEFrame' &amp;&amp; ControlType='Window'
\0
E, 3504, 19, 2013/05/23, 17:07:25.308, 2824074246950, QTAgent32.exe, &lt;a class=failure&gt;Playback - {158} [FAILED] Function ElementFetcher::FindScreenElement failed to locate UI element (Searching: ;[VisibleOnly]Name='insurE-com System Maintenance' &amp;&amp; ClassName='IEFrame' &amp;&amp; ControlType='Window') (The object specified was not found.)
\0&lt;/a&gt;
E, 3504, 19, 2013/05/23, 17:07:25.567, 2824077956610, QTAgent32.exe, Playback - [IMAGE] C:\Users\testuser\AppData\Local\Temp\UITestLogs\LastRun\RPF9913.png
\0
W, 3504, 19, 2013/05/23, 17:07:25.567, 2824077960173, QTAgent32.exe, Playback - [WARNING] Internal warning: Couldn't find descendants that match QueryId
\0
W, 3504, 19, 2013/05/23, 17:07:25.567, 2824077964050, QTAgent32.exe, PERF WARNING: Playback.FindScreenElement: took 1775 ms. Expected it to take maximum 500 ms.
E, 3504, 19, 2013/05/23, 17:07:25.568, 2824077971020, QTAgent32.exe, Window 3736334 not responding. Last Win32 error 0
E, 3504, 19, 2013/05/23, 17:07:25.568, 2824077972577, QTAgent32.exe, GetClassName for handle 3736334 failed
E, 3504, 19, 2013/05/23, 17:07:25.568, 2824077977215, QTAgent32.exe, Window 3736334 not responding. Last Win32 error 1400
E, 3504, 19, 2013/05/23, 17:07:25.568, 2824077978233, QTAgent32.exe, GetClassName for handle 3736334 failed
E, 3504, 19, 2013/05/23, 17:07:25.671, 2824079449500, QTAgent32.exe, AL: Playback Error: Microsoft.VisualStudio.TestTools.UITest.Extension.UITestControlNotAvailableException: The control is not available or not valid. Additional Details: 
TechnologyName:  'MSAA'
Name:  'insurE-com System Maintenance'
ClassName:  'IEFrame'
ControlType:  'Window'
 ---&gt; System.Runtime.InteropServices.COMException: Error HRESULT E_FAIL has been returned from a call to a COM component.
   at Microsoft.VisualStudio.TestTools.UITest.Playback.Engine.IRPFPlayback.FindScreenElement(String bstrQueryId)
   at Microsoft.VisualStudio.TestTools.UITest.Playback.ScreenElement.FindFromPartialQueryId(String queryId)
   at Microsoft.VisualStudio.TestTools.UITesting.UITestControl.EnsureValid(Boolean waitForReady, Boolean refetch)
   --- End of inner exception stack trace ---
   at Microsoft.VisualStudio.TestTools.UITesting.UITestControl.EnsureValid(Boolean waitForReady, Boolean refetch)
   at Microsoft.VisualStudio.TestTools.UITesting.UITestControl.SendKeys(String text, ModifierKeys modifierKeys, Boolean isEncoded, Boolean isUnicode)
   at Microsoft.VisualStudio.TestTools.UITesting.Keyboard.SendKeysImplementation(UITestControl control, String text, ModifierKeys modifierKeys, Boolean isEncoded, Boolean isUnicode)
   at Microsoft.VisualStudio.TestTools.UITesting.Keyboard.SendKeysImplementationWrapper(UITestControl control, String text, ModifierKeys modifierKeys, Boolean isEncoded, Boolean isUnicode)
W, 3504, 19, 2013/05/23, 17:07:25.672, 2824079464055, QTAgent32.exe, PlaybackErrorHandler: Ignoring exception as ContinueOnError is set.
W, 3504, 19, 2013/05/23, 17:07:26.707, 2824094271010, QTAgent32.exe, &lt;a class=success&gt;Playback - {159} [SUCCESS] MouseButtonClick - "[MSAA, VisibleOnly]ControlType='TitleBar'"
\0&lt;/a&gt;
W, 3504, 19, 2013/05/23, 17:07:26.962, 2824097934728, QTAgent32.exe, &lt;a class=success&gt;Playback - {160} [SUCCESS] MouseButtonClick - "[MSAA, VisibleOnly]ControlType='Button' &amp;&amp; Name='Close'"
\0&lt;/a&gt;
W, 3504, 19, 2013/05/23, 17:07:28.163, 2824115131894, QTAgent32.exe, &lt;a class=success&gt;Playback - {161} [SUCCESS] MouseButtonClick - "[MSAA, VisibleOnly]ControlType='Button' &amp;&amp; Name='Options'"
\0&lt;/a&gt;
W, 3504, 19, 2013/05/23, 17:07:28.264, 2824116573449, QTAgent32.exe, FindScreenElementInSinglePass : Attempting to find control in one pass of search. Failures can occur.
W, 3504, 19, 2013/05/23, 17:07:28.701, 2824122834095, QTAgent32.exe, &lt;a class=success&gt;Playback - {162} [SUCCESS] MouseButtonClick - "[MSAA]ControlType='MenuItem' &amp;&amp; Name='Links'"
\0&lt;/a&gt;
W, 3504, 19, 2013/05/23, 17:07:28.802, 2824124272156, QTAgent32.exe, FindScreenElementInSinglePass : Attempting to find control in one pass of search. Failures can occur.
W, 3504, 19, 2013/05/23, 17:07:29.241, 2824130560309, QTAgent32.exe, &lt;a class=success&gt;Playback - {163} [SUCCESS] MouseButtonClick - "[MSAA]ControlType='MenuItem' &amp;&amp; Name='3rd Party Integration'"
\0&lt;/a&gt;
W, 3504, 19, 2013/05/23, 17:07:29.341, 2824131997669, QTAgent32.exe, FindScreenElementInSinglePass : Attempting to find control in one pass of search. Failures can occur.
W, 3504, 19, 2013/05/23, 17:07:29.792, 2824138449651, QTAgent32.exe, &lt;a class=success&gt;Playback - {164} [SUCCESS] MouseButtonClick - "[MSAA]ControlType='MenuItem' &amp;&amp; Name='Renewals Module'"
\0&lt;/a&gt;
W, 3504, 19, 2013/05/23, 17:07:30.242, 2824144884633, QTAgent32.exe, Playback - [WARNING] Internal warning: Window Not Found: [VisibleOnly]ControlType='Window' &amp;&amp; Name='Personal Lines Renewals' &amp;&amp; ClassName='ThunderRT6FormDC'
\0
E, 3504, 19, 2013/05/23, 17:07:30.242, 2824144887586, QTAgent32.exe, &lt;a class=failure&gt;Playback - {165} [FAILED] Function ElementFetcher::FindScreenElement failed to locate UI element (Searching: ;[VisibleOnly]ControlType='Window' &amp;&amp; Name='Personal Lines Renewals' &amp;&amp; ClassName='ThunderRT6FormDC') (The object specified was not found.)
\0&lt;/a&gt;
E, 3504, 19, 2013/05/23, 17:07:30.336, 2824146233499, QTAgent32.exe, Playback - [IMAGE] C:\Users\testuser\AppData\Local\Temp\UITestLogs\LastRun\RPFAC55.png
\0
W, 3504, 19, 2013/05/23, 17:07:30.336, 2824146236074, QTAgent32.exe, Playback - [WARNING] Internal warning: Couldn't find descendants that match QueryId
\0
W, 3504, 19, 2013/05/23, 17:07:30.395, 2824147075024, QTAgent32.exe, Playback - [WARNING] Internal warning: Window Not Found: [VisibleOnly]ControlType='Window' &amp;&amp; Name='Personal Lines Renewals' &amp;&amp; ClassName='ThunderRT6FormDC'
\0
E, 3504, 19, 2013/05/23, 17:07:30.395, 2824147077781, QTAgent32.exe, &lt;a class=failure&gt;Playback - {166} [FAILED] Function ElementFetcher::FindScreenElement failed to locate UI element (Searching: ;[VisibleOnly]ControlType='Window' &amp;&amp; Name='Personal Lines Renewals' &amp;&amp; ClassName='ThunderRT6FormDC') (The object specified was not found.)
\0&lt;/a&gt;
E, 3504, 19, 2013/05/23, 17:07:30.486, 2824148382492, QTAgent32.exe, Playback - [IMAGE] C:\Users\testuser\AppData\Local\Temp\UITestLogs\LastRun\RPFACF2.png
\0
W, 3504, 19, 2013/05/23, 17:07:30.486, 2824148385911, QTAgent32.exe, Playback - [WARNING] Internal warning: Couldn't find descendants that match QueryId
\0
W, 3504, 19, 2013/05/23, 17:07:31.351, 2824160765050, QTAgent32.exe, Playback - [WARNING] Internal warning: Window Not Found: [VisibleOnly]ControlType='Window' &amp;&amp; Name='Personal Lines Renewals' &amp;&amp; ClassName='ThunderRT6FormDC'
\0
E, 3504, 19, 2013/05/23, 17:07:31.352, 2824160779769, QTAgent32.exe, &lt;a class=failure&gt;Playback - {167} [FAILED] Function ElementFetcher::FindScreenElement failed to locate UI element (Searching: ;[VisibleOnly]ControlType='Window' &amp;&amp; Name='Personal Lines Renewals' &amp;&amp; ClassName='ThunderRT6FormDC') (The object specified was not found.)
\0&lt;/a&gt;
E, 3504, 19, 2013/05/23, 17:07:31.829, 2824167621477, QTAgent32.exe, Playback - [IMAGE] C:\Users\testuser\AppData\Local\Temp\UITestLogs\LastRun\RPFB0AB.png
\0
W, 3504, 19, 2013/05/23, 17:07:31.830, 2824167624008, QTAgent32.exe, Playback - [WARNING] Internal warning: Couldn't find descendants that match QueryId
\0
W, 3504, 19, 2013/05/23, 17:07:31.830, 2824167626644, QTAgent32.exe, PERF WARNING: FindTopLevelWindowHelper::FindAllDescendents: took 1343 ms. Expected it to take maximum 500 ms.
E, 3504, 19, 2013/05/23, 17:07:31.830, 2824167628405, QTAgent32.exe, Exception: System.Runtime.InteropServices.COMException
	Message: Error HRESULT E_FAIL has been returned from a call to a COM component.
	Stack Trace:    at Microsoft.VisualStudio.TestTools.UITest.Playback.Engine.IRPFPlayback.FindAllScreenElements(IScreenElement pScreenElementStart, String bstrQueryId, Object&amp; pvarResKeys, Int32 cResKeys, Int32 nMaxDepth, Object[]&amp; foundDescendants)
   at Microsoft.VisualStudio.TestTools.UITest.Playback.ScreenElement.FindTopLevelWindowHelper(String queryId)
	BaseExceptionMessage: Error HRESULT E_FAIL has been returned from a call to a COM component.

W, 3504, 19, 2013/05/23, 17:07:32.307, 2824174467299, QTAgent32.exe, Playback - [WARNING] Internal warning: Window Not Found: [VisibleOnly]ControlType='Window' &amp;&amp; Name='IETAM Renewals' &amp;&amp; ClassName='ThunderRT6FormDC'
\0
E, 3504, 19, 2013/05/23, 17:07:32.308, 2824174470598, QTAgent32.exe, &lt;a class=failure&gt;Playback - {168} [FAILED] Function ElementFetcher::FindScreenElement failed to locate UI element (Searching: ;[VisibleOnly]ControlType='Window' &amp;&amp; Name='IETAM Renewals' &amp;&amp; ClassName='ThunderRT6FormDC') (The object specified was not found.)
\0&lt;/a&gt;
E, 3504, 19, 2013/05/23, 17:07:32.427, 2824176176402, QTAgent32.exe, Playback - [IMAGE] C:\Users\testuser\AppData\Local\Temp\UITestLogs\LastRun\RPFB464.png
\0
W, 3504, 19, 2013/05/23, 17:07:32.427, 2824176178693, QTAgent32.exe, Playback - [WARNING] Internal warning: Couldn't find descendants that match QueryId
\0
W, 3504, 19, 2013/05/23, 17:07:32.427, 2824176181921, QTAgent32.exe, PERF WARNING: FindTopLevelWindowHelper::FindAllDescendents: took 583 ms. Expected it to take maximum 500 ms.
W, 3504, 19, 2013/05/23, 17:07:32.498, 2824177195702, QTAgent32.exe, Playback - [WARNING] Internal warning: Window Not Found: [VisibleOnly]ControlType='Window' &amp;&amp; Name='IETAM Renewals' &amp;&amp; ClassName='ThunderRT6FormDC'
\0
E, 3504, 19, 2013/05/23, 17:07:32.498, 2824177199499, QTAgent32.exe, &lt;a class=failure&gt;Playback - {169} [FAILED] Function ElementFetcher::FindScreenElement failed to locate UI element (Searching: ;[VisibleOnly]ControlType='Window' &amp;&amp; Name='IETAM Renewals' &amp;&amp; ClassName='ThunderRT6FormDC') (The object specified was not found.)
\0&lt;/a&gt;
E, 3504, 19, 2013/05/23, 17:07:32.579, 2824178350463, QTAgent32.exe, Playback - [IMAGE] C:\Users\testuser\AppData\Local\Temp\UITestLogs\LastRun\RPFB52F.png
\0
W, 3504, 19, 2013/05/23, 17:07:32.579, 2824178352694, QTAgent32.exe, Playback - [WARNING] Internal warning: Couldn't find descendants that match QueryId
\0
W, 3504, 19, 2013/05/23, 17:07:32.892, 2824182832823, QTAgent32.exe, Playback - [WARNING] Internal warning: Window Not Found: [VisibleOnly]ControlType='Window' &amp;&amp; Name='IETAM Renewals' &amp;&amp; ClassName='ThunderRT6FormDC'
\0
E, 3504, 19, 2013/05/23, 17:07:32.892, 2824182835599, QTAgent32.exe, &lt;a class=failure&gt;Playback - {170} [FAILED] Function ElementFetcher::FindScreenElement failed to locate UI element (Searching: ;[VisibleOnly]ControlType='Window' &amp;&amp; Name='IETAM Renewals' &amp;&amp; ClassName='ThunderRT6FormDC') (The object specified was not found.)
\0&lt;/a&gt;
E, 3504, 19, 2013/05/23, 17:07:32.976, 2824184046376, QTAgent32.exe, Playback - [IMAGE] C:\Users\testuser\AppData\Local\Temp\UITestLogs\LastRun\RPFB6B6.png
\0
W, 3504, 19, 2013/05/23, 17:07:32.977, 2824184048855, QTAgent32.exe, Playback - [WARNING] Internal warning: Couldn't find descendants that match QueryId
\0
E, 3504, 19, 2013/05/23, 17:07:32.977, 2824184052567, QTAgent32.exe, Exception: System.Runtime.InteropServices.COMException
	Message: Error HRESULT E_FAIL has been returned from a call to a COM component.
	Stack Trace:    at Microsoft.VisualStudio.TestTools.UITest.Playback.Engine.IRPFPlayback.FindAllScreenElements(IScreenElement pScreenElementStart, String bstrQueryId, Object&amp; pvarResKeys, Int32 cResKeys, Int32 nMaxDepth, Object[]&amp; foundDescendants)
   at Microsoft.VisualStudio.TestTools.UITest.Playback.ScreenElement.FindTopLevelWindowHelper(String queryId)
	BaseExceptionMessage: Error HRESULT E_FAIL has been returned from a call to a COM component.

W, 3504, 19, 2013/05/23, 17:07:33.731, 2824194850027, QTAgent32.exe, &lt;a class=success&gt;Playback - {171} [SUCCESS] SetValueAsEditBox "1" - "[MSAA, VisibleOnly]ControlType='Edit'"  &lt; Set via SendKeys &gt;
\0&lt;/a&gt;
W, 3504, 19, 2013/05/23, 17:07:33.979, 2824198395296, QTAgent32.exe, &lt;a class=success&gt;Playback - {172} [SUCCESS] MouseButtonClick - "[MSAA, VisibleOnly]ControlType='Button' &amp;&amp; Name='Ok'"
\0&lt;/a&gt;
W, 3504, 19, 2013/05/23, 17:07:34.759, 2824209570511, QTAgent32.exe, Playback - [WARNING] Internal warning: Window Not Found: [VisibleOnly]ControlType='Window' &amp;&amp; Name='Confirm' &amp;&amp; ClassName='#32770'
\0
E, 3504, 19, 2013/05/23, 17:07:34.759, 2824209573731, QTAgent32.exe, &lt;a class=failure&gt;Playback - {173} [FAILED] Function ElementFetcher::FindScreenElement failed to locate UI element (Searching: ;[VisibleOnly]ControlType='Window' &amp;&amp; Name='Confirm' &amp;&amp; ClassName='#32770') (The object specified was not found.)
\0&lt;/a&gt;
E, 3504, 19, 2013/05/23, 17:07:34.852, 2824210897358, QTAgent32.exe, Playback - [IMAGE] C:\Users\testuser\AppData\Local\Temp\UITestLogs\LastRun\RPFBDF8.png
\0
W, 3504, 19, 2013/05/23, 17:07:34.852, 2824210899978, QTAgent32.exe, Playback - [WARNING] Internal warning: Couldn't find descendants that match QueryId
\0
W, 3504, 19, 2013/05/23, 17:07:34.852, 2824210902933, QTAgent32.exe, PERF WARNING: FindTopLevelWindowHelper::FindAllDescendents: took 772 ms. Expected it to take maximum 500 ms.
W, 3504, 19, 2013/05/23, 17:07:52.919, 2824469583597, QTAgent32.exe, Playback - [WARNING] Internal warning: Window Not Found: [VisibleOnly]ControlType='Window' &amp;&amp; Name='Confirm' &amp;&amp; ClassName='#32770'
\0
E, 3504, 19, 2013/05/23, 17:07:52.919, 2824469591223, QTAgent32.exe, &lt;a class=failure&gt;Playback - {174} [FAILED] Function ElementFetcher::FindScreenElement failed to locate UI element (Searching: ;[VisibleOnly]ControlType='Window' &amp;&amp; Name='Confirm' &amp;&amp; ClassName='#32770') (The object specified was not found.)
\0&lt;/a&gt;
E, 3504, 19, 2013/05/23, 17:07:53.004, 2824470807592, QTAgent32.exe, Playback - [IMAGE] C:\Users\testuser\AppData\Local\Temp\UITestLogs\LastRun\RPF4F7.png
\0
W, 3504, 19, 2013/05/23, 17:07:53.004, 2824470810083, QTAgent32.exe, Playback - [WARNING] Internal warning: Couldn't find descendants that match QueryId
\0
W, 3504, 19, 2013/05/23, 17:07:53.005, 2824470817944, QTAgent32.exe, PERF WARNING: FindTopLevelWindowHelper::FindAllDescendents: took 18152 ms. Expected it to take maximum 500 ms.
W, 3504, 19, 2013/05/23, 17:07:53.518, 2824478159648, QTAgent32.exe, Playback - [WARNING] Internal warning: Smart Match failed
\0
W, 3504, 19, 2013/05/23, 17:07:53.786, 2824482001103, QTAgent32.exe, Playback - [WARNING] Internal warning: Smart Match failed
\0
W, 3504, 19, 2013/05/23, 17:07:54.061, 2824485931952, QTAgent32.exe, Playback - [WARNING] Internal warning: Smart Match failed
\0
W, 3504, 19, 2013/05/23, 17:07:54.321, 2824489665055, QTAgent32.exe, Playback - [WARNING] Internal warning: Smart Match failed
\0
W, 3504, 19, 2013/05/23, 17:07:54.584, 2824493425801, QTAgent32.exe, Playback - [WARNING] Internal warning: Smart Match failed
\0
W, 3504, 19, 2013/05/23, 17:07:54.853, 2824497276600, QTAgent32.exe, Playback - [WARNING] Internal warning: Smart Match failed
\0
W, 3504, 19, 2013/05/23, 17:07:55.114, 2824501008795, QTAgent32.exe, Playback - [WARNING] Internal warning: Smart Match failed
\0
W, 3504, 19, 2013/05/23, 17:07:55.383, 2824504867705, QTAgent32.exe, Playback - [WARNING] Internal warning: Smart Match failed
\0
W, 3504, 19, 2013/05/23, 17:07:55.693, 2824509311153, QTAgent32.exe, Playback - [WARNING] Internal warning: Smart Match failed
\0
W, 3504, 19, 2013/05/23, 17:07:55.971, 2824513282746, QTAgent32.exe, Playback - [WARNING] Internal warning: Smart Match failed
\0
W, 3504, 19, 2013/05/23, 17:07:56.128, 2824515529074, QTAgent32.exe, Playback - [WARNING] Internal warning: Window Not Found: [VisibleOnly]ControlType='Window' &amp;&amp; Name='Confirm' &amp;&amp; ClassName='#32770'
\0
E, 3504, 19, 2013/05/23, 17:07:56.128, 2824515531851, QTAgent32.exe, &lt;a class=failure&gt;Playback - {175} [FAILED] Function ElementFetcher::FindScreenElement failed to locate UI element (Searching: ;[VisibleOnly]ControlType='Window' &amp;&amp; Name='Confirm' &amp;&amp; ClassName='#32770') (The object specified was not found.)
\0&lt;/a&gt;
E, 3504, 19, 2013/05/23, 17:07:56.209, 2824516701568, QTAgent32.exe, Playback - [IMAGE] C:\Users\testuser\AppData\Local\Temp\UITestLogs\LastRun\RPF1176.png
\0
W, 3504, 19, 2013/05/23, 17:07:56.210, 2824516704109, QTAgent32.exe, Playback - [WARNING] Internal warning: Couldn't find descendants that match QueryId
\0
W, 3504, 19, 2013/05/23, 17:07:56.210, 2824516707908, QTAgent32.exe, PERF WARNING: FindTopLevelWindowHelper::FindAllDescendents: took 3204 ms. Expected it to take maximum 500 ms.
E, 3504, 19, 2013/05/23, 17:07:56.210, 2824516710295, QTAgent32.exe, Exception: System.Runtime.InteropServices.COMException
	Message: Error HRESULT E_FAIL has been returned from a call to a COM component.
	Stack Trace:    at Microsoft.VisualStudio.TestTools.UITest.Playback.Engine.IRPFPlayback.FindAllScreenElements(IScreenElement pScreenElementStart, String bstrQueryId, Object&amp; pvarResKeys, Int32 cResKeys, Int32 nMaxDepth, Object[]&amp; foundDescendants)
   at Microsoft.VisualStudio.TestTools.UITest.Playback.ScreenElement.FindTopLevelWindowHelper(String queryId)
	BaseExceptionMessage: Error HRESULT E_FAIL has been returned from a call to a COM component.

E, 3504, 19, 2013/05/23, 17:07:56.312, 2824518164173, QTAgent32.exe, AL: Playback Error: Microsoft.VisualStudio.TestTools.UITest.Extension.UITestControlNotFoundException: The playback failed to find the control with the given search properties. Additional Details: 
TechnologyName:  'MSAA'
ControlType:  'Window'
Name:  'Confirm'
ClassName:  '#32770'
 ---&gt; System.Runtime.InteropServices.COMException: Error HRESULT E_FAIL has been returned from a call to a COM component.
   at Microsoft.VisualStudio.TestTools.UITest.Playback.Engine.IRPFPlayback.FindAllScreenElements(IScreenElement pScreenElementStart, String bstrQueryId, Object&amp; pvarResKeys, Int32 cResKeys, Int32 nMaxDepth, Object[]&amp; foundDescendants)
   at Microsoft.VisualStudio.TestTools.UITest.Playback.ScreenElement.FindTopLevelWindowHelper(String queryId)
   at Microsoft.VisualStudio.TestTools.UITest.Playback.ScreenElement.FindFromPartialQueryId(String queryId)
   at Microsoft.VisualStudio.TestTools.UITesting.UITestControl..ctor(String queryId)
   --- End of inner exception stack trace ---
   at Microsoft.VisualStudio.TestTools.UITesting.Playback.MapControlNotFoundException(COMException ex, IPlaybackContext context)
   at Microsoft.VisualStudio.TestTools.UITesting.Playback.MapAndThrowComException(COMException innerException, IPlaybackContext context)
   at Microsoft.VisualStudio.TestTools.UITesting.Playback.MapAndThrowException(SystemException exception, IPlaybackContext context)
   at Microsoft.VisualStudio.TestTools.UITesting.Playback.MapAndThrowException(SystemException exception, String queryId)
   at Microsoft.VisualStudio.TestTools.UITesting.UITestControl..ctor(String queryId)
   at Microsoft.VisualStudio.TestTools.UITesting.SearchHelper.SearchTopLevelWindow(ISearchArgument topLevelSearchArg, String topLevelElementQueryId)
   at Microsoft.VisualStudio.TestTools.UITesting.SearchHelper.GetTitleUpdatedTopLevelWindow(ISearchArgument topLevelSearchArg, String queryId, IList`1 windowTitles)
   at Microsoft.VisualStudio.TestTools.UITesting.SearchHelper.GetTopLevelElement(Boolean useCache, Boolean useCacheOnly, ISearchArgument searchArg, IList`1 windowTitles, Int32&amp; timeLeft)
   at Microsoft.VisualStudio.TestTools.UITesting.SearchHelper.GetElement(Boolean useCache, ISearchArgument searchArg)
   at Microsoft.VisualStudio.TestTools.UITesting.SearchHelper.Search(ISearchArgument searchArg)
   at Microsoft.VisualStudio.TestTools.UITesting.UITestControl.FindInternal()
   at Microsoft.VisualStudio.TestTools.UITesting.UITestControl.FindControlIfNecessary()
   at Microsoft.VisualStudio.TestTools.UITesting.UITestControl.Click(MouseButtons button, ModifierKeys modifierKeys, Point relativeCoordinates)
   at Microsoft.VisualStudio.TestTools.UITesting.Mouse.ClickImplementation(UITestControl control, MouseButtons button, ModifierKeys modifierKeys, Point relativeCoordinate)
   at Microsoft.VisualStudio.TestTools.UITesting.Mouse.ClickImplementationWrapper(UITestControl control, MouseButtons button, ModifierKeys modifierKeys, Point relativeCoordinate)
W, 3504, 19, 2013/05/23, 17:07:56.312, 2824518167558, QTAgent32.exe, PlaybackErrorHandler: Ignoring exception as ContinueOnError is set.
W, 3504, 19, 2013/05/23, 17:07:56.474, 2824520491391, QTAgent32.exe, &lt;a class=success&gt;Playback - {176} [SUCCESS] MouseButtonClick - "[MSAA, VisibleOnly]ControlType='Button' &amp;&amp; Name='OK'"
\0&lt;/a&gt;
W, 3504, 19, 2013/05/23, 17:07:58.830, 2824554218913, QTAgent32.exe, Playback - [WARNING] Internal warning: The window that the search started from became invalid
\0
W, 3504, 19, 2013/05/23, 17:08:01.446, 2824591669205, QTAgent32.exe, Playback - [WARNING] Internal warning: Window Not Found: [VisibleOnly]ControlType='Window' &amp;&amp; Name='Policies Auto-Renewed &amp; Auto-Lapsed' &amp;&amp; ClassName='ThunderRT6FormDC'
\0
E, 3504, 19, 2013/05/23, 17:08:01.446, 2824591672856, QTAgent32.exe, &lt;a class=failure&gt;Playback - {177} [FAILED] Function ElementFetcher::FindScreenElement failed to locate UI element (Searching: ;[VisibleOnly]ControlType='Window' &amp;&amp; Name='Policies Auto-Renewed &amp; Auto-Lapsed' &amp;&amp; ClassName='ThunderRT6FormDC') (The object specified was not found.)
\0&lt;/a&gt;
E, 3504, 19, 2013/05/23, 17:08:01.574, 2824593509983, QTAgent32.exe, Playback - [IMAGE] C:\Users\testuser\AppData\Local\Temp\UITestLogs\LastRun\RPF263F.png
\0
W, 3504, 19, 2013/05/23, 17:08:01.574, 2824593512510, QTAgent32.exe, Playback - [WARNING] Internal warning: Couldn't find descendants that match QueryId
\0
W, 3504, 19, 2013/05/23, 17:08:01.575, 2824593515772, QTAgent32.exe, PERF WARNING: FindTopLevelWindowHelper::FindAllDescendents: took 4998 ms. Expected it to take maximum 500 ms.
W, 3504, 19, 2013/05/23, 17:08:08.675, 2824695180483, QTAgent32.exe, PERF WARNING: FindTopLevelWindowHelper::FindAllDescendents: took 7100 ms. Expected it to take maximum 500 ms.
W, 3504, 19, 2013/05/23, 17:08:08.825, 2824697332751, QTAgent32.exe, &lt;a class=success&gt;Playback - {178} [SUCCESS] MouseButtonClick - "[MSAA, VisibleOnly]ControlType='Button' &amp;&amp; Name='Exit'"
\0&lt;/a&gt;
W, 3504, 19, 2013/05/23, 17:08:09.115, 2824701488823, QTAgent32.exe, &lt;a class=success&gt;Playback - {179} [SUCCESS] MouseButtonClick - "[MSAA, VisibleOnly]ControlType='Button' &amp;&amp; Name='EDI Match...'"
\0&lt;/a&gt;
W, 3504, 19, 2013/05/23, 17:08:10.719, 2824724446737, QTAgent32.exe, &lt;a class=success&gt;Playback - {180} [SUCCESS] MouseButtonClick - "[MSAA, VisibleOnly]ControlType='Button' &amp;&amp; Name='Ok'"
\0&lt;/a&gt;
W, 3504, 19, 2013/05/23, 17:08:10.986, 2824728267193, QTAgent32.exe, &lt;a class=success&gt;Playback - {181} [SUCCESS] MouseButtonClick - "[MSAA, VisibleOnly]ControlType='Button' &amp;&amp; Name='OK'"
\0&lt;/a&gt;
W, 3504, 19, 2013/05/23, 17:08:11.215, 2824731552149, QTAgent32.exe, &lt;a class=success&gt;Playback - {182} [SUCCESS] MouseButtonClick - "[MSAA, VisibleOnly]ControlType='Button' &amp;&amp; Name='Log and Clear'"
\0&lt;/a&gt;
W, 3504, 19, 2013/05/23, 17:08:11.444, 2824734827325, QTAgent32.exe, &lt;a class=success&gt;Playback - {183} [SUCCESS] MouseButtonClick - "[MSAA, VisibleOnly]ControlType='Button' &amp;&amp; Name='OK'"
\0&lt;/a&gt;
W, 3504, 19, 2013/05/23, 17:08:11.728, 2824738901796, QTAgent32.exe, &lt;a class=success&gt;Playback - {184} [SUCCESS] MouseButtonClick - "[MSAA, VisibleOnly]ControlType='Button' &amp;&amp; Name='Filter...'"
\0&lt;/a&gt;
W, 3504, 19, 2013/05/23, 17:08:12.396, 2824748468403, QTAgent32.exe, &lt;a class=success&gt;Playback - {185} [SUCCESS] SendKeys "^{HOME}" - "[MSAA, VisibleOnly]ControlType='Edit'"
\0&lt;/a&gt;
E, 3504, 19, 2013/05/23, 17:08:12.397, 2824748472517, QTAgent32.exe, Msaa.GetFocusedElement: could not find accessible object of foreground window
W, 3504, 19, 2013/05/23, 17:08:12.459, 2824749371770, QTAgent32.exe, &lt;a class=success&gt;Playback - {186} [SUCCESS] SendKeys "^+{END}" - "[MSAA, VisibleOnly]ControlType='Edit'"
\0&lt;/a&gt;
E, 3504, 19, 2013/05/23, 17:08:12.460, 2824749377862, QTAgent32.exe, Msaa.GetFocusedElement: could not find accessible object of foreground window
W, 3504, 19, 2013/05/23, 17:08:12.475, 2824749593356, QTAgent32.exe, &lt;a class=success&gt;Playback - {187} [SUCCESS] SendKeys "{DELETE}" - "[MSAA, VisibleOnly]ControlType='Edit'"
\0&lt;/a&gt;
W, 3504, 19, 2013/05/23, 17:08:13.113, 2824758729482, QTAgent32.exe, &lt;a class=success&gt;Playback - {188} [SUCCESS] SetValueAsEditBox "30/05/13" - "[MSAA, VisibleOnly]ControlType='Edit'"  &lt; Set via SendKeys &gt;
\0&lt;/a&gt;
W, 3504, 19, 2013/05/23, 17:08:13.783, 2824768322431, QTAgent32.exe, &lt;a class=success&gt;Playback - {189} [SUCCESS] SendKeys "^{HOME}" - "[MSAA, VisibleOnly]ControlType='Edit'"
\0&lt;/a&gt;
E, 3504, 19, 2013/05/23, 17:08:13.783, 2824768325935, QTAgent32.exe, Msaa.GetFocusedElement: could not find accessible object of foreground window
W, 3504, 19, 2013/05/23, 17:08:13.847, 2824769238692, QTAgent32.exe, &lt;a class=success&gt;Playback - {190} [SUCCESS] SendKeys "^+{END}" - "[MSAA, VisibleOnly]ControlType='Edit'"
\0&lt;/a&gt;
E, 3504, 19, 2013/05/23, 17:08:13.847, 2824769241590, QTAgent32.exe, Msaa.GetFocusedElement: could not find accessible object of foreground window
W, 3504, 19, 2013/05/23, 17:08:13.861, 2824769440552, QTAgent32.exe, &lt;a class=success&gt;Playback - {191} [SUCCESS] SendKeys "{DELETE}" - "[MSAA, VisibleOnly]ControlType='Edit'"
\0&lt;/a&gt;
W, 3504, 19, 2013/05/23, 17:08:14.458, 2824777990226, QTAgent32.exe, &lt;a class=success&gt;Playback - {192} [SUCCESS] SetValueAsEditBox "30/05/13" - "[MSAA, VisibleOnly]ControlType='Edit'"  &lt; Set via SendKeys &gt;
\0&lt;/a&gt;
W, 3504, 19, 2013/05/23, 17:08:15.729, 2824796185073, QTAgent32.exe, Playback - [WARNING] Internal warning: Incorrect flag set for InvokeProgrammaticAction\0
W, 3504, 19, 2013/05/23, 17:08:15.854, 2824797980130, QTAgent32.exe, &lt;a class=success&gt;Playback - {193} [SUCCESS] SetValueAsComboBox "Motor" - "[MSAA, VisibleOnly]ControlType='ComboBox'"  &lt; SetValueAsComboBox, set by clicking on the item in the list box &gt;
\0&lt;/a&gt;
W, 3504, 19, 2013/05/23, 17:08:16.130, 2824801922791, QTAgent32.exe, &lt;a class=success&gt;Playback - {194} [SUCCESS] MouseButtonClick - "[MSAA, VisibleOnly]ControlType='Button' &amp;&amp; Name='Ok'"
\0&lt;/a&gt;
W, 3504, 19, 2013/05/23, 17:08:17.828, 2824826238694, QTAgent32.exe, &lt;a class=success&gt;Playback - {195} [SUCCESS] MouseButtonClick - "[MSAA, VisibleOnly]ControlType='Client'"
\0&lt;/a&gt;
W, 3504, 19, 2013/05/23, 17:08:18.426, 2824834803719, QTAgent32.exe, &lt;a class=success&gt;Playback - {196} [SUCCESS] SendKeys "{End}" - "[MSAA, VisibleOnly]ControlType='Client'"
\0&lt;/a&gt;
W, 3504, 19, 2013/05/23, 17:08:18.657, 2824838107260, QTAgent32.exe, &lt;a class=success&gt;Playback - {197} [SUCCESS] MouseButtonClick - "[MSAA, VisibleOnly]ControlType='Button' &amp;&amp; Name='Display Record...'"
\0&lt;/a&gt;
W, 3504, 19, 2013/05/23, 17:08:18.936, 2824842101977, QTAgent32.exe, &lt;a class=success&gt;Playback - {198} [SUCCESS] MouseButtonClick - "[MSAA, VisibleOnly]ControlType='Button' &amp;&amp; Name='Invite'"
\0&lt;/a&gt;
W, 3504, 19, 2013/05/23, 17:08:19.337, 2824847851280, QTAgent32.exe, Playback - [WARNING] Internal warning: Window Not Found: [VisibleOnly]ControlType='Window' &amp;&amp; Name='Confirm' &amp;&amp; ClassName='#32770'
\0
E, 3504, 19, 2013/05/23, 17:08:19.338, 2824847854609, QTAgent32.exe, &lt;a class=failure&gt;Playback - {199} [FAILED] Function ElementFetcher::FindScreenElement failed to locate UI element (Searching: ;[VisibleOnly]ControlType='Window' &amp;&amp; Name='Confirm' &amp;&amp; ClassName='#32770') (The object specified was not found.)
\0&lt;/a&gt;
E, 3504, 19, 2013/05/23, 17:08:19.445, 2824849397355, QTAgent32.exe, Playback - [IMAGE] C:\Users\testuser\AppData\Local\Temp\UITestLogs\LastRun\RPF6C25.png
\0
W, 3504, 19, 2013/05/23, 17:08:19.446, 2824849399760, QTAgent32.exe, Playback - [WARNING] Internal warning: Couldn't find descendants that match QueryId
\0
W, 3504, 19, 2013/05/23, 17:08:37.504, 2825107961519, QTAgent32.exe, Playback - [WARNING] Internal warning: Window Not Found: [VisibleOnly]ControlType='Window' &amp;&amp; Name='Confirm' &amp;&amp; ClassName='#32770'
\0
E, 3504, 19, 2013/05/23, 17:08:37.504, 2825107967166, QTAgent32.exe, &lt;a class=failure&gt;Playback - {200} [FAILED] Function ElementFetcher::FindScreenElement failed to locate UI element (Searching: ;[VisibleOnly]ControlType='Window' &amp;&amp; Name='Confirm' &amp;&amp; ClassName='#32770') (The object specified was not found.)
\0&lt;/a&gt;
E, 3504, 19, 2013/05/23, 17:08:37.625, 2825109688630, QTAgent32.exe, Playback - [IMAGE] C:\Users\testuser\AppData\Local\Temp\UITestLogs\LastRun\RPFB324.png
\0
W, 3504, 19, 2013/05/23, 17:08:37.625, 2825109690978, QTAgent32.exe, Playback - [WARNING] Internal warning: Couldn't find descendants that match QueryId
\0
W, 3504, 19, 2013/05/23, 17:08:37.625, 2825109696751, QTAgent32.exe, PERF WARNING: FindTopLevelWindowHelper::FindAllDescendents: took 18179 ms. Expected it to take maximum 500 ms.
W, 3504, 19, 2013/05/23, 17:08:38.139, 2825117049979, QTAgent32.exe, Playback - [WARNING] Internal warning: Smart Match failed
\0
W, 3504, 19, 2013/05/23, 17:08:38.434, 2825121271840, QTAgent32.exe, Playback - [WARNING] Internal warning: Smart Match failed
\0
W, 3504, 19, 2013/05/23, 17:08:38.719, 2825125356821, QTAgent32.exe, Playback - [WARNING] Internal warning: Smart Match failed
\0
W, 3504, 19, 2013/05/23, 17:08:38.992, 2825129272640, QTAgent32.exe, Playback - [WARNING] Internal warning: Smart Match failed
\0
W, 3504, 19, 2013/05/23, 17:08:39.268, 2825133216222, QTAgent32.exe, Playback - [WARNING] Internal warning: Smart Match failed
\0
W, 3504, 19, 2013/05/23, 17:08:39.543, 2825137157510, QTAgent32.exe, Playback - [WARNING] Internal warning: Smart Match failed
\0
W, 3504, 19, 2013/05/23, 17:08:39.815, 2825141059998, QTAgent32.exe, Playback - [WARNING] Internal warning: Smart Match failed
\0
W, 3504, 19, 2013/05/23, 17:08:40.087, 2825144951443, QTAgent32.exe, Playback - [WARNING] Internal warning: Smart Match failed
\0
W, 3504, 19, 2013/05/23, 17:08:40.368, 2825148970513, QTAgent32.exe, Playback - [WARNING] Internal warning: Smart Match failed
\0
W, 3504, 19, 2013/05/23, 17:08:40.664, 2825153214446, QTAgent32.exe, Playback - [WARNING] Internal warning: Smart Match failed
\0
W, 3504, 19, 2013/05/23, 17:08:40.832, 2825155604350, QTAgent32.exe, Playback - [WARNING] Internal warning: Window Not Found: [VisibleOnly]ControlType='Window' &amp;&amp; Name='Confirm' &amp;&amp; ClassName='#32770'
\0
E, 3504, 19, 2013/05/23, 17:08:40.832, 2825155607470, QTAgent32.exe, &lt;a class=failure&gt;Playback - {201} [FAILED] Function ElementFetcher::FindScreenElement failed to locate UI element (Searching: ;[VisibleOnly]ControlType='Window' &amp;&amp; Name='Confirm' &amp;&amp; ClassName='#32770') (The object specified was not found.)
\0&lt;/a&gt;
E, 3504, 19, 2013/05/23, 17:08:40.921, 2825156891260, QTAgent32.exe, Playback - [IMAGE] C:\Users\testuser\AppData\Local\Temp\UITestLogs\LastRun\RPFC020.png
\0
W, 3504, 19, 2013/05/23, 17:08:40.922, 2825156893710, QTAgent32.exe, Playback - [WARNING] Internal warning: Couldn't find descendants that match QueryId
\0
W, 3504, 19, 2013/05/23, 17:08:40.922, 2825156896932, QTAgent32.exe, PERF WARNING: FindTopLevelWindowHelper::FindAllDescendents: took 3296 ms. Expected it to take maximum 500 ms.
E, 3504, 19, 2013/05/23, 17:08:40.922, 2825156898878, QTAgent32.exe, Exception: System.Runtime.InteropServices.COMException
	Message: Error HRESULT E_FAIL has been returned from a call to a COM component.
	Stack Trace:    at Microsoft.VisualStudio.TestTools.UITest.Playback.Engine.IRPFPlayback.FindAllScreenElements(IScreenElement pScreenElementStart, String bstrQueryId, Object&amp; pvarResKeys, Int32 cResKeys, Int32 nMaxDepth, Object[]&amp; foundDescendants)
   at Microsoft.VisualStudio.TestTools.UITest.Playback.ScreenElement.FindTopLevelWindowHelper(String queryId)
	BaseExceptionMessage: Error HRESULT E_FAIL has been returned from a call to a COM component.

E, 3504, 19, 2013/05/23, 17:08:41.024, 2825158353951, QTAgent32.exe, AL: Playback Error: Microsoft.VisualStudio.TestTools.UITest.Extension.UITestControlNotFoundException: The playback failed to find the control with the given search properties. Additional Details: 
TechnologyName:  'MSAA'
ControlType:  'Window'
Name:  'Confirm'
ClassName:  '#32770'
 ---&gt; System.Runtime.InteropServices.COMException: Error HRESULT E_FAIL has been returned from a call to a COM component.
   at Microsoft.VisualStudio.TestTools.UITest.Playback.Engine.IRPFPlayback.FindAllScreenElements(IScreenElement pScreenElementStart, String bstrQueryId, Object&amp; pvarResKeys, Int32 cResKeys, Int32 nMaxDepth, Object[]&amp; foundDescendants)
   at Microsoft.VisualStudio.TestTools.UITest.Playback.ScreenElement.FindTopLevelWindowHelper(String queryId)
   at Microsoft.VisualStudio.TestTools.UITest.Playback.ScreenElement.FindFromPartialQueryId(String queryId)
   at Microsoft.VisualStudio.TestTools.UITesting.UITestControl..ctor(String queryId)
   --- End of inner exception stack trace ---
   at Microsoft.VisualStudio.TestTools.UITesting.Playback.MapControlNotFoundException(COMException ex, IPlaybackContext context)
   at Microsoft.VisualStudio.TestTools.UITesting.Playback.MapAndThrowComException(COMException innerException, IPlaybackContext context)
   at Microsoft.VisualStudio.TestTools.UITesting.Playback.MapAndThrowException(SystemException exception, IPlaybackContext context)
   at Microsoft.VisualStudio.TestTools.UITesting.Playback.MapAndThrowException(SystemException exception, String queryId)
   at Microsoft.VisualStudio.TestTools.UITesting.UITestControl..ctor(String queryId)
   at Microsoft.VisualStudio.TestTools.UITesting.SearchHelper.SearchTopLevelWindow(ISearchArgument topLevelSearchArg, String topLevelElementQueryId)
   at Microsoft.VisualStudio.TestTools.UITesting.SearchHelper.GetTitleUpdatedTopLevelWindow(ISearchArgument topLevelSearchArg, String queryId, IList`1 windowTitles)
   at Microsoft.VisualStudio.TestTools.UITesting.SearchHelper.GetTopLevelElement(Boolean useCache, Boolean useCacheOnly, ISearchArgument searchArg, IList`1 windowTitles, Int32&amp; timeLeft)
   at Microsoft.VisualStudio.TestTools.UITesting.SearchHelper.GetElement(Boolean useCache, ISearchArgument searchArg)
   at Microsoft.VisualStudio.TestTools.UITesting.SearchHelper.Search(ISearchArgument searchArg)
   at Microsoft.VisualStudio.TestTools.UITesting.UITestControl.FindInternal()
   at Microsoft.VisualStudio.TestTools.UITesting.UITestControl.FindControlIfNecessary()
   at Microsoft.VisualStudio.TestTools.UITesting.UITestControl.Click(MouseButtons button, ModifierKeys modifierKeys, Point relativeCoordinates)
   at Microsoft.VisualStudio.TestTools.UITesting.Mouse.ClickImplementation(UITestControl control, MouseButtons button, ModifierKeys modifierKeys, Point relativeCoordinate)
   at Microsoft.VisualStudio.TestTools.UITesting.Mouse.ClickImplementationWrapper(UITestControl control, MouseButtons button, ModifierKeys modifierKeys, Point relativeCoordinate)
W, 3504, 19, 2013/05/23, 17:08:41.024, 2825158359532, QTAgent32.exe, PlaybackErrorHandler: Ignoring exception as ContinueOnError is set.
W, 3504, 19, 2013/05/23, 17:08:41.176, 2825160530272, QTAgent32.exe, &lt;a class=success&gt;Playback - {202} [SUCCESS] MouseButtonClick - "[MSAA, VisibleOnly]ControlType='Button' &amp;&amp; Name='Ok'"
\0&lt;/a&gt;
W, 3504, 19, 2013/05/23, 17:08:45.163, 2825217625643, QTAgent32.exe, Playback - [WARNING] Internal warning: Window Not Found: [VisibleOnly]ControlType='Window' &amp;&amp; Name='Personal Lines' &amp;&amp; ClassName='#32770'
\0
E, 3504, 19, 2013/05/23, 17:08:45.163, 2825217629406, QTAgent32.exe, &lt;a class=failure&gt;Playback - {203} [FAILED] Function ElementFetcher::FindScreenElement failed to locate UI element (Searching: ;[VisibleOnly]ControlType='Window' &amp;&amp; Name='Personal Lines' &amp;&amp; ClassName='#32770') (The object specified was not found.)
\0&lt;/a&gt;
E, 3504, 19, 2013/05/23, 17:08:45.264, 2825219075270, QTAgent32.exe, Playback - [IMAGE] C:\Users\testuser\AppData\Local\Temp\UITestLogs\LastRun\RPFD112.png
\0
W, 3504, 19, 2013/05/23, 17:08:45.265, 2825219077896, QTAgent32.exe, Playback - [WARNING] Internal warning: Couldn't find descendants that match QueryId
\0
W, 3504, 19, 2013/05/23, 17:08:45.265, 2825219080768, QTAgent32.exe, PERF WARNING: FindTopLevelWindowHelper::FindAllDescendents: took 3987 ms. Expected it to take maximum 500 ms.
W, 3504, 19, 2013/05/23, 17:09:03.266, 2825476826182, QTAgent32.exe, Playback - [WARNING] Internal warning: Window Not Found: [VisibleOnly]ControlType='Window' &amp;&amp; Name='Personal Lines' &amp;&amp; ClassName='#32770'
\0
E, 3504, 19, 2013/05/23, 17:09:03.266, 2825476833574, QTAgent32.exe, &lt;a class=failure&gt;Playback - {204} [FAILED] Function ElementFetcher::FindScreenElement failed to locate UI element (Searching: ;[VisibleOnly]ControlType='Window' &amp;&amp; Name='Personal Lines' &amp;&amp; ClassName='#32770') (The object specified was not found.)
\0&lt;/a&gt;
E, 3504, 19, 2013/05/23, 17:09:03.364, 2825478228069, QTAgent32.exe, Playback - [IMAGE] C:\Users\testuser\AppData\Local\Temp\UITestLogs\LastRun\RPF17C3.png
\0
W, 3504, 19, 2013/05/23, 17:09:03.364, 2825478230571, QTAgent32.exe, Playback - [WARNING] Internal warning: Couldn't find descendants that match QueryId
\0
W, 3504, 19, 2013/05/23, 17:09:03.364, 2825478238398, QTAgent32.exe, PERF WARNING: FindTopLevelWindowHelper::FindAllDescendents: took 18099 ms. Expected it to take maximum 500 ms.
W, 3504, 19, 2013/05/23, 17:09:03.887, 2825485726242, QTAgent32.exe, Playback - [WARNING] Internal warning: Smart Match failed
\0
W, 3504, 19, 2013/05/23, 17:09:04.169, 2825489756562, QTAgent32.exe, Playback - [WARNING] Internal warning: Smart Match failed
\0
W, 3504, 19, 2013/05/23, 17:09:04.444, 2825493684840, QTAgent32.exe, Playback - [WARNING] Internal warning: Smart Match failed
\0
W, 3504, 19, 2013/05/23, 17:09:04.725, 2825497716663, QTAgent32.exe, Playback - [WARNING] Internal warning: Smart Match failed
\0
W, 3504, 19, 2013/05/23, 17:09:04.998, 2825501620870, QTAgent32.exe, Playback - [WARNING] Internal warning: Smart Match failed
\0
W, 3504, 19, 2013/05/23, 17:09:05.268, 2825505486841, QTAgent32.exe, Playback - [WARNING] Internal warning: Smart Match failed
\0
W, 3504, 19, 2013/05/23, 17:09:05.592, 2825510128505, QTAgent32.exe, Playback - [WARNING] Internal warning: Smart Match failed
\0
W, 3504, 19, 2013/05/23, 17:09:05.884, 2825514318711, QTAgent32.exe, Playback - [WARNING] Internal warning: Smart Match failed
\0
W, 3504, 19, 2013/05/23, 17:09:06.186, 2825518642151, QTAgent32.exe, Playback - [WARNING] Internal warning: Smart Match failed
\0
W, 3504, 19, 2013/05/23, 17:09:06.488, 2825522967200, QTAgent32.exe, Playback - [WARNING] Internal warning: Smart Match failed
\0
W, 3504, 19, 2013/05/23, 17:09:06.655, 2825525349620, QTAgent32.exe, Playback - [WARNING] Internal warning: Window Not Found: [VisibleOnly]ControlType='Window' &amp;&amp; Name='Personal Lines' &amp;&amp; ClassName='#32770'
\0
E, 3504, 19, 2013/05/23, 17:09:06.655, 2825525352580, QTAgent32.exe, &lt;a class=failure&gt;Playback - {205} [FAILED] Function ElementFetcher::FindScreenElement failed to locate UI element (Searching: ;[VisibleOnly]ControlType='Window' &amp;&amp; Name='Personal Lines' &amp;&amp; ClassName='#32770') (The object specified was not found.)
\0&lt;/a&gt;
E, 3504, 19, 2013/05/23, 17:09:06.737, 2825526530393, QTAgent32.exe, Playback - [IMAGE] C:\Users\testuser\AppData\Local\Temp\UITestLogs\LastRun\RPF24FD.png
\0
W, 3504, 19, 2013/05/23, 17:09:06.737, 2825526532855, QTAgent32.exe, Playback - [WARNING] Internal warning: Couldn't find descendants that match QueryId
\0
W, 3504, 19, 2013/05/23, 17:09:06.738, 2825526537459, QTAgent32.exe, PERF WARNING: FindTopLevelWindowHelper::FindAllDescendents: took 3372 ms. Expected it to take maximum 500 ms.
E, 3504, 19, 2013/05/23, 17:09:06.738, 2825526539468, QTAgent32.exe, Exception: System.Runtime.InteropServices.COMException
	Message: Error HRESULT E_FAIL has been returned from a call to a COM component.
	Stack Trace:    at Microsoft.VisualStudio.TestTools.UITest.Playback.Engine.IRPFPlayback.FindAllScreenElements(IScreenElement pScreenElementStart, String bstrQueryId, Object&amp; pvarResKeys, Int32 cResKeys, Int32 nMaxDepth, Object[]&amp; foundDescendants)
   at Microsoft.VisualStudio.TestTools.UITest.Playback.ScreenElement.FindTopLevelWindowHelper(String queryId)
	BaseExceptionMessage: Error HRESULT E_FAIL has been returned from a call to a COM component.

E, 3504, 19, 2013/05/23, 17:09:06.738, 2825526546588, QTAgent32.exe, GetClassName for handle 3932990 failed
E, 3504, 19, 2013/05/23, 17:09:06.739, 2825526557996, QTAgent32.exe, Window 3932990 not responding. Last Win32 error 1400
E, 3504, 19, 2013/05/23, 17:09:06.739, 2825526559324, QTAgent32.exe, GetClassName for handle 3932990 failed
E, 3504, 19, 2013/05/23, 17:09:06.840, 2825527996096, QTAgent32.exe, AL: Playback Error: Microsoft.VisualStudio.TestTools.UITest.Extension.UITestControlNotAvailableException: The control is not available or not valid. Additional Details: 
TechnologyName:  'MSAA'
ControlType:  'Window'
 ---&gt; System.Runtime.InteropServices.COMException: Error HRESULT E_FAIL has been returned from a call to a COM component.
   at Microsoft.VisualStudio.TestTools.UITest.Playback.Engine.IRPFPlayback.FindAllScreenElements(IScreenElement pScreenElementStart, String bstrQueryId, Object&amp; pvarResKeys, Int32 cResKeys, Int32 nMaxDepth, Object[]&amp; foundDescendants)
   at Microsoft.VisualStudio.TestTools.UITest.Playback.ScreenElement.FindTopLevelWindowHelper(String queryId)
   at Microsoft.VisualStudio.TestTools.UITest.Playback.ScreenElement.FindFromPartialQueryId(String queryId)
   at Microsoft.VisualStudio.TestTools.UITesting.UITestControl.EnsureValid(Boolean waitForReady, Boolean refetch)
   --- End of inner exception stack trace ---
   at Microsoft.VisualStudio.TestTools.UITesting.UITestControl.EnsureValid(Boolean waitForReady, Boolean refetch)
   at Microsoft.VisualStudio.TestTools.UITesting.UITestControl.FindFirstDescendant(String queryId, Int32 maxDepth, Int32&amp; timeLeft)
   at Microsoft.VisualStudio.TestTools.UITesting.SearchHelper.GetElement(Boolean useCache, ISearchArgument searchArg)
   at Microsoft.VisualStudio.TestTools.UITesting.SearchHelper.Search(ISearchArgument searchArg)
   at Microsoft.VisualStudio.TestTools.UITesting.UITestControl.FindInternal()
   at Microsoft.VisualStudio.TestTools.UITesting.UITestControl.FindControlIfNecessary()
   at Microsoft.VisualStudio.TestTools.UITesting.UITestControl.Click(MouseButtons button, ModifierKeys modifierKeys, Point relativeCoordinates)
   at Microsoft.VisualStudio.TestTools.UITesting.Mouse.ClickImplementation(UITestControl control, MouseButtons button, ModifierKeys modifierKeys, Point relativeCoordinate)
   at Microsoft.VisualStudio.TestTools.UITesting.Mouse.ClickImplementationWrapper(UITestControl control, MouseButtons button, ModifierKeys modifierKeys, Point relativeCoordinate)
W, 3504, 19, 2013/05/23, 17:09:06.840, 2825527999349, QTAgent32.exe, PlaybackErrorHandler: Ignoring exception as ContinueOnError is set.
W, 3504, 19, 2013/05/23, 17:09:06.983, 2825530044131, QTAgent32.exe, &lt;a class=success&gt;Playback - {206} [SUCCESS] Check - "[MSAA, VisibleOnly]ControlType='CheckBox' &amp;&amp; Name='Defer Printing?'"
\0&lt;/a&gt;
W, 3504, 19, 2013/05/23, 17:09:07.643, 2825539499160, QTAgent32.exe, &lt;a class=success&gt;Playback - {207} [SUCCESS] MouseButtonClick - "[MSAA, VisibleOnly]ControlType='Button' &amp;&amp; Name='Ok'"
\0&lt;/a&gt;
W, 3504, 19, 2013/05/23, 17:09:07.747, 2825540984199, QTAgent32.exe, Playback - [WARNING] Internal warning: Thread state based WFR - Requested element has invalid HWND
\0
W, 3504, 19, 2013/05/23, 17:09:07.747, 2825540991948, QTAgent32.exe, Playback - [WARNING] Internal warning: process performance counters based WFR - Requested element has invalid HWND
\0
E, 3504, 19, 2013/05/23, 17:09:07.749, 2825541013448, QTAgent32.exe, EnsureValid called via EnsureValid call for same element
E, 3504, 19, 2013/05/23, 17:09:07.750, 2825541034012, QTAgent32.exe, EnsureValid called via EnsureValid call for same element
E, 3504, 19, 2013/05/23, 17:09:07.751, 2825541041296, QTAgent32.exe, EnsureValid called via EnsureValid call for same element
E, 3504, 19, 2013/05/23, 17:09:07.753, 2825541069697, QTAgent32.exe, Window 132696 not responding. Last Win32 error 0
E, 3504, 19, 2013/05/23, 17:09:07.753, 2825541070698, QTAgent32.exe, GetClassName for handle 132696 failed
W, 3504, 19, 2013/05/23, 17:09:08.064, 2825545529919, QTAgent32.exe, Playback - [WARNING] Internal warning: Window Not Found: [VisibleOnly]ControlType='Window' &amp;&amp; Name='Import to TAM' &amp;&amp; ClassName='TfImportToTam'
\0
E, 3504, 19, 2013/05/23, 17:09:08.064, 2825545532710, QTAgent32.exe, &lt;a class=failure&gt;Playback - {208} [FAILED] Function ElementFetcher::FindScreenElement failed to locate UI element (Searching: ;[VisibleOnly]ControlType='Window' &amp;&amp; Name='Import to TAM' &amp;&amp; ClassName='TfImportToTam') (The object specified was not found.)
\0&lt;/a&gt;
E, 3504, 19, 2013/05/23, 17:09:08.148, 2825546727144, QTAgent32.exe, Playback - [IMAGE] C:\Users\testuser\AppData\Local\Temp\UITestLogs\LastRun\RPF2A7A.png
\0
W, 3504, 19, 2013/05/23, 17:09:08.148, 2825546729874, QTAgent32.exe, Playback - [WARNING] Internal warning: Couldn't find descendants that match QueryId
\0
W, 3504, 19, 2013/05/23, 17:09:11.515, 2825594945478, QTAgent32.exe, PERF WARNING: FindTopLevelWindowHelper::FindAllDescendents: took 3366 ms. Expected it to take maximum 500 ms.
W, 3504, 19, 2013/05/23, 17:09:11.683, 2825597345728, QTAgent32.exe, &lt;a class=success&gt;Playback - {209} [SUCCESS] Uncheck - "[MSAA, VisibleOnly]ControlType='CheckBox' &amp;&amp; Name='Add Activity'"
\0&lt;/a&gt;
W, 3504, 19, 2013/05/23, 17:09:12.729, 2825612319329, QTAgent32.exe, &lt;a class=success&gt;Playback - {210} [SUCCESS] MouseButtonClick - "[MSAA, VisibleOnly]ControlType='Button' &amp;&amp; Name='Ok'"
\0&lt;/a&gt;
W, 3504, 19, 2013/05/23, 17:09:14.975, 2825644477066, QTAgent32.exe, &lt;a class=success&gt;Playback - {211} [SUCCESS] MouseButtonClick - "[MSAA, VisibleOnly]ControlType='Button' &amp;&amp; Name='OK'"
\0&lt;/a&gt;
W, 3504, 19, 2013/05/23, 17:09:16.293, 2825663353079, QTAgent32.exe, &lt;a class=success&gt;Playback - {212} [SUCCESS] MouseButtonClick - "[MSAA, VisibleOnly]ControlType='Button' &amp;&amp; Name=&gt;'Renew Policy'"
\0&lt;/a&gt;
W, 3504, 19, 2013/05/23, 17:09:18.897, 2825700641538, QTAgent32.exe, Playback - [WARNING] Internal warning: Window Not Found: [VisibleOnly]ControlType='Window' &amp;&amp; Name='Confirm' &amp;&amp; ClassName='#32770'
\0
E, 3504, 19, 2013/05/23, 17:09:18.898, 2825700646104, QTAgent32.exe, &lt;a class=failure&gt;Playback - {213} [FAILED] Function ElementFetcher::FindScreenElement failed to locate UI element (Searching: ;[VisibleOnly]ControlType='Window' &amp;&amp; Name='Confirm' &amp;&amp; ClassName='#32770') (The object specified was not found.)
\0&lt;/a&gt;
E, 3504, 19, 2013/05/23, 17:09:19.022, 2825702428395, QTAgent32.exe, Playback - [IMAGE] C:\Users\testuser\AppData\Local\Temp\UITestLogs\LastRun\RPF54D5.png
\0
W, 3504, 19, 2013/05/23, 17:09:19.022, 2825702430726, QTAgent32.exe, Playback - [WARNING] Internal warning: Couldn't find descendants that match QueryId
\0
W, 3504, 19, 2013/05/23, 17:09:19.022, 2825702433853, QTAgent32.exe, PERF WARNING: FindTopLevelWindowHelper::FindAllDescendents: took 2628 ms. Expected it to take maximum 500 ms.
W, 3504, 19, 2013/05/23, 17:09:23.774, 2825770462156, QTAgent32.exe, PERF WARNING: FindTopLevelWindowHelper::FindAllDescendents: took 4750 ms. Expected it to take maximum 500 ms.
W, 3504, 19, 2013/05/23, 17:09:23.910, 2825772409343, QTAgent32.exe, &lt;a class=success&gt;Playback - {214} [SUCCESS] MouseButtonClick - "[MSAA, VisibleOnly]ControlType='Button' &amp;&amp; Name='Yes'"
\0&lt;/a&gt;
W, 3504, 19, 2013/05/23, 17:09:24.333, 2825778472378, QTAgent32.exe, Playback - [WARNING] Internal warning: Window Not Found: [VisibleOnly]ControlType='Window' &amp;&amp; Name='Confirm Documents' &amp;&amp; ClassName='ThunderRT6FormDC'
\0
E, 3504, 19, 2013/05/23, 17:09:24.334, 2825778476157, QTAgent32.exe, &lt;a class=failure&gt;Playback - {215} [FAILED] Function ElementFetcher::FindScreenElement failed to locate UI element (Searching: ;[VisibleOnly]ControlType='Window' &amp;&amp; Name='Confirm Documents' &amp;&amp; ClassName='ThunderRT6FormDC') (The object specified was not found.)
\0&lt;/a&gt;
E, 3504, 19, 2013/05/23, 17:09:24.433, 2825779895479, QTAgent32.exe, Playback - [IMAGE] C:\Users\testuser\AppData\Local\Temp\UITestLogs\LastRun\RPF6A0B.png
\0
W, 3504, 19, 2013/05/23, 17:09:24.433, 2825779897971, QTAgent32.exe, Playback - [WARNING] Internal warning: Couldn't find descendants that match QueryId
\0
W, 3504, 19, 2013/05/23, 17:09:32.121, 2825889971221, QTAgent32.exe, PERF WARNING: FindTopLevelWindowHelper::FindAllDescendents: took 7687 ms. Expected it to take maximum 500 ms.
W, 3504, 19, 2013/05/23, 17:09:32.257, 2825891921383, QTAgent32.exe, &lt;a class=success&gt;Playback - {216} [SUCCESS] MouseButtonClick - "[MSAA, VisibleOnly]ControlType='Button' &amp;&amp; Name='Ok'"
\0&lt;/a&gt;
W, 3504, 19, 2013/05/23, 17:09:34.972, 2825930799432, QTAgent32.exe, Playback - [WARNING] Internal warning: Window Not Found: [VisibleOnly]ControlType='Window' &amp;&amp; Name='Personal Lines' &amp;&amp; ClassName='#32770'
\0
E, 3504, 19, 2013/05/23, 17:09:34.972, 2825930803656, QTAgent32.exe, &lt;a class=failure&gt;Playback - {217} [FAILED] Function ElementFetcher::FindScreenElement failed to locate UI element (Searching: ;[VisibleOnly]ControlType='Window' &amp;&amp; Name='Personal Lines' &amp;&amp; ClassName='#32770') (The object specified was not found.)
\0&lt;/a&gt;
E, 3504, 19, 2013/05/23, 17:09:35.080, 2825932347345, QTAgent32.exe, Playback - [IMAGE] C:\Users\testuser\AppData\Local\Temp\UITestLogs\LastRun\RPF939B.png
\0
W, 3504, 19, 2013/05/23, 17:09:35.080, 2825932350149, QTAgent32.exe, Playback - [WARNING] Internal warning: Couldn't find descendants that match QueryId
\0
W, 3504, 19, 2013/05/23, 17:09:35.080, 2825932353953, QTAgent32.exe, PERF WARNING: FindTopLevelWindowHelper::FindAllDescendents: took 2723 ms. Expected it to take maximum 500 ms.
W, 3504, 19, 2013/05/23, 17:09:53.100, 2826190366277, QTAgent32.exe, Playback - [WARNING] Internal warning: Window Not Found: [VisibleOnly]ControlType='Window' &amp;&amp; Name='Personal Lines' &amp;&amp; ClassName='#32770'
\0
E, 3504, 19, 2013/05/23, 17:09:53.101, 2826190371235, QTAgent32.exe, &lt;a class=failure&gt;Playback - {218} [FAILED] Function ElementFetcher::FindScreenElement failed to locate UI element (Searching: ;[VisibleOnly]ControlType='Window' &amp;&amp; Name='Personal Lines' &amp;&amp; ClassName='#32770') (The object specified was not found.)
\0&lt;/a&gt;
E, 3504, 19, 2013/05/23, 17:09:53.184, 2826191560979, QTAgent32.exe, Playback - [IMAGE] C:\Users\testuser\AppData\Local\Temp\UITestLogs\LastRun\RPFDA6C.png
\0
W, 3504, 19, 2013/05/23, 17:09:53.184, 2826191564949, QTAgent32.exe, Playback - [WARNING] Internal warning: Couldn't find descendants that match QueryId
\0
W, 3504, 19, 2013/05/23, 17:09:53.185, 2826191570299, QTAgent32.exe, PERF WARNING: FindTopLevelWindowHelper::FindAllDescendents: took 18103 ms. Expected it to take maximum 500 ms.
W, 3504, 19, 2013/05/23, 17:09:53.731, 2826199390627, QTAgent32.exe, Playback - [WARNING] Internal warning: Smart Match failed
\0
W, 3504, 19, 2013/05/23, 17:09:54.041, 2826203840667, QTAgent32.exe, Playback - [WARNING] Internal warning: Smart Match failed
\0
W, 3504, 19, 2013/05/23, 17:09:54.329, 2826207958012, QTAgent32.exe, Playback - [WARNING] Internal warning: Smart Match failed
\0
W, 3504, 19, 2013/05/23, 17:09:54.624, 2826212182248, QTAgent32.exe, Playback - [WARNING] Internal warning: Smart Match failed
\0
W, 3504, 19, 2013/05/23, 17:09:54.904, 2826216186150, QTAgent32.exe, Playback - [WARNING] Internal warning: Smart Match failed
\0
W, 3504, 19, 2013/05/23, 17:09:55.185, 2826220221461, QTAgent32.exe, Playback - [WARNING] Internal warning: Smart Match failed
\0
W, 3504, 19, 2013/05/23, 17:09:55.486, 2826224523555, QTAgent32.exe, Playback - [WARNING] Internal warning: Smart Match failed
\0
W, 3504, 19, 2013/05/23, 17:09:55.763, 2826228492321, QTAgent32.exe, Playback - [WARNING] Internal warning: Smart Match failed
\0
W, 3504, 19, 2013/05/23, 17:09:56.041, 2826232473194, QTAgent32.exe, Playback - [WARNING] Internal warning: Smart Match failed
\0
W, 3504, 19, 2013/05/23, 17:09:56.213, 2826234935788, QTAgent32.exe, Playback - [WARNING] Internal warning: Window Not Found: [VisibleOnly]ControlType='Window' &amp;&amp; Name='Personal Lines' &amp;&amp; ClassName='#32770'
\0
E, 3504, 19, 2013/05/23, 17:09:56.214, 2826234938959, QTAgent32.exe, &lt;a class=failure&gt;Playback - {219} [FAILED] Function ElementFetcher::FindScreenElement failed to locate UI element (Searching: ;[VisibleOnly]ControlType='Window' &amp;&amp; Name='Personal Lines' &amp;&amp; ClassName='#32770') (The object specified was not found.)
\0&lt;/a&gt;
E, 3504, 19, 2013/05/23, 17:09:56.293, 2826236076811, QTAgent32.exe, Playback - [IMAGE] C:\Users\testuser\AppData\Local\Temp\UITestLogs\LastRun\RPFE69D.png
\0
W, 3504, 19, 2013/05/23, 17:09:56.293, 2826236079046, QTAgent32.exe, Playback - [WARNING] Internal warning: Couldn't find descendants that match QueryId
\0
W, 3504, 19, 2013/05/23, 17:09:56.293, 2826236082225, QTAgent32.exe, PERF WARNING: FindTopLevelWindowHelper::FindAllDescendents: took 3108 ms. Expected it to take maximum 500 ms.
E, 3504, 19, 2013/05/23, 17:09:56.294, 2826236084360, QTAgent32.exe, Exception: System.Runtime.InteropServices.COMException
	Message: Error HRESULT E_FAIL has been returned from a call to a COM component.
	Stack Trace:    at Microsoft.VisualStudio.TestTools.UITest.Playback.Engine.IRPFPlayback.FindAllScreenElements(IScreenElement pScreenElementStart, String bstrQueryId, Object&amp; pvarResKeys, Int32 cResKeys, Int32 nMaxDepth, Object[]&amp; foundDescendants)
   at Microsoft.VisualStudio.TestTools.UITest.Playback.ScreenElement.FindTopLevelWindowHelper(String queryId)
	BaseExceptionMessage: Error HRESULT E_FAIL has been returned from a call to a COM component.

E, 3504, 19, 2013/05/23, 17:09:56.294, 2826236091746, QTAgent32.exe, Window 3932990 not responding. Last Win32 error 0
E, 3504, 19, 2013/05/23, 17:09:56.294, 2826236093163, QTAgent32.exe, GetClassName for handle 3932990 failed
E, 3504, 19, 2013/05/23, 17:09:56.397, 2826237566495, QTAgent32.exe, AL: Playback Error: Microsoft.VisualStudio.TestTools.UITest.Extension.UITestControlNotAvailableException: The control is not available or not valid. Additional Details: 
TechnologyName:  'MSAA'
ControlType:  'Window'
 ---&gt; System.Runtime.InteropServices.COMException: Error HRESULT E_FAIL has been returned from a call to a COM component.
   at Microsoft.VisualStudio.TestTools.UITest.Playback.Engine.IRPFPlayback.FindAllScreenElements(IScreenElement pScreenElementStart, String bstrQueryId, Object&amp; pvarResKeys, Int32 cResKeys, Int32 nMaxDepth, Object[]&amp; foundDescendants)
   at Microsoft.VisualStudio.TestTools.UITest.Playback.ScreenElement.FindTopLevelWindowHelper(String queryId)
   at Microsoft.VisualStudio.TestTools.UITest.Playback.ScreenElement.FindFromPartialQueryId(String queryId)
   at Microsoft.VisualStudio.TestTools.UITesting.UITestControl.EnsureValid(Boolean waitForReady, Boolean refetch)
   --- End of inner exception stack trace ---
   at Microsoft.VisualStudio.TestTools.UITesting.UITestControl.EnsureValid(Boolean waitForReady, Boolean refetch)
   at Microsoft.VisualStudio.TestTools.UITesting.UITestControl.FindFirstDescendant(String queryId, Int32 maxDepth, Int32&amp; timeLeft)
   at Microsoft.VisualStudio.TestTools.UITesting.SearchHelper.GetElement(Boolean useCache, ISearchArgument searchArg)
   at Microsoft.VisualStudio.TestTools.UITesting.SearchHelper.Search(ISearchArgument searchArg)
   at Microsoft.VisualStudio.TestTools.UITesting.UITestControl.FindInternal()
   at Microsoft.VisualStudio.TestTools.UITesting.UITestControl.FindControlIfNecessary()
   at Microsoft.VisualStudio.TestTools.UITesting.UITestControl.Click(MouseButtons button, ModifierKeys modifierKeys, Point relativeCoordinates)
   at Microsoft.VisualStudio.TestTools.UITesting.Mouse.ClickImplementation(UITestControl control, MouseButtons button, ModifierKeys modifierKeys, Point relativeCoordinate)
   at Microsoft.VisualStudio.TestTools.UITesting.Mouse.ClickImplementationWrapper(UITestControl control, MouseButtons button, ModifierKeys modifierKeys, Point relativeCoordinate)
W, 3504, 19, 2013/05/23, 17:09:56.399, 2826237587548, QTAgent32.exe, PlaybackErrorHandler: Ignoring exception as ContinueOnError is set.
W, 3504, 19, 2013/05/23, 17:09:56.433, 2826238084675, QTAgent32.exe, Playback - [WARNING] Internal warning: Thread state based WFR - Requested element has invalid HWND
\0
W, 3504, 19, 2013/05/23, 17:09:56.433, 2826238086970, QTAgent32.exe, Playback - [WARNING] Internal warning: process performance counters based WFR - Requested element has invalid HWND
\0
E, 3504, 19, 2013/05/23, 17:09:56.434, 2826238091188, QTAgent32.exe, EnsureValid called via EnsureValid call for same element
E, 3504, 19, 2013/05/23, 17:09:56.434, 2826238094107, QTAgent32.exe, EnsureValid called via EnsureValid call for same element
E, 3504, 19, 2013/05/23, 17:09:56.434, 2826238096076, QTAgent32.exe, EnsureValid called via EnsureValid call for same element
E, 3504, 19, 2013/05/23, 17:09:56.434, 2826238101796, QTAgent32.exe, Window 3605396 not responding. Last Win32 error 0
E, 3504, 19, 2013/05/23, 17:09:56.435, 2826238103148, QTAgent32.exe, GetClassName for handle 3605396 failed
W, 3504, 19, 2013/05/23, 17:09:56.581, 2826240195015, QTAgent32.exe, &lt;a class=success&gt;Playback - {220} [SUCCESS] Check - "[MSAA, VisibleOnly]ControlType='CheckBox' &amp;&amp; Name='Defer Printing?'"
\0&lt;/a&gt;
W, 3504, 19, 2013/05/23, 17:09:56.922, 2826245086466, QTAgent32.exe, &lt;a class=success&gt;Playback - {221} [SUCCESS] MouseButtonClick - "[MSAA, VisibleOnly]ControlType='Button' &amp;&amp; Name='Ok'"
\0&lt;/a&gt;
W, 3504, 19, 2013/05/23, 17:09:59.514, 2826282193195, QTAgent32.exe, &lt;a class=success&gt;Playback - {222} [SUCCESS] MouseButtonClick - "[MSAA, VisibleOnly]ControlType='Button' &amp;&amp; Name='OK'"
\0&lt;/a&gt;
W, 3504, 19, 2013/05/23, 17:09:59.647, 2826284091781, QTAgent32.exe, Playback - [WARNING] Internal warning: Thread state based WFR - Requested element has invalid HWND
\0
W, 3504, 19, 2013/05/23, 17:09:59.647, 2826284093715, QTAgent32.exe, Playback - [WARNING] Internal warning: process performance counters based WFR - Requested element has invalid HWND
\0
E, 3504, 19, 2013/05/23, 17:09:59.647, 2826284100866, QTAgent32.exe, EnsureValid called via EnsureValid call for same element
E, 3504, 19, 2013/05/23, 17:09:59.647, 2826284103277, QTAgent32.exe, EnsureValid called via EnsureValid call for same element
E, 3504, 19, 2013/05/23, 17:09:59.647, 2826284104553, QTAgent32.exe, EnsureValid called via EnsureValid call for same element
E, 3504, 19, 2013/05/23, 17:09:59.648, 2826284109865, QTAgent32.exe, GetClassName for handle 2294828 failed
E, 3504, 19, 2013/05/23, 17:09:59.649, 2826284127890, QTAgent32.exe, Window 2294828 not responding. Last Win32 error 1400
E, 3504, 19, 2013/05/23, 17:09:59.649, 2826284129728, QTAgent32.exe, GetClassName for handle 2294828 failed
W, 3504, 19, 2013/05/23, 17:10:02.689, 2826327666401, QTAgent32.exe, PERF WARNING: FindTopLevelWindowHelper::FindAllDescendents: took 3040 ms. Expected it to take maximum 500 ms.
W, 3504, 19, 2013/05/23, 17:10:02.843, 2826329868003, QTAgent32.exe, &lt;a class=success&gt;Playback - {223} [SUCCESS] Uncheck - "[MSAA, VisibleOnly]ControlType='CheckBox' &amp;&amp; Name='Add Activity'"
\0&lt;/a&gt;
W, 3504, 19, 2013/05/23, 17:10:03.199, 2826334956157, QTAgent32.exe, &lt;a class=success&gt;Playback - {224} [SUCCESS] MouseButtonClick - "[MSAA, VisibleOnly]ControlType='Button' &amp;&amp; Name='Ok'"
\0&lt;/a&gt;
W, 3504, 19, 2013/05/23, 17:10:03.478, 2826338945660, QTAgent32.exe, &lt;a class=success&gt;Playback - {225} [SUCCESS] MouseButtonClick - "[MSAA, VisibleOnly]ControlType='Button' &amp;&amp; Name='Ok'"
\0&lt;/a&gt;
W, 3504, 19, 2013/05/23, 17:10:06.810, 2826386663581, QTAgent32.exe, PERF WARNING: FindTopLevelWindowHelper::FindAllDescendents: took 3231 ms. Expected it to take maximum 500 ms.
W, 3504, 19, 2013/05/23, 17:10:07.382, 2826394842200, QTAgent32.exe, &lt;a class=success&gt;Playback - {226} [SUCCESS] DoSelect - "[MSAA, VisibleOnly]ControlType='List'"
\0&lt;/a&gt;
W, 3504, 19, 2013/05/23, 17:10:08.742, 2826414331591, QTAgent32.exe, &lt;a class=success&gt;Playback - {227} [SUCCESS] MouseButtonClick - "[MSAA, VisibleOnly]ControlType='Button' &amp;&amp; Name='Ok'"
\0&lt;/a&gt;
W, 3504, 19, 2013/05/23, 17:10:11.042, 2826447263347, QTAgent32.exe, &lt;a class=success&gt;Playback - {228} [SUCCESS] MouseButtonClick - "[MSAA, VisibleOnly]ControlType='Button' &amp;&amp; Name='OK'"
\0&lt;/a&gt;
W, 3504, 19, 2013/05/23, 17:10:12.388, 2826466523235, QTAgent32.exe, PERF WARNING: FindAllDescendents: took 1241 ms. Expected it to take maximum 500 ms.
W, 3504, 19, 2013/05/23, 17:10:13.564, 2826483372635, QTAgent32.exe, &lt;a class=success&gt;Playback - {229} [SUCCESS] MouseButtonClick - "[MSAA, VisibleOnly]ControlType='Button' &amp;&amp; Name='Exit'"
\0&lt;/a&gt;
W, 3504, 19, 2013/05/23, 17:10:13.813, 2826486936941, QTAgent32.exe, &lt;a class=success&gt;Playback - {230} [SUCCESS] MouseButtonClick - "[MSAA, VisibleOnly]ControlType='Button' &amp;&amp; Name='Yes'"
\0&lt;/a&gt;
W, 3504, 19, 2013/05/23, 17:10:14.048, 2826490297135, QTAgent32.exe, &lt;a class=success&gt;Playback - {231} [SUCCESS] MouseButtonClick - "[MSAA, VisibleOnly]ControlType='Button' &amp;&amp; Name='Cancel'"
\0&lt;/a&gt;
W, 3504, 19, 2013/05/23, 17:10:14.493, 2826496672844, QTAgent32.exe, &lt;a class=success&gt;Playback - {232} [SUCCESS] MouseButtonClick - "[MSAA, VisibleOnly]ControlType='Button'"
\0&lt;/a&gt;
W, 3504, 19, 2013/05/23, 17:10:14.724, 2826499985540, QTAgent32.exe, &lt;a class=success&gt;Playback - {233} [SUCCESS] MouseButtonClick - "[MSAA, VisibleOnly]ControlType='Button' &amp;&amp; Name='Detail'"
\0&lt;/a&gt;
W, 3504, 19, 2013/05/23, 17:10:15.303, 2826508260013, QTAgent32.exe, &lt;a class=success&gt;Playback - {234} [SUCCESS] MouseButtonClick - "[MSAA, VisibleOnly]ControlType='Button' &amp;&amp; Name='Cancel'"
\0&lt;/a&gt;
W, 3504, 19, 2013/05/23, 17:10:15.574, 2826512147953, QTAgent32.exe, &lt;a class=success&gt;Playback - {235} [SUCCESS] MouseButtonClick - "[MSAA, VisibleOnly]ControlType='Button' &amp;&amp; Name='Options'"
\0&lt;/a&gt;
W, 3504, 19, 2013/05/23, 17:10:15.675, 2826513584989, QTAgent32.exe, FindScreenElementInSinglePass : Attempting to find control in one pass of search. Failures can occur.
W, 3504, 19, 2013/05/23, 17:10:16.115, 2826519894586, QTAgent32.exe, &lt;a class=success&gt;Playback - {236} [SUCCESS] MouseButtonClick - "[MSAA]ControlType='MenuItem' &amp;&amp; Name='Links'"
\0&lt;/a&gt;
W, 3504, 19, 2013/05/23, 17:10:16.216, 2826521332202, QTAgent32.exe, FindScreenElementInSinglePass : Attempting to find control in one pass of search. Failures can occur.
W, 3504, 19, 2013/05/23, 17:10:16.687, 2826528079704, QTAgent32.exe, &lt;a class=success&gt;Playback - {237} [SUCCESS] MouseButtonClick - "[MSAA]ControlType='MenuItem' &amp;&amp; Name='3rd Party Integration'"
\0&lt;/a&gt;
W, 3504, 19, 2013/05/23, 17:10:16.788, 2826529524260, QTAgent32.exe, FindScreenElementInSinglePass : Attempting to find control in one pass of search. Failures can occur.
W, 3504, 19, 2013/05/23, 17:10:17.229, 2826535843128, QTAgent32.exe, &lt;a class=success&gt;Playback - {238} [SUCCESS] MouseButtonClick - "[MSAA]ControlType='MenuItem' &amp;&amp; Name='Quote Select List'"
\0&lt;/a&gt;
W, 3504, 19, 2013/05/23, 17:10:17.841, 2826544602767, QTAgent32.exe, Playback - [WARNING] Internal warning: Window Not Found: [VisibleOnly]ControlType='Window' &amp;&amp; Name='Current Or Future' &amp;&amp; ClassName='TfCurrentOrFuture'
\0
E, 3504, 19, 2013/05/23, 17:10:17.841, 2826544606167, QTAgent32.exe, &lt;a class=failure&gt;Playback - {239} [FAILED] Function ElementFetcher::FindScreenElement failed to locate UI element (Searching: ;[VisibleOnly]ControlType='Window' &amp;&amp; Name='Current Or Future' &amp;&amp; ClassName='TfCurrentOrFuture') (The object specified was not found.)
\0&lt;/a&gt;
E, 3504, 19, 2013/05/23, 17:10:17.930, 2826545888523, QTAgent32.exe, Playback - [IMAGE] C:\Users\testuser\AppData\Local\Temp\UITestLogs\LastRun\RPF3B13.png
\0
W, 3504, 19, 2013/05/23, 17:10:17.931, 2826545891480, QTAgent32.exe, Playback - [WARNING] Internal warning: Couldn't find descendants that match QueryId
\0
W, 3504, 19, 2013/05/23, 17:10:17.931, 2826545894533, QTAgent32.exe, PERF WARNING: FindTopLevelWindowHelper::FindAllDescendents: took 595 ms. Expected it to take maximum 500 ms.
W, 3504, 19, 2013/05/23, 17:10:18.812, 2826558505925, QTAgent32.exe, PERF WARNING: FindTopLevelWindowHelper::FindAllDescendents: took 880 ms. Expected it to take maximum 500 ms.
W, 3504, 19, 2013/05/23, 17:10:19.404, 2826566978539, QTAgent32.exe, &lt;a class=success&gt;Playback - {240} [SUCCESS] MouseButtonClick - "[MSAA, VisibleOnly]ControlType='Button' &amp;&amp; Name='Ok'"
\0&lt;/a&gt;
W, 3504, 19, 2013/05/23, 17:10:21.931, 2826603167994, QTAgent32.exe, PERF WARNING: FindTopLevelWindowHelper::FindAllDescendents: took 2419 ms. Expected it to take maximum 500 ms.
W, 3504, 19, 2013/05/23, 17:10:22.064, 2826605079958, QTAgent32.exe, &lt;a class=success&gt;Playback - {241} [SUCCESS] MouseButtonClick - "[MSAA, VisibleOnly]ControlType='Button' &amp;&amp; Name='After'"
\0&lt;/a&gt;
W, 3504, 19, 2013/05/23, 17:10:23.035, 2826618985494, QTAgent32.exe, PERF WARNING: FindAllDescendents: took 598 ms. Expected it to take maximum 500 ms.
W, 3504, 19, 2013/05/23, 17:10:23.160, 2826620757640, QTAgent32.exe, &lt;a class=success&gt;Playback - {242} [SUCCESS] MouseButtonClick - "[MSAA, VisibleOnly]ControlType='Button' &amp;&amp; Name='MTA...'"
\0&lt;/a&gt;
W, 3504, 19, 2013/05/23, 17:10:24.331, 2826637523381, QTAgent32.exe, PERF WARNING: FindTopLevelWindowHelper::FindAllDescendents: took 1070 ms. Expected it to take maximum 500 ms.
W, 3504, 19, 2013/05/23, 17:10:26.140, 2826663441228, QTAgent32.exe, Playback - [WARNING] Internal warning: Incorrect flag set for InvokeProgrammaticAction\0
W, 3504, 19, 2013/05/23, 17:10:26.260, 2826665159369, QTAgent32.exe, &lt;a class=success&gt;Playback - {243} [SUCCESS] SetValueAsComboBox "Change of Vehicle" - "[MSAA, VisibleOnly]ControlType='ComboBox'"  &lt; SetValueAsComboBox, set by clicking on the item in the list box &gt;
\0&lt;/a&gt;
W, 3504, 19, 2013/05/23, 17:10:26.513, 2826668777246, QTAgent32.exe, &lt;a class=success&gt;Playback - {244} [SUCCESS] MouseButtonClick - "[MSAA, VisibleOnly]ControlType='Button' &amp;&amp; Name='OK'"
\0&lt;/a&gt;
W, 3504, 19, 2013/05/23, 17:10:26.644, 2826670646784, QTAgent32.exe, Playback - [WARNING] Internal warning: Thread state based WFR - Requested element has invalid HWND
\0
W, 3504, 19, 2013/05/23, 17:10:26.644, 2826670648636, QTAgent32.exe, Playback - [WARNING] Internal warning: process performance counters based WFR - Requested element has invalid HWND
\0
E, 3504, 19, 2013/05/23, 17:10:26.644, 2826670652635, QTAgent32.exe, EnsureValid called via EnsureValid call for same element
E, 3504, 19, 2013/05/23, 17:10:26.644, 2826670654881, QTAgent32.exe, EnsureValid called via EnsureValid call for same element
E, 3504, 19, 2013/05/23, 17:10:26.644, 2826670656156, QTAgent32.exe, EnsureValid called via EnsureValid call for same element
E, 3504, 19, 2013/05/23, 17:10:26.645, 2826670659501, QTAgent32.exe, Window 4457530 not responding. Last Win32 error 0
E, 3504, 19, 2013/05/23, 17:10:26.645, 2826670661351, QTAgent32.exe, GetClassName for handle 4457530 failed
W, 3504, 19, 2013/05/23, 17:10:27.419, 2826681745746, QTAgent32.exe, &lt;a class=success&gt;Playback - {245} [SUCCESS] SendKeys "^{HOME}" - "[MSAA, VisibleOnly]ControlType='Edit'"
\0&lt;/a&gt;
E, 3504, 19, 2013/05/23, 17:10:27.419, 2826681748882, QTAgent32.exe, Msaa.GetFocusedElement: could not find accessible object of foreground window
W, 3504, 19, 2013/05/23, 17:10:27.480, 2826682619915, QTAgent32.exe, &lt;a class=success&gt;Playback - {246} [SUCCESS] SendKeys "^+{END}" - "[MSAA, VisibleOnly]ControlType='Edit'"
\0&lt;/a&gt;
E, 3504, 19, 2013/05/23, 17:10:27.480, 2826682623502, QTAgent32.exe, Msaa.GetFocusedElement: could not find accessible object of foreground window
W, 3504, 19, 2013/05/23, 17:10:27.494, 2826682814401, QTAgent32.exe, &lt;a class=success&gt;Playback - {247} [SUCCESS] SendKeys "{DELETE}" - "[MSAA, VisibleOnly]ControlType='Edit'"
\0&lt;/a&gt;
W, 3504, 19, 2013/05/23, 17:10:28.164, 2826692412246, QTAgent32.exe, &lt;a class=success&gt;Playback - {248} [SUCCESS] SetValueAsEditBox "888888" - "[MSAA, VisibleOnly]ControlType='Edit'"  &lt; Set via SendKeys &gt;
\0&lt;/a&gt;
W, 3504, 19, 2013/05/23, 17:10:28.396, 2826695735120, QTAgent32.exe, &lt;a class=success&gt;Playback - {249} [SUCCESS] MouseButtonClick - "[MSAA, VisibleOnly]ControlType='Button' &amp;&amp; Name='Calculate Quote'"
\0&lt;/a&gt;
W, 3504, 19, 2013/05/23, 17:10:29.358, 2826709502665, QTAgent32.exe, PERF WARNING: FindTopLevelWindowHelper::FindAllDescendents: took 860 ms. Expected it to take maximum 500 ms.
W, 3504, 19, 2013/05/23, 17:10:29.909, 2826717396394, QTAgent32.exe, &lt;a class=success&gt;Playback - {250} [SUCCESS] SendKeys "^{HOME}" - "[MSAA, VisibleOnly]ControlType='Edit'"
\0&lt;/a&gt;
E, 3504, 19, 2013/05/23, 17:10:29.909, 2826717400829, QTAgent32.exe, Msaa.GetFocusedElement: could not find accessible object of foreground window
W, 3504, 19, 2013/05/23, 17:10:29.973, 2826718319364, QTAgent32.exe, &lt;a class=success&gt;Playback - {251} [SUCCESS] SendKeys "^+{END}" - "[MSAA, VisibleOnly]ControlType='Edit'"
\0&lt;/a&gt;
E, 3504, 19, 2013/05/23, 17:10:29.973, 2826718322256, QTAgent32.exe, Msaa.GetFocusedElement: could not find accessible object of foreground window
W, 3504, 19, 2013/05/23, 17:10:29.987, 2826718514573, QTAgent32.exe, &lt;a class=success&gt;Playback - {252} [SUCCESS] SendKeys "{DELETE}" - "[MSAA, VisibleOnly]ControlType='Edit'"
\0&lt;/a&gt;
W, 3504, 19, 2013/05/23, 17:10:30.655, 2826728082441, QTAgent32.exe, &lt;a class=success&gt;Playback - {253} [SUCCESS] SetValueAsEditBox "06/06/13" - "[MSAA, VisibleOnly]ControlType='Edit'"  &lt; Set via SendKeys &gt;
\0&lt;/a&gt;
W, 3504, 19, 2013/05/23, 17:10:30.888, 2826731418132, QTAgent32.exe, &lt;a class=success&gt;Playback - {254} [SUCCESS] MouseButtonClick - "[MSAA, VisibleOnly]ControlType='Button' &amp;&amp; Name='OK'"
\0&lt;/a&gt;
W, 3504, 19, 2013/05/23, 17:10:40.259, 2826865591536, QTAgent32.exe, Playback - [WARNING] Internal warning: Window Not Found: [VisibleOnly]ControlType='Window' &amp;&amp; Name='Quote Results' &amp;&amp; ClassName='ThunderRT6FormDC'
\0
E, 3504, 19, 2013/05/23, 17:10:40.260, 2826865598300, QTAgent32.exe, &lt;a class=failure&gt;Playback - {255} [FAILED] Function ElementFetcher::FindScreenElement failed to locate UI element (Searching: ;[VisibleOnly]ControlType='Window' &amp;&amp; Name='Quote Results' &amp;&amp; ClassName='ThunderRT6FormDC') (The object specified was not found.)
\0&lt;/a&gt;
E, 3504, 19, 2013/05/23, 17:10:40.386, 2826867405672, QTAgent32.exe, Playback - [IMAGE] C:\Users\testuser\AppData\Local\Temp\UITestLogs\LastRun\RPF92A6.png
\0
W, 3504, 19, 2013/05/23, 17:10:40.386, 2826867408189, QTAgent32.exe, Playback - [WARNING] Internal warning: Couldn't find descendants that match QueryId
\0
W, 3504, 19, 2013/05/23, 17:10:40.387, 2826867419613, QTAgent32.exe, PERF WARNING: FindTopLevelWindowHelper::FindAllDescendents: took 9345 ms. Expected it to take maximum 500 ms.
W, 3504, 19, 2013/05/23, 17:10:59.323, 2827138545935, QTAgent32.exe, Playback - [WARNING] Internal warning: Window Not Found: [VisibleOnly]ControlType='Window' &amp;&amp; Name='Quote Results' &amp;&amp; ClassName='ThunderRT6FormDC'
\0
E, 3504, 19, 2013/05/23, 17:10:59.323, 2827138551117, QTAgent32.exe, &lt;a class=failure&gt;Playback - {256} [FAILED] Function ElementFetcher::FindScreenElement failed to locate UI element (Searching: ;[VisibleOnly]ControlType='Window' &amp;&amp; Name='Quote Results' &amp;&amp; ClassName='ThunderRT6FormDC') (The object specified was not found.)
\0&lt;/a&gt;
E, 3504, 19, 2013/05/23, 17:10:59.408, 2827139773839, QTAgent32.exe, Playback - [IMAGE] C:\Users\testuser\AppData\Local\Temp\UITestLogs\LastRun\RPFDD1E.png
\0
W, 3504, 19, 2013/05/23, 17:10:59.409, 2827139776585, QTAgent32.exe, Playback - [WARNING] Internal warning: Couldn't find descendants that match QueryId
\0
W, 3504, 19, 2013/05/23, 17:10:59.409, 2827139782316, QTAgent32.exe, PERF WARNING: FindTopLevelWindowHelper::FindAllDescendents: took 19021 ms. Expected it to take maximum 500 ms.
W, 3504, 19, 2013/05/23, 17:11:02.332, 2827181644940, QTAgent32.exe, Playback - [WARNING] Internal warning: Smart Match failed
\0
W, 3504, 19, 2013/05/23, 17:11:03.639, 2827200348635, QTAgent32.exe, Playback - [WARNING] Internal warning: Window Not Found: [VisibleOnly]ControlType='Window' &amp;&amp; Name='Quote Results' &amp;&amp; ClassName='ThunderRT6FormDC'
\0
E, 3504, 19, 2013/05/23, 17:11:03.639, 2827200356311, QTAgent32.exe, &lt;a class=failure&gt;Playback - {257} [FAILED] Function ElementFetcher::FindScreenElement failed to locate UI element (Searching: ;[VisibleOnly]ControlType='Window' &amp;&amp; Name='Quote Results' &amp;&amp; ClassName='ThunderRT6FormDC') (The object specified was not found.)
\0&lt;/a&gt;
E, 3504, 19, 2013/05/23, 17:11:03.724, 2827201562401, QTAgent32.exe, Playback - [IMAGE] C:\Users\testuser\AppData\Local\Temp\UITestLogs\LastRun\RPFEE00.png
\0
W, 3504, 19, 2013/05/23, 17:11:03.724, 2827201564988, QTAgent32.exe, Playback - [WARNING] Internal warning: Couldn't find descendants that match QueryId
\0
W, 3504, 19, 2013/05/23, 17:11:03.724, 2827201570346, QTAgent32.exe, PERF WARNING: FindTopLevelWindowHelper::FindAllDescendents: took 4315 ms. Expected it to take maximum 500 ms.
E, 3504, 19, 2013/05/23, 17:11:03.724, 2827201572620, QTAgent32.exe, Exception: System.Runtime.InteropServices.COMException
	Message: Error HRESULT E_FAIL has been returned from a call to a COM component.
	Stack Trace:    at Microsoft.VisualStudio.TestTools.UITest.Playback.Engine.IRPFPlayback.FindAllScreenElements(IScreenElement pScreenElementStart, String bstrQueryId, Object&amp; pvarResKeys, Int32 cResKeys, Int32 nMaxDepth, Object[]&amp; foundDescendants)
   at Microsoft.VisualStudio.TestTools.UITest.Playback.ScreenElement.FindTopLevelWindowHelper(String queryId)
	BaseExceptionMessage: Error HRESULT E_FAIL has been returned from a call to a COM component.

E, 3504, 19, 2013/05/23, 17:11:03.725, 2827201578289, QTAgent32.exe, Window 460280 not responding. Last Win32 error 0
E, 3504, 19, 2013/05/23, 17:11:03.725, 2827201579654, QTAgent32.exe, GetClassName for handle 460280 failed
E, 3504, 19, 2013/05/23, 17:11:03.725, 2827201585727, QTAgent32.exe, Window 198226 not responding. Last Win32 error 1400
E, 3504, 19, 2013/05/23, 17:11:03.725, 2827201586761, QTAgent32.exe, GetClassName for handle 329226 failed
E, 3504, 19, 2013/05/23, 17:11:03.726, 2827201587907, QTAgent32.exe, Window 329226 not responding. Last Win32 error 1400
E, 3504, 19, 2013/05/23, 17:11:03.726, 2827201590226, QTAgent32.exe, GetClassName for handle 329226 failed
E, 3504, 19, 2013/05/23, 17:11:03.726, 2827201592138, QTAgent32.exe, Window 329226 not responding. Last Win32 error 1400
E, 3504, 19, 2013/05/23, 17:11:03.726, 2827201592856, QTAgent32.exe, GetClassName for handle 460280 failed
E, 3504, 19, 2013/05/23, 17:11:03.726, 2827201593606, QTAgent32.exe, Window 460280 not responding. Last Win32 error 1400
E, 3504, 19, 2013/05/23, 17:11:03.726, 2827201595739, QTAgent32.exe, GetClassName for handle 460280 failed
E, 3504, 19, 2013/05/23, 17:11:03.726, 2827201597545, QTAgent32.exe, Window 460280 not responding. Last Win32 error 1400
E, 3504, 19, 2013/05/23, 17:11:03.726, 2827201598529, QTAgent32.exe, GetClassName for handle 198226 failed
E, 3504, 19, 2013/05/23, 17:11:03.828, 2827203052549, QTAgent32.exe, AL: Playback Error: Microsoft.VisualStudio.TestTools.UITest.Extension.UITestControlNotAvailableException: The control is not available or not valid. Additional Details: 
TechnologyName:  'MSAA'
ControlType:  'Client'
 ---&gt; Microsoft.VisualStudio.TestTools.UITest.Extension.UITestControlNotAvailableException: The control is not available or not valid. Additional Details: 
TechnologyName:  'MSAA'
Name:  'Quote Results'
ClassName:  'ThunderRT6FormDC'
ControlType:  'Window'
 ---&gt; System.Runtime.InteropServices.COMException: Error HRESULT E_FAIL has been returned from a call to a COM component.
   at Microsoft.VisualStudio.TestTools.UITest.Playback.Engine.IRPFPlayback.FindAllScreenElements(IScreenElement pScreenElementStart, String bstrQueryId, Object&amp; pvarResKeys, Int32 cResKeys, Int32 nMaxDepth, Object[]&amp; foundDescendants)
   at Microsoft.VisualStudio.TestTools.UITest.Playback.ScreenElement.FindTopLevelWindowHelper(String queryId)
   at Microsoft.VisualStudio.TestTools.UITest.Playback.ScreenElement.FindFromPartialQueryId(String queryId)
   at Microsoft.VisualStudio.TestTools.UITesting.UITestControl.EnsureValid(Boolean waitForReady, Boolean refetch)
   --- End of inner exception stack trace ---
   at Microsoft.VisualStudio.TestTools.UITesting.UITestControl.EnsureValid(Boolean waitForReady, Boolean refetch)
   at Microsoft.VisualStudio.TestTools.UITesting.UITestControl.FindFirstDescendant(String queryId, Int32 maxDepth, Int32&amp; timeLeft)
   at Microsoft.VisualStudio.TestTools.UITesting.UITestControl.FindFirstDescendant(String queryId)
   at Microsoft.VisualStudio.TestTools.UITesting.UITestControl.EnsureValid(Boolean waitForReady, Boolean refetch)
   --- End of inner exception stack trace ---
   at Microsoft.VisualStudio.TestTools.UITesting.UITestControl.EnsureValid(Boolean waitForReady, Boolean refetch)
   at Microsoft.VisualStudio.TestTools.UITesting.UITestControl.Click(MouseButtons button, ModifierKeys modifierKeys, Point relativeCoordinates)
   at Microsoft.VisualStudio.TestTools.UITesting.Mouse.ClickImplementation(UITestControl control, MouseButtons button, ModifierKeys modifierKeys, Point relativeCoordinate)
   at Microsoft.VisualStudio.TestTools.UITesting.Mouse.ClickImplementationWrapper(UITestControl control, MouseButtons button, ModifierKeys modifierKeys, Point relativeCoordinate)
W, 3504, 19, 2013/05/23, 17:11:07.644, 2827257687440, QTAgent32.exe, IEDOM : StopSession of the plugin called before StartSession
W, 3504, 19, 2013/05/23, 17:11:07.644, 2827257690066, QTAgent32.exe, UIA : StopSession of the plugin called before StartSession
</DebugTrace>
        <ErrorInfo>
          <Message>Test method Ver1.CodedUITest2.MotoRenewalAfter threw exception: 
Microsoft.VisualStudio.TestTools.UITest.Extension.UITestControlNotAvailableException: The control is not available or not valid. Additional Details: 
TechnologyName:  'MSAA'
ControlType:  'Client'
 ---&gt; Microsoft.VisualStudio.TestTools.UITest.Extension.UITestControlNotAvailableException: The control is not available or not valid. Additional Details: 
TechnologyName:  'MSAA'
Name:  'Quote Results'
ClassName:  'ThunderRT6FormDC'
ControlType:  'Window'
 ---&gt; System.Runtime.InteropServices.COMException: Error HRESULT E_FAIL has been returned from a call to a COM component.</Message>
          <StackTrace>    at Microsoft.VisualStudio.TestTools.UITest.Playback.Engine.IRPFPlayback.FindAllScreenElements(IScreenElement pScreenElementStart, String bstrQueryId, Object&amp; pvarResKeys, Int32 cResKeys, Int32 nMaxDepth, Object[]&amp; foundDescendants)
   at Microsoft.VisualStudio.TestTools.UITest.Playback.ScreenElement.FindTopLevelWindowHelper(String queryId)
   at Microsoft.VisualStudio.TestTools.UITest.Playback.ScreenElement.FindFromPartialQueryId(String queryId)
   at Microsoft.VisualStudio.TestTools.UITesting.UITestControl.EnsureValid(Boolean waitForReady, Boolean refetch)
 --- End of inner exception stack trace ---
    at Microsoft.VisualStudio.TestTools.UITesting.UITestControl.EnsureValid(Boolean waitForReady, Boolean refetch)
   at Microsoft.VisualStudio.TestTools.UITesting.UITestControl.FindFirstDescendant(String queryId, Int32 maxDepth, Int32&amp; timeLeft)
   at Microsoft.VisualStudio.TestTools.UITesting.UITestControl.FindFirstDescendant(String queryId)
   at Microsoft.VisualStudio.TestTools.UITesting.UITestControl.EnsureValid(Boolean waitForReady, Boolean refetch)
 --- End of inner exception stack trace ---
    at Microsoft.VisualStudio.TestTools.UITesting.UITestControl.EnsureValid(Boolean waitForReady, Boolean refetch)
   at Microsoft.VisualStudio.TestTools.UITesting.UITestControl.Click(MouseButtons button, ModifierKeys modifierKeys, Point relativeCoordinates)
   at Microsoft.VisualStudio.TestTools.UITesting.Mouse.ClickImplementation(UITestControl control, MouseButtons button, ModifierKeys modifierKeys, Point relativeCoordinate)
   at Microsoft.VisualStudio.TestTools.UITesting.Mouse.ClickImplementationWrapper(UITestControl control, MouseButtons button, ModifierKeys modifierKeys, Point relativeCoordinate)
   at Microsoft.VisualStudio.TestTools.UITesting.Mouse.Click(UITestControl control, Point relativeCoordinate)
   at Ver1.UIMap.MotoFinishMTA() in C:\AutotestTam1205\TestProject7\UIMap.Designer.cs:line 2962
   at Ver1.CodedUITest2.MotoRenewalAfter() in C:\AutotestTam1205\TestProject7\CodedUITest2.cs:line 633
</StackTrace>
        </ErrorInfo>
      </Output>
      <ResultFiles>
        <ResultFile path="ICLVDEVTM02\MotoRenewalAfter.png" />
      </ResultFiles>
      <ExtensionResult>Exception has been thrown by the target of an invocation.</ExtensionResult>
    </UnitTestResult>
    <UnitTestResult executionId="be122dd5-8aea-411c-b86a-6bfe5ad9595a" testId="f84db9d6-ecb4-ffa9-b047-9aeb5fc142ad" testName="MotoAmendRiskExistingScheme" computerName="ICLVDEVTM02" duration="00:04:34.9305895" startTime="2013-05-23T17:11:07.7536722+01:00" endTime="2013-05-23T17:15:42.8911102+01:00" testType="13cdc9d9-ddb5-4fa4-a97d-d965ccfc6d4b" outcome="Failed" testListId="8c84fa94-04c1-424b-9868-57a2d4851a1d" relativeResultsDirectory="be122dd5-8aea-411c-b86a-6bfe5ad9595a">
      <Output>
        <DebugTrace>W, 3504, 28, 2013/05/23, 17:11:14.006, 2827348789607, QTAgent32.exe, &lt;a class=success&gt;Playback - {1} [SUCCESS] MouseButtonClick - "[MSAA, VisibleOnly]ControlType='Edit'"
\0&lt;/a&gt;
W, 3504, 28, 2013/05/23, 17:11:14.373, 2827354035418, QTAgent32.exe, &lt;a class=success&gt;Playback - {2} [SUCCESS] SendKeys "[*]" - "[MSAA, VisibleOnly]ControlType='Edit'"
\0&lt;/a&gt;
W, 3504, 28, 2013/05/23, 17:11:15.105, 2827364526863, QTAgent32.exe, &lt;a class=success&gt;Playback - {3} [SUCCESS] MouseButtonClick - "[MSAA, VisibleOnly]ControlType='Button' &amp;&amp; Name='OK'"
\0&lt;/a&gt;
W, 3504, 28, 2013/05/23, 17:11:15.418, 2827369004871, QTAgent32.exe, &lt;a class=success&gt;Playback - {4} [SUCCESS] SendKeys "^{HOME}" - "[MSAA, VisibleOnly]ControlType='Edit'"
\0&lt;/a&gt;
E, 3504, 28, 2013/05/23, 17:11:15.420, 2827369025111, QTAgent32.exe, Msaa.GetFocusedElement: could not find accessible object of foreground window
W, 3504, 28, 2013/05/23, 17:11:15.549, 2827370879540, QTAgent32.exe, &lt;a class=success&gt;Playback - {5} [SUCCESS] SendKeys "^+{END}" - "[MSAA, VisibleOnly]ControlType='Edit'"
\0&lt;/a&gt;
E, 3504, 28, 2013/05/23, 17:11:15.551, 2827370901093, QTAgent32.exe, Msaa.GetFocusedElement: could not find accessible object of foreground window
W, 3504, 28, 2013/05/23, 17:11:15.609, 2827371743827, QTAgent32.exe, &lt;a class=success&gt;Playback - {6} [SUCCESS] SendKeys "{DELETE}" - "[MSAA, VisibleOnly]ControlType='Edit'"
\0&lt;/a&gt;
W, 3504, 28, 2013/05/23, 17:11:16.081, 2827378498712, QTAgent32.exe, &lt;a class=success&gt;Playback - {7} [SUCCESS] SetValueAsEditBox "23/05/2013" - "[MSAA, VisibleOnly]ControlType='Edit'"  &lt; Set via SendKeys &gt;
\0&lt;/a&gt;
W, 3504, 28, 2013/05/23, 17:11:16.640, 2827386497184, QTAgent32.exe, Playback - [WARNING] Internal warning: Incorrect flag set for InvokeProgrammaticAction\0
W, 3504, 28, 2013/05/23, 17:11:16.763, 2827388269093, QTAgent32.exe, &lt;a class=success&gt;Playback - {8} [SUCCESS] SetValueAsComboBox "May" - "[MSAA, VisibleOnly]ControlType='ComboBox'"  &lt; SetValueAsComboBox, set by clicking on the item in the list box &gt;
\0&lt;/a&gt;
W, 3504, 28, 2013/05/23, 17:11:17.070, 2827392662082, QTAgent32.exe, &lt;a class=success&gt;Playback - {9} [SUCCESS] SendKeys "^{HOME}" - "[MSAA, VisibleOnly]ControlType='Edit'"
\0&lt;/a&gt;
E, 3504, 28, 2013/05/23, 17:11:17.070, 2827392665438, QTAgent32.exe, Msaa.GetFocusedElement: could not find accessible object of foreground window
W, 3504, 28, 2013/05/23, 17:11:17.125, 2827393449648, QTAgent32.exe, &lt;a class=success&gt;Playback - {10} [SUCCESS] SendKeys "^+{END}" - "[MSAA, VisibleOnly]ControlType='Edit'"
\0&lt;/a&gt;
E, 3504, 28, 2013/05/23, 17:11:17.125, 2827393452985, QTAgent32.exe, Msaa.GetFocusedElement: could not find accessible object of foreground window
W, 3504, 28, 2013/05/23, 17:11:17.140, 2827393665671, QTAgent32.exe, &lt;a class=success&gt;Playback - {11} [SUCCESS] SendKeys "{DELETE}" - "[MSAA, VisibleOnly]ControlType='Edit'"
\0&lt;/a&gt;
W, 3504, 28, 2013/05/23, 17:11:17.362, 2827396837095, QTAgent32.exe, &lt;a class=success&gt;Playback - {12} [SUCCESS] SetValueAsEditBox "2013" - "[MSAA, VisibleOnly]ControlType='Edit'"  &lt; Set via SendKeys &gt;
\0&lt;/a&gt;
W, 3504, 28, 2013/05/23, 17:11:17.581, 2827399973653, QTAgent32.exe, &lt;a class=success&gt;Playback - {13} [SUCCESS] MouseButtonClick - "[MSAA, VisibleOnly]ControlType='Button' &amp;&amp; Name='OK'"
\0&lt;/a&gt;
W, 3504, 28, 2013/05/23, 17:11:18.828, 2827417827140, QTAgent32.exe, Playback - [WARNING] Internal warning: Window Not Found: [VisibleOnly]ControlType='Window' &amp;&amp; Name='Warning' &amp;&amp; ClassName='#32770'
\0
E, 3504, 28, 2013/05/23, 17:11:18.828, 2827417830458, QTAgent32.exe, &lt;a class=failure&gt;Playback - {14} [FAILED] Function ElementFetcher::FindScreenElement failed to locate UI element (Searching: ;[VisibleOnly]ControlType='Window' &amp;&amp; Name='Warning' &amp;&amp; ClassName='#32770') (The object specified was not found.)
\0&lt;/a&gt;
E, 3504, 28, 2013/05/23, 17:11:18.914, 2827419054195, QTAgent32.exe, Playback - [IMAGE] C:\Users\testuser\AppData\Local\Temp\UITestLogs\LastRun\RPF295C.png
\0
W, 3504, 28, 2013/05/23, 17:11:18.914, 2827419056666, QTAgent32.exe, Playback - [WARNING] Internal warning: Couldn't find descendants that match QueryId
\0
W, 3504, 28, 2013/05/23, 17:11:18.914, 2827419059739, QTAgent32.exe, PERF WARNING: FindTopLevelWindowHelper::FindAllDescendents: took 1218 ms. Expected it to take maximum 500 ms.
W, 3504, 28, 2013/05/23, 17:11:36.930, 2827677023872, QTAgent32.exe, Playback - [WARNING] Internal warning: Window Not Found: [VisibleOnly]ControlType='Window' &amp;&amp; Name='Warning' &amp;&amp; ClassName='#32770'
\0
E, 3504, 28, 2013/05/23, 17:11:36.931, 2827677027801, QTAgent32.exe, &lt;a class=failure&gt;Playback - {15} [FAILED] Function ElementFetcher::FindScreenElement failed to locate UI element (Searching: ;[VisibleOnly]ControlType='Window' &amp;&amp; Name='Warning' &amp;&amp; ClassName='#32770') (The object specified was not found.)
\0&lt;/a&gt;
E, 3504, 28, 2013/05/23, 17:11:37.010, 2827678166080, QTAgent32.exe, Playback - [IMAGE] C:\Users\testuser\AppData\Local\Temp\UITestLogs\LastRun\RPF700D.png
\0
W, 3504, 28, 2013/05/23, 17:11:37.010, 2827678168449, QTAgent32.exe, Playback - [WARNING] Internal warning: Couldn't find descendants that match QueryId
\0
W, 3504, 28, 2013/05/23, 17:11:37.011, 2827678172334, QTAgent32.exe, PERF WARNING: FindTopLevelWindowHelper::FindAllDescendents: took 18096 ms. Expected it to take maximum 500 ms.
W, 3504, 28, 2013/05/23, 17:11:37.498, 2827685156508, QTAgent32.exe, Playback - [WARNING] Internal warning: Smart Match failed
\0
W, 3504, 28, 2013/05/23, 17:11:37.734, 2827688537377, QTAgent32.exe, Playback - [WARNING] Internal warning: Smart Match failed
\0
W, 3504, 28, 2013/05/23, 17:11:37.961, 2827691777417, QTAgent32.exe, Playback - [WARNING] Internal warning: Smart Match failed
\0
W, 3504, 28, 2013/05/23, 17:11:38.195, 2827695121431, QTAgent32.exe, Playback - [WARNING] Internal warning: Smart Match failed
\0
W, 3504, 28, 2013/05/23, 17:11:38.420, 2827698349550, QTAgent32.exe, Playback - [WARNING] Internal warning: Smart Match failed
\0
W, 3504, 28, 2013/05/23, 17:11:38.650, 2827701644369, QTAgent32.exe, Playback - [WARNING] Internal warning: Smart Match failed
\0
W, 3504, 28, 2013/05/23, 17:11:38.884, 2827704988814, QTAgent32.exe, Playback - [WARNING] Internal warning: Smart Match failed
\0
W, 3504, 28, 2013/05/23, 17:11:39.125, 2827708444980, QTAgent32.exe, Playback - [WARNING] Internal warning: Smart Match failed
\0
W, 3504, 28, 2013/05/23, 17:11:39.361, 2827711817729, QTAgent32.exe, Playback - [WARNING] Internal warning: Smart Match failed
\0
W, 3504, 28, 2013/05/23, 17:11:39.618, 2827715501073, QTAgent32.exe, Playback - [WARNING] Internal warning: Smart Match failed
\0
W, 3504, 28, 2013/05/23, 17:11:39.853, 2827718867857, QTAgent32.exe, Playback - [WARNING] Internal warning: Smart Match failed
\0
W, 3504, 28, 2013/05/23, 17:11:40.092, 2827722290227, QTAgent32.exe, Playback - [WARNING] Internal warning: Smart Match failed
\0
W, 3504, 28, 2013/05/23, 17:11:40.205, 2827723908861, QTAgent32.exe, Playback - [WARNING] Internal warning: Window Not Found: [VisibleOnly]ControlType='Window' &amp;&amp; Name='Warning' &amp;&amp; ClassName='#32770'
\0
E, 3504, 28, 2013/05/23, 17:11:40.205, 2827723911724, QTAgent32.exe, &lt;a class=failure&gt;Playback - {16} [FAILED] Function ElementFetcher::FindScreenElement failed to locate UI element (Searching: ;[VisibleOnly]ControlType='Window' &amp;&amp; Name='Warning' &amp;&amp; ClassName='#32770') (The object specified was not found.)
\0&lt;/a&gt;
E, 3504, 28, 2013/05/23, 17:11:40.285, 2827725058626, QTAgent32.exe, Playback - [IMAGE] C:\Users\testuser\AppData\Local\Temp\UITestLogs\LastRun\RPF7CDA.png
\0
W, 3504, 28, 2013/05/23, 17:11:40.285, 2827725061412, QTAgent32.exe, Playback - [WARNING] Internal warning: Couldn't find descendants that match QueryId
\0
W, 3504, 28, 2013/05/23, 17:11:40.286, 2827725064852, QTAgent32.exe, PERF WARNING: FindTopLevelWindowHelper::FindAllDescendents: took 3274 ms. Expected it to take maximum 500 ms.
E, 3504, 28, 2013/05/23, 17:11:40.286, 2827725066657, QTAgent32.exe, Exception: System.Runtime.InteropServices.COMException
	Message: Error HRESULT E_FAIL has been returned from a call to a COM component.
	Stack Trace:    at Microsoft.VisualStudio.TestTools.UITest.Playback.Engine.IRPFPlayback.FindAllScreenElements(IScreenElement pScreenElementStart, String bstrQueryId, Object&amp; pvarResKeys, Int32 cResKeys, Int32 nMaxDepth, Object[]&amp; foundDescendants)
   at Microsoft.VisualStudio.TestTools.UITest.Playback.ScreenElement.FindTopLevelWindowHelper(String queryId)
	BaseExceptionMessage: Error HRESULT E_FAIL has been returned from a call to a COM component.

E, 3504, 28, 2013/05/23, 17:11:40.518, 2827728398579, QTAgent32.exe, AL: Playback Error: Microsoft.VisualStudio.TestTools.UITest.Extension.UITestControlNotFoundException: The playback failed to find the control with the given search properties. Additional Details: 
TechnologyName:  'MSAA'
ControlType:  'Window'
Name:  'Warning'
ClassName:  '#32770'
 ---&gt; System.Runtime.InteropServices.COMException: Error HRESULT E_FAIL has been returned from a call to a COM component.
   at Microsoft.VisualStudio.TestTools.UITest.Playback.Engine.IRPFPlayback.FindAllScreenElements(IScreenElement pScreenElementStart, String bstrQueryId, Object&amp; pvarResKeys, Int32 cResKeys, Int32 nMaxDepth, Object[]&amp; foundDescendants)
   at Microsoft.VisualStudio.TestTools.UITest.Playback.ScreenElement.FindTopLevelWindowHelper(String queryId)
   at Microsoft.VisualStudio.TestTools.UITest.Playback.ScreenElement.FindFromPartialQueryId(String queryId)
   at Microsoft.VisualStudio.TestTools.UITesting.UITestControl..ctor(String queryId)
   --- End of inner exception stack trace ---
   at Microsoft.VisualStudio.TestTools.UITesting.Playback.MapControlNotFoundException(COMException ex, IPlaybackContext context)
   at Microsoft.VisualStudio.TestTools.UITesting.Playback.MapAndThrowComException(COMException innerException, IPlaybackContext context)
   at Microsoft.VisualStudio.TestTools.UITesting.Playback.MapAndThrowException(SystemException exception, IPlaybackContext context)
   at Microsoft.VisualStudio.TestTools.UITesting.Playback.MapAndThrowException(SystemException exception, String queryId)
   at Microsoft.VisualStudio.TestTools.UITesting.UITestControl..ctor(String queryId)
   at Microsoft.VisualStudio.TestTools.UITesting.SearchHelper.SearchTopLevelWindow(ISearchArgument topLevelSearchArg, String topLevelElementQueryId)
   at Microsoft.VisualStudio.TestTools.UITesting.SearchHelper.GetTitleUpdatedTopLevelWindow(ISearchArgument topLevelSearchArg, String queryId, IList`1 windowTitles)
   at Microsoft.VisualStudio.TestTools.UITesting.SearchHelper.GetTopLevelElement(Boolean useCache, Boolean useCacheOnly, ISearchArgument searchArg, IList`1 windowTitles, Int32&amp; timeLeft)
   at Microsoft.VisualStudio.TestTools.UITesting.SearchHelper.GetElement(Boolean useCache, ISearchArgument searchArg)
   at Microsoft.VisualStudio.TestTools.UITesting.SearchHelper.Search(ISearchArgument searchArg)
   at Microsoft.VisualStudio.TestTools.UITesting.UITestControl.FindInternal()
   at Microsoft.VisualStudio.TestTools.UITesting.UITestControl.FindControlIfNecessary()
   at Microsoft.VisualStudio.TestTools.UITesting.UITestControl.Click(MouseButtons button, ModifierKeys modifierKeys, Point relativeCoordinates)
   at Microsoft.VisualStudio.TestTools.UITesting.Mouse.ClickImplementation(UITestControl control, MouseButtons button, ModifierKeys modifierKeys, Point relativeCoordinate)
   at Microsoft.VisualStudio.TestTools.UITesting.Mouse.ClickImplementationWrapper(UITestControl control, MouseButtons button, ModifierKeys modifierKeys, Point relativeCoordinate)
W, 3504, 28, 2013/05/23, 17:11:40.519, 2827728402820, QTAgent32.exe, PlaybackErrorHandler: Ignoring exception as ContinueOnError is set.
W, 3504, 28, 2013/05/23, 17:11:40.576, 2827729218448, QTAgent32.exe, &lt;a class=success&gt;Playback - {17} [SUCCESS] TypeString "#(R)"
\0&lt;/a&gt;
W, 3504, 28, 2013/05/23, 17:11:41.552, 2827743196209, QTAgent32.exe, PERF WARNING: FindTopLevelWindowHelper::FindAllDescendents: took 875 ms. Expected it to take maximum 500 ms.
W, 3504, 28, 2013/05/23, 17:11:42.221, 2827752767633, QTAgent32.exe, PERF WARNING: FindAllDescendents: took 666 ms. Expected it to take maximum 500 ms.
E, 3504, 28, 2013/05/23, 17:11:42.264, 2827753384444, QTAgent32.exe, Exception: System.ArgumentException
	Message: Value does not fall within the expected range.
	Stack Trace:    at Accessibility.IAccessible.get_accRole(Object varChild)
   at Microsoft.VisualStudio.TestTools.UITest.Extension.Msaa.AccWrapper.get_RoleInt()
	BaseExceptionMessage: Value does not fall within the expected range.

E, 3504, 28, 2013/05/23, 17:11:42.277, 2827753566766, QTAgent32.exe, Exception: System.ArgumentException
	Message: Value does not fall within the expected range.
	Stack Trace:    at Accessibility.IAccessible.get_accRole(Object varChild)
   at Microsoft.VisualStudio.TestTools.UITest.Extension.Msaa.AccWrapper.get_RoleInt()
	BaseExceptionMessage: Value does not fall within the expected range.

W, 3504, 28, 2013/05/23, 17:11:43.457, 2827770474888, QTAgent32.exe, &lt;a class=success&gt;Playback - {18} [SUCCESS] LeftButtonClick  &lt; Mouse cursor location (87, 908) &gt;
\0&lt;/a&gt;
W, 3504, 28, 2013/05/23, 17:11:45.092, 2827793885010, QTAgent32.exe, &lt;a class=success&gt;Playback - {19} [SUCCESS] SetValueAsEditBox "c:\TestProject7\ourhighway.reg"  &lt; Set via SendKeys &gt;
\0&lt;/a&gt;
W, 3504, 28, 2013/05/23, 17:11:45.092, 2827793888052, QTAgent32.exe, &lt;a class=success&gt;Playback - {20} [SUCCESS] SetValueAsComboBox "c:\TestProject7\ourhighway.reg" - "[MSAA, VisibleOnly]ControlType='ComboBox' &amp;&amp; Name='Open:'"  &lt; Set via SetValueAsEditBox &gt;
\0&lt;/a&gt;
W, 3504, 28, 2013/05/23, 17:11:45.339, 2827797417184, QTAgent32.exe, &lt;a class=success&gt;Playback - {21} [SUCCESS] MouseButtonClick - "[MSAA, VisibleOnly]ControlType='Button' &amp;&amp; Name='OK'"
\0&lt;/a&gt;
W, 3504, 28, 2013/05/23, 17:11:45.751, 2827803318480, QTAgent32.exe, Playback - [WARNING] Internal warning: Window Not Found: [VisibleOnly]ControlType='Window' &amp;&amp; Name='Registry Editor' &amp;&amp; ClassName='#32770'
\0
E, 3504, 28, 2013/05/23, 17:11:45.751, 2827803322202, QTAgent32.exe, &lt;a class=failure&gt;Playback - {22} [FAILED] Function ElementFetcher::FindScreenElement failed to locate UI element (Searching: ;[VisibleOnly]ControlType='Window' &amp;&amp; Name='Registry Editor' &amp;&amp; ClassName='#32770') (The object specified was not found.)
\0&lt;/a&gt;
E, 3504, 28, 2013/05/23, 17:11:45.875, 2827805096814, QTAgent32.exe, Playback - [IMAGE] C:\Users\testuser\AppData\Local\Temp\UITestLogs\LastRun\RPF928C.png
\0
W, 3504, 28, 2013/05/23, 17:11:45.876, 2827805099352, QTAgent32.exe, Playback - [WARNING] Internal warning: Couldn't find descendants that match QueryId
\0
W, 3504, 28, 2013/05/23, 17:11:47.023, 2827821532846, QTAgent32.exe, PERF WARNING: FindTopLevelWindowHelper::FindAllDescendents: took 1147 ms. Expected it to take maximum 500 ms.
W, 3504, 28, 2013/05/23, 17:11:47.288, 2827825326386, QTAgent32.exe, &lt;a class=success&gt;Playback - {23} [SUCCESS] MouseButtonClick - "[MSAA, VisibleOnly]ControlType='Button' &amp;&amp; Name='Yes'"
\0&lt;/a&gt;
W, 3504, 28, 2013/05/23, 17:11:47.715, 2827831434025, QTAgent32.exe, &lt;a class=success&gt;Playback - {24} [SUCCESS] MouseButtonClick - "[MSAA, VisibleOnly]ControlType='Button' &amp;&amp; Name='OK'"
\0&lt;/a&gt;
W, 3504, 28, 2013/05/23, 17:11:48.023, 2827835850167, QTAgent32.exe, &lt;a class=success&gt;Playback - {25} [SUCCESS] MouseButtonClick - "[MSAA, VisibleOnly]ControlType='Button' &amp;&amp; Name='Clients &amp; Files'"
\0&lt;/a&gt;
W, 3504, 28, 2013/05/23, 17:11:48.418, 2827841507380, QTAgent32.exe, Playback - [WARNING] Internal warning: Window Not Found: [VisibleOnly]ControlType='Window' &amp;&amp; ClassName='ThunderRT6MDIForm'
\0
E, 3504, 28, 2013/05/23, 17:11:48.418, 2827841510764, QTAgent32.exe, &lt;a class=failure&gt;Playback - {26} [FAILED] Function ElementFetcher::FindScreenElement failed to locate UI element (Searching: ;[VisibleOnly]ControlType='Window' &amp;&amp; ClassName='ThunderRT6MDIForm') (The object specified was not found.)
\0&lt;/a&gt;
E, 3504, 28, 2013/05/23, 17:11:48.525, 2827843038672, QTAgent32.exe, Playback - [IMAGE] C:\Users\testuser\AppData\Local\Temp\UITestLogs\LastRun\RPF9CF9.png
\0
W, 3504, 28, 2013/05/23, 17:11:48.525, 2827843041176, QTAgent32.exe, Playback - [WARNING] Internal warning: Couldn't find descendants that match QueryId
\0
W, 3504, 28, 2013/05/23, 17:11:51.004, 2827878528831, QTAgent32.exe, PERF WARNING: FindTopLevelWindowHelper::FindAllDescendents: took 2478 ms. Expected it to take maximum 500 ms.
W, 3504, 28, 2013/05/23, 17:11:52.121, 2827894521801, QTAgent32.exe, Playback - [WARNING] Internal warning: Incorrect flag set for InvokeProgrammaticAction\0
W, 3504, 28, 2013/05/23, 17:11:52.242, 2827896257314, QTAgent32.exe, &lt;a class=success&gt;Playback - {27} [SUCCESS] SetValueAsComboBox "Customers" - "[MSAA, VisibleOnly]ControlType='ComboBox'"  &lt; SetValueAsComboBox, set by clicking on the item in the list box &gt;
\0&lt;/a&gt;
W, 3504, 28, 2013/05/23, 17:11:52.714, 2827903021555, QTAgent32.exe, &lt;a class=success&gt;Playback - {28} [SUCCESS] MouseButtonClick - "[MSAA, VisibleOnly]ControlType='Button' &amp;&amp; Name='Add'"
\0&lt;/a&gt;
W, 3504, 28, 2013/05/23, 17:11:53.493, 2827914177290, QTAgent32.exe, &lt;a class=success&gt;Playback - {29} [SUCCESS] SendKeys "autotest" - "[MSAA, VisibleOnly]ControlType='RadioButton' &amp;&amp; Name='Personal Lines'"
\0&lt;/a&gt;
W, 3504, 28, 2013/05/23, 17:11:54.571, 2827929606165, QTAgent32.exe, &lt;a class=success&gt;Playback - {30} [SUCCESS] SetValueAsEditBox "autotest" - "[MSAA, VisibleOnly]ControlType='Edit'"  &lt; Set via SendKeys &gt;
\0&lt;/a&gt;
W, 3504, 28, 2013/05/23, 17:11:54.799, 2827932867909, QTAgent32.exe, &lt;a class=success&gt;Playback - {31} [SUCCESS] MouseButtonClick - "[MSAA, VisibleOnly]ControlType='Button' &amp;&amp; Name='OK'"
\0&lt;/a&gt;
W, 3504, 28, 2013/05/23, 17:11:55.087, 2827936994657, QTAgent32.exe, &lt;a class=success&gt;Playback - {32} [SUCCESS] MouseButtonClick - "[MSAA, VisibleOnly]ControlType='Button' &amp;&amp; Name='Yes'"
\0&lt;/a&gt;
W, 3504, 28, 2013/05/23, 17:11:55.738, 2827946309769, QTAgent32.exe, &lt;a class=success&gt;Playback - {33} [SUCCESS] SendKeys "^{HOME}" - "[MSAA, VisibleOnly]ControlType='Edit'"
\0&lt;/a&gt;
E, 3504, 28, 2013/05/23, 17:11:55.738, 2827946313493, QTAgent32.exe, Msaa.GetFocusedElement: could not find accessible object of foreground window
W, 3504, 28, 2013/05/23, 17:11:55.805, 2827947276859, QTAgent32.exe, &lt;a class=success&gt;Playback - {34} [SUCCESS] SendKeys "^+{END}" - "[MSAA, VisibleOnly]ControlType='Edit'"
\0&lt;/a&gt;
E, 3504, 28, 2013/05/23, 17:11:55.806, 2827947280576, QTAgent32.exe, Msaa.GetFocusedElement: could not find accessible object of foreground window
W, 3504, 28, 2013/05/23, 17:11:55.821, 2827947507409, QTAgent32.exe, &lt;a class=success&gt;Playback - {35} [SUCCESS] SendKeys "{DELETE}" - "[MSAA, VisibleOnly]ControlType='Edit'"
\0&lt;/a&gt;
W, 3504, 28, 2013/05/23, 17:11:56.229, 2827953340901, QTAgent32.exe, &lt;a class=success&gt;Playback - {36} [SUCCESS] SetValueAsEditBox "1" - "[MSAA, VisibleOnly]ControlType='Edit'"  &lt; Set via SendKeys &gt;
\0&lt;/a&gt;
W, 3504, 28, 2013/05/23, 17:11:56.809, 2827961647373, QTAgent32.exe, &lt;a class=success&gt;Playback - {37} [SUCCESS] SendKeys "^{HOME}" - "[MSAA, VisibleOnly]ControlType='Edit'"
\0&lt;/a&gt;
E, 3504, 28, 2013/05/23, 17:11:56.809, 2827961650988, QTAgent32.exe, Msaa.GetFocusedElement: could not find accessible object of foreground window
W, 3504, 28, 2013/05/23, 17:11:56.865, 2827962448824, QTAgent32.exe, &lt;a class=success&gt;Playback - {38} [SUCCESS] SendKeys "^+{END}" - "[MSAA, VisibleOnly]ControlType='Edit'"
\0&lt;/a&gt;
E, 3504, 28, 2013/05/23, 17:11:56.865, 2827962452483, QTAgent32.exe, Msaa.GetFocusedElement: could not find accessible object of foreground window
W, 3504, 28, 2013/05/23, 17:11:56.880, 2827962664634, QTAgent32.exe, &lt;a class=success&gt;Playback - {39} [SUCCESS] SendKeys "{DELETE}" - "[MSAA, VisibleOnly]ControlType='Edit'"
\0&lt;/a&gt;
W, 3504, 28, 2013/05/23, 17:11:57.311, 2827968842802, QTAgent32.exe, &lt;a class=success&gt;Playback - {40} [SUCCESS] SetValueAsEditBox "1" - "[MSAA, VisibleOnly]ControlType='Edit'"  &lt; Set via SendKeys &gt;
\0&lt;/a&gt;
W, 3504, 28, 2013/05/23, 17:11:58.929, 2827992001924, QTAgent32.exe, Playback - [WARNING] Internal warning: Target element "[MSAA, VisibleOnly]ControlType='Button' &amp;&amp; Name='OK'" was not found, so all intermediate elements were ignored. An incorrect element that matches target element Id can be found as the result.  Verify that all intermediate elements in QueryId have valid and unique Ids
\0
W, 3504, 28, 2013/05/23, 17:11:59.494, 2828000093550, QTAgent32.exe, PERF WARNING: FindAllDescendents: took 2073 ms. Expected it to take maximum 500 ms.
W, 3504, 28, 2013/05/23, 17:11:59.825, 2828004838151, QTAgent32.exe, &lt;a class=success&gt;Playback - {41} [SUCCESS] MouseButtonClick - "[MSAA, VisibleOnly]ControlType='Button' &amp;&amp; Name='OK'"
\0&lt;/a&gt;
W, 3504, 28, 2013/05/23, 17:12:00.221, 2828010505835, QTAgent32.exe, &lt;a class=success&gt;Playback - {42} [SUCCESS] MouseButtonClick - "[MSAA, VisibleOnly]ControlType='Button'"
\0&lt;/a&gt;
W, 3504, 28, 2013/05/23, 17:12:00.609, 2828016055663, QTAgent32.exe, &lt;a class=success&gt;Playback - {43} [SUCCESS] MouseButtonClick - "[MSAA, VisibleOnly]ControlType='Button' &amp;&amp; Name='Add'"
\0&lt;/a&gt;
W, 3504, 28, 2013/05/23, 17:12:01.005, 2828021729348, QTAgent32.exe, &lt;a class=success&gt;Playback - {44} [SUCCESS] MouseButtonClick - "[MSAA, VisibleOnly]ControlType='Button' &amp;&amp; Name='OK'"
\0&lt;/a&gt;
W, 3504, 28, 2013/05/23, 17:12:03.263, 2828054061122, QTAgent32.exe, &lt;a class=success&gt;Playback - {45} [SUCCESS] MouseButtonClick - "[MSAA, VisibleOnly,Window]ControlType='Window' &amp;&amp; ClassName='ThunderRT6TextBox'"
\0&lt;/a&gt;
W, 3504, 28, 2013/05/23, 17:12:04.269, 2828068461313, QTAgent32.exe, &lt;a class=success&gt;Playback - {46} [SUCCESS] SetValueAsEditBox "MOTO" - "[MSAA, VisibleOnly]ControlType='Edit'"  &lt; Set via SendKeys &gt;
\0&lt;/a&gt;
W, 3504, 28, 2013/05/23, 17:12:04.606, 2828073293906, QTAgent32.exe, &lt;a class=success&gt;Playback - {47} [SUCCESS] MouseButtonClick - "[MSAA, VisibleOnly]ControlType='Button' &amp;&amp; Name='OK'"
\0&lt;/a&gt;
W, 3504, 28, 2013/05/23, 17:12:04.855, 2828076857923, QTAgent32.exe, &lt;a class=success&gt;Playback - {48} [SUCCESS] MouseButtonClick - "[MSAA, VisibleOnly]ControlType='Button' &amp;&amp; Name='Options'"
\0&lt;/a&gt;
W, 3504, 28, 2013/05/23, 17:12:04.956, 2828078294307, QTAgent32.exe, FindScreenElementInSinglePass : Attempting to find control in one pass of search. Failures can occur.
W, 3504, 28, 2013/05/23, 17:12:05.478, 2828085766539, QTAgent32.exe, &lt;a class=success&gt;Playback - {49} [SUCCESS] MouseButtonClick - "[MSAA]ControlType='MenuItem' &amp;&amp; Name='Links'"
\0&lt;/a&gt;
W, 3504, 28, 2013/05/23, 17:12:05.579, 2828087210377, QTAgent32.exe, FindScreenElementInSinglePass : Attempting to find control in one pass of search. Failures can occur.
W, 3504, 28, 2013/05/23, 17:12:06.103, 2828094714036, QTAgent32.exe, &lt;a class=success&gt;Playback - {50} [SUCCESS] MouseButtonClick - "[MSAA]ControlType='MenuItem' &amp;&amp; Name='3rd Party Integration'"
\0&lt;/a&gt;
W, 3504, 28, 2013/05/23, 17:12:06.203, 2828096157245, QTAgent32.exe, FindScreenElementInSinglePass : Attempting to find control in one pass of search. Failures can occur.
W, 3504, 28, 2013/05/23, 17:12:06.716, 2828103492034, QTAgent32.exe, &lt;a class=success&gt;Playback - {51} [SUCCESS] MouseButtonClick - "[MSAA]ControlType='MenuItem' &amp;&amp; Name='Quote Select List'"
\0&lt;/a&gt;
W, 3504, 28, 2013/05/23, 17:12:09.260, 2828139920989, QTAgent32.exe, PERF WARNING: FindTopLevelWindowHelper::FindAllDescendents: took 2440 ms. Expected it to take maximum 500 ms.
W, 3504, 28, 2013/05/23, 17:12:09.407, 2828142021330, QTAgent32.exe, &lt;a class=success&gt;Playback - {52} [SUCCESS] MouseButtonClick - "[MSAA, VisibleOnly]ControlType='Button' &amp;&amp; Name='Ok'"
\0&lt;/a&gt;
W, 3504, 28, 2013/05/23, 17:12:11.618, 2828173685005, QTAgent32.exe, PERF WARNING: FindTopLevelWindowHelper::FindAllDescendents: took 2111 ms. Expected it to take maximum 500 ms.
W, 3504, 28, 2013/05/23, 17:12:11.750, 2828175580054, QTAgent32.exe, &lt;a class=success&gt;Playback - {53} [SUCCESS] MouseButtonClick - "[MSAA, VisibleOnly]ControlType='Button' &amp;&amp; Name='Ok'"
\0&lt;/a&gt;
W, 3504, 28, 2013/05/23, 17:12:12.473, 2828185934417, QTAgent32.exe, &lt;a class=success&gt;Playback - {54} [SUCCESS] SetValueAsEditBox "test" - "[MSAA, VisibleOnly]ControlType='Edit'"  &lt; Set via SendKeys &gt;
\0&lt;/a&gt;
W, 3504, 28, 2013/05/23, 17:12:13.171, 2828195928261, QTAgent32.exe, &lt;a class=success&gt;Playback - {55} [SUCCESS] SetValueAsEditBox "test" - "[MSAA, VisibleOnly]ControlType='Edit'"  &lt; Set via SendKeys &gt;
\0&lt;/a&gt;
W, 3504, 28, 2013/05/23, 17:12:13.975, 2828207428152, QTAgent32.exe, &lt;a class=success&gt;Playback - {56} [SUCCESS] SetValueAsEditBox "160486" - "[MSAA, VisibleOnly]ControlType='Edit'"  &lt; Set via SendKeys &gt;
\0&lt;/a&gt;
W, 3504, 28, 2013/05/23, 17:12:14.770, 2828218819298, QTAgent32.exe, &lt;a class=success&gt;Playback - {57} [SUCCESS] SetValueAsEditBox "BN16BN" - "[MSAA, VisibleOnly]ControlType='Edit'"  &lt; Set via SendKeys &gt;
\0&lt;/a&gt;
W, 3504, 28, 2013/05/23, 17:12:17.006, 2828250840080, QTAgent32.exe, &lt;a class=success&gt;Playback - {58} [SUCCESS] MouseButtonClick - "[MSAA, VisibleOnly]ControlType='Button' &amp;&amp; Name='Lookup...'"
\0&lt;/a&gt;
W, 3504, 28, 2013/05/23, 17:12:17.269, 2828254608229, QTAgent32.exe, &lt;a class=success&gt;Playback - {59} [SUCCESS] MouseButtonClick - "[MSAA, VisibleOnly]ControlType='Button' &amp;&amp; Name='Ok'"
\0&lt;/a&gt;
W, 3504, 28, 2013/05/23, 17:12:18.884, 2828277725268, QTAgent32.exe, &lt;a class=success&gt;Playback - {60} [SUCCESS] MouseButtonClick - "[MSAA, VisibleOnly]ControlType='Button' &amp;&amp; Name='OK'"
\0&lt;/a&gt;
W, 3504, 28, 2013/05/23, 17:12:20.405, 2828299504537, QTAgent32.exe, Playback - [WARNING] Internal warning: Incorrect flag set for InvokeProgrammaticAction\0
W, 3504, 28, 2013/05/23, 17:12:20.527, 2828301248837, QTAgent32.exe, &lt;a class=success&gt;Playback - {61} [SUCCESS] SetValueAsComboBox "Account Executive" - "[MSAA, VisibleOnly]ControlType='ComboBox'"  &lt; SetValueAsComboBox, set by clicking on the item in the list box &gt;
\0&lt;/a&gt;
W, 3504, 28, 2013/05/23, 17:12:21.621, 2828316913897, QTAgent32.exe, Playback - [WARNING] Internal warning: Incorrect flag set for InvokeProgrammaticAction\0
W, 3504, 28, 2013/05/23, 17:12:23.288, 2828340784786, QTAgent32.exe, &lt;a class=success&gt;Playback - {62} [SUCCESS] SetValueAsComboBox "Aerial Manufacturer" - "[MSAA, VisibleOnly]ControlType='ComboBox'"  &lt; SetValueAsComboBox, set by clicking on the item in the list box &gt;
\0&lt;/a&gt;
W, 3504, 28, 2013/05/23, 17:12:24.341, 2828355862516, QTAgent32.exe, &lt;a class=success&gt;Playback - {63} [SUCCESS] SetValueAsEditBox "151208" - "[MSAA, VisibleOnly]ControlType='Edit'"  &lt; Set via SendKeys &gt;
\0&lt;/a&gt;
W, 3504, 28, 2013/05/23, 17:12:26.260, 2828383328669, QTAgent32.exe, &lt;a class=success&gt;Playback - {64} [SUCCESS] MouseButtonClick - "[MSAA, VisibleOnly]ControlType='Button' &amp;&amp; Name='OK'"
\0&lt;/a&gt;
E, 3504, 28, 2013/05/23, 17:12:26.385, 2828385123004, QTAgent32.exe, Exception: System.ArgumentException
	Message: Value does not fall within the expected range.
	Stack Trace:    at Accessibility.IAccessible.get_accRole(Object varChild)
   at Microsoft.VisualStudio.TestTools.UITest.Extension.Msaa.AccWrapper.get_RoleInt()
	BaseExceptionMessage: Value does not fall within the expected range.

E, 3504, 28, 2013/05/23, 17:12:26.388, 2828385171250, QTAgent32.exe, Exception: System.ArgumentException
	Message: Value does not fall within the expected range.
	Stack Trace:    at Accessibility.IAccessible.get_accRole(Object varChild)
   at Microsoft.VisualStudio.TestTools.UITest.Extension.Msaa.AccWrapper.get_RoleInt()
	BaseExceptionMessage: Value does not fall within the expected range.

W, 3504, 28, 2013/05/23, 17:12:27.217, 2828397042265, QTAgent32.exe, &lt;a class=success&gt;Playback - {65} [SUCCESS] LeftButtonClick  &lt; Mouse cursor location (680, 395) &gt;
\0&lt;/a&gt;
W, 3504, 28, 2013/05/23, 17:12:27.819, 2828405660903, QTAgent32.exe, &lt;a class=success&gt;Playback - {66} [SUCCESS] SetValueAsEditBox "FORD"  &lt; Set via SendKeys &gt;
\0&lt;/a&gt;
W, 3504, 28, 2013/05/23, 17:12:27.820, 2828405663891, QTAgent32.exe, &lt;a class=success&gt;Playback - {67} [SUCCESS] SetValueAsComboBox "FORD" - "[MSAA, VisibleOnly]ControlType='ComboBox'"  &lt; Set via SetValueAsEditBox &gt;
\0&lt;/a&gt;
E, 3504, 28, 2013/05/23, 17:12:27.929, 2828407238299, QTAgent32.exe, Exception: System.ArgumentException
	Message: Value does not fall within the expected range.
	Stack Trace:    at Accessibility.IAccessible.get_accRole(Object varChild)
   at Microsoft.VisualStudio.TestTools.UITest.Extension.Msaa.AccWrapper.get_RoleInt()
	BaseExceptionMessage: Value does not fall within the expected range.

E, 3504, 28, 2013/05/23, 17:12:27.932, 2828407281675, QTAgent32.exe, Exception: System.ArgumentException
	Message: Value does not fall within the expected range.
	Stack Trace:    at Accessibility.IAccessible.get_accRole(Object varChild)
   at Microsoft.VisualStudio.TestTools.UITest.Extension.Msaa.AccWrapper.get_RoleInt()
	BaseExceptionMessage: Value does not fall within the expected range.

W, 3504, 28, 2013/05/23, 17:12:29.099, 2828423985717, QTAgent32.exe, &lt;a class=success&gt;Playback - {68} [SUCCESS] LeftButtonClick  &lt; Mouse cursor location (1040, 395) &gt;
\0&lt;/a&gt;
W, 3504, 28, 2013/05/23, 17:12:29.681, 2828432309004, QTAgent32.exe, &lt;a class=success&gt;Playback - {69} [SUCCESS] SetValueAsEditBox "KA"  &lt; Set via SendKeys &gt;
\0&lt;/a&gt;
W, 3504, 28, 2013/05/23, 17:12:29.681, 2828432311684, QTAgent32.exe, &lt;a class=success&gt;Playback - {70} [SUCCESS] SetValueAsComboBox "KA" - "[MSAA, VisibleOnly]ControlType='ComboBox'"  &lt; Set via SetValueAsEditBox &gt;
\0&lt;/a&gt;
W, 3504, 28, 2013/05/23, 17:12:30.283, 2828440927697, QTAgent32.exe, &lt;a class=success&gt;Playback - {71} [SUCCESS] MouseButtonClick - "[MSAA, VisibleOnly]ControlType='Button' &amp;&amp; Name='Filter'"
\0&lt;/a&gt;
W, 3504, 28, 2013/05/23, 17:12:30.623, 2828445800923, QTAgent32.exe, &lt;a class=success&gt;Playback - {72} [SUCCESS] MouseButtonClick - "[MSAA, VisibleOnly]ControlType='Button' &amp;&amp; Name='OK'"
\0&lt;/a&gt;
W, 3504, 28, 2013/05/23, 17:12:31.418, 2828457189997, QTAgent32.exe, &lt;a class=success&gt;Playback - {73} [SUCCESS] SendKeys "^{HOME}" - "[MSAA, VisibleOnly]ControlType='Edit'"
\0&lt;/a&gt;
E, 3504, 28, 2013/05/23, 17:12:31.418, 2828457193610, QTAgent32.exe, Msaa.GetFocusedElement: could not find accessible object of foreground window
W, 3504, 28, 2013/05/23, 17:12:31.496, 2828458307272, QTAgent32.exe, &lt;a class=success&gt;Playback - {74} [SUCCESS] SendKeys "^+{END}" - "[MSAA, VisibleOnly]ControlType='Edit'"
\0&lt;/a&gt;
E, 3504, 28, 2013/05/23, 17:12:31.496, 2828458310774, QTAgent32.exe, Msaa.GetFocusedElement: could not find accessible object of foreground window
W, 3504, 28, 2013/05/23, 17:12:31.512, 2828458530561, QTAgent32.exe, &lt;a class=success&gt;Playback - {75} [SUCCESS] SendKeys "{DELETE}" - "[MSAA, VisibleOnly]ControlType='Edit'"
\0&lt;/a&gt;
W, 3504, 28, 2013/05/23, 17:12:32.070, 2828466527155, QTAgent32.exe, &lt;a class=success&gt;Playback - {76} [SUCCESS] SetValueAsEditBox "123434" - "[MSAA, VisibleOnly]ControlType='Edit'"  &lt; Set via SendKeys &gt;
\0&lt;/a&gt;
W, 3504, 28, 2013/05/23, 17:12:32.638, 2828474653498, QTAgent32.exe, &lt;a class=success&gt;Playback - {77} [SUCCESS] SendKeys "^{HOME}" - "[MSAA, VisibleOnly]ControlType='Edit'"
\0&lt;/a&gt;
E, 3504, 28, 2013/05/23, 17:12:32.638, 2828474656313, QTAgent32.exe, Msaa.GetFocusedElement: could not find accessible object of foreground window
W, 3504, 28, 2013/05/23, 17:12:32.698, 2828475519707, QTAgent32.exe, &lt;a class=success&gt;Playback - {78} [SUCCESS] SendKeys "^+{END}" - "[MSAA, VisibleOnly]ControlType='Edit'"
\0&lt;/a&gt;
E, 3504, 28, 2013/05/23, 17:12:32.698, 2828475522533, QTAgent32.exe, Msaa.GetFocusedElement: could not find accessible object of foreground window
W, 3504, 28, 2013/05/23, 17:12:32.714, 2828475742530, QTAgent32.exe, &lt;a class=success&gt;Playback - {79} [SUCCESS] SendKeys "{DELETE}" - "[MSAA, VisibleOnly]ControlType='Edit'"
\0&lt;/a&gt;
W, 3504, 28, 2013/05/23, 17:12:33.203, 2828482737157, QTAgent32.exe, &lt;a class=success&gt;Playback - {80} [SUCCESS] SetValueAsEditBox "1000" - "[MSAA, VisibleOnly]ControlType='Edit'"  &lt; Set via SendKeys &gt;
\0&lt;/a&gt;
W, 3504, 28, 2013/05/23, 17:12:33.822, 2828491608890, QTAgent32.exe, &lt;a class=success&gt;Playback - {81} [SUCCESS] SendKeys "^{HOME}" - "[MSAA, VisibleOnly]ControlType='Edit'"
\0&lt;/a&gt;
E, 3504, 28, 2013/05/23, 17:12:33.822, 2828491611912, QTAgent32.exe, Msaa.GetFocusedElement: could not find accessible object of foreground window
W, 3504, 28, 2013/05/23, 17:12:33.886, 2828492524845, QTAgent32.exe, &lt;a class=success&gt;Playback - {82} [SUCCESS] SendKeys "^+{END}" - "[MSAA, VisibleOnly]ControlType='Edit'"
\0&lt;/a&gt;
E, 3504, 28, 2013/05/23, 17:12:33.886, 2828492528156, QTAgent32.exe, Msaa.GetFocusedElement: could not find accessible object of foreground window
W, 3504, 28, 2013/05/23, 17:12:33.907, 2828492826846, QTAgent32.exe, &lt;a class=success&gt;Playback - {83} [SUCCESS] SendKeys "{DELETE}" - "[MSAA, VisibleOnly]ControlType='Edit'"
\0&lt;/a&gt;
W, 3504, 28, 2013/05/23, 17:12:34.716, 2828504411705, QTAgent32.exe, &lt;a class=success&gt;Playback - {84} [SUCCESS] SetValueAsEditBox "30/05/13" - "[MSAA, VisibleOnly]ControlType='Edit'"  &lt; Set via SendKeys &gt;
\0&lt;/a&gt;
W, 3504, 28, 2013/05/23, 17:12:35.115, 2828510125380, QTAgent32.exe, &lt;a class=success&gt;Playback - {85} [SUCCESS] MouseButtonClick - "[MSAA, VisibleOnly]ControlType='Button' &amp;&amp; Name='Calculate Quote'"
\0&lt;/a&gt;
W, 3504, 28, 2013/05/23, 17:12:43.419, 2828629013652, QTAgent32.exe, Playback - [WARNING] Internal warning: Window Not Found: [VisibleOnly]ControlType='Window' &amp;&amp; Name='Quote Select List' &amp;&amp; ClassName='ThunderRT6FormDC'
\0
E, 3504, 28, 2013/05/23, 17:12:43.419, 2828629017893, QTAgent32.exe, &lt;a class=failure&gt;Playback - {86} [FAILED] Function ElementFetcher::FindScreenElement failed to locate UI element (Searching: ;[VisibleOnly]ControlType='Window' &amp;&amp; Name='Quote Select List' &amp;&amp; ClassName='ThunderRT6FormDC') (The object specified was not found.)
\0&lt;/a&gt;
E, 3504, 28, 2013/05/23, 17:12:43.550, 2828630890387, QTAgent32.exe, Playback - [IMAGE] C:\Users\testuser\AppData\Local\Temp\UITestLogs\LastRun\RPF73C8.png
\0
W, 3504, 28, 2013/05/23, 17:12:43.550, 2828630892802, QTAgent32.exe, Playback - [WARNING] Internal warning: Couldn't find descendants that match QueryId
\0
W, 3504, 28, 2013/05/23, 17:12:43.550, 2828630895962, QTAgent32.exe, PERF WARNING: FindTopLevelWindowHelper::FindAllDescendents: took 8334 ms. Expected it to take maximum 500 ms.
W, 3504, 28, 2013/05/23, 17:13:02.324, 2828899699640, QTAgent32.exe, Playback - [WARNING] Internal warning: Window Not Found: [VisibleOnly]ControlType='Window' &amp;&amp; Name='Quote Select List' &amp;&amp; ClassName='ThunderRT6FormDC'
\0
E, 3504, 28, 2013/05/23, 17:13:02.324, 2828899709129, QTAgent32.exe, &lt;a class=failure&gt;Playback - {87} [FAILED] Function ElementFetcher::FindScreenElement failed to locate UI element (Searching: ;[VisibleOnly]ControlType='Window' &amp;&amp; Name='Quote Select List' &amp;&amp; ClassName='ThunderRT6FormDC') (The object specified was not found.)
\0&lt;/a&gt;
E, 3504, 28, 2013/05/23, 17:13:02.411, 2828900944866, QTAgent32.exe, Playback - [IMAGE] C:\Users\testuser\AppData\Local\Temp\UITestLogs\LastRun\RPFBDA5.png
\0
W, 3504, 28, 2013/05/23, 17:13:02.411, 2828900947193, QTAgent32.exe, Playback - [WARNING] Internal warning: Couldn't find descendants that match QueryId
\0
W, 3504, 28, 2013/05/23, 17:13:02.411, 2828900955108, QTAgent32.exe, PERF WARNING: FindTopLevelWindowHelper::FindAllDescendents: took 18860 ms. Expected it to take maximum 500 ms.
W, 3504, 28, 2013/05/23, 17:13:05.330, 2828942746431, QTAgent32.exe, Playback - [WARNING] Internal warning: Smart Match failed
\0
W, 3504, 28, 2013/05/23, 17:13:06.564, 2828960419539, QTAgent32.exe, Playback - [WARNING] Internal warning: Window Not Found: [VisibleOnly]ControlType='Window' &amp;&amp; Name='Quote Select List' &amp;&amp; ClassName='ThunderRT6FormDC'
\0
E, 3504, 28, 2013/05/23, 17:13:06.565, 2828960423931, QTAgent32.exe, &lt;a class=failure&gt;Playback - {88} [FAILED] Function ElementFetcher::FindScreenElement failed to locate UI element (Searching: ;[VisibleOnly]ControlType='Window' &amp;&amp; Name='Quote Select List' &amp;&amp; ClassName='ThunderRT6FormDC') (The object specified was not found.)
\0&lt;/a&gt;
E, 3504, 28, 2013/05/23, 17:13:06.647, 2828961600940, QTAgent32.exe, Playback - [IMAGE] C:\Users\testuser\AppData\Local\Temp\UITestLogs\LastRun\RPFCE39.png
\0
W, 3504, 28, 2013/05/23, 17:13:06.647, 2828961603510, QTAgent32.exe, Playback - [WARNING] Internal warning: Couldn't find descendants that match QueryId
\0
W, 3504, 28, 2013/05/23, 17:13:06.647, 2828961607448, QTAgent32.exe, PERF WARNING: FindTopLevelWindowHelper::FindAllDescendents: took 4235 ms. Expected it to take maximum 500 ms.
E, 3504, 28, 2013/05/23, 17:13:06.648, 2828961609840, QTAgent32.exe, Exception: System.Runtime.InteropServices.COMException
	Message: Error HRESULT E_FAIL has been returned from a call to a COM component.
	Stack Trace:    at Microsoft.VisualStudio.TestTools.UITest.Playback.Engine.IRPFPlayback.FindAllScreenElements(IScreenElement pScreenElementStart, String bstrQueryId, Object&amp; pvarResKeys, Int32 cResKeys, Int32 nMaxDepth, Object[]&amp; foundDescendants)
   at Microsoft.VisualStudio.TestTools.UITest.Playback.ScreenElement.FindTopLevelWindowHelper(String queryId)
	BaseExceptionMessage: Error HRESULT E_FAIL has been returned from a call to a COM component.

E, 3504, 28, 2013/05/23, 17:13:06.749, 2828963063856, QTAgent32.exe, AL: Playback Error: Microsoft.VisualStudio.TestTools.UITest.Extension.UITestControlNotFoundException: The playback failed to find the control with the given search properties. Additional Details: 
TechnologyName:  'MSAA'
ControlType:  'Window'
Name:  'Quote Select List'
ClassName:  'ThunderRT6FormDC'
 ---&gt; System.Runtime.InteropServices.COMException: Error HRESULT E_FAIL has been returned from a call to a COM component.
   at Microsoft.VisualStudio.TestTools.UITest.Playback.Engine.IRPFPlayback.FindAllScreenElements(IScreenElement pScreenElementStart, String bstrQueryId, Object&amp; pvarResKeys, Int32 cResKeys, Int32 nMaxDepth, Object[]&amp; foundDescendants)
   at Microsoft.VisualStudio.TestTools.UITest.Playback.ScreenElement.FindTopLevelWindowHelper(String queryId)
   at Microsoft.VisualStudio.TestTools.UITest.Playback.ScreenElement.FindFromPartialQueryId(String queryId)
   at Microsoft.VisualStudio.TestTools.UITesting.UITestControl..ctor(String queryId)
   --- End of inner exception stack trace ---
   at Microsoft.VisualStudio.TestTools.UITesting.Playback.MapControlNotFoundException(COMException ex, IPlaybackContext context)
   at Microsoft.VisualStudio.TestTools.UITesting.Playback.MapAndThrowComException(COMException innerException, IPlaybackContext context)
   at Microsoft.VisualStudio.TestTools.UITesting.Playback.MapAndThrowException(SystemException exception, IPlaybackContext context)
   at Microsoft.VisualStudio.TestTools.UITesting.Playback.MapAndThrowException(SystemException exception, String queryId)
   at Microsoft.VisualStudio.TestTools.UITesting.UITestControl..ctor(String queryId)
   at Microsoft.VisualStudio.TestTools.UITesting.SearchHelper.SearchTopLevelWindow(ISearchArgument topLevelSearchArg, String topLevelElementQueryId)
   at Microsoft.VisualStudio.TestTools.UITesting.SearchHelper.GetTitleUpdatedTopLevelWindow(ISearchArgument topLevelSearchArg, String queryId, IList`1 windowTitles)
   at Microsoft.VisualStudio.TestTools.UITesting.SearchHelper.GetTopLevelElement(Boolean useCache, Boolean useCacheOnly, ISearchArgument searchArg, IList`1 windowTitles, Int32&amp; timeLeft)
   at Microsoft.VisualStudio.TestTools.UITesting.SearchHelper.GetElement(Boolean useCache, ISearchArgument searchArg)
   at Microsoft.VisualStudio.TestTools.UITesting.SearchHelper.Search(ISearchArgument searchArg)
   at Microsoft.VisualStudio.TestTools.UITesting.UITestControl.FindInternal()
   at Microsoft.VisualStudio.TestTools.UITesting.UITestControl.FindControlIfNecessary()
   at Microsoft.VisualStudio.TestTools.UITesting.UITestControl.Click(MouseButtons button, ModifierKeys modifierKeys, Point relativeCoordinates)
   at Microsoft.VisualStudio.TestTools.UITesting.Mouse.ClickImplementation(UITestControl control, MouseButtons button, ModifierKeys modifierKeys, Point relativeCoordinate)
   at Microsoft.VisualStudio.TestTools.UITesting.Mouse.ClickImplementationWrapper(UITestControl control, MouseButtons button, ModifierKeys modifierKeys, Point relativeCoordinate)
W, 3504, 28, 2013/05/23, 17:13:06.749, 2828963067523, QTAgent32.exe, PlaybackErrorHandler: Ignoring exception as ContinueOnError is set.
W, 3504, 28, 2013/05/23, 17:13:06.918, 2828965487482, QTAgent32.exe, &lt;a class=success&gt;Playback - {89} [SUCCESS] MouseButtonClick - "[MSAA, VisibleOnly]ControlType='Button' &amp;&amp; Name='No'"
\0&lt;/a&gt;
W, 3504, 28, 2013/05/23, 17:13:07.231, 2828969965044, QTAgent32.exe, &lt;a class=success&gt;Playback - {90} [SUCCESS] MouseButtonClick - "[MSAA, VisibleOnly]ControlType='Button' &amp;&amp; Name='Ok'"
\0&lt;/a&gt;
W, 3504, 28, 2013/05/23, 17:13:10.303, 2829013949126, QTAgent32.exe, PERF WARNING: FindTopLevelWindowHelper::FindAllDescendents: took 2971 ms. Expected it to take maximum 500 ms.
W, 3504, 28, 2013/05/23, 17:13:10.432, 2829015801098, QTAgent32.exe, &lt;a class=success&gt;Playback - {91} [SUCCESS] MouseButtonClick - "[MSAA, VisibleOnly]ControlType='Client'"
\0&lt;/a&gt;
W, 3504, 28, 2013/05/23, 17:13:12.278, 2829042224245, QTAgent32.exe, &lt;a class=success&gt;Playback - {92} [SUCCESS] SendKeys "{Home}" - "[MSAA, VisibleOnly]ControlType='Client'"
\0&lt;/a&gt;
W, 3504, 28, 2013/05/23, 17:13:15.519, 2829088638821, QTAgent32.exe, &lt;a class=success&gt;Playback - {93} [SUCCESS] MouseButtonClick - "[MSAA, VisibleOnly]ControlType='Button' &amp;&amp; Name='Accept'"
\0&lt;/a&gt;
W, 3504, 28, 2013/05/23, 17:13:16.132, 2829097417282, QTAgent32.exe, &lt;a class=success&gt;Playback - {94} [SUCCESS] MouseButtonClick - "[MSAA, VisibleOnly]ControlType='Button' &amp;&amp; Name='Yes'"
\0&lt;/a&gt;
W, 3504, 28, 2013/05/23, 17:13:16.464, 2829102164854, QTAgent32.exe, &lt;a class=success&gt;Playback - {95} [SUCCESS] MouseButtonClick - "[MSAA, VisibleOnly]ControlType='Button' &amp;&amp; Name='Ok'"
\0&lt;/a&gt;
W, 3504, 28, 2013/05/23, 17:13:16.701, 2829105555418, QTAgent32.exe, &lt;a class=success&gt;Playback - {96} [SUCCESS] MouseButtonClick - "[MSAA, VisibleOnly]ControlType='Button' &amp;&amp; Name='Ok'"
\0&lt;/a&gt;
W, 3504, 28, 2013/05/23, 17:13:16.936, 2829108913318, QTAgent32.exe, &lt;a class=success&gt;Playback - {97} [SUCCESS] MouseButtonClick - "[MSAA, VisibleOnly]ControlType='Button' &amp;&amp; Name='Confirm'"
\0&lt;/a&gt;
W, 3504, 28, 2013/05/23, 17:13:48.695, 2829563646701, QTAgent32.exe, Playback - [WARNING] Internal warning: Window Not Found: [VisibleOnly]ControlType='Window' &amp;&amp; Name='Save the file as' &amp;&amp; ClassName='#32770'
\0
E, 3504, 28, 2013/05/23, 17:13:48.695, 2829563655671, QTAgent32.exe, &lt;a class=failure&gt;Playback - {98} [FAILED] Function ElementFetcher::FindScreenElement failed to locate UI element (Searching: ;[VisibleOnly]ControlType='Window' &amp;&amp; Name='Save the file as' &amp;&amp; ClassName='#32770') (The object specified was not found.)
\0&lt;/a&gt;
E, 3504, 28, 2013/05/23, 17:13:48.826, 2829565519696, QTAgent32.exe, Playback - [IMAGE] C:\Users\testuser\AppData\Local\Temp\UITestLogs\LastRun\RPF72D2.png
\0
W, 3504, 28, 2013/05/23, 17:13:48.826, 2829565522223, QTAgent32.exe, Playback - [WARNING] Internal warning: Couldn't find descendants that match QueryId
\0
W, 3504, 28, 2013/05/23, 17:13:48.826, 2829565529662, QTAgent32.exe, PERF WARNING: FindTopLevelWindowHelper::FindAllDescendents: took 31790 ms. Expected it to take maximum 500 ms.
W, 3504, 28, 2013/05/23, 17:14:07.303, 2829830091890, QTAgent32.exe, Playback - [WARNING] Internal warning: Window Not Found: [VisibleOnly]ControlType='Window' &amp;&amp; Name='Save the file as' &amp;&amp; ClassName='#32770'
\0
E, 3504, 28, 2013/05/23, 17:14:07.304, 2829830101198, QTAgent32.exe, &lt;a class=failure&gt;Playback - {99} [FAILED] Function ElementFetcher::FindScreenElement failed to locate UI element (Searching: ;[VisibleOnly]ControlType='Window' &amp;&amp; Name='Save the file as' &amp;&amp; ClassName='#32770') (The object specified was not found.)
\0&lt;/a&gt;
E, 3504, 28, 2013/05/23, 17:14:07.406, 2829831558284, QTAgent32.exe, Playback - [IMAGE] C:\Users\testuser\AppData\Local\Temp\UITestLogs\LastRun\RPFBB76.png
\0
W, 3504, 28, 2013/05/23, 17:14:07.406, 2829831560826, QTAgent32.exe, Playback - [WARNING] Internal warning: Couldn't find descendants that match QueryId
\0
W, 3504, 28, 2013/05/23, 17:14:07.406, 2829831568299, QTAgent32.exe, PERF WARNING: FindTopLevelWindowHelper::FindAllDescendents: took 18579 ms. Expected it to take maximum 500 ms.
W, 3504, 28, 2013/05/23, 17:14:10.328, 2829873403105, QTAgent32.exe, Playback - [WARNING] Internal warning: Smart Match failed
\0
W, 3504, 28, 2013/05/23, 17:14:11.553, 2829890940021, QTAgent32.exe, Playback - [WARNING] Internal warning: Window Not Found: [VisibleOnly]ControlType='Window' &amp;&amp; Name='Save the file as' &amp;&amp; ClassName='#32770'
\0
E, 3504, 28, 2013/05/23, 17:14:11.554, 2829890944821, QTAgent32.exe, &lt;a class=failure&gt;Playback - {100} [FAILED] Function ElementFetcher::FindScreenElement failed to locate UI element (Searching: ;[VisibleOnly]ControlType='Window' &amp;&amp; Name='Save the file as' &amp;&amp; ClassName='#32770') (The object specified was not found.)
\0&lt;/a&gt;
E, 3504, 28, 2013/05/23, 17:14:11.635, 2829892110955, QTAgent32.exe, Playback - [IMAGE] C:\Users\testuser\AppData\Local\Temp\UITestLogs\LastRun\RPFCC1A.png
\0
W, 3504, 28, 2013/05/23, 17:14:11.635, 2829892113668, QTAgent32.exe, Playback - [WARNING] Internal warning: Couldn't find descendants that match QueryId
\0
W, 3504, 28, 2013/05/23, 17:14:11.636, 2829892118432, QTAgent32.exe, PERF WARNING: FindTopLevelWindowHelper::FindAllDescendents: took 4228 ms. Expected it to take maximum 500 ms.
E, 3504, 28, 2013/05/23, 17:14:11.636, 2829892120549, QTAgent32.exe, Exception: System.Runtime.InteropServices.COMException
	Message: Error HRESULT E_FAIL has been returned from a call to a COM component.
	Stack Trace:    at Microsoft.VisualStudio.TestTools.UITest.Playback.Engine.IRPFPlayback.FindAllScreenElements(IScreenElement pScreenElementStart, String bstrQueryId, Object&amp; pvarResKeys, Int32 cResKeys, Int32 nMaxDepth, Object[]&amp; foundDescendants)
   at Microsoft.VisualStudio.TestTools.UITest.Playback.ScreenElement.FindTopLevelWindowHelper(String queryId)
	BaseExceptionMessage: Error HRESULT E_FAIL has been returned from a call to a COM component.

E, 3504, 28, 2013/05/23, 17:14:11.738, 2829893576416, QTAgent32.exe, AL: Playback Error: Microsoft.VisualStudio.TestTools.UITest.Extension.UITestControlNotFoundException: The playback failed to find the control with the given search properties. Additional Details: 
TechnologyName:  'MSAA'
ControlType:  'Window'
Name:  'Save the file as'
ClassName:  '#32770'
 ---&gt; System.Runtime.InteropServices.COMException: Error HRESULT E_FAIL has been returned from a call to a COM component.
   at Microsoft.VisualStudio.TestTools.UITest.Playback.Engine.IRPFPlayback.FindAllScreenElements(IScreenElement pScreenElementStart, String bstrQueryId, Object&amp; pvarResKeys, Int32 cResKeys, Int32 nMaxDepth, Object[]&amp; foundDescendants)
   at Microsoft.VisualStudio.TestTools.UITest.Playback.ScreenElement.FindTopLevelWindowHelper(String queryId)
   at Microsoft.VisualStudio.TestTools.UITest.Playback.ScreenElement.FindFromPartialQueryId(String queryId)
   at Microsoft.VisualStudio.TestTools.UITesting.UITestControl..ctor(String queryId)
   --- End of inner exception stack trace ---
   at Microsoft.VisualStudio.TestTools.UITesting.Playback.MapControlNotFoundException(COMException ex, IPlaybackContext context)
   at Microsoft.VisualStudio.TestTools.UITesting.Playback.MapAndThrowComException(COMException innerException, IPlaybackContext context)
   at Microsoft.VisualStudio.TestTools.UITesting.Playback.MapAndThrowException(SystemException exception, IPlaybackContext context)
   at Microsoft.VisualStudio.TestTools.UITesting.Playback.MapAndThrowException(SystemException exception, String queryId)
   at Microsoft.VisualStudio.TestTools.UITesting.UITestControl..ctor(String queryId)
   at Microsoft.VisualStudio.TestTools.UITesting.SearchHelper.SearchTopLevelWindow(ISearchArgument topLevelSearchArg, String topLevelElementQueryId)
   at Microsoft.VisualStudio.TestTools.UITesting.SearchHelper.GetTitleUpdatedTopLevelWindow(ISearchArgument topLevelSearchArg, String queryId, IList`1 windowTitles)
   at Microsoft.VisualStudio.TestTools.UITesting.SearchHelper.GetTopLevelElement(Boolean useCache, Boolean useCacheOnly, ISearchArgument searchArg, IList`1 windowTitles, Int32&amp; timeLeft)
   at Microsoft.VisualStudio.TestTools.UITesting.SearchHelper.GetElement(Boolean useCache, ISearchArgument searchArg)
   at Microsoft.VisualStudio.TestTools.UITesting.SearchHelper.Search(ISearchArgument searchArg)
   at Microsoft.VisualStudio.TestTools.UITesting.UITestControl.FindInternal()
   at Microsoft.VisualStudio.TestTools.UITesting.UITestControl.FindControlIfNecessary()
   at Microsoft.VisualStudio.TestTools.UITesting.UITestControl.Click(MouseButtons button, ModifierKeys modifierKeys, Point relativeCoordinates)
   at Microsoft.VisualStudio.TestTools.UITesting.Mouse.ClickImplementation(UITestControl control, MouseButtons button, ModifierKeys modifierKeys, Point relativeCoordinate)
   at Microsoft.VisualStudio.TestTools.UITesting.Mouse.ClickImplementationWrapper(UITestControl control, MouseButtons button, ModifierKeys modifierKeys, Point relativeCoordinate)
W, 3504, 28, 2013/05/23, 17:14:11.738, 2829893580426, QTAgent32.exe, PlaybackErrorHandler: Ignoring exception as ContinueOnError is set.
W, 3504, 28, 2013/05/23, 17:14:11.887, 2829895723256, QTAgent32.exe, &lt;a class=success&gt;Playback - {101} [SUCCESS] Check - "[MSAA, VisibleOnly]ControlType='CheckBox' &amp;&amp; Name='Defer Printing?'"
\0&lt;/a&gt;
W, 3504, 28, 2013/05/23, 17:14:12.391, 2829902927734, QTAgent32.exe, &lt;a class=success&gt;Playback - {102} [SUCCESS] MouseButtonClick - "[MSAA, VisibleOnly]ControlType='Button' &amp;&amp; Name='Ok'"
\0&lt;/a&gt;
W, 3504, 28, 2013/05/23, 17:14:14.342, 2829930866188, QTAgent32.exe, PERF WARNING: FindTopLevelWindowHelper::FindAllDescendents: took 1850 ms. Expected it to take maximum 500 ms.
W, 3504, 28, 2013/05/23, 17:14:15.097, 2829941689774, QTAgent32.exe, &lt;a class=success&gt;Playback - {103} [SUCCESS] Uncheck - "[MSAA, VisibleOnly]ControlType='CheckBox' &amp;&amp; Name='Add Activity'"
\0&lt;/a&gt;
W, 3504, 28, 2013/05/23, 17:14:17.642, 2829978120405, QTAgent32.exe, &lt;a class=success&gt;Playback - {104} [SUCCESS] MouseButtonClick - "[MSAA, VisibleOnly]ControlType='Button' &amp;&amp; Name='Ok'"
\0&lt;/a&gt;
W, 3504, 28, 2013/05/23, 17:14:17.894, 2829981736049, QTAgent32.exe, &lt;a class=success&gt;Playback - {105} [SUCCESS] MouseButtonClick - "[MSAA, VisibleOnly]ControlType='Button' &amp;&amp; Name='Ok'"
\0&lt;/a&gt;
W, 3504, 28, 2013/05/23, 17:14:22.233, 2830043857233, QTAgent32.exe, PERF WARNING: FindTopLevelWindowHelper::FindAllDescendents: took 4235 ms. Expected it to take maximum 500 ms.
W, 3504, 28, 2013/05/23, 17:14:22.377, 2830045918355, QTAgent32.exe, &lt;a class=success&gt;Playback - {106} [SUCCESS] MouseButtonClick - "[MSAA, VisibleOnly]ControlType='Button' &amp;&amp; Name='OK'"
\0&lt;/a&gt;
W, 3504, 28, 2013/05/23, 17:14:22.624, 2830049450128, QTAgent32.exe, &lt;a class=success&gt;Playback - {107} [SUCCESS] MouseButtonClick - "[MSAA, VisibleOnly]ControlType='Button' &amp;&amp; Name='Cancel'"
\0&lt;/a&gt;
W, 3504, 28, 2013/05/23, 17:14:22.897, 2830053371388, QTAgent32.exe, &lt;a class=success&gt;Playback - {108} [SUCCESS] MouseButtonClick - "[MSAA, VisibleOnly]ControlType='Button'"
\0&lt;/a&gt;
W, 3504, 28, 2013/05/23, 17:14:23.213, 2830057888096, QTAgent32.exe, &lt;a class=success&gt;Playback - {109} [SUCCESS] MouseButtonClick - "[MSAA, VisibleOnly]ControlType='Button' &amp;&amp; Name='Detail'"
\0&lt;/a&gt;
W, 3504, 28, 2013/05/23, 17:14:29.760, 2830151630638, QTAgent32.exe, Playback - [WARNING] Internal warning: Window Not Found: [VisibleOnly]ControlType='Window' &amp;&amp; Name='Connect to www.insur-econnect.com'
\0
E, 3504, 28, 2013/05/23, 17:14:29.760, 2830151633691, QTAgent32.exe, &lt;a class=failure&gt;Playback - {110} [FAILED] Function ElementFetcher::FindScreenElement failed to locate UI element (Searching: ;[VisibleOnly]ControlType='Window' &amp;&amp; Name='Connect to www.insur-econnect.com') (The object specified was not found.)
\0&lt;/a&gt;
E, 3504, 28, 2013/05/23, 17:14:29.854, 2830152982321, QTAgent32.exe, Playback - [IMAGE] C:\Users\testuser\AppData\Local\Temp\UITestLogs\LastRun\RPF1338.png
\0
W, 3504, 28, 2013/05/23, 17:14:29.855, 2830152984732, QTAgent32.exe, Playback - [WARNING] Internal warning: Couldn't find descendants that match QueryId
\0
W, 3504, 28, 2013/05/23, 17:14:29.855, 2830152987807, QTAgent32.exe, PERF WARNING: FindTopLevelWindowHelper::FindAllDescendents: took 1451 ms. Expected it to take maximum 500 ms.
W, 3504, 28, 2013/05/23, 17:14:47.860, 2830410787345, QTAgent32.exe, Playback - [WARNING] Internal warning: Window Not Found: [VisibleOnly]ControlType='Window' &amp;&amp; Name='Connect to www.insur-econnect.com'
\0
E, 3504, 28, 2013/05/23, 17:14:47.861, 2830410795503, QTAgent32.exe, &lt;a class=failure&gt;Playback - {111} [FAILED] Function ElementFetcher::FindScreenElement failed to locate UI element (Searching: ;[VisibleOnly]ControlType='Window' &amp;&amp; Name='Connect to www.insur-econnect.com') (The object specified was not found.)
\0&lt;/a&gt;
E, 3504, 28, 2013/05/23, 17:14:47.945, 2830412003156, QTAgent32.exe, Playback - [IMAGE] C:\Users\testuser\AppData\Local\Temp\UITestLogs\LastRun\RPF59E9.png
\0
W, 3504, 28, 2013/05/23, 17:14:47.945, 2830412005780, QTAgent32.exe, Playback - [WARNING] Internal warning: Couldn't find descendants that match QueryId
\0
W, 3504, 28, 2013/05/23, 17:14:47.946, 2830412013374, QTAgent32.exe, PERF WARNING: FindTopLevelWindowHelper::FindAllDescendents: took 18090 ms. Expected it to take maximum 500 ms.
W, 3504, 28, 2013/05/23, 17:14:48.606, 2830421469700, QTAgent32.exe, Playback - [WARNING] Internal warning: Smart Match failed
\0
W, 3504, 28, 2013/05/23, 17:14:48.927, 2830426060836, QTAgent32.exe, Playback - [WARNING] Internal warning: Smart Match failed
\0
W, 3504, 28, 2013/05/23, 17:14:49.266, 2830430921292, QTAgent32.exe, Playback - [WARNING] Internal warning: Smart Match failed
\0
W, 3504, 28, 2013/05/23, 17:14:49.667, 2830436655459, QTAgent32.exe, Playback - [WARNING] Internal warning: Smart Match failed
\0
W, 3504, 28, 2013/05/23, 17:14:50.004, 2830441486117, QTAgent32.exe, Playback - [WARNING] Internal warning: Smart Match failed
\0
W, 3504, 28, 2013/05/23, 17:14:50.331, 2830446170008, QTAgent32.exe, Playback - [WARNING] Internal warning: Smart Match failed
\0
W, 3504, 28, 2013/05/23, 17:14:50.650, 2830450737505, QTAgent32.exe, Playback - [WARNING] Internal warning: Smart Match failed
\0
W, 3504, 28, 2013/05/23, 17:14:50.966, 2830455261691, QTAgent32.exe, Playback - [WARNING] Internal warning: Smart Match failed
\0
W, 3504, 28, 2013/05/23, 17:14:51.165, 2830458102586, QTAgent32.exe, Playback - [WARNING] Internal warning: Window Not Found: [VisibleOnly]ControlType='Window' &amp;&amp; Name='Connect to www.insur-econnect.com'
\0
E, 3504, 28, 2013/05/23, 17:14:51.165, 2830458105462, QTAgent32.exe, &lt;a class=failure&gt;Playback - {112} [FAILED] Function ElementFetcher::FindScreenElement failed to locate UI element (Searching: ;[VisibleOnly]ControlType='Window' &amp;&amp; Name='Connect to www.insur-econnect.com') (The object specified was not found.)
\0&lt;/a&gt;
E, 3504, 28, 2013/05/23, 17:14:51.250, 2830459322520, QTAgent32.exe, Playback - [IMAGE] C:\Users\testuser\AppData\Local\Temp\UITestLogs\LastRun\RPF66D6.png
\0
W, 3504, 28, 2013/05/23, 17:14:51.250, 2830459325145, QTAgent32.exe, Playback - [WARNING] Internal warning: Couldn't find descendants that match QueryId
\0
W, 3504, 28, 2013/05/23, 17:14:51.250, 2830459327969, QTAgent32.exe, PERF WARNING: FindTopLevelWindowHelper::FindAllDescendents: took 3304 ms. Expected it to take maximum 500 ms.
E, 3504, 28, 2013/05/23, 17:14:51.250, 2830459329769, QTAgent32.exe, Exception: System.Runtime.InteropServices.COMException
	Message: Error HRESULT E_FAIL has been returned from a call to a COM component.
	Stack Trace:    at Microsoft.VisualStudio.TestTools.UITest.Playback.Engine.IRPFPlayback.FindAllScreenElements(IScreenElement pScreenElementStart, String bstrQueryId, Object&amp; pvarResKeys, Int32 cResKeys, Int32 nMaxDepth, Object[]&amp; foundDescendants)
   at Microsoft.VisualStudio.TestTools.UITest.Playback.ScreenElement.FindTopLevelWindowHelper(String queryId)
	BaseExceptionMessage: Error HRESULT E_FAIL has been returned from a call to a COM component.

W, 3504, 28, 2013/05/23, 17:14:52.370, 2830475365438, QTAgent32.exe, Playback - [WARNING] Internal warning: Window Not Found: [VisibleOnly]ControlType='Window' &amp;&amp; Name='Windows Security'
\0
E, 3504, 28, 2013/05/23, 17:14:52.370, 2830475368512, QTAgent32.exe, &lt;a class=failure&gt;Playback - {113} [FAILED] Function ElementFetcher::FindScreenElement failed to locate UI element (Searching: ;[VisibleOnly]ControlType='Window' &amp;&amp; Name='Windows Security') (The object specified was not found.)
\0&lt;/a&gt;
E, 3504, 28, 2013/05/23, 17:14:52.469, 2830476775830, QTAgent32.exe, Playback - [IMAGE] C:\Users\testuser\AppData\Local\Temp\UITestLogs\LastRun\RPF6B88.png
\0
W, 3504, 28, 2013/05/23, 17:14:52.469, 2830476778196, QTAgent32.exe, Playback - [WARNING] Internal warning: Couldn't find descendants that match QueryId
\0
W, 3504, 28, 2013/05/23, 17:14:52.469, 2830476781431, QTAgent32.exe, PERF WARNING: FindTopLevelWindowHelper::FindAllDescendents: took 1217 ms. Expected it to take maximum 500 ms.
W, 3504, 28, 2013/05/23, 17:15:10.639, 2830736933515, QTAgent32.exe, Playback - [WARNING] Internal warning: Window Not Found: [VisibleOnly]ControlType='Window' &amp;&amp; Name='Windows Security'
\0
E, 3504, 28, 2013/05/23, 17:15:10.639, 2830736936873, QTAgent32.exe, &lt;a class=failure&gt;Playback - {114} [FAILED] Function ElementFetcher::FindScreenElement failed to locate UI element (Searching: ;[VisibleOnly]ControlType='Window' &amp;&amp; Name='Windows Security') (The object specified was not found.)
\0&lt;/a&gt;
E, 3504, 28, 2013/05/23, 17:15:10.727, 2830738196713, QTAgent32.exe, Playback - [IMAGE] C:\Users\testuser\AppData\Local\Temp\UITestLogs\LastRun\RPFB2E5.png
\0
W, 3504, 28, 2013/05/23, 17:15:10.727, 2830738199383, QTAgent32.exe, Playback - [WARNING] Internal warning: Couldn't find descendants that match QueryId
\0
W, 3504, 28, 2013/05/23, 17:15:10.727, 2830738202520, QTAgent32.exe, PERF WARNING: FindTopLevelWindowHelper::FindAllDescendents: took 18257 ms. Expected it to take maximum 500 ms.
W, 3504, 28, 2013/05/23, 17:15:11.376, 2830747486543, QTAgent32.exe, Playback - [WARNING] Internal warning: Smart Match failed
\0
W, 3504, 28, 2013/05/23, 17:15:11.705, 2830752205955, QTAgent32.exe, Playback - [WARNING] Internal warning: Smart Match failed
\0
W, 3504, 28, 2013/05/23, 17:15:12.026, 2830756798704, QTAgent32.exe, Playback - [WARNING] Internal warning: Smart Match failed
\0
W, 3504, 28, 2013/05/23, 17:15:12.355, 2830761504633, QTAgent32.exe, Playback - [WARNING] Internal warning: Smart Match failed
\0
W, 3504, 28, 2013/05/23, 17:15:12.690, 2830766301963, QTAgent32.exe, Playback - [WARNING] Internal warning: Smart Match failed
\0
W, 3504, 28, 2013/05/23, 17:15:13.024, 2830771095946, QTAgent32.exe, Playback - [WARNING] Internal warning: Smart Match failed
\0
W, 3504, 28, 2013/05/23, 17:15:13.344, 2830775675988, QTAgent32.exe, Playback - [WARNING] Internal warning: Smart Match failed
\0
W, 3504, 28, 2013/05/23, 17:15:13.665, 2830780272220, QTAgent32.exe, Playback - [WARNING] Internal warning: Smart Match failed
\0
W, 3504, 28, 2013/05/23, 17:15:13.862, 2830783094312, QTAgent32.exe, Playback - [WARNING] Internal warning: Window Not Found: [VisibleOnly]ControlType='Window' &amp;&amp; Name='Windows Security'
\0
E, 3504, 28, 2013/05/23, 17:15:13.862, 2830783097463, QTAgent32.exe, &lt;a class=failure&gt;Playback - {115} [FAILED] Function ElementFetcher::FindScreenElement failed to locate UI element (Searching: ;[VisibleOnly]ControlType='Window' &amp;&amp; Name='Windows Security') (The object specified was not found.)
\0&lt;/a&gt;
E, 3504, 28, 2013/05/23, 17:15:13.945, 2830784281434, QTAgent32.exe, Playback - [IMAGE] C:\Users\testuser\AppData\Local\Temp\UITestLogs\LastRun\RPFBF83.png
\0
W, 3504, 28, 2013/05/23, 17:15:13.945, 2830784283851, QTAgent32.exe, Playback - [WARNING] Internal warning: Couldn't find descendants that match QueryId
\0
W, 3504, 28, 2013/05/23, 17:15:13.946, 2830784290447, QTAgent32.exe, PERF WARNING: FindTopLevelWindowHelper::FindAllDescendents: took 3218 ms. Expected it to take maximum 500 ms.
E, 3504, 28, 2013/05/23, 17:15:13.946, 2830784292586, QTAgent32.exe, Exception: System.Runtime.InteropServices.COMException
	Message: Error HRESULT E_FAIL has been returned from a call to a COM component.
	Stack Trace:    at Microsoft.VisualStudio.TestTools.UITest.Playback.Engine.IRPFPlayback.FindAllScreenElements(IScreenElement pScreenElementStart, String bstrQueryId, Object&amp; pvarResKeys, Int32 cResKeys, Int32 nMaxDepth, Object[]&amp; foundDescendants)
   at Microsoft.VisualStudio.TestTools.UITest.Playback.ScreenElement.FindTopLevelWindowHelper(String queryId)
	BaseExceptionMessage: Error HRESULT E_FAIL has been returned from a call to a COM component.

E, 3504, 28, 2013/05/23, 17:15:14.047, 2830785740196, QTAgent32.exe, AL: Playback Error: Microsoft.VisualStudio.TestTools.UITest.Extension.UITestControlNotFoundException: The playback failed to find the control with the given search properties. Additional Details: 
TechnologyName:  'MSAA'
ControlType:  'Window'
Name:  'Windows Security'
 ---&gt; System.Runtime.InteropServices.COMException: Error HRESULT E_FAIL has been returned from a call to a COM component.
   at Microsoft.VisualStudio.TestTools.UITest.Playback.Engine.IRPFPlayback.FindAllScreenElements(IScreenElement pScreenElementStart, String bstrQueryId, Object&amp; pvarResKeys, Int32 cResKeys, Int32 nMaxDepth, Object[]&amp; foundDescendants)
   at Microsoft.VisualStudio.TestTools.UITest.Playback.ScreenElement.FindTopLevelWindowHelper(String queryId)
   at Microsoft.VisualStudio.TestTools.UITest.Playback.ScreenElement.FindFromPartialQueryId(String queryId)
   at Microsoft.VisualStudio.TestTools.UITesting.UITestControl..ctor(String queryId)
   --- End of inner exception stack trace ---
   at Microsoft.VisualStudio.TestTools.UITesting.Playback.MapControlNotFoundException(COMException ex, IPlaybackContext context)
   at Microsoft.VisualStudio.TestTools.UITesting.Playback.MapAndThrowComException(COMException innerException, IPlaybackContext context)
   at Microsoft.VisualStudio.TestTools.UITesting.Playback.MapAndThrowException(SystemException exception, IPlaybackContext context)
   at Microsoft.VisualStudio.TestTools.UITesting.Playback.MapAndThrowException(SystemException exception, String queryId)
   at Microsoft.VisualStudio.TestTools.UITesting.UITestControl..ctor(String queryId)
   at Microsoft.VisualStudio.TestTools.UITesting.SearchHelper.SearchTopLevelWindow(ISearchArgument topLevelSearchArg, String topLevelElementQueryId)
   at Microsoft.VisualStudio.TestTools.UITesting.SearchHelper.GetTitleUpdatedTopLevelWindow(ISearchArgument topLevelSearchArg, String queryId, IList`1 windowTitles)
   at Microsoft.VisualStudio.TestTools.UITesting.SearchHelper.GetTopLevelElement(Boolean useCache, Boolean useCacheOnly, ISearchArgument searchArg, IList`1 windowTitles, Int32&amp; timeLeft)
   at Microsoft.VisualStudio.TestTools.UITesting.SearchHelper.GetElement(Boolean useCache, ISearchArgument searchArg)
   at Microsoft.VisualStudio.TestTools.UITesting.SearchHelper.Search(ISearchArgument searchArg)
   at Microsoft.VisualStudio.TestTools.UITesting.UITestControl.FindInternal()
   at Microsoft.VisualStudio.TestTools.UITesting.UITestControl.FindControlIfNecessary()
   at Microsoft.VisualStudio.TestTools.UITesting.UITestControl.SendKeys(String text, ModifierKeys modifierKeys, Boolean isEncoded, Boolean isUnicode)
   at Microsoft.VisualStudio.TestTools.UITesting.Keyboard.SendKeysImplementation(UITestControl control, String text, ModifierKeys modifierKeys, Boolean isEncoded, Boolean isUnicode)
   at Microsoft.VisualStudio.TestTools.UITesting.Keyboard.SendKeysImplementationWrapper(UITestControl control, String text, ModifierKeys modifierKeys, Boolean isEncoded, Boolean isUnicode)
W, 3504, 28, 2013/05/23, 17:15:14.050, 2830785785035, QTAgent32.exe, PlaybackErrorHandler: Ignoring exception as ContinueOnError is set.
W, 3504, 28, 2013/05/23, 17:15:15.141, 2830801399972, QTAgent32.exe, Playback - [WARNING] Internal warning: Window Not Found: [VisibleOnly]ControlType='Window' &amp;&amp; Name='Windows Security'
\0
E, 3504, 28, 2013/05/23, 17:15:15.141, 2830801403315, QTAgent32.exe, &lt;a class=failure&gt;Playback - {116} [FAILED] Function ElementFetcher::FindScreenElement failed to locate UI element (Searching: ;[VisibleOnly]ControlType='Window' &amp;&amp; Name='Windows Security') (The object specified was not found.)
\0&lt;/a&gt;
E, 3504, 28, 2013/05/23, 17:15:15.230, 2830802676823, QTAgent32.exe, Playback - [IMAGE] C:\Users\testuser\AppData\Local\Temp\UITestLogs\LastRun\RPFC483.png
\0
W, 3504, 28, 2013/05/23, 17:15:15.230, 2830802679309, QTAgent32.exe, Playback - [WARNING] Internal warning: Couldn't find descendants that match QueryId
\0
W, 3504, 28, 2013/05/23, 17:15:15.231, 2830802682753, QTAgent32.exe, PERF WARNING: FindTopLevelWindowHelper::FindAllDescendents: took 1177 ms. Expected it to take maximum 500 ms.
W, 3504, 28, 2013/05/23, 17:15:33.523, 2831064608419, QTAgent32.exe, Playback - [WARNING] Internal warning: Window Not Found: [VisibleOnly]ControlType='Window' &amp;&amp; Name='Windows Security'
\0
E, 3504, 28, 2013/05/23, 17:15:33.524, 2831064613558, QTAgent32.exe, &lt;a class=failure&gt;Playback - {117} [FAILED] Function ElementFetcher::FindScreenElement failed to locate UI element (Searching: ;[VisibleOnly]ControlType='Window' &amp;&amp; Name='Windows Security') (The object specified was not found.)
\0&lt;/a&gt;
E, 3504, 28, 2013/05/23, 17:15:33.624, 2831066047574, QTAgent32.exe, Playback - [IMAGE] C:\Users\testuser\AppData\Local\Temp\UITestLogs\LastRun\RPFC4D.png
\0
W, 3504, 28, 2013/05/23, 17:15:33.624, 2831066049740, QTAgent32.exe, Playback - [WARNING] Internal warning: Couldn't find descendants that match QueryId
\0
W, 3504, 28, 2013/05/23, 17:15:33.625, 2831066056702, QTAgent32.exe, PERF WARNING: FindTopLevelWindowHelper::FindAllDescendents: took 18394 ms. Expected it to take maximum 500 ms.
W, 3504, 28, 2013/05/23, 17:15:34.286, 2831075517514, QTAgent32.exe, Playback - [WARNING] Internal warning: Smart Match failed
\0
W, 3504, 28, 2013/05/23, 17:15:34.606, 2831080095889, QTAgent32.exe, Playback - [WARNING] Internal warning: Smart Match failed
\0
W, 3504, 28, 2013/05/23, 17:15:34.917, 2831084558822, QTAgent32.exe, Playback - [WARNING] Internal warning: Smart Match failed
\0
W, 3504, 28, 2013/05/23, 17:15:35.248, 2831089295975, QTAgent32.exe, Playback - [WARNING] Internal warning: Smart Match failed
\0
W, 3504, 28, 2013/05/23, 17:15:35.607, 2831094433451, QTAgent32.exe, Playback - [WARNING] Internal warning: Smart Match failed
\0
W, 3504, 28, 2013/05/23, 17:15:35.935, 2831099129502, QTAgent32.exe, Playback - [WARNING] Internal warning: Smart Match failed
\0
W, 3504, 28, 2013/05/23, 17:15:36.266, 2831103870600, QTAgent32.exe, Playback - [WARNING] Internal warning: Smart Match failed
\0
W, 3504, 28, 2013/05/23, 17:15:36.587, 2831108470057, QTAgent32.exe, Playback - [WARNING] Internal warning: Smart Match failed
\0
W, 3504, 28, 2013/05/23, 17:15:36.783, 2831111274856, QTAgent32.exe, Playback - [WARNING] Internal warning: Window Not Found: [VisibleOnly]ControlType='Window' &amp;&amp; Name='Windows Security'
\0
E, 3504, 28, 2013/05/23, 17:15:36.783, 2831111277982, QTAgent32.exe, &lt;a class=failure&gt;Playback - {118} [FAILED] Function ElementFetcher::FindScreenElement failed to locate UI element (Searching: ;[VisibleOnly]ControlType='Window' &amp;&amp; Name='Windows Security') (The object specified was not found.)
\0&lt;/a&gt;
E, 3504, 28, 2013/05/23, 17:15:36.866, 2831112460030, QTAgent32.exe, Playback - [IMAGE] C:\Users\testuser\AppData\Local\Temp\UITestLogs\LastRun\RPF190A.png
\0
W, 3504, 28, 2013/05/23, 17:15:36.866, 2831112462173, QTAgent32.exe, Playback - [WARNING] Internal warning: Couldn't find descendants that match QueryId
\0
W, 3504, 28, 2013/05/23, 17:15:36.866, 2831112470546, QTAgent32.exe, PERF WARNING: FindTopLevelWindowHelper::FindAllDescendents: took 3241 ms. Expected it to take maximum 500 ms.
E, 3504, 28, 2013/05/23, 17:15:36.866, 2831112472487, QTAgent32.exe, Exception: System.Runtime.InteropServices.COMException
	Message: Error HRESULT E_FAIL has been returned from a call to a COM component.
	Stack Trace:    at Microsoft.VisualStudio.TestTools.UITest.Playback.Engine.IRPFPlayback.FindAllScreenElements(IScreenElement pScreenElementStart, String bstrQueryId, Object&amp; pvarResKeys, Int32 cResKeys, Int32 nMaxDepth, Object[]&amp; foundDescendants)
   at Microsoft.VisualStudio.TestTools.UITest.Playback.ScreenElement.FindTopLevelWindowHelper(String queryId)
	BaseExceptionMessage: Error HRESULT E_FAIL has been returned from a call to a COM component.

E, 3504, 28, 2013/05/23, 17:15:36.968, 2831113922639, QTAgent32.exe, AL: Playback Error: Microsoft.VisualStudio.TestTools.UITest.Extension.UITestControlNotFoundException: The playback failed to find the control with the given search properties. Additional Details: 
TechnologyName:  'MSAA'
ControlType:  'Window'
Name:  'Windows Security'
 ---&gt; System.Runtime.InteropServices.COMException: Error HRESULT E_FAIL has been returned from a call to a COM component.
   at Microsoft.VisualStudio.TestTools.UITest.Playback.Engine.IRPFPlayback.FindAllScreenElements(IScreenElement pScreenElementStart, String bstrQueryId, Object&amp; pvarResKeys, Int32 cResKeys, Int32 nMaxDepth, Object[]&amp; foundDescendants)
   at Microsoft.VisualStudio.TestTools.UITest.Playback.ScreenElement.FindTopLevelWindowHelper(String queryId)
   at Microsoft.VisualStudio.TestTools.UITest.Playback.ScreenElement.FindFromPartialQueryId(String queryId)
   at Microsoft.VisualStudio.TestTools.UITesting.UITestControl..ctor(String queryId)
   --- End of inner exception stack trace ---
   at Microsoft.VisualStudio.TestTools.UITesting.Playback.MapControlNotFoundException(COMException ex, IPlaybackContext context)
   at Microsoft.VisualStudio.TestTools.UITesting.Playback.MapAndThrowComException(COMException innerException, IPlaybackContext context)
   at Microsoft.VisualStudio.TestTools.UITesting.Playback.MapAndThrowException(SystemException exception, IPlaybackContext context)
   at Microsoft.VisualStudio.TestTools.UITesting.Playback.MapAndThrowException(SystemException exception, String queryId)
   at Microsoft.VisualStudio.TestTools.UITesting.UITestControl..ctor(String queryId)
   at Microsoft.VisualStudio.TestTools.UITesting.SearchHelper.SearchTopLevelWindow(ISearchArgument topLevelSearchArg, String topLevelElementQueryId)
   at Microsoft.VisualStudio.TestTools.UITesting.SearchHelper.GetTitleUpdatedTopLevelWindow(ISearchArgument topLevelSearchArg, String queryId, IList`1 windowTitles)
   at Microsoft.VisualStudio.TestTools.UITesting.SearchHelper.GetTopLevelElement(Boolean useCache, Boolean useCacheOnly, ISearchArgument searchArg, IList`1 windowTitles, Int32&amp; timeLeft)
   at Microsoft.VisualStudio.TestTools.UITesting.SearchHelper.GetElement(Boolean useCache, ISearchArgument searchArg)
   at Microsoft.VisualStudio.TestTools.UITesting.SearchHelper.Search(ISearchArgument searchArg)
   at Microsoft.VisualStudio.TestTools.UITesting.UITestControl.FindInternal()
   at Microsoft.VisualStudio.TestTools.UITesting.UITestControl.FindControlIfNecessary()
   at Microsoft.VisualStudio.TestTools.UITesting.UITestControl.Click(MouseButtons button, ModifierKeys modifierKeys, Point relativeCoordinates)
   at Microsoft.VisualStudio.TestTools.UITesting.Mouse.ClickImplementation(UITestControl control, MouseButtons button, ModifierKeys modifierKeys, Point relativeCoordinate)
   at Microsoft.VisualStudio.TestTools.UITesting.Mouse.ClickImplementationWrapper(UITestControl control, MouseButtons button, ModifierKeys modifierKeys, Point relativeCoordinate)
W, 3504, 28, 2013/05/23, 17:15:36.968, 2831113926475, QTAgent32.exe, PlaybackErrorHandler: Ignoring exception as ContinueOnError is set.
E, 3504, 28, 2013/05/23, 17:15:37.406, 2831120199525, QTAgent32.exe, IEDOM: GetIEWebControl() is unable to get the IE control
E, 3504, 28, 2013/05/23, 17:15:37.413, 2831120304004, QTAgent32.exe, IEDOM: GetIEWebControl() is unable to get the IE control
E, 3504, 28, 2013/05/23, 17:15:37.421, 2831120408482, QTAgent32.exe, IEDOM: GetIEWebControl() is unable to get the IE control
E, 3504, 28, 2013/05/23, 17:15:38.954, 2831142353718, QTAgent32.exe, IEDOM: GetIEWebControl() is unable to get the IE control
E, 3504, 28, 2013/05/23, 17:15:39.008, 2831143130521, QTAgent32.exe, IEDOM: GetIEWebControl() is unable to get the IE control
W, 3504, 28, 2013/05/23, 17:15:39.009, 2831143139268, QTAgent32.exe, Playback - [WARNING] Internal warning: Plugin based EnsureVisibleByScrolling failed to make element Visible. Trying to compose scrollable containers.
\0
W, 3504, 28, 2013/05/23, 17:15:39.073, 2831144066635, QTAgent32.exe, Playback - [WARNING] Internal warning: Convertion of Web elements to MSAA is not supported in the current version
\0
E, 3504, 28, 2013/05/23, 17:15:39.384, 2831148517909, QTAgent32.exe, IEDOM: GetIEWebControl() is unable to get the IE control
W, 3504, 28, 2013/05/23, 17:15:39.385, 2831148525179, QTAgent32.exe, Playback - [WARNING] Internal warning: Plugin based EnsureVisibleByScrolling failed to make element Visible. Trying ScrollByCoordinates algorithm
\0
E, 3504, 28, 2013/05/23, 17:15:39.433, 2831149213203, QTAgent32.exe, IEDOM: GetIEWebControl() is unable to get the IE control
E, 3504, 28, 2013/05/23, 17:15:39.433, 2831149220121, QTAgent32.exe, IEDOM: GetIEWebControl() is unable to get the IE control
E, 3504, 28, 2013/05/23, 17:15:39.434, 2831149226291, QTAgent32.exe, IEDOM: GetIEWebControl() is unable to get the IE control
E, 3504, 28, 2013/05/23, 17:15:39.434, 2831149231286, QTAgent32.exe, IEDOM: GetIEWebControl() is unable to get the IE control
E, 3504, 28, 2013/05/23, 17:15:39.434, 2831149236526, QTAgent32.exe, IEDOM: GetIEWebControl() is unable to get the IE control
E, 3504, 28, 2013/05/23, 17:15:39.448, 2831149435286, QTAgent32.exe, IEDOM: GetIEWebControl() is unable to get the IE control
E, 3504, 28, 2013/05/23, 17:15:39.449, 2831149442213, QTAgent32.exe, IEDOM: GetIEWebControl() is unable to get the IE control
E, 3504, 28, 2013/05/23, 17:15:39.449, 2831149446514, QTAgent32.exe, IEDOM: GetIEWebControl() is unable to get the IE control
E, 3504, 28, 2013/05/23, 17:15:39.449, 2831149451659, QTAgent32.exe, IEDOM: GetIEWebControl() is unable to get the IE control
E, 3504, 28, 2013/05/23, 17:15:39.450, 2831149456696, QTAgent32.exe, IEDOM: GetIEWebControl() is unable to get the IE control
E, 3504, 28, 2013/05/23, 17:15:39.460, 2831149601688, QTAgent32.exe, IEDOM: GetIEWebControl() is unable to get the IE control
E, 3504, 28, 2013/05/23, 17:15:39.483, 2831149930455, QTAgent32.exe, IEDOM: GetIEWebControl() is unable to get the IE control
E, 3504, 28, 2013/05/23, 17:15:39.504, 2831150231964, QTAgent32.exe, IEDOM: GetIEWebControl() is unable to get the IE control
W, 3504, 28, 2013/05/23, 17:15:39.504, 2831150238865, QTAgent32.exe, Playback - [WARNING] Internal warning: Plugin based EnsureVisibleByScrolling failed to make element Visible. Trying ScrollByCoordinates algorithm
\0
E, 3504, 28, 2013/05/23, 17:15:39.511, 2831150342134, QTAgent32.exe, IEDOM: GetIEWebControl() is unable to get the IE control
E, 3504, 28, 2013/05/23, 17:15:39.520, 2831150459219, QTAgent32.exe, IEDOM: GetIEWebControl() is unable to get the IE control
E, 3504, 28, 2013/05/23, 17:15:39.520, 2831150465899, QTAgent32.exe, IEDOM: GetIEWebControl() is unable to get the IE control
E, 3504, 28, 2013/05/23, 17:15:39.520, 2831150469850, QTAgent32.exe, IEDOM: GetIEWebControl() is unable to get the IE control
E, 3504, 28, 2013/05/23, 17:15:39.521, 2831150474763, QTAgent32.exe, IEDOM: GetIEWebControl() is unable to get the IE control
E, 3504, 28, 2013/05/23, 17:15:39.521, 2831150479630, QTAgent32.exe, IEDOM: GetIEWebControl() is unable to get the IE control
E, 3504, 28, 2013/05/23, 17:15:39.521, 2831150484364, QTAgent32.exe, IEDOM: GetIEWebControl() is unable to get the IE control
E, 3504, 28, 2013/05/23, 17:15:39.522, 2831150489374, QTAgent32.exe, IEDOM: GetIEWebControl() is unable to get the IE control
E, 3504, 28, 2013/05/23, 17:15:39.522, 2831150494334, QTAgent32.exe, IEDOM: GetIEWebControl() is unable to get the IE control
E, 3504, 28, 2013/05/23, 17:15:39.522, 2831150499026, QTAgent32.exe, IEDOM: GetIEWebControl() is unable to get the IE control
E, 3504, 28, 2013/05/23, 17:15:39.523, 2831150504100, QTAgent32.exe, IEDOM: GetIEWebControl() is unable to get the IE control
E, 3504, 28, 2013/05/23, 17:15:39.523, 2831150509406, QTAgent32.exe, IEDOM: GetIEWebControl() is unable to get the IE control
E, 3504, 28, 2013/05/23, 17:15:39.524, 2831150514425, QTAgent32.exe, IEDOM: GetIEWebControl() is unable to get the IE control
E, 3504, 28, 2013/05/23, 17:15:39.524, 2831150519147, QTAgent32.exe, IEDOM: GetIEWebControl() is unable to get the IE control
E, 3504, 28, 2013/05/23, 17:15:39.524, 2831150523994, QTAgent32.exe, IEDOM: GetIEWebControl() is unable to get the IE control
E, 3504, 28, 2013/05/23, 17:15:39.525, 2831150528892, QTAgent32.exe, IEDOM: GetIEWebControl() is unable to get the IE control
E, 3504, 28, 2013/05/23, 17:15:39.525, 2831150533577, QTAgent32.exe, IEDOM: GetIEWebControl() is unable to get the IE control
E, 3504, 28, 2013/05/23, 17:15:39.525, 2831150539135, QTAgent32.exe, IEDOM: GetIEWebControl() is unable to get the IE control
E, 3504, 28, 2013/05/23, 17:15:39.526, 2831150543999, QTAgent32.exe, IEDOM: GetIEWebControl() is unable to get the IE control
E, 3504, 28, 2013/05/23, 17:15:39.526, 2831150548708, QTAgent32.exe, IEDOM: GetIEWebControl() is unable to get the IE control
E, 3504, 28, 2013/05/23, 17:15:39.526, 2831150553563, QTAgent32.exe, IEDOM: GetIEWebControl() is unable to get the IE control
E, 3504, 28, 2013/05/23, 17:15:39.527, 2831150558463, QTAgent32.exe, IEDOM: GetIEWebControl() is unable to get the IE control
E, 3504, 28, 2013/05/23, 17:15:39.527, 2831150563146, QTAgent32.exe, IEDOM: GetIEWebControl() is unable to get the IE control
E, 3504, 28, 2013/05/23, 17:15:39.527, 2831150568002, QTAgent32.exe, IEDOM: GetIEWebControl() is unable to get the IE control
E, 3504, 28, 2013/05/23, 17:15:39.528, 2831150572962, QTAgent32.exe, IEDOM: GetIEWebControl() is unable to get the IE control
E, 3504, 28, 2013/05/23, 17:15:39.528, 2831150577664, QTAgent32.exe, IEDOM: GetIEWebControl() is unable to get the IE control
E, 3504, 28, 2013/05/23, 17:15:39.528, 2831150582720, QTAgent32.exe, IEDOM: GetIEWebControl() is unable to get the IE control
E, 3504, 28, 2013/05/23, 17:15:39.529, 2831150587546, QTAgent32.exe, IEDOM: GetIEWebControl() is unable to get the IE control
E, 3504, 28, 2013/05/23, 17:15:39.529, 2831150591336, QTAgent32.exe, IEDOM: GetIEWebControl() is unable to get the IE control
E, 3504, 28, 2013/05/23, 17:15:39.529, 2831150596436, QTAgent32.exe, IEDOM: GetIEWebControl() is unable to get the IE control
E, 3504, 28, 2013/05/23, 17:15:39.530, 2831150601400, QTAgent32.exe, IEDOM: GetIEWebControl() is unable to get the IE control
E, 3504, 28, 2013/05/23, 17:15:39.530, 2831150606302, QTAgent32.exe, IEDOM: GetIEWebControl() is unable to get the IE control
E, 3504, 28, 2013/05/23, 17:15:39.530, 2831150611273, QTAgent32.exe, IEDOM: GetIEWebControl() is unable to get the IE control
E, 3504, 28, 2013/05/23, 17:15:39.531, 2831150615168, QTAgent32.exe, IEDOM: GetIEWebControl() is unable to get the IE control
W, 3504, 28, 2013/05/23, 17:15:39.548, 2831150857966, QTAgent32.exe, Playback - [WARNING] Internal warning: Can't find anchor child after updating the collection
\0
W, 3504, 28, 2013/05/23, 17:15:39.548, 2831150860211, QTAgent32.exe, Playback - [WARNING] Internal warning: Can't find anchor child after updating the collection
\0
E, 3504, 28, 2013/05/23, 17:15:39.562, 2831151062384, QTAgent32.exe, IEDOM: GetIEWebControl() is unable to get the IE control
E, 3504, 28, 2013/05/23, 17:15:39.571, 2831151188231, QTAgent32.exe, IEDOM: GetIEWebControl() is unable to get the IE control
E, 3504, 28, 2013/05/23, 17:15:39.571, 2831151195231, QTAgent32.exe, IEDOM: GetIEWebControl() is unable to get the IE control
E, 3504, 28, 2013/05/23, 17:15:39.571, 2831151199010, QTAgent32.exe, IEDOM: GetIEWebControl() is unable to get the IE control
E, 3504, 28, 2013/05/23, 17:15:39.572, 2831151203981, QTAgent32.exe, IEDOM: GetIEWebControl() is unable to get the IE control
E, 3504, 28, 2013/05/23, 17:15:39.572, 2831151210854, QTAgent32.exe, IEDOM: GetIEWebControl() is unable to get the IE control
E, 3504, 28, 2013/05/23, 17:15:39.573, 2831151215888, QTAgent32.exe, IEDOM: GetIEWebControl() is unable to get the IE control
E, 3504, 28, 2013/05/23, 17:15:39.573, 2831151220588, QTAgent32.exe, IEDOM: GetIEWebControl() is unable to get the IE control
E, 3504, 28, 2013/05/23, 17:15:39.573, 2831151225570, QTAgent32.exe, IEDOM: GetIEWebControl() is unable to get the IE control
E, 3504, 28, 2013/05/23, 17:15:39.574, 2831151230445, QTAgent32.exe, IEDOM: GetIEWebControl() is unable to get the IE control
E, 3504, 28, 2013/05/23, 17:15:39.574, 2831151235172, QTAgent32.exe, IEDOM: GetIEWebControl() is unable to get the IE control
E, 3504, 28, 2013/05/23, 17:15:39.574, 2831151240282, QTAgent32.exe, IEDOM: GetIEWebControl() is unable to get the IE control
E, 3504, 28, 2013/05/23, 17:15:39.575, 2831151245162, QTAgent32.exe, IEDOM: GetIEWebControl() is unable to get the IE control
E, 3504, 28, 2013/05/23, 17:15:39.575, 2831151249858, QTAgent32.exe, IEDOM: GetIEWebControl() is unable to get the IE control
E, 3504, 28, 2013/05/23, 17:15:39.575, 2831151254871, QTAgent32.exe, IEDOM: GetIEWebControl() is unable to get the IE control
E, 3504, 28, 2013/05/23, 17:15:39.576, 2831151259722, QTAgent32.exe, IEDOM: GetIEWebControl() is unable to get the IE control
E, 3504, 28, 2013/05/23, 17:15:39.576, 2831151264416, QTAgent32.exe, IEDOM: GetIEWebControl() is unable to get the IE control
E, 3504, 28, 2013/05/23, 17:15:39.576, 2831151269461, QTAgent32.exe, IEDOM: GetIEWebControl() is unable to get the IE control
E, 3504, 28, 2013/05/23, 17:15:39.577, 2831151274316, QTAgent32.exe, IEDOM: GetIEWebControl() is unable to get the IE control
E, 3504, 28, 2013/05/23, 17:15:39.577, 2831151279031, QTAgent32.exe, IEDOM: GetIEWebControl() is unable to get the IE control
E, 3504, 28, 2013/05/23, 17:15:39.577, 2831151284099, QTAgent32.exe, IEDOM: GetIEWebControl() is unable to get the IE control
E, 3504, 28, 2013/05/23, 17:15:39.578, 2831151289010, QTAgent32.exe, IEDOM: GetIEWebControl() is unable to get the IE control
E, 3504, 28, 2013/05/23, 17:15:39.578, 2831151293696, QTAgent32.exe, IEDOM: GetIEWebControl() is unable to get the IE control
E, 3504, 28, 2013/05/23, 17:15:39.578, 2831151298810, QTAgent32.exe, IEDOM: GetIEWebControl() is unable to get the IE control
E, 3504, 28, 2013/05/23, 17:15:39.579, 2831151303681, QTAgent32.exe, IEDOM: GetIEWebControl() is unable to get the IE control
E, 3504, 28, 2013/05/23, 17:15:39.579, 2831151308397, QTAgent32.exe, IEDOM: GetIEWebControl() is unable to get the IE control
E, 3504, 28, 2013/05/23, 17:15:39.579, 2831151313356, QTAgent32.exe, IEDOM: GetIEWebControl() is unable to get the IE control
E, 3504, 28, 2013/05/23, 17:15:39.580, 2831151320588, QTAgent32.exe, IEDOM: GetIEWebControl() is unable to get the IE control
E, 3504, 28, 2013/05/23, 17:15:39.580, 2831151324647, QTAgent32.exe, IEDOM: GetIEWebControl() is unable to get the IE control
E, 3504, 28, 2013/05/23, 17:15:39.580, 2831151329355, QTAgent32.exe, IEDOM: GetIEWebControl() is unable to get the IE control
E, 3504, 28, 2013/05/23, 17:15:39.581, 2831151334244, QTAgent32.exe, IEDOM: GetIEWebControl() is unable to get the IE control
E, 3504, 28, 2013/05/23, 17:15:39.581, 2831151340172, QTAgent32.exe, IEDOM: GetIEWebControl() is unable to get the IE control
E, 3504, 28, 2013/05/23, 17:15:39.582, 2831151345082, QTAgent32.exe, IEDOM: GetIEWebControl() is unable to get the IE control
E, 3504, 28, 2013/05/23, 17:15:39.582, 2831151348690, QTAgent32.exe, IEDOM: GetIEWebControl() is unable to get the IE control
W, 3504, 28, 2013/05/23, 17:15:39.582, 2831151352376, QTAgent32.exe, Playback - [WARNING] Internal failure: EnsureVisible via Setting Focus, Scrolling failed
\0
E, 3504, 28, 2013/05/23, 17:15:39.589, 2831151455060, QTAgent32.exe, IEDOM: GetIEWebControl() is unable to get the IE control
E, 3504, 28, 2013/05/23, 17:15:39.590, 2831151461772, QTAgent32.exe, IEDOM: GetIEWebControl() is unable to get the IE control
E, 3504, 28, 2013/05/23, 17:15:39.590, 2831151465569, QTAgent32.exe, IEDOM: GetIEWebControl() is unable to get the IE control
E, 3504, 28, 2013/05/23, 17:15:39.590, 2831151470486, QTAgent32.exe, IEDOM: GetIEWebControl() is unable to get the IE control
E, 3504, 28, 2013/05/23, 17:15:39.591, 2831151475405, QTAgent32.exe, IEDOM: GetIEWebControl() is unable to get the IE control
E, 3504, 28, 2013/05/23, 17:15:39.591, 2831151480108, QTAgent32.exe, IEDOM: GetIEWebControl() is unable to get the IE control
E, 3504, 28, 2013/05/23, 17:15:39.591, 2831151485144, QTAgent32.exe, IEDOM: GetIEWebControl() is unable to get the IE control
E, 3504, 28, 2013/05/23, 17:15:39.592, 2831151490151, QTAgent32.exe, IEDOM: GetIEWebControl() is unable to get the IE control
E, 3504, 28, 2013/05/23, 17:15:39.592, 2831151495046, QTAgent32.exe, IEDOM: GetIEWebControl() is unable to get the IE control
E, 3504, 28, 2013/05/23, 17:15:39.592, 2831151499738, QTAgent32.exe, IEDOM: GetIEWebControl() is unable to get the IE control
E, 3504, 28, 2013/05/23, 17:15:39.593, 2831151504637, QTAgent32.exe, IEDOM: GetIEWebControl() is unable to get the IE control
E, 3504, 28, 2013/05/23, 17:15:39.593, 2831151509704, QTAgent32.exe, IEDOM: GetIEWebControl() is unable to get the IE control
E, 3504, 28, 2013/05/23, 17:15:39.593, 2831151514428, QTAgent32.exe, IEDOM: GetIEWebControl() is unable to get the IE control
E, 3504, 28, 2013/05/23, 17:15:39.594, 2831151519287, QTAgent32.exe, IEDOM: GetIEWebControl() is unable to get the IE control
E, 3504, 28, 2013/05/23, 17:15:39.594, 2831151524169, QTAgent32.exe, IEDOM: GetIEWebControl() is unable to get the IE control
E, 3504, 28, 2013/05/23, 17:15:39.594, 2831151528880, QTAgent32.exe, IEDOM: GetIEWebControl() is unable to get the IE control
E, 3504, 28, 2013/05/23, 17:15:39.595, 2831151533752, QTAgent32.exe, IEDOM: GetIEWebControl() is unable to get the IE control
E, 3504, 28, 2013/05/23, 17:15:39.595, 2831151538810, QTAgent32.exe, IEDOM: GetIEWebControl() is unable to get the IE control
E, 3504, 28, 2013/05/23, 17:15:39.595, 2831151543509, QTAgent32.exe, IEDOM: GetIEWebControl() is unable to get the IE control
E, 3504, 28, 2013/05/23, 17:15:39.596, 2831151548399, QTAgent32.exe, IEDOM: GetIEWebControl() is unable to get the IE control
E, 3504, 28, 2013/05/23, 17:15:39.596, 2831151553220, QTAgent32.exe, IEDOM: GetIEWebControl() is unable to get the IE control
E, 3504, 28, 2013/05/23, 17:15:39.596, 2831151557935, QTAgent32.exe, IEDOM: GetIEWebControl() is unable to get the IE control
E, 3504, 28, 2013/05/23, 17:15:39.597, 2831151562795, QTAgent32.exe, IEDOM: GetIEWebControl() is unable to get the IE control
E, 3504, 28, 2013/05/23, 17:15:39.598, 2831151576278, QTAgent32.exe, IEDOM: GetIEWebControl() is unable to get the IE control
E, 3504, 28, 2013/05/23, 17:15:39.598, 2831151581509, QTAgent32.exe, IEDOM: GetIEWebControl() is unable to get the IE control
E, 3504, 28, 2013/05/23, 17:15:39.598, 2831151586395, QTAgent32.exe, IEDOM: GetIEWebControl() is unable to get the IE control
E, 3504, 28, 2013/05/23, 17:15:39.599, 2831151591206, QTAgent32.exe, IEDOM: GetIEWebControl() is unable to get the IE control
E, 3504, 28, 2013/05/23, 17:15:39.599, 2831151594894, QTAgent32.exe, IEDOM: GetIEWebControl() is unable to get the IE control
E, 3504, 28, 2013/05/23, 17:15:39.599, 2831151599890, QTAgent32.exe, IEDOM: GetIEWebControl() is unable to get the IE control
E, 3504, 28, 2013/05/23, 17:15:39.600, 2831151604795, QTAgent32.exe, IEDOM: GetIEWebControl() is unable to get the IE control
E, 3504, 28, 2013/05/23, 17:15:39.600, 2831151609992, QTAgent32.exe, IEDOM: GetIEWebControl() is unable to get the IE control
E, 3504, 28, 2013/05/23, 17:15:39.600, 2831151614731, QTAgent32.exe, IEDOM: GetIEWebControl() is unable to get the IE control
E, 3504, 28, 2013/05/23, 17:15:39.601, 2831151618548, QTAgent32.exe, IEDOM: GetIEWebControl() is unable to get the IE control
E, 3504, 28, 2013/05/23, 17:15:39.669, 2831152591626, QTAgent32.exe, IEDOM: GetIEWebControl() is unable to get the IE control
W, 3504, 28, 2013/05/23, 17:15:39.669, 2831152598439, QTAgent32.exe, Playback - [WARNING] Internal warning: Couldn't get clickable point for ScreenUIElement since it was obscured by another UI element. See comparison tracing below
\0
E, 3504, 28, 2013/05/23, 17:15:39.676, 2831152702069, QTAgent32.exe, IEDOM: GetIEWebControl() is unable to get the IE control
E, 3504, 28, 2013/05/23, 17:15:39.677, 2831152708414, QTAgent32.exe, IEDOM: GetIEWebControl() is unable to get the IE control
E, 3504, 28, 2013/05/23, 17:15:39.677, 2831152712388, QTAgent32.exe, IEDOM: GetIEWebControl() is unable to get the IE control
E, 3504, 28, 2013/05/23, 17:15:39.677, 2831152717139, QTAgent32.exe, IEDOM: GetIEWebControl() is unable to get the IE control
E, 3504, 28, 2013/05/23, 17:15:39.678, 2831152722184, QTAgent32.exe, IEDOM: GetIEWebControl() is unable to get the IE control
E, 3504, 28, 2013/05/23, 17:15:39.678, 2831152727084, QTAgent32.exe, IEDOM: GetIEWebControl() is unable to get the IE control
E, 3504, 28, 2013/05/23, 17:15:39.678, 2831152731972, QTAgent32.exe, IEDOM: GetIEWebControl() is unable to get the IE control
E, 3504, 28, 2013/05/23, 17:15:39.679, 2831152736826, QTAgent32.exe, IEDOM: GetIEWebControl() is unable to get the IE control
E, 3504, 28, 2013/05/23, 17:15:39.679, 2831152741697, QTAgent32.exe, IEDOM: GetIEWebControl() is unable to get the IE control
E, 3504, 28, 2013/05/23, 17:15:39.679, 2831152746393, QTAgent32.exe, IEDOM: GetIEWebControl() is unable to get the IE control
E, 3504, 28, 2013/05/23, 17:15:39.680, 2831152751286, QTAgent32.exe, IEDOM: GetIEWebControl() is unable to get the IE control
E, 3504, 28, 2013/05/23, 17:15:39.680, 2831152757067, QTAgent32.exe, IEDOM: GetIEWebControl() is unable to get the IE control
E, 3504, 28, 2013/05/23, 17:15:39.680, 2831152761811, QTAgent32.exe, IEDOM: GetIEWebControl() is unable to get the IE control
E, 3504, 28, 2013/05/23, 17:15:39.681, 2831152766691, QTAgent32.exe, IEDOM: GetIEWebControl() is unable to get the IE control
E, 3504, 28, 2013/05/23, 17:15:39.681, 2831152771612, QTAgent32.exe, IEDOM: GetIEWebControl() is unable to get the IE control
E, 3504, 28, 2013/05/23, 17:15:39.682, 2831152776616, QTAgent32.exe, IEDOM: GetIEWebControl() is unable to get the IE control
E, 3504, 28, 2013/05/23, 17:15:39.682, 2831152781420, QTAgent32.exe, IEDOM: GetIEWebControl() is unable to get the IE control
E, 3504, 28, 2013/05/23, 17:15:39.682, 2831152786513, QTAgent32.exe, IEDOM: GetIEWebControl() is unable to get the IE control
E, 3504, 28, 2013/05/23, 17:15:39.683, 2831152791487, QTAgent32.exe, IEDOM: GetIEWebControl() is unable to get the IE control
E, 3504, 28, 2013/05/23, 17:15:39.690, 2831152903132, QTAgent32.exe, IEDOM: GetIEWebControl() is unable to get the IE control
E, 3504, 28, 2013/05/23, 17:15:39.691, 2831152908162, QTAgent32.exe, IEDOM: GetIEWebControl() is unable to get the IE control
E, 3504, 28, 2013/05/23, 17:15:39.691, 2831152913092, QTAgent32.exe, IEDOM: GetIEWebControl() is unable to get the IE control
E, 3504, 28, 2013/05/23, 17:15:39.691, 2831152917806, QTAgent32.exe, IEDOM: GetIEWebControl() is unable to get the IE control
E, 3504, 28, 2013/05/23, 17:15:39.692, 2831152922725, QTAgent32.exe, IEDOM: GetIEWebControl() is unable to get the IE control
E, 3504, 28, 2013/05/23, 17:15:39.692, 2831152927875, QTAgent32.exe, IEDOM: GetIEWebControl() is unable to get the IE control
E, 3504, 28, 2013/05/23, 17:15:39.692, 2831152932714, QTAgent32.exe, IEDOM: GetIEWebControl() is unable to get the IE control
E, 3504, 28, 2013/05/23, 17:15:39.693, 2831152937585, QTAgent32.exe, IEDOM: GetIEWebControl() is unable to get the IE control
E, 3504, 28, 2013/05/23, 17:15:39.693, 2831152941530, QTAgent32.exe, IEDOM: GetIEWebControl() is unable to get the IE control
E, 3504, 28, 2013/05/23, 17:15:39.693, 2831152947739, QTAgent32.exe, IEDOM: GetIEWebControl() is unable to get the IE control
E, 3504, 28, 2013/05/23, 17:15:39.694, 2831152952892, QTAgent32.exe, IEDOM: GetIEWebControl() is unable to get the IE control
E, 3504, 28, 2013/05/23, 17:15:39.694, 2831152957813, QTAgent32.exe, IEDOM: GetIEWebControl() is unable to get the IE control
E, 3504, 28, 2013/05/23, 17:15:39.694, 2831152962454, QTAgent32.exe, IEDOM: GetIEWebControl() is unable to get the IE control
E, 3504, 28, 2013/05/23, 17:15:39.695, 2831152966402, QTAgent32.exe, IEDOM: GetIEWebControl() is unable to get the IE control
E, 3504, 28, 2013/05/23, 17:15:39.702, 2831153076525, QTAgent32.exe, &lt;a class=failure&gt;Playback - {119} [FAILED] MouseButtonClick - "[Web]ControlType='Hyperlink' &amp;&amp; TagName='A' &amp;&amp; Id='' &amp;&amp; Name='' &amp;&amp; Target='' &amp;&amp; InnerText='Renewals Maintenance' &amp;&amp; FilterCondition(AbsolutePath='/sysmaint/content/leftbar.asp', Title='', Href='https://www.insur-econnect.com/sysmaint/content/leftbar.asp#', Class='', ControlDefinition='style="COLOR: white" href="#"', TagInstance='39')"\0&lt;/a&gt;
E, 3504, 28, 2013/05/23, 17:15:39.789, 2831154318870, QTAgent32.exe, Playback - [IMAGE] C:\Users\testuser\AppData\Local\Temp\UITestLogs\LastRun\RPF2471.png
\0
E, 3504, 28, 2013/05/23, 17:15:39.916, 2831156129217, QTAgent32.exe, AL: Playback Error: Microsoft.VisualStudio.TestTools.UITest.Extension.FailedToPerformActionOnBlockedControlException: Window 'Policy: autotest' is blocking the control Renewals Maintenance. Please move the window 'Policy: autotest' or make the control Renewals Maintenance visible and retry the action. Additional Details: 
TechnologyName:  'Web'
ControlType:  'Hyperlink'
Id:  ''
Name:  ''
TagName:  'A'
Target:  ''
InnerText:  'Renewals Maintenance'
 ---&gt; System.Runtime.InteropServices.COMException: Exception from HRESULT: 0xF004F003
   at Microsoft.VisualStudio.TestTools.UITest.Playback.Engine.IScreenElement.MouseButtonClick(Int32 x, Int32 y, Int32 nButton, Int32 fEnsureVisible, String bstrKeyModifiers)
   at Microsoft.VisualStudio.TestTools.UITest.Playback.ScreenElement.MouseButtonClick(Int32 x, Int32 y, MouseButtons button, ModifierKeys modifierKeys, Int32 ensureVisible)
   at Microsoft.VisualStudio.TestTools.UITesting.UITestControl.Click(MouseButtons button, ModifierKeys modifierKeys, Point relativeCoordinates)
   --- End of inner exception stack trace ---
   at Microsoft.VisualStudio.TestTools.UITesting.Playback.ThrowIfAnotherWindowIsBlockingControl(COMException ex, IPlaybackContext context)
   at Microsoft.VisualStudio.TestTools.UITesting.Playback.MapAndThrowComException(COMException innerException, IPlaybackContext context)
   at Microsoft.VisualStudio.TestTools.UITesting.Playback.MapAndThrowException(SystemException exception, IPlaybackContext context)
   at Microsoft.VisualStudio.TestTools.UITesting.Playback.MapAndThrowException(SystemException exception, String actionName, UITestControl uiControl, Point point)
   at Microsoft.VisualStudio.TestTools.UITesting.UITestControl.Click(MouseButtons button, ModifierKeys modifierKeys, Point relativeCoordinates)
   at Microsoft.VisualStudio.TestTools.UITesting.Mouse.ClickImplementation(UITestControl control, MouseButtons button, ModifierKeys modifierKeys, Point relativeCoordinate)
   at Microsoft.VisualStudio.TestTools.UITesting.Mouse.ClickImplementationWrapper(UITestControl control, MouseButtons button, ModifierKeys modifierKeys, Point relativeCoordinate)
W, 3504, 28, 2013/05/23, 17:15:42.881, 2831198581196, QTAgent32.exe, IEDOM : StopSession of the plugin called before StartSession
W, 3504, 28, 2013/05/23, 17:15:42.881, 2831198583140, QTAgent32.exe, UIA : StopSession of the plugin called before StartSession
</DebugTrace>
        <ErrorInfo>
          <Message>Test method Ver1.CodedUITest2.MotoAmendRiskExistingScheme threw exception: 
Microsoft.VisualStudio.TestTools.UITest.Extension.FailedToPerformActionOnBlockedControlException: Window 'Policy: autotest' is blocking the control Renewals Maintenance. Please move the window 'Policy: autotest' or make the control Renewals Maintenance visible and retry the action. Additional Details: 
TechnologyName:  'Web'
ControlType:  'Hyperlink'
Id:  ''
Name:  ''
TagName:  'A'
Target:  ''
InnerText:  'Renewals Maintenance'
 ---&gt; System.Runtime.InteropServices.COMException: Exception from HRESULT: 0xF004F003</Message>
          <StackTrace>    at Microsoft.VisualStudio.TestTools.UITest.Playback.Engine.IScreenElement.MouseButtonClick(Int32 x, Int32 y, Int32 nButton, Int32 fEnsureVisible, String bstrKeyModifiers)
   at Microsoft.VisualStudio.TestTools.UITest.Playback.ScreenElement.MouseButtonClick(Int32 x, Int32 y, MouseButtons button, ModifierKeys modifierKeys, Int32 ensureVisible)
   at Microsoft.VisualStudio.TestTools.UITesting.UITestControl.Click(MouseButtons button, ModifierKeys modifierKeys, Point relativeCoordinates)
 --- End of inner exception stack trace ---
    at Microsoft.VisualStudio.TestTools.UITesting.Playback.ThrowIfAnotherWindowIsBlockingControl(COMException ex, IPlaybackContext context)
   at Microsoft.VisualStudio.TestTools.UITesting.Playback.MapAndThrowComException(COMException innerException, IPlaybackContext context)
   at Microsoft.VisualStudio.TestTools.UITesting.Playback.MapAndThrowException(SystemException exception, IPlaybackContext context)
   at Microsoft.VisualStudio.TestTools.UITesting.Playback.MapAndThrowException(SystemException exception, String actionName, UITestControl uiControl, Point point)
   at Microsoft.VisualStudio.TestTools.UITesting.UITestControl.Click(MouseButtons button, ModifierKeys modifierKeys, Point relativeCoordinates)
   at Microsoft.VisualStudio.TestTools.UITesting.Mouse.ClickImplementation(UITestControl control, MouseButtons button, ModifierKeys modifierKeys, Point relativeCoordinate)
   at Microsoft.VisualStudio.TestTools.UITesting.Mouse.ClickImplementationWrapper(UITestControl control, MouseButtons button, ModifierKeys modifierKeys, Point relativeCoordinate)
   at Microsoft.VisualStudio.TestTools.UITesting.Mouse.Click(UITestControl control, Point relativeCoordinate)
   at Ver1.UIMap.OpenBrowser2() in C:\AutotestTam1205\TestProject7\UIMap.cs:line 256
   at Ver1.CodedUITest2.MotoAmendRiskExistingScheme() in C:\AutotestTam1205\TestProject7\CodedUITest2.cs:line 693
</StackTrace>
        </ErrorInfo>
      </Output>
      <ResultFiles>
        <ResultFile path="ICLVDEVTM02\MotoAmendRiskExistingScheme.png" />
      </ResultFiles>
      <ExtensionResult>Exception has been thrown by the target of an invocation.</ExtensionResult>
    </UnitTestResult>
    <UnitTestResult executionId="10fb0dcd-ad4d-45cd-8a6d-b1c22f1384c4" testId="c2bdfe5e-303e-353b-48c9-82acf8c043b4" testName="MotoAmendRiskNewScheme" computerName="ICLVDEVTM02" duration="00:04:37.6891146" startTime="2013-05-23T17:15:42.9281149+01:00" endTime="2013-05-23T17:20:20.6553818+01:00" testType="13cdc9d9-ddb5-4fa4-a97d-d965ccfc6d4b" outcome="Failed" testListId="8c84fa94-04c1-424b-9868-57a2d4851a1d" relativeResultsDirectory="10fb0dcd-ad4d-45cd-8a6d-b1c22f1384c4">
      <Output>
        <DebugTrace>W, 3504, 14, 2013/05/23, 17:15:48.297, 2831276129928, QTAgent32.exe, &lt;a class=success&gt;Playback - {1} [SUCCESS] MouseButtonClick - "[MSAA, VisibleOnly]ControlType='Edit'"
\0&lt;/a&gt;
W, 3504, 14, 2013/05/23, 17:15:48.640, 2831281052536, QTAgent32.exe, &lt;a class=success&gt;Playback - {2} [SUCCESS] SendKeys "[*]" - "[MSAA, VisibleOnly]ControlType='Edit'"
\0&lt;/a&gt;
W, 3504, 14, 2013/05/23, 17:15:49.511, 2831293524282, QTAgent32.exe, &lt;a class=success&gt;Playback - {3} [SUCCESS] MouseButtonClick - "[MSAA, VisibleOnly]ControlType='Button' &amp;&amp; Name='OK'"
\0&lt;/a&gt;
W, 3504, 14, 2013/05/23, 17:15:49.841, 2831298240560, QTAgent32.exe, &lt;a class=success&gt;Playback - {4} [SUCCESS] SendKeys "^{HOME}" - "[MSAA, VisibleOnly]ControlType='Edit'"
\0&lt;/a&gt;
E, 3504, 14, 2013/05/23, 17:15:49.842, 2831298262043, QTAgent32.exe, Msaa.GetFocusedElement: could not find accessible object of foreground window
W, 3504, 14, 2013/05/23, 17:15:49.926, 2831299456950, QTAgent32.exe, &lt;a class=success&gt;Playback - {5} [SUCCESS] SendKeys "^+{END}" - "[MSAA, VisibleOnly]ControlType='Edit'"
\0&lt;/a&gt;
E, 3504, 14, 2013/05/23, 17:15:49.927, 2831299471969, QTAgent32.exe, Msaa.GetFocusedElement: could not find accessible object of foreground window
W, 3504, 14, 2013/05/23, 17:15:50.003, 2831300561483, QTAgent32.exe, &lt;a class=success&gt;Playback - {6} [SUCCESS] SendKeys "{DELETE}" - "[MSAA, VisibleOnly]ControlType='Edit'"
\0&lt;/a&gt;
W, 3504, 14, 2013/05/23, 17:15:50.502, 2831307707764, QTAgent32.exe, &lt;a class=success&gt;Playback - {7} [SUCCESS] SetValueAsEditBox "23/05/2013" - "[MSAA, VisibleOnly]ControlType='Edit'"  &lt; Set via SendKeys &gt;
\0&lt;/a&gt;
W, 3504, 14, 2013/05/23, 17:15:51.045, 2831315487179, QTAgent32.exe, Playback - [WARNING] Internal warning: Incorrect flag set for InvokeProgrammaticAction\0
W, 3504, 14, 2013/05/23, 17:15:51.166, 2831317216886, QTAgent32.exe, &lt;a class=success&gt;Playback - {8} [SUCCESS] SetValueAsComboBox "May" - "[MSAA, VisibleOnly]ControlType='ComboBox'"  &lt; SetValueAsComboBox, set by clicking on the item in the list box &gt;
\0&lt;/a&gt;
W, 3504, 14, 2013/05/23, 17:15:51.456, 2831321370407, QTAgent32.exe, &lt;a class=success&gt;Playback - {9} [SUCCESS] SendKeys "^{HOME}" - "[MSAA, VisibleOnly]ControlType='Edit'"
\0&lt;/a&gt;
E, 3504, 14, 2013/05/23, 17:15:51.457, 2831321374197, QTAgent32.exe, Msaa.GetFocusedElement: could not find accessible object of foreground window
W, 3504, 14, 2013/05/23, 17:15:51.515, 2831322212959, QTAgent32.exe, &lt;a class=success&gt;Playback - {10} [SUCCESS] SendKeys "^+{END}" - "[MSAA, VisibleOnly]ControlType='Edit'"
\0&lt;/a&gt;
E, 3504, 14, 2013/05/23, 17:15:51.515, 2831322216298, QTAgent32.exe, Msaa.GetFocusedElement: could not find accessible object of foreground window
W, 3504, 14, 2013/05/23, 17:15:51.530, 2831322429275, QTAgent32.exe, &lt;a class=success&gt;Playback - {11} [SUCCESS] SendKeys "{DELETE}" - "[MSAA, VisibleOnly]ControlType='Edit'"
\0&lt;/a&gt;
W, 3504, 14, 2013/05/23, 17:15:51.757, 2831325671420, QTAgent32.exe, &lt;a class=success&gt;Playback - {12} [SUCCESS] SetValueAsEditBox "2013" - "[MSAA, VisibleOnly]ControlType='Edit'"  &lt; Set via SendKeys &gt;
\0&lt;/a&gt;
W, 3504, 14, 2013/05/23, 17:15:51.975, 2831328801072, QTAgent32.exe, &lt;a class=success&gt;Playback - {13} [SUCCESS] MouseButtonClick - "[MSAA, VisibleOnly]ControlType='Button' &amp;&amp; Name='OK'"
\0&lt;/a&gt;
W, 3504, 14, 2013/05/23, 17:15:53.218, 2831346598897, QTAgent32.exe, Playback - [WARNING] Internal warning: Window Not Found: [VisibleOnly]ControlType='Window' &amp;&amp; Name='Warning' &amp;&amp; ClassName='#32770'
\0
E, 3504, 14, 2013/05/23, 17:15:53.218, 2831346602275, QTAgent32.exe, &lt;a class=failure&gt;Playback - {14} [FAILED] Function ElementFetcher::FindScreenElement failed to locate UI element (Searching: ;[VisibleOnly]ControlType='Window' &amp;&amp; Name='Warning' &amp;&amp; ClassName='#32770') (The object specified was not found.)
\0&lt;/a&gt;
E, 3504, 14, 2013/05/23, 17:15:53.320, 2831348055239, QTAgent32.exe, Playback - [IMAGE] C:\Users\testuser\AppData\Local\Temp\UITestLogs\LastRun\RPF5947.png
\0
W, 3504, 14, 2013/05/23, 17:15:53.320, 2831348057873, QTAgent32.exe, Playback - [WARNING] Internal warning: Couldn't find descendants that match QueryId
\0
W, 3504, 14, 2013/05/23, 17:15:53.320, 2831348060998, QTAgent32.exe, PERF WARNING: FindTopLevelWindowHelper::FindAllDescendents: took 1225 ms. Expected it to take maximum 500 ms.
W, 3504, 14, 2013/05/23, 17:16:11.391, 2831606792684, QTAgent32.exe, Playback - [WARNING] Internal warning: Window Not Found: [VisibleOnly]ControlType='Window' &amp;&amp; Name='Warning' &amp;&amp; ClassName='#32770'
\0
E, 3504, 14, 2013/05/23, 17:16:11.391, 2831606796102, QTAgent32.exe, &lt;a class=failure&gt;Playback - {15} [FAILED] Function ElementFetcher::FindScreenElement failed to locate UI element (Searching: ;[VisibleOnly]ControlType='Window' &amp;&amp; Name='Warning' &amp;&amp; ClassName='#32770') (The object specified was not found.)
\0&lt;/a&gt;
E, 3504, 14, 2013/05/23, 17:16:11.477, 2831608024246, QTAgent32.exe, Playback - [IMAGE] C:\Users\testuser\AppData\Local\Temp\UITestLogs\LastRun\RPFA046.png
\0
W, 3504, 14, 2013/05/23, 17:16:11.477, 2831608026639, QTAgent32.exe, Playback - [WARNING] Internal warning: Couldn't find descendants that match QueryId
\0
W, 3504, 14, 2013/05/23, 17:16:11.477, 2831608029718, QTAgent32.exe, PERF WARNING: FindTopLevelWindowHelper::FindAllDescendents: took 18156 ms. Expected it to take maximum 500 ms.
W, 3504, 14, 2013/05/23, 17:16:11.989, 2831615361453, QTAgent32.exe, Playback - [WARNING] Internal warning: Smart Match failed
\0
W, 3504, 14, 2013/05/23, 17:16:12.248, 2831619067509, QTAgent32.exe, Playback - [WARNING] Internal warning: Smart Match failed
\0
W, 3504, 14, 2013/05/23, 17:16:12.507, 2831622786524, QTAgent32.exe, Playback - [WARNING] Internal warning: Smart Match failed
\0
W, 3504, 14, 2013/05/23, 17:16:12.770, 2831626543999, QTAgent32.exe, Playback - [WARNING] Internal warning: Smart Match failed
\0
W, 3504, 14, 2013/05/23, 17:16:13.040, 2831630419019, QTAgent32.exe, Playback - [WARNING] Internal warning: Smart Match failed
\0
W, 3504, 14, 2013/05/23, 17:16:13.314, 2831634339241, QTAgent32.exe, Playback - [WARNING] Internal warning: Smart Match failed
\0
W, 3504, 14, 2013/05/23, 17:16:13.647, 2831639094682, QTAgent32.exe, Playback - [WARNING] Internal warning: Smart Match failed
\0
W, 3504, 14, 2013/05/23, 17:16:13.920, 2831643010891, QTAgent32.exe, Playback - [WARNING] Internal warning: Smart Match failed
\0
W, 3504, 14, 2013/05/23, 17:16:14.198, 2831646981933, QTAgent32.exe, Playback - [WARNING] Internal warning: Smart Match failed
\0
W, 3504, 14, 2013/05/23, 17:16:14.469, 2831650862969, QTAgent32.exe, Playback - [WARNING] Internal warning: Smart Match failed
\0
W, 3504, 14, 2013/05/23, 17:16:14.621, 2831653049864, QTAgent32.exe, Playback - [WARNING] Internal warning: Window Not Found: [VisibleOnly]ControlType='Window' &amp;&amp; Name='Warning' &amp;&amp; ClassName='#32770'
\0
E, 3504, 14, 2013/05/23, 17:16:14.621, 2831653052554, QTAgent32.exe, &lt;a class=failure&gt;Playback - {16} [FAILED] Function ElementFetcher::FindScreenElement failed to locate UI element (Searching: ;[VisibleOnly]ControlType='Window' &amp;&amp; Name='Warning' &amp;&amp; ClassName='#32770') (The object specified was not found.)
\0&lt;/a&gt;
E, 3504, 14, 2013/05/23, 17:16:14.716, 2831654401210, QTAgent32.exe, Playback - [IMAGE] C:\Users\testuser\AppData\Local\Temp\UITestLogs\LastRun\RPFACE4.png
\0
W, 3504, 14, 2013/05/23, 17:16:14.716, 2831654403469, QTAgent32.exe, Playback - [WARNING] Internal warning: Couldn't find descendants that match QueryId
\0
W, 3504, 14, 2013/05/23, 17:16:14.716, 2831654406612, QTAgent32.exe, PERF WARNING: FindTopLevelWindowHelper::FindAllDescendents: took 3238 ms. Expected it to take maximum 500 ms.
E, 3504, 14, 2013/05/23, 17:16:14.716, 2831654408625, QTAgent32.exe, Exception: System.Runtime.InteropServices.COMException
	Message: Error HRESULT E_FAIL has been returned from a call to a COM component.
	Stack Trace:    at Microsoft.VisualStudio.TestTools.UITest.Playback.Engine.IRPFPlayback.FindAllScreenElements(IScreenElement pScreenElementStart, String bstrQueryId, Object&amp; pvarResKeys, Int32 cResKeys, Int32 nMaxDepth, Object[]&amp; foundDescendants)
   at Microsoft.VisualStudio.TestTools.UITest.Playback.ScreenElement.FindTopLevelWindowHelper(String queryId)
	BaseExceptionMessage: Error HRESULT E_FAIL has been returned from a call to a COM component.

E, 3504, 14, 2013/05/23, 17:16:14.882, 2831656778122, QTAgent32.exe, AL: Playback Error: Microsoft.VisualStudio.TestTools.UITest.Extension.UITestControlNotFoundException: The playback failed to find the control with the given search properties. Additional Details: 
TechnologyName:  'MSAA'
ControlType:  'Window'
Name:  'Warning'
ClassName:  '#32770'
 ---&gt; System.Runtime.InteropServices.COMException: Error HRESULT E_FAIL has been returned from a call to a COM component.
   at Microsoft.VisualStudio.TestTools.UITest.Playback.Engine.IRPFPlayback.FindAllScreenElements(IScreenElement pScreenElementStart, String bstrQueryId, Object&amp; pvarResKeys, Int32 cResKeys, Int32 nMaxDepth, Object[]&amp; foundDescendants)
   at Microsoft.VisualStudio.TestTools.UITest.Playback.ScreenElement.FindTopLevelWindowHelper(String queryId)
   at Microsoft.VisualStudio.TestTools.UITest.Playback.ScreenElement.FindFromPartialQueryId(String queryId)
   at Microsoft.VisualStudio.TestTools.UITesting.UITestControl..ctor(String queryId)
   --- End of inner exception stack trace ---
   at Microsoft.VisualStudio.TestTools.UITesting.Playback.MapControlNotFoundException(COMException ex, IPlaybackContext context)
   at Microsoft.VisualStudio.TestTools.UITesting.Playback.MapAndThrowComException(COMException innerException, IPlaybackContext context)
   at Microsoft.VisualStudio.TestTools.UITesting.Playback.MapAndThrowException(SystemException exception, IPlaybackContext context)
   at Microsoft.VisualStudio.TestTools.UITesting.Playback.MapAndThrowException(SystemException exception, String queryId)
   at Microsoft.VisualStudio.TestTools.UITesting.UITestControl..ctor(String queryId)
   at Microsoft.VisualStudio.TestTools.UITesting.SearchHelper.SearchTopLevelWindow(ISearchArgument topLevelSearchArg, String topLevelElementQueryId)
   at Microsoft.VisualStudio.TestTools.UITesting.SearchHelper.GetTitleUpdatedTopLevelWindow(ISearchArgument topLevelSearchArg, String queryId, IList`1 windowTitles)
   at Microsoft.VisualStudio.TestTools.UITesting.SearchHelper.GetTopLevelElement(Boolean useCache, Boolean useCacheOnly, ISearchArgument searchArg, IList`1 windowTitles, Int32&amp; timeLeft)
   at Microsoft.VisualStudio.TestTools.UITesting.SearchHelper.GetElement(Boolean useCache, ISearchArgument searchArg)
   at Microsoft.VisualStudio.TestTools.UITesting.SearchHelper.Search(ISearchArgument searchArg)
   at Microsoft.VisualStudio.TestTools.UITesting.UITestControl.FindInternal()
   at Microsoft.VisualStudio.TestTools.UITesting.UITestControl.FindControlIfNecessary()
   at Microsoft.VisualStudio.TestTools.UITesting.UITestControl.Click(MouseButtons button, ModifierKeys modifierKeys, Point relativeCoordinates)
   at Microsoft.VisualStudio.TestTools.UITesting.Mouse.ClickImplementation(UITestControl control, MouseButtons button, ModifierKeys modifierKeys, Point relativeCoordinate)
   at Microsoft.VisualStudio.TestTools.UITesting.Mouse.ClickImplementationWrapper(UITestControl control, MouseButtons button, ModifierKeys modifierKeys, Point relativeCoordinate)
W, 3504, 14, 2013/05/23, 17:16:14.882, 2831656780458, QTAgent32.exe, PlaybackErrorHandler: Ignoring exception as ContinueOnError is set.
W, 3504, 14, 2013/05/23, 17:16:14.942, 2831657644716, QTAgent32.exe, &lt;a class=success&gt;Playback - {17} [SUCCESS] TypeString "#(R)"
\0&lt;/a&gt;
W, 3504, 14, 2013/05/23, 17:16:15.597, 2831667028420, QTAgent32.exe, PERF WARNING: FindTopLevelWindowHelper::FindAllDescendents: took 555 ms. Expected it to take maximum 500 ms.
W, 3504, 14, 2013/05/23, 17:16:16.153, 2831674986792, QTAgent32.exe, PERF WARNING: FindAllDescendents: took 553 ms. Expected it to take maximum 500 ms.
E, 3504, 14, 2013/05/23, 17:16:16.165, 2831675162622, QTAgent32.exe, Exception: System.ArgumentException
	Message: Value does not fall within the expected range.
	Stack Trace:    at Accessibility.IAccessible.get_accRole(Object varChild)
   at Microsoft.VisualStudio.TestTools.UITest.Extension.Msaa.AccWrapper.get_RoleInt()
	BaseExceptionMessage: Value does not fall within the expected range.

E, 3504, 14, 2013/05/23, 17:16:16.178, 2831675336560, QTAgent32.exe, Exception: System.ArgumentException
	Message: Value does not fall within the expected range.
	Stack Trace:    at Accessibility.IAccessible.get_accRole(Object varChild)
   at Microsoft.VisualStudio.TestTools.UITest.Extension.Msaa.AccWrapper.get_RoleInt()
	BaseExceptionMessage: Value does not fall within the expected range.

W, 3504, 14, 2013/05/23, 17:16:17.624, 2831696043962, QTAgent32.exe, &lt;a class=success&gt;Playback - {18} [SUCCESS] LeftButtonClick  &lt; Mouse cursor location (87, 908) &gt;
\0&lt;/a&gt;
W, 3504, 14, 2013/05/23, 17:16:19.287, 2831719861766, QTAgent32.exe, &lt;a class=success&gt;Playback - {19} [SUCCESS] SetValueAsEditBox "c:\TestProject7\ourhighway.reg"  &lt; Set via SendKeys &gt;
\0&lt;/a&gt;
W, 3504, 14, 2013/05/23, 17:16:19.288, 2831719864352, QTAgent32.exe, &lt;a class=success&gt;Playback - {20} [SUCCESS] SetValueAsComboBox "c:\TestProject7\ourhighway.reg" - "[MSAA, VisibleOnly]ControlType='ComboBox' &amp;&amp; Name='Open:'"  &lt; Set via SetValueAsEditBox &gt;
\0&lt;/a&gt;
W, 3504, 14, 2013/05/23, 17:16:19.536, 2831723420440, QTAgent32.exe, &lt;a class=success&gt;Playback - {21} [SUCCESS] MouseButtonClick - "[MSAA, VisibleOnly]ControlType='Button' &amp;&amp; Name='OK'"
\0&lt;/a&gt;
W, 3504, 14, 2013/05/23, 17:16:19.923, 2831728964268, QTAgent32.exe, Playback - [WARNING] Internal warning: Window Not Found: [VisibleOnly]ControlType='Window' &amp;&amp; Name='Registry Editor' &amp;&amp; ClassName='#32770'
\0
E, 3504, 14, 2013/05/23, 17:16:19.923, 2831728967001, QTAgent32.exe, &lt;a class=failure&gt;Playback - {22} [FAILED] Function ElementFetcher::FindScreenElement failed to locate UI element (Searching: ;[VisibleOnly]ControlType='Window' &amp;&amp; Name='Registry Editor' &amp;&amp; ClassName='#32770') (The object specified was not found.)
\0&lt;/a&gt;
E, 3504, 14, 2013/05/23, 17:16:20.052, 2831730804106, QTAgent32.exe, Playback - [IMAGE] C:\Users\testuser\AppData\Local\Temp\UITestLogs\LastRun\RPFC19D.png
\0
W, 3504, 14, 2013/05/23, 17:16:20.052, 2831730806379, QTAgent32.exe, Playback - [WARNING] Internal warning: Couldn't find descendants that match QueryId
\0
W, 3504, 14, 2013/05/23, 17:16:21.037, 2831744922176, QTAgent32.exe, PERF WARNING: FindTopLevelWindowHelper::FindAllDescendents: took 985 ms. Expected it to take maximum 500 ms.
W, 3504, 14, 2013/05/23, 17:16:21.310, 2831748826713, QTAgent32.exe, &lt;a class=success&gt;Playback - {23} [SUCCESS] MouseButtonClick - "[MSAA, VisibleOnly]ControlType='Button' &amp;&amp; Name='Yes'"
\0&lt;/a&gt;
W, 3504, 14, 2013/05/23, 17:16:21.708, 2831754510735, QTAgent32.exe, &lt;a class=success&gt;Playback - {24} [SUCCESS] MouseButtonClick - "[MSAA, VisibleOnly]ControlType='Button' &amp;&amp; Name='OK'"
\0&lt;/a&gt;
W, 3504, 14, 2013/05/23, 17:16:21.937, 2831757790844, QTAgent32.exe, &lt;a class=success&gt;Playback - {25} [SUCCESS] MouseButtonClick - "[MSAA, VisibleOnly]ControlType='Button' &amp;&amp; Name='Clients &amp; Files'"
\0&lt;/a&gt;
W, 3504, 14, 2013/05/23, 17:16:22.306, 2831763080096, QTAgent32.exe, Playback - [WARNING] Internal warning: Window Not Found: [VisibleOnly]ControlType='Window' &amp;&amp; ClassName='ThunderRT6MDIForm'
\0
E, 3504, 14, 2013/05/23, 17:16:22.306, 2831763083139, QTAgent32.exe, &lt;a class=failure&gt;Playback - {26} [FAILED] Function ElementFetcher::FindScreenElement failed to locate UI element (Searching: ;[VisibleOnly]ControlType='Window' &amp;&amp; ClassName='ThunderRT6MDIForm') (The object specified was not found.)
\0&lt;/a&gt;
E, 3504, 14, 2013/05/23, 17:16:22.408, 2831764542880, QTAgent32.exe, Playback - [IMAGE] C:\Users\testuser\AppData\Local\Temp\UITestLogs\LastRun\RPFCAE1.png
\0
W, 3504, 14, 2013/05/23, 17:16:22.408, 2831764545379, QTAgent32.exe, Playback - [WARNING] Internal warning: Couldn't find descendants that match QueryId
\0
W, 3504, 14, 2013/05/23, 17:16:24.711, 2831797521333, QTAgent32.exe, PERF WARNING: FindTopLevelWindowHelper::FindAllDescendents: took 2302 ms. Expected it to take maximum 500 ms.
W, 3504, 14, 2013/05/23, 17:16:25.760, 2831812541625, QTAgent32.exe, Playback - [WARNING] Internal warning: Incorrect flag set for InvokeProgrammaticAction\0
W, 3504, 14, 2013/05/23, 17:16:25.883, 2831814294387, QTAgent32.exe, &lt;a class=success&gt;Playback - {27} [SUCCESS] SetValueAsComboBox "Customers" - "[MSAA, VisibleOnly]ControlType='ComboBox'"  &lt; SetValueAsComboBox, set by clicking on the item in the list box &gt;
\0&lt;/a&gt;
W, 3504, 14, 2013/05/23, 17:16:26.337, 2831820796715, QTAgent32.exe, &lt;a class=success&gt;Playback - {28} [SUCCESS] MouseButtonClick - "[MSAA, VisibleOnly]ControlType='Button' &amp;&amp; Name='Add'"
\0&lt;/a&gt;
W, 3504, 14, 2013/05/23, 17:16:27.123, 2831832049838, QTAgent32.exe, &lt;a class=success&gt;Playback - {29} [SUCCESS] SendKeys "autotest" - "[MSAA, VisibleOnly]ControlType='RadioButton' &amp;&amp; Name='Personal Lines'"
\0&lt;/a&gt;
W, 3504, 14, 2013/05/23, 17:16:28.215, 2831847693442, QTAgent32.exe, &lt;a class=success&gt;Playback - {30} [SUCCESS] SetValueAsEditBox "autotest" - "[MSAA, VisibleOnly]ControlType='Edit'"  &lt; Set via SendKeys &gt;
\0&lt;/a&gt;
W, 3504, 14, 2013/05/23, 17:16:28.461, 2831851217307, QTAgent32.exe, &lt;a class=success&gt;Playback - {31} [SUCCESS] MouseButtonClick - "[MSAA, VisibleOnly]ControlType='Button' &amp;&amp; Name='OK'"
\0&lt;/a&gt;
W, 3504, 14, 2013/05/23, 17:16:28.771, 2831855652939, QTAgent32.exe, &lt;a class=success&gt;Playback - {32} [SUCCESS] MouseButtonClick - "[MSAA, VisibleOnly]ControlType='Button' &amp;&amp; Name='Yes'"
\0&lt;/a&gt;
W, 3504, 14, 2013/05/23, 17:16:29.404, 2831864713807, QTAgent32.exe, &lt;a class=success&gt;Playback - {33} [SUCCESS] SendKeys "^{HOME}" - "[MSAA, VisibleOnly]ControlType='Edit'"
\0&lt;/a&gt;
E, 3504, 14, 2013/05/23, 17:16:29.405, 2831864717733, QTAgent32.exe, Msaa.GetFocusedElement: could not find accessible object of foreground window
W, 3504, 14, 2013/05/23, 17:16:29.492, 2831865970789, QTAgent32.exe, &lt;a class=success&gt;Playback - {34} [SUCCESS] SendKeys "^+{END}" - "[MSAA, VisibleOnly]ControlType='Edit'"
\0&lt;/a&gt;
E, 3504, 14, 2013/05/23, 17:16:29.495, 2831866013401, QTAgent32.exe, Msaa.GetFocusedElement: could not find accessible object of foreground window
W, 3504, 14, 2013/05/23, 17:16:29.540, 2831866658267, QTAgent32.exe, &lt;a class=success&gt;Playback - {35} [SUCCESS] SendKeys "{DELETE}" - "[MSAA, VisibleOnly]ControlType='Edit'"
\0&lt;/a&gt;
W, 3504, 14, 2013/05/23, 17:16:29.968, 2831872790556, QTAgent32.exe, &lt;a class=success&gt;Playback - {36} [SUCCESS] SetValueAsEditBox "1" - "[MSAA, VisibleOnly]ControlType='Edit'"  &lt; Set via SendKeys &gt;
\0&lt;/a&gt;
W, 3504, 14, 2013/05/23, 17:16:30.481, 2831880137829, QTAgent32.exe, &lt;a class=success&gt;Playback - {37} [SUCCESS] SendKeys "^{HOME}" - "[MSAA, VisibleOnly]ControlType='Edit'"
\0&lt;/a&gt;
E, 3504, 14, 2013/05/23, 17:16:30.482, 2831880142005, QTAgent32.exe, Msaa.GetFocusedElement: could not find accessible object of foreground window
W, 3504, 14, 2013/05/23, 17:16:30.538, 2831880952680, QTAgent32.exe, &lt;a class=success&gt;Playback - {38} [SUCCESS] SendKeys "^+{END}" - "[MSAA, VisibleOnly]ControlType='Edit'"
\0&lt;/a&gt;
E, 3504, 14, 2013/05/23, 17:16:30.539, 2831880956351, QTAgent32.exe, Msaa.GetFocusedElement: could not find accessible object of foreground window
W, 3504, 14, 2013/05/23, 17:16:30.554, 2831881175476, QTAgent32.exe, &lt;a class=success&gt;Playback - {39} [SUCCESS] SendKeys "{DELETE}" - "[MSAA, VisibleOnly]ControlType='Edit'"
\0&lt;/a&gt;
W, 3504, 14, 2013/05/23, 17:16:31.012, 2831887738821, QTAgent32.exe, &lt;a class=success&gt;Playback - {40} [SUCCESS] SetValueAsEditBox "1" - "[MSAA, VisibleOnly]ControlType='Edit'"  &lt; Set via SendKeys &gt;
\0&lt;/a&gt;
W, 3504, 14, 2013/05/23, 17:16:32.623, 2831910806129, QTAgent32.exe, Playback - [WARNING] Internal warning: Target element "[MSAA, VisibleOnly]ControlType='Button' &amp;&amp; Name='OK'" was not found, so all intermediate elements were ignored. An incorrect element that matches target element Id can be found as the result.  Verify that all intermediate elements in QueryId have valid and unique Ids
\0
W, 3504, 14, 2013/05/23, 17:16:33.167, 2831918597008, QTAgent32.exe, PERF WARNING: FindAllDescendents: took 2053 ms. Expected it to take maximum 500 ms.
W, 3504, 14, 2013/05/23, 17:16:33.458, 2831922752740, QTAgent32.exe, &lt;a class=success&gt;Playback - {41} [SUCCESS] MouseButtonClick - "[MSAA, VisibleOnly]ControlType='Button' &amp;&amp; Name='OK'"
\0&lt;/a&gt;
W, 3504, 14, 2013/05/23, 17:16:33.841, 2831928244816, QTAgent32.exe, &lt;a class=success&gt;Playback - {42} [SUCCESS] MouseButtonClick - "[MSAA, VisibleOnly]ControlType='Button'"
\0&lt;/a&gt;
W, 3504, 14, 2013/05/23, 17:16:34.247, 2831934057487, QTAgent32.exe, &lt;a class=success&gt;Playback - {43} [SUCCESS] MouseButtonClick - "[MSAA, VisibleOnly]ControlType='Button' &amp;&amp; Name='Add'"
\0&lt;/a&gt;
W, 3504, 14, 2013/05/23, 17:16:34.488, 2831937505444, QTAgent32.exe, &lt;a class=success&gt;Playback - {44} [SUCCESS] MouseButtonClick - "[MSAA, VisibleOnly]ControlType='Button' &amp;&amp; Name='OK'"
\0&lt;/a&gt;
W, 3504, 14, 2013/05/23, 17:16:36.759, 2831970029588, QTAgent32.exe, &lt;a class=success&gt;Playback - {45} [SUCCESS] MouseButtonClick - "[MSAA, VisibleOnly,Window]ControlType='Window' &amp;&amp; ClassName='ThunderRT6TextBox'"
\0&lt;/a&gt;
W, 3504, 14, 2013/05/23, 17:16:37.771, 2831984508058, QTAgent32.exe, &lt;a class=success&gt;Playback - {46} [SUCCESS] SetValueAsEditBox "MOTO" - "[MSAA, VisibleOnly]ControlType='Edit'"  &lt; Set via SendKeys &gt;
\0&lt;/a&gt;
W, 3504, 14, 2013/05/23, 17:16:38.131, 2831989668779, QTAgent32.exe, &lt;a class=success&gt;Playback - {47} [SUCCESS] MouseButtonClick - "[MSAA, VisibleOnly]ControlType='Button' &amp;&amp; Name='OK'"
\0&lt;/a&gt;
W, 3504, 14, 2013/05/23, 17:16:38.378, 2831993198964, QTAgent32.exe, &lt;a class=success&gt;Playback - {48} [SUCCESS] MouseButtonClick - "[MSAA, VisibleOnly]ControlType='Button' &amp;&amp; Name='Options'"
\0&lt;/a&gt;
W, 3504, 14, 2013/05/23, 17:16:38.478, 2831994636414, QTAgent32.exe, FindScreenElementInSinglePass : Attempting to find control in one pass of search. Failures can occur.
W, 3504, 14, 2013/05/23, 17:16:38.959, 2832001527853, QTAgent32.exe, &lt;a class=success&gt;Playback - {49} [SUCCESS] MouseButtonClick - "[MSAA]ControlType='MenuItem' &amp;&amp; Name='Links'"
\0&lt;/a&gt;
W, 3504, 14, 2013/05/23, 17:16:39.060, 2832002970601, QTAgent32.exe, FindScreenElementInSinglePass : Attempting to find control in one pass of search. Failures can occur.
W, 3504, 14, 2013/05/23, 17:16:39.589, 2832010546797, QTAgent32.exe, &lt;a class=success&gt;Playback - {50} [SUCCESS] MouseButtonClick - "[MSAA]ControlType='MenuItem' &amp;&amp; Name='3rd Party Integration'"
\0&lt;/a&gt;
W, 3504, 14, 2013/05/23, 17:16:39.690, 2832011985533, QTAgent32.exe, FindScreenElementInSinglePass : Attempting to find control in one pass of search. Failures can occur.
W, 3504, 14, 2013/05/23, 17:16:40.236, 2832019804447, QTAgent32.exe, &lt;a class=success&gt;Playback - {51} [SUCCESS] MouseButtonClick - "[MSAA]ControlType='MenuItem' &amp;&amp; Name='Quote Select List'"
\0&lt;/a&gt;
W, 3504, 14, 2013/05/23, 17:16:41.716, 2832040989796, QTAgent32.exe, PERF WARNING: FindTopLevelWindowHelper::FindAllDescendents: took 1374 ms. Expected it to take maximum 500 ms.
W, 3504, 14, 2013/05/23, 17:16:41.855, 2832042982407, QTAgent32.exe, &lt;a class=success&gt;Playback - {52} [SUCCESS] MouseButtonClick - "[MSAA, VisibleOnly]ControlType='Button' &amp;&amp; Name='Ok'"
\0&lt;/a&gt;
W, 3504, 14, 2013/05/23, 17:16:45.386, 2832093544144, QTAgent32.exe, PERF WARNING: FindTopLevelWindowHelper::FindAllDescendents: took 3431 ms. Expected it to take maximum 500 ms.
W, 3504, 14, 2013/05/23, 17:16:45.525, 2832095538487, QTAgent32.exe, &lt;a class=success&gt;Playback - {53} [SUCCESS] MouseButtonClick - "[MSAA, VisibleOnly]ControlType='Button' &amp;&amp; Name='Ok'"
\0&lt;/a&gt;
W, 3504, 14, 2013/05/23, 17:16:46.336, 2832107149839, QTAgent32.exe, &lt;a class=success&gt;Playback - {54} [SUCCESS] SetValueAsEditBox "test" - "[MSAA, VisibleOnly]ControlType='Edit'"  &lt; Set via SendKeys &gt;
\0&lt;/a&gt;
W, 3504, 14, 2013/05/23, 17:16:47.104, 2832118148072, QTAgent32.exe, &lt;a class=success&gt;Playback - {55} [SUCCESS] SetValueAsEditBox "test" - "[MSAA, VisibleOnly]ControlType='Edit'"  &lt; Set via SendKeys &gt;
\0&lt;/a&gt;
W, 3504, 14, 2013/05/23, 17:16:47.843, 2832128730843, QTAgent32.exe, &lt;a class=success&gt;Playback - {56} [SUCCESS] SetValueAsEditBox "160486" - "[MSAA, VisibleOnly]ControlType='Edit'"  &lt; Set via SendKeys &gt;
\0&lt;/a&gt;
W, 3504, 14, 2013/05/23, 17:16:48.637, 2832140094059, QTAgent32.exe, &lt;a class=success&gt;Playback - {57} [SUCCESS] SetValueAsEditBox "BN16BN" - "[MSAA, VisibleOnly]ControlType='Edit'"  &lt; Set via SendKeys &gt;
\0&lt;/a&gt;
W, 3504, 14, 2013/05/23, 17:16:50.868, 2832172043525, QTAgent32.exe, &lt;a class=success&gt;Playback - {58} [SUCCESS] MouseButtonClick - "[MSAA, VisibleOnly]ControlType='Button' &amp;&amp; Name='Lookup...'"
\0&lt;/a&gt;
W, 3504, 14, 2013/05/23, 17:16:51.115, 2832175579556, QTAgent32.exe, &lt;a class=success&gt;Playback - {59} [SUCCESS] MouseButtonClick - "[MSAA, VisibleOnly]ControlType='Button' &amp;&amp; Name='Ok'"
\0&lt;/a&gt;
W, 3504, 14, 2013/05/23, 17:16:52.691, 2832198143037, QTAgent32.exe, &lt;a class=success&gt;Playback - {60} [SUCCESS] MouseButtonClick - "[MSAA, VisibleOnly]ControlType='Button' &amp;&amp; Name='OK'"
\0&lt;/a&gt;
W, 3504, 14, 2013/05/23, 17:16:54.317, 2832221424351, QTAgent32.exe, Playback - [WARNING] Internal warning: Incorrect flag set for InvokeProgrammaticAction\0
W, 3504, 14, 2013/05/23, 17:16:54.440, 2832223186566, QTAgent32.exe, &lt;a class=success&gt;Playback - {61} [SUCCESS] SetValueAsComboBox "Account Executive" - "[MSAA, VisibleOnly]ControlType='ComboBox'"  &lt; SetValueAsComboBox, set by clicking on the item in the list box &gt;
\0&lt;/a&gt;
W, 3504, 14, 2013/05/23, 17:16:55.605, 2832239860049, QTAgent32.exe, Playback - [WARNING] Internal warning: Incorrect flag set for InvokeProgrammaticAction\0
W, 3504, 14, 2013/05/23, 17:16:57.210, 2832262847584, QTAgent32.exe, &lt;a class=success&gt;Playback - {62} [SUCCESS] SetValueAsComboBox "Aerial Manufacturer" - "[MSAA, VisibleOnly]ControlType='ComboBox'"  &lt; SetValueAsComboBox, set by clicking on the item in the list box &gt;
\0&lt;/a&gt;
W, 3504, 14, 2013/05/23, 17:16:58.378, 2832279571278, QTAgent32.exe, &lt;a class=success&gt;Playback - {63} [SUCCESS] SetValueAsEditBox "151208" - "[MSAA, VisibleOnly]ControlType='Edit'"  &lt; Set via SendKeys &gt;
\0&lt;/a&gt;
W, 3504, 14, 2013/05/23, 17:17:00.120, 2832304517390, QTAgent32.exe, &lt;a class=success&gt;Playback - {64} [SUCCESS] MouseButtonClick - "[MSAA, VisibleOnly]ControlType='Button' &amp;&amp; Name='OK'"
\0&lt;/a&gt;
E, 3504, 14, 2013/05/23, 17:17:00.244, 2832306282345, QTAgent32.exe, Exception: System.ArgumentException
	Message: Value does not fall within the expected range.
	Stack Trace:    at Accessibility.IAccessible.get_accRole(Object varChild)
   at Microsoft.VisualStudio.TestTools.UITest.Extension.Msaa.AccWrapper.get_RoleInt()
	BaseExceptionMessage: Value does not fall within the expected range.

E, 3504, 14, 2013/05/23, 17:17:00.246, 2832306318948, QTAgent32.exe, Exception: System.ArgumentException
	Message: Value does not fall within the expected range.
	Stack Trace:    at Accessibility.IAccessible.get_accRole(Object varChild)
   at Microsoft.VisualStudio.TestTools.UITest.Extension.Msaa.AccWrapper.get_RoleInt()
	BaseExceptionMessage: Value does not fall within the expected range.

W, 3504, 14, 2013/05/23, 17:17:00.878, 2832315358777, QTAgent32.exe, &lt;a class=success&gt;Playback - {65} [SUCCESS] LeftButtonClick  &lt; Mouse cursor location (680, 395) &gt;
\0&lt;/a&gt;
W, 3504, 14, 2013/05/23, 17:17:01.541, 2832324857503, QTAgent32.exe, &lt;a class=success&gt;Playback - {66} [SUCCESS] SetValueAsEditBox "FORD"  &lt; Set via SendKeys &gt;
\0&lt;/a&gt;
W, 3504, 14, 2013/05/23, 17:17:01.541, 2832324859979, QTAgent32.exe, &lt;a class=success&gt;Playback - {67} [SUCCESS] SetValueAsComboBox "FORD" - "[MSAA, VisibleOnly]ControlType='ComboBox'"  &lt; Set via SetValueAsEditBox &gt;
\0&lt;/a&gt;
E, 3504, 14, 2013/05/23, 17:17:01.657, 2832326518509, QTAgent32.exe, Exception: System.ArgumentException
	Message: Value does not fall within the expected range.
	Stack Trace:    at Accessibility.IAccessible.get_accRole(Object varChild)
   at Microsoft.VisualStudio.TestTools.UITest.Extension.Msaa.AccWrapper.get_RoleInt()
	BaseExceptionMessage: Value does not fall within the expected range.

E, 3504, 14, 2013/05/23, 17:17:01.660, 2832326556838, QTAgent32.exe, Exception: System.ArgumentException
	Message: Value does not fall within the expected range.
	Stack Trace:    at Accessibility.IAccessible.get_accRole(Object varChild)
   at Microsoft.VisualStudio.TestTools.UITest.Extension.Msaa.AccWrapper.get_RoleInt()
	BaseExceptionMessage: Value does not fall within the expected range.

W, 3504, 14, 2013/05/23, 17:17:02.720, 2832341736760, QTAgent32.exe, &lt;a class=success&gt;Playback - {68} [SUCCESS] LeftButtonClick  &lt; Mouse cursor location (1040, 395) &gt;
\0&lt;/a&gt;
W, 3504, 14, 2013/05/23, 17:17:03.334, 2832350525152, QTAgent32.exe, &lt;a class=success&gt;Playback - {69} [SUCCESS] SetValueAsEditBox "KA"  &lt; Set via SendKeys &gt;
\0&lt;/a&gt;
W, 3504, 14, 2013/05/23, 17:17:03.334, 2832350527287, QTAgent32.exe, &lt;a class=success&gt;Playback - {70} [SUCCESS] SetValueAsComboBox "KA" - "[MSAA, VisibleOnly]ControlType='ComboBox'"  &lt; Set via SetValueAsEditBox &gt;
\0&lt;/a&gt;
W, 3504, 14, 2013/05/23, 17:17:03.970, 2832359636868, QTAgent32.exe, &lt;a class=success&gt;Playback - {71} [SUCCESS] MouseButtonClick - "[MSAA, VisibleOnly]ControlType='Button' &amp;&amp; Name='Filter'"
\0&lt;/a&gt;
W, 3504, 14, 2013/05/23, 17:17:04.316, 2832364586802, QTAgent32.exe, &lt;a class=success&gt;Playback - {72} [SUCCESS] MouseButtonClick - "[MSAA, VisibleOnly]ControlType='Button' &amp;&amp; Name='OK'"
\0&lt;/a&gt;
W, 3504, 14, 2013/05/23, 17:17:05.032, 2832374840760, QTAgent32.exe, &lt;a class=success&gt;Playback - {73} [SUCCESS] SendKeys "^{HOME}" - "[MSAA, VisibleOnly]ControlType='Edit'"
\0&lt;/a&gt;
E, 3504, 14, 2013/05/23, 17:17:05.032, 2832374843851, QTAgent32.exe, Msaa.GetFocusedElement: could not find accessible object of foreground window
W, 3504, 14, 2013/05/23, 17:17:05.094, 2832375721917, QTAgent32.exe, &lt;a class=success&gt;Playback - {74} [SUCCESS] SendKeys "^+{END}" - "[MSAA, VisibleOnly]ControlType='Edit'"
\0&lt;/a&gt;
E, 3504, 14, 2013/05/23, 17:17:05.094, 2832375725186, QTAgent32.exe, Msaa.GetFocusedElement: could not find accessible object of foreground window
W, 3504, 14, 2013/05/23, 17:17:05.111, 2832375973577, QTAgent32.exe, &lt;a class=success&gt;Playback - {75} [SUCCESS] SendKeys "{DELETE}" - "[MSAA, VisibleOnly]ControlType='Edit'"
\0&lt;/a&gt;
W, 3504, 14, 2013/05/23, 17:17:05.650, 2832383685524, QTAgent32.exe, &lt;a class=success&gt;Playback - {76} [SUCCESS] SetValueAsEditBox "123434" - "[MSAA, VisibleOnly]ControlType='Edit'"  &lt; Set via SendKeys &gt;
\0&lt;/a&gt;
W, 3504, 14, 2013/05/23, 17:17:06.269, 2832392555138, QTAgent32.exe, &lt;a class=success&gt;Playback - {77} [SUCCESS] SendKeys "^{HOME}" - "[MSAA, VisibleOnly]ControlType='Edit'"
\0&lt;/a&gt;
E, 3504, 14, 2013/05/23, 17:17:06.269, 2832392558515, QTAgent32.exe, Msaa.GetFocusedElement: could not find accessible object of foreground window
W, 3504, 14, 2013/05/23, 17:17:06.328, 2832393392977, QTAgent32.exe, &lt;a class=success&gt;Playback - {78} [SUCCESS] SendKeys "^+{END}" - "[MSAA, VisibleOnly]ControlType='Edit'"
\0&lt;/a&gt;
E, 3504, 14, 2013/05/23, 17:17:06.328, 2832393395849, QTAgent32.exe, Msaa.GetFocusedElement: could not find accessible object of foreground window
W, 3504, 14, 2013/05/23, 17:17:06.347, 2832393665476, QTAgent32.exe, &lt;a class=success&gt;Playback - {79} [SUCCESS] SendKeys "{DELETE}" - "[MSAA, VisibleOnly]ControlType='Edit'"
\0&lt;/a&gt;
W, 3504, 14, 2013/05/23, 17:17:06.902, 2832401613423, QTAgent32.exe, &lt;a class=success&gt;Playback - {80} [SUCCESS] SetValueAsEditBox "1000" - "[MSAA, VisibleOnly]ControlType='Edit'"  &lt; Set via SendKeys &gt;
\0&lt;/a&gt;
W, 3504, 14, 2013/05/23, 17:17:07.492, 2832410061773, QTAgent32.exe, &lt;a class=success&gt;Playback - {81} [SUCCESS] SendKeys "^{HOME}" - "[MSAA, VisibleOnly]ControlType='Edit'"
\0&lt;/a&gt;
E, 3504, 14, 2013/05/23, 17:17:07.492, 2832410066240, QTAgent32.exe, Msaa.GetFocusedElement: could not find accessible object of foreground window
W, 3504, 14, 2013/05/23, 17:17:07.557, 2832410999627, QTAgent32.exe, &lt;a class=success&gt;Playback - {82} [SUCCESS] SendKeys "^+{END}" - "[MSAA, VisibleOnly]ControlType='Edit'"
\0&lt;/a&gt;
E, 3504, 14, 2013/05/23, 17:17:07.557, 2832411002913, QTAgent32.exe, Msaa.GetFocusedElement: could not find accessible object of foreground window
W, 3504, 14, 2013/05/23, 17:17:07.573, 2832411222567, QTAgent32.exe, &lt;a class=success&gt;Playback - {83} [SUCCESS] SendKeys "{DELETE}" - "[MSAA, VisibleOnly]ControlType='Edit'"
\0&lt;/a&gt;
W, 3504, 14, 2013/05/23, 17:17:08.147, 2832419447085, QTAgent32.exe, &lt;a class=success&gt;Playback - {84} [SUCCESS] SetValueAsEditBox "30/05/13" - "[MSAA, VisibleOnly]ControlType='Edit'"  &lt; Set via SendKeys &gt;
\0&lt;/a&gt;
W, 3504, 14, 2013/05/23, 17:17:08.536, 2832425009018, QTAgent32.exe, &lt;a class=success&gt;Playback - {85} [SUCCESS] MouseButtonClick - "[MSAA, VisibleOnly]ControlType='Button' &amp;&amp; Name='Calculate Quote'"
\0&lt;/a&gt;
W, 3504, 14, 2013/05/23, 17:17:22.417, 2832623766677, QTAgent32.exe, Playback - [WARNING] Internal warning: Window Not Found: [VisibleOnly]ControlType='Window' &amp;&amp; Name='Quote Select List' &amp;&amp; ClassName='ThunderRT6FormDC'
\0
E, 3504, 14, 2013/05/23, 17:17:22.418, 2832623774998, QTAgent32.exe, &lt;a class=failure&gt;Playback - {86} [FAILED] Function ElementFetcher::FindScreenElement failed to locate UI element (Searching: ;[VisibleOnly]ControlType='Window' &amp;&amp; Name='Quote Select List' &amp;&amp; ClassName='ThunderRT6FormDC') (The object specified was not found.)
\0&lt;/a&gt;
E, 3504, 14, 2013/05/23, 17:17:22.548, 2832625636714, QTAgent32.exe, Playback - [IMAGE] C:\Users\testuser\AppData\Local\Temp\UITestLogs\LastRun\RPFB5BD.png
\0
W, 3504, 14, 2013/05/23, 17:17:22.548, 2832625639308, QTAgent32.exe, Playback - [WARNING] Internal warning: Couldn't find descendants that match QueryId
\0
W, 3504, 14, 2013/05/23, 17:17:22.549, 2832625649750, QTAgent32.exe, PERF WARNING: FindTopLevelWindowHelper::FindAllDescendents: took 13912 ms. Expected it to take maximum 500 ms.
W, 3504, 14, 2013/05/23, 17:17:41.405, 2832895641973, QTAgent32.exe, Playback - [WARNING] Internal warning: Window Not Found: [VisibleOnly]ControlType='Window' &amp;&amp; Name='Quote Select List' &amp;&amp; ClassName='ThunderRT6FormDC'
\0
E, 3504, 14, 2013/05/23, 17:17:41.406, 2832895648631, QTAgent32.exe, &lt;a class=failure&gt;Playback - {87} [FAILED] Function ElementFetcher::FindScreenElement failed to locate UI element (Searching: ;[VisibleOnly]ControlType='Window' &amp;&amp; Name='Quote Select List' &amp;&amp; ClassName='ThunderRT6FormDC') (The object specified was not found.)
\0&lt;/a&gt;
E, 3504, 14, 2013/05/23, 17:17:41.495, 2832896918344, QTAgent32.exe, Playback - [IMAGE] C:\Users\testuser\AppData\Local\Temp\UITestLogs\LastRun\RPFFFE8.png
\0
W, 3504, 14, 2013/05/23, 17:17:41.495, 2832896920824, QTAgent32.exe, Playback - [WARNING] Internal warning: Couldn't find descendants that match QueryId
\0
W, 3504, 14, 2013/05/23, 17:17:41.495, 2832896926553, QTAgent32.exe, PERF WARNING: FindTopLevelWindowHelper::FindAllDescendents: took 18945 ms. Expected it to take maximum 500 ms.
W, 3504, 14, 2013/05/23, 17:17:44.424, 2832938864280, QTAgent32.exe, Playback - [WARNING] Internal warning: Smart Match failed
\0
W, 3504, 14, 2013/05/23, 17:17:45.807, 2832958663211, QTAgent32.exe, Playback - [WARNING] Internal warning: Window Not Found: [VisibleOnly]ControlType='Window' &amp;&amp; Name='Quote Select List' &amp;&amp; ClassName='ThunderRT6FormDC'
\0
E, 3504, 14, 2013/05/23, 17:17:45.807, 2832958667148, QTAgent32.exe, &lt;a class=failure&gt;Playback - {88} [FAILED] Function ElementFetcher::FindScreenElement failed to locate UI element (Searching: ;[VisibleOnly]ControlType='Window' &amp;&amp; Name='Quote Select List' &amp;&amp; ClassName='ThunderRT6FormDC') (The object specified was not found.)
\0&lt;/a&gt;
E, 3504, 14, 2013/05/23, 17:17:45.888, 2832959824778, QTAgent32.exe, Playback - [IMAGE] C:\Users\testuser\AppData\Local\Temp\UITestLogs\LastRun\RPF1118.png
\0
W, 3504, 14, 2013/05/23, 17:17:45.888, 2832959827307, QTAgent32.exe, Playback - [WARNING] Internal warning: Couldn't find descendants that match QueryId
\0
W, 3504, 14, 2013/05/23, 17:17:45.888, 2832959830412, QTAgent32.exe, PERF WARNING: FindTopLevelWindowHelper::FindAllDescendents: took 4392 ms. Expected it to take maximum 500 ms.
E, 3504, 14, 2013/05/23, 17:17:45.889, 2832959832498, QTAgent32.exe, Exception: System.Runtime.InteropServices.COMException
	Message: Error HRESULT E_FAIL has been returned from a call to a COM component.
	Stack Trace:    at Microsoft.VisualStudio.TestTools.UITest.Playback.Engine.IRPFPlayback.FindAllScreenElements(IScreenElement pScreenElementStart, String bstrQueryId, Object&amp; pvarResKeys, Int32 cResKeys, Int32 nMaxDepth, Object[]&amp; foundDescendants)
   at Microsoft.VisualStudio.TestTools.UITest.Playback.ScreenElement.FindTopLevelWindowHelper(String queryId)
	BaseExceptionMessage: Error HRESULT E_FAIL has been returned from a call to a COM component.

E, 3504, 14, 2013/05/23, 17:17:45.990, 2832961285256, QTAgent32.exe, AL: Playback Error: Microsoft.VisualStudio.TestTools.UITest.Extension.UITestControlNotFoundException: The playback failed to find the control with the given search properties. Additional Details: 
TechnologyName:  'MSAA'
ControlType:  'Window'
Name:  'Quote Select List'
ClassName:  'ThunderRT6FormDC'
 ---&gt; System.Runtime.InteropServices.COMException: Error HRESULT E_FAIL has been returned from a call to a COM component.
   at Microsoft.VisualStudio.TestTools.UITest.Playback.Engine.IRPFPlayback.FindAllScreenElements(IScreenElement pScreenElementStart, String bstrQueryId, Object&amp; pvarResKeys, Int32 cResKeys, Int32 nMaxDepth, Object[]&amp; foundDescendants)
   at Microsoft.VisualStudio.TestTools.UITest.Playback.ScreenElement.FindTopLevelWindowHelper(String queryId)
   at Microsoft.VisualStudio.TestTools.UITest.Playback.ScreenElement.FindFromPartialQueryId(String queryId)
   at Microsoft.VisualStudio.TestTools.UITesting.UITestControl..ctor(String queryId)
   --- End of inner exception stack trace ---
   at Microsoft.VisualStudio.TestTools.UITesting.Playback.MapControlNotFoundException(COMException ex, IPlaybackContext context)
   at Microsoft.VisualStudio.TestTools.UITesting.Playback.MapAndThrowComException(COMException innerException, IPlaybackContext context)
   at Microsoft.VisualStudio.TestTools.UITesting.Playback.MapAndThrowException(SystemException exception, IPlaybackContext context)
   at Microsoft.VisualStudio.TestTools.UITesting.Playback.MapAndThrowException(SystemException exception, String queryId)
   at Microsoft.VisualStudio.TestTools.UITesting.UITestControl..ctor(String queryId)
   at Microsoft.VisualStudio.TestTools.UITesting.SearchHelper.SearchTopLevelWindow(ISearchArgument topLevelSearchArg, String topLevelElementQueryId)
   at Microsoft.VisualStudio.TestTools.UITesting.SearchHelper.GetTitleUpdatedTopLevelWindow(ISearchArgument topLevelSearchArg, String queryId, IList`1 windowTitles)
   at Microsoft.VisualStudio.TestTools.UITesting.SearchHelper.GetTopLevelElement(Boolean useCache, Boolean useCacheOnly, ISearchArgument searchArg, IList`1 windowTitles, Int32&amp; timeLeft)
   at Microsoft.VisualStudio.TestTools.UITesting.SearchHelper.GetElement(Boolean useCache, ISearchArgument searchArg)
   at Microsoft.VisualStudio.TestTools.UITesting.SearchHelper.Search(ISearchArgument searchArg)
   at Microsoft.VisualStudio.TestTools.UITesting.UITestControl.FindInternal()
   at Microsoft.VisualStudio.TestTools.UITesting.UITestControl.FindControlIfNecessary()
   at Microsoft.VisualStudio.TestTools.UITesting.UITestControl.Click(MouseButtons button, ModifierKeys modifierKeys, Point relativeCoordinates)
   at Microsoft.VisualStudio.TestTools.UITesting.Mouse.ClickImplementation(UITestControl control, MouseButtons button, ModifierKeys modifierKeys, Point relativeCoordinate)
   at Microsoft.VisualStudio.TestTools.UITesting.Mouse.ClickImplementationWrapper(UITestControl control, MouseButtons button, ModifierKeys modifierKeys, Point relativeCoordinate)
W, 3504, 14, 2013/05/23, 17:17:45.990, 2832961289096, QTAgent32.exe, PlaybackErrorHandler: Ignoring exception as ContinueOnError is set.
W, 3504, 14, 2013/05/23, 17:17:46.175, 2832963935804, QTAgent32.exe, &lt;a class=success&gt;Playback - {89} [SUCCESS] MouseButtonClick - "[MSAA, VisibleOnly]ControlType='Button' &amp;&amp; Name='No'"
\0&lt;/a&gt;
W, 3504, 14, 2013/05/23, 17:17:46.504, 2832968646183, QTAgent32.exe, &lt;a class=success&gt;Playback - {90} [SUCCESS] MouseButtonClick - "[MSAA, VisibleOnly]ControlType='Button' &amp;&amp; Name='Ok'"
\0&lt;/a&gt;
W, 3504, 14, 2013/05/23, 17:17:49.050, 2833005101077, QTAgent32.exe, PERF WARNING: FindTopLevelWindowHelper::FindAllDescendents: took 2445 ms. Expected it to take maximum 500 ms.
W, 3504, 14, 2013/05/23, 17:17:49.179, 2833006948660, QTAgent32.exe, &lt;a class=success&gt;Playback - {91} [SUCCESS] MouseButtonClick - "[MSAA, VisibleOnly]ControlType='Client'"
\0&lt;/a&gt;
W, 3504, 14, 2013/05/23, 17:17:51.099, 2833034445323, QTAgent32.exe, &lt;a class=success&gt;Playback - {92} [SUCCESS] SendKeys "{Home}" - "[MSAA, VisibleOnly]ControlType='Client'"
\0&lt;/a&gt;
W, 3504, 14, 2013/05/23, 17:17:54.335, 2833080775394, QTAgent32.exe, &lt;a class=success&gt;Playback - {93} [SUCCESS] MouseButtonClick - "[MSAA, VisibleOnly]ControlType='Button' &amp;&amp; Name='Accept'"
\0&lt;/a&gt;
W, 3504, 14, 2013/05/23, 17:17:54.809, 2833087558654, QTAgent32.exe, &lt;a class=success&gt;Playback - {94} [SUCCESS] MouseButtonClick - "[MSAA, VisibleOnly]ControlType='Button' &amp;&amp; Name='Yes'"
\0&lt;/a&gt;
W, 3504, 14, 2013/05/23, 17:17:55.129, 2833092146667, QTAgent32.exe, &lt;a class=success&gt;Playback - {95} [SUCCESS] MouseButtonClick - "[MSAA, VisibleOnly]ControlType='Button' &amp;&amp; Name='Ok'"
\0&lt;/a&gt;
W, 3504, 14, 2013/05/23, 17:17:55.392, 2833095905169, QTAgent32.exe, &lt;a class=success&gt;Playback - {96} [SUCCESS] MouseButtonClick - "[MSAA, VisibleOnly]ControlType='Button' &amp;&amp; Name='Ok'"
\0&lt;/a&gt;
W, 3504, 14, 2013/05/23, 17:17:55.838, 2833102287566, QTAgent32.exe, &lt;a class=success&gt;Playback - {97} [SUCCESS] MouseButtonClick - "[MSAA, VisibleOnly]ControlType='Button' &amp;&amp; Name='Confirm'"
\0&lt;/a&gt;
W, 3504, 14, 2013/05/23, 17:18:25.568, 2833527977034, QTAgent32.exe, Playback - [WARNING] Internal warning: Window Not Found: [VisibleOnly]ControlType='Window' &amp;&amp; Name='Save the file as' &amp;&amp; ClassName='#32770'
\0
E, 3504, 14, 2013/05/23, 17:18:25.569, 2833527985461, QTAgent32.exe, &lt;a class=failure&gt;Playback - {98} [FAILED] Function ElementFetcher::FindScreenElement failed to locate UI element (Searching: ;[VisibleOnly]ControlType='Window' &amp;&amp; Name='Save the file as' &amp;&amp; ClassName='#32770') (The object specified was not found.)
\0&lt;/a&gt;
E, 3504, 14, 2013/05/23, 17:18:25.728, 2833530263789, QTAgent32.exe, Playback - [IMAGE] C:\Users\testuser\AppData\Local\Temp\UITestLogs\LastRun\RPFAC6D.png
\0
W, 3504, 14, 2013/05/23, 17:18:25.728, 2833530266250, QTAgent32.exe, Playback - [WARNING] Internal warning: Couldn't find descendants that match QueryId
\0
W, 3504, 14, 2013/05/23, 17:18:25.729, 2833530275335, QTAgent32.exe, PERF WARNING: FindTopLevelWindowHelper::FindAllDescendents: took 29769 ms. Expected it to take maximum 500 ms.
W, 3504, 14, 2013/05/23, 17:18:44.932, 2833805225376, QTAgent32.exe, Playback - [WARNING] Internal warning: Window Not Found: [VisibleOnly]ControlType='Window' &amp;&amp; Name='Save the file as' &amp;&amp; ClassName='#32770'
\0
E, 3504, 14, 2013/05/23, 17:18:44.932, 2833805232662, QTAgent32.exe, &lt;a class=failure&gt;Playback - {99} [FAILED] Function ElementFetcher::FindScreenElement failed to locate UI element (Searching: ;[VisibleOnly]ControlType='Window' &amp;&amp; Name='Save the file as' &amp;&amp; ClassName='#32770') (The object specified was not found.)
\0&lt;/a&gt;
E, 3504, 14, 2013/05/23, 17:18:45.052, 2833806949353, QTAgent32.exe, Playback - [IMAGE] C:\Users\testuser\AppData\Local\Temp\UITestLogs\LastRun\RPFF80E.png
\0
W, 3504, 14, 2013/05/23, 17:18:45.052, 2833806951630, QTAgent32.exe, Playback - [WARNING] Internal warning: Couldn't find descendants that match QueryId
\0
W, 3504, 14, 2013/05/23, 17:18:45.053, 2833806960356, QTAgent32.exe, PERF WARNING: FindTopLevelWindowHelper::FindAllDescendents: took 19321 ms. Expected it to take maximum 500 ms.
W, 3504, 14, 2013/05/23, 17:18:47.786, 2833846087237, QTAgent32.exe, Playback - [WARNING] Internal warning: Smart Match failed
\0
W, 3504, 14, 2013/05/23, 17:18:49.088, 2833864736812, QTAgent32.exe, Playback - [WARNING] Internal warning: Window Not Found: [VisibleOnly]ControlType='Window' &amp;&amp; Name='Save the file as' &amp;&amp; ClassName='#32770'
\0
E, 3504, 14, 2013/05/23, 17:18:49.088, 2833864739906, QTAgent32.exe, &lt;a class=failure&gt;Playback - {100} [FAILED] Function ElementFetcher::FindScreenElement failed to locate UI element (Searching: ;[VisibleOnly]ControlType='Window' &amp;&amp; Name='Save the file as' &amp;&amp; ClassName='#32770') (The object specified was not found.)
\0&lt;/a&gt;
E, 3504, 14, 2013/05/23, 17:18:49.168, 2833865879986, QTAgent32.exe, Playback - [IMAGE] C:\Users\testuser\AppData\Local\Temp\UITestLogs\LastRun\RPF845.png
\0
W, 3504, 14, 2013/05/23, 17:18:49.168, 2833865882770, QTAgent32.exe, Playback - [WARNING] Internal warning: Couldn't find descendants that match QueryId
\0
W, 3504, 14, 2013/05/23, 17:18:49.168, 2833865886178, QTAgent32.exe, PERF WARNING: FindTopLevelWindowHelper::FindAllDescendents: took 4115 ms. Expected it to take maximum 500 ms.
E, 3504, 14, 2013/05/23, 17:18:49.169, 2833865888336, QTAgent32.exe, Exception: System.Runtime.InteropServices.COMException
	Message: Error HRESULT E_FAIL has been returned from a call to a COM component.
	Stack Trace:    at Microsoft.VisualStudio.TestTools.UITest.Playback.Engine.IRPFPlayback.FindAllScreenElements(IScreenElement pScreenElementStart, String bstrQueryId, Object&amp; pvarResKeys, Int32 cResKeys, Int32 nMaxDepth, Object[]&amp; foundDescendants)
   at Microsoft.VisualStudio.TestTools.UITest.Playback.ScreenElement.FindTopLevelWindowHelper(String queryId)
	BaseExceptionMessage: Error HRESULT E_FAIL has been returned from a call to a COM component.

E, 3504, 14, 2013/05/23, 17:18:49.271, 2833867349761, QTAgent32.exe, AL: Playback Error: Microsoft.VisualStudio.TestTools.UITest.Extension.UITestControlNotFoundException: The playback failed to find the control with the given search properties. Additional Details: 
TechnologyName:  'MSAA'
ControlType:  'Window'
Name:  'Save the file as'
ClassName:  '#32770'
 ---&gt; System.Runtime.InteropServices.COMException: Error HRESULT E_FAIL has been returned from a call to a COM component.
   at Microsoft.VisualStudio.TestTools.UITest.Playback.Engine.IRPFPlayback.FindAllScreenElements(IScreenElement pScreenElementStart, String bstrQueryId, Object&amp; pvarResKeys, Int32 cResKeys, Int32 nMaxDepth, Object[]&amp; foundDescendants)
   at Microsoft.VisualStudio.TestTools.UITest.Playback.ScreenElement.FindTopLevelWindowHelper(String queryId)
   at Microsoft.VisualStudio.TestTools.UITest.Playback.ScreenElement.FindFromPartialQueryId(String queryId)
   at Microsoft.VisualStudio.TestTools.UITesting.UITestControl..ctor(String queryId)
   --- End of inner exception stack trace ---
   at Microsoft.VisualStudio.TestTools.UITesting.Playback.MapControlNotFoundException(COMException ex, IPlaybackContext context)
   at Microsoft.VisualStudio.TestTools.UITesting.Playback.MapAndThrowComException(COMException innerException, IPlaybackContext context)
   at Microsoft.VisualStudio.TestTools.UITesting.Playback.MapAndThrowException(SystemException exception, IPlaybackContext context)
   at Microsoft.VisualStudio.TestTools.UITesting.Playback.MapAndThrowException(SystemException exception, String queryId)
   at Microsoft.VisualStudio.TestTools.UITesting.UITestControl..ctor(String queryId)
   at Microsoft.VisualStudio.TestTools.UITesting.SearchHelper.SearchTopLevelWindow(ISearchArgument topLevelSearchArg, String topLevelElementQueryId)
   at Microsoft.VisualStudio.TestTools.UITesting.SearchHelper.GetTitleUpdatedTopLevelWindow(ISearchArgument topLevelSearchArg, String queryId, IList`1 windowTitles)
   at Microsoft.VisualStudio.TestTools.UITesting.SearchHelper.GetTopLevelElement(Boolean useCache, Boolean useCacheOnly, ISearchArgument searchArg, IList`1 windowTitles, Int32&amp; timeLeft)
   at Microsoft.VisualStudio.TestTools.UITesting.SearchHelper.GetElement(Boolean useCache, ISearchArgument searchArg)
   at Microsoft.VisualStudio.TestTools.UITesting.SearchHelper.Search(ISearchArgument searchArg)
   at Microsoft.VisualStudio.TestTools.UITesting.UITestControl.FindInternal()
   at Microsoft.VisualStudio.TestTools.UITesting.UITestControl.FindControlIfNecessary()
   at Microsoft.VisualStudio.TestTools.UITesting.UITestControl.Click(MouseButtons button, ModifierKeys modifierKeys, Point relativeCoordinates)
   at Microsoft.VisualStudio.TestTools.UITesting.Mouse.ClickImplementation(UITestControl control, MouseButtons button, ModifierKeys modifierKeys, Point relativeCoordinate)
   at Microsoft.VisualStudio.TestTools.UITesting.Mouse.ClickImplementationWrapper(UITestControl control, MouseButtons button, ModifierKeys modifierKeys, Point relativeCoordinate)
W, 3504, 14, 2013/05/23, 17:18:49.271, 2833867355106, QTAgent32.exe, PlaybackErrorHandler: Ignoring exception as ContinueOnError is set.
W, 3504, 14, 2013/05/23, 17:18:49.437, 2833869737727, QTAgent32.exe, &lt;a class=success&gt;Playback - {101} [SUCCESS] Check - "[MSAA, VisibleOnly]ControlType='CheckBox' &amp;&amp; Name='Defer Printing?'"
\0&lt;/a&gt;
W, 3504, 14, 2013/05/23, 17:18:49.961, 2833877228648, QTAgent32.exe, &lt;a class=success&gt;Playback - {102} [SUCCESS] MouseButtonClick - "[MSAA, VisibleOnly]ControlType='Button' &amp;&amp; Name='Ok'"
\0&lt;/a&gt;
W, 3504, 14, 2013/05/23, 17:18:51.776, 2833903218632, QTAgent32.exe, PERF WARNING: FindTopLevelWindowHelper::FindAllDescendents: took 1714 ms. Expected it to take maximum 500 ms.
W, 3504, 14, 2013/05/23, 17:18:52.535, 2833914091766, QTAgent32.exe, &lt;a class=success&gt;Playback - {103} [SUCCESS] Uncheck - "[MSAA, VisibleOnly]ControlType='CheckBox' &amp;&amp; Name='Add Activity'"
\0&lt;/a&gt;
W, 3504, 14, 2013/05/23, 17:18:55.044, 2833950008229, QTAgent32.exe, &lt;a class=success&gt;Playback - {104} [SUCCESS] MouseButtonClick - "[MSAA, VisibleOnly]ControlType='Button' &amp;&amp; Name='Ok'"
\0&lt;/a&gt;
W, 3504, 14, 2013/05/23, 17:18:55.308, 2833953793231, QTAgent32.exe, &lt;a class=success&gt;Playback - {105} [SUCCESS] MouseButtonClick - "[MSAA, VisibleOnly]ControlType='Button' &amp;&amp; Name='Ok'"
\0&lt;/a&gt;
W, 3504, 14, 2013/05/23, 17:18:59.648, 2834015932737, QTAgent32.exe, PERF WARNING: FindTopLevelWindowHelper::FindAllDescendents: took 4239 ms. Expected it to take maximum 500 ms.
W, 3504, 14, 2013/05/23, 17:19:01.813, 2834046937459, QTAgent32.exe, &lt;a class=success&gt;Playback - {106} [SUCCESS] MouseButtonClick - "[MSAA, VisibleOnly]ControlType='Button' &amp;&amp; Name='OK'"
\0&lt;/a&gt;
W, 3504, 14, 2013/05/23, 17:19:02.140, 2834051614799, QTAgent32.exe, &lt;a class=success&gt;Playback - {107} [SUCCESS] MouseButtonClick - "[MSAA, VisibleOnly]ControlType='Button' &amp;&amp; Name='Cancel'"
\0&lt;/a&gt;
W, 3504, 14, 2013/05/23, 17:19:02.529, 2834057193061, QTAgent32.exe, &lt;a class=success&gt;Playback - {108} [SUCCESS] MouseButtonClick - "[MSAA, VisibleOnly]ControlType='Button'"
\0&lt;/a&gt;
W, 3504, 14, 2013/05/23, 17:19:03.135, 2834065860708, QTAgent32.exe, &lt;a class=success&gt;Playback - {109} [SUCCESS] MouseButtonClick - "[MSAA, VisibleOnly]ControlType='Button' &amp;&amp; Name='Detail'"
\0&lt;/a&gt;
W, 3504, 14, 2013/05/23, 17:19:07.785, 2834132434550, QTAgent32.exe, Playback - [WARNING] Internal warning: Window Not Found: [VisibleOnly]ControlType='Window' &amp;&amp; Name='Connect to www.insur-econnect.com'
\0
E, 3504, 14, 2013/05/23, 17:19:07.785, 2834132437870, QTAgent32.exe, &lt;a class=failure&gt;Playback - {110} [FAILED] Function ElementFetcher::FindScreenElement failed to locate UI element (Searching: ;[VisibleOnly]ControlType='Window' &amp;&amp; Name='Connect to www.insur-econnect.com') (The object specified was not found.)
\0&lt;/a&gt;
E, 3504, 14, 2013/05/23, 17:19:07.866, 2834133592425, QTAgent32.exe, Playback - [IMAGE] C:\Users\testuser\AppData\Local\Temp\UITestLogs\LastRun\RPF5156.png
\0
W, 3504, 14, 2013/05/23, 17:19:07.866, 2834133594861, QTAgent32.exe, Playback - [WARNING] Internal warning: Couldn't find descendants that match QueryId
\0
W, 3504, 14, 2013/05/23, 17:19:07.866, 2834133597955, QTAgent32.exe, PERF WARNING: FindTopLevelWindowHelper::FindAllDescendents: took 1382 ms. Expected it to take maximum 500 ms.
W, 3504, 14, 2013/05/23, 17:19:26.062, 2834394131703, QTAgent32.exe, Playback - [WARNING] Internal warning: Window Not Found: [VisibleOnly]ControlType='Window' &amp;&amp; Name='Connect to www.insur-econnect.com'
\0
E, 3504, 14, 2013/05/23, 17:19:26.062, 2834394136237, QTAgent32.exe, &lt;a class=failure&gt;Playback - {111} [FAILED] Function ElementFetcher::FindScreenElement failed to locate UI element (Searching: ;[VisibleOnly]ControlType='Window' &amp;&amp; Name='Connect to www.insur-econnect.com') (The object specified was not found.)
\0&lt;/a&gt;
E, 3504, 14, 2013/05/23, 17:19:26.143, 2834395294640, QTAgent32.exe, Playback - [IMAGE] C:\Users\testuser\AppData\Local\Temp\UITestLogs\LastRun\RPF98B3.png
\0
W, 3504, 14, 2013/05/23, 17:19:26.143, 2834395297182, QTAgent32.exe, Playback - [WARNING] Internal warning: Couldn't find descendants that match QueryId
\0
W, 3504, 14, 2013/05/23, 17:19:26.143, 2834395302153, QTAgent32.exe, PERF WARNING: FindTopLevelWindowHelper::FindAllDescendents: took 18277 ms. Expected it to take maximum 500 ms.
W, 3504, 14, 2013/05/23, 17:19:26.870, 2834405695197, QTAgent32.exe, Playback - [WARNING] Internal warning: Smart Match failed
\0
W, 3504, 14, 2013/05/23, 17:19:27.234, 2834410907012, QTAgent32.exe, Playback - [WARNING] Internal warning: Smart Match failed
\0
W, 3504, 14, 2013/05/23, 17:19:27.615, 2834416372227, QTAgent32.exe, Playback - [WARNING] Internal warning: Smart Match failed
\0
W, 3504, 14, 2013/05/23, 17:19:27.987, 2834421694690, QTAgent32.exe, Playback - [WARNING] Internal warning: Smart Match failed
\0
W, 3504, 14, 2013/05/23, 17:19:28.354, 2834426951403, QTAgent32.exe, Playback - [WARNING] Internal warning: Smart Match failed
\0
W, 3504, 14, 2013/05/23, 17:19:28.715, 2834432114826, QTAgent32.exe, Playback - [WARNING] Internal warning: Smart Match failed
\0
W, 3504, 14, 2013/05/23, 17:19:29.065, 2834437131032, QTAgent32.exe, Playback - [WARNING] Internal warning: Smart Match failed
\0
W, 3504, 14, 2013/05/23, 17:19:29.309, 2834440621048, QTAgent32.exe, Playback - [WARNING] Internal warning: Window Not Found: [VisibleOnly]ControlType='Window' &amp;&amp; Name='Connect to www.insur-econnect.com'
\0
E, 3504, 14, 2013/05/23, 17:19:29.309, 2834440624372, QTAgent32.exe, &lt;a class=failure&gt;Playback - {112} [FAILED] Function ElementFetcher::FindScreenElement failed to locate UI element (Searching: ;[VisibleOnly]ControlType='Window' &amp;&amp; Name='Connect to www.insur-econnect.com') (The object specified was not found.)
\0&lt;/a&gt;
E, 3504, 14, 2013/05/23, 17:19:29.389, 2834441771703, QTAgent32.exe, Playback - [IMAGE] C:\Users\testuser\AppData\Local\Temp\UITestLogs\LastRun\RPFA570.png
\0
W, 3504, 14, 2013/05/23, 17:19:29.389, 2834441775104, QTAgent32.exe, Playback - [WARNING] Internal warning: Couldn't find descendants that match QueryId
\0
W, 3504, 14, 2013/05/23, 17:19:29.389, 2834441779491, QTAgent32.exe, PERF WARNING: FindTopLevelWindowHelper::FindAllDescendents: took 3245 ms. Expected it to take maximum 500 ms.
E, 3504, 14, 2013/05/23, 17:19:29.390, 2834441781763, QTAgent32.exe, Exception: System.Runtime.InteropServices.COMException
	Message: Error HRESULT E_FAIL has been returned from a call to a COM component.
	Stack Trace:    at Microsoft.VisualStudio.TestTools.UITest.Playback.Engine.IRPFPlayback.FindAllScreenElements(IScreenElement pScreenElementStart, String bstrQueryId, Object&amp; pvarResKeys, Int32 cResKeys, Int32 nMaxDepth, Object[]&amp; foundDescendants)
   at Microsoft.VisualStudio.TestTools.UITest.Playback.ScreenElement.FindTopLevelWindowHelper(String queryId)
	BaseExceptionMessage: Error HRESULT E_FAIL has been returned from a call to a COM component.

W, 3504, 14, 2013/05/23, 17:19:30.803, 2834462007786, QTAgent32.exe, Playback - [WARNING] Internal warning: Window Not Found: [VisibleOnly]ControlType='Window' &amp;&amp; Name='Windows Security'
\0
E, 3504, 14, 2013/05/23, 17:19:30.803, 2834462010749, QTAgent32.exe, &lt;a class=failure&gt;Playback - {113} [FAILED] Function ElementFetcher::FindScreenElement failed to locate UI element (Searching: ;[VisibleOnly]ControlType='Window' &amp;&amp; Name='Windows Security') (The object specified was not found.)
\0&lt;/a&gt;
E, 3504, 14, 2013/05/23, 17:19:30.892, 2834463288963, QTAgent32.exe, Playback - [IMAGE] C:\Users\testuser\AppData\Local\Temp\UITestLogs\LastRun\RPFAB3B.png
\0
W, 3504, 14, 2013/05/23, 17:19:30.892, 2834463291549, QTAgent32.exe, Playback - [WARNING] Internal warning: Couldn't find descendants that match QueryId
\0
W, 3504, 14, 2013/05/23, 17:19:30.892, 2834463294769, QTAgent32.exe, PERF WARNING: FindTopLevelWindowHelper::FindAllDescendents: took 1501 ms. Expected it to take maximum 500 ms.
W, 3504, 14, 2013/05/23, 17:19:49.081, 2834723719561, QTAgent32.exe, Playback - [WARNING] Internal warning: Window Not Found: [VisibleOnly]ControlType='Window' &amp;&amp; Name='Windows Security'
\0
E, 3504, 14, 2013/05/23, 17:19:49.081, 2834723722915, QTAgent32.exe, &lt;a class=failure&gt;Playback - {114} [FAILED] Function ElementFetcher::FindScreenElement failed to locate UI element (Searching: ;[VisibleOnly]ControlType='Window' &amp;&amp; Name='Windows Security') (The object specified was not found.)
\0&lt;/a&gt;
E, 3504, 14, 2013/05/23, 17:19:49.161, 2834724870618, QTAgent32.exe, Playback - [IMAGE] C:\Users\testuser\AppData\Local\Temp\UITestLogs\LastRun\RPFF2A8.png
\0
W, 3504, 14, 2013/05/23, 17:19:49.161, 2834724873299, QTAgent32.exe, Playback - [WARNING] Internal warning: Couldn't find descendants that match QueryId
\0
W, 3504, 14, 2013/05/23, 17:19:49.161, 2834724876533, QTAgent32.exe, PERF WARNING: FindTopLevelWindowHelper::FindAllDescendents: took 18269 ms. Expected it to take maximum 500 ms.
W, 3504, 14, 2013/05/23, 17:19:49.911, 2834735618687, QTAgent32.exe, Playback - [WARNING] Internal warning: Smart Match failed
\0
W, 3504, 14, 2013/05/23, 17:19:50.265, 2834740667154, QTAgent32.exe, Playback - [WARNING] Internal warning: Smart Match failed
\0
W, 3504, 14, 2013/05/23, 17:19:50.630, 2834745901668, QTAgent32.exe, Playback - [WARNING] Internal warning: Smart Match failed
\0
W, 3504, 14, 2013/05/23, 17:19:51.005, 2834751269320, QTAgent32.exe, Playback - [WARNING] Internal warning: Smart Match failed
\0
W, 3504, 14, 2013/05/23, 17:19:51.378, 2834756606956, QTAgent32.exe, Playback - [WARNING] Internal warning: Smart Match failed
\0
W, 3504, 14, 2013/05/23, 17:19:51.756, 2834762022227, QTAgent32.exe, Playback - [WARNING] Internal warning: Smart Match failed
\0
W, 3504, 14, 2013/05/23, 17:19:52.108, 2834767068194, QTAgent32.exe, Playback - [WARNING] Internal warning: Smart Match failed
\0
W, 3504, 14, 2013/05/23, 17:19:52.340, 2834770383268, QTAgent32.exe, Playback - [WARNING] Internal warning: Window Not Found: [VisibleOnly]ControlType='Window' &amp;&amp; Name='Windows Security'
\0
E, 3504, 14, 2013/05/23, 17:19:52.340, 2834770386576, QTAgent32.exe, &lt;a class=failure&gt;Playback - {115} [FAILED] Function ElementFetcher::FindScreenElement failed to locate UI element (Searching: ;[VisibleOnly]ControlType='Window' &amp;&amp; Name='Windows Security') (The object specified was not found.)
\0&lt;/a&gt;
E, 3504, 14, 2013/05/23, 17:19:52.418, 2834771502720, QTAgent32.exe, Playback - [IMAGE] C:\Users\testuser\AppData\Local\Temp\UITestLogs\LastRun\RPFFF65.png
\0
W, 3504, 14, 2013/05/23, 17:19:52.418, 2834771505513, QTAgent32.exe, Playback - [WARNING] Internal warning: Couldn't find descendants that match QueryId
\0
W, 3504, 14, 2013/05/23, 17:19:52.418, 2834771508425, QTAgent32.exe, PERF WARNING: FindTopLevelWindowHelper::FindAllDescendents: took 3256 ms. Expected it to take maximum 500 ms.
E, 3504, 14, 2013/05/23, 17:19:52.418, 2834771510183, QTAgent32.exe, Exception: System.Runtime.InteropServices.COMException
	Message: Error HRESULT E_FAIL has been returned from a call to a COM component.
	Stack Trace:    at Microsoft.VisualStudio.TestTools.UITest.Playback.Engine.IRPFPlayback.FindAllScreenElements(IScreenElement pScreenElementStart, String bstrQueryId, Object&amp; pvarResKeys, Int32 cResKeys, Int32 nMaxDepth, Object[]&amp; foundDescendants)
   at Microsoft.VisualStudio.TestTools.UITest.Playback.ScreenElement.FindTopLevelWindowHelper(String queryId)
	BaseExceptionMessage: Error HRESULT E_FAIL has been returned from a call to a COM component.

E, 3504, 14, 2013/05/23, 17:19:52.519, 2834772957018, QTAgent32.exe, AL: Playback Error: Microsoft.VisualStudio.TestTools.UITest.Extension.UITestControlNotFoundException: The playback failed to find the control with the given search properties. Additional Details: 
TechnologyName:  'MSAA'
ControlType:  'Window'
Name:  'Windows Security'
 ---&gt; System.Runtime.InteropServices.COMException: Error HRESULT E_FAIL has been returned from a call to a COM component.
   at Microsoft.VisualStudio.TestTools.UITest.Playback.Engine.IRPFPlayback.FindAllScreenElements(IScreenElement pScreenElementStart, String bstrQueryId, Object&amp; pvarResKeys, Int32 cResKeys, Int32 nMaxDepth, Object[]&amp; foundDescendants)
   at Microsoft.VisualStudio.TestTools.UITest.Playback.ScreenElement.FindTopLevelWindowHelper(String queryId)
   at Microsoft.VisualStudio.TestTools.UITest.Playback.ScreenElement.FindFromPartialQueryId(String queryId)
   at Microsoft.VisualStudio.TestTools.UITesting.UITestControl..ctor(String queryId)
   --- End of inner exception stack trace ---
   at Microsoft.VisualStudio.TestTools.UITesting.Playback.MapControlNotFoundException(COMException ex, IPlaybackContext context)
   at Microsoft.VisualStudio.TestTools.UITesting.Playback.MapAndThrowComException(COMException innerException, IPlaybackContext context)
   at Microsoft.VisualStudio.TestTools.UITesting.Playback.MapAndThrowException(SystemException exception, IPlaybackContext context)
   at Microsoft.VisualStudio.TestTools.UITesting.Playback.MapAndThrowException(SystemException exception, String queryId)
   at Microsoft.VisualStudio.TestTools.UITesting.UITestControl..ctor(String queryId)
   at Microsoft.VisualStudio.TestTools.UITesting.SearchHelper.SearchTopLevelWindow(ISearchArgument topLevelSearchArg, String topLevelElementQueryId)
   at Microsoft.VisualStudio.TestTools.UITesting.SearchHelper.GetTitleUpdatedTopLevelWindow(ISearchArgument topLevelSearchArg, String queryId, IList`1 windowTitles)
   at Microsoft.VisualStudio.TestTools.UITesting.SearchHelper.GetTopLevelElement(Boolean useCache, Boolean useCacheOnly, ISearchArgument searchArg, IList`1 windowTitles, Int32&amp; timeLeft)
   at Microsoft.VisualStudio.TestTools.UITesting.SearchHelper.GetElement(Boolean useCache, ISearchArgument searchArg)
   at Microsoft.VisualStudio.TestTools.UITesting.SearchHelper.Search(ISearchArgument searchArg)
   at Microsoft.VisualStudio.TestTools.UITesting.UITestControl.FindInternal()
   at Microsoft.VisualStudio.TestTools.UITesting.UITestControl.FindControlIfNecessary()
   at Microsoft.VisualStudio.TestTools.UITesting.UITestControl.SendKeys(String text, ModifierKeys modifierKeys, Boolean isEncoded, Boolean isUnicode)
   at Microsoft.VisualStudio.TestTools.UITesting.Keyboard.SendKeysImplementation(UITestControl control, String text, ModifierKeys modifierKeys, Boolean isEncoded, Boolean isUnicode)
   at Microsoft.VisualStudio.TestTools.UITesting.Keyboard.SendKeysImplementationWrapper(UITestControl control, String text, ModifierKeys modifierKeys, Boolean isEncoded, Boolean isUnicode)
W, 3504, 14, 2013/05/23, 17:19:52.520, 2834772961667, QTAgent32.exe, PlaybackErrorHandler: Ignoring exception as ContinueOnError is set.
W, 3504, 14, 2013/05/23, 17:19:53.743, 2834790485331, QTAgent32.exe, Playback - [WARNING] Internal warning: Window Not Found: [VisibleOnly]ControlType='Window' &amp;&amp; Name='Windows Security'
\0
E, 3504, 14, 2013/05/23, 17:19:53.744, 2834790488344, QTAgent32.exe, &lt;a class=failure&gt;Playback - {116} [FAILED] Function ElementFetcher::FindScreenElement failed to locate UI element (Searching: ;[VisibleOnly]ControlType='Window' &amp;&amp; Name='Windows Security') (The object specified was not found.)
\0&lt;/a&gt;
E, 3504, 14, 2013/05/23, 17:19:53.833, 2834791771001, QTAgent32.exe, Playback - [IMAGE] C:\Users\testuser\AppData\Local\Temp\UITestLogs\LastRun\RPF4E2.png
\0
W, 3504, 14, 2013/05/23, 17:19:53.833, 2834791773412, QTAgent32.exe, Playback - [WARNING] Internal warning: Couldn't find descendants that match QueryId
\0
W, 3504, 14, 2013/05/23, 17:19:53.834, 2834791776356, QTAgent32.exe, PERF WARNING: FindTopLevelWindowHelper::FindAllDescendents: took 1313 ms. Expected it to take maximum 500 ms.
W, 3504, 14, 2013/05/23, 17:20:11.895, 2835050387107, QTAgent32.exe, Playback - [WARNING] Internal warning: Window Not Found: [VisibleOnly]ControlType='Window' &amp;&amp; Name='Windows Security'
\0
E, 3504, 14, 2013/05/23, 17:20:11.896, 2835050392366, QTAgent32.exe, &lt;a class=failure&gt;Playback - {117} [FAILED] Function ElementFetcher::FindScreenElement failed to locate UI element (Searching: ;[VisibleOnly]ControlType='Window' &amp;&amp; Name='Windows Security') (The object specified was not found.)
\0&lt;/a&gt;
E, 3504, 14, 2013/05/23, 17:20:11.985, 2835051662061, QTAgent32.exe, Playback - [IMAGE] C:\Users\testuser\AppData\Local\Temp\UITestLogs\LastRun\RPF4BD2.png
\0
W, 3504, 14, 2013/05/23, 17:20:11.985, 2835051664410, QTAgent32.exe, Playback - [WARNING] Internal warning: Couldn't find descendants that match QueryId
\0
W, 3504, 14, 2013/05/23, 17:20:11.985, 2835051672965, QTAgent32.exe, PERF WARNING: FindTopLevelWindowHelper::FindAllDescendents: took 18151 ms. Expected it to take maximum 500 ms.
W, 3504, 14, 2013/05/23, 17:20:12.738, 2835062450512, QTAgent32.exe, Playback - [WARNING] Internal warning: Smart Match failed
\0
W, 3504, 14, 2013/05/23, 17:20:13.092, 2835067527267, QTAgent32.exe, Playback - [WARNING] Internal warning: Smart Match failed
\0
W, 3504, 14, 2013/05/23, 17:20:13.439, 2835072486385, QTAgent32.exe, Playback - [WARNING] Internal warning: Smart Match failed
\0
W, 3504, 14, 2013/05/23, 17:20:13.805, 2835077726211, QTAgent32.exe, Playback - [WARNING] Internal warning: Smart Match failed
\0
W, 3504, 14, 2013/05/23, 17:20:14.174, 2835083005841, QTAgent32.exe, Playback - [WARNING] Internal warning: Smart Match failed
\0
W, 3504, 14, 2013/05/23, 17:20:14.543, 2835088293630, QTAgent32.exe, Playback - [WARNING] Internal warning: Smart Match failed
\0
W, 3504, 14, 2013/05/23, 17:20:14.919, 2835093677988, QTAgent32.exe, Playback - [WARNING] Internal warning: Smart Match failed
\0
W, 3504, 14, 2013/05/23, 17:20:15.171, 2835097280902, QTAgent32.exe, Playback - [WARNING] Internal warning: Window Not Found: [VisibleOnly]ControlType='Window' &amp;&amp; Name='Windows Security'
\0
E, 3504, 14, 2013/05/23, 17:20:15.171, 2835097283801, QTAgent32.exe, &lt;a class=failure&gt;Playback - {118} [FAILED] Function ElementFetcher::FindScreenElement failed to locate UI element (Searching: ;[VisibleOnly]ControlType='Window' &amp;&amp; Name='Windows Security') (The object specified was not found.)
\0&lt;/a&gt;
E, 3504, 14, 2013/05/23, 17:20:15.262, 2835098588395, QTAgent32.exe, Playback - [IMAGE] C:\Users\testuser\AppData\Local\Temp\UITestLogs\LastRun\RPF588F.png
\0
W, 3504, 14, 2013/05/23, 17:20:15.262, 2835098590963, QTAgent32.exe, Playback - [WARNING] Internal warning: Couldn't find descendants that match QueryId
\0
W, 3504, 14, 2013/05/23, 17:20:15.262, 2835098594851, QTAgent32.exe, PERF WARNING: FindTopLevelWindowHelper::FindAllDescendents: took 3276 ms. Expected it to take maximum 500 ms.
E, 3504, 14, 2013/05/23, 17:20:15.263, 2835098597625, QTAgent32.exe, Exception: System.Runtime.InteropServices.COMException
	Message: Error HRESULT E_FAIL has been returned from a call to a COM component.
	Stack Trace:    at Microsoft.VisualStudio.TestTools.UITest.Playback.Engine.IRPFPlayback.FindAllScreenElements(IScreenElement pScreenElementStart, String bstrQueryId, Object&amp; pvarResKeys, Int32 cResKeys, Int32 nMaxDepth, Object[]&amp; foundDescendants)
   at Microsoft.VisualStudio.TestTools.UITest.Playback.ScreenElement.FindTopLevelWindowHelper(String queryId)
	BaseExceptionMessage: Error HRESULT E_FAIL has been returned from a call to a COM component.

E, 3504, 14, 2013/05/23, 17:20:15.364, 2835100044932, QTAgent32.exe, AL: Playback Error: Microsoft.VisualStudio.TestTools.UITest.Extension.UITestControlNotFoundException: The playback failed to find the control with the given search properties. Additional Details: 
TechnologyName:  'MSAA'
ControlType:  'Window'
Name:  'Windows Security'
 ---&gt; System.Runtime.InteropServices.COMException: Error HRESULT E_FAIL has been returned from a call to a COM component.
   at Microsoft.VisualStudio.TestTools.UITest.Playback.Engine.IRPFPlayback.FindAllScreenElements(IScreenElement pScreenElementStart, String bstrQueryId, Object&amp; pvarResKeys, Int32 cResKeys, Int32 nMaxDepth, Object[]&amp; foundDescendants)
   at Microsoft.VisualStudio.TestTools.UITest.Playback.ScreenElement.FindTopLevelWindowHelper(String queryId)
   at Microsoft.VisualStudio.TestTools.UITest.Playback.ScreenElement.FindFromPartialQueryId(String queryId)
   at Microsoft.VisualStudio.TestTools.UITesting.UITestControl..ctor(String queryId)
   --- End of inner exception stack trace ---
   at Microsoft.VisualStudio.TestTools.UITesting.Playback.MapControlNotFoundException(COMException ex, IPlaybackContext context)
   at Microsoft.VisualStudio.TestTools.UITesting.Playback.MapAndThrowComException(COMException innerException, IPlaybackContext context)
   at Microsoft.VisualStudio.TestTools.UITesting.Playback.MapAndThrowException(SystemException exception, IPlaybackContext context)
   at Microsoft.VisualStudio.TestTools.UITesting.Playback.MapAndThrowException(SystemException exception, String queryId)
   at Microsoft.VisualStudio.TestTools.UITesting.UITestControl..ctor(String queryId)
   at Microsoft.VisualStudio.TestTools.UITesting.SearchHelper.SearchTopLevelWindow(ISearchArgument topLevelSearchArg, String topLevelElementQueryId)
   at Microsoft.VisualStudio.TestTools.UITesting.SearchHelper.GetTitleUpdatedTopLevelWindow(ISearchArgument topLevelSearchArg, String queryId, IList`1 windowTitles)
   at Microsoft.VisualStudio.TestTools.UITesting.SearchHelper.GetTopLevelElement(Boolean useCache, Boolean useCacheOnly, ISearchArgument searchArg, IList`1 windowTitles, Int32&amp; timeLeft)
   at Microsoft.VisualStudio.TestTools.UITesting.SearchHelper.GetElement(Boolean useCache, ISearchArgument searchArg)
   at Microsoft.VisualStudio.TestTools.UITesting.SearchHelper.Search(ISearchArgument searchArg)
   at Microsoft.VisualStudio.TestTools.UITesting.UITestControl.FindInternal()
   at Microsoft.VisualStudio.TestTools.UITesting.UITestControl.FindControlIfNecessary()
   at Microsoft.VisualStudio.TestTools.UITesting.UITestControl.Click(MouseButtons button, ModifierKeys modifierKeys, Point relativeCoordinates)
   at Microsoft.VisualStudio.TestTools.UITesting.Mouse.ClickImplementation(UITestControl control, MouseButtons button, ModifierKeys modifierKeys, Point relativeCoordinate)
   at Microsoft.VisualStudio.TestTools.UITesting.Mouse.ClickImplementationWrapper(UITestControl control, MouseButtons button, ModifierKeys modifierKeys, Point relativeCoordinate)
W, 3504, 14, 2013/05/23, 17:20:15.364, 2835100049007, QTAgent32.exe, PlaybackErrorHandler: Ignoring exception as ContinueOnError is set.
E, 3504, 14, 2013/05/23, 17:20:15.659, 2835104273712, QTAgent32.exe, IEDOM: GetIEWebControl() is unable to get the IE control
E, 3504, 14, 2013/05/23, 17:20:15.666, 2835104376357, QTAgent32.exe, IEDOM: GetIEWebControl() is unable to get the IE control
E, 3504, 14, 2013/05/23, 17:20:15.674, 2835104486937, QTAgent32.exe, IEDOM: GetIEWebControl() is unable to get the IE control
E, 3504, 14, 2013/05/23, 17:20:17.209, 2835126474453, QTAgent32.exe, IEDOM: GetIEWebControl() is unable to get the IE control
E, 3504, 14, 2013/05/23, 17:20:17.227, 2835126725184, QTAgent32.exe, IEDOM: GetIEWebControl() is unable to get the IE control
W, 3504, 14, 2013/05/23, 17:20:17.227, 2835126731785, QTAgent32.exe, Playback - [WARNING] Internal warning: Plugin based EnsureVisibleByScrolling failed to make element Visible. Trying to compose scrollable containers.
\0
W, 3504, 14, 2013/05/23, 17:20:17.250, 2835127063085, QTAgent32.exe, Playback - [WARNING] Internal warning: Convertion of Web elements to MSAA is not supported in the current version
\0
E, 3504, 14, 2013/05/23, 17:20:17.443, 2835129827153, QTAgent32.exe, IEDOM: GetIEWebControl() is unable to get the IE control
W, 3504, 14, 2013/05/23, 17:20:17.444, 2835129833981, QTAgent32.exe, Playback - [WARNING] Internal warning: Plugin based EnsureVisibleByScrolling failed to make element Visible. Trying ScrollByCoordinates algorithm
\0
E, 3504, 14, 2013/05/23, 17:20:17.504, 2835130690961, QTAgent32.exe, IEDOM: GetIEWebControl() is unable to get the IE control
E, 3504, 14, 2013/05/23, 17:20:17.504, 2835130698045, QTAgent32.exe, IEDOM: GetIEWebControl() is unable to get the IE control
E, 3504, 14, 2013/05/23, 17:20:17.505, 2835130703620, QTAgent32.exe, IEDOM: GetIEWebControl() is unable to get the IE control
E, 3504, 14, 2013/05/23, 17:20:17.505, 2835130708600, QTAgent32.exe, IEDOM: GetIEWebControl() is unable to get the IE control
E, 3504, 14, 2013/05/23, 17:20:17.505, 2835130713358, QTAgent32.exe, IEDOM: GetIEWebControl() is unable to get the IE control
E, 3504, 14, 2013/05/23, 17:20:17.518, 2835130900588, QTAgent32.exe, IEDOM: GetIEWebControl() is unable to get the IE control
E, 3504, 14, 2013/05/23, 17:20:17.519, 2835130907456, QTAgent32.exe, IEDOM: GetIEWebControl() is unable to get the IE control
E, 3504, 14, 2013/05/23, 17:20:17.519, 2835130911818, QTAgent32.exe, IEDOM: GetIEWebControl() is unable to get the IE control
E, 3504, 14, 2013/05/23, 17:20:17.520, 2835130916935, QTAgent32.exe, IEDOM: GetIEWebControl() is unable to get the IE control
E, 3504, 14, 2013/05/23, 17:20:17.520, 2835130921660, QTAgent32.exe, IEDOM: GetIEWebControl() is unable to get the IE control
E, 3504, 14, 2013/05/23, 17:20:17.527, 2835131022901, QTAgent32.exe, IEDOM: GetIEWebControl() is unable to get the IE control
E, 3504, 14, 2013/05/23, 17:20:17.543, 2835131253782, QTAgent32.exe, IEDOM: GetIEWebControl() is unable to get the IE control
E, 3504, 14, 2013/05/23, 17:20:17.558, 2835131460296, QTAgent32.exe, IEDOM: GetIEWebControl() is unable to get the IE control
W, 3504, 14, 2013/05/23, 17:20:17.558, 2835131466574, QTAgent32.exe, Playback - [WARNING] Internal warning: Plugin based EnsureVisibleByScrolling failed to make element Visible. Trying ScrollByCoordinates algorithm
\0
E, 3504, 14, 2013/05/23, 17:20:17.565, 2835131565702, QTAgent32.exe, IEDOM: GetIEWebControl() is unable to get the IE control
E, 3504, 14, 2013/05/23, 17:20:17.573, 2835131681155, QTAgent32.exe, IEDOM: GetIEWebControl() is unable to get the IE control
E, 3504, 14, 2013/05/23, 17:20:17.573, 2835131687981, QTAgent32.exe, IEDOM: GetIEWebControl() is unable to get the IE control
E, 3504, 14, 2013/05/23, 17:20:17.574, 2835131692085, QTAgent32.exe, IEDOM: GetIEWebControl() is unable to get the IE control
E, 3504, 14, 2013/05/23, 17:20:17.574, 2835131697004, QTAgent32.exe, IEDOM: GetIEWebControl() is unable to get the IE control
E, 3504, 14, 2013/05/23, 17:20:17.574, 2835131701909, QTAgent32.exe, IEDOM: GetIEWebControl() is unable to get the IE control
E, 3504, 14, 2013/05/23, 17:20:17.575, 2835131706963, QTAgent32.exe, IEDOM: GetIEWebControl() is unable to get the IE control
E, 3504, 14, 2013/05/23, 17:20:17.575, 2835131711880, QTAgent32.exe, IEDOM: GetIEWebControl() is unable to get the IE control
E, 3504, 14, 2013/05/23, 17:20:17.575, 2835131716578, QTAgent32.exe, IEDOM: GetIEWebControl() is unable to get the IE control
E, 3504, 14, 2013/05/23, 17:20:17.576, 2835131721663, QTAgent32.exe, IEDOM: GetIEWebControl() is unable to get the IE control
E, 3504, 14, 2013/05/23, 17:20:17.576, 2835131726796, QTAgent32.exe, IEDOM: GetIEWebControl() is unable to get the IE control
E, 3504, 14, 2013/05/23, 17:20:17.577, 2835131731784, QTAgent32.exe, IEDOM: GetIEWebControl() is unable to get the IE control
E, 3504, 14, 2013/05/23, 17:20:17.577, 2835131736486, QTAgent32.exe, IEDOM: GetIEWebControl() is unable to get the IE control
E, 3504, 14, 2013/05/23, 17:20:17.577, 2835131741389, QTAgent32.exe, IEDOM: GetIEWebControl() is unable to get the IE control
E, 3504, 14, 2013/05/23, 17:20:17.578, 2835131746370, QTAgent32.exe, IEDOM: GetIEWebControl() is unable to get the IE control
E, 3504, 14, 2013/05/23, 17:20:17.578, 2835131751081, QTAgent32.exe, IEDOM: GetIEWebControl() is unable to get the IE control
E, 3504, 14, 2013/05/23, 17:20:17.578, 2835131756115, QTAgent32.exe, IEDOM: GetIEWebControl() is unable to get the IE control
E, 3504, 14, 2013/05/23, 17:20:17.579, 2835131761018, QTAgent32.exe, IEDOM: GetIEWebControl() is unable to get the IE control
E, 3504, 14, 2013/05/23, 17:20:17.579, 2835131765751, QTAgent32.exe, IEDOM: GetIEWebControl() is unable to get the IE control
E, 3504, 14, 2013/05/23, 17:20:17.579, 2835131770636, QTAgent32.exe, IEDOM: GetIEWebControl() is unable to get the IE control
E, 3504, 14, 2013/05/23, 17:20:17.580, 2835131775637, QTAgent32.exe, IEDOM: GetIEWebControl() is unable to get the IE control
E, 3504, 14, 2013/05/23, 17:20:17.580, 2835131780345, QTAgent32.exe, IEDOM: GetIEWebControl() is unable to get the IE control
E, 3504, 14, 2013/05/23, 17:20:17.580, 2835131785262, QTAgent32.exe, IEDOM: GetIEWebControl() is unable to get the IE control
E, 3504, 14, 2013/05/23, 17:20:17.581, 2835131790136, QTAgent32.exe, IEDOM: GetIEWebControl() is unable to get the IE control
E, 3504, 14, 2013/05/23, 17:20:17.581, 2835131794878, QTAgent32.exe, IEDOM: GetIEWebControl() is unable to get the IE control
E, 3504, 14, 2013/05/23, 17:20:17.581, 2835131799763, QTAgent32.exe, IEDOM: GetIEWebControl() is unable to get the IE control
E, 3504, 14, 2013/05/23, 17:20:17.582, 2835131804766, QTAgent32.exe, IEDOM: GetIEWebControl() is unable to get the IE control
E, 3504, 14, 2013/05/23, 17:20:17.582, 2835131809416, QTAgent32.exe, IEDOM: GetIEWebControl() is unable to get the IE control
E, 3504, 14, 2013/05/23, 17:20:17.582, 2835131813255, QTAgent32.exe, IEDOM: GetIEWebControl() is unable to get the IE control
E, 3504, 14, 2013/05/23, 17:20:17.583, 2835131818187, QTAgent32.exe, IEDOM: GetIEWebControl() is unable to get the IE control
E, 3504, 14, 2013/05/23, 17:20:17.583, 2835131822890, QTAgent32.exe, IEDOM: GetIEWebControl() is unable to get the IE control
E, 3504, 14, 2013/05/23, 17:20:17.583, 2835131828061, QTAgent32.exe, IEDOM: GetIEWebControl() is unable to get the IE control
E, 3504, 14, 2013/05/23, 17:20:17.584, 2835131833184, QTAgent32.exe, IEDOM: GetIEWebControl() is unable to get the IE control
E, 3504, 14, 2013/05/23, 17:20:17.584, 2835131836770, QTAgent32.exe, IEDOM: GetIEWebControl() is unable to get the IE control
W, 3504, 14, 2013/05/23, 17:20:17.610, 2835132216347, QTAgent32.exe, Playback - [WARNING] Internal warning: Can't find anchor child after updating the collection
\0
W, 3504, 14, 2013/05/23, 17:20:17.611, 2835132218764, QTAgent32.exe, Playback - [WARNING] Internal warning: Can't find anchor child after updating the collection
\0
E, 3504, 14, 2013/05/23, 17:20:17.624, 2835132416265, QTAgent32.exe, IEDOM: GetIEWebControl() is unable to get the IE control
E, 3504, 14, 2013/05/23, 17:20:17.632, 2835132522524, QTAgent32.exe, IEDOM: GetIEWebControl() is unable to get the IE control
E, 3504, 14, 2013/05/23, 17:20:17.632, 2835132528706, QTAgent32.exe, IEDOM: GetIEWebControl() is unable to get the IE control
E, 3504, 14, 2013/05/23, 17:20:17.632, 2835132532501, QTAgent32.exe, IEDOM: GetIEWebControl() is unable to get the IE control
E, 3504, 14, 2013/05/23, 17:20:17.633, 2835132537430, QTAgent32.exe, IEDOM: GetIEWebControl() is unable to get the IE control
E, 3504, 14, 2013/05/23, 17:20:17.633, 2835132542355, QTAgent32.exe, IEDOM: GetIEWebControl() is unable to get the IE control
E, 3504, 14, 2013/05/23, 17:20:17.633, 2835132547061, QTAgent32.exe, IEDOM: GetIEWebControl() is unable to get the IE control
E, 3504, 14, 2013/05/23, 17:20:17.634, 2835132551948, QTAgent32.exe, IEDOM: GetIEWebControl() is unable to get the IE control
E, 3504, 14, 2013/05/23, 17:20:17.634, 2835132556845, QTAgent32.exe, IEDOM: GetIEWebControl() is unable to get the IE control
E, 3504, 14, 2013/05/23, 17:20:17.634, 2835132561582, QTAgent32.exe, IEDOM: GetIEWebControl() is unable to get the IE control
E, 3504, 14, 2013/05/23, 17:20:17.635, 2835132566457, QTAgent32.exe, IEDOM: GetIEWebControl() is unable to get the IE control
E, 3504, 14, 2013/05/23, 17:20:17.635, 2835132571386, QTAgent32.exe, IEDOM: GetIEWebControl() is unable to get the IE control
E, 3504, 14, 2013/05/23, 17:20:17.635, 2835132576096, QTAgent32.exe, IEDOM: GetIEWebControl() is unable to get the IE control
E, 3504, 14, 2013/05/23, 17:20:17.636, 2835132581005, QTAgent32.exe, IEDOM: GetIEWebControl() is unable to get the IE control
E, 3504, 14, 2013/05/23, 17:20:17.636, 2835132585883, QTAgent32.exe, IEDOM: GetIEWebControl() is unable to get the IE control
E, 3504, 14, 2013/05/23, 17:20:17.636, 2835132590596, QTAgent32.exe, IEDOM: GetIEWebControl() is unable to get the IE control
E, 3504, 14, 2013/05/23, 17:20:17.637, 2835132595503, QTAgent32.exe, IEDOM: GetIEWebControl() is unable to get the IE control
E, 3504, 14, 2013/05/23, 17:20:17.637, 2835132600407, QTAgent32.exe, IEDOM: GetIEWebControl() is unable to get the IE control
E, 3504, 14, 2013/05/23, 17:20:17.638, 2835132605385, QTAgent32.exe, IEDOM: GetIEWebControl() is unable to get the IE control
E, 3504, 14, 2013/05/23, 17:20:17.638, 2835132610093, QTAgent32.exe, IEDOM: GetIEWebControl() is unable to get the IE control
E, 3504, 14, 2013/05/23, 17:20:17.638, 2835132615588, QTAgent32.exe, IEDOM: GetIEWebControl() is unable to get the IE control
E, 3504, 14, 2013/05/23, 17:20:17.639, 2835132620501, QTAgent32.exe, IEDOM: GetIEWebControl() is unable to get the IE control
E, 3504, 14, 2013/05/23, 17:20:17.639, 2835132625268, QTAgent32.exe, IEDOM: GetIEWebControl() is unable to get the IE control
E, 3504, 14, 2013/05/23, 17:20:17.639, 2835132630131, QTAgent32.exe, IEDOM: GetIEWebControl() is unable to get the IE control
E, 3504, 14, 2013/05/23, 17:20:17.640, 2835132635034, QTAgent32.exe, IEDOM: GetIEWebControl() is unable to get the IE control
E, 3504, 14, 2013/05/23, 17:20:17.640, 2835132640049, QTAgent32.exe, IEDOM: GetIEWebControl() is unable to get the IE control
E, 3504, 14, 2013/05/23, 17:20:17.640, 2835132645330, QTAgent32.exe, IEDOM: GetIEWebControl() is unable to get the IE control
E, 3504, 14, 2013/05/23, 17:20:17.641, 2835132650183, QTAgent32.exe, IEDOM: GetIEWebControl() is unable to get the IE control
E, 3504, 14, 2013/05/23, 17:20:17.641, 2835132653866, QTAgent32.exe, IEDOM: GetIEWebControl() is unable to get the IE control
E, 3504, 14, 2013/05/23, 17:20:17.641, 2835132658758, QTAgent32.exe, IEDOM: GetIEWebControl() is unable to get the IE control
E, 3504, 14, 2013/05/23, 17:20:17.642, 2835132663656, QTAgent32.exe, IEDOM: GetIEWebControl() is unable to get the IE control
E, 3504, 14, 2013/05/23, 17:20:17.642, 2835132668359, QTAgent32.exe, IEDOM: GetIEWebControl() is unable to get the IE control
E, 3504, 14, 2013/05/23, 17:20:17.642, 2835132673257, QTAgent32.exe, IEDOM: GetIEWebControl() is unable to get the IE control
E, 3504, 14, 2013/05/23, 17:20:17.643, 2835132677045, QTAgent32.exe, IEDOM: GetIEWebControl() is unable to get the IE control
W, 3504, 14, 2013/05/23, 17:20:17.643, 2835132680516, QTAgent32.exe, Playback - [WARNING] Internal failure: EnsureVisible via Setting Focus, Scrolling failed
\0
E, 3504, 14, 2013/05/23, 17:20:17.650, 2835132782137, QTAgent32.exe, IEDOM: GetIEWebControl() is unable to get the IE control
E, 3504, 14, 2013/05/23, 17:20:17.651, 2835132788374, QTAgent32.exe, IEDOM: GetIEWebControl() is unable to get the IE control
E, 3504, 14, 2013/05/23, 17:20:17.651, 2835132792313, QTAgent32.exe, IEDOM: GetIEWebControl() is unable to get the IE control
E, 3504, 14, 2013/05/23, 17:20:17.651, 2835132797122, QTAgent32.exe, IEDOM: GetIEWebControl() is unable to get the IE control
E, 3504, 14, 2013/05/23, 17:20:17.652, 2835132802009, QTAgent32.exe, IEDOM: GetIEWebControl() is unable to get the IE control
E, 3504, 14, 2013/05/23, 17:20:17.652, 2835132806935, QTAgent32.exe, IEDOM: GetIEWebControl() is unable to get the IE control
E, 3504, 14, 2013/05/23, 17:20:17.652, 2835132811632, QTAgent32.exe, IEDOM: GetIEWebControl() is unable to get the IE control
E, 3504, 14, 2013/05/23, 17:20:17.653, 2835132816556, QTAgent32.exe, IEDOM: GetIEWebControl() is unable to get the IE control
E, 3504, 14, 2013/05/23, 17:20:17.653, 2835132821427, QTAgent32.exe, IEDOM: GetIEWebControl() is unable to get the IE control
E, 3504, 14, 2013/05/23, 17:20:17.653, 2835132826161, QTAgent32.exe, IEDOM: GetIEWebControl() is unable to get the IE control
E, 3504, 14, 2013/05/23, 17:20:17.654, 2835132832728, QTAgent32.exe, IEDOM: GetIEWebControl() is unable to get the IE control
E, 3504, 14, 2013/05/23, 17:20:17.654, 2835132837813, QTAgent32.exe, IEDOM: GetIEWebControl() is unable to get the IE control
E, 3504, 14, 2013/05/23, 17:20:17.655, 2835132842734, QTAgent32.exe, IEDOM: GetIEWebControl() is unable to get the IE control
E, 3504, 14, 2013/05/23, 17:20:17.655, 2835132847488, QTAgent32.exe, IEDOM: GetIEWebControl() is unable to get the IE control
E, 3504, 14, 2013/05/23, 17:20:17.655, 2835132852400, QTAgent32.exe, IEDOM: GetIEWebControl() is unable to get the IE control
E, 3504, 14, 2013/05/23, 17:20:17.656, 2835132857286, QTAgent32.exe, IEDOM: GetIEWebControl() is unable to get the IE control
E, 3504, 14, 2013/05/23, 17:20:17.656, 2835132862015, QTAgent32.exe, IEDOM: GetIEWebControl() is unable to get the IE control
E, 3504, 14, 2013/05/23, 17:20:17.656, 2835132866872, QTAgent32.exe, IEDOM: GetIEWebControl() is unable to get the IE control
E, 3504, 14, 2013/05/23, 17:20:17.657, 2835132871788, QTAgent32.exe, IEDOM: GetIEWebControl() is unable to get the IE control
E, 3504, 14, 2013/05/23, 17:20:17.657, 2835132876786, QTAgent32.exe, IEDOM: GetIEWebControl() is unable to get the IE control
E, 3504, 14, 2013/05/23, 17:20:17.657, 2835132881815, QTAgent32.exe, IEDOM: GetIEWebControl() is unable to get the IE control
E, 3504, 14, 2013/05/23, 17:20:17.658, 2835132886711, QTAgent32.exe, IEDOM: GetIEWebControl() is unable to get the IE control
E, 3504, 14, 2013/05/23, 17:20:17.658, 2835132891594, QTAgent32.exe, IEDOM: GetIEWebControl() is unable to get the IE control
E, 3504, 14, 2013/05/23, 17:20:17.658, 2835132896297, QTAgent32.exe, IEDOM: GetIEWebControl() is unable to get the IE control
E, 3504, 14, 2013/05/23, 17:20:17.659, 2835132901444, QTAgent32.exe, IEDOM: GetIEWebControl() is unable to get the IE control
E, 3504, 14, 2013/05/23, 17:20:17.659, 2835132906318, QTAgent32.exe, IEDOM: GetIEWebControl() is unable to get the IE control
E, 3504, 14, 2013/05/23, 17:20:17.659, 2835132910964, QTAgent32.exe, IEDOM: GetIEWebControl() is unable to get the IE control
E, 3504, 14, 2013/05/23, 17:20:17.660, 2835132914819, QTAgent32.exe, IEDOM: GetIEWebControl() is unable to get the IE control
E, 3504, 14, 2013/05/23, 17:20:17.660, 2835132919561, QTAgent32.exe, IEDOM: GetIEWebControl() is unable to get the IE control
E, 3504, 14, 2013/05/23, 17:20:17.660, 2835132924431, QTAgent32.exe, IEDOM: GetIEWebControl() is unable to get the IE control
E, 3504, 14, 2013/05/23, 17:20:17.661, 2835132929339, QTAgent32.exe, IEDOM: GetIEWebControl() is unable to get the IE control
E, 3504, 14, 2013/05/23, 17:20:17.661, 2835132933982, QTAgent32.exe, IEDOM: GetIEWebControl() is unable to get the IE control
E, 3504, 14, 2013/05/23, 17:20:17.661, 2835132937747, QTAgent32.exe, IEDOM: GetIEWebControl() is unable to get the IE control
E, 3504, 14, 2013/05/23, 17:20:17.721, 2835133789700, QTAgent32.exe, IEDOM: GetIEWebControl() is unable to get the IE control
W, 3504, 14, 2013/05/23, 17:20:17.721, 2835133796456, QTAgent32.exe, Playback - [WARNING] Internal warning: Couldn't get clickable point for ScreenUIElement since it was obscured by another UI element. See comparison tracing below
\0
E, 3504, 14, 2013/05/23, 17:20:17.728, 2835133897351, QTAgent32.exe, IEDOM: GetIEWebControl() is unable to get the IE control
E, 3504, 14, 2013/05/23, 17:20:17.729, 2835133903766, QTAgent32.exe, IEDOM: GetIEWebControl() is unable to get the IE control
E, 3504, 14, 2013/05/23, 17:20:17.729, 2835133907516, QTAgent32.exe, IEDOM: GetIEWebControl() is unable to get the IE control
E, 3504, 14, 2013/05/23, 17:20:17.729, 2835133912446, QTAgent32.exe, IEDOM: GetIEWebControl() is unable to get the IE control
E, 3504, 14, 2013/05/23, 17:20:17.730, 2835133917345, QTAgent32.exe, IEDOM: GetIEWebControl() is unable to get the IE control
E, 3504, 14, 2013/05/23, 17:20:17.730, 2835133922087, QTAgent32.exe, IEDOM: GetIEWebControl() is unable to get the IE control
E, 3504, 14, 2013/05/23, 17:20:17.730, 2835133927041, QTAgent32.exe, IEDOM: GetIEWebControl() is unable to get the IE control
E, 3504, 14, 2013/05/23, 17:20:17.731, 2835133931957, QTAgent32.exe, IEDOM: GetIEWebControl() is unable to get the IE control
E, 3504, 14, 2013/05/23, 17:20:17.731, 2835133936666, QTAgent32.exe, IEDOM: GetIEWebControl() is unable to get the IE control
E, 3504, 14, 2013/05/23, 17:20:17.731, 2835133941568, QTAgent32.exe, IEDOM: GetIEWebControl() is unable to get the IE control
E, 3504, 14, 2013/05/23, 17:20:17.732, 2835133946473, QTAgent32.exe, IEDOM: GetIEWebControl() is unable to get the IE control
E, 3504, 14, 2013/05/23, 17:20:17.732, 2835133951394, QTAgent32.exe, IEDOM: GetIEWebControl() is unable to get the IE control
E, 3504, 14, 2013/05/23, 17:20:17.732, 2835133956097, QTAgent32.exe, IEDOM: GetIEWebControl() is unable to get the IE control
E, 3504, 14, 2013/05/23, 17:20:17.733, 2835133960968, QTAgent32.exe, IEDOM: GetIEWebControl() is unable to get the IE control
E, 3504, 14, 2013/05/23, 17:20:17.733, 2835133966770, QTAgent32.exe, IEDOM: GetIEWebControl() is unable to get the IE control
E, 3504, 14, 2013/05/23, 17:20:17.733, 2835133971897, QTAgent32.exe, IEDOM: GetIEWebControl() is unable to get the IE control
E, 3504, 14, 2013/05/23, 17:20:17.734, 2835133985846, QTAgent32.exe, IEDOM: GetIEWebControl() is unable to get the IE control
E, 3504, 14, 2013/05/23, 17:20:17.735, 2835133990997, QTAgent32.exe, IEDOM: GetIEWebControl() is unable to get the IE control
E, 3504, 14, 2013/05/23, 17:20:17.735, 2835133995950, QTAgent32.exe, IEDOM: GetIEWebControl() is unable to get the IE control
E, 3504, 14, 2013/05/23, 17:20:17.735, 2835134000653, QTAgent32.exe, IEDOM: GetIEWebControl() is unable to get the IE control
E, 3504, 14, 2013/05/23, 17:20:17.736, 2835134005563, QTAgent32.exe, IEDOM: GetIEWebControl() is unable to get the IE control
E, 3504, 14, 2013/05/23, 17:20:17.736, 2835134010459, QTAgent32.exe, IEDOM: GetIEWebControl() is unable to get the IE control
E, 3504, 14, 2013/05/23, 17:20:17.736, 2835134015156, QTAgent32.exe, IEDOM: GetIEWebControl() is unable to get the IE control
E, 3504, 14, 2013/05/23, 17:20:17.737, 2835134020052, QTAgent32.exe, IEDOM: GetIEWebControl() is unable to get the IE control
E, 3504, 14, 2013/05/23, 17:20:17.737, 2835134024985, QTAgent32.exe, IEDOM: GetIEWebControl() is unable to get the IE control
E, 3504, 14, 2013/05/23, 17:20:17.737, 2835134029718, QTAgent32.exe, IEDOM: GetIEWebControl() is unable to get the IE control
E, 3504, 14, 2013/05/23, 17:20:17.738, 2835134034550, QTAgent32.exe, IEDOM: GetIEWebControl() is unable to get the IE control
E, 3504, 14, 2013/05/23, 17:20:17.738, 2835134038413, QTAgent32.exe, IEDOM: GetIEWebControl() is unable to get the IE control
E, 3504, 14, 2013/05/23, 17:20:17.738, 2835134043343, QTAgent32.exe, IEDOM: GetIEWebControl() is unable to get the IE control
E, 3504, 14, 2013/05/23, 17:20:17.739, 2835134048242, QTAgent32.exe, IEDOM: GetIEWebControl() is unable to get the IE control
E, 3504, 14, 2013/05/23, 17:20:17.739, 2835134053140, QTAgent32.exe, IEDOM: GetIEWebControl() is unable to get the IE control
E, 3504, 14, 2013/05/23, 17:20:17.739, 2835134057776, QTAgent32.exe, IEDOM: GetIEWebControl() is unable to get the IE control
E, 3504, 14, 2013/05/23, 17:20:17.740, 2835134061530, QTAgent32.exe, IEDOM: GetIEWebControl() is unable to get the IE control
E, 3504, 14, 2013/05/23, 17:20:17.749, 2835134195726, QTAgent32.exe, &lt;a class=failure&gt;Playback - {119} [FAILED] MouseButtonClick - "[Web]ControlType='Hyperlink' &amp;&amp; TagName='A' &amp;&amp; Id='' &amp;&amp; Name='' &amp;&amp; Target='' &amp;&amp; InnerText='Renewals Maintenance' &amp;&amp; FilterCondition(AbsolutePath='/sysmaint/content/leftbar.asp', Title='', Href='https://www.insur-econnect.com/sysmaint/content/leftbar.asp#', Class='', ControlDefinition='style="COLOR: white" href="#"', TagInstance='39')"\0&lt;/a&gt;
E, 3504, 14, 2013/05/23, 17:20:17.834, 2835135411117, QTAgent32.exe, Playback - [IMAGE] C:\Users\testuser\AppData\Local\Temp\UITestLogs\LastRun\RPF62AE.png
\0
E, 3504, 14, 2013/05/23, 17:20:17.946, 2835137017258, QTAgent32.exe, AL: Playback Error: Microsoft.VisualStudio.TestTools.UITest.Extension.FailedToPerformActionOnBlockedControlException: Window 'Policy: autotest' is blocking the control Renewals Maintenance. Please move the window 'Policy: autotest' or make the control Renewals Maintenance visible and retry the action. Additional Details: 
TechnologyName:  'Web'
ControlType:  'Hyperlink'
Id:  ''
Name:  ''
TagName:  'A'
Target:  ''
InnerText:  'Renewals Maintenance'
 ---&gt; System.Runtime.InteropServices.COMException: Exception from HRESULT: 0xF004F003
   at Microsoft.VisualStudio.TestTools.UITest.Playback.Engine.IScreenElement.MouseButtonClick(Int32 x, Int32 y, Int32 nButton, Int32 fEnsureVisible, String bstrKeyModifiers)
   at Microsoft.VisualStudio.TestTools.UITest.Playback.ScreenElement.MouseButtonClick(Int32 x, Int32 y, MouseButtons button, ModifierKeys modifierKeys, Int32 ensureVisible)
   at Microsoft.VisualStudio.TestTools.UITesting.UITestControl.Click(MouseButtons button, ModifierKeys modifierKeys, Point relativeCoordinates)
   --- End of inner exception stack trace ---
   at Microsoft.VisualStudio.TestTools.UITesting.Playback.ThrowIfAnotherWindowIsBlockingControl(COMException ex, IPlaybackContext context)
   at Microsoft.VisualStudio.TestTools.UITesting.Playback.MapAndThrowComException(COMException innerException, IPlaybackContext context)
   at Microsoft.VisualStudio.TestTools.UITesting.Playback.MapAndThrowException(SystemException exception, IPlaybackContext context)
   at Microsoft.VisualStudio.TestTools.UITesting.Playback.MapAndThrowException(SystemException exception, String actionName, UITestControl uiControl, Point point)
   at Microsoft.VisualStudio.TestTools.UITesting.UITestControl.Click(MouseButtons button, ModifierKeys modifierKeys, Point relativeCoordinates)
   at Microsoft.VisualStudio.TestTools.UITesting.Mouse.ClickImplementation(UITestControl control, MouseButtons button, ModifierKeys modifierKeys, Point relativeCoordinate)
   at Microsoft.VisualStudio.TestTools.UITesting.Mouse.ClickImplementationWrapper(UITestControl control, MouseButtons button, ModifierKeys modifierKeys, Point relativeCoordinate)
W, 3504, 14, 2013/05/23, 17:20:20.622, 2835175335027, QTAgent32.exe, IEDOM : StopSession of the plugin called before StartSession
W, 3504, 14, 2013/05/23, 17:20:20.622, 2835175337613, QTAgent32.exe, UIA : StopSession of the plugin called before StartSession
</DebugTrace>
        <ErrorInfo>
          <Message>Test method Ver1.CodedUITest2.MotoAmendRiskNewScheme threw exception: 
Microsoft.VisualStudio.TestTools.UITest.Extension.FailedToPerformActionOnBlockedControlException: Window 'Policy: autotest' is blocking the control Renewals Maintenance. Please move the window 'Policy: autotest' or make the control Renewals Maintenance visible and retry the action. Additional Details: 
TechnologyName:  'Web'
ControlType:  'Hyperlink'
Id:  ''
Name:  ''
TagName:  'A'
Target:  ''
InnerText:  'Renewals Maintenance'
 ---&gt; System.Runtime.InteropServices.COMException: Exception from HRESULT: 0xF004F003</Message>
          <StackTrace>    at Microsoft.VisualStudio.TestTools.UITest.Playback.Engine.IScreenElement.MouseButtonClick(Int32 x, Int32 y, Int32 nButton, Int32 fEnsureVisible, String bstrKeyModifiers)
   at Microsoft.VisualStudio.TestTools.UITest.Playback.ScreenElement.MouseButtonClick(Int32 x, Int32 y, MouseButtons button, ModifierKeys modifierKeys, Int32 ensureVisible)
   at Microsoft.VisualStudio.TestTools.UITesting.UITestControl.Click(MouseButtons button, ModifierKeys modifierKeys, Point relativeCoordinates)
 --- End of inner exception stack trace ---
    at Microsoft.VisualStudio.TestTools.UITesting.Playback.ThrowIfAnotherWindowIsBlockingControl(COMException ex, IPlaybackContext context)
   at Microsoft.VisualStudio.TestTools.UITesting.Playback.MapAndThrowComException(COMException innerException, IPlaybackContext context)
   at Microsoft.VisualStudio.TestTools.UITesting.Playback.MapAndThrowException(SystemException exception, IPlaybackContext context)
   at Microsoft.VisualStudio.TestTools.UITesting.Playback.MapAndThrowException(SystemException exception, String actionName, UITestControl uiControl, Point point)
   at Microsoft.VisualStudio.TestTools.UITesting.UITestControl.Click(MouseButtons button, ModifierKeys modifierKeys, Point relativeCoordinates)
   at Microsoft.VisualStudio.TestTools.UITesting.Mouse.ClickImplementation(UITestControl control, MouseButtons button, ModifierKeys modifierKeys, Point relativeCoordinate)
   at Microsoft.VisualStudio.TestTools.UITesting.Mouse.ClickImplementationWrapper(UITestControl control, MouseButtons button, ModifierKeys modifierKeys, Point relativeCoordinate)
   at Microsoft.VisualStudio.TestTools.UITesting.Mouse.Click(UITestControl control, Point relativeCoordinate)
   at Ver1.UIMap.OpenBrowser2() in C:\AutotestTam1205\TestProject7\UIMap.cs:line 256
   at Ver1.CodedUITest2.MotoAmendRiskNewScheme() in C:\AutotestTam1205\TestProject7\CodedUITest2.cs:line 756
</StackTrace>
        </ErrorInfo>
      </Output>
      <ResultFiles>
        <ResultFile path="ICLVDEVTM02\MotoAmendRiskNewScheme.png" />
      </ResultFiles>
      <ExtensionResult>Exception has been thrown by the target of an invocation.</ExtensionResult>
    </UnitTestResult>
    <UnitTestResult executionId="fa3b2ea4-ffcd-4c1b-8a85-fd0a802892e1" testId="311133ab-01d5-f9e4-d13b-e35f37a745ec" testName="MotoRebrokeRenewCurrent" computerName="ICLVDEVTM02" duration="00:09:35.6840082" startTime="2013-05-23T17:20:20.6863857+01:00" endTime="2013-05-23T17:29:56.4810024+01:00" testType="13cdc9d9-ddb5-4fa4-a97d-d965ccfc6d4b" outcome="Passed" testListId="8c84fa94-04c1-424b-9868-57a2d4851a1d" relativeResultsDirectory="fa3b2ea4-ffcd-4c1b-8a85-fd0a802892e1">
      <Output>
        <DebugTrace>W, 3504, 13, 2013/05/23, 17:20:25.487, 2835244998707, QTAgent32.exe, &lt;a class=success&gt;Playback - {1} [SUCCESS] MouseButtonClick - "[MSAA, VisibleOnly]ControlType='Edit'"
\0&lt;/a&gt;
W, 3504, 13, 2013/05/23, 17:20:25.808, 2835249589575, QTAgent32.exe, &lt;a class=success&gt;Playback - {2} [SUCCESS] SendKeys "[*]" - "[MSAA, VisibleOnly]ControlType='Edit'"
\0&lt;/a&gt;
W, 3504, 13, 2013/05/23, 17:20:26.601, 2835260947627, QTAgent32.exe, &lt;a class=success&gt;Playback - {3} [SUCCESS] MouseButtonClick - "[MSAA, VisibleOnly]ControlType='Button' &amp;&amp; Name='OK'"
\0&lt;/a&gt;
W, 3504, 13, 2013/05/23, 17:20:26.940, 2835265789292, QTAgent32.exe, &lt;a class=success&gt;Playback - {4} [SUCCESS] SendKeys "^{HOME}" - "[MSAA, VisibleOnly]ControlType='Edit'"
\0&lt;/a&gt;
E, 3504, 13, 2013/05/23, 17:20:26.942, 2835265817448, QTAgent32.exe, Msaa.GetFocusedElement: could not find accessible object of foreground window
W, 3504, 13, 2013/05/23, 17:20:27.039, 2835267209047, QTAgent32.exe, &lt;a class=success&gt;Playback - {5} [SUCCESS] SendKeys "^+{END}" - "[MSAA, VisibleOnly]ControlType='Edit'"
\0&lt;/a&gt;
E, 3504, 13, 2013/05/23, 17:20:27.039, 2835267211908, QTAgent32.exe, Msaa.GetFocusedElement: could not find accessible object of foreground window
W, 3504, 13, 2013/05/23, 17:20:27.194, 2835269438407, QTAgent32.exe, &lt;a class=success&gt;Playback - {6} [SUCCESS] SendKeys "{DELETE}" - "[MSAA, VisibleOnly]ControlType='Edit'"
\0&lt;/a&gt;
W, 3504, 13, 2013/05/23, 17:20:27.569, 2835274807234, QTAgent32.exe, &lt;a class=success&gt;Playback - {7} [SUCCESS] SetValueAsEditBox "23/05/2013" - "[MSAA, VisibleOnly]ControlType='Edit'"  &lt; Set via SendKeys &gt;
\0&lt;/a&gt;
W, 3504, 13, 2013/05/23, 17:20:28.105, 2835282473748, QTAgent32.exe, Playback - [WARNING] Internal warning: Incorrect flag set for InvokeProgrammaticAction\0
W, 3504, 13, 2013/05/23, 17:20:28.225, 2835284197572, QTAgent32.exe, &lt;a class=success&gt;Playback - {8} [SUCCESS] SetValueAsComboBox "May" - "[MSAA, VisibleOnly]ControlType='ComboBox'"  &lt; SetValueAsComboBox, set by clicking on the item in the list box &gt;
\0&lt;/a&gt;
W, 3504, 13, 2013/05/23, 17:20:28.536, 2835288645697, QTAgent32.exe, &lt;a class=success&gt;Playback - {9} [SUCCESS] SendKeys "^{HOME}" - "[MSAA, VisibleOnly]ControlType='Edit'"
\0&lt;/a&gt;
E, 3504, 13, 2013/05/23, 17:20:28.536, 2835288648584, QTAgent32.exe, Msaa.GetFocusedElement: could not find accessible object of foreground window
W, 3504, 13, 2013/05/23, 17:20:28.595, 2835289490316, QTAgent32.exe, &lt;a class=success&gt;Playback - {10} [SUCCESS] SendKeys "^+{END}" - "[MSAA, VisibleOnly]ControlType='Edit'"
\0&lt;/a&gt;
E, 3504, 13, 2013/05/23, 17:20:28.595, 2835289493869, QTAgent32.exe, Msaa.GetFocusedElement: could not find accessible object of foreground window
W, 3504, 13, 2013/05/23, 17:20:28.610, 2835289706621, QTAgent32.exe, &lt;a class=success&gt;Playback - {11} [SUCCESS] SendKeys "{DELETE}" - "[MSAA, VisibleOnly]ControlType='Edit'"
\0&lt;/a&gt;
W, 3504, 13, 2013/05/23, 17:20:28.843, 2835293042635, QTAgent32.exe, &lt;a class=success&gt;Playback - {12} [SUCCESS] SetValueAsEditBox "2013" - "[MSAA, VisibleOnly]ControlType='Edit'"  &lt; Set via SendKeys &gt;
\0&lt;/a&gt;
W, 3504, 13, 2013/05/23, 17:20:29.061, 2835296171869, QTAgent32.exe, &lt;a class=success&gt;Playback - {13} [SUCCESS] MouseButtonClick - "[MSAA, VisibleOnly]ControlType='Button' &amp;&amp; Name='OK'"
\0&lt;/a&gt;
W, 3504, 13, 2013/05/23, 17:20:30.308, 2835314015594, QTAgent32.exe, Playback - [WARNING] Internal warning: Window Not Found: [VisibleOnly]ControlType='Window' &amp;&amp; Name='Warning' &amp;&amp; ClassName='#32770'
\0
E, 3504, 13, 2013/05/23, 17:20:30.308, 2835314019116, QTAgent32.exe, &lt;a class=failure&gt;Playback - {14} [FAILED] Function ElementFetcher::FindScreenElement failed to locate UI element (Searching: ;[VisibleOnly]ControlType='Window' &amp;&amp; Name='Warning' &amp;&amp; ClassName='#32770') (The object specified was not found.)
\0&lt;/a&gt;
E, 3504, 13, 2013/05/23, 17:20:30.388, 2835315166674, QTAgent32.exe, Playback - [IMAGE] C:\Users\testuser\AppData\Local\Temp\UITestLogs\LastRun\RPF93BD.png
\0
W, 3504, 13, 2013/05/23, 17:20:30.388, 2835315169120, QTAgent32.exe, Playback - [WARNING] Internal warning: Couldn't find descendants that match QueryId
\0
W, 3504, 13, 2013/05/23, 17:20:30.389, 2835315172471, QTAgent32.exe, PERF WARNING: FindTopLevelWindowHelper::FindAllDescendents: took 1207 ms. Expected it to take maximum 500 ms.
W, 3504, 13, 2013/05/23, 17:20:48.476, 2835574148707, QTAgent32.exe, Playback - [WARNING] Internal warning: Window Not Found: [VisibleOnly]ControlType='Window' &amp;&amp; Name='Warning' &amp;&amp; ClassName='#32770'
\0
E, 3504, 13, 2013/05/23, 17:20:48.476, 2835574152871, QTAgent32.exe, &lt;a class=failure&gt;Playback - {15} [FAILED] Function ElementFetcher::FindScreenElement failed to locate UI element (Searching: ;[VisibleOnly]ControlType='Window' &amp;&amp; Name='Warning' &amp;&amp; ClassName='#32770') (The object specified was not found.)
\0&lt;/a&gt;
E, 3504, 13, 2013/05/23, 17:20:48.554, 2835575278842, QTAgent32.exe, Playback - [IMAGE] C:\Users\testuser\AppData\Local\Temp\UITestLogs\LastRun\RPFDAAC.png
\0
W, 3504, 13, 2013/05/23, 17:20:48.555, 2835575281362, QTAgent32.exe, Playback - [WARNING] Internal warning: Couldn't find descendants that match QueryId
\0
W, 3504, 13, 2013/05/23, 17:20:48.555, 2835575285267, QTAgent32.exe, PERF WARNING: FindTopLevelWindowHelper::FindAllDescendents: took 18166 ms. Expected it to take maximum 500 ms.
W, 3504, 13, 2013/05/23, 17:20:49.053, 2835582420344, QTAgent32.exe, Playback - [WARNING] Internal warning: Smart Match failed
\0
W, 3504, 13, 2013/05/23, 17:20:49.357, 2835586770740, QTAgent32.exe, Playback - [WARNING] Internal warning: Smart Match failed
\0
W, 3504, 13, 2013/05/23, 17:20:49.674, 2835591308497, QTAgent32.exe, Playback - [WARNING] Internal warning: Smart Match failed
\0
W, 3504, 13, 2013/05/23, 17:20:49.975, 2835595610026, QTAgent32.exe, Playback - [WARNING] Internal warning: Smart Match failed
\0
W, 3504, 13, 2013/05/23, 17:20:50.290, 2835600127379, QTAgent32.exe, Playback - [WARNING] Internal warning: Smart Match failed
\0
W, 3504, 13, 2013/05/23, 17:20:50.614, 2835604765116, QTAgent32.exe, Playback - [WARNING] Internal warning: Smart Match failed
\0
W, 3504, 13, 2013/05/23, 17:20:50.931, 2835609299184, QTAgent32.exe, Playback - [WARNING] Internal warning: Smart Match failed
\0
W, 3504, 13, 2013/05/23, 17:20:51.253, 2835613917879, QTAgent32.exe, Playback - [WARNING] Internal warning: Smart Match failed
\0
W, 3504, 13, 2013/05/23, 17:20:51.553, 2835618213920, QTAgent32.exe, Playback - [WARNING] Internal warning: Smart Match failed
\0
W, 3504, 13, 2013/05/23, 17:20:51.735, 2835620823671, QTAgent32.exe, Playback - [WARNING] Internal warning: Window Not Found: [VisibleOnly]ControlType='Window' &amp;&amp; Name='Warning' &amp;&amp; ClassName='#32770'
\0
E, 3504, 13, 2013/05/23, 17:20:51.736, 2835620826729, QTAgent32.exe, &lt;a class=failure&gt;Playback - {16} [FAILED] Function ElementFetcher::FindScreenElement failed to locate UI element (Searching: ;[VisibleOnly]ControlType='Window' &amp;&amp; Name='Warning' &amp;&amp; ClassName='#32770') (The object specified was not found.)
\0&lt;/a&gt;
E, 3504, 13, 2013/05/23, 17:20:51.815, 2835621957444, QTAgent32.exe, Playback - [IMAGE] C:\Users\testuser\AppData\Local\Temp\UITestLogs\LastRun\RPFE76A.png
\0
W, 3504, 13, 2013/05/23, 17:20:51.815, 2835621959847, QTAgent32.exe, Playback - [WARNING] Internal warning: Couldn't find descendants that match QueryId
\0
W, 3504, 13, 2013/05/23, 17:20:51.815, 2835621963214, QTAgent32.exe, PERF WARNING: FindTopLevelWindowHelper::FindAllDescendents: took 3259 ms. Expected it to take maximum 500 ms.
E, 3504, 13, 2013/05/23, 17:20:51.815, 2835621965190, QTAgent32.exe, Exception: System.Runtime.InteropServices.COMException
	Message: Error HRESULT E_FAIL has been returned from a call to a COM component.
	Stack Trace:    at Microsoft.VisualStudio.TestTools.UITest.Playback.Engine.IRPFPlayback.FindAllScreenElements(IScreenElement pScreenElementStart, String bstrQueryId, Object&amp; pvarResKeys, Int32 cResKeys, Int32 nMaxDepth, Object[]&amp; foundDescendants)
   at Microsoft.VisualStudio.TestTools.UITest.Playback.ScreenElement.FindTopLevelWindowHelper(String queryId)
	BaseExceptionMessage: Error HRESULT E_FAIL has been returned from a call to a COM component.

E, 3504, 13, 2013/05/23, 17:20:51.956, 2835623978756, QTAgent32.exe, AL: Playback Error: Microsoft.VisualStudio.TestTools.UITest.Extension.UITestControlNotFoundException: The playback failed to find the control with the given search properties. Additional Details: 
TechnologyName:  'MSAA'
ControlType:  'Window'
Name:  'Warning'
ClassName:  '#32770'
 ---&gt; System.Runtime.InteropServices.COMException: Error HRESULT E_FAIL has been returned from a call to a COM component.
   at Microsoft.VisualStudio.TestTools.UITest.Playback.Engine.IRPFPlayback.FindAllScreenElements(IScreenElement pScreenElementStart, String bstrQueryId, Object&amp; pvarResKeys, Int32 cResKeys, Int32 nMaxDepth, Object[]&amp; foundDescendants)
   at Microsoft.VisualStudio.TestTools.UITest.Playback.ScreenElement.FindTopLevelWindowHelper(String queryId)
   at Microsoft.VisualStudio.TestTools.UITest.Playback.ScreenElement.FindFromPartialQueryId(String queryId)
   at Microsoft.VisualStudio.TestTools.UITesting.UITestControl..ctor(String queryId)
   --- End of inner exception stack trace ---
   at Microsoft.VisualStudio.TestTools.UITesting.Playback.MapControlNotFoundException(COMException ex, IPlaybackContext context)
   at Microsoft.VisualStudio.TestTools.UITesting.Playback.MapAndThrowComException(COMException innerException, IPlaybackContext context)
   at Microsoft.VisualStudio.TestTools.UITesting.Playback.MapAndThrowException(SystemException exception, IPlaybackContext context)
   at Microsoft.VisualStudio.TestTools.UITesting.Playback.MapAndThrowException(SystemException exception, String queryId)
   at Microsoft.VisualStudio.TestTools.UITesting.UITestControl..ctor(String queryId)
   at Microsoft.VisualStudio.TestTools.UITesting.SearchHelper.SearchTopLevelWindow(ISearchArgument topLevelSearchArg, String topLevelElementQueryId)
   at Microsoft.VisualStudio.TestTools.UITesting.SearchHelper.GetTitleUpdatedTopLevelWindow(ISearchArgument topLevelSearchArg, String queryId, IList`1 windowTitles)
   at Microsoft.VisualStudio.TestTools.UITesting.SearchHelper.GetTopLevelElement(Boolean useCache, Boolean useCacheOnly, ISearchArgument searchArg, IList`1 windowTitles, Int32&amp; timeLeft)
   at Microsoft.VisualStudio.TestTools.UITesting.SearchHelper.GetElement(Boolean useCache, ISearchArgument searchArg)
   at Microsoft.VisualStudio.TestTools.UITesting.SearchHelper.Search(ISearchArgument searchArg)
   at Microsoft.VisualStudio.TestTools.UITesting.UITestControl.FindInternal()
   at Microsoft.VisualStudio.TestTools.UITesting.UITestControl.FindControlIfNecessary()
   at Microsoft.VisualStudio.TestTools.UITesting.UITestControl.Click(MouseButtons button, ModifierKeys modifierKeys, Point relativeCoordinates)
   at Microsoft.VisualStudio.TestTools.UITesting.Mouse.ClickImplementation(UITestControl control, MouseButtons button, ModifierKeys modifierKeys, Point relativeCoordinate)
   at Microsoft.VisualStudio.TestTools.UITesting.Mouse.ClickImplementationWrapper(UITestControl control, MouseButtons button, ModifierKeys modifierKeys, Point relativeCoordinate)
W, 3504, 13, 2013/05/23, 17:20:51.956, 2835623982833, QTAgent32.exe, PlaybackErrorHandler: Ignoring exception as ContinueOnError is set.
W, 3504, 13, 2013/05/23, 17:20:52.011, 2835624771156, QTAgent32.exe, &lt;a class=success&gt;Playback - {17} [SUCCESS] TypeString "#(R)"
\0&lt;/a&gt;
W, 3504, 13, 2013/05/23, 17:20:52.629, 2835633623376, QTAgent32.exe, PERF WARNING: FindTopLevelWindowHelper::FindAllDescendents: took 517 ms. Expected it to take maximum 500 ms.
W, 3504, 13, 2013/05/23, 17:20:53.182, 2835641531760, QTAgent32.exe, PERF WARNING: FindAllDescendents: took 550 ms. Expected it to take maximum 500 ms.
E, 3504, 13, 2013/05/23, 17:20:53.194, 2835641705862, QTAgent32.exe, Exception: System.ArgumentException
	Message: Value does not fall within the expected range.
	Stack Trace:    at Accessibility.IAccessible.get_accRole(Object varChild)
   at Microsoft.VisualStudio.TestTools.UITest.Extension.Msaa.AccWrapper.get_RoleInt()
	BaseExceptionMessage: Value does not fall within the expected range.

E, 3504, 13, 2013/05/23, 17:20:53.207, 2835641882095, QTAgent32.exe, Exception: System.ArgumentException
	Message: Value does not fall within the expected range.
	Stack Trace:    at Accessibility.IAccessible.get_accRole(Object varChild)
   at Microsoft.VisualStudio.TestTools.UITest.Extension.Msaa.AccWrapper.get_RoleInt()
	BaseExceptionMessage: Value does not fall within the expected range.

W, 3504, 13, 2013/05/23, 17:20:54.451, 2835659696777, QTAgent32.exe, &lt;a class=success&gt;Playback - {18} [SUCCESS] LeftButtonClick  &lt; Mouse cursor location (87, 908) &gt;
\0&lt;/a&gt;
W, 3504, 13, 2013/05/23, 17:20:56.251, 2835685485782, QTAgent32.exe, &lt;a class=success&gt;Playback - {19} [SUCCESS] SetValueAsEditBox "c:\TestProject7\ourhighway.reg"  &lt; Set via SendKeys &gt;
\0&lt;/a&gt;
W, 3504, 13, 2013/05/23, 17:20:56.252, 2835685489306, QTAgent32.exe, &lt;a class=success&gt;Playback - {20} [SUCCESS] SetValueAsComboBox "c:\TestProject7\ourhighway.reg" - "[MSAA, VisibleOnly]ControlType='ComboBox' &amp;&amp; Name='Open:'"  &lt; Set via SetValueAsEditBox &gt;
\0&lt;/a&gt;
W, 3504, 13, 2013/05/23, 17:20:56.526, 2835689415319, QTAgent32.exe, &lt;a class=success&gt;Playback - {21} [SUCCESS] MouseButtonClick - "[MSAA, VisibleOnly]ControlType='Button' &amp;&amp; Name='OK'"
\0&lt;/a&gt;
W, 3504, 13, 2013/05/23, 17:20:57.262, 2835699943057, QTAgent32.exe, Playback - [WARNING] Internal warning: Window Not Found: [VisibleOnly]ControlType='Window' &amp;&amp; Name='Registry Editor' &amp;&amp; ClassName='#32770'
\0
E, 3504, 13, 2013/05/23, 17:20:57.262, 2835699945896, QTAgent32.exe, &lt;a class=failure&gt;Playback - {22} [FAILED] Function ElementFetcher::FindScreenElement failed to locate UI element (Searching: ;[VisibleOnly]ControlType='Window' &amp;&amp; Name='Registry Editor' &amp;&amp; ClassName='#32770') (The object specified was not found.)
\0&lt;/a&gt;
E, 3504, 13, 2013/05/23, 17:20:57.670, 2835705795306, QTAgent32.exe, Playback - [IMAGE] C:\Users\testuser\AppData\Local\Temp\UITestLogs\LastRun\RPFFD0D.png
\0
W, 3504, 13, 2013/05/23, 17:20:57.671, 2835705799557, QTAgent32.exe, Playback - [WARNING] Internal warning: Couldn't find descendants that match QueryId
\0
W, 3504, 13, 2013/05/23, 17:20:57.671, 2835705802438, QTAgent32.exe, PERF WARNING: FindTopLevelWindowHelper::FindAllDescendents: took 1032 ms. Expected it to take maximum 500 ms.
W, 3504, 13, 2013/05/23, 17:20:58.474, 2835717307875, QTAgent32.exe, &lt;a class=success&gt;Playback - {23} [SUCCESS] MouseButtonClick - "[MSAA, VisibleOnly]ControlType='Button' &amp;&amp; Name='Yes'"
\0&lt;/a&gt;
W, 3504, 13, 2013/05/23, 17:20:58.843, 2835722584428, QTAgent32.exe, &lt;a class=success&gt;Playback - {24} [SUCCESS] MouseButtonClick - "[MSAA, VisibleOnly]ControlType='Button' &amp;&amp; Name='OK'"
\0&lt;/a&gt;
W, 3504, 13, 2013/05/23, 17:20:59.071, 2835725853913, QTAgent32.exe, &lt;a class=success&gt;Playback - {25} [SUCCESS] MouseButtonClick - "[MSAA, VisibleOnly]ControlType='Button' &amp;&amp; Name='Clients &amp; Files'"
\0&lt;/a&gt;
W, 3504, 13, 2013/05/23, 17:20:59.501, 2835732017120, QTAgent32.exe, Playback - [WARNING] Internal warning: Window Not Found: [VisibleOnly]ControlType='Window' &amp;&amp; ClassName='ThunderRT6MDIForm'
\0
E, 3504, 13, 2013/05/23, 17:20:59.502, 2835732020426, QTAgent32.exe, &lt;a class=failure&gt;Playback - {26} [FAILED] Function ElementFetcher::FindScreenElement failed to locate UI element (Searching: ;[VisibleOnly]ControlType='Window' &amp;&amp; ClassName='ThunderRT6MDIForm') (The object specified was not found.)
\0&lt;/a&gt;
E, 3504, 13, 2013/05/23, 17:20:59.610, 2835733569208, QTAgent32.exe, Playback - [IMAGE] C:\Users\testuser\AppData\Local\Temp\UITestLogs\LastRun\RPF5C5.png
\0
W, 3504, 13, 2013/05/23, 17:20:59.610, 2835733571755, QTAgent32.exe, Playback - [WARNING] Internal warning: Couldn't find descendants that match QueryId
\0
W, 3504, 13, 2013/05/23, 17:21:02.390, 2835773375768, QTAgent32.exe, PERF WARNING: FindTopLevelWindowHelper::FindAllDescendents: took 2779 ms. Expected it to take maximum 500 ms.
W, 3504, 13, 2013/05/23, 17:21:03.397, 2835787798838, QTAgent32.exe, Playback - [WARNING] Internal warning: Incorrect flag set for InvokeProgrammaticAction\0
W, 3504, 13, 2013/05/23, 17:21:03.519, 2835789538190, QTAgent32.exe, &lt;a class=success&gt;Playback - {27} [SUCCESS] SetValueAsComboBox "Customers" - "[MSAA, VisibleOnly]ControlType='ComboBox'"  &lt; SetValueAsComboBox, set by clicking on the item in the list box &gt;
\0&lt;/a&gt;
W, 3504, 13, 2013/05/23, 17:21:04.076, 2835797514534, QTAgent32.exe, &lt;a class=success&gt;Playback - {28} [SUCCESS] MouseButtonClick - "[MSAA, VisibleOnly]ControlType='Button' &amp;&amp; Name='Add'"
\0&lt;/a&gt;
W, 3504, 13, 2013/05/23, 17:21:04.871, 2835808900195, QTAgent32.exe, &lt;a class=success&gt;Playback - {29} [SUCCESS] SendKeys "autotest" - "[MSAA, VisibleOnly]ControlType='RadioButton' &amp;&amp; Name='Personal Lines'"
\0&lt;/a&gt;
W, 3504, 13, 2013/05/23, 17:21:05.973, 2835824680172, QTAgent32.exe, &lt;a class=success&gt;Playback - {30} [SUCCESS] SetValueAsEditBox "autotest" - "[MSAA, VisibleOnly]ControlType='Edit'"  &lt; Set via SendKeys &gt;
\0&lt;/a&gt;
W, 3504, 13, 2013/05/23, 17:21:06.204, 2835827977887, QTAgent32.exe, &lt;a class=success&gt;Playback - {31} [SUCCESS] MouseButtonClick - "[MSAA, VisibleOnly]ControlType='Button' &amp;&amp; Name='OK'"
\0&lt;/a&gt;
W, 3504, 13, 2013/05/23, 17:21:06.515, 2835832441546, QTAgent32.exe, &lt;a class=success&gt;Playback - {32} [SUCCESS] MouseButtonClick - "[MSAA, VisibleOnly]ControlType='Button' &amp;&amp; Name='Yes'"
\0&lt;/a&gt;
W, 3504, 13, 2013/05/23, 17:21:07.132, 2835841276810, QTAgent32.exe, &lt;a class=success&gt;Playback - {33} [SUCCESS] SendKeys "^{HOME}" - "[MSAA, VisibleOnly]ControlType='Edit'"
\0&lt;/a&gt;
E, 3504, 13, 2013/05/23, 17:21:07.132, 2835841280252, QTAgent32.exe, Msaa.GetFocusedElement: could not find accessible object of foreground window
W, 3504, 13, 2013/05/23, 17:21:07.191, 2835842114703, QTAgent32.exe, &lt;a class=success&gt;Playback - {34} [SUCCESS] SendKeys "^+{END}" - "[MSAA, VisibleOnly]ControlType='Edit'"
\0&lt;/a&gt;
E, 3504, 13, 2013/05/23, 17:21:07.191, 2835842117976, QTAgent32.exe, Msaa.GetFocusedElement: could not find accessible object of foreground window
W, 3504, 13, 2013/05/23, 17:21:07.206, 2835842337721, QTAgent32.exe, &lt;a class=success&gt;Playback - {35} [SUCCESS] SendKeys "{DELETE}" - "[MSAA, VisibleOnly]ControlType='Edit'"
\0&lt;/a&gt;
W, 3504, 13, 2013/05/23, 17:21:07.709, 2835849534640, QTAgent32.exe, &lt;a class=success&gt;Playback - {36} [SUCCESS] SetValueAsEditBox "1" - "[MSAA, VisibleOnly]ControlType='Edit'"  &lt; Set via SendKeys &gt;
\0&lt;/a&gt;
W, 3504, 13, 2013/05/23, 17:21:08.287, 2835857817363, QTAgent32.exe, &lt;a class=success&gt;Playback - {37} [SUCCESS] SendKeys "^{HOME}" - "[MSAA, VisibleOnly]ControlType='Edit'"
\0&lt;/a&gt;
E, 3504, 13, 2013/05/23, 17:21:08.288, 2835857821033, QTAgent32.exe, Msaa.GetFocusedElement: could not find accessible object of foreground window
W, 3504, 13, 2013/05/23, 17:21:08.345, 2835858642023, QTAgent32.exe, &lt;a class=success&gt;Playback - {38} [SUCCESS] SendKeys "^+{END}" - "[MSAA, VisibleOnly]ControlType='Edit'"
\0&lt;/a&gt;
E, 3504, 13, 2013/05/23, 17:21:08.345, 2835858645644, QTAgent32.exe, Msaa.GetFocusedElement: could not find accessible object of foreground window
W, 3504, 13, 2013/05/23, 17:21:08.360, 2835858856269, QTAgent32.exe, &lt;a class=success&gt;Playback - {39} [SUCCESS] SendKeys "{DELETE}" - "[MSAA, VisibleOnly]ControlType='Edit'"
\0&lt;/a&gt;
W, 3504, 13, 2013/05/23, 17:21:08.788, 2835864992242, QTAgent32.exe, &lt;a class=success&gt;Playback - {40} [SUCCESS] SetValueAsEditBox "1" - "[MSAA, VisibleOnly]ControlType='Edit'"  &lt; Set via SendKeys &gt;
\0&lt;/a&gt;
W, 3504, 13, 2013/05/23, 17:21:10.412, 2835888230976, QTAgent32.exe, Playback - [WARNING] Internal warning: Target element "[MSAA, VisibleOnly]ControlType='Button' &amp;&amp; Name='OK'" was not found, so all intermediate elements were ignored. An incorrect element that matches target element Id can be found as the result.  Verify that all intermediate elements in QueryId have valid and unique Ids
\0
W, 3504, 13, 2013/05/23, 17:21:10.958, 2835896048612, QTAgent32.exe, PERF WARNING: FindAllDescendents: took 2067 ms. Expected it to take maximum 500 ms.
W, 3504, 13, 2013/05/23, 17:21:11.252, 2835900258524, QTAgent32.exe, &lt;a class=success&gt;Playback - {41} [SUCCESS] MouseButtonClick - "[MSAA, VisibleOnly]ControlType='Button' &amp;&amp; Name='OK'"
\0&lt;/a&gt;
W, 3504, 13, 2013/05/23, 17:21:11.666, 2835906188761, QTAgent32.exe, &lt;a class=success&gt;Playback - {42} [SUCCESS] MouseButtonClick - "[MSAA, VisibleOnly]ControlType='Button'"
\0&lt;/a&gt;
W, 3504, 13, 2013/05/23, 17:21:12.058, 2835911809714, QTAgent32.exe, &lt;a class=success&gt;Playback - {43} [SUCCESS] MouseButtonClick - "[MSAA, VisibleOnly]ControlType='Button' &amp;&amp; Name='Add'"
\0&lt;/a&gt;
W, 3504, 13, 2013/05/23, 17:21:12.416, 2835916931436, QTAgent32.exe, &lt;a class=success&gt;Playback - {44} [SUCCESS] MouseButtonClick - "[MSAA, VisibleOnly]ControlType='Button' &amp;&amp; Name='OK'"
\0&lt;/a&gt;
W, 3504, 13, 2013/05/23, 17:21:14.661, 2835949072342, QTAgent32.exe, &lt;a class=success&gt;Playback - {45} [SUCCESS] MouseButtonClick - "[MSAA, VisibleOnly,Window]ControlType='Window' &amp;&amp; ClassName='ThunderRT6TextBox'"
\0&lt;/a&gt;
W, 3504, 13, 2013/05/23, 17:21:15.666, 2835963463256, QTAgent32.exe, &lt;a class=success&gt;Playback - {46} [SUCCESS] SetValueAsEditBox "MOTO" - "[MSAA, VisibleOnly]ControlType='Edit'"  &lt; Set via SendKeys &gt;
\0&lt;/a&gt;
W, 3504, 13, 2013/05/23, 17:21:16.031, 2835968687408, QTAgent32.exe, &lt;a class=success&gt;Playback - {47} [SUCCESS] MouseButtonClick - "[MSAA, VisibleOnly]ControlType='Button' &amp;&amp; Name='OK'"
\0&lt;/a&gt;
W, 3504, 13, 2013/05/23, 17:21:16.276, 2835972196808, QTAgent32.exe, &lt;a class=success&gt;Playback - {48} [SUCCESS] MouseButtonClick - "[MSAA, VisibleOnly]ControlType='Button' &amp;&amp; Name='Options'"
\0&lt;/a&gt;
W, 3504, 13, 2013/05/23, 17:21:16.376, 2835973633465, QTAgent32.exe, FindScreenElementInSinglePass : Attempting to find control in one pass of search. Failures can occur.
W, 3504, 13, 2013/05/23, 17:21:16.864, 2835980618237, QTAgent32.exe, &lt;a class=success&gt;Playback - {49} [SUCCESS] MouseButtonClick - "[MSAA]ControlType='MenuItem' &amp;&amp; Name='Links'"
\0&lt;/a&gt;
W, 3504, 13, 2013/05/23, 17:21:16.965, 2835982054832, QTAgent32.exe, FindScreenElementInSinglePass : Attempting to find control in one pass of search. Failures can occur.
W, 3504, 13, 2013/05/23, 17:21:17.499, 2835989709848, QTAgent32.exe, &lt;a class=success&gt;Playback - {50} [SUCCESS] MouseButtonClick - "[MSAA]ControlType='MenuItem' &amp;&amp; Name='3rd Party Integration'"
\0&lt;/a&gt;
W, 3504, 13, 2013/05/23, 17:21:17.600, 2835991150495, QTAgent32.exe, FindScreenElementInSinglePass : Attempting to find control in one pass of search. Failures can occur.
W, 3504, 13, 2013/05/23, 17:21:18.126, 2835998680933, QTAgent32.exe, &lt;a class=success&gt;Playback - {51} [SUCCESS] MouseButtonClick - "[MSAA]ControlType='MenuItem' &amp;&amp; Name='Quote Select List'"
\0&lt;/a&gt;
W, 3504, 13, 2013/05/23, 17:21:19.155, 2836013421967, QTAgent32.exe, Playback - [WARNING] Internal warning: Window Not Found: [VisibleOnly]ControlType='Window' &amp;&amp; Name='Current Or Future' &amp;&amp; ClassName='TfCurrentOrFuture'
\0
E, 3504, 13, 2013/05/23, 17:21:19.157, 2836013444284, QTAgent32.exe, &lt;a class=failure&gt;Playback - {52} [FAILED] Function ElementFetcher::FindScreenElement failed to locate UI element (Searching: ;[VisibleOnly]ControlType='Window' &amp;&amp; Name='Current Or Future' &amp;&amp; ClassName='TfCurrentOrFuture') (The object specified was not found.)
\0&lt;/a&gt;
E, 3504, 13, 2013/05/23, 17:21:19.649, 2836020501890, QTAgent32.exe, Playback - [IMAGE] C:\Users\testuser\AppData\Local\Temp\UITestLogs\LastRun\RPF528E.png
\0
W, 3504, 13, 2013/05/23, 17:21:19.650, 2836020505772, QTAgent32.exe, Playback - [WARNING] Internal warning: Couldn't find descendants that match QueryId
\0
W, 3504, 13, 2013/05/23, 17:21:19.650, 2836020508715, QTAgent32.exe, PERF WARNING: FindTopLevelWindowHelper::FindAllDescendents: took 1421 ms. Expected it to take maximum 500 ms.
W, 3504, 13, 2013/05/23, 17:21:20.897, 2836038365459, QTAgent32.exe, PERF WARNING: FindTopLevelWindowHelper::FindAllDescendents: took 1246 ms. Expected it to take maximum 500 ms.
W, 3504, 13, 2013/05/23, 17:21:21.636, 2836048944400, QTAgent32.exe, &lt;a class=success&gt;Playback - {53} [SUCCESS] MouseButtonClick - "[MSAA, VisibleOnly]ControlType='Button' &amp;&amp; Name='Ok'"
\0&lt;/a&gt;
W, 3504, 13, 2013/05/23, 17:21:24.874, 2836095297736, QTAgent32.exe, PERF WARNING: FindTopLevelWindowHelper::FindAllDescendents: took 3137 ms. Expected it to take maximum 500 ms.
W, 3504, 13, 2013/05/23, 17:21:25.012, 2836097278578, QTAgent32.exe, &lt;a class=success&gt;Playback - {54} [SUCCESS] MouseButtonClick - "[MSAA, VisibleOnly]ControlType='Button' &amp;&amp; Name='Ok'"
\0&lt;/a&gt;
W, 3504, 13, 2013/05/23, 17:21:25.737, 2836107657320, QTAgent32.exe, &lt;a class=success&gt;Playback - {55} [SUCCESS] SetValueAsEditBox "test" - "[MSAA, VisibleOnly]ControlType='Edit'"  &lt; Set via SendKeys &gt;
\0&lt;/a&gt;
W, 3504, 13, 2013/05/23, 17:21:26.491, 2836118461967, QTAgent32.exe, &lt;a class=success&gt;Playback - {56} [SUCCESS] SetValueAsEditBox "test" - "[MSAA, VisibleOnly]ControlType='Edit'"  &lt; Set via SendKeys &gt;
\0&lt;/a&gt;
W, 3504, 13, 2013/05/23, 17:21:27.300, 2836130045115, QTAgent32.exe, &lt;a class=success&gt;Playback - {57} [SUCCESS] SetValueAsEditBox "160486" - "[MSAA, VisibleOnly]ControlType='Edit'"  &lt; Set via SendKeys &gt;
\0&lt;/a&gt;
W, 3504, 13, 2013/05/23, 17:21:28.094, 2836141407884, QTAgent32.exe, &lt;a class=success&gt;Playback - {58} [SUCCESS] SetValueAsEditBox "BN16BN" - "[MSAA, VisibleOnly]ControlType='Edit'"  &lt; Set via SendKeys &gt;
\0&lt;/a&gt;
W, 3504, 13, 2013/05/23, 17:21:30.324, 2836173336117, QTAgent32.exe, &lt;a class=success&gt;Playback - {59} [SUCCESS] MouseButtonClick - "[MSAA, VisibleOnly]ControlType='Button' &amp;&amp; Name='Lookup...'"
\0&lt;/a&gt;
W, 3504, 13, 2013/05/23, 17:21:30.564, 2836176772338, QTAgent32.exe, &lt;a class=success&gt;Playback - {60} [SUCCESS] MouseButtonClick - "[MSAA, VisibleOnly]ControlType='Button' &amp;&amp; Name='Ok'"
\0&lt;/a&gt;
W, 3504, 13, 2013/05/23, 17:21:30.805, 2836180227556, QTAgent32.exe, &lt;a class=success&gt;Playback - {61} [SUCCESS] MouseButtonClick - "[MSAA, VisibleOnly]ControlType='Button' &amp;&amp; Name='OK'"
\0&lt;/a&gt;
W, 3504, 13, 2013/05/23, 17:21:32.392, 2836202954894, QTAgent32.exe, PERF WARNING: FindTopLevelWindowHelper::FindAllDescendents: took 1486 ms. Expected it to take maximum 500 ms.
W, 3504, 13, 2013/05/23, 17:21:33.514, 2836219008724, QTAgent32.exe, Playback - [WARNING] Internal warning: Incorrect flag set for InvokeProgrammaticAction\0
W, 3504, 13, 2013/05/23, 17:21:33.636, 2836220758067, QTAgent32.exe, &lt;a class=success&gt;Playback - {62} [SUCCESS] SetValueAsComboBox "Account Executive" - "[MSAA, VisibleOnly]ControlType='ComboBox'"  &lt; SetValueAsComboBox, set by clicking on the item in the list box &gt;
\0&lt;/a&gt;
W, 3504, 13, 2013/05/23, 17:21:34.729, 2836236416485, QTAgent32.exe, Playback - [WARNING] Internal warning: Incorrect flag set for InvokeProgrammaticAction\0
W, 3504, 13, 2013/05/23, 17:21:36.463, 2836261238670, QTAgent32.exe, &lt;a class=success&gt;Playback - {63} [SUCCESS] SetValueAsComboBox "Aerial Manufacturer" - "[MSAA, VisibleOnly]ControlType='ComboBox'"  &lt; SetValueAsComboBox, set by clicking on the item in the list box &gt;
\0&lt;/a&gt;
W, 3504, 13, 2013/05/23, 17:21:37.535, 2836276591486, QTAgent32.exe, &lt;a class=success&gt;Playback - {64} [SUCCESS] SetValueAsEditBox "151208" - "[MSAA, VisibleOnly]ControlType='Edit'"  &lt; Set via SendKeys &gt;
\0&lt;/a&gt;
W, 3504, 13, 2013/05/23, 17:21:37.774, 2836280004210, QTAgent32.exe, &lt;a class=success&gt;Playback - {65} [SUCCESS] MouseButtonClick - "[MSAA, VisibleOnly]ControlType='Button' &amp;&amp; Name='OK'"
\0&lt;/a&gt;
W, 3504, 13, 2013/05/23, 17:21:40.466, 2836318553115, QTAgent32.exe, PERF WARNING: FindTopLevelWindowHelper::FindAllDescendents: took 2476 ms. Expected it to take maximum 500 ms.
E, 3504, 13, 2013/05/23, 17:21:40.478, 2836318726398, QTAgent32.exe, Exception: System.ArgumentException
	Message: Value does not fall within the expected range.
	Stack Trace:    at Accessibility.IAccessible.get_accRole(Object varChild)
   at Microsoft.VisualStudio.TestTools.UITest.Extension.Msaa.AccWrapper.get_RoleInt()
	BaseExceptionMessage: Value does not fall within the expected range.

E, 3504, 13, 2013/05/23, 17:21:40.481, 2836318766028, QTAgent32.exe, Exception: System.ArgumentException
	Message: Value does not fall within the expected range.
	Stack Trace:    at Accessibility.IAccessible.get_accRole(Object varChild)
   at Microsoft.VisualStudio.TestTools.UITest.Extension.Msaa.AccWrapper.get_RoleInt()
	BaseExceptionMessage: Value does not fall within the expected range.

W, 3504, 13, 2013/05/23, 17:21:41.034, 2836326684640, QTAgent32.exe, &lt;a class=success&gt;Playback - {66} [SUCCESS] LeftButtonClick  &lt; Mouse cursor location (680, 395) &gt;
\0&lt;/a&gt;
W, 3504, 13, 2013/05/23, 17:21:41.696, 2836336168522, QTAgent32.exe, &lt;a class=success&gt;Playback - {67} [SUCCESS] SetValueAsEditBox "FORD"  &lt; Set via SendKeys &gt;
\0&lt;/a&gt;
W, 3504, 13, 2013/05/23, 17:21:41.696, 2836336171434, QTAgent32.exe, &lt;a class=success&gt;Playback - {68} [SUCCESS] SetValueAsComboBox "FORD" - "[MSAA, VisibleOnly]ControlType='ComboBox'"  &lt; Set via SetValueAsEditBox &gt;
\0&lt;/a&gt;
E, 3504, 13, 2013/05/23, 17:21:41.819, 2836337933359, QTAgent32.exe, Exception: System.ArgumentException
	Message: Value does not fall within the expected range.
	Stack Trace:    at Accessibility.IAccessible.get_accRole(Object varChild)
   at Microsoft.VisualStudio.TestTools.UITest.Extension.Msaa.AccWrapper.get_RoleInt()
	BaseExceptionMessage: Value does not fall within the expected range.

E, 3504, 13, 2013/05/23, 17:21:41.822, 2836337972028, QTAgent32.exe, Exception: System.ArgumentException
	Message: Value does not fall within the expected range.
	Stack Trace:    at Accessibility.IAccessible.get_accRole(Object varChild)
   at Microsoft.VisualStudio.TestTools.UITest.Extension.Msaa.AccWrapper.get_RoleInt()
	BaseExceptionMessage: Value does not fall within the expected range.

W, 3504, 13, 2013/05/23, 17:21:42.949, 2836354115241, QTAgent32.exe, &lt;a class=success&gt;Playback - {69} [SUCCESS] LeftButtonClick  &lt; Mouse cursor location (1040, 395) &gt;
\0&lt;/a&gt;
W, 3504, 13, 2013/05/23, 17:21:43.506, 2836362086184, QTAgent32.exe, &lt;a class=success&gt;Playback - {70} [SUCCESS] SetValueAsEditBox "KA"  &lt; Set via SendKeys &gt;
\0&lt;/a&gt;
W, 3504, 13, 2013/05/23, 17:21:43.506, 2836362088874, QTAgent32.exe, &lt;a class=success&gt;Playback - {71} [SUCCESS] SetValueAsComboBox "KA" - "[MSAA, VisibleOnly]ControlType='ComboBox'"  &lt; Set via SetValueAsEditBox &gt;
\0&lt;/a&gt;
W, 3504, 13, 2013/05/23, 17:21:44.119, 2836370867893, QTAgent32.exe, &lt;a class=success&gt;Playback - {72} [SUCCESS] MouseButtonClick - "[MSAA, VisibleOnly]ControlType='Button' &amp;&amp; Name='Filter'"
\0&lt;/a&gt;
W, 3504, 13, 2013/05/23, 17:21:44.474, 2836375945500, QTAgent32.exe, &lt;a class=success&gt;Playback - {73} [SUCCESS] MouseButtonClick - "[MSAA, VisibleOnly]ControlType='Button' &amp;&amp; Name='OK'"
\0&lt;/a&gt;
W, 3504, 13, 2013/05/23, 17:21:45.196, 2836386274667, QTAgent32.exe, &lt;a class=success&gt;Playback - {74} [SUCCESS] SendKeys "^{HOME}" - "[MSAA, VisibleOnly]ControlType='Edit'"
\0&lt;/a&gt;
E, 3504, 13, 2013/05/23, 17:21:45.196, 2836386278657, QTAgent32.exe, Msaa.GetFocusedElement: could not find accessible object of foreground window
W, 3504, 13, 2013/05/23, 17:21:45.256, 2836387133760, QTAgent32.exe, &lt;a class=success&gt;Playback - {75} [SUCCESS] SendKeys "^+{END}" - "[MSAA, VisibleOnly]ControlType='Edit'"
\0&lt;/a&gt;
E, 3504, 13, 2013/05/23, 17:21:45.279, 2836387472802, QTAgent32.exe, Msaa.GetFocusedElement: could not find accessible object of foreground window
W, 3504, 13, 2013/05/23, 17:21:45.295, 2836387694569, QTAgent32.exe, &lt;a class=success&gt;Playback - {76} [SUCCESS] SendKeys "{DELETE}" - "[MSAA, VisibleOnly]ControlType='Edit'"
\0&lt;/a&gt;
W, 3504, 13, 2013/05/23, 17:21:45.845, 2836395576037, QTAgent32.exe, &lt;a class=success&gt;Playback - {77} [SUCCESS] SetValueAsEditBox "123434" - "[MSAA, VisibleOnly]ControlType='Edit'"  &lt; Set via SendKeys &gt;
\0&lt;/a&gt;
W, 3504, 13, 2013/05/23, 17:21:46.416, 2836403744655, QTAgent32.exe, &lt;a class=success&gt;Playback - {78} [SUCCESS] SendKeys "^{HOME}" - "[MSAA, VisibleOnly]ControlType='Edit'"
\0&lt;/a&gt;
E, 3504, 13, 2013/05/23, 17:21:46.416, 2836403747905, QTAgent32.exe, Msaa.GetFocusedElement: could not find accessible object of foreground window
W, 3504, 13, 2013/05/23, 17:21:46.490, 2836404811956, QTAgent32.exe, &lt;a class=success&gt;Playback - {79} [SUCCESS] SendKeys "^+{END}" - "[MSAA, VisibleOnly]ControlType='Edit'"
\0&lt;/a&gt;
E, 3504, 13, 2013/05/23, 17:21:46.491, 2836404816492, QTAgent32.exe, Msaa.GetFocusedElement: could not find accessible object of foreground window
W, 3504, 13, 2013/05/23, 17:21:46.506, 2836405034561, QTAgent32.exe, &lt;a class=success&gt;Playback - {80} [SUCCESS] SendKeys "{DELETE}" - "[MSAA, VisibleOnly]ControlType='Edit'"
\0&lt;/a&gt;
W, 3504, 13, 2013/05/23, 17:21:47.002, 2836412142693, QTAgent32.exe, &lt;a class=success&gt;Playback - {81} [SUCCESS] SetValueAsEditBox "1000" - "[MSAA, VisibleOnly]ControlType='Edit'"  &lt; Set via SendKeys &gt;
\0&lt;/a&gt;
W, 3504, 13, 2013/05/23, 17:21:47.627, 2836421085053, QTAgent32.exe, &lt;a class=success&gt;Playback - {82} [SUCCESS] SendKeys "^{HOME}" - "[MSAA, VisibleOnly]ControlType='Edit'"
\0&lt;/a&gt;
E, 3504, 13, 2013/05/23, 17:21:47.627, 2836421088545, QTAgent32.exe, Msaa.GetFocusedElement: could not find accessible object of foreground window
W, 3504, 13, 2013/05/23, 17:21:47.688, 2836421959673, QTAgent32.exe, &lt;a class=success&gt;Playback - {83} [SUCCESS] SendKeys "^+{END}" - "[MSAA, VisibleOnly]ControlType='Edit'"
\0&lt;/a&gt;
E, 3504, 13, 2013/05/23, 17:21:47.688, 2836421962519, QTAgent32.exe, Msaa.GetFocusedElement: could not find accessible object of foreground window
W, 3504, 13, 2013/05/23, 17:21:47.702, 2836422163094, QTAgent32.exe, &lt;a class=success&gt;Playback - {84} [SUCCESS] SendKeys "{DELETE}" - "[MSAA, VisibleOnly]ControlType='Edit'"
\0&lt;/a&gt;
W, 3504, 13, 2013/05/23, 17:21:48.319, 2836430997218, QTAgent32.exe, &lt;a class=success&gt;Playback - {85} [SUCCESS] SetValueAsEditBox "30/05/13" - "[MSAA, VisibleOnly]ControlType='Edit'"  &lt; Set via SendKeys &gt;
\0&lt;/a&gt;
W, 3504, 13, 2013/05/23, 17:21:48.719, 2836436718460, QTAgent32.exe, &lt;a class=success&gt;Playback - {86} [SUCCESS] MouseButtonClick - "[MSAA, VisibleOnly]ControlType='Button' &amp;&amp; Name='Calculate Quote'"
\0&lt;/a&gt;
W, 3504, 13, 2013/05/23, 17:22:02.570, 2836635039958, QTAgent32.exe, Playback - [WARNING] Internal warning: Window Not Found: [VisibleOnly]ControlType='Window' &amp;&amp; Name='Quote Select List' &amp;&amp; ClassName='ThunderRT6FormDC'
\0
E, 3504, 13, 2013/05/23, 17:22:02.570, 2836635046238, QTAgent32.exe, &lt;a class=failure&gt;Playback - {87} [FAILED] Function ElementFetcher::FindScreenElement failed to locate UI element (Searching: ;[VisibleOnly]ControlType='Window' &amp;&amp; Name='Quote Select List' &amp;&amp; ClassName='ThunderRT6FormDC') (The object specified was not found.)
\0&lt;/a&gt;
E, 3504, 13, 2013/05/23, 17:22:02.711, 2836637059157, QTAgent32.exe, Playback - [IMAGE] C:\Users\testuser\AppData\Local\Temp\UITestLogs\LastRun\RPFFC26.png
\0
W, 3504, 13, 2013/05/23, 17:22:02.711, 2836637061692, QTAgent32.exe, Playback - [WARNING] Internal warning: Couldn't find descendants that match QueryId
\0
W, 3504, 13, 2013/05/23, 17:22:02.711, 2836637068588, QTAgent32.exe, PERF WARNING: FindTopLevelWindowHelper::FindAllDescendents: took 13892 ms. Expected it to take maximum 500 ms.
W, 3504, 13, 2013/05/23, 17:22:20.786, 2836895870009, QTAgent32.exe, Playback - [WARNING] Internal warning: Window Not Found: [VisibleOnly]ControlType='Window' &amp;&amp; Name='Quote Select List' &amp;&amp; ClassName='ThunderRT6FormDC'
\0
E, 3504, 13, 2013/05/23, 17:22:20.787, 2836895879262, QTAgent32.exe, &lt;a class=failure&gt;Playback - {88} [FAILED] Function ElementFetcher::FindScreenElement failed to locate UI element (Searching: ;[VisibleOnly]ControlType='Window' &amp;&amp; Name='Quote Select List' &amp;&amp; ClassName='ThunderRT6FormDC') (The object specified was not found.)
\0&lt;/a&gt;
E, 3504, 13, 2013/05/23, 17:22:20.880, 2836897215219, QTAgent32.exe, Playback - [IMAGE] C:\Users\testuser\AppData\Local\Temp\UITestLogs\LastRun\RPF4354.png
\0
W, 3504, 13, 2013/05/23, 17:22:20.881, 2836897217703, QTAgent32.exe, Playback - [WARNING] Internal warning: Couldn't find descendants that match QueryId
\0
W, 3504, 13, 2013/05/23, 17:22:20.881, 2836897225340, QTAgent32.exe, PERF WARNING: FindTopLevelWindowHelper::FindAllDescendents: took 18169 ms. Expected it to take maximum 500 ms.
W, 3504, 13, 2013/05/23, 17:22:23.817, 2836939252990, QTAgent32.exe, Playback - [WARNING] Internal warning: Smart Match failed
\0
W, 3504, 13, 2013/05/23, 17:22:25.311, 2836960650467, QTAgent32.exe, Playback - [WARNING] Internal warning: Window Not Found: [VisibleOnly]ControlType='Window' &amp;&amp; Name='Quote Select List' &amp;&amp; ClassName='ThunderRT6FormDC'
\0
E, 3504, 13, 2013/05/23, 17:22:25.311, 2836960655270, QTAgent32.exe, &lt;a class=failure&gt;Playback - {89} [FAILED] Function ElementFetcher::FindScreenElement failed to locate UI element (Searching: ;[VisibleOnly]ControlType='Window' &amp;&amp; Name='Quote Select List' &amp;&amp; ClassName='ThunderRT6FormDC') (The object specified was not found.)
\0&lt;/a&gt;
E, 3504, 13, 2013/05/23, 17:22:25.413, 2836962112229, QTAgent32.exe, Playback - [IMAGE] C:\Users\testuser\AppData\Local\Temp\UITestLogs\LastRun\RPF5501.png
\0
W, 3504, 13, 2013/05/23, 17:22:25.413, 2836962114781, QTAgent32.exe, Playback - [WARNING] Internal warning: Couldn't find descendants that match QueryId
\0
W, 3504, 13, 2013/05/23, 17:22:25.413, 2836962119310, QTAgent32.exe, PERF WARNING: FindTopLevelWindowHelper::FindAllDescendents: took 4531 ms. Expected it to take maximum 500 ms.
E, 3504, 13, 2013/05/23, 17:22:25.414, 2836962121614, QTAgent32.exe, Exception: System.Runtime.InteropServices.COMException
	Message: Error HRESULT E_FAIL has been returned from a call to a COM component.
	Stack Trace:    at Microsoft.VisualStudio.TestTools.UITest.Playback.Engine.IRPFPlayback.FindAllScreenElements(IScreenElement pScreenElementStart, String bstrQueryId, Object&amp; pvarResKeys, Int32 cResKeys, Int32 nMaxDepth, Object[]&amp; foundDescendants)
   at Microsoft.VisualStudio.TestTools.UITest.Playback.ScreenElement.FindTopLevelWindowHelper(String queryId)
	BaseExceptionMessage: Error HRESULT E_FAIL has been returned from a call to a COM component.

E, 3504, 13, 2013/05/23, 17:22:25.515, 2836963577356, QTAgent32.exe, AL: Playback Error: Microsoft.VisualStudio.TestTools.UITest.Extension.UITestControlNotFoundException: The playback failed to find the control with the given search properties. Additional Details: 
TechnologyName:  'MSAA'
ControlType:  'Window'
Name:  'Quote Select List'
ClassName:  'ThunderRT6FormDC'
 ---&gt; System.Runtime.InteropServices.COMException: Error HRESULT E_FAIL has been returned from a call to a COM component.
   at Microsoft.VisualStudio.TestTools.UITest.Playback.Engine.IRPFPlayback.FindAllScreenElements(IScreenElement pScreenElementStart, String bstrQueryId, Object&amp; pvarResKeys, Int32 cResKeys, Int32 nMaxDepth, Object[]&amp; foundDescendants)
   at Microsoft.VisualStudio.TestTools.UITest.Playback.ScreenElement.FindTopLevelWindowHelper(String queryId)
   at Microsoft.VisualStudio.TestTools.UITest.Playback.ScreenElement.FindFromPartialQueryId(String queryId)
   at Microsoft.VisualStudio.TestTools.UITesting.UITestControl..ctor(String queryId)
   --- End of inner exception stack trace ---
   at Microsoft.VisualStudio.TestTools.UITesting.Playback.MapControlNotFoundException(COMException ex, IPlaybackContext context)
   at Microsoft.VisualStudio.TestTools.UITesting.Playback.MapAndThrowComException(COMException innerException, IPlaybackContext context)
   at Microsoft.VisualStudio.TestTools.UITesting.Playback.MapAndThrowException(SystemException exception, IPlaybackContext context)
   at Microsoft.VisualStudio.TestTools.UITesting.Playback.MapAndThrowException(SystemException exception, String queryId)
   at Microsoft.VisualStudio.TestTools.UITesting.UITestControl..ctor(String queryId)
   at Microsoft.VisualStudio.TestTools.UITesting.SearchHelper.SearchTopLevelWindow(ISearchArgument topLevelSearchArg, String topLevelElementQueryId)
   at Microsoft.VisualStudio.TestTools.UITesting.SearchHelper.GetTitleUpdatedTopLevelWindow(ISearchArgument topLevelSearchArg, String queryId, IList`1 windowTitles)
   at Microsoft.VisualStudio.TestTools.UITesting.SearchHelper.GetTopLevelElement(Boolean useCache, Boolean useCacheOnly, ISearchArgument searchArg, IList`1 windowTitles, Int32&amp; timeLeft)
   at Microsoft.VisualStudio.TestTools.UITesting.SearchHelper.GetElement(Boolean useCache, ISearchArgument searchArg)
   at Microsoft.VisualStudio.TestTools.UITesting.SearchHelper.Search(ISearchArgument searchArg)
   at Microsoft.VisualStudio.TestTools.UITesting.UITestControl.FindInternal()
   at Microsoft.VisualStudio.TestTools.UITesting.UITestControl.FindControlIfNecessary()
   at Microsoft.VisualStudio.TestTools.UITesting.UITestControl.Click(MouseButtons button, ModifierKeys modifierKeys, Point relativeCoordinates)
   at Microsoft.VisualStudio.TestTools.UITesting.Mouse.ClickImplementation(UITestControl control, MouseButtons button, ModifierKeys modifierKeys, Point relativeCoordinate)
   at Microsoft.VisualStudio.TestTools.UITesting.Mouse.ClickImplementationWrapper(UITestControl control, MouseButtons button, ModifierKeys modifierKeys, Point relativeCoordinate)
W, 3504, 13, 2013/05/23, 17:22:25.515, 2836963581100, QTAgent32.exe, PlaybackErrorHandler: Ignoring exception as ContinueOnError is set.
W, 3504, 13, 2013/05/23, 17:22:25.709, 2836966359442, QTAgent32.exe, &lt;a class=success&gt;Playback - {90} [SUCCESS] MouseButtonClick - "[MSAA, VisibleOnly]ControlType='Button' &amp;&amp; Name='No'"
\0&lt;/a&gt;
W, 3504, 13, 2013/05/23, 17:22:26.017, 2836970761196, QTAgent32.exe, &lt;a class=success&gt;Playback - {91} [SUCCESS] MouseButtonClick - "[MSAA, VisibleOnly]ControlType='Button' &amp;&amp; Name='Ok'"
\0&lt;/a&gt;
W, 3504, 13, 2013/05/23, 17:22:30.976, 2837041773685, QTAgent32.exe, PERF WARNING: FindTopLevelWindowHelper::FindAllDescendents: took 4859 ms. Expected it to take maximum 500 ms.
W, 3504, 13, 2013/05/23, 17:22:31.105, 2837043621834, QTAgent32.exe, &lt;a class=success&gt;Playback - {92} [SUCCESS] MouseButtonClick - "[MSAA, VisibleOnly]ControlType='Client'"
\0&lt;/a&gt;
W, 3504, 13, 2013/05/23, 17:22:32.896, 2837069257645, QTAgent32.exe, &lt;a class=success&gt;Playback - {93} [SUCCESS] SendKeys "{Home}" - "[MSAA, VisibleOnly]ControlType='Client'"
\0&lt;/a&gt;
W, 3504, 13, 2013/05/23, 17:22:36.155, 2837115919740, QTAgent32.exe, &lt;a class=success&gt;Playback - {94} [SUCCESS] MouseButtonClick - "[MSAA, VisibleOnly]ControlType='Button' &amp;&amp; Name='Accept'"
\0&lt;/a&gt;
W, 3504, 13, 2013/05/23, 17:22:36.631, 2837122731029, QTAgent32.exe, &lt;a class=success&gt;Playback - {95} [SUCCESS] MouseButtonClick - "[MSAA, VisibleOnly]ControlType='Button' &amp;&amp; Name='Yes'"
\0&lt;/a&gt;
W, 3504, 13, 2013/05/23, 17:22:36.940, 2837127162407, QTAgent32.exe, &lt;a class=success&gt;Playback - {96} [SUCCESS] MouseButtonClick - "[MSAA, VisibleOnly]ControlType='Button' &amp;&amp; Name='Ok'"
\0&lt;/a&gt;
W, 3504, 13, 2013/05/23, 17:22:37.214, 2837131089358, QTAgent32.exe, &lt;a class=success&gt;Playback - {97} [SUCCESS] MouseButtonClick - "[MSAA, VisibleOnly]ControlType='Button' &amp;&amp; Name='Ok'"
\0&lt;/a&gt;
W, 3504, 13, 2013/05/23, 17:22:37.666, 2837137549065, QTAgent32.exe, &lt;a class=success&gt;Playback - {98} [SUCCESS] MouseButtonClick - "[MSAA, VisibleOnly]ControlType='Button' &amp;&amp; Name='Confirm'"
\0&lt;/a&gt;
W, 3504, 13, 2013/05/23, 17:23:05.260, 2837532654294, QTAgent32.exe, Playback - [WARNING] Internal warning: Window Not Found: [VisibleOnly]ControlType='Window' &amp;&amp; Name='Save the file as' &amp;&amp; ClassName='#32770'
\0
E, 3504, 13, 2013/05/23, 17:23:05.261, 2837532664701, QTAgent32.exe, &lt;a class=failure&gt;Playback - {99} [FAILED] Function ElementFetcher::FindScreenElement failed to locate UI element (Searching: ;[VisibleOnly]ControlType='Window' &amp;&amp; Name='Save the file as' &amp;&amp; ClassName='#32770') (The object specified was not found.)
\0&lt;/a&gt;
E, 3504, 13, 2013/05/23, 17:23:05.416, 2837534891619, QTAgent32.exe, Playback - [IMAGE] C:\Users\testuser\AppData\Local\Temp\UITestLogs\LastRun\RPFF112.png
\0
W, 3504, 13, 2013/05/23, 17:23:05.417, 2837534900171, QTAgent32.exe, Playback - [WARNING] Internal warning: Couldn't find descendants that match QueryId
\0
W, 3504, 13, 2013/05/23, 17:23:05.418, 2837534910316, QTAgent32.exe, PERF WARNING: FindTopLevelWindowHelper::FindAllDescendents: took 27650 ms. Expected it to take maximum 500 ms.
W, 3504, 13, 2013/05/23, 17:23:24.972, 2837814884860, QTAgent32.exe, Playback - [WARNING] Internal warning: Window Not Found: [VisibleOnly]ControlType='Window' &amp;&amp; Name='Save the file as' &amp;&amp; ClassName='#32770'
\0
E, 3504, 13, 2013/05/23, 17:23:24.972, 2837814894884, QTAgent32.exe, &lt;a class=failure&gt;Playback - {100} [FAILED] Function ElementFetcher::FindScreenElement failed to locate UI element (Searching: ;[VisibleOnly]ControlType='Window' &amp;&amp; Name='Save the file as' &amp;&amp; ClassName='#32770') (The object specified was not found.)
\0&lt;/a&gt;
E, 3504, 13, 2013/05/23, 17:23:25.082, 2837816462302, QTAgent32.exe, Playback - [IMAGE] C:\Users\testuser\AppData\Local\Temp\UITestLogs\LastRun\RPF3E0A.png
\0
W, 3504, 13, 2013/05/23, 17:23:25.082, 2837816464714, QTAgent32.exe, Playback - [WARNING] Internal warning: Couldn't find descendants that match QueryId
\0
W, 3504, 13, 2013/05/23, 17:23:25.082, 2837816472593, QTAgent32.exe, PERF WARNING: FindTopLevelWindowHelper::FindAllDescendents: took 19664 ms. Expected it to take maximum 500 ms.
W, 3504, 13, 2013/05/23, 17:23:27.721, 2837854253334, QTAgent32.exe, Playback - [WARNING] Internal warning: Smart Match failed
\0
W, 3504, 13, 2013/05/23, 17:23:29.024, 2837872902369, QTAgent32.exe, Playback - [WARNING] Internal warning: Window Not Found: [VisibleOnly]ControlType='Window' &amp;&amp; Name='Save the file as' &amp;&amp; ClassName='#32770'
\0
E, 3504, 13, 2013/05/23, 17:23:29.024, 2837872907259, QTAgent32.exe, &lt;a class=failure&gt;Playback - {101} [FAILED] Function ElementFetcher::FindScreenElement failed to locate UI element (Searching: ;[VisibleOnly]ControlType='Window' &amp;&amp; Name='Save the file as' &amp;&amp; ClassName='#32770') (The object specified was not found.)
\0&lt;/a&gt;
E, 3504, 13, 2013/05/23, 17:23:29.104, 2837874058680, QTAgent32.exe, Playback - [IMAGE] C:\Users\testuser\AppData\Local\Temp\UITestLogs\LastRun\RPF4DE3.png
\0
W, 3504, 13, 2013/05/23, 17:23:29.104, 2837874061291, QTAgent32.exe, Playback - [WARNING] Internal warning: Couldn't find descendants that match QueryId
\0
W, 3504, 13, 2013/05/23, 17:23:29.105, 2837874065659, QTAgent32.exe, PERF WARNING: FindTopLevelWindowHelper::FindAllDescendents: took 4021 ms. Expected it to take maximum 500 ms.
E, 3504, 13, 2013/05/23, 17:23:29.105, 2837874068037, QTAgent32.exe, Exception: System.Runtime.InteropServices.COMException
	Message: Error HRESULT E_FAIL has been returned from a call to a COM component.
	Stack Trace:    at Microsoft.VisualStudio.TestTools.UITest.Playback.Engine.IRPFPlayback.FindAllScreenElements(IScreenElement pScreenElementStart, String bstrQueryId, Object&amp; pvarResKeys, Int32 cResKeys, Int32 nMaxDepth, Object[]&amp; foundDescendants)
   at Microsoft.VisualStudio.TestTools.UITest.Playback.ScreenElement.FindTopLevelWindowHelper(String queryId)
	BaseExceptionMessage: Error HRESULT E_FAIL has been returned from a call to a COM component.

E, 3504, 13, 2013/05/23, 17:23:29.207, 2837875524353, QTAgent32.exe, AL: Playback Error: Microsoft.VisualStudio.TestTools.UITest.Extension.UITestControlNotFoundException: The playback failed to find the control with the given search properties. Additional Details: 
TechnologyName:  'MSAA'
ControlType:  'Window'
Name:  'Save the file as'
ClassName:  '#32770'
 ---&gt; System.Runtime.InteropServices.COMException: Error HRESULT E_FAIL has been returned from a call to a COM component.
   at Microsoft.VisualStudio.TestTools.UITest.Playback.Engine.IRPFPlayback.FindAllScreenElements(IScreenElement pScreenElementStart, String bstrQueryId, Object&amp; pvarResKeys, Int32 cResKeys, Int32 nMaxDepth, Object[]&amp; foundDescendants)
   at Microsoft.VisualStudio.TestTools.UITest.Playback.ScreenElement.FindTopLevelWindowHelper(String queryId)
   at Microsoft.VisualStudio.TestTools.UITest.Playback.ScreenElement.FindFromPartialQueryId(String queryId)
   at Microsoft.VisualStudio.TestTools.UITesting.UITestControl..ctor(String queryId)
   --- End of inner exception stack trace ---
   at Microsoft.VisualStudio.TestTools.UITesting.Playback.MapControlNotFoundException(COMException ex, IPlaybackContext context)
   at Microsoft.VisualStudio.TestTools.UITesting.Playback.MapAndThrowComException(COMException innerException, IPlaybackContext context)
   at Microsoft.VisualStudio.TestTools.UITesting.Playback.MapAndThrowException(SystemException exception, IPlaybackContext context)
   at Microsoft.VisualStudio.TestTools.UITesting.Playback.MapAndThrowException(SystemException exception, String queryId)
   at Microsoft.VisualStudio.TestTools.UITesting.UITestControl..ctor(String queryId)
   at Microsoft.VisualStudio.TestTools.UITesting.SearchHelper.SearchTopLevelWindow(ISearchArgument topLevelSearchArg, String topLevelElementQueryId)
   at Microsoft.VisualStudio.TestTools.UITesting.SearchHelper.GetTitleUpdatedTopLevelWindow(ISearchArgument topLevelSearchArg, String queryId, IList`1 windowTitles)
   at Microsoft.VisualStudio.TestTools.UITesting.SearchHelper.GetTopLevelElement(Boolean useCache, Boolean useCacheOnly, ISearchArgument searchArg, IList`1 windowTitles, Int32&amp; timeLeft)
   at Microsoft.VisualStudio.TestTools.UITesting.SearchHelper.GetElement(Boolean useCache, ISearchArgument searchArg)
   at Microsoft.VisualStudio.TestTools.UITesting.SearchHelper.Search(ISearchArgument searchArg)
   at Microsoft.VisualStudio.TestTools.UITesting.UITestControl.FindInternal()
   at Microsoft.VisualStudio.TestTools.UITesting.UITestControl.FindControlIfNecessary()
   at Microsoft.VisualStudio.TestTools.UITesting.UITestControl.Click(MouseButtons button, ModifierKeys modifierKeys, Point relativeCoordinates)
   at Microsoft.VisualStudio.TestTools.UITesting.Mouse.ClickImplementation(UITestControl control, MouseButtons button, ModifierKeys modifierKeys, Point relativeCoordinate)
   at Microsoft.VisualStudio.TestTools.UITesting.Mouse.ClickImplementationWrapper(UITestControl control, MouseButtons button, ModifierKeys modifierKeys, Point relativeCoordinate)
W, 3504, 13, 2013/05/23, 17:23:29.207, 2837875528463, QTAgent32.exe, PlaybackErrorHandler: Ignoring exception as ContinueOnError is set.
W, 3504, 13, 2013/05/23, 17:23:29.361, 2837877741098, QTAgent32.exe, &lt;a class=success&gt;Playback - {102} [SUCCESS] Check - "[MSAA, VisibleOnly]ControlType='CheckBox' &amp;&amp; Name='Defer Printing?'"
\0&lt;/a&gt;
W, 3504, 13, 2013/05/23, 17:23:29.891, 2837885323840, QTAgent32.exe, &lt;a class=success&gt;Playback - {103} [SUCCESS] MouseButtonClick - "[MSAA, VisibleOnly]ControlType='Button' &amp;&amp; Name='Ok'"
\0&lt;/a&gt;
W, 3504, 13, 2013/05/23, 17:23:31.827, 2837913041900, QTAgent32.exe, PERF WARNING: FindTopLevelWindowHelper::FindAllDescendents: took 1835 ms. Expected it to take maximum 500 ms.
W, 3504, 13, 2013/05/23, 17:23:32.579, 2837923809083, QTAgent32.exe, &lt;a class=success&gt;Playback - {104} [SUCCESS] Uncheck - "[MSAA, VisibleOnly]ControlType='CheckBox' &amp;&amp; Name='Add Activity'"
\0&lt;/a&gt;
W, 3504, 13, 2013/05/23, 17:23:35.098, 2837959880807, QTAgent32.exe, &lt;a class=success&gt;Playback - {105} [SUCCESS] MouseButtonClick - "[MSAA, VisibleOnly]ControlType='Button' &amp;&amp; Name='Ok'"
\0&lt;/a&gt;
W, 3504, 13, 2013/05/23, 17:23:35.358, 2837963593797, QTAgent32.exe, &lt;a class=success&gt;Playback - {106} [SUCCESS] MouseButtonClick - "[MSAA, VisibleOnly]ControlType='Button' &amp;&amp; Name='Ok'"
\0&lt;/a&gt;
W, 3504, 13, 2013/05/23, 17:23:39.923, 2838028962471, QTAgent32.exe, PERF WARNING: FindTopLevelWindowHelper::FindAllDescendents: took 4437 ms. Expected it to take maximum 500 ms.
W, 3504, 13, 2013/05/23, 17:23:40.059, 2838030910737, QTAgent32.exe, &lt;a class=success&gt;Playback - {107} [SUCCESS] MouseButtonClick - "[MSAA, VisibleOnly]ControlType='Button' &amp;&amp; Name='OK'"
\0&lt;/a&gt;
W, 3504, 13, 2013/05/23, 17:23:40.291, 2838034224969, QTAgent32.exe, &lt;a class=success&gt;Playback - {108} [SUCCESS] MouseButtonClick - "[MSAA, VisibleOnly]ControlType='Button' &amp;&amp; Name='Cancel'"
\0&lt;/a&gt;
W, 3504, 13, 2013/05/23, 17:23:40.747, 2838040764567, QTAgent32.exe, &lt;a class=success&gt;Playback - {109} [SUCCESS] MouseButtonClick - "[MSAA, VisibleOnly]ControlType='Button'"
\0&lt;/a&gt;
W, 3504, 13, 2013/05/23, 17:23:41.299, 2838048663467, QTAgent32.exe, &lt;a class=success&gt;Playback - {110} [SUCCESS] MouseButtonClick - "[MSAA, VisibleOnly]ControlType='Button' &amp;&amp; Name='Detail'"
\0&lt;/a&gt;
E, 3504, 13, 2013/05/23, 17:23:44.230, 2838090637887, QTAgent32.exe, IEDOM : Could not get valid window handle of Internet Explorer_server
W, 3504, 13, 2013/05/23, 17:23:44.231, 2838090639661, QTAgent32.exe, IEDOM : Unable to get the document Window Handle
W, 3504, 13, 2013/05/23, 17:23:49.986, 2838173049884, QTAgent32.exe, Playback - [WARNING] Internal warning: Window Not Found: [VisibleOnly]ControlType='Window' &amp;&amp; Name='Connect to www.insur-econnect.com'
\0
E, 3504, 13, 2013/05/23, 17:23:49.986, 2838173053763, QTAgent32.exe, &lt;a class=failure&gt;Playback - {111} [FAILED] Function ElementFetcher::FindScreenElement failed to locate UI element (Searching: ;[VisibleOnly]ControlType='Window' &amp;&amp; Name='Connect to www.insur-econnect.com') (The object specified was not found.)
\0&lt;/a&gt;
E, 3504, 13, 2013/05/23, 17:23:50.159, 2838175531067, QTAgent32.exe, Playback - [IMAGE] C:\Users\testuser\AppData\Local\Temp\UITestLogs\LastRun\RPF9FCA.png
\0
W, 3504, 13, 2013/05/23, 17:23:50.160, 2838175534042, QTAgent32.exe, Playback - [WARNING] Internal warning: Couldn't find descendants that match QueryId
\0
W, 3504, 13, 2013/05/23, 17:23:50.160, 2838175538442, QTAgent32.exe, PERF WARNING: FindTopLevelWindowHelper::FindAllDescendents: took 1951 ms. Expected it to take maximum 500 ms.
W, 3504, 13, 2013/05/23, 17:24:08.201, 2838433858871, QTAgent32.exe, Playback - [WARNING] Internal warning: Window Not Found: [VisibleOnly]ControlType='Window' &amp;&amp; Name='Connect to www.insur-econnect.com'
\0
E, 3504, 13, 2013/05/23, 17:24:08.202, 2838433862131, QTAgent32.exe, &lt;a class=failure&gt;Playback - {112} [FAILED] Function ElementFetcher::FindScreenElement failed to locate UI element (Searching: ;[VisibleOnly]ControlType='Window' &amp;&amp; Name='Connect to www.insur-econnect.com') (The object specified was not found.)
\0&lt;/a&gt;
E, 3504, 13, 2013/05/23, 17:24:08.319, 2838435538889, QTAgent32.exe, Playback - [IMAGE] C:\Users\testuser\AppData\Local\Temp\UITestLogs\LastRun\RPFE6E8.png
\0
W, 3504, 13, 2013/05/23, 17:24:08.319, 2838435541228, QTAgent32.exe, Playback - [WARNING] Internal warning: Couldn't find descendants that match QueryId
\0
W, 3504, 13, 2013/05/23, 17:24:08.319, 2838435544525, QTAgent32.exe, PERF WARNING: FindTopLevelWindowHelper::FindAllDescendents: took 18158 ms. Expected it to take maximum 500 ms.
W, 3504, 13, 2013/05/23, 17:24:08.776, 2838442089853, QTAgent32.exe, Playback - [WARNING] Internal warning: Smart Match failed
\0
W, 3504, 13, 2013/05/23, 17:24:09.188, 2838447989549, QTAgent32.exe, Playback - [WARNING] Internal warning: Smart Match failed
\0
W, 3504, 13, 2013/05/23, 17:24:09.610, 2838454023848, QTAgent32.exe, Playback - [WARNING] Internal warning: Smart Match failed
\0
W, 3504, 13, 2013/05/23, 17:24:10.005, 2838459682453, QTAgent32.exe, Playback - [WARNING] Internal warning: Smart Match failed
\0
W, 3504, 13, 2013/05/23, 17:24:10.396, 2838465271694, QTAgent32.exe, Playback - [WARNING] Internal warning: Smart Match failed
\0
W, 3504, 13, 2013/05/23, 17:24:10.787, 2838470872763, QTAgent32.exe, Playback - [WARNING] Internal warning: Smart Match failed
\0
W, 3504, 13, 2013/05/23, 17:24:11.169, 2838476343072, QTAgent32.exe, Playback - [WARNING] Internal warning: Smart Match failed
\0
W, 3504, 13, 2013/05/23, 17:24:11.509, 2838481214385, QTAgent32.exe, Playback - [WARNING] Internal warning: Window Not Found: [VisibleOnly]ControlType='Window' &amp;&amp; Name='Connect to www.insur-econnect.com'
\0
E, 3504, 13, 2013/05/23, 17:24:11.509, 2838481217380, QTAgent32.exe, &lt;a class=failure&gt;Playback - {113} [FAILED] Function ElementFetcher::FindScreenElement failed to locate UI element (Searching: ;[VisibleOnly]ControlType='Window' &amp;&amp; Name='Connect to www.insur-econnect.com') (The object specified was not found.)
\0&lt;/a&gt;
E, 3504, 13, 2013/05/23, 17:24:11.601, 2838482530438, QTAgent32.exe, Playback - [IMAGE] C:\Users\testuser\AppData\Local\Temp\UITestLogs\LastRun\RPFF3D5.png
\0
W, 3504, 13, 2013/05/23, 17:24:11.601, 2838482532684, QTAgent32.exe, Playback - [WARNING] Internal warning: Couldn't find descendants that match QueryId
\0
W, 3504, 13, 2013/05/23, 17:24:11.601, 2838482535662, QTAgent32.exe, PERF WARNING: FindTopLevelWindowHelper::FindAllDescendents: took 3281 ms. Expected it to take maximum 500 ms.
E, 3504, 13, 2013/05/23, 17:24:11.601, 2838482537316, QTAgent32.exe, Exception: System.Runtime.InteropServices.COMException
	Message: Error HRESULT E_FAIL has been returned from a call to a COM component.
	Stack Trace:    at Microsoft.VisualStudio.TestTools.UITest.Playback.Engine.IRPFPlayback.FindAllScreenElements(IScreenElement pScreenElementStart, String bstrQueryId, Object&amp; pvarResKeys, Int32 cResKeys, Int32 nMaxDepth, Object[]&amp; foundDescendants)
   at Microsoft.VisualStudio.TestTools.UITest.Playback.ScreenElement.FindTopLevelWindowHelper(String queryId)
	BaseExceptionMessage: Error HRESULT E_FAIL has been returned from a call to a COM component.

W, 3504, 13, 2013/05/23, 17:24:13.036, 2838503081635, QTAgent32.exe, Playback - [WARNING] Internal warning: Window Not Found: [VisibleOnly]ControlType='Window' &amp;&amp; Name='Windows Security'
\0
E, 3504, 13, 2013/05/23, 17:24:13.036, 2838503087899, QTAgent32.exe, &lt;a class=failure&gt;Playback - {114} [FAILED] Function ElementFetcher::FindScreenElement failed to locate UI element (Searching: ;[VisibleOnly]ControlType='Window' &amp;&amp; Name='Windows Security') (The object specified was not found.)
\0&lt;/a&gt;
E, 3504, 13, 2013/05/23, 17:24:13.116, 2838504226230, QTAgent32.exe, Playback - [IMAGE] C:\Users\testuser\AppData\Local\Temp\UITestLogs\LastRun\RPFF9CE.png
\0
W, 3504, 13, 2013/05/23, 17:24:13.116, 2838504228811, QTAgent32.exe, Playback - [WARNING] Internal warning: Couldn't find descendants that match QueryId
\0
W, 3504, 13, 2013/05/23, 17:24:13.117, 2838504235931, QTAgent32.exe, PERF WARNING: FindTopLevelWindowHelper::FindAllDescendents: took 1514 ms. Expected it to take maximum 500 ms.
W, 3504, 13, 2013/05/23, 17:24:31.160, 2838762582711, QTAgent32.exe, Playback - [WARNING] Internal warning: Window Not Found: [VisibleOnly]ControlType='Window' &amp;&amp; Name='Windows Security'
\0
E, 3504, 13, 2013/05/23, 17:24:31.160, 2838762588328, QTAgent32.exe, &lt;a class=failure&gt;Playback - {115} [FAILED] Function ElementFetcher::FindScreenElement failed to locate UI element (Searching: ;[VisibleOnly]ControlType='Window' &amp;&amp; Name='Windows Security') (The object specified was not found.)
\0&lt;/a&gt;
E, 3504, 13, 2013/05/23, 17:24:31.242, 2838763751567, QTAgent32.exe, Playback - [IMAGE] C:\Users\testuser\AppData\Local\Temp\UITestLogs\LastRun\RPF409F.png
\0
W, 3504, 13, 2013/05/23, 17:24:31.242, 2838763754074, QTAgent32.exe, Playback - [WARNING] Internal warning: Couldn't find descendants that match QueryId
\0
W, 3504, 13, 2013/05/23, 17:24:31.242, 2838763760513, QTAgent32.exe, PERF WARNING: FindTopLevelWindowHelper::FindAllDescendents: took 18125 ms. Expected it to take maximum 500 ms.
W, 3504, 13, 2013/05/23, 17:24:31.806, 2838771828102, QTAgent32.exe, Playback - [WARNING] Internal warning: Smart Match failed
\0
W, 3504, 13, 2013/05/23, 17:24:32.196, 2838777422440, QTAgent32.exe, Playback - [WARNING] Internal warning: Smart Match failed
\0
W, 3504, 13, 2013/05/23, 17:24:32.612, 2838783367794, QTAgent32.exe, Playback - [WARNING] Internal warning: Smart Match failed
\0
W, 3504, 13, 2013/05/23, 17:24:33.025, 2838789289794, QTAgent32.exe, Playback - [WARNING] Internal warning: Smart Match failed
\0
W, 3504, 13, 2013/05/23, 17:24:33.437, 2838795189484, QTAgent32.exe, Playback - [WARNING] Internal warning: Smart Match failed
\0
W, 3504, 13, 2013/05/23, 17:24:33.845, 2838801027102, QTAgent32.exe, Playback - [WARNING] Internal warning: Smart Match failed
\0
W, 3504, 13, 2013/05/23, 17:24:34.248, 2838806789986, QTAgent32.exe, Playback - [WARNING] Internal warning: Smart Match failed
\0
W, 3504, 13, 2013/05/23, 17:24:34.527, 2838810785922, QTAgent32.exe, Playback - [WARNING] Internal warning: Window Not Found: [VisibleOnly]ControlType='Window' &amp;&amp; Name='Windows Security'
\0
E, 3504, 13, 2013/05/23, 17:24:34.527, 2838810789394, QTAgent32.exe, &lt;a class=failure&gt;Playback - {116} [FAILED] Function ElementFetcher::FindScreenElement failed to locate UI element (Searching: ;[VisibleOnly]ControlType='Window' &amp;&amp; Name='Windows Security') (The object specified was not found.)
\0&lt;/a&gt;
E, 3504, 13, 2013/05/23, 17:24:34.617, 2838812080242, QTAgent32.exe, Playback - [IMAGE] C:\Users\testuser\AppData\Local\Temp\UITestLogs\LastRun\RPF4DC9.png
\0
W, 3504, 13, 2013/05/23, 17:24:34.617, 2838812082666, QTAgent32.exe, Playback - [WARNING] Internal warning: Couldn't find descendants that match QueryId
\0
W, 3504, 13, 2013/05/23, 17:24:34.618, 2838812086563, QTAgent32.exe, PERF WARNING: FindTopLevelWindowHelper::FindAllDescendents: took 3374 ms. Expected it to take maximum 500 ms.
E, 3504, 13, 2013/05/23, 17:24:34.618, 2838812088603, QTAgent32.exe, Exception: System.Runtime.InteropServices.COMException
	Message: Error HRESULT E_FAIL has been returned from a call to a COM component.
	Stack Trace:    at Microsoft.VisualStudio.TestTools.UITest.Playback.Engine.IRPFPlayback.FindAllScreenElements(IScreenElement pScreenElementStart, String bstrQueryId, Object&amp; pvarResKeys, Int32 cResKeys, Int32 nMaxDepth, Object[]&amp; foundDescendants)
   at Microsoft.VisualStudio.TestTools.UITest.Playback.ScreenElement.FindTopLevelWindowHelper(String queryId)
	BaseExceptionMessage: Error HRESULT E_FAIL has been returned from a call to a COM component.

E, 3504, 13, 2013/05/23, 17:24:34.719, 2838813539178, QTAgent32.exe, AL: Playback Error: Microsoft.VisualStudio.TestTools.UITest.Extension.UITestControlNotFoundException: The playback failed to find the control with the given search properties. Additional Details: 
TechnologyName:  'MSAA'
ControlType:  'Window'
Name:  'Windows Security'
 ---&gt; System.Runtime.InteropServices.COMException: Error HRESULT E_FAIL has been returned from a call to a COM component.
   at Microsoft.VisualStudio.TestTools.UITest.Playback.Engine.IRPFPlayback.FindAllScreenElements(IScreenElement pScreenElementStart, String bstrQueryId, Object&amp; pvarResKeys, Int32 cResKeys, Int32 nMaxDepth, Object[]&amp; foundDescendants)
   at Microsoft.VisualStudio.TestTools.UITest.Playback.ScreenElement.FindTopLevelWindowHelper(String queryId)
   at Microsoft.VisualStudio.TestTools.UITest.Playback.ScreenElement.FindFromPartialQueryId(String queryId)
   at Microsoft.VisualStudio.TestTools.UITesting.UITestControl..ctor(String queryId)
   --- End of inner exception stack trace ---
   at Microsoft.VisualStudio.TestTools.UITesting.Playback.MapControlNotFoundException(COMException ex, IPlaybackContext context)
   at Microsoft.VisualStudio.TestTools.UITesting.Playback.MapAndThrowComException(COMException innerException, IPlaybackContext context)
   at Microsoft.VisualStudio.TestTools.UITesting.Playback.MapAndThrowException(SystemException exception, IPlaybackContext context)
   at Microsoft.VisualStudio.TestTools.UITesting.Playback.MapAndThrowException(SystemException exception, String queryId)
   at Microsoft.VisualStudio.TestTools.UITesting.UITestControl..ctor(String queryId)
   at Microsoft.VisualStudio.TestTools.UITesting.SearchHelper.SearchTopLevelWindow(ISearchArgument topLevelSearchArg, String topLevelElementQueryId)
   at Microsoft.VisualStudio.TestTools.UITesting.SearchHelper.GetTitleUpdatedTopLevelWindow(ISearchArgument topLevelSearchArg, String queryId, IList`1 windowTitles)
   at Microsoft.VisualStudio.TestTools.UITesting.SearchHelper.GetTopLevelElement(Boolean useCache, Boolean useCacheOnly, ISearchArgument searchArg, IList`1 windowTitles, Int32&amp; timeLeft)
   at Microsoft.VisualStudio.TestTools.UITesting.SearchHelper.GetElement(Boolean useCache, ISearchArgument searchArg)
   at Microsoft.VisualStudio.TestTools.UITesting.SearchHelper.Search(ISearchArgument searchArg)
   at Microsoft.VisualStudio.TestTools.UITesting.UITestControl.FindInternal()
   at Microsoft.VisualStudio.TestTools.UITesting.UITestControl.FindControlIfNecessary()
   at Microsoft.VisualStudio.TestTools.UITesting.UITestControl.SendKeys(String text, ModifierKeys modifierKeys, Boolean isEncoded, Boolean isUnicode)
   at Microsoft.VisualStudio.TestTools.UITesting.Keyboard.SendKeysImplementation(UITestControl control, String text, ModifierKeys modifierKeys, Boolean isEncoded, Boolean isUnicode)
   at Microsoft.VisualStudio.TestTools.UITesting.Keyboard.SendKeysImplementationWrapper(UITestControl control, String text, ModifierKeys modifierKeys, Boolean isEncoded, Boolean isUnicode)
W, 3504, 13, 2013/05/23, 17:24:34.719, 2838813544427, QTAgent32.exe, PlaybackErrorHandler: Ignoring exception as ContinueOnError is set.
W, 3504, 13, 2013/05/23, 17:24:36.153, 2838834072524, QTAgent32.exe, Playback - [WARNING] Internal warning: Window Not Found: [VisibleOnly]ControlType='Window' &amp;&amp; Name='Windows Security'
\0
E, 3504, 13, 2013/05/23, 17:24:36.153, 2838834076036, QTAgent32.exe, &lt;a class=failure&gt;Playback - {117} [FAILED] Function ElementFetcher::FindScreenElement failed to locate UI element (Searching: ;[VisibleOnly]ControlType='Window' &amp;&amp; Name='Windows Security') (The object specified was not found.)
\0&lt;/a&gt;
E, 3504, 13, 2013/05/23, 17:24:36.245, 2838835393123, QTAgent32.exe, Playback - [IMAGE] C:\Users\testuser\AppData\Local\Temp\UITestLogs\LastRun\RPF5421.png
\0
W, 3504, 13, 2013/05/23, 17:24:36.245, 2838835395704, QTAgent32.exe, Playback - [WARNING] Internal warning: Couldn't find descendants that match QueryId
\0
W, 3504, 13, 2013/05/23, 17:24:36.245, 2838835398739, QTAgent32.exe, PERF WARNING: FindTopLevelWindowHelper::FindAllDescendents: took 1525 ms. Expected it to take maximum 500 ms.
W, 3504, 13, 2013/05/23, 17:24:54.292, 2839093788614, QTAgent32.exe, Playback - [WARNING] Internal warning: Window Not Found: [VisibleOnly]ControlType='Window' &amp;&amp; Name='Windows Security'
\0
E, 3504, 13, 2013/05/23, 17:24:54.292, 2839093792907, QTAgent32.exe, &lt;a class=failure&gt;Playback - {118} [FAILED] Function ElementFetcher::FindScreenElement failed to locate UI element (Searching: ;[VisibleOnly]ControlType='Window' &amp;&amp; Name='Windows Security') (The object specified was not found.)
\0&lt;/a&gt;
E, 3504, 13, 2013/05/23, 17:24:54.388, 2839095164796, QTAgent32.exe, Playback - [IMAGE] C:\Users\testuser\AppData\Local\Temp\UITestLogs\LastRun\RPF9B01.png
\0
W, 3504, 13, 2013/05/23, 17:24:54.388, 2839095167153, QTAgent32.exe, Playback - [WARNING] Internal warning: Couldn't find descendants that match QueryId
\0
W, 3504, 13, 2013/05/23, 17:24:54.389, 2839095172640, QTAgent32.exe, PERF WARNING: FindTopLevelWindowHelper::FindAllDescendents: took 18142 ms. Expected it to take maximum 500 ms.
W, 3504, 13, 2013/05/23, 17:24:54.830, 2839101493028, QTAgent32.exe, Playback - [WARNING] Internal warning: Smart Match failed
\0
W, 3504, 13, 2013/05/23, 17:24:55.220, 2839107082663, QTAgent32.exe, Playback - [WARNING] Internal warning: Smart Match failed
\0
W, 3504, 13, 2013/05/23, 17:24:55.620, 2839112799517, QTAgent32.exe, Playback - [WARNING] Internal warning: Smart Match failed
\0
W, 3504, 13, 2013/05/23, 17:24:56.019, 2839118515379, QTAgent32.exe, Playback - [WARNING] Internal warning: Smart Match failed
\0
W, 3504, 13, 2013/05/23, 17:24:56.418, 2839124232027, QTAgent32.exe, Playback - [WARNING] Internal warning: Smart Match failed
\0
W, 3504, 13, 2013/05/23, 17:24:56.841, 2839130285747, QTAgent32.exe, Playback - [WARNING] Internal warning: Smart Match failed
\0
W, 3504, 13, 2013/05/23, 17:24:57.251, 2839136157003, QTAgent32.exe, Playback - [WARNING] Internal warning: Smart Match failed
\0
W, 3504, 13, 2013/05/23, 17:24:57.549, 2839140419118, QTAgent32.exe, Playback - [WARNING] Internal warning: Window Not Found: [VisibleOnly]ControlType='Window' &amp;&amp; Name='Windows Security'
\0
E, 3504, 13, 2013/05/23, 17:24:57.549, 2839140422162, QTAgent32.exe, &lt;a class=failure&gt;Playback - {119} [FAILED] Function ElementFetcher::FindScreenElement failed to locate UI element (Searching: ;[VisibleOnly]ControlType='Window' &amp;&amp; Name='Windows Security') (The object specified was not found.)
\0&lt;/a&gt;
E, 3504, 13, 2013/05/23, 17:24:57.643, 2839141766102, QTAgent32.exe, Playback - [IMAGE] C:\Users\testuser\AppData\Local\Temp\UITestLogs\LastRun\RPFA7BE.png
\0
W, 3504, 13, 2013/05/23, 17:24:57.643, 2839141768488, QTAgent32.exe, Playback - [WARNING] Internal warning: Couldn't find descendants that match QueryId
\0
W, 3504, 13, 2013/05/23, 17:24:57.643, 2839141771460, QTAgent32.exe, PERF WARNING: FindTopLevelWindowHelper::FindAllDescendents: took 3254 ms. Expected it to take maximum 500 ms.
E, 3504, 13, 2013/05/23, 17:24:57.643, 2839141773373, QTAgent32.exe, Exception: System.Runtime.InteropServices.COMException
	Message: Error HRESULT E_FAIL has been returned from a call to a COM component.
	Stack Trace:    at Microsoft.VisualStudio.TestTools.UITest.Playback.Engine.IRPFPlayback.FindAllScreenElements(IScreenElement pScreenElementStart, String bstrQueryId, Object&amp; pvarResKeys, Int32 cResKeys, Int32 nMaxDepth, Object[]&amp; foundDescendants)
   at Microsoft.VisualStudio.TestTools.UITest.Playback.ScreenElement.FindTopLevelWindowHelper(String queryId)
	BaseExceptionMessage: Error HRESULT E_FAIL has been returned from a call to a COM component.

E, 3504, 13, 2013/05/23, 17:24:57.744, 2839143217403, QTAgent32.exe, AL: Playback Error: Microsoft.VisualStudio.TestTools.UITest.Extension.UITestControlNotFoundException: The playback failed to find the control with the given search properties. Additional Details: 
TechnologyName:  'MSAA'
ControlType:  'Window'
Name:  'Windows Security'
 ---&gt; System.Runtime.InteropServices.COMException: Error HRESULT E_FAIL has been returned from a call to a COM component.
   at Microsoft.VisualStudio.TestTools.UITest.Playback.Engine.IRPFPlayback.FindAllScreenElements(IScreenElement pScreenElementStart, String bstrQueryId, Object&amp; pvarResKeys, Int32 cResKeys, Int32 nMaxDepth, Object[]&amp; foundDescendants)
   at Microsoft.VisualStudio.TestTools.UITest.Playback.ScreenElement.FindTopLevelWindowHelper(String queryId)
   at Microsoft.VisualStudio.TestTools.UITest.Playback.ScreenElement.FindFromPartialQueryId(String queryId)
   at Microsoft.VisualStudio.TestTools.UITesting.UITestControl..ctor(String queryId)
   --- End of inner exception stack trace ---
   at Microsoft.VisualStudio.TestTools.UITesting.Playback.MapControlNotFoundException(COMException ex, IPlaybackContext context)
   at Microsoft.VisualStudio.TestTools.UITesting.Playback.MapAndThrowComException(COMException innerException, IPlaybackContext context)
   at Microsoft.VisualStudio.TestTools.UITesting.Playback.MapAndThrowException(SystemException exception, IPlaybackContext context)
   at Microsoft.VisualStudio.TestTools.UITesting.Playback.MapAndThrowException(SystemException exception, String queryId)
   at Microsoft.VisualStudio.TestTools.UITesting.UITestControl..ctor(String queryId)
   at Microsoft.VisualStudio.TestTools.UITesting.SearchHelper.SearchTopLevelWindow(ISearchArgument topLevelSearchArg, String topLevelElementQueryId)
   at Microsoft.VisualStudio.TestTools.UITesting.SearchHelper.GetTitleUpdatedTopLevelWindow(ISearchArgument topLevelSearchArg, String queryId, IList`1 windowTitles)
   at Microsoft.VisualStudio.TestTools.UITesting.SearchHelper.GetTopLevelElement(Boolean useCache, Boolean useCacheOnly, ISearchArgument searchArg, IList`1 windowTitles, Int32&amp; timeLeft)
   at Microsoft.VisualStudio.TestTools.UITesting.SearchHelper.GetElement(Boolean useCache, ISearchArgument searchArg)
   at Microsoft.VisualStudio.TestTools.UITesting.SearchHelper.Search(ISearchArgument searchArg)
   at Microsoft.VisualStudio.TestTools.UITesting.UITestControl.FindInternal()
   at Microsoft.VisualStudio.TestTools.UITesting.UITestControl.FindControlIfNecessary()
   at Microsoft.VisualStudio.TestTools.UITesting.UITestControl.Click(MouseButtons button, ModifierKeys modifierKeys, Point relativeCoordinates)
   at Microsoft.VisualStudio.TestTools.UITesting.Mouse.ClickImplementation(UITestControl control, MouseButtons button, ModifierKeys modifierKeys, Point relativeCoordinate)
   at Microsoft.VisualStudio.TestTools.UITesting.Mouse.ClickImplementationWrapper(UITestControl control, MouseButtons button, ModifierKeys modifierKeys, Point relativeCoordinate)
W, 3504, 13, 2013/05/23, 17:24:57.744, 2839143221011, QTAgent32.exe, PlaybackErrorHandler: Ignoring exception as ContinueOnError is set.
E, 3504, 13, 2013/05/23, 17:24:58.024, 2839147228512, QTAgent32.exe, IEDOM: GetIEWebControl() is unable to get the IE control
E, 3504, 13, 2013/05/23, 17:24:58.031, 2839147328134, QTAgent32.exe, IEDOM: GetIEWebControl() is unable to get the IE control
E, 3504, 13, 2013/05/23, 17:24:58.038, 2839147428171, QTAgent32.exe, IEDOM: GetIEWebControl() is unable to get the IE control
W, 3504, 13, 2013/05/23, 17:24:59.853, 2839173409200, QTAgent32.exe, &lt;a class=success&gt;Playback - {120} [SUCCESS] MouseButtonClick - "[Web]ControlType='Hyperlink' &amp;&amp; TagName='A' &amp;&amp; Id='' &amp;&amp; Name='' &amp;&amp; Target='' &amp;&amp; InnerText='Renewals Maintenance' &amp;&amp; FilterCondition(AbsolutePath='/sysmaint/content/leftbar.asp', Title='', Href='https://www.insur-econnect.com/sysmaint/content/leftbar.asp#', Class='', ControlDefinition='style="COLOR: white" href="#"', TagInstance='39')"
\0&lt;/a&gt;
W, 3504, 13, 2013/05/23, 17:25:00.872, 2839188008647, QTAgent32.exe, &lt;a class=success&gt;Playback - {121} [SUCCESS] MouseButtonClick - "[Web]ControlType='Hyperlink' &amp;&amp; TagName='A' &amp;&amp; Id='' &amp;&amp; Name='' &amp;&amp; Target='content' &amp;&amp; InnerText='Create a Motor Test Renewal Invitation' &amp;&amp; FilterCondition(AbsolutePath='/sysmaint/content/AddTestRenewalNotice.asp', Title='', Href='https://www.insur-econnect.com/sysmaint/content/AddTestRenewalNotice.asp', Class='itemlink', ControlDefinition='class=itemlink href="AddTestRenewalNotic', TagInstance='1')"
\0&lt;/a&gt;
E, 3504, 13, 2013/05/23, 17:25:03.439, 2839224761109, QTAgent32.exe, Exception: System.NotSupportedException
	Message: Internal Error: This method on IEWebControlElement should not get called.
	Stack Trace:    at Microsoft.VisualStudio.TestTools.UITest.Extension.IE.BrowserOptionElementNode.InvokeProgrammaticAction(ProgrammaticActionOption programmaticActionOption)
	BaseExceptionMessage: Internal Error: This method on IEWebControlElement should not get called.

W, 3504, 13, 2013/05/23, 17:25:03.679, 2839228198928, QTAgent32.exe, &lt;a class=success&gt;Playback - {122} [SUCCESS] SetValueAsComboBox "Highway Insurance" - "[Web]ControlType='ComboBox' &amp;&amp; TagName='SELECT' &amp;&amp; Id='InsurerID' &amp;&amp; Name='InsurerID' &amp;&amp; FilterCondition(Size='0', LabeledBy='', Title='', ItemCount='54', Class='', ControlDefinition='id=InsurerID onchange=selectInsurer() na', TagInstance='1')"  &lt; SetValueAsComboBox, set by clicking on the item in the list box &gt;
\0&lt;/a&gt;
W, 3504, 13, 2013/05/23, 17:25:04.717, 2839243054518, QTAgent32.exe, &lt;a class=success&gt;Playback - {123} [SUCCESS] SetValueAsEditBox "7071001654" - "[Web]ControlType='Edit' &amp;&amp; TagName='INPUT' &amp;&amp; Id='' &amp;&amp; Name='txtPolicyNumber' &amp;&amp; LabeledBy='' &amp;&amp; Type='SINGLELINE' &amp;&amp; FilterCondition(Title='', Class='', ControlDefinition='name=txtPolicyNumber align=left size=15', TagInstance='1')"  &lt; Set via SendKeys &gt;
\0&lt;/a&gt;
W, 3504, 13, 2013/05/23, 17:25:05.202, 2839249992202, QTAgent32.exe, &lt;a class=success&gt;Playback - {124} [SUCCESS] SetValueAsEditBox "30/5/2013" - "[Web]ControlType='Edit' &amp;&amp; TagName='INPUT' &amp;&amp; Id='' &amp;&amp; Name='txtAutoLapseDate' &amp;&amp; LabeledBy='' &amp;&amp; Type='SINGLELINE' &amp;&amp; FilterCondition(Title='', Class='', ControlDefinition='name=txtAutoLapseDate maxLength=10 value', TagInstance='8')"  &lt; Set via SendKeys &gt;
\0&lt;/a&gt;
W, 3504, 13, 2013/05/23, 17:25:05.866, 2839259505094, QTAgent32.exe, &lt;a class=success&gt;Playback - {125} [SUCCESS] MouseButtonClick - "[Web]ControlType='Button' &amp;&amp; TagName='INPUT' &amp;&amp; Id='buttonCreate' &amp;&amp; Name='buttonCreate' &amp;&amp; FilterCondition(DisplayText='  Create Record  ', Type='button', Title='Click to create the new record', Class='', ControlDefinition='id=buttonCreate title="Click to create t', TagInstance='10')"
\0&lt;/a&gt;
W, 3504, 13, 2013/05/23, 17:25:06.130, 2839263288788, QTAgent32.exe, &lt;a class=success&gt;Playback - {126} [SUCCESS] MouseButtonClick - "[MSAA, VisibleOnly]ControlType='Button' &amp;&amp; Name='OK'"
\0&lt;/a&gt;
W, 3504, 13, 2013/05/23, 17:25:11.342, 2839337918318, QTAgent32.exe, &lt;a class=success&gt;Playback - {127} [SUCCESS] TypeString "%({F4})"
\0&lt;/a&gt;
W, 3504, 13, 2013/05/23, 17:25:12.040, 2839347912306, QTAgent32.exe, &lt;a class=success&gt;Playback - {128} [SUCCESS] SendKeys "^{HOME}" - "[MSAA, VisibleOnly]ControlType='Edit'"
\0&lt;/a&gt;
E, 3504, 13, 2013/05/23, 17:25:12.040, 2839347915575, QTAgent32.exe, Msaa.GetFocusedElement: could not find accessible object of foreground window
W, 3504, 13, 2013/05/23, 17:25:12.101, 2839348778895, QTAgent32.exe, &lt;a class=success&gt;Playback - {129} [SUCCESS] SendKeys "^+{END}" - "[MSAA, VisibleOnly]ControlType='Edit'"
\0&lt;/a&gt;
E, 3504, 13, 2013/05/23, 17:25:12.105, 2839348844287, QTAgent32.exe, Msaa.GetFocusedElement: could not find accessible object of foreground window
W, 3504, 13, 2013/05/23, 17:25:12.143, 2839349387033, QTAgent32.exe, &lt;a class=success&gt;Playback - {130} [SUCCESS] SendKeys "{DELETE}" - "[MSAA, VisibleOnly]ControlType='Edit'"
\0&lt;/a&gt;
W, 3504, 13, 2013/05/23, 17:25:12.608, 2839356042665, QTAgent32.exe, &lt;a class=success&gt;Playback - {131} [SUCCESS] SetValueAsEditBox "30/05/2012" - "[MSAA, VisibleOnly]ControlType='Edit'"  &lt; Set via SendKeys &gt;
\0&lt;/a&gt;
W, 3504, 13, 2013/05/23, 17:25:13.178, 2839364194229, QTAgent32.exe, &lt;a class=success&gt;Playback - {132} [SUCCESS] MouseButtonClick - "[MSAA, VisibleOnly]ControlType='Button' &amp;&amp; Name='OK'"
\0&lt;/a&gt;
W, 3504, 13, 2013/05/23, 17:25:13.462, 2839368274025, QTAgent32.exe, &lt;a class=success&gt;Playback - {133} [SUCCESS] MouseButtonClick - "[MSAA, VisibleOnly]ControlType='Client'"
\0&lt;/a&gt;
W, 3504, 13, 2013/05/23, 17:25:14.077, 2839377068566, QTAgent32.exe, &lt;a class=success&gt;Playback - {134} [SUCCESS] MouseButtonClick - "[MSAA, VisibleOnly]ControlType='Client'"
\0&lt;/a&gt;
W, 3504, 13, 2013/05/23, 17:25:15.776, 2839401402161, QTAgent32.exe, &lt;a class=success&gt;Playback - {135} [SUCCESS] SetValueAsEditBox "AUTO188" - "[MSAA, VisibleOnly]ControlType='Edit'"  &lt; Set via SendKeys &gt;
\0&lt;/a&gt;
W, 3504, 13, 2013/05/23, 17:25:16.158, 2839406878443, QTAgent32.exe, &lt;a class=success&gt;Playback - {136} [SUCCESS] SetValueAsEditBox "-1001" - "[MSAA, VisibleOnly]ControlType='Edit'"  &lt; Set via SendKeys &gt;
\0&lt;/a&gt;
W, 3504, 13, 2013/05/23, 17:25:16.396, 2839410285656, QTAgent32.exe, &lt;a class=success&gt;Playback - {137} [SUCCESS] SendKeys "^{HOME}" - "[MSAA, VisibleOnly]ControlType='Edit'"
\0&lt;/a&gt;
E, 3504, 13, 2013/05/23, 17:25:16.396, 2839410289187, QTAgent32.exe, Msaa.GetFocusedElement: could not find accessible object of foreground window
W, 3504, 13, 2013/05/23, 17:25:16.460, 2839411201751, QTAgent32.exe, &lt;a class=success&gt;Playback - {138} [SUCCESS] SendKeys "^+{END}" - "[MSAA, VisibleOnly]ControlType='Edit'"
\0&lt;/a&gt;
E, 3504, 13, 2013/05/23, 17:25:16.460, 2839411205992, QTAgent32.exe, Msaa.GetFocusedElement: could not find accessible object of foreground window
W, 3504, 13, 2013/05/23, 17:25:16.476, 2839411425280, QTAgent32.exe, &lt;a class=success&gt;Playback - {139} [SUCCESS] SendKeys "{DELETE}" - "[MSAA, VisibleOnly]ControlType='Edit'"
\0&lt;/a&gt;
W, 3504, 13, 2013/05/23, 17:25:16.768, 2839415605866, QTAgent32.exe, &lt;a class=success&gt;Playback - {140} [SUCCESS] SetValueAsEditBox "30/05/2012" - "[MSAA, VisibleOnly]ControlType='Edit'"  &lt; Set via SendKeys &gt;
\0&lt;/a&gt;
W, 3504, 13, 2013/05/23, 17:25:17.006, 2839419014970, QTAgent32.exe, &lt;a class=success&gt;Playback - {141} [SUCCESS] MouseButtonClick - "[MSAA, VisibleOnly]ControlType='Button' &amp;&amp; Name='Regress'"
\0&lt;/a&gt;
W, 3504, 13, 2013/05/23, 17:25:17.596, 2839427463570, QTAgent32.exe, &lt;a class=success&gt;Playback - {142} [SUCCESS] MouseButtonClick - "[MSAA, VisibleOnly]ControlType='Button' &amp;&amp; Name='Exit'"
\0&lt;/a&gt;
W, 3504, 13, 2013/05/23, 17:25:17.855, 2839431167078, QTAgent32.exe, &lt;a class=success&gt;Playback - {143} [SUCCESS] MouseButtonClick - "[MSAA, VisibleOnly]ControlType='Button'"
\0&lt;/a&gt;
W, 3504, 13, 2013/05/23, 17:25:18.109, 2839434808693, QTAgent32.exe, &lt;a class=success&gt;Playback - {144} [SUCCESS] MouseButtonClick - "[MSAA, VisibleOnly]ControlType='Button' &amp;&amp; Name='Options'"
\0&lt;/a&gt;
W, 3504, 13, 2013/05/23, 17:25:18.210, 2839436258458, QTAgent32.exe, FindScreenElementInSinglePass : Attempting to find control in one pass of search. Failures can occur.
W, 3504, 13, 2013/05/23, 17:25:18.545, 2839441053464, QTAgent32.exe, &lt;a class=success&gt;Playback - {145} [SUCCESS] MouseButtonClick - "[MSAA]ControlType='MenuItem' &amp;&amp; Name='Links'"
\0&lt;/a&gt;
W, 3504, 13, 2013/05/23, 17:25:18.646, 2839442498137, QTAgent32.exe, FindScreenElementInSinglePass : Attempting to find control in one pass of search. Failures can occur.
W, 3504, 13, 2013/05/23, 17:25:18.967, 2839447088920, QTAgent32.exe, &lt;a class=success&gt;Playback - {146} [SUCCESS] MouseButtonClick - "[MSAA]ControlType='MenuItem' &amp;&amp; Name='3rd Party Integration'"
\0&lt;/a&gt;
W, 3504, 13, 2013/05/23, 17:25:19.067, 2839448526245, QTAgent32.exe, FindScreenElementInSinglePass : Attempting to find control in one pass of search. Failures can occur.
W, 3504, 13, 2013/05/23, 17:25:19.389, 2839453130081, QTAgent32.exe, &lt;a class=success&gt;Playback - {147} [SUCCESS] MouseButtonClick - "[MSAA]ControlType='MenuItem' &amp;&amp; Name='Renewals Loader'"
\0&lt;/a&gt;
W, 3504, 13, 2013/05/23, 17:25:20.059, 2839462731189, QTAgent32.exe, Playback - [WARNING] Internal warning: Window Not Found: [VisibleOnly]ControlType='Window' &amp;&amp; Name='Renewal Loader' &amp;&amp; ClassName='TfUIMain'
\0
E, 3504, 13, 2013/05/23, 17:25:20.061, 2839462759143, QTAgent32.exe, &lt;a class=failure&gt;Playback - {148} [FAILED] Function ElementFetcher::FindScreenElement failed to locate UI element (Searching: ;[VisibleOnly]ControlType='Window' &amp;&amp; Name='Renewal Loader' &amp;&amp; ClassName='TfUIMain') (The object specified was not found.)
\0&lt;/a&gt;
E, 3504, 13, 2013/05/23, 17:25:20.343, 2839466794794, QTAgent32.exe, Playback - [IMAGE] C:\Users\testuser\AppData\Local\Temp\UITestLogs\LastRun\RPFFFAE.png
\0
W, 3504, 13, 2013/05/23, 17:25:20.343, 2839466797266, QTAgent32.exe, Playback - [WARNING] Internal warning: Couldn't find descendants that match QueryId
\0
W, 3504, 13, 2013/05/23, 17:25:20.343, 2839466800528, QTAgent32.exe, PERF WARNING: FindTopLevelWindowHelper::FindAllDescendents: took 854 ms. Expected it to take maximum 500 ms.
W, 3504, 13, 2013/05/23, 17:25:20.875, 2839474404056, QTAgent32.exe, PERF WARNING: FindTopLevelWindowHelper::FindAllDescendents: took 530 ms. Expected it to take maximum 500 ms.
W, 3504, 13, 2013/05/23, 17:25:21.013, 2839476389829, QTAgent32.exe, &lt;a class=success&gt;Playback - {149} [SUCCESS] MouseButtonClick - "[MSAA, VisibleOnly]ControlType='TitleBar'"
\0&lt;/a&gt;
W, 3504, 13, 2013/05/23, 17:25:21.345, 2839481141656, QTAgent32.exe, &lt;a class=success&gt;Playback - {150} [SUCCESS] SendKeys "^{HOME}" - "[MSAA, VisibleOnly]ControlType='Edit'"
\0&lt;/a&gt;
E, 3504, 13, 2013/05/23, 17:25:21.345, 2839481144966, QTAgent32.exe, Msaa.GetFocusedElement: could not find accessible object of foreground window
W, 3504, 13, 2013/05/23, 17:25:21.405, 2839481991552, QTAgent32.exe, &lt;a class=success&gt;Playback - {151} [SUCCESS] SendKeys "^+{END}" - "[MSAA, VisibleOnly]ControlType='Edit'"
\0&lt;/a&gt;
E, 3504, 13, 2013/05/23, 17:25:21.405, 2839482000785, QTAgent32.exe, Msaa.GetFocusedElement: could not find accessible object of foreground window
W, 3504, 13, 2013/05/23, 17:25:21.423, 2839482256025, QTAgent32.exe, &lt;a class=success&gt;Playback - {152} [SUCCESS] SendKeys "{DELETE}" - "[MSAA, VisibleOnly]ControlType='Edit'"
\0&lt;/a&gt;
W, 3504, 13, 2013/05/23, 17:25:21.818, 2839487914740, QTAgent32.exe, &lt;a class=success&gt;Playback - {153} [SUCCESS] SetValueAsEditBox "23/05/2013" - "[MSAA, VisibleOnly]ControlType='Edit'"  &lt; Set via SendKeys &gt;
\0&lt;/a&gt;
W, 3504, 13, 2013/05/23, 17:25:22.144, 2839492584928, QTAgent32.exe, &lt;a class=success&gt;Playback - {154} [SUCCESS] SendKeys "^{HOME}" - "[MSAA, VisibleOnly]ControlType='Edit'"
\0&lt;/a&gt;
E, 3504, 13, 2013/05/23, 17:25:22.145, 2839492589858, QTAgent32.exe, Msaa.GetFocusedElement: could not find accessible object of foreground window
W, 3504, 13, 2013/05/23, 17:25:22.208, 2839493503900, QTAgent32.exe, &lt;a class=success&gt;Playback - {155} [SUCCESS] SendKeys "^+{END}" - "[MSAA, VisibleOnly]ControlType='Edit'"
\0&lt;/a&gt;
E, 3504, 13, 2013/05/23, 17:25:22.210, 2839493519223, QTAgent32.exe, Msaa.GetFocusedElement: could not find accessible object of foreground window
W, 3504, 13, 2013/05/23, 17:25:22.229, 2839493797731, QTAgent32.exe, &lt;a class=success&gt;Playback - {156} [SUCCESS] SendKeys "{DELETE}" - "[MSAA, VisibleOnly]ControlType='Edit'"
\0&lt;/a&gt;
W, 3504, 13, 2013/05/23, 17:25:22.611, 2839499273241, QTAgent32.exe, &lt;a class=success&gt;Playback - {157} [SUCCESS] SetValueAsEditBox "06/06/2013" - "[MSAA, VisibleOnly]ControlType='Edit'"  &lt; Set via SendKeys &gt;
\0&lt;/a&gt;
W, 3504, 13, 2013/05/23, 17:25:23.086, 2839506072203, QTAgent32.exe, &lt;a class=success&gt;Playback - {158} [SUCCESS] MouseButtonClick - "[MSAA, VisibleOnly]ControlType='Button' &amp;&amp; Name='Run'"
\0&lt;/a&gt;
W, 3504, 13, 2013/05/23, 17:25:28.211, 2839579446168, QTAgent32.exe, FindNTopWindows : Search will be continued for 12000 even on failure
W, 3504, 13, 2013/05/23, 17:25:28.620, 2839585305807, QTAgent32.exe, Playback - [WARNING] Internal warning: Window with Class "IEFrame" and Title "insurE-com System Maintenance" was not found, so similar window with Class "IEFrame" and Title "insurE-com System Maintenance - Windows Internet Explorer" was accepted
\0
W, 3504, 13, 2013/05/23, 17:25:28.620, 2839585309373, QTAgent32.exe, Playback - [WARNING] Internal warning: Couldn't find descendants that match QueryId
\0
W, 3504, 13, 2013/05/23, 17:25:28.993, 2839590639793, QTAgent32.exe, Playback - [WARNING] Internal warning: Window with Class "IEFrame" and Title "insurE-com System Maintenance" was not found, so similar window with Class "IEFrame" and Title "insurE-com System Maintenance - Windows Internet Explorer" was accepted
\0
W, 3504, 13, 2013/05/23, 17:25:28.993, 2839590642251, QTAgent32.exe, Playback - [WARNING] Internal warning: Couldn't find descendants that match QueryId
\0
W, 3504, 13, 2013/05/23, 17:25:29.372, 2839596067534, QTAgent32.exe, Playback - [WARNING] Internal warning: Window with Class "IEFrame" and Title "insurE-com System Maintenance" was not found, so similar window with Class "IEFrame" and Title "insurE-com System Maintenance - Windows Internet Explorer" was accepted
\0
W, 3504, 13, 2013/05/23, 17:25:29.372, 2839596070519, QTAgent32.exe, Playback - [WARNING] Internal warning: Couldn't find descendants that match QueryId
\0
W, 3504, 13, 2013/05/23, 17:25:29.791, 2839602077019, QTAgent32.exe, Playback - [WARNING] Internal warning: Window with Class "IEFrame" and Title "insurE-com System Maintenance" was not found, so similar window with Class "IEFrame" and Title "insurE-com System Maintenance - Windows Internet Explorer" was accepted
\0
W, 3504, 13, 2013/05/23, 17:25:29.792, 2839602080031, QTAgent32.exe, Playback - [WARNING] Internal warning: Couldn't find descendants that match QueryId
\0
W, 3504, 13, 2013/05/23, 17:25:30.230, 2839608354099, QTAgent32.exe, Playback - [WARNING] Internal warning: Window with Class "IEFrame" and Title "insurE-com System Maintenance" was not found, so similar window with Class "IEFrame" and Title "insurE-com System Maintenance - Windows Internet Explorer" was accepted
\0
W, 3504, 13, 2013/05/23, 17:25:30.230, 2839608356583, QTAgent32.exe, Playback - [WARNING] Internal warning: Couldn't find descendants that match QueryId
\0
W, 3504, 13, 2013/05/23, 17:25:30.649, 2839614354599, QTAgent32.exe, Playback - [WARNING] Internal warning: Window with Class "IEFrame" and Title "insurE-com System Maintenance" was not found, so similar window with Class "IEFrame" and Title "insurE-com System Maintenance - Windows Internet Explorer" was accepted
\0
W, 3504, 13, 2013/05/23, 17:25:30.649, 2839614358408, QTAgent32.exe, Playback - [WARNING] Internal warning: Couldn't find descendants that match QueryId
\0
W, 3504, 13, 2013/05/23, 17:25:31.033, 2839619855034, QTAgent32.exe, Playback - [WARNING] Internal warning: Window with Class "IEFrame" and Title "insurE-com System Maintenance" was not found, so similar window with Class "IEFrame" and Title "insurE-com System Maintenance - Windows Internet Explorer" was accepted
\0
W, 3504, 13, 2013/05/23, 17:25:31.033, 2839619857765, QTAgent32.exe, Playback - [WARNING] Internal warning: Couldn't find descendants that match QueryId
\0
W, 3504, 13, 2013/05/23, 17:25:31.414, 2839625306877, QTAgent32.exe, Playback - [WARNING] Internal warning: Window with Class "IEFrame" and Title "insurE-com System Maintenance" was not found, so similar window with Class "IEFrame" and Title "insurE-com System Maintenance - Windows Internet Explorer" was accepted
\0
W, 3504, 13, 2013/05/23, 17:25:31.414, 2839625309739, QTAgent32.exe, Playback - [WARNING] Internal warning: Couldn't find descendants that match QueryId
\0
W, 3504, 13, 2013/05/23, 17:25:31.819, 2839631116572, QTAgent32.exe, Playback - [WARNING] Internal warning: Window with Class "IEFrame" and Title "insurE-com System Maintenance" was not found, so similar window with Class "IEFrame" and Title "insurE-com System Maintenance - Windows Internet Explorer" was accepted
\0
W, 3504, 13, 2013/05/23, 17:25:31.820, 2839631119609, QTAgent32.exe, Playback - [WARNING] Internal warning: Couldn't find descendants that match QueryId
\0
W, 3504, 13, 2013/05/23, 17:25:32.205, 2839636633190, QTAgent32.exe, Playback - [WARNING] Internal warning: Window with Class "IEFrame" and Title "insurE-com System Maintenance" was not found, so similar window with Class "IEFrame" and Title "insurE-com System Maintenance - Windows Internet Explorer" was accepted
\0
W, 3504, 13, 2013/05/23, 17:25:32.205, 2839636635932, QTAgent32.exe, Playback - [WARNING] Internal warning: Couldn't find descendants that match QueryId
\0
W, 3504, 13, 2013/05/23, 17:25:32.624, 2839642634770, QTAgent32.exe, Playback - [WARNING] Internal warning: Window with Class "IEFrame" and Title "insurE-com System Maintenance" was not found, so similar window with Class "IEFrame" and Title "insurE-com System Maintenance - Windows Internet Explorer" was accepted
\0
W, 3504, 13, 2013/05/23, 17:25:32.624, 2839642638031, QTAgent32.exe, Playback - [WARNING] Internal warning: Couldn't find descendants that match QueryId
\0
W, 3504, 13, 2013/05/23, 17:25:33.028, 2839648411570, QTAgent32.exe, Playback - [WARNING] Internal warning: Window with Class "IEFrame" and Title "insurE-com System Maintenance" was not found, so similar window with Class "IEFrame" and Title "insurE-com System Maintenance - Windows Internet Explorer" was accepted
\0
W, 3504, 13, 2013/05/23, 17:25:33.028, 2839648414168, QTAgent32.exe, Playback - [WARNING] Internal warning: Couldn't find descendants that match QueryId
\0
W, 3504, 13, 2013/05/23, 17:25:33.421, 2839654040233, QTAgent32.exe, Playback - [WARNING] Internal warning: Window with Class "IEFrame" and Title "insurE-com System Maintenance" was not found, so similar window with Class "IEFrame" and Title "insurE-com System Maintenance - Windows Internet Explorer" was accepted
\0
W, 3504, 13, 2013/05/23, 17:25:33.421, 2839654042875, QTAgent32.exe, Playback - [WARNING] Internal warning: Couldn't find descendants that match QueryId
\0
W, 3504, 13, 2013/05/23, 17:25:33.858, 2839660300198, QTAgent32.exe, Playback - [WARNING] Internal warning: Window with Class "IEFrame" and Title "insurE-com System Maintenance" was not found, so similar window with Class "IEFrame" and Title "insurE-com System Maintenance - Windows Internet Explorer" was accepted
\0
W, 3504, 13, 2013/05/23, 17:25:33.858, 2839660303121, QTAgent32.exe, Playback - [WARNING] Internal warning: Couldn't find descendants that match QueryId
\0
W, 3504, 13, 2013/05/23, 17:25:34.286, 2839666435172, QTAgent32.exe, Playback - [WARNING] Internal warning: Window with Class "IEFrame" and Title "insurE-com System Maintenance" was not found, so similar window with Class "IEFrame" and Title "insurE-com System Maintenance - Windows Internet Explorer" was accepted
\0
W, 3504, 13, 2013/05/23, 17:25:34.286, 2839666437738, QTAgent32.exe, Playback - [WARNING] Internal warning: Couldn't find descendants that match QueryId
\0
W, 3504, 13, 2013/05/23, 17:25:34.671, 2839671950948, QTAgent32.exe, Playback - [WARNING] Internal warning: Window with Class "IEFrame" and Title "insurE-com System Maintenance" was not found, so similar window with Class "IEFrame" and Title "insurE-com System Maintenance - Windows Internet Explorer" was accepted
\0
W, 3504, 13, 2013/05/23, 17:25:34.672, 2839671953898, QTAgent32.exe, Playback - [WARNING] Internal warning: Couldn't find descendants that match QueryId
\0
W, 3504, 13, 2013/05/23, 17:25:35.061, 2839677530509, QTAgent32.exe, Playback - [WARNING] Internal warning: Window with Class "IEFrame" and Title "insurE-com System Maintenance" was not found, so similar window with Class "IEFrame" and Title "insurE-com System Maintenance - Windows Internet Explorer" was accepted
\0
W, 3504, 13, 2013/05/23, 17:25:35.061, 2839677533214, QTAgent32.exe, Playback - [WARNING] Internal warning: Couldn't find descendants that match QueryId
\0
W, 3504, 13, 2013/05/23, 17:25:35.497, 2839683775585, QTAgent32.exe, Playback - [WARNING] Internal warning: Window with Class "IEFrame" and Title "insurE-com System Maintenance" was not found, so similar window with Class "IEFrame" and Title "insurE-com System Maintenance - Windows Internet Explorer" was accepted
\0
W, 3504, 13, 2013/05/23, 17:25:35.497, 2839683778300, QTAgent32.exe, Playback - [WARNING] Internal warning: Couldn't find descendants that match QueryId
\0
W, 3504, 13, 2013/05/23, 17:25:36.044, 2839691606818, QTAgent32.exe, Playback - [WARNING] Internal warning: Window with Class "IEFrame" and Title "insurE-com System Maintenance" was not found, so similar window with Class "IEFrame" and Title "insurE-com System Maintenance - Windows Internet Explorer" was accepted
\0
W, 3504, 13, 2013/05/23, 17:25:36.044, 2839691609269, QTAgent32.exe, Playback - [WARNING] Internal warning: Couldn't find descendants that match QueryId
\0
W, 3504, 13, 2013/05/23, 17:25:36.044, 2839691611994, QTAgent32.exe, PERF WARNING: FindNTopWindows::FindAllDescendents: took 546 ms. Expected it to take maximum 500 ms.
W, 3504, 13, 2013/05/23, 17:25:36.477, 2839697808353, QTAgent32.exe, Playback - [WARNING] Internal warning: Window with Class "IEFrame" and Title "insurE-com System Maintenance" was not found, so similar window with Class "IEFrame" and Title "insurE-com System Maintenance - Windows Internet Explorer" was accepted
\0
W, 3504, 13, 2013/05/23, 17:25:36.477, 2839697811055, QTAgent32.exe, Playback - [WARNING] Internal warning: Couldn't find descendants that match QueryId
\0
W, 3504, 13, 2013/05/23, 17:25:36.869, 2839703406499, QTAgent32.exe, Playback - [WARNING] Internal warning: Window with Class "IEFrame" and Title "insurE-com System Maintenance" was not found, so similar window with Class "IEFrame" and Title "insurE-com System Maintenance - Windows Internet Explorer" was accepted
\0
W, 3504, 13, 2013/05/23, 17:25:36.869, 2839703409145, QTAgent32.exe, Playback - [WARNING] Internal warning: Couldn't find descendants that match QueryId
\0
W, 3504, 13, 2013/05/23, 17:25:37.297, 2839709540185, QTAgent32.exe, Playback - [WARNING] Internal warning: Window with Class "IEFrame" and Title "insurE-com System Maintenance" was not found, so similar window with Class "IEFrame" and Title "insurE-com System Maintenance - Windows Internet Explorer" was accepted
\0
W, 3504, 13, 2013/05/23, 17:25:37.297, 2839709543030, QTAgent32.exe, Playback - [WARNING] Internal warning: Couldn't find descendants that match QueryId
\0
W, 3504, 13, 2013/05/23, 17:25:37.696, 2839715257017, QTAgent32.exe, Playback - [WARNING] Internal warning: Window with Class "IEFrame" and Title "insurE-com System Maintenance" was not found, so similar window with Class "IEFrame" and Title "insurE-com System Maintenance - Windows Internet Explorer" was accepted
\0
W, 3504, 13, 2013/05/23, 17:25:37.696, 2839715259675, QTAgent32.exe, Playback - [WARNING] Internal warning: Couldn't find descendants that match QueryId
\0
W, 3504, 13, 2013/05/23, 17:25:38.052, 2839720353930, QTAgent32.exe, Playback - [WARNING] Internal warning: Window with Class "IEFrame" and Title "insurE-com System Maintenance" was not found, so similar window with Class "IEFrame" and Title "insurE-com System Maintenance - Windows Internet Explorer" was accepted
\0
W, 3504, 13, 2013/05/23, 17:25:38.052, 2839720356767, QTAgent32.exe, Playback - [WARNING] Internal warning: Couldn't find descendants that match QueryId
\0
W, 3504, 13, 2013/05/23, 17:25:38.421, 2839725637248, QTAgent32.exe, Playback - [WARNING] Internal warning: Window with Class "IEFrame" and Title "insurE-com System Maintenance" was not found, so similar window with Class "IEFrame" and Title "insurE-com System Maintenance - Windows Internet Explorer" was accepted
\0
W, 3504, 13, 2013/05/23, 17:25:38.421, 2839725640035, QTAgent32.exe, Playback - [WARNING] Internal warning: Couldn't find descendants that match QueryId
\0
W, 3504, 13, 2013/05/23, 17:25:38.795, 2839730997656, QTAgent32.exe, Playback - [WARNING] Internal warning: Window with Class "IEFrame" and Title "insurE-com System Maintenance" was not found, so similar window with Class "IEFrame" and Title "insurE-com System Maintenance - Windows Internet Explorer" was accepted
\0
W, 3504, 13, 2013/05/23, 17:25:38.795, 2839731000225, QTAgent32.exe, Playback - [WARNING] Internal warning: Couldn't find descendants that match QueryId
\0
W, 3504, 13, 2013/05/23, 17:25:39.198, 2839736763057, QTAgent32.exe, Playback - [WARNING] Internal warning: Window with Class "IEFrame" and Title "insurE-com System Maintenance" was not found, so similar window with Class "IEFrame" and Title "insurE-com System Maintenance - Windows Internet Explorer" was accepted
\0
W, 3504, 13, 2013/05/23, 17:25:39.198, 2839736766729, QTAgent32.exe, Playback - [WARNING] Internal warning: Couldn't find descendants that match QueryId
\0
W, 3504, 13, 2013/05/23, 17:25:39.611, 2839742672176, QTAgent32.exe, Playback - [WARNING] Internal warning: Window with Class "IEFrame" and Title "insurE-com System Maintenance" was not found, so similar window with Class "IEFrame" and Title "insurE-com System Maintenance - Windows Internet Explorer" was accepted
\0
W, 3504, 13, 2013/05/23, 17:25:39.611, 2839742675309, QTAgent32.exe, Playback - [WARNING] Internal warning: Couldn't find descendants that match QueryId
\0
W, 3504, 13, 2013/05/23, 17:25:39.966, 2839747756706, QTAgent32.exe, Playback - [WARNING] Internal warning: Window with Class "IEFrame" and Title "insurE-com System Maintenance" was not found, so similar window with Class "IEFrame" and Title "insurE-com System Maintenance - Windows Internet Explorer" was accepted
\0
W, 3504, 13, 2013/05/23, 17:25:39.966, 2839747759334, QTAgent32.exe, Playback - [WARNING] Internal warning: Couldn't find descendants that match QueryId
\0
W, 3504, 13, 2013/05/23, 17:25:40.326, 2839752911549, QTAgent32.exe, Playback - [WARNING] Internal warning: Window with Class "IEFrame" and Title "insurE-com System Maintenance" was not found, so similar window with Class "IEFrame" and Title "insurE-com System Maintenance - Windows Internet Explorer" was accepted
\0
W, 3504, 13, 2013/05/23, 17:25:40.326, 2839752914853, QTAgent32.exe, Playback - [WARNING] Internal warning: Couldn't find descendants that match QueryId
\0
W, 3504, 13, 2013/05/23, 17:25:41.914, 2839775653137, QTAgent32.exe, Playback - [WARNING] Internal warning: Window Not Found: [VisibleOnly]Name='insurE-com System Maintenance' &amp;&amp; ClassName='IEFrame' &amp;&amp; ControlType='Window'
\0
E, 3504, 13, 2013/05/23, 17:25:41.914, 2839775656813, QTAgent32.exe, &lt;a class=failure&gt;Playback - {159} [FAILED] Function ElementFetcher::FindScreenElement failed to locate UI element (Searching: ;[VisibleOnly]Name='insurE-com System Maintenance' &amp;&amp; ClassName='IEFrame' &amp;&amp; ControlType='Window') (The object specified was not found.)
\0&lt;/a&gt;
E, 3504, 13, 2013/05/23, 17:25:42.051, 2839777608476, QTAgent32.exe, Playback - [IMAGE] C:\Users\testuser\AppData\Local\Temp\UITestLogs\LastRun\RPF54FF.png
\0
W, 3504, 13, 2013/05/23, 17:25:42.051, 2839777610999, QTAgent32.exe, Playback - [WARNING] Internal warning: Couldn't find descendants that match QueryId
\0
W, 3504, 13, 2013/05/23, 17:25:42.051, 2839777614353, QTAgent32.exe, PERF WARNING: Playback.FindScreenElement: took 1724 ms. Expected it to take maximum 500 ms.
E, 3504, 13, 2013/05/23, 17:25:42.051, 2839777617443, QTAgent32.exe, Window 395140 not responding. Last Win32 error 0
E, 3504, 13, 2013/05/23, 17:25:42.051, 2839777618583, QTAgent32.exe, GetClassName for handle 395140 failed
E, 3504, 13, 2013/05/23, 17:25:42.052, 2839777621900, QTAgent32.exe, Window 395140 not responding. Last Win32 error 1400
E, 3504, 13, 2013/05/23, 17:25:42.052, 2839777622676, QTAgent32.exe, GetClassName for handle 395140 failed
E, 3504, 13, 2013/05/23, 17:25:42.152, 2839779061104, QTAgent32.exe, AL: Playback Error: Microsoft.VisualStudio.TestTools.UITest.Extension.UITestControlNotAvailableException: The control is not available or not valid. Additional Details: 
TechnologyName:  'MSAA'
Name:  'insurE-com System Maintenance'
ClassName:  'IEFrame'
ControlType:  'Window'
 ---&gt; System.Runtime.InteropServices.COMException: Error HRESULT E_FAIL has been returned from a call to a COM component.
   at Microsoft.VisualStudio.TestTools.UITest.Playback.Engine.IRPFPlayback.FindScreenElement(String bstrQueryId)
   at Microsoft.VisualStudio.TestTools.UITest.Playback.ScreenElement.FindFromPartialQueryId(String queryId)
   at Microsoft.VisualStudio.TestTools.UITesting.UITestControl.EnsureValid(Boolean waitForReady, Boolean refetch)
   --- End of inner exception stack trace ---
   at Microsoft.VisualStudio.TestTools.UITesting.UITestControl.EnsureValid(Boolean waitForReady, Boolean refetch)
   at Microsoft.VisualStudio.TestTools.UITesting.UITestControl.SendKeys(String text, ModifierKeys modifierKeys, Boolean isEncoded, Boolean isUnicode)
   at Microsoft.VisualStudio.TestTools.UITesting.Keyboard.SendKeysImplementation(UITestControl control, String text, ModifierKeys modifierKeys, Boolean isEncoded, Boolean isUnicode)
   at Microsoft.VisualStudio.TestTools.UITesting.Keyboard.SendKeysImplementationWrapper(UITestControl control, String text, ModifierKeys modifierKeys, Boolean isEncoded, Boolean isUnicode)
W, 3504, 13, 2013/05/23, 17:25:42.152, 2839779063765, QTAgent32.exe, PlaybackErrorHandler: Ignoring exception as ContinueOnError is set.
W, 3504, 13, 2013/05/23, 17:25:43.566, 2839799301008, QTAgent32.exe, &lt;a class=success&gt;Playback - {160} [SUCCESS] MouseButtonClick - "[MSAA, VisibleOnly]ControlType='TitleBar'"
\0&lt;/a&gt;
W, 3504, 13, 2013/05/23, 17:25:43.839, 2839803221178, QTAgent32.exe, &lt;a class=success&gt;Playback - {161} [SUCCESS] MouseButtonClick - "[MSAA, VisibleOnly]ControlType='Button' &amp;&amp; Name='Close'"
\0&lt;/a&gt;
W, 3504, 13, 2013/05/23, 17:25:44.857, 2839817794532, QTAgent32.exe, &lt;a class=success&gt;Playback - {162} [SUCCESS] MouseButtonClick - "[MSAA, VisibleOnly]ControlType='Button' &amp;&amp; Name='Options'"
\0&lt;/a&gt;
W, 3504, 13, 2013/05/23, 17:25:44.960, 2839819264767, QTAgent32.exe, FindScreenElementInSinglePass : Attempting to find control in one pass of search. Failures can occur.
W, 3504, 13, 2013/05/23, 17:25:45.303, 2839824169942, QTAgent32.exe, &lt;a class=success&gt;Playback - {163} [SUCCESS] MouseButtonClick - "[MSAA]ControlType='MenuItem' &amp;&amp; Name='Links'"
\0&lt;/a&gt;
W, 3504, 13, 2013/05/23, 17:25:45.403, 2839825606823, QTAgent32.exe, FindScreenElementInSinglePass : Attempting to find control in one pass of search. Failures can occur.
W, 3504, 13, 2013/05/23, 17:25:45.777, 2839830965310, QTAgent32.exe, &lt;a class=success&gt;Playback - {164} [SUCCESS] MouseButtonClick - "[MSAA]ControlType='MenuItem' &amp;&amp; Name='3rd Party Integration'"
\0&lt;/a&gt;
W, 3504, 13, 2013/05/23, 17:25:45.878, 2839832409945, QTAgent32.exe, FindScreenElementInSinglePass : Attempting to find control in one pass of search. Failures can occur.
W, 3504, 13, 2013/05/23, 17:25:46.216, 2839837245442, QTAgent32.exe, &lt;a class=success&gt;Playback - {165} [SUCCESS] MouseButtonClick - "[MSAA]ControlType='MenuItem' &amp;&amp; Name='Renewals Module'"
\0&lt;/a&gt;
W, 3504, 13, 2013/05/23, 17:25:46.811, 2839845763235, QTAgent32.exe, Playback - [WARNING] Internal warning: Window Not Found: [VisibleOnly]ControlType='Window' &amp;&amp; Name='Personal Lines Renewals' &amp;&amp; ClassName='ThunderRT6FormDC'
\0
E, 3504, 13, 2013/05/23, 17:25:46.811, 2839845766964, QTAgent32.exe, &lt;a class=failure&gt;Playback - {166} [FAILED] Function ElementFetcher::FindScreenElement failed to locate UI element (Searching: ;[VisibleOnly]ControlType='Window' &amp;&amp; Name='Personal Lines Renewals' &amp;&amp; ClassName='ThunderRT6FormDC') (The object specified was not found.)
\0&lt;/a&gt;
E, 3504, 13, 2013/05/23, 17:25:46.889, 2839846884872, QTAgent32.exe, Playback - [IMAGE] C:\Users\testuser\AppData\Local\Temp\UITestLogs\LastRun\RPF6823.png
\0
W, 3504, 13, 2013/05/23, 17:25:46.889, 2839846887240, QTAgent32.exe, Playback - [WARNING] Internal warning: Couldn't find descendants that match QueryId
\0
W, 3504, 13, 2013/05/23, 17:25:46.889, 2839846890792, QTAgent32.exe, PERF WARNING: FindTopLevelWindowHelper::FindAllDescendents: took 572 ms. Expected it to take maximum 500 ms.
W, 3504, 13, 2013/05/23, 17:25:46.931, 2839847480298, QTAgent32.exe, Playback - [WARNING] Internal warning: Window Not Found: [VisibleOnly]ControlType='Window' &amp;&amp; Name='Personal Lines Renewals' &amp;&amp; ClassName='ThunderRT6FormDC'
\0
E, 3504, 13, 2013/05/23, 17:25:46.932, 2839847501610, QTAgent32.exe, &lt;a class=failure&gt;Playback - {167} [FAILED] Function ElementFetcher::FindScreenElement failed to locate UI element (Searching: ;[VisibleOnly]ControlType='Window' &amp;&amp; Name='Personal Lines Renewals' &amp;&amp; ClassName='ThunderRT6FormDC') (The object specified was not found.)
\0&lt;/a&gt;
E, 3504, 13, 2013/05/23, 17:25:47.020, 2839848758285, QTAgent32.exe, Playback - [IMAGE] C:\Users\testuser\AppData\Local\Temp\UITestLogs\LastRun\RPF68A0.png
\0
W, 3504, 13, 2013/05/23, 17:25:47.020, 2839848760490, QTAgent32.exe, Playback - [WARNING] Internal warning: Couldn't find descendants that match QueryId
\0
W, 3504, 13, 2013/05/23, 17:25:48.250, 2839866369077, QTAgent32.exe, PERF WARNING: FindTopLevelWindowHelper::FindAllDescendents: took 1229 ms. Expected it to take maximum 500 ms.
W, 3504, 13, 2013/05/23, 17:25:48.944, 2839876304427, QTAgent32.exe, &lt;a class=success&gt;Playback - {168} [SUCCESS] SetValueAsEditBox "1" - "[MSAA, VisibleOnly]ControlType='Edit'"  &lt; Set via SendKeys &gt;
\0&lt;/a&gt;
W, 3504, 13, 2013/05/23, 17:25:49.785, 2839888345784, QTAgent32.exe, &lt;a class=success&gt;Playback - {169} [SUCCESS] MouseButtonClick - "[MSAA, VisibleOnly]ControlType='Button' &amp;&amp; Name='Ok'"
\0&lt;/a&gt;
W, 3504, 13, 2013/05/23, 17:25:50.192, 2839894175569, QTAgent32.exe, Playback - [WARNING] Internal warning: Window Not Found: [VisibleOnly]ControlType='Window' &amp;&amp; Name='Confirm' &amp;&amp; ClassName='#32770'
\0
E, 3504, 13, 2013/05/23, 17:25:50.192, 2839894178773, QTAgent32.exe, &lt;a class=failure&gt;Playback - {170} [FAILED] Function ElementFetcher::FindScreenElement failed to locate UI element (Searching: ;[VisibleOnly]ControlType='Window' &amp;&amp; Name='Confirm' &amp;&amp; ClassName='#32770') (The object specified was not found.)
\0&lt;/a&gt;
E, 3504, 13, 2013/05/23, 17:25:50.301, 2839895731733, QTAgent32.exe, Playback - [IMAGE] C:\Users\testuser\AppData\Local\Temp\UITestLogs\LastRun\RPF755E.png
\0
W, 3504, 13, 2013/05/23, 17:25:50.301, 2839895734228, QTAgent32.exe, Playback - [WARNING] Internal warning: Couldn't find descendants that match QueryId
\0
W, 3504, 13, 2013/05/23, 17:26:08.368, 2840154424728, QTAgent32.exe, Playback - [WARNING] Internal warning: Window Not Found: [VisibleOnly]ControlType='Window' &amp;&amp; Name='Confirm' &amp;&amp; ClassName='#32770'
\0
E, 3504, 13, 2013/05/23, 17:26:08.369, 2840154430582, QTAgent32.exe, &lt;a class=failure&gt;Playback - {171} [FAILED] Function ElementFetcher::FindScreenElement failed to locate UI element (Searching: ;[VisibleOnly]ControlType='Window' &amp;&amp; Name='Confirm' &amp;&amp; ClassName='#32770') (The object specified was not found.)
\0&lt;/a&gt;
E, 3504, 13, 2013/05/23, 17:26:08.468, 2840155846948, QTAgent32.exe, Playback - [IMAGE] C:\Users\testuser\AppData\Local\Temp\UITestLogs\LastRun\RPFBC5D.png
\0
W, 3504, 13, 2013/05/23, 17:26:08.468, 2840155849770, QTAgent32.exe, Playback - [WARNING] Internal warning: Couldn't find descendants that match QueryId
\0
W, 3504, 13, 2013/05/23, 17:26:08.470, 2840155883145, QTAgent32.exe, PERF WARNING: FindTopLevelWindowHelper::FindAllDescendents: took 18168 ms. Expected it to take maximum 500 ms.
W, 3504, 13, 2013/05/23, 17:26:08.992, 2840163359922, QTAgent32.exe, Playback - [WARNING] Internal warning: Smart Match failed
\0
W, 3504, 13, 2013/05/23, 17:26:09.371, 2840168789827, QTAgent32.exe, Playback - [WARNING] Internal warning: Smart Match failed
\0
W, 3504, 13, 2013/05/23, 17:26:09.743, 2840174117905, QTAgent32.exe, Playback - [WARNING] Internal warning: Smart Match failed
\0
W, 3504, 13, 2013/05/23, 17:26:10.114, 2840179426207, QTAgent32.exe, Playback - [WARNING] Internal warning: Smart Match failed
\0
W, 3504, 13, 2013/05/23, 17:26:10.448, 2840184208040, QTAgent32.exe, Playback - [WARNING] Internal warning: Smart Match failed
\0
W, 3504, 13, 2013/05/23, 17:26:10.780, 2840188967980, QTAgent32.exe, Playback - [WARNING] Internal warning: Smart Match failed
\0
W, 3504, 13, 2013/05/23, 17:26:11.113, 2840193725410, QTAgent32.exe, Playback - [WARNING] Internal warning: Smart Match failed
\0
W, 3504, 13, 2013/05/23, 17:26:11.438, 2840198388530, QTAgent32.exe, Playback - [WARNING] Internal warning: Smart Match failed
\0
W, 3504, 13, 2013/05/23, 17:26:11.680, 2840201851142, QTAgent32.exe, Playback - [WARNING] Internal warning: Window Not Found: [VisibleOnly]ControlType='Window' &amp;&amp; Name='Confirm' &amp;&amp; ClassName='#32770'
\0
E, 3504, 13, 2013/05/23, 17:26:11.680, 2840201854364, QTAgent32.exe, &lt;a class=failure&gt;Playback - {172} [FAILED] Function ElementFetcher::FindScreenElement failed to locate UI element (Searching: ;[VisibleOnly]ControlType='Window' &amp;&amp; Name='Confirm' &amp;&amp; ClassName='#32770') (The object specified was not found.)
\0&lt;/a&gt;
E, 3504, 13, 2013/05/23, 17:26:11.775, 2840203216489, QTAgent32.exe, Playback - [IMAGE] C:\Users\testuser\AppData\Local\Temp\UITestLogs\LastRun\RPFC949.png
\0
W, 3504, 13, 2013/05/23, 17:26:11.776, 2840203219084, QTAgent32.exe, Playback - [WARNING] Internal warning: Couldn't find descendants that match QueryId
\0
W, 3504, 13, 2013/05/23, 17:26:11.776, 2840203222048, QTAgent32.exe, PERF WARNING: FindTopLevelWindowHelper::FindAllDescendents: took 3305 ms. Expected it to take maximum 500 ms.
E, 3504, 13, 2013/05/23, 17:26:11.776, 2840203223833, QTAgent32.exe, Exception: System.Runtime.InteropServices.COMException
	Message: Error HRESULT E_FAIL has been returned from a call to a COM component.
	Stack Trace:    at Microsoft.VisualStudio.TestTools.UITest.Playback.Engine.IRPFPlayback.FindAllScreenElements(IScreenElement pScreenElementStart, String bstrQueryId, Object&amp; pvarResKeys, Int32 cResKeys, Int32 nMaxDepth, Object[]&amp; foundDescendants)
   at Microsoft.VisualStudio.TestTools.UITest.Playback.ScreenElement.FindTopLevelWindowHelper(String queryId)
	BaseExceptionMessage: Error HRESULT E_FAIL has been returned from a call to a COM component.

E, 3504, 13, 2013/05/23, 17:26:11.877, 2840204674855, QTAgent32.exe, AL: Playback Error: Microsoft.VisualStudio.TestTools.UITest.Extension.UITestControlNotFoundException: The playback failed to find the control with the given search properties. Additional Details: 
TechnologyName:  'MSAA'
ControlType:  'Window'
Name:  'Confirm'
ClassName:  '#32770'
 ---&gt; System.Runtime.InteropServices.COMException: Error HRESULT E_FAIL has been returned from a call to a COM component.
   at Microsoft.VisualStudio.TestTools.UITest.Playback.Engine.IRPFPlayback.FindAllScreenElements(IScreenElement pScreenElementStart, String bstrQueryId, Object&amp; pvarResKeys, Int32 cResKeys, Int32 nMaxDepth, Object[]&amp; foundDescendants)
   at Microsoft.VisualStudio.TestTools.UITest.Playback.ScreenElement.FindTopLevelWindowHelper(String queryId)
   at Microsoft.VisualStudio.TestTools.UITest.Playback.ScreenElement.FindFromPartialQueryId(String queryId)
   at Microsoft.VisualStudio.TestTools.UITesting.UITestControl..ctor(String queryId)
   --- End of inner exception stack trace ---
   at Microsoft.VisualStudio.TestTools.UITesting.Playback.MapControlNotFoundException(COMException ex, IPlaybackContext context)
   at Microsoft.VisualStudio.TestTools.UITesting.Playback.MapAndThrowComException(COMException innerException, IPlaybackContext context)
   at Microsoft.VisualStudio.TestTools.UITesting.Playback.MapAndThrowException(SystemException exception, IPlaybackContext context)
   at Microsoft.VisualStudio.TestTools.UITesting.Playback.MapAndThrowException(SystemException exception, String queryId)
   at Microsoft.VisualStudio.TestTools.UITesting.UITestControl..ctor(String queryId)
   at Microsoft.VisualStudio.TestTools.UITesting.SearchHelper.SearchTopLevelWindow(ISearchArgument topLevelSearchArg, String topLevelElementQueryId)
   at Microsoft.VisualStudio.TestTools.UITesting.SearchHelper.GetTitleUpdatedTopLevelWindow(ISearchArgument topLevelSearchArg, String queryId, IList`1 windowTitles)
   at Microsoft.VisualStudio.TestTools.UITesting.SearchHelper.GetTopLevelElement(Boolean useCache, Boolean useCacheOnly, ISearchArgument searchArg, IList`1 windowTitles, Int32&amp; timeLeft)
   at Microsoft.VisualStudio.TestTools.UITesting.SearchHelper.GetElement(Boolean useCache, ISearchArgument searchArg)
   at Microsoft.VisualStudio.TestTools.UITesting.SearchHelper.Search(ISearchArgument searchArg)
   at Microsoft.VisualStudio.TestTools.UITesting.UITestControl.FindInternal()
   at Microsoft.VisualStudio.TestTools.UITesting.UITestControl.FindControlIfNecessary()
   at Microsoft.VisualStudio.TestTools.UITesting.UITestControl.Click(MouseButtons button, ModifierKeys modifierKeys, Point relativeCoordinates)
   at Microsoft.VisualStudio.TestTools.UITesting.Mouse.ClickImplementation(UITestControl control, MouseButtons button, ModifierKeys modifierKeys, Point relativeCoordinate)
   at Microsoft.VisualStudio.TestTools.UITesting.Mouse.ClickImplementationWrapper(UITestControl control, MouseButtons button, ModifierKeys modifierKeys, Point relativeCoordinate)
W, 3504, 13, 2013/05/23, 17:26:11.880, 2840204712008, QTAgent32.exe, PlaybackErrorHandler: Ignoring exception as ContinueOnError is set.
W, 3504, 13, 2013/05/23, 17:26:12.167, 2840208820500, QTAgent32.exe, Playback - [WARNING] Internal warning: Window Not Found: [VisibleOnly]ControlType='Window' &amp;&amp; Name='Personal Lines' &amp;&amp; ClassName='#32770'
\0
E, 3504, 13, 2013/05/23, 17:26:12.168, 2840208824007, QTAgent32.exe, &lt;a class=failure&gt;Playback - {173} [FAILED] Function ElementFetcher::FindScreenElement failed to locate UI element (Searching: ;[VisibleOnly]ControlType='Window' &amp;&amp; Name='Personal Lines' &amp;&amp; ClassName='#32770') (The object specified was not found.)
\0&lt;/a&gt;
E, 3504, 13, 2013/05/23, 17:26:12.265, 2840210225770, QTAgent32.exe, Playback - [IMAGE] C:\Users\testuser\AppData\Local\Temp\UITestLogs\LastRun\RPFCB3D.png
\0
W, 3504, 13, 2013/05/23, 17:26:12.266, 2840210228252, QTAgent32.exe, Playback - [WARNING] Internal warning: Couldn't find descendants that match QueryId
\0
W, 3504, 13, 2013/05/23, 17:26:30.333, 2840468921524, QTAgent32.exe, Playback - [WARNING] Internal warning: Window Not Found: [VisibleOnly]ControlType='Window' &amp;&amp; Name='Personal Lines' &amp;&amp; ClassName='#32770'
\0
E, 3504, 13, 2013/05/23, 17:26:30.333, 2840468928467, QTAgent32.exe, &lt;a class=failure&gt;Playback - {174} [FAILED] Function ElementFetcher::FindScreenElement failed to locate UI element (Searching: ;[VisibleOnly]ControlType='Window' &amp;&amp; Name='Personal Lines' &amp;&amp; ClassName='#32770') (The object specified was not found.)
\0&lt;/a&gt;
E, 3504, 13, 2013/05/23, 17:26:30.459, 2840470729672, QTAgent32.exe, Playback - [IMAGE] C:\Users\testuser\AppData\Local\Temp\UITestLogs\LastRun\RPF122D.png
\0
W, 3504, 13, 2013/05/23, 17:26:30.459, 2840470733120, QTAgent32.exe, Playback - [WARNING] Internal warning: Couldn't find descendants that match QueryId
\0
W, 3504, 13, 2013/05/23, 17:26:30.460, 2840470741785, QTAgent32.exe, PERF WARNING: FindTopLevelWindowHelper::FindAllDescendents: took 18194 ms. Expected it to take maximum 500 ms.
W, 3504, 13, 2013/05/23, 17:26:30.990, 2840478333907, QTAgent32.exe, Playback - [WARNING] Internal warning: Smart Match failed
\0
W, 3504, 13, 2013/05/23, 17:26:31.330, 2840483201303, QTAgent32.exe, Playback - [WARNING] Internal warning: Smart Match failed
\0
W, 3504, 13, 2013/05/23, 17:26:31.676, 2840488154275, QTAgent32.exe, Playback - [WARNING] Internal warning: Smart Match failed
\0
W, 3504, 13, 2013/05/23, 17:26:32.007, 2840492891827, QTAgent32.exe, Playback - [WARNING] Internal warning: Smart Match failed
\0
W, 3504, 13, 2013/05/23, 17:26:32.334, 2840497574398, QTAgent32.exe, Playback - [WARNING] Internal warning: Smart Match failed
\0
W, 3504, 13, 2013/05/23, 17:26:32.691, 2840502687794, QTAgent32.exe, Playback - [WARNING] Internal warning: Smart Match failed
\0
W, 3504, 13, 2013/05/23, 17:26:33.050, 2840507831474, QTAgent32.exe, Playback - [WARNING] Internal warning: Smart Match failed
\0
W, 3504, 13, 2013/05/23, 17:26:33.410, 2840512983601, QTAgent32.exe, Playback - [WARNING] Internal warning: Smart Match failed
\0
W, 3504, 13, 2013/05/23, 17:26:33.679, 2840516836092, QTAgent32.exe, Playback - [WARNING] Internal warning: Window Not Found: [VisibleOnly]ControlType='Window' &amp;&amp; Name='Personal Lines' &amp;&amp; ClassName='#32770'
\0
E, 3504, 13, 2013/05/23, 17:26:33.679, 2840516839314, QTAgent32.exe, &lt;a class=failure&gt;Playback - {175} [FAILED] Function ElementFetcher::FindScreenElement failed to locate UI element (Searching: ;[VisibleOnly]ControlType='Window' &amp;&amp; Name='Personal Lines' &amp;&amp; ClassName='#32770') (The object specified was not found.)
\0&lt;/a&gt;
E, 3504, 13, 2013/05/23, 17:26:33.764, 2840518052543, QTAgent32.exe, Playback - [IMAGE] C:\Users\testuser\AppData\Local\Temp\UITestLogs\LastRun\RPF1F48.png
\0
W, 3504, 13, 2013/05/23, 17:26:33.764, 2840518055004, QTAgent32.exe, Playback - [WARNING] Internal warning: Couldn't find descendants that match QueryId
\0
W, 3504, 13, 2013/05/23, 17:26:33.765, 2840518059211, QTAgent32.exe, PERF WARNING: FindTopLevelWindowHelper::FindAllDescendents: took 3304 ms. Expected it to take maximum 500 ms.
E, 3504, 13, 2013/05/23, 17:26:33.765, 2840518061366, QTAgent32.exe, Exception: System.Runtime.InteropServices.COMException
	Message: Error HRESULT E_FAIL has been returned from a call to a COM component.
	Stack Trace:    at Microsoft.VisualStudio.TestTools.UITest.Playback.Engine.IRPFPlayback.FindAllScreenElements(IScreenElement pScreenElementStart, String bstrQueryId, Object&amp; pvarResKeys, Int32 cResKeys, Int32 nMaxDepth, Object[]&amp; foundDescendants)
   at Microsoft.VisualStudio.TestTools.UITest.Playback.ScreenElement.FindTopLevelWindowHelper(String queryId)
	BaseExceptionMessage: Error HRESULT E_FAIL has been returned from a call to a COM component.

E, 3504, 13, 2013/05/23, 17:26:33.765, 2840518066460, QTAgent32.exe, Window 5047418 not responding. Last Win32 error 0
E, 3504, 13, 2013/05/23, 17:26:33.765, 2840518067624, QTAgent32.exe, GetClassName for handle 5047418 failed
E, 3504, 13, 2013/05/23, 17:26:33.866, 2840519515294, QTAgent32.exe, AL: Playback Error: Microsoft.VisualStudio.TestTools.UITest.Extension.UITestControlNotAvailableException: The control is not available or not valid. Additional Details: 
TechnologyName:  'MSAA'
Name:  'Personal Lines'
ClassName:  '#32770'
ControlType:  'Window'
 ---&gt; System.Runtime.InteropServices.COMException: Error HRESULT E_FAIL has been returned from a call to a COM component.
   at Microsoft.VisualStudio.TestTools.UITest.Playback.Engine.IRPFPlayback.FindAllScreenElements(IScreenElement pScreenElementStart, String bstrQueryId, Object&amp; pvarResKeys, Int32 cResKeys, Int32 nMaxDepth, Object[]&amp; foundDescendants)
   at Microsoft.VisualStudio.TestTools.UITest.Playback.ScreenElement.FindTopLevelWindowHelper(String queryId)
   at Microsoft.VisualStudio.TestTools.UITest.Playback.ScreenElement.FindFromPartialQueryId(String queryId)
   at Microsoft.VisualStudio.TestTools.UITesting.UITestControl.EnsureValid(Boolean waitForReady, Boolean refetch)
   --- End of inner exception stack trace ---
   at Microsoft.VisualStudio.TestTools.UITesting.UITestControl.EnsureValid(Boolean waitForReady, Boolean refetch)
   at Microsoft.VisualStudio.TestTools.UITesting.UITestControl.FindFirstDescendant(String queryId, Int32 maxDepth, Int32&amp; timeLeft)
   at Microsoft.VisualStudio.TestTools.UITesting.SearchHelper.GetElement(Boolean useCache, ISearchArgument searchArg)
   at Microsoft.VisualStudio.TestTools.UITesting.SearchHelper.Search(ISearchArgument searchArg)
   at Microsoft.VisualStudio.TestTools.UITesting.UITestControl.FindInternal()
   at Microsoft.VisualStudio.TestTools.UITesting.UITestControl.FindControlIfNecessary()
   at Microsoft.VisualStudio.TestTools.UITesting.UITestControl.Click(MouseButtons button, ModifierKeys modifierKeys, Point relativeCoordinates)
   at Microsoft.VisualStudio.TestTools.UITesting.Mouse.ClickImplementation(UITestControl control, MouseButtons button, ModifierKeys modifierKeys, Point relativeCoordinate)
   at Microsoft.VisualStudio.TestTools.UITesting.Mouse.ClickImplementationWrapper(UITestControl control, MouseButtons button, ModifierKeys modifierKeys, Point relativeCoordinate)
W, 3504, 13, 2013/05/23, 17:26:33.867, 2840519518840, QTAgent32.exe, PlaybackErrorHandler: Ignoring exception as ContinueOnError is set.
W, 3504, 13, 2013/05/23, 17:26:34.154, 2840523633222, QTAgent32.exe, Playback - [WARNING] Internal warning: Window Not Found: [VisibleOnly]ControlType='Window' &amp;&amp; Name='Policies Auto-Renewed &amp; Auto-Lapsed' &amp;&amp; ClassName='ThunderRT6FormDC'
\0
E, 3504, 13, 2013/05/23, 17:26:34.154, 2840523636734, QTAgent32.exe, &lt;a class=failure&gt;Playback - {176} [FAILED] Function ElementFetcher::FindScreenElement failed to locate UI element (Searching: ;[VisibleOnly]ControlType='Window' &amp;&amp; Name='Policies Auto-Renewed &amp; Auto-Lapsed' &amp;&amp; ClassName='ThunderRT6FormDC') (The object specified was not found.)
\0&lt;/a&gt;
E, 3504, 13, 2013/05/23, 17:26:34.235, 2840524789674, QTAgent32.exe, Playback - [IMAGE] C:\Users\testuser\AppData\Local\Temp\UITestLogs\LastRun\RPF211D.png
\0
W, 3504, 13, 2013/05/23, 17:26:34.235, 2840524792209, QTAgent32.exe, Playback - [WARNING] Internal warning: Couldn't find descendants that match QueryId
\0
W, 3504, 13, 2013/05/23, 17:26:52.319, 2840783721186, QTAgent32.exe, Playback - [WARNING] Internal warning: Window Not Found: [VisibleOnly]ControlType='Window' &amp;&amp; Name='Policies Auto-Renewed &amp; Auto-Lapsed' &amp;&amp; ClassName='ThunderRT6FormDC'
\0
E, 3504, 13, 2013/05/23, 17:26:52.319, 2840783726781, QTAgent32.exe, &lt;a class=failure&gt;Playback - {177} [FAILED] Function ElementFetcher::FindScreenElement failed to locate UI element (Searching: ;[VisibleOnly]ControlType='Window' &amp;&amp; Name='Policies Auto-Renewed &amp; Auto-Lapsed' &amp;&amp; ClassName='ThunderRT6FormDC') (The object specified was not found.)
\0&lt;/a&gt;
E, 3504, 13, 2013/05/23, 17:26:52.411, 2840785043685, QTAgent32.exe, Playback - [IMAGE] C:\Users\testuser\AppData\Local\Temp\UITestLogs\LastRun\RPF681C.png
\0
W, 3504, 13, 2013/05/23, 17:26:52.412, 2840785046285, QTAgent32.exe, Playback - [WARNING] Internal warning: Couldn't find descendants that match QueryId
\0
W, 3504, 13, 2013/05/23, 17:26:52.412, 2840785051927, QTAgent32.exe, PERF WARNING: FindTopLevelWindowHelper::FindAllDescendents: took 18176 ms. Expected it to take maximum 500 ms.
W, 3504, 13, 2013/05/23, 17:26:52.935, 2840792546232, QTAgent32.exe, Playback - [WARNING] Internal warning: Smart Match failed
\0
W, 3504, 13, 2013/05/23, 17:26:53.278, 2840797447680, QTAgent32.exe, Playback - [WARNING] Internal warning: Smart Match failed
\0
W, 3504, 13, 2013/05/23, 17:26:53.651, 2840802798240, QTAgent32.exe, Playback - [WARNING] Internal warning: Smart Match failed
\0
W, 3504, 13, 2013/05/23, 17:26:54.000, 2840807795606, QTAgent32.exe, Playback - [WARNING] Internal warning: Smart Match failed
\0
W, 3504, 13, 2013/05/23, 17:26:54.350, 2840812804085, QTAgent32.exe, Playback - [WARNING] Internal warning: Smart Match failed
\0
W, 3504, 13, 2013/05/23, 17:26:54.710, 2840817964191, QTAgent32.exe, Playback - [WARNING] Internal warning: Smart Match failed
\0
W, 3504, 13, 2013/05/23, 17:26:55.058, 2840822939686, QTAgent32.exe, Playback - [WARNING] Internal warning: Smart Match failed
\0
W, 3504, 13, 2013/05/23, 17:26:55.387, 2840827653364, QTAgent32.exe, Playback - [WARNING] Internal warning: Smart Match failed
\0
W, 3504, 13, 2013/05/23, 17:26:55.601, 2840830716813, QTAgent32.exe, Playback - [WARNING] Internal warning: Window Not Found: [VisibleOnly]ControlType='Window' &amp;&amp; Name='Policies Auto-Renewed &amp; Auto-Lapsed' &amp;&amp; ClassName='ThunderRT6FormDC'
\0
E, 3504, 13, 2013/05/23, 17:26:55.602, 2840830720043, QTAgent32.exe, &lt;a class=failure&gt;Playback - {178} [FAILED] Function ElementFetcher::FindScreenElement failed to locate UI element (Searching: ;[VisibleOnly]ControlType='Window' &amp;&amp; Name='Policies Auto-Renewed &amp; Auto-Lapsed' &amp;&amp; ClassName='ThunderRT6FormDC') (The object specified was not found.)
\0&lt;/a&gt;
E, 3504, 13, 2013/05/23, 17:26:55.681, 2840831858072, QTAgent32.exe, Playback - [IMAGE] C:\Users\testuser\AppData\Local\Temp\UITestLogs\LastRun\RPF74E9.png
\0
W, 3504, 13, 2013/05/23, 17:26:55.681, 2840831860298, QTAgent32.exe, Playback - [WARNING] Internal warning: Couldn't find descendants that match QueryId
\0
W, 3504, 13, 2013/05/23, 17:26:55.681, 2840831863622, QTAgent32.exe, PERF WARNING: FindTopLevelWindowHelper::FindAllDescendents: took 3269 ms. Expected it to take maximum 500 ms.
E, 3504, 13, 2013/05/23, 17:26:55.682, 2840831865762, QTAgent32.exe, Exception: System.Runtime.InteropServices.COMException
	Message: Error HRESULT E_FAIL has been returned from a call to a COM component.
	Stack Trace:    at Microsoft.VisualStudio.TestTools.UITest.Playback.Engine.IRPFPlayback.FindAllScreenElements(IScreenElement pScreenElementStart, String bstrQueryId, Object&amp; pvarResKeys, Int32 cResKeys, Int32 nMaxDepth, Object[]&amp; foundDescendants)
   at Microsoft.VisualStudio.TestTools.UITest.Playback.ScreenElement.FindTopLevelWindowHelper(String queryId)
	BaseExceptionMessage: Error HRESULT E_FAIL has been returned from a call to a COM component.

E, 3504, 13, 2013/05/23, 17:26:55.783, 2840833315071, QTAgent32.exe, AL: Playback Error: Microsoft.VisualStudio.TestTools.UITest.Extension.UITestControlNotFoundException: The playback failed to find the control with the given search properties. Additional Details: 
TechnologyName:  'MSAA'
ControlType:  'Window'
Name:  'Policies Auto-Renewed &amp; Auto-Lapsed'
ClassName:  'ThunderRT6FormDC'
 ---&gt; System.Runtime.InteropServices.COMException: Error HRESULT E_FAIL has been returned from a call to a COM component.
   at Microsoft.VisualStudio.TestTools.UITest.Playback.Engine.IRPFPlayback.FindAllScreenElements(IScreenElement pScreenElementStart, String bstrQueryId, Object&amp; pvarResKeys, Int32 cResKeys, Int32 nMaxDepth, Object[]&amp; foundDescendants)
   at Microsoft.VisualStudio.TestTools.UITest.Playback.ScreenElement.FindTopLevelWindowHelper(String queryId)
   at Microsoft.VisualStudio.TestTools.UITest.Playback.ScreenElement.FindFromPartialQueryId(String queryId)
   at Microsoft.VisualStudio.TestTools.UITesting.UITestControl..ctor(String queryId)
   --- End of inner exception stack trace ---
   at Microsoft.VisualStudio.TestTools.UITesting.Playback.MapControlNotFoundException(COMException ex, IPlaybackContext context)
   at Microsoft.VisualStudio.TestTools.UITesting.Playback.MapAndThrowComException(COMException innerException, IPlaybackContext context)
   at Microsoft.VisualStudio.TestTools.UITesting.Playback.MapAndThrowException(SystemException exception, IPlaybackContext context)
   at Microsoft.VisualStudio.TestTools.UITesting.Playback.MapAndThrowException(SystemException exception, String queryId)
   at Microsoft.VisualStudio.TestTools.UITesting.UITestControl..ctor(String queryId)
   at Microsoft.VisualStudio.TestTools.UITesting.SearchHelper.SearchTopLevelWindow(ISearchArgument topLevelSearchArg, String topLevelElementQueryId)
   at Microsoft.VisualStudio.TestTools.UITesting.SearchHelper.GetTitleUpdatedTopLevelWindow(ISearchArgument topLevelSearchArg, String queryId, IList`1 windowTitles)
   at Microsoft.VisualStudio.TestTools.UITesting.SearchHelper.GetTopLevelElement(Boolean useCache, Boolean useCacheOnly, ISearchArgument searchArg, IList`1 windowTitles, Int32&amp; timeLeft)
   at Microsoft.VisualStudio.TestTools.UITesting.SearchHelper.GetElement(Boolean useCache, ISearchArgument searchArg)
   at Microsoft.VisualStudio.TestTools.UITesting.SearchHelper.Search(ISearchArgument searchArg)
   at Microsoft.VisualStudio.TestTools.UITesting.UITestControl.FindInternal()
   at Microsoft.VisualStudio.TestTools.UITesting.UITestControl.FindControlIfNecessary()
   at Microsoft.VisualStudio.TestTools.UITesting.UITestControl.Click(MouseButtons button, ModifierKeys modifierKeys, Point relativeCoordinates)
   at Microsoft.VisualStudio.TestTools.UITesting.Mouse.ClickImplementation(UITestControl control, MouseButtons button, ModifierKeys modifierKeys, Point relativeCoordinate)
   at Microsoft.VisualStudio.TestTools.UITesting.Mouse.ClickImplementationWrapper(UITestControl control, MouseButtons button, ModifierKeys modifierKeys, Point relativeCoordinate)
W, 3504, 13, 2013/05/23, 17:26:55.783, 2840833319415, QTAgent32.exe, PlaybackErrorHandler: Ignoring exception as ContinueOnError is set.
W, 3504, 13, 2013/05/23, 17:26:56.001, 2840836435496, QTAgent32.exe, &lt;a class=success&gt;Playback - {179} [SUCCESS] MouseButtonClick - "[MSAA, VisibleOnly]ControlType='Button' &amp;&amp; Name='EDI Match...'"
\0&lt;/a&gt;
W, 3504, 13, 2013/05/23, 17:26:56.251, 2840840021231, QTAgent32.exe, &lt;a class=success&gt;Playback - {180} [SUCCESS] MouseButtonClick - "[MSAA, VisibleOnly]ControlType='Button' &amp;&amp; Name='Ok'"
\0&lt;/a&gt;
W, 3504, 13, 2013/05/23, 17:26:57.837, 2840862735868, QTAgent32.exe, PERF WARNING: FindTopLevelWindowHelper::FindAllDescendents: took 1485 ms. Expected it to take maximum 500 ms.
W, 3504, 13, 2013/05/23, 17:26:57.981, 2840864791152, QTAgent32.exe, &lt;a class=success&gt;Playback - {181} [SUCCESS] MouseButtonClick - "[MSAA, VisibleOnly]ControlType='Button' &amp;&amp; Name='OK'"
\0&lt;/a&gt;
W, 3504, 13, 2013/05/23, 17:26:58.223, 2840868253463, QTAgent32.exe, &lt;a class=success&gt;Playback - {182} [SUCCESS] MouseButtonClick - "[MSAA, VisibleOnly]ControlType='Button' &amp;&amp; Name='Log and Clear'"
\0&lt;/a&gt;
W, 3504, 13, 2013/05/23, 17:26:58.479, 2840871924168, QTAgent32.exe, &lt;a class=success&gt;Playback - {183} [SUCCESS] MouseButtonClick - "[MSAA, VisibleOnly]ControlType='Button' &amp;&amp; Name='OK'"
\0&lt;/a&gt;
W, 3504, 13, 2013/05/23, 17:26:58.745, 2840875737188, QTAgent32.exe, &lt;a class=success&gt;Playback - {184} [SUCCESS] MouseButtonClick - "[MSAA, VisibleOnly]ControlType='Button' &amp;&amp; Name='Filter...'"
\0&lt;/a&gt;
W, 3504, 13, 2013/05/23, 17:26:59.340, 2840884251117, QTAgent32.exe, &lt;a class=success&gt;Playback - {185} [SUCCESS] SendKeys "^{HOME}" - "[MSAA, VisibleOnly]ControlType='Edit'"
\0&lt;/a&gt;
E, 3504, 13, 2013/05/23, 17:26:59.340, 2840884254279, QTAgent32.exe, Msaa.GetFocusedElement: could not find accessible object of foreground window
W, 3504, 13, 2013/05/23, 17:26:59.410, 2840885246157, QTAgent32.exe, &lt;a class=success&gt;Playback - {186} [SUCCESS] SendKeys "^+{END}" - "[MSAA, VisibleOnly]ControlType='Edit'"
\0&lt;/a&gt;
E, 3504, 13, 2013/05/23, 17:26:59.410, 2840885249592, QTAgent32.exe, Msaa.GetFocusedElement: could not find accessible object of foreground window
W, 3504, 13, 2013/05/23, 17:26:59.425, 2840885469510, QTAgent32.exe, &lt;a class=success&gt;Playback - {187} [SUCCESS] SendKeys "{DELETE}" - "[MSAA, VisibleOnly]ControlType='Edit'"
\0&lt;/a&gt;
W, 3504, 13, 2013/05/23, 17:27:00.082, 2840894876555, QTAgent32.exe, &lt;a class=success&gt;Playback - {188} [SUCCESS] SetValueAsEditBox "30/05/13" - "[MSAA, VisibleOnly]ControlType='Edit'"  &lt; Set via SendKeys &gt;
\0&lt;/a&gt;
W, 3504, 13, 2013/05/23, 17:27:00.738, 2840904271682, QTAgent32.exe, &lt;a class=success&gt;Playback - {189} [SUCCESS] SendKeys "^{HOME}" - "[MSAA, VisibleOnly]ControlType='Edit'"
\0&lt;/a&gt;
E, 3504, 13, 2013/05/23, 17:27:00.739, 2840904281357, QTAgent32.exe, Msaa.GetFocusedElement: could not find accessible object of foreground window
W, 3504, 13, 2013/05/23, 17:27:00.798, 2840905123153, QTAgent32.exe, &lt;a class=success&gt;Playback - {190} [SUCCESS] SendKeys "^+{END}" - "[MSAA, VisibleOnly]ControlType='Edit'"
\0&lt;/a&gt;
E, 3504, 13, 2013/05/23, 17:27:00.798, 2840905126192, QTAgent32.exe, Msaa.GetFocusedElement: could not find accessible object of foreground window
W, 3504, 13, 2013/05/23, 17:27:00.812, 2840905331989, QTAgent32.exe, &lt;a class=success&gt;Playback - {191} [SUCCESS] SendKeys "{DELETE}" - "[MSAA, VisibleOnly]ControlType='Edit'"
\0&lt;/a&gt;
W, 3504, 13, 2013/05/23, 17:27:01.428, 2840914151840, QTAgent32.exe, &lt;a class=success&gt;Playback - {192} [SUCCESS] SetValueAsEditBox "30/05/13" - "[MSAA, VisibleOnly]ControlType='Edit'"  &lt; Set via SendKeys &gt;
\0&lt;/a&gt;
W, 3504, 13, 2013/05/23, 17:27:02.576, 2840930580177, QTAgent32.exe, Playback - [WARNING] Internal warning: Incorrect flag set for InvokeProgrammaticAction\0
W, 3504, 13, 2013/05/23, 17:27:02.698, 2840932327290, QTAgent32.exe, &lt;a class=success&gt;Playback - {193} [SUCCESS] SetValueAsComboBox "Motor" - "[MSAA, VisibleOnly]ControlType='ComboBox'"  &lt; SetValueAsComboBox, set by clicking on the item in the list box &gt;
\0&lt;/a&gt;
W, 3504, 13, 2013/05/23, 17:27:02.981, 2840936384112, QTAgent32.exe, &lt;a class=success&gt;Playback - {194} [SUCCESS] MouseButtonClick - "[MSAA, VisibleOnly]ControlType='Button' &amp;&amp; Name='Ok'"
\0&lt;/a&gt;
W, 3504, 13, 2013/05/23, 17:27:04.676, 2840960658067, QTAgent32.exe, &lt;a class=success&gt;Playback - {195} [SUCCESS] MouseButtonClick - "[MSAA, VisibleOnly]ControlType='Client'"
\0&lt;/a&gt;
W, 3504, 13, 2013/05/23, 17:27:05.234, 2840968639251, QTAgent32.exe, &lt;a class=success&gt;Playback - {196} [SUCCESS] SendKeys "{End}" - "[MSAA, VisibleOnly]ControlType='Client'"
\0&lt;/a&gt;
W, 3504, 13, 2013/05/23, 17:27:05.475, 2840972092878, QTAgent32.exe, &lt;a class=success&gt;Playback - {197} [SUCCESS] MouseButtonClick - "[MSAA, VisibleOnly]ControlType='Button' &amp;&amp; Name='Display Record...'"
\0&lt;/a&gt;
W, 3504, 13, 2013/05/23, 17:27:05.982, 2840979355481, QTAgent32.exe, Playback - [WARNING] Internal warning: Window Not Found: [VisibleOnly]ControlType='Window' &amp;&amp; Name='AUTO208-1001' &amp;&amp; ClassName='ThunderRT6FormDC'
\0
E, 3504, 13, 2013/05/23, 17:27:05.983, 2840979367751, QTAgent32.exe, &lt;a class=failure&gt;Playback - {198} [FAILED] Function ElementFetcher::FindScreenElement failed to locate UI element (Searching: ;[VisibleOnly]ControlType='Window' &amp;&amp; Name='AUTO208-1001' &amp;&amp; ClassName='ThunderRT6FormDC') (The object specified was not found.)
\0&lt;/a&gt;
E, 3504, 13, 2013/05/23, 17:27:06.079, 2840980735893, QTAgent32.exe, Playback - [IMAGE] C:\Users\testuser\AppData\Local\Temp\UITestLogs\LastRun\RPF9D70.png
\0
W, 3504, 13, 2013/05/23, 17:27:06.079, 2840980738262, QTAgent32.exe, Playback - [WARNING] Internal warning: Couldn't find descendants that match QueryId
\0
W, 3504, 13, 2013/05/23, 17:27:24.094, 2841238682182, QTAgent32.exe, Playback - [WARNING] Internal warning: Window Not Found: [VisibleOnly]ControlType='Window' &amp;&amp; Name='AUTO208-1001' &amp;&amp; ClassName='ThunderRT6FormDC'
\0
E, 3504, 13, 2013/05/23, 17:27:24.097, 2841238718190, QTAgent32.exe, &lt;a class=failure&gt;Playback - {199} [FAILED] Function ElementFetcher::FindScreenElement failed to locate UI element (Searching: ;[VisibleOnly]ControlType='Window' &amp;&amp; Name='AUTO208-1001' &amp;&amp; ClassName='ThunderRT6FormDC') (The object specified was not found.)
\0&lt;/a&gt;
E, 3504, 13, 2013/05/23, 17:27:24.190, 2841240050917, QTAgent32.exe, Playback - [IMAGE] C:\Users\testuser\AppData\Local\Temp\UITestLogs\LastRun\RPFE440.png
\0
W, 3504, 13, 2013/05/23, 17:27:24.190, 2841240053806, QTAgent32.exe, Playback - [WARNING] Internal warning: Couldn't find descendants that match QueryId
\0
W, 3504, 13, 2013/05/23, 17:27:24.190, 2841240060666, QTAgent32.exe, PERF WARNING: FindTopLevelWindowHelper::FindAllDescendents: took 18110 ms. Expected it to take maximum 500 ms.
W, 3504, 13, 2013/05/23, 17:27:24.985, 2841251440050, QTAgent32.exe, Playback - [WARNING] Internal warning: Window with Class "ThunderRT6FormDC" and Title "AUTO208-1001" was not found, so similar window with Class "ThunderRT6FormDC" and Title "AUTO188-1001" was accepted
\0
W, 3504, 13, 2013/05/23, 17:27:24.985, 2841251445436, QTAgent32.exe, PERF WARNING: FindTopLevelWindowHelper::FindAllDescendents: took 794 ms. Expected it to take maximum 500 ms.
W, 3504, 13, 2013/05/23, 17:27:25.115, 2841253299370, QTAgent32.exe, &lt;a class=success&gt;Playback - {200} [SUCCESS] MouseButtonClick - "[MSAA, VisibleOnly]ControlType='Button' &amp;&amp; Name='Rebroke...'"
\0&lt;/a&gt;
W, 3504, 13, 2013/05/23, 17:27:25.510, 2841258953478, QTAgent32.exe, Playback - [WARNING] Internal warning: Window Not Found: [VisibleOnly]ControlType='Window' &amp;&amp; Name='Quote Select List' &amp;&amp; ClassName='ThunderRT6FormDC'
\0
E, 3504, 13, 2013/05/23, 17:27:25.510, 2841258956967, QTAgent32.exe, &lt;a class=failure&gt;Playback - {201} [FAILED] Function ElementFetcher::FindScreenElement failed to locate UI element (Searching: ;[VisibleOnly]ControlType='Window' &amp;&amp; Name='Quote Select List' &amp;&amp; ClassName='ThunderRT6FormDC') (The object specified was not found.)
\0&lt;/a&gt;
E, 3504, 13, 2013/05/23, 17:27:25.590, 2841260106484, QTAgent32.exe, Playback - [IMAGE] C:\Users\testuser\AppData\Local\Temp\UITestLogs\LastRun\RPFE9BD.png
\0
W, 3504, 13, 2013/05/23, 17:27:25.590, 2841260108702, QTAgent32.exe, Playback - [WARNING] Internal warning: Couldn't find descendants that match QueryId
\0
W, 3504, 13, 2013/05/23, 17:27:43.667, 2841518928706, QTAgent32.exe, Playback - [WARNING] Internal warning: Window Not Found: [VisibleOnly]ControlType='Window' &amp;&amp; Name='Quote Select List' &amp;&amp; ClassName='ThunderRT6FormDC'
\0
E, 3504, 13, 2013/05/23, 17:27:43.667, 2841518936281, QTAgent32.exe, &lt;a class=failure&gt;Playback - {202} [FAILED] Function ElementFetcher::FindScreenElement failed to locate UI element (Searching: ;[VisibleOnly]ControlType='Window' &amp;&amp; Name='Quote Select List' &amp;&amp; ClassName='ThunderRT6FormDC') (The object specified was not found.)
\0&lt;/a&gt;
E, 3504, 13, 2013/05/23, 17:27:43.750, 2841520122816, QTAgent32.exe, Playback - [IMAGE] C:\Users\testuser\AppData\Local\Temp\UITestLogs\LastRun\RPF30AD.png
\0
W, 3504, 13, 2013/05/23, 17:27:43.750, 2841520125837, QTAgent32.exe, Playback - [WARNING] Internal warning: Couldn't find descendants that match QueryId
\0
W, 3504, 13, 2013/05/23, 17:27:43.751, 2841520134632, QTAgent32.exe, PERF WARNING: FindTopLevelWindowHelper::FindAllDescendents: took 18160 ms. Expected it to take maximum 500 ms.
W, 3504, 13, 2013/05/23, 17:27:44.289, 2841527836136, QTAgent32.exe, Playback - [WARNING] Internal warning: Smart Match failed
\0
W, 3504, 13, 2013/05/23, 17:27:44.649, 2841532997606, QTAgent32.exe, Playback - [WARNING] Internal warning: Smart Match failed
\0
W, 3504, 13, 2013/05/23, 17:27:45.029, 2841538442463, QTAgent32.exe, Playback - [WARNING] Internal warning: Smart Match failed
\0
W, 3504, 13, 2013/05/23, 17:27:45.391, 2841543623313, QTAgent32.exe, Playback - [WARNING] Internal warning: Smart Match failed
\0
W, 3504, 13, 2013/05/23, 17:27:45.766, 2841548995387, QTAgent32.exe, Playback - [WARNING] Internal warning: Smart Match failed
\0
W, 3504, 13, 2013/05/23, 17:27:46.126, 2841554147696, QTAgent32.exe, Playback - [WARNING] Internal warning: Smart Match failed
\0
W, 3504, 13, 2013/05/23, 17:27:46.485, 2841559286138, QTAgent32.exe, Playback - [WARNING] Internal warning: Smart Match failed
\0
W, 3504, 13, 2013/05/23, 17:27:46.831, 2841564237958, QTAgent32.exe, Playback - [WARNING] Internal warning: Smart Match failed
\0
W, 3504, 13, 2013/05/23, 17:27:47.049, 2841567354015, QTAgent32.exe, Playback - [WARNING] Internal warning: Window Not Found: [VisibleOnly]ControlType='Window' &amp;&amp; Name='Quote Select List' &amp;&amp; ClassName='ThunderRT6FormDC'
\0
E, 3504, 13, 2013/05/23, 17:27:47.049, 2841567357252, QTAgent32.exe, &lt;a class=failure&gt;Playback - {203} [FAILED] Function ElementFetcher::FindScreenElement failed to locate UI element (Searching: ;[VisibleOnly]ControlType='Window' &amp;&amp; Name='Quote Select List' &amp;&amp; ClassName='ThunderRT6FormDC') (The object specified was not found.)
\0&lt;/a&gt;
E, 3504, 13, 2013/05/23, 17:27:47.129, 2841568505971, QTAgent32.exe, Playback - [IMAGE] C:\Users\testuser\AppData\Local\Temp\UITestLogs\LastRun\RPF3DE7.png
\0
W, 3504, 13, 2013/05/23, 17:27:47.130, 2841568508577, QTAgent32.exe, Playback - [WARNING] Internal warning: Couldn't find descendants that match QueryId
\0
W, 3504, 13, 2013/05/23, 17:27:47.130, 2841568512373, QTAgent32.exe, PERF WARNING: FindTopLevelWindowHelper::FindAllDescendents: took 3378 ms. Expected it to take maximum 500 ms.
E, 3504, 13, 2013/05/23, 17:27:47.130, 2841568514582, QTAgent32.exe, Exception: System.Runtime.InteropServices.COMException
	Message: Error HRESULT E_FAIL has been returned from a call to a COM component.
	Stack Trace:    at Microsoft.VisualStudio.TestTools.UITest.Playback.Engine.IRPFPlayback.FindAllScreenElements(IScreenElement pScreenElementStart, String bstrQueryId, Object&amp; pvarResKeys, Int32 cResKeys, Int32 nMaxDepth, Object[]&amp; foundDescendants)
   at Microsoft.VisualStudio.TestTools.UITest.Playback.ScreenElement.FindTopLevelWindowHelper(String queryId)
	BaseExceptionMessage: Error HRESULT E_FAIL has been returned from a call to a COM component.

E, 3504, 13, 2013/05/23, 17:27:47.232, 2841569969613, QTAgent32.exe, AL: Playback Error: Microsoft.VisualStudio.TestTools.UITest.Extension.UITestControlNotFoundException: The playback failed to find the control with the given search properties. Additional Details: 
TechnologyName:  'MSAA'
ControlType:  'Window'
Name:  'Quote Select List'
ClassName:  'ThunderRT6FormDC'
 ---&gt; System.Runtime.InteropServices.COMException: Error HRESULT E_FAIL has been returned from a call to a COM component.
   at Microsoft.VisualStudio.TestTools.UITest.Playback.Engine.IRPFPlayback.FindAllScreenElements(IScreenElement pScreenElementStart, String bstrQueryId, Object&amp; pvarResKeys, Int32 cResKeys, Int32 nMaxDepth, Object[]&amp; foundDescendants)
   at Microsoft.VisualStudio.TestTools.UITest.Playback.ScreenElement.FindTopLevelWindowHelper(String queryId)
   at Microsoft.VisualStudio.TestTools.UITest.Playback.ScreenElement.FindFromPartialQueryId(String queryId)
   at Microsoft.VisualStudio.TestTools.UITesting.UITestControl..ctor(String queryId)
   --- End of inner exception stack trace ---
   at Microsoft.VisualStudio.TestTools.UITesting.Playback.MapControlNotFoundException(COMException ex, IPlaybackContext context)
   at Microsoft.VisualStudio.TestTools.UITesting.Playback.MapAndThrowComException(COMException innerException, IPlaybackContext context)
   at Microsoft.VisualStudio.TestTools.UITesting.Playback.MapAndThrowException(SystemException exception, IPlaybackContext context)
   at Microsoft.VisualStudio.TestTools.UITesting.Playback.MapAndThrowException(SystemException exception, String queryId)
   at Microsoft.VisualStudio.TestTools.UITesting.UITestControl..ctor(String queryId)
   at Microsoft.VisualStudio.TestTools.UITesting.SearchHelper.SearchTopLevelWindow(ISearchArgument topLevelSearchArg, String topLevelElementQueryId)
   at Microsoft.VisualStudio.TestTools.UITesting.SearchHelper.GetTitleUpdatedTopLevelWindow(ISearchArgument topLevelSearchArg, String queryId, IList`1 windowTitles)
   at Microsoft.VisualStudio.TestTools.UITesting.SearchHelper.GetTopLevelElement(Boolean useCache, Boolean useCacheOnly, ISearchArgument searchArg, IList`1 windowTitles, Int32&amp; timeLeft)
   at Microsoft.VisualStudio.TestTools.UITesting.SearchHelper.GetElement(Boolean useCache, ISearchArgument searchArg)
   at Microsoft.VisualStudio.TestTools.UITesting.SearchHelper.Search(ISearchArgument searchArg)
   at Microsoft.VisualStudio.TestTools.UITesting.UITestControl.FindInternal()
   at Microsoft.VisualStudio.TestTools.UITesting.UITestControl.FindControlIfNecessary()
   at Microsoft.VisualStudio.TestTools.UITesting.UITestControl.Click(MouseButtons button, ModifierKeys modifierKeys, Point relativeCoordinates)
   at Microsoft.VisualStudio.TestTools.UITesting.Mouse.ClickImplementation(UITestControl control, MouseButtons button, ModifierKeys modifierKeys, Point relativeCoordinate)
   at Microsoft.VisualStudio.TestTools.UITesting.Mouse.ClickImplementationWrapper(UITestControl control, MouseButtons button, ModifierKeys modifierKeys, Point relativeCoordinate)
W, 3504, 13, 2013/05/23, 17:27:47.232, 2841569973976, QTAgent32.exe, PlaybackErrorHandler: Ignoring exception as ContinueOnError is set.
W, 3504, 13, 2013/05/23, 17:27:47.390, 2841572233589, QTAgent32.exe, &lt;a class=success&gt;Playback - {204} [SUCCESS] MouseButtonClick - "[MSAA, VisibleOnly]ControlType='Button' &amp;&amp; Name='No'"
\0&lt;/a&gt;
W, 3504, 13, 2013/05/23, 17:27:47.631, 2841575691786, QTAgent32.exe, &lt;a class=success&gt;Playback - {205} [SUCCESS] MouseButtonClick - "[MSAA, VisibleOnly]ControlType='Button' &amp;&amp; Name='Ok'"
\0&lt;/a&gt;
W, 3504, 13, 2013/05/23, 17:27:49.925, 2841608537817, QTAgent32.exe, PERF WARNING: FindTopLevelWindowHelper::FindAllDescendents: took 2172 ms. Expected it to take maximum 500 ms.
W, 3504, 13, 2013/05/23, 17:27:50.075, 2841610689882, QTAgent32.exe, &lt;a class=success&gt;Playback - {206} [SUCCESS] MouseButtonClick - "[MSAA, VisibleOnly]ControlType='Button' &amp;&amp; Name='OK'"
\0&lt;/a&gt;
W, 3504, 13, 2013/05/23, 17:27:50.370, 2841614904212, QTAgent32.exe, &lt;a class=success&gt;Playback - {207} [SUCCESS] MouseButtonClick - "[MSAA, VisibleOnly]ControlType='Button' &amp;&amp; Name='Yes'"
\0&lt;/a&gt;
W, 3504, 13, 2013/05/23, 17:27:50.613, 2841618388798, QTAgent32.exe, &lt;a class=success&gt;Playback - {208} [SUCCESS] MouseButtonClick - "[MSAA, VisibleOnly]ControlType='Button' &amp;&amp; Name='Invite'"
\0&lt;/a&gt;
W, 3504, 13, 2013/05/23, 17:27:51.096, 2841625307213, QTAgent32.exe, Playback - [WARNING] Internal warning: Window Not Found: [VisibleOnly]ControlType='Window' &amp;&amp; Name='Confirm' &amp;&amp; ClassName='#32770'
\0
E, 3504, 13, 2013/05/23, 17:27:51.097, 2841625310355, QTAgent32.exe, &lt;a class=failure&gt;Playback - {209} [FAILED] Function ElementFetcher::FindScreenElement failed to locate UI element (Searching: ;[VisibleOnly]ControlType='Window' &amp;&amp; Name='Confirm' &amp;&amp; ClassName='#32770') (The object specified was not found.)
\0&lt;/a&gt;
E, 3504, 13, 2013/05/23, 17:27:51.184, 2841626560594, QTAgent32.exe, Playback - [IMAGE] C:\Users\testuser\AppData\Local\Temp\UITestLogs\LastRun\RPF4DB1.png
\0
W, 3504, 13, 2013/05/23, 17:27:51.184, 2841626562835, QTAgent32.exe, Playback - [WARNING] Internal warning: Couldn't find descendants that match QueryId
\0
W, 3504, 13, 2013/05/23, 17:28:09.298, 2841885931666, QTAgent32.exe, Playback - [WARNING] Internal warning: Window Not Found: [VisibleOnly]ControlType='Window' &amp;&amp; Name='Confirm' &amp;&amp; ClassName='#32770'
\0
E, 3504, 13, 2013/05/23, 17:28:09.299, 2841885936277, QTAgent32.exe, &lt;a class=failure&gt;Playback - {210} [FAILED] Function ElementFetcher::FindScreenElement failed to locate UI element (Searching: ;[VisibleOnly]ControlType='Window' &amp;&amp; Name='Confirm' &amp;&amp; ClassName='#32770') (The object specified was not found.)
\0&lt;/a&gt;
E, 3504, 13, 2013/05/23, 17:28:09.386, 2841887179741, QTAgent32.exe, Playback - [IMAGE] C:\Users\testuser\AppData\Local\Temp\UITestLogs\LastRun\RPF94CF.png
\0
W, 3504, 13, 2013/05/23, 17:28:09.386, 2841887182246, QTAgent32.exe, Playback - [WARNING] Internal warning: Couldn't find descendants that match QueryId
\0
W, 3504, 13, 2013/05/23, 17:28:09.386, 2841887188192, QTAgent32.exe, PERF WARNING: FindTopLevelWindowHelper::FindAllDescendents: took 18201 ms. Expected it to take maximum 500 ms.
W, 3504, 13, 2013/05/23, 17:28:09.925, 2841894898236, QTAgent32.exe, Playback - [WARNING] Internal warning: Smart Match failed
\0
W, 3504, 13, 2013/05/23, 17:28:10.277, 2841899936897, QTAgent32.exe, Playback - [WARNING] Internal warning: Smart Match failed
\0
W, 3504, 13, 2013/05/23, 17:28:10.626, 2841904940740, QTAgent32.exe, Playback - [WARNING] Internal warning: Smart Match failed
\0
W, 3504, 13, 2013/05/23, 17:28:10.981, 2841910020880, QTAgent32.exe, Playback - [WARNING] Internal warning: Smart Match failed
\0
W, 3504, 13, 2013/05/23, 17:28:11.326, 2841914952448, QTAgent32.exe, Playback - [WARNING] Internal warning: Smart Match failed
\0
W, 3504, 13, 2013/05/23, 17:28:11.675, 2841919957443, QTAgent32.exe, Playback - [WARNING] Internal warning: Smart Match failed
\0
W, 3504, 13, 2013/05/23, 17:28:12.041, 2841925197441, QTAgent32.exe, Playback - [WARNING] Internal warning: Smart Match failed
\0
W, 3504, 13, 2013/05/23, 17:28:12.408, 2841930445342, QTAgent32.exe, Playback - [WARNING] Internal warning: Smart Match failed
\0
W, 3504, 13, 2013/05/23, 17:28:12.655, 2841933995300, QTAgent32.exe, Playback - [WARNING] Internal warning: Window Not Found: [VisibleOnly]ControlType='Window' &amp;&amp; Name='Confirm' &amp;&amp; ClassName='#32770'
\0
E, 3504, 13, 2013/05/23, 17:28:12.656, 2841933998385, QTAgent32.exe, &lt;a class=failure&gt;Playback - {211} [FAILED] Function ElementFetcher::FindScreenElement failed to locate UI element (Searching: ;[VisibleOnly]ControlType='Window' &amp;&amp; Name='Confirm' &amp;&amp; ClassName='#32770') (The object specified was not found.)
\0&lt;/a&gt;
E, 3504, 13, 2013/05/23, 17:28:12.740, 2841935204843, QTAgent32.exe, Playback - [IMAGE] C:\Users\testuser\AppData\Local\Temp\UITestLogs\LastRun\RPFA1EA.png
\0
W, 3504, 13, 2013/05/23, 17:28:12.740, 2841935207500, QTAgent32.exe, Playback - [WARNING] Internal warning: Couldn't find descendants that match QueryId
\0
W, 3504, 13, 2013/05/23, 17:28:12.740, 2841935210751, QTAgent32.exe, PERF WARNING: FindTopLevelWindowHelper::FindAllDescendents: took 3353 ms. Expected it to take maximum 500 ms.
E, 3504, 13, 2013/05/23, 17:28:12.740, 2841935212902, QTAgent32.exe, Exception: System.Runtime.InteropServices.COMException
	Message: Error HRESULT E_FAIL has been returned from a call to a COM component.
	Stack Trace:    at Microsoft.VisualStudio.TestTools.UITest.Playback.Engine.IRPFPlayback.FindAllScreenElements(IScreenElement pScreenElementStart, String bstrQueryId, Object&amp; pvarResKeys, Int32 cResKeys, Int32 nMaxDepth, Object[]&amp; foundDescendants)
   at Microsoft.VisualStudio.TestTools.UITest.Playback.ScreenElement.FindTopLevelWindowHelper(String queryId)
	BaseExceptionMessage: Error HRESULT E_FAIL has been returned from a call to a COM component.

E, 3504, 13, 2013/05/23, 17:28:12.842, 2841936666751, QTAgent32.exe, AL: Playback Error: Microsoft.VisualStudio.TestTools.UITest.Extension.UITestControlNotFoundException: The playback failed to find the control with the given search properties. Additional Details: 
TechnologyName:  'MSAA'
ControlType:  'Window'
Name:  'Confirm'
ClassName:  '#32770'
 ---&gt; System.Runtime.InteropServices.COMException: Error HRESULT E_FAIL has been returned from a call to a COM component.
   at Microsoft.VisualStudio.TestTools.UITest.Playback.Engine.IRPFPlayback.FindAllScreenElements(IScreenElement pScreenElementStart, String bstrQueryId, Object&amp; pvarResKeys, Int32 cResKeys, Int32 nMaxDepth, Object[]&amp; foundDescendants)
   at Microsoft.VisualStudio.TestTools.UITest.Playback.ScreenElement.FindTopLevelWindowHelper(String queryId)
   at Microsoft.VisualStudio.TestTools.UITest.Playback.ScreenElement.FindFromPartialQueryId(String queryId)
   at Microsoft.VisualStudio.TestTools.UITesting.UITestControl..ctor(String queryId)
   --- End of inner exception stack trace ---
   at Microsoft.VisualStudio.TestTools.UITesting.Playback.MapControlNotFoundException(COMException ex, IPlaybackContext context)
   at Microsoft.VisualStudio.TestTools.UITesting.Playback.MapAndThrowComException(COMException innerException, IPlaybackContext context)
   at Microsoft.VisualStudio.TestTools.UITesting.Playback.MapAndThrowException(SystemException exception, IPlaybackContext context)
   at Microsoft.VisualStudio.TestTools.UITesting.Playback.MapAndThrowException(SystemException exception, String queryId)
   at Microsoft.VisualStudio.TestTools.UITesting.UITestControl..ctor(String queryId)
   at Microsoft.VisualStudio.TestTools.UITesting.SearchHelper.SearchTopLevelWindow(ISearchArgument topLevelSearchArg, String topLevelElementQueryId)
   at Microsoft.VisualStudio.TestTools.UITesting.SearchHelper.GetTitleUpdatedTopLevelWindow(ISearchArgument topLevelSearchArg, String queryId, IList`1 windowTitles)
   at Microsoft.VisualStudio.TestTools.UITesting.SearchHelper.GetTopLevelElement(Boolean useCache, Boolean useCacheOnly, ISearchArgument searchArg, IList`1 windowTitles, Int32&amp; timeLeft)
   at Microsoft.VisualStudio.TestTools.UITesting.SearchHelper.GetElement(Boolean useCache, ISearchArgument searchArg)
   at Microsoft.VisualStudio.TestTools.UITesting.SearchHelper.Search(ISearchArgument searchArg)
   at Microsoft.VisualStudio.TestTools.UITesting.UITestControl.FindInternal()
   at Microsoft.VisualStudio.TestTools.UITesting.UITestControl.FindControlIfNecessary()
   at Microsoft.VisualStudio.TestTools.UITesting.UITestControl.Click(MouseButtons button, ModifierKeys modifierKeys, Point relativeCoordinates)
   at Microsoft.VisualStudio.TestTools.UITesting.Mouse.ClickImplementation(UITestControl control, MouseButtons button, ModifierKeys modifierKeys, Point relativeCoordinate)
   at Microsoft.VisualStudio.TestTools.UITesting.Mouse.ClickImplementationWrapper(UITestControl control, MouseButtons button, ModifierKeys modifierKeys, Point relativeCoordinate)
W, 3504, 13, 2013/05/23, 17:28:12.842, 2841936670784, QTAgent32.exe, PlaybackErrorHandler: Ignoring exception as ContinueOnError is set.
W, 3504, 13, 2013/05/23, 17:28:12.984, 2841938708426, QTAgent32.exe, &lt;a class=success&gt;Playback - {212} [SUCCESS] MouseButtonClick - "[MSAA, VisibleOnly]ControlType='Button' &amp;&amp; Name='Ok'"
\0&lt;/a&gt;
W, 3504, 13, 2013/05/23, 17:28:19.378, 2842030252837, QTAgent32.exe, Playback - [WARNING] Internal warning: Window Not Found: [VisibleOnly]ControlType='Window' &amp;&amp; Name='Personal Lines' &amp;&amp; ClassName='#32770'
\0
E, 3504, 13, 2013/05/23, 17:28:19.379, 2842030256394, QTAgent32.exe, &lt;a class=failure&gt;Playback - {213} [FAILED] Function ElementFetcher::FindScreenElement failed to locate UI element (Searching: ;[VisibleOnly]ControlType='Window' &amp;&amp; Name='Personal Lines' &amp;&amp; ClassName='#32770') (The object specified was not found.)
\0&lt;/a&gt;
E, 3504, 13, 2013/05/23, 17:28:19.538, 2842032541334, QTAgent32.exe, Playback - [IMAGE] C:\Users\testuser\AppData\Local\Temp\UITestLogs\LastRun\RPFBC2F.png
\0
W, 3504, 13, 2013/05/23, 17:28:19.538, 2842032543936, QTAgent32.exe, Playback - [WARNING] Internal warning: Couldn't find descendants that match QueryId
\0
W, 3504, 13, 2013/05/23, 17:28:19.539, 2842032547309, QTAgent32.exe, PERF WARNING: FindTopLevelWindowHelper::FindAllDescendents: took 6453 ms. Expected it to take maximum 500 ms.
W, 3504, 13, 2013/05/23, 17:28:37.530, 2842290162792, QTAgent32.exe, Playback - [WARNING] Internal warning: Window Not Found: [VisibleOnly]ControlType='Window' &amp;&amp; Name='Personal Lines' &amp;&amp; ClassName='#32770'
\0
E, 3504, 13, 2013/05/23, 17:28:37.531, 2842290166689, QTAgent32.exe, &lt;a class=failure&gt;Playback - {214} [FAILED] Function ElementFetcher::FindScreenElement failed to locate UI element (Searching: ;[VisibleOnly]ControlType='Window' &amp;&amp; Name='Personal Lines' &amp;&amp; ClassName='#32770') (The object specified was not found.)
\0&lt;/a&gt;
E, 3504, 13, 2013/05/23, 17:28:37.615, 2842291373130, QTAgent32.exe, Playback - [IMAGE] C:\Users\testuser\AppData\Local\Temp\UITestLogs\LastRun\RPF31E.png
\0
W, 3504, 13, 2013/05/23, 17:28:37.615, 2842291375866, QTAgent32.exe, Playback - [WARNING] Internal warning: Couldn't find descendants that match QueryId
\0
W, 3504, 13, 2013/05/23, 17:28:37.615, 2842291379170, QTAgent32.exe, PERF WARNING: FindTopLevelWindowHelper::FindAllDescendents: took 18076 ms. Expected it to take maximum 500 ms.
W, 3504, 13, 2013/05/23, 17:28:38.147, 2842298983434, QTAgent32.exe, Playback - [WARNING] Internal warning: Smart Match failed
\0
W, 3504, 13, 2013/05/23, 17:28:38.497, 2842303996210, QTAgent32.exe, Playback - [WARNING] Internal warning: Smart Match failed
\0
W, 3504, 13, 2013/05/23, 17:28:38.857, 2842309158287, QTAgent32.exe, Playback - [WARNING] Internal warning: Smart Match failed
\0
W, 3504, 13, 2013/05/23, 17:28:39.224, 2842314408972, QTAgent32.exe, Playback - [WARNING] Internal warning: Smart Match failed
\0
W, 3504, 13, 2013/05/23, 17:28:39.612, 2842319967606, QTAgent32.exe, Playback - [WARNING] Internal warning: Smart Match failed
\0
W, 3504, 13, 2013/05/23, 17:28:39.976, 2842325180953, QTAgent32.exe, Playback - [WARNING] Internal warning: Smart Match failed
\0
W, 3504, 13, 2013/05/23, 17:28:40.327, 2842330204387, QTAgent32.exe, Playback - [WARNING] Internal warning: Smart Match failed
\0
W, 3504, 13, 2013/05/23, 17:28:40.678, 2842335234599, QTAgent32.exe, Playback - [WARNING] Internal warning: Smart Match failed
\0
W, 3504, 13, 2013/05/23, 17:28:40.907, 2842338503110, QTAgent32.exe, Playback - [WARNING] Internal warning: Window Not Found: [VisibleOnly]ControlType='Window' &amp;&amp; Name='Personal Lines' &amp;&amp; ClassName='#32770'
\0
E, 3504, 13, 2013/05/23, 17:28:40.907, 2842338507007, QTAgent32.exe, &lt;a class=failure&gt;Playback - {215} [FAILED] Function ElementFetcher::FindScreenElement failed to locate UI element (Searching: ;[VisibleOnly]ControlType='Window' &amp;&amp; Name='Personal Lines' &amp;&amp; ClassName='#32770') (The object specified was not found.)
\0&lt;/a&gt;
E, 3504, 13, 2013/05/23, 17:28:40.987, 2842339658508, QTAgent32.exe, Playback - [IMAGE] C:\Users\testuser\AppData\Local\Temp\UITestLogs\LastRun\RPF1049.png
\0
W, 3504, 13, 2013/05/23, 17:28:40.988, 2842339661033, QTAgent32.exe, Playback - [WARNING] Internal warning: Couldn't find descendants that match QueryId
\0
W, 3504, 13, 2013/05/23, 17:28:40.988, 2842339663927, QTAgent32.exe, PERF WARNING: FindTopLevelWindowHelper::FindAllDescendents: took 3372 ms. Expected it to take maximum 500 ms.
E, 3504, 13, 2013/05/23, 17:28:40.988, 2842339665654, QTAgent32.exe, Exception: System.Runtime.InteropServices.COMException
	Message: Error HRESULT E_FAIL has been returned from a call to a COM component.
	Stack Trace:    at Microsoft.VisualStudio.TestTools.UITest.Playback.Engine.IRPFPlayback.FindAllScreenElements(IScreenElement pScreenElementStart, String bstrQueryId, Object&amp; pvarResKeys, Int32 cResKeys, Int32 nMaxDepth, Object[]&amp; foundDescendants)
   at Microsoft.VisualStudio.TestTools.UITest.Playback.ScreenElement.FindTopLevelWindowHelper(String queryId)
	BaseExceptionMessage: Error HRESULT E_FAIL has been returned from a call to a COM component.

E, 3504, 13, 2013/05/23, 17:28:40.988, 2842339670695, QTAgent32.exe, GetClassName for handle 5833766 failed
E, 3504, 13, 2013/05/23, 17:28:40.989, 2842339680168, QTAgent32.exe, Window 5833766 not responding. Last Win32 error 1400
E, 3504, 13, 2013/05/23, 17:28:40.989, 2842339681365, QTAgent32.exe, GetClassName for handle 5833766 failed
E, 3504, 13, 2013/05/23, 17:28:41.090, 2842341122195, QTAgent32.exe, AL: Playback Error: Microsoft.VisualStudio.TestTools.UITest.Extension.UITestControlNotAvailableException: The control is not available or not valid. Additional Details: 
TechnologyName:  'MSAA'
ControlType:  'Window'
 ---&gt; System.Runtime.InteropServices.COMException: Error HRESULT E_FAIL has been returned from a call to a COM component.
   at Microsoft.VisualStudio.TestTools.UITest.Playback.Engine.IRPFPlayback.FindAllScreenElements(IScreenElement pScreenElementStart, String bstrQueryId, Object&amp; pvarResKeys, Int32 cResKeys, Int32 nMaxDepth, Object[]&amp; foundDescendants)
   at Microsoft.VisualStudio.TestTools.UITest.Playback.ScreenElement.FindTopLevelWindowHelper(String queryId)
   at Microsoft.VisualStudio.TestTools.UITest.Playback.ScreenElement.FindFromPartialQueryId(String queryId)
   at Microsoft.VisualStudio.TestTools.UITesting.UITestControl.EnsureValid(Boolean waitForReady, Boolean refetch)
   --- End of inner exception stack trace ---
   at Microsoft.VisualStudio.TestTools.UITesting.UITestControl.EnsureValid(Boolean waitForReady, Boolean refetch)
   at Microsoft.VisualStudio.TestTools.UITesting.UITestControl.FindFirstDescendant(String queryId, Int32 maxDepth, Int32&amp; timeLeft)
   at Microsoft.VisualStudio.TestTools.UITesting.SearchHelper.GetElement(Boolean useCache, ISearchArgument searchArg)
   at Microsoft.VisualStudio.TestTools.UITesting.SearchHelper.Search(ISearchArgument searchArg)
   at Microsoft.VisualStudio.TestTools.UITesting.UITestControl.FindInternal()
   at Microsoft.VisualStudio.TestTools.UITesting.UITestControl.FindControlIfNecessary()
   at Microsoft.VisualStudio.TestTools.UITesting.UITestControl.Click(MouseButtons button, ModifierKeys modifierKeys, Point relativeCoordinates)
   at Microsoft.VisualStudio.TestTools.UITesting.Mouse.ClickImplementation(UITestControl control, MouseButtons button, ModifierKeys modifierKeys, Point relativeCoordinate)
   at Microsoft.VisualStudio.TestTools.UITesting.Mouse.ClickImplementationWrapper(UITestControl control, MouseButtons button, ModifierKeys modifierKeys, Point relativeCoordinate)
W, 3504, 13, 2013/05/23, 17:28:41.090, 2842341125311, QTAgent32.exe, PlaybackErrorHandler: Ignoring exception as ContinueOnError is set.
W, 3504, 13, 2013/05/23, 17:28:41.246, 2842343368337, QTAgent32.exe, &lt;a class=success&gt;Playback - {216} [SUCCESS] Check - "[MSAA, VisibleOnly]ControlType='CheckBox' &amp;&amp; Name='Defer Printing?'"
\0&lt;/a&gt;
W, 3504, 13, 2013/05/23, 17:28:41.918, 2842352975995, QTAgent32.exe, &lt;a class=success&gt;Playback - {217} [SUCCESS] MouseButtonClick - "[MSAA, VisibleOnly]ControlType='Button' &amp;&amp; Name='Ok'"
\0&lt;/a&gt;
W, 3504, 13, 2013/05/23, 17:28:42.021, 2842354455708, QTAgent32.exe, Playback - [WARNING] Internal warning: Thread state based WFR - Requested element has invalid HWND
\0
W, 3504, 13, 2013/05/23, 17:28:42.021, 2842354457677, QTAgent32.exe, Playback - [WARNING] Internal warning: process performance counters based WFR - Requested element has invalid HWND
\0
E, 3504, 13, 2013/05/23, 17:28:42.022, 2842354461484, QTAgent32.exe, EnsureValid called via EnsureValid call for same element
E, 3504, 13, 2013/05/23, 17:28:42.022, 2842354463647, QTAgent32.exe, EnsureValid called via EnsureValid call for same element
E, 3504, 13, 2013/05/23, 17:28:42.024, 2842354498614, QTAgent32.exe, EnsureValid called via EnsureValid call for same element
E, 3504, 13, 2013/05/23, 17:28:42.025, 2842354504401, QTAgent32.exe, Window 133058 not responding. Last Win32 error 0
E, 3504, 13, 2013/05/23, 17:28:42.025, 2842354505426, QTAgent32.exe, GetClassName for handle 133058 failed
W, 3504, 13, 2013/05/23, 17:28:42.484, 2842361086127, QTAgent32.exe, Playback - [WARNING] Internal warning: Window Not Found: [VisibleOnly]ControlType='Window' &amp;&amp; Name='Import to TAM' &amp;&amp; ClassName='TfImportToTam'
\0
E, 3504, 13, 2013/05/23, 17:28:42.484, 2842361090102, QTAgent32.exe, &lt;a class=failure&gt;Playback - {218} [FAILED] Function ElementFetcher::FindScreenElement failed to locate UI element (Searching: ;[VisibleOnly]ControlType='Window' &amp;&amp; Name='Import to TAM' &amp;&amp; ClassName='TfImportToTam') (The object specified was not found.)
\0&lt;/a&gt;
E, 3504, 13, 2013/05/23, 17:28:42.595, 2842362671400, QTAgent32.exe, Playback - [IMAGE] C:\Users\testuser\AppData\Local\Temp\UITestLogs\LastRun\RPF1671.png
\0
W, 3504, 13, 2013/05/23, 17:28:42.595, 2842362674295, QTAgent32.exe, Playback - [WARNING] Internal warning: Couldn't find descendants that match QueryId
\0
W, 3504, 13, 2013/05/23, 17:28:42.595, 2842362677522, QTAgent32.exe, PERF WARNING: FindTopLevelWindowHelper::FindAllDescendents: took 570 ms. Expected it to take maximum 500 ms.
W, 3504, 13, 2013/05/23, 17:28:46.741, 2842422032075, QTAgent32.exe, PERF WARNING: FindTopLevelWindowHelper::FindAllDescendents: took 4145 ms. Expected it to take maximum 500 ms.
W, 3504, 13, 2013/05/23, 17:28:46.889, 2842424152911, QTAgent32.exe, &lt;a class=success&gt;Playback - {219} [SUCCESS] Uncheck - "[MSAA, VisibleOnly]ControlType='CheckBox' &amp;&amp; Name='Add Activity'"
\0&lt;/a&gt;
W, 3504, 13, 2013/05/23, 17:28:48.100, 2842441504060, QTAgent32.exe, &lt;a class=success&gt;Playback - {220} [SUCCESS] MouseButtonClick - "[MSAA, VisibleOnly]ControlType='Button' &amp;&amp; Name='Ok'"
\0&lt;/a&gt;
W, 3504, 13, 2013/05/23, 17:28:50.355, 2842473778848, QTAgent32.exe, &lt;a class=success&gt;Playback - {221} [SUCCESS] MouseButtonClick - "[MSAA, VisibleOnly]ControlType='Button' &amp;&amp; Name='OK'"
\0&lt;/a&gt;
W, 3504, 13, 2013/05/23, 17:28:51.835, 2842494976311, QTAgent32.exe, &lt;a class=success&gt;Playback - {222} [SUCCESS] MouseButtonClick - "[MSAA, VisibleOnly]ControlType='Button' &amp;&amp; Name=&gt;'Renew Policy'"
\0&lt;/a&gt;
W, 3504, 13, 2013/05/23, 17:28:58.228, 2842586502800, QTAgent32.exe, PERF WARNING: FindTopLevelWindowHelper::FindAllDescendents: took 6290 ms. Expected it to take maximum 500 ms.
W, 3504, 13, 2013/05/23, 17:29:00.378, 2842617297463, QTAgent32.exe, &lt;a class=success&gt;Playback - {223} [SUCCESS] MouseButtonClick - "[MSAA, VisibleOnly]ControlType='Button' &amp;&amp; Name='Yes'"
\0&lt;/a&gt;
W, 3504, 13, 2013/05/23, 17:29:01.711, 2842636379094, QTAgent32.exe, Playback - [WARNING] Internal warning: Window Not Found: [VisibleOnly]ControlType='Window' &amp;&amp; Name='Confirm Documents' &amp;&amp; ClassName='ThunderRT6FormDC'
\0
E, 3504, 13, 2013/05/23, 17:29:01.711, 2842636382772, QTAgent32.exe, &lt;a class=failure&gt;Playback - {224} [FAILED] Function ElementFetcher::FindScreenElement failed to locate UI element (Searching: ;[VisibleOnly]ControlType='Window' &amp;&amp; Name='Confirm Documents' &amp;&amp; ClassName='ThunderRT6FormDC') (The object specified was not found.)
\0&lt;/a&gt;
E, 3504, 13, 2013/05/23, 17:29:01.844, 2842638285474, QTAgent32.exe, Playback - [IMAGE] C:\Users\testuser\AppData\Local\Temp\UITestLogs\LastRun\RPF6195.png
\0
W, 3504, 13, 2013/05/23, 17:29:01.844, 2842638287674, QTAgent32.exe, Playback - [WARNING] Internal warning: Couldn't find descendants that match QueryId
\0
W, 3504, 13, 2013/05/23, 17:29:01.845, 2842638292341, QTAgent32.exe, PERF WARNING: FindTopLevelWindowHelper::FindAllDescendents: took 1294 ms. Expected it to take maximum 500 ms.
W, 3504, 13, 2013/05/23, 17:29:09.116, 2842742413882, QTAgent32.exe, PERF WARNING: FindTopLevelWindowHelper::FindAllDescendents: took 7271 ms. Expected it to take maximum 500 ms.
W, 3504, 13, 2013/05/23, 17:29:09.249, 2842744304446, QTAgent32.exe, &lt;a class=success&gt;Playback - {225} [SUCCESS] MouseButtonClick - "[MSAA, VisibleOnly]ControlType='Button' &amp;&amp; Name='Ok'"
\0&lt;/a&gt;
W, 3504, 13, 2013/05/23, 17:29:13.744, 2842808662627, QTAgent32.exe, Playback - [WARNING] Internal warning: Window Not Found: [VisibleOnly]ControlType='Window' &amp;&amp; Name='Personal Lines' &amp;&amp; ClassName='#32770'
\0
E, 3504, 13, 2013/05/23, 17:29:13.744, 2842808666381, QTAgent32.exe, &lt;a class=failure&gt;Playback - {226} [FAILED] Function ElementFetcher::FindScreenElement failed to locate UI element (Searching: ;[VisibleOnly]ControlType='Window' &amp;&amp; Name='Personal Lines' &amp;&amp; ClassName='#32770') (The object specified was not found.)
\0&lt;/a&gt;
E, 3504, 13, 2013/05/23, 17:29:13.851, 2842810198751, QTAgent32.exe, Playback - [IMAGE] C:\Users\testuser\AppData\Local\Temp\UITestLogs\LastRun\RPF9092.png
\0
W, 3504, 13, 2013/05/23, 17:29:13.851, 2842810201255, QTAgent32.exe, Playback - [WARNING] Internal warning: Couldn't find descendants that match QueryId
\0
W, 3504, 13, 2013/05/23, 17:29:13.851, 2842810205098, QTAgent32.exe, PERF WARNING: FindTopLevelWindowHelper::FindAllDescendents: took 4502 ms. Expected it to take maximum 500 ms.
W, 3504, 13, 2013/05/23, 17:29:31.863, 2843068109224, QTAgent32.exe, Playback - [WARNING] Internal warning: Window Not Found: [VisibleOnly]ControlType='Window' &amp;&amp; Name='Personal Lines' &amp;&amp; ClassName='#32770'
\0
E, 3504, 13, 2013/05/23, 17:29:31.864, 2843068112940, QTAgent32.exe, &lt;a class=failure&gt;Playback - {227} [FAILED] Function ElementFetcher::FindScreenElement failed to locate UI element (Searching: ;[VisibleOnly]ControlType='Window' &amp;&amp; Name='Personal Lines' &amp;&amp; ClassName='#32770') (The object specified was not found.)
\0&lt;/a&gt;
E, 3504, 13, 2013/05/23, 17:29:31.945, 2843069276330, QTAgent32.exe, Playback - [IMAGE] C:\Users\testuser\AppData\Local\Temp\UITestLogs\LastRun\RPFD762.png
\0
W, 3504, 13, 2013/05/23, 17:29:31.945, 2843069279014, QTAgent32.exe, Playback - [WARNING] Internal warning: Couldn't find descendants that match QueryId
\0
W, 3504, 13, 2013/05/23, 17:29:31.945, 2843069282488, QTAgent32.exe, PERF WARNING: FindTopLevelWindowHelper::FindAllDescendents: took 18094 ms. Expected it to take maximum 500 ms.
W, 3504, 13, 2013/05/23, 17:29:32.484, 2843076994218, QTAgent32.exe, Playback - [WARNING] Internal warning: Smart Match failed
\0
W, 3504, 13, 2013/05/23, 17:29:32.844, 2843082152130, QTAgent32.exe, Playback - [WARNING] Internal warning: Smart Match failed
\0
W, 3504, 13, 2013/05/23, 17:29:33.224, 2843087580615, QTAgent32.exe, Playback - [WARNING] Internal warning: Smart Match failed
\0
W, 3504, 13, 2013/05/23, 17:29:33.612, 2843093142987, QTAgent32.exe, Playback - [WARNING] Internal warning: Smart Match failed
\0
W, 3504, 13, 2013/05/23, 17:29:33.975, 2843098336887, QTAgent32.exe, Playback - [WARNING] Internal warning: Smart Match failed
\0
W, 3504, 13, 2013/05/23, 17:29:34.341, 2843103581696, QTAgent32.exe, Playback - [WARNING] Internal warning: Smart Match failed
\0
W, 3504, 13, 2013/05/23, 17:29:34.692, 2843108607434, QTAgent32.exe, Playback - [WARNING] Internal warning: Smart Match failed
\0
W, 3504, 13, 2013/05/23, 17:29:35.030, 2843113452517, QTAgent32.exe, Playback - [WARNING] Internal warning: Smart Match failed
\0
W, 3504, 13, 2013/05/23, 17:29:35.249, 2843116587012, QTAgent32.exe, Playback - [WARNING] Internal warning: Window Not Found: [VisibleOnly]ControlType='Window' &amp;&amp; Name='Personal Lines' &amp;&amp; ClassName='#32770'
\0
E, 3504, 13, 2013/05/23, 17:29:35.249, 2843116589980, QTAgent32.exe, &lt;a class=failure&gt;Playback - {228} [FAILED] Function ElementFetcher::FindScreenElement failed to locate UI element (Searching: ;[VisibleOnly]ControlType='Window' &amp;&amp; Name='Personal Lines' &amp;&amp; ClassName='#32770') (The object specified was not found.)
\0&lt;/a&gt;
E, 3504, 13, 2013/05/23, 17:29:35.333, 2843117790738, QTAgent32.exe, Playback - [IMAGE] C:\Users\testuser\AppData\Local\Temp\UITestLogs\LastRun\RPFE49D.png
\0
W, 3504, 13, 2013/05/23, 17:29:35.333, 2843117792945, QTAgent32.exe, Playback - [WARNING] Internal warning: Couldn't find descendants that match QueryId
\0
W, 3504, 13, 2013/05/23, 17:29:35.334, 2843117796155, QTAgent32.exe, PERF WARNING: FindTopLevelWindowHelper::FindAllDescendents: took 3388 ms. Expected it to take maximum 500 ms.
E, 3504, 13, 2013/05/23, 17:29:35.334, 2843117799274, QTAgent32.exe, Exception: System.Runtime.InteropServices.COMException
	Message: Error HRESULT E_FAIL has been returned from a call to a COM component.
	Stack Trace:    at Microsoft.VisualStudio.TestTools.UITest.Playback.Engine.IRPFPlayback.FindAllScreenElements(IScreenElement pScreenElementStart, String bstrQueryId, Object&amp; pvarResKeys, Int32 cResKeys, Int32 nMaxDepth, Object[]&amp; foundDescendants)
   at Microsoft.VisualStudio.TestTools.UITest.Playback.ScreenElement.FindTopLevelWindowHelper(String queryId)
	BaseExceptionMessage: Error HRESULT E_FAIL has been returned from a call to a COM component.

E, 3504, 13, 2013/05/23, 17:29:35.334, 2843117805719, QTAgent32.exe, Window 5833766 not responding. Last Win32 error 0
E, 3504, 13, 2013/05/23, 17:29:35.334, 2843117807004, QTAgent32.exe, GetClassName for handle 5833766 failed
E, 3504, 13, 2013/05/23, 17:29:35.435, 2843119253456, QTAgent32.exe, AL: Playback Error: Microsoft.VisualStudio.TestTools.UITest.Extension.UITestControlNotAvailableException: The control is not available or not valid. Additional Details: 
TechnologyName:  'MSAA'
ControlType:  'Window'
 ---&gt; System.Runtime.InteropServices.COMException: Error HRESULT E_FAIL has been returned from a call to a COM component.
   at Microsoft.VisualStudio.TestTools.UITest.Playback.Engine.IRPFPlayback.FindAllScreenElements(IScreenElement pScreenElementStart, String bstrQueryId, Object&amp; pvarResKeys, Int32 cResKeys, Int32 nMaxDepth, Object[]&amp; foundDescendants)
   at Microsoft.VisualStudio.TestTools.UITest.Playback.ScreenElement.FindTopLevelWindowHelper(String queryId)
   at Microsoft.VisualStudio.TestTools.UITest.Playback.ScreenElement.FindFromPartialQueryId(String queryId)
   at Microsoft.VisualStudio.TestTools.UITesting.UITestControl.EnsureValid(Boolean waitForReady, Boolean refetch)
   --- End of inner exception stack trace ---
   at Microsoft.VisualStudio.TestTools.UITesting.UITestControl.EnsureValid(Boolean waitForReady, Boolean refetch)
   at Microsoft.VisualStudio.TestTools.UITesting.UITestControl.FindFirstDescendant(String queryId, Int32 maxDepth, Int32&amp; timeLeft)
   at Microsoft.VisualStudio.TestTools.UITesting.SearchHelper.GetElement(Boolean useCache, ISearchArgument searchArg)
   at Microsoft.VisualStudio.TestTools.UITesting.SearchHelper.Search(ISearchArgument searchArg)
   at Microsoft.VisualStudio.TestTools.UITesting.UITestControl.FindInternal()
   at Microsoft.VisualStudio.TestTools.UITesting.UITestControl.FindControlIfNecessary()
   at Microsoft.VisualStudio.TestTools.UITesting.UITestControl.Click(MouseButtons button, ModifierKeys modifierKeys, Point relativeCoordinates)
   at Microsoft.VisualStudio.TestTools.UITesting.Mouse.ClickImplementation(UITestControl control, MouseButtons button, ModifierKeys modifierKeys, Point relativeCoordinate)
   at Microsoft.VisualStudio.TestTools.UITesting.Mouse.ClickImplementationWrapper(UITestControl control, MouseButtons button, ModifierKeys modifierKeys, Point relativeCoordinate)
W, 3504, 13, 2013/05/23, 17:29:35.436, 2843119256079, QTAgent32.exe, PlaybackErrorHandler: Ignoring exception as ContinueOnError is set.
W, 3504, 13, 2013/05/23, 17:29:35.453, 2843119506104, QTAgent32.exe, Playback - [WARNING] Internal warning: Thread state based WFR - Requested element has invalid HWND
\0
W, 3504, 13, 2013/05/23, 17:29:35.456, 2843119550236, QTAgent32.exe, Playback - [WARNING] Internal warning: process performance counters based WFR - Requested element has invalid HWND
\0
E, 3504, 13, 2013/05/23, 17:29:35.456, 2843119554785, QTAgent32.exe, EnsureValid called via EnsureValid call for same element
E, 3504, 13, 2013/05/23, 17:29:35.457, 2843119557528, QTAgent32.exe, EnsureValid called via EnsureValid call for same element
E, 3504, 13, 2013/05/23, 17:29:35.457, 2843119559020, QTAgent32.exe, EnsureValid called via EnsureValid call for same element
E, 3504, 13, 2013/05/23, 17:29:35.457, 2843119564081, QTAgent32.exe, Window 1770980 not responding. Last Win32 error 0
E, 3504, 13, 2013/05/23, 17:29:35.457, 2843119565100, QTAgent32.exe, GetClassName for handle 1770980 failed
W, 3504, 13, 2013/05/23, 17:29:36.444, 2843133704470, QTAgent32.exe, &lt;a class=success&gt;Playback - {229} [SUCCESS] Check - "[MSAA, VisibleOnly]ControlType='CheckBox' &amp;&amp; Name='Defer Printing?'"
\0&lt;/a&gt;
W, 3504, 13, 2013/05/23, 17:29:36.779, 2843138481148, QTAgent32.exe, &lt;a class=success&gt;Playback - {230} [SUCCESS] MouseButtonClick - "[MSAA, VisibleOnly]ControlType='Button' &amp;&amp; Name='Ok'"
\0&lt;/a&gt;
W, 3504, 13, 2013/05/23, 17:29:39.286, 2843174382703, QTAgent32.exe, &lt;a class=success&gt;Playback - {231} [SUCCESS] MouseButtonClick - "[MSAA, VisibleOnly]ControlType='Button' &amp;&amp; Name='OK'"
\0&lt;/a&gt;
W, 3504, 13, 2013/05/23, 17:29:39.386, 2843175821232, QTAgent32.exe, Playback - [WARNING] Internal warning: Thread state based WFR - Requested element has invalid HWND
\0
W, 3504, 13, 2013/05/23, 17:29:39.386, 2843175823301, QTAgent32.exe, Playback - [WARNING] Internal warning: process performance counters based WFR - Requested element has invalid HWND
\0
E, 3504, 13, 2013/05/23, 17:29:39.386, 2843175826393, QTAgent32.exe, EnsureValid called via EnsureValid call for same element
E, 3504, 13, 2013/05/23, 17:29:39.387, 2843175828618, QTAgent32.exe, EnsureValid called via EnsureValid call for same element
E, 3504, 13, 2013/05/23, 17:29:39.387, 2843175829833, QTAgent32.exe, EnsureValid called via EnsureValid call for same element
E, 3504, 13, 2013/05/23, 17:29:39.396, 2843175967529, QTAgent32.exe, GetClassName for handle 4195356 failed
E, 3504, 13, 2013/05/23, 17:29:39.397, 2843175984334, QTAgent32.exe, Window 4195356 not responding. Last Win32 error 1400
E, 3504, 13, 2013/05/23, 17:29:39.398, 2843175986383, QTAgent32.exe, GetClassName for handle 4195356 failed
W, 3504, 13, 2013/05/23, 17:29:39.550, 2843178165551, QTAgent32.exe, &lt;a class=success&gt;Playback - {232} [SUCCESS] Uncheck - "[MSAA, VisibleOnly]ControlType='CheckBox' &amp;&amp; Name='Add Activity'"
\0&lt;/a&gt;
W, 3504, 13, 2013/05/23, 17:29:40.114, 2843186241276, QTAgent32.exe, &lt;a class=success&gt;Playback - {233} [SUCCESS] MouseButtonClick - "[MSAA, VisibleOnly]ControlType='Button' &amp;&amp; Name='Ok'"
\0&lt;/a&gt;
W, 3504, 13, 2013/05/23, 17:29:40.405, 2843190412424, QTAgent32.exe, &lt;a class=success&gt;Playback - {234} [SUCCESS] MouseButtonClick - "[MSAA, VisibleOnly]ControlType='Button' &amp;&amp; Name='Ok'"
\0&lt;/a&gt;
W, 3504, 13, 2013/05/23, 17:29:43.796, 2843238958003, QTAgent32.exe, PERF WARNING: FindTopLevelWindowHelper::FindAllDescendents: took 3278 ms. Expected it to take maximum 500 ms.
W, 3504, 13, 2013/05/23, 17:29:44.387, 2843247433356, QTAgent32.exe, &lt;a class=success&gt;Playback - {235} [SUCCESS] DoSelect - "[MSAA, VisibleOnly]ControlType='List'"
\0&lt;/a&gt;
W, 3504, 13, 2013/05/23, 17:29:45.789, 2843267490714, QTAgent32.exe, &lt;a class=success&gt;Playback - {236} [SUCCESS] MouseButtonClick - "[MSAA, VisibleOnly]ControlType='Button' &amp;&amp; Name='Ok'"
\0&lt;/a&gt;
W, 3504, 13, 2013/05/23, 17:29:48.064, 2843300077890, QTAgent32.exe, &lt;a class=success&gt;Playback - {237} [SUCCESS] MouseButtonClick - "[MSAA, VisibleOnly]ControlType='Button' &amp;&amp; Name='OK'"
\0&lt;/a&gt;
W, 3504, 13, 2013/05/23, 17:29:49.518, 2843320892600, QTAgent32.exe, PERF WARNING: FindAllDescendents: took 1352 ms. Expected it to take maximum 500 ms.
W, 3504, 13, 2013/05/23, 17:29:50.924, 2843341016099, QTAgent32.exe, &lt;a class=success&gt;Playback - {238} [SUCCESS] MouseButtonClick - "[MSAA, VisibleOnly]ControlType='Button' &amp;&amp; Name='Exit'"
\0&lt;/a&gt;
W, 3504, 13, 2013/05/23, 17:29:51.184, 2843344747879, QTAgent32.exe, &lt;a class=success&gt;Playback - {239} [SUCCESS] MouseButtonClick - "[MSAA, VisibleOnly]ControlType='Button' &amp;&amp; Name='Yes'"
\0&lt;/a&gt;
W, 3504, 13, 2013/05/23, 17:29:51.786, 2843353360518, QTAgent32.exe, &lt;a class=success&gt;Playback - {240} [SUCCESS] MouseButtonClick - "[MSAA, VisibleOnly]ControlType='Button' &amp;&amp; Name='Cancel'"
\0&lt;/a&gt;
W, 3504, 13, 2013/05/23, 17:29:52.194, 2843359207680, QTAgent32.exe, &lt;a class=success&gt;Playback - {241} [SUCCESS] MouseButtonClick - "[MSAA, VisibleOnly]ControlType='Button'"
\0&lt;/a&gt;
W, 3504, 13, 2013/05/23, 17:29:52.835, 2843368387077, QTAgent32.exe, &lt;a class=success&gt;Playback - {242} [SUCCESS] MouseButtonClick - "[MSAA, VisibleOnly]ControlType='Button' &amp;&amp; Name='Detail'"
\0&lt;/a&gt;
W, 3504, 13, 2013/05/23, 17:29:53.171, 2843373189072, QTAgent32.exe, &lt;a class=success&gt;Playback - {243} [SUCCESS] MouseButtonClick - "[MSAA, VisibleOnly]ControlType='Button' &amp;&amp; Name='Cancel'"
\0&lt;/a&gt;
W, 3504, 13, 2013/05/23, 17:29:56.346, 2843418652124, QTAgent32.exe, IEDOM : StopSession of the plugin called before StartSession
W, 3504, 13, 2013/05/23, 17:29:56.347, 2843418668493, QTAgent32.exe, UIA : StopSession of the plugin called before StartSession
</DebugTrace>
      </Output>
    </UnitTestResult>
    <UnitTestResult executionId="50a48506-e311-488d-923a-c7a91c5d3593" testId="a5f54e40-1bf8-ce13-c337-6a02b2b7e5d4" testName="MotoRebrokeRenewExistingScheme" computerName="ICLVDEVTM02" duration="00:04:39.6003962" startTime="2013-05-23T17:29:56.6555245+01:00" endTime="2013-05-23T17:34:36.4910591+01:00" testType="13cdc9d9-ddb5-4fa4-a97d-d965ccfc6d4b" outcome="Failed" testListId="8c84fa94-04c1-424b-9868-57a2d4851a1d" relativeResultsDirectory="50a48506-e311-488d-923a-c7a91c5d3593">
      <Output>
        <DebugTrace>W, 3504, 25, 2013/05/23, 17:30:02.933, 2843512970325, QTAgent32.exe, &lt;a class=success&gt;Playback - {1} [SUCCESS] MouseButtonClick - "[MSAA, VisibleOnly]ControlType='Edit'"
\0&lt;/a&gt;
W, 3504, 25, 2013/05/23, 17:30:03.275, 2843517864713, QTAgent32.exe, &lt;a class=success&gt;Playback - {2} [SUCCESS] SendKeys "[*]" - "[MSAA, VisibleOnly]ControlType='Edit'"
\0&lt;/a&gt;
W, 3504, 25, 2013/05/23, 17:30:04.003, 2843528298968, QTAgent32.exe, &lt;a class=success&gt;Playback - {3} [SUCCESS] MouseButtonClick - "[MSAA, VisibleOnly]ControlType='Button' &amp;&amp; Name='OK'"
\0&lt;/a&gt;
W, 3504, 25, 2013/05/23, 17:30:04.366, 2843533478987, QTAgent32.exe, &lt;a class=success&gt;Playback - {4} [SUCCESS] SendKeys "^{HOME}" - "[MSAA, VisibleOnly]ControlType='Edit'"
\0&lt;/a&gt;
E, 3504, 25, 2013/05/23, 17:30:04.366, 2843533482533, QTAgent32.exe, Msaa.GetFocusedElement: could not find accessible object of foreground window
W, 3504, 25, 2013/05/23, 17:30:04.442, 2843534572142, QTAgent32.exe, &lt;a class=success&gt;Playback - {5} [SUCCESS] SendKeys "^+{END}" - "[MSAA, VisibleOnly]ControlType='Edit'"
\0&lt;/a&gt;
E, 3504, 25, 2013/05/23, 17:30:04.443, 2843534587305, QTAgent32.exe, Msaa.GetFocusedElement: could not find accessible object of foreground window
W, 3504, 25, 2013/05/23, 17:30:04.564, 2843536313509, QTAgent32.exe, &lt;a class=success&gt;Playback - {6} [SUCCESS] SendKeys "{DELETE}" - "[MSAA, VisibleOnly]ControlType='Edit'"
\0&lt;/a&gt;
W, 3504, 25, 2013/05/23, 17:30:05.065, 2843543488027, QTAgent32.exe, &lt;a class=success&gt;Playback - {7} [SUCCESS] SetValueAsEditBox "23/05/2013" - "[MSAA, VisibleOnly]ControlType='Edit'"  &lt; Set via SendKeys &gt;
\0&lt;/a&gt;
W, 3504, 25, 2013/05/23, 17:30:05.655, 2843551942029, QTAgent32.exe, Playback - [WARNING] Internal warning: Incorrect flag set for InvokeProgrammaticAction\0
W, 3504, 25, 2013/05/23, 17:30:05.776, 2843553671604, QTAgent32.exe, &lt;a class=success&gt;Playback - {8} [SUCCESS] SetValueAsComboBox "May" - "[MSAA, VisibleOnly]ControlType='ComboBox'"  &lt; SetValueAsComboBox, set by clicking on the item in the list box &gt;
\0&lt;/a&gt;
W, 3504, 25, 2013/05/23, 17:30:06.076, 2843557973059, QTAgent32.exe, &lt;a class=success&gt;Playback - {9} [SUCCESS] SendKeys "^{HOME}" - "[MSAA, VisibleOnly]ControlType='Edit'"
\0&lt;/a&gt;
E, 3504, 25, 2013/05/23, 17:30:06.076, 2843557976309, QTAgent32.exe, Msaa.GetFocusedElement: could not find accessible object of foreground window
W, 3504, 25, 2013/05/23, 17:30:06.143, 2843558925655, QTAgent32.exe, &lt;a class=success&gt;Playback - {10} [SUCCESS] SendKeys "^+{END}" - "[MSAA, VisibleOnly]ControlType='Edit'"
\0&lt;/a&gt;
E, 3504, 25, 2013/05/23, 17:30:06.143, 2843558928977, QTAgent32.exe, Msaa.GetFocusedElement: could not find accessible object of foreground window
W, 3504, 25, 2013/05/23, 17:30:06.158, 2843559142944, QTAgent32.exe, &lt;a class=success&gt;Playback - {11} [SUCCESS] SendKeys "{DELETE}" - "[MSAA, VisibleOnly]ControlType='Edit'"
\0&lt;/a&gt;
W, 3504, 25, 2013/05/23, 17:30:06.394, 2843562519641, QTAgent32.exe, &lt;a class=success&gt;Playback - {12} [SUCCESS] SetValueAsEditBox "2013" - "[MSAA, VisibleOnly]ControlType='Edit'"  &lt; Set via SendKeys &gt;
\0&lt;/a&gt;
W, 3504, 25, 2013/05/23, 17:30:06.613, 2843565656347, QTAgent32.exe, &lt;a class=success&gt;Playback - {13} [SUCCESS] MouseButtonClick - "[MSAA, VisibleOnly]ControlType='Button' &amp;&amp; Name='OK'"
\0&lt;/a&gt;
W, 3504, 25, 2013/05/23, 17:30:08.058, 2843586351292, QTAgent32.exe, Playback - [WARNING] Internal warning: Window Not Found: [VisibleOnly]ControlType='Window' &amp;&amp; Name='Warning' &amp;&amp; ClassName='#32770'
\0
E, 3504, 25, 2013/05/23, 17:30:08.058, 2843586354824, QTAgent32.exe, &lt;a class=failure&gt;Playback - {14} [FAILED] Function ElementFetcher::FindScreenElement failed to locate UI element (Searching: ;[VisibleOnly]ControlType='Window' &amp;&amp; Name='Warning' &amp;&amp; ClassName='#32770') (The object specified was not found.)
\0&lt;/a&gt;
E, 3504, 25, 2013/05/23, 17:30:08.154, 2843587732800, QTAgent32.exe, Playback - [IMAGE] C:\Users\testuser\AppData\Local\Temp\UITestLogs\LastRun\RPF64C5.png
\0
W, 3504, 25, 2013/05/23, 17:30:08.155, 2843587735344, QTAgent32.exe, Playback - [WARNING] Internal warning: Couldn't find descendants that match QueryId
\0
W, 3504, 25, 2013/05/23, 17:30:08.155, 2843587738111, QTAgent32.exe, PERF WARNING: FindTopLevelWindowHelper::FindAllDescendents: took 1426 ms. Expected it to take maximum 500 ms.
W, 3504, 25, 2013/05/23, 17:30:26.177, 2843845779619, QTAgent32.exe, Playback - [WARNING] Internal warning: Window Not Found: [VisibleOnly]ControlType='Window' &amp;&amp; Name='Warning' &amp;&amp; ClassName='#32770'
\0
E, 3504, 25, 2013/05/23, 17:30:26.177, 2843845783762, QTAgent32.exe, &lt;a class=failure&gt;Playback - {15} [FAILED] Function ElementFetcher::FindScreenElement failed to locate UI element (Searching: ;[VisibleOnly]ControlType='Window' &amp;&amp; Name='Warning' &amp;&amp; ClassName='#32770') (The object specified was not found.)
\0&lt;/a&gt;
E, 3504, 25, 2013/05/23, 17:30:26.257, 2843846922782, QTAgent32.exe, Playback - [IMAGE] C:\Users\testuser\AppData\Local\Temp\UITestLogs\LastRun\RPFAB85.png
\0
W, 3504, 25, 2013/05/23, 17:30:26.257, 2843846925134, QTAgent32.exe, Playback - [WARNING] Internal warning: Couldn't find descendants that match QueryId
\0
W, 3504, 25, 2013/05/23, 17:30:26.257, 2843846929999, QTAgent32.exe, PERF WARNING: FindTopLevelWindowHelper::FindAllDescendents: took 18101 ms. Expected it to take maximum 500 ms.
W, 3504, 25, 2013/05/23, 17:30:26.794, 2843854613073, QTAgent32.exe, Playback - [WARNING] Internal warning: Smart Match failed
\0
W, 3504, 25, 2013/05/23, 17:30:27.204, 2843860484398, QTAgent32.exe, Playback - [WARNING] Internal warning: Smart Match failed
\0
W, 3504, 25, 2013/05/23, 17:30:27.708, 2843867702330, QTAgent32.exe, Playback - [WARNING] Internal warning: Smart Match failed
\0
W, 3504, 25, 2013/05/23, 17:30:28.057, 2843872697695, QTAgent32.exe, Playback - [WARNING] Internal warning: Smart Match failed
\0
W, 3504, 25, 2013/05/23, 17:30:28.414, 2843877814002, QTAgent32.exe, Playback - [WARNING] Internal warning: Smart Match failed
\0
W, 3504, 25, 2013/05/23, 17:30:28.716, 2843882131601, QTAgent32.exe, Playback - [WARNING] Internal warning: Smart Match failed
\0
W, 3504, 25, 2013/05/23, 17:30:29.029, 2843886613641, QTAgent32.exe, Playback - [WARNING] Internal warning: Smart Match failed
\0
W, 3504, 25, 2013/05/23, 17:30:29.346, 2843891152316, QTAgent32.exe, Playback - [WARNING] Internal warning: Smart Match failed
\0
W, 3504, 25, 2013/05/23, 17:30:29.602, 2843894816872, QTAgent32.exe, Playback - [WARNING] Internal warning: Window Not Found: [VisibleOnly]ControlType='Window' &amp;&amp; Name='Warning' &amp;&amp; ClassName='#32770'
\0
E, 3504, 25, 2013/05/23, 17:30:29.602, 2843894820066, QTAgent32.exe, &lt;a class=failure&gt;Playback - {16} [FAILED] Function ElementFetcher::FindScreenElement failed to locate UI element (Searching: ;[VisibleOnly]ControlType='Window' &amp;&amp; Name='Warning' &amp;&amp; ClassName='#32770') (The object specified was not found.)
\0&lt;/a&gt;
E, 3504, 25, 2013/05/23, 17:30:29.682, 2843895960393, QTAgent32.exe, Playback - [IMAGE] C:\Users\testuser\AppData\Local\Temp\UITestLogs\LastRun\RPFB8EE.png
\0
W, 3504, 25, 2013/05/23, 17:30:29.682, 2843895962651, QTAgent32.exe, Playback - [WARNING] Internal warning: Couldn't find descendants that match QueryId
\0
W, 3504, 25, 2013/05/23, 17:30:29.682, 2843895965973, QTAgent32.exe, PERF WARNING: FindTopLevelWindowHelper::FindAllDescendents: took 3424 ms. Expected it to take maximum 500 ms.
E, 3504, 25, 2013/05/23, 17:30:29.682, 2843895967671, QTAgent32.exe, Exception: System.Runtime.InteropServices.COMException
	Message: Error HRESULT E_FAIL has been returned from a call to a COM component.
	Stack Trace:    at Microsoft.VisualStudio.TestTools.UITest.Playback.Engine.IRPFPlayback.FindAllScreenElements(IScreenElement pScreenElementStart, String bstrQueryId, Object&amp; pvarResKeys, Int32 cResKeys, Int32 nMaxDepth, Object[]&amp; foundDescendants)
   at Microsoft.VisualStudio.TestTools.UITest.Playback.ScreenElement.FindTopLevelWindowHelper(String queryId)
	BaseExceptionMessage: Error HRESULT E_FAIL has been returned from a call to a COM component.

E, 3504, 25, 2013/05/23, 17:30:29.901, 2843899098756, QTAgent32.exe, AL: Playback Error: Microsoft.VisualStudio.TestTools.UITest.Extension.UITestControlNotFoundException: The playback failed to find the control with the given search properties. Additional Details: 
TechnologyName:  'MSAA'
ControlType:  'Window'
Name:  'Warning'
ClassName:  '#32770'
 ---&gt; System.Runtime.InteropServices.COMException: Error HRESULT E_FAIL has been returned from a call to a COM component.
   at Microsoft.VisualStudio.TestTools.UITest.Playback.Engine.IRPFPlayback.FindAllScreenElements(IScreenElement pScreenElementStart, String bstrQueryId, Object&amp; pvarResKeys, Int32 cResKeys, Int32 nMaxDepth, Object[]&amp; foundDescendants)
   at Microsoft.VisualStudio.TestTools.UITest.Playback.ScreenElement.FindTopLevelWindowHelper(String queryId)
   at Microsoft.VisualStudio.TestTools.UITest.Playback.ScreenElement.FindFromPartialQueryId(String queryId)
   at Microsoft.VisualStudio.TestTools.UITesting.UITestControl..ctor(String queryId)
   --- End of inner exception stack trace ---
   at Microsoft.VisualStudio.TestTools.UITesting.Playback.MapControlNotFoundException(COMException ex, IPlaybackContext context)
   at Microsoft.VisualStudio.TestTools.UITesting.Playback.MapAndThrowComException(COMException innerException, IPlaybackContext context)
   at Microsoft.VisualStudio.TestTools.UITesting.Playback.MapAndThrowException(SystemException exception, IPlaybackContext context)
   at Microsoft.VisualStudio.TestTools.UITesting.Playback.MapAndThrowException(SystemException exception, String queryId)
   at Microsoft.VisualStudio.TestTools.UITesting.UITestControl..ctor(String queryId)
   at Microsoft.VisualStudio.TestTools.UITesting.SearchHelper.SearchTopLevelWindow(ISearchArgument topLevelSearchArg, String topLevelElementQueryId)
   at Microsoft.VisualStudio.TestTools.UITesting.SearchHelper.GetTitleUpdatedTopLevelWindow(ISearchArgument topLevelSearchArg, String queryId, IList`1 windowTitles)
   at Microsoft.VisualStudio.TestTools.UITesting.SearchHelper.GetTopLevelElement(Boolean useCache, Boolean useCacheOnly, ISearchArgument searchArg, IList`1 windowTitles, Int32&amp; timeLeft)
   at Microsoft.VisualStudio.TestTools.UITesting.SearchHelper.GetElement(Boolean useCache, ISearchArgument searchArg)
   at Microsoft.VisualStudio.TestTools.UITesting.SearchHelper.Search(ISearchArgument searchArg)
   at Microsoft.VisualStudio.TestTools.UITesting.UITestControl.FindInternal()
   at Microsoft.VisualStudio.TestTools.UITesting.UITestControl.FindControlIfNecessary()
   at Microsoft.VisualStudio.TestTools.UITesting.UITestControl.Click(MouseButtons button, ModifierKeys modifierKeys, Point relativeCoordinates)
   at Microsoft.VisualStudio.TestTools.UITesting.Mouse.ClickImplementation(UITestControl control, MouseButtons button, ModifierKeys modifierKeys, Point relativeCoordinate)
   at Microsoft.VisualStudio.TestTools.UITesting.Mouse.ClickImplementationWrapper(UITestControl control, MouseButtons button, ModifierKeys modifierKeys, Point relativeCoordinate)
W, 3504, 25, 2013/05/23, 17:30:29.901, 2843899101907, QTAgent32.exe, PlaybackErrorHandler: Ignoring exception as ContinueOnError is set.
W, 3504, 25, 2013/05/23, 17:30:29.981, 2843900247939, QTAgent32.exe, &lt;a class=success&gt;Playback - {17} [SUCCESS] TypeString "#(R)"
\0&lt;/a&gt;
W, 3504, 25, 2013/05/23, 17:30:30.946, 2843914070737, QTAgent32.exe, PERF WARNING: FindTopLevelWindowHelper::FindAllDescendents: took 864 ms. Expected it to take maximum 500 ms.
W, 3504, 25, 2013/05/23, 17:30:31.485, 2843921783678, QTAgent32.exe, PERF WARNING: FindAllDescendents: took 536 ms. Expected it to take maximum 500 ms.
E, 3504, 25, 2013/05/23, 17:30:31.513, 2843922179666, QTAgent32.exe, Exception: System.ArgumentException
	Message: Value does not fall within the expected range.
	Stack Trace:    at Accessibility.IAccessible.get_accRole(Object varChild)
   at Microsoft.VisualStudio.TestTools.UITest.Extension.Msaa.AccWrapper.get_RoleInt()
	BaseExceptionMessage: Value does not fall within the expected range.

E, 3504, 25, 2013/05/23, 17:30:31.526, 2843922375116, QTAgent32.exe, Exception: System.ArgumentException
	Message: Value does not fall within the expected range.
	Stack Trace:    at Accessibility.IAccessible.get_accRole(Object varChild)
   at Microsoft.VisualStudio.TestTools.UITest.Extension.Msaa.AccWrapper.get_RoleInt()
	BaseExceptionMessage: Value does not fall within the expected range.

W, 3504, 25, 2013/05/23, 17:30:32.836, 2843941118734, QTAgent32.exe, &lt;a class=success&gt;Playback - {18} [SUCCESS] LeftButtonClick  &lt; Mouse cursor location (87, 908) &gt;
\0&lt;/a&gt;
W, 3504, 25, 2013/05/23, 17:30:34.605, 2843966456252, QTAgent32.exe, &lt;a class=success&gt;Playback - {19} [SUCCESS] SetValueAsEditBox "c:\TestProject7\ourhighway.reg"  &lt; Set via SendKeys &gt;
\0&lt;/a&gt;
W, 3504, 25, 2013/05/23, 17:30:34.605, 2843966459195, QTAgent32.exe, &lt;a class=success&gt;Playback - {20} [SUCCESS] SetValueAsComboBox "c:\TestProject7\ourhighway.reg" - "[MSAA, VisibleOnly]ControlType='ComboBox' &amp;&amp; Name='Open:'"  &lt; Set via SetValueAsEditBox &gt;
\0&lt;/a&gt;
W, 3504, 25, 2013/05/23, 17:30:34.851, 2843969975245, QTAgent32.exe, &lt;a class=success&gt;Playback - {21} [SUCCESS] MouseButtonClick - "[MSAA, VisibleOnly]ControlType='Button' &amp;&amp; Name='OK'"
\0&lt;/a&gt;
W, 3504, 25, 2013/05/23, 17:30:35.328, 2843976815317, QTAgent32.exe, Playback - [WARNING] Internal warning: Window Not Found: [VisibleOnly]ControlType='Window' &amp;&amp; Name='Registry Editor' &amp;&amp; ClassName='#32770'
\0
E, 3504, 25, 2013/05/23, 17:30:35.329, 2843976818340, QTAgent32.exe, &lt;a class=failure&gt;Playback - {22} [FAILED] Function ElementFetcher::FindScreenElement failed to locate UI element (Searching: ;[VisibleOnly]ControlType='Window' &amp;&amp; Name='Registry Editor' &amp;&amp; ClassName='#32770') (The object specified was not found.)
\0&lt;/a&gt;
E, 3504, 25, 2013/05/23, 17:30:35.448, 2843978532159, QTAgent32.exe, Playback - [IMAGE] C:\Users\testuser\AppData\Local\Temp\UITestLogs\LastRun\RPFCF4C.png
\0
W, 3504, 25, 2013/05/23, 17:30:35.448, 2843978534602, QTAgent32.exe, Playback - [WARNING] Internal warning: Couldn't find descendants that match QueryId
\0
W, 3504, 25, 2013/05/23, 17:30:36.294, 2843990631418, QTAgent32.exe, PERF WARNING: FindTopLevelWindowHelper::FindAllDescendents: took 844 ms. Expected it to take maximum 500 ms.
W, 3504, 25, 2013/05/23, 17:30:36.575, 2843994666757, QTAgent32.exe, &lt;a class=success&gt;Playback - {23} [SUCCESS] MouseButtonClick - "[MSAA, VisibleOnly]ControlType='Button' &amp;&amp; Name='Yes'"
\0&lt;/a&gt;
W, 3504, 25, 2013/05/23, 17:30:36.971, 2844000332018, QTAgent32.exe, &lt;a class=success&gt;Playback - {24} [SUCCESS] MouseButtonClick - "[MSAA, VisibleOnly]ControlType='Button' &amp;&amp; Name='OK'"
\0&lt;/a&gt;
W, 3504, 25, 2013/05/23, 17:30:37.312, 2844005217234, QTAgent32.exe, &lt;a class=success&gt;Playback - {25} [SUCCESS] MouseButtonClick - "[MSAA, VisibleOnly]ControlType='Button' &amp;&amp; Name='Clients &amp; Files'"
\0&lt;/a&gt;
W, 3504, 25, 2013/05/23, 17:30:37.705, 2844010843886, QTAgent32.exe, Playback - [WARNING] Internal warning: Window Not Found: [VisibleOnly]ControlType='Window' &amp;&amp; ClassName='ThunderRT6MDIForm'
\0
E, 3504, 25, 2013/05/23, 17:30:37.705, 2844010847206, QTAgent32.exe, &lt;a class=failure&gt;Playback - {26} [FAILED] Function ElementFetcher::FindScreenElement failed to locate UI element (Searching: ;[VisibleOnly]ControlType='Window' &amp;&amp; ClassName='ThunderRT6MDIForm') (The object specified was not found.)
\0&lt;/a&gt;
E, 3504, 25, 2013/05/23, 17:30:37.803, 2844012249084, QTAgent32.exe, Playback - [IMAGE] C:\Users\testuser\AppData\Local\Temp\UITestLogs\LastRun\RPFD891.png
\0
W, 3504, 25, 2013/05/23, 17:30:37.804, 2844012252458, QTAgent32.exe, Playback - [WARNING] Internal warning: Couldn't find descendants that match QueryId
\0
W, 3504, 25, 2013/05/23, 17:30:41.195, 2844060804632, QTAgent32.exe, PERF WARNING: FindTopLevelWindowHelper::FindAllDescendents: took 3390 ms. Expected it to take maximum 500 ms.
W, 3504, 25, 2013/05/23, 17:30:42.261, 2844076076992, QTAgent32.exe, Playback - [WARNING] Internal warning: Incorrect flag set for InvokeProgrammaticAction\0
W, 3504, 25, 2013/05/23, 17:30:42.389, 2844077912203, QTAgent32.exe, &lt;a class=success&gt;Playback - {27} [SUCCESS] SetValueAsComboBox "Customers" - "[MSAA, VisibleOnly]ControlType='ComboBox'"  &lt; SetValueAsComboBox, set by clicking on the item in the list box &gt;
\0&lt;/a&gt;
W, 3504, 25, 2013/05/23, 17:30:42.901, 2844085243381, QTAgent32.exe, &lt;a class=success&gt;Playback - {28} [SUCCESS] MouseButtonClick - "[MSAA, VisibleOnly]ControlType='Button' &amp;&amp; Name='Add'"
\0&lt;/a&gt;
W, 3504, 25, 2013/05/23, 17:30:43.545, 2844094460897, QTAgent32.exe, &lt;a class=success&gt;Playback - {29} [SUCCESS] SendKeys "autotest" - "[MSAA, VisibleOnly]ControlType='RadioButton' &amp;&amp; Name='Personal Lines'"
\0&lt;/a&gt;
W, 3504, 25, 2013/05/23, 17:30:44.325, 2844105630044, QTAgent32.exe, &lt;a class=success&gt;Playback - {30} [SUCCESS] SetValueAsEditBox "autotest" - "[MSAA, VisibleOnly]ControlType='Edit'"  &lt; Set via SendKeys &gt;
\0&lt;/a&gt;
W, 3504, 25, 2013/05/23, 17:30:44.791, 2844112293119, QTAgent32.exe, &lt;a class=success&gt;Playback - {31} [SUCCESS] MouseButtonClick - "[MSAA, VisibleOnly]ControlType='Button' &amp;&amp; Name='OK'"
\0&lt;/a&gt;
W, 3504, 25, 2013/05/23, 17:30:45.021, 2844115597995, QTAgent32.exe, &lt;a class=success&gt;Playback - {32} [SUCCESS] MouseButtonClick - "[MSAA, VisibleOnly]ControlType='Button' &amp;&amp; Name='Yes'"
\0&lt;/a&gt;
W, 3504, 25, 2013/05/23, 17:30:45.643, 2844124502547, QTAgent32.exe, &lt;a class=success&gt;Playback - {33} [SUCCESS] SendKeys "^{HOME}" - "[MSAA, VisibleOnly]ControlType='Edit'"
\0&lt;/a&gt;
E, 3504, 25, 2013/05/23, 17:30:45.644, 2844124506648, QTAgent32.exe, Msaa.GetFocusedElement: could not find accessible object of foreground window
W, 3504, 25, 2013/05/23, 17:30:45.716, 2844125540231, QTAgent32.exe, &lt;a class=success&gt;Playback - {34} [SUCCESS] SendKeys "^+{END}" - "[MSAA, VisibleOnly]ControlType='Edit'"
\0&lt;/a&gt;
E, 3504, 25, 2013/05/23, 17:30:45.716, 2844125543835, QTAgent32.exe, Msaa.GetFocusedElement: could not find accessible object of foreground window
W, 3504, 25, 2013/05/23, 17:30:45.731, 2844125763718, QTAgent32.exe, &lt;a class=success&gt;Playback - {35} [SUCCESS] SendKeys "{DELETE}" - "[MSAA, VisibleOnly]ControlType='Edit'"
\0&lt;/a&gt;
W, 3504, 25, 2013/05/23, 17:30:45.980, 2844129322444, QTAgent32.exe, &lt;a class=success&gt;Playback - {36} [SUCCESS] SetValueAsEditBox "1" - "[MSAA, VisibleOnly]ControlType='Edit'"  &lt; Set via SendKeys &gt;
\0&lt;/a&gt;
W, 3504, 25, 2013/05/23, 17:30:46.370, 2844134912331, QTAgent32.exe, &lt;a class=success&gt;Playback - {37} [SUCCESS] SendKeys "^{HOME}" - "[MSAA, VisibleOnly]ControlType='Edit'"
\0&lt;/a&gt;
E, 3504, 25, 2013/05/23, 17:30:46.370, 2844134915666, QTAgent32.exe, Msaa.GetFocusedElement: could not find accessible object of foreground window
W, 3504, 25, 2013/05/23, 17:30:46.426, 2844135707183, QTAgent32.exe, &lt;a class=success&gt;Playback - {38} [SUCCESS] SendKeys "^+{END}" - "[MSAA, VisibleOnly]ControlType='Edit'"
\0&lt;/a&gt;
E, 3504, 25, 2013/05/23, 17:30:46.426, 2844135710054, QTAgent32.exe, Msaa.GetFocusedElement: could not find accessible object of foreground window
W, 3504, 25, 2013/05/23, 17:30:46.442, 2844135944536, QTAgent32.exe, &lt;a class=success&gt;Playback - {39} [SUCCESS] SendKeys "{DELETE}" - "[MSAA, VisibleOnly]ControlType='Edit'"
\0&lt;/a&gt;
W, 3504, 25, 2013/05/23, 17:30:46.698, 2844139601568, QTAgent32.exe, &lt;a class=success&gt;Playback - {40} [SUCCESS] SetValueAsEditBox "1" - "[MSAA, VisibleOnly]ControlType='Edit'"  &lt; Set via SendKeys &gt;
\0&lt;/a&gt;
W, 3504, 25, 2013/05/23, 17:30:48.312, 2844162710503, QTAgent32.exe, Playback - [WARNING] Internal warning: Target element "[MSAA, VisibleOnly]ControlType='Button' &amp;&amp; Name='OK'" was not found, so all intermediate elements were ignored. An incorrect element that matches target element Id can be found as the result.  Verify that all intermediate elements in QueryId have valid and unique Ids
\0
W, 3504, 25, 2013/05/23, 17:30:48.847, 2844170377651, QTAgent32.exe, PERF WARNING: FindAllDescendents: took 2042 ms. Expected it to take maximum 500 ms.
W, 3504, 25, 2013/05/23, 17:30:49.148, 2844174688164, QTAgent32.exe, &lt;a class=success&gt;Playback - {41} [SUCCESS] MouseButtonClick - "[MSAA, VisibleOnly]ControlType='Button' &amp;&amp; Name='OK'"
\0&lt;/a&gt;
W, 3504, 25, 2013/05/23, 17:30:49.588, 2844180989450, QTAgent32.exe, &lt;a class=success&gt;Playback - {42} [SUCCESS] MouseButtonClick - "[MSAA, VisibleOnly]ControlType='Button'"
\0&lt;/a&gt;
W, 3504, 25, 2013/05/23, 17:30:49.962, 2844186343551, QTAgent32.exe, &lt;a class=success&gt;Playback - {43} [SUCCESS] MouseButtonClick - "[MSAA, VisibleOnly]ControlType='Button' &amp;&amp; Name='Add'"
\0&lt;/a&gt;
W, 3504, 25, 2013/05/23, 17:30:50.306, 2844191268579, QTAgent32.exe, &lt;a class=success&gt;Playback - {44} [SUCCESS] MouseButtonClick - "[MSAA, VisibleOnly]ControlType='Button' &amp;&amp; Name='OK'"
\0&lt;/a&gt;
W, 3504, 25, 2013/05/23, 17:30:52.548, 2844223366974, QTAgent32.exe, &lt;a class=success&gt;Playback - {45} [SUCCESS] MouseButtonClick - "[MSAA, VisibleOnly,Window]ControlType='Window' &amp;&amp; ClassName='ThunderRT6TextBox'"
\0&lt;/a&gt;
W, 3504, 25, 2013/05/23, 17:30:53.221, 2844233005025, QTAgent32.exe, &lt;a class=success&gt;Playback - {46} [SUCCESS] SetValueAsEditBox "MOTO" - "[MSAA, VisibleOnly]ControlType='Edit'"  &lt; Set via SendKeys &gt;
\0&lt;/a&gt;
W, 3504, 25, 2013/05/23, 17:30:53.602, 2844238463594, QTAgent32.exe, &lt;a class=success&gt;Playback - {47} [SUCCESS] MouseButtonClick - "[MSAA, VisibleOnly]ControlType='Button' &amp;&amp; Name='OK'"
\0&lt;/a&gt;
W, 3504, 25, 2013/05/23, 17:30:53.860, 2844242158353, QTAgent32.exe, &lt;a class=success&gt;Playback - {48} [SUCCESS] MouseButtonClick - "[MSAA, VisibleOnly]ControlType='Button' &amp;&amp; Name='Options'"
\0&lt;/a&gt;
W, 3504, 25, 2013/05/23, 17:30:53.961, 2844243598088, QTAgent32.exe, FindScreenElementInSinglePass : Attempting to find control in one pass of search. Failures can occur.
W, 3504, 25, 2013/05/23, 17:30:54.324, 2844248791022, QTAgent32.exe, &lt;a class=success&gt;Playback - {49} [SUCCESS] MouseButtonClick - "[MSAA]ControlType='MenuItem' &amp;&amp; Name='Links'"
\0&lt;/a&gt;
W, 3504, 25, 2013/05/23, 17:30:54.424, 2844250229451, QTAgent32.exe, FindScreenElementInSinglePass : Attempting to find control in one pass of search. Failures can occur.
W, 3504, 25, 2013/05/23, 17:30:54.802, 2844255643113, QTAgent32.exe, &lt;a class=success&gt;Playback - {50} [SUCCESS] MouseButtonClick - "[MSAA]ControlType='MenuItem' &amp;&amp; Name='3rd Party Integration'"
\0&lt;/a&gt;
W, 3504, 25, 2013/05/23, 17:30:54.903, 2844257082856, QTAgent32.exe, FindScreenElementInSinglePass : Attempting to find control in one pass of search. Failures can occur.
W, 3504, 25, 2013/05/23, 17:30:55.279, 2844262466637, QTAgent32.exe, &lt;a class=success&gt;Playback - {51} [SUCCESS] MouseButtonClick - "[MSAA]ControlType='MenuItem' &amp;&amp; Name='Quote Select List'"
\0&lt;/a&gt;
W, 3504, 25, 2013/05/23, 17:30:55.862, 2844270810571, QTAgent32.exe, Playback - [WARNING] Internal warning: Window Not Found: [VisibleOnly]ControlType='Window' &amp;&amp; Name='Current Or Future' &amp;&amp; ClassName='TfCurrentOrFuture'
\0
E, 3504, 25, 2013/05/23, 17:30:55.862, 2844270813971, QTAgent32.exe, &lt;a class=failure&gt;Playback - {52} [FAILED] Function ElementFetcher::FindScreenElement failed to locate UI element (Searching: ;[VisibleOnly]ControlType='Window' &amp;&amp; Name='Current Or Future' &amp;&amp; ClassName='TfCurrentOrFuture') (The object specified was not found.)
\0&lt;/a&gt;
E, 3504, 25, 2013/05/23, 17:30:55.979, 2844272485456, QTAgent32.exe, Playback - [IMAGE] C:\Users\testuser\AppData\Local\Temp\UITestLogs\LastRun\RPF1F80.png
\0
W, 3504, 25, 2013/05/23, 17:30:55.979, 2844272487838, QTAgent32.exe, Playback - [WARNING] Internal warning: Couldn't find descendants that match QueryId
\0
W, 3504, 25, 2013/05/23, 17:30:55.991, 2844272657594, QTAgent32.exe, PERF WARNING: FindTopLevelWindowHelper::FindAllDescendents: took 608 ms. Expected it to take maximum 500 ms.
W, 3504, 25, 2013/05/23, 17:30:57.934, 2844300481808, QTAgent32.exe, PERF WARNING: FindTopLevelWindowHelper::FindAllDescendents: took 1942 ms. Expected it to take maximum 500 ms.
W, 3504, 25, 2013/05/23, 17:30:58.076, 2844302513227, QTAgent32.exe, &lt;a class=success&gt;Playback - {53} [SUCCESS] MouseButtonClick - "[MSAA, VisibleOnly]ControlType='Button' &amp;&amp; Name='Ok'"
\0&lt;/a&gt;
W, 3504, 25, 2013/05/23, 17:30:59.961, 2844329507473, QTAgent32.exe, PERF WARNING: FindTopLevelWindowHelper::FindAllDescendents: took 1785 ms. Expected it to take maximum 500 ms.
W, 3504, 25, 2013/05/23, 17:31:00.269, 2844333907516, QTAgent32.exe, &lt;a class=success&gt;Playback - {54} [SUCCESS] MouseButtonClick - "[MSAA, VisibleOnly]ControlType='Button' &amp;&amp; Name='Ok'"
\0&lt;/a&gt;
W, 3504, 25, 2013/05/23, 17:31:01.115, 2844346024986, QTAgent32.exe, &lt;a class=success&gt;Playback - {55} [SUCCESS] SetValueAsEditBox "test" - "[MSAA, VisibleOnly]ControlType='Edit'"  &lt; Set via SendKeys &gt;
\0&lt;/a&gt;
W, 3504, 25, 2013/05/23, 17:31:01.922, 2844357591555, QTAgent32.exe, &lt;a class=success&gt;Playback - {56} [SUCCESS] SetValueAsEditBox "test" - "[MSAA, VisibleOnly]ControlType='Edit'"  &lt; Set via SendKeys &gt;
\0&lt;/a&gt;
W, 3504, 25, 2013/05/23, 17:31:02.732, 2844369188027, QTAgent32.exe, &lt;a class=success&gt;Playback - {57} [SUCCESS] SetValueAsEditBox "160486" - "[MSAA, VisibleOnly]ControlType='Edit'"  &lt; Set via SendKeys &gt;
\0&lt;/a&gt;
W, 3504, 25, 2013/05/23, 17:31:03.564, 2844381086947, QTAgent32.exe, &lt;a class=success&gt;Playback - {58} [SUCCESS] SetValueAsEditBox "BN16BN" - "[MSAA, VisibleOnly]ControlType='Edit'"  &lt; Set via SendKeys &gt;
\0&lt;/a&gt;
W, 3504, 25, 2013/05/23, 17:31:05.807, 2844413207200, QTAgent32.exe, &lt;a class=success&gt;Playback - {59} [SUCCESS] MouseButtonClick - "[MSAA, VisibleOnly]ControlType='Button' &amp;&amp; Name='Lookup...'"
\0&lt;/a&gt;
W, 3504, 25, 2013/05/23, 17:31:06.052, 2844416726340, QTAgent32.exe, &lt;a class=success&gt;Playback - {60} [SUCCESS] MouseButtonClick - "[MSAA, VisibleOnly]ControlType='Button' &amp;&amp; Name='Ok'"
\0&lt;/a&gt;
W, 3504, 25, 2013/05/23, 17:31:06.291, 2844420146298, QTAgent32.exe, &lt;a class=success&gt;Playback - {61} [SUCCESS] MouseButtonClick - "[MSAA, VisibleOnly]ControlType='Button' &amp;&amp; Name='OK'"
\0&lt;/a&gt;
W, 3504, 25, 2013/05/23, 17:31:07.547, 2844438114827, QTAgent32.exe, PERF WARNING: FindTopLevelWindowHelper::FindAllDescendents: took 1153 ms. Expected it to take maximum 500 ms.
W, 3504, 25, 2013/05/23, 17:31:09.024, 2844459274540, QTAgent32.exe, Playback - [WARNING] Internal warning: Incorrect flag set for InvokeProgrammaticAction\0
W, 3504, 25, 2013/05/23, 17:31:09.146, 2844461015130, QTAgent32.exe, &lt;a class=success&gt;Playback - {62} [SUCCESS] SetValueAsComboBox "Account Executive" - "[MSAA, VisibleOnly]ControlType='ComboBox'"  &lt; SetValueAsComboBox, set by clicking on the item in the list box &gt;
\0&lt;/a&gt;
W, 3504, 25, 2013/05/23, 17:31:10.361, 2844478419772, QTAgent32.exe, Playback - [WARNING] Internal warning: Incorrect flag set for InvokeProgrammaticAction\0
W, 3504, 25, 2013/05/23, 17:31:12.095, 2844503236315, QTAgent32.exe, &lt;a class=success&gt;Playback - {63} [SUCCESS] SetValueAsComboBox "Aerial Manufacturer" - "[MSAA, VisibleOnly]ControlType='ComboBox'"  &lt; SetValueAsComboBox, set by clicking on the item in the list box &gt;
\0&lt;/a&gt;
W, 3504, 25, 2013/05/23, 17:31:13.316, 2844520721830, QTAgent32.exe, &lt;a class=success&gt;Playback - {64} [SUCCESS] SetValueAsEditBox "151208" - "[MSAA, VisibleOnly]ControlType='Edit'"  &lt; Set via SendKeys &gt;
\0&lt;/a&gt;
W, 3504, 25, 2013/05/23, 17:31:13.548, 2844524042495, QTAgent32.exe, &lt;a class=success&gt;Playback - {65} [SUCCESS] MouseButtonClick - "[MSAA, VisibleOnly]ControlType='Button' &amp;&amp; Name='OK'"
\0&lt;/a&gt;
W, 3504, 25, 2013/05/23, 17:31:16.367, 2844564411070, QTAgent32.exe, PERF WARNING: FindTopLevelWindowHelper::FindAllDescendents: took 2616 ms. Expected it to take maximum 500 ms.
E, 3504, 25, 2013/05/23, 17:31:16.381, 2844564607909, QTAgent32.exe, Exception: System.ArgumentException
	Message: Value does not fall within the expected range.
	Stack Trace:    at Accessibility.IAccessible.get_accRole(Object varChild)
   at Microsoft.VisualStudio.TestTools.UITest.Extension.Msaa.AccWrapper.get_RoleInt()
	BaseExceptionMessage: Value does not fall within the expected range.

E, 3504, 25, 2013/05/23, 17:31:16.384, 2844564652458, QTAgent32.exe, Exception: System.ArgumentException
	Message: Value does not fall within the expected range.
	Stack Trace:    at Accessibility.IAccessible.get_accRole(Object varChild)
   at Microsoft.VisualStudio.TestTools.UITest.Extension.Msaa.AccWrapper.get_RoleInt()
	BaseExceptionMessage: Value does not fall within the expected range.

W, 3504, 25, 2013/05/23, 17:31:16.952, 2844572792775, QTAgent32.exe, &lt;a class=success&gt;Playback - {66} [SUCCESS] LeftButtonClick  &lt; Mouse cursor location (680, 395) &gt;
\0&lt;/a&gt;
W, 3504, 25, 2013/05/23, 17:31:17.572, 2844581661088, QTAgent32.exe, &lt;a class=success&gt;Playback - {67} [SUCCESS] SetValueAsEditBox "FORD"  &lt; Set via SendKeys &gt;
\0&lt;/a&gt;
W, 3504, 25, 2013/05/23, 17:31:17.572, 2844581665223, QTAgent32.exe, &lt;a class=success&gt;Playback - {68} [SUCCESS] SetValueAsComboBox "FORD" - "[MSAA, VisibleOnly]ControlType='ComboBox'"  &lt; Set via SetValueAsEditBox &gt;
\0&lt;/a&gt;
E, 3504, 25, 2013/05/23, 17:31:17.685, 2844583278539, QTAgent32.exe, Exception: System.ArgumentException
	Message: Value does not fall within the expected range.
	Stack Trace:    at Accessibility.IAccessible.get_accRole(Object varChild)
   at Microsoft.VisualStudio.TestTools.UITest.Extension.Msaa.AccWrapper.get_RoleInt()
	BaseExceptionMessage: Value does not fall within the expected range.

E, 3504, 25, 2013/05/23, 17:31:17.688, 2844583322583, QTAgent32.exe, Exception: System.ArgumentException
	Message: Value does not fall within the expected range.
	Stack Trace:    at Accessibility.IAccessible.get_accRole(Object varChild)
   at Microsoft.VisualStudio.TestTools.UITest.Extension.Msaa.AccWrapper.get_RoleInt()
	BaseExceptionMessage: Value does not fall within the expected range.

W, 3504, 25, 2013/05/23, 17:31:18.885, 2844600465581, QTAgent32.exe, &lt;a class=success&gt;Playback - {69} [SUCCESS] LeftButtonClick  &lt; Mouse cursor location (1040, 395) &gt;
\0&lt;/a&gt;
W, 3504, 25, 2013/05/23, 17:31:19.488, 2844609098577, QTAgent32.exe, &lt;a class=success&gt;Playback - {70} [SUCCESS] SetValueAsEditBox "KA"  &lt; Set via SendKeys &gt;
\0&lt;/a&gt;
W, 3504, 25, 2013/05/23, 17:31:19.489, 2844609102137, QTAgent32.exe, &lt;a class=success&gt;Playback - {71} [SUCCESS] SetValueAsComboBox "KA" - "[MSAA, VisibleOnly]ControlType='ComboBox'"  &lt; Set via SetValueAsEditBox &gt;
\0&lt;/a&gt;
W, 3504, 25, 2013/05/23, 17:31:19.719, 2844612397180, QTAgent32.exe, &lt;a class=success&gt;Playback - {72} [SUCCESS] MouseButtonClick - "[MSAA, VisibleOnly]ControlType='Button' &amp;&amp; Name='Filter'"
\0&lt;/a&gt;
W, 3504, 25, 2013/05/23, 17:31:20.221, 2844619594011, QTAgent32.exe, &lt;a class=success&gt;Playback - {73} [SUCCESS] MouseButtonClick - "[MSAA, VisibleOnly]ControlType='Button' &amp;&amp; Name='OK'"
\0&lt;/a&gt;
W, 3504, 25, 2013/05/23, 17:31:21.201, 2844633619976, QTAgent32.exe, &lt;a class=success&gt;Playback - {74} [SUCCESS] SendKeys "^{HOME}" - "[MSAA, VisibleOnly]ControlType='Edit'"
\0&lt;/a&gt;
E, 3504, 25, 2013/05/23, 17:31:21.201, 2844633624923, QTAgent32.exe, Msaa.GetFocusedElement: could not find accessible object of foreground window
W, 3504, 25, 2013/05/23, 17:31:21.258, 2844634443434, QTAgent32.exe, &lt;a class=success&gt;Playback - {75} [SUCCESS] SendKeys "^+{END}" - "[MSAA, VisibleOnly]ControlType='Edit'"
\0&lt;/a&gt;
E, 3504, 25, 2013/05/23, 17:31:21.258, 2844634447370, QTAgent32.exe, Msaa.GetFocusedElement: could not find accessible object of foreground window
W, 3504, 25, 2013/05/23, 17:31:21.274, 2844634668537, QTAgent32.exe, &lt;a class=success&gt;Playback - {76} [SUCCESS] SendKeys "{DELETE}" - "[MSAA, VisibleOnly]ControlType='Edit'"
\0&lt;/a&gt;
W, 3504, 25, 2013/05/23, 17:31:21.880, 2844643351956, QTAgent32.exe, &lt;a class=success&gt;Playback - {77} [SUCCESS] SetValueAsEditBox "123434" - "[MSAA, VisibleOnly]ControlType='Edit'"  &lt; Set via SendKeys &gt;
\0&lt;/a&gt;
W, 3504, 25, 2013/05/23, 17:31:22.505, 2844652293162, QTAgent32.exe, &lt;a class=success&gt;Playback - {78} [SUCCESS] SendKeys "^{HOME}" - "[MSAA, VisibleOnly]ControlType='Edit'"
\0&lt;/a&gt;
E, 3504, 25, 2013/05/23, 17:31:22.505, 2844652297279, QTAgent32.exe, Msaa.GetFocusedElement: could not find accessible object of foreground window
W, 3504, 25, 2013/05/23, 17:31:22.568, 2844653195708, QTAgent32.exe, &lt;a class=success&gt;Playback - {79} [SUCCESS] SendKeys "^+{END}" - "[MSAA, VisibleOnly]ControlType='Edit'"
\0&lt;/a&gt;
E, 3504, 25, 2013/05/23, 17:31:22.568, 2844653199359, QTAgent32.exe, Msaa.GetFocusedElement: could not find accessible object of foreground window
W, 3504, 25, 2013/05/23, 17:31:22.590, 2844653520983, QTAgent32.exe, &lt;a class=success&gt;Playback - {80} [SUCCESS] SendKeys "{DELETE}" - "[MSAA, VisibleOnly]ControlType='Edit'"
\0&lt;/a&gt;
W, 3504, 25, 2013/05/23, 17:31:23.100, 2844660812259, QTAgent32.exe, &lt;a class=success&gt;Playback - {81} [SUCCESS] SetValueAsEditBox "1000" - "[MSAA, VisibleOnly]ControlType='Edit'"  &lt; Set via SendKeys &gt;
\0&lt;/a&gt;
W, 3504, 25, 2013/05/23, 17:31:23.716, 2844669627907, QTAgent32.exe, &lt;a class=success&gt;Playback - {82} [SUCCESS] SendKeys "^{HOME}" - "[MSAA, VisibleOnly]ControlType='Edit'"
\0&lt;/a&gt;
E, 3504, 25, 2013/05/23, 17:31:23.716, 2844669631398, QTAgent32.exe, Msaa.GetFocusedElement: could not find accessible object of foreground window
W, 3504, 25, 2013/05/23, 17:31:23.787, 2844670644109, QTAgent32.exe, &lt;a class=success&gt;Playback - {83} [SUCCESS] SendKeys "^+{END}" - "[MSAA, VisibleOnly]ControlType='Edit'"
\0&lt;/a&gt;
E, 3504, 25, 2013/05/23, 17:31:23.787, 2844670647475, QTAgent32.exe, Msaa.GetFocusedElement: could not find accessible object of foreground window
W, 3504, 25, 2013/05/23, 17:31:23.808, 2844670953222, QTAgent32.exe, &lt;a class=success&gt;Playback - {84} [SUCCESS] SendKeys "{DELETE}" - "[MSAA, VisibleOnly]ControlType='Edit'"
\0&lt;/a&gt;
W, 3504, 25, 2013/05/23, 17:31:24.459, 2844680269316, QTAgent32.exe, &lt;a class=success&gt;Playback - {85} [SUCCESS] SetValueAsEditBox "30/05/13" - "[MSAA, VisibleOnly]ControlType='Edit'"  &lt; Set via SendKeys &gt;
\0&lt;/a&gt;
W, 3504, 25, 2013/05/23, 17:31:24.698, 2844683694445, QTAgent32.exe, &lt;a class=success&gt;Playback - {86} [SUCCESS] MouseButtonClick - "[MSAA, VisibleOnly]ControlType='Button' &amp;&amp; Name='Calculate Quote'"
\0&lt;/a&gt;
W, 3504, 25, 2013/05/23, 17:31:32.349, 2844793237371, QTAgent32.exe, Playback - [WARNING] Internal warning: Window Not Found: [VisibleOnly]ControlType='Window' &amp;&amp; Name='Quote Select List' &amp;&amp; ClassName='ThunderRT6FormDC'
\0
E, 3504, 25, 2013/05/23, 17:31:32.349, 2844793243544, QTAgent32.exe, &lt;a class=failure&gt;Playback - {87} [FAILED] Function ElementFetcher::FindScreenElement failed to locate UI element (Searching: ;[VisibleOnly]ControlType='Window' &amp;&amp; Name='Quote Select List' &amp;&amp; ClassName='ThunderRT6FormDC') (The object specified was not found.)
\0&lt;/a&gt;
E, 3504, 25, 2013/05/23, 17:31:32.599, 2844796823988, QTAgent32.exe, Playback - [IMAGE] C:\Users\testuser\AppData\Local\Temp\UITestLogs\LastRun\RPFAE0A.png
\0
W, 3504, 25, 2013/05/23, 17:31:32.599, 2844796826420, QTAgent32.exe, Playback - [WARNING] Internal warning: Couldn't find descendants that match QueryId
\0
W, 3504, 25, 2013/05/23, 17:31:32.600, 2844796830978, QTAgent32.exe, PERF WARNING: FindTopLevelWindowHelper::FindAllDescendents: took 7800 ms. Expected it to take maximum 500 ms.
W, 3504, 25, 2013/05/23, 17:31:51.806, 2845071837989, QTAgent32.exe, Playback - [WARNING] Internal warning: Window Not Found: [VisibleOnly]ControlType='Window' &amp;&amp; Name='Quote Select List' &amp;&amp; ClassName='ThunderRT6FormDC'
\0
E, 3504, 25, 2013/05/23, 17:31:51.807, 2845071846948, QTAgent32.exe, &lt;a class=failure&gt;Playback - {88} [FAILED] Function ElementFetcher::FindScreenElement failed to locate UI element (Searching: ;[VisibleOnly]ControlType='Window' &amp;&amp; Name='Quote Select List' &amp;&amp; ClassName='ThunderRT6FormDC') (The object specified was not found.)
\0&lt;/a&gt;
E, 3504, 25, 2013/05/23, 17:31:51.904, 2845073238256, QTAgent32.exe, Playback - [IMAGE] C:\Users\testuser\AppData\Local\Temp\UITestLogs\LastRun\RPFFA08.png
\0
W, 3504, 25, 2013/05/23, 17:31:51.904, 2845073240694, QTAgent32.exe, Playback - [WARNING] Internal warning: Couldn't find descendants that match QueryId
\0
W, 3504, 25, 2013/05/23, 17:31:51.905, 2845073250735, QTAgent32.exe, PERF WARNING: FindTopLevelWindowHelper::FindAllDescendents: took 19305 ms. Expected it to take maximum 500 ms.
W, 3504, 25, 2013/05/23, 17:31:54.542, 2845111005097, QTAgent32.exe, Playback - [WARNING] Internal warning: Smart Match failed
\0
W, 3504, 25, 2013/05/23, 17:31:55.831, 2845129457660, QTAgent32.exe, Playback - [WARNING] Internal warning: Window Not Found: [VisibleOnly]ControlType='Window' &amp;&amp; Name='Quote Select List' &amp;&amp; ClassName='ThunderRT6FormDC'
\0
E, 3504, 25, 2013/05/23, 17:31:55.831, 2845129462118, QTAgent32.exe, &lt;a class=failure&gt;Playback - {89} [FAILED] Function ElementFetcher::FindScreenElement failed to locate UI element (Searching: ;[VisibleOnly]ControlType='Window' &amp;&amp; Name='Quote Select List' &amp;&amp; ClassName='ThunderRT6FormDC') (The object specified was not found.)
\0&lt;/a&gt;
E, 3504, 25, 2013/05/23, 17:31:55.923, 2845130784720, QTAgent32.exe, Playback - [IMAGE] C:\Users\testuser\AppData\Local\Temp\UITestLogs\LastRun\RPF9C2.png
\0
W, 3504, 25, 2013/05/23, 17:31:55.924, 2845130787125, QTAgent32.exe, Playback - [WARNING] Internal warning: Couldn't find descendants that match QueryId
\0
W, 3504, 25, 2013/05/23, 17:31:55.924, 2845130791741, QTAgent32.exe, PERF WARNING: FindTopLevelWindowHelper::FindAllDescendents: took 4018 ms. Expected it to take maximum 500 ms.
E, 3504, 25, 2013/05/23, 17:31:55.924, 2845130794718, QTAgent32.exe, Exception: System.Runtime.InteropServices.COMException
	Message: Error HRESULT E_FAIL has been returned from a call to a COM component.
	Stack Trace:    at Microsoft.VisualStudio.TestTools.UITest.Playback.Engine.IRPFPlayback.FindAllScreenElements(IScreenElement pScreenElementStart, String bstrQueryId, Object&amp; pvarResKeys, Int32 cResKeys, Int32 nMaxDepth, Object[]&amp; foundDescendants)
   at Microsoft.VisualStudio.TestTools.UITest.Playback.ScreenElement.FindTopLevelWindowHelper(String queryId)
	BaseExceptionMessage: Error HRESULT E_FAIL has been returned from a call to a COM component.

E, 3504, 25, 2013/05/23, 17:31:56.026, 2845132248326, QTAgent32.exe, AL: Playback Error: Microsoft.VisualStudio.TestTools.UITest.Extension.UITestControlNotFoundException: The playback failed to find the control with the given search properties. Additional Details: 
TechnologyName:  'MSAA'
ControlType:  'Window'
Name:  'Quote Select List'
ClassName:  'ThunderRT6FormDC'
 ---&gt; System.Runtime.InteropServices.COMException: Error HRESULT E_FAIL has been returned from a call to a COM component.
   at Microsoft.VisualStudio.TestTools.UITest.Playback.Engine.IRPFPlayback.FindAllScreenElements(IScreenElement pScreenElementStart, String bstrQueryId, Object&amp; pvarResKeys, Int32 cResKeys, Int32 nMaxDepth, Object[]&amp; foundDescendants)
   at Microsoft.VisualStudio.TestTools.UITest.Playback.ScreenElement.FindTopLevelWindowHelper(String queryId)
   at Microsoft.VisualStudio.TestTools.UITest.Playback.ScreenElement.FindFromPartialQueryId(String queryId)
   at Microsoft.VisualStudio.TestTools.UITesting.UITestControl..ctor(String queryId)
   --- End of inner exception stack trace ---
   at Microsoft.VisualStudio.TestTools.UITesting.Playback.MapControlNotFoundException(COMException ex, IPlaybackContext context)
   at Microsoft.VisualStudio.TestTools.UITesting.Playback.MapAndThrowComException(COMException innerException, IPlaybackContext context)
   at Microsoft.VisualStudio.TestTools.UITesting.Playback.MapAndThrowException(SystemException exception, IPlaybackContext context)
   at Microsoft.VisualStudio.TestTools.UITesting.Playback.MapAndThrowException(SystemException exception, String queryId)
   at Microsoft.VisualStudio.TestTools.UITesting.UITestControl..ctor(String queryId)
   at Microsoft.VisualStudio.TestTools.UITesting.SearchHelper.SearchTopLevelWindow(ISearchArgument topLevelSearchArg, String topLevelElementQueryId)
   at Microsoft.VisualStudio.TestTools.UITesting.SearchHelper.GetTitleUpdatedTopLevelWindow(ISearchArgument topLevelSearchArg, String queryId, IList`1 windowTitles)
   at Microsoft.VisualStudio.TestTools.UITesting.SearchHelper.GetTopLevelElement(Boolean useCache, Boolean useCacheOnly, ISearchArgument searchArg, IList`1 windowTitles, Int32&amp; timeLeft)
   at Microsoft.VisualStudio.TestTools.UITesting.SearchHelper.GetElement(Boolean useCache, ISearchArgument searchArg)
   at Microsoft.VisualStudio.TestTools.UITesting.SearchHelper.Search(ISearchArgument searchArg)
   at Microsoft.VisualStudio.TestTools.UITesting.UITestControl.FindInternal()
   at Microsoft.VisualStudio.TestTools.UITesting.UITestControl.FindControlIfNecessary()
   at Microsoft.VisualStudio.TestTools.UITesting.UITestControl.Click(MouseButtons button, ModifierKeys modifierKeys, Point relativeCoordinates)
   at Microsoft.VisualStudio.TestTools.UITesting.Mouse.ClickImplementation(UITestControl control, MouseButtons button, ModifierKeys modifierKeys, Point relativeCoordinate)
   at Microsoft.VisualStudio.TestTools.UITesting.Mouse.ClickImplementationWrapper(UITestControl control, MouseButtons button, ModifierKeys modifierKeys, Point relativeCoordinate)
W, 3504, 25, 2013/05/23, 17:31:56.026, 2845132251994, QTAgent32.exe, PlaybackErrorHandler: Ignoring exception as ContinueOnError is set.
W, 3504, 25, 2013/05/23, 17:31:56.191, 2845134614174, QTAgent32.exe, &lt;a class=success&gt;Playback - {90} [SUCCESS] MouseButtonClick - "[MSAA, VisibleOnly]ControlType='Button' &amp;&amp; Name='No'"
\0&lt;/a&gt;
W, 3504, 25, 2013/05/23, 17:31:56.537, 2845139565904, QTAgent32.exe, &lt;a class=success&gt;Playback - {91} [SUCCESS] MouseButtonClick - "[MSAA, VisibleOnly]ControlType='Button' &amp;&amp; Name='Ok'"
\0&lt;/a&gt;
W, 3504, 25, 2013/05/23, 17:32:00.796, 2845200554662, QTAgent32.exe, PERF WARNING: FindTopLevelWindowHelper::FindAllDescendents: took 4158 ms. Expected it to take maximum 500 ms.
W, 3504, 25, 2013/05/23, 17:32:00.928, 2845202441246, QTAgent32.exe, &lt;a class=success&gt;Playback - {92} [SUCCESS] MouseButtonClick - "[MSAA, VisibleOnly]ControlType='Client'"
\0&lt;/a&gt;
W, 3504, 25, 2013/05/23, 17:32:03.187, 2845234787041, QTAgent32.exe, &lt;a class=success&gt;Playback - {93} [SUCCESS] SendKeys "{Home}" - "[MSAA, VisibleOnly]ControlType='Client'"
\0&lt;/a&gt;
W, 3504, 25, 2013/05/23, 17:32:06.438, 2845281328645, QTAgent32.exe, &lt;a class=success&gt;Playback - {94} [SUCCESS] MouseButtonClick - "[MSAA, VisibleOnly]ControlType='Button' &amp;&amp; Name='Accept'"
\0&lt;/a&gt;
W, 3504, 25, 2013/05/23, 17:32:07.312, 2845293842880, QTAgent32.exe, PERF WARNING: FindTopLevelWindowHelper::FindAllDescendents: took 773 ms. Expected it to take maximum 500 ms.
W, 3504, 25, 2013/05/23, 17:32:07.828, 2845301234845, QTAgent32.exe, &lt;a class=success&gt;Playback - {95} [SUCCESS] MouseButtonClick - "[MSAA, VisibleOnly]ControlType='Button' &amp;&amp; Name='Yes'"
\0&lt;/a&gt;
W, 3504, 25, 2013/05/23, 17:32:08.170, 2845306139406, QTAgent32.exe, &lt;a class=success&gt;Playback - {96} [SUCCESS] MouseButtonClick - "[MSAA, VisibleOnly]ControlType='Button' &amp;&amp; Name='Ok'"
\0&lt;/a&gt;
W, 3504, 25, 2013/05/23, 17:32:08.434, 2845309912975, QTAgent32.exe, &lt;a class=success&gt;Playback - {97} [SUCCESS] MouseButtonClick - "[MSAA, VisibleOnly]ControlType='Button' &amp;&amp; Name='Ok'"
\0&lt;/a&gt;
W, 3504, 25, 2013/05/23, 17:32:08.949, 2845317289051, QTAgent32.exe, &lt;a class=success&gt;Playback - {98} [SUCCESS] MouseButtonClick - "[MSAA, VisibleOnly]ControlType='Button' &amp;&amp; Name='Confirm'"
\0&lt;/a&gt;
W, 3504, 25, 2013/05/23, 17:32:39.510, 2845754865242, QTAgent32.exe, Playback - [WARNING] Internal warning: Window Not Found: [VisibleOnly]ControlType='Window' &amp;&amp; Name='Save the file as' &amp;&amp; ClassName='#32770'
\0
E, 3504, 25, 2013/05/23, 17:32:39.510, 2845754872612, QTAgent32.exe, &lt;a class=failure&gt;Playback - {99} [FAILED] Function ElementFetcher::FindScreenElement failed to locate UI element (Searching: ;[VisibleOnly]ControlType='Window' &amp;&amp; Name='Save the file as' &amp;&amp; ClassName='#32770') (The object specified was not found.)
\0&lt;/a&gt;
E, 3504, 25, 2013/05/23, 17:32:39.643, 2845756773169, QTAgent32.exe, Playback - [IMAGE] C:\Users\testuser\AppData\Local\Temp\UITestLogs\LastRun\RPFB463.png
\0
W, 3504, 25, 2013/05/23, 17:32:39.643, 2845756775613, QTAgent32.exe, Playback - [WARNING] Internal warning: Couldn't find descendants that match QueryId
\0
W, 3504, 25, 2013/05/23, 17:32:39.644, 2845756783467, QTAgent32.exe, PERF WARNING: FindTopLevelWindowHelper::FindAllDescendents: took 30594 ms. Expected it to take maximum 500 ms.
W, 3504, 25, 2013/05/23, 17:32:59.231, 2846037231488, QTAgent32.exe, Playback - [WARNING] Internal warning: Window Not Found: [VisibleOnly]ControlType='Window' &amp;&amp; Name='Save the file as' &amp;&amp; ClassName='#32770'
\0
E, 3504, 25, 2013/05/23, 17:32:59.231, 2846037241243, QTAgent32.exe, &lt;a class=failure&gt;Playback - {100} [FAILED] Function ElementFetcher::FindScreenElement failed to locate UI element (Searching: ;[VisibleOnly]ControlType='Window' &amp;&amp; Name='Save the file as' &amp;&amp; ClassName='#32770') (The object specified was not found.)
\0&lt;/a&gt;
E, 3504, 25, 2013/05/23, 17:32:59.336, 2846038741667, QTAgent32.exe, Playback - [IMAGE] C:\Users\testuser\AppData\Local\Temp\UITestLogs\LastRun\RPF16B.png
\0
W, 3504, 25, 2013/05/23, 17:32:59.336, 2846038744110, QTAgent32.exe, Playback - [WARNING] Internal warning: Couldn't find descendants that match QueryId
\0
W, 3504, 25, 2013/05/23, 17:32:59.337, 2846038751889, QTAgent32.exe, PERF WARNING: FindTopLevelWindowHelper::FindAllDescendents: took 19692 ms. Expected it to take maximum 500 ms.
W, 3504, 25, 2013/05/23, 17:33:01.982, 2846076623487, QTAgent32.exe, Playback - [WARNING] Internal warning: Smart Match failed
\0
W, 3504, 25, 2013/05/23, 17:33:03.286, 2846095289144, QTAgent32.exe, Playback - [WARNING] Internal warning: Window Not Found: [VisibleOnly]ControlType='Window' &amp;&amp; Name='Save the file as' &amp;&amp; ClassName='#32770'
\0
E, 3504, 25, 2013/05/23, 17:33:03.286, 2846095293501, QTAgent32.exe, &lt;a class=failure&gt;Playback - {101} [FAILED] Function ElementFetcher::FindScreenElement failed to locate UI element (Searching: ;[VisibleOnly]ControlType='Window' &amp;&amp; Name='Save the file as' &amp;&amp; ClassName='#32770') (The object specified was not found.)
\0&lt;/a&gt;
E, 3504, 25, 2013/05/23, 17:33:03.369, 2846096481016, QTAgent32.exe, Playback - [IMAGE] C:\Users\testuser\AppData\Local\Temp\UITestLogs\LastRun\RPF1144.png
\0
W, 3504, 25, 2013/05/23, 17:33:03.369, 2846096483174, QTAgent32.exe, Playback - [WARNING] Internal warning: Couldn't find descendants that match QueryId
\0
W, 3504, 25, 2013/05/23, 17:33:03.369, 2846096489621, QTAgent32.exe, PERF WARNING: FindTopLevelWindowHelper::FindAllDescendents: took 4032 ms. Expected it to take maximum 500 ms.
E, 3504, 25, 2013/05/23, 17:33:03.370, 2846096492777, QTAgent32.exe, Exception: System.Runtime.InteropServices.COMException
	Message: Error HRESULT E_FAIL has been returned from a call to a COM component.
	Stack Trace:    at Microsoft.VisualStudio.TestTools.UITest.Playback.Engine.IRPFPlayback.FindAllScreenElements(IScreenElement pScreenElementStart, String bstrQueryId, Object&amp; pvarResKeys, Int32 cResKeys, Int32 nMaxDepth, Object[]&amp; foundDescendants)
   at Microsoft.VisualStudio.TestTools.UITest.Playback.ScreenElement.FindTopLevelWindowHelper(String queryId)
	BaseExceptionMessage: Error HRESULT E_FAIL has been returned from a call to a COM component.

E, 3504, 25, 2013/05/23, 17:33:03.471, 2846097947001, QTAgent32.exe, AL: Playback Error: Microsoft.VisualStudio.TestTools.UITest.Extension.UITestControlNotFoundException: The playback failed to find the control with the given search properties. Additional Details: 
TechnologyName:  'MSAA'
ControlType:  'Window'
Name:  'Save the file as'
ClassName:  '#32770'
 ---&gt; System.Runtime.InteropServices.COMException: Error HRESULT E_FAIL has been returned from a call to a COM component.
   at Microsoft.VisualStudio.TestTools.UITest.Playback.Engine.IRPFPlayback.FindAllScreenElements(IScreenElement pScreenElementStart, String bstrQueryId, Object&amp; pvarResKeys, Int32 cResKeys, Int32 nMaxDepth, Object[]&amp; foundDescendants)
   at Microsoft.VisualStudio.TestTools.UITest.Playback.ScreenElement.FindTopLevelWindowHelper(String queryId)
   at Microsoft.VisualStudio.TestTools.UITest.Playback.ScreenElement.FindFromPartialQueryId(String queryId)
   at Microsoft.VisualStudio.TestTools.UITesting.UITestControl..ctor(String queryId)
   --- End of inner exception stack trace ---
   at Microsoft.VisualStudio.TestTools.UITesting.Playback.MapControlNotFoundException(COMException ex, IPlaybackContext context)
   at Microsoft.VisualStudio.TestTools.UITesting.Playback.MapAndThrowComException(COMException innerException, IPlaybackContext context)
   at Microsoft.VisualStudio.TestTools.UITesting.Playback.MapAndThrowException(SystemException exception, IPlaybackContext context)
   at Microsoft.VisualStudio.TestTools.UITesting.Playback.MapAndThrowException(SystemException exception, String queryId)
   at Microsoft.VisualStudio.TestTools.UITesting.UITestControl..ctor(String queryId)
   at Microsoft.VisualStudio.TestTools.UITesting.SearchHelper.SearchTopLevelWindow(ISearchArgument topLevelSearchArg, String topLevelElementQueryId)
   at Microsoft.VisualStudio.TestTools.UITesting.SearchHelper.GetTitleUpdatedTopLevelWindow(ISearchArgument topLevelSearchArg, String queryId, IList`1 windowTitles)
   at Microsoft.VisualStudio.TestTools.UITesting.SearchHelper.GetTopLevelElement(Boolean useCache, Boolean useCacheOnly, ISearchArgument searchArg, IList`1 windowTitles, Int32&amp; timeLeft)
   at Microsoft.VisualStudio.TestTools.UITesting.SearchHelper.GetElement(Boolean useCache, ISearchArgument searchArg)
   at Microsoft.VisualStudio.TestTools.UITesting.SearchHelper.Search(ISearchArgument searchArg)
   at Microsoft.VisualStudio.TestTools.UITesting.UITestControl.FindInternal()
   at Microsoft.VisualStudio.TestTools.UITesting.UITestControl.FindControlIfNecessary()
   at Microsoft.VisualStudio.TestTools.UITesting.UITestControl.Click(MouseButtons button, ModifierKeys modifierKeys, Point relativeCoordinates)
   at Microsoft.VisualStudio.TestTools.UITesting.Mouse.ClickImplementation(UITestControl control, MouseButtons button, ModifierKeys modifierKeys, Point relativeCoordinate)
   at Microsoft.VisualStudio.TestTools.UITesting.Mouse.ClickImplementationWrapper(UITestControl control, MouseButtons button, ModifierKeys modifierKeys, Point relativeCoordinate)
W, 3504, 25, 2013/05/23, 17:33:03.471, 2846097950680, QTAgent32.exe, PlaybackErrorHandler: Ignoring exception as ContinueOnError is set.
W, 3504, 25, 2013/05/23, 17:33:03.628, 2846100192254, QTAgent32.exe, &lt;a class=success&gt;Playback - {102} [SUCCESS] Check - "[MSAA, VisibleOnly]ControlType='CheckBox' &amp;&amp; Name='Defer Printing?'"
\0&lt;/a&gt;
W, 3504, 25, 2013/05/23, 17:33:04.123, 2846107281509, QTAgent32.exe, &lt;a class=success&gt;Playback - {103} [SUCCESS] MouseButtonClick - "[MSAA, VisibleOnly]ControlType='Button' &amp;&amp; Name='Ok'"
\0&lt;/a&gt;
W, 3504, 25, 2013/05/23, 17:33:06.104, 2846135640196, QTAgent32.exe, PERF WARNING: FindTopLevelWindowHelper::FindAllDescendents: took 1880 ms. Expected it to take maximum 500 ms.
W, 3504, 25, 2013/05/23, 17:33:06.254, 2846137796526, QTAgent32.exe, &lt;a class=success&gt;Playback - {104} [SUCCESS] Uncheck - "[MSAA, VisibleOnly]ControlType='CheckBox' &amp;&amp; Name='Add Activity'"
\0&lt;/a&gt;
W, 3504, 25, 2013/05/23, 17:33:08.789, 2846174088298, QTAgent32.exe, &lt;a class=success&gt;Playback - {105} [SUCCESS] MouseButtonClick - "[MSAA, VisibleOnly]ControlType='Button' &amp;&amp; Name='Ok'"
\0&lt;/a&gt;
W, 3504, 25, 2013/05/23, 17:33:09.039, 2846177671075, QTAgent32.exe, &lt;a class=success&gt;Playback - {106} [SUCCESS] MouseButtonClick - "[MSAA, VisibleOnly]ControlType='Button' &amp;&amp; Name='Ok'"
\0&lt;/a&gt;
W, 3504, 25, 2013/05/23, 17:33:13.406, 2846240190449, QTAgent32.exe, PERF WARNING: FindTopLevelWindowHelper::FindAllDescendents: took 4263 ms. Expected it to take maximum 500 ms.
W, 3504, 25, 2013/05/23, 17:33:13.547, 2846242218500, QTAgent32.exe, &lt;a class=success&gt;Playback - {107} [SUCCESS] MouseButtonClick - "[MSAA, VisibleOnly]ControlType='Button' &amp;&amp; Name='OK'"
\0&lt;/a&gt;
W, 3504, 25, 2013/05/23, 17:33:13.797, 2846245792045, QTAgent32.exe, &lt;a class=success&gt;Playback - {108} [SUCCESS] MouseButtonClick - "[MSAA, VisibleOnly]ControlType='Button' &amp;&amp; Name='Cancel'"
\0&lt;/a&gt;
W, 3504, 25, 2013/05/23, 17:33:14.073, 2846249750289, QTAgent32.exe, &lt;a class=success&gt;Playback - {109} [SUCCESS] MouseButtonClick - "[MSAA, VisibleOnly]ControlType='Button'"
\0&lt;/a&gt;
W, 3504, 25, 2013/05/23, 17:33:14.699, 2846258711422, QTAgent32.exe, &lt;a class=success&gt;Playback - {110} [SUCCESS] MouseButtonClick - "[MSAA, VisibleOnly]ControlType='Button' &amp;&amp; Name='Detail'"
\0&lt;/a&gt;
W, 3504, 25, 2013/05/23, 17:33:21.771, 2846359966294, QTAgent32.exe, Playback - [WARNING] Internal warning: Window Not Found: [VisibleOnly]ControlType='Window' &amp;&amp; Name='Connect to www.insur-econnect.com'
\0
E, 3504, 25, 2013/05/23, 17:33:21.771, 2846359969384, QTAgent32.exe, &lt;a class=failure&gt;Playback - {111} [FAILED] Function ElementFetcher::FindScreenElement failed to locate UI element (Searching: ;[VisibleOnly]ControlType='Window' &amp;&amp; Name='Connect to www.insur-econnect.com') (The object specified was not found.)
\0&lt;/a&gt;
E, 3504, 25, 2013/05/23, 17:33:21.881, 2846361538284, QTAgent32.exe, Playback - [IMAGE] C:\Users\testuser\AppData\Local\Temp\UITestLogs\LastRun\RPF597B.png
\0
W, 3504, 25, 2013/05/23, 17:33:21.881, 2846361541028, QTAgent32.exe, Playback - [WARNING] Internal warning: Couldn't find descendants that match QueryId
\0
W, 3504, 25, 2013/05/23, 17:33:21.881, 2846361544066, QTAgent32.exe, PERF WARNING: FindTopLevelWindowHelper::FindAllDescendents: took 1776 ms. Expected it to take maximum 500 ms.
W, 3504, 25, 2013/05/23, 17:33:40.053, 2846621737899, QTAgent32.exe, Playback - [WARNING] Internal warning: Window Not Found: [VisibleOnly]ControlType='Window' &amp;&amp; Name='Connect to www.insur-econnect.com'
\0
E, 3504, 25, 2013/05/23, 17:33:40.053, 2846621740975, QTAgent32.exe, &lt;a class=failure&gt;Playback - {112} [FAILED] Function ElementFetcher::FindScreenElement failed to locate UI element (Searching: ;[VisibleOnly]ControlType='Window' &amp;&amp; Name='Connect to www.insur-econnect.com') (The object specified was not found.)
\0&lt;/a&gt;
E, 3504, 25, 2013/05/23, 17:33:40.151, 2846623137158, QTAgent32.exe, Playback - [IMAGE] C:\Users\testuser\AppData\Local\Temp\UITestLogs\LastRun\RPFA0E7.png
\0
W, 3504, 25, 2013/05/23, 17:33:40.151, 2846623140873, QTAgent32.exe, Playback - [WARNING] Internal warning: Couldn't find descendants that match QueryId
\0
W, 3504, 25, 2013/05/23, 17:33:40.151, 2846623143893, QTAgent32.exe, PERF WARNING: FindTopLevelWindowHelper::FindAllDescendents: took 18270 ms. Expected it to take maximum 500 ms.
W, 3504, 25, 2013/05/23, 17:33:40.606, 2846629655835, QTAgent32.exe, Playback - [WARNING] Internal warning: Smart Match failed
\0
W, 3504, 25, 2013/05/23, 17:33:40.990, 2846635141945, QTAgent32.exe, Playback - [WARNING] Internal warning: Smart Match failed
\0
W, 3504, 25, 2013/05/23, 17:33:41.373, 2846640627665, QTAgent32.exe, Playback - [WARNING] Internal warning: Smart Match failed
\0
W, 3504, 25, 2013/05/23, 17:33:41.776, 2846646400936, QTAgent32.exe, Playback - [WARNING] Internal warning: Smart Match failed
\0
W, 3504, 25, 2013/05/23, 17:33:42.168, 2846652014855, QTAgent32.exe, Playback - [WARNING] Internal warning: Smart Match failed
\0
W, 3504, 25, 2013/05/23, 17:33:42.578, 2846657890578, QTAgent32.exe, Playback - [WARNING] Internal warning: Smart Match failed
\0
W, 3504, 25, 2013/05/23, 17:33:42.991, 2846663801925, QTAgent32.exe, Playback - [WARNING] Internal warning: Smart Match failed
\0
W, 3504, 25, 2013/05/23, 17:33:43.278, 2846667916291, QTAgent32.exe, Playback - [WARNING] Internal warning: Window Not Found: [VisibleOnly]ControlType='Window' &amp;&amp; Name='Connect to www.insur-econnect.com'
\0
E, 3504, 25, 2013/05/23, 17:33:43.279, 2846667919512, QTAgent32.exe, &lt;a class=failure&gt;Playback - {113} [FAILED] Function ElementFetcher::FindScreenElement failed to locate UI element (Searching: ;[VisibleOnly]ControlType='Window' &amp;&amp; Name='Connect to www.insur-econnect.com') (The object specified was not found.)
\0&lt;/a&gt;
E, 3504, 25, 2013/05/23, 17:33:43.370, 2846669232235, QTAgent32.exe, Playback - [IMAGE] C:\Users\testuser\AppData\Local\Temp\UITestLogs\LastRun\RPFAD86.png
\0
W, 3504, 25, 2013/05/23, 17:33:43.371, 2846669234618, QTAgent32.exe, Playback - [WARNING] Internal warning: Couldn't find descendants that match QueryId
\0
W, 3504, 25, 2013/05/23, 17:33:43.371, 2846669237663, QTAgent32.exe, PERF WARNING: FindTopLevelWindowHelper::FindAllDescendents: took 3218 ms. Expected it to take maximum 500 ms.
E, 3504, 25, 2013/05/23, 17:33:43.371, 2846669239351, QTAgent32.exe, Exception: System.Runtime.InteropServices.COMException
	Message: Error HRESULT E_FAIL has been returned from a call to a COM component.
	Stack Trace:    at Microsoft.VisualStudio.TestTools.UITest.Playback.Engine.IRPFPlayback.FindAllScreenElements(IScreenElement pScreenElementStart, String bstrQueryId, Object&amp; pvarResKeys, Int32 cResKeys, Int32 nMaxDepth, Object[]&amp; foundDescendants)
   at Microsoft.VisualStudio.TestTools.UITest.Playback.ScreenElement.FindTopLevelWindowHelper(String queryId)
	BaseExceptionMessage: Error HRESULT E_FAIL has been returned from a call to a COM component.

W, 3504, 25, 2013/05/23, 17:33:44.741, 2846688852978, QTAgent32.exe, Playback - [WARNING] Internal warning: Window Not Found: [VisibleOnly]ControlType='Window' &amp;&amp; Name='Windows Security'
\0
E, 3504, 25, 2013/05/23, 17:33:44.741, 2846688855980, QTAgent32.exe, &lt;a class=failure&gt;Playback - {114} [FAILED] Function ElementFetcher::FindScreenElement failed to locate UI element (Searching: ;[VisibleOnly]ControlType='Window' &amp;&amp; Name='Windows Security') (The object specified was not found.)
\0&lt;/a&gt;
E, 3504, 25, 2013/05/23, 17:33:44.821, 2846690010426, QTAgent32.exe, Playback - [IMAGE] C:\Users\testuser\AppData\Local\Temp\UITestLogs\LastRun\RPFB341.png
\0
W, 3504, 25, 2013/05/23, 17:33:44.822, 2846690012935, QTAgent32.exe, Playback - [WARNING] Internal warning: Couldn't find descendants that match QueryId
\0
W, 3504, 25, 2013/05/23, 17:33:44.822, 2846690015798, QTAgent32.exe, PERF WARNING: FindTopLevelWindowHelper::FindAllDescendents: took 1448 ms. Expected it to take maximum 500 ms.
W, 3504, 25, 2013/05/23, 17:34:03.140, 2846952301157, QTAgent32.exe, Playback - [WARNING] Internal warning: Window Not Found: [VisibleOnly]ControlType='Window' &amp;&amp; Name='Windows Security'
\0
E, 3504, 25, 2013/05/23, 17:34:03.141, 2846952306932, QTAgent32.exe, &lt;a class=failure&gt;Playback - {115} [FAILED] Function ElementFetcher::FindScreenElement failed to locate UI element (Searching: ;[VisibleOnly]ControlType='Window' &amp;&amp; Name='Windows Security') (The object specified was not found.)
\0&lt;/a&gt;
E, 3504, 25, 2013/05/23, 17:34:03.224, 2846953496810, QTAgent32.exe, Playback - [IMAGE] C:\Users\testuser\AppData\Local\Temp\UITestLogs\LastRun\RPFFB1A.png
\0
W, 3504, 25, 2013/05/23, 17:34:03.224, 2846953499244, QTAgent32.exe, Playback - [WARNING] Internal warning: Couldn't find descendants that match QueryId
\0
W, 3504, 25, 2013/05/23, 17:34:03.224, 2846953506572, QTAgent32.exe, PERF WARNING: FindTopLevelWindowHelper::FindAllDescendents: took 18402 ms. Expected it to take maximum 500 ms.
W, 3504, 25, 2013/05/23, 17:34:03.646, 2846959544394, QTAgent32.exe, Playback - [WARNING] Internal warning: Smart Match failed
\0
W, 3504, 25, 2013/05/23, 17:34:04.051, 2846965340061, QTAgent32.exe, Playback - [WARNING] Internal warning: Smart Match failed
\0
W, 3504, 25, 2013/05/23, 17:34:04.477, 2846971439943, QTAgent32.exe, Playback - [WARNING] Internal warning: Smart Match failed
\0
W, 3504, 25, 2013/05/23, 17:34:04.889, 2846977330652, QTAgent32.exe, Playback - [WARNING] Internal warning: Smart Match failed
\0
W, 3504, 25, 2013/05/23, 17:34:05.282, 2846982958572, QTAgent32.exe, Playback - [WARNING] Internal warning: Smart Match failed
\0
W, 3504, 25, 2013/05/23, 17:34:05.676, 2846988600641, QTAgent32.exe, Playback - [WARNING] Internal warning: Smart Match failed
\0
W, 3504, 25, 2013/05/23, 17:34:06.053, 2846994007882, QTAgent32.exe, Playback - [WARNING] Internal warning: Smart Match failed
\0
W, 3504, 25, 2013/05/23, 17:34:06.318, 2846997795155, QTAgent32.exe, Playback - [WARNING] Internal warning: Window Not Found: [VisibleOnly]ControlType='Window' &amp;&amp; Name='Windows Security'
\0
E, 3504, 25, 2013/05/23, 17:34:06.318, 2846997798059, QTAgent32.exe, &lt;a class=failure&gt;Playback - {116} [FAILED] Function ElementFetcher::FindScreenElement failed to locate UI element (Searching: ;[VisibleOnly]ControlType='Window' &amp;&amp; Name='Windows Security') (The object specified was not found.)
\0&lt;/a&gt;
E, 3504, 25, 2013/05/23, 17:34:06.408, 2846999085093, QTAgent32.exe, Playback - [IMAGE] C:\Users\testuser\AppData\Local\Temp\UITestLogs\LastRun\RPF78A.png
\0
W, 3504, 25, 2013/05/23, 17:34:06.408, 2846999087561, QTAgent32.exe, Playback - [WARNING] Internal warning: Couldn't find descendants that match QueryId
\0
W, 3504, 25, 2013/05/23, 17:34:06.408, 2846999091310, QTAgent32.exe, PERF WARNING: FindTopLevelWindowHelper::FindAllDescendents: took 3183 ms. Expected it to take maximum 500 ms.
E, 3504, 25, 2013/05/23, 17:34:06.408, 2846999093290, QTAgent32.exe, Exception: System.Runtime.InteropServices.COMException
	Message: Error HRESULT E_FAIL has been returned from a call to a COM component.
	Stack Trace:    at Microsoft.VisualStudio.TestTools.UITest.Playback.Engine.IRPFPlayback.FindAllScreenElements(IScreenElement pScreenElementStart, String bstrQueryId, Object&amp; pvarResKeys, Int32 cResKeys, Int32 nMaxDepth, Object[]&amp; foundDescendants)
   at Microsoft.VisualStudio.TestTools.UITest.Playback.ScreenElement.FindTopLevelWindowHelper(String queryId)
	BaseExceptionMessage: Error HRESULT E_FAIL has been returned from a call to a COM component.

E, 3504, 25, 2013/05/23, 17:34:06.509, 2847000538999, QTAgent32.exe, AL: Playback Error: Microsoft.VisualStudio.TestTools.UITest.Extension.UITestControlNotFoundException: The playback failed to find the control with the given search properties. Additional Details: 
TechnologyName:  'MSAA'
ControlType:  'Window'
Name:  'Windows Security'
 ---&gt; System.Runtime.InteropServices.COMException: Error HRESULT E_FAIL has been returned from a call to a COM component.
   at Microsoft.VisualStudio.TestTools.UITest.Playback.Engine.IRPFPlayback.FindAllScreenElements(IScreenElement pScreenElementStart, String bstrQueryId, Object&amp; pvarResKeys, Int32 cResKeys, Int32 nMaxDepth, Object[]&amp; foundDescendants)
   at Microsoft.VisualStudio.TestTools.UITest.Playback.ScreenElement.FindTopLevelWindowHelper(String queryId)
   at Microsoft.VisualStudio.TestTools.UITest.Playback.ScreenElement.FindFromPartialQueryId(String queryId)
   at Microsoft.VisualStudio.TestTools.UITesting.UITestControl..ctor(String queryId)
   --- End of inner exception stack trace ---
   at Microsoft.VisualStudio.TestTools.UITesting.Playback.MapControlNotFoundException(COMException ex, IPlaybackContext context)
   at Microsoft.VisualStudio.TestTools.UITesting.Playback.MapAndThrowComException(COMException innerException, IPlaybackContext context)
   at Microsoft.VisualStudio.TestTools.UITesting.Playback.MapAndThrowException(SystemException exception, IPlaybackContext context)
   at Microsoft.VisualStudio.TestTools.UITesting.Playback.MapAndThrowException(SystemException exception, String queryId)
   at Microsoft.VisualStudio.TestTools.UITesting.UITestControl..ctor(String queryId)
   at Microsoft.VisualStudio.TestTools.UITesting.SearchHelper.SearchTopLevelWindow(ISearchArgument topLevelSearchArg, String topLevelElementQueryId)
   at Microsoft.VisualStudio.TestTools.UITesting.SearchHelper.GetTitleUpdatedTopLevelWindow(ISearchArgument topLevelSearchArg, String queryId, IList`1 windowTitles)
   at Microsoft.VisualStudio.TestTools.UITesting.SearchHelper.GetTopLevelElement(Boolean useCache, Boolean useCacheOnly, ISearchArgument searchArg, IList`1 windowTitles, Int32&amp; timeLeft)
   at Microsoft.VisualStudio.TestTools.UITesting.SearchHelper.GetElement(Boolean useCache, ISearchArgument searchArg)
   at Microsoft.VisualStudio.TestTools.UITesting.SearchHelper.Search(ISearchArgument searchArg)
   at Microsoft.VisualStudio.TestTools.UITesting.UITestControl.FindInternal()
   at Microsoft.VisualStudio.TestTools.UITesting.UITestControl.FindControlIfNecessary()
   at Microsoft.VisualStudio.TestTools.UITesting.UITestControl.SendKeys(String text, ModifierKeys modifierKeys, Boolean isEncoded, Boolean isUnicode)
   at Microsoft.VisualStudio.TestTools.UITesting.Keyboard.SendKeysImplementation(UITestControl control, String text, ModifierKeys modifierKeys, Boolean isEncoded, Boolean isUnicode)
   at Microsoft.VisualStudio.TestTools.UITesting.Keyboard.SendKeysImplementationWrapper(UITestControl control, String text, ModifierKeys modifierKeys, Boolean isEncoded, Boolean isUnicode)
W, 3504, 25, 2013/05/23, 17:34:06.510, 2847000543033, QTAgent32.exe, PlaybackErrorHandler: Ignoring exception as ContinueOnError is set.
W, 3504, 25, 2013/05/23, 17:34:07.964, 2847021372106, QTAgent32.exe, Playback - [WARNING] Internal warning: Window Not Found: [VisibleOnly]ControlType='Window' &amp;&amp; Name='Windows Security'
\0
E, 3504, 25, 2013/05/23, 17:34:07.964, 2847021375138, QTAgent32.exe, &lt;a class=failure&gt;Playback - {117} [FAILED] Function ElementFetcher::FindScreenElement failed to locate UI element (Searching: ;[VisibleOnly]ControlType='Window' &amp;&amp; Name='Windows Security') (The object specified was not found.)
\0&lt;/a&gt;
E, 3504, 25, 2013/05/23, 17:34:08.059, 2847022725532, QTAgent32.exe, Playback - [IMAGE] C:\Users\testuser\AppData\Local\Temp\UITestLogs\LastRun\RPFDF1.png
\0
W, 3504, 25, 2013/05/23, 17:34:08.059, 2847022728001, QTAgent32.exe, Playback - [WARNING] Internal warning: Couldn't find descendants that match QueryId
\0
W, 3504, 25, 2013/05/23, 17:34:08.059, 2847022731871, QTAgent32.exe, PERF WARNING: FindTopLevelWindowHelper::FindAllDescendents: took 1549 ms. Expected it to take maximum 500 ms.
W, 3504, 25, 2013/05/23, 17:34:26.330, 2847284341088, QTAgent32.exe, Playback - [WARNING] Internal warning: Window Not Found: [VisibleOnly]ControlType='Window' &amp;&amp; Name='Windows Security'
\0
E, 3504, 25, 2013/05/23, 17:34:26.331, 2847284345537, QTAgent32.exe, &lt;a class=failure&gt;Playback - {118} [FAILED] Function ElementFetcher::FindScreenElement failed to locate UI element (Searching: ;[VisibleOnly]ControlType='Window' &amp;&amp; Name='Windows Security') (The object specified was not found.)
\0&lt;/a&gt;
E, 3504, 25, 2013/05/23, 17:34:26.420, 2847285625461, QTAgent32.exe, Playback - [IMAGE] C:\Users\testuser\AppData\Local\Temp\UITestLogs\LastRun\RPF55BB.png
\0
W, 3504, 25, 2013/05/23, 17:34:26.420, 2847285627651, QTAgent32.exe, Playback - [WARNING] Internal warning: Couldn't find descendants that match QueryId
\0
W, 3504, 25, 2013/05/23, 17:34:26.421, 2847285633633, QTAgent32.exe, PERF WARNING: FindTopLevelWindowHelper::FindAllDescendents: took 18361 ms. Expected it to take maximum 500 ms.
W, 3504, 25, 2013/05/23, 17:34:26.844, 2847291701700, QTAgent32.exe, Playback - [WARNING] Internal warning: Smart Match failed
\0
W, 3504, 25, 2013/05/23, 17:34:27.232, 2847297258335, QTAgent32.exe, Playback - [WARNING] Internal warning: Smart Match failed
\0
W, 3504, 25, 2013/05/23, 17:34:27.628, 2847302924140, QTAgent32.exe, Playback - [WARNING] Internal warning: Smart Match failed
\0
W, 3504, 25, 2013/05/23, 17:34:28.008, 2847308370076, QTAgent32.exe, Playback - [WARNING] Internal warning: Smart Match failed
\0
W, 3504, 25, 2013/05/23, 17:34:28.424, 2847314319800, QTAgent32.exe, Playback - [WARNING] Internal warning: Smart Match failed
\0
W, 3504, 25, 2013/05/23, 17:34:28.835, 2847320202761, QTAgent32.exe, Playback - [WARNING] Internal warning: Smart Match failed
\0
W, 3504, 25, 2013/05/23, 17:34:29.246, 2847326083337, QTAgent32.exe, Playback - [WARNING] Internal warning: Smart Match failed
\0
W, 3504, 25, 2013/05/23, 17:34:29.533, 2847330196120, QTAgent32.exe, Playback - [WARNING] Internal warning: Window Not Found: [VisibleOnly]ControlType='Window' &amp;&amp; Name='Windows Security'
\0
E, 3504, 25, 2013/05/23, 17:34:29.533, 2847330199027, QTAgent32.exe, &lt;a class=failure&gt;Playback - {119} [FAILED] Function ElementFetcher::FindScreenElement failed to locate UI element (Searching: ;[VisibleOnly]ControlType='Window' &amp;&amp; Name='Windows Security') (The object specified was not found.)
\0&lt;/a&gt;
E, 3504, 25, 2013/05/23, 17:34:29.617, 2847331403754, QTAgent32.exe, Playback - [IMAGE] C:\Users\testuser\AppData\Local\Temp\UITestLogs\LastRun\RPF623A.png
\0
W, 3504, 25, 2013/05/23, 17:34:29.618, 2847331406285, QTAgent32.exe, Playback - [WARNING] Internal warning: Couldn't find descendants that match QueryId
\0
W, 3504, 25, 2013/05/23, 17:34:29.618, 2847331409628, QTAgent32.exe, PERF WARNING: FindTopLevelWindowHelper::FindAllDescendents: took 3196 ms. Expected it to take maximum 500 ms.
E, 3504, 25, 2013/05/23, 17:34:29.618, 2847331411578, QTAgent32.exe, Exception: System.Runtime.InteropServices.COMException
	Message: Error HRESULT E_FAIL has been returned from a call to a COM component.
	Stack Trace:    at Microsoft.VisualStudio.TestTools.UITest.Playback.Engine.IRPFPlayback.FindAllScreenElements(IScreenElement pScreenElementStart, String bstrQueryId, Object&amp; pvarResKeys, Int32 cResKeys, Int32 nMaxDepth, Object[]&amp; foundDescendants)
   at Microsoft.VisualStudio.TestTools.UITest.Playback.ScreenElement.FindTopLevelWindowHelper(String queryId)
	BaseExceptionMessage: Error HRESULT E_FAIL has been returned from a call to a COM component.

E, 3504, 25, 2013/05/23, 17:34:29.719, 2847332861877, QTAgent32.exe, AL: Playback Error: Microsoft.VisualStudio.TestTools.UITest.Extension.UITestControlNotFoundException: The playback failed to find the control with the given search properties. Additional Details: 
TechnologyName:  'MSAA'
ControlType:  'Window'
Name:  'Windows Security'
 ---&gt; System.Runtime.InteropServices.COMException: Error HRESULT E_FAIL has been returned from a call to a COM component.
   at Microsoft.VisualStudio.TestTools.UITest.Playback.Engine.IRPFPlayback.FindAllScreenElements(IScreenElement pScreenElementStart, String bstrQueryId, Object&amp; pvarResKeys, Int32 cResKeys, Int32 nMaxDepth, Object[]&amp; foundDescendants)
   at Microsoft.VisualStudio.TestTools.UITest.Playback.ScreenElement.FindTopLevelWindowHelper(String queryId)
   at Microsoft.VisualStudio.TestTools.UITest.Playback.ScreenElement.FindFromPartialQueryId(String queryId)
   at Microsoft.VisualStudio.TestTools.UITesting.UITestControl..ctor(String queryId)
   --- End of inner exception stack trace ---
   at Microsoft.VisualStudio.TestTools.UITesting.Playback.MapControlNotFoundException(COMException ex, IPlaybackContext context)
   at Microsoft.VisualStudio.TestTools.UITesting.Playback.MapAndThrowComException(COMException innerException, IPlaybackContext context)
   at Microsoft.VisualStudio.TestTools.UITesting.Playback.MapAndThrowException(SystemException exception, IPlaybackContext context)
   at Microsoft.VisualStudio.TestTools.UITesting.Playback.MapAndThrowException(SystemException exception, String queryId)
   at Microsoft.VisualStudio.TestTools.UITesting.UITestControl..ctor(String queryId)
   at Microsoft.VisualStudio.TestTools.UITesting.SearchHelper.SearchTopLevelWindow(ISearchArgument topLevelSearchArg, String topLevelElementQueryId)
   at Microsoft.VisualStudio.TestTools.UITesting.SearchHelper.GetTitleUpdatedTopLevelWindow(ISearchArgument topLevelSearchArg, String queryId, IList`1 windowTitles)
   at Microsoft.VisualStudio.TestTools.UITesting.SearchHelper.GetTopLevelElement(Boolean useCache, Boolean useCacheOnly, ISearchArgument searchArg, IList`1 windowTitles, Int32&amp; timeLeft)
   at Microsoft.VisualStudio.TestTools.UITesting.SearchHelper.GetElement(Boolean useCache, ISearchArgument searchArg)
   at Microsoft.VisualStudio.TestTools.UITesting.SearchHelper.Search(ISearchArgument searchArg)
   at Microsoft.VisualStudio.TestTools.UITesting.UITestControl.FindInternal()
   at Microsoft.VisualStudio.TestTools.UITesting.UITestControl.FindControlIfNecessary()
   at Microsoft.VisualStudio.TestTools.UITesting.UITestControl.Click(MouseButtons button, ModifierKeys modifierKeys, Point relativeCoordinates)
   at Microsoft.VisualStudio.TestTools.UITesting.Mouse.ClickImplementation(UITestControl control, MouseButtons button, ModifierKeys modifierKeys, Point relativeCoordinate)
   at Microsoft.VisualStudio.TestTools.UITesting.Mouse.ClickImplementationWrapper(UITestControl control, MouseButtons button, ModifierKeys modifierKeys, Point relativeCoordinate)
W, 3504, 25, 2013/05/23, 17:34:29.719, 2847332865420, QTAgent32.exe, PlaybackErrorHandler: Ignoring exception as ContinueOnError is set.
E, 3504, 25, 2013/05/23, 17:34:30.257, 2847340564473, QTAgent32.exe, IEDOM: GetIEWebControl() is unable to get the IE control
E, 3504, 25, 2013/05/23, 17:34:30.267, 2847340700406, QTAgent32.exe, IEDOM: GetIEWebControl() is unable to get the IE control
E, 3504, 25, 2013/05/23, 17:34:30.274, 2847340807778, QTAgent32.exe, IEDOM: GetIEWebControl() is unable to get the IE control
E, 3504, 25, 2013/05/23, 17:34:31.812, 2847362824353, QTAgent32.exe, IEDOM: GetIEWebControl() is unable to get the IE control
E, 3504, 25, 2013/05/23, 17:34:31.880, 2847363810132, QTAgent32.exe, IEDOM: GetIEWebControl() is unable to get the IE control
W, 3504, 25, 2013/05/23, 17:34:31.881, 2847363817686, QTAgent32.exe, Playback - [WARNING] Internal warning: Plugin based EnsureVisibleByScrolling failed to make element Visible. Trying to compose scrollable containers.
\0
W, 3504, 25, 2013/05/23, 17:34:31.964, 2847365005974, QTAgent32.exe, Playback - [WARNING] Internal warning: Convertion of Web elements to MSAA is not supported in the current version
\0
E, 3504, 25, 2013/05/23, 17:34:32.380, 2847370958350, QTAgent32.exe, IEDOM: GetIEWebControl() is unable to get the IE control
W, 3504, 25, 2013/05/23, 17:34:32.381, 2847370965237, QTAgent32.exe, Playback - [WARNING] Internal warning: Plugin based EnsureVisibleByScrolling failed to make element Visible. Trying ScrollByCoordinates algorithm
\0
E, 3504, 25, 2013/05/23, 17:34:32.432, 2847371704488, QTAgent32.exe, IEDOM: GetIEWebControl() is unable to get the IE control
E, 3504, 25, 2013/05/23, 17:34:32.433, 2847371711236, QTAgent32.exe, IEDOM: GetIEWebControl() is unable to get the IE control
E, 3504, 25, 2013/05/23, 17:34:32.433, 2847371716689, QTAgent32.exe, IEDOM: GetIEWebControl() is unable to get the IE control
E, 3504, 25, 2013/05/23, 17:34:32.433, 2847371721621, QTAgent32.exe, IEDOM: GetIEWebControl() is unable to get the IE control
E, 3504, 25, 2013/05/23, 17:34:32.434, 2847371727648, QTAgent32.exe, IEDOM: GetIEWebControl() is unable to get the IE control
E, 3504, 25, 2013/05/23, 17:34:32.449, 2847371938119, QTAgent32.exe, IEDOM: GetIEWebControl() is unable to get the IE control
E, 3504, 25, 2013/05/23, 17:34:32.449, 2847371944792, QTAgent32.exe, IEDOM: GetIEWebControl() is unable to get the IE control
E, 3504, 25, 2013/05/23, 17:34:32.449, 2847371949499, QTAgent32.exe, IEDOM: GetIEWebControl() is unable to get the IE control
E, 3504, 25, 2013/05/23, 17:34:32.451, 2847371966918, QTAgent32.exe, IEDOM: GetIEWebControl() is unable to get the IE control
E, 3504, 25, 2013/05/23, 17:34:32.451, 2847371972155, QTAgent32.exe, IEDOM: GetIEWebControl() is unable to get the IE control
E, 3504, 25, 2013/05/23, 17:34:32.473, 2847372294042, QTAgent32.exe, IEDOM: GetIEWebControl() is unable to get the IE control
E, 3504, 25, 2013/05/23, 17:34:32.498, 2847372644717, QTAgent32.exe, IEDOM: GetIEWebControl() is unable to get the IE control
E, 3504, 25, 2013/05/23, 17:34:32.518, 2847372939479, QTAgent32.exe, IEDOM: GetIEWebControl() is unable to get the IE control
W, 3504, 25, 2013/05/23, 17:34:32.519, 2847372946086, QTAgent32.exe, Playback - [WARNING] Internal warning: Plugin based EnsureVisibleByScrolling failed to make element Visible. Trying ScrollByCoordinates algorithm
\0
E, 3504, 25, 2013/05/23, 17:34:32.526, 2847373045223, QTAgent32.exe, IEDOM: GetIEWebControl() is unable to get the IE control
E, 3504, 25, 2013/05/23, 17:34:32.533, 2847373151617, QTAgent32.exe, IEDOM: GetIEWebControl() is unable to get the IE control
E, 3504, 25, 2013/05/23, 17:34:32.534, 2847373157816, QTAgent32.exe, IEDOM: GetIEWebControl() is unable to get the IE control
E, 3504, 25, 2013/05/23, 17:34:32.534, 2847373161634, QTAgent32.exe, IEDOM: GetIEWebControl() is unable to get the IE control
E, 3504, 25, 2013/05/23, 17:34:32.534, 2847373166552, QTAgent32.exe, IEDOM: GetIEWebControl() is unable to get the IE control
E, 3504, 25, 2013/05/23, 17:34:32.535, 2847373171460, QTAgent32.exe, IEDOM: GetIEWebControl() is unable to get the IE control
E, 3504, 25, 2013/05/23, 17:34:32.535, 2847373176221, QTAgent32.exe, IEDOM: GetIEWebControl() is unable to get the IE control
E, 3504, 25, 2013/05/23, 17:34:32.535, 2847373181104, QTAgent32.exe, IEDOM: GetIEWebControl() is unable to get the IE control
E, 3504, 25, 2013/05/23, 17:34:32.536, 2847373186056, QTAgent32.exe, IEDOM: GetIEWebControl() is unable to get the IE control
E, 3504, 25, 2013/05/23, 17:34:32.536, 2847373190976, QTAgent32.exe, IEDOM: GetIEWebControl() is unable to get the IE control
E, 3504, 25, 2013/05/23, 17:34:32.536, 2847373195754, QTAgent32.exe, IEDOM: GetIEWebControl() is unable to get the IE control
E, 3504, 25, 2013/05/23, 17:34:32.537, 2847373200672, QTAgent32.exe, IEDOM: GetIEWebControl() is unable to get the IE control
E, 3504, 25, 2013/05/23, 17:34:32.537, 2847373205583, QTAgent32.exe, IEDOM: GetIEWebControl() is unable to get the IE control
E, 3504, 25, 2013/05/23, 17:34:32.537, 2847373210302, QTAgent32.exe, IEDOM: GetIEWebControl() is unable to get the IE control
E, 3504, 25, 2013/05/23, 17:34:32.538, 2847373215230, QTAgent32.exe, IEDOM: GetIEWebControl() is unable to get the IE control
E, 3504, 25, 2013/05/23, 17:34:32.538, 2847373220135, QTAgent32.exe, IEDOM: GetIEWebControl() is unable to get the IE control
E, 3504, 25, 2013/05/23, 17:34:32.538, 2847373225029, QTAgent32.exe, IEDOM: GetIEWebControl() is unable to get the IE control
E, 3504, 25, 2013/05/23, 17:34:32.539, 2847373229912, QTAgent32.exe, IEDOM: GetIEWebControl() is unable to get the IE control
E, 3504, 25, 2013/05/23, 17:34:32.539, 2847373235750, QTAgent32.exe, IEDOM: GetIEWebControl() is unable to get the IE control
E, 3504, 25, 2013/05/23, 17:34:32.539, 2847373240524, QTAgent32.exe, IEDOM: GetIEWebControl() is unable to get the IE control
E, 3504, 25, 2013/05/23, 17:34:32.540, 2847373245718, QTAgent32.exe, IEDOM: GetIEWebControl() is unable to get the IE control
E, 3504, 25, 2013/05/23, 17:34:32.540, 2847373250754, QTAgent32.exe, IEDOM: GetIEWebControl() is unable to get the IE control
E, 3504, 25, 2013/05/23, 17:34:32.541, 2847373255631, QTAgent32.exe, IEDOM: GetIEWebControl() is unable to get the IE control
E, 3504, 25, 2013/05/23, 17:34:32.541, 2847373260384, QTAgent32.exe, IEDOM: GetIEWebControl() is unable to get the IE control
E, 3504, 25, 2013/05/23, 17:34:32.541, 2847373265288, QTAgent32.exe, IEDOM: GetIEWebControl() is unable to get the IE control
E, 3504, 25, 2013/05/23, 17:34:32.542, 2847373270269, QTAgent32.exe, IEDOM: GetIEWebControl() is unable to get the IE control
E, 3504, 25, 2013/05/23, 17:34:32.542, 2847373274988, QTAgent32.exe, IEDOM: GetIEWebControl() is unable to get the IE control
E, 3504, 25, 2013/05/23, 17:34:32.542, 2847373279828, QTAgent32.exe, IEDOM: GetIEWebControl() is unable to get the IE control
E, 3504, 25, 2013/05/23, 17:34:32.542, 2847373283546, QTAgent32.exe, IEDOM: GetIEWebControl() is unable to get the IE control
E, 3504, 25, 2013/05/23, 17:34:32.543, 2847373288441, QTAgent32.exe, IEDOM: GetIEWebControl() is unable to get the IE control
E, 3504, 25, 2013/05/23, 17:34:32.543, 2847373293387, QTAgent32.exe, IEDOM: GetIEWebControl() is unable to get the IE control
E, 3504, 25, 2013/05/23, 17:34:32.543, 2847373298244, QTAgent32.exe, IEDOM: GetIEWebControl() is unable to get the IE control
E, 3504, 25, 2013/05/23, 17:34:32.544, 2847373302911, QTAgent32.exe, IEDOM: GetIEWebControl() is unable to get the IE control
E, 3504, 25, 2013/05/23, 17:34:32.544, 2847373306673, QTAgent32.exe, IEDOM: GetIEWebControl() is unable to get the IE control
W, 3504, 25, 2013/05/23, 17:34:32.556, 2847373484453, QTAgent32.exe, Playback - [WARNING] Internal warning: Can't find anchor child after updating the collection
\0
W, 3504, 25, 2013/05/23, 17:34:32.557, 2847373486696, QTAgent32.exe, Playback - [WARNING] Internal warning: Can't find anchor child after updating the collection
\0
E, 3504, 25, 2013/05/23, 17:34:32.566, 2847373621589, QTAgent32.exe, IEDOM: GetIEWebControl() is unable to get the IE control
E, 3504, 25, 2013/05/23, 17:34:32.573, 2847373724906, QTAgent32.exe, IEDOM: GetIEWebControl() is unable to get the IE control
E, 3504, 25, 2013/05/23, 17:34:32.574, 2847373731241, QTAgent32.exe, IEDOM: GetIEWebControl() is unable to get the IE control
E, 3504, 25, 2013/05/23, 17:34:32.574, 2847373735191, QTAgent32.exe, IEDOM: GetIEWebControl() is unable to get the IE control
E, 3504, 25, 2013/05/23, 17:34:32.574, 2847373739961, QTAgent32.exe, IEDOM: GetIEWebControl() is unable to get the IE control
E, 3504, 25, 2013/05/23, 17:34:32.575, 2847373744848, QTAgent32.exe, IEDOM: GetIEWebControl() is unable to get the IE control
E, 3504, 25, 2013/05/23, 17:34:32.575, 2847373749770, QTAgent32.exe, IEDOM: GetIEWebControl() is unable to get the IE control
E, 3504, 25, 2013/05/23, 17:34:32.575, 2847373754485, QTAgent32.exe, IEDOM: GetIEWebControl() is unable to get the IE control
E, 3504, 25, 2013/05/23, 17:34:32.578, 2847373787574, QTAgent32.exe, IEDOM: GetIEWebControl() is unable to get the IE control
E, 3504, 25, 2013/05/23, 17:34:32.578, 2847373793027, QTAgent32.exe, IEDOM: GetIEWebControl() is unable to get the IE control
E, 3504, 25, 2013/05/23, 17:34:32.578, 2847373797934, QTAgent32.exe, IEDOM: GetIEWebControl() is unable to get the IE control
E, 3504, 25, 2013/05/23, 17:34:32.579, 2847373802890, QTAgent32.exe, IEDOM: GetIEWebControl() is unable to get the IE control
E, 3504, 25, 2013/05/23, 17:34:32.579, 2847373807781, QTAgent32.exe, IEDOM: GetIEWebControl() is unable to get the IE control
E, 3504, 25, 2013/05/23, 17:34:32.579, 2847373812576, QTAgent32.exe, IEDOM: GetIEWebControl() is unable to get the IE control
E, 3504, 25, 2013/05/23, 17:34:32.580, 2847373817955, QTAgent32.exe, IEDOM: GetIEWebControl() is unable to get the IE control
E, 3504, 25, 2013/05/23, 17:34:32.580, 2847373823035, QTAgent32.exe, IEDOM: GetIEWebControl() is unable to get the IE control
E, 3504, 25, 2013/05/23, 17:34:32.580, 2847373827752, QTAgent32.exe, IEDOM: GetIEWebControl() is unable to get the IE control
E, 3504, 25, 2013/05/23, 17:34:32.581, 2847373832667, QTAgent32.exe, IEDOM: GetIEWebControl() is unable to get the IE control
E, 3504, 25, 2013/05/23, 17:34:32.581, 2847373837599, QTAgent32.exe, IEDOM: GetIEWebControl() is unable to get the IE control
E, 3504, 25, 2013/05/23, 17:34:32.582, 2847373842523, QTAgent32.exe, IEDOM: GetIEWebControl() is unable to get the IE control
E, 3504, 25, 2013/05/23, 17:34:32.582, 2847373847239, QTAgent32.exe, IEDOM: GetIEWebControl() is unable to get the IE control
E, 3504, 25, 2013/05/23, 17:34:32.582, 2847373852186, QTAgent32.exe, IEDOM: GetIEWebControl() is unable to get the IE control
E, 3504, 25, 2013/05/23, 17:34:32.583, 2847373857211, QTAgent32.exe, IEDOM: GetIEWebControl() is unable to get the IE control
E, 3504, 25, 2013/05/23, 17:34:32.583, 2847373862039, QTAgent32.exe, IEDOM: GetIEWebControl() is unable to get the IE control
E, 3504, 25, 2013/05/23, 17:34:32.583, 2847373866967, QTAgent32.exe, IEDOM: GetIEWebControl() is unable to get the IE control
E, 3504, 25, 2013/05/23, 17:34:32.584, 2847373871858, QTAgent32.exe, IEDOM: GetIEWebControl() is unable to get the IE control
E, 3504, 25, 2013/05/23, 17:34:32.584, 2847373876609, QTAgent32.exe, IEDOM: GetIEWebControl() is unable to get the IE control
E, 3504, 25, 2013/05/23, 17:34:32.584, 2847373881426, QTAgent32.exe, IEDOM: GetIEWebControl() is unable to get the IE control
E, 3504, 25, 2013/05/23, 17:34:32.584, 2847373885134, QTAgent32.exe, IEDOM: GetIEWebControl() is unable to get the IE control
E, 3504, 25, 2013/05/23, 17:34:32.585, 2847373890062, QTAgent32.exe, IEDOM: GetIEWebControl() is unable to get the IE control
E, 3504, 25, 2013/05/23, 17:34:32.585, 2847373894949, QTAgent32.exe, IEDOM: GetIEWebControl() is unable to get the IE control
E, 3504, 25, 2013/05/23, 17:34:32.587, 2847373924970, QTAgent32.exe, IEDOM: GetIEWebControl() is unable to get the IE control
E, 3504, 25, 2013/05/23, 17:34:32.588, 2847373930524, QTAgent32.exe, IEDOM: GetIEWebControl() is unable to get the IE control
E, 3504, 25, 2013/05/23, 17:34:32.588, 2847373934194, QTAgent32.exe, IEDOM: GetIEWebControl() is unable to get the IE control
W, 3504, 25, 2013/05/23, 17:34:32.588, 2847373937874, QTAgent32.exe, Playback - [WARNING] Internal failure: EnsureVisible via Setting Focus, Scrolling failed
\0
E, 3504, 25, 2013/05/23, 17:34:32.595, 2847374039194, QTAgent32.exe, IEDOM: GetIEWebControl() is unable to get the IE control
E, 3504, 25, 2013/05/23, 17:34:32.596, 2847374045800, QTAgent32.exe, IEDOM: GetIEWebControl() is unable to get the IE control
E, 3504, 25, 2013/05/23, 17:34:32.596, 2847374049604, QTAgent32.exe, IEDOM: GetIEWebControl() is unable to get the IE control
E, 3504, 25, 2013/05/23, 17:34:32.596, 2847374054519, QTAgent32.exe, IEDOM: GetIEWebControl() is unable to get the IE control
E, 3504, 25, 2013/05/23, 17:34:32.597, 2847374059472, QTAgent32.exe, IEDOM: GetIEWebControl() is unable to get the IE control
E, 3504, 25, 2013/05/23, 17:34:32.597, 2847374064348, QTAgent32.exe, IEDOM: GetIEWebControl() is unable to get the IE control
E, 3504, 25, 2013/05/23, 17:34:32.597, 2847374069099, QTAgent32.exe, IEDOM: GetIEWebControl() is unable to get the IE control
E, 3504, 25, 2013/05/23, 17:34:32.598, 2847374073971, QTAgent32.exe, IEDOM: GetIEWebControl() is unable to get the IE control
E, 3504, 25, 2013/05/23, 17:34:32.598, 2847374078983, QTAgent32.exe, IEDOM: GetIEWebControl() is unable to get the IE control
E, 3504, 25, 2013/05/23, 17:34:32.599, 2847374085929, QTAgent32.exe, IEDOM: GetIEWebControl() is unable to get the IE control
E, 3504, 25, 2013/05/23, 17:34:32.599, 2847374090884, QTAgent32.exe, IEDOM: GetIEWebControl() is unable to get the IE control
E, 3504, 25, 2013/05/23, 17:34:32.611, 2847374258680, QTAgent32.exe, IEDOM: GetIEWebControl() is unable to get the IE control
E, 3504, 25, 2013/05/23, 17:34:32.611, 2847374267779, QTAgent32.exe, IEDOM: GetIEWebControl() is unable to get the IE control
E, 3504, 25, 2013/05/23, 17:34:32.612, 2847374272815, QTAgent32.exe, IEDOM: GetIEWebControl() is unable to get the IE control
E, 3504, 25, 2013/05/23, 17:34:32.612, 2847374277549, QTAgent32.exe, IEDOM: GetIEWebControl() is unable to get the IE control
E, 3504, 25, 2013/05/23, 17:34:32.612, 2847374282477, QTAgent32.exe, IEDOM: GetIEWebControl() is unable to get the IE control
E, 3504, 25, 2013/05/23, 17:34:32.613, 2847374287356, QTAgent32.exe, IEDOM: GetIEWebControl() is unable to get the IE control
E, 3504, 25, 2013/05/23, 17:34:32.613, 2847374292087, QTAgent32.exe, IEDOM: GetIEWebControl() is unable to get the IE control
E, 3504, 25, 2013/05/23, 17:34:32.613, 2847374297101, QTAgent32.exe, IEDOM: GetIEWebControl() is unable to get the IE control
E, 3504, 25, 2013/05/23, 17:34:32.614, 2847374302018, QTAgent32.exe, IEDOM: GetIEWebControl() is unable to get the IE control
E, 3504, 25, 2013/05/23, 17:34:32.614, 2847374306855, QTAgent32.exe, IEDOM: GetIEWebControl() is unable to get the IE control
E, 3504, 25, 2013/05/23, 17:34:32.614, 2847374311856, QTAgent32.exe, IEDOM: GetIEWebControl() is unable to get the IE control
E, 3504, 25, 2013/05/23, 17:34:32.615, 2847374316814, QTAgent32.exe, IEDOM: GetIEWebControl() is unable to get the IE control
E, 3504, 25, 2013/05/23, 17:34:32.615, 2847374321532, QTAgent32.exe, IEDOM: GetIEWebControl() is unable to get the IE control
E, 3504, 25, 2013/05/23, 17:34:32.615, 2847374326459, QTAgent32.exe, IEDOM: GetIEWebControl() is unable to get the IE control
E, 3504, 25, 2013/05/23, 17:34:32.618, 2847374360633, QTAgent32.exe, IEDOM: GetIEWebControl() is unable to get the IE control
E, 3504, 25, 2013/05/23, 17:34:32.618, 2847374366105, QTAgent32.exe, IEDOM: GetIEWebControl() is unable to get the IE control
E, 3504, 25, 2013/05/23, 17:34:32.618, 2847374370054, QTAgent32.exe, IEDOM: GetIEWebControl() is unable to get the IE control
E, 3504, 25, 2013/05/23, 17:34:32.619, 2847374374971, QTAgent32.exe, IEDOM: GetIEWebControl() is unable to get the IE control
E, 3504, 25, 2013/05/23, 17:34:32.619, 2847374379916, QTAgent32.exe, IEDOM: GetIEWebControl() is unable to get the IE control
E, 3504, 25, 2013/05/23, 17:34:32.619, 2847374384642, QTAgent32.exe, IEDOM: GetIEWebControl() is unable to get the IE control
E, 3504, 25, 2013/05/23, 17:34:32.620, 2847374389468, QTAgent32.exe, IEDOM: GetIEWebControl() is unable to get the IE control
E, 3504, 25, 2013/05/23, 17:34:32.620, 2847374393075, QTAgent32.exe, IEDOM: GetIEWebControl() is unable to get the IE control
E, 3504, 25, 2013/05/23, 17:34:32.709, 2847375670086, QTAgent32.exe, IEDOM: GetIEWebControl() is unable to get the IE control
W, 3504, 25, 2013/05/23, 17:34:32.710, 2847375676835, QTAgent32.exe, Playback - [WARNING] Internal warning: Couldn't get clickable point for ScreenUIElement since it was obscured by another UI element. See comparison tracing below
\0
E, 3504, 25, 2013/05/23, 17:34:32.717, 2847375779449, QTAgent32.exe, IEDOM: GetIEWebControl() is unable to get the IE control
E, 3504, 25, 2013/05/23, 17:34:32.717, 2847375785738, QTAgent32.exe, IEDOM: GetIEWebControl() is unable to get the IE control
E, 3504, 25, 2013/05/23, 17:34:32.717, 2847375789565, QTAgent32.exe, IEDOM: GetIEWebControl() is unable to get the IE control
E, 3504, 25, 2013/05/23, 17:34:32.718, 2847375794810, QTAgent32.exe, IEDOM: GetIEWebControl() is unable to get the IE control
E, 3504, 25, 2013/05/23, 17:34:32.718, 2847375800064, QTAgent32.exe, IEDOM: GetIEWebControl() is unable to get the IE control
E, 3504, 25, 2013/05/23, 17:34:32.719, 2847375805172, QTAgent32.exe, IEDOM: GetIEWebControl() is unable to get the IE control
E, 3504, 25, 2013/05/23, 17:34:32.719, 2847375809888, QTAgent32.exe, IEDOM: GetIEWebControl() is unable to get the IE control
E, 3504, 25, 2013/05/23, 17:34:32.719, 2847375814819, QTAgent32.exe, IEDOM: GetIEWebControl() is unable to get the IE control
E, 3504, 25, 2013/05/23, 17:34:32.720, 2847375819667, QTAgent32.exe, IEDOM: GetIEWebControl() is unable to get the IE control
E, 3504, 25, 2013/05/23, 17:34:32.720, 2847375824410, QTAgent32.exe, IEDOM: GetIEWebControl() is unable to get the IE control
E, 3504, 25, 2013/05/23, 17:34:32.720, 2847375829396, QTAgent32.exe, IEDOM: GetIEWebControl() is unable to get the IE control
E, 3504, 25, 2013/05/23, 17:34:32.721, 2847375834319, QTAgent32.exe, IEDOM: GetIEWebControl() is unable to get the IE control
E, 3504, 25, 2013/05/23, 17:34:32.721, 2847375839028, QTAgent32.exe, IEDOM: GetIEWebControl() is unable to get the IE control
E, 3504, 25, 2013/05/23, 17:34:32.721, 2847375843940, QTAgent32.exe, IEDOM: GetIEWebControl() is unable to get the IE control
E, 3504, 25, 2013/05/23, 17:34:32.722, 2847375848894, QTAgent32.exe, IEDOM: GetIEWebControl() is unable to get the IE control
E, 3504, 25, 2013/05/23, 17:34:32.722, 2847375853632, QTAgent32.exe, IEDOM: GetIEWebControl() is unable to get the IE control
E, 3504, 25, 2013/05/23, 17:34:32.722, 2847375858612, QTAgent32.exe, IEDOM: GetIEWebControl() is unable to get the IE control
E, 3504, 25, 2013/05/23, 17:34:32.723, 2847375863498, QTAgent32.exe, IEDOM: GetIEWebControl() is unable to get the IE control
E, 3504, 25, 2013/05/23, 17:34:32.723, 2847375868267, QTAgent32.exe, IEDOM: GetIEWebControl() is unable to get the IE control
E, 3504, 25, 2013/05/23, 17:34:32.723, 2847375873317, QTAgent32.exe, IEDOM: GetIEWebControl() is unable to get the IE control
E, 3504, 25, 2013/05/23, 17:34:32.724, 2847375878284, QTAgent32.exe, IEDOM: GetIEWebControl() is unable to get the IE control
E, 3504, 25, 2013/05/23, 17:34:32.724, 2847375883360, QTAgent32.exe, IEDOM: GetIEWebControl() is unable to get the IE control
E, 3504, 25, 2013/05/23, 17:34:32.724, 2847375888099, QTAgent32.exe, IEDOM: GetIEWebControl() is unable to get the IE control
E, 3504, 25, 2013/05/23, 17:34:32.725, 2847375893014, QTAgent32.exe, IEDOM: GetIEWebControl() is unable to get the IE control
E, 3504, 25, 2013/05/23, 17:34:32.725, 2847375897929, QTAgent32.exe, IEDOM: GetIEWebControl() is unable to get the IE control
E, 3504, 25, 2013/05/23, 17:34:32.725, 2847375902637, QTAgent32.exe, IEDOM: GetIEWebControl() is unable to get the IE control
E, 3504, 25, 2013/05/23, 17:34:32.726, 2847375907466, QTAgent32.exe, IEDOM: GetIEWebControl() is unable to get the IE control
E, 3504, 25, 2013/05/23, 17:34:32.726, 2847375911176, QTAgent32.exe, IEDOM: GetIEWebControl() is unable to get the IE control
E, 3504, 25, 2013/05/23, 17:34:32.726, 2847375916262, QTAgent32.exe, IEDOM: GetIEWebControl() is unable to get the IE control
E, 3504, 25, 2013/05/23, 17:34:32.727, 2847375921186, QTAgent32.exe, IEDOM: GetIEWebControl() is unable to get the IE control
E, 3504, 25, 2013/05/23, 17:34:32.727, 2847375926073, QTAgent32.exe, IEDOM: GetIEWebControl() is unable to get the IE control
E, 3504, 25, 2013/05/23, 17:34:32.727, 2847375930726, QTAgent32.exe, IEDOM: GetIEWebControl() is unable to get the IE control
E, 3504, 25, 2013/05/23, 17:34:32.728, 2847375934502, QTAgent32.exe, IEDOM: GetIEWebControl() is unable to get the IE control
E, 3504, 25, 2013/05/23, 17:34:32.734, 2847376021533, QTAgent32.exe, &lt;a class=failure&gt;Playback - {120} [FAILED] MouseButtonClick - "[Web]ControlType='Hyperlink' &amp;&amp; TagName='A' &amp;&amp; Id='' &amp;&amp; Name='' &amp;&amp; Target='' &amp;&amp; InnerText='Renewals Maintenance' &amp;&amp; FilterCondition(AbsolutePath='/sysmaint/content/leftbar.asp', Title='', Href='https://www.insur-econnect.com/sysmaint/content/leftbar.asp#', Class='', ControlDefinition='style="COLOR: white" href="#"', TagInstance='39')"\0&lt;/a&gt;
E, 3504, 25, 2013/05/23, 17:34:32.825, 2847377332824, QTAgent32.exe, Playback - [IMAGE] C:\Users\testuser\AppData\Local\Temp\UITestLogs\LastRun\RPF6EB9.png
\0
E, 3504, 25, 2013/05/23, 17:34:32.949, 2847379105511, QTAgent32.exe, AL: Playback Error: Microsoft.VisualStudio.TestTools.UITest.Extension.FailedToPerformActionOnBlockedControlException: Window 'Policy: autotest' is blocking the control Renewals Maintenance. Please move the window 'Policy: autotest' or make the control Renewals Maintenance visible and retry the action. Additional Details: 
TechnologyName:  'Web'
ControlType:  'Hyperlink'
Id:  ''
Name:  ''
TagName:  'A'
Target:  ''
InnerText:  'Renewals Maintenance'
 ---&gt; System.Runtime.InteropServices.COMException: Exception from HRESULT: 0xF004F003
   at Microsoft.VisualStudio.TestTools.UITest.Playback.Engine.IScreenElement.MouseButtonClick(Int32 x, Int32 y, Int32 nButton, Int32 fEnsureVisible, String bstrKeyModifiers)
   at Microsoft.VisualStudio.TestTools.UITest.Playback.ScreenElement.MouseButtonClick(Int32 x, Int32 y, MouseButtons button, ModifierKeys modifierKeys, Int32 ensureVisible)
   at Microsoft.VisualStudio.TestTools.UITesting.UITestControl.Click(MouseButtons button, ModifierKeys modifierKeys, Point relativeCoordinates)
   --- End of inner exception stack trace ---
   at Microsoft.VisualStudio.TestTools.UITesting.Playback.ThrowIfAnotherWindowIsBlockingControl(COMException ex, IPlaybackContext context)
   at Microsoft.VisualStudio.TestTools.UITesting.Playback.MapAndThrowComException(COMException innerException, IPlaybackContext context)
   at Microsoft.VisualStudio.TestTools.UITesting.Playback.MapAndThrowException(SystemException exception, IPlaybackContext context)
   at Microsoft.VisualStudio.TestTools.UITesting.Playback.MapAndThrowException(SystemException exception, String actionName, UITestControl uiControl, Point point)
   at Microsoft.VisualStudio.TestTools.UITesting.UITestControl.Click(MouseButtons button, ModifierKeys modifierKeys, Point relativeCoordinates)
   at Microsoft.VisualStudio.TestTools.UITesting.Mouse.ClickImplementation(UITestControl control, MouseButtons button, ModifierKeys modifierKeys, Point relativeCoordinate)
   at Microsoft.VisualStudio.TestTools.UITesting.Mouse.ClickImplementationWrapper(UITestControl control, MouseButtons button, ModifierKeys modifierKeys, Point relativeCoordinate)
W, 3504, 25, 2013/05/23, 17:34:36.483, 2847429707273, QTAgent32.exe, IEDOM : StopSession of the plugin called before StartSession
W, 3504, 25, 2013/05/23, 17:34:36.483, 2847429709049, QTAgent32.exe, UIA : StopSession of the plugin called before StartSession
</DebugTrace>
        <ErrorInfo>
          <Message>Test method Ver1.CodedUITest2.MotoRebrokeRenewExistingScheme threw exception: 
Microsoft.VisualStudio.TestTools.UITest.Extension.FailedToPerformActionOnBlockedControlException: Window 'Policy: autotest' is blocking the control Renewals Maintenance. Please move the window 'Policy: autotest' or make the control Renewals Maintenance visible and retry the action. Additional Details: 
TechnologyName:  'Web'
ControlType:  'Hyperlink'
Id:  ''
Name:  ''
TagName:  'A'
Target:  ''
InnerText:  'Renewals Maintenance'
 ---&gt; System.Runtime.InteropServices.COMException: Exception from HRESULT: 0xF004F003</Message>
          <StackTrace>    at Microsoft.VisualStudio.TestTools.UITest.Playback.Engine.IScreenElement.MouseButtonClick(Int32 x, Int32 y, Int32 nButton, Int32 fEnsureVisible, String bstrKeyModifiers)
   at Microsoft.VisualStudio.TestTools.UITest.Playback.ScreenElement.MouseButtonClick(Int32 x, Int32 y, MouseButtons button, ModifierKeys modifierKeys, Int32 ensureVisible)
   at Microsoft.VisualStudio.TestTools.UITesting.UITestControl.Click(MouseButtons button, ModifierKeys modifierKeys, Point relativeCoordinates)
 --- End of inner exception stack trace ---
    at Microsoft.VisualStudio.TestTools.UITesting.Playback.ThrowIfAnotherWindowIsBlockingControl(COMException ex, IPlaybackContext context)
   at Microsoft.VisualStudio.TestTools.UITesting.Playback.MapAndThrowComException(COMException innerException, IPlaybackContext context)
   at Microsoft.VisualStudio.TestTools.UITesting.Playback.MapAndThrowException(SystemException exception, IPlaybackContext context)
   at Microsoft.VisualStudio.TestTools.UITesting.Playback.MapAndThrowException(SystemException exception, String actionName, UITestControl uiControl, Point point)
   at Microsoft.VisualStudio.TestTools.UITesting.UITestControl.Click(MouseButtons button, ModifierKeys modifierKeys, Point relativeCoordinates)
   at Microsoft.VisualStudio.TestTools.UITesting.Mouse.ClickImplementation(UITestControl control, MouseButtons button, ModifierKeys modifierKeys, Point relativeCoordinate)
   at Microsoft.VisualStudio.TestTools.UITesting.Mouse.ClickImplementationWrapper(UITestControl control, MouseButtons button, ModifierKeys modifierKeys, Point relativeCoordinate)
   at Microsoft.VisualStudio.TestTools.UITesting.Mouse.Click(UITestControl control, Point relativeCoordinate)
   at Ver1.UIMap.OpenBrowser2() in C:\AutotestTam1205\TestProject7\UIMap.cs:line 256
   at Ver1.CodedUITest2.MotoRebrokeRenewExistingScheme() in C:\AutotestTam1205\TestProject7\CodedUITest2.cs:line 906
</StackTrace>
        </ErrorInfo>
      </Output>
      <ResultFiles>
        <ResultFile path="ICLVDEVTM02\MotoRebrokeRenewExistingScheme.png" />
      </ResultFiles>
      <ExtensionResult>Exception has been thrown by the target of an invocation.</ExtensionResult>
    </UnitTestResult>
    <UnitTestResult executionId="aa1357a3-461a-45e4-8b3e-637d8d4f33f1" testId="72861ca4-760f-1d55-3273-faac7fb22762" testName="MotoRebrokeRenewNewScheme" computerName="ICLVDEVTM02" duration="00:04:31.3421961" startTime="2013-05-23T17:34:36.5150622+01:00" endTime="2013-05-23T17:39:07.9160257+01:00" testType="13cdc9d9-ddb5-4fa4-a97d-d965ccfc6d4b" outcome="Failed" testListId="8c84fa94-04c1-424b-9868-57a2d4851a1d" relativeResultsDirectory="aa1357a3-461a-45e4-8b3e-637d8d4f33f1">
      <Output>
        <DebugTrace>W, 3504, 17, 2013/05/23, 17:34:41.952, 2847508006796, QTAgent32.exe, &lt;a class=success&gt;Playback - {1} [SUCCESS] MouseButtonClick - "[MSAA, VisibleOnly]ControlType='Edit'"
\0&lt;/a&gt;
W, 3504, 17, 2013/05/23, 17:34:42.371, 2847514011298, QTAgent32.exe, &lt;a class=success&gt;Playback - {2} [SUCCESS] SendKeys "[*]" - "[MSAA, VisibleOnly]ControlType='Edit'"
\0&lt;/a&gt;
W, 3504, 17, 2013/05/23, 17:34:43.102, 2847524484029, QTAgent32.exe, &lt;a class=success&gt;Playback - {3} [SUCCESS] MouseButtonClick - "[MSAA, VisibleOnly]ControlType='Button' &amp;&amp; Name='OK'"
\0&lt;/a&gt;
W, 3504, 17, 2013/05/23, 17:34:43.421, 2847529043146, QTAgent32.exe, &lt;a class=success&gt;Playback - {4} [SUCCESS] SendKeys "^{HOME}" - "[MSAA, VisibleOnly]ControlType='Edit'"
\0&lt;/a&gt;
E, 3504, 17, 2013/05/23, 17:34:43.422, 2847529058346, QTAgent32.exe, Msaa.GetFocusedElement: could not find accessible object of foreground window
W, 3504, 17, 2013/05/23, 17:34:43.500, 2847530177262, QTAgent32.exe, &lt;a class=success&gt;Playback - {5} [SUCCESS] SendKeys "^+{END}" - "[MSAA, VisibleOnly]ControlType='Edit'"
\0&lt;/a&gt;
E, 3504, 17, 2013/05/23, 17:34:43.500, 2847530180596, QTAgent32.exe, Msaa.GetFocusedElement: could not find accessible object of foreground window
W, 3504, 17, 2013/05/23, 17:34:43.563, 2847531076773, QTAgent32.exe, &lt;a class=success&gt;Playback - {6} [SUCCESS] SendKeys "{DELETE}" - "[MSAA, VisibleOnly]ControlType='Edit'"
\0&lt;/a&gt;
W, 3504, 17, 2013/05/23, 17:34:44.070, 2847538338345, QTAgent32.exe, &lt;a class=success&gt;Playback - {7} [SUCCESS] SetValueAsEditBox "23/05/2013" - "[MSAA, VisibleOnly]ControlType='Edit'"  &lt; Set via SendKeys &gt;
\0&lt;/a&gt;
W, 3504, 17, 2013/05/23, 17:34:44.651, 2847546659375, QTAgent32.exe, Playback - [WARNING] Internal warning: Incorrect flag set for InvokeProgrammaticAction\0
W, 3504, 17, 2013/05/23, 17:34:44.773, 2847548399166, QTAgent32.exe, &lt;a class=success&gt;Playback - {8} [SUCCESS] SetValueAsComboBox "May" - "[MSAA, VisibleOnly]ControlType='ComboBox'"  &lt; SetValueAsComboBox, set by clicking on the item in the list box &gt;
\0&lt;/a&gt;
W, 3504, 17, 2013/05/23, 17:34:45.104, 2847553139266, QTAgent32.exe, &lt;a class=success&gt;Playback - {9} [SUCCESS] SendKeys "^{HOME}" - "[MSAA, VisibleOnly]ControlType='Edit'"
\0&lt;/a&gt;
E, 3504, 17, 2013/05/23, 17:34:45.104, 2847553142573, QTAgent32.exe, Msaa.GetFocusedElement: could not find accessible object of foreground window
W, 3504, 17, 2013/05/23, 17:34:45.167, 2847554040906, QTAgent32.exe, &lt;a class=success&gt;Playback - {10} [SUCCESS] SendKeys "^+{END}" - "[MSAA, VisibleOnly]ControlType='Edit'"
\0&lt;/a&gt;
E, 3504, 17, 2013/05/23, 17:34:45.167, 2847554044465, QTAgent32.exe, Msaa.GetFocusedElement: could not find accessible object of foreground window
W, 3504, 17, 2013/05/23, 17:34:45.182, 2847554257683, QTAgent32.exe, &lt;a class=success&gt;Playback - {11} [SUCCESS] SendKeys "{DELETE}" - "[MSAA, VisibleOnly]ControlType='Edit'"
\0&lt;/a&gt;
W, 3504, 17, 2013/05/23, 17:34:45.438, 2847557929080, QTAgent32.exe, &lt;a class=success&gt;Playback - {12} [SUCCESS] SetValueAsEditBox "2013" - "[MSAA, VisibleOnly]ControlType='Edit'"  &lt; Set via SendKeys &gt;
\0&lt;/a&gt;
W, 3504, 17, 2013/05/23, 17:34:45.656, 2847561043181, QTAgent32.exe, &lt;a class=success&gt;Playback - {13} [SUCCESS] MouseButtonClick - "[MSAA, VisibleOnly]ControlType='Button' &amp;&amp; Name='OK'"
\0&lt;/a&gt;
W, 3504, 17, 2013/05/23, 17:34:46.879, 2847578556180, QTAgent32.exe, Playback - [WARNING] Internal warning: Window Not Found: [VisibleOnly]ControlType='Window' &amp;&amp; Name='Warning' &amp;&amp; ClassName='#32770'
\0
E, 3504, 17, 2013/05/23, 17:34:46.879, 2847578559052, QTAgent32.exe, &lt;a class=failure&gt;Playback - {14} [FAILED] Function ElementFetcher::FindScreenElement failed to locate UI element (Searching: ;[VisibleOnly]ControlType='Window' &amp;&amp; Name='Warning' &amp;&amp; ClassName='#32770') (The object specified was not found.)
\0&lt;/a&gt;
E, 3504, 17, 2013/05/23, 17:34:46.959, 2847579706914, QTAgent32.exe, Playback - [IMAGE] C:\Users\testuser\AppData\Local\Temp\UITestLogs\LastRun\RPFA5FF.png
\0
W, 3504, 17, 2013/05/23, 17:34:46.959, 2847579709277, QTAgent32.exe, Playback - [WARNING] Internal warning: Couldn't find descendants that match QueryId
\0
W, 3504, 17, 2013/05/23, 17:34:46.959, 2847579712301, QTAgent32.exe, PERF WARNING: FindTopLevelWindowHelper::FindAllDescendents: took 1185 ms. Expected it to take maximum 500 ms.
W, 3504, 17, 2013/05/23, 17:35:05.071, 2847839031307, QTAgent32.exe, Playback - [WARNING] Internal warning: Window Not Found: [VisibleOnly]ControlType='Window' &amp;&amp; Name='Warning' &amp;&amp; ClassName='#32770'
\0
E, 3504, 17, 2013/05/23, 17:35:05.071, 2847839038525, QTAgent32.exe, &lt;a class=failure&gt;Playback - {15} [FAILED] Function ElementFetcher::FindScreenElement failed to locate UI element (Searching: ;[VisibleOnly]ControlType='Window' &amp;&amp; Name='Warning' &amp;&amp; ClassName='#32770') (The object specified was not found.)
\0&lt;/a&gt;
E, 3504, 17, 2013/05/23, 17:35:05.204, 2847840936497, QTAgent32.exe, Playback - [IMAGE] C:\Users\testuser\AppData\Local\Temp\UITestLogs\LastRun\RPFED0E.png
\0
W, 3504, 17, 2013/05/23, 17:35:05.204, 2847840939030, QTAgent32.exe, Playback - [WARNING] Internal warning: Couldn't find descendants that match QueryId
\0
W, 3504, 17, 2013/05/23, 17:35:05.205, 2847840948731, QTAgent32.exe, PERF WARNING: FindTopLevelWindowHelper::FindAllDescendents: took 18244 ms. Expected it to take maximum 500 ms.
W, 3504, 17, 2013/05/23, 17:35:05.651, 2847847338144, QTAgent32.exe, Playback - [WARNING] Internal warning: Smart Match failed
\0
W, 3504, 17, 2013/05/23, 17:35:05.994, 2847852250004, QTAgent32.exe, Playback - [WARNING] Internal warning: Smart Match failed
\0
W, 3504, 17, 2013/05/23, 17:35:06.340, 2847857205766, QTAgent32.exe, Playback - [WARNING] Internal warning: Smart Match failed
\0
W, 3504, 17, 2013/05/23, 17:35:06.708, 2847862481404, QTAgent32.exe, Playback - [WARNING] Internal warning: Smart Match failed
\0
W, 3504, 17, 2013/05/23, 17:35:07.061, 2847867530667, QTAgent32.exe, Playback - [WARNING] Internal warning: Smart Match failed
\0
W, 3504, 17, 2013/05/23, 17:35:07.413, 2847872577518, QTAgent32.exe, Playback - [WARNING] Internal warning: Smart Match failed
\0
W, 3504, 17, 2013/05/23, 17:35:07.781, 2847877832407, QTAgent32.exe, Playback - [WARNING] Internal warning: Smart Match failed
\0
W, 3504, 17, 2013/05/23, 17:35:08.106, 2847882491695, QTAgent32.exe, Playback - [WARNING] Internal warning: Smart Match failed
\0
W, 3504, 17, 2013/05/23, 17:35:08.317, 2847885507596, QTAgent32.exe, Playback - [WARNING] Internal warning: Window Not Found: [VisibleOnly]ControlType='Window' &amp;&amp; Name='Warning' &amp;&amp; ClassName='#32770'
\0
E, 3504, 17, 2013/05/23, 17:35:08.317, 2847885510448, QTAgent32.exe, &lt;a class=failure&gt;Playback - {16} [FAILED] Function ElementFetcher::FindScreenElement failed to locate UI element (Searching: ;[VisibleOnly]ControlType='Window' &amp;&amp; Name='Warning' &amp;&amp; ClassName='#32770') (The object specified was not found.)
\0&lt;/a&gt;
E, 3504, 17, 2013/05/23, 17:35:08.415, 2847886912154, QTAgent32.exe, Playback - [IMAGE] C:\Users\testuser\AppData\Local\Temp\UITestLogs\LastRun\RPFF9BC.png
\0
W, 3504, 17, 2013/05/23, 17:35:08.415, 2847886914693, QTAgent32.exe, Playback - [WARNING] Internal warning: Couldn't find descendants that match QueryId
\0
W, 3504, 17, 2013/05/23, 17:35:08.415, 2847886919759, QTAgent32.exe, PERF WARNING: FindTopLevelWindowHelper::FindAllDescendents: took 3210 ms. Expected it to take maximum 500 ms.
E, 3504, 17, 2013/05/23, 17:35:08.416, 2847886922266, QTAgent32.exe, Exception: System.Runtime.InteropServices.COMException
	Message: Error HRESULT E_FAIL has been returned from a call to a COM component.
	Stack Trace:    at Microsoft.VisualStudio.TestTools.UITest.Playback.Engine.IRPFPlayback.FindAllScreenElements(IScreenElement pScreenElementStart, String bstrQueryId, Object&amp; pvarResKeys, Int32 cResKeys, Int32 nMaxDepth, Object[]&amp; foundDescendants)
   at Microsoft.VisualStudio.TestTools.UITest.Playback.ScreenElement.FindTopLevelWindowHelper(String queryId)
	BaseExceptionMessage: Error HRESULT E_FAIL has been returned from a call to a COM component.

E, 3504, 17, 2013/05/23, 17:35:08.586, 2847889358703, QTAgent32.exe, AL: Playback Error: Microsoft.VisualStudio.TestTools.UITest.Extension.UITestControlNotFoundException: The playback failed to find the control with the given search properties. Additional Details: 
TechnologyName:  'MSAA'
ControlType:  'Window'
Name:  'Warning'
ClassName:  '#32770'
 ---&gt; System.Runtime.InteropServices.COMException: Error HRESULT E_FAIL has been returned from a call to a COM component.
   at Microsoft.VisualStudio.TestTools.UITest.Playback.Engine.IRPFPlayback.FindAllScreenElements(IScreenElement pScreenElementStart, String bstrQueryId, Object&amp; pvarResKeys, Int32 cResKeys, Int32 nMaxDepth, Object[]&amp; foundDescendants)
   at Microsoft.VisualStudio.TestTools.UITest.Playback.ScreenElement.FindTopLevelWindowHelper(String queryId)
   at Microsoft.VisualStudio.TestTools.UITest.Playback.ScreenElement.FindFromPartialQueryId(String queryId)
   at Microsoft.VisualStudio.TestTools.UITesting.UITestControl..ctor(String queryId)
   --- End of inner exception stack trace ---
   at Microsoft.VisualStudio.TestTools.UITesting.Playback.MapControlNotFoundException(COMException ex, IPlaybackContext context)
   at Microsoft.VisualStudio.TestTools.UITesting.Playback.MapAndThrowComException(COMException innerException, IPlaybackContext context)
   at Microsoft.VisualStudio.TestTools.UITesting.Playback.MapAndThrowException(SystemException exception, IPlaybackContext context)
   at Microsoft.VisualStudio.TestTools.UITesting.Playback.MapAndThrowException(SystemException exception, String queryId)
   at Microsoft.VisualStudio.TestTools.UITesting.UITestControl..ctor(String queryId)
   at Microsoft.VisualStudio.TestTools.UITesting.SearchHelper.SearchTopLevelWindow(ISearchArgument topLevelSearchArg, String topLevelElementQueryId)
   at Microsoft.VisualStudio.TestTools.UITesting.SearchHelper.GetTitleUpdatedTopLevelWindow(ISearchArgument topLevelSearchArg, String queryId, IList`1 windowTitles)
   at Microsoft.VisualStudio.TestTools.UITesting.SearchHelper.GetTopLevelElement(Boolean useCache, Boolean useCacheOnly, ISearchArgument searchArg, IList`1 windowTitles, Int32&amp; timeLeft)
   at Microsoft.VisualStudio.TestTools.UITesting.SearchHelper.GetElement(Boolean useCache, ISearchArgument searchArg)
   at Microsoft.VisualStudio.TestTools.UITesting.SearchHelper.Search(ISearchArgument searchArg)
   at Microsoft.VisualStudio.TestTools.UITesting.UITestControl.FindInternal()
   at Microsoft.VisualStudio.TestTools.UITesting.UITestControl.FindControlIfNecessary()
   at Microsoft.VisualStudio.TestTools.UITesting.UITestControl.Click(MouseButtons button, ModifierKeys modifierKeys, Point relativeCoordinates)
   at Microsoft.VisualStudio.TestTools.UITesting.Mouse.ClickImplementation(UITestControl control, MouseButtons button, ModifierKeys modifierKeys, Point relativeCoordinate)
   at Microsoft.VisualStudio.TestTools.UITesting.Mouse.ClickImplementationWrapper(UITestControl control, MouseButtons button, ModifierKeys modifierKeys, Point relativeCoordinate)
W, 3504, 17, 2013/05/23, 17:35:08.586, 2847889361255, QTAgent32.exe, PlaybackErrorHandler: Ignoring exception as ContinueOnError is set.
W, 3504, 17, 2013/05/23, 17:35:08.628, 2847889958686, QTAgent32.exe, &lt;a class=success&gt;Playback - {17} [SUCCESS] TypeString "#(R)"
\0&lt;/a&gt;
W, 3504, 17, 2013/05/23, 17:35:09.244, 2847898780039, QTAgent32.exe, PERF WARNING: FindTopLevelWindowHelper::FindAllDescendents: took 515 ms. Expected it to take maximum 500 ms.
W, 3504, 17, 2013/05/23, 17:35:09.912, 2847908356792, QTAgent32.exe, PERF WARNING: FindAllDescendents: took 666 ms. Expected it to take maximum 500 ms.
E, 3504, 17, 2013/05/23, 17:35:09.928, 2847908573567, QTAgent32.exe, Exception: System.ArgumentException
	Message: Value does not fall within the expected range.
	Stack Trace:    at Accessibility.IAccessible.get_accRole(Object varChild)
   at Microsoft.VisualStudio.TestTools.UITest.Extension.Msaa.AccWrapper.get_RoleInt()
	BaseExceptionMessage: Value does not fall within the expected range.

E, 3504, 17, 2013/05/23, 17:35:09.944, 2847908815881, QTAgent32.exe, Exception: System.ArgumentException
	Message: Value does not fall within the expected range.
	Stack Trace:    at Accessibility.IAccessible.get_accRole(Object varChild)
   at Microsoft.VisualStudio.TestTools.UITest.Extension.Msaa.AccWrapper.get_RoleInt()
	BaseExceptionMessage: Value does not fall within the expected range.

W, 3504, 17, 2013/05/23, 17:35:11.195, 2847926725710, QTAgent32.exe, &lt;a class=success&gt;Playback - {18} [SUCCESS] LeftButtonClick  &lt; Mouse cursor location (87, 908) &gt;
\0&lt;/a&gt;
W, 3504, 17, 2013/05/23, 17:35:12.915, 2847951353494, QTAgent32.exe, &lt;a class=success&gt;Playback - {19} [SUCCESS] SetValueAsEditBox "c:\TestProject7\ourhighway.reg"  &lt; Set via SendKeys &gt;
\0&lt;/a&gt;
W, 3504, 17, 2013/05/23, 17:35:12.916, 2847951357023, QTAgent32.exe, &lt;a class=success&gt;Playback - {20} [SUCCESS] SetValueAsComboBox "c:\TestProject7\ourhighway.reg" - "[MSAA, VisibleOnly]ControlType='ComboBox' &amp;&amp; Name='Open:'"  &lt; Set via SetValueAsEditBox &gt;
\0&lt;/a&gt;
W, 3504, 17, 2013/05/23, 17:35:13.176, 2847955090704, QTAgent32.exe, &lt;a class=success&gt;Playback - {21} [SUCCESS] MouseButtonClick - "[MSAA, VisibleOnly]ControlType='Button' &amp;&amp; Name='OK'"
\0&lt;/a&gt;
W, 3504, 17, 2013/05/23, 17:35:13.702, 2847962614372, QTAgent32.exe, Playback - [WARNING] Internal warning: Window Not Found: [VisibleOnly]ControlType='Window' &amp;&amp; Name='Registry Editor' &amp;&amp; ClassName='#32770'
\0
E, 3504, 17, 2013/05/23, 17:35:13.702, 2847962617701, QTAgent32.exe, &lt;a class=failure&gt;Playback - {22} [FAILED] Function ElementFetcher::FindScreenElement failed to locate UI element (Searching: ;[VisibleOnly]ControlType='Window' &amp;&amp; Name='Registry Editor' &amp;&amp; ClassName='#32770') (The object specified was not found.)
\0&lt;/a&gt;
E, 3504, 17, 2013/05/23, 17:35:13.844, 2847964644337, QTAgent32.exe, Playback - [IMAGE] C:\Users\testuser\AppData\Local\Temp\UITestLogs\LastRun\RPFEC3.png
\0
W, 3504, 17, 2013/05/23, 17:35:13.844, 2847964646650, QTAgent32.exe, Playback - [WARNING] Internal warning: Couldn't find descendants that match QueryId
\0
W, 3504, 17, 2013/05/23, 17:35:13.844, 2847964650179, QTAgent32.exe, PERF WARNING: FindTopLevelWindowHelper::FindAllDescendents: took 567 ms. Expected it to take maximum 500 ms.
W, 3504, 17, 2013/05/23, 17:35:14.752, 2847977646190, QTAgent32.exe, PERF WARNING: FindTopLevelWindowHelper::FindAllDescendents: took 907 ms. Expected it to take maximum 500 ms.
W, 3504, 17, 2013/05/23, 17:35:15.004, 2847981256315, QTAgent32.exe, &lt;a class=success&gt;Playback - {23} [SUCCESS] MouseButtonClick - "[MSAA, VisibleOnly]ControlType='Button' &amp;&amp; Name='Yes'"
\0&lt;/a&gt;
W, 3504, 17, 2013/05/23, 17:35:15.377, 2847986604620, QTAgent32.exe, &lt;a class=success&gt;Playback - {24} [SUCCESS] MouseButtonClick - "[MSAA, VisibleOnly]ControlType='Button' &amp;&amp; Name='OK'"
\0&lt;/a&gt;
W, 3504, 17, 2013/05/23, 17:35:15.689, 2847991065024, QTAgent32.exe, &lt;a class=success&gt;Playback - {25} [SUCCESS] MouseButtonClick - "[MSAA, VisibleOnly]ControlType='Button' &amp;&amp; Name='Clients &amp; Files'"
\0&lt;/a&gt;
W, 3504, 17, 2013/05/23, 17:35:16.122, 2847997270184, QTAgent32.exe, Playback - [WARNING] Internal warning: Window Not Found: [VisibleOnly]ControlType='Window' &amp;&amp; ClassName='ThunderRT6MDIForm'
\0
E, 3504, 17, 2013/05/23, 17:35:16.123, 2847997273501, QTAgent32.exe, &lt;a class=failure&gt;Playback - {26} [FAILED] Function ElementFetcher::FindScreenElement failed to locate UI element (Searching: ;[VisibleOnly]ControlType='Window' &amp;&amp; ClassName='ThunderRT6MDIForm') (The object specified was not found.)
\0&lt;/a&gt;
E, 3504, 17, 2013/05/23, 17:35:16.243, 2847998991832, QTAgent32.exe, Playback - [IMAGE] C:\Users\testuser\AppData\Local\Temp\UITestLogs\LastRun\RPF1836.png
\0
W, 3504, 17, 2013/05/23, 17:35:16.243, 2847998994055, QTAgent32.exe, Playback - [WARNING] Internal warning: Couldn't find descendants that match QueryId
\0
W, 3504, 17, 2013/05/23, 17:35:18.493, 2848031210265, QTAgent32.exe, PERF WARNING: FindTopLevelWindowHelper::FindAllDescendents: took 2249 ms. Expected it to take maximum 500 ms.
W, 3504, 17, 2013/05/23, 17:35:19.517, 2848045867987, QTAgent32.exe, Playback - [WARNING] Internal warning: Incorrect flag set for InvokeProgrammaticAction\0
W, 3504, 17, 2013/05/23, 17:35:19.639, 2848047614970, QTAgent32.exe, &lt;a class=success&gt;Playback - {27} [SUCCESS] SetValueAsComboBox "Customers" - "[MSAA, VisibleOnly]ControlType='ComboBox'"  &lt; SetValueAsComboBox, set by clicking on the item in the list box &gt;
\0&lt;/a&gt;
W, 3504, 17, 2013/05/23, 17:35:20.288, 2848056909960, QTAgent32.exe, &lt;a class=success&gt;Playback - {28} [SUCCESS] MouseButtonClick - "[MSAA, VisibleOnly]ControlType='Button' &amp;&amp; Name='Add'"
\0&lt;/a&gt;
W, 3504, 17, 2013/05/23, 17:35:21.077, 2848068210718, QTAgent32.exe, &lt;a class=success&gt;Playback - {29} [SUCCESS] SendKeys "autotest" - "[MSAA, VisibleOnly]ControlType='RadioButton' &amp;&amp; Name='Personal Lines'"
\0&lt;/a&gt;
W, 3504, 17, 2013/05/23, 17:35:22.190, 2848084147203, QTAgent32.exe, &lt;a class=success&gt;Playback - {30} [SUCCESS] SetValueAsEditBox "autotest" - "[MSAA, VisibleOnly]ControlType='Edit'"  &lt; Set via SendKeys &gt;
\0&lt;/a&gt;
W, 3504, 17, 2013/05/23, 17:35:22.445, 2848087802626, QTAgent32.exe, &lt;a class=success&gt;Playback - {31} [SUCCESS] MouseButtonClick - "[MSAA, VisibleOnly]ControlType='Button' &amp;&amp; Name='OK'"
\0&lt;/a&gt;
W, 3504, 17, 2013/05/23, 17:35:23.002, 2848095785372, QTAgent32.exe, &lt;a class=success&gt;Playback - {32} [SUCCESS] MouseButtonClick - "[MSAA, VisibleOnly]ControlType='Button' &amp;&amp; Name='Yes'"
\0&lt;/a&gt;
W, 3504, 17, 2013/05/23, 17:35:23.636, 2848104853883, QTAgent32.exe, &lt;a class=success&gt;Playback - {33} [SUCCESS] SendKeys "^{HOME}" - "[MSAA, VisibleOnly]ControlType='Edit'"
\0&lt;/a&gt;
E, 3504, 17, 2013/05/23, 17:35:23.637, 2848104857997, QTAgent32.exe, Msaa.GetFocusedElement: could not find accessible object of foreground window
W, 3504, 17, 2013/05/23, 17:35:23.700, 2848105763179, QTAgent32.exe, &lt;a class=success&gt;Playback - {34} [SUCCESS] SendKeys "^+{END}" - "[MSAA, VisibleOnly]ControlType='Edit'"
\0&lt;/a&gt;
E, 3504, 17, 2013/05/23, 17:35:23.700, 2848105766823, QTAgent32.exe, Msaa.GetFocusedElement: could not find accessible object of foreground window
W, 3504, 17, 2013/05/23, 17:35:23.716, 2848105993754, QTAgent32.exe, &lt;a class=success&gt;Playback - {35} [SUCCESS] SendKeys "{DELETE}" - "[MSAA, VisibleOnly]ControlType='Edit'"
\0&lt;/a&gt;
W, 3504, 17, 2013/05/23, 17:35:24.147, 2848112169029, QTAgent32.exe, &lt;a class=success&gt;Playback - {36} [SUCCESS] SetValueAsEditBox "1" - "[MSAA, VisibleOnly]ControlType='Edit'"  &lt; Set via SendKeys &gt;
\0&lt;/a&gt;
W, 3504, 17, 2013/05/23, 17:35:24.701, 2848120105955, QTAgent32.exe, &lt;a class=success&gt;Playback - {37} [SUCCESS] SendKeys "^{HOME}" - "[MSAA, VisibleOnly]ControlType='Edit'"
\0&lt;/a&gt;
E, 3504, 17, 2013/05/23, 17:35:24.702, 2848120110356, QTAgent32.exe, Msaa.GetFocusedElement: could not find accessible object of foreground window
W, 3504, 17, 2013/05/23, 17:35:24.760, 2848120941892, QTAgent32.exe, &lt;a class=success&gt;Playback - {38} [SUCCESS] SendKeys "^+{END}" - "[MSAA, VisibleOnly]ControlType='Edit'"
\0&lt;/a&gt;
E, 3504, 17, 2013/05/23, 17:35:24.760, 2848120944759, QTAgent32.exe, Msaa.GetFocusedElement: could not find accessible object of foreground window
W, 3504, 17, 2013/05/23, 17:35:24.774, 2848121151211, QTAgent32.exe, &lt;a class=success&gt;Playback - {39} [SUCCESS] SendKeys "{DELETE}" - "[MSAA, VisibleOnly]ControlType='Edit'"
\0&lt;/a&gt;
W, 3504, 17, 2013/05/23, 17:35:25.208, 2848127357532, QTAgent32.exe, &lt;a class=success&gt;Playback - {40} [SUCCESS] SetValueAsEditBox "1" - "[MSAA, VisibleOnly]ControlType='Edit'"  &lt; Set via SendKeys &gt;
\0&lt;/a&gt;
W, 3504, 17, 2013/05/23, 17:35:26.823, 2848150488505, QTAgent32.exe, Playback - [WARNING] Internal warning: Target element "[MSAA, VisibleOnly]ControlType='Button' &amp;&amp; Name='OK'" was not found, so all intermediate elements were ignored. An incorrect element that matches target element Id can be found as the result.  Verify that all intermediate elements in QueryId have valid and unique Ids
\0
W, 3504, 17, 2013/05/23, 17:35:27.368, 2848158280594, QTAgent32.exe, PERF WARNING: FindAllDescendents: took 2053 ms. Expected it to take maximum 500 ms.
W, 3504, 17, 2013/05/23, 17:35:27.651, 2848162339339, QTAgent32.exe, &lt;a class=success&gt;Playback - {41} [SUCCESS] MouseButtonClick - "[MSAA, VisibleOnly]ControlType='Button' &amp;&amp; Name='OK'"
\0&lt;/a&gt;
W, 3504, 17, 2013/05/23, 17:35:28.042, 2848167932033, QTAgent32.exe, &lt;a class=success&gt;Playback - {42} [SUCCESS] MouseButtonClick - "[MSAA, VisibleOnly]ControlType='Button'"
\0&lt;/a&gt;
W, 3504, 17, 2013/05/23, 17:35:28.445, 2848173701035, QTAgent32.exe, &lt;a class=success&gt;Playback - {43} [SUCCESS] MouseButtonClick - "[MSAA, VisibleOnly]ControlType='Button' &amp;&amp; Name='Add'"
\0&lt;/a&gt;
W, 3504, 17, 2013/05/23, 17:35:28.677, 2848177034764, QTAgent32.exe, &lt;a class=success&gt;Playback - {44} [SUCCESS] MouseButtonClick - "[MSAA, VisibleOnly]ControlType='Button' &amp;&amp; Name='OK'"
\0&lt;/a&gt;
W, 3504, 17, 2013/05/23, 17:35:30.969, 2848209847843, QTAgent32.exe, &lt;a class=success&gt;Playback - {45} [SUCCESS] MouseButtonClick - "[MSAA, VisibleOnly,Window]ControlType='Window' &amp;&amp; ClassName='ThunderRT6TextBox'"
\0&lt;/a&gt;
W, 3504, 17, 2013/05/23, 17:35:31.920, 2848223462461, QTAgent32.exe, &lt;a class=success&gt;Playback - {46} [SUCCESS] SetValueAsEditBox "MOTO" - "[MSAA, VisibleOnly]ControlType='Edit'"  &lt; Set via SendKeys &gt;
\0&lt;/a&gt;
W, 3504, 17, 2013/05/23, 17:35:32.313, 2848229087189, QTAgent32.exe, &lt;a class=success&gt;Playback - {47} [SUCCESS] MouseButtonClick - "[MSAA, VisibleOnly]ControlType='Button' &amp;&amp; Name='OK'"
\0&lt;/a&gt;
W, 3504, 17, 2013/05/23, 17:35:32.565, 2848232694820, QTAgent32.exe, &lt;a class=success&gt;Playback - {48} [SUCCESS] MouseButtonClick - "[MSAA, VisibleOnly]ControlType='Button' &amp;&amp; Name='Options'"
\0&lt;/a&gt;
W, 3504, 17, 2013/05/23, 17:35:32.665, 2848234132187, QTAgent32.exe, FindScreenElementInSinglePass : Attempting to find control in one pass of search. Failures can occur.
W, 3504, 17, 2013/05/23, 17:35:33.176, 2848241443340, QTAgent32.exe, &lt;a class=success&gt;Playback - {49} [SUCCESS] MouseButtonClick - "[MSAA]ControlType='MenuItem' &amp;&amp; Name='Links'"
\0&lt;/a&gt;
W, 3504, 17, 2013/05/23, 17:35:33.276, 2848242881303, QTAgent32.exe, FindScreenElementInSinglePass : Attempting to find control in one pass of search. Failures can occur.
W, 3504, 17, 2013/05/23, 17:35:33.803, 2848250421948, QTAgent32.exe, &lt;a class=success&gt;Playback - {50} [SUCCESS] MouseButtonClick - "[MSAA]ControlType='MenuItem' &amp;&amp; Name='3rd Party Integration'"
\0&lt;/a&gt;
W, 3504, 17, 2013/05/23, 17:35:33.903, 2848251860993, QTAgent32.exe, FindScreenElementInSinglePass : Attempting to find control in one pass of search. Failures can occur.
W, 3504, 17, 2013/05/23, 17:35:34.281, 2848257267357, QTAgent32.exe, &lt;a class=success&gt;Playback - {51} [SUCCESS] MouseButtonClick - "[MSAA]ControlType='MenuItem' &amp;&amp; Name='Quote Select List'"
\0&lt;/a&gt;
W, 3504, 17, 2013/05/23, 17:35:35.249, 2848271134153, QTAgent32.exe, Playback - [WARNING] Internal warning: Window Not Found: [VisibleOnly]ControlType='Window' &amp;&amp; Name='Current Or Future' &amp;&amp; ClassName='TfCurrentOrFuture'
\0
E, 3504, 17, 2013/05/23, 17:35:35.252, 2848271163029, QTAgent32.exe, &lt;a class=failure&gt;Playback - {52} [FAILED] Function ElementFetcher::FindScreenElement failed to locate UI element (Searching: ;[VisibleOnly]ControlType='Window' &amp;&amp; Name='Current Or Future' &amp;&amp; ClassName='TfCurrentOrFuture') (The object specified was not found.)
\0&lt;/a&gt;
E, 3504, 17, 2013/05/23, 17:35:35.752, 2848278322929, QTAgent32.exe, Playback - [IMAGE] C:\Users\testuser\AppData\Local\Temp\UITestLogs\LastRun\RPF62FC.png
\0
W, 3504, 17, 2013/05/23, 17:35:35.752, 2848278326323, QTAgent32.exe, Playback - [WARNING] Internal warning: Couldn't find descendants that match QueryId
\0
W, 3504, 17, 2013/05/23, 17:35:35.752, 2848278330291, QTAgent32.exe, PERF WARNING: FindTopLevelWindowHelper::FindAllDescendents: took 1369 ms. Expected it to take maximum 500 ms.
W, 3504, 17, 2013/05/23, 17:35:36.857, 2848294153981, QTAgent32.exe, PERF WARNING: FindTopLevelWindowHelper::FindAllDescendents: took 1104 ms. Expected it to take maximum 500 ms.
W, 3504, 17, 2013/05/23, 17:35:37.358, 2848301323852, QTAgent32.exe, &lt;a class=success&gt;Playback - {53} [SUCCESS] MouseButtonClick - "[MSAA, VisibleOnly]ControlType='Button' &amp;&amp; Name='Ok'"
\0&lt;/a&gt;
W, 3504, 17, 2013/05/23, 17:35:40.405, 2848344949067, QTAgent32.exe, PERF WARNING: FindTopLevelWindowHelper::FindAllDescendents: took 2918 ms. Expected it to take maximum 500 ms.
W, 3504, 17, 2013/05/23, 17:35:40.568, 2848347285964, QTAgent32.exe, &lt;a class=success&gt;Playback - {54} [SUCCESS] MouseButtonClick - "[MSAA, VisibleOnly]ControlType='Button' &amp;&amp; Name='Ok'"
\0&lt;/a&gt;
W, 3504, 17, 2013/05/23, 17:35:41.406, 2848359290785, QTAgent32.exe, &lt;a class=success&gt;Playback - {55} [SUCCESS] SetValueAsEditBox "test" - "[MSAA, VisibleOnly]ControlType='Edit'"  &lt; Set via SendKeys &gt;
\0&lt;/a&gt;
W, 3504, 17, 2013/05/23, 17:35:42.201, 2848370668298, QTAgent32.exe, &lt;a class=success&gt;Playback - {56} [SUCCESS] SetValueAsEditBox "test" - "[MSAA, VisibleOnly]ControlType='Edit'"  &lt; Set via SendKeys &gt;
\0&lt;/a&gt;
W, 3504, 17, 2013/05/23, 17:35:42.998, 2848382081611, QTAgent32.exe, &lt;a class=success&gt;Playback - {57} [SUCCESS] SetValueAsEditBox "160486" - "[MSAA, VisibleOnly]ControlType='Edit'"  &lt; Set via SendKeys &gt;
\0&lt;/a&gt;
W, 3504, 17, 2013/05/23, 17:35:43.824, 2848393909865, QTAgent32.exe, &lt;a class=success&gt;Playback - {58} [SUCCESS] SetValueAsEditBox "BN16BN" - "[MSAA, VisibleOnly]ControlType='Edit'"  &lt; Set via SendKeys &gt;
\0&lt;/a&gt;
W, 3504, 17, 2013/05/23, 17:35:46.054, 2848425843858, QTAgent32.exe, &lt;a class=success&gt;Playback - {59} [SUCCESS] MouseButtonClick - "[MSAA, VisibleOnly]ControlType='Button' &amp;&amp; Name='Lookup...'"
\0&lt;/a&gt;
W, 3504, 17, 2013/05/23, 17:35:46.310, 2848429504781, QTAgent32.exe, &lt;a class=success&gt;Playback - {60} [SUCCESS] MouseButtonClick - "[MSAA, VisibleOnly]ControlType='Button' &amp;&amp; Name='Ok'"
\0&lt;/a&gt;
W, 3504, 17, 2013/05/23, 17:35:46.558, 2848433052018, QTAgent32.exe, &lt;a class=success&gt;Playback - {61} [SUCCESS] MouseButtonClick - "[MSAA, VisibleOnly]ControlType='Button' &amp;&amp; Name='OK'"
\0&lt;/a&gt;
W, 3504, 17, 2013/05/23, 17:35:47.759, 2848450252263, QTAgent32.exe, PERF WARNING: FindTopLevelWindowHelper::FindAllDescendents: took 1100 ms. Expected it to take maximum 500 ms.
W, 3504, 17, 2013/05/23, 17:35:49.234, 2848471373011, QTAgent32.exe, Playback - [WARNING] Internal warning: Incorrect flag set for InvokeProgrammaticAction\0
W, 3504, 17, 2013/05/23, 17:35:49.356, 2848473111250, QTAgent32.exe, &lt;a class=success&gt;Playback - {62} [SUCCESS] SetValueAsComboBox "Account Executive" - "[MSAA, VisibleOnly]ControlType='ComboBox'"  &lt; SetValueAsComboBox, set by clicking on the item in the list box &gt;
\0&lt;/a&gt;
W, 3504, 17, 2013/05/23, 17:35:50.573, 2848490541731, QTAgent32.exe, Playback - [WARNING] Internal warning: Incorrect flag set for InvokeProgrammaticAction\0
W, 3504, 17, 2013/05/23, 17:35:52.367, 2848516234777, QTAgent32.exe, &lt;a class=success&gt;Playback - {63} [SUCCESS] SetValueAsComboBox "Aerial Manufacturer" - "[MSAA, VisibleOnly]ControlType='ComboBox'"  &lt; SetValueAsComboBox, set by clicking on the item in the list box &gt;
\0&lt;/a&gt;
W, 3504, 17, 2013/05/23, 17:35:53.534, 2848532941347, QTAgent32.exe, &lt;a class=success&gt;Playback - {64} [SUCCESS] SetValueAsEditBox "151208" - "[MSAA, VisibleOnly]ControlType='Edit'"  &lt; Set via SendKeys &gt;
\0&lt;/a&gt;
W, 3504, 17, 2013/05/23, 17:35:53.769, 2848536306009, QTAgent32.exe, &lt;a class=success&gt;Playback - {65} [SUCCESS] MouseButtonClick - "[MSAA, VisibleOnly]ControlType='Button' &amp;&amp; Name='OK'"
\0&lt;/a&gt;
W, 3504, 17, 2013/05/23, 17:35:56.295, 2848572465222, QTAgent32.exe, PERF WARNING: FindTopLevelWindowHelper::FindAllDescendents: took 2305 ms. Expected it to take maximum 500 ms.
E, 3504, 17, 2013/05/23, 17:35:56.314, 2848572742496, QTAgent32.exe, Exception: System.ArgumentException
	Message: Value does not fall within the expected range.
	Stack Trace:    at Accessibility.IAccessible.get_accRole(Object varChild)
   at Microsoft.VisualStudio.TestTools.UITest.Extension.Msaa.AccWrapper.get_RoleInt()
	BaseExceptionMessage: Value does not fall within the expected range.

E, 3504, 17, 2013/05/23, 17:35:56.318, 2848572793333, QTAgent32.exe, Exception: System.ArgumentException
	Message: Value does not fall within the expected range.
	Stack Trace:    at Accessibility.IAccessible.get_accRole(Object varChild)
   at Microsoft.VisualStudio.TestTools.UITest.Extension.Msaa.AccWrapper.get_RoleInt()
	BaseExceptionMessage: Value does not fall within the expected range.

W, 3504, 17, 2013/05/23, 17:35:56.957, 2848581955741, QTAgent32.exe, &lt;a class=success&gt;Playback - {66} [SUCCESS] LeftButtonClick  &lt; Mouse cursor location (680, 395) &gt;
\0&lt;/a&gt;
W, 3504, 17, 2013/05/23, 17:35:57.658, 2848591990133, QTAgent32.exe, &lt;a class=success&gt;Playback - {67} [SUCCESS] SetValueAsEditBox "FORD"  &lt; Set via SendKeys &gt;
\0&lt;/a&gt;
W, 3504, 17, 2013/05/23, 17:35:57.658, 2848591992688, QTAgent32.exe, &lt;a class=success&gt;Playback - {68} [SUCCESS] SetValueAsComboBox "FORD" - "[MSAA, VisibleOnly]ControlType='ComboBox'"  &lt; Set via SetValueAsEditBox &gt;
\0&lt;/a&gt;
E, 3504, 17, 2013/05/23, 17:35:57.769, 2848593578970, QTAgent32.exe, Exception: System.ArgumentException
	Message: Value does not fall within the expected range.
	Stack Trace:    at Accessibility.IAccessible.get_accRole(Object varChild)
   at Microsoft.VisualStudio.TestTools.UITest.Extension.Msaa.AccWrapper.get_RoleInt()
	BaseExceptionMessage: Value does not fall within the expected range.

E, 3504, 17, 2013/05/23, 17:35:57.772, 2848593618629, QTAgent32.exe, Exception: System.ArgumentException
	Message: Value does not fall within the expected range.
	Stack Trace:    at Accessibility.IAccessible.get_accRole(Object varChild)
   at Microsoft.VisualStudio.TestTools.UITest.Extension.Msaa.AccWrapper.get_RoleInt()
	BaseExceptionMessage: Value does not fall within the expected range.

W, 3504, 17, 2013/05/23, 17:35:58.896, 2848609714287, QTAgent32.exe, &lt;a class=success&gt;Playback - {69} [SUCCESS] LeftButtonClick  &lt; Mouse cursor location (1040, 395) &gt;
\0&lt;/a&gt;
W, 3504, 17, 2013/05/23, 17:35:59.502, 2848618391579, QTAgent32.exe, &lt;a class=success&gt;Playback - {70} [SUCCESS] SetValueAsEditBox "KA"  &lt; Set via SendKeys &gt;
\0&lt;/a&gt;
W, 3504, 17, 2013/05/23, 17:35:59.503, 2848618394607, QTAgent32.exe, &lt;a class=success&gt;Playback - {71} [SUCCESS] SetValueAsComboBox "KA" - "[MSAA, VisibleOnly]ControlType='ComboBox'"  &lt; Set via SetValueAsEditBox &gt;
\0&lt;/a&gt;
W, 3504, 17, 2013/05/23, 17:36:00.156, 2848627755353, QTAgent32.exe, &lt;a class=success&gt;Playback - {72} [SUCCESS] MouseButtonClick - "[MSAA, VisibleOnly]ControlType='Button' &amp;&amp; Name='Filter'"
\0&lt;/a&gt;
W, 3504, 17, 2013/05/23, 17:36:00.532, 2848633132979, QTAgent32.exe, &lt;a class=success&gt;Playback - {73} [SUCCESS] MouseButtonClick - "[MSAA, VisibleOnly]ControlType='Button' &amp;&amp; Name='OK'"
\0&lt;/a&gt;
W, 3504, 17, 2013/05/23, 17:36:01.327, 2848644523759, QTAgent32.exe, &lt;a class=success&gt;Playback - {74} [SUCCESS] SendKeys "^{HOME}" - "[MSAA, VisibleOnly]ControlType='Edit'"
\0&lt;/a&gt;
E, 3504, 17, 2013/05/23, 17:36:01.327, 2848644526717, QTAgent32.exe, Msaa.GetFocusedElement: could not find accessible object of foreground window
W, 3504, 17, 2013/05/23, 17:36:01.388, 2848645390753, QTAgent32.exe, &lt;a class=success&gt;Playback - {75} [SUCCESS] SendKeys "^+{END}" - "[MSAA, VisibleOnly]ControlType='Edit'"
\0&lt;/a&gt;
E, 3504, 17, 2013/05/23, 17:36:01.388, 2848645394191, QTAgent32.exe, Msaa.GetFocusedElement: could not find accessible object of foreground window
W, 3504, 17, 2013/05/23, 17:36:01.403, 2848645612889, QTAgent32.exe, &lt;a class=success&gt;Playback - {76} [SUCCESS] SendKeys "{DELETE}" - "[MSAA, VisibleOnly]ControlType='Edit'"
\0&lt;/a&gt;
W, 3504, 17, 2013/05/23, 17:36:01.973, 2848653773854, QTAgent32.exe, &lt;a class=success&gt;Playback - {77} [SUCCESS] SetValueAsEditBox "123434" - "[MSAA, VisibleOnly]ControlType='Edit'"  &lt; Set via SendKeys &gt;
\0&lt;/a&gt;
W, 3504, 17, 2013/05/23, 17:36:02.585, 2848662531575, QTAgent32.exe, &lt;a class=success&gt;Playback - {78} [SUCCESS] SendKeys "^{HOME}" - "[MSAA, VisibleOnly]ControlType='Edit'"
\0&lt;/a&gt;
E, 3504, 17, 2013/05/23, 17:36:02.585, 2848662535295, QTAgent32.exe, Msaa.GetFocusedElement: could not find accessible object of foreground window
W, 3504, 17, 2013/05/23, 17:36:02.652, 2848663490854, QTAgent32.exe, &lt;a class=success&gt;Playback - {79} [SUCCESS] SendKeys "^+{END}" - "[MSAA, VisibleOnly]ControlType='Edit'"
\0&lt;/a&gt;
E, 3504, 17, 2013/05/23, 17:36:02.653, 2848663494834, QTAgent32.exe, Msaa.GetFocusedElement: could not find accessible object of foreground window
W, 3504, 17, 2013/05/23, 17:36:02.668, 2848663714272, QTAgent32.exe, &lt;a class=success&gt;Playback - {80} [SUCCESS] SendKeys "{DELETE}" - "[MSAA, VisibleOnly]ControlType='Edit'"
\0&lt;/a&gt;
W, 3504, 17, 2013/05/23, 17:36:03.254, 2848672105138, QTAgent32.exe, &lt;a class=success&gt;Playback - {81} [SUCCESS] SetValueAsEditBox "1000" - "[MSAA, VisibleOnly]ControlType='Edit'"  &lt; Set via SendKeys &gt;
\0&lt;/a&gt;
W, 3504, 17, 2013/05/23, 17:36:03.999, 2848682780166, QTAgent32.exe, &lt;a class=success&gt;Playback - {82} [SUCCESS] SendKeys "^{HOME}" - "[MSAA, VisibleOnly]ControlType='Edit'"
\0&lt;/a&gt;
E, 3504, 17, 2013/05/23, 17:36:04.000, 2848682783901, QTAgent32.exe, Msaa.GetFocusedElement: could not find accessible object of foreground window
W, 3504, 17, 2013/05/23, 17:36:04.056, 2848683595694, QTAgent32.exe, &lt;a class=success&gt;Playback - {83} [SUCCESS] SendKeys "^+{END}" - "[MSAA, VisibleOnly]ControlType='Edit'"
\0&lt;/a&gt;
E, 3504, 17, 2013/05/23, 17:36:04.056, 2848683598997, QTAgent32.exe, Msaa.GetFocusedElement: could not find accessible object of foreground window
W, 3504, 17, 2013/05/23, 17:36:04.074, 2848683848024, QTAgent32.exe, &lt;a class=success&gt;Playback - {84} [SUCCESS] SendKeys "{DELETE}" - "[MSAA, VisibleOnly]ControlType='Edit'"
\0&lt;/a&gt;
W, 3504, 17, 2013/05/23, 17:36:04.708, 2848692934119, QTAgent32.exe, &lt;a class=success&gt;Playback - {85} [SUCCESS] SetValueAsEditBox "30/05/13" - "[MSAA, VisibleOnly]ControlType='Edit'"  &lt; Set via SendKeys &gt;
\0&lt;/a&gt;
W, 3504, 17, 2013/05/23, 17:36:05.101, 2848698561130, QTAgent32.exe, &lt;a class=success&gt;Playback - {86} [SUCCESS] MouseButtonClick - "[MSAA, VisibleOnly]ControlType='Button' &amp;&amp; Name='Calculate Quote'"
\0&lt;/a&gt;
W, 3504, 17, 2013/05/23, 17:36:12.728, 2848807760429, QTAgent32.exe, Playback - [WARNING] Internal warning: Window Not Found: [VisibleOnly]ControlType='Window' &amp;&amp; Name='Quote Select List' &amp;&amp; ClassName='ThunderRT6FormDC'
\0
E, 3504, 17, 2013/05/23, 17:36:12.729, 2848807770729, QTAgent32.exe, &lt;a class=failure&gt;Playback - {87} [FAILED] Function ElementFetcher::FindScreenElement failed to locate UI element (Searching: ;[VisibleOnly]ControlType='Window' &amp;&amp; Name='Quote Select List' &amp;&amp; ClassName='ThunderRT6FormDC') (The object specified was not found.)
\0&lt;/a&gt;
E, 3504, 17, 2013/05/23, 17:36:12.862, 2848809681311, QTAgent32.exe, Playback - [IMAGE] C:\Users\testuser\AppData\Local\Temp\UITestLogs\LastRun\RPFF55C.png
\0
W, 3504, 17, 2013/05/23, 17:36:12.862, 2848809683655, QTAgent32.exe, Playback - [WARNING] Internal warning: Couldn't find descendants that match QueryId
\0
W, 3504, 17, 2013/05/23, 17:36:12.863, 2848809693436, QTAgent32.exe, PERF WARNING: FindTopLevelWindowHelper::FindAllDescendents: took 7661 ms. Expected it to take maximum 500 ms.
W, 3504, 17, 2013/05/23, 17:36:31.989, 2849083540797, QTAgent32.exe, Playback - [WARNING] Internal warning: Window Not Found: [VisibleOnly]ControlType='Window' &amp;&amp; Name='Quote Select List' &amp;&amp; ClassName='ThunderRT6FormDC'
\0
E, 3504, 17, 2013/05/23, 17:36:31.989, 2849083548057, QTAgent32.exe, &lt;a class=failure&gt;Playback - {88} [FAILED] Function ElementFetcher::FindScreenElement failed to locate UI element (Searching: ;[VisibleOnly]ControlType='Window' &amp;&amp; Name='Quote Select List' &amp;&amp; ClassName='ThunderRT6FormDC') (The object specified was not found.)
\0&lt;/a&gt;
E, 3504, 17, 2013/05/23, 17:36:32.076, 2849084788654, QTAgent32.exe, Playback - [IMAGE] C:\Users\testuser\AppData\Local\Temp\UITestLogs\LastRun\RPF40A0.png
\0
W, 3504, 17, 2013/05/23, 17:36:32.076, 2849084791501, QTAgent32.exe, Playback - [WARNING] Internal warning: Couldn't find descendants that match QueryId
\0
W, 3504, 17, 2013/05/23, 17:36:32.077, 2849084798327, QTAgent32.exe, PERF WARNING: FindTopLevelWindowHelper::FindAllDescendents: took 19213 ms. Expected it to take maximum 500 ms.
W, 3504, 17, 2013/05/23, 17:36:34.715, 2849122578338, QTAgent32.exe, Playback - [WARNING] Internal warning: Smart Match failed
\0
W, 3504, 17, 2013/05/23, 17:36:36.009, 2849141098776, QTAgent32.exe, Playback - [WARNING] Internal warning: Window Not Found: [VisibleOnly]ControlType='Window' &amp;&amp; Name='Quote Select List' &amp;&amp; ClassName='ThunderRT6FormDC'
\0
E, 3504, 17, 2013/05/23, 17:36:36.009, 2849141102546, QTAgent32.exe, &lt;a class=failure&gt;Playback - {89} [FAILED] Function ElementFetcher::FindScreenElement failed to locate UI element (Searching: ;[VisibleOnly]ControlType='Window' &amp;&amp; Name='Quote Select List' &amp;&amp; ClassName='ThunderRT6FormDC') (The object specified was not found.)
\0&lt;/a&gt;
E, 3504, 17, 2013/05/23, 17:36:36.091, 2849142282497, QTAgent32.exe, Playback - [IMAGE] C:\Users\testuser\AppData\Local\Temp\UITestLogs\LastRun\RPF504A.png
\0
W, 3504, 17, 2013/05/23, 17:36:36.092, 2849142284833, QTAgent32.exe, Playback - [WARNING] Internal warning: Couldn't find descendants that match QueryId
\0
W, 3504, 17, 2013/05/23, 17:36:36.092, 2849142288057, QTAgent32.exe, PERF WARNING: FindTopLevelWindowHelper::FindAllDescendents: took 4014 ms. Expected it to take maximum 500 ms.
E, 3504, 17, 2013/05/23, 17:36:36.092, 2849142289981, QTAgent32.exe, Exception: System.Runtime.InteropServices.COMException
	Message: Error HRESULT E_FAIL has been returned from a call to a COM component.
	Stack Trace:    at Microsoft.VisualStudio.TestTools.UITest.Playback.Engine.IRPFPlayback.FindAllScreenElements(IScreenElement pScreenElementStart, String bstrQueryId, Object&amp; pvarResKeys, Int32 cResKeys, Int32 nMaxDepth, Object[]&amp; foundDescendants)
   at Microsoft.VisualStudio.TestTools.UITest.Playback.ScreenElement.FindTopLevelWindowHelper(String queryId)
	BaseExceptionMessage: Error HRESULT E_FAIL has been returned from a call to a COM component.

E, 3504, 17, 2013/05/23, 17:36:36.194, 2849143744561, QTAgent32.exe, AL: Playback Error: Microsoft.VisualStudio.TestTools.UITest.Extension.UITestControlNotFoundException: The playback failed to find the control with the given search properties. Additional Details: 
TechnologyName:  'MSAA'
ControlType:  'Window'
Name:  'Quote Select List'
ClassName:  'ThunderRT6FormDC'
 ---&gt; System.Runtime.InteropServices.COMException: Error HRESULT E_FAIL has been returned from a call to a COM component.
   at Microsoft.VisualStudio.TestTools.UITest.Playback.Engine.IRPFPlayback.FindAllScreenElements(IScreenElement pScreenElementStart, String bstrQueryId, Object&amp; pvarResKeys, Int32 cResKeys, Int32 nMaxDepth, Object[]&amp; foundDescendants)
   at Microsoft.VisualStudio.TestTools.UITest.Playback.ScreenElement.FindTopLevelWindowHelper(String queryId)
   at Microsoft.VisualStudio.TestTools.UITest.Playback.ScreenElement.FindFromPartialQueryId(String queryId)
   at Microsoft.VisualStudio.TestTools.UITesting.UITestControl..ctor(String queryId)
   --- End of inner exception stack trace ---
   at Microsoft.VisualStudio.TestTools.UITesting.Playback.MapControlNotFoundException(COMException ex, IPlaybackContext context)
   at Microsoft.VisualStudio.TestTools.UITesting.Playback.MapAndThrowComException(COMException innerException, IPlaybackContext context)
   at Microsoft.VisualStudio.TestTools.UITesting.Playback.MapAndThrowException(SystemException exception, IPlaybackContext context)
   at Microsoft.VisualStudio.TestTools.UITesting.Playback.MapAndThrowException(SystemException exception, String queryId)
   at Microsoft.VisualStudio.TestTools.UITesting.UITestControl..ctor(String queryId)
   at Microsoft.VisualStudio.TestTools.UITesting.SearchHelper.SearchTopLevelWindow(ISearchArgument topLevelSearchArg, String topLevelElementQueryId)
   at Microsoft.VisualStudio.TestTools.UITesting.SearchHelper.GetTitleUpdatedTopLevelWindow(ISearchArgument topLevelSearchArg, String queryId, IList`1 windowTitles)
   at Microsoft.VisualStudio.TestTools.UITesting.SearchHelper.GetTopLevelElement(Boolean useCache, Boolean useCacheOnly, ISearchArgument searchArg, IList`1 windowTitles, Int32&amp; timeLeft)
   at Microsoft.VisualStudio.TestTools.UITesting.SearchHelper.GetElement(Boolean useCache, ISearchArgument searchArg)
   at Microsoft.VisualStudio.TestTools.UITesting.SearchHelper.Search(ISearchArgument searchArg)
   at Microsoft.VisualStudio.TestTools.UITesting.UITestControl.FindInternal()
   at Microsoft.VisualStudio.TestTools.UITesting.UITestControl.FindControlIfNecessary()
   at Microsoft.VisualStudio.TestTools.UITesting.UITestControl.Click(MouseButtons button, ModifierKeys modifierKeys, Point relativeCoordinates)
   at Microsoft.VisualStudio.TestTools.UITesting.Mouse.ClickImplementation(UITestControl control, MouseButtons button, ModifierKeys modifierKeys, Point relativeCoordinate)
   at Microsoft.VisualStudio.TestTools.UITesting.Mouse.ClickImplementationWrapper(UITestControl control, MouseButtons button, ModifierKeys modifierKeys, Point relativeCoordinate)
W, 3504, 17, 2013/05/23, 17:36:36.194, 2849143748556, QTAgent32.exe, PlaybackErrorHandler: Ignoring exception as ContinueOnError is set.
W, 3504, 17, 2013/05/23, 17:36:36.364, 2849146188489, QTAgent32.exe, &lt;a class=success&gt;Playback - {90} [SUCCESS] MouseButtonClick - "[MSAA, VisibleOnly]ControlType='Button' &amp;&amp; Name='No'"
\0&lt;/a&gt;
W, 3504, 17, 2013/05/23, 17:36:36.718, 2849151252409, QTAgent32.exe, &lt;a class=success&gt;Playback - {91} [SUCCESS] MouseButtonClick - "[MSAA, VisibleOnly]ControlType='Button' &amp;&amp; Name='Ok'"
\0&lt;/a&gt;
W, 3504, 17, 2013/05/23, 17:36:38.993, 2849183819594, QTAgent32.exe, PERF WARNING: FindTopLevelWindowHelper::FindAllDescendents: took 2174 ms. Expected it to take maximum 500 ms.
W, 3504, 17, 2013/05/23, 17:36:39.137, 2849185892880, QTAgent32.exe, &lt;a class=success&gt;Playback - {92} [SUCCESS] MouseButtonClick - "[MSAA, VisibleOnly]ControlType='Client'"
\0&lt;/a&gt;
W, 3504, 17, 2013/05/23, 17:36:41.084, 2849213764600, QTAgent32.exe, &lt;a class=success&gt;Playback - {93} [SUCCESS] SendKeys "{Home}" - "[MSAA, VisibleOnly]ControlType='Client'"
\0&lt;/a&gt;
W, 3504, 17, 2013/05/23, 17:36:44.334, 2849260305616, QTAgent32.exe, &lt;a class=success&gt;Playback - {94} [SUCCESS] MouseButtonClick - "[MSAA, VisibleOnly]ControlType='Button' &amp;&amp; Name='Accept'"
\0&lt;/a&gt;
W, 3504, 17, 2013/05/23, 17:36:44.843, 2849267592947, QTAgent32.exe, &lt;a class=success&gt;Playback - {95} [SUCCESS] MouseButtonClick - "[MSAA, VisibleOnly]ControlType='Button' &amp;&amp; Name='Yes'"
\0&lt;/a&gt;
W, 3504, 17, 2013/05/23, 17:36:45.184, 2849272468849, QTAgent32.exe, &lt;a class=success&gt;Playback - {96} [SUCCESS] MouseButtonClick - "[MSAA, VisibleOnly]ControlType='Button' &amp;&amp; Name='Ok'"
\0&lt;/a&gt;
W, 3504, 17, 2013/05/23, 17:36:45.452, 2849276314192, QTAgent32.exe, &lt;a class=success&gt;Playback - {97} [SUCCESS] MouseButtonClick - "[MSAA, VisibleOnly]ControlType='Button' &amp;&amp; Name='Ok'"
\0&lt;/a&gt;
W, 3504, 17, 2013/05/23, 17:36:45.983, 2849283909266, QTAgent32.exe, &lt;a class=success&gt;Playback - {98} [SUCCESS] MouseButtonClick - "[MSAA, VisibleOnly]ControlType='Button' &amp;&amp; Name='Confirm'"
\0&lt;/a&gt;
W, 3504, 17, 2013/05/23, 17:37:13.750, 2849681483629, QTAgent32.exe, Playback - [WARNING] Internal warning: Window Not Found: [VisibleOnly]ControlType='Window' &amp;&amp; Name='Save the file as' &amp;&amp; ClassName='#32770'
\0
E, 3504, 17, 2013/05/23, 17:37:13.751, 2849681492412, QTAgent32.exe, &lt;a class=failure&gt;Playback - {99} [FAILED] Function ElementFetcher::FindScreenElement failed to locate UI element (Searching: ;[VisibleOnly]ControlType='Window' &amp;&amp; Name='Save the file as' &amp;&amp; ClassName='#32770') (The object specified was not found.)
\0&lt;/a&gt;
E, 3504, 17, 2013/05/23, 17:37:13.888, 2849683458591, QTAgent32.exe, Playback - [IMAGE] C:\Users\testuser\AppData\Local\Temp\UITestLogs\LastRun\RPFE3C3.png
\0
W, 3504, 17, 2013/05/23, 17:37:13.888, 2849683460952, QTAgent32.exe, Playback - [WARNING] Internal warning: Couldn't find descendants that match QueryId
\0
W, 3504, 17, 2013/05/23, 17:37:13.889, 2849683468862, QTAgent32.exe, PERF WARNING: FindTopLevelWindowHelper::FindAllDescendents: took 27800 ms. Expected it to take maximum 500 ms.
W, 3504, 17, 2013/05/23, 17:37:33.497, 2849964229479, QTAgent32.exe, Playback - [WARNING] Internal warning: Window Not Found: [VisibleOnly]ControlType='Window' &amp;&amp; Name='Save the file as' &amp;&amp; ClassName='#32770'
\0
E, 3504, 17, 2013/05/23, 17:37:33.498, 2849964237651, QTAgent32.exe, &lt;a class=failure&gt;Playback - {100} [FAILED] Function ElementFetcher::FindScreenElement failed to locate UI element (Searching: ;[VisibleOnly]ControlType='Window' &amp;&amp; Name='Save the file as' &amp;&amp; ClassName='#32770') (The object specified was not found.)
\0&lt;/a&gt;
E, 3504, 17, 2013/05/23, 17:37:33.632, 2849966152864, QTAgent32.exe, Playback - [IMAGE] C:\Users\testuser\AppData\Local\Temp\UITestLogs\LastRun\RPF30DA.png
\0
W, 3504, 17, 2013/05/23, 17:37:33.632, 2849966155293, QTAgent32.exe, Playback - [WARNING] Internal warning: Couldn't find descendants that match QueryId
\0
W, 3504, 17, 2013/05/23, 17:37:33.632, 2849966162710, QTAgent32.exe, PERF WARNING: FindTopLevelWindowHelper::FindAllDescendents: took 19743 ms. Expected it to take maximum 500 ms.
W, 3504, 17, 2013/05/23, 17:37:36.363, 2850005269279, QTAgent32.exe, Playback - [WARNING] Internal warning: Smart Match failed
\0
W, 3504, 17, 2013/05/23, 17:37:37.786, 2850025631843, QTAgent32.exe, Playback - [WARNING] Internal warning: Window Not Found: [VisibleOnly]ControlType='Window' &amp;&amp; Name='Save the file as' &amp;&amp; ClassName='#32770'
\0
E, 3504, 17, 2013/05/23, 17:37:37.786, 2850025637250, QTAgent32.exe, &lt;a class=failure&gt;Playback - {101} [FAILED] Function ElementFetcher::FindScreenElement failed to locate UI element (Searching: ;[VisibleOnly]ControlType='Window' &amp;&amp; Name='Save the file as' &amp;&amp; ClassName='#32770') (The object specified was not found.)
\0&lt;/a&gt;
E, 3504, 17, 2013/05/23, 17:37:37.879, 2850026967443, QTAgent32.exe, Playback - [IMAGE] C:\Users\testuser\AppData\Local\Temp\UITestLogs\LastRun\RPF419D.png
\0
W, 3504, 17, 2013/05/23, 17:37:37.879, 2850026970007, QTAgent32.exe, Playback - [WARNING] Internal warning: Couldn't find descendants that match QueryId
\0
W, 3504, 17, 2013/05/23, 17:37:37.879, 2850026972948, QTAgent32.exe, PERF WARNING: FindTopLevelWindowHelper::FindAllDescendents: took 4246 ms. Expected it to take maximum 500 ms.
E, 3504, 17, 2013/05/23, 17:37:37.880, 2850026974919, QTAgent32.exe, Exception: System.Runtime.InteropServices.COMException
	Message: Error HRESULT E_FAIL has been returned from a call to a COM component.
	Stack Trace:    at Microsoft.VisualStudio.TestTools.UITest.Playback.Engine.IRPFPlayback.FindAllScreenElements(IScreenElement pScreenElementStart, String bstrQueryId, Object&amp; pvarResKeys, Int32 cResKeys, Int32 nMaxDepth, Object[]&amp; foundDescendants)
   at Microsoft.VisualStudio.TestTools.UITest.Playback.ScreenElement.FindTopLevelWindowHelper(String queryId)
	BaseExceptionMessage: Error HRESULT E_FAIL has been returned from a call to a COM component.

E, 3504, 17, 2013/05/23, 17:37:37.981, 2850028428501, QTAgent32.exe, AL: Playback Error: Microsoft.VisualStudio.TestTools.UITest.Extension.UITestControlNotFoundException: The playback failed to find the control with the given search properties. Additional Details: 
TechnologyName:  'MSAA'
ControlType:  'Window'
Name:  'Save the file as'
ClassName:  '#32770'
 ---&gt; System.Runtime.InteropServices.COMException: Error HRESULT E_FAIL has been returned from a call to a COM component.
   at Microsoft.VisualStudio.TestTools.UITest.Playback.Engine.IRPFPlayback.FindAllScreenElements(IScreenElement pScreenElementStart, String bstrQueryId, Object&amp; pvarResKeys, Int32 cResKeys, Int32 nMaxDepth, Object[]&amp; foundDescendants)
   at Microsoft.VisualStudio.TestTools.UITest.Playback.ScreenElement.FindTopLevelWindowHelper(String queryId)
   at Microsoft.VisualStudio.TestTools.UITest.Playback.ScreenElement.FindFromPartialQueryId(String queryId)
   at Microsoft.VisualStudio.TestTools.UITesting.UITestControl..ctor(String queryId)
   --- End of inner exception stack trace ---
   at Microsoft.VisualStudio.TestTools.UITesting.Playback.MapControlNotFoundException(COMException ex, IPlaybackContext context)
   at Microsoft.VisualStudio.TestTools.UITesting.Playback.MapAndThrowComException(COMException innerException, IPlaybackContext context)
   at Microsoft.VisualStudio.TestTools.UITesting.Playback.MapAndThrowException(SystemException exception, IPlaybackContext context)
   at Microsoft.VisualStudio.TestTools.UITesting.Playback.MapAndThrowException(SystemException exception, String queryId)
   at Microsoft.VisualStudio.TestTools.UITesting.UITestControl..ctor(String queryId)
   at Microsoft.VisualStudio.TestTools.UITesting.SearchHelper.SearchTopLevelWindow(ISearchArgument topLevelSearchArg, String topLevelElementQueryId)
   at Microsoft.VisualStudio.TestTools.UITesting.SearchHelper.GetTitleUpdatedTopLevelWindow(ISearchArgument topLevelSearchArg, String queryId, IList`1 windowTitles)
   at Microsoft.VisualStudio.TestTools.UITesting.SearchHelper.GetTopLevelElement(Boolean useCache, Boolean useCacheOnly, ISearchArgument searchArg, IList`1 windowTitles, Int32&amp; timeLeft)
   at Microsoft.VisualStudio.TestTools.UITesting.SearchHelper.GetElement(Boolean useCache, ISearchArgument searchArg)
   at Microsoft.VisualStudio.TestTools.UITesting.SearchHelper.Search(ISearchArgument searchArg)
   at Microsoft.VisualStudio.TestTools.UITesting.UITestControl.FindInternal()
   at Microsoft.VisualStudio.TestTools.UITesting.UITestControl.FindControlIfNecessary()
   at Microsoft.VisualStudio.TestTools.UITesting.UITestControl.Click(MouseButtons button, ModifierKeys modifierKeys, Point relativeCoordinates)
   at Microsoft.VisualStudio.TestTools.UITesting.Mouse.ClickImplementation(UITestControl control, MouseButtons button, ModifierKeys modifierKeys, Point relativeCoordinate)
   at Microsoft.VisualStudio.TestTools.UITesting.Mouse.ClickImplementationWrapper(UITestControl control, MouseButtons button, ModifierKeys modifierKeys, Point relativeCoordinate)
W, 3504, 17, 2013/05/23, 17:37:37.981, 2850028432650, QTAgent32.exe, PlaybackErrorHandler: Ignoring exception as ContinueOnError is set.
W, 3504, 17, 2013/05/23, 17:37:38.125, 2850030481903, QTAgent32.exe, &lt;a class=success&gt;Playback - {102} [SUCCESS] Check - "[MSAA, VisibleOnly]ControlType='CheckBox' &amp;&amp; Name='Defer Printing?'"
\0&lt;/a&gt;
W, 3504, 17, 2013/05/23, 17:37:38.662, 2850038185166, QTAgent32.exe, &lt;a class=success&gt;Playback - {103} [SUCCESS] MouseButtonClick - "[MSAA, VisibleOnly]ControlType='Button' &amp;&amp; Name='Ok'"
\0&lt;/a&gt;
W, 3504, 17, 2013/05/23, 17:37:40.675, 2850067005608, QTAgent32.exe, PERF WARNING: FindTopLevelWindowHelper::FindAllDescendents: took 1912 ms. Expected it to take maximum 500 ms.
W, 3504, 17, 2013/05/23, 17:37:41.441, 2850077972771, QTAgent32.exe, &lt;a class=success&gt;Playback - {104} [SUCCESS] Uncheck - "[MSAA, VisibleOnly]ControlType='CheckBox' &amp;&amp; Name='Add Activity'"
\0&lt;/a&gt;
W, 3504, 17, 2013/05/23, 17:37:43.951, 2850113917201, QTAgent32.exe, &lt;a class=success&gt;Playback - {105} [SUCCESS] MouseButtonClick - "[MSAA, VisibleOnly]ControlType='Button' &amp;&amp; Name='Ok'"
\0&lt;/a&gt;
W, 3504, 17, 2013/05/23, 17:37:44.210, 2850117618943, QTAgent32.exe, &lt;a class=success&gt;Playback - {106} [SUCCESS] MouseButtonClick - "[MSAA, VisibleOnly]ControlType='Button' &amp;&amp; Name='Ok'"
\0&lt;/a&gt;
W, 3504, 17, 2013/05/23, 17:37:48.390, 2850177474332, QTAgent32.exe, PERF WARNING: FindTopLevelWindowHelper::FindAllDescendents: took 4079 ms. Expected it to take maximum 500 ms.
W, 3504, 17, 2013/05/23, 17:37:48.531, 2850179485894, QTAgent32.exe, &lt;a class=success&gt;Playback - {107} [SUCCESS] MouseButtonClick - "[MSAA, VisibleOnly]ControlType='Button' &amp;&amp; Name='OK'"
\0&lt;/a&gt;
W, 3504, 17, 2013/05/23, 17:37:48.787, 2850183148331, QTAgent32.exe, &lt;a class=success&gt;Playback - {108} [SUCCESS] MouseButtonClick - "[MSAA, VisibleOnly]ControlType='Button' &amp;&amp; Name='Cancel'"
\0&lt;/a&gt;
W, 3504, 17, 2013/05/23, 17:37:49.209, 2850189186184, QTAgent32.exe, &lt;a class=success&gt;Playback - {109} [SUCCESS] MouseButtonClick - "[MSAA, VisibleOnly]ControlType='Button'"
\0&lt;/a&gt;
W, 3504, 17, 2013/05/23, 17:37:49.799, 2850197637402, QTAgent32.exe, &lt;a class=success&gt;Playback - {110} [SUCCESS] MouseButtonClick - "[MSAA, VisibleOnly]ControlType='Button' &amp;&amp; Name='Detail'"
\0&lt;/a&gt;
W, 3504, 17, 2013/05/23, 17:37:54.556, 2850265749039, QTAgent32.exe, Playback - [WARNING] Internal warning: Window Not Found: [VisibleOnly]ControlType='Window' &amp;&amp; Name='Connect to www.insur-econnect.com'
\0
E, 3504, 17, 2013/05/23, 17:37:54.556, 2850265754480, QTAgent32.exe, &lt;a class=failure&gt;Playback - {111} [FAILED] Function ElementFetcher::FindScreenElement failed to locate UI element (Searching: ;[VisibleOnly]ControlType='Window' &amp;&amp; Name='Connect to www.insur-econnect.com') (The object specified was not found.)
\0&lt;/a&gt;
E, 3504, 17, 2013/05/23, 17:37:54.646, 2850267035560, QTAgent32.exe, Playback - [IMAGE] C:\Users\testuser\AppData\Local\Temp\UITestLogs\LastRun\RPF8320.png
\0
W, 3504, 17, 2013/05/23, 17:37:54.646, 2850267037899, QTAgent32.exe, Playback - [WARNING] Internal warning: Couldn't find descendants that match QueryId
\0
W, 3504, 17, 2013/05/23, 17:37:54.646, 2850267041831, QTAgent32.exe, PERF WARNING: FindTopLevelWindowHelper::FindAllDescendents: took 1748 ms. Expected it to take maximum 500 ms.
W, 3504, 17, 2013/05/23, 17:38:12.867, 2850527929340, QTAgent32.exe, Playback - [WARNING] Internal warning: Window Not Found: [VisibleOnly]ControlType='Window' &amp;&amp; Name='Connect to www.insur-econnect.com'
\0
E, 3504, 17, 2013/05/23, 17:38:12.867, 2850527934551, QTAgent32.exe, &lt;a class=failure&gt;Playback - {112} [FAILED] Function ElementFetcher::FindScreenElement failed to locate UI element (Searching: ;[VisibleOnly]ControlType='Window' &amp;&amp; Name='Connect to www.insur-econnect.com') (The object specified was not found.)
\0&lt;/a&gt;
E, 3504, 17, 2013/05/23, 17:38:12.967, 2850529354927, QTAgent32.exe, Playback - [IMAGE] C:\Users\testuser\AppData\Local\Temp\UITestLogs\LastRun\RPFCAAC.png
\0
W, 3504, 17, 2013/05/23, 17:38:12.967, 2850529357188, QTAgent32.exe, Playback - [WARNING] Internal warning: Couldn't find descendants that match QueryId
\0
W, 3504, 17, 2013/05/23, 17:38:12.967, 2850529363968, QTAgent32.exe, PERF WARNING: FindTopLevelWindowHelper::FindAllDescendents: took 18320 ms. Expected it to take maximum 500 ms.
W, 3504, 17, 2013/05/23, 17:38:13.422, 2850535877661, QTAgent32.exe, Playback - [WARNING] Internal warning: Smart Match failed
\0
W, 3504, 17, 2013/05/23, 17:38:13.853, 2850542056105, QTAgent32.exe, Playback - [WARNING] Internal warning: Smart Match failed
\0
W, 3504, 17, 2013/05/23, 17:38:14.306, 2850548540817, QTAgent32.exe, Playback - [WARNING] Internal warning: Smart Match failed
\0
W, 3504, 17, 2013/05/23, 17:38:14.770, 2850555184079, QTAgent32.exe, Playback - [WARNING] Internal warning: Smart Match failed
\0
W, 3504, 17, 2013/05/23, 17:38:15.232, 2850561794232, QTAgent32.exe, Playback - [WARNING] Internal warning: Smart Match failed
\0
W, 3504, 17, 2013/05/23, 17:38:15.692, 2850568386283, QTAgent32.exe, Playback - [WARNING] Internal warning: Smart Match failed
\0
W, 3504, 17, 2013/05/23, 17:38:15.996, 2850572732079, QTAgent32.exe, Playback - [WARNING] Internal warning: Window Not Found: [VisibleOnly]ControlType='Window' &amp;&amp; Name='Connect to www.insur-econnect.com'
\0
E, 3504, 17, 2013/05/23, 17:38:15.996, 2850572734984, QTAgent32.exe, &lt;a class=failure&gt;Playback - {113} [FAILED] Function ElementFetcher::FindScreenElement failed to locate UI element (Searching: ;[VisibleOnly]ControlType='Window' &amp;&amp; Name='Connect to www.insur-econnect.com') (The object specified was not found.)
\0&lt;/a&gt;
E, 3504, 17, 2013/05/23, 17:38:16.083, 2850573981280, QTAgent32.exe, Playback - [IMAGE] C:\Users\testuser\AppData\Local\Temp\UITestLogs\LastRun\RPFD6EC.png
\0
W, 3504, 17, 2013/05/23, 17:38:16.083, 2850573983846, QTAgent32.exe, Playback - [WARNING] Internal warning: Couldn't find descendants that match QueryId
\0
W, 3504, 17, 2013/05/23, 17:38:16.083, 2850573987021, QTAgent32.exe, PERF WARNING: FindTopLevelWindowHelper::FindAllDescendents: took 3116 ms. Expected it to take maximum 500 ms.
E, 3504, 17, 2013/05/23, 17:38:16.083, 2850573988932, QTAgent32.exe, Exception: System.Runtime.InteropServices.COMException
	Message: Error HRESULT E_FAIL has been returned from a call to a COM component.
	Stack Trace:    at Microsoft.VisualStudio.TestTools.UITest.Playback.Engine.IRPFPlayback.FindAllScreenElements(IScreenElement pScreenElementStart, String bstrQueryId, Object&amp; pvarResKeys, Int32 cResKeys, Int32 nMaxDepth, Object[]&amp; foundDescendants)
   at Microsoft.VisualStudio.TestTools.UITest.Playback.ScreenElement.FindTopLevelWindowHelper(String queryId)
	BaseExceptionMessage: Error HRESULT E_FAIL has been returned from a call to a COM component.

W, 3504, 17, 2013/05/23, 17:38:17.606, 2850595787492, QTAgent32.exe, Playback - [WARNING] Internal warning: Window Not Found: [VisibleOnly]ControlType='Window' &amp;&amp; Name='Windows Security'
\0
E, 3504, 17, 2013/05/23, 17:38:17.606, 2850595790679, QTAgent32.exe, &lt;a class=failure&gt;Playback - {114} [FAILED] Function ElementFetcher::FindScreenElement failed to locate UI element (Searching: ;[VisibleOnly]ControlType='Window' &amp;&amp; Name='Windows Security') (The object specified was not found.)
\0&lt;/a&gt;
E, 3504, 17, 2013/05/23, 17:38:17.694, 2850597049797, QTAgent32.exe, Playback - [IMAGE] C:\Users\testuser\AppData\Local\Temp\UITestLogs\LastRun\RPFDD34.png
\0
W, 3504, 17, 2013/05/23, 17:38:17.694, 2850597052176, QTAgent32.exe, Playback - [WARNING] Internal warning: Couldn't find descendants that match QueryId
\0
W, 3504, 17, 2013/05/23, 17:38:17.695, 2850597055264, QTAgent32.exe, PERF WARNING: FindTopLevelWindowHelper::FindAllDescendents: took 1610 ms. Expected it to take maximum 500 ms.
W, 3504, 17, 2013/05/23, 17:38:35.758, 2850855693850, QTAgent32.exe, Playback - [WARNING] Internal warning: Window Not Found: [VisibleOnly]ControlType='Window' &amp;&amp; Name='Windows Security'
\0
E, 3504, 17, 2013/05/23, 17:38:35.759, 2850855700842, QTAgent32.exe, &lt;a class=failure&gt;Playback - {115} [FAILED] Function ElementFetcher::FindScreenElement failed to locate UI element (Searching: ;[VisibleOnly]ControlType='Window' &amp;&amp; Name='Windows Security') (The object specified was not found.)
\0&lt;/a&gt;
E, 3504, 17, 2013/05/23, 17:38:35.840, 2850856868832, QTAgent32.exe, Playback - [IMAGE] C:\Users\testuser\AppData\Local\Temp\UITestLogs\LastRun\RPF2424.png
\0
W, 3504, 17, 2013/05/23, 17:38:35.840, 2850856871379, QTAgent32.exe, Playback - [WARNING] Internal warning: Couldn't find descendants that match QueryId
\0
W, 3504, 17, 2013/05/23, 17:38:35.841, 2850856879035, QTAgent32.exe, PERF WARNING: FindTopLevelWindowHelper::FindAllDescendents: took 18146 ms. Expected it to take maximum 500 ms.
W, 3504, 17, 2013/05/23, 17:38:36.341, 2850864031378, QTAgent32.exe, Playback - [WARNING] Internal warning: Smart Match failed
\0
W, 3504, 17, 2013/05/23, 17:38:36.803, 2850870648709, QTAgent32.exe, Playback - [WARNING] Internal warning: Smart Match failed
\0
W, 3504, 17, 2013/05/23, 17:38:37.253, 2850877101148, QTAgent32.exe, Playback - [WARNING] Internal warning: Smart Match failed
\0
W, 3504, 17, 2013/05/23, 17:38:37.710, 2850883641387, QTAgent32.exe, Playback - [WARNING] Internal warning: Smart Match failed
\0
W, 3504, 17, 2013/05/23, 17:38:38.142, 2850889824625, QTAgent32.exe, Playback - [WARNING] Internal warning: Smart Match failed
\0
W, 3504, 17, 2013/05/23, 17:38:38.559, 2850895798956, QTAgent32.exe, Playback - [WARNING] Internal warning: Smart Match failed
\0
W, 3504, 17, 2013/05/23, 17:38:38.855, 2850900040837, QTAgent32.exe, Playback - [WARNING] Internal warning: Window Not Found: [VisibleOnly]ControlType='Window' &amp;&amp; Name='Windows Security'
\0
E, 3504, 17, 2013/05/23, 17:38:38.856, 2850900043972, QTAgent32.exe, &lt;a class=failure&gt;Playback - {116} [FAILED] Function ElementFetcher::FindScreenElement failed to locate UI element (Searching: ;[VisibleOnly]ControlType='Window' &amp;&amp; Name='Windows Security') (The object specified was not found.)
\0&lt;/a&gt;
E, 3504, 17, 2013/05/23, 17:38:38.934, 2850901165058, QTAgent32.exe, Playback - [IMAGE] C:\Users\testuser\AppData\Local\Temp\UITestLogs\LastRun\RPF3036.png
\0
W, 3504, 17, 2013/05/23, 17:38:38.934, 2850901167726, QTAgent32.exe, Playback - [WARNING] Internal warning: Couldn't find descendants that match QueryId
\0
W, 3504, 17, 2013/05/23, 17:38:38.934, 2850901171262, QTAgent32.exe, PERF WARNING: FindTopLevelWindowHelper::FindAllDescendents: took 3093 ms. Expected it to take maximum 500 ms.
E, 3504, 17, 2013/05/23, 17:38:38.934, 2850901173154, QTAgent32.exe, Exception: System.Runtime.InteropServices.COMException
	Message: Error HRESULT E_FAIL has been returned from a call to a COM component.
	Stack Trace:    at Microsoft.VisualStudio.TestTools.UITest.Playback.Engine.IRPFPlayback.FindAllScreenElements(IScreenElement pScreenElementStart, String bstrQueryId, Object&amp; pvarResKeys, Int32 cResKeys, Int32 nMaxDepth, Object[]&amp; foundDescendants)
   at Microsoft.VisualStudio.TestTools.UITest.Playback.ScreenElement.FindTopLevelWindowHelper(String queryId)
	BaseExceptionMessage: Error HRESULT E_FAIL has been returned from a call to a COM component.

E, 3504, 17, 2013/05/23, 17:38:39.038, 2850902659506, QTAgent32.exe, AL: Playback Error: Microsoft.VisualStudio.TestTools.UITest.Extension.UITestControlNotFoundException: The playback failed to find the control with the given search properties. Additional Details: 
TechnologyName:  'MSAA'
ControlType:  'Window'
Name:  'Windows Security'
 ---&gt; System.Runtime.InteropServices.COMException: Error HRESULT E_FAIL has been returned from a call to a COM component.
   at Microsoft.VisualStudio.TestTools.UITest.Playback.Engine.IRPFPlayback.FindAllScreenElements(IScreenElement pScreenElementStart, String bstrQueryId, Object&amp; pvarResKeys, Int32 cResKeys, Int32 nMaxDepth, Object[]&amp; foundDescendants)
   at Microsoft.VisualStudio.TestTools.UITest.Playback.ScreenElement.FindTopLevelWindowHelper(String queryId)
   at Microsoft.VisualStudio.TestTools.UITest.Playback.ScreenElement.FindFromPartialQueryId(String queryId)
   at Microsoft.VisualStudio.TestTools.UITesting.UITestControl..ctor(String queryId)
   --- End of inner exception stack trace ---
   at Microsoft.VisualStudio.TestTools.UITesting.Playback.MapControlNotFoundException(COMException ex, IPlaybackContext context)
   at Microsoft.VisualStudio.TestTools.UITesting.Playback.MapAndThrowComException(COMException innerException, IPlaybackContext context)
   at Microsoft.VisualStudio.TestTools.UITesting.Playback.MapAndThrowException(SystemException exception, IPlaybackContext context)
   at Microsoft.VisualStudio.TestTools.UITesting.Playback.MapAndThrowException(SystemException exception, String queryId)
   at Microsoft.VisualStudio.TestTools.UITesting.UITestControl..ctor(String queryId)
   at Microsoft.VisualStudio.TestTools.UITesting.SearchHelper.SearchTopLevelWindow(ISearchArgument topLevelSearchArg, String topLevelElementQueryId)
   at Microsoft.VisualStudio.TestTools.UITesting.SearchHelper.GetTitleUpdatedTopLevelWindow(ISearchArgument topLevelSearchArg, String queryId, IList`1 windowTitles)
   at Microsoft.VisualStudio.TestTools.UITesting.SearchHelper.GetTopLevelElement(Boolean useCache, Boolean useCacheOnly, ISearchArgument searchArg, IList`1 windowTitles, Int32&amp; timeLeft)
   at Microsoft.VisualStudio.TestTools.UITesting.SearchHelper.GetElement(Boolean useCache, ISearchArgument searchArg)
   at Microsoft.VisualStudio.TestTools.UITesting.SearchHelper.Search(ISearchArgument searchArg)
   at Microsoft.VisualStudio.TestTools.UITesting.UITestControl.FindInternal()
   at Microsoft.VisualStudio.TestTools.UITesting.UITestControl.FindControlIfNecessary()
   at Microsoft.VisualStudio.TestTools.UITesting.UITestControl.SendKeys(String text, ModifierKeys modifierKeys, Boolean isEncoded, Boolean isUnicode)
   at Microsoft.VisualStudio.TestTools.UITesting.Keyboard.SendKeysImplementation(UITestControl control, String text, ModifierKeys modifierKeys, Boolean isEncoded, Boolean isUnicode)
   at Microsoft.VisualStudio.TestTools.UITesting.Keyboard.SendKeysImplementationWrapper(UITestControl control, String text, ModifierKeys modifierKeys, Boolean isEncoded, Boolean isUnicode)
W, 3504, 17, 2013/05/23, 17:38:39.039, 2850902663159, QTAgent32.exe, PlaybackErrorHandler: Ignoring exception as ContinueOnError is set.
W, 3504, 17, 2013/05/23, 17:38:40.637, 2850925547275, QTAgent32.exe, Playback - [WARNING] Internal warning: Window Not Found: [VisibleOnly]ControlType='Window' &amp;&amp; Name='Windows Security'
\0
E, 3504, 17, 2013/05/23, 17:38:40.637, 2850925550331, QTAgent32.exe, &lt;a class=failure&gt;Playback - {117} [FAILED] Function ElementFetcher::FindScreenElement failed to locate UI element (Searching: ;[VisibleOnly]ControlType='Window' &amp;&amp; Name='Windows Security') (The object specified was not found.)
\0&lt;/a&gt;
E, 3504, 17, 2013/05/23, 17:38:40.721, 2850926752763, QTAgent32.exe, Playback - [IMAGE] C:\Users\testuser\AppData\Local\Temp\UITestLogs\LastRun\RPF3729.png
\0
W, 3504, 17, 2013/05/23, 17:38:40.721, 2850926755218, QTAgent32.exe, Playback - [WARNING] Internal warning: Couldn't find descendants that match QueryId
\0
W, 3504, 17, 2013/05/23, 17:38:40.722, 2850926759225, QTAgent32.exe, PERF WARNING: FindTopLevelWindowHelper::FindAllDescendents: took 1682 ms. Expected it to take maximum 500 ms.
W, 3504, 17, 2013/05/23, 17:38:59.141, 2851190499953, QTAgent32.exe, Playback - [WARNING] Internal warning: Window Not Found: [VisibleOnly]ControlType='Window' &amp;&amp; Name='Windows Security'
\0
E, 3504, 17, 2013/05/23, 17:38:59.142, 2851190505268, QTAgent32.exe, &lt;a class=failure&gt;Playback - {118} [FAILED] Function ElementFetcher::FindScreenElement failed to locate UI element (Searching: ;[VisibleOnly]ControlType='Window' &amp;&amp; Name='Windows Security') (The object specified was not found.)
\0&lt;/a&gt;
E, 3504, 17, 2013/05/23, 17:38:59.220, 2851191622709, QTAgent32.exe, Playback - [IMAGE] C:\Users\testuser\AppData\Local\Temp\UITestLogs\LastRun\RPF7F70.png
\0
W, 3504, 17, 2013/05/23, 17:38:59.220, 2851191625156, QTAgent32.exe, Playback - [WARNING] Internal warning: Couldn't find descendants that match QueryId
\0
W, 3504, 17, 2013/05/23, 17:38:59.220, 2851191631324, QTAgent32.exe, PERF WARNING: FindTopLevelWindowHelper::FindAllDescendents: took 18498 ms. Expected it to take maximum 500 ms.
W, 3504, 17, 2013/05/23, 17:38:59.700, 2851198497957, QTAgent32.exe, Playback - [WARNING] Internal warning: Smart Match failed
\0
W, 3504, 17, 2013/05/23, 17:39:00.119, 2851204496210, QTAgent32.exe, Playback - [WARNING] Internal warning: Smart Match failed
\0
W, 3504, 17, 2013/05/23, 17:39:00.540, 2851210523900, QTAgent32.exe, Playback - [WARNING] Internal warning: Smart Match failed
\0
W, 3504, 17, 2013/05/23, 17:39:00.963, 2851216575550, QTAgent32.exe, Playback - [WARNING] Internal warning: Smart Match failed
\0
W, 3504, 17, 2013/05/23, 17:39:01.440, 2851223410716, QTAgent32.exe, Playback - [WARNING] Internal warning: Smart Match failed
\0
W, 3504, 17, 2013/05/23, 17:39:01.893, 2851229902853, QTAgent32.exe, Playback - [WARNING] Internal warning: Smart Match failed
\0
W, 3504, 17, 2013/05/23, 17:39:02.241, 2851234872926, QTAgent32.exe, Playback - [WARNING] Internal warning: Window Not Found: [VisibleOnly]ControlType='Window' &amp;&amp; Name='Windows Security'
\0
E, 3504, 17, 2013/05/23, 17:39:02.241, 2851234875930, QTAgent32.exe, &lt;a class=failure&gt;Playback - {119} [FAILED] Function ElementFetcher::FindScreenElement failed to locate UI element (Searching: ;[VisibleOnly]ControlType='Window' &amp;&amp; Name='Windows Security') (The object specified was not found.)
\0&lt;/a&gt;
E, 3504, 17, 2013/05/23, 17:39:02.345, 2851236362920, QTAgent32.exe, Playback - [IMAGE] C:\Users\testuser\AppData\Local\Temp\UITestLogs\LastRun\RPF8B91.png
\0
W, 3504, 17, 2013/05/23, 17:39:02.345, 2851236365400, QTAgent32.exe, Playback - [WARNING] Internal warning: Couldn't find descendants that match QueryId
\0
W, 3504, 17, 2013/05/23, 17:39:02.345, 2851236368927, QTAgent32.exe, PERF WARNING: FindTopLevelWindowHelper::FindAllDescendents: took 3124 ms. Expected it to take maximum 500 ms.
E, 3504, 17, 2013/05/23, 17:39:02.345, 2851236370889, QTAgent32.exe, Exception: System.Runtime.InteropServices.COMException
	Message: Error HRESULT E_FAIL has been returned from a call to a COM component.
	Stack Trace:    at Microsoft.VisualStudio.TestTools.UITest.Playback.Engine.IRPFPlayback.FindAllScreenElements(IScreenElement pScreenElementStart, String bstrQueryId, Object&amp; pvarResKeys, Int32 cResKeys, Int32 nMaxDepth, Object[]&amp; foundDescendants)
   at Microsoft.VisualStudio.TestTools.UITest.Playback.ScreenElement.FindTopLevelWindowHelper(String queryId)
	BaseExceptionMessage: Error HRESULT E_FAIL has been returned from a call to a COM component.

E, 3504, 17, 2013/05/23, 17:39:02.446, 2851237816963, QTAgent32.exe, AL: Playback Error: Microsoft.VisualStudio.TestTools.UITest.Extension.UITestControlNotFoundException: The playback failed to find the control with the given search properties. Additional Details: 
TechnologyName:  'MSAA'
ControlType:  'Window'
Name:  'Windows Security'
 ---&gt; System.Runtime.InteropServices.COMException: Error HRESULT E_FAIL has been returned from a call to a COM component.
   at Microsoft.VisualStudio.TestTools.UITest.Playback.Engine.IRPFPlayback.FindAllScreenElements(IScreenElement pScreenElementStart, String bstrQueryId, Object&amp; pvarResKeys, Int32 cResKeys, Int32 nMaxDepth, Object[]&amp; foundDescendants)
   at Microsoft.VisualStudio.TestTools.UITest.Playback.ScreenElement.FindTopLevelWindowHelper(String queryId)
   at Microsoft.VisualStudio.TestTools.UITest.Playback.ScreenElement.FindFromPartialQueryId(String queryId)
   at Microsoft.VisualStudio.TestTools.UITesting.UITestControl..ctor(String queryId)
   --- End of inner exception stack trace ---
   at Microsoft.VisualStudio.TestTools.UITesting.Playback.MapControlNotFoundException(COMException ex, IPlaybackContext context)
   at Microsoft.VisualStudio.TestTools.UITesting.Playback.MapAndThrowComException(COMException innerException, IPlaybackContext context)
   at Microsoft.VisualStudio.TestTools.UITesting.Playback.MapAndThrowException(SystemException exception, IPlaybackContext context)
   at Microsoft.VisualStudio.TestTools.UITesting.Playback.MapAndThrowException(SystemException exception, String queryId)
   at Microsoft.VisualStudio.TestTools.UITesting.UITestControl..ctor(String queryId)
   at Microsoft.VisualStudio.TestTools.UITesting.SearchHelper.SearchTopLevelWindow(ISearchArgument topLevelSearchArg, String topLevelElementQueryId)
   at Microsoft.VisualStudio.TestTools.UITesting.SearchHelper.GetTitleUpdatedTopLevelWindow(ISearchArgument topLevelSearchArg, String queryId, IList`1 windowTitles)
   at Microsoft.VisualStudio.TestTools.UITesting.SearchHelper.GetTopLevelElement(Boolean useCache, Boolean useCacheOnly, ISearchArgument searchArg, IList`1 windowTitles, Int32&amp; timeLeft)
   at Microsoft.VisualStudio.TestTools.UITesting.SearchHelper.GetElement(Boolean useCache, ISearchArgument searchArg)
   at Microsoft.VisualStudio.TestTools.UITesting.SearchHelper.Search(ISearchArgument searchArg)
   at Microsoft.VisualStudio.TestTools.UITesting.UITestControl.FindInternal()
   at Microsoft.VisualStudio.TestTools.UITesting.UITestControl.FindControlIfNecessary()
   at Microsoft.VisualStudio.TestTools.UITesting.UITestControl.Click(MouseButtons button, ModifierKeys modifierKeys, Point relativeCoordinates)
   at Microsoft.VisualStudio.TestTools.UITesting.Mouse.ClickImplementation(UITestControl control, MouseButtons button, ModifierKeys modifierKeys, Point relativeCoordinate)
   at Microsoft.VisualStudio.TestTools.UITesting.Mouse.ClickImplementationWrapper(UITestControl control, MouseButtons button, ModifierKeys modifierKeys, Point relativeCoordinate)
W, 3504, 17, 2013/05/23, 17:39:02.446, 2851237820289, QTAgent32.exe, PlaybackErrorHandler: Ignoring exception as ContinueOnError is set.
E, 3504, 17, 2013/05/23, 17:39:02.789, 2851242733643, QTAgent32.exe, IEDOM: GetIEWebControl() is unable to get the IE control
E, 3504, 17, 2013/05/23, 17:39:02.798, 2851242851452, QTAgent32.exe, IEDOM: GetIEWebControl() is unable to get the IE control
E, 3504, 17, 2013/05/23, 17:39:02.805, 2851242954569, QTAgent32.exe, IEDOM: GetIEWebControl() is unable to get the IE control
E, 3504, 17, 2013/05/23, 17:39:04.340, 2851264933179, QTAgent32.exe, IEDOM: GetIEWebControl() is unable to get the IE control
E, 3504, 17, 2013/05/23, 17:39:04.361, 2851265236965, QTAgent32.exe, IEDOM: GetIEWebControl() is unable to get the IE control
W, 3504, 17, 2013/05/23, 17:39:04.362, 2851265243666, QTAgent32.exe, Playback - [WARNING] Internal warning: Plugin based EnsureVisibleByScrolling failed to make element Visible. Trying to compose scrollable containers.
\0
W, 3504, 17, 2013/05/23, 17:39:04.384, 2851265566799, QTAgent32.exe, Playback - [WARNING] Internal warning: Convertion of Web elements to MSAA is not supported in the current version
\0
E, 3504, 17, 2013/05/23, 17:39:04.588, 2851268480305, QTAgent32.exe, IEDOM: GetIEWebControl() is unable to get the IE control
W, 3504, 17, 2013/05/23, 17:39:04.589, 2851268488838, QTAgent32.exe, Playback - [WARNING] Internal warning: Plugin based EnsureVisibleByScrolling failed to make element Visible. Trying ScrollByCoordinates algorithm
\0
E, 3504, 17, 2013/05/23, 17:39:04.653, 2851269410981, QTAgent32.exe, IEDOM: GetIEWebControl() is unable to get the IE control
E, 3504, 17, 2013/05/23, 17:39:04.653, 2851269417780, QTAgent32.exe, IEDOM: GetIEWebControl() is unable to get the IE control
E, 3504, 17, 2013/05/23, 17:39:04.654, 2851269423334, QTAgent32.exe, IEDOM: GetIEWebControl() is unable to get the IE control
E, 3504, 17, 2013/05/23, 17:39:04.654, 2851269428444, QTAgent32.exe, IEDOM: GetIEWebControl() is unable to get the IE control
E, 3504, 17, 2013/05/23, 17:39:04.654, 2851269433252, QTAgent32.exe, IEDOM: GetIEWebControl() is unable to get the IE control
E, 3504, 17, 2013/05/23, 17:39:04.668, 2851269622716, QTAgent32.exe, IEDOM: GetIEWebControl() is unable to get the IE control
E, 3504, 17, 2013/05/23, 17:39:04.668, 2851269629325, QTAgent32.exe, IEDOM: GetIEWebControl() is unable to get the IE control
E, 3504, 17, 2013/05/23, 17:39:04.668, 2851269633914, QTAgent32.exe, IEDOM: GetIEWebControl() is unable to get the IE control
E, 3504, 17, 2013/05/23, 17:39:04.669, 2851269638942, QTAgent32.exe, IEDOM: GetIEWebControl() is unable to get the IE control
E, 3504, 17, 2013/05/23, 17:39:04.669, 2851269644063, QTAgent32.exe, IEDOM: GetIEWebControl() is unable to get the IE control
E, 3504, 17, 2013/05/23, 17:39:04.686, 2851269884532, QTAgent32.exe, IEDOM: GetIEWebControl() is unable to get the IE control
E, 3504, 17, 2013/05/23, 17:39:04.717, 2851270327644, QTAgent32.exe, IEDOM: GetIEWebControl() is unable to get the IE control
E, 3504, 17, 2013/05/23, 17:39:04.735, 2851270584826, QTAgent32.exe, IEDOM: GetIEWebControl() is unable to get the IE control
W, 3504, 17, 2013/05/23, 17:39:04.735, 2851270591556, QTAgent32.exe, Playback - [WARNING] Internal warning: Plugin based EnsureVisibleByScrolling failed to make element Visible. Trying ScrollByCoordinates algorithm
\0
E, 3504, 17, 2013/05/23, 17:39:04.744, 2851270712058, QTAgent32.exe, IEDOM: GetIEWebControl() is unable to get the IE control
E, 3504, 17, 2013/05/23, 17:39:04.751, 2851270817929, QTAgent32.exe, IEDOM: GetIEWebControl() is unable to get the IE control
E, 3504, 17, 2013/05/23, 17:39:04.752, 2851270824064, QTAgent32.exe, IEDOM: GetIEWebControl() is unable to get the IE control
E, 3504, 17, 2013/05/23, 17:39:04.752, 2851270828359, QTAgent32.exe, IEDOM: GetIEWebControl() is unable to get the IE control
E, 3504, 17, 2013/05/23, 17:39:04.752, 2851270833327, QTAgent32.exe, IEDOM: GetIEWebControl() is unable to get the IE control
E, 3504, 17, 2013/05/23, 17:39:04.753, 2851270838201, QTAgent32.exe, IEDOM: GetIEWebControl() is unable to get the IE control
E, 3504, 17, 2013/05/23, 17:39:04.753, 2851270842953, QTAgent32.exe, IEDOM: GetIEWebControl() is unable to get the IE control
E, 3504, 17, 2013/05/23, 17:39:04.753, 2851270847875, QTAgent32.exe, IEDOM: GetIEWebControl() is unable to get the IE control
E, 3504, 17, 2013/05/23, 17:39:04.754, 2851270852805, QTAgent32.exe, IEDOM: GetIEWebControl() is unable to get the IE control
E, 3504, 17, 2013/05/23, 17:39:04.754, 2851270857550, QTAgent32.exe, IEDOM: GetIEWebControl() is unable to get the IE control
E, 3504, 17, 2013/05/23, 17:39:04.754, 2851270862456, QTAgent32.exe, IEDOM: GetIEWebControl() is unable to get the IE control
E, 3504, 17, 2013/05/23, 17:39:04.755, 2851270867920, QTAgent32.exe, IEDOM: GetIEWebControl() is unable to get the IE control
E, 3504, 17, 2013/05/23, 17:39:04.755, 2851270872694, QTAgent32.exe, IEDOM: GetIEWebControl() is unable to get the IE control
E, 3504, 17, 2013/05/23, 17:39:04.755, 2851270877642, QTAgent32.exe, IEDOM: GetIEWebControl() is unable to get the IE control
E, 3504, 17, 2013/05/23, 17:39:04.756, 2851270882558, QTAgent32.exe, IEDOM: GetIEWebControl() is unable to get the IE control
E, 3504, 17, 2013/05/23, 17:39:04.756, 2851270887445, QTAgent32.exe, IEDOM: GetIEWebControl() is unable to get the IE control
E, 3504, 17, 2013/05/23, 17:39:04.756, 2851270892180, QTAgent32.exe, IEDOM: GetIEWebControl() is unable to get the IE control
E, 3504, 17, 2013/05/23, 17:39:04.757, 2851270897161, QTAgent32.exe, IEDOM: GetIEWebControl() is unable to get the IE control
E, 3504, 17, 2013/05/23, 17:39:04.757, 2851270902063, QTAgent32.exe, IEDOM: GetIEWebControl() is unable to get the IE control
E, 3504, 17, 2013/05/23, 17:39:04.757, 2851270906813, QTAgent32.exe, IEDOM: GetIEWebControl() is unable to get the IE control
E, 3504, 17, 2013/05/23, 17:39:04.758, 2851270911689, QTAgent32.exe, IEDOM: GetIEWebControl() is unable to get the IE control
E, 3504, 17, 2013/05/23, 17:39:04.758, 2851270916629, QTAgent32.exe, IEDOM: GetIEWebControl() is unable to get the IE control
E, 3504, 17, 2013/05/23, 17:39:04.758, 2851270921549, QTAgent32.exe, IEDOM: GetIEWebControl() is unable to get the IE control
E, 3504, 17, 2013/05/23, 17:39:04.759, 2851270926478, QTAgent32.exe, IEDOM: GetIEWebControl() is unable to get the IE control
E, 3504, 17, 2013/05/23, 17:39:04.759, 2851270931347, QTAgent32.exe, IEDOM: GetIEWebControl() is unable to get the IE control
E, 3504, 17, 2013/05/23, 17:39:04.759, 2851270936089, QTAgent32.exe, IEDOM: GetIEWebControl() is unable to get the IE control
E, 3504, 17, 2013/05/23, 17:39:04.760, 2851270940980, QTAgent32.exe, IEDOM: GetIEWebControl() is unable to get the IE control
E, 3504, 17, 2013/05/23, 17:39:04.760, 2851270945802, QTAgent32.exe, IEDOM: GetIEWebControl() is unable to get the IE control
E, 3504, 17, 2013/05/23, 17:39:04.760, 2851270949512, QTAgent32.exe, IEDOM: GetIEWebControl() is unable to get the IE control
E, 3504, 17, 2013/05/23, 17:39:04.761, 2851270954736, QTAgent32.exe, IEDOM: GetIEWebControl() is unable to get the IE control
E, 3504, 17, 2013/05/23, 17:39:04.761, 2851270959644, QTAgent32.exe, IEDOM: GetIEWebControl() is unable to get the IE control
E, 3504, 17, 2013/05/23, 17:39:04.761, 2851270964350, QTAgent32.exe, IEDOM: GetIEWebControl() is unable to get the IE control
E, 3504, 17, 2013/05/23, 17:39:04.762, 2851270969152, QTAgent32.exe, IEDOM: GetIEWebControl() is unable to get the IE control
E, 3504, 17, 2013/05/23, 17:39:04.762, 2851270972874, QTAgent32.exe, IEDOM: GetIEWebControl() is unable to get the IE control
W, 3504, 17, 2013/05/23, 17:39:04.774, 2851271141336, QTAgent32.exe, Playback - [WARNING] Internal warning: Can't find anchor child after updating the collection
\0
W, 3504, 17, 2013/05/23, 17:39:04.774, 2851271143572, QTAgent32.exe, Playback - [WARNING] Internal warning: Can't find anchor child after updating the collection
\0
E, 3504, 17, 2013/05/23, 17:39:04.791, 2851271390781, QTAgent32.exe, IEDOM: GetIEWebControl() is unable to get the IE control
E, 3504, 17, 2013/05/23, 17:39:04.800, 2851271510666, QTAgent32.exe, IEDOM: GetIEWebControl() is unable to get the IE control
E, 3504, 17, 2013/05/23, 17:39:04.800, 2851271517421, QTAgent32.exe, IEDOM: GetIEWebControl() is unable to get the IE control
E, 3504, 17, 2013/05/23, 17:39:04.800, 2851271521195, QTAgent32.exe, IEDOM: GetIEWebControl() is unable to get the IE control
E, 3504, 17, 2013/05/23, 17:39:04.801, 2851271526175, QTAgent32.exe, IEDOM: GetIEWebControl() is unable to get the IE control
E, 3504, 17, 2013/05/23, 17:39:04.801, 2851271530899, QTAgent32.exe, IEDOM: GetIEWebControl() is unable to get the IE control
E, 3504, 17, 2013/05/23, 17:39:04.801, 2851271535819, QTAgent32.exe, IEDOM: GetIEWebControl() is unable to get the IE control
E, 3504, 17, 2013/05/23, 17:39:04.802, 2851271540714, QTAgent32.exe, IEDOM: GetIEWebControl() is unable to get the IE control
E, 3504, 17, 2013/05/23, 17:39:04.802, 2851271545423, QTAgent32.exe, IEDOM: GetIEWebControl() is unable to get the IE control
E, 3504, 17, 2013/05/23, 17:39:04.802, 2851271550330, QTAgent32.exe, IEDOM: GetIEWebControl() is unable to get the IE control
E, 3504, 17, 2013/05/23, 17:39:04.803, 2851271555282, QTAgent32.exe, IEDOM: GetIEWebControl() is unable to get the IE control
E, 3504, 17, 2013/05/23, 17:39:04.803, 2851271560054, QTAgent32.exe, IEDOM: GetIEWebControl() is unable to get the IE control
E, 3504, 17, 2013/05/23, 17:39:04.803, 2851271565167, QTAgent32.exe, IEDOM: GetIEWebControl() is unable to get the IE control
E, 3504, 17, 2013/05/23, 17:39:04.804, 2851271570197, QTAgent32.exe, IEDOM: GetIEWebControl() is unable to get the IE control
E, 3504, 17, 2013/05/23, 17:39:04.804, 2851271575090, QTAgent32.exe, IEDOM: GetIEWebControl() is unable to get the IE control
E, 3504, 17, 2013/05/23, 17:39:04.804, 2851271579833, QTAgent32.exe, IEDOM: GetIEWebControl() is unable to get the IE control
E, 3504, 17, 2013/05/23, 17:39:04.805, 2851271584912, QTAgent32.exe, IEDOM: GetIEWebControl() is unable to get the IE control
E, 3504, 17, 2013/05/23, 17:39:04.805, 2851271589831, QTAgent32.exe, IEDOM: GetIEWebControl() is unable to get the IE control
E, 3504, 17, 2013/05/23, 17:39:04.805, 2851271594539, QTAgent32.exe, IEDOM: GetIEWebControl() is unable to get the IE control
E, 3504, 17, 2013/05/23, 17:39:04.806, 2851271599452, QTAgent32.exe, IEDOM: GetIEWebControl() is unable to get the IE control
E, 3504, 17, 2013/05/23, 17:39:04.806, 2851271604305, QTAgent32.exe, IEDOM: GetIEWebControl() is unable to get the IE control
E, 3504, 17, 2013/05/23, 17:39:04.806, 2851271609010, QTAgent32.exe, IEDOM: GetIEWebControl() is unable to get the IE control
E, 3504, 17, 2013/05/23, 17:39:04.807, 2851271613979, QTAgent32.exe, IEDOM: GetIEWebControl() is unable to get the IE control
E, 3504, 17, 2013/05/23, 17:39:04.807, 2851271618894, QTAgent32.exe, IEDOM: GetIEWebControl() is unable to get the IE control
E, 3504, 17, 2013/05/23, 17:39:04.807, 2851271623631, QTAgent32.exe, IEDOM: GetIEWebControl() is unable to get the IE control
E, 3504, 17, 2013/05/23, 17:39:04.808, 2851271629287, QTAgent32.exe, IEDOM: GetIEWebControl() is unable to get the IE control
E, 3504, 17, 2013/05/23, 17:39:04.808, 2851271634605, QTAgent32.exe, IEDOM: GetIEWebControl() is unable to get the IE control
E, 3504, 17, 2013/05/23, 17:39:04.809, 2851271640003, QTAgent32.exe, IEDOM: GetIEWebControl() is unable to get the IE control
E, 3504, 17, 2013/05/23, 17:39:04.809, 2851271643718, QTAgent32.exe, IEDOM: GetIEWebControl() is unable to get the IE control
E, 3504, 17, 2013/05/23, 17:39:04.809, 2851271648664, QTAgent32.exe, IEDOM: GetIEWebControl() is unable to get the IE control
E, 3504, 17, 2013/05/23, 17:39:04.810, 2851271653546, QTAgent32.exe, IEDOM: GetIEWebControl() is unable to get the IE control
E, 3504, 17, 2013/05/23, 17:39:04.810, 2851271658293, QTAgent32.exe, IEDOM: GetIEWebControl() is unable to get the IE control
E, 3504, 17, 2013/05/23, 17:39:04.810, 2851271663117, QTAgent32.exe, IEDOM: GetIEWebControl() is unable to get the IE control
E, 3504, 17, 2013/05/23, 17:39:04.810, 2851271666719, QTAgent32.exe, IEDOM: GetIEWebControl() is unable to get the IE control
W, 3504, 17, 2013/05/23, 17:39:04.811, 2851271670365, QTAgent32.exe, Playback - [WARNING] Internal failure: EnsureVisible via Setting Focus, Scrolling failed
\0
E, 3504, 17, 2013/05/23, 17:39:04.818, 2851271774625, QTAgent32.exe, IEDOM: GetIEWebControl() is unable to get the IE control
E, 3504, 17, 2013/05/23, 17:39:04.818, 2851271781455, QTAgent32.exe, IEDOM: GetIEWebControl() is unable to get the IE control
E, 3504, 17, 2013/05/23, 17:39:04.819, 2851271785522, QTAgent32.exe, IEDOM: GetIEWebControl() is unable to get the IE control
E, 3504, 17, 2013/05/23, 17:39:04.819, 2851271790567, QTAgent32.exe, IEDOM: GetIEWebControl() is unable to get the IE control
E, 3504, 17, 2013/05/23, 17:39:04.819, 2851271795294, QTAgent32.exe, IEDOM: GetIEWebControl() is unable to get the IE control
E, 3504, 17, 2013/05/23, 17:39:04.820, 2851271800233, QTAgent32.exe, IEDOM: GetIEWebControl() is unable to get the IE control
E, 3504, 17, 2013/05/23, 17:39:04.820, 2851271805115, QTAgent32.exe, IEDOM: GetIEWebControl() is unable to get the IE control
E, 3504, 17, 2013/05/23, 17:39:04.820, 2851271809859, QTAgent32.exe, IEDOM: GetIEWebControl() is unable to get the IE control
E, 3504, 17, 2013/05/23, 17:39:04.821, 2851271814714, QTAgent32.exe, IEDOM: GetIEWebControl() is unable to get the IE control
E, 3504, 17, 2013/05/23, 17:39:04.821, 2851271819624, QTAgent32.exe, IEDOM: GetIEWebControl() is unable to get the IE control
E, 3504, 17, 2013/05/23, 17:39:04.821, 2851271824332, QTAgent32.exe, IEDOM: GetIEWebControl() is unable to get the IE control
E, 3504, 17, 2013/05/23, 17:39:04.822, 2851271829237, QTAgent32.exe, IEDOM: GetIEWebControl() is unable to get the IE control
E, 3504, 17, 2013/05/23, 17:39:04.822, 2851271834669, QTAgent32.exe, IEDOM: GetIEWebControl() is unable to get the IE control
E, 3504, 17, 2013/05/23, 17:39:04.844, 2851272142645, QTAgent32.exe, IEDOM: GetIEWebControl() is unable to get the IE control
E, 3504, 17, 2013/05/23, 17:39:04.844, 2851272150256, QTAgent32.exe, IEDOM: GetIEWebControl() is unable to get the IE control
E, 3504, 17, 2013/05/23, 17:39:04.845, 2851272157396, QTAgent32.exe, IEDOM: GetIEWebControl() is unable to get the IE control
E, 3504, 17, 2013/05/23, 17:39:04.845, 2851272163986, QTAgent32.exe, IEDOM: GetIEWebControl() is unable to get the IE control
E, 3504, 17, 2013/05/23, 17:39:04.846, 2851272170617, QTAgent32.exe, IEDOM: GetIEWebControl() is unable to get the IE control
E, 3504, 17, 2013/05/23, 17:39:04.846, 2851272177231, QTAgent32.exe, IEDOM: GetIEWebControl() is unable to get the IE control
E, 3504, 17, 2013/05/23, 17:39:04.847, 2851272183877, QTAgent32.exe, IEDOM: GetIEWebControl() is unable to get the IE control
E, 3504, 17, 2013/05/23, 17:39:04.847, 2851272190415, QTAgent32.exe, IEDOM: GetIEWebControl() is unable to get the IE control
E, 3504, 17, 2013/05/23, 17:39:04.847, 2851272197078, QTAgent32.exe, IEDOM: GetIEWebControl() is unable to get the IE control
E, 3504, 17, 2013/05/23, 17:39:04.848, 2851272203916, QTAgent32.exe, IEDOM: GetIEWebControl() is unable to get the IE control
E, 3504, 17, 2013/05/23, 17:39:04.848, 2851272210677, QTAgent32.exe, IEDOM: GetIEWebControl() is unable to get the IE control
E, 3504, 17, 2013/05/23, 17:39:04.849, 2851272215592, QTAgent32.exe, IEDOM: GetIEWebControl() is unable to get the IE control
E, 3504, 17, 2013/05/23, 17:39:04.849, 2851272220464, QTAgent32.exe, IEDOM: GetIEWebControl() is unable to get the IE control
E, 3504, 17, 2013/05/23, 17:39:04.849, 2851272225111, QTAgent32.exe, IEDOM: GetIEWebControl() is unable to get the IE control
E, 3504, 17, 2013/05/23, 17:39:04.850, 2851272229169, QTAgent32.exe, IEDOM: GetIEWebControl() is unable to get the IE control
E, 3504, 17, 2013/05/23, 17:39:04.850, 2851272234321, QTAgent32.exe, IEDOM: GetIEWebControl() is unable to get the IE control
E, 3504, 17, 2013/05/23, 17:39:04.850, 2851272239298, QTAgent32.exe, IEDOM: GetIEWebControl() is unable to get the IE control
E, 3504, 17, 2013/05/23, 17:39:04.851, 2851272244274, QTAgent32.exe, IEDOM: GetIEWebControl() is unable to get the IE control
E, 3504, 17, 2013/05/23, 17:39:04.851, 2851272249106, QTAgent32.exe, IEDOM: GetIEWebControl() is unable to get the IE control
E, 3504, 17, 2013/05/23, 17:39:04.851, 2851272252719, QTAgent32.exe, IEDOM: GetIEWebControl() is unable to get the IE control
E, 3504, 17, 2013/05/23, 17:39:04.920, 2851273235269, QTAgent32.exe, IEDOM: GetIEWebControl() is unable to get the IE control
W, 3504, 17, 2013/05/23, 17:39:04.920, 2851273242035, QTAgent32.exe, Playback - [WARNING] Internal warning: Couldn't get clickable point for ScreenUIElement since it was obscured by another UI element. See comparison tracing below
\0
E, 3504, 17, 2013/05/23, 17:39:04.928, 2851273356832, QTAgent32.exe, IEDOM: GetIEWebControl() is unable to get the IE control
E, 3504, 17, 2013/05/23, 17:39:04.929, 2851273363678, QTAgent32.exe, IEDOM: GetIEWebControl() is unable to get the IE control
E, 3504, 17, 2013/05/23, 17:39:04.929, 2851273367604, QTAgent32.exe, IEDOM: GetIEWebControl() is unable to get the IE control
E, 3504, 17, 2013/05/23, 17:39:04.930, 2851273372526, QTAgent32.exe, IEDOM: GetIEWebControl() is unable to get the IE control
E, 3504, 17, 2013/05/23, 17:39:04.930, 2851273377244, QTAgent32.exe, IEDOM: GetIEWebControl() is unable to get the IE control
E, 3504, 17, 2013/05/23, 17:39:04.930, 2851273382156, QTAgent32.exe, IEDOM: GetIEWebControl() is unable to get the IE control
E, 3504, 17, 2013/05/23, 17:39:04.931, 2851273387070, QTAgent32.exe, IEDOM: GetIEWebControl() is unable to get the IE control
E, 3504, 17, 2013/05/23, 17:39:04.931, 2851273391799, QTAgent32.exe, IEDOM: GetIEWebControl() is unable to get the IE control
E, 3504, 17, 2013/05/23, 17:39:04.931, 2851273396670, QTAgent32.exe, IEDOM: GetIEWebControl() is unable to get the IE control
E, 3504, 17, 2013/05/23, 17:39:04.932, 2851273401594, QTAgent32.exe, IEDOM: GetIEWebControl() is unable to get the IE control
E, 3504, 17, 2013/05/23, 17:39:04.932, 2851273406294, QTAgent32.exe, IEDOM: GetIEWebControl() is unable to get the IE control
E, 3504, 17, 2013/05/23, 17:39:04.932, 2851273411465, QTAgent32.exe, IEDOM: GetIEWebControl() is unable to get the IE control
E, 3504, 17, 2013/05/23, 17:39:04.933, 2851273416361, QTAgent32.exe, IEDOM: GetIEWebControl() is unable to get the IE control
E, 3504, 17, 2013/05/23, 17:39:04.933, 2851273421090, QTAgent32.exe, IEDOM: GetIEWebControl() is unable to get the IE control
E, 3504, 17, 2013/05/23, 17:39:04.933, 2851273425987, QTAgent32.exe, IEDOM: GetIEWebControl() is unable to get the IE control
E, 3504, 17, 2013/05/23, 17:39:04.934, 2851273430894, QTAgent32.exe, IEDOM: GetIEWebControl() is unable to get the IE control
E, 3504, 17, 2013/05/23, 17:39:04.934, 2851273436157, QTAgent32.exe, IEDOM: GetIEWebControl() is unable to get the IE control
E, 3504, 17, 2013/05/23, 17:39:04.934, 2851273441054, QTAgent32.exe, IEDOM: GetIEWebControl() is unable to get the IE control
E, 3504, 17, 2013/05/23, 17:39:04.935, 2851273446541, QTAgent32.exe, IEDOM: GetIEWebControl() is unable to get the IE control
E, 3504, 17, 2013/05/23, 17:39:04.935, 2851273451410, QTAgent32.exe, IEDOM: GetIEWebControl() is unable to get the IE control
E, 3504, 17, 2013/05/23, 17:39:04.935, 2851273456138, QTAgent32.exe, IEDOM: GetIEWebControl() is unable to get the IE control
E, 3504, 17, 2013/05/23, 17:39:04.936, 2851273461016, QTAgent32.exe, IEDOM: GetIEWebControl() is unable to get the IE control
E, 3504, 17, 2013/05/23, 17:39:04.936, 2851273465894, QTAgent32.exe, IEDOM: GetIEWebControl() is unable to get the IE control
E, 3504, 17, 2013/05/23, 17:39:04.936, 2851273470599, QTAgent32.exe, IEDOM: GetIEWebControl() is unable to get the IE control
E, 3504, 17, 2013/05/23, 17:39:04.937, 2851273475507, QTAgent32.exe, IEDOM: GetIEWebControl() is unable to get the IE control
E, 3504, 17, 2013/05/23, 17:39:04.937, 2851273480387, QTAgent32.exe, IEDOM: GetIEWebControl() is unable to get the IE control
E, 3504, 17, 2013/05/23, 17:39:04.937, 2851273485035, QTAgent32.exe, IEDOM: GetIEWebControl() is unable to get the IE control
E, 3504, 17, 2013/05/23, 17:39:04.938, 2851273488946, QTAgent32.exe, IEDOM: GetIEWebControl() is unable to get the IE control
E, 3504, 17, 2013/05/23, 17:39:04.938, 2851273493822, QTAgent32.exe, IEDOM: GetIEWebControl() is unable to get the IE control
E, 3504, 17, 2013/05/23, 17:39:04.938, 2851273498739, QTAgent32.exe, IEDOM: GetIEWebControl() is unable to get the IE control
E, 3504, 17, 2013/05/23, 17:39:04.939, 2851273503649, QTAgent32.exe, IEDOM: GetIEWebControl() is unable to get the IE control
E, 3504, 17, 2013/05/23, 17:39:04.939, 2851273508468, QTAgent32.exe, IEDOM: GetIEWebControl() is unable to get the IE control
E, 3504, 17, 2013/05/23, 17:39:04.939, 2851273512073, QTAgent32.exe, IEDOM: GetIEWebControl() is unable to get the IE control
E, 3504, 17, 2013/05/23, 17:39:04.945, 2851273593199, QTAgent32.exe, &lt;a class=failure&gt;Playback - {120} [FAILED] MouseButtonClick - "[Web]ControlType='Hyperlink' &amp;&amp; TagName='A' &amp;&amp; Id='' &amp;&amp; Name='' &amp;&amp; Target='' &amp;&amp; InnerText='Renewals Maintenance' &amp;&amp; FilterCondition(AbsolutePath='/sysmaint/content/leftbar.asp', Title='', Href='https://www.insur-econnect.com/sysmaint/content/leftbar.asp#', Class='', ControlDefinition='style="COLOR: white" href="#"', TagInstance='39')"\0&lt;/a&gt;
E, 3504, 17, 2013/05/23, 17:39:05.031, 2851274824086, QTAgent32.exe, Playback - [IMAGE] C:\Users\testuser\AppData\Local\Temp\UITestLogs\LastRun\RPF961D.png
\0
E, 3504, 17, 2013/05/23, 17:39:05.141, 2851276403406, QTAgent32.exe, AL: Playback Error: Microsoft.VisualStudio.TestTools.UITest.Extension.FailedToPerformActionOnBlockedControlException: Window 'Policy: autotest' is blocking the control Renewals Maintenance. Please move the window 'Policy: autotest' or make the control Renewals Maintenance visible and retry the action. Additional Details: 
TechnologyName:  'Web'
ControlType:  'Hyperlink'
Id:  ''
Name:  ''
TagName:  'A'
Target:  ''
InnerText:  'Renewals Maintenance'
 ---&gt; System.Runtime.InteropServices.COMException: Exception from HRESULT: 0xF004F003
   at Microsoft.VisualStudio.TestTools.UITest.Playback.Engine.IScreenElement.MouseButtonClick(Int32 x, Int32 y, Int32 nButton, Int32 fEnsureVisible, String bstrKeyModifiers)
   at Microsoft.VisualStudio.TestTools.UITest.Playback.ScreenElement.MouseButtonClick(Int32 x, Int32 y, MouseButtons button, ModifierKeys modifierKeys, Int32 ensureVisible)
   at Microsoft.VisualStudio.TestTools.UITesting.UITestControl.Click(MouseButtons button, ModifierKeys modifierKeys, Point relativeCoordinates)
   --- End of inner exception stack trace ---
   at Microsoft.VisualStudio.TestTools.UITesting.Playback.ThrowIfAnotherWindowIsBlockingControl(COMException ex, IPlaybackContext context)
   at Microsoft.VisualStudio.TestTools.UITesting.Playback.MapAndThrowComException(COMException innerException, IPlaybackContext context)
   at Microsoft.VisualStudio.TestTools.UITesting.Playback.MapAndThrowException(SystemException exception, IPlaybackContext context)
   at Microsoft.VisualStudio.TestTools.UITesting.Playback.MapAndThrowException(SystemException exception, String actionName, UITestControl uiControl, Point point)
   at Microsoft.VisualStudio.TestTools.UITesting.UITestControl.Click(MouseButtons button, ModifierKeys modifierKeys, Point relativeCoordinates)
   at Microsoft.VisualStudio.TestTools.UITesting.Mouse.ClickImplementation(UITestControl control, MouseButtons button, ModifierKeys modifierKeys, Point relativeCoordinate)
   at Microsoft.VisualStudio.TestTools.UITesting.Mouse.ClickImplementationWrapper(UITestControl control, MouseButtons button, ModifierKeys modifierKeys, Point relativeCoordinate)
W, 3504, 17, 2013/05/23, 17:39:07.897, 2851315864083, QTAgent32.exe, IEDOM : StopSession of the plugin called before StartSession
W, 3504, 17, 2013/05/23, 17:39:07.897, 2851315866057, QTAgent32.exe, UIA : StopSession of the plugin called before StartSession
</DebugTrace>
        <ErrorInfo>
          <Message>Test method Ver1.CodedUITest2.MotoRebrokeRenewNewScheme threw exception: 
Microsoft.VisualStudio.TestTools.UITest.Extension.FailedToPerformActionOnBlockedControlException: Window 'Policy: autotest' is blocking the control Renewals Maintenance. Please move the window 'Policy: autotest' or make the control Renewals Maintenance visible and retry the action. Additional Details: 
TechnologyName:  'Web'
ControlType:  'Hyperlink'
Id:  ''
Name:  ''
TagName:  'A'
Target:  ''
InnerText:  'Renewals Maintenance'
 ---&gt; System.Runtime.InteropServices.COMException: Exception from HRESULT: 0xF004F003</Message>
          <StackTrace>    at Microsoft.VisualStudio.TestTools.UITest.Playback.Engine.IScreenElement.MouseButtonClick(Int32 x, Int32 y, Int32 nButton, Int32 fEnsureVisible, String bstrKeyModifiers)
   at Microsoft.VisualStudio.TestTools.UITest.Playback.ScreenElement.MouseButtonClick(Int32 x, Int32 y, MouseButtons button, ModifierKeys modifierKeys, Int32 ensureVisible)
   at Microsoft.VisualStudio.TestTools.UITesting.UITestControl.Click(MouseButtons button, ModifierKeys modifierKeys, Point relativeCoordinates)
 --- End of inner exception stack trace ---
    at Microsoft.VisualStudio.TestTools.UITesting.Playback.ThrowIfAnotherWindowIsBlockingControl(COMException ex, IPlaybackContext context)
   at Microsoft.VisualStudio.TestTools.UITesting.Playback.MapAndThrowComException(COMException innerException, IPlaybackContext context)
   at Microsoft.VisualStudio.TestTools.UITesting.Playback.MapAndThrowException(SystemException exception, IPlaybackContext context)
   at Microsoft.VisualStudio.TestTools.UITesting.Playback.MapAndThrowException(SystemException exception, String actionName, UITestControl uiControl, Point point)
   at Microsoft.VisualStudio.TestTools.UITesting.UITestControl.Click(MouseButtons button, ModifierKeys modifierKeys, Point relativeCoordinates)
   at Microsoft.VisualStudio.TestTools.UITesting.Mouse.ClickImplementation(UITestControl control, MouseButtons button, ModifierKeys modifierKeys, Point relativeCoordinate)
   at Microsoft.VisualStudio.TestTools.UITesting.Mouse.ClickImplementationWrapper(UITestControl control, MouseButtons button, ModifierKeys modifierKeys, Point relativeCoordinate)
   at Microsoft.VisualStudio.TestTools.UITesting.Mouse.Click(UITestControl control, Point relativeCoordinate)
   at Ver1.UIMap.OpenBrowser2() in C:\AutotestTam1205\TestProject7\UIMap.cs:line 256
   at Ver1.CodedUITest2.MotoRebrokeRenewNewScheme() in C:\AutotestTam1205\TestProject7\CodedUITest2.cs:line 978
</StackTrace>
        </ErrorInfo>
      </Output>
      <ResultFiles>
        <ResultFile path="ICLVDEVTM02\MotoRebrokeRenewNewScheme.png" />
      </ResultFiles>
      <ExtensionResult>Exception has been thrown by the target of an invocation.</ExtensionResult>
    </UnitTestResult>
    <UnitTestResult executionId="09d03021-14d0-49b6-b341-8765ac6f40dc" testId="fa44d113-be71-47d8-f593-fc24cca9db4d" testName="HouseCreateQuote" computerName="ICLVDEVTM02" duration="00:05:01.4320274" startTime="2013-05-23T17:39:07.9635317+01:00" endTime="2013-05-23T17:44:09.4063101+01:00" testType="13cdc9d9-ddb5-4fa4-a97d-d965ccfc6d4b" outcome="Passed" testListId="8c84fa94-04c1-424b-9868-57a2d4851a1d" relativeResultsDirectory="09d03021-14d0-49b6-b341-8765ac6f40dc">
      <Output>
        <DebugTrace>W, 3504, 27, 2013/05/23, 17:39:12.897, 2851387451098, QTAgent32.exe, &lt;a class=success&gt;Playback - {1} [SUCCESS] MouseButtonClick - "[MSAA, VisibleOnly]ControlType='Edit'"
\0&lt;/a&gt;
W, 3504, 27, 2013/05/23, 17:39:13.286, 2851393017402, QTAgent32.exe, &lt;a class=success&gt;Playback - {2} [SUCCESS] SendKeys "[*]" - "[MSAA, VisibleOnly]ControlType='Edit'"
\0&lt;/a&gt;
W, 3504, 27, 2013/05/23, 17:39:14.161, 2851405550951, QTAgent32.exe, &lt;a class=success&gt;Playback - {3} [SUCCESS] MouseButtonClick - "[MSAA, VisibleOnly]ControlType='Button' &amp;&amp; Name='OK'"
\0&lt;/a&gt;
W, 3504, 27, 2013/05/23, 17:39:14.483, 2851410168608, QTAgent32.exe, &lt;a class=success&gt;Playback - {4} [SUCCESS] SendKeys "^{HOME}" - "[MSAA, VisibleOnly]ControlType='Edit'"
\0&lt;/a&gt;
E, 3504, 27, 2013/05/23, 17:39:14.484, 2851410171824, QTAgent32.exe, Msaa.GetFocusedElement: could not find accessible object of foreground window
W, 3504, 27, 2013/05/23, 17:39:14.549, 2851411104710, QTAgent32.exe, &lt;a class=success&gt;Playback - {5} [SUCCESS] SendKeys "^+{END}" - "[MSAA, VisibleOnly]ControlType='Edit'"
\0&lt;/a&gt;
E, 3504, 27, 2013/05/23, 17:39:14.549, 2851411107874, QTAgent32.exe, Msaa.GetFocusedElement: could not find accessible object of foreground window
W, 3504, 27, 2013/05/23, 17:39:14.571, 2851411424678, QTAgent32.exe, &lt;a class=success&gt;Playback - {6} [SUCCESS] SendKeys "{DELETE}" - "[MSAA, VisibleOnly]ControlType='Edit'"
\0&lt;/a&gt;
W, 3504, 27, 2013/05/23, 17:39:15.209, 2851420560780, QTAgent32.exe, &lt;a class=success&gt;Playback - {7} [SUCCESS] SetValueAsEditBox "23/05/2013" - "[MSAA, VisibleOnly]ControlType='Edit'"  &lt; Set via SendKeys &gt;
\0&lt;/a&gt;
W, 3504, 27, 2013/05/23, 17:39:15.815, 2851429227214, QTAgent32.exe, Playback - [WARNING] Internal warning: Incorrect flag set for InvokeProgrammaticAction\0
W, 3504, 27, 2013/05/23, 17:39:15.936, 2851430959876, QTAgent32.exe, &lt;a class=success&gt;Playback - {8} [SUCCESS] SetValueAsComboBox "May" - "[MSAA, VisibleOnly]ControlType='ComboBox'"  &lt; SetValueAsComboBox, set by clicking on the item in the list box &gt;
\0&lt;/a&gt;
W, 3504, 27, 2013/05/23, 17:39:16.242, 2851435340477, QTAgent32.exe, &lt;a class=success&gt;Playback - {9} [SUCCESS] SendKeys "^{HOME}" - "[MSAA, VisibleOnly]ControlType='Edit'"
\0&lt;/a&gt;
E, 3504, 27, 2013/05/23, 17:39:16.242, 2851435343436, QTAgent32.exe, Msaa.GetFocusedElement: could not find accessible object of foreground window
W, 3504, 27, 2013/05/23, 17:39:16.296, 2851436113698, QTAgent32.exe, &lt;a class=success&gt;Playback - {10} [SUCCESS] SendKeys "^+{END}" - "[MSAA, VisibleOnly]ControlType='Edit'"
\0&lt;/a&gt;
E, 3504, 27, 2013/05/23, 17:39:16.296, 2851436116983, QTAgent32.exe, Msaa.GetFocusedElement: could not find accessible object of foreground window
W, 3504, 27, 2013/05/23, 17:39:16.310, 2851436323146, QTAgent32.exe, &lt;a class=success&gt;Playback - {11} [SUCCESS] SendKeys "{DELETE}" - "[MSAA, VisibleOnly]ControlType='Edit'"
\0&lt;/a&gt;
W, 3504, 27, 2013/05/23, 17:39:16.546, 2851439692694, QTAgent32.exe, &lt;a class=success&gt;Playback - {12} [SUCCESS] SetValueAsEditBox "2013" - "[MSAA, VisibleOnly]ControlType='Edit'"  &lt; Set via SendKeys &gt;
\0&lt;/a&gt;
W, 3504, 27, 2013/05/23, 17:39:16.763, 2851442806937, QTAgent32.exe, &lt;a class=success&gt;Playback - {13} [SUCCESS] MouseButtonClick - "[MSAA, VisibleOnly]ControlType='Button' &amp;&amp; Name='OK'"
\0&lt;/a&gt;
W, 3504, 27, 2013/05/23, 17:39:18.040, 2851461096782, QTAgent32.exe, Playback - [WARNING] Internal warning: Window Not Found: [VisibleOnly]ControlType='Window' &amp;&amp; Name='Warning' &amp;&amp; ClassName='#32770'
\0
E, 3504, 27, 2013/05/23, 17:39:18.041, 2851461100021, QTAgent32.exe, &lt;a class=failure&gt;Playback - {14} [FAILED] Function ElementFetcher::FindScreenElement failed to locate UI element (Searching: ;[VisibleOnly]ControlType='Window' &amp;&amp; Name='Warning' &amp;&amp; ClassName='#32770') (The object specified was not found.)
\0&lt;/a&gt;
E, 3504, 27, 2013/05/23, 17:39:18.125, 2851462309965, QTAgent32.exe, Playback - [IMAGE] C:\Users\testuser\AppData\Local\Temp\UITestLogs\LastRun\RPFC94E.png
\0
W, 3504, 27, 2013/05/23, 17:39:18.125, 2851462312463, QTAgent32.exe, Playback - [WARNING] Internal warning: Couldn't find descendants that match QueryId
\0
W, 3504, 27, 2013/05/23, 17:39:18.125, 2851462315789, QTAgent32.exe, PERF WARNING: FindTopLevelWindowHelper::FindAllDescendents: took 1242 ms. Expected it to take maximum 500 ms.
W, 3504, 27, 2013/05/23, 17:39:36.191, 2851720978718, QTAgent32.exe, Playback - [WARNING] Internal warning: Window Not Found: [VisibleOnly]ControlType='Window' &amp;&amp; Name='Warning' &amp;&amp; ClassName='#32770'
\0
E, 3504, 27, 2013/05/23, 17:39:36.191, 2851720983490, QTAgent32.exe, &lt;a class=failure&gt;Playback - {15} [FAILED] Function ElementFetcher::FindScreenElement failed to locate UI element (Searching: ;[VisibleOnly]ControlType='Window' &amp;&amp; Name='Warning' &amp;&amp; ClassName='#32770') (The object specified was not found.)
\0&lt;/a&gt;
E, 3504, 27, 2013/05/23, 17:39:36.281, 2851722264062, QTAgent32.exe, Playback - [IMAGE] C:\Users\testuser\AppData\Local\Temp\UITestLogs\LastRun\RPF102E.png
\0
W, 3504, 27, 2013/05/23, 17:39:36.281, 2851722266235, QTAgent32.exe, Playback - [WARNING] Internal warning: Couldn't find descendants that match QueryId
\0
W, 3504, 27, 2013/05/23, 17:39:36.284, 2851722305899, QTAgent32.exe, PERF WARNING: FindTopLevelWindowHelper::FindAllDescendents: took 18157 ms. Expected it to take maximum 500 ms.
W, 3504, 27, 2013/05/23, 17:39:36.799, 2851729679981, QTAgent32.exe, Playback - [WARNING] Internal warning: Smart Match failed
\0
W, 3504, 27, 2013/05/23, 17:39:37.208, 2851735538262, QTAgent32.exe, Playback - [WARNING] Internal warning: Smart Match failed
\0
W, 3504, 27, 2013/05/23, 17:39:37.607, 2851741262502, QTAgent32.exe, Playback - [WARNING] Internal warning: Smart Match failed
\0
W, 3504, 27, 2013/05/23, 17:39:37.970, 2851746460059, QTAgent32.exe, Playback - [WARNING] Internal warning: Smart Match failed
\0
W, 3504, 27, 2013/05/23, 17:39:38.329, 2851751591509, QTAgent32.exe, Playback - [WARNING] Internal warning: Smart Match failed
\0
W, 3504, 27, 2013/05/23, 17:39:38.692, 2851756796580, QTAgent32.exe, Playback - [WARNING] Internal warning: Smart Match failed
\0
W, 3504, 27, 2013/05/23, 17:39:39.058, 2851762028315, QTAgent32.exe, Playback - [WARNING] Internal warning: Smart Match failed
\0
W, 3504, 27, 2013/05/23, 17:39:39.336, 2851766002885, QTAgent32.exe, Playback - [WARNING] Internal warning: Window Not Found: [VisibleOnly]ControlType='Window' &amp;&amp; Name='Warning' &amp;&amp; ClassName='#32770'
\0
E, 3504, 27, 2013/05/23, 17:39:39.336, 2851766006244, QTAgent32.exe, &lt;a class=failure&gt;Playback - {16} [FAILED] Function ElementFetcher::FindScreenElement failed to locate UI element (Searching: ;[VisibleOnly]ControlType='Window' &amp;&amp; Name='Warning' &amp;&amp; ClassName='#32770') (The object specified was not found.)
\0&lt;/a&gt;
E, 3504, 27, 2013/05/23, 17:39:39.426, 2851767298138, QTAgent32.exe, Playback - [IMAGE] C:\Users\testuser\AppData\Local\Temp\UITestLogs\LastRun\RPF1C7E.png
\0
W, 3504, 27, 2013/05/23, 17:39:39.426, 2851767300594, QTAgent32.exe, Playback - [WARNING] Internal warning: Couldn't find descendants that match QueryId
\0
W, 3504, 27, 2013/05/23, 17:39:39.426, 2851767303777, QTAgent32.exe, PERF WARNING: FindTopLevelWindowHelper::FindAllDescendents: took 3142 ms. Expected it to take maximum 500 ms.
E, 3504, 27, 2013/05/23, 17:39:39.427, 2851767306042, QTAgent32.exe, Exception: System.Runtime.InteropServices.COMException
	Message: Error HRESULT E_FAIL has been returned from a call to a COM component.
	Stack Trace:    at Microsoft.VisualStudio.TestTools.UITest.Playback.Engine.IRPFPlayback.FindAllScreenElements(IScreenElement pScreenElementStart, String bstrQueryId, Object&amp; pvarResKeys, Int32 cResKeys, Int32 nMaxDepth, Object[]&amp; foundDescendants)
   at Microsoft.VisualStudio.TestTools.UITest.Playback.ScreenElement.FindTopLevelWindowHelper(String queryId)
	BaseExceptionMessage: Error HRESULT E_FAIL has been returned from a call to a COM component.

E, 3504, 27, 2013/05/23, 17:39:39.635, 2851770288491, QTAgent32.exe, AL: Playback Error: Microsoft.VisualStudio.TestTools.UITest.Extension.UITestControlNotFoundException: The playback failed to find the control with the given search properties. Additional Details: 
TechnologyName:  'MSAA'
ControlType:  'Window'
Name:  'Warning'
ClassName:  '#32770'
 ---&gt; System.Runtime.InteropServices.COMException: Error HRESULT E_FAIL has been returned from a call to a COM component.
   at Microsoft.VisualStudio.TestTools.UITest.Playback.Engine.IRPFPlayback.FindAllScreenElements(IScreenElement pScreenElementStart, String bstrQueryId, Object&amp; pvarResKeys, Int32 cResKeys, Int32 nMaxDepth, Object[]&amp; foundDescendants)
   at Microsoft.VisualStudio.TestTools.UITest.Playback.ScreenElement.FindTopLevelWindowHelper(String queryId)
   at Microsoft.VisualStudio.TestTools.UITest.Playback.ScreenElement.FindFromPartialQueryId(String queryId)
   at Microsoft.VisualStudio.TestTools.UITesting.UITestControl..ctor(String queryId)
   --- End of inner exception stack trace ---
   at Microsoft.VisualStudio.TestTools.UITesting.Playback.MapControlNotFoundException(COMException ex, IPlaybackContext context)
   at Microsoft.VisualStudio.TestTools.UITesting.Playback.MapAndThrowComException(COMException innerException, IPlaybackContext context)
   at Microsoft.VisualStudio.TestTools.UITesting.Playback.MapAndThrowException(SystemException exception, IPlaybackContext context)
   at Microsoft.VisualStudio.TestTools.UITesting.Playback.MapAndThrowException(SystemException exception, String queryId)
   at Microsoft.VisualStudio.TestTools.UITesting.UITestControl..ctor(String queryId)
   at Microsoft.VisualStudio.TestTools.UITesting.SearchHelper.SearchTopLevelWindow(ISearchArgument topLevelSearchArg, String topLevelElementQueryId)
   at Microsoft.VisualStudio.TestTools.UITesting.SearchHelper.GetTitleUpdatedTopLevelWindow(ISearchArgument topLevelSearchArg, String queryId, IList`1 windowTitles)
   at Microsoft.VisualStudio.TestTools.UITesting.SearchHelper.GetTopLevelElement(Boolean useCache, Boolean useCacheOnly, ISearchArgument searchArg, IList`1 windowTitles, Int32&amp; timeLeft)
   at Microsoft.VisualStudio.TestTools.UITesting.SearchHelper.GetElement(Boolean useCache, ISearchArgument searchArg)
   at Microsoft.VisualStudio.TestTools.UITesting.SearchHelper.Search(ISearchArgument searchArg)
   at Microsoft.VisualStudio.TestTools.UITesting.UITestControl.FindInternal()
   at Microsoft.VisualStudio.TestTools.UITesting.UITestControl.FindControlIfNecessary()
   at Microsoft.VisualStudio.TestTools.UITesting.UITestControl.Click(MouseButtons button, ModifierKeys modifierKeys, Point relativeCoordinates)
   at Microsoft.VisualStudio.TestTools.UITesting.Mouse.ClickImplementation(UITestControl control, MouseButtons button, ModifierKeys modifierKeys, Point relativeCoordinate)
   at Microsoft.VisualStudio.TestTools.UITesting.Mouse.ClickImplementationWrapper(UITestControl control, MouseButtons button, ModifierKeys modifierKeys, Point relativeCoordinate)
W, 3504, 27, 2013/05/23, 17:39:39.635, 2851770291692, QTAgent32.exe, PlaybackErrorHandler: Ignoring exception as ContinueOnError is set.
W, 3504, 27, 2013/05/23, 17:39:39.677, 2851770893884, QTAgent32.exe, &lt;a class=success&gt;Playback - {17} [SUCCESS] TypeString "#(R)"
\0&lt;/a&gt;
W, 3504, 27, 2013/05/23, 17:39:40.301, 2851779825173, QTAgent32.exe, PERF WARNING: FindTopLevelWindowHelper::FindAllDescendents: took 523 ms. Expected it to take maximum 500 ms.
E, 3504, 27, 2013/05/23, 17:39:40.762, 2851786424902, QTAgent32.exe, Exception: System.ArgumentException
	Message: Value does not fall within the expected range.
	Stack Trace:    at Accessibility.IAccessible.get_accRole(Object varChild)
   at Microsoft.VisualStudio.TestTools.UITest.Extension.Msaa.AccWrapper.get_RoleInt()
	BaseExceptionMessage: Value does not fall within the expected range.

E, 3504, 27, 2013/05/23, 17:39:40.772, 2851786571654, QTAgent32.exe, Exception: System.ArgumentException
	Message: Value does not fall within the expected range.
	Stack Trace:    at Accessibility.IAccessible.get_accRole(Object varChild)
   at Microsoft.VisualStudio.TestTools.UITest.Extension.Msaa.AccWrapper.get_RoleInt()
	BaseExceptionMessage: Value does not fall within the expected range.

W, 3504, 27, 2013/05/23, 17:39:41.949, 2851803429066, QTAgent32.exe, &lt;a class=success&gt;Playback - {18} [SUCCESS] LeftButtonClick  &lt; Mouse cursor location (87, 908) &gt;
\0&lt;/a&gt;
W, 3504, 27, 2013/05/23, 17:39:43.699, 2851828485141, QTAgent32.exe, &lt;a class=success&gt;Playback - {19} [SUCCESS] SetValueAsEditBox "c:\TestProject7\office.reg"  &lt; Set via SendKeys &gt;
\0&lt;/a&gt;
W, 3504, 27, 2013/05/23, 17:39:43.700, 2851828487811, QTAgent32.exe, &lt;a class=success&gt;Playback - {20} [SUCCESS] SetValueAsComboBox "c:\TestProject7\office.reg" - "[MSAA, VisibleOnly]ControlType='ComboBox' &amp;&amp; Name='Open:'"  &lt; Set via SetValueAsEditBox &gt;
\0&lt;/a&gt;
W, 3504, 27, 2013/05/23, 17:39:43.972, 2851832393648, QTAgent32.exe, &lt;a class=success&gt;Playback - {21} [SUCCESS] MouseButtonClick - "[MSAA, VisibleOnly]ControlType='Button' &amp;&amp; Name='OK'"
\0&lt;/a&gt;
W, 3504, 27, 2013/05/23, 17:39:44.656, 2851842186992, QTAgent32.exe, Playback - [WARNING] Internal warning: Window Not Found: [VisibleOnly]ControlType='Window' &amp;&amp; Name='Registry Editor' &amp;&amp; ClassName='#32770'
\0
E, 3504, 27, 2013/05/23, 17:39:44.656, 2851842189653, QTAgent32.exe, &lt;a class=failure&gt;Playback - {22} [FAILED] Function ElementFetcher::FindScreenElement failed to locate UI element (Searching: ;[VisibleOnly]ControlType='Window' &amp;&amp; Name='Registry Editor' &amp;&amp; ClassName='#32770') (The object specified was not found.)
\0&lt;/a&gt;
E, 3504, 27, 2013/05/23, 17:39:45.043, 2851847724566, QTAgent32.exe, Playback - [IMAGE] C:\Users\testuser\AppData\Local\Temp\UITestLogs\LastRun\RPF3147.png
\0
W, 3504, 27, 2013/05/23, 17:39:45.043, 2851847726991, QTAgent32.exe, Playback - [WARNING] Internal warning: Couldn't find descendants that match QueryId
\0
W, 3504, 27, 2013/05/23, 17:39:45.043, 2851847729748, QTAgent32.exe, PERF WARNING: FindTopLevelWindowHelper::FindAllDescendents: took 967 ms. Expected it to take maximum 500 ms.
W, 3504, 27, 2013/05/23, 17:39:45.699, 2851857121631, QTAgent32.exe, &lt;a class=success&gt;Playback - {23} [SUCCESS] MouseButtonClick - "[MSAA, VisibleOnly]ControlType='Button' &amp;&amp; Name='Yes'"
\0&lt;/a&gt;
W, 3504, 27, 2013/05/23, 17:39:46.065, 2851862362770, QTAgent32.exe, &lt;a class=success&gt;Playback - {24} [SUCCESS] MouseButtonClick - "[MSAA, VisibleOnly]ControlType='Button' &amp;&amp; Name='OK'"
\0&lt;/a&gt;
W, 3504, 27, 2013/05/23, 17:39:46.349, 2851866428382, QTAgent32.exe, &lt;a class=success&gt;Playback - {25} [SUCCESS] MouseButtonClick - "[MSAA, VisibleOnly]ControlType='Button' &amp;&amp; Name='Clients &amp; Files'"
\0&lt;/a&gt;
W, 3504, 27, 2013/05/23, 17:39:46.788, 2851872714879, QTAgent32.exe, Playback - [WARNING] Internal warning: Window Not Found: [VisibleOnly]ControlType='Window' &amp;&amp; ClassName='ThunderRT6MDIForm'
\0
E, 3504, 27, 2013/05/23, 17:39:46.789, 2851872730346, QTAgent32.exe, &lt;a class=failure&gt;Playback - {26} [FAILED] Function ElementFetcher::FindScreenElement failed to locate UI element (Searching: ;[VisibleOnly]ControlType='Window' &amp;&amp; ClassName='ThunderRT6MDIForm') (The object specified was not found.)
\0&lt;/a&gt;
E, 3504, 27, 2013/05/23, 17:39:46.894, 2851874228651, QTAgent32.exe, Playback - [IMAGE] C:\Users\testuser\AppData\Local\Temp\UITestLogs\LastRun\RPF39A1.png
\0
W, 3504, 27, 2013/05/23, 17:39:46.894, 2851874230826, QTAgent32.exe, Playback - [WARNING] Internal warning: Couldn't find descendants that match QueryId
\0
W, 3504, 27, 2013/05/23, 17:39:49.033, 2851904849177, QTAgent32.exe, PERF WARNING: FindTopLevelWindowHelper::FindAllDescendents: took 2138 ms. Expected it to take maximum 500 ms.
W, 3504, 27, 2013/05/23, 17:39:50.134, 2851920618078, QTAgent32.exe, Playback - [WARNING] Internal warning: Incorrect flag set for InvokeProgrammaticAction\0
W, 3504, 27, 2013/05/23, 17:39:50.256, 2851922366742, QTAgent32.exe, &lt;a class=success&gt;Playback - {27} [SUCCESS] SetValueAsComboBox "Customers" - "[MSAA, VisibleOnly]ControlType='ComboBox'"  &lt; SetValueAsComboBox, set by clicking on the item in the list box &gt;
\0&lt;/a&gt;
W, 3504, 27, 2013/05/23, 17:39:50.839, 2851930713141, QTAgent32.exe, &lt;a class=success&gt;Playback - {28} [SUCCESS] MouseButtonClick - "[MSAA, VisibleOnly]ControlType='Button' &amp;&amp; Name='Add'"
\0&lt;/a&gt;
W, 3504, 27, 2013/05/23, 17:39:51.643, 2851942219949, QTAgent32.exe, &lt;a class=success&gt;Playback - {29} [SUCCESS] SendKeys "autotest" - "[MSAA, VisibleOnly]ControlType='RadioButton' &amp;&amp; Name='Personal Lines'"
\0&lt;/a&gt;
W, 3504, 27, 2013/05/23, 17:39:52.780, 2851958508083, QTAgent32.exe, &lt;a class=success&gt;Playback - {30} [SUCCESS] SetValueAsEditBox "autotest" - "[MSAA, VisibleOnly]ControlType='Edit'"  &lt; Set via SendKeys &gt;
\0&lt;/a&gt;
W, 3504, 27, 2013/05/23, 17:39:53.028, 2851962050072, QTAgent32.exe, &lt;a class=success&gt;Playback - {31} [SUCCESS] MouseButtonClick - "[MSAA, VisibleOnly]ControlType='Button' &amp;&amp; Name='OK'"
\0&lt;/a&gt;
W, 3504, 27, 2013/05/23, 17:39:53.343, 2851966561408, QTAgent32.exe, &lt;a class=success&gt;Playback - {32} [SUCCESS] MouseButtonClick - "[MSAA, VisibleOnly]ControlType='Button' &amp;&amp; Name='Yes'"
\0&lt;/a&gt;
W, 3504, 27, 2013/05/23, 17:39:54.056, 2851976781409, QTAgent32.exe, &lt;a class=success&gt;Playback - {33} [SUCCESS] SendKeys "^{HOME}" - "[MSAA, VisibleOnly]ControlType='Edit'"
\0&lt;/a&gt;
E, 3504, 27, 2013/05/23, 17:39:54.057, 2851976785415, QTAgent32.exe, Msaa.GetFocusedElement: could not find accessible object of foreground window
W, 3504, 27, 2013/05/23, 17:39:54.112, 2851977575939, QTAgent32.exe, &lt;a class=success&gt;Playback - {34} [SUCCESS] SendKeys "^+{END}" - "[MSAA, VisibleOnly]ControlType='Edit'"
\0&lt;/a&gt;
E, 3504, 27, 2013/05/23, 17:39:54.112, 2851977579456, QTAgent32.exe, Msaa.GetFocusedElement: could not find accessible object of foreground window
W, 3504, 27, 2013/05/23, 17:39:54.129, 2851977820805, QTAgent32.exe, &lt;a class=success&gt;Playback - {35} [SUCCESS] SendKeys "{DELETE}" - "[MSAA, VisibleOnly]ControlType='Edit'"
\0&lt;/a&gt;
W, 3504, 27, 2013/05/23, 17:39:54.540, 2851983714007, QTAgent32.exe, &lt;a class=success&gt;Playback - {36} [SUCCESS] SetValueAsEditBox "1" - "[MSAA, VisibleOnly]ControlType='Edit'"  &lt; Set via SendKeys &gt;
\0&lt;/a&gt;
W, 3504, 27, 2013/05/23, 17:39:55.084, 2851991495553, QTAgent32.exe, &lt;a class=success&gt;Playback - {37} [SUCCESS] SendKeys "^{HOME}" - "[MSAA, VisibleOnly]ControlType='Edit'"
\0&lt;/a&gt;
E, 3504, 27, 2013/05/23, 17:39:55.085, 2851991501000, QTAgent32.exe, Msaa.GetFocusedElement: could not find accessible object of foreground window
W, 3504, 27, 2013/05/23, 17:39:55.141, 2851992304139, QTAgent32.exe, &lt;a class=success&gt;Playback - {38} [SUCCESS] SendKeys "^+{END}" - "[MSAA, VisibleOnly]ControlType='Edit'"
\0&lt;/a&gt;
E, 3504, 27, 2013/05/23, 17:39:55.141, 2851992307002, QTAgent32.exe, Msaa.GetFocusedElement: could not find accessible object of foreground window
W, 3504, 27, 2013/05/23, 17:39:55.155, 2851992513682, QTAgent32.exe, &lt;a class=success&gt;Playback - {39} [SUCCESS] SendKeys "{DELETE}" - "[MSAA, VisibleOnly]ControlType='Edit'"
\0&lt;/a&gt;
W, 3504, 27, 2013/05/23, 17:39:55.656, 2851999678653, QTAgent32.exe, &lt;a class=success&gt;Playback - {40} [SUCCESS] SetValueAsEditBox "1" - "[MSAA, VisibleOnly]ControlType='Edit'"  &lt; Set via SendKeys &gt;
\0&lt;/a&gt;
W, 3504, 27, 2013/05/23, 17:39:57.267, 2852022750898, QTAgent32.exe, Playback - [WARNING] Internal warning: Target element "[MSAA, VisibleOnly]ControlType='Button' &amp;&amp; Name='OK'" was not found, so all intermediate elements were ignored. An incorrect element that matches target element Id can be found as the result.  Verify that all intermediate elements in QueryId have valid and unique Ids
\0
W, 3504, 27, 2013/05/23, 17:39:57.803, 2852030431887, QTAgent32.exe, PERF WARNING: FindAllDescendents: took 2045 ms. Expected it to take maximum 500 ms.
W, 3504, 27, 2013/05/23, 17:39:58.093, 2852034575600, QTAgent32.exe, &lt;a class=success&gt;Playback - {41} [SUCCESS] MouseButtonClick - "[MSAA, VisibleOnly]ControlType='Button' &amp;&amp; Name='OK'"
\0&lt;/a&gt;
W, 3504, 27, 2013/05/23, 17:39:58.498, 2852040385691, QTAgent32.exe, &lt;a class=success&gt;Playback - {42} [SUCCESS] MouseButtonClick - "[MSAA, VisibleOnly]ControlType='Button'"
\0&lt;/a&gt;
W, 3504, 27, 2013/05/23, 17:39:58.894, 2852046055730, QTAgent32.exe, &lt;a class=success&gt;Playback - {43} [SUCCESS] MouseButtonClick - "[MSAA, VisibleOnly]ControlType='Button' &amp;&amp; Name='Add'"
\0&lt;/a&gt;
W, 3504, 27, 2013/05/23, 17:39:59.129, 2852049413786, QTAgent32.exe, &lt;a class=success&gt;Playback - {44} [SUCCESS] MouseButtonClick - "[MSAA, VisibleOnly]ControlType='Button' &amp;&amp; Name='OK'"
\0&lt;/a&gt;
W, 3504, 27, 2013/05/23, 17:40:01.403, 2852081967911, QTAgent32.exe, &lt;a class=success&gt;Playback - {45} [SUCCESS] MouseButtonClick - "[MSAA, VisibleOnly,Window]ControlType='Window' &amp;&amp; ClassName='ThunderRT6TextBox'"
\0&lt;/a&gt;
W, 3504, 27, 2013/05/23, 17:40:02.526, 2852098056386, QTAgent32.exe, &lt;a class=success&gt;Playback - {46} [SUCCESS] SetValueAsEditBox "HOME" - "[MSAA, VisibleOnly]ControlType='Edit'"  &lt; Set via SendKeys &gt;
\0&lt;/a&gt;
W, 3504, 27, 2013/05/23, 17:40:02.910, 2852103539970, QTAgent32.exe, &lt;a class=success&gt;Playback - {47} [SUCCESS] MouseButtonClick - "[MSAA, VisibleOnly]ControlType='Button' &amp;&amp; Name='OK'"
\0&lt;/a&gt;
W, 3504, 27, 2013/05/23, 17:40:03.157, 2852107078025, QTAgent32.exe, &lt;a class=success&gt;Playback - {48} [SUCCESS] MouseButtonClick - "[MSAA, VisibleOnly]ControlType='Button' &amp;&amp; Name='Options'"
\0&lt;/a&gt;
W, 3504, 27, 2013/05/23, 17:40:03.257, 2852108514468, QTAgent32.exe, FindScreenElementInSinglePass : Attempting to find control in one pass of search. Failures can occur.
W, 3504, 27, 2013/05/23, 17:40:03.773, 2852115900573, QTAgent32.exe, &lt;a class=success&gt;Playback - {49} [SUCCESS] MouseButtonClick - "[MSAA]ControlType='MenuItem' &amp;&amp; Name='Links'"
\0&lt;/a&gt;
W, 3504, 27, 2013/05/23, 17:40:03.874, 2852117343717, QTAgent32.exe, FindScreenElementInSinglePass : Attempting to find control in one pass of search. Failures can occur.
W, 3504, 27, 2013/05/23, 17:40:04.406, 2852124971469, QTAgent32.exe, &lt;a class=success&gt;Playback - {50} [SUCCESS] MouseButtonClick - "[MSAA]ControlType='MenuItem' &amp;&amp; Name='3rd Party Integration'"
\0&lt;/a&gt;
W, 3504, 27, 2013/05/23, 17:40:04.507, 2852126409263, QTAgent32.exe, FindScreenElementInSinglePass : Attempting to find control in one pass of search. Failures can occur.
W, 3504, 27, 2013/05/23, 17:40:05.046, 2852134127787, QTAgent32.exe, &lt;a class=success&gt;Playback - {51} [SUCCESS] MouseButtonClick - "[MSAA]ControlType='MenuItem' &amp;&amp; Name='Quote Select List'"
\0&lt;/a&gt;
W, 3504, 27, 2013/05/23, 17:40:06.048, 2852148474657, QTAgent32.exe, Playback - [WARNING] Internal warning: Window Not Found: [VisibleOnly]ControlType='Window' &amp;&amp; Name='Current Or Future' &amp;&amp; ClassName='TfCurrentOrFuture'
\0
E, 3504, 27, 2013/05/23, 17:40:06.050, 2852148503114, QTAgent32.exe, &lt;a class=failure&gt;Playback - {52} [FAILED] Function ElementFetcher::FindScreenElement failed to locate UI element (Searching: ;[VisibleOnly]ControlType='Window' &amp;&amp; Name='Current Or Future' &amp;&amp; ClassName='TfCurrentOrFuture') (The object specified was not found.)
\0&lt;/a&gt;
E, 3504, 27, 2013/05/23, 17:40:06.467, 2852154481863, QTAgent32.exe, Playback - [IMAGE] C:\Users\testuser\AppData\Local\Temp\UITestLogs\LastRun\RPF84D5.png
\0
W, 3504, 27, 2013/05/23, 17:40:06.467, 2852154484259, QTAgent32.exe, Playback - [WARNING] Internal warning: Couldn't find descendants that match QueryId
\0
W, 3504, 27, 2013/05/23, 17:40:06.467, 2852154487248, QTAgent32.exe, PERF WARNING: FindTopLevelWindowHelper::FindAllDescendents: took 1320 ms. Expected it to take maximum 500 ms.
W, 3504, 27, 2013/05/23, 17:40:07.737, 2852172661299, QTAgent32.exe, PERF WARNING: FindTopLevelWindowHelper::FindAllDescendents: took 1269 ms. Expected it to take maximum 500 ms.
W, 3504, 27, 2013/05/23, 17:40:08.034, 2852176907671, QTAgent32.exe, &lt;a class=success&gt;Playback - {53} [SUCCESS] MouseButtonClick - "[MSAA, VisibleOnly]ControlType='Button' &amp;&amp; Name='Ok'"
\0&lt;/a&gt;
W, 3504, 27, 2013/05/23, 17:40:12.049, 2852234399202, QTAgent32.exe, PERF WARNING: FindTopLevelWindowHelper::FindAllDescendents: took 3753 ms. Expected it to take maximum 500 ms.
W, 3504, 27, 2013/05/23, 17:40:12.971, 2852247608442, QTAgent32.exe, &lt;a class=success&gt;Playback - {54} [SUCCESS] SetValueAsEditBox "test1" - "[MSAA, VisibleOnly]ControlType='Edit'"  &lt; Set via SendKeys &gt;
\0&lt;/a&gt;
W, 3504, 27, 2013/05/23, 17:40:13.718, 2852258305146, QTAgent32.exe, &lt;a class=success&gt;Playback - {55} [SUCCESS] SetValueAsEditBox "test" - "[MSAA, VisibleOnly]ControlType='Edit'"  &lt; Set via SendKeys &gt;
\0&lt;/a&gt;
W, 3504, 27, 2013/05/23, 17:40:14.122, 2852264088912, QTAgent32.exe, &lt;a class=success&gt;Playback - {56} [SUCCESS] SendKeys "^{HOME}" - "[MSAA, VisibleOnly]ControlType='Edit'"
\0&lt;/a&gt;
E, 3504, 27, 2013/05/23, 17:40:14.122, 2852264092194, QTAgent32.exe, Msaa.GetFocusedElement: could not find accessible object of foreground window
W, 3504, 27, 2013/05/23, 17:40:14.178, 2852264884038, QTAgent32.exe, &lt;a class=success&gt;Playback - {57} [SUCCESS] SendKeys "^+{END}" - "[MSAA, VisibleOnly]ControlType='Edit'"
\0&lt;/a&gt;
E, 3504, 27, 2013/05/23, 17:40:14.178, 2852264887588, QTAgent32.exe, Msaa.GetFocusedElement: could not find accessible object of foreground window
W, 3504, 27, 2013/05/23, 17:40:14.193, 2852265107258, QTAgent32.exe, &lt;a class=success&gt;Playback - {58} [SUCCESS] SendKeys "{DELETE}" - "[MSAA, VisibleOnly]ControlType='Edit'"
\0&lt;/a&gt;
W, 3504, 27, 2013/05/23, 17:40:14.576, 2852270592319, QTAgent32.exe, &lt;a class=success&gt;Playback - {59} [SUCCESS] SetValueAsEditBox "test" - "[MSAA, VisibleOnly]ControlType='Edit'"  &lt; Set via SendKeys &gt;
\0&lt;/a&gt;
W, 3504, 27, 2013/05/23, 17:40:15.472, 2852283408365, QTAgent32.exe, Playback - [WARNING] Internal warning: Incorrect flag set for InvokeProgrammaticAction\0
W, 3504, 27, 2013/05/23, 17:40:15.609, 2852285366705, QTAgent32.exe, &lt;a class=success&gt;Playback - {60} [SUCCESS] SetValueAsComboBox "Account Director" - "[MSAA, VisibleOnly]ControlType='ComboBox'"  &lt; SetValueAsComboBox, set by clicking on the item in the list box &gt;
\0&lt;/a&gt;
W, 3504, 27, 2013/05/23, 17:40:16.414, 2852296907340, QTAgent32.exe, Playback - [WARNING] Internal warning: Incorrect flag set for InvokeProgrammaticAction\0
W, 3504, 27, 2013/05/23, 17:40:16.535, 2852298638429, QTAgent32.exe, &lt;a class=success&gt;Playback - {61} [SUCCESS] SetValueAsComboBox "Advertising" - "[MSAA, VisibleOnly]ControlType='ComboBox'"  &lt; SetValueAsComboBox, set by clicking on the item in the list box &gt;
\0&lt;/a&gt;
W, 3504, 27, 2013/05/23, 17:40:17.330, 2852310012458, QTAgent32.exe, &lt;a class=success&gt;Playback - {62} [SUCCESS] SetValueAsEditBox "160589" - "[MSAA, VisibleOnly]ControlType='Edit'"  &lt; Set via SendKeys &gt;
\0&lt;/a&gt;
W, 3504, 27, 2013/05/23, 17:40:17.583, 2852313635456, QTAgent32.exe, &lt;a class=success&gt;Playback - {63} [SUCCESS] MouseButtonClick - "[MSAA, VisibleOnly]ControlType='Edit'"
\0&lt;/a&gt;
W, 3504, 27, 2013/05/23, 17:40:18.423, 2852325672203, QTAgent32.exe, &lt;a class=success&gt;Playback - {64} [SUCCESS] SetValueAsEditBox "B338TH" - "[MSAA, VisibleOnly]ControlType='Edit'"  &lt; Set via SendKeys &gt;
\0&lt;/a&gt;
W, 3504, 27, 2013/05/23, 17:40:20.652, 2852357575447, QTAgent32.exe, &lt;a class=success&gt;Playback - {65} [SUCCESS] MouseButtonClick - "[MSAA, VisibleOnly]ControlType='Button' &amp;&amp; Name='Lookup...'"
\0&lt;/a&gt;
W, 3504, 27, 2013/05/23, 17:40:20.924, 2852361479777, QTAgent32.exe, &lt;a class=success&gt;Playback - {66} [SUCCESS] MouseButtonClick - "[MSAA, VisibleOnly]ControlType='Button' &amp;&amp; Name='Ok'"
\0&lt;/a&gt;
W, 3504, 27, 2013/05/23, 17:40:21.415, 2852368505909, QTAgent32.exe, &lt;a class=success&gt;Playback - {67} [SUCCESS] MouseButtonClick - "[MSAA, VisibleOnly]ControlType='Button' &amp;&amp; Name='Next &gt;'"
\0&lt;/a&gt;
W, 3504, 27, 2013/05/23, 17:40:22.536, 2852384550623, QTAgent32.exe, &lt;a class=success&gt;Playback - {68} [SUCCESS] SetValueAsEditBox "1989" - "[MSAA, VisibleOnly]ControlType='Edit'"  &lt; Set via SendKeys &gt;
\0&lt;/a&gt;
W, 3504, 27, 2013/05/23, 17:40:22.832, 2852388797016, QTAgent32.exe, &lt;a class=success&gt;Playback - {69} [SUCCESS] MouseButtonClick - "[MSAA, VisibleOnly]ControlType='Button' &amp;&amp; Name='Next &gt;'"
\0&lt;/a&gt;
W, 3504, 27, 2013/05/23, 17:40:23.091, 2852392497862, QTAgent32.exe, &lt;a class=success&gt;Playback - {70} [SUCCESS] MouseButtonClick - "[MSAA, VisibleOnly]ControlType='Button' &amp;&amp; Name='Next &gt;'"
\0&lt;/a&gt;
W, 3504, 27, 2013/05/23, 17:40:23.309, 2852395624523, QTAgent32.exe, &lt;a class=success&gt;Playback - {71} [SUCCESS] MouseButtonClick - "[MSAA, VisibleOnly]ControlType='Button' &amp;&amp; Name='Next &gt;'"
\0&lt;/a&gt;
W, 3504, 27, 2013/05/23, 17:40:24.423, 2852411569891, QTAgent32.exe, &lt;a class=success&gt;Playback - {72} [SUCCESS] SetValueAsEditBox "2345" - "[MSAA, VisibleOnly]ControlType='Edit'"  &lt; Set via SendKeys &gt;
\0&lt;/a&gt;
W, 3504, 27, 2013/05/23, 17:40:25.550, 2852427718270, QTAgent32.exe, &lt;a class=success&gt;Playback - {73} [SUCCESS] SetValueAsEditBox "2000" - "[MSAA, VisibleOnly]ControlType='Edit'"  &lt; Set via SendKeys &gt;
\0&lt;/a&gt;
W, 3504, 27, 2013/05/23, 17:40:26.587, 2852442554757, QTAgent32.exe, &lt;a class=success&gt;Playback - {74} [SUCCESS] SetValueAsEditBox "2000" - "[MSAA, VisibleOnly]ControlType='Edit'"  &lt; Set via SendKeys &gt;
\0&lt;/a&gt;
W, 3504, 27, 2013/05/23, 17:40:26.821, 2852445902215, QTAgent32.exe, &lt;a class=success&gt;Playback - {75} [SUCCESS] MouseButtonClick - "[MSAA, VisibleOnly]ControlType='Button' &amp;&amp; Name='Next &gt;'"
\0&lt;/a&gt;
W, 3504, 27, 2013/05/23, 17:40:27.931, 2852461808562, QTAgent32.exe, &lt;a class=success&gt;Playback - {76} [SUCCESS] SetValueAsEditBox "2345" - "[MSAA, VisibleOnly]ControlType='Edit'"  &lt; Set via SendKeys &gt;
\0&lt;/a&gt;
W, 3504, 27, 2013/05/23, 17:40:28.192, 2852465546624, QTAgent32.exe, &lt;a class=success&gt;Playback - {77} [SUCCESS] MouseButtonClick - "[MSAA, VisibleOnly]ControlType='Button' &amp;&amp; Name='Next &gt;'"
\0&lt;/a&gt;
W, 3504, 27, 2013/05/23, 17:40:28.465, 2852469454325, QTAgent32.exe, &lt;a class=success&gt;Playback - {78} [SUCCESS] MouseButtonClick - "[MSAA, VisibleOnly]ControlType='Button' &amp;&amp; Name='Next &gt;'"
\0&lt;/a&gt;
W, 3504, 27, 2013/05/23, 17:40:28.827, 2852474638293, QTAgent32.exe, &lt;a class=success&gt;Playback - {79} [SUCCESS] MouseButtonClick - "[MSAA, VisibleOnly]ControlType='Button' &amp;&amp; Name='Quote'"
\0&lt;/a&gt;
W, 3504, 27, 2013/05/23, 17:40:29.068, 2852478087298, QTAgent32.exe, &lt;a class=success&gt;Playback - {80} [SUCCESS] MouseButtonClick - "[MSAA, VisibleOnly]ControlType='Button' &amp;&amp; Name='No'"
\0&lt;/a&gt;
W, 3504, 27, 2013/05/23, 17:40:29.517, 2852484516074, QTAgent32.exe, &lt;a class=success&gt;Playback - {81} [SUCCESS] MouseButtonClick - "[MSAA, VisibleOnly]ControlType='Button' &amp;&amp; Name='Ok'"
\0&lt;/a&gt;
W, 3504, 27, 2013/05/23, 17:40:39.590, 2852628737781, QTAgent32.exe, PERF WARNING: FindTopLevelWindowHelper::FindAllDescendents: took 9942 ms. Expected it to take maximum 500 ms.
W, 3504, 27, 2013/05/23, 17:40:39.731, 2852630762469, QTAgent32.exe, &lt;a class=success&gt;Playback - {82} [SUCCESS] MouseButtonClick - "[MSAA, VisibleOnly]ControlType='Client'"
\0&lt;/a&gt;
W, 3504, 27, 2013/05/23, 17:40:41.765, 2852659887697, QTAgent32.exe, &lt;a class=success&gt;Playback - {83} [SUCCESS] SendKeys "{End}" - "[MSAA, VisibleOnly]ControlType='Client'"
\0&lt;/a&gt;
W, 3504, 27, 2013/05/23, 17:40:43.425, 2852683645947, QTAgent32.exe, &lt;a class=success&gt;Playback - {84} [SUCCESS] MouseButtonClick - "[MSAA, VisibleOnly]ControlType='Button' &amp;&amp; Name='Accept'"
\0&lt;/a&gt;
W, 3504, 27, 2013/05/23, 17:40:43.723, 2852687921562, QTAgent32.exe, &lt;a class=success&gt;Playback - {85} [SUCCESS] MouseButtonClick - "[MSAA, VisibleOnly]ControlType='Button' &amp;&amp; Name='Yes'"
\0&lt;/a&gt;
W, 3504, 27, 2013/05/23, 17:40:58.241, 2852895790536, QTAgent32.exe, Playback - [WARNING] Internal warning: Window Not Found: [VisibleOnly]ControlType='Window' &amp;&amp; Name='Broker Add-ons' &amp;&amp; ClassName='ThunderRT6FormDC'
\0
E, 3504, 27, 2013/05/23, 17:40:58.242, 2852895797742, QTAgent32.exe, &lt;a class=failure&gt;Playback - {86} [FAILED] Function ElementFetcher::FindScreenElement failed to locate UI element (Searching: ;[VisibleOnly]ControlType='Window' &amp;&amp; Name='Broker Add-ons' &amp;&amp; ClassName='ThunderRT6FormDC') (The object specified was not found.)
\0&lt;/a&gt;
E, 3504, 27, 2013/05/23, 17:40:58.427, 2852898454664, QTAgent32.exe, Playback - [IMAGE] C:\Users\testuser\AppData\Local\Temp\UITestLogs\LastRun\RPF50BB.png
\0
W, 3504, 27, 2013/05/23, 17:40:58.428, 2852898457515, QTAgent32.exe, Playback - [WARNING] Internal warning: Couldn't find descendants that match QueryId
\0
W, 3504, 27, 2013/05/23, 17:40:58.428, 2852898464219, QTAgent32.exe, PERF WARNING: FindTopLevelWindowHelper::FindAllDescendents: took 14602 ms. Expected it to take maximum 500 ms.
W, 3504, 27, 2013/05/23, 17:41:16.433, 2853156269229, QTAgent32.exe, Playback - [WARNING] Internal warning: Window Not Found: [VisibleOnly]ControlType='Window' &amp;&amp; Name='Broker Add-ons' &amp;&amp; ClassName='ThunderRT6FormDC'
\0
E, 3504, 27, 2013/05/23, 17:41:16.434, 2853156278595, QTAgent32.exe, &lt;a class=failure&gt;Playback - {87} [FAILED] Function ElementFetcher::FindScreenElement failed to locate UI element (Searching: ;[VisibleOnly]ControlType='Window' &amp;&amp; Name='Broker Add-ons' &amp;&amp; ClassName='ThunderRT6FormDC') (The object specified was not found.)
\0&lt;/a&gt;
E, 3504, 27, 2013/05/23, 17:41:16.531, 2853157664648, QTAgent32.exe, Playback - [IMAGE] C:\Users\testuser\AppData\Local\Temp\UITestLogs\LastRun\RPF97CA.png
\0
W, 3504, 27, 2013/05/23, 17:41:16.531, 2853157667280, QTAgent32.exe, Playback - [WARNING] Internal warning: Couldn't find descendants that match QueryId
\0
W, 3504, 27, 2013/05/23, 17:41:16.531, 2853157675176, QTAgent32.exe, PERF WARNING: FindTopLevelWindowHelper::FindAllDescendents: took 18103 ms. Expected it to take maximum 500 ms.
W, 3504, 27, 2013/05/23, 17:41:19.279, 2853197012316, QTAgent32.exe, Playback - [WARNING] Internal warning: Smart Match failed
\0
W, 3504, 27, 2013/05/23, 17:41:20.666, 2853216882158, QTAgent32.exe, Playback - [WARNING] Internal warning: Window Not Found: [VisibleOnly]ControlType='Window' &amp;&amp; Name='Broker Add-ons' &amp;&amp; ClassName='ThunderRT6FormDC'
\0
E, 3504, 27, 2013/05/23, 17:41:20.667, 2853216885775, QTAgent32.exe, &lt;a class=failure&gt;Playback - {88} [FAILED] Function ElementFetcher::FindScreenElement failed to locate UI element (Searching: ;[VisibleOnly]ControlType='Window' &amp;&amp; Name='Broker Add-ons' &amp;&amp; ClassName='ThunderRT6FormDC') (The object specified was not found.)
\0&lt;/a&gt;
E, 3504, 27, 2013/05/23, 17:41:20.750, 2853218083885, QTAgent32.exe, Playback - [IMAGE] C:\Users\testuser\AppData\Local\Temp\UITestLogs\LastRun\RPFA84F.png
\0
W, 3504, 27, 2013/05/23, 17:41:20.751, 2853218086725, QTAgent32.exe, Playback - [WARNING] Internal warning: Couldn't find descendants that match QueryId
\0
W, 3504, 27, 2013/05/23, 17:41:20.751, 2853218089766, QTAgent32.exe, PERF WARNING: FindTopLevelWindowHelper::FindAllDescendents: took 4219 ms. Expected it to take maximum 500 ms.
E, 3504, 27, 2013/05/23, 17:41:20.751, 2853218091621, QTAgent32.exe, Exception: System.Runtime.InteropServices.COMException
	Message: Error HRESULT E_FAIL has been returned from a call to a COM component.
	Stack Trace:    at Microsoft.VisualStudio.TestTools.UITest.Playback.Engine.IRPFPlayback.FindAllScreenElements(IScreenElement pScreenElementStart, String bstrQueryId, Object&amp; pvarResKeys, Int32 cResKeys, Int32 nMaxDepth, Object[]&amp; foundDescendants)
   at Microsoft.VisualStudio.TestTools.UITest.Playback.ScreenElement.FindTopLevelWindowHelper(String queryId)
	BaseExceptionMessage: Error HRESULT E_FAIL has been returned from a call to a COM component.

E, 3504, 27, 2013/05/23, 17:41:20.853, 2853219546692, QTAgent32.exe, AL: Playback Error: Microsoft.VisualStudio.TestTools.UITest.Extension.UITestControlNotFoundException: The playback failed to find the control with the given search properties. Additional Details: 
TechnologyName:  'MSAA'
ControlType:  'Window'
Name:  'Broker Add-ons'
ClassName:  'ThunderRT6FormDC'
 ---&gt; System.Runtime.InteropServices.COMException: Error HRESULT E_FAIL has been returned from a call to a COM component.
   at Microsoft.VisualStudio.TestTools.UITest.Playback.Engine.IRPFPlayback.FindAllScreenElements(IScreenElement pScreenElementStart, String bstrQueryId, Object&amp; pvarResKeys, Int32 cResKeys, Int32 nMaxDepth, Object[]&amp; foundDescendants)
   at Microsoft.VisualStudio.TestTools.UITest.Playback.ScreenElement.FindTopLevelWindowHelper(String queryId)
   at Microsoft.VisualStudio.TestTools.UITest.Playback.ScreenElement.FindFromPartialQueryId(String queryId)
   at Microsoft.VisualStudio.TestTools.UITesting.UITestControl..ctor(String queryId)
   --- End of inner exception stack trace ---
   at Microsoft.VisualStudio.TestTools.UITesting.Playback.MapControlNotFoundException(COMException ex, IPlaybackContext context)
   at Microsoft.VisualStudio.TestTools.UITesting.Playback.MapAndThrowComException(COMException innerException, IPlaybackContext context)
   at Microsoft.VisualStudio.TestTools.UITesting.Playback.MapAndThrowException(SystemException exception, IPlaybackContext context)
   at Microsoft.VisualStudio.TestTools.UITesting.Playback.MapAndThrowException(SystemException exception, String queryId)
   at Microsoft.VisualStudio.TestTools.UITesting.UITestControl..ctor(String queryId)
   at Microsoft.VisualStudio.TestTools.UITesting.SearchHelper.SearchTopLevelWindow(ISearchArgument topLevelSearchArg, String topLevelElementQueryId)
   at Microsoft.VisualStudio.TestTools.UITesting.SearchHelper.GetTitleUpdatedTopLevelWindow(ISearchArgument topLevelSearchArg, String queryId, IList`1 windowTitles)
   at Microsoft.VisualStudio.TestTools.UITesting.SearchHelper.GetTopLevelElement(Boolean useCache, Boolean useCacheOnly, ISearchArgument searchArg, IList`1 windowTitles, Int32&amp; timeLeft)
   at Microsoft.VisualStudio.TestTools.UITesting.SearchHelper.GetElement(Boolean useCache, ISearchArgument searchArg)
   at Microsoft.VisualStudio.TestTools.UITesting.SearchHelper.Search(ISearchArgument searchArg)
   at Microsoft.VisualStudio.TestTools.UITesting.UITestControl.FindInternal()
   at Microsoft.VisualStudio.TestTools.UITesting.UITestControl.FindControlIfNecessary()
   at Microsoft.VisualStudio.TestTools.UITesting.UITestControl.Click(MouseButtons button, ModifierKeys modifierKeys, Point relativeCoordinates)
   at Microsoft.VisualStudio.TestTools.UITesting.Mouse.ClickImplementation(UITestControl control, MouseButtons button, ModifierKeys modifierKeys, Point relativeCoordinate)
   at Microsoft.VisualStudio.TestTools.UITesting.Mouse.ClickImplementationWrapper(UITestControl control, MouseButtons button, ModifierKeys modifierKeys, Point relativeCoordinate)
W, 3504, 27, 2013/05/23, 17:41:20.853, 2853219550725, QTAgent32.exe, PlaybackErrorHandler: Ignoring exception as ContinueOnError is set.
W, 3504, 27, 2013/05/23, 17:41:28.376, 2853327274019, QTAgent32.exe, Playback - [WARNING] Internal warning: Window Not Found: [VisibleOnly]ControlType='Window' &amp;&amp; Name='Save the file as' &amp;&amp; ClassName='#32770'
\0
E, 3504, 27, 2013/05/23, 17:41:28.377, 2853327283339, QTAgent32.exe, &lt;a class=failure&gt;Playback - {89} [FAILED] Function ElementFetcher::FindScreenElement failed to locate UI element (Searching: ;[VisibleOnly]ControlType='Window' &amp;&amp; Name='Save the file as' &amp;&amp; ClassName='#32770') (The object specified was not found.)
\0&lt;/a&gt;
E, 3504, 27, 2013/05/23, 17:41:28.464, 2853328524404, QTAgent32.exe, Playback - [IMAGE] C:\Users\testuser\AppData\Local\Temp\UITestLogs\LastRun\RPFC67A.png
\0
W, 3504, 27, 2013/05/23, 17:41:28.464, 2853328526962, QTAgent32.exe, Playback - [WARNING] Internal warning: Couldn't find descendants that match QueryId
\0
W, 3504, 27, 2013/05/23, 17:41:28.464, 2853328530791, QTAgent32.exe, PERF WARNING: FindTopLevelWindowHelper::FindAllDescendents: took 7610 ms. Expected it to take maximum 500 ms.
W, 3504, 27, 2013/05/23, 17:41:47.693, 2853603847887, QTAgent32.exe, Playback - [WARNING] Internal warning: Window Not Found: [VisibleOnly]ControlType='Window' &amp;&amp; Name='Save the file as' &amp;&amp; ClassName='#32770'
\0
E, 3504, 27, 2013/05/23, 17:41:47.693, 2853603856364, QTAgent32.exe, &lt;a class=failure&gt;Playback - {90} [FAILED] Function ElementFetcher::FindScreenElement failed to locate UI element (Searching: ;[VisibleOnly]ControlType='Window' &amp;&amp; Name='Save the file as' &amp;&amp; ClassName='#32770') (The object specified was not found.)
\0&lt;/a&gt;
E, 3504, 27, 2013/05/23, 17:41:47.773, 2853605001709, QTAgent32.exe, Playback - [IMAGE] C:\Users\testuser\AppData\Local\Temp\UITestLogs\LastRun\RPF11EC.png
\0
W, 3504, 27, 2013/05/23, 17:41:47.773, 2853605003938, QTAgent32.exe, Playback - [WARNING] Internal warning: Couldn't find descendants that match QueryId
\0
W, 3504, 27, 2013/05/23, 17:41:47.774, 2853605012903, QTAgent32.exe, PERF WARNING: FindTopLevelWindowHelper::FindAllDescendents: took 19309 ms. Expected it to take maximum 500 ms.
W, 3504, 27, 2013/05/23, 17:41:50.412, 2853642779573, QTAgent32.exe, Playback - [WARNING] Internal warning: Smart Match failed
\0
W, 3504, 27, 2013/05/23, 17:41:51.902, 2853664123844, QTAgent32.exe, Playback - [WARNING] Internal warning: Window Not Found: [VisibleOnly]ControlType='Window' &amp;&amp; Name='Save the file as' &amp;&amp; ClassName='#32770'
\0
E, 3504, 27, 2013/05/23, 17:41:51.903, 2853664127231, QTAgent32.exe, &lt;a class=failure&gt;Playback - {91} [FAILED] Function ElementFetcher::FindScreenElement failed to locate UI element (Searching: ;[VisibleOnly]ControlType='Window' &amp;&amp; Name='Save the file as' &amp;&amp; ClassName='#32770') (The object specified was not found.)
\0&lt;/a&gt;
E, 3504, 27, 2013/05/23, 17:41:51.983, 2853665272437, QTAgent32.exe, Playback - [IMAGE] C:\Users\testuser\AppData\Local\Temp\UITestLogs\LastRun\RPF2261.png
\0
W, 3504, 27, 2013/05/23, 17:41:51.983, 2853665274942, QTAgent32.exe, Playback - [WARNING] Internal warning: Couldn't find descendants that match QueryId
\0
W, 3504, 27, 2013/05/23, 17:41:51.983, 2853665279207, QTAgent32.exe, PERF WARNING: FindTopLevelWindowHelper::FindAllDescendents: took 4208 ms. Expected it to take maximum 500 ms.
E, 3504, 27, 2013/05/23, 17:41:51.983, 2853665281024, QTAgent32.exe, Exception: System.Runtime.InteropServices.COMException
	Message: Error HRESULT E_FAIL has been returned from a call to a COM component.
	Stack Trace:    at Microsoft.VisualStudio.TestTools.UITest.Playback.Engine.IRPFPlayback.FindAllScreenElements(IScreenElement pScreenElementStart, String bstrQueryId, Object&amp; pvarResKeys, Int32 cResKeys, Int32 nMaxDepth, Object[]&amp; foundDescendants)
   at Microsoft.VisualStudio.TestTools.UITest.Playback.ScreenElement.FindTopLevelWindowHelper(String queryId)
	BaseExceptionMessage: Error HRESULT E_FAIL has been returned from a call to a COM component.

E, 3504, 27, 2013/05/23, 17:41:52.084, 2853666722813, QTAgent32.exe, AL: Playback Error: Microsoft.VisualStudio.TestTools.UITest.Extension.UITestControlNotFoundException: The playback failed to find the control with the given search properties. Additional Details: 
TechnologyName:  'MSAA'
ControlType:  'Window'
Name:  'Save the file as'
ClassName:  '#32770'
 ---&gt; System.Runtime.InteropServices.COMException: Error HRESULT E_FAIL has been returned from a call to a COM component.
   at Microsoft.VisualStudio.TestTools.UITest.Playback.Engine.IRPFPlayback.FindAllScreenElements(IScreenElement pScreenElementStart, String bstrQueryId, Object&amp; pvarResKeys, Int32 cResKeys, Int32 nMaxDepth, Object[]&amp; foundDescendants)
   at Microsoft.VisualStudio.TestTools.UITest.Playback.ScreenElement.FindTopLevelWindowHelper(String queryId)
   at Microsoft.VisualStudio.TestTools.UITest.Playback.ScreenElement.FindFromPartialQueryId(String queryId)
   at Microsoft.VisualStudio.TestTools.UITesting.UITestControl..ctor(String queryId)
   --- End of inner exception stack trace ---
   at Microsoft.VisualStudio.TestTools.UITesting.Playback.MapControlNotFoundException(COMException ex, IPlaybackContext context)
   at Microsoft.VisualStudio.TestTools.UITesting.Playback.MapAndThrowComException(COMException innerException, IPlaybackContext context)
   at Microsoft.VisualStudio.TestTools.UITesting.Playback.MapAndThrowException(SystemException exception, IPlaybackContext context)
   at Microsoft.VisualStudio.TestTools.UITesting.Playback.MapAndThrowException(SystemException exception, String queryId)
   at Microsoft.VisualStudio.TestTools.UITesting.UITestControl..ctor(String queryId)
   at Microsoft.VisualStudio.TestTools.UITesting.SearchHelper.SearchTopLevelWindow(ISearchArgument topLevelSearchArg, String topLevelElementQueryId)
   at Microsoft.VisualStudio.TestTools.UITesting.SearchHelper.GetTitleUpdatedTopLevelWindow(ISearchArgument topLevelSearchArg, String queryId, IList`1 windowTitles)
   at Microsoft.VisualStudio.TestTools.UITesting.SearchHelper.GetTopLevelElement(Boolean useCache, Boolean useCacheOnly, ISearchArgument searchArg, IList`1 windowTitles, Int32&amp; timeLeft)
   at Microsoft.VisualStudio.TestTools.UITesting.SearchHelper.GetElement(Boolean useCache, ISearchArgument searchArg)
   at Microsoft.VisualStudio.TestTools.UITesting.SearchHelper.Search(ISearchArgument searchArg)
   at Microsoft.VisualStudio.TestTools.UITesting.UITestControl.FindInternal()
   at Microsoft.VisualStudio.TestTools.UITesting.UITestControl.FindControlIfNecessary()
   at Microsoft.VisualStudio.TestTools.UITesting.UITestControl.Click(MouseButtons button, ModifierKeys modifierKeys, Point relativeCoordinates)
   at Microsoft.VisualStudio.TestTools.UITesting.Mouse.ClickImplementation(UITestControl control, MouseButtons button, ModifierKeys modifierKeys, Point relativeCoordinate)
   at Microsoft.VisualStudio.TestTools.UITesting.Mouse.ClickImplementationWrapper(UITestControl control, MouseButtons button, ModifierKeys modifierKeys, Point relativeCoordinate)
W, 3504, 27, 2013/05/23, 17:41:52.084, 2853666726479, QTAgent32.exe, PlaybackErrorHandler: Ignoring exception as ContinueOnError is set.
W, 3504, 27, 2013/05/23, 17:41:59.703, 2853775814679, QTAgent32.exe, Playback - [WARNING] Internal warning: Window Not Found: [VisibleOnly]ControlType='Window' &amp;&amp; Name='Personal Lines' &amp;&amp; ClassName='#32770'
\0
E, 3504, 27, 2013/05/23, 17:41:59.703, 2853775818561, QTAgent32.exe, &lt;a class=failure&gt;Playback - {92} [FAILED] Function ElementFetcher::FindScreenElement failed to locate UI element (Searching: ;[VisibleOnly]ControlType='Window' &amp;&amp; Name='Personal Lines' &amp;&amp; ClassName='#32770') (The object specified was not found.)
\0&lt;/a&gt;
E, 3504, 27, 2013/05/23, 17:41:59.797, 2853777154004, QTAgent32.exe, Playback - [IMAGE] C:\Users\testuser\AppData\Local\Temp\UITestLogs\LastRun\RPF40DA.png
\0
W, 3504, 27, 2013/05/23, 17:41:59.797, 2853777156815, QTAgent32.exe, Playback - [WARNING] Internal warning: Couldn't find descendants that match QueryId
\0
W, 3504, 27, 2013/05/23, 17:41:59.797, 2853777160443, QTAgent32.exe, PERF WARNING: FindTopLevelWindowHelper::FindAllDescendents: took 7697 ms. Expected it to take maximum 500 ms.
W, 3504, 27, 2013/05/23, 17:42:19.116, 2854053767030, QTAgent32.exe, Playback - [WARNING] Internal warning: Window Not Found: [VisibleOnly]ControlType='Window' &amp;&amp; Name='Personal Lines' &amp;&amp; ClassName='#32770'
\0
E, 3504, 27, 2013/05/23, 17:42:19.116, 2854053776125, QTAgent32.exe, &lt;a class=failure&gt;Playback - {93} [FAILED] Function ElementFetcher::FindScreenElement failed to locate UI element (Searching: ;[VisibleOnly]ControlType='Window' &amp;&amp; Name='Personal Lines' &amp;&amp; ClassName='#32770') (The object specified was not found.)
\0&lt;/a&gt;
E, 3504, 27, 2013/05/23, 17:42:19.196, 2854054920031, QTAgent32.exe, Playback - [IMAGE] C:\Users\testuser\AppData\Local\Temp\UITestLogs\LastRun\RPF8CA9.png
\0
W, 3504, 27, 2013/05/23, 17:42:19.196, 2854054922558, QTAgent32.exe, Playback - [WARNING] Internal warning: Couldn't find descendants that match QueryId
\0
W, 3504, 27, 2013/05/23, 17:42:19.197, 2854054930202, QTAgent32.exe, PERF WARNING: FindTopLevelWindowHelper::FindAllDescendents: took 19399 ms. Expected it to take maximum 500 ms.
W, 3504, 27, 2013/05/23, 17:42:21.840, 2854092772788, QTAgent32.exe, Playback - [WARNING] Internal warning: Smart Match failed
\0
W, 3504, 27, 2013/05/23, 17:42:23.225, 2854112601347, QTAgent32.exe, Playback - [WARNING] Internal warning: Window Not Found: [VisibleOnly]ControlType='Window' &amp;&amp; Name='Personal Lines' &amp;&amp; ClassName='#32770'
\0
E, 3504, 27, 2013/05/23, 17:42:23.225, 2854112605413, QTAgent32.exe, &lt;a class=failure&gt;Playback - {94} [FAILED] Function ElementFetcher::FindScreenElement failed to locate UI element (Searching: ;[VisibleOnly]ControlType='Window' &amp;&amp; Name='Personal Lines' &amp;&amp; ClassName='#32770') (The object specified was not found.)
\0&lt;/a&gt;
E, 3504, 27, 2013/05/23, 17:42:23.306, 2854113771166, QTAgent32.exe, Playback - [IMAGE] C:\Users\testuser\AppData\Local\Temp\UITestLogs\LastRun\RPF9CC1.png
\0
W, 3504, 27, 2013/05/23, 17:42:23.307, 2854113773675, QTAgent32.exe, Playback - [WARNING] Internal warning: Couldn't find descendants that match QueryId
\0
W, 3504, 27, 2013/05/23, 17:42:23.307, 2854113777187, QTAgent32.exe, PERF WARNING: FindTopLevelWindowHelper::FindAllDescendents: took 4109 ms. Expected it to take maximum 500 ms.
E, 3504, 27, 2013/05/23, 17:42:23.307, 2854113779068, QTAgent32.exe, Exception: System.Runtime.InteropServices.COMException
	Message: Error HRESULT E_FAIL has been returned from a call to a COM component.
	Stack Trace:    at Microsoft.VisualStudio.TestTools.UITest.Playback.Engine.IRPFPlayback.FindAllScreenElements(IScreenElement pScreenElementStart, String bstrQueryId, Object&amp; pvarResKeys, Int32 cResKeys, Int32 nMaxDepth, Object[]&amp; foundDescendants)
   at Microsoft.VisualStudio.TestTools.UITest.Playback.ScreenElement.FindTopLevelWindowHelper(String queryId)
	BaseExceptionMessage: Error HRESULT E_FAIL has been returned from a call to a COM component.

E, 3504, 27, 2013/05/23, 17:42:23.307, 2854113784760, QTAgent32.exe, Window 199134 not responding. Last Win32 error 0
E, 3504, 27, 2013/05/23, 17:42:23.307, 2854113786198, QTAgent32.exe, GetClassName for handle 199134 failed
E, 3504, 27, 2013/05/23, 17:42:23.422, 2854115419710, QTAgent32.exe, AL: Playback Error: Microsoft.VisualStudio.TestTools.UITest.Extension.UITestControlNotAvailableException: The control is not available or not valid. Additional Details: 
TechnologyName:  'MSAA'
Name:  'Personal Lines'
ClassName:  '#32770'
ControlType:  'Window'
 ---&gt; System.Runtime.InteropServices.COMException: Error HRESULT E_FAIL has been returned from a call to a COM component.
   at Microsoft.VisualStudio.TestTools.UITest.Playback.Engine.IRPFPlayback.FindAllScreenElements(IScreenElement pScreenElementStart, String bstrQueryId, Object&amp; pvarResKeys, Int32 cResKeys, Int32 nMaxDepth, Object[]&amp; foundDescendants)
   at Microsoft.VisualStudio.TestTools.UITest.Playback.ScreenElement.FindTopLevelWindowHelper(String queryId)
   at Microsoft.VisualStudio.TestTools.UITest.Playback.ScreenElement.FindFromPartialQueryId(String queryId)
   at Microsoft.VisualStudio.TestTools.UITesting.UITestControl.EnsureValid(Boolean waitForReady, Boolean refetch)
   --- End of inner exception stack trace ---
   at Microsoft.VisualStudio.TestTools.UITesting.UITestControl.EnsureValid(Boolean waitForReady, Boolean refetch)
   at Microsoft.VisualStudio.TestTools.UITesting.UITestControl.FindFirstDescendant(String queryId, Int32 maxDepth, Int32&amp; timeLeft)
   at Microsoft.VisualStudio.TestTools.UITesting.SearchHelper.GetElement(Boolean useCache, ISearchArgument searchArg)
   at Microsoft.VisualStudio.TestTools.UITesting.SearchHelper.Search(ISearchArgument searchArg)
   at Microsoft.VisualStudio.TestTools.UITesting.UITestControl.FindInternal()
   at Microsoft.VisualStudio.TestTools.UITesting.UITestControl.FindControlIfNecessary()
   at Microsoft.VisualStudio.TestTools.UITesting.UITestControl.Click(MouseButtons button, ModifierKeys modifierKeys, Point relativeCoordinates)
   at Microsoft.VisualStudio.TestTools.UITesting.Mouse.ClickImplementation(UITestControl control, MouseButtons button, ModifierKeys modifierKeys, Point relativeCoordinate)
   at Microsoft.VisualStudio.TestTools.UITesting.Mouse.ClickImplementationWrapper(UITestControl control, MouseButtons button, ModifierKeys modifierKeys, Point relativeCoordinate)
W, 3504, 27, 2013/05/23, 17:42:23.422, 2854115423177, QTAgent32.exe, PlaybackErrorHandler: Ignoring exception as ContinueOnError is set.
W, 3504, 27, 2013/05/23, 17:42:23.785, 2854120623321, QTAgent32.exe, &lt;a class=success&gt;Playback - {95} [SUCCESS] MouseButtonClick - "[MSAA, VisibleOnly]ControlType='Button' &amp;&amp; Name='Ok'"
\0&lt;/a&gt;
W, 3504, 27, 2013/05/23, 17:42:24.075, 2854124772751, QTAgent32.exe, &lt;a class=success&gt;Playback - {96} [SUCCESS] MouseButtonClick - "[MSAA, VisibleOnly]ControlType='Button' &amp;&amp; Name='Ok'"
\0&lt;/a&gt;
W, 3504, 27, 2013/05/23, 17:42:25.460, 2854144600001, QTAgent32.exe, &lt;a class=success&gt;Playback - {97} [SUCCESS] SetValueAsEditBox "B338TH" - "[MSAA, VisibleOnly]ControlType='Edit'"  &lt; Set via SendKeys &gt;
\0&lt;/a&gt;
W, 3504, 27, 2013/05/23, 17:42:27.692, 2854176569607, QTAgent32.exe, &lt;a class=success&gt;Playback - {98} [SUCCESS] MouseButtonClick - "[MSAA, VisibleOnly]ControlType='Button' &amp;&amp; Name='Lookup...'"
\0&lt;/a&gt;
W, 3504, 27, 2013/05/23, 17:42:27.945, 2854180184804, QTAgent32.exe, &lt;a class=success&gt;Playback - {99} [SUCCESS] MouseButtonClick - "[MSAA, VisibleOnly]ControlType='Button' &amp;&amp; Name='Ok'"
\0&lt;/a&gt;
W, 3504, 27, 2013/05/23, 17:42:28.261, 2854184710022, QTAgent32.exe, &lt;a class=success&gt;Playback - {100} [SUCCESS] MouseButtonClick - "[MSAA, VisibleOnly]ControlType='Button' &amp;&amp; Name='Confirm'"
\0&lt;/a&gt;
W, 3504, 27, 2013/05/23, 17:42:46.654, 2854448059308, QTAgent32.exe, Playback - [WARNING] Internal warning: Window Not Found: [VisibleOnly]ControlType='Window' &amp;&amp; Name='Personal Lines' &amp;&amp; ClassName='#32770'
\0
E, 3504, 27, 2013/05/23, 17:42:46.654, 2854448066835, QTAgent32.exe, &lt;a class=failure&gt;Playback - {101} [FAILED] Function ElementFetcher::FindScreenElement failed to locate UI element (Searching: ;[VisibleOnly]ControlType='Window' &amp;&amp; Name='Personal Lines' &amp;&amp; ClassName='#32770') (The object specified was not found.)
\0&lt;/a&gt;
E, 3504, 27, 2013/05/23, 17:42:46.744, 2854449355101, QTAgent32.exe, Playback - [IMAGE] C:\Users\testuser\AppData\Local\Temp\UITestLogs\LastRun\RPFF83A.png
\0
W, 3504, 27, 2013/05/23, 17:42:46.744, 2854449357883, QTAgent32.exe, Playback - [WARNING] Internal warning: Couldn't find descendants that match QueryId
\0
W, 3504, 27, 2013/05/23, 17:42:46.745, 2854449367110, QTAgent32.exe, PERF WARNING: FindTopLevelWindowHelper::FindAllDescendents: took 18383 ms. Expected it to take maximum 500 ms.
W, 3504, 27, 2013/05/23, 17:43:05.923, 2854723959834, QTAgent32.exe, Playback - [WARNING] Internal warning: Window Not Found: [VisibleOnly]ControlType='Window' &amp;&amp; Name='Personal Lines' &amp;&amp; ClassName='#32770'
\0
E, 3504, 27, 2013/05/23, 17:43:05.923, 2854723967010, QTAgent32.exe, &lt;a class=failure&gt;Playback - {102} [FAILED] Function ElementFetcher::FindScreenElement failed to locate UI element (Searching: ;[VisibleOnly]ControlType='Window' &amp;&amp; Name='Personal Lines' &amp;&amp; ClassName='#32770') (The object specified was not found.)
\0&lt;/a&gt;
E, 3504, 27, 2013/05/23, 17:43:06.019, 2854725334373, QTAgent32.exe, Playback - [IMAGE] C:\Users\testuser\AppData\Local\Temp\UITestLogs\LastRun\RPF438C.png
\0
W, 3504, 27, 2013/05/23, 17:43:06.019, 2854725337065, QTAgent32.exe, Playback - [WARNING] Internal warning: Couldn't find descendants that match QueryId
\0
W, 3504, 27, 2013/05/23, 17:43:06.019, 2854725343329, QTAgent32.exe, PERF WARNING: FindTopLevelWindowHelper::FindAllDescendents: took 19274 ms. Expected it to take maximum 500 ms.
W, 3504, 27, 2013/05/23, 17:43:08.681, 2854763442836, QTAgent32.exe, Playback - [WARNING] Internal warning: Smart Match failed
\0
W, 3504, 27, 2013/05/23, 17:43:10.062, 2854783221024, QTAgent32.exe, Playback - [WARNING] Internal warning: Window Not Found: [VisibleOnly]ControlType='Window' &amp;&amp; Name='Personal Lines' &amp;&amp; ClassName='#32770'
\0
E, 3504, 27, 2013/05/23, 17:43:10.062, 2854783224888, QTAgent32.exe, &lt;a class=failure&gt;Playback - {103} [FAILED] Function ElementFetcher::FindScreenElement failed to locate UI element (Searching: ;[VisibleOnly]ControlType='Window' &amp;&amp; Name='Personal Lines' &amp;&amp; ClassName='#32770') (The object specified was not found.)
\0&lt;/a&gt;
E, 3504, 27, 2013/05/23, 17:43:10.144, 2854784398782, QTAgent32.exe, Playback - [IMAGE] C:\Users\testuser\AppData\Local\Temp\UITestLogs\LastRun\RPF53B3.png
\0
W, 3504, 27, 2013/05/23, 17:43:10.144, 2854784401343, QTAgent32.exe, Playback - [WARNING] Internal warning: Couldn't find descendants that match QueryId
\0
W, 3504, 27, 2013/05/23, 17:43:10.144, 2854784404252, QTAgent32.exe, PERF WARNING: FindTopLevelWindowHelper::FindAllDescendents: took 4124 ms. Expected it to take maximum 500 ms.
E, 3504, 27, 2013/05/23, 17:43:10.144, 2854784406239, QTAgent32.exe, Exception: System.Runtime.InteropServices.COMException
	Message: Error HRESULT E_FAIL has been returned from a call to a COM component.
	Stack Trace:    at Microsoft.VisualStudio.TestTools.UITest.Playback.Engine.IRPFPlayback.FindAllScreenElements(IScreenElement pScreenElementStart, String bstrQueryId, Object&amp; pvarResKeys, Int32 cResKeys, Int32 nMaxDepth, Object[]&amp; foundDescendants)
   at Microsoft.VisualStudio.TestTools.UITest.Playback.ScreenElement.FindTopLevelWindowHelper(String queryId)
	BaseExceptionMessage: Error HRESULT E_FAIL has been returned from a call to a COM component.

E, 3504, 27, 2013/05/23, 17:43:10.145, 2854784411135, QTAgent32.exe, Window 199134 not responding. Last Win32 error 0
E, 3504, 27, 2013/05/23, 17:43:10.145, 2854784412590, QTAgent32.exe, GetClassName for handle 199134 failed
E, 3504, 27, 2013/05/23, 17:43:10.247, 2854785868302, QTAgent32.exe, AL: Playback Error: Microsoft.VisualStudio.TestTools.UITest.Extension.UITestControlNotAvailableException: The control is not available or not valid. Additional Details: 
TechnologyName:  'MSAA'
Name:  'Personal Lines'
ClassName:  '#32770'
ControlType:  'Window'
 ---&gt; System.Runtime.InteropServices.COMException: Error HRESULT E_FAIL has been returned from a call to a COM component.
   at Microsoft.VisualStudio.TestTools.UITest.Playback.Engine.IRPFPlayback.FindAllScreenElements(IScreenElement pScreenElementStart, String bstrQueryId, Object&amp; pvarResKeys, Int32 cResKeys, Int32 nMaxDepth, Object[]&amp; foundDescendants)
   at Microsoft.VisualStudio.TestTools.UITest.Playback.ScreenElement.FindTopLevelWindowHelper(String queryId)
   at Microsoft.VisualStudio.TestTools.UITest.Playback.ScreenElement.FindFromPartialQueryId(String queryId)
   at Microsoft.VisualStudio.TestTools.UITesting.UITestControl.EnsureValid(Boolean waitForReady, Boolean refetch)
   --- End of inner exception stack trace ---
   at Microsoft.VisualStudio.TestTools.UITesting.UITestControl.EnsureValid(Boolean waitForReady, Boolean refetch)
   at Microsoft.VisualStudio.TestTools.UITesting.UITestControl.FindFirstDescendant(String queryId, Int32 maxDepth, Int32&amp; timeLeft)
   at Microsoft.VisualStudio.TestTools.UITesting.SearchHelper.GetElement(Boolean useCache, ISearchArgument searchArg)
   at Microsoft.VisualStudio.TestTools.UITesting.SearchHelper.Search(ISearchArgument searchArg)
   at Microsoft.VisualStudio.TestTools.UITesting.UITestControl.FindInternal()
   at Microsoft.VisualStudio.TestTools.UITesting.UITestControl.FindControlIfNecessary()
   at Microsoft.VisualStudio.TestTools.UITesting.UITestControl.Click(MouseButtons button, ModifierKeys modifierKeys, Point relativeCoordinates)
   at Microsoft.VisualStudio.TestTools.UITesting.Mouse.ClickImplementation(UITestControl control, MouseButtons button, ModifierKeys modifierKeys, Point relativeCoordinate)
   at Microsoft.VisualStudio.TestTools.UITesting.Mouse.ClickImplementationWrapper(UITestControl control, MouseButtons button, ModifierKeys modifierKeys, Point relativeCoordinate)
W, 3504, 27, 2013/05/23, 17:43:10.247, 2854785871693, QTAgent32.exe, PlaybackErrorHandler: Ignoring exception as ContinueOnError is set.
W, 3504, 27, 2013/05/23, 17:43:10.394, 2854787979826, QTAgent32.exe, &lt;a class=success&gt;Playback - {104} [SUCCESS] Check - "[MSAA, VisibleOnly]ControlType='CheckBox' &amp;&amp; Name='Defer Printing?'"
\0&lt;/a&gt;
W, 3504, 27, 2013/05/23, 17:43:11.664, 2854806162803, QTAgent32.exe, &lt;a class=success&gt;Playback - {105} [SUCCESS] MouseButtonClick - "[MSAA, VisibleOnly]ControlType='Button' &amp;&amp; Name='Ok'"
\0&lt;/a&gt;
W, 3504, 27, 2013/05/23, 17:43:12.809, 2854822548571, QTAgent32.exe, PERF WARNING: FindTopLevelWindowHelper::FindAllDescendents: took 1044 ms. Expected it to take maximum 500 ms.
W, 3504, 27, 2013/05/23, 17:43:12.955, 2854824644598, QTAgent32.exe, &lt;a class=success&gt;Playback - {106} [SUCCESS] Uncheck - "[MSAA, VisibleOnly]ControlType='CheckBox' &amp;&amp; Name='Add Activity'"
\0&lt;/a&gt;
W, 3504, 27, 2013/05/23, 17:43:13.546, 2854833112339, QTAgent32.exe, &lt;a class=success&gt;Playback - {107} [SUCCESS] MouseButtonClick - "[MSAA, VisibleOnly]ControlType='Button' &amp;&amp; Name='Ok'"
\0&lt;/a&gt;
W, 3504, 27, 2013/05/23, 17:43:13.829, 2854837156847, QTAgent32.exe, &lt;a class=success&gt;Playback - {108} [SUCCESS] MouseButtonClick - "[MSAA, VisibleOnly]ControlType='Button' &amp;&amp; Name='Ok'"
\0&lt;/a&gt;
W, 3504, 27, 2013/05/23, 17:43:19.056, 2854912002323, QTAgent32.exe, Playback - [WARNING] Internal warning: Window Not Found: [VisibleOnly]ControlType='Window' &amp;&amp; Name='Transaction to insert' &amp;&amp; ClassName='TfSelectItem'
\0
E, 3504, 27, 2013/05/23, 17:43:19.057, 2854912013469, QTAgent32.exe, &lt;a class=failure&gt;Playback - {109} [FAILED] Function ElementFetcher::FindScreenElement failed to locate UI element (Searching: ;[VisibleOnly]ControlType='Window' &amp;&amp; Name='Transaction to insert' &amp;&amp; ClassName='TfSelectItem') (The object specified was not found.)
\0&lt;/a&gt;
E, 3504, 27, 2013/05/23, 17:43:19.141, 2854913227226, QTAgent32.exe, Playback - [IMAGE] C:\Users\testuser\AppData\Local\Temp\UITestLogs\LastRun\RPF76DE.png
\0
W, 3504, 27, 2013/05/23, 17:43:19.142, 2854913229829, QTAgent32.exe, Playback - [WARNING] Internal warning: Couldn't find descendants that match QueryId
\0
W, 3504, 27, 2013/05/23, 17:43:19.142, 2854913237902, QTAgent32.exe, PERF WARNING: FindTopLevelWindowHelper::FindAllDescendents: took 5213 ms. Expected it to take maximum 500 ms.
W, 3504, 27, 2013/05/23, 17:43:37.571, 2855177110363, QTAgent32.exe, Playback - [WARNING] Internal warning: Window Not Found: [VisibleOnly]ControlType='Window' &amp;&amp; Name='Transaction to insert' &amp;&amp; ClassName='TfSelectItem'
\0
E, 3504, 27, 2013/05/23, 17:43:37.572, 2855177116577, QTAgent32.exe, &lt;a class=failure&gt;Playback - {110} [FAILED] Function ElementFetcher::FindScreenElement failed to locate UI element (Searching: ;[VisibleOnly]ControlType='Window' &amp;&amp; Name='Transaction to insert' &amp;&amp; ClassName='TfSelectItem') (The object specified was not found.)
\0&lt;/a&gt;
E, 3504, 27, 2013/05/23, 17:43:37.660, 2855178380304, QTAgent32.exe, Playback - [IMAGE] C:\Users\testuser\AppData\Local\Temp\UITestLogs\LastRun\RPFBF24.png
\0
W, 3504, 27, 2013/05/23, 17:43:37.660, 2855178382889, QTAgent32.exe, Playback - [WARNING] Internal warning: Couldn't find descendants that match QueryId
\0
W, 3504, 27, 2013/05/23, 17:43:37.661, 2855178389261, QTAgent32.exe, PERF WARNING: FindTopLevelWindowHelper::FindAllDescendents: took 18517 ms. Expected it to take maximum 500 ms.
W, 3504, 27, 2013/05/23, 17:43:38.406, 2855189059847, QTAgent32.exe, Playback - [WARNING] Internal warning: Smart Match failed
\0
W, 3504, 27, 2013/05/23, 17:43:39.242, 2855201034128, QTAgent32.exe, Playback - [WARNING] Internal warning: Smart Match failed
\0
W, 3504, 27, 2013/05/23, 17:43:40.101, 2855213320367, QTAgent32.exe, Playback - [WARNING] Internal warning: Smart Match failed
\0
W, 3504, 27, 2013/05/23, 17:43:40.927, 2855225156089, QTAgent32.exe, Playback - [WARNING] Internal warning: Smart Match failed
\0
W, 3504, 27, 2013/05/23, 17:43:41.424, 2855232276117, QTAgent32.exe, Playback - [WARNING] Internal warning: Window Not Found: [VisibleOnly]ControlType='Window' &amp;&amp; Name='Transaction to insert' &amp;&amp; ClassName='TfSelectItem'
\0
E, 3504, 27, 2013/05/23, 17:43:41.425, 2855232279370, QTAgent32.exe, &lt;a class=failure&gt;Playback - {111} [FAILED] Function ElementFetcher::FindScreenElement failed to locate UI element (Searching: ;[VisibleOnly]ControlType='Window' &amp;&amp; Name='Transaction to insert' &amp;&amp; ClassName='TfSelectItem') (The object specified was not found.)
\0&lt;/a&gt;
E, 3504, 27, 2013/05/23, 17:43:41.507, 2855233455529, QTAgent32.exe, Playback - [IMAGE] C:\Users\testuser\AppData\Local\Temp\UITestLogs\LastRun\RPFCE33.png
\0
W, 3504, 27, 2013/05/23, 17:43:41.507, 2855233458130, QTAgent32.exe, Playback - [WARNING] Internal warning: Couldn't find descendants that match QueryId
\0
W, 3504, 27, 2013/05/23, 17:43:41.507, 2855233461543, QTAgent32.exe, PERF WARNING: FindTopLevelWindowHelper::FindAllDescendents: took 3845 ms. Expected it to take maximum 500 ms.
E, 3504, 27, 2013/05/23, 17:43:41.507, 2855233463411, QTAgent32.exe, Exception: System.Runtime.InteropServices.COMException
	Message: Error HRESULT E_FAIL has been returned from a call to a COM component.
	Stack Trace:    at Microsoft.VisualStudio.TestTools.UITest.Playback.Engine.IRPFPlayback.FindAllScreenElements(IScreenElement pScreenElementStart, String bstrQueryId, Object&amp; pvarResKeys, Int32 cResKeys, Int32 nMaxDepth, Object[]&amp; foundDescendants)
   at Microsoft.VisualStudio.TestTools.UITest.Playback.ScreenElement.FindTopLevelWindowHelper(String queryId)
	BaseExceptionMessage: Error HRESULT E_FAIL has been returned from a call to a COM component.

E, 3504, 27, 2013/05/23, 17:43:41.508, 2855233468736, QTAgent32.exe, Window 3540326 not responding. Last Win32 error 0
E, 3504, 27, 2013/05/23, 17:43:41.508, 2855233470010, QTAgent32.exe, GetClassName for handle 3540326 failed
E, 3504, 27, 2013/05/23, 17:43:41.508, 2855233477568, QTAgent32.exe, Window 133506 not responding. Last Win32 error 1400
E, 3504, 27, 2013/05/23, 17:43:41.508, 2855233478450, QTAgent32.exe, GetClassName for handle 133506 failed
E, 3504, 27, 2013/05/23, 17:43:41.618, 2855235043992, QTAgent32.exe, AL: Playback Error: Microsoft.VisualStudio.TestTools.UITest.Extension.UITestControlNotAvailableException: The control is not available or not valid. Additional Details: 
TechnologyName:  'MSAA'
Name:  'Ok'
ControlType:  'Button'
 ---&gt; Microsoft.VisualStudio.TestTools.UITest.Extension.UITestControlNotAvailableException: The control is not available or not valid. Additional Details: 
TechnologyName:  'MSAA'
Name:  'Transaction to insert'
ClassName:  'TfSelectItem'
ControlType:  'Window'
 ---&gt; System.Runtime.InteropServices.COMException: Error HRESULT E_FAIL has been returned from a call to a COM component.
   at Microsoft.VisualStudio.TestTools.UITest.Playback.Engine.IRPFPlayback.FindAllScreenElements(IScreenElement pScreenElementStart, String bstrQueryId, Object&amp; pvarResKeys, Int32 cResKeys, Int32 nMaxDepth, Object[]&amp; foundDescendants)
   at Microsoft.VisualStudio.TestTools.UITest.Playback.ScreenElement.FindTopLevelWindowHelper(String queryId)
   at Microsoft.VisualStudio.TestTools.UITest.Playback.ScreenElement.FindFromPartialQueryId(String queryId)
   at Microsoft.VisualStudio.TestTools.UITesting.UITestControl.EnsureValid(Boolean waitForReady, Boolean refetch)
   --- End of inner exception stack trace ---
   at Microsoft.VisualStudio.TestTools.UITesting.UITestControl.EnsureValid(Boolean waitForReady, Boolean refetch)
   at Microsoft.VisualStudio.TestTools.UITesting.UITestControl.FindFirstDescendant(String queryId, Int32 maxDepth, Int32&amp; timeLeft)
   at Microsoft.VisualStudio.TestTools.UITesting.UITestControl.FindFirstDescendant(String queryId)
   at Microsoft.VisualStudio.TestTools.UITesting.UITestControl.EnsureValid(Boolean waitForReady, Boolean refetch)
   --- End of inner exception stack trace ---
   at Microsoft.VisualStudio.TestTools.UITesting.UITestControl.EnsureValid(Boolean waitForReady, Boolean refetch)
   at Microsoft.VisualStudio.TestTools.UITesting.UITestControl.Click(MouseButtons button, ModifierKeys modifierKeys, Point relativeCoordinates)
   at Microsoft.VisualStudio.TestTools.UITesting.Mouse.ClickImplementation(UITestControl control, MouseButtons button, ModifierKeys modifierKeys, Point relativeCoordinate)
   at Microsoft.VisualStudio.TestTools.UITesting.Mouse.ClickImplementationWrapper(UITestControl control, MouseButtons button, ModifierKeys modifierKeys, Point relativeCoordinate)
W, 3504, 27, 2013/05/23, 17:43:41.619, 2855235064910, QTAgent32.exe, PlaybackErrorHandler: Ignoring exception as ContinueOnError is set.
W, 3504, 27, 2013/05/23, 17:43:43.803, 2855266327188, QTAgent32.exe, &lt;a class=success&gt;Playback - {112} [SUCCESS] MouseButtonClick - "[MSAA, VisibleOnly]ControlType='Button' &amp;&amp; Name='OK'"
\0&lt;/a&gt;
W, 3504, 27, 2013/05/23, 17:43:44.131, 2855271034411, QTAgent32.exe, &lt;a class=success&gt;Playback - {113} [SUCCESS] MouseButtonClick - "[MSAA, VisibleOnly]ControlType='Button' &amp;&amp; Name='Cancel'"
\0&lt;/a&gt;
W, 3504, 27, 2013/05/23, 17:43:44.539, 2855276875656, QTAgent32.exe, &lt;a class=success&gt;Playback - {114} [SUCCESS] MouseButtonClick - "[MSAA, VisibleOnly]ControlType='Button'"
\0&lt;/a&gt;
W, 3504, 27, 2013/05/23, 17:43:45.169, 2855285889372, QTAgent32.exe, &lt;a class=success&gt;Playback - {115} [SUCCESS] MouseButtonClick - "[MSAA, VisibleOnly]ControlType='Button' &amp;&amp; Name='Detail'"
\0&lt;/a&gt;
W, 3504, 27, 2013/05/23, 17:43:45.438, 2855289746967, QTAgent32.exe, &lt;a class=success&gt;Playback - {116} [SUCCESS] MouseButtonClick - "[MSAA, VisibleOnly]ControlType='Edit'"
\0&lt;/a&gt;
W, 3504, 27, 2013/05/23, 17:44:09.394, 2855632755880, QTAgent32.exe, IEDOM : StopSession of the plugin called before StartSession
W, 3504, 27, 2013/05/23, 17:44:09.395, 2855632759660, QTAgent32.exe, UIA : StopSession of the plugin called before StartSession
</DebugTrace>
      </Output>
    </UnitTestResult>
    <UnitTestResult executionId="515faf36-4416-4443-a578-8a55f0d3df01" testId="f613b012-21a1-0866-908e-8b12c2d22d2b" testName="HouseSaveQuoteWithoutPremium" computerName="ICLVDEVTM02" duration="00:03:41.2758116" startTime="2013-05-23T17:44:09.4693181+01:00" endTime="2013-05-23T17:47:50.8754331+01:00" testType="13cdc9d9-ddb5-4fa4-a97d-d965ccfc6d4b" outcome="Failed" testListId="8c84fa94-04c1-424b-9868-57a2d4851a1d" relativeResultsDirectory="515faf36-4416-4443-a578-8a55f0d3df01">
      <Output>
        <DebugTrace>W, 3504, 25, 2013/05/23, 17:44:19.737, 2855780842557, QTAgent32.exe, &lt;a class=success&gt;Playback - {1} [SUCCESS] MouseButtonClick - "[MSAA, VisibleOnly]ControlType='Edit'"
\0&lt;/a&gt;
W, 3504, 25, 2013/05/23, 17:44:20.202, 2855787502572, QTAgent32.exe, &lt;a class=success&gt;Playback - {2} [SUCCESS] SendKeys "[*]" - "[MSAA, VisibleOnly]ControlType='Edit'"
\0&lt;/a&gt;
W, 3504, 25, 2013/05/23, 17:44:21.003, 2855798974589, QTAgent32.exe, &lt;a class=success&gt;Playback - {3} [SUCCESS] MouseButtonClick - "[MSAA, VisibleOnly]ControlType='Button' &amp;&amp; Name='OK'"
\0&lt;/a&gt;
W, 3504, 25, 2013/05/23, 17:44:21.344, 2855803857578, QTAgent32.exe, &lt;a class=success&gt;Playback - {4} [SUCCESS] SendKeys "^{HOME}" - "[MSAA, VisibleOnly]ControlType='Edit'"
\0&lt;/a&gt;
E, 3504, 25, 2013/05/23, 17:44:21.344, 2855803860936, QTAgent32.exe, Msaa.GetFocusedElement: could not find accessible object of foreground window
W, 3504, 25, 2013/05/23, 17:44:21.415, 2855804871702, QTAgent32.exe, &lt;a class=success&gt;Playback - {5} [SUCCESS] SendKeys "^+{END}" - "[MSAA, VisibleOnly]ControlType='Edit'"
\0&lt;/a&gt;
E, 3504, 25, 2013/05/23, 17:44:21.416, 2855804886675, QTAgent32.exe, Msaa.GetFocusedElement: could not find accessible object of foreground window
W, 3504, 25, 2013/05/23, 17:44:21.527, 2855806482007, QTAgent32.exe, &lt;a class=success&gt;Playback - {6} [SUCCESS] SendKeys "{DELETE}" - "[MSAA, VisibleOnly]ControlType='Edit'"
\0&lt;/a&gt;
W, 3504, 25, 2013/05/23, 17:44:22.011, 2855813409436, QTAgent32.exe, &lt;a class=success&gt;Playback - {7} [SUCCESS] SetValueAsEditBox "23/05/2013" - "[MSAA, VisibleOnly]ControlType='Edit'"  &lt; Set via SendKeys &gt;
\0&lt;/a&gt;
W, 3504, 25, 2013/05/23, 17:44:22.585, 2855821626164, QTAgent32.exe, Playback - [WARNING] Internal warning: Incorrect flag set for InvokeProgrammaticAction\0
W, 3504, 25, 2013/05/23, 17:44:22.714, 2855823461919, QTAgent32.exe, &lt;a class=success&gt;Playback - {8} [SUCCESS] SetValueAsComboBox "May" - "[MSAA, VisibleOnly]ControlType='ComboBox'"  &lt; SetValueAsComboBox, set by clicking on the item in the list box &gt;
\0&lt;/a&gt;
W, 3504, 25, 2013/05/23, 17:44:23.014, 2855827757019, QTAgent32.exe, &lt;a class=success&gt;Playback - {9} [SUCCESS] SendKeys "^{HOME}" - "[MSAA, VisibleOnly]ControlType='Edit'"
\0&lt;/a&gt;
E, 3504, 25, 2013/05/23, 17:44:23.014, 2855827760357, QTAgent32.exe, Msaa.GetFocusedElement: could not find accessible object of foreground window
W, 3504, 25, 2013/05/23, 17:44:23.072, 2855828594542, QTAgent32.exe, &lt;a class=success&gt;Playback - {10} [SUCCESS] SendKeys "^+{END}" - "[MSAA, VisibleOnly]ControlType='Edit'"
\0&lt;/a&gt;
E, 3504, 25, 2013/05/23, 17:44:23.072, 2855828597812, QTAgent32.exe, Msaa.GetFocusedElement: could not find accessible object of foreground window
W, 3504, 25, 2013/05/23, 17:44:23.088, 2855828818394, QTAgent32.exe, &lt;a class=success&gt;Playback - {11} [SUCCESS] SendKeys "{DELETE}" - "[MSAA, VisibleOnly]ControlType='Edit'"
\0&lt;/a&gt;
W, 3504, 25, 2013/05/23, 17:44:23.325, 2855832211377, QTAgent32.exe, &lt;a class=success&gt;Playback - {12} [SUCCESS] SetValueAsEditBox "2013" - "[MSAA, VisibleOnly]ControlType='Edit'"  &lt; Set via SendKeys &gt;
\0&lt;/a&gt;
W, 3504, 25, 2013/05/23, 17:44:23.543, 2855835343877, QTAgent32.exe, &lt;a class=success&gt;Playback - {13} [SUCCESS] MouseButtonClick - "[MSAA, VisibleOnly]ControlType='Button' &amp;&amp; Name='OK'"
\0&lt;/a&gt;
W, 3504, 25, 2013/05/23, 17:44:24.818, 2855853588761, QTAgent32.exe, Playback - [WARNING] Internal warning: Window Not Found: [VisibleOnly]ControlType='Window' &amp;&amp; Name='Warning' &amp;&amp; ClassName='#32770'
\0
E, 3504, 25, 2013/05/23, 17:44:24.818, 2855853591877, QTAgent32.exe, &lt;a class=failure&gt;Playback - {14} [FAILED] Function ElementFetcher::FindScreenElement failed to locate UI element (Searching: ;[VisibleOnly]ControlType='Window' &amp;&amp; Name='Warning' &amp;&amp; ClassName='#32770') (The object specified was not found.)
\0&lt;/a&gt;
E, 3504, 25, 2013/05/23, 17:44:24.900, 2855854764002, QTAgent32.exe, Playback - [IMAGE] C:\Users\testuser\AppData\Local\Temp\UITestLogs\LastRun\RPF77BB.png
\0
W, 3504, 25, 2013/05/23, 17:44:24.900, 2855854766621, QTAgent32.exe, Playback - [WARNING] Internal warning: Couldn't find descendants that match QueryId
\0
W, 3504, 25, 2013/05/23, 17:44:24.900, 2855854770055, QTAgent32.exe, PERF WARNING: FindTopLevelWindowHelper::FindAllDescendents: took 1239 ms. Expected it to take maximum 500 ms.
W, 3504, 25, 2013/05/23, 17:44:42.971, 2856113503880, QTAgent32.exe, Playback - [WARNING] Internal warning: Window Not Found: [VisibleOnly]ControlType='Window' &amp;&amp; Name='Warning' &amp;&amp; ClassName='#32770'
\0
E, 3504, 25, 2013/05/23, 17:44:42.971, 2856113508426, QTAgent32.exe, &lt;a class=failure&gt;Playback - {15} [FAILED] Function ElementFetcher::FindScreenElement failed to locate UI element (Searching: ;[VisibleOnly]ControlType='Window' &amp;&amp; Name='Warning' &amp;&amp; ClassName='#32770') (The object specified was not found.)
\0&lt;/a&gt;
E, 3504, 25, 2013/05/23, 17:44:43.054, 2856114692423, QTAgent32.exe, Playback - [IMAGE] C:\Users\testuser\AppData\Local\Temp\UITestLogs\LastRun\RPFBEAB.png
\0
W, 3504, 25, 2013/05/23, 17:44:43.054, 2856114694672, QTAgent32.exe, Playback - [WARNING] Internal warning: Couldn't find descendants that match QueryId
\0
W, 3504, 25, 2013/05/23, 17:44:43.054, 2856114699266, QTAgent32.exe, PERF WARNING: FindTopLevelWindowHelper::FindAllDescendents: took 18153 ms. Expected it to take maximum 500 ms.
W, 3504, 25, 2013/05/23, 17:44:43.574, 2856122143348, QTAgent32.exe, Playback - [WARNING] Internal warning: Smart Match failed
\0
W, 3504, 25, 2013/05/23, 17:44:43.992, 2856128129393, QTAgent32.exe, Playback - [WARNING] Internal warning: Smart Match failed
\0
W, 3504, 25, 2013/05/23, 17:44:44.387, 2856133787610, QTAgent32.exe, Playback - [WARNING] Internal warning: Smart Match failed
\0
W, 3504, 25, 2013/05/23, 17:44:44.781, 2856139431050, QTAgent32.exe, Playback - [WARNING] Internal warning: Smart Match failed
\0
W, 3504, 25, 2013/05/23, 17:44:45.161, 2856144875453, QTAgent32.exe, Playback - [WARNING] Internal warning: Smart Match failed
\0
W, 3504, 25, 2013/05/23, 17:44:45.535, 2856150221254, QTAgent32.exe, Playback - [WARNING] Internal warning: Smart Match failed
\0
W, 3504, 25, 2013/05/23, 17:44:45.899, 2856155437263, QTAgent32.exe, Playback - [WARNING] Internal warning: Smart Match failed
\0
W, 3504, 25, 2013/05/23, 17:44:46.147, 2856158990926, QTAgent32.exe, Playback - [WARNING] Internal warning: Window Not Found: [VisibleOnly]ControlType='Window' &amp;&amp; Name='Warning' &amp;&amp; ClassName='#32770'
\0
E, 3504, 25, 2013/05/23, 17:44:46.147, 2856158993906, QTAgent32.exe, &lt;a class=failure&gt;Playback - {16} [FAILED] Function ElementFetcher::FindScreenElement failed to locate UI element (Searching: ;[VisibleOnly]ControlType='Window' &amp;&amp; Name='Warning' &amp;&amp; ClassName='#32770') (The object specified was not found.)
\0&lt;/a&gt;
E, 3504, 25, 2013/05/23, 17:44:46.226, 2856160128510, QTAgent32.exe, Playback - [IMAGE] C:\Users\testuser\AppData\Local\Temp\UITestLogs\LastRun\RPFCB0A.png
\0
W, 3504, 25, 2013/05/23, 17:44:46.227, 2856160130902, QTAgent32.exe, Playback - [WARNING] Internal warning: Couldn't find descendants that match QueryId
\0
W, 3504, 25, 2013/05/23, 17:44:46.227, 2856160134376, QTAgent32.exe, PERF WARNING: FindTopLevelWindowHelper::FindAllDescendents: took 3173 ms. Expected it to take maximum 500 ms.
E, 3504, 25, 2013/05/23, 17:44:46.227, 2856160136619, QTAgent32.exe, Exception: System.Runtime.InteropServices.COMException
	Message: Error HRESULT E_FAIL has been returned from a call to a COM component.
	Stack Trace:    at Microsoft.VisualStudio.TestTools.UITest.Playback.Engine.IRPFPlayback.FindAllScreenElements(IScreenElement pScreenElementStart, String bstrQueryId, Object&amp; pvarResKeys, Int32 cResKeys, Int32 nMaxDepth, Object[]&amp; foundDescendants)
   at Microsoft.VisualStudio.TestTools.UITest.Playback.ScreenElement.FindTopLevelWindowHelper(String queryId)
	BaseExceptionMessage: Error HRESULT E_FAIL has been returned from a call to a COM component.

E, 3504, 25, 2013/05/23, 17:44:46.370, 2856162182863, QTAgent32.exe, AL: Playback Error: Microsoft.VisualStudio.TestTools.UITest.Extension.UITestControlNotFoundException: The playback failed to find the control with the given search properties. Additional Details: 
TechnologyName:  'MSAA'
ControlType:  'Window'
Name:  'Warning'
ClassName:  '#32770'
 ---&gt; System.Runtime.InteropServices.COMException: Error HRESULT E_FAIL has been returned from a call to a COM component.
   at Microsoft.VisualStudio.TestTools.UITest.Playback.Engine.IRPFPlayback.FindAllScreenElements(IScreenElement pScreenElementStart, String bstrQueryId, Object&amp; pvarResKeys, Int32 cResKeys, Int32 nMaxDepth, Object[]&amp; foundDescendants)
   at Microsoft.VisualStudio.TestTools.UITest.Playback.ScreenElement.FindTopLevelWindowHelper(String queryId)
   at Microsoft.VisualStudio.TestTools.UITest.Playback.ScreenElement.FindFromPartialQueryId(String queryId)
   at Microsoft.VisualStudio.TestTools.UITesting.UITestControl..ctor(String queryId)
   --- End of inner exception stack trace ---
   at Microsoft.VisualStudio.TestTools.UITesting.Playback.MapControlNotFoundException(COMException ex, IPlaybackContext context)
   at Microsoft.VisualStudio.TestTools.UITesting.Playback.MapAndThrowComException(COMException innerException, IPlaybackContext context)
   at Microsoft.VisualStudio.TestTools.UITesting.Playback.MapAndThrowException(SystemException exception, IPlaybackContext context)
   at Microsoft.VisualStudio.TestTools.UITesting.Playback.MapAndThrowException(SystemException exception, String queryId)
   at Microsoft.VisualStudio.TestTools.UITesting.UITestControl..ctor(String queryId)
   at Microsoft.VisualStudio.TestTools.UITesting.SearchHelper.SearchTopLevelWindow(ISearchArgument topLevelSearchArg, String topLevelElementQueryId)
   at Microsoft.VisualStudio.TestTools.UITesting.SearchHelper.GetTitleUpdatedTopLevelWindow(ISearchArgument topLevelSearchArg, String queryId, IList`1 windowTitles)
   at Microsoft.VisualStudio.TestTools.UITesting.SearchHelper.GetTopLevelElement(Boolean useCache, Boolean useCacheOnly, ISearchArgument searchArg, IList`1 windowTitles, Int32&amp; timeLeft)
   at Microsoft.VisualStudio.TestTools.UITesting.SearchHelper.GetElement(Boolean useCache, ISearchArgument searchArg)
   at Microsoft.VisualStudio.TestTools.UITesting.SearchHelper.Search(ISearchArgument searchArg)
   at Microsoft.VisualStudio.TestTools.UITesting.UITestControl.FindInternal()
   at Microsoft.VisualStudio.TestTools.UITesting.UITestControl.FindControlIfNecessary()
   at Microsoft.VisualStudio.TestTools.UITesting.UITestControl.Click(MouseButtons button, ModifierKeys modifierKeys, Point relativeCoordinates)
   at Microsoft.VisualStudio.TestTools.UITesting.Mouse.ClickImplementation(UITestControl control, MouseButtons button, ModifierKeys modifierKeys, Point relativeCoordinate)
   at Microsoft.VisualStudio.TestTools.UITesting.Mouse.ClickImplementationWrapper(UITestControl control, MouseButtons button, ModifierKeys modifierKeys, Point relativeCoordinate)
W, 3504, 25, 2013/05/23, 17:44:46.371, 2856162186468, QTAgent32.exe, PlaybackErrorHandler: Ignoring exception as ContinueOnError is set.
W, 3504, 25, 2013/05/23, 17:44:46.423, 2856162937900, QTAgent32.exe, &lt;a class=success&gt;Playback - {17} [SUCCESS] TypeString "#(R)"
\0&lt;/a&gt;
W, 3504, 25, 2013/05/23, 17:44:47.068, 2856172166178, QTAgent32.exe, PERF WARNING: FindTopLevelWindowHelper::FindAllDescendents: took 544 ms. Expected it to take maximum 500 ms.
W, 3504, 25, 2013/05/23, 17:44:47.603, 2856179828702, QTAgent32.exe, PERF WARNING: FindAllDescendents: took 533 ms. Expected it to take maximum 500 ms.
E, 3504, 25, 2013/05/23, 17:44:47.617, 2856180034687, QTAgent32.exe, Exception: System.ArgumentException
	Message: Value does not fall within the expected range.
	Stack Trace:    at Accessibility.IAccessible.get_accRole(Object varChild)
   at Microsoft.VisualStudio.TestTools.UITest.Extension.Msaa.AccWrapper.get_RoleInt()
	BaseExceptionMessage: Value does not fall within the expected range.

E, 3504, 25, 2013/05/23, 17:44:47.633, 2856180262257, QTAgent32.exe, Exception: System.ArgumentException
	Message: Value does not fall within the expected range.
	Stack Trace:    at Accessibility.IAccessible.get_accRole(Object varChild)
   at Microsoft.VisualStudio.TestTools.UITest.Extension.Msaa.AccWrapper.get_RoleInt()
	BaseExceptionMessage: Value does not fall within the expected range.

W, 3504, 25, 2013/05/23, 17:44:48.773, 2856196590166, QTAgent32.exe, &lt;a class=success&gt;Playback - {18} [SUCCESS] LeftButtonClick  &lt; Mouse cursor location (87, 908) &gt;
\0&lt;/a&gt;
W, 3504, 25, 2013/05/23, 17:44:50.397, 2856219835047, QTAgent32.exe, &lt;a class=success&gt;Playback - {19} [SUCCESS] SetValueAsEditBox "c:\TestProject7\office.reg"  &lt; Set via SendKeys &gt;
\0&lt;/a&gt;
W, 3504, 25, 2013/05/23, 17:44:50.397, 2856219837648, QTAgent32.exe, &lt;a class=success&gt;Playback - {20} [SUCCESS] SetValueAsComboBox "c:\TestProject7\office.reg" - "[MSAA, VisibleOnly]ControlType='ComboBox' &amp;&amp; Name='Open:'"  &lt; Set via SetValueAsEditBox &gt;
\0&lt;/a&gt;
W, 3504, 25, 2013/05/23, 17:44:50.702, 2856224201848, QTAgent32.exe, &lt;a class=success&gt;Playback - {21} [SUCCESS] MouseButtonClick - "[MSAA, VisibleOnly]ControlType='Button' &amp;&amp; Name='OK'"
\0&lt;/a&gt;
W, 3504, 25, 2013/05/23, 17:44:51.605, 2856237128427, QTAgent32.exe, Playback - [WARNING] Internal warning: Window Not Found: [VisibleOnly]ControlType='Window' &amp;&amp; Name='Registry Editor' &amp;&amp; ClassName='#32770'
\0
E, 3504, 25, 2013/05/23, 17:44:51.606, 2856237143234, QTAgent32.exe, &lt;a class=failure&gt;Playback - {22} [FAILED] Function ElementFetcher::FindScreenElement failed to locate UI element (Searching: ;[VisibleOnly]ControlType='Window' &amp;&amp; Name='Registry Editor' &amp;&amp; ClassName='#32770') (The object specified was not found.)
\0&lt;/a&gt;
E, 3504, 25, 2013/05/23, 17:44:51.825, 2856240286363, QTAgent32.exe, Playback - [IMAGE] C:\Users\testuser\AppData\Local\Temp\UITestLogs\LastRun\RPFE05F.png
\0
W, 3504, 25, 2013/05/23, 17:44:51.825, 2856240288717, QTAgent32.exe, Playback - [WARNING] Internal warning: Couldn't find descendants that match QueryId
\0
W, 3504, 25, 2013/05/23, 17:44:51.825, 2856240291497, QTAgent32.exe, PERF WARNING: FindTopLevelWindowHelper::FindAllDescendents: took 955 ms. Expected it to take maximum 500 ms.
W, 3504, 25, 2013/05/23, 17:44:52.265, 2856246588274, QTAgent32.exe, &lt;a class=success&gt;Playback - {23} [SUCCESS] MouseButtonClick - "[MSAA, VisibleOnly]ControlType='Button' &amp;&amp; Name='Yes'"
\0&lt;/a&gt;
W, 3504, 25, 2013/05/23, 17:44:52.634, 2856251873736, QTAgent32.exe, &lt;a class=success&gt;Playback - {24} [SUCCESS] MouseButtonClick - "[MSAA, VisibleOnly]ControlType='Button' &amp;&amp; Name='OK'"
\0&lt;/a&gt;
W, 3504, 25, 2013/05/23, 17:44:52.861, 2856255120305, QTAgent32.exe, &lt;a class=success&gt;Playback - {25} [SUCCESS] MouseButtonClick - "[MSAA, VisibleOnly]ControlType='Button' &amp;&amp; Name='Clients &amp; Files'"
\0&lt;/a&gt;
W, 3504, 25, 2013/05/23, 17:44:53.738, 2856267678731, QTAgent32.exe, Playback - [WARNING] Internal warning: Window Not Found: [VisibleOnly]ControlType='Window' &amp;&amp; ClassName='ThunderRT6MDIForm'
\0
E, 3504, 25, 2013/05/23, 17:44:53.738, 2856267681798, QTAgent32.exe, &lt;a class=failure&gt;Playback - {26} [FAILED] Function ElementFetcher::FindScreenElement failed to locate UI element (Searching: ;[VisibleOnly]ControlType='Window' &amp;&amp; ClassName='ThunderRT6MDIForm') (The object specified was not found.)
\0&lt;/a&gt;
E, 3504, 25, 2013/05/23, 17:44:53.825, 2856268928697, QTAgent32.exe, Playback - [IMAGE] C:\Users\testuser\AppData\Local\Temp\UITestLogs\LastRun\RPFE8BA.png
\0
W, 3504, 25, 2013/05/23, 17:44:53.825, 2856268930959, QTAgent32.exe, Playback - [WARNING] Internal warning: Couldn't find descendants that match QueryId
\0
W, 3504, 25, 2013/05/23, 17:44:53.826, 2856268934190, QTAgent32.exe, PERF WARNING: FindTopLevelWindowHelper::FindAllDescendents: took 864 ms. Expected it to take maximum 500 ms.
W, 3504, 25, 2013/05/23, 17:44:54.883, 2856284062139, QTAgent32.exe, PERF WARNING: FindTopLevelWindowHelper::FindAllDescendents: took 1056 ms. Expected it to take maximum 500 ms.
W, 3504, 25, 2013/05/23, 17:44:55.939, 2856299188174, QTAgent32.exe, Playback - [WARNING] Internal warning: Incorrect flag set for InvokeProgrammaticAction\0
W, 3504, 25, 2013/05/23, 17:44:56.074, 2856301125933, QTAgent32.exe, &lt;a class=success&gt;Playback - {27} [SUCCESS] SetValueAsComboBox "Customers" - "[MSAA, VisibleOnly]ControlType='ComboBox'"  &lt; SetValueAsComboBox, set by clicking on the item in the list box &gt;
\0&lt;/a&gt;
W, 3504, 25, 2013/05/23, 17:44:56.571, 2856308238259, QTAgent32.exe, &lt;a class=success&gt;Playback - {28} [SUCCESS] MouseButtonClick - "[MSAA, VisibleOnly]ControlType='Button' &amp;&amp; Name='Add'"
\0&lt;/a&gt;
W, 3504, 25, 2013/05/23, 17:44:57.369, 2856319664879, QTAgent32.exe, &lt;a class=success&gt;Playback - {29} [SUCCESS] SendKeys "autotest" - "[MSAA, VisibleOnly]ControlType='RadioButton' &amp;&amp; Name='Personal Lines'"
\0&lt;/a&gt;
W, 3504, 25, 2013/05/23, 17:44:58.459, 2856335274827, QTAgent32.exe, &lt;a class=success&gt;Playback - {30} [SUCCESS] SetValueAsEditBox "autotest" - "[MSAA, VisibleOnly]ControlType='Edit'"  &lt; Set via SendKeys &gt;
\0&lt;/a&gt;
W, 3504, 25, 2013/05/23, 17:44:58.687, 2856338541522, QTAgent32.exe, &lt;a class=success&gt;Playback - {31} [SUCCESS] MouseButtonClick - "[MSAA, VisibleOnly]ControlType='Button' &amp;&amp; Name='OK'"
\0&lt;/a&gt;
W, 3504, 25, 2013/05/23, 17:44:58.979, 2856342711943, QTAgent32.exe, &lt;a class=success&gt;Playback - {32} [SUCCESS] MouseButtonClick - "[MSAA, VisibleOnly]ControlType='Button' &amp;&amp; Name='Yes'"
\0&lt;/a&gt;
W, 3504, 25, 2013/05/23, 17:44:59.664, 2856352528672, QTAgent32.exe, &lt;a class=success&gt;Playback - {33} [SUCCESS] SendKeys "^{HOME}" - "[MSAA, VisibleOnly]ControlType='Edit'"
\0&lt;/a&gt;
E, 3504, 25, 2013/05/23, 17:44:59.664, 2856352532293, QTAgent32.exe, Msaa.GetFocusedElement: could not find accessible object of foreground window
W, 3504, 25, 2013/05/23, 17:44:59.732, 2856353503236, QTAgent32.exe, &lt;a class=success&gt;Playback - {34} [SUCCESS] SendKeys "^+{END}" - "[MSAA, VisibleOnly]ControlType='Edit'"
\0&lt;/a&gt;
E, 3504, 25, 2013/05/23, 17:44:59.733, 2856353506790, QTAgent32.exe, Msaa.GetFocusedElement: could not find accessible object of foreground window
W, 3504, 25, 2013/05/23, 17:44:59.748, 2856353725793, QTAgent32.exe, &lt;a class=success&gt;Playback - {35} [SUCCESS] SendKeys "{DELETE}" - "[MSAA, VisibleOnly]ControlType='Edit'"
\0&lt;/a&gt;
W, 3504, 25, 2013/05/23, 17:45:00.182, 2856359940033, QTAgent32.exe, &lt;a class=success&gt;Playback - {36} [SUCCESS] SetValueAsEditBox "1" - "[MSAA, VisibleOnly]ControlType='Edit'"  &lt; Set via SendKeys &gt;
\0&lt;/a&gt;
W, 3504, 25, 2013/05/23, 17:45:00.783, 2856368553565, QTAgent32.exe, &lt;a class=success&gt;Playback - {37} [SUCCESS] SendKeys "^{HOME}" - "[MSAA, VisibleOnly]ControlType='Edit'"
\0&lt;/a&gt;
E, 3504, 25, 2013/05/23, 17:45:00.784, 2856368557192, QTAgent32.exe, Msaa.GetFocusedElement: could not find accessible object of foreground window
W, 3504, 25, 2013/05/23, 17:45:00.839, 2856369355041, QTAgent32.exe, &lt;a class=success&gt;Playback - {38} [SUCCESS] SendKeys "^+{END}" - "[MSAA, VisibleOnly]ControlType='Edit'"
\0&lt;/a&gt;
E, 3504, 25, 2013/05/23, 17:45:00.839, 2856369358798, QTAgent32.exe, Msaa.GetFocusedElement: could not find accessible object of foreground window
W, 3504, 25, 2013/05/23, 17:45:00.855, 2856369578036, QTAgent32.exe, &lt;a class=success&gt;Playback - {39} [SUCCESS] SendKeys "{DELETE}" - "[MSAA, VisibleOnly]ControlType='Edit'"
\0&lt;/a&gt;
W, 3504, 25, 2013/05/23, 17:45:01.302, 2856375984514, QTAgent32.exe, &lt;a class=success&gt;Playback - {40} [SUCCESS] SetValueAsEditBox "1" - "[MSAA, VisibleOnly]ControlType='Edit'"  &lt; Set via SendKeys &gt;
\0&lt;/a&gt;
W, 3504, 25, 2013/05/23, 17:45:02.918, 2856399117625, QTAgent32.exe, Playback - [WARNING] Internal warning: Target element "[MSAA, VisibleOnly]ControlType='Button' &amp;&amp; Name='OK'" was not found, so all intermediate elements were ignored. An incorrect element that matches target element Id can be found as the result.  Verify that all intermediate elements in QueryId have valid and unique Ids
\0
W, 3504, 25, 2013/05/23, 17:45:03.457, 2856406827649, QTAgent32.exe, PERF WARNING: FindAllDescendents: took 2046 ms. Expected it to take maximum 500 ms.
W, 3504, 25, 2013/05/23, 17:45:03.764, 2856411234618, QTAgent32.exe, &lt;a class=success&gt;Playback - {41} [SUCCESS] MouseButtonClick - "[MSAA, VisibleOnly]ControlType='Button' &amp;&amp; Name='OK'"
\0&lt;/a&gt;
W, 3504, 25, 2013/05/23, 17:45:04.174, 2856417099097, QTAgent32.exe, &lt;a class=success&gt;Playback - {42} [SUCCESS] MouseButtonClick - "[MSAA, VisibleOnly]ControlType='Button'"
\0&lt;/a&gt;
W, 3504, 25, 2013/05/23, 17:45:04.567, 2856422727759, QTAgent32.exe, &lt;a class=success&gt;Playback - {43} [SUCCESS] MouseButtonClick - "[MSAA, VisibleOnly]ControlType='Button' &amp;&amp; Name='Add'"
\0&lt;/a&gt;
W, 3504, 25, 2013/05/23, 17:45:04.919, 2856427768219, QTAgent32.exe, &lt;a class=success&gt;Playback - {44} [SUCCESS] MouseButtonClick - "[MSAA, VisibleOnly]ControlType='Button' &amp;&amp; Name='OK'"
\0&lt;/a&gt;
W, 3504, 25, 2013/05/23, 17:45:07.170, 2856459993226, QTAgent32.exe, &lt;a class=success&gt;Playback - {45} [SUCCESS] MouseButtonClick - "[MSAA, VisibleOnly,Window]ControlType='Window' &amp;&amp; ClassName='ThunderRT6TextBox'"
\0&lt;/a&gt;
W, 3504, 25, 2013/05/23, 17:45:08.186, 2856474543322, QTAgent32.exe, &lt;a class=success&gt;Playback - {46} [SUCCESS] SetValueAsEditBox "HOME" - "[MSAA, VisibleOnly]ControlType='Edit'"  &lt; Set via SendKeys &gt;
\0&lt;/a&gt;
W, 3504, 25, 2013/05/23, 17:45:08.553, 2856479806176, QTAgent32.exe, &lt;a class=success&gt;Playback - {47} [SUCCESS] MouseButtonClick - "[MSAA, VisibleOnly]ControlType='Button' &amp;&amp; Name='OK'"
\0&lt;/a&gt;
W, 3504, 25, 2013/05/23, 17:45:08.800, 2856483341564, QTAgent32.exe, &lt;a class=success&gt;Playback - {48} [SUCCESS] MouseButtonClick - "[MSAA, VisibleOnly]ControlType='Button' &amp;&amp; Name='Options'"
\0&lt;/a&gt;
W, 3504, 25, 2013/05/23, 17:45:08.901, 2856484778064, QTAgent32.exe, FindScreenElementInSinglePass : Attempting to find control in one pass of search. Failures can occur.
W, 3504, 25, 2013/05/23, 17:45:09.422, 2856492242689, QTAgent32.exe, &lt;a class=success&gt;Playback - {49} [SUCCESS] MouseButtonClick - "[MSAA]ControlType='MenuItem' &amp;&amp; Name='Links'"
\0&lt;/a&gt;
W, 3504, 25, 2013/05/23, 17:45:09.522, 2856493677414, QTAgent32.exe, FindScreenElementInSinglePass : Attempting to find control in one pass of search. Failures can occur.
W, 3504, 25, 2013/05/23, 17:45:10.489, 2856507513052, QTAgent32.exe, &lt;a class=success&gt;Playback - {50} [SUCCESS] MouseButtonClick - "[MSAA]ControlType='MenuItem' &amp;&amp; Name='3rd Party Integration'"
\0&lt;/a&gt;
W, 3504, 25, 2013/05/23, 17:45:10.591, 2856508974998, QTAgent32.exe, FindScreenElementInSinglePass : Attempting to find control in one pass of search. Failures can occur.
W, 3504, 25, 2013/05/23, 17:45:11.129, 2856516677858, QTAgent32.exe, &lt;a class=success&gt;Playback - {51} [SUCCESS] MouseButtonClick - "[MSAA]ControlType='MenuItem' &amp;&amp; Name='Quote Select List'"
\0&lt;/a&gt;
W, 3504, 25, 2013/05/23, 17:45:12.610, 2856537885637, QTAgent32.exe, PERF WARNING: FindTopLevelWindowHelper::FindAllDescendents: took 1380 ms. Expected it to take maximum 500 ms.
W, 3504, 25, 2013/05/23, 17:45:12.920, 2856542328129, QTAgent32.exe, &lt;a class=success&gt;Playback - {52} [SUCCESS] MouseButtonClick - "[MSAA, VisibleOnly]ControlType='Button' &amp;&amp; Name='Ok'"
\0&lt;/a&gt;
W, 3504, 25, 2013/05/23, 17:45:16.494, 2856593503063, QTAgent32.exe, PERF WARNING: FindTopLevelWindowHelper::FindAllDescendents: took 3430 ms. Expected it to take maximum 500 ms.
W, 3504, 25, 2013/05/23, 17:45:17.191, 2856603489027, QTAgent32.exe, &lt;a class=success&gt;Playback - {53} [SUCCESS] SetValueAsEditBox "test1" - "[MSAA, VisibleOnly]ControlType='Edit'"  &lt; Set via SendKeys &gt;
\0&lt;/a&gt;
W, 3504, 25, 2013/05/23, 17:45:17.955, 2856614413099, QTAgent32.exe, &lt;a class=success&gt;Playback - {54} [SUCCESS] SetValueAsEditBox "test" - "[MSAA, VisibleOnly]ControlType='Edit'"  &lt; Set via SendKeys &gt;
\0&lt;/a&gt;
W, 3504, 25, 2013/05/23, 17:45:18.355, 2856620147048, QTAgent32.exe, &lt;a class=success&gt;Playback - {55} [SUCCESS] SendKeys "^{HOME}" - "[MSAA, VisibleOnly]ControlType='Edit'"
\0&lt;/a&gt;
E, 3504, 25, 2013/05/23, 17:45:18.355, 2856620150362, QTAgent32.exe, Msaa.GetFocusedElement: could not find accessible object of foreground window
W, 3504, 25, 2013/05/23, 17:45:18.411, 2856620948998, QTAgent32.exe, &lt;a class=success&gt;Playback - {56} [SUCCESS] SendKeys "^+{END}" - "[MSAA, VisibleOnly]ControlType='Edit'"
\0&lt;/a&gt;
E, 3504, 25, 2013/05/23, 17:45:18.411, 2856620952465, QTAgent32.exe, Msaa.GetFocusedElement: could not find accessible object of foreground window
W, 3504, 25, 2013/05/23, 17:45:18.427, 2856621172603, QTAgent32.exe, &lt;a class=success&gt;Playback - {57} [SUCCESS] SendKeys "{DELETE}" - "[MSAA, VisibleOnly]ControlType='Edit'"
\0&lt;/a&gt;
W, 3504, 25, 2013/05/23, 17:45:18.791, 2856626392419, QTAgent32.exe, &lt;a class=success&gt;Playback - {58} [SUCCESS] SetValueAsEditBox "test" - "[MSAA, VisibleOnly]ControlType='Edit'"  &lt; Set via SendKeys &gt;
\0&lt;/a&gt;
W, 3504, 25, 2013/05/23, 17:45:19.619, 2856638251549, QTAgent32.exe, Playback - [WARNING] Internal warning: Incorrect flag set for InvokeProgrammaticAction\0
W, 3504, 25, 2013/05/23, 17:45:19.751, 2856640140093, QTAgent32.exe, &lt;a class=success&gt;Playback - {59} [SUCCESS] SetValueAsComboBox "Account Director" - "[MSAA, VisibleOnly]ControlType='ComboBox'"  &lt; SetValueAsComboBox, set by clicking on the item in the list box &gt;
\0&lt;/a&gt;
W, 3504, 25, 2013/05/23, 17:45:20.580, 2856652008459, QTAgent32.exe, Playback - [WARNING] Internal warning: Incorrect flag set for InvokeProgrammaticAction\0
W, 3504, 25, 2013/05/23, 17:45:20.705, 2856653793001, QTAgent32.exe, &lt;a class=success&gt;Playback - {60} [SUCCESS] SetValueAsComboBox "Advertising" - "[MSAA, VisibleOnly]ControlType='ComboBox'"  &lt; SetValueAsComboBox, set by clicking on the item in the list box &gt;
\0&lt;/a&gt;
W, 3504, 25, 2013/05/23, 17:45:21.543, 2856665800734, QTAgent32.exe, &lt;a class=success&gt;Playback - {61} [SUCCESS] SetValueAsEditBox "160589" - "[MSAA, VisibleOnly]ControlType='Edit'"  &lt; Set via SendKeys &gt;
\0&lt;/a&gt;
W, 3504, 25, 2013/05/23, 17:45:21.787, 2856669277077, QTAgent32.exe, &lt;a class=success&gt;Playback - {62} [SUCCESS] MouseButtonClick - "[MSAA, VisibleOnly]ControlType='Edit'"
\0&lt;/a&gt;
W, 3504, 25, 2013/05/23, 17:45:22.577, 2856680600430, QTAgent32.exe, &lt;a class=success&gt;Playback - {63} [SUCCESS] SetValueAsEditBox "B338TH" - "[MSAA, VisibleOnly]ControlType='Edit'"  &lt; Set via SendKeys &gt;
\0&lt;/a&gt;
W, 3504, 25, 2013/05/23, 17:45:24.805, 2856712498030, QTAgent32.exe, &lt;a class=success&gt;Playback - {64} [SUCCESS] MouseButtonClick - "[MSAA, VisibleOnly]ControlType='Button' &amp;&amp; Name='Lookup...'"
\0&lt;/a&gt;
W, 3504, 25, 2013/05/23, 17:45:25.074, 2856716350359, QTAgent32.exe, &lt;a class=success&gt;Playback - {65} [SUCCESS] MouseButtonClick - "[MSAA, VisibleOnly]ControlType='Button' &amp;&amp; Name='Ok'"
\0&lt;/a&gt;
W, 3504, 25, 2013/05/23, 17:45:25.437, 2856721552179, QTAgent32.exe, &lt;a class=success&gt;Playback - {66} [SUCCESS] MouseButtonClick - "[MSAA, VisibleOnly]ControlType='Button' &amp;&amp; Name='Next &gt;'"
\0&lt;/a&gt;
W, 3504, 25, 2013/05/23, 17:45:26.588, 2856738024092, QTAgent32.exe, &lt;a class=success&gt;Playback - {67} [SUCCESS] SetValueAsEditBox "1989" - "[MSAA, VisibleOnly]ControlType='Edit'"  &lt; Set via SendKeys &gt;
\0&lt;/a&gt;
W, 3504, 25, 2013/05/23, 17:45:26.824, 2856741410586, QTAgent32.exe, &lt;a class=success&gt;Playback - {68} [SUCCESS] MouseButtonClick - "[MSAA, VisibleOnly]ControlType='Button' &amp;&amp; Name='Next &gt;'"
\0&lt;/a&gt;
W, 3504, 25, 2013/05/23, 17:45:27.059, 2856744775836, QTAgent32.exe, &lt;a class=success&gt;Playback - {69} [SUCCESS] MouseButtonClick - "[MSAA, VisibleOnly]ControlType='Button' &amp;&amp; Name='Next &gt;'"
\0&lt;/a&gt;
W, 3504, 25, 2013/05/23, 17:45:27.281, 2856747955538, QTAgent32.exe, &lt;a class=success&gt;Playback - {70} [SUCCESS] MouseButtonClick - "[MSAA, VisibleOnly]ControlType='Button' &amp;&amp; Name='Next &gt;'"
\0&lt;/a&gt;
W, 3504, 25, 2013/05/23, 17:45:28.305, 2856762610593, QTAgent32.exe, &lt;a class=success&gt;Playback - {71} [SUCCESS] SetValueAsEditBox "2345" - "[MSAA, VisibleOnly]ControlType='Edit'"  &lt; Set via SendKeys &gt;
\0&lt;/a&gt;
W, 3504, 25, 2013/05/23, 17:45:29.412, 2856778469692, QTAgent32.exe, &lt;a class=success&gt;Playback - {72} [SUCCESS] SetValueAsEditBox "2000" - "[MSAA, VisibleOnly]ControlType='Edit'"  &lt; Set via SendKeys &gt;
\0&lt;/a&gt;
W, 3504, 25, 2013/05/23, 17:45:30.571, 2856795059437, QTAgent32.exe, &lt;a class=success&gt;Playback - {73} [SUCCESS] SetValueAsEditBox "2000" - "[MSAA, VisibleOnly]ControlType='Edit'"  &lt; Set via SendKeys &gt;
\0&lt;/a&gt;
W, 3504, 25, 2013/05/23, 17:45:30.794, 2856798244269, QTAgent32.exe, &lt;a class=success&gt;Playback - {74} [SUCCESS] MouseButtonClick - "[MSAA, VisibleOnly]ControlType='Button' &amp;&amp; Name='Next &gt;'"
\0&lt;/a&gt;
W, 3504, 25, 2013/05/23, 17:45:31.832, 2856813117708, QTAgent32.exe, &lt;a class=success&gt;Playback - {75} [SUCCESS] SetValueAsEditBox "2345" - "[MSAA, VisibleOnly]ControlType='Edit'"  &lt; Set via SendKeys &gt;
\0&lt;/a&gt;
W, 3504, 25, 2013/05/23, 17:45:32.088, 2856816780601, QTAgent32.exe, &lt;a class=success&gt;Playback - {76} [SUCCESS] MouseButtonClick - "[MSAA, VisibleOnly]ControlType='Button' &amp;&amp; Name='Next &gt;'"
\0&lt;/a&gt;
W, 3504, 25, 2013/05/23, 17:45:32.351, 2856820540907, QTAgent32.exe, &lt;a class=success&gt;Playback - {77} [SUCCESS] MouseButtonClick - "[MSAA, VisibleOnly]ControlType='Button' &amp;&amp; Name='Next &gt;'"
\0&lt;/a&gt;
W, 3504, 25, 2013/05/23, 17:45:32.729, 2856825955423, QTAgent32.exe, &lt;a class=success&gt;Playback - {78} [SUCCESS] MouseButtonClick - "[MSAA, VisibleOnly]ControlType='Button' &amp;&amp; Name='Quote'"
\0&lt;/a&gt;
W, 3504, 25, 2013/05/23, 17:45:32.974, 2856829471789, QTAgent32.exe, &lt;a class=success&gt;Playback - {79} [SUCCESS] MouseButtonClick - "[MSAA, VisibleOnly]ControlType='Button' &amp;&amp; Name='No'"
\0&lt;/a&gt;
W, 3504, 25, 2013/05/23, 17:45:33.398, 2856835540627, QTAgent32.exe, &lt;a class=success&gt;Playback - {80} [SUCCESS] MouseButtonClick - "[MSAA, VisibleOnly]ControlType='Button' &amp;&amp; Name='Ok'"
\0&lt;/a&gt;
W, 3504, 25, 2013/05/23, 17:45:41.236, 2856947765431, QTAgent32.exe, PERF WARNING: FindTopLevelWindowHelper::FindAllDescendents: took 7736 ms. Expected it to take maximum 500 ms.
W, 3504, 25, 2013/05/23, 17:45:41.390, 2856949975543, QTAgent32.exe, &lt;a class=success&gt;Playback - {81} [SUCCESS] MouseButtonClick - "[MSAA, VisibleOnly]ControlType='Button' &amp;&amp; Name='Exit'"
\0&lt;/a&gt;
W, 3504, 25, 2013/05/23, 17:45:41.803, 2856955879734, QTAgent32.exe, &lt;a class=success&gt;Playback - {82} [SUCCESS] MouseButtonClick - "[MSAA, VisibleOnly]ControlType='Button' &amp;&amp; Name='Yes'"
\0&lt;/a&gt;
W, 3504, 25, 2013/05/23, 17:45:42.429, 2856964840342, QTAgent32.exe, &lt;a class=success&gt;Playback - {83} [SUCCESS] Uncheck - "[MSAA, VisibleOnly]ControlType='CheckBox' &amp;&amp; Name='Add Activity'"
\0&lt;/a&gt;
W, 3504, 25, 2013/05/23, 17:45:42.801, 2856970165119, QTAgent32.exe, &lt;a class=success&gt;Playback - {84} [SUCCESS] MouseButtonClick - "[MSAA, VisibleOnly]ControlType='Button' &amp;&amp; Name='Ok'"
\0&lt;/a&gt;
W, 3504, 25, 2013/05/23, 17:45:43.623, 2856981945528, QTAgent32.exe, PERF WARNING: FindTopLevelWindowHelper::FindAllDescendents: took 709 ms. Expected it to take maximum 500 ms.
W, 3504, 25, 2013/05/23, 17:45:44.407, 2856993164075, QTAgent32.exe, &lt;a class=success&gt;Playback - {85} [SUCCESS] MouseButtonClick - "[MSAA, VisibleOnly]ControlType='Button' &amp;&amp; Name='Ok'"
\0&lt;/a&gt;
W, 3504, 25, 2013/05/23, 17:45:46.670, 2857025569221, QTAgent32.exe, &lt;a class=success&gt;Playback - {86} [SUCCESS] MouseButtonClick - "[MSAA, VisibleOnly]ControlType='Button' &amp;&amp; Name='OK'"
\0&lt;/a&gt;
W, 3504, 25, 2013/05/23, 17:45:46.972, 2857029888558, QTAgent32.exe, &lt;a class=success&gt;Playback - {87} [SUCCESS] MouseButtonClick - "[MSAA, VisibleOnly]ControlType='Button' &amp;&amp; Name='Cancel'"
\0&lt;/a&gt;
W, 3504, 25, 2013/05/23, 17:45:47.352, 2857035330818, QTAgent32.exe, &lt;a class=success&gt;Playback - {88} [SUCCESS] MouseButtonClick - "[MSAA, VisibleOnly]ControlType='Button'"
\0&lt;/a&gt;
W, 3504, 25, 2013/05/23, 17:45:47.889, 2857043025124, QTAgent32.exe, &lt;a class=success&gt;Playback - {89} [SUCCESS] MouseButtonClick - "[MSAA, VisibleOnly]ControlType='Button' &amp;&amp; Name='Detail'"
\0&lt;/a&gt;
W, 3504, 25, 2013/05/23, 17:45:48.126, 2857046409739, QTAgent32.exe, &lt;a class=success&gt;Playback - {90} [SUCCESS] MouseButtonClick - "[MSAA, VisibleOnly]ControlType='Edit'"
\0&lt;/a&gt;
W, 3504, 25, 2013/05/23, 17:45:48.447, 2857051009614, QTAgent32.exe, &lt;a class=success&gt;Playback - {91} [SUCCESS] MouseButtonClick - "[MSAA, VisibleOnly]ControlType='Button' &amp;&amp; Name='Cancel'"
\0&lt;/a&gt;
W, 3504, 25, 2013/05/23, 17:45:48.685, 2857054418642, QTAgent32.exe, &lt;a class=success&gt;Playback - {92} [SUCCESS] MouseButtonClick - "[MSAA, VisibleOnly]ControlType='Button' &amp;&amp; Name='Options'"
\0&lt;/a&gt;
W, 3504, 25, 2013/05/23, 17:45:48.786, 2857055862051, QTAgent32.exe, FindScreenElementInSinglePass : Attempting to find control in one pass of search. Failures can occur.
W, 3504, 25, 2013/05/23, 17:45:48.820, 2857056347168, QTAgent32.exe, Playback - [WARNING] Internal failure: Method GetBoundingRectangle failed (HRESULT = 0x1, "Incorrect function.") for Name = "Quote Select List" ," ControlType = "MenuItem"
\0
W, 3504, 25, 2013/05/23, 17:45:48.820, 2857056349206, QTAgent32.exe, Playback - [WARNING] Internal failure: Couldn't get clickable point for ScreenUIElement - GetClickablePoint failed
\0
W, 3504, 25, 2013/05/23, 17:45:48.820, 2857056352769, QTAgent32.exe, FindScreenElementInSinglePass : Attempting to find control in one pass of search. Failures can occur.
W, 3504, 25, 2013/05/23, 17:45:48.836, 2857056586844, QTAgent32.exe, FindScreenElementInSinglePass : Attempting to find control in one pass of search. Failures can occur.
W, 3504, 25, 2013/05/23, 17:45:48.958, 2857058327328, QTAgent32.exe, &lt;a class=success&gt;Playback - {93} [SUCCESS] LeftButtonClick - "[MSAA, VisibleOnly]ControlType='MenuBar' &amp;&amp; Name='Application'"  &lt; Mouse cursor location (960, 31) &gt;
\0&lt;/a&gt;
W, 3504, 25, 2013/05/23, 17:45:49.071, 2857059945522, QTAgent32.exe, &lt;a class=success&gt;Playback - {94} [SUCCESS] LeftButtonClick - "[MSAA]ControlType='MenuItem' &amp;&amp; Name='Options'"  &lt; Mouse cursor location (94, 31) &gt;
\0&lt;/a&gt;
W, 3504, 25, 2013/05/23, 17:45:49.647, 2857068195015, QTAgent32.exe, &lt;a class=success&gt;Playback - {95} [SUCCESS] LeftButtonClick - "[MSAA]ControlType='MenuItem' &amp;&amp; Name='Links'"  &lt; Mouse cursor location (174, 319) &gt;
\0&lt;/a&gt;
W, 3504, 25, 2013/05/23, 17:45:50.651, 2857082562981, QTAgent32.exe, &lt;a class=success&gt;Playback - {96} [SUCCESS] LeftButtonClick - "[MSAA]ControlType='MenuItem' &amp;&amp; Name='3rd Party Integration'"  &lt; Mouse cursor location (375, 319) &gt;
\0&lt;/a&gt;
W, 3504, 25, 2013/05/23, 17:45:51.194, 2857090337020, QTAgent32.exe, &lt;a class=success&gt;Playback - {97} [SUCCESS] MouseButtonClick - "[MSAA]ControlType='MenuItem' &amp;&amp; Name='Quote Select List'"
\0&lt;/a&gt;
W, 3504, 25, 2013/05/23, 17:45:52.624, 2857110820315, QTAgent32.exe, PERF WARNING: FindTopLevelWindowHelper::FindAllDescendents: took 1330 ms. Expected it to take maximum 500 ms.
W, 3504, 25, 2013/05/23, 17:45:52.892, 2857114655585, QTAgent32.exe, &lt;a class=success&gt;Playback - {98} [SUCCESS] MouseButtonClick - "[MSAA, VisibleOnly]ControlType='Button' &amp;&amp; Name='Ok'"
\0&lt;/a&gt;
W, 3504, 25, 2013/05/23, 17:45:55.680, 2857154575590, QTAgent32.exe, PERF WARNING: FindTopLevelWindowHelper::FindAllDescendents: took 2654 ms. Expected it to take maximum 500 ms.
W, 3504, 25, 2013/05/23, 17:45:56.102, 2857160614856, QTAgent32.exe, &lt;a class=success&gt;Playback - {99} [SUCCESS] MouseButtonClick - "[MSAA, VisibleOnly]ControlType='Button' &amp;&amp; Name='Next &gt;'"
\0&lt;/a&gt;
W, 3504, 25, 2013/05/23, 17:45:56.322, 2857163765974, QTAgent32.exe, &lt;a class=success&gt;Playback - {100} [SUCCESS] MouseButtonClick - "[MSAA, VisibleOnly]ControlType='Button' &amp;&amp; Name='Next &gt;'"
\0&lt;/a&gt;
W, 3504, 25, 2013/05/23, 17:45:56.572, 2857167342876, QTAgent32.exe, &lt;a class=success&gt;Playback - {101} [SUCCESS] MouseButtonClick - "[MSAA, VisibleOnly]ControlType='Button' &amp;&amp; Name='Next &gt;'"
\0&lt;/a&gt;
W, 3504, 25, 2013/05/23, 17:45:56.818, 2857170876465, QTAgent32.exe, &lt;a class=success&gt;Playback - {102} [SUCCESS] MouseButtonClick - "[MSAA, VisibleOnly]ControlType='Button' &amp;&amp; Name='Next &gt;'"
\0&lt;/a&gt;
W, 3504, 25, 2013/05/23, 17:45:57.066, 2857174426720, QTAgent32.exe, &lt;a class=success&gt;Playback - {103} [SUCCESS] MouseButtonClick - "[MSAA, VisibleOnly]ControlType='Button' &amp;&amp; Name='Next &gt;'"
\0&lt;/a&gt;
W, 3504, 25, 2013/05/23, 17:45:57.320, 2857178053846, QTAgent32.exe, &lt;a class=success&gt;Playback - {104} [SUCCESS] MouseButtonClick - "[MSAA, VisibleOnly]ControlType='Button' &amp;&amp; Name='Next &gt;'"
\0&lt;/a&gt;
W, 3504, 25, 2013/05/23, 17:45:57.557, 2857181449099, QTAgent32.exe, &lt;a class=success&gt;Playback - {105} [SUCCESS] MouseButtonClick - "[MSAA, VisibleOnly]ControlType='Button' &amp;&amp; Name='Next &gt;'"
\0&lt;/a&gt;
W, 3504, 25, 2013/05/23, 17:45:57.921, 2857186659682, QTAgent32.exe, &lt;a class=success&gt;Playback - {106} [SUCCESS] MouseButtonClick - "[MSAA, VisibleOnly]ControlType='Button' &amp;&amp; Name='Quote'"
\0&lt;/a&gt;
W, 3504, 25, 2013/05/23, 17:45:58.208, 2857190773179, QTAgent32.exe, &lt;a class=success&gt;Playback - {107} [SUCCESS] MouseButtonClick - "[MSAA, VisibleOnly]ControlType='Button' &amp;&amp; Name='No'"
\0&lt;/a&gt;
W, 3504, 25, 2013/05/23, 17:45:58.462, 2857194402575, QTAgent32.exe, &lt;a class=success&gt;Playback - {108} [SUCCESS] MouseButtonClick - "[MSAA, VisibleOnly]ControlType='Button' &amp;&amp; Name='Ok'"
\0&lt;/a&gt;
W, 3504, 25, 2013/05/23, 17:46:06.461, 2857308937597, QTAgent32.exe, PERF WARNING: FindTopLevelWindowHelper::FindAllDescendents: took 7897 ms. Expected it to take maximum 500 ms.
W, 3504, 25, 2013/05/23, 17:46:06.592, 2857310810265, QTAgent32.exe, &lt;a class=success&gt;Playback - {109} [SUCCESS] MouseButtonClick - "[MSAA, VisibleOnly]ControlType='Client'"
\0&lt;/a&gt;
W, 3504, 25, 2013/05/23, 17:46:08.509, 2857338267130, QTAgent32.exe, &lt;a class=success&gt;Playback - {110} [SUCCESS] SendKeys "{Home}" - "[MSAA, VisibleOnly]ControlType='Client'"
\0&lt;/a&gt;
W, 3504, 25, 2013/05/23, 17:46:09.644, 2857354503798, QTAgent32.exe, PERF WARNING: FindTopLevelWindowHelper::FindAllDescendents: took 1019 ms. Expected it to take maximum 500 ms.
W, 3504, 25, 2013/05/23, 17:46:09.775, 2857356385217, QTAgent32.exe, &lt;a class=success&gt;Playback - {111} [SUCCESS] MouseButtonClick - "[MSAA, VisibleOnly]ControlType='Button' &amp;&amp; Name='Exit'"
\0&lt;/a&gt;
W, 3504, 25, 2013/05/23, 17:46:10.067, 2857360562048, QTAgent32.exe, &lt;a class=success&gt;Playback - {112} [SUCCESS] MouseButtonClick - "[MSAA, VisibleOnly]ControlType='Button' &amp;&amp; Name='Yes'"
\0&lt;/a&gt;
W, 3504, 25, 2013/05/23, 17:46:10.181, 2857362199264, QTAgent32.exe, Playback - [WARNING] Internal warning: Thread state based WFR - Requested element has invalid HWND
\0
W, 3504, 25, 2013/05/23, 17:46:10.181, 2857362201506, QTAgent32.exe, Playback - [WARNING] Internal warning: process performance counters based WFR - Requested element has invalid HWND
\0
E, 3504, 25, 2013/05/23, 17:46:10.181, 2857362205065, QTAgent32.exe, EnsureValid called via EnsureValid call for same element
E, 3504, 25, 2013/05/23, 17:46:10.182, 2857362207473, QTAgent32.exe, EnsureValid called via EnsureValid call for same element
E, 3504, 25, 2013/05/23, 17:46:10.182, 2857362208767, QTAgent32.exe, EnsureValid called via EnsureValid call for same element
E, 3504, 25, 2013/05/23, 17:46:10.182, 2857362213099, QTAgent32.exe, Window 3999092 not responding. Last Win32 error 0
E, 3504, 25, 2013/05/23, 17:46:10.182, 2857362213934, QTAgent32.exe, GetClassName for handle 3999092 failed
W, 3504, 25, 2013/05/23, 17:46:10.627, 2857368585775, QTAgent32.exe, &lt;a class=success&gt;Playback - {113} [SUCCESS] Uncheck - "[MSAA, VisibleOnly]ControlType='CheckBox' &amp;&amp; Name='Add Activity'"
\0&lt;/a&gt;
W, 3504, 25, 2013/05/23, 17:46:10.972, 2857373531898, QTAgent32.exe, &lt;a class=success&gt;Playback - {114} [SUCCESS] MouseButtonClick - "[MSAA, VisibleOnly]ControlType='Button' &amp;&amp; Name='Ok'"
\0&lt;/a&gt;
W, 3504, 25, 2013/05/23, 17:46:31.411, 2857666180638, QTAgent32.exe, Playback - [WARNING] Internal warning: Window Not Found: [VisibleOnly]ControlType='Window' &amp;&amp; Name='Select Tam insurer for insurer code ' &amp;&amp; ClassName='TfSelectItem'
\0
E, 3504, 25, 2013/05/23, 17:46:31.412, 2857666189657, QTAgent32.exe, &lt;a class=failure&gt;Playback - {115} [FAILED] Function ElementFetcher::FindScreenElement failed to locate UI element (Searching: ;[VisibleOnly]ControlType='Window' &amp;&amp; Name='Select Tam insurer for insurer code ' &amp;&amp; ClassName='TfSelectItem') (The object specified was not found.)
\0&lt;/a&gt;
E, 3504, 25, 2013/05/23, 17:46:31.542, 2857668053617, QTAgent32.exe, Playback - [IMAGE] C:\Users\testuser\AppData\Local\Temp\UITestLogs\LastRun\RPF6643.png
\0
W, 3504, 25, 2013/05/23, 17:46:31.542, 2857668056259, QTAgent32.exe, Playback - [WARNING] Internal warning: Couldn't find descendants that match QueryId
\0
W, 3504, 25, 2013/05/23, 17:46:31.543, 2857668065235, QTAgent32.exe, PERF WARNING: FindTopLevelWindowHelper::FindAllDescendents: took 20470 ms. Expected it to take maximum 500 ms.
W, 3504, 25, 2013/05/23, 17:46:52.747, 2857971660249, QTAgent32.exe, Playback - [WARNING] Internal warning: Window Not Found: [VisibleOnly]ControlType='Window' &amp;&amp; Name='Select Tam insurer for insurer code ' &amp;&amp; ClassName='TfSelectItem'
\0
E, 3504, 25, 2013/05/23, 17:46:52.747, 2857971666851, QTAgent32.exe, &lt;a class=failure&gt;Playback - {116} [FAILED] Function ElementFetcher::FindScreenElement failed to locate UI element (Searching: ;[VisibleOnly]ControlType='Window' &amp;&amp; Name='Select Tam insurer for insurer code ' &amp;&amp; ClassName='TfSelectItem') (The object specified was not found.)
\0&lt;/a&gt;
E, 3504, 25, 2013/05/23, 17:46:52.832, 2857972877910, QTAgent32.exe, Playback - [IMAGE] C:\Users\testuser\AppData\Local\Temp\UITestLogs\LastRun\RPFB9A1.png
\0
W, 3504, 25, 2013/05/23, 17:46:52.832, 2857972880371, QTAgent32.exe, Playback - [WARNING] Internal warning: Couldn't find descendants that match QueryId
\0
W, 3504, 25, 2013/05/23, 17:46:52.832, 2857972886897, QTAgent32.exe, PERF WARNING: FindTopLevelWindowHelper::FindAllDescendents: took 21288 ms. Expected it to take maximum 500 ms.
W, 3504, 25, 2013/05/23, 17:46:58.058, 2858047719360, QTAgent32.exe, Playback - [WARNING] Internal warning: Window Not Found: [VisibleOnly]ControlType='Window' &amp;&amp; Name='Select Tam insurer for insurer code ' &amp;&amp; ClassName='TfSelectItem'
\0
E, 3504, 25, 2013/05/23, 17:46:58.059, 2858047723597, QTAgent32.exe, &lt;a class=failure&gt;Playback - {117} [FAILED] Function ElementFetcher::FindScreenElement failed to locate UI element (Searching: ;[VisibleOnly]ControlType='Window' &amp;&amp; Name='Select Tam insurer for insurer code ' &amp;&amp; ClassName='TfSelectItem') (The object specified was not found.)
\0&lt;/a&gt;
E, 3504, 25, 2013/05/23, 17:46:58.140, 2858048884518, QTAgent32.exe, Playback - [IMAGE] C:\Users\testuser\AppData\Local\Temp\UITestLogs\LastRun\RPFCE5A.png
\0
W, 3504, 25, 2013/05/23, 17:46:58.140, 2858048887270, QTAgent32.exe, Playback - [WARNING] Internal warning: Couldn't find descendants that match QueryId
\0
W, 3504, 25, 2013/05/23, 17:46:58.140, 2858048890672, QTAgent32.exe, PERF WARNING: FindTopLevelWindowHelper::FindAllDescendents: took 5307 ms. Expected it to take maximum 500 ms.
E, 3504, 25, 2013/05/23, 17:46:58.140, 2858048892659, QTAgent32.exe, Exception: System.Runtime.InteropServices.COMException
	Message: Error HRESULT E_FAIL has been returned from a call to a COM component.
	Stack Trace:    at Microsoft.VisualStudio.TestTools.UITest.Playback.Engine.IRPFPlayback.FindAllScreenElements(IScreenElement pScreenElementStart, String bstrQueryId, Object&amp; pvarResKeys, Int32 cResKeys, Int32 nMaxDepth, Object[]&amp; foundDescendants)
   at Microsoft.VisualStudio.TestTools.UITest.Playback.ScreenElement.FindTopLevelWindowHelper(String queryId)
	BaseExceptionMessage: Error HRESULT E_FAIL has been returned from a call to a COM component.

E, 3504, 25, 2013/05/23, 17:46:58.145, 2858048953685, QTAgent32.exe, Window 3146896 not responding. Last Win32 error 0
E, 3504, 25, 2013/05/23, 17:46:58.145, 2858048956049, QTAgent32.exe, GetClassName for handle 3146896 failed
E, 3504, 25, 2013/05/23, 17:46:58.145, 2858048962981, QTAgent32.exe, Window 3278034 not responding. Last Win32 error 1400
E, 3504, 25, 2013/05/23, 17:46:58.145, 2858048964041, QTAgent32.exe, GetClassName for handle 3278034 failed
E, 3504, 25, 2013/05/23, 17:46:58.246, 2858050408819, QTAgent32.exe, AL: Playback Error: Microsoft.VisualStudio.TestTools.UITest.Extension.UITestControlNotAvailableException: The control is not available or not valid. Additional Details: 
TechnologyName:  'MSAA'
Name:  'Ok'
ControlType:  'Button'
 ---&gt; Microsoft.VisualStudio.TestTools.UITest.Extension.UITestControlNotAvailableException: The control is not available or not valid. Additional Details: 
TechnologyName:  'MSAA'
Name:  'Select Tam insurer for insurer code '
ClassName:  'TfSelectItem'
ControlType:  'Window'
 ---&gt; System.Runtime.InteropServices.COMException: Error HRESULT E_FAIL has been returned from a call to a COM component.
   at Microsoft.VisualStudio.TestTools.UITest.Playback.Engine.IRPFPlayback.FindAllScreenElements(IScreenElement pScreenElementStart, String bstrQueryId, Object&amp; pvarResKeys, Int32 cResKeys, Int32 nMaxDepth, Object[]&amp; foundDescendants)
   at Microsoft.VisualStudio.TestTools.UITest.Playback.ScreenElement.FindTopLevelWindowHelper(String queryId)
   at Microsoft.VisualStudio.TestTools.UITest.Playback.ScreenElement.FindFromPartialQueryId(String queryId)
   at Microsoft.VisualStudio.TestTools.UITesting.UITestControl.EnsureValid(Boolean waitForReady, Boolean refetch)
   --- End of inner exception stack trace ---
   at Microsoft.VisualStudio.TestTools.UITesting.UITestControl.EnsureValid(Boolean waitForReady, Boolean refetch)
   at Microsoft.VisualStudio.TestTools.UITesting.UITestControl.FindFirstDescendant(String queryId, Int32 maxDepth, Int32&amp; timeLeft)
   at Microsoft.VisualStudio.TestTools.UITesting.UITestControl.FindFirstDescendant(String queryId)
   at Microsoft.VisualStudio.TestTools.UITesting.UITestControl.EnsureValid(Boolean waitForReady, Boolean refetch)
   --- End of inner exception stack trace ---
   at Microsoft.VisualStudio.TestTools.UITesting.UITestControl.EnsureValid(Boolean waitForReady, Boolean refetch)
   at Microsoft.VisualStudio.TestTools.UITesting.UITestControl.Click(MouseButtons button, ModifierKeys modifierKeys, Point relativeCoordinates)
   at Microsoft.VisualStudio.TestTools.UITesting.Mouse.ClickImplementation(UITestControl control, MouseButtons button, ModifierKeys modifierKeys, Point relativeCoordinate)
   at Microsoft.VisualStudio.TestTools.UITesting.Mouse.ClickImplementationWrapper(UITestControl control, MouseButtons button, ModifierKeys modifierKeys, Point relativeCoordinate)
W, 3504, 25, 2013/05/23, 17:46:58.247, 2858050420812, QTAgent32.exe, PlaybackErrorHandler: Ignoring exception as ContinueOnError is set.
W, 3504, 25, 2013/05/23, 17:47:19.349, 2858352558866, QTAgent32.exe, Playback - [WARNING] Internal warning: Window Not Found: [VisibleOnly]ControlType='Window' &amp;&amp; Name='Tamxml7' &amp;&amp; ClassName='TMessageForm'
\0
E, 3504, 25, 2013/05/23, 17:47:19.349, 2858352566413, QTAgent32.exe, &lt;a class=failure&gt;Playback - {118} [FAILED] Function ElementFetcher::FindScreenElement failed to locate UI element (Searching: ;[VisibleOnly]ControlType='Window' &amp;&amp; Name='Tamxml7' &amp;&amp; ClassName='TMessageForm') (The object specified was not found.)
\0&lt;/a&gt;
E, 3504, 25, 2013/05/23, 17:47:19.440, 2858353872769, QTAgent32.exe, Playback - [IMAGE] C:\Users\testuser\AppData\Local\Temp\UITestLogs\LastRun\RPF2189.png
\0
W, 3504, 25, 2013/05/23, 17:47:19.441, 2858353875497, QTAgent32.exe, Playback - [WARNING] Internal warning: Couldn't find descendants that match QueryId
\0
W, 3504, 25, 2013/05/23, 17:47:19.441, 2858353883127, QTAgent32.exe, PERF WARNING: FindTopLevelWindowHelper::FindAllDescendents: took 21194 ms. Expected it to take maximum 500 ms.
W, 3504, 25, 2013/05/23, 17:47:40.635, 2858657342107, QTAgent32.exe, Playback - [WARNING] Internal warning: Window Not Found: [VisibleOnly]ControlType='Window' &amp;&amp; Name='Tamxml7' &amp;&amp; ClassName='TMessageForm'
\0
E, 3504, 25, 2013/05/23, 17:47:40.636, 2858657346770, QTAgent32.exe, &lt;a class=failure&gt;Playback - {119} [FAILED] Function ElementFetcher::FindScreenElement failed to locate UI element (Searching: ;[VisibleOnly]ControlType='Window' &amp;&amp; Name='Tamxml7' &amp;&amp; ClassName='TMessageForm') (The object specified was not found.)
\0&lt;/a&gt;
E, 3504, 25, 2013/05/23, 17:47:40.720, 2858658548924, QTAgent32.exe, Playback - [IMAGE] C:\Users\testuser\AppData\Local\Temp\UITestLogs\LastRun\RPF74A8.png
\0
W, 3504, 25, 2013/05/23, 17:47:40.720, 2858658551508, QTAgent32.exe, Playback - [WARNING] Internal warning: Couldn't find descendants that match QueryId
\0
W, 3504, 25, 2013/05/23, 17:47:40.720, 2858658555575, QTAgent32.exe, PERF WARNING: FindTopLevelWindowHelper::FindAllDescendents: took 21278 ms. Expected it to take maximum 500 ms.
W, 3504, 25, 2013/05/23, 17:47:45.968, 2858733702370, QTAgent32.exe, Playback - [WARNING] Internal warning: Window Not Found: [VisibleOnly]ControlType='Window' &amp;&amp; Name='Tamxml7' &amp;&amp; ClassName='TMessageForm'
\0
E, 3504, 25, 2013/05/23, 17:47:45.969, 2858733706655, QTAgent32.exe, &lt;a class=failure&gt;Playback - {120} [FAILED] Function ElementFetcher::FindScreenElement failed to locate UI element (Searching: ;[VisibleOnly]ControlType='Window' &amp;&amp; Name='Tamxml7' &amp;&amp; ClassName='TMessageForm') (The object specified was not found.)
\0&lt;/a&gt;
E, 3504, 25, 2013/05/23, 17:47:46.046, 2858734809429, QTAgent32.exe, Playback - [IMAGE] C:\Users\testuser\AppData\Local\Temp\UITestLogs\LastRun\RPF8981.png
\0
W, 3504, 25, 2013/05/23, 17:47:46.046, 2858734811950, QTAgent32.exe, Playback - [WARNING] Internal warning: Couldn't find descendants that match QueryId
\0
W, 3504, 25, 2013/05/23, 17:47:46.046, 2858734815616, QTAgent32.exe, PERF WARNING: FindTopLevelWindowHelper::FindAllDescendents: took 5325 ms. Expected it to take maximum 500 ms.
E, 3504, 25, 2013/05/23, 17:47:46.046, 2858734817602, QTAgent32.exe, Exception: System.Runtime.InteropServices.COMException
	Message: Error HRESULT E_FAIL has been returned from a call to a COM component.
	Stack Trace:    at Microsoft.VisualStudio.TestTools.UITest.Playback.Engine.IRPFPlayback.FindAllScreenElements(IScreenElement pScreenElementStart, String bstrQueryId, Object&amp; pvarResKeys, Int32 cResKeys, Int32 nMaxDepth, Object[]&amp; foundDescendants)
   at Microsoft.VisualStudio.TestTools.UITest.Playback.ScreenElement.FindTopLevelWindowHelper(String queryId)
	BaseExceptionMessage: Error HRESULT E_FAIL has been returned from a call to a COM component.

E, 3504, 25, 2013/05/23, 17:47:46.053, 2858734911220, QTAgent32.exe, Window 3277968 not responding. Last Win32 error 0
E, 3504, 25, 2013/05/23, 17:47:46.053, 2858734913418, QTAgent32.exe, GetClassName for handle 3277968 failed
E, 3504, 25, 2013/05/23, 17:47:46.053, 2858734920315, QTAgent32.exe, Window 4654306 not responding. Last Win32 error 1400
E, 3504, 25, 2013/05/23, 17:47:46.053, 2858734921238, QTAgent32.exe, GetClassName for handle 4654306 failed
E, 3504, 25, 2013/05/23, 17:47:46.154, 2858736360086, QTAgent32.exe, AL: Playback Error: Microsoft.VisualStudio.TestTools.UITest.Extension.UITestControlNotAvailableException: The control is not available or not valid. Additional Details: 
TechnologyName:  'MSAA'
Name:  'OK'
ControlType:  'Button'
 ---&gt; Microsoft.VisualStudio.TestTools.UITest.Extension.UITestControlNotAvailableException: The control is not available or not valid. Additional Details: 
TechnologyName:  'MSAA'
Name:  'Tamxml7'
ClassName:  'TMessageForm'
ControlType:  'Window'
 ---&gt; System.Runtime.InteropServices.COMException: Error HRESULT E_FAIL has been returned from a call to a COM component.
   at Microsoft.VisualStudio.TestTools.UITest.Playback.Engine.IRPFPlayback.FindAllScreenElements(IScreenElement pScreenElementStart, String bstrQueryId, Object&amp; pvarResKeys, Int32 cResKeys, Int32 nMaxDepth, Object[]&amp; foundDescendants)
   at Microsoft.VisualStudio.TestTools.UITest.Playback.ScreenElement.FindTopLevelWindowHelper(String queryId)
   at Microsoft.VisualStudio.TestTools.UITest.Playback.ScreenElement.FindFromPartialQueryId(String queryId)
   at Microsoft.VisualStudio.TestTools.UITesting.UITestControl.EnsureValid(Boolean waitForReady, Boolean refetch)
   --- End of inner exception stack trace ---
   at Microsoft.VisualStudio.TestTools.UITesting.UITestControl.EnsureValid(Boolean waitForReady, Boolean refetch)
   at Microsoft.VisualStudio.TestTools.UITesting.UITestControl.FindFirstDescendant(String queryId, Int32 maxDepth, Int32&amp; timeLeft)
   at Microsoft.VisualStudio.TestTools.UITesting.UITestControl.FindFirstDescendant(String queryId)
   at Microsoft.VisualStudio.TestTools.UITesting.UITestControl.EnsureValid(Boolean waitForReady, Boolean refetch)
   --- End of inner exception stack trace ---
   at Microsoft.VisualStudio.TestTools.UITesting.UITestControl.EnsureValid(Boolean waitForReady, Boolean refetch)
   at Microsoft.VisualStudio.TestTools.UITesting.UITestControl.Click(MouseButtons button, ModifierKeys modifierKeys, Point relativeCoordinates)
   at Microsoft.VisualStudio.TestTools.UITesting.Mouse.ClickImplementation(UITestControl control, MouseButtons button, ModifierKeys modifierKeys, Point relativeCoordinate)
   at Microsoft.VisualStudio.TestTools.UITesting.Mouse.ClickImplementationWrapper(UITestControl control, MouseButtons button, ModifierKeys modifierKeys, Point relativeCoordinate)
W, 3504, 25, 2013/05/23, 17:47:46.154, 2858736363561, QTAgent32.exe, PlaybackErrorHandler: Ignoring exception as ContinueOnError is set.
W, 3504, 25, 2013/05/23, 17:47:46.356, 2858739251267, QTAgent32.exe, &lt;a class=success&gt;Playback - {121} [SUCCESS] MouseButtonClick - "[MSAA, VisibleOnly]ControlType='Button' &amp;&amp; Name='Cancel'"
\0&lt;/a&gt;
W, 3504, 25, 2013/05/23, 17:47:46.750, 2858744890495, QTAgent32.exe, &lt;a class=success&gt;Playback - {122} [SUCCESS] MouseButtonClick - "[MSAA, VisibleOnly]ControlType='Button'"
\0&lt;/a&gt;
W, 3504, 25, 2013/05/23, 17:47:47.207, 2858751434181, QTAgent32.exe, &lt;a class=success&gt;Playback - {123} [SUCCESS] MouseButtonClick - "[MSAA, VisibleOnly]ControlType='Button' &amp;&amp; Name='Detail'"
\0&lt;/a&gt;
W, 3504, 25, 2013/05/23, 17:47:47.434, 2858754691130, QTAgent32.exe, &lt;a class=success&gt;Playback - {124} [SUCCESS] MouseButtonClick - "[MSAA, VisibleOnly]ControlType='Edit'"
\0&lt;/a&gt;
W, 3504, 25, 2013/05/23, 17:47:47.536, 2858756141292, QTAgent32.exe, Playback - [WARNING] Internal warning: Thread state based WFR - Requested element has invalid HWND
\0
W, 3504, 25, 2013/05/23, 17:47:47.536, 2858756143494, QTAgent32.exe, Playback - [WARNING] Internal warning: process performance counters based WFR - Requested element has invalid HWND
\0
E, 3504, 25, 2013/05/23, 17:47:47.536, 2858756147135, QTAgent32.exe, EnsureValid called via EnsureValid call for same element
E, 3504, 25, 2013/05/23, 17:47:47.536, 2858756149215, QTAgent32.exe, EnsureValid called via EnsureValid call for same element
E, 3504, 25, 2013/05/23, 17:47:47.536, 2858756150598, QTAgent32.exe, EnsureValid called via EnsureValid call for same element
E, 3504, 25, 2013/05/23, 17:47:47.537, 2858756153921, QTAgent32.exe, Window 7406660 not responding. Last Win32 error 0
E, 3504, 25, 2013/05/23, 17:47:47.537, 2858756155834, QTAgent32.exe, GetClassName for handle 7406660 failed
W, 3504, 25, 2013/05/23, 17:47:50.869, 2858803874813, QTAgent32.exe, IEDOM : StopSession of the plugin called before StartSession
W, 3504, 25, 2013/05/23, 17:47:50.869, 2858803876763, QTAgent32.exe, UIA : StopSession of the plugin called before StartSession
</DebugTrace>
        <ErrorInfo>
          <Message>Assert.AreNotEqual failed. Expected any value except:&lt;0.00&gt;. Actual:&lt;0.00&gt;. </Message>
          <StackTrace>   at Ver1.UIMap.HomeCheckPremium() in C:\AutotestTam1205\TestProject7\UIMap.Designer.cs:line 1286
   at Ver1.CodedUITest2.HouseSaveQuoteWithoutPremium() in C:\AutotestTam1205\TestProject7\CodedUITest2.cs:line 1065
</StackTrace>
        </ErrorInfo>
      </Output>
      <ResultFiles>
        <ResultFile path="ICLVDEVTM02\HouseSaveQuoteWithoutPremium.png" />
      </ResultFiles>
      <ExtensionResult>Exception has been thrown by the target of an invocation.</ExtensionResult>
    </UnitTestResult>
    <UnitTestResult executionId="56b5e428-22dd-4364-b0da-e14241403569" testId="025fcabb-f026-f156-d3f9-293b0e4f1a15" testName="HouseOverridePremium" computerName="ICLVDEVTM02" duration="00:05:04.2763514" startTime="2013-05-23T17:47:50.9299400+01:00" endTime="2013-05-23T17:52:55.2490837+01:00" testType="13cdc9d9-ddb5-4fa4-a97d-d965ccfc6d4b" outcome="Passed" testListId="8c84fa94-04c1-424b-9868-57a2d4851a1d" relativeResultsDirectory="56b5e428-22dd-4364-b0da-e14241403569">
      <Output>
        <DebugTrace>W, 3504, 19, 2013/05/23, 17:47:56.493, 2858884391970, QTAgent32.exe, &lt;a class=success&gt;Playback - {1} [SUCCESS] MouseButtonClick - "[MSAA, VisibleOnly]ControlType='Edit'"
\0&lt;/a&gt;
W, 3504, 19, 2013/05/23, 17:47:57.049, 2858892361464, QTAgent32.exe, &lt;a class=success&gt;Playback - {2} [SUCCESS] SendKeys "[*]" - "[MSAA, VisibleOnly]ControlType='Edit'"
\0&lt;/a&gt;
W, 3504, 19, 2013/05/23, 17:47:57.796, 2858903054276, QTAgent32.exe, &lt;a class=success&gt;Playback - {3} [SUCCESS] MouseButtonClick - "[MSAA, VisibleOnly]ControlType='Button' &amp;&amp; Name='OK'"
\0&lt;/a&gt;
W, 3504, 19, 2013/05/23, 17:47:58.111, 2858907559850, QTAgent32.exe, &lt;a class=success&gt;Playback - {4} [SUCCESS] SendKeys "^{HOME}" - "[MSAA, VisibleOnly]ControlType='Edit'"
\0&lt;/a&gt;
E, 3504, 19, 2013/05/23, 17:47:58.111, 2858907563112, QTAgent32.exe, Msaa.GetFocusedElement: could not find accessible object of foreground window
W, 3504, 19, 2013/05/23, 17:47:58.167, 2858908368247, QTAgent32.exe, &lt;a class=success&gt;Playback - {5} [SUCCESS] SendKeys "^+{END}" - "[MSAA, VisibleOnly]ControlType='Edit'"
\0&lt;/a&gt;
E, 3504, 19, 2013/05/23, 17:47:58.169, 2858908388180, QTAgent32.exe, Msaa.GetFocusedElement: could not find accessible object of foreground window
W, 3504, 19, 2013/05/23, 17:47:58.213, 2858909018132, QTAgent32.exe, &lt;a class=success&gt;Playback - {6} [SUCCESS] SendKeys "{DELETE}" - "[MSAA, VisibleOnly]ControlType='Edit'"
\0&lt;/a&gt;
W, 3504, 19, 2013/05/23, 17:47:58.663, 2858915465025, QTAgent32.exe, &lt;a class=success&gt;Playback - {7} [SUCCESS] SetValueAsEditBox "23/05/2013" - "[MSAA, VisibleOnly]ControlType='Edit'"  &lt; Set via SendKeys &gt;
\0&lt;/a&gt;
W, 3504, 19, 2013/05/23, 17:47:59.203, 2858923207811, QTAgent32.exe, Playback - [WARNING] Internal warning: Incorrect flag set for InvokeProgrammaticAction\0
W, 3504, 19, 2013/05/23, 17:47:59.325, 2858924940023, QTAgent32.exe, &lt;a class=success&gt;Playback - {8} [SUCCESS] SetValueAsComboBox "May" - "[MSAA, VisibleOnly]ControlType='ComboBox'"  &lt; SetValueAsComboBox, set by clicking on the item in the list box &gt;
\0&lt;/a&gt;
W, 3504, 19, 2013/05/23, 17:47:59.722, 2858930628837, QTAgent32.exe, &lt;a class=success&gt;Playback - {9} [SUCCESS] SendKeys "^{HOME}" - "[MSAA, VisibleOnly]ControlType='Edit'"
\0&lt;/a&gt;
E, 3504, 19, 2013/05/23, 17:47:59.722, 2858930632335, QTAgent32.exe, Msaa.GetFocusedElement: could not find accessible object of foreground window
W, 3504, 19, 2013/05/23, 17:47:59.779, 2858931438567, QTAgent32.exe, &lt;a class=success&gt;Playback - {10} [SUCCESS] SendKeys "^+{END}" - "[MSAA, VisibleOnly]ControlType='Edit'"
\0&lt;/a&gt;
E, 3504, 19, 2013/05/23, 17:47:59.779, 2858931442042, QTAgent32.exe, Msaa.GetFocusedElement: could not find accessible object of foreground window
W, 3504, 19, 2013/05/23, 17:47:59.794, 2858931662407, QTAgent32.exe, &lt;a class=success&gt;Playback - {11} [SUCCESS] SendKeys "{DELETE}" - "[MSAA, VisibleOnly]ControlType='Edit'"
\0&lt;/a&gt;
W, 3504, 19, 2013/05/23, 17:48:00.038, 2858935155951, QTAgent32.exe, &lt;a class=success&gt;Playback - {12} [SUCCESS] SetValueAsEditBox "2013" - "[MSAA, VisibleOnly]ControlType='Edit'"  &lt; Set via SendKeys &gt;
\0&lt;/a&gt;
W, 3504, 19, 2013/05/23, 17:48:00.256, 2858938276478, QTAgent32.exe, &lt;a class=success&gt;Playback - {13} [SUCCESS] MouseButtonClick - "[MSAA, VisibleOnly]ControlType='Button' &amp;&amp; Name='OK'"
\0&lt;/a&gt;
W, 3504, 19, 2013/05/23, 17:48:01.493, 2858955990412, QTAgent32.exe, Playback - [WARNING] Internal warning: Window Not Found: [VisibleOnly]ControlType='Window' &amp;&amp; Name='Warning' &amp;&amp; ClassName='#32770'
\0
E, 3504, 19, 2013/05/23, 17:48:01.493, 2858955994141, QTAgent32.exe, &lt;a class=failure&gt;Playback - {14} [FAILED] Function ElementFetcher::FindScreenElement failed to locate UI element (Searching: ;[VisibleOnly]ControlType='Window' &amp;&amp; Name='Warning' &amp;&amp; ClassName='#32770') (The object specified was not found.)
\0&lt;/a&gt;
E, 3504, 19, 2013/05/23, 17:48:01.573, 2858957137991, QTAgent32.exe, Playback - [IMAGE] C:\Users\testuser\AppData\Local\Temp\UITestLogs\LastRun\RPFC624.png
\0
W, 3504, 19, 2013/05/23, 17:48:01.574, 2858957140453, QTAgent32.exe, Playback - [WARNING] Internal warning: Couldn't find descendants that match QueryId
\0
W, 3504, 19, 2013/05/23, 17:48:01.574, 2858957144532, QTAgent32.exe, PERF WARNING: FindTopLevelWindowHelper::FindAllDescendents: took 1186 ms. Expected it to take maximum 500 ms.
W, 3504, 19, 2013/05/23, 17:48:19.607, 2859215343316, QTAgent32.exe, Playback - [WARNING] Internal warning: Window Not Found: [VisibleOnly]ControlType='Window' &amp;&amp; Name='Warning' &amp;&amp; ClassName='#32770'
\0
E, 3504, 19, 2013/05/23, 17:48:19.607, 2859215348698, QTAgent32.exe, &lt;a class=failure&gt;Playback - {15} [FAILED] Function ElementFetcher::FindScreenElement failed to locate UI element (Searching: ;[VisibleOnly]ControlType='Window' &amp;&amp; Name='Warning' &amp;&amp; ClassName='#32770') (The object specified was not found.)
\0&lt;/a&gt;
E, 3504, 19, 2013/05/23, 17:48:19.686, 2859216477448, QTAgent32.exe, Playback - [IMAGE] C:\Users\testuser\AppData\Local\Temp\UITestLogs\LastRun\RPFCE5.png
\0
W, 3504, 19, 2013/05/23, 17:48:19.686, 2859216479873, QTAgent32.exe, Playback - [WARNING] Internal warning: Couldn't find descendants that match QueryId
\0
W, 3504, 19, 2013/05/23, 17:48:19.687, 2859216485890, QTAgent32.exe, PERF WARNING: FindTopLevelWindowHelper::FindAllDescendents: took 18111 ms. Expected it to take maximum 500 ms.
W, 3504, 19, 2013/05/23, 17:48:20.216, 2859224070905, QTAgent32.exe, Playback - [WARNING] Internal warning: Smart Match failed
\0
W, 3504, 19, 2013/05/23, 17:48:20.657, 2859230375865, QTAgent32.exe, Playback - [WARNING] Internal warning: Smart Match failed
\0
W, 3504, 19, 2013/05/23, 17:48:21.048, 2859235972326, QTAgent32.exe, Playback - [WARNING] Internal warning: Smart Match failed
\0
W, 3504, 19, 2013/05/23, 17:48:21.415, 2859241241012, QTAgent32.exe, Playback - [WARNING] Internal warning: Smart Match failed
\0
W, 3504, 19, 2013/05/23, 17:48:21.837, 2859247277056, QTAgent32.exe, Playback - [WARNING] Internal warning: Smart Match failed
\0
W, 3504, 19, 2013/05/23, 17:48:22.198, 2859252441506, QTAgent32.exe, Playback - [WARNING] Internal warning: Smart Match failed
\0
W, 3504, 19, 2013/05/23, 17:48:22.560, 2859257634046, QTAgent32.exe, Playback - [WARNING] Internal warning: Smart Match failed
\0
W, 3504, 19, 2013/05/23, 17:48:22.832, 2859261532121, QTAgent32.exe, Playback - [WARNING] Internal warning: Window Not Found: [VisibleOnly]ControlType='Window' &amp;&amp; Name='Warning' &amp;&amp; ClassName='#32770'
\0
E, 3504, 19, 2013/05/23, 17:48:22.833, 2859261535164, QTAgent32.exe, &lt;a class=failure&gt;Playback - {16} [FAILED] Function ElementFetcher::FindScreenElement failed to locate UI element (Searching: ;[VisibleOnly]ControlType='Window' &amp;&amp; Name='Warning' &amp;&amp; ClassName='#32770') (The object specified was not found.)
\0&lt;/a&gt;
E, 3504, 19, 2013/05/23, 17:48:22.919, 2859262762869, QTAgent32.exe, Playback - [IMAGE] C:\Users\testuser\AppData\Local\Temp\UITestLogs\LastRun\RPF1983.png
\0
W, 3504, 19, 2013/05/23, 17:48:22.919, 2859262765326, QTAgent32.exe, Playback - [WARNING] Internal warning: Couldn't find descendants that match QueryId
\0
W, 3504, 19, 2013/05/23, 17:48:22.919, 2859262768242, QTAgent32.exe, PERF WARNING: FindTopLevelWindowHelper::FindAllDescendents: took 3232 ms. Expected it to take maximum 500 ms.
E, 3504, 19, 2013/05/23, 17:48:22.919, 2859262770096, QTAgent32.exe, Exception: System.Runtime.InteropServices.COMException
	Message: Error HRESULT E_FAIL has been returned from a call to a COM component.
	Stack Trace:    at Microsoft.VisualStudio.TestTools.UITest.Playback.Engine.IRPFPlayback.FindAllScreenElements(IScreenElement pScreenElementStart, String bstrQueryId, Object&amp; pvarResKeys, Int32 cResKeys, Int32 nMaxDepth, Object[]&amp; foundDescendants)
   at Microsoft.VisualStudio.TestTools.UITest.Playback.ScreenElement.FindTopLevelWindowHelper(String queryId)
	BaseExceptionMessage: Error HRESULT E_FAIL has been returned from a call to a COM component.

E, 3504, 19, 2013/05/23, 17:48:23.061, 2859264803229, QTAgent32.exe, AL: Playback Error: Microsoft.VisualStudio.TestTools.UITest.Extension.UITestControlNotFoundException: The playback failed to find the control with the given search properties. Additional Details: 
TechnologyName:  'MSAA'
ControlType:  'Window'
Name:  'Warning'
ClassName:  '#32770'
 ---&gt; System.Runtime.InteropServices.COMException: Error HRESULT E_FAIL has been returned from a call to a COM component.
   at Microsoft.VisualStudio.TestTools.UITest.Playback.Engine.IRPFPlayback.FindAllScreenElements(IScreenElement pScreenElementStart, String bstrQueryId, Object&amp; pvarResKeys, Int32 cResKeys, Int32 nMaxDepth, Object[]&amp; foundDescendants)
   at Microsoft.VisualStudio.TestTools.UITest.Playback.ScreenElement.FindTopLevelWindowHelper(String queryId)
   at Microsoft.VisualStudio.TestTools.UITest.Playback.ScreenElement.FindFromPartialQueryId(String queryId)
   at Microsoft.VisualStudio.TestTools.UITesting.UITestControl..ctor(String queryId)
   --- End of inner exception stack trace ---
   at Microsoft.VisualStudio.TestTools.UITesting.Playback.MapControlNotFoundException(COMException ex, IPlaybackContext context)
   at Microsoft.VisualStudio.TestTools.UITesting.Playback.MapAndThrowComException(COMException innerException, IPlaybackContext context)
   at Microsoft.VisualStudio.TestTools.UITesting.Playback.MapAndThrowException(SystemException exception, IPlaybackContext context)
   at Microsoft.VisualStudio.TestTools.UITesting.Playback.MapAndThrowException(SystemException exception, String queryId)
   at Microsoft.VisualStudio.TestTools.UITesting.UITestControl..ctor(String queryId)
   at Microsoft.VisualStudio.TestTools.UITesting.SearchHelper.SearchTopLevelWindow(ISearchArgument topLevelSearchArg, String topLevelElementQueryId)
   at Microsoft.VisualStudio.TestTools.UITesting.SearchHelper.GetTitleUpdatedTopLevelWindow(ISearchArgument topLevelSearchArg, String queryId, IList`1 windowTitles)
   at Microsoft.VisualStudio.TestTools.UITesting.SearchHelper.GetTopLevelElement(Boolean useCache, Boolean useCacheOnly, ISearchArgument searchArg, IList`1 windowTitles, Int32&amp; timeLeft)
   at Microsoft.VisualStudio.TestTools.UITesting.SearchHelper.GetElement(Boolean useCache, ISearchArgument searchArg)
   at Microsoft.VisualStudio.TestTools.UITesting.SearchHelper.Search(ISearchArgument searchArg)
   at Microsoft.VisualStudio.TestTools.UITesting.UITestControl.FindInternal()
   at Microsoft.VisualStudio.TestTools.UITesting.UITestControl.FindControlIfNecessary()
   at Microsoft.VisualStudio.TestTools.UITesting.UITestControl.Click(MouseButtons button, ModifierKeys modifierKeys, Point relativeCoordinates)
   at Microsoft.VisualStudio.TestTools.UITesting.Mouse.ClickImplementation(UITestControl control, MouseButtons button, ModifierKeys modifierKeys, Point relativeCoordinate)
   at Microsoft.VisualStudio.TestTools.UITesting.Mouse.ClickImplementationWrapper(UITestControl control, MouseButtons button, ModifierKeys modifierKeys, Point relativeCoordinate)
W, 3504, 19, 2013/05/23, 17:48:23.062, 2859264806509, QTAgent32.exe, PlaybackErrorHandler: Ignoring exception as ContinueOnError is set.
W, 3504, 19, 2013/05/23, 17:48:23.094, 2859265265580, QTAgent32.exe, &lt;a class=success&gt;Playback - {17} [SUCCESS] TypeString "#(R)"
\0&lt;/a&gt;
E, 3504, 19, 2013/05/23, 17:48:23.941, 2859277399294, QTAgent32.exe, Exception: System.ArgumentException
	Message: Value does not fall within the expected range.
	Stack Trace:    at Accessibility.IAccessible.get_accRole(Object varChild)
   at Microsoft.VisualStudio.TestTools.UITest.Extension.Msaa.AccWrapper.get_RoleInt()
	BaseExceptionMessage: Value does not fall within the expected range.

E, 3504, 19, 2013/05/23, 17:48:23.954, 2859277579843, QTAgent32.exe, Exception: System.ArgumentException
	Message: Value does not fall within the expected range.
	Stack Trace:    at Accessibility.IAccessible.get_accRole(Object varChild)
   at Microsoft.VisualStudio.TestTools.UITest.Extension.Msaa.AccWrapper.get_RoleInt()
	BaseExceptionMessage: Value does not fall within the expected range.

W, 3504, 19, 2013/05/23, 17:48:25.061, 2859293433313, QTAgent32.exe, &lt;a class=success&gt;Playback - {18} [SUCCESS] LeftButtonClick  &lt; Mouse cursor location (87, 908) &gt;
\0&lt;/a&gt;
W, 3504, 19, 2013/05/23, 17:48:26.707, 2859317009006, QTAgent32.exe, &lt;a class=success&gt;Playback - {19} [SUCCESS] SetValueAsEditBox "c:\TestProject7\office.reg"  &lt; Set via SendKeys &gt;
\0&lt;/a&gt;
W, 3504, 19, 2013/05/23, 17:48:26.707, 2859317011639, QTAgent32.exe, &lt;a class=success&gt;Playback - {20} [SUCCESS] SetValueAsComboBox "c:\TestProject7\office.reg" - "[MSAA, VisibleOnly]ControlType='ComboBox' &amp;&amp; Name='Open:'"  &lt; Set via SetValueAsEditBox &gt;
\0&lt;/a&gt;
W, 3504, 19, 2013/05/23, 17:48:26.981, 2859320923840, QTAgent32.exe, &lt;a class=success&gt;Playback - {21} [SUCCESS] MouseButtonClick - "[MSAA, VisibleOnly]ControlType='Button' &amp;&amp; Name='OK'"
\0&lt;/a&gt;
W, 3504, 19, 2013/05/23, 17:48:27.661, 2859330659769, QTAgent32.exe, PERF WARNING: FindTopLevelWindowHelper::FindAllDescendents: took 579 ms. Expected it to take maximum 500 ms.
W, 3504, 19, 2013/05/23, 17:48:27.912, 2859334250758, QTAgent32.exe, &lt;a class=success&gt;Playback - {22} [SUCCESS] MouseButtonClick - "[MSAA, VisibleOnly]ControlType='Button' &amp;&amp; Name='Yes'"
\0&lt;/a&gt;
W, 3504, 19, 2013/05/23, 17:48:28.246, 2859339035261, QTAgent32.exe, &lt;a class=success&gt;Playback - {23} [SUCCESS] MouseButtonClick - "[MSAA, VisibleOnly]ControlType='Button' &amp;&amp; Name='OK'"
\0&lt;/a&gt;
W, 3504, 19, 2013/05/23, 17:48:28.517, 2859342915509, QTAgent32.exe, &lt;a class=success&gt;Playback - {24} [SUCCESS] MouseButtonClick - "[MSAA, VisibleOnly]ControlType='Button' &amp;&amp; Name='Clients &amp; Files'"
\0&lt;/a&gt;
W, 3504, 19, 2013/05/23, 17:48:30.154, 2859366363473, QTAgent32.exe, PERF WARNING: FindTopLevelWindowHelper::FindAllDescendents: took 1517 ms. Expected it to take maximum 500 ms.
W, 3504, 19, 2013/05/23, 17:48:31.130, 2859380331078, QTAgent32.exe, Playback - [WARNING] Internal warning: Incorrect flag set for InvokeProgrammaticAction\0
W, 3504, 19, 2013/05/23, 17:48:31.251, 2859382066098, QTAgent32.exe, &lt;a class=success&gt;Playback - {25} [SUCCESS] SetValueAsComboBox "Customers" - "[MSAA, VisibleOnly]ControlType='ComboBox'"  &lt; SetValueAsComboBox, set by clicking on the item in the list box &gt;
\0&lt;/a&gt;
W, 3504, 19, 2013/05/23, 17:48:31.718, 2859388749819, QTAgent32.exe, &lt;a class=success&gt;Playback - {26} [SUCCESS] MouseButtonClick - "[MSAA, VisibleOnly]ControlType='Button' &amp;&amp; Name='Add'"
\0&lt;/a&gt;
W, 3504, 19, 2013/05/23, 17:48:32.488, 2859399784014, QTAgent32.exe, &lt;a class=success&gt;Playback - {27} [SUCCESS] SendKeys "autotest" - "[MSAA, VisibleOnly]ControlType='RadioButton' &amp;&amp; Name='Personal Lines'"
\0&lt;/a&gt;
W, 3504, 19, 2013/05/23, 17:48:33.577, 2859415376595, QTAgent32.exe, &lt;a class=success&gt;Playback - {28} [SUCCESS] SetValueAsEditBox "autotest" - "[MSAA, VisibleOnly]ControlType='Edit'"  &lt; Set via SendKeys &gt;
\0&lt;/a&gt;
W, 3504, 19, 2013/05/23, 17:48:33.809, 2859418700180, QTAgent32.exe, &lt;a class=success&gt;Playback - {29} [SUCCESS] MouseButtonClick - "[MSAA, VisibleOnly]ControlType='Button' &amp;&amp; Name='OK'"
\0&lt;/a&gt;
W, 3504, 19, 2013/05/23, 17:48:34.139, 2859423426045, QTAgent32.exe, &lt;a class=success&gt;Playback - {30} [SUCCESS] MouseButtonClick - "[MSAA, VisibleOnly]ControlType='Button' &amp;&amp; Name='Yes'"
\0&lt;/a&gt;
W, 3504, 19, 2013/05/23, 17:48:34.784, 2859432646328, QTAgent32.exe, &lt;a class=success&gt;Playback - {31} [SUCCESS] SendKeys "^{HOME}" - "[MSAA, VisibleOnly]ControlType='Edit'"
\0&lt;/a&gt;
E, 3504, 19, 2013/05/23, 17:48:34.784, 2859432650189, QTAgent32.exe, Msaa.GetFocusedElement: could not find accessible object of foreground window
W, 3504, 19, 2013/05/23, 17:48:34.848, 2859433569908, QTAgent32.exe, &lt;a class=success&gt;Playback - {32} [SUCCESS] SendKeys "^+{END}" - "[MSAA, VisibleOnly]ControlType='Edit'"
\0&lt;/a&gt;
E, 3504, 19, 2013/05/23, 17:48:34.849, 2859433574008, QTAgent32.exe, Msaa.GetFocusedElement: could not find accessible object of foreground window
W, 3504, 19, 2013/05/23, 17:48:34.865, 2859433814547, QTAgent32.exe, &lt;a class=success&gt;Playback - {33} [SUCCESS] SendKeys "{DELETE}" - "[MSAA, VisibleOnly]ControlType='Edit'"
\0&lt;/a&gt;
W, 3504, 19, 2013/05/23, 17:48:35.259, 2859439456225, QTAgent32.exe, &lt;a class=success&gt;Playback - {34} [SUCCESS] SetValueAsEditBox "1" - "[MSAA, VisibleOnly]ControlType='Edit'"  &lt; Set via SendKeys &gt;
\0&lt;/a&gt;
W, 3504, 19, 2013/05/23, 17:48:35.848, 2859447882828, QTAgent32.exe, &lt;a class=success&gt;Playback - {35} [SUCCESS] SendKeys "^{HOME}" - "[MSAA, VisibleOnly]ControlType='Edit'"
\0&lt;/a&gt;
E, 3504, 19, 2013/05/23, 17:48:35.848, 2859447886513, QTAgent32.exe, Msaa.GetFocusedElement: could not find accessible object of foreground window
W, 3504, 19, 2013/05/23, 17:48:35.918, 2859448892914, QTAgent32.exe, &lt;a class=success&gt;Playback - {36} [SUCCESS] SendKeys "^+{END}" - "[MSAA, VisibleOnly]ControlType='Edit'"
\0&lt;/a&gt;
E, 3504, 19, 2013/05/23, 17:48:35.919, 2859448896559, QTAgent32.exe, Msaa.GetFocusedElement: could not find accessible object of foreground window
W, 3504, 19, 2013/05/23, 17:48:35.934, 2859449119551, QTAgent32.exe, &lt;a class=success&gt;Playback - {37} [SUCCESS] SendKeys "{DELETE}" - "[MSAA, VisibleOnly]ControlType='Edit'"
\0&lt;/a&gt;
W, 3504, 19, 2013/05/23, 17:48:36.372, 2859455393662, QTAgent32.exe, &lt;a class=success&gt;Playback - {38} [SUCCESS] SetValueAsEditBox "1" - "[MSAA, VisibleOnly]ControlType='Edit'"  &lt; Set via SendKeys &gt;
\0&lt;/a&gt;
W, 3504, 19, 2013/05/23, 17:48:37.981, 2859478437881, QTAgent32.exe, Playback - [WARNING] Internal warning: Target element "[MSAA, VisibleOnly]ControlType='Button' &amp;&amp; Name='OK'" was not found, so all intermediate elements were ignored. An incorrect element that matches target element Id can be found as the result.  Verify that all intermediate elements in QueryId have valid and unique Ids
\0
W, 3504, 19, 2013/05/23, 17:48:38.515, 2859486080888, QTAgent32.exe, PERF WARNING: FindAllDescendents: took 2041 ms. Expected it to take maximum 500 ms.
W, 3504, 19, 2013/05/23, 17:48:38.813, 2859490341847, QTAgent32.exe, &lt;a class=success&gt;Playback - {39} [SUCCESS] MouseButtonClick - "[MSAA, VisibleOnly]ControlType='Button' &amp;&amp; Name='OK'"
\0&lt;/a&gt;
W, 3504, 19, 2013/05/23, 17:48:39.194, 2859495795437, QTAgent32.exe, &lt;a class=success&gt;Playback - {40} [SUCCESS] MouseButtonClick - "[MSAA, VisibleOnly]ControlType='Button'"
\0&lt;/a&gt;
W, 3504, 19, 2013/05/23, 17:48:39.598, 2859501576466, QTAgent32.exe, &lt;a class=success&gt;Playback - {41} [SUCCESS] MouseButtonClick - "[MSAA, VisibleOnly]ControlType='Button' &amp;&amp; Name='Add'"
\0&lt;/a&gt;
W, 3504, 19, 2013/05/23, 17:48:39.834, 2859504961894, QTAgent32.exe, &lt;a class=success&gt;Playback - {42} [SUCCESS] MouseButtonClick - "[MSAA, VisibleOnly]ControlType='Button' &amp;&amp; Name='OK'"
\0&lt;/a&gt;
W, 3504, 19, 2013/05/23, 17:48:42.109, 2859537532687, QTAgent32.exe, &lt;a class=success&gt;Playback - {43} [SUCCESS] MouseButtonClick - "[MSAA, VisibleOnly,Window]ControlType='Window' &amp;&amp; ClassName='ThunderRT6TextBox'"
\0&lt;/a&gt;
W, 3504, 19, 2013/05/23, 17:48:43.130, 2859552148745, QTAgent32.exe, &lt;a class=success&gt;Playback - {44} [SUCCESS] SetValueAsEditBox "HOME" - "[MSAA, VisibleOnly]ControlType='Edit'"  &lt; Set via SendKeys &gt;
\0&lt;/a&gt;
W, 3504, 19, 2013/05/23, 17:48:43.526, 2859557822977, QTAgent32.exe, &lt;a class=success&gt;Playback - {45} [SUCCESS] MouseButtonClick - "[MSAA, VisibleOnly]ControlType='Button' &amp;&amp; Name='OK'"
\0&lt;/a&gt;
W, 3504, 19, 2013/05/23, 17:48:43.775, 2859561391980, QTAgent32.exe, &lt;a class=success&gt;Playback - {46} [SUCCESS] MouseButtonClick - "[MSAA, VisibleOnly]ControlType='Button' &amp;&amp; Name='Options'"
\0&lt;/a&gt;
W, 3504, 19, 2013/05/23, 17:48:43.877, 2859562849706, QTAgent32.exe, FindScreenElementInSinglePass : Attempting to find control in one pass of search. Failures can occur.
W, 3504, 19, 2013/05/23, 17:48:44.773, 2859575673304, QTAgent32.exe, &lt;a class=success&gt;Playback - {47} [SUCCESS] MouseButtonClick - "[MSAA]ControlType='MenuItem' &amp;&amp; Name='Links'"
\0&lt;/a&gt;
W, 3504, 19, 2013/05/23, 17:48:44.873, 2859577112619, QTAgent32.exe, FindScreenElementInSinglePass : Attempting to find control in one pass of search. Failures can occur.
W, 3504, 19, 2013/05/23, 17:48:45.377, 2859584324106, QTAgent32.exe, &lt;a class=success&gt;Playback - {48} [SUCCESS] MouseButtonClick - "[MSAA]ControlType='MenuItem' &amp;&amp; Name='3rd Party Integration'"
\0&lt;/a&gt;
W, 3504, 19, 2013/05/23, 17:48:45.477, 2859585761952, QTAgent32.exe, FindScreenElementInSinglePass : Attempting to find control in one pass of search. Failures can occur.
W, 3504, 19, 2013/05/23, 17:48:46.008, 2859593367382, QTAgent32.exe, &lt;a class=success&gt;Playback - {49} [SUCCESS] MouseButtonClick - "[MSAA]ControlType='MenuItem' &amp;&amp; Name='Quote Select List'"
\0&lt;/a&gt;
W, 3504, 19, 2013/05/23, 17:48:47.569, 2859615707684, QTAgent32.exe, PERF WARNING: FindTopLevelWindowHelper::FindAllDescendents: took 1459 ms. Expected it to take maximum 500 ms.
W, 3504, 19, 2013/05/23, 17:48:47.716, 2859617809660, QTAgent32.exe, &lt;a class=success&gt;Playback - {50} [SUCCESS] MouseButtonClick - "[MSAA, VisibleOnly]ControlType='Button' &amp;&amp; Name='Ok'"
\0&lt;/a&gt;
W, 3504, 19, 2013/05/23, 17:48:50.995, 2859664762145, QTAgent32.exe, PERF WARNING: FindTopLevelWindowHelper::FindAllDescendents: took 3175 ms. Expected it to take maximum 500 ms.
W, 3504, 19, 2013/05/23, 17:48:51.809, 2859676423602, QTAgent32.exe, &lt;a class=success&gt;Playback - {51} [SUCCESS] SetValueAsEditBox "test1" - "[MSAA, VisibleOnly]ControlType='Edit'"  &lt; Set via SendKeys &gt;
\0&lt;/a&gt;
W, 3504, 19, 2013/05/23, 17:48:52.569, 2859687306314, QTAgent32.exe, &lt;a class=success&gt;Playback - {52} [SUCCESS] SetValueAsEditBox "test" - "[MSAA, VisibleOnly]ControlType='Edit'"  &lt; Set via SendKeys &gt;
\0&lt;/a&gt;
W, 3504, 19, 2013/05/23, 17:48:53.000, 2859693469862, QTAgent32.exe, &lt;a class=success&gt;Playback - {53} [SUCCESS] SendKeys "^{HOME}" - "[MSAA, VisibleOnly]ControlType='Edit'"
\0&lt;/a&gt;
E, 3504, 19, 2013/05/23, 17:48:53.000, 2859693473323, QTAgent32.exe, Msaa.GetFocusedElement: could not find accessible object of foreground window
W, 3504, 19, 2013/05/23, 17:48:53.056, 2859694277239, QTAgent32.exe, &lt;a class=success&gt;Playback - {54} [SUCCESS] SendKeys "^+{END}" - "[MSAA, VisibleOnly]ControlType='Edit'"
\0&lt;/a&gt;
E, 3504, 19, 2013/05/23, 17:48:53.056, 2859694280499, QTAgent32.exe, Msaa.GetFocusedElement: could not find accessible object of foreground window
W, 3504, 19, 2013/05/23, 17:48:53.084, 2859694682243, QTAgent32.exe, &lt;a class=success&gt;Playback - {55} [SUCCESS] SendKeys "{DELETE}" - "[MSAA, VisibleOnly]ControlType='Edit'"
\0&lt;/a&gt;
W, 3504, 19, 2013/05/23, 17:48:53.479, 2859700327062, QTAgent32.exe, &lt;a class=success&gt;Playback - {56} [SUCCESS] SetValueAsEditBox "test" - "[MSAA, VisibleOnly]ControlType='Edit'"  &lt; Set via SendKeys &gt;
\0&lt;/a&gt;
W, 3504, 19, 2013/05/23, 17:48:54.321, 2859712397237, QTAgent32.exe, Playback - [WARNING] Internal warning: Incorrect flag set for InvokeProgrammaticAction\0
W, 3504, 19, 2013/05/23, 17:48:54.444, 2859714142112, QTAgent32.exe, &lt;a class=success&gt;Playback - {57} [SUCCESS] SetValueAsComboBox "Account Director" - "[MSAA, VisibleOnly]ControlType='ComboBox'"  &lt; SetValueAsComboBox, set by clicking on the item in the list box &gt;
\0&lt;/a&gt;
W, 3504, 19, 2013/05/23, 17:48:55.227, 2859725355242, QTAgent32.exe, Playback - [WARNING] Internal warning: Incorrect flag set for InvokeProgrammaticAction\0
W, 3504, 19, 2013/05/23, 17:48:55.348, 2859727093725, QTAgent32.exe, &lt;a class=success&gt;Playback - {58} [SUCCESS] SetValueAsComboBox "Advertising" - "[MSAA, VisibleOnly]ControlType='ComboBox'"  &lt; SetValueAsComboBox, set by clicking on the item in the list box &gt;
\0&lt;/a&gt;
W, 3504, 19, 2013/05/23, 17:48:56.161, 2859738737944, QTAgent32.exe, &lt;a class=success&gt;Playback - {59} [SUCCESS] SetValueAsEditBox "160589" - "[MSAA, VisibleOnly]ControlType='Edit'"  &lt; Set via SendKeys &gt;
\0&lt;/a&gt;
W, 3504, 19, 2013/05/23, 17:48:56.406, 2859742234229, QTAgent32.exe, &lt;a class=success&gt;Playback - {60} [SUCCESS] MouseButtonClick - "[MSAA, VisibleOnly]ControlType='Edit'"
\0&lt;/a&gt;
W, 3504, 19, 2013/05/23, 17:48:57.230, 2859754037781, QTAgent32.exe, &lt;a class=success&gt;Playback - {61} [SUCCESS] SetValueAsEditBox "B338TH" - "[MSAA, VisibleOnly]ControlType='Edit'"  &lt; Set via SendKeys &gt;
\0&lt;/a&gt;
W, 3504, 19, 2013/05/23, 17:48:59.473, 2859786154953, QTAgent32.exe, &lt;a class=success&gt;Playback - {62} [SUCCESS] MouseButtonClick - "[MSAA, VisibleOnly]ControlType='Button' &amp;&amp; Name='Lookup...'"
\0&lt;/a&gt;
W, 3504, 19, 2013/05/23, 17:48:59.759, 2859790242755, QTAgent32.exe, &lt;a class=success&gt;Playback - {63} [SUCCESS] MouseButtonClick - "[MSAA, VisibleOnly]ControlType='Button' &amp;&amp; Name='Ok'"
\0&lt;/a&gt;
W, 3504, 19, 2013/05/23, 17:49:00.027, 2859794081634, QTAgent32.exe, &lt;a class=success&gt;Playback - {64} [SUCCESS] MouseButtonClick - "[MSAA, VisibleOnly]ControlType='Button' &amp;&amp; Name='Next &gt;'"
\0&lt;/a&gt;
W, 3504, 19, 2013/05/23, 17:49:01.132, 2859809907043, QTAgent32.exe, &lt;a class=success&gt;Playback - {65} [SUCCESS] SetValueAsEditBox "1989" - "[MSAA, VisibleOnly]ControlType='Edit'"  &lt; Set via SendKeys &gt;
\0&lt;/a&gt;
W, 3504, 19, 2013/05/23, 17:49:01.390, 2859813607812, QTAgent32.exe, &lt;a class=success&gt;Playback - {66} [SUCCESS] MouseButtonClick - "[MSAA, VisibleOnly]ControlType='Button' &amp;&amp; Name='Next &gt;'"
\0&lt;/a&gt;
W, 3504, 19, 2013/05/23, 17:49:01.627, 2859816992394, QTAgent32.exe, &lt;a class=success&gt;Playback - {67} [SUCCESS] MouseButtonClick - "[MSAA, VisibleOnly]ControlType='Button' &amp;&amp; Name='Next &gt;'"
\0&lt;/a&gt;
W, 3504, 19, 2013/05/23, 17:49:01.855, 2859820269147, QTAgent32.exe, &lt;a class=success&gt;Playback - {68} [SUCCESS] MouseButtonClick - "[MSAA, VisibleOnly]ControlType='Button' &amp;&amp; Name='Next &gt;'"
\0&lt;/a&gt;
W, 3504, 19, 2013/05/23, 17:49:02.933, 2859835698346, QTAgent32.exe, &lt;a class=success&gt;Playback - {69} [SUCCESS] SetValueAsEditBox "2345" - "[MSAA, VisibleOnly]ControlType='Edit'"  &lt; Set via SendKeys &gt;
\0&lt;/a&gt;
W, 3504, 19, 2013/05/23, 17:49:04.086, 2859852202540, QTAgent32.exe, &lt;a class=success&gt;Playback - {70} [SUCCESS] SetValueAsEditBox "2000" - "[MSAA, VisibleOnly]ControlType='Edit'"  &lt; Set via SendKeys &gt;
\0&lt;/a&gt;
W, 3504, 19, 2013/05/23, 17:49:05.126, 2859867095206, QTAgent32.exe, &lt;a class=success&gt;Playback - {71} [SUCCESS] SetValueAsEditBox "2000" - "[MSAA, VisibleOnly]ControlType='Edit'"  &lt; Set via SendKeys &gt;
\0&lt;/a&gt;
W, 3504, 19, 2013/05/23, 17:49:05.370, 2859870590982, QTAgent32.exe, &lt;a class=success&gt;Playback - {72} [SUCCESS] MouseButtonClick - "[MSAA, VisibleOnly]ControlType='Button' &amp;&amp; Name='Next &gt;'"
\0&lt;/a&gt;
W, 3504, 19, 2013/05/23, 17:49:06.483, 2859886527323, QTAgent32.exe, &lt;a class=success&gt;Playback - {73} [SUCCESS] SetValueAsEditBox "2345" - "[MSAA, VisibleOnly]ControlType='Edit'"  &lt; Set via SendKeys &gt;
\0&lt;/a&gt;
W, 3504, 19, 2013/05/23, 17:49:06.737, 2859890160896, QTAgent32.exe, &lt;a class=success&gt;Playback - {74} [SUCCESS] MouseButtonClick - "[MSAA, VisibleOnly]ControlType='Button' &amp;&amp; Name='Next &gt;'"
\0&lt;/a&gt;
W, 3504, 19, 2013/05/23, 17:49:07.013, 2859894110374, QTAgent32.exe, &lt;a class=success&gt;Playback - {75} [SUCCESS] MouseButtonClick - "[MSAA, VisibleOnly]ControlType='Button' &amp;&amp; Name='Next &gt;'"
\0&lt;/a&gt;
W, 3504, 19, 2013/05/23, 17:49:07.399, 2859899645656, QTAgent32.exe, &lt;a class=success&gt;Playback - {76} [SUCCESS] MouseButtonClick - "[MSAA, VisibleOnly]ControlType='Button' &amp;&amp; Name='Quote'"
\0&lt;/a&gt;
W, 3504, 19, 2013/05/23, 17:49:07.660, 2859903374458, QTAgent32.exe, &lt;a class=success&gt;Playback - {77} [SUCCESS] MouseButtonClick - "[MSAA, VisibleOnly]ControlType='Button' &amp;&amp; Name='No'"
\0&lt;/a&gt;
W, 3504, 19, 2013/05/23, 17:49:07.908, 2859906923378, QTAgent32.exe, &lt;a class=success&gt;Playback - {78} [SUCCESS] MouseButtonClick - "[MSAA, VisibleOnly]ControlType='Button' &amp;&amp; Name='Ok'"
\0&lt;/a&gt;
W, 3504, 19, 2013/05/23, 17:49:12.472, 2859972279949, QTAgent32.exe, Playback - [WARNING] Internal warning: The window that the search started from became invalid
\0
W, 3504, 19, 2013/05/23, 17:49:14.118, 2859995835807, QTAgent32.exe, PERF WARNING: FindTopLevelWindowHelper::FindAllDescendents: took 6109 ms. Expected it to take maximum 500 ms.
W, 3504, 19, 2013/05/23, 17:49:14.262, 2859997900922, QTAgent32.exe, &lt;a class=success&gt;Playback - {79} [SUCCESS] MouseButtonClick - "[MSAA, VisibleOnly]ControlType='Client'"
\0&lt;/a&gt;
W, 3504, 19, 2013/05/23, 17:49:16.207, 2860025753977, QTAgent32.exe, &lt;a class=success&gt;Playback - {80} [SUCCESS] SendKeys "{End}" - "[MSAA, VisibleOnly]ControlType='Client'"
\0&lt;/a&gt;
W, 3504, 19, 2013/05/23, 17:49:17.702, 2860047160738, QTAgent32.exe, &lt;a class=success&gt;Playback - {81} [SUCCESS] MouseButtonClick - "[MSAA, VisibleOnly]ControlType='Button' &amp;&amp; Name='Premium...'"
\0&lt;/a&gt;
W, 3504, 19, 2013/05/23, 17:49:18.317, 2860055966741, QTAgent32.exe, &lt;a class=success&gt;Playback - {82} [SUCCESS] SendKeys "^{HOME}" - "[MSAA, VisibleOnly]ControlType='Edit'"
\0&lt;/a&gt;
E, 3504, 19, 2013/05/23, 17:49:18.317, 2860055970028, QTAgent32.exe, Msaa.GetFocusedElement: could not find accessible object of foreground window
W, 3504, 19, 2013/05/23, 17:49:18.383, 2860056904687, QTAgent32.exe, &lt;a class=success&gt;Playback - {83} [SUCCESS] SendKeys "^+{END}" - "[MSAA, VisibleOnly]ControlType='Edit'"
\0&lt;/a&gt;
E, 3504, 19, 2013/05/23, 17:49:18.383, 2860056907769, QTAgent32.exe, Msaa.GetFocusedElement: could not find accessible object of foreground window
W, 3504, 19, 2013/05/23, 17:49:18.398, 2860057128341, QTAgent32.exe, &lt;a class=success&gt;Playback - {84} [SUCCESS] SendKeys "{DELETE}" - "[MSAA, VisibleOnly]ControlType='Edit'"
\0&lt;/a&gt;
W, 3504, 19, 2013/05/23, 17:49:18.971, 2860065334044, QTAgent32.exe, &lt;a class=success&gt;Playback - {85} [SUCCESS] SetValueAsEditBox "10000" - "[MSAA, VisibleOnly]ControlType='Edit'"  &lt; Set via SendKeys &gt;
\0&lt;/a&gt;
W, 3504, 19, 2013/05/23, 17:49:20.293, 2860084256588, QTAgent32.exe, &lt;a class=success&gt;Playback - {86} [SUCCESS] SetValueAsEditBox "6515616" - "[MSAA, VisibleOnly]ControlType='Edit'"  &lt; Set via SendKeys &gt;
\0&lt;/a&gt;
W, 3504, 19, 2013/05/23, 17:49:20.554, 2860087991624, QTAgent32.exe, &lt;a class=success&gt;Playback - {87} [SUCCESS] MouseButtonClick - "[MSAA, VisibleOnly]ControlType='Button' &amp;&amp; Name='OK'"
\0&lt;/a&gt;
W, 3504, 19, 2013/05/23, 17:49:20.844, 2860092145066, QTAgent32.exe, &lt;a class=success&gt;Playback - {88} [SUCCESS] MouseButtonClick - "[MSAA, VisibleOnly]ControlType='Button' &amp;&amp; Name='Accept'"
\0&lt;/a&gt;
W, 3504, 19, 2013/05/23, 17:49:23.085, 2860124234792, QTAgent32.exe, &lt;a class=success&gt;Playback - {89} [SUCCESS] MouseButtonClick - "[MSAA, VisibleOnly]ControlType='Button' &amp;&amp; Name='Yes'"
\0&lt;/a&gt;
W, 3504, 19, 2013/05/23, 17:49:41.288, 2860384874931, QTAgent32.exe, Playback - [WARNING] Internal warning: Window Not Found: [VisibleOnly]ControlType='Window' &amp;&amp; Name='Broker Add-ons' &amp;&amp; ClassName='ThunderRT6FormDC'
\0
E, 3504, 19, 2013/05/23, 17:49:41.289, 2860384884209, QTAgent32.exe, &lt;a class=failure&gt;Playback - {90} [FAILED] Function ElementFetcher::FindScreenElement failed to locate UI element (Searching: ;[VisibleOnly]ControlType='Window' &amp;&amp; Name='Broker Add-ons' &amp;&amp; ClassName='ThunderRT6FormDC') (The object specified was not found.)
\0&lt;/a&gt;
E, 3504, 19, 2013/05/23, 17:49:41.371, 2860386063084, QTAgent32.exe, Playback - [IMAGE] C:\Users\testuser\AppData\Local\Temp\UITestLogs\LastRun\RPF4BF9.png
\0
W, 3504, 19, 2013/05/23, 17:49:41.371, 2860386066100, QTAgent32.exe, Playback - [WARNING] Internal warning: Couldn't find descendants that match QueryId
\0
W, 3504, 19, 2013/05/23, 17:49:41.372, 2860386075048, QTAgent32.exe, PERF WARNING: FindTopLevelWindowHelper::FindAllDescendents: took 18165 ms. Expected it to take maximum 500 ms.
W, 3504, 19, 2013/05/23, 17:50:00.711, 2860662977169, QTAgent32.exe, Playback - [WARNING] Internal warning: Window Not Found: [VisibleOnly]ControlType='Window' &amp;&amp; Name='Broker Add-ons' &amp;&amp; ClassName='ThunderRT6FormDC'
\0
E, 3504, 19, 2013/05/23, 17:50:00.712, 2860662987026, QTAgent32.exe, &lt;a class=failure&gt;Playback - {91} [FAILED] Function ElementFetcher::FindScreenElement failed to locate UI element (Searching: ;[VisibleOnly]ControlType='Window' &amp;&amp; Name='Broker Add-ons' &amp;&amp; ClassName='ThunderRT6FormDC') (The object specified was not found.)
\0&lt;/a&gt;
E, 3504, 19, 2013/05/23, 17:50:00.795, 2860664178467, QTAgent32.exe, Playback - [IMAGE] C:\Users\testuser\AppData\Local\Temp\UITestLogs\LastRun\RPF97E7.png
\0
W, 3504, 19, 2013/05/23, 17:50:00.795, 2860664181232, QTAgent32.exe, Playback - [WARNING] Internal warning: Couldn't find descendants that match QueryId
\0
W, 3504, 19, 2013/05/23, 17:50:00.796, 2860664190083, QTAgent32.exe, PERF WARNING: FindTopLevelWindowHelper::FindAllDescendents: took 19423 ms. Expected it to take maximum 500 ms.
W, 3504, 19, 2013/05/23, 17:50:03.446, 2860702131866, QTAgent32.exe, Playback - [WARNING] Internal warning: Smart Match failed
\0
W, 3504, 19, 2013/05/23, 17:50:04.843, 2860722139065, QTAgent32.exe, Playback - [WARNING] Internal warning: Window Not Found: [VisibleOnly]ControlType='Window' &amp;&amp; Name='Broker Add-ons' &amp;&amp; ClassName='ThunderRT6FormDC'
\0
E, 3504, 19, 2013/05/23, 17:50:04.843, 2860722143954, QTAgent32.exe, &lt;a class=failure&gt;Playback - {92} [FAILED] Function ElementFetcher::FindScreenElement failed to locate UI element (Searching: ;[VisibleOnly]ControlType='Window' &amp;&amp; Name='Broker Add-ons' &amp;&amp; ClassName='ThunderRT6FormDC') (The object specified was not found.)
\0&lt;/a&gt;
E, 3504, 19, 2013/05/23, 17:50:04.930, 2860723382517, QTAgent32.exe, Playback - [IMAGE] C:\Users\testuser\AppData\Local\Temp\UITestLogs\LastRun\RPFA7FF.png
\0
W, 3504, 19, 2013/05/23, 17:50:04.930, 2860723385110, QTAgent32.exe, Playback - [WARNING] Internal warning: Couldn't find descendants that match QueryId
\0
W, 3504, 19, 2013/05/23, 17:50:04.930, 2860723389357, QTAgent32.exe, PERF WARNING: FindTopLevelWindowHelper::FindAllDescendents: took 4134 ms. Expected it to take maximum 500 ms.
E, 3504, 19, 2013/05/23, 17:50:04.931, 2860723391979, QTAgent32.exe, Exception: System.Runtime.InteropServices.COMException
	Message: Error HRESULT E_FAIL has been returned from a call to a COM component.
	Stack Trace:    at Microsoft.VisualStudio.TestTools.UITest.Playback.Engine.IRPFPlayback.FindAllScreenElements(IScreenElement pScreenElementStart, String bstrQueryId, Object&amp; pvarResKeys, Int32 cResKeys, Int32 nMaxDepth, Object[]&amp; foundDescendants)
   at Microsoft.VisualStudio.TestTools.UITest.Playback.ScreenElement.FindTopLevelWindowHelper(String queryId)
	BaseExceptionMessage: Error HRESULT E_FAIL has been returned from a call to a COM component.

E, 3504, 19, 2013/05/23, 17:50:05.032, 2860724844682, QTAgent32.exe, AL: Playback Error: Microsoft.VisualStudio.TestTools.UITest.Extension.UITestControlNotFoundException: The playback failed to find the control with the given search properties. Additional Details: 
TechnologyName:  'MSAA'
ControlType:  'Window'
Name:  'Broker Add-ons'
ClassName:  'ThunderRT6FormDC'
 ---&gt; System.Runtime.InteropServices.COMException: Error HRESULT E_FAIL has been returned from a call to a COM component.
   at Microsoft.VisualStudio.TestTools.UITest.Playback.Engine.IRPFPlayback.FindAllScreenElements(IScreenElement pScreenElementStart, String bstrQueryId, Object&amp; pvarResKeys, Int32 cResKeys, Int32 nMaxDepth, Object[]&amp; foundDescendants)
   at Microsoft.VisualStudio.TestTools.UITest.Playback.ScreenElement.FindTopLevelWindowHelper(String queryId)
   at Microsoft.VisualStudio.TestTools.UITest.Playback.ScreenElement.FindFromPartialQueryId(String queryId)
   at Microsoft.VisualStudio.TestTools.UITesting.UITestControl..ctor(String queryId)
   --- End of inner exception stack trace ---
   at Microsoft.VisualStudio.TestTools.UITesting.Playback.MapControlNotFoundException(COMException ex, IPlaybackContext context)
   at Microsoft.VisualStudio.TestTools.UITesting.Playback.MapAndThrowComException(COMException innerException, IPlaybackContext context)
   at Microsoft.VisualStudio.TestTools.UITesting.Playback.MapAndThrowException(SystemException exception, IPlaybackContext context)
   at Microsoft.VisualStudio.TestTools.UITesting.Playback.MapAndThrowException(SystemException exception, String queryId)
   at Microsoft.VisualStudio.TestTools.UITesting.UITestControl..ctor(String queryId)
   at Microsoft.VisualStudio.TestTools.UITesting.SearchHelper.SearchTopLevelWindow(ISearchArgument topLevelSearchArg, String topLevelElementQueryId)
   at Microsoft.VisualStudio.TestTools.UITesting.SearchHelper.GetTitleUpdatedTopLevelWindow(ISearchArgument topLevelSearchArg, String queryId, IList`1 windowTitles)
   at Microsoft.VisualStudio.TestTools.UITesting.SearchHelper.GetTopLevelElement(Boolean useCache, Boolean useCacheOnly, ISearchArgument searchArg, IList`1 windowTitles, Int32&amp; timeLeft)
   at Microsoft.VisualStudio.TestTools.UITesting.SearchHelper.GetElement(Boolean useCache, ISearchArgument searchArg)
   at Microsoft.VisualStudio.TestTools.UITesting.SearchHelper.Search(ISearchArgument searchArg)
   at Microsoft.VisualStudio.TestTools.UITesting.UITestControl.FindInternal()
   at Microsoft.VisualStudio.TestTools.UITesting.UITestControl.FindControlIfNecessary()
   at Microsoft.VisualStudio.TestTools.UITesting.UITestControl.Click(MouseButtons button, ModifierKeys modifierKeys, Point relativeCoordinates)
   at Microsoft.VisualStudio.TestTools.UITesting.Mouse.ClickImplementation(UITestControl control, MouseButtons button, ModifierKeys modifierKeys, Point relativeCoordinate)
   at Microsoft.VisualStudio.TestTools.UITesting.Mouse.ClickImplementationWrapper(UITestControl control, MouseButtons button, ModifierKeys modifierKeys, Point relativeCoordinate)
W, 3504, 19, 2013/05/23, 17:50:05.032, 2860724848538, QTAgent32.exe, PlaybackErrorHandler: Ignoring exception as ContinueOnError is set.
W, 3504, 19, 2013/05/23, 17:50:12.555, 2860832556529, QTAgent32.exe, Playback - [WARNING] Internal warning: Window Not Found: [VisibleOnly]ControlType='Window' &amp;&amp; Name='Save the file as' &amp;&amp; ClassName='#32770'
\0
E, 3504, 19, 2013/05/23, 17:50:12.555, 2860832562319, QTAgent32.exe, &lt;a class=failure&gt;Playback - {93} [FAILED] Function ElementFetcher::FindScreenElement failed to locate UI element (Searching: ;[VisibleOnly]ControlType='Window' &amp;&amp; Name='Save the file as' &amp;&amp; ClassName='#32770') (The object specified was not found.)
\0&lt;/a&gt;
E, 3504, 19, 2013/05/23, 17:50:12.645, 2860833848266, QTAgent32.exe, Playback - [IMAGE] C:\Users\testuser\AppData\Local\Temp\UITestLogs\LastRun\RPFC62A.png
\0
W, 3504, 19, 2013/05/23, 17:50:12.645, 2860833850487, QTAgent32.exe, Playback - [WARNING] Internal warning: Couldn't find descendants that match QueryId
\0
W, 3504, 19, 2013/05/23, 17:50:12.646, 2860833856216, QTAgent32.exe, PERF WARNING: FindTopLevelWindowHelper::FindAllDescendents: took 7612 ms. Expected it to take maximum 500 ms.
W, 3504, 19, 2013/05/23, 17:50:31.883, 2861109300467, QTAgent32.exe, Playback - [WARNING] Internal warning: Window Not Found: [VisibleOnly]ControlType='Window' &amp;&amp; Name='Save the file as' &amp;&amp; ClassName='#32770'
\0
E, 3504, 19, 2013/05/23, 17:50:31.883, 2861109305103, QTAgent32.exe, &lt;a class=failure&gt;Playback - {94} [FAILED] Function ElementFetcher::FindScreenElement failed to locate UI element (Searching: ;[VisibleOnly]ControlType='Window' &amp;&amp; Name='Save the file as' &amp;&amp; ClassName='#32770') (The object specified was not found.)
\0&lt;/a&gt;
E, 3504, 19, 2013/05/23, 17:50:31.966, 2861110481788, QTAgent32.exe, Playback - [IMAGE] C:\Users\testuser\AppData\Local\Temp\UITestLogs\LastRun\RPF11AB.png
\0
W, 3504, 19, 2013/05/23, 17:50:31.966, 2861110484045, QTAgent32.exe, Playback - [WARNING] Internal warning: Couldn't find descendants that match QueryId
\0
W, 3504, 19, 2013/05/23, 17:50:31.966, 2861110487965, QTAgent32.exe, PERF WARNING: FindTopLevelWindowHelper::FindAllDescendents: took 19320 ms. Expected it to take maximum 500 ms.
W, 3504, 19, 2013/05/23, 17:50:34.633, 2861148669119, QTAgent32.exe, Playback - [WARNING] Internal warning: Smart Match failed
\0
W, 3504, 19, 2013/05/23, 17:50:36.023, 2861168582644, QTAgent32.exe, Playback - [WARNING] Internal warning: Window Not Found: [VisibleOnly]ControlType='Window' &amp;&amp; Name='Save the file as' &amp;&amp; ClassName='#32770'
\0
E, 3504, 19, 2013/05/23, 17:50:36.024, 2861168588020, QTAgent32.exe, &lt;a class=failure&gt;Playback - {95} [FAILED] Function ElementFetcher::FindScreenElement failed to locate UI element (Searching: ;[VisibleOnly]ControlType='Window' &amp;&amp; Name='Save the file as' &amp;&amp; ClassName='#32770') (The object specified was not found.)
\0&lt;/a&gt;
E, 3504, 19, 2013/05/23, 17:50:36.104, 2861169734582, QTAgent32.exe, Playback - [IMAGE] C:\Users\testuser\AppData\Local\Temp\UITestLogs\LastRun\RPF21D2.png
\0
W, 3504, 19, 2013/05/23, 17:50:36.104, 2861169737055, QTAgent32.exe, Playback - [WARNING] Internal warning: Couldn't find descendants that match QueryId
\0
W, 3504, 19, 2013/05/23, 17:50:36.104, 2861169742715, QTAgent32.exe, PERF WARNING: FindTopLevelWindowHelper::FindAllDescendents: took 4138 ms. Expected it to take maximum 500 ms.
E, 3504, 19, 2013/05/23, 17:50:36.105, 2861169745096, QTAgent32.exe, Exception: System.Runtime.InteropServices.COMException
	Message: Error HRESULT E_FAIL has been returned from a call to a COM component.
	Stack Trace:    at Microsoft.VisualStudio.TestTools.UITest.Playback.Engine.IRPFPlayback.FindAllScreenElements(IScreenElement pScreenElementStart, String bstrQueryId, Object&amp; pvarResKeys, Int32 cResKeys, Int32 nMaxDepth, Object[]&amp; foundDescendants)
   at Microsoft.VisualStudio.TestTools.UITest.Playback.ScreenElement.FindTopLevelWindowHelper(String queryId)
	BaseExceptionMessage: Error HRESULT E_FAIL has been returned from a call to a COM component.

E, 3504, 19, 2013/05/23, 17:50:36.205, 2861171190854, QTAgent32.exe, AL: Playback Error: Microsoft.VisualStudio.TestTools.UITest.Extension.UITestControlNotFoundException: The playback failed to find the control with the given search properties. Additional Details: 
TechnologyName:  'MSAA'
ControlType:  'Window'
Name:  'Save the file as'
ClassName:  '#32770'
 ---&gt; System.Runtime.InteropServices.COMException: Error HRESULT E_FAIL has been returned from a call to a COM component.
   at Microsoft.VisualStudio.TestTools.UITest.Playback.Engine.IRPFPlayback.FindAllScreenElements(IScreenElement pScreenElementStart, String bstrQueryId, Object&amp; pvarResKeys, Int32 cResKeys, Int32 nMaxDepth, Object[]&amp; foundDescendants)
   at Microsoft.VisualStudio.TestTools.UITest.Playback.ScreenElement.FindTopLevelWindowHelper(String queryId)
   at Microsoft.VisualStudio.TestTools.UITest.Playback.ScreenElement.FindFromPartialQueryId(String queryId)
   at Microsoft.VisualStudio.TestTools.UITesting.UITestControl..ctor(String queryId)
   --- End of inner exception stack trace ---
   at Microsoft.VisualStudio.TestTools.UITesting.Playback.MapControlNotFoundException(COMException ex, IPlaybackContext context)
   at Microsoft.VisualStudio.TestTools.UITesting.Playback.MapAndThrowComException(COMException innerException, IPlaybackContext context)
   at Microsoft.VisualStudio.TestTools.UITesting.Playback.MapAndThrowException(SystemException exception, IPlaybackContext context)
   at Microsoft.VisualStudio.TestTools.UITesting.Playback.MapAndThrowException(SystemException exception, String queryId)
   at Microsoft.VisualStudio.TestTools.UITesting.UITestControl..ctor(String queryId)
   at Microsoft.VisualStudio.TestTools.UITesting.SearchHelper.SearchTopLevelWindow(ISearchArgument topLevelSearchArg, String topLevelElementQueryId)
   at Microsoft.VisualStudio.TestTools.UITesting.SearchHelper.GetTitleUpdatedTopLevelWindow(ISearchArgument topLevelSearchArg, String queryId, IList`1 windowTitles)
   at Microsoft.VisualStudio.TestTools.UITesting.SearchHelper.GetTopLevelElement(Boolean useCache, Boolean useCacheOnly, ISearchArgument searchArg, IList`1 windowTitles, Int32&amp; timeLeft)
   at Microsoft.VisualStudio.TestTools.UITesting.SearchHelper.GetElement(Boolean useCache, ISearchArgument searchArg)
   at Microsoft.VisualStudio.TestTools.UITesting.SearchHelper.Search(ISearchArgument searchArg)
   at Microsoft.VisualStudio.TestTools.UITesting.UITestControl.FindInternal()
   at Microsoft.VisualStudio.TestTools.UITesting.UITestControl.FindControlIfNecessary()
   at Microsoft.VisualStudio.TestTools.UITesting.UITestControl.Click(MouseButtons button, ModifierKeys modifierKeys, Point relativeCoordinates)
   at Microsoft.VisualStudio.TestTools.UITesting.Mouse.ClickImplementation(UITestControl control, MouseButtons button, ModifierKeys modifierKeys, Point relativeCoordinate)
   at Microsoft.VisualStudio.TestTools.UITesting.Mouse.ClickImplementationWrapper(UITestControl control, MouseButtons button, ModifierKeys modifierKeys, Point relativeCoordinate)
W, 3504, 19, 2013/05/23, 17:50:36.206, 2861171195243, QTAgent32.exe, PlaybackErrorHandler: Ignoring exception as ContinueOnError is set.
W, 3504, 19, 2013/05/23, 17:50:43.813, 2861280123377, QTAgent32.exe, Playback - [WARNING] Internal warning: Window Not Found: [VisibleOnly]ControlType='Window' &amp;&amp; Name='Personal Lines' &amp;&amp; ClassName='#32770'
\0
E, 3504, 19, 2013/05/23, 17:50:43.814, 2861280129469, QTAgent32.exe, &lt;a class=failure&gt;Playback - {96} [FAILED] Function ElementFetcher::FindScreenElement failed to locate UI element (Searching: ;[VisibleOnly]ControlType='Window' &amp;&amp; Name='Personal Lines' &amp;&amp; ClassName='#32770') (The object specified was not found.)
\0&lt;/a&gt;
E, 3504, 19, 2013/05/23, 17:50:43.909, 2861281495853, QTAgent32.exe, Playback - [IMAGE] C:\Users\testuser\AppData\Local\Temp\UITestLogs\LastRun\RPF403C.png
\0
W, 3504, 19, 2013/05/23, 17:50:43.910, 2861281498236, QTAgent32.exe, Playback - [WARNING] Internal warning: Couldn't find descendants that match QueryId
\0
W, 3504, 19, 2013/05/23, 17:50:43.910, 2861281505644, QTAgent32.exe, PERF WARNING: FindTopLevelWindowHelper::FindAllDescendents: took 7694 ms. Expected it to take maximum 500 ms.
W, 3504, 19, 2013/05/23, 17:51:03.199, 2861557694122, QTAgent32.exe, Playback - [WARNING] Internal warning: Window Not Found: [VisibleOnly]ControlType='Window' &amp;&amp; Name='Personal Lines' &amp;&amp; ClassName='#32770'
\0
E, 3504, 19, 2013/05/23, 17:51:03.200, 2861557700480, QTAgent32.exe, &lt;a class=failure&gt;Playback - {97} [FAILED] Function ElementFetcher::FindScreenElement failed to locate UI element (Searching: ;[VisibleOnly]ControlType='Window' &amp;&amp; Name='Personal Lines' &amp;&amp; ClassName='#32770') (The object specified was not found.)
\0&lt;/a&gt;
E, 3504, 19, 2013/05/23, 17:51:03.284, 2861558911334, QTAgent32.exe, Playback - [IMAGE] C:\Users\testuser\AppData\Local\Temp\UITestLogs\LastRun\RPF8BFC.png
\0
W, 3504, 19, 2013/05/23, 17:51:03.285, 2861558913935, QTAgent32.exe, Playback - [WARNING] Internal warning: Couldn't find descendants that match QueryId
\0
W, 3504, 19, 2013/05/23, 17:51:03.285, 2861558920166, QTAgent32.exe, PERF WARNING: FindTopLevelWindowHelper::FindAllDescendents: took 19374 ms. Expected it to take maximum 500 ms.
W, 3504, 19, 2013/05/23, 17:51:05.935, 2861596853599, QTAgent32.exe, Playback - [WARNING] Internal warning: Smart Match failed
\0
W, 3504, 19, 2013/05/23, 17:51:07.326, 2861616778910, QTAgent32.exe, Playback - [WARNING] Internal warning: Window Not Found: [VisibleOnly]ControlType='Window' &amp;&amp; Name='Personal Lines' &amp;&amp; ClassName='#32770'
\0
E, 3504, 19, 2013/05/23, 17:51:07.327, 2861616789933, QTAgent32.exe, &lt;a class=failure&gt;Playback - {98} [FAILED] Function ElementFetcher::FindScreenElement failed to locate UI element (Searching: ;[VisibleOnly]ControlType='Window' &amp;&amp; Name='Personal Lines' &amp;&amp; ClassName='#32770') (The object specified was not found.)
\0&lt;/a&gt;
E, 3504, 19, 2013/05/23, 17:51:07.408, 2861617948876, QTAgent32.exe, Playback - [IMAGE] C:\Users\testuser\AppData\Local\Temp\UITestLogs\LastRun\RPF9C23.png
\0
W, 3504, 19, 2013/05/23, 17:51:07.408, 2861617951319, QTAgent32.exe, Playback - [WARNING] Internal warning: Couldn't find descendants that match QueryId
\0
W, 3504, 19, 2013/05/23, 17:51:07.408, 2861617957016, QTAgent32.exe, PERF WARNING: FindTopLevelWindowHelper::FindAllDescendents: took 4122 ms. Expected it to take maximum 500 ms.
E, 3504, 19, 2013/05/23, 17:51:07.408, 2861617959441, QTAgent32.exe, Exception: System.Runtime.InteropServices.COMException
	Message: Error HRESULT E_FAIL has been returned from a call to a COM component.
	Stack Trace:    at Microsoft.VisualStudio.TestTools.UITest.Playback.Engine.IRPFPlayback.FindAllScreenElements(IScreenElement pScreenElementStart, String bstrQueryId, Object&amp; pvarResKeys, Int32 cResKeys, Int32 nMaxDepth, Object[]&amp; foundDescendants)
   at Microsoft.VisualStudio.TestTools.UITest.Playback.ScreenElement.FindTopLevelWindowHelper(String queryId)
	BaseExceptionMessage: Error HRESULT E_FAIL has been returned from a call to a COM component.

E, 3504, 19, 2013/05/23, 17:51:07.409, 2861617965467, QTAgent32.exe, Window 1771460 not responding. Last Win32 error 0
E, 3504, 19, 2013/05/23, 17:51:07.409, 2861617966818, QTAgent32.exe, GetClassName for handle 1771460 failed
E, 3504, 19, 2013/05/23, 17:51:07.510, 2861619408969, QTAgent32.exe, AL: Playback Error: Microsoft.VisualStudio.TestTools.UITest.Extension.UITestControlNotAvailableException: The control is not available or not valid. Additional Details: 
TechnologyName:  'MSAA'
Name:  'Personal Lines'
ClassName:  '#32770'
ControlType:  'Window'
 ---&gt; System.Runtime.InteropServices.COMException: Error HRESULT E_FAIL has been returned from a call to a COM component.
   at Microsoft.VisualStudio.TestTools.UITest.Playback.Engine.IRPFPlayback.FindAllScreenElements(IScreenElement pScreenElementStart, String bstrQueryId, Object&amp; pvarResKeys, Int32 cResKeys, Int32 nMaxDepth, Object[]&amp; foundDescendants)
   at Microsoft.VisualStudio.TestTools.UITest.Playback.ScreenElement.FindTopLevelWindowHelper(String queryId)
   at Microsoft.VisualStudio.TestTools.UITest.Playback.ScreenElement.FindFromPartialQueryId(String queryId)
   at Microsoft.VisualStudio.TestTools.UITesting.UITestControl.EnsureValid(Boolean waitForReady, Boolean refetch)
   --- End of inner exception stack trace ---
   at Microsoft.VisualStudio.TestTools.UITesting.UITestControl.EnsureValid(Boolean waitForReady, Boolean refetch)
   at Microsoft.VisualStudio.TestTools.UITesting.UITestControl.FindFirstDescendant(String queryId, Int32 maxDepth, Int32&amp; timeLeft)
   at Microsoft.VisualStudio.TestTools.UITesting.SearchHelper.GetElement(Boolean useCache, ISearchArgument searchArg)
   at Microsoft.VisualStudio.TestTools.UITesting.SearchHelper.Search(ISearchArgument searchArg)
   at Microsoft.VisualStudio.TestTools.UITesting.UITestControl.FindInternal()
   at Microsoft.VisualStudio.TestTools.UITesting.UITestControl.FindControlIfNecessary()
   at Microsoft.VisualStudio.TestTools.UITesting.UITestControl.Click(MouseButtons button, ModifierKeys modifierKeys, Point relativeCoordinates)
   at Microsoft.VisualStudio.TestTools.UITesting.Mouse.ClickImplementation(UITestControl control, MouseButtons button, ModifierKeys modifierKeys, Point relativeCoordinate)
   at Microsoft.VisualStudio.TestTools.UITesting.Mouse.ClickImplementationWrapper(UITestControl control, MouseButtons button, ModifierKeys modifierKeys, Point relativeCoordinate)
W, 3504, 19, 2013/05/23, 17:51:07.510, 2861619413980, QTAgent32.exe, PlaybackErrorHandler: Ignoring exception as ContinueOnError is set.
W, 3504, 19, 2013/05/23, 17:51:07.826, 2861623936252, QTAgent32.exe, &lt;a class=success&gt;Playback - {99} [SUCCESS] MouseButtonClick - "[MSAA, VisibleOnly]ControlType='Button' &amp;&amp; Name='Ok'"
\0&lt;/a&gt;
W, 3504, 19, 2013/05/23, 17:51:08.113, 2861628054944, QTAgent32.exe, &lt;a class=success&gt;Playback - {100} [SUCCESS] MouseButtonClick - "[MSAA, VisibleOnly]ControlType='Button' &amp;&amp; Name='Ok'"
\0&lt;/a&gt;
W, 3504, 19, 2013/05/23, 17:51:10.385, 2861660575305, QTAgent32.exe, &lt;a class=success&gt;Playback - {101} [SUCCESS] SetValueAsEditBox "B338TH" - "[MSAA, VisibleOnly]ControlType='Edit'"  &lt; Set via SendKeys &gt;
\0&lt;/a&gt;
W, 3504, 19, 2013/05/23, 17:51:12.631, 2861692729809, QTAgent32.exe, &lt;a class=success&gt;Playback - {102} [SUCCESS] MouseButtonClick - "[MSAA, VisibleOnly]ControlType='Button' &amp;&amp; Name='Lookup...'"
\0&lt;/a&gt;
W, 3504, 19, 2013/05/23, 17:51:12.892, 2861696475246, QTAgent32.exe, &lt;a class=success&gt;Playback - {103} [SUCCESS] MouseButtonClick - "[MSAA, VisibleOnly]ControlType='Button' &amp;&amp; Name='Ok'"
\0&lt;/a&gt;
W, 3504, 19, 2013/05/23, 17:51:13.199, 2861700863833, QTAgent32.exe, &lt;a class=success&gt;Playback - {104} [SUCCESS] MouseButtonClick - "[MSAA, VisibleOnly]ControlType='Button' &amp;&amp; Name='Confirm'"
\0&lt;/a&gt;
W, 3504, 19, 2013/05/23, 17:51:33.215, 2861987462888, QTAgent32.exe, Playback - [WARNING] Internal warning: Window Not Found: [VisibleOnly]ControlType='Window' &amp;&amp; Name='Personal Lines' &amp;&amp; ClassName='#32770'
\0
E, 3504, 19, 2013/05/23, 17:51:33.216, 2861987469683, QTAgent32.exe, &lt;a class=failure&gt;Playback - {105} [FAILED] Function ElementFetcher::FindScreenElement failed to locate UI element (Searching: ;[VisibleOnly]ControlType='Window' &amp;&amp; Name='Personal Lines' &amp;&amp; ClassName='#32770') (The object specified was not found.)
\0&lt;/a&gt;
E, 3504, 19, 2013/05/23, 17:51:33.307, 2861988770307, QTAgent32.exe, Playback - [IMAGE] C:\Users\testuser\AppData\Local\Temp\UITestLogs\LastRun\RPF13C.png
\0
W, 3504, 19, 2013/05/23, 17:51:33.307, 2861988772688, QTAgent32.exe, Playback - [WARNING] Internal warning: Couldn't find descendants that match QueryId
\0
W, 3504, 19, 2013/05/23, 17:51:33.307, 2861988778988, QTAgent32.exe, PERF WARNING: FindTopLevelWindowHelper::FindAllDescendents: took 20008 ms. Expected it to take maximum 500 ms.
W, 3504, 19, 2013/05/23, 17:51:52.514, 2862263779432, QTAgent32.exe, Playback - [WARNING] Internal warning: Window Not Found: [VisibleOnly]ControlType='Window' &amp;&amp; Name='Personal Lines' &amp;&amp; ClassName='#32770'
\0
E, 3504, 19, 2013/05/23, 17:51:52.514, 2862263786459, QTAgent32.exe, &lt;a class=failure&gt;Playback - {106} [FAILED] Function ElementFetcher::FindScreenElement failed to locate UI element (Searching: ;[VisibleOnly]ControlType='Window' &amp;&amp; Name='Personal Lines' &amp;&amp; ClassName='#32770') (The object specified was not found.)
\0&lt;/a&gt;
E, 3504, 19, 2013/05/23, 17:51:52.614, 2862265211383, QTAgent32.exe, Playback - [IMAGE] C:\Users\testuser\AppData\Local\Temp\UITestLogs\LastRun\RPF4C9F.png
\0
W, 3504, 19, 2013/05/23, 17:51:52.614, 2862265213841, QTAgent32.exe, Playback - [WARNING] Internal warning: Couldn't find descendants that match QueryId
\0
W, 3504, 19, 2013/05/23, 17:51:52.614, 2862265220914, QTAgent32.exe, PERF WARNING: FindTopLevelWindowHelper::FindAllDescendents: took 19304 ms. Expected it to take maximum 500 ms.
W, 3504, 19, 2013/05/23, 17:51:55.247, 2862302928991, QTAgent32.exe, Playback - [WARNING] Internal warning: Smart Match failed
\0
W, 3504, 19, 2013/05/23, 17:51:56.615, 2862322509109, QTAgent32.exe, Playback - [WARNING] Internal warning: Window Not Found: [VisibleOnly]ControlType='Window' &amp;&amp; Name='Personal Lines' &amp;&amp; ClassName='#32770'
\0
E, 3504, 19, 2013/05/23, 17:51:56.616, 2862322513048, QTAgent32.exe, &lt;a class=failure&gt;Playback - {107} [FAILED] Function ElementFetcher::FindScreenElement failed to locate UI element (Searching: ;[VisibleOnly]ControlType='Window' &amp;&amp; Name='Personal Lines' &amp;&amp; ClassName='#32770') (The object specified was not found.)
\0&lt;/a&gt;
E, 3504, 19, 2013/05/23, 17:51:56.704, 2862323786310, QTAgent32.exe, Playback - [IMAGE] C:\Users\testuser\AppData\Local\Temp\UITestLogs\LastRun\RPF5CA7.png
\0
W, 3504, 19, 2013/05/23, 17:51:56.705, 2862323788779, QTAgent32.exe, Playback - [WARNING] Internal warning: Couldn't find descendants that match QueryId
\0
W, 3504, 19, 2013/05/23, 17:51:56.705, 2862323792538, QTAgent32.exe, PERF WARNING: FindTopLevelWindowHelper::FindAllDescendents: took 4090 ms. Expected it to take maximum 500 ms.
E, 3504, 19, 2013/05/23, 17:51:56.705, 2862323794926, QTAgent32.exe, Exception: System.Runtime.InteropServices.COMException
	Message: Error HRESULT E_FAIL has been returned from a call to a COM component.
	Stack Trace:    at Microsoft.VisualStudio.TestTools.UITest.Playback.Engine.IRPFPlayback.FindAllScreenElements(IScreenElement pScreenElementStart, String bstrQueryId, Object&amp; pvarResKeys, Int32 cResKeys, Int32 nMaxDepth, Object[]&amp; foundDescendants)
   at Microsoft.VisualStudio.TestTools.UITest.Playback.ScreenElement.FindTopLevelWindowHelper(String queryId)
	BaseExceptionMessage: Error HRESULT E_FAIL has been returned from a call to a COM component.

E, 3504, 19, 2013/05/23, 17:51:56.705, 2862323800337, QTAgent32.exe, Window 1771460 not responding. Last Win32 error 0
E, 3504, 19, 2013/05/23, 17:51:56.706, 2862323801906, QTAgent32.exe, GetClassName for handle 1771460 failed
E, 3504, 19, 2013/05/23, 17:51:56.806, 2862325245336, QTAgent32.exe, AL: Playback Error: Microsoft.VisualStudio.TestTools.UITest.Extension.UITestControlNotAvailableException: The control is not available or not valid. Additional Details: 
TechnologyName:  'MSAA'
Name:  'Personal Lines'
ClassName:  '#32770'
ControlType:  'Window'
 ---&gt; System.Runtime.InteropServices.COMException: Error HRESULT E_FAIL has been returned from a call to a COM component.
   at Microsoft.VisualStudio.TestTools.UITest.Playback.Engine.IRPFPlayback.FindAllScreenElements(IScreenElement pScreenElementStart, String bstrQueryId, Object&amp; pvarResKeys, Int32 cResKeys, Int32 nMaxDepth, Object[]&amp; foundDescendants)
   at Microsoft.VisualStudio.TestTools.UITest.Playback.ScreenElement.FindTopLevelWindowHelper(String queryId)
   at Microsoft.VisualStudio.TestTools.UITest.Playback.ScreenElement.FindFromPartialQueryId(String queryId)
   at Microsoft.VisualStudio.TestTools.UITesting.UITestControl.EnsureValid(Boolean waitForReady, Boolean refetch)
   --- End of inner exception stack trace ---
   at Microsoft.VisualStudio.TestTools.UITesting.UITestControl.EnsureValid(Boolean waitForReady, Boolean refetch)
   at Microsoft.VisualStudio.TestTools.UITesting.UITestControl.FindFirstDescendant(String queryId, Int32 maxDepth, Int32&amp; timeLeft)
   at Microsoft.VisualStudio.TestTools.UITesting.SearchHelper.GetElement(Boolean useCache, ISearchArgument searchArg)
   at Microsoft.VisualStudio.TestTools.UITesting.SearchHelper.Search(ISearchArgument searchArg)
   at Microsoft.VisualStudio.TestTools.UITesting.UITestControl.FindInternal()
   at Microsoft.VisualStudio.TestTools.UITesting.UITestControl.FindControlIfNecessary()
   at Microsoft.VisualStudio.TestTools.UITesting.UITestControl.Click(MouseButtons button, ModifierKeys modifierKeys, Point relativeCoordinates)
   at Microsoft.VisualStudio.TestTools.UITesting.Mouse.ClickImplementation(UITestControl control, MouseButtons button, ModifierKeys modifierKeys, Point relativeCoordinate)
   at Microsoft.VisualStudio.TestTools.UITesting.Mouse.ClickImplementationWrapper(UITestControl control, MouseButtons button, ModifierKeys modifierKeys, Point relativeCoordinate)
W, 3504, 19, 2013/05/23, 17:51:56.807, 2862325248602, QTAgent32.exe, PlaybackErrorHandler: Ignoring exception as ContinueOnError is set.
W, 3504, 19, 2013/05/23, 17:51:56.965, 2862327517652, QTAgent32.exe, &lt;a class=success&gt;Playback - {108} [SUCCESS] Check - "[MSAA, VisibleOnly]ControlType='CheckBox' &amp;&amp; Name='Defer Printing?'"
\0&lt;/a&gt;
W, 3504, 19, 2013/05/23, 17:51:58.287, 2862346447434, QTAgent32.exe, &lt;a class=success&gt;Playback - {109} [SUCCESS] MouseButtonClick - "[MSAA, VisibleOnly]ControlType='Button' &amp;&amp; Name='Ok'"
\0&lt;/a&gt;
W, 3504, 19, 2013/05/23, 17:51:59.447, 2862363063304, QTAgent32.exe, PERF WARNING: FindTopLevelWindowHelper::FindAllDescendents: took 1060 ms. Expected it to take maximum 500 ms.
W, 3504, 19, 2013/05/23, 17:51:59.622, 2862365556197, QTAgent32.exe, &lt;a class=success&gt;Playback - {110} [SUCCESS] Uncheck - "[MSAA, VisibleOnly]ControlType='CheckBox' &amp;&amp; Name='Add Activity'"
\0&lt;/a&gt;
W, 3504, 19, 2013/05/23, 17:52:00.140, 2862372981694, QTAgent32.exe, &lt;a class=success&gt;Playback - {111} [SUCCESS] MouseButtonClick - "[MSAA, VisibleOnly]ControlType='Button' &amp;&amp; Name='Ok'"
\0&lt;/a&gt;
W, 3504, 19, 2013/05/23, 17:52:00.429, 2862377115922, QTAgent32.exe, &lt;a class=success&gt;Playback - {112} [SUCCESS] MouseButtonClick - "[MSAA, VisibleOnly]ControlType='Button' &amp;&amp; Name='Ok'"
\0&lt;/a&gt;
W, 3504, 19, 2013/05/23, 17:52:05.354, 2862447627736, QTAgent32.exe, Playback - [WARNING] Internal warning: Window Not Found: [VisibleOnly]ControlType='Window' &amp;&amp; Name='Transaction to insert' &amp;&amp; ClassName='TfSelectItem'
\0
E, 3504, 19, 2013/05/23, 17:52:05.354, 2862447632393, QTAgent32.exe, &lt;a class=failure&gt;Playback - {113} [FAILED] Function ElementFetcher::FindScreenElement failed to locate UI element (Searching: ;[VisibleOnly]ControlType='Window' &amp;&amp; Name='Transaction to insert' &amp;&amp; ClassName='TfSelectItem') (The object specified was not found.)
\0&lt;/a&gt;
E, 3504, 19, 2013/05/23, 17:52:05.441, 2862448874646, QTAgent32.exe, Playback - [IMAGE] C:\Users\testuser\AppData\Local\Temp\UITestLogs\LastRun\RPF7EC8.png
\0
W, 3504, 19, 2013/05/23, 17:52:05.441, 2862448876975, QTAgent32.exe, Playback - [WARNING] Internal warning: Couldn't find descendants that match QueryId
\0
W, 3504, 19, 2013/05/23, 17:52:05.441, 2862448880614, QTAgent32.exe, PERF WARNING: FindTopLevelWindowHelper::FindAllDescendents: took 4912 ms. Expected it to take maximum 500 ms.
W, 3504, 19, 2013/05/23, 17:52:23.908, 2862713293865, QTAgent32.exe, Playback - [WARNING] Internal warning: Window Not Found: [VisibleOnly]ControlType='Window' &amp;&amp; Name='Transaction to insert' &amp;&amp; ClassName='TfSelectItem'
\0
E, 3504, 19, 2013/05/23, 17:52:23.909, 2862713299687, QTAgent32.exe, &lt;a class=failure&gt;Playback - {114} [FAILED] Function ElementFetcher::FindScreenElement failed to locate UI element (Searching: ;[VisibleOnly]ControlType='Window' &amp;&amp; Name='Transaction to insert' &amp;&amp; ClassName='TfSelectItem') (The object specified was not found.)
\0&lt;/a&gt;
E, 3504, 19, 2013/05/23, 17:52:23.991, 2862714479221, QTAgent32.exe, Playback - [IMAGE] C:\Users\testuser\AppData\Local\Temp\UITestLogs\LastRun\RPFC74D.png
\0
W, 3504, 19, 2013/05/23, 17:52:23.991, 2862714481771, QTAgent32.exe, Playback - [WARNING] Internal warning: Couldn't find descendants that match QueryId
\0
W, 3504, 19, 2013/05/23, 17:52:23.992, 2862714487023, QTAgent32.exe, PERF WARNING: FindTopLevelWindowHelper::FindAllDescendents: took 18549 ms. Expected it to take maximum 500 ms.
W, 3504, 19, 2013/05/23, 17:52:24.747, 2862725301993, QTAgent32.exe, Playback - [WARNING] Internal warning: Smart Match failed
\0
W, 3504, 19, 2013/05/23, 17:52:25.620, 2862737805884, QTAgent32.exe, Playback - [WARNING] Internal warning: Smart Match failed
\0
W, 3504, 19, 2013/05/23, 17:52:26.459, 2862749820434, QTAgent32.exe, Playback - [WARNING] Internal warning: Smart Match failed
\0
W, 3504, 19, 2013/05/23, 17:52:27.270, 2862761433491, QTAgent32.exe, Playback - [WARNING] Internal warning: Smart Match failed
\0
W, 3504, 19, 2013/05/23, 17:52:27.766, 2862768529458, QTAgent32.exe, Playback - [WARNING] Internal warning: Window Not Found: [VisibleOnly]ControlType='Window' &amp;&amp; Name='Transaction to insert' &amp;&amp; ClassName='TfSelectItem'
\0
E, 3504, 19, 2013/05/23, 17:52:27.766, 2862768532807, QTAgent32.exe, &lt;a class=failure&gt;Playback - {115} [FAILED] Function ElementFetcher::FindScreenElement failed to locate UI element (Searching: ;[VisibleOnly]ControlType='Window' &amp;&amp; Name='Transaction to insert' &amp;&amp; ClassName='TfSelectItem') (The object specified was not found.)
\0&lt;/a&gt;
E, 3504, 19, 2013/05/23, 17:52:27.847, 2862769687720, QTAgent32.exe, Playback - [IMAGE] C:\Users\testuser\AppData\Local\Temp\UITestLogs\LastRun\RPFD65B.png
\0
W, 3504, 19, 2013/05/23, 17:52:27.847, 2862769690286, QTAgent32.exe, Playback - [WARNING] Internal warning: Couldn't find descendants that match QueryId
\0
W, 3504, 19, 2013/05/23, 17:52:27.847, 2862769693044, QTAgent32.exe, PERF WARNING: FindTopLevelWindowHelper::FindAllDescendents: took 3855 ms. Expected it to take maximum 500 ms.
E, 3504, 19, 2013/05/23, 17:52:27.847, 2862769694930, QTAgent32.exe, Exception: System.Runtime.InteropServices.COMException
	Message: Error HRESULT E_FAIL has been returned from a call to a COM component.
	Stack Trace:    at Microsoft.VisualStudio.TestTools.UITest.Playback.Engine.IRPFPlayback.FindAllScreenElements(IScreenElement pScreenElementStart, String bstrQueryId, Object&amp; pvarResKeys, Int32 cResKeys, Int32 nMaxDepth, Object[]&amp; foundDescendants)
   at Microsoft.VisualStudio.TestTools.UITest.Playback.ScreenElement.FindTopLevelWindowHelper(String queryId)
	BaseExceptionMessage: Error HRESULT E_FAIL has been returned from a call to a COM component.

E, 3504, 19, 2013/05/23, 17:52:27.848, 2862769699824, QTAgent32.exe, Window 854342 not responding. Last Win32 error 0
E, 3504, 19, 2013/05/23, 17:52:27.848, 2862769701234, QTAgent32.exe, GetClassName for handle 854342 failed
E, 3504, 19, 2013/05/23, 17:52:27.848, 2862769707357, QTAgent32.exe, Window 4326580 not responding. Last Win32 error 1400
E, 3504, 19, 2013/05/23, 17:52:27.848, 2862769708301, QTAgent32.exe, GetClassName for handle 4326580 failed
E, 3504, 19, 2013/05/23, 17:52:27.949, 2862771148318, QTAgent32.exe, AL: Playback Error: Microsoft.VisualStudio.TestTools.UITest.Extension.UITestControlNotAvailableException: The control is not available or not valid. Additional Details: 
TechnologyName:  'MSAA'
Name:  'Ok'
ControlType:  'Button'
 ---&gt; Microsoft.VisualStudio.TestTools.UITest.Extension.UITestControlNotAvailableException: The control is not available or not valid. Additional Details: 
TechnologyName:  'MSAA'
Name:  'Transaction to insert'
ClassName:  'TfSelectItem'
ControlType:  'Window'
 ---&gt; System.Runtime.InteropServices.COMException: Error HRESULT E_FAIL has been returned from a call to a COM component.
   at Microsoft.VisualStudio.TestTools.UITest.Playback.Engine.IRPFPlayback.FindAllScreenElements(IScreenElement pScreenElementStart, String bstrQueryId, Object&amp; pvarResKeys, Int32 cResKeys, Int32 nMaxDepth, Object[]&amp; foundDescendants)
   at Microsoft.VisualStudio.TestTools.UITest.Playback.ScreenElement.FindTopLevelWindowHelper(String queryId)
   at Microsoft.VisualStudio.TestTools.UITest.Playback.ScreenElement.FindFromPartialQueryId(String queryId)
   at Microsoft.VisualStudio.TestTools.UITesting.UITestControl.EnsureValid(Boolean waitForReady, Boolean refetch)
   --- End of inner exception stack trace ---
   at Microsoft.VisualStudio.TestTools.UITesting.UITestControl.EnsureValid(Boolean waitForReady, Boolean refetch)
   at Microsoft.VisualStudio.TestTools.UITesting.UITestControl.FindFirstDescendant(String queryId, Int32 maxDepth, Int32&amp; timeLeft)
   at Microsoft.VisualStudio.TestTools.UITesting.UITestControl.FindFirstDescendant(String queryId)
   at Microsoft.VisualStudio.TestTools.UITesting.UITestControl.EnsureValid(Boolean waitForReady, Boolean refetch)
   --- End of inner exception stack trace ---
   at Microsoft.VisualStudio.TestTools.UITesting.UITestControl.EnsureValid(Boolean waitForReady, Boolean refetch)
   at Microsoft.VisualStudio.TestTools.UITesting.UITestControl.Click(MouseButtons button, ModifierKeys modifierKeys, Point relativeCoordinates)
   at Microsoft.VisualStudio.TestTools.UITesting.Mouse.ClickImplementation(UITestControl control, MouseButtons button, ModifierKeys modifierKeys, Point relativeCoordinate)
   at Microsoft.VisualStudio.TestTools.UITesting.Mouse.ClickImplementationWrapper(UITestControl control, MouseButtons button, ModifierKeys modifierKeys, Point relativeCoordinate)
W, 3504, 19, 2013/05/23, 17:52:27.949, 2862771151584, QTAgent32.exe, PlaybackErrorHandler: Ignoring exception as ContinueOnError is set.
W, 3504, 19, 2013/05/23, 17:52:30.113, 2862802134045, QTAgent32.exe, &lt;a class=success&gt;Playback - {116} [SUCCESS] MouseButtonClick - "[MSAA, VisibleOnly]ControlType='Button' &amp;&amp; Name='OK'"
\0&lt;/a&gt;
W, 3504, 19, 2013/05/23, 17:52:30.425, 2862806601970, QTAgent32.exe, &lt;a class=success&gt;Playback - {117} [SUCCESS] MouseButtonClick - "[MSAA, VisibleOnly]ControlType='Button' &amp;&amp; Name='Cancel'"
\0&lt;/a&gt;
W, 3504, 19, 2013/05/23, 17:52:30.843, 2862812588194, QTAgent32.exe, &lt;a class=success&gt;Playback - {118} [SUCCESS] MouseButtonClick - "[MSAA, VisibleOnly]ControlType='Button'"
\0&lt;/a&gt;
W, 3504, 19, 2013/05/23, 17:52:31.480, 2862821711387, QTAgent32.exe, &lt;a class=success&gt;Playback - {119} [SUCCESS] MouseButtonClick - "[MSAA, VisibleOnly]ControlType='Button' &amp;&amp; Name='Detail'"
\0&lt;/a&gt;
W, 3504, 19, 2013/05/23, 17:52:31.760, 2862825710967, QTAgent32.exe, &lt;a class=success&gt;Playback - {120} [SUCCESS] MouseButtonClick - "[MSAA, VisibleOnly]ControlType='Edit'"
\0&lt;/a&gt;
W, 3504, 19, 2013/05/23, 17:52:32.227, 2862832404486, QTAgent32.exe, Playback - [WARNING] Internal warning: Window Not Found: [VisibleOnly]ControlType='Window' &amp;&amp; Name='Policy: gdfhdf dfghgdf' &amp;&amp; ClassName='ThunderRT6MDIForm'
\0
E, 3504, 19, 2013/05/23, 17:52:32.227, 2862832407461, QTAgent32.exe, &lt;a class=failure&gt;Playback - {121} [FAILED] Function ElementFetcher::FindScreenElement failed to locate UI element (Searching: ;[VisibleOnly]ControlType='Window' &amp;&amp; Name='Policy: gdfhdf dfghgdf' &amp;&amp; ClassName='ThunderRT6MDIForm') (The object specified was not found.)
\0&lt;/a&gt;
E, 3504, 19, 2013/05/23, 17:52:32.316, 2862833675156, QTAgent32.exe, Playback - [IMAGE] C:\Users\testuser\AppData\Local\Temp\UITestLogs\LastRun\RPFE7CA.png
\0
W, 3504, 19, 2013/05/23, 17:52:32.316, 2862833677772, QTAgent32.exe, Playback - [WARNING] Internal warning: Couldn't find descendants that match QueryId
\0
W, 3504, 19, 2013/05/23, 17:52:50.391, 2863092490276, QTAgent32.exe, Playback - [WARNING] Internal warning: Window Not Found: [VisibleOnly]ControlType='Window' &amp;&amp; Name='Policy: gdfhdf dfghgdf' &amp;&amp; ClassName='ThunderRT6MDIForm'
\0
E, 3504, 19, 2013/05/23, 17:52:50.392, 2863092493988, QTAgent32.exe, &lt;a class=failure&gt;Playback - {122} [FAILED] Function ElementFetcher::FindScreenElement failed to locate UI element (Searching: ;[VisibleOnly]ControlType='Window' &amp;&amp; Name='Policy: gdfhdf dfghgdf' &amp;&amp; ClassName='ThunderRT6MDIForm') (The object specified was not found.)
\0&lt;/a&gt;
E, 3504, 19, 2013/05/23, 17:52:50.470, 2863093618488, QTAgent32.exe, Playback - [IMAGE] C:\Users\testuser\AppData\Local\Temp\UITestLogs\LastRun\RPF2EB9.png
\0
W, 3504, 19, 2013/05/23, 17:52:50.470, 2863093620863, QTAgent32.exe, Playback - [WARNING] Internal warning: Couldn't find descendants that match QueryId
\0
W, 3504, 19, 2013/05/23, 17:52:50.471, 2863093624158, QTAgent32.exe, PERF WARNING: FindTopLevelWindowHelper::FindAllDescendents: took 18154 ms. Expected it to take maximum 500 ms.
W, 3504, 19, 2013/05/23, 17:52:51.328, 2863105894670, QTAgent32.exe, Playback - [WARNING] Internal warning: Window with Class "ThunderRT6MDIForm" and Title "Policy: gdfhdf dfghgdf" was not found, so similar window with Class "ThunderRT6MDIForm" and Title "Policy: autotest" was accepted
\0
W, 3504, 19, 2013/05/23, 17:52:51.328, 2863105899207, QTAgent32.exe, PERF WARNING: FindTopLevelWindowHelper::FindAllDescendents: took 857 ms. Expected it to take maximum 500 ms.
W, 3504, 19, 2013/05/23, 17:52:55.239, 2863161899845, QTAgent32.exe, IEDOM : StopSession of the plugin called before StartSession
W, 3504, 19, 2013/05/23, 17:52:55.240, 2863161901978, QTAgent32.exe, UIA : StopSession of the plugin called before StartSession
</DebugTrace>
      </Output>
    </UnitTestResult>
    <UnitTestResult executionId="c54d11ce-bef1-4a7e-92c6-b19f4d9d2fa3" testId="b862bdfe-d614-6d49-c3ab-29761de1788a" testName="HouseCopyRiskNew" computerName="ICLVDEVTM02" duration="00:04:56.4733508" startTime="2013-05-23T17:52:55.3590976+01:00" endTime="2013-05-23T17:57:52.0242693+01:00" testType="13cdc9d9-ddb5-4fa4-a97d-d965ccfc6d4b" outcome="Passed" testListId="8c84fa94-04c1-424b-9868-57a2d4851a1d" relativeResultsDirectory="c54d11ce-bef1-4a7e-92c6-b19f4d9d2fa3">
      <Output>
        <DebugTrace>W, 3504, 20, 2013/05/23, 17:53:01.525, 2863251906745, QTAgent32.exe, &lt;a class=success&gt;Playback - {1} [SUCCESS] MouseButtonClick - "[MSAA, VisibleOnly]ControlType='Edit'"
\0&lt;/a&gt;
W, 3504, 20, 2013/05/23, 17:53:02.030, 2863259138232, QTAgent32.exe, &lt;a class=success&gt;Playback - {2} [SUCCESS] SendKeys "[*]" - "[MSAA, VisibleOnly]ControlType='Edit'"
\0&lt;/a&gt;
W, 3504, 20, 2013/05/23, 17:53:02.780, 2863269869355, QTAgent32.exe, &lt;a class=success&gt;Playback - {3} [SUCCESS] MouseButtonClick - "[MSAA, VisibleOnly]ControlType='Button' &amp;&amp; Name='OK'"
\0&lt;/a&gt;
W, 3504, 20, 2013/05/23, 17:53:03.112, 2863274623394, QTAgent32.exe, &lt;a class=success&gt;Playback - {4} [SUCCESS] SendKeys "^{HOME}" - "[MSAA, VisibleOnly]ControlType='Edit'"
\0&lt;/a&gt;
E, 3504, 20, 2013/05/23, 17:53:03.114, 2863274654399, QTAgent32.exe, Msaa.GetFocusedElement: could not find accessible object of foreground window
W, 3504, 20, 2013/05/23, 17:53:03.183, 2863275637671, QTAgent32.exe, &lt;a class=success&gt;Playback - {5} [SUCCESS] SendKeys "^+{END}" - "[MSAA, VisibleOnly]ControlType='Edit'"
\0&lt;/a&gt;
E, 3504, 20, 2013/05/23, 17:53:03.184, 2863275658943, QTAgent32.exe, Msaa.GetFocusedElement: could not find accessible object of foreground window
W, 3504, 20, 2013/05/23, 17:53:03.260, 2863276738879, QTAgent32.exe, &lt;a class=success&gt;Playback - {6} [SUCCESS] SendKeys "{DELETE}" - "[MSAA, VisibleOnly]ControlType='Edit'"
\0&lt;/a&gt;
W, 3504, 20, 2013/05/23, 17:53:03.793, 2863284366644, QTAgent32.exe, &lt;a class=success&gt;Playback - {7} [SUCCESS] SetValueAsEditBox "23/05/2013" - "[MSAA, VisibleOnly]ControlType='Edit'"  &lt; Set via SendKeys &gt;
\0&lt;/a&gt;
W, 3504, 20, 2013/05/23, 17:53:04.353, 2863292397813, QTAgent32.exe, Playback - [WARNING] Internal warning: Incorrect flag set for InvokeProgrammaticAction\0
W, 3504, 20, 2013/05/23, 17:53:04.474, 2863294128223, QTAgent32.exe, &lt;a class=success&gt;Playback - {8} [SUCCESS] SetValueAsComboBox "May" - "[MSAA, VisibleOnly]ControlType='ComboBox'"  &lt; SetValueAsComboBox, set by clicking on the item in the list box &gt;
\0&lt;/a&gt;
W, 3504, 20, 2013/05/23, 17:53:04.780, 2863298508716, QTAgent32.exe, &lt;a class=success&gt;Playback - {9} [SUCCESS] SendKeys "^{HOME}" - "[MSAA, VisibleOnly]ControlType='Edit'"
\0&lt;/a&gt;
E, 3504, 20, 2013/05/23, 17:53:04.780, 2863298511638, QTAgent32.exe, Msaa.GetFocusedElement: could not find accessible object of foreground window
W, 3504, 20, 2013/05/23, 17:53:04.835, 2863299289742, QTAgent32.exe, &lt;a class=success&gt;Playback - {10} [SUCCESS] SendKeys "^+{END}" - "[MSAA, VisibleOnly]ControlType='Edit'"
\0&lt;/a&gt;
E, 3504, 20, 2013/05/23, 17:53:04.835, 2863299292783, QTAgent32.exe, Msaa.GetFocusedElement: could not find accessible object of foreground window
W, 3504, 20, 2013/05/23, 17:53:04.858, 2863299628334, QTAgent32.exe, &lt;a class=success&gt;Playback - {11} [SUCCESS] SendKeys "{DELETE}" - "[MSAA, VisibleOnly]ControlType='Edit'"
\0&lt;/a&gt;
W, 3504, 20, 2013/05/23, 17:53:05.115, 2863303305438, QTAgent32.exe, &lt;a class=success&gt;Playback - {12} [SUCCESS] SetValueAsEditBox "2013" - "[MSAA, VisibleOnly]ControlType='Edit'"  &lt; Set via SendKeys &gt;
\0&lt;/a&gt;
W, 3504, 20, 2013/05/23, 17:53:05.333, 2863306419912, QTAgent32.exe, &lt;a class=success&gt;Playback - {13} [SUCCESS] MouseButtonClick - "[MSAA, VisibleOnly]ControlType='Button' &amp;&amp; Name='OK'"
\0&lt;/a&gt;
W, 3504, 20, 2013/05/23, 17:53:06.616, 2863324787401, QTAgent32.exe, Playback - [WARNING] Internal warning: Window Not Found: [VisibleOnly]ControlType='Window' &amp;&amp; Name='Warning' &amp;&amp; ClassName='#32770'
\0
E, 3504, 20, 2013/05/23, 17:53:06.616, 2863324791204, QTAgent32.exe, &lt;a class=failure&gt;Playback - {14} [FAILED] Function ElementFetcher::FindScreenElement failed to locate UI element (Searching: ;[VisibleOnly]ControlType='Window' &amp;&amp; Name='Warning' &amp;&amp; ClassName='#32770') (The object specified was not found.)
\0&lt;/a&gt;
E, 3504, 20, 2013/05/23, 17:53:06.699, 2863325981764, QTAgent32.exe, Playback - [IMAGE] C:\Users\testuser\AppData\Local\Temp\UITestLogs\LastRun\RPF6E1A.png
\0
W, 3504, 20, 2013/05/23, 17:53:06.699, 2863325984108, QTAgent32.exe, Playback - [WARNING] Internal warning: Couldn't find descendants that match QueryId
\0
W, 3504, 20, 2013/05/23, 17:53:06.700, 2863325988051, QTAgent32.exe, PERF WARNING: FindTopLevelWindowHelper::FindAllDescendents: took 1247 ms. Expected it to take maximum 500 ms.
W, 3504, 20, 2013/05/23, 17:53:24.761, 2863584604659, QTAgent32.exe, Playback - [WARNING] Internal warning: Window Not Found: [VisibleOnly]ControlType='Window' &amp;&amp; Name='Warning' &amp;&amp; ClassName='#32770'
\0
E, 3504, 20, 2013/05/23, 17:53:24.762, 2863584609439, QTAgent32.exe, &lt;a class=failure&gt;Playback - {15} [FAILED] Function ElementFetcher::FindScreenElement failed to locate UI element (Searching: ;[VisibleOnly]ControlType='Window' &amp;&amp; Name='Warning' &amp;&amp; ClassName='#32770') (The object specified was not found.)
\0&lt;/a&gt;
E, 3504, 20, 2013/05/23, 17:53:24.842, 2863585753382, QTAgent32.exe, Playback - [IMAGE] C:\Users\testuser\AppData\Local\Temp\UITestLogs\LastRun\RPFB50A.png
\0
W, 3504, 20, 2013/05/23, 17:53:24.842, 2863585755985, QTAgent32.exe, Playback - [WARNING] Internal warning: Couldn't find descendants that match QueryId
\0
W, 3504, 20, 2013/05/23, 17:53:24.842, 2863585761300, QTAgent32.exe, PERF WARNING: FindTopLevelWindowHelper::FindAllDescendents: took 18142 ms. Expected it to take maximum 500 ms.
W, 3504, 20, 2013/05/23, 17:53:25.361, 2863593189131, QTAgent32.exe, Playback - [WARNING] Internal warning: Smart Match failed
\0
W, 3504, 20, 2013/05/23, 17:53:25.778, 2863599163318, QTAgent32.exe, Playback - [WARNING] Internal warning: Smart Match failed
\0
W, 3504, 20, 2013/05/23, 17:53:26.180, 2863604912862, QTAgent32.exe, Playback - [WARNING] Internal warning: Smart Match failed
\0
W, 3504, 20, 2013/05/23, 17:53:26.572, 2863610526032, QTAgent32.exe, Playback - [WARNING] Internal warning: Smart Match failed
\0
W, 3504, 20, 2013/05/23, 17:53:26.966, 2863616159424, QTAgent32.exe, Playback - [WARNING] Internal warning: Smart Match failed
\0
W, 3504, 20, 2013/05/23, 17:53:27.339, 2863621511437, QTAgent32.exe, Playback - [WARNING] Internal warning: Smart Match failed
\0
W, 3504, 20, 2013/05/23, 17:53:27.705, 2863626755227, QTAgent32.exe, Playback - [WARNING] Internal warning: Smart Match failed
\0
W, 3504, 20, 2013/05/23, 17:53:27.949, 2863630244340, QTAgent32.exe, Playback - [WARNING] Internal warning: Window Not Found: [VisibleOnly]ControlType='Window' &amp;&amp; Name='Warning' &amp;&amp; ClassName='#32770'
\0
E, 3504, 20, 2013/05/23, 17:53:27.949, 2863630247004, QTAgent32.exe, &lt;a class=failure&gt;Playback - {16} [FAILED] Function ElementFetcher::FindScreenElement failed to locate UI element (Searching: ;[VisibleOnly]ControlType='Window' &amp;&amp; Name='Warning' &amp;&amp; ClassName='#32770') (The object specified was not found.)
\0&lt;/a&gt;
E, 3504, 20, 2013/05/23, 17:53:28.032, 2863631432591, QTAgent32.exe, Playback - [IMAGE] C:\Users\testuser\AppData\Local\Temp\UITestLogs\LastRun\RPFC179.png
\0
W, 3504, 20, 2013/05/23, 17:53:28.032, 2863631435065, QTAgent32.exe, Playback - [WARNING] Internal warning: Couldn't find descendants that match QueryId
\0
W, 3504, 20, 2013/05/23, 17:53:28.033, 2863631438782, QTAgent32.exe, PERF WARNING: FindTopLevelWindowHelper::FindAllDescendents: took 3189 ms. Expected it to take maximum 500 ms.
E, 3504, 20, 2013/05/23, 17:53:28.033, 2863631440737, QTAgent32.exe, Exception: System.Runtime.InteropServices.COMException
	Message: Error HRESULT E_FAIL has been returned from a call to a COM component.
	Stack Trace:    at Microsoft.VisualStudio.TestTools.UITest.Playback.Engine.IRPFPlayback.FindAllScreenElements(IScreenElement pScreenElementStart, String bstrQueryId, Object&amp; pvarResKeys, Int32 cResKeys, Int32 nMaxDepth, Object[]&amp; foundDescendants)
   at Microsoft.VisualStudio.TestTools.UITest.Playback.ScreenElement.FindTopLevelWindowHelper(String queryId)
	BaseExceptionMessage: Error HRESULT E_FAIL has been returned from a call to a COM component.

E, 3504, 20, 2013/05/23, 17:53:28.178, 2863633528098, QTAgent32.exe, AL: Playback Error: Microsoft.VisualStudio.TestTools.UITest.Extension.UITestControlNotFoundException: The playback failed to find the control with the given search properties. Additional Details: 
TechnologyName:  'MSAA'
ControlType:  'Window'
Name:  'Warning'
ClassName:  '#32770'
 ---&gt; System.Runtime.InteropServices.COMException: Error HRESULT E_FAIL has been returned from a call to a COM component.
   at Microsoft.VisualStudio.TestTools.UITest.Playback.Engine.IRPFPlayback.FindAllScreenElements(IScreenElement pScreenElementStart, String bstrQueryId, Object&amp; pvarResKeys, Int32 cResKeys, Int32 nMaxDepth, Object[]&amp; foundDescendants)
   at Microsoft.VisualStudio.TestTools.UITest.Playback.ScreenElement.FindTopLevelWindowHelper(String queryId)
   at Microsoft.VisualStudio.TestTools.UITest.Playback.ScreenElement.FindFromPartialQueryId(String queryId)
   at Microsoft.VisualStudio.TestTools.UITesting.UITestControl..ctor(String queryId)
   --- End of inner exception stack trace ---
   at Microsoft.VisualStudio.TestTools.UITesting.Playback.MapControlNotFoundException(COMException ex, IPlaybackContext context)
   at Microsoft.VisualStudio.TestTools.UITesting.Playback.MapAndThrowComException(COMException innerException, IPlaybackContext context)
   at Microsoft.VisualStudio.TestTools.UITesting.Playback.MapAndThrowException(SystemException exception, IPlaybackContext context)
   at Microsoft.VisualStudio.TestTools.UITesting.Playback.MapAndThrowException(SystemException exception, String queryId)
   at Microsoft.VisualStudio.TestTools.UITesting.UITestControl..ctor(String queryId)
   at Microsoft.VisualStudio.TestTools.UITesting.SearchHelper.SearchTopLevelWindow(ISearchArgument topLevelSearchArg, String topLevelElementQueryId)
   at Microsoft.VisualStudio.TestTools.UITesting.SearchHelper.GetTitleUpdatedTopLevelWindow(ISearchArgument topLevelSearchArg, String queryId, IList`1 windowTitles)
   at Microsoft.VisualStudio.TestTools.UITesting.SearchHelper.GetTopLevelElement(Boolean useCache, Boolean useCacheOnly, ISearchArgument searchArg, IList`1 windowTitles, Int32&amp; timeLeft)
   at Microsoft.VisualStudio.TestTools.UITesting.SearchHelper.GetElement(Boolean useCache, ISearchArgument searchArg)
   at Microsoft.VisualStudio.TestTools.UITesting.SearchHelper.Search(ISearchArgument searchArg)
   at Microsoft.VisualStudio.TestTools.UITesting.UITestControl.FindInternal()
   at Microsoft.VisualStudio.TestTools.UITesting.UITestControl.FindControlIfNecessary()
   at Microsoft.VisualStudio.TestTools.UITesting.UITestControl.Click(MouseButtons button, ModifierKeys modifierKeys, Point relativeCoordinates)
   at Microsoft.VisualStudio.TestTools.UITesting.Mouse.ClickImplementation(UITestControl control, MouseButtons button, ModifierKeys modifierKeys, Point relativeCoordinate)
   at Microsoft.VisualStudio.TestTools.UITesting.Mouse.ClickImplementationWrapper(UITestControl control, MouseButtons button, ModifierKeys modifierKeys, Point relativeCoordinate)
W, 3504, 20, 2013/05/23, 17:53:28.187, 2863633647089, QTAgent32.exe, PlaybackErrorHandler: Ignoring exception as ContinueOnError is set.
W, 3504, 20, 2013/05/23, 17:53:28.224, 2863634183076, QTAgent32.exe, &lt;a class=success&gt;Playback - {17} [SUCCESS] TypeString "#(R)"
\0&lt;/a&gt;
W, 3504, 20, 2013/05/23, 17:53:28.865, 2863643354271, QTAgent32.exe, PERF WARNING: FindTopLevelWindowHelper::FindAllDescendents: took 540 ms. Expected it to take maximum 500 ms.
E, 3504, 20, 2013/05/23, 17:53:29.302, 2863649616947, QTAgent32.exe, Exception: System.ArgumentException
	Message: Value does not fall within the expected range.
	Stack Trace:    at Accessibility.IAccessible.get_accRole(Object varChild)
   at Microsoft.VisualStudio.TestTools.UITest.Extension.Msaa.AccWrapper.get_RoleInt()
	BaseExceptionMessage: Value does not fall within the expected range.

E, 3504, 20, 2013/05/23, 17:53:29.314, 2863649794812, QTAgent32.exe, Exception: System.ArgumentException
	Message: Value does not fall within the expected range.
	Stack Trace:    at Accessibility.IAccessible.get_accRole(Object varChild)
   at Microsoft.VisualStudio.TestTools.UITest.Extension.Msaa.AccWrapper.get_RoleInt()
	BaseExceptionMessage: Value does not fall within the expected range.

W, 3504, 20, 2013/05/23, 17:53:30.685, 2863669417804, QTAgent32.exe, &lt;a class=success&gt;Playback - {18} [SUCCESS] LeftButtonClick  &lt; Mouse cursor location (87, 908) &gt;
\0&lt;/a&gt;
W, 3504, 20, 2013/05/23, 17:53:32.316, 2863692767451, QTAgent32.exe, &lt;a class=success&gt;Playback - {19} [SUCCESS] SetValueAsEditBox "c:\TestProject7\office.reg"  &lt; Set via SendKeys &gt;
\0&lt;/a&gt;
W, 3504, 20, 2013/05/23, 17:53:32.316, 2863692773662, QTAgent32.exe, &lt;a class=success&gt;Playback - {20} [SUCCESS] SetValueAsComboBox "c:\TestProject7\office.reg" - "[MSAA, VisibleOnly]ControlType='ComboBox' &amp;&amp; Name='Open:'"  &lt; Set via SetValueAsEditBox &gt;
\0&lt;/a&gt;
W, 3504, 20, 2013/05/23, 17:53:32.593, 2863696732729, QTAgent32.exe, &lt;a class=success&gt;Playback - {21} [SUCCESS] MouseButtonClick - "[MSAA, VisibleOnly]ControlType='Button' &amp;&amp; Name='OK'"
\0&lt;/a&gt;
W, 3504, 20, 2013/05/23, 17:53:33.647, 2863711824785, QTAgent32.exe, Playback - [WARNING] Internal warning: Window Not Found: [VisibleOnly]ControlType='Window' &amp;&amp; Name='Registry Editor' &amp;&amp; ClassName='#32770'
\0
E, 3504, 20, 2013/05/23, 17:53:33.647, 2863711828454, QTAgent32.exe, &lt;a class=failure&gt;Playback - {22} [FAILED] Function ElementFetcher::FindScreenElement failed to locate UI element (Searching: ;[VisibleOnly]ControlType='Window' &amp;&amp; Name='Registry Editor' &amp;&amp; ClassName='#32770') (The object specified was not found.)
\0&lt;/a&gt;
E, 3504, 20, 2013/05/23, 17:53:33.729, 2863713006861, QTAgent32.exe, Playback - [IMAGE] C:\Users\testuser\AppData\Local\Temp\UITestLogs\LastRun\RPFD7B8.png
\0
W, 3504, 20, 2013/05/23, 17:53:33.729, 2863713009161, QTAgent32.exe, Playback - [WARNING] Internal warning: Couldn't find descendants that match QueryId
\0
W, 3504, 20, 2013/05/23, 17:53:33.730, 2863713012618, QTAgent32.exe, PERF WARNING: FindTopLevelWindowHelper::FindAllDescendents: took 1012 ms. Expected it to take maximum 500 ms.
W, 3504, 20, 2013/05/23, 17:53:34.099, 2863718299218, QTAgent32.exe, &lt;a class=success&gt;Playback - {23} [SUCCESS] MouseButtonClick - "[MSAA, VisibleOnly]ControlType='Button' &amp;&amp; Name='Yes'"
\0&lt;/a&gt;
W, 3504, 20, 2013/05/23, 17:53:34.462, 2863723497568, QTAgent32.exe, &lt;a class=success&gt;Playback - {24} [SUCCESS] MouseButtonClick - "[MSAA, VisibleOnly]ControlType='Button' &amp;&amp; Name='OK'"
\0&lt;/a&gt;
W, 3504, 20, 2013/05/23, 17:53:34.697, 2863726859768, QTAgent32.exe, &lt;a class=success&gt;Playback - {25} [SUCCESS] MouseButtonClick - "[MSAA, VisibleOnly]ControlType='Button' &amp;&amp; Name='Clients &amp; Files'"
\0&lt;/a&gt;
W, 3504, 20, 2013/05/23, 17:53:35.546, 2863739018832, QTAgent32.exe, Playback - [WARNING] Internal warning: Window Not Found: [VisibleOnly]ControlType='Window' &amp;&amp; ClassName='ThunderRT6MDIForm'
\0
E, 3504, 20, 2013/05/23, 17:53:35.546, 2863739021849, QTAgent32.exe, &lt;a class=failure&gt;Playback - {26} [FAILED] Function ElementFetcher::FindScreenElement failed to locate UI element (Searching: ;[VisibleOnly]ControlType='Window' &amp;&amp; ClassName='ThunderRT6MDIForm') (The object specified was not found.)
\0&lt;/a&gt;
E, 3504, 20, 2013/05/23, 17:53:35.636, 2863740303486, QTAgent32.exe, Playback - [IMAGE] C:\Users\testuser\AppData\Local\Temp\UITestLogs\LastRun\RPFDF28.png
\0
W, 3504, 20, 2013/05/23, 17:53:35.636, 2863740305760, QTAgent32.exe, Playback - [WARNING] Internal warning: Couldn't find descendants that match QueryId
\0
W, 3504, 20, 2013/05/23, 17:53:35.638, 2863740339343, QTAgent32.exe, PERF WARNING: FindTopLevelWindowHelper::FindAllDescendents: took 841 ms. Expected it to take maximum 500 ms.
W, 3504, 20, 2013/05/23, 17:53:36.649, 2863754806513, QTAgent32.exe, PERF WARNING: FindTopLevelWindowHelper::FindAllDescendents: took 1010 ms. Expected it to take maximum 500 ms.
W, 3504, 20, 2013/05/23, 17:53:37.714, 2863770065575, QTAgent32.exe, Playback - [WARNING] Internal warning: Incorrect flag set for InvokeProgrammaticAction\0
W, 3504, 20, 2013/05/23, 17:53:37.837, 2863771826138, QTAgent32.exe, &lt;a class=success&gt;Playback - {27} [SUCCESS] SetValueAsComboBox "Customers" - "[MSAA, VisibleOnly]ControlType='ComboBox'"  &lt; SetValueAsComboBox, set by clicking on the item in the list box &gt;
\0&lt;/a&gt;
W, 3504, 20, 2013/05/23, 17:53:38.190, 2863776875952, QTAgent32.exe, Msaa.MsaaElement() took more time. Total time taken 244 ms for element 723368_0_[MSAA]Name='Add' &amp;&amp; ControlType='Button'
W, 3504, 20, 2013/05/23, 17:53:38.311, 2863778604745, QTAgent32.exe, &lt;a class=success&gt;Playback - {28} [SUCCESS] MouseButtonClick - "[MSAA, VisibleOnly]ControlType='Button' &amp;&amp; Name='Add'"
\0&lt;/a&gt;
W, 3504, 20, 2013/05/23, 17:53:39.100, 2863789901535, QTAgent32.exe, &lt;a class=success&gt;Playback - {29} [SUCCESS] SendKeys "autotest" - "[MSAA, VisibleOnly]ControlType='RadioButton' &amp;&amp; Name='Personal Lines'"
\0&lt;/a&gt;
W, 3504, 20, 2013/05/23, 17:53:40.198, 2863805630379, QTAgent32.exe, &lt;a class=success&gt;Playback - {30} [SUCCESS] SetValueAsEditBox "autotest" - "[MSAA, VisibleOnly]ControlType='Edit'"  &lt; Set via SendKeys &gt;
\0&lt;/a&gt;
W, 3504, 20, 2013/05/23, 17:53:40.607, 2863811489145, QTAgent32.exe, &lt;a class=success&gt;Playback - {31} [SUCCESS] MouseButtonClick - "[MSAA, VisibleOnly]ControlType='Button' &amp;&amp; Name='OK'"
\0&lt;/a&gt;
W, 3504, 20, 2013/05/23, 17:53:40.850, 2863814961395, QTAgent32.exe, &lt;a class=success&gt;Playback - {32} [SUCCESS] MouseButtonClick - "[MSAA, VisibleOnly]ControlType='Button' &amp;&amp; Name='Yes'"
\0&lt;/a&gt;
W, 3504, 20, 2013/05/23, 17:53:41.549, 2863824970183, QTAgent32.exe, &lt;a class=success&gt;Playback - {33} [SUCCESS] SendKeys "^{HOME}" - "[MSAA, VisibleOnly]ControlType='Edit'"
\0&lt;/a&gt;
E, 3504, 20, 2013/05/23, 17:53:41.549, 2863824973815, QTAgent32.exe, Msaa.GetFocusedElement: could not find accessible object of foreground window
W, 3504, 20, 2013/05/23, 17:53:41.603, 2863825750170, QTAgent32.exe, &lt;a class=success&gt;Playback - {34} [SUCCESS] SendKeys "^+{END}" - "[MSAA, VisibleOnly]ControlType='Edit'"
\0&lt;/a&gt;
E, 3504, 20, 2013/05/23, 17:53:41.603, 2863825753389, QTAgent32.exe, Msaa.GetFocusedElement: could not find accessible object of foreground window
W, 3504, 20, 2013/05/23, 17:53:41.621, 2863826002018, QTAgent32.exe, &lt;a class=success&gt;Playback - {35} [SUCCESS] SendKeys "{DELETE}" - "[MSAA, VisibleOnly]ControlType='Edit'"
\0&lt;/a&gt;
W, 3504, 20, 2013/05/23, 17:53:42.015, 2863831642169, QTAgent32.exe, &lt;a class=success&gt;Playback - {36} [SUCCESS] SetValueAsEditBox "1" - "[MSAA, VisibleOnly]ControlType='Edit'"  &lt; Set via SendKeys &gt;
\0&lt;/a&gt;
W, 3504, 20, 2013/05/23, 17:53:42.581, 2863839749676, QTAgent32.exe, &lt;a class=success&gt;Playback - {37} [SUCCESS] SendKeys "^{HOME}" - "[MSAA, VisibleOnly]ControlType='Edit'"
\0&lt;/a&gt;
E, 3504, 20, 2013/05/23, 17:53:42.582, 2863839754057, QTAgent32.exe, Msaa.GetFocusedElement: could not find accessible object of foreground window
W, 3504, 20, 2013/05/23, 17:53:42.648, 2863840701839, QTAgent32.exe, &lt;a class=success&gt;Playback - {38} [SUCCESS] SendKeys "^+{END}" - "[MSAA, VisibleOnly]ControlType='Edit'"
\0&lt;/a&gt;
E, 3504, 20, 2013/05/23, 17:53:42.648, 2863840706170, QTAgent32.exe, Msaa.GetFocusedElement: could not find accessible object of foreground window
W, 3504, 20, 2013/05/23, 17:53:42.663, 2863840924475, QTAgent32.exe, &lt;a class=success&gt;Playback - {39} [SUCCESS] SendKeys "{DELETE}" - "[MSAA, VisibleOnly]ControlType='Edit'"
\0&lt;/a&gt;
W, 3504, 20, 2013/05/23, 17:53:43.098, 2863847140908, QTAgent32.exe, &lt;a class=success&gt;Playback - {40} [SUCCESS] SetValueAsEditBox "1" - "[MSAA, VisibleOnly]ControlType='Edit'"  &lt; Set via SendKeys &gt;
\0&lt;/a&gt;
W, 3504, 20, 2013/05/23, 17:53:44.707, 2863870189408, QTAgent32.exe, Playback - [WARNING] Internal warning: Target element "[MSAA, VisibleOnly]ControlType='Button' &amp;&amp; Name='OK'" was not found, so all intermediate elements were ignored. An incorrect element that matches target element Id can be found as the result.  Verify that all intermediate elements in QueryId have valid and unique Ids
\0
W, 3504, 20, 2013/05/23, 17:53:45.245, 2863877886493, QTAgent32.exe, PERF WARNING: FindAllDescendents: took 2045 ms. Expected it to take maximum 500 ms.
W, 3504, 20, 2013/05/23, 17:53:45.539, 2863882101718, QTAgent32.exe, &lt;a class=success&gt;Playback - {41} [SUCCESS] MouseButtonClick - "[MSAA, VisibleOnly]ControlType='Button' &amp;&amp; Name='OK'"
\0&lt;/a&gt;
W, 3504, 20, 2013/05/23, 17:53:45.929, 2863887675546, QTAgent32.exe, &lt;a class=success&gt;Playback - {42} [SUCCESS] MouseButtonClick - "[MSAA, VisibleOnly]ControlType='Button'"
\0&lt;/a&gt;
W, 3504, 20, 2013/05/23, 17:53:46.349, 2863893689096, QTAgent32.exe, &lt;a class=success&gt;Playback - {43} [SUCCESS] MouseButtonClick - "[MSAA, VisibleOnly]ControlType='Button' &amp;&amp; Name='Add'"
\0&lt;/a&gt;
W, 3504, 20, 2013/05/23, 17:53:46.590, 2863897152349, QTAgent32.exe, &lt;a class=success&gt;Playback - {44} [SUCCESS] MouseButtonClick - "[MSAA, VisibleOnly]ControlType='Button' &amp;&amp; Name='OK'"
\0&lt;/a&gt;
W, 3504, 20, 2013/05/23, 17:53:48.948, 2863930916007, QTAgent32.exe, &lt;a class=success&gt;Playback - {45} [SUCCESS] MouseButtonClick - "[MSAA, VisibleOnly,Window]ControlType='Window' &amp;&amp; ClassName='ThunderRT6TextBox'"
\0&lt;/a&gt;
W, 3504, 20, 2013/05/23, 17:53:49.967, 2863945495841, QTAgent32.exe, &lt;a class=success&gt;Playback - {46} [SUCCESS] SetValueAsEditBox "HOME" - "[MSAA, VisibleOnly]ControlType='Edit'"  &lt; Set via SendKeys &gt;
\0&lt;/a&gt;
W, 3504, 20, 2013/05/23, 17:53:50.345, 2863950912168, QTAgent32.exe, &lt;a class=success&gt;Playback - {47} [SUCCESS] MouseButtonClick - "[MSAA, VisibleOnly]ControlType='Button' &amp;&amp; Name='OK'"
\0&lt;/a&gt;
W, 3504, 20, 2013/05/23, 17:53:50.609, 2863954686443, QTAgent32.exe, &lt;a class=success&gt;Playback - {48} [SUCCESS] MouseButtonClick - "[MSAA, VisibleOnly]ControlType='Button' &amp;&amp; Name='Options'"
\0&lt;/a&gt;
W, 3504, 20, 2013/05/23, 17:53:50.711, 2863956149122, QTAgent32.exe, FindScreenElementInSinglePass : Attempting to find control in one pass of search. Failures can occur.
W, 3504, 20, 2013/05/23, 17:53:51.223, 2863963480785, QTAgent32.exe, &lt;a class=success&gt;Playback - {49} [SUCCESS] MouseButtonClick - "[MSAA]ControlType='MenuItem' &amp;&amp; Name='Links'"
\0&lt;/a&gt;
W, 3504, 20, 2013/05/23, 17:53:51.323, 2863964917306, QTAgent32.exe, FindScreenElementInSinglePass : Attempting to find control in one pass of search. Failures can occur.
W, 3504, 20, 2013/05/23, 17:53:51.830, 2863972178131, QTAgent32.exe, &lt;a class=success&gt;Playback - {50} [SUCCESS] MouseButtonClick - "[MSAA]ControlType='MenuItem' &amp;&amp; Name='3rd Party Integration'"
\0&lt;/a&gt;
W, 3504, 20, 2013/05/23, 17:53:51.931, 2863973618124, QTAgent32.exe, FindScreenElementInSinglePass : Attempting to find control in one pass of search. Failures can occur.
W, 3504, 20, 2013/05/23, 17:53:52.435, 2863980834619, QTAgent32.exe, &lt;a class=success&gt;Playback - {51} [SUCCESS] MouseButtonClick - "[MSAA]ControlType='MenuItem' &amp;&amp; Name='Quote Select List'"
\0&lt;/a&gt;
W, 3504, 20, 2013/05/23, 17:53:54.059, 2864004088692, QTAgent32.exe, PERF WARNING: FindTopLevelWindowHelper::FindAllDescendents: took 1520 ms. Expected it to take maximum 500 ms.
W, 3504, 20, 2013/05/23, 17:53:54.208, 2864006215593, QTAgent32.exe, &lt;a class=success&gt;Playback - {52} [SUCCESS] MouseButtonClick - "[MSAA, VisibleOnly]ControlType='Button' &amp;&amp; Name='Ok'"
\0&lt;/a&gt;
W, 3504, 20, 2013/05/23, 17:53:57.997, 2864060478423, QTAgent32.exe, PERF WARNING: FindTopLevelWindowHelper::FindAllDescendents: took 3689 ms. Expected it to take maximum 500 ms.
W, 3504, 20, 2013/05/23, 17:53:59.216, 2864077926451, QTAgent32.exe, &lt;a class=success&gt;Playback - {53} [SUCCESS] SetValueAsEditBox "test1" - "[MSAA, VisibleOnly]ControlType='Edit'"  &lt; Set via SendKeys &gt;
\0&lt;/a&gt;
W, 3504, 20, 2013/05/23, 17:54:00.378, 2864094564800, QTAgent32.exe, &lt;a class=success&gt;Playback - {54} [SUCCESS] SetValueAsEditBox "test" - "[MSAA, VisibleOnly]ControlType='Edit'"  &lt; Set via SendKeys &gt;
\0&lt;/a&gt;
W, 3504, 20, 2013/05/23, 17:54:00.981, 2864103199022, QTAgent32.exe, &lt;a class=success&gt;Playback - {55} [SUCCESS] SendKeys "^{HOME}" - "[MSAA, VisibleOnly]ControlType='Edit'"
\0&lt;/a&gt;
E, 3504, 20, 2013/05/23, 17:54:00.981, 2864103201999, QTAgent32.exe, Msaa.GetFocusedElement: could not find accessible object of foreground window
W, 3504, 20, 2013/05/23, 17:54:01.035, 2864103972662, QTAgent32.exe, &lt;a class=success&gt;Playback - {56} [SUCCESS] SendKeys "^+{END}" - "[MSAA, VisibleOnly]ControlType='Edit'"
\0&lt;/a&gt;
E, 3504, 20, 2013/05/23, 17:54:01.035, 2864103975983, QTAgent32.exe, Msaa.GetFocusedElement: could not find accessible object of foreground window
W, 3504, 20, 2013/05/23, 17:54:01.052, 2864104217830, QTAgent32.exe, &lt;a class=success&gt;Playback - {57} [SUCCESS] SendKeys "{DELETE}" - "[MSAA, VisibleOnly]ControlType='Edit'"
\0&lt;/a&gt;
W, 3504, 20, 2013/05/23, 17:54:01.569, 2864111613048, QTAgent32.exe, &lt;a class=success&gt;Playback - {58} [SUCCESS] SetValueAsEditBox "test" - "[MSAA, VisibleOnly]ControlType='Edit'"  &lt; Set via SendKeys &gt;
\0&lt;/a&gt;
W, 3504, 20, 2013/05/23, 17:54:02.724, 2864128150334, QTAgent32.exe, Playback - [WARNING] Internal warning: Incorrect flag set for InvokeProgrammaticAction\0
W, 3504, 20, 2013/05/23, 17:54:02.847, 2864129913978, QTAgent32.exe, &lt;a class=success&gt;Playback - {59} [SUCCESS] SetValueAsComboBox "Account Director" - "[MSAA, VisibleOnly]ControlType='ComboBox'"  &lt; SetValueAsComboBox, set by clicking on the item in the list box &gt;
\0&lt;/a&gt;
W, 3504, 20, 2013/05/23, 17:54:04.101, 2864147869778, QTAgent32.exe, Playback - [WARNING] Internal warning: Incorrect flag set for InvokeProgrammaticAction\0
W, 3504, 20, 2013/05/23, 17:54:04.222, 2864149603673, QTAgent32.exe, &lt;a class=success&gt;Playback - {60} [SUCCESS] SetValueAsComboBox "Advertising" - "[MSAA, VisibleOnly]ControlType='ComboBox'"  &lt; SetValueAsComboBox, set by clicking on the item in the list box &gt;
\0&lt;/a&gt;
W, 3504, 20, 2013/05/23, 17:54:05.327, 2864165434486, QTAgent32.exe, &lt;a class=success&gt;Playback - {61} [SUCCESS] SetValueAsEditBox "160589" - "[MSAA, VisibleOnly]ControlType='Edit'"  &lt; Set via SendKeys &gt;
\0&lt;/a&gt;
W, 3504, 20, 2013/05/23, 17:54:05.576, 2864168993082, QTAgent32.exe, &lt;a class=success&gt;Playback - {62} [SUCCESS] MouseButtonClick - "[MSAA, VisibleOnly]ControlType='Edit'"
\0&lt;/a&gt;
W, 3504, 20, 2013/05/23, 17:54:06.914, 2864188152687, QTAgent32.exe, &lt;a class=success&gt;Playback - {63} [SUCCESS] SetValueAsEditBox "B338TH" - "[MSAA, VisibleOnly]ControlType='Edit'"  &lt; Set via SendKeys &gt;
\0&lt;/a&gt;
W, 3504, 20, 2013/05/23, 17:54:09.140, 2864220022599, QTAgent32.exe, &lt;a class=success&gt;Playback - {64} [SUCCESS] MouseButtonClick - "[MSAA, VisibleOnly]ControlType='Button' &amp;&amp; Name='Lookup...'"
\0&lt;/a&gt;
W, 3504, 20, 2013/05/23, 17:54:09.420, 2864224028888, QTAgent32.exe, &lt;a class=success&gt;Playback - {65} [SUCCESS] MouseButtonClick - "[MSAA, VisibleOnly]ControlType='Button' &amp;&amp; Name='Ok'"
\0&lt;/a&gt;
W, 3504, 20, 2013/05/23, 17:54:09.686, 2864227842013, QTAgent32.exe, &lt;a class=success&gt;Playback - {66} [SUCCESS] MouseButtonClick - "[MSAA, VisibleOnly]ControlType='Button' &amp;&amp; Name='Next &gt;'"
\0&lt;/a&gt;
W, 3504, 20, 2013/05/23, 17:54:11.366, 2864251899183, QTAgent32.exe, &lt;a class=success&gt;Playback - {67} [SUCCESS] SetValueAsEditBox "1989" - "[MSAA, VisibleOnly]ControlType='Edit'"  &lt; Set via SendKeys &gt;
\0&lt;/a&gt;
W, 3504, 20, 2013/05/23, 17:54:11.613, 2864255435045, QTAgent32.exe, &lt;a class=success&gt;Playback - {68} [SUCCESS] MouseButtonClick - "[MSAA, VisibleOnly]ControlType='Button' &amp;&amp; Name='Next &gt;'"
\0&lt;/a&gt;
W, 3504, 20, 2013/05/23, 17:54:11.856, 2864258917325, QTAgent32.exe, &lt;a class=success&gt;Playback - {69} [SUCCESS] MouseButtonClick - "[MSAA, VisibleOnly]ControlType='Button' &amp;&amp; Name='Next &gt;'"
\0&lt;/a&gt;
W, 3504, 20, 2013/05/23, 17:54:12.085, 2864262195597, QTAgent32.exe, &lt;a class=success&gt;Playback - {70} [SUCCESS] MouseButtonClick - "[MSAA, VisibleOnly]ControlType='Button' &amp;&amp; Name='Next &gt;'"
\0&lt;/a&gt;
W, 3504, 20, 2013/05/23, 17:54:13.763, 2864286216490, QTAgent32.exe, &lt;a class=success&gt;Playback - {71} [SUCCESS] SetValueAsEditBox "2345" - "[MSAA, VisibleOnly]ControlType='Edit'"  &lt; Set via SendKeys &gt;
\0&lt;/a&gt;
W, 3504, 20, 2013/05/23, 17:54:15.377, 2864309330747, QTAgent32.exe, &lt;a class=success&gt;Playback - {72} [SUCCESS] SetValueAsEditBox "2000" - "[MSAA, VisibleOnly]ControlType='Edit'"  &lt; Set via SendKeys &gt;
\0&lt;/a&gt;
W, 3504, 20, 2013/05/23, 17:54:17.031, 2864333009300, QTAgent32.exe, &lt;a class=success&gt;Playback - {73} [SUCCESS] SetValueAsEditBox "2000" - "[MSAA, VisibleOnly]ControlType='Edit'"  &lt; Set via SendKeys &gt;
\0&lt;/a&gt;
W, 3504, 20, 2013/05/23, 17:54:17.274, 2864336496604, QTAgent32.exe, &lt;a class=success&gt;Playback - {74} [SUCCESS] MouseButtonClick - "[MSAA, VisibleOnly]ControlType='Button' &amp;&amp; Name='Next &gt;'"
\0&lt;/a&gt;
W, 3504, 20, 2013/05/23, 17:54:18.876, 2864359429114, QTAgent32.exe, &lt;a class=success&gt;Playback - {75} [SUCCESS] SetValueAsEditBox "2345" - "[MSAA, VisibleOnly]ControlType='Edit'"  &lt; Set via SendKeys &gt;
\0&lt;/a&gt;
W, 3504, 20, 2013/05/23, 17:54:19.136, 2864363146398, QTAgent32.exe, &lt;a class=success&gt;Playback - {76} [SUCCESS] MouseButtonClick - "[MSAA, VisibleOnly]ControlType='Button' &amp;&amp; Name='Next &gt;'"
\0&lt;/a&gt;
W, 3504, 20, 2013/05/23, 17:54:19.399, 2864366919196, QTAgent32.exe, &lt;a class=success&gt;Playback - {77} [SUCCESS] MouseButtonClick - "[MSAA, VisibleOnly]ControlType='Button' &amp;&amp; Name='Next &gt;'"
\0&lt;/a&gt;
W, 3504, 20, 2013/05/23, 17:54:19.782, 2864372391959, QTAgent32.exe, &lt;a class=success&gt;Playback - {78} [SUCCESS] MouseButtonClick - "[MSAA, VisibleOnly]ControlType='Button' &amp;&amp; Name='Quote'"
\0&lt;/a&gt;
W, 3504, 20, 2013/05/23, 17:54:20.059, 2864376360209, QTAgent32.exe, &lt;a class=success&gt;Playback - {79} [SUCCESS] MouseButtonClick - "[MSAA, VisibleOnly]ControlType='Button' &amp;&amp; Name='No'"
\0&lt;/a&gt;
W, 3504, 20, 2013/05/23, 17:54:20.294, 2864379732166, QTAgent32.exe, &lt;a class=success&gt;Playback - {80} [SUCCESS] MouseButtonClick - "[MSAA, VisibleOnly]ControlType='Button' &amp;&amp; Name='Ok'"
\0&lt;/a&gt;
W, 3504, 20, 2013/05/23, 17:54:28.155, 2864492280192, QTAgent32.exe, PERF WARNING: FindTopLevelWindowHelper::FindAllDescendents: took 7760 ms. Expected it to take maximum 500 ms.
W, 3504, 20, 2013/05/23, 17:54:28.303, 2864494409971, QTAgent32.exe, &lt;a class=success&gt;Playback - {81} [SUCCESS] MouseButtonClick - "[MSAA, VisibleOnly]ControlType='Client'"
\0&lt;/a&gt;
W, 3504, 20, 2013/05/23, 17:54:30.569, 2864526841920, QTAgent32.exe, &lt;a class=success&gt;Playback - {82} [SUCCESS] SendKeys "{End}" - "[MSAA, VisibleOnly]ControlType='Client'"
\0&lt;/a&gt;
W, 3504, 20, 2013/05/23, 17:54:32.114, 2864548967031, QTAgent32.exe, &lt;a class=success&gt;Playback - {83} [SUCCESS] MouseButtonClick - "[MSAA, VisibleOnly]ControlType='Button' &amp;&amp; Name='Accept'"
\0&lt;/a&gt;
W, 3504, 20, 2013/05/23, 17:54:34.354, 2864581042375, QTAgent32.exe, &lt;a class=success&gt;Playback - {84} [SUCCESS] MouseButtonClick - "[MSAA, VisibleOnly]ControlType='Button' &amp;&amp; Name='Yes'"
\0&lt;/a&gt;
W, 3504, 20, 2013/05/23, 17:54:48.307, 2864780820076, QTAgent32.exe, Playback - [WARNING] Internal warning: Window Not Found: [VisibleOnly]ControlType='Window' &amp;&amp; Name='Broker Add-ons' &amp;&amp; ClassName='ThunderRT6FormDC'
\0
E, 3504, 20, 2013/05/23, 17:54:48.307, 2864780825721, QTAgent32.exe, &lt;a class=failure&gt;Playback - {85} [FAILED] Function ElementFetcher::FindScreenElement failed to locate UI element (Searching: ;[VisibleOnly]ControlType='Window' &amp;&amp; Name='Broker Add-ons' &amp;&amp; ClassName='ThunderRT6FormDC') (The object specified was not found.)
\0&lt;/a&gt;
E, 3504, 20, 2013/05/23, 17:54:48.391, 2864782031094, QTAgent32.exe, Playback - [IMAGE] C:\Users\testuser\AppData\Local\Temp\UITestLogs\LastRun\RPFFB60.png
\0
W, 3504, 20, 2013/05/23, 17:54:48.391, 2864782033589, QTAgent32.exe, Playback - [WARNING] Internal warning: Couldn't find descendants that match QueryId
\0
W, 3504, 20, 2013/05/23, 17:54:48.392, 2864782039803, QTAgent32.exe, PERF WARNING: FindTopLevelWindowHelper::FindAllDescendents: took 13862 ms. Expected it to take maximum 500 ms.
W, 3504, 20, 2013/05/23, 17:55:07.579, 2865056770272, QTAgent32.exe, Playback - [WARNING] Internal warning: Window Not Found: [VisibleOnly]ControlType='Window' &amp;&amp; Name='Broker Add-ons' &amp;&amp; ClassName='ThunderRT6FormDC'
\0
E, 3504, 20, 2013/05/23, 17:55:07.580, 2865056780920, QTAgent32.exe, &lt;a class=failure&gt;Playback - {86} [FAILED] Function ElementFetcher::FindScreenElement failed to locate UI element (Searching: ;[VisibleOnly]ControlType='Window' &amp;&amp; Name='Broker Add-ons' &amp;&amp; ClassName='ThunderRT6FormDC') (The object specified was not found.)
\0&lt;/a&gt;
E, 3504, 20, 2013/05/23, 17:55:07.668, 2865058037717, QTAgent32.exe, Playback - [IMAGE] C:\Users\testuser\AppData\Local\Temp\UITestLogs\LastRun\RPF46A3.png
\0
W, 3504, 20, 2013/05/23, 17:55:07.668, 2865058040721, QTAgent32.exe, Playback - [WARNING] Internal warning: Couldn't find descendants that match QueryId
\0
W, 3504, 20, 2013/05/23, 17:55:07.671, 2865058078215, QTAgent32.exe, PERF WARNING: FindTopLevelWindowHelper::FindAllDescendents: took 19278 ms. Expected it to take maximum 500 ms.
W, 3504, 20, 2013/05/23, 17:55:10.370, 2865096720846, QTAgent32.exe, Playback - [WARNING] Internal warning: Smart Match failed
\0
W, 3504, 20, 2013/05/23, 17:55:11.762, 2865116652748, QTAgent32.exe, Playback - [WARNING] Internal warning: Window Not Found: [VisibleOnly]ControlType='Window' &amp;&amp; Name='Broker Add-ons' &amp;&amp; ClassName='ThunderRT6FormDC'
\0
E, 3504, 20, 2013/05/23, 17:55:11.762, 2865116657583, QTAgent32.exe, &lt;a class=failure&gt;Playback - {87} [FAILED] Function ElementFetcher::FindScreenElement failed to locate UI element (Searching: ;[VisibleOnly]ControlType='Window' &amp;&amp; Name='Broker Add-ons' &amp;&amp; ClassName='ThunderRT6FormDC') (The object specified was not found.)
\0&lt;/a&gt;
E, 3504, 20, 2013/05/23, 17:55:11.849, 2865117905685, QTAgent32.exe, Playback - [IMAGE] C:\Users\testuser\AppData\Local\Temp\UITestLogs\LastRun\RPF56F9.png
\0
W, 3504, 20, 2013/05/23, 17:55:11.849, 2865117908812, QTAgent32.exe, Playback - [WARNING] Internal warning: Couldn't find descendants that match QueryId
\0
W, 3504, 20, 2013/05/23, 17:55:11.850, 2865117914089, QTAgent32.exe, PERF WARNING: FindTopLevelWindowHelper::FindAllDescendents: took 4178 ms. Expected it to take maximum 500 ms.
E, 3504, 20, 2013/05/23, 17:55:11.850, 2865117917056, QTAgent32.exe, Exception: System.Runtime.InteropServices.COMException
	Message: Error HRESULT E_FAIL has been returned from a call to a COM component.
	Stack Trace:    at Microsoft.VisualStudio.TestTools.UITest.Playback.Engine.IRPFPlayback.FindAllScreenElements(IScreenElement pScreenElementStart, String bstrQueryId, Object&amp; pvarResKeys, Int32 cResKeys, Int32 nMaxDepth, Object[]&amp; foundDescendants)
   at Microsoft.VisualStudio.TestTools.UITest.Playback.ScreenElement.FindTopLevelWindowHelper(String queryId)
	BaseExceptionMessage: Error HRESULT E_FAIL has been returned from a call to a COM component.

E, 3504, 20, 2013/05/23, 17:55:11.951, 2865119370640, QTAgent32.exe, AL: Playback Error: Microsoft.VisualStudio.TestTools.UITest.Extension.UITestControlNotFoundException: The playback failed to find the control with the given search properties. Additional Details: 
TechnologyName:  'MSAA'
ControlType:  'Window'
Name:  'Broker Add-ons'
ClassName:  'ThunderRT6FormDC'
 ---&gt; System.Runtime.InteropServices.COMException: Error HRESULT E_FAIL has been returned from a call to a COM component.
   at Microsoft.VisualStudio.TestTools.UITest.Playback.Engine.IRPFPlayback.FindAllScreenElements(IScreenElement pScreenElementStart, String bstrQueryId, Object&amp; pvarResKeys, Int32 cResKeys, Int32 nMaxDepth, Object[]&amp; foundDescendants)
   at Microsoft.VisualStudio.TestTools.UITest.Playback.ScreenElement.FindTopLevelWindowHelper(String queryId)
   at Microsoft.VisualStudio.TestTools.UITest.Playback.ScreenElement.FindFromPartialQueryId(String queryId)
   at Microsoft.VisualStudio.TestTools.UITesting.UITestControl..ctor(String queryId)
   --- End of inner exception stack trace ---
   at Microsoft.VisualStudio.TestTools.UITesting.Playback.MapControlNotFoundException(COMException ex, IPlaybackContext context)
   at Microsoft.VisualStudio.TestTools.UITesting.Playback.MapAndThrowComException(COMException innerException, IPlaybackContext context)
   at Microsoft.VisualStudio.TestTools.UITesting.Playback.MapAndThrowException(SystemException exception, IPlaybackContext context)
   at Microsoft.VisualStudio.TestTools.UITesting.Playback.MapAndThrowException(SystemException exception, String queryId)
   at Microsoft.VisualStudio.TestTools.UITesting.UITestControl..ctor(String queryId)
   at Microsoft.VisualStudio.TestTools.UITesting.SearchHelper.SearchTopLevelWindow(ISearchArgument topLevelSearchArg, String topLevelElementQueryId)
   at Microsoft.VisualStudio.TestTools.UITesting.SearchHelper.GetTitleUpdatedTopLevelWindow(ISearchArgument topLevelSearchArg, String queryId, IList`1 windowTitles)
   at Microsoft.VisualStudio.TestTools.UITesting.SearchHelper.GetTopLevelElement(Boolean useCache, Boolean useCacheOnly, ISearchArgument searchArg, IList`1 windowTitles, Int32&amp; timeLeft)
   at Microsoft.VisualStudio.TestTools.UITesting.SearchHelper.GetElement(Boolean useCache, ISearchArgument searchArg)
   at Microsoft.VisualStudio.TestTools.UITesting.SearchHelper.Search(ISearchArgument searchArg)
   at Microsoft.VisualStudio.TestTools.UITesting.UITestControl.FindInternal()
   at Microsoft.VisualStudio.TestTools.UITesting.UITestControl.FindControlIfNecessary()
   at Microsoft.VisualStudio.TestTools.UITesting.UITestControl.Click(MouseButtons button, ModifierKeys modifierKeys, Point relativeCoordinates)
   at Microsoft.VisualStudio.TestTools.UITesting.Mouse.ClickImplementation(UITestControl control, MouseButtons button, ModifierKeys modifierKeys, Point relativeCoordinate)
   at Microsoft.VisualStudio.TestTools.UITesting.Mouse.ClickImplementationWrapper(UITestControl control, MouseButtons button, ModifierKeys modifierKeys, Point relativeCoordinate)
W, 3504, 20, 2013/05/23, 17:55:11.952, 2865119374220, QTAgent32.exe, PlaybackErrorHandler: Ignoring exception as ContinueOnError is set.
W, 3504, 20, 2013/05/23, 17:55:19.471, 2865227042730, QTAgent32.exe, Playback - [WARNING] Internal warning: Window Not Found: [VisibleOnly]ControlType='Window' &amp;&amp; Name='Save the file as' &amp;&amp; ClassName='#32770'
\0
E, 3504, 20, 2013/05/23, 17:55:19.472, 2865227049051, QTAgent32.exe, &lt;a class=failure&gt;Playback - {88} [FAILED] Function ElementFetcher::FindScreenElement failed to locate UI element (Searching: ;[VisibleOnly]ControlType='Window' &amp;&amp; Name='Save the file as' &amp;&amp; ClassName='#32770') (The object specified was not found.)
\0&lt;/a&gt;
E, 3504, 20, 2013/05/23, 17:55:19.555, 2865228233574, QTAgent32.exe, Playback - [IMAGE] C:\Users\testuser\AppData\Local\Temp\UITestLogs\LastRun\RPF7524.png
\0
W, 3504, 20, 2013/05/23, 17:55:19.555, 2865228235774, QTAgent32.exe, Playback - [WARNING] Internal warning: Couldn't find descendants that match QueryId
\0
W, 3504, 20, 2013/05/23, 17:55:19.555, 2865228241258, QTAgent32.exe, PERF WARNING: FindTopLevelWindowHelper::FindAllDescendents: took 7602 ms. Expected it to take maximum 500 ms.
W, 3504, 20, 2013/05/23, 17:55:38.794, 2865503706406, QTAgent32.exe, Playback - [WARNING] Internal warning: Window Not Found: [VisibleOnly]ControlType='Window' &amp;&amp; Name='Save the file as' &amp;&amp; ClassName='#32770'
\0
E, 3504, 20, 2013/05/23, 17:55:38.795, 2865503715457, QTAgent32.exe, &lt;a class=failure&gt;Playback - {89} [FAILED] Function ElementFetcher::FindScreenElement failed to locate UI element (Searching: ;[VisibleOnly]ControlType='Window' &amp;&amp; Name='Save the file as' &amp;&amp; ClassName='#32770') (The object specified was not found.)
\0&lt;/a&gt;
E, 3504, 20, 2013/05/23, 17:55:38.877, 2865504896470, QTAgent32.exe, Playback - [IMAGE] C:\Users\testuser\AppData\Local\Temp\UITestLogs\LastRun\RPFC096.png
\0
W, 3504, 20, 2013/05/23, 17:55:38.877, 2865504898812, QTAgent32.exe, Playback - [WARNING] Internal warning: Couldn't find descendants that match QueryId
\0
W, 3504, 20, 2013/05/23, 17:55:38.878, 2865504907502, QTAgent32.exe, PERF WARNING: FindTopLevelWindowHelper::FindAllDescendents: took 19322 ms. Expected it to take maximum 500 ms.
W, 3504, 20, 2013/05/23, 17:55:41.518, 2865542705422, QTAgent32.exe, Playback - [WARNING] Internal warning: Smart Match failed
\0
W, 3504, 20, 2013/05/23, 17:55:42.917, 2865562743010, QTAgent32.exe, Playback - [WARNING] Internal warning: Window Not Found: [VisibleOnly]ControlType='Window' &amp;&amp; Name='Save the file as' &amp;&amp; ClassName='#32770'
\0
E, 3504, 20, 2013/05/23, 17:55:42.917, 2865562747266, QTAgent32.exe, &lt;a class=failure&gt;Playback - {90} [FAILED] Function ElementFetcher::FindScreenElement failed to locate UI element (Searching: ;[VisibleOnly]ControlType='Window' &amp;&amp; Name='Save the file as' &amp;&amp; ClassName='#32770') (The object specified was not found.)
\0&lt;/a&gt;
E, 3504, 20, 2013/05/23, 17:55:42.998, 2865563902560, QTAgent32.exe, Playback - [IMAGE] C:\Users\testuser\AppData\Local\Temp\UITestLogs\LastRun\RPFD0BD.png
\0
W, 3504, 20, 2013/05/23, 17:55:42.998, 2865563904958, QTAgent32.exe, Playback - [WARNING] Internal warning: Couldn't find descendants that match QueryId
\0
W, 3504, 20, 2013/05/23, 17:55:42.999, 2865563908930, QTAgent32.exe, PERF WARNING: FindTopLevelWindowHelper::FindAllDescendents: took 4120 ms. Expected it to take maximum 500 ms.
E, 3504, 20, 2013/05/23, 17:55:42.999, 2865563910950, QTAgent32.exe, Exception: System.Runtime.InteropServices.COMException
	Message: Error HRESULT E_FAIL has been returned from a call to a COM component.
	Stack Trace:    at Microsoft.VisualStudio.TestTools.UITest.Playback.Engine.IRPFPlayback.FindAllScreenElements(IScreenElement pScreenElementStart, String bstrQueryId, Object&amp; pvarResKeys, Int32 cResKeys, Int32 nMaxDepth, Object[]&amp; foundDescendants)
   at Microsoft.VisualStudio.TestTools.UITest.Playback.ScreenElement.FindTopLevelWindowHelper(String queryId)
	BaseExceptionMessage: Error HRESULT E_FAIL has been returned from a call to a COM component.

E, 3504, 20, 2013/05/23, 17:55:43.099, 2865565354773, QTAgent32.exe, AL: Playback Error: Microsoft.VisualStudio.TestTools.UITest.Extension.UITestControlNotFoundException: The playback failed to find the control with the given search properties. Additional Details: 
TechnologyName:  'MSAA'
ControlType:  'Window'
Name:  'Save the file as'
ClassName:  '#32770'
 ---&gt; System.Runtime.InteropServices.COMException: Error HRESULT E_FAIL has been returned from a call to a COM component.
   at Microsoft.VisualStudio.TestTools.UITest.Playback.Engine.IRPFPlayback.FindAllScreenElements(IScreenElement pScreenElementStart, String bstrQueryId, Object&amp; pvarResKeys, Int32 cResKeys, Int32 nMaxDepth, Object[]&amp; foundDescendants)
   at Microsoft.VisualStudio.TestTools.UITest.Playback.ScreenElement.FindTopLevelWindowHelper(String queryId)
   at Microsoft.VisualStudio.TestTools.UITest.Playback.ScreenElement.FindFromPartialQueryId(String queryId)
   at Microsoft.VisualStudio.TestTools.UITesting.UITestControl..ctor(String queryId)
   --- End of inner exception stack trace ---
   at Microsoft.VisualStudio.TestTools.UITesting.Playback.MapControlNotFoundException(COMException ex, IPlaybackContext context)
   at Microsoft.VisualStudio.TestTools.UITesting.Playback.MapAndThrowComException(COMException innerException, IPlaybackContext context)
   at Microsoft.VisualStudio.TestTools.UITesting.Playback.MapAndThrowException(SystemException exception, IPlaybackContext context)
   at Microsoft.VisualStudio.TestTools.UITesting.Playback.MapAndThrowException(SystemException exception, String queryId)
   at Microsoft.VisualStudio.TestTools.UITesting.UITestControl..ctor(String queryId)
   at Microsoft.VisualStudio.TestTools.UITesting.SearchHelper.SearchTopLevelWindow(ISearchArgument topLevelSearchArg, String topLevelElementQueryId)
   at Microsoft.VisualStudio.TestTools.UITesting.SearchHelper.GetTitleUpdatedTopLevelWindow(ISearchArgument topLevelSearchArg, String queryId, IList`1 windowTitles)
   at Microsoft.VisualStudio.TestTools.UITesting.SearchHelper.GetTopLevelElement(Boolean useCache, Boolean useCacheOnly, ISearchArgument searchArg, IList`1 windowTitles, Int32&amp; timeLeft)
   at Microsoft.VisualStudio.TestTools.UITesting.SearchHelper.GetElement(Boolean useCache, ISearchArgument searchArg)
   at Microsoft.VisualStudio.TestTools.UITesting.SearchHelper.Search(ISearchArgument searchArg)
   at Microsoft.VisualStudio.TestTools.UITesting.UITestControl.FindInternal()
   at Microsoft.VisualStudio.TestTools.UITesting.UITestControl.FindControlIfNecessary()
   at Microsoft.VisualStudio.TestTools.UITesting.UITestControl.Click(MouseButtons button, ModifierKeys modifierKeys, Point relativeCoordinates)
   at Microsoft.VisualStudio.TestTools.UITesting.Mouse.ClickImplementation(UITestControl control, MouseButtons button, ModifierKeys modifierKeys, Point relativeCoordinate)
   at Microsoft.VisualStudio.TestTools.UITesting.Mouse.ClickImplementationWrapper(UITestControl control, MouseButtons button, ModifierKeys modifierKeys, Point relativeCoordinate)
W, 3504, 20, 2013/05/23, 17:55:43.100, 2865565358841, QTAgent32.exe, PlaybackErrorHandler: Ignoring exception as ContinueOnError is set.
W, 3504, 20, 2013/05/23, 17:55:50.615, 2865672959857, QTAgent32.exe, Playback - [WARNING] Internal warning: Window Not Found: [VisibleOnly]ControlType='Window' &amp;&amp; Name='Personal Lines' &amp;&amp; ClassName='#32770'
\0
E, 3504, 20, 2013/05/23, 17:55:50.615, 2865672965417, QTAgent32.exe, &lt;a class=failure&gt;Playback - {91} [FAILED] Function ElementFetcher::FindScreenElement failed to locate UI element (Searching: ;[VisibleOnly]ControlType='Window' &amp;&amp; Name='Personal Lines' &amp;&amp; ClassName='#32770') (The object specified was not found.)
\0&lt;/a&gt;
E, 3504, 20, 2013/05/23, 17:55:50.697, 2865674137980, QTAgent32.exe, Playback - [IMAGE] C:\Users\testuser\AppData\Local\Temp\UITestLogs\LastRun\RPFEEC9.png
\0
W, 3504, 20, 2013/05/23, 17:55:50.697, 2865674140410, QTAgent32.exe, Playback - [WARNING] Internal warning: Couldn't find descendants that match QueryId
\0
W, 3504, 20, 2013/05/23, 17:55:50.698, 2865674145576, QTAgent32.exe, PERF WARNING: FindTopLevelWindowHelper::FindAllDescendents: took 7597 ms. Expected it to take maximum 500 ms.
W, 3504, 20, 2013/05/23, 17:56:10.014, 2865950713318, QTAgent32.exe, Playback - [WARNING] Internal warning: Window Not Found: [VisibleOnly]ControlType='Window' &amp;&amp; Name='Personal Lines' &amp;&amp; ClassName='#32770'
\0
E, 3504, 20, 2013/05/23, 17:56:10.014, 2865950719119, QTAgent32.exe, &lt;a class=failure&gt;Playback - {92} [FAILED] Function ElementFetcher::FindScreenElement failed to locate UI element (Searching: ;[VisibleOnly]ControlType='Window' &amp;&amp; Name='Personal Lines' &amp;&amp; ClassName='#32770') (The object specified was not found.)
\0&lt;/a&gt;
E, 3504, 20, 2013/05/23, 17:56:10.095, 2865951887001, QTAgent32.exe, Playback - [IMAGE] C:\Users\testuser\AppData\Local\Temp\UITestLogs\LastRun\RPF3A99.png
\0
W, 3504, 20, 2013/05/23, 17:56:10.096, 2865951889616, QTAgent32.exe, Playback - [WARNING] Internal warning: Couldn't find descendants that match QueryId
\0
W, 3504, 20, 2013/05/23, 17:56:10.096, 2865951895251, QTAgent32.exe, PERF WARNING: FindTopLevelWindowHelper::FindAllDescendents: took 19398 ms. Expected it to take maximum 500 ms.
W, 3504, 20, 2013/05/23, 17:56:12.735, 2865989678714, QTAgent32.exe, Playback - [WARNING] Internal warning: Smart Match failed
\0
W, 3504, 20, 2013/05/23, 17:56:14.113, 2866009417175, QTAgent32.exe, Playback - [WARNING] Internal warning: Window Not Found: [VisibleOnly]ControlType='Window' &amp;&amp; Name='Personal Lines' &amp;&amp; ClassName='#32770'
\0
E, 3504, 20, 2013/05/23, 17:56:14.114, 2866009420644, QTAgent32.exe, &lt;a class=failure&gt;Playback - {93} [FAILED] Function ElementFetcher::FindScreenElement failed to locate UI element (Searching: ;[VisibleOnly]ControlType='Window' &amp;&amp; Name='Personal Lines' &amp;&amp; ClassName='#32770') (The object specified was not found.)
\0&lt;/a&gt;
E, 3504, 20, 2013/05/23, 17:56:14.194, 2866010572478, QTAgent32.exe, Playback - [IMAGE] C:\Users\testuser\AppData\Local\Temp\UITestLogs\LastRun\RPF4A91.png
\0
W, 3504, 20, 2013/05/23, 17:56:14.194, 2866010574873, QTAgent32.exe, Playback - [WARNING] Internal warning: Couldn't find descendants that match QueryId
\0
W, 3504, 20, 2013/05/23, 17:56:14.195, 2866010578163, QTAgent32.exe, PERF WARNING: FindTopLevelWindowHelper::FindAllDescendents: took 4098 ms. Expected it to take maximum 500 ms.
E, 3504, 20, 2013/05/23, 17:56:14.195, 2866010580348, QTAgent32.exe, Exception: System.Runtime.InteropServices.COMException
	Message: Error HRESULT E_FAIL has been returned from a call to a COM component.
	Stack Trace:    at Microsoft.VisualStudio.TestTools.UITest.Playback.Engine.IRPFPlayback.FindAllScreenElements(IScreenElement pScreenElementStart, String bstrQueryId, Object&amp; pvarResKeys, Int32 cResKeys, Int32 nMaxDepth, Object[]&amp; foundDescendants)
   at Microsoft.VisualStudio.TestTools.UITest.Playback.ScreenElement.FindTopLevelWindowHelper(String queryId)
	BaseExceptionMessage: Error HRESULT E_FAIL has been returned from a call to a COM component.

E, 3504, 20, 2013/05/23, 17:56:14.195, 2866010585084, QTAgent32.exe, Window 657900 not responding. Last Win32 error 0
E, 3504, 20, 2013/05/23, 17:56:14.195, 2866010586370, QTAgent32.exe, GetClassName for handle 657900 failed
E, 3504, 20, 2013/05/23, 17:56:14.296, 2866012024303, QTAgent32.exe, AL: Playback Error: Microsoft.VisualStudio.TestTools.UITest.Extension.UITestControlNotAvailableException: The control is not available or not valid. Additional Details: 
TechnologyName:  'MSAA'
Name:  'Personal Lines'
ClassName:  '#32770'
ControlType:  'Window'
 ---&gt; System.Runtime.InteropServices.COMException: Error HRESULT E_FAIL has been returned from a call to a COM component.
   at Microsoft.VisualStudio.TestTools.UITest.Playback.Engine.IRPFPlayback.FindAllScreenElements(IScreenElement pScreenElementStart, String bstrQueryId, Object&amp; pvarResKeys, Int32 cResKeys, Int32 nMaxDepth, Object[]&amp; foundDescendants)
   at Microsoft.VisualStudio.TestTools.UITest.Playback.ScreenElement.FindTopLevelWindowHelper(String queryId)
   at Microsoft.VisualStudio.TestTools.UITest.Playback.ScreenElement.FindFromPartialQueryId(String queryId)
   at Microsoft.VisualStudio.TestTools.UITesting.UITestControl.EnsureValid(Boolean waitForReady, Boolean refetch)
   --- End of inner exception stack trace ---
   at Microsoft.VisualStudio.TestTools.UITesting.UITestControl.EnsureValid(Boolean waitForReady, Boolean refetch)
   at Microsoft.VisualStudio.TestTools.UITesting.UITestControl.FindFirstDescendant(String queryId, Int32 maxDepth, Int32&amp; timeLeft)
   at Microsoft.VisualStudio.TestTools.UITesting.SearchHelper.GetElement(Boolean useCache, ISearchArgument searchArg)
   at Microsoft.VisualStudio.TestTools.UITesting.SearchHelper.Search(ISearchArgument searchArg)
   at Microsoft.VisualStudio.TestTools.UITesting.UITestControl.FindInternal()
   at Microsoft.VisualStudio.TestTools.UITesting.UITestControl.FindControlIfNecessary()
   at Microsoft.VisualStudio.TestTools.UITesting.UITestControl.Click(MouseButtons button, ModifierKeys modifierKeys, Point relativeCoordinates)
   at Microsoft.VisualStudio.TestTools.UITesting.Mouse.ClickImplementation(UITestControl control, MouseButtons button, ModifierKeys modifierKeys, Point relativeCoordinate)
   at Microsoft.VisualStudio.TestTools.UITesting.Mouse.ClickImplementationWrapper(UITestControl control, MouseButtons button, ModifierKeys modifierKeys, Point relativeCoordinate)
W, 3504, 20, 2013/05/23, 17:56:14.296, 2866012026756, QTAgent32.exe, PlaybackErrorHandler: Ignoring exception as ContinueOnError is set.
W, 3504, 20, 2013/05/23, 17:56:14.574, 2866016009218, QTAgent32.exe, &lt;a class=success&gt;Playback - {94} [SUCCESS] MouseButtonClick - "[MSAA, VisibleOnly]ControlType='Button' &amp;&amp; Name='Ok'"
\0&lt;/a&gt;
W, 3504, 20, 2013/05/23, 17:56:14.807, 2866019354522, QTAgent32.exe, &lt;a class=success&gt;Playback - {95} [SUCCESS] MouseButtonClick - "[MSAA, VisibleOnly]ControlType='Button' &amp;&amp; Name='Ok'"
\0&lt;/a&gt;
W, 3504, 20, 2013/05/23, 17:56:16.987, 2866050564479, QTAgent32.exe, &lt;a class=success&gt;Playback - {96} [SUCCESS] SetValueAsEditBox "B338TH" - "[MSAA, VisibleOnly]ControlType='Edit'"  &lt; Set via SendKeys &gt;
\0&lt;/a&gt;
W, 3504, 20, 2013/05/23, 17:56:19.214, 2866082445661, QTAgent32.exe, &lt;a class=success&gt;Playback - {97} [SUCCESS] MouseButtonClick - "[MSAA, VisibleOnly]ControlType='Button' &amp;&amp; Name='Lookup...'"
\0&lt;/a&gt;
W, 3504, 20, 2013/05/23, 17:56:19.458, 2866085938524, QTAgent32.exe, &lt;a class=success&gt;Playback - {98} [SUCCESS] MouseButtonClick - "[MSAA, VisibleOnly]ControlType='Button' &amp;&amp; Name='Ok'"
\0&lt;/a&gt;
W, 3504, 20, 2013/05/23, 17:56:19.739, 2866089960972, QTAgent32.exe, &lt;a class=success&gt;Playback - {99} [SUCCESS] MouseButtonClick - "[MSAA, VisibleOnly]ControlType='Button' &amp;&amp; Name='Confirm'"
\0&lt;/a&gt;
W, 3504, 20, 2013/05/23, 17:56:37.551, 2866344995991, QTAgent32.exe, Playback - [WARNING] Internal warning: Window Not Found: [VisibleOnly]ControlType='Window' &amp;&amp; Name='Personal Lines' &amp;&amp; ClassName='#32770'
\0
E, 3504, 20, 2013/05/23, 17:56:37.551, 2866345000273, QTAgent32.exe, &lt;a class=failure&gt;Playback - {100} [FAILED] Function ElementFetcher::FindScreenElement failed to locate UI element (Searching: ;[VisibleOnly]ControlType='Window' &amp;&amp; Name='Personal Lines' &amp;&amp; ClassName='#32770') (The object specified was not found.)
\0&lt;/a&gt;
E, 3504, 20, 2013/05/23, 17:56:37.631, 2866346141626, QTAgent32.exe, Playback - [IMAGE] C:\Users\testuser\AppData\Local\Temp\UITestLogs\LastRun\RPFA629.png
\0
W, 3504, 20, 2013/05/23, 17:56:37.631, 2866346143985, QTAgent32.exe, Playback - [WARNING] Internal warning: Couldn't find descendants that match QueryId
\0
W, 3504, 20, 2013/05/23, 17:56:37.631, 2866346147520, QTAgent32.exe, PERF WARNING: FindTopLevelWindowHelper::FindAllDescendents: took 17792 ms. Expected it to take maximum 500 ms.
W, 3504, 20, 2013/05/23, 17:56:56.844, 2866621233272, QTAgent32.exe, Playback - [WARNING] Internal warning: Window Not Found: [VisibleOnly]ControlType='Window' &amp;&amp; Name='Personal Lines' &amp;&amp; ClassName='#32770'
\0
E, 3504, 20, 2013/05/23, 17:56:56.846, 2866621262025, QTAgent32.exe, &lt;a class=failure&gt;Playback - {101} [FAILED] Function ElementFetcher::FindScreenElement failed to locate UI element (Searching: ;[VisibleOnly]ControlType='Window' &amp;&amp; Name='Personal Lines' &amp;&amp; ClassName='#32770') (The object specified was not found.)
\0&lt;/a&gt;
E, 3504, 20, 2013/05/23, 17:56:56.928, 2866622444403, QTAgent32.exe, Playback - [IMAGE] C:\Users\testuser\AppData\Local\Temp\UITestLogs\LastRun\RPFF18B.png
\0
W, 3504, 20, 2013/05/23, 17:56:56.928, 2866622446836, QTAgent32.exe, Playback - [WARNING] Internal warning: Couldn't find descendants that match QueryId
\0
W, 3504, 20, 2013/05/23, 17:56:56.929, 2866622453411, QTAgent32.exe, PERF WARNING: FindTopLevelWindowHelper::FindAllDescendents: took 19297 ms. Expected it to take maximum 500 ms.
W, 3504, 20, 2013/05/23, 17:56:59.567, 2866660229837, QTAgent32.exe, Playback - [WARNING] Internal warning: Smart Match failed
\0
W, 3504, 20, 2013/05/23, 17:57:00.959, 2866680157412, QTAgent32.exe, Playback - [WARNING] Internal warning: Window Not Found: [VisibleOnly]ControlType='Window' &amp;&amp; Name='Personal Lines' &amp;&amp; ClassName='#32770'
\0
E, 3504, 20, 2013/05/23, 17:57:00.959, 2866680161168, QTAgent32.exe, &lt;a class=failure&gt;Playback - {102} [FAILED] Function ElementFetcher::FindScreenElement failed to locate UI element (Searching: ;[VisibleOnly]ControlType='Window' &amp;&amp; Name='Personal Lines' &amp;&amp; ClassName='#32770') (The object specified was not found.)
\0&lt;/a&gt;
E, 3504, 20, 2013/05/23, 17:57:01.039, 2866681301218, QTAgent32.exe, Playback - [IMAGE] C:\Users\testuser\AppData\Local\Temp\UITestLogs\LastRun\RPF193.png
\0
W, 3504, 20, 2013/05/23, 17:57:01.039, 2866681303395, QTAgent32.exe, Playback - [WARNING] Internal warning: Couldn't find descendants that match QueryId
\0
W, 3504, 20, 2013/05/23, 17:57:01.039, 2866681307179, QTAgent32.exe, PERF WARNING: FindTopLevelWindowHelper::FindAllDescendents: took 4109 ms. Expected it to take maximum 500 ms.
E, 3504, 20, 2013/05/23, 17:57:01.039, 2866681309127, QTAgent32.exe, Exception: System.Runtime.InteropServices.COMException
	Message: Error HRESULT E_FAIL has been returned from a call to a COM component.
	Stack Trace:    at Microsoft.VisualStudio.TestTools.UITest.Playback.Engine.IRPFPlayback.FindAllScreenElements(IScreenElement pScreenElementStart, String bstrQueryId, Object&amp; pvarResKeys, Int32 cResKeys, Int32 nMaxDepth, Object[]&amp; foundDescendants)
   at Microsoft.VisualStudio.TestTools.UITest.Playback.ScreenElement.FindTopLevelWindowHelper(String queryId)
	BaseExceptionMessage: Error HRESULT E_FAIL has been returned from a call to a COM component.

E, 3504, 20, 2013/05/23, 17:57:01.040, 2866681313993, QTAgent32.exe, Window 657900 not responding. Last Win32 error 0
E, 3504, 20, 2013/05/23, 17:57:01.040, 2866681315412, QTAgent32.exe, GetClassName for handle 657900 failed
E, 3504, 20, 2013/05/23, 17:57:01.141, 2866682763199, QTAgent32.exe, AL: Playback Error: Microsoft.VisualStudio.TestTools.UITest.Extension.UITestControlNotAvailableException: The control is not available or not valid. Additional Details: 
TechnologyName:  'MSAA'
Name:  'Personal Lines'
ClassName:  '#32770'
ControlType:  'Window'
 ---&gt; System.Runtime.InteropServices.COMException: Error HRESULT E_FAIL has been returned from a call to a COM component.
   at Microsoft.VisualStudio.TestTools.UITest.Playback.Engine.IRPFPlayback.FindAllScreenElements(IScreenElement pScreenElementStart, String bstrQueryId, Object&amp; pvarResKeys, Int32 cResKeys, Int32 nMaxDepth, Object[]&amp; foundDescendants)
   at Microsoft.VisualStudio.TestTools.UITest.Playback.ScreenElement.FindTopLevelWindowHelper(String queryId)
   at Microsoft.VisualStudio.TestTools.UITest.Playback.ScreenElement.FindFromPartialQueryId(String queryId)
   at Microsoft.VisualStudio.TestTools.UITesting.UITestControl.EnsureValid(Boolean waitForReady, Boolean refetch)
   --- End of inner exception stack trace ---
   at Microsoft.VisualStudio.TestTools.UITesting.UITestControl.EnsureValid(Boolean waitForReady, Boolean refetch)
   at Microsoft.VisualStudio.TestTools.UITesting.UITestControl.FindFirstDescendant(String queryId, Int32 maxDepth, Int32&amp; timeLeft)
   at Microsoft.VisualStudio.TestTools.UITesting.SearchHelper.GetElement(Boolean useCache, ISearchArgument searchArg)
   at Microsoft.VisualStudio.TestTools.UITesting.SearchHelper.Search(ISearchArgument searchArg)
   at Microsoft.VisualStudio.TestTools.UITesting.UITestControl.FindInternal()
   at Microsoft.VisualStudio.TestTools.UITesting.UITestControl.FindControlIfNecessary()
   at Microsoft.VisualStudio.TestTools.UITesting.UITestControl.Click(MouseButtons button, ModifierKeys modifierKeys, Point relativeCoordinates)
   at Microsoft.VisualStudio.TestTools.UITesting.Mouse.ClickImplementation(UITestControl control, MouseButtons button, ModifierKeys modifierKeys, Point relativeCoordinate)
   at Microsoft.VisualStudio.TestTools.UITesting.Mouse.ClickImplementationWrapper(UITestControl control, MouseButtons button, ModifierKeys modifierKeys, Point relativeCoordinate)
W, 3504, 20, 2013/05/23, 17:57:01.141, 2866682766121, QTAgent32.exe, PlaybackErrorHandler: Ignoring exception as ContinueOnError is set.
W, 3504, 20, 2013/05/23, 17:57:01.280, 2866684761616, QTAgent32.exe, &lt;a class=success&gt;Playback - {103} [SUCCESS] Check - "[MSAA, VisibleOnly]ControlType='CheckBox' &amp;&amp; Name='Defer Printing?'"
\0&lt;/a&gt;
W, 3504, 20, 2013/05/23, 17:57:01.842, 2866692802787, QTAgent32.exe, &lt;a class=success&gt;Playback - {104} [SUCCESS] MouseButtonClick - "[MSAA, VisibleOnly]ControlType='Button' &amp;&amp; Name='Ok'"
\0&lt;/a&gt;
W, 3504, 20, 2013/05/23, 17:57:02.977, 2866709043690, QTAgent32.exe, PERF WARNING: FindTopLevelWindowHelper::FindAllDescendents: took 1033 ms. Expected it to take maximum 500 ms.
W, 3504, 20, 2013/05/23, 17:57:03.122, 2866711132266, QTAgent32.exe, &lt;a class=success&gt;Playback - {105} [SUCCESS] Uncheck - "[MSAA, VisibleOnly]ControlType='CheckBox' &amp;&amp; Name='Add Activity'"
\0&lt;/a&gt;
W, 3504, 20, 2013/05/23, 17:57:03.669, 2866718960854, QTAgent32.exe, &lt;a class=success&gt;Playback - {106} [SUCCESS] MouseButtonClick - "[MSAA, VisibleOnly]ControlType='Button' &amp;&amp; Name='Ok'"
\0&lt;/a&gt;
W, 3504, 20, 2013/05/23, 17:57:03.939, 2866722823991, QTAgent32.exe, &lt;a class=success&gt;Playback - {107} [SUCCESS] MouseButtonClick - "[MSAA, VisibleOnly]ControlType='Button' &amp;&amp; Name='Ok'"
\0&lt;/a&gt;
W, 3504, 20, 2013/05/23, 17:57:08.886, 2866793664299, QTAgent32.exe, Playback - [WARNING] Internal warning: Window Not Found: [VisibleOnly]ControlType='Window' &amp;&amp; Name='Transaction to insert' &amp;&amp; ClassName='TfSelectItem'
\0
E, 3504, 20, 2013/05/23, 17:57:08.887, 2866793669566, QTAgent32.exe, &lt;a class=failure&gt;Playback - {108} [FAILED] Function ElementFetcher::FindScreenElement failed to locate UI element (Searching: ;[VisibleOnly]ControlType='Window' &amp;&amp; Name='Transaction to insert' &amp;&amp; ClassName='TfSelectItem') (The object specified was not found.)
\0&lt;/a&gt;
E, 3504, 20, 2013/05/23, 17:57:08.966, 2866794811428, QTAgent32.exe, Playback - [IMAGE] C:\Users\testuser\AppData\Local\Temp\UITestLogs\LastRun\RPF2089.png
\0
W, 3504, 20, 2013/05/23, 17:57:08.967, 2866794813858, QTAgent32.exe, Playback - [WARNING] Internal warning: Couldn't find descendants that match QueryId
\0
W, 3504, 20, 2013/05/23, 17:57:08.967, 2866794817557, QTAgent32.exe, PERF WARNING: FindTopLevelWindowHelper::FindAllDescendents: took 4927 ms. Expected it to take maximum 500 ms.
W, 3504, 20, 2013/05/23, 17:57:27.352, 2867058062805, QTAgent32.exe, Playback - [WARNING] Internal warning: Window Not Found: [VisibleOnly]ControlType='Window' &amp;&amp; Name='Transaction to insert' &amp;&amp; ClassName='TfSelectItem'
\0
E, 3504, 20, 2013/05/23, 17:57:27.353, 2867058066815, QTAgent32.exe, &lt;a class=failure&gt;Playback - {109} [FAILED] Function ElementFetcher::FindScreenElement failed to locate UI element (Searching: ;[VisibleOnly]ControlType='Window' &amp;&amp; Name='Transaction to insert' &amp;&amp; ClassName='TfSelectItem') (The object specified was not found.)
\0&lt;/a&gt;
E, 3504, 20, 2013/05/23, 17:57:27.437, 2867059272441, QTAgent32.exe, Playback - [IMAGE] C:\Users\testuser\AppData\Local\Temp\UITestLogs\LastRun\RPF68B0.png
\0
W, 3504, 20, 2013/05/23, 17:57:27.438, 2867059283507, QTAgent32.exe, Playback - [WARNING] Internal warning: Couldn't find descendants that match QueryId
\0
W, 3504, 20, 2013/05/23, 17:57:27.438, 2867059287337, QTAgent32.exe, PERF WARNING: FindTopLevelWindowHelper::FindAllDescendents: took 18470 ms. Expected it to take maximum 500 ms.
W, 3504, 20, 2013/05/23, 17:57:28.189, 2867070043740, QTAgent32.exe, Playback - [WARNING] Internal warning: Smart Match failed
\0
W, 3504, 20, 2013/05/23, 17:57:29.003, 2867081693460, QTAgent32.exe, Playback - [WARNING] Internal warning: Smart Match failed
\0
W, 3504, 20, 2013/05/23, 17:57:29.846, 2867093767779, QTAgent32.exe, Playback - [WARNING] Internal warning: Smart Match failed
\0
W, 3504, 20, 2013/05/23, 17:57:30.690, 2867105856555, QTAgent32.exe, Playback - [WARNING] Internal warning: Smart Match failed
\0
W, 3504, 20, 2013/05/23, 17:57:31.182, 2867112892747, QTAgent32.exe, Playback - [WARNING] Internal warning: Window Not Found: [VisibleOnly]ControlType='Window' &amp;&amp; Name='Transaction to insert' &amp;&amp; ClassName='TfSelectItem'
\0
E, 3504, 20, 2013/05/23, 17:57:31.182, 2867112896745, QTAgent32.exe, &lt;a class=failure&gt;Playback - {110} [FAILED] Function ElementFetcher::FindScreenElement failed to locate UI element (Searching: ;[VisibleOnly]ControlType='Window' &amp;&amp; Name='Transaction to insert' &amp;&amp; ClassName='TfSelectItem') (The object specified was not found.)
\0&lt;/a&gt;
E, 3504, 20, 2013/05/23, 17:57:31.264, 2867114062827, QTAgent32.exe, Playback - [IMAGE] C:\Users\testuser\AppData\Local\Temp\UITestLogs\LastRun\RPF77AF.png
\0
W, 3504, 20, 2013/05/23, 17:57:31.264, 2867114065276, QTAgent32.exe, Playback - [WARNING] Internal warning: Couldn't find descendants that match QueryId
\0
W, 3504, 20, 2013/05/23, 17:57:31.264, 2867114068065, QTAgent32.exe, PERF WARNING: FindTopLevelWindowHelper::FindAllDescendents: took 3825 ms. Expected it to take maximum 500 ms.
E, 3504, 20, 2013/05/23, 17:57:31.264, 2867114070107, QTAgent32.exe, Exception: System.Runtime.InteropServices.COMException
	Message: Error HRESULT E_FAIL has been returned from a call to a COM component.
	Stack Trace:    at Microsoft.VisualStudio.TestTools.UITest.Playback.Engine.IRPFPlayback.FindAllScreenElements(IScreenElement pScreenElementStart, String bstrQueryId, Object&amp; pvarResKeys, Int32 cResKeys, Int32 nMaxDepth, Object[]&amp; foundDescendants)
   at Microsoft.VisualStudio.TestTools.UITest.Playback.ScreenElement.FindTopLevelWindowHelper(String queryId)
	BaseExceptionMessage: Error HRESULT E_FAIL has been returned from a call to a COM component.

E, 3504, 20, 2013/05/23, 17:57:31.264, 2867114073863, QTAgent32.exe, Window 1967818 not responding. Last Win32 error 0
E, 3504, 20, 2013/05/23, 17:57:31.264, 2867114075006, QTAgent32.exe, GetClassName for handle 1967818 failed
E, 3504, 20, 2013/05/23, 17:57:31.265, 2867114080594, QTAgent32.exe, Window 2033106 not responding. Last Win32 error 1400
E, 3504, 20, 2013/05/23, 17:57:31.265, 2867114081537, QTAgent32.exe, GetClassName for handle 2033106 failed
E, 3504, 20, 2013/05/23, 17:57:31.365, 2867115521400, QTAgent32.exe, AL: Playback Error: Microsoft.VisualStudio.TestTools.UITest.Extension.UITestControlNotAvailableException: The control is not available or not valid. Additional Details: 
TechnologyName:  'MSAA'
Name:  'Ok'
ControlType:  'Button'
 ---&gt; Microsoft.VisualStudio.TestTools.UITest.Extension.UITestControlNotAvailableException: The control is not available or not valid. Additional Details: 
TechnologyName:  'MSAA'
Name:  'Transaction to insert'
ClassName:  'TfSelectItem'
ControlType:  'Window'
 ---&gt; System.Runtime.InteropServices.COMException: Error HRESULT E_FAIL has been returned from a call to a COM component.
   at Microsoft.VisualStudio.TestTools.UITest.Playback.Engine.IRPFPlayback.FindAllScreenElements(IScreenElement pScreenElementStart, String bstrQueryId, Object&amp; pvarResKeys, Int32 cResKeys, Int32 nMaxDepth, Object[]&amp; foundDescendants)
   at Microsoft.VisualStudio.TestTools.UITest.Playback.ScreenElement.FindTopLevelWindowHelper(String queryId)
   at Microsoft.VisualStudio.TestTools.UITest.Playback.ScreenElement.FindFromPartialQueryId(String queryId)
   at Microsoft.VisualStudio.TestTools.UITesting.UITestControl.EnsureValid(Boolean waitForReady, Boolean refetch)
   --- End of inner exception stack trace ---
   at Microsoft.VisualStudio.TestTools.UITesting.UITestControl.EnsureValid(Boolean waitForReady, Boolean refetch)
   at Microsoft.VisualStudio.TestTools.UITesting.UITestControl.FindFirstDescendant(String queryId, Int32 maxDepth, Int32&amp; timeLeft)
   at Microsoft.VisualStudio.TestTools.UITesting.UITestControl.FindFirstDescendant(String queryId)
   at Microsoft.VisualStudio.TestTools.UITesting.UITestControl.EnsureValid(Boolean waitForReady, Boolean refetch)
   --- End of inner exception stack trace ---
   at Microsoft.VisualStudio.TestTools.UITesting.UITestControl.EnsureValid(Boolean waitForReady, Boolean refetch)
   at Microsoft.VisualStudio.TestTools.UITesting.UITestControl.Click(MouseButtons button, ModifierKeys modifierKeys, Point relativeCoordinates)
   at Microsoft.VisualStudio.TestTools.UITesting.Mouse.ClickImplementation(UITestControl control, MouseButtons button, ModifierKeys modifierKeys, Point relativeCoordinate)
   at Microsoft.VisualStudio.TestTools.UITesting.Mouse.ClickImplementationWrapper(UITestControl control, MouseButtons button, ModifierKeys modifierKeys, Point relativeCoordinate)
W, 3504, 20, 2013/05/23, 17:57:31.366, 2867115524984, QTAgent32.exe, PlaybackErrorHandler: Ignoring exception as ContinueOnError is set.
W, 3504, 20, 2013/05/23, 17:57:33.542, 2867146692103, QTAgent32.exe, &lt;a class=success&gt;Playback - {111} [SUCCESS] MouseButtonClick - "[MSAA, VisibleOnly]ControlType='Button' &amp;&amp; Name='OK'"
\0&lt;/a&gt;
W, 3504, 20, 2013/05/23, 17:57:33.857, 2867151202718, QTAgent32.exe, &lt;a class=success&gt;Playback - {112} [SUCCESS] MouseButtonClick - "[MSAA, VisibleOnly]ControlType='Button' &amp;&amp; Name='Cancel'"
\0&lt;/a&gt;
W, 3504, 20, 2013/05/23, 17:57:34.255, 2867156898474, QTAgent32.exe, &lt;a class=success&gt;Playback - {113} [SUCCESS] MouseButtonClick - "[MSAA, VisibleOnly]ControlType='Button'"
\0&lt;/a&gt;
W, 3504, 20, 2013/05/23, 17:57:34.526, 2867160780905, QTAgent32.exe, &lt;a class=success&gt;Playback - {114} [SUCCESS] MouseButtonClick - "[MSAA, VisibleOnly]ControlType='Button' &amp;&amp; Name='Options'"
\0&lt;/a&gt;
W, 3504, 20, 2013/05/23, 17:57:34.627, 2867162222363, QTAgent32.exe, FindScreenElementInSinglePass : Attempting to find control in one pass of search. Failures can occur.
W, 3504, 20, 2013/05/23, 17:57:34.641, 2867162427643, QTAgent32.exe, Playback - [WARNING] Internal failure: Method GetBoundingRectangle failed (HRESULT = 0x1, "Incorrect function.") for Name = "Copy Risk" ," ControlType = "MenuItem"
\0
W, 3504, 20, 2013/05/23, 17:57:34.642, 2867162430096, QTAgent32.exe, Playback - [WARNING] Internal failure: Couldn't get clickable point for ScreenUIElement - GetClickablePoint failed
\0
W, 3504, 20, 2013/05/23, 17:57:34.642, 2867162433635, QTAgent32.exe, FindScreenElementInSinglePass : Attempting to find control in one pass of search. Failures can occur.
W, 3504, 20, 2013/05/23, 17:57:34.645, 2867162472618, QTAgent32.exe, FindScreenElementInSinglePass : Attempting to find control in one pass of search. Failures can occur.
W, 3504, 20, 2013/05/23, 17:57:34.766, 2867164216640, QTAgent32.exe, &lt;a class=success&gt;Playback - {115} [SUCCESS] LeftButtonClick - "[MSAA, VisibleOnly]ControlType='MenuBar' &amp;&amp; Name='Application'"  &lt; Mouse cursor location (960, 31) &gt;
\0&lt;/a&gt;
W, 3504, 20, 2013/05/23, 17:57:34.879, 2867165834742, QTAgent32.exe, &lt;a class=success&gt;Playback - {116} [SUCCESS] LeftButtonClick - "[MSAA]ControlType='MenuItem' &amp;&amp; Name='Options'"  &lt; Mouse cursor location (94, 31) &gt;
\0&lt;/a&gt;
W, 3504, 20, 2013/05/23, 17:57:35.294, 2867171768907, QTAgent32.exe, &lt;a class=success&gt;Playback - {117} [SUCCESS] LeftButtonClick - "[MSAA]ControlType='MenuItem' &amp;&amp; Name='Links'"  &lt; Mouse cursor location (174, 319) &gt;
\0&lt;/a&gt;
W, 3504, 20, 2013/05/23, 17:57:35.720, 2867177869341, QTAgent32.exe, &lt;a class=success&gt;Playback - {118} [SUCCESS] LeftButtonClick - "[MSAA]ControlType='MenuItem' &amp;&amp; Name='3rd Party Integration'"  &lt; Mouse cursor location (375, 319) &gt;
\0&lt;/a&gt;
W, 3504, 20, 2013/05/23, 17:57:36.187, 2867184553903, QTAgent32.exe, &lt;a class=success&gt;Playback - {119} [SUCCESS] MouseButtonClick - "[MSAA]ControlType='MenuItem' &amp;&amp; Name='Copy Risk'"
\0&lt;/a&gt;
W, 3504, 20, 2013/05/23, 17:57:36.770, 2867192903731, QTAgent32.exe, Playback - [WARNING] Internal warning: Window Not Found: [VisibleOnly]ControlType='Window' &amp;&amp; Name='Which policy would you like to take the risk details from?' &amp;&amp; ClassName='TfSelectItem'
\0
E, 3504, 20, 2013/05/23, 17:57:36.770, 2867192906583, QTAgent32.exe, &lt;a class=failure&gt;Playback - {120} [FAILED] Function ElementFetcher::FindScreenElement failed to locate UI element (Searching: ;[VisibleOnly]ControlType='Window' &amp;&amp; Name='Which policy would you like to take the risk details from?' &amp;&amp; ClassName='TfSelectItem') (The object specified was not found.)
\0&lt;/a&gt;
E, 3504, 20, 2013/05/23, 17:57:36.861, 2867194207822, QTAgent32.exe, Playback - [IMAGE] C:\Users\testuser\AppData\Local\Temp\UITestLogs\LastRun\RPF8D81.png
\0
W, 3504, 20, 2013/05/23, 17:57:36.861, 2867194210050, QTAgent32.exe, Playback - [WARNING] Internal warning: Couldn't find descendants that match QueryId
\0
W, 3504, 20, 2013/05/23, 17:57:36.861, 2867194212940, QTAgent32.exe, PERF WARNING: FindTopLevelWindowHelper::FindAllDescendents: took 574 ms. Expected it to take maximum 500 ms.
W, 3504, 20, 2013/05/23, 17:57:39.179, 2867227400825, QTAgent32.exe, PERF WARNING: FindTopLevelWindowHelper::FindAllDescendents: took 2317 ms. Expected it to take maximum 500 ms.
W, 3504, 20, 2013/05/23, 17:57:39.323, 2867229454930, QTAgent32.exe, &lt;a class=success&gt;Playback - {121} [SUCCESS] MouseButtonClick - "[MSAA, VisibleOnly]ControlType='Button' &amp;&amp; Name='Ok'"
\0&lt;/a&gt;
W, 3504, 20, 2013/05/23, 17:57:42.994, 2867282015526, QTAgent32.exe, PERF WARNING: FindTopLevelWindowHelper::FindAllDescendents: took 3551 ms. Expected it to take maximum 500 ms.
W, 3504, 20, 2013/05/23, 17:57:43.234, 2867285458477, QTAgent32.exe, &lt;a class=success&gt;Playback - {122} [SUCCESS] Check - "[MSAA, VisibleOnly]ControlType='RadioButton' &amp;&amp; Name='Household'"
\0&lt;/a&gt;
W, 3504, 20, 2013/05/23, 17:57:43.648, 2867291388740, QTAgent32.exe, &lt;a class=success&gt;Playback - {123} [SUCCESS] MouseButtonClick - "[MSAA, VisibleOnly]ControlType='Button' &amp;&amp; Name='OK'"
\0&lt;/a&gt;
W, 3504, 20, 2013/05/23, 17:57:43.749, 2867292835549, QTAgent32.exe, Playback - [WARNING] Internal warning: Thread state based WFR - Requested element has invalid HWND
\0
W, 3504, 20, 2013/05/23, 17:57:43.749, 2867292837760, QTAgent32.exe, Playback - [WARNING] Internal warning: process performance counters based WFR - Requested element has invalid HWND
\0
E, 3504, 20, 2013/05/23, 17:57:43.750, 2867292841712, QTAgent32.exe, EnsureValid called via EnsureValid call for same element
E, 3504, 20, 2013/05/23, 17:57:43.750, 2867292844498, QTAgent32.exe, EnsureValid called via EnsureValid call for same element
E, 3504, 20, 2013/05/23, 17:57:43.750, 2867292846073, QTAgent32.exe, EnsureValid called via EnsureValid call for same element
E, 3504, 20, 2013/05/23, 17:57:43.750, 2867292850174, QTAgent32.exe, Window 2426524 not responding. Last Win32 error 0
E, 3504, 20, 2013/05/23, 17:57:43.750, 2867292852572, QTAgent32.exe, GetClassName for handle 2426524 failed
W, 3504, 20, 2013/05/23, 17:57:45.806, 2867322289974, QTAgent32.exe, PERF WARNING: FindTopLevelWindowHelper::FindAllDescendents: took 2055 ms. Expected it to take maximum 500 ms.
W, 3504, 20, 2013/05/23, 17:57:45.924, 2867323978609, QTAgent32.exe, Playback - [WARNING] Internal warning: Thread state based WFR - Requested element has invalid HWND
\0
W, 3504, 20, 2013/05/23, 17:57:45.924, 2867323980440, QTAgent32.exe, Playback - [WARNING] Internal warning: process performance counters based WFR - Requested element has invalid HWND
\0
E, 3504, 20, 2013/05/23, 17:57:45.924, 2867323982741, QTAgent32.exe, EnsureValid called via EnsureValid call for same element
E, 3504, 20, 2013/05/23, 17:57:45.924, 2867323984702, QTAgent32.exe, EnsureValid called via EnsureValid call for same element
E, 3504, 20, 2013/05/23, 17:57:45.924, 2867323985864, QTAgent32.exe, EnsureValid called via EnsureValid call for same element
E, 3504, 20, 2013/05/23, 17:57:45.925, 2867323989835, QTAgent32.exe, Window 460938 not responding. Last Win32 error 0
E, 3504, 20, 2013/05/23, 17:57:45.925, 2867323990674, QTAgent32.exe, GetClassName for handle 460938 failed
W, 3504, 20, 2013/05/23, 17:57:45.957, 2867324455141, QTAgent32.exe, Playback - [WARNING] Internal warning: Thread state based WFR - Requested element has invalid HWND
\0
W, 3504, 20, 2013/05/23, 17:57:45.957, 2867324456642, QTAgent32.exe, Playback - [WARNING] Internal warning: process performance counters based WFR - Requested element has invalid HWND
\0
E, 3504, 20, 2013/05/23, 17:57:45.957, 2867324458928, QTAgent32.exe, EnsureValid called via EnsureValid call for same element
E, 3504, 20, 2013/05/23, 17:57:45.958, 2867324461957, QTAgent32.exe, EnsureValid called via EnsureValid call for same element
E, 3504, 20, 2013/05/23, 17:57:45.958, 2867324463455, QTAgent32.exe, EnsureValid called via EnsureValid call for same element
E, 3504, 20, 2013/05/23, 17:57:45.958, 2867324467274, QTAgent32.exe, Window 1050670 not responding. Last Win32 error 0
E, 3504, 20, 2013/05/23, 17:57:45.958, 2867324469735, QTAgent32.exe, GetClassName for handle 1050670 failed
W, 3504, 20, 2013/05/23, 17:57:45.974, 2867324682515, QTAgent32.exe, Playback - [WARNING] Internal warning: Thread state based WFR - Requested element has invalid HWND
\0
W, 3504, 20, 2013/05/23, 17:57:45.974, 2867324684028, QTAgent32.exe, Playback - [WARNING] Internal warning: process performance counters based WFR - Requested element has invalid HWND
\0
E, 3504, 20, 2013/05/23, 17:57:45.974, 2867324687786, QTAgent32.exe, EnsureValid called via EnsureValid call for same element
E, 3504, 20, 2013/05/23, 17:57:45.974, 2867324690093, QTAgent32.exe, EnsureValid called via EnsureValid call for same element
E, 3504, 20, 2013/05/23, 17:57:45.974, 2867324691258, QTAgent32.exe, EnsureValid called via EnsureValid call for same element
E, 3504, 20, 2013/05/23, 17:57:45.974, 2867324694006, QTAgent32.exe, Window 1312740 not responding. Last Win32 error 0
E, 3504, 20, 2013/05/23, 17:57:45.975, 2867324696002, QTAgent32.exe, GetClassName for handle 1312740 failed
W, 3504, 20, 2013/05/23, 17:57:46.126, 2867326865498, QTAgent32.exe, &lt;a class=success&gt;Playback - {124} [SUCCESS] MouseButtonClick - "[MSAA, VisibleOnly]ControlType='Button' &amp;&amp; Name='Cancel'"
\0&lt;/a&gt;
W, 3504, 20, 2013/05/23, 17:57:46.369, 2867330348181, QTAgent32.exe, &lt;a class=success&gt;Playback - {125} [SUCCESS] MouseButtonClick - "[MSAA, VisibleOnly]ControlType='Button' &amp;&amp; Name='Yes'"
\0&lt;/a&gt;
W, 3504, 20, 2013/05/23, 17:57:46.698, 2867335052433, QTAgent32.exe, &lt;a class=success&gt;Playback - {126} [SUCCESS] MouseButtonClick - "[MSAA, VisibleOnly]ControlType='Button' &amp;&amp; Name='Yes'"
\0&lt;/a&gt;
W, 3504, 20, 2013/05/23, 17:57:48.949, 2867367293423, QTAgent32.exe, &lt;a class=success&gt;Playback - {127} [SUCCESS] MouseButtonClick - "[MSAA, VisibleOnly]ControlType='Button' &amp;&amp; Name='OK'"
\0&lt;/a&gt;
W, 3504, 20, 2013/05/23, 17:57:52.018, 2867411237895, QTAgent32.exe, IEDOM : StopSession of the plugin called before StartSession
W, 3504, 20, 2013/05/23, 17:57:52.019, 2867411240487, QTAgent32.exe, UIA : StopSession of the plugin called before StartSession
</DebugTrace>
      </Output>
    </UnitTestResult>
    <UnitTestResult executionId="e2386d9a-87db-41f7-84e1-d4405fc91f3d" testId="2c891097-3795-9085-67ce-0d01fd13212c" testName="HouseCopyRiskQTE" computerName="ICLVDEVTM02" duration="00:01:49.3894174" startTime="2013-05-23T17:57:52.0732756+01:00" endTime="2013-05-23T17:59:41.4711673+01:00" testType="13cdc9d9-ddb5-4fa4-a97d-d965ccfc6d4b" outcome="Passed" testListId="8c84fa94-04c1-424b-9868-57a2d4851a1d" relativeResultsDirectory="e2386d9a-87db-41f7-84e1-d4405fc91f3d">
      <Output>
        <DebugTrace>W, 3504, 21, 2013/05/23, 17:57:56.702, 2867478298678, QTAgent32.exe, &lt;a class=success&gt;Playback - {1} [SUCCESS] MouseButtonClick - "[MSAA, VisibleOnly]ControlType='Edit'"
\0&lt;/a&gt;
W, 3504, 21, 2013/05/23, 17:57:57.196, 2867485370643, QTAgent32.exe, &lt;a class=success&gt;Playback - {2} [SUCCESS] SendKeys "[*]" - "[MSAA, VisibleOnly]ControlType='Edit'"
\0&lt;/a&gt;
W, 3504, 21, 2013/05/23, 17:57:57.950, 2867496171374, QTAgent32.exe, &lt;a class=success&gt;Playback - {3} [SUCCESS] MouseButtonClick - "[MSAA, VisibleOnly]ControlType='Button' &amp;&amp; Name='OK'"
\0&lt;/a&gt;
W, 3504, 21, 2013/05/23, 17:57:58.338, 2867501722336, QTAgent32.exe, &lt;a class=success&gt;Playback - {4} [SUCCESS] SendKeys "^{HOME}" - "[MSAA, VisibleOnly]ControlType='Edit'"
\0&lt;/a&gt;
E, 3504, 21, 2013/05/23, 17:57:58.338, 2867501725260, QTAgent32.exe, Msaa.GetFocusedElement: could not find accessible object of foreground window
W, 3504, 21, 2013/05/23, 17:57:58.420, 2867502896965, QTAgent32.exe, &lt;a class=success&gt;Playback - {5} [SUCCESS] SendKeys "^+{END}" - "[MSAA, VisibleOnly]ControlType='Edit'"
\0&lt;/a&gt;
E, 3504, 21, 2013/05/23, 17:57:58.420, 2867502899823, QTAgent32.exe, Msaa.GetFocusedElement: could not find accessible object of foreground window
W, 3504, 21, 2013/05/23, 17:57:58.434, 2867503099726, QTAgent32.exe, &lt;a class=success&gt;Playback - {6} [SUCCESS] SendKeys "{DELETE}" - "[MSAA, VisibleOnly]ControlType='Edit'"
\0&lt;/a&gt;
W, 3504, 21, 2013/05/23, 17:57:58.828, 2867508739551, QTAgent32.exe, &lt;a class=success&gt;Playback - {7} [SUCCESS] SetValueAsEditBox "23/05/2013" - "[MSAA, VisibleOnly]ControlType='Edit'"  &lt; Set via SendKeys &gt;
\0&lt;/a&gt;
W, 3504, 21, 2013/05/23, 17:57:59.394, 2867516837162, QTAgent32.exe, Playback - [WARNING] Internal warning: Incorrect flag set for InvokeProgrammaticAction\0
W, 3504, 21, 2013/05/23, 17:57:59.514, 2867518564398, QTAgent32.exe, &lt;a class=success&gt;Playback - {8} [SUCCESS] SetValueAsComboBox "May" - "[MSAA, VisibleOnly]ControlType='ComboBox'"  &lt; SetValueAsComboBox, set by clicking on the item in the list box &gt;
\0&lt;/a&gt;
W, 3504, 21, 2013/05/23, 17:57:59.823, 2867522987076, QTAgent32.exe, &lt;a class=success&gt;Playback - {9} [SUCCESS] SendKeys "^{HOME}" - "[MSAA, VisibleOnly]ControlType='Edit'"
\0&lt;/a&gt;
E, 3504, 21, 2013/05/23, 17:57:59.823, 2867522990968, QTAgent32.exe, Msaa.GetFocusedElement: could not find accessible object of foreground window
W, 3504, 21, 2013/05/23, 17:57:59.880, 2867523803225, QTAgent32.exe, &lt;a class=success&gt;Playback - {10} [SUCCESS] SendKeys "^+{END}" - "[MSAA, VisibleOnly]ControlType='Edit'"
\0&lt;/a&gt;
E, 3504, 21, 2013/05/23, 17:57:59.880, 2867523806598, QTAgent32.exe, Msaa.GetFocusedElement: could not find accessible object of foreground window
W, 3504, 21, 2013/05/23, 17:57:59.896, 2867524026283, QTAgent32.exe, &lt;a class=success&gt;Playback - {11} [SUCCESS] SendKeys "{DELETE}" - "[MSAA, VisibleOnly]ControlType='Edit'"
\0&lt;/a&gt;
W, 3504, 21, 2013/05/23, 17:58:00.129, 2867527368265, QTAgent32.exe, &lt;a class=success&gt;Playback - {12} [SUCCESS] SetValueAsEditBox "2013" - "[MSAA, VisibleOnly]ControlType='Edit'"  &lt; Set via SendKeys &gt;
\0&lt;/a&gt;
W, 3504, 21, 2013/05/23, 17:58:00.347, 2867530489838, QTAgent32.exe, &lt;a class=success&gt;Playback - {13} [SUCCESS] MouseButtonClick - "[MSAA, VisibleOnly]ControlType='Button' &amp;&amp; Name='OK'"
\0&lt;/a&gt;
W, 3504, 21, 2013/05/23, 17:58:01.649, 2867549128292, QTAgent32.exe, Playback - [WARNING] Internal warning: Window Not Found: [VisibleOnly]ControlType='Window' &amp;&amp; Name='Warning' &amp;&amp; ClassName='#32770'
\0
E, 3504, 21, 2013/05/23, 17:58:01.649, 2867549131871, QTAgent32.exe, &lt;a class=failure&gt;Playback - {14} [FAILED] Function ElementFetcher::FindScreenElement failed to locate UI element (Searching: ;[VisibleOnly]ControlType='Window' &amp;&amp; Name='Warning' &amp;&amp; ClassName='#32770') (The object specified was not found.)
\0&lt;/a&gt;
E, 3504, 21, 2013/05/23, 17:58:01.735, 2867550362991, QTAgent32.exe, Playback - [IMAGE] C:\Users\testuser\AppData\Local\Temp\UITestLogs\LastRun\RPFEEB4.png
\0
W, 3504, 21, 2013/05/23, 17:58:01.736, 2867550365729, QTAgent32.exe, Playback - [WARNING] Internal warning: Couldn't find descendants that match QueryId
\0
W, 3504, 21, 2013/05/23, 17:58:01.736, 2867550369281, QTAgent32.exe, PERF WARNING: FindTopLevelWindowHelper::FindAllDescendents: took 1261 ms. Expected it to take maximum 500 ms.
W, 3504, 21, 2013/05/23, 17:58:19.787, 2867808840433, QTAgent32.exe, Playback - [WARNING] Internal warning: Window Not Found: [VisibleOnly]ControlType='Window' &amp;&amp; Name='Warning' &amp;&amp; ClassName='#32770'
\0
E, 3504, 21, 2013/05/23, 17:58:19.788, 2867808845489, QTAgent32.exe, &lt;a class=failure&gt;Playback - {15} [FAILED] Function ElementFetcher::FindScreenElement failed to locate UI element (Searching: ;[VisibleOnly]ControlType='Window' &amp;&amp; Name='Warning' &amp;&amp; ClassName='#32770') (The object specified was not found.)
\0&lt;/a&gt;
E, 3504, 21, 2013/05/23, 17:58:19.870, 2867810018913, QTAgent32.exe, Playback - [IMAGE] C:\Users\testuser\AppData\Local\Temp\UITestLogs\LastRun\RPF3584.png
\0
W, 3504, 21, 2013/05/23, 17:58:19.870, 2867810021466, QTAgent32.exe, Playback - [WARNING] Internal warning: Couldn't find descendants that match QueryId
\0
W, 3504, 21, 2013/05/23, 17:58:19.870, 2867810026775, QTAgent32.exe, PERF WARNING: FindTopLevelWindowHelper::FindAllDescendents: took 18134 ms. Expected it to take maximum 500 ms.
W, 3504, 21, 2013/05/23, 17:58:20.381, 2867817345547, QTAgent32.exe, Playback - [WARNING] Internal warning: Smart Match failed
\0
W, 3504, 21, 2013/05/23, 17:58:20.759, 2867822756477, QTAgent32.exe, Playback - [WARNING] Internal warning: Smart Match failed
\0
W, 3504, 21, 2013/05/23, 17:58:21.119, 2867827907852, QTAgent32.exe, Playback - [WARNING] Internal warning: Smart Match failed
\0
W, 3504, 21, 2013/05/23, 17:58:21.519, 2867833633827, QTAgent32.exe, Playback - [WARNING] Internal warning: Smart Match failed
\0
W, 3504, 21, 2013/05/23, 17:58:21.916, 2867839312452, QTAgent32.exe, Playback - [WARNING] Internal warning: Smart Match failed
\0
W, 3504, 21, 2013/05/23, 17:58:22.309, 2867844938118, QTAgent32.exe, Playback - [WARNING] Internal warning: Smart Match failed
\0
W, 3504, 21, 2013/05/23, 17:58:22.709, 2867850675061, QTAgent32.exe, Playback - [WARNING] Internal warning: Smart Match failed
\0
W, 3504, 21, 2013/05/23, 17:58:22.985, 2867854618174, QTAgent32.exe, Playback - [WARNING] Internal warning: Window Not Found: [VisibleOnly]ControlType='Window' &amp;&amp; Name='Warning' &amp;&amp; ClassName='#32770'
\0
E, 3504, 21, 2013/05/23, 17:58:22.985, 2867854620928, QTAgent32.exe, &lt;a class=failure&gt;Playback - {16} [FAILED] Function ElementFetcher::FindScreenElement failed to locate UI element (Searching: ;[VisibleOnly]ControlType='Window' &amp;&amp; Name='Warning' &amp;&amp; ClassName='#32770') (The object specified was not found.)
\0&lt;/a&gt;
E, 3504, 21, 2013/05/23, 17:58:23.064, 2867855751955, QTAgent32.exe, Playback - [IMAGE] C:\Users\testuser\AppData\Local\Temp\UITestLogs\LastRun\RPF4203.png
\0
W, 3504, 21, 2013/05/23, 17:58:23.064, 2867855754600, QTAgent32.exe, Playback - [WARNING] Internal warning: Couldn't find descendants that match QueryId
\0
W, 3504, 21, 2013/05/23, 17:58:23.064, 2867855757532, QTAgent32.exe, PERF WARNING: FindTopLevelWindowHelper::FindAllDescendents: took 3193 ms. Expected it to take maximum 500 ms.
E, 3504, 21, 2013/05/23, 17:58:23.064, 2867855759483, QTAgent32.exe, Exception: System.Runtime.InteropServices.COMException
	Message: Error HRESULT E_FAIL has been returned from a call to a COM component.
	Stack Trace:    at Microsoft.VisualStudio.TestTools.UITest.Playback.Engine.IRPFPlayback.FindAllScreenElements(IScreenElement pScreenElementStart, String bstrQueryId, Object&amp; pvarResKeys, Int32 cResKeys, Int32 nMaxDepth, Object[]&amp; foundDescendants)
   at Microsoft.VisualStudio.TestTools.UITest.Playback.ScreenElement.FindTopLevelWindowHelper(String queryId)
	BaseExceptionMessage: Error HRESULT E_FAIL has been returned from a call to a COM component.

E, 3504, 21, 2013/05/23, 17:58:23.207, 2867857799283, QTAgent32.exe, AL: Playback Error: Microsoft.VisualStudio.TestTools.UITest.Extension.UITestControlNotFoundException: The playback failed to find the control with the given search properties. Additional Details: 
TechnologyName:  'MSAA'
ControlType:  'Window'
Name:  'Warning'
ClassName:  '#32770'
 ---&gt; System.Runtime.InteropServices.COMException: Error HRESULT E_FAIL has been returned from a call to a COM component.
   at Microsoft.VisualStudio.TestTools.UITest.Playback.Engine.IRPFPlayback.FindAllScreenElements(IScreenElement pScreenElementStart, String bstrQueryId, Object&amp; pvarResKeys, Int32 cResKeys, Int32 nMaxDepth, Object[]&amp; foundDescendants)
   at Microsoft.VisualStudio.TestTools.UITest.Playback.ScreenElement.FindTopLevelWindowHelper(String queryId)
   at Microsoft.VisualStudio.TestTools.UITest.Playback.ScreenElement.FindFromPartialQueryId(String queryId)
   at Microsoft.VisualStudio.TestTools.UITesting.UITestControl..ctor(String queryId)
   --- End of inner exception stack trace ---
   at Microsoft.VisualStudio.TestTools.UITesting.Playback.MapControlNotFoundException(COMException ex, IPlaybackContext context)
   at Microsoft.VisualStudio.TestTools.UITesting.Playback.MapAndThrowComException(COMException innerException, IPlaybackContext context)
   at Microsoft.VisualStudio.TestTools.UITesting.Playback.MapAndThrowException(SystemException exception, IPlaybackContext context)
   at Microsoft.VisualStudio.TestTools.UITesting.Playback.MapAndThrowException(SystemException exception, String queryId)
   at Microsoft.VisualStudio.TestTools.UITesting.UITestControl..ctor(String queryId)
   at Microsoft.VisualStudio.TestTools.UITesting.SearchHelper.SearchTopLevelWindow(ISearchArgument topLevelSearchArg, String topLevelElementQueryId)
   at Microsoft.VisualStudio.TestTools.UITesting.SearchHelper.GetTitleUpdatedTopLevelWindow(ISearchArgument topLevelSearchArg, String queryId, IList`1 windowTitles)
   at Microsoft.VisualStudio.TestTools.UITesting.SearchHelper.GetTopLevelElement(Boolean useCache, Boolean useCacheOnly, ISearchArgument searchArg, IList`1 windowTitles, Int32&amp; timeLeft)
   at Microsoft.VisualStudio.TestTools.UITesting.SearchHelper.GetElement(Boolean useCache, ISearchArgument searchArg)
   at Microsoft.VisualStudio.TestTools.UITesting.SearchHelper.Search(ISearchArgument searchArg)
   at Microsoft.VisualStudio.TestTools.UITesting.UITestControl.FindInternal()
   at Microsoft.VisualStudio.TestTools.UITesting.UITestControl.FindControlIfNecessary()
   at Microsoft.VisualStudio.TestTools.UITesting.UITestControl.Click(MouseButtons button, ModifierKeys modifierKeys, Point relativeCoordinates)
   at Microsoft.VisualStudio.TestTools.UITesting.Mouse.ClickImplementation(UITestControl control, MouseButtons button, ModifierKeys modifierKeys, Point relativeCoordinate)
   at Microsoft.VisualStudio.TestTools.UITesting.Mouse.ClickImplementationWrapper(UITestControl control, MouseButtons button, ModifierKeys modifierKeys, Point relativeCoordinate)
W, 3504, 21, 2013/05/23, 17:58:23.207, 2867857803086, QTAgent32.exe, PlaybackErrorHandler: Ignoring exception as ContinueOnError is set.
W, 3504, 21, 2013/05/23, 17:58:23.249, 2867858396813, QTAgent32.exe, &lt;a class=success&gt;Playback - {17} [SUCCESS] TypeString "#(R)"
\0&lt;/a&gt;
W, 3504, 21, 2013/05/23, 17:58:23.869, 2867867277094, QTAgent32.exe, PERF WARNING: FindTopLevelWindowHelper::FindAllDescendents: took 519 ms. Expected it to take maximum 500 ms.
E, 3504, 21, 2013/05/23, 17:58:24.206, 2867872111155, QTAgent32.exe, Exception: System.ArgumentException
	Message: Value does not fall within the expected range.
	Stack Trace:    at Accessibility.IAccessible.get_accRole(Object varChild)
   at Microsoft.VisualStudio.TestTools.UITest.Extension.Msaa.AccWrapper.get_RoleInt()
	BaseExceptionMessage: Value does not fall within the expected range.

E, 3504, 21, 2013/05/23, 17:58:24.217, 2867872259979, QTAgent32.exe, Exception: System.ArgumentException
	Message: Value does not fall within the expected range.
	Stack Trace:    at Accessibility.IAccessible.get_accRole(Object varChild)
   at Microsoft.VisualStudio.TestTools.UITest.Extension.Msaa.AccWrapper.get_RoleInt()
	BaseExceptionMessage: Value does not fall within the expected range.

W, 3504, 21, 2013/05/23, 17:58:25.469, 2867890180734, QTAgent32.exe, &lt;a class=success&gt;Playback - {18} [SUCCESS] LeftButtonClick  &lt; Mouse cursor location (87, 908) &gt;
\0&lt;/a&gt;
W, 3504, 21, 2013/05/23, 17:58:27.173, 2867914585494, QTAgent32.exe, &lt;a class=success&gt;Playback - {19} [SUCCESS] SetValueAsEditBox "c:\TestProject7\office.reg"  &lt; Set via SendKeys &gt;
\0&lt;/a&gt;
W, 3504, 21, 2013/05/23, 17:58:27.173, 2867914588505, QTAgent32.exe, &lt;a class=success&gt;Playback - {20} [SUCCESS] SetValueAsComboBox "c:\TestProject7\office.reg" - "[MSAA, VisibleOnly]ControlType='ComboBox' &amp;&amp; Name='Open:'"  &lt; Set via SetValueAsEditBox &gt;
\0&lt;/a&gt;
W, 3504, 21, 2013/05/23, 17:58:27.444, 2867918468683, QTAgent32.exe, &lt;a class=success&gt;Playback - {21} [SUCCESS] MouseButtonClick - "[MSAA, VisibleOnly]ControlType='Button' &amp;&amp; Name='OK'"
\0&lt;/a&gt;
W, 3504, 21, 2013/05/23, 17:58:28.485, 2867933375423, QTAgent32.exe, Playback - [WARNING] Internal warning: Window Not Found: [VisibleOnly]ControlType='Window' &amp;&amp; Name='Registry Editor' &amp;&amp; ClassName='#32770'
\0
E, 3504, 21, 2013/05/23, 17:58:28.485, 2867933378743, QTAgent32.exe, &lt;a class=failure&gt;Playback - {22} [FAILED] Function ElementFetcher::FindScreenElement failed to locate UI element (Searching: ;[VisibleOnly]ControlType='Window' &amp;&amp; Name='Registry Editor' &amp;&amp; ClassName='#32770') (The object specified was not found.)
\0&lt;/a&gt;
E, 3504, 21, 2013/05/23, 17:58:28.572, 2867934618186, QTAgent32.exe, Playback - [IMAGE] C:\Users\testuser\AppData\Local\Temp\UITestLogs\LastRun\RPF5787.png
\0
W, 3504, 21, 2013/05/23, 17:58:28.572, 2867934620695, QTAgent32.exe, Playback - [WARNING] Internal warning: Couldn't find descendants that match QueryId
\0
W, 3504, 21, 2013/05/23, 17:58:28.572, 2867934623886, QTAgent32.exe, PERF WARNING: FindTopLevelWindowHelper::FindAllDescendents: took 1026 ms. Expected it to take maximum 500 ms.
W, 3504, 21, 2013/05/23, 17:58:28.873, 2867938934547, QTAgent32.exe, &lt;a class=success&gt;Playback - {23} [SUCCESS] MouseButtonClick - "[MSAA, VisibleOnly]ControlType='Button' &amp;&amp; Name='Yes'"
\0&lt;/a&gt;
W, 3504, 21, 2013/05/23, 17:58:29.247, 2867944288471, QTAgent32.exe, &lt;a class=success&gt;Playback - {24} [SUCCESS] MouseButtonClick - "[MSAA, VisibleOnly]ControlType='Button' &amp;&amp; Name='OK'"
\0&lt;/a&gt;
W, 3504, 21, 2013/05/23, 17:58:29.481, 2867947637394, QTAgent32.exe, &lt;a class=success&gt;Playback - {25} [SUCCESS] MouseButtonClick - "[MSAA, VisibleOnly]ControlType='Button' &amp;&amp; Name='Clients &amp; Files'"
\0&lt;/a&gt;
W, 3504, 21, 2013/05/23, 17:58:31.019, 2867969657596, QTAgent32.exe, PERF WARNING: FindTopLevelWindowHelper::FindAllDescendents: took 1437 ms. Expected it to take maximum 500 ms.
W, 3504, 21, 2013/05/23, 17:58:31.990, 2867983557519, QTAgent32.exe, Playback - [WARNING] Internal warning: Incorrect flag set for InvokeProgrammaticAction\0
W, 3504, 21, 2013/05/23, 17:58:32.112, 2867985300609, QTAgent32.exe, &lt;a class=success&gt;Playback - {26} [SUCCESS] SetValueAsComboBox "Customers" - "[MSAA, VisibleOnly]ControlType='ComboBox'"  &lt; SetValueAsComboBox, set by clicking on the item in the list box &gt;
\0&lt;/a&gt;
W, 3504, 21, 2013/05/23, 17:58:32.645, 2867992941511, QTAgent32.exe, &lt;a class=success&gt;Playback - {27} [SUCCESS] MouseButtonClick - "[MSAA, VisibleOnly]ControlType='Button' &amp;&amp; Name='Add'"
\0&lt;/a&gt;
W, 3504, 21, 2013/05/23, 17:58:33.469, 2868004728190, QTAgent32.exe, &lt;a class=success&gt;Playback - {28} [SUCCESS] SendKeys "autotest" - "[MSAA, VisibleOnly]ControlType='RadioButton' &amp;&amp; Name='Personal Lines'"
\0&lt;/a&gt;
W, 3504, 21, 2013/05/23, 17:58:34.540, 2868020069718, QTAgent32.exe, &lt;a class=success&gt;Playback - {29} [SUCCESS] SetValueAsEditBox "autotest" - "[MSAA, VisibleOnly]ControlType='Edit'"  &lt; Set via SendKeys &gt;
\0&lt;/a&gt;
W, 3504, 21, 2013/05/23, 17:58:34.769, 2868023340238, QTAgent32.exe, &lt;a class=success&gt;Playback - {30} [SUCCESS] MouseButtonClick - "[MSAA, VisibleOnly]ControlType='Button' &amp;&amp; Name='OK'"
\0&lt;/a&gt;
W, 3504, 21, 2013/05/23, 17:58:35.073, 2868027696148, QTAgent32.exe, &lt;a class=success&gt;Playback - {31} [SUCCESS] MouseButtonClick - "[MSAA, VisibleOnly]ControlType='Button' &amp;&amp; Name='Yes'"
\0&lt;/a&gt;
W, 3504, 21, 2013/05/23, 17:58:35.786, 2868037907641, QTAgent32.exe, &lt;a class=success&gt;Playback - {32} [SUCCESS] SendKeys "^{HOME}" - "[MSAA, VisibleOnly]ControlType='Edit'"
\0&lt;/a&gt;
E, 3504, 21, 2013/05/23, 17:58:35.786, 2868037911089, QTAgent32.exe, Msaa.GetFocusedElement: could not find accessible object of foreground window
W, 3504, 21, 2013/05/23, 17:58:35.851, 2868038840407, QTAgent32.exe, &lt;a class=success&gt;Playback - {33} [SUCCESS] SendKeys "^+{END}" - "[MSAA, VisibleOnly]ControlType='Edit'"
\0&lt;/a&gt;
E, 3504, 21, 2013/05/23, 17:58:35.851, 2868038844284, QTAgent32.exe, Msaa.GetFocusedElement: could not find accessible object of foreground window
W, 3504, 21, 2013/05/23, 17:58:35.867, 2868039068317, QTAgent32.exe, &lt;a class=success&gt;Playback - {34} [SUCCESS] SendKeys "{DELETE}" - "[MSAA, VisibleOnly]ControlType='Edit'"
\0&lt;/a&gt;
W, 3504, 21, 2013/05/23, 17:58:36.312, 2868045445983, QTAgent32.exe, &lt;a class=success&gt;Playback - {35} [SUCCESS] SetValueAsEditBox "1" - "[MSAA, VisibleOnly]ControlType='Edit'"  &lt; Set via SendKeys &gt;
\0&lt;/a&gt;
W, 3504, 21, 2013/05/23, 17:58:36.887, 2868053673192, QTAgent32.exe, &lt;a class=success&gt;Playback - {36} [SUCCESS] SendKeys "^{HOME}" - "[MSAA, VisibleOnly]ControlType='Edit'"
\0&lt;/a&gt;
E, 3504, 21, 2013/05/23, 17:58:36.887, 2868053676020, QTAgent32.exe, Msaa.GetFocusedElement: could not find accessible object of foreground window
W, 3504, 21, 2013/05/23, 17:58:36.942, 2868054468267, QTAgent32.exe, &lt;a class=success&gt;Playback - {37} [SUCCESS] SendKeys "^+{END}" - "[MSAA, VisibleOnly]ControlType='Edit'"
\0&lt;/a&gt;
E, 3504, 21, 2013/05/23, 17:58:36.943, 2868054471498, QTAgent32.exe, Msaa.GetFocusedElement: could not find accessible object of foreground window
W, 3504, 21, 2013/05/23, 17:58:36.957, 2868054676805, QTAgent32.exe, &lt;a class=success&gt;Playback - {38} [SUCCESS] SendKeys "{DELETE}" - "[MSAA, VisibleOnly]ControlType='Edit'"
\0&lt;/a&gt;
W, 3504, 21, 2013/05/23, 17:58:37.367, 2868060538793, QTAgent32.exe, &lt;a class=success&gt;Playback - {39} [SUCCESS] SetValueAsEditBox "1" - "[MSAA, VisibleOnly]ControlType='Edit'"  &lt; Set via SendKeys &gt;
\0&lt;/a&gt;
W, 3504, 21, 2013/05/23, 17:58:39.014, 2868084128294, QTAgent32.exe, Playback - [WARNING] Internal warning: Target element "[MSAA, VisibleOnly]ControlType='Button' &amp;&amp; Name='OK'" was not found, so all intermediate elements were ignored. An incorrect element that matches target element Id can be found as the result.  Verify that all intermediate elements in QueryId have valid and unique Ids
\0
W, 3504, 21, 2013/05/23, 17:58:39.548, 2868091777818, QTAgent32.exe, PERF WARNING: FindAllDescendents: took 2051 ms. Expected it to take maximum 500 ms.
W, 3504, 21, 2013/05/23, 17:58:39.843, 2868096003534, QTAgent32.exe, &lt;a class=success&gt;Playback - {40} [SUCCESS] MouseButtonClick - "[MSAA, VisibleOnly]ControlType='Button' &amp;&amp; Name='OK'"
\0&lt;/a&gt;
W, 3504, 21, 2013/05/23, 17:58:40.230, 2868101539305, QTAgent32.exe, &lt;a class=success&gt;Playback - {41} [SUCCESS] MouseButtonClick - "[MSAA, VisibleOnly]ControlType='Button'"
\0&lt;/a&gt;
W, 3504, 21, 2013/05/23, 17:58:40.598, 2868106808058, QTAgent32.exe, &lt;a class=success&gt;Playback - {42} [SUCCESS] MouseButtonClick - "[MSAA, VisibleOnly]ControlType='Button' &amp;&amp; Name='Add'"
\0&lt;/a&gt;
W, 3504, 21, 2013/05/23, 17:58:40.839, 2868110260458, QTAgent32.exe, &lt;a class=success&gt;Playback - {43} [SUCCESS] MouseButtonClick - "[MSAA, VisibleOnly]ControlType='Button' &amp;&amp; Name='OK'"
\0&lt;/a&gt;
W, 3504, 21, 2013/05/23, 17:58:43.134, 2868143119072, QTAgent32.exe, &lt;a class=success&gt;Playback - {44} [SUCCESS] MouseButtonClick - "[MSAA, VisibleOnly,Window]ControlType='Window' &amp;&amp; ClassName='ThunderRT6TextBox'"
\0&lt;/a&gt;
W, 3504, 21, 2013/05/23, 17:58:44.158, 2868157780181, QTAgent32.exe, &lt;a class=success&gt;Playback - {45} [SUCCESS] SetValueAsEditBox "HOME" - "[MSAA, VisibleOnly]ControlType='Edit'"  &lt; Set via SendKeys &gt;
\0&lt;/a&gt;
W, 3504, 21, 2013/05/23, 17:58:44.530, 2868163107640, QTAgent32.exe, &lt;a class=success&gt;Playback - {46} [SUCCESS] MouseButtonClick - "[MSAA, VisibleOnly]ControlType='Button' &amp;&amp; Name='OK'"
\0&lt;/a&gt;
W, 3504, 21, 2013/05/23, 17:58:44.777, 2868166642980, QTAgent32.exe, &lt;a class=success&gt;Playback - {47} [SUCCESS] MouseButtonClick - "[MSAA, VisibleOnly]ControlType='Button' &amp;&amp; Name='Options'"
\0&lt;/a&gt;
W, 3504, 21, 2013/05/23, 17:58:44.877, 2868168083338, QTAgent32.exe, FindScreenElementInSinglePass : Attempting to find control in one pass of search. Failures can occur.
W, 3504, 21, 2013/05/23, 17:58:45.378, 2868175248433, QTAgent32.exe, &lt;a class=success&gt;Playback - {48} [SUCCESS] MouseButtonClick - "[MSAA]ControlType='MenuItem' &amp;&amp; Name='Links'"
\0&lt;/a&gt;
W, 3504, 21, 2013/05/23, 17:58:45.481, 2868176721873, QTAgent32.exe, FindScreenElementInSinglePass : Attempting to find control in one pass of search. Failures can occur.
W, 3504, 21, 2013/05/23, 17:58:46.024, 2868184499217, QTAgent32.exe, &lt;a class=success&gt;Playback - {49} [SUCCESS] MouseButtonClick - "[MSAA]ControlType='MenuItem' &amp;&amp; Name='3rd Party Integration'"
\0&lt;/a&gt;
W, 3504, 21, 2013/05/23, 17:58:46.125, 2868185938169, QTAgent32.exe, FindScreenElementInSinglePass : Attempting to find control in one pass of search. Failures can occur.
W, 3504, 21, 2013/05/23, 17:58:46.686, 2868193979041, QTAgent32.exe, &lt;a class=success&gt;Playback - {50} [SUCCESS] MouseButtonClick - "[MSAA]ControlType='MenuItem' &amp;&amp; Name='Quote Select List'"
\0&lt;/a&gt;
W, 3504, 21, 2013/05/23, 17:58:47.980, 2868212508045, QTAgent32.exe, PERF WARNING: FindTopLevelWindowHelper::FindAllDescendents: took 1193 ms. Expected it to take maximum 500 ms.
W, 3504, 21, 2013/05/23, 17:58:48.116, 2868214457344, QTAgent32.exe, &lt;a class=success&gt;Playback - {51} [SUCCESS] MouseButtonClick - "[MSAA, VisibleOnly]ControlType='Button' &amp;&amp; Name='Ok'"
\0&lt;/a&gt;
W, 3504, 21, 2013/05/23, 17:58:50.959, 2868255153488, QTAgent32.exe, PERF WARNING: FindTopLevelWindowHelper::FindAllDescendents: took 2740 ms. Expected it to take maximum 500 ms.
W, 3504, 21, 2013/05/23, 17:58:51.996, 2868270005611, QTAgent32.exe, &lt;a class=success&gt;Playback - {52} [SUCCESS] SetValueAsEditBox "test1" - "[MSAA, VisibleOnly]ControlType='Edit'"  &lt; Set via SendKeys &gt;
\0&lt;/a&gt;
W, 3504, 21, 2013/05/23, 17:58:53.173, 2868286859718, QTAgent32.exe, &lt;a class=success&gt;Playback - {53} [SUCCESS] SetValueAsEditBox "test" - "[MSAA, VisibleOnly]ControlType='Edit'"  &lt; Set via SendKeys &gt;
\0&lt;/a&gt;
W, 3504, 21, 2013/05/23, 17:58:53.787, 2868295648960, QTAgent32.exe, &lt;a class=success&gt;Playback - {54} [SUCCESS] SendKeys "^{HOME}" - "[MSAA, VisibleOnly]ControlType='Edit'"
\0&lt;/a&gt;
E, 3504, 21, 2013/05/23, 17:58:53.787, 2868295653786, QTAgent32.exe, Msaa.GetFocusedElement: could not find accessible object of foreground window
W, 3504, 21, 2013/05/23, 17:58:53.843, 2868296453660, QTAgent32.exe, &lt;a class=success&gt;Playback - {55} [SUCCESS] SendKeys "^+{END}" - "[MSAA, VisibleOnly]ControlType='Edit'"
\0&lt;/a&gt;
E, 3504, 21, 2013/05/23, 17:58:53.843, 2868296456943, QTAgent32.exe, Msaa.GetFocusedElement: could not find accessible object of foreground window
W, 3504, 21, 2013/05/23, 17:58:53.869, 2868296828292, QTAgent32.exe, &lt;a class=success&gt;Playback - {56} [SUCCESS] SendKeys "{DELETE}" - "[MSAA, VisibleOnly]ControlType='Edit'"
\0&lt;/a&gt;
W, 3504, 21, 2013/05/23, 17:58:54.397, 2868304387531, QTAgent32.exe, &lt;a class=success&gt;Playback - {57} [SUCCESS] SetValueAsEditBox "test" - "[MSAA, VisibleOnly]ControlType='Edit'"  &lt; Set via SendKeys &gt;
\0&lt;/a&gt;
W, 3504, 21, 2013/05/23, 17:58:55.541, 2868320766513, QTAgent32.exe, Playback - [WARNING] Internal warning: Incorrect flag set for InvokeProgrammaticAction\0
W, 3504, 21, 2013/05/23, 17:58:55.663, 2868322510586, QTAgent32.exe, &lt;a class=success&gt;Playback - {58} [SUCCESS] SetValueAsComboBox "Account Director" - "[MSAA, VisibleOnly]ControlType='ComboBox'"  &lt; SetValueAsComboBox, set by clicking on the item in the list box &gt;
\0&lt;/a&gt;
W, 3504, 21, 2013/05/23, 17:58:56.903, 2868340264585, QTAgent32.exe, Playback - [WARNING] Internal warning: Incorrect flag set for InvokeProgrammaticAction\0
W, 3504, 21, 2013/05/23, 17:58:57.025, 2868342005856, QTAgent32.exe, &lt;a class=success&gt;Playback - {59} [SUCCESS] SetValueAsComboBox "Advertising" - "[MSAA, VisibleOnly]ControlType='ComboBox'"  &lt; SetValueAsComboBox, set by clicking on the item in the list box &gt;
\0&lt;/a&gt;
W, 3504, 21, 2013/05/23, 17:58:58.189, 2868358681746, QTAgent32.exe, &lt;a class=success&gt;Playback - {60} [SUCCESS] SetValueAsEditBox "160589" - "[MSAA, VisibleOnly]ControlType='Edit'"  &lt; Set via SendKeys &gt;
\0&lt;/a&gt;
W, 3504, 21, 2013/05/23, 17:58:58.430, 2868362122877, QTAgent32.exe, &lt;a class=success&gt;Playback - {61} [SUCCESS] MouseButtonClick - "[MSAA, VisibleOnly]ControlType='Edit'"
\0&lt;/a&gt;
W, 3504, 21, 2013/05/23, 17:58:59.584, 2868378650781, QTAgent32.exe, &lt;a class=success&gt;Playback - {62} [SUCCESS] SetValueAsEditBox "B338TH" - "[MSAA, VisibleOnly]ControlType='Edit'"  &lt; Set via SendKeys &gt;
\0&lt;/a&gt;
W, 3504, 21, 2013/05/23, 17:59:01.820, 2868410663442, QTAgent32.exe, &lt;a class=success&gt;Playback - {63} [SUCCESS] MouseButtonClick - "[MSAA, VisibleOnly]ControlType='Button' &amp;&amp; Name='Lookup...'"
\0&lt;/a&gt;
W, 3504, 21, 2013/05/23, 17:59:02.102, 2868414706141, QTAgent32.exe, &lt;a class=success&gt;Playback - {64} [SUCCESS] MouseButtonClick - "[MSAA, VisibleOnly]ControlType='Button' &amp;&amp; Name='Ok'"
\0&lt;/a&gt;
W, 3504, 21, 2013/05/23, 17:59:02.478, 2868420083103, QTAgent32.exe, &lt;a class=success&gt;Playback - {65} [SUCCESS] MouseButtonClick - "[MSAA, VisibleOnly]ControlType='Button' &amp;&amp; Name='Next &gt;'"
\0&lt;/a&gt;
W, 3504, 21, 2013/05/23, 17:59:04.190, 2868444609733, QTAgent32.exe, &lt;a class=success&gt;Playback - {66} [SUCCESS] SetValueAsEditBox "1989" - "[MSAA, VisibleOnly]ControlType='Edit'"  &lt; Set via SendKeys &gt;
\0&lt;/a&gt;
W, 3504, 21, 2013/05/23, 17:59:04.497, 2868448995217, QTAgent32.exe, &lt;a class=success&gt;Playback - {67} [SUCCESS] MouseButtonClick - "[MSAA, VisibleOnly]ControlType='Button' &amp;&amp; Name='Next &gt;'"
\0&lt;/a&gt;
W, 3504, 21, 2013/05/23, 17:59:04.733, 2868452379328, QTAgent32.exe, &lt;a class=success&gt;Playback - {68} [SUCCESS] MouseButtonClick - "[MSAA, VisibleOnly]ControlType='Button' &amp;&amp; Name='Next &gt;'"
\0&lt;/a&gt;
W, 3504, 21, 2013/05/23, 17:59:04.970, 2868455775364, QTAgent32.exe, &lt;a class=success&gt;Playback - {69} [SUCCESS] MouseButtonClick - "[MSAA, VisibleOnly]ControlType='Button' &amp;&amp; Name='Next &gt;'"
\0&lt;/a&gt;
W, 3504, 21, 2013/05/23, 17:59:06.611, 2868479262986, QTAgent32.exe, &lt;a class=success&gt;Playback - {70} [SUCCESS] SetValueAsEditBox "2345" - "[MSAA, VisibleOnly]ControlType='Edit'"  &lt; Set via SendKeys &gt;
\0&lt;/a&gt;
W, 3504, 21, 2013/05/23, 17:59:08.288, 2868503276603, QTAgent32.exe, &lt;a class=success&gt;Playback - {71} [SUCCESS] SetValueAsEditBox "2000" - "[MSAA, VisibleOnly]ControlType='Edit'"  &lt; Set via SendKeys &gt;
\0&lt;/a&gt;
W, 3504, 21, 2013/05/23, 17:59:09.952, 2868527098159, QTAgent32.exe, &lt;a class=success&gt;Playback - {72} [SUCCESS] SetValueAsEditBox "2000" - "[MSAA, VisibleOnly]ControlType='Edit'"  &lt; Set via SendKeys &gt;
\0&lt;/a&gt;
W, 3504, 21, 2013/05/23, 17:59:10.173, 2868530269484, QTAgent32.exe, &lt;a class=success&gt;Playback - {73} [SUCCESS] MouseButtonClick - "[MSAA, VisibleOnly]ControlType='Button' &amp;&amp; Name='Next &gt;'"
\0&lt;/a&gt;
W, 3504, 21, 2013/05/23, 17:59:11.845, 2868554206309, QTAgent32.exe, &lt;a class=success&gt;Playback - {74} [SUCCESS] SetValueAsEditBox "2345" - "[MSAA, VisibleOnly]ControlType='Edit'"  &lt; Set via SendKeys &gt;
\0&lt;/a&gt;
W, 3504, 21, 2013/05/23, 17:59:12.097, 2868557818907, QTAgent32.exe, &lt;a class=success&gt;Playback - {75} [SUCCESS] MouseButtonClick - "[MSAA, VisibleOnly]ControlType='Button' &amp;&amp; Name='Next &gt;'"
\0&lt;/a&gt;
W, 3504, 21, 2013/05/23, 17:59:12.374, 2868561790961, QTAgent32.exe, &lt;a class=success&gt;Playback - {76} [SUCCESS] MouseButtonClick - "[MSAA, VisibleOnly]ControlType='Button' &amp;&amp; Name='Next &gt;'"
\0&lt;/a&gt;
W, 3504, 21, 2013/05/23, 17:59:12.732, 2868566910121, QTAgent32.exe, &lt;a class=success&gt;Playback - {77} [SUCCESS] MouseButtonClick - "[MSAA, VisibleOnly]ControlType='Button' &amp;&amp; Name='Quote'"
\0&lt;/a&gt;
W, 3504, 21, 2013/05/23, 17:59:12.959, 2868570152009, QTAgent32.exe, &lt;a class=success&gt;Playback - {78} [SUCCESS] MouseButtonClick - "[MSAA, VisibleOnly]ControlType='Button' &amp;&amp; Name='No'"
\0&lt;/a&gt;
W, 3504, 21, 2013/05/23, 17:59:13.378, 2868576162469, QTAgent32.exe, &lt;a class=success&gt;Playback - {79} [SUCCESS] MouseButtonClick - "[MSAA, VisibleOnly]ControlType='Button' &amp;&amp; Name='Ok'"
\0&lt;/a&gt;
W, 3504, 21, 2013/05/23, 17:59:21.161, 2868687596131, QTAgent32.exe, PERF WARNING: FindTopLevelWindowHelper::FindAllDescendents: took 7682 ms. Expected it to take maximum 500 ms.
W, 3504, 21, 2013/05/23, 17:59:21.315, 2868689806890, QTAgent32.exe, &lt;a class=success&gt;Playback - {80} [SUCCESS] MouseButtonClick - "[MSAA, VisibleOnly]ControlType='Button' &amp;&amp; Name='Exit'"
\0&lt;/a&gt;
W, 3504, 21, 2013/05/23, 17:59:21.736, 2868695830967, QTAgent32.exe, &lt;a class=success&gt;Playback - {81} [SUCCESS] MouseButtonClick - "[MSAA, VisibleOnly]ControlType='Button' &amp;&amp; Name='Yes'"
\0&lt;/a&gt;
W, 3504, 21, 2013/05/23, 17:59:22.307, 2868704011402, QTAgent32.exe, &lt;a class=success&gt;Playback - {82} [SUCCESS] Uncheck - "[MSAA, VisibleOnly]ControlType='CheckBox' &amp;&amp; Name='Add Activity'"
\0&lt;/a&gt;
W, 3504, 21, 2013/05/23, 17:59:22.659, 2868709040931, QTAgent32.exe, &lt;a class=success&gt;Playback - {83} [SUCCESS] MouseButtonClick - "[MSAA, VisibleOnly]ControlType='Button' &amp;&amp; Name='Ok'"
\0&lt;/a&gt;
W, 3504, 21, 2013/05/23, 17:59:23.450, 2868720379136, QTAgent32.exe, PERF WARNING: FindTopLevelWindowHelper::FindAllDescendents: took 691 ms. Expected it to take maximum 500 ms.
W, 3504, 21, 2013/05/23, 17:59:23.632, 2868722978164, QTAgent32.exe, &lt;a class=success&gt;Playback - {84} [SUCCESS] MouseButtonClick - "[MSAA, VisibleOnly]ControlType='Button' &amp;&amp; Name='Ok'"
\0&lt;/a&gt;
W, 3504, 21, 2013/05/23, 17:59:24.656, 2868737636391, QTAgent32.exe, PERF WARNING: FindTopLevelWindowHelper::FindAllDescendents: took 923 ms. Expected it to take maximum 500 ms.
W, 3504, 21, 2013/05/23, 17:59:24.799, 2868739687467, QTAgent32.exe, &lt;a class=success&gt;Playback - {85} [SUCCESS] MouseButtonClick - "[MSAA, VisibleOnly]ControlType='Button' &amp;&amp; Name='OK'"
\0&lt;/a&gt;
W, 3504, 21, 2013/05/23, 17:59:25.073, 2868743610221, QTAgent32.exe, &lt;a class=success&gt;Playback - {86} [SUCCESS] MouseButtonClick - "[MSAA, VisibleOnly]ControlType='Button' &amp;&amp; Name='Cancel'"
\0&lt;/a&gt;
W, 3504, 21, 2013/05/23, 17:59:25.463, 2868749195995, QTAgent32.exe, &lt;a class=success&gt;Playback - {87} [SUCCESS] MouseButtonClick - "[MSAA, VisibleOnly]ControlType='Button'"
\0&lt;/a&gt;
W, 3504, 21, 2013/05/23, 17:59:25.724, 2868752924106, QTAgent32.exe, &lt;a class=success&gt;Playback - {88} [SUCCESS] MouseButtonClick - "[MSAA, VisibleOnly]ControlType='Button' &amp;&amp; Name='Options'"
\0&lt;/a&gt;
W, 3504, 21, 2013/05/23, 17:59:25.824, 2868754363717, QTAgent32.exe, FindScreenElementInSinglePass : Attempting to find control in one pass of search. Failures can occur.
W, 3504, 21, 2013/05/23, 17:59:25.840, 2868754595107, QTAgent32.exe, Playback - [WARNING] Internal failure: Method GetBoundingRectangle failed (HRESULT = 0x1, "Incorrect function.") for Name = "Copy Risk" ," ControlType = "MenuItem"
\0
W, 3504, 21, 2013/05/23, 17:59:25.840, 2868754597215, QTAgent32.exe, Playback - [WARNING] Internal failure: Couldn't get clickable point for ScreenUIElement - GetClickablePoint failed
\0
W, 3504, 21, 2013/05/23, 17:59:25.841, 2868754600981, QTAgent32.exe, FindScreenElementInSinglePass : Attempting to find control in one pass of search. Failures can occur.
W, 3504, 21, 2013/05/23, 17:59:25.844, 2868754641689, QTAgent32.exe, FindScreenElementInSinglePass : Attempting to find control in one pass of search. Failures can occur.
W, 3504, 21, 2013/05/23, 17:59:25.966, 2868756400325, QTAgent32.exe, &lt;a class=success&gt;Playback - {89} [SUCCESS] LeftButtonClick - "[MSAA, VisibleOnly]ControlType='MenuBar' &amp;&amp; Name='Application'"  &lt; Mouse cursor location (960, 31) &gt;
\0&lt;/a&gt;
W, 3504, 21, 2013/05/23, 17:59:26.079, 2868758018665, QTAgent32.exe, &lt;a class=success&gt;Playback - {90} [SUCCESS] LeftButtonClick - "[MSAA]ControlType='MenuItem' &amp;&amp; Name='Options'"  &lt; Mouse cursor location (94, 31) &gt;
\0&lt;/a&gt;
W, 3504, 21, 2013/05/23, 17:59:27.095, 2868772559019, QTAgent32.exe, &lt;a class=success&gt;Playback - {91} [SUCCESS] LeftButtonClick - "[MSAA]ControlType='MenuItem' &amp;&amp; Name='Links'"  &lt; Mouse cursor location (174, 319) &gt;
\0&lt;/a&gt;
W, 3504, 21, 2013/05/23, 17:59:28.177, 2868788060321, QTAgent32.exe, &lt;a class=success&gt;Playback - {92} [SUCCESS] LeftButtonClick - "[MSAA]ControlType='MenuItem' &amp;&amp; Name='3rd Party Integration'"  &lt; Mouse cursor location (375, 319) &gt;
\0&lt;/a&gt;
W, 3504, 21, 2013/05/23, 17:59:28.741, 2868796132053, QTAgent32.exe, &lt;a class=success&gt;Playback - {93} [SUCCESS] MouseButtonClick - "[MSAA]ControlType='MenuItem' &amp;&amp; Name='Copy Risk'"
\0&lt;/a&gt;
W, 3504, 21, 2013/05/23, 17:59:29.260, 2868803559125, QTAgent32.exe, Playback - [WARNING] Internal warning: Window Not Found: [VisibleOnly]ControlType='Window' &amp;&amp; Name='Which policy would you like to take the risk details from?' &amp;&amp; ClassName='TfSelectItem'
\0
E, 3504, 21, 2013/05/23, 17:59:29.260, 2868803562155, QTAgent32.exe, &lt;a class=failure&gt;Playback - {94} [FAILED] Function ElementFetcher::FindScreenElement failed to locate UI element (Searching: ;[VisibleOnly]ControlType='Window' &amp;&amp; Name='Which policy would you like to take the risk details from?' &amp;&amp; ClassName='TfSelectItem') (The object specified was not found.)
\0&lt;/a&gt;
E, 3504, 21, 2013/05/23, 17:59:29.346, 2868804783981, QTAgent32.exe, Playback - [IMAGE] C:\Users\testuser\AppData\Local\Temp\UITestLogs\LastRun\RPF44F2.png
\0
W, 3504, 21, 2013/05/23, 17:59:29.346, 2868804786555, QTAgent32.exe, Playback - [WARNING] Internal warning: Couldn't find descendants that match QueryId
\0
W, 3504, 21, 2013/05/23, 17:59:29.346, 2868804789918, QTAgent32.exe, PERF WARNING: FindTopLevelWindowHelper::FindAllDescendents: took 504 ms. Expected it to take maximum 500 ms.
W, 3504, 21, 2013/05/23, 17:59:30.449, 2868820588819, QTAgent32.exe, PERF WARNING: FindTopLevelWindowHelper::FindAllDescendents: took 1103 ms. Expected it to take maximum 500 ms.
W, 3504, 21, 2013/05/23, 17:59:30.628, 2868823144968, QTAgent32.exe, &lt;a class=success&gt;Playback - {95} [SUCCESS] MouseButtonClick - "[MSAA, VisibleOnly]ControlType='Button' &amp;&amp; Name='Ok'"
\0&lt;/a&gt;
W, 3504, 21, 2013/05/23, 17:59:32.862, 2868855132306, QTAgent32.exe, PERF WARNING: FindTopLevelWindowHelper::FindAllDescendents: took 2119 ms. Expected it to take maximum 500 ms.
W, 3504, 21, 2013/05/23, 17:59:32.996, 2868857048808, QTAgent32.exe, &lt;a class=success&gt;Playback - {96} [SUCCESS] Check - "[MSAA, VisibleOnly]ControlType='RadioButton' &amp;&amp; Name='Household'"
\0&lt;/a&gt;
W, 3504, 21, 2013/05/23, 17:59:33.594, 2868865614751, QTAgent32.exe, &lt;a class=success&gt;Playback - {97} [SUCCESS] MouseButtonClick - "[MSAA, VisibleOnly]ControlType='Button' &amp;&amp; Name='OK'"
\0&lt;/a&gt;
W, 3504, 21, 2013/05/23, 17:59:33.771, 2868868148468, QTAgent32.exe, Playback - [WARNING] Internal warning: Thread state based WFR - Requested element has invalid HWND
\0
W, 3504, 21, 2013/05/23, 17:59:33.771, 2868868150276, QTAgent32.exe, Playback - [WARNING] Internal warning: process performance counters based WFR - Requested element has invalid HWND
\0
E, 3504, 21, 2013/05/23, 17:59:33.771, 2868868154746, QTAgent32.exe, EnsureValid called via EnsureValid call for same element
E, 3504, 21, 2013/05/23, 17:59:33.772, 2868868157210, QTAgent32.exe, EnsureValid called via EnsureValid call for same element
E, 3504, 21, 2013/05/23, 17:59:33.772, 2868868158509, QTAgent32.exe, EnsureValid called via EnsureValid call for same element
E, 3504, 21, 2013/05/23, 17:59:34.082, 2868872608349, QTAgent32.exe, Window 1378408 not responding. Last Win32 error 0
E, 3504, 21, 2013/05/23, 17:59:34.084, 2868872628260, QTAgent32.exe, GetClassName for handle 1378408 failed
W, 3504, 21, 2013/05/23, 17:59:35.654, 2868895110690, QTAgent32.exe, PERF WARNING: FindTopLevelWindowHelper::FindAllDescendents: took 1569 ms. Expected it to take maximum 500 ms.
W, 3504, 21, 2013/05/23, 17:59:35.666, 2868895289672, QTAgent32.exe, Playback - [WARNING] Internal warning: Thread state based WFR - Requested element has invalid HWND
\0
W, 3504, 21, 2013/05/23, 17:59:35.666, 2868895291200, QTAgent32.exe, Playback - [WARNING] Internal warning: process performance counters based WFR - Requested element has invalid HWND
\0
E, 3504, 21, 2013/05/23, 17:59:35.667, 2868895293635, QTAgent32.exe, EnsureValid called via EnsureValid call for same element
E, 3504, 21, 2013/05/23, 17:59:35.667, 2868895295694, QTAgent32.exe, EnsureValid called via EnsureValid call for same element
E, 3504, 21, 2013/05/23, 17:59:35.667, 2868895296865, QTAgent32.exe, EnsureValid called via EnsureValid call for same element
E, 3504, 21, 2013/05/23, 17:59:35.667, 2868895301941, QTAgent32.exe, Window 919880 not responding. Last Win32 error 0
E, 3504, 21, 2013/05/23, 17:59:35.667, 2868895302826, QTAgent32.exe, GetClassName for handle 919880 failed
W, 3504, 21, 2013/05/23, 17:59:35.686, 2868895574014, QTAgent32.exe, Playback - [WARNING] Internal warning: Thread state based WFR - Requested element has invalid HWND
\0
W, 3504, 21, 2013/05/23, 17:59:35.686, 2868895575842, QTAgent32.exe, Playback - [WARNING] Internal warning: process performance counters based WFR - Requested element has invalid HWND
\0
E, 3504, 21, 2013/05/23, 17:59:35.687, 2868895578751, QTAgent32.exe, EnsureValid called via EnsureValid call for same element
E, 3504, 21, 2013/05/23, 17:59:35.687, 2868895580998, QTAgent32.exe, EnsureValid called via EnsureValid call for same element
E, 3504, 21, 2013/05/23, 17:59:35.687, 2868895582340, QTAgent32.exe, EnsureValid called via EnsureValid call for same element
E, 3504, 21, 2013/05/23, 17:59:35.687, 2868895585234, QTAgent32.exe, Window 5571944 not responding. Last Win32 error 0
E, 3504, 21, 2013/05/23, 17:59:35.687, 2868895587061, QTAgent32.exe, GetClassName for handle 5571944 failed
W, 3504, 21, 2013/05/23, 17:59:35.699, 2868895763807, QTAgent32.exe, Playback - [WARNING] Internal warning: Thread state based WFR - Requested element has invalid HWND
\0
W, 3504, 21, 2013/05/23, 17:59:35.700, 2868895765757, QTAgent32.exe, Playback - [WARNING] Internal warning: process performance counters based WFR - Requested element has invalid HWND
\0
E, 3504, 21, 2013/05/23, 17:59:35.700, 2868895767990, QTAgent32.exe, EnsureValid called via EnsureValid call for same element
E, 3504, 21, 2013/05/23, 17:59:35.700, 2868895769943, QTAgent32.exe, EnsureValid called via EnsureValid call for same element
E, 3504, 21, 2013/05/23, 17:59:35.700, 2868895771096, QTAgent32.exe, EnsureValid called via EnsureValid call for same element
E, 3504, 21, 2013/05/23, 17:59:35.700, 2868895774020, QTAgent32.exe, Window 3868048 not responding. Last Win32 error 0
E, 3504, 21, 2013/05/23, 17:59:35.700, 2868895775871, QTAgent32.exe, GetClassName for handle 3868048 failed
W, 3504, 21, 2013/05/23, 17:59:35.926, 2868899007179, QTAgent32.exe, &lt;a class=success&gt;Playback - {98} [SUCCESS] MouseButtonClick - "[MSAA, VisibleOnly]ControlType='Button' &amp;&amp; Name='Cancel'"
\0&lt;/a&gt;
W, 3504, 21, 2013/05/23, 17:59:36.162, 2868902388863, QTAgent32.exe, &lt;a class=success&gt;Playback - {99} [SUCCESS] MouseButtonClick - "[MSAA, VisibleOnly]ControlType='Button' &amp;&amp; Name='Yes'"
\0&lt;/a&gt;
W, 3504, 21, 2013/05/23, 17:59:36.484, 2868906986910, QTAgent32.exe, &lt;a class=success&gt;Playback - {100} [SUCCESS] MouseButtonClick - "[MSAA, VisibleOnly]ControlType='Button' &amp;&amp; Name='Yes'"
\0&lt;/a&gt;
W, 3504, 21, 2013/05/23, 17:59:38.731, 2868939163322, QTAgent32.exe, &lt;a class=success&gt;Playback - {101} [SUCCESS] MouseButtonClick - "[MSAA, VisibleOnly]ControlType='Button' &amp;&amp; Name='OK'"
\0&lt;/a&gt;
W, 3504, 21, 2013/05/23, 17:59:41.467, 2868978338154, QTAgent32.exe, IEDOM : StopSession of the plugin called before StartSession
W, 3504, 21, 2013/05/23, 17:59:41.467, 2868978340242, QTAgent32.exe, UIA : StopSession of the plugin called before StartSession
</DebugTrace>
      </Output>
    </UnitTestResult>
    <UnitTestResult executionId="dc4cb1fb-fb59-4292-a35e-53413d283ac6" testId="032180c8-1486-819e-72ec-97e7044c9d33" testName="HouseMTAExit" computerName="ICLVDEVTM02" duration="00:04:58.5882144" startTime="2013-05-23T17:59:41.5746805+01:00" endTime="2013-05-23T18:04:40.2786110+01:00" testType="13cdc9d9-ddb5-4fa4-a97d-d965ccfc6d4b" outcome="Passed" testListId="8c84fa94-04c1-424b-9868-57a2d4851a1d" relativeResultsDirectory="dc4cb1fb-fb59-4292-a35e-53413d283ac6">
      <Output>
        <DebugTrace>W, 3504, 25, 2013/05/23, 17:59:46.052, 2869043997807, QTAgent32.exe, &lt;a class=success&gt;Playback - {1} [SUCCESS] MouseButtonClick - "[MSAA, VisibleOnly]ControlType='Edit'"
\0&lt;/a&gt;
W, 3504, 25, 2013/05/23, 17:59:46.468, 2869049945082, QTAgent32.exe, &lt;a class=success&gt;Playback - {2} [SUCCESS] SendKeys "[*]" - "[MSAA, VisibleOnly]ControlType='Edit'"
\0&lt;/a&gt;
W, 3504, 25, 2013/05/23, 17:59:47.257, 2869061252062, QTAgent32.exe, &lt;a class=success&gt;Playback - {3} [SUCCESS] MouseButtonClick - "[MSAA, VisibleOnly]ControlType='Button' &amp;&amp; Name='OK'"
\0&lt;/a&gt;
W, 3504, 25, 2013/05/23, 17:59:47.618, 2869066411697, QTAgent32.exe, &lt;a class=success&gt;Playback - {4} [SUCCESS] SendKeys "^{HOME}" - "[MSAA, VisibleOnly]ControlType='Edit'"
\0&lt;/a&gt;
E, 3504, 25, 2013/05/23, 17:59:47.618, 2869066416116, QTAgent32.exe, Msaa.GetFocusedElement: could not find accessible object of foreground window
W, 3504, 25, 2013/05/23, 17:59:47.674, 2869067218923, QTAgent32.exe, &lt;a class=success&gt;Playback - {5} [SUCCESS] SendKeys "^+{END}" - "[MSAA, VisibleOnly]ControlType='Edit'"
\0&lt;/a&gt;
E, 3504, 25, 2013/05/23, 17:59:47.676, 2869067240042, QTAgent32.exe, Msaa.GetFocusedElement: could not find accessible object of foreground window
W, 3504, 25, 2013/05/23, 17:59:47.695, 2869067524193, QTAgent32.exe, &lt;a class=success&gt;Playback - {6} [SUCCESS] SendKeys "{DELETE}" - "[MSAA, VisibleOnly]ControlType='Edit'"
\0&lt;/a&gt;
W, 3504, 25, 2013/05/23, 17:59:48.059, 2869072719943, QTAgent32.exe, &lt;a class=success&gt;Playback - {7} [SUCCESS] SetValueAsEditBox "23/05/2013" - "[MSAA, VisibleOnly]ControlType='Edit'"  &lt; Set via SendKeys &gt;
\0&lt;/a&gt;
W, 3504, 25, 2013/05/23, 17:59:48.657, 2869081280406, QTAgent32.exe, Playback - [WARNING] Internal warning: Incorrect flag set for InvokeProgrammaticAction\0
W, 3504, 25, 2013/05/23, 17:59:48.779, 2869083039034, QTAgent32.exe, &lt;a class=success&gt;Playback - {8} [SUCCESS] SetValueAsComboBox "May" - "[MSAA, VisibleOnly]ControlType='ComboBox'"  &lt; SetValueAsComboBox, set by clicking on the item in the list box &gt;
\0&lt;/a&gt;
W, 3504, 25, 2013/05/23, 17:59:49.087, 2869087446952, QTAgent32.exe, &lt;a class=success&gt;Playback - {9} [SUCCESS] SendKeys "^{HOME}" - "[MSAA, VisibleOnly]ControlType='Edit'"
\0&lt;/a&gt;
E, 3504, 25, 2013/05/23, 17:59:49.087, 2869087450146, QTAgent32.exe, Msaa.GetFocusedElement: could not find accessible object of foreground window
W, 3504, 25, 2013/05/23, 17:59:49.160, 2869088485985, QTAgent32.exe, &lt;a class=success&gt;Playback - {10} [SUCCESS] SendKeys "^+{END}" - "[MSAA, VisibleOnly]ControlType='Edit'"
\0&lt;/a&gt;
E, 3504, 25, 2013/05/23, 17:59:49.160, 2869088489299, QTAgent32.exe, Msaa.GetFocusedElement: could not find accessible object of foreground window
W, 3504, 25, 2013/05/23, 17:59:49.175, 2869088702361, QTAgent32.exe, &lt;a class=success&gt;Playback - {11} [SUCCESS] SendKeys "{DELETE}" - "[MSAA, VisibleOnly]ControlType='Edit'"
\0&lt;/a&gt;
W, 3504, 25, 2013/05/23, 17:59:49.411, 2869092087053, QTAgent32.exe, &lt;a class=success&gt;Playback - {12} [SUCCESS] SetValueAsEditBox "2013" - "[MSAA, VisibleOnly]ControlType='Edit'"  &lt; Set via SendKeys &gt;
\0&lt;/a&gt;
W, 3504, 25, 2013/05/23, 17:59:49.632, 2869095244897, QTAgent32.exe, &lt;a class=success&gt;Playback - {13} [SUCCESS] MouseButtonClick - "[MSAA, VisibleOnly]ControlType='Button' &amp;&amp; Name='OK'"
\0&lt;/a&gt;
W, 3504, 25, 2013/05/23, 17:59:50.826, 2869112351736, QTAgent32.exe, Playback - [WARNING] Internal warning: Window Not Found: [VisibleOnly]ControlType='Window' &amp;&amp; Name='Warning' &amp;&amp; ClassName='#32770'
\0
E, 3504, 25, 2013/05/23, 17:59:50.827, 2869112355084, QTAgent32.exe, &lt;a class=failure&gt;Playback - {14} [FAILED] Function ElementFetcher::FindScreenElement failed to locate UI element (Searching: ;[VisibleOnly]ControlType='Window' &amp;&amp; Name='Warning' &amp;&amp; ClassName='#32770') (The object specified was not found.)
\0&lt;/a&gt;
E, 3504, 25, 2013/05/23, 17:59:50.906, 2869113489327, QTAgent32.exe, Playback - [IMAGE] C:\Users\testuser\AppData\Local\Temp\UITestLogs\LastRun\RPF992A.png
\0
W, 3504, 25, 2013/05/23, 17:59:50.906, 2869113491573, QTAgent32.exe, Playback - [WARNING] Internal warning: Couldn't find descendants that match QueryId
\0
W, 3504, 25, 2013/05/23, 17:59:50.906, 2869113494766, QTAgent32.exe, PERF WARNING: FindTopLevelWindowHelper::FindAllDescendents: took 1158 ms. Expected it to take maximum 500 ms.
W, 3504, 25, 2013/05/23, 18:00:08.967, 2869372085759, QTAgent32.exe, Playback - [WARNING] Internal warning: Window Not Found: [VisibleOnly]ControlType='Window' &amp;&amp; Name='Warning' &amp;&amp; ClassName='#32770'
\0
E, 3504, 25, 2013/05/23, 18:00:08.967, 2869372090383, QTAgent32.exe, &lt;a class=failure&gt;Playback - {15} [FAILED] Function ElementFetcher::FindScreenElement failed to locate UI element (Searching: ;[VisibleOnly]ControlType='Window' &amp;&amp; Name='Warning' &amp;&amp; ClassName='#32770') (The object specified was not found.)
\0&lt;/a&gt;
E, 3504, 25, 2013/05/23, 18:00:09.046, 2869373217104, QTAgent32.exe, Playback - [IMAGE] C:\Users\testuser\AppData\Local\Temp\UITestLogs\LastRun\RPFE00A.png
\0
W, 3504, 25, 2013/05/23, 18:00:09.046, 2869373219559, QTAgent32.exe, Playback - [WARNING] Internal warning: Couldn't find descendants that match QueryId
\0
W, 3504, 25, 2013/05/23, 18:00:09.046, 2869373223054, QTAgent32.exe, PERF WARNING: FindTopLevelWindowHelper::FindAllDescendents: took 18139 ms. Expected it to take maximum 500 ms.
W, 3504, 25, 2013/05/23, 18:00:09.564, 2869380642468, QTAgent32.exe, Playback - [WARNING] Internal warning: Smart Match failed
\0
W, 3504, 25, 2013/05/23, 18:00:09.980, 2869386599992, QTAgent32.exe, Playback - [WARNING] Internal warning: Smart Match failed
\0
W, 3504, 25, 2013/05/23, 18:00:10.375, 2869392247058, QTAgent32.exe, Playback - [WARNING] Internal warning: Smart Match failed
\0
W, 3504, 25, 2013/05/23, 18:00:10.741, 2869397496458, QTAgent32.exe, Playback - [WARNING] Internal warning: Smart Match failed
\0
W, 3504, 25, 2013/05/23, 18:00:11.107, 2869402736041, QTAgent32.exe, Playback - [WARNING] Internal warning: Smart Match failed
\0
W, 3504, 25, 2013/05/23, 18:00:11.471, 2869407953493, QTAgent32.exe, Playback - [WARNING] Internal warning: Smart Match failed
\0
W, 3504, 25, 2013/05/23, 18:00:11.829, 2869413067776, QTAgent32.exe, Playback - [WARNING] Internal warning: Smart Match failed
\0
W, 3504, 25, 2013/05/23, 18:00:12.090, 2869416810385, QTAgent32.exe, Playback - [WARNING] Internal warning: Window Not Found: [VisibleOnly]ControlType='Window' &amp;&amp; Name='Warning' &amp;&amp; ClassName='#32770'
\0
E, 3504, 25, 2013/05/23, 18:00:12.091, 2869416813221, QTAgent32.exe, &lt;a class=failure&gt;Playback - {16} [FAILED] Function ElementFetcher::FindScreenElement failed to locate UI element (Searching: ;[VisibleOnly]ControlType='Window' &amp;&amp; Name='Warning' &amp;&amp; ClassName='#32770') (The object specified was not found.)
\0&lt;/a&gt;
E, 3504, 25, 2013/05/23, 18:00:12.169, 2869417935855, QTAgent32.exe, Playback - [IMAGE] C:\Users\testuser\AppData\Local\Temp\UITestLogs\LastRun\RPFEC3B.png
\0
W, 3504, 25, 2013/05/23, 18:00:12.169, 2869417938237, QTAgent32.exe, Playback - [WARNING] Internal warning: Couldn't find descendants that match QueryId
\0
W, 3504, 25, 2013/05/23, 18:00:12.169, 2869417941134, QTAgent32.exe, PERF WARNING: FindTopLevelWindowHelper::FindAllDescendents: took 3122 ms. Expected it to take maximum 500 ms.
E, 3504, 25, 2013/05/23, 18:00:12.170, 2869417943198, QTAgent32.exe, Exception: System.Runtime.InteropServices.COMException
	Message: Error HRESULT E_FAIL has been returned from a call to a COM component.
	Stack Trace:    at Microsoft.VisualStudio.TestTools.UITest.Playback.Engine.IRPFPlayback.FindAllScreenElements(IScreenElement pScreenElementStart, String bstrQueryId, Object&amp; pvarResKeys, Int32 cResKeys, Int32 nMaxDepth, Object[]&amp; foundDescendants)
   at Microsoft.VisualStudio.TestTools.UITest.Playback.ScreenElement.FindTopLevelWindowHelper(String queryId)
	BaseExceptionMessage: Error HRESULT E_FAIL has been returned from a call to a COM component.

E, 3504, 25, 2013/05/23, 18:00:12.313, 2869419998006, QTAgent32.exe, AL: Playback Error: Microsoft.VisualStudio.TestTools.UITest.Extension.UITestControlNotFoundException: The playback failed to find the control with the given search properties. Additional Details: 
TechnologyName:  'MSAA'
ControlType:  'Window'
Name:  'Warning'
ClassName:  '#32770'
 ---&gt; System.Runtime.InteropServices.COMException: Error HRESULT E_FAIL has been returned from a call to a COM component.
   at Microsoft.VisualStudio.TestTools.UITest.Playback.Engine.IRPFPlayback.FindAllScreenElements(IScreenElement pScreenElementStart, String bstrQueryId, Object&amp; pvarResKeys, Int32 cResKeys, Int32 nMaxDepth, Object[]&amp; foundDescendants)
   at Microsoft.VisualStudio.TestTools.UITest.Playback.ScreenElement.FindTopLevelWindowHelper(String queryId)
   at Microsoft.VisualStudio.TestTools.UITest.Playback.ScreenElement.FindFromPartialQueryId(String queryId)
   at Microsoft.VisualStudio.TestTools.UITesting.UITestControl..ctor(String queryId)
   --- End of inner exception stack trace ---
   at Microsoft.VisualStudio.TestTools.UITesting.Playback.MapControlNotFoundException(COMException ex, IPlaybackContext context)
   at Microsoft.VisualStudio.TestTools.UITesting.Playback.MapAndThrowComException(COMException innerException, IPlaybackContext context)
   at Microsoft.VisualStudio.TestTools.UITesting.Playback.MapAndThrowException(SystemException exception, IPlaybackContext context)
   at Microsoft.VisualStudio.TestTools.UITesting.Playback.MapAndThrowException(SystemException exception, String queryId)
   at Microsoft.VisualStudio.TestTools.UITesting.UITestControl..ctor(String queryId)
   at Microsoft.VisualStudio.TestTools.UITesting.SearchHelper.SearchTopLevelWindow(ISearchArgument topLevelSearchArg, String topLevelElementQueryId)
   at Microsoft.VisualStudio.TestTools.UITesting.SearchHelper.GetTitleUpdatedTopLevelWindow(ISearchArgument topLevelSearchArg, String queryId, IList`1 windowTitles)
   at Microsoft.VisualStudio.TestTools.UITesting.SearchHelper.GetTopLevelElement(Boolean useCache, Boolean useCacheOnly, ISearchArgument searchArg, IList`1 windowTitles, Int32&amp; timeLeft)
   at Microsoft.VisualStudio.TestTools.UITesting.SearchHelper.GetElement(Boolean useCache, ISearchArgument searchArg)
   at Microsoft.VisualStudio.TestTools.UITesting.SearchHelper.Search(ISearchArgument searchArg)
   at Microsoft.VisualStudio.TestTools.UITesting.UITestControl.FindInternal()
   at Microsoft.VisualStudio.TestTools.UITesting.UITestControl.FindControlIfNecessary()
   at Microsoft.VisualStudio.TestTools.UITesting.UITestControl.Click(MouseButtons button, ModifierKeys modifierKeys, Point relativeCoordinates)
   at Microsoft.VisualStudio.TestTools.UITesting.Mouse.ClickImplementation(UITestControl control, MouseButtons button, ModifierKeys modifierKeys, Point relativeCoordinate)
   at Microsoft.VisualStudio.TestTools.UITesting.Mouse.ClickImplementationWrapper(UITestControl control, MouseButtons button, ModifierKeys modifierKeys, Point relativeCoordinate)
W, 3504, 25, 2013/05/23, 18:00:12.313, 2869420001159, QTAgent32.exe, PlaybackErrorHandler: Ignoring exception as ContinueOnError is set.
W, 3504, 25, 2013/05/23, 18:00:12.345, 2869420459671, QTAgent32.exe, &lt;a class=success&gt;Playback - {17} [SUCCESS] TypeString "#(R)"
\0&lt;/a&gt;
E, 3504, 25, 2013/05/23, 18:00:13.007, 2869429942455, QTAgent32.exe, Exception: System.ArgumentException
	Message: Value does not fall within the expected range.
	Stack Trace:    at Accessibility.IAccessible.get_accRole(Object varChild)
   at Microsoft.VisualStudio.TestTools.UITest.Extension.Msaa.AccWrapper.get_RoleInt()
	BaseExceptionMessage: Value does not fall within the expected range.

E, 3504, 25, 2013/05/23, 18:00:13.018, 2869430086485, QTAgent32.exe, Exception: System.ArgumentException
	Message: Value does not fall within the expected range.
	Stack Trace:    at Accessibility.IAccessible.get_accRole(Object varChild)
   at Microsoft.VisualStudio.TestTools.UITest.Extension.Msaa.AccWrapper.get_RoleInt()
	BaseExceptionMessage: Value does not fall within the expected range.

W, 3504, 25, 2013/05/23, 18:00:14.216, 2869447251253, QTAgent32.exe, &lt;a class=success&gt;Playback - {18} [SUCCESS] LeftButtonClick  &lt; Mouse cursor location (87, 908) &gt;
\0&lt;/a&gt;
W, 3504, 25, 2013/05/23, 18:00:15.809, 2869470052418, QTAgent32.exe, &lt;a class=success&gt;Playback - {19} [SUCCESS] SetValueAsEditBox "c:\TestProject7\office.reg"  &lt; Set via SendKeys &gt;
\0&lt;/a&gt;
W, 3504, 25, 2013/05/23, 18:00:15.809, 2869470054946, QTAgent32.exe, &lt;a class=success&gt;Playback - {20} [SUCCESS] SetValueAsComboBox "c:\TestProject7\office.reg" - "[MSAA, VisibleOnly]ControlType='ComboBox' &amp;&amp; Name='Open:'"  &lt; Set via SetValueAsEditBox &gt;
\0&lt;/a&gt;
W, 3504, 25, 2013/05/23, 18:00:16.059, 2869473627372, QTAgent32.exe, &lt;a class=success&gt;Playback - {21} [SUCCESS] MouseButtonClick - "[MSAA, VisibleOnly]ControlType='Button' &amp;&amp; Name='OK'"
\0&lt;/a&gt;
W, 3504, 25, 2013/05/23, 18:00:16.505, 2869480016882, QTAgent32.exe, &lt;a class=success&gt;Playback - {22} [SUCCESS] MouseButtonClick - "[MSAA, VisibleOnly]ControlType='Button' &amp;&amp; Name='Yes'"
\0&lt;/a&gt;
W, 3504, 25, 2013/05/23, 18:00:16.927, 2869486064478, QTAgent32.exe, &lt;a class=success&gt;Playback - {23} [SUCCESS] MouseButtonClick - "[MSAA, VisibleOnly]ControlType='Button' &amp;&amp; Name='OK'"
\0&lt;/a&gt;
W, 3504, 25, 2013/05/23, 18:00:17.193, 2869489878337, QTAgent32.exe, &lt;a class=success&gt;Playback - {24} [SUCCESS] MouseButtonClick - "[MSAA, VisibleOnly]ControlType='Button' &amp;&amp; Name='Clients &amp; Files'"
\0&lt;/a&gt;
W, 3504, 25, 2013/05/23, 18:00:17.990, 2869501282003, QTAgent32.exe, PERF WARNING: FindTopLevelWindowHelper::FindAllDescendents: took 654 ms. Expected it to take maximum 500 ms.
W, 3504, 25, 2013/05/23, 18:00:18.924, 2869514661216, QTAgent32.exe, Playback - [WARNING] Internal warning: Incorrect flag set for InvokeProgrammaticAction\0
W, 3504, 25, 2013/05/23, 18:00:19.045, 2869516396111, QTAgent32.exe, &lt;a class=success&gt;Playback - {25} [SUCCESS] SetValueAsComboBox "Customers" - "[MSAA, VisibleOnly]ControlType='ComboBox'"  &lt; SetValueAsComboBox, set by clicking on the item in the list box &gt;
\0&lt;/a&gt;
W, 3504, 25, 2013/05/23, 18:00:19.428, 2869521873329, QTAgent32.exe, Msaa.MsaaElement() took more time. Total time taken 275 ms for element 1051044_0_[MSAA]Name='Add' &amp;&amp; ControlType='Button'
W, 3504, 25, 2013/05/23, 18:00:19.549, 2869523601826, QTAgent32.exe, &lt;a class=success&gt;Playback - {26} [SUCCESS] MouseButtonClick - "[MSAA, VisibleOnly]ControlType='Button' &amp;&amp; Name='Add'"
\0&lt;/a&gt;
W, 3504, 25, 2013/05/23, 18:00:20.365, 2869535285112, QTAgent32.exe, &lt;a class=success&gt;Playback - {27} [SUCCESS] SendKeys "autotest" - "[MSAA, VisibleOnly]ControlType='RadioButton' &amp;&amp; Name='Personal Lines'"
\0&lt;/a&gt;
W, 3504, 25, 2013/05/23, 18:00:21.450, 2869550827162, QTAgent32.exe, &lt;a class=success&gt;Playback - {28} [SUCCESS] SetValueAsEditBox "autotest" - "[MSAA, VisibleOnly]ControlType='Edit'"  &lt; Set via SendKeys &gt;
\0&lt;/a&gt;
W, 3504, 25, 2013/05/23, 18:00:21.687, 2869554217054, QTAgent32.exe, &lt;a class=success&gt;Playback - {29} [SUCCESS] MouseButtonClick - "[MSAA, VisibleOnly]ControlType='Button' &amp;&amp; Name='OK'"
\0&lt;/a&gt;
W, 3504, 25, 2013/05/23, 18:00:21.975, 2869558339328, QTAgent32.exe, &lt;a class=success&gt;Playback - {30} [SUCCESS] MouseButtonClick - "[MSAA, VisibleOnly]ControlType='Button' &amp;&amp; Name='Yes'"
\0&lt;/a&gt;
W, 3504, 25, 2013/05/23, 18:00:22.620, 2869567584028, QTAgent32.exe, &lt;a class=success&gt;Playback - {31} [SUCCESS] SendKeys "^{HOME}" - "[MSAA, VisibleOnly]ControlType='Edit'"
\0&lt;/a&gt;
E, 3504, 25, 2013/05/23, 18:00:22.621, 2869567587156, QTAgent32.exe, Msaa.GetFocusedElement: could not find accessible object of foreground window
W, 3504, 25, 2013/05/23, 18:00:22.680, 2869568436164, QTAgent32.exe, &lt;a class=success&gt;Playback - {32} [SUCCESS] SendKeys "^+{END}" - "[MSAA, VisibleOnly]ControlType='Edit'"
\0&lt;/a&gt;
E, 3504, 25, 2013/05/23, 18:00:22.680, 2869568441272, QTAgent32.exe, Msaa.GetFocusedElement: could not find accessible object of foreground window
W, 3504, 25, 2013/05/23, 18:00:22.695, 2869568658939, QTAgent32.exe, &lt;a class=success&gt;Playback - {33} [SUCCESS] SendKeys "{DELETE}" - "[MSAA, VisibleOnly]ControlType='Edit'"
\0&lt;/a&gt;
W, 3504, 25, 2013/05/23, 18:00:23.137, 2869574980168, QTAgent32.exe, &lt;a class=success&gt;Playback - {34} [SUCCESS] SetValueAsEditBox "1" - "[MSAA, VisibleOnly]ControlType='Edit'"  &lt; Set via SendKeys &gt;
\0&lt;/a&gt;
W, 3504, 25, 2013/05/23, 18:00:23.756, 2869583844192, QTAgent32.exe, &lt;a class=success&gt;Playback - {35} [SUCCESS] SendKeys "^{HOME}" - "[MSAA, VisibleOnly]ControlType='Edit'"
\0&lt;/a&gt;
E, 3504, 25, 2013/05/23, 18:00:23.757, 2869583848517, QTAgent32.exe, Msaa.GetFocusedElement: could not find accessible object of foreground window
W, 3504, 25, 2013/05/23, 18:00:23.820, 2869584755105, QTAgent32.exe, &lt;a class=success&gt;Playback - {36} [SUCCESS] SendKeys "^+{END}" - "[MSAA, VisibleOnly]ControlType='Edit'"
\0&lt;/a&gt;
E, 3504, 25, 2013/05/23, 18:00:23.820, 2869584758772, QTAgent32.exe, Msaa.GetFocusedElement: could not find accessible object of foreground window
W, 3504, 25, 2013/05/23, 18:00:23.835, 2869584976458, QTAgent32.exe, &lt;a class=success&gt;Playback - {37} [SUCCESS] SendKeys "{DELETE}" - "[MSAA, VisibleOnly]ControlType='Edit'"
\0&lt;/a&gt;
W, 3504, 25, 2013/05/23, 18:00:24.263, 2869591096559, QTAgent32.exe, &lt;a class=success&gt;Playback - {38} [SUCCESS] SetValueAsEditBox "1" - "[MSAA, VisibleOnly]ControlType='Edit'"  &lt; Set via SendKeys &gt;
\0&lt;/a&gt;
W, 3504, 25, 2013/05/23, 18:00:25.883, 2869614291990, QTAgent32.exe, Playback - [WARNING] Internal warning: Target element "[MSAA, VisibleOnly]ControlType='Button' &amp;&amp; Name='OK'" was not found, so all intermediate elements were ignored. An incorrect element that matches target element Id can be found as the result.  Verify that all intermediate elements in QueryId have valid and unique Ids
\0
W, 3504, 25, 2013/05/23, 18:00:26.420, 2869621985340, QTAgent32.exe, PERF WARNING: FindAllDescendents: took 2045 ms. Expected it to take maximum 500 ms.
W, 3504, 25, 2013/05/23, 18:00:26.730, 2869626421125, QTAgent32.exe, &lt;a class=success&gt;Playback - {39} [SUCCESS] MouseButtonClick - "[MSAA, VisibleOnly]ControlType='Button' &amp;&amp; Name='OK'"
\0&lt;/a&gt;
W, 3504, 25, 2013/05/23, 18:00:27.103, 2869631774914, QTAgent32.exe, &lt;a class=success&gt;Playback - {40} [SUCCESS] MouseButtonClick - "[MSAA, VisibleOnly]ControlType='Button'"
\0&lt;/a&gt;
W, 3504, 25, 2013/05/23, 18:00:27.497, 2869637403169, QTAgent32.exe, &lt;a class=success&gt;Playback - {41} [SUCCESS] MouseButtonClick - "[MSAA, VisibleOnly]ControlType='Button' &amp;&amp; Name='Add'"
\0&lt;/a&gt;
W, 3504, 25, 2013/05/23, 18:00:27.728, 2869640710155, QTAgent32.exe, &lt;a class=success&gt;Playback - {42} [SUCCESS] MouseButtonClick - "[MSAA, VisibleOnly]ControlType='Button' &amp;&amp; Name='OK'"
\0&lt;/a&gt;
W, 3504, 25, 2013/05/23, 18:00:29.998, 2869673214539, QTAgent32.exe, &lt;a class=success&gt;Playback - {43} [SUCCESS] MouseButtonClick - "[MSAA, VisibleOnly,Window]ControlType='Window' &amp;&amp; ClassName='ThunderRT6TextBox'"
\0&lt;/a&gt;
W, 3504, 25, 2013/05/23, 18:00:31.029, 2869687987676, QTAgent32.exe, &lt;a class=success&gt;Playback - {44} [SUCCESS] SetValueAsEditBox "HOME" - "[MSAA, VisibleOnly]ControlType='Edit'"  &lt; Set via SendKeys &gt;
\0&lt;/a&gt;
W, 3504, 25, 2013/05/23, 18:00:31.410, 2869693424502, QTAgent32.exe, &lt;a class=success&gt;Playback - {45} [SUCCESS] MouseButtonClick - "[MSAA, VisibleOnly]ControlType='Button' &amp;&amp; Name='OK'"
\0&lt;/a&gt;
W, 3504, 25, 2013/05/23, 18:00:31.658, 2869696985728, QTAgent32.exe, &lt;a class=success&gt;Playback - {46} [SUCCESS] MouseButtonClick - "[MSAA, VisibleOnly]ControlType='Button' &amp;&amp; Name='Options'"
\0&lt;/a&gt;
W, 3504, 25, 2013/05/23, 18:00:31.759, 2869698423457, QTAgent32.exe, FindScreenElementInSinglePass : Attempting to find control in one pass of search. Failures can occur.
W, 3504, 25, 2013/05/23, 18:00:32.247, 2869705412060, QTAgent32.exe, &lt;a class=success&gt;Playback - {47} [SUCCESS] MouseButtonClick - "[MSAA]ControlType='MenuItem' &amp;&amp; Name='Links'"
\0&lt;/a&gt;
W, 3504, 25, 2013/05/23, 18:00:32.347, 2869706853983, QTAgent32.exe, FindScreenElementInSinglePass : Attempting to find control in one pass of search. Failures can occur.
W, 3504, 25, 2013/05/23, 18:00:32.858, 2869714168901, QTAgent32.exe, &lt;a class=success&gt;Playback - {48} [SUCCESS] MouseButtonClick - "[MSAA]ControlType='MenuItem' &amp;&amp; Name='3rd Party Integration'"
\0&lt;/a&gt;
W, 3504, 25, 2013/05/23, 18:00:32.959, 2869715607847, QTAgent32.exe, FindScreenElementInSinglePass : Attempting to find control in one pass of search. Failures can occur.
W, 3504, 25, 2013/05/23, 18:00:33.512, 2869723534186, QTAgent32.exe, &lt;a class=success&gt;Playback - {49} [SUCCESS] MouseButtonClick - "[MSAA]ControlType='MenuItem' &amp;&amp; Name='Quote Select List'"
\0&lt;/a&gt;
W, 3504, 25, 2013/05/23, 18:00:35.668, 2869754399182, QTAgent32.exe, PERF WARNING: FindTopLevelWindowHelper::FindAllDescendents: took 2050 ms. Expected it to take maximum 500 ms.
W, 3504, 25, 2013/05/23, 18:00:35.921, 2869758018962, QTAgent32.exe, &lt;a class=success&gt;Playback - {50} [SUCCESS] MouseButtonClick - "[MSAA, VisibleOnly]ControlType='Button' &amp;&amp; Name='Ok'"
\0&lt;/a&gt;
W, 3504, 25, 2013/05/23, 18:00:39.183, 2869804733787, QTAgent32.exe, PERF WARNING: FindTopLevelWindowHelper::FindAllDescendents: took 3143 ms. Expected it to take maximum 500 ms.
W, 3504, 25, 2013/05/23, 18:00:40.213, 2869819478732, QTAgent32.exe, &lt;a class=success&gt;Playback - {51} [SUCCESS] SetValueAsEditBox "test1" - "[MSAA, VisibleOnly]ControlType='Edit'"  &lt; Set via SendKeys &gt;
\0&lt;/a&gt;
W, 3504, 25, 2013/05/23, 18:00:41.367, 2869835996604, QTAgent32.exe, &lt;a class=success&gt;Playback - {52} [SUCCESS] SetValueAsEditBox "test" - "[MSAA, VisibleOnly]ControlType='Edit'"  &lt; Set via SendKeys &gt;
\0&lt;/a&gt;
W, 3504, 25, 2013/05/23, 18:00:41.970, 2869844639383, QTAgent32.exe, &lt;a class=success&gt;Playback - {53} [SUCCESS] SendKeys "^{HOME}" - "[MSAA, VisibleOnly]ControlType='Edit'"
\0&lt;/a&gt;
E, 3504, 25, 2013/05/23, 18:00:41.970, 2869844642971, QTAgent32.exe, Msaa.GetFocusedElement: could not find accessible object of foreground window
W, 3504, 25, 2013/05/23, 18:00:42.029, 2869845484080, QTAgent32.exe, &lt;a class=success&gt;Playback - {54} [SUCCESS] SendKeys "^+{END}" - "[MSAA, VisibleOnly]ControlType='Edit'"
\0&lt;/a&gt;
E, 3504, 25, 2013/05/23, 18:00:42.029, 2869845486839, QTAgent32.exe, Msaa.GetFocusedElement: could not find accessible object of foreground window
W, 3504, 25, 2013/05/23, 18:00:42.043, 2869845685382, QTAgent32.exe, &lt;a class=success&gt;Playback - {55} [SUCCESS] SendKeys "{DELETE}" - "[MSAA, VisibleOnly]ControlType='Edit'"
\0&lt;/a&gt;
W, 3504, 25, 2013/05/23, 18:00:42.553, 2869852981410, QTAgent32.exe, &lt;a class=success&gt;Playback - {56} [SUCCESS] SetValueAsEditBox "test" - "[MSAA, VisibleOnly]ControlType='Edit'"  &lt; Set via SendKeys &gt;
\0&lt;/a&gt;
W, 3504, 25, 2013/05/23, 18:00:43.665, 2869868902898, QTAgent32.exe, Playback - [WARNING] Internal warning: Incorrect flag set for InvokeProgrammaticAction\0
W, 3504, 25, 2013/05/23, 18:00:43.788, 2869870659201, QTAgent32.exe, &lt;a class=success&gt;Playback - {57} [SUCCESS] SetValueAsComboBox "Account Director" - "[MSAA, VisibleOnly]ControlType='ComboBox'"  &lt; SetValueAsComboBox, set by clicking on the item in the list box &gt;
\0&lt;/a&gt;
W, 3504, 25, 2013/05/23, 18:00:44.982, 2869887754664, QTAgent32.exe, Playback - [WARNING] Internal warning: Incorrect flag set for InvokeProgrammaticAction\0
W, 3504, 25, 2013/05/23, 18:00:45.103, 2869889499902, QTAgent32.exe, &lt;a class=success&gt;Playback - {58} [SUCCESS] SetValueAsComboBox "Advertising" - "[MSAA, VisibleOnly]ControlType='ComboBox'"  &lt; SetValueAsComboBox, set by clicking on the item in the list box &gt;
\0&lt;/a&gt;
W, 3504, 25, 2013/05/23, 18:00:46.220, 2869905493007, QTAgent32.exe, &lt;a class=success&gt;Playback - {59} [SUCCESS] SetValueAsEditBox "160589" - "[MSAA, VisibleOnly]ControlType='Edit'"  &lt; Set via SendKeys &gt;
\0&lt;/a&gt;
W, 3504, 25, 2013/05/23, 18:00:46.459, 2869908912428, QTAgent32.exe, &lt;a class=success&gt;Playback - {60} [SUCCESS] MouseButtonClick - "[MSAA, VisibleOnly]ControlType='Edit'"
\0&lt;/a&gt;
W, 3504, 25, 2013/05/23, 18:00:47.598, 2869925210368, QTAgent32.exe, &lt;a class=success&gt;Playback - {61} [SUCCESS] SetValueAsEditBox "B338TH" - "[MSAA, VisibleOnly]ControlType='Edit'"  &lt; Set via SendKeys &gt;
\0&lt;/a&gt;
W, 3504, 25, 2013/05/23, 18:00:49.828, 2869957144776, QTAgent32.exe, &lt;a class=success&gt;Playback - {62} [SUCCESS] MouseButtonClick - "[MSAA, VisibleOnly]ControlType='Button' &amp;&amp; Name='Lookup...'"
\0&lt;/a&gt;
W, 3504, 25, 2013/05/23, 18:00:50.092, 2869960928536, QTAgent32.exe, &lt;a class=success&gt;Playback - {63} [SUCCESS] MouseButtonClick - "[MSAA, VisibleOnly]ControlType='Button' &amp;&amp; Name='Ok'"
\0&lt;/a&gt;
W, 3504, 25, 2013/05/23, 18:00:50.359, 2869964758921, QTAgent32.exe, &lt;a class=success&gt;Playback - {64} [SUCCESS] MouseButtonClick - "[MSAA, VisibleOnly]ControlType='Button' &amp;&amp; Name='Next &gt;'"
\0&lt;/a&gt;
W, 3504, 25, 2013/05/23, 18:00:52.062, 2869989135819, QTAgent32.exe, &lt;a class=success&gt;Playback - {65} [SUCCESS] SetValueAsEditBox "1989" - "[MSAA, VisibleOnly]ControlType='Edit'"  &lt; Set via SendKeys &gt;
\0&lt;/a&gt;
W, 3504, 25, 2013/05/23, 18:00:52.298, 2869992514601, QTAgent32.exe, &lt;a class=success&gt;Playback - {66} [SUCCESS] MouseButtonClick - "[MSAA, VisibleOnly]ControlType='Button' &amp;&amp; Name='Next &gt;'"
\0&lt;/a&gt;
W, 3504, 25, 2013/05/23, 18:00:52.548, 2869996097575, QTAgent32.exe, &lt;a class=success&gt;Playback - {67} [SUCCESS] MouseButtonClick - "[MSAA, VisibleOnly]ControlType='Button' &amp;&amp; Name='Next &gt;'"
\0&lt;/a&gt;
W, 3504, 25, 2013/05/23, 18:00:52.767, 2869999226027, QTAgent32.exe, &lt;a class=success&gt;Playback - {68} [SUCCESS] MouseButtonClick - "[MSAA, VisibleOnly]ControlType='Button' &amp;&amp; Name='Next &gt;'"
\0&lt;/a&gt;
W, 3504, 25, 2013/05/23, 18:00:54.311, 2870021341322, QTAgent32.exe, &lt;a class=success&gt;Playback - {69} [SUCCESS] SetValueAsEditBox "2345" - "[MSAA, VisibleOnly]ControlType='Edit'"  &lt; Set via SendKeys &gt;
\0&lt;/a&gt;
W, 3504, 25, 2013/05/23, 18:00:55.990, 2870045371370, QTAgent32.exe, &lt;a class=success&gt;Playback - {70} [SUCCESS] SetValueAsEditBox "2000" - "[MSAA, VisibleOnly]ControlType='Edit'"  &lt; Set via SendKeys &gt;
\0&lt;/a&gt;
W, 3504, 25, 2013/05/23, 18:00:57.546, 2870067652414, QTAgent32.exe, &lt;a class=success&gt;Playback - {71} [SUCCESS] SetValueAsEditBox "2000" - "[MSAA, VisibleOnly]ControlType='Edit'"  &lt; Set via SendKeys &gt;
\0&lt;/a&gt;
W, 3504, 25, 2013/05/23, 18:00:57.777, 2870070958177, QTAgent32.exe, &lt;a class=success&gt;Playback - {72} [SUCCESS] MouseButtonClick - "[MSAA, VisibleOnly]ControlType='Button' &amp;&amp; Name='Next &gt;'"
\0&lt;/a&gt;
W, 3504, 25, 2013/05/23, 18:00:59.446, 2870094853666, QTAgent32.exe, &lt;a class=success&gt;Playback - {73} [SUCCESS] SetValueAsEditBox "2345" - "[MSAA, VisibleOnly]ControlType='Edit'"  &lt; Set via SendKeys &gt;
\0&lt;/a&gt;
W, 3504, 25, 2013/05/23, 18:00:59.713, 2870098674540, QTAgent32.exe, &lt;a class=success&gt;Playback - {74} [SUCCESS] MouseButtonClick - "[MSAA, VisibleOnly]ControlType='Button' &amp;&amp; Name='Next &gt;'"
\0&lt;/a&gt;
W, 3504, 25, 2013/05/23, 18:00:59.977, 2870102466862, QTAgent32.exe, &lt;a class=success&gt;Playback - {75} [SUCCESS] MouseButtonClick - "[MSAA, VisibleOnly]ControlType='Button' &amp;&amp; Name='Next &gt;'"
\0&lt;/a&gt;
W, 3504, 25, 2013/05/23, 18:01:00.337, 2870107616415, QTAgent32.exe, &lt;a class=success&gt;Playback - {76} [SUCCESS] MouseButtonClick - "[MSAA, VisibleOnly]ControlType='Button' &amp;&amp; Name='Quote'"
\0&lt;/a&gt;
W, 3504, 25, 2013/05/23, 18:01:00.587, 2870111197475, QTAgent32.exe, &lt;a class=success&gt;Playback - {77} [SUCCESS] MouseButtonClick - "[MSAA, VisibleOnly]ControlType='Button' &amp;&amp; Name='No'"
\0&lt;/a&gt;
W, 3504, 25, 2013/05/23, 18:01:01.010, 2870117250500, QTAgent32.exe, &lt;a class=success&gt;Playback - {78} [SUCCESS] MouseButtonClick - "[MSAA, VisibleOnly]ControlType='Button' &amp;&amp; Name='Ok'"
\0&lt;/a&gt;
W, 3504, 25, 2013/05/23, 18:01:06.580, 2870197005166, QTAgent32.exe, PERF WARNING: FindTopLevelWindowHelper::FindAllDescendents: took 5470 ms. Expected it to take maximum 500 ms.
W, 3504, 25, 2013/05/23, 18:01:06.725, 2870199089755, QTAgent32.exe, &lt;a class=success&gt;Playback - {79} [SUCCESS] MouseButtonClick - "[MSAA, VisibleOnly]ControlType='Client'"
\0&lt;/a&gt;
W, 3504, 25, 2013/05/23, 18:01:08.992, 2870231536441, QTAgent32.exe, &lt;a class=success&gt;Playback - {80} [SUCCESS] SendKeys "{End}" - "[MSAA, VisibleOnly]ControlType='Client'"
\0&lt;/a&gt;
W, 3504, 25, 2013/05/23, 18:01:10.502, 2870253167101, QTAgent32.exe, &lt;a class=success&gt;Playback - {81} [SUCCESS] MouseButtonClick - "[MSAA, VisibleOnly]ControlType='Button' &amp;&amp; Name='Accept'"
\0&lt;/a&gt;
W, 3504, 25, 2013/05/23, 18:01:12.758, 2870285456887, QTAgent32.exe, &lt;a class=success&gt;Playback - {82} [SUCCESS] MouseButtonClick - "[MSAA, VisibleOnly]ControlType='Button' &amp;&amp; Name='Yes'"
\0&lt;/a&gt;
W, 3504, 25, 2013/05/23, 18:01:28.033, 2870504166623, QTAgent32.exe, Playback - [WARNING] Internal warning: Window Not Found: [VisibleOnly]ControlType='Window' &amp;&amp; Name='Broker Add-ons' &amp;&amp; ClassName='ThunderRT6FormDC'
\0
E, 3504, 25, 2013/05/23, 18:01:28.033, 2870504173301, QTAgent32.exe, &lt;a class=failure&gt;Playback - {83} [FAILED] Function ElementFetcher::FindScreenElement failed to locate UI element (Searching: ;[VisibleOnly]ControlType='Window' &amp;&amp; Name='Broker Add-ons' &amp;&amp; ClassName='ThunderRT6FormDC') (The object specified was not found.)
\0&lt;/a&gt;
E, 3504, 25, 2013/05/23, 18:01:28.124, 2870505472836, QTAgent32.exe, Playback - [IMAGE] C:\Users\testuser\AppData\Local\Temp\UITestLogs\LastRun\RPF14E2.png
\0
W, 3504, 25, 2013/05/23, 18:01:28.124, 2870505476319, QTAgent32.exe, Playback - [WARNING] Internal warning: Couldn't find descendants that match QueryId
\0
W, 3504, 25, 2013/05/23, 18:01:28.124, 2870505481664, QTAgent32.exe, PERF WARNING: FindTopLevelWindowHelper::FindAllDescendents: took 15240 ms. Expected it to take maximum 500 ms.
W, 3504, 25, 2013/05/23, 18:01:47.429, 2870781887426, QTAgent32.exe, Playback - [WARNING] Internal warning: Window Not Found: [VisibleOnly]ControlType='Window' &amp;&amp; Name='Broker Add-ons' &amp;&amp; ClassName='ThunderRT6FormDC'
\0
E, 3504, 25, 2013/05/23, 18:01:47.430, 2870781896341, QTAgent32.exe, &lt;a class=failure&gt;Playback - {84} [FAILED] Function ElementFetcher::FindScreenElement failed to locate UI element (Searching: ;[VisibleOnly]ControlType='Window' &amp;&amp; Name='Broker Add-ons' &amp;&amp; ClassName='ThunderRT6FormDC') (The object specified was not found.)
\0&lt;/a&gt;
E, 3504, 25, 2013/05/23, 18:01:47.527, 2870783295676, QTAgent32.exe, Playback - [IMAGE] C:\Users\testuser\AppData\Local\Temp\UITestLogs\LastRun\RPF60B1.png
\0
W, 3504, 25, 2013/05/23, 18:01:47.528, 2870783298493, QTAgent32.exe, Playback - [WARNING] Internal warning: Couldn't find descendants that match QueryId
\0
W, 3504, 25, 2013/05/23, 18:01:47.528, 2870783306969, QTAgent32.exe, PERF WARNING: FindTopLevelWindowHelper::FindAllDescendents: took 19403 ms. Expected it to take maximum 500 ms.
W, 3504, 25, 2013/05/23, 18:01:50.223, 2870821885738, QTAgent32.exe, Playback - [WARNING] Internal warning: Smart Match failed
\0
W, 3504, 25, 2013/05/23, 18:01:51.616, 2870841832954, QTAgent32.exe, Playback - [WARNING] Internal warning: Window Not Found: [VisibleOnly]ControlType='Window' &amp;&amp; Name='Broker Add-ons' &amp;&amp; ClassName='ThunderRT6FormDC'
\0
E, 3504, 25, 2013/05/23, 18:01:51.616, 2870841837601, QTAgent32.exe, &lt;a class=failure&gt;Playback - {85} [FAILED] Function ElementFetcher::FindScreenElement failed to locate UI element (Searching: ;[VisibleOnly]ControlType='Window' &amp;&amp; Name='Broker Add-ons' &amp;&amp; ClassName='ThunderRT6FormDC') (The object specified was not found.)
\0&lt;/a&gt;
E, 3504, 25, 2013/05/23, 18:01:51.696, 2870842982183, QTAgent32.exe, Playback - [IMAGE] C:\Users\testuser\AppData\Local\Temp\UITestLogs\LastRun\RPF7107.png
\0
W, 3504, 25, 2013/05/23, 18:01:51.696, 2870842985052, QTAgent32.exe, Playback - [WARNING] Internal warning: Couldn't find descendants that match QueryId
\0
W, 3504, 25, 2013/05/23, 18:01:51.696, 2870842988773, QTAgent32.exe, PERF WARNING: FindTopLevelWindowHelper::FindAllDescendents: took 4167 ms. Expected it to take maximum 500 ms.
E, 3504, 25, 2013/05/23, 18:01:51.697, 2870842991206, QTAgent32.exe, Exception: System.Runtime.InteropServices.COMException
	Message: Error HRESULT E_FAIL has been returned from a call to a COM component.
	Stack Trace:    at Microsoft.VisualStudio.TestTools.UITest.Playback.Engine.IRPFPlayback.FindAllScreenElements(IScreenElement pScreenElementStart, String bstrQueryId, Object&amp; pvarResKeys, Int32 cResKeys, Int32 nMaxDepth, Object[]&amp; foundDescendants)
   at Microsoft.VisualStudio.TestTools.UITest.Playback.ScreenElement.FindTopLevelWindowHelper(String queryId)
	BaseExceptionMessage: Error HRESULT E_FAIL has been returned from a call to a COM component.

E, 3504, 25, 2013/05/23, 18:01:51.798, 2870844443058, QTAgent32.exe, AL: Playback Error: Microsoft.VisualStudio.TestTools.UITest.Extension.UITestControlNotFoundException: The playback failed to find the control with the given search properties. Additional Details: 
TechnologyName:  'MSAA'
ControlType:  'Window'
Name:  'Broker Add-ons'
ClassName:  'ThunderRT6FormDC'
 ---&gt; System.Runtime.InteropServices.COMException: Error HRESULT E_FAIL has been returned from a call to a COM component.
   at Microsoft.VisualStudio.TestTools.UITest.Playback.Engine.IRPFPlayback.FindAllScreenElements(IScreenElement pScreenElementStart, String bstrQueryId, Object&amp; pvarResKeys, Int32 cResKeys, Int32 nMaxDepth, Object[]&amp; foundDescendants)
   at Microsoft.VisualStudio.TestTools.UITest.Playback.ScreenElement.FindTopLevelWindowHelper(String queryId)
   at Microsoft.VisualStudio.TestTools.UITest.Playback.ScreenElement.FindFromPartialQueryId(String queryId)
   at Microsoft.VisualStudio.TestTools.UITesting.UITestControl..ctor(String queryId)
   --- End of inner exception stack trace ---
   at Microsoft.VisualStudio.TestTools.UITesting.Playback.MapControlNotFoundException(COMException ex, IPlaybackContext context)
   at Microsoft.VisualStudio.TestTools.UITesting.Playback.MapAndThrowComException(COMException innerException, IPlaybackContext context)
   at Microsoft.VisualStudio.TestTools.UITesting.Playback.MapAndThrowException(SystemException exception, IPlaybackContext context)
   at Microsoft.VisualStudio.TestTools.UITesting.Playback.MapAndThrowException(SystemException exception, String queryId)
   at Microsoft.VisualStudio.TestTools.UITesting.UITestControl..ctor(String queryId)
   at Microsoft.VisualStudio.TestTools.UITesting.SearchHelper.SearchTopLevelWindow(ISearchArgument topLevelSearchArg, String topLevelElementQueryId)
   at Microsoft.VisualStudio.TestTools.UITesting.SearchHelper.GetTitleUpdatedTopLevelWindow(ISearchArgument topLevelSearchArg, String queryId, IList`1 windowTitles)
   at Microsoft.VisualStudio.TestTools.UITesting.SearchHelper.GetTopLevelElement(Boolean useCache, Boolean useCacheOnly, ISearchArgument searchArg, IList`1 windowTitles, Int32&amp; timeLeft)
   at Microsoft.VisualStudio.TestTools.UITesting.SearchHelper.GetElement(Boolean useCache, ISearchArgument searchArg)
   at Microsoft.VisualStudio.TestTools.UITesting.SearchHelper.Search(ISearchArgument searchArg)
   at Microsoft.VisualStudio.TestTools.UITesting.UITestControl.FindInternal()
   at Microsoft.VisualStudio.TestTools.UITesting.UITestControl.FindControlIfNecessary()
   at Microsoft.VisualStudio.TestTools.UITesting.UITestControl.Click(MouseButtons button, ModifierKeys modifierKeys, Point relativeCoordinates)
   at Microsoft.VisualStudio.TestTools.UITesting.Mouse.ClickImplementation(UITestControl control, MouseButtons button, ModifierKeys modifierKeys, Point relativeCoordinate)
   at Microsoft.VisualStudio.TestTools.UITesting.Mouse.ClickImplementationWrapper(UITestControl control, MouseButtons button, ModifierKeys modifierKeys, Point relativeCoordinate)
W, 3504, 25, 2013/05/23, 18:01:51.798, 2870844447162, QTAgent32.exe, PlaybackErrorHandler: Ignoring exception as ContinueOnError is set.
W, 3504, 25, 2013/05/23, 18:01:59.295, 2870951791628, QTAgent32.exe, Playback - [WARNING] Internal warning: Window Not Found: [VisibleOnly]ControlType='Window' &amp;&amp; Name='Save the file as' &amp;&amp; ClassName='#32770'
\0
E, 3504, 25, 2013/05/23, 18:01:59.296, 2870951795464, QTAgent32.exe, &lt;a class=failure&gt;Playback - {86} [FAILED] Function ElementFetcher::FindScreenElement failed to locate UI element (Searching: ;[VisibleOnly]ControlType='Window' &amp;&amp; Name='Save the file as' &amp;&amp; ClassName='#32770') (The object specified was not found.)
\0&lt;/a&gt;
E, 3504, 25, 2013/05/23, 18:01:59.378, 2870952969554, QTAgent32.exe, Playback - [IMAGE] C:\Users\testuser\AppData\Local\Temp\UITestLogs\LastRun\RPF8F03.png
\0
W, 3504, 25, 2013/05/23, 18:01:59.378, 2870952971943, QTAgent32.exe, Playback - [WARNING] Internal warning: Couldn't find descendants that match QueryId
\0
W, 3504, 25, 2013/05/23, 18:01:59.378, 2870952975137, QTAgent32.exe, PERF WARNING: FindTopLevelWindowHelper::FindAllDescendents: took 7579 ms. Expected it to take maximum 500 ms.
W, 3504, 25, 2013/05/23, 18:02:18.628, 2871228594129, QTAgent32.exe, Playback - [WARNING] Internal warning: Window Not Found: [VisibleOnly]ControlType='Window' &amp;&amp; Name='Save the file as' &amp;&amp; ClassName='#32770'
\0
E, 3504, 25, 2013/05/23, 18:02:18.628, 2871228603628, QTAgent32.exe, &lt;a class=failure&gt;Playback - {87} [FAILED] Function ElementFetcher::FindScreenElement failed to locate UI element (Searching: ;[VisibleOnly]ControlType='Window' &amp;&amp; Name='Save the file as' &amp;&amp; ClassName='#32770') (The object specified was not found.)
\0&lt;/a&gt;
E, 3504, 25, 2013/05/23, 18:02:18.712, 2871229802893, QTAgent32.exe, Playback - [IMAGE] C:\Users\testuser\AppData\Local\Temp\UITestLogs\LastRun\RPFDA94.png
\0
W, 3504, 25, 2013/05/23, 18:02:18.712, 2871229805819, QTAgent32.exe, Playback - [WARNING] Internal warning: Couldn't find descendants that match QueryId
\0
W, 3504, 25, 2013/05/23, 18:02:18.713, 2871229813931, QTAgent32.exe, PERF WARNING: FindTopLevelWindowHelper::FindAllDescendents: took 19333 ms. Expected it to take maximum 500 ms.
W, 3504, 25, 2013/05/23, 18:02:21.355, 2871267649995, QTAgent32.exe, Playback - [WARNING] Internal warning: Smart Match failed
\0
W, 3504, 25, 2013/05/23, 18:02:22.754, 2871287675167, QTAgent32.exe, Playback - [WARNING] Internal warning: Window Not Found: [VisibleOnly]ControlType='Window' &amp;&amp; Name='Save the file as' &amp;&amp; ClassName='#32770'
\0
E, 3504, 25, 2013/05/23, 18:02:22.754, 2871287679544, QTAgent32.exe, &lt;a class=failure&gt;Playback - {88} [FAILED] Function ElementFetcher::FindScreenElement failed to locate UI element (Searching: ;[VisibleOnly]ControlType='Window' &amp;&amp; Name='Save the file as' &amp;&amp; ClassName='#32770') (The object specified was not found.)
\0&lt;/a&gt;
E, 3504, 25, 2013/05/23, 18:02:22.835, 2871288832255, QTAgent32.exe, Playback - [IMAGE] C:\Users\testuser\AppData\Local\Temp\UITestLogs\LastRun\RPFEAAC.png
\0
W, 3504, 25, 2013/05/23, 18:02:22.835, 2871288834578, QTAgent32.exe, Playback - [WARNING] Internal warning: Couldn't find descendants that match QueryId
\0
W, 3504, 25, 2013/05/23, 18:02:22.835, 2871288838782, QTAgent32.exe, PERF WARNING: FindTopLevelWindowHelper::FindAllDescendents: took 4122 ms. Expected it to take maximum 500 ms.
E, 3504, 25, 2013/05/23, 18:02:22.835, 2871288840810, QTAgent32.exe, Exception: System.Runtime.InteropServices.COMException
	Message: Error HRESULT E_FAIL has been returned from a call to a COM component.
	Stack Trace:    at Microsoft.VisualStudio.TestTools.UITest.Playback.Engine.IRPFPlayback.FindAllScreenElements(IScreenElement pScreenElementStart, String bstrQueryId, Object&amp; pvarResKeys, Int32 cResKeys, Int32 nMaxDepth, Object[]&amp; foundDescendants)
   at Microsoft.VisualStudio.TestTools.UITest.Playback.ScreenElement.FindTopLevelWindowHelper(String queryId)
	BaseExceptionMessage: Error HRESULT E_FAIL has been returned from a call to a COM component.

E, 3504, 25, 2013/05/23, 18:02:22.938, 2871290308949, QTAgent32.exe, AL: Playback Error: Microsoft.VisualStudio.TestTools.UITest.Extension.UITestControlNotFoundException: The playback failed to find the control with the given search properties. Additional Details: 
TechnologyName:  'MSAA'
ControlType:  'Window'
Name:  'Save the file as'
ClassName:  '#32770'
 ---&gt; System.Runtime.InteropServices.COMException: Error HRESULT E_FAIL has been returned from a call to a COM component.
   at Microsoft.VisualStudio.TestTools.UITest.Playback.Engine.IRPFPlayback.FindAllScreenElements(IScreenElement pScreenElementStart, String bstrQueryId, Object&amp; pvarResKeys, Int32 cResKeys, Int32 nMaxDepth, Object[]&amp; foundDescendants)
   at Microsoft.VisualStudio.TestTools.UITest.Playback.ScreenElement.FindTopLevelWindowHelper(String queryId)
   at Microsoft.VisualStudio.TestTools.UITest.Playback.ScreenElement.FindFromPartialQueryId(String queryId)
   at Microsoft.VisualStudio.TestTools.UITesting.UITestControl..ctor(String queryId)
   --- End of inner exception stack trace ---
   at Microsoft.VisualStudio.TestTools.UITesting.Playback.MapControlNotFoundException(COMException ex, IPlaybackContext context)
   at Microsoft.VisualStudio.TestTools.UITesting.Playback.MapAndThrowComException(COMException innerException, IPlaybackContext context)
   at Microsoft.VisualStudio.TestTools.UITesting.Playback.MapAndThrowException(SystemException exception, IPlaybackContext context)
   at Microsoft.VisualStudio.TestTools.UITesting.Playback.MapAndThrowException(SystemException exception, String queryId)
   at Microsoft.VisualStudio.TestTools.UITesting.UITestControl..ctor(String queryId)
   at Microsoft.VisualStudio.TestTools.UITesting.SearchHelper.SearchTopLevelWindow(ISearchArgument topLevelSearchArg, String topLevelElementQueryId)
   at Microsoft.VisualStudio.TestTools.UITesting.SearchHelper.GetTitleUpdatedTopLevelWindow(ISearchArgument topLevelSearchArg, String queryId, IList`1 windowTitles)
   at Microsoft.VisualStudio.TestTools.UITesting.SearchHelper.GetTopLevelElement(Boolean useCache, Boolean useCacheOnly, ISearchArgument searchArg, IList`1 windowTitles, Int32&amp; timeLeft)
   at Microsoft.VisualStudio.TestTools.UITesting.SearchHelper.GetElement(Boolean useCache, ISearchArgument searchArg)
   at Microsoft.VisualStudio.TestTools.UITesting.SearchHelper.Search(ISearchArgument searchArg)
   at Microsoft.VisualStudio.TestTools.UITesting.UITestControl.FindInternal()
   at Microsoft.VisualStudio.TestTools.UITesting.UITestControl.FindControlIfNecessary()
   at Microsoft.VisualStudio.TestTools.UITesting.UITestControl.Click(MouseButtons button, ModifierKeys modifierKeys, Point relativeCoordinates)
   at Microsoft.VisualStudio.TestTools.UITesting.Mouse.ClickImplementation(UITestControl control, MouseButtons button, ModifierKeys modifierKeys, Point relativeCoordinate)
   at Microsoft.VisualStudio.TestTools.UITesting.Mouse.ClickImplementationWrapper(UITestControl control, MouseButtons button, ModifierKeys modifierKeys, Point relativeCoordinate)
W, 3504, 25, 2013/05/23, 18:02:22.938, 2871290313215, QTAgent32.exe, PlaybackErrorHandler: Ignoring exception as ContinueOnError is set.
W, 3504, 25, 2013/05/23, 18:02:30.445, 2871397798637, QTAgent32.exe, Playback - [WARNING] Internal warning: Window Not Found: [VisibleOnly]ControlType='Window' &amp;&amp; Name='Personal Lines' &amp;&amp; ClassName='#32770'
\0
E, 3504, 25, 2013/05/23, 18:02:30.445, 2871397803022, QTAgent32.exe, &lt;a class=failure&gt;Playback - {89} [FAILED] Function ElementFetcher::FindScreenElement failed to locate UI element (Searching: ;[VisibleOnly]ControlType='Window' &amp;&amp; Name='Personal Lines' &amp;&amp; ClassName='#32770') (The object specified was not found.)
\0&lt;/a&gt;
E, 3504, 25, 2013/05/23, 18:02:30.526, 2871398952578, QTAgent32.exe, Playback - [IMAGE] C:\Users\testuser\AppData\Local\Temp\UITestLogs\LastRun\RPF8B8.png
\0
W, 3504, 25, 2013/05/23, 18:02:30.526, 2871398955093, QTAgent32.exe, Playback - [WARNING] Internal warning: Couldn't find descendants that match QueryId
\0
W, 3504, 25, 2013/05/23, 18:02:30.526, 2871398959333, QTAgent32.exe, PERF WARNING: FindTopLevelWindowHelper::FindAllDescendents: took 7587 ms. Expected it to take maximum 500 ms.
W, 3504, 25, 2013/05/23, 18:02:49.851, 2871675650115, QTAgent32.exe, Playback - [WARNING] Internal warning: Window Not Found: [VisibleOnly]ControlType='Window' &amp;&amp; Name='Personal Lines' &amp;&amp; ClassName='#32770'
\0
E, 3504, 25, 2013/05/23, 18:02:49.851, 2871675660237, QTAgent32.exe, &lt;a class=failure&gt;Playback - {90} [FAILED] Function ElementFetcher::FindScreenElement failed to locate UI element (Searching: ;[VisibleOnly]ControlType='Window' &amp;&amp; Name='Personal Lines' &amp;&amp; ClassName='#32770') (The object specified was not found.)
\0&lt;/a&gt;
E, 3504, 25, 2013/05/23, 18:02:49.935, 2871676860349, QTAgent32.exe, Playback - [IMAGE] C:\Users\testuser\AppData\Local\Temp\UITestLogs\LastRun\RPF5487.png
\0
W, 3504, 25, 2013/05/23, 18:02:49.935, 2871676862890, QTAgent32.exe, Playback - [WARNING] Internal warning: Couldn't find descendants that match QueryId
\0
W, 3504, 25, 2013/05/23, 18:02:49.936, 2871676872628, QTAgent32.exe, PERF WARNING: FindTopLevelWindowHelper::FindAllDescendents: took 19409 ms. Expected it to take maximum 500 ms.
W, 3504, 25, 2013/05/23, 18:02:52.589, 2871714867485, QTAgent32.exe, Playback - [WARNING] Internal warning: Smart Match failed
\0
W, 3504, 25, 2013/05/23, 18:02:53.982, 2871734811245, QTAgent32.exe, Playback - [WARNING] Internal warning: Window Not Found: [VisibleOnly]ControlType='Window' &amp;&amp; Name='Personal Lines' &amp;&amp; ClassName='#32770'
\0
E, 3504, 25, 2013/05/23, 18:02:53.983, 2871734815720, QTAgent32.exe, &lt;a class=failure&gt;Playback - {91} [FAILED] Function ElementFetcher::FindScreenElement failed to locate UI element (Searching: ;[VisibleOnly]ControlType='Window' &amp;&amp; Name='Personal Lines' &amp;&amp; ClassName='#32770') (The object specified was not found.)
\0&lt;/a&gt;
E, 3504, 25, 2013/05/23, 18:02:54.062, 2871735953793, QTAgent32.exe, Playback - [IMAGE] C:\Users\testuser\AppData\Local\Temp\UITestLogs\LastRun\RPF64AE.png
\0
W, 3504, 25, 2013/05/23, 18:02:54.062, 2871735956057, QTAgent32.exe, Playback - [WARNING] Internal warning: Couldn't find descendants that match QueryId
\0
W, 3504, 25, 2013/05/23, 18:02:54.063, 2871735960546, QTAgent32.exe, PERF WARNING: FindTopLevelWindowHelper::FindAllDescendents: took 4126 ms. Expected it to take maximum 500 ms.
E, 3504, 25, 2013/05/23, 18:02:54.063, 2871735962747, QTAgent32.exe, Exception: System.Runtime.InteropServices.COMException
	Message: Error HRESULT E_FAIL has been returned from a call to a COM component.
	Stack Trace:    at Microsoft.VisualStudio.TestTools.UITest.Playback.Engine.IRPFPlayback.FindAllScreenElements(IScreenElement pScreenElementStart, String bstrQueryId, Object&amp; pvarResKeys, Int32 cResKeys, Int32 nMaxDepth, Object[]&amp; foundDescendants)
   at Microsoft.VisualStudio.TestTools.UITest.Playback.ScreenElement.FindTopLevelWindowHelper(String queryId)
	BaseExceptionMessage: Error HRESULT E_FAIL has been returned from a call to a COM component.

E, 3504, 25, 2013/05/23, 18:02:54.063, 2871735968076, QTAgent32.exe, Window 6030598 not responding. Last Win32 error 0
E, 3504, 25, 2013/05/23, 18:02:54.063, 2871735969376, QTAgent32.exe, GetClassName for handle 6030598 failed
E, 3504, 25, 2013/05/23, 18:02:54.164, 2871737411763, QTAgent32.exe, AL: Playback Error: Microsoft.VisualStudio.TestTools.UITest.Extension.UITestControlNotAvailableException: The control is not available or not valid. Additional Details: 
TechnologyName:  'MSAA'
Name:  'Personal Lines'
ClassName:  '#32770'
ControlType:  'Window'
 ---&gt; System.Runtime.InteropServices.COMException: Error HRESULT E_FAIL has been returned from a call to a COM component.
   at Microsoft.VisualStudio.TestTools.UITest.Playback.Engine.IRPFPlayback.FindAllScreenElements(IScreenElement pScreenElementStart, String bstrQueryId, Object&amp; pvarResKeys, Int32 cResKeys, Int32 nMaxDepth, Object[]&amp; foundDescendants)
   at Microsoft.VisualStudio.TestTools.UITest.Playback.ScreenElement.FindTopLevelWindowHelper(String queryId)
   at Microsoft.VisualStudio.TestTools.UITest.Playback.ScreenElement.FindFromPartialQueryId(String queryId)
   at Microsoft.VisualStudio.TestTools.UITesting.UITestControl.EnsureValid(Boolean waitForReady, Boolean refetch)
   --- End of inner exception stack trace ---
   at Microsoft.VisualStudio.TestTools.UITesting.UITestControl.EnsureValid(Boolean waitForReady, Boolean refetch)
   at Microsoft.VisualStudio.TestTools.UITesting.UITestControl.FindFirstDescendant(String queryId, Int32 maxDepth, Int32&amp; timeLeft)
   at Microsoft.VisualStudio.TestTools.UITesting.SearchHelper.GetElement(Boolean useCache, ISearchArgument searchArg)
   at Microsoft.VisualStudio.TestTools.UITesting.SearchHelper.Search(ISearchArgument searchArg)
   at Microsoft.VisualStudio.TestTools.UITesting.UITestControl.FindInternal()
   at Microsoft.VisualStudio.TestTools.UITesting.UITestControl.FindControlIfNecessary()
   at Microsoft.VisualStudio.TestTools.UITesting.UITestControl.Click(MouseButtons button, ModifierKeys modifierKeys, Point relativeCoordinates)
   at Microsoft.VisualStudio.TestTools.UITesting.Mouse.ClickImplementation(UITestControl control, MouseButtons button, ModifierKeys modifierKeys, Point relativeCoordinate)
   at Microsoft.VisualStudio.TestTools.UITesting.Mouse.ClickImplementationWrapper(UITestControl control, MouseButtons button, ModifierKeys modifierKeys, Point relativeCoordinate)
W, 3504, 25, 2013/05/23, 18:02:54.164, 2871737415125, QTAgent32.exe, PlaybackErrorHandler: Ignoring exception as ContinueOnError is set.
W, 3504, 25, 2013/05/23, 18:02:54.451, 2871741524172, QTAgent32.exe, &lt;a class=success&gt;Playback - {92} [SUCCESS] MouseButtonClick - "[MSAA, VisibleOnly]ControlType='Button' &amp;&amp; Name='Ok'"
\0&lt;/a&gt;
W, 3504, 25, 2013/05/23, 18:02:54.735, 2871745593337, QTAgent32.exe, &lt;a class=success&gt;Playback - {93} [SUCCESS] MouseButtonClick - "[MSAA, VisibleOnly]ControlType='Button' &amp;&amp; Name='Ok'"
\0&lt;/a&gt;
W, 3504, 25, 2013/05/23, 18:02:56.877, 2871776256806, QTAgent32.exe, &lt;a class=success&gt;Playback - {94} [SUCCESS] SetValueAsEditBox "B338TH" - "[MSAA, VisibleOnly]ControlType='Edit'"  &lt; Set via SendKeys &gt;
\0&lt;/a&gt;
W, 3504, 25, 2013/05/23, 18:02:59.108, 2871808197821, QTAgent32.exe, &lt;a class=success&gt;Playback - {95} [SUCCESS] MouseButtonClick - "[MSAA, VisibleOnly]ControlType='Button' &amp;&amp; Name='Lookup...'"
\0&lt;/a&gt;
W, 3504, 25, 2013/05/23, 18:02:59.356, 2871811750597, QTAgent32.exe, &lt;a class=success&gt;Playback - {96} [SUCCESS] MouseButtonClick - "[MSAA, VisibleOnly]ControlType='Button' &amp;&amp; Name='Ok'"
\0&lt;/a&gt;
W, 3504, 25, 2013/05/23, 18:02:59.661, 2871816124881, QTAgent32.exe, &lt;a class=success&gt;Playback - {97} [SUCCESS] MouseButtonClick - "[MSAA, VisibleOnly]ControlType='Button' &amp;&amp; Name='Confirm'"
\0&lt;/a&gt;
W, 3504, 25, 2013/05/23, 18:03:17.614, 2872073166627, QTAgent32.exe, Playback - [WARNING] Internal warning: Window Not Found: [VisibleOnly]ControlType='Window' &amp;&amp; Name='Personal Lines' &amp;&amp; ClassName='#32770'
\0
E, 3504, 25, 2013/05/23, 18:03:17.614, 2872073172897, QTAgent32.exe, &lt;a class=failure&gt;Playback - {98} [FAILED] Function ElementFetcher::FindScreenElement failed to locate UI element (Searching: ;[VisibleOnly]ControlType='Window' &amp;&amp; Name='Personal Lines' &amp;&amp; ClassName='#32770') (The object specified was not found.)
\0&lt;/a&gt;
E, 3504, 25, 2013/05/23, 18:03:17.724, 2872074740412, QTAgent32.exe, Playback - [IMAGE] C:\Users\testuser\AppData\Local\Temp\UITestLogs\LastRun\RPFC111.png
\0
W, 3504, 25, 2013/05/23, 18:03:17.724, 2872074742836, QTAgent32.exe, Playback - [WARNING] Internal warning: Couldn't find descendants that match QueryId
\0
W, 3504, 25, 2013/05/23, 18:03:17.724, 2872074746612, QTAgent32.exe, PERF WARNING: FindTopLevelWindowHelper::FindAllDescendents: took 17962 ms. Expected it to take maximum 500 ms.
W, 3504, 25, 2013/05/23, 18:03:36.896, 2872349247926, QTAgent32.exe, Playback - [WARNING] Internal warning: Window Not Found: [VisibleOnly]ControlType='Window' &amp;&amp; Name='Personal Lines' &amp;&amp; ClassName='#32770'
\0
E, 3504, 25, 2013/05/23, 18:03:36.896, 2872349256616, QTAgent32.exe, &lt;a class=failure&gt;Playback - {99} [FAILED] Function ElementFetcher::FindScreenElement failed to locate UI element (Searching: ;[VisibleOnly]ControlType='Window' &amp;&amp; Name='Personal Lines' &amp;&amp; ClassName='#32770') (The object specified was not found.)
\0&lt;/a&gt;
E, 3504, 25, 2013/05/23, 18:03:36.979, 2872350448375, QTAgent32.exe, Playback - [IMAGE] C:\Users\testuser\AppData\Local\Temp\UITestLogs\LastRun\RPFC54.png
\0
W, 3504, 25, 2013/05/23, 18:03:36.980, 2872350451035, QTAgent32.exe, Playback - [WARNING] Internal warning: Couldn't find descendants that match QueryId
\0
W, 3504, 25, 2013/05/23, 18:03:36.980, 2872350458584, QTAgent32.exe, PERF WARNING: FindTopLevelWindowHelper::FindAllDescendents: took 19255 ms. Expected it to take maximum 500 ms.
W, 3504, 25, 2013/05/23, 18:03:39.618, 2872388236044, QTAgent32.exe, Playback - [WARNING] Internal warning: Smart Match failed
\0
W, 3504, 25, 2013/05/23, 18:03:41.010, 2872408159261, QTAgent32.exe, Playback - [WARNING] Internal warning: Window Not Found: [VisibleOnly]ControlType='Window' &amp;&amp; Name='Personal Lines' &amp;&amp; ClassName='#32770'
\0
E, 3504, 25, 2013/05/23, 18:03:41.010, 2872408162839, QTAgent32.exe, &lt;a class=failure&gt;Playback - {100} [FAILED] Function ElementFetcher::FindScreenElement failed to locate UI element (Searching: ;[VisibleOnly]ControlType='Window' &amp;&amp; Name='Personal Lines' &amp;&amp; ClassName='#32770') (The object specified was not found.)
\0&lt;/a&gt;
E, 3504, 25, 2013/05/23, 18:03:41.096, 2872409388716, QTAgent32.exe, Playback - [IMAGE] C:\Users\testuser\AppData\Local\Temp\UITestLogs\LastRun\RPF1C5C.png
\0
W, 3504, 25, 2013/05/23, 18:03:41.096, 2872409391719, QTAgent32.exe, Playback - [WARNING] Internal warning: Couldn't find descendants that match QueryId
\0
W, 3504, 25, 2013/05/23, 18:03:41.096, 2872409395234, QTAgent32.exe, PERF WARNING: FindTopLevelWindowHelper::FindAllDescendents: took 4115 ms. Expected it to take maximum 500 ms.
E, 3504, 25, 2013/05/23, 18:03:41.096, 2872409397324, QTAgent32.exe, Exception: System.Runtime.InteropServices.COMException
	Message: Error HRESULT E_FAIL has been returned from a call to a COM component.
	Stack Trace:    at Microsoft.VisualStudio.TestTools.UITest.Playback.Engine.IRPFPlayback.FindAllScreenElements(IScreenElement pScreenElementStart, String bstrQueryId, Object&amp; pvarResKeys, Int32 cResKeys, Int32 nMaxDepth, Object[]&amp; foundDescendants)
   at Microsoft.VisualStudio.TestTools.UITest.Playback.ScreenElement.FindTopLevelWindowHelper(String queryId)
	BaseExceptionMessage: Error HRESULT E_FAIL has been returned from a call to a COM component.

E, 3504, 25, 2013/05/23, 18:03:41.097, 2872409402345, QTAgent32.exe, Window 6030598 not responding. Last Win32 error 0
E, 3504, 25, 2013/05/23, 18:03:41.097, 2872409403630, QTAgent32.exe, GetClassName for handle 6030598 failed
E, 3504, 25, 2013/05/23, 18:03:41.198, 2872410850527, QTAgent32.exe, AL: Playback Error: Microsoft.VisualStudio.TestTools.UITest.Extension.UITestControlNotAvailableException: The control is not available or not valid. Additional Details: 
TechnologyName:  'MSAA'
Name:  'Personal Lines'
ClassName:  '#32770'
ControlType:  'Window'
 ---&gt; System.Runtime.InteropServices.COMException: Error HRESULT E_FAIL has been returned from a call to a COM component.
   at Microsoft.VisualStudio.TestTools.UITest.Playback.Engine.IRPFPlayback.FindAllScreenElements(IScreenElement pScreenElementStart, String bstrQueryId, Object&amp; pvarResKeys, Int32 cResKeys, Int32 nMaxDepth, Object[]&amp; foundDescendants)
   at Microsoft.VisualStudio.TestTools.UITest.Playback.ScreenElement.FindTopLevelWindowHelper(String queryId)
   at Microsoft.VisualStudio.TestTools.UITest.Playback.ScreenElement.FindFromPartialQueryId(String queryId)
   at Microsoft.VisualStudio.TestTools.UITesting.UITestControl.EnsureValid(Boolean waitForReady, Boolean refetch)
   --- End of inner exception stack trace ---
   at Microsoft.VisualStudio.TestTools.UITesting.UITestControl.EnsureValid(Boolean waitForReady, Boolean refetch)
   at Microsoft.VisualStudio.TestTools.UITesting.UITestControl.FindFirstDescendant(String queryId, Int32 maxDepth, Int32&amp; timeLeft)
   at Microsoft.VisualStudio.TestTools.UITesting.SearchHelper.GetElement(Boolean useCache, ISearchArgument searchArg)
   at Microsoft.VisualStudio.TestTools.UITesting.SearchHelper.Search(ISearchArgument searchArg)
   at Microsoft.VisualStudio.TestTools.UITesting.UITestControl.FindInternal()
   at Microsoft.VisualStudio.TestTools.UITesting.UITestControl.FindControlIfNecessary()
   at Microsoft.VisualStudio.TestTools.UITesting.UITestControl.Click(MouseButtons button, ModifierKeys modifierKeys, Point relativeCoordinates)
   at Microsoft.VisualStudio.TestTools.UITesting.Mouse.ClickImplementation(UITestControl control, MouseButtons button, ModifierKeys modifierKeys, Point relativeCoordinate)
   at Microsoft.VisualStudio.TestTools.UITesting.Mouse.ClickImplementationWrapper(UITestControl control, MouseButtons button, ModifierKeys modifierKeys, Point relativeCoordinate)
W, 3504, 25, 2013/05/23, 18:03:41.198, 2872410854613, QTAgent32.exe, PlaybackErrorHandler: Ignoring exception as ContinueOnError is set.
W, 3504, 25, 2013/05/23, 18:03:41.338, 2872412861830, QTAgent32.exe, &lt;a class=success&gt;Playback - {101} [SUCCESS] Check - "[MSAA, VisibleOnly]ControlType='CheckBox' &amp;&amp; Name='Defer Printing?'"
\0&lt;/a&gt;
W, 3504, 25, 2013/05/23, 18:03:41.875, 2872420548159, QTAgent32.exe, &lt;a class=success&gt;Playback - {102} [SUCCESS] MouseButtonClick - "[MSAA, VisibleOnly]ControlType='Button' &amp;&amp; Name='Ok'"
\0&lt;/a&gt;
W, 3504, 25, 2013/05/23, 18:03:42.979, 2872436350496, QTAgent32.exe, PERF WARNING: FindTopLevelWindowHelper::FindAllDescendents: took 1003 ms. Expected it to take maximum 500 ms.
W, 3504, 25, 2013/05/23, 18:03:43.122, 2872438400636, QTAgent32.exe, &lt;a class=success&gt;Playback - {103} [SUCCESS] Uncheck - "[MSAA, VisibleOnly]ControlType='CheckBox' &amp;&amp; Name='Add Activity'"
\0&lt;/a&gt;
W, 3504, 25, 2013/05/23, 18:03:43.702, 2872446706125, QTAgent32.exe, &lt;a class=success&gt;Playback - {104} [SUCCESS] MouseButtonClick - "[MSAA, VisibleOnly]ControlType='Button' &amp;&amp; Name='Ok'"
\0&lt;/a&gt;
W, 3504, 25, 2013/05/23, 18:03:43.969, 2872450538382, QTAgent32.exe, &lt;a class=success&gt;Playback - {105} [SUCCESS] MouseButtonClick - "[MSAA, VisibleOnly]ControlType='Button' &amp;&amp; Name='Ok'"
\0&lt;/a&gt;
W, 3504, 25, 2013/05/23, 18:03:48.950, 2872521843090, QTAgent32.exe, Playback - [WARNING] Internal warning: Window Not Found: [VisibleOnly]ControlType='Window' &amp;&amp; Name='Transaction to insert' &amp;&amp; ClassName='TfSelectItem'
\0
E, 3504, 25, 2013/05/23, 18:03:48.950, 2872521847621, QTAgent32.exe, &lt;a class=failure&gt;Playback - {106} [FAILED] Function ElementFetcher::FindScreenElement failed to locate UI element (Searching: ;[VisibleOnly]ControlType='Window' &amp;&amp; Name='Transaction to insert' &amp;&amp; ClassName='TfSelectItem') (The object specified was not found.)
\0&lt;/a&gt;
E, 3504, 25, 2013/05/23, 18:03:49.030, 2872522994133, QTAgent32.exe, Playback - [IMAGE] C:\Users\testuser\AppData\Local\Temp\UITestLogs\LastRun\RPF3B61.png
\0
W, 3504, 25, 2013/05/23, 18:03:49.030, 2872522996448, QTAgent32.exe, Playback - [WARNING] Internal warning: Couldn't find descendants that match QueryId
\0
W, 3504, 25, 2013/05/23, 18:03:49.031, 2872523000198, QTAgent32.exe, PERF WARNING: FindTopLevelWindowHelper::FindAllDescendents: took 4960 ms. Expected it to take maximum 500 ms.
W, 3504, 25, 2013/05/23, 18:04:07.402, 2872786047359, QTAgent32.exe, Playback - [WARNING] Internal warning: Window Not Found: [VisibleOnly]ControlType='Window' &amp;&amp; Name='Transaction to insert' &amp;&amp; ClassName='TfSelectItem'
\0
E, 3504, 25, 2013/05/23, 18:04:07.402, 2872786051338, QTAgent32.exe, &lt;a class=failure&gt;Playback - {107} [FAILED] Function ElementFetcher::FindScreenElement failed to locate UI element (Searching: ;[VisibleOnly]ControlType='Window' &amp;&amp; Name='Transaction to insert' &amp;&amp; ClassName='TfSelectItem') (The object specified was not found.)
\0&lt;/a&gt;
E, 3504, 25, 2013/05/23, 18:04:07.497, 2872787409548, QTAgent32.exe, Playback - [IMAGE] C:\Users\testuser\AppData\Local\Temp\UITestLogs\LastRun\RPF8379.png
\0
W, 3504, 25, 2013/05/23, 18:04:07.497, 2872787412143, QTAgent32.exe, Playback - [WARNING] Internal warning: Couldn't find descendants that match QueryId
\0
W, 3504, 25, 2013/05/23, 18:04:07.497, 2872787415239, QTAgent32.exe, PERF WARNING: FindTopLevelWindowHelper::FindAllDescendents: took 18466 ms. Expected it to take maximum 500 ms.
W, 3504, 25, 2013/05/23, 18:04:08.248, 2872798156269, QTAgent32.exe, Playback - [WARNING] Internal warning: Smart Match failed
\0
W, 3504, 25, 2013/05/23, 18:04:09.093, 2872810258798, QTAgent32.exe, Playback - [WARNING] Internal warning: Smart Match failed
\0
W, 3504, 25, 2013/05/23, 18:04:09.911, 2872821972746, QTAgent32.exe, Playback - [WARNING] Internal warning: Smart Match failed
\0
W, 3504, 25, 2013/05/23, 18:04:10.713, 2872833452498, QTAgent32.exe, Playback - [WARNING] Internal warning: Smart Match failed
\0
W, 3504, 25, 2013/05/23, 18:04:11.223, 2872840756961, QTAgent32.exe, Playback - [WARNING] Internal warning: Window Not Found: [VisibleOnly]ControlType='Window' &amp;&amp; Name='Transaction to insert' &amp;&amp; ClassName='TfSelectItem'
\0
E, 3504, 25, 2013/05/23, 18:04:11.223, 2872840761767, QTAgent32.exe, &lt;a class=failure&gt;Playback - {108} [FAILED] Function ElementFetcher::FindScreenElement failed to locate UI element (Searching: ;[VisibleOnly]ControlType='Window' &amp;&amp; Name='Transaction to insert' &amp;&amp; ClassName='TfSelectItem') (The object specified was not found.)
\0&lt;/a&gt;
E, 3504, 25, 2013/05/23, 18:04:11.312, 2872842028003, QTAgent32.exe, Playback - [IMAGE] C:\Users\testuser\AppData\Local\Temp\UITestLogs\LastRun\RPF9268.png
\0
W, 3504, 25, 2013/05/23, 18:04:11.312, 2872842030480, QTAgent32.exe, Playback - [WARNING] Internal warning: Couldn't find descendants that match QueryId
\0
W, 3504, 25, 2013/05/23, 18:04:11.312, 2872842037923, QTAgent32.exe, PERF WARNING: FindTopLevelWindowHelper::FindAllDescendents: took 3814 ms. Expected it to take maximum 500 ms.
E, 3504, 25, 2013/05/23, 18:04:11.312, 2872842040449, QTAgent32.exe, Exception: System.Runtime.InteropServices.COMException
	Message: Error HRESULT E_FAIL has been returned from a call to a COM component.
	Stack Trace:    at Microsoft.VisualStudio.TestTools.UITest.Playback.Engine.IRPFPlayback.FindAllScreenElements(IScreenElement pScreenElementStart, String bstrQueryId, Object&amp; pvarResKeys, Int32 cResKeys, Int32 nMaxDepth, Object[]&amp; foundDescendants)
   at Microsoft.VisualStudio.TestTools.UITest.Playback.ScreenElement.FindTopLevelWindowHelper(String queryId)
	BaseExceptionMessage: Error HRESULT E_FAIL has been returned from a call to a COM component.

E, 3504, 25, 2013/05/23, 18:04:11.313, 2872842045667, QTAgent32.exe, Window 1313100 not responding. Last Win32 error 0
E, 3504, 25, 2013/05/23, 18:04:11.313, 2872842046869, QTAgent32.exe, GetClassName for handle 1313100 failed
E, 3504, 25, 2013/05/23, 18:04:11.313, 2872842053177, QTAgent32.exe, Window 4130016 not responding. Last Win32 error 1400
E, 3504, 25, 2013/05/23, 18:04:11.313, 2872842054039, QTAgent32.exe, GetClassName for handle 4130016 failed
E, 3504, 25, 2013/05/23, 18:04:11.414, 2872843496418, QTAgent32.exe, AL: Playback Error: Microsoft.VisualStudio.TestTools.UITest.Extension.UITestControlNotAvailableException: The control is not available or not valid. Additional Details: 
TechnologyName:  'MSAA'
Name:  'Ok'
ControlType:  'Button'
 ---&gt; Microsoft.VisualStudio.TestTools.UITest.Extension.UITestControlNotAvailableException: The control is not available or not valid. Additional Details: 
TechnologyName:  'MSAA'
Name:  'Transaction to insert'
ClassName:  'TfSelectItem'
ControlType:  'Window'
 ---&gt; System.Runtime.InteropServices.COMException: Error HRESULT E_FAIL has been returned from a call to a COM component.
   at Microsoft.VisualStudio.TestTools.UITest.Playback.Engine.IRPFPlayback.FindAllScreenElements(IScreenElement pScreenElementStart, String bstrQueryId, Object&amp; pvarResKeys, Int32 cResKeys, Int32 nMaxDepth, Object[]&amp; foundDescendants)
   at Microsoft.VisualStudio.TestTools.UITest.Playback.ScreenElement.FindTopLevelWindowHelper(String queryId)
   at Microsoft.VisualStudio.TestTools.UITest.Playback.ScreenElement.FindFromPartialQueryId(String queryId)
   at Microsoft.VisualStudio.TestTools.UITesting.UITestControl.EnsureValid(Boolean waitForReady, Boolean refetch)
   --- End of inner exception stack trace ---
   at Microsoft.VisualStudio.TestTools.UITesting.UITestControl.EnsureValid(Boolean waitForReady, Boolean refetch)
   at Microsoft.VisualStudio.TestTools.UITesting.UITestControl.FindFirstDescendant(String queryId, Int32 maxDepth, Int32&amp; timeLeft)
   at Microsoft.VisualStudio.TestTools.UITesting.UITestControl.FindFirstDescendant(String queryId)
   at Microsoft.VisualStudio.TestTools.UITesting.UITestControl.EnsureValid(Boolean waitForReady, Boolean refetch)
   --- End of inner exception stack trace ---
   at Microsoft.VisualStudio.TestTools.UITesting.UITestControl.EnsureValid(Boolean waitForReady, Boolean refetch)
   at Microsoft.VisualStudio.TestTools.UITesting.UITestControl.Click(MouseButtons button, ModifierKeys modifierKeys, Point relativeCoordinates)
   at Microsoft.VisualStudio.TestTools.UITesting.Mouse.ClickImplementation(UITestControl control, MouseButtons button, ModifierKeys modifierKeys, Point relativeCoordinate)
   at Microsoft.VisualStudio.TestTools.UITesting.Mouse.ClickImplementationWrapper(UITestControl control, MouseButtons button, ModifierKeys modifierKeys, Point relativeCoordinate)
W, 3504, 25, 2013/05/23, 18:04:11.414, 2872843499267, QTAgent32.exe, PlaybackErrorHandler: Ignoring exception as ContinueOnError is set.
W, 3504, 25, 2013/05/23, 18:04:13.600, 2872874796500, QTAgent32.exe, &lt;a class=success&gt;Playback - {109} [SUCCESS] MouseButtonClick - "[MSAA, VisibleOnly]ControlType='Button' &amp;&amp; Name='OK'"
\0&lt;/a&gt;
W, 3504, 25, 2013/05/23, 18:04:13.906, 2872879172200, QTAgent32.exe, &lt;a class=success&gt;Playback - {110} [SUCCESS] MouseButtonClick - "[MSAA, VisibleOnly]ControlType='Button' &amp;&amp; Name='Cancel'"
\0&lt;/a&gt;
W, 3504, 25, 2013/05/23, 18:04:14.332, 2872885271060, QTAgent32.exe, &lt;a class=success&gt;Playback - {111} [SUCCESS] MouseButtonClick - "[MSAA, VisibleOnly]ControlType='Button'"
\0&lt;/a&gt;
W, 3504, 25, 2013/05/23, 18:04:14.601, 2872889123144, QTAgent32.exe, &lt;a class=success&gt;Playback - {112} [SUCCESS] MouseButtonClick - "[MSAA, VisibleOnly]ControlType='Button' &amp;&amp; Name='Options'"
\0&lt;/a&gt;
W, 3504, 25, 2013/05/23, 18:04:14.708, 2872890660757, QTAgent32.exe, FindScreenElementInSinglePass : Attempting to find control in one pass of search. Failures can occur.
W, 3504, 25, 2013/05/23, 18:04:14.721, 2872890845874, QTAgent32.exe, Playback - [WARNING] Internal failure: Method GetBoundingRectangle failed (HRESULT = 0x1, "Incorrect function.") for Name = "Quote Select List" ," ControlType = "MenuItem"
\0
W, 3504, 25, 2013/05/23, 18:04:14.721, 2872890847951, QTAgent32.exe, Playback - [WARNING] Internal failure: Couldn't get clickable point for ScreenUIElement - GetClickablePoint failed
\0
W, 3504, 25, 2013/05/23, 18:04:14.722, 2872890851841, QTAgent32.exe, FindScreenElementInSinglePass : Attempting to find control in one pass of search. Failures can occur.
W, 3504, 25, 2013/05/23, 18:04:14.724, 2872890893612, QTAgent32.exe, FindScreenElementInSinglePass : Attempting to find control in one pass of search. Failures can occur.
W, 3504, 25, 2013/05/23, 18:04:14.845, 2872892624725, QTAgent32.exe, &lt;a class=success&gt;Playback - {113} [SUCCESS] LeftButtonClick - "[MSAA, VisibleOnly]ControlType='MenuBar' &amp;&amp; Name='Application'"  &lt; Mouse cursor location (960, 31) &gt;
\0&lt;/a&gt;
W, 3504, 25, 2013/05/23, 18:04:14.959, 2872894256880, QTAgent32.exe, &lt;a class=success&gt;Playback - {114} [SUCCESS] LeftButtonClick - "[MSAA]ControlType='MenuItem' &amp;&amp; Name='Options'"  &lt; Mouse cursor location (94, 31) &gt;
\0&lt;/a&gt;
W, 3504, 25, 2013/05/23, 18:04:15.393, 2872900472753, QTAgent32.exe, &lt;a class=success&gt;Playback - {115} [SUCCESS] LeftButtonClick - "[MSAA]ControlType='MenuItem' &amp;&amp; Name='Links'"  &lt; Mouse cursor location (174, 319) &gt;
\0&lt;/a&gt;
W, 3504, 25, 2013/05/23, 18:04:16.283, 2872913208567, QTAgent32.exe, &lt;a class=success&gt;Playback - {116} [SUCCESS] LeftButtonClick - "[MSAA]ControlType='MenuItem' &amp;&amp; Name='3rd Party Integration'"  &lt; Mouse cursor location (375, 319) &gt;
\0&lt;/a&gt;
W, 3504, 25, 2013/05/23, 18:04:16.718, 2872919439987, QTAgent32.exe, &lt;a class=success&gt;Playback - {117} [SUCCESS] MouseButtonClick - "[MSAA]ControlType='MenuItem' &amp;&amp; Name='Quote Select List'"
\0&lt;/a&gt;
W, 3504, 25, 2013/05/23, 18:04:17.337, 2872928301413, QTAgent32.exe, Playback - [WARNING] Internal warning: Window Not Found: [VisibleOnly]ControlType='Window' &amp;&amp; Name='Current Or Future' &amp;&amp; ClassName='TfCurrentOrFuture'
\0
E, 3504, 25, 2013/05/23, 18:04:17.337, 2872928304290, QTAgent32.exe, &lt;a class=failure&gt;Playback - {118} [FAILED] Function ElementFetcher::FindScreenElement failed to locate UI element (Searching: ;[VisibleOnly]ControlType='Window' &amp;&amp; Name='Current Or Future' &amp;&amp; ClassName='TfCurrentOrFuture') (The object specified was not found.)
\0&lt;/a&gt;
E, 3504, 25, 2013/05/23, 18:04:17.414, 2872929400670, QTAgent32.exe, Playback - [IMAGE] C:\Users\testuser\AppData\Local\Temp\UITestLogs\LastRun\RPFAA4C.png
\0
W, 3504, 25, 2013/05/23, 18:04:17.414, 2872929403149, QTAgent32.exe, Playback - [WARNING] Internal warning: Couldn't find descendants that match QueryId
\0
W, 3504, 25, 2013/05/23, 18:04:17.414, 2872929405902, QTAgent32.exe, PERF WARNING: FindTopLevelWindowHelper::FindAllDescendents: took 595 ms. Expected it to take maximum 500 ms.
W, 3504, 25, 2013/05/23, 18:04:19.436, 2872958349287, QTAgent32.exe, PERF WARNING: FindTopLevelWindowHelper::FindAllDescendents: took 2021 ms. Expected it to take maximum 500 ms.
W, 3504, 25, 2013/05/23, 18:04:19.581, 2872960433030, QTAgent32.exe, &lt;a class=success&gt;Playback - {119} [SUCCESS] MouseButtonClick - "[MSAA, VisibleOnly]ControlType='Button' &amp;&amp; Name='Ok'"
\0&lt;/a&gt;
W, 3504, 25, 2013/05/23, 18:04:23.019, 2873009657975, QTAgent32.exe, PERF WARNING: FindTopLevelWindowHelper::FindAllDescendents: took 3327 ms. Expected it to take maximum 500 ms.
W, 3504, 25, 2013/05/23, 18:04:23.425, 2873015464101, QTAgent32.exe, &lt;a class=success&gt;Playback - {120} [SUCCESS] MouseButtonClick - "[MSAA, VisibleOnly]ControlType='Button' &amp;&amp; Name='MTA'"
\0&lt;/a&gt;
W, 3504, 25, 2013/05/23, 18:04:24.848, 2873035845036, QTAgent32.exe, PERF WARNING: FindTopLevelWindowHelper::FindAllDescendents: took 1319 ms. Expected it to take maximum 500 ms.
W, 3504, 25, 2013/05/23, 18:04:26.646, 2873061591544, QTAgent32.exe, Playback - [WARNING] Internal warning: Incorrect flag set for InvokeProgrammaticAction\0
W, 3504, 25, 2013/05/23, 18:04:26.768, 2873063332563, QTAgent32.exe, &lt;a class=success&gt;Playback - {121} [SUCCESS] SetValueAsComboBox "General Adjustment" - "[MSAA, VisibleOnly]ControlType='ComboBox'"  &lt; SetValueAsComboBox, set by clicking on the item in the list box &gt;
\0&lt;/a&gt;
W, 3504, 25, 2013/05/23, 18:04:27.090, 2873067942757, QTAgent32.exe, &lt;a class=success&gt;Playback - {122} [SUCCESS] MouseButtonClick - "[MSAA, VisibleOnly]ControlType='Button' &amp;&amp; Name='OK'"
\0&lt;/a&gt;
W, 3504, 25, 2013/05/23, 18:04:27.223, 2873069845591, QTAgent32.exe, Playback - [WARNING] Internal warning: Thread state based WFR - Requested element has invalid HWND
\0
W, 3504, 25, 2013/05/23, 18:04:27.223, 2873069847805, QTAgent32.exe, Playback - [WARNING] Internal warning: process performance counters based WFR - Requested element has invalid HWND
\0
E, 3504, 25, 2013/05/23, 18:04:27.223, 2873069852568, QTAgent32.exe, EnsureValid called via EnsureValid call for same element
E, 3504, 25, 2013/05/23, 18:04:27.223, 2873069855507, QTAgent32.exe, EnsureValid called via EnsureValid call for same element
E, 3504, 25, 2013/05/23, 18:04:27.223, 2873069857250, QTAgent32.exe, EnsureValid called via EnsureValid call for same element
E, 3504, 25, 2013/05/23, 18:04:27.236, 2873070033283, QTAgent32.exe, Window 1050896 not responding. Last Win32 error 0
E, 3504, 25, 2013/05/23, 18:04:27.236, 2873070036175, QTAgent32.exe, GetClassName for handle 1050896 failed
W, 3504, 25, 2013/05/23, 18:04:28.038, 2873081510001, QTAgent32.exe, &lt;a class=success&gt;Playback - {123} [SUCCESS] SendKeys "^{HOME}" - "[MSAA, VisibleOnly]ControlType='Edit'"
\0&lt;/a&gt;
E, 3504, 25, 2013/05/23, 18:04:28.038, 2873081513596, QTAgent32.exe, Msaa.GetFocusedElement: could not find accessible object of foreground window
W, 3504, 25, 2013/05/23, 18:04:28.103, 2873082440690, QTAgent32.exe, &lt;a class=success&gt;Playback - {124} [SUCCESS] SendKeys "^+{END}" - "[MSAA, VisibleOnly]ControlType='Edit'"
\0&lt;/a&gt;
E, 3504, 25, 2013/05/23, 18:04:28.103, 2873082443970, QTAgent32.exe, Msaa.GetFocusedElement: could not find accessible object of foreground window
W, 3504, 25, 2013/05/23, 18:04:28.118, 2873082664896, QTAgent32.exe, &lt;a class=success&gt;Playback - {125} [SUCCESS] SendKeys "{DELETE}" - "[MSAA, VisibleOnly]ControlType='Edit'"
\0&lt;/a&gt;
W, 3504, 25, 2013/05/23, 18:04:29.080, 2873096432696, QTAgent32.exe, &lt;a class=success&gt;Playback - {126} [SUCCESS] SetValueAsEditBox "NewTest" - "[MSAA, VisibleOnly]ControlType='Edit'"  &lt; Set via SendKeys &gt;
\0&lt;/a&gt;
W, 3504, 25, 2013/05/23, 18:04:29.320, 2873099866296, QTAgent32.exe, &lt;a class=success&gt;Playback - {127} [SUCCESS] MouseButtonClick - "[MSAA, VisibleOnly]ControlType='Button' &amp;&amp; Name='Cancel'"
\0&lt;/a&gt;
W, 3504, 25, 2013/05/23, 18:04:29.552, 2873103201305, QTAgent32.exe, &lt;a class=success&gt;Playback - {128} [SUCCESS] MouseButtonClick - "[MSAA, VisibleOnly]ControlType='Button' &amp;&amp; Name='Yes'"
\0&lt;/a&gt;
W, 3504, 25, 2013/05/23, 18:04:30.135, 2873111545350, QTAgent32.exe, &lt;a class=success&gt;Playback - {129} [SUCCESS] MouseButtonClick - "[MSAA, VisibleOnly]ControlType='Button' &amp;&amp; Name='OK'"
\0&lt;/a&gt;
W, 3504, 25, 2013/05/23, 18:04:30.357, 2873114718630, QTAgent32.exe, &lt;a class=success&gt;Playback - {130} [SUCCESS] MouseButtonClick - "[MSAA, VisibleOnly]ControlType='Button' &amp;&amp; Name='Options'"
\0&lt;/a&gt;
W, 3504, 25, 2013/05/23, 18:04:30.460, 2873116204126, QTAgent32.exe, FindScreenElementInSinglePass : Attempting to find control in one pass of search. Failures can occur.
W, 3504, 25, 2013/05/23, 18:04:30.474, 2873116400668, QTAgent32.exe, Playback - [WARNING] Internal failure: Method GetBoundingRectangle failed (HRESULT = 0x1, "Incorrect function.") for Name = "Quote Select List" ," ControlType = "MenuItem"
\0
W, 3504, 25, 2013/05/23, 18:04:30.474, 2873116402857, QTAgent32.exe, Playback - [WARNING] Internal failure: Couldn't get clickable point for ScreenUIElement - GetClickablePoint failed
\0
W, 3504, 25, 2013/05/23, 18:04:30.475, 2873116406193, QTAgent32.exe, FindScreenElementInSinglePass : Attempting to find control in one pass of search. Failures can occur.
W, 3504, 25, 2013/05/23, 18:04:30.477, 2873116447958, QTAgent32.exe, FindScreenElementInSinglePass : Attempting to find control in one pass of search. Failures can occur.
W, 3504, 25, 2013/05/23, 18:04:30.616, 2873118436710, QTAgent32.exe, &lt;a class=success&gt;Playback - {131} [SUCCESS] LeftButtonClick - "[MSAA, VisibleOnly]ControlType='MenuBar' &amp;&amp; Name='Application'"  &lt; Mouse cursor location (960, 31) &gt;
\0&lt;/a&gt;
W, 3504, 25, 2013/05/23, 18:04:30.729, 2873120054407, QTAgent32.exe, &lt;a class=success&gt;Playback - {132} [SUCCESS] LeftButtonClick - "[MSAA]ControlType='MenuItem' &amp;&amp; Name='Options'"  &lt; Mouse cursor location (94, 31) &gt;
\0&lt;/a&gt;
W, 3504, 25, 2013/05/23, 18:04:31.166, 2873126309905, QTAgent32.exe, &lt;a class=success&gt;Playback - {133} [SUCCESS] LeftButtonClick - "[MSAA]ControlType='MenuItem' &amp;&amp; Name='Links'"  &lt; Mouse cursor location (174, 319) &gt;
\0&lt;/a&gt;
W, 3504, 25, 2013/05/23, 18:04:31.612, 2873132689462, QTAgent32.exe, &lt;a class=success&gt;Playback - {134} [SUCCESS] LeftButtonClick - "[MSAA]ControlType='MenuItem' &amp;&amp; Name='3rd Party Integration'"  &lt; Mouse cursor location (375, 319) &gt;
\0&lt;/a&gt;
W, 3504, 25, 2013/05/23, 18:04:32.075, 2873139319388, QTAgent32.exe, &lt;a class=success&gt;Playback - {135} [SUCCESS] MouseButtonClick - "[MSAA]ControlType='MenuItem' &amp;&amp; Name='Quote Select List'"
\0&lt;/a&gt;
W, 3504, 25, 2013/05/23, 18:04:33.359, 2873157705871, QTAgent32.exe, PERF WARNING: FindTopLevelWindowHelper::FindAllDescendents: took 1182 ms. Expected it to take maximum 500 ms.
W, 3504, 25, 2013/05/23, 18:04:33.633, 2873161620999, QTAgent32.exe, &lt;a class=success&gt;Playback - {136} [SUCCESS] MouseButtonClick - "[MSAA, VisibleOnly]ControlType='Button' &amp;&amp; Name='Ok'"
\0&lt;/a&gt;
W, 3504, 25, 2013/05/23, 18:04:33.753, 2873163344922, QTAgent32.exe, Playback - [WARNING] Internal warning: Thread state based WFR - Requested element has invalid HWND
\0
W, 3504, 25, 2013/05/23, 18:04:33.753, 2873163346818, QTAgent32.exe, Playback - [WARNING] Internal warning: process performance counters based WFR - Requested element has invalid HWND
\0
E, 3504, 25, 2013/05/23, 18:04:33.753, 2873163350586, QTAgent32.exe, EnsureValid called via EnsureValid call for same element
E, 3504, 25, 2013/05/23, 18:04:33.753, 2873163352771, QTAgent32.exe, EnsureValid called via EnsureValid call for same element
E, 3504, 25, 2013/05/23, 18:04:33.754, 2873163354305, QTAgent32.exe, EnsureValid called via EnsureValid call for same element
E, 3504, 25, 2013/05/23, 18:04:33.757, 2873163401187, QTAgent32.exe, GetClassName for handle 2688510 failed
E, 3504, 25, 2013/05/23, 18:04:33.757, 2873163406538, QTAgent32.exe, GetClassName for handle 2688510 failed
E, 3504, 25, 2013/05/23, 18:04:33.798, 2873163985004, QTAgent32.exe, Exception: System.Runtime.InteropServices.COMException
	Message: Error HRESULT E_FAIL has been returned from a call to a COM component.
	Stack Trace:    at Accessibility.IAccessible.get_accState(Object varChild)
   at Microsoft.VisualStudio.TestTools.UITest.Extension.Msaa.AccWrapper.get_State()
	BaseExceptionMessage: Error HRESULT E_FAIL has been returned from a call to a COM component.

E, 3504, 25, 2013/05/23, 18:04:33.805, 2873164096464, QTAgent32.exe, Exception: System.Runtime.InteropServices.COMException
	Message: Error HRESULT E_FAIL has been returned from a call to a COM component.
	Stack Trace:    at Accessibility.IAccessible.get_accState(Object varChild)
   at Microsoft.VisualStudio.TestTools.UITest.Extension.Msaa.AccWrapper.get_State()
	BaseExceptionMessage: Error HRESULT E_FAIL has been returned from a call to a COM component.

E, 3504, 25, 2013/05/23, 18:04:33.806, 2873164101494, QTAgent32.exe, Exception: System.Runtime.InteropServices.COMException
	Message: Error HRESULT E_FAIL has been returned from a call to a COM component.
	Stack Trace:    at Accessibility.IAccessible.get_accState(Object varChild)
   at Microsoft.VisualStudio.TestTools.UITest.Extension.Msaa.AccWrapper.get_State()
	BaseExceptionMessage: Error HRESULT E_FAIL has been returned from a call to a COM component.

E, 3504, 25, 2013/05/23, 18:04:33.806, 2873164105700, QTAgent32.exe, Exception: System.Runtime.InteropServices.COMException
	Message: Error HRESULT E_FAIL has been returned from a call to a COM component.
	Stack Trace:    at Accessibility.IAccessible.get_accState(Object varChild)
   at Microsoft.VisualStudio.TestTools.UITest.Extension.Msaa.AccWrapper.get_State()
	BaseExceptionMessage: Error HRESULT E_FAIL has been returned from a call to a COM component.

E, 3504, 25, 2013/05/23, 18:04:33.806, 2873164109716, QTAgent32.exe, Exception: System.Runtime.InteropServices.COMException
	Message: Error HRESULT E_FAIL has been returned from a call to a COM component.
	Stack Trace:    at Accessibility.IAccessible.get_accState(Object varChild)
   at Microsoft.VisualStudio.TestTools.UITest.Extension.Msaa.AccWrapper.get_State()
	BaseExceptionMessage: Error HRESULT E_FAIL has been returned from a call to a COM component.

E, 3504, 25, 2013/05/23, 18:04:33.807, 2873164114112, QTAgent32.exe, Exception: System.Runtime.InteropServices.COMException
	Message: Error HRESULT E_FAIL has been returned from a call to a COM component.
	Stack Trace:    at Accessibility.IAccessible.get_accState(Object varChild)
   at Microsoft.VisualStudio.TestTools.UITest.Extension.Msaa.AccWrapper.get_State()
	BaseExceptionMessage: Error HRESULT E_FAIL has been returned from a call to a COM component.

E, 3504, 25, 2013/05/23, 18:04:33.807, 2873164118153, QTAgent32.exe, Exception: System.Runtime.InteropServices.COMException
	Message: Error HRESULT E_FAIL has been returned from a call to a COM component.
	Stack Trace:    at Accessibility.IAccessible.get_accState(Object varChild)
   at Microsoft.VisualStudio.TestTools.UITest.Extension.Msaa.AccWrapper.get_State()
	BaseExceptionMessage: Error HRESULT E_FAIL has been returned from a call to a COM component.

W, 3504, 25, 2013/05/23, 18:04:33.958, 2873166288249, QTAgent32.exe, PERF WARNING: MSAA.UpdateQueryIDForNamelessControls: took 201 ms. Expected it to take maximum 200 ms.
W, 3504, 25, 2013/05/23, 18:04:33.959, 2873166292896, QTAgent32.exe, Msaa.Navigate: Exception [Error HRESULT E_FAIL has been returned from a call to a COM component.] while calling accNavigate.
E, 3504, 25, 2013/05/23, 18:04:33.959, 2873166294029, QTAgent32.exe, GetClassName for handle 4850996 failed
E, 3504, 25, 2013/05/23, 18:04:33.959, 2873166294764, QTAgent32.exe, Window 4850996 not responding. Last Win32 error 1400
E, 3504, 25, 2013/05/23, 18:04:33.959, 2873166297203, QTAgent32.exe, GetClassName for handle 2688510 failed
W, 3504, 25, 2013/05/23, 18:04:36.521, 2873202980291, QTAgent32.exe, PERF WARNING: FindTopLevelWindowHelper::FindAllDescendents: took 2561 ms. Expected it to take maximum 500 ms.
W, 3504, 25, 2013/05/23, 18:04:36.786, 2873206767187, QTAgent32.exe, &lt;a class=success&gt;Playback - {137} [SUCCESS] MouseButtonClick - "[MSAA, VisibleOnly]ControlType='Button' &amp;&amp; Name='Close'"
\0&lt;/a&gt;
W, 3504, 25, 2013/05/23, 18:04:37.362, 2873215017019, QTAgent32.exe, &lt;a class=success&gt;Playback - {138} [SUCCESS] MouseButtonClick - "[MSAA, VisibleOnly]ControlType='Button' &amp;&amp; Name='OK'"
\0&lt;/a&gt;
W, 3504, 25, 2013/05/23, 18:04:40.273, 2873256697745, QTAgent32.exe, IEDOM : StopSession of the plugin called before StartSession
W, 3504, 25, 2013/05/23, 18:04:40.273, 2873256699740, QTAgent32.exe, UIA : StopSession of the plugin called before StartSession
</DebugTrace>
      </Output>
    </UnitTestResult>
    <UnitTestResult executionId="0297e8ad-6558-4619-8b05-8f22bf813079" testId="404b15c8-130d-d833-5814-1652b4b123f6" testName="HouseMTAAccept" computerName="ICLVDEVTM02" duration="00:05:25.3348445" startTime="2013-05-23T18:04:40.4436320+01:00" endTime="2013-05-23T18:10:05.7899457+01:00" testType="13cdc9d9-ddb5-4fa4-a97d-d965ccfc6d4b" outcome="Passed" testListId="8c84fa94-04c1-424b-9868-57a2d4851a1d" relativeResultsDirectory="0297e8ad-6558-4619-8b05-8f22bf813079">
      <Output>
        <DebugTrace>W, 3504, 19, 2013/05/23, 18:04:45.044, 2873325010782, QTAgent32.exe, &lt;a class=success&gt;Playback - {1} [SUCCESS] MouseButtonClick - "[MSAA, VisibleOnly]ControlType='Edit'"
\0&lt;/a&gt;
W, 3504, 19, 2013/05/23, 18:04:45.429, 2873330518662, QTAgent32.exe, &lt;a class=success&gt;Playback - {2} [SUCCESS] SendKeys "[*]" - "[MSAA, VisibleOnly]ControlType='Edit'"
\0&lt;/a&gt;
W, 3504, 19, 2013/05/23, 18:04:46.196, 2873341512475, QTAgent32.exe, &lt;a class=success&gt;Playback - {3} [SUCCESS] MouseButtonClick - "[MSAA, VisibleOnly]ControlType='Button' &amp;&amp; Name='OK'"
\0&lt;/a&gt;
W, 3504, 19, 2013/05/23, 18:04:46.710, 2873348872126, QTAgent32.exe, &lt;a class=success&gt;Playback - {4} [SUCCESS] SendKeys "^{HOME}" - "[MSAA, VisibleOnly]ControlType='Edit'"
\0&lt;/a&gt;
E, 3504, 19, 2013/05/23, 18:04:46.710, 2873348874901, QTAgent32.exe, Msaa.GetFocusedElement: could not find accessible object of foreground window
W, 3504, 19, 2013/05/23, 18:04:46.765, 2873349659485, QTAgent32.exe, &lt;a class=success&gt;Playback - {5} [SUCCESS] SendKeys "^+{END}" - "[MSAA, VisibleOnly]ControlType='Edit'"
\0&lt;/a&gt;
E, 3504, 19, 2013/05/23, 18:04:46.765, 2873349662156, QTAgent32.exe, Msaa.GetFocusedElement: could not find accessible object of foreground window
W, 3504, 19, 2013/05/23, 18:04:46.780, 2873349869971, QTAgent32.exe, &lt;a class=success&gt;Playback - {6} [SUCCESS] SendKeys "{DELETE}" - "[MSAA, VisibleOnly]ControlType='Edit'"
\0&lt;/a&gt;
W, 3504, 19, 2013/05/23, 18:04:47.158, 2873355278732, QTAgent32.exe, &lt;a class=success&gt;Playback - {7} [SUCCESS] SetValueAsEditBox "23/05/2013" - "[MSAA, VisibleOnly]ControlType='Edit'"  &lt; Set via SendKeys &gt;
\0&lt;/a&gt;
W, 3504, 19, 2013/05/23, 18:04:47.821, 2873364767255, QTAgent32.exe, Playback - [WARNING] Internal warning: Incorrect flag set for InvokeProgrammaticAction\0
W, 3504, 19, 2013/05/23, 18:04:47.942, 2873366502060, QTAgent32.exe, &lt;a class=success&gt;Playback - {8} [SUCCESS] SetValueAsComboBox "May" - "[MSAA, VisibleOnly]ControlType='ComboBox'"  &lt; SetValueAsComboBox, set by clicking on the item in the list box &gt;
\0&lt;/a&gt;
W, 3504, 19, 2013/05/23, 18:04:48.255, 2873370988428, QTAgent32.exe, &lt;a class=success&gt;Playback - {9} [SUCCESS] SendKeys "^{HOME}" - "[MSAA, VisibleOnly]ControlType='Edit'"
\0&lt;/a&gt;
E, 3504, 19, 2013/05/23, 18:04:48.255, 2873370991342, QTAgent32.exe, Msaa.GetFocusedElement: could not find accessible object of foreground window
W, 3504, 19, 2013/05/23, 18:04:48.317, 2873371869361, QTAgent32.exe, &lt;a class=success&gt;Playback - {10} [SUCCESS] SendKeys "^+{END}" - "[MSAA, VisibleOnly]ControlType='Edit'"
\0&lt;/a&gt;
E, 3504, 19, 2013/05/23, 18:04:48.317, 2873371873772, QTAgent32.exe, Msaa.GetFocusedElement: could not find accessible object of foreground window
W, 3504, 19, 2013/05/23, 18:04:48.342, 2873372236739, QTAgent32.exe, &lt;a class=success&gt;Playback - {11} [SUCCESS] SendKeys "{DELETE}" - "[MSAA, VisibleOnly]ControlType='Edit'"
\0&lt;/a&gt;
W, 3504, 19, 2013/05/23, 18:04:48.578, 2873375614772, QTAgent32.exe, &lt;a class=success&gt;Playback - {12} [SUCCESS] SetValueAsEditBox "2013" - "[MSAA, VisibleOnly]ControlType='Edit'"  &lt; Set via SendKeys &gt;
\0&lt;/a&gt;
W, 3504, 19, 2013/05/23, 18:04:48.796, 2873378736976, QTAgent32.exe, &lt;a class=success&gt;Playback - {13} [SUCCESS] MouseButtonClick - "[MSAA, VisibleOnly]ControlType='Button' &amp;&amp; Name='OK'"
\0&lt;/a&gt;
W, 3504, 19, 2013/05/23, 18:04:50.656, 2873405367255, QTAgent32.exe, Playback - [WARNING] Internal warning: Window Not Found: [VisibleOnly]ControlType='Window' &amp;&amp; Name='Warning' &amp;&amp; ClassName='#32770'
\0
E, 3504, 19, 2013/05/23, 18:04:50.658, 2873405403423, QTAgent32.exe, &lt;a class=failure&gt;Playback - {14} [FAILED] Function ElementFetcher::FindScreenElement failed to locate UI element (Searching: ;[VisibleOnly]ControlType='Window' &amp;&amp; Name='Warning' &amp;&amp; ClassName='#32770') (The object specified was not found.)
\0&lt;/a&gt;
E, 3504, 19, 2013/05/23, 18:04:50.748, 2873406682251, QTAgent32.exe, Playback - [IMAGE] C:\Users\testuser\AppData\Local\Temp\UITestLogs\LastRun\RPF2C77.png
\0
W, 3504, 19, 2013/05/23, 18:04:50.748, 2873406684810, QTAgent32.exe, Playback - [WARNING] Internal warning: Couldn't find descendants that match QueryId
\0
W, 3504, 19, 2013/05/23, 18:04:50.749, 2873406693424, QTAgent32.exe, PERF WARNING: FindTopLevelWindowHelper::FindAllDescendents: took 1832 ms. Expected it to take maximum 500 ms.
W, 3504, 19, 2013/05/23, 18:05:08.859, 2873666000849, QTAgent32.exe, Playback - [WARNING] Internal warning: Window Not Found: [VisibleOnly]ControlType='Window' &amp;&amp; Name='Warning' &amp;&amp; ClassName='#32770'
\0
E, 3504, 19, 2013/05/23, 18:05:08.860, 2873666007627, QTAgent32.exe, &lt;a class=failure&gt;Playback - {15} [FAILED] Function ElementFetcher::FindScreenElement failed to locate UI element (Searching: ;[VisibleOnly]ControlType='Window' &amp;&amp; Name='Warning' &amp;&amp; ClassName='#32770') (The object specified was not found.)
\0&lt;/a&gt;
E, 3504, 19, 2013/05/23, 18:05:08.942, 2873667189733, QTAgent32.exe, Playback - [IMAGE] C:\Users\testuser\AppData\Local\Temp\UITestLogs\LastRun\RPF7396.png
\0
W, 3504, 19, 2013/05/23, 18:05:08.942, 2873667192310, QTAgent32.exe, Playback - [WARNING] Internal warning: Couldn't find descendants that match QueryId
\0
W, 3504, 19, 2013/05/23, 18:05:08.943, 2873667200030, QTAgent32.exe, PERF WARNING: FindTopLevelWindowHelper::FindAllDescendents: took 18193 ms. Expected it to take maximum 500 ms.
W, 3504, 19, 2013/05/23, 18:05:09.469, 2873674741468, QTAgent32.exe, Playback - [WARNING] Internal warning: Smart Match failed
\0
W, 3504, 19, 2013/05/23, 18:05:09.848, 2873680169276, QTAgent32.exe, Playback - [WARNING] Internal warning: Smart Match failed
\0
W, 3504, 19, 2013/05/23, 18:05:10.214, 2873685397811, QTAgent32.exe, Playback - [WARNING] Internal warning: Smart Match failed
\0
W, 3504, 19, 2013/05/23, 18:05:10.582, 2873690678529, QTAgent32.exe, Playback - [WARNING] Internal warning: Smart Match failed
\0
W, 3504, 19, 2013/05/23, 18:05:10.953, 2873695983542, QTAgent32.exe, Playback - [WARNING] Internal warning: Smart Match failed
\0
W, 3504, 19, 2013/05/23, 18:05:11.361, 2873701818717, QTAgent32.exe, Playback - [WARNING] Internal warning: Smart Match failed
\0
W, 3504, 19, 2013/05/23, 18:05:11.771, 2873707688127, QTAgent32.exe, Playback - [WARNING] Internal warning: Smart Match failed
\0
W, 3504, 19, 2013/05/23, 18:05:12.043, 2873711584623, QTAgent32.exe, Playback - [WARNING] Internal warning: Window Not Found: [VisibleOnly]ControlType='Window' &amp;&amp; Name='Warning' &amp;&amp; ClassName='#32770'
\0
E, 3504, 19, 2013/05/23, 18:05:12.046, 2873711630089, QTAgent32.exe, &lt;a class=failure&gt;Playback - {16} [FAILED] Function ElementFetcher::FindScreenElement failed to locate UI element (Searching: ;[VisibleOnly]ControlType='Window' &amp;&amp; Name='Warning' &amp;&amp; ClassName='#32770') (The object specified was not found.)
\0&lt;/a&gt;
E, 3504, 19, 2013/05/23, 18:05:12.125, 2873712766790, QTAgent32.exe, Playback - [IMAGE] C:\Users\testuser\AppData\Local\Temp\UITestLogs\LastRun\RPF8005.png
\0
W, 3504, 19, 2013/05/23, 18:05:12.126, 2873712769864, QTAgent32.exe, Playback - [WARNING] Internal warning: Couldn't find descendants that match QueryId
\0
W, 3504, 19, 2013/05/23, 18:05:12.126, 2873712772839, QTAgent32.exe, PERF WARNING: FindTopLevelWindowHelper::FindAllDescendents: took 3182 ms. Expected it to take maximum 500 ms.
E, 3504, 19, 2013/05/23, 18:05:12.126, 2873712777134, QTAgent32.exe, Exception: System.Runtime.InteropServices.COMException
	Message: Error HRESULT E_FAIL has been returned from a call to a COM component.
	Stack Trace:    at Microsoft.VisualStudio.TestTools.UITest.Playback.Engine.IRPFPlayback.FindAllScreenElements(IScreenElement pScreenElementStart, String bstrQueryId, Object&amp; pvarResKeys, Int32 cResKeys, Int32 nMaxDepth, Object[]&amp; foundDescendants)
   at Microsoft.VisualStudio.TestTools.UITest.Playback.ScreenElement.FindTopLevelWindowHelper(String queryId)
	BaseExceptionMessage: Error HRESULT E_FAIL has been returned from a call to a COM component.

E, 3504, 19, 2013/05/23, 18:05:12.278, 2873714951350, QTAgent32.exe, AL: Playback Error: Microsoft.VisualStudio.TestTools.UITest.Extension.UITestControlNotFoundException: The playback failed to find the control with the given search properties. Additional Details: 
TechnologyName:  'MSAA'
ControlType:  'Window'
Name:  'Warning'
ClassName:  '#32770'
 ---&gt; System.Runtime.InteropServices.COMException: Error HRESULT E_FAIL has been returned from a call to a COM component.
   at Microsoft.VisualStudio.TestTools.UITest.Playback.Engine.IRPFPlayback.FindAllScreenElements(IScreenElement pScreenElementStart, String bstrQueryId, Object&amp; pvarResKeys, Int32 cResKeys, Int32 nMaxDepth, Object[]&amp; foundDescendants)
   at Microsoft.VisualStudio.TestTools.UITest.Playback.ScreenElement.FindTopLevelWindowHelper(String queryId)
   at Microsoft.VisualStudio.TestTools.UITest.Playback.ScreenElement.FindFromPartialQueryId(String queryId)
   at Microsoft.VisualStudio.TestTools.UITesting.UITestControl..ctor(String queryId)
   --- End of inner exception stack trace ---
   at Microsoft.VisualStudio.TestTools.UITesting.Playback.MapControlNotFoundException(COMException ex, IPlaybackContext context)
   at Microsoft.VisualStudio.TestTools.UITesting.Playback.MapAndThrowComException(COMException innerException, IPlaybackContext context)
   at Microsoft.VisualStudio.TestTools.UITesting.Playback.MapAndThrowException(SystemException exception, IPlaybackContext context)
   at Microsoft.VisualStudio.TestTools.UITesting.Playback.MapAndThrowException(SystemException exception, String queryId)
   at Microsoft.VisualStudio.TestTools.UITesting.UITestControl..ctor(String queryId)
   at Microsoft.VisualStudio.TestTools.UITesting.SearchHelper.SearchTopLevelWindow(ISearchArgument topLevelSearchArg, String topLevelElementQueryId)
   at Microsoft.VisualStudio.TestTools.UITesting.SearchHelper.GetTitleUpdatedTopLevelWindow(ISearchArgument topLevelSearchArg, String queryId, IList`1 windowTitles)
   at Microsoft.VisualStudio.TestTools.UITesting.SearchHelper.GetTopLevelElement(Boolean useCache, Boolean useCacheOnly, ISearchArgument searchArg, IList`1 windowTitles, Int32&amp; timeLeft)
   at Microsoft.VisualStudio.TestTools.UITesting.SearchHelper.GetElement(Boolean useCache, ISearchArgument searchArg)
   at Microsoft.VisualStudio.TestTools.UITesting.SearchHelper.Search(ISearchArgument searchArg)
   at Microsoft.VisualStudio.TestTools.UITesting.UITestControl.FindInternal()
   at Microsoft.VisualStudio.TestTools.UITesting.UITestControl.FindControlIfNecessary()
   at Microsoft.VisualStudio.TestTools.UITesting.UITestControl.Click(MouseButtons button, ModifierKeys modifierKeys, Point relativeCoordinates)
   at Microsoft.VisualStudio.TestTools.UITesting.Mouse.ClickImplementation(UITestControl control, MouseButtons button, ModifierKeys modifierKeys, Point relativeCoordinate)
   at Microsoft.VisualStudio.TestTools.UITesting.Mouse.ClickImplementationWrapper(UITestControl control, MouseButtons button, ModifierKeys modifierKeys, Point relativeCoordinate)
W, 3504, 19, 2013/05/23, 18:05:12.278, 2873714956020, QTAgent32.exe, PlaybackErrorHandler: Ignoring exception as ContinueOnError is set.
W, 3504, 19, 2013/05/23, 18:05:12.316, 2873715496884, QTAgent32.exe, &lt;a class=success&gt;Playback - {17} [SUCCESS] TypeString "#(R)"
\0&lt;/a&gt;
W, 3504, 19, 2013/05/23, 18:05:12.934, 2873724348500, QTAgent32.exe, PERF WARNING: FindTopLevelWindowHelper::FindAllDescendents: took 517 ms. Expected it to take maximum 500 ms.
E, 3504, 19, 2013/05/23, 18:05:13.367, 2873730548569, QTAgent32.exe, Exception: System.ArgumentException
	Message: Value does not fall within the expected range.
	Stack Trace:    at Accessibility.IAccessible.get_accRole(Object varChild)
   at Microsoft.VisualStudio.TestTools.UITest.Extension.Msaa.AccWrapper.get_RoleInt()
	BaseExceptionMessage: Value does not fall within the expected range.

E, 3504, 19, 2013/05/23, 18:05:13.380, 2873730732324, QTAgent32.exe, Exception: System.ArgumentException
	Message: Value does not fall within the expected range.
	Stack Trace:    at Accessibility.IAccessible.get_accRole(Object varChild)
   at Microsoft.VisualStudio.TestTools.UITest.Extension.Msaa.AccWrapper.get_RoleInt()
	BaseExceptionMessage: Value does not fall within the expected range.

W, 3504, 19, 2013/05/23, 18:05:14.595, 2873748127427, QTAgent32.exe, &lt;a class=success&gt;Playback - {18} [SUCCESS] LeftButtonClick  &lt; Mouse cursor location (87, 908) &gt;
\0&lt;/a&gt;
W, 3504, 19, 2013/05/23, 18:05:16.309, 2873772669072, QTAgent32.exe, &lt;a class=success&gt;Playback - {19} [SUCCESS] SetValueAsEditBox "c:\TestProject7\office.reg"  &lt; Set via SendKeys &gt;
\0&lt;/a&gt;
W, 3504, 19, 2013/05/23, 18:05:16.309, 2873772672731, QTAgent32.exe, &lt;a class=success&gt;Playback - {20} [SUCCESS] SetValueAsComboBox "c:\TestProject7\office.reg" - "[MSAA, VisibleOnly]ControlType='ComboBox' &amp;&amp; Name='Open:'"  &lt; Set via SetValueAsEditBox &gt;
\0&lt;/a&gt;
W, 3504, 19, 2013/05/23, 18:05:16.555, 2873776186652, QTAgent32.exe, &lt;a class=success&gt;Playback - {21} [SUCCESS] MouseButtonClick - "[MSAA, VisibleOnly]ControlType='Button' &amp;&amp; Name='OK'"
\0&lt;/a&gt;
W, 3504, 19, 2013/05/23, 18:05:17.485, 2873789515015, QTAgent32.exe, Playback - [WARNING] Internal warning: Window Not Found: [VisibleOnly]ControlType='Window' &amp;&amp; Name='Registry Editor' &amp;&amp; ClassName='#32770'
\0
E, 3504, 19, 2013/05/23, 18:05:17.486, 2873789518610, QTAgent32.exe, &lt;a class=failure&gt;Playback - {22} [FAILED] Function ElementFetcher::FindScreenElement failed to locate UI element (Searching: ;[VisibleOnly]ControlType='Window' &amp;&amp; Name='Registry Editor' &amp;&amp; ClassName='#32770') (The object specified was not found.)
\0&lt;/a&gt;
E, 3504, 19, 2013/05/23, 18:05:17.569, 2873790708580, QTAgent32.exe, Playback - [IMAGE] C:\Users\testuser\AppData\Local\Temp\UITestLogs\LastRun\RPF954A.png
\0
W, 3504, 19, 2013/05/23, 18:05:17.569, 2873790711145, QTAgent32.exe, Playback - [WARNING] Internal warning: Couldn't find descendants that match QueryId
\0
W, 3504, 19, 2013/05/23, 18:05:17.569, 2873790714436, QTAgent32.exe, PERF WARNING: FindTopLevelWindowHelper::FindAllDescendents: took 878 ms. Expected it to take maximum 500 ms.
W, 3504, 19, 2013/05/23, 18:05:17.892, 2873795340233, QTAgent32.exe, &lt;a class=success&gt;Playback - {23} [SUCCESS] MouseButtonClick - "[MSAA, VisibleOnly]ControlType='Button' &amp;&amp; Name='Yes'"
\0&lt;/a&gt;
W, 3504, 19, 2013/05/23, 18:05:18.254, 2873800523683, QTAgent32.exe, &lt;a class=success&gt;Playback - {24} [SUCCESS] MouseButtonClick - "[MSAA, VisibleOnly]ControlType='Button' &amp;&amp; Name='OK'"
\0&lt;/a&gt;
W, 3504, 19, 2013/05/23, 18:05:18.489, 2873803889430, QTAgent32.exe, &lt;a class=success&gt;Playback - {25} [SUCCESS] MouseButtonClick - "[MSAA, VisibleOnly]ControlType='Button' &amp;&amp; Name='Clients &amp; Files'"
\0&lt;/a&gt;
W, 3504, 19, 2013/05/23, 18:05:20.198, 2873828353190, QTAgent32.exe, PERF WARNING: FindTopLevelWindowHelper::FindAllDescendents: took 1608 ms. Expected it to take maximum 500 ms.
W, 3504, 19, 2013/05/23, 18:05:21.112, 2873841444647, QTAgent32.exe, Playback - [WARNING] Internal warning: Incorrect flag set for InvokeProgrammaticAction\0
W, 3504, 19, 2013/05/23, 18:05:21.234, 2873843184763, QTAgent32.exe, &lt;a class=success&gt;Playback - {26} [SUCCESS] SetValueAsComboBox "Customers" - "[MSAA, VisibleOnly]ControlType='ComboBox'"  &lt; SetValueAsComboBox, set by clicking on the item in the list box &gt;
\0&lt;/a&gt;
W, 3504, 19, 2013/05/23, 18:05:21.769, 2873850848585, QTAgent32.exe, &lt;a class=success&gt;Playback - {27} [SUCCESS] MouseButtonClick - "[MSAA, VisibleOnly]ControlType='Button' &amp;&amp; Name='Add'"
\0&lt;/a&gt;
W, 3504, 19, 2013/05/23, 18:05:22.570, 2873862316513, QTAgent32.exe, &lt;a class=success&gt;Playback - {28} [SUCCESS] SendKeys "autotest" - "[MSAA, VisibleOnly]ControlType='RadioButton' &amp;&amp; Name='Personal Lines'"
\0&lt;/a&gt;
W, 3504, 19, 2013/05/23, 18:05:23.677, 2873878168597, QTAgent32.exe, &lt;a class=success&gt;Playback - {29} [SUCCESS] SetValueAsEditBox "autotest" - "[MSAA, VisibleOnly]ControlType='Edit'"  &lt; Set via SendKeys &gt;
\0&lt;/a&gt;
W, 3504, 19, 2013/05/23, 18:05:23.908, 2873881466128, QTAgent32.exe, &lt;a class=success&gt;Playback - {30} [SUCCESS] MouseButtonClick - "[MSAA, VisibleOnly]ControlType='Button' &amp;&amp; Name='OK'"
\0&lt;/a&gt;
W, 3504, 19, 2013/05/23, 18:05:24.218, 2873885906276, QTAgent32.exe, &lt;a class=success&gt;Playback - {31} [SUCCESS] MouseButtonClick - "[MSAA, VisibleOnly]ControlType='Button' &amp;&amp; Name='Yes'"
\0&lt;/a&gt;
W, 3504, 19, 2013/05/23, 18:05:24.835, 2873894750747, QTAgent32.exe, &lt;a class=success&gt;Playback - {32} [SUCCESS] SendKeys "^{HOME}" - "[MSAA, VisibleOnly]ControlType='Edit'"
\0&lt;/a&gt;
E, 3504, 19, 2013/05/23, 18:05:24.835, 2873894754191, QTAgent32.exe, Msaa.GetFocusedElement: could not find accessible object of foreground window
W, 3504, 19, 2013/05/23, 18:05:24.892, 2873895567041, QTAgent32.exe, &lt;a class=success&gt;Playback - {33} [SUCCESS] SendKeys "^+{END}" - "[MSAA, VisibleOnly]ControlType='Edit'"
\0&lt;/a&gt;
E, 3504, 19, 2013/05/23, 18:05:24.892, 2873895570289, QTAgent32.exe, Msaa.GetFocusedElement: could not find accessible object of foreground window
W, 3504, 19, 2013/05/23, 18:05:24.909, 2873895804593, QTAgent32.exe, &lt;a class=success&gt;Playback - {34} [SUCCESS] SendKeys "{DELETE}" - "[MSAA, VisibleOnly]ControlType='Edit'"
\0&lt;/a&gt;
W, 3504, 19, 2013/05/23, 18:05:25.332, 2873901860688, QTAgent32.exe, &lt;a class=success&gt;Playback - {35} [SUCCESS] SetValueAsEditBox "1" - "[MSAA, VisibleOnly]ControlType='Edit'"  &lt; Set via SendKeys &gt;
\0&lt;/a&gt;
W, 3504, 19, 2013/05/23, 18:05:25.946, 2873910661319, QTAgent32.exe, &lt;a class=success&gt;Playback - {36} [SUCCESS] SendKeys "^{HOME}" - "[MSAA, VisibleOnly]ControlType='Edit'"
\0&lt;/a&gt;
E, 3504, 19, 2013/05/23, 18:05:25.947, 2873910665042, QTAgent32.exe, Msaa.GetFocusedElement: could not find accessible object of foreground window
W, 3504, 19, 2013/05/23, 18:05:26.011, 2873911584396, QTAgent32.exe, &lt;a class=success&gt;Playback - {37} [SUCCESS] SendKeys "^+{END}" - "[MSAA, VisibleOnly]ControlType='Edit'"
\0&lt;/a&gt;
E, 3504, 19, 2013/05/23, 18:05:26.011, 2873911588014, QTAgent32.exe, Msaa.GetFocusedElement: could not find accessible object of foreground window
W, 3504, 19, 2013/05/23, 18:05:26.032, 2873911893504, QTAgent32.exe, &lt;a class=success&gt;Playback - {38} [SUCCESS] SendKeys "{DELETE}" - "[MSAA, VisibleOnly]ControlType='Edit'"
\0&lt;/a&gt;
W, 3504, 19, 2013/05/23, 18:05:26.456, 2873917960320, QTAgent32.exe, &lt;a class=success&gt;Playback - {39} [SUCCESS] SetValueAsEditBox "1" - "[MSAA, VisibleOnly]ControlType='Edit'"  &lt; Set via SendKeys &gt;
\0&lt;/a&gt;
W, 3504, 19, 2013/05/23, 18:05:28.072, 2873941093423, QTAgent32.exe, Playback - [WARNING] Internal warning: Target element "[MSAA, VisibleOnly]ControlType='Button' &amp;&amp; Name='OK'" was not found, so all intermediate elements were ignored. An incorrect element that matches target element Id can be found as the result.  Verify that all intermediate elements in QueryId have valid and unique Ids
\0
W, 3504, 19, 2013/05/23, 18:05:28.607, 2873948751633, QTAgent32.exe, PERF WARNING: FindAllDescendents: took 2043 ms. Expected it to take maximum 500 ms.
W, 3504, 19, 2013/05/23, 18:05:28.903, 2873952990828, QTAgent32.exe, &lt;a class=success&gt;Playback - {40} [SUCCESS] MouseButtonClick - "[MSAA, VisibleOnly]ControlType='Button' &amp;&amp; Name='OK'"
\0&lt;/a&gt;
W, 3504, 19, 2013/05/23, 18:05:29.302, 2873958701137, QTAgent32.exe, &lt;a class=success&gt;Playback - {41} [SUCCESS] MouseButtonClick - "[MSAA, VisibleOnly]ControlType='Button'"
\0&lt;/a&gt;
W, 3504, 19, 2013/05/23, 18:05:29.683, 2873964160052, QTAgent32.exe, &lt;a class=success&gt;Playback - {42} [SUCCESS] MouseButtonClick - "[MSAA, VisibleOnly]ControlType='Button' &amp;&amp; Name='Add'"
\0&lt;/a&gt;
W, 3504, 19, 2013/05/23, 18:05:30.062, 2873969592994, QTAgent32.exe, &lt;a class=success&gt;Playback - {43} [SUCCESS] MouseButtonClick - "[MSAA, VisibleOnly]ControlType='Button' &amp;&amp; Name='OK'"
\0&lt;/a&gt;
W, 3504, 19, 2013/05/23, 18:05:32.307, 2874001735530, QTAgent32.exe, &lt;a class=success&gt;Playback - {44} [SUCCESS] MouseButtonClick - "[MSAA, VisibleOnly,Window]ControlType='Window' &amp;&amp; ClassName='ThunderRT6TextBox'"
\0&lt;/a&gt;
W, 3504, 19, 2013/05/23, 18:05:33.348, 2874016643614, QTAgent32.exe, &lt;a class=success&gt;Playback - {45} [SUCCESS] SetValueAsEditBox "HOME" - "[MSAA, VisibleOnly]ControlType='Edit'"  &lt; Set via SendKeys &gt;
\0&lt;/a&gt;
W, 3504, 19, 2013/05/23, 18:05:33.731, 2874022128497, QTAgent32.exe, &lt;a class=success&gt;Playback - {46} [SUCCESS] MouseButtonClick - "[MSAA, VisibleOnly]ControlType='Button' &amp;&amp; Name='OK'"
\0&lt;/a&gt;
W, 3504, 19, 2013/05/23, 18:05:33.987, 2874025792647, QTAgent32.exe, &lt;a class=success&gt;Playback - {47} [SUCCESS] MouseButtonClick - "[MSAA, VisibleOnly]ControlType='Button' &amp;&amp; Name='Options'"
\0&lt;/a&gt;
W, 3504, 19, 2013/05/23, 18:05:34.088, 2874027229426, QTAgent32.exe, FindScreenElementInSinglePass : Attempting to find control in one pass of search. Failures can occur.
W, 3504, 19, 2013/05/23, 18:05:34.598, 2874034527123, QTAgent32.exe, &lt;a class=success&gt;Playback - {48} [SUCCESS] MouseButtonClick - "[MSAA]ControlType='MenuItem' &amp;&amp; Name='Links'"
\0&lt;/a&gt;
W, 3504, 19, 2013/05/23, 18:05:34.698, 2874035965762, QTAgent32.exe, FindScreenElementInSinglePass : Attempting to find control in one pass of search. Failures can occur.
W, 3504, 19, 2013/05/23, 18:05:35.221, 2874043448384, QTAgent32.exe, &lt;a class=success&gt;Playback - {49} [SUCCESS] MouseButtonClick - "[MSAA]ControlType='MenuItem' &amp;&amp; Name='3rd Party Integration'"
\0&lt;/a&gt;
W, 3504, 19, 2013/05/23, 18:05:35.321, 2874044887230, QTAgent32.exe, FindScreenElementInSinglePass : Attempting to find control in one pass of search. Failures can occur.
W, 3504, 19, 2013/05/23, 18:05:35.838, 2874052283890, QTAgent32.exe, &lt;a class=success&gt;Playback - {50} [SUCCESS] MouseButtonClick - "[MSAA]ControlType='MenuItem' &amp;&amp; Name='Quote Select List'"
\0&lt;/a&gt;
W, 3504, 19, 2013/05/23, 18:05:37.327, 2874073604791, QTAgent32.exe, PERF WARNING: FindTopLevelWindowHelper::FindAllDescendents: took 1388 ms. Expected it to take maximum 500 ms.
W, 3504, 19, 2013/05/23, 18:05:37.474, 2874075718762, QTAgent32.exe, &lt;a class=success&gt;Playback - {51} [SUCCESS] MouseButtonClick - "[MSAA, VisibleOnly]ControlType='Button' &amp;&amp; Name='Ok'"
\0&lt;/a&gt;
W, 3504, 19, 2013/05/23, 18:05:40.322, 2874116493853, QTAgent32.exe, PERF WARNING: FindTopLevelWindowHelper::FindAllDescendents: took 2747 ms. Expected it to take maximum 500 ms.
W, 3504, 19, 2013/05/23, 18:05:41.421, 2874132235697, QTAgent32.exe, &lt;a class=success&gt;Playback - {52} [SUCCESS] SetValueAsEditBox "test1" - "[MSAA, VisibleOnly]ControlType='Edit'"  &lt; Set via SendKeys &gt;
\0&lt;/a&gt;
W, 3504, 19, 2013/05/23, 18:05:42.483, 2874147428004, QTAgent32.exe, &lt;a class=success&gt;Playback - {53} [SUCCESS] SetValueAsEditBox "test" - "[MSAA, VisibleOnly]ControlType='Edit'"  &lt; Set via SendKeys &gt;
\0&lt;/a&gt;
W, 3504, 19, 2013/05/23, 18:05:43.104, 2874156327426, QTAgent32.exe, &lt;a class=success&gt;Playback - {54} [SUCCESS] SendKeys "^{HOME}" - "[MSAA, VisibleOnly]ControlType='Edit'"
\0&lt;/a&gt;
E, 3504, 19, 2013/05/23, 18:05:43.105, 2874156330980, QTAgent32.exe, Msaa.GetFocusedElement: could not find accessible object of foreground window
W, 3504, 19, 2013/05/23, 18:05:43.163, 2874157162276, QTAgent32.exe, &lt;a class=success&gt;Playback - {55} [SUCCESS] SendKeys "^+{END}" - "[MSAA, VisibleOnly]ControlType='Edit'"
\0&lt;/a&gt;
E, 3504, 19, 2013/05/23, 18:05:43.163, 2874157165557, QTAgent32.exe, Msaa.GetFocusedElement: could not find accessible object of foreground window
W, 3504, 19, 2013/05/23, 18:05:43.178, 2874157388192, QTAgent32.exe, &lt;a class=success&gt;Playback - {56} [SUCCESS] SendKeys "{DELETE}" - "[MSAA, VisibleOnly]ControlType='Edit'"
\0&lt;/a&gt;
W, 3504, 19, 2013/05/23, 18:05:43.747, 2874165537515, QTAgent32.exe, &lt;a class=success&gt;Playback - {57} [SUCCESS] SetValueAsEditBox "test" - "[MSAA, VisibleOnly]ControlType='Edit'"  &lt; Set via SendKeys &gt;
\0&lt;/a&gt;
W, 3504, 19, 2013/05/23, 18:05:45.006, 2874183558857, QTAgent32.exe, Playback - [WARNING] Internal warning: Incorrect flag set for InvokeProgrammaticAction\0
W, 3504, 19, 2013/05/23, 18:05:45.131, 2874185346378, QTAgent32.exe, &lt;a class=success&gt;Playback - {58} [SUCCESS] SetValueAsComboBox "Account Director" - "[MSAA, VisibleOnly]ControlType='ComboBox'"  &lt; SetValueAsComboBox, set by clicking on the item in the list box &gt;
\0&lt;/a&gt;
W, 3504, 19, 2013/05/23, 18:05:46.253, 2874201412750, QTAgent32.exe, Playback - [WARNING] Internal warning: Incorrect flag set for InvokeProgrammaticAction\0
W, 3504, 19, 2013/05/23, 18:05:46.376, 2874203174648, QTAgent32.exe, &lt;a class=success&gt;Playback - {59} [SUCCESS] SetValueAsComboBox "Advertising" - "[MSAA, VisibleOnly]ControlType='ComboBox'"  &lt; SetValueAsComboBox, set by clicking on the item in the list box &gt;
\0&lt;/a&gt;
W, 3504, 19, 2013/05/23, 18:05:47.587, 2874220509362, QTAgent32.exe, &lt;a class=success&gt;Playback - {60} [SUCCESS] SetValueAsEditBox "160589" - "[MSAA, VisibleOnly]ControlType='Edit'"  &lt; Set via SendKeys &gt;
\0&lt;/a&gt;
W, 3504, 19, 2013/05/23, 18:05:47.842, 2874224158604, QTAgent32.exe, &lt;a class=success&gt;Playback - {61} [SUCCESS] MouseButtonClick - "[MSAA, VisibleOnly]ControlType='Edit'"
\0&lt;/a&gt;
W, 3504, 19, 2013/05/23, 18:05:49.044, 2874241372431, QTAgent32.exe, &lt;a class=success&gt;Playback - {62} [SUCCESS] SetValueAsEditBox "B338TH" - "[MSAA, VisibleOnly]ControlType='Edit'"  &lt; Set via SendKeys &gt;
\0&lt;/a&gt;
W, 3504, 19, 2013/05/23, 18:05:51.276, 2874273338030, QTAgent32.exe, &lt;a class=success&gt;Playback - {63} [SUCCESS] MouseButtonClick - "[MSAA, VisibleOnly]ControlType='Button' &amp;&amp; Name='Lookup...'"
\0&lt;/a&gt;
W, 3504, 19, 2013/05/23, 18:05:51.586, 2874277766234, QTAgent32.exe, &lt;a class=success&gt;Playback - {64} [SUCCESS] MouseButtonClick - "[MSAA, VisibleOnly]ControlType='Button' &amp;&amp; Name='Ok'"
\0&lt;/a&gt;
W, 3504, 19, 2013/05/23, 18:05:51.860, 2874281689533, QTAgent32.exe, &lt;a class=success&gt;Playback - {65} [SUCCESS] MouseButtonClick - "[MSAA, VisibleOnly]ControlType='Button' &amp;&amp; Name='Next &gt;'"
\0&lt;/a&gt;
W, 3504, 19, 2013/05/23, 18:05:52.903, 2874296624604, QTAgent32.exe, &lt;a class=success&gt;Playback - {66} [SUCCESS] SetValueAsEditBox "1989" - "[MSAA, VisibleOnly]ControlType='Edit'"  &lt; Set via SendKeys &gt;
\0&lt;/a&gt;
W, 3504, 19, 2013/05/23, 18:05:53.143, 2874300063524, QTAgent32.exe, &lt;a class=success&gt;Playback - {67} [SUCCESS] MouseButtonClick - "[MSAA, VisibleOnly]ControlType='Button' &amp;&amp; Name='Next &gt;'"
\0&lt;/a&gt;
W, 3504, 19, 2013/05/23, 18:05:53.373, 2874303365373, QTAgent32.exe, &lt;a class=success&gt;Playback - {68} [SUCCESS] MouseButtonClick - "[MSAA, VisibleOnly]ControlType='Button' &amp;&amp; Name='Next &gt;'"
\0&lt;/a&gt;
W, 3504, 19, 2013/05/23, 18:05:53.597, 2874306564670, QTAgent32.exe, &lt;a class=success&gt;Playback - {69} [SUCCESS] MouseButtonClick - "[MSAA, VisibleOnly]ControlType='Button' &amp;&amp; Name='Next &gt;'"
\0&lt;/a&gt;
W, 3504, 19, 2013/05/23, 18:05:54.696, 2874322302953, QTAgent32.exe, &lt;a class=success&gt;Playback - {70} [SUCCESS] SetValueAsEditBox "2345" - "[MSAA, VisibleOnly]ControlType='Edit'"  &lt; Set via SendKeys &gt;
\0&lt;/a&gt;
W, 3504, 19, 2013/05/23, 18:05:55.830, 2874338542008, QTAgent32.exe, &lt;a class=success&gt;Playback - {71} [SUCCESS] SetValueAsEditBox "2000" - "[MSAA, VisibleOnly]ControlType='Edit'"  &lt; Set via SendKeys &gt;
\0&lt;/a&gt;
W, 3504, 19, 2013/05/23, 18:05:56.862, 2874353312887, QTAgent32.exe, &lt;a class=success&gt;Playback - {72} [SUCCESS] SetValueAsEditBox "2000" - "[MSAA, VisibleOnly]ControlType='Edit'"  &lt; Set via SendKeys &gt;
\0&lt;/a&gt;
W, 3504, 19, 2013/05/23, 18:05:57.084, 2874356490326, QTAgent32.exe, &lt;a class=success&gt;Playback - {73} [SUCCESS] MouseButtonClick - "[MSAA, VisibleOnly]ControlType='Button' &amp;&amp; Name='Next &gt;'"
\0&lt;/a&gt;
W, 3504, 19, 2013/05/23, 18:05:58.236, 2874372989922, QTAgent32.exe, &lt;a class=success&gt;Playback - {74} [SUCCESS] SetValueAsEditBox "2345" - "[MSAA, VisibleOnly]ControlType='Edit'"  &lt; Set via SendKeys &gt;
\0&lt;/a&gt;
W, 3504, 19, 2013/05/23, 18:05:58.494, 2874376677365, QTAgent32.exe, &lt;a class=success&gt;Playback - {75} [SUCCESS] MouseButtonClick - "[MSAA, VisibleOnly]ControlType='Button' &amp;&amp; Name='Next &gt;'"
\0&lt;/a&gt;
W, 3504, 19, 2013/05/23, 18:05:58.760, 2874380495667, QTAgent32.exe, &lt;a class=success&gt;Playback - {76} [SUCCESS] MouseButtonClick - "[MSAA, VisibleOnly]ControlType='Button' &amp;&amp; Name='Next &gt;'"
\0&lt;/a&gt;
W, 3504, 19, 2013/05/23, 18:05:59.146, 2874386014085, QTAgent32.exe, &lt;a class=success&gt;Playback - {77} [SUCCESS] MouseButtonClick - "[MSAA, VisibleOnly]ControlType='Button' &amp;&amp; Name='Quote'"
\0&lt;/a&gt;
W, 3504, 19, 2013/05/23, 18:05:59.386, 2874389455323, QTAgent32.exe, &lt;a class=success&gt;Playback - {78} [SUCCESS] MouseButtonClick - "[MSAA, VisibleOnly]ControlType='Button' &amp;&amp; Name='No'"
\0&lt;/a&gt;
W, 3504, 19, 2013/05/23, 18:05:59.801, 2874395401923, QTAgent32.exe, &lt;a class=success&gt;Playback - {79} [SUCCESS] MouseButtonClick - "[MSAA, VisibleOnly]ControlType='Button' &amp;&amp; Name='Ok'"
\0&lt;/a&gt;
W, 3504, 19, 2013/05/23, 18:06:05.470, 2874476570529, QTAgent32.exe, PERF WARNING: FindTopLevelWindowHelper::FindAllDescendents: took 5567 ms. Expected it to take maximum 500 ms.
W, 3504, 19, 2013/05/23, 18:06:05.632, 2874478893720, QTAgent32.exe, &lt;a class=success&gt;Playback - {80} [SUCCESS] MouseButtonClick - "[MSAA, VisibleOnly]ControlType='Client'"
\0&lt;/a&gt;
W, 3504, 19, 2013/05/23, 18:06:07.548, 2874506312959, QTAgent32.exe, &lt;a class=success&gt;Playback - {81} [SUCCESS] SendKeys "{End}" - "[MSAA, VisibleOnly]ControlType='Client'"
\0&lt;/a&gt;
W, 3504, 19, 2013/05/23, 18:06:08.027, 2874513179743, QTAgent32.exe, &lt;a class=success&gt;Playback - {82} [SUCCESS] MouseButtonClick - "[MSAA, VisibleOnly]ControlType='Button' &amp;&amp; Name='Accept'"
\0&lt;/a&gt;
W, 3504, 19, 2013/05/23, 18:06:10.264, 2874545207379, QTAgent32.exe, &lt;a class=success&gt;Playback - {83} [SUCCESS] MouseButtonClick - "[MSAA, VisibleOnly]ControlType='Button' &amp;&amp; Name='Yes'"
\0&lt;/a&gt;
W, 3504, 19, 2013/05/23, 18:06:26.678, 2874780227753, QTAgent32.exe, Playback - [WARNING] Internal warning: Window Not Found: [VisibleOnly]ControlType='Window' &amp;&amp; Name='Broker Add-ons' &amp;&amp; ClassName='ThunderRT6FormDC'
\0
E, 3504, 19, 2013/05/23, 18:06:26.679, 2874780233482, QTAgent32.exe, &lt;a class=failure&gt;Playback - {84} [FAILED] Function ElementFetcher::FindScreenElement failed to locate UI element (Searching: ;[VisibleOnly]ControlType='Window' &amp;&amp; Name='Broker Add-ons' &amp;&amp; ClassName='ThunderRT6FormDC') (The object specified was not found.)
\0&lt;/a&gt;
E, 3504, 19, 2013/05/23, 18:06:26.759, 2874781387201, QTAgent32.exe, Playback - [IMAGE] C:\Users\testuser\AppData\Local\Temp\UITestLogs\LastRun\RPFA38E.png
\0
W, 3504, 19, 2013/05/23, 18:06:26.759, 2874781389960, QTAgent32.exe, Playback - [WARNING] Internal warning: Couldn't find descendants that match QueryId
\0
W, 3504, 19, 2013/05/23, 18:06:26.760, 2874781396472, QTAgent32.exe, PERF WARNING: FindTopLevelWindowHelper::FindAllDescendents: took 16381 ms. Expected it to take maximum 500 ms.
W, 3504, 19, 2013/05/23, 18:06:45.199, 2875045418340, QTAgent32.exe, Playback - [WARNING] Internal warning: Window Not Found: [VisibleOnly]ControlType='Window' &amp;&amp; Name='Broker Add-ons' &amp;&amp; ClassName='ThunderRT6FormDC'
\0
E, 3504, 19, 2013/05/23, 18:06:45.200, 2875045425873, QTAgent32.exe, &lt;a class=failure&gt;Playback - {85} [FAILED] Function ElementFetcher::FindScreenElement failed to locate UI element (Searching: ;[VisibleOnly]ControlType='Window' &amp;&amp; Name='Broker Add-ons' &amp;&amp; ClassName='ThunderRT6FormDC') (The object specified was not found.)
\0&lt;/a&gt;
E, 3504, 19, 2013/05/23, 18:06:45.282, 2875046604094, QTAgent32.exe, Playback - [IMAGE] C:\Users\testuser\AppData\Local\Temp\UITestLogs\LastRun\RPFEBE4.png
\0
W, 3504, 19, 2013/05/23, 18:06:45.282, 2875046606659, QTAgent32.exe, Playback - [WARNING] Internal warning: Couldn't find descendants that match QueryId
\0
W, 3504, 19, 2013/05/23, 18:06:45.283, 2875046614404, QTAgent32.exe, PERF WARNING: FindTopLevelWindowHelper::FindAllDescendents: took 18522 ms. Expected it to take maximum 500 ms.
W, 3504, 19, 2013/05/23, 18:06:47.925, 2875084439544, QTAgent32.exe, Playback - [WARNING] Internal warning: Smart Match failed
\0
W, 3504, 19, 2013/05/23, 18:06:49.331, 2875104577905, QTAgent32.exe, Playback - [WARNING] Internal warning: Window Not Found: [VisibleOnly]ControlType='Window' &amp;&amp; Name='Broker Add-ons' &amp;&amp; ClassName='ThunderRT6FormDC'
\0
E, 3504, 19, 2013/05/23, 18:06:49.331, 2875104582552, QTAgent32.exe, &lt;a class=failure&gt;Playback - {86} [FAILED] Function ElementFetcher::FindScreenElement failed to locate UI element (Searching: ;[VisibleOnly]ControlType='Window' &amp;&amp; Name='Broker Add-ons' &amp;&amp; ClassName='ThunderRT6FormDC') (The object specified was not found.)
\0&lt;/a&gt;
E, 3504, 19, 2013/05/23, 18:06:49.411, 2875105724356, QTAgent32.exe, Playback - [IMAGE] C:\Users\testuser\AppData\Local\Temp\UITestLogs\LastRun\RPFFC0B.png
\0
W, 3504, 19, 2013/05/23, 18:06:49.412, 2875105727067, QTAgent32.exe, Playback - [WARNING] Internal warning: Couldn't find descendants that match QueryId
\0
W, 3504, 19, 2013/05/23, 18:06:49.412, 2875105731717, QTAgent32.exe, PERF WARNING: FindTopLevelWindowHelper::FindAllDescendents: took 4128 ms. Expected it to take maximum 500 ms.
E, 3504, 19, 2013/05/23, 18:06:49.412, 2875105734114, QTAgent32.exe, Exception: System.Runtime.InteropServices.COMException
	Message: Error HRESULT E_FAIL has been returned from a call to a COM component.
	Stack Trace:    at Microsoft.VisualStudio.TestTools.UITest.Playback.Engine.IRPFPlayback.FindAllScreenElements(IScreenElement pScreenElementStart, String bstrQueryId, Object&amp; pvarResKeys, Int32 cResKeys, Int32 nMaxDepth, Object[]&amp; foundDescendants)
   at Microsoft.VisualStudio.TestTools.UITest.Playback.ScreenElement.FindTopLevelWindowHelper(String queryId)
	BaseExceptionMessage: Error HRESULT E_FAIL has been returned from a call to a COM component.

E, 3504, 19, 2013/05/23, 18:06:49.514, 2875107187517, QTAgent32.exe, AL: Playback Error: Microsoft.VisualStudio.TestTools.UITest.Extension.UITestControlNotFoundException: The playback failed to find the control with the given search properties. Additional Details: 
TechnologyName:  'MSAA'
ControlType:  'Window'
Name:  'Broker Add-ons'
ClassName:  'ThunderRT6FormDC'
 ---&gt; System.Runtime.InteropServices.COMException: Error HRESULT E_FAIL has been returned from a call to a COM component.
   at Microsoft.VisualStudio.TestTools.UITest.Playback.Engine.IRPFPlayback.FindAllScreenElements(IScreenElement pScreenElementStart, String bstrQueryId, Object&amp; pvarResKeys, Int32 cResKeys, Int32 nMaxDepth, Object[]&amp; foundDescendants)
   at Microsoft.VisualStudio.TestTools.UITest.Playback.ScreenElement.FindTopLevelWindowHelper(String queryId)
   at Microsoft.VisualStudio.TestTools.UITest.Playback.ScreenElement.FindFromPartialQueryId(String queryId)
   at Microsoft.VisualStudio.TestTools.UITesting.UITestControl..ctor(String queryId)
   --- End of inner exception stack trace ---
   at Microsoft.VisualStudio.TestTools.UITesting.Playback.MapControlNotFoundException(COMException ex, IPlaybackContext context)
   at Microsoft.VisualStudio.TestTools.UITesting.Playback.MapAndThrowComException(COMException innerException, IPlaybackContext context)
   at Microsoft.VisualStudio.TestTools.UITesting.Playback.MapAndThrowException(SystemException exception, IPlaybackContext context)
   at Microsoft.VisualStudio.TestTools.UITesting.Playback.MapAndThrowException(SystemException exception, String queryId)
   at Microsoft.VisualStudio.TestTools.UITesting.UITestControl..ctor(String queryId)
   at Microsoft.VisualStudio.TestTools.UITesting.SearchHelper.SearchTopLevelWindow(ISearchArgument topLevelSearchArg, String topLevelElementQueryId)
   at Microsoft.VisualStudio.TestTools.UITesting.SearchHelper.GetTitleUpdatedTopLevelWindow(ISearchArgument topLevelSearchArg, String queryId, IList`1 windowTitles)
   at Microsoft.VisualStudio.TestTools.UITesting.SearchHelper.GetTopLevelElement(Boolean useCache, Boolean useCacheOnly, ISearchArgument searchArg, IList`1 windowTitles, Int32&amp; timeLeft)
   at Microsoft.VisualStudio.TestTools.UITesting.SearchHelper.GetElement(Boolean useCache, ISearchArgument searchArg)
   at Microsoft.VisualStudio.TestTools.UITesting.SearchHelper.Search(ISearchArgument searchArg)
   at Microsoft.VisualStudio.TestTools.UITesting.UITestControl.FindInternal()
   at Microsoft.VisualStudio.TestTools.UITesting.UITestControl.FindControlIfNecessary()
   at Microsoft.VisualStudio.TestTools.UITesting.UITestControl.Click(MouseButtons button, ModifierKeys modifierKeys, Point relativeCoordinates)
   at Microsoft.VisualStudio.TestTools.UITesting.Mouse.ClickImplementation(UITestControl control, MouseButtons button, ModifierKeys modifierKeys, Point relativeCoordinate)
   at Microsoft.VisualStudio.TestTools.UITesting.Mouse.ClickImplementationWrapper(UITestControl control, MouseButtons button, ModifierKeys modifierKeys, Point relativeCoordinate)
W, 3504, 19, 2013/05/23, 18:06:49.514, 2875107191772, QTAgent32.exe, PlaybackErrorHandler: Ignoring exception as ContinueOnError is set.
W, 3504, 19, 2013/05/23, 18:06:57.025, 2875214745704, QTAgent32.exe, Playback - [WARNING] Internal warning: Window Not Found: [VisibleOnly]ControlType='Window' &amp;&amp; Name='Save the file as' &amp;&amp; ClassName='#32770'
\0
E, 3504, 19, 2013/05/23, 18:06:57.026, 2875214751437, QTAgent32.exe, &lt;a class=failure&gt;Playback - {87} [FAILED] Function ElementFetcher::FindScreenElement failed to locate UI element (Searching: ;[VisibleOnly]ControlType='Window' &amp;&amp; Name='Save the file as' &amp;&amp; ClassName='#32770') (The object specified was not found.)
\0&lt;/a&gt;
E, 3504, 19, 2013/05/23, 18:06:57.109, 2875215944647, QTAgent32.exe, Playback - [IMAGE] C:\Users\testuser\AppData\Local\Temp\UITestLogs\LastRun\RPF1A17.png
\0
W, 3504, 19, 2013/05/23, 18:06:57.109, 2875215947066, QTAgent32.exe, Playback - [WARNING] Internal warning: Couldn't find descendants that match QueryId
\0
W, 3504, 19, 2013/05/23, 18:06:57.109, 2875215951627, QTAgent32.exe, PERF WARNING: FindTopLevelWindowHelper::FindAllDescendents: took 7595 ms. Expected it to take maximum 500 ms.
W, 3504, 19, 2013/05/23, 18:07:16.338, 2875491276362, QTAgent32.exe, Playback - [WARNING] Internal warning: Window Not Found: [VisibleOnly]ControlType='Window' &amp;&amp; Name='Save the file as' &amp;&amp; ClassName='#32770'
\0
E, 3504, 19, 2013/05/23, 18:07:16.339, 2875491285491, QTAgent32.exe, &lt;a class=failure&gt;Playback - {88} [FAILED] Function ElementFetcher::FindScreenElement failed to locate UI element (Searching: ;[VisibleOnly]ControlType='Window' &amp;&amp; Name='Save the file as' &amp;&amp; ClassName='#32770') (The object specified was not found.)
\0&lt;/a&gt;
E, 3504, 19, 2013/05/23, 18:07:16.423, 2875492485107, QTAgent32.exe, Playback - [IMAGE] C:\Users\testuser\AppData\Local\Temp\UITestLogs\LastRun\RPF6589.png
\0
W, 3504, 19, 2013/05/23, 18:07:16.423, 2875492487718, QTAgent32.exe, Playback - [WARNING] Internal warning: Couldn't find descendants that match QueryId
\0
W, 3504, 19, 2013/05/23, 18:07:16.424, 2875492495925, QTAgent32.exe, PERF WARNING: FindTopLevelWindowHelper::FindAllDescendents: took 19313 ms. Expected it to take maximum 500 ms.
W, 3504, 19, 2013/05/23, 18:07:19.068, 2875530357446, QTAgent32.exe, Playback - [WARNING] Internal warning: Smart Match failed
\0
W, 3504, 19, 2013/05/23, 18:07:20.462, 2875550318936, QTAgent32.exe, Playback - [WARNING] Internal warning: Window Not Found: [VisibleOnly]ControlType='Window' &amp;&amp; Name='Save the file as' &amp;&amp; ClassName='#32770'
\0
E, 3504, 19, 2013/05/23, 18:07:20.462, 2875550322901, QTAgent32.exe, &lt;a class=failure&gt;Playback - {89} [FAILED] Function ElementFetcher::FindScreenElement failed to locate UI element (Searching: ;[VisibleOnly]ControlType='Window' &amp;&amp; Name='Save the file as' &amp;&amp; ClassName='#32770') (The object specified was not found.)
\0&lt;/a&gt;
E, 3504, 19, 2013/05/23, 18:07:20.543, 2875551472722, QTAgent32.exe, Playback - [IMAGE] C:\Users\testuser\AppData\Local\Temp\UITestLogs\LastRun\RPF75B0.png
\0
W, 3504, 19, 2013/05/23, 18:07:20.543, 2875551475161, QTAgent32.exe, Playback - [WARNING] Internal warning: Couldn't find descendants that match QueryId
\0
W, 3504, 19, 2013/05/23, 18:07:20.543, 2875551479342, QTAgent32.exe, PERF WARNING: FindTopLevelWindowHelper::FindAllDescendents: took 4119 ms. Expected it to take maximum 500 ms.
E, 3504, 19, 2013/05/23, 18:07:20.543, 2875551481627, QTAgent32.exe, Exception: System.Runtime.InteropServices.COMException
	Message: Error HRESULT E_FAIL has been returned from a call to a COM component.
	Stack Trace:    at Microsoft.VisualStudio.TestTools.UITest.Playback.Engine.IRPFPlayback.FindAllScreenElements(IScreenElement pScreenElementStart, String bstrQueryId, Object&amp; pvarResKeys, Int32 cResKeys, Int32 nMaxDepth, Object[]&amp; foundDescendants)
   at Microsoft.VisualStudio.TestTools.UITest.Playback.ScreenElement.FindTopLevelWindowHelper(String queryId)
	BaseExceptionMessage: Error HRESULT E_FAIL has been returned from a call to a COM component.

E, 3504, 19, 2013/05/23, 18:07:20.644, 2875552925121, QTAgent32.exe, AL: Playback Error: Microsoft.VisualStudio.TestTools.UITest.Extension.UITestControlNotFoundException: The playback failed to find the control with the given search properties. Additional Details: 
TechnologyName:  'MSAA'
ControlType:  'Window'
Name:  'Save the file as'
ClassName:  '#32770'
 ---&gt; System.Runtime.InteropServices.COMException: Error HRESULT E_FAIL has been returned from a call to a COM component.
   at Microsoft.VisualStudio.TestTools.UITest.Playback.Engine.IRPFPlayback.FindAllScreenElements(IScreenElement pScreenElementStart, String bstrQueryId, Object&amp; pvarResKeys, Int32 cResKeys, Int32 nMaxDepth, Object[]&amp; foundDescendants)
   at Microsoft.VisualStudio.TestTools.UITest.Playback.ScreenElement.FindTopLevelWindowHelper(String queryId)
   at Microsoft.VisualStudio.TestTools.UITest.Playback.ScreenElement.FindFromPartialQueryId(String queryId)
   at Microsoft.VisualStudio.TestTools.UITesting.UITestControl..ctor(String queryId)
   --- End of inner exception stack trace ---
   at Microsoft.VisualStudio.TestTools.UITesting.Playback.MapControlNotFoundException(COMException ex, IPlaybackContext context)
   at Microsoft.VisualStudio.TestTools.UITesting.Playback.MapAndThrowComException(COMException innerException, IPlaybackContext context)
   at Microsoft.VisualStudio.TestTools.UITesting.Playback.MapAndThrowException(SystemException exception, IPlaybackContext context)
   at Microsoft.VisualStudio.TestTools.UITesting.Playback.MapAndThrowException(SystemException exception, String queryId)
   at Microsoft.VisualStudio.TestTools.UITesting.UITestControl..ctor(String queryId)
   at Microsoft.VisualStudio.TestTools.UITesting.SearchHelper.SearchTopLevelWindow(ISearchArgument topLevelSearchArg, String topLevelElementQueryId)
   at Microsoft.VisualStudio.TestTools.UITesting.SearchHelper.GetTitleUpdatedTopLevelWindow(ISearchArgument topLevelSearchArg, String queryId, IList`1 windowTitles)
   at Microsoft.VisualStudio.TestTools.UITesting.SearchHelper.GetTopLevelElement(Boolean useCache, Boolean useCacheOnly, ISearchArgument searchArg, IList`1 windowTitles, Int32&amp; timeLeft)
   at Microsoft.VisualStudio.TestTools.UITesting.SearchHelper.GetElement(Boolean useCache, ISearchArgument searchArg)
   at Microsoft.VisualStudio.TestTools.UITesting.SearchHelper.Search(ISearchArgument searchArg)
   at Microsoft.VisualStudio.TestTools.UITesting.UITestControl.FindInternal()
   at Microsoft.VisualStudio.TestTools.UITesting.UITestControl.FindControlIfNecessary()
   at Microsoft.VisualStudio.TestTools.UITesting.UITestControl.Click(MouseButtons button, ModifierKeys modifierKeys, Point relativeCoordinates)
   at Microsoft.VisualStudio.TestTools.UITesting.Mouse.ClickImplementation(UITestControl control, MouseButtons button, ModifierKeys modifierKeys, Point relativeCoordinate)
   at Microsoft.VisualStudio.TestTools.UITesting.Mouse.ClickImplementationWrapper(UITestControl control, MouseButtons button, ModifierKeys modifierKeys, Point relativeCoordinate)
W, 3504, 19, 2013/05/23, 18:07:20.644, 2875552930010, QTAgent32.exe, PlaybackErrorHandler: Ignoring exception as ContinueOnError is set.
W, 3504, 19, 2013/05/23, 18:07:28.140, 2875660254761, QTAgent32.exe, Playback - [WARNING] Internal warning: Window Not Found: [VisibleOnly]ControlType='Window' &amp;&amp; Name='Personal Lines' &amp;&amp; ClassName='#32770'
\0
E, 3504, 19, 2013/05/23, 18:07:28.140, 2875660259335, QTAgent32.exe, &lt;a class=failure&gt;Playback - {90} [FAILED] Function ElementFetcher::FindScreenElement failed to locate UI element (Searching: ;[VisibleOnly]ControlType='Window' &amp;&amp; Name='Personal Lines' &amp;&amp; ClassName='#32770') (The object specified was not found.)
\0&lt;/a&gt;
E, 3504, 19, 2013/05/23, 18:07:28.228, 2875661506994, QTAgent32.exe, Playback - [IMAGE] C:\Users\testuser\AppData\Local\Temp\UITestLogs\LastRun\RPF93AC.png
\0
W, 3504, 19, 2013/05/23, 18:07:28.228, 2875661509286, QTAgent32.exe, Playback - [WARNING] Internal warning: Couldn't find descendants that match QueryId
\0
W, 3504, 19, 2013/05/23, 18:07:28.228, 2875661513873, QTAgent32.exe, PERF WARNING: FindTopLevelWindowHelper::FindAllDescendents: took 7583 ms. Expected it to take maximum 500 ms.
W, 3504, 19, 2013/05/23, 18:07:47.733, 2875940783965, QTAgent32.exe, Playback - [WARNING] Internal warning: Window Not Found: [VisibleOnly]ControlType='Window' &amp;&amp; Name='Personal Lines' &amp;&amp; ClassName='#32770'
\0
E, 3504, 19, 2013/05/23, 18:07:47.733, 2875940789694, QTAgent32.exe, &lt;a class=failure&gt;Playback - {91} [FAILED] Function ElementFetcher::FindScreenElement failed to locate UI element (Searching: ;[VisibleOnly]ControlType='Window' &amp;&amp; Name='Personal Lines' &amp;&amp; ClassName='#32770') (The object specified was not found.)
\0&lt;/a&gt;
E, 3504, 19, 2013/05/23, 18:07:47.814, 2875941950541, QTAgent32.exe, Playback - [IMAGE] C:\Users\testuser\AppData\Local\Temp\UITestLogs\LastRun\RPFE037.png
\0
W, 3504, 19, 2013/05/23, 18:07:47.814, 2875941953427, QTAgent32.exe, Playback - [WARNING] Internal warning: Couldn't find descendants that match QueryId
\0
W, 3504, 19, 2013/05/23, 18:07:47.815, 2875941958710, QTAgent32.exe, PERF WARNING: FindTopLevelWindowHelper::FindAllDescendents: took 19586 ms. Expected it to take maximum 500 ms.
W, 3504, 19, 2013/05/23, 18:07:50.458, 2875979805341, QTAgent32.exe, Playback - [WARNING] Internal warning: Smart Match failed
\0
W, 3504, 19, 2013/05/23, 18:07:51.838, 2875999567040, QTAgent32.exe, Playback - [WARNING] Internal warning: Window Not Found: [VisibleOnly]ControlType='Window' &amp;&amp; Name='Personal Lines' &amp;&amp; ClassName='#32770'
\0
E, 3504, 19, 2013/05/23, 18:07:51.838, 2875999571036, QTAgent32.exe, &lt;a class=failure&gt;Playback - {92} [FAILED] Function ElementFetcher::FindScreenElement failed to locate UI element (Searching: ;[VisibleOnly]ControlType='Window' &amp;&amp; Name='Personal Lines' &amp;&amp; ClassName='#32770') (The object specified was not found.)
\0&lt;/a&gt;
E, 3504, 19, 2013/05/23, 18:07:51.919, 2876000726896, QTAgent32.exe, Playback - [IMAGE] C:\Users\testuser\AppData\Local\Temp\UITestLogs\LastRun\RPFF03F.png
\0
W, 3504, 19, 2013/05/23, 18:07:51.919, 2876000729501, QTAgent32.exe, Playback - [WARNING] Internal warning: Couldn't find descendants that match QueryId
\0
W, 3504, 19, 2013/05/23, 18:07:51.920, 2876000732587, QTAgent32.exe, PERF WARNING: FindTopLevelWindowHelper::FindAllDescendents: took 4104 ms. Expected it to take maximum 500 ms.
E, 3504, 19, 2013/05/23, 18:07:51.920, 2876000734467, QTAgent32.exe, Exception: System.Runtime.InteropServices.COMException
	Message: Error HRESULT E_FAIL has been returned from a call to a COM component.
	Stack Trace:    at Microsoft.VisualStudio.TestTools.UITest.Playback.Engine.IRPFPlayback.FindAllScreenElements(IScreenElement pScreenElementStart, String bstrQueryId, Object&amp; pvarResKeys, Int32 cResKeys, Int32 nMaxDepth, Object[]&amp; foundDescendants)
   at Microsoft.VisualStudio.TestTools.UITest.Playback.ScreenElement.FindTopLevelWindowHelper(String queryId)
	BaseExceptionMessage: Error HRESULT E_FAIL has been returned from a call to a COM component.

E, 3504, 19, 2013/05/23, 18:07:51.920, 2876000739028, QTAgent32.exe, Window 4654224 not responding. Last Win32 error 0
E, 3504, 19, 2013/05/23, 18:07:51.920, 2876000740524, QTAgent32.exe, GetClassName for handle 4654224 failed
E, 3504, 19, 2013/05/23, 18:07:52.020, 2876002179829, QTAgent32.exe, AL: Playback Error: Microsoft.VisualStudio.TestTools.UITest.Extension.UITestControlNotAvailableException: The control is not available or not valid. Additional Details: 
TechnologyName:  'MSAA'
Name:  'Personal Lines'
ClassName:  '#32770'
ControlType:  'Window'
 ---&gt; System.Runtime.InteropServices.COMException: Error HRESULT E_FAIL has been returned from a call to a COM component.
   at Microsoft.VisualStudio.TestTools.UITest.Playback.Engine.IRPFPlayback.FindAllScreenElements(IScreenElement pScreenElementStart, String bstrQueryId, Object&amp; pvarResKeys, Int32 cResKeys, Int32 nMaxDepth, Object[]&amp; foundDescendants)
   at Microsoft.VisualStudio.TestTools.UITest.Playback.ScreenElement.FindTopLevelWindowHelper(String queryId)
   at Microsoft.VisualStudio.TestTools.UITest.Playback.ScreenElement.FindFromPartialQueryId(String queryId)
   at Microsoft.VisualStudio.TestTools.UITesting.UITestControl.EnsureValid(Boolean waitForReady, Boolean refetch)
   --- End of inner exception stack trace ---
   at Microsoft.VisualStudio.TestTools.UITesting.UITestControl.EnsureValid(Boolean waitForReady, Boolean refetch)
   at Microsoft.VisualStudio.TestTools.UITesting.UITestControl.FindFirstDescendant(String queryId, Int32 maxDepth, Int32&amp; timeLeft)
   at Microsoft.VisualStudio.TestTools.UITesting.SearchHelper.GetElement(Boolean useCache, ISearchArgument searchArg)
   at Microsoft.VisualStudio.TestTools.UITesting.SearchHelper.Search(ISearchArgument searchArg)
   at Microsoft.VisualStudio.TestTools.UITesting.UITestControl.FindInternal()
   at Microsoft.VisualStudio.TestTools.UITesting.UITestControl.FindControlIfNecessary()
   at Microsoft.VisualStudio.TestTools.UITesting.UITestControl.Click(MouseButtons button, ModifierKeys modifierKeys, Point relativeCoordinates)
   at Microsoft.VisualStudio.TestTools.UITesting.Mouse.ClickImplementation(UITestControl control, MouseButtons button, ModifierKeys modifierKeys, Point relativeCoordinate)
   at Microsoft.VisualStudio.TestTools.UITesting.Mouse.ClickImplementationWrapper(UITestControl control, MouseButtons button, ModifierKeys modifierKeys, Point relativeCoordinate)
W, 3504, 19, 2013/05/23, 18:07:52.021, 2876002183142, QTAgent32.exe, PlaybackErrorHandler: Ignoring exception as ContinueOnError is set.
W, 3504, 19, 2013/05/23, 18:07:52.346, 2876006829136, QTAgent32.exe, &lt;a class=success&gt;Playback - {93} [SUCCESS] MouseButtonClick - "[MSAA, VisibleOnly]ControlType='Button' &amp;&amp; Name='Ok'"
\0&lt;/a&gt;
W, 3504, 19, 2013/05/23, 18:07:52.638, 2876011013338, QTAgent32.exe, &lt;a class=success&gt;Playback - {94} [SUCCESS] MouseButtonClick - "[MSAA, VisibleOnly]ControlType='Button' &amp;&amp; Name='Ok'"
\0&lt;/a&gt;
W, 3504, 19, 2013/05/23, 18:07:54.763, 2876041441054, QTAgent32.exe, &lt;a class=success&gt;Playback - {95} [SUCCESS] SetValueAsEditBox "B338TH" - "[MSAA, VisibleOnly]ControlType='Edit'"  &lt; Set via SendKeys &gt;
\0&lt;/a&gt;
W, 3504, 19, 2013/05/23, 18:07:56.994, 2876073388105, QTAgent32.exe, &lt;a class=success&gt;Playback - {96} [SUCCESS] MouseButtonClick - "[MSAA, VisibleOnly]ControlType='Button' &amp;&amp; Name='Lookup...'"
\0&lt;/a&gt;
W, 3504, 19, 2013/05/23, 18:07:57.280, 2876077487439, QTAgent32.exe, &lt;a class=success&gt;Playback - {97} [SUCCESS] MouseButtonClick - "[MSAA, VisibleOnly]ControlType='Button' &amp;&amp; Name='Ok'"
\0&lt;/a&gt;
W, 3504, 19, 2013/05/23, 18:07:57.598, 2876082038402, QTAgent32.exe, &lt;a class=success&gt;Playback - {98} [SUCCESS] MouseButtonClick - "[MSAA, VisibleOnly]ControlType='Button' &amp;&amp; Name='Confirm'"
\0&lt;/a&gt;
W, 3504, 19, 2013/05/23, 18:08:15.699, 2876341209637, QTAgent32.exe, Playback - [WARNING] Internal warning: Window Not Found: [VisibleOnly]ControlType='Window' &amp;&amp; Name='Personal Lines' &amp;&amp; ClassName='#32770'
\0
E, 3504, 19, 2013/05/23, 18:08:15.699, 2876341218235, QTAgent32.exe, &lt;a class=failure&gt;Playback - {99} [FAILED] Function ElementFetcher::FindScreenElement failed to locate UI element (Searching: ;[VisibleOnly]ControlType='Window' &amp;&amp; Name='Personal Lines' &amp;&amp; ClassName='#32770') (The object specified was not found.)
\0&lt;/a&gt;
E, 3504, 19, 2013/05/23, 18:08:15.783, 2876342416137, QTAgent32.exe, Playback - [IMAGE] C:\Users\testuser\AppData\Local\Temp\UITestLogs\LastRun\RPF4D7C.png
\0
W, 3504, 19, 2013/05/23, 18:08:15.783, 2876342418557, QTAgent32.exe, Playback - [WARNING] Internal warning: Couldn't find descendants that match QueryId
\0
W, 3504, 19, 2013/05/23, 18:08:15.784, 2876342427084, QTAgent32.exe, PERF WARNING: FindTopLevelWindowHelper::FindAllDescendents: took 18085 ms. Expected it to take maximum 500 ms.
W, 3504, 19, 2013/05/23, 18:08:35.005, 2876617632041, QTAgent32.exe, Playback - [WARNING] Internal warning: Window Not Found: [VisibleOnly]ControlType='Window' &amp;&amp; Name='Personal Lines' &amp;&amp; ClassName='#32770'
\0
E, 3504, 19, 2013/05/23, 18:08:35.005, 2876617637460, QTAgent32.exe, &lt;a class=failure&gt;Playback - {100} [FAILED] Function ElementFetcher::FindScreenElement failed to locate UI element (Searching: ;[VisibleOnly]ControlType='Window' &amp;&amp; Name='Personal Lines' &amp;&amp; ClassName='#32770') (The object specified was not found.)
\0&lt;/a&gt;
E, 3504, 19, 2013/05/23, 18:08:35.084, 2876618775652, QTAgent32.exe, Playback - [IMAGE] C:\Users\testuser\AppData\Local\Temp\UITestLogs\LastRun\RPF98DE.png
\0
W, 3504, 19, 2013/05/23, 18:08:35.085, 2876618778047, QTAgent32.exe, Playback - [WARNING] Internal warning: Couldn't find descendants that match QueryId
\0
W, 3504, 19, 2013/05/23, 18:08:35.085, 2876618784029, QTAgent32.exe, PERF WARNING: FindTopLevelWindowHelper::FindAllDescendents: took 19300 ms. Expected it to take maximum 500 ms.
W, 3504, 19, 2013/05/23, 18:08:37.739, 2876656779428, QTAgent32.exe, Playback - [WARNING] Internal warning: Smart Match failed
\0
W, 3504, 19, 2013/05/23, 18:08:39.124, 2876676621271, QTAgent32.exe, Playback - [WARNING] Internal warning: Window Not Found: [VisibleOnly]ControlType='Window' &amp;&amp; Name='Personal Lines' &amp;&amp; ClassName='#32770'
\0
E, 3504, 19, 2013/05/23, 18:08:39.125, 2876676624910, QTAgent32.exe, &lt;a class=failure&gt;Playback - {101} [FAILED] Function ElementFetcher::FindScreenElement failed to locate UI element (Searching: ;[VisibleOnly]ControlType='Window' &amp;&amp; Name='Personal Lines' &amp;&amp; ClassName='#32770') (The object specified was not found.)
\0&lt;/a&gt;
E, 3504, 19, 2013/05/23, 18:08:39.202, 2876677734767, QTAgent32.exe, Playback - [IMAGE] C:\Users\testuser\AppData\Local\Temp\UITestLogs\LastRun\RPFA8F6.png
\0
W, 3504, 19, 2013/05/23, 18:08:39.202, 2876677737357, QTAgent32.exe, Playback - [WARNING] Internal warning: Couldn't find descendants that match QueryId
\0
W, 3504, 19, 2013/05/23, 18:08:39.203, 2876677740997, QTAgent32.exe, PERF WARNING: FindTopLevelWindowHelper::FindAllDescendents: took 4117 ms. Expected it to take maximum 500 ms.
E, 3504, 19, 2013/05/23, 18:08:39.203, 2876677743032, QTAgent32.exe, Exception: System.Runtime.InteropServices.COMException
	Message: Error HRESULT E_FAIL has been returned from a call to a COM component.
	Stack Trace:    at Microsoft.VisualStudio.TestTools.UITest.Playback.Engine.IRPFPlayback.FindAllScreenElements(IScreenElement pScreenElementStart, String bstrQueryId, Object&amp; pvarResKeys, Int32 cResKeys, Int32 nMaxDepth, Object[]&amp; foundDescendants)
   at Microsoft.VisualStudio.TestTools.UITest.Playback.ScreenElement.FindTopLevelWindowHelper(String queryId)
	BaseExceptionMessage: Error HRESULT E_FAIL has been returned from a call to a COM component.

E, 3504, 19, 2013/05/23, 18:08:39.203, 2876677747920, QTAgent32.exe, Window 4654224 not responding. Last Win32 error 0
E, 3504, 19, 2013/05/23, 18:08:39.203, 2876677749304, QTAgent32.exe, GetClassName for handle 4654224 failed
E, 3504, 19, 2013/05/23, 18:08:39.304, 2876679188222, QTAgent32.exe, AL: Playback Error: Microsoft.VisualStudio.TestTools.UITest.Extension.UITestControlNotAvailableException: The control is not available or not valid. Additional Details: 
TechnologyName:  'MSAA'
Name:  'Personal Lines'
ClassName:  '#32770'
ControlType:  'Window'
 ---&gt; System.Runtime.InteropServices.COMException: Error HRESULT E_FAIL has been returned from a call to a COM component.
   at Microsoft.VisualStudio.TestTools.UITest.Playback.Engine.IRPFPlayback.FindAllScreenElements(IScreenElement pScreenElementStart, String bstrQueryId, Object&amp; pvarResKeys, Int32 cResKeys, Int32 nMaxDepth, Object[]&amp; foundDescendants)
   at Microsoft.VisualStudio.TestTools.UITest.Playback.ScreenElement.FindTopLevelWindowHelper(String queryId)
   at Microsoft.VisualStudio.TestTools.UITest.Playback.ScreenElement.FindFromPartialQueryId(String queryId)
   at Microsoft.VisualStudio.TestTools.UITesting.UITestControl.EnsureValid(Boolean waitForReady, Boolean refetch)
   --- End of inner exception stack trace ---
   at Microsoft.VisualStudio.TestTools.UITesting.UITestControl.EnsureValid(Boolean waitForReady, Boolean refetch)
   at Microsoft.VisualStudio.TestTools.UITesting.UITestControl.FindFirstDescendant(String queryId, Int32 maxDepth, Int32&amp; timeLeft)
   at Microsoft.VisualStudio.TestTools.UITesting.SearchHelper.GetElement(Boolean useCache, ISearchArgument searchArg)
   at Microsoft.VisualStudio.TestTools.UITesting.SearchHelper.Search(ISearchArgument searchArg)
   at Microsoft.VisualStudio.TestTools.UITesting.UITestControl.FindInternal()
   at Microsoft.VisualStudio.TestTools.UITesting.UITestControl.FindControlIfNecessary()
   at Microsoft.VisualStudio.TestTools.UITesting.UITestControl.Click(MouseButtons button, ModifierKeys modifierKeys, Point relativeCoordinates)
   at Microsoft.VisualStudio.TestTools.UITesting.Mouse.ClickImplementation(UITestControl control, MouseButtons button, ModifierKeys modifierKeys, Point relativeCoordinate)
   at Microsoft.VisualStudio.TestTools.UITesting.Mouse.ClickImplementationWrapper(UITestControl control, MouseButtons button, ModifierKeys modifierKeys, Point relativeCoordinate)
W, 3504, 19, 2013/05/23, 18:08:39.304, 2876679190712, QTAgent32.exe, PlaybackErrorHandler: Ignoring exception as ContinueOnError is set.
W, 3504, 19, 2013/05/23, 18:08:39.444, 2876681201844, QTAgent32.exe, &lt;a class=success&gt;Playback - {102} [SUCCESS] Check - "[MSAA, VisibleOnly]ControlType='CheckBox' &amp;&amp; Name='Defer Printing?'"
\0&lt;/a&gt;
W, 3504, 19, 2013/05/23, 18:08:40.018, 2876689410597, QTAgent32.exe, &lt;a class=success&gt;Playback - {103} [SUCCESS] MouseButtonClick - "[MSAA, VisibleOnly]ControlType='Button' &amp;&amp; Name='Ok'"
\0&lt;/a&gt;
W, 3504, 19, 2013/05/23, 18:08:41.153, 2876705663767, QTAgent32.exe, PERF WARNING: FindTopLevelWindowHelper::FindAllDescendents: took 1034 ms. Expected it to take maximum 500 ms.
W, 3504, 19, 2013/05/23, 18:08:41.297, 2876707730752, QTAgent32.exe, &lt;a class=success&gt;Playback - {104} [SUCCESS] Uncheck - "[MSAA, VisibleOnly]ControlType='CheckBox' &amp;&amp; Name='Add Activity'"
\0&lt;/a&gt;
W, 3504, 19, 2013/05/23, 18:08:41.833, 2876715407909, QTAgent32.exe, &lt;a class=success&gt;Playback - {105} [SUCCESS] MouseButtonClick - "[MSAA, VisibleOnly]ControlType='Button' &amp;&amp; Name='Ok'"
\0&lt;/a&gt;
W, 3504, 19, 2013/05/23, 18:08:42.108, 2876719332809, QTAgent32.exe, &lt;a class=success&gt;Playback - {106} [SUCCESS] MouseButtonClick - "[MSAA, VisibleOnly]ControlType='Button' &amp;&amp; Name='Ok'"
\0&lt;/a&gt;
W, 3504, 19, 2013/05/23, 18:08:46.966, 2876788904303, QTAgent32.exe, Playback - [WARNING] Internal warning: Window Not Found: [VisibleOnly]ControlType='Window' &amp;&amp; Name='Transaction to insert' &amp;&amp; ClassName='TfSelectItem'
\0
E, 3504, 19, 2013/05/23, 18:08:46.967, 2876788909886, QTAgent32.exe, &lt;a class=failure&gt;Playback - {107} [FAILED] Function ElementFetcher::FindScreenElement failed to locate UI element (Searching: ;[VisibleOnly]ControlType='Window' &amp;&amp; Name='Transaction to insert' &amp;&amp; ClassName='TfSelectItem') (The object specified was not found.)
\0&lt;/a&gt;
E, 3504, 19, 2013/05/23, 18:08:47.047, 2876790052964, QTAgent32.exe, Playback - [IMAGE] C:\Users\testuser\AppData\Local\Temp\UITestLogs\LastRun\RPFC79E.png
\0
W, 3504, 19, 2013/05/23, 18:08:47.047, 2876790055372, QTAgent32.exe, Playback - [WARNING] Internal warning: Couldn't find descendants that match QueryId
\0
W, 3504, 19, 2013/05/23, 18:08:47.047, 2876790059215, QTAgent32.exe, PERF WARNING: FindTopLevelWindowHelper::FindAllDescendents: took 4836 ms. Expected it to take maximum 500 ms.
W, 3504, 19, 2013/05/23, 18:09:05.457, 2877053660812, QTAgent32.exe, Playback - [WARNING] Internal warning: Window Not Found: [VisibleOnly]ControlType='Window' &amp;&amp; Name='Transaction to insert' &amp;&amp; ClassName='TfSelectItem'
\0
E, 3504, 19, 2013/05/23, 18:09:05.458, 2877053665123, QTAgent32.exe, &lt;a class=failure&gt;Playback - {108} [FAILED] Function ElementFetcher::FindScreenElement failed to locate UI element (Searching: ;[VisibleOnly]ControlType='Window' &amp;&amp; Name='Transaction to insert' &amp;&amp; ClassName='TfSelectItem') (The object specified was not found.)
\0&lt;/a&gt;
E, 3504, 19, 2013/05/23, 18:09:05.541, 2877054857690, QTAgent32.exe, Playback - [IMAGE] C:\Users\testuser\AppData\Local\Temp\UITestLogs\LastRun\RPFFD5.png
\0
W, 3504, 19, 2013/05/23, 18:09:05.541, 2877054860267, QTAgent32.exe, Playback - [WARNING] Internal warning: Couldn't find descendants that match QueryId
\0
W, 3504, 19, 2013/05/23, 18:09:05.542, 2877054863523, QTAgent32.exe, PERF WARNING: FindTopLevelWindowHelper::FindAllDescendents: took 18493 ms. Expected it to take maximum 500 ms.
W, 3504, 19, 2013/05/23, 18:09:06.286, 2877065520786, QTAgent32.exe, Playback - [WARNING] Internal warning: Smart Match failed
\0
W, 3504, 19, 2013/05/23, 18:09:07.144, 2877077818079, QTAgent32.exe, Playback - [WARNING] Internal warning: Smart Match failed
\0
W, 3504, 19, 2013/05/23, 18:09:07.989, 2877089909518, QTAgent32.exe, Playback - [WARNING] Internal warning: Smart Match failed
\0
W, 3504, 19, 2013/05/23, 18:09:08.830, 2877101948456, QTAgent32.exe, Playback - [WARNING] Internal warning: Smart Match failed
\0
W, 3504, 19, 2013/05/23, 18:09:09.322, 2877108993815, QTAgent32.exe, Playback - [WARNING] Internal warning: Window Not Found: [VisibleOnly]ControlType='Window' &amp;&amp; Name='Transaction to insert' &amp;&amp; ClassName='TfSelectItem'
\0
E, 3504, 19, 2013/05/23, 18:09:09.322, 2877108997297, QTAgent32.exe, &lt;a class=failure&gt;Playback - {109} [FAILED] Function ElementFetcher::FindScreenElement failed to locate UI element (Searching: ;[VisibleOnly]ControlType='Window' &amp;&amp; Name='Transaction to insert' &amp;&amp; ClassName='TfSelectItem') (The object specified was not found.)
\0&lt;/a&gt;
E, 3504, 19, 2013/05/23, 18:09:09.401, 2877110130010, QTAgent32.exe, Playback - [IMAGE] C:\Users\testuser\AppData\Local\Temp\UITestLogs\LastRun\RPF1EF3.png
\0
W, 3504, 19, 2013/05/23, 18:09:09.402, 2877110132422, QTAgent32.exe, Playback - [WARNING] Internal warning: Couldn't find descendants that match QueryId
\0
W, 3504, 19, 2013/05/23, 18:09:09.402, 2877110135421, QTAgent32.exe, PERF WARNING: FindTopLevelWindowHelper::FindAllDescendents: took 3860 ms. Expected it to take maximum 500 ms.
E, 3504, 19, 2013/05/23, 18:09:09.402, 2877110137316, QTAgent32.exe, Exception: System.Runtime.InteropServices.COMException
	Message: Error HRESULT E_FAIL has been returned from a call to a COM component.
	Stack Trace:    at Microsoft.VisualStudio.TestTools.UITest.Playback.Engine.IRPFPlayback.FindAllScreenElements(IScreenElement pScreenElementStart, String bstrQueryId, Object&amp; pvarResKeys, Int32 cResKeys, Int32 nMaxDepth, Object[]&amp; foundDescendants)
   at Microsoft.VisualStudio.TestTools.UITest.Playback.ScreenElement.FindTopLevelWindowHelper(String queryId)
	BaseExceptionMessage: Error HRESULT E_FAIL has been returned from a call to a COM component.

E, 3504, 19, 2013/05/23, 18:09:09.402, 2877110141403, QTAgent32.exe, Window 4392344 not responding. Last Win32 error 0
E, 3504, 19, 2013/05/23, 18:09:09.402, 2877110142531, QTAgent32.exe, GetClassName for handle 4392344 failed
E, 3504, 19, 2013/05/23, 18:09:09.403, 2877110147745, QTAgent32.exe, Window 4916552 not responding. Last Win32 error 1400
E, 3504, 19, 2013/05/23, 18:09:09.403, 2877110148717, QTAgent32.exe, GetClassName for handle 4916552 failed
E, 3504, 19, 2013/05/23, 18:09:09.503, 2877111588329, QTAgent32.exe, AL: Playback Error: Microsoft.VisualStudio.TestTools.UITest.Extension.UITestControlNotAvailableException: The control is not available or not valid. Additional Details: 
TechnologyName:  'MSAA'
Name:  'Ok'
ControlType:  'Button'
 ---&gt; Microsoft.VisualStudio.TestTools.UITest.Extension.UITestControlNotAvailableException: The control is not available or not valid. Additional Details: 
TechnologyName:  'MSAA'
Name:  'Transaction to insert'
ClassName:  'TfSelectItem'
ControlType:  'Window'
 ---&gt; System.Runtime.InteropServices.COMException: Error HRESULT E_FAIL has been returned from a call to a COM component.
   at Microsoft.VisualStudio.TestTools.UITest.Playback.Engine.IRPFPlayback.FindAllScreenElements(IScreenElement pScreenElementStart, String bstrQueryId, Object&amp; pvarResKeys, Int32 cResKeys, Int32 nMaxDepth, Object[]&amp; foundDescendants)
   at Microsoft.VisualStudio.TestTools.UITest.Playback.ScreenElement.FindTopLevelWindowHelper(String queryId)
   at Microsoft.VisualStudio.TestTools.UITest.Playback.ScreenElement.FindFromPartialQueryId(String queryId)
   at Microsoft.VisualStudio.TestTools.UITesting.UITestControl.EnsureValid(Boolean waitForReady, Boolean refetch)
   --- End of inner exception stack trace ---
   at Microsoft.VisualStudio.TestTools.UITesting.UITestControl.EnsureValid(Boolean waitForReady, Boolean refetch)
   at Microsoft.VisualStudio.TestTools.UITesting.UITestControl.FindFirstDescendant(String queryId, Int32 maxDepth, Int32&amp; timeLeft)
   at Microsoft.VisualStudio.TestTools.UITesting.UITestControl.FindFirstDescendant(String queryId)
   at Microsoft.VisualStudio.TestTools.UITesting.UITestControl.EnsureValid(Boolean waitForReady, Boolean refetch)
   --- End of inner exception stack trace ---
   at Microsoft.VisualStudio.TestTools.UITesting.UITestControl.EnsureValid(Boolean waitForReady, Boolean refetch)
   at Microsoft.VisualStudio.TestTools.UITesting.UITestControl.Click(MouseButtons button, ModifierKeys modifierKeys, Point relativeCoordinates)
   at Microsoft.VisualStudio.TestTools.UITesting.Mouse.ClickImplementation(UITestControl control, MouseButtons button, ModifierKeys modifierKeys, Point relativeCoordinate)
   at Microsoft.VisualStudio.TestTools.UITesting.Mouse.ClickImplementationWrapper(UITestControl control, MouseButtons button, ModifierKeys modifierKeys, Point relativeCoordinate)
W, 3504, 19, 2013/05/23, 18:09:09.504, 2877111603587, QTAgent32.exe, PlaybackErrorHandler: Ignoring exception as ContinueOnError is set.
W, 3504, 19, 2013/05/23, 18:09:11.673, 2877142647485, QTAgent32.exe, &lt;a class=success&gt;Playback - {110} [SUCCESS] MouseButtonClick - "[MSAA, VisibleOnly]ControlType='Button' &amp;&amp; Name='OK'"
\0&lt;/a&gt;
W, 3504, 19, 2013/05/23, 18:09:11.966, 2877146854890, QTAgent32.exe, &lt;a class=success&gt;Playback - {111} [SUCCESS] MouseButtonClick - "[MSAA, VisibleOnly]ControlType='Button' &amp;&amp; Name='Cancel'"
\0&lt;/a&gt;
W, 3504, 19, 2013/05/23, 18:09:12.383, 2877152826075, QTAgent32.exe, &lt;a class=success&gt;Playback - {112} [SUCCESS] MouseButtonClick - "[MSAA, VisibleOnly]ControlType='Button'"
\0&lt;/a&gt;
W, 3504, 19, 2013/05/23, 18:09:12.639, 2877156484738, QTAgent32.exe, &lt;a class=success&gt;Playback - {113} [SUCCESS] MouseButtonClick - "[MSAA, VisibleOnly]ControlType='Button' &amp;&amp; Name='Options'"
\0&lt;/a&gt;
W, 3504, 19, 2013/05/23, 18:09:12.740, 2877157927274, QTAgent32.exe, FindScreenElementInSinglePass : Attempting to find control in one pass of search. Failures can occur.
W, 3504, 19, 2013/05/23, 18:09:12.760, 2877158220267, QTAgent32.exe, Playback - [WARNING] Internal failure: Method GetBoundingRectangle failed (HRESULT = 0x1, "Incorrect function.") for Name = "Quote Select List" ," ControlType = "MenuItem"
\0
W, 3504, 19, 2013/05/23, 18:09:12.760, 2877158222301, QTAgent32.exe, Playback - [WARNING] Internal failure: Couldn't get clickable point for ScreenUIElement - GetClickablePoint failed
\0
W, 3504, 19, 2013/05/23, 18:09:12.761, 2877158226015, QTAgent32.exe, FindScreenElementInSinglePass : Attempting to find control in one pass of search. Failures can occur.
W, 3504, 19, 2013/05/23, 18:09:12.772, 2877158393634, QTAgent32.exe, FindScreenElementInSinglePass : Attempting to find control in one pass of search. Failures can occur.
W, 3504, 19, 2013/05/23, 18:09:12.902, 2877160249434, QTAgent32.exe, &lt;a class=success&gt;Playback - {114} [SUCCESS] LeftButtonClick - "[MSAA, VisibleOnly]ControlType='MenuBar' &amp;&amp; Name='Application'"  &lt; Mouse cursor location (960, 31) &gt;
\0&lt;/a&gt;
W, 3504, 19, 2013/05/23, 18:09:13.013, 2877161845580, QTAgent32.exe, &lt;a class=success&gt;Playback - {115} [SUCCESS] LeftButtonClick - "[MSAA]ControlType='MenuItem' &amp;&amp; Name='Options'"  &lt; Mouse cursor location (94, 31) &gt;
\0&lt;/a&gt;
W, 3504, 19, 2013/05/23, 18:09:13.420, 2877167667656, QTAgent32.exe, &lt;a class=success&gt;Playback - {116} [SUCCESS] LeftButtonClick - "[MSAA]ControlType='MenuItem' &amp;&amp; Name='Links'"  &lt; Mouse cursor location (174, 319) &gt;
\0&lt;/a&gt;
W, 3504, 19, 2013/05/23, 18:09:13.894, 2877174456032, QTAgent32.exe, &lt;a class=success&gt;Playback - {117} [SUCCESS] LeftButtonClick - "[MSAA]ControlType='MenuItem' &amp;&amp; Name='3rd Party Integration'"  &lt; Mouse cursor location (375, 319) &gt;
\0&lt;/a&gt;
W, 3504, 19, 2013/05/23, 18:09:14.359, 2877181114290, QTAgent32.exe, &lt;a class=success&gt;Playback - {118} [SUCCESS] MouseButtonClick - "[MSAA]ControlType='MenuItem' &amp;&amp; Name='Quote Select List'"
\0&lt;/a&gt;
W, 3504, 19, 2013/05/23, 18:09:14.927, 2877189250132, QTAgent32.exe, Playback - [WARNING] Internal warning: Window Not Found: [VisibleOnly]ControlType='Window' &amp;&amp; Name='Current Or Future' &amp;&amp; ClassName='TfCurrentOrFuture'
\0
E, 3504, 19, 2013/05/23, 18:09:14.929, 2877189272162, QTAgent32.exe, &lt;a class=failure&gt;Playback - {119} [FAILED] Function ElementFetcher::FindScreenElement failed to locate UI element (Searching: ;[VisibleOnly]ControlType='Window' &amp;&amp; Name='Current Or Future' &amp;&amp; ClassName='TfCurrentOrFuture') (The object specified was not found.)
\0&lt;/a&gt;
E, 3504, 19, 2013/05/23, 18:09:15.099, 2877191707340, QTAgent32.exe, Playback - [IMAGE] C:\Users\testuser\AppData\Local\Temp\UITestLogs\LastRun\RPF34D4.png
\0
W, 3504, 19, 2013/05/23, 18:09:15.099, 2877191709682, QTAgent32.exe, Playback - [WARNING] Internal warning: Couldn't find descendants that match QueryId
\0
W, 3504, 19, 2013/05/23, 18:09:15.100, 2877191712689, QTAgent32.exe, PERF WARNING: FindTopLevelWindowHelper::FindAllDescendents: took 639 ms. Expected it to take maximum 500 ms.
W, 3504, 19, 2013/05/23, 18:09:17.024, 2877219265575, QTAgent32.exe, PERF WARNING: FindTopLevelWindowHelper::FindAllDescendents: took 1924 ms. Expected it to take maximum 500 ms.
W, 3504, 19, 2013/05/23, 18:09:17.173, 2877221405802, QTAgent32.exe, &lt;a class=success&gt;Playback - {120} [SUCCESS] MouseButtonClick - "[MSAA, VisibleOnly]ControlType='Button' &amp;&amp; Name='Ok'"
\0&lt;/a&gt;
W, 3504, 19, 2013/05/23, 18:09:20.967, 2877275723639, QTAgent32.exe, PERF WARNING: FindTopLevelWindowHelper::FindAllDescendents: took 3692 ms. Expected it to take maximum 500 ms.
W, 3504, 19, 2013/05/23, 18:09:21.465, 2877282860941, QTAgent32.exe, &lt;a class=success&gt;Playback - {121} [SUCCESS] MouseButtonClick - "[MSAA, VisibleOnly]ControlType='Button' &amp;&amp; Name='MTA'"
\0&lt;/a&gt;
W, 3504, 19, 2013/05/23, 18:09:23.492, 2877311873950, QTAgent32.exe, Playback - [WARNING] Internal warning: Incorrect flag set for InvokeProgrammaticAction\0
W, 3504, 19, 2013/05/23, 18:09:23.613, 2877313613565, QTAgent32.exe, &lt;a class=success&gt;Playback - {122} [SUCCESS] SetValueAsComboBox "General Adjustment" - "[MSAA, VisibleOnly]ControlType='ComboBox'"  &lt; SetValueAsComboBox, set by clicking on the item in the list box &gt;
\0&lt;/a&gt;
W, 3504, 19, 2013/05/23, 18:09:23.894, 2877317632404, QTAgent32.exe, &lt;a class=success&gt;Playback - {123} [SUCCESS] MouseButtonClick - "[MSAA, VisibleOnly]ControlType='Button' &amp;&amp; Name='OK'"
\0&lt;/a&gt;
W, 3504, 19, 2013/05/23, 18:09:24.067, 2877320118022, QTAgent32.exe, Playback - [WARNING] Internal warning: Thread state based WFR - Requested element has invalid HWND
\0
W, 3504, 19, 2013/05/23, 18:09:24.068, 2877320121313, QTAgent32.exe, Playback - [WARNING] Internal warning: process performance counters based WFR - Requested element has invalid HWND
\0
E, 3504, 19, 2013/05/23, 18:09:24.068, 2877320125721, QTAgent32.exe, EnsureValid called via EnsureValid call for same element
E, 3504, 19, 2013/05/23, 18:09:24.068, 2877320129011, QTAgent32.exe, EnsureValid called via EnsureValid call for same element
E, 3504, 19, 2013/05/23, 18:09:24.068, 2877320130716, QTAgent32.exe, EnsureValid called via EnsureValid call for same element
E, 3504, 19, 2013/05/23, 18:09:24.069, 2877320135074, QTAgent32.exe, Window 2754064 not responding. Last Win32 error 0
E, 3504, 19, 2013/05/23, 18:09:24.069, 2877320137511, QTAgent32.exe, GetClassName for handle 2754064 failed
W, 3504, 19, 2013/05/23, 18:09:24.917, 2877332287991, QTAgent32.exe, &lt;a class=success&gt;Playback - {124} [SUCCESS] SendKeys "^{HOME}" - "[MSAA, VisibleOnly]ControlType='Edit'"
\0&lt;/a&gt;
E, 3504, 19, 2013/05/23, 18:09:24.917, 2877332291467, QTAgent32.exe, Msaa.GetFocusedElement: could not find accessible object of foreground window
W, 3504, 19, 2013/05/23, 18:09:24.987, 2877333290716, QTAgent32.exe, &lt;a class=success&gt;Playback - {125} [SUCCESS] SendKeys "^+{END}" - "[MSAA, VisibleOnly]ControlType='Edit'"
\0&lt;/a&gt;
E, 3504, 19, 2013/05/23, 18:09:24.987, 2877333294070, QTAgent32.exe, Msaa.GetFocusedElement: could not find accessible object of foreground window
W, 3504, 19, 2013/05/23, 18:09:25.013, 2877333664156, QTAgent32.exe, &lt;a class=success&gt;Playback - {126} [SUCCESS] SendKeys "{DELETE}" - "[MSAA, VisibleOnly]ControlType='Edit'"
\0&lt;/a&gt;
W, 3504, 19, 2013/05/23, 18:09:25.944, 2877346996933, QTAgent32.exe, &lt;a class=success&gt;Playback - {127} [SUCCESS] SetValueAsEditBox "NewTest" - "[MSAA, VisibleOnly]ControlType='Edit'"  &lt; Set via SendKeys &gt;
\0&lt;/a&gt;
W, 3504, 19, 2013/05/23, 18:09:26.288, 2877351923588, QTAgent32.exe, &lt;a class=success&gt;Playback - {128} [SUCCESS] MouseButtonClick - "[MSAA, VisibleOnly]ControlType='Button' &amp;&amp; Name='Next &gt;'"
\0&lt;/a&gt;
W, 3504, 19, 2013/05/23, 18:09:26.572, 2877355980611, QTAgent32.exe, &lt;a class=success&gt;Playback - {129} [SUCCESS] MouseButtonClick - "[MSAA, VisibleOnly]ControlType='Button' &amp;&amp; Name='Next &gt;'"
\0&lt;/a&gt;
W, 3504, 19, 2013/05/23, 18:09:26.822, 2877359571082, QTAgent32.exe, &lt;a class=success&gt;Playback - {130} [SUCCESS] MouseButtonClick - "[MSAA, VisibleOnly]ControlType='Button' &amp;&amp; Name='Next &gt;'"
\0&lt;/a&gt;
W, 3504, 19, 2013/05/23, 18:09:27.042, 2877362714493, QTAgent32.exe, &lt;a class=success&gt;Playback - {131} [SUCCESS] MouseButtonClick - "[MSAA, VisibleOnly]ControlType='Button' &amp;&amp; Name='Next &gt;'"
\0&lt;/a&gt;
W, 3504, 19, 2013/05/23, 18:09:27.286, 2877366197422, QTAgent32.exe, &lt;a class=success&gt;Playback - {132} [SUCCESS] MouseButtonClick - "[MSAA, VisibleOnly]ControlType='Button' &amp;&amp; Name='Next &gt;'"
\0&lt;/a&gt;
W, 3504, 19, 2013/05/23, 18:09:27.533, 2877369735473, QTAgent32.exe, &lt;a class=success&gt;Playback - {133} [SUCCESS] MouseButtonClick - "[MSAA, VisibleOnly]ControlType='Button' &amp;&amp; Name='Next &gt;'"
\0&lt;/a&gt;
W, 3504, 19, 2013/05/23, 18:09:27.790, 2877373421024, QTAgent32.exe, &lt;a class=success&gt;Playback - {134} [SUCCESS] MouseButtonClick - "[MSAA, VisibleOnly]ControlType='Button' &amp;&amp; Name='Next &gt;'"
\0&lt;/a&gt;
W, 3504, 19, 2013/05/23, 18:09:28.261, 2877380162298, QTAgent32.exe, &lt;a class=success&gt;Playback - {135} [SUCCESS] MouseButtonClick - "[MSAA, VisibleOnly]ControlType='Button' &amp;&amp; Name='Quote'"
\0&lt;/a&gt;
W, 3504, 19, 2013/05/23, 18:09:28.502, 2877383615839, QTAgent32.exe, &lt;a class=success&gt;Playback - {136} [SUCCESS] MouseButtonClick - "[MSAA, VisibleOnly]ControlType='Button' &amp;&amp; Name='OK'"
\0&lt;/a&gt;
W, 3504, 19, 2013/05/23, 18:09:33.602, 2877456634323, QTAgent32.exe, PERF WARNING: FindTopLevelWindowHelper::FindAllDescendents: took 4980 ms. Expected it to take maximum 500 ms.
W, 3504, 19, 2013/05/23, 18:09:33.721, 2877458348950, QTAgent32.exe, &lt;a class=success&gt;Playback - {137} [SUCCESS] MouseButtonClick - "[MSAA, VisibleOnly]ControlType='Client'"
\0&lt;/a&gt;
W, 3504, 19, 2013/05/23, 18:09:34.623, 2877471265400, QTAgent32.exe, &lt;a class=success&gt;Playback - {138} [SUCCESS] SendKeys "{Home}" - "[MSAA, VisibleOnly]ControlType='Client'"
\0&lt;/a&gt;
W, 3504, 19, 2013/05/23, 18:09:34.944, 2877475853818, QTAgent32.exe, &lt;a class=success&gt;Playback - {139} [SUCCESS] MouseButtonClick - "[MSAA, VisibleOnly]ControlType='Button' &amp;&amp; Name='Accept'"
\0&lt;/a&gt;
W, 3504, 19, 2013/05/23, 18:09:35.258, 2877480352017, QTAgent32.exe, &lt;a class=success&gt;Playback - {140} [SUCCESS] MouseButtonClick - "[MSAA, VisibleOnly]ControlType='Button' &amp;&amp; Name='OK'"
\0&lt;/a&gt;
W, 3504, 19, 2013/05/23, 18:09:35.555, 2877484597421, QTAgent32.exe, &lt;a class=success&gt;Playback - {141} [SUCCESS] MouseButtonClick - "[MSAA, VisibleOnly]ControlType='Button' &amp;&amp; Name='Ok'"
\0&lt;/a&gt;
W, 3504, 19, 2013/05/23, 18:09:49.174, 2877679598467, QTAgent32.exe, PERF WARNING: FindTopLevelWindowHelper::FindAllDescendents: took 13518 ms. Expected it to take maximum 500 ms.
W, 3504, 19, 2013/05/23, 18:09:49.566, 2877685221531, QTAgent32.exe, &lt;a class=success&gt;Playback - {142} [SUCCESS] MouseButtonClick - "[MSAA, VisibleOnly]ControlType='Button' &amp;&amp; Name='OK'"
\0&lt;/a&gt;
W, 3504, 19, 2013/05/23, 18:09:49.667, 2877686658184, QTAgent32.exe, Playback - [WARNING] Internal warning: Thread state based WFR - Requested element has invalid HWND
\0
W, 3504, 19, 2013/05/23, 18:09:49.667, 2877686660404, QTAgent32.exe, Playback - [WARNING] Internal warning: process performance counters based WFR - Requested element has invalid HWND
\0
E, 3504, 19, 2013/05/23, 18:09:49.667, 2877686665008, QTAgent32.exe, EnsureValid called via EnsureValid call for same element
E, 3504, 19, 2013/05/23, 18:09:49.667, 2877686667951, QTAgent32.exe, EnsureValid called via EnsureValid call for same element
E, 3504, 19, 2013/05/23, 18:09:49.668, 2877686670322, QTAgent32.exe, EnsureValid called via EnsureValid call for same element
E, 3504, 19, 2013/05/23, 18:09:49.674, 2877686767092, QTAgent32.exe, Window 657906 not responding. Last Win32 error 0
E, 3504, 19, 2013/05/23, 18:09:49.674, 2877686768620, QTAgent32.exe, GetClassName for handle 657906 failed
W, 3504, 19, 2013/05/23, 18:09:49.809, 2877688700045, QTAgent32.exe, &lt;a class=success&gt;Playback - {143} [SUCCESS] Check - "[MSAA, VisibleOnly]ControlType='CheckBox' &amp;&amp; Name='Defer Printing?'"
\0&lt;/a&gt;
W, 3504, 19, 2013/05/23, 18:09:51.025, 2877706096885, QTAgent32.exe, &lt;a class=success&gt;Playback - {144} [SUCCESS] MouseButtonClick - "[MSAA, VisibleOnly]ControlType='Button' &amp;&amp; Name='Ok'"
\0&lt;/a&gt;
W, 3504, 19, 2013/05/23, 18:09:51.125, 2877707529270, QTAgent32.exe, Playback - [WARNING] Internal warning: Thread state based WFR - Requested element has invalid HWND
\0
W, 3504, 19, 2013/05/23, 18:09:51.125, 2877707531487, QTAgent32.exe, Playback - [WARNING] Internal warning: process performance counters based WFR - Requested element has invalid HWND
\0
E, 3504, 19, 2013/05/23, 18:09:51.125, 2877707535373, QTAgent32.exe, EnsureValid called via EnsureValid call for same element
E, 3504, 19, 2013/05/23, 18:09:51.125, 2877707537978, QTAgent32.exe, EnsureValid called via EnsureValid call for same element
E, 3504, 19, 2013/05/23, 18:09:51.125, 2877707539549, QTAgent32.exe, EnsureValid called via EnsureValid call for same element
E, 3504, 19, 2013/05/23, 18:09:51.141, 2877707763216, QTAgent32.exe, Window 5178770 not responding. Last Win32 error 0
E, 3504, 19, 2013/05/23, 18:09:51.141, 2877707765451, QTAgent32.exe, GetClassName for handle 5178770 failed
W, 3504, 19, 2013/05/23, 18:09:51.728, 2877716174492, QTAgent32.exe, PERF WARNING: FindTopLevelWindowHelper::FindAllDescendents: took 586 ms. Expected it to take maximum 500 ms.
W, 3504, 19, 2013/05/23, 18:09:51.876, 2877718286678, QTAgent32.exe, &lt;a class=success&gt;Playback - {145} [SUCCESS] Uncheck - "[MSAA, VisibleOnly]ControlType='CheckBox' &amp;&amp; Name='Add Activity'"
\0&lt;/a&gt;
W, 3504, 19, 2013/05/23, 18:09:52.247, 2877723595858, QTAgent32.exe, &lt;a class=success&gt;Playback - {146} [SUCCESS] MouseButtonClick - "[MSAA, VisibleOnly]ControlType='Button' &amp;&amp; Name='Ok'"
\0&lt;/a&gt;
W, 3504, 19, 2013/05/23, 18:09:53.794, 2877745755285, QTAgent32.exe, PERF WARNING: FindTopLevelWindowHelper::FindAllDescendents: took 1441 ms. Expected it to take maximum 500 ms.
W, 3504, 19, 2013/05/23, 18:09:54.074, 2877749767500, QTAgent32.exe, &lt;a class=success&gt;Playback - {147} [SUCCESS] MouseButtonClick - "[MSAA, VisibleOnly]ControlType='Button' &amp;&amp; Name='OK'"
\0&lt;/a&gt;
W, 3504, 19, 2013/05/23, 18:09:55.369, 2877768293699, QTAgent32.exe, PERF WARNING: FindTopLevelWindowHelper::FindAllDescendents: took 1162 ms. Expected it to take maximum 500 ms.
W, 3504, 19, 2013/05/23, 18:09:55.517, 2877770425341, QTAgent32.exe, &lt;a class=success&gt;Playback - {148} [SUCCESS] MouseButtonClick - "[MSAA, VisibleOnly]ControlType='Button' &amp;&amp; Name='OK'"
\0&lt;/a&gt;
W, 3504, 19, 2013/05/23, 18:09:55.741, 2877773622013, QTAgent32.exe, &lt;a class=success&gt;Playback - {149} [SUCCESS] MouseButtonClick - "[MSAA, VisibleOnly]ControlType='Button' &amp;&amp; Name='Options'"
\0&lt;/a&gt;
W, 3504, 19, 2013/05/23, 18:09:55.841, 2877775062157, QTAgent32.exe, FindScreenElementInSinglePass : Attempting to find control in one pass of search. Failures can occur.
W, 3504, 19, 2013/05/23, 18:09:55.863, 2877775381095, QTAgent32.exe, Playback - [WARNING] Internal failure: Method GetBoundingRectangle failed (HRESULT = 0x1, "Incorrect function.") for Name = "Quote Select List" ," ControlType = "MenuItem"
\0
W, 3504, 19, 2013/05/23, 18:09:55.864, 2877775383423, QTAgent32.exe, Playback - [WARNING] Internal failure: Couldn't get clickable point for ScreenUIElement - GetClickablePoint failed
\0
W, 3504, 19, 2013/05/23, 18:09:55.864, 2877775387077, QTAgent32.exe, FindScreenElementInSinglePass : Attempting to find control in one pass of search. Failures can occur.
W, 3504, 19, 2013/05/23, 18:09:55.867, 2877775426709, QTAgent32.exe, FindScreenElementInSinglePass : Attempting to find control in one pass of search. Failures can occur.
W, 3504, 19, 2013/05/23, 18:09:55.988, 2877777160082, QTAgent32.exe, &lt;a class=success&gt;Playback - {150} [SUCCESS] LeftButtonClick - "[MSAA, VisibleOnly]ControlType='MenuBar' &amp;&amp; Name='Application'"  &lt; Mouse cursor location (960, 31) &gt;
\0&lt;/a&gt;
W, 3504, 19, 2013/05/23, 18:09:56.093, 2877778665939, QTAgent32.exe, &lt;a class=success&gt;Playback - {151} [SUCCESS] LeftButtonClick - "[MSAA]ControlType='MenuItem' &amp;&amp; Name='Options'"  &lt; Mouse cursor location (94, 31) &gt;
\0&lt;/a&gt;
W, 3504, 19, 2013/05/23, 18:09:56.510, 2877784643600, QTAgent32.exe, &lt;a class=success&gt;Playback - {152} [SUCCESS] LeftButtonClick - "[MSAA]ControlType='MenuItem' &amp;&amp; Name='Links'"  &lt; Mouse cursor location (174, 319) &gt;
\0&lt;/a&gt;
W, 3504, 19, 2013/05/23, 18:09:56.976, 2877791316460, QTAgent32.exe, &lt;a class=success&gt;Playback - {153} [SUCCESS] LeftButtonClick - "[MSAA]ControlType='MenuItem' &amp;&amp; Name='3rd Party Integration'"  &lt; Mouse cursor location (375, 319) &gt;
\0&lt;/a&gt;
W, 3504, 19, 2013/05/23, 18:09:57.436, 2877797904694, QTAgent32.exe, &lt;a class=success&gt;Playback - {154} [SUCCESS] MouseButtonClick - "[MSAA]ControlType='MenuItem' &amp;&amp; Name='Quote Select List'"
\0&lt;/a&gt;
W, 3504, 19, 2013/05/23, 18:09:58.672, 2877815593743, QTAgent32.exe, PERF WARNING: FindTopLevelWindowHelper::FindAllDescendents: took 1129 ms. Expected it to take maximum 500 ms.
W, 3504, 19, 2013/05/23, 18:09:58.816, 2877817656890, QTAgent32.exe, &lt;a class=success&gt;Playback - {155} [SUCCESS] MouseButtonClick - "[MSAA, VisibleOnly]ControlType='Button' &amp;&amp; Name='Ok'"
\0&lt;/a&gt;
W, 3504, 19, 2013/05/23, 18:09:58.917, 2877819103743, QTAgent32.exe, Playback - [WARNING] Internal warning: Thread state based WFR - Requested element has invalid HWND
\0
W, 3504, 19, 2013/05/23, 18:09:58.917, 2877819105521, QTAgent32.exe, Playback - [WARNING] Internal warning: process performance counters based WFR - Requested element has invalid HWND
\0
E, 3504, 19, 2013/05/23, 18:09:58.918, 2877819109168, QTAgent32.exe, EnsureValid called via EnsureValid call for same element
E, 3504, 19, 2013/05/23, 18:09:58.918, 2877819111240, QTAgent32.exe, EnsureValid called via EnsureValid call for same element
E, 3504, 19, 2013/05/23, 18:09:58.918, 2877819112407, QTAgent32.exe, EnsureValid called via EnsureValid call for same element
E, 3504, 19, 2013/05/23, 18:09:58.918, 2877819115553, QTAgent32.exe, GetClassName for handle 7406910 failed
E, 3504, 19, 2013/05/23, 18:09:58.918, 2877819120335, QTAgent32.exe, GetClassName for handle 7406910 failed
E, 3504, 19, 2013/05/23, 18:09:58.919, 2877819128125, QTAgent32.exe, Exception: System.Runtime.InteropServices.COMException
	Message: Error HRESULT E_FAIL has been returned from a call to a COM component.
	Stack Trace:    at Accessibility.IAccessible.get_accState(Object varChild)
   at Microsoft.VisualStudio.TestTools.UITest.Extension.Msaa.AccWrapper.get_State()
	BaseExceptionMessage: Error HRESULT E_FAIL has been returned from a call to a COM component.

E, 3504, 19, 2013/05/23, 18:09:58.919, 2877819132374, QTAgent32.exe, Exception: System.Runtime.InteropServices.COMException
	Message: Error HRESULT E_FAIL has been returned from a call to a COM component.
	Stack Trace:    at Accessibility.IAccessible.get_accState(Object varChild)
   at Microsoft.VisualStudio.TestTools.UITest.Extension.Msaa.AccWrapper.get_State()
	BaseExceptionMessage: Error HRESULT E_FAIL has been returned from a call to a COM component.

E, 3504, 19, 2013/05/23, 18:09:58.920, 2877819136691, QTAgent32.exe, Exception: System.Runtime.InteropServices.COMException
	Message: Error HRESULT E_FAIL has been returned from a call to a COM component.
	Stack Trace:    at Accessibility.IAccessible.get_accState(Object varChild)
   at Microsoft.VisualStudio.TestTools.UITest.Extension.Msaa.AccWrapper.get_State()
	BaseExceptionMessage: Error HRESULT E_FAIL has been returned from a call to a COM component.

E, 3504, 19, 2013/05/23, 18:09:58.920, 2877819140702, QTAgent32.exe, Exception: System.Runtime.InteropServices.COMException
	Message: Error HRESULT E_FAIL has been returned from a call to a COM component.
	Stack Trace:    at Accessibility.IAccessible.get_accState(Object varChild)
   at Microsoft.VisualStudio.TestTools.UITest.Extension.Msaa.AccWrapper.get_State()
	BaseExceptionMessage: Error HRESULT E_FAIL has been returned from a call to a COM component.

E, 3504, 19, 2013/05/23, 18:09:58.920, 2877819144791, QTAgent32.exe, Exception: System.Runtime.InteropServices.COMException
	Message: Error HRESULT E_FAIL has been returned from a call to a COM component.
	Stack Trace:    at Accessibility.IAccessible.get_accState(Object varChild)
   at Microsoft.VisualStudio.TestTools.UITest.Extension.Msaa.AccWrapper.get_State()
	BaseExceptionMessage: Error HRESULT E_FAIL has been returned from a call to a COM component.

E, 3504, 19, 2013/05/23, 18:09:58.920, 2877819148619, QTAgent32.exe, Exception: System.Runtime.InteropServices.COMException
	Message: Error HRESULT E_FAIL has been returned from a call to a COM component.
	Stack Trace:    at Accessibility.IAccessible.get_accState(Object varChild)
   at Microsoft.VisualStudio.TestTools.UITest.Extension.Msaa.AccWrapper.get_State()
	BaseExceptionMessage: Error HRESULT E_FAIL has been returned from a call to a COM component.

E, 3504, 19, 2013/05/23, 18:09:58.921, 2877819153173, QTAgent32.exe, Exception: System.Runtime.InteropServices.COMException
	Message: Error HRESULT E_FAIL has been returned from a call to a COM component.
	Stack Trace:    at Accessibility.IAccessible.get_accState(Object varChild)
   at Microsoft.VisualStudio.TestTools.UITest.Extension.Msaa.AccWrapper.get_State()
	BaseExceptionMessage: Error HRESULT E_FAIL has been returned from a call to a COM component.

W, 3504, 19, 2013/05/23, 18:09:59.120, 2877822002080, QTAgent32.exe, PERF WARNING: MSAA.UpdateQueryIDForNamelessControls: took 201 ms. Expected it to take maximum 200 ms.
W, 3504, 19, 2013/05/23, 18:09:59.120, 2877822006867, QTAgent32.exe, Msaa.Navigate: Exception [Error HRESULT E_FAIL has been returned from a call to a COM component.] while calling accNavigate.
E, 3504, 19, 2013/05/23, 18:09:59.120, 2877822008007, QTAgent32.exe, GetClassName for handle 1444086 failed
E, 3504, 19, 2013/05/23, 18:09:59.120, 2877822008748, QTAgent32.exe, Window 1444086 not responding. Last Win32 error 1400
E, 3504, 19, 2013/05/23, 18:09:59.120, 2877822010932, QTAgent32.exe, GetClassName for handle 7406910 failed
W, 3504, 19, 2013/05/23, 18:10:01.914, 2877862020521, QTAgent32.exe, PERF WARNING: FindTopLevelWindowHelper::FindAllDescendents: took 2793 ms. Expected it to take maximum 500 ms.
W, 3504, 19, 2013/05/23, 18:10:02.218, 2877866366456, QTAgent32.exe, &lt;a class=success&gt;Playback - {156} [SUCCESS] MouseButtonClick - "[MSAA, VisibleOnly]ControlType='Button' &amp;&amp; Name='Close'"
\0&lt;/a&gt;
W, 3504, 19, 2013/05/23, 18:10:02.762, 2877874158552, QTAgent32.exe, &lt;a class=success&gt;Playback - {157} [SUCCESS] MouseButtonClick - "[MSAA, VisibleOnly]ControlType='Button' &amp;&amp; Name='OK'"
\0&lt;/a&gt;
W, 3504, 19, 2013/05/23, 18:10:05.775, 2877917298507, QTAgent32.exe, IEDOM : StopSession of the plugin called before StartSession
W, 3504, 19, 2013/05/23, 18:10:05.775, 2877917300541, QTAgent32.exe, UIA : StopSession of the plugin called before StartSession
</DebugTrace>
      </Output>
    </UnitTestResult>
    <UnitTestResult executionId="1f2cbfb0-298a-4583-9e48-9ad511127f79" testId="092efbf6-6cd2-b6bf-6dd9-4bbcc9aab858" testName="HouseCopyMTA" computerName="ICLVDEVTM02" duration="00:05:32.4336417" startTime="2013-05-23T18:10:05.8544539+01:00" endTime="2013-05-23T18:15:38.3006692+01:00" testType="13cdc9d9-ddb5-4fa4-a97d-d965ccfc6d4b" outcome="Passed" testListId="8c84fa94-04c1-424b-9868-57a2d4851a1d" relativeResultsDirectory="1f2cbfb0-298a-4583-9e48-9ad511127f79">
      <Output>
        <DebugTrace>W, 3504, 21, 2013/05/23, 18:10:10.716, 2877988034102, QTAgent32.exe, &lt;a class=success&gt;Playback - {1} [SUCCESS] MouseButtonClick - "[MSAA, VisibleOnly]ControlType='Edit'"
\0&lt;/a&gt;
W, 3504, 21, 2013/05/23, 18:10:11.072, 2877993135993, QTAgent32.exe, &lt;a class=success&gt;Playback - {2} [SUCCESS] SendKeys "[*]" - "[MSAA, VisibleOnly]ControlType='Edit'"
\0&lt;/a&gt;
W, 3504, 21, 2013/05/23, 18:10:11.841, 2878004153998, QTAgent32.exe, &lt;a class=success&gt;Playback - {3} [SUCCESS] MouseButtonClick - "[MSAA, VisibleOnly]ControlType='Button' &amp;&amp; Name='OK'"
\0&lt;/a&gt;
W, 3504, 21, 2013/05/23, 18:10:12.309, 2878010848248, QTAgent32.exe, &lt;a class=success&gt;Playback - {4} [SUCCESS] SendKeys "^{HOME}" - "[MSAA, VisibleOnly]ControlType='Edit'"
\0&lt;/a&gt;
E, 3504, 21, 2013/05/23, 18:10:12.309, 2878010851193, QTAgent32.exe, Msaa.GetFocusedElement: could not find accessible object of foreground window
W, 3504, 21, 2013/05/23, 18:10:12.370, 2878011721569, QTAgent32.exe, &lt;a class=success&gt;Playback - {5} [SUCCESS] SendKeys "^+{END}" - "[MSAA, VisibleOnly]ControlType='Edit'"
\0&lt;/a&gt;
E, 3504, 21, 2013/05/23, 18:10:12.370, 2878011724251, QTAgent32.exe, Msaa.GetFocusedElement: could not find accessible object of foreground window
W, 3504, 21, 2013/05/23, 18:10:12.384, 2878011932041, QTAgent32.exe, &lt;a class=success&gt;Playback - {6} [SUCCESS] SendKeys "{DELETE}" - "[MSAA, VisibleOnly]ControlType='Edit'"
\0&lt;/a&gt;
W, 3504, 21, 2013/05/23, 18:10:12.754, 2878017228992, QTAgent32.exe, &lt;a class=success&gt;Playback - {7} [SUCCESS] SetValueAsEditBox "23/05/2013" - "[MSAA, VisibleOnly]ControlType='Edit'"  &lt; Set via SendKeys &gt;
\0&lt;/a&gt;
W, 3504, 21, 2013/05/23, 18:10:13.306, 2878025130795, QTAgent32.exe, Playback - [WARNING] Internal warning: Incorrect flag set for InvokeProgrammaticAction\0
W, 3504, 21, 2013/05/23, 18:10:13.427, 2878026867195, QTAgent32.exe, &lt;a class=success&gt;Playback - {8} [SUCCESS] SetValueAsComboBox "May" - "[MSAA, VisibleOnly]ControlType='ComboBox'"  &lt; SetValueAsComboBox, set by clicking on the item in the list box &gt;
\0&lt;/a&gt;
W, 3504, 21, 2013/05/23, 18:10:13.724, 2878031117481, QTAgent32.exe, &lt;a class=success&gt;Playback - {9} [SUCCESS] SendKeys "^{HOME}" - "[MSAA, VisibleOnly]ControlType='Edit'"
\0&lt;/a&gt;
E, 3504, 21, 2013/05/23, 18:10:13.724, 2878031121269, QTAgent32.exe, Msaa.GetFocusedElement: could not find accessible object of foreground window
W, 3504, 21, 2013/05/23, 18:10:13.779, 2878031905611, QTAgent32.exe, &lt;a class=success&gt;Playback - {10} [SUCCESS] SendKeys "^+{END}" - "[MSAA, VisibleOnly]ControlType='Edit'"
\0&lt;/a&gt;
E, 3504, 21, 2013/05/23, 18:10:13.779, 2878031909411, QTAgent32.exe, Msaa.GetFocusedElement: could not find accessible object of foreground window
W, 3504, 21, 2013/05/23, 18:10:13.794, 2878032114324, QTAgent32.exe, &lt;a class=success&gt;Playback - {11} [SUCCESS] SendKeys "{DELETE}" - "[MSAA, VisibleOnly]ControlType='Edit'"
\0&lt;/a&gt;
W, 3504, 21, 2013/05/23, 18:10:14.026, 2878035435106, QTAgent32.exe, &lt;a class=success&gt;Playback - {12} [SUCCESS] SetValueAsEditBox "2013" - "[MSAA, VisibleOnly]ControlType='Edit'"  &lt; Set via SendKeys &gt;
\0&lt;/a&gt;
W, 3504, 21, 2013/05/23, 18:10:14.245, 2878038563550, QTAgent32.exe, &lt;a class=success&gt;Playback - {13} [SUCCESS] MouseButtonClick - "[MSAA, VisibleOnly]ControlType='Button' &amp;&amp; Name='OK'"
\0&lt;/a&gt;
W, 3504, 21, 2013/05/23, 18:10:15.571, 2878057563382, QTAgent32.exe, Playback - [WARNING] Internal warning: Window Not Found: [VisibleOnly]ControlType='Window' &amp;&amp; Name='Warning' &amp;&amp; ClassName='#32770'
\0
E, 3504, 21, 2013/05/23, 18:10:15.572, 2878057566614, QTAgent32.exe, &lt;a class=failure&gt;Playback - {14} [FAILED] Function ElementFetcher::FindScreenElement failed to locate UI element (Searching: ;[VisibleOnly]ControlType='Window' &amp;&amp; Name='Warning' &amp;&amp; ClassName='#32770') (The object specified was not found.)
\0&lt;/a&gt;
E, 3504, 21, 2013/05/23, 18:10:15.660, 2878058835963, QTAgent32.exe, Playback - [IMAGE] C:\Users\testuser\AppData\Local\Temp\UITestLogs\LastRun\RPF21C2.png
\0
W, 3504, 21, 2013/05/23, 18:10:15.660, 2878058838211, QTAgent32.exe, Playback - [WARNING] Internal warning: Couldn't find descendants that match QueryId
\0
W, 3504, 21, 2013/05/23, 18:10:15.661, 2878058841238, QTAgent32.exe, PERF WARNING: FindTopLevelWindowHelper::FindAllDescendents: took 1300 ms. Expected it to take maximum 500 ms.
W, 3504, 21, 2013/05/23, 18:10:33.651, 2878316435839, QTAgent32.exe, Playback - [WARNING] Internal warning: Window Not Found: [VisibleOnly]ControlType='Window' &amp;&amp; Name='Warning' &amp;&amp; ClassName='#32770'
\0
E, 3504, 21, 2013/05/23, 18:10:33.652, 2878316442682, QTAgent32.exe, &lt;a class=failure&gt;Playback - {15} [FAILED] Function ElementFetcher::FindScreenElement failed to locate UI element (Searching: ;[VisibleOnly]ControlType='Window' &amp;&amp; Name='Warning' &amp;&amp; ClassName='#32770') (The object specified was not found.)
\0&lt;/a&gt;
E, 3504, 21, 2013/05/23, 18:10:33.731, 2878317582337, QTAgent32.exe, Playback - [IMAGE] C:\Users\testuser\AppData\Local\Temp\UITestLogs\LastRun\RPF6864.png
\0
W, 3504, 21, 2013/05/23, 18:10:33.731, 2878317584596, QTAgent32.exe, Playback - [WARNING] Internal warning: Couldn't find descendants that match QueryId
\0
W, 3504, 21, 2013/05/23, 18:10:33.732, 2878317589157, QTAgent32.exe, PERF WARNING: FindTopLevelWindowHelper::FindAllDescendents: took 18070 ms. Expected it to take maximum 500 ms.
W, 3504, 21, 2013/05/23, 18:10:34.266, 2878325228269, QTAgent32.exe, Playback - [WARNING] Internal warning: Smart Match failed
\0
W, 3504, 21, 2013/05/23, 18:10:34.678, 2878331127432, QTAgent32.exe, Playback - [WARNING] Internal warning: Smart Match failed
\0
W, 3504, 21, 2013/05/23, 18:10:35.060, 2878336608158, QTAgent32.exe, Playback - [WARNING] Internal warning: Smart Match failed
\0
W, 3504, 21, 2013/05/23, 18:10:35.427, 2878341856015, QTAgent32.exe, Playback - [WARNING] Internal warning: Smart Match failed
\0
W, 3504, 21, 2013/05/23, 18:10:35.831, 2878347650940, QTAgent32.exe, Playback - [WARNING] Internal warning: Smart Match failed
\0
W, 3504, 21, 2013/05/23, 18:10:36.204, 2878352989038, QTAgent32.exe, Playback - [WARNING] Internal warning: Smart Match failed
\0
W, 3504, 21, 2013/05/23, 18:10:36.601, 2878358667614, QTAgent32.exe, Playback - [WARNING] Internal warning: Smart Match failed
\0
W, 3504, 21, 2013/05/23, 18:10:36.873, 2878362564135, QTAgent32.exe, Playback - [WARNING] Internal warning: Window Not Found: [VisibleOnly]ControlType='Window' &amp;&amp; Name='Warning' &amp;&amp; ClassName='#32770'
\0
E, 3504, 21, 2013/05/23, 18:10:36.873, 2878362567374, QTAgent32.exe, &lt;a class=failure&gt;Playback - {16} [FAILED] Function ElementFetcher::FindScreenElement failed to locate UI element (Searching: ;[VisibleOnly]ControlType='Window' &amp;&amp; Name='Warning' &amp;&amp; ClassName='#32770') (The object specified was not found.)
\0&lt;/a&gt;
E, 3504, 21, 2013/05/23, 18:10:36.952, 2878363697322, QTAgent32.exe, Playback - [IMAGE] C:\Users\testuser\AppData\Local\Temp\UITestLogs\LastRun\RPF74F2.png
\0
W, 3504, 21, 2013/05/23, 18:10:36.952, 2878363699911, QTAgent32.exe, Playback - [WARNING] Internal warning: Couldn't find descendants that match QueryId
\0
W, 3504, 21, 2013/05/23, 18:10:36.952, 2878363702832, QTAgent32.exe, PERF WARNING: FindTopLevelWindowHelper::FindAllDescendents: took 3220 ms. Expected it to take maximum 500 ms.
E, 3504, 21, 2013/05/23, 18:10:36.953, 2878363704908, QTAgent32.exe, Exception: System.Runtime.InteropServices.COMException
	Message: Error HRESULT E_FAIL has been returned from a call to a COM component.
	Stack Trace:    at Microsoft.VisualStudio.TestTools.UITest.Playback.Engine.IRPFPlayback.FindAllScreenElements(IScreenElement pScreenElementStart, String bstrQueryId, Object&amp; pvarResKeys, Int32 cResKeys, Int32 nMaxDepth, Object[]&amp; foundDescendants)
   at Microsoft.VisualStudio.TestTools.UITest.Playback.ScreenElement.FindTopLevelWindowHelper(String queryId)
	BaseExceptionMessage: Error HRESULT E_FAIL has been returned from a call to a COM component.

E, 3504, 21, 2013/05/23, 18:10:37.095, 2878365743476, QTAgent32.exe, AL: Playback Error: Microsoft.VisualStudio.TestTools.UITest.Extension.UITestControlNotFoundException: The playback failed to find the control with the given search properties. Additional Details: 
TechnologyName:  'MSAA'
ControlType:  'Window'
Name:  'Warning'
ClassName:  '#32770'
 ---&gt; System.Runtime.InteropServices.COMException: Error HRESULT E_FAIL has been returned from a call to a COM component.
   at Microsoft.VisualStudio.TestTools.UITest.Playback.Engine.IRPFPlayback.FindAllScreenElements(IScreenElement pScreenElementStart, String bstrQueryId, Object&amp; pvarResKeys, Int32 cResKeys, Int32 nMaxDepth, Object[]&amp; foundDescendants)
   at Microsoft.VisualStudio.TestTools.UITest.Playback.ScreenElement.FindTopLevelWindowHelper(String queryId)
   at Microsoft.VisualStudio.TestTools.UITest.Playback.ScreenElement.FindFromPartialQueryId(String queryId)
   at Microsoft.VisualStudio.TestTools.UITesting.UITestControl..ctor(String queryId)
   --- End of inner exception stack trace ---
   at Microsoft.VisualStudio.TestTools.UITesting.Playback.MapControlNotFoundException(COMException ex, IPlaybackContext context)
   at Microsoft.VisualStudio.TestTools.UITesting.Playback.MapAndThrowComException(COMException innerException, IPlaybackContext context)
   at Microsoft.VisualStudio.TestTools.UITesting.Playback.MapAndThrowException(SystemException exception, IPlaybackContext context)
   at Microsoft.VisualStudio.TestTools.UITesting.Playback.MapAndThrowException(SystemException exception, String queryId)
   at Microsoft.VisualStudio.TestTools.UITesting.UITestControl..ctor(String queryId)
   at Microsoft.VisualStudio.TestTools.UITesting.SearchHelper.SearchTopLevelWindow(ISearchArgument topLevelSearchArg, String topLevelElementQueryId)
   at Microsoft.VisualStudio.TestTools.UITesting.SearchHelper.GetTitleUpdatedTopLevelWindow(ISearchArgument topLevelSearchArg, String queryId, IList`1 windowTitles)
   at Microsoft.VisualStudio.TestTools.UITesting.SearchHelper.GetTopLevelElement(Boolean useCache, Boolean useCacheOnly, ISearchArgument searchArg, IList`1 windowTitles, Int32&amp; timeLeft)
   at Microsoft.VisualStudio.TestTools.UITesting.SearchHelper.GetElement(Boolean useCache, ISearchArgument searchArg)
   at Microsoft.VisualStudio.TestTools.UITesting.SearchHelper.Search(ISearchArgument searchArg)
   at Microsoft.VisualStudio.TestTools.UITesting.UITestControl.FindInternal()
   at Microsoft.VisualStudio.TestTools.UITesting.UITestControl.FindControlIfNecessary()
   at Microsoft.VisualStudio.TestTools.UITesting.UITestControl.Click(MouseButtons button, ModifierKeys modifierKeys, Point relativeCoordinates)
   at Microsoft.VisualStudio.TestTools.UITesting.Mouse.ClickImplementation(UITestControl control, MouseButtons button, ModifierKeys modifierKeys, Point relativeCoordinate)
   at Microsoft.VisualStudio.TestTools.UITesting.Mouse.ClickImplementationWrapper(UITestControl control, MouseButtons button, ModifierKeys modifierKeys, Point relativeCoordinate)
W, 3504, 21, 2013/05/23, 18:10:37.095, 2878365747313, QTAgent32.exe, PlaybackErrorHandler: Ignoring exception as ContinueOnError is set.
W, 3504, 21, 2013/05/23, 18:10:37.136, 2878366335462, QTAgent32.exe, &lt;a class=success&gt;Playback - {17} [SUCCESS] TypeString "#(R)"
\0&lt;/a&gt;
W, 3504, 21, 2013/05/23, 18:10:37.766, 2878375343879, QTAgent32.exe, PERF WARNING: FindTopLevelWindowHelper::FindAllDescendents: took 529 ms. Expected it to take maximum 500 ms.
E, 3504, 21, 2013/05/23, 18:10:38.244, 2878382196663, QTAgent32.exe, Exception: System.ArgumentException
	Message: Value does not fall within the expected range.
	Stack Trace:    at Accessibility.IAccessible.get_accRole(Object varChild)
   at Microsoft.VisualStudio.TestTools.UITest.Extension.Msaa.AccWrapper.get_RoleInt()
	BaseExceptionMessage: Value does not fall within the expected range.

E, 3504, 21, 2013/05/23, 18:10:38.255, 2878382343291, QTAgent32.exe, Exception: System.ArgumentException
	Message: Value does not fall within the expected range.
	Stack Trace:    at Accessibility.IAccessible.get_accRole(Object varChild)
   at Microsoft.VisualStudio.TestTools.UITest.Extension.Msaa.AccWrapper.get_RoleInt()
	BaseExceptionMessage: Value does not fall within the expected range.

W, 3504, 21, 2013/05/23, 18:10:39.425, 2878399098498, QTAgent32.exe, &lt;a class=success&gt;Playback - {18} [SUCCESS] LeftButtonClick  &lt; Mouse cursor location (87, 908) &gt;
\0&lt;/a&gt;
W, 3504, 21, 2013/05/23, 18:10:41.121, 2878423389601, QTAgent32.exe, &lt;a class=success&gt;Playback - {19} [SUCCESS] SetValueAsEditBox "c:\TestProject7\office.reg"  &lt; Set via SendKeys &gt;
\0&lt;/a&gt;
W, 3504, 21, 2013/05/23, 18:10:41.121, 2878423392600, QTAgent32.exe, &lt;a class=success&gt;Playback - {20} [SUCCESS] SetValueAsComboBox "c:\TestProject7\office.reg" - "[MSAA, VisibleOnly]ControlType='ComboBox' &amp;&amp; Name='Open:'"  &lt; Set via SetValueAsEditBox &gt;
\0&lt;/a&gt;
W, 3504, 21, 2013/05/23, 18:10:41.393, 2878427280422, QTAgent32.exe, &lt;a class=success&gt;Playback - {21} [SUCCESS] MouseButtonClick - "[MSAA, VisibleOnly]ControlType='Button' &amp;&amp; Name='OK'"
\0&lt;/a&gt;
W, 3504, 21, 2013/05/23, 18:10:41.819, 2878433376321, QTAgent32.exe, Playback - [WARNING] Internal warning: Window Not Found: [VisibleOnly]ControlType='Window' &amp;&amp; Name='Registry Editor' &amp;&amp; ClassName='#32770'
\0
E, 3504, 21, 2013/05/23, 18:10:41.819, 2878433379740, QTAgent32.exe, &lt;a class=failure&gt;Playback - {22} [FAILED] Function ElementFetcher::FindScreenElement failed to locate UI element (Searching: ;[VisibleOnly]ControlType='Window' &amp;&amp; Name='Registry Editor' &amp;&amp; ClassName='#32770') (The object specified was not found.)
\0&lt;/a&gt;
E, 3504, 21, 2013/05/23, 18:10:42.326, 2878440639550, QTAgent32.exe, Playback - [IMAGE] C:\Users\testuser\AppData\Local\Temp\UITestLogs\LastRun\RPF8845.png
\0
W, 3504, 21, 2013/05/23, 18:10:42.328, 2878440660615, QTAgent32.exe, Playback - [WARNING] Internal warning: Couldn't find descendants that match QueryId
\0
W, 3504, 21, 2013/05/23, 18:10:42.329, 2878440682162, QTAgent32.exe, PERF WARNING: FindTopLevelWindowHelper::FindAllDescendents: took 835 ms. Expected it to take maximum 500 ms.
W, 3504, 21, 2013/05/23, 18:10:42.883, 2878448609594, QTAgent32.exe, &lt;a class=success&gt;Playback - {23} [SUCCESS] MouseButtonClick - "[MSAA, VisibleOnly]ControlType='Button' &amp;&amp; Name='Yes'"
\0&lt;/a&gt;
W, 3504, 21, 2013/05/23, 18:10:43.226, 2878453528668, QTAgent32.exe, &lt;a class=success&gt;Playback - {24} [SUCCESS] MouseButtonClick - "[MSAA, VisibleOnly]ControlType='Button' &amp;&amp; Name='OK'"
\0&lt;/a&gt;
W, 3504, 21, 2013/05/23, 18:10:43.453, 2878456771196, QTAgent32.exe, &lt;a class=success&gt;Playback - {25} [SUCCESS] MouseButtonClick - "[MSAA, VisibleOnly]ControlType='Button' &amp;&amp; Name='Clients &amp; Files'"
\0&lt;/a&gt;
W, 3504, 21, 2013/05/23, 18:10:44.229, 2878467894832, QTAgent32.exe, Playback - [WARNING] Internal warning: Window Not Found: [VisibleOnly]ControlType='Window' &amp;&amp; ClassName='ThunderRT6MDIForm'
\0
E, 3504, 21, 2013/05/23, 18:10:44.230, 2878467897973, QTAgent32.exe, &lt;a class=failure&gt;Playback - {26} [FAILED] Function ElementFetcher::FindScreenElement failed to locate UI element (Searching: ;[VisibleOnly]ControlType='Window' &amp;&amp; ClassName='ThunderRT6MDIForm') (The object specified was not found.)
\0&lt;/a&gt;
E, 3504, 21, 2013/05/23, 18:10:44.311, 2878469065931, QTAgent32.exe, Playback - [IMAGE] C:\Users\testuser\AppData\Local\Temp\UITestLogs\LastRun\RPF91B8.png
\0
W, 3504, 21, 2013/05/23, 18:10:44.311, 2878469068205, QTAgent32.exe, Playback - [WARNING] Internal warning: Couldn't find descendants that match QueryId
\0
W, 3504, 21, 2013/05/23, 18:10:44.312, 2878469071570, QTAgent32.exe, PERF WARNING: FindTopLevelWindowHelper::FindAllDescendents: took 758 ms. Expected it to take maximum 500 ms.
W, 3504, 21, 2013/05/23, 18:10:45.258, 2878482618634, QTAgent32.exe, PERF WARNING: FindTopLevelWindowHelper::FindAllDescendents: took 945 ms. Expected it to take maximum 500 ms.
W, 3504, 21, 2013/05/23, 18:10:46.237, 2878496642250, QTAgent32.exe, Playback - [WARNING] Internal warning: Incorrect flag set for InvokeProgrammaticAction\0
W, 3504, 21, 2013/05/23, 18:10:46.360, 2878498391903, QTAgent32.exe, &lt;a class=success&gt;Playback - {27} [SUCCESS] SetValueAsComboBox "Customers" - "[MSAA, VisibleOnly]ControlType='ComboBox'"  &lt; SetValueAsComboBox, set by clicking on the item in the list box &gt;
\0&lt;/a&gt;
W, 3504, 21, 2013/05/23, 18:10:46.883, 2878505883668, QTAgent32.exe, &lt;a class=success&gt;Playback - {28} [SUCCESS] MouseButtonClick - "[MSAA, VisibleOnly]ControlType='Button' &amp;&amp; Name='Add'"
\0&lt;/a&gt;
W, 3504, 21, 2013/05/23, 18:10:47.688, 2878517412785, QTAgent32.exe, &lt;a class=success&gt;Playback - {29} [SUCCESS] SendKeys "autotest" - "[MSAA, VisibleOnly]ControlType='RadioButton' &amp;&amp; Name='Personal Lines'"
\0&lt;/a&gt;
W, 3504, 21, 2013/05/23, 18:10:48.777, 2878533012082, QTAgent32.exe, &lt;a class=success&gt;Playback - {30} [SUCCESS] SetValueAsEditBox "autotest" - "[MSAA, VisibleOnly]ControlType='Edit'"  &lt; Set via SendKeys &gt;
\0&lt;/a&gt;
W, 3504, 21, 2013/05/23, 18:10:49.014, 2878536409997, QTAgent32.exe, &lt;a class=success&gt;Playback - {31} [SUCCESS] MouseButtonClick - "[MSAA, VisibleOnly]ControlType='Button' &amp;&amp; Name='OK'"
\0&lt;/a&gt;
W, 3504, 21, 2013/05/23, 18:10:49.335, 2878540996414, QTAgent32.exe, &lt;a class=success&gt;Playback - {32} [SUCCESS] MouseButtonClick - "[MSAA, VisibleOnly]ControlType='Button' &amp;&amp; Name='Yes'"
\0&lt;/a&gt;
W, 3504, 21, 2013/05/23, 18:10:50.010, 2878550655392, QTAgent32.exe, &lt;a class=success&gt;Playback - {33} [SUCCESS] SendKeys "^{HOME}" - "[MSAA, VisibleOnly]ControlType='Edit'"
\0&lt;/a&gt;
E, 3504, 21, 2013/05/23, 18:10:50.010, 2878550660232, QTAgent32.exe, Msaa.GetFocusedElement: could not find accessible object of foreground window
W, 3504, 21, 2013/05/23, 18:10:50.069, 2878551507516, QTAgent32.exe, &lt;a class=success&gt;Playback - {34} [SUCCESS] SendKeys "^+{END}" - "[MSAA, VisibleOnly]ControlType='Edit'"
\0&lt;/a&gt;
E, 3504, 21, 2013/05/23, 18:10:50.069, 2878551510311, QTAgent32.exe, Msaa.GetFocusedElement: could not find accessible object of foreground window
W, 3504, 21, 2013/05/23, 18:10:50.084, 2878551716295, QTAgent32.exe, &lt;a class=success&gt;Playback - {35} [SUCCESS] SendKeys "{DELETE}" - "[MSAA, VisibleOnly]ControlType='Edit'"
\0&lt;/a&gt;
W, 3504, 21, 2013/05/23, 18:10:50.474, 2878557306098, QTAgent32.exe, &lt;a class=success&gt;Playback - {36} [SUCCESS] SetValueAsEditBox "1" - "[MSAA, VisibleOnly]ControlType='Edit'"  &lt; Set via SendKeys &gt;
\0&lt;/a&gt;
W, 3504, 21, 2013/05/23, 18:10:51.040, 2878565412436, QTAgent32.exe, &lt;a class=success&gt;Playback - {37} [SUCCESS] SendKeys "^{HOME}" - "[MSAA, VisibleOnly]ControlType='Edit'"
\0&lt;/a&gt;
E, 3504, 21, 2013/05/23, 18:10:51.040, 2878565415298, QTAgent32.exe, Msaa.GetFocusedElement: could not find accessible object of foreground window
W, 3504, 21, 2013/05/23, 18:10:51.094, 2878566185120, QTAgent32.exe, &lt;a class=success&gt;Playback - {38} [SUCCESS] SendKeys "^+{END}" - "[MSAA, VisibleOnly]ControlType='Edit'"
\0&lt;/a&gt;
E, 3504, 21, 2013/05/23, 18:10:51.094, 2878566187956, QTAgent32.exe, Msaa.GetFocusedElement: could not find accessible object of foreground window
W, 3504, 21, 2013/05/23, 18:10:51.110, 2878566416286, QTAgent32.exe, &lt;a class=success&gt;Playback - {39} [SUCCESS] SendKeys "{DELETE}" - "[MSAA, VisibleOnly]ControlType='Edit'"
\0&lt;/a&gt;
W, 3504, 21, 2013/05/23, 18:10:51.544, 2878572629799, QTAgent32.exe, &lt;a class=success&gt;Playback - {40} [SUCCESS] SetValueAsEditBox "1" - "[MSAA, VisibleOnly]ControlType='Edit'"  &lt; Set via SendKeys &gt;
\0&lt;/a&gt;
W, 3504, 21, 2013/05/23, 18:10:53.161, 2878595787892, QTAgent32.exe, Playback - [WARNING] Internal warning: Target element "[MSAA, VisibleOnly]ControlType='Button' &amp;&amp; Name='OK'" was not found, so all intermediate elements were ignored. An incorrect element that matches target element Id can be found as the result.  Verify that all intermediate elements in QueryId have valid and unique Ids
\0
W, 3504, 21, 2013/05/23, 18:10:53.697, 2878603446735, QTAgent32.exe, PERF WARNING: FindAllDescendents: took 2041 ms. Expected it to take maximum 500 ms.
W, 3504, 21, 2013/05/23, 18:10:53.976, 2878607443168, QTAgent32.exe, &lt;a class=success&gt;Playback - {41} [SUCCESS] MouseButtonClick - "[MSAA, VisibleOnly]ControlType='Button' &amp;&amp; Name='OK'"
\0&lt;/a&gt;
W, 3504, 21, 2013/05/23, 18:10:54.346, 2878612746856, QTAgent32.exe, &lt;a class=success&gt;Playback - {42} [SUCCESS] MouseButtonClick - "[MSAA, VisibleOnly]ControlType='Button'"
\0&lt;/a&gt;
W, 3504, 21, 2013/05/23, 18:10:54.734, 2878618294127, QTAgent32.exe, &lt;a class=success&gt;Playback - {43} [SUCCESS] MouseButtonClick - "[MSAA, VisibleOnly]ControlType='Button' &amp;&amp; Name='Add'"
\0&lt;/a&gt;
W, 3504, 21, 2013/05/23, 18:10:54.965, 2878621605821, QTAgent32.exe, &lt;a class=success&gt;Playback - {44} [SUCCESS] MouseButtonClick - "[MSAA, VisibleOnly]ControlType='Button' &amp;&amp; Name='OK'"
\0&lt;/a&gt;
W, 3504, 21, 2013/05/23, 18:10:57.258, 2878654446944, QTAgent32.exe, &lt;a class=success&gt;Playback - {45} [SUCCESS] MouseButtonClick - "[MSAA, VisibleOnly,Window]ControlType='Window' &amp;&amp; ClassName='ThunderRT6TextBox'"
\0&lt;/a&gt;
W, 3504, 21, 2013/05/23, 18:10:58.265, 2878668861393, QTAgent32.exe, &lt;a class=success&gt;Playback - {46} [SUCCESS] SetValueAsEditBox "HOME" - "[MSAA, VisibleOnly]ControlType='Edit'"  &lt; Set via SendKeys &gt;
\0&lt;/a&gt;
W, 3504, 21, 2013/05/23, 18:10:58.653, 2878674417984, QTAgent32.exe, &lt;a class=success&gt;Playback - {47} [SUCCESS] MouseButtonClick - "[MSAA, VisibleOnly]ControlType='Button' &amp;&amp; Name='OK'"
\0&lt;/a&gt;
W, 3504, 21, 2013/05/23, 18:10:58.893, 2878677855445, QTAgent32.exe, &lt;a class=success&gt;Playback - {48} [SUCCESS] MouseButtonClick - "[MSAA, VisibleOnly]ControlType='Button' &amp;&amp; Name='Options'"
\0&lt;/a&gt;
W, 3504, 21, 2013/05/23, 18:10:58.994, 2878679295962, QTAgent32.exe, FindScreenElementInSinglePass : Attempting to find control in one pass of search. Failures can occur.
W, 3504, 21, 2013/05/23, 18:10:59.932, 2878692731008, QTAgent32.exe, &lt;a class=success&gt;Playback - {49} [SUCCESS] MouseButtonClick - "[MSAA]ControlType='MenuItem' &amp;&amp; Name='Links'"
\0&lt;/a&gt;
W, 3504, 21, 2013/05/23, 18:11:00.033, 2878694179738, QTAgent32.exe, FindScreenElementInSinglePass : Attempting to find control in one pass of search. Failures can occur.
W, 3504, 21, 2013/05/23, 18:11:00.531, 2878701308143, QTAgent32.exe, &lt;a class=success&gt;Playback - {50} [SUCCESS] MouseButtonClick - "[MSAA]ControlType='MenuItem' &amp;&amp; Name='3rd Party Integration'"
\0&lt;/a&gt;
W, 3504, 21, 2013/05/23, 18:11:00.632, 2878702746720, QTAgent32.exe, FindScreenElementInSinglePass : Attempting to find control in one pass of search. Failures can occur.
W, 3504, 21, 2013/05/23, 18:11:01.131, 2878709899591, QTAgent32.exe, &lt;a class=success&gt;Playback - {51} [SUCCESS] MouseButtonClick - "[MSAA]ControlType='MenuItem' &amp;&amp; Name='Quote Select List'"
\0&lt;/a&gt;
W, 3504, 21, 2013/05/23, 18:11:02.371, 2878727640737, QTAgent32.exe, PERF WARNING: FindTopLevelWindowHelper::FindAllDescendents: took 1136 ms. Expected it to take maximum 500 ms.
W, 3504, 21, 2013/05/23, 18:11:02.513, 2878729680010, QTAgent32.exe, &lt;a class=success&gt;Playback - {52} [SUCCESS] MouseButtonClick - "[MSAA, VisibleOnly]ControlType='Button' &amp;&amp; Name='Ok'"
\0&lt;/a&gt;
W, 3504, 21, 2013/05/23, 18:11:05.190, 2878768016734, QTAgent32.exe, PERF WARNING: FindTopLevelWindowHelper::FindAllDescendents: took 2576 ms. Expected it to take maximum 500 ms.
W, 3504, 21, 2013/05/23, 18:11:06.425, 2878785690982, QTAgent32.exe, &lt;a class=success&gt;Playback - {53} [SUCCESS] SetValueAsEditBox "test1" - "[MSAA, VisibleOnly]ControlType='Edit'"  &lt; Set via SendKeys &gt;
\0&lt;/a&gt;
W, 3504, 21, 2013/05/23, 18:11:07.552, 2878801829035, QTAgent32.exe, &lt;a class=success&gt;Playback - {54} [SUCCESS] SetValueAsEditBox "test" - "[MSAA, VisibleOnly]ControlType='Edit'"  &lt; Set via SendKeys &gt;
\0&lt;/a&gt;
W, 3504, 21, 2013/05/23, 18:11:08.122, 2878809997549, QTAgent32.exe, &lt;a class=success&gt;Playback - {55} [SUCCESS] SendKeys "^{HOME}" - "[MSAA, VisibleOnly]ControlType='Edit'"
\0&lt;/a&gt;
E, 3504, 21, 2013/05/23, 18:11:08.122, 2878810001113, QTAgent32.exe, Msaa.GetFocusedElement: could not find accessible object of foreground window
W, 3504, 21, 2013/05/23, 18:11:08.180, 2878810828448, QTAgent32.exe, &lt;a class=success&gt;Playback - {56} [SUCCESS] SendKeys "^+{END}" - "[MSAA, VisibleOnly]ControlType='Edit'"
\0&lt;/a&gt;
E, 3504, 21, 2013/05/23, 18:11:08.181, 2878810832481, QTAgent32.exe, Msaa.GetFocusedElement: could not find accessible object of foreground window
W, 3504, 21, 2013/05/23, 18:11:08.204, 2878811172802, QTAgent32.exe, &lt;a class=success&gt;Playback - {57} [SUCCESS] SendKeys "{DELETE}" - "[MSAA, VisibleOnly]ControlType='Edit'"
\0&lt;/a&gt;
W, 3504, 21, 2013/05/23, 18:11:08.722, 2878818582552, QTAgent32.exe, &lt;a class=success&gt;Playback - {58} [SUCCESS] SetValueAsEditBox "test" - "[MSAA, VisibleOnly]ControlType='Edit'"  &lt; Set via SendKeys &gt;
\0&lt;/a&gt;
W, 3504, 21, 2013/05/23, 18:11:09.931, 2878835885534, QTAgent32.exe, Playback - [WARNING] Internal warning: Incorrect flag set for InvokeProgrammaticAction\0
W, 3504, 21, 2013/05/23, 18:11:10.052, 2878837629161, QTAgent32.exe, &lt;a class=success&gt;Playback - {59} [SUCCESS] SetValueAsComboBox "Account Director" - "[MSAA, VisibleOnly]ControlType='ComboBox'"  &lt; SetValueAsComboBox, set by clicking on the item in the list box &gt;
\0&lt;/a&gt;
W, 3504, 21, 2013/05/23, 18:11:11.235, 2878854566778, QTAgent32.exe, Playback - [WARNING] Internal warning: Incorrect flag set for InvokeProgrammaticAction\0
W, 3504, 21, 2013/05/23, 18:11:11.357, 2878856314623, QTAgent32.exe, &lt;a class=success&gt;Playback - {60} [SUCCESS] SetValueAsComboBox "Advertising" - "[MSAA, VisibleOnly]ControlType='ComboBox'"  &lt; SetValueAsComboBox, set by clicking on the item in the list box &gt;
\0&lt;/a&gt;
W, 3504, 21, 2013/05/23, 18:11:12.460, 2878872112901, QTAgent32.exe, &lt;a class=success&gt;Playback - {61} [SUCCESS] SetValueAsEditBox "160589" - "[MSAA, VisibleOnly]ControlType='Edit'"  &lt; Set via SendKeys &gt;
\0&lt;/a&gt;
W, 3504, 21, 2013/05/23, 18:11:12.717, 2878875793425, QTAgent32.exe, &lt;a class=success&gt;Playback - {62} [SUCCESS] MouseButtonClick - "[MSAA, VisibleOnly]ControlType='Edit'"
\0&lt;/a&gt;
W, 3504, 21, 2013/05/23, 18:11:13.880, 2878892439833, QTAgent32.exe, &lt;a class=success&gt;Playback - {63} [SUCCESS] SetValueAsEditBox "B338TH" - "[MSAA, VisibleOnly]ControlType='Edit'"  &lt; Set via SendKeys &gt;
\0&lt;/a&gt;
W, 3504, 21, 2013/05/23, 18:11:16.131, 2878924665321, QTAgent32.exe, &lt;a class=success&gt;Playback - {64} [SUCCESS] MouseButtonClick - "[MSAA, VisibleOnly]ControlType='Button' &amp;&amp; Name='Lookup...'"
\0&lt;/a&gt;
W, 3504, 21, 2013/05/23, 18:11:16.414, 2878928724238, QTAgent32.exe, &lt;a class=success&gt;Playback - {65} [SUCCESS] MouseButtonClick - "[MSAA, VisibleOnly]ControlType='Button' &amp;&amp; Name='Ok'"
\0&lt;/a&gt;
W, 3504, 21, 2013/05/23, 18:11:16.695, 2878932742833, QTAgent32.exe, &lt;a class=success&gt;Playback - {66} [SUCCESS] MouseButtonClick - "[MSAA, VisibleOnly]ControlType='Button' &amp;&amp; Name='Next &gt;'"
\0&lt;/a&gt;
W, 3504, 21, 2013/05/23, 18:11:18.377, 2878956821043, QTAgent32.exe, &lt;a class=success&gt;Playback - {67} [SUCCESS] SetValueAsEditBox "1989" - "[MSAA, VisibleOnly]ControlType='Edit'"  &lt; Set via SendKeys &gt;
\0&lt;/a&gt;
W, 3504, 21, 2013/05/23, 18:11:18.629, 2878960436453, QTAgent32.exe, &lt;a class=success&gt;Playback - {68} [SUCCESS] MouseButtonClick - "[MSAA, VisibleOnly]ControlType='Button' &amp;&amp; Name='Next &gt;'"
\0&lt;/a&gt;
W, 3504, 21, 2013/05/23, 18:11:18.864, 2878963796640, QTAgent32.exe, &lt;a class=success&gt;Playback - {69} [SUCCESS] MouseButtonClick - "[MSAA, VisibleOnly]ControlType='Button' &amp;&amp; Name='Next &gt;'"
\0&lt;/a&gt;
W, 3504, 21, 2013/05/23, 18:11:19.094, 2878967086631, QTAgent32.exe, &lt;a class=success&gt;Playback - {70} [SUCCESS] MouseButtonClick - "[MSAA, VisibleOnly]ControlType='Button' &amp;&amp; Name='Next &gt;'"
\0&lt;/a&gt;
W, 3504, 21, 2013/05/23, 18:11:20.717, 2878990338262, QTAgent32.exe, &lt;a class=success&gt;Playback - {71} [SUCCESS] SetValueAsEditBox "2345" - "[MSAA, VisibleOnly]ControlType='Edit'"  &lt; Set via SendKeys &gt;
\0&lt;/a&gt;
W, 3504, 21, 2013/05/23, 18:11:22.363, 2879013900886, QTAgent32.exe, &lt;a class=success&gt;Playback - {72} [SUCCESS] SetValueAsEditBox "2000" - "[MSAA, VisibleOnly]ControlType='Edit'"  &lt; Set via SendKeys &gt;
\0&lt;/a&gt;
W, 3504, 21, 2013/05/23, 18:11:23.960, 2879036767983, QTAgent32.exe, &lt;a class=success&gt;Playback - {73} [SUCCESS] SetValueAsEditBox "2000" - "[MSAA, VisibleOnly]ControlType='Edit'"  &lt; Set via SendKeys &gt;
\0&lt;/a&gt;
W, 3504, 21, 2013/05/23, 18:11:24.196, 2879040148159, QTAgent32.exe, &lt;a class=success&gt;Playback - {74} [SUCCESS] MouseButtonClick - "[MSAA, VisibleOnly]ControlType='Button' &amp;&amp; Name='Next &gt;'"
\0&lt;/a&gt;
W, 3504, 21, 2013/05/23, 18:11:25.862, 2879063999317, QTAgent32.exe, &lt;a class=success&gt;Playback - {75} [SUCCESS] SetValueAsEditBox "2345" - "[MSAA, VisibleOnly]ControlType='Edit'"  &lt; Set via SendKeys &gt;
\0&lt;/a&gt;
W, 3504, 21, 2013/05/23, 18:11:26.133, 2879067874085, QTAgent32.exe, &lt;a class=success&gt;Playback - {76} [SUCCESS] MouseButtonClick - "[MSAA, VisibleOnly]ControlType='Button' &amp;&amp; Name='Next &gt;'"
\0&lt;/a&gt;
W, 3504, 21, 2013/05/23, 18:11:26.389, 2879071542319, QTAgent32.exe, &lt;a class=success&gt;Playback - {77} [SUCCESS] MouseButtonClick - "[MSAA, VisibleOnly]ControlType='Button' &amp;&amp; Name='Next &gt;'"
\0&lt;/a&gt;
W, 3504, 21, 2013/05/23, 18:11:26.741, 2879076585209, QTAgent32.exe, &lt;a class=success&gt;Playback - {78} [SUCCESS] MouseButtonClick - "[MSAA, VisibleOnly]ControlType='Button' &amp;&amp; Name='Quote'"
\0&lt;/a&gt;
W, 3504, 21, 2013/05/23, 18:11:26.981, 2879080013658, QTAgent32.exe, &lt;a class=success&gt;Playback - {79} [SUCCESS] MouseButtonClick - "[MSAA, VisibleOnly]ControlType='Button' &amp;&amp; Name='No'"
\0&lt;/a&gt;
W, 3504, 21, 2013/05/23, 18:11:27.389, 2879085869048, QTAgent32.exe, &lt;a class=success&gt;Playback - {80} [SUCCESS] MouseButtonClick - "[MSAA, VisibleOnly]ControlType='Button' &amp;&amp; Name='Ok'"
\0&lt;/a&gt;
W, 3504, 21, 2013/05/23, 18:11:35.206, 2879197790386, QTAgent32.exe, PERF WARNING: FindTopLevelWindowHelper::FindAllDescendents: took 7716 ms. Expected it to take maximum 500 ms.
W, 3504, 21, 2013/05/23, 18:11:35.353, 2879199897488, QTAgent32.exe, &lt;a class=success&gt;Playback - {81} [SUCCESS] MouseButtonClick - "[MSAA, VisibleOnly]ControlType='Client'"
\0&lt;/a&gt;
W, 3504, 21, 2013/05/23, 18:11:37.717, 2879233732612, QTAgent32.exe, &lt;a class=success&gt;Playback - {82} [SUCCESS] SendKeys "{End}" - "[MSAA, VisibleOnly]ControlType='Client'"
\0&lt;/a&gt;
W, 3504, 21, 2013/05/23, 18:11:39.217, 2879255220444, QTAgent32.exe, &lt;a class=success&gt;Playback - {83} [SUCCESS] MouseButtonClick - "[MSAA, VisibleOnly]ControlType='Button' &amp;&amp; Name='Accept'"
\0&lt;/a&gt;
W, 3504, 21, 2013/05/23, 18:11:41.479, 2879287597600, QTAgent32.exe, &lt;a class=success&gt;Playback - {84} [SUCCESS] MouseButtonClick - "[MSAA, VisibleOnly]ControlType='Button' &amp;&amp; Name='Yes'"
\0&lt;/a&gt;
W, 3504, 21, 2013/05/23, 18:11:55.832, 2879493118611, QTAgent32.exe, Playback - [WARNING] Internal warning: Window Not Found: [VisibleOnly]ControlType='Window' &amp;&amp; Name='Broker Add-ons' &amp;&amp; ClassName='ThunderRT6FormDC'
\0
E, 3504, 21, 2013/05/23, 18:11:55.835, 2879493152458, QTAgent32.exe, &lt;a class=failure&gt;Playback - {85} [FAILED] Function ElementFetcher::FindScreenElement failed to locate UI element (Searching: ;[VisibleOnly]ControlType='Window' &amp;&amp; Name='Broker Add-ons' &amp;&amp; ClassName='ThunderRT6FormDC') (The object specified was not found.)
\0&lt;/a&gt;
E, 3504, 21, 2013/05/23, 18:11:55.919, 2879494362976, QTAgent32.exe, Playback - [IMAGE] C:\Users\testuser\AppData\Local\Temp\UITestLogs\LastRun\RPFA96D.png
\0
W, 3504, 21, 2013/05/23, 18:11:55.919, 2879494365938, QTAgent32.exe, Playback - [WARNING] Internal warning: Couldn't find descendants that match QueryId
\0
W, 3504, 21, 2013/05/23, 18:11:55.920, 2879494376389, QTAgent32.exe, PERF WARNING: FindTopLevelWindowHelper::FindAllDescendents: took 14315 ms. Expected it to take maximum 500 ms.
W, 3504, 21, 2013/05/23, 18:12:15.245, 2879771069735, QTAgent32.exe, Playback - [WARNING] Internal warning: Window Not Found: [VisibleOnly]ControlType='Window' &amp;&amp; Name='Broker Add-ons' &amp;&amp; ClassName='ThunderRT6FormDC'
\0
E, 3504, 21, 2013/05/23, 18:12:15.245, 2879771077114, QTAgent32.exe, &lt;a class=failure&gt;Playback - {86} [FAILED] Function ElementFetcher::FindScreenElement failed to locate UI element (Searching: ;[VisibleOnly]ControlType='Window' &amp;&amp; Name='Broker Add-ons' &amp;&amp; ClassName='ThunderRT6FormDC') (The object specified was not found.)
\0&lt;/a&gt;
E, 3504, 21, 2013/05/23, 18:12:15.347, 2879772530310, QTAgent32.exe, Playback - [IMAGE] C:\Users\testuser\AppData\Local\Temp\UITestLogs\LastRun\RPFF53D.png
\0
W, 3504, 21, 2013/05/23, 18:12:15.347, 2879772538836, QTAgent32.exe, Playback - [WARNING] Internal warning: Couldn't find descendants that match QueryId
\0
W, 3504, 21, 2013/05/23, 18:12:15.348, 2879772549516, QTAgent32.exe, PERF WARNING: FindTopLevelWindowHelper::FindAllDescendents: took 19427 ms. Expected it to take maximum 500 ms.
W, 3504, 21, 2013/05/23, 18:12:18.011, 2879810669648, QTAgent32.exe, Playback - [WARNING] Internal warning: Smart Match failed
\0
W, 3504, 21, 2013/05/23, 18:12:19.411, 2879830721487, QTAgent32.exe, Playback - [WARNING] Internal warning: Window Not Found: [VisibleOnly]ControlType='Window' &amp;&amp; Name='Broker Add-ons' &amp;&amp; ClassName='ThunderRT6FormDC'
\0
E, 3504, 21, 2013/05/23, 18:12:19.411, 2879830726379, QTAgent32.exe, &lt;a class=failure&gt;Playback - {87} [FAILED] Function ElementFetcher::FindScreenElement failed to locate UI element (Searching: ;[VisibleOnly]ControlType='Window' &amp;&amp; Name='Broker Add-ons' &amp;&amp; ClassName='ThunderRT6FormDC') (The object specified was not found.)
\0&lt;/a&gt;
E, 3504, 21, 2013/05/23, 18:12:19.497, 2879831957718, QTAgent32.exe, Playback - [IMAGE] C:\Users\testuser\AppData\Local\Temp\UITestLogs\LastRun\RPF583.png
\0
W, 3504, 21, 2013/05/23, 18:12:19.497, 2879831960601, QTAgent32.exe, Playback - [WARNING] Internal warning: Couldn't find descendants that match QueryId
\0
W, 3504, 21, 2013/05/23, 18:12:19.498, 2879831965419, QTAgent32.exe, PERF WARNING: FindTopLevelWindowHelper::FindAllDescendents: took 4149 ms. Expected it to take maximum 500 ms.
E, 3504, 21, 2013/05/23, 18:12:19.498, 2879831967746, QTAgent32.exe, Exception: System.Runtime.InteropServices.COMException
	Message: Error HRESULT E_FAIL has been returned from a call to a COM component.
	Stack Trace:    at Microsoft.VisualStudio.TestTools.UITest.Playback.Engine.IRPFPlayback.FindAllScreenElements(IScreenElement pScreenElementStart, String bstrQueryId, Object&amp; pvarResKeys, Int32 cResKeys, Int32 nMaxDepth, Object[]&amp; foundDescendants)
   at Microsoft.VisualStudio.TestTools.UITest.Playback.ScreenElement.FindTopLevelWindowHelper(String queryId)
	BaseExceptionMessage: Error HRESULT E_FAIL has been returned from a call to a COM component.

E, 3504, 21, 2013/05/23, 18:12:19.600, 2879833424714, QTAgent32.exe, AL: Playback Error: Microsoft.VisualStudio.TestTools.UITest.Extension.UITestControlNotFoundException: The playback failed to find the control with the given search properties. Additional Details: 
TechnologyName:  'MSAA'
ControlType:  'Window'
Name:  'Broker Add-ons'
ClassName:  'ThunderRT6FormDC'
 ---&gt; System.Runtime.InteropServices.COMException: Error HRESULT E_FAIL has been returned from a call to a COM component.
   at Microsoft.VisualStudio.TestTools.UITest.Playback.Engine.IRPFPlayback.FindAllScreenElements(IScreenElement pScreenElementStart, String bstrQueryId, Object&amp; pvarResKeys, Int32 cResKeys, Int32 nMaxDepth, Object[]&amp; foundDescendants)
   at Microsoft.VisualStudio.TestTools.UITest.Playback.ScreenElement.FindTopLevelWindowHelper(String queryId)
   at Microsoft.VisualStudio.TestTools.UITest.Playback.ScreenElement.FindFromPartialQueryId(String queryId)
   at Microsoft.VisualStudio.TestTools.UITesting.UITestControl..ctor(String queryId)
   --- End of inner exception stack trace ---
   at Microsoft.VisualStudio.TestTools.UITesting.Playback.MapControlNotFoundException(COMException ex, IPlaybackContext context)
   at Microsoft.VisualStudio.TestTools.UITesting.Playback.MapAndThrowComException(COMException innerException, IPlaybackContext context)
   at Microsoft.VisualStudio.TestTools.UITesting.Playback.MapAndThrowException(SystemException exception, IPlaybackContext context)
   at Microsoft.VisualStudio.TestTools.UITesting.Playback.MapAndThrowException(SystemException exception, String queryId)
   at Microsoft.VisualStudio.TestTools.UITesting.UITestControl..ctor(String queryId)
   at Microsoft.VisualStudio.TestTools.UITesting.SearchHelper.SearchTopLevelWindow(ISearchArgument topLevelSearchArg, String topLevelElementQueryId)
   at Microsoft.VisualStudio.TestTools.UITesting.SearchHelper.GetTitleUpdatedTopLevelWindow(ISearchArgument topLevelSearchArg, String queryId, IList`1 windowTitles)
   at Microsoft.VisualStudio.TestTools.UITesting.SearchHelper.GetTopLevelElement(Boolean useCache, Boolean useCacheOnly, ISearchArgument searchArg, IList`1 windowTitles, Int32&amp; timeLeft)
   at Microsoft.VisualStudio.TestTools.UITesting.SearchHelper.GetElement(Boolean useCache, ISearchArgument searchArg)
   at Microsoft.VisualStudio.TestTools.UITesting.SearchHelper.Search(ISearchArgument searchArg)
   at Microsoft.VisualStudio.TestTools.UITesting.UITestControl.FindInternal()
   at Microsoft.VisualStudio.TestTools.UITesting.UITestControl.FindControlIfNecessary()
   at Microsoft.VisualStudio.TestTools.UITesting.UITestControl.Click(MouseButtons button, ModifierKeys modifierKeys, Point relativeCoordinates)
   at Microsoft.VisualStudio.TestTools.UITesting.Mouse.ClickImplementation(UITestControl control, MouseButtons button, ModifierKeys modifierKeys, Point relativeCoordinate)
   at Microsoft.VisualStudio.TestTools.UITesting.Mouse.ClickImplementationWrapper(UITestControl control, MouseButtons button, ModifierKeys modifierKeys, Point relativeCoordinate)
W, 3504, 21, 2013/05/23, 18:12:19.600, 2879833428995, QTAgent32.exe, PlaybackErrorHandler: Ignoring exception as ContinueOnError is set.
W, 3504, 21, 2013/05/23, 18:12:27.136, 2879941326998, QTAgent32.exe, Playback - [WARNING] Internal warning: Window Not Found: [VisibleOnly]ControlType='Window' &amp;&amp; Name='Save the file as' &amp;&amp; ClassName='#32770'
\0
E, 3504, 21, 2013/05/23, 18:12:27.136, 2879941332556, QTAgent32.exe, &lt;a class=failure&gt;Playback - {88} [FAILED] Function ElementFetcher::FindScreenElement failed to locate UI element (Searching: ;[VisibleOnly]ControlType='Window' &amp;&amp; Name='Save the file as' &amp;&amp; ClassName='#32770') (The object specified was not found.)
\0&lt;/a&gt;
E, 3504, 21, 2013/05/23, 18:12:27.227, 2879942640881, QTAgent32.exe, Playback - [IMAGE] C:\Users\testuser\AppData\Local\Temp\UITestLogs\LastRun\RPF23AE.png
\0
W, 3504, 21, 2013/05/23, 18:12:27.228, 2879942643630, QTAgent32.exe, Playback - [WARNING] Internal warning: Couldn't find descendants that match QueryId
\0
W, 3504, 21, 2013/05/23, 18:12:27.228, 2879942648006, QTAgent32.exe, PERF WARNING: FindTopLevelWindowHelper::FindAllDescendents: took 7627 ms. Expected it to take maximum 500 ms.
W, 3504, 21, 2013/05/23, 18:12:46.428, 2880217556796, QTAgent32.exe, Playback - [WARNING] Internal warning: Window Not Found: [VisibleOnly]ControlType='Window' &amp;&amp; Name='Save the file as' &amp;&amp; ClassName='#32770'
\0
E, 3504, 21, 2013/05/23, 18:12:46.429, 2880217565819, QTAgent32.exe, &lt;a class=failure&gt;Playback - {89} [FAILED] Function ElementFetcher::FindScreenElement failed to locate UI element (Searching: ;[VisibleOnly]ControlType='Window' &amp;&amp; Name='Save the file as' &amp;&amp; ClassName='#32770') (The object specified was not found.)
\0&lt;/a&gt;
E, 3504, 21, 2013/05/23, 18:12:46.516, 2880218821809, QTAgent32.exe, Playback - [IMAGE] C:\Users\testuser\AppData\Local\Temp\UITestLogs\LastRun\RPF6F10.png
\0
W, 3504, 21, 2013/05/23, 18:12:46.516, 2880218824215, QTAgent32.exe, Playback - [WARNING] Internal warning: Couldn't find descendants that match QueryId
\0
W, 3504, 21, 2013/05/23, 18:12:46.517, 2880218832103, QTAgent32.exe, PERF WARNING: FindTopLevelWindowHelper::FindAllDescendents: took 19288 ms. Expected it to take maximum 500 ms.
W, 3504, 21, 2013/05/23, 18:12:49.176, 2880256908137, QTAgent32.exe, Playback - [WARNING] Internal warning: Smart Match failed
\0
W, 3504, 21, 2013/05/23, 18:12:50.570, 2880276861198, QTAgent32.exe, Playback - [WARNING] Internal warning: Window Not Found: [VisibleOnly]ControlType='Window' &amp;&amp; Name='Save the file as' &amp;&amp; ClassName='#32770'
\0
E, 3504, 21, 2013/05/23, 18:12:50.570, 2880276866335, QTAgent32.exe, &lt;a class=failure&gt;Playback - {90} [FAILED] Function ElementFetcher::FindScreenElement failed to locate UI element (Searching: ;[VisibleOnly]ControlType='Window' &amp;&amp; Name='Save the file as' &amp;&amp; ClassName='#32770') (The object specified was not found.)
\0&lt;/a&gt;
E, 3504, 21, 2013/05/23, 18:12:50.650, 2880278010713, QTAgent32.exe, Playback - [IMAGE] C:\Users\testuser\AppData\Local\Temp\UITestLogs\LastRun\RPF7F37.png
\0
W, 3504, 21, 2013/05/23, 18:12:50.650, 2880278013165, QTAgent32.exe, Playback - [WARNING] Internal warning: Couldn't find descendants that match QueryId
\0
W, 3504, 21, 2013/05/23, 18:12:50.651, 2880278018020, QTAgent32.exe, PERF WARNING: FindTopLevelWindowHelper::FindAllDescendents: took 4133 ms. Expected it to take maximum 500 ms.
E, 3504, 21, 2013/05/23, 18:12:50.651, 2880278020092, QTAgent32.exe, Exception: System.Runtime.InteropServices.COMException
	Message: Error HRESULT E_FAIL has been returned from a call to a COM component.
	Stack Trace:    at Microsoft.VisualStudio.TestTools.UITest.Playback.Engine.IRPFPlayback.FindAllScreenElements(IScreenElement pScreenElementStart, String bstrQueryId, Object&amp; pvarResKeys, Int32 cResKeys, Int32 nMaxDepth, Object[]&amp; foundDescendants)
   at Microsoft.VisualStudio.TestTools.UITest.Playback.ScreenElement.FindTopLevelWindowHelper(String queryId)
	BaseExceptionMessage: Error HRESULT E_FAIL has been returned from a call to a COM component.

E, 3504, 21, 2013/05/23, 18:12:50.752, 2880279470633, QTAgent32.exe, AL: Playback Error: Microsoft.VisualStudio.TestTools.UITest.Extension.UITestControlNotFoundException: The playback failed to find the control with the given search properties. Additional Details: 
TechnologyName:  'MSAA'
ControlType:  'Window'
Name:  'Save the file as'
ClassName:  '#32770'
 ---&gt; System.Runtime.InteropServices.COMException: Error HRESULT E_FAIL has been returned from a call to a COM component.
   at Microsoft.VisualStudio.TestTools.UITest.Playback.Engine.IRPFPlayback.FindAllScreenElements(IScreenElement pScreenElementStart, String bstrQueryId, Object&amp; pvarResKeys, Int32 cResKeys, Int32 nMaxDepth, Object[]&amp; foundDescendants)
   at Microsoft.VisualStudio.TestTools.UITest.Playback.ScreenElement.FindTopLevelWindowHelper(String queryId)
   at Microsoft.VisualStudio.TestTools.UITest.Playback.ScreenElement.FindFromPartialQueryId(String queryId)
   at Microsoft.VisualStudio.TestTools.UITesting.UITestControl..ctor(String queryId)
   --- End of inner exception stack trace ---
   at Microsoft.VisualStudio.TestTools.UITesting.Playback.MapControlNotFoundException(COMException ex, IPlaybackContext context)
   at Microsoft.VisualStudio.TestTools.UITesting.Playback.MapAndThrowComException(COMException innerException, IPlaybackContext context)
   at Microsoft.VisualStudio.TestTools.UITesting.Playback.MapAndThrowException(SystemException exception, IPlaybackContext context)
   at Microsoft.VisualStudio.TestTools.UITesting.Playback.MapAndThrowException(SystemException exception, String queryId)
   at Microsoft.VisualStudio.TestTools.UITesting.UITestControl..ctor(String queryId)
   at Microsoft.VisualStudio.TestTools.UITesting.SearchHelper.SearchTopLevelWindow(ISearchArgument topLevelSearchArg, String topLevelElementQueryId)
   at Microsoft.VisualStudio.TestTools.UITesting.SearchHelper.GetTitleUpdatedTopLevelWindow(ISearchArgument topLevelSearchArg, String queryId, IList`1 windowTitles)
   at Microsoft.VisualStudio.TestTools.UITesting.SearchHelper.GetTopLevelElement(Boolean useCache, Boolean useCacheOnly, ISearchArgument searchArg, IList`1 windowTitles, Int32&amp; timeLeft)
   at Microsoft.VisualStudio.TestTools.UITesting.SearchHelper.GetElement(Boolean useCache, ISearchArgument searchArg)
   at Microsoft.VisualStudio.TestTools.UITesting.SearchHelper.Search(ISearchArgument searchArg)
   at Microsoft.VisualStudio.TestTools.UITesting.UITestControl.FindInternal()
   at Microsoft.VisualStudio.TestTools.UITesting.UITestControl.FindControlIfNecessary()
   at Microsoft.VisualStudio.TestTools.UITesting.UITestControl.Click(MouseButtons button, ModifierKeys modifierKeys, Point relativeCoordinates)
   at Microsoft.VisualStudio.TestTools.UITesting.Mouse.ClickImplementation(UITestControl control, MouseButtons button, ModifierKeys modifierKeys, Point relativeCoordinate)
   at Microsoft.VisualStudio.TestTools.UITesting.Mouse.ClickImplementationWrapper(UITestControl control, MouseButtons button, ModifierKeys modifierKeys, Point relativeCoordinate)
W, 3504, 21, 2013/05/23, 18:12:50.752, 2880279474453, QTAgent32.exe, PlaybackErrorHandler: Ignoring exception as ContinueOnError is set.
W, 3504, 21, 2013/05/23, 18:12:58.272, 2880387139624, QTAgent32.exe, Playback - [WARNING] Internal warning: Window Not Found: [VisibleOnly]ControlType='Window' &amp;&amp; Name='Personal Lines' &amp;&amp; ClassName='#32770'
\0
E, 3504, 21, 2013/05/23, 18:12:58.272, 2880387144433, QTAgent32.exe, &lt;a class=failure&gt;Playback - {91} [FAILED] Function ElementFetcher::FindScreenElement failed to locate UI element (Searching: ;[VisibleOnly]ControlType='Window' &amp;&amp; Name='Personal Lines' &amp;&amp; ClassName='#32770') (The object specified was not found.)
\0&lt;/a&gt;
E, 3504, 21, 2013/05/23, 18:12:58.359, 2880388386172, QTAgent32.exe, Playback - [IMAGE] C:\Users\testuser\AppData\Local\Temp\UITestLogs\LastRun\RPF9D53.png
\0
W, 3504, 21, 2013/05/23, 18:12:58.359, 2880388388802, QTAgent32.exe, Playback - [WARNING] Internal warning: Couldn't find descendants that match QueryId
\0
W, 3504, 21, 2013/05/23, 18:12:58.359, 2880388393405, QTAgent32.exe, PERF WARNING: FindTopLevelWindowHelper::FindAllDescendents: took 7606 ms. Expected it to take maximum 500 ms.
W, 3504, 21, 2013/05/23, 18:13:17.666, 2880664833109, QTAgent32.exe, Playback - [WARNING] Internal warning: Window Not Found: [VisibleOnly]ControlType='Window' &amp;&amp; Name='Personal Lines' &amp;&amp; ClassName='#32770'
\0
E, 3504, 21, 2013/05/23, 18:13:17.667, 2880664842174, QTAgent32.exe, &lt;a class=failure&gt;Playback - {92} [FAILED] Function ElementFetcher::FindScreenElement failed to locate UI element (Searching: ;[VisibleOnly]ControlType='Window' &amp;&amp; Name='Personal Lines' &amp;&amp; ClassName='#32770') (The object specified was not found.)
\0&lt;/a&gt;
E, 3504, 21, 2013/05/23, 18:13:17.761, 2880666190981, QTAgent32.exe, Playback - [IMAGE] C:\Users\testuser\AppData\Local\Temp\UITestLogs\LastRun\RPFE913.png
\0
W, 3504, 21, 2013/05/23, 18:13:17.761, 2880666193443, QTAgent32.exe, Playback - [WARNING] Internal warning: Couldn't find descendants that match QueryId
\0
W, 3504, 21, 2013/05/23, 18:13:17.762, 2880666201882, QTAgent32.exe, PERF WARNING: FindTopLevelWindowHelper::FindAllDescendents: took 19402 ms. Expected it to take maximum 500 ms.
W, 3504, 21, 2013/05/23, 18:13:20.411, 2880704122672, QTAgent32.exe, Playback - [WARNING] Internal warning: Smart Match failed
\0
W, 3504, 21, 2013/05/23, 18:13:21.810, 2880724168658, QTAgent32.exe, Playback - [WARNING] Internal warning: Window Not Found: [VisibleOnly]ControlType='Window' &amp;&amp; Name='Personal Lines' &amp;&amp; ClassName='#32770'
\0
E, 3504, 21, 2013/05/23, 18:13:21.811, 2880724173102, QTAgent32.exe, &lt;a class=failure&gt;Playback - {93} [FAILED] Function ElementFetcher::FindScreenElement failed to locate UI element (Searching: ;[VisibleOnly]ControlType='Window' &amp;&amp; Name='Personal Lines' &amp;&amp; ClassName='#32770') (The object specified was not found.)
\0&lt;/a&gt;
E, 3504, 21, 2013/05/23, 18:13:21.891, 2880725328703, QTAgent32.exe, Playback - [IMAGE] C:\Users\testuser\AppData\Local\Temp\UITestLogs\LastRun\RPFF949.png
\0
W, 3504, 21, 2013/05/23, 18:13:21.892, 2880725331264, QTAgent32.exe, Playback - [WARNING] Internal warning: Couldn't find descendants that match QueryId
\0
W, 3504, 21, 2013/05/23, 18:13:21.892, 2880725335843, QTAgent32.exe, PERF WARNING: FindTopLevelWindowHelper::FindAllDescendents: took 4129 ms. Expected it to take maximum 500 ms.
E, 3504, 21, 2013/05/23, 18:13:21.892, 2880725338327, QTAgent32.exe, Exception: System.Runtime.InteropServices.COMException
	Message: Error HRESULT E_FAIL has been returned from a call to a COM component.
	Stack Trace:    at Microsoft.VisualStudio.TestTools.UITest.Playback.Engine.IRPFPlayback.FindAllScreenElements(IScreenElement pScreenElementStart, String bstrQueryId, Object&amp; pvarResKeys, Int32 cResKeys, Int32 nMaxDepth, Object[]&amp; foundDescendants)
   at Microsoft.VisualStudio.TestTools.UITest.Playback.ScreenElement.FindTopLevelWindowHelper(String queryId)
	BaseExceptionMessage: Error HRESULT E_FAIL has been returned from a call to a COM component.

E, 3504, 21, 2013/05/23, 18:13:21.892, 2880725343638, QTAgent32.exe, Window 2230656 not responding. Last Win32 error 0
E, 3504, 21, 2013/05/23, 18:13:21.893, 2880725345344, QTAgent32.exe, GetClassName for handle 2230656 failed
E, 3504, 21, 2013/05/23, 18:13:21.993, 2880726784258, QTAgent32.exe, AL: Playback Error: Microsoft.VisualStudio.TestTools.UITest.Extension.UITestControlNotAvailableException: The control is not available or not valid. Additional Details: 
TechnologyName:  'MSAA'
Name:  'Personal Lines'
ClassName:  '#32770'
ControlType:  'Window'
 ---&gt; System.Runtime.InteropServices.COMException: Error HRESULT E_FAIL has been returned from a call to a COM component.
   at Microsoft.VisualStudio.TestTools.UITest.Playback.Engine.IRPFPlayback.FindAllScreenElements(IScreenElement pScreenElementStart, String bstrQueryId, Object&amp; pvarResKeys, Int32 cResKeys, Int32 nMaxDepth, Object[]&amp; foundDescendants)
   at Microsoft.VisualStudio.TestTools.UITest.Playback.ScreenElement.FindTopLevelWindowHelper(String queryId)
   at Microsoft.VisualStudio.TestTools.UITest.Playback.ScreenElement.FindFromPartialQueryId(String queryId)
   at Microsoft.VisualStudio.TestTools.UITesting.UITestControl.EnsureValid(Boolean waitForReady, Boolean refetch)
   --- End of inner exception stack trace ---
   at Microsoft.VisualStudio.TestTools.UITesting.UITestControl.EnsureValid(Boolean waitForReady, Boolean refetch)
   at Microsoft.VisualStudio.TestTools.UITesting.UITestControl.FindFirstDescendant(String queryId, Int32 maxDepth, Int32&amp; timeLeft)
   at Microsoft.VisualStudio.TestTools.UITesting.SearchHelper.GetElement(Boolean useCache, ISearchArgument searchArg)
   at Microsoft.VisualStudio.TestTools.UITesting.SearchHelper.Search(ISearchArgument searchArg)
   at Microsoft.VisualStudio.TestTools.UITesting.UITestControl.FindInternal()
   at Microsoft.VisualStudio.TestTools.UITesting.UITestControl.FindControlIfNecessary()
   at Microsoft.VisualStudio.TestTools.UITesting.UITestControl.Click(MouseButtons button, ModifierKeys modifierKeys, Point relativeCoordinates)
   at Microsoft.VisualStudio.TestTools.UITesting.Mouse.ClickImplementation(UITestControl control, MouseButtons button, ModifierKeys modifierKeys, Point relativeCoordinate)
   at Microsoft.VisualStudio.TestTools.UITesting.Mouse.ClickImplementationWrapper(UITestControl control, MouseButtons button, ModifierKeys modifierKeys, Point relativeCoordinate)
W, 3504, 21, 2013/05/23, 18:13:21.993, 2880726787548, QTAgent32.exe, PlaybackErrorHandler: Ignoring exception as ContinueOnError is set.
W, 3504, 21, 2013/05/23, 18:13:22.279, 2880730872713, QTAgent32.exe, &lt;a class=success&gt;Playback - {94} [SUCCESS] MouseButtonClick - "[MSAA, VisibleOnly]ControlType='Button' &amp;&amp; Name='Ok'"
\0&lt;/a&gt;
W, 3504, 21, 2013/05/23, 18:13:22.557, 2880734866803, QTAgent32.exe, &lt;a class=success&gt;Playback - {95} [SUCCESS] MouseButtonClick - "[MSAA, VisibleOnly]ControlType='Button' &amp;&amp; Name='Ok'"
\0&lt;/a&gt;
W, 3504, 21, 2013/05/23, 18:13:24.038, 2880756065714, QTAgent32.exe, &lt;a class=success&gt;Playback - {96} [SUCCESS] SetValueAsEditBox "B338TH" - "[MSAA, VisibleOnly]ControlType='Edit'"  &lt; Set via SendKeys &gt;
\0&lt;/a&gt;
W, 3504, 21, 2013/05/23, 18:13:26.270, 2880788027569, QTAgent32.exe, &lt;a class=success&gt;Playback - {97} [SUCCESS] MouseButtonClick - "[MSAA, VisibleOnly]ControlType='Button' &amp;&amp; Name='Lookup...'"
\0&lt;/a&gt;
W, 3504, 21, 2013/05/23, 18:13:26.523, 2880791644548, QTAgent32.exe, &lt;a class=success&gt;Playback - {98} [SUCCESS] MouseButtonClick - "[MSAA, VisibleOnly]ControlType='Button' &amp;&amp; Name='Ok'"
\0&lt;/a&gt;
W, 3504, 21, 2013/05/23, 18:13:26.837, 2880796149141, QTAgent32.exe, &lt;a class=success&gt;Playback - {99} [SUCCESS] MouseButtonClick - "[MSAA, VisibleOnly]ControlType='Button' &amp;&amp; Name='Confirm'"
\0&lt;/a&gt;
W, 3504, 21, 2013/05/23, 18:13:45.692, 2881066105168, QTAgent32.exe, Playback - [WARNING] Internal warning: Window Not Found: [VisibleOnly]ControlType='Window' &amp;&amp; Name='Personal Lines' &amp;&amp; ClassName='#32770'
\0
E, 3504, 21, 2013/05/23, 18:13:45.692, 2881066115699, QTAgent32.exe, &lt;a class=failure&gt;Playback - {100} [FAILED] Function ElementFetcher::FindScreenElement failed to locate UI element (Searching: ;[VisibleOnly]ControlType='Window' &amp;&amp; Name='Personal Lines' &amp;&amp; ClassName='#32770') (The object specified was not found.)
\0&lt;/a&gt;
E, 3504, 21, 2013/05/23, 18:13:45.803, 2881067698667, QTAgent32.exe, Playback - [IMAGE] C:\Users\testuser\AppData\Local\Temp\UITestLogs\LastRun\RPF5696.png
\0
W, 3504, 21, 2013/05/23, 18:13:45.803, 2881067701382, QTAgent32.exe, Playback - [WARNING] Internal warning: Couldn't find descendants that match QueryId
\0
W, 3504, 21, 2013/05/23, 18:13:45.804, 2881067711118, QTAgent32.exe, PERF WARNING: FindTopLevelWindowHelper::FindAllDescendents: took 18865 ms. Expected it to take maximum 500 ms.
W, 3504, 21, 2013/05/23, 18:14:05.002, 2881342592589, QTAgent32.exe, Playback - [WARNING] Internal warning: Window Not Found: [VisibleOnly]ControlType='Window' &amp;&amp; Name='Personal Lines' &amp;&amp; ClassName='#32770'
\0
E, 3504, 21, 2013/05/23, 18:14:05.002, 2881342600318, QTAgent32.exe, &lt;a class=failure&gt;Playback - {101} [FAILED] Function ElementFetcher::FindScreenElement failed to locate UI element (Searching: ;[VisibleOnly]ControlType='Window' &amp;&amp; Name='Personal Lines' &amp;&amp; ClassName='#32770') (The object specified was not found.)
\0&lt;/a&gt;
E, 3504, 21, 2013/05/23, 18:14:05.082, 2881343737429, QTAgent32.exe, Playback - [IMAGE] C:\Users\testuser\AppData\Local\Temp\UITestLogs\LastRun\RPFA208.png
\0
W, 3504, 21, 2013/05/23, 18:14:05.082, 2881343740050, QTAgent32.exe, Playback - [WARNING] Internal warning: Couldn't find descendants that match QueryId
\0
W, 3504, 21, 2013/05/23, 18:14:05.083, 2881343747555, QTAgent32.exe, PERF WARNING: FindTopLevelWindowHelper::FindAllDescendents: took 19278 ms. Expected it to take maximum 500 ms.
W, 3504, 21, 2013/05/23, 18:14:07.718, 2881381477037, QTAgent32.exe, Playback - [WARNING] Internal warning: Smart Match failed
\0
W, 3504, 21, 2013/05/23, 18:14:09.097, 2881401220171, QTAgent32.exe, Playback - [WARNING] Internal warning: Window Not Found: [VisibleOnly]ControlType='Window' &amp;&amp; Name='Personal Lines' &amp;&amp; ClassName='#32770'
\0
E, 3504, 21, 2013/05/23, 18:14:09.097, 2881401223065, QTAgent32.exe, &lt;a class=failure&gt;Playback - {102} [FAILED] Function ElementFetcher::FindScreenElement failed to locate UI element (Searching: ;[VisibleOnly]ControlType='Window' &amp;&amp; Name='Personal Lines' &amp;&amp; ClassName='#32770') (The object specified was not found.)
\0&lt;/a&gt;
E, 3504, 21, 2013/05/23, 18:14:09.175, 2881402339501, QTAgent32.exe, Playback - [IMAGE] C:\Users\testuser\AppData\Local\Temp\UITestLogs\LastRun\RPFB200.png
\0
W, 3504, 21, 2013/05/23, 18:14:09.175, 2881402341734, QTAgent32.exe, Playback - [WARNING] Internal warning: Couldn't find descendants that match QueryId
\0
W, 3504, 21, 2013/05/23, 18:14:09.176, 2881402353565, QTAgent32.exe, PERF WARNING: FindTopLevelWindowHelper::FindAllDescendents: took 4092 ms. Expected it to take maximum 500 ms.
E, 3504, 21, 2013/05/23, 18:14:09.176, 2881402355553, QTAgent32.exe, Exception: System.Runtime.InteropServices.COMException
	Message: Error HRESULT E_FAIL has been returned from a call to a COM component.
	Stack Trace:    at Microsoft.VisualStudio.TestTools.UITest.Playback.Engine.IRPFPlayback.FindAllScreenElements(IScreenElement pScreenElementStart, String bstrQueryId, Object&amp; pvarResKeys, Int32 cResKeys, Int32 nMaxDepth, Object[]&amp; foundDescendants)
   at Microsoft.VisualStudio.TestTools.UITest.Playback.ScreenElement.FindTopLevelWindowHelper(String queryId)
	BaseExceptionMessage: Error HRESULT E_FAIL has been returned from a call to a COM component.

E, 3504, 21, 2013/05/23, 18:14:09.176, 2881402360911, QTAgent32.exe, Window 2230656 not responding. Last Win32 error 0
E, 3504, 21, 2013/05/23, 18:14:09.176, 2881402362379, QTAgent32.exe, GetClassName for handle 2230656 failed
E, 3504, 21, 2013/05/23, 18:14:09.279, 2881403831450, QTAgent32.exe, AL: Playback Error: Microsoft.VisualStudio.TestTools.UITest.Extension.UITestControlNotAvailableException: The control is not available or not valid. Additional Details: 
TechnologyName:  'MSAA'
Name:  'Personal Lines'
ClassName:  '#32770'
ControlType:  'Window'
 ---&gt; System.Runtime.InteropServices.COMException: Error HRESULT E_FAIL has been returned from a call to a COM component.
   at Microsoft.VisualStudio.TestTools.UITest.Playback.Engine.IRPFPlayback.FindAllScreenElements(IScreenElement pScreenElementStart, String bstrQueryId, Object&amp; pvarResKeys, Int32 cResKeys, Int32 nMaxDepth, Object[]&amp; foundDescendants)
   at Microsoft.VisualStudio.TestTools.UITest.Playback.ScreenElement.FindTopLevelWindowHelper(String queryId)
   at Microsoft.VisualStudio.TestTools.UITest.Playback.ScreenElement.FindFromPartialQueryId(String queryId)
   at Microsoft.VisualStudio.TestTools.UITesting.UITestControl.EnsureValid(Boolean waitForReady, Boolean refetch)
   --- End of inner exception stack trace ---
   at Microsoft.VisualStudio.TestTools.UITesting.UITestControl.EnsureValid(Boolean waitForReady, Boolean refetch)
   at Microsoft.VisualStudio.TestTools.UITesting.UITestControl.FindFirstDescendant(String queryId, Int32 maxDepth, Int32&amp; timeLeft)
   at Microsoft.VisualStudio.TestTools.UITesting.SearchHelper.GetElement(Boolean useCache, ISearchArgument searchArg)
   at Microsoft.VisualStudio.TestTools.UITesting.SearchHelper.Search(ISearchArgument searchArg)
   at Microsoft.VisualStudio.TestTools.UITesting.UITestControl.FindInternal()
   at Microsoft.VisualStudio.TestTools.UITesting.UITestControl.FindControlIfNecessary()
   at Microsoft.VisualStudio.TestTools.UITesting.UITestControl.Click(MouseButtons button, ModifierKeys modifierKeys, Point relativeCoordinates)
   at Microsoft.VisualStudio.TestTools.UITesting.Mouse.ClickImplementation(UITestControl control, MouseButtons button, ModifierKeys modifierKeys, Point relativeCoordinate)
   at Microsoft.VisualStudio.TestTools.UITesting.Mouse.ClickImplementationWrapper(UITestControl control, MouseButtons button, ModifierKeys modifierKeys, Point relativeCoordinate)
W, 3504, 21, 2013/05/23, 18:14:09.279, 2881403835112, QTAgent32.exe, PlaybackErrorHandler: Ignoring exception as ContinueOnError is set.
W, 3504, 21, 2013/05/23, 18:14:09.427, 2881405958603, QTAgent32.exe, &lt;a class=success&gt;Playback - {103} [SUCCESS] Check - "[MSAA, VisibleOnly]ControlType='CheckBox' &amp;&amp; Name='Defer Printing?'"
\0&lt;/a&gt;
W, 3504, 21, 2013/05/23, 18:14:10.659, 2881423590274, QTAgent32.exe, &lt;a class=success&gt;Playback - {104} [SUCCESS] MouseButtonClick - "[MSAA, VisibleOnly]ControlType='Button' &amp;&amp; Name='Ok'"
\0&lt;/a&gt;
W, 3504, 21, 2013/05/23, 18:14:12.108, 2881444330460, QTAgent32.exe, PERF WARNING: FindTopLevelWindowHelper::FindAllDescendents: took 1347 ms. Expected it to take maximum 500 ms.
W, 3504, 21, 2013/05/23, 18:14:12.247, 2881446325983, QTAgent32.exe, &lt;a class=success&gt;Playback - {105} [SUCCESS] Uncheck - "[MSAA, VisibleOnly]ControlType='CheckBox' &amp;&amp; Name='Add Activity'"
\0&lt;/a&gt;
W, 3504, 21, 2013/05/23, 18:14:12.797, 2881454203474, QTAgent32.exe, &lt;a class=success&gt;Playback - {106} [SUCCESS] MouseButtonClick - "[MSAA, VisibleOnly]ControlType='Button' &amp;&amp; Name='Ok'"
\0&lt;/a&gt;
W, 3504, 21, 2013/05/23, 18:14:13.047, 2881457777198, QTAgent32.exe, &lt;a class=success&gt;Playback - {107} [SUCCESS] MouseButtonClick - "[MSAA, VisibleOnly]ControlType='Button' &amp;&amp; Name='Ok'"
\0&lt;/a&gt;
W, 3504, 21, 2013/05/23, 18:14:17.632, 2881523436303, QTAgent32.exe, Playback - [WARNING] Internal warning: Window Not Found: [VisibleOnly]ControlType='Window' &amp;&amp; Name='Transaction to insert' &amp;&amp; ClassName='TfSelectItem'
\0
E, 3504, 21, 2013/05/23, 18:14:17.632, 2881523440366, QTAgent32.exe, &lt;a class=failure&gt;Playback - {108} [FAILED] Function ElementFetcher::FindScreenElement failed to locate UI element (Searching: ;[VisibleOnly]ControlType='Window' &amp;&amp; Name='Transaction to insert' &amp;&amp; ClassName='TfSelectItem') (The object specified was not found.)
\0&lt;/a&gt;
E, 3504, 21, 2013/05/23, 18:14:17.718, 2881524667860, QTAgent32.exe, Playback - [IMAGE] C:\Users\testuser\AppData\Local\Temp\UITestLogs\LastRun\RPFD356.png
\0
W, 3504, 21, 2013/05/23, 18:14:17.718, 2881524670084, QTAgent32.exe, Playback - [WARNING] Internal warning: Couldn't find descendants that match QueryId
\0
W, 3504, 21, 2013/05/23, 18:14:17.719, 2881524673497, QTAgent32.exe, PERF WARNING: FindTopLevelWindowHelper::FindAllDescendents: took 4566 ms. Expected it to take maximum 500 ms.
W, 3504, 21, 2013/05/23, 18:14:36.108, 2881787969869, QTAgent32.exe, Playback - [WARNING] Internal warning: Window Not Found: [VisibleOnly]ControlType='Window' &amp;&amp; Name='Transaction to insert' &amp;&amp; ClassName='TfSelectItem'
\0
E, 3504, 21, 2013/05/23, 18:14:36.108, 2881787978448, QTAgent32.exe, &lt;a class=failure&gt;Playback - {109} [FAILED] Function ElementFetcher::FindScreenElement failed to locate UI element (Searching: ;[VisibleOnly]ControlType='Window' &amp;&amp; Name='Transaction to insert' &amp;&amp; ClassName='TfSelectItem') (The object specified was not found.)
\0&lt;/a&gt;
E, 3504, 21, 2013/05/23, 18:14:36.198, 2881789268246, QTAgent32.exe, Playback - [IMAGE] C:\Users\testuser\AppData\Local\Temp\UITestLogs\LastRun\RPF1B8D.png
\0
W, 3504, 21, 2013/05/23, 18:14:36.199, 2881789270917, QTAgent32.exe, Playback - [WARNING] Internal warning: Couldn't find descendants that match QueryId
\0
W, 3504, 21, 2013/05/23, 18:14:36.199, 2881789277888, QTAgent32.exe, PERF WARNING: FindTopLevelWindowHelper::FindAllDescendents: took 18480 ms. Expected it to take maximum 500 ms.
W, 3504, 21, 2013/05/23, 18:14:36.953, 2881800069119, QTAgent32.exe, Playback - [WARNING] Internal warning: Smart Match failed
\0
W, 3504, 21, 2013/05/23, 18:14:37.802, 2881812231290, QTAgent32.exe, Playback - [WARNING] Internal warning: Smart Match failed
\0
W, 3504, 21, 2013/05/23, 18:14:38.637, 2881824175513, QTAgent32.exe, Playback - [WARNING] Internal warning: Smart Match failed
\0
W, 3504, 21, 2013/05/23, 18:14:39.450, 2881835819749, QTAgent32.exe, Playback - [WARNING] Internal warning: Smart Match failed
\0
W, 3504, 21, 2013/05/23, 18:14:39.968, 2881843238466, QTAgent32.exe, Playback - [WARNING] Internal warning: Window Not Found: [VisibleOnly]ControlType='Window' &amp;&amp; Name='Transaction to insert' &amp;&amp; ClassName='TfSelectItem'
\0
E, 3504, 21, 2013/05/23, 18:14:39.968, 2881843242134, QTAgent32.exe, &lt;a class=failure&gt;Playback - {110} [FAILED] Function ElementFetcher::FindScreenElement failed to locate UI element (Searching: ;[VisibleOnly]ControlType='Window' &amp;&amp; Name='Transaction to insert' &amp;&amp; ClassName='TfSelectItem') (The object specified was not found.)
\0&lt;/a&gt;
E, 3504, 21, 2013/05/23, 18:14:40.056, 2881844507351, QTAgent32.exe, Playback - [IMAGE] C:\Users\testuser\AppData\Local\Temp\UITestLogs\LastRun\RPF2A9C.png
\0
W, 3504, 21, 2013/05/23, 18:14:40.057, 2881844510095, QTAgent32.exe, Playback - [WARNING] Internal warning: Couldn't find descendants that match QueryId
\0
W, 3504, 21, 2013/05/23, 18:14:40.057, 2881844513972, QTAgent32.exe, PERF WARNING: FindTopLevelWindowHelper::FindAllDescendents: took 3857 ms. Expected it to take maximum 500 ms.
E, 3504, 21, 2013/05/23, 18:14:40.057, 2881844516306, QTAgent32.exe, Exception: System.Runtime.InteropServices.COMException
	Message: Error HRESULT E_FAIL has been returned from a call to a COM component.
	Stack Trace:    at Microsoft.VisualStudio.TestTools.UITest.Playback.Engine.IRPFPlayback.FindAllScreenElements(IScreenElement pScreenElementStart, String bstrQueryId, Object&amp; pvarResKeys, Int32 cResKeys, Int32 nMaxDepth, Object[]&amp; foundDescendants)
   at Microsoft.VisualStudio.TestTools.UITest.Playback.ScreenElement.FindTopLevelWindowHelper(String queryId)
	BaseExceptionMessage: Error HRESULT E_FAIL has been returned from a call to a COM component.

E, 3504, 21, 2013/05/23, 18:14:40.057, 2881844521109, QTAgent32.exe, Window 1444354 not responding. Last Win32 error 0
E, 3504, 21, 2013/05/23, 18:14:40.057, 2881844522351, QTAgent32.exe, GetClassName for handle 1444354 failed
E, 3504, 21, 2013/05/23, 18:14:40.058, 2881844528080, QTAgent32.exe, Window 6554990 not responding. Last Win32 error 1400
E, 3504, 21, 2013/05/23, 18:14:40.058, 2881844529045, QTAgent32.exe, GetClassName for handle 6554990 failed
E, 3504, 21, 2013/05/23, 18:14:40.159, 2881845974328, QTAgent32.exe, AL: Playback Error: Microsoft.VisualStudio.TestTools.UITest.Extension.UITestControlNotAvailableException: The control is not available or not valid. Additional Details: 
TechnologyName:  'MSAA'
Name:  'Ok'
ControlType:  'Button'
 ---&gt; Microsoft.VisualStudio.TestTools.UITest.Extension.UITestControlNotAvailableException: The control is not available or not valid. Additional Details: 
TechnologyName:  'MSAA'
Name:  'Transaction to insert'
ClassName:  'TfSelectItem'
ControlType:  'Window'
 ---&gt; System.Runtime.InteropServices.COMException: Error HRESULT E_FAIL has been returned from a call to a COM component.
   at Microsoft.VisualStudio.TestTools.UITest.Playback.Engine.IRPFPlayback.FindAllScreenElements(IScreenElement pScreenElementStart, String bstrQueryId, Object&amp; pvarResKeys, Int32 cResKeys, Int32 nMaxDepth, Object[]&amp; foundDescendants)
   at Microsoft.VisualStudio.TestTools.UITest.Playback.ScreenElement.FindTopLevelWindowHelper(String queryId)
   at Microsoft.VisualStudio.TestTools.UITest.Playback.ScreenElement.FindFromPartialQueryId(String queryId)
   at Microsoft.VisualStudio.TestTools.UITesting.UITestControl.EnsureValid(Boolean waitForReady, Boolean refetch)
   --- End of inner exception stack trace ---
   at Microsoft.VisualStudio.TestTools.UITesting.UITestControl.EnsureValid(Boolean waitForReady, Boolean refetch)
   at Microsoft.VisualStudio.TestTools.UITesting.UITestControl.FindFirstDescendant(String queryId, Int32 maxDepth, Int32&amp; timeLeft)
   at Microsoft.VisualStudio.TestTools.UITesting.UITestControl.FindFirstDescendant(String queryId)
   at Microsoft.VisualStudio.TestTools.UITesting.UITestControl.EnsureValid(Boolean waitForReady, Boolean refetch)
   --- End of inner exception stack trace ---
   at Microsoft.VisualStudio.TestTools.UITesting.UITestControl.EnsureValid(Boolean waitForReady, Boolean refetch)
   at Microsoft.VisualStudio.TestTools.UITesting.UITestControl.Click(MouseButtons button, ModifierKeys modifierKeys, Point relativeCoordinates)
   at Microsoft.VisualStudio.TestTools.UITesting.Mouse.ClickImplementation(UITestControl control, MouseButtons button, ModifierKeys modifierKeys, Point relativeCoordinate)
   at Microsoft.VisualStudio.TestTools.UITesting.Mouse.ClickImplementationWrapper(UITestControl control, MouseButtons button, ModifierKeys modifierKeys, Point relativeCoordinate)
W, 3504, 21, 2013/05/23, 18:14:40.159, 2881845976790, QTAgent32.exe, PlaybackErrorHandler: Ignoring exception as ContinueOnError is set.
W, 3504, 21, 2013/05/23, 18:14:42.350, 2881877348582, QTAgent32.exe, &lt;a class=success&gt;Playback - {111} [SUCCESS] MouseButtonClick - "[MSAA, VisibleOnly]ControlType='Button' &amp;&amp; Name='OK'"
\0&lt;/a&gt;
W, 3504, 21, 2013/05/23, 18:14:42.651, 2881881655255, QTAgent32.exe, &lt;a class=success&gt;Playback - {112} [SUCCESS] MouseButtonClick - "[MSAA, VisibleOnly]ControlType='Button' &amp;&amp; Name='Cancel'"
\0&lt;/a&gt;
W, 3504, 21, 2013/05/23, 18:14:43.040, 2881887231063, QTAgent32.exe, &lt;a class=success&gt;Playback - {113} [SUCCESS] MouseButtonClick - "[MSAA, VisibleOnly]ControlType='Button'"
\0&lt;/a&gt;
W, 3504, 21, 2013/05/23, 18:14:43.295, 2881890880947, QTAgent32.exe, &lt;a class=success&gt;Playback - {114} [SUCCESS] MouseButtonClick - "[MSAA, VisibleOnly]ControlType='Button' &amp;&amp; Name='Options'"
\0&lt;/a&gt;
W, 3504, 21, 2013/05/23, 18:14:43.396, 2881892318527, QTAgent32.exe, FindScreenElementInSinglePass : Attempting to find control in one pass of search. Failures can occur.
W, 3504, 21, 2013/05/23, 18:14:43.419, 2881892655899, QTAgent32.exe, Playback - [WARNING] Internal failure: Method GetBoundingRectangle failed (HRESULT = 0x1, "Incorrect function.") for Name = "Quote Select List" ," ControlType = "MenuItem"
\0
W, 3504, 21, 2013/05/23, 18:14:43.419, 2881892657843, QTAgent32.exe, Playback - [WARNING] Internal failure: Couldn't get clickable point for ScreenUIElement - GetClickablePoint failed
\0
W, 3504, 21, 2013/05/23, 18:14:43.420, 2881892661485, QTAgent32.exe, FindScreenElementInSinglePass : Attempting to find control in one pass of search. Failures can occur.
W, 3504, 21, 2013/05/23, 18:14:43.422, 2881892700233, QTAgent32.exe, FindScreenElementInSinglePass : Attempting to find control in one pass of search. Failures can occur.
W, 3504, 21, 2013/05/23, 18:14:43.544, 2881894448027, QTAgent32.exe, &lt;a class=success&gt;Playback - {115} [SUCCESS] LeftButtonClick - "[MSAA, VisibleOnly]ControlType='MenuBar' &amp;&amp; Name='Application'"  &lt; Mouse cursor location (960, 31) &gt;
\0&lt;/a&gt;
W, 3504, 21, 2013/05/23, 18:14:43.658, 2881896074747, QTAgent32.exe, &lt;a class=success&gt;Playback - {116} [SUCCESS] LeftButtonClick - "[MSAA]ControlType='MenuItem' &amp;&amp; Name='Options'"  &lt; Mouse cursor location (94, 31) &gt;
\0&lt;/a&gt;
W, 3504, 21, 2013/05/23, 18:14:44.121, 2881902702828, QTAgent32.exe, &lt;a class=success&gt;Playback - {117} [SUCCESS] LeftButtonClick - "[MSAA]ControlType='MenuItem' &amp;&amp; Name='Links'"  &lt; Mouse cursor location (174, 319) &gt;
\0&lt;/a&gt;
W, 3504, 21, 2013/05/23, 18:14:44.582, 2881909304296, QTAgent32.exe, &lt;a class=success&gt;Playback - {118} [SUCCESS] LeftButtonClick - "[MSAA]ControlType='MenuItem' &amp;&amp; Name='3rd Party Integration'"  &lt; Mouse cursor location (375, 319) &gt;
\0&lt;/a&gt;
W, 3504, 21, 2013/05/23, 18:14:45.054, 2881916061178, QTAgent32.exe, &lt;a class=success&gt;Playback - {119} [SUCCESS] MouseButtonClick - "[MSAA]ControlType='MenuItem' &amp;&amp; Name='Quote Select List'"
\0&lt;/a&gt;
W, 3504, 21, 2013/05/23, 18:14:45.603, 2881923925368, QTAgent32.exe, Playback - [WARNING] Internal warning: Window Not Found: [VisibleOnly]ControlType='Window' &amp;&amp; Name='Current Or Future' &amp;&amp; ClassName='TfCurrentOrFuture'
\0
E, 3504, 21, 2013/05/23, 18:14:45.603, 2881923928965, QTAgent32.exe, &lt;a class=failure&gt;Playback - {120} [FAILED] Function ElementFetcher::FindScreenElement failed to locate UI element (Searching: ;[VisibleOnly]ControlType='Window' &amp;&amp; Name='Current Or Future' &amp;&amp; ClassName='TfCurrentOrFuture') (The object specified was not found.)
\0&lt;/a&gt;
E, 3504, 21, 2013/05/23, 18:14:45.691, 2881925193884, QTAgent32.exe, Playback - [IMAGE] C:\Users\testuser\AppData\Local\Temp\UITestLogs\LastRun\RPF409C.png
\0
W, 3504, 21, 2013/05/23, 18:14:45.692, 2881925196374, QTAgent32.exe, Playback - [WARNING] Internal warning: Couldn't find descendants that match QueryId
\0
W, 3504, 21, 2013/05/23, 18:14:45.692, 2881925199298, QTAgent32.exe, PERF WARNING: FindTopLevelWindowHelper::FindAllDescendents: took 538 ms. Expected it to take maximum 500 ms.
W, 3504, 21, 2013/05/23, 18:14:47.510, 2881951232864, QTAgent32.exe, PERF WARNING: FindTopLevelWindowHelper::FindAllDescendents: took 1817 ms. Expected it to take maximum 500 ms.
W, 3504, 21, 2013/05/23, 18:14:47.653, 2881953281157, QTAgent32.exe, &lt;a class=success&gt;Playback - {121} [SUCCESS] MouseButtonClick - "[MSAA, VisibleOnly]ControlType='Button' &amp;&amp; Name='Ok'"
\0&lt;/a&gt;
W, 3504, 21, 2013/05/23, 18:14:51.208, 2882004176568, QTAgent32.exe, PERF WARNING: FindTopLevelWindowHelper::FindAllDescendents: took 3454 ms. Expected it to take maximum 500 ms.
W, 3504, 21, 2013/05/23, 18:14:51.499, 2882008345319, QTAgent32.exe, &lt;a class=success&gt;Playback - {122} [SUCCESS] MouseButtonClick - "[MSAA, VisibleOnly]ControlType='Button' &amp;&amp; Name='MTA'"
\0&lt;/a&gt;
W, 3504, 21, 2013/05/23, 18:14:52.620, 2882024401066, QTAgent32.exe, PERF WARNING: FindTopLevelWindowHelper::FindAllDescendents: took 1018 ms. Expected it to take maximum 500 ms.
W, 3504, 21, 2013/05/23, 18:14:53.735, 2882040363370, QTAgent32.exe, Playback - [WARNING] Internal warning: Incorrect flag set for InvokeProgrammaticAction\0
W, 3504, 21, 2013/05/23, 18:14:53.867, 2882042243071, QTAgent32.exe, &lt;a class=success&gt;Playback - {123} [SUCCESS] SetValueAsComboBox "General Adjustment" - "[MSAA, VisibleOnly]ControlType='ComboBox'"  &lt; SetValueAsComboBox, set by clicking on the item in the list box &gt;
\0&lt;/a&gt;
W, 3504, 21, 2013/05/23, 18:14:54.174, 2882046648560, QTAgent32.exe, &lt;a class=success&gt;Playback - {124} [SUCCESS] MouseButtonClick - "[MSAA, VisibleOnly]ControlType='Button' &amp;&amp; Name='OK'"
\0&lt;/a&gt;
W, 3504, 21, 2013/05/23, 18:14:54.315, 2882048661577, QTAgent32.exe, Playback - [WARNING] Internal warning: Thread state based WFR - Requested element has invalid HWND
\0
W, 3504, 21, 2013/05/23, 18:14:54.315, 2882048664547, QTAgent32.exe, Playback - [WARNING] Internal warning: process performance counters based WFR - Requested element has invalid HWND
\0
E, 3504, 21, 2013/05/23, 18:14:54.315, 2882048669043, QTAgent32.exe, EnsureValid called via EnsureValid call for same element
E, 3504, 21, 2013/05/23, 18:14:54.316, 2882048672235, QTAgent32.exe, EnsureValid called via EnsureValid call for same element
E, 3504, 21, 2013/05/23, 18:14:54.316, 2882048673936, QTAgent32.exe, EnsureValid called via EnsureValid call for same element
E, 3504, 21, 2013/05/23, 18:14:54.316, 2882048678179, QTAgent32.exe, Window 1706252 not responding. Last Win32 error 0
E, 3504, 21, 2013/05/23, 18:14:54.316, 2882048680618, QTAgent32.exe, GetClassName for handle 1706252 failed
W, 3504, 21, 2013/05/23, 18:14:54.898, 2882057006469, QTAgent32.exe, &lt;a class=success&gt;Playback - {125} [SUCCESS] SendKeys "^{HOME}" - "[MSAA, VisibleOnly]ControlType='Edit'"
\0&lt;/a&gt;
E, 3504, 21, 2013/05/23, 18:14:54.898, 2882057010461, QTAgent32.exe, Msaa.GetFocusedElement: could not find accessible object of foreground window
W, 3504, 21, 2013/05/23, 18:14:54.961, 2882057916101, QTAgent32.exe, &lt;a class=success&gt;Playback - {126} [SUCCESS] SendKeys "^+{END}" - "[MSAA, VisibleOnly]ControlType='Edit'"
\0&lt;/a&gt;
E, 3504, 21, 2013/05/23, 18:14:54.961, 2882057919408, QTAgent32.exe, Msaa.GetFocusedElement: could not find accessible object of foreground window
W, 3504, 21, 2013/05/23, 18:14:54.977, 2882058140311, QTAgent32.exe, &lt;a class=success&gt;Playback - {127} [SUCCESS] SendKeys "{DELETE}" - "[MSAA, VisibleOnly]ControlType='Edit'"
\0&lt;/a&gt;
W, 3504, 21, 2013/05/23, 18:14:55.657, 2882067878127, QTAgent32.exe, &lt;a class=success&gt;Playback - {128} [SUCCESS] SetValueAsEditBox "NewTest" - "[MSAA, VisibleOnly]ControlType='Edit'"  &lt; Set via SendKeys &gt;
\0&lt;/a&gt;
W, 3504, 21, 2013/05/23, 18:14:55.902, 2882071392119, QTAgent32.exe, &lt;a class=success&gt;Playback - {129} [SUCCESS] MouseButtonClick - "[MSAA, VisibleOnly]ControlType='Button' &amp;&amp; Name='Next &gt;'"
\0&lt;/a&gt;
W, 3504, 21, 2013/05/23, 18:14:56.128, 2882074630381, QTAgent32.exe, &lt;a class=success&gt;Playback - {130} [SUCCESS] MouseButtonClick - "[MSAA, VisibleOnly]ControlType='Button' &amp;&amp; Name='Next &gt;'"
\0&lt;/a&gt;
W, 3504, 21, 2013/05/23, 18:14:56.366, 2882078030668, QTAgent32.exe, &lt;a class=success&gt;Playback - {131} [SUCCESS] MouseButtonClick - "[MSAA, VisibleOnly]ControlType='Button' &amp;&amp; Name='Next &gt;'"
\0&lt;/a&gt;
W, 3504, 21, 2013/05/23, 18:14:56.618, 2882081635641, QTAgent32.exe, &lt;a class=success&gt;Playback - {132} [SUCCESS] MouseButtonClick - "[MSAA, VisibleOnly]ControlType='Button' &amp;&amp; Name='Next &gt;'"
\0&lt;/a&gt;
W, 3504, 21, 2013/05/23, 18:14:56.874, 2882085310117, QTAgent32.exe, &lt;a class=success&gt;Playback - {133} [SUCCESS] MouseButtonClick - "[MSAA, VisibleOnly]ControlType='Button' &amp;&amp; Name='Next &gt;'"
\0&lt;/a&gt;
W, 3504, 21, 2013/05/23, 18:14:57.119, 2882088812075, QTAgent32.exe, &lt;a class=success&gt;Playback - {134} [SUCCESS] MouseButtonClick - "[MSAA, VisibleOnly]ControlType='Button' &amp;&amp; Name='Next &gt;'"
\0&lt;/a&gt;
W, 3504, 21, 2013/05/23, 18:14:57.373, 2882092448316, QTAgent32.exe, &lt;a class=success&gt;Playback - {135} [SUCCESS] MouseButtonClick - "[MSAA, VisibleOnly]ControlType='Button' &amp;&amp; Name='Next &gt;'"
\0&lt;/a&gt;
W, 3504, 21, 2013/05/23, 18:14:57.805, 2882098632051, QTAgent32.exe, &lt;a class=success&gt;Playback - {136} [SUCCESS] MouseButtonClick - "[MSAA, VisibleOnly]ControlType='Button' &amp;&amp; Name='Quote'"
\0&lt;/a&gt;
W, 3504, 21, 2013/05/23, 18:14:58.037, 2882101960936, QTAgent32.exe, &lt;a class=success&gt;Playback - {137} [SUCCESS] MouseButtonClick - "[MSAA, VisibleOnly]ControlType='Button' &amp;&amp; Name='OK'"
\0&lt;/a&gt;
W, 3504, 21, 2013/05/23, 18:15:01.188, 2882147079480, QTAgent32.exe, PERF WARNING: FindTopLevelWindowHelper::FindAllDescendents: took 3041 ms. Expected it to take maximum 500 ms.
W, 3504, 21, 2013/05/23, 18:15:01.336, 2882149193615, QTAgent32.exe, &lt;a class=success&gt;Playback - {138} [SUCCESS] MouseButtonClick - "[MSAA, VisibleOnly]ControlType='Client'"
\0&lt;/a&gt;
W, 3504, 21, 2013/05/23, 18:15:02.021, 2882158996185, QTAgent32.exe, &lt;a class=success&gt;Playback - {139} [SUCCESS] SendKeys "{Home}" - "[MSAA, VisibleOnly]ControlType='Client'"
\0&lt;/a&gt;
W, 3504, 21, 2013/05/23, 18:15:02.280, 2882162705013, QTAgent32.exe, &lt;a class=success&gt;Playback - {140} [SUCCESS] MouseButtonClick - "[MSAA, VisibleOnly]ControlType='Button' &amp;&amp; Name='Accept'"
\0&lt;/a&gt;
W, 3504, 21, 2013/05/23, 18:15:02.602, 2882167320265, QTAgent32.exe, &lt;a class=success&gt;Playback - {141} [SUCCESS] MouseButtonClick - "[MSAA, VisibleOnly]ControlType='Button' &amp;&amp; Name='OK'"
\0&lt;/a&gt;
W, 3504, 21, 2013/05/23, 18:15:02.914, 2882171792417, QTAgent32.exe, &lt;a class=success&gt;Playback - {142} [SUCCESS] MouseButtonClick - "[MSAA, VisibleOnly]ControlType='Button' &amp;&amp; Name='Ok'"
\0&lt;/a&gt;
W, 3504, 21, 2013/05/23, 18:15:16.533, 2882366795095, QTAgent32.exe, PERF WARNING: FindTopLevelWindowHelper::FindAllDescendents: took 13518 ms. Expected it to take maximum 500 ms.
W, 3504, 21, 2013/05/23, 18:15:16.821, 2882370906228, QTAgent32.exe, &lt;a class=success&gt;Playback - {143} [SUCCESS] MouseButtonClick - "[MSAA, VisibleOnly]ControlType='Button' &amp;&amp; Name='OK'"
\0&lt;/a&gt;
W, 3504, 21, 2013/05/23, 18:15:16.921, 2882372340903, QTAgent32.exe, Playback - [WARNING] Internal warning: Thread state based WFR - Requested element has invalid HWND
\0
W, 3504, 21, 2013/05/23, 18:15:16.921, 2882372343133, QTAgent32.exe, Playback - [WARNING] Internal warning: process performance counters based WFR - Requested element has invalid HWND
\0
E, 3504, 21, 2013/05/23, 18:15:16.921, 2882372347235, QTAgent32.exe, EnsureValid called via EnsureValid call for same element
E, 3504, 21, 2013/05/23, 18:15:16.921, 2882372349931, QTAgent32.exe, EnsureValid called via EnsureValid call for same element
E, 3504, 21, 2013/05/23, 18:15:16.921, 2882372351477, QTAgent32.exe, EnsureValid called via EnsureValid call for same element
E, 3504, 21, 2013/05/23, 18:15:16.922, 2882372357033, QTAgent32.exe, Window 1313318 not responding. Last Win32 error 0
E, 3504, 21, 2013/05/23, 18:15:16.922, 2882372358143, QTAgent32.exe, GetClassName for handle 1313318 failed
W, 3504, 21, 2013/05/23, 18:15:17.060, 2882374341089, QTAgent32.exe, &lt;a class=success&gt;Playback - {144} [SUCCESS] Check - "[MSAA, VisibleOnly]ControlType='CheckBox' &amp;&amp; Name='Defer Printing?'"
\0&lt;/a&gt;
W, 3504, 21, 2013/05/23, 18:15:17.726, 2882383860455, QTAgent32.exe, &lt;a class=success&gt;Playback - {145} [SUCCESS] MouseButtonClick - "[MSAA, VisibleOnly]ControlType='Button' &amp;&amp; Name='Ok'"
\0&lt;/a&gt;
W, 3504, 21, 2013/05/23, 18:15:17.826, 2882385293185, QTAgent32.exe, Playback - [WARNING] Internal warning: Thread state based WFR - Requested element has invalid HWND
\0
W, 3504, 21, 2013/05/23, 18:15:17.826, 2882385295170, QTAgent32.exe, Playback - [WARNING] Internal warning: process performance counters based WFR - Requested element has invalid HWND
\0
E, 3504, 21, 2013/05/23, 18:15:17.826, 2882385298191, QTAgent32.exe, EnsureValid called via EnsureValid call for same element
E, 3504, 21, 2013/05/23, 18:15:17.826, 2882385300192, QTAgent32.exe, EnsureValid called via EnsureValid call for same element
E, 3504, 21, 2013/05/23, 18:15:17.826, 2882385301355, QTAgent32.exe, EnsureValid called via EnsureValid call for same element
E, 3504, 21, 2013/05/23, 18:15:17.827, 2882385305479, QTAgent32.exe, Window 1837232 not responding. Last Win32 error 0
E, 3504, 21, 2013/05/23, 18:15:17.827, 2882385306312, QTAgent32.exe, GetClassName for handle 1837232 failed
W, 3504, 21, 2013/05/23, 18:15:18.381, 2882393243264, QTAgent32.exe, PERF WARNING: FindTopLevelWindowHelper::FindAllDescendents: took 554 ms. Expected it to take maximum 500 ms.
W, 3504, 21, 2013/05/23, 18:15:18.528, 2882395348869, QTAgent32.exe, &lt;a class=success&gt;Playback - {146} [SUCCESS] Uncheck - "[MSAA, VisibleOnly]ControlType='CheckBox' &amp;&amp; Name='Add Activity'"
\0&lt;/a&gt;
W, 3504, 21, 2013/05/23, 18:15:18.920, 2882400967222, QTAgent32.exe, &lt;a class=success&gt;Playback - {147} [SUCCESS] MouseButtonClick - "[MSAA, VisibleOnly]ControlType='Button' &amp;&amp; Name='Ok'"
\0&lt;/a&gt;
W, 3504, 21, 2013/05/23, 18:15:20.334, 2882421212487, QTAgent32.exe, PERF WARNING: FindTopLevelWindowHelper::FindAllDescendents: took 1302 ms. Expected it to take maximum 500 ms.
W, 3504, 21, 2013/05/23, 18:15:20.584, 2882424794715, QTAgent32.exe, &lt;a class=success&gt;Playback - {148} [SUCCESS] MouseButtonClick - "[MSAA, VisibleOnly]ControlType='Button' &amp;&amp; Name='OK'"
\0&lt;/a&gt;
W, 3504, 21, 2013/05/23, 18:15:22.037, 2882445595260, QTAgent32.exe, PERF WARNING: FindTopLevelWindowHelper::FindAllDescendents: took 1320 ms. Expected it to take maximum 500 ms.
W, 3504, 21, 2013/05/23, 18:15:22.172, 2882447524009, QTAgent32.exe, &lt;a class=success&gt;Playback - {149} [SUCCESS] MouseButtonClick - "[MSAA, VisibleOnly]ControlType='Button' &amp;&amp; Name='OK'"
\0&lt;/a&gt;
W, 3504, 21, 2013/05/23, 18:15:22.401, 2882450800520, QTAgent32.exe, &lt;a class=success&gt;Playback - {150} [SUCCESS] MouseButtonClick - "[MSAA, VisibleOnly]ControlType='Button' &amp;&amp; Name='Options'"
\0&lt;/a&gt;
W, 3504, 21, 2013/05/23, 18:15:22.501, 2882452239851, QTAgent32.exe, FindScreenElementInSinglePass : Attempting to find control in one pass of search. Failures can occur.
W, 3504, 21, 2013/05/23, 18:15:22.527, 2882452603637, QTAgent32.exe, Playback - [WARNING] Internal failure: Method GetBoundingRectangle failed (HRESULT = 0x1, "Incorrect function.") for Name = "Copy Risk" ," ControlType = "MenuItem"
\0
W, 3504, 21, 2013/05/23, 18:15:22.528, 2882452616799, QTAgent32.exe, Playback - [WARNING] Internal failure: Couldn't get clickable point for ScreenUIElement - GetClickablePoint failed
\0
W, 3504, 21, 2013/05/23, 18:15:22.529, 2882452638732, QTAgent32.exe, FindScreenElementInSinglePass : Attempting to find control in one pass of search. Failures can occur.
W, 3504, 21, 2013/05/23, 18:15:22.534, 2882452701800, QTAgent32.exe, FindScreenElementInSinglePass : Attempting to find control in one pass of search. Failures can occur.
W, 3504, 21, 2013/05/23, 18:15:22.655, 2882454437344, QTAgent32.exe, &lt;a class=success&gt;Playback - {151} [SUCCESS] LeftButtonClick - "[MSAA, VisibleOnly]ControlType='MenuBar' &amp;&amp; Name='Application'"  &lt; Mouse cursor location (960, 31) &gt;
\0&lt;/a&gt;
W, 3504, 21, 2013/05/23, 18:15:22.761, 2882455964354, QTAgent32.exe, &lt;a class=success&gt;Playback - {152} [SUCCESS] LeftButtonClick - "[MSAA]ControlType='MenuItem' &amp;&amp; Name='Options'"  &lt; Mouse cursor location (94, 31) &gt;
\0&lt;/a&gt;
W, 3504, 21, 2013/05/23, 18:15:23.201, 2882462257340, QTAgent32.exe, &lt;a class=success&gt;Playback - {153} [SUCCESS] LeftButtonClick - "[MSAA]ControlType='MenuItem' &amp;&amp; Name='Links'"  &lt; Mouse cursor location (174, 319) &gt;
\0&lt;/a&gt;
W, 3504, 21, 2013/05/23, 18:15:24.099, 2882475123036, QTAgent32.exe, &lt;a class=success&gt;Playback - {154} [SUCCESS] LeftButtonClick - "[MSAA]ControlType='MenuItem' &amp;&amp; Name='3rd Party Integration'"  &lt; Mouse cursor location (375, 319) &gt;
\0&lt;/a&gt;
W, 3504, 21, 2013/05/23, 18:15:24.576, 2882481955233, QTAgent32.exe, &lt;a class=success&gt;Playback - {155} [SUCCESS] MouseButtonClick - "[MSAA]ControlType='MenuItem' &amp;&amp; Name='Copy Risk'"
\0&lt;/a&gt;
W, 3504, 21, 2013/05/23, 18:15:26.140, 2882504337600, QTAgent32.exe, PERF WARNING: FindTopLevelWindowHelper::FindAllDescendents: took 1462 ms. Expected it to take maximum 500 ms.
W, 3504, 21, 2013/05/23, 18:15:26.294, 2882506547801, QTAgent32.exe, &lt;a class=success&gt;Playback - {156} [SUCCESS] MouseButtonClick - "[MSAA, VisibleOnly]ControlType='Button' &amp;&amp; Name='Ok'"
\0&lt;/a&gt;
W, 3504, 21, 2013/05/23, 18:15:29.039, 2882545846788, QTAgent32.exe, PERF WARNING: FindTopLevelWindowHelper::FindAllDescendents: took 2642 ms. Expected it to take maximum 500 ms.
W, 3504, 21, 2013/05/23, 18:15:29.175, 2882547792936, QTAgent32.exe, &lt;a class=success&gt;Playback - {157} [SUCCESS] Check - "[MSAA, VisibleOnly]ControlType='RadioButton' &amp;&amp; Name='Household'"
\0&lt;/a&gt;
W, 3504, 21, 2013/05/23, 18:15:29.739, 2882555865061, QTAgent32.exe, &lt;a class=success&gt;Playback - {158} [SUCCESS] MouseButtonClick - "[MSAA, VisibleOnly]ControlType='Button' &amp;&amp; Name='OK'"
\0&lt;/a&gt;
W, 3504, 21, 2013/05/23, 18:15:29.926, 2882558548531, QTAgent32.exe, Playback - [WARNING] Internal warning: Thread state based WFR - Requested element has invalid HWND
\0
W, 3504, 21, 2013/05/23, 18:15:29.926, 2882558550550, QTAgent32.exe, Playback - [WARNING] Internal warning: process performance counters based WFR - Requested element has invalid HWND
\0
E, 3504, 21, 2013/05/23, 18:15:29.926, 2882558554204, QTAgent32.exe, EnsureValid called via EnsureValid call for same element
E, 3504, 21, 2013/05/23, 18:15:29.927, 2882558557033, QTAgent32.exe, EnsureValid called via EnsureValid call for same element
E, 3504, 21, 2013/05/23, 18:15:29.927, 2882558558578, QTAgent32.exe, EnsureValid called via EnsureValid call for same element
E, 3504, 21, 2013/05/23, 18:15:29.928, 2882558581972, QTAgent32.exe, GetClassName for handle 2688690 failed
E, 3504, 21, 2013/05/23, 18:15:29.929, 2882558586996, QTAgent32.exe, GetClassName for handle 2688690 failed
E, 3504, 21, 2013/05/23, 18:15:29.929, 2882558594661, QTAgent32.exe, Exception: System.Runtime.InteropServices.COMException
	Message: Error HRESULT E_FAIL has been returned from a call to a COM component.
	Stack Trace:    at Accessibility.IAccessible.get_accState(Object varChild)
   at Microsoft.VisualStudio.TestTools.UITest.Extension.Msaa.AccWrapper.get_State()
	BaseExceptionMessage: Error HRESULT E_FAIL has been returned from a call to a COM component.

E, 3504, 21, 2013/05/23, 18:15:29.930, 2882558598884, QTAgent32.exe, Exception: System.Runtime.InteropServices.COMException
	Message: Error HRESULT E_FAIL has been returned from a call to a COM component.
	Stack Trace:    at Accessibility.IAccessible.get_accState(Object varChild)
   at Microsoft.VisualStudio.TestTools.UITest.Extension.Msaa.AccWrapper.get_State()
	BaseExceptionMessage: Error HRESULT E_FAIL has been returned from a call to a COM component.

E, 3504, 21, 2013/05/23, 18:15:29.930, 2882558602719, QTAgent32.exe, Exception: System.Runtime.InteropServices.COMException
	Message: Error HRESULT E_FAIL has been returned from a call to a COM component.
	Stack Trace:    at Accessibility.IAccessible.get_accState(Object varChild)
   at Microsoft.VisualStudio.TestTools.UITest.Extension.Msaa.AccWrapper.get_State()
	BaseExceptionMessage: Error HRESULT E_FAIL has been returned from a call to a COM component.

E, 3504, 21, 2013/05/23, 18:15:29.930, 2882558607154, QTAgent32.exe, Exception: System.Runtime.InteropServices.COMException
	Message: Error HRESULT E_FAIL has been returned from a call to a COM component.
	Stack Trace:    at Accessibility.IAccessible.get_accState(Object varChild)
   at Microsoft.VisualStudio.TestTools.UITest.Extension.Msaa.AccWrapper.get_State()
	BaseExceptionMessage: Error HRESULT E_FAIL has been returned from a call to a COM component.

E, 3504, 21, 2013/05/23, 18:15:29.930, 2882558611125, QTAgent32.exe, Exception: System.Runtime.InteropServices.COMException
	Message: Error HRESULT E_FAIL has been returned from a call to a COM component.
	Stack Trace:    at Accessibility.IAccessible.get_accState(Object varChild)
   at Microsoft.VisualStudio.TestTools.UITest.Extension.Msaa.AccWrapper.get_State()
	BaseExceptionMessage: Error HRESULT E_FAIL has been returned from a call to a COM component.

E, 3504, 21, 2013/05/23, 18:15:29.931, 2882558615118, QTAgent32.exe, Exception: System.Runtime.InteropServices.COMException
	Message: Error HRESULT E_FAIL has been returned from a call to a COM component.
	Stack Trace:    at Accessibility.IAccessible.get_accState(Object varChild)
   at Microsoft.VisualStudio.TestTools.UITest.Extension.Msaa.AccWrapper.get_State()
	BaseExceptionMessage: Error HRESULT E_FAIL has been returned from a call to a COM component.

E, 3504, 21, 2013/05/23, 18:15:29.931, 2882558618903, QTAgent32.exe, Exception: System.Runtime.InteropServices.COMException
	Message: Error HRESULT E_FAIL has been returned from a call to a COM component.
	Stack Trace:    at Accessibility.IAccessible.get_accState(Object varChild)
   at Microsoft.VisualStudio.TestTools.UITest.Extension.Msaa.AccWrapper.get_State()
	BaseExceptionMessage: Error HRESULT E_FAIL has been returned from a call to a COM component.

W, 3504, 21, 2013/05/23, 18:15:30.130, 2882561468229, QTAgent32.exe, PERF WARNING: MSAA.UpdateQueryIDForNamelessControls: took 201 ms. Expected it to take maximum 200 ms.
W, 3504, 21, 2013/05/23, 18:15:30.130, 2882561472459, QTAgent32.exe, Msaa.Navigate: Exception [Error HRESULT E_FAIL has been returned from a call to a COM component.] while calling accNavigate.
E, 3504, 21, 2013/05/23, 18:15:30.130, 2882561473490, QTAgent32.exe, GetClassName for handle 5440894 failed
E, 3504, 21, 2013/05/23, 18:15:30.130, 2882561474229, QTAgent32.exe, Window 5440894 not responding. Last Win32 error 1400
E, 3504, 21, 2013/05/23, 18:15:30.131, 2882561476565, QTAgent32.exe, GetClassName for handle 2688690 failed
W, 3504, 21, 2013/05/23, 18:15:32.143, 2882590300667, QTAgent32.exe, PERF WARNING: FindTopLevelWindowHelper::FindAllDescendents: took 2012 ms. Expected it to take maximum 500 ms.
W, 3504, 21, 2013/05/23, 18:15:32.265, 2882592041756, QTAgent32.exe, Playback - [WARNING] Internal warning: Thread state based WFR - Requested element has invalid HWND
\0
W, 3504, 21, 2013/05/23, 18:15:32.265, 2882592043477, QTAgent32.exe, Playback - [WARNING] Internal warning: process performance counters based WFR - Requested element has invalid HWND
\0
E, 3504, 21, 2013/05/23, 18:15:32.265, 2882592045799, QTAgent32.exe, EnsureValid called via EnsureValid call for same element
E, 3504, 21, 2013/05/23, 18:15:32.265, 2882592047715, QTAgent32.exe, EnsureValid called via EnsureValid call for same element
E, 3504, 21, 2013/05/23, 18:15:32.265, 2882592048901, QTAgent32.exe, EnsureValid called via EnsureValid call for same element
E, 3504, 21, 2013/05/23, 18:15:32.266, 2882592051900, QTAgent32.exe, Window 3016146 not responding. Last Win32 error 0
E, 3504, 21, 2013/05/23, 18:15:32.266, 2882592053698, QTAgent32.exe, GetClassName for handle 3016146 failed
W, 3504, 21, 2013/05/23, 18:15:32.290, 2882592401344, QTAgent32.exe, Playback - [WARNING] Internal warning: Thread state based WFR - Requested element has invalid HWND
\0
W, 3504, 21, 2013/05/23, 18:15:32.290, 2882592403170, QTAgent32.exe, Playback - [WARNING] Internal warning: process performance counters based WFR - Requested element has invalid HWND
\0
E, 3504, 21, 2013/05/23, 18:15:32.290, 2882592405647, QTAgent32.exe, EnsureValid called via EnsureValid call for same element
E, 3504, 21, 2013/05/23, 18:15:32.291, 2882592407802, QTAgent32.exe, EnsureValid called via EnsureValid call for same element
E, 3504, 21, 2013/05/23, 18:15:32.291, 2882592409002, QTAgent32.exe, EnsureValid called via EnsureValid call for same element
E, 3504, 21, 2013/05/23, 18:15:32.291, 2882592411754, QTAgent32.exe, Window 2688798 not responding. Last Win32 error 0
E, 3504, 21, 2013/05/23, 18:15:32.291, 2882592413566, QTAgent32.exe, GetClassName for handle 2688798 failed
W, 3504, 21, 2013/05/23, 18:15:32.303, 2882592586700, QTAgent32.exe, Playback - [WARNING] Internal warning: Thread state based WFR - Requested element has invalid HWND
\0
W, 3504, 21, 2013/05/23, 18:15:32.303, 2882592588256, QTAgent32.exe, Playback - [WARNING] Internal warning: process performance counters based WFR - Requested element has invalid HWND
\0
E, 3504, 21, 2013/05/23, 18:15:32.303, 2882592590513, QTAgent32.exe, EnsureValid called via EnsureValid call for same element
E, 3504, 21, 2013/05/23, 18:15:32.303, 2882592592429, QTAgent32.exe, EnsureValid called via EnsureValid call for same element
E, 3504, 21, 2013/05/23, 18:15:32.304, 2882592593825, QTAgent32.exe, EnsureValid called via EnsureValid call for same element
E, 3504, 21, 2013/05/23, 18:15:32.304, 2882592597565, QTAgent32.exe, Window 1575184 not responding. Last Win32 error 0
E, 3504, 21, 2013/05/23, 18:15:32.304, 2882592598398, QTAgent32.exe, GetClassName for handle 1575184 failed
W, 3504, 21, 2013/05/23, 18:15:32.464, 2882594895216, QTAgent32.exe, &lt;a class=success&gt;Playback - {159} [SUCCESS] MouseButtonClick - "[MSAA, VisibleOnly]ControlType='Button' &amp;&amp; Name='Cancel'"
\0&lt;/a&gt;
W, 3504, 21, 2013/05/23, 18:15:32.712, 2882598437451, QTAgent32.exe, &lt;a class=success&gt;Playback - {160} [SUCCESS] MouseButtonClick - "[MSAA, VisibleOnly]ControlType='Button' &amp;&amp; Name='Yes'"
\0&lt;/a&gt;
W, 3504, 21, 2013/05/23, 18:15:33.020, 2882602854498, QTAgent32.exe, &lt;a class=success&gt;Playback - {161} [SUCCESS] MouseButtonClick - "[MSAA, VisibleOnly]ControlType='Button' &amp;&amp; Name='Yes'"
\0&lt;/a&gt;
W, 3504, 21, 2013/05/23, 18:15:35.271, 2882635080170, QTAgent32.exe, &lt;a class=success&gt;Playback - {162} [SUCCESS] MouseButtonClick - "[MSAA, VisibleOnly]ControlType='Button' &amp;&amp; Name='OK'"
\0&lt;/a&gt;
W, 3504, 21, 2013/05/23, 18:15:38.286, 2882678249574, QTAgent32.exe, IEDOM : StopSession of the plugin called before StartSession
W, 3504, 21, 2013/05/23, 18:15:38.287, 2882678264577, QTAgent32.exe, UIA : StopSession of the plugin called before StartSession
</DebugTrace>
      </Output>
    </UnitTestResult>
    <UnitTestResult executionId="60d47352-bf64-4d6c-93a7-a99683b5d37d" testId="6ba8302b-8aae-2cf0-04e7-1f759e1fd7d6" testName="HouseMTAtoMTA" computerName="ICLVDEVTM02" duration="00:06:14.4068166" startTime="2013-05-23T18:15:38.3511757+01:00" endTime="2013-05-23T18:21:52.7907234+01:00" testType="13cdc9d9-ddb5-4fa4-a97d-d965ccfc6d4b" outcome="Passed" testListId="8c84fa94-04c1-424b-9868-57a2d4851a1d" relativeResultsDirectory="60d47352-bf64-4d6c-93a7-a99683b5d37d">
      <Output>
        <DebugTrace>W, 3504, 9, 2013/05/23, 18:15:44.019, 2882760337894, QTAgent32.exe, &lt;a class=success&gt;Playback - {1} [SUCCESS] MouseButtonClick - "[MSAA, VisibleOnly]ControlType='Edit'"
\0&lt;/a&gt;
W, 3504, 9, 2013/05/23, 18:15:44.367, 2882765327362, QTAgent32.exe, &lt;a class=success&gt;Playback - {2} [SUCCESS] SendKeys "[*]" - "[MSAA, VisibleOnly]ControlType='Edit'"
\0&lt;/a&gt;
W, 3504, 9, 2013/05/23, 18:15:45.112, 2882775983509, QTAgent32.exe, &lt;a class=success&gt;Playback - {3} [SUCCESS] MouseButtonClick - "[MSAA, VisibleOnly]ControlType='Button' &amp;&amp; Name='OK'"
\0&lt;/a&gt;
W, 3504, 9, 2013/05/23, 18:15:45.434, 2882780587204, QTAgent32.exe, &lt;a class=success&gt;Playback - {4} [SUCCESS] SendKeys "^{HOME}" - "[MSAA, VisibleOnly]ControlType='Edit'"
\0&lt;/a&gt;
E, 3504, 9, 2013/05/23, 18:15:45.435, 2882780601903, QTAgent32.exe, Msaa.GetFocusedElement: could not find accessible object of foreground window
W, 3504, 9, 2013/05/23, 18:15:45.632, 2882783430078, QTAgent32.exe, &lt;a class=success&gt;Playback - {5} [SUCCESS] SendKeys "^+{END}" - "[MSAA, VisibleOnly]ControlType='Edit'"
\0&lt;/a&gt;
E, 3504, 9, 2013/05/23, 18:15:45.633, 2882783438933, QTAgent32.exe, Msaa.GetFocusedElement: could not find accessible object of foreground window
W, 3504, 9, 2013/05/23, 18:15:45.650, 2882783687882, QTAgent32.exe, &lt;a class=success&gt;Playback - {6} [SUCCESS] SendKeys "{DELETE}" - "[MSAA, VisibleOnly]ControlType='Edit'"
\0&lt;/a&gt;
W, 3504, 9, 2013/05/23, 18:15:46.160, 2882790983750, QTAgent32.exe, &lt;a class=success&gt;Playback - {7} [SUCCESS] SetValueAsEditBox "23/05/2013" - "[MSAA, VisibleOnly]ControlType='Edit'"  &lt; Set via SendKeys &gt;
\0&lt;/a&gt;
W, 3504, 9, 2013/05/23, 18:15:46.737, 2882799253239, QTAgent32.exe, Playback - [WARNING] Internal warning: Incorrect flag set for InvokeProgrammaticAction\0
W, 3504, 9, 2013/05/23, 18:15:46.857, 2882800973957, QTAgent32.exe, &lt;a class=success&gt;Playback - {8} [SUCCESS] SetValueAsComboBox "May" - "[MSAA, VisibleOnly]ControlType='ComboBox'"  &lt; SetValueAsComboBox, set by clicking on the item in the list box &gt;
\0&lt;/a&gt;
W, 3504, 9, 2013/05/23, 18:15:47.180, 2882805599307, QTAgent32.exe, &lt;a class=success&gt;Playback - {9} [SUCCESS] SendKeys "^{HOME}" - "[MSAA, VisibleOnly]ControlType='Edit'"
\0&lt;/a&gt;
E, 3504, 9, 2013/05/23, 18:15:47.180, 2882805602625, QTAgent32.exe, Msaa.GetFocusedElement: could not find accessible object of foreground window
W, 3504, 9, 2013/05/23, 18:15:47.235, 2882806386476, QTAgent32.exe, &lt;a class=success&gt;Playback - {10} [SUCCESS] SendKeys "^+{END}" - "[MSAA, VisibleOnly]ControlType='Edit'"
\0&lt;/a&gt;
E, 3504, 9, 2013/05/23, 18:15:47.235, 2882806389915, QTAgent32.exe, Msaa.GetFocusedElement: could not find accessible object of foreground window
W, 3504, 9, 2013/05/23, 18:15:47.250, 2882806602916, QTAgent32.exe, &lt;a class=success&gt;Playback - {11} [SUCCESS] SendKeys "{DELETE}" - "[MSAA, VisibleOnly]ControlType='Edit'"
\0&lt;/a&gt;
W, 3504, 9, 2013/05/23, 18:15:47.509, 2882810306022, QTAgent32.exe, &lt;a class=success&gt;Playback - {12} [SUCCESS] SetValueAsEditBox "2013" - "[MSAA, VisibleOnly]ControlType='Edit'"  &lt; Set via SendKeys &gt;
\0&lt;/a&gt;
W, 3504, 9, 2013/05/23, 18:15:47.727, 2882813424358, QTAgent32.exe, &lt;a class=success&gt;Playback - {13} [SUCCESS] MouseButtonClick - "[MSAA, VisibleOnly]ControlType='Button' &amp;&amp; Name='OK'"
\0&lt;/a&gt;
W, 3504, 9, 2013/05/23, 18:15:48.867, 2882829745753, QTAgent32.exe, Playback - [WARNING] Internal warning: Window Not Found: [VisibleOnly]ControlType='Window' &amp;&amp; Name='Warning' &amp;&amp; ClassName='#32770'
\0
E, 3504, 9, 2013/05/23, 18:15:48.867, 2882829749197, QTAgent32.exe, &lt;a class=failure&gt;Playback - {14} [FAILED] Function ElementFetcher::FindScreenElement failed to locate UI element (Searching: ;[VisibleOnly]ControlType='Window' &amp;&amp; Name='Warning' &amp;&amp; ClassName='#32770') (The object specified was not found.)
\0&lt;/a&gt;
E, 3504, 9, 2013/05/23, 18:15:48.948, 2882830907996, QTAgent32.exe, Playback - [IMAGE] C:\Users\testuser\AppData\Local\Temp\UITestLogs\LastRun\RPF37C7.png
\0
W, 3504, 9, 2013/05/23, 18:15:48.948, 2882830910606, QTAgent32.exe, Playback - [WARNING] Internal warning: Couldn't find descendants that match QueryId
\0
W, 3504, 9, 2013/05/23, 18:15:48.948, 2882830913835, QTAgent32.exe, PERF WARNING: FindTopLevelWindowHelper::FindAllDescendents: took 1102 ms. Expected it to take maximum 500 ms.
W, 3504, 9, 2013/05/23, 18:16:06.962, 2883088837515, QTAgent32.exe, Playback - [WARNING] Internal warning: Window Not Found: [VisibleOnly]ControlType='Window' &amp;&amp; Name='Warning' &amp;&amp; ClassName='#32770'
\0
E, 3504, 9, 2013/05/23, 18:16:06.962, 2883088842472, QTAgent32.exe, &lt;a class=failure&gt;Playback - {15} [FAILED] Function ElementFetcher::FindScreenElement failed to locate UI element (Searching: ;[VisibleOnly]ControlType='Window' &amp;&amp; Name='Warning' &amp;&amp; ClassName='#32770') (The object specified was not found.)
\0&lt;/a&gt;
E, 3504, 9, 2013/05/23, 18:16:07.041, 2883089968369, QTAgent32.exe, Playback - [IMAGE] C:\Users\testuser\AppData\Local\Temp\UITestLogs\LastRun\RPF7E78.png
\0
W, 3504, 9, 2013/05/23, 18:16:07.041, 2883089971066, QTAgent32.exe, Playback - [WARNING] Internal warning: Couldn't find descendants that match QueryId
\0
W, 3504, 9, 2013/05/23, 18:16:07.041, 2883089976351, QTAgent32.exe, PERF WARNING: FindTopLevelWindowHelper::FindAllDescendents: took 18092 ms. Expected it to take maximum 500 ms.
W, 3504, 9, 2013/05/23, 18:16:07.559, 2883097386131, QTAgent32.exe, Playback - [WARNING] Internal warning: Smart Match failed
\0
W, 3504, 9, 2013/05/23, 18:16:07.962, 2883103156418, QTAgent32.exe, Playback - [WARNING] Internal warning: Smart Match failed
\0
W, 3504, 9, 2013/05/23, 18:16:08.356, 2883108807864, QTAgent32.exe, Playback - [WARNING] Internal warning: Smart Match failed
\0
W, 3504, 9, 2013/05/23, 18:16:08.766, 2883114663365, QTAgent32.exe, Playback - [WARNING] Internal warning: Smart Match failed
\0
W, 3504, 9, 2013/05/23, 18:16:09.159, 2883120289663, QTAgent32.exe, Playback - [WARNING] Internal warning: Smart Match failed
\0
W, 3504, 9, 2013/05/23, 18:16:09.584, 2883126372641, QTAgent32.exe, Playback - [WARNING] Internal warning: Smart Match failed
\0
W, 3504, 9, 2013/05/23, 18:16:09.960, 2883131760493, QTAgent32.exe, Playback - [WARNING] Internal warning: Smart Match failed
\0
W, 3504, 9, 2013/05/23, 18:16:10.204, 2883135257885, QTAgent32.exe, Playback - [WARNING] Internal warning: Window Not Found: [VisibleOnly]ControlType='Window' &amp;&amp; Name='Warning' &amp;&amp; ClassName='#32770'
\0
E, 3504, 9, 2013/05/23, 18:16:10.204, 2883135260575, QTAgent32.exe, &lt;a class=failure&gt;Playback - {16} [FAILED] Function ElementFetcher::FindScreenElement failed to locate UI element (Searching: ;[VisibleOnly]ControlType='Window' &amp;&amp; Name='Warning' &amp;&amp; ClassName='#32770') (The object specified was not found.)
\0&lt;/a&gt;
E, 3504, 9, 2013/05/23, 18:16:10.283, 2883136385291, QTAgent32.exe, Playback - [IMAGE] C:\Users\testuser\AppData\Local\Temp\UITestLogs\LastRun\RPF8B17.png
\0
W, 3504, 9, 2013/05/23, 18:16:10.283, 2883136387497, QTAgent32.exe, Playback - [WARNING] Internal warning: Couldn't find descendants that match QueryId
\0
W, 3504, 9, 2013/05/23, 18:16:10.283, 2883136390985, QTAgent32.exe, PERF WARNING: FindTopLevelWindowHelper::FindAllDescendents: took 3241 ms. Expected it to take maximum 500 ms.
E, 3504, 9, 2013/05/23, 18:16:10.283, 2883136392728, QTAgent32.exe, Exception: System.Runtime.InteropServices.COMException
	Message: Error HRESULT E_FAIL has been returned from a call to a COM component.
	Stack Trace:    at Microsoft.VisualStudio.TestTools.UITest.Playback.Engine.IRPFPlayback.FindAllScreenElements(IScreenElement pScreenElementStart, String bstrQueryId, Object&amp; pvarResKeys, Int32 cResKeys, Int32 nMaxDepth, Object[]&amp; foundDescendants)
   at Microsoft.VisualStudio.TestTools.UITest.Playback.ScreenElement.FindTopLevelWindowHelper(String queryId)
	BaseExceptionMessage: Error HRESULT E_FAIL has been returned from a call to a COM component.

E, 3504, 9, 2013/05/23, 18:16:10.427, 2883138445315, QTAgent32.exe, AL: Playback Error: Microsoft.VisualStudio.TestTools.UITest.Extension.UITestControlNotFoundException: The playback failed to find the control with the given search properties. Additional Details: 
TechnologyName:  'MSAA'
ControlType:  'Window'
Name:  'Warning'
ClassName:  '#32770'
 ---&gt; System.Runtime.InteropServices.COMException: Error HRESULT E_FAIL has been returned from a call to a COM component.
   at Microsoft.VisualStudio.TestTools.UITest.Playback.Engine.IRPFPlayback.FindAllScreenElements(IScreenElement pScreenElementStart, String bstrQueryId, Object&amp; pvarResKeys, Int32 cResKeys, Int32 nMaxDepth, Object[]&amp; foundDescendants)
   at Microsoft.VisualStudio.TestTools.UITest.Playback.ScreenElement.FindTopLevelWindowHelper(String queryId)
   at Microsoft.VisualStudio.TestTools.UITest.Playback.ScreenElement.FindFromPartialQueryId(String queryId)
   at Microsoft.VisualStudio.TestTools.UITesting.UITestControl..ctor(String queryId)
   --- End of inner exception stack trace ---
   at Microsoft.VisualStudio.TestTools.UITesting.Playback.MapControlNotFoundException(COMException ex, IPlaybackContext context)
   at Microsoft.VisualStudio.TestTools.UITesting.Playback.MapAndThrowComException(COMException innerException, IPlaybackContext context)
   at Microsoft.VisualStudio.TestTools.UITesting.Playback.MapAndThrowException(SystemException exception, IPlaybackContext context)
   at Microsoft.VisualStudio.TestTools.UITesting.Playback.MapAndThrowException(SystemException exception, String queryId)
   at Microsoft.VisualStudio.TestTools.UITesting.UITestControl..ctor(String queryId)
   at Microsoft.VisualStudio.TestTools.UITesting.SearchHelper.SearchTopLevelWindow(ISearchArgument topLevelSearchArg, String topLevelElementQueryId)
   at Microsoft.VisualStudio.TestTools.UITesting.SearchHelper.GetTitleUpdatedTopLevelWindow(ISearchArgument topLevelSearchArg, String queryId, IList`1 windowTitles)
   at Microsoft.VisualStudio.TestTools.UITesting.SearchHelper.GetTopLevelElement(Boolean useCache, Boolean useCacheOnly, ISearchArgument searchArg, IList`1 windowTitles, Int32&amp; timeLeft)
   at Microsoft.VisualStudio.TestTools.UITesting.SearchHelper.GetElement(Boolean useCache, ISearchArgument searchArg)
   at Microsoft.VisualStudio.TestTools.UITesting.SearchHelper.Search(ISearchArgument searchArg)
   at Microsoft.VisualStudio.TestTools.UITesting.UITestControl.FindInternal()
   at Microsoft.VisualStudio.TestTools.UITesting.UITestControl.FindControlIfNecessary()
   at Microsoft.VisualStudio.TestTools.UITesting.UITestControl.Click(MouseButtons button, ModifierKeys modifierKeys, Point relativeCoordinates)
   at Microsoft.VisualStudio.TestTools.UITesting.Mouse.ClickImplementation(UITestControl control, MouseButtons button, ModifierKeys modifierKeys, Point relativeCoordinate)
   at Microsoft.VisualStudio.TestTools.UITesting.Mouse.ClickImplementationWrapper(UITestControl control, MouseButtons button, ModifierKeys modifierKeys, Point relativeCoordinate)
W, 3504, 9, 2013/05/23, 18:16:10.427, 2883138449781, QTAgent32.exe, PlaybackErrorHandler: Ignoring exception as ContinueOnError is set.
W, 3504, 9, 2013/05/23, 18:16:10.482, 2883139240228, QTAgent32.exe, &lt;a class=success&gt;Playback - {17} [SUCCESS] TypeString "#(R)"
\0&lt;/a&gt;
W, 3504, 9, 2013/05/23, 18:16:11.110, 2883148226160, QTAgent32.exe, PERF WARNING: FindTopLevelWindowHelper::FindAllDescendents: took 527 ms. Expected it to take maximum 500 ms.
W, 3504, 9, 2013/05/23, 18:16:11.629, 2883155658862, QTAgent32.exe, PERF WARNING: FindAllDescendents: took 517 ms. Expected it to take maximum 500 ms.
E, 3504, 9, 2013/05/23, 18:16:11.643, 2883155868093, QTAgent32.exe, Exception: System.ArgumentException
	Message: Value does not fall within the expected range.
	Stack Trace:    at Accessibility.IAccessible.get_accRole(Object varChild)
   at Microsoft.VisualStudio.TestTools.UITest.Extension.Msaa.AccWrapper.get_RoleInt()
	BaseExceptionMessage: Value does not fall within the expected range.

E, 3504, 9, 2013/05/23, 18:16:11.658, 2883156080471, QTAgent32.exe, Exception: System.ArgumentException
	Message: Value does not fall within the expected range.
	Stack Trace:    at Accessibility.IAccessible.get_accRole(Object varChild)
   at Microsoft.VisualStudio.TestTools.UITest.Extension.Msaa.AccWrapper.get_RoleInt()
	BaseExceptionMessage: Value does not fall within the expected range.

W, 3504, 9, 2013/05/23, 18:16:12.966, 2883174804139, QTAgent32.exe, &lt;a class=success&gt;Playback - {18} [SUCCESS] LeftButtonClick  &lt; Mouse cursor location (87, 908) &gt;
\0&lt;/a&gt;
W, 3504, 9, 2013/05/23, 18:16:14.639, 2883198758756, QTAgent32.exe, &lt;a class=success&gt;Playback - {19} [SUCCESS] SetValueAsEditBox "c:\TestProject7\office.reg"  &lt; Set via SendKeys &gt;
\0&lt;/a&gt;
W, 3504, 9, 2013/05/23, 18:16:14.639, 2883198762112, QTAgent32.exe, &lt;a class=success&gt;Playback - {20} [SUCCESS] SetValueAsComboBox "c:\TestProject7\office.reg" - "[MSAA, VisibleOnly]ControlType='ComboBox' &amp;&amp; Name='Open:'"  &lt; Set via SetValueAsEditBox &gt;
\0&lt;/a&gt;
W, 3504, 9, 2013/05/23, 18:16:14.910, 2883202644899, QTAgent32.exe, &lt;a class=success&gt;Playback - {21} [SUCCESS] MouseButtonClick - "[MSAA, VisibleOnly]ControlType='Button' &amp;&amp; Name='OK'"
\0&lt;/a&gt;
W, 3504, 9, 2013/05/23, 18:16:15.908, 2883216935417, QTAgent32.exe, Playback - [WARNING] Internal warning: Window Not Found: [VisibleOnly]ControlType='Window' &amp;&amp; Name='Registry Editor' &amp;&amp; ClassName='#32770'
\0
E, 3504, 9, 2013/05/23, 18:16:15.909, 2883216938695, QTAgent32.exe, &lt;a class=failure&gt;Playback - {22} [FAILED] Function ElementFetcher::FindScreenElement failed to locate UI element (Searching: ;[VisibleOnly]ControlType='Window' &amp;&amp; Name='Registry Editor' &amp;&amp; ClassName='#32770') (The object specified was not found.)
\0&lt;/a&gt;
E, 3504, 9, 2013/05/23, 18:16:15.993, 2883218152809, QTAgent32.exe, Playback - [IMAGE] C:\Users\testuser\AppData\Local\Temp\UITestLogs\LastRun\RPFA165.png
\0
W, 3504, 9, 2013/05/23, 18:16:15.993, 2883218155003, QTAgent32.exe, Playback - [WARNING] Internal warning: Couldn't find descendants that match QueryId
\0
W, 3504, 9, 2013/05/23, 18:16:15.994, 2883218158483, QTAgent32.exe, PERF WARNING: FindTopLevelWindowHelper::FindAllDescendents: took 976 ms. Expected it to take maximum 500 ms.
W, 3504, 9, 2013/05/23, 18:16:16.359, 2883223385088, QTAgent32.exe, &lt;a class=success&gt;Playback - {23} [SUCCESS] MouseButtonClick - "[MSAA, VisibleOnly]ControlType='Button' &amp;&amp; Name='Yes'"
\0&lt;/a&gt;
W, 3504, 9, 2013/05/23, 18:16:16.735, 2883228762100, QTAgent32.exe, &lt;a class=success&gt;Playback - {24} [SUCCESS] MouseButtonClick - "[MSAA, VisibleOnly]ControlType='Button' &amp;&amp; Name='OK'"
\0&lt;/a&gt;
W, 3504, 9, 2013/05/23, 18:16:17.006, 2883232654454, QTAgent32.exe, &lt;a class=success&gt;Playback - {25} [SUCCESS] MouseButtonClick - "[MSAA, VisibleOnly]ControlType='Button' &amp;&amp; Name='Clients &amp; Files'"
\0&lt;/a&gt;
W, 3504, 9, 2013/05/23, 18:16:18.579, 2883255172431, QTAgent32.exe, PERF WARNING: FindTopLevelWindowHelper::FindAllDescendents: took 1472 ms. Expected it to take maximum 500 ms.
W, 3504, 9, 2013/05/23, 18:16:19.644, 2883270425262, QTAgent32.exe, Playback - [WARNING] Internal warning: Incorrect flag set for InvokeProgrammaticAction\0
W, 3504, 9, 2013/05/23, 18:16:19.766, 2883272172467, QTAgent32.exe, &lt;a class=success&gt;Playback - {26} [SUCCESS] SetValueAsComboBox "Customers" - "[MSAA, VisibleOnly]ControlType='ComboBox'"  &lt; SetValueAsComboBox, set by clicking on the item in the list box &gt;
\0&lt;/a&gt;
W, 3504, 9, 2013/05/23, 18:16:20.296, 2883279756170, QTAgent32.exe, &lt;a class=success&gt;Playback - {27} [SUCCESS] MouseButtonClick - "[MSAA, VisibleOnly]ControlType='Button' &amp;&amp; Name='Add'"
\0&lt;/a&gt;
W, 3504, 9, 2013/05/23, 18:16:21.118, 2883291528123, QTAgent32.exe, &lt;a class=success&gt;Playback - {28} [SUCCESS] SendKeys "autotest" - "[MSAA, VisibleOnly]ControlType='RadioButton' &amp;&amp; Name='Personal Lines'"
\0&lt;/a&gt;
W, 3504, 9, 2013/05/23, 18:16:22.186, 2883306820786, QTAgent32.exe, &lt;a class=success&gt;Playback - {29} [SUCCESS] SetValueAsEditBox "autotest" - "[MSAA, VisibleOnly]ControlType='Edit'"  &lt; Set via SendKeys &gt;
\0&lt;/a&gt;
W, 3504, 9, 2013/05/23, 18:16:22.424, 2883310224243, QTAgent32.exe, &lt;a class=success&gt;Playback - {30} [SUCCESS] MouseButtonClick - "[MSAA, VisibleOnly]ControlType='Button' &amp;&amp; Name='OK'"
\0&lt;/a&gt;
W, 3504, 9, 2013/05/23, 18:16:22.755, 2883314971642, QTAgent32.exe, &lt;a class=success&gt;Playback - {31} [SUCCESS] MouseButtonClick - "[MSAA, VisibleOnly]ControlType='Button' &amp;&amp; Name='Yes'"
\0&lt;/a&gt;
W, 3504, 9, 2013/05/23, 18:16:23.433, 2883324671858, QTAgent32.exe, &lt;a class=success&gt;Playback - {32} [SUCCESS] SendKeys "^{HOME}" - "[MSAA, VisibleOnly]ControlType='Edit'"
\0&lt;/a&gt;
E, 3504, 9, 2013/05/23, 18:16:23.433, 2883324675178, QTAgent32.exe, Msaa.GetFocusedElement: could not find accessible object of foreground window
W, 3504, 9, 2013/05/23, 18:16:23.506, 2883325727875, QTAgent32.exe, &lt;a class=success&gt;Playback - {33} [SUCCESS] SendKeys "^+{END}" - "[MSAA, VisibleOnly]ControlType='Edit'"
\0&lt;/a&gt;
E, 3504, 9, 2013/05/23, 18:16:23.508, 2883325742755, QTAgent32.exe, Msaa.GetFocusedElement: could not find accessible object of foreground window
W, 3504, 9, 2013/05/23, 18:16:23.545, 2883326284998, QTAgent32.exe, &lt;a class=success&gt;Playback - {34} [SUCCESS] SendKeys "{DELETE}" - "[MSAA, VisibleOnly]ControlType='Edit'"
\0&lt;/a&gt;
W, 3504, 9, 2013/05/23, 18:16:23.998, 2883332770195, QTAgent32.exe, &lt;a class=success&gt;Playback - {35} [SUCCESS] SetValueAsEditBox "1" - "[MSAA, VisibleOnly]ControlType='Edit'"  &lt; Set via SendKeys &gt;
\0&lt;/a&gt;
W, 3504, 9, 2013/05/23, 18:16:24.591, 2883341253769, QTAgent32.exe, &lt;a class=success&gt;Playback - {36} [SUCCESS] SendKeys "^{HOME}" - "[MSAA, VisibleOnly]ControlType='Edit'"
\0&lt;/a&gt;
E, 3504, 9, 2013/05/23, 18:16:24.591, 2883341257072, QTAgent32.exe, Msaa.GetFocusedElement: could not find accessible object of foreground window
W, 3504, 9, 2013/05/23, 18:16:24.661, 2883342249377, QTAgent32.exe, &lt;a class=success&gt;Playback - {37} [SUCCESS] SendKeys "^+{END}" - "[MSAA, VisibleOnly]ControlType='Edit'"
\0&lt;/a&gt;
E, 3504, 9, 2013/05/23, 18:16:24.661, 2883342252250, QTAgent32.exe, Msaa.GetFocusedElement: could not find accessible object of foreground window
W, 3504, 9, 2013/05/23, 18:16:24.675, 2883342458311, QTAgent32.exe, &lt;a class=success&gt;Playback - {38} [SUCCESS] SendKeys "{DELETE}" - "[MSAA, VisibleOnly]ControlType='Edit'"
\0&lt;/a&gt;
W, 3504, 9, 2013/05/23, 18:16:25.084, 2883348306051, QTAgent32.exe, &lt;a class=success&gt;Playback - {39} [SUCCESS] SetValueAsEditBox "1" - "[MSAA, VisibleOnly]ControlType='Edit'"  &lt; Set via SendKeys &gt;
\0&lt;/a&gt;
W, 3504, 9, 2013/05/23, 18:16:26.693, 2883371348287, QTAgent32.exe, Playback - [WARNING] Internal warning: Target element "[MSAA, VisibleOnly]ControlType='Button' &amp;&amp; Name='OK'" was not found, so all intermediate elements were ignored. An incorrect element that matches target element Id can be found as the result.  Verify that all intermediate elements in QueryId have valid and unique Ids
\0
W, 3504, 9, 2013/05/23, 18:16:27.243, 2883379227697, QTAgent32.exe, PERF WARNING: FindAllDescendents: took 2058 ms. Expected it to take maximum 500 ms.
W, 3504, 9, 2013/05/23, 18:16:27.573, 2883383955445, QTAgent32.exe, &lt;a class=success&gt;Playback - {40} [SUCCESS] MouseButtonClick - "[MSAA, VisibleOnly]ControlType='Button' &amp;&amp; Name='OK'"
\0&lt;/a&gt;
W, 3504, 9, 2013/05/23, 18:16:27.968, 2883389603357, QTAgent32.exe, &lt;a class=success&gt;Playback - {41} [SUCCESS] MouseButtonClick - "[MSAA, VisibleOnly]ControlType='Button'"
\0&lt;/a&gt;
W, 3504, 9, 2013/05/23, 18:16:28.344, 2883394987477, QTAgent32.exe, &lt;a class=success&gt;Playback - {42} [SUCCESS] MouseButtonClick - "[MSAA, VisibleOnly]ControlType='Button' &amp;&amp; Name='Add'"
\0&lt;/a&gt;
W, 3504, 9, 2013/05/23, 18:16:28.728, 2883400485383, QTAgent32.exe, &lt;a class=success&gt;Playback - {43} [SUCCESS] MouseButtonClick - "[MSAA, VisibleOnly]ControlType='Button' &amp;&amp; Name='OK'"
\0&lt;/a&gt;
W, 3504, 9, 2013/05/23, 18:16:30.974, 2883432644213, QTAgent32.exe, &lt;a class=success&gt;Playback - {44} [SUCCESS] MouseButtonClick - "[MSAA, VisibleOnly,Window]ControlType='Window' &amp;&amp; ClassName='ThunderRT6TextBox'"
\0&lt;/a&gt;
W, 3504, 9, 2013/05/23, 18:16:32.064, 2883448261038, QTAgent32.exe, &lt;a class=success&gt;Playback - {45} [SUCCESS] SetValueAsEditBox "HOME" - "[MSAA, VisibleOnly]ControlType='Edit'"  &lt; Set via SendKeys &gt;
\0&lt;/a&gt;
W, 3504, 9, 2013/05/23, 18:16:32.437, 2883453596467, QTAgent32.exe, &lt;a class=success&gt;Playback - {46} [SUCCESS] MouseButtonClick - "[MSAA, VisibleOnly]ControlType='Button' &amp;&amp; Name='OK'"
\0&lt;/a&gt;
W, 3504, 9, 2013/05/23, 18:16:32.685, 2883457137679, QTAgent32.exe, &lt;a class=success&gt;Playback - {47} [SUCCESS] MouseButtonClick - "[MSAA, VisibleOnly]ControlType='Button' &amp;&amp; Name='Options'"
\0&lt;/a&gt;
W, 3504, 9, 2013/05/23, 18:16:32.785, 2883458574578, QTAgent32.exe, FindScreenElementInSinglePass : Attempting to find control in one pass of search. Failures can occur.
W, 3504, 9, 2013/05/23, 18:16:33.290, 2883465802833, QTAgent32.exe, &lt;a class=success&gt;Playback - {48} [SUCCESS] MouseButtonClick - "[MSAA]ControlType='MenuItem' &amp;&amp; Name='Links'"
\0&lt;/a&gt;
W, 3504, 9, 2013/05/23, 18:16:33.390, 2883467239347, QTAgent32.exe, FindScreenElementInSinglePass : Attempting to find control in one pass of search. Failures can occur.
W, 3504, 9, 2013/05/23, 18:16:34.395, 2883481632883, QTAgent32.exe, &lt;a class=success&gt;Playback - {49} [SUCCESS] MouseButtonClick - "[MSAA]ControlType='MenuItem' &amp;&amp; Name='3rd Party Integration'"
\0&lt;/a&gt;
W, 3504, 9, 2013/05/23, 18:16:34.496, 2883483070779, QTAgent32.exe, FindScreenElementInSinglePass : Attempting to find control in one pass of search. Failures can occur.
W, 3504, 9, 2013/05/23, 18:16:35.042, 2883490896547, QTAgent32.exe, &lt;a class=success&gt;Playback - {50} [SUCCESS] MouseButtonClick - "[MSAA]ControlType='MenuItem' &amp;&amp; Name='Quote Select List'"
\0&lt;/a&gt;
W, 3504, 9, 2013/05/23, 18:16:36.151, 2883506771497, QTAgent32.exe, PERF WARNING: FindTopLevelWindowHelper::FindAllDescendents: took 997 ms. Expected it to take maximum 500 ms.
W, 3504, 9, 2013/05/23, 18:16:36.656, 2883514005438, QTAgent32.exe, &lt;a class=success&gt;Playback - {51} [SUCCESS] MouseButtonClick - "[MSAA, VisibleOnly]ControlType='Button' &amp;&amp; Name='Ok'"
\0&lt;/a&gt;
W, 3504, 9, 2013/05/23, 18:16:39.269, 2883551423280, QTAgent32.exe, PERF WARNING: FindTopLevelWindowHelper::FindAllDescendents: took 2511 ms. Expected it to take maximum 500 ms.
W, 3504, 9, 2013/05/23, 18:16:39.963, 2883561352973, QTAgent32.exe, &lt;a class=success&gt;Playback - {52} [SUCCESS] SetValueAsEditBox "test1" - "[MSAA, VisibleOnly]ControlType='Edit'"  &lt; Set via SendKeys &gt;
\0&lt;/a&gt;
W, 3504, 9, 2013/05/23, 18:16:40.706, 2883571992345, QTAgent32.exe, &lt;a class=success&gt;Playback - {53} [SUCCESS] SetValueAsEditBox "test" - "[MSAA, VisibleOnly]ControlType='Edit'"  &lt; Set via SendKeys &gt;
\0&lt;/a&gt;
W, 3504, 9, 2013/05/23, 18:16:41.165, 2883578557445, QTAgent32.exe, &lt;a class=success&gt;Playback - {54} [SUCCESS] SendKeys "^{HOME}" - "[MSAA, VisibleOnly]ControlType='Edit'"
\0&lt;/a&gt;
E, 3504, 9, 2013/05/23, 18:16:41.165, 2883578560941, QTAgent32.exe, Msaa.GetFocusedElement: could not find accessible object of foreground window
W, 3504, 9, 2013/05/23, 18:16:41.221, 2883579358899, QTAgent32.exe, &lt;a class=success&gt;Playback - {55} [SUCCESS] SendKeys "^+{END}" - "[MSAA, VisibleOnly]ControlType='Edit'"
\0&lt;/a&gt;
E, 3504, 9, 2013/05/23, 18:16:41.221, 2883579362263, QTAgent32.exe, Msaa.GetFocusedElement: could not find accessible object of foreground window
W, 3504, 9, 2013/05/23, 18:16:41.237, 2883579597689, QTAgent32.exe, &lt;a class=success&gt;Playback - {56} [SUCCESS] SendKeys "{DELETE}" - "[MSAA, VisibleOnly]ControlType='Edit'"
\0&lt;/a&gt;
W, 3504, 9, 2013/05/23, 18:16:41.621, 2883585095175, QTAgent32.exe, &lt;a class=success&gt;Playback - {57} [SUCCESS] SetValueAsEditBox "test" - "[MSAA, VisibleOnly]ControlType='Edit'"  &lt; Set via SendKeys &gt;
\0&lt;/a&gt;
W, 3504, 9, 2013/05/23, 18:16:42.503, 2883597717692, QTAgent32.exe, Playback - [WARNING] Internal warning: Incorrect flag set for InvokeProgrammaticAction\0
W, 3504, 9, 2013/05/23, 18:16:42.627, 2883599500302, QTAgent32.exe, &lt;a class=success&gt;Playback - {58} [SUCCESS] SetValueAsComboBox "Account Director" - "[MSAA, VisibleOnly]ControlType='ComboBox'"  &lt; SetValueAsComboBox, set by clicking on the item in the list box &gt;
\0&lt;/a&gt;
W, 3504, 9, 2013/05/23, 18:16:43.425, 2883610928457, QTAgent32.exe, Playback - [WARNING] Internal warning: Incorrect flag set for InvokeProgrammaticAction\0
W, 3504, 9, 2013/05/23, 18:16:43.547, 2883612669549, QTAgent32.exe, &lt;a class=success&gt;Playback - {59} [SUCCESS] SetValueAsComboBox "Advertising" - "[MSAA, VisibleOnly]ControlType='ComboBox'"  &lt; SetValueAsComboBox, set by clicking on the item in the list box &gt;
\0&lt;/a&gt;
W, 3504, 9, 2013/05/23, 18:16:44.340, 2883624015852, QTAgent32.exe, &lt;a class=success&gt;Playback - {60} [SUCCESS] SetValueAsEditBox "160589" - "[MSAA, VisibleOnly]ControlType='Edit'"  &lt; Set via SendKeys &gt;
\0&lt;/a&gt;
W, 3504, 9, 2013/05/23, 18:16:44.574, 2883627364477, QTAgent32.exe, &lt;a class=success&gt;Playback - {61} [SUCCESS] MouseButtonClick - "[MSAA, VisibleOnly]ControlType='Edit'"
\0&lt;/a&gt;
W, 3504, 9, 2013/05/23, 18:16:45.391, 2883639066968, QTAgent32.exe, &lt;a class=success&gt;Playback - {62} [SUCCESS] SetValueAsEditBox "B338TH" - "[MSAA, VisibleOnly]ControlType='Edit'"  &lt; Set via SendKeys &gt;
\0&lt;/a&gt;
W, 3504, 9, 2013/05/23, 18:16:47.630, 2883671129954, QTAgent32.exe, &lt;a class=success&gt;Playback - {63} [SUCCESS] MouseButtonClick - "[MSAA, VisibleOnly]ControlType='Button' &amp;&amp; Name='Lookup...'"
\0&lt;/a&gt;
W, 3504, 9, 2013/05/23, 18:16:47.912, 2883675167794, QTAgent32.exe, &lt;a class=success&gt;Playback - {64} [SUCCESS] MouseButtonClick - "[MSAA, VisibleOnly]ControlType='Button' &amp;&amp; Name='Ok'"
\0&lt;/a&gt;
W, 3504, 9, 2013/05/23, 18:16:48.185, 2883679067624, QTAgent32.exe, &lt;a class=success&gt;Playback - {65} [SUCCESS] MouseButtonClick - "[MSAA, VisibleOnly]ControlType='Button' &amp;&amp; Name='Next &gt;'"
\0&lt;/a&gt;
W, 3504, 9, 2013/05/23, 18:16:49.367, 2883696003656, QTAgent32.exe, &lt;a class=success&gt;Playback - {66} [SUCCESS] SetValueAsEditBox "1989" - "[MSAA, VisibleOnly]ControlType='Edit'"  &lt; Set via SendKeys &gt;
\0&lt;/a&gt;
W, 3504, 9, 2013/05/23, 18:16:49.624, 2883699684549, QTAgent32.exe, &lt;a class=success&gt;Playback - {67} [SUCCESS] MouseButtonClick - "[MSAA, VisibleOnly]ControlType='Button' &amp;&amp; Name='Next &gt;'"
\0&lt;/a&gt;
W, 3504, 9, 2013/05/23, 18:16:49.864, 2883703117311, QTAgent32.exe, &lt;a class=success&gt;Playback - {68} [SUCCESS] MouseButtonClick - "[MSAA, VisibleOnly]ControlType='Button' &amp;&amp; Name='Next &gt;'"
\0&lt;/a&gt;
W, 3504, 9, 2013/05/23, 18:16:50.081, 2883706218732, QTAgent32.exe, &lt;a class=success&gt;Playback - {69} [SUCCESS] MouseButtonClick - "[MSAA, VisibleOnly]ControlType='Button' &amp;&amp; Name='Next &gt;'"
\0&lt;/a&gt;
W, 3504, 9, 2013/05/23, 18:16:51.140, 2883721384707, QTAgent32.exe, &lt;a class=success&gt;Playback - {70} [SUCCESS] SetValueAsEditBox "2345" - "[MSAA, VisibleOnly]ControlType='Edit'"  &lt; Set via SendKeys &gt;
\0&lt;/a&gt;
W, 3504, 9, 2013/05/23, 18:16:52.233, 2883737036665, QTAgent32.exe, &lt;a class=success&gt;Playback - {71} [SUCCESS] SetValueAsEditBox "2000" - "[MSAA, VisibleOnly]ControlType='Edit'"  &lt; Set via SendKeys &gt;
\0&lt;/a&gt;
W, 3504, 9, 2013/05/23, 18:16:53.394, 2883753658391, QTAgent32.exe, &lt;a class=success&gt;Playback - {72} [SUCCESS] SetValueAsEditBox "2000" - "[MSAA, VisibleOnly]ControlType='Edit'"  &lt; Set via SendKeys &gt;
\0&lt;/a&gt;
W, 3504, 9, 2013/05/23, 18:16:53.615, 2883756825559, QTAgent32.exe, &lt;a class=success&gt;Playback - {73} [SUCCESS] MouseButtonClick - "[MSAA, VisibleOnly]ControlType='Button' &amp;&amp; Name='Next &gt;'"
\0&lt;/a&gt;
W, 3504, 9, 2013/05/23, 18:16:54.719, 2883772636041, QTAgent32.exe, &lt;a class=success&gt;Playback - {74} [SUCCESS] SetValueAsEditBox "2345" - "[MSAA, VisibleOnly]ControlType='Edit'"  &lt; Set via SendKeys &gt;
\0&lt;/a&gt;
W, 3504, 9, 2013/05/23, 18:16:54.975, 2883776295959, QTAgent32.exe, &lt;a class=success&gt;Playback - {75} [SUCCESS] MouseButtonClick - "[MSAA, VisibleOnly]ControlType='Button' &amp;&amp; Name='Next &gt;'"
\0&lt;/a&gt;
W, 3504, 9, 2013/05/23, 18:16:55.234, 2883780014743, QTAgent32.exe, &lt;a class=success&gt;Playback - {76} [SUCCESS] MouseButtonClick - "[MSAA, VisibleOnly]ControlType='Button' &amp;&amp; Name='Next &gt;'"
\0&lt;/a&gt;
W, 3504, 9, 2013/05/23, 18:16:55.614, 2883785454041, QTAgent32.exe, &lt;a class=success&gt;Playback - {77} [SUCCESS] MouseButtonClick - "[MSAA, VisibleOnly]ControlType='Button' &amp;&amp; Name='Quote'"
\0&lt;/a&gt;
W, 3504, 9, 2013/05/23, 18:16:55.876, 2883789189290, QTAgent32.exe, &lt;a class=success&gt;Playback - {78} [SUCCESS] MouseButtonClick - "[MSAA, VisibleOnly]ControlType='Button' &amp;&amp; Name='No'"
\0&lt;/a&gt;
W, 3504, 9, 2013/05/23, 18:16:56.330, 2883795701610, QTAgent32.exe, &lt;a class=success&gt;Playback - {79} [SUCCESS] MouseButtonClick - "[MSAA, VisibleOnly]ControlType='Button' &amp;&amp; Name='Ok'"
\0&lt;/a&gt;
W, 3504, 9, 2013/05/23, 18:17:03.904, 2883904134938, QTAgent32.exe, PERF WARNING: FindTopLevelWindowHelper::FindAllDescendents: took 7472 ms. Expected it to take maximum 500 ms.
W, 3504, 9, 2013/05/23, 18:17:04.047, 2883906193706, QTAgent32.exe, &lt;a class=success&gt;Playback - {80} [SUCCESS] MouseButtonClick - "[MSAA, VisibleOnly]ControlType='Client'"
\0&lt;/a&gt;
W, 3504, 9, 2013/05/23, 18:17:06.041, 2883934737906, QTAgent32.exe, &lt;a class=success&gt;Playback - {81} [SUCCESS] SendKeys "{End}" - "[MSAA, VisibleOnly]ControlType='Client'"
\0&lt;/a&gt;
W, 3504, 9, 2013/05/23, 18:17:06.480, 2883941032605, QTAgent32.exe, &lt;a class=success&gt;Playback - {82} [SUCCESS] MouseButtonClick - "[MSAA, VisibleOnly]ControlType='Button' &amp;&amp; Name='Accept'"
\0&lt;/a&gt;
W, 3504, 9, 2013/05/23, 18:17:08.718, 2883973071648, QTAgent32.exe, &lt;a class=success&gt;Playback - {83} [SUCCESS] MouseButtonClick - "[MSAA, VisibleOnly]ControlType='Button' &amp;&amp; Name='Yes'"
\0&lt;/a&gt;
W, 3504, 9, 2013/05/23, 18:17:22.155, 2884165468960, QTAgent32.exe, Playback - [WARNING] Internal warning: Window Not Found: [VisibleOnly]ControlType='Window' &amp;&amp; Name='Broker Add-ons' &amp;&amp; ClassName='ThunderRT6FormDC'
\0
E, 3504, 9, 2013/05/23, 18:17:22.156, 2884165475582, QTAgent32.exe, &lt;a class=failure&gt;Playback - {84} [FAILED] Function ElementFetcher::FindScreenElement failed to locate UI element (Searching: ;[VisibleOnly]ControlType='Window' &amp;&amp; Name='Broker Add-ons' &amp;&amp; ClassName='ThunderRT6FormDC') (The object specified was not found.)
\0&lt;/a&gt;
E, 3504, 9, 2013/05/23, 18:17:22.302, 2884167578135, QTAgent32.exe, Playback - [IMAGE] C:\Users\testuser\AppData\Local\Temp\UITestLogs\LastRun\RPFA434.png
\0
W, 3504, 9, 2013/05/23, 18:17:22.303, 2884167586905, QTAgent32.exe, Playback - [WARNING] Internal warning: Couldn't find descendants that match QueryId
\0
W, 3504, 9, 2013/05/23, 18:17:22.304, 2884167597053, QTAgent32.exe, PERF WARNING: FindTopLevelWindowHelper::FindAllDescendents: took 13424 ms. Expected it to take maximum 500 ms.
W, 3504, 9, 2013/05/23, 18:17:41.956, 2884448981339, QTAgent32.exe, Playback - [WARNING] Internal warning: Window Not Found: [VisibleOnly]ControlType='Window' &amp;&amp; Name='Broker Add-ons' &amp;&amp; ClassName='ThunderRT6FormDC'
\0
E, 3504, 9, 2013/05/23, 18:17:41.957, 2884448989991, QTAgent32.exe, &lt;a class=failure&gt;Playback - {85} [FAILED] Function ElementFetcher::FindScreenElement failed to locate UI element (Searching: ;[VisibleOnly]ControlType='Window' &amp;&amp; Name='Broker Add-ons' &amp;&amp; ClassName='ThunderRT6FormDC') (The object specified was not found.)
\0&lt;/a&gt;
E, 3504, 9, 2013/05/23, 18:17:42.050, 2884450326190, QTAgent32.exe, Playback - [IMAGE] C:\Users\testuser\AppData\Local\Temp\UITestLogs\LastRun\RPFF189.png
\0
W, 3504, 9, 2013/05/23, 18:17:42.050, 2884450329422, QTAgent32.exe, Playback - [WARNING] Internal warning: Couldn't find descendants that match QueryId
\0
W, 3504, 9, 2013/05/23, 18:17:42.051, 2884450336895, QTAgent32.exe, PERF WARNING: FindTopLevelWindowHelper::FindAllDescendents: took 19746 ms. Expected it to take maximum 500 ms.
W, 3504, 9, 2013/05/23, 18:17:44.810, 2884489838462, QTAgent32.exe, Playback - [WARNING] Internal warning: Smart Match failed
\0
W, 3504, 9, 2013/05/23, 18:17:46.209, 2884509881888, QTAgent32.exe, Playback - [WARNING] Internal warning: Window Not Found: [VisibleOnly]ControlType='Window' &amp;&amp; Name='Broker Add-ons' &amp;&amp; ClassName='ThunderRT6FormDC'
\0
E, 3504, 9, 2013/05/23, 18:17:46.210, 2884509886399, QTAgent32.exe, &lt;a class=failure&gt;Playback - {86} [FAILED] Function ElementFetcher::FindScreenElement failed to locate UI element (Searching: ;[VisibleOnly]ControlType='Window' &amp;&amp; Name='Broker Add-ons' &amp;&amp; ClassName='ThunderRT6FormDC') (The object specified was not found.)
\0&lt;/a&gt;
E, 3504, 9, 2013/05/23, 18:17:46.291, 2884511048411, QTAgent32.exe, Playback - [IMAGE] C:\Users\testuser\AppData\Local\Temp\UITestLogs\LastRun\RPF21E.png
\0
W, 3504, 9, 2013/05/23, 18:17:46.291, 2884511051307, QTAgent32.exe, Playback - [WARNING] Internal warning: Couldn't find descendants that match QueryId
\0
W, 3504, 9, 2013/05/23, 18:17:46.291, 2884511055411, QTAgent32.exe, PERF WARNING: FindTopLevelWindowHelper::FindAllDescendents: took 4240 ms. Expected it to take maximum 500 ms.
E, 3504, 9, 2013/05/23, 18:17:46.291, 2884511057549, QTAgent32.exe, Exception: System.Runtime.InteropServices.COMException
	Message: Error HRESULT E_FAIL has been returned from a call to a COM component.
	Stack Trace:    at Microsoft.VisualStudio.TestTools.UITest.Playback.Engine.IRPFPlayback.FindAllScreenElements(IScreenElement pScreenElementStart, String bstrQueryId, Object&amp; pvarResKeys, Int32 cResKeys, Int32 nMaxDepth, Object[]&amp; foundDescendants)
   at Microsoft.VisualStudio.TestTools.UITest.Playback.ScreenElement.FindTopLevelWindowHelper(String queryId)
	BaseExceptionMessage: Error HRESULT E_FAIL has been returned from a call to a COM component.

E, 3504, 9, 2013/05/23, 18:17:46.393, 2884512513724, QTAgent32.exe, AL: Playback Error: Microsoft.VisualStudio.TestTools.UITest.Extension.UITestControlNotFoundException: The playback failed to find the control with the given search properties. Additional Details: 
TechnologyName:  'MSAA'
ControlType:  'Window'
Name:  'Broker Add-ons'
ClassName:  'ThunderRT6FormDC'
 ---&gt; System.Runtime.InteropServices.COMException: Error HRESULT E_FAIL has been returned from a call to a COM component.
   at Microsoft.VisualStudio.TestTools.UITest.Playback.Engine.IRPFPlayback.FindAllScreenElements(IScreenElement pScreenElementStart, String bstrQueryId, Object&amp; pvarResKeys, Int32 cResKeys, Int32 nMaxDepth, Object[]&amp; foundDescendants)
   at Microsoft.VisualStudio.TestTools.UITest.Playback.ScreenElement.FindTopLevelWindowHelper(String queryId)
   at Microsoft.VisualStudio.TestTools.UITest.Playback.ScreenElement.FindFromPartialQueryId(String queryId)
   at Microsoft.VisualStudio.TestTools.UITesting.UITestControl..ctor(String queryId)
   --- End of inner exception stack trace ---
   at Microsoft.VisualStudio.TestTools.UITesting.Playback.MapControlNotFoundException(COMException ex, IPlaybackContext context)
   at Microsoft.VisualStudio.TestTools.UITesting.Playback.MapAndThrowComException(COMException innerException, IPlaybackContext context)
   at Microsoft.VisualStudio.TestTools.UITesting.Playback.MapAndThrowException(SystemException exception, IPlaybackContext context)
   at Microsoft.VisualStudio.TestTools.UITesting.Playback.MapAndThrowException(SystemException exception, String queryId)
   at Microsoft.VisualStudio.TestTools.UITesting.UITestControl..ctor(String queryId)
   at Microsoft.VisualStudio.TestTools.UITesting.SearchHelper.SearchTopLevelWindow(ISearchArgument topLevelSearchArg, String topLevelElementQueryId)
   at Microsoft.VisualStudio.TestTools.UITesting.SearchHelper.GetTitleUpdatedTopLevelWindow(ISearchArgument topLevelSearchArg, String queryId, IList`1 windowTitles)
   at Microsoft.VisualStudio.TestTools.UITesting.SearchHelper.GetTopLevelElement(Boolean useCache, Boolean useCacheOnly, ISearchArgument searchArg, IList`1 windowTitles, Int32&amp; timeLeft)
   at Microsoft.VisualStudio.TestTools.UITesting.SearchHelper.GetElement(Boolean useCache, ISearchArgument searchArg)
   at Microsoft.VisualStudio.TestTools.UITesting.SearchHelper.Search(ISearchArgument searchArg)
   at Microsoft.VisualStudio.TestTools.UITesting.UITestControl.FindInternal()
   at Microsoft.VisualStudio.TestTools.UITesting.UITestControl.FindControlIfNecessary()
   at Microsoft.VisualStudio.TestTools.UITesting.UITestControl.Click(MouseButtons button, ModifierKeys modifierKeys, Point relativeCoordinates)
   at Microsoft.VisualStudio.TestTools.UITesting.Mouse.ClickImplementation(UITestControl control, MouseButtons button, ModifierKeys modifierKeys, Point relativeCoordinate)
   at Microsoft.VisualStudio.TestTools.UITesting.Mouse.ClickImplementationWrapper(UITestControl control, MouseButtons button, ModifierKeys modifierKeys, Point relativeCoordinate)
W, 3504, 9, 2013/05/23, 18:17:46.393, 2884512517580, QTAgent32.exe, PlaybackErrorHandler: Ignoring exception as ContinueOnError is set.
W, 3504, 9, 2013/05/23, 18:17:54.102, 2884622896133, QTAgent32.exe, Playback - [WARNING] Internal warning: Window Not Found: [VisibleOnly]ControlType='Window' &amp;&amp; Name='Save the file as' &amp;&amp; ClassName='#32770'
\0
E, 3504, 9, 2013/05/23, 18:17:54.103, 2884622901739, QTAgent32.exe, &lt;a class=failure&gt;Playback - {87} [FAILED] Function ElementFetcher::FindScreenElement failed to locate UI element (Searching: ;[VisibleOnly]ControlType='Window' &amp;&amp; Name='Save the file as' &amp;&amp; ClassName='#32770') (The object specified was not found.)
\0&lt;/a&gt;
E, 3504, 9, 2013/05/23, 18:17:54.184, 2884624057672, QTAgent32.exe, Playback - [IMAGE] C:\Users\testuser\AppData\Local\Temp\UITestLogs\LastRun\RPF20F4.png
\0
W, 3504, 9, 2013/05/23, 18:17:54.184, 2884624060026, QTAgent32.exe, Playback - [WARNING] Internal warning: Couldn't find descendants that match QueryId
\0
W, 3504, 9, 2013/05/23, 18:17:54.184, 2884624064013, QTAgent32.exe, PERF WARNING: FindTopLevelWindowHelper::FindAllDescendents: took 7789 ms. Expected it to take maximum 500 ms.
W, 3504, 9, 2013/05/23, 18:18:13.370, 2884898766407, QTAgent32.exe, Playback - [WARNING] Internal warning: Window Not Found: [VisibleOnly]ControlType='Window' &amp;&amp; Name='Save the file as' &amp;&amp; ClassName='#32770'
\0
E, 3504, 9, 2013/05/23, 18:18:13.370, 2884898774121, QTAgent32.exe, &lt;a class=failure&gt;Playback - {88} [FAILED] Function ElementFetcher::FindScreenElement failed to locate UI element (Searching: ;[VisibleOnly]ControlType='Window' &amp;&amp; Name='Save the file as' &amp;&amp; ClassName='#32770') (The object specified was not found.)
\0&lt;/a&gt;
E, 3504, 9, 2013/05/23, 18:18:13.451, 2884899928730, QTAgent32.exe, Playback - [IMAGE] C:\Users\testuser\AppData\Local\Temp\UITestLogs\LastRun\RPF6C47.png
\0
W, 3504, 9, 2013/05/23, 18:18:13.451, 2884899931355, QTAgent32.exe, Playback - [WARNING] Internal warning: Couldn't find descendants that match QueryId
\0
W, 3504, 9, 2013/05/23, 18:18:13.452, 2884899939687, QTAgent32.exe, PERF WARNING: FindTopLevelWindowHelper::FindAllDescendents: took 19267 ms. Expected it to take maximum 500 ms.
W, 3504, 9, 2013/05/23, 18:18:16.100, 2884937859806, QTAgent32.exe, Playback - [WARNING] Internal warning: Smart Match failed
\0
W, 3504, 9, 2013/05/23, 18:18:17.494, 2884957826968, QTAgent32.exe, Playback - [WARNING] Internal warning: Window Not Found: [VisibleOnly]ControlType='Window' &amp;&amp; Name='Save the file as' &amp;&amp; ClassName='#32770'
\0
E, 3504, 9, 2013/05/23, 18:18:17.495, 2884957831194, QTAgent32.exe, &lt;a class=failure&gt;Playback - {89} [FAILED] Function ElementFetcher::FindScreenElement failed to locate UI element (Searching: ;[VisibleOnly]ControlType='Window' &amp;&amp; Name='Save the file as' &amp;&amp; ClassName='#32770') (The object specified was not found.)
\0&lt;/a&gt;
E, 3504, 9, 2013/05/23, 18:18:17.575, 2884958984377, QTAgent32.exe, Playback - [IMAGE] C:\Users\testuser\AppData\Local\Temp\UITestLogs\LastRun\RPF7C5E.png
\0
W, 3504, 9, 2013/05/23, 18:18:17.575, 2884958986856, QTAgent32.exe, Playback - [WARNING] Internal warning: Couldn't find descendants that match QueryId
\0
W, 3504, 9, 2013/05/23, 18:18:17.576, 2884958990723, QTAgent32.exe, PERF WARNING: FindTopLevelWindowHelper::FindAllDescendents: took 4123 ms. Expected it to take maximum 500 ms.
E, 3504, 9, 2013/05/23, 18:18:17.576, 2884958992760, QTAgent32.exe, Exception: System.Runtime.InteropServices.COMException
	Message: Error HRESULT E_FAIL has been returned from a call to a COM component.
	Stack Trace:    at Microsoft.VisualStudio.TestTools.UITest.Playback.Engine.IRPFPlayback.FindAllScreenElements(IScreenElement pScreenElementStart, String bstrQueryId, Object&amp; pvarResKeys, Int32 cResKeys, Int32 nMaxDepth, Object[]&amp; foundDescendants)
   at Microsoft.VisualStudio.TestTools.UITest.Playback.ScreenElement.FindTopLevelWindowHelper(String queryId)
	BaseExceptionMessage: Error HRESULT E_FAIL has been returned from a call to a COM component.

E, 3504, 9, 2013/05/23, 18:18:17.677, 2884960434781, QTAgent32.exe, AL: Playback Error: Microsoft.VisualStudio.TestTools.UITest.Extension.UITestControlNotFoundException: The playback failed to find the control with the given search properties. Additional Details: 
TechnologyName:  'MSAA'
ControlType:  'Window'
Name:  'Save the file as'
ClassName:  '#32770'
 ---&gt; System.Runtime.InteropServices.COMException: Error HRESULT E_FAIL has been returned from a call to a COM component.
   at Microsoft.VisualStudio.TestTools.UITest.Playback.Engine.IRPFPlayback.FindAllScreenElements(IScreenElement pScreenElementStart, String bstrQueryId, Object&amp; pvarResKeys, Int32 cResKeys, Int32 nMaxDepth, Object[]&amp; foundDescendants)
   at Microsoft.VisualStudio.TestTools.UITest.Playback.ScreenElement.FindTopLevelWindowHelper(String queryId)
   at Microsoft.VisualStudio.TestTools.UITest.Playback.ScreenElement.FindFromPartialQueryId(String queryId)
   at Microsoft.VisualStudio.TestTools.UITesting.UITestControl..ctor(String queryId)
   --- End of inner exception stack trace ---
   at Microsoft.VisualStudio.TestTools.UITesting.Playback.MapControlNotFoundException(COMException ex, IPlaybackContext context)
   at Microsoft.VisualStudio.TestTools.UITesting.Playback.MapAndThrowComException(COMException innerException, IPlaybackContext context)
   at Microsoft.VisualStudio.TestTools.UITesting.Playback.MapAndThrowException(SystemException exception, IPlaybackContext context)
   at Microsoft.VisualStudio.TestTools.UITesting.Playback.MapAndThrowException(SystemException exception, String queryId)
   at Microsoft.VisualStudio.TestTools.UITesting.UITestControl..ctor(String queryId)
   at Microsoft.VisualStudio.TestTools.UITesting.SearchHelper.SearchTopLevelWindow(ISearchArgument topLevelSearchArg, String topLevelElementQueryId)
   at Microsoft.VisualStudio.TestTools.UITesting.SearchHelper.GetTitleUpdatedTopLevelWindow(ISearchArgument topLevelSearchArg, String queryId, IList`1 windowTitles)
   at Microsoft.VisualStudio.TestTools.UITesting.SearchHelper.GetTopLevelElement(Boolean useCache, Boolean useCacheOnly, ISearchArgument searchArg, IList`1 windowTitles, Int32&amp; timeLeft)
   at Microsoft.VisualStudio.TestTools.UITesting.SearchHelper.GetElement(Boolean useCache, ISearchArgument searchArg)
   at Microsoft.VisualStudio.TestTools.UITesting.SearchHelper.Search(ISearchArgument searchArg)
   at Microsoft.VisualStudio.TestTools.UITesting.UITestControl.FindInternal()
   at Microsoft.VisualStudio.TestTools.UITesting.UITestControl.FindControlIfNecessary()
   at Microsoft.VisualStudio.TestTools.UITesting.UITestControl.Click(MouseButtons button, ModifierKeys modifierKeys, Point relativeCoordinates)
   at Microsoft.VisualStudio.TestTools.UITesting.Mouse.ClickImplementation(UITestControl control, MouseButtons button, ModifierKeys modifierKeys, Point relativeCoordinate)
   at Microsoft.VisualStudio.TestTools.UITesting.Mouse.ClickImplementationWrapper(UITestControl control, MouseButtons button, ModifierKeys modifierKeys, Point relativeCoordinate)
W, 3504, 9, 2013/05/23, 18:18:17.677, 2884960439856, QTAgent32.exe, PlaybackErrorHandler: Ignoring exception as ContinueOnError is set.
W, 3504, 9, 2013/05/23, 18:18:25.202, 2885068192334, QTAgent32.exe, Playback - [WARNING] Internal warning: Window Not Found: [VisibleOnly]ControlType='Window' &amp;&amp; Name='Personal Lines' &amp;&amp; ClassName='#32770'
\0
E, 3504, 9, 2013/05/23, 18:18:25.203, 2885068197239, QTAgent32.exe, &lt;a class=failure&gt;Playback - {90} [FAILED] Function ElementFetcher::FindScreenElement failed to locate UI element (Searching: ;[VisibleOnly]ControlType='Window' &amp;&amp; Name='Personal Lines' &amp;&amp; ClassName='#32770') (The object specified was not found.)
\0&lt;/a&gt;
E, 3504, 9, 2013/05/23, 18:18:25.293, 2885069483193, QTAgent32.exe, Playback - [IMAGE] C:\Users\testuser\AppData\Local\Temp\UITestLogs\LastRun\RPF9A7A.png
\0
W, 3504, 9, 2013/05/23, 18:18:25.293, 2885069485676, QTAgent32.exe, Playback - [WARNING] Internal warning: Couldn't find descendants that match QueryId
\0
W, 3504, 9, 2013/05/23, 18:18:25.293, 2885069490329, QTAgent32.exe, PERF WARNING: FindTopLevelWindowHelper::FindAllDescendents: took 7615 ms. Expected it to take maximum 500 ms.
W, 3504, 9, 2013/05/23, 18:18:44.582, 2885345664520, QTAgent32.exe, Playback - [WARNING] Internal warning: Window Not Found: [VisibleOnly]ControlType='Window' &amp;&amp; Name='Personal Lines' &amp;&amp; ClassName='#32770'
\0
E, 3504, 9, 2013/05/23, 18:18:44.582, 2885345671257, QTAgent32.exe, &lt;a class=failure&gt;Playback - {91} [FAILED] Function ElementFetcher::FindScreenElement failed to locate UI element (Searching: ;[VisibleOnly]ControlType='Window' &amp;&amp; Name='Personal Lines' &amp;&amp; ClassName='#32770') (The object specified was not found.)
\0&lt;/a&gt;
E, 3504, 9, 2013/05/23, 18:18:44.664, 2885346842265, QTAgent32.exe, Playback - [IMAGE] C:\Users\testuser\AppData\Local\Temp\UITestLogs\LastRun\RPFE62A.png
\0
W, 3504, 9, 2013/05/23, 18:18:44.664, 2885346844558, QTAgent32.exe, Playback - [WARNING] Internal warning: Couldn't find descendants that match QueryId
\0
W, 3504, 9, 2013/05/23, 18:18:44.664, 2885346848502, QTAgent32.exe, PERF WARNING: FindTopLevelWindowHelper::FindAllDescendents: took 19370 ms. Expected it to take maximum 500 ms.
W, 3504, 9, 2013/05/23, 18:18:47.307, 2885384691793, QTAgent32.exe, Playback - [WARNING] Internal warning: Smart Match failed
\0
W, 3504, 9, 2013/05/23, 18:18:48.672, 2885404238778, QTAgent32.exe, Playback - [WARNING] Internal warning: Window Not Found: [VisibleOnly]ControlType='Window' &amp;&amp; Name='Personal Lines' &amp;&amp; ClassName='#32770'
\0
E, 3504, 9, 2013/05/23, 18:18:48.673, 2885404242840, QTAgent32.exe, &lt;a class=failure&gt;Playback - {92} [FAILED] Function ElementFetcher::FindScreenElement failed to locate UI element (Searching: ;[VisibleOnly]ControlType='Window' &amp;&amp; Name='Personal Lines' &amp;&amp; ClassName='#32770') (The object specified was not found.)
\0&lt;/a&gt;
E, 3504, 9, 2013/05/23, 18:18:48.752, 2885405375841, QTAgent32.exe, Playback - [IMAGE] C:\Users\testuser\AppData\Local\Temp\UITestLogs\LastRun\RPFF622.png
\0
W, 3504, 9, 2013/05/23, 18:18:48.752, 2885405379042, QTAgent32.exe, Playback - [WARNING] Internal warning: Couldn't find descendants that match QueryId
\0
W, 3504, 9, 2013/05/23, 18:18:48.752, 2885405382070, QTAgent32.exe, PERF WARNING: FindTopLevelWindowHelper::FindAllDescendents: took 4087 ms. Expected it to take maximum 500 ms.
E, 3504, 9, 2013/05/23, 18:18:48.752, 2885405383977, QTAgent32.exe, Exception: System.Runtime.InteropServices.COMException
	Message: Error HRESULT E_FAIL has been returned from a call to a COM component.
	Stack Trace:    at Microsoft.VisualStudio.TestTools.UITest.Playback.Engine.IRPFPlayback.FindAllScreenElements(IScreenElement pScreenElementStart, String bstrQueryId, Object&amp; pvarResKeys, Int32 cResKeys, Int32 nMaxDepth, Object[]&amp; foundDescendants)
   at Microsoft.VisualStudio.TestTools.UITest.Playback.ScreenElement.FindTopLevelWindowHelper(String queryId)
	BaseExceptionMessage: Error HRESULT E_FAIL has been returned from a call to a COM component.

E, 3504, 9, 2013/05/23, 18:18:48.753, 2885405388055, QTAgent32.exe, Window 1247742 not responding. Last Win32 error 0
E, 3504, 9, 2013/05/23, 18:18:48.753, 2885405389557, QTAgent32.exe, GetClassName for handle 1247742 failed
E, 3504, 9, 2013/05/23, 18:18:48.853, 2885406831152, QTAgent32.exe, AL: Playback Error: Microsoft.VisualStudio.TestTools.UITest.Extension.UITestControlNotAvailableException: The control is not available or not valid. Additional Details: 
TechnologyName:  'MSAA'
Name:  'Personal Lines'
ClassName:  '#32770'
ControlType:  'Window'
 ---&gt; System.Runtime.InteropServices.COMException: Error HRESULT E_FAIL has been returned from a call to a COM component.
   at Microsoft.VisualStudio.TestTools.UITest.Playback.Engine.IRPFPlayback.FindAllScreenElements(IScreenElement pScreenElementStart, String bstrQueryId, Object&amp; pvarResKeys, Int32 cResKeys, Int32 nMaxDepth, Object[]&amp; foundDescendants)
   at Microsoft.VisualStudio.TestTools.UITest.Playback.ScreenElement.FindTopLevelWindowHelper(String queryId)
   at Microsoft.VisualStudio.TestTools.UITest.Playback.ScreenElement.FindFromPartialQueryId(String queryId)
   at Microsoft.VisualStudio.TestTools.UITesting.UITestControl.EnsureValid(Boolean waitForReady, Boolean refetch)
   --- End of inner exception stack trace ---
   at Microsoft.VisualStudio.TestTools.UITesting.UITestControl.EnsureValid(Boolean waitForReady, Boolean refetch)
   at Microsoft.VisualStudio.TestTools.UITesting.UITestControl.FindFirstDescendant(String queryId, Int32 maxDepth, Int32&amp; timeLeft)
   at Microsoft.VisualStudio.TestTools.UITesting.SearchHelper.GetElement(Boolean useCache, ISearchArgument searchArg)
   at Microsoft.VisualStudio.TestTools.UITesting.SearchHelper.Search(ISearchArgument searchArg)
   at Microsoft.VisualStudio.TestTools.UITesting.UITestControl.FindInternal()
   at Microsoft.VisualStudio.TestTools.UITesting.UITestControl.FindControlIfNecessary()
   at Microsoft.VisualStudio.TestTools.UITesting.UITestControl.Click(MouseButtons button, ModifierKeys modifierKeys, Point relativeCoordinates)
   at Microsoft.VisualStudio.TestTools.UITesting.Mouse.ClickImplementation(UITestControl control, MouseButtons button, ModifierKeys modifierKeys, Point relativeCoordinate)
   at Microsoft.VisualStudio.TestTools.UITesting.Mouse.ClickImplementationWrapper(UITestControl control, MouseButtons button, ModifierKeys modifierKeys, Point relativeCoordinate)
W, 3504, 9, 2013/05/23, 18:18:48.854, 2885406834932, QTAgent32.exe, PlaybackErrorHandler: Ignoring exception as ContinueOnError is set.
W, 3504, 9, 2013/05/23, 18:18:49.166, 2885411308452, QTAgent32.exe, &lt;a class=success&gt;Playback - {93} [SUCCESS] MouseButtonClick - "[MSAA, VisibleOnly]ControlType='Button' &amp;&amp; Name='Ok'"
\0&lt;/a&gt;
W, 3504, 9, 2013/05/23, 18:18:49.461, 2885415524440, QTAgent32.exe, &lt;a class=success&gt;Playback - {94} [SUCCESS] MouseButtonClick - "[MSAA, VisibleOnly]ControlType='Button' &amp;&amp; Name='Ok'"
\0&lt;/a&gt;
W, 3504, 9, 2013/05/23, 18:18:51.646, 2885446817895, QTAgent32.exe, &lt;a class=success&gt;Playback - {95} [SUCCESS] SetValueAsEditBox "B338TH" - "[MSAA, VisibleOnly]ControlType='Edit'"  &lt; Set via SendKeys &gt;
\0&lt;/a&gt;
W, 3504, 9, 2013/05/23, 18:18:53.889, 2885478921658, QTAgent32.exe, &lt;a class=success&gt;Playback - {96} [SUCCESS] MouseButtonClick - "[MSAA, VisibleOnly]ControlType='Button' &amp;&amp; Name='Lookup...'"
\0&lt;/a&gt;
W, 3504, 9, 2013/05/23, 18:18:54.142, 2885482546407, QTAgent32.exe, &lt;a class=success&gt;Playback - {97} [SUCCESS] MouseButtonClick - "[MSAA, VisibleOnly]ControlType='Button' &amp;&amp; Name='Ok'"
\0&lt;/a&gt;
W, 3504, 9, 2013/05/23, 18:18:54.448, 2885486931529, QTAgent32.exe, &lt;a class=success&gt;Playback - {98} [SUCCESS] MouseButtonClick - "[MSAA, VisibleOnly]ControlType='Button' &amp;&amp; Name='Confirm'"
\0&lt;/a&gt;
W, 3504, 9, 2013/05/23, 18:19:12.227, 2885741502806, QTAgent32.exe, Playback - [WARNING] Internal warning: Window Not Found: [VisibleOnly]ControlType='Window' &amp;&amp; Name='Personal Lines' &amp;&amp; ClassName='#32770'
\0
E, 3504, 9, 2013/05/23, 18:19:12.228, 2885741510314, QTAgent32.exe, &lt;a class=failure&gt;Playback - {99} [FAILED] Function ElementFetcher::FindScreenElement failed to locate UI element (Searching: ;[VisibleOnly]ControlType='Window' &amp;&amp; Name='Personal Lines' &amp;&amp; ClassName='#32770') (The object specified was not found.)
\0&lt;/a&gt;
E, 3504, 9, 2013/05/23, 18:19:12.309, 2885742676563, QTAgent32.exe, Playback - [IMAGE] C:\Users\testuser\AppData\Local\Temp\UITestLogs\LastRun\RPF5228.png
\0
W, 3504, 9, 2013/05/23, 18:19:12.310, 2885742679104, QTAgent32.exe, Playback - [WARNING] Internal warning: Couldn't find descendants that match QueryId
\0
W, 3504, 9, 2013/05/23, 18:19:12.310, 2885742686682, QTAgent32.exe, PERF WARNING: FindTopLevelWindowHelper::FindAllDescendents: took 17762 ms. Expected it to take maximum 500 ms.
W, 3504, 9, 2013/05/23, 18:19:33.008, 2886039043389, QTAgent32.exe, Playback - [WARNING] Internal warning: Window Not Found: [VisibleOnly]ControlType='Window' &amp;&amp; Name='Personal Lines' &amp;&amp; ClassName='#32770'
\0
E, 3504, 9, 2013/05/23, 18:19:33.008, 2886039049574, QTAgent32.exe, &lt;a class=failure&gt;Playback - {100} [FAILED] Function ElementFetcher::FindScreenElement failed to locate UI element (Searching: ;[VisibleOnly]ControlType='Window' &amp;&amp; Name='Personal Lines' &amp;&amp; ClassName='#32770') (The object specified was not found.)
\0&lt;/a&gt;
E, 3504, 9, 2013/05/23, 18:19:33.093, 2886040256608, QTAgent32.exe, Playback - [IMAGE] C:\Users\testuser\AppData\Local\Temp\UITestLogs\LastRun\RPFA364.png
\0
W, 3504, 9, 2013/05/23, 18:19:33.093, 2886040258999, QTAgent32.exe, Playback - [WARNING] Internal warning: Couldn't find descendants that match QueryId
\0
W, 3504, 9, 2013/05/23, 18:19:33.093, 2886040264999, QTAgent32.exe, PERF WARNING: FindTopLevelWindowHelper::FindAllDescendents: took 20782 ms. Expected it to take maximum 500 ms.
W, 3504, 9, 2013/05/23, 18:19:37.209, 2886099190668, QTAgent32.exe, Playback - [WARNING] Internal warning: Smart Match failed
\0
W, 3504, 9, 2013/05/23, 18:19:39.410, 2886130704097, QTAgent32.exe, Playback - [WARNING] Internal warning: Window Not Found: [VisibleOnly]ControlType='Window' &amp;&amp; Name='Personal Lines' &amp;&amp; ClassName='#32770'
\0
E, 3504, 9, 2013/05/23, 18:19:39.410, 2886130708876, QTAgent32.exe, &lt;a class=failure&gt;Playback - {101} [FAILED] Function ElementFetcher::FindScreenElement failed to locate UI element (Searching: ;[VisibleOnly]ControlType='Window' &amp;&amp; Name='Personal Lines' &amp;&amp; ClassName='#32770') (The object specified was not found.)
\0&lt;/a&gt;
E, 3504, 9, 2013/05/23, 18:19:39.500, 2886131991176, QTAgent32.exe, Playback - [IMAGE] C:\Users\testuser\AppData\Local\Temp\UITestLogs\LastRun\RPFBC61.png
\0
W, 3504, 9, 2013/05/23, 18:19:39.500, 2886131993715, QTAgent32.exe, Playback - [WARNING] Internal warning: Couldn't find descendants that match QueryId
\0
W, 3504, 9, 2013/05/23, 18:19:39.500, 2886131997421, QTAgent32.exe, PERF WARNING: FindTopLevelWindowHelper::FindAllDescendents: took 6406 ms. Expected it to take maximum 500 ms.
E, 3504, 9, 2013/05/23, 18:19:39.500, 2886131999500, QTAgent32.exe, Exception: System.Runtime.InteropServices.COMException
	Message: Error HRESULT E_FAIL has been returned from a call to a COM component.
	Stack Trace:    at Microsoft.VisualStudio.TestTools.UITest.Playback.Engine.IRPFPlayback.FindAllScreenElements(IScreenElement pScreenElementStart, String bstrQueryId, Object&amp; pvarResKeys, Int32 cResKeys, Int32 nMaxDepth, Object[]&amp; foundDescendants)
   at Microsoft.VisualStudio.TestTools.UITest.Playback.ScreenElement.FindTopLevelWindowHelper(String queryId)
	BaseExceptionMessage: Error HRESULT E_FAIL has been returned from a call to a COM component.

E, 3504, 9, 2013/05/23, 18:19:39.501, 2886132004867, QTAgent32.exe, Window 1247742 not responding. Last Win32 error 0
E, 3504, 9, 2013/05/23, 18:19:39.501, 2886132006245, QTAgent32.exe, GetClassName for handle 1247742 failed
E, 3504, 9, 2013/05/23, 18:19:39.629, 2886133845333, QTAgent32.exe, AL: Playback Error: Microsoft.VisualStudio.TestTools.UITest.Extension.UITestControlNotAvailableException: The control is not available or not valid. Additional Details: 
TechnologyName:  'MSAA'
Name:  'Personal Lines'
ClassName:  '#32770'
ControlType:  'Window'
 ---&gt; System.Runtime.InteropServices.COMException: Error HRESULT E_FAIL has been returned from a call to a COM component.
   at Microsoft.VisualStudio.TestTools.UITest.Playback.Engine.IRPFPlayback.FindAllScreenElements(IScreenElement pScreenElementStart, String bstrQueryId, Object&amp; pvarResKeys, Int32 cResKeys, Int32 nMaxDepth, Object[]&amp; foundDescendants)
   at Microsoft.VisualStudio.TestTools.UITest.Playback.ScreenElement.FindTopLevelWindowHelper(String queryId)
   at Microsoft.VisualStudio.TestTools.UITest.Playback.ScreenElement.FindFromPartialQueryId(String queryId)
   at Microsoft.VisualStudio.TestTools.UITesting.UITestControl.EnsureValid(Boolean waitForReady, Boolean refetch)
   --- End of inner exception stack trace ---
   at Microsoft.VisualStudio.TestTools.UITesting.UITestControl.EnsureValid(Boolean waitForReady, Boolean refetch)
   at Microsoft.VisualStudio.TestTools.UITesting.UITestControl.FindFirstDescendant(String queryId, Int32 maxDepth, Int32&amp; timeLeft)
   at Microsoft.VisualStudio.TestTools.UITesting.SearchHelper.GetElement(Boolean useCache, ISearchArgument searchArg)
   at Microsoft.VisualStudio.TestTools.UITesting.SearchHelper.Search(ISearchArgument searchArg)
   at Microsoft.VisualStudio.TestTools.UITesting.UITestControl.FindInternal()
   at Microsoft.VisualStudio.TestTools.UITesting.UITestControl.FindControlIfNecessary()
   at Microsoft.VisualStudio.TestTools.UITesting.UITestControl.Click(MouseButtons button, ModifierKeys modifierKeys, Point relativeCoordinates)
   at Microsoft.VisualStudio.TestTools.UITesting.Mouse.ClickImplementation(UITestControl control, MouseButtons button, ModifierKeys modifierKeys, Point relativeCoordinate)
   at Microsoft.VisualStudio.TestTools.UITesting.Mouse.ClickImplementationWrapper(UITestControl control, MouseButtons button, ModifierKeys modifierKeys, Point relativeCoordinate)
W, 3504, 9, 2013/05/23, 18:19:39.629, 2886133848427, QTAgent32.exe, PlaybackErrorHandler: Ignoring exception as ContinueOnError is set.
W, 3504, 9, 2013/05/23, 18:19:39.777, 2886135956967, QTAgent32.exe, &lt;a class=success&gt;Playback - {102} [SUCCESS] Check - "[MSAA, VisibleOnly]ControlType='CheckBox' &amp;&amp; Name='Defer Printing?'"
\0&lt;/a&gt;
W, 3504, 9, 2013/05/23, 18:19:40.341, 2886144042505, QTAgent32.exe, &lt;a class=success&gt;Playback - {103} [SUCCESS] MouseButtonClick - "[MSAA, VisibleOnly]ControlType='Button' &amp;&amp; Name='Ok'"
\0&lt;/a&gt;
W, 3504, 9, 2013/05/23, 18:19:41.491, 2886160501607, QTAgent32.exe, PERF WARNING: FindTopLevelWindowHelper::FindAllDescendents: took 1049 ms. Expected it to take maximum 500 ms.
W, 3504, 9, 2013/05/23, 18:19:41.634, 2886162552083, QTAgent32.exe, &lt;a class=success&gt;Playback - {104} [SUCCESS] Uncheck - "[MSAA, VisibleOnly]ControlType='CheckBox' &amp;&amp; Name='Add Activity'"
\0&lt;/a&gt;
W, 3504, 9, 2013/05/23, 18:19:42.170, 2886170217347, QTAgent32.exe, &lt;a class=success&gt;Playback - {105} [SUCCESS] MouseButtonClick - "[MSAA, VisibleOnly]ControlType='Button' &amp;&amp; Name='Ok'"
\0&lt;/a&gt;
W, 3504, 9, 2013/05/23, 18:19:42.441, 2886174105494, QTAgent32.exe, &lt;a class=success&gt;Playback - {106} [SUCCESS] MouseButtonClick - "[MSAA, VisibleOnly]ControlType='Button' &amp;&amp; Name='Ok'"
\0&lt;/a&gt;
W, 3504, 9, 2013/05/23, 18:19:47.377, 2886244779821, QTAgent32.exe, Playback - [WARNING] Internal warning: Window Not Found: [VisibleOnly]ControlType='Window' &amp;&amp; Name='Transaction to insert' &amp;&amp; ClassName='TfSelectItem'
\0
E, 3504, 9, 2013/05/23, 18:19:47.377, 2886244783808, QTAgent32.exe, &lt;a class=failure&gt;Playback - {107} [FAILED] Function ElementFetcher::FindScreenElement failed to locate UI element (Searching: ;[VisibleOnly]ControlType='Window' &amp;&amp; Name='Transaction to insert' &amp;&amp; ClassName='TfSelectItem') (The object specified was not found.)
\0&lt;/a&gt;
E, 3504, 9, 2013/05/23, 18:19:47.462, 2886245994368, QTAgent32.exe, Playback - [IMAGE] C:\Users\testuser\AppData\Local\Temp\UITestLogs\LastRun\RPFDB85.png
\0
W, 3504, 9, 2013/05/23, 18:19:47.462, 2886245996796, QTAgent32.exe, Playback - [WARNING] Internal warning: Couldn't find descendants that match QueryId
\0
W, 3504, 9, 2013/05/23, 18:19:47.462, 2886245999929, QTAgent32.exe, PERF WARNING: FindTopLevelWindowHelper::FindAllDescendents: took 4919 ms. Expected it to take maximum 500 ms.
W, 3504, 9, 2013/05/23, 18:20:05.905, 2886510063923, QTAgent32.exe, Playback - [WARNING] Internal warning: Window Not Found: [VisibleOnly]ControlType='Window' &amp;&amp; Name='Transaction to insert' &amp;&amp; ClassName='TfSelectItem'
\0
E, 3504, 9, 2013/05/23, 18:20:05.906, 2886510073855, QTAgent32.exe, &lt;a class=failure&gt;Playback - {108} [FAILED] Function ElementFetcher::FindScreenElement failed to locate UI element (Searching: ;[VisibleOnly]ControlType='Window' &amp;&amp; Name='Transaction to insert' &amp;&amp; ClassName='TfSelectItem') (The object specified was not found.)
\0&lt;/a&gt;
E, 3504, 9, 2013/05/23, 18:20:05.999, 2886511405265, QTAgent32.exe, Playback - [IMAGE] C:\Users\testuser\AppData\Local\Temp\UITestLogs\LastRun\RPF23DC.png
\0
W, 3504, 9, 2013/05/23, 18:20:05.999, 2886511407881, QTAgent32.exe, Playback - [WARNING] Internal warning: Couldn't find descendants that match QueryId
\0
W, 3504, 9, 2013/05/23, 18:20:05.999, 2886511416495, QTAgent32.exe, PERF WARNING: FindTopLevelWindowHelper::FindAllDescendents: took 18536 ms. Expected it to take maximum 500 ms.
W, 3504, 9, 2013/05/23, 18:20:06.753, 2886522214122, QTAgent32.exe, Playback - [WARNING] Internal warning: Smart Match failed
\0
W, 3504, 9, 2013/05/23, 18:20:07.581, 2886534065999, QTAgent32.exe, Playback - [WARNING] Internal warning: Smart Match failed
\0
W, 3504, 9, 2013/05/23, 18:20:08.391, 2886545664017, QTAgent32.exe, Playback - [WARNING] Internal warning: Smart Match failed
\0
W, 3504, 9, 2013/05/23, 18:20:09.227, 2886557628883, QTAgent32.exe, Playback - [WARNING] Internal warning: Smart Match failed
\0
W, 3504, 9, 2013/05/23, 18:20:09.753, 2886565167727, QTAgent32.exe, Playback - [WARNING] Internal warning: Window Not Found: [VisibleOnly]ControlType='Window' &amp;&amp; Name='Transaction to insert' &amp;&amp; ClassName='TfSelectItem'
\0
E, 3504, 9, 2013/05/23, 18:20:09.754, 2886565171759, QTAgent32.exe, &lt;a class=failure&gt;Playback - {109} [FAILED] Function ElementFetcher::FindScreenElement failed to locate UI element (Searching: ;[VisibleOnly]ControlType='Window' &amp;&amp; Name='Transaction to insert' &amp;&amp; ClassName='TfSelectItem') (The object specified was not found.)
\0&lt;/a&gt;
E, 3504, 9, 2013/05/23, 18:20:09.844, 2886566468286, QTAgent32.exe, Playback - [IMAGE] C:\Users\testuser\AppData\Local\Temp\UITestLogs\LastRun\RPF32EA.png
\0
W, 3504, 9, 2013/05/23, 18:20:09.844, 2886566471151, QTAgent32.exe, Playback - [WARNING] Internal warning: Couldn't find descendants that match QueryId
\0
W, 3504, 9, 2013/05/23, 18:20:09.845, 2886566475531, QTAgent32.exe, PERF WARNING: FindTopLevelWindowHelper::FindAllDescendents: took 3845 ms. Expected it to take maximum 500 ms.
E, 3504, 9, 2013/05/23, 18:20:09.845, 2886566477904, QTAgent32.exe, Exception: System.Runtime.InteropServices.COMException
	Message: Error HRESULT E_FAIL has been returned from a call to a COM component.
	Stack Trace:    at Microsoft.VisualStudio.TestTools.UITest.Playback.Engine.IRPFPlayback.FindAllScreenElements(IScreenElement pScreenElementStart, String bstrQueryId, Object&amp; pvarResKeys, Int32 cResKeys, Int32 nMaxDepth, Object[]&amp; foundDescendants)
   at Microsoft.VisualStudio.TestTools.UITest.Playback.ScreenElement.FindTopLevelWindowHelper(String queryId)
	BaseExceptionMessage: Error HRESULT E_FAIL has been returned from a call to a COM component.

E, 3504, 9, 2013/05/23, 18:20:09.845, 2886566484029, QTAgent32.exe, Window 1902862 not responding. Last Win32 error 0
E, 3504, 9, 2013/05/23, 18:20:09.845, 2886566485793, QTAgent32.exe, GetClassName for handle 1902862 failed
E, 3504, 9, 2013/05/23, 18:20:09.846, 2886566493605, QTAgent32.exe, Window 8520614 not responding. Last Win32 error 1400
E, 3504, 9, 2013/05/23, 18:20:09.846, 2886566495038, QTAgent32.exe, GetClassName for handle 8520614 failed
E, 3504, 9, 2013/05/23, 18:20:09.947, 2886567939533, QTAgent32.exe, AL: Playback Error: Microsoft.VisualStudio.TestTools.UITest.Extension.UITestControlNotAvailableException: The control is not available or not valid. Additional Details: 
TechnologyName:  'MSAA'
Name:  'Ok'
ControlType:  'Button'
 ---&gt; Microsoft.VisualStudio.TestTools.UITest.Extension.UITestControlNotAvailableException: The control is not available or not valid. Additional Details: 
TechnologyName:  'MSAA'
Name:  'Transaction to insert'
ClassName:  'TfSelectItem'
ControlType:  'Window'
 ---&gt; System.Runtime.InteropServices.COMException: Error HRESULT E_FAIL has been returned from a call to a COM component.
   at Microsoft.VisualStudio.TestTools.UITest.Playback.Engine.IRPFPlayback.FindAllScreenElements(IScreenElement pScreenElementStart, String bstrQueryId, Object&amp; pvarResKeys, Int32 cResKeys, Int32 nMaxDepth, Object[]&amp; foundDescendants)
   at Microsoft.VisualStudio.TestTools.UITest.Playback.ScreenElement.FindTopLevelWindowHelper(String queryId)
   at Microsoft.VisualStudio.TestTools.UITest.Playback.ScreenElement.FindFromPartialQueryId(String queryId)
   at Microsoft.VisualStudio.TestTools.UITesting.UITestControl.EnsureValid(Boolean waitForReady, Boolean refetch)
   --- End of inner exception stack trace ---
   at Microsoft.VisualStudio.TestTools.UITesting.UITestControl.EnsureValid(Boolean waitForReady, Boolean refetch)
   at Microsoft.VisualStudio.TestTools.UITesting.UITestControl.FindFirstDescendant(String queryId, Int32 maxDepth, Int32&amp; timeLeft)
   at Microsoft.VisualStudio.TestTools.UITesting.UITestControl.FindFirstDescendant(String queryId)
   at Microsoft.VisualStudio.TestTools.UITesting.UITestControl.EnsureValid(Boolean waitForReady, Boolean refetch)
   --- End of inner exception stack trace ---
   at Microsoft.VisualStudio.TestTools.UITesting.UITestControl.EnsureValid(Boolean waitForReady, Boolean refetch)
   at Microsoft.VisualStudio.TestTools.UITesting.UITestControl.Click(MouseButtons button, ModifierKeys modifierKeys, Point relativeCoordinates)
   at Microsoft.VisualStudio.TestTools.UITesting.Mouse.ClickImplementation(UITestControl control, MouseButtons button, ModifierKeys modifierKeys, Point relativeCoordinate)
   at Microsoft.VisualStudio.TestTools.UITesting.Mouse.ClickImplementationWrapper(UITestControl control, MouseButtons button, ModifierKeys modifierKeys, Point relativeCoordinate)
W, 3504, 9, 2013/05/23, 18:20:09.947, 2886567943167, QTAgent32.exe, PlaybackErrorHandler: Ignoring exception as ContinueOnError is set.
W, 3504, 9, 2013/05/23, 18:20:12.130, 2886599197716, QTAgent32.exe, &lt;a class=success&gt;Playback - {110} [SUCCESS] MouseButtonClick - "[MSAA, VisibleOnly]ControlType='Button' &amp;&amp; Name='OK'"
\0&lt;/a&gt;
W, 3504, 9, 2013/05/23, 18:20:12.433, 2886603540010, QTAgent32.exe, &lt;a class=success&gt;Playback - {111} [SUCCESS] MouseButtonClick - "[MSAA, VisibleOnly]ControlType='Button' &amp;&amp; Name='Cancel'"
\0&lt;/a&gt;
W, 3504, 9, 2013/05/23, 18:20:12.661, 2886606800727, QTAgent32.exe, &lt;a class=success&gt;Playback - {112} [SUCCESS] MouseButtonClick - "[MSAA, VisibleOnly]ControlType='Button'"
\0&lt;/a&gt;
W, 3504, 9, 2013/05/23, 18:20:13.002, 2886611678307, QTAgent32.exe, &lt;a class=success&gt;Playback - {113} [SUCCESS] MouseButtonClick - "[MSAA, VisibleOnly]ControlType='Button' &amp;&amp; Name='Options'"
\0&lt;/a&gt;
W, 3504, 9, 2013/05/23, 18:20:13.103, 2886613121646, QTAgent32.exe, FindScreenElementInSinglePass : Attempting to find control in one pass of search. Failures can occur.
W, 3504, 9, 2013/05/23, 18:20:13.123, 2886613415407, QTAgent32.exe, Playback - [WARNING] Internal failure: Method GetBoundingRectangle failed (HRESULT = 0x1, "Incorrect function.") for Name = "Quote Select List" ," ControlType = "MenuItem"
\0
W, 3504, 9, 2013/05/23, 18:20:13.123, 2886613417778, QTAgent32.exe, Playback - [WARNING] Internal failure: Couldn't get clickable point for ScreenUIElement - GetClickablePoint failed
\0
W, 3504, 9, 2013/05/23, 18:20:13.124, 2886613422271, QTAgent32.exe, FindScreenElementInSinglePass : Attempting to find control in one pass of search. Failures can occur.
W, 3504, 9, 2013/05/23, 18:20:13.127, 2886613471695, QTAgent32.exe, FindScreenElementInSinglePass : Attempting to find control in one pass of search. Failures can occur.
W, 3504, 9, 2013/05/23, 18:20:13.247, 2886615191701, QTAgent32.exe, &lt;a class=success&gt;Playback - {114} [SUCCESS] LeftButtonClick - "[MSAA, VisibleOnly]ControlType='MenuBar' &amp;&amp; Name='Application'"  &lt; Mouse cursor location (960, 31) &gt;
\0&lt;/a&gt;
W, 3504, 9, 2013/05/23, 18:20:13.352, 2886616690275, QTAgent32.exe, &lt;a class=success&gt;Playback - {115} [SUCCESS] LeftButtonClick - "[MSAA]ControlType='MenuItem' &amp;&amp; Name='Options'"  &lt; Mouse cursor location (94, 31) &gt;
\0&lt;/a&gt;
W, 3504, 9, 2013/05/23, 18:20:13.805, 2886623176050, QTAgent32.exe, &lt;a class=success&gt;Playback - {116} [SUCCESS] LeftButtonClick - "[MSAA]ControlType='MenuItem' &amp;&amp; Name='Links'"  &lt; Mouse cursor location (174, 319) &gt;
\0&lt;/a&gt;
W, 3504, 9, 2013/05/23, 18:20:14.234, 2886629320621, QTAgent32.exe, &lt;a class=success&gt;Playback - {117} [SUCCESS] LeftButtonClick - "[MSAA]ControlType='MenuItem' &amp;&amp; Name='3rd Party Integration'"  &lt; Mouse cursor location (375, 319) &gt;
\0&lt;/a&gt;
W, 3504, 9, 2013/05/23, 18:20:14.672, 2886635591889, QTAgent32.exe, &lt;a class=success&gt;Playback - {118} [SUCCESS] MouseButtonClick - "[MSAA]ControlType='MenuItem' &amp;&amp; Name='Quote Select List'"
\0&lt;/a&gt;
W, 3504, 9, 2013/05/23, 18:20:15.277, 2886644253083, QTAgent32.exe, Playback - [WARNING] Internal warning: Window Not Found: [VisibleOnly]ControlType='Window' &amp;&amp; Name='Current Or Future' &amp;&amp; ClassName='TfCurrentOrFuture'
\0
E, 3504, 9, 2013/05/23, 18:20:15.278, 2886644273626, QTAgent32.exe, &lt;a class=failure&gt;Playback - {119} [FAILED] Function ElementFetcher::FindScreenElement failed to locate UI element (Searching: ;[VisibleOnly]ControlType='Window' &amp;&amp; Name='Current Or Future' &amp;&amp; ClassName='TfCurrentOrFuture') (The object specified was not found.)
\0&lt;/a&gt;
E, 3504, 9, 2013/05/23, 18:20:15.510, 2886647591341, QTAgent32.exe, Playback - [IMAGE] C:\Users\testuser\AppData\Local\Temp\UITestLogs\LastRun\RPF487D.png
\0
W, 3504, 9, 2013/05/23, 18:20:15.510, 2886647594180, QTAgent32.exe, Playback - [WARNING] Internal warning: Couldn't find descendants that match QueryId
\0
W, 3504, 9, 2013/05/23, 18:20:15.510, 2886647597105, QTAgent32.exe, PERF WARNING: FindTopLevelWindowHelper::FindAllDescendents: took 738 ms. Expected it to take maximum 500 ms.
W, 3504, 9, 2013/05/23, 18:20:17.750, 2886679658295, QTAgent32.exe, PERF WARNING: FindTopLevelWindowHelper::FindAllDescendents: took 2238 ms. Expected it to take maximum 500 ms.
W, 3504, 9, 2013/05/23, 18:20:17.887, 2886681628178, QTAgent32.exe, &lt;a class=success&gt;Playback - {120} [SUCCESS] MouseButtonClick - "[MSAA, VisibleOnly]ControlType='Button' &amp;&amp; Name='Ok'"
\0&lt;/a&gt;
W, 3504, 9, 2013/05/23, 18:20:21.564, 2886734276427, QTAgent32.exe, PERF WARNING: FindTopLevelWindowHelper::FindAllDescendents: took 3575 ms. Expected it to take maximum 500 ms.
W, 3504, 9, 2013/05/23, 18:20:21.833, 2886738122819, QTAgent32.exe, &lt;a class=success&gt;Playback - {121} [SUCCESS] MouseButtonClick - "[MSAA, VisibleOnly]ControlType='Button' &amp;&amp; Name='MTA'"
\0&lt;/a&gt;
W, 3504, 9, 2013/05/23, 18:20:23.193, 2886757601693, QTAgent32.exe, PERF WARNING: FindTopLevelWindowHelper::FindAllDescendents: took 1258 ms. Expected it to take maximum 500 ms.
W, 3504, 9, 2013/05/23, 18:20:24.990, 2886783334042, QTAgent32.exe, Playback - [WARNING] Internal warning: Incorrect flag set for InvokeProgrammaticAction\0
W, 3504, 9, 2013/05/23, 18:20:25.112, 2886785070942, QTAgent32.exe, &lt;a class=success&gt;Playback - {122} [SUCCESS] SetValueAsComboBox "General Adjustment" - "[MSAA, VisibleOnly]ControlType='ComboBox'"  &lt; SetValueAsComboBox, set by clicking on the item in the list box &gt;
\0&lt;/a&gt;
W, 3504, 9, 2013/05/23, 18:20:25.413, 2886789387802, QTAgent32.exe, &lt;a class=success&gt;Playback - {123} [SUCCESS] MouseButtonClick - "[MSAA, VisibleOnly]ControlType='Button' &amp;&amp; Name='OK'"
\0&lt;/a&gt;
W, 3504, 9, 2013/05/23, 18:20:25.590, 2886791922914, QTAgent32.exe, Playback - [WARNING] Internal warning: Thread state based WFR - Requested element has invalid HWND
\0
W, 3504, 9, 2013/05/23, 18:20:25.590, 2886791925333, QTAgent32.exe, Playback - [WARNING] Internal warning: process performance counters based WFR - Requested element has invalid HWND
\0
E, 3504, 9, 2013/05/23, 18:20:25.591, 2886791931707, QTAgent32.exe, EnsureValid called via EnsureValid call for same element
E, 3504, 9, 2013/05/23, 18:20:25.591, 2886791935068, QTAgent32.exe, EnsureValid called via EnsureValid call for same element
E, 3504, 9, 2013/05/23, 18:20:25.591, 2886791936794, QTAgent32.exe, EnsureValid called via EnsureValid call for same element
E, 3504, 9, 2013/05/23, 18:20:25.592, 2886791941318, QTAgent32.exe, Window 2033784 not responding. Last Win32 error 0
E, 3504, 9, 2013/05/23, 18:20:25.592, 2886791943793, QTAgent32.exe, GetClassName for handle 2033784 failed
W, 3504, 9, 2013/05/23, 18:20:26.355, 2886802869306, QTAgent32.exe, &lt;a class=success&gt;Playback - {124} [SUCCESS] SendKeys "^{HOME}" - "[MSAA, VisibleOnly]ControlType='Edit'"
\0&lt;/a&gt;
E, 3504, 9, 2013/05/23, 18:20:26.355, 2886802872806, QTAgent32.exe, Msaa.GetFocusedElement: could not find accessible object of foreground window
W, 3504, 9, 2013/05/23, 18:20:26.416, 2886803742939, QTAgent32.exe, &lt;a class=success&gt;Playback - {125} [SUCCESS] SendKeys "^+{END}" - "[MSAA, VisibleOnly]ControlType='Edit'"
\0&lt;/a&gt;
E, 3504, 9, 2013/05/23, 18:20:26.416, 2886803746207, QTAgent32.exe, Msaa.GetFocusedElement: could not find accessible object of foreground window
W, 3504, 9, 2013/05/23, 18:20:26.431, 2886803967422, QTAgent32.exe, &lt;a class=success&gt;Playback - {126} [SUCCESS] SendKeys "{DELETE}" - "[MSAA, VisibleOnly]ControlType='Edit'"
\0&lt;/a&gt;
W, 3504, 9, 2013/05/23, 18:20:27.380, 2886817556135, QTAgent32.exe, &lt;a class=success&gt;Playback - {127} [SUCCESS] SetValueAsEditBox "NewTest" - "[MSAA, VisibleOnly]ControlType='Edit'"  &lt; Set via SendKeys &gt;
\0&lt;/a&gt;
W, 3504, 9, 2013/05/23, 18:20:27.637, 2886821236471, QTAgent32.exe, &lt;a class=success&gt;Playback - {128} [SUCCESS] MouseButtonClick - "[MSAA, VisibleOnly]ControlType='Button' &amp;&amp; Name='Next &gt;'"
\0&lt;/a&gt;
W, 3504, 9, 2013/05/23, 18:20:27.929, 2886825414737, QTAgent32.exe, &lt;a class=success&gt;Playback - {129} [SUCCESS] MouseButtonClick - "[MSAA, VisibleOnly]ControlType='Button' &amp;&amp; Name='Next &gt;'"
\0&lt;/a&gt;
W, 3504, 9, 2013/05/23, 18:20:28.183, 2886829053062, QTAgent32.exe, &lt;a class=success&gt;Playback - {130} [SUCCESS] MouseButtonClick - "[MSAA, VisibleOnly]ControlType='Button' &amp;&amp; Name='Next &gt;'"
\0&lt;/a&gt;
W, 3504, 9, 2013/05/23, 18:20:28.423, 2886832475751, QTAgent32.exe, &lt;a class=success&gt;Playback - {131} [SUCCESS] MouseButtonClick - "[MSAA, VisibleOnly]ControlType='Button' &amp;&amp; Name='Next &gt;'"
\0&lt;/a&gt;
W, 3504, 9, 2013/05/23, 18:20:28.685, 2886836234852, QTAgent32.exe, &lt;a class=success&gt;Playback - {132} [SUCCESS] MouseButtonClick - "[MSAA, VisibleOnly]ControlType='Button' &amp;&amp; Name='Next &gt;'"
\0&lt;/a&gt;
W, 3504, 9, 2013/05/23, 18:20:28.928, 2886839709644, QTAgent32.exe, &lt;a class=success&gt;Playback - {133} [SUCCESS] MouseButtonClick - "[MSAA, VisibleOnly]ControlType='Button' &amp;&amp; Name='Next &gt;'"
\0&lt;/a&gt;
W, 3504, 9, 2013/05/23, 18:20:29.177, 2886843280815, QTAgent32.exe, &lt;a class=success&gt;Playback - {134} [SUCCESS] MouseButtonClick - "[MSAA, VisibleOnly]ControlType='Button' &amp;&amp; Name='Next &gt;'"
\0&lt;/a&gt;
W, 3504, 9, 2013/05/23, 18:20:29.613, 2886849527334, QTAgent32.exe, &lt;a class=success&gt;Playback - {135} [SUCCESS] MouseButtonClick - "[MSAA, VisibleOnly]ControlType='Button' &amp;&amp; Name='Quote'"
\0&lt;/a&gt;
W, 3504, 9, 2013/05/23, 18:20:29.859, 2886853051154, QTAgent32.exe, &lt;a class=success&gt;Playback - {136} [SUCCESS] MouseButtonClick - "[MSAA, VisibleOnly]ControlType='Button' &amp;&amp; Name='OK'"
\0&lt;/a&gt;
W, 3504, 9, 2013/05/23, 18:20:33.080, 2886899166600, QTAgent32.exe, PERF WARNING: FindTopLevelWindowHelper::FindAllDescendents: took 3102 ms. Expected it to take maximum 500 ms.
W, 3504, 9, 2013/05/23, 18:20:33.199, 2886900870835, QTAgent32.exe, &lt;a class=success&gt;Playback - {137} [SUCCESS] MouseButtonClick - "[MSAA, VisibleOnly]ControlType='Client'"
\0&lt;/a&gt;
W, 3504, 9, 2013/05/23, 18:20:34.136, 2886914289945, QTAgent32.exe, &lt;a class=success&gt;Playback - {138} [SUCCESS] SendKeys "{Home}" - "[MSAA, VisibleOnly]ControlType='Client'"
\0&lt;/a&gt;
W, 3504, 9, 2013/05/23, 18:20:34.408, 2886918181289, QTAgent32.exe, &lt;a class=success&gt;Playback - {139} [SUCCESS] MouseButtonClick - "[MSAA, VisibleOnly]ControlType='Button' &amp;&amp; Name='Accept'"
\0&lt;/a&gt;
W, 3504, 9, 2013/05/23, 18:20:34.722, 2886922668918, QTAgent32.exe, &lt;a class=success&gt;Playback - {140} [SUCCESS] MouseButtonClick - "[MSAA, VisibleOnly]ControlType='Button' &amp;&amp; Name='OK'"
\0&lt;/a&gt;
W, 3504, 9, 2013/05/23, 18:20:35.030, 2886927083259, QTAgent32.exe, &lt;a class=success&gt;Playback - {141} [SUCCESS] MouseButtonClick - "[MSAA, VisibleOnly]ControlType='Button' &amp;&amp; Name='Ok'"
\0&lt;/a&gt;
W, 3504, 9, 2013/05/23, 18:20:48.912, 2887125848215, QTAgent32.exe, PERF WARNING: FindTopLevelWindowHelper::FindAllDescendents: took 13782 ms. Expected it to take maximum 500 ms.
W, 3504, 9, 2013/05/23, 18:20:49.213, 2887130160611, QTAgent32.exe, &lt;a class=success&gt;Playback - {142} [SUCCESS] MouseButtonClick - "[MSAA, VisibleOnly]ControlType='Button' &amp;&amp; Name='OK'"
\0&lt;/a&gt;
W, 3504, 9, 2013/05/23, 18:20:49.313, 2887131593171, QTAgent32.exe, Playback - [WARNING] Internal warning: Thread state based WFR - Requested element has invalid HWND
\0
W, 3504, 9, 2013/05/23, 18:20:49.313, 2887131595231, QTAgent32.exe, Playback - [WARNING] Internal warning: process performance counters based WFR - Requested element has invalid HWND
\0
E, 3504, 9, 2013/05/23, 18:20:49.314, 2887131600212, QTAgent32.exe, EnsureValid called via EnsureValid call for same element
E, 3504, 9, 2013/05/23, 18:20:49.314, 2887131602584, QTAgent32.exe, EnsureValid called via EnsureValid call for same element
E, 3504, 9, 2013/05/23, 18:20:49.314, 2887131604113, QTAgent32.exe, EnsureValid called via EnsureValid call for same element
E, 3504, 9, 2013/05/23, 18:20:49.314, 2887131608633, QTAgent32.exe, Window 1902766 not responding. Last Win32 error 0
E, 3504, 9, 2013/05/23, 18:20:49.314, 2887131609474, QTAgent32.exe, GetClassName for handle 1902766 failed
W, 3504, 9, 2013/05/23, 18:20:49.450, 2887133556415, QTAgent32.exe, &lt;a class=success&gt;Playback - {143} [SUCCESS] Check - "[MSAA, VisibleOnly]ControlType='CheckBox' &amp;&amp; Name='Defer Printing?'"
\0&lt;/a&gt;
W, 3504, 9, 2013/05/23, 18:20:50.656, 2887150827956, QTAgent32.exe, &lt;a class=success&gt;Playback - {144} [SUCCESS] MouseButtonClick - "[MSAA, VisibleOnly]ControlType='Button' &amp;&amp; Name='Ok'"
\0&lt;/a&gt;
W, 3504, 9, 2013/05/23, 18:20:50.757, 2887152263680, QTAgent32.exe, Playback - [WARNING] Internal warning: Thread state based WFR - Requested element has invalid HWND
\0
W, 3504, 9, 2013/05/23, 18:20:50.757, 2887152265615, QTAgent32.exe, Playback - [WARNING] Internal warning: process performance counters based WFR - Requested element has invalid HWND
\0
E, 3504, 9, 2013/05/23, 18:20:50.757, 2887152268649, QTAgent32.exe, EnsureValid called via EnsureValid call for same element
E, 3504, 9, 2013/05/23, 18:20:50.757, 2887152270605, QTAgent32.exe, EnsureValid called via EnsureValid call for same element
E, 3504, 9, 2013/05/23, 18:20:50.757, 2887152271789, QTAgent32.exe, EnsureValid called via EnsureValid call for same element
E, 3504, 9, 2013/05/23, 18:20:50.760, 2887152312058, QTAgent32.exe, Window 4130426 not responding. Last Win32 error 0
E, 3504, 9, 2013/05/23, 18:20:50.760, 2887152313351, QTAgent32.exe, GetClassName for handle 4130426 failed
W, 3504, 9, 2013/05/23, 18:20:51.298, 2887160019691, QTAgent32.exe, PERF WARNING: FindTopLevelWindowHelper::FindAllDescendents: took 537 ms. Expected it to take maximum 500 ms.
W, 3504, 9, 2013/05/23, 18:20:51.443, 2887162088715, QTAgent32.exe, &lt;a class=success&gt;Playback - {145} [SUCCESS] Uncheck - "[MSAA, VisibleOnly]ControlType='CheckBox' &amp;&amp; Name='Add Activity'"
\0&lt;/a&gt;
W, 3504, 9, 2013/05/23, 18:20:51.810, 2887167348063, QTAgent32.exe, &lt;a class=success&gt;Playback - {146} [SUCCESS] MouseButtonClick - "[MSAA, VisibleOnly]ControlType='Button' &amp;&amp; Name='Ok'"
\0&lt;/a&gt;
W, 3504, 9, 2013/05/23, 18:20:53.178, 2887186922978, QTAgent32.exe, PERF WARNING: FindTopLevelWindowHelper::FindAllDescendents: took 1258 ms. Expected it to take maximum 500 ms.
W, 3504, 9, 2013/05/23, 18:20:53.419, 2887190375886, QTAgent32.exe, &lt;a class=success&gt;Playback - {147} [SUCCESS] MouseButtonClick - "[MSAA, VisibleOnly]ControlType='Button' &amp;&amp; Name='OK'"
\0&lt;/a&gt;
W, 3504, 9, 2013/05/23, 18:20:54.749, 2887209432374, QTAgent32.exe, PERF WARNING: FindTopLevelWindowHelper::FindAllDescendents: took 1185 ms. Expected it to take maximum 500 ms.
W, 3504, 9, 2013/05/23, 18:20:56.890, 2887240074810, QTAgent32.exe, &lt;a class=success&gt;Playback - {148} [SUCCESS] MouseButtonClick - "[MSAA, VisibleOnly]ControlType='Button' &amp;&amp; Name='OK'"
\0&lt;/a&gt;
W, 3504, 9, 2013/05/23, 18:20:57.119, 2887243355298, QTAgent32.exe, &lt;a class=success&gt;Playback - {149} [SUCCESS] MouseButtonClick - "[MSAA, VisibleOnly]ControlType='Button' &amp;&amp; Name='Options'"
\0&lt;/a&gt;
W, 3504, 9, 2013/05/23, 18:20:57.220, 2887244802981, QTAgent32.exe, FindScreenElementInSinglePass : Attempting to find control in one pass of search. Failures can occur.
W, 3504, 9, 2013/05/23, 18:20:57.249, 2887245222910, QTAgent32.exe, Playback - [WARNING] Internal failure: Method GetBoundingRectangle failed (HRESULT = 0x1, "Incorrect function.") for Name = "Quote Select List" ," ControlType = "MenuItem"
\0
W, 3504, 9, 2013/05/23, 18:20:57.249, 2887245225120, QTAgent32.exe, Playback - [WARNING] Internal failure: Couldn't get clickable point for ScreenUIElement - GetClickablePoint failed
\0
W, 3504, 9, 2013/05/23, 18:20:57.250, 2887245229742, QTAgent32.exe, FindScreenElementInSinglePass : Attempting to find control in one pass of search. Failures can occur.
W, 3504, 9, 2013/05/23, 18:20:57.260, 2887245374187, QTAgent32.exe, FindScreenElementInSinglePass : Attempting to find control in one pass of search. Failures can occur.
W, 3504, 9, 2013/05/23, 18:20:57.383, 2887247135692, QTAgent32.exe, &lt;a class=success&gt;Playback - {150} [SUCCESS] LeftButtonClick - "[MSAA, VisibleOnly]ControlType='MenuBar' &amp;&amp; Name='Application'"  &lt; Mouse cursor location (960, 31) &gt;
\0&lt;/a&gt;
W, 3504, 9, 2013/05/23, 18:20:57.497, 2887248775577, QTAgent32.exe, &lt;a class=success&gt;Playback - {151} [SUCCESS] LeftButtonClick - "[MSAA]ControlType='MenuItem' &amp;&amp; Name='Options'"  &lt; Mouse cursor location (94, 31) &gt;
\0&lt;/a&gt;
W, 3504, 9, 2013/05/23, 18:20:57.942, 2887255139432, QTAgent32.exe, &lt;a class=success&gt;Playback - {152} [SUCCESS] LeftButtonClick - "[MSAA]ControlType='MenuItem' &amp;&amp; Name='Links'"  &lt; Mouse cursor location (174, 319) &gt;
\0&lt;/a&gt;
W, 3504, 9, 2013/05/23, 18:20:58.403, 2887261747995, QTAgent32.exe, &lt;a class=success&gt;Playback - {153} [SUCCESS] LeftButtonClick - "[MSAA]ControlType='MenuItem' &amp;&amp; Name='3rd Party Integration'"  &lt; Mouse cursor location (375, 319) &gt;
\0&lt;/a&gt;
W, 3504, 9, 2013/05/23, 18:20:58.847, 2887268100369, QTAgent32.exe, &lt;a class=success&gt;Playback - {154} [SUCCESS] MouseButtonClick - "[MSAA]ControlType='MenuItem' &amp;&amp; Name='Quote Select List'"
\0&lt;/a&gt;
W, 3504, 9, 2013/05/23, 18:21:00.230, 2887287893414, QTAgent32.exe, PERF WARNING: FindTopLevelWindowHelper::FindAllDescendents: took 1282 ms. Expected it to take maximum 500 ms.
W, 3504, 9, 2013/05/23, 18:21:00.367, 2887289857399, QTAgent32.exe, &lt;a class=success&gt;Playback - {155} [SUCCESS] MouseButtonClick - "[MSAA, VisibleOnly]ControlType='Button' &amp;&amp; Name='Ok'"
\0&lt;/a&gt;
W, 3504, 9, 2013/05/23, 18:21:03.216, 2887330665060, QTAgent32.exe, PERF WARNING: FindTopLevelWindowHelper::FindAllDescendents: took 2750 ms. Expected it to take maximum 500 ms.
W, 3504, 9, 2013/05/23, 18:21:03.435, 2887333790147, QTAgent32.exe, &lt;a class=success&gt;Playback - {156} [SUCCESS] MouseButtonClick - "[MSAA, VisibleOnly]ControlType='Button' &amp;&amp; Name='MTA'"
\0&lt;/a&gt;
W, 3504, 9, 2013/05/23, 18:21:03.535, 2887335222849, QTAgent32.exe, Playback - [WARNING] Internal warning: Thread state based WFR - Requested element has invalid HWND
\0
W, 3504, 9, 2013/05/23, 18:21:03.535, 2887335225175, QTAgent32.exe, Playback - [WARNING] Internal warning: process performance counters based WFR - Requested element has invalid HWND
\0
E, 3504, 9, 2013/05/23, 18:21:03.535, 2887335228805, QTAgent32.exe, EnsureValid called via EnsureValid call for same element
E, 3504, 9, 2013/05/23, 18:21:03.535, 2887335230853, QTAgent32.exe, EnsureValid called via EnsureValid call for same element
E, 3504, 9, 2013/05/23, 18:21:03.535, 2887335232133, QTAgent32.exe, EnsureValid called via EnsureValid call for same element
E, 3504, 9, 2013/05/23, 18:21:03.536, 2887335236249, QTAgent32.exe, Window 6947694 not responding. Last Win32 error 0
E, 3504, 9, 2013/05/23, 18:21:03.536, 2887335237116, QTAgent32.exe, GetClassName for handle 6947694 failed
W, 3504, 9, 2013/05/23, 18:21:04.508, 2887349157605, QTAgent32.exe, PERF WARNING: FindTopLevelWindowHelper::FindAllDescendents: took 972 ms. Expected it to take maximum 500 ms.
W, 3504, 9, 2013/05/23, 18:21:06.206, 2887373475682, QTAgent32.exe, Playback - [WARNING] Internal warning: Incorrect flag set for InvokeProgrammaticAction\0
W, 3504, 9, 2013/05/23, 18:21:06.328, 2887375210525, QTAgent32.exe, &lt;a class=success&gt;Playback - {157} [SUCCESS] SetValueAsComboBox "General Adjustment" - "[MSAA, VisibleOnly]ControlType='ComboBox'"  &lt; SetValueAsComboBox, set by clicking on the item in the list box &gt;
\0&lt;/a&gt;
W, 3504, 9, 2013/05/23, 18:21:06.642, 2887379712626, QTAgent32.exe, &lt;a class=success&gt;Playback - {158} [SUCCESS] MouseButtonClick - "[MSAA, VisibleOnly]ControlType='Button' &amp;&amp; Name='OK'"
\0&lt;/a&gt;
W, 3504, 9, 2013/05/23, 18:21:06.781, 2887381705575, QTAgent32.exe, Playback - [WARNING] Internal warning: Thread state based WFR - Requested element has invalid HWND
\0
W, 3504, 9, 2013/05/23, 18:21:06.781, 2887381707889, QTAgent32.exe, Playback - [WARNING] Internal warning: process performance counters based WFR - Requested element has invalid HWND
\0
E, 3504, 9, 2013/05/23, 18:21:06.782, 2887381712206, QTAgent32.exe, EnsureValid called via EnsureValid call for same element
E, 3504, 9, 2013/05/23, 18:21:06.782, 2887381714849, QTAgent32.exe, EnsureValid called via EnsureValid call for same element
E, 3504, 9, 2013/05/23, 18:21:06.782, 2887381716432, QTAgent32.exe, EnsureValid called via EnsureValid call for same element
E, 3504, 9, 2013/05/23, 18:21:06.782, 2887381720375, QTAgent32.exe, GetClassName for handle 2623424 failed
E, 3504, 9, 2013/05/23, 18:21:06.783, 2887381726534, QTAgent32.exe, GetClassName for handle 2623424 failed
E, 3504, 9, 2013/05/23, 18:21:06.783, 2887381736902, QTAgent32.exe, Exception: System.Runtime.InteropServices.COMException
	Message: Error HRESULT E_FAIL has been returned from a call to a COM component.
	Stack Trace:    at Accessibility.IAccessible.get_accState(Object varChild)
   at Microsoft.VisualStudio.TestTools.UITest.Extension.Msaa.AccWrapper.get_State()
	BaseExceptionMessage: Error HRESULT E_FAIL has been returned from a call to a COM component.

E, 3504, 9, 2013/05/23, 18:21:06.784, 2887381742566, QTAgent32.exe, Exception: System.Runtime.InteropServices.COMException
	Message: Error HRESULT E_FAIL has been returned from a call to a COM component.
	Stack Trace:    at Accessibility.IAccessible.get_accState(Object varChild)
   at Microsoft.VisualStudio.TestTools.UITest.Extension.Msaa.AccWrapper.get_State()
	BaseExceptionMessage: Error HRESULT E_FAIL has been returned from a call to a COM component.

E, 3504, 9, 2013/05/23, 18:21:06.784, 2887381748026, QTAgent32.exe, Exception: System.Runtime.InteropServices.COMException
	Message: Error HRESULT E_FAIL has been returned from a call to a COM component.
	Stack Trace:    at Accessibility.IAccessible.get_accState(Object varChild)
   at Microsoft.VisualStudio.TestTools.UITest.Extension.Msaa.AccWrapper.get_State()
	BaseExceptionMessage: Error HRESULT E_FAIL has been returned from a call to a COM component.

E, 3504, 9, 2013/05/23, 18:21:06.785, 2887381753730, QTAgent32.exe, Exception: System.Runtime.InteropServices.COMException
	Message: Error HRESULT E_FAIL has been returned from a call to a COM component.
	Stack Trace:    at Accessibility.IAccessible.get_accState(Object varChild)
   at Microsoft.VisualStudio.TestTools.UITest.Extension.Msaa.AccWrapper.get_State()
	BaseExceptionMessage: Error HRESULT E_FAIL has been returned from a call to a COM component.

E, 3504, 9, 2013/05/23, 18:21:06.785, 2887381759095, QTAgent32.exe, Exception: System.Runtime.InteropServices.COMException
	Message: Error HRESULT E_FAIL has been returned from a call to a COM component.
	Stack Trace:    at Accessibility.IAccessible.get_accState(Object varChild)
   at Microsoft.VisualStudio.TestTools.UITest.Extension.Msaa.AccWrapper.get_State()
	BaseExceptionMessage: Error HRESULT E_FAIL has been returned from a call to a COM component.

E, 3504, 9, 2013/05/23, 18:21:06.785, 2887381764414, QTAgent32.exe, Exception: System.Runtime.InteropServices.COMException
	Message: Error HRESULT E_FAIL has been returned from a call to a COM component.
	Stack Trace:    at Accessibility.IAccessible.get_accState(Object varChild)
   at Microsoft.VisualStudio.TestTools.UITest.Extension.Msaa.AccWrapper.get_State()
	BaseExceptionMessage: Error HRESULT E_FAIL has been returned from a call to a COM component.

E, 3504, 9, 2013/05/23, 18:21:06.786, 2887381769737, QTAgent32.exe, Exception: System.Runtime.InteropServices.COMException
	Message: Error HRESULT E_FAIL has been returned from a call to a COM component.
	Stack Trace:    at Accessibility.IAccessible.get_accState(Object varChild)
   at Microsoft.VisualStudio.TestTools.UITest.Extension.Msaa.AccWrapper.get_State()
	BaseExceptionMessage: Error HRESULT E_FAIL has been returned from a call to a COM component.

W, 3504, 9, 2013/05/23, 18:21:06.984, 2887384608925, QTAgent32.exe, PERF WARNING: MSAA.UpdateQueryIDForNamelessControls: took 201 ms. Expected it to take maximum 200 ms.
W, 3504, 9, 2013/05/23, 18:21:06.984, 2887384613193, QTAgent32.exe, Msaa.Navigate: Exception [Error HRESULT E_FAIL has been returned from a call to a COM component.] while calling accNavigate.
E, 3504, 9, 2013/05/23, 18:21:06.984, 2887384614129, QTAgent32.exe, GetClassName for handle 3475116 failed
E, 3504, 9, 2013/05/23, 18:21:06.984, 2887384614886, QTAgent32.exe, Window 3475116 not responding. Last Win32 error 1400
E, 3504, 9, 2013/05/23, 18:21:06.985, 2887384617237, QTAgent32.exe, GetClassName for handle 2623424 failed
W, 3504, 9, 2013/05/23, 18:21:07.841, 2887396870107, QTAgent32.exe, &lt;a class=success&gt;Playback - {159} [SUCCESS] SendKeys "^{HOME}" - "[MSAA, VisibleOnly]ControlType='Edit'"
\0&lt;/a&gt;
E, 3504, 9, 2013/05/23, 18:21:07.841, 2887396873731, QTAgent32.exe, Msaa.GetFocusedElement: could not find accessible object of foreground window
W, 3504, 9, 2013/05/23, 18:21:07.898, 2887397686509, QTAgent32.exe, &lt;a class=success&gt;Playback - {160} [SUCCESS] SendKeys "^+{END}" - "[MSAA, VisibleOnly]ControlType='Edit'"
\0&lt;/a&gt;
E, 3504, 9, 2013/05/23, 18:21:07.898, 2887397689913, QTAgent32.exe, Msaa.GetFocusedElement: could not find accessible object of foreground window
W, 3504, 9, 2013/05/23, 18:21:07.914, 2887397924874, QTAgent32.exe, &lt;a class=success&gt;Playback - {161} [SUCCESS] SendKeys "{DELETE}" - "[MSAA, VisibleOnly]ControlType='Edit'"
\0&lt;/a&gt;
W, 3504, 9, 2013/05/23, 18:21:08.905, 2887412115405, QTAgent32.exe, &lt;a class=success&gt;Playback - {162} [SUCCESS] SetValueAsEditBox "NewestMTA" - "[MSAA, VisibleOnly]ControlType='Edit'"  &lt; Set via SendKeys &gt;
\0&lt;/a&gt;
W, 3504, 9, 2013/05/23, 18:21:09.148, 2887415593408, QTAgent32.exe, &lt;a class=success&gt;Playback - {163} [SUCCESS] MouseButtonClick - "[MSAA, VisibleOnly]ControlType='Button' &amp;&amp; Name='Next &gt;'"
\0&lt;/a&gt;
W, 3504, 9, 2013/05/23, 18:21:09.393, 2887419105581, QTAgent32.exe, &lt;a class=success&gt;Playback - {164} [SUCCESS] MouseButtonClick - "[MSAA, VisibleOnly]ControlType='Button' &amp;&amp; Name='Next &gt;'"
\0&lt;/a&gt;
W, 3504, 9, 2013/05/23, 18:21:09.629, 2887422480998, QTAgent32.exe, &lt;a class=success&gt;Playback - {165} [SUCCESS] MouseButtonClick - "[MSAA, VisibleOnly]ControlType='Button' &amp;&amp; Name='Next &gt;'"
\0&lt;/a&gt;
W, 3504, 9, 2013/05/23, 18:21:09.881, 2887426088690, QTAgent32.exe, &lt;a class=success&gt;Playback - {166} [SUCCESS] MouseButtonClick - "[MSAA, VisibleOnly]ControlType='Button' &amp;&amp; Name='Next &gt;'"
\0&lt;/a&gt;
W, 3504, 9, 2013/05/23, 18:21:10.145, 2887429866093, QTAgent32.exe, &lt;a class=success&gt;Playback - {167} [SUCCESS] MouseButtonClick - "[MSAA, VisibleOnly]ControlType='Button' &amp;&amp; Name='Next &gt;'"
\0&lt;/a&gt;
W, 3504, 9, 2013/05/23, 18:21:10.385, 2887433308195, QTAgent32.exe, &lt;a class=success&gt;Playback - {168} [SUCCESS] MouseButtonClick - "[MSAA, VisibleOnly]ControlType='Button' &amp;&amp; Name='Next &gt;'"
\0&lt;/a&gt;
W, 3504, 9, 2013/05/23, 18:21:10.639, 2887436948445, QTAgent32.exe, &lt;a class=success&gt;Playback - {169} [SUCCESS] MouseButtonClick - "[MSAA, VisibleOnly]ControlType='Button' &amp;&amp; Name='Next &gt;'"
\0&lt;/a&gt;
W, 3504, 9, 2013/05/23, 18:21:11.183, 2887444726455, QTAgent32.exe, &lt;a class=success&gt;Playback - {170} [SUCCESS] MouseButtonClick - "[MSAA, VisibleOnly]ControlType='Button' &amp;&amp; Name='Quote'"
\0&lt;/a&gt;
W, 3504, 9, 2013/05/23, 18:21:12.142, 2887458453583, QTAgent32.exe, &lt;a class=success&gt;Playback - {171} [SUCCESS] SendKeys "^{HOME}" - "[MSAA, VisibleOnly]ControlType='Edit'"
\0&lt;/a&gt;
E, 3504, 9, 2013/05/23, 18:21:12.142, 2887458457061, QTAgent32.exe, Msaa.GetFocusedElement: could not find accessible object of foreground window
W, 3504, 9, 2013/05/23, 18:21:12.203, 2887459326720, QTAgent32.exe, &lt;a class=success&gt;Playback - {172} [SUCCESS] SendKeys "^+{END}" - "[MSAA, VisibleOnly]ControlType='Edit'"
\0&lt;/a&gt;
E, 3504, 9, 2013/05/23, 18:21:12.203, 2887459330007, QTAgent32.exe, Msaa.GetFocusedElement: could not find accessible object of foreground window
W, 3504, 9, 2013/05/23, 18:21:12.219, 2887459565629, QTAgent32.exe, &lt;a class=success&gt;Playback - {173} [SUCCESS] SendKeys "{DELETE}" - "[MSAA, VisibleOnly]ControlType='Edit'"
\0&lt;/a&gt;
W, 3504, 9, 2013/05/23, 18:21:13.187, 2887473426335, QTAgent32.exe, &lt;a class=success&gt;Playback - {174} [SUCCESS] SetValueAsEditBox "30/09/12" - "[MSAA, VisibleOnly]ControlType='Edit'"  &lt; Set via SendKeys &gt;
\0&lt;/a&gt;
W, 3504, 9, 2013/05/23, 18:21:13.430, 2887476901074, QTAgent32.exe, &lt;a class=success&gt;Playback - {175} [SUCCESS] MouseButtonClick - "[MSAA, VisibleOnly]ControlType='Button' &amp;&amp; Name='OK'"
\0&lt;/a&gt;
W, 3504, 9, 2013/05/23, 18:21:13.711, 2887480925766, QTAgent32.exe, &lt;a class=success&gt;Playback - {176} [SUCCESS] MouseButtonClick - "[MSAA, VisibleOnly]ControlType='Button' &amp;&amp; Name='OK'"
\0&lt;/a&gt;
W, 3504, 9, 2013/05/23, 18:21:14.572, 2887493257967, QTAgent32.exe, &lt;a class=success&gt;Playback - {177} [SUCCESS] SendKeys "^{HOME}" - "[MSAA, VisibleOnly]ControlType='Edit'"
\0&lt;/a&gt;
E, 3504, 9, 2013/05/23, 18:21:14.572, 2887493261284, QTAgent32.exe, Msaa.GetFocusedElement: could not find accessible object of foreground window
W, 3504, 9, 2013/05/23, 18:21:14.637, 2887494188901, QTAgent32.exe, &lt;a class=success&gt;Playback - {178} [SUCCESS] SendKeys "^+{END}" - "[MSAA, VisibleOnly]ControlType='Edit'"
\0&lt;/a&gt;
E, 3504, 9, 2013/05/23, 18:21:14.637, 2887494192214, QTAgent32.exe, Msaa.GetFocusedElement: could not find accessible object of foreground window
W, 3504, 9, 2013/05/23, 18:21:14.654, 2887494434290, QTAgent32.exe, &lt;a class=success&gt;Playback - {179} [SUCCESS] SendKeys "{DELETE}" - "[MSAA, VisibleOnly]ControlType='Edit'"
\0&lt;/a&gt;
W, 3504, 9, 2013/05/23, 18:21:15.615, 2887508179810, QTAgent32.exe, &lt;a class=success&gt;Playback - {180} [SUCCESS] SetValueAsEditBox "25/05/13" - "[MSAA, VisibleOnly]ControlType='Edit'"  &lt; Set via SendKeys &gt;
\0&lt;/a&gt;
W, 3504, 9, 2013/05/23, 18:21:15.834, 2887511326837, QTAgent32.exe, &lt;a class=success&gt;Playback - {181} [SUCCESS] MouseButtonClick - "[MSAA, VisibleOnly]ControlType='Button' &amp;&amp; Name='OK'"
\0&lt;/a&gt;
W, 3504, 9, 2013/05/23, 18:21:18.970, 2887556227250, QTAgent32.exe, PERF WARNING: FindTopLevelWindowHelper::FindAllDescendents: took 3016 ms. Expected it to take maximum 500 ms.
W, 3504, 9, 2013/05/23, 18:21:19.091, 2887557955405, QTAgent32.exe, &lt;a class=success&gt;Playback - {182} [SUCCESS] MouseButtonClick - "[MSAA, VisibleOnly]ControlType='Client'"
\0&lt;/a&gt;
W, 3504, 9, 2013/05/23, 18:21:20.079, 2887572103988, QTAgent32.exe, &lt;a class=success&gt;Playback - {183} [SUCCESS] SendKeys "{Home}" - "[MSAA, VisibleOnly]ControlType='Client'"
\0&lt;/a&gt;
W, 3504, 9, 2013/05/23, 18:21:20.327, 2887575652316, QTAgent32.exe, &lt;a class=success&gt;Playback - {184} [SUCCESS] MouseButtonClick - "[MSAA, VisibleOnly]ControlType='Button' &amp;&amp; Name='Accept'"
\0&lt;/a&gt;
W, 3504, 9, 2013/05/23, 18:21:20.651, 2887580285974, QTAgent32.exe, &lt;a class=success&gt;Playback - {185} [SUCCESS] MouseButtonClick - "[MSAA, VisibleOnly]ControlType='Button' &amp;&amp; Name='OK'"
\0&lt;/a&gt;
W, 3504, 9, 2013/05/23, 18:21:20.961, 2887584734068, QTAgent32.exe, &lt;a class=success&gt;Playback - {186} [SUCCESS] MouseButtonClick - "[MSAA, VisibleOnly]ControlType='Button' &amp;&amp; Name='Ok'"
\0&lt;/a&gt;
W, 3504, 9, 2013/05/23, 18:21:36.589, 2887808490565, QTAgent32.exe, PERF WARNING: FindTopLevelWindowHelper::FindAllDescendents: took 15527 ms. Expected it to take maximum 500 ms.
W, 3504, 9, 2013/05/23, 18:21:36.879, 2887812644444, QTAgent32.exe, &lt;a class=success&gt;Playback - {187} [SUCCESS] MouseButtonClick - "[MSAA, VisibleOnly]ControlType='Button' &amp;&amp; Name='OK'"
\0&lt;/a&gt;
W, 3504, 9, 2013/05/23, 18:21:36.979, 2887814076606, QTAgent32.exe, Playback - [WARNING] Internal warning: Thread state based WFR - Requested element has invalid HWND
\0
W, 3504, 9, 2013/05/23, 18:21:36.979, 2887814078784, QTAgent32.exe, Playback - [WARNING] Internal warning: process performance counters based WFR - Requested element has invalid HWND
\0
E, 3504, 9, 2013/05/23, 18:21:36.979, 2887814083380, QTAgent32.exe, EnsureValid called via EnsureValid call for same element
E, 3504, 9, 2013/05/23, 18:21:36.979, 2887814086335, QTAgent32.exe, EnsureValid called via EnsureValid call for same element
E, 3504, 9, 2013/05/23, 18:21:36.979, 2887814088096, QTAgent32.exe, EnsureValid called via EnsureValid call for same element
E, 3504, 9, 2013/05/23, 18:21:36.983, 2887814135084, QTAgent32.exe, GetClassName for handle 3409424 failed
E, 3504, 9, 2013/05/23, 18:21:36.984, 2887814157705, QTAgent32.exe, Window 3409424 not responding. Last Win32 error 1400
E, 3504, 9, 2013/05/23, 18:21:36.985, 2887814160352, QTAgent32.exe, GetClassName for handle 3409424 failed
W, 3504, 9, 2013/05/23, 18:21:37.119, 2887816090098, QTAgent32.exe, &lt;a class=success&gt;Playback - {188} [SUCCESS] Check - "[MSAA, VisibleOnly]ControlType='CheckBox' &amp;&amp; Name='Defer Printing?'"
\0&lt;/a&gt;
W, 3504, 9, 2013/05/23, 18:21:38.431, 2887834871350, QTAgent32.exe, &lt;a class=success&gt;Playback - {189} [SUCCESS] MouseButtonClick - "[MSAA, VisibleOnly]ControlType='Button' &amp;&amp; Name='Ok'"
\0&lt;/a&gt;
W, 3504, 9, 2013/05/23, 18:21:38.531, 2887836308985, QTAgent32.exe, Playback - [WARNING] Internal warning: Thread state based WFR - Requested element has invalid HWND
\0
W, 3504, 9, 2013/05/23, 18:21:38.531, 2887836311526, QTAgent32.exe, Playback - [WARNING] Internal warning: process performance counters based WFR - Requested element has invalid HWND
\0
E, 3504, 9, 2013/05/23, 18:21:38.532, 2887836315901, QTAgent32.exe, EnsureValid called via EnsureValid call for same element
E, 3504, 9, 2013/05/23, 18:21:38.532, 2887836318736, QTAgent32.exe, EnsureValid called via EnsureValid call for same element
E, 3504, 9, 2013/05/23, 18:21:38.532, 2887836320551, QTAgent32.exe, EnsureValid called via EnsureValid call for same element
E, 3504, 9, 2013/05/23, 18:21:38.542, 2887836467340, QTAgent32.exe, GetClassName for handle 2099446 failed
E, 3504, 9, 2013/05/23, 18:21:38.544, 2887836490224, QTAgent32.exe, Window 2099446 not responding. Last Win32 error 1400
E, 3504, 9, 2013/05/23, 18:21:38.544, 2887836492910, QTAgent32.exe, GetClassName for handle 2099446 failed
W, 3504, 9, 2013/05/23, 18:21:39.096, 2887844395207, QTAgent32.exe, PERF WARNING: FindTopLevelWindowHelper::FindAllDescendents: took 551 ms. Expected it to take maximum 500 ms.
W, 3504, 9, 2013/05/23, 18:21:39.244, 2887846507483, QTAgent32.exe, &lt;a class=success&gt;Playback - {190} [SUCCESS] Uncheck - "[MSAA, VisibleOnly]ControlType='CheckBox' &amp;&amp; Name='Add Activity'"
\0&lt;/a&gt;
W, 3504, 9, 2013/05/23, 18:21:39.634, 2887852096565, QTAgent32.exe, &lt;a class=success&gt;Playback - {191} [SUCCESS] MouseButtonClick - "[MSAA, VisibleOnly]ControlType='Button' &amp;&amp; Name='Ok'"
\0&lt;/a&gt;
W, 3504, 9, 2013/05/23, 18:21:40.805, 2887868855659, QTAgent32.exe, PERF WARNING: FindTopLevelWindowHelper::FindAllDescendents: took 1069 ms. Expected it to take maximum 500 ms.
W, 3504, 9, 2013/05/23, 18:21:41.029, 2887872075833, QTAgent32.exe, &lt;a class=success&gt;Playback - {192} [SUCCESS] MouseButtonClick - "[MSAA, VisibleOnly]ControlType='Button' &amp;&amp; Name='OK'"
\0&lt;/a&gt;
W, 3504, 9, 2013/05/23, 18:21:42.392, 2887891586055, QTAgent32.exe, PERF WARNING: FindTopLevelWindowHelper::FindAllDescendents: took 1215 ms. Expected it to take maximum 500 ms.
W, 3504, 9, 2013/05/23, 18:21:42.535, 2887893637774, QTAgent32.exe, &lt;a class=success&gt;Playback - {193} [SUCCESS] MouseButtonClick - "[MSAA, VisibleOnly]ControlType='Button' &amp;&amp; Name='OK'"
\0&lt;/a&gt;
W, 3504, 9, 2013/05/23, 18:21:42.758, 2887896832458, QTAgent32.exe, &lt;a class=success&gt;Playback - {194} [SUCCESS] MouseButtonClick - "[MSAA, VisibleOnly]ControlType='Button' &amp;&amp; Name='Options'"
\0&lt;/a&gt;
W, 3504, 9, 2013/05/23, 18:21:42.859, 2887898270545, QTAgent32.exe, FindScreenElementInSinglePass : Attempting to find control in one pass of search. Failures can occur.
W, 3504, 9, 2013/05/23, 18:21:42.877, 2887898537696, QTAgent32.exe, Playback - [WARNING] Internal failure: Method GetBoundingRectangle failed (HRESULT = 0x1, "Incorrect function.") for Name = "Quote Select List" ," ControlType = "MenuItem"
\0
W, 3504, 9, 2013/05/23, 18:21:42.877, 2887898540038, QTAgent32.exe, Playback - [WARNING] Internal failure: Couldn't get clickable point for ScreenUIElement - GetClickablePoint failed
\0
W, 3504, 9, 2013/05/23, 18:21:42.878, 2887898544953, QTAgent32.exe, FindScreenElementInSinglePass : Attempting to find control in one pass of search. Failures can occur.
W, 3504, 9, 2013/05/23, 18:21:42.881, 2887898586651, QTAgent32.exe, FindScreenElementInSinglePass : Attempting to find control in one pass of search. Failures can occur.
W, 3504, 9, 2013/05/23, 18:21:43.004, 2887900355131, QTAgent32.exe, &lt;a class=success&gt;Playback - {195} [SUCCESS] LeftButtonClick - "[MSAA, VisibleOnly]ControlType='MenuBar' &amp;&amp; Name='Application'"  &lt; Mouse cursor location (960, 31) &gt;
\0&lt;/a&gt;
W, 3504, 9, 2013/05/23, 18:21:43.109, 2887901860115, QTAgent32.exe, &lt;a class=success&gt;Playback - {196} [SUCCESS] LeftButtonClick - "[MSAA]ControlType='MenuItem' &amp;&amp; Name='Options'"  &lt; Mouse cursor location (94, 31) &gt;
\0&lt;/a&gt;
W, 3504, 9, 2013/05/23, 18:21:43.522, 2887907761646, QTAgent32.exe, &lt;a class=success&gt;Playback - {197} [SUCCESS] LeftButtonClick - "[MSAA]ControlType='MenuItem' &amp;&amp; Name='Links'"  &lt; Mouse cursor location (174, 319) &gt;
\0&lt;/a&gt;
W, 3504, 9, 2013/05/23, 18:21:43.954, 2887913943854, QTAgent32.exe, &lt;a class=success&gt;Playback - {198} [SUCCESS] LeftButtonClick - "[MSAA]ControlType='MenuItem' &amp;&amp; Name='3rd Party Integration'"  &lt; Mouse cursor location (375, 319) &gt;
\0&lt;/a&gt;
W, 3504, 9, 2013/05/23, 18:21:44.403, 2887920373388, QTAgent32.exe, &lt;a class=success&gt;Playback - {199} [SUCCESS] MouseButtonClick - "[MSAA]ControlType='MenuItem' &amp;&amp; Name='Quote Select List'"
\0&lt;/a&gt;
W, 3504, 9, 2013/05/23, 18:21:45.672, 2887938550990, QTAgent32.exe, PERF WARNING: FindTopLevelWindowHelper::FindAllDescendents: took 1168 ms. Expected it to take maximum 500 ms.
W, 3504, 9, 2013/05/23, 18:21:45.809, 2887940507311, QTAgent32.exe, &lt;a class=success&gt;Playback - {200} [SUCCESS] MouseButtonClick - "[MSAA, VisibleOnly]ControlType='Button' &amp;&amp; Name='Ok'"
\0&lt;/a&gt;
W, 3504, 9, 2013/05/23, 18:21:45.913, 2887942000718, QTAgent32.exe, Playback - [WARNING] Internal warning: Thread state based WFR - Requested element has invalid HWND
\0
W, 3504, 9, 2013/05/23, 18:21:45.913, 2887942003012, QTAgent32.exe, Playback - [WARNING] Internal warning: process performance counters based WFR - Requested element has invalid HWND
\0
E, 3504, 9, 2013/05/23, 18:21:45.913, 2887942006757, QTAgent32.exe, EnsureValid called via EnsureValid call for same element
E, 3504, 9, 2013/05/23, 18:21:45.914, 2887942009802, QTAgent32.exe, EnsureValid called via EnsureValid call for same element
E, 3504, 9, 2013/05/23, 18:21:45.914, 2887942011401, QTAgent32.exe, EnsureValid called via EnsureValid call for same element
E, 3504, 9, 2013/05/23, 18:21:45.914, 2887942015249, QTAgent32.exe, GetClassName for handle 4130330 failed
E, 3504, 9, 2013/05/23, 18:21:45.914, 2887942021185, QTAgent32.exe, GetClassName for handle 4130330 failed
E, 3504, 9, 2013/05/23, 18:21:45.915, 2887942032865, QTAgent32.exe, Exception: System.Runtime.InteropServices.COMException
	Message: Error HRESULT E_FAIL has been returned from a call to a COM component.
	Stack Trace:    at Accessibility.IAccessible.get_accState(Object varChild)
   at Microsoft.VisualStudio.TestTools.UITest.Extension.Msaa.AccWrapper.get_State()
	BaseExceptionMessage: Error HRESULT E_FAIL has been returned from a call to a COM component.

E, 3504, 9, 2013/05/23, 18:21:45.916, 2887942038471, QTAgent32.exe, Exception: System.Runtime.InteropServices.COMException
	Message: Error HRESULT E_FAIL has been returned from a call to a COM component.
	Stack Trace:    at Accessibility.IAccessible.get_accState(Object varChild)
   at Microsoft.VisualStudio.TestTools.UITest.Extension.Msaa.AccWrapper.get_State()
	BaseExceptionMessage: Error HRESULT E_FAIL has been returned from a call to a COM component.

E, 3504, 9, 2013/05/23, 18:21:45.916, 2887942043537, QTAgent32.exe, Exception: System.Runtime.InteropServices.COMException
	Message: Error HRESULT E_FAIL has been returned from a call to a COM component.
	Stack Trace:    at Accessibility.IAccessible.get_accState(Object varChild)
   at Microsoft.VisualStudio.TestTools.UITest.Extension.Msaa.AccWrapper.get_State()
	BaseExceptionMessage: Error HRESULT E_FAIL has been returned from a call to a COM component.

E, 3504, 9, 2013/05/23, 18:21:45.916, 2887942049087, QTAgent32.exe, Exception: System.Runtime.InteropServices.COMException
	Message: Error HRESULT E_FAIL has been returned from a call to a COM component.
	Stack Trace:    at Accessibility.IAccessible.get_accState(Object varChild)
   at Microsoft.VisualStudio.TestTools.UITest.Extension.Msaa.AccWrapper.get_State()
	BaseExceptionMessage: Error HRESULT E_FAIL has been returned from a call to a COM component.

E, 3504, 9, 2013/05/23, 18:21:45.917, 2887942054403, QTAgent32.exe, Exception: System.Runtime.InteropServices.COMException
	Message: Error HRESULT E_FAIL has been returned from a call to a COM component.
	Stack Trace:    at Accessibility.IAccessible.get_accState(Object varChild)
   at Microsoft.VisualStudio.TestTools.UITest.Extension.Msaa.AccWrapper.get_State()
	BaseExceptionMessage: Error HRESULT E_FAIL has been returned from a call to a COM component.

E, 3504, 9, 2013/05/23, 18:21:45.917, 2887942059705, QTAgent32.exe, Exception: System.Runtime.InteropServices.COMException
	Message: Error HRESULT E_FAIL has been returned from a call to a COM component.
	Stack Trace:    at Accessibility.IAccessible.get_accState(Object varChild)
   at Microsoft.VisualStudio.TestTools.UITest.Extension.Msaa.AccWrapper.get_State()
	BaseExceptionMessage: Error HRESULT E_FAIL has been returned from a call to a COM component.

E, 3504, 9, 2013/05/23, 18:21:45.917, 2887942065256, QTAgent32.exe, Exception: System.Runtime.InteropServices.COMException
	Message: Error HRESULT E_FAIL has been returned from a call to a COM component.
	Stack Trace:    at Accessibility.IAccessible.get_accState(Object varChild)
   at Microsoft.VisualStudio.TestTools.UITest.Extension.Msaa.AccWrapper.get_State()
	BaseExceptionMessage: Error HRESULT E_FAIL has been returned from a call to a COM component.

W, 3504, 9, 2013/05/23, 18:21:46.116, 2887944904473, QTAgent32.exe, PERF WARNING: MSAA.UpdateQueryIDForNamelessControls: took 201 ms. Expected it to take maximum 200 ms.
W, 3504, 9, 2013/05/23, 18:21:46.116, 2887944908947, QTAgent32.exe, Msaa.Navigate: Exception [Error HRESULT E_FAIL has been returned from a call to a COM component.] while calling accNavigate.
E, 3504, 9, 2013/05/23, 18:21:46.116, 2887944909874, QTAgent32.exe, GetClassName for handle 2427350 failed
E, 3504, 9, 2013/05/23, 18:21:46.116, 2887944910635, QTAgent32.exe, Window 2427350 not responding. Last Win32 error 1400
E, 3504, 9, 2013/05/23, 18:21:46.116, 2887944912804, QTAgent32.exe, GetClassName for handle 4130330 failed
W, 3504, 9, 2013/05/23, 18:21:48.887, 2887984588749, QTAgent32.exe, PERF WARNING: FindTopLevelWindowHelper::FindAllDescendents: took 2770 ms. Expected it to take maximum 500 ms.
W, 3504, 9, 2013/05/23, 18:21:49.183, 2887988823745, QTAgent32.exe, &lt;a class=success&gt;Playback - {201} [SUCCESS] MouseButtonClick - "[MSAA, VisibleOnly]ControlType='Button' &amp;&amp; Name='Close'"
\0&lt;/a&gt;
W, 3504, 9, 2013/05/23, 18:21:49.772, 2887997259964, QTAgent32.exe, &lt;a class=success&gt;Playback - {202} [SUCCESS] MouseButtonClick - "[MSAA, VisibleOnly]ControlType='Button' &amp;&amp; Name='OK'"
\0&lt;/a&gt;
W, 3504, 9, 2013/05/23, 18:21:52.739, 2888039741265, QTAgent32.exe, IEDOM : StopSession of the plugin called before StartSession
W, 3504, 9, 2013/05/23, 18:21:52.740, 2888039743799, QTAgent32.exe, UIA : StopSession of the plugin called before StartSession
</DebugTrace>
      </Output>
    </UnitTestResult>
    <UnitTestResult executionId="346a8b47-ffb2-457d-9bf0-25c17d2213fb" testId="4cb42064-b5e7-bd75-4548-d64f848c0e04" testName="HouseCancelExit" computerName="ICLVDEVTM02" duration="00:05:04.4764911" startTime="2013-05-23T18:21:52.8922363+01:00" endTime="2013-05-23T18:26:57.3964034+01:00" testType="13cdc9d9-ddb5-4fa4-a97d-d965ccfc6d4b" outcome="Passed" testListId="8c84fa94-04c1-424b-9868-57a2d4851a1d" relativeResultsDirectory="346a8b47-ffb2-457d-9bf0-25c17d2213fb">
      <Output>
        <DebugTrace>W, 3504, 18, 2013/05/23, 18:21:57.827, 2888112589431, QTAgent32.exe, &lt;a class=success&gt;Playback - {1} [SUCCESS] MouseButtonClick - "[MSAA, VisibleOnly]ControlType='Edit'"
\0&lt;/a&gt;
W, 3504, 18, 2013/05/23, 18:21:58.157, 2888117311369, QTAgent32.exe, &lt;a class=success&gt;Playback - {2} [SUCCESS] SendKeys "[*]" - "[MSAA, VisibleOnly]ControlType='Edit'"
\0&lt;/a&gt;
W, 3504, 18, 2013/05/23, 18:21:58.879, 2888127647498, QTAgent32.exe, &lt;a class=success&gt;Playback - {3} [SUCCESS] MouseButtonClick - "[MSAA, VisibleOnly]ControlType='Button' &amp;&amp; Name='OK'"
\0&lt;/a&gt;
W, 3504, 18, 2013/05/23, 18:21:59.395, 2888135031054, QTAgent32.exe, &lt;a class=success&gt;Playback - {4} [SUCCESS] SendKeys "^{HOME}" - "[MSAA, VisibleOnly]ControlType='Edit'"
\0&lt;/a&gt;
E, 3504, 18, 2013/05/23, 18:21:59.395, 2888135033759, QTAgent32.exe, Msaa.GetFocusedElement: could not find accessible object of foreground window
W, 3504, 18, 2013/05/23, 18:21:59.483, 2888136298382, QTAgent32.exe, &lt;a class=success&gt;Playback - {5} [SUCCESS] SendKeys "^+{END}" - "[MSAA, VisibleOnly]ControlType='Edit'"
\0&lt;/a&gt;
E, 3504, 18, 2013/05/23, 18:21:59.484, 2888136302492, QTAgent32.exe, Msaa.GetFocusedElement: could not find accessible object of foreground window
W, 3504, 18, 2013/05/23, 18:21:59.513, 2888136718827, QTAgent32.exe, &lt;a class=success&gt;Playback - {6} [SUCCESS] SendKeys "{DELETE}" - "[MSAA, VisibleOnly]ControlType='Edit'"
\0&lt;/a&gt;
W, 3504, 18, 2013/05/23, 18:21:59.904, 2888142325864, QTAgent32.exe, &lt;a class=success&gt;Playback - {7} [SUCCESS] SetValueAsEditBox "23/05/2013" - "[MSAA, VisibleOnly]ControlType='Edit'"  &lt; Set via SendKeys &gt;
\0&lt;/a&gt;
W, 3504, 18, 2013/05/23, 18:22:00.496, 2888150797296, QTAgent32.exe, Playback - [WARNING] Internal warning: Incorrect flag set for InvokeProgrammaticAction\0
W, 3504, 18, 2013/05/23, 18:22:00.616, 2888152524237, QTAgent32.exe, &lt;a class=success&gt;Playback - {8} [SUCCESS] SetValueAsComboBox "May" - "[MSAA, VisibleOnly]ControlType='ComboBox'"  &lt; SetValueAsComboBox, set by clicking on the item in the list box &gt;
\0&lt;/a&gt;
W, 3504, 18, 2013/05/23, 18:22:00.927, 2888156968748, QTAgent32.exe, &lt;a class=success&gt;Playback - {9} [SUCCESS] SendKeys "^{HOME}" - "[MSAA, VisibleOnly]ControlType='Edit'"
\0&lt;/a&gt;
E, 3504, 18, 2013/05/23, 18:22:00.927, 2888156972118, QTAgent32.exe, Msaa.GetFocusedElement: could not find accessible object of foreground window
W, 3504, 18, 2013/05/23, 18:22:00.984, 2888157791802, QTAgent32.exe, &lt;a class=success&gt;Playback - {10} [SUCCESS] SendKeys "^+{END}" - "[MSAA, VisibleOnly]ControlType='Edit'"
\0&lt;/a&gt;
E, 3504, 18, 2013/05/23, 18:22:00.984, 2888157795199, QTAgent32.exe, Msaa.GetFocusedElement: could not find accessible object of foreground window
W, 3504, 18, 2013/05/23, 18:22:00.999, 2888158009225, QTAgent32.exe, &lt;a class=success&gt;Playback - {11} [SUCCESS] SendKeys "{DELETE}" - "[MSAA, VisibleOnly]ControlType='Edit'"
\0&lt;/a&gt;
W, 3504, 18, 2013/05/23, 18:22:01.243, 2888161494743, QTAgent32.exe, &lt;a class=success&gt;Playback - {12} [SUCCESS] SetValueAsEditBox "2013" - "[MSAA, VisibleOnly]ControlType='Edit'"  &lt; Set via SendKeys &gt;
\0&lt;/a&gt;
W, 3504, 18, 2013/05/23, 18:22:01.467, 2888164703397, QTAgent32.exe, &lt;a class=success&gt;Playback - {13} [SUCCESS] MouseButtonClick - "[MSAA, VisibleOnly]ControlType='Button' &amp;&amp; Name='OK'"
\0&lt;/a&gt;
W, 3504, 18, 2013/05/23, 18:22:02.661, 2888181801000, QTAgent32.exe, Playback - [WARNING] Internal warning: Window Not Found: [VisibleOnly]ControlType='Window' &amp;&amp; Name='Warning' &amp;&amp; ClassName='#32770'
\0
E, 3504, 18, 2013/05/23, 18:22:02.661, 2888181804436, QTAgent32.exe, &lt;a class=failure&gt;Playback - {14} [FAILED] Function ElementFetcher::FindScreenElement failed to locate UI element (Searching: ;[VisibleOnly]ControlType='Window' &amp;&amp; Name='Warning' &amp;&amp; ClassName='#32770') (The object specified was not found.)
\0&lt;/a&gt;
E, 3504, 18, 2013/05/23, 18:22:02.742, 2888182967539, QTAgent32.exe, Playback - [IMAGE] C:\Users\testuser\AppData\Local\Temp\UITestLogs\LastRun\RPFEBFD.png
\0
W, 3504, 18, 2013/05/23, 18:22:02.742, 2888182969797, QTAgent32.exe, Playback - [WARNING] Internal warning: Couldn't find descendants that match QueryId
\0
W, 3504, 18, 2013/05/23, 18:22:02.743, 2888182973003, QTAgent32.exe, PERF WARNING: FindTopLevelWindowHelper::FindAllDescendents: took 1156 ms. Expected it to take maximum 500 ms.
W, 3504, 18, 2013/05/23, 18:22:20.839, 2888442082147, QTAgent32.exe, Playback - [WARNING] Internal warning: Window Not Found: [VisibleOnly]ControlType='Window' &amp;&amp; Name='Warning' &amp;&amp; ClassName='#32770'
\0
E, 3504, 18, 2013/05/23, 18:22:20.840, 2888442085991, QTAgent32.exe, &lt;a class=failure&gt;Playback - {15} [FAILED] Function ElementFetcher::FindScreenElement failed to locate UI element (Searching: ;[VisibleOnly]ControlType='Window' &amp;&amp; Name='Warning' &amp;&amp; ClassName='#32770') (The object specified was not found.)
\0&lt;/a&gt;
E, 3504, 18, 2013/05/23, 18:22:20.929, 2888443363403, QTAgent32.exe, Playback - [IMAGE] C:\Users\testuser\AppData\Local\Temp\UITestLogs\LastRun\RPF32FC.png
\0
W, 3504, 18, 2013/05/23, 18:22:20.929, 2888443365934, QTAgent32.exe, Playback - [WARNING] Internal warning: Couldn't find descendants that match QueryId
\0
W, 3504, 18, 2013/05/23, 18:22:20.929, 2888443370057, QTAgent32.exe, PERF WARNING: FindTopLevelWindowHelper::FindAllDescendents: took 18186 ms. Expected it to take maximum 500 ms.
W, 3504, 18, 2013/05/23, 18:22:21.442, 2888450710085, QTAgent32.exe, Playback - [WARNING] Internal warning: Smart Match failed
\0
W, 3504, 18, 2013/05/23, 18:22:21.858, 2888456674759, QTAgent32.exe, Playback - [WARNING] Internal warning: Smart Match failed
\0
W, 3504, 18, 2013/05/23, 18:22:22.250, 2888462280634, QTAgent32.exe, Playback - [WARNING] Internal warning: Smart Match failed
\0
W, 3504, 18, 2013/05/23, 18:22:22.651, 2888468012618, QTAgent32.exe, Playback - [WARNING] Internal warning: Smart Match failed
\0
W, 3504, 18, 2013/05/23, 18:22:23.050, 2888473732990, QTAgent32.exe, Playback - [WARNING] Internal warning: Smart Match failed
\0
W, 3504, 18, 2013/05/23, 18:22:23.442, 2888479344277, QTAgent32.exe, Playback - [WARNING] Internal warning: Smart Match failed
\0
W, 3504, 18, 2013/05/23, 18:22:23.843, 2888485090843, QTAgent32.exe, Playback - [WARNING] Internal warning: Smart Match failed
\0
W, 3504, 18, 2013/05/23, 18:22:24.094, 2888488675897, QTAgent32.exe, Playback - [WARNING] Internal warning: Window Not Found: [VisibleOnly]ControlType='Window' &amp;&amp; Name='Warning' &amp;&amp; ClassName='#32770'
\0
E, 3504, 18, 2013/05/23, 18:22:24.094, 2888488678914, QTAgent32.exe, &lt;a class=failure&gt;Playback - {16} [FAILED] Function ElementFetcher::FindScreenElement failed to locate UI element (Searching: ;[VisibleOnly]ControlType='Window' &amp;&amp; Name='Warning' &amp;&amp; ClassName='#32770') (The object specified was not found.)
\0&lt;/a&gt;
E, 3504, 18, 2013/05/23, 18:22:24.172, 2888489805128, QTAgent32.exe, Playback - [IMAGE] C:\Users\testuser\AppData\Local\Temp\UITestLogs\LastRun\RPF3FAA.png
\0
W, 3504, 18, 2013/05/23, 18:22:24.173, 2888489807736, QTAgent32.exe, Playback - [WARNING] Internal warning: Couldn't find descendants that match QueryId
\0
W, 3504, 18, 2013/05/23, 18:22:24.173, 2888489810850, QTAgent32.exe, PERF WARNING: FindTopLevelWindowHelper::FindAllDescendents: took 3242 ms. Expected it to take maximum 500 ms.
E, 3504, 18, 2013/05/23, 18:22:24.173, 2888489812848, QTAgent32.exe, Exception: System.Runtime.InteropServices.COMException
	Message: Error HRESULT E_FAIL has been returned from a call to a COM component.
	Stack Trace:    at Microsoft.VisualStudio.TestTools.UITest.Playback.Engine.IRPFPlayback.FindAllScreenElements(IScreenElement pScreenElementStart, String bstrQueryId, Object&amp; pvarResKeys, Int32 cResKeys, Int32 nMaxDepth, Object[]&amp; foundDescendants)
   at Microsoft.VisualStudio.TestTools.UITest.Playback.ScreenElement.FindTopLevelWindowHelper(String queryId)
	BaseExceptionMessage: Error HRESULT E_FAIL has been returned from a call to a COM component.

E, 3504, 18, 2013/05/23, 18:22:24.315, 2888491851396, QTAgent32.exe, AL: Playback Error: Microsoft.VisualStudio.TestTools.UITest.Extension.UITestControlNotFoundException: The playback failed to find the control with the given search properties. Additional Details: 
TechnologyName:  'MSAA'
ControlType:  'Window'
Name:  'Warning'
ClassName:  '#32770'
 ---&gt; System.Runtime.InteropServices.COMException: Error HRESULT E_FAIL has been returned from a call to a COM component.
   at Microsoft.VisualStudio.TestTools.UITest.Playback.Engine.IRPFPlayback.FindAllScreenElements(IScreenElement pScreenElementStart, String bstrQueryId, Object&amp; pvarResKeys, Int32 cResKeys, Int32 nMaxDepth, Object[]&amp; foundDescendants)
   at Microsoft.VisualStudio.TestTools.UITest.Playback.ScreenElement.FindTopLevelWindowHelper(String queryId)
   at Microsoft.VisualStudio.TestTools.UITest.Playback.ScreenElement.FindFromPartialQueryId(String queryId)
   at Microsoft.VisualStudio.TestTools.UITesting.UITestControl..ctor(String queryId)
   --- End of inner exception stack trace ---
   at Microsoft.VisualStudio.TestTools.UITesting.Playback.MapControlNotFoundException(COMException ex, IPlaybackContext context)
   at Microsoft.VisualStudio.TestTools.UITesting.Playback.MapAndThrowComException(COMException innerException, IPlaybackContext context)
   at Microsoft.VisualStudio.TestTools.UITesting.Playback.MapAndThrowException(SystemException exception, IPlaybackContext context)
   at Microsoft.VisualStudio.TestTools.UITesting.Playback.MapAndThrowException(SystemException exception, String queryId)
   at Microsoft.VisualStudio.TestTools.UITesting.UITestControl..ctor(String queryId)
   at Microsoft.VisualStudio.TestTools.UITesting.SearchHelper.SearchTopLevelWindow(ISearchArgument topLevelSearchArg, String topLevelElementQueryId)
   at Microsoft.VisualStudio.TestTools.UITesting.SearchHelper.GetTitleUpdatedTopLevelWindow(ISearchArgument topLevelSearchArg, String queryId, IList`1 windowTitles)
   at Microsoft.VisualStudio.TestTools.UITesting.SearchHelper.GetTopLevelElement(Boolean useCache, Boolean useCacheOnly, ISearchArgument searchArg, IList`1 windowTitles, Int32&amp; timeLeft)
   at Microsoft.VisualStudio.TestTools.UITesting.SearchHelper.GetElement(Boolean useCache, ISearchArgument searchArg)
   at Microsoft.VisualStudio.TestTools.UITesting.SearchHelper.Search(ISearchArgument searchArg)
   at Microsoft.VisualStudio.TestTools.UITesting.UITestControl.FindInternal()
   at Microsoft.VisualStudio.TestTools.UITesting.UITestControl.FindControlIfNecessary()
   at Microsoft.VisualStudio.TestTools.UITesting.UITestControl.Click(MouseButtons button, ModifierKeys modifierKeys, Point relativeCoordinates)
   at Microsoft.VisualStudio.TestTools.UITesting.Mouse.ClickImplementation(UITestControl control, MouseButtons button, ModifierKeys modifierKeys, Point relativeCoordinate)
   at Microsoft.VisualStudio.TestTools.UITesting.Mouse.ClickImplementationWrapper(UITestControl control, MouseButtons button, ModifierKeys modifierKeys, Point relativeCoordinate)
W, 3504, 18, 2013/05/23, 18:22:24.316, 2888491854832, QTAgent32.exe, PlaybackErrorHandler: Ignoring exception as ContinueOnError is set.
W, 3504, 18, 2013/05/23, 18:22:24.352, 2888492372691, QTAgent32.exe, &lt;a class=success&gt;Playback - {17} [SUCCESS] TypeString "#(R)"
\0&lt;/a&gt;
W, 3504, 18, 2013/05/23, 18:22:24.977, 2888501324059, QTAgent32.exe, PERF WARNING: FindTopLevelWindowHelper::FindAllDescendents: took 525 ms. Expected it to take maximum 500 ms.
E, 3504, 18, 2013/05/23, 18:22:25.286, 2888505757618, QTAgent32.exe, Exception: System.ArgumentException
	Message: Value does not fall within the expected range.
	Stack Trace:    at Accessibility.IAccessible.get_accRole(Object varChild)
   at Microsoft.VisualStudio.TestTools.UITest.Extension.Msaa.AccWrapper.get_RoleInt()
	BaseExceptionMessage: Value does not fall within the expected range.

E, 3504, 18, 2013/05/23, 18:22:25.300, 2888505950764, QTAgent32.exe, Exception: System.ArgumentException
	Message: Value does not fall within the expected range.
	Stack Trace:    at Accessibility.IAccessible.get_accRole(Object varChild)
   at Microsoft.VisualStudio.TestTools.UITest.Extension.Msaa.AccWrapper.get_RoleInt()
	BaseExceptionMessage: Value does not fall within the expected range.

W, 3504, 18, 2013/05/23, 18:22:26.592, 2888524448370, QTAgent32.exe, &lt;a class=success&gt;Playback - {18} [SUCCESS] LeftButtonClick  &lt; Mouse cursor location (87, 908) &gt;
\0&lt;/a&gt;
W, 3504, 18, 2013/05/23, 18:22:28.301, 2888548924699, QTAgent32.exe, &lt;a class=success&gt;Playback - {19} [SUCCESS] SetValueAsEditBox "c:\TestProject7\office.reg"  &lt; Set via SendKeys &gt;
\0&lt;/a&gt;
W, 3504, 18, 2013/05/23, 18:22:28.302, 2888548927325, QTAgent32.exe, &lt;a class=success&gt;Playback - {20} [SUCCESS] SetValueAsComboBox "c:\TestProject7\office.reg" - "[MSAA, VisibleOnly]ControlType='ComboBox' &amp;&amp; Name='Open:'"  &lt; Set via SetValueAsEditBox &gt;
\0&lt;/a&gt;
W, 3504, 18, 2013/05/23, 18:22:28.555, 2888552554019, QTAgent32.exe, &lt;a class=success&gt;Playback - {21} [SUCCESS] MouseButtonClick - "[MSAA, VisibleOnly]ControlType='Button' &amp;&amp; Name='OK'"
\0&lt;/a&gt;
W, 3504, 18, 2013/05/23, 18:22:29.436, 2888565179283, QTAgent32.exe, Playback - [WARNING] Internal warning: Window Not Found: [VisibleOnly]ControlType='Window' &amp;&amp; Name='Registry Editor' &amp;&amp; ClassName='#32770'
\0
E, 3504, 18, 2013/05/23, 18:22:29.437, 2888565182326, QTAgent32.exe, &lt;a class=failure&gt;Playback - {22} [FAILED] Function ElementFetcher::FindScreenElement failed to locate UI element (Searching: ;[VisibleOnly]ControlType='Window' &amp;&amp; Name='Registry Editor' &amp;&amp; ClassName='#32770') (The object specified was not found.)
\0&lt;/a&gt;
E, 3504, 18, 2013/05/23, 18:22:29.528, 2888566490586, QTAgent32.exe, Playback - [IMAGE] C:\Users\testuser\AppData\Local\Temp\UITestLogs\LastRun\RPF5492.png
\0
W, 3504, 18, 2013/05/23, 18:22:29.528, 2888566493337, QTAgent32.exe, Playback - [WARNING] Internal warning: Couldn't find descendants that match QueryId
\0
W, 3504, 18, 2013/05/23, 18:22:29.528, 2888566496325, QTAgent32.exe, PERF WARNING: FindTopLevelWindowHelper::FindAllDescendents: took 866 ms. Expected it to take maximum 500 ms.
W, 3504, 18, 2013/05/23, 18:22:29.872, 2888571417868, QTAgent32.exe, &lt;a class=success&gt;Playback - {23} [SUCCESS] MouseButtonClick - "[MSAA, VisibleOnly]ControlType='Button' &amp;&amp; Name='Yes'"
\0&lt;/a&gt;
W, 3504, 18, 2013/05/23, 18:22:30.257, 2888576931032, QTAgent32.exe, &lt;a class=success&gt;Playback - {24} [SUCCESS] MouseButtonClick - "[MSAA, VisibleOnly]ControlType='Button' &amp;&amp; Name='OK'"
\0&lt;/a&gt;
W, 3504, 18, 2013/05/23, 18:22:30.522, 2888580718005, QTAgent32.exe, &lt;a class=success&gt;Playback - {25} [SUCCESS] MouseButtonClick - "[MSAA, VisibleOnly]ControlType='Button' &amp;&amp; Name='Clients &amp; Files'"
\0&lt;/a&gt;
W, 3504, 18, 2013/05/23, 18:22:32.082, 2888603060178, QTAgent32.exe, PERF WARNING: FindTopLevelWindowHelper::FindAllDescendents: took 1459 ms. Expected it to take maximum 500 ms.
W, 3504, 18, 2013/05/23, 18:22:33.030, 2888616625342, QTAgent32.exe, Playback - [WARNING] Internal warning: Incorrect flag set for InvokeProgrammaticAction\0
W, 3504, 18, 2013/05/23, 18:22:33.151, 2888618357869, QTAgent32.exe, &lt;a class=success&gt;Playback - {26} [SUCCESS] SetValueAsComboBox "Customers" - "[MSAA, VisibleOnly]ControlType='ComboBox'"  &lt; SetValueAsComboBox, set by clicking on the item in the list box &gt;
\0&lt;/a&gt;
W, 3504, 18, 2013/05/23, 18:22:33.678, 2888625917179, QTAgent32.exe, &lt;a class=success&gt;Playback - {27} [SUCCESS] MouseButtonClick - "[MSAA, VisibleOnly]ControlType='Button' &amp;&amp; Name='Add'"
\0&lt;/a&gt;
W, 3504, 18, 2013/05/23, 18:22:34.519, 2888637951526, QTAgent32.exe, &lt;a class=success&gt;Playback - {28} [SUCCESS] SendKeys "autotest" - "[MSAA, VisibleOnly]ControlType='RadioButton' &amp;&amp; Name='Personal Lines'"
\0&lt;/a&gt;
W, 3504, 18, 2013/05/23, 18:22:35.617, 2888653666606, QTAgent32.exe, &lt;a class=success&gt;Playback - {29} [SUCCESS] SetValueAsEditBox "autotest" - "[MSAA, VisibleOnly]ControlType='Edit'"  &lt; Set via SendKeys &gt;
\0&lt;/a&gt;
W, 3504, 18, 2013/05/23, 18:22:35.845, 2888656935349, QTAgent32.exe, &lt;a class=success&gt;Playback - {30} [SUCCESS] MouseButtonClick - "[MSAA, VisibleOnly]ControlType='Button' &amp;&amp; Name='OK'"
\0&lt;/a&gt;
W, 3504, 18, 2013/05/23, 18:22:36.146, 2888661240988, QTAgent32.exe, &lt;a class=success&gt;Playback - {31} [SUCCESS] MouseButtonClick - "[MSAA, VisibleOnly]ControlType='Button' &amp;&amp; Name='Yes'"
\0&lt;/a&gt;
W, 3504, 18, 2013/05/23, 18:22:36.787, 2888670427270, QTAgent32.exe, &lt;a class=success&gt;Playback - {32} [SUCCESS] SendKeys "^{HOME}" - "[MSAA, VisibleOnly]ControlType='Edit'"
\0&lt;/a&gt;
E, 3504, 18, 2013/05/23, 18:22:36.787, 2888670430350, QTAgent32.exe, Msaa.GetFocusedElement: could not find accessible object of foreground window
W, 3504, 18, 2013/05/23, 18:22:36.848, 2888671301483, QTAgent32.exe, &lt;a class=success&gt;Playback - {33} [SUCCESS] SendKeys "^+{END}" - "[MSAA, VisibleOnly]ControlType='Edit'"
\0&lt;/a&gt;
E, 3504, 18, 2013/05/23, 18:22:36.848, 2888671304395, QTAgent32.exe, Msaa.GetFocusedElement: could not find accessible object of foreground window
W, 3504, 18, 2013/05/23, 18:22:36.863, 2888671509435, QTAgent32.exe, &lt;a class=success&gt;Playback - {34} [SUCCESS] SendKeys "{DELETE}" - "[MSAA, VisibleOnly]ControlType='Edit'"
\0&lt;/a&gt;
W, 3504, 18, 2013/05/23, 18:22:37.291, 2888677644464, QTAgent32.exe, &lt;a class=success&gt;Playback - {35} [SUCCESS] SetValueAsEditBox "1" - "[MSAA, VisibleOnly]ControlType='Edit'"  &lt; Set via SendKeys &gt;
\0&lt;/a&gt;
W, 3504, 18, 2013/05/23, 18:22:37.916, 2888686587456, QTAgent32.exe, &lt;a class=success&gt;Playback - {36} [SUCCESS] SendKeys "^{HOME}" - "[MSAA, VisibleOnly]ControlType='Edit'"
\0&lt;/a&gt;
E, 3504, 18, 2013/05/23, 18:22:37.916, 2888686590982, QTAgent32.exe, Msaa.GetFocusedElement: could not find accessible object of foreground window
W, 3504, 18, 2013/05/23, 18:22:37.988, 2888687620805, QTAgent32.exe, &lt;a class=success&gt;Playback - {37} [SUCCESS] SendKeys "^+{END}" - "[MSAA, VisibleOnly]ControlType='Edit'"
\0&lt;/a&gt;
E, 3504, 18, 2013/05/23, 18:22:37.988, 2888687624713, QTAgent32.exe, Msaa.GetFocusedElement: could not find accessible object of foreground window
W, 3504, 18, 2013/05/23, 18:22:38.003, 2888687843914, QTAgent32.exe, &lt;a class=success&gt;Playback - {38} [SUCCESS] SendKeys "{DELETE}" - "[MSAA, VisibleOnly]ControlType='Edit'"
\0&lt;/a&gt;
W, 3504, 18, 2013/05/23, 18:22:38.447, 2888694191360, QTAgent32.exe, &lt;a class=success&gt;Playback - {39} [SUCCESS] SetValueAsEditBox "1" - "[MSAA, VisibleOnly]ControlType='Edit'"  &lt; Set via SendKeys &gt;
\0&lt;/a&gt;
W, 3504, 18, 2013/05/23, 18:22:40.066, 2888717365170, QTAgent32.exe, Playback - [WARNING] Internal warning: Target element "[MSAA, VisibleOnly]ControlType='Button' &amp;&amp; Name='OK'" was not found, so all intermediate elements were ignored. An incorrect element that matches target element Id can be found as the result.  Verify that all intermediate elements in QueryId have valid and unique Ids
\0
W, 3504, 18, 2013/05/23, 18:22:40.613, 2888725206242, QTAgent32.exe, PERF WARNING: FindAllDescendents: took 2056 ms. Expected it to take maximum 500 ms.
W, 3504, 18, 2013/05/23, 18:22:41.023, 2888731070264, QTAgent32.exe, &lt;a class=success&gt;Playback - {40} [SUCCESS] MouseButtonClick - "[MSAA, VisibleOnly]ControlType='Button' &amp;&amp; Name='OK'"
\0&lt;/a&gt;
W, 3504, 18, 2013/05/23, 18:22:41.588, 2888739164570, QTAgent32.exe, &lt;a class=success&gt;Playback - {41} [SUCCESS] MouseButtonClick - "[MSAA, VisibleOnly]ControlType='Button'"
\0&lt;/a&gt;
W, 3504, 18, 2013/05/23, 18:22:41.977, 2888744739598, QTAgent32.exe, &lt;a class=success&gt;Playback - {42} [SUCCESS] MouseButtonClick - "[MSAA, VisibleOnly]ControlType='Button' &amp;&amp; Name='Add'"
\0&lt;/a&gt;
W, 3504, 18, 2013/05/23, 18:22:42.210, 2888748072704, QTAgent32.exe, &lt;a class=success&gt;Playback - {43} [SUCCESS] MouseButtonClick - "[MSAA, VisibleOnly]ControlType='Button' &amp;&amp; Name='OK'"
\0&lt;/a&gt;
W, 3504, 18, 2013/05/23, 18:22:44.507, 2888780963910, QTAgent32.exe, &lt;a class=success&gt;Playback - {44} [SUCCESS] MouseButtonClick - "[MSAA, VisibleOnly,Window]ControlType='Window' &amp;&amp; ClassName='ThunderRT6TextBox'"
\0&lt;/a&gt;
W, 3504, 18, 2013/05/23, 18:22:45.596, 2888796552533, QTAgent32.exe, &lt;a class=success&gt;Playback - {45} [SUCCESS] SetValueAsEditBox "HOME" - "[MSAA, VisibleOnly]ControlType='Edit'"  &lt; Set via SendKeys &gt;
\0&lt;/a&gt;
W, 3504, 18, 2013/05/23, 18:22:45.978, 2888802022346, QTAgent32.exe, &lt;a class=success&gt;Playback - {46} [SUCCESS] MouseButtonClick - "[MSAA, VisibleOnly]ControlType='Button' &amp;&amp; Name='OK'"
\0&lt;/a&gt;
W, 3504, 18, 2013/05/23, 18:22:46.226, 2888805571970, QTAgent32.exe, &lt;a class=success&gt;Playback - {47} [SUCCESS] MouseButtonClick - "[MSAA, VisibleOnly]ControlType='Button' &amp;&amp; Name='Options'"
\0&lt;/a&gt;
W, 3504, 18, 2013/05/23, 18:22:46.327, 2888807008781, QTAgent32.exe, FindScreenElementInSinglePass : Attempting to find control in one pass of search. Failures can occur.
W, 3504, 18, 2013/05/23, 18:22:46.854, 2888814558989, QTAgent32.exe, &lt;a class=success&gt;Playback - {48} [SUCCESS] MouseButtonClick - "[MSAA]ControlType='MenuItem' &amp;&amp; Name='Links'"
\0&lt;/a&gt;
W, 3504, 18, 2013/05/23, 18:22:46.954, 2888815995836, QTAgent32.exe, FindScreenElementInSinglePass : Attempting to find control in one pass of search. Failures can occur.
W, 3504, 18, 2013/05/23, 18:22:47.475, 2888823457024, QTAgent32.exe, &lt;a class=success&gt;Playback - {49} [SUCCESS] MouseButtonClick - "[MSAA]ControlType='MenuItem' &amp;&amp; Name='3rd Party Integration'"
\0&lt;/a&gt;
W, 3504, 18, 2013/05/23, 18:22:47.576, 2888824897048, QTAgent32.exe, FindScreenElementInSinglePass : Attempting to find control in one pass of search. Failures can occur.
W, 3504, 18, 2013/05/23, 18:22:48.098, 2888832371086, QTAgent32.exe, &lt;a class=success&gt;Playback - {50} [SUCCESS] MouseButtonClick - "[MSAA]ControlType='MenuItem' &amp;&amp; Name='Quote Select List'"
\0&lt;/a&gt;
W, 3504, 18, 2013/05/23, 18:22:49.726, 2888855690003, QTAgent32.exe, PERF WARNING: FindTopLevelWindowHelper::FindAllDescendents: took 1528 ms. Expected it to take maximum 500 ms.
W, 3504, 18, 2013/05/23, 18:22:50.005, 2888859678355, QTAgent32.exe, &lt;a class=success&gt;Playback - {51} [SUCCESS] MouseButtonClick - "[MSAA, VisibleOnly]ControlType='Button' &amp;&amp; Name='Ok'"
\0&lt;/a&gt;
W, 3504, 18, 2013/05/23, 18:22:52.552, 2888896150254, QTAgent32.exe, PERF WARNING: FindTopLevelWindowHelper::FindAllDescendents: took 2423 ms. Expected it to take maximum 500 ms.
W, 3504, 18, 2013/05/23, 18:22:53.785, 2888913803203, QTAgent32.exe, &lt;a class=success&gt;Playback - {52} [SUCCESS] SetValueAsEditBox "test1" - "[MSAA, VisibleOnly]ControlType='Edit'"  &lt; Set via SendKeys &gt;
\0&lt;/a&gt;
W, 3504, 18, 2013/05/23, 18:22:54.868, 2888929304687, QTAgent32.exe, &lt;a class=success&gt;Playback - {53} [SUCCESS] SetValueAsEditBox "test" - "[MSAA, VisibleOnly]ControlType='Edit'"  &lt; Set via SendKeys &gt;
\0&lt;/a&gt;
W, 3504, 18, 2013/05/23, 18:22:55.470, 2888937933904, QTAgent32.exe, &lt;a class=success&gt;Playback - {54} [SUCCESS] SendKeys "^{HOME}" - "[MSAA, VisibleOnly]ControlType='Edit'"
\0&lt;/a&gt;
E, 3504, 18, 2013/05/23, 18:22:55.471, 2888937938314, QTAgent32.exe, Msaa.GetFocusedElement: could not find accessible object of foreground window
W, 3504, 18, 2013/05/23, 18:22:55.526, 2888938733239, QTAgent32.exe, &lt;a class=success&gt;Playback - {55} [SUCCESS] SendKeys "^+{END}" - "[MSAA, VisibleOnly]ControlType='Edit'"
\0&lt;/a&gt;
E, 3504, 18, 2013/05/23, 18:22:55.526, 2888938736626, QTAgent32.exe, Msaa.GetFocusedElement: could not find accessible object of foreground window
W, 3504, 18, 2013/05/23, 18:22:55.542, 2888938957555, QTAgent32.exe, &lt;a class=success&gt;Playback - {56} [SUCCESS] SendKeys "{DELETE}" - "[MSAA, VisibleOnly]ControlType='Edit'"
\0&lt;/a&gt;
W, 3504, 18, 2013/05/23, 18:22:56.114, 2888947154554, QTAgent32.exe, &lt;a class=success&gt;Playback - {57} [SUCCESS] SetValueAsEditBox "test" - "[MSAA, VisibleOnly]ControlType='Edit'"  &lt; Set via SendKeys &gt;
\0&lt;/a&gt;
W, 3504, 18, 2013/05/23, 18:22:57.330, 2888964560571, QTAgent32.exe, Playback - [WARNING] Internal warning: Incorrect flag set for InvokeProgrammaticAction\0
W, 3504, 18, 2013/05/23, 18:22:57.451, 2888966292225, QTAgent32.exe, &lt;a class=success&gt;Playback - {58} [SUCCESS] SetValueAsComboBox "Account Director" - "[MSAA, VisibleOnly]ControlType='ComboBox'"  &lt; SetValueAsComboBox, set by clicking on the item in the list box &gt;
\0&lt;/a&gt;
W, 3504, 18, 2013/05/23, 18:22:58.603, 2888982784527, QTAgent32.exe, Playback - [WARNING] Internal warning: Incorrect flag set for InvokeProgrammaticAction\0
W, 3504, 18, 2013/05/23, 18:22:58.723, 2888984510422, QTAgent32.exe, &lt;a class=success&gt;Playback - {59} [SUCCESS] SetValueAsComboBox "Advertising" - "[MSAA, VisibleOnly]ControlType='ComboBox'"  &lt; SetValueAsComboBox, set by clicking on the item in the list box &gt;
\0&lt;/a&gt;
W, 3504, 18, 2013/05/23, 18:23:00.057, 2889003608335, QTAgent32.exe, &lt;a class=success&gt;Playback - {60} [SUCCESS] SetValueAsEditBox "160589" - "[MSAA, VisibleOnly]ControlType='Edit'"  &lt; Set via SendKeys &gt;
\0&lt;/a&gt;
W, 3504, 18, 2013/05/23, 18:23:00.287, 2889006897054, QTAgent32.exe, &lt;a class=success&gt;Playback - {61} [SUCCESS] MouseButtonClick - "[MSAA, VisibleOnly]ControlType='Edit'"
\0&lt;/a&gt;
W, 3504, 18, 2013/05/23, 18:23:01.523, 2889024596696, QTAgent32.exe, &lt;a class=success&gt;Playback - {62} [SUCCESS] SetValueAsEditBox "B338TH" - "[MSAA, VisibleOnly]ControlType='Edit'"  &lt; Set via SendKeys &gt;
\0&lt;/a&gt;
W, 3504, 18, 2013/05/23, 18:23:03.759, 2889056609463, QTAgent32.exe, &lt;a class=success&gt;Playback - {63} [SUCCESS] MouseButtonClick - "[MSAA, VisibleOnly]ControlType='Button' &amp;&amp; Name='Lookup...'"
\0&lt;/a&gt;
W, 3504, 18, 2013/05/23, 18:23:04.049, 2889060771259, QTAgent32.exe, &lt;a class=success&gt;Playback - {64} [SUCCESS] MouseButtonClick - "[MSAA, VisibleOnly]ControlType='Button' &amp;&amp; Name='Ok'"
\0&lt;/a&gt;
W, 3504, 18, 2013/05/23, 18:23:04.421, 2889066094072, QTAgent32.exe, &lt;a class=success&gt;Playback - {65} [SUCCESS] MouseButtonClick - "[MSAA, VisibleOnly]ControlType='Button' &amp;&amp; Name='Next &gt;'"
\0&lt;/a&gt;
W, 3504, 18, 2013/05/23, 18:23:05.538, 2889082087139, QTAgent32.exe, &lt;a class=success&gt;Playback - {66} [SUCCESS] SetValueAsEditBox "1989" - "[MSAA, VisibleOnly]ControlType='Edit'"  &lt; Set via SendKeys &gt;
\0&lt;/a&gt;
W, 3504, 18, 2013/05/23, 18:23:05.840, 2889086408125, QTAgent32.exe, &lt;a class=success&gt;Playback - {67} [SUCCESS] MouseButtonClick - "[MSAA, VisibleOnly]ControlType='Button' &amp;&amp; Name='Next &gt;'"
\0&lt;/a&gt;
W, 3504, 18, 2013/05/23, 18:23:06.083, 2889089879807, QTAgent32.exe, &lt;a class=success&gt;Playback - {68} [SUCCESS] MouseButtonClick - "[MSAA, VisibleOnly]ControlType='Button' &amp;&amp; Name='Next &gt;'"
\0&lt;/a&gt;
W, 3504, 18, 2013/05/23, 18:23:06.327, 2889093374733, QTAgent32.exe, &lt;a class=success&gt;Playback - {69} [SUCCESS] MouseButtonClick - "[MSAA, VisibleOnly]ControlType='Button' &amp;&amp; Name='Next &gt;'"
\0&lt;/a&gt;
W, 3504, 18, 2013/05/23, 18:23:07.425, 2889109107172, QTAgent32.exe, &lt;a class=success&gt;Playback - {70} [SUCCESS] SetValueAsEditBox "2345" - "[MSAA, VisibleOnly]ControlType='Edit'"  &lt; Set via SendKeys &gt;
\0&lt;/a&gt;
W, 3504, 18, 2013/05/23, 18:23:08.572, 2889125523054, QTAgent32.exe, &lt;a class=success&gt;Playback - {71} [SUCCESS] SetValueAsEditBox "2000" - "[MSAA, VisibleOnly]ControlType='Edit'"  &lt; Set via SendKeys &gt;
\0&lt;/a&gt;
W, 3504, 18, 2013/05/23, 18:23:09.645, 2889140895335, QTAgent32.exe, &lt;a class=success&gt;Playback - {72} [SUCCESS] SetValueAsEditBox "2000" - "[MSAA, VisibleOnly]ControlType='Edit'"  &lt; Set via SendKeys &gt;
\0&lt;/a&gt;
W, 3504, 18, 2013/05/23, 18:23:09.869, 2889144095229, QTAgent32.exe, &lt;a class=success&gt;Playback - {73} [SUCCESS] MouseButtonClick - "[MSAA, VisibleOnly]ControlType='Button' &amp;&amp; Name='Next &gt;'"
\0&lt;/a&gt;
W, 3504, 18, 2013/05/23, 18:23:10.980, 2889160008300, QTAgent32.exe, &lt;a class=success&gt;Playback - {74} [SUCCESS] SetValueAsEditBox "2345" - "[MSAA, VisibleOnly]ControlType='Edit'"  &lt; Set via SendKeys &gt;
\0&lt;/a&gt;
W, 3504, 18, 2013/05/23, 18:23:11.234, 2889163637736, QTAgent32.exe, &lt;a class=success&gt;Playback - {75} [SUCCESS] MouseButtonClick - "[MSAA, VisibleOnly]ControlType='Button' &amp;&amp; Name='Next &gt;'"
\0&lt;/a&gt;
W, 3504, 18, 2013/05/23, 18:23:11.507, 2889167547784, QTAgent32.exe, &lt;a class=success&gt;Playback - {76} [SUCCESS] MouseButtonClick - "[MSAA, VisibleOnly]ControlType='Button' &amp;&amp; Name='Next &gt;'"
\0&lt;/a&gt;
W, 3504, 18, 2013/05/23, 18:23:11.888, 2889172999702, QTAgent32.exe, &lt;a class=success&gt;Playback - {77} [SUCCESS] MouseButtonClick - "[MSAA, VisibleOnly]ControlType='Button' &amp;&amp; Name='Quote'"
\0&lt;/a&gt;
W, 3504, 18, 2013/05/23, 18:23:12.118, 2889176304670, QTAgent32.exe, &lt;a class=success&gt;Playback - {78} [SUCCESS] MouseButtonClick - "[MSAA, VisibleOnly]ControlType='Button' &amp;&amp; Name='No'"
\0&lt;/a&gt;
W, 3504, 18, 2013/05/23, 18:23:12.373, 2889179944449, QTAgent32.exe, &lt;a class=success&gt;Playback - {79} [SUCCESS] MouseButtonClick - "[MSAA, VisibleOnly]ControlType='Button' &amp;&amp; Name='Ok'"
\0&lt;/a&gt;
W, 3504, 18, 2013/05/23, 18:23:20.363, 2889294347608, QTAgent32.exe, PERF WARNING: FindTopLevelWindowHelper::FindAllDescendents: took 7886 ms. Expected it to take maximum 500 ms.
W, 3504, 18, 2013/05/23, 18:23:20.494, 2889296228006, QTAgent32.exe, &lt;a class=success&gt;Playback - {80} [SUCCESS] MouseButtonClick - "[MSAA, VisibleOnly]ControlType='Client'"
\0&lt;/a&gt;
W, 3504, 18, 2013/05/23, 18:23:22.418, 2889323768434, QTAgent32.exe, &lt;a class=success&gt;Playback - {81} [SUCCESS] SendKeys "{End}" - "[MSAA, VisibleOnly]ControlType='Client'"
\0&lt;/a&gt;
W, 3504, 18, 2013/05/23, 18:23:23.927, 2889345388944, QTAgent32.exe, &lt;a class=success&gt;Playback - {82} [SUCCESS] MouseButtonClick - "[MSAA, VisibleOnly]ControlType='Button' &amp;&amp; Name='Accept'"
\0&lt;/a&gt;
W, 3504, 18, 2013/05/23, 18:23:26.166, 2889377432062, QTAgent32.exe, &lt;a class=success&gt;Playback - {83} [SUCCESS] MouseButtonClick - "[MSAA, VisibleOnly]ControlType='Button' &amp;&amp; Name='Yes'"
\0&lt;/a&gt;
W, 3504, 18, 2013/05/23, 18:23:42.262, 2889607907940, QTAgent32.exe, Playback - [WARNING] Internal warning: Window Not Found: [VisibleOnly]ControlType='Window' &amp;&amp; Name='Broker Add-ons' &amp;&amp; ClassName='ThunderRT6FormDC'
\0
E, 3504, 18, 2013/05/23, 18:23:42.263, 2889607916365, QTAgent32.exe, &lt;a class=failure&gt;Playback - {84} [FAILED] Function ElementFetcher::FindScreenElement failed to locate UI element (Searching: ;[VisibleOnly]ControlType='Window' &amp;&amp; Name='Broker Add-ons' &amp;&amp; ClassName='ThunderRT6FormDC') (The object specified was not found.)
\0&lt;/a&gt;
E, 3504, 18, 2013/05/23, 18:23:42.351, 2889609183060, QTAgent32.exe, Playback - [IMAGE] C:\Users\testuser\AppData\Local\Temp\UITestLogs\LastRun\RPF7108.png
\0
W, 3504, 18, 2013/05/23, 18:23:42.351, 2889609187150, QTAgent32.exe, Playback - [WARNING] Internal warning: Couldn't find descendants that match QueryId
\0
W, 3504, 18, 2013/05/23, 18:23:42.352, 2889609196730, QTAgent32.exe, PERF WARNING: FindTopLevelWindowHelper::FindAllDescendents: took 16059 ms. Expected it to take maximum 500 ms.
W, 3504, 18, 2013/05/23, 18:24:01.763, 2889887116559, QTAgent32.exe, Playback - [WARNING] Internal warning: Window Not Found: [VisibleOnly]ControlType='Window' &amp;&amp; Name='Broker Add-ons' &amp;&amp; ClassName='ThunderRT6FormDC'
\0
E, 3504, 18, 2013/05/23, 18:24:01.763, 2889887124287, QTAgent32.exe, &lt;a class=failure&gt;Playback - {85} [FAILED] Function ElementFetcher::FindScreenElement failed to locate UI element (Searching: ;[VisibleOnly]ControlType='Window' &amp;&amp; Name='Broker Add-ons' &amp;&amp; ClassName='ThunderRT6FormDC') (The object specified was not found.)
\0&lt;/a&gt;
E, 3504, 18, 2013/05/23, 18:24:01.849, 2889888360308, QTAgent32.exe, Playback - [IMAGE] C:\Users\testuser\AppData\Local\Temp\UITestLogs\LastRun\RPFBD35.png
\0
W, 3504, 18, 2013/05/23, 18:24:01.850, 2889888363020, QTAgent32.exe, Playback - [WARNING] Internal warning: Couldn't find descendants that match QueryId
\0
W, 3504, 18, 2013/05/23, 18:24:01.850, 2889888370085, QTAgent32.exe, PERF WARNING: FindTopLevelWindowHelper::FindAllDescendents: took 19497 ms. Expected it to take maximum 500 ms.
W, 3504, 18, 2013/05/23, 18:24:04.547, 2889926994282, QTAgent32.exe, Playback - [WARNING] Internal warning: Smart Match failed
\0
W, 3504, 18, 2013/05/23, 18:24:05.934, 2889946840994, QTAgent32.exe, Playback - [WARNING] Internal warning: Window Not Found: [VisibleOnly]ControlType='Window' &amp;&amp; Name='Broker Add-ons' &amp;&amp; ClassName='ThunderRT6FormDC'
\0
E, 3504, 18, 2013/05/23, 18:24:05.934, 2889946845339, QTAgent32.exe, &lt;a class=failure&gt;Playback - {86} [FAILED] Function ElementFetcher::FindScreenElement failed to locate UI element (Searching: ;[VisibleOnly]ControlType='Window' &amp;&amp; Name='Broker Add-ons' &amp;&amp; ClassName='ThunderRT6FormDC') (The object specified was not found.)
\0&lt;/a&gt;
E, 3504, 18, 2013/05/23, 18:24:06.017, 2889948037528, QTAgent32.exe, Playback - [IMAGE] C:\Users\testuser\AppData\Local\Temp\UITestLogs\LastRun\RPFCD8B.png
\0
W, 3504, 18, 2013/05/23, 18:24:06.017, 2889948039698, QTAgent32.exe, Playback - [WARNING] Internal warning: Couldn't find descendants that match QueryId
\0
W, 3504, 18, 2013/05/23, 18:24:06.018, 2889948042851, QTAgent32.exe, PERF WARNING: FindTopLevelWindowHelper::FindAllDescendents: took 4167 ms. Expected it to take maximum 500 ms.
E, 3504, 18, 2013/05/23, 18:24:06.018, 2889948044824, QTAgent32.exe, Exception: System.Runtime.InteropServices.COMException
	Message: Error HRESULT E_FAIL has been returned from a call to a COM component.
	Stack Trace:    at Microsoft.VisualStudio.TestTools.UITest.Playback.Engine.IRPFPlayback.FindAllScreenElements(IScreenElement pScreenElementStart, String bstrQueryId, Object&amp; pvarResKeys, Int32 cResKeys, Int32 nMaxDepth, Object[]&amp; foundDescendants)
   at Microsoft.VisualStudio.TestTools.UITest.Playback.ScreenElement.FindTopLevelWindowHelper(String queryId)
	BaseExceptionMessage: Error HRESULT E_FAIL has been returned from a call to a COM component.

E, 3504, 18, 2013/05/23, 18:24:06.120, 2889949503065, QTAgent32.exe, AL: Playback Error: Microsoft.VisualStudio.TestTools.UITest.Extension.UITestControlNotFoundException: The playback failed to find the control with the given search properties. Additional Details: 
TechnologyName:  'MSAA'
ControlType:  'Window'
Name:  'Broker Add-ons'
ClassName:  'ThunderRT6FormDC'
 ---&gt; System.Runtime.InteropServices.COMException: Error HRESULT E_FAIL has been returned from a call to a COM component.
   at Microsoft.VisualStudio.TestTools.UITest.Playback.Engine.IRPFPlayback.FindAllScreenElements(IScreenElement pScreenElementStart, String bstrQueryId, Object&amp; pvarResKeys, Int32 cResKeys, Int32 nMaxDepth, Object[]&amp; foundDescendants)
   at Microsoft.VisualStudio.TestTools.UITest.Playback.ScreenElement.FindTopLevelWindowHelper(String queryId)
   at Microsoft.VisualStudio.TestTools.UITest.Playback.ScreenElement.FindFromPartialQueryId(String queryId)
   at Microsoft.VisualStudio.TestTools.UITesting.UITestControl..ctor(String queryId)
   --- End of inner exception stack trace ---
   at Microsoft.VisualStudio.TestTools.UITesting.Playback.MapControlNotFoundException(COMException ex, IPlaybackContext context)
   at Microsoft.VisualStudio.TestTools.UITesting.Playback.MapAndThrowComException(COMException innerException, IPlaybackContext context)
   at Microsoft.VisualStudio.TestTools.UITesting.Playback.MapAndThrowException(SystemException exception, IPlaybackContext context)
   at Microsoft.VisualStudio.TestTools.UITesting.Playback.MapAndThrowException(SystemException exception, String queryId)
   at Microsoft.VisualStudio.TestTools.UITesting.UITestControl..ctor(String queryId)
   at Microsoft.VisualStudio.TestTools.UITesting.SearchHelper.SearchTopLevelWindow(ISearchArgument topLevelSearchArg, String topLevelElementQueryId)
   at Microsoft.VisualStudio.TestTools.UITesting.SearchHelper.GetTitleUpdatedTopLevelWindow(ISearchArgument topLevelSearchArg, String queryId, IList`1 windowTitles)
   at Microsoft.VisualStudio.TestTools.UITesting.SearchHelper.GetTopLevelElement(Boolean useCache, Boolean useCacheOnly, ISearchArgument searchArg, IList`1 windowTitles, Int32&amp; timeLeft)
   at Microsoft.VisualStudio.TestTools.UITesting.SearchHelper.GetElement(Boolean useCache, ISearchArgument searchArg)
   at Microsoft.VisualStudio.TestTools.UITesting.SearchHelper.Search(ISearchArgument searchArg)
   at Microsoft.VisualStudio.TestTools.UITesting.UITestControl.FindInternal()
   at Microsoft.VisualStudio.TestTools.UITesting.UITestControl.FindControlIfNecessary()
   at Microsoft.VisualStudio.TestTools.UITesting.UITestControl.Click(MouseButtons button, ModifierKeys modifierKeys, Point relativeCoordinates)
   at Microsoft.VisualStudio.TestTools.UITesting.Mouse.ClickImplementation(UITestControl control, MouseButtons button, ModifierKeys modifierKeys, Point relativeCoordinate)
   at Microsoft.VisualStudio.TestTools.UITesting.Mouse.ClickImplementationWrapper(UITestControl control, MouseButtons button, ModifierKeys modifierKeys, Point relativeCoordinate)
W, 3504, 18, 2013/05/23, 18:24:06.120, 2889949506847, QTAgent32.exe, PlaybackErrorHandler: Ignoring exception as ContinueOnError is set.
W, 3504, 18, 2013/05/23, 18:24:13.636, 2890057125467, QTAgent32.exe, Playback - [WARNING] Internal warning: Window Not Found: [VisibleOnly]ControlType='Window' &amp;&amp; Name='Save the file as' &amp;&amp; ClassName='#32770'
\0
E, 3504, 18, 2013/05/23, 18:24:13.640, 2890057173724, QTAgent32.exe, &lt;a class=failure&gt;Playback - {87} [FAILED] Function ElementFetcher::FindScreenElement failed to locate UI element (Searching: ;[VisibleOnly]ControlType='Window' &amp;&amp; Name='Save the file as' &amp;&amp; ClassName='#32770') (The object specified was not found.)
\0&lt;/a&gt;
E, 3504, 18, 2013/05/23, 18:24:13.728, 2890058442553, QTAgent32.exe, Playback - [IMAGE] C:\Users\testuser\AppData\Local\Temp\UITestLogs\LastRun\RPFEBA7.png
\0
W, 3504, 18, 2013/05/23, 18:24:13.728, 2890058445314, QTAgent32.exe, Playback - [WARNING] Internal warning: Couldn't find descendants that match QueryId
\0
W, 3504, 18, 2013/05/23, 18:24:13.729, 2890058455659, QTAgent32.exe, PERF WARNING: FindTopLevelWindowHelper::FindAllDescendents: took 7608 ms. Expected it to take maximum 500 ms.
W, 3504, 18, 2013/05/23, 18:24:32.971, 2890333963432, QTAgent32.exe, Playback - [WARNING] Internal warning: Window Not Found: [VisibleOnly]ControlType='Window' &amp;&amp; Name='Save the file as' &amp;&amp; ClassName='#32770'
\0
E, 3504, 18, 2013/05/23, 18:24:32.971, 2890333970878, QTAgent32.exe, &lt;a class=failure&gt;Playback - {88} [FAILED] Function ElementFetcher::FindScreenElement failed to locate UI element (Searching: ;[VisibleOnly]ControlType='Window' &amp;&amp; Name='Save the file as' &amp;&amp; ClassName='#32770') (The object specified was not found.)
\0&lt;/a&gt;
E, 3504, 18, 2013/05/23, 18:24:33.072, 2890335413957, QTAgent32.exe, Playback - [IMAGE] C:\Users\testuser\AppData\Local\Temp\UITestLogs\LastRun\RPF3728.png
\0
W, 3504, 18, 2013/05/23, 18:24:33.072, 2890335416381, QTAgent32.exe, Playback - [WARNING] Internal warning: Couldn't find descendants that match QueryId
\0
W, 3504, 18, 2013/05/23, 18:24:33.073, 2890335422889, QTAgent32.exe, PERF WARNING: FindTopLevelWindowHelper::FindAllDescendents: took 19343 ms. Expected it to take maximum 500 ms.
W, 3504, 18, 2013/05/23, 18:24:35.735, 2890373546941, QTAgent32.exe, Playback - [WARNING] Internal warning: Smart Match failed
\0
W, 3504, 18, 2013/05/23, 18:24:37.126, 2890393449585, QTAgent32.exe, Playback - [WARNING] Internal warning: Window Not Found: [VisibleOnly]ControlType='Window' &amp;&amp; Name='Save the file as' &amp;&amp; ClassName='#32770'
\0
E, 3504, 18, 2013/05/23, 18:24:37.126, 2890393452668, QTAgent32.exe, &lt;a class=failure&gt;Playback - {89} [FAILED] Function ElementFetcher::FindScreenElement failed to locate UI element (Searching: ;[VisibleOnly]ControlType='Window' &amp;&amp; Name='Save the file as' &amp;&amp; ClassName='#32770') (The object specified was not found.)
\0&lt;/a&gt;
E, 3504, 18, 2013/05/23, 18:24:37.205, 2890394591157, QTAgent32.exe, Playback - [IMAGE] C:\Users\testuser\AppData\Local\Temp\UITestLogs\LastRun\RPF475F.png
\0
W, 3504, 18, 2013/05/23, 18:24:37.205, 2890394593441, QTAgent32.exe, Playback - [WARNING] Internal warning: Couldn't find descendants that match QueryId
\0
W, 3504, 18, 2013/05/23, 18:24:37.206, 2890394596725, QTAgent32.exe, PERF WARNING: FindTopLevelWindowHelper::FindAllDescendents: took 4132 ms. Expected it to take maximum 500 ms.
E, 3504, 18, 2013/05/23, 18:24:37.206, 2890394598648, QTAgent32.exe, Exception: System.Runtime.InteropServices.COMException
	Message: Error HRESULT E_FAIL has been returned from a call to a COM component.
	Stack Trace:    at Microsoft.VisualStudio.TestTools.UITest.Playback.Engine.IRPFPlayback.FindAllScreenElements(IScreenElement pScreenElementStart, String bstrQueryId, Object&amp; pvarResKeys, Int32 cResKeys, Int32 nMaxDepth, Object[]&amp; foundDescendants)
   at Microsoft.VisualStudio.TestTools.UITest.Playback.ScreenElement.FindTopLevelWindowHelper(String queryId)
	BaseExceptionMessage: Error HRESULT E_FAIL has been returned from a call to a COM component.

E, 3504, 18, 2013/05/23, 18:24:37.307, 2890396041996, QTAgent32.exe, AL: Playback Error: Microsoft.VisualStudio.TestTools.UITest.Extension.UITestControlNotFoundException: The playback failed to find the control with the given search properties. Additional Details: 
TechnologyName:  'MSAA'
ControlType:  'Window'
Name:  'Save the file as'
ClassName:  '#32770'
 ---&gt; System.Runtime.InteropServices.COMException: Error HRESULT E_FAIL has been returned from a call to a COM component.
   at Microsoft.VisualStudio.TestTools.UITest.Playback.Engine.IRPFPlayback.FindAllScreenElements(IScreenElement pScreenElementStart, String bstrQueryId, Object&amp; pvarResKeys, Int32 cResKeys, Int32 nMaxDepth, Object[]&amp; foundDescendants)
   at Microsoft.VisualStudio.TestTools.UITest.Playback.ScreenElement.FindTopLevelWindowHelper(String queryId)
   at Microsoft.VisualStudio.TestTools.UITest.Playback.ScreenElement.FindFromPartialQueryId(String queryId)
   at Microsoft.VisualStudio.TestTools.UITesting.UITestControl..ctor(String queryId)
   --- End of inner exception stack trace ---
   at Microsoft.VisualStudio.TestTools.UITesting.Playback.MapControlNotFoundException(COMException ex, IPlaybackContext context)
   at Microsoft.VisualStudio.TestTools.UITesting.Playback.MapAndThrowComException(COMException innerException, IPlaybackContext context)
   at Microsoft.VisualStudio.TestTools.UITesting.Playback.MapAndThrowException(SystemException exception, IPlaybackContext context)
   at Microsoft.VisualStudio.TestTools.UITesting.Playback.MapAndThrowException(SystemException exception, String queryId)
   at Microsoft.VisualStudio.TestTools.UITesting.UITestControl..ctor(String queryId)
   at Microsoft.VisualStudio.TestTools.UITesting.SearchHelper.SearchTopLevelWindow(ISearchArgument topLevelSearchArg, String topLevelElementQueryId)
   at Microsoft.VisualStudio.TestTools.UITesting.SearchHelper.GetTitleUpdatedTopLevelWindow(ISearchArgument topLevelSearchArg, String queryId, IList`1 windowTitles)
   at Microsoft.VisualStudio.TestTools.UITesting.SearchHelper.GetTopLevelElement(Boolean useCache, Boolean useCacheOnly, ISearchArgument searchArg, IList`1 windowTitles, Int32&amp; timeLeft)
   at Microsoft.VisualStudio.TestTools.UITesting.SearchHelper.GetElement(Boolean useCache, ISearchArgument searchArg)
   at Microsoft.VisualStudio.TestTools.UITesting.SearchHelper.Search(ISearchArgument searchArg)
   at Microsoft.VisualStudio.TestTools.UITesting.UITestControl.FindInternal()
   at Microsoft.VisualStudio.TestTools.UITesting.UITestControl.FindControlIfNecessary()
   at Microsoft.VisualStudio.TestTools.UITesting.UITestControl.Click(MouseButtons button, ModifierKeys modifierKeys, Point relativeCoordinates)
   at Microsoft.VisualStudio.TestTools.UITesting.Mouse.ClickImplementation(UITestControl control, MouseButtons button, ModifierKeys modifierKeys, Point relativeCoordinate)
   at Microsoft.VisualStudio.TestTools.UITesting.Mouse.ClickImplementationWrapper(UITestControl control, MouseButtons button, ModifierKeys modifierKeys, Point relativeCoordinate)
W, 3504, 18, 2013/05/23, 18:24:37.307, 2890396046091, QTAgent32.exe, PlaybackErrorHandler: Ignoring exception as ContinueOnError is set.
W, 3504, 18, 2013/05/23, 18:24:44.820, 2890503618176, QTAgent32.exe, Playback - [WARNING] Internal warning: Window Not Found: [VisibleOnly]ControlType='Window' &amp;&amp; Name='Personal Lines' &amp;&amp; ClassName='#32770'
\0
E, 3504, 18, 2013/05/23, 18:24:44.821, 2890503628017, QTAgent32.exe, &lt;a class=failure&gt;Playback - {90} [FAILED] Function ElementFetcher::FindScreenElement failed to locate UI element (Searching: ;[VisibleOnly]ControlType='Window' &amp;&amp; Name='Personal Lines' &amp;&amp; ClassName='#32770') (The object specified was not found.)
\0&lt;/a&gt;
E, 3504, 18, 2013/05/23, 18:24:44.911, 2890504929296, QTAgent32.exe, Playback - [IMAGE] C:\Users\testuser\AppData\Local\Temp\UITestLogs\LastRun\RPF656B.png
\0
W, 3504, 18, 2013/05/23, 18:24:44.912, 2890504932006, QTAgent32.exe, Playback - [WARNING] Internal warning: Couldn't find descendants that match QueryId
\0
W, 3504, 18, 2013/05/23, 18:24:44.912, 2890504940866, QTAgent32.exe, PERF WARNING: FindTopLevelWindowHelper::FindAllDescendents: took 7604 ms. Expected it to take maximum 500 ms.
W, 3504, 18, 2013/05/23, 18:25:04.135, 2890780180962, QTAgent32.exe, Playback - [WARNING] Internal warning: Window Not Found: [VisibleOnly]ControlType='Window' &amp;&amp; Name='Personal Lines' &amp;&amp; ClassName='#32770'
\0
E, 3504, 18, 2013/05/23, 18:25:04.136, 2890780188432, QTAgent32.exe, &lt;a class=failure&gt;Playback - {91} [FAILED] Function ElementFetcher::FindScreenElement failed to locate UI element (Searching: ;[VisibleOnly]ControlType='Window' &amp;&amp; Name='Personal Lines' &amp;&amp; ClassName='#32770') (The object specified was not found.)
\0&lt;/a&gt;
E, 3504, 18, 2013/05/23, 18:25:04.219, 2890781376339, QTAgent32.exe, Playback - [IMAGE] C:\Users\testuser\AppData\Local\Temp\UITestLogs\LastRun\RPFB0DD.png
\0
W, 3504, 18, 2013/05/23, 18:25:04.219, 2890781379001, QTAgent32.exe, Playback - [WARNING] Internal warning: Couldn't find descendants that match QueryId
\0
W, 3504, 18, 2013/05/23, 18:25:04.220, 2890781385974, QTAgent32.exe, PERF WARNING: FindTopLevelWindowHelper::FindAllDescendents: took 19306 ms. Expected it to take maximum 500 ms.
W, 3504, 18, 2013/05/23, 18:25:06.860, 2890819196852, QTAgent32.exe, Playback - [WARNING] Internal warning: Smart Match failed
\0
W, 3504, 18, 2013/05/23, 18:25:08.251, 2890839115382, QTAgent32.exe, Playback - [WARNING] Internal warning: Window Not Found: [VisibleOnly]ControlType='Window' &amp;&amp; Name='Personal Lines' &amp;&amp; ClassName='#32770'
\0
E, 3504, 18, 2013/05/23, 18:25:08.252, 2890839118717, QTAgent32.exe, &lt;a class=failure&gt;Playback - {92} [FAILED] Function ElementFetcher::FindScreenElement failed to locate UI element (Searching: ;[VisibleOnly]ControlType='Window' &amp;&amp; Name='Personal Lines' &amp;&amp; ClassName='#32770') (The object specified was not found.)
\0&lt;/a&gt;
E, 3504, 18, 2013/05/23, 18:25:08.330, 2890840246888, QTAgent32.exe, Playback - [IMAGE] C:\Users\testuser\AppData\Local\Temp\UITestLogs\LastRun\RPFC0F4.png
\0
W, 3504, 18, 2013/05/23, 18:25:08.331, 2890840249212, QTAgent32.exe, Playback - [WARNING] Internal warning: Couldn't find descendants that match QueryId
\0
W, 3504, 18, 2013/05/23, 18:25:08.331, 2890840252674, QTAgent32.exe, PERF WARNING: FindTopLevelWindowHelper::FindAllDescendents: took 4111 ms. Expected it to take maximum 500 ms.
E, 3504, 18, 2013/05/23, 18:25:08.331, 2890840254954, QTAgent32.exe, Exception: System.Runtime.InteropServices.COMException
	Message: Error HRESULT E_FAIL has been returned from a call to a COM component.
	Stack Trace:    at Microsoft.VisualStudio.TestTools.UITest.Playback.Engine.IRPFPlayback.FindAllScreenElements(IScreenElement pScreenElementStart, String bstrQueryId, Object&amp; pvarResKeys, Int32 cResKeys, Int32 nMaxDepth, Object[]&amp; foundDescendants)
   at Microsoft.VisualStudio.TestTools.UITest.Playback.ScreenElement.FindTopLevelWindowHelper(String queryId)
	BaseExceptionMessage: Error HRESULT E_FAIL has been returned from a call to a COM component.

E, 3504, 18, 2013/05/23, 18:25:08.331, 2890840260018, QTAgent32.exe, Window 1444362 not responding. Last Win32 error 0
E, 3504, 18, 2013/05/23, 18:25:08.331, 2890840261367, QTAgent32.exe, GetClassName for handle 1444362 failed
E, 3504, 18, 2013/05/23, 18:25:08.432, 2890841701803, QTAgent32.exe, AL: Playback Error: Microsoft.VisualStudio.TestTools.UITest.Extension.UITestControlNotAvailableException: The control is not available or not valid. Additional Details: 
TechnologyName:  'MSAA'
Name:  'Personal Lines'
ClassName:  '#32770'
ControlType:  'Window'
 ---&gt; System.Runtime.InteropServices.COMException: Error HRESULT E_FAIL has been returned from a call to a COM component.
   at Microsoft.VisualStudio.TestTools.UITest.Playback.Engine.IRPFPlayback.FindAllScreenElements(IScreenElement pScreenElementStart, String bstrQueryId, Object&amp; pvarResKeys, Int32 cResKeys, Int32 nMaxDepth, Object[]&amp; foundDescendants)
   at Microsoft.VisualStudio.TestTools.UITest.Playback.ScreenElement.FindTopLevelWindowHelper(String queryId)
   at Microsoft.VisualStudio.TestTools.UITest.Playback.ScreenElement.FindFromPartialQueryId(String queryId)
   at Microsoft.VisualStudio.TestTools.UITesting.UITestControl.EnsureValid(Boolean waitForReady, Boolean refetch)
   --- End of inner exception stack trace ---
   at Microsoft.VisualStudio.TestTools.UITesting.UITestControl.EnsureValid(Boolean waitForReady, Boolean refetch)
   at Microsoft.VisualStudio.TestTools.UITesting.UITestControl.FindFirstDescendant(String queryId, Int32 maxDepth, Int32&amp; timeLeft)
   at Microsoft.VisualStudio.TestTools.UITesting.SearchHelper.GetElement(Boolean useCache, ISearchArgument searchArg)
   at Microsoft.VisualStudio.TestTools.UITesting.SearchHelper.Search(ISearchArgument searchArg)
   at Microsoft.VisualStudio.TestTools.UITesting.UITestControl.FindInternal()
   at Microsoft.VisualStudio.TestTools.UITesting.UITestControl.FindControlIfNecessary()
   at Microsoft.VisualStudio.TestTools.UITesting.UITestControl.Click(MouseButtons button, ModifierKeys modifierKeys, Point relativeCoordinates)
   at Microsoft.VisualStudio.TestTools.UITesting.Mouse.ClickImplementation(UITestControl control, MouseButtons button, ModifierKeys modifierKeys, Point relativeCoordinate)
   at Microsoft.VisualStudio.TestTools.UITesting.Mouse.ClickImplementationWrapper(UITestControl control, MouseButtons button, ModifierKeys modifierKeys, Point relativeCoordinate)
W, 3504, 18, 2013/05/23, 18:25:08.432, 2890841705119, QTAgent32.exe, PlaybackErrorHandler: Ignoring exception as ContinueOnError is set.
W, 3504, 18, 2013/05/23, 18:25:08.733, 2890846013106, QTAgent32.exe, &lt;a class=success&gt;Playback - {93} [SUCCESS] MouseButtonClick - "[MSAA, VisibleOnly]ControlType='Button' &amp;&amp; Name='Ok'"
\0&lt;/a&gt;
W, 3504, 18, 2013/05/23, 18:25:09.032, 2890850293677, QTAgent32.exe, &lt;a class=success&gt;Playback - {94} [SUCCESS] MouseButtonClick - "[MSAA, VisibleOnly]ControlType='Button' &amp;&amp; Name='Ok'"
\0&lt;/a&gt;
W, 3504, 18, 2013/05/23, 18:25:11.219, 2890881608475, QTAgent32.exe, &lt;a class=success&gt;Playback - {95} [SUCCESS] SetValueAsEditBox "B338TH" - "[MSAA, VisibleOnly]ControlType='Edit'"  &lt; Set via SendKeys &gt;
\0&lt;/a&gt;
W, 3504, 18, 2013/05/23, 18:25:13.460, 2890913692329, QTAgent32.exe, &lt;a class=success&gt;Playback - {96} [SUCCESS] MouseButtonClick - "[MSAA, VisibleOnly]ControlType='Button' &amp;&amp; Name='Lookup...'"
\0&lt;/a&gt;
W, 3504, 18, 2013/05/23, 18:25:13.724, 2890917472889, QTAgent32.exe, &lt;a class=success&gt;Playback - {97} [SUCCESS] MouseButtonClick - "[MSAA, VisibleOnly]ControlType='Button' &amp;&amp; Name='Ok'"
\0&lt;/a&gt;
W, 3504, 18, 2013/05/23, 18:25:14.013, 2890921616614, QTAgent32.exe, &lt;a class=success&gt;Playback - {98} [SUCCESS] MouseButtonClick - "[MSAA, VisibleOnly]ControlType='Button' &amp;&amp; Name='Confirm'"
\0&lt;/a&gt;
W, 3504, 18, 2013/05/23, 18:25:31.742, 2891175462358, QTAgent32.exe, Playback - [WARNING] Internal warning: Window Not Found: [VisibleOnly]ControlType='Window' &amp;&amp; Name='Personal Lines' &amp;&amp; ClassName='#32770'
\0
E, 3504, 18, 2013/05/23, 18:25:31.743, 2891175466639, QTAgent32.exe, &lt;a class=failure&gt;Playback - {99} [FAILED] Function ElementFetcher::FindScreenElement failed to locate UI element (Searching: ;[VisibleOnly]ControlType='Window' &amp;&amp; Name='Personal Lines' &amp;&amp; ClassName='#32770') (The object specified was not found.)
\0&lt;/a&gt;
E, 3504, 18, 2013/05/23, 18:25:31.830, 2891176712472, QTAgent32.exe, Playback - [IMAGE] C:\Users\testuser\AppData\Local\Temp\UITestLogs\LastRun\RPF1CBB.png
\0
W, 3504, 18, 2013/05/23, 18:25:31.830, 2891176714768, QTAgent32.exe, Playback - [WARNING] Internal warning: Couldn't find descendants that match QueryId
\0
W, 3504, 18, 2013/05/23, 18:25:31.830, 2891176718160, QTAgent32.exe, PERF WARNING: FindTopLevelWindowHelper::FindAllDescendents: took 17716 ms. Expected it to take maximum 500 ms.
W, 3504, 18, 2013/05/23, 18:25:51.027, 2891451591427, QTAgent32.exe, Playback - [WARNING] Internal warning: Window Not Found: [VisibleOnly]ControlType='Window' &amp;&amp; Name='Personal Lines' &amp;&amp; ClassName='#32770'
\0
E, 3504, 18, 2013/05/23, 18:25:51.028, 2891451598354, QTAgent32.exe, &lt;a class=failure&gt;Playback - {100} [FAILED] Function ElementFetcher::FindScreenElement failed to locate UI element (Searching: ;[VisibleOnly]ControlType='Window' &amp;&amp; Name='Personal Lines' &amp;&amp; ClassName='#32770') (The object specified was not found.)
\0&lt;/a&gt;
E, 3504, 18, 2013/05/23, 18:25:51.106, 2891452718576, QTAgent32.exe, Playback - [IMAGE] C:\Users\testuser\AppData\Local\Temp\UITestLogs\LastRun\RPF680E.png
\0
W, 3504, 18, 2013/05/23, 18:25:51.106, 2891452720860, QTAgent32.exe, Playback - [WARNING] Internal warning: Couldn't find descendants that match QueryId
\0
W, 3504, 18, 2013/05/23, 18:25:51.107, 2891452728747, QTAgent32.exe, PERF WARNING: FindTopLevelWindowHelper::FindAllDescendents: took 19276 ms. Expected it to take maximum 500 ms.
W, 3504, 18, 2013/05/23, 18:25:53.746, 2891490520532, QTAgent32.exe, Playback - [WARNING] Internal warning: Smart Match failed
\0
W, 3504, 18, 2013/05/23, 18:25:55.126, 2891510285702, QTAgent32.exe, Playback - [WARNING] Internal warning: Window Not Found: [VisibleOnly]ControlType='Window' &amp;&amp; Name='Personal Lines' &amp;&amp; ClassName='#32770'
\0
E, 3504, 18, 2013/05/23, 18:25:55.127, 2891510289862, QTAgent32.exe, &lt;a class=failure&gt;Playback - {101} [FAILED] Function ElementFetcher::FindScreenElement failed to locate UI element (Searching: ;[VisibleOnly]ControlType='Window' &amp;&amp; Name='Personal Lines' &amp;&amp; ClassName='#32770') (The object specified was not found.)
\0&lt;/a&gt;
E, 3504, 18, 2013/05/23, 18:25:55.208, 2891511443245, QTAgent32.exe, Playback - [IMAGE] C:\Users\testuser\AppData\Local\Temp\UITestLogs\LastRun\RPF7815.png
\0
W, 3504, 18, 2013/05/23, 18:25:55.208, 2891511445722, QTAgent32.exe, Playback - [WARNING] Internal warning: Couldn't find descendants that match QueryId
\0
W, 3504, 18, 2013/05/23, 18:25:55.208, 2891511450155, QTAgent32.exe, PERF WARNING: FindTopLevelWindowHelper::FindAllDescendents: took 4100 ms. Expected it to take maximum 500 ms.
E, 3504, 18, 2013/05/23, 18:25:55.208, 2891511452300, QTAgent32.exe, Exception: System.Runtime.InteropServices.COMException
	Message: Error HRESULT E_FAIL has been returned from a call to a COM component.
	Stack Trace:    at Microsoft.VisualStudio.TestTools.UITest.Playback.Engine.IRPFPlayback.FindAllScreenElements(IScreenElement pScreenElementStart, String bstrQueryId, Object&amp; pvarResKeys, Int32 cResKeys, Int32 nMaxDepth, Object[]&amp; foundDescendants)
   at Microsoft.VisualStudio.TestTools.UITest.Playback.ScreenElement.FindTopLevelWindowHelper(String queryId)
	BaseExceptionMessage: Error HRESULT E_FAIL has been returned from a call to a COM component.

E, 3504, 18, 2013/05/23, 18:25:55.209, 2891511457310, QTAgent32.exe, Window 1444362 not responding. Last Win32 error 0
E, 3504, 18, 2013/05/23, 18:25:55.209, 2891511458555, QTAgent32.exe, GetClassName for handle 1444362 failed
E, 3504, 18, 2013/05/23, 18:25:55.310, 2891512907924, QTAgent32.exe, AL: Playback Error: Microsoft.VisualStudio.TestTools.UITest.Extension.UITestControlNotAvailableException: The control is not available or not valid. Additional Details: 
TechnologyName:  'MSAA'
Name:  'Personal Lines'
ClassName:  '#32770'
ControlType:  'Window'
 ---&gt; System.Runtime.InteropServices.COMException: Error HRESULT E_FAIL has been returned from a call to a COM component.
   at Microsoft.VisualStudio.TestTools.UITest.Playback.Engine.IRPFPlayback.FindAllScreenElements(IScreenElement pScreenElementStart, String bstrQueryId, Object&amp; pvarResKeys, Int32 cResKeys, Int32 nMaxDepth, Object[]&amp; foundDescendants)
   at Microsoft.VisualStudio.TestTools.UITest.Playback.ScreenElement.FindTopLevelWindowHelper(String queryId)
   at Microsoft.VisualStudio.TestTools.UITest.Playback.ScreenElement.FindFromPartialQueryId(String queryId)
   at Microsoft.VisualStudio.TestTools.UITesting.UITestControl.EnsureValid(Boolean waitForReady, Boolean refetch)
   --- End of inner exception stack trace ---
   at Microsoft.VisualStudio.TestTools.UITesting.UITestControl.EnsureValid(Boolean waitForReady, Boolean refetch)
   at Microsoft.VisualStudio.TestTools.UITesting.UITestControl.FindFirstDescendant(String queryId, Int32 maxDepth, Int32&amp; timeLeft)
   at Microsoft.VisualStudio.TestTools.UITesting.SearchHelper.GetElement(Boolean useCache, ISearchArgument searchArg)
   at Microsoft.VisualStudio.TestTools.UITesting.SearchHelper.Search(ISearchArgument searchArg)
   at Microsoft.VisualStudio.TestTools.UITesting.UITestControl.FindInternal()
   at Microsoft.VisualStudio.TestTools.UITesting.UITestControl.FindControlIfNecessary()
   at Microsoft.VisualStudio.TestTools.UITesting.UITestControl.Click(MouseButtons button, ModifierKeys modifierKeys, Point relativeCoordinates)
   at Microsoft.VisualStudio.TestTools.UITesting.Mouse.ClickImplementation(UITestControl control, MouseButtons button, ModifierKeys modifierKeys, Point relativeCoordinate)
   at Microsoft.VisualStudio.TestTools.UITesting.Mouse.ClickImplementationWrapper(UITestControl control, MouseButtons button, ModifierKeys modifierKeys, Point relativeCoordinate)
W, 3504, 18, 2013/05/23, 18:25:55.310, 2891512911572, QTAgent32.exe, PlaybackErrorHandler: Ignoring exception as ContinueOnError is set.
W, 3504, 18, 2013/05/23, 18:25:55.467, 2891515161367, QTAgent32.exe, &lt;a class=success&gt;Playback - {102} [SUCCESS] Check - "[MSAA, VisibleOnly]ControlType='CheckBox' &amp;&amp; Name='Defer Printing?'"
\0&lt;/a&gt;
W, 3504, 18, 2013/05/23, 18:25:56.875, 2891535325699, QTAgent32.exe, &lt;a class=success&gt;Playback - {103} [SUCCESS] MouseButtonClick - "[MSAA, VisibleOnly]ControlType='Button' &amp;&amp; Name='Ok'"
\0&lt;/a&gt;
W, 3504, 18, 2013/05/23, 18:25:58.028, 2891551831057, QTAgent32.exe, PERF WARNING: FindTopLevelWindowHelper::FindAllDescendents: took 1049 ms. Expected it to take maximum 500 ms.
W, 3504, 18, 2013/05/23, 18:25:58.185, 2891554083558, QTAgent32.exe, &lt;a class=success&gt;Playback - {104} [SUCCESS] Uncheck - "[MSAA, VisibleOnly]ControlType='CheckBox' &amp;&amp; Name='Add Activity'"
\0&lt;/a&gt;
W, 3504, 18, 2013/05/23, 18:25:58.538, 2891559134549, QTAgent32.exe, &lt;a class=success&gt;Playback - {105} [SUCCESS] MouseButtonClick - "[MSAA, VisibleOnly]ControlType='Button' &amp;&amp; Name='Ok'"
\0&lt;/a&gt;
W, 3504, 18, 2013/05/23, 18:25:59.073, 2891566799977, QTAgent32.exe, &lt;a class=success&gt;Playback - {106} [SUCCESS] MouseButtonClick - "[MSAA, VisibleOnly]ControlType='Button' &amp;&amp; Name='Ok'"
\0&lt;/a&gt;
W, 3504, 18, 2013/05/23, 18:26:04.069, 2891638329432, QTAgent32.exe, Playback - [WARNING] Internal warning: Window Not Found: [VisibleOnly]ControlType='Window' &amp;&amp; Name='Transaction to insert' &amp;&amp; ClassName='TfSelectItem'
\0
E, 3504, 18, 2013/05/23, 18:26:04.070, 2891638333860, QTAgent32.exe, &lt;a class=failure&gt;Playback - {107} [FAILED] Function ElementFetcher::FindScreenElement failed to locate UI element (Searching: ;[VisibleOnly]ControlType='Window' &amp;&amp; Name='Transaction to insert' &amp;&amp; ClassName='TfSelectItem') (The object specified was not found.)
\0&lt;/a&gt;
E, 3504, 18, 2013/05/23, 18:26:04.160, 2891639622009, QTAgent32.exe, Playback - [IMAGE] C:\Users\testuser\AppData\Local\Temp\UITestLogs\LastRun\RPF9B01.png
\0
W, 3504, 18, 2013/05/23, 18:26:04.160, 2891639624502, QTAgent32.exe, Playback - [WARNING] Internal warning: Couldn't find descendants that match QueryId
\0
W, 3504, 18, 2013/05/23, 18:26:04.160, 2891639628614, QTAgent32.exe, PERF WARNING: FindTopLevelWindowHelper::FindAllDescendents: took 4985 ms. Expected it to take maximum 500 ms.
W, 3504, 18, 2013/05/23, 18:26:22.649, 2891904355032, QTAgent32.exe, Playback - [WARNING] Internal warning: Window Not Found: [VisibleOnly]ControlType='Window' &amp;&amp; Name='Transaction to insert' &amp;&amp; ClassName='TfSelectItem'
\0
E, 3504, 18, 2013/05/23, 18:26:22.649, 2891904363373, QTAgent32.exe, &lt;a class=failure&gt;Playback - {108} [FAILED] Function ElementFetcher::FindScreenElement failed to locate UI element (Searching: ;[VisibleOnly]ControlType='Window' &amp;&amp; Name='Transaction to insert' &amp;&amp; ClassName='TfSelectItem') (The object specified was not found.)
\0&lt;/a&gt;
E, 3504, 18, 2013/05/23, 18:26:22.741, 2891905666064, QTAgent32.exe, Playback - [IMAGE] C:\Users\testuser\AppData\Local\Temp\UITestLogs\LastRun\RPFE396.png
\0
W, 3504, 18, 2013/05/23, 18:26:22.741, 2891905668617, QTAgent32.exe, Playback - [WARNING] Internal warning: Couldn't find descendants that match QueryId
\0
W, 3504, 18, 2013/05/23, 18:26:22.742, 2891905678254, QTAgent32.exe, PERF WARNING: FindTopLevelWindowHelper::FindAllDescendents: took 18580 ms. Expected it to take maximum 500 ms.
W, 3504, 18, 2013/05/23, 18:26:23.491, 2891916407254, QTAgent32.exe, Playback - [WARNING] Internal warning: Smart Match failed
\0
W, 3504, 18, 2013/05/23, 18:26:24.364, 2891928906217, QTAgent32.exe, Playback - [WARNING] Internal warning: Smart Match failed
\0
W, 3504, 18, 2013/05/23, 18:26:25.173, 2891940494872, QTAgent32.exe, Playback - [WARNING] Internal warning: Smart Match failed
\0
W, 3504, 18, 2013/05/23, 18:26:25.982, 2891952079918, QTAgent32.exe, Playback - [WARNING] Internal warning: Smart Match failed
\0
W, 3504, 18, 2013/05/23, 18:26:26.510, 2891959646845, QTAgent32.exe, Playback - [WARNING] Internal warning: Window Not Found: [VisibleOnly]ControlType='Window' &amp;&amp; Name='Transaction to insert' &amp;&amp; ClassName='TfSelectItem'
\0
E, 3504, 18, 2013/05/23, 18:26:26.511, 2891959651236, QTAgent32.exe, &lt;a class=failure&gt;Playback - {109} [FAILED] Function ElementFetcher::FindScreenElement failed to locate UI element (Searching: ;[VisibleOnly]ControlType='Window' &amp;&amp; Name='Transaction to insert' &amp;&amp; ClassName='TfSelectItem') (The object specified was not found.)
\0&lt;/a&gt;
E, 3504, 18, 2013/05/23, 18:26:26.596, 2891960879559, QTAgent32.exe, Playback - [IMAGE] C:\Users\testuser\AppData\Local\Temp\UITestLogs\LastRun\RPFF2B4.png
\0
W, 3504, 18, 2013/05/23, 18:26:26.597, 2891960882252, QTAgent32.exe, Playback - [WARNING] Internal warning: Couldn't find descendants that match QueryId
\0
W, 3504, 18, 2013/05/23, 18:26:26.597, 2891960886633, QTAgent32.exe, PERF WARNING: FindTopLevelWindowHelper::FindAllDescendents: took 3855 ms. Expected it to take maximum 500 ms.
E, 3504, 18, 2013/05/23, 18:26:26.597, 2891960889162, QTAgent32.exe, Exception: System.Runtime.InteropServices.COMException
	Message: Error HRESULT E_FAIL has been returned from a call to a COM component.
	Stack Trace:    at Microsoft.VisualStudio.TestTools.UITest.Playback.Engine.IRPFPlayback.FindAllScreenElements(IScreenElement pScreenElementStart, String bstrQueryId, Object&amp; pvarResKeys, Int32 cResKeys, Int32 nMaxDepth, Object[]&amp; foundDescendants)
   at Microsoft.VisualStudio.TestTools.UITest.Playback.ScreenElement.FindTopLevelWindowHelper(String queryId)
	BaseExceptionMessage: Error HRESULT E_FAIL has been returned from a call to a COM component.

E, 3504, 18, 2013/05/23, 18:26:26.597, 2891960894621, QTAgent32.exe, Window 4916904 not responding. Last Win32 error 0
E, 3504, 18, 2013/05/23, 18:26:26.598, 2891960896154, QTAgent32.exe, GetClassName for handle 4916904 failed
E, 3504, 18, 2013/05/23, 18:26:26.598, 2891960902997, QTAgent32.exe, Window 2034140 not responding. Last Win32 error 1400
E, 3504, 18, 2013/05/23, 18:26:26.598, 2891960903962, QTAgent32.exe, GetClassName for handle 2034140 failed
E, 3504, 18, 2013/05/23, 18:26:26.699, 2891962347749, QTAgent32.exe, AL: Playback Error: Microsoft.VisualStudio.TestTools.UITest.Extension.UITestControlNotAvailableException: The control is not available or not valid. Additional Details: 
TechnologyName:  'MSAA'
Name:  'Ok'
ControlType:  'Button'
 ---&gt; Microsoft.VisualStudio.TestTools.UITest.Extension.UITestControlNotAvailableException: The control is not available or not valid. Additional Details: 
TechnologyName:  'MSAA'
Name:  'Transaction to insert'
ClassName:  'TfSelectItem'
ControlType:  'Window'
 ---&gt; System.Runtime.InteropServices.COMException: Error HRESULT E_FAIL has been returned from a call to a COM component.
   at Microsoft.VisualStudio.TestTools.UITest.Playback.Engine.IRPFPlayback.FindAllScreenElements(IScreenElement pScreenElementStart, String bstrQueryId, Object&amp; pvarResKeys, Int32 cResKeys, Int32 nMaxDepth, Object[]&amp; foundDescendants)
   at Microsoft.VisualStudio.TestTools.UITest.Playback.ScreenElement.FindTopLevelWindowHelper(String queryId)
   at Microsoft.VisualStudio.TestTools.UITest.Playback.ScreenElement.FindFromPartialQueryId(String queryId)
   at Microsoft.VisualStudio.TestTools.UITesting.UITestControl.EnsureValid(Boolean waitForReady, Boolean refetch)
   --- End of inner exception stack trace ---
   at Microsoft.VisualStudio.TestTools.UITesting.UITestControl.EnsureValid(Boolean waitForReady, Boolean refetch)
   at Microsoft.VisualStudio.TestTools.UITesting.UITestControl.FindFirstDescendant(String queryId, Int32 maxDepth, Int32&amp; timeLeft)
   at Microsoft.VisualStudio.TestTools.UITesting.UITestControl.FindFirstDescendant(String queryId)
   at Microsoft.VisualStudio.TestTools.UITesting.UITestControl.EnsureValid(Boolean waitForReady, Boolean refetch)
   --- End of inner exception stack trace ---
   at Microsoft.VisualStudio.TestTools.UITesting.UITestControl.EnsureValid(Boolean waitForReady, Boolean refetch)
   at Microsoft.VisualStudio.TestTools.UITesting.UITestControl.Click(MouseButtons button, ModifierKeys modifierKeys, Point relativeCoordinates)
   at Microsoft.VisualStudio.TestTools.UITesting.Mouse.ClickImplementation(UITestControl control, MouseButtons button, ModifierKeys modifierKeys, Point relativeCoordinate)
   at Microsoft.VisualStudio.TestTools.UITesting.Mouse.ClickImplementationWrapper(UITestControl control, MouseButtons button, ModifierKeys modifierKeys, Point relativeCoordinate)
W, 3504, 18, 2013/05/23, 18:26:26.704, 2891962413604, QTAgent32.exe, PlaybackErrorHandler: Ignoring exception as ContinueOnError is set.
W, 3504, 18, 2013/05/23, 18:26:28.871, 2891993447398, QTAgent32.exe, &lt;a class=success&gt;Playback - {110} [SUCCESS] MouseButtonClick - "[MSAA, VisibleOnly]ControlType='Button' &amp;&amp; Name='OK'"
\0&lt;/a&gt;
W, 3504, 18, 2013/05/23, 18:26:29.179, 2891997853072, QTAgent32.exe, &lt;a class=success&gt;Playback - {111} [SUCCESS] MouseButtonClick - "[MSAA, VisibleOnly]ControlType='Button' &amp;&amp; Name='Cancel'"
\0&lt;/a&gt;
W, 3504, 18, 2013/05/23, 18:26:29.604, 2892003943771, QTAgent32.exe, &lt;a class=success&gt;Playback - {112} [SUCCESS] MouseButtonClick - "[MSAA, VisibleOnly]ControlType='Button'"
\0&lt;/a&gt;
W, 3504, 18, 2013/05/23, 18:26:29.860, 2892007601931, QTAgent32.exe, &lt;a class=success&gt;Playback - {113} [SUCCESS] MouseButtonClick - "[MSAA, VisibleOnly]ControlType='Button' &amp;&amp; Name='Options'"
\0&lt;/a&gt;
W, 3504, 18, 2013/05/23, 18:26:29.964, 2892009090118, QTAgent32.exe, FindScreenElementInSinglePass : Attempting to find control in one pass of search. Failures can occur.
W, 3504, 18, 2013/05/23, 18:26:29.984, 2892009380036, QTAgent32.exe, Playback - [WARNING] Internal failure: Method GetBoundingRectangle failed (HRESULT = 0x1, "Incorrect function.") for Name = "Quote Select List" ," ControlType = "MenuItem"
\0
W, 3504, 18, 2013/05/23, 18:26:29.984, 2892009382024, QTAgent32.exe, Playback - [WARNING] Internal failure: Couldn't get clickable point for ScreenUIElement - GetClickablePoint failed
\0
W, 3504, 18, 2013/05/23, 18:26:29.984, 2892009387192, QTAgent32.exe, FindScreenElementInSinglePass : Attempting to find control in one pass of search. Failures can occur.
W, 3504, 18, 2013/05/23, 18:26:29.987, 2892009430764, QTAgent32.exe, FindScreenElementInSinglePass : Attempting to find control in one pass of search. Failures can occur.
W, 3504, 18, 2013/05/23, 18:26:30.109, 2892011177944, QTAgent32.exe, &lt;a class=success&gt;Playback - {114} [SUCCESS] LeftButtonClick - "[MSAA, VisibleOnly]ControlType='MenuBar' &amp;&amp; Name='Application'"  &lt; Mouse cursor location (960, 31) &gt;
\0&lt;/a&gt;
W, 3504, 18, 2013/05/23, 18:26:30.223, 2892012810028, QTAgent32.exe, &lt;a class=success&gt;Playback - {115} [SUCCESS] LeftButtonClick - "[MSAA]ControlType='MenuItem' &amp;&amp; Name='Options'"  &lt; Mouse cursor location (94, 31) &gt;
\0&lt;/a&gt;
W, 3504, 18, 2013/05/23, 18:26:30.681, 2892019353177, QTAgent32.exe, &lt;a class=success&gt;Playback - {116} [SUCCESS] LeftButtonClick - "[MSAA]ControlType='MenuItem' &amp;&amp; Name='Links'"  &lt; Mouse cursor location (174, 319) &gt;
\0&lt;/a&gt;
W, 3504, 18, 2013/05/23, 18:26:31.147, 2892026026297, QTAgent32.exe, &lt;a class=success&gt;Playback - {117} [SUCCESS] LeftButtonClick - "[MSAA]ControlType='MenuItem' &amp;&amp; Name='3rd Party Integration'"  &lt; Mouse cursor location (375, 319) &gt;
\0&lt;/a&gt;
W, 3504, 18, 2013/05/23, 18:26:31.624, 2892032860805, QTAgent32.exe, &lt;a class=success&gt;Playback - {118} [SUCCESS] MouseButtonClick - "[MSAA]ControlType='MenuItem' &amp;&amp; Name='Quote Select List'"
\0&lt;/a&gt;
W, 3504, 18, 2013/05/23, 18:26:32.413, 2892044158904, QTAgent32.exe, Playback - [WARNING] Internal warning: Window Not Found: [VisibleOnly]ControlType='Window' &amp;&amp; Name='Current Or Future' &amp;&amp; ClassName='TfCurrentOrFuture'
\0
E, 3504, 18, 2013/05/23, 18:26:32.413, 2892044161859, QTAgent32.exe, &lt;a class=failure&gt;Playback - {119} [FAILED] Function ElementFetcher::FindScreenElement failed to locate UI element (Searching: ;[VisibleOnly]ControlType='Window' &amp;&amp; Name='Current Or Future' &amp;&amp; ClassName='TfCurrentOrFuture') (The object specified was not found.)
\0&lt;/a&gt;
E, 3504, 18, 2013/05/23, 18:26:32.496, 2892045349108, QTAgent32.exe, Playback - [IMAGE] C:\Users\testuser\AppData\Local\Temp\UITestLogs\LastRun\RPF9BE.png
\0
W, 3504, 18, 2013/05/23, 18:26:32.496, 2892045351975, QTAgent32.exe, Playback - [WARNING] Internal warning: Couldn't find descendants that match QueryId
\0
W, 3504, 18, 2013/05/23, 18:26:32.497, 2892045355414, QTAgent32.exe, PERF WARNING: FindTopLevelWindowHelper::FindAllDescendents: took 772 ms. Expected it to take maximum 500 ms.
W, 3504, 18, 2013/05/23, 18:26:34.742, 2892077503954, QTAgent32.exe, PERF WARNING: FindTopLevelWindowHelper::FindAllDescendents: took 2245 ms. Expected it to take maximum 500 ms.
W, 3504, 18, 2013/05/23, 18:26:34.890, 2892079625571, QTAgent32.exe, &lt;a class=success&gt;Playback - {120} [SUCCESS] MouseButtonClick - "[MSAA, VisibleOnly]ControlType='Button' &amp;&amp; Name='Ok'"
\0&lt;/a&gt;
W, 3504, 18, 2013/05/23, 18:26:38.580, 2892132462557, QTAgent32.exe, PERF WARNING: FindTopLevelWindowHelper::FindAllDescendents: took 3560 ms. Expected it to take maximum 500 ms.
W, 3504, 18, 2013/05/23, 18:26:39.425, 2892144561614, QTAgent32.exe, &lt;a class=success&gt;Playback - {121} [SUCCESS] MouseButtonClick - "[MSAA, VisibleOnly]ControlType='Button' &amp;&amp; Name='MTA'"
\0&lt;/a&gt;
W, 3504, 18, 2013/05/23, 18:26:41.203, 2892170023600, QTAgent32.exe, Playback - [WARNING] Internal warning: Incorrect flag set for InvokeProgrammaticAction\0
W, 3504, 18, 2013/05/23, 18:26:41.326, 2892171773256, QTAgent32.exe, &lt;a class=success&gt;Playback - {122} [SUCCESS] SetValueAsComboBox "Cancel Cover" - "[MSAA, VisibleOnly]ControlType='ComboBox'"  &lt; SetValueAsComboBox, set by clicking on the item in the list box &gt;
\0&lt;/a&gt;
W, 3504, 18, 2013/05/23, 18:26:41.685, 2892176920480, QTAgent32.exe, &lt;a class=success&gt;Playback - {123} [SUCCESS] MouseButtonClick - "[MSAA, VisibleOnly]ControlType='Button' &amp;&amp; Name='OK'"
\0&lt;/a&gt;
W, 3504, 18, 2013/05/23, 18:26:41.926, 2892180366534, QTAgent32.exe, &lt;a class=success&gt;Playback - {124} [SUCCESS] MouseButtonClick - "[MSAA, VisibleOnly]ControlType='Button' &amp;&amp; Name='Quote'"
\0&lt;/a&gt;
W, 3504, 18, 2013/05/23, 18:26:43.014, 2892195944371, QTAgent32.exe, PERF WARNING: FindTopLevelWindowHelper::FindAllDescendents: took 986 ms. Expected it to take maximum 500 ms.
W, 3504, 18, 2013/05/23, 18:26:43.841, 2892207788939, QTAgent32.exe, &lt;a class=success&gt;Playback - {125} [SUCCESS] SendKeys "^{HOME}" - "[MSAA, VisibleOnly]ControlType='Edit'"
\0&lt;/a&gt;
E, 3504, 18, 2013/05/23, 18:26:43.841, 2892207792761, QTAgent32.exe, Msaa.GetFocusedElement: could not find accessible object of foreground window
W, 3504, 18, 2013/05/23, 18:26:43.908, 2892208741126, QTAgent32.exe, &lt;a class=success&gt;Playback - {126} [SUCCESS] SendKeys "^+{END}" - "[MSAA, VisibleOnly]ControlType='Edit'"
\0&lt;/a&gt;
E, 3504, 18, 2013/05/23, 18:26:43.908, 2892208744459, QTAgent32.exe, Msaa.GetFocusedElement: could not find accessible object of foreground window
W, 3504, 18, 2013/05/23, 18:26:43.923, 2892208965050, QTAgent32.exe, &lt;a class=success&gt;Playback - {127} [SUCCESS] SendKeys "{DELETE}" - "[MSAA, VisibleOnly]ControlType='Edit'"
\0&lt;/a&gt;
W, 3504, 18, 2013/05/23, 18:26:44.829, 2892221932409, QTAgent32.exe, &lt;a class=success&gt;Playback - {128} [SUCCESS] SetValueAsEditBox "25/05/13" - "[MSAA, VisibleOnly]ControlType='Edit'"  &lt; Set via SendKeys &gt;
\0&lt;/a&gt;
W, 3504, 18, 2013/05/23, 18:26:45.073, 2892225426454, QTAgent32.exe, &lt;a class=success&gt;Playback - {129} [SUCCESS] MouseButtonClick - "[MSAA, VisibleOnly]ControlType='Button' &amp;&amp; Name='OK'"
\0&lt;/a&gt;
W, 3504, 18, 2013/05/23, 18:26:45.313, 2892228858876, QTAgent32.exe, &lt;a class=success&gt;Playback - {130} [SUCCESS] MouseButtonClick - "[MSAA, VisibleOnly]ControlType='Button' &amp;&amp; Name='No'"
\0&lt;/a&gt;
W, 3504, 18, 2013/05/23, 18:26:48.205, 2892270272209, QTAgent32.exe, PERF WARNING: FindTopLevelWindowHelper::FindAllDescendents: took 2676 ms. Expected it to take maximum 500 ms.
W, 3504, 18, 2013/05/23, 18:26:48.352, 2892272370620, QTAgent32.exe, &lt;a class=success&gt;Playback - {131} [SUCCESS] MouseButtonClick - "[MSAA, VisibleOnly]ControlType='Button' &amp;&amp; Name='Exit'"
\0&lt;/a&gt;
W, 3504, 18, 2013/05/23, 18:26:48.887, 2892280032191, QTAgent32.exe, &lt;a class=success&gt;Playback - {132} [SUCCESS] MouseButtonClick - "[MSAA, VisibleOnly]ControlType='Button' &amp;&amp; Name='OK'"
\0&lt;/a&gt;
W, 3504, 18, 2013/05/23, 18:26:52.835, 2892336572324, QTAgent32.exe, PERF WARNING: FindTopLevelWindowHelper::FindAllDescendents: took 3832 ms. Expected it to take maximum 500 ms.
W, 3504, 18, 2013/05/23, 18:26:52.982, 2892338674273, QTAgent32.exe, &lt;a class=success&gt;Playback - {133} [SUCCESS] MouseButtonClick - "[MSAA, VisibleOnly]ControlType='Button' &amp;&amp; Name='Cancel'"
\0&lt;/a&gt;
W, 3504, 18, 2013/05/23, 18:26:53.261, 2892342669874, QTAgent32.exe, &lt;a class=success&gt;Playback - {134} [SUCCESS] MouseButtonClick - "[MSAA, VisibleOnly]ControlType='Button' &amp;&amp; Name='Cancel'"
\0&lt;/a&gt;
W, 3504, 18, 2013/05/23, 18:26:53.646, 2892348173836, QTAgent32.exe, &lt;a class=success&gt;Playback - {135} [SUCCESS] MouseButtonClick - "[MSAA, VisibleOnly]ControlType='Button'"
\0&lt;/a&gt;
W, 3504, 18, 2013/05/23, 18:26:54.272, 2892357130155, QTAgent32.exe, &lt;a class=success&gt;Playback - {136} [SUCCESS] MouseButtonClick - "[MSAA, VisibleOnly]ControlType='Button' &amp;&amp; Name='Detail'"
\0&lt;/a&gt;
W, 3504, 18, 2013/05/23, 18:26:54.505, 2892360479524, QTAgent32.exe, &lt;a class=success&gt;Playback - {137} [SUCCESS] MouseButtonClick - "[MSAA, VisibleOnly]ControlType='Edit'"
\0&lt;/a&gt;
W, 3504, 18, 2013/05/23, 18:26:57.390, 2892401789154, QTAgent32.exe, IEDOM : StopSession of the plugin called before StartSession
W, 3504, 18, 2013/05/23, 18:26:57.390, 2892401791235, QTAgent32.exe, UIA : StopSession of the plugin called before StartSession
</DebugTrace>
      </Output>
    </UnitTestResult>
    <UnitTestResult executionId="32f688e8-667e-4037-aa8d-e002f7c37c43" testId="a3d07cb0-4212-348e-df9a-fd0e5af9809e" testName="HouseCancelAccept" computerName="ICLVDEVTM02" duration="00:05:17.8173813" startTime="2013-05-23T18:26:57.4889152+01:00" endTime="2013-05-23T18:32:15.3212748+01:00" testType="13cdc9d9-ddb5-4fa4-a97d-d965ccfc6d4b" outcome="Passed" testListId="8c84fa94-04c1-424b-9868-57a2d4851a1d" relativeResultsDirectory="32f688e8-667e-4037-aa8d-e002f7c37c43">
      <Output>
        <DebugTrace>W, 3504, 23, 2013/05/23, 18:27:02.398, 2892473488119, QTAgent32.exe, &lt;a class=success&gt;Playback - {1} [SUCCESS] MouseButtonClick - "[MSAA, VisibleOnly]ControlType='Edit'"
\0&lt;/a&gt;
W, 3504, 23, 2013/05/23, 18:27:02.752, 2892478553637, QTAgent32.exe, &lt;a class=success&gt;Playback - {2} [SUCCESS] SendKeys "[*]" - "[MSAA, VisibleOnly]ControlType='Edit'"
\0&lt;/a&gt;
W, 3504, 23, 2013/05/23, 18:27:03.496, 2892489215794, QTAgent32.exe, &lt;a class=success&gt;Playback - {3} [SUCCESS] MouseButtonClick - "[MSAA, VisibleOnly]ControlType='Button' &amp;&amp; Name='OK'"
\0&lt;/a&gt;
W, 3504, 23, 2013/05/23, 18:27:04.027, 2892496817166, QTAgent32.exe, &lt;a class=success&gt;Playback - {4} [SUCCESS] SendKeys "^{HOME}" - "[MSAA, VisibleOnly]ControlType='Edit'"
\0&lt;/a&gt;
E, 3504, 23, 2013/05/23, 18:27:04.027, 2892496820035, QTAgent32.exe, Msaa.GetFocusedElement: could not find accessible object of foreground window
W, 3504, 23, 2013/05/23, 18:27:04.082, 2892497604610, QTAgent32.exe, &lt;a class=success&gt;Playback - {5} [SUCCESS] SendKeys "^+{END}" - "[MSAA, VisibleOnly]ControlType='Edit'"
\0&lt;/a&gt;
E, 3504, 23, 2013/05/23, 18:27:04.082, 2892497607199, QTAgent32.exe, Msaa.GetFocusedElement: could not find accessible object of foreground window
W, 3504, 23, 2013/05/23, 18:27:04.096, 2892497808858, QTAgent32.exe, &lt;a class=success&gt;Playback - {6} [SUCCESS] SendKeys "{DELETE}" - "[MSAA, VisibleOnly]ControlType='Edit'"
\0&lt;/a&gt;
W, 3504, 23, 2013/05/23, 18:27:04.511, 2892503748080, QTAgent32.exe, &lt;a class=success&gt;Playback - {7} [SUCCESS] SetValueAsEditBox "23/05/2013" - "[MSAA, VisibleOnly]ControlType='Edit'"  &lt; Set via SendKeys &gt;
\0&lt;/a&gt;
W, 3504, 23, 2013/05/23, 18:27:05.110, 2892512317015, QTAgent32.exe, Playback - [WARNING] Internal warning: Incorrect flag set for InvokeProgrammaticAction\0
W, 3504, 23, 2013/05/23, 18:27:05.230, 2892514037569, QTAgent32.exe, &lt;a class=success&gt;Playback - {8} [SUCCESS] SetValueAsComboBox "May" - "[MSAA, VisibleOnly]ControlType='ComboBox'"  &lt; SetValueAsComboBox, set by clicking on the item in the list box &gt;
\0&lt;/a&gt;
W, 3504, 23, 2013/05/23, 18:27:05.580, 2892519048135, QTAgent32.exe, &lt;a class=success&gt;Playback - {9} [SUCCESS] SendKeys "^{HOME}" - "[MSAA, VisibleOnly]ControlType='Edit'"
\0&lt;/a&gt;
E, 3504, 23, 2013/05/23, 18:27:05.580, 2892519051113, QTAgent32.exe, Msaa.GetFocusedElement: could not find accessible object of foreground window
W, 3504, 23, 2013/05/23, 18:27:05.635, 2892519845275, QTAgent32.exe, &lt;a class=success&gt;Playback - {10} [SUCCESS] SendKeys "^+{END}" - "[MSAA, VisibleOnly]ControlType='Edit'"
\0&lt;/a&gt;
E, 3504, 23, 2013/05/23, 18:27:05.636, 2892519848608, QTAgent32.exe, Msaa.GetFocusedElement: could not find accessible object of foreground window
W, 3504, 23, 2013/05/23, 18:27:05.662, 2892520227529, QTAgent32.exe, &lt;a class=success&gt;Playback - {11} [SUCCESS] SendKeys "{DELETE}" - "[MSAA, VisibleOnly]ControlType='Edit'"
\0&lt;/a&gt;
W, 3504, 23, 2013/05/23, 18:27:05.917, 2892523880084, QTAgent32.exe, &lt;a class=success&gt;Playback - {12} [SUCCESS] SetValueAsEditBox "2013" - "[MSAA, VisibleOnly]ControlType='Edit'"  &lt; Set via SendKeys &gt;
\0&lt;/a&gt;
W, 3504, 23, 2013/05/23, 18:27:06.136, 2892527010907, QTAgent32.exe, &lt;a class=success&gt;Playback - {13} [SUCCESS] MouseButtonClick - "[MSAA, VisibleOnly]ControlType='Button' &amp;&amp; Name='OK'"
\0&lt;/a&gt;
W, 3504, 23, 2013/05/23, 18:27:07.257, 2892543067675, QTAgent32.exe, Playback - [WARNING] Internal warning: Window Not Found: [VisibleOnly]ControlType='Window' &amp;&amp; Name='Warning' &amp;&amp; ClassName='#32770'
\0
E, 3504, 23, 2013/05/23, 18:27:07.258, 2892543070869, QTAgent32.exe, &lt;a class=failure&gt;Playback - {14} [FAILED] Function ElementFetcher::FindScreenElement failed to locate UI element (Searching: ;[VisibleOnly]ControlType='Window' &amp;&amp; Name='Warning' &amp;&amp; ClassName='#32770') (The object specified was not found.)
\0&lt;/a&gt;
E, 3504, 23, 2013/05/23, 18:27:07.339, 2892544235527, QTAgent32.exe, Playback - [IMAGE] C:\Users\testuser\AppData\Local\Temp\UITestLogs\LastRun\RPF91E1.png
\0
W, 3504, 23, 2013/05/23, 18:27:07.339, 2892544237851, QTAgent32.exe, Playback - [WARNING] Internal warning: Couldn't find descendants that match QueryId
\0
W, 3504, 23, 2013/05/23, 18:27:07.339, 2892544240833, QTAgent32.exe, PERF WARNING: FindTopLevelWindowHelper::FindAllDescendents: took 1082 ms. Expected it to take maximum 500 ms.
W, 3504, 23, 2013/05/23, 18:27:25.465, 2892803772075, QTAgent32.exe, Playback - [WARNING] Internal warning: Window Not Found: [VisibleOnly]ControlType='Window' &amp;&amp; Name='Warning' &amp;&amp; ClassName='#32770'
\0
E, 3504, 23, 2013/05/23, 18:27:25.465, 2892803776301, QTAgent32.exe, &lt;a class=failure&gt;Playback - {15} [FAILED] Function ElementFetcher::FindScreenElement failed to locate UI element (Searching: ;[VisibleOnly]ControlType='Window' &amp;&amp; Name='Warning' &amp;&amp; ClassName='#32770') (The object specified was not found.)
\0&lt;/a&gt;
E, 3504, 23, 2013/05/23, 18:27:25.548, 2892804955115, QTAgent32.exe, Playback - [IMAGE] C:\Users\testuser\AppData\Local\Temp\UITestLogs\LastRun\RPFD900.png
\0
W, 3504, 23, 2013/05/23, 18:27:25.548, 2892804957386, QTAgent32.exe, Playback - [WARNING] Internal warning: Couldn't find descendants that match QueryId
\0
W, 3504, 23, 2013/05/23, 18:27:25.548, 2892804962454, QTAgent32.exe, PERF WARNING: FindTopLevelWindowHelper::FindAllDescendents: took 18208 ms. Expected it to take maximum 500 ms.
W, 3504, 23, 2013/05/23, 18:27:26.060, 2892812284232, QTAgent32.exe, Playback - [WARNING] Internal warning: Smart Match failed
\0
W, 3504, 23, 2013/05/23, 18:27:26.445, 2892817795172, QTAgent32.exe, Playback - [WARNING] Internal warning: Smart Match failed
\0
W, 3504, 23, 2013/05/23, 18:27:26.823, 2892823206065, QTAgent32.exe, Playback - [WARNING] Internal warning: Smart Match failed
\0
W, 3504, 23, 2013/05/23, 18:27:27.230, 2892829038610, QTAgent32.exe, Playback - [WARNING] Internal warning: Smart Match failed
\0
W, 3504, 23, 2013/05/23, 18:27:27.650, 2892835055811, QTAgent32.exe, Playback - [WARNING] Internal warning: Smart Match failed
\0
W, 3504, 23, 2013/05/23, 18:27:28.048, 2892840752833, QTAgent32.exe, Playback - [WARNING] Internal warning: Smart Match failed
\0
W, 3504, 23, 2013/05/23, 18:27:28.445, 2892846434486, QTAgent32.exe, Playback - [WARNING] Internal warning: Smart Match failed
\0
W, 3504, 23, 2013/05/23, 18:27:28.731, 2892850530214, QTAgent32.exe, Playback - [WARNING] Internal warning: Window Not Found: [VisibleOnly]ControlType='Window' &amp;&amp; Name='Warning' &amp;&amp; ClassName='#32770'
\0
E, 3504, 23, 2013/05/23, 18:27:28.731, 2892850533576, QTAgent32.exe, &lt;a class=failure&gt;Playback - {16} [FAILED] Function ElementFetcher::FindScreenElement failed to locate UI element (Searching: ;[VisibleOnly]ControlType='Window' &amp;&amp; Name='Warning' &amp;&amp; ClassName='#32770') (The object specified was not found.)
\0&lt;/a&gt;
E, 3504, 23, 2013/05/23, 18:27:28.822, 2892851840876, QTAgent32.exe, Playback - [IMAGE] C:\Users\testuser\AppData\Local\Temp\UITestLogs\LastRun\RPFE5BD.png
\0
W, 3504, 23, 2013/05/23, 18:27:28.823, 2892851843336, QTAgent32.exe, Playback - [WARNING] Internal warning: Couldn't find descendants that match QueryId
\0
W, 3504, 23, 2013/05/23, 18:27:28.823, 2892851846700, QTAgent32.exe, PERF WARNING: FindTopLevelWindowHelper::FindAllDescendents: took 3274 ms. Expected it to take maximum 500 ms.
E, 3504, 23, 2013/05/23, 18:27:28.823, 2892851849478, QTAgent32.exe, Exception: System.Runtime.InteropServices.COMException
	Message: Error HRESULT E_FAIL has been returned from a call to a COM component.
	Stack Trace:    at Microsoft.VisualStudio.TestTools.UITest.Playback.Engine.IRPFPlayback.FindAllScreenElements(IScreenElement pScreenElementStart, String bstrQueryId, Object&amp; pvarResKeys, Int32 cResKeys, Int32 nMaxDepth, Object[]&amp; foundDescendants)
   at Microsoft.VisualStudio.TestTools.UITest.Playback.ScreenElement.FindTopLevelWindowHelper(String queryId)
	BaseExceptionMessage: Error HRESULT E_FAIL has been returned from a call to a COM component.

E, 3504, 23, 2013/05/23, 18:27:28.982, 2892854132360, QTAgent32.exe, AL: Playback Error: Microsoft.VisualStudio.TestTools.UITest.Extension.UITestControlNotFoundException: The playback failed to find the control with the given search properties. Additional Details: 
TechnologyName:  'MSAA'
ControlType:  'Window'
Name:  'Warning'
ClassName:  '#32770'
 ---&gt; System.Runtime.InteropServices.COMException: Error HRESULT E_FAIL has been returned from a call to a COM component.
   at Microsoft.VisualStudio.TestTools.UITest.Playback.Engine.IRPFPlayback.FindAllScreenElements(IScreenElement pScreenElementStart, String bstrQueryId, Object&amp; pvarResKeys, Int32 cResKeys, Int32 nMaxDepth, Object[]&amp; foundDescendants)
   at Microsoft.VisualStudio.TestTools.UITest.Playback.ScreenElement.FindTopLevelWindowHelper(String queryId)
   at Microsoft.VisualStudio.TestTools.UITest.Playback.ScreenElement.FindFromPartialQueryId(String queryId)
   at Microsoft.VisualStudio.TestTools.UITesting.UITestControl..ctor(String queryId)
   --- End of inner exception stack trace ---
   at Microsoft.VisualStudio.TestTools.UITesting.Playback.MapControlNotFoundException(COMException ex, IPlaybackContext context)
   at Microsoft.VisualStudio.TestTools.UITesting.Playback.MapAndThrowComException(COMException innerException, IPlaybackContext context)
   at Microsoft.VisualStudio.TestTools.UITesting.Playback.MapAndThrowException(SystemException exception, IPlaybackContext context)
   at Microsoft.VisualStudio.TestTools.UITesting.Playback.MapAndThrowException(SystemException exception, String queryId)
   at Microsoft.VisualStudio.TestTools.UITesting.UITestControl..ctor(String queryId)
   at Microsoft.VisualStudio.TestTools.UITesting.SearchHelper.SearchTopLevelWindow(ISearchArgument topLevelSearchArg, String topLevelElementQueryId)
   at Microsoft.VisualStudio.TestTools.UITesting.SearchHelper.GetTitleUpdatedTopLevelWindow(ISearchArgument topLevelSearchArg, String queryId, IList`1 windowTitles)
   at Microsoft.VisualStudio.TestTools.UITesting.SearchHelper.GetTopLevelElement(Boolean useCache, Boolean useCacheOnly, ISearchArgument searchArg, IList`1 windowTitles, Int32&amp; timeLeft)
   at Microsoft.VisualStudio.TestTools.UITesting.SearchHelper.GetElement(Boolean useCache, ISearchArgument searchArg)
   at Microsoft.VisualStudio.TestTools.UITesting.SearchHelper.Search(ISearchArgument searchArg)
   at Microsoft.VisualStudio.TestTools.UITesting.UITestControl.FindInternal()
   at Microsoft.VisualStudio.TestTools.UITesting.UITestControl.FindControlIfNecessary()
   at Microsoft.VisualStudio.TestTools.UITesting.UITestControl.Click(MouseButtons button, ModifierKeys modifierKeys, Point relativeCoordinates)
   at Microsoft.VisualStudio.TestTools.UITesting.Mouse.ClickImplementation(UITestControl control, MouseButtons button, ModifierKeys modifierKeys, Point relativeCoordinate)
   at Microsoft.VisualStudio.TestTools.UITesting.Mouse.ClickImplementationWrapper(UITestControl control, MouseButtons button, ModifierKeys modifierKeys, Point relativeCoordinate)
W, 3504, 23, 2013/05/23, 18:27:28.983, 2892854135595, QTAgent32.exe, PlaybackErrorHandler: Ignoring exception as ContinueOnError is set.
W, 3504, 23, 2013/05/23, 18:27:29.023, 2892854716888, QTAgent32.exe, &lt;a class=success&gt;Playback - {17} [SUCCESS] TypeString "#(R)"
\0&lt;/a&gt;
W, 3504, 23, 2013/05/23, 18:27:29.654, 2892863743650, QTAgent32.exe, PERF WARNING: FindTopLevelWindowHelper::FindAllDescendents: took 530 ms. Expected it to take maximum 500 ms.
E, 3504, 23, 2013/05/23, 18:27:30.117, 2892870375184, QTAgent32.exe, Exception: System.ArgumentException
	Message: Value does not fall within the expected range.
	Stack Trace:    at Accessibility.IAccessible.get_accRole(Object varChild)
   at Microsoft.VisualStudio.TestTools.UITest.Extension.Msaa.AccWrapper.get_RoleInt()
	BaseExceptionMessage: Value does not fall within the expected range.

E, 3504, 23, 2013/05/23, 18:27:30.129, 2892870550531, QTAgent32.exe, Exception: System.ArgumentException
	Message: Value does not fall within the expected range.
	Stack Trace:    at Accessibility.IAccessible.get_accRole(Object varChild)
   at Microsoft.VisualStudio.TestTools.UITest.Extension.Msaa.AccWrapper.get_RoleInt()
	BaseExceptionMessage: Value does not fall within the expected range.

W, 3504, 23, 2013/05/23, 18:27:31.447, 2892889422035, QTAgent32.exe, &lt;a class=success&gt;Playback - {18} [SUCCESS] LeftButtonClick  &lt; Mouse cursor location (87, 908) &gt;
\0&lt;/a&gt;
W, 3504, 23, 2013/05/23, 18:27:33.187, 2892914340843, QTAgent32.exe, &lt;a class=success&gt;Playback - {19} [SUCCESS] SetValueAsEditBox "c:\TestProject7\office.reg"  &lt; Set via SendKeys &gt;
\0&lt;/a&gt;
W, 3504, 23, 2013/05/23, 18:27:33.188, 2892914343663, QTAgent32.exe, &lt;a class=success&gt;Playback - {20} [SUCCESS] SetValueAsComboBox "c:\TestProject7\office.reg" - "[MSAA, VisibleOnly]ControlType='ComboBox' &amp;&amp; Name='Open:'"  &lt; Set via SetValueAsEditBox &gt;
\0&lt;/a&gt;
W, 3504, 23, 2013/05/23, 18:27:33.433, 2892917853731, QTAgent32.exe, &lt;a class=success&gt;Playback - {21} [SUCCESS] MouseButtonClick - "[MSAA, VisibleOnly]ControlType='Button' &amp;&amp; Name='OK'"
\0&lt;/a&gt;
W, 3504, 23, 2013/05/23, 18:27:33.837, 2892923634540, QTAgent32.exe, Playback - [WARNING] Internal warning: Window Not Found: [VisibleOnly]ControlType='Window' &amp;&amp; Name='Registry Editor' &amp;&amp; ClassName='#32770'
\0
E, 3504, 23, 2013/05/23, 18:27:33.837, 2892923637807, QTAgent32.exe, &lt;a class=failure&gt;Playback - {22} [FAILED] Function ElementFetcher::FindScreenElement failed to locate UI element (Searching: ;[VisibleOnly]ControlType='Window' &amp;&amp; Name='Registry Editor' &amp;&amp; ClassName='#32770') (The object specified was not found.)
\0&lt;/a&gt;
E, 3504, 23, 2013/05/23, 18:27:33.922, 2892924846450, QTAgent32.exe, Playback - [IMAGE] C:\Users\testuser\AppData\Local\Temp\UITestLogs\LastRun\RPFF9BB.png
\0
W, 3504, 23, 2013/05/23, 18:27:33.922, 2892924848850, QTAgent32.exe, Playback - [WARNING] Internal warning: Couldn't find descendants that match QueryId
\0
W, 3504, 23, 2013/05/23, 18:27:34.664, 2892935477076, QTAgent32.exe, PERF WARNING: FindTopLevelWindowHelper::FindAllDescendents: took 741 ms. Expected it to take maximum 500 ms.
W, 3504, 23, 2013/05/23, 18:27:34.932, 2892939318577, QTAgent32.exe, &lt;a class=success&gt;Playback - {23} [SUCCESS] MouseButtonClick - "[MSAA, VisibleOnly]ControlType='Button' &amp;&amp; Name='Yes'"
\0&lt;/a&gt;
W, 3504, 23, 2013/05/23, 18:27:35.448, 2892946700540, QTAgent32.exe, &lt;a class=success&gt;Playback - {24} [SUCCESS] MouseButtonClick - "[MSAA, VisibleOnly]ControlType='Button' &amp;&amp; Name='OK'"
\0&lt;/a&gt;
W, 3504, 23, 2013/05/23, 18:27:35.726, 2892950683313, QTAgent32.exe, &lt;a class=success&gt;Playback - {25} [SUCCESS] MouseButtonClick - "[MSAA, VisibleOnly]ControlType='Button' &amp;&amp; Name='Clients &amp; Files'"
\0&lt;/a&gt;
W, 3504, 23, 2013/05/23, 18:27:37.236, 2892972306192, QTAgent32.exe, PERF WARNING: FindTopLevelWindowHelper::FindAllDescendents: took 1410 ms. Expected it to take maximum 500 ms.
W, 3504, 23, 2013/05/23, 18:27:38.234, 2892986594194, QTAgent32.exe, Playback - [WARNING] Internal warning: Incorrect flag set for InvokeProgrammaticAction\0
W, 3504, 23, 2013/05/23, 18:27:38.358, 2892988368471, QTAgent32.exe, &lt;a class=success&gt;Playback - {26} [SUCCESS] SetValueAsComboBox "Customers" - "[MSAA, VisibleOnly]ControlType='ComboBox'"  &lt; SetValueAsComboBox, set by clicking on the item in the list box &gt;
\0&lt;/a&gt;
W, 3504, 23, 2013/05/23, 18:27:38.923, 2892996466639, QTAgent32.exe, &lt;a class=success&gt;Playback - {27} [SUCCESS] MouseButtonClick - "[MSAA, VisibleOnly]ControlType='Button' &amp;&amp; Name='Add'"
\0&lt;/a&gt;
W, 3504, 23, 2013/05/23, 18:27:39.785, 2893008801203, QTAgent32.exe, &lt;a class=success&gt;Playback - {28} [SUCCESS] SendKeys "autotest" - "[MSAA, VisibleOnly]ControlType='RadioButton' &amp;&amp; Name='Personal Lines'"
\0&lt;/a&gt;
W, 3504, 23, 2013/05/23, 18:27:40.896, 2893024712093, QTAgent32.exe, &lt;a class=success&gt;Playback - {29} [SUCCESS] SetValueAsEditBox "autotest" - "[MSAA, VisibleOnly]ControlType='Edit'"  &lt; Set via SendKeys &gt;
\0&lt;/a&gt;
W, 3504, 23, 2013/05/23, 18:27:41.140, 2893028202797, QTAgent32.exe, &lt;a class=success&gt;Playback - {30} [SUCCESS] MouseButtonClick - "[MSAA, VisibleOnly]ControlType='Button' &amp;&amp; Name='OK'"
\0&lt;/a&gt;
W, 3504, 23, 2013/05/23, 18:27:41.440, 2893032499476, QTAgent32.exe, &lt;a class=success&gt;Playback - {31} [SUCCESS] MouseButtonClick - "[MSAA, VisibleOnly]ControlType='Button' &amp;&amp; Name='Yes'"
\0&lt;/a&gt;
W, 3504, 23, 2013/05/23, 18:27:42.094, 2893041866740, QTAgent32.exe, &lt;a class=success&gt;Playback - {32} [SUCCESS] SendKeys "^{HOME}" - "[MSAA, VisibleOnly]ControlType='Edit'"
\0&lt;/a&gt;
E, 3504, 23, 2013/05/23, 18:27:42.095, 2893041870726, QTAgent32.exe, Msaa.GetFocusedElement: could not find accessible object of foreground window
W, 3504, 23, 2013/05/23, 18:27:42.151, 2893042681191, QTAgent32.exe, &lt;a class=success&gt;Playback - {33} [SUCCESS] SendKeys "^+{END}" - "[MSAA, VisibleOnly]ControlType='Edit'"
\0&lt;/a&gt;
E, 3504, 23, 2013/05/23, 18:27:42.151, 2893042684468, QTAgent32.exe, Msaa.GetFocusedElement: could not find accessible object of foreground window
W, 3504, 23, 2013/05/23, 18:27:42.181, 2893043105699, QTAgent32.exe, &lt;a class=success&gt;Playback - {34} [SUCCESS] SendKeys "{DELETE}" - "[MSAA, VisibleOnly]ControlType='Edit'"
\0&lt;/a&gt;
W, 3504, 23, 2013/05/23, 18:27:42.634, 2893049596773, QTAgent32.exe, &lt;a class=success&gt;Playback - {35} [SUCCESS] SetValueAsEditBox "1" - "[MSAA, VisibleOnly]ControlType='Edit'"  &lt; Set via SendKeys &gt;
\0&lt;/a&gt;
W, 3504, 23, 2013/05/23, 18:27:43.224, 2893058040213, QTAgent32.exe, &lt;a class=success&gt;Playback - {36} [SUCCESS] SendKeys "^{HOME}" - "[MSAA, VisibleOnly]ControlType='Edit'"
\0&lt;/a&gt;
E, 3504, 23, 2013/05/23, 18:27:43.224, 2893058044084, QTAgent32.exe, Msaa.GetFocusedElement: could not find accessible object of foreground window
W, 3504, 23, 2013/05/23, 18:27:43.281, 2893058856455, QTAgent32.exe, &lt;a class=success&gt;Playback - {37} [SUCCESS] SendKeys "^+{END}" - "[MSAA, VisibleOnly]ControlType='Edit'"
\0&lt;/a&gt;
E, 3504, 23, 2013/05/23, 18:27:43.281, 2893058860063, QTAgent32.exe, Msaa.GetFocusedElement: could not find accessible object of foreground window
W, 3504, 23, 2013/05/23, 18:27:43.304, 2893059195383, QTAgent32.exe, &lt;a class=success&gt;Playback - {38} [SUCCESS] SendKeys "{DELETE}" - "[MSAA, VisibleOnly]ControlType='Edit'"
\0&lt;/a&gt;
W, 3504, 23, 2013/05/23, 18:27:43.802, 2893066316500, QTAgent32.exe, &lt;a class=success&gt;Playback - {39} [SUCCESS] SetValueAsEditBox "1" - "[MSAA, VisibleOnly]ControlType='Edit'"  &lt; Set via SendKeys &gt;
\0&lt;/a&gt;
W, 3504, 23, 2013/05/23, 18:27:45.412, 2893089367740, QTAgent32.exe, Playback - [WARNING] Internal warning: Target element "[MSAA, VisibleOnly]ControlType='Button' &amp;&amp; Name='OK'" was not found, so all intermediate elements were ignored. An incorrect element that matches target element Id can be found as the result.  Verify that all intermediate elements in QueryId have valid and unique Ids
\0
W, 3504, 23, 2013/05/23, 18:27:45.947, 2893097025939, QTAgent32.exe, PERF WARNING: FindAllDescendents: took 2043 ms. Expected it to take maximum 500 ms.
W, 3504, 23, 2013/05/23, 18:27:46.247, 2893101326416, QTAgent32.exe, &lt;a class=success&gt;Playback - {40} [SUCCESS] MouseButtonClick - "[MSAA, VisibleOnly]ControlType='Button' &amp;&amp; Name='OK'"
\0&lt;/a&gt;
W, 3504, 23, 2013/05/23, 18:27:46.654, 2893107153318, QTAgent32.exe, &lt;a class=success&gt;Playback - {41} [SUCCESS] MouseButtonClick - "[MSAA, VisibleOnly]ControlType='Button'"
\0&lt;/a&gt;
W, 3504, 23, 2013/05/23, 18:27:47.037, 2893112645762, QTAgent32.exe, &lt;a class=success&gt;Playback - {42} [SUCCESS] MouseButtonClick - "[MSAA, VisibleOnly]ControlType='Button' &amp;&amp; Name='Add'"
\0&lt;/a&gt;
W, 3504, 23, 2013/05/23, 18:27:47.385, 2893117615151, QTAgent32.exe, &lt;a class=success&gt;Playback - {43} [SUCCESS] MouseButtonClick - "[MSAA, VisibleOnly]ControlType='Button' &amp;&amp; Name='OK'"
\0&lt;/a&gt;
W, 3504, 23, 2013/05/23, 18:27:49.648, 2893150015080, QTAgent32.exe, &lt;a class=success&gt;Playback - {44} [SUCCESS] MouseButtonClick - "[MSAA, VisibleOnly,Window]ControlType='Window' &amp;&amp; ClassName='ThunderRT6TextBox'"
\0&lt;/a&gt;
W, 3504, 23, 2013/05/23, 18:27:50.708, 2893165205209, QTAgent32.exe, &lt;a class=success&gt;Playback - {45} [SUCCESS] SetValueAsEditBox "HOME" - "[MSAA, VisibleOnly]ControlType='Edit'"  &lt; Set via SendKeys &gt;
\0&lt;/a&gt;
W, 3504, 23, 2013/05/23, 18:27:51.089, 2893170655184, QTAgent32.exe, &lt;a class=success&gt;Playback - {46} [SUCCESS] MouseButtonClick - "[MSAA, VisibleOnly]ControlType='Button' &amp;&amp; Name='OK'"
\0&lt;/a&gt;
W, 3504, 23, 2013/05/23, 18:27:51.343, 2893174298961, QTAgent32.exe, &lt;a class=success&gt;Playback - {47} [SUCCESS] MouseButtonClick - "[MSAA, VisibleOnly]ControlType='Button' &amp;&amp; Name='Options'"
\0&lt;/a&gt;
W, 3504, 23, 2013/05/23, 18:27:51.444, 2893175739885, QTAgent32.exe, FindScreenElementInSinglePass : Attempting to find control in one pass of search. Failures can occur.
W, 3504, 23, 2013/05/23, 18:27:52.386, 2893189224129, QTAgent32.exe, &lt;a class=success&gt;Playback - {48} [SUCCESS] MouseButtonClick - "[MSAA]ControlType='MenuItem' &amp;&amp; Name='Links'"
\0&lt;/a&gt;
W, 3504, 23, 2013/05/23, 18:27:52.486, 2893190663292, QTAgent32.exe, FindScreenElementInSinglePass : Attempting to find control in one pass of search. Failures can occur.
W, 3504, 23, 2013/05/23, 18:27:52.990, 2893197873291, QTAgent32.exe, &lt;a class=success&gt;Playback - {49} [SUCCESS] MouseButtonClick - "[MSAA]ControlType='MenuItem' &amp;&amp; Name='3rd Party Integration'"
\0&lt;/a&gt;
W, 3504, 23, 2013/05/23, 18:27:53.090, 2893199312942, QTAgent32.exe, FindScreenElementInSinglePass : Attempting to find control in one pass of search. Failures can occur.
W, 3504, 23, 2013/05/23, 18:27:53.653, 2893207360341, QTAgent32.exe, &lt;a class=success&gt;Playback - {50} [SUCCESS] MouseButtonClick - "[MSAA]ControlType='MenuItem' &amp;&amp; Name='Quote Select List'"
\0&lt;/a&gt;
W, 3504, 23, 2013/05/23, 18:27:54.767, 2893223324571, QTAgent32.exe, PERF WARNING: FindTopLevelWindowHelper::FindAllDescendents: took 1014 ms. Expected it to take maximum 500 ms.
W, 3504, 23, 2013/05/23, 18:27:55.246, 2893230180250, QTAgent32.exe, &lt;a class=success&gt;Playback - {51} [SUCCESS] MouseButtonClick - "[MSAA, VisibleOnly]ControlType='Button' &amp;&amp; Name='Ok'"
\0&lt;/a&gt;
W, 3504, 23, 2013/05/23, 18:27:57.782, 2893266479332, QTAgent32.exe, PERF WARNING: FindTopLevelWindowHelper::FindAllDescendents: took 2407 ms. Expected it to take maximum 500 ms.
W, 3504, 23, 2013/05/23, 18:27:59.099, 2893285349487, QTAgent32.exe, &lt;a class=success&gt;Playback - {52} [SUCCESS] SetValueAsEditBox "test1" - "[MSAA, VisibleOnly]ControlType='Edit'"  &lt; Set via SendKeys &gt;
\0&lt;/a&gt;
W, 3504, 23, 2013/05/23, 18:28:00.280, 2893302260316, QTAgent32.exe, &lt;a class=success&gt;Playback - {53} [SUCCESS] SetValueAsEditBox "test" - "[MSAA, VisibleOnly]ControlType='Edit'"  &lt; Set via SendKeys &gt;
\0&lt;/a&gt;
W, 3504, 23, 2013/05/23, 18:28:00.875, 2893310773624, QTAgent32.exe, &lt;a class=success&gt;Playback - {54} [SUCCESS] SendKeys "^{HOME}" - "[MSAA, VisibleOnly]ControlType='Edit'"
\0&lt;/a&gt;
E, 3504, 23, 2013/05/23, 18:28:00.875, 2893310776506, QTAgent32.exe, Msaa.GetFocusedElement: could not find accessible object of foreground window
W, 3504, 23, 2013/05/23, 18:28:00.930, 2893311560687, QTAgent32.exe, &lt;a class=success&gt;Playback - {55} [SUCCESS] SendKeys "^+{END}" - "[MSAA, VisibleOnly]ControlType='Edit'"
\0&lt;/a&gt;
E, 3504, 23, 2013/05/23, 18:28:00.930, 2893311564045, QTAgent32.exe, Msaa.GetFocusedElement: could not find accessible object of foreground window
W, 3504, 23, 2013/05/23, 18:28:00.946, 2893311791037, QTAgent32.exe, &lt;a class=success&gt;Playback - {56} [SUCCESS] SendKeys "{DELETE}" - "[MSAA, VisibleOnly]ControlType='Edit'"
\0&lt;/a&gt;
W, 3504, 23, 2013/05/23, 18:28:01.515, 2893319939050, QTAgent32.exe, &lt;a class=success&gt;Playback - {57} [SUCCESS] SetValueAsEditBox "test" - "[MSAA, VisibleOnly]ControlType='Edit'"  &lt; Set via SendKeys &gt;
\0&lt;/a&gt;
W, 3504, 23, 2013/05/23, 18:28:02.758, 2893337731578, QTAgent32.exe, Playback - [WARNING] Internal warning: Incorrect flag set for InvokeProgrammaticAction\0
W, 3504, 23, 2013/05/23, 18:28:02.879, 2893339462750, QTAgent32.exe, &lt;a class=success&gt;Playback - {58} [SUCCESS] SetValueAsComboBox "Account Director" - "[MSAA, VisibleOnly]ControlType='ComboBox'"  &lt; SetValueAsComboBox, set by clicking on the item in the list box &gt;
\0&lt;/a&gt;
W, 3504, 23, 2013/05/23, 18:28:04.060, 2893356383200, QTAgent32.exe, Playback - [WARNING] Internal warning: Incorrect flag set for InvokeProgrammaticAction\0
W, 3504, 23, 2013/05/23, 18:28:04.182, 2893358123776, QTAgent32.exe, &lt;a class=success&gt;Playback - {59} [SUCCESS] SetValueAsComboBox "Advertising" - "[MSAA, VisibleOnly]ControlType='ComboBox'"  &lt; SetValueAsComboBox, set by clicking on the item in the list box &gt;
\0&lt;/a&gt;
W, 3504, 23, 2013/05/23, 18:28:05.364, 2893375048983, QTAgent32.exe, &lt;a class=success&gt;Playback - {60} [SUCCESS] SetValueAsEditBox "160589" - "[MSAA, VisibleOnly]ControlType='Edit'"  &lt; Set via SendKeys &gt;
\0&lt;/a&gt;
W, 3504, 23, 2013/05/23, 18:28:05.613, 2893378605557, QTAgent32.exe, &lt;a class=success&gt;Playback - {61} [SUCCESS] MouseButtonClick - "[MSAA, VisibleOnly]ControlType='Edit'"
\0&lt;/a&gt;
W, 3504, 23, 2013/05/23, 18:28:06.845, 2893396248922, QTAgent32.exe, &lt;a class=success&gt;Playback - {62} [SUCCESS] SetValueAsEditBox "B338TH" - "[MSAA, VisibleOnly]ControlType='Edit'"  &lt; Set via SendKeys &gt;
\0&lt;/a&gt;
W, 3504, 23, 2013/05/23, 18:28:09.084, 2893428304708, QTAgent32.exe, &lt;a class=success&gt;Playback - {63} [SUCCESS] MouseButtonClick - "[MSAA, VisibleOnly]ControlType='Button' &amp;&amp; Name='Lookup...'"
\0&lt;/a&gt;
W, 3504, 23, 2013/05/23, 18:28:09.379, 2893432536280, QTAgent32.exe, &lt;a class=success&gt;Playback - {64} [SUCCESS] MouseButtonClick - "[MSAA, VisibleOnly]ControlType='Button' &amp;&amp; Name='Ok'"
\0&lt;/a&gt;
W, 3504, 23, 2013/05/23, 18:28:09.659, 2893436537546, QTAgent32.exe, &lt;a class=success&gt;Playback - {65} [SUCCESS] MouseButtonClick - "[MSAA, VisibleOnly]ControlType='Button' &amp;&amp; Name='Next &gt;'"
\0&lt;/a&gt;
W, 3504, 23, 2013/05/23, 18:28:11.386, 2893461278310, QTAgent32.exe, &lt;a class=success&gt;Playback - {66} [SUCCESS] SetValueAsEditBox "1989" - "[MSAA, VisibleOnly]ControlType='Edit'"  &lt; Set via SendKeys &gt;
\0&lt;/a&gt;
W, 3504, 23, 2013/05/23, 18:28:11.625, 2893464690568, QTAgent32.exe, &lt;a class=success&gt;Playback - {67} [SUCCESS] MouseButtonClick - "[MSAA, VisibleOnly]ControlType='Button' &amp;&amp; Name='Next &gt;'"
\0&lt;/a&gt;
W, 3504, 23, 2013/05/23, 18:28:11.868, 2893468177604, QTAgent32.exe, &lt;a class=success&gt;Playback - {68} [SUCCESS] MouseButtonClick - "[MSAA, VisibleOnly]ControlType='Button' &amp;&amp; Name='Next &gt;'"
\0&lt;/a&gt;
W, 3504, 23, 2013/05/23, 18:28:12.088, 2893471325275, QTAgent32.exe, &lt;a class=success&gt;Playback - {69} [SUCCESS] MouseButtonClick - "[MSAA, VisibleOnly]ControlType='Button' &amp;&amp; Name='Next &gt;'"
\0&lt;/a&gt;
W, 3504, 23, 2013/05/23, 18:28:13.793, 2893495730078, QTAgent32.exe, &lt;a class=success&gt;Playback - {70} [SUCCESS] SetValueAsEditBox "2345" - "[MSAA, VisibleOnly]ControlType='Edit'"  &lt; Set via SendKeys &gt;
\0&lt;/a&gt;
W, 3504, 23, 2013/05/23, 18:28:15.489, 2893520024456, QTAgent32.exe, &lt;a class=success&gt;Playback - {71} [SUCCESS] SetValueAsEditBox "2000" - "[MSAA, VisibleOnly]ControlType='Edit'"  &lt; Set via SendKeys &gt;
\0&lt;/a&gt;
W, 3504, 23, 2013/05/23, 18:28:17.162, 2893543968305, QTAgent32.exe, &lt;a class=success&gt;Playback - {72} [SUCCESS] SetValueAsEditBox "2000" - "[MSAA, VisibleOnly]ControlType='Edit'"  &lt; Set via SendKeys &gt;
\0&lt;/a&gt;
W, 3504, 23, 2013/05/23, 18:28:17.383, 2893547130405, QTAgent32.exe, &lt;a class=success&gt;Playback - {73} [SUCCESS] MouseButtonClick - "[MSAA, VisibleOnly]ControlType='Button' &amp;&amp; Name='Next &gt;'"
\0&lt;/a&gt;
W, 3504, 23, 2013/05/23, 18:28:19.077, 2893571391191, QTAgent32.exe, &lt;a class=success&gt;Playback - {74} [SUCCESS] SetValueAsEditBox "2345" - "[MSAA, VisibleOnly]ControlType='Edit'"  &lt; Set via SendKeys &gt;
\0&lt;/a&gt;
W, 3504, 23, 2013/05/23, 18:28:19.333, 2893575053216, QTAgent32.exe, &lt;a class=success&gt;Playback - {75} [SUCCESS] MouseButtonClick - "[MSAA, VisibleOnly]ControlType='Button' &amp;&amp; Name='Next &gt;'"
\0&lt;/a&gt;
W, 3504, 23, 2013/05/23, 18:28:19.599, 2893578863225, QTAgent32.exe, &lt;a class=success&gt;Playback - {76} [SUCCESS] MouseButtonClick - "[MSAA, VisibleOnly]ControlType='Button' &amp;&amp; Name='Next &gt;'"
\0&lt;/a&gt;
W, 3504, 23, 2013/05/23, 18:28:19.959, 2893584022111, QTAgent32.exe, &lt;a class=success&gt;Playback - {77} [SUCCESS] MouseButtonClick - "[MSAA, VisibleOnly]ControlType='Button' &amp;&amp; Name='Quote'"
\0&lt;/a&gt;
W, 3504, 23, 2013/05/23, 18:28:20.195, 2893587398299, QTAgent32.exe, &lt;a class=success&gt;Playback - {78} [SUCCESS] MouseButtonClick - "[MSAA, VisibleOnly]ControlType='Button' &amp;&amp; Name='No'"
\0&lt;/a&gt;
W, 3504, 23, 2013/05/23, 18:28:20.625, 2893593556626, QTAgent32.exe, &lt;a class=success&gt;Playback - {79} [SUCCESS] MouseButtonClick - "[MSAA, VisibleOnly]ControlType='Button' &amp;&amp; Name='Ok'"
\0&lt;/a&gt;
W, 3504, 23, 2013/05/23, 18:28:26.236, 2893673890750, QTAgent32.exe, PERF WARNING: FindTopLevelWindowHelper::FindAllDescendents: took 5509 ms. Expected it to take maximum 500 ms.
W, 3504, 23, 2013/05/23, 18:28:26.384, 2893676020762, QTAgent32.exe, &lt;a class=success&gt;Playback - {80} [SUCCESS] MouseButtonClick - "[MSAA, VisibleOnly]ControlType='Client'"
\0&lt;/a&gt;
W, 3504, 23, 2013/05/23, 18:28:28.602, 2893707783177, QTAgent32.exe, &lt;a class=success&gt;Playback - {81} [SUCCESS] SendKeys "{End}" - "[MSAA, VisibleOnly]ControlType='Client'"
\0&lt;/a&gt;
W, 3504, 23, 2013/05/23, 18:28:30.155, 2893730012326, QTAgent32.exe, &lt;a class=success&gt;Playback - {82} [SUCCESS] MouseButtonClick - "[MSAA, VisibleOnly]ControlType='Button' &amp;&amp; Name='Accept'"
\0&lt;/a&gt;
W, 3504, 23, 2013/05/23, 18:28:32.395, 2893762093688, QTAgent32.exe, &lt;a class=success&gt;Playback - {83} [SUCCESS] MouseButtonClick - "[MSAA, VisibleOnly]ControlType='Button' &amp;&amp; Name='Yes'"
\0&lt;/a&gt;
W, 3504, 23, 2013/05/23, 18:28:47.806, 2893982743834, QTAgent32.exe, Playback - [WARNING] Internal warning: Window Not Found: [VisibleOnly]ControlType='Window' &amp;&amp; Name='Broker Add-ons' &amp;&amp; ClassName='ThunderRT6FormDC'
\0
E, 3504, 23, 2013/05/23, 18:28:47.807, 2893982751115, QTAgent32.exe, &lt;a class=failure&gt;Playback - {84} [FAILED] Function ElementFetcher::FindScreenElement failed to locate UI element (Searching: ;[VisibleOnly]ControlType='Window' &amp;&amp; Name='Broker Add-ons' &amp;&amp; ClassName='ThunderRT6FormDC') (The object specified was not found.)
\0&lt;/a&gt;
E, 3504, 23, 2013/05/23, 18:28:47.902, 2893984121177, QTAgent32.exe, Playback - [IMAGE] C:\Users\testuser\AppData\Local\Temp\UITestLogs\LastRun\RPF1AA4.png
\0
W, 3504, 23, 2013/05/23, 18:28:47.902, 2893984124620, QTAgent32.exe, Playback - [WARNING] Internal warning: Couldn't find descendants that match QueryId
\0
W, 3504, 23, 2013/05/23, 18:28:47.903, 2893984132327, QTAgent32.exe, PERF WARNING: FindTopLevelWindowHelper::FindAllDescendents: took 15405 ms. Expected it to take maximum 500 ms.
W, 3504, 23, 2013/05/23, 18:29:07.275, 2894261496898, QTAgent32.exe, Playback - [WARNING] Internal warning: Window Not Found: [VisibleOnly]ControlType='Window' &amp;&amp; Name='Broker Add-ons' &amp;&amp; ClassName='ThunderRT6FormDC'
\0
E, 3504, 23, 2013/05/23, 18:29:07.275, 2894261504132, QTAgent32.exe, &lt;a class=failure&gt;Playback - {85} [FAILED] Function ElementFetcher::FindScreenElement failed to locate UI element (Searching: ;[VisibleOnly]ControlType='Window' &amp;&amp; Name='Broker Add-ons' &amp;&amp; ClassName='ThunderRT6FormDC') (The object specified was not found.)
\0&lt;/a&gt;
E, 3504, 23, 2013/05/23, 18:29:07.366, 2894262805794, QTAgent32.exe, Playback - [IMAGE] C:\Users\testuser\AppData\Local\Temp\UITestLogs\LastRun\RPF66B2.png
\0
W, 3504, 23, 2013/05/23, 18:29:07.366, 2894262808427, QTAgent32.exe, Playback - [WARNING] Internal warning: Couldn't find descendants that match QueryId
\0
W, 3504, 23, 2013/05/23, 18:29:07.367, 2894262816561, QTAgent32.exe, PERF WARNING: FindTopLevelWindowHelper::FindAllDescendents: took 19463 ms. Expected it to take maximum 500 ms.
W, 3504, 23, 2013/05/23, 18:29:10.056, 2894301323756, QTAgent32.exe, Playback - [WARNING] Internal warning: Smart Match failed
\0
W, 3504, 23, 2013/05/23, 18:29:11.440, 2894321138486, QTAgent32.exe, Playback - [WARNING] Internal warning: Window Not Found: [VisibleOnly]ControlType='Window' &amp;&amp; Name='Broker Add-ons' &amp;&amp; ClassName='ThunderRT6FormDC'
\0
E, 3504, 23, 2013/05/23, 18:29:11.440, 2894321142037, QTAgent32.exe, &lt;a class=failure&gt;Playback - {86} [FAILED] Function ElementFetcher::FindScreenElement failed to locate UI element (Searching: ;[VisibleOnly]ControlType='Window' &amp;&amp; Name='Broker Add-ons' &amp;&amp; ClassName='ThunderRT6FormDC') (The object specified was not found.)
\0&lt;/a&gt;
E, 3504, 23, 2013/05/23, 18:29:11.527, 2894322391439, QTAgent32.exe, Playback - [IMAGE] C:\Users\testuser\AppData\Local\Temp\UITestLogs\LastRun\RPF76F8.png
\0
W, 3504, 23, 2013/05/23, 18:29:11.528, 2894322393976, QTAgent32.exe, Playback - [WARNING] Internal warning: Couldn't find descendants that match QueryId
\0
W, 3504, 23, 2013/05/23, 18:29:11.528, 2894322398454, QTAgent32.exe, PERF WARNING: FindTopLevelWindowHelper::FindAllDescendents: took 4160 ms. Expected it to take maximum 500 ms.
E, 3504, 23, 2013/05/23, 18:29:11.528, 2894322400925, QTAgent32.exe, Exception: System.Runtime.InteropServices.COMException
	Message: Error HRESULT E_FAIL has been returned from a call to a COM component.
	Stack Trace:    at Microsoft.VisualStudio.TestTools.UITest.Playback.Engine.IRPFPlayback.FindAllScreenElements(IScreenElement pScreenElementStart, String bstrQueryId, Object&amp; pvarResKeys, Int32 cResKeys, Int32 nMaxDepth, Object[]&amp; foundDescendants)
   at Microsoft.VisualStudio.TestTools.UITest.Playback.ScreenElement.FindTopLevelWindowHelper(String queryId)
	BaseExceptionMessage: Error HRESULT E_FAIL has been returned from a call to a COM component.

E, 3504, 23, 2013/05/23, 18:29:11.630, 2894323853968, QTAgent32.exe, AL: Playback Error: Microsoft.VisualStudio.TestTools.UITest.Extension.UITestControlNotFoundException: The playback failed to find the control with the given search properties. Additional Details: 
TechnologyName:  'MSAA'
ControlType:  'Window'
Name:  'Broker Add-ons'
ClassName:  'ThunderRT6FormDC'
 ---&gt; System.Runtime.InteropServices.COMException: Error HRESULT E_FAIL has been returned from a call to a COM component.
   at Microsoft.VisualStudio.TestTools.UITest.Playback.Engine.IRPFPlayback.FindAllScreenElements(IScreenElement pScreenElementStart, String bstrQueryId, Object&amp; pvarResKeys, Int32 cResKeys, Int32 nMaxDepth, Object[]&amp; foundDescendants)
   at Microsoft.VisualStudio.TestTools.UITest.Playback.ScreenElement.FindTopLevelWindowHelper(String queryId)
   at Microsoft.VisualStudio.TestTools.UITest.Playback.ScreenElement.FindFromPartialQueryId(String queryId)
   at Microsoft.VisualStudio.TestTools.UITesting.UITestControl..ctor(String queryId)
   --- End of inner exception stack trace ---
   at Microsoft.VisualStudio.TestTools.UITesting.Playback.MapControlNotFoundException(COMException ex, IPlaybackContext context)
   at Microsoft.VisualStudio.TestTools.UITesting.Playback.MapAndThrowComException(COMException innerException, IPlaybackContext context)
   at Microsoft.VisualStudio.TestTools.UITesting.Playback.MapAndThrowException(SystemException exception, IPlaybackContext context)
   at Microsoft.VisualStudio.TestTools.UITesting.Playback.MapAndThrowException(SystemException exception, String queryId)
   at Microsoft.VisualStudio.TestTools.UITesting.UITestControl..ctor(String queryId)
   at Microsoft.VisualStudio.TestTools.UITesting.SearchHelper.SearchTopLevelWindow(ISearchArgument topLevelSearchArg, String topLevelElementQueryId)
   at Microsoft.VisualStudio.TestTools.UITesting.SearchHelper.GetTitleUpdatedTopLevelWindow(ISearchArgument topLevelSearchArg, String queryId, IList`1 windowTitles)
   at Microsoft.VisualStudio.TestTools.UITesting.SearchHelper.GetTopLevelElement(Boolean useCache, Boolean useCacheOnly, ISearchArgument searchArg, IList`1 windowTitles, Int32&amp; timeLeft)
   at Microsoft.VisualStudio.TestTools.UITesting.SearchHelper.GetElement(Boolean useCache, ISearchArgument searchArg)
   at Microsoft.VisualStudio.TestTools.UITesting.SearchHelper.Search(ISearchArgument searchArg)
   at Microsoft.VisualStudio.TestTools.UITesting.UITestControl.FindInternal()
   at Microsoft.VisualStudio.TestTools.UITesting.UITestControl.FindControlIfNecessary()
   at Microsoft.VisualStudio.TestTools.UITesting.UITestControl.Click(MouseButtons button, ModifierKeys modifierKeys, Point relativeCoordinates)
   at Microsoft.VisualStudio.TestTools.UITesting.Mouse.ClickImplementation(UITestControl control, MouseButtons button, ModifierKeys modifierKeys, Point relativeCoordinate)
   at Microsoft.VisualStudio.TestTools.UITesting.Mouse.ClickImplementationWrapper(UITestControl control, MouseButtons button, ModifierKeys modifierKeys, Point relativeCoordinate)
W, 3504, 23, 2013/05/23, 18:29:11.630, 2894323857972, QTAgent32.exe, PlaybackErrorHandler: Ignoring exception as ContinueOnError is set.
W, 3504, 23, 2013/05/23, 18:29:19.179, 2894431941928, QTAgent32.exe, Playback - [WARNING] Internal warning: Window Not Found: [VisibleOnly]ControlType='Window' &amp;&amp; Name='Save the file as' &amp;&amp; ClassName='#32770'
\0
E, 3504, 23, 2013/05/23, 18:29:19.179, 2894431947364, QTAgent32.exe, &lt;a class=failure&gt;Playback - {87} [FAILED] Function ElementFetcher::FindScreenElement failed to locate UI element (Searching: ;[VisibleOnly]ControlType='Window' &amp;&amp; Name='Save the file as' &amp;&amp; ClassName='#32770') (The object specified was not found.)
\0&lt;/a&gt;
E, 3504, 23, 2013/05/23, 18:29:19.270, 2894433243460, QTAgent32.exe, Playback - [IMAGE] C:\Users\testuser\AppData\Local\Temp\UITestLogs\LastRun\RPF9533.png
\0
W, 3504, 23, 2013/05/23, 18:29:19.270, 2894433246098, QTAgent32.exe, Playback - [WARNING] Internal warning: Couldn't find descendants that match QueryId
\0
W, 3504, 23, 2013/05/23, 18:29:19.270, 2894433251324, QTAgent32.exe, PERF WARNING: FindTopLevelWindowHelper::FindAllDescendents: took 7639 ms. Expected it to take maximum 500 ms.
W, 3504, 23, 2013/05/23, 18:29:38.624, 2894710366840, QTAgent32.exe, Playback - [WARNING] Internal warning: Window Not Found: [VisibleOnly]ControlType='Window' &amp;&amp; Name='Save the file as' &amp;&amp; ClassName='#32770'
\0
E, 3504, 23, 2013/05/23, 18:29:38.625, 2894710376353, QTAgent32.exe, &lt;a class=failure&gt;Playback - {88} [FAILED] Function ElementFetcher::FindScreenElement failed to locate UI element (Searching: ;[VisibleOnly]ControlType='Window' &amp;&amp; Name='Save the file as' &amp;&amp; ClassName='#32770') (The object specified was not found.)
\0&lt;/a&gt;
E, 3504, 23, 2013/05/23, 18:29:38.708, 2894711561044, QTAgent32.exe, Playback - [IMAGE] C:\Users\testuser\AppData\Local\Temp\UITestLogs\LastRun\RPFE131.png
\0
W, 3504, 23, 2013/05/23, 18:29:38.708, 2894711563726, QTAgent32.exe, Playback - [WARNING] Internal warning: Couldn't find descendants that match QueryId
\0
W, 3504, 23, 2013/05/23, 18:29:38.708, 2894711572622, QTAgent32.exe, PERF WARNING: FindTopLevelWindowHelper::FindAllDescendents: took 19438 ms. Expected it to take maximum 500 ms.
W, 3504, 23, 2013/05/23, 18:29:41.345, 2894749325819, QTAgent32.exe, Playback - [WARNING] Internal warning: Smart Match failed
\0
W, 3504, 23, 2013/05/23, 18:29:42.740, 2894769300669, QTAgent32.exe, Playback - [WARNING] Internal warning: Window Not Found: [VisibleOnly]ControlType='Window' &amp;&amp; Name='Save the file as' &amp;&amp; ClassName='#32770'
\0
E, 3504, 23, 2013/05/23, 18:29:42.740, 2894769304652, QTAgent32.exe, &lt;a class=failure&gt;Playback - {89} [FAILED] Function ElementFetcher::FindScreenElement failed to locate UI element (Searching: ;[VisibleOnly]ControlType='Window' &amp;&amp; Name='Save the file as' &amp;&amp; ClassName='#32770') (The object specified was not found.)
\0&lt;/a&gt;
E, 3504, 23, 2013/05/23, 18:29:42.821, 2894770460363, QTAgent32.exe, Playback - [IMAGE] C:\Users\testuser\AppData\Local\Temp\UITestLogs\LastRun\RPFF148.png
\0
W, 3504, 23, 2013/05/23, 18:29:42.821, 2894770462572, QTAgent32.exe, Playback - [WARNING] Internal warning: Couldn't find descendants that match QueryId
\0
W, 3504, 23, 2013/05/23, 18:29:42.822, 2894770467191, QTAgent32.exe, PERF WARNING: FindTopLevelWindowHelper::FindAllDescendents: took 4112 ms. Expected it to take maximum 500 ms.
E, 3504, 23, 2013/05/23, 18:29:42.822, 2894770469582, QTAgent32.exe, Exception: System.Runtime.InteropServices.COMException
	Message: Error HRESULT E_FAIL has been returned from a call to a COM component.
	Stack Trace:    at Microsoft.VisualStudio.TestTools.UITest.Playback.Engine.IRPFPlayback.FindAllScreenElements(IScreenElement pScreenElementStart, String bstrQueryId, Object&amp; pvarResKeys, Int32 cResKeys, Int32 nMaxDepth, Object[]&amp; foundDescendants)
   at Microsoft.VisualStudio.TestTools.UITest.Playback.ScreenElement.FindTopLevelWindowHelper(String queryId)
	BaseExceptionMessage: Error HRESULT E_FAIL has been returned from a call to a COM component.

E, 3504, 23, 2013/05/23, 18:29:42.923, 2894771917839, QTAgent32.exe, AL: Playback Error: Microsoft.VisualStudio.TestTools.UITest.Extension.UITestControlNotFoundException: The playback failed to find the control with the given search properties. Additional Details: 
TechnologyName:  'MSAA'
ControlType:  'Window'
Name:  'Save the file as'
ClassName:  '#32770'
 ---&gt; System.Runtime.InteropServices.COMException: Error HRESULT E_FAIL has been returned from a call to a COM component.
   at Microsoft.VisualStudio.TestTools.UITest.Playback.Engine.IRPFPlayback.FindAllScreenElements(IScreenElement pScreenElementStart, String bstrQueryId, Object&amp; pvarResKeys, Int32 cResKeys, Int32 nMaxDepth, Object[]&amp; foundDescendants)
   at Microsoft.VisualStudio.TestTools.UITest.Playback.ScreenElement.FindTopLevelWindowHelper(String queryId)
   at Microsoft.VisualStudio.TestTools.UITest.Playback.ScreenElement.FindFromPartialQueryId(String queryId)
   at Microsoft.VisualStudio.TestTools.UITesting.UITestControl..ctor(String queryId)
   --- End of inner exception stack trace ---
   at Microsoft.VisualStudio.TestTools.UITesting.Playback.MapControlNotFoundException(COMException ex, IPlaybackContext context)
   at Microsoft.VisualStudio.TestTools.UITesting.Playback.MapAndThrowComException(COMException innerException, IPlaybackContext context)
   at Microsoft.VisualStudio.TestTools.UITesting.Playback.MapAndThrowException(SystemException exception, IPlaybackContext context)
   at Microsoft.VisualStudio.TestTools.UITesting.Playback.MapAndThrowException(SystemException exception, String queryId)
   at Microsoft.VisualStudio.TestTools.UITesting.UITestControl..ctor(String queryId)
   at Microsoft.VisualStudio.TestTools.UITesting.SearchHelper.SearchTopLevelWindow(ISearchArgument topLevelSearchArg, String topLevelElementQueryId)
   at Microsoft.VisualStudio.TestTools.UITesting.SearchHelper.GetTitleUpdatedTopLevelWindow(ISearchArgument topLevelSearchArg, String queryId, IList`1 windowTitles)
   at Microsoft.VisualStudio.TestTools.UITesting.SearchHelper.GetTopLevelElement(Boolean useCache, Boolean useCacheOnly, ISearchArgument searchArg, IList`1 windowTitles, Int32&amp; timeLeft)
   at Microsoft.VisualStudio.TestTools.UITesting.SearchHelper.GetElement(Boolean useCache, ISearchArgument searchArg)
   at Microsoft.VisualStudio.TestTools.UITesting.SearchHelper.Search(ISearchArgument searchArg)
   at Microsoft.VisualStudio.TestTools.UITesting.UITestControl.FindInternal()
   at Microsoft.VisualStudio.TestTools.UITesting.UITestControl.FindControlIfNecessary()
   at Microsoft.VisualStudio.TestTools.UITesting.UITestControl.Click(MouseButtons button, ModifierKeys modifierKeys, Point relativeCoordinates)
   at Microsoft.VisualStudio.TestTools.UITesting.Mouse.ClickImplementation(UITestControl control, MouseButtons button, ModifierKeys modifierKeys, Point relativeCoordinate)
   at Microsoft.VisualStudio.TestTools.UITesting.Mouse.ClickImplementationWrapper(UITestControl control, MouseButtons button, ModifierKeys modifierKeys, Point relativeCoordinate)
W, 3504, 23, 2013/05/23, 18:29:42.923, 2894771921448, QTAgent32.exe, PlaybackErrorHandler: Ignoring exception as ContinueOnError is set.
W, 3504, 23, 2013/05/23, 18:29:50.425, 2894879335535, QTAgent32.exe, Playback - [WARNING] Internal warning: Window Not Found: [VisibleOnly]ControlType='Window' &amp;&amp; Name='Personal Lines' &amp;&amp; ClassName='#32770'
\0
E, 3504, 23, 2013/05/23, 18:29:50.426, 2894879341028, QTAgent32.exe, &lt;a class=failure&gt;Playback - {90} [FAILED] Function ElementFetcher::FindScreenElement failed to locate UI element (Searching: ;[VisibleOnly]ControlType='Window' &amp;&amp; Name='Personal Lines' &amp;&amp; ClassName='#32770') (The object specified was not found.)
\0&lt;/a&gt;
E, 3504, 23, 2013/05/23, 18:29:50.512, 2894880580054, QTAgent32.exe, Playback - [IMAGE] C:\Users\testuser\AppData\Local\Temp\UITestLogs\LastRun\RPFF45.png
\0
W, 3504, 23, 2013/05/23, 18:29:50.512, 2894880582723, QTAgent32.exe, Playback - [WARNING] Internal warning: Couldn't find descendants that match QueryId
\0
W, 3504, 23, 2013/05/23, 18:29:50.513, 2894880588416, QTAgent32.exe, PERF WARNING: FindTopLevelWindowHelper::FindAllDescendents: took 7589 ms. Expected it to take maximum 500 ms.
W, 3504, 23, 2013/05/23, 18:30:09.961, 2895159050185, QTAgent32.exe, Playback - [WARNING] Internal warning: Window Not Found: [VisibleOnly]ControlType='Window' &amp;&amp; Name='Personal Lines' &amp;&amp; ClassName='#32770'
\0
E, 3504, 23, 2013/05/23, 18:30:09.961, 2895159055106, QTAgent32.exe, &lt;a class=failure&gt;Playback - {91} [FAILED] Function ElementFetcher::FindScreenElement failed to locate UI element (Searching: ;[VisibleOnly]ControlType='Window' &amp;&amp; Name='Personal Lines' &amp;&amp; ClassName='#32770') (The object specified was not found.)
\0&lt;/a&gt;
E, 3504, 23, 2013/05/23, 18:30:10.049, 2895160308075, QTAgent32.exe, Playback - [IMAGE] C:\Users\testuser\AppData\Local\Temp\UITestLogs\LastRun\RPF5BA1.png
\0
W, 3504, 23, 2013/05/23, 18:30:10.049, 2895160310513, QTAgent32.exe, Playback - [WARNING] Internal warning: Couldn't find descendants that match QueryId
\0
W, 3504, 23, 2013/05/23, 18:30:10.049, 2895160314171, QTAgent32.exe, PERF WARNING: FindTopLevelWindowHelper::FindAllDescendents: took 19536 ms. Expected it to take maximum 500 ms.
W, 3504, 23, 2013/05/23, 18:30:12.685, 2895198057471, QTAgent32.exe, Playback - [WARNING] Internal warning: Smart Match failed
\0
W, 3504, 23, 2013/05/23, 18:30:14.069, 2895217877747, QTAgent32.exe, Playback - [WARNING] Internal warning: Window Not Found: [VisibleOnly]ControlType='Window' &amp;&amp; Name='Personal Lines' &amp;&amp; ClassName='#32770'
\0
E, 3504, 23, 2013/05/23, 18:30:14.070, 2895217881117, QTAgent32.exe, &lt;a class=failure&gt;Playback - {92} [FAILED] Function ElementFetcher::FindScreenElement failed to locate UI element (Searching: ;[VisibleOnly]ControlType='Window' &amp;&amp; Name='Personal Lines' &amp;&amp; ClassName='#32770') (The object specified was not found.)
\0&lt;/a&gt;
E, 3504, 23, 2013/05/23, 18:30:14.148, 2895219009023, QTAgent32.exe, Playback - [IMAGE] C:\Users\testuser\AppData\Local\Temp\UITestLogs\LastRun\RPF6BA8.png
\0
W, 3504, 23, 2013/05/23, 18:30:14.149, 2895219011412, QTAgent32.exe, Playback - [WARNING] Internal warning: Couldn't find descendants that match QueryId
\0
W, 3504, 23, 2013/05/23, 18:30:14.149, 2895219014629, QTAgent32.exe, PERF WARNING: FindTopLevelWindowHelper::FindAllDescendents: took 4099 ms. Expected it to take maximum 500 ms.
E, 3504, 23, 2013/05/23, 18:30:14.149, 2895219016576, QTAgent32.exe, Exception: System.Runtime.InteropServices.COMException
	Message: Error HRESULT E_FAIL has been returned from a call to a COM component.
	Stack Trace:    at Microsoft.VisualStudio.TestTools.UITest.Playback.Engine.IRPFPlayback.FindAllScreenElements(IScreenElement pScreenElementStart, String bstrQueryId, Object&amp; pvarResKeys, Int32 cResKeys, Int32 nMaxDepth, Object[]&amp; foundDescendants)
   at Microsoft.VisualStudio.TestTools.UITest.Playback.ScreenElement.FindTopLevelWindowHelper(String queryId)
	BaseExceptionMessage: Error HRESULT E_FAIL has been returned from a call to a COM component.

E, 3504, 23, 2013/05/23, 18:30:14.149, 2895219020950, QTAgent32.exe, Window 2951354 not responding. Last Win32 error 0
E, 3504, 23, 2013/05/23, 18:30:14.149, 2895219022280, QTAgent32.exe, GetClassName for handle 2951354 failed
E, 3504, 23, 2013/05/23, 18:30:14.250, 2895220464204, QTAgent32.exe, AL: Playback Error: Microsoft.VisualStudio.TestTools.UITest.Extension.UITestControlNotAvailableException: The control is not available or not valid. Additional Details: 
TechnologyName:  'MSAA'
Name:  'Personal Lines'
ClassName:  '#32770'
ControlType:  'Window'
 ---&gt; System.Runtime.InteropServices.COMException: Error HRESULT E_FAIL has been returned from a call to a COM component.
   at Microsoft.VisualStudio.TestTools.UITest.Playback.Engine.IRPFPlayback.FindAllScreenElements(IScreenElement pScreenElementStart, String bstrQueryId, Object&amp; pvarResKeys, Int32 cResKeys, Int32 nMaxDepth, Object[]&amp; foundDescendants)
   at Microsoft.VisualStudio.TestTools.UITest.Playback.ScreenElement.FindTopLevelWindowHelper(String queryId)
   at Microsoft.VisualStudio.TestTools.UITest.Playback.ScreenElement.FindFromPartialQueryId(String queryId)
   at Microsoft.VisualStudio.TestTools.UITesting.UITestControl.EnsureValid(Boolean waitForReady, Boolean refetch)
   --- End of inner exception stack trace ---
   at Microsoft.VisualStudio.TestTools.UITesting.UITestControl.EnsureValid(Boolean waitForReady, Boolean refetch)
   at Microsoft.VisualStudio.TestTools.UITesting.UITestControl.FindFirstDescendant(String queryId, Int32 maxDepth, Int32&amp; timeLeft)
   at Microsoft.VisualStudio.TestTools.UITesting.SearchHelper.GetElement(Boolean useCache, ISearchArgument searchArg)
   at Microsoft.VisualStudio.TestTools.UITesting.SearchHelper.Search(ISearchArgument searchArg)
   at Microsoft.VisualStudio.TestTools.UITesting.UITestControl.FindInternal()
   at Microsoft.VisualStudio.TestTools.UITesting.UITestControl.FindControlIfNecessary()
   at Microsoft.VisualStudio.TestTools.UITesting.UITestControl.Click(MouseButtons button, ModifierKeys modifierKeys, Point relativeCoordinates)
   at Microsoft.VisualStudio.TestTools.UITesting.Mouse.ClickImplementation(UITestControl control, MouseButtons button, ModifierKeys modifierKeys, Point relativeCoordinate)
   at Microsoft.VisualStudio.TestTools.UITesting.Mouse.ClickImplementationWrapper(UITestControl control, MouseButtons button, ModifierKeys modifierKeys, Point relativeCoordinate)
W, 3504, 23, 2013/05/23, 18:30:14.250, 2895220466941, QTAgent32.exe, PlaybackErrorHandler: Ignoring exception as ContinueOnError is set.
W, 3504, 23, 2013/05/23, 18:30:14.550, 2895224759955, QTAgent32.exe, &lt;a class=success&gt;Playback - {93} [SUCCESS] MouseButtonClick - "[MSAA, VisibleOnly]ControlType='Button' &amp;&amp; Name='Ok'"
\0&lt;/a&gt;
W, 3504, 23, 2013/05/23, 18:30:14.826, 2895228706587, QTAgent32.exe, &lt;a class=success&gt;Playback - {94} [SUCCESS] MouseButtonClick - "[MSAA, VisibleOnly]ControlType='Button' &amp;&amp; Name='Ok'"
\0&lt;/a&gt;
W, 3504, 23, 2013/05/23, 18:30:17.117, 2895261509006, QTAgent32.exe, &lt;a class=success&gt;Playback - {95} [SUCCESS] SetValueAsEditBox "B338TH" - "[MSAA, VisibleOnly]ControlType='Edit'"  &lt; Set via SendKeys &gt;
\0&lt;/a&gt;
W, 3504, 23, 2013/05/23, 18:30:19.346, 2895293421436, QTAgent32.exe, &lt;a class=success&gt;Playback - {96} [SUCCESS] MouseButtonClick - "[MSAA, VisibleOnly]ControlType='Button' &amp;&amp; Name='Lookup...'"
\0&lt;/a&gt;
W, 3504, 23, 2013/05/23, 18:30:19.600, 2895297058821, QTAgent32.exe, &lt;a class=success&gt;Playback - {97} [SUCCESS] MouseButtonClick - "[MSAA, VisibleOnly]ControlType='Button' &amp;&amp; Name='Ok'"
\0&lt;/a&gt;
W, 3504, 23, 2013/05/23, 18:30:19.911, 2895301510269, QTAgent32.exe, &lt;a class=success&gt;Playback - {98} [SUCCESS] MouseButtonClick - "[MSAA, VisibleOnly]ControlType='Button' &amp;&amp; Name='Confirm'"
\0&lt;/a&gt;
W, 3504, 23, 2013/05/23, 18:30:39.734, 2895585341250, QTAgent32.exe, Playback - [WARNING] Internal warning: Window Not Found: [VisibleOnly]ControlType='Window' &amp;&amp; Name='Personal Lines' &amp;&amp; ClassName='#32770'
\0
E, 3504, 23, 2013/05/23, 18:30:39.734, 2895585350007, QTAgent32.exe, &lt;a class=failure&gt;Playback - {99} [FAILED] Function ElementFetcher::FindScreenElement failed to locate UI element (Searching: ;[VisibleOnly]ControlType='Window' &amp;&amp; Name='Personal Lines' &amp;&amp; ClassName='#32770') (The object specified was not found.)
\0&lt;/a&gt;
E, 3504, 23, 2013/05/23, 18:30:39.825, 2895586653376, QTAgent32.exe, Playback - [IMAGE] C:\Users\testuser\AppData\Local\Temp\UITestLogs\LastRun\RPFCFE8.png
\0
W, 3504, 23, 2013/05/23, 18:30:39.826, 2895586656281, QTAgent32.exe, Playback - [WARNING] Internal warning: Couldn't find descendants that match QueryId
\0
W, 3504, 23, 2013/05/23, 18:30:39.826, 2895586662786, QTAgent32.exe, PERF WARNING: FindTopLevelWindowHelper::FindAllDescendents: took 19814 ms. Expected it to take maximum 500 ms.
W, 3504, 23, 2013/05/23, 18:30:58.901, 2895859786512, QTAgent32.exe, Playback - [WARNING] Internal warning: Window Not Found: [VisibleOnly]ControlType='Window' &amp;&amp; Name='Personal Lines' &amp;&amp; ClassName='#32770'
\0
E, 3504, 23, 2013/05/23, 18:30:58.902, 2895859792584, QTAgent32.exe, &lt;a class=failure&gt;Playback - {100} [FAILED] Function ElementFetcher::FindScreenElement failed to locate UI element (Searching: ;[VisibleOnly]ControlType='Window' &amp;&amp; Name='Personal Lines' &amp;&amp; ClassName='#32770') (The object specified was not found.)
\0&lt;/a&gt;
E, 3504, 23, 2013/05/23, 18:30:58.983, 2895860956020, QTAgent32.exe, Playback - [IMAGE] C:\Users\testuser\AppData\Local\Temp\UITestLogs\LastRun\RPF1ACD.png
\0
W, 3504, 23, 2013/05/23, 18:30:58.983, 2895860958615, QTAgent32.exe, Playback - [WARNING] Internal warning: Couldn't find descendants that match QueryId
\0
W, 3504, 23, 2013/05/23, 18:30:58.984, 2895860964014, QTAgent32.exe, PERF WARNING: FindTopLevelWindowHelper::FindAllDescendents: took 19157 ms. Expected it to take maximum 500 ms.
W, 3504, 23, 2013/05/23, 18:31:01.628, 2895898834807, QTAgent32.exe, Playback - [WARNING] Internal warning: Smart Match failed
\0
W, 3504, 23, 2013/05/23, 18:31:03.010, 2895918613269, QTAgent32.exe, Playback - [WARNING] Internal warning: Window Not Found: [VisibleOnly]ControlType='Window' &amp;&amp; Name='Personal Lines' &amp;&amp; ClassName='#32770'
\0
E, 3504, 23, 2013/05/23, 18:31:03.010, 2895918617326, QTAgent32.exe, &lt;a class=failure&gt;Playback - {101} [FAILED] Function ElementFetcher::FindScreenElement failed to locate UI element (Searching: ;[VisibleOnly]ControlType='Window' &amp;&amp; Name='Personal Lines' &amp;&amp; ClassName='#32770') (The object specified was not found.)
\0&lt;/a&gt;
E, 3504, 23, 2013/05/23, 18:31:03.093, 2895919806568, QTAgent32.exe, Playback - [IMAGE] C:\Users\testuser\AppData\Local\Temp\UITestLogs\LastRun\RPF2AD5.png
\0
W, 3504, 23, 2013/05/23, 18:31:03.093, 2895919808825, QTAgent32.exe, Playback - [WARNING] Internal warning: Couldn't find descendants that match QueryId
\0
W, 3504, 23, 2013/05/23, 18:31:03.094, 2895919812498, QTAgent32.exe, PERF WARNING: FindTopLevelWindowHelper::FindAllDescendents: took 4109 ms. Expected it to take maximum 500 ms.
E, 3504, 23, 2013/05/23, 18:31:03.094, 2895919814421, QTAgent32.exe, Exception: System.Runtime.InteropServices.COMException
	Message: Error HRESULT E_FAIL has been returned from a call to a COM component.
	Stack Trace:    at Microsoft.VisualStudio.TestTools.UITest.Playback.Engine.IRPFPlayback.FindAllScreenElements(IScreenElement pScreenElementStart, String bstrQueryId, Object&amp; pvarResKeys, Int32 cResKeys, Int32 nMaxDepth, Object[]&amp; foundDescendants)
   at Microsoft.VisualStudio.TestTools.UITest.Playback.ScreenElement.FindTopLevelWindowHelper(String queryId)
	BaseExceptionMessage: Error HRESULT E_FAIL has been returned from a call to a COM component.

E, 3504, 23, 2013/05/23, 18:31:03.094, 2895919819079, QTAgent32.exe, Window 2951354 not responding. Last Win32 error 0
E, 3504, 23, 2013/05/23, 18:31:03.094, 2895919820317, QTAgent32.exe, GetClassName for handle 2951354 failed
E, 3504, 23, 2013/05/23, 18:31:03.195, 2895921267162, QTAgent32.exe, AL: Playback Error: Microsoft.VisualStudio.TestTools.UITest.Extension.UITestControlNotAvailableException: The control is not available or not valid. Additional Details: 
TechnologyName:  'MSAA'
Name:  'Personal Lines'
ClassName:  '#32770'
ControlType:  'Window'
 ---&gt; System.Runtime.InteropServices.COMException: Error HRESULT E_FAIL has been returned from a call to a COM component.
   at Microsoft.VisualStudio.TestTools.UITest.Playback.Engine.IRPFPlayback.FindAllScreenElements(IScreenElement pScreenElementStart, String bstrQueryId, Object&amp; pvarResKeys, Int32 cResKeys, Int32 nMaxDepth, Object[]&amp; foundDescendants)
   at Microsoft.VisualStudio.TestTools.UITest.Playback.ScreenElement.FindTopLevelWindowHelper(String queryId)
   at Microsoft.VisualStudio.TestTools.UITest.Playback.ScreenElement.FindFromPartialQueryId(String queryId)
   at Microsoft.VisualStudio.TestTools.UITesting.UITestControl.EnsureValid(Boolean waitForReady, Boolean refetch)
   --- End of inner exception stack trace ---
   at Microsoft.VisualStudio.TestTools.UITesting.UITestControl.EnsureValid(Boolean waitForReady, Boolean refetch)
   at Microsoft.VisualStudio.TestTools.UITesting.UITestControl.FindFirstDescendant(String queryId, Int32 maxDepth, Int32&amp; timeLeft)
   at Microsoft.VisualStudio.TestTools.UITesting.SearchHelper.GetElement(Boolean useCache, ISearchArgument searchArg)
   at Microsoft.VisualStudio.TestTools.UITesting.SearchHelper.Search(ISearchArgument searchArg)
   at Microsoft.VisualStudio.TestTools.UITesting.UITestControl.FindInternal()
   at Microsoft.VisualStudio.TestTools.UITesting.UITestControl.FindControlIfNecessary()
   at Microsoft.VisualStudio.TestTools.UITesting.UITestControl.Click(MouseButtons button, ModifierKeys modifierKeys, Point relativeCoordinates)
   at Microsoft.VisualStudio.TestTools.UITesting.Mouse.ClickImplementation(UITestControl control, MouseButtons button, ModifierKeys modifierKeys, Point relativeCoordinate)
   at Microsoft.VisualStudio.TestTools.UITesting.Mouse.ClickImplementationWrapper(UITestControl control, MouseButtons button, ModifierKeys modifierKeys, Point relativeCoordinate)
W, 3504, 23, 2013/05/23, 18:31:03.196, 2895921270945, QTAgent32.exe, PlaybackErrorHandler: Ignoring exception as ContinueOnError is set.
W, 3504, 23, 2013/05/23, 18:31:03.336, 2895923289054, QTAgent32.exe, &lt;a class=success&gt;Playback - {102} [SUCCESS] Check - "[MSAA, VisibleOnly]ControlType='CheckBox' &amp;&amp; Name='Defer Printing?'"
\0&lt;/a&gt;
W, 3504, 23, 2013/05/23, 18:31:03.879, 2895931064655, QTAgent32.exe, &lt;a class=success&gt;Playback - {103} [SUCCESS] MouseButtonClick - "[MSAA, VisibleOnly]ControlType='Button' &amp;&amp; Name='Ok'"
\0&lt;/a&gt;
W, 3504, 23, 2013/05/23, 18:31:05.014, 2895947304835, QTAgent32.exe, PERF WARNING: FindTopLevelWindowHelper::FindAllDescendents: took 1033 ms. Expected it to take maximum 500 ms.
W, 3504, 23, 2013/05/23, 18:31:05.165, 2895949479422, QTAgent32.exe, &lt;a class=success&gt;Playback - {104} [SUCCESS] Uncheck - "[MSAA, VisibleOnly]ControlType='CheckBox' &amp;&amp; Name='Add Activity'"
\0&lt;/a&gt;
W, 3504, 23, 2013/05/23, 18:31:05.512, 2895954439665, QTAgent32.exe, &lt;a class=success&gt;Playback - {105} [SUCCESS] MouseButtonClick - "[MSAA, VisibleOnly]ControlType='Button' &amp;&amp; Name='Ok'"
\0&lt;/a&gt;
W, 3504, 23, 2013/05/23, 18:31:06.048, 2895962122043, QTAgent32.exe, &lt;a class=success&gt;Playback - {106} [SUCCESS] MouseButtonClick - "[MSAA, VisibleOnly]ControlType='Button' &amp;&amp; Name='Ok'"
\0&lt;/a&gt;
W, 3504, 23, 2013/05/23, 18:31:11.076, 2896034108424, QTAgent32.exe, Playback - [WARNING] Internal warning: Window Not Found: [VisibleOnly]ControlType='Window' &amp;&amp; Name='Transaction to insert' &amp;&amp; ClassName='TfSelectItem'
\0
E, 3504, 23, 2013/05/23, 18:31:11.077, 2896034113204, QTAgent32.exe, &lt;a class=failure&gt;Playback - {107} [FAILED] Function ElementFetcher::FindScreenElement failed to locate UI element (Searching: ;[VisibleOnly]ControlType='Window' &amp;&amp; Name='Transaction to insert' &amp;&amp; ClassName='TfSelectItem') (The object specified was not found.)
\0&lt;/a&gt;
E, 3504, 23, 2013/05/23, 18:31:11.156, 2896035256313, QTAgent32.exe, Playback - [IMAGE] C:\Users\testuser\AppData\Local\Temp\UITestLogs\LastRun\RPF4A57.png
\0
W, 3504, 23, 2013/05/23, 18:31:11.157, 2896035259976, QTAgent32.exe, Playback - [WARNING] Internal warning: Couldn't find descendants that match QueryId
\0
W, 3504, 23, 2013/05/23, 18:31:11.157, 2896035263006, QTAgent32.exe, PERF WARNING: FindTopLevelWindowHelper::FindAllDescendents: took 5007 ms. Expected it to take maximum 500 ms.
W, 3504, 23, 2013/05/23, 18:31:29.489, 2896297748601, QTAgent32.exe, Playback - [WARNING] Internal warning: Window Not Found: [VisibleOnly]ControlType='Window' &amp;&amp; Name='Transaction to insert' &amp;&amp; ClassName='TfSelectItem'
\0
E, 3504, 23, 2013/05/23, 18:31:29.489, 2896297755988, QTAgent32.exe, &lt;a class=failure&gt;Playback - {108} [FAILED] Function ElementFetcher::FindScreenElement failed to locate UI element (Searching: ;[VisibleOnly]ControlType='Window' &amp;&amp; Name='Transaction to insert' &amp;&amp; ClassName='TfSelectItem') (The object specified was not found.)
\0&lt;/a&gt;
E, 3504, 23, 2013/05/23, 18:31:29.587, 2896299155379, QTAgent32.exe, Playback - [IMAGE] C:\Users\testuser\AppData\Local\Temp\UITestLogs\LastRun\RPF9250.png
\0
W, 3504, 23, 2013/05/23, 18:31:29.587, 2896299157864, QTAgent32.exe, Playback - [WARNING] Internal warning: Couldn't find descendants that match QueryId
\0
W, 3504, 23, 2013/05/23, 18:31:29.588, 2896299165705, QTAgent32.exe, PERF WARNING: FindTopLevelWindowHelper::FindAllDescendents: took 18431 ms. Expected it to take maximum 500 ms.
W, 3504, 23, 2013/05/23, 18:31:30.352, 2896310097180, QTAgent32.exe, Playback - [WARNING] Internal warning: Smart Match failed
\0
W, 3504, 23, 2013/05/23, 18:31:31.162, 2896321696075, QTAgent32.exe, Playback - [WARNING] Internal warning: Smart Match failed
\0
W, 3504, 23, 2013/05/23, 18:31:31.994, 2896333613412, QTAgent32.exe, Playback - [WARNING] Internal warning: Smart Match failed
\0
W, 3504, 23, 2013/05/23, 18:31:32.892, 2896346473534, QTAgent32.exe, Playback - [WARNING] Internal warning: Smart Match failed
\0
W, 3504, 23, 2013/05/23, 18:31:33.410, 2896353891994, QTAgent32.exe, Playback - [WARNING] Internal warning: Window Not Found: [VisibleOnly]ControlType='Window' &amp;&amp; Name='Transaction to insert' &amp;&amp; ClassName='TfSelectItem'
\0
E, 3504, 23, 2013/05/23, 18:31:33.410, 2896353895595, QTAgent32.exe, &lt;a class=failure&gt;Playback - {109} [FAILED] Function ElementFetcher::FindScreenElement failed to locate UI element (Searching: ;[VisibleOnly]ControlType='Window' &amp;&amp; Name='Transaction to insert' &amp;&amp; ClassName='TfSelectItem') (The object specified was not found.)
\0&lt;/a&gt;
E, 3504, 23, 2013/05/23, 18:31:33.500, 2896355181794, QTAgent32.exe, Playback - [IMAGE] C:\Users\testuser\AppData\Local\Temp\UITestLogs\LastRun\RPFA19D.png
\0
W, 3504, 23, 2013/05/23, 18:31:33.500, 2896355184569, QTAgent32.exe, Playback - [WARNING] Internal warning: Couldn't find descendants that match QueryId
\0
W, 3504, 23, 2013/05/23, 18:31:33.501, 2896355188581, QTAgent32.exe, PERF WARNING: FindTopLevelWindowHelper::FindAllDescendents: took 3912 ms. Expected it to take maximum 500 ms.
E, 3504, 23, 2013/05/23, 18:31:33.501, 2896355192657, QTAgent32.exe, Exception: System.Runtime.InteropServices.COMException
	Message: Error HRESULT E_FAIL has been returned from a call to a COM component.
	Stack Trace:    at Microsoft.VisualStudio.TestTools.UITest.Playback.Engine.IRPFPlayback.FindAllScreenElements(IScreenElement pScreenElementStart, String bstrQueryId, Object&amp; pvarResKeys, Int32 cResKeys, Int32 nMaxDepth, Object[]&amp; foundDescendants)
   at Microsoft.VisualStudio.TestTools.UITest.Playback.ScreenElement.FindTopLevelWindowHelper(String queryId)
	BaseExceptionMessage: Error HRESULT E_FAIL has been returned from a call to a COM component.

E, 3504, 23, 2013/05/23, 18:31:33.501, 2896355197342, QTAgent32.exe, Window 3868504 not responding. Last Win32 error 0
E, 3504, 23, 2013/05/23, 18:31:33.501, 2896355198339, QTAgent32.exe, GetClassName for handle 3868504 failed
E, 3504, 23, 2013/05/23, 18:31:33.502, 2896355203601, QTAgent32.exe, Window 6882716 not responding. Last Win32 error 1400
E, 3504, 23, 2013/05/23, 18:31:33.502, 2896355204383, QTAgent32.exe, GetClassName for handle 6882716 failed
E, 3504, 23, 2013/05/23, 18:31:33.602, 2896356644165, QTAgent32.exe, AL: Playback Error: Microsoft.VisualStudio.TestTools.UITest.Extension.UITestControlNotAvailableException: The control is not available or not valid. Additional Details: 
TechnologyName:  'MSAA'
Name:  'Ok'
ControlType:  'Button'
 ---&gt; Microsoft.VisualStudio.TestTools.UITest.Extension.UITestControlNotAvailableException: The control is not available or not valid. Additional Details: 
TechnologyName:  'MSAA'
Name:  'Transaction to insert'
ClassName:  'TfSelectItem'
ControlType:  'Window'
 ---&gt; System.Runtime.InteropServices.COMException: Error HRESULT E_FAIL has been returned from a call to a COM component.
   at Microsoft.VisualStudio.TestTools.UITest.Playback.Engine.IRPFPlayback.FindAllScreenElements(IScreenElement pScreenElementStart, String bstrQueryId, Object&amp; pvarResKeys, Int32 cResKeys, Int32 nMaxDepth, Object[]&amp; foundDescendants)
   at Microsoft.VisualStudio.TestTools.UITest.Playback.ScreenElement.FindTopLevelWindowHelper(String queryId)
   at Microsoft.VisualStudio.TestTools.UITest.Playback.ScreenElement.FindFromPartialQueryId(String queryId)
   at Microsoft.VisualStudio.TestTools.UITesting.UITestControl.EnsureValid(Boolean waitForReady, Boolean refetch)
   --- End of inner exception stack trace ---
   at Microsoft.VisualStudio.TestTools.UITesting.UITestControl.EnsureValid(Boolean waitForReady, Boolean refetch)
   at Microsoft.VisualStudio.TestTools.UITesting.UITestControl.FindFirstDescendant(String queryId, Int32 maxDepth, Int32&amp; timeLeft)
   at Microsoft.VisualStudio.TestTools.UITesting.UITestControl.FindFirstDescendant(String queryId)
   at Microsoft.VisualStudio.TestTools.UITesting.UITestControl.EnsureValid(Boolean waitForReady, Boolean refetch)
   --- End of inner exception stack trace ---
   at Microsoft.VisualStudio.TestTools.UITesting.UITestControl.EnsureValid(Boolean waitForReady, Boolean refetch)
   at Microsoft.VisualStudio.TestTools.UITesting.UITestControl.Click(MouseButtons button, ModifierKeys modifierKeys, Point relativeCoordinates)
   at Microsoft.VisualStudio.TestTools.UITesting.Mouse.ClickImplementation(UITestControl control, MouseButtons button, ModifierKeys modifierKeys, Point relativeCoordinate)
   at Microsoft.VisualStudio.TestTools.UITesting.Mouse.ClickImplementationWrapper(UITestControl control, MouseButtons button, ModifierKeys modifierKeys, Point relativeCoordinate)
W, 3504, 23, 2013/05/23, 18:31:33.602, 2896356647096, QTAgent32.exe, PlaybackErrorHandler: Ignoring exception as ContinueOnError is set.
W, 3504, 23, 2013/05/23, 18:31:35.769, 2896387668178, QTAgent32.exe, &lt;a class=success&gt;Playback - {110} [SUCCESS] MouseButtonClick - "[MSAA, VisibleOnly]ControlType='Button' &amp;&amp; Name='OK'"
\0&lt;/a&gt;
W, 3504, 23, 2013/05/23, 18:31:36.074, 2896392035359, QTAgent32.exe, &lt;a class=success&gt;Playback - {111} [SUCCESS] MouseButtonClick - "[MSAA, VisibleOnly]ControlType='Button' &amp;&amp; Name='Cancel'"
\0&lt;/a&gt;
W, 3504, 23, 2013/05/23, 18:31:36.511, 2896398297436, QTAgent32.exe, &lt;a class=success&gt;Playback - {112} [SUCCESS] MouseButtonClick - "[MSAA, VisibleOnly]ControlType='Button'"
\0&lt;/a&gt;
W, 3504, 23, 2013/05/23, 18:31:36.772, 2896402033057, QTAgent32.exe, &lt;a class=success&gt;Playback - {113} [SUCCESS] MouseButtonClick - "[MSAA, VisibleOnly]ControlType='Button' &amp;&amp; Name='Options'"
\0&lt;/a&gt;
W, 3504, 23, 2013/05/23, 18:31:36.910, 2896404005214, QTAgent32.exe, FindScreenElementInSinglePass : Attempting to find control in one pass of search. Failures can occur.
W, 3504, 23, 2013/05/23, 18:31:36.947, 2896404531138, QTAgent32.exe, Playback - [WARNING] Internal failure: Method GetBoundingRectangle failed (HRESULT = 0x1, "Incorrect function.") for Name = "Quote Select List" ," ControlType = "MenuItem"
\0
W, 3504, 23, 2013/05/23, 18:31:36.947, 2896404533105, QTAgent32.exe, Playback - [WARNING] Internal failure: Couldn't get clickable point for ScreenUIElement - GetClickablePoint failed
\0
W, 3504, 23, 2013/05/23, 18:31:36.947, 2896404536762, QTAgent32.exe, FindScreenElementInSinglePass : Attempting to find control in one pass of search. Failures can occur.
W, 3504, 23, 2013/05/23, 18:31:36.951, 2896404589815, QTAgent32.exe, FindScreenElementInSinglePass : Attempting to find control in one pass of search. Failures can occur.
W, 3504, 23, 2013/05/23, 18:31:37.072, 2896406322227, QTAgent32.exe, &lt;a class=success&gt;Playback - {114} [SUCCESS] LeftButtonClick - "[MSAA, VisibleOnly]ControlType='MenuBar' &amp;&amp; Name='Application'"  &lt; Mouse cursor location (960, 31) &gt;
\0&lt;/a&gt;
W, 3504, 23, 2013/05/23, 18:31:37.185, 2896407940286, QTAgent32.exe, &lt;a class=success&gt;Playback - {115} [SUCCESS] LeftButtonClick - "[MSAA]ControlType='MenuItem' &amp;&amp; Name='Options'"  &lt; Mouse cursor location (94, 31) &gt;
\0&lt;/a&gt;
W, 3504, 23, 2013/05/23, 18:31:37.639, 2896414440509, QTAgent32.exe, &lt;a class=success&gt;Playback - {116} [SUCCESS] LeftButtonClick - "[MSAA]ControlType='MenuItem' &amp;&amp; Name='Links'"  &lt; Mouse cursor location (174, 319) &gt;
\0&lt;/a&gt;
W, 3504, 23, 2013/05/23, 18:31:38.081, 2896420770159, QTAgent32.exe, &lt;a class=success&gt;Playback - {117} [SUCCESS] LeftButtonClick - "[MSAA]ControlType='MenuItem' &amp;&amp; Name='3rd Party Integration'"  &lt; Mouse cursor location (375, 319) &gt;
\0&lt;/a&gt;
W, 3504, 23, 2013/05/23, 18:31:38.515, 2896426981999, QTAgent32.exe, &lt;a class=success&gt;Playback - {118} [SUCCESS] MouseButtonClick - "[MSAA]ControlType='MenuItem' &amp;&amp; Name='Quote Select List'"
\0&lt;/a&gt;
W, 3504, 23, 2013/05/23, 18:31:39.118, 2896435615364, QTAgent32.exe, Playback - [WARNING] Internal warning: Window Not Found: [VisibleOnly]ControlType='Window' &amp;&amp; Name='Current Or Future' &amp;&amp; ClassName='TfCurrentOrFuture'
\0
E, 3504, 23, 2013/05/23, 18:31:39.118, 2896435618534, QTAgent32.exe, &lt;a class=failure&gt;Playback - {119} [FAILED] Function ElementFetcher::FindScreenElement failed to locate UI element (Searching: ;[VisibleOnly]ControlType='Window' &amp;&amp; Name='Current Or Future' &amp;&amp; ClassName='TfCurrentOrFuture') (The object specified was not found.)
\0&lt;/a&gt;
E, 3504, 23, 2013/05/23, 18:31:39.209, 2896436924499, QTAgent32.exe, Playback - [IMAGE] C:\Users\testuser\AppData\Local\Temp\UITestLogs\LastRun\RPFB7EB.png
\0
W, 3504, 23, 2013/05/23, 18:31:39.210, 2896436927330, QTAgent32.exe, Playback - [WARNING] Internal warning: Couldn't find descendants that match QueryId
\0
W, 3504, 23, 2013/05/23, 18:31:39.210, 2896436930568, QTAgent32.exe, PERF WARNING: FindTopLevelWindowHelper::FindAllDescendents: took 594 ms. Expected it to take maximum 500 ms.
W, 3504, 23, 2013/05/23, 18:31:41.488, 2896469557108, QTAgent32.exe, PERF WARNING: FindTopLevelWindowHelper::FindAllDescendents: took 2276 ms. Expected it to take maximum 500 ms.
W, 3504, 23, 2013/05/23, 18:31:41.626, 2896471529052, QTAgent32.exe, &lt;a class=success&gt;Playback - {120} [SUCCESS] MouseButtonClick - "[MSAA, VisibleOnly]ControlType='Button' &amp;&amp; Name='Ok'"
\0&lt;/a&gt;
W, 3504, 23, 2013/05/23, 18:31:45.209, 2896522825135, QTAgent32.exe, PERF WARNING: FindTopLevelWindowHelper::FindAllDescendents: took 3481 ms. Expected it to take maximum 500 ms.
W, 3504, 23, 2013/05/23, 18:31:45.423, 2896525900217, QTAgent32.exe, &lt;a class=success&gt;Playback - {121} [SUCCESS] MouseButtonClick - "[MSAA, VisibleOnly]ControlType='Button' &amp;&amp; Name='MTA'"
\0&lt;/a&gt;
W, 3504, 23, 2013/05/23, 18:31:46.842, 2896546212299, QTAgent32.exe, PERF WARNING: FindTopLevelWindowHelper::FindAllDescendents: took 1317 ms. Expected it to take maximum 500 ms.
W, 3504, 23, 2013/05/23, 18:31:48.630, 2896571815463, QTAgent32.exe, Playback - [WARNING] Internal warning: Incorrect flag set for InvokeProgrammaticAction\0
W, 3504, 23, 2013/05/23, 18:31:48.752, 2896573555357, QTAgent32.exe, &lt;a class=success&gt;Playback - {122} [SUCCESS] SetValueAsComboBox "Cancel Cover" - "[MSAA, VisibleOnly]ControlType='ComboBox'"  &lt; SetValueAsComboBox, set by clicking on the item in the list box &gt;
\0&lt;/a&gt;
W, 3504, 23, 2013/05/23, 18:31:49.004, 2896577167468, QTAgent32.exe, &lt;a class=success&gt;Playback - {123} [SUCCESS] MouseButtonClick - "[MSAA, VisibleOnly]ControlType='Button' &amp;&amp; Name='OK'"
\0&lt;/a&gt;
W, 3504, 23, 2013/05/23, 18:31:49.239, 2896580531624, QTAgent32.exe, &lt;a class=success&gt;Playback - {124} [SUCCESS] MouseButtonClick - "[MSAA, VisibleOnly]ControlType='Button' &amp;&amp; Name='Quote'"
\0&lt;/a&gt;
W, 3504, 23, 2013/05/23, 18:31:50.279, 2896595416766, QTAgent32.exe, PERF WARNING: FindTopLevelWindowHelper::FindAllDescendents: took 939 ms. Expected it to take maximum 500 ms.
W, 3504, 23, 2013/05/23, 18:31:51.116, 2896607408823, QTAgent32.exe, &lt;a class=success&gt;Playback - {125} [SUCCESS] SendKeys "^{HOME}" - "[MSAA, VisibleOnly]ControlType='Edit'"
\0&lt;/a&gt;
E, 3504, 23, 2013/05/23, 18:31:51.116, 2896607411915, QTAgent32.exe, Msaa.GetFocusedElement: could not find accessible object of foreground window
W, 3504, 23, 2013/05/23, 18:31:51.182, 2896608354585, QTAgent32.exe, &lt;a class=success&gt;Playback - {126} [SUCCESS] SendKeys "^+{END}" - "[MSAA, VisibleOnly]ControlType='Edit'"
\0&lt;/a&gt;
E, 3504, 23, 2013/05/23, 18:31:51.183, 2896608358588, QTAgent32.exe, Msaa.GetFocusedElement: could not find accessible object of foreground window
W, 3504, 23, 2013/05/23, 18:31:51.198, 2896608577101, QTAgent32.exe, &lt;a class=success&gt;Playback - {127} [SUCCESS] SendKeys "{DELETE}" - "[MSAA, VisibleOnly]ControlType='Edit'"
\0&lt;/a&gt;
W, 3504, 23, 2013/05/23, 18:31:52.198, 2896622904904, QTAgent32.exe, &lt;a class=success&gt;Playback - {128} [SUCCESS] SetValueAsEditBox "25/05/13" - "[MSAA, VisibleOnly]ControlType='Edit'"  &lt; Set via SendKeys &gt;
\0&lt;/a&gt;
W, 3504, 23, 2013/05/23, 18:31:52.503, 2896627269572, QTAgent32.exe, &lt;a class=success&gt;Playback - {129} [SUCCESS] MouseButtonClick - "[MSAA, VisibleOnly]ControlType='Button' &amp;&amp; Name='OK'"
\0&lt;/a&gt;
W, 3504, 23, 2013/05/23, 18:31:52.944, 2896633584032, QTAgent32.exe, &lt;a class=success&gt;Playback - {130} [SUCCESS] MouseButtonClick - "[MSAA, VisibleOnly]ControlType='Button' &amp;&amp; Name='No'"
\0&lt;/a&gt;
W, 3504, 23, 2013/05/23, 18:31:56.168, 2896679737489, QTAgent32.exe, PERF WARNING: FindTopLevelWindowHelper::FindAllDescendents: took 3118 ms. Expected it to take maximum 500 ms.
W, 3504, 23, 2013/05/23, 18:31:56.309, 2896681759679, QTAgent32.exe, &lt;a class=success&gt;Playback - {131} [SUCCESS] MouseButtonClick - "[MSAA, VisibleOnly]ControlType='Client'"
\0&lt;/a&gt;
W, 3504, 23, 2013/05/23, 18:31:57.219, 2896694791241, QTAgent32.exe, &lt;a class=success&gt;Playback - {132} [SUCCESS] SendKeys "{Home}" - "[MSAA, VisibleOnly]ControlType='Client'"
\0&lt;/a&gt;
W, 3504, 23, 2013/05/23, 18:31:57.484, 2896698578691, QTAgent32.exe, &lt;a class=success&gt;Playback - {133} [SUCCESS] MouseButtonClick - "[MSAA, VisibleOnly]ControlType='Button' &amp;&amp; Name='Accept'"
\0&lt;/a&gt;
W, 3504, 23, 2013/05/23, 18:31:57.789, 2896702952582, QTAgent32.exe, &lt;a class=success&gt;Playback - {134} [SUCCESS] MouseButtonClick - "[MSAA, VisibleOnly]ControlType='Button' &amp;&amp; Name='OK'"
\0&lt;/a&gt;
W, 3504, 23, 2013/05/23, 18:31:58.054, 2896706748415, QTAgent32.exe, &lt;a class=success&gt;Playback - {135} [SUCCESS] MouseButtonClick - "[MSAA, VisibleOnly]ControlType='Button' &amp;&amp; Name='Ok'"
\0&lt;/a&gt;
W, 3504, 23, 2013/05/23, 18:32:06.242, 2896823988380, QTAgent32.exe, PERF WARNING: FindTopLevelWindowHelper::FindAllDescendents: took 8088 ms. Expected it to take maximum 500 ms.
W, 3504, 23, 2013/05/23, 18:32:06.534, 2896828168868, QTAgent32.exe, &lt;a class=success&gt;Playback - {136} [SUCCESS] MouseButtonClick - "[MSAA, VisibleOnly]ControlType='Button' &amp;&amp; Name='OK'"
\0&lt;/a&gt;
W, 3504, 23, 2013/05/23, 18:32:06.637, 2896829633390, QTAgent32.exe, Playback - [WARNING] Internal warning: Thread state based WFR - Requested element has invalid HWND
\0
W, 3504, 23, 2013/05/23, 18:32:06.637, 2896829635610, QTAgent32.exe, Playback - [WARNING] Internal warning: process performance counters based WFR - Requested element has invalid HWND
\0
E, 3504, 23, 2013/05/23, 18:32:06.637, 2896829644164, QTAgent32.exe, EnsureValid called via EnsureValid call for same element
E, 3504, 23, 2013/05/23, 18:32:06.638, 2896829647321, QTAgent32.exe, EnsureValid called via EnsureValid call for same element
E, 3504, 23, 2013/05/23, 18:32:06.638, 2896829649045, QTAgent32.exe, EnsureValid called via EnsureValid call for same element
E, 3504, 23, 2013/05/23, 18:32:06.650, 2896829829487, QTAgent32.exe, Window 1182258 not responding. Last Win32 error 0
E, 3504, 23, 2013/05/23, 18:32:06.650, 2896829830933, QTAgent32.exe, GetClassName for handle 1182258 failed
W, 3504, 23, 2013/05/23, 18:32:06.787, 2896831791362, QTAgent32.exe, &lt;a class=success&gt;Playback - {137} [SUCCESS] Check - "[MSAA, VisibleOnly]ControlType='CheckBox' &amp;&amp; Name='Defer Printing?'"
\0&lt;/a&gt;
W, 3504, 23, 2013/05/23, 18:32:07.228, 2896838096836, QTAgent32.exe, &lt;a class=success&gt;Playback - {138} [SUCCESS] MouseButtonClick - "[MSAA, VisibleOnly]ControlType='Button' &amp;&amp; Name='Ok'"
\0&lt;/a&gt;
W, 3504, 23, 2013/05/23, 18:32:07.379, 2896840264866, QTAgent32.exe, Playback - [WARNING] Internal warning: Thread state based WFR - Requested element has invalid HWND
\0
W, 3504, 23, 2013/05/23, 18:32:07.379, 2896840266832, QTAgent32.exe, Playback - [WARNING] Internal warning: process performance counters based WFR - Requested element has invalid HWND
\0
E, 3504, 23, 2013/05/23, 18:32:07.379, 2896840269739, QTAgent32.exe, EnsureValid called via EnsureValid call for same element
E, 3504, 23, 2013/05/23, 18:32:07.380, 2896840271891, QTAgent32.exe, EnsureValid called via EnsureValid call for same element
E, 3504, 23, 2013/05/23, 18:32:07.380, 2896840273056, QTAgent32.exe, EnsureValid called via EnsureValid call for same element
E, 3504, 23, 2013/05/23, 18:32:07.380, 2896840277211, QTAgent32.exe, Window 2754820 not responding. Last Win32 error 0
E, 3504, 23, 2013/05/23, 18:32:07.380, 2896840278324, QTAgent32.exe, GetClassName for handle 2754820 failed
W, 3504, 23, 2013/05/23, 18:32:07.924, 2896848073791, QTAgent32.exe, PERF WARNING: FindTopLevelWindowHelper::FindAllDescendents: took 544 ms. Expected it to take maximum 500 ms.
W, 3504, 23, 2013/05/23, 18:32:08.095, 2896850512634, QTAgent32.exe, &lt;a class=success&gt;Playback - {139} [SUCCESS] Uncheck - "[MSAA, VisibleOnly]ControlType='CheckBox' &amp;&amp; Name='Add Activity'"
\0&lt;/a&gt;
W, 3504, 23, 2013/05/23, 18:32:08.444, 2896855519564, QTAgent32.exe, &lt;a class=success&gt;Playback - {140} [SUCCESS] MouseButtonClick - "[MSAA, VisibleOnly]ControlType='Button' &amp;&amp; Name='Ok'"
\0&lt;/a&gt;
W, 3504, 23, 2013/05/23, 18:32:10.730, 2896888239908, QTAgent32.exe, PERF WARNING: FindTopLevelWindowHelper::FindAllDescendents: took 2184 ms. Expected it to take maximum 500 ms.
W, 3504, 23, 2013/05/23, 18:32:10.873, 2896890285922, QTAgent32.exe, &lt;a class=success&gt;Playback - {141} [SUCCESS] MouseButtonClick - "[MSAA, VisibleOnly]ControlType='Button' &amp;&amp; Name='OK'"
\0&lt;/a&gt;
W, 3504, 23, 2013/05/23, 18:32:11.105, 2896893607383, QTAgent32.exe, &lt;a class=success&gt;Playback - {142} [SUCCESS] MouseButtonClick - "[MSAA, VisibleOnly]ControlType='Button' &amp;&amp; Name='Cancel'"
\0&lt;/a&gt;
W, 3504, 23, 2013/05/23, 18:32:11.336, 2896896923612, QTAgent32.exe, &lt;a class=success&gt;Playback - {143} [SUCCESS] MouseButtonClick - "[MSAA, VisibleOnly]ControlType='Button'"
\0&lt;/a&gt;
W, 3504, 23, 2013/05/23, 18:32:12.126, 2896908239750, QTAgent32.exe, &lt;a class=success&gt;Playback - {144} [SUCCESS] MouseButtonClick - "[MSAA, VisibleOnly]ControlType='Button' &amp;&amp; Name='Detail'"
\0&lt;/a&gt;
W, 3504, 23, 2013/05/23, 18:32:12.364, 2896911636309, QTAgent32.exe, &lt;a class=success&gt;Playback - {145} [SUCCESS] MouseButtonClick - "[MSAA, VisibleOnly]ControlType='Edit'"
\0&lt;/a&gt;
W, 3504, 23, 2013/05/23, 18:32:15.315, 2896953889815, QTAgent32.exe, IEDOM : StopSession of the plugin called before StartSession
W, 3504, 23, 2013/05/23, 18:32:15.315, 2896953892166, QTAgent32.exe, UIA : StopSession of the plugin called before StartSession
</DebugTrace>
      </Output>
    </UnitTestResult>
    <UnitTestResult executionId="ddd13eae-9e16-4a9d-8c76-6a499b91be50" testId="092560b0-34b4-ac01-6d5d-c895bfb1f95f" testName="HouseRenewalBefore" computerName="ICLVDEVTM02" duration="00:10:32.5904005" startTime="2013-05-23T18:32:15.3992847+01:00" endTime="2013-05-23T18:42:48.0586222+01:00" testType="13cdc9d9-ddb5-4fa4-a97d-d965ccfc6d4b" outcome="Failed" testListId="8c84fa94-04c1-424b-9868-57a2d4851a1d" relativeResultsDirectory="ddd13eae-9e16-4a9d-8c76-6a499b91be50">
      <Output>
        <DebugTrace>W, 3504, 24, 2013/05/23, 18:32:20.166, 2897023358489, QTAgent32.exe, &lt;a class=success&gt;Playback - {1} [SUCCESS] MouseButtonClick - "[MSAA, VisibleOnly]ControlType='Edit'"
\0&lt;/a&gt;
W, 3504, 24, 2013/05/23, 18:32:20.524, 2897028476206, QTAgent32.exe, &lt;a class=success&gt;Playback - {2} [SUCCESS] SendKeys "[*]" - "[MSAA, VisibleOnly]ControlType='Edit'"
\0&lt;/a&gt;
W, 3504, 24, 2013/05/23, 18:32:21.245, 2897038796432, QTAgent32.exe, &lt;a class=success&gt;Playback - {3} [SUCCESS] MouseButtonClick - "[MSAA, VisibleOnly]ControlType='Button' &amp;&amp; Name='OK'"
\0&lt;/a&gt;
W, 3504, 24, 2013/05/23, 18:32:21.724, 2897045657970, QTAgent32.exe, &lt;a class=success&gt;Playback - {4} [SUCCESS] SendKeys "^{HOME}" - "[MSAA, VisibleOnly]ControlType='Edit'"
\0&lt;/a&gt;
E, 3504, 24, 2013/05/23, 18:32:21.724, 2897045660978, QTAgent32.exe, Msaa.GetFocusedElement: could not find accessible object of foreground window
W, 3504, 24, 2013/05/23, 18:32:21.779, 2897046438330, QTAgent32.exe, &lt;a class=success&gt;Playback - {5} [SUCCESS] SendKeys "^+{END}" - "[MSAA, VisibleOnly]ControlType='Edit'"
\0&lt;/a&gt;
E, 3504, 24, 2013/05/23, 18:32:21.779, 2897046442454, QTAgent32.exe, Msaa.GetFocusedElement: could not find accessible object of foreground window
W, 3504, 24, 2013/05/23, 18:32:21.795, 2897046670154, QTAgent32.exe, &lt;a class=success&gt;Playback - {6} [SUCCESS] SendKeys "{DELETE}" - "[MSAA, VisibleOnly]ControlType='Edit'"
\0&lt;/a&gt;
W, 3504, 24, 2013/05/23, 18:32:22.159, 2897051889883, QTAgent32.exe, &lt;a class=success&gt;Playback - {7} [SUCCESS] SetValueAsEditBox "23/05/2013" - "[MSAA, VisibleOnly]ControlType='Edit'"  &lt; Set via SendKeys &gt;
\0&lt;/a&gt;
W, 3504, 24, 2013/05/23, 18:32:22.740, 2897060197655, QTAgent32.exe, Playback - [WARNING] Internal warning: Incorrect flag set for InvokeProgrammaticAction\0
W, 3504, 24, 2013/05/23, 18:32:22.859, 2897061913160, QTAgent32.exe, &lt;a class=success&gt;Playback - {8} [SUCCESS] SetValueAsComboBox "May" - "[MSAA, VisibleOnly]ControlType='ComboBox'"  &lt; SetValueAsComboBox, set by clicking on the item in the list box &gt;
\0&lt;/a&gt;
W, 3504, 24, 2013/05/23, 18:32:23.180, 2897066507676, QTAgent32.exe, &lt;a class=success&gt;Playback - {9} [SUCCESS] SendKeys "^{HOME}" - "[MSAA, VisibleOnly]ControlType='Edit'"
\0&lt;/a&gt;
E, 3504, 24, 2013/05/23, 18:32:23.180, 2897066511003, QTAgent32.exe, Msaa.GetFocusedElement: could not find accessible object of foreground window
W, 3504, 24, 2013/05/23, 18:32:23.235, 2897067295108, QTAgent32.exe, &lt;a class=success&gt;Playback - {10} [SUCCESS] SendKeys "^+{END}" - "[MSAA, VisibleOnly]ControlType='Edit'"
\0&lt;/a&gt;
E, 3504, 24, 2013/05/23, 18:32:23.235, 2897067298368, QTAgent32.exe, Msaa.GetFocusedElement: could not find accessible object of foreground window
W, 3504, 24, 2013/05/23, 18:32:23.252, 2897067532203, QTAgent32.exe, &lt;a class=success&gt;Playback - {11} [SUCCESS] SendKeys "{DELETE}" - "[MSAA, VisibleOnly]ControlType='Edit'"
\0&lt;/a&gt;
W, 3504, 24, 2013/05/23, 18:32:23.515, 2897071307996, QTAgent32.exe, &lt;a class=success&gt;Playback - {12} [SUCCESS] SetValueAsEditBox "2013" - "[MSAA, VisibleOnly]ControlType='Edit'"  &lt; Set via SendKeys &gt;
\0&lt;/a&gt;
W, 3504, 24, 2013/05/23, 18:32:23.735, 2897074447954, QTAgent32.exe, &lt;a class=success&gt;Playback - {13} [SUCCESS] MouseButtonClick - "[MSAA, VisibleOnly]ControlType='Button' &amp;&amp; Name='OK'"
\0&lt;/a&gt;
W, 3504, 24, 2013/05/23, 18:32:24.907, 2897091240390, QTAgent32.exe, Playback - [WARNING] Internal warning: Window Not Found: [VisibleOnly]ControlType='Window' &amp;&amp; Name='Warning' &amp;&amp; ClassName='#32770'
\0
E, 3504, 24, 2013/05/23, 18:32:24.908, 2897091244065, QTAgent32.exe, &lt;a class=failure&gt;Playback - {14} [FAILED] Function ElementFetcher::FindScreenElement failed to locate UI element (Searching: ;[VisibleOnly]ControlType='Window' &amp;&amp; Name='Warning' &amp;&amp; ClassName='#32770') (The object specified was not found.)
\0&lt;/a&gt;
E, 3504, 24, 2013/05/23, 18:32:24.988, 2897092390133, QTAgent32.exe, Playback - [IMAGE] C:\Users\testuser\AppData\Local\Temp\UITestLogs\LastRun\RPF6AC6.png
\0
W, 3504, 24, 2013/05/23, 18:32:24.988, 2897092392496, QTAgent32.exe, Playback - [WARNING] Internal warning: Couldn't find descendants that match QueryId
\0
W, 3504, 24, 2013/05/23, 18:32:24.988, 2897092395559, QTAgent32.exe, PERF WARNING: FindTopLevelWindowHelper::FindAllDescendents: took 1135 ms. Expected it to take maximum 500 ms.
W, 3504, 24, 2013/05/23, 18:32:43.092, 2897351602982, QTAgent32.exe, Playback - [WARNING] Internal warning: Window Not Found: [VisibleOnly]ControlType='Window' &amp;&amp; Name='Warning' &amp;&amp; ClassName='#32770'
\0
E, 3504, 24, 2013/05/23, 18:32:43.092, 2897351609986, QTAgent32.exe, &lt;a class=failure&gt;Playback - {15} [FAILED] Function ElementFetcher::FindScreenElement failed to locate UI element (Searching: ;[VisibleOnly]ControlType='Window' &amp;&amp; Name='Warning' &amp;&amp; ClassName='#32770') (The object specified was not found.)
\0&lt;/a&gt;
E, 3504, 24, 2013/05/23, 18:32:43.172, 2897352756497, QTAgent32.exe, Playback - [IMAGE] C:\Users\testuser\AppData\Local\Temp\UITestLogs\LastRun\RPFB1D5.png
\0
W, 3504, 24, 2013/05/23, 18:32:43.172, 2897352759070, QTAgent32.exe, Playback - [WARNING] Internal warning: Couldn't find descendants that match QueryId
\0
W, 3504, 24, 2013/05/23, 18:32:43.173, 2897352767574, QTAgent32.exe, PERF WARNING: FindTopLevelWindowHelper::FindAllDescendents: took 18184 ms. Expected it to take maximum 500 ms.
W, 3504, 24, 2013/05/23, 18:32:43.690, 2897360178787, QTAgent32.exe, Playback - [WARNING] Internal warning: Smart Match failed
\0
W, 3504, 24, 2013/05/23, 18:32:44.079, 2897365743663, QTAgent32.exe, Playback - [WARNING] Internal warning: Smart Match failed
\0
W, 3504, 24, 2013/05/23, 18:32:44.438, 2897370890129, QTAgent32.exe, Playback - [WARNING] Internal warning: Smart Match failed
\0
W, 3504, 24, 2013/05/23, 18:32:44.816, 2897376294415, QTAgent32.exe, Playback - [WARNING] Internal warning: Smart Match failed
\0
W, 3504, 24, 2013/05/23, 18:32:45.210, 2897381927466, QTAgent32.exe, Playback - [WARNING] Internal warning: Smart Match failed
\0
W, 3504, 24, 2013/05/23, 18:32:45.620, 2897387808099, QTAgent32.exe, Playback - [WARNING] Internal warning: Smart Match failed
\0
W, 3504, 24, 2013/05/23, 18:32:46.027, 2897393632316, QTAgent32.exe, Playback - [WARNING] Internal warning: Smart Match failed
\0
W, 3504, 24, 2013/05/23, 18:32:46.301, 2897397549501, QTAgent32.exe, Playback - [WARNING] Internal warning: Window Not Found: [VisibleOnly]ControlType='Window' &amp;&amp; Name='Warning' &amp;&amp; ClassName='#32770'
\0
E, 3504, 24, 2013/05/23, 18:32:46.301, 2897397552365, QTAgent32.exe, &lt;a class=failure&gt;Playback - {16} [FAILED] Function ElementFetcher::FindScreenElement failed to locate UI element (Searching: ;[VisibleOnly]ControlType='Window' &amp;&amp; Name='Warning' &amp;&amp; ClassName='#32770') (The object specified was not found.)
\0&lt;/a&gt;
E, 3504, 24, 2013/05/23, 18:32:46.380, 2897398686347, QTAgent32.exe, Playback - [IMAGE] C:\Users\testuser\AppData\Local\Temp\UITestLogs\LastRun\RPFBE54.png
\0
W, 3504, 24, 2013/05/23, 18:32:46.380, 2897398688650, QTAgent32.exe, Playback - [WARNING] Internal warning: Couldn't find descendants that match QueryId
\0
W, 3504, 24, 2013/05/23, 18:32:46.380, 2897398691993, QTAgent32.exe, PERF WARNING: FindTopLevelWindowHelper::FindAllDescendents: took 3207 ms. Expected it to take maximum 500 ms.
E, 3504, 24, 2013/05/23, 18:32:46.381, 2897398694474, QTAgent32.exe, Exception: System.Runtime.InteropServices.COMException
	Message: Error HRESULT E_FAIL has been returned from a call to a COM component.
	Stack Trace:    at Microsoft.VisualStudio.TestTools.UITest.Playback.Engine.IRPFPlayback.FindAllScreenElements(IScreenElement pScreenElementStart, String bstrQueryId, Object&amp; pvarResKeys, Int32 cResKeys, Int32 nMaxDepth, Object[]&amp; foundDescendants)
   at Microsoft.VisualStudio.TestTools.UITest.Playback.ScreenElement.FindTopLevelWindowHelper(String queryId)
	BaseExceptionMessage: Error HRESULT E_FAIL has been returned from a call to a COM component.

E, 3504, 24, 2013/05/23, 18:32:46.524, 2897400741873, QTAgent32.exe, AL: Playback Error: Microsoft.VisualStudio.TestTools.UITest.Extension.UITestControlNotFoundException: The playback failed to find the control with the given search properties. Additional Details: 
TechnologyName:  'MSAA'
ControlType:  'Window'
Name:  'Warning'
ClassName:  '#32770'
 ---&gt; System.Runtime.InteropServices.COMException: Error HRESULT E_FAIL has been returned from a call to a COM component.
   at Microsoft.VisualStudio.TestTools.UITest.Playback.Engine.IRPFPlayback.FindAllScreenElements(IScreenElement pScreenElementStart, String bstrQueryId, Object&amp; pvarResKeys, Int32 cResKeys, Int32 nMaxDepth, Object[]&amp; foundDescendants)
   at Microsoft.VisualStudio.TestTools.UITest.Playback.ScreenElement.FindTopLevelWindowHelper(String queryId)
   at Microsoft.VisualStudio.TestTools.UITest.Playback.ScreenElement.FindFromPartialQueryId(String queryId)
   at Microsoft.VisualStudio.TestTools.UITesting.UITestControl..ctor(String queryId)
   --- End of inner exception stack trace ---
   at Microsoft.VisualStudio.TestTools.UITesting.Playback.MapControlNotFoundException(COMException ex, IPlaybackContext context)
   at Microsoft.VisualStudio.TestTools.UITesting.Playback.MapAndThrowComException(COMException innerException, IPlaybackContext context)
   at Microsoft.VisualStudio.TestTools.UITesting.Playback.MapAndThrowException(SystemException exception, IPlaybackContext context)
   at Microsoft.VisualStudio.TestTools.UITesting.Playback.MapAndThrowException(SystemException exception, String queryId)
   at Microsoft.VisualStudio.TestTools.UITesting.UITestControl..ctor(String queryId)
   at Microsoft.VisualStudio.TestTools.UITesting.SearchHelper.SearchTopLevelWindow(ISearchArgument topLevelSearchArg, String topLevelElementQueryId)
   at Microsoft.VisualStudio.TestTools.UITesting.SearchHelper.GetTitleUpdatedTopLevelWindow(ISearchArgument topLevelSearchArg, String queryId, IList`1 windowTitles)
   at Microsoft.VisualStudio.TestTools.UITesting.SearchHelper.GetTopLevelElement(Boolean useCache, Boolean useCacheOnly, ISearchArgument searchArg, IList`1 windowTitles, Int32&amp; timeLeft)
   at Microsoft.VisualStudio.TestTools.UITesting.SearchHelper.GetElement(Boolean useCache, ISearchArgument searchArg)
   at Microsoft.VisualStudio.TestTools.UITesting.SearchHelper.Search(ISearchArgument searchArg)
   at Microsoft.VisualStudio.TestTools.UITesting.UITestControl.FindInternal()
   at Microsoft.VisualStudio.TestTools.UITesting.UITestControl.FindControlIfNecessary()
   at Microsoft.VisualStudio.TestTools.UITesting.UITestControl.Click(MouseButtons button, ModifierKeys modifierKeys, Point relativeCoordinates)
   at Microsoft.VisualStudio.TestTools.UITesting.Mouse.ClickImplementation(UITestControl control, MouseButtons button, ModifierKeys modifierKeys, Point relativeCoordinate)
   at Microsoft.VisualStudio.TestTools.UITesting.Mouse.ClickImplementationWrapper(UITestControl control, MouseButtons button, ModifierKeys modifierKeys, Point relativeCoordinate)
W, 3504, 24, 2013/05/23, 18:32:46.524, 2897400745837, QTAgent32.exe, PlaybackErrorHandler: Ignoring exception as ContinueOnError is set.
W, 3504, 24, 2013/05/23, 18:32:46.583, 2897401595244, QTAgent32.exe, &lt;a class=success&gt;Playback - {17} [SUCCESS] TypeString "#(R)"
\0&lt;/a&gt;
W, 3504, 24, 2013/05/23, 18:32:47.206, 2897410508280, QTAgent32.exe, PERF WARNING: FindTopLevelWindowHelper::FindAllDescendents: took 522 ms. Expected it to take maximum 500 ms.
W, 3504, 24, 2013/05/23, 18:32:47.742, 2897418193308, QTAgent32.exe, PERF WARNING: FindAllDescendents: took 531 ms. Expected it to take maximum 500 ms.
E, 3504, 24, 2013/05/23, 18:32:47.755, 2897418371866, QTAgent32.exe, Exception: System.ArgumentException
	Message: Value does not fall within the expected range.
	Stack Trace:    at Accessibility.IAccessible.get_accRole(Object varChild)
   at Microsoft.VisualStudio.TestTools.UITest.Extension.Msaa.AccWrapper.get_RoleInt()
	BaseExceptionMessage: Value does not fall within the expected range.

E, 3504, 24, 2013/05/23, 18:32:47.765, 2897418517515, QTAgent32.exe, Exception: System.ArgumentException
	Message: Value does not fall within the expected range.
	Stack Trace:    at Accessibility.IAccessible.get_accRole(Object varChild)
   at Microsoft.VisualStudio.TestTools.UITest.Extension.Msaa.AccWrapper.get_RoleInt()
	BaseExceptionMessage: Value does not fall within the expected range.

W, 3504, 24, 2013/05/23, 18:32:48.904, 2897434824830, QTAgent32.exe, &lt;a class=success&gt;Playback - {18} [SUCCESS] LeftButtonClick  &lt; Mouse cursor location (87, 908) &gt;
\0&lt;/a&gt;
W, 3504, 24, 2013/05/23, 18:32:50.619, 2897459380976, QTAgent32.exe, &lt;a class=success&gt;Playback - {19} [SUCCESS] SetValueAsEditBox "c:\TestProject7\ourmma.reg"  &lt; Set via SendKeys &gt;
\0&lt;/a&gt;
W, 3504, 24, 2013/05/23, 18:32:50.619, 2897459384302, QTAgent32.exe, &lt;a class=success&gt;Playback - {20} [SUCCESS] SetValueAsComboBox "c:\TestProject7\ourmma.reg" - "[MSAA, VisibleOnly]ControlType='ComboBox' &amp;&amp; Name='Open:'"  &lt; Set via SetValueAsEditBox &gt;
\0&lt;/a&gt;
W, 3504, 24, 2013/05/23, 18:32:50.893, 2897463307215, QTAgent32.exe, &lt;a class=success&gt;Playback - {21} [SUCCESS] MouseButtonClick - "[MSAA, VisibleOnly]ControlType='Button' &amp;&amp; Name='OK'"
\0&lt;/a&gt;
W, 3504, 24, 2013/05/23, 18:32:51.403, 2897470610379, QTAgent32.exe, Playback - [WARNING] Internal warning: Window Not Found: [VisibleOnly]ControlType='Window' &amp;&amp; Name='Registry Editor' &amp;&amp; ClassName='#32770'
\0
E, 3504, 24, 2013/05/23, 18:32:51.403, 2897470613864, QTAgent32.exe, &lt;a class=failure&gt;Playback - {22} [FAILED] Function ElementFetcher::FindScreenElement failed to locate UI element (Searching: ;[VisibleOnly]ControlType='Window' &amp;&amp; Name='Registry Editor' &amp;&amp; ClassName='#32770') (The object specified was not found.)
\0&lt;/a&gt;
E, 3504, 24, 2013/05/23, 18:32:51.498, 2897471966492, QTAgent32.exe, Playback - [IMAGE] C:\Users\testuser\AppData\Local\Temp\UITestLogs\LastRun\RPFD242.png
\0
W, 3504, 24, 2013/05/23, 18:32:51.498, 2897471969290, QTAgent32.exe, Playback - [WARNING] Internal warning: Couldn't find descendants that match QueryId
\0
W, 3504, 24, 2013/05/23, 18:32:51.498, 2897471972237, QTAgent32.exe, PERF WARNING: FindTopLevelWindowHelper::FindAllDescendents: took 504 ms. Expected it to take maximum 500 ms.
W, 3504, 24, 2013/05/23, 18:32:52.287, 2897483265350, QTAgent32.exe, PERF WARNING: FindTopLevelWindowHelper::FindAllDescendents: took 788 ms. Expected it to take maximum 500 ms.
W, 3504, 24, 2013/05/23, 18:32:52.534, 2897486800606, QTAgent32.exe, &lt;a class=success&gt;Playback - {23} [SUCCESS] MouseButtonClick - "[MSAA, VisibleOnly]ControlType='Button' &amp;&amp; Name='Yes'"
\0&lt;/a&gt;
W, 3504, 24, 2013/05/23, 18:32:52.907, 2897492140779, QTAgent32.exe, &lt;a class=success&gt;Playback - {24} [SUCCESS] MouseButtonClick - "[MSAA, VisibleOnly]ControlType='Button' &amp;&amp; Name='OK'"
\0&lt;/a&gt;
W, 3504, 24, 2013/05/23, 18:32:53.137, 2897495438746, QTAgent32.exe, &lt;a class=success&gt;Playback - {25} [SUCCESS] MouseButtonClick - "[MSAA, VisibleOnly]ControlType='Button' &amp;&amp; Name='Clients &amp; Files'"
\0&lt;/a&gt;
W, 3504, 24, 2013/05/23, 18:32:54.761, 2897518681297, QTAgent32.exe, PERF WARNING: FindTopLevelWindowHelper::FindAllDescendents: took 1519 ms. Expected it to take maximum 500 ms.
W, 3504, 24, 2013/05/23, 18:32:55.707, 2897532232119, QTAgent32.exe, Playback - [WARNING] Internal warning: Incorrect flag set for InvokeProgrammaticAction\0
W, 3504, 24, 2013/05/23, 18:32:55.830, 2897533989661, QTAgent32.exe, &lt;a class=success&gt;Playback - {26} [SUCCESS] SetValueAsComboBox "Customers" - "[MSAA, VisibleOnly]ControlType='ComboBox'"  &lt; SetValueAsComboBox, set by clicking on the item in the list box &gt;
\0&lt;/a&gt;
W, 3504, 24, 2013/05/23, 18:32:56.314, 2897540925832, QTAgent32.exe, &lt;a class=success&gt;Playback - {27} [SUCCESS] MouseButtonClick - "[MSAA, VisibleOnly]ControlType='Button' &amp;&amp; Name='Add'"
\0&lt;/a&gt;
W, 3504, 24, 2013/05/23, 18:32:57.141, 2897552766182, QTAgent32.exe, &lt;a class=success&gt;Playback - {28} [SUCCESS] SendKeys "autotest" - "[MSAA, VisibleOnly]ControlType='RadioButton' &amp;&amp; Name='Personal Lines'"
\0&lt;/a&gt;
W, 3504, 24, 2013/05/23, 18:32:58.289, 2897569204408, QTAgent32.exe, &lt;a class=success&gt;Playback - {29} [SUCCESS] SetValueAsEditBox "autotest" - "[MSAA, VisibleOnly]ControlType='Edit'"  &lt; Set via SendKeys &gt;
\0&lt;/a&gt;
W, 3504, 24, 2013/05/23, 18:32:58.525, 2897572578443, QTAgent32.exe, &lt;a class=success&gt;Playback - {30} [SUCCESS] MouseButtonClick - "[MSAA, VisibleOnly]ControlType='Button' &amp;&amp; Name='OK'"
\0&lt;/a&gt;
W, 3504, 24, 2013/05/23, 18:32:58.838, 2897577066175, QTAgent32.exe, &lt;a class=success&gt;Playback - {31} [SUCCESS] MouseButtonClick - "[MSAA, VisibleOnly]ControlType='Button' &amp;&amp; Name='Yes'"
\0&lt;/a&gt;
W, 3504, 24, 2013/05/23, 18:32:59.506, 2897586625452, QTAgent32.exe, &lt;a class=success&gt;Playback - {32} [SUCCESS] SendKeys "^{HOME}" - "[MSAA, VisibleOnly]ControlType='Edit'"
\0&lt;/a&gt;
E, 3504, 24, 2013/05/23, 18:32:59.506, 2897586632225, QTAgent32.exe, Msaa.GetFocusedElement: could not find accessible object of foreground window
W, 3504, 24, 2013/05/23, 18:32:59.573, 2897587591674, QTAgent32.exe, &lt;a class=success&gt;Playback - {33} [SUCCESS] SendKeys "^+{END}" - "[MSAA, VisibleOnly]ControlType='Edit'"
\0&lt;/a&gt;
E, 3504, 24, 2013/05/23, 18:32:59.573, 2897587594946, QTAgent32.exe, Msaa.GetFocusedElement: could not find accessible object of foreground window
W, 3504, 24, 2013/05/23, 18:32:59.589, 2897587814837, QTAgent32.exe, &lt;a class=success&gt;Playback - {34} [SUCCESS] SendKeys "{DELETE}" - "[MSAA, VisibleOnly]ControlType='Edit'"
\0&lt;/a&gt;
W, 3504, 24, 2013/05/23, 18:33:00.002, 2897593733911, QTAgent32.exe, &lt;a class=success&gt;Playback - {35} [SUCCESS] SetValueAsEditBox "1" - "[MSAA, VisibleOnly]ControlType='Edit'"  &lt; Set via SendKeys &gt;
\0&lt;/a&gt;
W, 3504, 24, 2013/05/23, 18:33:00.579, 2897601984618, QTAgent32.exe, &lt;a class=success&gt;Playback - {36} [SUCCESS] SendKeys "^{HOME}" - "[MSAA, VisibleOnly]ControlType='Edit'"
\0&lt;/a&gt;
E, 3504, 24, 2013/05/23, 18:33:00.579, 2897601987618, QTAgent32.exe, Msaa.GetFocusedElement: could not find accessible object of foreground window
W, 3504, 24, 2013/05/23, 18:33:00.648, 2897602978797, QTAgent32.exe, &lt;a class=success&gt;Playback - {37} [SUCCESS] SendKeys "^+{END}" - "[MSAA, VisibleOnly]ControlType='Edit'"
\0&lt;/a&gt;
E, 3504, 24, 2013/05/23, 18:33:00.648, 2897602981642, QTAgent32.exe, Msaa.GetFocusedElement: could not find accessible object of foreground window
W, 3504, 24, 2013/05/23, 18:33:00.663, 2897603187839, QTAgent32.exe, &lt;a class=success&gt;Playback - {38} [SUCCESS] SendKeys "{DELETE}" - "[MSAA, VisibleOnly]ControlType='Edit'"
\0&lt;/a&gt;
W, 3504, 24, 2013/05/23, 18:33:01.115, 2897609659198, QTAgent32.exe, &lt;a class=success&gt;Playback - {39} [SUCCESS] SetValueAsEditBox "1" - "[MSAA, VisibleOnly]ControlType='Edit'"  &lt; Set via SendKeys &gt;
\0&lt;/a&gt;
W, 3504, 24, 2013/05/23, 18:33:02.733, 2897632830262, QTAgent32.exe, Playback - [WARNING] Internal warning: Target element "[MSAA, VisibleOnly]ControlType='Button' &amp;&amp; Name='OK'" was not found, so all intermediate elements were ignored. An incorrect element that matches target element Id can be found as the result.  Verify that all intermediate elements in QueryId have valid and unique Ids
\0
W, 3504, 24, 2013/05/23, 18:33:03.278, 2897640630401, QTAgent32.exe, PERF WARNING: FindAllDescendents: took 2061 ms. Expected it to take maximum 500 ms.
W, 3504, 24, 2013/05/23, 18:33:03.566, 2897644760298, QTAgent32.exe, &lt;a class=success&gt;Playback - {40} [SUCCESS] MouseButtonClick - "[MSAA, VisibleOnly]ControlType='Button' &amp;&amp; Name='OK'"
\0&lt;/a&gt;
W, 3504, 24, 2013/05/23, 18:33:03.935, 2897650043822, QTAgent32.exe, &lt;a class=success&gt;Playback - {41} [SUCCESS] MouseButtonClick - "[MSAA, VisibleOnly]ControlType='Button'"
\0&lt;/a&gt;
W, 3504, 24, 2013/05/23, 18:33:04.320, 2897655557730, QTAgent32.exe, &lt;a class=success&gt;Playback - {42} [SUCCESS] MouseButtonClick - "[MSAA, VisibleOnly]ControlType='Button' &amp;&amp; Name='Add'"
\0&lt;/a&gt;
W, 3504, 24, 2013/05/23, 18:33:04.574, 2897659192687, QTAgent32.exe, &lt;a class=success&gt;Playback - {43} [SUCCESS] MouseButtonClick - "[MSAA, VisibleOnly]ControlType='Button' &amp;&amp; Name='OK'"
\0&lt;/a&gt;
W, 3504, 24, 2013/05/23, 18:33:06.826, 2897691440449, QTAgent32.exe, &lt;a class=success&gt;Playback - {44} [SUCCESS] MouseButtonClick - "[MSAA, VisibleOnly,Window]ControlType='Window' &amp;&amp; ClassName='ThunderRT6TextBox'"
\0&lt;/a&gt;
W, 3504, 24, 2013/05/23, 18:33:07.797, 2897705344220, QTAgent32.exe, &lt;a class=success&gt;Playback - {45} [SUCCESS] SetValueAsEditBox "HOME" - "[MSAA, VisibleOnly]ControlType='Edit'"  &lt; Set via SendKeys &gt;
\0&lt;/a&gt;
W, 3504, 24, 2013/05/23, 18:33:08.174, 2897710746778, QTAgent32.exe, &lt;a class=success&gt;Playback - {46} [SUCCESS] MouseButtonClick - "[MSAA, VisibleOnly]ControlType='Button' &amp;&amp; Name='OK'"
\0&lt;/a&gt;
W, 3504, 24, 2013/05/23, 18:33:08.414, 2897714165582, QTAgent32.exe, &lt;a class=success&gt;Playback - {47} [SUCCESS] MouseButtonClick - "[MSAA, VisibleOnly]ControlType='Button' &amp;&amp; Name='Options'"
\0&lt;/a&gt;
W, 3504, 24, 2013/05/23, 18:33:08.514, 2897715602174, QTAgent32.exe, FindScreenElementInSinglePass : Attempting to find control in one pass of search. Failures can occur.
W, 3504, 24, 2013/05/23, 18:33:09.476, 2897729381243, QTAgent32.exe, &lt;a class=success&gt;Playback - {48} [SUCCESS] MouseButtonClick - "[MSAA]ControlType='MenuItem' &amp;&amp; Name='Links'"
\0&lt;/a&gt;
W, 3504, 24, 2013/05/23, 18:33:09.577, 2897730817678, QTAgent32.exe, FindScreenElementInSinglePass : Attempting to find control in one pass of search. Failures can occur.
W, 3504, 24, 2013/05/23, 18:33:10.130, 2897738739602, QTAgent32.exe, &lt;a class=success&gt;Playback - {49} [SUCCESS] MouseButtonClick - "[MSAA]ControlType='MenuItem' &amp;&amp; Name='3rd Party Integration'"
\0&lt;/a&gt;
W, 3504, 24, 2013/05/23, 18:33:10.232, 2897740200083, QTAgent32.exe, FindScreenElementInSinglePass : Attempting to find control in one pass of search. Failures can occur.
W, 3504, 24, 2013/05/23, 18:33:10.742, 2897747512558, QTAgent32.exe, &lt;a class=success&gt;Playback - {50} [SUCCESS] MouseButtonClick - "[MSAA]ControlType='MenuItem' &amp;&amp; Name='Quote Select List'"
\0&lt;/a&gt;
W, 3504, 24, 2013/05/23, 18:33:12.014, 2897765715551, QTAgent32.exe, PERF WARNING: FindTopLevelWindowHelper::FindAllDescendents: took 1167 ms. Expected it to take maximum 500 ms.
W, 3504, 24, 2013/05/23, 18:33:12.293, 2897769715751, QTAgent32.exe, &lt;a class=success&gt;Playback - {51} [SUCCESS] MouseButtonClick - "[MSAA, VisibleOnly]ControlType='Button' &amp;&amp; Name='Ok'"
\0&lt;/a&gt;
W, 3504, 24, 2013/05/23, 18:33:14.904, 2897807100641, QTAgent32.exe, PERF WARNING: FindTopLevelWindowHelper::FindAllDescendents: took 2464 ms. Expected it to take maximum 500 ms.
W, 3504, 24, 2013/05/23, 18:33:15.524, 2897815980396, QTAgent32.exe, &lt;a class=success&gt;Playback - {52} [SUCCESS] SendKeys "^{HOME}" - "[MSAA, VisibleOnly]ControlType='Edit'"
\0&lt;/a&gt;
E, 3504, 24, 2013/05/23, 18:33:15.524, 2897815984091, QTAgent32.exe, Msaa.GetFocusedElement: could not find accessible object of foreground window
W, 3504, 24, 2013/05/23, 18:33:15.595, 2897816989830, QTAgent32.exe, &lt;a class=success&gt;Playback - {53} [SUCCESS] SendKeys "^+{END}" - "[MSAA, VisibleOnly]ControlType='Edit'"
\0&lt;/a&gt;
E, 3504, 24, 2013/05/23, 18:33:15.595, 2897816993026, QTAgent32.exe, Msaa.GetFocusedElement: could not find accessible object of foreground window
W, 3504, 24, 2013/05/23, 18:33:15.610, 2897817213786, QTAgent32.exe, &lt;a class=success&gt;Playback - {54} [SUCCESS] SendKeys "{DELETE}" - "[MSAA, VisibleOnly]ControlType='Edit'"
\0&lt;/a&gt;
W, 3504, 24, 2013/05/23, 18:33:16.257, 2897826470497, QTAgent32.exe, &lt;a class=success&gt;Playback - {55} [SUCCESS] SetValueAsEditBox "30/05/13" - "[MSAA, VisibleOnly]ControlType='Edit'"  &lt; Set via SendKeys &gt;
\0&lt;/a&gt;
W, 3504, 24, 2013/05/23, 18:33:17.522, 2897844577629, QTAgent32.exe, &lt;a class=success&gt;Playback - {56} [SUCCESS] SetValueAsEditBox "test1" - "[MSAA, VisibleOnly]ControlType='Edit'"  &lt; Set via SendKeys &gt;
\0&lt;/a&gt;
W, 3504, 24, 2013/05/23, 18:33:18.642, 2897860616824, QTAgent32.exe, &lt;a class=success&gt;Playback - {57} [SUCCESS] SetValueAsEditBox "test" - "[MSAA, VisibleOnly]ControlType='Edit'"  &lt; Set via SendKeys &gt;
\0&lt;/a&gt;
W, 3504, 24, 2013/05/23, 18:33:19.223, 2897868936078, QTAgent32.exe, &lt;a class=success&gt;Playback - {58} [SUCCESS] SendKeys "^{HOME}" - "[MSAA, VisibleOnly]ControlType='Edit'"
\0&lt;/a&gt;
E, 3504, 24, 2013/05/23, 18:33:19.223, 2897868939292, QTAgent32.exe, Msaa.GetFocusedElement: could not find accessible object of foreground window
W, 3504, 24, 2013/05/23, 18:33:19.278, 2897869730300, QTAgent32.exe, &lt;a class=success&gt;Playback - {59} [SUCCESS] SendKeys "^+{END}" - "[MSAA, VisibleOnly]ControlType='Edit'"
\0&lt;/a&gt;
E, 3504, 24, 2013/05/23, 18:33:19.278, 2897869733572, QTAgent32.exe, Msaa.GetFocusedElement: could not find accessible object of foreground window
W, 3504, 24, 2013/05/23, 18:33:19.294, 2897869953849, QTAgent32.exe, &lt;a class=success&gt;Playback - {60} [SUCCESS] SendKeys "{DELETE}" - "[MSAA, VisibleOnly]ControlType='Edit'"
\0&lt;/a&gt;
W, 3504, 24, 2013/05/23, 18:33:19.834, 2897877693444, QTAgent32.exe, &lt;a class=success&gt;Playback - {61} [SUCCESS] SetValueAsEditBox "test" - "[MSAA, VisibleOnly]ControlType='Edit'"  &lt; Set via SendKeys &gt;
\0&lt;/a&gt;
W, 3504, 24, 2013/05/23, 18:33:21.052, 2897895118973, QTAgent32.exe, Playback - [WARNING] Internal warning: Incorrect flag set for InvokeProgrammaticAction\0
W, 3504, 24, 2013/05/23, 18:33:21.174, 2897896868026, QTAgent32.exe, &lt;a class=success&gt;Playback - {62} [SUCCESS] SetValueAsComboBox "Account Director" - "[MSAA, VisibleOnly]ControlType='ComboBox'"  &lt; SetValueAsComboBox, set by clicking on the item in the list box &gt;
\0&lt;/a&gt;
W, 3504, 24, 2013/05/23, 18:33:22.382, 2897914169032, QTAgent32.exe, Playback - [WARNING] Internal warning: Incorrect flag set for InvokeProgrammaticAction\0
W, 3504, 24, 2013/05/23, 18:33:22.503, 2897915908111, QTAgent32.exe, &lt;a class=success&gt;Playback - {63} [SUCCESS] SetValueAsComboBox "Advertising" - "[MSAA, VisibleOnly]ControlType='ComboBox'"  &lt; SetValueAsComboBox, set by clicking on the item in the list box &gt;
\0&lt;/a&gt;
W, 3504, 24, 2013/05/23, 18:33:23.639, 2897932174164, QTAgent32.exe, &lt;a class=success&gt;Playback - {64} [SUCCESS] SetValueAsEditBox "160589" - "[MSAA, VisibleOnly]ControlType='Edit'"  &lt; Set via SendKeys &gt;
\0&lt;/a&gt;
W, 3504, 24, 2013/05/23, 18:33:23.873, 2897935515108, QTAgent32.exe, &lt;a class=success&gt;Playback - {65} [SUCCESS] MouseButtonClick - "[MSAA, VisibleOnly]ControlType='Edit'"
\0&lt;/a&gt;
W, 3504, 24, 2013/05/23, 18:33:25.074, 2897952716503, QTAgent32.exe, &lt;a class=success&gt;Playback - {66} [SUCCESS] SetValueAsEditBox "BN16BN" - "[MSAA, VisibleOnly]ControlType='Edit'"  &lt; Set via SendKeys &gt;
\0&lt;/a&gt;
W, 3504, 24, 2013/05/23, 18:33:27.303, 2897984635015, QTAgent32.exe, &lt;a class=success&gt;Playback - {67} [SUCCESS] MouseButtonClick - "[MSAA, VisibleOnly]ControlType='Button' &amp;&amp; Name='Lookup...'"
\0&lt;/a&gt;
W, 3504, 24, 2013/05/23, 18:33:27.597, 2897988838171, QTAgent32.exe, &lt;a class=success&gt;Playback - {68} [SUCCESS] MouseButtonClick - "[MSAA, VisibleOnly]ControlType='Button' &amp;&amp; Name='Ok'"
\0&lt;/a&gt;
W, 3504, 24, 2013/05/23, 18:33:27.939, 2897993743021, QTAgent32.exe, &lt;a class=success&gt;Playback - {69} [SUCCESS] MouseButtonClick - "[MSAA, VisibleOnly]ControlType='Button' &amp;&amp; Name='Next &gt;'"
\0&lt;/a&gt;
W, 3504, 24, 2013/05/23, 18:33:29.676, 2898018601857, QTAgent32.exe, &lt;a class=success&gt;Playback - {70} [SUCCESS] SetValueAsEditBox "1989" - "[MSAA, VisibleOnly]ControlType='Edit'"  &lt; Set via SendKeys &gt;
\0&lt;/a&gt;
W, 3504, 24, 2013/05/23, 18:33:29.915, 2898022021593, QTAgent32.exe, &lt;a class=success&gt;Playback - {71} [SUCCESS] MouseButtonClick - "[MSAA, VisibleOnly]ControlType='Button' &amp;&amp; Name='Next &gt;'"
\0&lt;/a&gt;
W, 3504, 24, 2013/05/23, 18:33:30.153, 2898025443073, QTAgent32.exe, &lt;a class=success&gt;Playback - {72} [SUCCESS] MouseButtonClick - "[MSAA, VisibleOnly]ControlType='Button' &amp;&amp; Name='Next &gt;'"
\0&lt;/a&gt;
W, 3504, 24, 2013/05/23, 18:33:30.375, 2898028618491, QTAgent32.exe, &lt;a class=success&gt;Playback - {73} [SUCCESS] MouseButtonClick - "[MSAA, VisibleOnly]ControlType='Button' &amp;&amp; Name='Next &gt;'"
\0&lt;/a&gt;
W, 3504, 24, 2013/05/23, 18:33:32.003, 2898051918816, QTAgent32.exe, &lt;a class=success&gt;Playback - {74} [SUCCESS] SetValueAsEditBox "2345" - "[MSAA, VisibleOnly]ControlType='Edit'"  &lt; Set via SendKeys &gt;
\0&lt;/a&gt;
W, 3504, 24, 2013/05/23, 18:33:33.731, 2898076661687, QTAgent32.exe, &lt;a class=success&gt;Playback - {75} [SUCCESS] SetValueAsEditBox "2000" - "[MSAA, VisibleOnly]ControlType='Edit'"  &lt; Set via SendKeys &gt;
\0&lt;/a&gt;
W, 3504, 24, 2013/05/23, 18:33:35.322, 2898099445972, QTAgent32.exe, &lt;a class=success&gt;Playback - {76} [SUCCESS] SetValueAsEditBox "2000" - "[MSAA, VisibleOnly]ControlType='Edit'"  &lt; Set via SendKeys &gt;
\0&lt;/a&gt;
W, 3504, 24, 2013/05/23, 18:33:35.544, 2898102630035, QTAgent32.exe, &lt;a class=success&gt;Playback - {77} [SUCCESS] MouseButtonClick - "[MSAA, VisibleOnly]ControlType='Button' &amp;&amp; Name='Next &gt;'"
\0&lt;/a&gt;
W, 3504, 24, 2013/05/23, 18:33:37.261, 2898127204042, QTAgent32.exe, &lt;a class=success&gt;Playback - {78} [SUCCESS] SetValueAsEditBox "2345" - "[MSAA, VisibleOnly]ControlType='Edit'"  &lt; Set via SendKeys &gt;
\0&lt;/a&gt;
W, 3504, 24, 2013/05/23, 18:33:37.513, 2898130816414, QTAgent32.exe, &lt;a class=success&gt;Playback - {79} [SUCCESS] MouseButtonClick - "[MSAA, VisibleOnly]ControlType='Button' &amp;&amp; Name='Next &gt;'"
\0&lt;/a&gt;
W, 3504, 24, 2013/05/23, 18:33:37.779, 2898134626168, QTAgent32.exe, &lt;a class=success&gt;Playback - {80} [SUCCESS] MouseButtonClick - "[MSAA, VisibleOnly]ControlType='Button' &amp;&amp; Name='Next &gt;'"
\0&lt;/a&gt;
W, 3504, 24, 2013/05/23, 18:33:38.143, 2898139844462, QTAgent32.exe, &lt;a class=success&gt;Playback - {81} [SUCCESS] MouseButtonClick - "[MSAA, VisibleOnly]ControlType='Button' &amp;&amp; Name='Quote'"
\0&lt;/a&gt;
W, 3504, 24, 2013/05/23, 18:33:38.378, 2898143205742, QTAgent32.exe, &lt;a class=success&gt;Playback - {82} [SUCCESS] MouseButtonClick - "[MSAA, VisibleOnly]ControlType='Button' &amp;&amp; Name='No'"
\0&lt;/a&gt;
W, 3504, 24, 2013/05/23, 18:33:38.806, 2898149334517, QTAgent32.exe, &lt;a class=success&gt;Playback - {83} [SUCCESS] MouseButtonClick - "[MSAA, VisibleOnly]ControlType='Button' &amp;&amp; Name='Ok'"
\0&lt;/a&gt;
W, 3504, 24, 2013/05/23, 18:33:41.804, 2898192263246, QTAgent32.exe, PERF WARNING: FindTopLevelWindowHelper::FindAllDescendents: took 2897 ms. Expected it to take maximum 500 ms.
W, 3504, 24, 2013/05/23, 18:33:41.953, 2898194389030, QTAgent32.exe, &lt;a class=success&gt;Playback - {84} [SUCCESS] MouseButtonClick - "[MSAA, VisibleOnly]ControlType='Client'"
\0&lt;/a&gt;
W, 3504, 24, 2013/05/23, 18:33:44.181, 2898226287888, QTAgent32.exe, &lt;a class=success&gt;Playback - {85} [SUCCESS] SendKeys "{Home}" - "[MSAA, VisibleOnly]ControlType='Client'"
\0&lt;/a&gt;
W, 3504, 24, 2013/05/23, 18:33:44.661, 2898233163826, QTAgent32.exe, &lt;a class=success&gt;Playback - {86} [SUCCESS] MouseButtonClick - "[MSAA, VisibleOnly]ControlType='Button' &amp;&amp; Name='Accept'"
\0&lt;/a&gt;
W, 3504, 24, 2013/05/23, 18:33:46.912, 2898265400651, QTAgent32.exe, &lt;a class=success&gt;Playback - {87} [SUCCESS] MouseButtonClick - "[MSAA, VisibleOnly]ControlType='Button' &amp;&amp; Name='Yes'"
\0&lt;/a&gt;
W, 3504, 24, 2013/05/23, 18:33:56.390, 2898401094700, QTAgent32.exe, Playback - [WARNING] Internal warning: Window Not Found: [VisibleOnly]ControlType='Window' &amp;&amp; Name='Broker Add-ons' &amp;&amp; ClassName='ThunderRT6FormDC'
\0
E, 3504, 24, 2013/05/23, 18:33:56.391, 2898401121904, QTAgent32.exe, &lt;a class=failure&gt;Playback - {88} [FAILED] Function ElementFetcher::FindScreenElement failed to locate UI element (Searching: ;[VisibleOnly]ControlType='Window' &amp;&amp; Name='Broker Add-ons' &amp;&amp; ClassName='ThunderRT6FormDC') (The object specified was not found.)
\0&lt;/a&gt;
E, 3504, 24, 2013/05/23, 18:33:56.496, 2898402619053, QTAgent32.exe, Playback - [IMAGE] C:\Users\testuser\AppData\Local\Temp\UITestLogs\LastRun\RPFD021.png
\0
W, 3504, 24, 2013/05/23, 18:33:56.496, 2898402622220, QTAgent32.exe, Playback - [WARNING] Internal warning: Couldn't find descendants that match QueryId
\0
W, 3504, 24, 2013/05/23, 18:33:56.497, 2898402629678, QTAgent32.exe, PERF WARNING: FindTopLevelWindowHelper::FindAllDescendents: took 9460 ms. Expected it to take maximum 500 ms.
W, 3504, 24, 2013/05/23, 18:34:16.486, 2898688842887, QTAgent32.exe, Playback - [WARNING] Internal warning: Window Not Found: [VisibleOnly]ControlType='Window' &amp;&amp; Name='Broker Add-ons' &amp;&amp; ClassName='ThunderRT6FormDC'
\0
E, 3504, 24, 2013/05/23, 18:34:16.487, 2898688849273, QTAgent32.exe, &lt;a class=failure&gt;Playback - {89} [FAILED] Function ElementFetcher::FindScreenElement failed to locate UI element (Searching: ;[VisibleOnly]ControlType='Window' &amp;&amp; Name='Broker Add-ons' &amp;&amp; ClassName='ThunderRT6FormDC') (The object specified was not found.)
\0&lt;/a&gt;
E, 3504, 24, 2013/05/23, 18:34:16.571, 2898690050368, QTAgent32.exe, Playback - [IMAGE] C:\Users\testuser\AppData\Local\Temp\UITestLogs\LastRun\RPF1E9F.png
\0
W, 3504, 24, 2013/05/23, 18:34:16.571, 2898690052965, QTAgent32.exe, Playback - [WARNING] Internal warning: Couldn't find descendants that match QueryId
\0
W, 3504, 24, 2013/05/23, 18:34:16.571, 2898690058534, QTAgent32.exe, PERF WARNING: FindTopLevelWindowHelper::FindAllDescendents: took 20073 ms. Expected it to take maximum 500 ms.
W, 3504, 24, 2013/05/23, 18:34:19.677, 2898734527324, QTAgent32.exe, Playback - [WARNING] Internal warning: Smart Match failed
\0
W, 3504, 24, 2013/05/23, 18:34:21.261, 2898757208675, QTAgent32.exe, Playback - [WARNING] Internal warning: Window Not Found: [VisibleOnly]ControlType='Window' &amp;&amp; Name='Broker Add-ons' &amp;&amp; ClassName='ThunderRT6FormDC'
\0
E, 3504, 24, 2013/05/23, 18:34:21.261, 2898757213345, QTAgent32.exe, &lt;a class=failure&gt;Playback - {90} [FAILED] Function ElementFetcher::FindScreenElement failed to locate UI element (Searching: ;[VisibleOnly]ControlType='Window' &amp;&amp; Name='Broker Add-ons' &amp;&amp; ClassName='ThunderRT6FormDC') (The object specified was not found.)
\0&lt;/a&gt;
E, 3504, 24, 2013/05/23, 18:34:21.343, 2898758388268, QTAgent32.exe, Playback - [IMAGE] C:\Users\testuser\AppData\Local\Temp\UITestLogs\LastRun\RPF3146.png
\0
W, 3504, 24, 2013/05/23, 18:34:21.343, 2898758390738, QTAgent32.exe, Playback - [WARNING] Internal warning: Couldn't find descendants that match QueryId
\0
W, 3504, 24, 2013/05/23, 18:34:21.344, 2898758396978, QTAgent32.exe, PERF WARNING: FindTopLevelWindowHelper::FindAllDescendents: took 4772 ms. Expected it to take maximum 500 ms.
E, 3504, 24, 2013/05/23, 18:34:21.344, 2898758399895, QTAgent32.exe, Exception: System.Runtime.InteropServices.COMException
	Message: Error HRESULT E_FAIL has been returned from a call to a COM component.
	Stack Trace:    at Microsoft.VisualStudio.TestTools.UITest.Playback.Engine.IRPFPlayback.FindAllScreenElements(IScreenElement pScreenElementStart, String bstrQueryId, Object&amp; pvarResKeys, Int32 cResKeys, Int32 nMaxDepth, Object[]&amp; foundDescendants)
   at Microsoft.VisualStudio.TestTools.UITest.Playback.ScreenElement.FindTopLevelWindowHelper(String queryId)
	BaseExceptionMessage: Error HRESULT E_FAIL has been returned from a call to a COM component.

E, 3504, 24, 2013/05/23, 18:34:21.446, 2898759853598, QTAgent32.exe, AL: Playback Error: Microsoft.VisualStudio.TestTools.UITest.Extension.UITestControlNotFoundException: The playback failed to find the control with the given search properties. Additional Details: 
TechnologyName:  'MSAA'
ControlType:  'Window'
Name:  'Broker Add-ons'
ClassName:  'ThunderRT6FormDC'
 ---&gt; System.Runtime.InteropServices.COMException: Error HRESULT E_FAIL has been returned from a call to a COM component.
   at Microsoft.VisualStudio.TestTools.UITest.Playback.Engine.IRPFPlayback.FindAllScreenElements(IScreenElement pScreenElementStart, String bstrQueryId, Object&amp; pvarResKeys, Int32 cResKeys, Int32 nMaxDepth, Object[]&amp; foundDescendants)
   at Microsoft.VisualStudio.TestTools.UITest.Playback.ScreenElement.FindTopLevelWindowHelper(String queryId)
   at Microsoft.VisualStudio.TestTools.UITest.Playback.ScreenElement.FindFromPartialQueryId(String queryId)
   at Microsoft.VisualStudio.TestTools.UITesting.UITestControl..ctor(String queryId)
   --- End of inner exception stack trace ---
   at Microsoft.VisualStudio.TestTools.UITesting.Playback.MapControlNotFoundException(COMException ex, IPlaybackContext context)
   at Microsoft.VisualStudio.TestTools.UITesting.Playback.MapAndThrowComException(COMException innerException, IPlaybackContext context)
   at Microsoft.VisualStudio.TestTools.UITesting.Playback.MapAndThrowException(SystemException exception, IPlaybackContext context)
   at Microsoft.VisualStudio.TestTools.UITesting.Playback.MapAndThrowException(SystemException exception, String queryId)
   at Microsoft.VisualStudio.TestTools.UITesting.UITestControl..ctor(String queryId)
   at Microsoft.VisualStudio.TestTools.UITesting.SearchHelper.SearchTopLevelWindow(ISearchArgument topLevelSearchArg, String topLevelElementQueryId)
   at Microsoft.VisualStudio.TestTools.UITesting.SearchHelper.GetTitleUpdatedTopLevelWindow(ISearchArgument topLevelSearchArg, String queryId, IList`1 windowTitles)
   at Microsoft.VisualStudio.TestTools.UITesting.SearchHelper.GetTopLevelElement(Boolean useCache, Boolean useCacheOnly, ISearchArgument searchArg, IList`1 windowTitles, Int32&amp; timeLeft)
   at Microsoft.VisualStudio.TestTools.UITesting.SearchHelper.GetElement(Boolean useCache, ISearchArgument searchArg)
   at Microsoft.VisualStudio.TestTools.UITesting.SearchHelper.Search(ISearchArgument searchArg)
   at Microsoft.VisualStudio.TestTools.UITesting.UITestControl.FindInternal()
   at Microsoft.VisualStudio.TestTools.UITesting.UITestControl.FindControlIfNecessary()
   at Microsoft.VisualStudio.TestTools.UITesting.UITestControl.Click(MouseButtons button, ModifierKeys modifierKeys, Point relativeCoordinates)
   at Microsoft.VisualStudio.TestTools.UITesting.Mouse.ClickImplementation(UITestControl control, MouseButtons button, ModifierKeys modifierKeys, Point relativeCoordinate)
   at Microsoft.VisualStudio.TestTools.UITesting.Mouse.ClickImplementationWrapper(UITestControl control, MouseButtons button, ModifierKeys modifierKeys, Point relativeCoordinate)
W, 3504, 24, 2013/05/23, 18:34:21.446, 2898759857433, QTAgent32.exe, PlaybackErrorHandler: Ignoring exception as ContinueOnError is set.
W, 3504, 24, 2013/05/23, 18:34:30.228, 2898885603677, QTAgent32.exe, Playback - [WARNING] Internal warning: Window Not Found: [VisibleOnly]ControlType='Window' &amp;&amp; Name='Save the file as' &amp;&amp; ClassName='#32770'
\0
E, 3504, 24, 2013/05/23, 18:34:30.229, 2898885611391, QTAgent32.exe, &lt;a class=failure&gt;Playback - {91} [FAILED] Function ElementFetcher::FindScreenElement failed to locate UI element (Searching: ;[VisibleOnly]ControlType='Window' &amp;&amp; Name='Save the file as' &amp;&amp; ClassName='#32770') (The object specified was not found.)
\0&lt;/a&gt;
E, 3504, 24, 2013/05/23, 18:34:30.320, 2898886923894, QTAgent32.exe, Playback - [IMAGE] C:\Users\testuser\AppData\Local\Temp\UITestLogs\LastRun\RPF5451.png
\0
W, 3504, 24, 2013/05/23, 18:34:30.320, 2898886926384, QTAgent32.exe, Playback - [WARNING] Internal warning: Couldn't find descendants that match QueryId
\0
W, 3504, 24, 2013/05/23, 18:34:30.321, 2898886933504, QTAgent32.exe, PERF WARNING: FindTopLevelWindowHelper::FindAllDescendents: took 8874 ms. Expected it to take maximum 500 ms.
W, 3504, 24, 2013/05/23, 18:34:50.391, 2899174306834, QTAgent32.exe, Playback - [WARNING] Internal warning: Window Not Found: [VisibleOnly]ControlType='Window' &amp;&amp; Name='Save the file as' &amp;&amp; ClassName='#32770'
\0
E, 3504, 24, 2013/05/23, 18:34:50.392, 2899174312476, QTAgent32.exe, &lt;a class=failure&gt;Playback - {92} [FAILED] Function ElementFetcher::FindScreenElement failed to locate UI element (Searching: ;[VisibleOnly]ControlType='Window' &amp;&amp; Name='Save the file as' &amp;&amp; ClassName='#32770') (The object specified was not found.)
\0&lt;/a&gt;
E, 3504, 24, 2013/05/23, 18:34:50.480, 2899175575323, QTAgent32.exe, Playback - [IMAGE] C:\Users\testuser\AppData\Local\Temp\UITestLogs\LastRun\RPFA31D.png
\0
W, 3504, 24, 2013/05/23, 18:34:50.484, 2899175626528, QTAgent32.exe, Playback - [WARNING] Internal warning: Couldn't find descendants that match QueryId
\0
W, 3504, 24, 2013/05/23, 18:34:50.484, 2899175630761, QTAgent32.exe, PERF WARNING: FindTopLevelWindowHelper::FindAllDescendents: took 20162 ms. Expected it to take maximum 500 ms.
W, 3504, 24, 2013/05/23, 18:34:53.597, 2899220206836, QTAgent32.exe, Playback - [WARNING] Internal warning: Smart Match failed
\0
W, 3504, 24, 2013/05/23, 18:34:55.155, 2899242512572, QTAgent32.exe, Playback - [WARNING] Internal warning: Window Not Found: [VisibleOnly]ControlType='Window' &amp;&amp; Name='Save the file as' &amp;&amp; ClassName='#32770'
\0
E, 3504, 24, 2013/05/23, 18:34:55.156, 2899242518230, QTAgent32.exe, &lt;a class=failure&gt;Playback - {93} [FAILED] Function ElementFetcher::FindScreenElement failed to locate UI element (Searching: ;[VisibleOnly]ControlType='Window' &amp;&amp; Name='Save the file as' &amp;&amp; ClassName='#32770') (The object specified was not found.)
\0&lt;/a&gt;
E, 3504, 24, 2013/05/23, 18:34:55.236, 2899243672241, QTAgent32.exe, Playback - [IMAGE] C:\Users\testuser\AppData\Local\Temp\UITestLogs\LastRun\RPFB5B4.png
\0
W, 3504, 24, 2013/05/23, 18:34:55.237, 2899243674927, QTAgent32.exe, Playback - [WARNING] Internal warning: Couldn't find descendants that match QueryId
\0
W, 3504, 24, 2013/05/23, 18:34:55.237, 2899243679173, QTAgent32.exe, PERF WARNING: FindTopLevelWindowHelper::FindAllDescendents: took 4752 ms. Expected it to take maximum 500 ms.
E, 3504, 24, 2013/05/23, 18:34:55.237, 2899243681397, QTAgent32.exe, Exception: System.Runtime.InteropServices.COMException
	Message: Error HRESULT E_FAIL has been returned from a call to a COM component.
	Stack Trace:    at Microsoft.VisualStudio.TestTools.UITest.Playback.Engine.IRPFPlayback.FindAllScreenElements(IScreenElement pScreenElementStart, String bstrQueryId, Object&amp; pvarResKeys, Int32 cResKeys, Int32 nMaxDepth, Object[]&amp; foundDescendants)
   at Microsoft.VisualStudio.TestTools.UITest.Playback.ScreenElement.FindTopLevelWindowHelper(String queryId)
	BaseExceptionMessage: Error HRESULT E_FAIL has been returned from a call to a COM component.

E, 3504, 24, 2013/05/23, 18:34:55.339, 2899245135632, QTAgent32.exe, AL: Playback Error: Microsoft.VisualStudio.TestTools.UITest.Extension.UITestControlNotFoundException: The playback failed to find the control with the given search properties. Additional Details: 
TechnologyName:  'MSAA'
ControlType:  'Window'
Name:  'Save the file as'
ClassName:  '#32770'
 ---&gt; System.Runtime.InteropServices.COMException: Error HRESULT E_FAIL has been returned from a call to a COM component.
   at Microsoft.VisualStudio.TestTools.UITest.Playback.Engine.IRPFPlayback.FindAllScreenElements(IScreenElement pScreenElementStart, String bstrQueryId, Object&amp; pvarResKeys, Int32 cResKeys, Int32 nMaxDepth, Object[]&amp; foundDescendants)
   at Microsoft.VisualStudio.TestTools.UITest.Playback.ScreenElement.FindTopLevelWindowHelper(String queryId)
   at Microsoft.VisualStudio.TestTools.UITest.Playback.ScreenElement.FindFromPartialQueryId(String queryId)
   at Microsoft.VisualStudio.TestTools.UITesting.UITestControl..ctor(String queryId)
   --- End of inner exception stack trace ---
   at Microsoft.VisualStudio.TestTools.UITesting.Playback.MapControlNotFoundException(COMException ex, IPlaybackContext context)
   at Microsoft.VisualStudio.TestTools.UITesting.Playback.MapAndThrowComException(COMException innerException, IPlaybackContext context)
   at Microsoft.VisualStudio.TestTools.UITesting.Playback.MapAndThrowException(SystemException exception, IPlaybackContext context)
   at Microsoft.VisualStudio.TestTools.UITesting.Playback.MapAndThrowException(SystemException exception, String queryId)
   at Microsoft.VisualStudio.TestTools.UITesting.UITestControl..ctor(String queryId)
   at Microsoft.VisualStudio.TestTools.UITesting.SearchHelper.SearchTopLevelWindow(ISearchArgument topLevelSearchArg, String topLevelElementQueryId)
   at Microsoft.VisualStudio.TestTools.UITesting.SearchHelper.GetTitleUpdatedTopLevelWindow(ISearchArgument topLevelSearchArg, String queryId, IList`1 windowTitles)
   at Microsoft.VisualStudio.TestTools.UITesting.SearchHelper.GetTopLevelElement(Boolean useCache, Boolean useCacheOnly, ISearchArgument searchArg, IList`1 windowTitles, Int32&amp; timeLeft)
   at Microsoft.VisualStudio.TestTools.UITesting.SearchHelper.GetElement(Boolean useCache, ISearchArgument searchArg)
   at Microsoft.VisualStudio.TestTools.UITesting.SearchHelper.Search(ISearchArgument searchArg)
   at Microsoft.VisualStudio.TestTools.UITesting.UITestControl.FindInternal()
   at Microsoft.VisualStudio.TestTools.UITesting.UITestControl.FindControlIfNecessary()
   at Microsoft.VisualStudio.TestTools.UITesting.UITestControl.Click(MouseButtons button, ModifierKeys modifierKeys, Point relativeCoordinates)
   at Microsoft.VisualStudio.TestTools.UITesting.Mouse.ClickImplementation(UITestControl control, MouseButtons button, ModifierKeys modifierKeys, Point relativeCoordinate)
   at Microsoft.VisualStudio.TestTools.UITesting.Mouse.ClickImplementationWrapper(UITestControl control, MouseButtons button, ModifierKeys modifierKeys, Point relativeCoordinate)
W, 3504, 24, 2013/05/23, 18:34:55.339, 2899245139733, QTAgent32.exe, PlaybackErrorHandler: Ignoring exception as ContinueOnError is set.
W, 3504, 24, 2013/05/23, 18:34:55.645, 2899249530788, QTAgent32.exe, &lt;a class=success&gt;Playback - {94} [SUCCESS] MouseButtonClick - "[MSAA, VisibleOnly]ControlType='Button' &amp;&amp; Name='OK'"
\0&lt;/a&gt;
W, 3504, 24, 2013/05/23, 18:34:55.974, 2899254233052, QTAgent32.exe, &lt;a class=success&gt;Playback - {95} [SUCCESS] MouseButtonClick - "[MSAA, VisibleOnly]ControlType='Button' &amp;&amp; Name='Ok'"
\0&lt;/a&gt;
W, 3504, 24, 2013/05/23, 18:34:56.249, 2899258171735, QTAgent32.exe, &lt;a class=success&gt;Playback - {96} [SUCCESS] MouseButtonClick - "[MSAA, VisibleOnly]ControlType='Button' &amp;&amp; Name='Ok'"
\0&lt;/a&gt;
W, 3504, 24, 2013/05/23, 18:34:58.135, 2899285186057, QTAgent32.exe, &lt;a class=success&gt;Playback - {97} [SUCCESS] SetValueAsEditBox "B338TH" - "[MSAA, VisibleOnly]ControlType='Edit'"  &lt; Set via SendKeys &gt;
\0&lt;/a&gt;
W, 3504, 24, 2013/05/23, 18:35:00.367, 2899317133303, QTAgent32.exe, &lt;a class=success&gt;Playback - {98} [SUCCESS] MouseButtonClick - "[MSAA, VisibleOnly]ControlType='Button' &amp;&amp; Name='Lookup...'"
\0&lt;/a&gt;
W, 3504, 24, 2013/05/23, 18:35:00.631, 2899320922713, QTAgent32.exe, &lt;a class=success&gt;Playback - {99} [SUCCESS] MouseButtonClick - "[MSAA, VisibleOnly]ControlType='Button' &amp;&amp; Name='Ok'"
\0&lt;/a&gt;
W, 3504, 24, 2013/05/23, 18:35:01.045, 2899326851496, QTAgent32.exe, &lt;a class=success&gt;Playback - {100} [SUCCESS] MouseButtonClick - "[MSAA, VisibleOnly]ControlType='Button' &amp;&amp; Name='Confirm'"
\0&lt;/a&gt;
W, 3504, 24, 2013/05/23, 18:35:26.511, 2899691473630, QTAgent32.exe, Playback - [WARNING] Internal warning: Window Not Found: [VisibleOnly]ControlType='Window' &amp;&amp; Name='Personal Lines' &amp;&amp; ClassName='#32770'
\0
E, 3504, 24, 2013/05/23, 18:35:26.512, 2899691481401, QTAgent32.exe, &lt;a class=failure&gt;Playback - {101} [FAILED] Function ElementFetcher::FindScreenElement failed to locate UI element (Searching: ;[VisibleOnly]ControlType='Window' &amp;&amp; Name='Personal Lines' &amp;&amp; ClassName='#32770') (The object specified was not found.)
\0&lt;/a&gt;
E, 3504, 24, 2013/05/23, 18:35:26.618, 2899693003323, QTAgent32.exe, Playback - [IMAGE] C:\Users\testuser\AppData\Local\Temp\UITestLogs\LastRun\RPF3031.png
\0
W, 3504, 24, 2013/05/23, 18:35:26.618, 2899693005583, QTAgent32.exe, Playback - [WARNING] Internal warning: Couldn't find descendants that match QueryId
\0
W, 3504, 24, 2013/05/23, 18:35:26.619, 2899693013136, QTAgent32.exe, PERF WARNING: FindTopLevelWindowHelper::FindAllDescendents: took 25472 ms. Expected it to take maximum 500 ms.
W, 3504, 24, 2013/05/23, 18:35:46.584, 2899978880544, QTAgent32.exe, Playback - [WARNING] Internal warning: Window Not Found: [VisibleOnly]ControlType='Window' &amp;&amp; Name='Personal Lines' &amp;&amp; ClassName='#32770'
\0
E, 3504, 24, 2013/05/23, 18:35:46.584, 2899978884210, QTAgent32.exe, &lt;a class=failure&gt;Playback - {102} [FAILED] Function ElementFetcher::FindScreenElement failed to locate UI element (Searching: ;[VisibleOnly]ControlType='Window' &amp;&amp; Name='Personal Lines' &amp;&amp; ClassName='#32770') (The object specified was not found.)
\0&lt;/a&gt;
E, 3504, 24, 2013/05/23, 18:35:46.666, 2899980051121, QTAgent32.exe, Playback - [IMAGE] C:\Users\testuser\AppData\Local\Temp\UITestLogs\LastRun\RPF7EA0.png
\0
W, 3504, 24, 2013/05/23, 18:35:46.666, 2899980053615, QTAgent32.exe, Playback - [WARNING] Internal warning: Couldn't find descendants that match QueryId
\0
W, 3504, 24, 2013/05/23, 18:35:46.666, 2899980057252, QTAgent32.exe, PERF WARNING: FindTopLevelWindowHelper::FindAllDescendents: took 20047 ms. Expected it to take maximum 500 ms.
W, 3504, 24, 2013/05/23, 18:35:49.769, 2900024487251, QTAgent32.exe, Playback - [WARNING] Internal warning: Smart Match failed
\0
W, 3504, 24, 2013/05/23, 18:35:51.350, 2900047117301, QTAgent32.exe, Playback - [WARNING] Internal warning: Window Not Found: [VisibleOnly]ControlType='Window' &amp;&amp; Name='Personal Lines' &amp;&amp; ClassName='#32770'
\0
E, 3504, 24, 2013/05/23, 18:35:51.350, 2900047120531, QTAgent32.exe, &lt;a class=failure&gt;Playback - {103} [FAILED] Function ElementFetcher::FindScreenElement failed to locate UI element (Searching: ;[VisibleOnly]ControlType='Window' &amp;&amp; Name='Personal Lines' &amp;&amp; ClassName='#32770') (The object specified was not found.)
\0&lt;/a&gt;
E, 3504, 24, 2013/05/23, 18:35:51.436, 2900048357761, QTAgent32.exe, Playback - [IMAGE] C:\Users\testuser\AppData\Local\Temp\UITestLogs\LastRun\RPF9137.png
\0
W, 3504, 24, 2013/05/23, 18:35:51.437, 2900048360227, QTAgent32.exe, Playback - [WARNING] Internal warning: Couldn't find descendants that match QueryId
\0
W, 3504, 24, 2013/05/23, 18:35:51.437, 2900048362878, QTAgent32.exe, PERF WARNING: FindTopLevelWindowHelper::FindAllDescendents: took 4770 ms. Expected it to take maximum 500 ms.
E, 3504, 24, 2013/05/23, 18:35:51.437, 2900048364636, QTAgent32.exe, Exception: System.Runtime.InteropServices.COMException
	Message: Error HRESULT E_FAIL has been returned from a call to a COM component.
	Stack Trace:    at Microsoft.VisualStudio.TestTools.UITest.Playback.Engine.IRPFPlayback.FindAllScreenElements(IScreenElement pScreenElementStart, String bstrQueryId, Object&amp; pvarResKeys, Int32 cResKeys, Int32 nMaxDepth, Object[]&amp; foundDescendants)
   at Microsoft.VisualStudio.TestTools.UITest.Playback.ScreenElement.FindTopLevelWindowHelper(String queryId)
	BaseExceptionMessage: Error HRESULT E_FAIL has been returned from a call to a COM component.

E, 3504, 24, 2013/05/23, 18:35:51.437, 2900048369867, QTAgent32.exe, GetClassName for handle 2034174 failed
E, 3504, 24, 2013/05/23, 18:35:51.438, 2900048382091, QTAgent32.exe, Window 2034174 not responding. Last Win32 error 1400
E, 3504, 24, 2013/05/23, 18:35:51.438, 2900048383263, QTAgent32.exe, GetClassName for handle 2034174 failed
E, 3504, 24, 2013/05/23, 18:35:51.439, 2900048387758, QTAgent32.exe, Window 2099750 not responding. Last Win32 error 1400
E, 3504, 24, 2013/05/23, 18:35:51.439, 2900048388570, QTAgent32.exe, GetClassName for handle 2099750 failed
E, 3504, 24, 2013/05/23, 18:35:51.539, 2900049828370, QTAgent32.exe, AL: Playback Error: Microsoft.VisualStudio.TestTools.UITest.Extension.UITestControlNotAvailableException: The control is not available or not valid. Additional Details: 
TechnologyName:  'MSAA'
Name:  'OK'
ControlType:  'Button'
 ---&gt; Microsoft.VisualStudio.TestTools.UITest.Extension.UITestControlNotAvailableException: The control is not available or not valid. Additional Details: 
TechnologyName:  'MSAA'
ControlType:  'Window'
 ---&gt; System.Runtime.InteropServices.COMException: Error HRESULT E_FAIL has been returned from a call to a COM component.
   at Microsoft.VisualStudio.TestTools.UITest.Playback.Engine.IRPFPlayback.FindAllScreenElements(IScreenElement pScreenElementStart, String bstrQueryId, Object&amp; pvarResKeys, Int32 cResKeys, Int32 nMaxDepth, Object[]&amp; foundDescendants)
   at Microsoft.VisualStudio.TestTools.UITest.Playback.ScreenElement.FindTopLevelWindowHelper(String queryId)
   at Microsoft.VisualStudio.TestTools.UITest.Playback.ScreenElement.FindFromPartialQueryId(String queryId)
   at Microsoft.VisualStudio.TestTools.UITesting.UITestControl.EnsureValid(Boolean waitForReady, Boolean refetch)
   --- End of inner exception stack trace ---
   at Microsoft.VisualStudio.TestTools.UITesting.UITestControl.EnsureValid(Boolean waitForReady, Boolean refetch)
   at Microsoft.VisualStudio.TestTools.UITesting.UITestControl.FindFirstDescendant(String queryId, Int32 maxDepth, Int32&amp; timeLeft)
   at Microsoft.VisualStudio.TestTools.UITesting.UITestControl.FindFirstDescendant(String queryId)
   at Microsoft.VisualStudio.TestTools.UITesting.UITestControl.EnsureValid(Boolean waitForReady, Boolean refetch)
   --- End of inner exception stack trace ---
   at Microsoft.VisualStudio.TestTools.UITesting.UITestControl.EnsureValid(Boolean waitForReady, Boolean refetch)
   at Microsoft.VisualStudio.TestTools.UITesting.UITestControl.Click(MouseButtons button, ModifierKeys modifierKeys, Point relativeCoordinates)
   at Microsoft.VisualStudio.TestTools.UITesting.Mouse.ClickImplementation(UITestControl control, MouseButtons button, ModifierKeys modifierKeys, Point relativeCoordinate)
   at Microsoft.VisualStudio.TestTools.UITesting.Mouse.ClickImplementationWrapper(UITestControl control, MouseButtons button, ModifierKeys modifierKeys, Point relativeCoordinate)
W, 3504, 24, 2013/05/23, 18:35:51.539, 2900049831019, QTAgent32.exe, PlaybackErrorHandler: Ignoring exception as ContinueOnError is set.
W, 3504, 24, 2013/05/23, 18:35:51.675, 2900051779109, QTAgent32.exe, &lt;a class=success&gt;Playback - {104} [SUCCESS] Check - "[MSAA, VisibleOnly]ControlType='CheckBox' &amp;&amp; Name='Defer Printing?'"
\0&lt;/a&gt;
W, 3504, 24, 2013/05/23, 18:35:52.273, 2900060339576, QTAgent32.exe, &lt;a class=success&gt;Playback - {105} [SUCCESS] MouseButtonClick - "[MSAA, VisibleOnly]ControlType='Button' &amp;&amp; Name='Ok'"
\0&lt;/a&gt;
W, 3504, 24, 2013/05/23, 18:35:53.023, 2900071071481, QTAgent32.exe, PERF WARNING: FindTopLevelWindowHelper::FindAllDescendents: took 647 ms. Expected it to take maximum 500 ms.
W, 3504, 24, 2013/05/23, 18:35:53.167, 2900073144953, QTAgent32.exe, &lt;a class=success&gt;Playback - {106} [SUCCESS] Uncheck - "[MSAA, VisibleOnly]ControlType='CheckBox' &amp;&amp; Name='Add Activity'"
\0&lt;/a&gt;
W, 3504, 24, 2013/05/23, 18:35:53.599, 2900079329834, QTAgent32.exe, &lt;a class=success&gt;Playback - {107} [SUCCESS] MouseButtonClick - "[MSAA, VisibleOnly]ControlType='Button' &amp;&amp; Name='Ok'"
\0&lt;/a&gt;
W, 3504, 24, 2013/05/23, 18:35:53.879, 2900083326116, QTAgent32.exe, &lt;a class=success&gt;Playback - {108} [SUCCESS] MouseButtonClick - "[MSAA, VisibleOnly]ControlType='Button' &amp;&amp; Name='Ok'"
\0&lt;/a&gt;
W, 3504, 24, 2013/05/23, 18:35:57.943, 2900141519639, QTAgent32.exe, Playback - [WARNING] Internal warning: Window Not Found: [VisibleOnly]ControlType='Window' &amp;&amp; Name='Transaction to insert' &amp;&amp; ClassName='TfSelectItem'
\0
E, 3504, 24, 2013/05/23, 18:35:57.943, 2900141523371, QTAgent32.exe, &lt;a class=failure&gt;Playback - {109} [FAILED] Function ElementFetcher::FindScreenElement failed to locate UI element (Searching: ;[VisibleOnly]ControlType='Window' &amp;&amp; Name='Transaction to insert' &amp;&amp; ClassName='TfSelectItem') (The object specified was not found.)
\0&lt;/a&gt;
E, 3504, 24, 2013/05/23, 18:35:58.022, 2900142645365, QTAgent32.exe, Playback - [IMAGE] C:\Users\testuser\AppData\Local\Temp\UITestLogs\LastRun\RPFAAFE.png
\0
W, 3504, 24, 2013/05/23, 18:35:58.022, 2900142647651, QTAgent32.exe, Playback - [WARNING] Internal warning: Couldn't find descendants that match QueryId
\0
W, 3504, 24, 2013/05/23, 18:35:58.022, 2900142650817, QTAgent32.exe, PERF WARNING: FindTopLevelWindowHelper::FindAllDescendents: took 4036 ms. Expected it to take maximum 500 ms.
W, 3504, 24, 2013/05/23, 18:36:16.439, 2900406347593, QTAgent32.exe, Playback - [WARNING] Internal warning: Window Not Found: [VisibleOnly]ControlType='Window' &amp;&amp; Name='Transaction to insert' &amp;&amp; ClassName='TfSelectItem'
\0
E, 3504, 24, 2013/05/23, 18:36:16.439, 2900406356312, QTAgent32.exe, &lt;a class=failure&gt;Playback - {110} [FAILED] Function ElementFetcher::FindScreenElement failed to locate UI element (Searching: ;[VisibleOnly]ControlType='Window' &amp;&amp; Name='Transaction to insert' &amp;&amp; ClassName='TfSelectItem') (The object specified was not found.)
\0&lt;/a&gt;
E, 3504, 24, 2013/05/23, 18:36:16.534, 2900407714019, QTAgent32.exe, Playback - [IMAGE] C:\Users\testuser\AppData\Local\Temp\UITestLogs\LastRun\RPFF345.png
\0
W, 3504, 24, 2013/05/23, 18:36:16.534, 2900407717002, QTAgent32.exe, Playback - [WARNING] Internal warning: Couldn't find descendants that match QueryId
\0
W, 3504, 24, 2013/05/23, 18:36:16.537, 2900407751131, QTAgent32.exe, PERF WARNING: FindTopLevelWindowHelper::FindAllDescendents: took 18514 ms. Expected it to take maximum 500 ms.
W, 3504, 24, 2013/05/23, 18:36:17.289, 2900418512217, QTAgent32.exe, Playback - [WARNING] Internal warning: Smart Match failed
\0
W, 3504, 24, 2013/05/23, 18:36:18.142, 2900430730012, QTAgent32.exe, Playback - [WARNING] Internal warning: Smart Match failed
\0
W, 3504, 24, 2013/05/23, 18:36:18.990, 2900442873388, QTAgent32.exe, Playback - [WARNING] Internal warning: Smart Match failed
\0
W, 3504, 24, 2013/05/23, 18:36:19.831, 2900454916214, QTAgent32.exe, Playback - [WARNING] Internal warning: Smart Match failed
\0
W, 3504, 24, 2013/05/23, 18:36:20.351, 2900462365612, QTAgent32.exe, Playback - [WARNING] Internal warning: Window Not Found: [VisibleOnly]ControlType='Window' &amp;&amp; Name='Transaction to insert' &amp;&amp; ClassName='TfSelectItem'
\0
E, 3504, 24, 2013/05/23, 18:36:20.351, 2900462368869, QTAgent32.exe, &lt;a class=failure&gt;Playback - {111} [FAILED] Function ElementFetcher::FindScreenElement failed to locate UI element (Searching: ;[VisibleOnly]ControlType='Window' &amp;&amp; Name='Transaction to insert' &amp;&amp; ClassName='TfSelectItem') (The object specified was not found.)
\0&lt;/a&gt;
E, 3504, 24, 2013/05/23, 18:36:20.440, 2900463635729, QTAgent32.exe, Playback - [IMAGE] C:\Users\testuser\AppData\Local\Temp\UITestLogs\LastRun\RPF282.png
\0
W, 3504, 24, 2013/05/23, 18:36:20.440, 2900463638182, QTAgent32.exe, Playback - [WARNING] Internal warning: Couldn't find descendants that match QueryId
\0
W, 3504, 24, 2013/05/23, 18:36:20.440, 2900463641449, QTAgent32.exe, PERF WARNING: FindTopLevelWindowHelper::FindAllDescendents: took 3903 ms. Expected it to take maximum 500 ms.
E, 3504, 24, 2013/05/23, 18:36:20.440, 2900463643290, QTAgent32.exe, Exception: System.Runtime.InteropServices.COMException
	Message: Error HRESULT E_FAIL has been returned from a call to a COM component.
	Stack Trace:    at Microsoft.VisualStudio.TestTools.UITest.Playback.Engine.IRPFPlayback.FindAllScreenElements(IScreenElement pScreenElementStart, String bstrQueryId, Object&amp; pvarResKeys, Int32 cResKeys, Int32 nMaxDepth, Object[]&amp; foundDescendants)
   at Microsoft.VisualStudio.TestTools.UITest.Playback.ScreenElement.FindTopLevelWindowHelper(String queryId)
	BaseExceptionMessage: Error HRESULT E_FAIL has been returned from a call to a COM component.

E, 3504, 24, 2013/05/23, 18:36:20.441, 2900463648077, QTAgent32.exe, Window 6096006 not responding. Last Win32 error 0
E, 3504, 24, 2013/05/23, 18:36:20.441, 2900463649279, QTAgent32.exe, GetClassName for handle 6096006 failed
E, 3504, 24, 2013/05/23, 18:36:20.441, 2900463655290, QTAgent32.exe, Window 2689288 not responding. Last Win32 error 1400
E, 3504, 24, 2013/05/23, 18:36:20.441, 2900463656098, QTAgent32.exe, GetClassName for handle 2689288 failed
E, 3504, 24, 2013/05/23, 18:36:20.544, 2900465130082, QTAgent32.exe, AL: Playback Error: Microsoft.VisualStudio.TestTools.UITest.Extension.UITestControlNotAvailableException: The control is not available or not valid. Additional Details: 
TechnologyName:  'MSAA'
Name:  'Ok'
ControlType:  'Button'
 ---&gt; Microsoft.VisualStudio.TestTools.UITest.Extension.UITestControlNotAvailableException: The control is not available or not valid. Additional Details: 
TechnologyName:  'MSAA'
Name:  'Transaction to insert'
ClassName:  'TfSelectItem'
ControlType:  'Window'
 ---&gt; System.Runtime.InteropServices.COMException: Error HRESULT E_FAIL has been returned from a call to a COM component.
   at Microsoft.VisualStudio.TestTools.UITest.Playback.Engine.IRPFPlayback.FindAllScreenElements(IScreenElement pScreenElementStart, String bstrQueryId, Object&amp; pvarResKeys, Int32 cResKeys, Int32 nMaxDepth, Object[]&amp; foundDescendants)
   at Microsoft.VisualStudio.TestTools.UITest.Playback.ScreenElement.FindTopLevelWindowHelper(String queryId)
   at Microsoft.VisualStudio.TestTools.UITest.Playback.ScreenElement.FindFromPartialQueryId(String queryId)
   at Microsoft.VisualStudio.TestTools.UITesting.UITestControl.EnsureValid(Boolean waitForReady, Boolean refetch)
   --- End of inner exception stack trace ---
   at Microsoft.VisualStudio.TestTools.UITesting.UITestControl.EnsureValid(Boolean waitForReady, Boolean refetch)
   at Microsoft.VisualStudio.TestTools.UITesting.UITestControl.FindFirstDescendant(String queryId, Int32 maxDepth, Int32&amp; timeLeft)
   at Microsoft.VisualStudio.TestTools.UITesting.UITestControl.FindFirstDescendant(String queryId)
   at Microsoft.VisualStudio.TestTools.UITesting.UITestControl.EnsureValid(Boolean waitForReady, Boolean refetch)
   --- End of inner exception stack trace ---
   at Microsoft.VisualStudio.TestTools.UITesting.UITestControl.EnsureValid(Boolean waitForReady, Boolean refetch)
   at Microsoft.VisualStudio.TestTools.UITesting.UITestControl.Click(MouseButtons button, ModifierKeys modifierKeys, Point relativeCoordinates)
   at Microsoft.VisualStudio.TestTools.UITesting.Mouse.ClickImplementation(UITestControl control, MouseButtons button, ModifierKeys modifierKeys, Point relativeCoordinate)
   at Microsoft.VisualStudio.TestTools.UITesting.Mouse.ClickImplementationWrapper(UITestControl control, MouseButtons button, ModifierKeys modifierKeys, Point relativeCoordinate)
W, 3504, 24, 2013/05/23, 18:36:20.544, 2900465134801, QTAgent32.exe, PlaybackErrorHandler: Ignoring exception as ContinueOnError is set.
W, 3504, 24, 2013/05/23, 18:36:22.712, 2900496169175, QTAgent32.exe, &lt;a class=success&gt;Playback - {112} [SUCCESS] MouseButtonClick - "[MSAA, VisibleOnly]ControlType='Button' &amp;&amp; Name='OK'"
\0&lt;/a&gt;
W, 3504, 24, 2013/05/23, 18:36:22.982, 2900500026494, QTAgent32.exe, &lt;a class=success&gt;Playback - {113} [SUCCESS] MouseButtonClick - "[MSAA, VisibleOnly]ControlType='Button' &amp;&amp; Name='Cancel'"
\0&lt;/a&gt;
W, 3504, 24, 2013/05/23, 18:36:23.370, 2900505593000, QTAgent32.exe, &lt;a class=success&gt;Playback - {114} [SUCCESS] MouseButtonClick - "[MSAA, VisibleOnly]ControlType='Button'"
\0&lt;/a&gt;
W, 3504, 24, 2013/05/23, 18:36:23.921, 2900513476835, QTAgent32.exe, &lt;a class=success&gt;Playback - {115} [SUCCESS] MouseButtonClick - "[MSAA, VisibleOnly]ControlType='Button' &amp;&amp; Name='Detail'"
\0&lt;/a&gt;
W, 3504, 24, 2013/05/23, 18:36:24.152, 2900516787801, QTAgent32.exe, &lt;a class=success&gt;Playback - {116} [SUCCESS] MouseButtonClick - "[MSAA, VisibleOnly]ControlType='Edit'"
\0&lt;/a&gt;
E, 3504, 24, 2013/05/23, 18:36:27.075, 2900558638252, QTAgent32.exe, IEDOM : Could not get valid window handle of Internet Explorer_server
W, 3504, 24, 2013/05/23, 18:36:27.076, 2900558645929, QTAgent32.exe, IEDOM : Unable to get the document Window Handle
W, 3504, 24, 2013/05/23, 18:36:35.065, 2900673037148, QTAgent32.exe, Playback - [WARNING] Internal warning: Window Not Found: [VisibleOnly]ControlType='Window' &amp;&amp; Name='Connect to www.insur-econnect.com'
\0
E, 3504, 24, 2013/05/23, 18:36:35.065, 2900673040503, QTAgent32.exe, &lt;a class=failure&gt;Playback - {117} [FAILED] Function ElementFetcher::FindScreenElement failed to locate UI element (Searching: ;[VisibleOnly]ControlType='Window' &amp;&amp; Name='Connect to www.insur-econnect.com') (The object specified was not found.)
\0&lt;/a&gt;
E, 3504, 24, 2013/05/23, 18:36:35.208, 2900675092390, QTAgent32.exe, Playback - [IMAGE] C:\Users\testuser\AppData\Local\Temp\UITestLogs\LastRun\RPF3C0A.png
\0
W, 3504, 24, 2013/05/23, 18:36:35.208, 2900675094633, QTAgent32.exe, Playback - [WARNING] Internal warning: Couldn't find descendants that match QueryId
\0
W, 3504, 24, 2013/05/23, 18:36:35.209, 2900675097732, QTAgent32.exe, PERF WARNING: FindTopLevelWindowHelper::FindAllDescendents: took 2017 ms. Expected it to take maximum 500 ms.
W, 3504, 24, 2013/05/23, 18:36:53.525, 2900937352416, QTAgent32.exe, Playback - [WARNING] Internal warning: Window Not Found: [VisibleOnly]ControlType='Window' &amp;&amp; Name='Connect to www.insur-econnect.com'
\0
E, 3504, 24, 2013/05/23, 18:36:53.525, 2900937356117, QTAgent32.exe, &lt;a class=failure&gt;Playback - {118} [FAILED] Function ElementFetcher::FindScreenElement failed to locate UI element (Searching: ;[VisibleOnly]ControlType='Window' &amp;&amp; Name='Connect to www.insur-econnect.com') (The object specified was not found.)
\0&lt;/a&gt;
E, 3504, 24, 2013/05/23, 18:36:53.616, 2900938651423, QTAgent32.exe, Playback - [IMAGE] C:\Users\testuser\AppData\Local\Temp\UITestLogs\LastRun\RPF8422.png
\0
W, 3504, 24, 2013/05/23, 18:36:53.616, 2900938655133, QTAgent32.exe, Playback - [WARNING] Internal warning: Couldn't find descendants that match QueryId
\0
W, 3504, 24, 2013/05/23, 18:36:53.616, 2900938659310, QTAgent32.exe, PERF WARNING: FindTopLevelWindowHelper::FindAllDescendents: took 18407 ms. Expected it to take maximum 500 ms.
W, 3504, 24, 2013/05/23, 18:36:54.143, 2900946203311, QTAgent32.exe, Playback - [WARNING] Internal warning: Smart Match failed
\0
W, 3504, 24, 2013/05/23, 18:36:54.636, 2900953261844, QTAgent32.exe, Playback - [WARNING] Internal warning: Smart Match failed
\0
W, 3504, 24, 2013/05/23, 18:36:55.126, 2900960278450, QTAgent32.exe, Playback - [WARNING] Internal warning: Smart Match failed
\0
W, 3504, 24, 2013/05/23, 18:36:55.642, 2900967663890, QTAgent32.exe, Playback - [WARNING] Internal warning: Smart Match failed
\0
W, 3504, 24, 2013/05/23, 18:36:56.098, 2900974203640, QTAgent32.exe, Playback - [WARNING] Internal warning: Smart Match failed
\0
W, 3504, 24, 2013/05/23, 18:36:56.552, 2900980701502, QTAgent32.exe, Playback - [WARNING] Internal warning: Smart Match failed
\0
W, 3504, 24, 2013/05/23, 18:36:56.889, 2900985513480, QTAgent32.exe, Playback - [WARNING] Internal warning: Window Not Found: [VisibleOnly]ControlType='Window' &amp;&amp; Name='Connect to www.insur-econnect.com'
\0
E, 3504, 24, 2013/05/23, 18:36:56.889, 2900985516228, QTAgent32.exe, &lt;a class=failure&gt;Playback - {119} [FAILED] Function ElementFetcher::FindScreenElement failed to locate UI element (Searching: ;[VisibleOnly]ControlType='Window' &amp;&amp; Name='Connect to www.insur-econnect.com') (The object specified was not found.)
\0&lt;/a&gt;
E, 3504, 24, 2013/05/23, 18:36:56.963, 2900986579271, QTAgent32.exe, Playback - [IMAGE] C:\Users\testuser\AppData\Local\Temp\UITestLogs\LastRun\RPF913D.png
\0
W, 3504, 24, 2013/05/23, 18:36:56.963, 2900986582258, QTAgent32.exe, Playback - [WARNING] Internal warning: Couldn't find descendants that match QueryId
\0
W, 3504, 24, 2013/05/23, 18:36:56.964, 2900986585716, QTAgent32.exe, PERF WARNING: FindTopLevelWindowHelper::FindAllDescendents: took 3346 ms. Expected it to take maximum 500 ms.
E, 3504, 24, 2013/05/23, 18:36:56.964, 2900986587659, QTAgent32.exe, Exception: System.Runtime.InteropServices.COMException
	Message: Error HRESULT E_FAIL has been returned from a call to a COM component.
	Stack Trace:    at Microsoft.VisualStudio.TestTools.UITest.Playback.Engine.IRPFPlayback.FindAllScreenElements(IScreenElement pScreenElementStart, String bstrQueryId, Object&amp; pvarResKeys, Int32 cResKeys, Int32 nMaxDepth, Object[]&amp; foundDescendants)
   at Microsoft.VisualStudio.TestTools.UITest.Playback.ScreenElement.FindTopLevelWindowHelper(String queryId)
	BaseExceptionMessage: Error HRESULT E_FAIL has been returned from a call to a COM component.

W, 3504, 24, 2013/05/23, 18:36:58.740, 2901012028410, QTAgent32.exe, Playback - [WARNING] Internal warning: Window Not Found: [VisibleOnly]ControlType='Window' &amp;&amp; Name='Windows Security'
\0
E, 3504, 24, 2013/05/23, 18:36:58.741, 2901012031705, QTAgent32.exe, &lt;a class=failure&gt;Playback - {120} [FAILED] Function ElementFetcher::FindScreenElement failed to locate UI element (Searching: ;[VisibleOnly]ControlType='Window' &amp;&amp; Name='Windows Security') (The object specified was not found.)
\0&lt;/a&gt;
E, 3504, 24, 2013/05/23, 18:36:58.825, 2901013241114, QTAgent32.exe, Playback - [IMAGE] C:\Users\testuser\AppData\Local\Temp\UITestLogs\LastRun\RPF987E.png
\0
W, 3504, 24, 2013/05/23, 18:36:58.825, 2901013243569, QTAgent32.exe, Playback - [WARNING] Internal warning: Couldn't find descendants that match QueryId
\0
W, 3504, 24, 2013/05/23, 18:36:58.825, 2901013246469, QTAgent32.exe, PERF WARNING: FindTopLevelWindowHelper::FindAllDescendents: took 1861 ms. Expected it to take maximum 500 ms.
W, 3504, 24, 2013/05/23, 18:37:17.223, 2901276659386, QTAgent32.exe, Playback - [WARNING] Internal warning: Window Not Found: [VisibleOnly]ControlType='Window' &amp;&amp; Name='Windows Security'
\0
E, 3504, 24, 2013/05/23, 18:37:17.223, 2901276665643, QTAgent32.exe, &lt;a class=failure&gt;Playback - {121} [FAILED] Function ElementFetcher::FindScreenElement failed to locate UI element (Searching: ;[VisibleOnly]ControlType='Window' &amp;&amp; Name='Windows Security') (The object specified was not found.)
\0&lt;/a&gt;
E, 3504, 24, 2013/05/23, 18:37:17.319, 2901278040816, QTAgent32.exe, Playback - [IMAGE] C:\Users\testuser\AppData\Local\Temp\UITestLogs\LastRun\RPFE0B5.png
\0
W, 3504, 24, 2013/05/23, 18:37:17.319, 2901278043313, QTAgent32.exe, Playback - [WARNING] Internal warning: Couldn't find descendants that match QueryId
\0
W, 3504, 24, 2013/05/23, 18:37:17.320, 2901278051303, QTAgent32.exe, PERF WARNING: FindTopLevelWindowHelper::FindAllDescendents: took 18494 ms. Expected it to take maximum 500 ms.
W, 3504, 24, 2013/05/23, 18:37:17.861, 2901285806726, QTAgent32.exe, Playback - [WARNING] Internal warning: Smart Match failed
\0
W, 3504, 24, 2013/05/23, 18:37:18.360, 2901292945668, QTAgent32.exe, Playback - [WARNING] Internal warning: Smart Match failed
\0
W, 3504, 24, 2013/05/23, 18:37:18.851, 2901299978515, QTAgent32.exe, Playback - [WARNING] Internal warning: Smart Match failed
\0
W, 3504, 24, 2013/05/23, 18:37:19.313, 2901306591470, QTAgent32.exe, Playback - [WARNING] Internal warning: Smart Match failed
\0
W, 3504, 24, 2013/05/23, 18:37:19.778, 2901313245201, QTAgent32.exe, Playback - [WARNING] Internal warning: Smart Match failed
\0
W, 3504, 24, 2013/05/23, 18:37:20.232, 2901319758386, QTAgent32.exe, Playback - [WARNING] Internal warning: Smart Match failed
\0
W, 3504, 24, 2013/05/23, 18:37:20.580, 2901324725479, QTAgent32.exe, Playback - [WARNING] Internal warning: Window Not Found: [VisibleOnly]ControlType='Window' &amp;&amp; Name='Windows Security'
\0
E, 3504, 24, 2013/05/23, 18:37:20.580, 2901324728444, QTAgent32.exe, &lt;a class=failure&gt;Playback - {122} [FAILED] Function ElementFetcher::FindScreenElement failed to locate UI element (Searching: ;[VisibleOnly]ControlType='Window' &amp;&amp; Name='Windows Security') (The object specified was not found.)
\0&lt;/a&gt;
E, 3504, 24, 2013/05/23, 18:37:20.663, 2901325922129, QTAgent32.exe, Playback - [IMAGE] C:\Users\testuser\AppData\Local\Temp\UITestLogs\LastRun\RPFEDD0.png
\0
W, 3504, 24, 2013/05/23, 18:37:20.664, 2901325924720, QTAgent32.exe, Playback - [WARNING] Internal warning: Couldn't find descendants that match QueryId
\0
W, 3504, 24, 2013/05/23, 18:37:20.664, 2901325929394, QTAgent32.exe, PERF WARNING: FindTopLevelWindowHelper::FindAllDescendents: took 3343 ms. Expected it to take maximum 500 ms.
E, 3504, 24, 2013/05/23, 18:37:20.664, 2901325932151, QTAgent32.exe, Exception: System.Runtime.InteropServices.COMException
	Message: Error HRESULT E_FAIL has been returned from a call to a COM component.
	Stack Trace:    at Microsoft.VisualStudio.TestTools.UITest.Playback.Engine.IRPFPlayback.FindAllScreenElements(IScreenElement pScreenElementStart, String bstrQueryId, Object&amp; pvarResKeys, Int32 cResKeys, Int32 nMaxDepth, Object[]&amp; foundDescendants)
   at Microsoft.VisualStudio.TestTools.UITest.Playback.ScreenElement.FindTopLevelWindowHelper(String queryId)
	BaseExceptionMessage: Error HRESULT E_FAIL has been returned from a call to a COM component.

E, 3504, 24, 2013/05/23, 18:37:20.769, 2901327437634, QTAgent32.exe, AL: Playback Error: Microsoft.VisualStudio.TestTools.UITest.Extension.UITestControlNotFoundException: The playback failed to find the control with the given search properties. Additional Details: 
TechnologyName:  'MSAA'
ControlType:  'Window'
Name:  'Windows Security'
 ---&gt; System.Runtime.InteropServices.COMException: Error HRESULT E_FAIL has been returned from a call to a COM component.
   at Microsoft.VisualStudio.TestTools.UITest.Playback.Engine.IRPFPlayback.FindAllScreenElements(IScreenElement pScreenElementStart, String bstrQueryId, Object&amp; pvarResKeys, Int32 cResKeys, Int32 nMaxDepth, Object[]&amp; foundDescendants)
   at Microsoft.VisualStudio.TestTools.UITest.Playback.ScreenElement.FindTopLevelWindowHelper(String queryId)
   at Microsoft.VisualStudio.TestTools.UITest.Playback.ScreenElement.FindFromPartialQueryId(String queryId)
   at Microsoft.VisualStudio.TestTools.UITesting.UITestControl..ctor(String queryId)
   --- End of inner exception stack trace ---
   at Microsoft.VisualStudio.TestTools.UITesting.Playback.MapControlNotFoundException(COMException ex, IPlaybackContext context)
   at Microsoft.VisualStudio.TestTools.UITesting.Playback.MapAndThrowComException(COMException innerException, IPlaybackContext context)
   at Microsoft.VisualStudio.TestTools.UITesting.Playback.MapAndThrowException(SystemException exception, IPlaybackContext context)
   at Microsoft.VisualStudio.TestTools.UITesting.Playback.MapAndThrowException(SystemException exception, String queryId)
   at Microsoft.VisualStudio.TestTools.UITesting.UITestControl..ctor(String queryId)
   at Microsoft.VisualStudio.TestTools.UITesting.SearchHelper.SearchTopLevelWindow(ISearchArgument topLevelSearchArg, String topLevelElementQueryId)
   at Microsoft.VisualStudio.TestTools.UITesting.SearchHelper.GetTitleUpdatedTopLevelWindow(ISearchArgument topLevelSearchArg, String queryId, IList`1 windowTitles)
   at Microsoft.VisualStudio.TestTools.UITesting.SearchHelper.GetTopLevelElement(Boolean useCache, Boolean useCacheOnly, ISearchArgument searchArg, IList`1 windowTitles, Int32&amp; timeLeft)
   at Microsoft.VisualStudio.TestTools.UITesting.SearchHelper.GetElement(Boolean useCache, ISearchArgument searchArg)
   at Microsoft.VisualStudio.TestTools.UITesting.SearchHelper.Search(ISearchArgument searchArg)
   at Microsoft.VisualStudio.TestTools.UITesting.UITestControl.FindInternal()
   at Microsoft.VisualStudio.TestTools.UITesting.UITestControl.FindControlIfNecessary()
   at Microsoft.VisualStudio.TestTools.UITesting.UITestControl.SendKeys(String text, ModifierKeys modifierKeys, Boolean isEncoded, Boolean isUnicode)
   at Microsoft.VisualStudio.TestTools.UITesting.Keyboard.SendKeysImplementation(UITestControl control, String text, ModifierKeys modifierKeys, Boolean isEncoded, Boolean isUnicode)
   at Microsoft.VisualStudio.TestTools.UITesting.Keyboard.SendKeysImplementationWrapper(UITestControl control, String text, ModifierKeys modifierKeys, Boolean isEncoded, Boolean isUnicode)
W, 3504, 24, 2013/05/23, 18:37:20.769, 2901327441224, QTAgent32.exe, PlaybackErrorHandler: Ignoring exception as ContinueOnError is set.
W, 3504, 24, 2013/05/23, 18:37:22.543, 2901352835123, QTAgent32.exe, Playback - [WARNING] Internal warning: Window Not Found: [VisibleOnly]ControlType='Window' &amp;&amp; Name='Windows Security'
\0
E, 3504, 24, 2013/05/23, 18:37:22.543, 2901352838596, QTAgent32.exe, &lt;a class=failure&gt;Playback - {123} [FAILED] Function ElementFetcher::FindScreenElement failed to locate UI element (Searching: ;[VisibleOnly]ControlType='Window' &amp;&amp; Name='Windows Security') (The object specified was not found.)
\0&lt;/a&gt;
E, 3504, 24, 2013/05/23, 18:37:22.627, 2901354037431, QTAgent32.exe, Playback - [IMAGE] C:\Users\testuser\AppData\Local\Temp\UITestLogs\LastRun\RPFF57F.png
\0
W, 3504, 24, 2013/05/23, 18:37:22.627, 2901354040390, QTAgent32.exe, Playback - [WARNING] Internal warning: Couldn't find descendants that match QueryId
\0
W, 3504, 24, 2013/05/23, 18:37:22.627, 2901354044523, QTAgent32.exe, PERF WARNING: FindTopLevelWindowHelper::FindAllDescendents: took 1857 ms. Expected it to take maximum 500 ms.
W, 3504, 24, 2013/05/23, 18:37:41.046, 2901617760002, QTAgent32.exe, Playback - [WARNING] Internal warning: Window Not Found: [VisibleOnly]ControlType='Window' &amp;&amp; Name='Windows Security'
\0
E, 3504, 24, 2013/05/23, 18:37:41.046, 2901617764436, QTAgent32.exe, &lt;a class=failure&gt;Playback - {124} [FAILED] Function ElementFetcher::FindScreenElement failed to locate UI element (Searching: ;[VisibleOnly]ControlType='Window' &amp;&amp; Name='Windows Security') (The object specified was not found.)
\0&lt;/a&gt;
E, 3504, 24, 2013/05/23, 18:37:41.130, 2901618972313, QTAgent32.exe, Playback - [IMAGE] C:\Users\testuser\AppData\Local\Temp\UITestLogs\LastRun\RPF3DC5.png
\0
W, 3504, 24, 2013/05/23, 18:37:41.130, 2901618974723, QTAgent32.exe, Playback - [WARNING] Internal warning: Couldn't find descendants that match QueryId
\0
W, 3504, 24, 2013/05/23, 18:37:41.131, 2901618980367, QTAgent32.exe, PERF WARNING: FindTopLevelWindowHelper::FindAllDescendents: took 18503 ms. Expected it to take maximum 500 ms.
W, 3504, 24, 2013/05/23, 18:37:41.664, 2901626613026, QTAgent32.exe, Playback - [WARNING] Internal warning: Smart Match failed
\0
W, 3504, 24, 2013/05/23, 18:37:42.150, 2901633570886, QTAgent32.exe, Playback - [WARNING] Internal warning: Smart Match failed
\0
W, 3504, 24, 2013/05/23, 18:37:42.610, 2901640169303, QTAgent32.exe, Playback - [WARNING] Internal warning: Smart Match failed
\0
W, 3504, 24, 2013/05/23, 18:37:43.071, 2901646770093, QTAgent32.exe, Playback - [WARNING] Internal warning: Smart Match failed
\0
W, 3504, 24, 2013/05/23, 18:37:43.523, 2901653238158, QTAgent32.exe, Playback - [WARNING] Internal warning: Smart Match failed
\0
W, 3504, 24, 2013/05/23, 18:37:43.990, 2901659916474, QTAgent32.exe, Playback - [WARNING] Internal warning: Smart Match failed
\0
W, 3504, 24, 2013/05/23, 18:37:44.345, 2901664996158, QTAgent32.exe, Playback - [WARNING] Internal warning: Window Not Found: [VisibleOnly]ControlType='Window' &amp;&amp; Name='Windows Security'
\0
E, 3504, 24, 2013/05/23, 18:37:44.345, 2901664999059, QTAgent32.exe, &lt;a class=failure&gt;Playback - {125} [FAILED] Function ElementFetcher::FindScreenElement failed to locate UI element (Searching: ;[VisibleOnly]ControlType='Window' &amp;&amp; Name='Windows Security') (The object specified was not found.)
\0&lt;/a&gt;
E, 3504, 24, 2013/05/23, 18:37:44.427, 2901666171708, QTAgent32.exe, Playback - [IMAGE] C:\Users\testuser\AppData\Local\Temp\UITestLogs\LastRun\RPF4AB2.png
\0
W, 3504, 24, 2013/05/23, 18:37:44.427, 2901666174212, QTAgent32.exe, Playback - [WARNING] Internal warning: Couldn't find descendants that match QueryId
\0
W, 3504, 24, 2013/05/23, 18:37:44.427, 2901666177500, QTAgent32.exe, PERF WARNING: FindTopLevelWindowHelper::FindAllDescendents: took 3294 ms. Expected it to take maximum 500 ms.
E, 3504, 24, 2013/05/23, 18:37:44.427, 2901666179601, QTAgent32.exe, Exception: System.Runtime.InteropServices.COMException
	Message: Error HRESULT E_FAIL has been returned from a call to a COM component.
	Stack Trace:    at Microsoft.VisualStudio.TestTools.UITest.Playback.Engine.IRPFPlayback.FindAllScreenElements(IScreenElement pScreenElementStart, String bstrQueryId, Object&amp; pvarResKeys, Int32 cResKeys, Int32 nMaxDepth, Object[]&amp; foundDescendants)
   at Microsoft.VisualStudio.TestTools.UITest.Playback.ScreenElement.FindTopLevelWindowHelper(String queryId)
	BaseExceptionMessage: Error HRESULT E_FAIL has been returned from a call to a COM component.

E, 3504, 24, 2013/05/23, 18:37:44.531, 2901667660364, QTAgent32.exe, AL: Playback Error: Microsoft.VisualStudio.TestTools.UITest.Extension.UITestControlNotFoundException: The playback failed to find the control with the given search properties. Additional Details: 
TechnologyName:  'MSAA'
ControlType:  'Window'
Name:  'Windows Security'
 ---&gt; System.Runtime.InteropServices.COMException: Error HRESULT E_FAIL has been returned from a call to a COM component.
   at Microsoft.VisualStudio.TestTools.UITest.Playback.Engine.IRPFPlayback.FindAllScreenElements(IScreenElement pScreenElementStart, String bstrQueryId, Object&amp; pvarResKeys, Int32 cResKeys, Int32 nMaxDepth, Object[]&amp; foundDescendants)
   at Microsoft.VisualStudio.TestTools.UITest.Playback.ScreenElement.FindTopLevelWindowHelper(String queryId)
   at Microsoft.VisualStudio.TestTools.UITest.Playback.ScreenElement.FindFromPartialQueryId(String queryId)
   at Microsoft.VisualStudio.TestTools.UITesting.UITestControl..ctor(String queryId)
   --- End of inner exception stack trace ---
   at Microsoft.VisualStudio.TestTools.UITesting.Playback.MapControlNotFoundException(COMException ex, IPlaybackContext context)
   at Microsoft.VisualStudio.TestTools.UITesting.Playback.MapAndThrowComException(COMException innerException, IPlaybackContext context)
   at Microsoft.VisualStudio.TestTools.UITesting.Playback.MapAndThrowException(SystemException exception, IPlaybackContext context)
   at Microsoft.VisualStudio.TestTools.UITesting.Playback.MapAndThrowException(SystemException exception, String queryId)
   at Microsoft.VisualStudio.TestTools.UITesting.UITestControl..ctor(String queryId)
   at Microsoft.VisualStudio.TestTools.UITesting.SearchHelper.SearchTopLevelWindow(ISearchArgument topLevelSearchArg, String topLevelElementQueryId)
   at Microsoft.VisualStudio.TestTools.UITesting.SearchHelper.GetTitleUpdatedTopLevelWindow(ISearchArgument topLevelSearchArg, String queryId, IList`1 windowTitles)
   at Microsoft.VisualStudio.TestTools.UITesting.SearchHelper.GetTopLevelElement(Boolean useCache, Boolean useCacheOnly, ISearchArgument searchArg, IList`1 windowTitles, Int32&amp; timeLeft)
   at Microsoft.VisualStudio.TestTools.UITesting.SearchHelper.GetElement(Boolean useCache, ISearchArgument searchArg)
   at Microsoft.VisualStudio.TestTools.UITesting.SearchHelper.Search(ISearchArgument searchArg)
   at Microsoft.VisualStudio.TestTools.UITesting.UITestControl.FindInternal()
   at Microsoft.VisualStudio.TestTools.UITesting.UITestControl.FindControlIfNecessary()
   at Microsoft.VisualStudio.TestTools.UITesting.UITestControl.Click(MouseButtons button, ModifierKeys modifierKeys, Point relativeCoordinates)
   at Microsoft.VisualStudio.TestTools.UITesting.Mouse.ClickImplementation(UITestControl control, MouseButtons button, ModifierKeys modifierKeys, Point relativeCoordinate)
   at Microsoft.VisualStudio.TestTools.UITesting.Mouse.ClickImplementationWrapper(UITestControl control, MouseButtons button, ModifierKeys modifierKeys, Point relativeCoordinate)
W, 3504, 24, 2013/05/23, 18:37:44.531, 2901667663921, QTAgent32.exe, PlaybackErrorHandler: Ignoring exception as ContinueOnError is set.
W, 3504, 24, 2013/05/23, 18:37:46.484, 2901695629849, QTAgent32.exe, &lt;a class=success&gt;Playback - {126} [SUCCESS] MouseButtonClick - "[Web]ControlType='Hyperlink' &amp;&amp; TagName='A' &amp;&amp; Id='' &amp;&amp; Name='' &amp;&amp; Target='' &amp;&amp; InnerText='Renewals Maintenance' &amp;&amp; FilterCondition(AbsolutePath='/sysmaint/content/leftbar.asp', Title='', Href='https://www.insur-econnect.com/sysmaint/content/leftbar.asp#', Class='', ControlDefinition='style="COLOR: white" href="#"', TagInstance='39')"
\0&lt;/a&gt;
W, 3504, 24, 2013/05/23, 18:37:47.041, 2901703601452, QTAgent32.exe, &lt;a class=success&gt;Playback - {127} [SUCCESS] MouseButtonClick - "[Web]ControlType='Hyperlink' &amp;&amp; TagName='A' &amp;&amp; Id='' &amp;&amp; Name='' &amp;&amp; Target='content' &amp;&amp; InnerText='Create a Household Test Renewal Invitation' &amp;&amp; FilterCondition(AbsolutePath='/sysmaint/content/AddHouseholdTestRenewalNotice.asp', Title='', Href='https://www.insur-econnect.com/sysmaint/content/AddHouseholdTestRenewalNotice.asp', Class='itemlink', ControlDefinition='class=itemlink href="AddHouseholdTestRen', TagInstance='2')"
\0&lt;/a&gt;
E, 3504, 24, 2013/05/23, 18:37:49.600, 2901740246054, QTAgent32.exe, Exception: System.NotSupportedException
	Message: Internal Error: This method on IEWebControlElement should not get called.
	Stack Trace:    at Microsoft.VisualStudio.TestTools.UITest.Extension.IE.BrowserOptionElementNode.InvokeProgrammaticAction(ProgrammaticActionOption programmaticActionOption)
	BaseExceptionMessage: Internal Error: This method on IEWebControlElement should not get called.

W, 3504, 24, 2013/05/23, 18:37:49.942, 2901745137148, QTAgent32.exe, &lt;a class=success&gt;Playback - {128} [SUCCESS] SetValueAsComboBox "Covea Insurance plc (formerly MMA)" - "[Web]ControlType='ComboBox' &amp;&amp; TagName='SELECT' &amp;&amp; Id='InsurerID' &amp;&amp; Name='InsurerID' &amp;&amp; FilterCondition(Size='0', LabeledBy='', Title='', ItemCount='54', Class='', ControlDefinition='id=InsurerID onchange=selectInsurer() na', TagInstance='1')"  &lt; SetValueAsComboBox, set by clicking on the item in the list box &gt;
\0&lt;/a&gt;
W, 3504, 24, 2013/05/23, 18:37:50.819, 2901757703221, QTAgent32.exe, &lt;a class=success&gt;Playback - {129} [SUCCESS] SetValueAsEditBox "81588888001763" - "[Web]ControlType='Edit' &amp;&amp; TagName='INPUT' &amp;&amp; Id='' &amp;&amp; Name='txtPolicyNumber' &amp;&amp; LabeledBy='' &amp;&amp; Type='SINGLELINE' &amp;&amp; FilterCondition(Title='', Class='', ControlDefinition='onchange=enableButtons() name=txtPolicyN', TagInstance='1')"  &lt; Set via SendKeys &gt;
\0&lt;/a&gt;
W, 3504, 24, 2013/05/23, 18:37:51.280, 2901764309573, QTAgent32.exe, &lt;a class=success&gt;Playback - {130} [SUCCESS] SendKeys "^{HOME}" - "[Web]ControlType='Edit' &amp;&amp; TagName='INPUT' &amp;&amp; Id='' &amp;&amp; Name='txtRenewalDate' &amp;&amp; LabeledBy='' &amp;&amp; Type='SINGLELINE' &amp;&amp; FilterCondition(Title='', Class='', ControlDefinition='onchange=enableButtons() name=txtRenewal', TagInstance='2')"
\0&lt;/a&gt;
E, 3504, 24, 2013/05/23, 18:37:51.281, 2901764321830, QTAgent32.exe, Msaa.GetFocusedElement: could not find accessible object of foreground window
W, 3504, 24, 2013/05/23, 18:37:51.520, 2901767744516, QTAgent32.exe, &lt;a class=success&gt;Playback - {131} [SUCCESS] SendKeys "^+{END}" - "[Web]ControlType='Edit' &amp;&amp; TagName='INPUT' &amp;&amp; Id='' &amp;&amp; Name='txtRenewalDate' &amp;&amp; LabeledBy='' &amp;&amp; Type='SINGLELINE' &amp;&amp; FilterCondition(Title='', Class='', ControlDefinition='onchange=enableButtons() name=txtRenewal', TagInstance='2')"
\0&lt;/a&gt;
E, 3504, 24, 2013/05/23, 18:37:51.521, 2901767747620, QTAgent32.exe, Msaa.GetFocusedElement: could not find accessible object of foreground window
W, 3504, 24, 2013/05/23, 18:37:51.566, 2901768393129, QTAgent32.exe, &lt;a class=success&gt;Playback - {132} [SUCCESS] SendKeys "{DELETE}" - "[Web]ControlType='Edit' &amp;&amp; TagName='INPUT' &amp;&amp; Id='' &amp;&amp; Name='txtRenewalDate' &amp;&amp; LabeledBy='' &amp;&amp; Type='SINGLELINE' &amp;&amp; FilterCondition(Title='', Class='', ControlDefinition='onchange=enableButtons() name=txtRenewal', TagInstance='2')"
\0&lt;/a&gt;
W, 3504, 24, 2013/05/23, 18:37:51.865, 2901772669607, QTAgent32.exe, &lt;a class=success&gt;Playback - {133} [SUCCESS] SetValueAsEditBox "30/05/2013" - "[Web]ControlType='Edit' &amp;&amp; TagName='INPUT' &amp;&amp; Id='' &amp;&amp; Name='txtRenewalDate' &amp;&amp; LabeledBy='' &amp;&amp; Type='SINGLELINE' &amp;&amp; FilterCondition(Title='', Class='', ControlDefinition='onchange=enableButtons() name=txtRenewal', TagInstance='2')"  &lt; Set via SendKeys &gt;
\0&lt;/a&gt;
W, 3504, 24, 2013/05/23, 18:37:52.113, 2901776224560, QTAgent32.exe, &lt;a class=success&gt;Playback - {134} [SUCCESS] SendKeys "^{HOME}" - "[Web]ControlType='Edit' &amp;&amp; TagName='INPUT' &amp;&amp; Id='' &amp;&amp; Name='txtAutoLapseDate' &amp;&amp; LabeledBy='' &amp;&amp; Type='SINGLELINE' &amp;&amp; FilterCondition(Title='', Class='', ControlDefinition='onchange=enableButtons() name=txtAutoLap', TagInstance='4')"
\0&lt;/a&gt;
E, 3504, 24, 2013/05/23, 18:37:52.113, 2901776227742, QTAgent32.exe, Msaa.GetFocusedElement: could not find accessible object of foreground window
W, 3504, 24, 2013/05/23, 18:37:52.250, 2901778183601, QTAgent32.exe, &lt;a class=success&gt;Playback - {135} [SUCCESS] SendKeys "^+{END}" - "[Web]ControlType='Edit' &amp;&amp; TagName='INPUT' &amp;&amp; Id='' &amp;&amp; Name='txtAutoLapseDate' &amp;&amp; LabeledBy='' &amp;&amp; Type='SINGLELINE' &amp;&amp; FilterCondition(Title='', Class='', ControlDefinition='onchange=enableButtons() name=txtAutoLap', TagInstance='4')"
\0&lt;/a&gt;
E, 3504, 24, 2013/05/23, 18:37:52.250, 2901778188030, QTAgent32.exe, Msaa.GetFocusedElement: could not find accessible object of foreground window
W, 3504, 24, 2013/05/23, 18:37:52.339, 2901779465228, QTAgent32.exe, &lt;a class=success&gt;Playback - {136} [SUCCESS] SendKeys "{DELETE}" - "[Web]ControlType='Edit' &amp;&amp; TagName='INPUT' &amp;&amp; Id='' &amp;&amp; Name='txtAutoLapseDate' &amp;&amp; LabeledBy='' &amp;&amp; Type='SINGLELINE' &amp;&amp; FilterCondition(Title='', Class='', ControlDefinition='onchange=enableButtons() name=txtAutoLap', TagInstance='4')"
\0&lt;/a&gt;
W, 3504, 24, 2013/05/23, 18:37:52.657, 2901784019614, QTAgent32.exe, &lt;a class=success&gt;Playback - {137} [SUCCESS] SetValueAsEditBox "30/05/2013" - "[Web]ControlType='Edit' &amp;&amp; TagName='INPUT' &amp;&amp; Id='' &amp;&amp; Name='txtAutoLapseDate' &amp;&amp; LabeledBy='' &amp;&amp; Type='SINGLELINE' &amp;&amp; FilterCondition(Title='', Class='', ControlDefinition='onchange=enableButtons() name=txtAutoLap', TagInstance='4')"  &lt; Set via SendKeys &gt;
\0&lt;/a&gt;
W, 3504, 24, 2013/05/23, 18:37:53.302, 2901793253146, QTAgent32.exe, &lt;a class=success&gt;Playback - {138} [SUCCESS] MouseButtonClick - "[Web]ControlType='Edit' &amp;&amp; TagName='TEXTAREA' &amp;&amp; Id='' &amp;&amp; Name='txtClientXml' &amp;&amp; LabeledBy='' &amp;&amp; FilterCondition(Title='', Class='', ControlDefinition='onchange=enableButtons() wrap=off cols=5', TagInstance='1')"
\0&lt;/a&gt;
W, 3504, 24, 2013/05/23, 18:37:53.756, 2901799746147, QTAgent32.exe, &lt;a class=success&gt;Playback - {139} [SUCCESS] MouseButtonClick - "[Web]ControlType='Button' &amp;&amp; TagName='INPUT' &amp;&amp; Id='getXmlButton' &amp;&amp; Name='getXmlButton' &amp;&amp; FilterCondition(DisplayText='Get XML from Server', Type='button', Title='Click to get xml from server', Class='', ControlDefinition='id=getXmlButton title="Click to get xml ', TagInstance='5')"
\0&lt;/a&gt;
W, 3504, 24, 2013/05/23, 18:37:54.303, 2901807579513, QTAgent32.exe, &lt;a class=success&gt;Playback - {140} [SUCCESS] MouseButtonClick - "[Web]ControlType='Button' &amp;&amp; TagName='INPUT' &amp;&amp; Id='buttonCreate' &amp;&amp; Name='buttonCreate' &amp;&amp; FilterCondition(DisplayText='  Create Record  ', Type='button', Title='Click to create the new record', Class='', ControlDefinition='id=buttonCreate title="Click to create t', TagInstance='6')"
\0&lt;/a&gt;
W, 3504, 24, 2013/05/23, 18:37:54.583, 2901811588429, QTAgent32.exe, &lt;a class=success&gt;Playback - {141} [SUCCESS] MouseButtonClick - "[MSAA, VisibleOnly]ControlType='Button' &amp;&amp; Name='OK'"
\0&lt;/a&gt;
W, 3504, 24, 2013/05/23, 18:37:59.774, 2901885911555, QTAgent32.exe, &lt;a class=success&gt;Playback - {142} [SUCCESS] TypeString "%({F4})"
\0&lt;/a&gt;
W, 3504, 24, 2013/05/23, 18:38:00.672, 2901898768210, QTAgent32.exe, &lt;a class=success&gt;Playback - {143} [SUCCESS] SendKeys "^{HOME}" - "[MSAA, VisibleOnly]ControlType='Edit'"
\0&lt;/a&gt;
E, 3504, 24, 2013/05/23, 18:38:00.673, 2901898789338, QTAgent32.exe, Msaa.GetFocusedElement: could not find accessible object of foreground window
W, 3504, 24, 2013/05/23, 18:38:00.768, 2901900144205, QTAgent32.exe, &lt;a class=success&gt;Playback - {144} [SUCCESS] SendKeys "^+{END}" - "[MSAA, VisibleOnly]ControlType='Edit'"
\0&lt;/a&gt;
E, 3504, 24, 2013/05/23, 18:38:00.768, 2901900146760, QTAgent32.exe, Msaa.GetFocusedElement: could not find accessible object of foreground window
W, 3504, 24, 2013/05/23, 18:38:00.787, 2901900416468, QTAgent32.exe, &lt;a class=success&gt;Playback - {145} [SUCCESS] SendKeys "{DELETE}" - "[MSAA, VisibleOnly]ControlType='Edit'"
\0&lt;/a&gt;
W, 3504, 24, 2013/05/23, 18:38:01.382, 2901908943497, QTAgent32.exe, &lt;a class=success&gt;Playback - {146} [SUCCESS] SetValueAsEditBox "30/05/2012" - "[MSAA, VisibleOnly]ControlType='Edit'"  &lt; Set via SendKeys &gt;
\0&lt;/a&gt;
W, 3504, 24, 2013/05/23, 18:38:01.816, 2901915151679, QTAgent32.exe, &lt;a class=success&gt;Playback - {147} [SUCCESS] MouseButtonClick - "[MSAA, VisibleOnly]ControlType='Button' &amp;&amp; Name='OK'"
\0&lt;/a&gt;
W, 3504, 24, 2013/05/23, 18:38:02.094, 2901919140821, QTAgent32.exe, &lt;a class=success&gt;Playback - {148} [SUCCESS] MouseButtonClick - "[MSAA, VisibleOnly]ControlType='Client'"
\0&lt;/a&gt;
W, 3504, 24, 2013/05/23, 18:38:02.698, 2901927783379, QTAgent32.exe, &lt;a class=success&gt;Playback - {149} [SUCCESS] MouseButtonClick - "[MSAA, VisibleOnly]ControlType='Client'"
\0&lt;/a&gt;
W, 3504, 24, 2013/05/23, 18:38:04.875, 2901958961676, QTAgent32.exe, &lt;a class=success&gt;Playback - {150} [SUCCESS] SetValueAsEditBox "AUTO202" - "[MSAA, VisibleOnly]ControlType='Edit'"  &lt; Set via SendKeys &gt;
\0&lt;/a&gt;
W, 3504, 24, 2013/05/23, 18:38:05.295, 2901964973089, QTAgent32.exe, &lt;a class=success&gt;Playback - {151} [SUCCESS] SetValueAsEditBox "-1001" - "[MSAA, VisibleOnly]ControlType='Edit'"  &lt; Set via SendKeys &gt;
\0&lt;/a&gt;
W, 3504, 24, 2013/05/23, 18:38:05.809, 2901972333264, QTAgent32.exe, Playback - [WARNING] Internal warning: Incorrect flag set for InvokeProgrammaticAction\0
W, 3504, 24, 2013/05/23, 18:38:05.932, 2901974097034, QTAgent32.exe, &lt;a class=success&gt;Playback - {152} [SUCCESS] SetValueAsComboBox "Household" - "[MSAA, VisibleOnly]ControlType='ComboBox'"  &lt; SetValueAsComboBox, set by clicking on the item in the list box &gt;
\0&lt;/a&gt;
W, 3504, 24, 2013/05/23, 18:38:06.175, 2901977573513, QTAgent32.exe, &lt;a class=success&gt;Playback - {153} [SUCCESS] SendKeys "^{HOME}" - "[MSAA, VisibleOnly]ControlType='Edit'"
\0&lt;/a&gt;
E, 3504, 24, 2013/05/23, 18:38:06.175, 2901977576852, QTAgent32.exe, Msaa.GetFocusedElement: could not find accessible object of foreground window
W, 3504, 24, 2013/05/23, 18:38:06.240, 2901978497161, QTAgent32.exe, &lt;a class=success&gt;Playback - {154} [SUCCESS] SendKeys "^+{END}" - "[MSAA, VisibleOnly]ControlType='Edit'"
\0&lt;/a&gt;
E, 3504, 24, 2013/05/23, 18:38:06.240, 2901978500478, QTAgent32.exe, Msaa.GetFocusedElement: could not find accessible object of foreground window
W, 3504, 24, 2013/05/23, 18:38:06.255, 2901978721087, QTAgent32.exe, &lt;a class=success&gt;Playback - {155} [SUCCESS] SendKeys "{DELETE}" - "[MSAA, VisibleOnly]ControlType='Edit'"
\0&lt;/a&gt;
W, 3504, 24, 2013/05/23, 18:38:07.098, 2901990788741, QTAgent32.exe, &lt;a class=success&gt;Playback - {156} [SUCCESS] SetValueAsEditBox "30/05/2012" - "[MSAA, VisibleOnly]ControlType='Edit'"  &lt; Set via SendKeys &gt;
\0&lt;/a&gt;
W, 3504, 24, 2013/05/23, 18:38:08.033, 2902004164880, QTAgent32.exe, &lt;a class=success&gt;Playback - {157} [SUCCESS] MouseButtonClick - "[MSAA, VisibleOnly]ControlType='Button' &amp;&amp; Name='Regress'"
\0&lt;/a&gt;
W, 3504, 24, 2013/05/23, 18:38:08.300, 2902007998832, QTAgent32.exe, &lt;a class=success&gt;Playback - {158} [SUCCESS] MouseButtonClick - "[MSAA, VisibleOnly]ControlType='Button' &amp;&amp; Name='Exit'"
\0&lt;/a&gt;
W, 3504, 24, 2013/05/23, 18:38:08.568, 2902011830854, QTAgent32.exe, &lt;a class=success&gt;Playback - {159} [SUCCESS] MouseButtonClick - "[MSAA, VisibleOnly]ControlType='Button'"
\0&lt;/a&gt;
W, 3504, 24, 2013/05/23, 18:38:08.813, 2902015332785, QTAgent32.exe, &lt;a class=success&gt;Playback - {160} [SUCCESS] MouseButtonClick - "[MSAA, VisibleOnly]ControlType='Button' &amp;&amp; Name='Options'"
\0&lt;/a&gt;
W, 3504, 24, 2013/05/23, 18:38:08.913, 2902016773361, QTAgent32.exe, FindScreenElementInSinglePass : Attempting to find control in one pass of search. Failures can occur.
W, 3504, 24, 2013/05/23, 18:38:09.396, 2902023684789, QTAgent32.exe, &lt;a class=success&gt;Playback - {161} [SUCCESS] MouseButtonClick - "[MSAA]ControlType='MenuItem' &amp;&amp; Name='Links'"
\0&lt;/a&gt;
W, 3504, 24, 2013/05/23, 18:38:09.501, 2902025192274, QTAgent32.exe, FindScreenElementInSinglePass : Attempting to find control in one pass of search. Failures can occur.
W, 3504, 24, 2013/05/23, 18:38:09.957, 2902031725494, QTAgent32.exe, &lt;a class=success&gt;Playback - {162} [SUCCESS] MouseButtonClick - "[MSAA]ControlType='MenuItem' &amp;&amp; Name='3rd Party Integration'"
\0&lt;/a&gt;
W, 3504, 24, 2013/05/23, 18:38:10.058, 2902033162678, QTAgent32.exe, FindScreenElementInSinglePass : Attempting to find control in one pass of search. Failures can occur.
W, 3504, 24, 2013/05/23, 18:38:10.502, 2902039530578, QTAgent32.exe, &lt;a class=success&gt;Playback - {163} [SUCCESS] MouseButtonClick - "[MSAA]ControlType='MenuItem' &amp;&amp; Name='Renewals Loader'"
\0&lt;/a&gt;
W, 3504, 24, 2013/05/23, 18:38:10.956, 2902046027425, QTAgent32.exe, Playback - [WARNING] Internal warning: Window Not Found: [VisibleOnly]ControlType='Window' &amp;&amp; Name='Renewal Loader' &amp;&amp; ClassName='TfUIMain'
\0
E, 3504, 24, 2013/05/23, 18:38:10.956, 2902046030633, QTAgent32.exe, &lt;a class=failure&gt;Playback - {164} [FAILED] Function ElementFetcher::FindScreenElement failed to locate UI element (Searching: ;[VisibleOnly]ControlType='Window' &amp;&amp; Name='Renewal Loader' &amp;&amp; ClassName='TfUIMain') (The object specified was not found.)
\0&lt;/a&gt;
E, 3504, 24, 2013/05/23, 18:38:11.109, 2902048221983, QTAgent32.exe, Playback - [IMAGE] C:\Users\testuser\AppData\Local\Temp\UITestLogs\LastRun\RPFB299.png
\0
W, 3504, 24, 2013/05/23, 18:38:11.109, 2902048224248, QTAgent32.exe, Playback - [WARNING] Internal warning: Couldn't find descendants that match QueryId
\0
W, 3504, 24, 2013/05/23, 18:38:12.254, 2902064601583, QTAgent32.exe, PERF WARNING: FindTopLevelWindowHelper::FindAllDescendents: took 1143 ms. Expected it to take maximum 500 ms.
W, 3504, 24, 2013/05/23, 18:38:12.397, 2902066648827, QTAgent32.exe, &lt;a class=success&gt;Playback - {165} [SUCCESS] MouseButtonClick - "[MSAA, VisibleOnly]ControlType='TitleBar'"
\0&lt;/a&gt;
W, 3504, 24, 2013/05/23, 18:38:12.811, 2902072582942, QTAgent32.exe, &lt;a class=success&gt;Playback - {166} [SUCCESS] SendKeys "^{HOME}" - "[MSAA, VisibleOnly]ControlType='Edit'"
\0&lt;/a&gt;
E, 3504, 24, 2013/05/23, 18:38:12.811, 2902072587188, QTAgent32.exe, Msaa.GetFocusedElement: could not find accessible object of foreground window
W, 3504, 24, 2013/05/23, 18:38:12.872, 2902073454545, QTAgent32.exe, &lt;a class=success&gt;Playback - {167} [SUCCESS] SendKeys "^+{END}" - "[MSAA, VisibleOnly]ControlType='Edit'"
\0&lt;/a&gt;
E, 3504, 24, 2013/05/23, 18:38:12.872, 2902073458362, QTAgent32.exe, Msaa.GetFocusedElement: could not find accessible object of foreground window
W, 3504, 24, 2013/05/23, 18:38:12.889, 2902073705350, QTAgent32.exe, &lt;a class=success&gt;Playback - {168} [SUCCESS] SendKeys "{DELETE}" - "[MSAA, VisibleOnly]ControlType='Edit'"
\0&lt;/a&gt;
W, 3504, 24, 2013/05/23, 18:38:13.363, 2902080491844, QTAgent32.exe, &lt;a class=success&gt;Playback - {169} [SUCCESS] SetValueAsEditBox "23/05/2013" - "[MSAA, VisibleOnly]ControlType='Edit'"  &lt; Set via SendKeys &gt;
\0&lt;/a&gt;
W, 3504, 24, 2013/05/23, 18:38:13.823, 2902087079983, QTAgent32.exe, &lt;a class=success&gt;Playback - {170} [SUCCESS] SendKeys "^{HOME}" - "[MSAA, VisibleOnly]ControlType='Edit'"
\0&lt;/a&gt;
E, 3504, 24, 2013/05/23, 18:38:13.824, 2902087084242, QTAgent32.exe, Msaa.GetFocusedElement: could not find accessible object of foreground window
W, 3504, 24, 2013/05/23, 18:38:13.889, 2902088014963, QTAgent32.exe, &lt;a class=success&gt;Playback - {171} [SUCCESS] SendKeys "^+{END}" - "[MSAA, VisibleOnly]ControlType='Edit'"
\0&lt;/a&gt;
E, 3504, 24, 2013/05/23, 18:38:13.889, 2902088018362, QTAgent32.exe, Msaa.GetFocusedElement: could not find accessible object of foreground window
W, 3504, 24, 2013/05/23, 18:38:13.906, 2902088263051, QTAgent32.exe, &lt;a class=success&gt;Playback - {172} [SUCCESS] SendKeys "{DELETE}" - "[MSAA, VisibleOnly]ControlType='Edit'"
\0&lt;/a&gt;
W, 3504, 24, 2013/05/23, 18:38:14.265, 2902093406886, QTAgent32.exe, &lt;a class=success&gt;Playback - {173} [SUCCESS] SetValueAsEditBox "06/06/2013" - "[MSAA, VisibleOnly]ControlType='Edit'"  &lt; Set via SendKeys &gt;
\0&lt;/a&gt;
W, 3504, 24, 2013/05/23, 18:38:14.657, 2902099020427, QTAgent32.exe, &lt;a class=success&gt;Playback - {174} [SUCCESS] MouseButtonClick - "[MSAA, VisibleOnly]ControlType='Button' &amp;&amp; Name='Run'"
\0&lt;/a&gt;
W, 3504, 24, 2013/05/23, 18:38:19.872, 2902173680853, QTAgent32.exe, FindNTopWindows : Search will be continued for 12000 even on failure
W, 3504, 24, 2013/05/23, 18:38:20.398, 2902181218775, QTAgent32.exe, Playback - [WARNING] Internal warning: Window with Class "IEFrame" and Title "insurE-com System Maintenance" was not found, so similar window with Class "IEFrame" and Title "insurE-com System Maintenance - Windows Internet Explorer" was accepted
\0
W, 3504, 24, 2013/05/23, 18:38:20.398, 2902181221650, QTAgent32.exe, Playback - [WARNING] Internal warning: Couldn't find descendants that match QueryId
\0
W, 3504, 24, 2013/05/23, 18:38:20.407, 2902181338262, QTAgent32.exe, PERF WARNING: FindNTopWindows::FindAllDescendents: took 534 ms. Expected it to take maximum 500 ms.
W, 3504, 24, 2013/05/23, 18:38:20.883, 2902188157851, QTAgent32.exe, Playback - [WARNING] Internal warning: Window with Class "IEFrame" and Title "insurE-com System Maintenance" was not found, so similar window with Class "IEFrame" and Title "insurE-com System Maintenance - Windows Internet Explorer" was accepted
\0
W, 3504, 24, 2013/05/23, 18:38:20.883, 2902188160946, QTAgent32.exe, Playback - [WARNING] Internal warning: Couldn't find descendants that match QueryId
\0
W, 3504, 24, 2013/05/23, 18:38:21.347, 2902194804214, QTAgent32.exe, Playback - [WARNING] Internal warning: Window with Class "IEFrame" and Title "insurE-com System Maintenance" was not found, so similar window with Class "IEFrame" and Title "insurE-com System Maintenance - Windows Internet Explorer" was accepted
\0
W, 3504, 24, 2013/05/23, 18:38:21.347, 2902194807341, QTAgent32.exe, Playback - [WARNING] Internal warning: Couldn't find descendants that match QueryId
\0
W, 3504, 24, 2013/05/23, 18:38:21.834, 2902201776561, QTAgent32.exe, Playback - [WARNING] Internal warning: Window with Class "IEFrame" and Title "insurE-com System Maintenance" was not found, so similar window with Class "IEFrame" and Title "insurE-com System Maintenance - Windows Internet Explorer" was accepted
\0
W, 3504, 24, 2013/05/23, 18:38:21.834, 2902201779842, QTAgent32.exe, Playback - [WARNING] Internal warning: Couldn't find descendants that match QueryId
\0
W, 3504, 24, 2013/05/23, 18:38:22.334, 2902208934312, QTAgent32.exe, Playback - [WARNING] Internal warning: Window with Class "IEFrame" and Title "insurE-com System Maintenance" was not found, so similar window with Class "IEFrame" and Title "insurE-com System Maintenance - Windows Internet Explorer" was accepted
\0
W, 3504, 24, 2013/05/23, 18:38:22.334, 2902208937182, QTAgent32.exe, Playback - [WARNING] Internal warning: Couldn't find descendants that match QueryId
\0
W, 3504, 24, 2013/05/23, 18:38:22.814, 2902215812897, QTAgent32.exe, Playback - [WARNING] Internal warning: Window with Class "IEFrame" and Title "insurE-com System Maintenance" was not found, so similar window with Class "IEFrame" and Title "insurE-com System Maintenance - Windows Internet Explorer" was accepted
\0
W, 3504, 24, 2013/05/23, 18:38:22.814, 2902215815611, QTAgent32.exe, Playback - [WARNING] Internal warning: Couldn't find descendants that match QueryId
\0
W, 3504, 24, 2013/05/23, 18:38:23.276, 2902222423029, QTAgent32.exe, Playback - [WARNING] Internal warning: Window with Class "IEFrame" and Title "insurE-com System Maintenance" was not found, so similar window with Class "IEFrame" and Title "insurE-com System Maintenance - Windows Internet Explorer" was accepted
\0
W, 3504, 24, 2013/05/23, 18:38:23.276, 2902222425573, QTAgent32.exe, Playback - [WARNING] Internal warning: Couldn't find descendants that match QueryId
\0
W, 3504, 24, 2013/05/23, 18:38:23.770, 2902229488487, QTAgent32.exe, Playback - [WARNING] Internal warning: Window with Class "IEFrame" and Title "insurE-com System Maintenance" was not found, so similar window with Class "IEFrame" and Title "insurE-com System Maintenance - Windows Internet Explorer" was accepted
\0
W, 3504, 24, 2013/05/23, 18:38:23.770, 2902229491194, QTAgent32.exe, Playback - [WARNING] Internal warning: Couldn't find descendants that match QueryId
\0
W, 3504, 24, 2013/05/23, 18:38:24.225, 2902236007205, QTAgent32.exe, Playback - [WARNING] Internal warning: Window with Class "IEFrame" and Title "insurE-com System Maintenance" was not found, so similar window with Class "IEFrame" and Title "insurE-com System Maintenance - Windows Internet Explorer" was accepted
\0
W, 3504, 24, 2013/05/23, 18:38:24.225, 2902236009939, QTAgent32.exe, Playback - [WARNING] Internal warning: Couldn't find descendants that match QueryId
\0
W, 3504, 24, 2013/05/23, 18:38:24.703, 2902242857085, QTAgent32.exe, Playback - [WARNING] Internal warning: Window with Class "IEFrame" and Title "insurE-com System Maintenance" was not found, so similar window with Class "IEFrame" and Title "insurE-com System Maintenance - Windows Internet Explorer" was accepted
\0
W, 3504, 24, 2013/05/23, 18:38:24.703, 2902242859621, QTAgent32.exe, Playback - [WARNING] Internal warning: Couldn't find descendants that match QueryId
\0
W, 3504, 24, 2013/05/23, 18:38:25.141, 2902249124480, QTAgent32.exe, Playback - [WARNING] Internal warning: Window with Class "IEFrame" and Title "insurE-com System Maintenance" was not found, so similar window with Class "IEFrame" and Title "insurE-com System Maintenance - Windows Internet Explorer" was accepted
\0
W, 3504, 24, 2013/05/23, 18:38:25.141, 2902249127011, QTAgent32.exe, Playback - [WARNING] Internal warning: Couldn't find descendants that match QueryId
\0
W, 3504, 24, 2013/05/23, 18:38:25.579, 2902255394768, QTAgent32.exe, Playback - [WARNING] Internal warning: Window with Class "IEFrame" and Title "insurE-com System Maintenance" was not found, so similar window with Class "IEFrame" and Title "insurE-com System Maintenance - Windows Internet Explorer" was accepted
\0
W, 3504, 24, 2013/05/23, 18:38:25.579, 2902255397510, QTAgent32.exe, Playback - [WARNING] Internal warning: Couldn't find descendants that match QueryId
\0
W, 3504, 24, 2013/05/23, 18:38:26.021, 2902261725098, QTAgent32.exe, Playback - [WARNING] Internal warning: Window with Class "IEFrame" and Title "insurE-com System Maintenance" was not found, so similar window with Class "IEFrame" and Title "insurE-com System Maintenance - Windows Internet Explorer" was accepted
\0
W, 3504, 24, 2013/05/23, 18:38:26.021, 2902261727601, QTAgent32.exe, Playback - [WARNING] Internal warning: Couldn't find descendants that match QueryId
\0
W, 3504, 24, 2013/05/23, 18:38:26.449, 2902267859402, QTAgent32.exe, Playback - [WARNING] Internal warning: Window with Class "IEFrame" and Title "insurE-com System Maintenance" was not found, so similar window with Class "IEFrame" and Title "insurE-com System Maintenance - Windows Internet Explorer" was accepted
\0
W, 3504, 24, 2013/05/23, 18:38:26.449, 2902267862042, QTAgent32.exe, Playback - [WARNING] Internal warning: Couldn't find descendants that match QueryId
\0
W, 3504, 24, 2013/05/23, 18:38:26.920, 2902274598789, QTAgent32.exe, Playback - [WARNING] Internal warning: Window with Class "IEFrame" and Title "insurE-com System Maintenance" was not found, so similar window with Class "IEFrame" and Title "insurE-com System Maintenance - Windows Internet Explorer" was accepted
\0
W, 3504, 24, 2013/05/23, 18:38:26.920, 2902274601467, QTAgent32.exe, Playback - [WARNING] Internal warning: Couldn't find descendants that match QueryId
\0
W, 3504, 24, 2013/05/23, 18:38:27.380, 2902281179974, QTAgent32.exe, Playback - [WARNING] Internal warning: Window with Class "IEFrame" and Title "insurE-com System Maintenance" was not found, so similar window with Class "IEFrame" and Title "insurE-com System Maintenance - Windows Internet Explorer" was accepted
\0
W, 3504, 24, 2013/05/23, 18:38:27.380, 2902281182557, QTAgent32.exe, Playback - [WARNING] Internal warning: Couldn't find descendants that match QueryId
\0
W, 3504, 24, 2013/05/23, 18:38:27.847, 2902287866561, QTAgent32.exe, Playback - [WARNING] Internal warning: Window with Class "IEFrame" and Title "insurE-com System Maintenance" was not found, so similar window with Class "IEFrame" and Title "insurE-com System Maintenance - Windows Internet Explorer" was accepted
\0
W, 3504, 24, 2013/05/23, 18:38:27.847, 2902287869631, QTAgent32.exe, Playback - [WARNING] Internal warning: Couldn't find descendants that match QueryId
\0
W, 3504, 24, 2013/05/23, 18:38:28.299, 2902294336728, QTAgent32.exe, Playback - [WARNING] Internal warning: Window with Class "IEFrame" and Title "insurE-com System Maintenance" was not found, so similar window with Class "IEFrame" and Title "insurE-com System Maintenance - Windows Internet Explorer" was accepted
\0
W, 3504, 24, 2013/05/23, 18:38:28.299, 2902294339207, QTAgent32.exe, Playback - [WARNING] Internal warning: Couldn't find descendants that match QueryId
\0
W, 3504, 24, 2013/05/23, 18:38:28.760, 2902300939744, QTAgent32.exe, Playback - [WARNING] Internal warning: Window with Class "IEFrame" and Title "insurE-com System Maintenance" was not found, so similar window with Class "IEFrame" and Title "insurE-com System Maintenance - Windows Internet Explorer" was accepted
\0
W, 3504, 24, 2013/05/23, 18:38:28.760, 2902300942312, QTAgent32.exe, Playback - [WARNING] Internal warning: Couldn't find descendants that match QueryId
\0
W, 3504, 24, 2013/05/23, 18:38:29.192, 2902307129813, QTAgent32.exe, Playback - [WARNING] Internal warning: Window with Class "IEFrame" and Title "insurE-com System Maintenance" was not found, so similar window with Class "IEFrame" and Title "insurE-com System Maintenance - Windows Internet Explorer" was accepted
\0
W, 3504, 24, 2013/05/23, 18:38:29.192, 2902307132560, QTAgent32.exe, Playback - [WARNING] Internal warning: Couldn't find descendants that match QueryId
\0
W, 3504, 24, 2013/05/23, 18:38:29.627, 2902313360555, QTAgent32.exe, Playback - [WARNING] Internal warning: Window with Class "IEFrame" and Title "insurE-com System Maintenance" was not found, so similar window with Class "IEFrame" and Title "insurE-com System Maintenance - Windows Internet Explorer" was accepted
\0
W, 3504, 24, 2013/05/23, 18:38:29.627, 2902313363444, QTAgent32.exe, Playback - [WARNING] Internal warning: Couldn't find descendants that match QueryId
\0
W, 3504, 24, 2013/05/23, 18:38:30.060, 2902319567487, QTAgent32.exe, Playback - [WARNING] Internal warning: Window with Class "IEFrame" and Title "insurE-com System Maintenance" was not found, so similar window with Class "IEFrame" and Title "insurE-com System Maintenance - Windows Internet Explorer" was accepted
\0
W, 3504, 24, 2013/05/23, 18:38:30.061, 2902319570265, QTAgent32.exe, Playback - [WARNING] Internal warning: Couldn't find descendants that match QueryId
\0
W, 3504, 24, 2013/05/23, 18:38:30.518, 2902326122810, QTAgent32.exe, Playback - [WARNING] Internal warning: Window with Class "IEFrame" and Title "insurE-com System Maintenance" was not found, so similar window with Class "IEFrame" and Title "insurE-com System Maintenance - Windows Internet Explorer" was accepted
\0
W, 3504, 24, 2013/05/23, 18:38:30.518, 2902326125591, QTAgent32.exe, Playback - [WARNING] Internal warning: Couldn't find descendants that match QueryId
\0
W, 3504, 24, 2013/05/23, 18:38:30.979, 2902332725039, QTAgent32.exe, Playback - [WARNING] Internal warning: Window with Class "IEFrame" and Title "insurE-com System Maintenance" was not found, so similar window with Class "IEFrame" and Title "insurE-com System Maintenance - Windows Internet Explorer" was accepted
\0
W, 3504, 24, 2013/05/23, 18:38:30.980, 2902332727965, QTAgent32.exe, Playback - [WARNING] Internal warning: Couldn't find descendants that match QueryId
\0
W, 3504, 24, 2013/05/23, 18:38:31.436, 2902339263524, QTAgent32.exe, Playback - [WARNING] Internal warning: Window with Class "IEFrame" and Title "insurE-com System Maintenance" was not found, so similar window with Class "IEFrame" and Title "insurE-com System Maintenance - Windows Internet Explorer" was accepted
\0
W, 3504, 24, 2013/05/23, 18:38:31.437, 2902339266497, QTAgent32.exe, Playback - [WARNING] Internal warning: Couldn't find descendants that match QueryId
\0
W, 3504, 24, 2013/05/23, 18:38:31.933, 2902346369976, QTAgent32.exe, Playback - [WARNING] Internal warning: Window with Class "IEFrame" and Title "insurE-com System Maintenance" was not found, so similar window with Class "IEFrame" and Title "insurE-com System Maintenance - Windows Internet Explorer" was accepted
\0
W, 3504, 24, 2013/05/23, 18:38:31.933, 2902346372731, QTAgent32.exe, Playback - [WARNING] Internal warning: Couldn't find descendants that match QueryId
\0
W, 3504, 24, 2013/05/23, 18:38:33.630, 2902370678236, QTAgent32.exe, Playback - [WARNING] Internal warning: Window Not Found: [VisibleOnly]Name='insurE-com System Maintenance' &amp;&amp; ClassName='IEFrame' &amp;&amp; ControlType='Window'
\0
E, 3504, 24, 2013/05/23, 18:38:33.630, 2902370681922, QTAgent32.exe, &lt;a class=failure&gt;Playback - {175} [FAILED] Function ElementFetcher::FindScreenElement failed to locate UI element (Searching: ;[VisibleOnly]Name='insurE-com System Maintenance' &amp;&amp; ClassName='IEFrame' &amp;&amp; ControlType='Window') (The object specified was not found.)
\0&lt;/a&gt;
E, 3504, 24, 2013/05/23, 18:38:33.767, 2902372631086, QTAgent32.exe, Playback - [IMAGE] C:\Users\testuser\AppData\Local\Temp\UITestLogs\LastRun\RPFB34.png
\0
W, 3504, 24, 2013/05/23, 18:38:33.767, 2902372633526, QTAgent32.exe, Playback - [WARNING] Internal warning: Couldn't find descendants that match QueryId
\0
W, 3504, 24, 2013/05/23, 18:38:33.767, 2902372636589, QTAgent32.exe, PERF WARNING: Playback.FindScreenElement: took 1834 ms. Expected it to take maximum 500 ms.
E, 3504, 24, 2013/05/23, 18:38:33.767, 2902372639974, QTAgent32.exe, Window 3999670 not responding. Last Win32 error 0
E, 3504, 24, 2013/05/23, 18:38:33.767, 2902372641196, QTAgent32.exe, GetClassName for handle 3999670 failed
E, 3504, 24, 2013/05/23, 18:38:33.767, 2902372644556, QTAgent32.exe, Window 3999670 not responding. Last Win32 error 1400
E, 3504, 24, 2013/05/23, 18:38:33.768, 2902372645791, QTAgent32.exe, GetClassName for handle 3999670 failed
E, 3504, 24, 2013/05/23, 18:38:33.868, 2902374086128, QTAgent32.exe, AL: Playback Error: Microsoft.VisualStudio.TestTools.UITest.Extension.UITestControlNotAvailableException: The control is not available or not valid. Additional Details: 
TechnologyName:  'MSAA'
Name:  'insurE-com System Maintenance'
ClassName:  'IEFrame'
ControlType:  'Window'
 ---&gt; System.Runtime.InteropServices.COMException: Error HRESULT E_FAIL has been returned from a call to a COM component.
   at Microsoft.VisualStudio.TestTools.UITest.Playback.Engine.IRPFPlayback.FindScreenElement(String bstrQueryId)
   at Microsoft.VisualStudio.TestTools.UITest.Playback.ScreenElement.FindFromPartialQueryId(String queryId)
   at Microsoft.VisualStudio.TestTools.UITesting.UITestControl.EnsureValid(Boolean waitForReady, Boolean refetch)
   --- End of inner exception stack trace ---
   at Microsoft.VisualStudio.TestTools.UITesting.UITestControl.EnsureValid(Boolean waitForReady, Boolean refetch)
   at Microsoft.VisualStudio.TestTools.UITesting.UITestControl.SendKeys(String text, ModifierKeys modifierKeys, Boolean isEncoded, Boolean isUnicode)
   at Microsoft.VisualStudio.TestTools.UITesting.Keyboard.SendKeysImplementation(UITestControl control, String text, ModifierKeys modifierKeys, Boolean isEncoded, Boolean isUnicode)
   at Microsoft.VisualStudio.TestTools.UITesting.Keyboard.SendKeysImplementationWrapper(UITestControl control, String text, ModifierKeys modifierKeys, Boolean isEncoded, Boolean isUnicode)
W, 3504, 24, 2013/05/23, 18:38:33.868, 2902374088992, QTAgent32.exe, PlaybackErrorHandler: Ignoring exception as ContinueOnError is set.
W, 3504, 24, 2013/05/23, 18:38:34.936, 2902389371664, QTAgent32.exe, &lt;a class=success&gt;Playback - {176} [SUCCESS] MouseButtonClick - "[MSAA, VisibleOnly]ControlType='TitleBar'"
\0&lt;/a&gt;
W, 3504, 24, 2013/05/23, 18:38:35.296, 2902394526579, QTAgent32.exe, &lt;a class=success&gt;Playback - {177} [SUCCESS] MouseButtonClick - "[MSAA, VisibleOnly]ControlType='Button' &amp;&amp; Name='Close'"
\0&lt;/a&gt;
W, 3504, 24, 2013/05/23, 18:38:36.511, 2902411927767, QTAgent32.exe, &lt;a class=success&gt;Playback - {178} [SUCCESS] MouseButtonClick - "[MSAA, VisibleOnly]ControlType='Button' &amp;&amp; Name='Options'"
\0&lt;/a&gt;
W, 3504, 24, 2013/05/23, 18:38:36.611, 2902413363493, QTAgent32.exe, FindScreenElementInSinglePass : Attempting to find control in one pass of search. Failures can occur.
W, 3504, 24, 2013/05/23, 18:38:37.061, 2902419804297, QTAgent32.exe, &lt;a class=success&gt;Playback - {179} [SUCCESS] MouseButtonClick - "[MSAA]ControlType='MenuItem' &amp;&amp; Name='Links'"
\0&lt;/a&gt;
W, 3504, 24, 2013/05/23, 18:38:37.162, 2902421240291, QTAgent32.exe, FindScreenElementInSinglePass : Attempting to find control in one pass of search. Failures can occur.
W, 3504, 24, 2013/05/23, 18:38:37.604, 2902427578932, QTAgent32.exe, &lt;a class=success&gt;Playback - {180} [SUCCESS] MouseButtonClick - "[MSAA]ControlType='MenuItem' &amp;&amp; Name='3rd Party Integration'"
\0&lt;/a&gt;
W, 3504, 24, 2013/05/23, 18:38:37.705, 2902429018050, QTAgent32.exe, FindScreenElementInSinglePass : Attempting to find control in one pass of search. Failures can occur.
W, 3504, 24, 2013/05/23, 18:38:38.167, 2902435633660, QTAgent32.exe, &lt;a class=success&gt;Playback - {181} [SUCCESS] MouseButtonClick - "[MSAA]ControlType='MenuItem' &amp;&amp; Name='Renewals Module'"
\0&lt;/a&gt;
W, 3504, 24, 2013/05/23, 18:38:38.777, 2902444371368, QTAgent32.exe, Playback - [WARNING] Internal warning: Window Not Found: [VisibleOnly]ControlType='Window' &amp;&amp; Name='Personal Lines Renewals' &amp;&amp; ClassName='ThunderRT6FormDC'
\0
E, 3504, 24, 2013/05/23, 18:38:38.797, 2902444659335, QTAgent32.exe, &lt;a class=failure&gt;Playback - {182} [FAILED] Function ElementFetcher::FindScreenElement failed to locate UI element (Searching: ;[VisibleOnly]ControlType='Window' &amp;&amp; Name='Personal Lines Renewals' &amp;&amp; ClassName='ThunderRT6FormDC') (The object specified was not found.)
\0&lt;/a&gt;
E, 3504, 24, 2013/05/23, 18:38:38.884, 2902445906744, QTAgent32.exe, Playback - [IMAGE] C:\Users\testuser\AppData\Local\Temp\UITestLogs\LastRun\RPF1F61.png
\0
W, 3504, 24, 2013/05/23, 18:38:38.884, 2902445909086, QTAgent32.exe, Playback - [WARNING] Internal warning: Couldn't find descendants that match QueryId
\0
W, 3504, 24, 2013/05/23, 18:38:38.884, 2902445912014, QTAgent32.exe, PERF WARNING: FindTopLevelWindowHelper::FindAllDescendents: took 617 ms. Expected it to take maximum 500 ms.
W, 3504, 24, 2013/05/23, 18:38:39.002, 2902447591903, QTAgent32.exe, Playback - [WARNING] Internal warning: Window Not Found: [VisibleOnly]ControlType='Window' &amp;&amp; Name='Personal Lines Renewals' &amp;&amp; ClassName='ThunderRT6FormDC'
\0
E, 3504, 24, 2013/05/23, 18:38:39.002, 2902447597345, QTAgent32.exe, &lt;a class=failure&gt;Playback - {183} [FAILED] Function ElementFetcher::FindScreenElement failed to locate UI element (Searching: ;[VisibleOnly]ControlType='Window' &amp;&amp; Name='Personal Lines Renewals' &amp;&amp; ClassName='ThunderRT6FormDC') (The object specified was not found.)
\0&lt;/a&gt;
E, 3504, 24, 2013/05/23, 18:38:39.100, 2902448985564, QTAgent32.exe, Playback - [IMAGE] C:\Users\testuser\AppData\Local\Temp\UITestLogs\LastRun\RPF202D.png
\0
W, 3504, 24, 2013/05/23, 18:38:39.100, 2902448988017, QTAgent32.exe, Playback - [WARNING] Internal warning: Couldn't find descendants that match QueryId
\0
W, 3504, 24, 2013/05/23, 18:38:40.410, 2902467749100, QTAgent32.exe, PERF WARNING: FindTopLevelWindowHelper::FindAllDescendents: took 1309 ms. Expected it to take maximum 500 ms.
W, 3504, 24, 2013/05/23, 18:38:41.041, 2902476791863, QTAgent32.exe, &lt;a class=success&gt;Playback - {184} [SUCCESS] SetValueAsEditBox "1" - "[MSAA, VisibleOnly]ControlType='Edit'"  &lt; Set via SendKeys &gt;
\0&lt;/a&gt;
W, 3504, 24, 2013/05/23, 18:38:41.741, 2902486816273, QTAgent32.exe, &lt;a class=success&gt;Playback - {185} [SUCCESS] MouseButtonClick - "[MSAA, VisibleOnly]ControlType='Button' &amp;&amp; Name='Ok'"
\0&lt;/a&gt;
W, 3504, 24, 2013/05/23, 18:38:42.171, 2902492968030, QTAgent32.exe, Playback - [WARNING] Internal warning: Window Not Found: [VisibleOnly]ControlType='Window' &amp;&amp; Name='Confirm' &amp;&amp; ClassName='#32770'
\0
E, 3504, 24, 2013/05/23, 18:38:42.171, 2902492971739, QTAgent32.exe, &lt;a class=failure&gt;Playback - {186} [FAILED] Function ElementFetcher::FindScreenElement failed to locate UI element (Searching: ;[VisibleOnly]ControlType='Window' &amp;&amp; Name='Confirm' &amp;&amp; ClassName='#32770') (The object specified was not found.)
\0&lt;/a&gt;
E, 3504, 24, 2013/05/23, 18:38:42.295, 2902494739417, QTAgent32.exe, Playback - [IMAGE] C:\Users\testuser\AppData\Local\Temp\UITestLogs\LastRun\RPF2C8D.png
\0
W, 3504, 24, 2013/05/23, 18:38:42.295, 2902494742360, QTAgent32.exe, Playback - [WARNING] Internal warning: Couldn't find descendants that match QueryId
\0
W, 3504, 24, 2013/05/23, 18:39:00.329, 2902752960256, QTAgent32.exe, Playback - [WARNING] Internal warning: Window Not Found: [VisibleOnly]ControlType='Window' &amp;&amp; Name='Confirm' &amp;&amp; ClassName='#32770'
\0
E, 3504, 24, 2013/05/23, 18:39:00.330, 2902752966646, QTAgent32.exe, &lt;a class=failure&gt;Playback - {187} [FAILED] Function ElementFetcher::FindScreenElement failed to locate UI element (Searching: ;[VisibleOnly]ControlType='Window' &amp;&amp; Name='Confirm' &amp;&amp; ClassName='#32770') (The object specified was not found.)
\0&lt;/a&gt;
E, 3504, 24, 2013/05/23, 18:39:00.424, 2902754322798, QTAgent32.exe, Playback - [IMAGE] C:\Users\testuser\AppData\Local\Temp\UITestLogs\LastRun\RPF737C.png
\0
W, 3504, 24, 2013/05/23, 18:39:00.425, 2902754325839, QTAgent32.exe, Playback - [WARNING] Internal warning: Couldn't find descendants that match QueryId
\0
W, 3504, 24, 2013/05/23, 18:39:00.425, 2902754333500, QTAgent32.exe, PERF WARNING: FindTopLevelWindowHelper::FindAllDescendents: took 18129 ms. Expected it to take maximum 500 ms.
W, 3504, 24, 2013/05/23, 18:39:00.965, 2902762069050, QTAgent32.exe, Playback - [WARNING] Internal warning: Smart Match failed
\0
W, 3504, 24, 2013/05/23, 18:39:01.371, 2902767870813, QTAgent32.exe, Playback - [WARNING] Internal warning: Smart Match failed
\0
W, 3504, 24, 2013/05/23, 18:39:01.804, 2902774083707, QTAgent32.exe, Playback - [WARNING] Internal warning: Smart Match failed
\0
W, 3504, 24, 2013/05/23, 18:39:02.230, 2902780171652, QTAgent32.exe, Playback - [WARNING] Internal warning: Smart Match failed
\0
W, 3504, 24, 2013/05/23, 18:39:02.660, 2902786323689, QTAgent32.exe, Playback - [WARNING] Internal warning: Smart Match failed
\0
W, 3504, 24, 2013/05/23, 18:39:03.093, 2902792523583, QTAgent32.exe, Playback - [WARNING] Internal warning: Smart Match failed
\0
W, 3504, 24, 2013/05/23, 18:39:03.517, 2902798607630, QTAgent32.exe, Playback - [WARNING] Internal warning: Smart Match failed
\0
W, 3504, 24, 2013/05/23, 18:39:03.810, 2902802802061, QTAgent32.exe, Playback - [WARNING] Internal warning: Window Not Found: [VisibleOnly]ControlType='Window' &amp;&amp; Name='Confirm' &amp;&amp; ClassName='#32770'
\0
E, 3504, 24, 2013/05/23, 18:39:03.811, 2902802805310, QTAgent32.exe, &lt;a class=failure&gt;Playback - {188} [FAILED] Function ElementFetcher::FindScreenElement failed to locate UI element (Searching: ;[VisibleOnly]ControlType='Window' &amp;&amp; Name='Confirm' &amp;&amp; ClassName='#32770') (The object specified was not found.)
\0&lt;/a&gt;
E, 3504, 24, 2013/05/23, 18:39:03.896, 2902804033759, QTAgent32.exe, Playback - [IMAGE] C:\Users\testuser\AppData\Local\Temp\UITestLogs\LastRun\RPF8114.png
\0
W, 3504, 24, 2013/05/23, 18:39:03.897, 2902804036213, QTAgent32.exe, Playback - [WARNING] Internal warning: Couldn't find descendants that match QueryId
\0
W, 3504, 24, 2013/05/23, 18:39:03.897, 2902804039135, QTAgent32.exe, PERF WARNING: FindTopLevelWindowHelper::FindAllDescendents: took 3471 ms. Expected it to take maximum 500 ms.
E, 3504, 24, 2013/05/23, 18:39:03.897, 2902804041060, QTAgent32.exe, Exception: System.Runtime.InteropServices.COMException
	Message: Error HRESULT E_FAIL has been returned from a call to a COM component.
	Stack Trace:    at Microsoft.VisualStudio.TestTools.UITest.Playback.Engine.IRPFPlayback.FindAllScreenElements(IScreenElement pScreenElementStart, String bstrQueryId, Object&amp; pvarResKeys, Int32 cResKeys, Int32 nMaxDepth, Object[]&amp; foundDescendants)
   at Microsoft.VisualStudio.TestTools.UITest.Playback.ScreenElement.FindTopLevelWindowHelper(String queryId)
	BaseExceptionMessage: Error HRESULT E_FAIL has been returned from a call to a COM component.

E, 3504, 24, 2013/05/23, 18:39:03.998, 2902805493147, QTAgent32.exe, AL: Playback Error: Microsoft.VisualStudio.TestTools.UITest.Extension.UITestControlNotFoundException: The playback failed to find the control with the given search properties. Additional Details: 
TechnologyName:  'MSAA'
ControlType:  'Window'
Name:  'Confirm'
ClassName:  '#32770'
 ---&gt; System.Runtime.InteropServices.COMException: Error HRESULT E_FAIL has been returned from a call to a COM component.
   at Microsoft.VisualStudio.TestTools.UITest.Playback.Engine.IRPFPlayback.FindAllScreenElements(IScreenElement pScreenElementStart, String bstrQueryId, Object&amp; pvarResKeys, Int32 cResKeys, Int32 nMaxDepth, Object[]&amp; foundDescendants)
   at Microsoft.VisualStudio.TestTools.UITest.Playback.ScreenElement.FindTopLevelWindowHelper(String queryId)
   at Microsoft.VisualStudio.TestTools.UITest.Playback.ScreenElement.FindFromPartialQueryId(String queryId)
   at Microsoft.VisualStudio.TestTools.UITesting.UITestControl..ctor(String queryId)
   --- End of inner exception stack trace ---
   at Microsoft.VisualStudio.TestTools.UITesting.Playback.MapControlNotFoundException(COMException ex, IPlaybackContext context)
   at Microsoft.VisualStudio.TestTools.UITesting.Playback.MapAndThrowComException(COMException innerException, IPlaybackContext context)
   at Microsoft.VisualStudio.TestTools.UITesting.Playback.MapAndThrowException(SystemException exception, IPlaybackContext context)
   at Microsoft.VisualStudio.TestTools.UITesting.Playback.MapAndThrowException(SystemException exception, String queryId)
   at Microsoft.VisualStudio.TestTools.UITesting.UITestControl..ctor(String queryId)
   at Microsoft.VisualStudio.TestTools.UITesting.SearchHelper.SearchTopLevelWindow(ISearchArgument topLevelSearchArg, String topLevelElementQueryId)
   at Microsoft.VisualStudio.TestTools.UITesting.SearchHelper.GetTitleUpdatedTopLevelWindow(ISearchArgument topLevelSearchArg, String queryId, IList`1 windowTitles)
   at Microsoft.VisualStudio.TestTools.UITesting.SearchHelper.GetTopLevelElement(Boolean useCache, Boolean useCacheOnly, ISearchArgument searchArg, IList`1 windowTitles, Int32&amp; timeLeft)
   at Microsoft.VisualStudio.TestTools.UITesting.SearchHelper.GetElement(Boolean useCache, ISearchArgument searchArg)
   at Microsoft.VisualStudio.TestTools.UITesting.SearchHelper.Search(ISearchArgument searchArg)
   at Microsoft.VisualStudio.TestTools.UITesting.UITestControl.FindInternal()
   at Microsoft.VisualStudio.TestTools.UITesting.UITestControl.FindControlIfNecessary()
   at Microsoft.VisualStudio.TestTools.UITesting.UITestControl.Click(MouseButtons button, ModifierKeys modifierKeys, Point relativeCoordinates)
   at Microsoft.VisualStudio.TestTools.UITesting.Mouse.ClickImplementation(UITestControl control, MouseButtons button, ModifierKeys modifierKeys, Point relativeCoordinate)
   at Microsoft.VisualStudio.TestTools.UITesting.Mouse.ClickImplementationWrapper(UITestControl control, MouseButtons button, ModifierKeys modifierKeys, Point relativeCoordinate)
W, 3504, 24, 2013/05/23, 18:39:03.999, 2902805496463, QTAgent32.exe, PlaybackErrorHandler: Ignoring exception as ContinueOnError is set.
W, 3504, 24, 2013/05/23, 18:39:04.297, 2902809775986, QTAgent32.exe, Playback - [WARNING] Internal warning: Window Not Found: [VisibleOnly]ControlType='Window' &amp;&amp; Name='Personal Lines' &amp;&amp; ClassName='#32770'
\0
E, 3504, 24, 2013/05/23, 18:39:04.298, 2902809779461, QTAgent32.exe, &lt;a class=failure&gt;Playback - {189} [FAILED] Function ElementFetcher::FindScreenElement failed to locate UI element (Searching: ;[VisibleOnly]ControlType='Window' &amp;&amp; Name='Personal Lines' &amp;&amp; ClassName='#32770') (The object specified was not found.)
\0&lt;/a&gt;
E, 3504, 24, 2013/05/23, 18:39:04.389, 2902811087901, QTAgent32.exe, Playback - [IMAGE] C:\Users\testuser\AppData\Local\Temp\UITestLogs\LastRun\RPF8308.png
\0
W, 3504, 24, 2013/05/23, 18:39:04.389, 2902811090394, QTAgent32.exe, Playback - [WARNING] Internal warning: Couldn't find descendants that match QueryId
\0
W, 3504, 24, 2013/05/23, 18:39:22.417, 2903069217878, QTAgent32.exe, Playback - [WARNING] Internal warning: Window Not Found: [VisibleOnly]ControlType='Window' &amp;&amp; Name='Personal Lines' &amp;&amp; ClassName='#32770'
\0
E, 3504, 24, 2013/05/23, 18:39:22.418, 2903069222241, QTAgent32.exe, &lt;a class=failure&gt;Playback - {190} [FAILED] Function ElementFetcher::FindScreenElement failed to locate UI element (Searching: ;[VisibleOnly]ControlType='Window' &amp;&amp; Name='Personal Lines' &amp;&amp; ClassName='#32770') (The object specified was not found.)
\0&lt;/a&gt;
E, 3504, 24, 2013/05/23, 18:39:22.509, 2903070534357, QTAgent32.exe, Playback - [IMAGE] C:\Users\testuser\AppData\Local\Temp\UITestLogs\LastRun\RPFC9C9.png
\0
W, 3504, 24, 2013/05/23, 18:39:22.509, 2903070536724, QTAgent32.exe, Playback - [WARNING] Internal warning: Couldn't find descendants that match QueryId
\0
W, 3504, 24, 2013/05/23, 18:39:22.510, 2903070540054, QTAgent32.exe, PERF WARNING: FindTopLevelWindowHelper::FindAllDescendents: took 18119 ms. Expected it to take maximum 500 ms.
W, 3504, 24, 2013/05/23, 18:39:23.051, 2903078297496, QTAgent32.exe, Playback - [WARNING] Internal warning: Smart Match failed
\0
W, 3504, 24, 2013/05/23, 18:39:23.476, 2903084375030, QTAgent32.exe, Playback - [WARNING] Internal warning: Smart Match failed
\0
W, 3504, 24, 2013/05/23, 18:39:23.876, 2903090109383, QTAgent32.exe, Playback - [WARNING] Internal warning: Smart Match failed
\0
W, 3504, 24, 2013/05/23, 18:39:24.270, 2903095750052, QTAgent32.exe, Playback - [WARNING] Internal warning: Smart Match failed
\0
W, 3504, 24, 2013/05/23, 18:39:24.681, 2903101637937, QTAgent32.exe, Playback - [WARNING] Internal warning: Smart Match failed
\0
W, 3504, 24, 2013/05/23, 18:39:25.122, 2903107944701, QTAgent32.exe, Playback - [WARNING] Internal warning: Smart Match failed
\0
W, 3504, 24, 2013/05/23, 18:39:25.554, 2903114133088, QTAgent32.exe, Playback - [WARNING] Internal warning: Smart Match failed
\0
W, 3504, 24, 2013/05/23, 18:39:25.862, 2903118545337, QTAgent32.exe, Playback - [WARNING] Internal warning: Window Not Found: [VisibleOnly]ControlType='Window' &amp;&amp; Name='Personal Lines' &amp;&amp; ClassName='#32770'
\0
E, 3504, 24, 2013/05/23, 18:39:25.862, 2903118548884, QTAgent32.exe, &lt;a class=failure&gt;Playback - {191} [FAILED] Function ElementFetcher::FindScreenElement failed to locate UI element (Searching: ;[VisibleOnly]ControlType='Window' &amp;&amp; Name='Personal Lines' &amp;&amp; ClassName='#32770') (The object specified was not found.)
\0&lt;/a&gt;
E, 3504, 24, 2013/05/23, 18:39:25.949, 2903119784333, QTAgent32.exe, Playback - [IMAGE] C:\Users\testuser\AppData\Local\Temp\UITestLogs\LastRun\RPFD742.png
\0
W, 3504, 24, 2013/05/23, 18:39:25.949, 2903119786816, QTAgent32.exe, Playback - [WARNING] Internal warning: Couldn't find descendants that match QueryId
\0
W, 3504, 24, 2013/05/23, 18:39:25.949, 2903119794227, QTAgent32.exe, PERF WARNING: FindTopLevelWindowHelper::FindAllDescendents: took 3439 ms. Expected it to take maximum 500 ms.
E, 3504, 24, 2013/05/23, 18:39:25.949, 2903119796711, QTAgent32.exe, Exception: System.Runtime.InteropServices.COMException
	Message: Error HRESULT E_FAIL has been returned from a call to a COM component.
	Stack Trace:    at Microsoft.VisualStudio.TestTools.UITest.Playback.Engine.IRPFPlayback.FindAllScreenElements(IScreenElement pScreenElementStart, String bstrQueryId, Object&amp; pvarResKeys, Int32 cResKeys, Int32 nMaxDepth, Object[]&amp; foundDescendants)
   at Microsoft.VisualStudio.TestTools.UITest.Playback.ScreenElement.FindTopLevelWindowHelper(String queryId)
	BaseExceptionMessage: Error HRESULT E_FAIL has been returned from a call to a COM component.

E, 3504, 24, 2013/05/23, 18:39:25.950, 2903119804969, QTAgent32.exe, Window 2034174 not responding. Last Win32 error 0
E, 3504, 24, 2013/05/23, 18:39:25.950, 2903119806546, QTAgent32.exe, GetClassName for handle 2034174 failed
E, 3504, 24, 2013/05/23, 18:39:25.950, 2903119811870, QTAgent32.exe, Window 2099750 not responding. Last Win32 error 1400
E, 3504, 24, 2013/05/23, 18:39:25.951, 2903119813000, QTAgent32.exe, GetClassName for handle 2099750 failed
E, 3504, 24, 2013/05/23, 18:39:26.051, 2903121252184, QTAgent32.exe, AL: Playback Error: Microsoft.VisualStudio.TestTools.UITest.Extension.UITestControlNotAvailableException: The control is not available or not valid. Additional Details: 
TechnologyName:  'MSAA'
Name:  'OK'
ControlType:  'Button'
 ---&gt; Microsoft.VisualStudio.TestTools.UITest.Extension.UITestControlNotAvailableException: The control is not available or not valid. Additional Details: 
TechnologyName:  'MSAA'
ControlType:  'Window'
 ---&gt; System.Runtime.InteropServices.COMException: Error HRESULT E_FAIL has been returned from a call to a COM component.
   at Microsoft.VisualStudio.TestTools.UITest.Playback.Engine.IRPFPlayback.FindAllScreenElements(IScreenElement pScreenElementStart, String bstrQueryId, Object&amp; pvarResKeys, Int32 cResKeys, Int32 nMaxDepth, Object[]&amp; foundDescendants)
   at Microsoft.VisualStudio.TestTools.UITest.Playback.ScreenElement.FindTopLevelWindowHelper(String queryId)
   at Microsoft.VisualStudio.TestTools.UITest.Playback.ScreenElement.FindFromPartialQueryId(String queryId)
   at Microsoft.VisualStudio.TestTools.UITesting.UITestControl.EnsureValid(Boolean waitForReady, Boolean refetch)
   --- End of inner exception stack trace ---
   at Microsoft.VisualStudio.TestTools.UITesting.UITestControl.EnsureValid(Boolean waitForReady, Boolean refetch)
   at Microsoft.VisualStudio.TestTools.UITesting.UITestControl.FindFirstDescendant(String queryId, Int32 maxDepth, Int32&amp; timeLeft)
   at Microsoft.VisualStudio.TestTools.UITesting.UITestControl.FindFirstDescendant(String queryId)
   at Microsoft.VisualStudio.TestTools.UITesting.UITestControl.EnsureValid(Boolean waitForReady, Boolean refetch)
   --- End of inner exception stack trace ---
   at Microsoft.VisualStudio.TestTools.UITesting.UITestControl.EnsureValid(Boolean waitForReady, Boolean refetch)
   at Microsoft.VisualStudio.TestTools.UITesting.UITestControl.Click(MouseButtons button, ModifierKeys modifierKeys, Point relativeCoordinates)
   at Microsoft.VisualStudio.TestTools.UITesting.Mouse.ClickImplementation(UITestControl control, MouseButtons button, ModifierKeys modifierKeys, Point relativeCoordinate)
   at Microsoft.VisualStudio.TestTools.UITesting.Mouse.ClickImplementationWrapper(UITestControl control, MouseButtons button, ModifierKeys modifierKeys, Point relativeCoordinate)
W, 3504, 24, 2013/05/23, 18:39:26.051, 2903121255168, QTAgent32.exe, PlaybackErrorHandler: Ignoring exception as ContinueOnError is set.
W, 3504, 24, 2013/05/23, 18:39:26.354, 2903125587974, QTAgent32.exe, Playback - [WARNING] Internal warning: Window Not Found: [VisibleOnly]ControlType='Window' &amp;&amp; Name='Policies Auto-Renewed &amp; Auto-Lapsed' &amp;&amp; ClassName='ThunderRT6FormDC'
\0
E, 3504, 24, 2013/05/23, 18:39:26.355, 2903125591560, QTAgent32.exe, &lt;a class=failure&gt;Playback - {192} [FAILED] Function ElementFetcher::FindScreenElement failed to locate UI element (Searching: ;[VisibleOnly]ControlType='Window' &amp;&amp; Name='Policies Auto-Renewed &amp; Auto-Lapsed' &amp;&amp; ClassName='ThunderRT6FormDC') (The object specified was not found.)
\0&lt;/a&gt;
E, 3504, 24, 2013/05/23, 18:39:26.443, 2903126863161, QTAgent32.exe, Playback - [IMAGE] C:\Users\testuser\AppData\Local\Temp\UITestLogs\LastRun\RPFD936.png
\0
W, 3504, 24, 2013/05/23, 18:39:26.444, 2903126865989, QTAgent32.exe, Playback - [WARNING] Internal warning: Couldn't find descendants that match QueryId
\0
W, 3504, 24, 2013/05/23, 18:39:44.507, 2903385512274, QTAgent32.exe, Playback - [WARNING] Internal warning: Window Not Found: [VisibleOnly]ControlType='Window' &amp;&amp; Name='Policies Auto-Renewed &amp; Auto-Lapsed' &amp;&amp; ClassName='ThunderRT6FormDC'
\0
E, 3504, 24, 2013/05/23, 18:39:44.508, 2903385519416, QTAgent32.exe, &lt;a class=failure&gt;Playback - {193} [FAILED] Function ElementFetcher::FindScreenElement failed to locate UI element (Searching: ;[VisibleOnly]ControlType='Window' &amp;&amp; Name='Policies Auto-Renewed &amp; Auto-Lapsed' &amp;&amp; ClassName='ThunderRT6FormDC') (The object specified was not found.)
\0&lt;/a&gt;
E, 3504, 24, 2013/05/23, 18:39:44.597, 2903386797610, QTAgent32.exe, Playback - [IMAGE] C:\Users\testuser\AppData\Local\Temp\UITestLogs\LastRun\RPF2016.png
\0
W, 3504, 24, 2013/05/23, 18:39:44.597, 2903386800150, QTAgent32.exe, Playback - [WARNING] Internal warning: Couldn't find descendants that match QueryId
\0
W, 3504, 24, 2013/05/23, 18:39:44.598, 2903386808252, QTAgent32.exe, PERF WARNING: FindTopLevelWindowHelper::FindAllDescendents: took 18154 ms. Expected it to take maximum 500 ms.
W, 3504, 24, 2013/05/23, 18:39:45.142, 2903394593538, QTAgent32.exe, Playback - [WARNING] Internal warning: Smart Match failed
\0
W, 3504, 24, 2013/05/23, 18:39:45.598, 2903401127313, QTAgent32.exe, Playback - [WARNING] Internal warning: Smart Match failed
\0
W, 3504, 24, 2013/05/23, 18:39:46.024, 2903407227871, QTAgent32.exe, Playback - [WARNING] Internal warning: Smart Match failed
\0
W, 3504, 24, 2013/05/23, 18:39:46.445, 2903413247081, QTAgent32.exe, Playback - [WARNING] Internal warning: Smart Match failed
\0
W, 3504, 24, 2013/05/23, 18:39:46.843, 2903418955550, QTAgent32.exe, Playback - [WARNING] Internal warning: Smart Match failed
\0
W, 3504, 24, 2013/05/23, 18:39:47.237, 2903424587867, QTAgent32.exe, Playback - [WARNING] Internal warning: Smart Match failed
\0
W, 3504, 24, 2013/05/23, 18:39:47.632, 2903430246820, QTAgent32.exe, Playback - [WARNING] Internal warning: Smart Match failed
\0
W, 3504, 24, 2013/05/23, 18:39:47.901, 2903434097678, QTAgent32.exe, Playback - [WARNING] Internal warning: Window Not Found: [VisibleOnly]ControlType='Window' &amp;&amp; Name='Policies Auto-Renewed &amp; Auto-Lapsed' &amp;&amp; ClassName='ThunderRT6FormDC'
\0
E, 3504, 24, 2013/05/23, 18:39:47.901, 2903434100404, QTAgent32.exe, &lt;a class=failure&gt;Playback - {194} [FAILED] Function ElementFetcher::FindScreenElement failed to locate UI element (Searching: ;[VisibleOnly]ControlType='Window' &amp;&amp; Name='Policies Auto-Renewed &amp; Auto-Lapsed' &amp;&amp; ClassName='ThunderRT6FormDC') (The object specified was not found.)
\0&lt;/a&gt;
E, 3504, 24, 2013/05/23, 18:39:47.989, 2903435357534, QTAgent32.exe, Playback - [IMAGE] C:\Users\testuser\AppData\Local\Temp\UITestLogs\LastRun\RPF2D60.png
\0
W, 3504, 24, 2013/05/23, 18:39:47.989, 2903435359710, QTAgent32.exe, Playback - [WARNING] Internal warning: Couldn't find descendants that match QueryId
\0
W, 3504, 24, 2013/05/23, 18:39:47.989, 2903435362774, QTAgent32.exe, PERF WARNING: FindTopLevelWindowHelper::FindAllDescendents: took 3390 ms. Expected it to take maximum 500 ms.
E, 3504, 24, 2013/05/23, 18:39:47.989, 2903435364735, QTAgent32.exe, Exception: System.Runtime.InteropServices.COMException
	Message: Error HRESULT E_FAIL has been returned from a call to a COM component.
	Stack Trace:    at Microsoft.VisualStudio.TestTools.UITest.Playback.Engine.IRPFPlayback.FindAllScreenElements(IScreenElement pScreenElementStart, String bstrQueryId, Object&amp; pvarResKeys, Int32 cResKeys, Int32 nMaxDepth, Object[]&amp; foundDescendants)
   at Microsoft.VisualStudio.TestTools.UITest.Playback.ScreenElement.FindTopLevelWindowHelper(String queryId)
	BaseExceptionMessage: Error HRESULT E_FAIL has been returned from a call to a COM component.

E, 3504, 24, 2013/05/23, 18:39:48.090, 2903436806634, QTAgent32.exe, AL: Playback Error: Microsoft.VisualStudio.TestTools.UITest.Extension.UITestControlNotFoundException: The playback failed to find the control with the given search properties. Additional Details: 
TechnologyName:  'MSAA'
ControlType:  'Window'
Name:  'Policies Auto-Renewed &amp; Auto-Lapsed'
ClassName:  'ThunderRT6FormDC'
 ---&gt; System.Runtime.InteropServices.COMException: Error HRESULT E_FAIL has been returned from a call to a COM component.
   at Microsoft.VisualStudio.TestTools.UITest.Playback.Engine.IRPFPlayback.FindAllScreenElements(IScreenElement pScreenElementStart, String bstrQueryId, Object&amp; pvarResKeys, Int32 cResKeys, Int32 nMaxDepth, Object[]&amp; foundDescendants)
   at Microsoft.VisualStudio.TestTools.UITest.Playback.ScreenElement.FindTopLevelWindowHelper(String queryId)
   at Microsoft.VisualStudio.TestTools.UITest.Playback.ScreenElement.FindFromPartialQueryId(String queryId)
   at Microsoft.VisualStudio.TestTools.UITesting.UITestControl..ctor(String queryId)
   --- End of inner exception stack trace ---
   at Microsoft.VisualStudio.TestTools.UITesting.Playback.MapControlNotFoundException(COMException ex, IPlaybackContext context)
   at Microsoft.VisualStudio.TestTools.UITesting.Playback.MapAndThrowComException(COMException innerException, IPlaybackContext context)
   at Microsoft.VisualStudio.TestTools.UITesting.Playback.MapAndThrowException(SystemException exception, IPlaybackContext context)
   at Microsoft.VisualStudio.TestTools.UITesting.Playback.MapAndThrowException(SystemException exception, String queryId)
   at Microsoft.VisualStudio.TestTools.UITesting.UITestControl..ctor(String queryId)
   at Microsoft.VisualStudio.TestTools.UITesting.SearchHelper.SearchTopLevelWindow(ISearchArgument topLevelSearchArg, String topLevelElementQueryId)
   at Microsoft.VisualStudio.TestTools.UITesting.SearchHelper.GetTitleUpdatedTopLevelWindow(ISearchArgument topLevelSearchArg, String queryId, IList`1 windowTitles)
   at Microsoft.VisualStudio.TestTools.UITesting.SearchHelper.GetTopLevelElement(Boolean useCache, Boolean useCacheOnly, ISearchArgument searchArg, IList`1 windowTitles, Int32&amp; timeLeft)
   at Microsoft.VisualStudio.TestTools.UITesting.SearchHelper.GetElement(Boolean useCache, ISearchArgument searchArg)
   at Microsoft.VisualStudio.TestTools.UITesting.SearchHelper.Search(ISearchArgument searchArg)
   at Microsoft.VisualStudio.TestTools.UITesting.UITestControl.FindInternal()
   at Microsoft.VisualStudio.TestTools.UITesting.UITestControl.FindControlIfNecessary()
   at Microsoft.VisualStudio.TestTools.UITesting.UITestControl.Click(MouseButtons button, ModifierKeys modifierKeys, Point relativeCoordinates)
   at Microsoft.VisualStudio.TestTools.UITesting.Mouse.ClickImplementation(UITestControl control, MouseButtons button, ModifierKeys modifierKeys, Point relativeCoordinate)
   at Microsoft.VisualStudio.TestTools.UITesting.Mouse.ClickImplementationWrapper(UITestControl control, MouseButtons button, ModifierKeys modifierKeys, Point relativeCoordinate)
W, 3504, 24, 2013/05/23, 18:39:48.090, 2903436809698, QTAgent32.exe, PlaybackErrorHandler: Ignoring exception as ContinueOnError is set.
W, 3504, 24, 2013/05/23, 18:39:48.323, 2903440140215, QTAgent32.exe, &lt;a class=success&gt;Playback - {195} [SUCCESS] MouseButtonClick - "[MSAA, VisibleOnly]ControlType='Button' &amp;&amp; Name='EDI Match...'"
\0&lt;/a&gt;
W, 3504, 24, 2013/05/23, 18:39:48.574, 2903443739020, QTAgent32.exe, &lt;a class=success&gt;Playback - {196} [SUCCESS] MouseButtonClick - "[MSAA, VisibleOnly]ControlType='Button' &amp;&amp; Name='Ok'"
\0&lt;/a&gt;
W, 3504, 24, 2013/05/23, 18:39:51.345, 2903483410933, QTAgent32.exe, PERF WARNING: FindTopLevelWindowHelper::FindAllDescendents: took 2669 ms. Expected it to take maximum 500 ms.
W, 3504, 24, 2013/05/23, 18:39:51.489, 2903485472624, QTAgent32.exe, &lt;a class=success&gt;Playback - {197} [SUCCESS] MouseButtonClick - "[MSAA, VisibleOnly]ControlType='Button' &amp;&amp; Name='OK'"
\0&lt;/a&gt;
W, 3504, 24, 2013/05/23, 18:39:53.100, 2903508538603, QTAgent32.exe, Playback - [WARNING] Internal warning: Element "[MSAA, VisibleOnly]ControlType='Window' &amp;&amp; ControlId='5'" was not found, so all intermediate elements were ignored. To improve performance replace this element Id with another Id or exclude it from QueryId. If this element is the target element, replace or remove intermediate elements
\0
W, 3504, 24, 2013/05/23, 18:39:55.652, 2903545079093, QTAgent32.exe, Playback - [WARNING] Internal warning:Search failure: &lt;[MSAA, VisibleOnly]ControlType='Window' &amp;&amp; ControlId='32768'&gt; | Performed (4) search retries, UI element not found
\0
E, 3504, 24, 2013/05/23, 18:39:55.652, 2903545083722, QTAgent32.exe, &lt;a class=failure&gt;Playback - {198} [FAILED] Function ElementFetcher::FindScreenElement failed to locate UI element (Searching: ;[MSAA, VisibleOnly]ControlType='Window' &amp;&amp; ControlId='32768';[MSAA, VisibleOnly]ControlType='Window' &amp;&amp; ControlId='5';[MSAA, VisibleOnly]ControlType='Button' &amp;&amp; Name='Log and Clear') (The object specified was not found.)
\0&lt;/a&gt;
E, 3504, 24, 2013/05/23, 18:39:55.738, 2903546315775, QTAgent32.exe, Playback - [IMAGE] C:\Users\testuser\AppData\Local\Temp\UITestLogs\LastRun\RPF4BAA.png
\0
W, 3504, 24, 2013/05/23, 18:39:55.738, 2903546318028, QTAgent32.exe, Playback - [WARNING] Internal warning: Couldn't find descendants that match QueryId
\0
W, 3504, 24, 2013/05/23, 18:39:55.746, 2903546424669, QTAgent32.exe, PERF WARNING: FindAllDescendents: took 4150 ms. Expected it to take maximum 500 ms.
E, 3504, 24, 2013/05/23, 18:39:55.865, 2903548128339, QTAgent32.exe, AL: Playback Error: Microsoft.VisualStudio.TestTools.UITest.Extension.UITestControlNotFoundException: The playback failed to find the control with the given search properties. Additional Details: 
TechnologyName:  'MSAA'
ControlType:  'Button'
Name:  'Log and Clear'
 ---&gt; System.Runtime.InteropServices.COMException: Error HRESULT E_FAIL has been returned from a call to a COM component.
   at Microsoft.VisualStudio.TestTools.UITest.Playback.Engine.IScreenElement.FindAllDescendants(String bstrQueryId, Object&amp; pvarResKeys, Int32 cResKeys, Int32 nMaxDepth)
   at Microsoft.VisualStudio.TestTools.UITest.Playback.ScreenElement.FindAllScreenElement(String queryId, Int32 depth, Boolean singleQueryId, Boolean throwException)
   at Microsoft.VisualStudio.TestTools.UITest.Playback.ScreenElement.FindScreenElement(String queryId, Int32 depth)
   at Microsoft.VisualStudio.TestTools.UITesting.UITestControl.FindFirstDescendant(String queryId, Int32 maxDepth, Int32&amp; timeLeft)
   --- End of inner exception stack trace ---
   at Microsoft.VisualStudio.TestTools.UITesting.Playback.MapControlNotFoundException(COMException ex, IPlaybackContext context)
   at Microsoft.VisualStudio.TestTools.UITesting.Playback.MapAndThrowComException(COMException innerException, IPlaybackContext context)
   at Microsoft.VisualStudio.TestTools.UITesting.Playback.MapAndThrowException(SystemException exception, IPlaybackContext context)
   at Microsoft.VisualStudio.TestTools.UITesting.Playback.MapAndThrowException(SystemException exception, String queryId)
   at Microsoft.VisualStudio.TestTools.UITesting.UITestControl.FindFirstDescendant(String queryId, Int32 maxDepth, Int32&amp; timeLeft)
   at Microsoft.VisualStudio.TestTools.UITesting.SearchHelper.GetElement(Boolean useCache, ISearchArgument searchArg)
   at Microsoft.VisualStudio.TestTools.UITesting.SearchHelper.Search(ISearchArgument searchArg)
   at Microsoft.VisualStudio.TestTools.UITesting.UITestControl.FindInternal()
   at Microsoft.VisualStudio.TestTools.UITesting.UITestControl.FindControlIfNecessary()
   at Microsoft.VisualStudio.TestTools.UITesting.UITestControl.Click(MouseButtons button, ModifierKeys modifierKeys, Point relativeCoordinates)
   at Microsoft.VisualStudio.TestTools.UITesting.Mouse.ClickImplementation(UITestControl control, MouseButtons button, ModifierKeys modifierKeys, Point relativeCoordinate)
   at Microsoft.VisualStudio.TestTools.UITesting.Mouse.ClickImplementationWrapper(UITestControl control, MouseButtons button, ModifierKeys modifierKeys, Point relativeCoordinate)
W, 3504, 24, 2013/05/23, 18:39:55.865, 2903548131314, QTAgent32.exe, PlaybackErrorHandler: Ignoring exception as ContinueOnError is set.
W, 3504, 24, 2013/05/23, 18:39:56.181, 2903552661767, QTAgent32.exe, Playback - [WARNING] Internal warning: Window Not Found: [VisibleOnly]ControlType='Window' &amp;&amp; Name='Personal Lines' &amp;&amp; ClassName='#32770'
\0
E, 3504, 24, 2013/05/23, 18:39:56.182, 2903552664922, QTAgent32.exe, &lt;a class=failure&gt;Playback - {199} [FAILED] Function ElementFetcher::FindScreenElement failed to locate UI element (Searching: ;[VisibleOnly]ControlType='Window' &amp;&amp; Name='Personal Lines' &amp;&amp; ClassName='#32770') (The object specified was not found.)
\0&lt;/a&gt;
E, 3504, 24, 2013/05/23, 18:39:56.270, 2903553923442, QTAgent32.exe, Playback - [IMAGE] C:\Users\testuser\AppData\Local\Temp\UITestLogs\LastRun\RPF4DBD.png
\0
W, 3504, 24, 2013/05/23, 18:39:56.270, 2903553925787, QTAgent32.exe, Playback - [WARNING] Internal warning: Couldn't find descendants that match QueryId
\0
W, 3504, 24, 2013/05/23, 18:40:14.273, 2903811699507, QTAgent32.exe, Playback - [WARNING] Internal warning: Window Not Found: [VisibleOnly]ControlType='Window' &amp;&amp; Name='Personal Lines' &amp;&amp; ClassName='#32770'
\0
E, 3504, 24, 2013/05/23, 18:40:14.274, 2903811707027, QTAgent32.exe, &lt;a class=failure&gt;Playback - {200} [FAILED] Function ElementFetcher::FindScreenElement failed to locate UI element (Searching: ;[VisibleOnly]ControlType='Window' &amp;&amp; Name='Personal Lines' &amp;&amp; ClassName='#32770') (The object specified was not found.)
\0&lt;/a&gt;
E, 3504, 24, 2013/05/23, 18:40:14.355, 2903812873892, QTAgent32.exe, Playback - [IMAGE] C:\Users\testuser\AppData\Local\Temp\UITestLogs\LastRun\RPF945F.png
\0
W, 3504, 24, 2013/05/23, 18:40:14.355, 2903812876335, QTAgent32.exe, Playback - [WARNING] Internal warning: Couldn't find descendants that match QueryId
\0
W, 3504, 24, 2013/05/23, 18:40:14.356, 2903812884322, QTAgent32.exe, PERF WARNING: FindTopLevelWindowHelper::FindAllDescendents: took 18085 ms. Expected it to take maximum 500 ms.
W, 3504, 24, 2013/05/23, 18:40:14.886, 2903820479722, QTAgent32.exe, Playback - [WARNING] Internal warning: Smart Match failed
\0
W, 3504, 24, 2013/05/23, 18:40:15.286, 2903826208510, QTAgent32.exe, Playback - [WARNING] Internal warning: Smart Match failed
\0
W, 3504, 24, 2013/05/23, 18:40:15.727, 2903832512919, QTAgent32.exe, Playback - [WARNING] Internal warning: Smart Match failed
\0
W, 3504, 24, 2013/05/23, 18:40:16.145, 2903838507380, QTAgent32.exe, Playback - [WARNING] Internal warning: Smart Match failed
\0
W, 3504, 24, 2013/05/23, 18:40:16.570, 2903844597072, QTAgent32.exe, Playback - [WARNING] Internal warning: Smart Match failed
\0
W, 3504, 24, 2013/05/23, 18:40:16.993, 2903850641916, QTAgent32.exe, Playback - [WARNING] Internal warning: Smart Match failed
\0
W, 3504, 24, 2013/05/23, 18:40:17.412, 2903856650491, QTAgent32.exe, Playback - [WARNING] Internal warning: Smart Match failed
\0
W, 3504, 24, 2013/05/23, 18:40:17.719, 2903861041748, QTAgent32.exe, Playback - [WARNING] Internal warning: Window Not Found: [VisibleOnly]ControlType='Window' &amp;&amp; Name='Personal Lines' &amp;&amp; ClassName='#32770'
\0
E, 3504, 24, 2013/05/23, 18:40:17.720, 2903861044989, QTAgent32.exe, &lt;a class=failure&gt;Playback - {201} [FAILED] Function ElementFetcher::FindScreenElement failed to locate UI element (Searching: ;[VisibleOnly]ControlType='Window' &amp;&amp; Name='Personal Lines' &amp;&amp; ClassName='#32770') (The object specified was not found.)
\0&lt;/a&gt;
E, 3504, 24, 2013/05/23, 18:40:17.798, 2903862171128, QTAgent32.exe, Playback - [IMAGE] C:\Users\testuser\AppData\Local\Temp\UITestLogs\LastRun\RPFA1D7.png
\0
W, 3504, 24, 2013/05/23, 18:40:17.798, 2903862173648, QTAgent32.exe, Playback - [WARNING] Internal warning: Couldn't find descendants that match QueryId
\0
W, 3504, 24, 2013/05/23, 18:40:17.799, 2903862177687, QTAgent32.exe, PERF WARNING: FindTopLevelWindowHelper::FindAllDescendents: took 3442 ms. Expected it to take maximum 500 ms.
E, 3504, 24, 2013/05/23, 18:40:17.799, 2903862179843, QTAgent32.exe, Exception: System.Runtime.InteropServices.COMException
	Message: Error HRESULT E_FAIL has been returned from a call to a COM component.
	Stack Trace:    at Microsoft.VisualStudio.TestTools.UITest.Playback.Engine.IRPFPlayback.FindAllScreenElements(IScreenElement pScreenElementStart, String bstrQueryId, Object&amp; pvarResKeys, Int32 cResKeys, Int32 nMaxDepth, Object[]&amp; foundDescendants)
   at Microsoft.VisualStudio.TestTools.UITest.Playback.ScreenElement.FindTopLevelWindowHelper(String queryId)
	BaseExceptionMessage: Error HRESULT E_FAIL has been returned from a call to a COM component.

E, 3504, 24, 2013/05/23, 18:40:17.799, 2903862186725, QTAgent32.exe, GetClassName for handle 3344302 failed
E, 3504, 24, 2013/05/23, 18:40:17.800, 2903862198070, QTAgent32.exe, Window 3344302 not responding. Last Win32 error 1400
E, 3504, 24, 2013/05/23, 18:40:17.800, 2903862199383, QTAgent32.exe, GetClassName for handle 3344302 failed
E, 3504, 24, 2013/05/23, 18:40:17.801, 2903862214931, QTAgent32.exe, GetClassName for handle 3737540 failed
E, 3504, 24, 2013/05/23, 18:40:17.802, 2903862231316, QTAgent32.exe, Window 3737540 not responding. Last Win32 error 1400
E, 3504, 24, 2013/05/23, 18:40:17.803, 2903862233264, QTAgent32.exe, GetClassName for handle 3737540 failed
E, 3504, 24, 2013/05/23, 18:40:17.903, 2903863672169, QTAgent32.exe, AL: Playback Error: Microsoft.VisualStudio.TestTools.UITest.Extension.UITestControlNotAvailableException: The control is not available or not valid. Additional Details: 
TechnologyName:  'MSAA'
ControlType:  'Button'
 ---&gt; Microsoft.VisualStudio.TestTools.UITest.Extension.UITestControlNotAvailableException: The control is not available or not valid. Additional Details: 
TechnologyName:  'MSAA'
ControlType:  'Window'
 ---&gt; System.Runtime.InteropServices.COMException: Error HRESULT E_FAIL has been returned from a call to a COM component.
   at Microsoft.VisualStudio.TestTools.UITest.Playback.Engine.IRPFPlayback.FindAllScreenElements(IScreenElement pScreenElementStart, String bstrQueryId, Object&amp; pvarResKeys, Int32 cResKeys, Int32 nMaxDepth, Object[]&amp; foundDescendants)
   at Microsoft.VisualStudio.TestTools.UITest.Playback.ScreenElement.FindTopLevelWindowHelper(String queryId)
   at Microsoft.VisualStudio.TestTools.UITest.Playback.ScreenElement.FindFromPartialQueryId(String queryId)
   at Microsoft.VisualStudio.TestTools.UITesting.UITestControl.EnsureValid(Boolean waitForReady, Boolean refetch)
   --- End of inner exception stack trace ---
   at Microsoft.VisualStudio.TestTools.UITesting.UITestControl.EnsureValid(Boolean waitForReady, Boolean refetch)
   at Microsoft.VisualStudio.TestTools.UITesting.UITestControl.FindFirstDescendant(String queryId, Int32 maxDepth, Int32&amp; timeLeft)
   at Microsoft.VisualStudio.TestTools.UITesting.UITestControl.FindFirstDescendant(String queryId)
   at Microsoft.VisualStudio.TestTools.UITesting.UITestControl.EnsureValid(Boolean waitForReady, Boolean refetch)
   --- End of inner exception stack trace ---
   at Microsoft.VisualStudio.TestTools.UITesting.UITestControl.EnsureValid(Boolean waitForReady, Boolean refetch)
   at Microsoft.VisualStudio.TestTools.UITesting.UITestControl.Click(MouseButtons button, ModifierKeys modifierKeys, Point relativeCoordinates)
   at Microsoft.VisualStudio.TestTools.UITesting.Mouse.ClickImplementation(UITestControl control, MouseButtons button, ModifierKeys modifierKeys, Point relativeCoordinate)
   at Microsoft.VisualStudio.TestTools.UITesting.Mouse.ClickImplementationWrapper(UITestControl control, MouseButtons button, ModifierKeys modifierKeys, Point relativeCoordinate)
W, 3504, 24, 2013/05/23, 18:40:17.903, 2903863674817, QTAgent32.exe, PlaybackErrorHandler: Ignoring exception as ContinueOnError is set.
W, 3504, 24, 2013/05/23, 18:40:18.081, 2903866227116, QTAgent32.exe, &lt;a class=success&gt;Playback - {202} [SUCCESS] MouseButtonClick - "[MSAA, VisibleOnly]ControlType='Button' &amp;&amp; Name='Filter...'"
\0&lt;/a&gt;
W, 3504, 24, 2013/05/23, 18:40:18.960, 2903878804879, QTAgent32.exe, &lt;a class=success&gt;Playback - {203} [SUCCESS] SendKeys "^{HOME}" - "[MSAA, VisibleOnly]ControlType='Edit'"
\0&lt;/a&gt;
E, 3504, 24, 2013/05/23, 18:40:18.960, 2903878807837, QTAgent32.exe, Msaa.GetFocusedElement: could not find accessible object of foreground window
W, 3504, 24, 2013/05/23, 18:40:19.027, 2903879763945, QTAgent32.exe, &lt;a class=success&gt;Playback - {204} [SUCCESS] SendKeys "^+{END}" - "[MSAA, VisibleOnly]ControlType='Edit'"
\0&lt;/a&gt;
E, 3504, 24, 2013/05/23, 18:40:19.027, 2903879766856, QTAgent32.exe, Msaa.GetFocusedElement: could not find accessible object of foreground window
W, 3504, 24, 2013/05/23, 18:40:19.042, 2903879979742, QTAgent32.exe, &lt;a class=success&gt;Playback - {205} [SUCCESS] SendKeys "{DELETE}" - "[MSAA, VisibleOnly]ControlType='Edit'"
\0&lt;/a&gt;
W, 3504, 24, 2013/05/23, 18:40:20.153, 2903895889188, QTAgent32.exe, &lt;a class=success&gt;Playback - {206} [SUCCESS] SetValueAsEditBox "30/05/13" - "[MSAA, VisibleOnly]ControlType='Edit'"  &lt; Set via SendKeys &gt;
\0&lt;/a&gt;
W, 3504, 24, 2013/05/23, 18:40:21.040, 2903908590066, QTAgent32.exe, &lt;a class=success&gt;Playback - {207} [SUCCESS] SendKeys "^{HOME}" - "[MSAA, VisibleOnly]ControlType='Edit'"
\0&lt;/a&gt;
E, 3504, 24, 2013/05/23, 18:40:21.040, 2903908593331, QTAgent32.exe, Msaa.GetFocusedElement: could not find accessible object of foreground window
W, 3504, 24, 2013/05/23, 18:40:21.105, 2903909520759, QTAgent32.exe, &lt;a class=success&gt;Playback - {208} [SUCCESS] SendKeys "^+{END}" - "[MSAA, VisibleOnly]ControlType='Edit'"
\0&lt;/a&gt;
E, 3504, 24, 2013/05/23, 18:40:21.105, 2903909524361, QTAgent32.exe, Msaa.GetFocusedElement: could not find accessible object of foreground window
W, 3504, 24, 2013/05/23, 18:40:21.122, 2903909767490, QTAgent32.exe, &lt;a class=success&gt;Playback - {209} [SUCCESS] SendKeys "{DELETE}" - "[MSAA, VisibleOnly]ControlType='Edit'"
\0&lt;/a&gt;
W, 3504, 24, 2013/05/23, 18:40:21.980, 2903922052332, QTAgent32.exe, &lt;a class=success&gt;Playback - {210} [SUCCESS] SetValueAsEditBox "30/05/13" - "[MSAA, VisibleOnly]ControlType='Edit'"  &lt; Set via SendKeys &gt;
\0&lt;/a&gt;
W, 3504, 24, 2013/05/23, 18:40:23.607, 2903945344668, QTAgent32.exe, Playback - [WARNING] Internal warning: Incorrect flag set for InvokeProgrammaticAction\0
W, 3504, 24, 2013/05/23, 18:40:23.728, 2903947072938, QTAgent32.exe, &lt;a class=success&gt;Playback - {211} [SUCCESS] SetValueAsComboBox "Household" - "[MSAA, VisibleOnly]ControlType='ComboBox'"  &lt; SetValueAsComboBox, set by clicking on the item in the list box &gt;
\0&lt;/a&gt;
W, 3504, 24, 2013/05/23, 18:40:24.013, 2903951163817, QTAgent32.exe, &lt;a class=success&gt;Playback - {212} [SUCCESS] MouseButtonClick - "[MSAA, VisibleOnly]ControlType='Button' &amp;&amp; Name='Ok'"
\0&lt;/a&gt;
W, 3504, 24, 2013/05/23, 18:40:24.296, 2903955214045, QTAgent32.exe, &lt;a class=success&gt;Playback - {213} [SUCCESS] MouseButtonClick - "[MSAA, VisibleOnly]ControlType='Client'"
\0&lt;/a&gt;
W, 3504, 24, 2013/05/23, 18:40:26.464, 2903986253982, QTAgent32.exe, &lt;a class=success&gt;Playback - {214} [SUCCESS] MouseButtonClick - "[MSAA, VisibleOnly]ControlType='Client'"
\0&lt;/a&gt;
W, 3504, 24, 2013/05/23, 18:40:27.264, 2903997712433, QTAgent32.exe, &lt;a class=success&gt;Playback - {215} [SUCCESS] SendKeys "{Home}" - "[MSAA, VisibleOnly]ControlType='Client'"
\0&lt;/a&gt;
W, 3504, 24, 2013/05/23, 18:40:27.495, 2904001015839, QTAgent32.exe, &lt;a class=success&gt;Playback - {216} [SUCCESS] MouseButtonClick - "[MSAA, VisibleOnly]ControlType='Button' &amp;&amp; Name='Display Record...'"
\0&lt;/a&gt;
W, 3504, 24, 2013/05/23, 18:40:27.754, 2904004725665, QTAgent32.exe, &lt;a class=success&gt;Playback - {217} [SUCCESS] MouseButtonClick - "[MSAA, VisibleOnly]ControlType='Button' &amp;&amp; Name='Invite'"
\0&lt;/a&gt;
W, 3504, 24, 2013/05/23, 18:40:27.995, 2904008178029, QTAgent32.exe, &lt;a class=success&gt;Playback - {218} [SUCCESS] MouseButtonClick - "[MSAA, VisibleOnly]ControlType='Button' &amp;&amp; Name='OK'"
\0&lt;/a&gt;
W, 3504, 24, 2013/05/23, 18:40:28.463, 2904014880265, QTAgent32.exe, &lt;a class=success&gt;Playback - {219} [SUCCESS] MouseButtonClick - "[MSAA, VisibleOnly]ControlType='Button' &amp;&amp; Name='Ok'"
\0&lt;/a&gt;
W, 3504, 24, 2013/05/23, 18:40:32.189, 2904068219401, QTAgent32.exe, Playback - [WARNING] Internal warning: Window Not Found: [VisibleOnly]ControlType='Window' &amp;&amp; Name='Personal Lines' &amp;&amp; ClassName='#32770'
\0
E, 3504, 24, 2013/05/23, 18:40:32.189, 2904068223017, QTAgent32.exe, &lt;a class=failure&gt;Playback - {220} [FAILED] Function ElementFetcher::FindScreenElement failed to locate UI element (Searching: ;[VisibleOnly]ControlType='Window' &amp;&amp; Name='Personal Lines' &amp;&amp; ClassName='#32770') (The object specified was not found.)
\0&lt;/a&gt;
E, 3504, 24, 2013/05/23, 18:40:32.306, 2904069896288, QTAgent32.exe, Playback - [IMAGE] C:\Users\testuser\AppData\Local\Temp\UITestLogs\LastRun\RPFDA65.png
\0
W, 3504, 24, 2013/05/23, 18:40:32.309, 2904069941064, QTAgent32.exe, Playback - [WARNING] Internal warning: Couldn't find descendants that match QueryId
\0
W, 3504, 24, 2013/05/23, 18:40:32.309, 2904069944000, QTAgent32.exe, PERF WARNING: FindTopLevelWindowHelper::FindAllDescendents: took 3745 ms. Expected it to take maximum 500 ms.
W, 3504, 24, 2013/05/23, 18:40:50.362, 2904328432465, QTAgent32.exe, Playback - [WARNING] Internal warning: Window Not Found: [VisibleOnly]ControlType='Window' &amp;&amp; Name='Personal Lines' &amp;&amp; ClassName='#32770'
\0
E, 3504, 24, 2013/05/23, 18:40:50.363, 2904328436217, QTAgent32.exe, &lt;a class=failure&gt;Playback - {221} [FAILED] Function ElementFetcher::FindScreenElement failed to locate UI element (Searching: ;[VisibleOnly]ControlType='Window' &amp;&amp; Name='Personal Lines' &amp;&amp; ClassName='#32770') (The object specified was not found.)
\0&lt;/a&gt;
E, 3504, 24, 2013/05/23, 18:40:50.452, 2904329712582, QTAgent32.exe, Playback - [IMAGE] C:\Users\testuser\AppData\Local\Temp\UITestLogs\LastRun\RPF2164.png
\0
W, 3504, 24, 2013/05/23, 18:40:50.452, 2904329714879, QTAgent32.exe, Playback - [WARNING] Internal warning: Couldn't find descendants that match QueryId
\0
W, 3504, 24, 2013/05/23, 18:40:50.482, 2904330147410, QTAgent32.exe, PERF WARNING: FindTopLevelWindowHelper::FindAllDescendents: took 18172 ms. Expected it to take maximum 500 ms.
W, 3504, 24, 2013/05/23, 18:40:51.008, 2904337674072, QTAgent32.exe, Playback - [WARNING] Internal warning: Smart Match failed
\0
W, 3504, 24, 2013/05/23, 18:40:51.470, 2904344300068, QTAgent32.exe, Playback - [WARNING] Internal warning: Smart Match failed
\0
W, 3504, 24, 2013/05/23, 18:40:51.910, 2904350601456, QTAgent32.exe, Playback - [WARNING] Internal warning: Smart Match failed
\0
W, 3504, 24, 2013/05/23, 18:40:52.359, 2904357025964, QTAgent32.exe, Playback - [WARNING] Internal warning: Smart Match failed
\0
W, 3504, 24, 2013/05/23, 18:40:52.788, 2904363170467, QTAgent32.exe, Playback - [WARNING] Internal warning: Smart Match failed
\0
W, 3504, 24, 2013/05/23, 18:40:53.203, 2904369103291, QTAgent32.exe, Playback - [WARNING] Internal warning: Smart Match failed
\0
W, 3504, 24, 2013/05/23, 18:40:53.504, 2904373411053, QTAgent32.exe, Playback - [WARNING] Internal warning: Window Not Found: [VisibleOnly]ControlType='Window' &amp;&amp; Name='Personal Lines' &amp;&amp; ClassName='#32770'
\0
E, 3504, 24, 2013/05/23, 18:40:53.504, 2904373414886, QTAgent32.exe, &lt;a class=failure&gt;Playback - {222} [FAILED] Function ElementFetcher::FindScreenElement failed to locate UI element (Searching: ;[VisibleOnly]ControlType='Window' &amp;&amp; Name='Personal Lines' &amp;&amp; ClassName='#32770') (The object specified was not found.)
\0&lt;/a&gt;
E, 3504, 24, 2013/05/23, 18:40:53.585, 2904374573574, QTAgent32.exe, Playback - [IMAGE] C:\Users\testuser\AppData\Local\Temp\UITestLogs\LastRun\RPF2DA5.png
\0
W, 3504, 24, 2013/05/23, 18:40:53.585, 2904374576983, QTAgent32.exe, Playback - [WARNING] Internal warning: Couldn't find descendants that match QueryId
\0
W, 3504, 24, 2013/05/23, 18:40:53.586, 2904374581624, QTAgent32.exe, PERF WARNING: FindTopLevelWindowHelper::FindAllDescendents: took 3102 ms. Expected it to take maximum 500 ms.
E, 3504, 24, 2013/05/23, 18:40:53.586, 2904374583397, QTAgent32.exe, Exception: System.Runtime.InteropServices.COMException
	Message: Error HRESULT E_FAIL has been returned from a call to a COM component.
	Stack Trace:    at Microsoft.VisualStudio.TestTools.UITest.Playback.Engine.IRPFPlayback.FindAllScreenElements(IScreenElement pScreenElementStart, String bstrQueryId, Object&amp; pvarResKeys, Int32 cResKeys, Int32 nMaxDepth, Object[]&amp; foundDescendants)
   at Microsoft.VisualStudio.TestTools.UITest.Playback.ScreenElement.FindTopLevelWindowHelper(String queryId)
	BaseExceptionMessage: Error HRESULT E_FAIL has been returned from a call to a COM component.

E, 3504, 24, 2013/05/23, 18:40:53.586, 2904374590016, QTAgent32.exe, Window 3344302 not responding. Last Win32 error 0
E, 3504, 24, 2013/05/23, 18:40:53.586, 2904374591084, QTAgent32.exe, GetClassName for handle 3344302 failed
E, 3504, 24, 2013/05/23, 18:40:53.687, 2904376028787, QTAgent32.exe, AL: Playback Error: Microsoft.VisualStudio.TestTools.UITest.Extension.UITestControlNotAvailableException: The control is not available or not valid. Additional Details: 
TechnologyName:  'MSAA'
ControlType:  'Window'
 ---&gt; System.Runtime.InteropServices.COMException: Error HRESULT E_FAIL has been returned from a call to a COM component.
   at Microsoft.VisualStudio.TestTools.UITest.Playback.Engine.IRPFPlayback.FindAllScreenElements(IScreenElement pScreenElementStart, String bstrQueryId, Object&amp; pvarResKeys, Int32 cResKeys, Int32 nMaxDepth, Object[]&amp; foundDescendants)
   at Microsoft.VisualStudio.TestTools.UITest.Playback.ScreenElement.FindTopLevelWindowHelper(String queryId)
   at Microsoft.VisualStudio.TestTools.UITest.Playback.ScreenElement.FindFromPartialQueryId(String queryId)
   at Microsoft.VisualStudio.TestTools.UITesting.UITestControl.EnsureValid(Boolean waitForReady, Boolean refetch)
   --- End of inner exception stack trace ---
   at Microsoft.VisualStudio.TestTools.UITesting.UITestControl.EnsureValid(Boolean waitForReady, Boolean refetch)
   at Microsoft.VisualStudio.TestTools.UITesting.UITestControl.FindFirstDescendant(String queryId, Int32 maxDepth, Int32&amp; timeLeft)
   at Microsoft.VisualStudio.TestTools.UITesting.SearchHelper.GetElement(Boolean useCache, ISearchArgument searchArg)
   at Microsoft.VisualStudio.TestTools.UITesting.SearchHelper.Search(ISearchArgument searchArg)
   at Microsoft.VisualStudio.TestTools.UITesting.UITestControl.FindInternal()
   at Microsoft.VisualStudio.TestTools.UITesting.UITestControl.FindControlIfNecessary()
   at Microsoft.VisualStudio.TestTools.UITesting.UITestControl.Click(MouseButtons button, ModifierKeys modifierKeys, Point relativeCoordinates)
   at Microsoft.VisualStudio.TestTools.UITesting.Mouse.ClickImplementation(UITestControl control, MouseButtons button, ModifierKeys modifierKeys, Point relativeCoordinate)
   at Microsoft.VisualStudio.TestTools.UITesting.Mouse.ClickImplementationWrapper(UITestControl control, MouseButtons button, ModifierKeys modifierKeys, Point relativeCoordinate)
W, 3504, 24, 2013/05/23, 18:40:53.687, 2904376031327, QTAgent32.exe, PlaybackErrorHandler: Ignoring exception as ContinueOnError is set.
W, 3504, 24, 2013/05/23, 18:40:53.830, 2904378079560, QTAgent32.exe, &lt;a class=success&gt;Playback - {223} [SUCCESS] Check - "[MSAA, VisibleOnly]ControlType='CheckBox' &amp;&amp; Name='Defer Printing?'"
\0&lt;/a&gt;
W, 3504, 24, 2013/05/23, 18:40:54.552, 2904388423986, QTAgent32.exe, &lt;a class=success&gt;Playback - {224} [SUCCESS] MouseButtonClick - "[MSAA, VisibleOnly]ControlType='Button' &amp;&amp; Name='Ok'"
\0&lt;/a&gt;
W, 3504, 24, 2013/05/23, 18:40:54.652, 2904389857742, QTAgent32.exe, Playback - [WARNING] Internal warning: Thread state based WFR - Requested element has invalid HWND
\0
W, 3504, 24, 2013/05/23, 18:40:54.652, 2904389859709, QTAgent32.exe, Playback - [WARNING] Internal warning: process performance counters based WFR - Requested element has invalid HWND
\0
E, 3504, 24, 2013/05/23, 18:40:54.653, 2904389865863, QTAgent32.exe, EnsureValid called via EnsureValid call for same element
E, 3504, 24, 2013/05/23, 18:40:54.653, 2904389868162, QTAgent32.exe, EnsureValid called via EnsureValid call for same element
E, 3504, 24, 2013/05/23, 18:40:54.653, 2904389869480, QTAgent32.exe, EnsureValid called via EnsureValid call for same element
E, 3504, 24, 2013/05/23, 18:40:54.653, 2904389874081, QTAgent32.exe, Window 3016800 not responding. Last Win32 error 0
E, 3504, 24, 2013/05/23, 18:40:54.654, 2904389875132, QTAgent32.exe, GetClassName for handle 3016800 failed
W, 3504, 24, 2013/05/23, 18:40:55.002, 2904394863528, QTAgent32.exe, Playback - [WARNING] Internal warning: Window Not Found: [VisibleOnly]ControlType='Window' &amp;&amp; Name='Import to TAM' &amp;&amp; ClassName='TfImportToTam'
\0
E, 3504, 24, 2013/05/23, 18:40:55.002, 2904394866732, QTAgent32.exe, &lt;a class=failure&gt;Playback - {225} [FAILED] Function ElementFetcher::FindScreenElement failed to locate UI element (Searching: ;[VisibleOnly]ControlType='Window' &amp;&amp; Name='Import to TAM' &amp;&amp; ClassName='TfImportToTam') (The object specified was not found.)
\0&lt;/a&gt;
E, 3504, 24, 2013/05/23, 18:40:55.113, 2904396458738, QTAgent32.exe, Playback - [IMAGE] C:\Users\testuser\AppData\Local\Temp\UITestLogs\LastRun\RPF3380.png
\0
W, 3504, 24, 2013/05/23, 18:40:55.113, 2904396460989, QTAgent32.exe, Playback - [WARNING] Internal warning: Couldn't find descendants that match QueryId
\0
W, 3504, 24, 2013/05/23, 18:40:58.277, 2904441751708, QTAgent32.exe, PERF WARNING: FindTopLevelWindowHelper::FindAllDescendents: took 3162 ms. Expected it to take maximum 500 ms.
W, 3504, 24, 2013/05/23, 18:40:58.433, 2904443996844, QTAgent32.exe, &lt;a class=success&gt;Playback - {226} [SUCCESS] Uncheck - "[MSAA, VisibleOnly]ControlType='CheckBox' &amp;&amp; Name='Add Activity'"
\0&lt;/a&gt;
W, 3504, 24, 2013/05/23, 18:41:00.525, 2904473942107, QTAgent32.exe, &lt;a class=success&gt;Playback - {227} [SUCCESS] MouseButtonClick - "[MSAA, VisibleOnly]ControlType='Button' &amp;&amp; Name='Ok'"
\0&lt;/a&gt;
W, 3504, 24, 2013/05/23, 18:41:02.791, 2904506392997, QTAgent32.exe, &lt;a class=success&gt;Playback - {228} [SUCCESS] MouseButtonClick - "[MSAA, VisibleOnly]ControlType='Button' &amp;&amp; Name='OK'"
\0&lt;/a&gt;
W, 3504, 24, 2013/05/23, 18:41:04.402, 2904529464519, QTAgent32.exe, Playback - [WARNING] Internal warning: Target element "[MSAA, VisibleOnly]ControlType='Button' &amp;&amp; Name=&gt;'Renew Policy'" was not found, so all intermediate elements were ignored. An incorrect element that matches target element Id can be found as the result.  Verify that all intermediate elements in QueryId have valid and unique Ids
\0
W, 3504, 24, 2013/05/23, 18:41:04.923, 2904536913945, QTAgent32.exe, PERF WARNING: FindAllDescendents: took 2030 ms. Expected it to take maximum 500 ms.
W, 3504, 24, 2013/05/23, 18:41:06.333, 2904557098091, QTAgent32.exe, &lt;a class=success&gt;Playback - {229} [SUCCESS] MouseButtonClick - "[MSAA, VisibleOnly]ControlType='Button' &amp;&amp; Name=&gt;'Renew Policy'"
\0&lt;/a&gt;
W, 3504, 24, 2013/05/23, 18:41:10.281, 2904613628644, QTAgent32.exe, Playback - [WARNING] Internal warning: Window Not Found: [VisibleOnly]ControlType='Window' &amp;&amp; Name='Confirm' &amp;&amp; ClassName='#32770'
\0
E, 3504, 24, 2013/05/23, 18:41:10.281, 2904613633930, QTAgent32.exe, &lt;a class=failure&gt;Playback - {230} [FAILED] Function ElementFetcher::FindScreenElement failed to locate UI element (Searching: ;[VisibleOnly]ControlType='Window' &amp;&amp; Name='Confirm' &amp;&amp; ClassName='#32770') (The object specified was not found.)
\0&lt;/a&gt;
E, 3504, 24, 2013/05/23, 18:41:10.439, 2904615895340, QTAgent32.exe, Playback - [IMAGE] C:\Users\testuser\AppData\Local\Temp\UITestLogs\LastRun\RPF6F29.png
\0
W, 3504, 24, 2013/05/23, 18:41:10.439, 2904615897781, QTAgent32.exe, Playback - [WARNING] Internal warning: Couldn't find descendants that match QueryId
\0
W, 3504, 24, 2013/05/23, 18:41:10.440, 2904615902239, QTAgent32.exe, PERF WARNING: FindTopLevelWindowHelper::FindAllDescendents: took 4004 ms. Expected it to take maximum 500 ms.
W, 3504, 24, 2013/05/23, 18:41:14.572, 2904675065619, QTAgent32.exe, PERF WARNING: FindTopLevelWindowHelper::FindAllDescendents: took 4131 ms. Expected it to take maximum 500 ms.
W, 3504, 24, 2013/05/23, 18:41:14.704, 2904676956686, QTAgent32.exe, &lt;a class=success&gt;Playback - {231} [SUCCESS] MouseButtonClick - "[MSAA, VisibleOnly]ControlType='Button' &amp;&amp; Name='Yes'"
\0&lt;/a&gt;
W, 3504, 24, 2013/05/23, 18:41:15.194, 2904683974161, QTAgent32.exe, Playback - [WARNING] Internal warning: Window Not Found: [VisibleOnly]ControlType='Window' &amp;&amp; Name='Confirm Documents' &amp;&amp; ClassName='ThunderRT6FormDC'
\0
E, 3504, 24, 2013/05/23, 18:41:15.194, 2904683977519, QTAgent32.exe, &lt;a class=failure&gt;Playback - {232} [FAILED] Function ElementFetcher::FindScreenElement failed to locate UI element (Searching: ;[VisibleOnly]ControlType='Window' &amp;&amp; Name='Confirm Documents' &amp;&amp; ClassName='ThunderRT6FormDC') (The object specified was not found.)
\0&lt;/a&gt;
E, 3504, 24, 2013/05/23, 18:41:15.306, 2904685585775, QTAgent32.exe, Playback - [IMAGE] C:\Users\testuser\AppData\Local\Temp\UITestLogs\LastRun\RPF825C.png
\0
W, 3504, 24, 2013/05/23, 18:41:15.306, 2904685588230, QTAgent32.exe, Playback - [WARNING] Internal warning: Couldn't find descendants that match QueryId
\0
W, 3504, 24, 2013/05/23, 18:41:15.307, 2904685591277, QTAgent32.exe, PERF WARNING: FindTopLevelWindowHelper::FindAllDescendents: took 502 ms. Expected it to take maximum 500 ms.
W, 3504, 24, 2013/05/23, 18:41:24.948, 2904823639516, QTAgent32.exe, PERF WARNING: FindTopLevelWindowHelper::FindAllDescendents: took 9641 ms. Expected it to take maximum 500 ms.
W, 3504, 24, 2013/05/23, 18:41:25.083, 2904825564693, QTAgent32.exe, &lt;a class=success&gt;Playback - {233} [SUCCESS] MouseButtonClick - "[MSAA, VisibleOnly]ControlType='Button' &amp;&amp; Name='Ok'"
\0&lt;/a&gt;
W, 3504, 24, 2013/05/23, 18:41:27.528, 2904860580617, QTAgent32.exe, Playback - [WARNING] Internal warning: Window Not Found: [VisibleOnly]ControlType='Window' &amp;&amp; Name='Personal Lines' &amp;&amp; ClassName='#32770'
\0
E, 3504, 24, 2013/05/23, 18:41:27.528, 2904860587471, QTAgent32.exe, &lt;a class=failure&gt;Playback - {234} [FAILED] Function ElementFetcher::FindScreenElement failed to locate UI element (Searching: ;[VisibleOnly]ControlType='Window' &amp;&amp; Name='Personal Lines' &amp;&amp; ClassName='#32770') (The object specified was not found.)
\0&lt;/a&gt;
E, 3504, 24, 2013/05/23, 18:41:27.625, 2904861974780, QTAgent32.exe, Playback - [IMAGE] C:\Users\testuser\AppData\Local\Temp\UITestLogs\LastRun\RPFB291.png
\0
W, 3504, 24, 2013/05/23, 18:41:27.626, 2904861977361, QTAgent32.exe, Playback - [WARNING] Internal warning: Couldn't find descendants that match QueryId
\0
W, 3504, 24, 2013/05/23, 18:41:27.626, 2904861981795, QTAgent32.exe, PERF WARNING: FindTopLevelWindowHelper::FindAllDescendents: took 2443 ms. Expected it to take maximum 500 ms.
W, 3504, 24, 2013/05/23, 18:41:37.250, 2904999774669, QTAgent32.exe, PERF WARNING: FindTopLevelWindowHelper::FindAllDescendents: took 9623 ms. Expected it to take maximum 500 ms.
W, 3504, 24, 2013/05/23, 18:41:38.874, 2905023033960, QTAgent32.exe, &lt;a class=success&gt;Playback - {235} [SUCCESS] MouseButtonClick - "[MSAA, VisibleOnly]ControlType='Button' &amp;&amp; Name='OK'"
\0&lt;/a&gt;
W, 3504, 24, 2013/05/23, 18:41:38.995, 2905024766795, QTAgent32.exe, Playback - [WARNING] Internal warning: Thread state based WFR - Requested element has invalid HWND
\0
W, 3504, 24, 2013/05/23, 18:41:38.995, 2905024768919, QTAgent32.exe, Playback - [WARNING] Internal warning: process performance counters based WFR - Requested element has invalid HWND
\0
E, 3504, 24, 2013/05/23, 18:41:38.996, 2905024775161, QTAgent32.exe, EnsureValid called via EnsureValid call for same element
E, 3504, 24, 2013/05/23, 18:41:38.996, 2905024778319, QTAgent32.exe, EnsureValid called via EnsureValid call for same element
E, 3504, 24, 2013/05/23, 18:41:38.996, 2905024780005, QTAgent32.exe, EnsureValid called via EnsureValid call for same element
E, 3504, 24, 2013/05/23, 18:41:38.996, 2905024786485, QTAgent32.exe, Window 3016970 not responding. Last Win32 error 0
E, 3504, 24, 2013/05/23, 18:41:38.997, 2905024788157, QTAgent32.exe, GetClassName for handle 3016970 failed
W, 3504, 24, 2013/05/23, 18:41:39.132, 2905026729431, QTAgent32.exe, &lt;a class=success&gt;Playback - {236} [SUCCESS] Check - "[MSAA, VisibleOnly]ControlType='CheckBox' &amp;&amp; Name='Defer Printing?'"
\0&lt;/a&gt;
W, 3504, 24, 2013/05/23, 18:41:39.489, 2905031836473, QTAgent32.exe, &lt;a class=success&gt;Playback - {237} [SUCCESS] MouseButtonClick - "[MSAA, VisibleOnly]ControlType='Button' &amp;&amp; Name='Ok'"
\0&lt;/a&gt;
W, 3504, 24, 2013/05/23, 18:41:42.120, 2905069511866, QTAgent32.exe, &lt;a class=success&gt;Playback - {238} [SUCCESS] MouseButtonClick - "[MSAA, VisibleOnly]ControlType='Button' &amp;&amp; Name='OK'"
\0&lt;/a&gt;
W, 3504, 24, 2013/05/23, 18:41:42.220, 2905070945069, QTAgent32.exe, Playback - [WARNING] Internal warning: Thread state based WFR - Requested element has invalid HWND
\0
W, 3504, 24, 2013/05/23, 18:41:42.220, 2905070947340, QTAgent32.exe, Playback - [WARNING] Internal warning: process performance counters based WFR - Requested element has invalid HWND
\0
E, 3504, 24, 2013/05/23, 18:41:42.221, 2905070952262, QTAgent32.exe, EnsureValid called via EnsureValid call for same element
E, 3504, 24, 2013/05/23, 18:41:42.221, 2905070955043, QTAgent32.exe, EnsureValid called via EnsureValid call for same element
E, 3504, 24, 2013/05/23, 18:41:42.221, 2905070957667, QTAgent32.exe, EnsureValid called via EnsureValid call for same element
E, 3504, 24, 2013/05/23, 18:41:42.222, 2905070963437, QTAgent32.exe, GetClassName for handle 5047970 failed
E, 3504, 24, 2013/05/23, 18:41:42.225, 2905071019489, QTAgent32.exe, Window 5047970 not responding. Last Win32 error 1400
E, 3504, 24, 2013/05/23, 18:41:42.226, 2905071022714, QTAgent32.exe, GetClassName for handle 5047970 failed
W, 3504, 24, 2013/05/23, 18:41:42.376, 2905073177863, QTAgent32.exe, &lt;a class=success&gt;Playback - {239} [SUCCESS] Uncheck - "[MSAA, VisibleOnly]ControlType='CheckBox' &amp;&amp; Name='Add Activity'"
\0&lt;/a&gt;
W, 3504, 24, 2013/05/23, 18:41:42.927, 2905081062320, QTAgent32.exe, &lt;a class=success&gt;Playback - {240} [SUCCESS] MouseButtonClick - "[MSAA, VisibleOnly]ControlType='Button' &amp;&amp; Name='Ok'"
\0&lt;/a&gt;
W, 3504, 24, 2013/05/23, 18:41:43.233, 2905085452551, QTAgent32.exe, &lt;a class=success&gt;Playback - {241} [SUCCESS] MouseButtonClick - "[MSAA, VisibleOnly]ControlType='Button' &amp;&amp; Name='Ok'"
\0&lt;/a&gt;
W, 3504, 24, 2013/05/23, 18:41:51.792, 2905208001197, QTAgent32.exe, PERF WARNING: FindTopLevelWindowHelper::FindAllDescendents: took 8451 ms. Expected it to take maximum 500 ms.
W, 3504, 24, 2013/05/23, 18:41:52.386, 2905216495848, QTAgent32.exe, &lt;a class=success&gt;Playback - {242} [SUCCESS] DoSelect - "[MSAA, VisibleOnly]ControlType='List'"
\0&lt;/a&gt;
W, 3504, 24, 2013/05/23, 18:41:54.035, 2905240105181, QTAgent32.exe, &lt;a class=success&gt;Playback - {243} [SUCCESS] MouseButtonClick - "[MSAA, VisibleOnly]ControlType='Button' &amp;&amp; Name='Ok'"
\0&lt;/a&gt;
W, 3504, 24, 2013/05/23, 18:41:56.317, 2905272776899, QTAgent32.exe, &lt;a class=success&gt;Playback - {244} [SUCCESS] MouseButtonClick - "[MSAA, VisibleOnly]ControlType='Button' &amp;&amp; Name='OK'"
\0&lt;/a&gt;
W, 3504, 24, 2013/05/23, 18:41:57.650, 2905291869771, QTAgent32.exe, PERF WARNING: FindAllDescendents: took 1232 ms. Expected it to take maximum 500 ms.
W, 3504, 24, 2013/05/23, 18:41:58.895, 2905309699423, QTAgent32.exe, &lt;a class=success&gt;Playback - {245} [SUCCESS] MouseButtonClick - "[MSAA, VisibleOnly]ControlType='Button' &amp;&amp; Name='Exit'"
\0&lt;/a&gt;
W, 3504, 24, 2013/05/23, 18:41:59.243, 2905314689103, QTAgent32.exe, &lt;a class=success&gt;Playback - {246} [SUCCESS] MouseButtonClick - "[MSAA, VisibleOnly]ControlType='Button' &amp;&amp; Name='Yes'"
\0&lt;/a&gt;
W, 3504, 24, 2013/05/23, 18:41:59.720, 2905321510212, QTAgent32.exe, &lt;a class=success&gt;Playback - {247} [SUCCESS] MouseButtonClick - "[MSAA, VisibleOnly]ControlType='Button' &amp;&amp; Name='Cancel'"
\0&lt;/a&gt;
W, 3504, 24, 2013/05/23, 18:42:00.194, 2905328299287, QTAgent32.exe, &lt;a class=success&gt;Playback - {248} [SUCCESS] MouseButtonClick - "[MSAA, VisibleOnly]ControlType='Button'"
\0&lt;/a&gt;
W, 3504, 24, 2013/05/23, 18:42:00.426, 2905331618497, QTAgent32.exe, &lt;a class=success&gt;Playback - {249} [SUCCESS] MouseButtonClick - "[MSAA, VisibleOnly]ControlType='Button' &amp;&amp; Name='Detail'"
\0&lt;/a&gt;
W, 3504, 24, 2013/05/23, 18:42:01.111, 2905341427448, QTAgent32.exe, &lt;a class=success&gt;Playback - {250} [SUCCESS] MouseButtonClick - "[MSAA, VisibleOnly]ControlType='Button' &amp;&amp; Name='Cancel'"
\0&lt;/a&gt;
W, 3504, 24, 2013/05/23, 18:42:01.351, 2905344856696, QTAgent32.exe, &lt;a class=success&gt;Playback - {251} [SUCCESS] MouseButtonClick - "[MSAA, VisibleOnly]ControlType='Button' &amp;&amp; Name='Options'"
\0&lt;/a&gt;
W, 3504, 24, 2013/05/23, 18:42:01.452, 2905346311634, QTAgent32.exe, FindScreenElementInSinglePass : Attempting to find control in one pass of search. Failures can occur.
W, 3504, 24, 2013/05/23, 18:42:01.502, 2905347025513, QTAgent32.exe, Playback - [WARNING] Internal failure: Method GetBoundingRectangle failed (HRESULT = 0x1, "Incorrect function.") for Name = "Quote Select List" ," ControlType = "MenuItem"
\0
W, 3504, 24, 2013/05/23, 18:42:01.502, 2905347027591, QTAgent32.exe, Playback - [WARNING] Internal failure: Couldn't get clickable point for ScreenUIElement - GetClickablePoint failed
\0
W, 3504, 24, 2013/05/23, 18:42:01.515, 2905347210640, QTAgent32.exe, FindScreenElementInSinglePass : Attempting to find control in one pass of search. Failures can occur.
W, 3504, 24, 2013/05/23, 18:42:01.547, 2905347663284, QTAgent32.exe, FindScreenElementInSinglePass : Attempting to find control in one pass of search. Failures can occur.
W, 3504, 24, 2013/05/23, 18:42:01.667, 2905349391084, QTAgent32.exe, &lt;a class=success&gt;Playback - {252} [SUCCESS] LeftButtonClick - "[MSAA, VisibleOnly]ControlType='MenuBar' &amp;&amp; Name='Application'"  &lt; Mouse cursor location (960, 31) &gt;
\0&lt;/a&gt;
W, 3504, 24, 2013/05/23, 18:42:01.778, 2905350973257, QTAgent32.exe, &lt;a class=success&gt;Playback - {253} [SUCCESS] LeftButtonClick - "[MSAA]ControlType='MenuItem' &amp;&amp; Name='Options'"  &lt; Mouse cursor location (94, 31) &gt;
\0&lt;/a&gt;
W, 3504, 24, 2013/05/23, 18:42:02.227, 2905357409161, QTAgent32.exe, &lt;a class=success&gt;Playback - {254} [SUCCESS] LeftButtonClick - "[MSAA]ControlType='MenuItem' &amp;&amp; Name='Links'"  &lt; Mouse cursor location (174, 319) &gt;
\0&lt;/a&gt;
W, 3504, 24, 2013/05/23, 18:42:02.695, 2905364104166, QTAgent32.exe, &lt;a class=success&gt;Playback - {255} [SUCCESS] LeftButtonClick - "[MSAA]ControlType='MenuItem' &amp;&amp; Name='3rd Party Integration'"  &lt; Mouse cursor location (375, 319) &gt;
\0&lt;/a&gt;
W, 3504, 24, 2013/05/23, 18:42:03.126, 2905370275520, QTAgent32.exe, &lt;a class=success&gt;Playback - {256} [SUCCESS] MouseButtonClick - "[MSAA]ControlType='MenuItem' &amp;&amp; Name='Quote Select List'"
\0&lt;/a&gt;
W, 3504, 24, 2013/05/23, 18:42:04.735, 2905393311587, QTAgent32.exe, Playback - [WARNING] Internal warning: Window Not Found: [VisibleOnly]ControlType='Window' &amp;&amp; Name='Current Or Future' &amp;&amp; ClassName='TfCurrentOrFuture'
\0
E, 3504, 24, 2013/05/23, 18:42:04.735, 2905393317084, QTAgent32.exe, &lt;a class=failure&gt;Playback - {257} [FAILED] Function ElementFetcher::FindScreenElement failed to locate UI element (Searching: ;[VisibleOnly]ControlType='Window' &amp;&amp; Name='Current Or Future' &amp;&amp; ClassName='TfCurrentOrFuture') (The object specified was not found.)
\0&lt;/a&gt;
E, 3504, 24, 2013/05/23, 18:42:04.863, 2905395148971, QTAgent32.exe, Playback - [IMAGE] C:\Users\testuser\AppData\Local\Temp\UITestLogs\LastRun\RPF43E8.png
\0
W, 3504, 24, 2013/05/23, 18:42:04.863, 2905395151368, QTAgent32.exe, Playback - [WARNING] Internal warning: Couldn't find descendants that match QueryId
\0
W, 3504, 24, 2013/05/23, 18:42:04.864, 2905395155605, QTAgent32.exe, PERF WARNING: FindTopLevelWindowHelper::FindAllDescendents: took 1637 ms. Expected it to take maximum 500 ms.
W, 3504, 24, 2013/05/23, 18:42:05.216, 2905400204025, QTAgent32.exe, &lt;a class=success&gt;Playback - {258} [SUCCESS] MouseButtonClick - "[MSAA, VisibleOnly]ControlType='Button' &amp;&amp; Name='Ok'"
\0&lt;/a&gt;
W, 3504, 24, 2013/05/23, 18:42:07.638, 2905434886878, QTAgent32.exe, PERF WARNING: FindTopLevelWindowHelper::FindAllDescendents: took 2272 ms. Expected it to take maximum 500 ms.
W, 3504, 24, 2013/05/23, 18:42:07.768, 2905436743958, QTAgent32.exe, &lt;a class=success&gt;Playback - {259} [SUCCESS] MouseButtonClick - "[MSAA, VisibleOnly]ControlType='Button' &amp;&amp; Name='Before'"
\0&lt;/a&gt;
W, 3504, 24, 2013/05/23, 18:42:10.373, 2905474048711, QTAgent32.exe, PERF WARNING: FindTopLevelWindowHelper::FindAllDescendents: took 2504 ms. Expected it to take maximum 500 ms.
W, 3504, 24, 2013/05/23, 18:42:10.848, 2905480840558, QTAgent32.exe, &lt;a class=success&gt;Playback - {260} [SUCCESS] MouseButtonClick - "[MSAA, VisibleOnly]ControlType='Button' &amp;&amp; Name='MTA'"
\0&lt;/a&gt;
W, 3504, 24, 2013/05/23, 18:42:19.531, 2905605171889, QTAgent32.exe, Playback - [WARNING] Internal warning: Window Not Found: [VisibleOnly]ControlType='Window' &amp;&amp; Name='Mid Term Adjustments ' &amp;&amp; ClassName='ThunderRT6FormDC'
\0
E, 3504, 24, 2013/05/23, 18:42:19.532, 2905605177938, QTAgent32.exe, &lt;a class=failure&gt;Playback - {261} [FAILED] Function ElementFetcher::FindScreenElement failed to locate UI element (Searching: ;[VisibleOnly]ControlType='Window' &amp;&amp; Name='Mid Term Adjustments ' &amp;&amp; ClassName='ThunderRT6FormDC') (The object specified was not found.)
\0&lt;/a&gt;
E, 3504, 24, 2013/05/23, 18:42:19.628, 2905606554692, QTAgent32.exe, Playback - [IMAGE] C:\Users\testuser\AppData\Local\Temp\UITestLogs\LastRun\RPF7DBD.png
\0
W, 3504, 24, 2013/05/23, 18:42:19.628, 2905606557154, QTAgent32.exe, Playback - [WARNING] Internal warning: Couldn't find descendants that match QueryId
\0
W, 3504, 24, 2013/05/23, 18:42:19.629, 2905606561528, QTAgent32.exe, PERF WARNING: FindTopLevelWindowHelper::FindAllDescendents: took 8674 ms. Expected it to take maximum 500 ms.
W, 3504, 24, 2013/05/23, 18:42:38.884, 2905882267853, QTAgent32.exe, Playback - [WARNING] Internal warning: Window Not Found: [VisibleOnly]ControlType='Window' &amp;&amp; Name='Mid Term Adjustments ' &amp;&amp; ClassName='ThunderRT6FormDC'
\0
E, 3504, 24, 2013/05/23, 18:42:38.884, 2905882273596, QTAgent32.exe, &lt;a class=failure&gt;Playback - {262} [FAILED] Function ElementFetcher::FindScreenElement failed to locate UI element (Searching: ;[VisibleOnly]ControlType='Window' &amp;&amp; Name='Mid Term Adjustments ' &amp;&amp; ClassName='ThunderRT6FormDC') (The object specified was not found.)
\0&lt;/a&gt;
E, 3504, 24, 2013/05/23, 18:42:38.969, 2905883482100, QTAgent32.exe, Playback - [IMAGE] C:\Users\testuser\AppData\Local\Temp\UITestLogs\LastRun\RPFC94F.png
\0
W, 3504, 24, 2013/05/23, 18:42:38.969, 2905883484512, QTAgent32.exe, Playback - [WARNING] Internal warning: Couldn't find descendants that match QueryId
\0
W, 3504, 24, 2013/05/23, 18:42:38.969, 2905883489846, QTAgent32.exe, PERF WARNING: FindTopLevelWindowHelper::FindAllDescendents: took 19340 ms. Expected it to take maximum 500 ms.
W, 3504, 24, 2013/05/23, 18:42:41.680, 2905922298926, QTAgent32.exe, Playback - [WARNING] Internal warning: Smart Match failed
\0
W, 3504, 24, 2013/05/23, 18:42:43.097, 2905942587282, QTAgent32.exe, Playback - [WARNING] Internal warning: Window Not Found: [VisibleOnly]ControlType='Window' &amp;&amp; Name='Mid Term Adjustments ' &amp;&amp; ClassName='ThunderRT6FormDC'
\0
E, 3504, 24, 2013/05/23, 18:42:43.097, 2905942593025, QTAgent32.exe, &lt;a class=failure&gt;Playback - {263} [FAILED] Function ElementFetcher::FindScreenElement failed to locate UI element (Searching: ;[VisibleOnly]ControlType='Window' &amp;&amp; Name='Mid Term Adjustments ' &amp;&amp; ClassName='ThunderRT6FormDC') (The object specified was not found.)
\0&lt;/a&gt;
E, 3504, 24, 2013/05/23, 18:42:43.253, 2905944813135, QTAgent32.exe, Playback - [IMAGE] C:\Users\testuser\AppData\Local\Temp\UITestLogs\LastRun\RPFD9C4.png
\0
W, 3504, 24, 2013/05/23, 18:42:43.254, 2905944830977, QTAgent32.exe, Playback - [WARNING] Internal warning: Couldn't find descendants that match QueryId
\0
W, 3504, 24, 2013/05/23, 18:42:43.256, 2905944855371, QTAgent32.exe, PERF WARNING: FindTopLevelWindowHelper::FindAllDescendents: took 4285 ms. Expected it to take maximum 500 ms.
E, 3504, 24, 2013/05/23, 18:42:43.256, 2905944857403, QTAgent32.exe, Exception: System.Runtime.InteropServices.COMException
	Message: Error HRESULT E_FAIL has been returned from a call to a COM component.
	Stack Trace:    at Microsoft.VisualStudio.TestTools.UITest.Playback.Engine.IRPFPlayback.FindAllScreenElements(IScreenElement pScreenElementStart, String bstrQueryId, Object&amp; pvarResKeys, Int32 cResKeys, Int32 nMaxDepth, Object[]&amp; foundDescendants)
   at Microsoft.VisualStudio.TestTools.UITest.Playback.ScreenElement.FindTopLevelWindowHelper(String queryId)
	BaseExceptionMessage: Error HRESULT E_FAIL has been returned from a call to a COM component.

E, 3504, 24, 2013/05/23, 18:42:43.256, 2905944865694, QTAgent32.exe, Window 3016914 not responding. Last Win32 error 0
E, 3504, 24, 2013/05/23, 18:42:43.256, 2905944866924, QTAgent32.exe, GetClassName for handle 3016914 failed
E, 3504, 24, 2013/05/23, 18:42:43.257, 2905944875243, QTAgent32.exe, AL: Playback Error: Microsoft.VisualStudio.TestTools.UITest.Extension.UITestControlNotAvailableException: The control is not available or not valid. Additional Details: 
TechnologyName:  'MSAA'
Name:  'Mid Term Adjustments '
ClassName:  'ThunderRT6FormDC'
ControlType:  'Window'
 ---&gt; System.Runtime.InteropServices.COMException: Error HRESULT E_FAIL has been returned from a call to a COM component.
   at Microsoft.VisualStudio.TestTools.UITest.Playback.Engine.IRPFPlayback.FindAllScreenElements(IScreenElement pScreenElementStart, String bstrQueryId, Object&amp; pvarResKeys, Int32 cResKeys, Int32 nMaxDepth, Object[]&amp; foundDescendants)
   at Microsoft.VisualStudio.TestTools.UITest.Playback.ScreenElement.FindTopLevelWindowHelper(String queryId)
   at Microsoft.VisualStudio.TestTools.UITest.Playback.ScreenElement.FindFromPartialQueryId(String queryId)
   at Microsoft.VisualStudio.TestTools.UITesting.UITestControl.EnsureValid(Boolean waitForReady, Boolean refetch)
   --- End of inner exception stack trace ---
   at Microsoft.VisualStudio.TestTools.UITesting.UITestControl.EnsureValid(Boolean waitForReady, Boolean refetch)
   at Microsoft.VisualStudio.TestTools.UITesting.UITestControl.FindFirstDescendant(String queryId, Int32 maxDepth, Int32&amp; timeLeft)
   at Microsoft.VisualStudio.TestTools.UITesting.SearchHelper.GetElement(Boolean useCache, ISearchArgument searchArg)
   at Microsoft.VisualStudio.TestTools.UITesting.SearchHelper.Search(ISearchArgument searchArg)
   at Microsoft.VisualStudio.TestTools.UITesting.UITestControl.FindInternal()
   at Microsoft.VisualStudio.TestTools.UITesting.UITestControl.FindControlIfNecessary()
   at Microsoft.VisualStudio.TestTools.UITesting.UITestControl.SetProperty(String propertyName, Object value)
W, 3504, 24, 2013/05/23, 18:42:47.930, 2906011780053, QTAgent32.exe, IEDOM : StopSession of the plugin called before StartSession
W, 3504, 24, 2013/05/23, 18:42:47.930, 2906011794097, QTAgent32.exe, UIA : StopSession of the plugin called before StartSession
</DebugTrace>
        <ErrorInfo>
          <Message>Test method Ver1.CodedUITest2.HouseRenewalBefore threw exception: 
Microsoft.VisualStudio.TestTools.UITest.Extension.UITestControlNotAvailableException: The control is not available or not valid. Additional Details: 
TechnologyName:  'MSAA'
Name:  'Mid Term Adjustments '
ClassName:  'ThunderRT6FormDC'
ControlType:  'Window'
 ---&gt; System.Runtime.InteropServices.COMException: Error HRESULT E_FAIL has been returned from a call to a COM component.</Message>
          <StackTrace>    at Microsoft.VisualStudio.TestTools.UITest.Playback.Engine.IRPFPlayback.FindAllScreenElements(IScreenElement pScreenElementStart, String bstrQueryId, Object&amp; pvarResKeys, Int32 cResKeys, Int32 nMaxDepth, Object[]&amp; foundDescendants)
   at Microsoft.VisualStudio.TestTools.UITest.Playback.ScreenElement.FindTopLevelWindowHelper(String queryId)
   at Microsoft.VisualStudio.TestTools.UITest.Playback.ScreenElement.FindFromPartialQueryId(String queryId)
   at Microsoft.VisualStudio.TestTools.UITesting.UITestControl.EnsureValid(Boolean waitForReady, Boolean refetch)
 --- End of inner exception stack trace ---
    at Microsoft.VisualStudio.TestTools.UITesting.UITestControl.EnsureValid(Boolean waitForReady, Boolean refetch)
   at Microsoft.VisualStudio.TestTools.UITesting.UITestControl.FindFirstDescendant(String queryId, Int32 maxDepth, Int32&amp; timeLeft)
   at Microsoft.VisualStudio.TestTools.UITesting.SearchHelper.GetElement(Boolean useCache, ISearchArgument searchArg)
   at Microsoft.VisualStudio.TestTools.UITesting.SearchHelper.Search(ISearchArgument searchArg)
   at Microsoft.VisualStudio.TestTools.UITesting.UITestControl.FindInternal()
   at Microsoft.VisualStudio.TestTools.UITesting.UITestControl.FindControlIfNecessary()
   at Microsoft.VisualStudio.TestTools.UITesting.UITestControl.SetProperty(String propertyName, Object value)
   at Microsoft.VisualStudio.TestTools.UITesting.WinControls.WinComboBox.set_SelectedItem(String value)
   at Ver1.UIMap.HomeMTAChange() in C:\AutotestTam1205\TestProject7\UIMap.Designer.cs:line 1741
   at Ver1.CodedUITest2.HouseRenewalBefore() in C:\AutotestTam1205\TestProject7\CodedUITest2.cs:line 1399
</StackTrace>
        </ErrorInfo>
      </Output>
      <ResultFiles>
        <ResultFile path="ICLVDEVTM02\HouseRenewalBefore.png" />
      </ResultFiles>
      <ExtensionResult>Exception has been thrown by the target of an invocation.</ExtensionResult>
    </UnitTestResult>
    <UnitTestResult executionId="743d8c5f-c6d4-4757-8fe1-b87004c2df31" testId="85fea04a-2d22-da29-e2a5-a62a531bce65" testName="HouseRenewalAfter" computerName="ICLVDEVTM02" duration="00:11:56.6903612" startTime="2013-05-23T18:42:48.1331317+01:00" endTime="2013-05-23T18:54:45.3507067+01:00" testType="13cdc9d9-ddb5-4fa4-a97d-d965ccfc6d4b" outcome="Failed" testListId="8c84fa94-04c1-424b-9868-57a2d4851a1d" relativeResultsDirectory="743d8c5f-c6d4-4757-8fe1-b87004c2df31">
      <Output>
        <DebugTrace>W, 3504, 18, 2013/05/23, 18:42:55.066, 2906113956124, QTAgent32.exe, &lt;a class=success&gt;Playback - {1} [SUCCESS] MouseButtonClick - "[MSAA, VisibleOnly]ControlType='Edit'"
\0&lt;/a&gt;
W, 3504, 18, 2013/05/23, 18:42:55.470, 2906119746578, QTAgent32.exe, &lt;a class=success&gt;Playback - {2} [SUCCESS] SendKeys "[*]" - "[MSAA, VisibleOnly]ControlType='Edit'"
\0&lt;/a&gt;
W, 3504, 18, 2013/05/23, 18:42:56.260, 2906131057813, QTAgent32.exe, &lt;a class=success&gt;Playback - {3} [SUCCESS] MouseButtonClick - "[MSAA, VisibleOnly]ControlType='Button' &amp;&amp; Name='OK'"
\0&lt;/a&gt;
W, 3504, 18, 2013/05/23, 18:42:56.647, 2906136596030, QTAgent32.exe, &lt;a class=success&gt;Playback - {4} [SUCCESS] SendKeys "^{HOME}" - "[MSAA, VisibleOnly]ControlType='Edit'"
\0&lt;/a&gt;
E, 3504, 18, 2013/05/23, 18:42:56.647, 2906136599454, QTAgent32.exe, Msaa.GetFocusedElement: could not find accessible object of foreground window
W, 3504, 18, 2013/05/23, 18:42:56.736, 2906137874506, QTAgent32.exe, &lt;a class=success&gt;Playback - {5} [SUCCESS] SendKeys "^+{END}" - "[MSAA, VisibleOnly]ControlType='Edit'"
\0&lt;/a&gt;
E, 3504, 18, 2013/05/23, 18:42:56.737, 2906137889566, QTAgent32.exe, Msaa.GetFocusedElement: could not find accessible object of foreground window
W, 3504, 18, 2013/05/23, 18:42:56.843, 2906139407975, QTAgent32.exe, &lt;a class=success&gt;Playback - {6} [SUCCESS] SendKeys "{DELETE}" - "[MSAA, VisibleOnly]ControlType='Edit'"
\0&lt;/a&gt;
W, 3504, 18, 2013/05/23, 18:42:57.481, 2906148540922, QTAgent32.exe, &lt;a class=success&gt;Playback - {7} [SUCCESS] SetValueAsEditBox "23/05/2013" - "[MSAA, VisibleOnly]ControlType='Edit'"  &lt; Set via SendKeys &gt;
\0&lt;/a&gt;
W, 3504, 18, 2013/05/23, 18:42:58.085, 2906157187894, QTAgent32.exe, Playback - [WARNING] Internal warning: Incorrect flag set for InvokeProgrammaticAction\0
W, 3504, 18, 2013/05/23, 18:42:58.208, 2906158957096, QTAgent32.exe, &lt;a class=success&gt;Playback - {8} [SUCCESS] SetValueAsComboBox "May" - "[MSAA, VisibleOnly]ControlType='ComboBox'"  &lt; SetValueAsComboBox, set by clicking on the item in the list box &gt;
\0&lt;/a&gt;
W, 3504, 18, 2013/05/23, 18:42:58.515, 2906163345126, QTAgent32.exe, &lt;a class=success&gt;Playback - {9} [SUCCESS] SendKeys "^{HOME}" - "[MSAA, VisibleOnly]ControlType='Edit'"
\0&lt;/a&gt;
E, 3504, 18, 2013/05/23, 18:42:58.515, 2906163348708, QTAgent32.exe, Msaa.GetFocusedElement: could not find accessible object of foreground window
W, 3504, 18, 2013/05/23, 18:42:58.570, 2906164132138, QTAgent32.exe, &lt;a class=success&gt;Playback - {10} [SUCCESS] SendKeys "^+{END}" - "[MSAA, VisibleOnly]ControlType='Edit'"
\0&lt;/a&gt;
E, 3504, 18, 2013/05/23, 18:42:58.570, 2906164135352, QTAgent32.exe, Msaa.GetFocusedElement: could not find accessible object of foreground window
W, 3504, 18, 2013/05/23, 18:42:58.585, 2906164348308, QTAgent32.exe, &lt;a class=success&gt;Playback - {11} [SUCCESS] SendKeys "{DELETE}" - "[MSAA, VisibleOnly]ControlType='Edit'"
\0&lt;/a&gt;
W, 3504, 18, 2013/05/23, 18:42:58.825, 2906167783913, QTAgent32.exe, &lt;a class=success&gt;Playback - {12} [SUCCESS] SetValueAsEditBox "2013" - "[MSAA, VisibleOnly]ControlType='Edit'"  &lt; Set via SendKeys &gt;
\0&lt;/a&gt;
W, 3504, 18, 2013/05/23, 18:42:59.044, 2906170913484, QTAgent32.exe, &lt;a class=success&gt;Playback - {13} [SUCCESS] MouseButtonClick - "[MSAA, VisibleOnly]ControlType='Button' &amp;&amp; Name='OK'"
\0&lt;/a&gt;
W, 3504, 18, 2013/05/23, 18:43:00.476, 2906191419315, QTAgent32.exe, Playback - [WARNING] Internal warning: Window Not Found: [VisibleOnly]ControlType='Window' &amp;&amp; Name='Warning' &amp;&amp; ClassName='#32770'
\0
E, 3504, 18, 2013/05/23, 18:43:00.476, 2906191422276, QTAgent32.exe, &lt;a class=failure&gt;Playback - {14} [FAILED] Function ElementFetcher::FindScreenElement failed to locate UI element (Searching: ;[VisibleOnly]ControlType='Window' &amp;&amp; Name='Warning' &amp;&amp; ClassName='#32770') (The object specified was not found.)
\0&lt;/a&gt;
E, 3504, 18, 2013/05/23, 18:43:00.568, 2906192748596, QTAgent32.exe, Playback - [IMAGE] C:\Users\testuser\AppData\Local\Temp\UITestLogs\LastRun\RPF1DA7.png
\0
W, 3504, 18, 2013/05/23, 18:43:00.569, 2906192751083, QTAgent32.exe, Playback - [WARNING] Internal warning: Couldn't find descendants that match QueryId
\0
W, 3504, 18, 2013/05/23, 18:43:00.569, 2906192754057, QTAgent32.exe, PERF WARNING: FindTopLevelWindowHelper::FindAllDescendents: took 1406 ms. Expected it to take maximum 500 ms.
W, 3504, 18, 2013/05/23, 18:43:18.652, 2906451665481, QTAgent32.exe, Playback - [WARNING] Internal warning: Window Not Found: [VisibleOnly]ControlType='Window' &amp;&amp; Name='Warning' &amp;&amp; ClassName='#32770'
\0
E, 3504, 18, 2013/05/23, 18:43:18.652, 2906451668837, QTAgent32.exe, &lt;a class=failure&gt;Playback - {15} [FAILED] Function ElementFetcher::FindScreenElement failed to locate UI element (Searching: ;[VisibleOnly]ControlType='Window' &amp;&amp; Name='Warning' &amp;&amp; ClassName='#32770') (The object specified was not found.)
\0&lt;/a&gt;
E, 3504, 18, 2013/05/23, 18:43:18.742, 2906452957299, QTAgent32.exe, Playback - [IMAGE] C:\Users\testuser\AppData\Local\Temp\UITestLogs\LastRun\RPF64A6.png
\0
W, 3504, 18, 2013/05/23, 18:43:18.742, 2906452959524, QTAgent32.exe, Playback - [WARNING] Internal warning: Couldn't find descendants that match QueryId
\0
W, 3504, 18, 2013/05/23, 18:43:18.742, 2906452962659, QTAgent32.exe, PERF WARNING: FindTopLevelWindowHelper::FindAllDescendents: took 18173 ms. Expected it to take maximum 500 ms.
W, 3504, 18, 2013/05/23, 18:43:19.259, 2906460363394, QTAgent32.exe, Playback - [WARNING] Internal warning: Smart Match failed
\0
W, 3504, 18, 2013/05/23, 18:43:19.708, 2906466788662, QTAgent32.exe, Playback - [WARNING] Internal warning: Smart Match failed
\0
W, 3504, 18, 2013/05/23, 18:43:20.098, 2906472377514, QTAgent32.exe, Playback - [WARNING] Internal warning: Smart Match failed
\0
W, 3504, 18, 2013/05/23, 18:43:20.491, 2906478007185, QTAgent32.exe, Playback - [WARNING] Internal warning: Smart Match failed
\0
W, 3504, 18, 2013/05/23, 18:43:20.875, 2906483503383, QTAgent32.exe, Playback - [WARNING] Internal warning: Smart Match failed
\0
W, 3504, 18, 2013/05/23, 18:43:21.265, 2906489087739, QTAgent32.exe, Playback - [WARNING] Internal warning: Smart Match failed
\0
W, 3504, 18, 2013/05/23, 18:43:21.647, 2906494563400, QTAgent32.exe, Playback - [WARNING] Internal warning: Smart Match failed
\0
W, 3504, 18, 2013/05/23, 18:43:21.894, 2906498094474, QTAgent32.exe, Playback - [WARNING] Internal warning: Window Not Found: [VisibleOnly]ControlType='Window' &amp;&amp; Name='Warning' &amp;&amp; ClassName='#32770'
\0
E, 3504, 18, 2013/05/23, 18:43:21.894, 2906498097456, QTAgent32.exe, &lt;a class=failure&gt;Playback - {16} [FAILED] Function ElementFetcher::FindScreenElement failed to locate UI element (Searching: ;[VisibleOnly]ControlType='Window' &amp;&amp; Name='Warning' &amp;&amp; ClassName='#32770') (The object specified was not found.)
\0&lt;/a&gt;
E, 3504, 18, 2013/05/23, 18:43:21.974, 2906499244439, QTAgent32.exe, Playback - [IMAGE] C:\Users\testuser\AppData\Local\Temp\UITestLogs\LastRun\RPF7154.png
\0
W, 3504, 18, 2013/05/23, 18:43:21.975, 2906499246805, QTAgent32.exe, Playback - [WARNING] Internal warning: Couldn't find descendants that match QueryId
\0
W, 3504, 18, 2013/05/23, 18:43:21.975, 2906499250519, QTAgent32.exe, PERF WARNING: FindTopLevelWindowHelper::FindAllDescendents: took 3232 ms. Expected it to take maximum 500 ms.
E, 3504, 18, 2013/05/23, 18:43:21.975, 2906499252487, QTAgent32.exe, Exception: System.Runtime.InteropServices.COMException
	Message: Error HRESULT E_FAIL has been returned from a call to a COM component.
	Stack Trace:    at Microsoft.VisualStudio.TestTools.UITest.Playback.Engine.IRPFPlayback.FindAllScreenElements(IScreenElement pScreenElementStart, String bstrQueryId, Object&amp; pvarResKeys, Int32 cResKeys, Int32 nMaxDepth, Object[]&amp; foundDescendants)
   at Microsoft.VisualStudio.TestTools.UITest.Playback.ScreenElement.FindTopLevelWindowHelper(String queryId)
	BaseExceptionMessage: Error HRESULT E_FAIL has been returned from a call to a COM component.

E, 3504, 18, 2013/05/23, 18:43:22.180, 2906502194293, QTAgent32.exe, AL: Playback Error: Microsoft.VisualStudio.TestTools.UITest.Extension.UITestControlNotFoundException: The playback failed to find the control with the given search properties. Additional Details: 
TechnologyName:  'MSAA'
ControlType:  'Window'
Name:  'Warning'
ClassName:  '#32770'
 ---&gt; System.Runtime.InteropServices.COMException: Error HRESULT E_FAIL has been returned from a call to a COM component.
   at Microsoft.VisualStudio.TestTools.UITest.Playback.Engine.IRPFPlayback.FindAllScreenElements(IScreenElement pScreenElementStart, String bstrQueryId, Object&amp; pvarResKeys, Int32 cResKeys, Int32 nMaxDepth, Object[]&amp; foundDescendants)
   at Microsoft.VisualStudio.TestTools.UITest.Playback.ScreenElement.FindTopLevelWindowHelper(String queryId)
   at Microsoft.VisualStudio.TestTools.UITest.Playback.ScreenElement.FindFromPartialQueryId(String queryId)
   at Microsoft.VisualStudio.TestTools.UITesting.UITestControl..ctor(String queryId)
   --- End of inner exception stack trace ---
   at Microsoft.VisualStudio.TestTools.UITesting.Playback.MapControlNotFoundException(COMException ex, IPlaybackContext context)
   at Microsoft.VisualStudio.TestTools.UITesting.Playback.MapAndThrowComException(COMException innerException, IPlaybackContext context)
   at Microsoft.VisualStudio.TestTools.UITesting.Playback.MapAndThrowException(SystemException exception, IPlaybackContext context)
   at Microsoft.VisualStudio.TestTools.UITesting.Playback.MapAndThrowException(SystemException exception, String queryId)
   at Microsoft.VisualStudio.TestTools.UITesting.UITestControl..ctor(String queryId)
   at Microsoft.VisualStudio.TestTools.UITesting.SearchHelper.SearchTopLevelWindow(ISearchArgument topLevelSearchArg, String topLevelElementQueryId)
   at Microsoft.VisualStudio.TestTools.UITesting.SearchHelper.GetTitleUpdatedTopLevelWindow(ISearchArgument topLevelSearchArg, String queryId, IList`1 windowTitles)
   at Microsoft.VisualStudio.TestTools.UITesting.SearchHelper.GetTopLevelElement(Boolean useCache, Boolean useCacheOnly, ISearchArgument searchArg, IList`1 windowTitles, Int32&amp; timeLeft)
   at Microsoft.VisualStudio.TestTools.UITesting.SearchHelper.GetElement(Boolean useCache, ISearchArgument searchArg)
   at Microsoft.VisualStudio.TestTools.UITesting.SearchHelper.Search(ISearchArgument searchArg)
   at Microsoft.VisualStudio.TestTools.UITesting.UITestControl.FindInternal()
   at Microsoft.VisualStudio.TestTools.UITesting.UITestControl.FindControlIfNecessary()
   at Microsoft.VisualStudio.TestTools.UITesting.UITestControl.Click(MouseButtons button, ModifierKeys modifierKeys, Point relativeCoordinates)
   at Microsoft.VisualStudio.TestTools.UITesting.Mouse.ClickImplementation(UITestControl control, MouseButtons button, ModifierKeys modifierKeys, Point relativeCoordinate)
   at Microsoft.VisualStudio.TestTools.UITesting.Mouse.ClickImplementationWrapper(UITestControl control, MouseButtons button, ModifierKeys modifierKeys, Point relativeCoordinate)
W, 3504, 18, 2013/05/23, 18:43:22.181, 2906502198273, QTAgent32.exe, PlaybackErrorHandler: Ignoring exception as ContinueOnError is set.
W, 3504, 18, 2013/05/23, 18:43:22.285, 2906503687531, QTAgent32.exe, &lt;a class=success&gt;Playback - {17} [SUCCESS] TypeString "#(R)"
\0&lt;/a&gt;
W, 3504, 18, 2013/05/23, 18:43:23.338, 2906518763078, QTAgent32.exe, PERF WARNING: FindTopLevelWindowHelper::FindAllDescendents: took 951 ms. Expected it to take maximum 500 ms.
W, 3504, 18, 2013/05/23, 18:43:24.002, 2906528280315, QTAgent32.exe, PERF WARNING: FindAllDescendents: took 660 ms. Expected it to take maximum 500 ms.
E, 3504, 18, 2013/05/23, 18:43:24.026, 2906528617537, QTAgent32.exe, Exception: System.ArgumentException
	Message: Value does not fall within the expected range.
	Stack Trace:    at Accessibility.IAccessible.get_accRole(Object varChild)
   at Microsoft.VisualStudio.TestTools.UITest.Extension.Msaa.AccWrapper.get_RoleInt()
	BaseExceptionMessage: Value does not fall within the expected range.

E, 3504, 18, 2013/05/23, 18:43:24.044, 2906528877390, QTAgent32.exe, Exception: System.ArgumentException
	Message: Value does not fall within the expected range.
	Stack Trace:    at Accessibility.IAccessible.get_accRole(Object varChild)
   at Microsoft.VisualStudio.TestTools.UITest.Extension.Msaa.AccWrapper.get_RoleInt()
	BaseExceptionMessage: Value does not fall within the expected range.

W, 3504, 18, 2013/05/23, 18:43:25.466, 2906549252576, QTAgent32.exe, &lt;a class=success&gt;Playback - {18} [SUCCESS] LeftButtonClick  &lt; Mouse cursor location (87, 908) &gt;
\0&lt;/a&gt;
W, 3504, 18, 2013/05/23, 18:43:27.065, 2906572134881, QTAgent32.exe, &lt;a class=success&gt;Playback - {19} [SUCCESS] SetValueAsEditBox "c:\TestProject7\ourmma.reg"  &lt; Set via SendKeys &gt;
\0&lt;/a&gt;
W, 3504, 18, 2013/05/23, 18:43:27.066, 2906572138124, QTAgent32.exe, &lt;a class=success&gt;Playback - {20} [SUCCESS] SetValueAsComboBox "c:\TestProject7\ourmma.reg" - "[MSAA, VisibleOnly]ControlType='ComboBox' &amp;&amp; Name='Open:'"  &lt; Set via SetValueAsEditBox &gt;
\0&lt;/a&gt;
W, 3504, 18, 2013/05/23, 18:43:27.317, 2906575740463, QTAgent32.exe, &lt;a class=success&gt;Playback - {21} [SUCCESS] MouseButtonClick - "[MSAA, VisibleOnly]ControlType='Button' &amp;&amp; Name='OK'"
\0&lt;/a&gt;
W, 3504, 18, 2013/05/23, 18:43:27.808, 2906582769305, QTAgent32.exe, Playback - [WARNING] Internal warning: Window Not Found: [VisibleOnly]ControlType='Window' &amp;&amp; Name='Registry Editor' &amp;&amp; ClassName='#32770'
\0
E, 3504, 18, 2013/05/23, 18:43:27.808, 2906582772686, QTAgent32.exe, &lt;a class=failure&gt;Playback - {22} [FAILED] Function ElementFetcher::FindScreenElement failed to locate UI element (Searching: ;[VisibleOnly]ControlType='Window' &amp;&amp; Name='Registry Editor' &amp;&amp; ClassName='#32770') (The object specified was not found.)
\0&lt;/a&gt;
E, 3504, 18, 2013/05/23, 18:43:28.017, 2906585760411, QTAgent32.exe, Playback - [IMAGE] C:\Users\testuser\AppData\Local\Temp\UITestLogs\LastRun\RPF886E.png
\0
W, 3504, 18, 2013/05/23, 18:43:28.017, 2906585762835, QTAgent32.exe, Playback - [WARNING] Internal warning: Couldn't find descendants that match QueryId
\0
W, 3504, 18, 2013/05/23, 18:43:28.017, 2906585765785, QTAgent32.exe, PERF WARNING: FindTopLevelWindowHelper::FindAllDescendents: took 596 ms. Expected it to take maximum 500 ms.
W, 3504, 18, 2013/05/23, 18:43:29.879, 2906612422183, QTAgent32.exe, PERF WARNING: FindTopLevelWindowHelper::FindAllDescendents: took 1861 ms. Expected it to take maximum 500 ms.
W, 3504, 18, 2013/05/23, 18:43:30.157, 2906616400798, QTAgent32.exe, &lt;a class=success&gt;Playback - {23} [SUCCESS] MouseButtonClick - "[MSAA, VisibleOnly]ControlType='Button' &amp;&amp; Name='Yes'"
\0&lt;/a&gt;
W, 3504, 18, 2013/05/23, 18:43:30.526, 2906621677561, QTAgent32.exe, &lt;a class=success&gt;Playback - {24} [SUCCESS] MouseButtonClick - "[MSAA, VisibleOnly]ControlType='Button' &amp;&amp; Name='OK'"
\0&lt;/a&gt;
W, 3504, 18, 2013/05/23, 18:43:30.824, 2906625955255, QTAgent32.exe, &lt;a class=success&gt;Playback - {25} [SUCCESS] MouseButtonClick - "[MSAA, VisibleOnly]ControlType='Button' &amp;&amp; Name='Clients &amp; Files'"
\0&lt;/a&gt;
W, 3504, 18, 2013/05/23, 18:43:31.269, 2906632317243, QTAgent32.exe, Playback - [WARNING] Internal warning: Window Not Found: [VisibleOnly]ControlType='Window' &amp;&amp; ClassName='ThunderRT6MDIForm'
\0
E, 3504, 18, 2013/05/23, 18:43:31.269, 2906632319951, QTAgent32.exe, &lt;a class=failure&gt;Playback - {26} [FAILED] Function ElementFetcher::FindScreenElement failed to locate UI element (Searching: ;[VisibleOnly]ControlType='Window' &amp;&amp; ClassName='ThunderRT6MDIForm') (The object specified was not found.)
\0&lt;/a&gt;
E, 3504, 18, 2013/05/23, 18:43:31.422, 2906634519246, QTAgent32.exe, Playback - [IMAGE] C:\Users\testuser\AppData\Local\Temp\UITestLogs\LastRun\RPF95F6.png
\0
W, 3504, 18, 2013/05/23, 18:43:31.423, 2906634521674, QTAgent32.exe, Playback - [WARNING] Internal warning: Couldn't find descendants that match QueryId
\0
W, 3504, 18, 2013/05/23, 18:43:34.581, 2906679744649, QTAgent32.exe, PERF WARNING: FindTopLevelWindowHelper::FindAllDescendents: took 3157 ms. Expected it to take maximum 500 ms.
W, 3504, 18, 2013/05/23, 18:43:35.711, 2906695923937, QTAgent32.exe, Playback - [WARNING] Internal warning: Incorrect flag set for InvokeProgrammaticAction\0
W, 3504, 18, 2013/05/23, 18:43:35.833, 2906697666772, QTAgent32.exe, &lt;a class=success&gt;Playback - {27} [SUCCESS] SetValueAsComboBox "Customers" - "[MSAA, VisibleOnly]ControlType='ComboBox'"  &lt; SetValueAsComboBox, set by clicking on the item in the list box &gt;
\0&lt;/a&gt;
W, 3504, 18, 2013/05/23, 18:43:36.315, 2906704571081, QTAgent32.exe, &lt;a class=success&gt;Playback - {28} [SUCCESS] MouseButtonClick - "[MSAA, VisibleOnly]ControlType='Button' &amp;&amp; Name='Add'"
\0&lt;/a&gt;
W, 3504, 18, 2013/05/23, 18:43:37.229, 2906717666921, QTAgent32.exe, &lt;a class=success&gt;Playback - {29} [SUCCESS] SendKeys "autotest" - "[MSAA, VisibleOnly]ControlType='RadioButton' &amp;&amp; Name='Personal Lines'"
\0&lt;/a&gt;
W, 3504, 18, 2013/05/23, 18:43:38.352, 2906733739507, QTAgent32.exe, &lt;a class=success&gt;Playback - {30} [SUCCESS] SetValueAsEditBox "autotest" - "[MSAA, VisibleOnly]ControlType='Edit'"  &lt; Set via SendKeys &gt;
\0&lt;/a&gt;
W, 3504, 18, 2013/05/23, 18:43:38.587, 2906737102334, QTAgent32.exe, &lt;a class=success&gt;Playback - {31} [SUCCESS] MouseButtonClick - "[MSAA, VisibleOnly]ControlType='Button' &amp;&amp; Name='OK'"
\0&lt;/a&gt;
W, 3504, 18, 2013/05/23, 18:43:39.214, 2906746074131, QTAgent32.exe, &lt;a class=success&gt;Playback - {32} [SUCCESS] MouseButtonClick - "[MSAA, VisibleOnly]ControlType='Button' &amp;&amp; Name='Yes'"
\0&lt;/a&gt;
W, 3504, 18, 2013/05/23, 18:43:39.865, 2906755397012, QTAgent32.exe, &lt;a class=success&gt;Playback - {33} [SUCCESS] SendKeys "^{HOME}" - "[MSAA, VisibleOnly]ControlType='Edit'"
\0&lt;/a&gt;
E, 3504, 18, 2013/05/23, 18:43:39.865, 2906755400624, QTAgent32.exe, Msaa.GetFocusedElement: could not find accessible object of foreground window
W, 3504, 18, 2013/05/23, 18:43:39.925, 2906756259772, QTAgent32.exe, &lt;a class=success&gt;Playback - {34} [SUCCESS] SendKeys "^+{END}" - "[MSAA, VisibleOnly]ControlType='Edit'"
\0&lt;/a&gt;
E, 3504, 18, 2013/05/23, 18:43:39.925, 2906756263252, QTAgent32.exe, Msaa.GetFocusedElement: could not find accessible object of foreground window
W, 3504, 18, 2013/05/23, 18:43:39.953, 2906756661301, QTAgent32.exe, &lt;a class=success&gt;Playback - {35} [SUCCESS] SendKeys "{DELETE}" - "[MSAA, VisibleOnly]ControlType='Edit'"
\0&lt;/a&gt;
W, 3504, 18, 2013/05/23, 18:43:40.421, 2906763361102, QTAgent32.exe, &lt;a class=success&gt;Playback - {36} [SUCCESS] SetValueAsEditBox "1" - "[MSAA, VisibleOnly]ControlType='Edit'"  &lt; Set via SendKeys &gt;
\0&lt;/a&gt;
W, 3504, 18, 2013/05/23, 18:43:41.005, 2906771732754, QTAgent32.exe, &lt;a class=success&gt;Playback - {37} [SUCCESS] SendKeys "^{HOME}" - "[MSAA, VisibleOnly]ControlType='Edit'"
\0&lt;/a&gt;
E, 3504, 18, 2013/05/23, 18:43:41.006, 2906771736579, QTAgent32.exe, Msaa.GetFocusedElement: could not find accessible object of foreground window
W, 3504, 18, 2013/05/23, 18:43:41.068, 2906772634007, QTAgent32.exe, &lt;a class=success&gt;Playback - {38} [SUCCESS] SendKeys "^+{END}" - "[MSAA, VisibleOnly]ControlType='Edit'"
\0&lt;/a&gt;
E, 3504, 18, 2013/05/23, 18:43:41.069, 2906772637154, QTAgent32.exe, Msaa.GetFocusedElement: could not find accessible object of foreground window
W, 3504, 18, 2013/05/23, 18:43:41.086, 2906772892542, QTAgent32.exe, &lt;a class=success&gt;Playback - {39} [SUCCESS] SendKeys "{DELETE}" - "[MSAA, VisibleOnly]ControlType='Edit'"
\0&lt;/a&gt;
W, 3504, 18, 2013/05/23, 18:43:41.501, 2906778829866, QTAgent32.exe, &lt;a class=success&gt;Playback - {40} [SUCCESS] SetValueAsEditBox "1" - "[MSAA, VisibleOnly]ControlType='Edit'"  &lt; Set via SendKeys &gt;
\0&lt;/a&gt;
W, 3504, 18, 2013/05/23, 18:43:43.111, 2906801877462, QTAgent32.exe, Playback - [WARNING] Internal warning: Target element "[MSAA, VisibleOnly]ControlType='Button' &amp;&amp; Name='OK'" was not found, so all intermediate elements were ignored. An incorrect element that matches target element Id can be found as the result.  Verify that all intermediate elements in QueryId have valid and unique Ids
\0
W, 3504, 18, 2013/05/23, 18:43:43.646, 2906809545694, QTAgent32.exe, PERF WARNING: FindAllDescendents: took 2043 ms. Expected it to take maximum 500 ms.
W, 3504, 18, 2013/05/23, 18:43:43.968, 2906814145396, QTAgent32.exe, &lt;a class=success&gt;Playback - {41} [SUCCESS] MouseButtonClick - "[MSAA, VisibleOnly]ControlType='Button' &amp;&amp; Name='OK'"
\0&lt;/a&gt;
W, 3504, 18, 2013/05/23, 18:43:44.406, 2906820418185, QTAgent32.exe, &lt;a class=success&gt;Playback - {42} [SUCCESS] MouseButtonClick - "[MSAA, VisibleOnly]ControlType='Button'"
\0&lt;/a&gt;
W, 3504, 18, 2013/05/23, 18:43:44.813, 2906826245909, QTAgent32.exe, &lt;a class=success&gt;Playback - {43} [SUCCESS] MouseButtonClick - "[MSAA, VisibleOnly]ControlType='Button' &amp;&amp; Name='Add'"
\0&lt;/a&gt;
W, 3504, 18, 2013/05/23, 18:43:45.177, 2906831459731, QTAgent32.exe, &lt;a class=success&gt;Playback - {44} [SUCCESS] MouseButtonClick - "[MSAA, VisibleOnly]ControlType='Button' &amp;&amp; Name='OK'"
\0&lt;/a&gt;
W, 3504, 18, 2013/05/23, 18:43:47.430, 2906863722448, QTAgent32.exe, &lt;a class=success&gt;Playback - {45} [SUCCESS] MouseButtonClick - "[MSAA, VisibleOnly,Window]ControlType='Window' &amp;&amp; ClassName='ThunderRT6TextBox'"
\0&lt;/a&gt;
W, 3504, 18, 2013/05/23, 18:43:48.584, 2906880241818, QTAgent32.exe, &lt;a class=success&gt;Playback - {46} [SUCCESS] SetValueAsEditBox "HOME" - "[MSAA, VisibleOnly]ControlType='Edit'"  &lt; Set via SendKeys &gt;
\0&lt;/a&gt;
W, 3504, 18, 2013/05/23, 18:43:48.964, 2906885684320, QTAgent32.exe, &lt;a class=success&gt;Playback - {47} [SUCCESS] MouseButtonClick - "[MSAA, VisibleOnly]ControlType='Button' &amp;&amp; Name='OK'"
\0&lt;/a&gt;
W, 3504, 18, 2013/05/23, 18:43:49.212, 2906889240342, QTAgent32.exe, &lt;a class=success&gt;Playback - {48} [SUCCESS] MouseButtonClick - "[MSAA, VisibleOnly]ControlType='Button' &amp;&amp; Name='Options'"
\0&lt;/a&gt;
W, 3504, 18, 2013/05/23, 18:43:49.313, 2906890677107, QTAgent32.exe, FindScreenElementInSinglePass : Attempting to find control in one pass of search. Failures can occur.
W, 3504, 18, 2013/05/23, 18:43:49.899, 2906899077760, QTAgent32.exe, &lt;a class=success&gt;Playback - {49} [SUCCESS] MouseButtonClick - "[MSAA]ControlType='MenuItem' &amp;&amp; Name='Links'"
\0&lt;/a&gt;
W, 3504, 18, 2013/05/23, 18:43:50.000, 2906900515891, QTAgent32.exe, FindScreenElementInSinglePass : Attempting to find control in one pass of search. Failures can occur.
W, 3504, 18, 2013/05/23, 18:43:50.510, 2906907813399, QTAgent32.exe, &lt;a class=success&gt;Playback - {50} [SUCCESS] MouseButtonClick - "[MSAA]ControlType='MenuItem' &amp;&amp; Name='3rd Party Integration'"
\0&lt;/a&gt;
W, 3504, 18, 2013/05/23, 18:43:50.610, 2906909252921, QTAgent32.exe, FindScreenElementInSinglePass : Attempting to find control in one pass of search. Failures can occur.
W, 3504, 18, 2013/05/23, 18:43:51.180, 2906917414175, QTAgent32.exe, &lt;a class=success&gt;Playback - {51} [SUCCESS] MouseButtonClick - "[MSAA]ControlType='MenuItem' &amp;&amp; Name='Quote Select List'"
\0&lt;/a&gt;
W, 3504, 18, 2013/05/23, 18:43:53.786, 2906954731364, QTAgent32.exe, PERF WARNING: FindTopLevelWindowHelper::FindAllDescendents: took 2506 ms. Expected it to take maximum 500 ms.
W, 3504, 18, 2013/05/23, 18:43:54.066, 2906958733878, QTAgent32.exe, &lt;a class=success&gt;Playback - {52} [SUCCESS] MouseButtonClick - "[MSAA, VisibleOnly]ControlType='Button' &amp;&amp; Name='Ok'"
\0&lt;/a&gt;
W, 3504, 18, 2013/05/23, 18:43:56.729, 2906996870923, QTAgent32.exe, PERF WARNING: FindTopLevelWindowHelper::FindAllDescendents: took 2532 ms. Expected it to take maximum 500 ms.
W, 3504, 18, 2013/05/23, 18:43:57.248, 2907004292504, QTAgent32.exe, &lt;a class=success&gt;Playback - {53} [SUCCESS] SendKeys "^{HOME}" - "[MSAA, VisibleOnly]ControlType='Edit'"
\0&lt;/a&gt;
E, 3504, 18, 2013/05/23, 18:43:57.249, 2907004313669, QTAgent32.exe, Msaa.GetFocusedElement: could not find accessible object of foreground window
W, 3504, 18, 2013/05/23, 18:43:57.321, 2907005348188, QTAgent32.exe, &lt;a class=success&gt;Playback - {54} [SUCCESS] SendKeys "^+{END}" - "[MSAA, VisibleOnly]ControlType='Edit'"
\0&lt;/a&gt;
E, 3504, 18, 2013/05/23, 18:43:57.322, 2907005352553, QTAgent32.exe, Msaa.GetFocusedElement: could not find accessible object of foreground window
W, 3504, 18, 2013/05/23, 18:43:57.347, 2907005713742, QTAgent32.exe, &lt;a class=success&gt;Playback - {55} [SUCCESS] SendKeys "{DELETE}" - "[MSAA, VisibleOnly]ControlType='Edit'"
\0&lt;/a&gt;
W, 3504, 18, 2013/05/23, 18:43:58.067, 2907016021886, QTAgent32.exe, &lt;a class=success&gt;Playback - {56} [SUCCESS] SetValueAsEditBox "30/05/13" - "[MSAA, VisibleOnly]ControlType='Edit'"  &lt; Set via SendKeys &gt;
\0&lt;/a&gt;
W, 3504, 18, 2013/05/23, 18:43:58.899, 2907027938289, QTAgent32.exe, &lt;a class=success&gt;Playback - {57} [SUCCESS] SetValueAsEditBox "test1" - "[MSAA, VisibleOnly]ControlType='Edit'"  &lt; Set via SendKeys &gt;
\0&lt;/a&gt;
W, 3504, 18, 2013/05/23, 18:43:59.753, 2907040159455, QTAgent32.exe, &lt;a class=success&gt;Playback - {58} [SUCCESS] SetValueAsEditBox "test" - "[MSAA, VisibleOnly]ControlType='Edit'"  &lt; Set via SendKeys &gt;
\0&lt;/a&gt;
W, 3504, 18, 2013/05/23, 18:44:00.204, 2907046616543, QTAgent32.exe, &lt;a class=success&gt;Playback - {59} [SUCCESS] SendKeys "^{HOME}" - "[MSAA, VisibleOnly]ControlType='Edit'"
\0&lt;/a&gt;
E, 3504, 18, 2013/05/23, 18:44:00.204, 2907046619845, QTAgent32.exe, Msaa.GetFocusedElement: could not find accessible object of foreground window
W, 3504, 18, 2013/05/23, 18:44:00.261, 2907047432751, QTAgent32.exe, &lt;a class=success&gt;Playback - {60} [SUCCESS] SendKeys "^+{END}" - "[MSAA, VisibleOnly]ControlType='Edit'"
\0&lt;/a&gt;
E, 3504, 18, 2013/05/23, 18:44:00.261, 2907047435801, QTAgent32.exe, Msaa.GetFocusedElement: could not find accessible object of foreground window
W, 3504, 18, 2013/05/23, 18:44:00.275, 2907047634894, QTAgent32.exe, &lt;a class=success&gt;Playback - {61} [SUCCESS] SendKeys "{DELETE}" - "[MSAA, VisibleOnly]ControlType='Edit'"
\0&lt;/a&gt;
W, 3504, 18, 2013/05/23, 18:44:00.687, 2907053539058, QTAgent32.exe, &lt;a class=success&gt;Playback - {62} [SUCCESS] SetValueAsEditBox "test" - "[MSAA, VisibleOnly]ControlType='Edit'"  &lt; Set via SendKeys &gt;
\0&lt;/a&gt;
W, 3504, 18, 2013/05/23, 18:44:01.501, 2907065198149, QTAgent32.exe, Playback - [WARNING] Internal warning: Incorrect flag set for InvokeProgrammaticAction\0
W, 3504, 18, 2013/05/23, 18:44:01.624, 2907066956506, QTAgent32.exe, &lt;a class=success&gt;Playback - {63} [SUCCESS] SetValueAsComboBox "Account Director" - "[MSAA, VisibleOnly]ControlType='ComboBox'"  &lt; SetValueAsComboBox, set by clicking on the item in the list box &gt;
\0&lt;/a&gt;
W, 3504, 18, 2013/05/23, 18:44:02.426, 2907078432689, QTAgent32.exe, Playback - [WARNING] Internal warning: Incorrect flag set for InvokeProgrammaticAction\0
W, 3504, 18, 2013/05/23, 18:44:02.547, 2907080167964, QTAgent32.exe, &lt;a class=success&gt;Playback - {64} [SUCCESS] SetValueAsComboBox "Advertising" - "[MSAA, VisibleOnly]ControlType='ComboBox'"  &lt; SetValueAsComboBox, set by clicking on the item in the list box &gt;
\0&lt;/a&gt;
W, 3504, 18, 2013/05/23, 18:44:03.439, 2907092943524, QTAgent32.exe, &lt;a class=success&gt;Playback - {65} [SUCCESS] SetValueAsEditBox "160589" - "[MSAA, VisibleOnly]ControlType='Edit'"  &lt; Set via SendKeys &gt;
\0&lt;/a&gt;
W, 3504, 18, 2013/05/23, 18:44:03.672, 2907096283219, QTAgent32.exe, &lt;a class=success&gt;Playback - {66} [SUCCESS] MouseButtonClick - "[MSAA, VisibleOnly]ControlType='Edit'"
\0&lt;/a&gt;
W, 3504, 18, 2013/05/23, 18:44:04.524, 2907108480671, QTAgent32.exe, &lt;a class=success&gt;Playback - {67} [SUCCESS] SetValueAsEditBox "BN16BN" - "[MSAA, VisibleOnly]ControlType='Edit'"  &lt; Set via SendKeys &gt;
\0&lt;/a&gt;
W, 3504, 18, 2013/05/23, 18:44:06.756, 2907140428168, QTAgent32.exe, &lt;a class=success&gt;Playback - {68} [SUCCESS] MouseButtonClick - "[MSAA, VisibleOnly]ControlType='Button' &amp;&amp; Name='Lookup...'"
\0&lt;/a&gt;
W, 3504, 18, 2013/05/23, 18:44:07.030, 2907144349949, QTAgent32.exe, &lt;a class=success&gt;Playback - {69} [SUCCESS] MouseButtonClick - "[MSAA, VisibleOnly]ControlType='Button' &amp;&amp; Name='Ok'"
\0&lt;/a&gt;
W, 3504, 18, 2013/05/23, 18:44:07.393, 2907149555224, QTAgent32.exe, &lt;a class=success&gt;Playback - {70} [SUCCESS] MouseButtonClick - "[MSAA, VisibleOnly]ControlType='Button' &amp;&amp; Name='Next &gt;'"
\0&lt;/a&gt;
W, 3504, 18, 2013/05/23, 18:44:08.559, 2907166254588, QTAgent32.exe, &lt;a class=success&gt;Playback - {71} [SUCCESS] SetValueAsEditBox "1989" - "[MSAA, VisibleOnly]ControlType='Edit'"  &lt; Set via SendKeys &gt;
\0&lt;/a&gt;
W, 3504, 18, 2013/05/23, 18:44:08.866, 2907170652238, QTAgent32.exe, &lt;a class=success&gt;Playback - {72} [SUCCESS] MouseButtonClick - "[MSAA, VisibleOnly]ControlType='Button' &amp;&amp; Name='Next &gt;'"
\0&lt;/a&gt;
W, 3504, 18, 2013/05/23, 18:44:09.103, 2907174035218, QTAgent32.exe, &lt;a class=success&gt;Playback - {73} [SUCCESS] MouseButtonClick - "[MSAA, VisibleOnly]ControlType='Button' &amp;&amp; Name='Next &gt;'"
\0&lt;/a&gt;
W, 3504, 18, 2013/05/23, 18:44:09.323, 2907177193862, QTAgent32.exe, &lt;a class=success&gt;Playback - {74} [SUCCESS] MouseButtonClick - "[MSAA, VisibleOnly]ControlType='Button' &amp;&amp; Name='Next &gt;'"
\0&lt;/a&gt;
W, 3504, 18, 2013/05/23, 18:44:10.356, 2907191972720, QTAgent32.exe, &lt;a class=success&gt;Playback - {75} [SUCCESS] SetValueAsEditBox "2345" - "[MSAA, VisibleOnly]ControlType='Edit'"  &lt; Set via SendKeys &gt;
\0&lt;/a&gt;
W, 3504, 18, 2013/05/23, 18:44:11.513, 2907208541407, QTAgent32.exe, &lt;a class=success&gt;Playback - {76} [SUCCESS] SetValueAsEditBox "2000" - "[MSAA, VisibleOnly]ControlType='Edit'"  &lt; Set via SendKeys &gt;
\0&lt;/a&gt;
W, 3504, 18, 2013/05/23, 18:44:12.659, 2907224952198, QTAgent32.exe, &lt;a class=success&gt;Playback - {77} [SUCCESS] SetValueAsEditBox "2000" - "[MSAA, VisibleOnly]ControlType='Edit'"  &lt; Set via SendKeys &gt;
\0&lt;/a&gt;
W, 3504, 18, 2013/05/23, 18:44:12.880, 2907228121525, QTAgent32.exe, &lt;a class=success&gt;Playback - {78} [SUCCESS] MouseButtonClick - "[MSAA, VisibleOnly]ControlType='Button' &amp;&amp; Name='Next &gt;'"
\0&lt;/a&gt;
W, 3504, 18, 2013/05/23, 18:44:13.926, 2907243090438, QTAgent32.exe, &lt;a class=success&gt;Playback - {79} [SUCCESS] SetValueAsEditBox "2345" - "[MSAA, VisibleOnly]ControlType='Edit'"  &lt; Set via SendKeys &gt;
\0&lt;/a&gt;
W, 3504, 18, 2013/05/23, 18:44:14.177, 2907246684636, QTAgent32.exe, &lt;a class=success&gt;Playback - {80} [SUCCESS] MouseButtonClick - "[MSAA, VisibleOnly]ControlType='Button' &amp;&amp; Name='Next &gt;'"
\0&lt;/a&gt;
W, 3504, 18, 2013/05/23, 18:44:14.453, 2907250642558, QTAgent32.exe, &lt;a class=success&gt;Playback - {81} [SUCCESS] MouseButtonClick - "[MSAA, VisibleOnly]ControlType='Button' &amp;&amp; Name='Next &gt;'"
\0&lt;/a&gt;
W, 3504, 18, 2013/05/23, 18:44:14.823, 2907255929783, QTAgent32.exe, &lt;a class=success&gt;Playback - {82} [SUCCESS] MouseButtonClick - "[MSAA, VisibleOnly]ControlType='Button' &amp;&amp; Name='Quote'"
\0&lt;/a&gt;
W, 3504, 18, 2013/05/23, 18:44:15.054, 2907259246425, QTAgent32.exe, &lt;a class=success&gt;Playback - {83} [SUCCESS] MouseButtonClick - "[MSAA, VisibleOnly]ControlType='Button' &amp;&amp; Name='No'"
\0&lt;/a&gt;
W, 3504, 18, 2013/05/23, 18:44:15.527, 2907266011751, QTAgent32.exe, &lt;a class=success&gt;Playback - {84} [SUCCESS] MouseButtonClick - "[MSAA, VisibleOnly]ControlType='Button' &amp;&amp; Name='Ok'"
\0&lt;/a&gt;
W, 3504, 18, 2013/05/23, 18:44:15.878, 2907271043860, QTAgent32.exe, Playback - [WARNING] Internal warning: The window that the search started from became invalid
\0
W, 3504, 18, 2013/05/23, 18:44:18.060, 2907302284119, QTAgent32.exe, PERF WARNING: FindTopLevelWindowHelper::FindAllDescendents: took 2431 ms. Expected it to take maximum 500 ms.
W, 3504, 18, 2013/05/23, 18:44:18.223, 2907304615150, QTAgent32.exe, &lt;a class=success&gt;Playback - {85} [SUCCESS] MouseButtonClick - "[MSAA, VisibleOnly]ControlType='Client'"
\0&lt;/a&gt;
W, 3504, 18, 2013/05/23, 18:44:20.137, 2907332021990, QTAgent32.exe, &lt;a class=success&gt;Playback - {86} [SUCCESS] SendKeys "{Home}" - "[MSAA, VisibleOnly]ControlType='Client'"
\0&lt;/a&gt;
W, 3504, 18, 2013/05/23, 18:44:21.935, 2907357764295, QTAgent32.exe, &lt;a class=success&gt;Playback - {87} [SUCCESS] MouseButtonClick - "[MSAA, VisibleOnly]ControlType='Button' &amp;&amp; Name='Accept'"
\0&lt;/a&gt;
W, 3504, 18, 2013/05/23, 18:44:24.183, 2907389958901, QTAgent32.exe, &lt;a class=success&gt;Playback - {88} [SUCCESS] MouseButtonClick - "[MSAA, VisibleOnly]ControlType='Button' &amp;&amp; Name='Yes'"
\0&lt;/a&gt;
W, 3504, 18, 2013/05/23, 18:44:35.242, 2907548306961, QTAgent32.exe, Playback - [WARNING] Internal warning: Window Not Found: [VisibleOnly]ControlType='Window' &amp;&amp; Name='Broker Add-ons' &amp;&amp; ClassName='ThunderRT6FormDC'
\0
E, 3504, 18, 2013/05/23, 18:44:35.243, 2907548313181, QTAgent32.exe, &lt;a class=failure&gt;Playback - {89} [FAILED] Function ElementFetcher::FindScreenElement failed to locate UI element (Searching: ;[VisibleOnly]ControlType='Window' &amp;&amp; Name='Broker Add-ons' &amp;&amp; ClassName='ThunderRT6FormDC') (The object specified was not found.)
\0&lt;/a&gt;
E, 3504, 18, 2013/05/23, 18:44:35.351, 2907549865441, QTAgent32.exe, Playback - [IMAGE] C:\Users\testuser\AppData\Local\Temp\UITestLogs\LastRun\RPF8FDF.png
\0
W, 3504, 18, 2013/05/23, 18:44:35.351, 2907549868029, QTAgent32.exe, Playback - [WARNING] Internal warning: Couldn't find descendants that match QueryId
\0
W, 3504, 18, 2013/05/23, 18:44:35.352, 2907549873376, QTAgent32.exe, PERF WARNING: FindTopLevelWindowHelper::FindAllDescendents: took 11051 ms. Expected it to take maximum 500 ms.
W, 3504, 18, 2013/05/23, 18:44:54.724, 2907827250129, QTAgent32.exe, Playback - [WARNING] Internal warning: Window Not Found: [VisibleOnly]ControlType='Window' &amp;&amp; Name='Broker Add-ons' &amp;&amp; ClassName='ThunderRT6FormDC'
\0
E, 3504, 18, 2013/05/23, 18:44:54.725, 2907827259225, QTAgent32.exe, &lt;a class=failure&gt;Playback - {90} [FAILED] Function ElementFetcher::FindScreenElement failed to locate UI element (Searching: ;[VisibleOnly]ControlType='Window' &amp;&amp; Name='Broker Add-ons' &amp;&amp; ClassName='ThunderRT6FormDC') (The object specified was not found.)
\0&lt;/a&gt;
E, 3504, 18, 2013/05/23, 18:44:54.815, 2907828545655, QTAgent32.exe, Playback - [IMAGE] C:\Users\testuser\AppData\Local\Temp\UITestLogs\LastRun\RPFDBFC.png
\0
W, 3504, 18, 2013/05/23, 18:44:54.815, 2907828547903, QTAgent32.exe, Playback - [WARNING] Internal warning: Couldn't find descendants that match QueryId
\0
W, 3504, 18, 2013/05/23, 18:44:54.815, 2907828555557, QTAgent32.exe, PERF WARNING: FindTopLevelWindowHelper::FindAllDescendents: took 19461 ms. Expected it to take maximum 500 ms.
W, 3504, 18, 2013/05/23, 18:44:57.530, 2907867423099, QTAgent32.exe, Playback - [WARNING] Internal warning: Smart Match failed
\0
W, 3504, 18, 2013/05/23, 18:44:58.926, 2907887412426, QTAgent32.exe, Playback - [WARNING] Internal warning: Window Not Found: [VisibleOnly]ControlType='Window' &amp;&amp; Name='Broker Add-ons' &amp;&amp; ClassName='ThunderRT6FormDC'
\0
E, 3504, 18, 2013/05/23, 18:44:58.926, 2907887416733, QTAgent32.exe, &lt;a class=failure&gt;Playback - {91} [FAILED] Function ElementFetcher::FindScreenElement failed to locate UI element (Searching: ;[VisibleOnly]ControlType='Window' &amp;&amp; Name='Broker Add-ons' &amp;&amp; ClassName='ThunderRT6FormDC') (The object specified was not found.)
\0&lt;/a&gt;
E, 3504, 18, 2013/05/23, 18:44:59.012, 2907888647304, QTAgent32.exe, Playback - [IMAGE] C:\Users\testuser\AppData\Local\Temp\UITestLogs\LastRun\RPFEC62.png
\0
W, 3504, 18, 2013/05/23, 18:44:59.012, 2907888649781, QTAgent32.exe, Playback - [WARNING] Internal warning: Couldn't find descendants that match QueryId
\0
W, 3504, 18, 2013/05/23, 18:44:59.013, 2907888653465, QTAgent32.exe, PERF WARNING: FindTopLevelWindowHelper::FindAllDescendents: took 4196 ms. Expected it to take maximum 500 ms.
E, 3504, 18, 2013/05/23, 18:44:59.013, 2907888655576, QTAgent32.exe, Exception: System.Runtime.InteropServices.COMException
	Message: Error HRESULT E_FAIL has been returned from a call to a COM component.
	Stack Trace:    at Microsoft.VisualStudio.TestTools.UITest.Playback.Engine.IRPFPlayback.FindAllScreenElements(IScreenElement pScreenElementStart, String bstrQueryId, Object&amp; pvarResKeys, Int32 cResKeys, Int32 nMaxDepth, Object[]&amp; foundDescendants)
   at Microsoft.VisualStudio.TestTools.UITest.Playback.ScreenElement.FindTopLevelWindowHelper(String queryId)
	BaseExceptionMessage: Error HRESULT E_FAIL has been returned from a call to a COM component.

E, 3504, 18, 2013/05/23, 18:44:59.114, 2907890107168, QTAgent32.exe, AL: Playback Error: Microsoft.VisualStudio.TestTools.UITest.Extension.UITestControlNotFoundException: The playback failed to find the control with the given search properties. Additional Details: 
TechnologyName:  'MSAA'
ControlType:  'Window'
Name:  'Broker Add-ons'
ClassName:  'ThunderRT6FormDC'
 ---&gt; System.Runtime.InteropServices.COMException: Error HRESULT E_FAIL has been returned from a call to a COM component.
   at Microsoft.VisualStudio.TestTools.UITest.Playback.Engine.IRPFPlayback.FindAllScreenElements(IScreenElement pScreenElementStart, String bstrQueryId, Object&amp; pvarResKeys, Int32 cResKeys, Int32 nMaxDepth, Object[]&amp; foundDescendants)
   at Microsoft.VisualStudio.TestTools.UITest.Playback.ScreenElement.FindTopLevelWindowHelper(String queryId)
   at Microsoft.VisualStudio.TestTools.UITest.Playback.ScreenElement.FindFromPartialQueryId(String queryId)
   at Microsoft.VisualStudio.TestTools.UITesting.UITestControl..ctor(String queryId)
   --- End of inner exception stack trace ---
   at Microsoft.VisualStudio.TestTools.UITesting.Playback.MapControlNotFoundException(COMException ex, IPlaybackContext context)
   at Microsoft.VisualStudio.TestTools.UITesting.Playback.MapAndThrowComException(COMException innerException, IPlaybackContext context)
   at Microsoft.VisualStudio.TestTools.UITesting.Playback.MapAndThrowException(SystemException exception, IPlaybackContext context)
   at Microsoft.VisualStudio.TestTools.UITesting.Playback.MapAndThrowException(SystemException exception, String queryId)
   at Microsoft.VisualStudio.TestTools.UITesting.UITestControl..ctor(String queryId)
   at Microsoft.VisualStudio.TestTools.UITesting.SearchHelper.SearchTopLevelWindow(ISearchArgument topLevelSearchArg, String topLevelElementQueryId)
   at Microsoft.VisualStudio.TestTools.UITesting.SearchHelper.GetTitleUpdatedTopLevelWindow(ISearchArgument topLevelSearchArg, String queryId, IList`1 windowTitles)
   at Microsoft.VisualStudio.TestTools.UITesting.SearchHelper.GetTopLevelElement(Boolean useCache, Boolean useCacheOnly, ISearchArgument searchArg, IList`1 windowTitles, Int32&amp; timeLeft)
   at Microsoft.VisualStudio.TestTools.UITesting.SearchHelper.GetElement(Boolean useCache, ISearchArgument searchArg)
   at Microsoft.VisualStudio.TestTools.UITesting.SearchHelper.Search(ISearchArgument searchArg)
   at Microsoft.VisualStudio.TestTools.UITesting.UITestControl.FindInternal()
   at Microsoft.VisualStudio.TestTools.UITesting.UITestControl.FindControlIfNecessary()
   at Microsoft.VisualStudio.TestTools.UITesting.UITestControl.Click(MouseButtons button, ModifierKeys modifierKeys, Point relativeCoordinates)
   at Microsoft.VisualStudio.TestTools.UITesting.Mouse.ClickImplementation(UITestControl control, MouseButtons button, ModifierKeys modifierKeys, Point relativeCoordinate)
   at Microsoft.VisualStudio.TestTools.UITesting.Mouse.ClickImplementationWrapper(UITestControl control, MouseButtons button, ModifierKeys modifierKeys, Point relativeCoordinate)
W, 3504, 18, 2013/05/23, 18:44:59.114, 2907890110604, QTAgent32.exe, PlaybackErrorHandler: Ignoring exception as ContinueOnError is set.
W, 3504, 18, 2013/05/23, 18:45:06.644, 2907997924337, QTAgent32.exe, Playback - [WARNING] Internal warning: Window Not Found: [VisibleOnly]ControlType='Window' &amp;&amp; Name='Save the file as' &amp;&amp; ClassName='#32770'
\0
E, 3504, 18, 2013/05/23, 18:45:06.645, 2907997928545, QTAgent32.exe, &lt;a class=failure&gt;Playback - {92} [FAILED] Function ElementFetcher::FindScreenElement failed to locate UI element (Searching: ;[VisibleOnly]ControlType='Window' &amp;&amp; Name='Save the file as' &amp;&amp; ClassName='#32770') (The object specified was not found.)
\0&lt;/a&gt;
E, 3504, 18, 2013/05/23, 18:45:06.744, 2907999355179, QTAgent32.exe, Playback - [IMAGE] C:\Users\testuser\AppData\Local\Temp\UITestLogs\LastRun\RPFA8D.png
\0
W, 3504, 18, 2013/05/23, 18:45:06.744, 2907999357692, QTAgent32.exe, Playback - [WARNING] Internal warning: Couldn't find descendants that match QueryId
\0
W, 3504, 18, 2013/05/23, 18:45:06.745, 2907999361124, QTAgent32.exe, PERF WARNING: FindTopLevelWindowHelper::FindAllDescendents: took 7629 ms. Expected it to take maximum 500 ms.
W, 3504, 18, 2013/05/23, 18:45:25.893, 2908273536221, QTAgent32.exe, Playback - [WARNING] Internal warning: Window Not Found: [VisibleOnly]ControlType='Window' &amp;&amp; Name='Save the file as' &amp;&amp; ClassName='#32770'
\0
E, 3504, 18, 2013/05/23, 18:45:25.894, 2908273543443, QTAgent32.exe, &lt;a class=failure&gt;Playback - {93} [FAILED] Function ElementFetcher::FindScreenElement failed to locate UI element (Searching: ;[VisibleOnly]ControlType='Window' &amp;&amp; Name='Save the file as' &amp;&amp; ClassName='#32770') (The object specified was not found.)
\0&lt;/a&gt;
E, 3504, 18, 2013/05/23, 18:45:25.998, 2908275038282, QTAgent32.exe, Playback - [IMAGE] C:\Users\testuser\AppData\Local\Temp\UITestLogs\LastRun\RPF55C0.png
\0
W, 3504, 18, 2013/05/23, 18:45:25.998, 2908275040734, QTAgent32.exe, Playback - [WARNING] Internal warning: Couldn't find descendants that match QueryId
\0
W, 3504, 18, 2013/05/23, 18:45:25.999, 2908275045791, QTAgent32.exe, PERF WARNING: FindTopLevelWindowHelper::FindAllDescendents: took 19253 ms. Expected it to take maximum 500 ms.
W, 3504, 18, 2013/05/23, 18:45:28.642, 2908312892437, QTAgent32.exe, Playback - [WARNING] Internal warning: Smart Match failed
\0
W, 3504, 18, 2013/05/23, 18:45:30.022, 2908332655913, QTAgent32.exe, Playback - [WARNING] Internal warning: Window Not Found: [VisibleOnly]ControlType='Window' &amp;&amp; Name='Save the file as' &amp;&amp; ClassName='#32770'
\0
E, 3504, 18, 2013/05/23, 18:45:30.023, 2908332661134, QTAgent32.exe, &lt;a class=failure&gt;Playback - {94} [FAILED] Function ElementFetcher::FindScreenElement failed to locate UI element (Searching: ;[VisibleOnly]ControlType='Window' &amp;&amp; Name='Save the file as' &amp;&amp; ClassName='#32770') (The object specified was not found.)
\0&lt;/a&gt;
E, 3504, 18, 2013/05/23, 18:45:30.109, 2908333893350, QTAgent32.exe, Playback - [IMAGE] C:\Users\testuser\AppData\Local\Temp\UITestLogs\LastRun\RPF65D8.png
\0
W, 3504, 18, 2013/05/23, 18:45:30.109, 2908333895710, QTAgent32.exe, Playback - [WARNING] Internal warning: Couldn't find descendants that match QueryId
\0
W, 3504, 18, 2013/05/23, 18:45:30.109, 2908333901809, QTAgent32.exe, PERF WARNING: FindTopLevelWindowHelper::FindAllDescendents: took 4110 ms. Expected it to take maximum 500 ms.
E, 3504, 18, 2013/05/23, 18:45:30.110, 2908333904514, QTAgent32.exe, Exception: System.Runtime.InteropServices.COMException
	Message: Error HRESULT E_FAIL has been returned from a call to a COM component.
	Stack Trace:    at Microsoft.VisualStudio.TestTools.UITest.Playback.Engine.IRPFPlayback.FindAllScreenElements(IScreenElement pScreenElementStart, String bstrQueryId, Object&amp; pvarResKeys, Int32 cResKeys, Int32 nMaxDepth, Object[]&amp; foundDescendants)
   at Microsoft.VisualStudio.TestTools.UITest.Playback.ScreenElement.FindTopLevelWindowHelper(String queryId)
	BaseExceptionMessage: Error HRESULT E_FAIL has been returned from a call to a COM component.

E, 3504, 18, 2013/05/23, 18:45:30.210, 2908335348773, QTAgent32.exe, AL: Playback Error: Microsoft.VisualStudio.TestTools.UITest.Extension.UITestControlNotFoundException: The playback failed to find the control with the given search properties. Additional Details: 
TechnologyName:  'MSAA'
ControlType:  'Window'
Name:  'Save the file as'
ClassName:  '#32770'
 ---&gt; System.Runtime.InteropServices.COMException: Error HRESULT E_FAIL has been returned from a call to a COM component.
   at Microsoft.VisualStudio.TestTools.UITest.Playback.Engine.IRPFPlayback.FindAllScreenElements(IScreenElement pScreenElementStart, String bstrQueryId, Object&amp; pvarResKeys, Int32 cResKeys, Int32 nMaxDepth, Object[]&amp; foundDescendants)
   at Microsoft.VisualStudio.TestTools.UITest.Playback.ScreenElement.FindTopLevelWindowHelper(String queryId)
   at Microsoft.VisualStudio.TestTools.UITest.Playback.ScreenElement.FindFromPartialQueryId(String queryId)
   at Microsoft.VisualStudio.TestTools.UITesting.UITestControl..ctor(String queryId)
   --- End of inner exception stack trace ---
   at Microsoft.VisualStudio.TestTools.UITesting.Playback.MapControlNotFoundException(COMException ex, IPlaybackContext context)
   at Microsoft.VisualStudio.TestTools.UITesting.Playback.MapAndThrowComException(COMException innerException, IPlaybackContext context)
   at Microsoft.VisualStudio.TestTools.UITesting.Playback.MapAndThrowException(SystemException exception, IPlaybackContext context)
   at Microsoft.VisualStudio.TestTools.UITesting.Playback.MapAndThrowException(SystemException exception, String queryId)
   at Microsoft.VisualStudio.TestTools.UITesting.UITestControl..ctor(String queryId)
   at Microsoft.VisualStudio.TestTools.UITesting.SearchHelper.SearchTopLevelWindow(ISearchArgument topLevelSearchArg, String topLevelElementQueryId)
   at Microsoft.VisualStudio.TestTools.UITesting.SearchHelper.GetTitleUpdatedTopLevelWindow(ISearchArgument topLevelSearchArg, String queryId, IList`1 windowTitles)
   at Microsoft.VisualStudio.TestTools.UITesting.SearchHelper.GetTopLevelElement(Boolean useCache, Boolean useCacheOnly, ISearchArgument searchArg, IList`1 windowTitles, Int32&amp; timeLeft)
   at Microsoft.VisualStudio.TestTools.UITesting.SearchHelper.GetElement(Boolean useCache, ISearchArgument searchArg)
   at Microsoft.VisualStudio.TestTools.UITesting.SearchHelper.Search(ISearchArgument searchArg)
   at Microsoft.VisualStudio.TestTools.UITesting.UITestControl.FindInternal()
   at Microsoft.VisualStudio.TestTools.UITesting.UITestControl.FindControlIfNecessary()
   at Microsoft.VisualStudio.TestTools.UITesting.UITestControl.Click(MouseButtons button, ModifierKeys modifierKeys, Point relativeCoordinates)
   at Microsoft.VisualStudio.TestTools.UITesting.Mouse.ClickImplementation(UITestControl control, MouseButtons button, ModifierKeys modifierKeys, Point relativeCoordinate)
   at Microsoft.VisualStudio.TestTools.UITesting.Mouse.ClickImplementationWrapper(UITestControl control, MouseButtons button, ModifierKeys modifierKeys, Point relativeCoordinate)
W, 3504, 18, 2013/05/23, 18:45:30.221, 2908335504318, QTAgent32.exe, PlaybackErrorHandler: Ignoring exception as ContinueOnError is set.
W, 3504, 18, 2013/05/23, 18:45:30.771, 2908343379735, QTAgent32.exe, &lt;a class=success&gt;Playback - {95} [SUCCESS] MouseButtonClick - "[MSAA, VisibleOnly]ControlType='Button' &amp;&amp; Name='OK'"
\0&lt;/a&gt;
W, 3504, 18, 2013/05/23, 18:45:31.124, 2908348424555, QTAgent32.exe, &lt;a class=success&gt;Playback - {96} [SUCCESS] MouseButtonClick - "[MSAA, VisibleOnly]ControlType='Button' &amp;&amp; Name='Ok'"
\0&lt;/a&gt;
W, 3504, 18, 2013/05/23, 18:45:31.407, 2908352488429, QTAgent32.exe, &lt;a class=success&gt;Playback - {97} [SUCCESS] MouseButtonClick - "[MSAA, VisibleOnly]ControlType='Button' &amp;&amp; Name='Ok'"
\0&lt;/a&gt;
W, 3504, 18, 2013/05/23, 18:46:02.340, 2908795391770, QTAgent32.exe, &lt;a class=success&gt;Playback - {98} [SUCCESS] SetValueAsEditBox "B338TH" - "[MSAA, VisibleOnly]ControlType='Edit'"  &lt; Set via SendKeys &gt;
\0&lt;/a&gt;
W, 3504, 18, 2013/05/23, 18:46:04.581, 2908827467493, QTAgent32.exe, &lt;a class=success&gt;Playback - {99} [SUCCESS] MouseButtonClick - "[MSAA, VisibleOnly]ControlType='Button' &amp;&amp; Name='Lookup...'"
\0&lt;/a&gt;
W, 3504, 18, 2013/05/23, 18:46:04.836, 2908831115767, QTAgent32.exe, &lt;a class=success&gt;Playback - {100} [SUCCESS] MouseButtonClick - "[MSAA, VisibleOnly]ControlType='Button' &amp;&amp; Name='Ok'"
\0&lt;/a&gt;
W, 3504, 18, 2013/05/23, 18:46:05.180, 2908836051868, QTAgent32.exe, &lt;a class=success&gt;Playback - {101} [SUCCESS] MouseButtonClick - "[MSAA, VisibleOnly]ControlType='Button' &amp;&amp; Name='Confirm'"
\0&lt;/a&gt;
W, 3504, 18, 2013/05/23, 18:46:25.282, 2909123869717, QTAgent32.exe, Playback - [WARNING] Internal warning: Window Not Found: [VisibleOnly]ControlType='Window' &amp;&amp; Name='Personal Lines' &amp;&amp; ClassName='#32770'
\0
E, 3504, 18, 2013/05/23, 18:46:25.282, 2909123874885, QTAgent32.exe, &lt;a class=failure&gt;Playback - {102} [FAILED] Function ElementFetcher::FindScreenElement failed to locate UI element (Searching: ;[VisibleOnly]ControlType='Window' &amp;&amp; Name='Personal Lines' &amp;&amp; ClassName='#32770') (The object specified was not found.)
\0&lt;/a&gt;
E, 3504, 18, 2013/05/23, 18:46:25.385, 2909125348570, QTAgent32.exe, Playback - [IMAGE] C:\Users\testuser\AppData\Local\Temp\UITestLogs\LastRun\RPF3DC0.png
\0
W, 3504, 18, 2013/05/23, 18:46:25.385, 2909125350946, QTAgent32.exe, Playback - [WARNING] Internal warning: Couldn't find descendants that match QueryId
\0
W, 3504, 18, 2013/05/23, 18:46:25.386, 2909125357536, QTAgent32.exe, PERF WARNING: FindTopLevelWindowHelper::FindAllDescendents: took 20105 ms. Expected it to take maximum 500 ms.
W, 3504, 18, 2013/05/23, 18:46:44.470, 2909398610160, QTAgent32.exe, Playback - [WARNING] Internal warning: Window Not Found: [VisibleOnly]ControlType='Window' &amp;&amp; Name='Personal Lines' &amp;&amp; ClassName='#32770'
\0
E, 3504, 18, 2013/05/23, 18:46:44.470, 2909398614772, QTAgent32.exe, &lt;a class=failure&gt;Playback - {103} [FAILED] Function ElementFetcher::FindScreenElement failed to locate UI element (Searching: ;[VisibleOnly]ControlType='Window' &amp;&amp; Name='Personal Lines' &amp;&amp; ClassName='#32770') (The object specified was not found.)
\0&lt;/a&gt;
E, 3504, 18, 2013/05/23, 18:46:44.556, 2909399846551, QTAgent32.exe, Playback - [IMAGE] C:\Users\testuser\AppData\Local\Temp\UITestLogs\LastRun\RPF88B5.png
\0
W, 3504, 18, 2013/05/23, 18:46:44.557, 2909399849829, QTAgent32.exe, Playback - [WARNING] Internal warning: Couldn't find descendants that match QueryId
\0
W, 3504, 18, 2013/05/23, 18:46:44.557, 2909399853237, QTAgent32.exe, PERF WARNING: FindTopLevelWindowHelper::FindAllDescendents: took 19170 ms. Expected it to take maximum 500 ms.
W, 3504, 18, 2013/05/23, 18:46:47.258, 2909438534571, QTAgent32.exe, Playback - [WARNING] Internal warning: Smart Match failed
\0
W, 3504, 18, 2013/05/23, 18:46:48.643, 2909458365741, QTAgent32.exe, Playback - [WARNING] Internal warning: Window Not Found: [VisibleOnly]ControlType='Window' &amp;&amp; Name='Personal Lines' &amp;&amp; ClassName='#32770'
\0
E, 3504, 18, 2013/05/23, 18:46:48.644, 2909458369706, QTAgent32.exe, &lt;a class=failure&gt;Playback - {104} [FAILED] Function ElementFetcher::FindScreenElement failed to locate UI element (Searching: ;[VisibleOnly]ControlType='Window' &amp;&amp; Name='Personal Lines' &amp;&amp; ClassName='#32770') (The object specified was not found.)
\0&lt;/a&gt;
E, 3504, 18, 2013/05/23, 18:46:48.731, 2909459625049, QTAgent32.exe, Playback - [IMAGE] C:\Users\testuser\AppData\Local\Temp\UITestLogs\LastRun\RPF98FB.png
\0
W, 3504, 18, 2013/05/23, 18:46:48.732, 2909459627495, QTAgent32.exe, Playback - [WARNING] Internal warning: Couldn't find descendants that match QueryId
\0
W, 3504, 18, 2013/05/23, 18:46:48.732, 2909459630408, QTAgent32.exe, PERF WARNING: FindTopLevelWindowHelper::FindAllDescendents: took 4174 ms. Expected it to take maximum 500 ms.
E, 3504, 18, 2013/05/23, 18:46:48.732, 2909459632355, QTAgent32.exe, Exception: System.Runtime.InteropServices.COMException
	Message: Error HRESULT E_FAIL has been returned from a call to a COM component.
	Stack Trace:    at Microsoft.VisualStudio.TestTools.UITest.Playback.Engine.IRPFPlayback.FindAllScreenElements(IScreenElement pScreenElementStart, String bstrQueryId, Object&amp; pvarResKeys, Int32 cResKeys, Int32 nMaxDepth, Object[]&amp; foundDescendants)
   at Microsoft.VisualStudio.TestTools.UITest.Playback.ScreenElement.FindTopLevelWindowHelper(String queryId)
	BaseExceptionMessage: Error HRESULT E_FAIL has been returned from a call to a COM component.

E, 3504, 18, 2013/05/23, 18:46:48.732, 2909459639000, QTAgent32.exe, GetClassName for handle 2427358 failed
E, 3504, 18, 2013/05/23, 18:46:48.733, 2909459650091, QTAgent32.exe, Window 2427358 not responding. Last Win32 error 1400
E, 3504, 18, 2013/05/23, 18:46:48.733, 2909459651346, QTAgent32.exe, GetClassName for handle 2427358 failed
E, 3504, 18, 2013/05/23, 18:46:48.734, 2909459656171, QTAgent32.exe, Window 2951694 not responding. Last Win32 error 1400
E, 3504, 18, 2013/05/23, 18:46:48.734, 2909459657077, QTAgent32.exe, GetClassName for handle 2951694 failed
E, 3504, 18, 2013/05/23, 18:46:48.834, 2909461099553, QTAgent32.exe, AL: Playback Error: Microsoft.VisualStudio.TestTools.UITest.Extension.UITestControlNotAvailableException: The control is not available or not valid. Additional Details: 
TechnologyName:  'MSAA'
Name:  'OK'
ControlType:  'Button'
 ---&gt; Microsoft.VisualStudio.TestTools.UITest.Extension.UITestControlNotAvailableException: The control is not available or not valid. Additional Details: 
TechnologyName:  'MSAA'
ControlType:  'Window'
 ---&gt; System.Runtime.InteropServices.COMException: Error HRESULT E_FAIL has been returned from a call to a COM component.
   at Microsoft.VisualStudio.TestTools.UITest.Playback.Engine.IRPFPlayback.FindAllScreenElements(IScreenElement pScreenElementStart, String bstrQueryId, Object&amp; pvarResKeys, Int32 cResKeys, Int32 nMaxDepth, Object[]&amp; foundDescendants)
   at Microsoft.VisualStudio.TestTools.UITest.Playback.ScreenElement.FindTopLevelWindowHelper(String queryId)
   at Microsoft.VisualStudio.TestTools.UITest.Playback.ScreenElement.FindFromPartialQueryId(String queryId)
   at Microsoft.VisualStudio.TestTools.UITesting.UITestControl.EnsureValid(Boolean waitForReady, Boolean refetch)
   --- End of inner exception stack trace ---
   at Microsoft.VisualStudio.TestTools.UITesting.UITestControl.EnsureValid(Boolean waitForReady, Boolean refetch)
   at Microsoft.VisualStudio.TestTools.UITesting.UITestControl.FindFirstDescendant(String queryId, Int32 maxDepth, Int32&amp; timeLeft)
   at Microsoft.VisualStudio.TestTools.UITesting.UITestControl.FindFirstDescendant(String queryId)
   at Microsoft.VisualStudio.TestTools.UITesting.UITestControl.EnsureValid(Boolean waitForReady, Boolean refetch)
   --- End of inner exception stack trace ---
   at Microsoft.VisualStudio.TestTools.UITesting.UITestControl.EnsureValid(Boolean waitForReady, Boolean refetch)
   at Microsoft.VisualStudio.TestTools.UITesting.UITestControl.Click(MouseButtons button, ModifierKeys modifierKeys, Point relativeCoordinates)
   at Microsoft.VisualStudio.TestTools.UITesting.Mouse.ClickImplementation(UITestControl control, MouseButtons button, ModifierKeys modifierKeys, Point relativeCoordinate)
   at Microsoft.VisualStudio.TestTools.UITesting.Mouse.ClickImplementationWrapper(UITestControl control, MouseButtons button, ModifierKeys modifierKeys, Point relativeCoordinate)
W, 3504, 18, 2013/05/23, 18:46:48.835, 2909461103304, QTAgent32.exe, PlaybackErrorHandler: Ignoring exception as ContinueOnError is set.
W, 3504, 18, 2013/05/23, 18:46:48.983, 2909463226193, QTAgent32.exe, &lt;a class=success&gt;Playback - {105} [SUCCESS] Check - "[MSAA, VisibleOnly]ControlType='CheckBox' &amp;&amp; Name='Defer Printing?'"
\0&lt;/a&gt;
W, 3504, 18, 2013/05/23, 18:46:50.084, 2909478998357, QTAgent32.exe, &lt;a class=success&gt;Playback - {106} [SUCCESS] MouseButtonClick - "[MSAA, VisibleOnly]ControlType='Button' &amp;&amp; Name='Ok'"
\0&lt;/a&gt;
W, 3504, 18, 2013/05/23, 18:46:51.009, 2909492246027, QTAgent32.exe, PERF WARNING: FindTopLevelWindowHelper::FindAllDescendents: took 825 ms. Expected it to take maximum 500 ms.
W, 3504, 18, 2013/05/23, 18:46:51.155, 2909494336076, QTAgent32.exe, &lt;a class=success&gt;Playback - {107} [SUCCESS] Uncheck - "[MSAA, VisibleOnly]ControlType='CheckBox' &amp;&amp; Name='Add Activity'"
\0&lt;/a&gt;
W, 3504, 18, 2013/05/23, 18:46:51.654, 2909501463527, QTAgent32.exe, &lt;a class=success&gt;Playback - {108} [SUCCESS] MouseButtonClick - "[MSAA, VisibleOnly]ControlType='Button' &amp;&amp; Name='Ok'"
\0&lt;/a&gt;
W, 3504, 18, 2013/05/23, 18:46:51.939, 2909505548858, QTAgent32.exe, &lt;a class=success&gt;Playback - {109} [SUCCESS] MouseButtonClick - "[MSAA, VisibleOnly]ControlType='Button' &amp;&amp; Name='Ok'"
\0&lt;/a&gt;
W, 3504, 18, 2013/05/23, 18:46:56.670, 2909573293207, QTAgent32.exe, Playback - [WARNING] Internal warning: Window Not Found: [VisibleOnly]ControlType='Window' &amp;&amp; Name='Transaction to insert' &amp;&amp; ClassName='TfSelectItem'
\0
E, 3504, 18, 2013/05/23, 18:46:56.671, 2909573299470, QTAgent32.exe, &lt;a class=failure&gt;Playback - {110} [FAILED] Function ElementFetcher::FindScreenElement failed to locate UI element (Searching: ;[VisibleOnly]ControlType='Window' &amp;&amp; Name='Transaction to insert' &amp;&amp; ClassName='TfSelectItem') (The object specified was not found.)
\0&lt;/a&gt;
E, 3504, 18, 2013/05/23, 18:46:56.769, 2909574711859, QTAgent32.exe, Playback - [IMAGE] C:\Users\testuser\AppData\Local\Temp\UITestLogs\LastRun\RPFB85E.png
\0
W, 3504, 18, 2013/05/23, 18:46:56.769, 2909574714381, QTAgent32.exe, Playback - [WARNING] Internal warning: Couldn't find descendants that match QueryId
\0
W, 3504, 18, 2013/05/23, 18:46:56.770, 2909574719889, QTAgent32.exe, PERF WARNING: FindTopLevelWindowHelper::FindAllDescendents: took 4725 ms. Expected it to take maximum 500 ms.
W, 3504, 18, 2013/05/23, 18:47:15.152, 2909837924788, QTAgent32.exe, Playback - [WARNING] Internal warning: Window Not Found: [VisibleOnly]ControlType='Window' &amp;&amp; Name='Transaction to insert' &amp;&amp; ClassName='TfSelectItem'
\0
E, 3504, 18, 2013/05/23, 18:47:15.153, 2909837931178, QTAgent32.exe, &lt;a class=failure&gt;Playback - {111} [FAILED] Function ElementFetcher::FindScreenElement failed to locate UI element (Searching: ;[VisibleOnly]ControlType='Window' &amp;&amp; Name='Transaction to insert' &amp;&amp; ClassName='TfSelectItem') (The object specified was not found.)
\0&lt;/a&gt;
E, 3504, 18, 2013/05/23, 18:47:15.236, 2909839124989, QTAgent32.exe, Playback - [IMAGE] C:\Users\testuser\AppData\Local\Temp\UITestLogs\LastRun\RPF95.png
\0
W, 3504, 18, 2013/05/23, 18:47:15.236, 2909839127800, QTAgent32.exe, Playback - [WARNING] Internal warning: Couldn't find descendants that match QueryId
\0
W, 3504, 18, 2013/05/23, 18:47:15.237, 2909839135216, QTAgent32.exe, PERF WARNING: FindTopLevelWindowHelper::FindAllDescendents: took 18466 ms. Expected it to take maximum 500 ms.
W, 3504, 18, 2013/05/23, 18:47:15.993, 2909849958729, QTAgent32.exe, Playback - [WARNING] Internal warning: Smart Match failed
\0
W, 3504, 18, 2013/05/23, 18:47:16.849, 2909862219534, QTAgent32.exe, Playback - [WARNING] Internal warning: Smart Match failed
\0
W, 3504, 18, 2013/05/23, 18:47:17.683, 2909874162982, QTAgent32.exe, Playback - [WARNING] Internal warning: Smart Match failed
\0
W, 3504, 18, 2013/05/23, 18:47:18.523, 2909886198628, QTAgent32.exe, Playback - [WARNING] Internal warning: Smart Match failed
\0
W, 3504, 18, 2013/05/23, 18:47:19.006, 2909893105912, QTAgent32.exe, Playback - [WARNING] Internal warning: Window Not Found: [VisibleOnly]ControlType='Window' &amp;&amp; Name='Transaction to insert' &amp;&amp; ClassName='TfSelectItem'
\0
E, 3504, 18, 2013/05/23, 18:47:19.007, 2909893109969, QTAgent32.exe, &lt;a class=failure&gt;Playback - {112} [FAILED] Function ElementFetcher::FindScreenElement failed to locate UI element (Searching: ;[VisibleOnly]ControlType='Window' &amp;&amp; Name='Transaction to insert' &amp;&amp; ClassName='TfSelectItem') (The object specified was not found.)
\0&lt;/a&gt;
E, 3504, 18, 2013/05/23, 18:47:19.094, 2909894361807, QTAgent32.exe, Playback - [IMAGE] C:\Users\testuser\AppData\Local\Temp\UITestLogs\LastRun\RPFFA4.png
\0
W, 3504, 18, 2013/05/23, 18:47:19.094, 2909894363935, QTAgent32.exe, Playback - [WARNING] Internal warning: Couldn't find descendants that match QueryId
\0
W, 3504, 18, 2013/05/23, 18:47:19.094, 2909894367692, QTAgent32.exe, PERF WARNING: FindTopLevelWindowHelper::FindAllDescendents: took 3857 ms. Expected it to take maximum 500 ms.
E, 3504, 18, 2013/05/23, 18:47:19.095, 2909894370965, QTAgent32.exe, Exception: System.Runtime.InteropServices.COMException
	Message: Error HRESULT E_FAIL has been returned from a call to a COM component.
	Stack Trace:    at Microsoft.VisualStudio.TestTools.UITest.Playback.Engine.IRPFPlayback.FindAllScreenElements(IScreenElement pScreenElementStart, String bstrQueryId, Object&amp; pvarResKeys, Int32 cResKeys, Int32 nMaxDepth, Object[]&amp; foundDescendants)
   at Microsoft.VisualStudio.TestTools.UITest.Playback.ScreenElement.FindTopLevelWindowHelper(String queryId)
	BaseExceptionMessage: Error HRESULT E_FAIL has been returned from a call to a COM component.

E, 3504, 18, 2013/05/23, 18:47:19.095, 2909894376200, QTAgent32.exe, Window 5047802 not responding. Last Win32 error 0
E, 3504, 18, 2013/05/23, 18:47:19.095, 2909894377432, QTAgent32.exe, GetClassName for handle 5047802 failed
E, 3504, 18, 2013/05/23, 18:47:19.096, 2909894383339, QTAgent32.exe, Window 1378846 not responding. Last Win32 error 1400
E, 3504, 18, 2013/05/23, 18:47:19.096, 2909894384250, QTAgent32.exe, GetClassName for handle 1378846 failed
E, 3504, 18, 2013/05/23, 18:47:19.196, 2909895826624, QTAgent32.exe, AL: Playback Error: Microsoft.VisualStudio.TestTools.UITest.Extension.UITestControlNotAvailableException: The control is not available or not valid. Additional Details: 
TechnologyName:  'MSAA'
Name:  'Ok'
ControlType:  'Button'
 ---&gt; Microsoft.VisualStudio.TestTools.UITest.Extension.UITestControlNotAvailableException: The control is not available or not valid. Additional Details: 
TechnologyName:  'MSAA'
Name:  'Transaction to insert'
ClassName:  'TfSelectItem'
ControlType:  'Window'
 ---&gt; System.Runtime.InteropServices.COMException: Error HRESULT E_FAIL has been returned from a call to a COM component.
   at Microsoft.VisualStudio.TestTools.UITest.Playback.Engine.IRPFPlayback.FindAllScreenElements(IScreenElement pScreenElementStart, String bstrQueryId, Object&amp; pvarResKeys, Int32 cResKeys, Int32 nMaxDepth, Object[]&amp; foundDescendants)
   at Microsoft.VisualStudio.TestTools.UITest.Playback.ScreenElement.FindTopLevelWindowHelper(String queryId)
   at Microsoft.VisualStudio.TestTools.UITest.Playback.ScreenElement.FindFromPartialQueryId(String queryId)
   at Microsoft.VisualStudio.TestTools.UITesting.UITestControl.EnsureValid(Boolean waitForReady, Boolean refetch)
   --- End of inner exception stack trace ---
   at Microsoft.VisualStudio.TestTools.UITesting.UITestControl.EnsureValid(Boolean waitForReady, Boolean refetch)
   at Microsoft.VisualStudio.TestTools.UITesting.UITestControl.FindFirstDescendant(String queryId, Int32 maxDepth, Int32&amp; timeLeft)
   at Microsoft.VisualStudio.TestTools.UITesting.UITestControl.FindFirstDescendant(String queryId)
   at Microsoft.VisualStudio.TestTools.UITesting.UITestControl.EnsureValid(Boolean waitForReady, Boolean refetch)
   --- End of inner exception stack trace ---
   at Microsoft.VisualStudio.TestTools.UITesting.UITestControl.EnsureValid(Boolean waitForReady, Boolean refetch)
   at Microsoft.VisualStudio.TestTools.UITesting.UITestControl.Click(MouseButtons button, ModifierKeys modifierKeys, Point relativeCoordinates)
   at Microsoft.VisualStudio.TestTools.UITesting.Mouse.ClickImplementation(UITestControl control, MouseButtons button, ModifierKeys modifierKeys, Point relativeCoordinate)
   at Microsoft.VisualStudio.TestTools.UITesting.Mouse.ClickImplementationWrapper(UITestControl control, MouseButtons button, ModifierKeys modifierKeys, Point relativeCoordinate)
W, 3504, 18, 2013/05/23, 18:47:19.197, 2909895830008, QTAgent32.exe, PlaybackErrorHandler: Ignoring exception as ContinueOnError is set.
W, 3504, 18, 2013/05/23, 18:47:21.362, 2909926842380, QTAgent32.exe, &lt;a class=success&gt;Playback - {113} [SUCCESS] MouseButtonClick - "[MSAA, VisibleOnly]ControlType='Button' &amp;&amp; Name='OK'"
\0&lt;/a&gt;
W, 3504, 18, 2013/05/23, 18:47:21.674, 2909931306810, QTAgent32.exe, &lt;a class=success&gt;Playback - {114} [SUCCESS] MouseButtonClick - "[MSAA, VisibleOnly]ControlType='Button' &amp;&amp; Name='Cancel'"
\0&lt;/a&gt;
W, 3504, 18, 2013/05/23, 18:47:22.058, 2909936802970, QTAgent32.exe, &lt;a class=success&gt;Playback - {115} [SUCCESS] MouseButtonClick - "[MSAA, VisibleOnly]ControlType='Button'"
\0&lt;/a&gt;
W, 3504, 18, 2013/05/23, 18:47:22.650, 2909945283192, QTAgent32.exe, &lt;a class=success&gt;Playback - {116} [SUCCESS] MouseButtonClick - "[MSAA, VisibleOnly]ControlType='Button' &amp;&amp; Name='Detail'"
\0&lt;/a&gt;
W, 3504, 18, 2013/05/23, 18:47:22.894, 2909948764447, QTAgent32.exe, &lt;a class=success&gt;Playback - {117} [SUCCESS] MouseButtonClick - "[MSAA, VisibleOnly]ControlType='Edit'"
\0&lt;/a&gt;
E, 3504, 18, 2013/05/23, 18:47:26.121, 2909994988069, QTAgent32.exe, IEDOM : Could not get valid window handle of Internet Explorer_server
W, 3504, 18, 2013/05/23, 18:47:26.122, 2909994995163, QTAgent32.exe, IEDOM : Unable to get the document Window Handle
W, 3504, 18, 2013/05/23, 18:47:32.742, 2910089773111, QTAgent32.exe, Playback - [WARNING] Internal warning: Window Not Found: [VisibleOnly]ControlType='Window' &amp;&amp; Name='Connect to www.insur-econnect.com'
\0
E, 3504, 18, 2013/05/23, 18:47:32.742, 2910089776499, QTAgent32.exe, &lt;a class=failure&gt;Playback - {118} [FAILED] Function ElementFetcher::FindScreenElement failed to locate UI element (Searching: ;[VisibleOnly]ControlType='Window' &amp;&amp; Name='Connect to www.insur-econnect.com') (The object specified was not found.)
\0&lt;/a&gt;
E, 3504, 18, 2013/05/23, 18:47:32.890, 2910091894994, QTAgent32.exe, Playback - [IMAGE] C:\Users\testuser\AppData\Local\Temp\UITestLogs\LastRun\RPF4545.png
\0
W, 3504, 18, 2013/05/23, 18:47:32.890, 2910091897384, QTAgent32.exe, Playback - [WARNING] Internal warning: Couldn't find descendants that match QueryId
\0
W, 3504, 18, 2013/05/23, 18:47:32.890, 2910091900798, QTAgent32.exe, PERF WARNING: FindTopLevelWindowHelper::FindAllDescendents: took 1975 ms. Expected it to take maximum 500 ms.
W, 3504, 18, 2013/05/23, 18:47:51.095, 2910352556290, QTAgent32.exe, Playback - [WARNING] Internal warning: Window Not Found: [VisibleOnly]ControlType='Window' &amp;&amp; Name='Connect to www.insur-econnect.com'
\0
E, 3504, 18, 2013/05/23, 18:47:51.095, 2910352559751, QTAgent32.exe, &lt;a class=failure&gt;Playback - {119} [FAILED] Function ElementFetcher::FindScreenElement failed to locate UI element (Searching: ;[VisibleOnly]ControlType='Window' &amp;&amp; Name='Connect to www.insur-econnect.com') (The object specified was not found.)
\0&lt;/a&gt;
E, 3504, 18, 2013/05/23, 18:47:51.175, 2910353703574, QTAgent32.exe, Playback - [IMAGE] C:\Users\testuser\AppData\Local\Temp\UITestLogs\LastRun\RPF8CFF.png
\0
W, 3504, 18, 2013/05/23, 18:47:51.175, 2910353705935, QTAgent32.exe, Playback - [WARNING] Internal warning: Couldn't find descendants that match QueryId
\0
W, 3504, 18, 2013/05/23, 18:47:51.175, 2910353708865, QTAgent32.exe, PERF WARNING: FindTopLevelWindowHelper::FindAllDescendents: took 18284 ms. Expected it to take maximum 500 ms.
W, 3504, 18, 2013/05/23, 18:47:51.671, 2910360804235, QTAgent32.exe, Playback - [WARNING] Internal warning: Smart Match failed
\0
W, 3504, 18, 2013/05/23, 18:47:52.144, 2910367582733, QTAgent32.exe, Playback - [WARNING] Internal warning: Smart Match failed
\0
W, 3504, 18, 2013/05/23, 18:47:52.617, 2910374349787, QTAgent32.exe, Playback - [WARNING] Internal warning: Smart Match failed
\0
W, 3504, 18, 2013/05/23, 18:47:53.092, 2910381160006, QTAgent32.exe, Playback - [WARNING] Internal warning: Smart Match failed
\0
W, 3504, 18, 2013/05/23, 18:47:53.571, 2910388013413, QTAgent32.exe, Playback - [WARNING] Internal warning: Smart Match failed
\0
W, 3504, 18, 2013/05/23, 18:47:54.052, 2910394897221, QTAgent32.exe, Playback - [WARNING] Internal warning: Smart Match failed
\0
W, 3504, 18, 2013/05/23, 18:47:54.421, 2910400176686, QTAgent32.exe, Playback - [WARNING] Internal warning: Window Not Found: [VisibleOnly]ControlType='Window' &amp;&amp; Name='Connect to www.insur-econnect.com'
\0
E, 3504, 18, 2013/05/23, 18:47:54.421, 2910400180613, QTAgent32.exe, &lt;a class=failure&gt;Playback - {120} [FAILED] Function ElementFetcher::FindScreenElement failed to locate UI element (Searching: ;[VisibleOnly]ControlType='Window' &amp;&amp; Name='Connect to www.insur-econnect.com') (The object specified was not found.)
\0&lt;/a&gt;
E, 3504, 18, 2013/05/23, 18:47:54.501, 2910401329579, QTAgent32.exe, Playback - [IMAGE] C:\Users\testuser\AppData\Local\Temp\UITestLogs\LastRun\RPF99FB.png
\0
W, 3504, 18, 2013/05/23, 18:47:54.502, 2910401332756, QTAgent32.exe, Playback - [WARNING] Internal warning: Couldn't find descendants that match QueryId
\0
W, 3504, 18, 2013/05/23, 18:47:54.502, 2910401336116, QTAgent32.exe, PERF WARNING: FindTopLevelWindowHelper::FindAllDescendents: took 3326 ms. Expected it to take maximum 500 ms.
E, 3504, 18, 2013/05/23, 18:47:54.502, 2910401338118, QTAgent32.exe, Exception: System.Runtime.InteropServices.COMException
	Message: Error HRESULT E_FAIL has been returned from a call to a COM component.
	Stack Trace:    at Microsoft.VisualStudio.TestTools.UITest.Playback.Engine.IRPFPlayback.FindAllScreenElements(IScreenElement pScreenElementStart, String bstrQueryId, Object&amp; pvarResKeys, Int32 cResKeys, Int32 nMaxDepth, Object[]&amp; foundDescendants)
   at Microsoft.VisualStudio.TestTools.UITest.Playback.ScreenElement.FindTopLevelWindowHelper(String queryId)
	BaseExceptionMessage: Error HRESULT E_FAIL has been returned from a call to a COM component.

W, 3504, 18, 2013/05/23, 18:47:56.302, 2910427110864, QTAgent32.exe, Playback - [WARNING] Internal warning: Window Not Found: [VisibleOnly]ControlType='Window' &amp;&amp; Name='Windows Security'
\0
E, 3504, 18, 2013/05/23, 18:47:56.302, 2910427114263, QTAgent32.exe, &lt;a class=failure&gt;Playback - {121} [FAILED] Function ElementFetcher::FindScreenElement failed to locate UI element (Searching: ;[VisibleOnly]ControlType='Window' &amp;&amp; Name='Windows Security') (The object specified was not found.)
\0&lt;/a&gt;
E, 3504, 18, 2013/05/23, 18:47:56.389, 2910428354535, QTAgent32.exe, Playback - [IMAGE] C:\Users\testuser\AppData\Local\Temp\UITestLogs\LastRun\RPFA14C.png
\0
W, 3504, 18, 2013/05/23, 18:47:56.389, 2910428356858, QTAgent32.exe, Playback - [WARNING] Internal warning: Couldn't find descendants that match QueryId
\0
W, 3504, 18, 2013/05/23, 18:47:56.389, 2910428359714, QTAgent32.exe, PERF WARNING: FindTopLevelWindowHelper::FindAllDescendents: took 1886 ms. Expected it to take maximum 500 ms.
W, 3504, 18, 2013/05/23, 18:48:14.659, 2910689958892, QTAgent32.exe, Playback - [WARNING] Internal warning: Window Not Found: [VisibleOnly]ControlType='Window' &amp;&amp; Name='Windows Security'
\0
E, 3504, 18, 2013/05/23, 18:48:14.660, 2910689966177, QTAgent32.exe, &lt;a class=failure&gt;Playback - {122} [FAILED] Function ElementFetcher::FindScreenElement failed to locate UI element (Searching: ;[VisibleOnly]ControlType='Window' &amp;&amp; Name='Windows Security') (The object specified was not found.)
\0&lt;/a&gt;
E, 3504, 18, 2013/05/23, 18:48:14.740, 2910691109273, QTAgent32.exe, Playback - [IMAGE] C:\Users\testuser\AppData\Local\Temp\UITestLogs\LastRun\RPFE906.png
\0
W, 3504, 18, 2013/05/23, 18:48:14.740, 2910691111728, QTAgent32.exe, Playback - [WARNING] Internal warning: Couldn't find descendants that match QueryId
\0
W, 3504, 18, 2013/05/23, 18:48:14.741, 2910691119648, QTAgent32.exe, PERF WARNING: FindTopLevelWindowHelper::FindAllDescendents: took 18348 ms. Expected it to take maximum 500 ms.
W, 3504, 18, 2013/05/23, 18:48:15.223, 2910698029755, QTAgent32.exe, Playback - [WARNING] Internal warning: Smart Match failed
\0
W, 3504, 18, 2013/05/23, 18:48:15.709, 2910704993109, QTAgent32.exe, Playback - [WARNING] Internal warning: Smart Match failed
\0
W, 3504, 18, 2013/05/23, 18:48:16.192, 2910711899385, QTAgent32.exe, Playback - [WARNING] Internal warning: Smart Match failed
\0
W, 3504, 18, 2013/05/23, 18:48:16.679, 2910718871757, QTAgent32.exe, Playback - [WARNING] Internal warning: Smart Match failed
\0
W, 3504, 18, 2013/05/23, 18:48:17.164, 2910725829021, QTAgent32.exe, Playback - [WARNING] Internal warning: Smart Match failed
\0
W, 3504, 18, 2013/05/23, 18:48:17.655, 2910732859180, QTAgent32.exe, Playback - [WARNING] Internal warning: Smart Match failed
\0
W, 3504, 18, 2013/05/23, 18:48:17.988, 2910737611633, QTAgent32.exe, Playback - [WARNING] Internal warning: Window Not Found: [VisibleOnly]ControlType='Window' &amp;&amp; Name='Windows Security'
\0
E, 3504, 18, 2013/05/23, 18:48:17.988, 2910737614589, QTAgent32.exe, &lt;a class=failure&gt;Playback - {123} [FAILED] Function ElementFetcher::FindScreenElement failed to locate UI element (Searching: ;[VisibleOnly]ControlType='Window' &amp;&amp; Name='Windows Security') (The object specified was not found.)
\0&lt;/a&gt;
E, 3504, 18, 2013/05/23, 18:48:18.075, 2910738859650, QTAgent32.exe, Playback - [IMAGE] C:\Users\testuser\AppData\Local\Temp\UITestLogs\LastRun\RPFF602.png
\0
W, 3504, 18, 2013/05/23, 18:48:18.075, 2910738862288, QTAgent32.exe, Playback - [WARNING] Internal warning: Couldn't find descendants that match QueryId
\0
W, 3504, 18, 2013/05/23, 18:48:18.075, 2910738865592, QTAgent32.exe, PERF WARNING: FindTopLevelWindowHelper::FindAllDescendents: took 3334 ms. Expected it to take maximum 500 ms.
E, 3504, 18, 2013/05/23, 18:48:18.075, 2910738867482, QTAgent32.exe, Exception: System.Runtime.InteropServices.COMException
	Message: Error HRESULT E_FAIL has been returned from a call to a COM component.
	Stack Trace:    at Microsoft.VisualStudio.TestTools.UITest.Playback.Engine.IRPFPlayback.FindAllScreenElements(IScreenElement pScreenElementStart, String bstrQueryId, Object&amp; pvarResKeys, Int32 cResKeys, Int32 nMaxDepth, Object[]&amp; foundDescendants)
   at Microsoft.VisualStudio.TestTools.UITest.Playback.ScreenElement.FindTopLevelWindowHelper(String queryId)
	BaseExceptionMessage: Error HRESULT E_FAIL has been returned from a call to a COM component.

E, 3504, 18, 2013/05/23, 18:48:18.177, 2910740321731, QTAgent32.exe, AL: Playback Error: Microsoft.VisualStudio.TestTools.UITest.Extension.UITestControlNotFoundException: The playback failed to find the control with the given search properties. Additional Details: 
TechnologyName:  'MSAA'
ControlType:  'Window'
Name:  'Windows Security'
 ---&gt; System.Runtime.InteropServices.COMException: Error HRESULT E_FAIL has been returned from a call to a COM component.
   at Microsoft.VisualStudio.TestTools.UITest.Playback.Engine.IRPFPlayback.FindAllScreenElements(IScreenElement pScreenElementStart, String bstrQueryId, Object&amp; pvarResKeys, Int32 cResKeys, Int32 nMaxDepth, Object[]&amp; foundDescendants)
   at Microsoft.VisualStudio.TestTools.UITest.Playback.ScreenElement.FindTopLevelWindowHelper(String queryId)
   at Microsoft.VisualStudio.TestTools.UITest.Playback.ScreenElement.FindFromPartialQueryId(String queryId)
   at Microsoft.VisualStudio.TestTools.UITesting.UITestControl..ctor(String queryId)
   --- End of inner exception stack trace ---
   at Microsoft.VisualStudio.TestTools.UITesting.Playback.MapControlNotFoundException(COMException ex, IPlaybackContext context)
   at Microsoft.VisualStudio.TestTools.UITesting.Playback.MapAndThrowComException(COMException innerException, IPlaybackContext context)
   at Microsoft.VisualStudio.TestTools.UITesting.Playback.MapAndThrowException(SystemException exception, IPlaybackContext context)
   at Microsoft.VisualStudio.TestTools.UITesting.Playback.MapAndThrowException(SystemException exception, String queryId)
   at Microsoft.VisualStudio.TestTools.UITesting.UITestControl..ctor(String queryId)
   at Microsoft.VisualStudio.TestTools.UITesting.SearchHelper.SearchTopLevelWindow(ISearchArgument topLevelSearchArg, String topLevelElementQueryId)
   at Microsoft.VisualStudio.TestTools.UITesting.SearchHelper.GetTitleUpdatedTopLevelWindow(ISearchArgument topLevelSearchArg, String queryId, IList`1 windowTitles)
   at Microsoft.VisualStudio.TestTools.UITesting.SearchHelper.GetTopLevelElement(Boolean useCache, Boolean useCacheOnly, ISearchArgument searchArg, IList`1 windowTitles, Int32&amp; timeLeft)
   at Microsoft.VisualStudio.TestTools.UITesting.SearchHelper.GetElement(Boolean useCache, ISearchArgument searchArg)
   at Microsoft.VisualStudio.TestTools.UITesting.SearchHelper.Search(ISearchArgument searchArg)
   at Microsoft.VisualStudio.TestTools.UITesting.UITestControl.FindInternal()
   at Microsoft.VisualStudio.TestTools.UITesting.UITestControl.FindControlIfNecessary()
   at Microsoft.VisualStudio.TestTools.UITesting.UITestControl.SendKeys(String text, ModifierKeys modifierKeys, Boolean isEncoded, Boolean isUnicode)
   at Microsoft.VisualStudio.TestTools.UITesting.Keyboard.SendKeysImplementation(UITestControl control, String text, ModifierKeys modifierKeys, Boolean isEncoded, Boolean isUnicode)
   at Microsoft.VisualStudio.TestTools.UITesting.Keyboard.SendKeysImplementationWrapper(UITestControl control, String text, ModifierKeys modifierKeys, Boolean isEncoded, Boolean isUnicode)
W, 3504, 18, 2013/05/23, 18:48:18.177, 2910740325818, QTAgent32.exe, PlaybackErrorHandler: Ignoring exception as ContinueOnError is set.
W, 3504, 18, 2013/05/23, 18:48:19.848, 2910764245459, QTAgent32.exe, Playback - [WARNING] Internal warning: Window Not Found: [VisibleOnly]ControlType='Window' &amp;&amp; Name='Windows Security'
\0
E, 3504, 18, 2013/05/23, 18:48:19.848, 2910764248697, QTAgent32.exe, &lt;a class=failure&gt;Playback - {124} [FAILED] Function ElementFetcher::FindScreenElement failed to locate UI element (Searching: ;[VisibleOnly]ControlType='Window' &amp;&amp; Name='Windows Security') (The object specified was not found.)
\0&lt;/a&gt;
E, 3504, 18, 2013/05/23, 18:48:19.932, 2910765451958, QTAgent32.exe, Playback - [IMAGE] C:\Users\testuser\AppData\Local\Temp\UITestLogs\LastRun\RPFFD53.png
\0
W, 3504, 18, 2013/05/23, 18:48:19.932, 2910765454494, QTAgent32.exe, Playback - [WARNING] Internal warning: Couldn't find descendants that match QueryId
\0
W, 3504, 18, 2013/05/23, 18:48:19.932, 2910765457809, QTAgent32.exe, PERF WARNING: FindTopLevelWindowHelper::FindAllDescendents: took 1754 ms. Expected it to take maximum 500 ms.
W, 3504, 18, 2013/05/23, 18:48:38.198, 2911026993056, QTAgent32.exe, Playback - [WARNING] Internal warning: Window Not Found: [VisibleOnly]ControlType='Window' &amp;&amp; Name='Windows Security'
\0
E, 3504, 18, 2013/05/23, 18:48:38.199, 2911026999484, QTAgent32.exe, &lt;a class=failure&gt;Playback - {125} [FAILED] Function ElementFetcher::FindScreenElement failed to locate UI element (Searching: ;[VisibleOnly]ControlType='Window' &amp;&amp; Name='Windows Security') (The object specified was not found.)
\0&lt;/a&gt;
E, 3504, 18, 2013/05/23, 18:48:38.277, 2911028122438, QTAgent32.exe, Playback - [IMAGE] C:\Users\testuser\AppData\Local\Temp\UITestLogs\LastRun\RPF44FE.png
\0
W, 3504, 18, 2013/05/23, 18:48:38.277, 2911028124667, QTAgent32.exe, Playback - [WARNING] Internal warning: Couldn't find descendants that match QueryId
\0
W, 3504, 18, 2013/05/23, 18:48:38.278, 2911028132454, QTAgent32.exe, PERF WARNING: FindTopLevelWindowHelper::FindAllDescendents: took 18345 ms. Expected it to take maximum 500 ms.
W, 3504, 18, 2013/05/23, 18:48:38.765, 2911035107038, QTAgent32.exe, Playback - [WARNING] Internal warning: Smart Match failed
\0
W, 3504, 18, 2013/05/23, 18:48:39.238, 2911041883993, QTAgent32.exe, Playback - [WARNING] Internal warning: Smart Match failed
\0
W, 3504, 18, 2013/05/23, 18:48:39.731, 2911048940896, QTAgent32.exe, Playback - [WARNING] Internal warning: Smart Match failed
\0
W, 3504, 18, 2013/05/23, 18:48:40.214, 2911055861288, QTAgent32.exe, Playback - [WARNING] Internal warning: Smart Match failed
\0
W, 3504, 18, 2013/05/23, 18:48:40.699, 2911062808520, QTAgent32.exe, Playback - [WARNING] Internal warning: Smart Match failed
\0
W, 3504, 18, 2013/05/23, 18:48:41.181, 2911069696807, QTAgent32.exe, Playback - [WARNING] Internal warning: Smart Match failed
\0
W, 3504, 18, 2013/05/23, 18:48:41.529, 2911074681974, QTAgent32.exe, Playback - [WARNING] Internal warning: Window Not Found: [VisibleOnly]ControlType='Window' &amp;&amp; Name='Windows Security'
\0
E, 3504, 18, 2013/05/23, 18:48:41.529, 2911074685492, QTAgent32.exe, &lt;a class=failure&gt;Playback - {126} [FAILED] Function ElementFetcher::FindScreenElement failed to locate UI element (Searching: ;[VisibleOnly]ControlType='Window' &amp;&amp; Name='Windows Security') (The object specified was not found.)
\0&lt;/a&gt;
E, 3504, 18, 2013/05/23, 18:48:41.606, 2911075783177, QTAgent32.exe, Playback - [IMAGE] C:\Users\testuser\AppData\Local\Temp\UITestLogs\LastRun\RPF51FA.png
\0
W, 3504, 18, 2013/05/23, 18:48:41.606, 2911075785407, QTAgent32.exe, Playback - [WARNING] Internal warning: Couldn't find descendants that match QueryId
\0
W, 3504, 18, 2013/05/23, 18:48:41.607, 2911075790261, QTAgent32.exe, PERF WARNING: FindTopLevelWindowHelper::FindAllDescendents: took 3328 ms. Expected it to take maximum 500 ms.
E, 3504, 18, 2013/05/23, 18:48:41.607, 2911075792387, QTAgent32.exe, Exception: System.Runtime.InteropServices.COMException
	Message: Error HRESULT E_FAIL has been returned from a call to a COM component.
	Stack Trace:    at Microsoft.VisualStudio.TestTools.UITest.Playback.Engine.IRPFPlayback.FindAllScreenElements(IScreenElement pScreenElementStart, String bstrQueryId, Object&amp; pvarResKeys, Int32 cResKeys, Int32 nMaxDepth, Object[]&amp; foundDescendants)
   at Microsoft.VisualStudio.TestTools.UITest.Playback.ScreenElement.FindTopLevelWindowHelper(String queryId)
	BaseExceptionMessage: Error HRESULT E_FAIL has been returned from a call to a COM component.

E, 3504, 18, 2013/05/23, 18:48:41.708, 2911077238367, QTAgent32.exe, AL: Playback Error: Microsoft.VisualStudio.TestTools.UITest.Extension.UITestControlNotFoundException: The playback failed to find the control with the given search properties. Additional Details: 
TechnologyName:  'MSAA'
ControlType:  'Window'
Name:  'Windows Security'
 ---&gt; System.Runtime.InteropServices.COMException: Error HRESULT E_FAIL has been returned from a call to a COM component.
   at Microsoft.VisualStudio.TestTools.UITest.Playback.Engine.IRPFPlayback.FindAllScreenElements(IScreenElement pScreenElementStart, String bstrQueryId, Object&amp; pvarResKeys, Int32 cResKeys, Int32 nMaxDepth, Object[]&amp; foundDescendants)
   at Microsoft.VisualStudio.TestTools.UITest.Playback.ScreenElement.FindTopLevelWindowHelper(String queryId)
   at Microsoft.VisualStudio.TestTools.UITest.Playback.ScreenElement.FindFromPartialQueryId(String queryId)
   at Microsoft.VisualStudio.TestTools.UITesting.UITestControl..ctor(String queryId)
   --- End of inner exception stack trace ---
   at Microsoft.VisualStudio.TestTools.UITesting.Playback.MapControlNotFoundException(COMException ex, IPlaybackContext context)
   at Microsoft.VisualStudio.TestTools.UITesting.Playback.MapAndThrowComException(COMException innerException, IPlaybackContext context)
   at Microsoft.VisualStudio.TestTools.UITesting.Playback.MapAndThrowException(SystemException exception, IPlaybackContext context)
   at Microsoft.VisualStudio.TestTools.UITesting.Playback.MapAndThrowException(SystemException exception, String queryId)
   at Microsoft.VisualStudio.TestTools.UITesting.UITestControl..ctor(String queryId)
   at Microsoft.VisualStudio.TestTools.UITesting.SearchHelper.SearchTopLevelWindow(ISearchArgument topLevelSearchArg, String topLevelElementQueryId)
   at Microsoft.VisualStudio.TestTools.UITesting.SearchHelper.GetTitleUpdatedTopLevelWindow(ISearchArgument topLevelSearchArg, String queryId, IList`1 windowTitles)
   at Microsoft.VisualStudio.TestTools.UITesting.SearchHelper.GetTopLevelElement(Boolean useCache, Boolean useCacheOnly, ISearchArgument searchArg, IList`1 windowTitles, Int32&amp; timeLeft)
   at Microsoft.VisualStudio.TestTools.UITesting.SearchHelper.GetElement(Boolean useCache, ISearchArgument searchArg)
   at Microsoft.VisualStudio.TestTools.UITesting.SearchHelper.Search(ISearchArgument searchArg)
   at Microsoft.VisualStudio.TestTools.UITesting.UITestControl.FindInternal()
   at Microsoft.VisualStudio.TestTools.UITesting.UITestControl.FindControlIfNecessary()
   at Microsoft.VisualStudio.TestTools.UITesting.UITestControl.Click(MouseButtons button, ModifierKeys modifierKeys, Point relativeCoordinates)
   at Microsoft.VisualStudio.TestTools.UITesting.Mouse.ClickImplementation(UITestControl control, MouseButtons button, ModifierKeys modifierKeys, Point relativeCoordinate)
   at Microsoft.VisualStudio.TestTools.UITesting.Mouse.ClickImplementationWrapper(UITestControl control, MouseButtons button, ModifierKeys modifierKeys, Point relativeCoordinate)
W, 3504, 18, 2013/05/23, 18:48:41.708, 2911077242080, QTAgent32.exe, PlaybackErrorHandler: Ignoring exception as ContinueOnError is set.
W, 3504, 18, 2013/05/23, 18:48:42.748, 2911092136763, QTAgent32.exe, &lt;a class=success&gt;Playback - {127} [SUCCESS] MouseButtonClick - "[Web]ControlType='Hyperlink' &amp;&amp; TagName='A' &amp;&amp; Id='' &amp;&amp; Name='' &amp;&amp; Target='' &amp;&amp; InnerText='Renewals Maintenance' &amp;&amp; FilterCondition(AbsolutePath='/sysmaint/content/leftbar.asp', Title='', Href='https://www.insur-econnect.com/sysmaint/content/leftbar.asp#', Class='', ControlDefinition='style="COLOR: white" href="#"', TagInstance='39')"
\0&lt;/a&gt;
W, 3504, 18, 2013/05/23, 18:48:43.386, 2911101267686, QTAgent32.exe, &lt;a class=success&gt;Playback - {128} [SUCCESS] MouseButtonClick - "[Web]ControlType='Hyperlink' &amp;&amp; TagName='A' &amp;&amp; Id='' &amp;&amp; Name='' &amp;&amp; Target='content' &amp;&amp; InnerText='Create a Household Test Renewal Invitation' &amp;&amp; FilterCondition(AbsolutePath='/sysmaint/content/AddHouseholdTestRenewalNotice.asp', Title='', Href='https://www.insur-econnect.com/sysmaint/content/AddHouseholdTestRenewalNotice.asp', Class='itemlink', ControlDefinition='class=itemlink href="AddHouseholdTestRen', TagInstance='2')"
\0&lt;/a&gt;
E, 3504, 18, 2013/05/23, 18:48:45.601, 2911132977069, QTAgent32.exe, Exception: System.NotSupportedException
	Message: Internal Error: This method on IEWebControlElement should not get called.
	Stack Trace:    at Microsoft.VisualStudio.TestTools.UITest.Extension.IE.BrowserOptionElementNode.InvokeProgrammaticAction(ProgrammaticActionOption programmaticActionOption)
	BaseExceptionMessage: Internal Error: This method on IEWebControlElement should not get called.

W, 3504, 18, 2013/05/23, 18:48:45.933, 2911137735285, QTAgent32.exe, &lt;a class=success&gt;Playback - {129} [SUCCESS] SetValueAsComboBox "Covea Insurance plc (formerly MMA)" - "[Web]ControlType='ComboBox' &amp;&amp; TagName='SELECT' &amp;&amp; Id='InsurerID' &amp;&amp; Name='InsurerID' &amp;&amp; FilterCondition(Size='0', LabeledBy='', Title='', ItemCount='54', Class='', ControlDefinition='id=InsurerID onchange=selectInsurer() na', TagInstance='1')"  &lt; SetValueAsComboBox, set by clicking on the item in the list box &gt;
\0&lt;/a&gt;
W, 3504, 18, 2013/05/23, 18:48:46.844, 2911150781349, QTAgent32.exe, &lt;a class=success&gt;Playback - {130} [SUCCESS] SetValueAsEditBox "81588888001764" - "[Web]ControlType='Edit' &amp;&amp; TagName='INPUT' &amp;&amp; Id='' &amp;&amp; Name='txtPolicyNumber' &amp;&amp; LabeledBy='' &amp;&amp; Type='SINGLELINE' &amp;&amp; FilterCondition(Title='', Class='', ControlDefinition='onchange=enableButtons() name=txtPolicyN', TagInstance='1')"  &lt; Set via SendKeys &gt;
\0&lt;/a&gt;
W, 3504, 18, 2013/05/23, 18:48:47.131, 2911154891779, QTAgent32.exe, &lt;a class=success&gt;Playback - {131} [SUCCESS] SendKeys "^{HOME}" - "[Web]ControlType='Edit' &amp;&amp; TagName='INPUT' &amp;&amp; Id='' &amp;&amp; Name='txtRenewalDate' &amp;&amp; LabeledBy='' &amp;&amp; Type='SINGLELINE' &amp;&amp; FilterCondition(Title='', Class='', ControlDefinition='onchange=enableButtons() name=txtRenewal', TagInstance='2')"
\0&lt;/a&gt;
E, 3504, 18, 2013/05/23, 18:48:47.131, 2911154895386, QTAgent32.exe, Msaa.GetFocusedElement: could not find accessible object of foreground window
W, 3504, 18, 2013/05/23, 18:48:47.302, 2911157344566, QTAgent32.exe, &lt;a class=success&gt;Playback - {132} [SUCCESS] SendKeys "^+{END}" - "[Web]ControlType='Edit' &amp;&amp; TagName='INPUT' &amp;&amp; Id='' &amp;&amp; Name='txtRenewalDate' &amp;&amp; LabeledBy='' &amp;&amp; Type='SINGLELINE' &amp;&amp; FilterCondition(Title='', Class='', ControlDefinition='onchange=enableButtons() name=txtRenewal', TagInstance='2')"
\0&lt;/a&gt;
E, 3504, 18, 2013/05/23, 18:48:47.302, 2911157348131, QTAgent32.exe, Msaa.GetFocusedElement: could not find accessible object of foreground window
W, 3504, 18, 2013/05/23, 18:48:47.396, 2911158684232, QTAgent32.exe, &lt;a class=success&gt;Playback - {133} [SUCCESS] SendKeys "{DELETE}" - "[Web]ControlType='Edit' &amp;&amp; TagName='INPUT' &amp;&amp; Id='' &amp;&amp; Name='txtRenewalDate' &amp;&amp; LabeledBy='' &amp;&amp; Type='SINGLELINE' &amp;&amp; FilterCondition(Title='', Class='', ControlDefinition='onchange=enableButtons() name=txtRenewal', TagInstance='2')"
\0&lt;/a&gt;
W, 3504, 18, 2013/05/23, 18:48:47.676, 2911162700474, QTAgent32.exe, &lt;a class=success&gt;Playback - {134} [SUCCESS] SetValueAsEditBox "30/05/2013" - "[Web]ControlType='Edit' &amp;&amp; TagName='INPUT' &amp;&amp; Id='' &amp;&amp; Name='txtRenewalDate' &amp;&amp; LabeledBy='' &amp;&amp; Type='SINGLELINE' &amp;&amp; FilterCondition(Title='', Class='', ControlDefinition='onchange=enableButtons() name=txtRenewal', TagInstance='2')"  &lt; Set via SendKeys &gt;
\0&lt;/a&gt;
W, 3504, 18, 2013/05/23, 18:48:47.947, 2911166574993, QTAgent32.exe, &lt;a class=success&gt;Playback - {135} [SUCCESS] SendKeys "^{HOME}" - "[Web]ControlType='Edit' &amp;&amp; TagName='INPUT' &amp;&amp; Id='' &amp;&amp; Name='txtAutoLapseDate' &amp;&amp; LabeledBy='' &amp;&amp; Type='SINGLELINE' &amp;&amp; FilterCondition(Title='', Class='', ControlDefinition='onchange=enableButtons() name=txtAutoLap', TagInstance='4')"
\0&lt;/a&gt;
E, 3504, 18, 2013/05/23, 18:48:47.947, 2911166578202, QTAgent32.exe, Msaa.GetFocusedElement: could not find accessible object of foreground window
W, 3504, 18, 2013/05/23, 18:48:48.080, 2911168477495, QTAgent32.exe, &lt;a class=success&gt;Playback - {136} [SUCCESS] SendKeys "^+{END}" - "[Web]ControlType='Edit' &amp;&amp; TagName='INPUT' &amp;&amp; Id='' &amp;&amp; Name='txtAutoLapseDate' &amp;&amp; LabeledBy='' &amp;&amp; Type='SINGLELINE' &amp;&amp; FilterCondition(Title='', Class='', ControlDefinition='onchange=enableButtons() name=txtAutoLap', TagInstance='4')"
\0&lt;/a&gt;
E, 3504, 18, 2013/05/23, 18:48:48.080, 2911168480179, QTAgent32.exe, Msaa.GetFocusedElement: could not find accessible object of foreground window
W, 3504, 18, 2013/05/23, 18:48:48.170, 2911169773350, QTAgent32.exe, &lt;a class=success&gt;Playback - {137} [SUCCESS] SendKeys "{DELETE}" - "[Web]ControlType='Edit' &amp;&amp; TagName='INPUT' &amp;&amp; Id='' &amp;&amp; Name='txtAutoLapseDate' &amp;&amp; LabeledBy='' &amp;&amp; Type='SINGLELINE' &amp;&amp; FilterCondition(Title='', Class='', ControlDefinition='onchange=enableButtons() name=txtAutoLap', TagInstance='4')"
\0&lt;/a&gt;
W, 3504, 18, 2013/05/23, 18:48:48.467, 2911174022640, QTAgent32.exe, &lt;a class=success&gt;Playback - {138} [SUCCESS] SetValueAsEditBox "30/05/2013" - "[Web]ControlType='Edit' &amp;&amp; TagName='INPUT' &amp;&amp; Id='' &amp;&amp; Name='txtAutoLapseDate' &amp;&amp; LabeledBy='' &amp;&amp; Type='SINGLELINE' &amp;&amp; FilterCondition(Title='', Class='', ControlDefinition='onchange=enableButtons() name=txtAutoLap', TagInstance='4')"  &lt; Set via SendKeys &gt;
\0&lt;/a&gt;
W, 3504, 18, 2013/05/23, 18:48:48.788, 2911178623780, QTAgent32.exe, &lt;a class=success&gt;Playback - {139} [SUCCESS] MouseButtonClick - "[Web]ControlType='Edit' &amp;&amp; TagName='TEXTAREA' &amp;&amp; Id='' &amp;&amp; Name='txtClientXml' &amp;&amp; LabeledBy='' &amp;&amp; FilterCondition(Title='', Class='', ControlDefinition='onchange=enableButtons() wrap=off cols=5', TagInstance='1')"
\0&lt;/a&gt;
W, 3504, 18, 2013/05/23, 18:48:49.256, 2911185318617, QTAgent32.exe, &lt;a class=success&gt;Playback - {140} [SUCCESS] MouseButtonClick - "[Web]ControlType='Button' &amp;&amp; TagName='INPUT' &amp;&amp; Id='getXmlButton' &amp;&amp; Name='getXmlButton' &amp;&amp; FilterCondition(DisplayText='Get XML from Server', Type='button', Title='Click to get xml from server', Class='', ControlDefinition='id=getXmlButton title="Click to get xml ', TagInstance='5')"
\0&lt;/a&gt;
W, 3504, 18, 2013/05/23, 18:48:49.532, 2911189270085, QTAgent32.exe, &lt;a class=success&gt;Playback - {141} [SUCCESS] MouseButtonClick - "[Web]ControlType='Button' &amp;&amp; TagName='INPUT' &amp;&amp; Id='buttonCreate' &amp;&amp; Name='buttonCreate' &amp;&amp; FilterCondition(DisplayText='  Create Record  ', Type='button', Title='Click to create the new record', Class='', ControlDefinition='id=buttonCreate title="Click to create t', TagInstance='6')"
\0&lt;/a&gt;
W, 3504, 18, 2013/05/23, 18:48:51.990, 2911224468010, QTAgent32.exe, &lt;a class=success&gt;Playback - {142} [SUCCESS] MouseButtonClick - "[MSAA, VisibleOnly]ControlType='Button' &amp;&amp; Name='OK'"
\0&lt;/a&gt;
W, 3504, 18, 2013/05/23, 18:48:57.172, 2911298661088, QTAgent32.exe, &lt;a class=success&gt;Playback - {143} [SUCCESS] TypeString "%({F4})"
\0&lt;/a&gt;
W, 3504, 18, 2013/05/23, 18:48:57.918, 2911309338227, QTAgent32.exe, &lt;a class=success&gt;Playback - {144} [SUCCESS] SendKeys "^{HOME}" - "[MSAA, VisibleOnly]ControlType='Edit'"
\0&lt;/a&gt;
E, 3504, 18, 2013/05/23, 18:48:57.918, 2911309341454, QTAgent32.exe, Msaa.GetFocusedElement: could not find accessible object of foreground window
W, 3504, 18, 2013/05/23, 18:48:57.975, 2911310164239, QTAgent32.exe, &lt;a class=success&gt;Playback - {145} [SUCCESS] SendKeys "^+{END}" - "[MSAA, VisibleOnly]ControlType='Edit'"
\0&lt;/a&gt;
E, 3504, 18, 2013/05/23, 18:48:57.976, 2911310167874, QTAgent32.exe, Msaa.GetFocusedElement: could not find accessible object of foreground window
W, 3504, 18, 2013/05/23, 18:48:58.004, 2911310576784, QTAgent32.exe, &lt;a class=success&gt;Playback - {146} [SUCCESS] SendKeys "{DELETE}" - "[MSAA, VisibleOnly]ControlType='Edit'"
\0&lt;/a&gt;
W, 3504, 18, 2013/05/23, 18:48:58.413, 2911316433968, QTAgent32.exe, &lt;a class=success&gt;Playback - {147} [SUCCESS] SetValueAsEditBox "30/05/2012" - "[MSAA, VisibleOnly]ControlType='Edit'"  &lt; Set via SendKeys &gt;
\0&lt;/a&gt;
W, 3504, 18, 2013/05/23, 18:48:58.771, 2911321555343, QTAgent32.exe, &lt;a class=success&gt;Playback - {148} [SUCCESS] MouseButtonClick - "[MSAA, VisibleOnly]ControlType='Button' &amp;&amp; Name='OK'"
\0&lt;/a&gt;
W, 3504, 18, 2013/05/23, 18:48:59.059, 2911325683459, QTAgent32.exe, &lt;a class=success&gt;Playback - {149} [SUCCESS] MouseButtonClick - "[MSAA, VisibleOnly]ControlType='Client'"
\0&lt;/a&gt;
W, 3504, 18, 2013/05/23, 18:48:59.658, 2911334253568, QTAgent32.exe, &lt;a class=success&gt;Playback - {150} [SUCCESS] MouseButtonClick - "[MSAA, VisibleOnly]ControlType='Client'"
\0&lt;/a&gt;
W, 3504, 18, 2013/05/23, 18:49:01.346, 2911358421248, QTAgent32.exe, &lt;a class=success&gt;Playback - {151} [SUCCESS] SetValueAsEditBox "AUTO203" - "[MSAA, VisibleOnly]ControlType='Edit'"  &lt; Set via SendKeys &gt;
\0&lt;/a&gt;
W, 3504, 18, 2013/05/23, 18:49:01.728, 2911363897769, QTAgent32.exe, &lt;a class=success&gt;Playback - {152} [SUCCESS] SetValueAsEditBox "-1001" - "[MSAA, VisibleOnly]ControlType='Edit'"  &lt; Set via SendKeys &gt;
\0&lt;/a&gt;
W, 3504, 18, 2013/05/23, 18:49:02.124, 2911369562608, QTAgent32.exe, Playback - [WARNING] Internal warning: Incorrect flag set for InvokeProgrammaticAction\0
W, 3504, 18, 2013/05/23, 18:49:02.248, 2911371338117, QTAgent32.exe, &lt;a class=success&gt;Playback - {153} [SUCCESS] SetValueAsComboBox "Household" - "[MSAA, VisibleOnly]ControlType='ComboBox'"  &lt; SetValueAsComboBox, set by clicking on the item in the list box &gt;
\0&lt;/a&gt;
W, 3504, 18, 2013/05/23, 18:49:02.476, 2911374608715, QTAgent32.exe, &lt;a class=success&gt;Playback - {154} [SUCCESS] SendKeys "^{HOME}" - "[MSAA, VisibleOnly]ControlType='Edit'"
\0&lt;/a&gt;
E, 3504, 18, 2013/05/23, 18:49:02.476, 2911374611628, QTAgent32.exe, Msaa.GetFocusedElement: could not find accessible object of foreground window
W, 3504, 18, 2013/05/23, 18:49:02.531, 2911375388209, QTAgent32.exe, &lt;a class=success&gt;Playback - {155} [SUCCESS] SendKeys "^+{END}" - "[MSAA, VisibleOnly]ControlType='Edit'"
\0&lt;/a&gt;
E, 3504, 18, 2013/05/23, 18:49:02.531, 2911375391094, QTAgent32.exe, Msaa.GetFocusedElement: could not find accessible object of foreground window
W, 3504, 18, 2013/05/23, 18:49:02.545, 2911375590074, QTAgent32.exe, &lt;a class=success&gt;Playback - {156} [SUCCESS] SendKeys "{DELETE}" - "[MSAA, VisibleOnly]ControlType='Edit'"
\0&lt;/a&gt;
W, 3504, 18, 2013/05/23, 18:49:02.819, 2911379522110, QTAgent32.exe, &lt;a class=success&gt;Playback - {157} [SUCCESS] SetValueAsEditBox "30/05/2012" - "[MSAA, VisibleOnly]ControlType='Edit'"  &lt; Set via SendKeys &gt;
\0&lt;/a&gt;
W, 3504, 18, 2013/05/23, 18:49:03.337, 2911386928691, QTAgent32.exe, &lt;a class=success&gt;Playback - {158} [SUCCESS] MouseButtonClick - "[MSAA, VisibleOnly]ControlType='Button' &amp;&amp; Name='Regress'"
\0&lt;/a&gt;
W, 3504, 18, 2013/05/23, 18:49:03.593, 2911390599168, QTAgent32.exe, &lt;a class=success&gt;Playback - {159} [SUCCESS] MouseButtonClick - "[MSAA, VisibleOnly]ControlType='Button' &amp;&amp; Name='Exit'"
\0&lt;/a&gt;
W, 3504, 18, 2013/05/23, 18:49:03.863, 2911394465022, QTAgent32.exe, &lt;a class=success&gt;Playback - {160} [SUCCESS] MouseButtonClick - "[MSAA, VisibleOnly]ControlType='Button'"
\0&lt;/a&gt;
W, 3504, 18, 2013/05/23, 18:49:04.113, 2911398049893, QTAgent32.exe, &lt;a class=success&gt;Playback - {161} [SUCCESS] MouseButtonClick - "[MSAA, VisibleOnly]ControlType='Button' &amp;&amp; Name='Options'"
\0&lt;/a&gt;
W, 3504, 18, 2013/05/23, 18:49:04.213, 2911399485732, QTAgent32.exe, FindScreenElementInSinglePass : Attempting to find control in one pass of search. Failures can occur.
W, 3504, 18, 2013/05/23, 18:49:04.559, 2911404429786, QTAgent32.exe, &lt;a class=success&gt;Playback - {162} [SUCCESS] MouseButtonClick - "[MSAA]ControlType='MenuItem' &amp;&amp; Name='Links'"
\0&lt;/a&gt;
W, 3504, 18, 2013/05/23, 18:49:04.659, 2911405869552, QTAgent32.exe, FindScreenElementInSinglePass : Attempting to find control in one pass of search. Failures can occur.
W, 3504, 18, 2013/05/23, 18:49:05.009, 2911410881282, QTAgent32.exe, &lt;a class=success&gt;Playback - {163} [SUCCESS] MouseButtonClick - "[MSAA]ControlType='MenuItem' &amp;&amp; Name='3rd Party Integration'"
\0&lt;/a&gt;
W, 3504, 18, 2013/05/23, 18:49:05.110, 2911412318890, QTAgent32.exe, FindScreenElementInSinglePass : Attempting to find control in one pass of search. Failures can occur.
W, 3504, 18, 2013/05/23, 18:49:05.427, 2911416857473, QTAgent32.exe, &lt;a class=success&gt;Playback - {164} [SUCCESS] MouseButtonClick - "[MSAA]ControlType='MenuItem' &amp;&amp; Name='Renewals Loader'"
\0&lt;/a&gt;
W, 3504, 18, 2013/05/23, 18:49:06.341, 2911429938707, QTAgent32.exe, Playback - [WARNING] Internal warning: Window Not Found: [VisibleOnly]ControlType='Window' &amp;&amp; Name='Renewal Loader' &amp;&amp; ClassName='TfUIMain'
\0
E, 3504, 18, 2013/05/23, 18:49:06.341, 2911429942333, QTAgent32.exe, &lt;a class=failure&gt;Playback - {165} [FAILED] Function ElementFetcher::FindScreenElement failed to locate UI element (Searching: ;[VisibleOnly]ControlType='Window' &amp;&amp; Name='Renewal Loader' &amp;&amp; ClassName='TfUIMain') (The object specified was not found.)
\0&lt;/a&gt;
E, 3504, 18, 2013/05/23, 18:49:07.327, 2911444064743, QTAgent32.exe, Playback - [IMAGE] C:\Users\testuser\AppData\Local\Temp\UITestLogs\LastRun\RPFB2EE.png
\0
W, 3504, 18, 2013/05/23, 18:49:07.328, 2911444079680, QTAgent32.exe, Playback - [WARNING] Internal warning: Couldn't find descendants that match QueryId
\0
W, 3504, 18, 2013/05/23, 18:49:07.330, 2911444100498, QTAgent32.exe, PERF WARNING: FindTopLevelWindowHelper::FindAllDescendents: took 1801 ms. Expected it to take maximum 500 ms.
W, 3504, 18, 2013/05/23, 18:49:08.003, 2911453745634, QTAgent32.exe, PERF WARNING: FindTopLevelWindowHelper::FindAllDescendents: took 672 ms. Expected it to take maximum 500 ms.
W, 3504, 18, 2013/05/23, 18:49:08.130, 2911455569859, QTAgent32.exe, &lt;a class=success&gt;Playback - {166} [SUCCESS] MouseButtonClick - "[MSAA, VisibleOnly]ControlType='TitleBar'"
\0&lt;/a&gt;
W, 3504, 18, 2013/05/23, 18:49:08.583, 2911462054717, QTAgent32.exe, &lt;a class=success&gt;Playback - {167} [SUCCESS] SendKeys "^{HOME}" - "[MSAA, VisibleOnly]ControlType='Edit'"
\0&lt;/a&gt;
E, 3504, 18, 2013/05/23, 18:49:08.584, 2911462057764, QTAgent32.exe, Msaa.GetFocusedElement: could not find accessible object of foreground window
W, 3504, 18, 2013/05/23, 18:49:08.639, 2911462856615, QTAgent32.exe, &lt;a class=success&gt;Playback - {168} [SUCCESS] SendKeys "^+{END}" - "[MSAA, VisibleOnly]ControlType='Edit'"
\0&lt;/a&gt;
E, 3504, 18, 2013/05/23, 18:49:08.640, 2911462860051, QTAgent32.exe, Msaa.GetFocusedElement: could not find accessible object of foreground window
W, 3504, 18, 2013/05/23, 18:49:08.657, 2911463103839, QTAgent32.exe, &lt;a class=success&gt;Playback - {169} [SUCCESS] SendKeys "{DELETE}" - "[MSAA, VisibleOnly]ControlType='Edit'"
\0&lt;/a&gt;
W, 3504, 18, 2013/05/23, 18:49:09.109, 2911469582121, QTAgent32.exe, &lt;a class=success&gt;Playback - {170} [SUCCESS] SetValueAsEditBox "23/05/2013" - "[MSAA, VisibleOnly]ControlType='Edit'"  &lt; Set via SendKeys &gt;
\0&lt;/a&gt;
W, 3504, 18, 2013/05/23, 18:49:09.607, 2911476711566, QTAgent32.exe, &lt;a class=success&gt;Playback - {171} [SUCCESS] SendKeys "^{HOME}" - "[MSAA, VisibleOnly]ControlType='Edit'"
\0&lt;/a&gt;
E, 3504, 18, 2013/05/23, 18:49:09.608, 2911476714857, QTAgent32.exe, Msaa.GetFocusedElement: could not find accessible object of foreground window
W, 3504, 18, 2013/05/23, 18:49:09.672, 2911477641698, QTAgent32.exe, &lt;a class=success&gt;Playback - {172} [SUCCESS] SendKeys "^+{END}" - "[MSAA, VisibleOnly]ControlType='Edit'"
\0&lt;/a&gt;
E, 3504, 18, 2013/05/23, 18:49:09.673, 2911477644688, QTAgent32.exe, Msaa.GetFocusedElement: could not find accessible object of foreground window
W, 3504, 18, 2013/05/23, 18:49:09.688, 2911477866374, QTAgent32.exe, &lt;a class=success&gt;Playback - {173} [SUCCESS] SendKeys "{DELETE}" - "[MSAA, VisibleOnly]ControlType='Edit'"
\0&lt;/a&gt;
W, 3504, 18, 2013/05/23, 18:49:10.162, 2911484652640, QTAgent32.exe, &lt;a class=success&gt;Playback - {174} [SUCCESS] SetValueAsEditBox "06/06/2013" - "[MSAA, VisibleOnly]ControlType='Edit'"  &lt; Set via SendKeys &gt;
\0&lt;/a&gt;
W, 3504, 18, 2013/05/23, 18:49:10.616, 2911491162027, QTAgent32.exe, &lt;a class=success&gt;Playback - {175} [SUCCESS] MouseButtonClick - "[MSAA, VisibleOnly]ControlType='Button' &amp;&amp; Name='Run'"
\0&lt;/a&gt;
W, 3504, 18, 2013/05/23, 18:49:15.868, 2911566358975, QTAgent32.exe, &lt;a class=success&gt;Playback - {176} [SUCCESS] TypeString "%({F4})"
\0&lt;/a&gt;
W, 3504, 18, 2013/05/23, 18:49:16.369, 2911573527066, QTAgent32.exe, &lt;a class=success&gt;Playback - {177} [SUCCESS] MouseButtonClick - "[MSAA, VisibleOnly]ControlType='TitleBar'"
\0&lt;/a&gt;
W, 3504, 18, 2013/05/23, 18:49:16.715, 2911578489184, QTAgent32.exe, &lt;a class=success&gt;Playback - {178} [SUCCESS] MouseButtonClick - "[MSAA, VisibleOnly]ControlType='Button' &amp;&amp; Name='Close'"
\0&lt;/a&gt;
W, 3504, 18, 2013/05/23, 18:49:17.001, 2911582573279, QTAgent32.exe, &lt;a class=success&gt;Playback - {179} [SUCCESS] MouseButtonClick - "[MSAA, VisibleOnly]ControlType='Button' &amp;&amp; Name='Options'"
\0&lt;/a&gt;
W, 3504, 18, 2013/05/23, 18:49:17.102, 2911584014982, QTAgent32.exe, FindScreenElementInSinglePass : Attempting to find control in one pass of search. Failures can occur.
W, 3504, 18, 2013/05/23, 18:49:17.864, 2911594933900, QTAgent32.exe, &lt;a class=success&gt;Playback - {180} [SUCCESS] MouseButtonClick - "[MSAA]ControlType='MenuItem' &amp;&amp; Name='Links'"
\0&lt;/a&gt;
W, 3504, 18, 2013/05/23, 18:49:17.966, 2911596387268, QTAgent32.exe, FindScreenElementInSinglePass : Attempting to find control in one pass of search. Failures can occur.
W, 3504, 18, 2013/05/23, 18:49:18.892, 2911609650138, QTAgent32.exe, &lt;a class=success&gt;Playback - {181} [SUCCESS] MouseButtonClick - "[MSAA]ControlType='MenuItem' &amp;&amp; Name='3rd Party Integration'"
\0&lt;/a&gt;
W, 3504, 18, 2013/05/23, 18:49:18.994, 2911611109177, QTAgent32.exe, FindScreenElementInSinglePass : Attempting to find control in one pass of search. Failures can occur.
W, 3504, 18, 2013/05/23, 18:49:19.492, 2911618248948, QTAgent32.exe, &lt;a class=success&gt;Playback - {182} [SUCCESS] MouseButtonClick - "[MSAA]ControlType='MenuItem' &amp;&amp; Name='Renewals Module'"
\0&lt;/a&gt;
W, 3504, 18, 2013/05/23, 18:49:20.126, 2911627319913, QTAgent32.exe, Playback - [WARNING] Internal warning: Window Not Found: [VisibleOnly]ControlType='Window' &amp;&amp; Name='Personal Lines Renewals' &amp;&amp; ClassName='ThunderRT6FormDC'
\0
E, 3504, 18, 2013/05/23, 18:49:20.128, 2911627346366, QTAgent32.exe, &lt;a class=failure&gt;Playback - {183} [FAILED] Function ElementFetcher::FindScreenElement failed to locate UI element (Searching: ;[VisibleOnly]ControlType='Window' &amp;&amp; Name='Personal Lines Renewals' &amp;&amp; ClassName='ThunderRT6FormDC') (The object specified was not found.)
\0&lt;/a&gt;
E, 3504, 18, 2013/05/23, 18:49:20.281, 2911629540017, QTAgent32.exe, Playback - [IMAGE] C:\Users\testuser\AppData\Local\Temp\UITestLogs\LastRun\RPFE8CE.png
\0
W, 3504, 18, 2013/05/23, 18:49:20.281, 2911629542290, QTAgent32.exe, Playback - [WARNING] Internal warning: Couldn't find descendants that match QueryId
\0
W, 3504, 18, 2013/05/23, 18:49:20.281, 2911629545334, QTAgent32.exe, PERF WARNING: FindTopLevelWindowHelper::FindAllDescendents: took 687 ms. Expected it to take maximum 500 ms.
W, 3504, 18, 2013/05/23, 18:49:20.367, 2911630777706, QTAgent32.exe, Playback - [WARNING] Internal warning: Window Not Found: [VisibleOnly]ControlType='Window' &amp;&amp; Name='Personal Lines Renewals' &amp;&amp; ClassName='ThunderRT6FormDC'
\0
E, 3504, 18, 2013/05/23, 18:49:20.367, 2911630780547, QTAgent32.exe, &lt;a class=failure&gt;Playback - {184} [FAILED] Function ElementFetcher::FindScreenElement failed to locate UI element (Searching: ;[VisibleOnly]ControlType='Window' &amp;&amp; Name='Personal Lines Renewals' &amp;&amp; ClassName='ThunderRT6FormDC') (The object specified was not found.)
\0&lt;/a&gt;
E, 3504, 18, 2013/05/23, 18:49:20.487, 2911632497500, QTAgent32.exe, Playback - [IMAGE] C:\Users\testuser\AppData\Local\Temp\UITestLogs\LastRun\RPFE9B9.png
\0
W, 3504, 18, 2013/05/23, 18:49:20.487, 2911632500721, QTAgent32.exe, Playback - [WARNING] Internal warning: Couldn't find descendants that match QueryId
\0
W, 3504, 18, 2013/05/23, 18:49:21.702, 2911649890548, QTAgent32.exe, PERF WARNING: FindTopLevelWindowHelper::FindAllDescendents: took 1214 ms. Expected it to take maximum 500 ms.
W, 3504, 18, 2013/05/23, 18:49:22.443, 2911660497539, QTAgent32.exe, &lt;a class=success&gt;Playback - {185} [SUCCESS] SetValueAsEditBox "1" - "[MSAA, VisibleOnly]ControlType='Edit'"  &lt; Set via SendKeys &gt;
\0&lt;/a&gt;
W, 3504, 18, 2013/05/23, 18:49:23.094, 2911669815293, QTAgent32.exe, &lt;a class=success&gt;Playback - {186} [SUCCESS] MouseButtonClick - "[MSAA, VisibleOnly]ControlType='Button' &amp;&amp; Name='Ok'"
\0&lt;/a&gt;
W, 3504, 18, 2013/05/23, 18:49:23.601, 2911677084843, QTAgent32.exe, Playback - [WARNING] Internal warning: Window Not Found: [VisibleOnly]ControlType='Window' &amp;&amp; Name='Confirm' &amp;&amp; ClassName='#32770'
\0
E, 3504, 18, 2013/05/23, 18:49:23.602, 2911677089463, QTAgent32.exe, &lt;a class=failure&gt;Playback - {187} [FAILED] Function ElementFetcher::FindScreenElement failed to locate UI element (Searching: ;[VisibleOnly]ControlType='Window' &amp;&amp; Name='Confirm' &amp;&amp; ClassName='#32770') (The object specified was not found.)
\0&lt;/a&gt;
E, 3504, 18, 2013/05/23, 18:49:23.758, 2911679323844, QTAgent32.exe, Playback - [IMAGE] C:\Users\testuser\AppData\Local\Temp\UITestLogs\LastRun\RPFF657.png
\0
W, 3504, 18, 2013/05/23, 18:49:23.758, 2911679326105, QTAgent32.exe, Playback - [WARNING] Internal warning: Couldn't find descendants that match QueryId
\0
W, 3504, 18, 2013/05/23, 18:49:23.758, 2911679329656, QTAgent32.exe, PERF WARNING: FindTopLevelWindowHelper::FindAllDescendents: took 540 ms. Expected it to take maximum 500 ms.
W, 3504, 18, 2013/05/23, 18:49:41.840, 2911938229061, QTAgent32.exe, Playback - [WARNING] Internal warning: Window Not Found: [VisibleOnly]ControlType='Window' &amp;&amp; Name='Confirm' &amp;&amp; ClassName='#32770'
\0
E, 3504, 18, 2013/05/23, 18:49:41.841, 2911938234724, QTAgent32.exe, &lt;a class=failure&gt;Playback - {188} [FAILED] Function ElementFetcher::FindScreenElement failed to locate UI element (Searching: ;[VisibleOnly]ControlType='Window' &amp;&amp; Name='Confirm' &amp;&amp; ClassName='#32770') (The object specified was not found.)
\0&lt;/a&gt;
E, 3504, 18, 2013/05/23, 18:49:41.930, 2911939517576, QTAgent32.exe, Playback - [IMAGE] C:\Users\testuser\AppData\Local\Temp\UITestLogs\LastRun\RPF3DA4.png
\0
W, 3504, 18, 2013/05/23, 18:49:41.930, 2911939520427, QTAgent32.exe, Playback - [WARNING] Internal warning: Couldn't find descendants that match QueryId
\0
W, 3504, 18, 2013/05/23, 18:49:41.931, 2911939526946, QTAgent32.exe, PERF WARNING: FindTopLevelWindowHelper::FindAllDescendents: took 18172 ms. Expected it to take maximum 500 ms.
W, 3504, 18, 2013/05/23, 18:49:42.470, 2911947247247, QTAgent32.exe, Playback - [WARNING] Internal warning: Smart Match failed
\0
W, 3504, 18, 2013/05/23, 18:49:42.934, 2911953892220, QTAgent32.exe, Playback - [WARNING] Internal warning: Smart Match failed
\0
W, 3504, 18, 2013/05/23, 18:49:43.361, 2911960011102, QTAgent32.exe, Playback - [WARNING] Internal warning: Smart Match failed
\0
W, 3504, 18, 2013/05/23, 18:49:43.892, 2911967615806, QTAgent32.exe, Playback - [WARNING] Internal warning: Smart Match failed
\0
W, 3504, 18, 2013/05/23, 18:49:44.554, 2911977082385, QTAgent32.exe, Playback - [WARNING] Internal warning: Smart Match failed
\0
W, 3504, 18, 2013/05/23, 18:49:45.056, 2911984272428, QTAgent32.exe, Playback - [WARNING] Internal warning: Smart Match failed
\0
W, 3504, 18, 2013/05/23, 18:49:45.513, 2911990811661, QTAgent32.exe, Playback - [WARNING] Internal warning: Window Not Found: [VisibleOnly]ControlType='Window' &amp;&amp; Name='Confirm' &amp;&amp; ClassName='#32770'
\0
E, 3504, 18, 2013/05/23, 18:49:45.513, 2911990814616, QTAgent32.exe, &lt;a class=failure&gt;Playback - {189} [FAILED] Function ElementFetcher::FindScreenElement failed to locate UI element (Searching: ;[VisibleOnly]ControlType='Window' &amp;&amp; Name='Confirm' &amp;&amp; ClassName='#32770') (The object specified was not found.)
\0&lt;/a&gt;
E, 3504, 18, 2013/05/23, 18:49:45.653, 2911992824387, QTAgent32.exe, Playback - [IMAGE] C:\Users\testuser\AppData\Local\Temp\UITestLogs\LastRun\RPF4BF7.png
\0
W, 3504, 18, 2013/05/23, 18:49:45.653, 2911992826739, QTAgent32.exe, Playback - [WARNING] Internal warning: Couldn't find descendants that match QueryId
\0
W, 3504, 18, 2013/05/23, 18:49:45.654, 2911992830447, QTAgent32.exe, PERF WARNING: FindTopLevelWindowHelper::FindAllDescendents: took 3722 ms. Expected it to take maximum 500 ms.
E, 3504, 18, 2013/05/23, 18:49:45.654, 2911992832417, QTAgent32.exe, Exception: System.Runtime.InteropServices.COMException
	Message: Error HRESULT E_FAIL has been returned from a call to a COM component.
	Stack Trace:    at Microsoft.VisualStudio.TestTools.UITest.Playback.Engine.IRPFPlayback.FindAllScreenElements(IScreenElement pScreenElementStart, String bstrQueryId, Object&amp; pvarResKeys, Int32 cResKeys, Int32 nMaxDepth, Object[]&amp; foundDescendants)
   at Microsoft.VisualStudio.TestTools.UITest.Playback.ScreenElement.FindTopLevelWindowHelper(String queryId)
	BaseExceptionMessage: Error HRESULT E_FAIL has been returned from a call to a COM component.

E, 3504, 18, 2013/05/23, 18:49:45.759, 2911994335890, QTAgent32.exe, AL: Playback Error: Microsoft.VisualStudio.TestTools.UITest.Extension.UITestControlNotFoundException: The playback failed to find the control with the given search properties. Additional Details: 
TechnologyName:  'MSAA'
ControlType:  'Window'
Name:  'Confirm'
ClassName:  '#32770'
 ---&gt; System.Runtime.InteropServices.COMException: Error HRESULT E_FAIL has been returned from a call to a COM component.
   at Microsoft.VisualStudio.TestTools.UITest.Playback.Engine.IRPFPlayback.FindAllScreenElements(IScreenElement pScreenElementStart, String bstrQueryId, Object&amp; pvarResKeys, Int32 cResKeys, Int32 nMaxDepth, Object[]&amp; foundDescendants)
   at Microsoft.VisualStudio.TestTools.UITest.Playback.ScreenElement.FindTopLevelWindowHelper(String queryId)
   at Microsoft.VisualStudio.TestTools.UITest.Playback.ScreenElement.FindFromPartialQueryId(String queryId)
   at Microsoft.VisualStudio.TestTools.UITesting.UITestControl..ctor(String queryId)
   --- End of inner exception stack trace ---
   at Microsoft.VisualStudio.TestTools.UITesting.Playback.MapControlNotFoundException(COMException ex, IPlaybackContext context)
   at Microsoft.VisualStudio.TestTools.UITesting.Playback.MapAndThrowComException(COMException innerException, IPlaybackContext context)
   at Microsoft.VisualStudio.TestTools.UITesting.Playback.MapAndThrowException(SystemException exception, IPlaybackContext context)
   at Microsoft.VisualStudio.TestTools.UITesting.Playback.MapAndThrowException(SystemException exception, String queryId)
   at Microsoft.VisualStudio.TestTools.UITesting.UITestControl..ctor(String queryId)
   at Microsoft.VisualStudio.TestTools.UITesting.SearchHelper.SearchTopLevelWindow(ISearchArgument topLevelSearchArg, String topLevelElementQueryId)
   at Microsoft.VisualStudio.TestTools.UITesting.SearchHelper.GetTitleUpdatedTopLevelWindow(ISearchArgument topLevelSearchArg, String queryId, IList`1 windowTitles)
   at Microsoft.VisualStudio.TestTools.UITesting.SearchHelper.GetTopLevelElement(Boolean useCache, Boolean useCacheOnly, ISearchArgument searchArg, IList`1 windowTitles, Int32&amp; timeLeft)
   at Microsoft.VisualStudio.TestTools.UITesting.SearchHelper.GetElement(Boolean useCache, ISearchArgument searchArg)
   at Microsoft.VisualStudio.TestTools.UITesting.SearchHelper.Search(ISearchArgument searchArg)
   at Microsoft.VisualStudio.TestTools.UITesting.UITestControl.FindInternal()
   at Microsoft.VisualStudio.TestTools.UITesting.UITestControl.FindControlIfNecessary()
   at Microsoft.VisualStudio.TestTools.UITesting.UITestControl.Click(MouseButtons button, ModifierKeys modifierKeys, Point relativeCoordinates)
   at Microsoft.VisualStudio.TestTools.UITesting.Mouse.ClickImplementation(UITestControl control, MouseButtons button, ModifierKeys modifierKeys, Point relativeCoordinate)
   at Microsoft.VisualStudio.TestTools.UITesting.Mouse.ClickImplementationWrapper(UITestControl control, MouseButtons button, ModifierKeys modifierKeys, Point relativeCoordinate)
W, 3504, 18, 2013/05/23, 18:49:45.759, 2911994339936, QTAgent32.exe, PlaybackErrorHandler: Ignoring exception as ContinueOnError is set.
W, 3504, 18, 2013/05/23, 18:49:46.105, 2911999299905, QTAgent32.exe, Playback - [WARNING] Internal warning: Window Not Found: [VisibleOnly]ControlType='Window' &amp;&amp; Name='Personal Lines' &amp;&amp; ClassName='#32770'
\0
E, 3504, 18, 2013/05/23, 18:49:46.106, 2911999303077, QTAgent32.exe, &lt;a class=failure&gt;Playback - {190} [FAILED] Function ElementFetcher::FindScreenElement failed to locate UI element (Searching: ;[VisibleOnly]ControlType='Window' &amp;&amp; Name='Personal Lines' &amp;&amp; ClassName='#32770') (The object specified was not found.)
\0&lt;/a&gt;
E, 3504, 18, 2013/05/23, 18:49:46.215, 2912000869268, QTAgent32.exe, Playback - [IMAGE] C:\Users\testuser\AppData\Local\Temp\UITestLogs\LastRun\RPF4E49.png
\0
W, 3504, 18, 2013/05/23, 18:49:46.215, 2912000871621, QTAgent32.exe, Playback - [WARNING] Internal warning: Couldn't find descendants that match QueryId
\0
W, 3504, 18, 2013/05/23, 18:50:04.298, 2912259781860, QTAgent32.exe, Playback - [WARNING] Internal warning: Window Not Found: [VisibleOnly]ControlType='Window' &amp;&amp; Name='Personal Lines' &amp;&amp; ClassName='#32770'
\0
E, 3504, 18, 2013/05/23, 18:50:04.299, 2912259789779, QTAgent32.exe, &lt;a class=failure&gt;Playback - {191} [FAILED] Function ElementFetcher::FindScreenElement failed to locate UI element (Searching: ;[VisibleOnly]ControlType='Window' &amp;&amp; Name='Personal Lines' &amp;&amp; ClassName='#32770') (The object specified was not found.)
\0&lt;/a&gt;
E, 3504, 18, 2013/05/23, 18:50:04.403, 2912261279003, QTAgent32.exe, Playback - [IMAGE] C:\Users\testuser\AppData\Local\Temp\UITestLogs\LastRun\RPF9558.png
\0
W, 3504, 18, 2013/05/23, 18:50:04.403, 2912261281429, QTAgent32.exe, Playback - [WARNING] Internal warning: Couldn't find descendants that match QueryId
\0
W, 3504, 18, 2013/05/23, 18:50:04.403, 2912261289634, QTAgent32.exe, PERF WARNING: FindTopLevelWindowHelper::FindAllDescendents: took 18187 ms. Expected it to take maximum 500 ms.
W, 3504, 18, 2013/05/23, 18:50:04.945, 2912269053192, QTAgent32.exe, Playback - [WARNING] Internal warning: Smart Match failed
\0
W, 3504, 18, 2013/05/23, 18:50:05.371, 2912275151480, QTAgent32.exe, Playback - [WARNING] Internal warning: Smart Match failed
\0
W, 3504, 18, 2013/05/23, 18:50:05.794, 2912281209907, QTAgent32.exe, Playback - [WARNING] Internal warning: Smart Match failed
\0
W, 3504, 18, 2013/05/23, 18:50:06.231, 2912287467296, QTAgent32.exe, Playback - [WARNING] Internal warning: Smart Match failed
\0
W, 3504, 18, 2013/05/23, 18:50:06.661, 2912293626509, QTAgent32.exe, Playback - [WARNING] Internal warning: Smart Match failed
\0
W, 3504, 18, 2013/05/23, 18:50:07.112, 2912300074568, QTAgent32.exe, Playback - [WARNING] Internal warning: Smart Match failed
\0
W, 3504, 18, 2013/05/23, 18:50:07.421, 2912304499051, QTAgent32.exe, Playback - [WARNING] Internal warning: Window Not Found: [VisibleOnly]ControlType='Window' &amp;&amp; Name='Personal Lines' &amp;&amp; ClassName='#32770'
\0
E, 3504, 18, 2013/05/23, 18:50:07.421, 2912304502345, QTAgent32.exe, &lt;a class=failure&gt;Playback - {192} [FAILED] Function ElementFetcher::FindScreenElement failed to locate UI element (Searching: ;[VisibleOnly]ControlType='Window' &amp;&amp; Name='Personal Lines' &amp;&amp; ClassName='#32770') (The object specified was not found.)
\0&lt;/a&gt;
E, 3504, 18, 2013/05/23, 18:50:07.518, 2912305891226, QTAgent32.exe, Playback - [IMAGE] C:\Users\testuser\AppData\Local\Temp\UITestLogs\LastRun\RPFA189.png
\0
W, 3504, 18, 2013/05/23, 18:50:07.518, 2912305894395, QTAgent32.exe, Playback - [WARNING] Internal warning: Couldn't find descendants that match QueryId
\0
W, 3504, 18, 2013/05/23, 18:50:07.518, 2912305898291, QTAgent32.exe, PERF WARNING: FindTopLevelWindowHelper::FindAllDescendents: took 3115 ms. Expected it to take maximum 500 ms.
E, 3504, 18, 2013/05/23, 18:50:07.519, 2912305900672, QTAgent32.exe, Exception: System.Runtime.InteropServices.COMException
	Message: Error HRESULT E_FAIL has been returned from a call to a COM component.
	Stack Trace:    at Microsoft.VisualStudio.TestTools.UITest.Playback.Engine.IRPFPlayback.FindAllScreenElements(IScreenElement pScreenElementStart, String bstrQueryId, Object&amp; pvarResKeys, Int32 cResKeys, Int32 nMaxDepth, Object[]&amp; foundDescendants)
   at Microsoft.VisualStudio.TestTools.UITest.Playback.ScreenElement.FindTopLevelWindowHelper(String queryId)
	BaseExceptionMessage: Error HRESULT E_FAIL has been returned from a call to a COM component.

E, 3504, 18, 2013/05/23, 18:50:07.519, 2912305909287, QTAgent32.exe, Window 2427358 not responding. Last Win32 error 0
E, 3504, 18, 2013/05/23, 18:50:07.519, 2912305910629, QTAgent32.exe, GetClassName for handle 2427358 failed
E, 3504, 18, 2013/05/23, 18:50:07.520, 2912305916216, QTAgent32.exe, Window 2951694 not responding. Last Win32 error 1400
E, 3504, 18, 2013/05/23, 18:50:07.520, 2912305917193, QTAgent32.exe, GetClassName for handle 2951694 failed
E, 3504, 18, 2013/05/23, 18:50:07.620, 2912307359507, QTAgent32.exe, AL: Playback Error: Microsoft.VisualStudio.TestTools.UITest.Extension.UITestControlNotAvailableException: The control is not available or not valid. Additional Details: 
TechnologyName:  'MSAA'
Name:  'OK'
ControlType:  'Button'
 ---&gt; Microsoft.VisualStudio.TestTools.UITest.Extension.UITestControlNotAvailableException: The control is not available or not valid. Additional Details: 
TechnologyName:  'MSAA'
ControlType:  'Window'
 ---&gt; System.Runtime.InteropServices.COMException: Error HRESULT E_FAIL has been returned from a call to a COM component.
   at Microsoft.VisualStudio.TestTools.UITest.Playback.Engine.IRPFPlayback.FindAllScreenElements(IScreenElement pScreenElementStart, String bstrQueryId, Object&amp; pvarResKeys, Int32 cResKeys, Int32 nMaxDepth, Object[]&amp; foundDescendants)
   at Microsoft.VisualStudio.TestTools.UITest.Playback.ScreenElement.FindTopLevelWindowHelper(String queryId)
   at Microsoft.VisualStudio.TestTools.UITest.Playback.ScreenElement.FindFromPartialQueryId(String queryId)
   at Microsoft.VisualStudio.TestTools.UITesting.UITestControl.EnsureValid(Boolean waitForReady, Boolean refetch)
   --- End of inner exception stack trace ---
   at Microsoft.VisualStudio.TestTools.UITesting.UITestControl.EnsureValid(Boolean waitForReady, Boolean refetch)
   at Microsoft.VisualStudio.TestTools.UITesting.UITestControl.FindFirstDescendant(String queryId, Int32 maxDepth, Int32&amp; timeLeft)
   at Microsoft.VisualStudio.TestTools.UITesting.UITestControl.FindFirstDescendant(String queryId)
   at Microsoft.VisualStudio.TestTools.UITesting.UITestControl.EnsureValid(Boolean waitForReady, Boolean refetch)
   --- End of inner exception stack trace ---
   at Microsoft.VisualStudio.TestTools.UITesting.UITestControl.EnsureValid(Boolean waitForReady, Boolean refetch)
   at Microsoft.VisualStudio.TestTools.UITesting.UITestControl.Click(MouseButtons button, ModifierKeys modifierKeys, Point relativeCoordinates)
   at Microsoft.VisualStudio.TestTools.UITesting.Mouse.ClickImplementation(UITestControl control, MouseButtons button, ModifierKeys modifierKeys, Point relativeCoordinate)
   at Microsoft.VisualStudio.TestTools.UITesting.Mouse.ClickImplementationWrapper(UITestControl control, MouseButtons button, ModifierKeys modifierKeys, Point relativeCoordinate)
W, 3504, 18, 2013/05/23, 18:50:07.621, 2912307363097, QTAgent32.exe, PlaybackErrorHandler: Ignoring exception as ContinueOnError is set.
W, 3504, 18, 2013/05/23, 18:50:07.922, 2912311671277, QTAgent32.exe, Playback - [WARNING] Internal warning: Window Not Found: [VisibleOnly]ControlType='Window' &amp;&amp; Name='Policies Auto-Renewed &amp; Auto-Lapsed' &amp;&amp; ClassName='ThunderRT6FormDC'
\0
E, 3504, 18, 2013/05/23, 18:50:07.922, 2912311674533, QTAgent32.exe, &lt;a class=failure&gt;Playback - {193} [FAILED] Function ElementFetcher::FindScreenElement failed to locate UI element (Searching: ;[VisibleOnly]ControlType='Window' &amp;&amp; Name='Policies Auto-Renewed &amp; Auto-Lapsed' &amp;&amp; ClassName='ThunderRT6FormDC') (The object specified was not found.)
\0&lt;/a&gt;
E, 3504, 18, 2013/05/23, 18:50:08.023, 2912313129961, QTAgent32.exe, Playback - [IMAGE] C:\Users\testuser\AppData\Local\Temp\UITestLogs\LastRun\RPFA37D.png
\0
W, 3504, 18, 2013/05/23, 18:50:08.024, 2912313132578, QTAgent32.exe, Playback - [WARNING] Internal warning: Couldn't find descendants that match QueryId
\0
W, 3504, 18, 2013/05/23, 18:50:26.033, 2912570995375, QTAgent32.exe, Playback - [WARNING] Internal warning: Window Not Found: [VisibleOnly]ControlType='Window' &amp;&amp; Name='Policies Auto-Renewed &amp; Auto-Lapsed' &amp;&amp; ClassName='ThunderRT6FormDC'
\0
E, 3504, 18, 2013/05/23, 18:50:26.034, 2912571000929, QTAgent32.exe, &lt;a class=failure&gt;Playback - {194} [FAILED] Function ElementFetcher::FindScreenElement failed to locate UI element (Searching: ;[VisibleOnly]ControlType='Window' &amp;&amp; Name='Policies Auto-Renewed &amp; Auto-Lapsed' &amp;&amp; ClassName='ThunderRT6FormDC') (The object specified was not found.)
\0&lt;/a&gt;
E, 3504, 18, 2013/05/23, 18:50:26.120, 2912572242237, QTAgent32.exe, Playback - [IMAGE] C:\Users\testuser\AppData\Local\Temp\UITestLogs\LastRun\RPFEA3E.png
\0
W, 3504, 18, 2013/05/23, 18:50:26.121, 2912572244685, QTAgent32.exe, Playback - [WARNING] Internal warning: Couldn't find descendants that match QueryId
\0
W, 3504, 18, 2013/05/23, 18:50:26.121, 2912572248621, QTAgent32.exe, PERF WARNING: FindTopLevelWindowHelper::FindAllDescendents: took 18096 ms. Expected it to take maximum 500 ms.
W, 3504, 18, 2013/05/23, 18:50:26.704, 2912580603259, QTAgent32.exe, Playback - [WARNING] Internal warning: Smart Match failed
\0
W, 3504, 18, 2013/05/23, 18:50:27.139, 2912586829624, QTAgent32.exe, Playback - [WARNING] Internal warning: Smart Match failed
\0
W, 3504, 18, 2013/05/23, 18:50:27.560, 2912592863851, QTAgent32.exe, Playback - [WARNING] Internal warning: Smart Match failed
\0
W, 3504, 18, 2013/05/23, 18:50:27.990, 2912599006012, QTAgent32.exe, Playback - [WARNING] Internal warning: Smart Match failed
\0
W, 3504, 18, 2013/05/23, 18:50:28.394, 2912604796855, QTAgent32.exe, Playback - [WARNING] Internal warning: Smart Match failed
\0
W, 3504, 18, 2013/05/23, 18:50:28.799, 2912610600030, QTAgent32.exe, Playback - [WARNING] Internal warning: Smart Match failed
\0
W, 3504, 18, 2013/05/23, 18:50:29.201, 2912616342717, QTAgent32.exe, Playback - [WARNING] Internal warning: Smart Match failed
\0
W, 3504, 18, 2013/05/23, 18:50:29.481, 2912620355902, QTAgent32.exe, Playback - [WARNING] Internal warning: Window Not Found: [VisibleOnly]ControlType='Window' &amp;&amp; Name='Policies Auto-Renewed &amp; Auto-Lapsed' &amp;&amp; ClassName='ThunderRT6FormDC'
\0
E, 3504, 18, 2013/05/23, 18:50:29.481, 2912620360294, QTAgent32.exe, &lt;a class=failure&gt;Playback - {195} [FAILED] Function ElementFetcher::FindScreenElement failed to locate UI element (Searching: ;[VisibleOnly]ControlType='Window' &amp;&amp; Name='Policies Auto-Renewed &amp; Auto-Lapsed' &amp;&amp; ClassName='ThunderRT6FormDC') (The object specified was not found.)
\0&lt;/a&gt;
E, 3504, 18, 2013/05/23, 18:50:29.568, 2912621611150, QTAgent32.exe, Playback - [IMAGE] C:\Users\testuser\AppData\Local\Temp\UITestLogs\LastRun\RPFF7B6.png
\0
W, 3504, 18, 2013/05/23, 18:50:29.569, 2912621614009, QTAgent32.exe, Playback - [WARNING] Internal warning: Couldn't find descendants that match QueryId
\0
W, 3504, 18, 2013/05/23, 18:50:29.569, 2912621621910, QTAgent32.exe, PERF WARNING: FindTopLevelWindowHelper::FindAllDescendents: took 3448 ms. Expected it to take maximum 500 ms.
E, 3504, 18, 2013/05/23, 18:50:29.569, 2912621625004, QTAgent32.exe, Exception: System.Runtime.InteropServices.COMException
	Message: Error HRESULT E_FAIL has been returned from a call to a COM component.
	Stack Trace:    at Microsoft.VisualStudio.TestTools.UITest.Playback.Engine.IRPFPlayback.FindAllScreenElements(IScreenElement pScreenElementStart, String bstrQueryId, Object&amp; pvarResKeys, Int32 cResKeys, Int32 nMaxDepth, Object[]&amp; foundDescendants)
   at Microsoft.VisualStudio.TestTools.UITest.Playback.ScreenElement.FindTopLevelWindowHelper(String queryId)
	BaseExceptionMessage: Error HRESULT E_FAIL has been returned from a call to a COM component.

E, 3504, 18, 2013/05/23, 18:50:29.671, 2912623076908, QTAgent32.exe, AL: Playback Error: Microsoft.VisualStudio.TestTools.UITest.Extension.UITestControlNotFoundException: The playback failed to find the control with the given search properties. Additional Details: 
TechnologyName:  'MSAA'
ControlType:  'Window'
Name:  'Policies Auto-Renewed &amp; Auto-Lapsed'
ClassName:  'ThunderRT6FormDC'
 ---&gt; System.Runtime.InteropServices.COMException: Error HRESULT E_FAIL has been returned from a call to a COM component.
   at Microsoft.VisualStudio.TestTools.UITest.Playback.Engine.IRPFPlayback.FindAllScreenElements(IScreenElement pScreenElementStart, String bstrQueryId, Object&amp; pvarResKeys, Int32 cResKeys, Int32 nMaxDepth, Object[]&amp; foundDescendants)
   at Microsoft.VisualStudio.TestTools.UITest.Playback.ScreenElement.FindTopLevelWindowHelper(String queryId)
   at Microsoft.VisualStudio.TestTools.UITest.Playback.ScreenElement.FindFromPartialQueryId(String queryId)
   at Microsoft.VisualStudio.TestTools.UITesting.UITestControl..ctor(String queryId)
   --- End of inner exception stack trace ---
   at Microsoft.VisualStudio.TestTools.UITesting.Playback.MapControlNotFoundException(COMException ex, IPlaybackContext context)
   at Microsoft.VisualStudio.TestTools.UITesting.Playback.MapAndThrowComException(COMException innerException, IPlaybackContext context)
   at Microsoft.VisualStudio.TestTools.UITesting.Playback.MapAndThrowException(SystemException exception, IPlaybackContext context)
   at Microsoft.VisualStudio.TestTools.UITesting.Playback.MapAndThrowException(SystemException exception, String queryId)
   at Microsoft.VisualStudio.TestTools.UITesting.UITestControl..ctor(String queryId)
   at Microsoft.VisualStudio.TestTools.UITesting.SearchHelper.SearchTopLevelWindow(ISearchArgument topLevelSearchArg, String topLevelElementQueryId)
   at Microsoft.VisualStudio.TestTools.UITesting.SearchHelper.GetTitleUpdatedTopLevelWindow(ISearchArgument topLevelSearchArg, String queryId, IList`1 windowTitles)
   at Microsoft.VisualStudio.TestTools.UITesting.SearchHelper.GetTopLevelElement(Boolean useCache, Boolean useCacheOnly, ISearchArgument searchArg, IList`1 windowTitles, Int32&amp; timeLeft)
   at Microsoft.VisualStudio.TestTools.UITesting.SearchHelper.GetElement(Boolean useCache, ISearchArgument searchArg)
   at Microsoft.VisualStudio.TestTools.UITesting.SearchHelper.Search(ISearchArgument searchArg)
   at Microsoft.VisualStudio.TestTools.UITesting.UITestControl.FindInternal()
   at Microsoft.VisualStudio.TestTools.UITesting.UITestControl.FindControlIfNecessary()
   at Microsoft.VisualStudio.TestTools.UITesting.UITestControl.Click(MouseButtons button, ModifierKeys modifierKeys, Point relativeCoordinates)
   at Microsoft.VisualStudio.TestTools.UITesting.Mouse.ClickImplementation(UITestControl control, MouseButtons button, ModifierKeys modifierKeys, Point relativeCoordinate)
   at Microsoft.VisualStudio.TestTools.UITesting.Mouse.ClickImplementationWrapper(UITestControl control, MouseButtons button, ModifierKeys modifierKeys, Point relativeCoordinate)
W, 3504, 18, 2013/05/23, 18:50:29.671, 2912623081338, QTAgent32.exe, PlaybackErrorHandler: Ignoring exception as ContinueOnError is set.
W, 3504, 18, 2013/05/23, 18:50:29.805, 2912625006032, QTAgent32.exe, &lt;a class=success&gt;Playback - {196} [SUCCESS] MouseButtonClick - "[MSAA, VisibleOnly]ControlType='Button' &amp;&amp; Name='EDI Match...'"
\0&lt;/a&gt;
W, 3504, 18, 2013/05/23, 18:50:30.065, 2912628716662, QTAgent32.exe, &lt;a class=success&gt;Playback - {197} [SUCCESS] MouseButtonClick - "[MSAA, VisibleOnly]ControlType='Button' &amp;&amp; Name='Ok'"
\0&lt;/a&gt;
W, 3504, 18, 2013/05/23, 18:50:34.779, 2912696224860, QTAgent32.exe, PERF WARNING: FindTopLevelWindowHelper::FindAllDescendents: took 4611 ms. Expected it to take maximum 500 ms.
W, 3504, 18, 2013/05/23, 18:50:34.920, 2912698236003, QTAgent32.exe, &lt;a class=success&gt;Playback - {198} [SUCCESS] MouseButtonClick - "[MSAA, VisibleOnly]ControlType='Button' &amp;&amp; Name='OK'"
\0&lt;/a&gt;
W, 3504, 18, 2013/05/23, 18:50:36.526, 2912721232824, QTAgent32.exe, Playback - [WARNING] Internal warning: Element "[MSAA, VisibleOnly]ControlType='Window' &amp;&amp; ControlId='5'" was not found, so all intermediate elements were ignored. To improve performance replace this element Id with another Id or exclude it from QueryId. If this element is the target element, replace or remove intermediate elements
\0
W, 3504, 18, 2013/05/23, 18:50:39.093, 2912757990851, QTAgent32.exe, Playback - [WARNING] Internal warning:Search failure: &lt;[MSAA, VisibleOnly]ControlType='Window' &amp;&amp; ControlId='32768'&gt; | Performed (4) search retries, UI element not found
\0
E, 3504, 18, 2013/05/23, 18:50:39.093, 2912757995065, QTAgent32.exe, &lt;a class=failure&gt;Playback - {199} [FAILED] Function ElementFetcher::FindScreenElement failed to locate UI element (Searching: ;[MSAA, VisibleOnly]ControlType='Window' &amp;&amp; ControlId='32768';[MSAA, VisibleOnly]ControlType='Window' &amp;&amp; ControlId='5';[MSAA, VisibleOnly]ControlType='Button' &amp;&amp; Name='Log and Clear') (The object specified was not found.)
\0&lt;/a&gt;
E, 3504, 18, 2013/05/23, 18:50:39.186, 2912759313653, QTAgent32.exe, Playback - [IMAGE] C:\Users\testuser\AppData\Local\Temp\UITestLogs\LastRun\RPF1D50.png
\0
W, 3504, 18, 2013/05/23, 18:50:39.186, 2912759315910, QTAgent32.exe, Playback - [WARNING] Internal warning: Couldn't find descendants that match QueryId
\0
W, 3504, 18, 2013/05/23, 18:50:39.186, 2912759319635, QTAgent32.exe, PERF WARNING: FindAllDescendents: took 4164 ms. Expected it to take maximum 500 ms.
E, 3504, 18, 2013/05/23, 18:50:39.305, 2912761027019, QTAgent32.exe, AL: Playback Error: Microsoft.VisualStudio.TestTools.UITest.Extension.UITestControlNotFoundException: The playback failed to find the control with the given search properties. Additional Details: 
TechnologyName:  'MSAA'
ControlType:  'Button'
Name:  'Log and Clear'
 ---&gt; System.Runtime.InteropServices.COMException: Error HRESULT E_FAIL has been returned from a call to a COM component.
   at Microsoft.VisualStudio.TestTools.UITest.Playback.Engine.IScreenElement.FindAllDescendants(String bstrQueryId, Object&amp; pvarResKeys, Int32 cResKeys, Int32 nMaxDepth)
   at Microsoft.VisualStudio.TestTools.UITest.Playback.ScreenElement.FindAllScreenElement(String queryId, Int32 depth, Boolean singleQueryId, Boolean throwException)
   at Microsoft.VisualStudio.TestTools.UITest.Playback.ScreenElement.FindScreenElement(String queryId, Int32 depth)
   at Microsoft.VisualStudio.TestTools.UITesting.UITestControl.FindFirstDescendant(String queryId, Int32 maxDepth, Int32&amp; timeLeft)
   --- End of inner exception stack trace ---
   at Microsoft.VisualStudio.TestTools.UITesting.Playback.MapControlNotFoundException(COMException ex, IPlaybackContext context)
   at Microsoft.VisualStudio.TestTools.UITesting.Playback.MapAndThrowComException(COMException innerException, IPlaybackContext context)
   at Microsoft.VisualStudio.TestTools.UITesting.Playback.MapAndThrowException(SystemException exception, IPlaybackContext context)
   at Microsoft.VisualStudio.TestTools.UITesting.Playback.MapAndThrowException(SystemException exception, String queryId)
   at Microsoft.VisualStudio.TestTools.UITesting.UITestControl.FindFirstDescendant(String queryId, Int32 maxDepth, Int32&amp; timeLeft)
   at Microsoft.VisualStudio.TestTools.UITesting.SearchHelper.GetElement(Boolean useCache, ISearchArgument searchArg)
   at Microsoft.VisualStudio.TestTools.UITesting.SearchHelper.Search(ISearchArgument searchArg)
   at Microsoft.VisualStudio.TestTools.UITesting.UITestControl.FindInternal()
   at Microsoft.VisualStudio.TestTools.UITesting.UITestControl.FindControlIfNecessary()
   at Microsoft.VisualStudio.TestTools.UITesting.UITestControl.Click(MouseButtons button, ModifierKeys modifierKeys, Point relativeCoordinates)
   at Microsoft.VisualStudio.TestTools.UITesting.Mouse.ClickImplementation(UITestControl control, MouseButtons button, ModifierKeys modifierKeys, Point relativeCoordinate)
   at Microsoft.VisualStudio.TestTools.UITesting.Mouse.ClickImplementationWrapper(UITestControl control, MouseButtons button, ModifierKeys modifierKeys, Point relativeCoordinate)
W, 3504, 18, 2013/05/23, 18:50:39.305, 2912761029939, QTAgent32.exe, PlaybackErrorHandler: Ignoring exception as ContinueOnError is set.
W, 3504, 18, 2013/05/23, 18:50:39.618, 2912765495041, QTAgent32.exe, Playback - [WARNING] Internal warning: Window Not Found: [VisibleOnly]ControlType='Window' &amp;&amp; Name='Personal Lines' &amp;&amp; ClassName='#32770'
\0
E, 3504, 18, 2013/05/23, 18:50:39.618, 2912765498586, QTAgent32.exe, &lt;a class=failure&gt;Playback - {200} [FAILED] Function ElementFetcher::FindScreenElement failed to locate UI element (Searching: ;[VisibleOnly]ControlType='Window' &amp;&amp; Name='Personal Lines' &amp;&amp; ClassName='#32770') (The object specified was not found.)
\0&lt;/a&gt;
E, 3504, 18, 2013/05/23, 18:50:39.706, 2912766754197, QTAgent32.exe, Playback - [IMAGE] C:\Users\testuser\AppData\Local\Temp\UITestLogs\LastRun\RPF1F54.png
\0
W, 3504, 18, 2013/05/23, 18:50:39.706, 2912766756454, QTAgent32.exe, Playback - [WARNING] Internal warning: Couldn't find descendants that match QueryId
\0
W, 3504, 18, 2013/05/23, 18:50:57.762, 2913025293494, QTAgent32.exe, Playback - [WARNING] Internal warning: Window Not Found: [VisibleOnly]ControlType='Window' &amp;&amp; Name='Personal Lines' &amp;&amp; ClassName='#32770'
\0
E, 3504, 18, 2013/05/23, 18:50:57.762, 2913025298117, QTAgent32.exe, &lt;a class=failure&gt;Playback - {201} [FAILED] Function ElementFetcher::FindScreenElement failed to locate UI element (Searching: ;[VisibleOnly]ControlType='Window' &amp;&amp; Name='Personal Lines' &amp;&amp; ClassName='#32770') (The object specified was not found.)
\0&lt;/a&gt;
E, 3504, 18, 2013/05/23, 18:50:57.851, 2913026566996, QTAgent32.exe, Playback - [IMAGE] C:\Users\testuser\AppData\Local\Temp\UITestLogs\LastRun\RPF6634.png
\0
W, 3504, 18, 2013/05/23, 18:50:57.851, 2913026569866, QTAgent32.exe, Playback - [WARNING] Internal warning: Couldn't find descendants that match QueryId
\0
W, 3504, 18, 2013/05/23, 18:50:57.852, 2913026577009, QTAgent32.exe, PERF WARNING: FindTopLevelWindowHelper::FindAllDescendents: took 18145 ms. Expected it to take maximum 500 ms.
W, 3504, 18, 2013/05/23, 18:50:58.389, 2913034265421, QTAgent32.exe, Playback - [WARNING] Internal warning: Smart Match failed
\0
W, 3504, 18, 2013/05/23, 18:50:58.827, 2913040549452, QTAgent32.exe, Playback - [WARNING] Internal warning: Smart Match failed
\0
W, 3504, 18, 2013/05/23, 18:50:59.252, 2913046628639, QTAgent32.exe, Playback - [WARNING] Internal warning: Smart Match failed
\0
W, 3504, 18, 2013/05/23, 18:50:59.771, 2913054059589, QTAgent32.exe, Playback - [WARNING] Internal warning: Smart Match failed
\0
W, 3504, 18, 2013/05/23, 18:51:00.179, 2913059902024, QTAgent32.exe, Playback - [WARNING] Internal warning: Smart Match failed
\0
W, 3504, 18, 2013/05/23, 18:51:00.588, 2913065747646, QTAgent32.exe, Playback - [WARNING] Internal warning: Smart Match failed
\0
W, 3504, 18, 2013/05/23, 18:51:00.872, 2913069824185, QTAgent32.exe, Playback - [WARNING] Internal warning: Window Not Found: [VisibleOnly]ControlType='Window' &amp;&amp; Name='Personal Lines' &amp;&amp; ClassName='#32770'
\0
E, 3504, 18, 2013/05/23, 18:51:00.872, 2913069827121, QTAgent32.exe, &lt;a class=failure&gt;Playback - {202} [FAILED] Function ElementFetcher::FindScreenElement failed to locate UI element (Searching: ;[VisibleOnly]ControlType='Window' &amp;&amp; Name='Personal Lines' &amp;&amp; ClassName='#32770') (The object specified was not found.)
\0&lt;/a&gt;
E, 3504, 18, 2013/05/23, 18:51:00.963, 2913071130370, QTAgent32.exe, Playback - [IMAGE] C:\Users\testuser\AppData\Local\Temp\UITestLogs\LastRun\RPF7265.png
\0
W, 3504, 18, 2013/05/23, 18:51:00.964, 2913071133510, QTAgent32.exe, Playback - [WARNING] Internal warning: Couldn't find descendants that match QueryId
\0
W, 3504, 18, 2013/05/23, 18:51:00.964, 2913071136280, QTAgent32.exe, PERF WARNING: FindTopLevelWindowHelper::FindAllDescendents: took 3111 ms. Expected it to take maximum 500 ms.
E, 3504, 18, 2013/05/23, 18:51:00.964, 2913071138059, QTAgent32.exe, Exception: System.Runtime.InteropServices.COMException
	Message: Error HRESULT E_FAIL has been returned from a call to a COM component.
	Stack Trace:    at Microsoft.VisualStudio.TestTools.UITest.Playback.Engine.IRPFPlayback.FindAllScreenElements(IScreenElement pScreenElementStart, String bstrQueryId, Object&amp; pvarResKeys, Int32 cResKeys, Int32 nMaxDepth, Object[]&amp; foundDescendants)
   at Microsoft.VisualStudio.TestTools.UITest.Playback.ScreenElement.FindTopLevelWindowHelper(String queryId)
	BaseExceptionMessage: Error HRESULT E_FAIL has been returned from a call to a COM component.

E, 3504, 18, 2013/05/23, 18:51:00.964, 2913071144058, QTAgent32.exe, GetClassName for handle 3672122 failed
E, 3504, 18, 2013/05/23, 18:51:00.965, 2913071157316, QTAgent32.exe, Window 3672122 not responding. Last Win32 error 1400
E, 3504, 18, 2013/05/23, 18:51:00.965, 2913071158566, QTAgent32.exe, GetClassName for handle 3672122 failed
E, 3504, 18, 2013/05/23, 18:51:00.966, 2913071163360, QTAgent32.exe, GetClassName for handle 7799888 failed
E, 3504, 18, 2013/05/23, 18:51:00.967, 2913071178771, QTAgent32.exe, Window 7799888 not responding. Last Win32 error 1400
E, 3504, 18, 2013/05/23, 18:51:00.967, 2913071180500, QTAgent32.exe, GetClassName for handle 7799888 failed
E, 3504, 18, 2013/05/23, 18:51:01.068, 2913072621514, QTAgent32.exe, AL: Playback Error: Microsoft.VisualStudio.TestTools.UITest.Extension.UITestControlNotAvailableException: The control is not available or not valid. Additional Details: 
TechnologyName:  'MSAA'
ControlType:  'Button'
 ---&gt; Microsoft.VisualStudio.TestTools.UITest.Extension.UITestControlNotAvailableException: The control is not available or not valid. Additional Details: 
TechnologyName:  'MSAA'
ControlType:  'Window'
 ---&gt; System.Runtime.InteropServices.COMException: Error HRESULT E_FAIL has been returned from a call to a COM component.
   at Microsoft.VisualStudio.TestTools.UITest.Playback.Engine.IRPFPlayback.FindAllScreenElements(IScreenElement pScreenElementStart, String bstrQueryId, Object&amp; pvarResKeys, Int32 cResKeys, Int32 nMaxDepth, Object[]&amp; foundDescendants)
   at Microsoft.VisualStudio.TestTools.UITest.Playback.ScreenElement.FindTopLevelWindowHelper(String queryId)
   at Microsoft.VisualStudio.TestTools.UITest.Playback.ScreenElement.FindFromPartialQueryId(String queryId)
   at Microsoft.VisualStudio.TestTools.UITesting.UITestControl.EnsureValid(Boolean waitForReady, Boolean refetch)
   --- End of inner exception stack trace ---
   at Microsoft.VisualStudio.TestTools.UITesting.UITestControl.EnsureValid(Boolean waitForReady, Boolean refetch)
   at Microsoft.VisualStudio.TestTools.UITesting.UITestControl.FindFirstDescendant(String queryId, Int32 maxDepth, Int32&amp; timeLeft)
   at Microsoft.VisualStudio.TestTools.UITesting.UITestControl.FindFirstDescendant(String queryId)
   at Microsoft.VisualStudio.TestTools.UITesting.UITestControl.EnsureValid(Boolean waitForReady, Boolean refetch)
   --- End of inner exception stack trace ---
   at Microsoft.VisualStudio.TestTools.UITesting.UITestControl.EnsureValid(Boolean waitForReady, Boolean refetch)
   at Microsoft.VisualStudio.TestTools.UITesting.UITestControl.Click(MouseButtons button, ModifierKeys modifierKeys, Point relativeCoordinates)
   at Microsoft.VisualStudio.TestTools.UITesting.Mouse.ClickImplementation(UITestControl control, MouseButtons button, ModifierKeys modifierKeys, Point relativeCoordinate)
   at Microsoft.VisualStudio.TestTools.UITesting.Mouse.ClickImplementationWrapper(UITestControl control, MouseButtons button, ModifierKeys modifierKeys, Point relativeCoordinate)
W, 3504, 18, 2013/05/23, 18:51:01.068, 2913072624853, QTAgent32.exe, PlaybackErrorHandler: Ignoring exception as ContinueOnError is set.
W, 3504, 18, 2013/05/23, 18:51:01.224, 2913074863747, QTAgent32.exe, &lt;a class=success&gt;Playback - {203} [SUCCESS] MouseButtonClick - "[MSAA, VisibleOnly]ControlType='Button' &amp;&amp; Name='Filter...'"
\0&lt;/a&gt;
W, 3504, 18, 2013/05/23, 18:51:01.884, 2913084316557, QTAgent32.exe, &lt;a class=success&gt;Playback - {204} [SUCCESS] SendKeys "^{HOME}" - "[MSAA, VisibleOnly]ControlType='Edit'"
\0&lt;/a&gt;
E, 3504, 18, 2013/05/23, 18:51:01.885, 2913084320562, QTAgent32.exe, Msaa.GetFocusedElement: could not find accessible object of foreground window
W, 3504, 18, 2013/05/23, 18:51:01.956, 2913085347437, QTAgent32.exe, &lt;a class=success&gt;Playback - {205} [SUCCESS] SendKeys "^+{END}" - "[MSAA, VisibleOnly]ControlType='Edit'"
\0&lt;/a&gt;
E, 3504, 18, 2013/05/23, 18:51:01.956, 2913085350648, QTAgent32.exe, Msaa.GetFocusedElement: could not find accessible object of foreground window
W, 3504, 18, 2013/05/23, 18:51:01.972, 2913085570354, QTAgent32.exe, &lt;a class=success&gt;Playback - {206} [SUCCESS] SendKeys "{DELETE}" - "[MSAA, VisibleOnly]ControlType='Edit'"
\0&lt;/a&gt;
W, 3504, 18, 2013/05/23, 18:51:02.602, 2913094598503, QTAgent32.exe, &lt;a class=success&gt;Playback - {207} [SUCCESS] SetValueAsEditBox "30/05/13" - "[MSAA, VisibleOnly]ControlType='Edit'"  &lt; Set via SendKeys &gt;
\0&lt;/a&gt;
W, 3504, 18, 2013/05/23, 18:51:03.233, 2913103619624, QTAgent32.exe, &lt;a class=success&gt;Playback - {208} [SUCCESS] SendKeys "^{HOME}" - "[MSAA, VisibleOnly]ControlType='Edit'"
\0&lt;/a&gt;
E, 3504, 18, 2013/05/23, 18:51:03.233, 2913103622902, QTAgent32.exe, Msaa.GetFocusedElement: could not find accessible object of foreground window
W, 3504, 18, 2013/05/23, 18:51:03.297, 2913104536081, QTAgent32.exe, &lt;a class=success&gt;Playback - {209} [SUCCESS] SendKeys "^+{END}" - "[MSAA, VisibleOnly]ControlType='Edit'"
\0&lt;/a&gt;
E, 3504, 18, 2013/05/23, 18:51:03.297, 2913104539377, QTAgent32.exe, Msaa.GetFocusedElement: could not find accessible object of foreground window
W, 3504, 18, 2013/05/23, 18:51:03.312, 2913104759516, QTAgent32.exe, &lt;a class=success&gt;Playback - {210} [SUCCESS] SendKeys "{DELETE}" - "[MSAA, VisibleOnly]ControlType='Edit'"
\0&lt;/a&gt;
W, 3504, 18, 2013/05/23, 18:51:03.924, 2913113522889, QTAgent32.exe, &lt;a class=success&gt;Playback - {211} [SUCCESS] SetValueAsEditBox "30/05/13" - "[MSAA, VisibleOnly]ControlType='Edit'"  &lt; Set via SendKeys &gt;
\0&lt;/a&gt;
W, 3504, 18, 2013/05/23, 18:51:05.027, 2913129318607, QTAgent32.exe, Playback - [WARNING] Internal warning: Incorrect flag set for InvokeProgrammaticAction\0
W, 3504, 18, 2013/05/23, 18:51:05.159, 2913131204208, QTAgent32.exe, &lt;a class=success&gt;Playback - {212} [SUCCESS] SetValueAsComboBox "Household" - "[MSAA, VisibleOnly]ControlType='ComboBox'"  &lt; SetValueAsComboBox, set by clicking on the item in the list box &gt;
\0&lt;/a&gt;
W, 3504, 18, 2013/05/23, 18:51:05.445, 2913135303814, QTAgent32.exe, &lt;a class=success&gt;Playback - {213} [SUCCESS] MouseButtonClick - "[MSAA, VisibleOnly]ControlType='Button' &amp;&amp; Name='Ok'"
\0&lt;/a&gt;
W, 3504, 18, 2013/05/23, 18:51:05.684, 2913138719755, QTAgent32.exe, &lt;a class=success&gt;Playback - {214} [SUCCESS] MouseButtonClick - "[MSAA, VisibleOnly]ControlType='Client'"
\0&lt;/a&gt;
W, 3504, 18, 2013/05/23, 18:51:07.409, 2913163411861, QTAgent32.exe, &lt;a class=success&gt;Playback - {215} [SUCCESS] MouseButtonClick - "[MSAA, VisibleOnly]ControlType='Client'"
\0&lt;/a&gt;
W, 3504, 18, 2013/05/23, 18:51:07.938, 2913170987857, QTAgent32.exe, &lt;a class=success&gt;Playback - {216} [SUCCESS] SendKeys "{Home}" - "[MSAA, VisibleOnly]ControlType='Client'"
\0&lt;/a&gt;
W, 3504, 18, 2013/05/23, 18:51:08.222, 2913175058098, QTAgent32.exe, &lt;a class=success&gt;Playback - {217} [SUCCESS] MouseButtonClick - "[MSAA, VisibleOnly]ControlType='Button' &amp;&amp; Name='Display Record...'"
\0&lt;/a&gt;
W, 3504, 18, 2013/05/23, 18:51:08.476, 2913178699098, QTAgent32.exe, &lt;a class=success&gt;Playback - {218} [SUCCESS] MouseButtonClick - "[MSAA, VisibleOnly]ControlType='Button' &amp;&amp; Name='Invite'"
\0&lt;/a&gt;
W, 3504, 18, 2013/05/23, 18:51:08.715, 2913182124789, QTAgent32.exe, &lt;a class=success&gt;Playback - {219} [SUCCESS] MouseButtonClick - "[MSAA, VisibleOnly]ControlType='Button' &amp;&amp; Name='OK'"
\0&lt;/a&gt;
W, 3504, 18, 2013/05/23, 18:51:09.107, 2913187730376, QTAgent32.exe, &lt;a class=success&gt;Playback - {220} [SUCCESS] MouseButtonClick - "[MSAA, VisibleOnly]ControlType='Button' &amp;&amp; Name='Ok'"
\0&lt;/a&gt;
W, 3504, 18, 2013/05/23, 18:51:12.996, 2913243409268, QTAgent32.exe, Playback - [WARNING] Internal warning: Window Not Found: [VisibleOnly]ControlType='Window' &amp;&amp; Name='Personal Lines' &amp;&amp; ClassName='#32770'
\0
E, 3504, 18, 2013/05/23, 18:51:12.996, 2913243412583, QTAgent32.exe, &lt;a class=failure&gt;Playback - {221} [FAILED] Function ElementFetcher::FindScreenElement failed to locate UI element (Searching: ;[VisibleOnly]ControlType='Window' &amp;&amp; Name='Personal Lines' &amp;&amp; ClassName='#32770') (The object specified was not found.)
\0&lt;/a&gt;
E, 3504, 18, 2013/05/23, 18:51:13.108, 2913245018545, QTAgent32.exe, Playback - [IMAGE] C:\Users\testuser\AppData\Local\Temp\UITestLogs\LastRun\RPFA1C0.png
\0
W, 3504, 18, 2013/05/23, 18:51:13.108, 2913245021303, QTAgent32.exe, Playback - [WARNING] Internal warning: Couldn't find descendants that match QueryId
\0
W, 3504, 18, 2013/05/23, 18:51:13.108, 2913245024215, QTAgent32.exe, PERF WARNING: FindTopLevelWindowHelper::FindAllDescendents: took 3901 ms. Expected it to take maximum 500 ms.
W, 3504, 18, 2013/05/23, 18:51:31.174, 2913503695212, QTAgent32.exe, Playback - [WARNING] Internal warning: Window Not Found: [VisibleOnly]ControlType='Window' &amp;&amp; Name='Personal Lines' &amp;&amp; ClassName='#32770'
\0
E, 3504, 18, 2013/05/23, 18:51:31.175, 2913503699181, QTAgent32.exe, &lt;a class=failure&gt;Playback - {222} [FAILED] Function ElementFetcher::FindScreenElement failed to locate UI element (Searching: ;[VisibleOnly]ControlType='Window' &amp;&amp; Name='Personal Lines' &amp;&amp; ClassName='#32770') (The object specified was not found.)
\0&lt;/a&gt;
E, 3504, 18, 2013/05/23, 18:51:31.260, 2913504916123, QTAgent32.exe, Playback - [IMAGE] C:\Users\testuser\AppData\Local\Temp\UITestLogs\LastRun\RPFE8BF.png
\0
W, 3504, 18, 2013/05/23, 18:51:31.260, 2913504918440, QTAgent32.exe, Playback - [WARNING] Internal warning: Couldn't find descendants that match QueryId
\0
W, 3504, 18, 2013/05/23, 18:51:31.260, 2913504921871, QTAgent32.exe, PERF WARNING: FindTopLevelWindowHelper::FindAllDescendents: took 18151 ms. Expected it to take maximum 500 ms.
W, 3504, 18, 2013/05/23, 18:51:31.796, 2913512598082, QTAgent32.exe, Playback - [WARNING] Internal warning: Smart Match failed
\0
W, 3504, 18, 2013/05/23, 18:51:32.219, 2913518658851, QTAgent32.exe, Playback - [WARNING] Internal warning: Smart Match failed
\0
W, 3504, 18, 2013/05/23, 18:51:32.639, 2913524671437, QTAgent32.exe, Playback - [WARNING] Internal warning: Smart Match failed
\0
W, 3504, 18, 2013/05/23, 18:51:33.075, 2913530908414, QTAgent32.exe, Playback - [WARNING] Internal warning: Smart Match failed
\0
W, 3504, 18, 2013/05/23, 18:51:33.512, 2913537169307, QTAgent32.exe, Playback - [WARNING] Internal warning: Smart Match failed
\0
W, 3504, 18, 2013/05/23, 18:51:33.961, 2913543602800, QTAgent32.exe, Playback - [WARNING] Internal warning: Smart Match failed
\0
W, 3504, 18, 2013/05/23, 18:51:34.290, 2913548309186, QTAgent32.exe, Playback - [WARNING] Internal warning: Window Not Found: [VisibleOnly]ControlType='Window' &amp;&amp; Name='Personal Lines' &amp;&amp; ClassName='#32770'
\0
E, 3504, 18, 2013/05/23, 18:51:34.290, 2913548312448, QTAgent32.exe, &lt;a class=failure&gt;Playback - {223} [FAILED] Function ElementFetcher::FindScreenElement failed to locate UI element (Searching: ;[VisibleOnly]ControlType='Window' &amp;&amp; Name='Personal Lines' &amp;&amp; ClassName='#32770') (The object specified was not found.)
\0&lt;/a&gt;
E, 3504, 18, 2013/05/23, 18:51:34.386, 2913549682703, QTAgent32.exe, Playback - [IMAGE] C:\Users\testuser\AppData\Local\Temp\UITestLogs\LastRun\RPFF4F0.png
\0
W, 3504, 18, 2013/05/23, 18:51:34.386, 2913549685248, QTAgent32.exe, Playback - [WARNING] Internal warning: Couldn't find descendants that match QueryId
\0
W, 3504, 18, 2013/05/23, 18:51:34.386, 2913549688860, QTAgent32.exe, PERF WARNING: FindTopLevelWindowHelper::FindAllDescendents: took 3126 ms. Expected it to take maximum 500 ms.
E, 3504, 18, 2013/05/23, 18:51:34.386, 2913549691032, QTAgent32.exe, Exception: System.Runtime.InteropServices.COMException
	Message: Error HRESULT E_FAIL has been returned from a call to a COM component.
	Stack Trace:    at Microsoft.VisualStudio.TestTools.UITest.Playback.Engine.IRPFPlayback.FindAllScreenElements(IScreenElement pScreenElementStart, String bstrQueryId, Object&amp; pvarResKeys, Int32 cResKeys, Int32 nMaxDepth, Object[]&amp; foundDescendants)
   at Microsoft.VisualStudio.TestTools.UITest.Playback.ScreenElement.FindTopLevelWindowHelper(String queryId)
	BaseExceptionMessage: Error HRESULT E_FAIL has been returned from a call to a COM component.

E, 3504, 18, 2013/05/23, 18:51:34.387, 2913549697032, QTAgent32.exe, Window 3672122 not responding. Last Win32 error 0
E, 3504, 18, 2013/05/23, 18:51:34.387, 2913549698131, QTAgent32.exe, GetClassName for handle 3672122 failed
E, 3504, 18, 2013/05/23, 18:51:34.488, 2913551140857, QTAgent32.exe, AL: Playback Error: Microsoft.VisualStudio.TestTools.UITest.Extension.UITestControlNotAvailableException: The control is not available or not valid. Additional Details: 
TechnologyName:  'MSAA'
ControlType:  'Window'
 ---&gt; System.Runtime.InteropServices.COMException: Error HRESULT E_FAIL has been returned from a call to a COM component.
   at Microsoft.VisualStudio.TestTools.UITest.Playback.Engine.IRPFPlayback.FindAllScreenElements(IScreenElement pScreenElementStart, String bstrQueryId, Object&amp; pvarResKeys, Int32 cResKeys, Int32 nMaxDepth, Object[]&amp; foundDescendants)
   at Microsoft.VisualStudio.TestTools.UITest.Playback.ScreenElement.FindTopLevelWindowHelper(String queryId)
   at Microsoft.VisualStudio.TestTools.UITest.Playback.ScreenElement.FindFromPartialQueryId(String queryId)
   at Microsoft.VisualStudio.TestTools.UITesting.UITestControl.EnsureValid(Boolean waitForReady, Boolean refetch)
   --- End of inner exception stack trace ---
   at Microsoft.VisualStudio.TestTools.UITesting.UITestControl.EnsureValid(Boolean waitForReady, Boolean refetch)
   at Microsoft.VisualStudio.TestTools.UITesting.UITestControl.FindFirstDescendant(String queryId, Int32 maxDepth, Int32&amp; timeLeft)
   at Microsoft.VisualStudio.TestTools.UITesting.SearchHelper.GetElement(Boolean useCache, ISearchArgument searchArg)
   at Microsoft.VisualStudio.TestTools.UITesting.SearchHelper.Search(ISearchArgument searchArg)
   at Microsoft.VisualStudio.TestTools.UITesting.UITestControl.FindInternal()
   at Microsoft.VisualStudio.TestTools.UITesting.UITestControl.FindControlIfNecessary()
   at Microsoft.VisualStudio.TestTools.UITesting.UITestControl.Click(MouseButtons button, ModifierKeys modifierKeys, Point relativeCoordinates)
   at Microsoft.VisualStudio.TestTools.UITesting.Mouse.ClickImplementation(UITestControl control, MouseButtons button, ModifierKeys modifierKeys, Point relativeCoordinate)
   at Microsoft.VisualStudio.TestTools.UITesting.Mouse.ClickImplementationWrapper(UITestControl control, MouseButtons button, ModifierKeys modifierKeys, Point relativeCoordinate)
W, 3504, 18, 2013/05/23, 18:51:34.488, 2913551144029, QTAgent32.exe, PlaybackErrorHandler: Ignoring exception as ContinueOnError is set.
W, 3504, 18, 2013/05/23, 18:51:34.627, 2913553134103, QTAgent32.exe, &lt;a class=success&gt;Playback - {224} [SUCCESS] Check - "[MSAA, VisibleOnly]ControlType='CheckBox' &amp;&amp; Name='Defer Printing?'"
\0&lt;/a&gt;
W, 3504, 18, 2013/05/23, 18:51:35.326, 2913563142460, QTAgent32.exe, &lt;a class=success&gt;Playback - {225} [SUCCESS] MouseButtonClick - "[MSAA, VisibleOnly]ControlType='Button' &amp;&amp; Name='Ok'"
\0&lt;/a&gt;
W, 3504, 18, 2013/05/23, 18:51:35.433, 2913564663958, QTAgent32.exe, Playback - [WARNING] Internal warning: Thread state based WFR - Requested element has invalid HWND
\0
W, 3504, 18, 2013/05/23, 18:51:35.434, 2913564677626, QTAgent32.exe, Playback - [WARNING] Internal warning: process performance counters based WFR - Requested element has invalid HWND
\0
E, 3504, 18, 2013/05/23, 18:51:35.435, 2913564692879, QTAgent32.exe, EnsureValid called via EnsureValid call for same element
E, 3504, 18, 2013/05/23, 18:51:35.436, 2913564706780, QTAgent32.exe, EnsureValid called via EnsureValid call for same element
E, 3504, 18, 2013/05/23, 18:51:35.436, 2913564713969, QTAgent32.exe, EnsureValid called via EnsureValid call for same element
E, 3504, 18, 2013/05/23, 18:51:35.442, 2913564793020, QTAgent32.exe, Window 6817170 not responding. Last Win32 error 0
E, 3504, 18, 2013/05/23, 18:51:35.443, 2913564806545, QTAgent32.exe, GetClassName for handle 6817170 failed
W, 3504, 18, 2013/05/23, 18:51:35.795, 2913569861443, QTAgent32.exe, Playback - [WARNING] Internal warning: Window Not Found: [VisibleOnly]ControlType='Window' &amp;&amp; Name='Import to TAM' &amp;&amp; ClassName='TfImportToTam'
\0
E, 3504, 18, 2013/05/23, 18:51:35.797, 2913569882864, QTAgent32.exe, &lt;a class=failure&gt;Playback - {226} [FAILED] Function ElementFetcher::FindScreenElement failed to locate UI element (Searching: ;[VisibleOnly]ControlType='Window' &amp;&amp; Name='Import to TAM' &amp;&amp; ClassName='TfImportToTam') (The object specified was not found.)
\0&lt;/a&gt;
E, 3504, 18, 2013/05/23, 18:51:35.894, 2913571276557, QTAgent32.exe, Playback - [IMAGE] C:\Users\testuser\AppData\Local\Temp\UITestLogs\LastRun\RPFFACA.png
\0
W, 3504, 18, 2013/05/23, 18:51:35.895, 2913571278941, QTAgent32.exe, Playback - [WARNING] Internal warning: Couldn't find descendants that match QueryId
\0
W, 3504, 18, 2013/05/23, 18:51:39.134, 2913617667235, QTAgent32.exe, PERF WARNING: FindTopLevelWindowHelper::FindAllDescendents: took 3239 ms. Expected it to take maximum 500 ms.
W, 3504, 18, 2013/05/23, 18:51:39.294, 2913619951305, QTAgent32.exe, &lt;a class=success&gt;Playback - {227} [SUCCESS] Uncheck - "[MSAA, VisibleOnly]ControlType='CheckBox' &amp;&amp; Name='Add Activity'"
\0&lt;/a&gt;
W, 3504, 18, 2013/05/23, 18:51:40.521, 2913637526891, QTAgent32.exe, &lt;a class=success&gt;Playback - {228} [SUCCESS] MouseButtonClick - "[MSAA, VisibleOnly]ControlType='Button' &amp;&amp; Name='Ok'"
\0&lt;/a&gt;
W, 3504, 18, 2013/05/23, 18:51:42.765, 2913669653708, QTAgent32.exe, &lt;a class=success&gt;Playback - {229} [SUCCESS] MouseButtonClick - "[MSAA, VisibleOnly]ControlType='Button' &amp;&amp; Name='OK'"
\0&lt;/a&gt;
W, 3504, 18, 2013/05/23, 18:51:44.375, 2913692707244, QTAgent32.exe, Playback - [WARNING] Internal warning: Target element "[MSAA, VisibleOnly]ControlType='Button' &amp;&amp; Name=&gt;'Renew Policy'" was not found, so all intermediate elements were ignored. An incorrect element that matches target element Id can be found as the result.  Verify that all intermediate elements in QueryId have valid and unique Ids
\0
W, 3504, 18, 2013/05/23, 18:51:44.910, 2913700360115, QTAgent32.exe, PERF WARNING: FindAllDescendents: took 2042 ms. Expected it to take maximum 500 ms.
W, 3504, 18, 2013/05/23, 18:51:46.108, 2913717526735, QTAgent32.exe, &lt;a class=success&gt;Playback - {230} [SUCCESS] MouseButtonClick - "[MSAA, VisibleOnly]ControlType='Button' &amp;&amp; Name=&gt;'Renew Policy'"
\0&lt;/a&gt;
W, 3504, 18, 2013/05/23, 18:51:49.988, 2913773078339, QTAgent32.exe, Playback - [WARNING] Internal warning: Window Not Found: [VisibleOnly]ControlType='Window' &amp;&amp; Name='Confirm' &amp;&amp; ClassName='#32770'
\0
E, 3504, 18, 2013/05/23, 18:51:49.989, 2913773084711, QTAgent32.exe, &lt;a class=failure&gt;Playback - {231} [FAILED] Function ElementFetcher::FindScreenElement failed to locate UI element (Searching: ;[VisibleOnly]ControlType='Window' &amp;&amp; Name='Confirm' &amp;&amp; ClassName='#32770') (The object specified was not found.)
\0&lt;/a&gt;
E, 3504, 18, 2013/05/23, 18:51:50.133, 2913775151978, QTAgent32.exe, Playback - [IMAGE] C:\Users\testuser\AppData\Local\Temp\UITestLogs\LastRun\RPF323F.png
\0
W, 3504, 18, 2013/05/23, 18:51:50.133, 2913775154691, QTAgent32.exe, Playback - [WARNING] Internal warning: Couldn't find descendants that match QueryId
\0
W, 3504, 18, 2013/05/23, 18:51:50.133, 2913775158833, QTAgent32.exe, PERF WARNING: FindTopLevelWindowHelper::FindAllDescendents: took 3922 ms. Expected it to take maximum 500 ms.
W, 3504, 18, 2013/05/23, 18:51:55.331, 2913849567812, QTAgent32.exe, PERF WARNING: FindTopLevelWindowHelper::FindAllDescendents: took 5196 ms. Expected it to take maximum 500 ms.
W, 3504, 18, 2013/05/23, 18:51:55.464, 2913851480720, QTAgent32.exe, &lt;a class=success&gt;Playback - {232} [SUCCESS] MouseButtonClick - "[MSAA, VisibleOnly]ControlType='Button' &amp;&amp; Name='Yes'"
\0&lt;/a&gt;
W, 3504, 18, 2013/05/23, 18:51:55.916, 2913857955794, QTAgent32.exe, Playback - [WARNING] Internal warning: Window Not Found: [VisibleOnly]ControlType='Window' &amp;&amp; Name='Confirm Documents' &amp;&amp; ClassName='ThunderRT6FormDC'
\0
E, 3504, 18, 2013/05/23, 18:51:55.917, 2913857959650, QTAgent32.exe, &lt;a class=failure&gt;Playback - {233} [FAILED] Function ElementFetcher::FindScreenElement failed to locate UI element (Searching: ;[VisibleOnly]ControlType='Window' &amp;&amp; Name='Confirm Documents' &amp;&amp; ClassName='ThunderRT6FormDC') (The object specified was not found.)
\0&lt;/a&gt;
E, 3504, 18, 2013/05/23, 18:51:56.019, 2913859424056, QTAgent32.exe, Playback - [IMAGE] C:\Users\testuser\AppData\Local\Temp\UITestLogs\LastRun\RPF4968.png
\0
W, 3504, 18, 2013/05/23, 18:51:56.019, 2913859426447, QTAgent32.exe, Playback - [WARNING] Internal warning: Couldn't find descendants that match QueryId
\0
W, 3504, 18, 2013/05/23, 18:52:06.672, 2914011949764, QTAgent32.exe, PERF WARNING: FindTopLevelWindowHelper::FindAllDescendents: took 10652 ms. Expected it to take maximum 500 ms.
W, 3504, 18, 2013/05/23, 18:52:06.809, 2914013914274, QTAgent32.exe, &lt;a class=success&gt;Playback - {234} [SUCCESS] MouseButtonClick - "[MSAA, VisibleOnly]ControlType='Button' &amp;&amp; Name='Ok'"
\0&lt;/a&gt;
W, 3504, 18, 2013/05/23, 18:52:09.394, 2914050939842, QTAgent32.exe, Playback - [WARNING] Internal warning: Window Not Found: [VisibleOnly]ControlType='Window' &amp;&amp; Name='Personal Lines' &amp;&amp; ClassName='#32770'
\0
E, 3504, 18, 2013/05/23, 18:52:09.395, 2914050947148, QTAgent32.exe, &lt;a class=failure&gt;Playback - {235} [FAILED] Function ElementFetcher::FindScreenElement failed to locate UI element (Searching: ;[VisibleOnly]ControlType='Window' &amp;&amp; Name='Personal Lines' &amp;&amp; ClassName='#32770') (The object specified was not found.)
\0&lt;/a&gt;
E, 3504, 18, 2013/05/23, 18:52:09.521, 2914052755333, QTAgent32.exe, Playback - [IMAGE] C:\Users\testuser\AppData\Local\Temp\UITestLogs\LastRun\RPF7E10.png
\0
W, 3504, 18, 2013/05/23, 18:52:09.521, 2914052758305, QTAgent32.exe, Playback - [WARNING] Internal warning: Couldn't find descendants that match QueryId
\0
W, 3504, 18, 2013/05/23, 18:52:09.522, 2914052764906, QTAgent32.exe, PERF WARNING: FindTopLevelWindowHelper::FindAllDescendents: took 2595 ms. Expected it to take maximum 500 ms.
W, 3504, 18, 2013/05/23, 18:52:27.625, 2914311961863, QTAgent32.exe, Playback - [WARNING] Internal warning: Window Not Found: [VisibleOnly]ControlType='Window' &amp;&amp; Name='Personal Lines' &amp;&amp; ClassName='#32770'
\0
E, 3504, 18, 2013/05/23, 18:52:27.625, 2914311967347, QTAgent32.exe, &lt;a class=failure&gt;Playback - {236} [FAILED] Function ElementFetcher::FindScreenElement failed to locate UI element (Searching: ;[VisibleOnly]ControlType='Window' &amp;&amp; Name='Personal Lines' &amp;&amp; ClassName='#32770') (The object specified was not found.)
\0&lt;/a&gt;
E, 3504, 18, 2013/05/23, 18:52:27.710, 2914313182087, QTAgent32.exe, Playback - [IMAGE] C:\Users\testuser\AppData\Local\Temp\UITestLogs\LastRun\RPFC54D.png
\0
W, 3504, 18, 2013/05/23, 18:52:27.710, 2914313184755, QTAgent32.exe, Playback - [WARNING] Internal warning: Couldn't find descendants that match QueryId
\0
W, 3504, 18, 2013/05/23, 18:52:27.711, 2914313191944, QTAgent32.exe, PERF WARNING: FindTopLevelWindowHelper::FindAllDescendents: took 18188 ms. Expected it to take maximum 500 ms.
W, 3504, 18, 2013/05/23, 18:52:28.250, 2914320913287, QTAgent32.exe, Playback - [WARNING] Internal warning: Smart Match failed
\0
W, 3504, 18, 2013/05/23, 18:52:28.708, 2914327468512, QTAgent32.exe, Playback - [WARNING] Internal warning: Smart Match failed
\0
W, 3504, 18, 2013/05/23, 18:52:29.150, 2914333803843, QTAgent32.exe, Playback - [WARNING] Internal warning: Smart Match failed
\0
W, 3504, 18, 2013/05/23, 18:52:29.592, 2914340129227, QTAgent32.exe, Playback - [WARNING] Internal warning: Smart Match failed
\0
W, 3504, 18, 2013/05/23, 18:52:30.032, 2914346432052, QTAgent32.exe, Playback - [WARNING] Internal warning: Smart Match failed
\0
W, 3504, 18, 2013/05/23, 18:52:30.482, 2914352866970, QTAgent32.exe, Playback - [WARNING] Internal warning: Smart Match failed
\0
W, 3504, 18, 2013/05/23, 18:52:30.776, 2914357078445, QTAgent32.exe, Playback - [WARNING] Internal warning: Window Not Found: [VisibleOnly]ControlType='Window' &amp;&amp; Name='Personal Lines' &amp;&amp; ClassName='#32770'
\0
E, 3504, 18, 2013/05/23, 18:52:30.776, 2914357081810, QTAgent32.exe, &lt;a class=failure&gt;Playback - {237} [FAILED] Function ElementFetcher::FindScreenElement failed to locate UI element (Searching: ;[VisibleOnly]ControlType='Window' &amp;&amp; Name='Personal Lines' &amp;&amp; ClassName='#32770') (The object specified was not found.)
\0&lt;/a&gt;
E, 3504, 18, 2013/05/23, 18:52:30.856, 2914358231369, QTAgent32.exe, Playback - [IMAGE] C:\Users\testuser\AppData\Local\Temp\UITestLogs\LastRun\RPFD19E.png
\0
W, 3504, 18, 2013/05/23, 18:52:30.856, 2914358233768, QTAgent32.exe, Playback - [WARNING] Internal warning: Couldn't find descendants that match QueryId
\0
W, 3504, 18, 2013/05/23, 18:52:30.857, 2914358237358, QTAgent32.exe, PERF WARNING: FindTopLevelWindowHelper::FindAllDescendents: took 3145 ms. Expected it to take maximum 500 ms.
E, 3504, 18, 2013/05/23, 18:52:30.857, 2914358239281, QTAgent32.exe, Exception: System.Runtime.InteropServices.COMException
	Message: Error HRESULT E_FAIL has been returned from a call to a COM component.
	Stack Trace:    at Microsoft.VisualStudio.TestTools.UITest.Playback.Engine.IRPFPlayback.FindAllScreenElements(IScreenElement pScreenElementStart, String bstrQueryId, Object&amp; pvarResKeys, Int32 cResKeys, Int32 nMaxDepth, Object[]&amp; foundDescendants)
   at Microsoft.VisualStudio.TestTools.UITest.Playback.ScreenElement.FindTopLevelWindowHelper(String queryId)
	BaseExceptionMessage: Error HRESULT E_FAIL has been returned from a call to a COM component.

E, 3504, 18, 2013/05/23, 18:52:30.857, 2914358246979, QTAgent32.exe, Window 3672122 not responding. Last Win32 error 0
E, 3504, 18, 2013/05/23, 18:52:30.857, 2914358248288, QTAgent32.exe, GetClassName for handle 3672122 failed
E, 3504, 18, 2013/05/23, 18:52:30.958, 2914359691196, QTAgent32.exe, AL: Playback Error: Microsoft.VisualStudio.TestTools.UITest.Extension.UITestControlNotAvailableException: The control is not available or not valid. Additional Details: 
TechnologyName:  'MSAA'
ControlType:  'Window'
 ---&gt; System.Runtime.InteropServices.COMException: Error HRESULT E_FAIL has been returned from a call to a COM component.
   at Microsoft.VisualStudio.TestTools.UITest.Playback.Engine.IRPFPlayback.FindAllScreenElements(IScreenElement pScreenElementStart, String bstrQueryId, Object&amp; pvarResKeys, Int32 cResKeys, Int32 nMaxDepth, Object[]&amp; foundDescendants)
   at Microsoft.VisualStudio.TestTools.UITest.Playback.ScreenElement.FindTopLevelWindowHelper(String queryId)
   at Microsoft.VisualStudio.TestTools.UITest.Playback.ScreenElement.FindFromPartialQueryId(String queryId)
   at Microsoft.VisualStudio.TestTools.UITesting.UITestControl.EnsureValid(Boolean waitForReady, Boolean refetch)
   --- End of inner exception stack trace ---
   at Microsoft.VisualStudio.TestTools.UITesting.UITestControl.EnsureValid(Boolean waitForReady, Boolean refetch)
   at Microsoft.VisualStudio.TestTools.UITesting.UITestControl.FindFirstDescendant(String queryId, Int32 maxDepth, Int32&amp; timeLeft)
   at Microsoft.VisualStudio.TestTools.UITesting.SearchHelper.GetElement(Boolean useCache, ISearchArgument searchArg)
   at Microsoft.VisualStudio.TestTools.UITesting.SearchHelper.Search(ISearchArgument searchArg)
   at Microsoft.VisualStudio.TestTools.UITesting.UITestControl.FindInternal()
   at Microsoft.VisualStudio.TestTools.UITesting.UITestControl.FindControlIfNecessary()
   at Microsoft.VisualStudio.TestTools.UITesting.UITestControl.Click(MouseButtons button, ModifierKeys modifierKeys, Point relativeCoordinates)
   at Microsoft.VisualStudio.TestTools.UITesting.Mouse.ClickImplementation(UITestControl control, MouseButtons button, ModifierKeys modifierKeys, Point relativeCoordinate)
   at Microsoft.VisualStudio.TestTools.UITesting.Mouse.ClickImplementationWrapper(UITestControl control, MouseButtons button, ModifierKeys modifierKeys, Point relativeCoordinate)
W, 3504, 18, 2013/05/23, 18:52:30.958, 2914359693760, QTAgent32.exe, PlaybackErrorHandler: Ignoring exception as ContinueOnError is set.
W, 3504, 18, 2013/05/23, 18:52:30.973, 2914359898844, QTAgent32.exe, Playback - [WARNING] Internal warning: Thread state based WFR - Requested element has invalid HWND
\0
W, 3504, 18, 2013/05/23, 18:52:30.973, 2914359902634, QTAgent32.exe, Playback - [WARNING] Internal warning: process performance counters based WFR - Requested element has invalid HWND
\0
E, 3504, 18, 2013/05/23, 18:52:30.973, 2914359906179, QTAgent32.exe, EnsureValid called via EnsureValid call for same element
E, 3504, 18, 2013/05/23, 18:52:30.973, 2914359908447, QTAgent32.exe, EnsureValid called via EnsureValid call for same element
E, 3504, 18, 2013/05/23, 18:52:30.974, 2914359910257, QTAgent32.exe, EnsureValid called via EnsureValid call for same element
E, 3504, 18, 2013/05/23, 18:52:30.974, 2914359914880, QTAgent32.exe, Window 6882552 not responding. Last Win32 error 0
E, 3504, 18, 2013/05/23, 18:52:30.974, 2914359915828, QTAgent32.exe, GetClassName for handle 6882552 failed
W, 3504, 18, 2013/05/23, 18:52:31.116, 2914361945722, QTAgent32.exe, &lt;a class=success&gt;Playback - {238} [SUCCESS] Check - "[MSAA, VisibleOnly]ControlType='CheckBox' &amp;&amp; Name='Defer Printing?'"
\0&lt;/a&gt;
W, 3504, 18, 2013/05/23, 18:52:31.443, 2914366636260, QTAgent32.exe, &lt;a class=success&gt;Playback - {239} [SUCCESS] MouseButtonClick - "[MSAA, VisibleOnly]ControlType='Button' &amp;&amp; Name='Ok'"
\0&lt;/a&gt;
W, 3504, 18, 2013/05/23, 18:52:34.165, 2914405607134, QTAgent32.exe, &lt;a class=success&gt;Playback - {240} [SUCCESS] MouseButtonClick - "[MSAA, VisibleOnly]ControlType='Button' &amp;&amp; Name='OK'"
\0&lt;/a&gt;
W, 3504, 18, 2013/05/23, 18:52:34.265, 2914407040239, QTAgent32.exe, Playback - [WARNING] Internal warning: Thread state based WFR - Requested element has invalid HWND
\0
W, 3504, 18, 2013/05/23, 18:52:34.265, 2914407041969, QTAgent32.exe, Playback - [WARNING] Internal warning: process performance counters based WFR - Requested element has invalid HWND
\0
E, 3504, 18, 2013/05/23, 18:52:34.266, 2914407045228, QTAgent32.exe, EnsureValid called via EnsureValid call for same element
E, 3504, 18, 2013/05/23, 18:52:34.266, 2914407047195, QTAgent32.exe, EnsureValid called via EnsureValid call for same element
E, 3504, 18, 2013/05/23, 18:52:34.266, 2914407048354, QTAgent32.exe, EnsureValid called via EnsureValid call for same element
E, 3504, 18, 2013/05/23, 18:52:34.268, 2914407084438, QTAgent32.exe, GetClassName for handle 4589892 failed
E, 3504, 18, 2013/05/23, 18:52:34.270, 2914407101856, QTAgent32.exe, Window 4589892 not responding. Last Win32 error 1400
E, 3504, 18, 2013/05/23, 18:52:34.270, 2914407103685, QTAgent32.exe, GetClassName for handle 4589892 failed
W, 3504, 18, 2013/05/23, 18:52:35.635, 2914426655770, QTAgent32.exe, PERF WARNING: FindTopLevelWindowHelper::FindAllDescendents: took 1365 ms. Expected it to take maximum 500 ms.
W, 3504, 18, 2013/05/23, 18:52:35.787, 2914428835389, QTAgent32.exe, &lt;a class=success&gt;Playback - {241} [SUCCESS] Uncheck - "[MSAA, VisibleOnly]ControlType='CheckBox' &amp;&amp; Name='Add Activity'"
\0&lt;/a&gt;
W, 3504, 18, 2013/05/23, 18:52:36.135, 2914433813432, QTAgent32.exe, &lt;a class=success&gt;Playback - {242} [SUCCESS] MouseButtonClick - "[MSAA, VisibleOnly]ControlType='Button' &amp;&amp; Name='Ok'"
\0&lt;/a&gt;
W, 3504, 18, 2013/05/23, 18:52:37.451, 2914452653860, QTAgent32.exe, PERF WARNING: FindTopLevelWindowHelper::FindAllDescendents: took 1203 ms. Expected it to take maximum 500 ms.
W, 3504, 18, 2013/05/23, 18:52:37.646, 2914455451383, QTAgent32.exe, &lt;a class=success&gt;Playback - {243} [SUCCESS] MouseButtonClick - "[MSAA, VisibleOnly]ControlType='Button' &amp;&amp; Name='Ok'"
\0&lt;/a&gt;
W, 3504, 18, 2013/05/23, 18:52:46.564, 2914583143398, QTAgent32.exe, PERF WARNING: FindTopLevelWindowHelper::FindAllDescendents: took 8817 ms. Expected it to take maximum 500 ms.
W, 3504, 18, 2013/05/23, 18:52:47.144, 2914591449153, QTAgent32.exe, &lt;a class=success&gt;Playback - {244} [SUCCESS] DoSelect - "[MSAA, VisibleOnly]ControlType='List'"
\0&lt;/a&gt;
W, 3504, 18, 2013/05/23, 18:52:48.613, 2914612479301, QTAgent32.exe, &lt;a class=success&gt;Playback - {245} [SUCCESS] MouseButtonClick - "[MSAA, VisibleOnly]ControlType='Button' &amp;&amp; Name='Ok'"
\0&lt;/a&gt;
W, 3504, 18, 2013/05/23, 18:52:50.903, 2914645260495, QTAgent32.exe, &lt;a class=success&gt;Playback - {246} [SUCCESS] MouseButtonClick - "[MSAA, VisibleOnly]ControlType='Button' &amp;&amp; Name='OK'"
\0&lt;/a&gt;
W, 3504, 18, 2013/05/23, 18:52:52.339, 2914665834677, QTAgent32.exe, PERF WARNING: FindAllDescendents: took 1335 ms. Expected it to take maximum 500 ms.
W, 3504, 18, 2013/05/23, 18:52:53.920, 2914688458361, QTAgent32.exe, &lt;a class=success&gt;Playback - {247} [SUCCESS] MouseButtonClick - "[MSAA, VisibleOnly]ControlType='Button' &amp;&amp; Name='Exit'"
\0&lt;/a&gt;
W, 3504, 18, 2013/05/23, 18:52:54.295, 2914693832577, QTAgent32.exe, &lt;a class=success&gt;Playback - {248} [SUCCESS] MouseButtonClick - "[MSAA, VisibleOnly]ControlType='Button' &amp;&amp; Name='Yes'"
\0&lt;/a&gt;
W, 3504, 18, 2013/05/23, 18:52:54.701, 2914699641460, QTAgent32.exe, &lt;a class=success&gt;Playback - {249} [SUCCESS] MouseButtonClick - "[MSAA, VisibleOnly]ControlType='Button' &amp;&amp; Name='Cancel'"
\0&lt;/a&gt;
W, 3504, 18, 2013/05/23, 18:52:55.081, 2914705085525, QTAgent32.exe, &lt;a class=success&gt;Playback - {250} [SUCCESS] MouseButtonClick - "[MSAA, VisibleOnly]ControlType='Button'"
\0&lt;/a&gt;
W, 3504, 18, 2013/05/23, 18:52:55.764, 2914714872516, QTAgent32.exe, &lt;a class=success&gt;Playback - {251} [SUCCESS] MouseButtonClick - "[MSAA, VisibleOnly]ControlType='Button' &amp;&amp; Name='Detail'"
\0&lt;/a&gt;
W, 3504, 18, 2013/05/23, 18:52:56.097, 2914719640997, QTAgent32.exe, &lt;a class=success&gt;Playback - {252} [SUCCESS] MouseButtonClick - "[MSAA, VisibleOnly]ControlType='Button' &amp;&amp; Name='Cancel'"
\0&lt;/a&gt;
W, 3504, 18, 2013/05/23, 18:52:56.357, 2914723361507, QTAgent32.exe, &lt;a class=success&gt;Playback - {253} [SUCCESS] MouseButtonClick - "[MSAA, VisibleOnly]ControlType='Button' &amp;&amp; Name='Options'"
\0&lt;/a&gt;
W, 3504, 18, 2013/05/23, 18:52:56.458, 2914724801073, QTAgent32.exe, FindScreenElementInSinglePass : Attempting to find control in one pass of search. Failures can occur.
W, 3504, 18, 2013/05/23, 18:52:56.472, 2914724999247, QTAgent32.exe, Playback - [WARNING] Internal failure: Method GetBoundingRectangle failed (HRESULT = 0x1, "Incorrect function.") for Name = "Quote Select List" ," ControlType = "MenuItem"
\0
W, 3504, 18, 2013/05/23, 18:52:56.472, 2914725001351, QTAgent32.exe, Playback - [WARNING] Internal failure: Couldn't get clickable point for ScreenUIElement - GetClickablePoint failed
\0
W, 3504, 18, 2013/05/23, 18:52:56.481, 2914725140749, QTAgent32.exe, FindScreenElementInSinglePass : Attempting to find control in one pass of search. Failures can occur.
W, 3504, 18, 2013/05/23, 18:52:56.487, 2914725213057, QTAgent32.exe, FindScreenElementInSinglePass : Attempting to find control in one pass of search. Failures can occur.
W, 3504, 18, 2013/05/23, 18:52:56.616, 2914727072553, QTAgent32.exe, &lt;a class=success&gt;Playback - {254} [SUCCESS] LeftButtonClick - "[MSAA, VisibleOnly]ControlType='MenuBar' &amp;&amp; Name='Application'"  &lt; Mouse cursor location (960, 31) &gt;
\0&lt;/a&gt;
W, 3504, 18, 2013/05/23, 18:52:56.723, 2914728597499, QTAgent32.exe, &lt;a class=success&gt;Playback - {255} [SUCCESS] LeftButtonClick - "[MSAA]ControlType='MenuItem' &amp;&amp; Name='Options'"  &lt; Mouse cursor location (94, 31) &gt;
\0&lt;/a&gt;
W, 3504, 18, 2013/05/23, 18:52:57.191, 2914735299281, QTAgent32.exe, &lt;a class=success&gt;Playback - {256} [SUCCESS] LeftButtonClick - "[MSAA]ControlType='MenuItem' &amp;&amp; Name='Links'"  &lt; Mouse cursor location (174, 319) &gt;
\0&lt;/a&gt;
W, 3504, 18, 2013/05/23, 18:52:58.064, 2914747792473, QTAgent32.exe, &lt;a class=success&gt;Playback - {257} [SUCCESS] LeftButtonClick - "[MSAA]ControlType='MenuItem' &amp;&amp; Name='3rd Party Integration'"  &lt; Mouse cursor location (375, 319) &gt;
\0&lt;/a&gt;
W, 3504, 18, 2013/05/23, 18:52:58.520, 2914754328509, QTAgent32.exe, &lt;a class=success&gt;Playback - {258} [SUCCESS] MouseButtonClick - "[MSAA]ControlType='MenuItem' &amp;&amp; Name='Quote Select List'"
\0&lt;/a&gt;
W, 3504, 18, 2013/05/23, 18:52:59.049, 2914761902272, QTAgent32.exe, Playback - [WARNING] Internal warning: Window Not Found: [VisibleOnly]ControlType='Window' &amp;&amp; Name='Current Or Future' &amp;&amp; ClassName='TfCurrentOrFuture'
\0
E, 3504, 18, 2013/05/23, 18:52:59.049, 2914761905205, QTAgent32.exe, &lt;a class=failure&gt;Playback - {259} [FAILED] Function ElementFetcher::FindScreenElement failed to locate UI element (Searching: ;[VisibleOnly]ControlType='Window' &amp;&amp; Name='Current Or Future' &amp;&amp; ClassName='TfCurrentOrFuture') (The object specified was not found.)
\0&lt;/a&gt;
E, 3504, 18, 2013/05/23, 18:52:59.133, 2914763102148, QTAgent32.exe, Playback - [IMAGE] C:\Users\testuser\AppData\Local\Temp\UITestLogs\LastRun\RPF400A.png
\0
W, 3504, 18, 2013/05/23, 18:52:59.133, 2914763106287, QTAgent32.exe, Playback - [WARNING] Internal warning: Couldn't find descendants that match QueryId
\0
W, 3504, 18, 2013/05/23, 18:52:59.133, 2914763109400, QTAgent32.exe, PERF WARNING: FindTopLevelWindowHelper::FindAllDescendents: took 509 ms. Expected it to take maximum 500 ms.
W, 3504, 18, 2013/05/23, 18:53:00.057, 2914776334297, QTAgent32.exe, PERF WARNING: FindTopLevelWindowHelper::FindAllDescendents: took 923 ms. Expected it to take maximum 500 ms.
W, 3504, 18, 2013/05/23, 18:53:00.490, 2914782537507, QTAgent32.exe, &lt;a class=success&gt;Playback - {260} [SUCCESS] MouseButtonClick - "[MSAA, VisibleOnly]ControlType='Button' &amp;&amp; Name='Ok'"
\0&lt;/a&gt;
W, 3504, 18, 2013/05/23, 18:53:02.785, 2914815394295, QTAgent32.exe, PERF WARNING: FindTopLevelWindowHelper::FindAllDescendents: took 1996 ms. Expected it to take maximum 500 ms.
W, 3504, 18, 2013/05/23, 18:53:02.919, 2914817315174, QTAgent32.exe, &lt;a class=success&gt;Playback - {261} [SUCCESS] MouseButtonClick - "[MSAA, VisibleOnly]ControlType='Button' &amp;&amp; Name='After'"
\0&lt;/a&gt;
W, 3504, 18, 2013/05/23, 18:53:05.591, 2914855572172, QTAgent32.exe, PERF WARNING: FindTopLevelWindowHelper::FindAllDescendents: took 2571 ms. Expected it to take maximum 500 ms.
W, 3504, 18, 2013/05/23, 18:53:05.810, 2914858699406, QTAgent32.exe, &lt;a class=success&gt;Playback - {262} [SUCCESS] MouseButtonClick - "[MSAA, VisibleOnly]ControlType='Button' &amp;&amp; Name='MTA'"
\0&lt;/a&gt;
W, 3504, 18, 2013/05/23, 18:53:06.965, 2914875245749, QTAgent32.exe, PERF WARNING: FindTopLevelWindowHelper::FindAllDescendents: took 1055 ms. Expected it to take maximum 500 ms.
W, 3504, 18, 2013/05/23, 18:53:08.089, 2914891336479, QTAgent32.exe, Playback - [WARNING] Internal warning: Incorrect flag set for InvokeProgrammaticAction\0
W, 3504, 18, 2013/05/23, 18:53:08.212, 2914893099595, QTAgent32.exe, &lt;a class=success&gt;Playback - {263} [SUCCESS] SetValueAsComboBox "General Adjustment" - "[MSAA, VisibleOnly]ControlType='ComboBox'"  &lt; SetValueAsComboBox, set by clicking on the item in the list box &gt;
\0&lt;/a&gt;
W, 3504, 18, 2013/05/23, 18:53:08.560, 2914898079331, QTAgent32.exe, &lt;a class=success&gt;Playback - {264} [SUCCESS] MouseButtonClick - "[MSAA, VisibleOnly]ControlType='Button' &amp;&amp; Name='OK'"
\0&lt;/a&gt;
W, 3504, 18, 2013/05/23, 18:53:08.668, 2914899632194, QTAgent32.exe, Playback - [WARNING] Internal warning: Thread state based WFR - Requested element has invalid HWND
\0
W, 3504, 18, 2013/05/23, 18:53:08.668, 2914899634360, QTAgent32.exe, Playback - [WARNING] Internal warning: process performance counters based WFR - Requested element has invalid HWND
\0
E, 3504, 18, 2013/05/23, 18:53:08.669, 2914899639323, QTAgent32.exe, EnsureValid called via EnsureValid call for same element
E, 3504, 18, 2013/05/23, 18:53:08.669, 2914899642288, QTAgent32.exe, EnsureValid called via EnsureValid call for same element
E, 3504, 18, 2013/05/23, 18:53:08.669, 2914899643966, QTAgent32.exe, EnsureValid called via EnsureValid call for same element
E, 3504, 18, 2013/05/23, 18:53:08.669, 2914899648952, QTAgent32.exe, Window 3541258 not responding. Last Win32 error 0
E, 3504, 18, 2013/05/23, 18:53:08.669, 2914899651349, QTAgent32.exe, GetClassName for handle 3541258 failed
W, 3504, 18, 2013/05/23, 18:53:09.236, 2914907759559, QTAgent32.exe, &lt;a class=success&gt;Playback - {265} [SUCCESS] SendKeys "^{HOME}" - "[MSAA, VisibleOnly]ControlType='Edit'"
\0&lt;/a&gt;
E, 3504, 18, 2013/05/23, 18:53:09.236, 2914907762714, QTAgent32.exe, Msaa.GetFocusedElement: could not find accessible object of foreground window
W, 3504, 18, 2013/05/23, 18:53:09.301, 2914908683300, QTAgent32.exe, &lt;a class=success&gt;Playback - {266} [SUCCESS] SendKeys "^+{END}" - "[MSAA, VisibleOnly]ControlType='Edit'"
\0&lt;/a&gt;
E, 3504, 18, 2013/05/23, 18:53:09.301, 2914908687112, QTAgent32.exe, Msaa.GetFocusedElement: could not find accessible object of foreground window
W, 3504, 18, 2013/05/23, 18:53:09.320, 2914908964832, QTAgent32.exe, &lt;a class=success&gt;Playback - {267} [SUCCESS] SendKeys "{DELETE}" - "[MSAA, VisibleOnly]ControlType='Edit'"
\0&lt;/a&gt;
W, 3504, 18, 2013/05/23, 18:53:10.003, 2914918747337, QTAgent32.exe, &lt;a class=success&gt;Playback - {268} [SUCCESS] SetValueAsEditBox "NewTest" - "[MSAA, VisibleOnly]ControlType='Edit'"  &lt; Set via SendKeys &gt;
\0&lt;/a&gt;
W, 3504, 18, 2013/05/23, 18:53:10.267, 2914922516869, QTAgent32.exe, &lt;a class=success&gt;Playback - {269} [SUCCESS] MouseButtonClick - "[MSAA, VisibleOnly]ControlType='Button' &amp;&amp; Name='Next &gt;'"
\0&lt;/a&gt;
W, 3504, 18, 2013/05/23, 18:53:10.494, 2914925767064, QTAgent32.exe, &lt;a class=success&gt;Playback - {270} [SUCCESS] MouseButtonClick - "[MSAA, VisibleOnly]ControlType='Button' &amp;&amp; Name='Next &gt;'"
\0&lt;/a&gt;
W, 3504, 18, 2013/05/23, 18:53:10.742, 2914929321050, QTAgent32.exe, &lt;a class=success&gt;Playback - {271} [SUCCESS] MouseButtonClick - "[MSAA, VisibleOnly]ControlType='Button' &amp;&amp; Name='Next &gt;'"
\0&lt;/a&gt;
W, 3504, 18, 2013/05/23, 18:53:10.995, 2914932941770, QTAgent32.exe, &lt;a class=success&gt;Playback - {272} [SUCCESS] MouseButtonClick - "[MSAA, VisibleOnly]ControlType='Button' &amp;&amp; Name='Next &gt;'"
\0&lt;/a&gt;
W, 3504, 18, 2013/05/23, 18:53:11.247, 2914936557966, QTAgent32.exe, &lt;a class=success&gt;Playback - {273} [SUCCESS] MouseButtonClick - "[MSAA, VisibleOnly]ControlType='Button' &amp;&amp; Name='Next &gt;'"
\0&lt;/a&gt;
W, 3504, 18, 2013/05/23, 18:53:11.524, 2914940514802, QTAgent32.exe, &lt;a class=success&gt;Playback - {274} [SUCCESS] MouseButtonClick - "[MSAA, VisibleOnly]ControlType='Button' &amp;&amp; Name='Next &gt;'"
\0&lt;/a&gt;
W, 3504, 18, 2013/05/23, 18:53:11.775, 2914944109692, QTAgent32.exe, &lt;a class=success&gt;Playback - {275} [SUCCESS] MouseButtonClick - "[MSAA, VisibleOnly]ControlType='Button' &amp;&amp; Name='Next &gt;'"
\0&lt;/a&gt;
W, 3504, 18, 2013/05/23, 18:53:12.271, 2914951216500, QTAgent32.exe, &lt;a class=success&gt;Playback - {276} [SUCCESS] MouseButtonClick - "[MSAA, VisibleOnly]ControlType='Button' &amp;&amp; Name='Quote'"
\0&lt;/a&gt;
W, 3504, 18, 2013/05/23, 18:53:12.951, 2914960952274, QTAgent32.exe, &lt;a class=success&gt;Playback - {277} [SUCCESS] SendKeys "^{HOME}" - "[MSAA, VisibleOnly]ControlType='Edit'"
\0&lt;/a&gt;
E, 3504, 18, 2013/05/23, 18:53:12.951, 2914960955254, QTAgent32.exe, Msaa.GetFocusedElement: could not find accessible object of foreground window
W, 3504, 18, 2013/05/23, 18:53:13.012, 2914961824998, QTAgent32.exe, &lt;a class=success&gt;Playback - {278} [SUCCESS] SendKeys "^+{END}" - "[MSAA, VisibleOnly]ControlType='Edit'"
\0&lt;/a&gt;
E, 3504, 18, 2013/05/23, 18:53:13.012, 2914961828120, QTAgent32.exe, Msaa.GetFocusedElement: could not find accessible object of foreground window
W, 3504, 18, 2013/05/23, 18:53:13.025, 2914962019961, QTAgent32.exe, &lt;a class=success&gt;Playback - {279} [SUCCESS] SendKeys "{DELETE}" - "[MSAA, VisibleOnly]ControlType='Edit'"
\0&lt;/a&gt;
W, 3504, 18, 2013/05/23, 18:53:13.716, 2914971905602, QTAgent32.exe, &lt;a class=success&gt;Playback - {280} [SUCCESS] SetValueAsEditBox "06/06/13" - "[MSAA, VisibleOnly]ControlType='Edit'"  &lt; Set via SendKeys &gt;
\0&lt;/a&gt;
W, 3504, 18, 2013/05/23, 18:53:13.968, 2914975518919, QTAgent32.exe, &lt;a class=success&gt;Playback - {281} [SUCCESS] MouseButtonClick - "[MSAA, VisibleOnly]ControlType='Button' &amp;&amp; Name='OK'"
\0&lt;/a&gt;
W, 3504, 18, 2013/05/23, 18:53:16.839, 2915016628662, QTAgent32.exe, PERF WARNING: FindTopLevelWindowHelper::FindAllDescendents: took 2770 ms. Expected it to take maximum 500 ms.
W, 3504, 18, 2013/05/23, 18:53:16.969, 2915018492356, QTAgent32.exe, &lt;a class=success&gt;Playback - {282} [SUCCESS] MouseButtonClick - "[MSAA, VisibleOnly]ControlType='Client'"
\0&lt;/a&gt;
W, 3504, 18, 2013/05/23, 18:53:17.689, 2915028788764, QTAgent32.exe, &lt;a class=success&gt;Playback - {283} [SUCCESS] SendKeys "{Home}" - "[MSAA, VisibleOnly]ControlType='Client'"
\0&lt;/a&gt;
W, 3504, 18, 2013/05/23, 18:53:17.959, 2915032654406, QTAgent32.exe, &lt;a class=success&gt;Playback - {284} [SUCCESS] MouseButtonClick - "[MSAA, VisibleOnly]ControlType='Button' &amp;&amp; Name='Accept'"
\0&lt;/a&gt;
W, 3504, 18, 2013/05/23, 18:53:18.280, 2915037254249, QTAgent32.exe, &lt;a class=success&gt;Playback - {285} [SUCCESS] MouseButtonClick - "[MSAA, VisibleOnly]ControlType='Button' &amp;&amp; Name='OK'"
\0&lt;/a&gt;
W, 3504, 18, 2013/05/23, 18:53:18.574, 2915041464979, QTAgent32.exe, &lt;a class=success&gt;Playback - {286} [SUCCESS] MouseButtonClick - "[MSAA, VisibleOnly]ControlType='Button' &amp;&amp; Name='Ok'"
\0&lt;/a&gt;
W, 3504, 18, 2013/05/23, 18:53:36.434, 2915297191353, QTAgent32.exe, PERF WARNING: FindTopLevelWindowHelper::FindAllDescendents: took 17760 ms. Expected it to take maximum 500 ms.
W, 3504, 18, 2013/05/23, 18:53:36.746, 2915301657925, QTAgent32.exe, &lt;a class=success&gt;Playback - {287} [SUCCESS] MouseButtonClick - "[MSAA, VisibleOnly]ControlType='Button' &amp;&amp; Name='OK'"
\0&lt;/a&gt;
W, 3504, 18, 2013/05/23, 18:53:36.847, 2915303093313, QTAgent32.exe, Playback - [WARNING] Internal warning: Thread state based WFR - Requested element has invalid HWND
\0
W, 3504, 18, 2013/05/23, 18:53:36.847, 2915303095428, QTAgent32.exe, Playback - [WARNING] Internal warning: process performance counters based WFR - Requested element has invalid HWND
\0
E, 3504, 18, 2013/05/23, 18:53:36.847, 2915303099856, QTAgent32.exe, EnsureValid called via EnsureValid call for same element
E, 3504, 18, 2013/05/23, 18:53:36.847, 2915303102154, QTAgent32.exe, EnsureValid called via EnsureValid call for same element
E, 3504, 18, 2013/05/23, 18:53:36.847, 2915303103529, QTAgent32.exe, EnsureValid called via EnsureValid call for same element
E, 3504, 18, 2013/05/23, 18:53:36.848, 2915303108176, QTAgent32.exe, Window 2689560 not responding. Last Win32 error 0
E, 3504, 18, 2013/05/23, 18:53:36.848, 2915303109019, QTAgent32.exe, GetClassName for handle 2689560 failed
W, 3504, 18, 2013/05/23, 18:53:36.984, 2915305060729, QTAgent32.exe, &lt;a class=success&gt;Playback - {288} [SUCCESS] Check - "[MSAA, VisibleOnly]ControlType='CheckBox' &amp;&amp; Name='Defer Printing?'"
\0&lt;/a&gt;
W, 3504, 18, 2013/05/23, 18:53:37.657, 2915314696537, QTAgent32.exe, &lt;a class=success&gt;Playback - {289} [SUCCESS] MouseButtonClick - "[MSAA, VisibleOnly]ControlType='Button' &amp;&amp; Name='Ok'"
\0&lt;/a&gt;
W, 3504, 18, 2013/05/23, 18:53:37.757, 2915316130723, QTAgent32.exe, Playback - [WARNING] Internal warning: Thread state based WFR - Requested element has invalid HWND
\0
W, 3504, 18, 2013/05/23, 18:53:37.757, 2915316132604, QTAgent32.exe, Playback - [WARNING] Internal warning: process performance counters based WFR - Requested element has invalid HWND
\0
E, 3504, 18, 2013/05/23, 18:53:37.758, 2915316135640, QTAgent32.exe, EnsureValid called via EnsureValid call for same element
E, 3504, 18, 2013/05/23, 18:53:37.758, 2915316137583, QTAgent32.exe, EnsureValid called via EnsureValid call for same element
E, 3504, 18, 2013/05/23, 18:53:37.758, 2915316138772, QTAgent32.exe, EnsureValid called via EnsureValid call for same element
E, 3504, 18, 2013/05/23, 18:53:37.761, 2915316188285, QTAgent32.exe, GetClassName for handle 8520630 failed
E, 3504, 18, 2013/05/23, 18:53:37.762, 2915316204394, QTAgent32.exe, Window 8520630 not responding. Last Win32 error 1400
E, 3504, 18, 2013/05/23, 18:53:37.762, 2915316206163, QTAgent32.exe, GetClassName for handle 8520630 failed
W, 3504, 18, 2013/05/23, 18:53:38.363, 2915324799255, QTAgent32.exe, PERF WARNING: FindTopLevelWindowHelper::FindAllDescendents: took 599 ms. Expected it to take maximum 500 ms.
W, 3504, 18, 2013/05/23, 18:53:38.510, 2915326908376, QTAgent32.exe, &lt;a class=success&gt;Playback - {290} [SUCCESS] Uncheck - "[MSAA, VisibleOnly]ControlType='CheckBox' &amp;&amp; Name='Add Activity'"
\0&lt;/a&gt;
W, 3504, 18, 2013/05/23, 18:53:38.883, 2915332249571, QTAgent32.exe, &lt;a class=success&gt;Playback - {291} [SUCCESS] MouseButtonClick - "[MSAA, VisibleOnly]ControlType='Button' &amp;&amp; Name='Ok'"
\0&lt;/a&gt;
W, 3504, 18, 2013/05/23, 18:53:40.154, 2915350456664, QTAgent32.exe, PERF WARNING: FindTopLevelWindowHelper::FindAllDescendents: took 1164 ms. Expected it to take maximum 500 ms.
W, 3504, 18, 2013/05/23, 18:53:40.294, 2915352451587, QTAgent32.exe, &lt;a class=success&gt;Playback - {292} [SUCCESS] MouseButtonClick - "[MSAA, VisibleOnly]ControlType='Button' &amp;&amp; Name='OK'"
\0&lt;/a&gt;
W, 3504, 18, 2013/05/23, 18:53:41.833, 2915374482804, QTAgent32.exe, PERF WARNING: FindTopLevelWindowHelper::FindAllDescendents: took 1434 ms. Expected it to take maximum 500 ms.
W, 3504, 18, 2013/05/23, 18:53:41.971, 2915376460539, QTAgent32.exe, &lt;a class=success&gt;Playback - {293} [SUCCESS] MouseButtonClick - "[MSAA, VisibleOnly]ControlType='Button' &amp;&amp; Name='OK'"
\0&lt;/a&gt;
W, 3504, 18, 2013/05/23, 18:53:42.193, 2915379647421, QTAgent32.exe, &lt;a class=success&gt;Playback - {294} [SUCCESS] MouseButtonClick - "[MSAA, VisibleOnly]ControlType='Button' &amp;&amp; Name='Options'"
\0&lt;/a&gt;
W, 3504, 18, 2013/05/23, 18:53:42.294, 2915381085702, QTAgent32.exe, FindScreenElementInSinglePass : Attempting to find control in one pass of search. Failures can occur.
W, 3504, 18, 2013/05/23, 18:53:42.309, 2915381307838, QTAgent32.exe, Playback - [WARNING] Internal failure: Method GetBoundingRectangle failed (HRESULT = 0x1, "Incorrect function.") for Name = "Quote Select List" ," ControlType = "MenuItem"
\0
W, 3504, 18, 2013/05/23, 18:53:42.309, 2915381309783, QTAgent32.exe, Playback - [WARNING] Internal failure: Couldn't get clickable point for ScreenUIElement - GetClickablePoint failed
\0
W, 3504, 18, 2013/05/23, 18:53:42.310, 2915381318087, QTAgent32.exe, FindScreenElementInSinglePass : Attempting to find control in one pass of search. Failures can occur.
W, 3504, 18, 2013/05/23, 18:53:42.319, 2915381451376, QTAgent32.exe, FindScreenElementInSinglePass : Attempting to find control in one pass of search. Failures can occur.
W, 3504, 18, 2013/05/23, 18:53:42.449, 2915383308396, QTAgent32.exe, &lt;a class=success&gt;Playback - {295} [SUCCESS] LeftButtonClick - "[MSAA, VisibleOnly]ControlType='MenuBar' &amp;&amp; Name='Application'"  &lt; Mouse cursor location (960, 31) &gt;
\0&lt;/a&gt;
W, 3504, 18, 2013/05/23, 18:53:42.567, 2915384998093, QTAgent32.exe, &lt;a class=success&gt;Playback - {296} [SUCCESS] LeftButtonClick - "[MSAA]ControlType='MenuItem' &amp;&amp; Name='Options'"  &lt; Mouse cursor location (94, 31) &gt;
\0&lt;/a&gt;
W, 3504, 18, 2013/05/23, 18:53:42.883, 2915389528773, QTAgent32.exe, &lt;a class=success&gt;Playback - {297} [SUCCESS] LeftButtonClick - "[MSAA]ControlType='MenuItem' &amp;&amp; Name='Links'"  &lt; Mouse cursor location (174, 319) &gt;
\0&lt;/a&gt;
W, 3504, 18, 2013/05/23, 18:53:43.211, 2915394218184, QTAgent32.exe, &lt;a class=success&gt;Playback - {298} [SUCCESS] LeftButtonClick - "[MSAA]ControlType='MenuItem' &amp;&amp; Name='3rd Party Integration'"  &lt; Mouse cursor location (375, 319) &gt;
\0&lt;/a&gt;
W, 3504, 18, 2013/05/23, 18:53:43.578, 2915399480231, QTAgent32.exe, &lt;a class=success&gt;Playback - {299} [SUCCESS] MouseButtonClick - "[MSAA]ControlType='MenuItem' &amp;&amp; Name='Quote Select List'"
\0&lt;/a&gt;
W, 3504, 18, 2013/05/23, 18:53:46.325, 2915438808037, QTAgent32.exe, PERF WARNING: FindTopLevelWindowHelper::FindAllDescendents: took 2636 ms. Expected it to take maximum 500 ms.
W, 3504, 18, 2013/05/23, 18:53:46.582, 2915442481879, QTAgent32.exe, &lt;a class=success&gt;Playback - {300} [SUCCESS] MouseButtonClick - "[MSAA, VisibleOnly]ControlType='Button' &amp;&amp; Name='Ok'"
\0&lt;/a&gt;
W, 3504, 18, 2013/05/23, 18:53:47.375, 2915453836667, QTAgent32.exe, PERF WARNING: FindTopLevelWindowHelper::FindAllDescendents: took 674 ms. Expected it to take maximum 500 ms.
W, 3504, 18, 2013/05/23, 18:53:47.531, 2915456082459, QTAgent32.exe, &lt;a class=success&gt;Playback - {301} [SUCCESS] MouseButtonClick - "[MSAA, VisibleOnly]ControlType='Button' &amp;&amp; Name='After'"
\0&lt;/a&gt;
W, 3504, 18, 2013/05/23, 18:53:49.570, 2915485263265, QTAgent32.exe, PERF WARNING: FindTopLevelWindowHelper::FindAllDescendents: took 1860 ms. Expected it to take maximum 500 ms.
W, 3504, 18, 2013/05/23, 18:53:49.992, 2915491307191, QTAgent32.exe, &lt;a class=success&gt;Playback - {302} [SUCCESS] MouseButtonClick - "[MSAA, VisibleOnly]ControlType='Button' &amp;&amp; Name='MTA'"
\0&lt;/a&gt;
W, 3504, 18, 2013/05/23, 18:53:50.092, 2915492745902, QTAgent32.exe, Playback - [WARNING] Internal warning: Thread state based WFR - Requested element has invalid HWND
\0
W, 3504, 18, 2013/05/23, 18:53:50.093, 2915492752564, QTAgent32.exe, Playback - [WARNING] Internal warning: process performance counters based WFR - Requested element has invalid HWND
\0
E, 3504, 18, 2013/05/23, 18:53:50.093, 2915492756888, QTAgent32.exe, EnsureValid called via EnsureValid call for same element
E, 3504, 18, 2013/05/23, 18:53:50.093, 2915492759927, QTAgent32.exe, EnsureValid called via EnsureValid call for same element
E, 3504, 18, 2013/05/23, 18:53:50.093, 2915492761527, QTAgent32.exe, EnsureValid called via EnsureValid call for same element
E, 3504, 18, 2013/05/23, 18:53:50.094, 2915492766963, QTAgent32.exe, Window 3082366 not responding. Last Win32 error 0
E, 3504, 18, 2013/05/23, 18:53:50.094, 2915492768076, QTAgent32.exe, GetClassName for handle 3082366 failed
W, 3504, 18, 2013/05/23, 18:53:51.165, 2915508104969, QTAgent32.exe, Playback - [WARNING] Internal warning: Incorrect flag set for InvokeProgrammaticAction\0
W, 3504, 18, 2013/05/23, 18:53:51.288, 2915509871482, QTAgent32.exe, &lt;a class=success&gt;Playback - {303} [SUCCESS] SetValueAsComboBox "General Adjustment" - "[MSAA, VisibleOnly]ControlType='ComboBox'"  &lt; SetValueAsComboBox, set by clicking on the item in the list box &gt;
\0&lt;/a&gt;
W, 3504, 18, 2013/05/23, 18:53:51.800, 2915517207230, QTAgent32.exe, &lt;a class=success&gt;Playback - {304} [SUCCESS] MouseButtonClick - "[MSAA, VisibleOnly]ControlType='Button' &amp;&amp; Name='OK'"
\0&lt;/a&gt;
W, 3504, 18, 2013/05/23, 18:53:51.941, 2915519224176, QTAgent32.exe, Playback - [WARNING] Internal warning: Thread state based WFR - Requested element has invalid HWND
\0
W, 3504, 18, 2013/05/23, 18:53:51.941, 2915519226691, QTAgent32.exe, Playback - [WARNING] Internal warning: process performance counters based WFR - Requested element has invalid HWND
\0
E, 3504, 18, 2013/05/23, 18:53:51.942, 2915519236154, QTAgent32.exe, EnsureValid called via EnsureValid call for same element
E, 3504, 18, 2013/05/23, 18:53:51.942, 2915519239741, QTAgent32.exe, EnsureValid called via EnsureValid call for same element
E, 3504, 18, 2013/05/23, 18:53:51.942, 2915519241306, QTAgent32.exe, EnsureValid called via EnsureValid call for same element
E, 3504, 18, 2013/05/23, 18:53:51.943, 2915519246503, QTAgent32.exe, GetClassName for handle 3082414 failed
E, 3504, 18, 2013/05/23, 18:53:51.943, 2915519253341, QTAgent32.exe, GetClassName for handle 3082414 failed
E, 3504, 18, 2013/05/23, 18:53:51.970, 2915519637165, QTAgent32.exe, Exception: System.Runtime.InteropServices.COMException
	Message: Error HRESULT E_FAIL has been returned from a call to a COM component.
	Stack Trace:    at Accessibility.IAccessible.get_accState(Object varChild)
   at Microsoft.VisualStudio.TestTools.UITest.Extension.Msaa.AccWrapper.get_State()
	BaseExceptionMessage: Error HRESULT E_FAIL has been returned from a call to a COM component.

E, 3504, 18, 2013/05/23, 18:53:51.977, 2915519741465, QTAgent32.exe, Exception: System.Runtime.InteropServices.COMException
	Message: Error HRESULT E_FAIL has been returned from a call to a COM component.
	Stack Trace:    at Accessibility.IAccessible.get_accState(Object varChild)
   at Microsoft.VisualStudio.TestTools.UITest.Extension.Msaa.AccWrapper.get_State()
	BaseExceptionMessage: Error HRESULT E_FAIL has been returned from a call to a COM component.

E, 3504, 18, 2013/05/23, 18:53:51.978, 2915519752021, QTAgent32.exe, Exception: System.Runtime.InteropServices.COMException
	Message: Error HRESULT E_FAIL has been returned from a call to a COM component.
	Stack Trace:    at Accessibility.IAccessible.get_accState(Object varChild)
   at Microsoft.VisualStudio.TestTools.UITest.Extension.Msaa.AccWrapper.get_State()
	BaseExceptionMessage: Error HRESULT E_FAIL has been returned from a call to a COM component.

E, 3504, 18, 2013/05/23, 18:53:51.978, 2915519757491, QTAgent32.exe, Exception: System.Runtime.InteropServices.COMException
	Message: Error HRESULT E_FAIL has been returned from a call to a COM component.
	Stack Trace:    at Accessibility.IAccessible.get_accState(Object varChild)
   at Microsoft.VisualStudio.TestTools.UITest.Extension.Msaa.AccWrapper.get_State()
	BaseExceptionMessage: Error HRESULT E_FAIL has been returned from a call to a COM component.

E, 3504, 18, 2013/05/23, 18:53:51.979, 2915519766133, QTAgent32.exe, Exception: System.Runtime.InteropServices.COMException
	Message: Error HRESULT E_FAIL has been returned from a call to a COM component.
	Stack Trace:    at Accessibility.IAccessible.get_accState(Object varChild)
   at Microsoft.VisualStudio.TestTools.UITest.Extension.Msaa.AccWrapper.get_State()
	BaseExceptionMessage: Error HRESULT E_FAIL has been returned from a call to a COM component.

E, 3504, 18, 2013/05/23, 18:53:51.979, 2915519771584, QTAgent32.exe, Exception: System.Runtime.InteropServices.COMException
	Message: Error HRESULT E_FAIL has been returned from a call to a COM component.
	Stack Trace:    at Accessibility.IAccessible.get_accState(Object varChild)
   at Microsoft.VisualStudio.TestTools.UITest.Extension.Msaa.AccWrapper.get_State()
	BaseExceptionMessage: Error HRESULT E_FAIL has been returned from a call to a COM component.

E, 3504, 18, 2013/05/23, 18:53:51.980, 2915519778314, QTAgent32.exe, Exception: System.Runtime.InteropServices.COMException
	Message: Error HRESULT E_FAIL has been returned from a call to a COM component.
	Stack Trace:    at Accessibility.IAccessible.get_accState(Object varChild)
   at Microsoft.VisualStudio.TestTools.UITest.Extension.Msaa.AccWrapper.get_State()
	BaseExceptionMessage: Error HRESULT E_FAIL has been returned from a call to a COM component.

W, 3504, 18, 2013/05/23, 18:53:52.145, 2915522139424, QTAgent32.exe, Msaa.Navigate: Exception [Error HRESULT E_FAIL has been returned from a call to a COM component.] while calling accNavigate.
E, 3504, 18, 2013/05/23, 18:53:52.145, 2915522141341, QTAgent32.exe, GetClassName for handle 3344544 failed
E, 3504, 18, 2013/05/23, 18:53:52.145, 2915522142241, QTAgent32.exe, Window 3344544 not responding. Last Win32 error 1400
E, 3504, 18, 2013/05/23, 18:53:52.145, 2915522144748, QTAgent32.exe, GetClassName for handle 3082414 failed
W, 3504, 18, 2013/05/23, 18:53:52.718, 2915530336536, QTAgent32.exe, &lt;a class=success&gt;Playback - {305} [SUCCESS] SendKeys "^{HOME}" - "[MSAA, VisibleOnly]ControlType='Edit'"
\0&lt;/a&gt;
E, 3504, 18, 2013/05/23, 18:53:52.718, 2915530343465, QTAgent32.exe, Msaa.GetFocusedElement: could not find accessible object of foreground window
W, 3504, 18, 2013/05/23, 18:53:52.776, 2915531173666, QTAgent32.exe, &lt;a class=success&gt;Playback - {306} [SUCCESS] SendKeys "^+{END}" - "[MSAA, VisibleOnly]ControlType='Edit'"
\0&lt;/a&gt;
E, 3504, 18, 2013/05/23, 18:53:52.776, 2915531176939, QTAgent32.exe, Msaa.GetFocusedElement: could not find accessible object of foreground window
W, 3504, 18, 2013/05/23, 18:53:52.792, 2915531404940, QTAgent32.exe, &lt;a class=success&gt;Playback - {307} [SUCCESS] SendKeys "{DELETE}" - "[MSAA, VisibleOnly]ControlType='Edit'"
\0&lt;/a&gt;
W, 3504, 18, 2013/05/23, 18:53:53.463, 2915541005878, QTAgent32.exe, &lt;a class=success&gt;Playback - {308} [SUCCESS] SetValueAsEditBox "NewTest" - "[MSAA, VisibleOnly]ControlType='Edit'"  &lt; Set via SendKeys &gt;
\0&lt;/a&gt;
W, 3504, 18, 2013/05/23, 18:53:53.709, 2915544527119, QTAgent32.exe, &lt;a class=success&gt;Playback - {309} [SUCCESS] MouseButtonClick - "[MSAA, VisibleOnly]ControlType='Button' &amp;&amp; Name='Next &gt;'"
\0&lt;/a&gt;
W, 3504, 18, 2013/05/23, 18:53:53.929, 2915547680931, QTAgent32.exe, &lt;a class=success&gt;Playback - {310} [SUCCESS] MouseButtonClick - "[MSAA, VisibleOnly]ControlType='Button' &amp;&amp; Name='Next &gt;'"
\0&lt;/a&gt;
W, 3504, 18, 2013/05/23, 18:53:54.167, 2915551096326, QTAgent32.exe, &lt;a class=success&gt;Playback - {311} [SUCCESS] MouseButtonClick - "[MSAA, VisibleOnly]ControlType='Button' &amp;&amp; Name='Next &gt;'"
\0&lt;/a&gt;
W, 3504, 18, 2013/05/23, 18:53:54.407, 2915554532119, QTAgent32.exe, &lt;a class=success&gt;Playback - {312} [SUCCESS] MouseButtonClick - "[MSAA, VisibleOnly]ControlType='Button' &amp;&amp; Name='Next &gt;'"
\0&lt;/a&gt;
W, 3504, 18, 2013/05/23, 18:53:54.648, 2915557976722, QTAgent32.exe, &lt;a class=success&gt;Playback - {313} [SUCCESS] MouseButtonClick - "[MSAA, VisibleOnly]ControlType='Button' &amp;&amp; Name='Next &gt;'"
\0&lt;/a&gt;
W, 3504, 18, 2013/05/23, 18:53:54.898, 2915561563972, QTAgent32.exe, &lt;a class=success&gt;Playback - {314} [SUCCESS] MouseButtonClick - "[MSAA, VisibleOnly]ControlType='Button' &amp;&amp; Name='Next &gt;'"
\0&lt;/a&gt;
W, 3504, 18, 2013/05/23, 18:53:55.164, 2915565364830, QTAgent32.exe, &lt;a class=success&gt;Playback - {315} [SUCCESS] MouseButtonClick - "[MSAA, VisibleOnly]ControlType='Button' &amp;&amp; Name='Next &gt;'"
\0&lt;/a&gt;
W, 3504, 18, 2013/05/23, 18:53:55.785, 2915574261351, QTAgent32.exe, &lt;a class=success&gt;Playback - {316} [SUCCESS] MouseButtonClick - "[MSAA, VisibleOnly]ControlType='Button' &amp;&amp; Name='Quote'"
\0&lt;/a&gt;
W, 3504, 18, 2013/05/23, 18:53:55.885, 2915575695758, QTAgent32.exe, Playback - [WARNING] Internal warning: Thread state based WFR - Requested element has invalid HWND
\0
W, 3504, 18, 2013/05/23, 18:53:55.885, 2915575697973, QTAgent32.exe, Playback - [WARNING] Internal warning: process performance counters based WFR - Requested element has invalid HWND
\0
E, 3504, 18, 2013/05/23, 18:53:55.886, 2915575703090, QTAgent32.exe, EnsureValid called via EnsureValid call for same element
E, 3504, 18, 2013/05/23, 18:53:55.886, 2915575705966, QTAgent32.exe, EnsureValid called via EnsureValid call for same element
E, 3504, 18, 2013/05/23, 18:53:55.886, 2915575707788, QTAgent32.exe, EnsureValid called via EnsureValid call for same element
E, 3504, 18, 2013/05/23, 18:53:55.886, 2915575712293, QTAgent32.exe, Window 3279304 not responding. Last Win32 error 0
E, 3504, 18, 2013/05/23, 18:53:55.887, 2915575715152, QTAgent32.exe, GetClassName for handle 3279304 failed
W, 3504, 18, 2013/05/23, 18:53:56.434, 2915583549951, QTAgent32.exe, &lt;a class=success&gt;Playback - {317} [SUCCESS] SendKeys "^{HOME}" - "[MSAA, VisibleOnly]ControlType='Edit'"
\0&lt;/a&gt;
E, 3504, 18, 2013/05/23, 18:53:56.434, 2915583553526, QTAgent32.exe, Msaa.GetFocusedElement: could not find accessible object of foreground window
W, 3504, 18, 2013/05/23, 18:53:56.491, 2915584366709, QTAgent32.exe, &lt;a class=success&gt;Playback - {318} [SUCCESS] SendKeys "^+{END}" - "[MSAA, VisibleOnly]ControlType='Edit'"
\0&lt;/a&gt;
E, 3504, 18, 2013/05/23, 18:53:56.492, 2915584371074, QTAgent32.exe, Msaa.GetFocusedElement: could not find accessible object of foreground window
W, 3504, 18, 2013/05/23, 18:53:56.510, 2915584639437, QTAgent32.exe, &lt;a class=success&gt;Playback - {319} [SUCCESS] SendKeys "{DELETE}" - "[MSAA, VisibleOnly]ControlType='Edit'"
\0&lt;/a&gt;
W, 3504, 18, 2013/05/23, 18:53:57.168, 2915594059376, QTAgent32.exe, &lt;a class=success&gt;Playback - {320} [SUCCESS] SetValueAsEditBox "05/06/13" - "[MSAA, VisibleOnly]ControlType='Edit'"  &lt; Set via SendKeys &gt;
\0&lt;/a&gt;
W, 3504, 18, 2013/05/23, 18:53:57.420, 2915597666593, QTAgent32.exe, &lt;a class=success&gt;Playback - {321} [SUCCESS] MouseButtonClick - "[MSAA, VisibleOnly]ControlType='Button' &amp;&amp; Name='OK'"
\0&lt;/a&gt;
W, 3504, 18, 2013/05/23, 18:53:57.728, 2915602078257, QTAgent32.exe, &lt;a class=success&gt;Playback - {322} [SUCCESS] MouseButtonClick - "[MSAA, VisibleOnly]ControlType='Button' &amp;&amp; Name='OK'"
\0&lt;/a&gt;
W, 3504, 18, 2013/05/23, 18:53:58.038, 2915606517128, QTAgent32.exe, &lt;a class=success&gt;Playback - {323} [SUCCESS] MouseButtonClick - "[MSAA, VisibleOnly]ControlType='Button' &amp;&amp; Name='Cancel'"
\0&lt;/a&gt;
W, 3504, 18, 2013/05/23, 18:53:58.294, 2915610180662, QTAgent32.exe, &lt;a class=success&gt;Playback - {324} [SUCCESS] MouseButtonClick - "[MSAA, VisibleOnly]ControlType='Button' &amp;&amp; Name='Cancel'"
\0&lt;/a&gt;
W, 3504, 18, 2013/05/23, 18:53:58.668, 2915615535409, QTAgent32.exe, &lt;a class=success&gt;Playback - {325} [SUCCESS] MouseButtonClick - "[MSAA, VisibleOnly]ControlType='Button' &amp;&amp; Name='Yes'"
\0&lt;/a&gt;
W, 3504, 18, 2013/05/23, 18:54:00.917, 2915647739425, QTAgent32.exe, &lt;a class=success&gt;Playback - {326} [SUCCESS] MouseButtonClick - "[MSAA, VisibleOnly]ControlType='Button' &amp;&amp; Name='OK'"
\0&lt;/a&gt;
W, 3504, 18, 2013/05/23, 18:54:01.147, 2915651026994, QTAgent32.exe, &lt;a class=success&gt;Playback - {327} [SUCCESS] MouseButtonClick - "[MSAA, VisibleOnly]ControlType='Button' &amp;&amp; Name='Options'"
\0&lt;/a&gt;
W, 3504, 18, 2013/05/23, 18:54:01.247, 2915652465479, QTAgent32.exe, FindScreenElementInSinglePass : Attempting to find control in one pass of search. Failures can occur.
W, 3504, 18, 2013/05/23, 18:54:01.263, 2915652690783, QTAgent32.exe, Playback - [WARNING] Internal failure: Method GetBoundingRectangle failed (HRESULT = 0x1, "Incorrect function.") for Name = "Quote Select List" ," ControlType = "MenuItem"
\0
W, 3504, 18, 2013/05/23, 18:54:01.263, 2915652692730, QTAgent32.exe, Playback - [WARNING] Internal failure: Couldn't get clickable point for ScreenUIElement - GetClickablePoint failed
\0
W, 3504, 18, 2013/05/23, 18:54:01.263, 2915652696175, QTAgent32.exe, FindScreenElementInSinglePass : Attempting to find control in one pass of search. Failures can occur.
W, 3504, 18, 2013/05/23, 18:54:01.273, 2915652829180, QTAgent32.exe, FindScreenElementInSinglePass : Attempting to find control in one pass of search. Failures can occur.
W, 3504, 18, 2013/05/23, 18:54:01.406, 2915654736501, QTAgent32.exe, &lt;a class=success&gt;Playback - {328} [SUCCESS] LeftButtonClick - "[MSAA, VisibleOnly]ControlType='MenuBar' &amp;&amp; Name='Application'"  &lt; Mouse cursor location (960, 31) &gt;
\0&lt;/a&gt;
W, 3504, 18, 2013/05/23, 18:54:01.519, 2915656355728, QTAgent32.exe, &lt;a class=success&gt;Playback - {329} [SUCCESS] LeftButtonClick - "[MSAA]ControlType='MenuItem' &amp;&amp; Name='Options'"  &lt; Mouse cursor location (94, 31) &gt;
\0&lt;/a&gt;
W, 3504, 18, 2013/05/23, 18:54:01.824, 2915660722513, QTAgent32.exe, &lt;a class=success&gt;Playback - {330} [SUCCESS] LeftButtonClick - "[MSAA]ControlType='MenuItem' &amp;&amp; Name='Links'"  &lt; Mouse cursor location (174, 319) &gt;
\0&lt;/a&gt;
W, 3504, 18, 2013/05/23, 18:54:02.156, 2915665482518, QTAgent32.exe, &lt;a class=success&gt;Playback - {331} [SUCCESS] LeftButtonClick - "[MSAA]ControlType='MenuItem' &amp;&amp; Name='3rd Party Integration'"  &lt; Mouse cursor location (375, 319) &gt;
\0&lt;/a&gt;
W, 3504, 18, 2013/05/23, 18:54:02.603, 2915671877751, QTAgent32.exe, &lt;a class=success&gt;Playback - {332} [SUCCESS] MouseButtonClick - "[MSAA]ControlType='MenuItem' &amp;&amp; Name='Quote Select List'"
\0&lt;/a&gt;
W, 3504, 18, 2013/05/23, 18:54:03.829, 2915689430648, QTAgent32.exe, PERF WARNING: FindTopLevelWindowHelper::FindAllDescendents: took 1124 ms. Expected it to take maximum 500 ms.
W, 3504, 18, 2013/05/23, 18:54:03.964, 2915691371982, QTAgent32.exe, &lt;a class=success&gt;Playback - {333} [SUCCESS] MouseButtonClick - "[MSAA, VisibleOnly]ControlType='Button' &amp;&amp; Name='Ok'"
\0&lt;/a&gt;
W, 3504, 18, 2013/05/23, 18:54:05.893, 2915718980523, QTAgent32.exe, PERF WARNING: FindTopLevelWindowHelper::FindAllDescendents: took 1827 ms. Expected it to take maximum 500 ms.
W, 3504, 18, 2013/05/23, 18:54:06.039, 2915721079629, QTAgent32.exe, &lt;a class=success&gt;Playback - {334} [SUCCESS] MouseButtonClick - "[MSAA, VisibleOnly]ControlType='Button' &amp;&amp; Name='Before'"
\0&lt;/a&gt;
W, 3504, 18, 2013/05/23, 18:54:08.159, 2915751438376, QTAgent32.exe, PERF WARNING: FindTopLevelWindowHelper::FindAllDescendents: took 1962 ms. Expected it to take maximum 500 ms.
W, 3504, 18, 2013/05/23, 18:54:08.397, 2915754838095, QTAgent32.exe, &lt;a class=success&gt;Playback - {335} [SUCCESS] MouseButtonClick - "[MSAA, VisibleOnly]ControlType='Button' &amp;&amp; Name='MTA'"
\0&lt;/a&gt;
W, 3504, 18, 2013/05/23, 18:54:08.501, 2915756321464, QTAgent32.exe, Playback - [WARNING] Internal warning: Thread state based WFR - Requested element has invalid HWND
\0
W, 3504, 18, 2013/05/23, 18:54:08.501, 2915756323367, QTAgent32.exe, Playback - [WARNING] Internal warning: process performance counters based WFR - Requested element has invalid HWND
\0
E, 3504, 18, 2013/05/23, 18:54:08.501, 2915756327784, QTAgent32.exe, EnsureValid called via EnsureValid call for same element
E, 3504, 18, 2013/05/23, 18:54:08.501, 2915756329994, QTAgent32.exe, EnsureValid called via EnsureValid call for same element
E, 3504, 18, 2013/05/23, 18:54:08.501, 2915756331162, QTAgent32.exe, EnsureValid called via EnsureValid call for same element
E, 3504, 18, 2013/05/23, 18:54:08.502, 2915756335224, QTAgent32.exe, GetClassName for handle 3410046 failed
E, 3504, 18, 2013/05/23, 18:54:08.503, 2915756355054, QTAgent32.exe, Window 3410046 not responding. Last Win32 error 1400
E, 3504, 18, 2013/05/23, 18:54:08.503, 2915756357049, QTAgent32.exe, GetClassName for handle 3410046 failed
W, 3504, 18, 2013/05/23, 18:54:17.289, 2915882147478, QTAgent32.exe, Playback - [WARNING] Internal warning: Window Not Found: [VisibleOnly]ControlType='Window' &amp;&amp; Name='Mid Term Adjustments ' &amp;&amp; ClassName='ThunderRT6FormDC'
\0
E, 3504, 18, 2013/05/23, 18:54:17.289, 2915882151361, QTAgent32.exe, &lt;a class=failure&gt;Playback - {336} [FAILED] Function ElementFetcher::FindScreenElement failed to locate UI element (Searching: ;[VisibleOnly]ControlType='Window' &amp;&amp; Name='Mid Term Adjustments ' &amp;&amp; ClassName='ThunderRT6FormDC') (The object specified was not found.)
\0&lt;/a&gt;
E, 3504, 18, 2013/05/23, 18:54:17.420, 2915884025108, QTAgent32.exe, Playback - [IMAGE] C:\Users\testuser\AppData\Local\Temp\UITestLogs\LastRun\RPF71A5.png
\0
W, 3504, 18, 2013/05/23, 18:54:17.420, 2915884027467, QTAgent32.exe, Playback - [WARNING] Internal warning: Couldn't find descendants that match QueryId
\0
W, 3504, 18, 2013/05/23, 18:54:17.420, 2915884031428, QTAgent32.exe, PERF WARNING: FindTopLevelWindowHelper::FindAllDescendents: took 8916 ms. Expected it to take maximum 500 ms.
W, 3504, 18, 2013/05/23, 18:54:36.965, 2916163880964, QTAgent32.exe, Playback - [WARNING] Internal warning: Window Not Found: [VisibleOnly]ControlType='Window' &amp;&amp; Name='Mid Term Adjustments ' &amp;&amp; ClassName='ThunderRT6FormDC'
\0
E, 3504, 18, 2013/05/23, 18:54:36.966, 2916163887261, QTAgent32.exe, &lt;a class=failure&gt;Playback - {337} [FAILED] Function ElementFetcher::FindScreenElement failed to locate UI element (Searching: ;[VisibleOnly]ControlType='Window' &amp;&amp; Name='Mid Term Adjustments ' &amp;&amp; ClassName='ThunderRT6FormDC') (The object specified was not found.)
\0&lt;/a&gt;
E, 3504, 18, 2013/05/23, 18:54:37.048, 2916165072587, QTAgent32.exe, Playback - [IMAGE] C:\Users\testuser\AppData\Local\Temp\UITestLogs\LastRun\RPFBE8E.png
\0
W, 3504, 18, 2013/05/23, 18:54:37.049, 2916165075222, QTAgent32.exe, Playback - [WARNING] Internal warning: Couldn't find descendants that match QueryId
\0
W, 3504, 18, 2013/05/23, 18:54:37.049, 2916165080376, QTAgent32.exe, PERF WARNING: FindTopLevelWindowHelper::FindAllDescendents: took 19628 ms. Expected it to take maximum 500 ms.
W, 3504, 18, 2013/05/23, 18:54:39.752, 2916203791349, QTAgent32.exe, Playback - [WARNING] Internal warning: Smart Match failed
\0
W, 3504, 18, 2013/05/23, 18:54:41.214, 2916224713578, QTAgent32.exe, Playback - [WARNING] Internal warning: Window Not Found: [VisibleOnly]ControlType='Window' &amp;&amp; Name='Mid Term Adjustments ' &amp;&amp; ClassName='ThunderRT6FormDC'
\0
E, 3504, 18, 2013/05/23, 18:54:41.214, 2916224718272, QTAgent32.exe, &lt;a class=failure&gt;Playback - {338} [FAILED] Function ElementFetcher::FindScreenElement failed to locate UI element (Searching: ;[VisibleOnly]ControlType='Window' &amp;&amp; Name='Mid Term Adjustments ' &amp;&amp; ClassName='ThunderRT6FormDC') (The object specified was not found.)
\0&lt;/a&gt;
E, 3504, 18, 2013/05/23, 18:54:41.296, 2916225893688, QTAgent32.exe, Playback - [IMAGE] C:\Users\testuser\AppData\Local\Temp\UITestLogs\LastRun\RPFCF22.png
\0
W, 3504, 18, 2013/05/23, 18:54:41.296, 2916225896152, QTAgent32.exe, Playback - [WARNING] Internal warning: Couldn't find descendants that match QueryId
\0
W, 3504, 18, 2013/05/23, 18:54:41.297, 2916225900567, QTAgent32.exe, PERF WARNING: FindTopLevelWindowHelper::FindAllDescendents: took 4247 ms. Expected it to take maximum 500 ms.
E, 3504, 18, 2013/05/23, 18:54:41.297, 2916225902420, QTAgent32.exe, Exception: System.Runtime.InteropServices.COMException
	Message: Error HRESULT E_FAIL has been returned from a call to a COM component.
	Stack Trace:    at Microsoft.VisualStudio.TestTools.UITest.Playback.Engine.IRPFPlayback.FindAllScreenElements(IScreenElement pScreenElementStart, String bstrQueryId, Object&amp; pvarResKeys, Int32 cResKeys, Int32 nMaxDepth, Object[]&amp; foundDescendants)
   at Microsoft.VisualStudio.TestTools.UITest.Playback.ScreenElement.FindTopLevelWindowHelper(String queryId)
	BaseExceptionMessage: Error HRESULT E_FAIL has been returned from a call to a COM component.

E, 3504, 18, 2013/05/23, 18:54:41.297, 2916225908791, QTAgent32.exe, GetClassName for handle 4196460 failed
E, 3504, 18, 2013/05/23, 18:54:41.298, 2916225920059, QTAgent32.exe, Window 4196460 not responding. Last Win32 error 1400
E, 3504, 18, 2013/05/23, 18:54:41.298, 2916225921388, QTAgent32.exe, GetClassName for handle 4196460 failed
E, 3504, 18, 2013/05/23, 18:54:41.299, 2916225929968, QTAgent32.exe, Window 3410046 not responding. Last Win32 error 1400
E, 3504, 18, 2013/05/23, 18:54:41.299, 2916225931816, QTAgent32.exe, GetClassName for handle 3410046 failed
E, 3504, 18, 2013/05/23, 18:54:41.320, 2916226229374, QTAgent32.exe, AL: Playback Error: Microsoft.VisualStudio.TestTools.UITest.Extension.UITestControlNotAvailableException: The control is not available or not valid. Additional Details: 
TechnologyName:  'MSAA'
ControlType:  'ComboBox'
 ---&gt; Microsoft.VisualStudio.TestTools.UITest.Extension.UITestControlNotAvailableException: The control is not available or not valid. Additional Details: 
TechnologyName:  'MSAA'
ControlType:  'Window'
 ---&gt; System.Runtime.InteropServices.COMException: Error HRESULT E_FAIL has been returned from a call to a COM component.
   at Microsoft.VisualStudio.TestTools.UITest.Playback.Engine.IRPFPlayback.FindAllScreenElements(IScreenElement pScreenElementStart, String bstrQueryId, Object&amp; pvarResKeys, Int32 cResKeys, Int32 nMaxDepth, Object[]&amp; foundDescendants)
   at Microsoft.VisualStudio.TestTools.UITest.Playback.ScreenElement.FindTopLevelWindowHelper(String queryId)
   at Microsoft.VisualStudio.TestTools.UITest.Playback.ScreenElement.FindFromPartialQueryId(String queryId)
   at Microsoft.VisualStudio.TestTools.UITesting.UITestControl.EnsureValid(Boolean waitForReady, Boolean refetch)
   --- End of inner exception stack trace ---
   at Microsoft.VisualStudio.TestTools.UITesting.UITestControl.EnsureValid(Boolean waitForReady, Boolean refetch)
   at Microsoft.VisualStudio.TestTools.UITesting.UITestControl.FindFirstDescendant(String queryId, Int32 maxDepth, Int32&amp; timeLeft)
   at Microsoft.VisualStudio.TestTools.UITesting.UITestControl.FindFirstDescendant(String queryId)
   at Microsoft.VisualStudio.TestTools.UITesting.UITestControl.EnsureValid(Boolean waitForReady, Boolean refetch)
   --- End of inner exception stack trace ---
   at Microsoft.VisualStudio.TestTools.UITesting.UITestControl.EnsureValid(Boolean waitForReady, Boolean refetch)
   at Microsoft.VisualStudio.TestTools.UITesting.UITestControl.SetPropertyValue(String propertyName, Object propertyValue)
   at Microsoft.VisualStudio.TestTools.UITesting.UITestControl.SetProperty(String propertyName, Object value)
W, 3504, 18, 2013/05/23, 18:54:45.029, 2916279335270, QTAgent32.exe, IEDOM : StopSession of the plugin called before StartSession
W, 3504, 18, 2013/05/23, 18:54:45.030, 2916279356365, QTAgent32.exe, UIA : StopSession of the plugin called before StartSession
</DebugTrace>
        <ErrorInfo>
          <Message>Test method Ver1.CodedUITest2.HouseRenewalAfter threw exception: 
Microsoft.VisualStudio.TestTools.UITest.Extension.UITestControlNotAvailableException: The control is not available or not valid. Additional Details: 
TechnologyName:  'MSAA'
ControlType:  'ComboBox'
 ---&gt; Microsoft.VisualStudio.TestTools.UITest.Extension.UITestControlNotAvailableException: The control is not available or not valid. Additional Details: 
TechnologyName:  'MSAA'
ControlType:  'Window'
 ---&gt; System.Runtime.InteropServices.COMException: Error HRESULT E_FAIL has been returned from a call to a COM component.</Message>
          <StackTrace>    at Microsoft.VisualStudio.TestTools.UITest.Playback.Engine.IRPFPlayback.FindAllScreenElements(IScreenElement pScreenElementStart, String bstrQueryId, Object&amp; pvarResKeys, Int32 cResKeys, Int32 nMaxDepth, Object[]&amp; foundDescendants)
   at Microsoft.VisualStudio.TestTools.UITest.Playback.ScreenElement.FindTopLevelWindowHelper(String queryId)
   at Microsoft.VisualStudio.TestTools.UITest.Playback.ScreenElement.FindFromPartialQueryId(String queryId)
   at Microsoft.VisualStudio.TestTools.UITesting.UITestControl.EnsureValid(Boolean waitForReady, Boolean refetch)
 --- End of inner exception stack trace ---
    at Microsoft.VisualStudio.TestTools.UITesting.UITestControl.EnsureValid(Boolean waitForReady, Boolean refetch)
   at Microsoft.VisualStudio.TestTools.UITesting.UITestControl.FindFirstDescendant(String queryId, Int32 maxDepth, Int32&amp; timeLeft)
   at Microsoft.VisualStudio.TestTools.UITesting.UITestControl.FindFirstDescendant(String queryId)
   at Microsoft.VisualStudio.TestTools.UITesting.UITestControl.EnsureValid(Boolean waitForReady, Boolean refetch)
 --- End of inner exception stack trace ---
    at Microsoft.VisualStudio.TestTools.UITesting.UITestControl.EnsureValid(Boolean waitForReady, Boolean refetch)
   at Microsoft.VisualStudio.TestTools.UITesting.UITestControl.SetPropertyValue(String propertyName, Object propertyValue)
   at Microsoft.VisualStudio.TestTools.UITesting.UITestControl.SetProperty(String propertyName, Object value)
   at Microsoft.VisualStudio.TestTools.UITesting.WinControls.WinComboBox.set_SelectedItem(String value)
   at Ver1.UIMap.HomeMTAChange() in C:\AutotestTam1205\TestProject7\UIMap.Designer.cs:line 1741
   at Ver1.CodedUITest2.HouseRenewalAfter() in C:\AutotestTam1205\TestProject7\CodedUITest2.cs:line 1516
</StackTrace>
        </ErrorInfo>
      </Output>
      <ResultFiles>
        <ResultFile path="ICLVDEVTM02\HouseRenewalAfter.png" />
      </ResultFiles>
      <ExtensionResult>Exception has been thrown by the target of an invocation.</ExtensionResult>
    </UnitTestResult>
    <UnitTestResult executionId="bc734dc5-4d2f-4fa3-bd2d-d4d0f08842f8" testId="0141781e-e8c8-68a2-deee-13f636ac4d13" testName="HouseAmendRiskExistingScheme" computerName="ICLVDEVTM02" duration="00:09:09.4716685" startTime="2013-05-23T18:54:45.4887243+01:00" endTime="2013-05-23T19:03:55.2085298+01:00" testType="13cdc9d9-ddb5-4fa4-a97d-d965ccfc6d4b" outcome="Failed" testListId="8c84fa94-04c1-424b-9868-57a2d4851a1d" relativeResultsDirectory="bc734dc5-4d2f-4fa3-bd2d-d4d0f08842f8">
      <Output>
        <DebugTrace>W, 3504, 17, 2013/05/23, 18:54:52.276, 2916383110443, QTAgent32.exe, &lt;a class=success&gt;Playback - {1} [SUCCESS] MouseButtonClick - "[MSAA, VisibleOnly]ControlType='Edit'"
\0&lt;/a&gt;
W, 3504, 17, 2013/05/23, 18:54:52.729, 2916389596364, QTAgent32.exe, &lt;a class=success&gt;Playback - {2} [SUCCESS] SendKeys "[*]" - "[MSAA, VisibleOnly]ControlType='Edit'"
\0&lt;/a&gt;
W, 3504, 17, 2013/05/23, 18:54:53.451, 2916399932398, QTAgent32.exe, &lt;a class=success&gt;Playback - {3} [SUCCESS] MouseButtonClick - "[MSAA, VisibleOnly]ControlType='Button' &amp;&amp; Name='OK'"
\0&lt;/a&gt;
W, 3504, 17, 2013/05/23, 18:54:53.840, 2916405503443, QTAgent32.exe, &lt;a class=success&gt;Playback - {4} [SUCCESS] SendKeys "^{HOME}" - "[MSAA, VisibleOnly]ControlType='Edit'"
\0&lt;/a&gt;
E, 3504, 17, 2013/05/23, 18:54:53.840, 2916405506891, QTAgent32.exe, Msaa.GetFocusedElement: could not find accessible object of foreground window
W, 3504, 17, 2013/05/23, 18:54:53.904, 2916406411248, QTAgent32.exe, &lt;a class=success&gt;Playback - {5} [SUCCESS] SendKeys "^+{END}" - "[MSAA, VisibleOnly]ControlType='Edit'"
\0&lt;/a&gt;
E, 3504, 17, 2013/05/23, 18:54:53.905, 2916406432012, QTAgent32.exe, Msaa.GetFocusedElement: could not find accessible object of foreground window
W, 3504, 17, 2013/05/23, 18:54:53.951, 2916407083685, QTAgent32.exe, &lt;a class=success&gt;Playback - {6} [SUCCESS] SendKeys "{DELETE}" - "[MSAA, VisibleOnly]ControlType='Edit'"
\0&lt;/a&gt;
W, 3504, 17, 2013/05/23, 18:54:54.512, 2916415121155, QTAgent32.exe, &lt;a class=success&gt;Playback - {7} [SUCCESS] SetValueAsEditBox "23/05/2013" - "[MSAA, VisibleOnly]ControlType='Edit'"  &lt; Set via SendKeys &gt;
\0&lt;/a&gt;
W, 3504, 17, 2013/05/23, 18:54:55.104, 2916423601047, QTAgent32.exe, Playback - [WARNING] Internal warning: Incorrect flag set for InvokeProgrammaticAction\0
W, 3504, 17, 2013/05/23, 18:54:55.225, 2916425338308, QTAgent32.exe, &lt;a class=success&gt;Playback - {8} [SUCCESS] SetValueAsComboBox "May" - "[MSAA, VisibleOnly]ControlType='ComboBox'"  &lt; SetValueAsComboBox, set by clicking on the item in the list box &gt;
\0&lt;/a&gt;
W, 3504, 17, 2013/05/23, 18:54:55.583, 2916430455697, QTAgent32.exe, &lt;a class=success&gt;Playback - {9} [SUCCESS] SendKeys "^{HOME}" - "[MSAA, VisibleOnly]ControlType='Edit'"
\0&lt;/a&gt;
E, 3504, 17, 2013/05/23, 18:54:55.583, 2916430459261, QTAgent32.exe, Msaa.GetFocusedElement: could not find accessible object of foreground window
W, 3504, 17, 2013/05/23, 18:54:55.639, 2916431261173, QTAgent32.exe, &lt;a class=success&gt;Playback - {10} [SUCCESS] SendKeys "^+{END}" - "[MSAA, VisibleOnly]ControlType='Edit'"
\0&lt;/a&gt;
E, 3504, 17, 2013/05/23, 18:54:55.640, 2916431265022, QTAgent32.exe, Msaa.GetFocusedElement: could not find accessible object of foreground window
W, 3504, 17, 2013/05/23, 18:54:55.667, 2916431653019, QTAgent32.exe, &lt;a class=success&gt;Playback - {11} [SUCCESS] SendKeys "{DELETE}" - "[MSAA, VisibleOnly]ControlType='Edit'"
\0&lt;/a&gt;
W, 3504, 17, 2013/05/23, 18:54:55.918, 2916435253941, QTAgent32.exe, &lt;a class=success&gt;Playback - {12} [SUCCESS] SetValueAsEditBox "2013" - "[MSAA, VisibleOnly]ControlType='Edit'"  &lt; Set via SendKeys &gt;
\0&lt;/a&gt;
W, 3504, 17, 2013/05/23, 18:54:56.138, 2916438396499, QTAgent32.exe, &lt;a class=success&gt;Playback - {13} [SUCCESS] MouseButtonClick - "[MSAA, VisibleOnly]ControlType='Button' &amp;&amp; Name='OK'"
\0&lt;/a&gt;
W, 3504, 17, 2013/05/23, 18:54:57.651, 2916460071856, QTAgent32.exe, Playback - [WARNING] Internal warning: Window Not Found: [VisibleOnly]ControlType='Window' &amp;&amp; Name='Warning' &amp;&amp; ClassName='#32770'
\0
E, 3504, 17, 2013/05/23, 18:54:57.652, 2916460076445, QTAgent32.exe, &lt;a class=failure&gt;Playback - {14} [FAILED] Function ElementFetcher::FindScreenElement failed to locate UI element (Searching: ;[VisibleOnly]ControlType='Window' &amp;&amp; Name='Warning' &amp;&amp; ClassName='#32770') (The object specified was not found.)
\0&lt;/a&gt;
E, 3504, 17, 2013/05/23, 18:54:57.735, 2916461271329, QTAgent32.exe, Playback - [IMAGE] C:\Users\testuser\AppData\Local\Temp\UITestLogs\LastRun\RPFF5E.png
\0
W, 3504, 17, 2013/05/23, 18:54:57.735, 2916461273532, QTAgent32.exe, Playback - [WARNING] Internal warning: Couldn't find descendants that match QueryId
\0
W, 3504, 17, 2013/05/23, 18:54:57.736, 2916461276946, QTAgent32.exe, PERF WARNING: FindTopLevelWindowHelper::FindAllDescendents: took 1465 ms. Expected it to take maximum 500 ms.
W, 3504, 17, 2013/05/23, 18:55:15.747, 2916719171383, QTAgent32.exe, Playback - [WARNING] Internal warning: Window Not Found: [VisibleOnly]ControlType='Window' &amp;&amp; Name='Warning' &amp;&amp; ClassName='#32770'
\0
E, 3504, 17, 2013/05/23, 18:55:15.748, 2916719175707, QTAgent32.exe, &lt;a class=failure&gt;Playback - {15} [FAILED] Function ElementFetcher::FindScreenElement failed to locate UI element (Searching: ;[VisibleOnly]ControlType='Window' &amp;&amp; Name='Warning' &amp;&amp; ClassName='#32770') (The object specified was not found.)
\0&lt;/a&gt;
E, 3504, 17, 2013/05/23, 18:55:15.833, 2916720395136, QTAgent32.exe, Playback - [IMAGE] C:\Users\testuser\AppData\Local\Temp\UITestLogs\LastRun\RPF560F.png
\0
W, 3504, 17, 2013/05/23, 18:55:15.833, 2916720397658, QTAgent32.exe, Playback - [WARNING] Internal warning: Couldn't find descendants that match QueryId
\0
W, 3504, 17, 2013/05/23, 18:55:15.833, 2916720402166, QTAgent32.exe, PERF WARNING: FindTopLevelWindowHelper::FindAllDescendents: took 18097 ms. Expected it to take maximum 500 ms.
W, 3504, 17, 2013/05/23, 18:55:16.383, 2916728267792, QTAgent32.exe, Playback - [WARNING] Internal warning: Smart Match failed
\0
W, 3504, 17, 2013/05/23, 18:55:16.780, 2916733964073, QTAgent32.exe, Playback - [WARNING] Internal warning: Smart Match failed
\0
W, 3504, 17, 2013/05/23, 18:55:17.171, 2916739563536, QTAgent32.exe, Playback - [WARNING] Internal warning: Smart Match failed
\0
W, 3504, 17, 2013/05/23, 18:55:17.547, 2916744939626, QTAgent32.exe, Playback - [WARNING] Internal warning: Smart Match failed
\0
W, 3504, 17, 2013/05/23, 18:55:17.913, 2916750188218, QTAgent32.exe, Playback - [WARNING] Internal warning: Smart Match failed
\0
W, 3504, 17, 2013/05/23, 18:55:18.280, 2916755440988, QTAgent32.exe, Playback - [WARNING] Internal warning: Smart Match failed
\0
W, 3504, 17, 2013/05/23, 18:55:18.649, 2916760724015, QTAgent32.exe, Playback - [WARNING] Internal warning: Smart Match failed
\0
W, 3504, 17, 2013/05/23, 18:55:18.914, 2916764516068, QTAgent32.exe, Playback - [WARNING] Internal warning: Window Not Found: [VisibleOnly]ControlType='Window' &amp;&amp; Name='Warning' &amp;&amp; ClassName='#32770'
\0
E, 3504, 17, 2013/05/23, 18:55:18.914, 2916764519062, QTAgent32.exe, &lt;a class=failure&gt;Playback - {16} [FAILED] Function ElementFetcher::FindScreenElement failed to locate UI element (Searching: ;[VisibleOnly]ControlType='Window' &amp;&amp; Name='Warning' &amp;&amp; ClassName='#32770') (The object specified was not found.)
\0&lt;/a&gt;
E, 3504, 17, 2013/05/23, 18:55:18.999, 2916765735043, QTAgent32.exe, Playback - [IMAGE] C:\Users\testuser\AppData\Local\Temp\UITestLogs\LastRun\RPF626E.png
\0
W, 3504, 17, 2013/05/23, 18:55:18.999, 2916765737210, QTAgent32.exe, Playback - [WARNING] Internal warning: Couldn't find descendants that match QueryId
\0
W, 3504, 17, 2013/05/23, 18:55:18.999, 2916765740291, QTAgent32.exe, PERF WARNING: FindTopLevelWindowHelper::FindAllDescendents: took 3166 ms. Expected it to take maximum 500 ms.
E, 3504, 17, 2013/05/23, 18:55:19.000, 2916765742307, QTAgent32.exe, Exception: System.Runtime.InteropServices.COMException
	Message: Error HRESULT E_FAIL has been returned from a call to a COM component.
	Stack Trace:    at Microsoft.VisualStudio.TestTools.UITest.Playback.Engine.IRPFPlayback.FindAllScreenElements(IScreenElement pScreenElementStart, String bstrQueryId, Object&amp; pvarResKeys, Int32 cResKeys, Int32 nMaxDepth, Object[]&amp; foundDescendants)
   at Microsoft.VisualStudio.TestTools.UITest.Playback.ScreenElement.FindTopLevelWindowHelper(String queryId)
	BaseExceptionMessage: Error HRESULT E_FAIL has been returned from a call to a COM component.

E, 3504, 17, 2013/05/23, 18:55:19.206, 2916768690021, QTAgent32.exe, AL: Playback Error: Microsoft.VisualStudio.TestTools.UITest.Extension.UITestControlNotFoundException: The playback failed to find the control with the given search properties. Additional Details: 
TechnologyName:  'MSAA'
ControlType:  'Window'
Name:  'Warning'
ClassName:  '#32770'
 ---&gt; System.Runtime.InteropServices.COMException: Error HRESULT E_FAIL has been returned from a call to a COM component.
   at Microsoft.VisualStudio.TestTools.UITest.Playback.Engine.IRPFPlayback.FindAllScreenElements(IScreenElement pScreenElementStart, String bstrQueryId, Object&amp; pvarResKeys, Int32 cResKeys, Int32 nMaxDepth, Object[]&amp; foundDescendants)
   at Microsoft.VisualStudio.TestTools.UITest.Playback.ScreenElement.FindTopLevelWindowHelper(String queryId)
   at Microsoft.VisualStudio.TestTools.UITest.Playback.ScreenElement.FindFromPartialQueryId(String queryId)
   at Microsoft.VisualStudio.TestTools.UITesting.UITestControl..ctor(String queryId)
   --- End of inner exception stack trace ---
   at Microsoft.VisualStudio.TestTools.UITesting.Playback.MapControlNotFoundException(COMException ex, IPlaybackContext context)
   at Microsoft.VisualStudio.TestTools.UITesting.Playback.MapAndThrowComException(COMException innerException, IPlaybackContext context)
   at Microsoft.VisualStudio.TestTools.UITesting.Playback.MapAndThrowException(SystemException exception, IPlaybackContext context)
   at Microsoft.VisualStudio.TestTools.UITesting.Playback.MapAndThrowException(SystemException exception, String queryId)
   at Microsoft.VisualStudio.TestTools.UITesting.UITestControl..ctor(String queryId)
   at Microsoft.VisualStudio.TestTools.UITesting.SearchHelper.SearchTopLevelWindow(ISearchArgument topLevelSearchArg, String topLevelElementQueryId)
   at Microsoft.VisualStudio.TestTools.UITesting.SearchHelper.GetTitleUpdatedTopLevelWindow(ISearchArgument topLevelSearchArg, String queryId, IList`1 windowTitles)
   at Microsoft.VisualStudio.TestTools.UITesting.SearchHelper.GetTopLevelElement(Boolean useCache, Boolean useCacheOnly, ISearchArgument searchArg, IList`1 windowTitles, Int32&amp; timeLeft)
   at Microsoft.VisualStudio.TestTools.UITesting.SearchHelper.GetElement(Boolean useCache, ISearchArgument searchArg)
   at Microsoft.VisualStudio.TestTools.UITesting.SearchHelper.Search(ISearchArgument searchArg)
   at Microsoft.VisualStudio.TestTools.UITesting.UITestControl.FindInternal()
   at Microsoft.VisualStudio.TestTools.UITesting.UITestControl.FindControlIfNecessary()
   at Microsoft.VisualStudio.TestTools.UITesting.UITestControl.Click(MouseButtons button, ModifierKeys modifierKeys, Point relativeCoordinates)
   at Microsoft.VisualStudio.TestTools.UITesting.Mouse.ClickImplementation(UITestControl control, MouseButtons button, ModifierKeys modifierKeys, Point relativeCoordinate)
   at Microsoft.VisualStudio.TestTools.UITesting.Mouse.ClickImplementationWrapper(UITestControl control, MouseButtons button, ModifierKeys modifierKeys, Point relativeCoordinate)
W, 3504, 17, 2013/05/23, 18:55:19.206, 2916768692859, QTAgent32.exe, PlaybackErrorHandler: Ignoring exception as ContinueOnError is set.
W, 3504, 17, 2013/05/23, 18:55:19.314, 2916770231460, QTAgent32.exe, &lt;a class=success&gt;Playback - {17} [SUCCESS] TypeString "#(R)"
\0&lt;/a&gt;
W, 3504, 17, 2013/05/23, 18:55:20.331, 2916784802015, QTAgent32.exe, PERF WARNING: FindTopLevelWindowHelper::FindAllDescendents: took 916 ms. Expected it to take maximum 500 ms.
W, 3504, 17, 2013/05/23, 18:55:20.980, 2916794098414, QTAgent32.exe, PERF WARNING: FindAllDescendents: took 647 ms. Expected it to take maximum 500 ms.
E, 3504, 17, 2013/05/23, 18:55:20.995, 2916794314497, QTAgent32.exe, Exception: System.ArgumentException
	Message: Value does not fall within the expected range.
	Stack Trace:    at Accessibility.IAccessible.get_accRole(Object varChild)
   at Microsoft.VisualStudio.TestTools.UITest.Extension.Msaa.AccWrapper.get_RoleInt()
	BaseExceptionMessage: Value does not fall within the expected range.

E, 3504, 17, 2013/05/23, 18:55:21.012, 2916794553910, QTAgent32.exe, Exception: System.ArgumentException
	Message: Value does not fall within the expected range.
	Stack Trace:    at Accessibility.IAccessible.get_accRole(Object varChild)
   at Microsoft.VisualStudio.TestTools.UITest.Extension.Msaa.AccWrapper.get_RoleInt()
	BaseExceptionMessage: Value does not fall within the expected range.

W, 3504, 17, 2013/05/23, 18:55:22.264, 2916812477109, QTAgent32.exe, &lt;a class=success&gt;Playback - {18} [SUCCESS] LeftButtonClick  &lt; Mouse cursor location (87, 908) &gt;
\0&lt;/a&gt;
W, 3504, 17, 2013/05/23, 18:55:23.891, 2916835780171, QTAgent32.exe, &lt;a class=success&gt;Playback - {19} [SUCCESS] SetValueAsEditBox "c:\TestProject7\ourmma.reg"  &lt; Set via SendKeys &gt;
\0&lt;/a&gt;
W, 3504, 17, 2013/05/23, 18:55:23.892, 2916835783139, QTAgent32.exe, &lt;a class=success&gt;Playback - {20} [SUCCESS] SetValueAsComboBox "c:\TestProject7\ourmma.reg" - "[MSAA, VisibleOnly]ControlType='ComboBox' &amp;&amp; Name='Open:'"  &lt; Set via SetValueAsEditBox &gt;
\0&lt;/a&gt;
W, 3504, 17, 2013/05/23, 18:55:24.141, 2916839354260, QTAgent32.exe, &lt;a class=success&gt;Playback - {21} [SUCCESS] MouseButtonClick - "[MSAA, VisibleOnly]ControlType='Button' &amp;&amp; Name='OK'"
\0&lt;/a&gt;
W, 3504, 17, 2013/05/23, 18:55:24.566, 2916845437195, QTAgent32.exe, Playback - [WARNING] Internal warning: Window Not Found: [VisibleOnly]ControlType='Window' &amp;&amp; Name='Registry Editor' &amp;&amp; ClassName='#32770'
\0
E, 3504, 17, 2013/05/23, 18:55:24.566, 2916845440437, QTAgent32.exe, &lt;a class=failure&gt;Playback - {22} [FAILED] Function ElementFetcher::FindScreenElement failed to locate UI element (Searching: ;[VisibleOnly]ControlType='Window' &amp;&amp; Name='Registry Editor' &amp;&amp; ClassName='#32770') (The object specified was not found.)
\0&lt;/a&gt;
E, 3504, 17, 2013/05/23, 18:55:24.724, 2916847699592, QTAgent32.exe, Playback - [IMAGE] C:\Users\testuser\AppData\Local\Temp\UITestLogs\LastRun\RPF787F.png
\0
W, 3504, 17, 2013/05/23, 18:55:24.724, 2916847701950, QTAgent32.exe, Playback - [WARNING] Internal warning: Couldn't find descendants that match QueryId
\0
W, 3504, 17, 2013/05/23, 18:55:26.227, 2916869230336, QTAgent32.exe, PERF WARNING: FindTopLevelWindowHelper::FindAllDescendents: took 1503 ms. Expected it to take maximum 500 ms.
W, 3504, 17, 2013/05/23, 18:55:26.490, 2916872991618, QTAgent32.exe, &lt;a class=success&gt;Playback - {23} [SUCCESS] MouseButtonClick - "[MSAA, VisibleOnly]ControlType='Button' &amp;&amp; Name='Yes'"
\0&lt;/a&gt;
W, 3504, 17, 2013/05/23, 18:55:26.843, 2916878048330, QTAgent32.exe, &lt;a class=success&gt;Playback - {24} [SUCCESS] MouseButtonClick - "[MSAA, VisibleOnly]ControlType='Button' &amp;&amp; Name='OK'"
\0&lt;/a&gt;
W, 3504, 17, 2013/05/23, 18:55:27.076, 2916881376434, QTAgent32.exe, &lt;a class=success&gt;Playback - {25} [SUCCESS] MouseButtonClick - "[MSAA, VisibleOnly]ControlType='Button' &amp;&amp; Name='Clients &amp; Files'"
\0&lt;/a&gt;
W, 3504, 17, 2013/05/23, 18:55:29.075, 2916909994321, QTAgent32.exe, Playback - [WARNING] Internal warning: Window Not Found: [VisibleOnly]ControlType='Window' &amp;&amp; ClassName='ThunderRT6MDIForm'
\0
E, 3504, 17, 2013/05/23, 18:55:29.075, 2916909997418, QTAgent32.exe, &lt;a class=failure&gt;Playback - {26} [FAILED] Function ElementFetcher::FindScreenElement failed to locate UI element (Searching: ;[VisibleOnly]ControlType='Window' &amp;&amp; ClassName='ThunderRT6MDIForm') (The object specified was not found.)
\0&lt;/a&gt;
E, 3504, 17, 2013/05/23, 18:55:29.212, 2916911965294, QTAgent32.exe, Playback - [IMAGE] C:\Users\testuser\AppData\Local\Temp\UITestLogs\LastRun\RPF8A1C.png
\0
W, 3504, 17, 2013/05/23, 18:55:29.212, 2916911967683, QTAgent32.exe, Playback - [WARNING] Internal warning: Couldn't find descendants that match QueryId
\0
W, 3504, 17, 2013/05/23, 18:55:29.213, 2916911970808, QTAgent32.exe, PERF WARNING: FindTopLevelWindowHelper::FindAllDescendents: took 2035 ms. Expected it to take maximum 500 ms.
W, 3504, 17, 2013/05/23, 18:55:30.336, 2916928063931, QTAgent32.exe, Playback - [WARNING] Internal warning: Incorrect flag set for InvokeProgrammaticAction\0
W, 3504, 17, 2013/05/23, 18:55:30.458, 2916929801757, QTAgent32.exe, &lt;a class=success&gt;Playback - {27} [SUCCESS] SetValueAsComboBox "Customers" - "[MSAA, VisibleOnly]ControlType='ComboBox'"  &lt; SetValueAsComboBox, set by clicking on the item in the list box &gt;
\0&lt;/a&gt;
W, 3504, 17, 2013/05/23, 18:55:31.028, 2916937956897, QTAgent32.exe, &lt;a class=success&gt;Playback - {28} [SUCCESS] MouseButtonClick - "[MSAA, VisibleOnly]ControlType='Button' &amp;&amp; Name='Add'"
\0&lt;/a&gt;
W, 3504, 17, 2013/05/23, 18:55:31.957, 2916951268557, QTAgent32.exe, &lt;a class=success&gt;Playback - {29} [SUCCESS] SendKeys "autotest" - "[MSAA, VisibleOnly]ControlType='RadioButton' &amp;&amp; Name='Personal Lines'"
\0&lt;/a&gt;
W, 3504, 17, 2013/05/23, 18:55:33.120, 2916967914930, QTAgent32.exe, &lt;a class=success&gt;Playback - {30} [SUCCESS] SetValueAsEditBox "autotest" - "[MSAA, VisibleOnly]ControlType='Edit'"  &lt; Set via SendKeys &gt;
\0&lt;/a&gt;
W, 3504, 17, 2013/05/23, 18:55:33.526, 2916973738132, QTAgent32.exe, &lt;a class=success&gt;Playback - {31} [SUCCESS] MouseButtonClick - "[MSAA, VisibleOnly]ControlType='Button' &amp;&amp; Name='OK'"
\0&lt;/a&gt;
W, 3504, 17, 2013/05/23, 18:55:33.764, 2916977148022, QTAgent32.exe, &lt;a class=success&gt;Playback - {32} [SUCCESS] MouseButtonClick - "[MSAA, VisibleOnly]ControlType='Button' &amp;&amp; Name='Yes'"
\0&lt;/a&gt;
W, 3504, 17, 2013/05/23, 18:55:34.469, 2916987240533, QTAgent32.exe, &lt;a class=success&gt;Playback - {33} [SUCCESS] SendKeys "^{HOME}" - "[MSAA, VisibleOnly]ControlType='Edit'"
\0&lt;/a&gt;
E, 3504, 17, 2013/05/23, 18:55:34.470, 2916987244266, QTAgent32.exe, Msaa.GetFocusedElement: could not find accessible object of foreground window
W, 3504, 17, 2013/05/23, 18:55:34.535, 2916988184675, QTAgent32.exe, &lt;a class=success&gt;Playback - {34} [SUCCESS] SendKeys "^+{END}" - "[MSAA, VisibleOnly]ControlType='Edit'"
\0&lt;/a&gt;
E, 3504, 17, 2013/05/23, 18:55:34.535, 2916988187996, QTAgent32.exe, Msaa.GetFocusedElement: could not find accessible object of foreground window
W, 3504, 17, 2013/05/23, 18:55:34.551, 2916988407777, QTAgent32.exe, &lt;a class=success&gt;Playback - {35} [SUCCESS] SendKeys "{DELETE}" - "[MSAA, VisibleOnly]ControlType='Edit'"
\0&lt;/a&gt;
W, 3504, 17, 2013/05/23, 18:55:34.961, 2916994279635, QTAgent32.exe, &lt;a class=success&gt;Playback - {36} [SUCCESS] SetValueAsEditBox "1" - "[MSAA, VisibleOnly]ControlType='Edit'"  &lt; Set via SendKeys &gt;
\0&lt;/a&gt;
W, 3504, 17, 2013/05/23, 18:55:35.618, 2917003679340, QTAgent32.exe, &lt;a class=success&gt;Playback - {37} [SUCCESS] SendKeys "^{HOME}" - "[MSAA, VisibleOnly]ControlType='Edit'"
\0&lt;/a&gt;
E, 3504, 17, 2013/05/23, 18:55:35.618, 2917003682294, QTAgent32.exe, Msaa.GetFocusedElement: could not find accessible object of foreground window
W, 3504, 17, 2013/05/23, 18:55:35.674, 2917004480918, QTAgent32.exe, &lt;a class=success&gt;Playback - {38} [SUCCESS] SendKeys "^+{END}" - "[MSAA, VisibleOnly]ControlType='Edit'"
\0&lt;/a&gt;
E, 3504, 17, 2013/05/23, 18:55:35.674, 2917004484196, QTAgent32.exe, Msaa.GetFocusedElement: could not find accessible object of foreground window
W, 3504, 17, 2013/05/23, 18:55:35.689, 2917004704799, QTAgent32.exe, &lt;a class=success&gt;Playback - {39} [SUCCESS] SendKeys "{DELETE}" - "[MSAA, VisibleOnly]ControlType='Edit'"
\0&lt;/a&gt;
W, 3504, 17, 2013/05/23, 18:55:36.145, 2917011232215, QTAgent32.exe, &lt;a class=success&gt;Playback - {40} [SUCCESS] SetValueAsEditBox "1" - "[MSAA, VisibleOnly]ControlType='Edit'"  &lt; Set via SendKeys &gt;
\0&lt;/a&gt;
W, 3504, 17, 2013/05/23, 18:55:37.771, 2917034514242, QTAgent32.exe, Playback - [WARNING] Internal warning: Target element "[MSAA, VisibleOnly]ControlType='Button' &amp;&amp; Name='OK'" was not found, so all intermediate elements were ignored. An incorrect element that matches target element Id can be found as the result.  Verify that all intermediate elements in QueryId have valid and unique Ids
\0
W, 3504, 17, 2013/05/23, 18:55:38.306, 2917042177524, QTAgent32.exe, PERF WARNING: FindAllDescendents: took 2046 ms. Expected it to take maximum 500 ms.
W, 3504, 17, 2013/05/23, 18:55:38.602, 2917046408718, QTAgent32.exe, &lt;a class=success&gt;Playback - {41} [SUCCESS] MouseButtonClick - "[MSAA, VisibleOnly]ControlType='Button' &amp;&amp; Name='OK'"
\0&lt;/a&gt;
W, 3504, 17, 2013/05/23, 18:55:38.999, 2917052087728, QTAgent32.exe, &lt;a class=success&gt;Playback - {42} [SUCCESS] MouseButtonClick - "[MSAA, VisibleOnly]ControlType='Button'"
\0&lt;/a&gt;
W, 3504, 17, 2013/05/23, 18:55:39.391, 2917057700587, QTAgent32.exe, &lt;a class=success&gt;Playback - {43} [SUCCESS] MouseButtonClick - "[MSAA, VisibleOnly]ControlType='Button' &amp;&amp; Name='Add'"
\0&lt;/a&gt;
W, 3504, 17, 2013/05/23, 18:55:39.743, 2917062743772, QTAgent32.exe, &lt;a class=success&gt;Playback - {44} [SUCCESS] MouseButtonClick - "[MSAA, VisibleOnly]ControlType='Button' &amp;&amp; Name='OK'"
\0&lt;/a&gt;
W, 3504, 17, 2013/05/23, 18:55:42.009, 2917095197769, QTAgent32.exe, &lt;a class=success&gt;Playback - {45} [SUCCESS] MouseButtonClick - "[MSAA, VisibleOnly,Window]ControlType='Window' &amp;&amp; ClassName='ThunderRT6TextBox'"
\0&lt;/a&gt;
W, 3504, 17, 2013/05/23, 18:55:42.996, 2917109318150, QTAgent32.exe, &lt;a class=success&gt;Playback - {46} [SUCCESS] SetValueAsEditBox "HOME" - "[MSAA, VisibleOnly]ControlType='Edit'"  &lt; Set via SendKeys &gt;
\0&lt;/a&gt;
W, 3504, 17, 2013/05/23, 18:55:43.368, 2917114654962, QTAgent32.exe, &lt;a class=success&gt;Playback - {47} [SUCCESS] MouseButtonClick - "[MSAA, VisibleOnly]ControlType='Button' &amp;&amp; Name='OK'"
\0&lt;/a&gt;
W, 3504, 17, 2013/05/23, 18:55:43.618, 2917118221363, QTAgent32.exe, &lt;a class=success&gt;Playback - {48} [SUCCESS] MouseButtonClick - "[MSAA, VisibleOnly]ControlType='Button' &amp;&amp; Name='Options'"
\0&lt;/a&gt;
W, 3504, 17, 2013/05/23, 18:55:43.720, 2917119683139, QTAgent32.exe, FindScreenElementInSinglePass : Attempting to find control in one pass of search. Failures can occur.
W, 3504, 17, 2013/05/23, 18:55:44.276, 2917127646913, QTAgent32.exe, &lt;a class=success&gt;Playback - {49} [SUCCESS] MouseButtonClick - "[MSAA]ControlType='MenuItem' &amp;&amp; Name='Links'"
\0&lt;/a&gt;
W, 3504, 17, 2013/05/23, 18:55:44.378, 2917129111159, QTAgent32.exe, FindScreenElementInSinglePass : Attempting to find control in one pass of search. Failures can occur.
W, 3504, 17, 2013/05/23, 18:55:44.936, 2917137105238, QTAgent32.exe, &lt;a class=success&gt;Playback - {50} [SUCCESS] MouseButtonClick - "[MSAA]ControlType='MenuItem' &amp;&amp; Name='3rd Party Integration'"
\0&lt;/a&gt;
W, 3504, 17, 2013/05/23, 18:55:45.037, 2917138542005, QTAgent32.exe, FindScreenElementInSinglePass : Attempting to find control in one pass of search. Failures can occur.
W, 3504, 17, 2013/05/23, 18:55:45.593, 2917146505928, QTAgent32.exe, &lt;a class=success&gt;Playback - {51} [SUCCESS] MouseButtonClick - "[MSAA]ControlType='MenuItem' &amp;&amp; Name='Quote Select List'"
\0&lt;/a&gt;
W, 3504, 17, 2013/05/23, 18:55:46.159, 2917154617636, QTAgent32.exe, Playback - [WARNING] Internal warning: Window Not Found: [VisibleOnly]ControlType='Window' &amp;&amp; Name='Current Or Future' &amp;&amp; ClassName='TfCurrentOrFuture'
\0
E, 3504, 17, 2013/05/23, 18:55:46.159, 2917154621269, QTAgent32.exe, &lt;a class=failure&gt;Playback - {52} [FAILED] Function ElementFetcher::FindScreenElement failed to locate UI element (Searching: ;[VisibleOnly]ControlType='Window' &amp;&amp; Name='Current Or Future' &amp;&amp; ClassName='TfCurrentOrFuture') (The object specified was not found.)
\0&lt;/a&gt;
E, 3504, 17, 2013/05/23, 18:55:46.271, 2917156221124, QTAgent32.exe, Playback - [IMAGE] C:\Users\testuser\AppData\Local\Temp\UITestLogs\LastRun\RPFCCD7.png
\0
W, 3504, 17, 2013/05/23, 18:55:46.271, 2917156223548, QTAgent32.exe, Playback - [WARNING] Internal warning: Couldn't find descendants that match QueryId
\0
W, 3504, 17, 2013/05/23, 18:55:46.272, 2917156226617, QTAgent32.exe, PERF WARNING: FindTopLevelWindowHelper::FindAllDescendents: took 578 ms. Expected it to take maximum 500 ms.
W, 3504, 17, 2013/05/23, 18:55:48.493, 2917188025309, QTAgent32.exe, PERF WARNING: FindTopLevelWindowHelper::FindAllDescendents: took 2220 ms. Expected it to take maximum 500 ms.
W, 3504, 17, 2013/05/23, 18:55:48.817, 2917192664335, QTAgent32.exe, &lt;a class=success&gt;Playback - {53} [SUCCESS] MouseButtonClick - "[MSAA, VisibleOnly]ControlType='Button' &amp;&amp; Name='Ok'"
\0&lt;/a&gt;
W, 3504, 17, 2013/05/23, 18:55:52.249, 2917241811593, QTAgent32.exe, PERF WARNING: FindTopLevelWindowHelper::FindAllDescendents: took 3300 ms. Expected it to take maximum 500 ms.
W, 3504, 17, 2013/05/23, 18:55:52.837, 2917250233421, QTAgent32.exe, &lt;a class=success&gt;Playback - {54} [SUCCESS] SendKeys "^{HOME}" - "[MSAA, VisibleOnly]ControlType='Edit'"
\0&lt;/a&gt;
E, 3504, 17, 2013/05/23, 18:55:52.838, 2917250237280, QTAgent32.exe, Msaa.GetFocusedElement: could not find accessible object of foreground window
W, 3504, 17, 2013/05/23, 18:55:52.897, 2917251092118, QTAgent32.exe, &lt;a class=success&gt;Playback - {55} [SUCCESS] SendKeys "^+{END}" - "[MSAA, VisibleOnly]ControlType='Edit'"
\0&lt;/a&gt;
E, 3504, 17, 2013/05/23, 18:55:52.897, 2917251095056, QTAgent32.exe, Msaa.GetFocusedElement: could not find accessible object of foreground window
W, 3504, 17, 2013/05/23, 18:55:52.912, 2917251300751, QTAgent32.exe, &lt;a class=success&gt;Playback - {56} [SUCCESS] SendKeys "{DELETE}" - "[MSAA, VisibleOnly]ControlType='Edit'"
\0&lt;/a&gt;
W, 3504, 17, 2013/05/23, 18:55:53.716, 2917262817323, QTAgent32.exe, &lt;a class=success&gt;Playback - {57} [SUCCESS] SetValueAsEditBox "30/05/13" - "[MSAA, VisibleOnly]ControlType='Edit'"  &lt; Set via SendKeys &gt;
\0&lt;/a&gt;
W, 3504, 17, 2013/05/23, 18:55:54.489, 2917273890307, QTAgent32.exe, &lt;a class=success&gt;Playback - {58} [SUCCESS] SetValueAsEditBox "test1" - "[MSAA, VisibleOnly]ControlType='Edit'"  &lt; Set via SendKeys &gt;
\0&lt;/a&gt;
W, 3504, 17, 2013/05/23, 18:55:55.293, 2917285388439, QTAgent32.exe, &lt;a class=success&gt;Playback - {59} [SUCCESS] SetValueAsEditBox "test" - "[MSAA, VisibleOnly]ControlType='Edit'"  &lt; Set via SendKeys &gt;
\0&lt;/a&gt;
W, 3504, 17, 2013/05/23, 18:55:55.744, 2917291846207, QTAgent32.exe, &lt;a class=success&gt;Playback - {60} [SUCCESS] SendKeys "^{HOME}" - "[MSAA, VisibleOnly]ControlType='Edit'"
\0&lt;/a&gt;
E, 3504, 17, 2013/05/23, 18:55:55.744, 2917291849624, QTAgent32.exe, Msaa.GetFocusedElement: could not find accessible object of foreground window
W, 3504, 17, 2013/05/23, 18:55:55.802, 2917292684311, QTAgent32.exe, &lt;a class=success&gt;Playback - {61} [SUCCESS] SendKeys "^+{END}" - "[MSAA, VisibleOnly]ControlType='Edit'"
\0&lt;/a&gt;
E, 3504, 17, 2013/05/23, 18:55:55.802, 2917292687729, QTAgent32.exe, Msaa.GetFocusedElement: could not find accessible object of foreground window
W, 3504, 17, 2013/05/23, 18:55:55.819, 2917292922507, QTAgent32.exe, &lt;a class=success&gt;Playback - {62} [SUCCESS] SendKeys "{DELETE}" - "[MSAA, VisibleOnly]ControlType='Edit'"
\0&lt;/a&gt;
W, 3504, 17, 2013/05/23, 18:55:56.206, 2917298470254, QTAgent32.exe, &lt;a class=success&gt;Playback - {63} [SUCCESS] SetValueAsEditBox "test" - "[MSAA, VisibleOnly]ControlType='Edit'"  &lt; Set via SendKeys &gt;
\0&lt;/a&gt;
W, 3504, 17, 2013/05/23, 18:55:57.055, 2917310621532, QTAgent32.exe, Playback - [WARNING] Internal warning: Incorrect flag set for InvokeProgrammaticAction\0
W, 3504, 17, 2013/05/23, 18:55:57.186, 2917312498100, QTAgent32.exe, &lt;a class=success&gt;Playback - {64} [SUCCESS] SetValueAsComboBox "Account Director" - "[MSAA, VisibleOnly]ControlType='ComboBox'"  &lt; SetValueAsComboBox, set by clicking on the item in the list box &gt;
\0&lt;/a&gt;
W, 3504, 17, 2013/05/23, 18:55:58.019, 2917324427621, QTAgent32.exe, Playback - [WARNING] Internal warning: Incorrect flag set for InvokeProgrammaticAction\0
W, 3504, 17, 2013/05/23, 18:55:58.141, 2917326169831, QTAgent32.exe, &lt;a class=success&gt;Playback - {65} [SUCCESS] SetValueAsComboBox "Advertising" - "[MSAA, VisibleOnly]ControlType='ComboBox'"  &lt; SetValueAsComboBox, set by clicking on the item in the list box &gt;
\0&lt;/a&gt;
W, 3504, 17, 2013/05/23, 18:55:58.960, 2917337900284, QTAgent32.exe, &lt;a class=success&gt;Playback - {66} [SUCCESS] SetValueAsEditBox "160589" - "[MSAA, VisibleOnly]ControlType='Edit'"  &lt; Set via SendKeys &gt;
\0&lt;/a&gt;
W, 3504, 17, 2013/05/23, 18:55:59.190, 2917341184851, QTAgent32.exe, &lt;a class=success&gt;Playback - {67} [SUCCESS] MouseButtonClick - "[MSAA, VisibleOnly]ControlType='Edit'"
\0&lt;/a&gt;
W, 3504, 17, 2013/05/23, 18:56:00.050, 2917353501760, QTAgent32.exe, &lt;a class=success&gt;Playback - {68} [SUCCESS] SetValueAsEditBox "BN16BN" - "[MSAA, VisibleOnly]ControlType='Edit'"  &lt; Set via SendKeys &gt;
\0&lt;/a&gt;
W, 3504, 17, 2013/05/23, 18:56:02.283, 2917385486146, QTAgent32.exe, &lt;a class=success&gt;Playback - {69} [SUCCESS] MouseButtonClick - "[MSAA, VisibleOnly]ControlType='Button' &amp;&amp; Name='Lookup...'"
\0&lt;/a&gt;
W, 3504, 17, 2013/05/23, 18:56:02.565, 2917389519162, QTAgent32.exe, &lt;a class=success&gt;Playback - {70} [SUCCESS] MouseButtonClick - "[MSAA, VisibleOnly]ControlType='Button' &amp;&amp; Name='Ok'"
\0&lt;/a&gt;
W, 3504, 17, 2013/05/23, 18:56:02.892, 2917394196674, QTAgent32.exe, &lt;a class=success&gt;Playback - {71} [SUCCESS] MouseButtonClick - "[MSAA, VisibleOnly]ControlType='Button' &amp;&amp; Name='Next &gt;'"
\0&lt;/a&gt;
W, 3504, 17, 2013/05/23, 18:56:04.070, 2917411062863, QTAgent32.exe, &lt;a class=success&gt;Playback - {72} [SUCCESS] SetValueAsEditBox "1989" - "[MSAA, VisibleOnly]ControlType='Edit'"  &lt; Set via SendKeys &gt;
\0&lt;/a&gt;
W, 3504, 17, 2013/05/23, 18:56:04.394, 2917415698698, QTAgent32.exe, &lt;a class=success&gt;Playback - {73} [SUCCESS] MouseButtonClick - "[MSAA, VisibleOnly]ControlType='Button' &amp;&amp; Name='Next &gt;'"
\0&lt;/a&gt;
W, 3504, 17, 2013/05/23, 18:56:04.635, 2917419157167, QTAgent32.exe, &lt;a class=success&gt;Playback - {74} [SUCCESS] MouseButtonClick - "[MSAA, VisibleOnly]ControlType='Button' &amp;&amp; Name='Next &gt;'"
\0&lt;/a&gt;
W, 3504, 17, 2013/05/23, 18:56:04.869, 2917422511621, QTAgent32.exe, &lt;a class=success&gt;Playback - {75} [SUCCESS] MouseButtonClick - "[MSAA, VisibleOnly]ControlType='Button' &amp;&amp; Name='Next &gt;'"
\0&lt;/a&gt;
W, 3504, 17, 2013/05/23, 18:56:05.975, 2917438350085, QTAgent32.exe, &lt;a class=success&gt;Playback - {76} [SUCCESS] SetValueAsEditBox "2345" - "[MSAA, VisibleOnly]ControlType='Edit'"  &lt; Set via SendKeys &gt;
\0&lt;/a&gt;
W, 3504, 17, 2013/05/23, 18:56:07.040, 2917453584057, QTAgent32.exe, &lt;a class=success&gt;Playback - {77} [SUCCESS] SetValueAsEditBox "2000" - "[MSAA, VisibleOnly]ControlType='Edit'"  &lt; Set via SendKeys &gt;
\0&lt;/a&gt;
W, 3504, 17, 2013/05/23, 18:56:08.200, 2917470203360, QTAgent32.exe, &lt;a class=success&gt;Playback - {78} [SUCCESS] SetValueAsEditBox "2000" - "[MSAA, VisibleOnly]ControlType='Edit'"  &lt; Set via SendKeys &gt;
\0&lt;/a&gt;
W, 3504, 17, 2013/05/23, 18:56:08.423, 2917473387388, QTAgent32.exe, &lt;a class=success&gt;Playback - {79} [SUCCESS] MouseButtonClick - "[MSAA, VisibleOnly]ControlType='Button' &amp;&amp; Name='Next &gt;'"
\0&lt;/a&gt;
W, 3504, 17, 2013/05/23, 18:56:09.608, 2917490359466, QTAgent32.exe, &lt;a class=success&gt;Playback - {80} [SUCCESS] SetValueAsEditBox "2345" - "[MSAA, VisibleOnly]ControlType='Edit'"  &lt; Set via SendKeys &gt;
\0&lt;/a&gt;
W, 3504, 17, 2013/05/23, 18:56:09.863, 2917494020353, QTAgent32.exe, &lt;a class=success&gt;Playback - {81} [SUCCESS] MouseButtonClick - "[MSAA, VisibleOnly]ControlType='Button' &amp;&amp; Name='Next &gt;'"
\0&lt;/a&gt;
W, 3504, 17, 2013/05/23, 18:56:10.141, 2917498003224, QTAgent32.exe, &lt;a class=success&gt;Playback - {82} [SUCCESS] MouseButtonClick - "[MSAA, VisibleOnly]ControlType='Button' &amp;&amp; Name='Next &gt;'"
\0&lt;/a&gt;
W, 3504, 17, 2013/05/23, 18:56:10.504, 2917503186116, QTAgent32.exe, &lt;a class=success&gt;Playback - {83} [SUCCESS] MouseButtonClick - "[MSAA, VisibleOnly]ControlType='Button' &amp;&amp; Name='Quote'"
\0&lt;/a&gt;
W, 3504, 17, 2013/05/23, 18:56:10.746, 2917506645732, QTAgent32.exe, &lt;a class=success&gt;Playback - {84} [SUCCESS] MouseButtonClick - "[MSAA, VisibleOnly]ControlType='Button' &amp;&amp; Name='No'"
\0&lt;/a&gt;
W, 3504, 17, 2013/05/23, 18:56:11.222, 2917513467425, QTAgent32.exe, &lt;a class=success&gt;Playback - {85} [SUCCESS] MouseButtonClick - "[MSAA, VisibleOnly]ControlType='Button' &amp;&amp; Name='Ok'"
\0&lt;/a&gt;
W, 3504, 17, 2013/05/23, 18:56:11.604, 2917518931718, QTAgent32.exe, Playback - [WARNING] Internal warning: The window that the search started from became invalid
\0
W, 3504, 17, 2013/05/23, 18:56:14.771, 2917564284239, QTAgent32.exe, PERF WARNING: FindTopLevelWindowHelper::FindAllDescendents: took 3448 ms. Expected it to take maximum 500 ms.
W, 3504, 17, 2013/05/23, 18:56:14.914, 2917566328018, QTAgent32.exe, &lt;a class=success&gt;Playback - {86} [SUCCESS] MouseButtonClick - "[MSAA, VisibleOnly]ControlType='Client'"
\0&lt;/a&gt;
W, 3504, 17, 2013/05/23, 18:56:16.932, 2917595222947, QTAgent32.exe, &lt;a class=success&gt;Playback - {87} [SUCCESS] SendKeys "{Home}" - "[MSAA, VisibleOnly]ControlType='Client'"
\0&lt;/a&gt;
W, 3504, 17, 2013/05/23, 18:56:18.606, 2917619187704, QTAgent32.exe, PERF WARNING: FindAllDescendents: took 562 ms. Expected it to take maximum 500 ms.
W, 3504, 17, 2013/05/23, 18:56:18.793, 2917621874138, QTAgent32.exe, &lt;a class=success&gt;Playback - {88} [SUCCESS] MouseButtonClick - "[MSAA, VisibleOnly]ControlType='Button' &amp;&amp; Name='Accept'"
\0&lt;/a&gt;
W, 3504, 17, 2013/05/23, 18:56:21.040, 2917654040909, QTAgent32.exe, &lt;a class=success&gt;Playback - {89} [SUCCESS] MouseButtonClick - "[MSAA, VisibleOnly]ControlType='Button' &amp;&amp; Name='Yes'"
\0&lt;/a&gt;
W, 3504, 17, 2013/05/23, 18:56:32.645, 2917820214233, QTAgent32.exe, Playback - [WARNING] Internal warning: Window Not Found: [VisibleOnly]ControlType='Window' &amp;&amp; Name='Broker Add-ons' &amp;&amp; ClassName='ThunderRT6FormDC'
\0
E, 3504, 17, 2013/05/23, 18:56:32.646, 2917820221437, QTAgent32.exe, &lt;a class=failure&gt;Playback - {90} [FAILED] Function ElementFetcher::FindScreenElement failed to locate UI element (Searching: ;[VisibleOnly]ControlType='Window' &amp;&amp; Name='Broker Add-ons' &amp;&amp; ClassName='ThunderRT6FormDC') (The object specified was not found.)
\0&lt;/a&gt;
E, 3504, 17, 2013/05/23, 18:56:32.734, 2917821476542, QTAgent32.exe, Playback - [IMAGE] C:\Users\testuser\AppData\Local\Temp\UITestLogs\LastRun\RPF8271.png
\0
W, 3504, 17, 2013/05/23, 18:56:32.734, 2917821478977, QTAgent32.exe, Playback - [WARNING] Internal warning: Couldn't find descendants that match QueryId
\0
W, 3504, 17, 2013/05/23, 18:56:32.734, 2917821485852, QTAgent32.exe, PERF WARNING: FindTopLevelWindowHelper::FindAllDescendents: took 11529 ms. Expected it to take maximum 500 ms.
W, 3504, 17, 2013/05/23, 18:56:51.978, 2918097024697, QTAgent32.exe, Playback - [WARNING] Internal warning: Window Not Found: [VisibleOnly]ControlType='Window' &amp;&amp; Name='Broker Add-ons' &amp;&amp; ClassName='ThunderRT6FormDC'
\0
E, 3504, 17, 2013/05/23, 18:56:51.979, 2918097032454, QTAgent32.exe, &lt;a class=failure&gt;Playback - {91} [FAILED] Function ElementFetcher::FindScreenElement failed to locate UI element (Searching: ;[VisibleOnly]ControlType='Window' &amp;&amp; Name='Broker Add-ons' &amp;&amp; ClassName='ThunderRT6FormDC') (The object specified was not found.)
\0&lt;/a&gt;
E, 3504, 17, 2013/05/23, 18:56:52.070, 2918098345635, QTAgent32.exe, Playback - [IMAGE] C:\Users\testuser\AppData\Local\Temp\UITestLogs\LastRun\RPFCDF2.png
\0
W, 3504, 17, 2013/05/23, 18:56:52.071, 2918098348408, QTAgent32.exe, Playback - [WARNING] Internal warning: Couldn't find descendants that match QueryId
\0
W, 3504, 17, 2013/05/23, 18:56:52.071, 2918098357013, QTAgent32.exe, PERF WARNING: FindTopLevelWindowHelper::FindAllDescendents: took 19334 ms. Expected it to take maximum 500 ms.
W, 3504, 17, 2013/05/23, 18:56:54.767, 2918136948962, QTAgent32.exe, Playback - [WARNING] Internal warning: Smart Match failed
\0
W, 3504, 17, 2013/05/23, 18:56:56.150, 2918156751436, QTAgent32.exe, Playback - [WARNING] Internal warning: Window Not Found: [VisibleOnly]ControlType='Window' &amp;&amp; Name='Broker Add-ons' &amp;&amp; ClassName='ThunderRT6FormDC'
\0
E, 3504, 17, 2013/05/23, 18:56:56.150, 2918156755826, QTAgent32.exe, &lt;a class=failure&gt;Playback - {92} [FAILED] Function ElementFetcher::FindScreenElement failed to locate UI element (Searching: ;[VisibleOnly]ControlType='Window' &amp;&amp; Name='Broker Add-ons' &amp;&amp; ClassName='ThunderRT6FormDC') (The object specified was not found.)
\0&lt;/a&gt;
E, 3504, 17, 2013/05/23, 18:56:56.242, 2918158073699, QTAgent32.exe, Playback - [IMAGE] C:\Users\testuser\AppData\Local\Temp\UITestLogs\LastRun\RPFDE48.png
\0
W, 3504, 17, 2013/05/23, 18:56:56.242, 2918158076138, QTAgent32.exe, Playback - [WARNING] Internal warning: Couldn't find descendants that match QueryId
\0
W, 3504, 17, 2013/05/23, 18:56:56.242, 2918158080603, QTAgent32.exe, PERF WARNING: FindTopLevelWindowHelper::FindAllDescendents: took 4170 ms. Expected it to take maximum 500 ms.
E, 3504, 17, 2013/05/23, 18:56:56.243, 2918158083143, QTAgent32.exe, Exception: System.Runtime.InteropServices.COMException
	Message: Error HRESULT E_FAIL has been returned from a call to a COM component.
	Stack Trace:    at Microsoft.VisualStudio.TestTools.UITest.Playback.Engine.IRPFPlayback.FindAllScreenElements(IScreenElement pScreenElementStart, String bstrQueryId, Object&amp; pvarResKeys, Int32 cResKeys, Int32 nMaxDepth, Object[]&amp; foundDescendants)
   at Microsoft.VisualStudio.TestTools.UITest.Playback.ScreenElement.FindTopLevelWindowHelper(String queryId)
	BaseExceptionMessage: Error HRESULT E_FAIL has been returned from a call to a COM component.

E, 3504, 17, 2013/05/23, 18:56:56.344, 2918159534356, QTAgent32.exe, AL: Playback Error: Microsoft.VisualStudio.TestTools.UITest.Extension.UITestControlNotFoundException: The playback failed to find the control with the given search properties. Additional Details: 
TechnologyName:  'MSAA'
ControlType:  'Window'
Name:  'Broker Add-ons'
ClassName:  'ThunderRT6FormDC'
 ---&gt; System.Runtime.InteropServices.COMException: Error HRESULT E_FAIL has been returned from a call to a COM component.
   at Microsoft.VisualStudio.TestTools.UITest.Playback.Engine.IRPFPlayback.FindAllScreenElements(IScreenElement pScreenElementStart, String bstrQueryId, Object&amp; pvarResKeys, Int32 cResKeys, Int32 nMaxDepth, Object[]&amp; foundDescendants)
   at Microsoft.VisualStudio.TestTools.UITest.Playback.ScreenElement.FindTopLevelWindowHelper(String queryId)
   at Microsoft.VisualStudio.TestTools.UITest.Playback.ScreenElement.FindFromPartialQueryId(String queryId)
   at Microsoft.VisualStudio.TestTools.UITesting.UITestControl..ctor(String queryId)
   --- End of inner exception stack trace ---
   at Microsoft.VisualStudio.TestTools.UITesting.Playback.MapControlNotFoundException(COMException ex, IPlaybackContext context)
   at Microsoft.VisualStudio.TestTools.UITesting.Playback.MapAndThrowComException(COMException innerException, IPlaybackContext context)
   at Microsoft.VisualStudio.TestTools.UITesting.Playback.MapAndThrowException(SystemException exception, IPlaybackContext context)
   at Microsoft.VisualStudio.TestTools.UITesting.Playback.MapAndThrowException(SystemException exception, String queryId)
   at Microsoft.VisualStudio.TestTools.UITesting.UITestControl..ctor(String queryId)
   at Microsoft.VisualStudio.TestTools.UITesting.SearchHelper.SearchTopLevelWindow(ISearchArgument topLevelSearchArg, String topLevelElementQueryId)
   at Microsoft.VisualStudio.TestTools.UITesting.SearchHelper.GetTitleUpdatedTopLevelWindow(ISearchArgument topLevelSearchArg, String queryId, IList`1 windowTitles)
   at Microsoft.VisualStudio.TestTools.UITesting.SearchHelper.GetTopLevelElement(Boolean useCache, Boolean useCacheOnly, ISearchArgument searchArg, IList`1 windowTitles, Int32&amp; timeLeft)
   at Microsoft.VisualStudio.TestTools.UITesting.SearchHelper.GetElement(Boolean useCache, ISearchArgument searchArg)
   at Microsoft.VisualStudio.TestTools.UITesting.SearchHelper.Search(ISearchArgument searchArg)
   at Microsoft.VisualStudio.TestTools.UITesting.UITestControl.FindInternal()
   at Microsoft.VisualStudio.TestTools.UITesting.UITestControl.FindControlIfNecessary()
   at Microsoft.VisualStudio.TestTools.UITesting.UITestControl.Click(MouseButtons button, ModifierKeys modifierKeys, Point relativeCoordinates)
   at Microsoft.VisualStudio.TestTools.UITesting.Mouse.ClickImplementation(UITestControl control, MouseButtons button, ModifierKeys modifierKeys, Point relativeCoordinate)
   at Microsoft.VisualStudio.TestTools.UITesting.Mouse.ClickImplementationWrapper(UITestControl control, MouseButtons button, ModifierKeys modifierKeys, Point relativeCoordinate)
W, 3504, 17, 2013/05/23, 18:56:56.344, 2918159538000, QTAgent32.exe, PlaybackErrorHandler: Ignoring exception as ContinueOnError is set.
W, 3504, 17, 2013/05/23, 18:57:03.991, 2918269023654, QTAgent32.exe, Playback - [WARNING] Internal warning: Window Not Found: [VisibleOnly]ControlType='Window' &amp;&amp; Name='Save the file as' &amp;&amp; ClassName='#32770'
\0
E, 3504, 17, 2013/05/23, 18:57:03.991, 2918269029059, QTAgent32.exe, &lt;a class=failure&gt;Playback - {93} [FAILED] Function ElementFetcher::FindScreenElement failed to locate UI element (Searching: ;[VisibleOnly]ControlType='Window' &amp;&amp; Name='Save the file as' &amp;&amp; ClassName='#32770') (The object specified was not found.)
\0&lt;/a&gt;
E, 3504, 17, 2013/05/23, 18:57:04.082, 2918270331216, QTAgent32.exe, Playback - [IMAGE] C:\Users\testuser\AppData\Local\Temp\UITestLogs\LastRun\RPFFCE0.png
\0
W, 3504, 17, 2013/05/23, 18:57:04.082, 2918270333565, QTAgent32.exe, Playback - [WARNING] Internal warning: Couldn't find descendants that match QueryId
\0
W, 3504, 17, 2013/05/23, 18:57:04.083, 2918270338993, QTAgent32.exe, PERF WARNING: FindTopLevelWindowHelper::FindAllDescendents: took 7737 ms. Expected it to take maximum 500 ms.
W, 3504, 17, 2013/05/23, 18:57:23.314, 2918545692205, QTAgent32.exe, Playback - [WARNING] Internal warning: Window Not Found: [VisibleOnly]ControlType='Window' &amp;&amp; Name='Save the file as' &amp;&amp; ClassName='#32770'
\0
E, 3504, 17, 2013/05/23, 18:57:23.314, 2918545697732, QTAgent32.exe, &lt;a class=failure&gt;Playback - {94} [FAILED] Function ElementFetcher::FindScreenElement failed to locate UI element (Searching: ;[VisibleOnly]ControlType='Window' &amp;&amp; Name='Save the file as' &amp;&amp; ClassName='#32770') (The object specified was not found.)
\0&lt;/a&gt;
E, 3504, 17, 2013/05/23, 18:57:23.404, 2918546984494, QTAgent32.exe, Playback - [IMAGE] C:\Users\testuser\AppData\Local\Temp\UITestLogs\LastRun\RPF4862.png
\0
W, 3504, 17, 2013/05/23, 18:57:23.404, 2918546987161, QTAgent32.exe, Playback - [WARNING] Internal warning: Couldn't find descendants that match QueryId
\0
W, 3504, 17, 2013/05/23, 18:57:23.404, 2918546990627, QTAgent32.exe, PERF WARNING: FindTopLevelWindowHelper::FindAllDescendents: took 19321 ms. Expected it to take maximum 500 ms.
W, 3504, 17, 2013/05/23, 18:57:26.081, 2918585306665, QTAgent32.exe, Playback - [WARNING] Internal warning: Smart Match failed
\0
W, 3504, 17, 2013/05/23, 18:57:27.458, 2918605030467, QTAgent32.exe, Playback - [WARNING] Internal warning: Window Not Found: [VisibleOnly]ControlType='Window' &amp;&amp; Name='Save the file as' &amp;&amp; ClassName='#32770'
\0
E, 3504, 17, 2013/05/23, 18:57:27.458, 2918605034266, QTAgent32.exe, &lt;a class=failure&gt;Playback - {95} [FAILED] Function ElementFetcher::FindScreenElement failed to locate UI element (Searching: ;[VisibleOnly]ControlType='Window' &amp;&amp; Name='Save the file as' &amp;&amp; ClassName='#32770') (The object specified was not found.)
\0&lt;/a&gt;
E, 3504, 17, 2013/05/23, 18:57:27.539, 2918606190864, QTAgent32.exe, Playback - [IMAGE] C:\Users\testuser\AppData\Local\Temp\UITestLogs\LastRun\RPF5898.png
\0
W, 3504, 17, 2013/05/23, 18:57:27.539, 2918606193262, QTAgent32.exe, Playback - [WARNING] Internal warning: Couldn't find descendants that match QueryId
\0
W, 3504, 17, 2013/05/23, 18:57:27.539, 2918606196609, QTAgent32.exe, PERF WARNING: FindTopLevelWindowHelper::FindAllDescendents: took 4134 ms. Expected it to take maximum 500 ms.
E, 3504, 17, 2013/05/23, 18:57:27.540, 2918606198819, QTAgent32.exe, Exception: System.Runtime.InteropServices.COMException
	Message: Error HRESULT E_FAIL has been returned from a call to a COM component.
	Stack Trace:    at Microsoft.VisualStudio.TestTools.UITest.Playback.Engine.IRPFPlayback.FindAllScreenElements(IScreenElement pScreenElementStart, String bstrQueryId, Object&amp; pvarResKeys, Int32 cResKeys, Int32 nMaxDepth, Object[]&amp; foundDescendants)
   at Microsoft.VisualStudio.TestTools.UITest.Playback.ScreenElement.FindTopLevelWindowHelper(String queryId)
	BaseExceptionMessage: Error HRESULT E_FAIL has been returned from a call to a COM component.

E, 3504, 17, 2013/05/23, 18:57:27.640, 2918607644241, QTAgent32.exe, AL: Playback Error: Microsoft.VisualStudio.TestTools.UITest.Extension.UITestControlNotFoundException: The playback failed to find the control with the given search properties. Additional Details: 
TechnologyName:  'MSAA'
ControlType:  'Window'
Name:  'Save the file as'
ClassName:  '#32770'
 ---&gt; System.Runtime.InteropServices.COMException: Error HRESULT E_FAIL has been returned from a call to a COM component.
   at Microsoft.VisualStudio.TestTools.UITest.Playback.Engine.IRPFPlayback.FindAllScreenElements(IScreenElement pScreenElementStart, String bstrQueryId, Object&amp; pvarResKeys, Int32 cResKeys, Int32 nMaxDepth, Object[]&amp; foundDescendants)
   at Microsoft.VisualStudio.TestTools.UITest.Playback.ScreenElement.FindTopLevelWindowHelper(String queryId)
   at Microsoft.VisualStudio.TestTools.UITest.Playback.ScreenElement.FindFromPartialQueryId(String queryId)
   at Microsoft.VisualStudio.TestTools.UITesting.UITestControl..ctor(String queryId)
   --- End of inner exception stack trace ---
   at Microsoft.VisualStudio.TestTools.UITesting.Playback.MapControlNotFoundException(COMException ex, IPlaybackContext context)
   at Microsoft.VisualStudio.TestTools.UITesting.Playback.MapAndThrowComException(COMException innerException, IPlaybackContext context)
   at Microsoft.VisualStudio.TestTools.UITesting.Playback.MapAndThrowException(SystemException exception, IPlaybackContext context)
   at Microsoft.VisualStudio.TestTools.UITesting.Playback.MapAndThrowException(SystemException exception, String queryId)
   at Microsoft.VisualStudio.TestTools.UITesting.UITestControl..ctor(String queryId)
   at Microsoft.VisualStudio.TestTools.UITesting.SearchHelper.SearchTopLevelWindow(ISearchArgument topLevelSearchArg, String topLevelElementQueryId)
   at Microsoft.VisualStudio.TestTools.UITesting.SearchHelper.GetTitleUpdatedTopLevelWindow(ISearchArgument topLevelSearchArg, String queryId, IList`1 windowTitles)
   at Microsoft.VisualStudio.TestTools.UITesting.SearchHelper.GetTopLevelElement(Boolean useCache, Boolean useCacheOnly, ISearchArgument searchArg, IList`1 windowTitles, Int32&amp; timeLeft)
   at Microsoft.VisualStudio.TestTools.UITesting.SearchHelper.GetElement(Boolean useCache, ISearchArgument searchArg)
   at Microsoft.VisualStudio.TestTools.UITesting.SearchHelper.Search(ISearchArgument searchArg)
   at Microsoft.VisualStudio.TestTools.UITesting.UITestControl.FindInternal()
   at Microsoft.VisualStudio.TestTools.UITesting.UITestControl.FindControlIfNecessary()
   at Microsoft.VisualStudio.TestTools.UITesting.UITestControl.Click(MouseButtons button, ModifierKeys modifierKeys, Point relativeCoordinates)
   at Microsoft.VisualStudio.TestTools.UITesting.Mouse.ClickImplementation(UITestControl control, MouseButtons button, ModifierKeys modifierKeys, Point relativeCoordinate)
   at Microsoft.VisualStudio.TestTools.UITesting.Mouse.ClickImplementationWrapper(UITestControl control, MouseButtons button, ModifierKeys modifierKeys, Point relativeCoordinate)
W, 3504, 17, 2013/05/23, 18:57:27.641, 2918607648070, QTAgent32.exe, PlaybackErrorHandler: Ignoring exception as ContinueOnError is set.
W, 3504, 17, 2013/05/23, 18:57:28.391, 2918618386632, QTAgent32.exe, &lt;a class=success&gt;Playback - {96} [SUCCESS] MouseButtonClick - "[MSAA, VisibleOnly]ControlType='Button' &amp;&amp; Name='OK'"
\0&lt;/a&gt;
W, 3504, 17, 2013/05/23, 18:57:28.794, 2918624167935, QTAgent32.exe, &lt;a class=success&gt;Playback - {97} [SUCCESS] MouseButtonClick - "[MSAA, VisibleOnly]ControlType='Button' &amp;&amp; Name='Ok'"
\0&lt;/a&gt;
W, 3504, 17, 2013/05/23, 18:57:29.068, 2918628090561, QTAgent32.exe, &lt;a class=success&gt;Playback - {98} [SUCCESS] MouseButtonClick - "[MSAA, VisibleOnly]ControlType='Button' &amp;&amp; Name='Ok'"
\0&lt;/a&gt;
W, 3504, 17, 2013/05/23, 18:57:30.961, 2918655191328, QTAgent32.exe, &lt;a class=success&gt;Playback - {99} [SUCCESS] SetValueAsEditBox "B338TH" - "[MSAA, VisibleOnly]ControlType='Edit'"  &lt; Set via SendKeys &gt;
\0&lt;/a&gt;
W, 3504, 17, 2013/05/23, 18:57:33.193, 2918687137590, QTAgent32.exe, &lt;a class=success&gt;Playback - {100} [SUCCESS] MouseButtonClick - "[MSAA, VisibleOnly]ControlType='Button' &amp;&amp; Name='Lookup...'"
\0&lt;/a&gt;
W, 3504, 17, 2013/05/23, 18:57:33.443, 2918690722905, QTAgent32.exe, &lt;a class=success&gt;Playback - {101} [SUCCESS] MouseButtonClick - "[MSAA, VisibleOnly]ControlType='Button' &amp;&amp; Name='Ok'"
\0&lt;/a&gt;
W, 3504, 17, 2013/05/23, 18:57:33.754, 2918695178242, QTAgent32.exe, &lt;a class=success&gt;Playback - {102} [SUCCESS] MouseButtonClick - "[MSAA, VisibleOnly]ControlType='Button' &amp;&amp; Name='Confirm'"
\0&lt;/a&gt;
W, 3504, 17, 2013/05/23, 18:57:55.784, 2919010602281, QTAgent32.exe, Playback - [WARNING] Internal warning: Window Not Found: [VisibleOnly]ControlType='Window' &amp;&amp; Name='Personal Lines' &amp;&amp; ClassName='#32770'
\0
E, 3504, 17, 2013/05/23, 18:57:55.784, 2919010609547, QTAgent32.exe, &lt;a class=failure&gt;Playback - {103} [FAILED] Function ElementFetcher::FindScreenElement failed to locate UI element (Searching: ;[VisibleOnly]ControlType='Window' &amp;&amp; Name='Personal Lines' &amp;&amp; ClassName='#32770') (The object specified was not found.)
\0&lt;/a&gt;
E, 3504, 17, 2013/05/23, 18:57:55.880, 2919011979239, QTAgent32.exe, Playback - [IMAGE] C:\Users\testuser\AppData\Local\Temp\UITestLogs\LastRun\RPFC733.png
\0
W, 3504, 17, 2013/05/23, 18:57:55.880, 2919011981612, QTAgent32.exe, Playback - [WARNING] Internal warning: Couldn't find descendants that match QueryId
\0
W, 3504, 17, 2013/05/23, 18:57:55.880, 2919011989669, QTAgent32.exe, PERF WARNING: FindTopLevelWindowHelper::FindAllDescendents: took 22026 ms. Expected it to take maximum 500 ms.
W, 3504, 17, 2013/05/23, 18:58:14.936, 2919284828790, QTAgent32.exe, Playback - [WARNING] Internal warning: Window Not Found: [VisibleOnly]ControlType='Window' &amp;&amp; Name='Personal Lines' &amp;&amp; ClassName='#32770'
\0
E, 3504, 17, 2013/05/23, 18:58:14.936, 2919284834703, QTAgent32.exe, &lt;a class=failure&gt;Playback - {104} [FAILED] Function ElementFetcher::FindScreenElement failed to locate UI element (Searching: ;[VisibleOnly]ControlType='Window' &amp;&amp; Name='Personal Lines' &amp;&amp; ClassName='#32770') (The object specified was not found.)
\0&lt;/a&gt;
E, 3504, 17, 2013/05/23, 18:58:15.027, 2919286135111, QTAgent32.exe, Playback - [IMAGE] C:\Users\testuser\AppData\Local\Temp\UITestLogs\LastRun\RPF1209.png
\0
W, 3504, 17, 2013/05/23, 18:58:15.027, 2919286138181, QTAgent32.exe, Playback - [WARNING] Internal warning: Couldn't find descendants that match QueryId
\0
W, 3504, 17, 2013/05/23, 18:58:15.028, 2919286145311, QTAgent32.exe, PERF WARNING: FindTopLevelWindowHelper::FindAllDescendents: took 19146 ms. Expected it to take maximum 500 ms.
W, 3504, 17, 2013/05/23, 18:58:17.670, 2919323978100, QTAgent32.exe, Playback - [WARNING] Internal warning: Smart Match failed
\0
W, 3504, 17, 2013/05/23, 18:58:19.055, 2919343801096, QTAgent32.exe, Playback - [WARNING] Internal warning: Window Not Found: [VisibleOnly]ControlType='Window' &amp;&amp; Name='Personal Lines' &amp;&amp; ClassName='#32770'
\0
E, 3504, 17, 2013/05/23, 18:58:19.055, 2919343804694, QTAgent32.exe, &lt;a class=failure&gt;Playback - {105} [FAILED] Function ElementFetcher::FindScreenElement failed to locate UI element (Searching: ;[VisibleOnly]ControlType='Window' &amp;&amp; Name='Personal Lines' &amp;&amp; ClassName='#32770') (The object specified was not found.)
\0&lt;/a&gt;
E, 3504, 17, 2013/05/23, 18:58:19.133, 2919344917846, QTAgent32.exe, Playback - [IMAGE] C:\Users\testuser\AppData\Local\Temp\UITestLogs\LastRun\RPF2221.png
\0
W, 3504, 17, 2013/05/23, 18:58:19.133, 2919344920244, QTAgent32.exe, Playback - [WARNING] Internal warning: Couldn't find descendants that match QueryId
\0
W, 3504, 17, 2013/05/23, 18:58:19.133, 2919344923158, QTAgent32.exe, PERF WARNING: FindTopLevelWindowHelper::FindAllDescendents: took 4104 ms. Expected it to take maximum 500 ms.
E, 3504, 17, 2013/05/23, 18:58:19.133, 2919344925235, QTAgent32.exe, Exception: System.Runtime.InteropServices.COMException
	Message: Error HRESULT E_FAIL has been returned from a call to a COM component.
	Stack Trace:    at Microsoft.VisualStudio.TestTools.UITest.Playback.Engine.IRPFPlayback.FindAllScreenElements(IScreenElement pScreenElementStart, String bstrQueryId, Object&amp; pvarResKeys, Int32 cResKeys, Int32 nMaxDepth, Object[]&amp; foundDescendants)
   at Microsoft.VisualStudio.TestTools.UITest.Playback.ScreenElement.FindTopLevelWindowHelper(String queryId)
	BaseExceptionMessage: Error HRESULT E_FAIL has been returned from a call to a COM component.

E, 3504, 17, 2013/05/23, 18:58:19.134, 2919344931473, QTAgent32.exe, GetClassName for handle 1509858 failed
E, 3504, 17, 2013/05/23, 18:58:19.134, 2919344942550, QTAgent32.exe, Window 1509858 not responding. Last Win32 error 1400
E, 3504, 17, 2013/05/23, 18:58:19.134, 2919344943848, QTAgent32.exe, GetClassName for handle 1509858 failed
E, 3504, 17, 2013/05/23, 18:58:19.135, 2919344948828, QTAgent32.exe, Window 3475806 not responding. Last Win32 error 1400
E, 3504, 17, 2013/05/23, 18:58:19.135, 2919344949725, QTAgent32.exe, GetClassName for handle 3475806 failed
E, 3504, 17, 2013/05/23, 18:58:19.235, 2919346387412, QTAgent32.exe, AL: Playback Error: Microsoft.VisualStudio.TestTools.UITest.Extension.UITestControlNotAvailableException: The control is not available or not valid. Additional Details: 
TechnologyName:  'MSAA'
Name:  'OK'
ControlType:  'Button'
 ---&gt; Microsoft.VisualStudio.TestTools.UITest.Extension.UITestControlNotAvailableException: The control is not available or not valid. Additional Details: 
TechnologyName:  'MSAA'
ControlType:  'Window'
 ---&gt; System.Runtime.InteropServices.COMException: Error HRESULT E_FAIL has been returned from a call to a COM component.
   at Microsoft.VisualStudio.TestTools.UITest.Playback.Engine.IRPFPlayback.FindAllScreenElements(IScreenElement pScreenElementStart, String bstrQueryId, Object&amp; pvarResKeys, Int32 cResKeys, Int32 nMaxDepth, Object[]&amp; foundDescendants)
   at Microsoft.VisualStudio.TestTools.UITest.Playback.ScreenElement.FindTopLevelWindowHelper(String queryId)
   at Microsoft.VisualStudio.TestTools.UITest.Playback.ScreenElement.FindFromPartialQueryId(String queryId)
   at Microsoft.VisualStudio.TestTools.UITesting.UITestControl.EnsureValid(Boolean waitForReady, Boolean refetch)
   --- End of inner exception stack trace ---
   at Microsoft.VisualStudio.TestTools.UITesting.UITestControl.EnsureValid(Boolean waitForReady, Boolean refetch)
   at Microsoft.VisualStudio.TestTools.UITesting.UITestControl.FindFirstDescendant(String queryId, Int32 maxDepth, Int32&amp; timeLeft)
   at Microsoft.VisualStudio.TestTools.UITesting.UITestControl.FindFirstDescendant(String queryId)
   at Microsoft.VisualStudio.TestTools.UITesting.UITestControl.EnsureValid(Boolean waitForReady, Boolean refetch)
   --- End of inner exception stack trace ---
   at Microsoft.VisualStudio.TestTools.UITesting.UITestControl.EnsureValid(Boolean waitForReady, Boolean refetch)
   at Microsoft.VisualStudio.TestTools.UITesting.UITestControl.Click(MouseButtons button, ModifierKeys modifierKeys, Point relativeCoordinates)
   at Microsoft.VisualStudio.TestTools.UITesting.Mouse.ClickImplementation(UITestControl control, MouseButtons button, ModifierKeys modifierKeys, Point relativeCoordinate)
   at Microsoft.VisualStudio.TestTools.UITesting.Mouse.ClickImplementationWrapper(UITestControl control, MouseButtons button, ModifierKeys modifierKeys, Point relativeCoordinate)
W, 3504, 17, 2013/05/23, 18:58:19.235, 2919346390415, QTAgent32.exe, PlaybackErrorHandler: Ignoring exception as ContinueOnError is set.
W, 3504, 17, 2013/05/23, 18:58:19.374, 2919348375395, QTAgent32.exe, &lt;a class=success&gt;Playback - {106} [SUCCESS] Check - "[MSAA, VisibleOnly]ControlType='CheckBox' &amp;&amp; Name='Defer Printing?'"
\0&lt;/a&gt;
W, 3504, 17, 2013/05/23, 18:58:19.978, 2919357022716, QTAgent32.exe, &lt;a class=success&gt;Playback - {107} [SUCCESS] MouseButtonClick - "[MSAA, VisibleOnly]ControlType='Button' &amp;&amp; Name='Ok'"
\0&lt;/a&gt;
W, 3504, 17, 2013/05/23, 18:58:20.856, 2919369583233, QTAgent32.exe, PERF WARNING: FindTopLevelWindowHelper::FindAllDescendents: took 776 ms. Expected it to take maximum 500 ms.
W, 3504, 17, 2013/05/23, 18:58:20.998, 2919371628964, QTAgent32.exe, &lt;a class=success&gt;Playback - {108} [SUCCESS] Uncheck - "[MSAA, VisibleOnly]ControlType='CheckBox' &amp;&amp; Name='Add Activity'"
\0&lt;/a&gt;
W, 3504, 17, 2013/05/23, 18:58:21.464, 2919378295833, QTAgent32.exe, &lt;a class=success&gt;Playback - {109} [SUCCESS] MouseButtonClick - "[MSAA, VisibleOnly]ControlType='Button' &amp;&amp; Name='Ok'"
\0&lt;/a&gt;
W, 3504, 17, 2013/05/23, 18:58:21.730, 2919382103397, QTAgent32.exe, &lt;a class=success&gt;Playback - {110} [SUCCESS] MouseButtonClick - "[MSAA, VisibleOnly]ControlType='Button' &amp;&amp; Name='Ok'"
\0&lt;/a&gt;
W, 3504, 17, 2013/05/23, 18:58:26.263, 2919447017808, QTAgent32.exe, Playback - [WARNING] Internal warning: Window Not Found: [VisibleOnly]ControlType='Window' &amp;&amp; Name='Transaction to insert' &amp;&amp; ClassName='TfSelectItem'
\0
E, 3504, 17, 2013/05/23, 18:58:26.264, 2919447022372, QTAgent32.exe, &lt;a class=failure&gt;Playback - {111} [FAILED] Function ElementFetcher::FindScreenElement failed to locate UI element (Searching: ;[VisibleOnly]ControlType='Window' &amp;&amp; Name='Transaction to insert' &amp;&amp; ClassName='TfSelectItem') (The object specified was not found.)
\0&lt;/a&gt;
E, 3504, 17, 2013/05/23, 18:58:26.348, 2919448231751, QTAgent32.exe, Playback - [IMAGE] C:\Users\testuser\AppData\Local\Temp\UITestLogs\LastRun\RPF3E49.png
\0
W, 3504, 17, 2013/05/23, 18:58:26.348, 2919448234038, QTAgent32.exe, Playback - [WARNING] Internal warning: Couldn't find descendants that match QueryId
\0
W, 3504, 17, 2013/05/23, 18:58:26.349, 2919448237123, QTAgent32.exe, PERF WARNING: FindTopLevelWindowHelper::FindAllDescendents: took 4518 ms. Expected it to take maximum 500 ms.
W, 3504, 17, 2013/05/23, 18:58:44.862, 2919713319233, QTAgent32.exe, Playback - [WARNING] Internal warning: Window Not Found: [VisibleOnly]ControlType='Window' &amp;&amp; Name='Transaction to insert' &amp;&amp; ClassName='TfSelectItem'
\0
E, 3504, 17, 2013/05/23, 18:58:44.863, 2919713325014, QTAgent32.exe, &lt;a class=failure&gt;Playback - {112} [FAILED] Function ElementFetcher::FindScreenElement failed to locate UI element (Searching: ;[VisibleOnly]ControlType='Window' &amp;&amp; Name='Transaction to insert' &amp;&amp; ClassName='TfSelectItem') (The object specified was not found.)
\0&lt;/a&gt;
E, 3504, 17, 2013/05/23, 18:58:44.956, 2919714661091, QTAgent32.exe, Playback - [IMAGE] C:\Users\testuser\AppData\Local\Temp\UITestLogs\LastRun\RPF86ED.png
\0
W, 3504, 17, 2013/05/23, 18:58:44.956, 2919714663484, QTAgent32.exe, Playback - [WARNING] Internal warning: Couldn't find descendants that match QueryId
\0
W, 3504, 17, 2013/05/23, 18:58:44.957, 2919714667509, QTAgent32.exe, PERF WARNING: FindTopLevelWindowHelper::FindAllDescendents: took 18607 ms. Expected it to take maximum 500 ms.
W, 3504, 17, 2013/05/23, 18:58:45.721, 2919725619204, QTAgent32.exe, Playback - [WARNING] Internal warning: Smart Match failed
\0
W, 3504, 17, 2013/05/23, 18:58:46.549, 2919737475705, QTAgent32.exe, Playback - [WARNING] Internal warning: Smart Match failed
\0
W, 3504, 17, 2013/05/23, 18:58:47.352, 2919748962718, QTAgent32.exe, Playback - [WARNING] Internal warning: Smart Match failed
\0
W, 3504, 17, 2013/05/23, 18:58:48.180, 2919760820795, QTAgent32.exe, Playback - [WARNING] Internal warning: Smart Match failed
\0
W, 3504, 17, 2013/05/23, 18:58:48.690, 2919768129518, QTAgent32.exe, Playback - [WARNING] Internal warning: Window Not Found: [VisibleOnly]ControlType='Window' &amp;&amp; Name='Transaction to insert' &amp;&amp; ClassName='TfSelectItem'
\0
E, 3504, 17, 2013/05/23, 18:58:48.691, 2919768133787, QTAgent32.exe, &lt;a class=failure&gt;Playback - {113} [FAILED] Function ElementFetcher::FindScreenElement failed to locate UI element (Searching: ;[VisibleOnly]ControlType='Window' &amp;&amp; Name='Transaction to insert' &amp;&amp; ClassName='TfSelectItem') (The object specified was not found.)
\0&lt;/a&gt;
E, 3504, 17, 2013/05/23, 18:58:48.782, 2919769440686, QTAgent32.exe, Playback - [IMAGE] C:\Users\testuser\AppData\Local\Temp\UITestLogs\LastRun\RPF95EC.png
\0
W, 3504, 17, 2013/05/23, 18:58:48.782, 2919769442887, QTAgent32.exe, Playback - [WARNING] Internal warning: Couldn't find descendants that match QueryId
\0
W, 3504, 17, 2013/05/23, 18:58:48.783, 2919769448647, QTAgent32.exe, PERF WARNING: FindTopLevelWindowHelper::FindAllDescendents: took 3825 ms. Expected it to take maximum 500 ms.
E, 3504, 17, 2013/05/23, 18:58:48.783, 2919769450950, QTAgent32.exe, Exception: System.Runtime.InteropServices.COMException
	Message: Error HRESULT E_FAIL has been returned from a call to a COM component.
	Stack Trace:    at Microsoft.VisualStudio.TestTools.UITest.Playback.Engine.IRPFPlayback.FindAllScreenElements(IScreenElement pScreenElementStart, String bstrQueryId, Object&amp; pvarResKeys, Int32 cResKeys, Int32 nMaxDepth, Object[]&amp; foundDescendants)
   at Microsoft.VisualStudio.TestTools.UITest.Playback.ScreenElement.FindTopLevelWindowHelper(String queryId)
	BaseExceptionMessage: Error HRESULT E_FAIL has been returned from a call to a COM component.

E, 3504, 17, 2013/05/23, 18:58:48.783, 2919769455940, QTAgent32.exe, Window 6817204 not responding. Last Win32 error 0
E, 3504, 17, 2013/05/23, 18:58:48.783, 2919769457070, QTAgent32.exe, GetClassName for handle 6817204 failed
E, 3504, 17, 2013/05/23, 18:58:48.785, 2919769489427, QTAgent32.exe, Window 1116712 not responding. Last Win32 error 1400
E, 3504, 17, 2013/05/23, 18:58:48.786, 2919769491224, QTAgent32.exe, GetClassName for handle 1116712 failed
E, 3504, 17, 2013/05/23, 18:58:48.886, 2919770932167, QTAgent32.exe, AL: Playback Error: Microsoft.VisualStudio.TestTools.UITest.Extension.UITestControlNotAvailableException: The control is not available or not valid. Additional Details: 
TechnologyName:  'MSAA'
Name:  'Ok'
ControlType:  'Button'
 ---&gt; Microsoft.VisualStudio.TestTools.UITest.Extension.UITestControlNotAvailableException: The control is not available or not valid. Additional Details: 
TechnologyName:  'MSAA'
Name:  'Transaction to insert'
ClassName:  'TfSelectItem'
ControlType:  'Window'
 ---&gt; System.Runtime.InteropServices.COMException: Error HRESULT E_FAIL has been returned from a call to a COM component.
   at Microsoft.VisualStudio.TestTools.UITest.Playback.Engine.IRPFPlayback.FindAllScreenElements(IScreenElement pScreenElementStart, String bstrQueryId, Object&amp; pvarResKeys, Int32 cResKeys, Int32 nMaxDepth, Object[]&amp; foundDescendants)
   at Microsoft.VisualStudio.TestTools.UITest.Playback.ScreenElement.FindTopLevelWindowHelper(String queryId)
   at Microsoft.VisualStudio.TestTools.UITest.Playback.ScreenElement.FindFromPartialQueryId(String queryId)
   at Microsoft.VisualStudio.TestTools.UITesting.UITestControl.EnsureValid(Boolean waitForReady, Boolean refetch)
   --- End of inner exception stack trace ---
   at Microsoft.VisualStudio.TestTools.UITesting.UITestControl.EnsureValid(Boolean waitForReady, Boolean refetch)
   at Microsoft.VisualStudio.TestTools.UITesting.UITestControl.FindFirstDescendant(String queryId, Int32 maxDepth, Int32&amp; timeLeft)
   at Microsoft.VisualStudio.TestTools.UITesting.UITestControl.FindFirstDescendant(String queryId)
   at Microsoft.VisualStudio.TestTools.UITesting.UITestControl.EnsureValid(Boolean waitForReady, Boolean refetch)
   --- End of inner exception stack trace ---
   at Microsoft.VisualStudio.TestTools.UITesting.UITestControl.EnsureValid(Boolean waitForReady, Boolean refetch)
   at Microsoft.VisualStudio.TestTools.UITesting.UITestControl.Click(MouseButtons button, ModifierKeys modifierKeys, Point relativeCoordinates)
   at Microsoft.VisualStudio.TestTools.UITesting.Mouse.ClickImplementation(UITestControl control, MouseButtons button, ModifierKeys modifierKeys, Point relativeCoordinate)
   at Microsoft.VisualStudio.TestTools.UITesting.Mouse.ClickImplementationWrapper(UITestControl control, MouseButtons button, ModifierKeys modifierKeys, Point relativeCoordinate)
W, 3504, 17, 2013/05/23, 18:58:48.886, 2919770935564, QTAgent32.exe, PlaybackErrorHandler: Ignoring exception as ContinueOnError is set.
W, 3504, 17, 2013/05/23, 18:58:51.057, 2919802022929, QTAgent32.exe, &lt;a class=success&gt;Playback - {114} [SUCCESS] MouseButtonClick - "[MSAA, VisibleOnly]ControlType='Button' &amp;&amp; Name='OK'"
\0&lt;/a&gt;
W, 3504, 17, 2013/05/23, 18:58:51.416, 2919807162457, QTAgent32.exe, &lt;a class=success&gt;Playback - {115} [SUCCESS] MouseButtonClick - "[MSAA, VisibleOnly]ControlType='Button' &amp;&amp; Name='Cancel'"
\0&lt;/a&gt;
W, 3504, 17, 2013/05/23, 18:58:51.815, 2919812864456, QTAgent32.exe, &lt;a class=success&gt;Playback - {116} [SUCCESS] MouseButtonClick - "[MSAA, VisibleOnly]ControlType='Button'"
\0&lt;/a&gt;
W, 3504, 17, 2013/05/23, 18:58:52.465, 2919822176620, QTAgent32.exe, &lt;a class=success&gt;Playback - {117} [SUCCESS] MouseButtonClick - "[MSAA, VisibleOnly]ControlType='Button' &amp;&amp; Name='Detail'"
\0&lt;/a&gt;
W, 3504, 17, 2013/05/23, 18:58:52.710, 2919825676208, QTAgent32.exe, &lt;a class=success&gt;Playback - {118} [SUCCESS] MouseButtonClick - "[MSAA, VisibleOnly]ControlType='Edit'"
\0&lt;/a&gt;
W, 3504, 17, 2013/05/23, 18:59:00.332, 2919934814765, QTAgent32.exe, Playback - [WARNING] Internal warning: Window Not Found: [VisibleOnly]ControlType='Window' &amp;&amp; Name='Connect to www.insur-econnect.com'
\0
E, 3504, 17, 2013/05/23, 18:59:00.332, 2919934817944, QTAgent32.exe, &lt;a class=failure&gt;Playback - {119} [FAILED] Function ElementFetcher::FindScreenElement failed to locate UI element (Searching: ;[VisibleOnly]ControlType='Window' &amp;&amp; Name='Connect to www.insur-econnect.com') (The object specified was not found.)
\0&lt;/a&gt;
E, 3504, 17, 2013/05/23, 18:59:00.459, 2919936637624, QTAgent32.exe, Playback - [IMAGE] C:\Users\testuser\AppData\Local\Temp\UITestLogs\LastRun\RPFC363.png
\0
W, 3504, 17, 2013/05/23, 18:59:00.459, 2919936639945, QTAgent32.exe, Playback - [WARNING] Internal warning: Couldn't find descendants that match QueryId
\0
W, 3504, 17, 2013/05/23, 18:59:00.460, 2919936643116, QTAgent32.exe, PERF WARNING: FindTopLevelWindowHelper::FindAllDescendents: took 1928 ms. Expected it to take maximum 500 ms.
W, 3504, 17, 2013/05/23, 18:59:18.570, 2920195950701, QTAgent32.exe, Playback - [WARNING] Internal warning: Window Not Found: [VisibleOnly]ControlType='Window' &amp;&amp; Name='Connect to www.insur-econnect.com'
\0
E, 3504, 17, 2013/05/23, 18:59:18.570, 2920195955530, QTAgent32.exe, &lt;a class=failure&gt;Playback - {120} [FAILED] Function ElementFetcher::FindScreenElement failed to locate UI element (Searching: ;[VisibleOnly]ControlType='Window' &amp;&amp; Name='Connect to www.insur-econnect.com') (The object specified was not found.)
\0&lt;/a&gt;
E, 3504, 17, 2013/05/23, 18:59:18.649, 2920197092104, QTAgent32.exe, Playback - [IMAGE] C:\Users\testuser\AppData\Local\Temp\UITestLogs\LastRun\RPFAA0.png
\0
W, 3504, 17, 2013/05/23, 18:59:18.650, 2920197095062, QTAgent32.exe, Playback - [WARNING] Internal warning: Couldn't find descendants that match QueryId
\0
W, 3504, 17, 2013/05/23, 18:59:18.650, 2920197100654, QTAgent32.exe, PERF WARNING: FindTopLevelWindowHelper::FindAllDescendents: took 18190 ms. Expected it to take maximum 500 ms.
W, 3504, 17, 2013/05/23, 18:59:19.122, 2920203856309, QTAgent32.exe, Playback - [WARNING] Internal warning: Smart Match failed
\0
W, 3504, 17, 2013/05/23, 18:59:19.575, 2920210344653, QTAgent32.exe, Playback - [WARNING] Internal warning: Smart Match failed
\0
W, 3504, 17, 2013/05/23, 18:59:20.054, 2920217198304, QTAgent32.exe, Playback - [WARNING] Internal warning: Smart Match failed
\0
W, 3504, 17, 2013/05/23, 18:59:20.535, 2920224083371, QTAgent32.exe, Playback - [WARNING] Internal warning: Smart Match failed
\0
W, 3504, 17, 2013/05/23, 18:59:21.013, 2920230929569, QTAgent32.exe, Playback - [WARNING] Internal warning: Smart Match failed
\0
W, 3504, 17, 2013/05/23, 18:59:21.504, 2920237964262, QTAgent32.exe, Playback - [WARNING] Internal warning: Smart Match failed
\0
W, 3504, 17, 2013/05/23, 18:59:21.856, 2920243002601, QTAgent32.exe, Playback - [WARNING] Internal warning: Window Not Found: [VisibleOnly]ControlType='Window' &amp;&amp; Name='Connect to www.insur-econnect.com'
\0
E, 3504, 17, 2013/05/23, 18:59:21.856, 2920243005601, QTAgent32.exe, &lt;a class=failure&gt;Playback - {121} [FAILED] Function ElementFetcher::FindScreenElement failed to locate UI element (Searching: ;[VisibleOnly]ControlType='Window' &amp;&amp; Name='Connect to www.insur-econnect.com') (The object specified was not found.)
\0&lt;/a&gt;
E, 3504, 17, 2013/05/23, 18:59:21.941, 2920244214003, QTAgent32.exe, Playback - [IMAGE] C:\Users\testuser\AppData\Local\Temp\UITestLogs\LastRun\RPF177D.png
\0
W, 3504, 17, 2013/05/23, 18:59:21.941, 2920244216550, QTAgent32.exe, Playback - [WARNING] Internal warning: Couldn't find descendants that match QueryId
\0
W, 3504, 17, 2013/05/23, 18:59:21.941, 2920244220112, QTAgent32.exe, PERF WARNING: FindTopLevelWindowHelper::FindAllDescendents: took 3290 ms. Expected it to take maximum 500 ms.
E, 3504, 17, 2013/05/23, 18:59:21.941, 2920244222132, QTAgent32.exe, Exception: System.Runtime.InteropServices.COMException
	Message: Error HRESULT E_FAIL has been returned from a call to a COM component.
	Stack Trace:    at Microsoft.VisualStudio.TestTools.UITest.Playback.Engine.IRPFPlayback.FindAllScreenElements(IScreenElement pScreenElementStart, String bstrQueryId, Object&amp; pvarResKeys, Int32 cResKeys, Int32 nMaxDepth, Object[]&amp; foundDescendants)
   at Microsoft.VisualStudio.TestTools.UITest.Playback.ScreenElement.FindTopLevelWindowHelper(String queryId)
	BaseExceptionMessage: Error HRESULT E_FAIL has been returned from a call to a COM component.

W, 3504, 17, 2013/05/23, 18:59:23.587, 2920267782052, QTAgent32.exe, Playback - [WARNING] Internal warning: Window Not Found: [VisibleOnly]ControlType='Window' &amp;&amp; Name='Windows Security'
\0
E, 3504, 17, 2013/05/23, 18:59:23.587, 2920267785204, QTAgent32.exe, &lt;a class=failure&gt;Playback - {122} [FAILED] Function ElementFetcher::FindScreenElement failed to locate UI element (Searching: ;[VisibleOnly]ControlType='Window' &amp;&amp; Name='Windows Security') (The object specified was not found.)
\0&lt;/a&gt;
E, 3504, 17, 2013/05/23, 18:59:23.668, 2920268946423, QTAgent32.exe, Playback - [IMAGE] C:\Users\testuser\AppData\Local\Temp\UITestLogs\LastRun\RPF1E41.png
\0
W, 3504, 17, 2013/05/23, 18:59:23.668, 2920268948800, QTAgent32.exe, Playback - [WARNING] Internal warning: Couldn't find descendants that match QueryId
\0
W, 3504, 17, 2013/05/23, 18:59:23.669, 2920268951848, QTAgent32.exe, PERF WARNING: FindTopLevelWindowHelper::FindAllDescendents: took 1726 ms. Expected it to take maximum 500 ms.
W, 3504, 17, 2013/05/23, 18:59:41.744, 2920527760951, QTAgent32.exe, Playback - [WARNING] Internal warning: Window Not Found: [VisibleOnly]ControlType='Window' &amp;&amp; Name='Windows Security'
\0
E, 3504, 17, 2013/05/23, 18:59:41.744, 2920527764695, QTAgent32.exe, &lt;a class=failure&gt;Playback - {123} [FAILED] Function ElementFetcher::FindScreenElement failed to locate UI element (Searching: ;[VisibleOnly]ControlType='Window' &amp;&amp; Name='Windows Security') (The object specified was not found.)
\0&lt;/a&gt;
E, 3504, 17, 2013/05/23, 18:59:41.830, 2920528995443, QTAgent32.exe, Playback - [IMAGE] C:\Users\testuser\AppData\Local\Temp\UITestLogs\LastRun\RPF6531.png
\0
W, 3504, 17, 2013/05/23, 18:59:41.830, 2920528997730, QTAgent32.exe, Playback - [WARNING] Internal warning: Couldn't find descendants that match QueryId
\0
W, 3504, 17, 2013/05/23, 18:59:41.830, 2920529001033, QTAgent32.exe, PERF WARNING: FindTopLevelWindowHelper::FindAllDescendents: took 18161 ms. Expected it to take maximum 500 ms.
W, 3504, 17, 2013/05/23, 18:59:42.341, 2920536308800, QTAgent32.exe, Playback - [WARNING] Internal warning: Smart Match failed
\0
W, 3504, 17, 2013/05/23, 18:59:42.799, 2920542868224, QTAgent32.exe, Playback - [WARNING] Internal warning: Smart Match failed
\0
W, 3504, 17, 2013/05/23, 18:59:43.250, 2920549324206, QTAgent32.exe, Playback - [WARNING] Internal warning: Smart Match failed
\0
W, 3504, 17, 2013/05/23, 18:59:43.718, 2920556026107, QTAgent32.exe, Playback - [WARNING] Internal warning: Smart Match failed
\0
W, 3504, 17, 2013/05/23, 18:59:44.195, 2920562855173, QTAgent32.exe, Playback - [WARNING] Internal warning: Smart Match failed
\0
W, 3504, 17, 2013/05/23, 18:59:44.692, 2920569977468, QTAgent32.exe, Playback - [WARNING] Internal warning: Smart Match failed
\0
W, 3504, 17, 2013/05/23, 18:59:45.045, 2920575029145, QTAgent32.exe, Playback - [WARNING] Internal warning: Window Not Found: [VisibleOnly]ControlType='Window' &amp;&amp; Name='Windows Security'
\0
E, 3504, 17, 2013/05/23, 18:59:45.045, 2920575031922, QTAgent32.exe, &lt;a class=failure&gt;Playback - {124} [FAILED] Function ElementFetcher::FindScreenElement failed to locate UI element (Searching: ;[VisibleOnly]ControlType='Window' &amp;&amp; Name='Windows Security') (The object specified was not found.)
\0&lt;/a&gt;
E, 3504, 17, 2013/05/23, 18:59:45.132, 2920576265495, QTAgent32.exe, Playback - [IMAGE] C:\Users\testuser\AppData\Local\Temp\UITestLogs\LastRun\RPF720E.png
\0
W, 3504, 17, 2013/05/23, 18:59:45.132, 2920576267816, QTAgent32.exe, Playback - [WARNING] Internal warning: Couldn't find descendants that match QueryId
\0
W, 3504, 17, 2013/05/23, 18:59:45.132, 2920576270515, QTAgent32.exe, PERF WARNING: FindTopLevelWindowHelper::FindAllDescendents: took 3301 ms. Expected it to take maximum 500 ms.
E, 3504, 17, 2013/05/23, 18:59:45.132, 2920576272564, QTAgent32.exe, Exception: System.Runtime.InteropServices.COMException
	Message: Error HRESULT E_FAIL has been returned from a call to a COM component.
	Stack Trace:    at Microsoft.VisualStudio.TestTools.UITest.Playback.Engine.IRPFPlayback.FindAllScreenElements(IScreenElement pScreenElementStart, String bstrQueryId, Object&amp; pvarResKeys, Int32 cResKeys, Int32 nMaxDepth, Object[]&amp; foundDescendants)
   at Microsoft.VisualStudio.TestTools.UITest.Playback.ScreenElement.FindTopLevelWindowHelper(String queryId)
	BaseExceptionMessage: Error HRESULT E_FAIL has been returned from a call to a COM component.

E, 3504, 17, 2013/05/23, 18:59:45.233, 2920577722320, QTAgent32.exe, AL: Playback Error: Microsoft.VisualStudio.TestTools.UITest.Extension.UITestControlNotFoundException: The playback failed to find the control with the given search properties. Additional Details: 
TechnologyName:  'MSAA'
ControlType:  'Window'
Name:  'Windows Security'
 ---&gt; System.Runtime.InteropServices.COMException: Error HRESULT E_FAIL has been returned from a call to a COM component.
   at Microsoft.VisualStudio.TestTools.UITest.Playback.Engine.IRPFPlayback.FindAllScreenElements(IScreenElement pScreenElementStart, String bstrQueryId, Object&amp; pvarResKeys, Int32 cResKeys, Int32 nMaxDepth, Object[]&amp; foundDescendants)
   at Microsoft.VisualStudio.TestTools.UITest.Playback.ScreenElement.FindTopLevelWindowHelper(String queryId)
   at Microsoft.VisualStudio.TestTools.UITest.Playback.ScreenElement.FindFromPartialQueryId(String queryId)
   at Microsoft.VisualStudio.TestTools.UITesting.UITestControl..ctor(String queryId)
   --- End of inner exception stack trace ---
   at Microsoft.VisualStudio.TestTools.UITesting.Playback.MapControlNotFoundException(COMException ex, IPlaybackContext context)
   at Microsoft.VisualStudio.TestTools.UITesting.Playback.MapAndThrowComException(COMException innerException, IPlaybackContext context)
   at Microsoft.VisualStudio.TestTools.UITesting.Playback.MapAndThrowException(SystemException exception, IPlaybackContext context)
   at Microsoft.VisualStudio.TestTools.UITesting.Playback.MapAndThrowException(SystemException exception, String queryId)
   at Microsoft.VisualStudio.TestTools.UITesting.UITestControl..ctor(String queryId)
   at Microsoft.VisualStudio.TestTools.UITesting.SearchHelper.SearchTopLevelWindow(ISearchArgument topLevelSearchArg, String topLevelElementQueryId)
   at Microsoft.VisualStudio.TestTools.UITesting.SearchHelper.GetTitleUpdatedTopLevelWindow(ISearchArgument topLevelSearchArg, String queryId, IList`1 windowTitles)
   at Microsoft.VisualStudio.TestTools.UITesting.SearchHelper.GetTopLevelElement(Boolean useCache, Boolean useCacheOnly, ISearchArgument searchArg, IList`1 windowTitles, Int32&amp; timeLeft)
   at Microsoft.VisualStudio.TestTools.UITesting.SearchHelper.GetElement(Boolean useCache, ISearchArgument searchArg)
   at Microsoft.VisualStudio.TestTools.UITesting.SearchHelper.Search(ISearchArgument searchArg)
   at Microsoft.VisualStudio.TestTools.UITesting.UITestControl.FindInternal()
   at Microsoft.VisualStudio.TestTools.UITesting.UITestControl.FindControlIfNecessary()
   at Microsoft.VisualStudio.TestTools.UITesting.UITestControl.SendKeys(String text, ModifierKeys modifierKeys, Boolean isEncoded, Boolean isUnicode)
   at Microsoft.VisualStudio.TestTools.UITesting.Keyboard.SendKeysImplementation(UITestControl control, String text, ModifierKeys modifierKeys, Boolean isEncoded, Boolean isUnicode)
   at Microsoft.VisualStudio.TestTools.UITesting.Keyboard.SendKeysImplementationWrapper(UITestControl control, String text, ModifierKeys modifierKeys, Boolean isEncoded, Boolean isUnicode)
W, 3504, 17, 2013/05/23, 18:59:45.237, 2920577769315, QTAgent32.exe, PlaybackErrorHandler: Ignoring exception as ContinueOnError is set.
W, 3504, 17, 2013/05/23, 18:59:46.936, 2920602095960, QTAgent32.exe, Playback - [WARNING] Internal warning: Window Not Found: [VisibleOnly]ControlType='Window' &amp;&amp; Name='Windows Security'
\0
E, 3504, 17, 2013/05/23, 18:59:46.936, 2920602099180, QTAgent32.exe, &lt;a class=failure&gt;Playback - {125} [FAILED] Function ElementFetcher::FindScreenElement failed to locate UI element (Searching: ;[VisibleOnly]ControlType='Window' &amp;&amp; Name='Windows Security') (The object specified was not found.)
\0&lt;/a&gt;
E, 3504, 17, 2013/05/23, 18:59:47.017, 2920603253468, QTAgent32.exe, Playback - [IMAGE] C:\Users\testuser\AppData\Local\Temp\UITestLogs\LastRun\RPF796E.png
\0
W, 3504, 17, 2013/05/23, 18:59:47.017, 2920603255783, QTAgent32.exe, Playback - [WARNING] Internal warning: Couldn't find descendants that match QueryId
\0
W, 3504, 17, 2013/05/23, 18:59:47.017, 2920603258781, QTAgent32.exe, PERF WARNING: FindTopLevelWindowHelper::FindAllDescendents: took 1778 ms. Expected it to take maximum 500 ms.
W, 3504, 17, 2013/05/23, 19:00:05.330, 2920865475562, QTAgent32.exe, Playback - [WARNING] Internal warning: Window Not Found: [VisibleOnly]ControlType='Window' &amp;&amp; Name='Windows Security'
\0
E, 3504, 17, 2013/05/23, 19:00:05.331, 2920865481833, QTAgent32.exe, &lt;a class=failure&gt;Playback - {126} [FAILED] Function ElementFetcher::FindScreenElement failed to locate UI element (Searching: ;[VisibleOnly]ControlType='Window' &amp;&amp; Name='Windows Security') (The object specified was not found.)
\0&lt;/a&gt;
E, 3504, 17, 2013/05/23, 19:00:05.413, 2920866661136, QTAgent32.exe, Playback - [IMAGE] C:\Users\testuser\AppData\Local\Temp\UITestLogs\LastRun\RPFC157.png
\0
W, 3504, 17, 2013/05/23, 19:00:05.413, 2920866663814, QTAgent32.exe, Playback - [WARNING] Internal warning: Couldn't find descendants that match QueryId
\0
W, 3504, 17, 2013/05/23, 19:00:05.414, 2920866671518, QTAgent32.exe, PERF WARNING: FindTopLevelWindowHelper::FindAllDescendents: took 18396 ms. Expected it to take maximum 500 ms.
W, 3504, 17, 2013/05/23, 19:00:05.952, 2920874379439, QTAgent32.exe, Playback - [WARNING] Internal warning: Smart Match failed
\0
W, 3504, 17, 2013/05/23, 19:00:06.439, 2920881348401, QTAgent32.exe, Playback - [WARNING] Internal warning: Smart Match failed
\0
W, 3504, 17, 2013/05/23, 19:00:06.898, 2920887916636, QTAgent32.exe, Playback - [WARNING] Internal warning: Smart Match failed
\0
W, 3504, 17, 2013/05/23, 19:00:07.353, 2920894427322, QTAgent32.exe, Playback - [WARNING] Internal warning: Smart Match failed
\0
W, 3504, 17, 2013/05/23, 19:00:07.824, 2920901181046, QTAgent32.exe, Playback - [WARNING] Internal warning: Smart Match failed
\0
W, 3504, 17, 2013/05/23, 19:00:08.303, 2920908042167, QTAgent32.exe, Playback - [WARNING] Internal warning: Smart Match failed
\0
W, 3504, 17, 2013/05/23, 19:00:08.669, 2920913272818, QTAgent32.exe, Playback - [WARNING] Internal warning: Window Not Found: [VisibleOnly]ControlType='Window' &amp;&amp; Name='Windows Security'
\0
E, 3504, 17, 2013/05/23, 19:00:08.669, 2920913276224, QTAgent32.exe, &lt;a class=failure&gt;Playback - {127} [FAILED] Function ElementFetcher::FindScreenElement failed to locate UI element (Searching: ;[VisibleOnly]ControlType='Window' &amp;&amp; Name='Windows Security') (The object specified was not found.)
\0&lt;/a&gt;
E, 3504, 17, 2013/05/23, 19:00:08.755, 2920914508696, QTAgent32.exe, Playback - [IMAGE] C:\Users\testuser\AppData\Local\Temp\UITestLogs\LastRun\RPFCE63.png
\0
W, 3504, 17, 2013/05/23, 19:00:08.755, 2920914511144, QTAgent32.exe, Playback - [WARNING] Internal warning: Couldn't find descendants that match QueryId
\0
W, 3504, 17, 2013/05/23, 19:00:08.755, 2920914514971, QTAgent32.exe, PERF WARNING: FindTopLevelWindowHelper::FindAllDescendents: took 3341 ms. Expected it to take maximum 500 ms.
E, 3504, 17, 2013/05/23, 19:00:08.755, 2920914517135, QTAgent32.exe, Exception: System.Runtime.InteropServices.COMException
	Message: Error HRESULT E_FAIL has been returned from a call to a COM component.
	Stack Trace:    at Microsoft.VisualStudio.TestTools.UITest.Playback.Engine.IRPFPlayback.FindAllScreenElements(IScreenElement pScreenElementStart, String bstrQueryId, Object&amp; pvarResKeys, Int32 cResKeys, Int32 nMaxDepth, Object[]&amp; foundDescendants)
   at Microsoft.VisualStudio.TestTools.UITest.Playback.ScreenElement.FindTopLevelWindowHelper(String queryId)
	BaseExceptionMessage: Error HRESULT E_FAIL has been returned from a call to a COM component.

E, 3504, 17, 2013/05/23, 19:00:08.859, 2920915993112, QTAgent32.exe, AL: Playback Error: Microsoft.VisualStudio.TestTools.UITest.Extension.UITestControlNotFoundException: The playback failed to find the control with the given search properties. Additional Details: 
TechnologyName:  'MSAA'
ControlType:  'Window'
Name:  'Windows Security'
 ---&gt; System.Runtime.InteropServices.COMException: Error HRESULT E_FAIL has been returned from a call to a COM component.
   at Microsoft.VisualStudio.TestTools.UITest.Playback.Engine.IRPFPlayback.FindAllScreenElements(IScreenElement pScreenElementStart, String bstrQueryId, Object&amp; pvarResKeys, Int32 cResKeys, Int32 nMaxDepth, Object[]&amp; foundDescendants)
   at Microsoft.VisualStudio.TestTools.UITest.Playback.ScreenElement.FindTopLevelWindowHelper(String queryId)
   at Microsoft.VisualStudio.TestTools.UITest.Playback.ScreenElement.FindFromPartialQueryId(String queryId)
   at Microsoft.VisualStudio.TestTools.UITesting.UITestControl..ctor(String queryId)
   --- End of inner exception stack trace ---
   at Microsoft.VisualStudio.TestTools.UITesting.Playback.MapControlNotFoundException(COMException ex, IPlaybackContext context)
   at Microsoft.VisualStudio.TestTools.UITesting.Playback.MapAndThrowComException(COMException innerException, IPlaybackContext context)
   at Microsoft.VisualStudio.TestTools.UITesting.Playback.MapAndThrowException(SystemException exception, IPlaybackContext context)
   at Microsoft.VisualStudio.TestTools.UITesting.Playback.MapAndThrowException(SystemException exception, String queryId)
   at Microsoft.VisualStudio.TestTools.UITesting.UITestControl..ctor(String queryId)
   at Microsoft.VisualStudio.TestTools.UITesting.SearchHelper.SearchTopLevelWindow(ISearchArgument topLevelSearchArg, String topLevelElementQueryId)
   at Microsoft.VisualStudio.TestTools.UITesting.SearchHelper.GetTitleUpdatedTopLevelWindow(ISearchArgument topLevelSearchArg, String queryId, IList`1 windowTitles)
   at Microsoft.VisualStudio.TestTools.UITesting.SearchHelper.GetTopLevelElement(Boolean useCache, Boolean useCacheOnly, ISearchArgument searchArg, IList`1 windowTitles, Int32&amp; timeLeft)
   at Microsoft.VisualStudio.TestTools.UITesting.SearchHelper.GetElement(Boolean useCache, ISearchArgument searchArg)
   at Microsoft.VisualStudio.TestTools.UITesting.SearchHelper.Search(ISearchArgument searchArg)
   at Microsoft.VisualStudio.TestTools.UITesting.UITestControl.FindInternal()
   at Microsoft.VisualStudio.TestTools.UITesting.UITestControl.FindControlIfNecessary()
   at Microsoft.VisualStudio.TestTools.UITesting.UITestControl.Click(MouseButtons button, ModifierKeys modifierKeys, Point relativeCoordinates)
   at Microsoft.VisualStudio.TestTools.UITesting.Mouse.ClickImplementation(UITestControl control, MouseButtons button, ModifierKeys modifierKeys, Point relativeCoordinate)
   at Microsoft.VisualStudio.TestTools.UITesting.Mouse.ClickImplementationWrapper(UITestControl control, MouseButtons button, ModifierKeys modifierKeys, Point relativeCoordinate)
W, 3504, 17, 2013/05/23, 19:00:08.859, 2920915997404, QTAgent32.exe, PlaybackErrorHandler: Ignoring exception as ContinueOnError is set.
W, 3504, 17, 2013/05/23, 19:00:09.651, 2920927338301, QTAgent32.exe, &lt;a class=success&gt;Playback - {128} [SUCCESS] MouseButtonClick - "[Web]ControlType='Hyperlink' &amp;&amp; TagName='A' &amp;&amp; Id='' &amp;&amp; Name='' &amp;&amp; Target='' &amp;&amp; InnerText='Renewals Maintenance' &amp;&amp; FilterCondition(AbsolutePath='/sysmaint/content/leftbar.asp', Title='', Href='https://www.insur-econnect.com/sysmaint/content/leftbar.asp#', Class='', ControlDefinition='style="COLOR: white" href="#"', TagInstance='39')"
\0&lt;/a&gt;
W, 3504, 17, 2013/05/23, 19:00:10.052, 2920933079472, QTAgent32.exe, &lt;a class=success&gt;Playback - {129} [SUCCESS] MouseButtonClick - "[Web]ControlType='Hyperlink' &amp;&amp; TagName='A' &amp;&amp; Id='' &amp;&amp; Name='' &amp;&amp; Target='content' &amp;&amp; InnerText='Create a Household Test Renewal Invitation' &amp;&amp; FilterCondition(AbsolutePath='/sysmaint/content/AddHouseholdTestRenewalNotice.asp', Title='', Href='https://www.insur-econnect.com/sysmaint/content/AddHouseholdTestRenewalNotice.asp', Class='itemlink', ControlDefinition='class=itemlink href="AddHouseholdTestRen', TagInstance='2')"
\0&lt;/a&gt;
E, 3504, 17, 2013/05/23, 19:00:11.802, 2920958137252, QTAgent32.exe, Exception: System.NotSupportedException
	Message: Internal Error: This method on IEWebControlElement should not get called.
	Stack Trace:    at Microsoft.VisualStudio.TestTools.UITest.Extension.IE.BrowserOptionElementNode.InvokeProgrammaticAction(ProgrammaticActionOption programmaticActionOption)
	BaseExceptionMessage: Internal Error: This method on IEWebControlElement should not get called.

W, 3504, 17, 2013/05/23, 19:00:12.104, 2920962462357, QTAgent32.exe, &lt;a class=success&gt;Playback - {130} [SUCCESS] SetValueAsComboBox "Covea Insurance plc (formerly MMA)" - "[Web]ControlType='ComboBox' &amp;&amp; TagName='SELECT' &amp;&amp; Id='InsurerID' &amp;&amp; Name='InsurerID' &amp;&amp; FilterCondition(Size='0', LabeledBy='', Title='', ItemCount='54', Class='', ControlDefinition='id=InsurerID onchange=selectInsurer() na', TagInstance='1')"  &lt; SetValueAsComboBox, set by clicking on the item in the list box &gt;
\0&lt;/a&gt;
W, 3504, 17, 2013/05/23, 19:00:12.931, 2920974301277, QTAgent32.exe, &lt;a class=success&gt;Playback - {131} [SUCCESS] SetValueAsEditBox "81588888001765" - "[Web]ControlType='Edit' &amp;&amp; TagName='INPUT' &amp;&amp; Id='' &amp;&amp; Name='txtPolicyNumber' &amp;&amp; LabeledBy='' &amp;&amp; Type='SINGLELINE' &amp;&amp; FilterCondition(Title='', Class='', ControlDefinition='onchange=enableButtons() name=txtPolicyN', TagInstance='1')"  &lt; Set via SendKeys &gt;
\0&lt;/a&gt;
W, 3504, 17, 2013/05/23, 19:00:13.190, 2920978019205, QTAgent32.exe, &lt;a class=success&gt;Playback - {132} [SUCCESS] SendKeys "^{HOME}" - "[Web]ControlType='Edit' &amp;&amp; TagName='INPUT' &amp;&amp; Id='' &amp;&amp; Name='txtRenewalDate' &amp;&amp; LabeledBy='' &amp;&amp; Type='SINGLELINE' &amp;&amp; FilterCondition(Title='', Class='', ControlDefinition='onchange=enableButtons() name=txtRenewal', TagInstance='2')"
\0&lt;/a&gt;
E, 3504, 17, 2013/05/23, 19:00:13.191, 2920978022382, QTAgent32.exe, Msaa.GetFocusedElement: could not find accessible object of foreground window
W, 3504, 17, 2013/05/23, 19:00:13.319, 2920979854147, QTAgent32.exe, &lt;a class=success&gt;Playback - {133} [SUCCESS] SendKeys "^+{END}" - "[Web]ControlType='Edit' &amp;&amp; TagName='INPUT' &amp;&amp; Id='' &amp;&amp; Name='txtRenewalDate' &amp;&amp; LabeledBy='' &amp;&amp; Type='SINGLELINE' &amp;&amp; FilterCondition(Title='', Class='', ControlDefinition='onchange=enableButtons() name=txtRenewal', TagInstance='2')"
\0&lt;/a&gt;
E, 3504, 17, 2013/05/23, 19:00:13.319, 2920979857307, QTAgent32.exe, Msaa.GetFocusedElement: could not find accessible object of foreground window
W, 3504, 17, 2013/05/23, 19:00:13.412, 2920981193845, QTAgent32.exe, &lt;a class=success&gt;Playback - {134} [SUCCESS] SendKeys "{DELETE}" - "[Web]ControlType='Edit' &amp;&amp; TagName='INPUT' &amp;&amp; Id='' &amp;&amp; Name='txtRenewalDate' &amp;&amp; LabeledBy='' &amp;&amp; Type='SINGLELINE' &amp;&amp; FilterCondition(Title='', Class='', ControlDefinition='onchange=enableButtons() name=txtRenewal', TagInstance='2')"
\0&lt;/a&gt;
W, 3504, 17, 2013/05/23, 19:00:13.725, 2920985679309, QTAgent32.exe, &lt;a class=success&gt;Playback - {135} [SUCCESS] SetValueAsEditBox "30/05/2013" - "[Web]ControlType='Edit' &amp;&amp; TagName='INPUT' &amp;&amp; Id='' &amp;&amp; Name='txtRenewalDate' &amp;&amp; LabeledBy='' &amp;&amp; Type='SINGLELINE' &amp;&amp; FilterCondition(Title='', Class='', ControlDefinition='onchange=enableButtons() name=txtRenewal', TagInstance='2')"  &lt; Set via SendKeys &gt;
\0&lt;/a&gt;
W, 3504, 17, 2013/05/23, 19:00:13.964, 2920989099352, QTAgent32.exe, &lt;a class=success&gt;Playback - {136} [SUCCESS] SendKeys "^{HOME}" - "[Web]ControlType='Edit' &amp;&amp; TagName='INPUT' &amp;&amp; Id='' &amp;&amp; Name='txtAutoLapseDate' &amp;&amp; LabeledBy='' &amp;&amp; Type='SINGLELINE' &amp;&amp; FilterCondition(Title='', Class='', ControlDefinition='onchange=enableButtons() name=txtAutoLap', TagInstance='4')"
\0&lt;/a&gt;
E, 3504, 17, 2013/05/23, 19:00:13.964, 2920989102566, QTAgent32.exe, Msaa.GetFocusedElement: could not find accessible object of foreground window
W, 3504, 17, 2013/05/23, 19:00:14.091, 2920990909591, QTAgent32.exe, &lt;a class=success&gt;Playback - {137} [SUCCESS] SendKeys "^+{END}" - "[Web]ControlType='Edit' &amp;&amp; TagName='INPUT' &amp;&amp; Id='' &amp;&amp; Name='txtAutoLapseDate' &amp;&amp; LabeledBy='' &amp;&amp; Type='SINGLELINE' &amp;&amp; FilterCondition(Title='', Class='', ControlDefinition='onchange=enableButtons() name=txtAutoLap', TagInstance='4')"
\0&lt;/a&gt;
E, 3504, 17, 2013/05/23, 19:00:14.091, 2920990912385, QTAgent32.exe, Msaa.GetFocusedElement: could not find accessible object of foreground window
W, 3504, 17, 2013/05/23, 19:00:14.183, 2920992234804, QTAgent32.exe, &lt;a class=success&gt;Playback - {138} [SUCCESS] SendKeys "{DELETE}" - "[Web]ControlType='Edit' &amp;&amp; TagName='INPUT' &amp;&amp; Id='' &amp;&amp; Name='txtAutoLapseDate' &amp;&amp; LabeledBy='' &amp;&amp; Type='SINGLELINE' &amp;&amp; FilterCondition(Title='', Class='', ControlDefinition='onchange=enableButtons() name=txtAutoLap', TagInstance='4')"
\0&lt;/a&gt;
W, 3504, 17, 2013/05/23, 19:00:14.476, 2920996425885, QTAgent32.exe, &lt;a class=success&gt;Playback - {139} [SUCCESS] SetValueAsEditBox "30/05/2013" - "[Web]ControlType='Edit' &amp;&amp; TagName='INPUT' &amp;&amp; Id='' &amp;&amp; Name='txtAutoLapseDate' &amp;&amp; LabeledBy='' &amp;&amp; Type='SINGLELINE' &amp;&amp; FilterCondition(Title='', Class='', ControlDefinition='onchange=enableButtons() name=txtAutoLap', TagInstance='4')"  &lt; Set via SendKeys &gt;
\0&lt;/a&gt;
W, 3504, 17, 2013/05/23, 19:00:14.765, 2921000558513, QTAgent32.exe, &lt;a class=success&gt;Playback - {140} [SUCCESS] MouseButtonClick - "[Web]ControlType='Edit' &amp;&amp; TagName='TEXTAREA' &amp;&amp; Id='' &amp;&amp; Name='txtClientXml' &amp;&amp; LabeledBy='' &amp;&amp; FilterCondition(Title='', Class='', ControlDefinition='onchange=enableButtons() wrap=off cols=5', TagInstance='1')"
\0&lt;/a&gt;
W, 3504, 17, 2013/05/23, 19:00:15.171, 2921006369583, QTAgent32.exe, &lt;a class=success&gt;Playback - {141} [SUCCESS] MouseButtonClick - "[Web]ControlType='Button' &amp;&amp; TagName='INPUT' &amp;&amp; Id='getXmlButton' &amp;&amp; Name='getXmlButton' &amp;&amp; FilterCondition(DisplayText='Get XML from Server', Type='button', Title='Click to get xml from server', Class='', ControlDefinition='id=getXmlButton title="Click to get xml ', TagInstance='5')"
\0&lt;/a&gt;
W, 3504, 17, 2013/05/23, 19:00:15.467, 2921010615889, QTAgent32.exe, &lt;a class=success&gt;Playback - {142} [SUCCESS] MouseButtonClick - "[Web]ControlType='Button' &amp;&amp; TagName='INPUT' &amp;&amp; Id='buttonCreate' &amp;&amp; Name='buttonCreate' &amp;&amp; FilterCondition(DisplayText='  Create Record  ', Type='button', Title='Click to create the new record', Class='', ControlDefinition='id=buttonCreate title="Click to create t', TagInstance='6')"
\0&lt;/a&gt;
W, 3504, 17, 2013/05/23, 19:00:16.246, 2921021763227, QTAgent32.exe, &lt;a class=success&gt;Playback - {143} [SUCCESS] MouseButtonClick - "[MSAA, VisibleOnly]ControlType='Button' &amp;&amp; Name='OK'"
\0&lt;/a&gt;
W, 3504, 17, 2013/05/23, 19:00:21.428, 2921095969442, QTAgent32.exe, &lt;a class=success&gt;Playback - {144} [SUCCESS] TypeString "%({F4})"
\0&lt;/a&gt;
W, 3504, 17, 2013/05/23, 19:00:22.313, 2921108633882, QTAgent32.exe, &lt;a class=success&gt;Playback - {145} [SUCCESS] SendKeys "^{HOME}" - "[MSAA, VisibleOnly]ControlType='Edit'"
\0&lt;/a&gt;
E, 3504, 17, 2013/05/23, 19:00:22.314, 2921108654951, QTAgent32.exe, Msaa.GetFocusedElement: could not find accessible object of foreground window
W, 3504, 17, 2013/05/23, 19:00:22.384, 2921109647085, QTAgent32.exe, &lt;a class=success&gt;Playback - {146} [SUCCESS] SendKeys "^+{END}" - "[MSAA, VisibleOnly]ControlType='Edit'"
\0&lt;/a&gt;
E, 3504, 17, 2013/05/23, 19:00:22.384, 2921109650381, QTAgent32.exe, Msaa.GetFocusedElement: could not find accessible object of foreground window
W, 3504, 17, 2013/05/23, 19:00:22.400, 2921109877020, QTAgent32.exe, &lt;a class=success&gt;Playback - {147} [SUCCESS] SendKeys "{DELETE}" - "[MSAA, VisibleOnly]ControlType='Edit'"
\0&lt;/a&gt;
W, 3504, 17, 2013/05/23, 19:00:23.096, 2921119842622, QTAgent32.exe, &lt;a class=success&gt;Playback - {148} [SUCCESS] SetValueAsEditBox "30/05/2012" - "[MSAA, VisibleOnly]ControlType='Edit'"  &lt; Set via SendKeys &gt;
\0&lt;/a&gt;
W, 3504, 17, 2013/05/23, 19:00:23.483, 2921125388572, QTAgent32.exe, &lt;a class=success&gt;Playback - {149} [SUCCESS] MouseButtonClick - "[MSAA, VisibleOnly]ControlType='Button' &amp;&amp; Name='OK'"
\0&lt;/a&gt;
W, 3504, 17, 2013/05/23, 19:00:23.859, 2921130766626, QTAgent32.exe, &lt;a class=success&gt;Playback - {150} [SUCCESS] MouseButtonClick - "[MSAA, VisibleOnly]ControlType='Client'"
\0&lt;/a&gt;
W, 3504, 17, 2013/05/23, 19:00:24.457, 2921139329745, QTAgent32.exe, &lt;a class=success&gt;Playback - {151} [SUCCESS] MouseButtonClick - "[MSAA, VisibleOnly]ControlType='Client'"
\0&lt;/a&gt;
W, 3504, 17, 2013/05/23, 19:00:26.528, 2921168990568, QTAgent32.exe, &lt;a class=success&gt;Playback - {152} [SUCCESS] SetValueAsEditBox "AUTO204" - "[MSAA, VisibleOnly]ControlType='Edit'"  &lt; Set via SendKeys &gt;
\0&lt;/a&gt;
W, 3504, 17, 2013/05/23, 19:00:27.081, 2921176906702, QTAgent32.exe, &lt;a class=success&gt;Playback - {153} [SUCCESS] SetValueAsEditBox "-1001" - "[MSAA, VisibleOnly]ControlType='Edit'"  &lt; Set via SendKeys &gt;
\0&lt;/a&gt;
W, 3504, 17, 2013/05/23, 19:00:27.658, 2921185168852, QTAgent32.exe, Playback - [WARNING] Internal warning: Incorrect flag set for InvokeProgrammaticAction\0
W, 3504, 17, 2013/05/23, 19:00:27.782, 2921186940079, QTAgent32.exe, &lt;a class=success&gt;Playback - {154} [SUCCESS] SetValueAsComboBox "Household" - "[MSAA, VisibleOnly]ControlType='ComboBox'"  &lt; SetValueAsComboBox, set by clicking on the item in the list box &gt;
\0&lt;/a&gt;
W, 3504, 17, 2013/05/23, 19:00:28.057, 2921190876833, QTAgent32.exe, &lt;a class=success&gt;Playback - {155} [SUCCESS] SendKeys "^{HOME}" - "[MSAA, VisibleOnly]ControlType='Edit'"
\0&lt;/a&gt;
E, 3504, 17, 2013/05/23, 19:00:28.057, 2921190880385, QTAgent32.exe, Msaa.GetFocusedElement: could not find accessible object of foreground window
W, 3504, 17, 2013/05/23, 19:00:28.115, 2921191714047, QTAgent32.exe, &lt;a class=success&gt;Playback - {156} [SUCCESS] SendKeys "^+{END}" - "[MSAA, VisibleOnly]ControlType='Edit'"
\0&lt;/a&gt;
E, 3504, 17, 2013/05/23, 19:00:28.116, 2921191717628, QTAgent32.exe, Msaa.GetFocusedElement: could not find accessible object of foreground window
W, 3504, 17, 2013/05/23, 19:00:28.131, 2921191936008, QTAgent32.exe, &lt;a class=success&gt;Playback - {157} [SUCCESS] SendKeys "{DELETE}" - "[MSAA, VisibleOnly]ControlType='Edit'"
\0&lt;/a&gt;
W, 3504, 17, 2013/05/23, 19:00:28.823, 2921201849538, QTAgent32.exe, &lt;a class=success&gt;Playback - {158} [SUCCESS] SetValueAsEditBox "30/05/2012" - "[MSAA, VisibleOnly]ControlType='Edit'"  &lt; Set via SendKeys &gt;
\0&lt;/a&gt;
W, 3504, 17, 2013/05/23, 19:00:29.542, 2921212147246, QTAgent32.exe, &lt;a class=success&gt;Playback - {159} [SUCCESS] MouseButtonClick - "[MSAA, VisibleOnly]ControlType='Button' &amp;&amp; Name='Regress'"
\0&lt;/a&gt;
W, 3504, 17, 2013/05/23, 19:00:29.809, 2921215963698, QTAgent32.exe, &lt;a class=success&gt;Playback - {160} [SUCCESS] MouseButtonClick - "[MSAA, VisibleOnly]ControlType='Button' &amp;&amp; Name='Exit'"
\0&lt;/a&gt;
W, 3504, 17, 2013/05/23, 19:00:30.082, 2921219883269, QTAgent32.exe, &lt;a class=success&gt;Playback - {161} [SUCCESS] MouseButtonClick - "[MSAA, VisibleOnly]ControlType='Button'"
\0&lt;/a&gt;
W, 3504, 17, 2013/05/23, 19:00:30.320, 2921223281122, QTAgent32.exe, &lt;a class=success&gt;Playback - {162} [SUCCESS] MouseButtonClick - "[MSAA, VisibleOnly]ControlType='Button' &amp;&amp; Name='Options'"
\0&lt;/a&gt;
W, 3504, 17, 2013/05/23, 19:00:30.421, 2921224717575, QTAgent32.exe, FindScreenElementInSinglePass : Attempting to find control in one pass of search. Failures can occur.
W, 3504, 17, 2013/05/23, 19:00:30.879, 2921231280088, QTAgent32.exe, &lt;a class=success&gt;Playback - {163} [SUCCESS] MouseButtonClick - "[MSAA]ControlType='MenuItem' &amp;&amp; Name='Links'"
\0&lt;/a&gt;
W, 3504, 17, 2013/05/23, 19:00:30.982, 2921232760118, QTAgent32.exe, FindScreenElementInSinglePass : Attempting to find control in one pass of search. Failures can occur.
W, 3504, 17, 2013/05/23, 19:00:31.423, 2921239068544, QTAgent32.exe, &lt;a class=success&gt;Playback - {164} [SUCCESS] MouseButtonClick - "[MSAA]ControlType='MenuItem' &amp;&amp; Name='3rd Party Integration'"
\0&lt;/a&gt;
W, 3504, 17, 2013/05/23, 19:00:31.523, 2921240507747, QTAgent32.exe, FindScreenElementInSinglePass : Attempting to find control in one pass of search. Failures can occur.
W, 3504, 17, 2013/05/23, 19:00:31.981, 2921247059127, QTAgent32.exe, &lt;a class=success&gt;Playback - {165} [SUCCESS] MouseButtonClick - "[MSAA]ControlType='MenuItem' &amp;&amp; Name='Renewals Loader'"
\0&lt;/a&gt;
W, 3504, 17, 2013/05/23, 19:00:32.430, 2921253489415, QTAgent32.exe, Playback - [WARNING] Internal warning: Window Not Found: [VisibleOnly]ControlType='Window' &amp;&amp; Name='Renewal Loader' &amp;&amp; ClassName='TfUIMain'
\0
E, 3504, 17, 2013/05/23, 19:00:32.430, 2921253494342, QTAgent32.exe, &lt;a class=failure&gt;Playback - {166} [FAILED] Function ElementFetcher::FindScreenElement failed to locate UI element (Searching: ;[VisibleOnly]ControlType='Window' &amp;&amp; Name='Renewal Loader' &amp;&amp; ClassName='TfUIMain') (The object specified was not found.)
\0&lt;/a&gt;
E, 3504, 17, 2013/05/23, 19:00:32.581, 2921255662391, QTAgent32.exe, Playback - [IMAGE] C:\Users\testuser\AppData\Local\Temp\UITestLogs\LastRun\RPF2B33.png
\0
W, 3504, 17, 2013/05/23, 19:00:32.582, 2921255666185, QTAgent32.exe, Playback - [WARNING] Internal warning: Couldn't find descendants that match QueryId
\0
W, 3504, 17, 2013/05/23, 19:00:33.753, 2921272439481, QTAgent32.exe, PERF WARNING: FindTopLevelWindowHelper::FindAllDescendents: took 1170 ms. Expected it to take maximum 500 ms.
W, 3504, 17, 2013/05/23, 19:00:33.880, 2921274257895, QTAgent32.exe, &lt;a class=success&gt;Playback - {167} [SUCCESS] MouseButtonClick - "[MSAA, VisibleOnly]ControlType='TitleBar'"
\0&lt;/a&gt;
W, 3504, 17, 2013/05/23, 19:00:34.268, 2921279804657, QTAgent32.exe, &lt;a class=success&gt;Playback - {168} [SUCCESS] SendKeys "^{HOME}" - "[MSAA, VisibleOnly]ControlType='Edit'"
\0&lt;/a&gt;
E, 3504, 17, 2013/05/23, 19:00:34.268, 2921279808023, QTAgent32.exe, Msaa.GetFocusedElement: could not find accessible object of foreground window
W, 3504, 17, 2013/05/23, 19:00:34.324, 2921280606176, QTAgent32.exe, &lt;a class=success&gt;Playback - {169} [SUCCESS] SendKeys "^+{END}" - "[MSAA, VisibleOnly]ControlType='Edit'"
\0&lt;/a&gt;
E, 3504, 17, 2013/05/23, 19:00:34.324, 2921280609832, QTAgent32.exe, Msaa.GetFocusedElement: could not find accessible object of foreground window
W, 3504, 17, 2013/05/23, 19:00:34.341, 2921280852461, QTAgent32.exe, &lt;a class=success&gt;Playback - {170} [SUCCESS] SendKeys "{DELETE}" - "[MSAA, VisibleOnly]ControlType='Edit'"
\0&lt;/a&gt;
W, 3504, 17, 2013/05/23, 19:00:34.798, 2921287398617, QTAgent32.exe, &lt;a class=success&gt;Playback - {171} [SUCCESS] SetValueAsEditBox "23/05/2013" - "[MSAA, VisibleOnly]ControlType='Edit'"  &lt; Set via SendKeys &gt;
\0&lt;/a&gt;
W, 3504, 17, 2013/05/23, 19:00:35.179, 2921292849091, QTAgent32.exe, &lt;a class=success&gt;Playback - {172} [SUCCESS] SendKeys "^{HOME}" - "[MSAA, VisibleOnly]ControlType='Edit'"
\0&lt;/a&gt;
E, 3504, 17, 2013/05/23, 19:00:35.179, 2921292852636, QTAgent32.exe, Msaa.GetFocusedElement: could not find accessible object of foreground window
W, 3504, 17, 2013/05/23, 19:00:35.250, 2921293869063, QTAgent32.exe, &lt;a class=success&gt;Playback - {173} [SUCCESS] SendKeys "^+{END}" - "[MSAA, VisibleOnly]ControlType='Edit'"
\0&lt;/a&gt;
E, 3504, 17, 2013/05/23, 19:00:35.251, 2921293884485, QTAgent32.exe, Msaa.GetFocusedElement: could not find accessible object of foreground window
W, 3504, 17, 2013/05/23, 19:00:35.270, 2921294148139, QTAgent32.exe, &lt;a class=success&gt;Playback - {174} [SUCCESS] SendKeys "{DELETE}" - "[MSAA, VisibleOnly]ControlType='Edit'"
\0&lt;/a&gt;
W, 3504, 17, 2013/05/23, 19:00:35.725, 2921300667179, QTAgent32.exe, &lt;a class=success&gt;Playback - {175} [SUCCESS] SetValueAsEditBox "06/06/2013" - "[MSAA, VisibleOnly]ControlType='Edit'"  &lt; Set via SendKeys &gt;
\0&lt;/a&gt;
W, 3504, 17, 2013/05/23, 19:00:36.141, 2921306630717, QTAgent32.exe, &lt;a class=success&gt;Playback - {176} [SUCCESS] MouseButtonClick - "[MSAA, VisibleOnly]ControlType='Button' &amp;&amp; Name='Run'"
\0&lt;/a&gt;
W, 3504, 17, 2013/05/23, 19:00:41.305, 2921380570026, QTAgent32.exe, FindNTopWindows : Search will be continued for 12000 even on failure
W, 3504, 17, 2013/05/23, 19:00:41.972, 2921390121943, QTAgent32.exe, Playback - [WARNING] Internal warning: Window with Class "IEFrame" and Title "insurE-com System Maintenance" was not found, so similar window with Class "IEFrame" and Title "insurE-com System Maintenance - Windows Internet Explorer" was accepted
\0
W, 3504, 17, 2013/05/23, 19:00:41.974, 2921390149753, QTAgent32.exe, Playback - [WARNING] Internal warning: Couldn't find descendants that match QueryId
\0
W, 3504, 17, 2013/05/23, 19:00:41.976, 2921390178498, QTAgent32.exe, PERF WARNING: FindNTopWindows::FindAllDescendents: took 663 ms. Expected it to take maximum 500 ms.
W, 3504, 17, 2013/05/23, 19:00:42.559, 2921398523200, QTAgent32.exe, Playback - [WARNING] Internal warning: Window with Class "IEFrame" and Title "insurE-com System Maintenance" was not found, so similar window with Class "IEFrame" and Title "insurE-com System Maintenance - Windows Internet Explorer" was accepted
\0
W, 3504, 17, 2013/05/23, 19:00:42.559, 2921398526012, QTAgent32.exe, Playback - [WARNING] Internal warning: Couldn't find descendants that match QueryId
\0
W, 3504, 17, 2013/05/23, 19:00:42.560, 2921398529299, QTAgent32.exe, PERF WARNING: FindNTopWindows::FindAllDescendents: took 582 ms. Expected it to take maximum 500 ms.
W, 3504, 17, 2013/05/23, 19:00:43.107, 2921406363724, QTAgent32.exe, Playback - [WARNING] Internal warning: Window with Class "IEFrame" and Title "insurE-com System Maintenance" was not found, so similar window with Class "IEFrame" and Title "insurE-com System Maintenance - Windows Internet Explorer" was accepted
\0
W, 3504, 17, 2013/05/23, 19:00:43.107, 2921406366990, QTAgent32.exe, Playback - [WARNING] Internal warning: Couldn't find descendants that match QueryId
\0
W, 3504, 17, 2013/05/23, 19:00:43.107, 2921406370348, QTAgent32.exe, PERF WARNING: FindNTopWindows::FindAllDescendents: took 547 ms. Expected it to take maximum 500 ms.
W, 3504, 17, 2013/05/23, 19:00:43.657, 2921414237722, QTAgent32.exe, Playback - [WARNING] Internal warning: Window with Class "IEFrame" and Title "insurE-com System Maintenance" was not found, so similar window with Class "IEFrame" and Title "insurE-com System Maintenance - Windows Internet Explorer" was accepted
\0
W, 3504, 17, 2013/05/23, 19:00:43.657, 2921414240247, QTAgent32.exe, Playback - [WARNING] Internal warning: Couldn't find descendants that match QueryId
\0
W, 3504, 17, 2013/05/23, 19:00:43.657, 2921414243388, QTAgent32.exe, PERF WARNING: FindNTopWindows::FindAllDescendents: took 549 ms. Expected it to take maximum 500 ms.
E, 3504, 17, 2013/05/23, 19:00:43.769, 2921415844986, QTAgent32.exe, &lt;a class=failure&gt;Playback - {177} [FAILED] Function ElementFetcher::FindScreenElement failed to locate UI element (Searching: ;[VisibleOnly,FindAll]Name='insurE-com System Maintenance' &amp;&amp; ClassName='IEFrame' &amp;&amp; ControlType='Window' &amp;&amp; FilterCondition(OrderOfInvocation='4')) (The object specified was not found.)
\0&lt;/a&gt;
E, 3504, 17, 2013/05/23, 19:00:43.924, 2921418061674, QTAgent32.exe, Playback - [IMAGE] C:\Users\testuser\AppData\Local\Temp\UITestLogs\LastRun\RPF5781.png
\0
W, 3504, 17, 2013/05/23, 19:00:43.924, 2921418064100, QTAgent32.exe, Playback - [WARNING] Internal warning: Couldn't find descendants that match QueryId
\0
E, 3504, 17, 2013/05/23, 19:00:44.090, 2921420442676, QTAgent32.exe, &lt;a class=failure&gt;Playback - {178} [FAILED] Function ElementFetcher::FindScreenElement failed to locate UI element (Searching: ;[VisibleOnly,FindAll]Name='insurE-com System Maintenance' &amp;&amp; ClassName='IEFrame' &amp;&amp; ControlType='Window' &amp;&amp; FilterCondition(OrderOfInvocation='4')) (The object specified was not found.)
\0&lt;/a&gt;
E, 3504, 17, 2013/05/23, 19:00:44.174, 2921421640300, QTAgent32.exe, Playback - [IMAGE] C:\Users\testuser\AppData\Local\Temp\UITestLogs\LastRun\RPF58BA.png
\0
W, 3504, 17, 2013/05/23, 19:00:44.174, 2921421642566, QTAgent32.exe, Playback - [WARNING] Internal warning: Couldn't find descendants that match QueryId
\0
W, 3504, 17, 2013/05/23, 19:00:44.803, 2921430649624, QTAgent32.exe, Playback - [WARNING] Internal warning: Window with Class "IEFrame" and Title "insurE-com System Maintenance" was not found, so similar window with Class "IEFrame" and Title "insurE-com System Maintenance - Windows Internet Explorer" was accepted
\0
W, 3504, 17, 2013/05/23, 19:00:44.803, 2921430652131, QTAgent32.exe, Playback - [WARNING] Internal warning: Couldn't find descendants that match QueryId
\0
W, 3504, 17, 2013/05/23, 19:00:44.803, 2921430655045, QTAgent32.exe, PERF WARNING: FindNTopWindows::FindAllDescendents: took 629 ms. Expected it to take maximum 500 ms.
W, 3504, 17, 2013/05/23, 19:00:45.409, 2921439330745, QTAgent32.exe, Playback - [WARNING] Internal warning: Window with Class "IEFrame" and Title "insurE-com System Maintenance" was not found, so similar window with Class "IEFrame" and Title "insurE-com System Maintenance - Windows Internet Explorer" was accepted
\0
W, 3504, 17, 2013/05/23, 19:00:45.409, 2921439333679, QTAgent32.exe, Playback - [WARNING] Internal warning: Couldn't find descendants that match QueryId
\0
W, 3504, 17, 2013/05/23, 19:00:45.409, 2921439336449, QTAgent32.exe, PERF WARNING: FindNTopWindows::FindAllDescendents: took 606 ms. Expected it to take maximum 500 ms.
W, 3504, 17, 2013/05/23, 19:00:45.934, 2921446849382, QTAgent32.exe, Playback - [WARNING] Internal warning: Window with Class "IEFrame" and Title "insurE-com System Maintenance" was not found, so similar window with Class "IEFrame" and Title "insurE-com System Maintenance - Windows Internet Explorer" was accepted
\0
W, 3504, 17, 2013/05/23, 19:00:45.934, 2921446853992, QTAgent32.exe, Playback - [WARNING] Internal warning: Couldn't find descendants that match QueryId
\0
W, 3504, 17, 2013/05/23, 19:00:45.935, 2921446859750, QTAgent32.exe, PERF WARNING: FindNTopWindows::FindAllDescendents: took 525 ms. Expected it to take maximum 500 ms.
W, 3504, 17, 2013/05/23, 19:00:46.616, 2921456604308, QTAgent32.exe, Playback - [WARNING] Internal warning: Window with Class "IEFrame" and Title "insurE-com System Maintenance" was not found, so similar window with Class "IEFrame" and Title "insurE-com System Maintenance - Windows Internet Explorer" was accepted
\0
W, 3504, 17, 2013/05/23, 19:00:46.616, 2921456607210, QTAgent32.exe, Playback - [WARNING] Internal warning: Couldn't find descendants that match QueryId
\0
W, 3504, 17, 2013/05/23, 19:00:46.616, 2921456610618, QTAgent32.exe, PERF WARNING: FindNTopWindows::FindAllDescendents: took 680 ms. Expected it to take maximum 500 ms.
W, 3504, 17, 2013/05/23, 19:00:47.082, 2921463276465, QTAgent32.exe, Playback - [WARNING] Internal warning: Window with Class "IEFrame" and Title "insurE-com System Maintenance" was not found, so similar window with Class "IEFrame" and Title "insurE-com System Maintenance - Windows Internet Explorer" was accepted
\0
W, 3504, 17, 2013/05/23, 19:00:47.082, 2921463279261, QTAgent32.exe, Playback - [WARNING] Internal warning: Couldn't find descendants that match QueryId
\0
W, 3504, 17, 2013/05/23, 19:00:47.549, 2921469969423, QTAgent32.exe, Playback - [WARNING] Internal warning: Window with Class "IEFrame" and Title "insurE-com System Maintenance" was not found, so similar window with Class "IEFrame" and Title "insurE-com System Maintenance - Windows Internet Explorer" was accepted
\0
W, 3504, 17, 2013/05/23, 19:00:47.549, 2921469974108, QTAgent32.exe, Playback - [WARNING] Internal warning: Couldn't find descendants that match QueryId
\0
W, 3504, 17, 2013/05/23, 19:00:47.991, 2921476292437, QTAgent32.exe, Playback - [WARNING] Internal warning: Window with Class "IEFrame" and Title "insurE-com System Maintenance" was not found, so similar window with Class "IEFrame" and Title "insurE-com System Maintenance - Windows Internet Explorer" was accepted
\0
W, 3504, 17, 2013/05/23, 19:00:47.991, 2921476295101, QTAgent32.exe, Playback - [WARNING] Internal warning: Couldn't find descendants that match QueryId
\0
W, 3504, 17, 2013/05/23, 19:00:48.491, 2921483457013, QTAgent32.exe, Playback - [WARNING] Internal warning: Window with Class "IEFrame" and Title "insurE-com System Maintenance" was not found, so similar window with Class "IEFrame" and Title "insurE-com System Maintenance - Windows Internet Explorer" was accepted
\0
W, 3504, 17, 2013/05/23, 19:00:48.491, 2921483460820, QTAgent32.exe, Playback - [WARNING] Internal warning: Couldn't find descendants that match QueryId
\0
W, 3504, 17, 2013/05/23, 19:00:49.045, 2921491388924, QTAgent32.exe, Playback - [WARNING] Internal warning: Window with Class "IEFrame" and Title "insurE-com System Maintenance" was not found, so similar window with Class "IEFrame" and Title "insurE-com System Maintenance - Windows Internet Explorer" was accepted
\0
W, 3504, 17, 2013/05/23, 19:00:49.045, 2921491391877, QTAgent32.exe, Playback - [WARNING] Internal warning: Couldn't find descendants that match QueryId
\0
W, 3504, 17, 2013/05/23, 19:00:49.045, 2921491394738, QTAgent32.exe, PERF WARNING: FindNTopWindows::FindAllDescendents: took 553 ms. Expected it to take maximum 500 ms.
W, 3504, 17, 2013/05/23, 19:00:49.521, 2921498212785, QTAgent32.exe, Playback - [WARNING] Internal warning: Window with Class "IEFrame" and Title "insurE-com System Maintenance" was not found, so similar window with Class "IEFrame" and Title "insurE-com System Maintenance - Windows Internet Explorer" was accepted
\0
W, 3504, 17, 2013/05/23, 19:00:49.522, 2921498216056, QTAgent32.exe, Playback - [WARNING] Internal warning: Couldn't find descendants that match QueryId
\0
W, 3504, 17, 2013/05/23, 19:00:49.987, 2921504871211, QTAgent32.exe, Playback - [WARNING] Internal warning: Window with Class "IEFrame" and Title "insurE-com System Maintenance" was not found, so similar window with Class "IEFrame" and Title "insurE-com System Maintenance - Windows Internet Explorer" was accepted
\0
W, 3504, 17, 2013/05/23, 19:00:49.987, 2921504874158, QTAgent32.exe, Playback - [WARNING] Internal warning: Couldn't find descendants that match QueryId
\0
W, 3504, 17, 2013/05/23, 19:00:50.450, 2921511505787, QTAgent32.exe, Playback - [WARNING] Internal warning: Window with Class "IEFrame" and Title "insurE-com System Maintenance" was not found, so similar window with Class "IEFrame" and Title "insurE-com System Maintenance - Windows Internet Explorer" was accepted
\0
W, 3504, 17, 2013/05/23, 19:00:50.450, 2921511508584, QTAgent32.exe, Playback - [WARNING] Internal warning: Couldn't find descendants that match QueryId
\0
W, 3504, 17, 2013/05/23, 19:00:50.906, 2921518029322, QTAgent32.exe, Playback - [WARNING] Internal warning: Window with Class "IEFrame" and Title "insurE-com System Maintenance" was not found, so similar window with Class "IEFrame" and Title "insurE-com System Maintenance - Windows Internet Explorer" was accepted
\0
W, 3504, 17, 2013/05/23, 19:00:50.906, 2921518034857, QTAgent32.exe, Playback - [WARNING] Internal warning: Couldn't find descendants that match QueryId
\0
W, 3504, 17, 2013/05/23, 19:00:51.371, 2921524695016, QTAgent32.exe, Playback - [WARNING] Internal warning: Window with Class "IEFrame" and Title "insurE-com System Maintenance" was not found, so similar window with Class "IEFrame" and Title "insurE-com System Maintenance - Windows Internet Explorer" was accepted
\0
W, 3504, 17, 2013/05/23, 19:00:51.371, 2921524697713, QTAgent32.exe, Playback - [WARNING] Internal warning: Couldn't find descendants that match QueryId
\0
W, 3504, 17, 2013/05/23, 19:00:51.805, 2921530905594, QTAgent32.exe, Playback - [WARNING] Internal warning: Window with Class "IEFrame" and Title "insurE-com System Maintenance" was not found, so similar window with Class "IEFrame" and Title "insurE-com System Maintenance - Windows Internet Explorer" was accepted
\0
W, 3504, 17, 2013/05/23, 19:00:51.805, 2921530908945, QTAgent32.exe, Playback - [WARNING] Internal warning: Couldn't find descendants that match QueryId
\0
W, 3504, 17, 2013/05/23, 19:00:52.275, 2921537644368, QTAgent32.exe, Playback - [WARNING] Internal warning: Window with Class "IEFrame" and Title "insurE-com System Maintenance" was not found, so similar window with Class "IEFrame" and Title "insurE-com System Maintenance - Windows Internet Explorer" was accepted
\0
W, 3504, 17, 2013/05/23, 19:00:52.276, 2921537647667, QTAgent32.exe, Playback - [WARNING] Internal warning: Couldn't find descendants that match QueryId
\0
W, 3504, 17, 2013/05/23, 19:00:52.733, 2921544200522, QTAgent32.exe, Playback - [WARNING] Internal warning: Window with Class "IEFrame" and Title "insurE-com System Maintenance" was not found, so similar window with Class "IEFrame" and Title "insurE-com System Maintenance - Windows Internet Explorer" was accepted
\0
W, 3504, 17, 2013/05/23, 19:00:52.734, 2921544203750, QTAgent32.exe, Playback - [WARNING] Internal warning: Couldn't find descendants that match QueryId
\0
W, 3504, 17, 2013/05/23, 19:00:53.203, 2921550928243, QTAgent32.exe, Playback - [WARNING] Internal warning: Window with Class "IEFrame" and Title "insurE-com System Maintenance" was not found, so similar window with Class "IEFrame" and Title "insurE-com System Maintenance - Windows Internet Explorer" was accepted
\0
W, 3504, 17, 2013/05/23, 19:00:53.203, 2921550930906, QTAgent32.exe, Playback - [WARNING] Internal warning: Couldn't find descendants that match QueryId
\0
W, 3504, 17, 2013/05/23, 19:00:53.715, 2921558261527, QTAgent32.exe, Playback - [WARNING] Internal warning: Window with Class "IEFrame" and Title "insurE-com System Maintenance" was not found, so similar window with Class "IEFrame" and Title "insurE-com System Maintenance - Windows Internet Explorer" was accepted
\0
W, 3504, 17, 2013/05/23, 19:00:53.715, 2921558264551, QTAgent32.exe, Playback - [WARNING] Internal warning: Couldn't find descendants that match QueryId
\0
W, 3504, 17, 2013/05/23, 19:00:53.716, 2921558268245, QTAgent32.exe, PERF WARNING: FindNTopWindows::FindAllDescendents: took 512 ms. Expected it to take maximum 500 ms.
W, 3504, 17, 2013/05/23, 19:00:55.401, 2921582397898, QTAgent32.exe, Playback - [WARNING] Internal warning: Window Not Found: [VisibleOnly]Name='insurE-com System Maintenance' &amp;&amp; ClassName='IEFrame' &amp;&amp; ControlType='Window'
\0
E, 3504, 17, 2013/05/23, 19:00:55.401, 2921582401321, QTAgent32.exe, &lt;a class=failure&gt;Playback - {179} [FAILED] Function ElementFetcher::FindScreenElement failed to locate UI element (Searching: ;[VisibleOnly]Name='insurE-com System Maintenance' &amp;&amp; ClassName='IEFrame' &amp;&amp; ControlType='Window') (The object specified was not found.)
\0&lt;/a&gt;
E, 3504, 17, 2013/05/23, 19:00:55.482, 2921583553748, QTAgent32.exe, Playback - [IMAGE] C:\Users\testuser\AppData\Local\Temp\UITestLogs\LastRun\RPF84E9.png
\0
W, 3504, 17, 2013/05/23, 19:00:55.482, 2921583557084, QTAgent32.exe, Playback - [WARNING] Internal warning: Couldn't find descendants that match QueryId
\0
W, 3504, 17, 2013/05/23, 19:00:55.482, 2921583560944, QTAgent32.exe, PERF WARNING: Playback.FindScreenElement: took 1766 ms. Expected it to take maximum 500 ms.
E, 3504, 17, 2013/05/23, 19:00:55.483, 2921583565639, QTAgent32.exe, Window 4589480 not responding. Last Win32 error 0
E, 3504, 17, 2013/05/23, 19:00:55.483, 2921583566796, QTAgent32.exe, GetClassName for handle 4589480 failed
E, 3504, 17, 2013/05/23, 19:00:55.483, 2921583570665, QTAgent32.exe, Window 4589480 not responding. Last Win32 error 1400
E, 3504, 17, 2013/05/23, 19:00:55.483, 2921583571550, QTAgent32.exe, GetClassName for handle 4589480 failed
E, 3504, 17, 2013/05/23, 19:00:55.584, 2921585010833, QTAgent32.exe, AL: Playback Error: Microsoft.VisualStudio.TestTools.UITest.Extension.UITestControlNotAvailableException: The control is not available or not valid. Additional Details: 
TechnologyName:  'MSAA'
Name:  'insurE-com System Maintenance'
ClassName:  'IEFrame'
ControlType:  'Window'
 ---&gt; System.Runtime.InteropServices.COMException: Error HRESULT E_FAIL has been returned from a call to a COM component.
   at Microsoft.VisualStudio.TestTools.UITest.Playback.Engine.IRPFPlayback.FindScreenElement(String bstrQueryId)
   at Microsoft.VisualStudio.TestTools.UITest.Playback.ScreenElement.FindFromPartialQueryId(String queryId)
   at Microsoft.VisualStudio.TestTools.UITesting.UITestControl.EnsureValid(Boolean waitForReady, Boolean refetch)
   --- End of inner exception stack trace ---
   at Microsoft.VisualStudio.TestTools.UITesting.UITestControl.EnsureValid(Boolean waitForReady, Boolean refetch)
   at Microsoft.VisualStudio.TestTools.UITesting.UITestControl.SendKeys(String text, ModifierKeys modifierKeys, Boolean isEncoded, Boolean isUnicode)
   at Microsoft.VisualStudio.TestTools.UITesting.Keyboard.SendKeysImplementation(UITestControl control, String text, ModifierKeys modifierKeys, Boolean isEncoded, Boolean isUnicode)
   at Microsoft.VisualStudio.TestTools.UITesting.Keyboard.SendKeysImplementationWrapper(UITestControl control, String text, ModifierKeys modifierKeys, Boolean isEncoded, Boolean isUnicode)
W, 3504, 17, 2013/05/23, 19:00:55.584, 2921585013540, QTAgent32.exe, PlaybackErrorHandler: Ignoring exception as ContinueOnError is set.
W, 3504, 17, 2013/05/23, 19:00:56.588, 2921599387345, QTAgent32.exe, &lt;a class=success&gt;Playback - {180} [SUCCESS] MouseButtonClick - "[MSAA, VisibleOnly]ControlType='TitleBar'"
\0&lt;/a&gt;
W, 3504, 17, 2013/05/23, 19:00:56.825, 2921602789943, QTAgent32.exe, &lt;a class=success&gt;Playback - {181} [SUCCESS] MouseButtonClick - "[MSAA, VisibleOnly]ControlType='Button' &amp;&amp; Name='Close'"
\0&lt;/a&gt;
W, 3504, 17, 2013/05/23, 19:00:57.869, 2921617725220, QTAgent32.exe, &lt;a class=success&gt;Playback - {182} [SUCCESS] MouseButtonClick - "[MSAA, VisibleOnly]ControlType='Button' &amp;&amp; Name='Options'"
\0&lt;/a&gt;
W, 3504, 17, 2013/05/23, 19:00:57.969, 2921619164215, QTAgent32.exe, FindScreenElementInSinglePass : Attempting to find control in one pass of search. Failures can occur.
W, 3504, 17, 2013/05/23, 19:00:58.299, 2921623883600, QTAgent32.exe, &lt;a class=success&gt;Playback - {183} [SUCCESS] MouseButtonClick - "[MSAA]ControlType='MenuItem' &amp;&amp; Name='Links'"
\0&lt;/a&gt;
W, 3504, 17, 2013/05/23, 19:00:58.399, 2921625319408, QTAgent32.exe, FindScreenElementInSinglePass : Attempting to find control in one pass of search. Failures can occur.
W, 3504, 17, 2013/05/23, 19:00:58.737, 2921630163588, QTAgent32.exe, &lt;a class=success&gt;Playback - {184} [SUCCESS] MouseButtonClick - "[MSAA]ControlType='MenuItem' &amp;&amp; Name='3rd Party Integration'"
\0&lt;/a&gt;
W, 3504, 17, 2013/05/23, 19:00:58.838, 2921631601209, QTAgent32.exe, FindScreenElementInSinglePass : Attempting to find control in one pass of search. Failures can occur.
W, 3504, 17, 2013/05/23, 19:00:59.182, 2921636527188, QTAgent32.exe, &lt;a class=success&gt;Playback - {185} [SUCCESS] MouseButtonClick - "[MSAA]ControlType='MenuItem' &amp;&amp; Name='Renewals Module'"
\0&lt;/a&gt;
W, 3504, 17, 2013/05/23, 19:00:59.724, 2921644290242, QTAgent32.exe, Playback - [WARNING] Internal warning: Window Not Found: [VisibleOnly]ControlType='Window' &amp;&amp; Name='Personal Lines Renewals' &amp;&amp; ClassName='ThunderRT6FormDC'
\0
E, 3504, 17, 2013/05/23, 19:00:59.724, 2921644294085, QTAgent32.exe, &lt;a class=failure&gt;Playback - {186} [FAILED] Function ElementFetcher::FindScreenElement failed to locate UI element (Searching: ;[VisibleOnly]ControlType='Window' &amp;&amp; Name='Personal Lines Renewals' &amp;&amp; ClassName='ThunderRT6FormDC') (The object specified was not found.)
\0&lt;/a&gt;
E, 3504, 17, 2013/05/23, 19:00:59.817, 2921645620598, QTAgent32.exe, Playback - [IMAGE] C:\Users\testuser\AppData\Local\Temp\UITestLogs\LastRun\RPF95CB.png
\0
W, 3504, 17, 2013/05/23, 19:00:59.817, 2921645622940, QTAgent32.exe, Playback - [WARNING] Internal warning: Couldn't find descendants that match QueryId
\0
W, 3504, 17, 2013/05/23, 19:00:59.817, 2921645626857, QTAgent32.exe, PERF WARNING: FindTopLevelWindowHelper::FindAllDescendents: took 535 ms. Expected it to take maximum 500 ms.
W, 3504, 17, 2013/05/23, 19:00:59.853, 2921646144843, QTAgent32.exe, Playback - [WARNING] Internal warning: Window Not Found: [VisibleOnly]ControlType='Window' &amp;&amp; Name='Personal Lines Renewals' &amp;&amp; ClassName='ThunderRT6FormDC'
\0
E, 3504, 17, 2013/05/23, 19:00:59.854, 2921646147776, QTAgent32.exe, &lt;a class=failure&gt;Playback - {187} [FAILED] Function ElementFetcher::FindScreenElement failed to locate UI element (Searching: ;[VisibleOnly]ControlType='Window' &amp;&amp; Name='Personal Lines Renewals' &amp;&amp; ClassName='ThunderRT6FormDC') (The object specified was not found.)
\0&lt;/a&gt;
E, 3504, 17, 2013/05/23, 19:00:59.949, 2921647512920, QTAgent32.exe, Playback - [IMAGE] C:\Users\testuser\AppData\Local\Temp\UITestLogs\LastRun\RPF9659.png
\0
W, 3504, 17, 2013/05/23, 19:00:59.949, 2921647516912, QTAgent32.exe, Playback - [WARNING] Internal warning: Couldn't find descendants that match QueryId
\0
W, 3504, 17, 2013/05/23, 19:01:00.296, 2921652481983, QTAgent32.exe, Playback - [WARNING] Internal warning: Window Not Found: [VisibleOnly]ControlType='Window' &amp;&amp; Name='Personal Lines Renewals' &amp;&amp; ClassName='ThunderRT6FormDC'
\0
E, 3504, 17, 2013/05/23, 19:01:00.296, 2921652484937, QTAgent32.exe, &lt;a class=failure&gt;Playback - {188} [FAILED] Function ElementFetcher::FindScreenElement failed to locate UI element (Searching: ;[VisibleOnly]ControlType='Window' &amp;&amp; Name='Personal Lines Renewals' &amp;&amp; ClassName='ThunderRT6FormDC') (The object specified was not found.)
\0&lt;/a&gt;
E, 3504, 17, 2013/05/23, 19:01:00.378, 2921653661203, QTAgent32.exe, Playback - [IMAGE] C:\Users\testuser\AppData\Local\Temp\UITestLogs\LastRun\RPF980E.png
\0
W, 3504, 17, 2013/05/23, 19:01:00.378, 2921653663533, QTAgent32.exe, Playback - [WARNING] Internal warning: Couldn't find descendants that match QueryId
\0
E, 3504, 17, 2013/05/23, 19:01:00.379, 2921653668037, QTAgent32.exe, Exception: System.Runtime.InteropServices.COMException
	Message: Error HRESULT E_FAIL has been returned from a call to a COM component.
	Stack Trace:    at Microsoft.VisualStudio.TestTools.UITest.Playback.Engine.IRPFPlayback.FindAllScreenElements(IScreenElement pScreenElementStart, String bstrQueryId, Object&amp; pvarResKeys, Int32 cResKeys, Int32 nMaxDepth, Object[]&amp; foundDescendants)
   at Microsoft.VisualStudio.TestTools.UITest.Playback.ScreenElement.FindTopLevelWindowHelper(String queryId)
	BaseExceptionMessage: Error HRESULT E_FAIL has been returned from a call to a COM component.

W, 3504, 17, 2013/05/23, 19:01:01.218, 2921665686312, QTAgent32.exe, Playback - [WARNING] Internal warning: Window Not Found: [VisibleOnly]ControlType='Window' &amp;&amp; Name='IETAM Renewals' &amp;&amp; ClassName='ThunderRT6FormDC'
\0
E, 3504, 17, 2013/05/23, 19:01:01.218, 2921665690199, QTAgent32.exe, &lt;a class=failure&gt;Playback - {189} [FAILED] Function ElementFetcher::FindScreenElement failed to locate UI element (Searching: ;[VisibleOnly]ControlType='Window' &amp;&amp; Name='IETAM Renewals' &amp;&amp; ClassName='ThunderRT6FormDC') (The object specified was not found.)
\0&lt;/a&gt;
E, 3504, 17, 2013/05/23, 19:01:01.348, 2921667549146, QTAgent32.exe, Playback - [IMAGE] C:\Users\testuser\AppData\Local\Temp\UITestLogs\LastRun\RPF9BA8.png
\0
W, 3504, 17, 2013/05/23, 19:01:01.348, 2921667551410, QTAgent32.exe, Playback - [WARNING] Internal warning: Couldn't find descendants that match QueryId
\0
W, 3504, 17, 2013/05/23, 19:01:01.348, 2921667555129, QTAgent32.exe, PERF WARNING: FindTopLevelWindowHelper::FindAllDescendents: took 964 ms. Expected it to take maximum 500 ms.
W, 3504, 17, 2013/05/23, 19:01:01.409, 2921668421365, QTAgent32.exe, Playback - [WARNING] Internal warning: Window Not Found: [VisibleOnly]ControlType='Window' &amp;&amp; Name='IETAM Renewals' &amp;&amp; ClassName='ThunderRT6FormDC'
\0
E, 3504, 17, 2013/05/23, 19:01:01.409, 2921668424596, QTAgent32.exe, &lt;a class=failure&gt;Playback - {190} [FAILED] Function ElementFetcher::FindScreenElement failed to locate UI element (Searching: ;[VisibleOnly]ControlType='Window' &amp;&amp; Name='IETAM Renewals' &amp;&amp; ClassName='ThunderRT6FormDC') (The object specified was not found.)
\0&lt;/a&gt;
E, 3504, 17, 2013/05/23, 19:01:01.497, 2921669682862, QTAgent32.exe, Playback - [IMAGE] C:\Users\testuser\AppData\Local\Temp\UITestLogs\LastRun\RPF9C64.png
\0
W, 3504, 17, 2013/05/23, 19:01:01.497, 2921669686232, QTAgent32.exe, Playback - [WARNING] Internal warning: Couldn't find descendants that match QueryId
\0
W, 3504, 17, 2013/05/23, 19:01:01.977, 2921676553737, QTAgent32.exe, Playback - [WARNING] Internal warning: Window Not Found: [VisibleOnly]ControlType='Window' &amp;&amp; Name='IETAM Renewals' &amp;&amp; ClassName='ThunderRT6FormDC'
\0
E, 3504, 17, 2013/05/23, 19:01:01.978, 2921676557303, QTAgent32.exe, &lt;a class=failure&gt;Playback - {191} [FAILED] Function ElementFetcher::FindScreenElement failed to locate UI element (Searching: ;[VisibleOnly]ControlType='Window' &amp;&amp; Name='IETAM Renewals' &amp;&amp; ClassName='ThunderRT6FormDC') (The object specified was not found.)
\0&lt;/a&gt;
E, 3504, 17, 2013/05/23, 19:01:02.072, 2921677907176, QTAgent32.exe, Playback - [IMAGE] C:\Users\testuser\AppData\Local\Temp\UITestLogs\LastRun\RPF9EA6.png
\0
W, 3504, 17, 2013/05/23, 19:01:02.072, 2921677909791, QTAgent32.exe, Playback - [WARNING] Internal warning: Couldn't find descendants that match QueryId
\0
W, 3504, 17, 2013/05/23, 19:01:02.072, 2921677912623, QTAgent32.exe, PERF WARNING: FindTopLevelWindowHelper::FindAllDescendents: took 574 ms. Expected it to take maximum 500 ms.
E, 3504, 17, 2013/05/23, 19:01:02.072, 2921677914387, QTAgent32.exe, Exception: System.Runtime.InteropServices.COMException
	Message: Error HRESULT E_FAIL has been returned from a call to a COM component.
	Stack Trace:    at Microsoft.VisualStudio.TestTools.UITest.Playback.Engine.IRPFPlayback.FindAllScreenElements(IScreenElement pScreenElementStart, String bstrQueryId, Object&amp; pvarResKeys, Int32 cResKeys, Int32 nMaxDepth, Object[]&amp; foundDescendants)
   at Microsoft.VisualStudio.TestTools.UITest.Playback.ScreenElement.FindTopLevelWindowHelper(String queryId)
	BaseExceptionMessage: Error HRESULT E_FAIL has been returned from a call to a COM component.

W, 3504, 17, 2013/05/23, 19:01:02.732, 2921687364782, QTAgent32.exe, &lt;a class=success&gt;Playback - {192} [SUCCESS] SetValueAsEditBox "1" - "[MSAA, VisibleOnly]ControlType='Edit'"  &lt; Set via SendKeys &gt;
\0&lt;/a&gt;
W, 3504, 17, 2013/05/23, 19:01:03.483, 2921698112960, QTAgent32.exe, &lt;a class=success&gt;Playback - {193} [SUCCESS] MouseButtonClick - "[MSAA, VisibleOnly]ControlType='Button' &amp;&amp; Name='Ok'"
\0&lt;/a&gt;
W, 3504, 17, 2013/05/23, 19:01:03.917, 2921704328645, QTAgent32.exe, Playback - [WARNING] Internal warning: Window Not Found: [VisibleOnly]ControlType='Window' &amp;&amp; Name='Confirm' &amp;&amp; ClassName='#32770'
\0
E, 3504, 17, 2013/05/23, 19:01:03.917, 2921704332138, QTAgent32.exe, &lt;a class=failure&gt;Playback - {194} [FAILED] Function ElementFetcher::FindScreenElement failed to locate UI element (Searching: ;[VisibleOnly]ControlType='Window' &amp;&amp; Name='Confirm' &amp;&amp; ClassName='#32770') (The object specified was not found.)
\0&lt;/a&gt;
E, 3504, 17, 2013/05/23, 19:01:04.003, 2921705562336, QTAgent32.exe, Playback - [IMAGE] C:\Users\testuser\AppData\Local\Temp\UITestLogs\LastRun\RPFA636.png
\0
W, 3504, 17, 2013/05/23, 19:01:04.003, 2921705564713, QTAgent32.exe, Playback - [WARNING] Internal warning: Couldn't find descendants that match QueryId
\0
W, 3504, 17, 2013/05/23, 19:01:22.034, 2921963731234, QTAgent32.exe, Playback - [WARNING] Internal warning: Window Not Found: [VisibleOnly]ControlType='Window' &amp;&amp; Name='Confirm' &amp;&amp; ClassName='#32770'
\0
E, 3504, 17, 2013/05/23, 19:01:22.035, 2921963738923, QTAgent32.exe, &lt;a class=failure&gt;Playback - {195} [FAILED] Function ElementFetcher::FindScreenElement failed to locate UI element (Searching: ;[VisibleOnly]ControlType='Window' &amp;&amp; Name='Confirm' &amp;&amp; ClassName='#32770') (The object specified was not found.)
\0&lt;/a&gt;
E, 3504, 17, 2013/05/23, 19:01:22.134, 2921965161628, QTAgent32.exe, Playback - [IMAGE] C:\Users\testuser\AppData\Local\Temp\UITestLogs\LastRun\RPFECF6.png
\0
W, 3504, 17, 2013/05/23, 19:01:22.134, 2921965164118, QTAgent32.exe, Playback - [WARNING] Internal warning: Couldn't find descendants that match QueryId
\0
W, 3504, 17, 2013/05/23, 19:01:22.135, 2921965173044, QTAgent32.exe, PERF WARNING: FindTopLevelWindowHelper::FindAllDescendents: took 18130 ms. Expected it to take maximum 500 ms.
W, 3504, 17, 2013/05/23, 19:01:22.672, 2921972859933, QTAgent32.exe, Playback - [WARNING] Internal warning: Smart Match failed
\0
W, 3504, 17, 2013/05/23, 19:01:23.086, 2921978799381, QTAgent32.exe, Playback - [WARNING] Internal warning: Smart Match failed
\0
W, 3504, 17, 2013/05/23, 19:01:23.485, 2921984514485, QTAgent32.exe, Playback - [WARNING] Internal warning: Smart Match failed
\0
W, 3504, 17, 2013/05/23, 19:01:23.876, 2921990109303, QTAgent32.exe, Playback - [WARNING] Internal warning: Smart Match failed
\0
W, 3504, 17, 2013/05/23, 19:01:24.281, 2921995910771, QTAgent32.exe, Playback - [WARNING] Internal warning: Smart Match failed
\0
W, 3504, 17, 2013/05/23, 19:01:24.725, 2922002271831, QTAgent32.exe, Playback - [WARNING] Internal warning: Smart Match failed
\0
W, 3504, 17, 2013/05/23, 19:01:25.157, 2922008445518, QTAgent32.exe, Playback - [WARNING] Internal warning: Smart Match failed
\0
W, 3504, 17, 2013/05/23, 19:01:25.471, 2922012946980, QTAgent32.exe, Playback - [WARNING] Internal warning: Window Not Found: [VisibleOnly]ControlType='Window' &amp;&amp; Name='Confirm' &amp;&amp; ClassName='#32770'
\0
E, 3504, 17, 2013/05/23, 19:01:25.472, 2922012951038, QTAgent32.exe, &lt;a class=failure&gt;Playback - {196} [FAILED] Function ElementFetcher::FindScreenElement failed to locate UI element (Searching: ;[VisibleOnly]ControlType='Window' &amp;&amp; Name='Confirm' &amp;&amp; ClassName='#32770') (The object specified was not found.)
\0&lt;/a&gt;
E, 3504, 17, 2013/05/23, 19:01:25.553, 2922014121057, QTAgent32.exe, Playback - [IMAGE] C:\Users\testuser\AppData\Local\Temp\UITestLogs\LastRun\RPFFA6F.png
\0
W, 3504, 17, 2013/05/23, 19:01:25.554, 2922014123629, QTAgent32.exe, Playback - [WARNING] Internal warning: Couldn't find descendants that match QueryId
\0
W, 3504, 17, 2013/05/23, 19:01:25.554, 2922014130304, QTAgent32.exe, PERF WARNING: FindTopLevelWindowHelper::FindAllDescendents: took 3418 ms. Expected it to take maximum 500 ms.
E, 3504, 17, 2013/05/23, 19:01:25.554, 2922014133270, QTAgent32.exe, Exception: System.Runtime.InteropServices.COMException
	Message: Error HRESULT E_FAIL has been returned from a call to a COM component.
	Stack Trace:    at Microsoft.VisualStudio.TestTools.UITest.Playback.Engine.IRPFPlayback.FindAllScreenElements(IScreenElement pScreenElementStart, String bstrQueryId, Object&amp; pvarResKeys, Int32 cResKeys, Int32 nMaxDepth, Object[]&amp; foundDescendants)
   at Microsoft.VisualStudio.TestTools.UITest.Playback.ScreenElement.FindTopLevelWindowHelper(String queryId)
	BaseExceptionMessage: Error HRESULT E_FAIL has been returned from a call to a COM component.

E, 3504, 17, 2013/05/23, 19:01:25.656, 2922015590423, QTAgent32.exe, AL: Playback Error: Microsoft.VisualStudio.TestTools.UITest.Extension.UITestControlNotFoundException: The playback failed to find the control with the given search properties. Additional Details: 
TechnologyName:  'MSAA'
ControlType:  'Window'
Name:  'Confirm'
ClassName:  '#32770'
 ---&gt; System.Runtime.InteropServices.COMException: Error HRESULT E_FAIL has been returned from a call to a COM component.
   at Microsoft.VisualStudio.TestTools.UITest.Playback.Engine.IRPFPlayback.FindAllScreenElements(IScreenElement pScreenElementStart, String bstrQueryId, Object&amp; pvarResKeys, Int32 cResKeys, Int32 nMaxDepth, Object[]&amp; foundDescendants)
   at Microsoft.VisualStudio.TestTools.UITest.Playback.ScreenElement.FindTopLevelWindowHelper(String queryId)
   at Microsoft.VisualStudio.TestTools.UITest.Playback.ScreenElement.FindFromPartialQueryId(String queryId)
   at Microsoft.VisualStudio.TestTools.UITesting.UITestControl..ctor(String queryId)
   --- End of inner exception stack trace ---
   at Microsoft.VisualStudio.TestTools.UITesting.Playback.MapControlNotFoundException(COMException ex, IPlaybackContext context)
   at Microsoft.VisualStudio.TestTools.UITesting.Playback.MapAndThrowComException(COMException innerException, IPlaybackContext context)
   at Microsoft.VisualStudio.TestTools.UITesting.Playback.MapAndThrowException(SystemException exception, IPlaybackContext context)
   at Microsoft.VisualStudio.TestTools.UITesting.Playback.MapAndThrowException(SystemException exception, String queryId)
   at Microsoft.VisualStudio.TestTools.UITesting.UITestControl..ctor(String queryId)
   at Microsoft.VisualStudio.TestTools.UITesting.SearchHelper.SearchTopLevelWindow(ISearchArgument topLevelSearchArg, String topLevelElementQueryId)
   at Microsoft.VisualStudio.TestTools.UITesting.SearchHelper.GetTitleUpdatedTopLevelWindow(ISearchArgument topLevelSearchArg, String queryId, IList`1 windowTitles)
   at Microsoft.VisualStudio.TestTools.UITesting.SearchHelper.GetTopLevelElement(Boolean useCache, Boolean useCacheOnly, ISearchArgument searchArg, IList`1 windowTitles, Int32&amp; timeLeft)
   at Microsoft.VisualStudio.TestTools.UITesting.SearchHelper.GetElement(Boolean useCache, ISearchArgument searchArg)
   at Microsoft.VisualStudio.TestTools.UITesting.SearchHelper.Search(ISearchArgument searchArg)
   at Microsoft.VisualStudio.TestTools.UITesting.UITestControl.FindInternal()
   at Microsoft.VisualStudio.TestTools.UITesting.UITestControl.FindControlIfNecessary()
   at Microsoft.VisualStudio.TestTools.UITesting.UITestControl.Click(MouseButtons button, ModifierKeys modifierKeys, Point relativeCoordinates)
   at Microsoft.VisualStudio.TestTools.UITesting.Mouse.ClickImplementation(UITestControl control, MouseButtons button, ModifierKeys modifierKeys, Point relativeCoordinate)
   at Microsoft.VisualStudio.TestTools.UITesting.Mouse.ClickImplementationWrapper(UITestControl control, MouseButtons button, ModifierKeys modifierKeys, Point relativeCoordinate)
W, 3504, 17, 2013/05/23, 19:01:25.656, 2922015594072, QTAgent32.exe, PlaybackErrorHandler: Ignoring exception as ContinueOnError is set.
W, 3504, 17, 2013/05/23, 19:01:25.972, 2922020117428, QTAgent32.exe, Playback - [WARNING] Internal warning: Window Not Found: [VisibleOnly]ControlType='Window' &amp;&amp; Name='Personal Lines' &amp;&amp; ClassName='#32770'
\0
E, 3504, 17, 2013/05/23, 19:01:25.972, 2922020120852, QTAgent32.exe, &lt;a class=failure&gt;Playback - {197} [FAILED] Function ElementFetcher::FindScreenElement failed to locate UI element (Searching: ;[VisibleOnly]ControlType='Window' &amp;&amp; Name='Personal Lines' &amp;&amp; ClassName='#32770') (The object specified was not found.)
\0&lt;/a&gt;
E, 3504, 17, 2013/05/23, 19:01:26.059, 2922021358078, QTAgent32.exe, Playback - [IMAGE] C:\Users\testuser\AppData\Local\Temp\UITestLogs\LastRun\RPFFC63.png
\0
W, 3504, 17, 2013/05/23, 19:01:26.059, 2922021360501, QTAgent32.exe, Playback - [WARNING] Internal warning: Couldn't find descendants that match QueryId
\0
W, 3504, 17, 2013/05/23, 19:01:44.121, 2922279978704, QTAgent32.exe, Playback - [WARNING] Internal warning: Window Not Found: [VisibleOnly]ControlType='Window' &amp;&amp; Name='Personal Lines' &amp;&amp; ClassName='#32770'
\0
E, 3504, 17, 2013/05/23, 19:01:44.121, 2922279983971, QTAgent32.exe, &lt;a class=failure&gt;Playback - {198} [FAILED] Function ElementFetcher::FindScreenElement failed to locate UI element (Searching: ;[VisibleOnly]ControlType='Window' &amp;&amp; Name='Personal Lines' &amp;&amp; ClassName='#32770') (The object specified was not found.)
\0&lt;/a&gt;
E, 3504, 17, 2013/05/23, 19:01:44.223, 2922281438833, QTAgent32.exe, Playback - [IMAGE] C:\Users\testuser\AppData\Local\Temp\UITestLogs\LastRun\RPF4343.png
\0
W, 3504, 17, 2013/05/23, 19:01:44.223, 2922281441380, QTAgent32.exe, Playback - [WARNING] Internal warning: Couldn't find descendants that match QueryId
\0
W, 3504, 17, 2013/05/23, 19:01:44.224, 2922281447888, QTAgent32.exe, PERF WARNING: FindTopLevelWindowHelper::FindAllDescendents: took 18164 ms. Expected it to take maximum 500 ms.
W, 3504, 17, 2013/05/23, 19:01:44.766, 2922289219204, QTAgent32.exe, Playback - [WARNING] Internal warning: Smart Match failed
\0
W, 3504, 17, 2013/05/23, 19:01:45.205, 2922295496717, QTAgent32.exe, Playback - [WARNING] Internal warning: Smart Match failed
\0
W, 3504, 17, 2013/05/23, 19:01:45.640, 2922301728893, QTAgent32.exe, Playback - [WARNING] Internal warning: Smart Match failed
\0
W, 3504, 17, 2013/05/23, 19:01:46.070, 2922307883271, QTAgent32.exe, Playback - [WARNING] Internal warning: Smart Match failed
\0
W, 3504, 17, 2013/05/23, 19:01:46.502, 2922314073464, QTAgent32.exe, Playback - [WARNING] Internal warning: Smart Match failed
\0
W, 3504, 17, 2013/05/23, 19:01:46.934, 2922320256761, QTAgent32.exe, Playback - [WARNING] Internal warning: Smart Match failed
\0
W, 3504, 17, 2013/05/23, 19:01:47.334, 2922325989095, QTAgent32.exe, Playback - [WARNING] Internal warning: Smart Match failed
\0
W, 3504, 17, 2013/05/23, 19:01:47.616, 2922330018295, QTAgent32.exe, Playback - [WARNING] Internal warning: Window Not Found: [VisibleOnly]ControlType='Window' &amp;&amp; Name='Personal Lines' &amp;&amp; ClassName='#32770'
\0
E, 3504, 17, 2013/05/23, 19:01:47.616, 2922330021590, QTAgent32.exe, &lt;a class=failure&gt;Playback - {199} [FAILED] Function ElementFetcher::FindScreenElement failed to locate UI element (Searching: ;[VisibleOnly]ControlType='Window' &amp;&amp; Name='Personal Lines' &amp;&amp; ClassName='#32770') (The object specified was not found.)
\0&lt;/a&gt;
E, 3504, 17, 2013/05/23, 19:01:47.702, 2922331250639, QTAgent32.exe, Playback - [IMAGE] C:\Users\testuser\AppData\Local\Temp\UITestLogs\LastRun\RPF50EB.png
\0
W, 3504, 17, 2013/05/23, 19:01:47.702, 2922331253154, QTAgent32.exe, Playback - [WARNING] Internal warning: Couldn't find descendants that match QueryId
\0
W, 3504, 17, 2013/05/23, 19:01:47.702, 2922331256424, QTAgent32.exe, PERF WARNING: FindTopLevelWindowHelper::FindAllDescendents: took 3478 ms. Expected it to take maximum 500 ms.
E, 3504, 17, 2013/05/23, 19:01:47.702, 2922331258525, QTAgent32.exe, Exception: System.Runtime.InteropServices.COMException
	Message: Error HRESULT E_FAIL has been returned from a call to a COM component.
	Stack Trace:    at Microsoft.VisualStudio.TestTools.UITest.Playback.Engine.IRPFPlayback.FindAllScreenElements(IScreenElement pScreenElementStart, String bstrQueryId, Object&amp; pvarResKeys, Int32 cResKeys, Int32 nMaxDepth, Object[]&amp; foundDescendants)
   at Microsoft.VisualStudio.TestTools.UITest.Playback.ScreenElement.FindTopLevelWindowHelper(String queryId)
	BaseExceptionMessage: Error HRESULT E_FAIL has been returned from a call to a COM component.

E, 3504, 17, 2013/05/23, 19:01:47.703, 2922331266136, QTAgent32.exe, Window 1509858 not responding. Last Win32 error 0
E, 3504, 17, 2013/05/23, 19:01:47.703, 2922331267743, QTAgent32.exe, GetClassName for handle 1509858 failed
E, 3504, 17, 2013/05/23, 19:01:47.703, 2922331272742, QTAgent32.exe, Window 3475806 not responding. Last Win32 error 1400
E, 3504, 17, 2013/05/23, 19:01:47.703, 2922331273791, QTAgent32.exe, GetClassName for handle 3475806 failed
E, 3504, 17, 2013/05/23, 19:01:47.804, 2922332716736, QTAgent32.exe, AL: Playback Error: Microsoft.VisualStudio.TestTools.UITest.Extension.UITestControlNotAvailableException: The control is not available or not valid. Additional Details: 
TechnologyName:  'MSAA'
Name:  'OK'
ControlType:  'Button'
 ---&gt; Microsoft.VisualStudio.TestTools.UITest.Extension.UITestControlNotAvailableException: The control is not available or not valid. Additional Details: 
TechnologyName:  'MSAA'
ControlType:  'Window'
 ---&gt; System.Runtime.InteropServices.COMException: Error HRESULT E_FAIL has been returned from a call to a COM component.
   at Microsoft.VisualStudio.TestTools.UITest.Playback.Engine.IRPFPlayback.FindAllScreenElements(IScreenElement pScreenElementStart, String bstrQueryId, Object&amp; pvarResKeys, Int32 cResKeys, Int32 nMaxDepth, Object[]&amp; foundDescendants)
   at Microsoft.VisualStudio.TestTools.UITest.Playback.ScreenElement.FindTopLevelWindowHelper(String queryId)
   at Microsoft.VisualStudio.TestTools.UITest.Playback.ScreenElement.FindFromPartialQueryId(String queryId)
   at Microsoft.VisualStudio.TestTools.UITesting.UITestControl.EnsureValid(Boolean waitForReady, Boolean refetch)
   --- End of inner exception stack trace ---
   at Microsoft.VisualStudio.TestTools.UITesting.UITestControl.EnsureValid(Boolean waitForReady, Boolean refetch)
   at Microsoft.VisualStudio.TestTools.UITesting.UITestControl.FindFirstDescendant(String queryId, Int32 maxDepth, Int32&amp; timeLeft)
   at Microsoft.VisualStudio.TestTools.UITesting.UITestControl.FindFirstDescendant(String queryId)
   at Microsoft.VisualStudio.TestTools.UITesting.UITestControl.EnsureValid(Boolean waitForReady, Boolean refetch)
   --- End of inner exception stack trace ---
   at Microsoft.VisualStudio.TestTools.UITesting.UITestControl.EnsureValid(Boolean waitForReady, Boolean refetch)
   at Microsoft.VisualStudio.TestTools.UITesting.UITestControl.Click(MouseButtons button, ModifierKeys modifierKeys, Point relativeCoordinates)
   at Microsoft.VisualStudio.TestTools.UITesting.Mouse.ClickImplementation(UITestControl control, MouseButtons button, ModifierKeys modifierKeys, Point relativeCoordinate)
   at Microsoft.VisualStudio.TestTools.UITesting.Mouse.ClickImplementationWrapper(UITestControl control, MouseButtons button, ModifierKeys modifierKeys, Point relativeCoordinate)
W, 3504, 17, 2013/05/23, 19:01:47.805, 2922332720300, QTAgent32.exe, PlaybackErrorHandler: Ignoring exception as ContinueOnError is set.
W, 3504, 17, 2013/05/23, 19:01:48.112, 2922337120197, QTAgent32.exe, Playback - [WARNING] Internal warning: Window Not Found: [VisibleOnly]ControlType='Window' &amp;&amp; Name='Policies Auto-Renewed &amp; Auto-Lapsed' &amp;&amp; ClassName='ThunderRT6FormDC'
\0
E, 3504, 17, 2013/05/23, 19:01:48.112, 2922337123796, QTAgent32.exe, &lt;a class=failure&gt;Playback - {200} [FAILED] Function ElementFetcher::FindScreenElement failed to locate UI element (Searching: ;[VisibleOnly]ControlType='Window' &amp;&amp; Name='Policies Auto-Renewed &amp; Auto-Lapsed' &amp;&amp; ClassName='ThunderRT6FormDC') (The object specified was not found.)
\0&lt;/a&gt;
E, 3504, 17, 2013/05/23, 19:01:48.206, 2922338464473, QTAgent32.exe, Playback - [IMAGE] C:\Users\testuser\AppData\Local\Temp\UITestLogs\LastRun\RPF52DF.png
\0
W, 3504, 17, 2013/05/23, 19:01:48.206, 2922338466757, QTAgent32.exe, Playback - [WARNING] Internal warning: Couldn't find descendants that match QueryId
\0
W, 3504, 17, 2013/05/23, 19:02:06.211, 2922596260238, QTAgent32.exe, Playback - [WARNING] Internal warning: Window Not Found: [VisibleOnly]ControlType='Window' &amp;&amp; Name='Policies Auto-Renewed &amp; Auto-Lapsed' &amp;&amp; ClassName='ThunderRT6FormDC'
\0
E, 3504, 17, 2013/05/23, 19:02:06.211, 2922596267901, QTAgent32.exe, &lt;a class=failure&gt;Playback - {201} [FAILED] Function ElementFetcher::FindScreenElement failed to locate UI element (Searching: ;[VisibleOnly]ControlType='Window' &amp;&amp; Name='Policies Auto-Renewed &amp; Auto-Lapsed' &amp;&amp; ClassName='ThunderRT6FormDC') (The object specified was not found.)
\0&lt;/a&gt;
E, 3504, 17, 2013/05/23, 19:02:06.304, 2922597600633, QTAgent32.exe, Playback - [IMAGE] C:\Users\testuser\AppData\Local\Temp\UITestLogs\LastRun\RPF9990.png
\0
W, 3504, 17, 2013/05/23, 19:02:06.304, 2922597603161, QTAgent32.exe, Playback - [WARNING] Internal warning: Couldn't find descendants that match QueryId
\0
W, 3504, 17, 2013/05/23, 19:02:06.305, 2922597611997, QTAgent32.exe, PERF WARNING: FindTopLevelWindowHelper::FindAllDescendents: took 18098 ms. Expected it to take maximum 500 ms.
W, 3504, 17, 2013/05/23, 19:02:06.865, 2922605636481, QTAgent32.exe, Playback - [WARNING] Internal warning: Smart Match failed
\0
W, 3504, 17, 2013/05/23, 19:02:07.274, 2922611491022, QTAgent32.exe, Playback - [WARNING] Internal warning: Smart Match failed
\0
W, 3504, 17, 2013/05/23, 19:02:07.690, 2922617448276, QTAgent32.exe, Playback - [WARNING] Internal warning: Smart Match failed
\0
W, 3504, 17, 2013/05/23, 19:02:08.092, 2922623195928, QTAgent32.exe, Playback - [WARNING] Internal warning: Smart Match failed
\0
W, 3504, 17, 2013/05/23, 19:02:08.502, 2922629077165, QTAgent32.exe, Playback - [WARNING] Internal warning: Smart Match failed
\0
W, 3504, 17, 2013/05/23, 19:02:08.935, 2922635266367, QTAgent32.exe, Playback - [WARNING] Internal warning: Smart Match failed
\0
W, 3504, 17, 2013/05/23, 19:02:09.366, 2922641439966, QTAgent32.exe, Playback - [WARNING] Internal warning: Smart Match failed
\0
W, 3504, 17, 2013/05/23, 19:02:09.692, 2922646110759, QTAgent32.exe, Playback - [WARNING] Internal warning: Window Not Found: [VisibleOnly]ControlType='Window' &amp;&amp; Name='Policies Auto-Renewed &amp; Auto-Lapsed' &amp;&amp; ClassName='ThunderRT6FormDC'
\0
E, 3504, 17, 2013/05/23, 19:02:09.693, 2922646114286, QTAgent32.exe, &lt;a class=failure&gt;Playback - {202} [FAILED] Function ElementFetcher::FindScreenElement failed to locate UI element (Searching: ;[VisibleOnly]ControlType='Window' &amp;&amp; Name='Policies Auto-Renewed &amp; Auto-Lapsed' &amp;&amp; ClassName='ThunderRT6FormDC') (The object specified was not found.)
\0&lt;/a&gt;
E, 3504, 17, 2013/05/23, 19:02:09.783, 2922647405794, QTAgent32.exe, Playback - [IMAGE] C:\Users\testuser\AppData\Local\Temp\UITestLogs\LastRun\RPFA728.png
\0
W, 3504, 17, 2013/05/23, 19:02:09.783, 2922647408293, QTAgent32.exe, Playback - [WARNING] Internal warning: Couldn't find descendants that match QueryId
\0
W, 3504, 17, 2013/05/23, 19:02:09.783, 2922647412146, QTAgent32.exe, PERF WARNING: FindTopLevelWindowHelper::FindAllDescendents: took 3477 ms. Expected it to take maximum 500 ms.
E, 3504, 17, 2013/05/23, 19:02:09.783, 2922647414202, QTAgent32.exe, Exception: System.Runtime.InteropServices.COMException
	Message: Error HRESULT E_FAIL has been returned from a call to a COM component.
	Stack Trace:    at Microsoft.VisualStudio.TestTools.UITest.Playback.Engine.IRPFPlayback.FindAllScreenElements(IScreenElement pScreenElementStart, String bstrQueryId, Object&amp; pvarResKeys, Int32 cResKeys, Int32 nMaxDepth, Object[]&amp; foundDescendants)
   at Microsoft.VisualStudio.TestTools.UITest.Playback.ScreenElement.FindTopLevelWindowHelper(String queryId)
	BaseExceptionMessage: Error HRESULT E_FAIL has been returned from a call to a COM component.

E, 3504, 17, 2013/05/23, 19:02:09.884, 2922648856509, QTAgent32.exe, AL: Playback Error: Microsoft.VisualStudio.TestTools.UITest.Extension.UITestControlNotFoundException: The playback failed to find the control with the given search properties. Additional Details: 
TechnologyName:  'MSAA'
ControlType:  'Window'
Name:  'Policies Auto-Renewed &amp; Auto-Lapsed'
ClassName:  'ThunderRT6FormDC'
 ---&gt; System.Runtime.InteropServices.COMException: Error HRESULT E_FAIL has been returned from a call to a COM component.
   at Microsoft.VisualStudio.TestTools.UITest.Playback.Engine.IRPFPlayback.FindAllScreenElements(IScreenElement pScreenElementStart, String bstrQueryId, Object&amp; pvarResKeys, Int32 cResKeys, Int32 nMaxDepth, Object[]&amp; foundDescendants)
   at Microsoft.VisualStudio.TestTools.UITest.Playback.ScreenElement.FindTopLevelWindowHelper(String queryId)
   at Microsoft.VisualStudio.TestTools.UITest.Playback.ScreenElement.FindFromPartialQueryId(String queryId)
   at Microsoft.VisualStudio.TestTools.UITesting.UITestControl..ctor(String queryId)
   --- End of inner exception stack trace ---
   at Microsoft.VisualStudio.TestTools.UITesting.Playback.MapControlNotFoundException(COMException ex, IPlaybackContext context)
   at Microsoft.VisualStudio.TestTools.UITesting.Playback.MapAndThrowComException(COMException innerException, IPlaybackContext context)
   at Microsoft.VisualStudio.TestTools.UITesting.Playback.MapAndThrowException(SystemException exception, IPlaybackContext context)
   at Microsoft.VisualStudio.TestTools.UITesting.Playback.MapAndThrowException(SystemException exception, String queryId)
   at Microsoft.VisualStudio.TestTools.UITesting.UITestControl..ctor(String queryId)
   at Microsoft.VisualStudio.TestTools.UITesting.SearchHelper.SearchTopLevelWindow(ISearchArgument topLevelSearchArg, String topLevelElementQueryId)
   at Microsoft.VisualStudio.TestTools.UITesting.SearchHelper.GetTitleUpdatedTopLevelWindow(ISearchArgument topLevelSearchArg, String queryId, IList`1 windowTitles)
   at Microsoft.VisualStudio.TestTools.UITesting.SearchHelper.GetTopLevelElement(Boolean useCache, Boolean useCacheOnly, ISearchArgument searchArg, IList`1 windowTitles, Int32&amp; timeLeft)
   at Microsoft.VisualStudio.TestTools.UITesting.SearchHelper.GetElement(Boolean useCache, ISearchArgument searchArg)
   at Microsoft.VisualStudio.TestTools.UITesting.SearchHelper.Search(ISearchArgument searchArg)
   at Microsoft.VisualStudio.TestTools.UITesting.UITestControl.FindInternal()
   at Microsoft.VisualStudio.TestTools.UITesting.UITestControl.FindControlIfNecessary()
   at Microsoft.VisualStudio.TestTools.UITesting.UITestControl.Click(MouseButtons button, ModifierKeys modifierKeys, Point relativeCoordinates)
   at Microsoft.VisualStudio.TestTools.UITesting.Mouse.ClickImplementation(UITestControl control, MouseButtons button, ModifierKeys modifierKeys, Point relativeCoordinate)
   at Microsoft.VisualStudio.TestTools.UITesting.Mouse.ClickImplementationWrapper(UITestControl control, MouseButtons button, ModifierKeys modifierKeys, Point relativeCoordinate)
W, 3504, 17, 2013/05/23, 19:02:09.884, 2922648860137, QTAgent32.exe, PlaybackErrorHandler: Ignoring exception as ContinueOnError is set.
W, 3504, 17, 2013/05/23, 19:02:10.095, 2922651872737, QTAgent32.exe, &lt;a class=success&gt;Playback - {203} [SUCCESS] MouseButtonClick - "[MSAA, VisibleOnly]ControlType='Button' &amp;&amp; Name='EDI Match...'"
\0&lt;/a&gt;
W, 3504, 17, 2013/05/23, 19:02:10.352, 2922655554258, QTAgent32.exe, &lt;a class=success&gt;Playback - {204} [SUCCESS] MouseButtonClick - "[MSAA, VisibleOnly]ControlType='Button' &amp;&amp; Name='Ok'"
\0&lt;/a&gt;
W, 3504, 17, 2013/05/23, 19:02:13.509, 2922700760586, QTAgent32.exe, PERF WARNING: FindTopLevelWindowHelper::FindAllDescendents: took 3052 ms. Expected it to take maximum 500 ms.
W, 3504, 17, 2013/05/23, 19:02:13.650, 2922702776604, QTAgent32.exe, &lt;a class=success&gt;Playback - {205} [SUCCESS] MouseButtonClick - "[MSAA, VisibleOnly]ControlType='Button' &amp;&amp; Name='OK'"
\0&lt;/a&gt;
W, 3504, 17, 2013/05/23, 19:02:15.268, 2922725949755, QTAgent32.exe, Playback - [WARNING] Internal warning: Element "[MSAA, VisibleOnly]ControlType='Window' &amp;&amp; ControlId='5'" was not found, so all intermediate elements were ignored. To improve performance replace this element Id with another Id or exclude it from QueryId. If this element is the target element, replace or remove intermediate elements
\0
W, 3504, 17, 2013/05/23, 19:02:17.821, 2922762492996, QTAgent32.exe, Playback - [WARNING] Internal warning:Search failure: &lt;[MSAA, VisibleOnly]ControlType='Window' &amp;&amp; ControlId='32768'&gt; | Performed (4) search retries, UI element not found
\0
E, 3504, 17, 2013/05/23, 19:02:17.821, 2922762497603, QTAgent32.exe, &lt;a class=failure&gt;Playback - {206} [FAILED] Function ElementFetcher::FindScreenElement failed to locate UI element (Searching: ;[MSAA, VisibleOnly]ControlType='Window' &amp;&amp; ControlId='32768';[MSAA, VisibleOnly]ControlType='Window' &amp;&amp; ControlId='5';[MSAA, VisibleOnly]ControlType='Button' &amp;&amp; Name='Log and Clear') (The object specified was not found.)
\0&lt;/a&gt;
E, 3504, 17, 2013/05/23, 19:02:17.920, 2922763913077, QTAgent32.exe, Playback - [IMAGE] C:\Users\testuser\AppData\Local\Temp\UITestLogs\LastRun\RPFC6F8.png
\0
W, 3504, 17, 2013/05/23, 19:02:17.920, 2922763915469, QTAgent32.exe, Playback - [WARNING] Internal warning: Couldn't find descendants that match QueryId
\0
W, 3504, 17, 2013/05/23, 19:02:17.920, 2922763919358, QTAgent32.exe, PERF WARNING: FindAllDescendents: took 4168 ms. Expected it to take maximum 500 ms.
E, 3504, 17, 2013/05/23, 19:02:18.036, 2922765574137, QTAgent32.exe, AL: Playback Error: Microsoft.VisualStudio.TestTools.UITest.Extension.UITestControlNotFoundException: The playback failed to find the control with the given search properties. Additional Details: 
TechnologyName:  'MSAA'
ControlType:  'Button'
Name:  'Log and Clear'
 ---&gt; System.Runtime.InteropServices.COMException: Error HRESULT E_FAIL has been returned from a call to a COM component.
   at Microsoft.VisualStudio.TestTools.UITest.Playback.Engine.IScreenElement.FindAllDescendants(String bstrQueryId, Object&amp; pvarResKeys, Int32 cResKeys, Int32 nMaxDepth)
   at Microsoft.VisualStudio.TestTools.UITest.Playback.ScreenElement.FindAllScreenElement(String queryId, Int32 depth, Boolean singleQueryId, Boolean throwException)
   at Microsoft.VisualStudio.TestTools.UITest.Playback.ScreenElement.FindScreenElement(String queryId, Int32 depth)
   at Microsoft.VisualStudio.TestTools.UITesting.UITestControl.FindFirstDescendant(String queryId, Int32 maxDepth, Int32&amp; timeLeft)
   --- End of inner exception stack trace ---
   at Microsoft.VisualStudio.TestTools.UITesting.Playback.MapControlNotFoundException(COMException ex, IPlaybackContext context)
   at Microsoft.VisualStudio.TestTools.UITesting.Playback.MapAndThrowComException(COMException innerException, IPlaybackContext context)
   at Microsoft.VisualStudio.TestTools.UITesting.Playback.MapAndThrowException(SystemException exception, IPlaybackContext context)
   at Microsoft.VisualStudio.TestTools.UITesting.Playback.MapAndThrowException(SystemException exception, String queryId)
   at Microsoft.VisualStudio.TestTools.UITesting.UITestControl.FindFirstDescendant(String queryId, Int32 maxDepth, Int32&amp; timeLeft)
   at Microsoft.VisualStudio.TestTools.UITesting.SearchHelper.GetElement(Boolean useCache, ISearchArgument searchArg)
   at Microsoft.VisualStudio.TestTools.UITesting.SearchHelper.Search(ISearchArgument searchArg)
   at Microsoft.VisualStudio.TestTools.UITesting.UITestControl.FindInternal()
   at Microsoft.VisualStudio.TestTools.UITesting.UITestControl.FindControlIfNecessary()
   at Microsoft.VisualStudio.TestTools.UITesting.UITestControl.Click(MouseButtons button, ModifierKeys modifierKeys, Point relativeCoordinates)
   at Microsoft.VisualStudio.TestTools.UITesting.Mouse.ClickImplementation(UITestControl control, MouseButtons button, ModifierKeys modifierKeys, Point relativeCoordinate)
   at Microsoft.VisualStudio.TestTools.UITesting.Mouse.ClickImplementationWrapper(UITestControl control, MouseButtons button, ModifierKeys modifierKeys, Point relativeCoordinate)
W, 3504, 17, 2013/05/23, 19:02:18.036, 2922765577007, QTAgent32.exe, PlaybackErrorHandler: Ignoring exception as ContinueOnError is set.
W, 3504, 17, 2013/05/23, 19:02:18.384, 2922770567207, QTAgent32.exe, Playback - [WARNING] Internal warning: Window Not Found: [VisibleOnly]ControlType='Window' &amp;&amp; Name='Personal Lines' &amp;&amp; ClassName='#32770'
\0
E, 3504, 17, 2013/05/23, 19:02:18.385, 2922770570588, QTAgent32.exe, &lt;a class=failure&gt;Playback - {207} [FAILED] Function ElementFetcher::FindScreenElement failed to locate UI element (Searching: ;[VisibleOnly]ControlType='Window' &amp;&amp; Name='Personal Lines' &amp;&amp; ClassName='#32770') (The object specified was not found.)
\0&lt;/a&gt;
E, 3504, 17, 2013/05/23, 19:02:18.473, 2922771840885, QTAgent32.exe, Playback - [IMAGE] C:\Users\testuser\AppData\Local\Temp\UITestLogs\LastRun\RPFC92B.png
\0
W, 3504, 17, 2013/05/23, 19:02:18.474, 2922771844032, QTAgent32.exe, Playback - [WARNING] Internal warning: Couldn't find descendants that match QueryId
\0
W, 3504, 17, 2013/05/23, 19:02:36.506, 2923030039743, QTAgent32.exe, Playback - [WARNING] Internal warning: Window Not Found: [VisibleOnly]ControlType='Window' &amp;&amp; Name='Personal Lines' &amp;&amp; ClassName='#32770'
\0
E, 3504, 17, 2013/05/23, 19:02:36.507, 2923030044697, QTAgent32.exe, &lt;a class=failure&gt;Playback - {208} [FAILED] Function ElementFetcher::FindScreenElement failed to locate UI element (Searching: ;[VisibleOnly]ControlType='Window' &amp;&amp; Name='Personal Lines' &amp;&amp; ClassName='#32770') (The object specified was not found.)
\0&lt;/a&gt;
E, 3504, 17, 2013/05/23, 19:02:36.600, 2923031382578, QTAgent32.exe, Playback - [IMAGE] C:\Users\testuser\AppData\Local\Temp\UITestLogs\LastRun\RPFFEB.png
\0
W, 3504, 17, 2013/05/23, 19:02:36.600, 2923031385189, QTAgent32.exe, Playback - [WARNING] Internal warning: Couldn't find descendants that match QueryId
\0
W, 3504, 17, 2013/05/23, 19:02:36.601, 2923031390601, QTAgent32.exe, PERF WARNING: FindTopLevelWindowHelper::FindAllDescendents: took 18126 ms. Expected it to take maximum 500 ms.
W, 3504, 17, 2013/05/23, 19:02:37.150, 2923039260113, QTAgent32.exe, Playback - [WARNING] Internal warning: Smart Match failed
\0
W, 3504, 17, 2013/05/23, 19:02:37.653, 2923046464429, QTAgent32.exe, Playback - [WARNING] Internal warning: Smart Match failed
\0
W, 3504, 17, 2013/05/23, 19:02:38.091, 2923052724112, QTAgent32.exe, Playback - [WARNING] Internal warning: Smart Match failed
\0
W, 3504, 17, 2013/05/23, 19:02:38.535, 2923059092607, QTAgent32.exe, Playback - [WARNING] Internal warning: Smart Match failed
\0
W, 3504, 17, 2013/05/23, 19:02:38.979, 2923065440004, QTAgent32.exe, Playback - [WARNING] Internal warning: Smart Match failed
\0
W, 3504, 17, 2013/05/23, 19:02:39.390, 2923071336112, QTAgent32.exe, Playback - [WARNING] Internal warning: Smart Match failed
\0
W, 3504, 17, 2013/05/23, 19:02:39.691, 2923075642830, QTAgent32.exe, Playback - [WARNING] Internal warning: Window Not Found: [VisibleOnly]ControlType='Window' &amp;&amp; Name='Personal Lines' &amp;&amp; ClassName='#32770'
\0
E, 3504, 17, 2013/05/23, 19:02:39.691, 2923075646792, QTAgent32.exe, &lt;a class=failure&gt;Playback - {209} [FAILED] Function ElementFetcher::FindScreenElement failed to locate UI element (Searching: ;[VisibleOnly]ControlType='Window' &amp;&amp; Name='Personal Lines' &amp;&amp; ClassName='#32770') (The object specified was not found.)
\0&lt;/a&gt;
E, 3504, 17, 2013/05/23, 19:02:39.770, 2923076779782, QTAgent32.exe, Playback - [IMAGE] C:\Users\testuser\AppData\Local\Temp\UITestLogs\LastRun\RPF1C5B.png
\0
W, 3504, 17, 2013/05/23, 19:02:39.771, 2923076786449, QTAgent32.exe, Playback - [WARNING] Internal warning: Couldn't find descendants that match QueryId
\0
W, 3504, 17, 2013/05/23, 19:02:39.771, 2923076792016, QTAgent32.exe, PERF WARNING: FindTopLevelWindowHelper::FindAllDescendents: took 3170 ms. Expected it to take maximum 500 ms.
E, 3504, 17, 2013/05/23, 19:02:39.772, 2923076794788, QTAgent32.exe, Exception: System.Runtime.InteropServices.COMException
	Message: Error HRESULT E_FAIL has been returned from a call to a COM component.
	Stack Trace:    at Microsoft.VisualStudio.TestTools.UITest.Playback.Engine.IRPFPlayback.FindAllScreenElements(IScreenElement pScreenElementStart, String bstrQueryId, Object&amp; pvarResKeys, Int32 cResKeys, Int32 nMaxDepth, Object[]&amp; foundDescendants)
   at Microsoft.VisualStudio.TestTools.UITest.Playback.ScreenElement.FindTopLevelWindowHelper(String queryId)
	BaseExceptionMessage: Error HRESULT E_FAIL has been returned from a call to a COM component.

E, 3504, 17, 2013/05/23, 19:02:39.772, 2923076800800, QTAgent32.exe, GetClassName for handle 7865514 failed
E, 3504, 17, 2013/05/23, 19:02:39.773, 2923076812160, QTAgent32.exe, Window 7865514 not responding. Last Win32 error 1400
E, 3504, 17, 2013/05/23, 19:02:39.773, 2923076813506, QTAgent32.exe, GetClassName for handle 7865514 failed
E, 3504, 17, 2013/05/23, 19:02:39.773, 2923076819108, QTAgent32.exe, GetClassName for handle 5506566 failed
E, 3504, 17, 2013/05/23, 19:02:39.774, 2923076834475, QTAgent32.exe, Window 5506566 not responding. Last Win32 error 1400
E, 3504, 17, 2013/05/23, 19:02:39.774, 2923076836419, QTAgent32.exe, GetClassName for handle 5506566 failed
E, 3504, 17, 2013/05/23, 19:02:39.875, 2923078277999, QTAgent32.exe, AL: Playback Error: Microsoft.VisualStudio.TestTools.UITest.Extension.UITestControlNotAvailableException: The control is not available or not valid. Additional Details: 
TechnologyName:  'MSAA'
ControlType:  'Button'
 ---&gt; Microsoft.VisualStudio.TestTools.UITest.Extension.UITestControlNotAvailableException: The control is not available or not valid. Additional Details: 
TechnologyName:  'MSAA'
ControlType:  'Window'
 ---&gt; System.Runtime.InteropServices.COMException: Error HRESULT E_FAIL has been returned from a call to a COM component.
   at Microsoft.VisualStudio.TestTools.UITest.Playback.Engine.IRPFPlayback.FindAllScreenElements(IScreenElement pScreenElementStart, String bstrQueryId, Object&amp; pvarResKeys, Int32 cResKeys, Int32 nMaxDepth, Object[]&amp; foundDescendants)
   at Microsoft.VisualStudio.TestTools.UITest.Playback.ScreenElement.FindTopLevelWindowHelper(String queryId)
   at Microsoft.VisualStudio.TestTools.UITest.Playback.ScreenElement.FindFromPartialQueryId(String queryId)
   at Microsoft.VisualStudio.TestTools.UITesting.UITestControl.EnsureValid(Boolean waitForReady, Boolean refetch)
   --- End of inner exception stack trace ---
   at Microsoft.VisualStudio.TestTools.UITesting.UITestControl.EnsureValid(Boolean waitForReady, Boolean refetch)
   at Microsoft.VisualStudio.TestTools.UITesting.UITestControl.FindFirstDescendant(String queryId, Int32 maxDepth, Int32&amp; timeLeft)
   at Microsoft.VisualStudio.TestTools.UITesting.UITestControl.FindFirstDescendant(String queryId)
   at Microsoft.VisualStudio.TestTools.UITesting.UITestControl.EnsureValid(Boolean waitForReady, Boolean refetch)
   --- End of inner exception stack trace ---
   at Microsoft.VisualStudio.TestTools.UITesting.UITestControl.EnsureValid(Boolean waitForReady, Boolean refetch)
   at Microsoft.VisualStudio.TestTools.UITesting.UITestControl.Click(MouseButtons button, ModifierKeys modifierKeys, Point relativeCoordinates)
   at Microsoft.VisualStudio.TestTools.UITesting.Mouse.ClickImplementation(UITestControl control, MouseButtons button, ModifierKeys modifierKeys, Point relativeCoordinate)
   at Microsoft.VisualStudio.TestTools.UITesting.Mouse.ClickImplementationWrapper(UITestControl control, MouseButtons button, ModifierKeys modifierKeys, Point relativeCoordinate)
W, 3504, 17, 2013/05/23, 19:02:39.875, 2923078282925, QTAgent32.exe, PlaybackErrorHandler: Ignoring exception as ContinueOnError is set.
W, 3504, 17, 2013/05/23, 19:02:40.050, 2923080779562, QTAgent32.exe, &lt;a class=success&gt;Playback - {210} [SUCCESS] MouseButtonClick - "[MSAA, VisibleOnly]ControlType='Button' &amp;&amp; Name='Filter...'"
\0&lt;/a&gt;
W, 3504, 17, 2013/05/23, 19:02:40.671, 2923089672132, QTAgent32.exe, &lt;a class=success&gt;Playback - {211} [SUCCESS] SendKeys "^{HOME}" - "[MSAA, VisibleOnly]ControlType='Edit'"
\0&lt;/a&gt;
E, 3504, 17, 2013/05/23, 19:02:40.672, 2923089676007, QTAgent32.exe, Msaa.GetFocusedElement: could not find accessible object of foreground window
W, 3504, 17, 2013/05/23, 19:02:40.732, 2923090545431, QTAgent32.exe, &lt;a class=success&gt;Playback - {212} [SUCCESS] SendKeys "^+{END}" - "[MSAA, VisibleOnly]ControlType='Edit'"
\0&lt;/a&gt;
E, 3504, 17, 2013/05/23, 19:02:40.733, 2923090549324, QTAgent32.exe, Msaa.GetFocusedElement: could not find accessible object of foreground window
W, 3504, 17, 2013/05/23, 19:02:40.748, 2923090776748, QTAgent32.exe, &lt;a class=success&gt;Playback - {213} [SUCCESS] SendKeys "{DELETE}" - "[MSAA, VisibleOnly]ControlType='Edit'"
\0&lt;/a&gt;
W, 3504, 17, 2013/05/23, 19:02:41.739, 2923104959070, QTAgent32.exe, &lt;a class=success&gt;Playback - {214} [SUCCESS] SetValueAsEditBox "30/05/13" - "[MSAA, VisibleOnly]ControlType='Edit'"  &lt; Set via SendKeys &gt;
\0&lt;/a&gt;
W, 3504, 17, 2013/05/23, 19:02:42.348, 2923113679218, QTAgent32.exe, &lt;a class=success&gt;Playback - {215} [SUCCESS] SendKeys "^{HOME}" - "[MSAA, VisibleOnly]ControlType='Edit'"
\0&lt;/a&gt;
E, 3504, 17, 2013/05/23, 19:02:42.348, 2923113682475, QTAgent32.exe, Msaa.GetFocusedElement: could not find accessible object of foreground window
W, 3504, 17, 2013/05/23, 19:02:42.415, 2923114645742, QTAgent32.exe, &lt;a class=success&gt;Playback - {216} [SUCCESS] SendKeys "^+{END}" - "[MSAA, VisibleOnly]ControlType='Edit'"
\0&lt;/a&gt;
E, 3504, 17, 2013/05/23, 19:02:42.415, 2923114649084, QTAgent32.exe, Msaa.GetFocusedElement: could not find accessible object of foreground window
W, 3504, 17, 2013/05/23, 19:02:42.431, 2923114868682, QTAgent32.exe, &lt;a class=success&gt;Playback - {217} [SUCCESS] SendKeys "{DELETE}" - "[MSAA, VisibleOnly]ControlType='Edit'"
\0&lt;/a&gt;
W, 3504, 17, 2013/05/23, 19:02:43.055, 2923123804646, QTAgent32.exe, &lt;a class=success&gt;Playback - {218} [SUCCESS] SetValueAsEditBox "30/05/13" - "[MSAA, VisibleOnly]ControlType='Edit'"  &lt; Set via SendKeys &gt;
\0&lt;/a&gt;
W, 3504, 17, 2013/05/23, 19:02:44.138, 2923139305415, QTAgent32.exe, Playback - [WARNING] Internal warning: Incorrect flag set for InvokeProgrammaticAction\0
W, 3504, 17, 2013/05/23, 19:02:44.260, 2923141056502, QTAgent32.exe, &lt;a class=success&gt;Playback - {219} [SUCCESS] SetValueAsComboBox "Household" - "[MSAA, VisibleOnly]ControlType='ComboBox'"  &lt; SetValueAsComboBox, set by clicking on the item in the list box &gt;
\0&lt;/a&gt;
W, 3504, 17, 2013/05/23, 19:02:44.558, 2923145328597, QTAgent32.exe, &lt;a class=success&gt;Playback - {220} [SUCCESS] MouseButtonClick - "[MSAA, VisibleOnly]ControlType='Button' &amp;&amp; Name='Ok'"
\0&lt;/a&gt;
W, 3504, 17, 2013/05/23, 19:02:44.808, 2923148905411, QTAgent32.exe, &lt;a class=success&gt;Playback - {221} [SUCCESS] MouseButtonClick - "[MSAA, VisibleOnly]ControlType='Client'"
\0&lt;/a&gt;
W, 3504, 17, 2013/05/23, 19:02:46.668, 2923175533643, QTAgent32.exe, &lt;a class=success&gt;Playback - {222} [SUCCESS] MouseButtonClick - "[MSAA, VisibleOnly]ControlType='Client'"
\0&lt;/a&gt;
W, 3504, 17, 2013/05/23, 19:02:47.226, 2923183526616, QTAgent32.exe, &lt;a class=success&gt;Playback - {223} [SUCCESS] SendKeys "{Home}" - "[MSAA, VisibleOnly]ControlType='Client'"
\0&lt;/a&gt;
W, 3504, 17, 2013/05/23, 19:02:47.554, 2923188230673, QTAgent32.exe, &lt;a class=success&gt;Playback - {224} [SUCCESS] MouseButtonClick - "[MSAA, VisibleOnly]ControlType='Button' &amp;&amp; Name='Display Record...'"
\0&lt;/a&gt;
W, 3504, 17, 2013/05/23, 19:02:48.064, 2923195521171, QTAgent32.exe, Playback - [WARNING] Internal warning: Window Not Found: [VisibleOnly]ControlType='Window' &amp;&amp; Name='AUTO225-1001' &amp;&amp; ClassName='ThunderRT6FormDC'
\0
E, 3504, 17, 2013/05/23, 19:02:48.064, 2923195524426, QTAgent32.exe, &lt;a class=failure&gt;Playback - {225} [FAILED] Function ElementFetcher::FindScreenElement failed to locate UI element (Searching: ;[VisibleOnly]ControlType='Window' &amp;&amp; Name='AUTO225-1001' &amp;&amp; ClassName='ThunderRT6FormDC') (The object specified was not found.)
\0&lt;/a&gt;
E, 3504, 17, 2013/05/23, 19:02:48.211, 2923197625249, QTAgent32.exe, Playback - [IMAGE] C:\Users\testuser\AppData\Local\Temp\UITestLogs\LastRun\RPF3D15.png
\0
W, 3504, 17, 2013/05/23, 19:02:48.212, 2923197641073, QTAgent32.exe, Playback - [WARNING] Internal warning: Couldn't find descendants that match QueryId
\0
W, 3504, 17, 2013/05/23, 19:03:06.242, 2923455807090, QTAgent32.exe, Playback - [WARNING] Internal warning: Window Not Found: [VisibleOnly]ControlType='Window' &amp;&amp; Name='AUTO225-1001' &amp;&amp; ClassName='ThunderRT6FormDC'
\0
E, 3504, 17, 2013/05/23, 19:03:06.243, 2923455812672, QTAgent32.exe, &lt;a class=failure&gt;Playback - {226} [FAILED] Function ElementFetcher::FindScreenElement failed to locate UI element (Searching: ;[VisibleOnly]ControlType='Window' &amp;&amp; Name='AUTO225-1001' &amp;&amp; ClassName='ThunderRT6FormDC') (The object specified was not found.)
\0&lt;/a&gt;
E, 3504, 17, 2013/05/23, 19:03:06.327, 2923457020775, QTAgent32.exe, Playback - [IMAGE] C:\Users\testuser\AppData\Local\Temp\UITestLogs\LastRun\RPF8414.png
\0
W, 3504, 17, 2013/05/23, 19:03:06.327, 2923457023287, QTAgent32.exe, Playback - [WARNING] Internal warning: Couldn't find descendants that match QueryId
\0
W, 3504, 17, 2013/05/23, 19:03:06.328, 2923457029315, QTAgent32.exe, PERF WARNING: FindTopLevelWindowHelper::FindAllDescendents: took 18113 ms. Expected it to take maximum 500 ms.
W, 3504, 17, 2013/05/23, 19:03:07.185, 2923469307604, QTAgent32.exe, Playback - [WARNING] Internal warning: Window with Class "ThunderRT6FormDC" and Title "AUTO225-1001" was not found, so similar window with Class "ThunderRT6FormDC" and Title "AUTO204-1001" was accepted
\0
W, 3504, 17, 2013/05/23, 19:03:07.185, 2923469312452, QTAgent32.exe, PERF WARNING: FindTopLevelWindowHelper::FindAllDescendents: took 857 ms. Expected it to take maximum 500 ms.
W, 3504, 17, 2013/05/23, 19:03:07.341, 2923471546790, QTAgent32.exe, &lt;a class=success&gt;Playback - {227} [SUCCESS] MouseButtonClick - "[MSAA, VisibleOnly]ControlType='Button' &amp;&amp; Name='Amend Risk...'"
\0&lt;/a&gt;
W, 3504, 17, 2013/05/23, 19:03:09.481, 2923502170820, QTAgent32.exe, PERF WARNING: FindTopLevelWindowHelper::FindAllDescendents: took 1927 ms. Expected it to take maximum 500 ms.
W, 3504, 17, 2013/05/23, 19:03:09.985, 2923509389900, QTAgent32.exe, &lt;a class=success&gt;Playback - {228} [SUCCESS] SendKeys "^{HOME}" - "[MSAA, VisibleOnly]ControlType='Edit'"
\0&lt;/a&gt;
E, 3504, 17, 2013/05/23, 19:03:09.985, 2923509393030, QTAgent32.exe, Msaa.GetFocusedElement: could not find accessible object of foreground window
W, 3504, 17, 2013/05/23, 19:03:10.055, 2923510400781, QTAgent32.exe, &lt;a class=success&gt;Playback - {229} [SUCCESS] SendKeys "^+{END}" - "[MSAA, VisibleOnly]ControlType='Edit'"
\0&lt;/a&gt;
E, 3504, 17, 2013/05/23, 19:03:10.055, 2923510403636, QTAgent32.exe, Msaa.GetFocusedElement: could not find accessible object of foreground window
W, 3504, 17, 2013/05/23, 19:03:10.081, 2923510765985, QTAgent32.exe, &lt;a class=success&gt;Playback - {230} [SUCCESS] SendKeys "{DELETE}" - "[MSAA, VisibleOnly]ControlType='Edit'"
\0&lt;/a&gt;
W, 3504, 17, 2013/05/23, 19:03:10.683, 2923519394054, QTAgent32.exe, &lt;a class=success&gt;Playback - {231} [SUCCESS] SetValueAsEditBox "TestNew" - "[MSAA, VisibleOnly]ControlType='Edit'"  &lt; Set via SendKeys &gt;
\0&lt;/a&gt;
W, 3504, 17, 2013/05/23, 19:03:10.955, 2923523283376, QTAgent32.exe, &lt;a class=success&gt;Playback - {232} [SUCCESS] MouseButtonClick - "[MSAA, VisibleOnly]ControlType='Button' &amp;&amp; Name='Next &gt;'"
\0&lt;/a&gt;
W, 3504, 17, 2013/05/23, 19:03:11.218, 2923527047310, QTAgent32.exe, &lt;a class=success&gt;Playback - {233} [SUCCESS] MouseButtonClick - "[MSAA, VisibleOnly]ControlType='Button' &amp;&amp; Name='Next &gt;'"
\0&lt;/a&gt;
W, 3504, 17, 2013/05/23, 19:03:11.458, 2923530481138, QTAgent32.exe, &lt;a class=success&gt;Playback - {234} [SUCCESS] MouseButtonClick - "[MSAA, VisibleOnly]ControlType='Button' &amp;&amp; Name='Next &gt;'"
\0&lt;/a&gt;
W, 3504, 17, 2013/05/23, 19:03:11.705, 2923534014783, QTAgent32.exe, &lt;a class=success&gt;Playback - {235} [SUCCESS] MouseButtonClick - "[MSAA, VisibleOnly]ControlType='Button' &amp;&amp; Name='Next &gt;'"
\0&lt;/a&gt;
W, 3504, 17, 2013/05/23, 19:03:11.944, 2923537438690, QTAgent32.exe, &lt;a class=success&gt;Playback - {236} [SUCCESS] MouseButtonClick - "[MSAA, VisibleOnly]ControlType='Button' &amp;&amp; Name='Next &gt;'"
\0&lt;/a&gt;
W, 3504, 17, 2013/05/23, 19:03:12.179, 2923540799380, QTAgent32.exe, &lt;a class=success&gt;Playback - {237} [SUCCESS] MouseButtonClick - "[MSAA, VisibleOnly]ControlType='Button' &amp;&amp; Name='Next &gt;'"
\0&lt;/a&gt;
W, 3504, 17, 2013/05/23, 19:03:12.426, 2923544339138, QTAgent32.exe, &lt;a class=success&gt;Playback - {238} [SUCCESS] MouseButtonClick - "[MSAA, VisibleOnly]ControlType='Button' &amp;&amp; Name='Next &gt;'"
\0&lt;/a&gt;
W, 3504, 17, 2013/05/23, 19:03:12.821, 2923550005780, QTAgent32.exe, &lt;a class=success&gt;Playback - {239} [SUCCESS] MouseButtonClick - "[MSAA, VisibleOnly]ControlType='Button' &amp;&amp; Name='Quote'"
\0&lt;/a&gt;
W, 3504, 17, 2013/05/23, 19:03:13.094, 2923553902868, QTAgent32.exe, &lt;a class=success&gt;Playback - {240} [SUCCESS] MouseButtonClick - "[MSAA, VisibleOnly]ControlType='Button' &amp;&amp; Name='Proceed'"
\0&lt;/a&gt;
W, 3504, 17, 2013/05/23, 19:03:13.331, 2923557300841, QTAgent32.exe, &lt;a class=success&gt;Playback - {241} [SUCCESS] MouseButtonClick - "[MSAA, VisibleOnly]ControlType='Button' &amp;&amp; Name='Ok'"
\0&lt;/a&gt;
W, 3504, 17, 2013/05/23, 19:03:23.471, 2923702494552, QTAgent32.exe, PERF WARNING: FindTopLevelWindowHelper::FindAllDescendents: took 10003 ms. Expected it to take maximum 500 ms.
W, 3504, 17, 2013/05/23, 19:03:23.612, 2923704510376, QTAgent32.exe, &lt;a class=success&gt;Playback - {242} [SUCCESS] MouseButtonClick - "[MSAA, VisibleOnly]ControlType='Client'"
\0&lt;/a&gt;
W, 3504, 17, 2013/05/23, 19:03:25.530, 2923731966169, QTAgent32.exe, &lt;a class=success&gt;Playback - {243} [SUCCESS] SendKeys "{Home}" - "[MSAA, VisibleOnly]ControlType='Client'"
\0&lt;/a&gt;
W, 3504, 17, 2013/05/23, 19:03:25.963, 2923738173930, QTAgent32.exe, &lt;a class=success&gt;Playback - {244} [SUCCESS] MouseButtonClick - "[MSAA, VisibleOnly]ControlType='Button' &amp;&amp; Name='Renew Policy'"
\0&lt;/a&gt;
W, 3504, 17, 2013/05/23, 19:03:28.206, 2923770284976, QTAgent32.exe, &lt;a class=success&gt;Playback - {245} [SUCCESS] MouseButtonClick - "[MSAA, VisibleOnly]ControlType='Button' &amp;&amp; Name='Yes'"
\0&lt;/a&gt;
W, 3504, 17, 2013/05/23, 19:03:30.117, 2923797646889, QTAgent32.exe, Playback - [WARNING] Internal warning: Window Not Found: [VisibleOnly]ControlType='Window' &amp;&amp; Name='Confirm' &amp;&amp; ClassName='#32770'
\0
E, 3504, 17, 2013/05/23, 19:03:30.117, 2923797650642, QTAgent32.exe, &lt;a class=failure&gt;Playback - {246} [FAILED] Function ElementFetcher::FindScreenElement failed to locate UI element (Searching: ;[VisibleOnly]ControlType='Window' &amp;&amp; Name='Confirm' &amp;&amp; ClassName='#32770') (The object specified was not found.)
\0&lt;/a&gt;
E, 3504, 17, 2013/05/23, 19:03:30.246, 2923799499309, QTAgent32.exe, Playback - [IMAGE] C:\Users\testuser\AppData\Local\Temp\UITestLogs\LastRun\RPFE161.png
\0
W, 3504, 17, 2013/05/23, 19:03:30.246, 2923799501403, QTAgent32.exe, Playback - [WARNING] Internal warning: Couldn't find descendants that match QueryId
\0
W, 3504, 17, 2013/05/23, 19:03:30.247, 2923799505594, QTAgent32.exe, PERF WARNING: FindTopLevelWindowHelper::FindAllDescendents: took 1939 ms. Expected it to take maximum 500 ms.
W, 3504, 17, 2013/05/23, 19:03:48.262, 2924057444495, QTAgent32.exe, Playback - [WARNING] Internal warning: Window Not Found: [VisibleOnly]ControlType='Window' &amp;&amp; Name='Confirm' &amp;&amp; ClassName='#32770'
\0
E, 3504, 17, 2013/05/23, 19:03:48.262, 2924057450745, QTAgent32.exe, &lt;a class=failure&gt;Playback - {247} [FAILED] Function ElementFetcher::FindScreenElement failed to locate UI element (Searching: ;[VisibleOnly]ControlType='Window' &amp;&amp; Name='Confirm' &amp;&amp; ClassName='#32770') (The object specified was not found.)
\0&lt;/a&gt;
E, 3504, 17, 2013/05/23, 19:03:48.344, 2924058622017, QTAgent32.exe, Playback - [IMAGE] C:\Users\testuser\AppData\Local\Temp\UITestLogs\LastRun\RPF2841.png
\0
W, 3504, 17, 2013/05/23, 19:03:48.344, 2924058624814, QTAgent32.exe, Playback - [WARNING] Internal warning: Couldn't find descendants that match QueryId
\0
W, 3504, 17, 2013/05/23, 19:03:48.345, 2924058631512, QTAgent32.exe, PERF WARNING: FindTopLevelWindowHelper::FindAllDescendents: took 18097 ms. Expected it to take maximum 500 ms.
W, 3504, 17, 2013/05/23, 19:03:48.785, 2924064943972, QTAgent32.exe, Playback - [WARNING] Internal warning: Smart Match failed
\0
W, 3504, 17, 2013/05/23, 19:03:49.264, 2924071795305, QTAgent32.exe, Playback - [WARNING] Internal warning: Smart Match failed
\0
W, 3504, 17, 2013/05/23, 19:03:49.748, 2924078731955, QTAgent32.exe, Playback - [WARNING] Internal warning: Smart Match failed
\0
W, 3504, 17, 2013/05/23, 19:03:50.220, 2924085481115, QTAgent32.exe, Playback - [WARNING] Internal warning: Smart Match failed
\0
W, 3504, 17, 2013/05/23, 19:03:50.678, 2924092041784, QTAgent32.exe, Playback - [WARNING] Internal warning: Smart Match failed
\0
W, 3504, 17, 2013/05/23, 19:03:51.127, 2924098463277, QTAgent32.exe, Playback - [WARNING] Internal warning: Smart Match failed
\0
W, 3504, 17, 2013/05/23, 19:03:51.429, 2924102791837, QTAgent32.exe, Playback - [WARNING] Internal warning: Window Not Found: [VisibleOnly]ControlType='Window' &amp;&amp; Name='Confirm' &amp;&amp; ClassName='#32770'
\0
E, 3504, 17, 2013/05/23, 19:03:51.429, 2924102794904, QTAgent32.exe, &lt;a class=failure&gt;Playback - {248} [FAILED] Function ElementFetcher::FindScreenElement failed to locate UI element (Searching: ;[VisibleOnly]ControlType='Window' &amp;&amp; Name='Confirm' &amp;&amp; ClassName='#32770') (The object specified was not found.)
\0&lt;/a&gt;
E, 3504, 17, 2013/05/23, 19:03:51.522, 2924104120027, QTAgent32.exe, Playback - [IMAGE] C:\Users\testuser\AppData\Local\Temp\UITestLogs\LastRun\RPF34A1.png
\0
W, 3504, 17, 2013/05/23, 19:03:51.522, 2924104122705, QTAgent32.exe, Playback - [WARNING] Internal warning: Couldn't find descendants that match QueryId
\0
W, 3504, 17, 2013/05/23, 19:03:51.522, 2924104126335, QTAgent32.exe, PERF WARNING: FindTopLevelWindowHelper::FindAllDescendents: took 3177 ms. Expected it to take maximum 500 ms.
E, 3504, 17, 2013/05/23, 19:03:51.522, 2924104128204, QTAgent32.exe, Exception: System.Runtime.InteropServices.COMException
	Message: Error HRESULT E_FAIL has been returned from a call to a COM component.
	Stack Trace:    at Microsoft.VisualStudio.TestTools.UITest.Playback.Engine.IRPFPlayback.FindAllScreenElements(IScreenElement pScreenElementStart, String bstrQueryId, Object&amp; pvarResKeys, Int32 cResKeys, Int32 nMaxDepth, Object[]&amp; foundDescendants)
   at Microsoft.VisualStudio.TestTools.UITest.Playback.ScreenElement.FindTopLevelWindowHelper(String queryId)
	BaseExceptionMessage: Error HRESULT E_FAIL has been returned from a call to a COM component.

E, 3504, 17, 2013/05/23, 19:03:51.523, 2924104132815, QTAgent32.exe, Window 461398 not responding. Last Win32 error 0
E, 3504, 17, 2013/05/23, 19:03:51.523, 2924104133931, QTAgent32.exe, GetClassName for handle 461398 failed
E, 3504, 17, 2013/05/23, 19:03:51.523, 2924104139697, QTAgent32.exe, Window 461384 not responding. Last Win32 error 1400
E, 3504, 17, 2013/05/23, 19:03:51.523, 2924104140780, QTAgent32.exe, GetClassName for handle 461384 failed
E, 3504, 17, 2013/05/23, 19:03:51.624, 2924105583860, QTAgent32.exe, AL: Playback Error: Microsoft.VisualStudio.TestTools.UITest.Extension.UITestControlNotAvailableException: The control is not available or not valid. Additional Details: 
TechnologyName:  'MSAA'
Name:  'Yes'
ControlType:  'Button'
 ---&gt; Microsoft.VisualStudio.TestTools.UITest.Extension.UITestControlNotAvailableException: The control is not available or not valid. Additional Details: 
TechnologyName:  'MSAA'
Name:  'Confirm'
ClassName:  '#32770'
ControlType:  'Window'
 ---&gt; System.Runtime.InteropServices.COMException: Error HRESULT E_FAIL has been returned from a call to a COM component.
   at Microsoft.VisualStudio.TestTools.UITest.Playback.Engine.IRPFPlayback.FindAllScreenElements(IScreenElement pScreenElementStart, String bstrQueryId, Object&amp; pvarResKeys, Int32 cResKeys, Int32 nMaxDepth, Object[]&amp; foundDescendants)
   at Microsoft.VisualStudio.TestTools.UITest.Playback.ScreenElement.FindTopLevelWindowHelper(String queryId)
   at Microsoft.VisualStudio.TestTools.UITest.Playback.ScreenElement.FindFromPartialQueryId(String queryId)
   at Microsoft.VisualStudio.TestTools.UITesting.UITestControl.EnsureValid(Boolean waitForReady, Boolean refetch)
   --- End of inner exception stack trace ---
   at Microsoft.VisualStudio.TestTools.UITesting.UITestControl.EnsureValid(Boolean waitForReady, Boolean refetch)
   at Microsoft.VisualStudio.TestTools.UITesting.UITestControl.FindFirstDescendant(String queryId, Int32 maxDepth, Int32&amp; timeLeft)
   at Microsoft.VisualStudio.TestTools.UITesting.UITestControl.FindFirstDescendant(String queryId)
   at Microsoft.VisualStudio.TestTools.UITesting.UITestControl.EnsureValid(Boolean waitForReady, Boolean refetch)
   --- End of inner exception stack trace ---
   at Microsoft.VisualStudio.TestTools.UITesting.UITestControl.EnsureValid(Boolean waitForReady, Boolean refetch)
   at Microsoft.VisualStudio.TestTools.UITesting.UITestControl.Click(MouseButtons button, ModifierKeys modifierKeys, Point relativeCoordinates)
   at Microsoft.VisualStudio.TestTools.UITesting.Mouse.ClickImplementation(UITestControl control, MouseButtons button, ModifierKeys modifierKeys, Point relativeCoordinate)
   at Microsoft.VisualStudio.TestTools.UITesting.Mouse.ClickImplementationWrapper(UITestControl control, MouseButtons button, ModifierKeys modifierKeys, Point relativeCoordinate)
W, 3504, 17, 2013/05/23, 19:03:55.094, 2924155262752, QTAgent32.exe, IEDOM : StopSession of the plugin called before StartSession
W, 3504, 17, 2013/05/23, 19:03:55.094, 2924155266608, QTAgent32.exe, UIA : StopSession of the plugin called before StartSession
</DebugTrace>
        <ErrorInfo>
          <Message>Test method Ver1.CodedUITest2.HouseAmendRiskExistingScheme threw exception: 
Microsoft.VisualStudio.TestTools.UITest.Extension.UITestControlNotAvailableException: The control is not available or not valid. Additional Details: 
TechnologyName:  'MSAA'
Name:  'Yes'
ControlType:  'Button'
 ---&gt; Microsoft.VisualStudio.TestTools.UITest.Extension.UITestControlNotAvailableException: The control is not available or not valid. Additional Details: 
TechnologyName:  'MSAA'
Name:  'Confirm'
ClassName:  '#32770'
ControlType:  'Window'
 ---&gt; System.Runtime.InteropServices.COMException: Error HRESULT E_FAIL has been returned from a call to a COM component.</Message>
          <StackTrace>    at Microsoft.VisualStudio.TestTools.UITest.Playback.Engine.IRPFPlayback.FindAllScreenElements(IScreenElement pScreenElementStart, String bstrQueryId, Object&amp; pvarResKeys, Int32 cResKeys, Int32 nMaxDepth, Object[]&amp; foundDescendants)
   at Microsoft.VisualStudio.TestTools.UITest.Playback.ScreenElement.FindTopLevelWindowHelper(String queryId)
   at Microsoft.VisualStudio.TestTools.UITest.Playback.ScreenElement.FindFromPartialQueryId(String queryId)
   at Microsoft.VisualStudio.TestTools.UITesting.UITestControl.EnsureValid(Boolean waitForReady, Boolean refetch)
 --- End of inner exception stack trace ---
    at Microsoft.VisualStudio.TestTools.UITesting.UITestControl.EnsureValid(Boolean waitForReady, Boolean refetch)
   at Microsoft.VisualStudio.TestTools.UITesting.UITestControl.FindFirstDescendant(String queryId, Int32 maxDepth, Int32&amp; timeLeft)
   at Microsoft.VisualStudio.TestTools.UITesting.UITestControl.FindFirstDescendant(String queryId)
   at Microsoft.VisualStudio.TestTools.UITesting.UITestControl.EnsureValid(Boolean waitForReady, Boolean refetch)
 --- End of inner exception stack trace ---
    at Microsoft.VisualStudio.TestTools.UITesting.UITestControl.EnsureValid(Boolean waitForReady, Boolean refetch)
   at Microsoft.VisualStudio.TestTools.UITesting.UITestControl.Click(MouseButtons button, ModifierKeys modifierKeys, Point relativeCoordinates)
   at Microsoft.VisualStudio.TestTools.UITesting.Mouse.ClickImplementation(UITestControl control, MouseButtons button, ModifierKeys modifierKeys, Point relativeCoordinate)
   at Microsoft.VisualStudio.TestTools.UITesting.Mouse.ClickImplementationWrapper(UITestControl control, MouseButtons button, ModifierKeys modifierKeys, Point relativeCoordinate)
   at Microsoft.VisualStudio.TestTools.UITesting.Mouse.Click(UITestControl control, Point relativeCoordinate)
   at Ver1.UIMap.HomeAmendRenew() in C:\AutotestTam1205\TestProject7\UIMap.Designer.cs:line 869
   at Ver1.CodedUITest2.HouseAmendRiskExistingScheme() in C:\AutotestTam1205\TestProject7\CodedUITest2.cs:line 1608
</StackTrace>
        </ErrorInfo>
      </Output>
      <ResultFiles>
        <ResultFile path="ICLVDEVTM02\HouseAmendRiskExistingScheme.png" />
      </ResultFiles>
      <ExtensionResult>Exception has been thrown by the target of an invocation.</ExtensionResult>
    </UnitTestResult>
    <UnitTestResult executionId="f7b2c586-8018-4808-b4b2-43091abd9a59" testId="e785005d-7402-4f52-14ec-dba919726f7b" testName="HouseAmendRiskNewScheme" computerName="ICLVDEVTM02" duration="00:14:35.6002148" startTime="2013-05-23T19:03:55.2970411+01:00" endTime="2013-05-23T19:18:31.3662877+01:00" testType="13cdc9d9-ddb5-4fa4-a97d-d965ccfc6d4b" outcome="Passed" testListId="8c84fa94-04c1-424b-9868-57a2d4851a1d" relativeResultsDirectory="f7b2c586-8018-4808-b4b2-43091abd9a59">
      <Output>
        <DebugTrace>W, 3504, 14, 2013/05/23, 19:04:01.841, 2924251873109, QTAgent32.exe, &lt;a class=success&gt;Playback - {1} [SUCCESS] MouseButtonClick - "[MSAA, VisibleOnly]ControlType='Edit'"
\0&lt;/a&gt;
W, 3504, 14, 2013/05/23, 19:04:02.248, 2924257701202, QTAgent32.exe, &lt;a class=success&gt;Playback - {2} [SUCCESS] SendKeys "[*]" - "[MSAA, VisibleOnly]ControlType='Edit'"
\0&lt;/a&gt;
W, 3504, 14, 2013/05/23, 19:04:03.110, 2924270043381, QTAgent32.exe, &lt;a class=success&gt;Playback - {3} [SUCCESS] MouseButtonClick - "[MSAA, VisibleOnly]ControlType='Button' &amp;&amp; Name='OK'"
\0&lt;/a&gt;
W, 3504, 14, 2013/05/23, 19:04:03.432, 2924274648955, QTAgent32.exe, &lt;a class=success&gt;Playback - {4} [SUCCESS] SendKeys "^{HOME}" - "[MSAA, VisibleOnly]ControlType='Edit'"
\0&lt;/a&gt;
E, 3504, 14, 2013/05/23, 19:04:03.433, 2924274670228, QTAgent32.exe, Msaa.GetFocusedElement: could not find accessible object of foreground window
W, 3504, 14, 2013/05/23, 19:04:03.510, 2924275765860, QTAgent32.exe, &lt;a class=success&gt;Playback - {5} [SUCCESS] SendKeys "^+{END}" - "[MSAA, VisibleOnly]ControlType='Edit'"
\0&lt;/a&gt;
E, 3504, 14, 2013/05/23, 19:04:03.511, 2924275787104, QTAgent32.exe, Msaa.GetFocusedElement: could not find accessible object of foreground window
W, 3504, 14, 2013/05/23, 19:04:03.565, 2924276556688, QTAgent32.exe, &lt;a class=success&gt;Playback - {6} [SUCCESS] SendKeys "{DELETE}" - "[MSAA, VisibleOnly]ControlType='Edit'"
\0&lt;/a&gt;
W, 3504, 14, 2013/05/23, 19:04:04.007, 2924282883134, QTAgent32.exe, &lt;a class=success&gt;Playback - {7} [SUCCESS] SetValueAsEditBox "23/05/2013" - "[MSAA, VisibleOnly]ControlType='Edit'"  &lt; Set via SendKeys &gt;
\0&lt;/a&gt;
W, 3504, 14, 2013/05/23, 19:04:04.686, 2924292607954, QTAgent32.exe, Playback - [WARNING] Internal warning: Incorrect flag set for InvokeProgrammaticAction\0
W, 3504, 14, 2013/05/23, 19:04:04.808, 2924294360735, QTAgent32.exe, &lt;a class=success&gt;Playback - {8} [SUCCESS] SetValueAsComboBox "May" - "[MSAA, VisibleOnly]ControlType='ComboBox'"  &lt; SetValueAsComboBox, set by clicking on the item in the list box &gt;
\0&lt;/a&gt;
W, 3504, 14, 2013/05/23, 19:04:05.146, 2924299197602, QTAgent32.exe, &lt;a class=success&gt;Playback - {9} [SUCCESS] SendKeys "^{HOME}" - "[MSAA, VisibleOnly]ControlType='Edit'"
\0&lt;/a&gt;
E, 3504, 14, 2013/05/23, 19:04:05.146, 2924299201369, QTAgent32.exe, Msaa.GetFocusedElement: could not find accessible object of foreground window
W, 3504, 14, 2013/05/23, 19:04:05.206, 2924300053229, QTAgent32.exe, &lt;a class=success&gt;Playback - {10} [SUCCESS] SendKeys "^+{END}" - "[MSAA, VisibleOnly]ControlType='Edit'"
\0&lt;/a&gt;
E, 3504, 14, 2013/05/23, 19:04:05.207, 2924300074661, QTAgent32.exe, Msaa.GetFocusedElement: could not find accessible object of foreground window
W, 3504, 14, 2013/05/23, 19:04:05.225, 2924300324685, QTAgent32.exe, &lt;a class=success&gt;Playback - {11} [SUCCESS] SendKeys "{DELETE}" - "[MSAA, VisibleOnly]ControlType='Edit'"
\0&lt;/a&gt;
W, 3504, 14, 2013/05/23, 19:04:05.512, 2924304441930, QTAgent32.exe, &lt;a class=success&gt;Playback - {12} [SUCCESS] SetValueAsEditBox "2013" - "[MSAA, VisibleOnly]ControlType='Edit'"  &lt; Set via SendKeys &gt;
\0&lt;/a&gt;
W, 3504, 14, 2013/05/23, 19:04:06.267, 2924315258738, QTAgent32.exe, &lt;a class=success&gt;Playback - {13} [SUCCESS] MouseButtonClick - "[MSAA, VisibleOnly]ControlType='Button' &amp;&amp; Name='OK'"
\0&lt;/a&gt;
W, 3504, 14, 2013/05/23, 19:04:07.164, 2924328091567, QTAgent32.exe, Playback - [WARNING] Internal warning: Window Not Found: [VisibleOnly]ControlType='Window' &amp;&amp; Name='Warning' &amp;&amp; ClassName='#32770'
\0
E, 3504, 14, 2013/05/23, 19:04:07.164, 2924328094994, QTAgent32.exe, &lt;a class=failure&gt;Playback - {14} [FAILED] Function ElementFetcher::FindScreenElement failed to locate UI element (Searching: ;[VisibleOnly]ControlType='Window' &amp;&amp; Name='Warning' &amp;&amp; ClassName='#32770') (The object specified was not found.)
\0&lt;/a&gt;
E, 3504, 14, 2013/05/23, 19:04:07.248, 2924329295806, QTAgent32.exe, Playback - [IMAGE] C:\Users\testuser\AppData\Local\Temp\UITestLogs\LastRun\RPF721E.png
\0
W, 3504, 14, 2013/05/23, 19:04:07.248, 2924329298283, QTAgent32.exe, Playback - [WARNING] Internal warning: Couldn't find descendants that match QueryId
\0
W, 3504, 14, 2013/05/23, 19:04:07.249, 2924329301978, QTAgent32.exe, PERF WARNING: FindTopLevelWindowHelper::FindAllDescendents: took 879 ms. Expected it to take maximum 500 ms.
W, 3504, 14, 2013/05/23, 19:04:25.311, 2924587930641, QTAgent32.exe, Playback - [WARNING] Internal warning: Window Not Found: [VisibleOnly]ControlType='Window' &amp;&amp; Name='Warning' &amp;&amp; ClassName='#32770'
\0
E, 3504, 14, 2013/05/23, 19:04:25.312, 2924587937583, QTAgent32.exe, &lt;a class=failure&gt;Playback - {15} [FAILED] Function ElementFetcher::FindScreenElement failed to locate UI element (Searching: ;[VisibleOnly]ControlType='Window' &amp;&amp; Name='Warning' &amp;&amp; ClassName='#32770') (The object specified was not found.)
\0&lt;/a&gt;
E, 3504, 14, 2013/05/23, 19:04:25.421, 2924589508867, QTAgent32.exe, Playback - [IMAGE] C:\Users\testuser\AppData\Local\Temp\UITestLogs\LastRun\RPFB8FE.png
\0
W, 3504, 14, 2013/05/23, 19:04:25.422, 2924589511892, QTAgent32.exe, Playback - [WARNING] Internal warning: Couldn't find descendants that match QueryId
\0
W, 3504, 14, 2013/05/23, 19:04:25.422, 2924589519072, QTAgent32.exe, PERF WARNING: FindTopLevelWindowHelper::FindAllDescendents: took 18173 ms. Expected it to take maximum 500 ms.
W, 3504, 14, 2013/05/23, 19:04:25.857, 2924595745090, QTAgent32.exe, Playback - [WARNING] Internal warning: Smart Match failed
\0
W, 3504, 14, 2013/05/23, 19:04:26.280, 2924601808524, QTAgent32.exe, Playback - [WARNING] Internal warning: Smart Match failed
\0
W, 3504, 14, 2013/05/23, 19:04:26.689, 2924607651180, QTAgent32.exe, Playback - [WARNING] Internal warning: Smart Match failed
\0
W, 3504, 14, 2013/05/23, 19:04:27.082, 2924613277959, QTAgent32.exe, Playback - [WARNING] Internal warning: Smart Match failed
\0
W, 3504, 14, 2013/05/23, 19:04:27.482, 2924619003146, QTAgent32.exe, Playback - [WARNING] Internal warning: Smart Match failed
\0
W, 3504, 14, 2013/05/23, 19:04:27.884, 2924624762216, QTAgent32.exe, Playback - [WARNING] Internal warning: Smart Match failed
\0
W, 3504, 14, 2013/05/23, 19:04:28.261, 2924630167973, QTAgent32.exe, Playback - [WARNING] Internal warning: Smart Match failed
\0
W, 3504, 14, 2013/05/23, 19:04:28.515, 2924633798396, QTAgent32.exe, Playback - [WARNING] Internal warning: Window Not Found: [VisibleOnly]ControlType='Window' &amp;&amp; Name='Warning' &amp;&amp; ClassName='#32770'
\0
E, 3504, 14, 2013/05/23, 19:04:28.515, 2924633801916, QTAgent32.exe, &lt;a class=failure&gt;Playback - {16} [FAILED] Function ElementFetcher::FindScreenElement failed to locate UI element (Searching: ;[VisibleOnly]ControlType='Window' &amp;&amp; Name='Warning' &amp;&amp; ClassName='#32770') (The object specified was not found.)
\0&lt;/a&gt;
E, 3504, 14, 2013/05/23, 19:04:28.594, 2924634929516, QTAgent32.exe, Playback - [IMAGE] C:\Users\testuser\AppData\Local\Temp\UITestLogs\LastRun\RPFC57D.png
\0
W, 3504, 14, 2013/05/23, 19:04:28.594, 2924634931906, QTAgent32.exe, Playback - [WARNING] Internal warning: Couldn't find descendants that match QueryId
\0
W, 3504, 14, 2013/05/23, 19:04:28.594, 2924634937901, QTAgent32.exe, PERF WARNING: FindTopLevelWindowHelper::FindAllDescendents: took 3171 ms. Expected it to take maximum 500 ms.
E, 3504, 14, 2013/05/23, 19:04:28.595, 2924634940625, QTAgent32.exe, Exception: System.Runtime.InteropServices.COMException
	Message: Error HRESULT E_FAIL has been returned from a call to a COM component.
	Stack Trace:    at Microsoft.VisualStudio.TestTools.UITest.Playback.Engine.IRPFPlayback.FindAllScreenElements(IScreenElement pScreenElementStart, String bstrQueryId, Object&amp; pvarResKeys, Int32 cResKeys, Int32 nMaxDepth, Object[]&amp; foundDescendants)
   at Microsoft.VisualStudio.TestTools.UITest.Playback.ScreenElement.FindTopLevelWindowHelper(String queryId)
	BaseExceptionMessage: Error HRESULT E_FAIL has been returned from a call to a COM component.

E, 3504, 14, 2013/05/23, 19:04:28.838, 2924638426649, QTAgent32.exe, AL: Playback Error: Microsoft.VisualStudio.TestTools.UITest.Extension.UITestControlNotFoundException: The playback failed to find the control with the given search properties. Additional Details: 
TechnologyName:  'MSAA'
ControlType:  'Window'
Name:  'Warning'
ClassName:  '#32770'
 ---&gt; System.Runtime.InteropServices.COMException: Error HRESULT E_FAIL has been returned from a call to a COM component.
   at Microsoft.VisualStudio.TestTools.UITest.Playback.Engine.IRPFPlayback.FindAllScreenElements(IScreenElement pScreenElementStart, String bstrQueryId, Object&amp; pvarResKeys, Int32 cResKeys, Int32 nMaxDepth, Object[]&amp; foundDescendants)
   at Microsoft.VisualStudio.TestTools.UITest.Playback.ScreenElement.FindTopLevelWindowHelper(String queryId)
   at Microsoft.VisualStudio.TestTools.UITest.Playback.ScreenElement.FindFromPartialQueryId(String queryId)
   at Microsoft.VisualStudio.TestTools.UITesting.UITestControl..ctor(String queryId)
   --- End of inner exception stack trace ---
   at Microsoft.VisualStudio.TestTools.UITesting.Playback.MapControlNotFoundException(COMException ex, IPlaybackContext context)
   at Microsoft.VisualStudio.TestTools.UITesting.Playback.MapAndThrowComException(COMException innerException, IPlaybackContext context)
   at Microsoft.VisualStudio.TestTools.UITesting.Playback.MapAndThrowException(SystemException exception, IPlaybackContext context)
   at Microsoft.VisualStudio.TestTools.UITesting.Playback.MapAndThrowException(SystemException exception, String queryId)
   at Microsoft.VisualStudio.TestTools.UITesting.UITestControl..ctor(String queryId)
   at Microsoft.VisualStudio.TestTools.UITesting.SearchHelper.SearchTopLevelWindow(ISearchArgument topLevelSearchArg, String topLevelElementQueryId)
   at Microsoft.VisualStudio.TestTools.UITesting.SearchHelper.GetTitleUpdatedTopLevelWindow(ISearchArgument topLevelSearchArg, String queryId, IList`1 windowTitles)
   at Microsoft.VisualStudio.TestTools.UITesting.SearchHelper.GetTopLevelElement(Boolean useCache, Boolean useCacheOnly, ISearchArgument searchArg, IList`1 windowTitles, Int32&amp; timeLeft)
   at Microsoft.VisualStudio.TestTools.UITesting.SearchHelper.GetElement(Boolean useCache, ISearchArgument searchArg)
   at Microsoft.VisualStudio.TestTools.UITesting.SearchHelper.Search(ISearchArgument searchArg)
   at Microsoft.VisualStudio.TestTools.UITesting.UITestControl.FindInternal()
   at Microsoft.VisualStudio.TestTools.UITesting.UITestControl.FindControlIfNecessary()
   at Microsoft.VisualStudio.TestTools.UITesting.UITestControl.Click(MouseButtons button, ModifierKeys modifierKeys, Point relativeCoordinates)
   at Microsoft.VisualStudio.TestTools.UITesting.Mouse.ClickImplementation(UITestControl control, MouseButtons button, ModifierKeys modifierKeys, Point relativeCoordinate)
   at Microsoft.VisualStudio.TestTools.UITesting.Mouse.ClickImplementationWrapper(UITestControl control, MouseButtons button, ModifierKeys modifierKeys, Point relativeCoordinate)
W, 3504, 14, 2013/05/23, 19:04:28.838, 2924638430161, QTAgent32.exe, PlaybackErrorHandler: Ignoring exception as ContinueOnError is set.
W, 3504, 14, 2013/05/23, 19:04:28.914, 2924639517041, QTAgent32.exe, &lt;a class=success&gt;Playback - {17} [SUCCESS] TypeString "#(R)"
\0&lt;/a&gt;
W, 3504, 14, 2013/05/23, 19:04:29.531, 2924648348895, QTAgent32.exe, PERF WARNING: FindTopLevelWindowHelper::FindAllDescendents: took 516 ms. Expected it to take maximum 500 ms.
W, 3504, 14, 2013/05/23, 19:04:30.157, 2924657314010, QTAgent32.exe, PERF WARNING: FindAllDescendents: took 623 ms. Expected it to take maximum 500 ms.
E, 3504, 14, 2013/05/23, 19:04:30.182, 2924657671781, QTAgent32.exe, Exception: System.ArgumentException
	Message: Value does not fall within the expected range.
	Stack Trace:    at Accessibility.IAccessible.get_accRole(Object varChild)
   at Microsoft.VisualStudio.TestTools.UITest.Extension.Msaa.AccWrapper.get_RoleInt()
	BaseExceptionMessage: Value does not fall within the expected range.

E, 3504, 14, 2013/05/23, 19:04:30.202, 2924657963667, QTAgent32.exe, Exception: System.ArgumentException
	Message: Value does not fall within the expected range.
	Stack Trace:    at Accessibility.IAccessible.get_accRole(Object varChild)
   at Microsoft.VisualStudio.TestTools.UITest.Extension.Msaa.AccWrapper.get_RoleInt()
	BaseExceptionMessage: Value does not fall within the expected range.

W, 3504, 14, 2013/05/23, 19:04:31.491, 2924676406376, QTAgent32.exe, &lt;a class=success&gt;Playback - {18} [SUCCESS] LeftButtonClick  &lt; Mouse cursor location (87, 908) &gt;
\0&lt;/a&gt;
W, 3504, 14, 2013/05/23, 19:04:33.319, 2924702586448, QTAgent32.exe, &lt;a class=success&gt;Playback - {19} [SUCCESS] SetValueAsEditBox "c:\TestProject7\ourmma.reg"  &lt; Set via SendKeys &gt;
\0&lt;/a&gt;
W, 3504, 14, 2013/05/23, 19:04:33.319, 2924702589558, QTAgent32.exe, &lt;a class=success&gt;Playback - {20} [SUCCESS] SetValueAsComboBox "c:\TestProject7\ourmma.reg" - "[MSAA, VisibleOnly]ControlType='ComboBox' &amp;&amp; Name='Open:'"  &lt; Set via SetValueAsEditBox &gt;
\0&lt;/a&gt;
W, 3504, 14, 2013/05/23, 19:04:33.598, 2924706575478, QTAgent32.exe, &lt;a class=success&gt;Playback - {21} [SUCCESS] MouseButtonClick - "[MSAA, VisibleOnly]ControlType='Button' &amp;&amp; Name='OK'"
\0&lt;/a&gt;
W, 3504, 14, 2013/05/23, 19:04:34.603, 2924720965589, QTAgent32.exe, Playback - [WARNING] Internal warning: Window Not Found: [VisibleOnly]ControlType='Window' &amp;&amp; Name='Registry Editor' &amp;&amp; ClassName='#32770'
\0
E, 3504, 14, 2013/05/23, 19:04:34.603, 2924720968932, QTAgent32.exe, &lt;a class=failure&gt;Playback - {22} [FAILED] Function ElementFetcher::FindScreenElement failed to locate UI element (Searching: ;[VisibleOnly]ControlType='Window' &amp;&amp; Name='Registry Editor' &amp;&amp; ClassName='#32770') (The object specified was not found.)
\0&lt;/a&gt;
E, 3504, 14, 2013/05/23, 19:04:34.724, 2924722706250, QTAgent32.exe, Playback - [IMAGE] C:\Users\testuser\AppData\Local\Temp\UITestLogs\LastRun\RPFDD52.png
\0
W, 3504, 14, 2013/05/23, 19:04:34.725, 2924722708724, QTAgent32.exe, Playback - [WARNING] Internal warning: Couldn't find descendants that match QueryId
\0
W, 3504, 14, 2013/05/23, 19:04:34.725, 2924722711927, QTAgent32.exe, PERF WARNING: FindTopLevelWindowHelper::FindAllDescendents: took 1025 ms. Expected it to take maximum 500 ms.
W, 3504, 14, 2013/05/23, 19:04:35.433, 2924732854989, QTAgent32.exe, &lt;a class=success&gt;Playback - {23} [SUCCESS] MouseButtonClick - "[MSAA, VisibleOnly]ControlType='Button' &amp;&amp; Name='Yes'"
\0&lt;/a&gt;
W, 3504, 14, 2013/05/23, 19:04:35.813, 2924738294747, QTAgent32.exe, &lt;a class=success&gt;Playback - {24} [SUCCESS] MouseButtonClick - "[MSAA, VisibleOnly]ControlType='Button' &amp;&amp; Name='OK'"
\0&lt;/a&gt;
W, 3504, 14, 2013/05/23, 19:04:36.049, 2924741668389, QTAgent32.exe, &lt;a class=success&gt;Playback - {25} [SUCCESS] MouseButtonClick - "[MSAA, VisibleOnly]ControlType='Button' &amp;&amp; Name='Clients &amp; Files'"
\0&lt;/a&gt;
W, 3504, 14, 2013/05/23, 19:04:36.486, 2924747932015, QTAgent32.exe, Playback - [WARNING] Internal warning: Window Not Found: [VisibleOnly]ControlType='Window' &amp;&amp; ClassName='ThunderRT6MDIForm'
\0
E, 3504, 14, 2013/05/23, 19:04:36.486, 2924747935336, QTAgent32.exe, &lt;a class=failure&gt;Playback - {26} [FAILED] Function ElementFetcher::FindScreenElement failed to locate UI element (Searching: ;[VisibleOnly]ControlType='Window' &amp;&amp; ClassName='ThunderRT6MDIForm') (The object specified was not found.)
\0&lt;/a&gt;
E, 3504, 14, 2013/05/23, 19:04:36.592, 2924749445722, QTAgent32.exe, Playback - [IMAGE] C:\Users\testuser\AppData\Local\Temp\UITestLogs\LastRun\RPFE4A3.png
\0
W, 3504, 14, 2013/05/23, 19:04:36.592, 2924749448106, QTAgent32.exe, Playback - [WARNING] Internal warning: Couldn't find descendants that match QueryId
\0
W, 3504, 14, 2013/05/23, 19:04:39.315, 2924788429303, QTAgent32.exe, PERF WARNING: FindTopLevelWindowHelper::FindAllDescendents: took 2722 ms. Expected it to take maximum 500 ms.
W, 3504, 14, 2013/05/23, 19:04:40.094, 2924799594031, QTAgent32.exe, Playback - [WARNING] Internal warning: Incorrect flag set for InvokeProgrammaticAction\0
W, 3504, 14, 2013/05/23, 19:04:40.216, 2924801331249, QTAgent32.exe, &lt;a class=success&gt;Playback - {27} [SUCCESS] SetValueAsComboBox "Customers" - "[MSAA, VisibleOnly]ControlType='ComboBox'"  &lt; SetValueAsComboBox, set by clicking on the item in the list box &gt;
\0&lt;/a&gt;
W, 3504, 14, 2013/05/23, 19:04:40.806, 2924809784010, QTAgent32.exe, &lt;a class=success&gt;Playback - {28} [SUCCESS] MouseButtonClick - "[MSAA, VisibleOnly]ControlType='Button' &amp;&amp; Name='Add'"
\0&lt;/a&gt;
W, 3504, 14, 2013/05/23, 19:04:41.435, 2924818790480, QTAgent32.exe, &lt;a class=success&gt;Playback - {29} [SUCCESS] SendKeys "autotest" - "[MSAA, VisibleOnly]ControlType='RadioButton' &amp;&amp; Name='Personal Lines'"
\0&lt;/a&gt;
W, 3504, 14, 2013/05/23, 19:04:42.242, 2924830340977, QTAgent32.exe, &lt;a class=success&gt;Playback - {30} [SUCCESS] SetValueAsEditBox "autotest" - "[MSAA, VisibleOnly]ControlType='Edit'"  &lt; Set via SendKeys &gt;
\0&lt;/a&gt;
W, 3504, 14, 2013/05/23, 19:04:42.471, 2924833625268, QTAgent32.exe, &lt;a class=success&gt;Playback - {31} [SUCCESS] MouseButtonClick - "[MSAA, VisibleOnly]ControlType='Button' &amp;&amp; Name='OK'"
\0&lt;/a&gt;
W, 3504, 14, 2013/05/23, 19:04:42.797, 2924838283957, QTAgent32.exe, &lt;a class=success&gt;Playback - {32} [SUCCESS] MouseButtonClick - "[MSAA, VisibleOnly]ControlType='Button' &amp;&amp; Name='Yes'"
\0&lt;/a&gt;
W, 3504, 14, 2013/05/23, 19:04:43.301, 2924845513828, QTAgent32.exe, &lt;a class=success&gt;Playback - {33} [SUCCESS] SendKeys "^{HOME}" - "[MSAA, VisibleOnly]ControlType='Edit'"
\0&lt;/a&gt;
E, 3504, 14, 2013/05/23, 19:04:43.302, 2924845517636, QTAgent32.exe, Msaa.GetFocusedElement: could not find accessible object of foreground window
W, 3504, 14, 2013/05/23, 19:04:43.365, 2924846424662, QTAgent32.exe, &lt;a class=success&gt;Playback - {34} [SUCCESS] SendKeys "^+{END}" - "[MSAA, VisibleOnly]ControlType='Edit'"
\0&lt;/a&gt;
E, 3504, 14, 2013/05/23, 19:04:43.365, 2924846428278, QTAgent32.exe, Msaa.GetFocusedElement: could not find accessible object of foreground window
W, 3504, 14, 2013/05/23, 19:04:43.382, 2924846668334, QTAgent32.exe, &lt;a class=success&gt;Playback - {35} [SUCCESS] SendKeys "{DELETE}" - "[MSAA, VisibleOnly]ControlType='Edit'"
\0&lt;/a&gt;
W, 3504, 14, 2013/05/23, 19:04:43.696, 2924851168038, QTAgent32.exe, &lt;a class=success&gt;Playback - {36} [SUCCESS] SetValueAsEditBox "1" - "[MSAA, VisibleOnly]ControlType='Edit'"  &lt; Set via SendKeys &gt;
\0&lt;/a&gt;
W, 3504, 14, 2013/05/23, 19:04:44.123, 2924857276147, QTAgent32.exe, &lt;a class=success&gt;Playback - {37} [SUCCESS] SendKeys "^{HOME}" - "[MSAA, VisibleOnly]ControlType='Edit'"
\0&lt;/a&gt;
E, 3504, 14, 2013/05/23, 19:04:44.123, 2924857279909, QTAgent32.exe, Msaa.GetFocusedElement: could not find accessible object of foreground window
W, 3504, 14, 2013/05/23, 19:04:44.178, 2924858070192, QTAgent32.exe, &lt;a class=success&gt;Playback - {38} [SUCCESS] SendKeys "^+{END}" - "[MSAA, VisibleOnly]ControlType='Edit'"
\0&lt;/a&gt;
E, 3504, 14, 2013/05/23, 19:04:44.179, 2924858073868, QTAgent32.exe, Msaa.GetFocusedElement: could not find accessible object of foreground window
W, 3504, 14, 2013/05/23, 19:04:44.196, 2924858321955, QTAgent32.exe, &lt;a class=success&gt;Playback - {39} [SUCCESS] SendKeys "{DELETE}" - "[MSAA, VisibleOnly]ControlType='Edit'"
\0&lt;/a&gt;
W, 3504, 14, 2013/05/23, 19:04:44.485, 2924862460163, QTAgent32.exe, &lt;a class=success&gt;Playback - {40} [SUCCESS] SetValueAsEditBox "1" - "[MSAA, VisibleOnly]ControlType='Edit'"  &lt; Set via SendKeys &gt;
\0&lt;/a&gt;
W, 3504, 14, 2013/05/23, 19:04:46.096, 2924885536360, QTAgent32.exe, Playback - [WARNING] Internal warning: Target element "[MSAA, VisibleOnly]ControlType='Button' &amp;&amp; Name='OK'" was not found, so all intermediate elements were ignored. An incorrect element that matches target element Id can be found as the result.  Verify that all intermediate elements in QueryId have valid and unique Ids
\0
W, 3504, 14, 2013/05/23, 19:04:46.634, 2924893232080, QTAgent32.exe, PERF WARNING: FindAllDescendents: took 2046 ms. Expected it to take maximum 500 ms.
W, 3504, 14, 2013/05/23, 19:04:46.931, 2924897476453, QTAgent32.exe, &lt;a class=success&gt;Playback - {41} [SUCCESS] MouseButtonClick - "[MSAA, VisibleOnly]ControlType='Button' &amp;&amp; Name='OK'"
\0&lt;/a&gt;
W, 3504, 14, 2013/05/23, 19:04:47.326, 2924903135653, QTAgent32.exe, &lt;a class=success&gt;Playback - {42} [SUCCESS] MouseButtonClick - "[MSAA, VisibleOnly]ControlType='Button'"
\0&lt;/a&gt;
W, 3504, 14, 2013/05/23, 19:04:47.727, 2924908887120, QTAgent32.exe, &lt;a class=success&gt;Playback - {43} [SUCCESS] MouseButtonClick - "[MSAA, VisibleOnly]ControlType='Button' &amp;&amp; Name='Add'"
\0&lt;/a&gt;
W, 3504, 14, 2013/05/23, 19:04:48.205, 2924915724298, QTAgent32.exe, &lt;a class=success&gt;Playback - {44} [SUCCESS] MouseButtonClick - "[MSAA, VisibleOnly]ControlType='Button' &amp;&amp; Name='OK'"
\0&lt;/a&gt;
W, 3504, 14, 2013/05/23, 19:04:50.468, 2924948129526, QTAgent32.exe, &lt;a class=success&gt;Playback - {45} [SUCCESS] MouseButtonClick - "[MSAA, VisibleOnly,Window]ControlType='Window' &amp;&amp; ClassName='ThunderRT6TextBox'"
\0&lt;/a&gt;
W, 3504, 14, 2013/05/23, 19:04:51.209, 2924958740424, QTAgent32.exe, &lt;a class=success&gt;Playback - {46} [SUCCESS] SetValueAsEditBox "HOME" - "[MSAA, VisibleOnly]ControlType='Edit'"  &lt; Set via SendKeys &gt;
\0&lt;/a&gt;
W, 3504, 14, 2013/05/23, 19:04:51.602, 2924964362058, QTAgent32.exe, &lt;a class=success&gt;Playback - {47} [SUCCESS] MouseButtonClick - "[MSAA, VisibleOnly]ControlType='Button' &amp;&amp; Name='OK'"
\0&lt;/a&gt;
W, 3504, 14, 2013/05/23, 19:04:51.841, 2924967792409, QTAgent32.exe, &lt;a class=success&gt;Playback - {48} [SUCCESS] MouseButtonClick - "[MSAA, VisibleOnly]ControlType='Button' &amp;&amp; Name='Options'"
\0&lt;/a&gt;
W, 3504, 14, 2013/05/23, 19:04:51.943, 2924969251935, QTAgent32.exe, FindScreenElementInSinglePass : Attempting to find control in one pass of search. Failures can occur.
W, 3504, 14, 2013/05/23, 19:04:52.329, 2924974770766, QTAgent32.exe, &lt;a class=success&gt;Playback - {49} [SUCCESS] MouseButtonClick - "[MSAA]ControlType='MenuItem' &amp;&amp; Name='Links'"
\0&lt;/a&gt;
W, 3504, 14, 2013/05/23, 19:04:52.429, 2924976207617, QTAgent32.exe, FindScreenElementInSinglePass : Attempting to find control in one pass of search. Failures can occur.
W, 3504, 14, 2013/05/23, 19:04:52.797, 2924981472025, QTAgent32.exe, &lt;a class=success&gt;Playback - {50} [SUCCESS] MouseButtonClick - "[MSAA]ControlType='MenuItem' &amp;&amp; Name='3rd Party Integration'"
\0&lt;/a&gt;
W, 3504, 14, 2013/05/23, 19:04:52.897, 2924982911732, QTAgent32.exe, FindScreenElementInSinglePass : Attempting to find control in one pass of search. Failures can occur.
W, 3504, 14, 2013/05/23, 19:04:53.270, 2924988252245, QTAgent32.exe, &lt;a class=success&gt;Playback - {51} [SUCCESS] MouseButtonClick - "[MSAA]ControlType='MenuItem' &amp;&amp; Name='Quote Select List'"
\0&lt;/a&gt;
W, 3504, 14, 2013/05/23, 19:04:53.719, 2924994684103, QTAgent32.exe, Playback - [WARNING] Internal warning: Window Not Found: [VisibleOnly]ControlType='Window' &amp;&amp; Name='Current Or Future' &amp;&amp; ClassName='TfCurrentOrFuture'
\0
E, 3504, 14, 2013/05/23, 19:04:53.720, 2924994687768, QTAgent32.exe, &lt;a class=failure&gt;Playback - {52} [FAILED] Function ElementFetcher::FindScreenElement failed to locate UI element (Searching: ;[VisibleOnly]ControlType='Window' &amp;&amp; Name='Current Or Future' &amp;&amp; ClassName='TfCurrentOrFuture') (The object specified was not found.)
\0&lt;/a&gt;
E, 3504, 14, 2013/05/23, 19:04:53.887, 2924997086225, QTAgent32.exe, Playback - [IMAGE] C:\Users\testuser\AppData\Local\Temp\UITestLogs\LastRun\RPF27FA.png
\0
W, 3504, 14, 2013/05/23, 19:04:53.889, 2924997107087, QTAgent32.exe, Playback - [WARNING] Internal warning: Couldn't find descendants that match QueryId
\0
W, 3504, 14, 2013/05/23, 19:04:53.890, 2924997128964, QTAgent32.exe, PERF WARNING: FindTopLevelWindowHelper::FindAllDescendents: took 519 ms. Expected it to take maximum 500 ms.
W, 3504, 14, 2013/05/23, 19:04:56.521, 2925034790702, QTAgent32.exe, PERF WARNING: FindTopLevelWindowHelper::FindAllDescendents: took 2628 ms. Expected it to take maximum 500 ms.
W, 3504, 14, 2013/05/23, 19:04:56.660, 2925036787907, QTAgent32.exe, &lt;a class=success&gt;Playback - {53} [SUCCESS] MouseButtonClick - "[MSAA, VisibleOnly]ControlType='Button' &amp;&amp; Name='Ok'"
\0&lt;/a&gt;
W, 3504, 14, 2013/05/23, 19:05:00.675, 2925094275949, QTAgent32.exe, PERF WARNING: FindTopLevelWindowHelper::FindAllDescendents: took 3913 ms. Expected it to take maximum 500 ms.
W, 3504, 14, 2013/05/23, 19:05:01.110, 2925100508621, QTAgent32.exe, &lt;a class=success&gt;Playback - {54} [SUCCESS] SendKeys "^{HOME}" - "[MSAA, VisibleOnly]ControlType='Edit'"
\0&lt;/a&gt;
E, 3504, 14, 2013/05/23, 19:05:01.111, 2925100512213, QTAgent32.exe, Msaa.GetFocusedElement: could not find accessible object of foreground window
W, 3504, 14, 2013/05/23, 19:05:01.179, 2925101488649, QTAgent32.exe, &lt;a class=success&gt;Playback - {55} [SUCCESS] SendKeys "^+{END}" - "[MSAA, VisibleOnly]ControlType='Edit'"
\0&lt;/a&gt;
E, 3504, 14, 2013/05/23, 19:05:01.179, 2925101491872, QTAgent32.exe, Msaa.GetFocusedElement: could not find accessible object of foreground window
W, 3504, 14, 2013/05/23, 19:05:01.194, 2925101711561, QTAgent32.exe, &lt;a class=success&gt;Playback - {56} [SUCCESS] SendKeys "{DELETE}" - "[MSAA, VisibleOnly]ControlType='Edit'"
\0&lt;/a&gt;
W, 3504, 14, 2013/05/23, 19:05:01.649, 2925108227308, QTAgent32.exe, &lt;a class=success&gt;Playback - {57} [SUCCESS] SetValueAsEditBox "30/05/13" - "[MSAA, VisibleOnly]ControlType='Edit'"  &lt; Set via SendKeys &gt;
\0&lt;/a&gt;
W, 3504, 14, 2013/05/23, 19:05:02.436, 2925119482268, QTAgent32.exe, &lt;a class=success&gt;Playback - {58} [SUCCESS] SetValueAsEditBox "test1" - "[MSAA, VisibleOnly]ControlType='Edit'"  &lt; Set via SendKeys &gt;
\0&lt;/a&gt;
W, 3504, 14, 2013/05/23, 19:05:03.269, 2925131412268, QTAgent32.exe, &lt;a class=success&gt;Playback - {59} [SUCCESS] SetValueAsEditBox "test" - "[MSAA, VisibleOnly]ControlType='Edit'"  &lt; Set via SendKeys &gt;
\0&lt;/a&gt;
W, 3504, 14, 2013/05/23, 19:05:03.719, 2925137855136, QTAgent32.exe, &lt;a class=success&gt;Playback - {60} [SUCCESS] SendKeys "^{HOME}" - "[MSAA, VisibleOnly]ControlType='Edit'"
\0&lt;/a&gt;
E, 3504, 14, 2013/05/23, 19:05:03.719, 2925137858876, QTAgent32.exe, Msaa.GetFocusedElement: could not find accessible object of foreground window
W, 3504, 14, 2013/05/23, 19:05:03.777, 2925138687086, QTAgent32.exe, &lt;a class=success&gt;Playback - {61} [SUCCESS] SendKeys "^+{END}" - "[MSAA, VisibleOnly]ControlType='Edit'"
\0&lt;/a&gt;
E, 3504, 14, 2013/05/23, 19:05:03.777, 2925138690624, QTAgent32.exe, Msaa.GetFocusedElement: could not find accessible object of foreground window
W, 3504, 14, 2013/05/23, 19:05:03.794, 2925138936685, QTAgent32.exe, &lt;a class=success&gt;Playback - {62} [SUCCESS] SendKeys "{DELETE}" - "[MSAA, VisibleOnly]ControlType='Edit'"
\0&lt;/a&gt;
W, 3504, 14, 2013/05/23, 19:05:04.182, 2925144491591, QTAgent32.exe, &lt;a class=success&gt;Playback - {63} [SUCCESS] SetValueAsEditBox "test" - "[MSAA, VisibleOnly]ControlType='Edit'"  &lt; Set via SendKeys &gt;
\0&lt;/a&gt;
W, 3504, 14, 2013/05/23, 19:05:05.042, 2925156807335, QTAgent32.exe, Playback - [WARNING] Internal warning: Incorrect flag set for InvokeProgrammaticAction\0
W, 3504, 14, 2013/05/23, 19:05:05.165, 2925158561667, QTAgent32.exe, &lt;a class=success&gt;Playback - {64} [SUCCESS] SetValueAsComboBox "Account Director" - "[MSAA, VisibleOnly]ControlType='ComboBox'"  &lt; SetValueAsComboBox, set by clicking on the item in the list box &gt;
\0&lt;/a&gt;
W, 3504, 14, 2013/05/23, 19:05:07.463, 2925191459035, QTAgent32.exe, Playback - [WARNING] Internal warning: Incorrect flag set for InvokeProgrammaticAction\0
W, 3504, 14, 2013/05/23, 19:05:07.598, 2925193394911, QTAgent32.exe, &lt;a class=success&gt;Playback - {65} [SUCCESS] SetValueAsComboBox "Advertising" - "[MSAA, VisibleOnly]ControlType='ComboBox'"  &lt; SetValueAsComboBox, set by clicking on the item in the list box &gt;
\0&lt;/a&gt;
W, 3504, 14, 2013/05/23, 19:05:08.474, 2925205945895, QTAgent32.exe, &lt;a class=success&gt;Playback - {66} [SUCCESS] SetValueAsEditBox "160589" - "[MSAA, VisibleOnly]ControlType='Edit'"  &lt; Set via SendKeys &gt;
\0&lt;/a&gt;
W, 3504, 14, 2013/05/23, 19:05:08.727, 2925209560296, QTAgent32.exe, &lt;a class=success&gt;Playback - {67} [SUCCESS] MouseButtonClick - "[MSAA, VisibleOnly]ControlType='Edit'"
\0&lt;/a&gt;
W, 3504, 14, 2013/05/23, 19:05:09.533, 2925221104048, QTAgent32.exe, &lt;a class=success&gt;Playback - {68} [SUCCESS] SetValueAsEditBox "BN16BN" - "[MSAA, VisibleOnly]ControlType='Edit'"  &lt; Set via SendKeys &gt;
\0&lt;/a&gt;
W, 3504, 14, 2013/05/23, 19:05:11.771, 2925253143918, QTAgent32.exe, &lt;a class=success&gt;Playback - {69} [SUCCESS] MouseButtonClick - "[MSAA, VisibleOnly]ControlType='Button' &amp;&amp; Name='Lookup...'"
\0&lt;/a&gt;
W, 3504, 14, 2013/05/23, 19:05:12.074, 2925257485664, QTAgent32.exe, &lt;a class=success&gt;Playback - {70} [SUCCESS] MouseButtonClick - "[MSAA, VisibleOnly]ControlType='Button' &amp;&amp; Name='Ok'"
\0&lt;/a&gt;
W, 3504, 14, 2013/05/23, 19:05:12.335, 2925261225406, QTAgent32.exe, &lt;a class=success&gt;Playback - {71} [SUCCESS] MouseButtonClick - "[MSAA, VisibleOnly]ControlType='Button' &amp;&amp; Name='Next &gt;'"
\0&lt;/a&gt;
W, 3504, 14, 2013/05/23, 19:05:13.494, 2925277826146, QTAgent32.exe, &lt;a class=success&gt;Playback - {72} [SUCCESS] SetValueAsEditBox "1989" - "[MSAA, VisibleOnly]ControlType='Edit'"  &lt; Set via SendKeys &gt;
\0&lt;/a&gt;
W, 3504, 14, 2013/05/23, 19:05:13.732, 2925281217218, QTAgent32.exe, &lt;a class=success&gt;Playback - {73} [SUCCESS] MouseButtonClick - "[MSAA, VisibleOnly]ControlType='Button' &amp;&amp; Name='Next &gt;'"
\0&lt;/a&gt;
W, 3504, 14, 2013/05/23, 19:05:13.972, 2925284661583, QTAgent32.exe, &lt;a class=success&gt;Playback - {74} [SUCCESS] MouseButtonClick - "[MSAA, VisibleOnly]ControlType='Button' &amp;&amp; Name='Next &gt;'"
\0&lt;/a&gt;
W, 3504, 14, 2013/05/23, 19:05:14.214, 2925288128833, QTAgent32.exe, &lt;a class=success&gt;Playback - {75} [SUCCESS] MouseButtonClick - "[MSAA, VisibleOnly]ControlType='Button' &amp;&amp; Name='Next &gt;'"
\0&lt;/a&gt;
W, 3504, 14, 2013/05/23, 19:05:15.369, 2925304661895, QTAgent32.exe, &lt;a class=success&gt;Playback - {76} [SUCCESS] SetValueAsEditBox "2345" - "[MSAA, VisibleOnly]ControlType='Edit'"  &lt; Set via SendKeys &gt;
\0&lt;/a&gt;
W, 3504, 14, 2013/05/23, 19:05:16.504, 2925320916890, QTAgent32.exe, &lt;a class=success&gt;Playback - {77} [SUCCESS] SetValueAsEditBox "2000" - "[MSAA, VisibleOnly]ControlType='Edit'"  &lt; Set via SendKeys &gt;
\0&lt;/a&gt;
W, 3504, 14, 2013/05/23, 19:05:17.600, 2925336617615, QTAgent32.exe, &lt;a class=success&gt;Playback - {78} [SUCCESS] SetValueAsEditBox "2000" - "[MSAA, VisibleOnly]ControlType='Edit'"  &lt; Set via SendKeys &gt;
\0&lt;/a&gt;
W, 3504, 14, 2013/05/23, 19:05:17.847, 2925340143203, QTAgent32.exe, &lt;a class=success&gt;Playback - {79} [SUCCESS] MouseButtonClick - "[MSAA, VisibleOnly]ControlType='Button' &amp;&amp; Name='Next &gt;'"
\0&lt;/a&gt;
W, 3504, 14, 2013/05/23, 19:05:18.943, 2925355838941, QTAgent32.exe, &lt;a class=success&gt;Playback - {80} [SUCCESS] SetValueAsEditBox "2345" - "[MSAA, VisibleOnly]ControlType='Edit'"  &lt; Set via SendKeys &gt;
\0&lt;/a&gt;
W, 3504, 14, 2013/05/23, 19:05:19.193, 2925359420891, QTAgent32.exe, &lt;a class=success&gt;Playback - {81} [SUCCESS] MouseButtonClick - "[MSAA, VisibleOnly]ControlType='Button' &amp;&amp; Name='Next &gt;'"
\0&lt;/a&gt;
W, 3504, 14, 2013/05/23, 19:05:19.466, 2925363323469, QTAgent32.exe, &lt;a class=success&gt;Playback - {82} [SUCCESS] MouseButtonClick - "[MSAA, VisibleOnly]ControlType='Button' &amp;&amp; Name='Next &gt;'"
\0&lt;/a&gt;
W, 3504, 14, 2013/05/23, 19:05:19.841, 2925368695020, QTAgent32.exe, &lt;a class=success&gt;Playback - {83} [SUCCESS] MouseButtonClick - "[MSAA, VisibleOnly]ControlType='Button' &amp;&amp; Name='Quote'"
\0&lt;/a&gt;
W, 3504, 14, 2013/05/23, 19:05:20.115, 2925372622456, QTAgent32.exe, &lt;a class=success&gt;Playback - {84} [SUCCESS] MouseButtonClick - "[MSAA, VisibleOnly]ControlType='Button' &amp;&amp; Name='No'"
\0&lt;/a&gt;
W, 3504, 14, 2013/05/23, 19:05:20.352, 2925376008859, QTAgent32.exe, &lt;a class=success&gt;Playback - {85} [SUCCESS] MouseButtonClick - "[MSAA, VisibleOnly]ControlType='Button' &amp;&amp; Name='Ok'"
\0&lt;/a&gt;
W, 3504, 14, 2013/05/23, 19:05:23.906, 2925426902796, QTAgent32.exe, PERF WARNING: FindTopLevelWindowHelper::FindAllDescendents: took 3439 ms. Expected it to take maximum 500 ms.
W, 3504, 14, 2013/05/23, 19:05:24.038, 2925428787926, QTAgent32.exe, &lt;a class=success&gt;Playback - {86} [SUCCESS] MouseButtonClick - "[MSAA, VisibleOnly]ControlType='Client'"
\0&lt;/a&gt;
W, 3504, 14, 2013/05/23, 19:05:25.003, 2925442609453, QTAgent32.exe, &lt;a class=success&gt;Playback - {87} [SUCCESS] SendKeys "{Home}" - "[MSAA, VisibleOnly]ControlType='Client'"
\0&lt;/a&gt;
W, 3504, 14, 2013/05/23, 19:05:26.561, 2925464916359, QTAgent32.exe, PERF WARNING: FindAllDescendents: took 540 ms. Expected it to take maximum 500 ms.
W, 3504, 14, 2013/05/23, 19:05:26.730, 2925467339040, QTAgent32.exe, &lt;a class=success&gt;Playback - {88} [SUCCESS] MouseButtonClick - "[MSAA, VisibleOnly]ControlType='Button' &amp;&amp; Name='Accept'"
\0&lt;/a&gt;
W, 3504, 14, 2013/05/23, 19:05:28.967, 2925499366634, QTAgent32.exe, &lt;a class=success&gt;Playback - {89} [SUCCESS] MouseButtonClick - "[MSAA, VisibleOnly]ControlType='Button' &amp;&amp; Name='Yes'"
\0&lt;/a&gt;
W, 3504, 14, 2013/05/23, 19:05:39.293, 2925647213166, QTAgent32.exe, Playback - [WARNING] Internal warning: Window Not Found: [VisibleOnly]ControlType='Window' &amp;&amp; Name='Broker Add-ons' &amp;&amp; ClassName='ThunderRT6FormDC'
\0
E, 3504, 14, 2013/05/23, 19:05:39.293, 2925647218483, QTAgent32.exe, &lt;a class=failure&gt;Playback - {90} [FAILED] Function ElementFetcher::FindScreenElement failed to locate UI element (Searching: ;[VisibleOnly]ControlType='Window' &amp;&amp; Name='Broker Add-ons' &amp;&amp; ClassName='ThunderRT6FormDC') (The object specified was not found.)
\0&lt;/a&gt;
E, 3504, 14, 2013/05/23, 19:05:39.389, 2925648589541, QTAgent32.exe, Playback - [IMAGE] C:\Users\testuser\AppData\Local\Temp\UITestLogs\LastRun\RPFD9FB.png
\0
W, 3504, 14, 2013/05/23, 19:05:39.389, 2925648591952, QTAgent32.exe, Playback - [WARNING] Internal warning: Couldn't find descendants that match QueryId
\0
W, 3504, 14, 2013/05/23, 19:05:39.390, 2925648596255, QTAgent32.exe, PERF WARNING: FindTopLevelWindowHelper::FindAllDescendents: took 10313 ms. Expected it to take maximum 500 ms.
W, 3504, 14, 2013/05/23, 19:05:58.652, 2925924403111, QTAgent32.exe, Playback - [WARNING] Internal warning: Window Not Found: [VisibleOnly]ControlType='Window' &amp;&amp; Name='Broker Add-ons' &amp;&amp; ClassName='ThunderRT6FormDC'
\0
E, 3504, 14, 2013/05/23, 19:05:58.653, 2925924412159, QTAgent32.exe, &lt;a class=failure&gt;Playback - {91} [FAILED] Function ElementFetcher::FindScreenElement failed to locate UI element (Searching: ;[VisibleOnly]ControlType='Window' &amp;&amp; Name='Broker Add-ons' &amp;&amp; ClassName='ThunderRT6FormDC') (The object specified was not found.)
\0&lt;/a&gt;
E, 3504, 14, 2013/05/23, 19:05:58.737, 2925925610053, QTAgent32.exe, Playback - [IMAGE] C:\Users\testuser\AppData\Local\Temp\UITestLogs\LastRun\RPF259B.png
\0
W, 3504, 14, 2013/05/23, 19:05:58.737, 2925925612359, QTAgent32.exe, Playback - [WARNING] Internal warning: Couldn't find descendants that match QueryId
\0
W, 3504, 14, 2013/05/23, 19:05:58.737, 2925925620447, QTAgent32.exe, PERF WARNING: FindTopLevelWindowHelper::FindAllDescendents: took 19347 ms. Expected it to take maximum 500 ms.
W, 3504, 14, 2013/05/23, 19:06:01.385, 2925963522100, QTAgent32.exe, Playback - [WARNING] Internal warning: Smart Match failed
\0
W, 3504, 14, 2013/05/23, 19:06:02.768, 2925983331162, QTAgent32.exe, Playback - [WARNING] Internal warning: Window Not Found: [VisibleOnly]ControlType='Window' &amp;&amp; Name='Broker Add-ons' &amp;&amp; ClassName='ThunderRT6FormDC'
\0
E, 3504, 14, 2013/05/23, 19:06:02.768, 2925983335853, QTAgent32.exe, &lt;a class=failure&gt;Playback - {92} [FAILED] Function ElementFetcher::FindScreenElement failed to locate UI element (Searching: ;[VisibleOnly]ControlType='Window' &amp;&amp; Name='Broker Add-ons' &amp;&amp; ClassName='ThunderRT6FormDC') (The object specified was not found.)
\0&lt;/a&gt;
E, 3504, 14, 2013/05/23, 19:06:02.849, 2925984498048, QTAgent32.exe, Playback - [IMAGE] C:\Users\testuser\AppData\Local\Temp\UITestLogs\LastRun\RPF35B3.png
\0
W, 3504, 14, 2013/05/23, 19:06:02.850, 2925984500699, QTAgent32.exe, Playback - [WARNING] Internal warning: Couldn't find descendants that match QueryId
\0
W, 3504, 14, 2013/05/23, 19:06:02.850, 2925984504382, QTAgent32.exe, PERF WARNING: FindTopLevelWindowHelper::FindAllDescendents: took 4112 ms. Expected it to take maximum 500 ms.
E, 3504, 14, 2013/05/23, 19:06:02.850, 2925984506713, QTAgent32.exe, Exception: System.Runtime.InteropServices.COMException
	Message: Error HRESULT E_FAIL has been returned from a call to a COM component.
	Stack Trace:    at Microsoft.VisualStudio.TestTools.UITest.Playback.Engine.IRPFPlayback.FindAllScreenElements(IScreenElement pScreenElementStart, String bstrQueryId, Object&amp; pvarResKeys, Int32 cResKeys, Int32 nMaxDepth, Object[]&amp; foundDescendants)
   at Microsoft.VisualStudio.TestTools.UITest.Playback.ScreenElement.FindTopLevelWindowHelper(String queryId)
	BaseExceptionMessage: Error HRESULT E_FAIL has been returned from a call to a COM component.

E, 3504, 14, 2013/05/23, 19:06:02.952, 2925985962499, QTAgent32.exe, AL: Playback Error: Microsoft.VisualStudio.TestTools.UITest.Extension.UITestControlNotFoundException: The playback failed to find the control with the given search properties. Additional Details: 
TechnologyName:  'MSAA'
ControlType:  'Window'
Name:  'Broker Add-ons'
ClassName:  'ThunderRT6FormDC'
 ---&gt; System.Runtime.InteropServices.COMException: Error HRESULT E_FAIL has been returned from a call to a COM component.
   at Microsoft.VisualStudio.TestTools.UITest.Playback.Engine.IRPFPlayback.FindAllScreenElements(IScreenElement pScreenElementStart, String bstrQueryId, Object&amp; pvarResKeys, Int32 cResKeys, Int32 nMaxDepth, Object[]&amp; foundDescendants)
   at Microsoft.VisualStudio.TestTools.UITest.Playback.ScreenElement.FindTopLevelWindowHelper(String queryId)
   at Microsoft.VisualStudio.TestTools.UITest.Playback.ScreenElement.FindFromPartialQueryId(String queryId)
   at Microsoft.VisualStudio.TestTools.UITesting.UITestControl..ctor(String queryId)
   --- End of inner exception stack trace ---
   at Microsoft.VisualStudio.TestTools.UITesting.Playback.MapControlNotFoundException(COMException ex, IPlaybackContext context)
   at Microsoft.VisualStudio.TestTools.UITesting.Playback.MapAndThrowComException(COMException innerException, IPlaybackContext context)
   at Microsoft.VisualStudio.TestTools.UITesting.Playback.MapAndThrowException(SystemException exception, IPlaybackContext context)
   at Microsoft.VisualStudio.TestTools.UITesting.Playback.MapAndThrowException(SystemException exception, String queryId)
   at Microsoft.VisualStudio.TestTools.UITesting.UITestControl..ctor(String queryId)
   at Microsoft.VisualStudio.TestTools.UITesting.SearchHelper.SearchTopLevelWindow(ISearchArgument topLevelSearchArg, String topLevelElementQueryId)
   at Microsoft.VisualStudio.TestTools.UITesting.SearchHelper.GetTitleUpdatedTopLevelWindow(ISearchArgument topLevelSearchArg, String queryId, IList`1 windowTitles)
   at Microsoft.VisualStudio.TestTools.UITesting.SearchHelper.GetTopLevelElement(Boolean useCache, Boolean useCacheOnly, ISearchArgument searchArg, IList`1 windowTitles, Int32&amp; timeLeft)
   at Microsoft.VisualStudio.TestTools.UITesting.SearchHelper.GetElement(Boolean useCache, ISearchArgument searchArg)
   at Microsoft.VisualStudio.TestTools.UITesting.SearchHelper.Search(ISearchArgument searchArg)
   at Microsoft.VisualStudio.TestTools.UITesting.UITestControl.FindInternal()
   at Microsoft.VisualStudio.TestTools.UITesting.UITestControl.FindControlIfNecessary()
   at Microsoft.VisualStudio.TestTools.UITesting.UITestControl.Click(MouseButtons button, ModifierKeys modifierKeys, Point relativeCoordinates)
   at Microsoft.VisualStudio.TestTools.UITesting.Mouse.ClickImplementation(UITestControl control, MouseButtons button, ModifierKeys modifierKeys, Point relativeCoordinate)
   at Microsoft.VisualStudio.TestTools.UITesting.Mouse.ClickImplementationWrapper(UITestControl control, MouseButtons button, ModifierKeys modifierKeys, Point relativeCoordinate)
W, 3504, 14, 2013/05/23, 19:06:02.952, 2925985966396, QTAgent32.exe, PlaybackErrorHandler: Ignoring exception as ContinueOnError is set.
W, 3504, 14, 2013/05/23, 19:06:10.614, 2926095668163, QTAgent32.exe, Playback - [WARNING] Internal warning: Window Not Found: [VisibleOnly]ControlType='Window' &amp;&amp; Name='Save the file as' &amp;&amp; ClassName='#32770'
\0
E, 3504, 14, 2013/05/23, 19:06:10.614, 2926095672874, QTAgent32.exe, &lt;a class=failure&gt;Playback - {93} [FAILED] Function ElementFetcher::FindScreenElement failed to locate UI element (Searching: ;[VisibleOnly]ControlType='Window' &amp;&amp; Name='Save the file as' &amp;&amp; ClassName='#32770') (The object specified was not found.)
\0&lt;/a&gt;
E, 3504, 14, 2013/05/23, 19:06:10.736, 2926097413709, QTAgent32.exe, Playback - [IMAGE] C:\Users\testuser\AppData\Local\Temp\UITestLogs\LastRun\RPF545B.png
\0
W, 3504, 14, 2013/05/23, 19:06:10.736, 2926097416260, QTAgent32.exe, Playback - [WARNING] Internal warning: Couldn't find descendants that match QueryId
\0
W, 3504, 14, 2013/05/23, 19:06:10.736, 2926097420443, QTAgent32.exe, PERF WARNING: FindTopLevelWindowHelper::FindAllDescendents: took 7783 ms. Expected it to take maximum 500 ms.
W, 3504, 14, 2013/05/23, 19:06:30.032, 2926373706507, QTAgent32.exe, Playback - [WARNING] Internal warning: Window Not Found: [VisibleOnly]ControlType='Window' &amp;&amp; Name='Save the file as' &amp;&amp; ClassName='#32770'
\0
E, 3504, 14, 2013/05/23, 19:06:30.033, 2926373713832, QTAgent32.exe, &lt;a class=failure&gt;Playback - {94} [FAILED] Function ElementFetcher::FindScreenElement failed to locate UI element (Searching: ;[VisibleOnly]ControlType='Window' &amp;&amp; Name='Save the file as' &amp;&amp; ClassName='#32770') (The object specified was not found.)
\0&lt;/a&gt;
E, 3504, 14, 2013/05/23, 19:06:30.116, 2926374911933, QTAgent32.exe, Playback - [IMAGE] C:\Users\testuser\AppData\Local\Temp\UITestLogs\LastRun\RPFA03A.png
\0
W, 3504, 14, 2013/05/23, 19:06:30.117, 2926374914539, QTAgent32.exe, Playback - [WARNING] Internal warning: Couldn't find descendants that match QueryId
\0
W, 3504, 14, 2013/05/23, 19:06:30.117, 2926374922172, QTAgent32.exe, PERF WARNING: FindTopLevelWindowHelper::FindAllDescendents: took 19380 ms. Expected it to take maximum 500 ms.
W, 3504, 14, 2013/05/23, 19:06:32.754, 2926412677808, QTAgent32.exe, Playback - [WARNING] Internal warning: Smart Match failed
\0
W, 3504, 14, 2013/05/23, 19:06:34.148, 2926432638605, QTAgent32.exe, Playback - [WARNING] Internal warning: Window Not Found: [VisibleOnly]ControlType='Window' &amp;&amp; Name='Save the file as' &amp;&amp; ClassName='#32770'
\0
E, 3504, 14, 2013/05/23, 19:06:34.148, 2926432643276, QTAgent32.exe, &lt;a class=failure&gt;Playback - {95} [FAILED] Function ElementFetcher::FindScreenElement failed to locate UI element (Searching: ;[VisibleOnly]ControlType='Window' &amp;&amp; Name='Save the file as' &amp;&amp; ClassName='#32770') (The object specified was not found.)
\0&lt;/a&gt;
E, 3504, 14, 2013/05/23, 19:06:34.242, 2926433988569, QTAgent32.exe, Playback - [IMAGE] C:\Users\testuser\AppData\Local\Temp\UITestLogs\LastRun\RPFB051.png
\0
W, 3504, 14, 2013/05/23, 19:06:34.243, 2926433991079, QTAgent32.exe, Playback - [WARNING] Internal warning: Couldn't find descendants that match QueryId
\0
W, 3504, 14, 2013/05/23, 19:06:34.243, 2926433995742, QTAgent32.exe, PERF WARNING: FindTopLevelWindowHelper::FindAllDescendents: took 4125 ms. Expected it to take maximum 500 ms.
E, 3504, 14, 2013/05/23, 19:06:34.243, 2926433998128, QTAgent32.exe, Exception: System.Runtime.InteropServices.COMException
	Message: Error HRESULT E_FAIL has been returned from a call to a COM component.
	Stack Trace:    at Microsoft.VisualStudio.TestTools.UITest.Playback.Engine.IRPFPlayback.FindAllScreenElements(IScreenElement pScreenElementStart, String bstrQueryId, Object&amp; pvarResKeys, Int32 cResKeys, Int32 nMaxDepth, Object[]&amp; foundDescendants)
   at Microsoft.VisualStudio.TestTools.UITest.Playback.ScreenElement.FindTopLevelWindowHelper(String queryId)
	BaseExceptionMessage: Error HRESULT E_FAIL has been returned from a call to a COM component.

E, 3504, 14, 2013/05/23, 19:06:34.347, 2926435492719, QTAgent32.exe, AL: Playback Error: Microsoft.VisualStudio.TestTools.UITest.Extension.UITestControlNotFoundException: The playback failed to find the control with the given search properties. Additional Details: 
TechnologyName:  'MSAA'
ControlType:  'Window'
Name:  'Save the file as'
ClassName:  '#32770'
 ---&gt; System.Runtime.InteropServices.COMException: Error HRESULT E_FAIL has been returned from a call to a COM component.
   at Microsoft.VisualStudio.TestTools.UITest.Playback.Engine.IRPFPlayback.FindAllScreenElements(IScreenElement pScreenElementStart, String bstrQueryId, Object&amp; pvarResKeys, Int32 cResKeys, Int32 nMaxDepth, Object[]&amp; foundDescendants)
   at Microsoft.VisualStudio.TestTools.UITest.Playback.ScreenElement.FindTopLevelWindowHelper(String queryId)
   at Microsoft.VisualStudio.TestTools.UITest.Playback.ScreenElement.FindFromPartialQueryId(String queryId)
   at Microsoft.VisualStudio.TestTools.UITesting.UITestControl..ctor(String queryId)
   --- End of inner exception stack trace ---
   at Microsoft.VisualStudio.TestTools.UITesting.Playback.MapControlNotFoundException(COMException ex, IPlaybackContext context)
   at Microsoft.VisualStudio.TestTools.UITesting.Playback.MapAndThrowComException(COMException innerException, IPlaybackContext context)
   at Microsoft.VisualStudio.TestTools.UITesting.Playback.MapAndThrowException(SystemException exception, IPlaybackContext context)
   at Microsoft.VisualStudio.TestTools.UITesting.Playback.MapAndThrowException(SystemException exception, String queryId)
   at Microsoft.VisualStudio.TestTools.UITesting.UITestControl..ctor(String queryId)
   at Microsoft.VisualStudio.TestTools.UITesting.SearchHelper.SearchTopLevelWindow(ISearchArgument topLevelSearchArg, String topLevelElementQueryId)
   at Microsoft.VisualStudio.TestTools.UITesting.SearchHelper.GetTitleUpdatedTopLevelWindow(ISearchArgument topLevelSearchArg, String queryId, IList`1 windowTitles)
   at Microsoft.VisualStudio.TestTools.UITesting.SearchHelper.GetTopLevelElement(Boolean useCache, Boolean useCacheOnly, ISearchArgument searchArg, IList`1 windowTitles, Int32&amp; timeLeft)
   at Microsoft.VisualStudio.TestTools.UITesting.SearchHelper.GetElement(Boolean useCache, ISearchArgument searchArg)
   at Microsoft.VisualStudio.TestTools.UITesting.SearchHelper.Search(ISearchArgument searchArg)
   at Microsoft.VisualStudio.TestTools.UITesting.UITestControl.FindInternal()
   at Microsoft.VisualStudio.TestTools.UITesting.UITestControl.FindControlIfNecessary()
   at Microsoft.VisualStudio.TestTools.UITesting.UITestControl.Click(MouseButtons button, ModifierKeys modifierKeys, Point relativeCoordinates)
   at Microsoft.VisualStudio.TestTools.UITesting.Mouse.ClickImplementation(UITestControl control, MouseButtons button, ModifierKeys modifierKeys, Point relativeCoordinate)
   at Microsoft.VisualStudio.TestTools.UITesting.Mouse.ClickImplementationWrapper(UITestControl control, MouseButtons button, ModifierKeys modifierKeys, Point relativeCoordinate)
W, 3504, 14, 2013/05/23, 19:06:34.348, 2926435495977, QTAgent32.exe, PlaybackErrorHandler: Ignoring exception as ContinueOnError is set.
W, 3504, 14, 2013/05/23, 19:06:34.939, 2926443961933, QTAgent32.exe, &lt;a class=success&gt;Playback - {96} [SUCCESS] MouseButtonClick - "[MSAA, VisibleOnly]ControlType='Button' &amp;&amp; Name='OK'"
\0&lt;/a&gt;
W, 3504, 14, 2013/05/23, 19:06:35.360, 2926449985479, QTAgent32.exe, &lt;a class=success&gt;Playback - {97} [SUCCESS] MouseButtonClick - "[MSAA, VisibleOnly]ControlType='Button' &amp;&amp; Name='Ok'"
\0&lt;/a&gt;
W, 3504, 14, 2013/05/23, 19:06:35.658, 2926454261153, QTAgent32.exe, &lt;a class=success&gt;Playback - {98} [SUCCESS] MouseButtonClick - "[MSAA, VisibleOnly]ControlType='Button' &amp;&amp; Name='Ok'"
\0&lt;/a&gt;
W, 3504, 14, 2013/05/23, 19:06:37.015, 2926473681554, QTAgent32.exe, &lt;a class=success&gt;Playback - {99} [SUCCESS] SetValueAsEditBox "B338TH" - "[MSAA, VisibleOnly]ControlType='Edit'"  &lt; Set via SendKeys &gt;
\0&lt;/a&gt;
W, 3504, 14, 2013/05/23, 19:06:39.247, 2926505650636, QTAgent32.exe, &lt;a class=success&gt;Playback - {100} [SUCCESS] MouseButtonClick - "[MSAA, VisibleOnly]ControlType='Button' &amp;&amp; Name='Lookup...'"
\0&lt;/a&gt;
W, 3504, 14, 2013/05/23, 19:06:39.506, 2926509350150, QTAgent32.exe, &lt;a class=success&gt;Playback - {101} [SUCCESS] MouseButtonClick - "[MSAA, VisibleOnly]ControlType='Button' &amp;&amp; Name='Ok'"
\0&lt;/a&gt;
W, 3504, 14, 2013/05/23, 19:06:39.825, 2926513920097, QTAgent32.exe, &lt;a class=success&gt;Playback - {102} [SUCCESS] MouseButtonClick - "[MSAA, VisibleOnly]ControlType='Button' &amp;&amp; Name='Confirm'"
\0&lt;/a&gt;
W, 3504, 14, 2013/05/23, 19:07:01.003, 2926817147975, QTAgent32.exe, Playback - [WARNING] Internal warning: Window Not Found: [VisibleOnly]ControlType='Window' &amp;&amp; Name='Personal Lines' &amp;&amp; ClassName='#32770'
\0
E, 3504, 14, 2013/05/23, 19:07:01.003, 2926817157098, QTAgent32.exe, &lt;a class=failure&gt;Playback - {103} [FAILED] Function ElementFetcher::FindScreenElement failed to locate UI element (Searching: ;[VisibleOnly]ControlType='Window' &amp;&amp; Name='Personal Lines' &amp;&amp; ClassName='#32770') (The object specified was not found.)
\0&lt;/a&gt;
E, 3504, 14, 2013/05/23, 19:07:01.120, 2926818820328, QTAgent32.exe, Playback - [IMAGE] C:\Users\testuser\AppData\Local\Temp\UITestLogs\LastRun\RPF1932.png
\0
W, 3504, 14, 2013/05/23, 19:07:01.120, 2926818822665, QTAgent32.exe, Playback - [WARNING] Internal warning: Couldn't find descendants that match QueryId
\0
W, 3504, 14, 2013/05/23, 19:07:01.120, 2926818830934, QTAgent32.exe, PERF WARNING: FindTopLevelWindowHelper::FindAllDescendents: took 21195 ms. Expected it to take maximum 500 ms.
W, 3504, 14, 2013/05/23, 19:07:20.322, 2927093756605, QTAgent32.exe, Playback - [WARNING] Internal warning: Window Not Found: [VisibleOnly]ControlType='Window' &amp;&amp; Name='Personal Lines' &amp;&amp; ClassName='#32770'
\0
E, 3504, 14, 2013/05/23, 19:07:20.322, 2927093763451, QTAgent32.exe, &lt;a class=failure&gt;Playback - {104} [FAILED] Function ElementFetcher::FindScreenElement failed to locate UI element (Searching: ;[VisibleOnly]ControlType='Window' &amp;&amp; Name='Personal Lines' &amp;&amp; ClassName='#32770') (The object specified was not found.)
\0&lt;/a&gt;
E, 3504, 14, 2013/05/23, 19:07:20.411, 2927095039046, QTAgent32.exe, Playback - [IMAGE] C:\Users\testuser\AppData\Local\Temp\UITestLogs\LastRun\RPF64A4.png
\0
W, 3504, 14, 2013/05/23, 19:07:20.411, 2927095041246, QTAgent32.exe, Playback - [WARNING] Internal warning: Couldn't find descendants that match QueryId
\0
W, 3504, 14, 2013/05/23, 19:07:20.412, 2927095047666, QTAgent32.exe, PERF WARNING: FindTopLevelWindowHelper::FindAllDescendents: took 19290 ms. Expected it to take maximum 500 ms.
W, 3504, 14, 2013/05/23, 19:07:23.064, 2927133022450, QTAgent32.exe, Playback - [WARNING] Internal warning: Smart Match failed
\0
W, 3504, 14, 2013/05/23, 19:07:24.446, 2927152816592, QTAgent32.exe, Playback - [WARNING] Internal warning: Window Not Found: [VisibleOnly]ControlType='Window' &amp;&amp; Name='Personal Lines' &amp;&amp; ClassName='#32770'
\0
E, 3504, 14, 2013/05/23, 19:07:24.448, 2927152839891, QTAgent32.exe, &lt;a class=failure&gt;Playback - {105} [FAILED] Function ElementFetcher::FindScreenElement failed to locate UI element (Searching: ;[VisibleOnly]ControlType='Window' &amp;&amp; Name='Personal Lines' &amp;&amp; ClassName='#32770') (The object specified was not found.)
\0&lt;/a&gt;
E, 3504, 14, 2013/05/23, 19:07:24.538, 2927154127836, QTAgent32.exe, Playback - [IMAGE] C:\Users\testuser\AppData\Local\Temp\UITestLogs\LastRun\RPF74CB.png
\0
W, 3504, 14, 2013/05/23, 19:07:24.538, 2927154130403, QTAgent32.exe, Playback - [WARNING] Internal warning: Couldn't find descendants that match QueryId
\0
W, 3504, 14, 2013/05/23, 19:07:24.538, 2927154133550, QTAgent32.exe, PERF WARNING: FindTopLevelWindowHelper::FindAllDescendents: took 4126 ms. Expected it to take maximum 500 ms.
E, 3504, 14, 2013/05/23, 19:07:24.539, 2927154135883, QTAgent32.exe, Exception: System.Runtime.InteropServices.COMException
	Message: Error HRESULT E_FAIL has been returned from a call to a COM component.
	Stack Trace:    at Microsoft.VisualStudio.TestTools.UITest.Playback.Engine.IRPFPlayback.FindAllScreenElements(IScreenElement pScreenElementStart, String bstrQueryId, Object&amp; pvarResKeys, Int32 cResKeys, Int32 nMaxDepth, Object[]&amp; foundDescendants)
   at Microsoft.VisualStudio.TestTools.UITest.Playback.ScreenElement.FindTopLevelWindowHelper(String queryId)
	BaseExceptionMessage: Error HRESULT E_FAIL has been returned from a call to a COM component.

E, 3504, 14, 2013/05/23, 19:07:24.539, 2927154142184, QTAgent32.exe, GetClassName for handle 9569438 failed
E, 3504, 14, 2013/05/23, 19:07:24.540, 2927154154044, QTAgent32.exe, Window 9569438 not responding. Last Win32 error 1400
E, 3504, 14, 2013/05/23, 19:07:24.540, 2927154155334, QTAgent32.exe, GetClassName for handle 9569438 failed
E, 3504, 14, 2013/05/23, 19:07:24.540, 2927154160508, QTAgent32.exe, Window 2820612 not responding. Last Win32 error 1400
E, 3504, 14, 2013/05/23, 19:07:24.540, 2927154161289, QTAgent32.exe, GetClassName for handle 2820612 failed
E, 3504, 14, 2013/05/23, 19:07:24.641, 2927155609081, QTAgent32.exe, AL: Playback Error: Microsoft.VisualStudio.TestTools.UITest.Extension.UITestControlNotAvailableException: The control is not available or not valid. Additional Details: 
TechnologyName:  'MSAA'
Name:  'OK'
ControlType:  'Button'
 ---&gt; Microsoft.VisualStudio.TestTools.UITest.Extension.UITestControlNotAvailableException: The control is not available or not valid. Additional Details: 
TechnologyName:  'MSAA'
ControlType:  'Window'
 ---&gt; System.Runtime.InteropServices.COMException: Error HRESULT E_FAIL has been returned from a call to a COM component.
   at Microsoft.VisualStudio.TestTools.UITest.Playback.Engine.IRPFPlayback.FindAllScreenElements(IScreenElement pScreenElementStart, String bstrQueryId, Object&amp; pvarResKeys, Int32 cResKeys, Int32 nMaxDepth, Object[]&amp; foundDescendants)
   at Microsoft.VisualStudio.TestTools.UITest.Playback.ScreenElement.FindTopLevelWindowHelper(String queryId)
   at Microsoft.VisualStudio.TestTools.UITest.Playback.ScreenElement.FindFromPartialQueryId(String queryId)
   at Microsoft.VisualStudio.TestTools.UITesting.UITestControl.EnsureValid(Boolean waitForReady, Boolean refetch)
   --- End of inner exception stack trace ---
   at Microsoft.VisualStudio.TestTools.UITesting.UITestControl.EnsureValid(Boolean waitForReady, Boolean refetch)
   at Microsoft.VisualStudio.TestTools.UITesting.UITestControl.FindFirstDescendant(String queryId, Int32 maxDepth, Int32&amp; timeLeft)
   at Microsoft.VisualStudio.TestTools.UITesting.UITestControl.FindFirstDescendant(String queryId)
   at Microsoft.VisualStudio.TestTools.UITesting.UITestControl.EnsureValid(Boolean waitForReady, Boolean refetch)
   --- End of inner exception stack trace ---
   at Microsoft.VisualStudio.TestTools.UITesting.UITestControl.EnsureValid(Boolean waitForReady, Boolean refetch)
   at Microsoft.VisualStudio.TestTools.UITesting.UITestControl.Click(MouseButtons button, ModifierKeys modifierKeys, Point relativeCoordinates)
   at Microsoft.VisualStudio.TestTools.UITesting.Mouse.ClickImplementation(UITestControl control, MouseButtons button, ModifierKeys modifierKeys, Point relativeCoordinate)
   at Microsoft.VisualStudio.TestTools.UITesting.Mouse.ClickImplementationWrapper(UITestControl control, MouseButtons button, ModifierKeys modifierKeys, Point relativeCoordinate)
W, 3504, 14, 2013/05/23, 19:07:24.642, 2927155612535, QTAgent32.exe, PlaybackErrorHandler: Ignoring exception as ContinueOnError is set.
W, 3504, 14, 2013/05/23, 19:07:24.799, 2927157872887, QTAgent32.exe, &lt;a class=success&gt;Playback - {106} [SUCCESS] Check - "[MSAA, VisibleOnly]ControlType='CheckBox' &amp;&amp; Name='Defer Printing?'"
\0&lt;/a&gt;
W, 3504, 14, 2013/05/23, 19:07:25.390, 2927166326731, QTAgent32.exe, &lt;a class=success&gt;Playback - {107} [SUCCESS] MouseButtonClick - "[MSAA, VisibleOnly]ControlType='Button' &amp;&amp; Name='Ok'"
\0&lt;/a&gt;
W, 3504, 14, 2013/05/23, 19:07:27.109, 2927190938097, QTAgent32.exe, PERF WARNING: FindTopLevelWindowHelper::FindAllDescendents: took 1615 ms. Expected it to take maximum 500 ms.
W, 3504, 14, 2013/05/23, 19:07:27.572, 2927197568274, QTAgent32.exe, &lt;a class=success&gt;Playback - {108} [SUCCESS] Uncheck - "[MSAA, VisibleOnly]ControlType='CheckBox' &amp;&amp; Name='Add Activity'"
\0&lt;/a&gt;
W, 3504, 14, 2013/05/23, 19:07:28.172, 2927206154151, QTAgent32.exe, &lt;a class=success&gt;Playback - {109} [SUCCESS] MouseButtonClick - "[MSAA, VisibleOnly]ControlType='Button' &amp;&amp; Name='Ok'"
\0&lt;/a&gt;
W, 3504, 14, 2013/05/23, 19:07:28.433, 2927209890401, QTAgent32.exe, &lt;a class=success&gt;Playback - {110} [SUCCESS] MouseButtonClick - "[MSAA, VisibleOnly]ControlType='Button' &amp;&amp; Name='Ok'"
\0&lt;/a&gt;
W, 3504, 14, 2013/05/23, 19:07:33.650, 2927284602868, QTAgent32.exe, Playback - [WARNING] Internal warning: Window Not Found: [VisibleOnly]ControlType='Window' &amp;&amp; Name='Transaction to insert' &amp;&amp; ClassName='TfSelectItem'
\0
E, 3504, 14, 2013/05/23, 19:07:33.651, 2927284609983, QTAgent32.exe, &lt;a class=failure&gt;Playback - {111} [FAILED] Function ElementFetcher::FindScreenElement failed to locate UI element (Searching: ;[VisibleOnly]ControlType='Window' &amp;&amp; Name='Transaction to insert' &amp;&amp; ClassName='TfSelectItem') (The object specified was not found.)
\0&lt;/a&gt;
E, 3504, 14, 2013/05/23, 19:07:33.747, 2927285993614, QTAgent32.exe, Playback - [IMAGE] C:\Users\testuser\AppData\Local\Temp\UITestLogs\LastRun\RPF98C0.png
\0
W, 3504, 14, 2013/05/23, 19:07:33.748, 2927285996012, QTAgent32.exe, Playback - [WARNING] Internal warning: Couldn't find descendants that match QueryId
\0
W, 3504, 14, 2013/05/23, 19:07:33.748, 2927286000002, QTAgent32.exe, PERF WARNING: FindTopLevelWindowHelper::FindAllDescendents: took 5215 ms. Expected it to take maximum 500 ms.
W, 3504, 14, 2013/05/23, 19:07:52.097, 2927548727840, QTAgent32.exe, Playback - [WARNING] Internal warning: Window Not Found: [VisibleOnly]ControlType='Window' &amp;&amp; Name='Transaction to insert' &amp;&amp; ClassName='TfSelectItem'
\0
E, 3504, 14, 2013/05/23, 19:07:52.098, 2927548735564, QTAgent32.exe, &lt;a class=failure&gt;Playback - {112} [FAILED] Function ElementFetcher::FindScreenElement failed to locate UI element (Searching: ;[VisibleOnly]ControlType='Window' &amp;&amp; Name='Transaction to insert' &amp;&amp; ClassName='TfSelectItem') (The object specified was not found.)
\0&lt;/a&gt;
E, 3504, 14, 2013/05/23, 19:07:52.182, 2927549946229, QTAgent32.exe, Playback - [IMAGE] C:\Users\testuser\AppData\Local\Temp\UITestLogs\LastRun\RPFE0C8.png
\0
W, 3504, 14, 2013/05/23, 19:07:52.183, 2927549948876, QTAgent32.exe, Playback - [WARNING] Internal warning: Couldn't find descendants that match QueryId
\0
W, 3504, 14, 2013/05/23, 19:07:52.183, 2927549955675, QTAgent32.exe, PERF WARNING: FindTopLevelWindowHelper::FindAllDescendents: took 18434 ms. Expected it to take maximum 500 ms.
W, 3504, 14, 2013/05/23, 19:07:52.945, 2927560871827, QTAgent32.exe, Playback - [WARNING] Internal warning: Smart Match failed
\0
W, 3504, 14, 2013/05/23, 19:07:53.753, 2927572438860, QTAgent32.exe, Playback - [WARNING] Internal warning: Smart Match failed
\0
W, 3504, 14, 2013/05/23, 19:07:54.601, 2927584585592, QTAgent32.exe, Playback - [WARNING] Internal warning: Smart Match failed
\0
W, 3504, 14, 2013/05/23, 19:07:55.431, 2927596461569, QTAgent32.exe, Playback - [WARNING] Internal warning: Smart Match failed
\0
W, 3504, 14, 2013/05/23, 19:07:55.943, 2927603793181, QTAgent32.exe, Playback - [WARNING] Internal warning: Window Not Found: [VisibleOnly]ControlType='Window' &amp;&amp; Name='Transaction to insert' &amp;&amp; ClassName='TfSelectItem'
\0
E, 3504, 14, 2013/05/23, 19:07:55.943, 2927603796532, QTAgent32.exe, &lt;a class=failure&gt;Playback - {113} [FAILED] Function ElementFetcher::FindScreenElement failed to locate UI element (Searching: ;[VisibleOnly]ControlType='Window' &amp;&amp; Name='Transaction to insert' &amp;&amp; ClassName='TfSelectItem') (The object specified was not found.)
\0&lt;/a&gt;
E, 3504, 14, 2013/05/23, 19:07:56.025, 2927604963948, QTAgent32.exe, Playback - [IMAGE] C:\Users\testuser\AppData\Local\Temp\UITestLogs\LastRun\RPFEFD7.png
\0
W, 3504, 14, 2013/05/23, 19:07:56.025, 2927604966434, QTAgent32.exe, Playback - [WARNING] Internal warning: Couldn't find descendants that match QueryId
\0
W, 3504, 14, 2013/05/23, 19:07:56.025, 2927604970393, QTAgent32.exe, PERF WARNING: FindTopLevelWindowHelper::FindAllDescendents: took 3841 ms. Expected it to take maximum 500 ms.
E, 3504, 14, 2013/05/23, 19:07:56.026, 2927604972515, QTAgent32.exe, Exception: System.Runtime.InteropServices.COMException
	Message: Error HRESULT E_FAIL has been returned from a call to a COM component.
	Stack Trace:    at Microsoft.VisualStudio.TestTools.UITest.Playback.Engine.IRPFPlayback.FindAllScreenElements(IScreenElement pScreenElementStart, String bstrQueryId, Object&amp; pvarResKeys, Int32 cResKeys, Int32 nMaxDepth, Object[]&amp; foundDescendants)
   at Microsoft.VisualStudio.TestTools.UITest.Playback.ScreenElement.FindTopLevelWindowHelper(String queryId)
	BaseExceptionMessage: Error HRESULT E_FAIL has been returned from a call to a COM component.

E, 3504, 14, 2013/05/23, 19:07:56.026, 2927604977270, QTAgent32.exe, Window 5834456 not responding. Last Win32 error 0
E, 3504, 14, 2013/05/23, 19:07:56.026, 2927604978604, QTAgent32.exe, GetClassName for handle 5834456 failed
E, 3504, 14, 2013/05/23, 19:07:56.026, 2927604985385, QTAgent32.exe, Window 3213848 not responding. Last Win32 error 1400
E, 3504, 14, 2013/05/23, 19:07:56.027, 2927604986519, QTAgent32.exe, GetClassName for handle 3213848 failed
E, 3504, 14, 2013/05/23, 19:07:56.127, 2927606431469, QTAgent32.exe, AL: Playback Error: Microsoft.VisualStudio.TestTools.UITest.Extension.UITestControlNotAvailableException: The control is not available or not valid. Additional Details: 
TechnologyName:  'MSAA'
Name:  'Ok'
ControlType:  'Button'
 ---&gt; Microsoft.VisualStudio.TestTools.UITest.Extension.UITestControlNotAvailableException: The control is not available or not valid. Additional Details: 
TechnologyName:  'MSAA'
Name:  'Transaction to insert'
ClassName:  'TfSelectItem'
ControlType:  'Window'
 ---&gt; System.Runtime.InteropServices.COMException: Error HRESULT E_FAIL has been returned from a call to a COM component.
   at Microsoft.VisualStudio.TestTools.UITest.Playback.Engine.IRPFPlayback.FindAllScreenElements(IScreenElement pScreenElementStart, String bstrQueryId, Object&amp; pvarResKeys, Int32 cResKeys, Int32 nMaxDepth, Object[]&amp; foundDescendants)
   at Microsoft.VisualStudio.TestTools.UITest.Playback.ScreenElement.FindTopLevelWindowHelper(String queryId)
   at Microsoft.VisualStudio.TestTools.UITest.Playback.ScreenElement.FindFromPartialQueryId(String queryId)
   at Microsoft.VisualStudio.TestTools.UITesting.UITestControl.EnsureValid(Boolean waitForReady, Boolean refetch)
   --- End of inner exception stack trace ---
   at Microsoft.VisualStudio.TestTools.UITesting.UITestControl.EnsureValid(Boolean waitForReady, Boolean refetch)
   at Microsoft.VisualStudio.TestTools.UITesting.UITestControl.FindFirstDescendant(String queryId, Int32 maxDepth, Int32&amp; timeLeft)
   at Microsoft.VisualStudio.TestTools.UITesting.UITestControl.FindFirstDescendant(String queryId)
   at Microsoft.VisualStudio.TestTools.UITesting.UITestControl.EnsureValid(Boolean waitForReady, Boolean refetch)
   --- End of inner exception stack trace ---
   at Microsoft.VisualStudio.TestTools.UITesting.UITestControl.EnsureValid(Boolean waitForReady, Boolean refetch)
   at Microsoft.VisualStudio.TestTools.UITesting.UITestControl.Click(MouseButtons button, ModifierKeys modifierKeys, Point relativeCoordinates)
   at Microsoft.VisualStudio.TestTools.UITesting.Mouse.ClickImplementation(UITestControl control, MouseButtons button, ModifierKeys modifierKeys, Point relativeCoordinate)
   at Microsoft.VisualStudio.TestTools.UITesting.Mouse.ClickImplementationWrapper(UITestControl control, MouseButtons button, ModifierKeys modifierKeys, Point relativeCoordinate)
W, 3504, 14, 2013/05/23, 19:07:56.128, 2927606435663, QTAgent32.exe, PlaybackErrorHandler: Ignoring exception as ContinueOnError is set.
W, 3504, 14, 2013/05/23, 19:07:56.295, 2927608826847, QTAgent32.exe, &lt;a class=success&gt;Playback - {114} [SUCCESS] MouseButtonClick - "[MSAA, VisibleOnly]ControlType='Button' &amp;&amp; Name='OK'"
\0&lt;/a&gt;
W, 3504, 14, 2013/05/23, 19:07:56.630, 2927613625454, QTAgent32.exe, &lt;a class=success&gt;Playback - {115} [SUCCESS] MouseButtonClick - "[MSAA, VisibleOnly]ControlType='Button' &amp;&amp; Name='Cancel'"
\0&lt;/a&gt;
W, 3504, 14, 2013/05/23, 19:07:57.036, 2927619444723, QTAgent32.exe, &lt;a class=success&gt;Playback - {116} [SUCCESS] MouseButtonClick - "[MSAA, VisibleOnly]ControlType='Button'"
\0&lt;/a&gt;
W, 3504, 14, 2013/05/23, 19:07:57.676, 2927628601097, QTAgent32.exe, &lt;a class=success&gt;Playback - {117} [SUCCESS] MouseButtonClick - "[MSAA, VisibleOnly]ControlType='Button' &amp;&amp; Name='Detail'"
\0&lt;/a&gt;
W, 3504, 14, 2013/05/23, 19:07:57.915, 2927632029953, QTAgent32.exe, &lt;a class=success&gt;Playback - {118} [SUCCESS] MouseButtonClick - "[MSAA, VisibleOnly]ControlType='Edit'"
\0&lt;/a&gt;
E, 3504, 14, 2013/05/23, 19:08:01.208, 2927679172477, QTAgent32.exe, IEDOM : Could not get valid window handle of Internet Explorer_server
W, 3504, 14, 2013/05/23, 19:08:01.209, 2927679186642, QTAgent32.exe, IEDOM : Unable to get the document Window Handle
W, 3504, 14, 2013/05/23, 19:08:08.346, 2927781384086, QTAgent32.exe, Playback - [WARNING] Internal warning: Window Not Found: [VisibleOnly]ControlType='Window' &amp;&amp; Name='Connect to www.insur-econnect.com'
\0
E, 3504, 14, 2013/05/23, 19:08:08.347, 2927781387354, QTAgent32.exe, &lt;a class=failure&gt;Playback - {119} [FAILED] Function ElementFetcher::FindScreenElement failed to locate UI element (Searching: ;[VisibleOnly]ControlType='Window' &amp;&amp; Name='Connect to www.insur-econnect.com') (The object specified was not found.)
\0&lt;/a&gt;
E, 3504, 14, 2013/05/23, 19:08:09.005, 2927790817286, QTAgent32.exe, Playback - [IMAGE] C:\Users\testuser\AppData\Local\Temp\UITestLogs\LastRun\RPF204A.png
\0
W, 3504, 14, 2013/05/23, 19:08:09.006, 2927790832251, QTAgent32.exe, Playback - [WARNING] Internal warning: Couldn't find descendants that match QueryId
\0
W, 3504, 14, 2013/05/23, 19:08:09.008, 2927790853532, QTAgent32.exe, PERF WARNING: FindTopLevelWindowHelper::FindAllDescendents: took 3007 ms. Expected it to take maximum 500 ms.
W, 3504, 14, 2013/05/23, 19:08:27.482, 2928055371727, QTAgent32.exe, Playback - [WARNING] Internal warning: Window Not Found: [VisibleOnly]ControlType='Window' &amp;&amp; Name='Connect to www.insur-econnect.com'
\0
E, 3504, 14, 2013/05/23, 19:08:27.482, 2928055374944, QTAgent32.exe, &lt;a class=failure&gt;Playback - {120} [FAILED] Function ElementFetcher::FindScreenElement failed to locate UI element (Searching: ;[VisibleOnly]ControlType='Window' &amp;&amp; Name='Connect to www.insur-econnect.com') (The object specified was not found.)
\0&lt;/a&gt;
E, 3504, 14, 2013/05/23, 19:08:27.602, 2928057091582, QTAgent32.exe, Playback - [IMAGE] C:\Users\testuser\AppData\Local\Temp\UITestLogs\LastRun\RPF6B10.png
\0
W, 3504, 14, 2013/05/23, 19:08:27.602, 2928057093834, QTAgent32.exe, Playback - [WARNING] Internal warning: Couldn't find descendants that match QueryId
\0
W, 3504, 14, 2013/05/23, 19:08:27.603, 2928057097370, QTAgent32.exe, PERF WARNING: FindTopLevelWindowHelper::FindAllDescendents: took 18592 ms. Expected it to take maximum 500 ms.
W, 3504, 14, 2013/05/23, 19:08:28.125, 2928064579128, QTAgent32.exe, Playback - [WARNING] Internal warning: Smart Match failed
\0
W, 3504, 14, 2013/05/23, 19:08:28.613, 2928071562493, QTAgent32.exe, Playback - [WARNING] Internal warning: Smart Match failed
\0
W, 3504, 14, 2013/05/23, 19:08:29.073, 2928078161113, QTAgent32.exe, Playback - [WARNING] Internal warning: Smart Match failed
\0
W, 3504, 14, 2013/05/23, 19:08:29.529, 2928084691477, QTAgent32.exe, Playback - [WARNING] Internal warning: Smart Match failed
\0
W, 3504, 14, 2013/05/23, 19:08:29.991, 2928091296110, QTAgent32.exe, Playback - [WARNING] Internal warning: Smart Match failed
\0
W, 3504, 14, 2013/05/23, 19:08:30.513, 2928098770321, QTAgent32.exe, Playback - [WARNING] Internal warning: Smart Match failed
\0
W, 3504, 14, 2013/05/23, 19:08:30.882, 2928104053368, QTAgent32.exe, Playback - [WARNING] Internal warning: Window Not Found: [VisibleOnly]ControlType='Window' &amp;&amp; Name='Connect to www.insur-econnect.com'
\0
E, 3504, 14, 2013/05/23, 19:08:30.882, 2928104056032, QTAgent32.exe, &lt;a class=failure&gt;Playback - {121} [FAILED] Function ElementFetcher::FindScreenElement failed to locate UI element (Searching: ;[VisibleOnly]ControlType='Window' &amp;&amp; Name='Connect to www.insur-econnect.com') (The object specified was not found.)
\0&lt;/a&gt;
E, 3504, 14, 2013/05/23, 19:08:30.964, 2928105222991, QTAgent32.exe, Playback - [IMAGE] C:\Users\testuser\AppData\Local\Temp\UITestLogs\LastRun\RPF785A.png
\0
W, 3504, 14, 2013/05/23, 19:08:30.964, 2928105225217, QTAgent32.exe, Playback - [WARNING] Internal warning: Couldn't find descendants that match QueryId
\0
W, 3504, 14, 2013/05/23, 19:08:30.964, 2928105228159, QTAgent32.exe, PERF WARNING: FindTopLevelWindowHelper::FindAllDescendents: took 3361 ms. Expected it to take maximum 500 ms.
E, 3504, 14, 2013/05/23, 19:08:30.964, 2928105229843, QTAgent32.exe, Exception: System.Runtime.InteropServices.COMException
	Message: Error HRESULT E_FAIL has been returned from a call to a COM component.
	Stack Trace:    at Microsoft.VisualStudio.TestTools.UITest.Playback.Engine.IRPFPlayback.FindAllScreenElements(IScreenElement pScreenElementStart, String bstrQueryId, Object&amp; pvarResKeys, Int32 cResKeys, Int32 nMaxDepth, Object[]&amp; foundDescendants)
   at Microsoft.VisualStudio.TestTools.UITest.Playback.ScreenElement.FindTopLevelWindowHelper(String queryId)
	BaseExceptionMessage: Error HRESULT E_FAIL has been returned from a call to a COM component.

W, 3504, 14, 2013/05/23, 19:08:32.829, 2928131934290, QTAgent32.exe, Playback - [WARNING] Internal warning: Window Not Found: [VisibleOnly]ControlType='Window' &amp;&amp; Name='Windows Security'
\0
E, 3504, 14, 2013/05/23, 19:08:32.829, 2928131937358, QTAgent32.exe, &lt;a class=failure&gt;Playback - {122} [FAILED] Function ElementFetcher::FindScreenElement failed to locate UI element (Searching: ;[VisibleOnly]ControlType='Window' &amp;&amp; Name='Windows Security') (The object specified was not found.)
\0&lt;/a&gt;
E, 3504, 14, 2013/05/23, 19:08:32.906, 2928133030720, QTAgent32.exe, Playback - [IMAGE] C:\Users\testuser\AppData\Local\Temp\UITestLogs\LastRun\RPF7FE9.png
\0
W, 3504, 14, 2013/05/23, 19:08:32.906, 2928133033017, QTAgent32.exe, Playback - [WARNING] Internal warning: Couldn't find descendants that match QueryId
\0
W, 3504, 14, 2013/05/23, 19:08:32.906, 2928133035748, QTAgent32.exe, PERF WARNING: FindTopLevelWindowHelper::FindAllDescendents: took 1941 ms. Expected it to take maximum 500 ms.
W, 3504, 14, 2013/05/23, 19:08:51.311, 2928396559216, QTAgent32.exe, Playback - [WARNING] Internal warning: Window Not Found: [VisibleOnly]ControlType='Window' &amp;&amp; Name='Windows Security'
\0
E, 3504, 14, 2013/05/23, 19:08:51.311, 2928396565650, QTAgent32.exe, &lt;a class=failure&gt;Playback - {123} [FAILED] Function ElementFetcher::FindScreenElement failed to locate UI element (Searching: ;[VisibleOnly]ControlType='Window' &amp;&amp; Name='Windows Security') (The object specified was not found.)
\0&lt;/a&gt;
E, 3504, 14, 2013/05/23, 19:08:51.395, 2928397764623, QTAgent32.exe, Playback - [IMAGE] C:\Users\testuser\AppData\Local\Temp\UITestLogs\LastRun\RPFC820.png
\0
W, 3504, 14, 2013/05/23, 19:08:51.395, 2928397767129, QTAgent32.exe, Playback - [WARNING] Internal warning: Couldn't find descendants that match QueryId
\0
W, 3504, 14, 2013/05/23, 19:08:51.396, 2928397775360, QTAgent32.exe, PERF WARNING: FindTopLevelWindowHelper::FindAllDescendents: took 18489 ms. Expected it to take maximum 500 ms.
W, 3504, 14, 2013/05/23, 19:08:51.913, 2928405187467, QTAgent32.exe, Playback - [WARNING] Internal warning: Smart Match failed
\0
W, 3504, 14, 2013/05/23, 19:08:52.384, 2928411928898, QTAgent32.exe, Playback - [WARNING] Internal warning: Smart Match failed
\0
W, 3504, 14, 2013/05/23, 19:08:52.874, 2928418947199, QTAgent32.exe, Playback - [WARNING] Internal warning: Smart Match failed
\0
W, 3504, 14, 2013/05/23, 19:08:53.328, 2928425442958, QTAgent32.exe, Playback - [WARNING] Internal warning: Smart Match failed
\0
W, 3504, 14, 2013/05/23, 19:08:53.785, 2928431983604, QTAgent32.exe, Playback - [WARNING] Internal warning: Smart Match failed
\0
W, 3504, 14, 2013/05/23, 19:08:54.238, 2928438465981, QTAgent32.exe, Playback - [WARNING] Internal warning: Smart Match failed
\0
W, 3504, 14, 2013/05/23, 19:08:54.575, 2928443288655, QTAgent32.exe, Playback - [WARNING] Internal warning: Window Not Found: [VisibleOnly]ControlType='Window' &amp;&amp; Name='Windows Security'
\0
E, 3504, 14, 2013/05/23, 19:08:54.575, 2928443291986, QTAgent32.exe, &lt;a class=failure&gt;Playback - {124} [FAILED] Function ElementFetcher::FindScreenElement failed to locate UI element (Searching: ;[VisibleOnly]ControlType='Window' &amp;&amp; Name='Windows Security') (The object specified was not found.)
\0&lt;/a&gt;
E, 3504, 14, 2013/05/23, 19:08:54.656, 2928444454206, QTAgent32.exe, Playback - [IMAGE] C:\Users\testuser\AppData\Local\Temp\UITestLogs\LastRun\RPFD4DE.png
\0
W, 3504, 14, 2013/05/23, 19:08:54.656, 2928444456735, QTAgent32.exe, Playback - [WARNING] Internal warning: Couldn't find descendants that match QueryId
\0
W, 3504, 14, 2013/05/23, 19:08:54.658, 2928444487361, QTAgent32.exe, PERF WARNING: FindTopLevelWindowHelper::FindAllDescendents: took 3262 ms. Expected it to take maximum 500 ms.
E, 3504, 14, 2013/05/23, 19:08:54.659, 2928444490254, QTAgent32.exe, Exception: System.Runtime.InteropServices.COMException
	Message: Error HRESULT E_FAIL has been returned from a call to a COM component.
	Stack Trace:    at Microsoft.VisualStudio.TestTools.UITest.Playback.Engine.IRPFPlayback.FindAllScreenElements(IScreenElement pScreenElementStart, String bstrQueryId, Object&amp; pvarResKeys, Int32 cResKeys, Int32 nMaxDepth, Object[]&amp; foundDescendants)
   at Microsoft.VisualStudio.TestTools.UITest.Playback.ScreenElement.FindTopLevelWindowHelper(String queryId)
	BaseExceptionMessage: Error HRESULT E_FAIL has been returned from a call to a COM component.

E, 3504, 14, 2013/05/23, 19:08:54.762, 2928445975066, QTAgent32.exe, AL: Playback Error: Microsoft.VisualStudio.TestTools.UITest.Extension.UITestControlNotFoundException: The playback failed to find the control with the given search properties. Additional Details: 
TechnologyName:  'MSAA'
ControlType:  'Window'
Name:  'Windows Security'
 ---&gt; System.Runtime.InteropServices.COMException: Error HRESULT E_FAIL has been returned from a call to a COM component.
   at Microsoft.VisualStudio.TestTools.UITest.Playback.Engine.IRPFPlayback.FindAllScreenElements(IScreenElement pScreenElementStart, String bstrQueryId, Object&amp; pvarResKeys, Int32 cResKeys, Int32 nMaxDepth, Object[]&amp; foundDescendants)
   at Microsoft.VisualStudio.TestTools.UITest.Playback.ScreenElement.FindTopLevelWindowHelper(String queryId)
   at Microsoft.VisualStudio.TestTools.UITest.Playback.ScreenElement.FindFromPartialQueryId(String queryId)
   at Microsoft.VisualStudio.TestTools.UITesting.UITestControl..ctor(String queryId)
   --- End of inner exception stack trace ---
   at Microsoft.VisualStudio.TestTools.UITesting.Playback.MapControlNotFoundException(COMException ex, IPlaybackContext context)
   at Microsoft.VisualStudio.TestTools.UITesting.Playback.MapAndThrowComException(COMException innerException, IPlaybackContext context)
   at Microsoft.VisualStudio.TestTools.UITesting.Playback.MapAndThrowException(SystemException exception, IPlaybackContext context)
   at Microsoft.VisualStudio.TestTools.UITesting.Playback.MapAndThrowException(SystemException exception, String queryId)
   at Microsoft.VisualStudio.TestTools.UITesting.UITestControl..ctor(String queryId)
   at Microsoft.VisualStudio.TestTools.UITesting.SearchHelper.SearchTopLevelWindow(ISearchArgument topLevelSearchArg, String topLevelElementQueryId)
   at Microsoft.VisualStudio.TestTools.UITesting.SearchHelper.GetTitleUpdatedTopLevelWindow(ISearchArgument topLevelSearchArg, String queryId, IList`1 windowTitles)
   at Microsoft.VisualStudio.TestTools.UITesting.SearchHelper.GetTopLevelElement(Boolean useCache, Boolean useCacheOnly, ISearchArgument searchArg, IList`1 windowTitles, Int32&amp; timeLeft)
   at Microsoft.VisualStudio.TestTools.UITesting.SearchHelper.GetElement(Boolean useCache, ISearchArgument searchArg)
   at Microsoft.VisualStudio.TestTools.UITesting.SearchHelper.Search(ISearchArgument searchArg)
   at Microsoft.VisualStudio.TestTools.UITesting.UITestControl.FindInternal()
   at Microsoft.VisualStudio.TestTools.UITesting.UITestControl.FindControlIfNecessary()
   at Microsoft.VisualStudio.TestTools.UITesting.UITestControl.SendKeys(String text, ModifierKeys modifierKeys, Boolean isEncoded, Boolean isUnicode)
   at Microsoft.VisualStudio.TestTools.UITesting.Keyboard.SendKeysImplementation(UITestControl control, String text, ModifierKeys modifierKeys, Boolean isEncoded, Boolean isUnicode)
   at Microsoft.VisualStudio.TestTools.UITesting.Keyboard.SendKeysImplementationWrapper(UITestControl control, String text, ModifierKeys modifierKeys, Boolean isEncoded, Boolean isUnicode)
W, 3504, 14, 2013/05/23, 19:08:54.763, 2928445980509, QTAgent32.exe, PlaybackErrorHandler: Ignoring exception as ContinueOnError is set.
W, 3504, 14, 2013/05/23, 19:08:56.496, 2928470807860, QTAgent32.exe, Playback - [WARNING] Internal warning: Window Not Found: [VisibleOnly]ControlType='Window' &amp;&amp; Name='Windows Security'
\0
E, 3504, 14, 2013/05/23, 19:08:56.497, 2928470811172, QTAgent32.exe, &lt;a class=failure&gt;Playback - {125} [FAILED] Function ElementFetcher::FindScreenElement failed to locate UI element (Searching: ;[VisibleOnly]ControlType='Window' &amp;&amp; Name='Windows Security') (The object specified was not found.)
\0&lt;/a&gt;
E, 3504, 14, 2013/05/23, 19:08:56.578, 2928471981843, QTAgent32.exe, Playback - [IMAGE] C:\Users\testuser\AppData\Local\Temp\UITestLogs\LastRun\RPFDC5E.png
\0
W, 3504, 14, 2013/05/23, 19:08:56.581, 2928472012788, QTAgent32.exe, Playback - [WARNING] Internal warning: Couldn't find descendants that match QueryId
\0
W, 3504, 14, 2013/05/23, 19:08:56.581, 2928472016359, QTAgent32.exe, PERF WARNING: FindTopLevelWindowHelper::FindAllDescendents: took 1817 ms. Expected it to take maximum 500 ms.
W, 3504, 14, 2013/05/23, 19:09:14.973, 2928735363507, QTAgent32.exe, Playback - [WARNING] Internal warning: Window Not Found: [VisibleOnly]ControlType='Window' &amp;&amp; Name='Windows Security'
\0
E, 3504, 14, 2013/05/23, 19:09:14.974, 2928735367972, QTAgent32.exe, &lt;a class=failure&gt;Playback - {126} [FAILED] Function ElementFetcher::FindScreenElement failed to locate UI element (Searching: ;[VisibleOnly]ControlType='Window' &amp;&amp; Name='Windows Security') (The object specified was not found.)
\0&lt;/a&gt;
E, 3504, 14, 2013/05/23, 19:09:15.056, 2928736551741, QTAgent32.exe, Playback - [IMAGE] C:\Users\testuser\AppData\Local\Temp\UITestLogs\LastRun\RPF2495.png
\0
W, 3504, 14, 2013/05/23, 19:09:15.057, 2928736554621, QTAgent32.exe, Playback - [WARNING] Internal warning: Couldn't find descendants that match QueryId
\0
W, 3504, 14, 2013/05/23, 19:09:15.057, 2928736559898, QTAgent32.exe, PERF WARNING: FindTopLevelWindowHelper::FindAllDescendents: took 18475 ms. Expected it to take maximum 500 ms.
W, 3504, 14, 2013/05/23, 19:09:15.586, 2928744127940, QTAgent32.exe, Playback - [WARNING] Internal warning: Smart Match failed
\0
W, 3504, 14, 2013/05/23, 19:09:16.063, 2928750966574, QTAgent32.exe, Playback - [WARNING] Internal warning: Smart Match failed
\0
W, 3504, 14, 2013/05/23, 19:09:16.535, 2928757721923, QTAgent32.exe, Playback - [WARNING] Internal warning: Smart Match failed
\0
W, 3504, 14, 2013/05/23, 19:09:17.021, 2928764684446, QTAgent32.exe, Playback - [WARNING] Internal warning: Smart Match failed
\0
W, 3504, 14, 2013/05/23, 19:09:17.502, 2928771571699, QTAgent32.exe, Playback - [WARNING] Internal warning: Smart Match failed
\0
W, 3504, 14, 2013/05/23, 19:09:17.953, 2928778017546, QTAgent32.exe, Playback - [WARNING] Internal warning: Smart Match failed
\0
W, 3504, 14, 2013/05/23, 19:09:18.283, 2928782751050, QTAgent32.exe, Playback - [WARNING] Internal warning: Window Not Found: [VisibleOnly]ControlType='Window' &amp;&amp; Name='Windows Security'
\0
E, 3504, 14, 2013/05/23, 19:09:18.283, 2928782754614, QTAgent32.exe, &lt;a class=failure&gt;Playback - {127} [FAILED] Function ElementFetcher::FindScreenElement failed to locate UI element (Searching: ;[VisibleOnly]ControlType='Window' &amp;&amp; Name='Windows Security') (The object specified was not found.)
\0&lt;/a&gt;
E, 3504, 14, 2013/05/23, 19:09:18.374, 2928784051087, QTAgent32.exe, Playback - [IMAGE] C:\Users\testuser\AppData\Local\Temp\UITestLogs\LastRun\RPF3181.png
\0
W, 3504, 14, 2013/05/23, 19:09:18.374, 2928784053649, QTAgent32.exe, Playback - [WARNING] Internal warning: Couldn't find descendants that match QueryId
\0
W, 3504, 14, 2013/05/23, 19:09:18.374, 2928784056634, QTAgent32.exe, PERF WARNING: FindTopLevelWindowHelper::FindAllDescendents: took 3316 ms. Expected it to take maximum 500 ms.
E, 3504, 14, 2013/05/23, 19:09:18.374, 2928784058579, QTAgent32.exe, Exception: System.Runtime.InteropServices.COMException
	Message: Error HRESULT E_FAIL has been returned from a call to a COM component.
	Stack Trace:    at Microsoft.VisualStudio.TestTools.UITest.Playback.Engine.IRPFPlayback.FindAllScreenElements(IScreenElement pScreenElementStart, String bstrQueryId, Object&amp; pvarResKeys, Int32 cResKeys, Int32 nMaxDepth, Object[]&amp; foundDescendants)
   at Microsoft.VisualStudio.TestTools.UITest.Playback.ScreenElement.FindTopLevelWindowHelper(String queryId)
	BaseExceptionMessage: Error HRESULT E_FAIL has been returned from a call to a COM component.

E, 3504, 14, 2013/05/23, 19:09:18.476, 2928785507399, QTAgent32.exe, AL: Playback Error: Microsoft.VisualStudio.TestTools.UITest.Extension.UITestControlNotFoundException: The playback failed to find the control with the given search properties. Additional Details: 
TechnologyName:  'MSAA'
ControlType:  'Window'
Name:  'Windows Security'
 ---&gt; System.Runtime.InteropServices.COMException: Error HRESULT E_FAIL has been returned from a call to a COM component.
   at Microsoft.VisualStudio.TestTools.UITest.Playback.Engine.IRPFPlayback.FindAllScreenElements(IScreenElement pScreenElementStart, String bstrQueryId, Object&amp; pvarResKeys, Int32 cResKeys, Int32 nMaxDepth, Object[]&amp; foundDescendants)
   at Microsoft.VisualStudio.TestTools.UITest.Playback.ScreenElement.FindTopLevelWindowHelper(String queryId)
   at Microsoft.VisualStudio.TestTools.UITest.Playback.ScreenElement.FindFromPartialQueryId(String queryId)
   at Microsoft.VisualStudio.TestTools.UITesting.UITestControl..ctor(String queryId)
   --- End of inner exception stack trace ---
   at Microsoft.VisualStudio.TestTools.UITesting.Playback.MapControlNotFoundException(COMException ex, IPlaybackContext context)
   at Microsoft.VisualStudio.TestTools.UITesting.Playback.MapAndThrowComException(COMException innerException, IPlaybackContext context)
   at Microsoft.VisualStudio.TestTools.UITesting.Playback.MapAndThrowException(SystemException exception, IPlaybackContext context)
   at Microsoft.VisualStudio.TestTools.UITesting.Playback.MapAndThrowException(SystemException exception, String queryId)
   at Microsoft.VisualStudio.TestTools.UITesting.UITestControl..ctor(String queryId)
   at Microsoft.VisualStudio.TestTools.UITesting.SearchHelper.SearchTopLevelWindow(ISearchArgument topLevelSearchArg, String topLevelElementQueryId)
   at Microsoft.VisualStudio.TestTools.UITesting.SearchHelper.GetTitleUpdatedTopLevelWindow(ISearchArgument topLevelSearchArg, String queryId, IList`1 windowTitles)
   at Microsoft.VisualStudio.TestTools.UITesting.SearchHelper.GetTopLevelElement(Boolean useCache, Boolean useCacheOnly, ISearchArgument searchArg, IList`1 windowTitles, Int32&amp; timeLeft)
   at Microsoft.VisualStudio.TestTools.UITesting.SearchHelper.GetElement(Boolean useCache, ISearchArgument searchArg)
   at Microsoft.VisualStudio.TestTools.UITesting.SearchHelper.Search(ISearchArgument searchArg)
   at Microsoft.VisualStudio.TestTools.UITesting.UITestControl.FindInternal()
   at Microsoft.VisualStudio.TestTools.UITesting.UITestControl.FindControlIfNecessary()
   at Microsoft.VisualStudio.TestTools.UITesting.UITestControl.Click(MouseButtons button, ModifierKeys modifierKeys, Point relativeCoordinates)
   at Microsoft.VisualStudio.TestTools.UITesting.Mouse.ClickImplementation(UITestControl control, MouseButtons button, ModifierKeys modifierKeys, Point relativeCoordinate)
   at Microsoft.VisualStudio.TestTools.UITesting.Mouse.ClickImplementationWrapper(UITestControl control, MouseButtons button, ModifierKeys modifierKeys, Point relativeCoordinate)
W, 3504, 14, 2013/05/23, 19:09:18.476, 2928785510796, QTAgent32.exe, PlaybackErrorHandler: Ignoring exception as ContinueOnError is set.
W, 3504, 14, 2013/05/23, 19:09:19.638, 2928802152553, QTAgent32.exe, &lt;a class=success&gt;Playback - {128} [SUCCESS] MouseButtonClick - "[Web]ControlType='Hyperlink' &amp;&amp; TagName='A' &amp;&amp; Id='' &amp;&amp; Name='' &amp;&amp; Target='' &amp;&amp; InnerText='Renewals Maintenance' &amp;&amp; FilterCondition(AbsolutePath='/sysmaint/content/leftbar.asp', Title='', Href='https://www.insur-econnect.com/sysmaint/content/leftbar.asp#', Class='', ControlDefinition='style="COLOR: white" href="#"', TagInstance='39')"
\0&lt;/a&gt;
W, 3504, 14, 2013/05/23, 19:09:20.281, 2928811357190, QTAgent32.exe, &lt;a class=success&gt;Playback - {129} [SUCCESS] MouseButtonClick - "[Web]ControlType='Hyperlink' &amp;&amp; TagName='A' &amp;&amp; Id='' &amp;&amp; Name='' &amp;&amp; Target='content' &amp;&amp; InnerText='Create a Household Test Renewal Invitation' &amp;&amp; FilterCondition(AbsolutePath='/sysmaint/content/AddHouseholdTestRenewalNotice.asp', Title='', Href='https://www.insur-econnect.com/sysmaint/content/AddHouseholdTestRenewalNotice.asp', Class='itemlink', ControlDefinition='class=itemlink href="AddHouseholdTestRen', TagInstance='2')"
\0&lt;/a&gt;
E, 3504, 14, 2013/05/23, 19:09:22.551, 2928843864581, QTAgent32.exe, Exception: System.NotSupportedException
	Message: Internal Error: This method on IEWebControlElement should not get called.
	Stack Trace:    at Microsoft.VisualStudio.TestTools.UITest.Extension.IE.BrowserOptionElementNode.InvokeProgrammaticAction(ProgrammaticActionOption programmaticActionOption)
	BaseExceptionMessage: Internal Error: This method on IEWebControlElement should not get called.

W, 3504, 14, 2013/05/23, 19:09:22.787, 2928847240584, QTAgent32.exe, &lt;a class=success&gt;Playback - {130} [SUCCESS] SetValueAsComboBox "Covea Insurance plc (formerly MMA)" - "[Web]ControlType='ComboBox' &amp;&amp; TagName='SELECT' &amp;&amp; Id='InsurerID' &amp;&amp; Name='InsurerID' &amp;&amp; FilterCondition(Size='0', LabeledBy='', Title='', ItemCount='54', Class='', ControlDefinition='id=InsurerID onchange=selectInsurer() na', TagInstance='1')"  &lt; SetValueAsComboBox, set by clicking on the item in the list box &gt;
\0&lt;/a&gt;
W, 3504, 14, 2013/05/23, 19:09:23.690, 2928860171272, QTAgent32.exe, &lt;a class=success&gt;Playback - {131} [SUCCESS] SetValueAsEditBox "81588888001766" - "[Web]ControlType='Edit' &amp;&amp; TagName='INPUT' &amp;&amp; Id='' &amp;&amp; Name='txtPolicyNumber' &amp;&amp; LabeledBy='' &amp;&amp; Type='SINGLELINE' &amp;&amp; FilterCondition(Title='', Class='', ControlDefinition='onchange=enableButtons() name=txtPolicyN', TagInstance='1')"  &lt; Set via SendKeys &gt;
\0&lt;/a&gt;
W, 3504, 14, 2013/05/23, 19:09:23.984, 2928864376909, QTAgent32.exe, &lt;a class=success&gt;Playback - {132} [SUCCESS] SendKeys "^{HOME}" - "[Web]ControlType='Edit' &amp;&amp; TagName='INPUT' &amp;&amp; Id='' &amp;&amp; Name='txtRenewalDate' &amp;&amp; LabeledBy='' &amp;&amp; Type='SINGLELINE' &amp;&amp; FilterCondition(Title='', Class='', ControlDefinition='onchange=enableButtons() name=txtRenewal', TagInstance='2')"
\0&lt;/a&gt;
E, 3504, 14, 2013/05/23, 19:09:23.984, 2928864380742, QTAgent32.exe, Msaa.GetFocusedElement: could not find accessible object of foreground window
W, 3504, 14, 2013/05/23, 19:09:24.163, 2928866945713, QTAgent32.exe, &lt;a class=success&gt;Playback - {133} [SUCCESS] SendKeys "^+{END}" - "[Web]ControlType='Edit' &amp;&amp; TagName='INPUT' &amp;&amp; Id='' &amp;&amp; Name='txtRenewalDate' &amp;&amp; LabeledBy='' &amp;&amp; Type='SINGLELINE' &amp;&amp; FilterCondition(Title='', Class='', ControlDefinition='onchange=enableButtons() name=txtRenewal', TagInstance='2')"
\0&lt;/a&gt;
E, 3504, 14, 2013/05/23, 19:09:24.163, 2928866949241, QTAgent32.exe, Msaa.GetFocusedElement: could not find accessible object of foreground window
W, 3504, 14, 2013/05/23, 19:09:24.244, 2928868096901, QTAgent32.exe, &lt;a class=success&gt;Playback - {134} [SUCCESS] SendKeys "{DELETE}" - "[Web]ControlType='Edit' &amp;&amp; TagName='INPUT' &amp;&amp; Id='' &amp;&amp; Name='txtRenewalDate' &amp;&amp; LabeledBy='' &amp;&amp; Type='SINGLELINE' &amp;&amp; FilterCondition(Title='', Class='', ControlDefinition='onchange=enableButtons() name=txtRenewal', TagInstance='2')"
\0&lt;/a&gt;
W, 3504, 14, 2013/05/23, 19:09:24.535, 2928872274083, QTAgent32.exe, &lt;a class=success&gt;Playback - {135} [SUCCESS] SetValueAsEditBox "30/05/2013" - "[Web]ControlType='Edit' &amp;&amp; TagName='INPUT' &amp;&amp; Id='' &amp;&amp; Name='txtRenewalDate' &amp;&amp; LabeledBy='' &amp;&amp; Type='SINGLELINE' &amp;&amp; FilterCondition(Title='', Class='', ControlDefinition='onchange=enableButtons() name=txtRenewal', TagInstance='2')"  &lt; Set via SendKeys &gt;
\0&lt;/a&gt;
W, 3504, 14, 2013/05/23, 19:09:24.774, 2928875695527, QTAgent32.exe, &lt;a class=success&gt;Playback - {136} [SUCCESS] SendKeys "^{HOME}" - "[Web]ControlType='Edit' &amp;&amp; TagName='INPUT' &amp;&amp; Id='' &amp;&amp; Name='txtAutoLapseDate' &amp;&amp; LabeledBy='' &amp;&amp; Type='SINGLELINE' &amp;&amp; FilterCondition(Title='', Class='', ControlDefinition='onchange=enableButtons() name=txtAutoLap', TagInstance='4')"
\0&lt;/a&gt;
E, 3504, 14, 2013/05/23, 19:09:24.774, 2928875698682, QTAgent32.exe, Msaa.GetFocusedElement: could not find accessible object of foreground window
W, 3504, 14, 2013/05/23, 19:09:24.906, 2928877589970, QTAgent32.exe, &lt;a class=success&gt;Playback - {137} [SUCCESS] SendKeys "^+{END}" - "[Web]ControlType='Edit' &amp;&amp; TagName='INPUT' &amp;&amp; Id='' &amp;&amp; Name='txtAutoLapseDate' &amp;&amp; LabeledBy='' &amp;&amp; Type='SINGLELINE' &amp;&amp; FilterCondition(Title='', Class='', ControlDefinition='onchange=enableButtons() name=txtAutoLap', TagInstance='4')"
\0&lt;/a&gt;
E, 3504, 14, 2013/05/23, 19:09:24.907, 2928877592879, QTAgent32.exe, Msaa.GetFocusedElement: could not find accessible object of foreground window
W, 3504, 14, 2013/05/23, 19:09:24.994, 2928878837167, QTAgent32.exe, &lt;a class=success&gt;Playback - {138} [SUCCESS] SendKeys "{DELETE}" - "[Web]ControlType='Edit' &amp;&amp; TagName='INPUT' &amp;&amp; Id='' &amp;&amp; Name='txtAutoLapseDate' &amp;&amp; LabeledBy='' &amp;&amp; Type='SINGLELINE' &amp;&amp; FilterCondition(Title='', Class='', ControlDefinition='onchange=enableButtons() name=txtAutoLap', TagInstance='4')"
\0&lt;/a&gt;
W, 3504, 14, 2013/05/23, 19:09:25.269, 2928882787439, QTAgent32.exe, &lt;a class=success&gt;Playback - {139} [SUCCESS] SetValueAsEditBox "30/05/2013" - "[Web]ControlType='Edit' &amp;&amp; TagName='INPUT' &amp;&amp; Id='' &amp;&amp; Name='txtAutoLapseDate' &amp;&amp; LabeledBy='' &amp;&amp; Type='SINGLELINE' &amp;&amp; FilterCondition(Title='', Class='', ControlDefinition='onchange=enableButtons() name=txtAutoLap', TagInstance='4')"  &lt; Set via SendKeys &gt;
\0&lt;/a&gt;
W, 3504, 14, 2013/05/23, 19:09:25.537, 2928886614343, QTAgent32.exe, &lt;a class=success&gt;Playback - {140} [SUCCESS] MouseButtonClick - "[Web]ControlType='Edit' &amp;&amp; TagName='TEXTAREA' &amp;&amp; Id='' &amp;&amp; Name='txtClientXml' &amp;&amp; LabeledBy='' &amp;&amp; FilterCondition(Title='', Class='', ControlDefinition='onchange=enableButtons() wrap=off cols=5', TagInstance='1')"
\0&lt;/a&gt;
W, 3504, 14, 2013/05/23, 19:09:25.979, 2928892946301, QTAgent32.exe, &lt;a class=success&gt;Playback - {141} [SUCCESS] MouseButtonClick - "[Web]ControlType='Button' &amp;&amp; TagName='INPUT' &amp;&amp; Id='getXmlButton' &amp;&amp; Name='getXmlButton' &amp;&amp; FilterCondition(DisplayText='Get XML from Server', Type='button', Title='Click to get xml from server', Class='', ControlDefinition='id=getXmlButton title="Click to get xml ', TagInstance='5')"
\0&lt;/a&gt;
W, 3504, 14, 2013/05/23, 19:09:26.251, 2928896829882, QTAgent32.exe, &lt;a class=success&gt;Playback - {142} [SUCCESS] MouseButtonClick - "[Web]ControlType='Button' &amp;&amp; TagName='INPUT' &amp;&amp; Id='buttonCreate' &amp;&amp; Name='buttonCreate' &amp;&amp; FilterCondition(DisplayText='  Create Record  ', Type='button', Title='Click to create the new record', Class='', ControlDefinition='id=buttonCreate title="Click to create t', TagInstance='6')"
\0&lt;/a&gt;
W, 3504, 14, 2013/05/23, 19:09:28.672, 2928931512551, QTAgent32.exe, &lt;a class=success&gt;Playback - {143} [SUCCESS] MouseButtonClick - "[MSAA, VisibleOnly]ControlType='Button' &amp;&amp; Name='OK'"
\0&lt;/a&gt;
W, 3504, 14, 2013/05/23, 19:09:33.887, 2929006170565, QTAgent32.exe, &lt;a class=success&gt;Playback - {144} [SUCCESS] TypeString "%({F4})"
\0&lt;/a&gt;
W, 3504, 14, 2013/05/23, 19:09:34.773, 2929018855302, QTAgent32.exe, &lt;a class=success&gt;Playback - {145} [SUCCESS] SendKeys "^{HOME}" - "[MSAA, VisibleOnly]ControlType='Edit'"
\0&lt;/a&gt;
E, 3504, 14, 2013/05/23, 19:09:34.773, 2929018858472, QTAgent32.exe, Msaa.GetFocusedElement: could not find accessible object of foreground window
W, 3504, 14, 2013/05/23, 19:09:34.858, 2929020068529, QTAgent32.exe, &lt;a class=success&gt;Playback - {146} [SUCCESS] SendKeys "^+{END}" - "[MSAA, VisibleOnly]ControlType='Edit'"
\0&lt;/a&gt;
E, 3504, 14, 2013/05/23, 19:09:34.859, 2929020089299, QTAgent32.exe, Msaa.GetFocusedElement: could not find accessible object of foreground window
W, 3504, 14, 2013/05/23, 19:09:34.922, 2929020989829, QTAgent32.exe, &lt;a class=success&gt;Playback - {147} [SUCCESS] SendKeys "{DELETE}" - "[MSAA, VisibleOnly]ControlType='Edit'"
\0&lt;/a&gt;
W, 3504, 14, 2013/05/23, 19:09:35.699, 2929032123067, QTAgent32.exe, &lt;a class=success&gt;Playback - {148} [SUCCESS] SetValueAsEditBox "30/05/2012" - "[MSAA, VisibleOnly]ControlType='Edit'"  &lt; Set via SendKeys &gt;
\0&lt;/a&gt;
W, 3504, 14, 2013/05/23, 19:09:36.284, 2929040500251, QTAgent32.exe, &lt;a class=success&gt;Playback - {149} [SUCCESS] MouseButtonClick - "[MSAA, VisibleOnly]ControlType='Button' &amp;&amp; Name='OK'"
\0&lt;/a&gt;
W, 3504, 14, 2013/05/23, 19:09:36.567, 2929044542507, QTAgent32.exe, &lt;a class=success&gt;Playback - {150} [SUCCESS] MouseButtonClick - "[MSAA, VisibleOnly]ControlType='Client'"
\0&lt;/a&gt;
W, 3504, 14, 2013/05/23, 19:09:37.163, 2929053077171, QTAgent32.exe, &lt;a class=success&gt;Playback - {151} [SUCCESS] MouseButtonClick - "[MSAA, VisibleOnly]ControlType='Client'"
\0&lt;/a&gt;
W, 3504, 14, 2013/05/23, 19:09:39.218, 2929082507642, QTAgent32.exe, &lt;a class=success&gt;Playback - {152} [SUCCESS] SetValueAsEditBox "AUTO205" - "[MSAA, VisibleOnly]ControlType='Edit'"  &lt; Set via SendKeys &gt;
\0&lt;/a&gt;
W, 3504, 14, 2013/05/23, 19:09:39.765, 2929090340538, QTAgent32.exe, &lt;a class=success&gt;Playback - {153} [SUCCESS] SetValueAsEditBox "-1001" - "[MSAA, VisibleOnly]ControlType='Edit'"  &lt; Set via SendKeys &gt;
\0&lt;/a&gt;
W, 3504, 14, 2013/05/23, 19:09:40.354, 2929098775992, QTAgent32.exe, Playback - [WARNING] Internal warning: Incorrect flag set for InvokeProgrammaticAction\0
W, 3504, 14, 2013/05/23, 19:09:40.477, 2929100528681, QTAgent32.exe, &lt;a class=success&gt;Playback - {154} [SUCCESS] SetValueAsComboBox "Household" - "[MSAA, VisibleOnly]ControlType='ComboBox'"  &lt; SetValueAsComboBox, set by clicking on the item in the list box &gt;
\0&lt;/a&gt;
W, 3504, 14, 2013/05/23, 19:09:40.782, 2929104903537, QTAgent32.exe, &lt;a class=success&gt;Playback - {155} [SUCCESS] SendKeys "^{HOME}" - "[MSAA, VisibleOnly]ControlType='Edit'"
\0&lt;/a&gt;
E, 3504, 14, 2013/05/23, 19:09:40.783, 2929104906998, QTAgent32.exe, Msaa.GetFocusedElement: could not find accessible object of foreground window
W, 3504, 14, 2013/05/23, 19:09:40.838, 2929105704224, QTAgent32.exe, &lt;a class=success&gt;Playback - {156} [SUCCESS] SendKeys "^+{END}" - "[MSAA, VisibleOnly]ControlType='Edit'"
\0&lt;/a&gt;
E, 3504, 14, 2013/05/23, 19:09:40.838, 2929105707511, QTAgent32.exe, Msaa.GetFocusedElement: could not find accessible object of foreground window
W, 3504, 14, 2013/05/23, 19:09:40.863, 2929106056324, QTAgent32.exe, &lt;a class=success&gt;Playback - {157} [SUCCESS] SendKeys "{DELETE}" - "[MSAA, VisibleOnly]ControlType='Edit'"
\0&lt;/a&gt;
W, 3504, 14, 2013/05/23, 19:09:41.218, 2929111146271, QTAgent32.exe, &lt;a class=success&gt;Playback - {158} [SUCCESS] SetValueAsEditBox "30/05/2012" - "[MSAA, VisibleOnly]ControlType='Edit'"  &lt; Set via SendKeys &gt;
\0&lt;/a&gt;
W, 3504, 14, 2013/05/23, 19:09:41.811, 2929119632852, QTAgent32.exe, &lt;a class=success&gt;Playback - {159} [SUCCESS] MouseButtonClick - "[MSAA, VisibleOnly]ControlType='Button' &amp;&amp; Name='Regress'"
\0&lt;/a&gt;
W, 3504, 14, 2013/05/23, 19:09:42.080, 2929123472355, QTAgent32.exe, &lt;a class=success&gt;Playback - {160} [SUCCESS] MouseButtonClick - "[MSAA, VisibleOnly]ControlType='Button' &amp;&amp; Name='Exit'"
\0&lt;/a&gt;
W, 3504, 14, 2013/05/23, 19:09:42.351, 2929127355716, QTAgent32.exe, &lt;a class=success&gt;Playback - {161} [SUCCESS] MouseButtonClick - "[MSAA, VisibleOnly]ControlType='Button'"
\0&lt;/a&gt;
W, 3504, 14, 2013/05/23, 19:09:42.598, 2929130901759, QTAgent32.exe, &lt;a class=success&gt;Playback - {162} [SUCCESS] MouseButtonClick - "[MSAA, VisibleOnly]ControlType='Button' &amp;&amp; Name='Options'"
\0&lt;/a&gt;
W, 3504, 14, 2013/05/23, 19:09:42.699, 2929132343566, QTAgent32.exe, FindScreenElementInSinglePass : Attempting to find control in one pass of search. Failures can occur.
W, 3504, 14, 2013/05/23, 19:09:43.127, 2929138468082, QTAgent32.exe, &lt;a class=success&gt;Playback - {163} [SUCCESS] MouseButtonClick - "[MSAA]ControlType='MenuItem' &amp;&amp; Name='Links'"
\0&lt;/a&gt;
W, 3504, 14, 2013/05/23, 19:09:43.227, 2929139905666, QTAgent32.exe, FindScreenElementInSinglePass : Attempting to find control in one pass of search. Failures can occur.
W, 3504, 14, 2013/05/23, 19:09:43.767, 2929147633363, QTAgent32.exe, &lt;a class=success&gt;Playback - {164} [SUCCESS] MouseButtonClick - "[MSAA]ControlType='MenuItem' &amp;&amp; Name='3rd Party Integration'"
\0&lt;/a&gt;
W, 3504, 14, 2013/05/23, 19:09:43.869, 2929149096825, QTAgent32.exe, FindScreenElementInSinglePass : Attempting to find control in one pass of search. Failures can occur.
W, 3504, 14, 2013/05/23, 19:09:44.353, 2929156024898, QTAgent32.exe, &lt;a class=success&gt;Playback - {165} [SUCCESS] MouseButtonClick - "[MSAA]ControlType='MenuItem' &amp;&amp; Name='Renewals Loader'"
\0&lt;/a&gt;
W, 3504, 14, 2013/05/23, 19:09:44.853, 2929163190472, QTAgent32.exe, Playback - [WARNING] Internal warning: Window Not Found: [VisibleOnly]ControlType='Window' &amp;&amp; Name='Renewal Loader' &amp;&amp; ClassName='TfUIMain'
\0
E, 3504, 14, 2013/05/23, 19:09:44.853, 2929163193587, QTAgent32.exe, &lt;a class=failure&gt;Playback - {166} [FAILED] Function ElementFetcher::FindScreenElement failed to locate UI element (Searching: ;[VisibleOnly]ControlType='Window' &amp;&amp; Name='Renewal Loader' &amp;&amp; ClassName='TfUIMain') (The object specified was not found.)
\0&lt;/a&gt;
E, 3504, 14, 2013/05/23, 19:09:44.999, 2929165277399, QTAgent32.exe, Playback - [IMAGE] C:\Users\testuser\AppData\Local\Temp\UITestLogs\LastRun\RPF9949.png
\0
W, 3504, 14, 2013/05/23, 19:09:44.999, 2929165279825, QTAgent32.exe, Playback - [WARNING] Internal warning: Couldn't find descendants that match QueryId
\0
W, 3504, 14, 2013/05/23, 19:09:44.999, 2929165282927, QTAgent32.exe, PERF WARNING: FindTopLevelWindowHelper::FindAllDescendents: took 546 ms. Expected it to take maximum 500 ms.
W, 3504, 14, 2013/05/23, 19:09:46.090, 2929180895827, QTAgent32.exe, PERF WARNING: FindTopLevelWindowHelper::FindAllDescendents: took 1090 ms. Expected it to take maximum 500 ms.
W, 3504, 14, 2013/05/23, 19:09:46.234, 2929182953875, QTAgent32.exe, &lt;a class=success&gt;Playback - {167} [SUCCESS] MouseButtonClick - "[MSAA, VisibleOnly]ControlType='TitleBar'"
\0&lt;/a&gt;
W, 3504, 14, 2013/05/23, 19:09:46.591, 2929188070230, QTAgent32.exe, &lt;a class=success&gt;Playback - {168} [SUCCESS] SendKeys "^{HOME}" - "[MSAA, VisibleOnly]ControlType='Edit'"
\0&lt;/a&gt;
E, 3504, 14, 2013/05/23, 19:09:46.592, 2929188077495, QTAgent32.exe, Msaa.GetFocusedElement: could not find accessible object of foreground window
W, 3504, 14, 2013/05/23, 19:09:46.655, 2929188984073, QTAgent32.exe, &lt;a class=success&gt;Playback - {169} [SUCCESS] SendKeys "^+{END}" - "[MSAA, VisibleOnly]ControlType='Edit'"
\0&lt;/a&gt;
E, 3504, 14, 2013/05/23, 19:09:46.655, 2929188987688, QTAgent32.exe, Msaa.GetFocusedElement: could not find accessible object of foreground window
W, 3504, 14, 2013/05/23, 19:09:46.672, 2929189230147, QTAgent32.exe, &lt;a class=success&gt;Playback - {170} [SUCCESS] SendKeys "{DELETE}" - "[MSAA, VisibleOnly]ControlType='Edit'"
\0&lt;/a&gt;
W, 3504, 14, 2013/05/23, 19:09:47.052, 2929194672413, QTAgent32.exe, &lt;a class=success&gt;Playback - {171} [SUCCESS] SetValueAsEditBox "23/05/2013" - "[MSAA, VisibleOnly]ControlType='Edit'"  &lt; Set via SendKeys &gt;
\0&lt;/a&gt;
W, 3504, 14, 2013/05/23, 19:09:47.368, 2929199190216, QTAgent32.exe, &lt;a class=success&gt;Playback - {172} [SUCCESS] SendKeys "^{HOME}" - "[MSAA, VisibleOnly]ControlType='Edit'"
\0&lt;/a&gt;
E, 3504, 14, 2013/05/23, 19:09:47.369, 2929199205297, QTAgent32.exe, Msaa.GetFocusedElement: could not find accessible object of foreground window
W, 3504, 14, 2013/05/23, 19:09:47.446, 2929200318120, QTAgent32.exe, &lt;a class=success&gt;Playback - {173} [SUCCESS] SendKeys "^+{END}" - "[MSAA, VisibleOnly]ControlType='Edit'"
\0&lt;/a&gt;
E, 3504, 14, 2013/05/23, 19:09:47.447, 2929200321811, QTAgent32.exe, Msaa.GetFocusedElement: could not find accessible object of foreground window
W, 3504, 14, 2013/05/23, 19:09:47.470, 2929200656303, QTAgent32.exe, &lt;a class=success&gt;Playback - {174} [SUCCESS] SendKeys "{DELETE}" - "[MSAA, VisibleOnly]ControlType='Edit'"
\0&lt;/a&gt;
W, 3504, 14, 2013/05/23, 19:09:47.870, 2929206386267, QTAgent32.exe, &lt;a class=success&gt;Playback - {175} [SUCCESS] SetValueAsEditBox "06/06/2013" - "[MSAA, VisibleOnly]ControlType='Edit'"  &lt; Set via SendKeys &gt;
\0&lt;/a&gt;
W, 3504, 14, 2013/05/23, 19:09:48.286, 2929212340418, QTAgent32.exe, &lt;a class=success&gt;Playback - {176} [SUCCESS] MouseButtonClick - "[MSAA, VisibleOnly]ControlType='Button' &amp;&amp; Name='Run'"
\0&lt;/a&gt;
W, 3504, 14, 2013/05/23, 19:09:53.917, 2929292962760, QTAgent32.exe, FindNTopWindows : Search will be continued for 12000 even on failure
W, 3504, 14, 2013/05/23, 19:09:54.413, 2929300061652, QTAgent32.exe, Playback - [WARNING] Internal warning: Window with Class "IEFrame" and Title "insurE-com System Maintenance" was not found, so similar window with Class "IEFrame" and Title "insurE-com System Maintenance - Windows Internet Explorer" was accepted
\0
W, 3504, 14, 2013/05/23, 19:09:54.413, 2929300064539, QTAgent32.exe, Playback - [WARNING] Internal warning: Couldn't find descendants that match QueryId
\0
W, 3504, 14, 2013/05/23, 19:09:54.876, 2929306702060, QTAgent32.exe, Playback - [WARNING] Internal warning: Window with Class "IEFrame" and Title "insurE-com System Maintenance" was not found, so similar window with Class "IEFrame" and Title "insurE-com System Maintenance - Windows Internet Explorer" was accepted
\0
W, 3504, 14, 2013/05/23, 19:09:54.877, 2929306705528, QTAgent32.exe, Playback - [WARNING] Internal warning: Couldn't find descendants that match QueryId
\0
W, 3504, 14, 2013/05/23, 19:09:55.350, 2929313480594, QTAgent32.exe, Playback - [WARNING] Internal warning: Window with Class "IEFrame" and Title "insurE-com System Maintenance" was not found, so similar window with Class "IEFrame" and Title "insurE-com System Maintenance - Windows Internet Explorer" was accepted
\0
W, 3504, 14, 2013/05/23, 19:09:55.350, 2929313483255, QTAgent32.exe, Playback - [WARNING] Internal warning: Couldn't find descendants that match QueryId
\0
W, 3504, 14, 2013/05/23, 19:09:55.829, 2929320339001, QTAgent32.exe, Playback - [WARNING] Internal warning: Window with Class "IEFrame" and Title "insurE-com System Maintenance" was not found, so similar window with Class "IEFrame" and Title "insurE-com System Maintenance - Windows Internet Explorer" was accepted
\0
W, 3504, 14, 2013/05/23, 19:09:55.829, 2929320342013, QTAgent32.exe, Playback - [WARNING] Internal warning: Couldn't find descendants that match QueryId
\0
W, 3504, 14, 2013/05/23, 19:09:56.344, 2929327715054, QTAgent32.exe, Playback - [WARNING] Internal warning: Window with Class "IEFrame" and Title "insurE-com System Maintenance" was not found, so similar window with Class "IEFrame" and Title "insurE-com System Maintenance - Windows Internet Explorer" was accepted
\0
W, 3504, 14, 2013/05/23, 19:09:56.344, 2929327717659, QTAgent32.exe, Playback - [WARNING] Internal warning: Couldn't find descendants that match QueryId
\0
W, 3504, 14, 2013/05/23, 19:09:56.344, 2929327720699, QTAgent32.exe, PERF WARNING: FindNTopWindows::FindAllDescendents: took 515 ms. Expected it to take maximum 500 ms.
W, 3504, 14, 2013/05/23, 19:09:56.840, 2929334821716, QTAgent32.exe, Playback - [WARNING] Internal warning: Window with Class "IEFrame" and Title "insurE-com System Maintenance" was not found, so similar window with Class "IEFrame" and Title "insurE-com System Maintenance - Windows Internet Explorer" was accepted
\0
W, 3504, 14, 2013/05/23, 19:09:56.840, 2929334824924, QTAgent32.exe, Playback - [WARNING] Internal warning: Couldn't find descendants that match QueryId
\0
W, 3504, 14, 2013/05/23, 19:09:57.610, 2929345841983, QTAgent32.exe, Playback - [WARNING] Internal warning: Window with Class "IEFrame" and Title "insurE-com System Maintenance" was not found, so similar window with Class "IEFrame" and Title "insurE-com System Maintenance - Windows Internet Explorer" was accepted
\0
W, 3504, 14, 2013/05/23, 19:09:57.610, 2929345845111, QTAgent32.exe, Playback - [WARNING] Internal warning: Couldn't find descendants that match QueryId
\0
W, 3504, 14, 2013/05/23, 19:09:57.611, 2929345848460, QTAgent32.exe, PERF WARNING: FindNTopWindows::FindAllDescendents: took 769 ms. Expected it to take maximum 500 ms.
W, 3504, 14, 2013/05/23, 19:09:58.095, 2929352789627, QTAgent32.exe, Playback - [WARNING] Internal warning: Window with Class "IEFrame" and Title "insurE-com System Maintenance" was not found, so similar window with Class "IEFrame" and Title "insurE-com System Maintenance - Windows Internet Explorer" was accepted
\0
W, 3504, 14, 2013/05/23, 19:09:58.096, 2929352792479, QTAgent32.exe, Playback - [WARNING] Internal warning: Couldn't find descendants that match QueryId
\0
W, 3504, 14, 2013/05/23, 19:09:58.580, 2929359732887, QTAgent32.exe, Playback - [WARNING] Internal warning: Window with Class "IEFrame" and Title "insurE-com System Maintenance" was not found, so similar window with Class "IEFrame" and Title "insurE-com System Maintenance - Windows Internet Explorer" was accepted
\0
W, 3504, 14, 2013/05/23, 19:09:58.580, 2929359735881, QTAgent32.exe, Playback - [WARNING] Internal warning: Couldn't find descendants that match QueryId
\0
W, 3504, 14, 2013/05/23, 19:09:59.037, 2929366280900, QTAgent32.exe, Playback - [WARNING] Internal warning: Window with Class "IEFrame" and Title "insurE-com System Maintenance" was not found, so similar window with Class "IEFrame" and Title "insurE-com System Maintenance - Windows Internet Explorer" was accepted
\0
W, 3504, 14, 2013/05/23, 19:09:59.038, 2929366285914, QTAgent32.exe, Playback - [WARNING] Internal warning: Couldn't find descendants that match QueryId
\0
W, 3504, 14, 2013/05/23, 19:09:59.505, 2929372971371, QTAgent32.exe, Playback - [WARNING] Internal warning: Window with Class "IEFrame" and Title "insurE-com System Maintenance" was not found, so similar window with Class "IEFrame" and Title "insurE-com System Maintenance - Windows Internet Explorer" was accepted
\0
W, 3504, 14, 2013/05/23, 19:09:59.505, 2929372974380, QTAgent32.exe, Playback - [WARNING] Internal warning: Couldn't find descendants that match QueryId
\0
W, 3504, 14, 2013/05/23, 19:09:59.962, 2929379525056, QTAgent32.exe, Playback - [WARNING] Internal warning: Window with Class "IEFrame" and Title "insurE-com System Maintenance" was not found, so similar window with Class "IEFrame" and Title "insurE-com System Maintenance - Windows Internet Explorer" was accepted
\0
W, 3504, 14, 2013/05/23, 19:09:59.963, 2929379528195, QTAgent32.exe, Playback - [WARNING] Internal warning: Couldn't find descendants that match QueryId
\0
W, 3504, 14, 2013/05/23, 19:10:00.427, 2929386185932, QTAgent32.exe, Playback - [WARNING] Internal warning: Window with Class "IEFrame" and Title "insurE-com System Maintenance" was not found, so similar window with Class "IEFrame" and Title "insurE-com System Maintenance - Windows Internet Explorer" was accepted
\0
W, 3504, 14, 2013/05/23, 19:10:00.428, 2929386188941, QTAgent32.exe, Playback - [WARNING] Internal warning: Couldn't find descendants that match QueryId
\0
W, 3504, 14, 2013/05/23, 19:10:00.898, 2929392920470, QTAgent32.exe, Playback - [WARNING] Internal warning: Window with Class "IEFrame" and Title "insurE-com System Maintenance" was not found, so similar window with Class "IEFrame" and Title "insurE-com System Maintenance - Windows Internet Explorer" was accepted
\0
W, 3504, 14, 2013/05/23, 19:10:00.898, 2929392923281, QTAgent32.exe, Playback - [WARNING] Internal warning: Couldn't find descendants that match QueryId
\0
W, 3504, 14, 2013/05/23, 19:10:01.370, 2929399682104, QTAgent32.exe, Playback - [WARNING] Internal warning: Window with Class "IEFrame" and Title "insurE-com System Maintenance" was not found, so similar window with Class "IEFrame" and Title "insurE-com System Maintenance - Windows Internet Explorer" was accepted
\0
W, 3504, 14, 2013/05/23, 19:10:01.371, 2929399684898, QTAgent32.exe, Playback - [WARNING] Internal warning: Couldn't find descendants that match QueryId
\0
W, 3504, 14, 2013/05/23, 19:10:01.829, 2929406250871, QTAgent32.exe, Playback - [WARNING] Internal warning: Window with Class "IEFrame" and Title "insurE-com System Maintenance" was not found, so similar window with Class "IEFrame" and Title "insurE-com System Maintenance - Windows Internet Explorer" was accepted
\0
W, 3504, 14, 2013/05/23, 19:10:01.829, 2929406253596, QTAgent32.exe, Playback - [WARNING] Internal warning: Couldn't find descendants that match QueryId
\0
W, 3504, 14, 2013/05/23, 19:10:02.281, 2929412719432, QTAgent32.exe, Playback - [WARNING] Internal warning: Window with Class "IEFrame" and Title "insurE-com System Maintenance" was not found, so similar window with Class "IEFrame" and Title "insurE-com System Maintenance - Windows Internet Explorer" was accepted
\0
W, 3504, 14, 2013/05/23, 19:10:02.281, 2929412722250, QTAgent32.exe, Playback - [WARNING] Internal warning: Couldn't find descendants that match QueryId
\0
W, 3504, 14, 2013/05/23, 19:10:02.725, 2929419080151, QTAgent32.exe, Playback - [WARNING] Internal warning: Window with Class "IEFrame" and Title "insurE-com System Maintenance" was not found, so similar window with Class "IEFrame" and Title "insurE-com System Maintenance - Windows Internet Explorer" was accepted
\0
W, 3504, 14, 2013/05/23, 19:10:02.725, 2929419083238, QTAgent32.exe, Playback - [WARNING] Internal warning: Couldn't find descendants that match QueryId
\0
W, 3504, 14, 2013/05/23, 19:10:03.181, 2929425603231, QTAgent32.exe, Playback - [WARNING] Internal warning: Window with Class "IEFrame" and Title "insurE-com System Maintenance" was not found, so similar window with Class "IEFrame" and Title "insurE-com System Maintenance - Windows Internet Explorer" was accepted
\0
W, 3504, 14, 2013/05/23, 19:10:03.181, 2929425605949, QTAgent32.exe, Playback - [WARNING] Internal warning: Couldn't find descendants that match QueryId
\0
W, 3504, 14, 2013/05/23, 19:10:03.620, 2929431901326, QTAgent32.exe, Playback - [WARNING] Internal warning: Window with Class "IEFrame" and Title "insurE-com System Maintenance" was not found, so similar window with Class "IEFrame" and Title "insurE-com System Maintenance - Windows Internet Explorer" was accepted
\0
W, 3504, 14, 2013/05/23, 19:10:03.621, 2929431904589, QTAgent32.exe, Playback - [WARNING] Internal warning: Couldn't find descendants that match QueryId
\0
W, 3504, 14, 2013/05/23, 19:10:04.121, 2929439071089, QTAgent32.exe, Playback - [WARNING] Internal warning: Window with Class "IEFrame" and Title "insurE-com System Maintenance" was not found, so similar window with Class "IEFrame" and Title "insurE-com System Maintenance - Windows Internet Explorer" was accepted
\0
W, 3504, 14, 2013/05/23, 19:10:04.121, 2929439073944, QTAgent32.exe, Playback - [WARNING] Internal warning: Couldn't find descendants that match QueryId
\0
W, 3504, 14, 2013/05/23, 19:10:04.586, 2929445724802, QTAgent32.exe, Playback - [WARNING] Internal warning: Window with Class "IEFrame" and Title "insurE-com System Maintenance" was not found, so similar window with Class "IEFrame" and Title "insurE-com System Maintenance - Windows Internet Explorer" was accepted
\0
W, 3504, 14, 2013/05/23, 19:10:04.586, 2929445727971, QTAgent32.exe, Playback - [WARNING] Internal warning: Couldn't find descendants that match QueryId
\0
W, 3504, 14, 2013/05/23, 19:10:05.054, 2929452436005, QTAgent32.exe, Playback - [WARNING] Internal warning: Window with Class "IEFrame" and Title "insurE-com System Maintenance" was not found, so similar window with Class "IEFrame" and Title "insurE-com System Maintenance - Windows Internet Explorer" was accepted
\0
W, 3504, 14, 2013/05/23, 19:10:05.055, 2929452438693, QTAgent32.exe, Playback - [WARNING] Internal warning: Couldn't find descendants that match QueryId
\0
W, 3504, 14, 2013/05/23, 19:10:05.557, 2929459628718, QTAgent32.exe, Playback - [WARNING] Internal warning: Window with Class "IEFrame" and Title "insurE-com System Maintenance" was not found, so similar window with Class "IEFrame" and Title "insurE-com System Maintenance - Windows Internet Explorer" was accepted
\0
W, 3504, 14, 2013/05/23, 19:10:05.557, 2929459631901, QTAgent32.exe, Playback - [WARNING] Internal warning: Couldn't find descendants that match QueryId
\0
W, 3504, 14, 2013/05/23, 19:10:05.558, 2929459635504, QTAgent32.exe, PERF WARNING: FindNTopWindows::FindAllDescendents: took 502 ms. Expected it to take maximum 500 ms.
W, 3504, 14, 2013/05/23, 19:10:06.017, 2929466213326, QTAgent32.exe, Playback - [WARNING] Internal warning: Window with Class "IEFrame" and Title "insurE-com System Maintenance" was not found, so similar window with Class "IEFrame" and Title "insurE-com System Maintenance - Windows Internet Explorer" was accepted
\0
W, 3504, 14, 2013/05/23, 19:10:06.017, 2929466216242, QTAgent32.exe, Playback - [WARNING] Internal warning: Couldn't find descendants that match QueryId
\0
W, 3504, 14, 2013/05/23, 19:10:07.697, 2929490265432, QTAgent32.exe, Playback - [WARNING] Internal warning: Window Not Found: [VisibleOnly]Name='insurE-com System Maintenance' &amp;&amp; ClassName='IEFrame' &amp;&amp; ControlType='Window'
\0
E, 3504, 14, 2013/05/23, 19:10:07.697, 2929490269545, QTAgent32.exe, &lt;a class=failure&gt;Playback - {177} [FAILED] Function ElementFetcher::FindScreenElement failed to locate UI element (Searching: ;[VisibleOnly]Name='insurE-com System Maintenance' &amp;&amp; ClassName='IEFrame' &amp;&amp; ControlType='Window') (The object specified was not found.)
\0&lt;/a&gt;
E, 3504, 14, 2013/05/23, 19:10:07.832, 2929492210914, QTAgent32.exe, Playback - [IMAGE] C:\Users\testuser\AppData\Local\Temp\UITestLogs\LastRun\RPFF290.png
\0
W, 3504, 14, 2013/05/23, 19:10:07.833, 2929492214459, QTAgent32.exe, Playback - [WARNING] Internal warning: Couldn't find descendants that match QueryId
\0
W, 3504, 14, 2013/05/23, 19:10:07.833, 2929492218204, QTAgent32.exe, PERF WARNING: Playback.FindScreenElement: took 1815 ms. Expected it to take maximum 500 ms.
E, 3504, 14, 2013/05/23, 19:10:07.833, 2929492223376, QTAgent32.exe, Window 4785764 not responding. Last Win32 error 0
E, 3504, 14, 2013/05/23, 19:10:07.833, 2929492224759, QTAgent32.exe, GetClassName for handle 4785764 failed
E, 3504, 14, 2013/05/23, 19:10:07.834, 2929492229056, QTAgent32.exe, Window 4785764 not responding. Last Win32 error 1400
E, 3504, 14, 2013/05/23, 19:10:07.834, 2929492230043, QTAgent32.exe, GetClassName for handle 4785764 failed
E, 3504, 14, 2013/05/23, 19:10:07.934, 2929493667217, QTAgent32.exe, AL: Playback Error: Microsoft.VisualStudio.TestTools.UITest.Extension.UITestControlNotAvailableException: The control is not available or not valid. Additional Details: 
TechnologyName:  'MSAA'
Name:  'insurE-com System Maintenance'
ClassName:  'IEFrame'
ControlType:  'Window'
 ---&gt; System.Runtime.InteropServices.COMException: Error HRESULT E_FAIL has been returned from a call to a COM component.
   at Microsoft.VisualStudio.TestTools.UITest.Playback.Engine.IRPFPlayback.FindScreenElement(String bstrQueryId)
   at Microsoft.VisualStudio.TestTools.UITest.Playback.ScreenElement.FindFromPartialQueryId(String queryId)
   at Microsoft.VisualStudio.TestTools.UITesting.UITestControl.EnsureValid(Boolean waitForReady, Boolean refetch)
   --- End of inner exception stack trace ---
   at Microsoft.VisualStudio.TestTools.UITesting.UITestControl.EnsureValid(Boolean waitForReady, Boolean refetch)
   at Microsoft.VisualStudio.TestTools.UITesting.UITestControl.SendKeys(String text, ModifierKeys modifierKeys, Boolean isEncoded, Boolean isUnicode)
   at Microsoft.VisualStudio.TestTools.UITesting.Keyboard.SendKeysImplementation(UITestControl control, String text, ModifierKeys modifierKeys, Boolean isEncoded, Boolean isUnicode)
   at Microsoft.VisualStudio.TestTools.UITesting.Keyboard.SendKeysImplementationWrapper(UITestControl control, String text, ModifierKeys modifierKeys, Boolean isEncoded, Boolean isUnicode)
W, 3504, 14, 2013/05/23, 19:10:07.934, 2929493669470, QTAgent32.exe, PlaybackErrorHandler: Ignoring exception as ContinueOnError is set.
W, 3504, 14, 2013/05/23, 19:10:08.964, 2929508414862, QTAgent32.exe, &lt;a class=success&gt;Playback - {178} [SUCCESS] MouseButtonClick - "[MSAA, VisibleOnly]ControlType='TitleBar'"
\0&lt;/a&gt;
W, 3504, 14, 2013/05/23, 19:10:09.233, 2929512260581, QTAgent32.exe, &lt;a class=success&gt;Playback - {179} [SUCCESS] MouseButtonClick - "[MSAA, VisibleOnly]ControlType='Button' &amp;&amp; Name='Close'"
\0&lt;/a&gt;
W, 3504, 14, 2013/05/23, 19:10:10.318, 2929527801002, QTAgent32.exe, &lt;a class=success&gt;Playback - {180} [SUCCESS] MouseButtonClick - "[MSAA, VisibleOnly]ControlType='Button' &amp;&amp; Name='Options'"
\0&lt;/a&gt;
W, 3504, 14, 2013/05/23, 19:10:10.419, 2929529237856, QTAgent32.exe, FindScreenElementInSinglePass : Attempting to find control in one pass of search. Failures can occur.
W, 3504, 14, 2013/05/23, 19:10:10.878, 2929535814797, QTAgent32.exe, &lt;a class=success&gt;Playback - {181} [SUCCESS] MouseButtonClick - "[MSAA]ControlType='MenuItem' &amp;&amp; Name='Links'"
\0&lt;/a&gt;
W, 3504, 14, 2013/05/23, 19:10:10.979, 2929537256890, QTAgent32.exe, FindScreenElementInSinglePass : Attempting to find control in one pass of search. Failures can occur.
W, 3504, 14, 2013/05/23, 19:10:11.433, 2929543766264, QTAgent32.exe, &lt;a class=success&gt;Playback - {182} [SUCCESS] MouseButtonClick - "[MSAA]ControlType='MenuItem' &amp;&amp; Name='3rd Party Integration'"
\0&lt;/a&gt;
W, 3504, 14, 2013/05/23, 19:10:11.534, 2929545205127, QTAgent32.exe, FindScreenElementInSinglePass : Attempting to find control in one pass of search. Failures can occur.
W, 3504, 14, 2013/05/23, 19:10:12.004, 2929551936850, QTAgent32.exe, &lt;a class=success&gt;Playback - {183} [SUCCESS] MouseButtonClick - "[MSAA]ControlType='MenuItem' &amp;&amp; Name='Renewals Module'"
\0&lt;/a&gt;
W, 3504, 14, 2013/05/23, 19:10:12.616, 2929560699206, QTAgent32.exe, Playback - [WARNING] Internal warning: Window Not Found: [VisibleOnly]ControlType='Window' &amp;&amp; Name='Personal Lines Renewals' &amp;&amp; ClassName='ThunderRT6FormDC'
\0
E, 3504, 14, 2013/05/23, 19:10:12.616, 2929560702394, QTAgent32.exe, &lt;a class=failure&gt;Playback - {184} [FAILED] Function ElementFetcher::FindScreenElement failed to locate UI element (Searching: ;[VisibleOnly]ControlType='Window' &amp;&amp; Name='Personal Lines Renewals' &amp;&amp; ClassName='ThunderRT6FormDC') (The object specified was not found.)
\0&lt;/a&gt;
E, 3504, 14, 2013/05/23, 19:10:12.727, 2929562293978, QTAgent32.exe, Playback - [IMAGE] C:\Users\testuser\AppData\Local\Temp\UITestLogs\LastRun\RPF5C3.png
\0
W, 3504, 14, 2013/05/23, 19:10:12.727, 2929562296335, QTAgent32.exe, Playback - [WARNING] Internal warning: Couldn't find descendants that match QueryId
\0
W, 3504, 14, 2013/05/23, 19:10:12.727, 2929562299177, QTAgent32.exe, PERF WARNING: FindTopLevelWindowHelper::FindAllDescendents: took 623 ms. Expected it to take maximum 500 ms.
W, 3504, 14, 2013/05/23, 19:10:12.800, 2929563346391, QTAgent32.exe, Playback - [WARNING] Internal warning: Window Not Found: [VisibleOnly]ControlType='Window' &amp;&amp; Name='Personal Lines Renewals' &amp;&amp; ClassName='ThunderRT6FormDC'
\0
E, 3504, 14, 2013/05/23, 19:10:12.801, 2929563349203, QTAgent32.exe, &lt;a class=failure&gt;Playback - {185} [FAILED] Function ElementFetcher::FindScreenElement failed to locate UI element (Searching: ;[VisibleOnly]ControlType='Window' &amp;&amp; Name='Personal Lines Renewals' &amp;&amp; ClassName='ThunderRT6FormDC') (The object specified was not found.)
\0&lt;/a&gt;
E, 3504, 14, 2013/05/23, 19:10:12.879, 2929564474971, QTAgent32.exe, Playback - [IMAGE] C:\Users\testuser\AppData\Local\Temp\UITestLogs\LastRun\RPF67F.png
\0
W, 3504, 14, 2013/05/23, 19:10:12.879, 2929564477240, QTAgent32.exe, Playback - [WARNING] Internal warning: Couldn't find descendants that match QueryId
\0
W, 3504, 14, 2013/05/23, 19:10:13.718, 2929576471430, QTAgent32.exe, PERF WARNING: FindTopLevelWindowHelper::FindAllDescendents: took 837 ms. Expected it to take maximum 500 ms.
W, 3504, 14, 2013/05/23, 19:10:14.487, 2929587485947, QTAgent32.exe, &lt;a class=success&gt;Playback - {186} [SUCCESS] SetValueAsEditBox "1" - "[MSAA, VisibleOnly]ControlType='Edit'"  &lt; Set via SendKeys &gt;
\0&lt;/a&gt;
W, 3504, 14, 2013/05/23, 19:10:14.792, 2929591858302, QTAgent32.exe, &lt;a class=success&gt;Playback - {187} [SUCCESS] MouseButtonClick - "[MSAA, VisibleOnly]ControlType='Button' &amp;&amp; Name='Ok'"
\0&lt;/a&gt;
W, 3504, 14, 2013/05/23, 19:10:15.023, 2929595166087, QTAgent32.exe, &lt;a class=success&gt;Playback - {188} [SUCCESS] MouseButtonClick - "[MSAA, VisibleOnly]ControlType='Button' &amp;&amp; Name='OK'"
\0&lt;/a&gt;
W, 3504, 14, 2013/05/23, 19:10:16.146, 2929611246133, QTAgent32.exe, Playback - [WARNING] Internal warning: Window Not Found: [VisibleOnly]ControlType='Window' &amp;&amp; Name='Personal Lines' &amp;&amp; ClassName='#32770'
\0
E, 3504, 14, 2013/05/23, 19:10:16.146, 2929611249433, QTAgent32.exe, &lt;a class=failure&gt;Playback - {189} [FAILED] Function ElementFetcher::FindScreenElement failed to locate UI element (Searching: ;[VisibleOnly]ControlType='Window' &amp;&amp; Name='Personal Lines' &amp;&amp; ClassName='#32770') (The object specified was not found.)
\0&lt;/a&gt;
E, 3504, 14, 2013/05/23, 19:10:16.263, 2929612921148, QTAgent32.exe, Playback - [IMAGE] C:\Users\testuser\AppData\Local\Temp\UITestLogs\LastRun\RPF138B.png
\0
W, 3504, 14, 2013/05/23, 19:10:16.263, 2929612923603, QTAgent32.exe, Playback - [WARNING] Internal warning: Couldn't find descendants that match QueryId
\0
W, 3504, 14, 2013/05/23, 19:10:16.263, 2929612926368, QTAgent32.exe, PERF WARNING: FindTopLevelWindowHelper::FindAllDescendents: took 1128 ms. Expected it to take maximum 500 ms.
W, 3504, 14, 2013/05/23, 19:10:34.315, 2929871384779, QTAgent32.exe, Playback - [WARNING] Internal warning: Window Not Found: [VisibleOnly]ControlType='Window' &amp;&amp; Name='Personal Lines' &amp;&amp; ClassName='#32770'
\0
E, 3504, 14, 2013/05/23, 19:10:34.315, 2929871392441, QTAgent32.exe, &lt;a class=failure&gt;Playback - {190} [FAILED] Function ElementFetcher::FindScreenElement failed to locate UI element (Searching: ;[VisibleOnly]ControlType='Window' &amp;&amp; Name='Personal Lines' &amp;&amp; ClassName='#32770') (The object specified was not found.)
\0&lt;/a&gt;
E, 3504, 14, 2013/05/23, 19:10:34.397, 2929872567598, QTAgent32.exe, Playback - [IMAGE] C:\Users\testuser\AppData\Local\Temp\UITestLogs\LastRun\RPF5A8A.png
\0
W, 3504, 14, 2013/05/23, 19:10:34.397, 2929872570212, QTAgent32.exe, Playback - [WARNING] Internal warning: Couldn't find descendants that match QueryId
\0
W, 3504, 14, 2013/05/23, 19:10:34.398, 2929872578481, QTAgent32.exe, PERF WARNING: FindTopLevelWindowHelper::FindAllDescendents: took 18131 ms. Expected it to take maximum 500 ms.
W, 3504, 14, 2013/05/23, 19:10:34.958, 2929880606164, QTAgent32.exe, Playback - [WARNING] Internal warning: Smart Match failed
\0
W, 3504, 14, 2013/05/23, 19:10:35.379, 2929886634286, QTAgent32.exe, Playback - [WARNING] Internal warning: Smart Match failed
\0
W, 3504, 14, 2013/05/23, 19:10:35.792, 2929892538607, QTAgent32.exe, Playback - [WARNING] Internal warning: Smart Match failed
\0
W, 3504, 14, 2013/05/23, 19:10:36.191, 2929898259589, QTAgent32.exe, Playback - [WARNING] Internal warning: Smart Match failed
\0
W, 3504, 14, 2013/05/23, 19:10:36.615, 2929904313142, QTAgent32.exe, Playback - [WARNING] Internal warning: Smart Match failed
\0
W, 3504, 14, 2013/05/23, 19:10:37.076, 2929910919500, QTAgent32.exe, Playback - [WARNING] Internal warning: Smart Match failed
\0
W, 3504, 14, 2013/05/23, 19:10:37.507, 2929917090998, QTAgent32.exe, Playback - [WARNING] Internal warning: Smart Match failed
\0
W, 3504, 14, 2013/05/23, 19:10:37.810, 2929921437031, QTAgent32.exe, Playback - [WARNING] Internal warning: Window Not Found: [VisibleOnly]ControlType='Window' &amp;&amp; Name='Personal Lines' &amp;&amp; ClassName='#32770'
\0
E, 3504, 14, 2013/05/23, 19:10:37.811, 2929921440481, QTAgent32.exe, &lt;a class=failure&gt;Playback - {191} [FAILED] Function ElementFetcher::FindScreenElement failed to locate UI element (Searching: ;[VisibleOnly]ControlType='Window' &amp;&amp; Name='Personal Lines' &amp;&amp; ClassName='#32770') (The object specified was not found.)
\0&lt;/a&gt;
E, 3504, 14, 2013/05/23, 19:10:37.894, 2929922628199, QTAgent32.exe, Playback - [IMAGE] C:\Users\testuser\AppData\Local\Temp\UITestLogs\LastRun\RPF6831.png
\0
W, 3504, 14, 2013/05/23, 19:10:37.894, 2929922630517, QTAgent32.exe, Playback - [WARNING] Internal warning: Couldn't find descendants that match QueryId
\0
W, 3504, 14, 2013/05/23, 19:10:37.894, 2929922635403, QTAgent32.exe, PERF WARNING: FindTopLevelWindowHelper::FindAllDescendents: took 3495 ms. Expected it to take maximum 500 ms.
E, 3504, 14, 2013/05/23, 19:10:37.894, 2929922637494, QTAgent32.exe, Exception: System.Runtime.InteropServices.COMException
	Message: Error HRESULT E_FAIL has been returned from a call to a COM component.
	Stack Trace:    at Microsoft.VisualStudio.TestTools.UITest.Playback.Engine.IRPFPlayback.FindAllScreenElements(IScreenElement pScreenElementStart, String bstrQueryId, Object&amp; pvarResKeys, Int32 cResKeys, Int32 nMaxDepth, Object[]&amp; foundDescendants)
   at Microsoft.VisualStudio.TestTools.UITest.Playback.ScreenElement.FindTopLevelWindowHelper(String queryId)
	BaseExceptionMessage: Error HRESULT E_FAIL has been returned from a call to a COM component.

E, 3504, 14, 2013/05/23, 19:10:37.895, 2929922646191, QTAgent32.exe, Window 9569438 not responding. Last Win32 error 0
E, 3504, 14, 2013/05/23, 19:10:37.895, 2929922647596, QTAgent32.exe, GetClassName for handle 9569438 failed
E, 3504, 14, 2013/05/23, 19:10:37.895, 2929922653143, QTAgent32.exe, Window 2820612 not responding. Last Win32 error 1400
E, 3504, 14, 2013/05/23, 19:10:37.895, 2929922653926, QTAgent32.exe, GetClassName for handle 2820612 failed
E, 3504, 14, 2013/05/23, 19:10:37.996, 2929924101485, QTAgent32.exe, AL: Playback Error: Microsoft.VisualStudio.TestTools.UITest.Extension.UITestControlNotAvailableException: The control is not available or not valid. Additional Details: 
TechnologyName:  'MSAA'
Name:  'OK'
ControlType:  'Button'
 ---&gt; Microsoft.VisualStudio.TestTools.UITest.Extension.UITestControlNotAvailableException: The control is not available or not valid. Additional Details: 
TechnologyName:  'MSAA'
ControlType:  'Window'
 ---&gt; System.Runtime.InteropServices.COMException: Error HRESULT E_FAIL has been returned from a call to a COM component.
   at Microsoft.VisualStudio.TestTools.UITest.Playback.Engine.IRPFPlayback.FindAllScreenElements(IScreenElement pScreenElementStart, String bstrQueryId, Object&amp; pvarResKeys, Int32 cResKeys, Int32 nMaxDepth, Object[]&amp; foundDescendants)
   at Microsoft.VisualStudio.TestTools.UITest.Playback.ScreenElement.FindTopLevelWindowHelper(String queryId)
   at Microsoft.VisualStudio.TestTools.UITest.Playback.ScreenElement.FindFromPartialQueryId(String queryId)
   at Microsoft.VisualStudio.TestTools.UITesting.UITestControl.EnsureValid(Boolean waitForReady, Boolean refetch)
   --- End of inner exception stack trace ---
   at Microsoft.VisualStudio.TestTools.UITesting.UITestControl.EnsureValid(Boolean waitForReady, Boolean refetch)
   at Microsoft.VisualStudio.TestTools.UITesting.UITestControl.FindFirstDescendant(String queryId, Int32 maxDepth, Int32&amp; timeLeft)
   at Microsoft.VisualStudio.TestTools.UITesting.UITestControl.FindFirstDescendant(String queryId)
   at Microsoft.VisualStudio.TestTools.UITesting.UITestControl.EnsureValid(Boolean waitForReady, Boolean refetch)
   --- End of inner exception stack trace ---
   at Microsoft.VisualStudio.TestTools.UITesting.UITestControl.EnsureValid(Boolean waitForReady, Boolean refetch)
   at Microsoft.VisualStudio.TestTools.UITesting.UITestControl.Click(MouseButtons button, ModifierKeys modifierKeys, Point relativeCoordinates)
   at Microsoft.VisualStudio.TestTools.UITesting.Mouse.ClickImplementation(UITestControl control, MouseButtons button, ModifierKeys modifierKeys, Point relativeCoordinate)
   at Microsoft.VisualStudio.TestTools.UITesting.Mouse.ClickImplementationWrapper(UITestControl control, MouseButtons button, ModifierKeys modifierKeys, Point relativeCoordinate)
W, 3504, 14, 2013/05/23, 19:10:37.997, 2929924104841, QTAgent32.exe, PlaybackErrorHandler: Ignoring exception as ContinueOnError is set.
W, 3504, 14, 2013/05/23, 19:10:38.306, 2929928536692, QTAgent32.exe, Playback - [WARNING] Internal warning: Window Not Found: [VisibleOnly]ControlType='Window' &amp;&amp; Name='Policies Auto-Renewed &amp; Auto-Lapsed' &amp;&amp; ClassName='ThunderRT6FormDC'
\0
E, 3504, 14, 2013/05/23, 19:10:38.306, 2929928540111, QTAgent32.exe, &lt;a class=failure&gt;Playback - {192} [FAILED] Function ElementFetcher::FindScreenElement failed to locate UI element (Searching: ;[VisibleOnly]ControlType='Window' &amp;&amp; Name='Policies Auto-Renewed &amp; Auto-Lapsed' &amp;&amp; ClassName='ThunderRT6FormDC') (The object specified was not found.)
\0&lt;/a&gt;
E, 3504, 14, 2013/05/23, 19:10:38.396, 2929929819880, QTAgent32.exe, Playback - [IMAGE] C:\Users\testuser\AppData\Local\Temp\UITestLogs\LastRun\RPF6A25.png
\0
W, 3504, 14, 2013/05/23, 19:10:38.396, 2929929822286, QTAgent32.exe, Playback - [WARNING] Internal warning: Couldn't find descendants that match QueryId
\0
W, 3504, 14, 2013/05/23, 19:10:56.539, 2930189589677, QTAgent32.exe, Playback - [WARNING] Internal warning: Window Not Found: [VisibleOnly]ControlType='Window' &amp;&amp; Name='Policies Auto-Renewed &amp; Auto-Lapsed' &amp;&amp; ClassName='ThunderRT6FormDC'
\0
E, 3504, 14, 2013/05/23, 19:10:56.539, 2930189594419, QTAgent32.exe, &lt;a class=failure&gt;Playback - {193} [FAILED] Function ElementFetcher::FindScreenElement failed to locate UI element (Searching: ;[VisibleOnly]ControlType='Window' &amp;&amp; Name='Policies Auto-Renewed &amp; Auto-Lapsed' &amp;&amp; ClassName='ThunderRT6FormDC') (The object specified was not found.)
\0&lt;/a&gt;
E, 3504, 14, 2013/05/23, 19:10:56.623, 2930190802874, QTAgent32.exe, Playback - [IMAGE] C:\Users\testuser\AppData\Local\Temp\UITestLogs\LastRun\RPFB153.png
\0
W, 3504, 14, 2013/05/23, 19:10:56.623, 2930190805317, QTAgent32.exe, Playback - [WARNING] Internal warning: Couldn't find descendants that match QueryId
\0
W, 3504, 14, 2013/05/23, 19:10:56.624, 2930190809988, QTAgent32.exe, PERF WARNING: FindTopLevelWindowHelper::FindAllDescendents: took 18227 ms. Expected it to take maximum 500 ms.
W, 3504, 14, 2013/05/23, 19:10:57.165, 2930198555249, QTAgent32.exe, Playback - [WARNING] Internal warning: Smart Match failed
\0
W, 3504, 14, 2013/05/23, 19:10:57.613, 2930204978589, QTAgent32.exe, Playback - [WARNING] Internal warning: Smart Match failed
\0
W, 3504, 14, 2013/05/23, 19:10:58.043, 2930211129336, QTAgent32.exe, Playback - [WARNING] Internal warning: Smart Match failed
\0
W, 3504, 14, 2013/05/23, 19:10:58.471, 2930217260503, QTAgent32.exe, Playback - [WARNING] Internal warning: Smart Match failed
\0
W, 3504, 14, 2013/05/23, 19:10:58.904, 2930223456061, QTAgent32.exe, Playback - [WARNING] Internal warning: Smart Match failed
\0
W, 3504, 14, 2013/05/23, 19:10:59.329, 2930229553455, QTAgent32.exe, Playback - [WARNING] Internal warning: Smart Match failed
\0
W, 3504, 14, 2013/05/23, 19:10:59.731, 2930235305520, QTAgent32.exe, Playback - [WARNING] Internal warning: Smart Match failed
\0
W, 3504, 14, 2013/05/23, 19:11:00.015, 2930239367844, QTAgent32.exe, Playback - [WARNING] Internal warning: Window Not Found: [VisibleOnly]ControlType='Window' &amp;&amp; Name='Policies Auto-Renewed &amp; Auto-Lapsed' &amp;&amp; ClassName='ThunderRT6FormDC'
\0
E, 3504, 14, 2013/05/23, 19:11:00.015, 2930239370970, QTAgent32.exe, &lt;a class=failure&gt;Playback - {194} [FAILED] Function ElementFetcher::FindScreenElement failed to locate UI element (Searching: ;[VisibleOnly]ControlType='Window' &amp;&amp; Name='Policies Auto-Renewed &amp; Auto-Lapsed' &amp;&amp; ClassName='ThunderRT6FormDC') (The object specified was not found.)
\0&lt;/a&gt;
E, 3504, 14, 2013/05/23, 19:11:00.095, 2930240515749, QTAgent32.exe, Playback - [IMAGE] C:\Users\testuser\AppData\Local\Temp\UITestLogs\LastRun\RPFBEEB.png
\0
W, 3504, 14, 2013/05/23, 19:11:00.095, 2930240518759, QTAgent32.exe, Playback - [WARNING] Internal warning: Couldn't find descendants that match QueryId
\0
W, 3504, 14, 2013/05/23, 19:11:00.095, 2930240523597, QTAgent32.exe, PERF WARNING: FindTopLevelWindowHelper::FindAllDescendents: took 3471 ms. Expected it to take maximum 500 ms.
E, 3504, 14, 2013/05/23, 19:11:00.096, 2930240526101, QTAgent32.exe, Exception: System.Runtime.InteropServices.COMException
	Message: Error HRESULT E_FAIL has been returned from a call to a COM component.
	Stack Trace:    at Microsoft.VisualStudio.TestTools.UITest.Playback.Engine.IRPFPlayback.FindAllScreenElements(IScreenElement pScreenElementStart, String bstrQueryId, Object&amp; pvarResKeys, Int32 cResKeys, Int32 nMaxDepth, Object[]&amp; foundDescendants)
   at Microsoft.VisualStudio.TestTools.UITest.Playback.ScreenElement.FindTopLevelWindowHelper(String queryId)
	BaseExceptionMessage: Error HRESULT E_FAIL has been returned from a call to a COM component.

E, 3504, 14, 2013/05/23, 19:11:00.197, 2930241976550, QTAgent32.exe, AL: Playback Error: Microsoft.VisualStudio.TestTools.UITest.Extension.UITestControlNotFoundException: The playback failed to find the control with the given search properties. Additional Details: 
TechnologyName:  'MSAA'
ControlType:  'Window'
Name:  'Policies Auto-Renewed &amp; Auto-Lapsed'
ClassName:  'ThunderRT6FormDC'
 ---&gt; System.Runtime.InteropServices.COMException: Error HRESULT E_FAIL has been returned from a call to a COM component.
   at Microsoft.VisualStudio.TestTools.UITest.Playback.Engine.IRPFPlayback.FindAllScreenElements(IScreenElement pScreenElementStart, String bstrQueryId, Object&amp; pvarResKeys, Int32 cResKeys, Int32 nMaxDepth, Object[]&amp; foundDescendants)
   at Microsoft.VisualStudio.TestTools.UITest.Playback.ScreenElement.FindTopLevelWindowHelper(String queryId)
   at Microsoft.VisualStudio.TestTools.UITest.Playback.ScreenElement.FindFromPartialQueryId(String queryId)
   at Microsoft.VisualStudio.TestTools.UITesting.UITestControl..ctor(String queryId)
   --- End of inner exception stack trace ---
   at Microsoft.VisualStudio.TestTools.UITesting.Playback.MapControlNotFoundException(COMException ex, IPlaybackContext context)
   at Microsoft.VisualStudio.TestTools.UITesting.Playback.MapAndThrowComException(COMException innerException, IPlaybackContext context)
   at Microsoft.VisualStudio.TestTools.UITesting.Playback.MapAndThrowException(SystemException exception, IPlaybackContext context)
   at Microsoft.VisualStudio.TestTools.UITesting.Playback.MapAndThrowException(SystemException exception, String queryId)
   at Microsoft.VisualStudio.TestTools.UITesting.UITestControl..ctor(String queryId)
   at Microsoft.VisualStudio.TestTools.UITesting.SearchHelper.SearchTopLevelWindow(ISearchArgument topLevelSearchArg, String topLevelElementQueryId)
   at Microsoft.VisualStudio.TestTools.UITesting.SearchHelper.GetTitleUpdatedTopLevelWindow(ISearchArgument topLevelSearchArg, String queryId, IList`1 windowTitles)
   at Microsoft.VisualStudio.TestTools.UITesting.SearchHelper.GetTopLevelElement(Boolean useCache, Boolean useCacheOnly, ISearchArgument searchArg, IList`1 windowTitles, Int32&amp; timeLeft)
   at Microsoft.VisualStudio.TestTools.UITesting.SearchHelper.GetElement(Boolean useCache, ISearchArgument searchArg)
   at Microsoft.VisualStudio.TestTools.UITesting.SearchHelper.Search(ISearchArgument searchArg)
   at Microsoft.VisualStudio.TestTools.UITesting.UITestControl.FindInternal()
   at Microsoft.VisualStudio.TestTools.UITesting.UITestControl.FindControlIfNecessary()
   at Microsoft.VisualStudio.TestTools.UITesting.UITestControl.Click(MouseButtons button, ModifierKeys modifierKeys, Point relativeCoordinates)
   at Microsoft.VisualStudio.TestTools.UITesting.Mouse.ClickImplementation(UITestControl control, MouseButtons button, ModifierKeys modifierKeys, Point relativeCoordinate)
   at Microsoft.VisualStudio.TestTools.UITesting.Mouse.ClickImplementationWrapper(UITestControl control, MouseButtons button, ModifierKeys modifierKeys, Point relativeCoordinate)
W, 3504, 14, 2013/05/23, 19:11:00.197, 2930241979959, QTAgent32.exe, PlaybackErrorHandler: Ignoring exception as ContinueOnError is set.
W, 3504, 14, 2013/05/23, 19:11:00.449, 2930245575421, QTAgent32.exe, &lt;a class=success&gt;Playback - {195} [SUCCESS] MouseButtonClick - "[MSAA, VisibleOnly]ControlType='Button' &amp;&amp; Name='EDI Match...'"
\0&lt;/a&gt;
W, 3504, 14, 2013/05/23, 19:11:02.728, 2930278211368, QTAgent32.exe, &lt;a class=success&gt;Playback - {196} [SUCCESS] MouseButtonClick - "[MSAA, VisibleOnly]ControlType='Button' &amp;&amp; Name='Ok'"
\0&lt;/a&gt;
W, 3504, 14, 2013/05/23, 19:11:03.333, 2930286882302, QTAgent32.exe, PERF WARNING: FindTopLevelWindowHelper::FindAllDescendents: took 505 ms. Expected it to take maximum 500 ms.
W, 3504, 14, 2013/05/23, 19:11:03.479, 2930288970571, QTAgent32.exe, &lt;a class=success&gt;Playback - {197} [SUCCESS] MouseButtonClick - "[MSAA, VisibleOnly]ControlType='Button' &amp;&amp; Name='OK'"
\0&lt;/a&gt;
W, 3504, 14, 2013/05/23, 19:11:05.087, 2930311985550, QTAgent32.exe, Playback - [WARNING] Internal warning: Element "[MSAA, VisibleOnly]ControlType='Window' &amp;&amp; ControlId='5'" was not found, so all intermediate elements were ignored. To improve performance replace this element Id with another Id or exclude it from QueryId. If this element is the target element, replace or remove intermediate elements
\0
W, 3504, 14, 2013/05/23, 19:11:07.643, 2930348586418, QTAgent32.exe, Playback - [WARNING] Internal warning:Search failure: &lt;[MSAA, VisibleOnly]ControlType='Window' &amp;&amp; ControlId='32768'&gt; | Performed (4) search retries, UI element not found
\0
E, 3504, 14, 2013/05/23, 19:11:07.643, 2930348592728, QTAgent32.exe, &lt;a class=failure&gt;Playback - {198} [FAILED] Function ElementFetcher::FindScreenElement failed to locate UI element (Searching: ;[MSAA, VisibleOnly]ControlType='Window' &amp;&amp; ControlId='32768';[MSAA, VisibleOnly]ControlType='Window' &amp;&amp; ControlId='5';[MSAA, VisibleOnly]ControlType='Button' &amp;&amp; Name='Log and Clear') (The object specified was not found.)
\0&lt;/a&gt;
E, 3504, 14, 2013/05/23, 19:11:07.733, 2930349874931, QTAgent32.exe, Playback - [IMAGE] C:\Users\testuser\AppData\Local\Temp\UITestLogs\LastRun\RPFDCB9.png
\0
W, 3504, 14, 2013/05/23, 19:11:07.733, 2930349877377, QTAgent32.exe, Playback - [WARNING] Internal warning: Couldn't find descendants that match QueryId
\0
W, 3504, 14, 2013/05/23, 19:11:07.733, 2930349884133, QTAgent32.exe, PERF WARNING: FindAllDescendents: took 4152 ms. Expected it to take maximum 500 ms.
E, 3504, 14, 2013/05/23, 19:11:07.842, 2930351439823, QTAgent32.exe, AL: Playback Error: Microsoft.VisualStudio.TestTools.UITest.Extension.UITestControlNotFoundException: The playback failed to find the control with the given search properties. Additional Details: 
TechnologyName:  'MSAA'
ControlType:  'Button'
Name:  'Log and Clear'
 ---&gt; System.Runtime.InteropServices.COMException: Error HRESULT E_FAIL has been returned from a call to a COM component.
   at Microsoft.VisualStudio.TestTools.UITest.Playback.Engine.IScreenElement.FindAllDescendants(String bstrQueryId, Object&amp; pvarResKeys, Int32 cResKeys, Int32 nMaxDepth)
   at Microsoft.VisualStudio.TestTools.UITest.Playback.ScreenElement.FindAllScreenElement(String queryId, Int32 depth, Boolean singleQueryId, Boolean throwException)
   at Microsoft.VisualStudio.TestTools.UITest.Playback.ScreenElement.FindScreenElement(String queryId, Int32 depth)
   at Microsoft.VisualStudio.TestTools.UITesting.UITestControl.FindFirstDescendant(String queryId, Int32 maxDepth, Int32&amp; timeLeft)
   --- End of inner exception stack trace ---
   at Microsoft.VisualStudio.TestTools.UITesting.Playback.MapControlNotFoundException(COMException ex, IPlaybackContext context)
   at Microsoft.VisualStudio.TestTools.UITesting.Playback.MapAndThrowComException(COMException innerException, IPlaybackContext context)
   at Microsoft.VisualStudio.TestTools.UITesting.Playback.MapAndThrowException(SystemException exception, IPlaybackContext context)
   at Microsoft.VisualStudio.TestTools.UITesting.Playback.MapAndThrowException(SystemException exception, String queryId)
   at Microsoft.VisualStudio.TestTools.UITesting.UITestControl.FindFirstDescendant(String queryId, Int32 maxDepth, Int32&amp; timeLeft)
   at Microsoft.VisualStudio.TestTools.UITesting.SearchHelper.GetElement(Boolean useCache, ISearchArgument searchArg)
   at Microsoft.VisualStudio.TestTools.UITesting.SearchHelper.Search(ISearchArgument searchArg)
   at Microsoft.VisualStudio.TestTools.UITesting.UITestControl.FindInternal()
   at Microsoft.VisualStudio.TestTools.UITesting.UITestControl.FindControlIfNecessary()
   at Microsoft.VisualStudio.TestTools.UITesting.UITestControl.Click(MouseButtons button, ModifierKeys modifierKeys, Point relativeCoordinates)
   at Microsoft.VisualStudio.TestTools.UITesting.Mouse.ClickImplementation(UITestControl control, MouseButtons button, ModifierKeys modifierKeys, Point relativeCoordinate)
   at Microsoft.VisualStudio.TestTools.UITesting.Mouse.ClickImplementationWrapper(UITestControl control, MouseButtons button, ModifierKeys modifierKeys, Point relativeCoordinate)
W, 3504, 14, 2013/05/23, 19:11:07.842, 2930351443455, QTAgent32.exe, PlaybackErrorHandler: Ignoring exception as ContinueOnError is set.
W, 3504, 14, 2013/05/23, 19:11:08.140, 2930355698306, QTAgent32.exe, Playback - [WARNING] Internal warning: Window Not Found: [VisibleOnly]ControlType='Window' &amp;&amp; Name='Personal Lines' &amp;&amp; ClassName='#32770'
\0
E, 3504, 14, 2013/05/23, 19:11:08.140, 2930355701710, QTAgent32.exe, &lt;a class=failure&gt;Playback - {199} [FAILED] Function ElementFetcher::FindScreenElement failed to locate UI element (Searching: ;[VisibleOnly]ControlType='Window' &amp;&amp; Name='Personal Lines' &amp;&amp; ClassName='#32770') (The object specified was not found.)
\0&lt;/a&gt;
E, 3504, 14, 2013/05/23, 19:11:08.219, 2930356836427, QTAgent32.exe, Playback - [IMAGE] C:\Users\testuser\AppData\Local\Temp\UITestLogs\LastRun\RPFDEAD.png
\0
W, 3504, 14, 2013/05/23, 19:11:08.219, 2930356838657, QTAgent32.exe, Playback - [WARNING] Internal warning: Couldn't find descendants that match QueryId
\0
W, 3504, 14, 2013/05/23, 19:11:26.217, 2930614540548, QTAgent32.exe, Playback - [WARNING] Internal warning: Window Not Found: [VisibleOnly]ControlType='Window' &amp;&amp; Name='Personal Lines' &amp;&amp; ClassName='#32770'
\0
E, 3504, 14, 2013/05/23, 19:11:26.218, 2930614546096, QTAgent32.exe, &lt;a class=failure&gt;Playback - {200} [FAILED] Function ElementFetcher::FindScreenElement failed to locate UI element (Searching: ;[VisibleOnly]ControlType='Window' &amp;&amp; Name='Personal Lines' &amp;&amp; ClassName='#32770') (The object specified was not found.)
\0&lt;/a&gt;
E, 3504, 14, 2013/05/23, 19:11:26.298, 2930615696620, QTAgent32.exe, Playback - [IMAGE] C:\Users\testuser\AppData\Local\Temp\UITestLogs\LastRun\RPF254E.png
\0
W, 3504, 14, 2013/05/23, 19:11:26.298, 2930615699131, QTAgent32.exe, Playback - [WARNING] Internal warning: Couldn't find descendants that match QueryId
\0
W, 3504, 14, 2013/05/23, 19:11:26.299, 2930615705083, QTAgent32.exe, PERF WARNING: FindTopLevelWindowHelper::FindAllDescendents: took 18079 ms. Expected it to take maximum 500 ms.
W, 3504, 14, 2013/05/23, 19:11:26.853, 2930623635631, QTAgent32.exe, Playback - [WARNING] Internal warning: Smart Match failed
\0
W, 3504, 14, 2013/05/23, 19:11:27.295, 2930629966739, QTAgent32.exe, Playback - [WARNING] Internal warning: Smart Match failed
\0
W, 3504, 14, 2013/05/23, 19:11:27.812, 2930637374062, QTAgent32.exe, Playback - [WARNING] Internal warning: Smart Match failed
\0
W, 3504, 14, 2013/05/23, 19:11:28.213, 2930643116386, QTAgent32.exe, Playback - [WARNING] Internal warning: Smart Match failed
\0
W, 3504, 14, 2013/05/23, 19:11:28.620, 2930648937407, QTAgent32.exe, Playback - [WARNING] Internal warning: Smart Match failed
\0
W, 3504, 14, 2013/05/23, 19:11:29.024, 2930654725206, QTAgent32.exe, Playback - [WARNING] Internal warning: Smart Match failed
\0
W, 3504, 14, 2013/05/23, 19:11:29.423, 2930660433027, QTAgent32.exe, Playback - [WARNING] Internal warning: Smart Match failed
\0
W, 3504, 14, 2013/05/23, 19:11:29.734, 2930664896383, QTAgent32.exe, Playback - [WARNING] Internal warning: Window Not Found: [VisibleOnly]ControlType='Window' &amp;&amp; Name='Personal Lines' &amp;&amp; ClassName='#32770'
\0
E, 3504, 14, 2013/05/23, 19:11:29.735, 2930664899693, QTAgent32.exe, &lt;a class=failure&gt;Playback - {201} [FAILED] Function ElementFetcher::FindScreenElement failed to locate UI element (Searching: ;[VisibleOnly]ControlType='Window' &amp;&amp; Name='Personal Lines' &amp;&amp; ClassName='#32770') (The object specified was not found.)
\0&lt;/a&gt;
E, 3504, 14, 2013/05/23, 19:11:29.815, 2930666052789, QTAgent32.exe, Playback - [IMAGE] C:\Users\testuser\AppData\Local\Temp\UITestLogs\LastRun\RPF3305.png
\0
W, 3504, 14, 2013/05/23, 19:11:29.815, 2930666054969, QTAgent32.exe, Playback - [WARNING] Internal warning: Couldn't find descendants that match QueryId
\0
W, 3504, 14, 2013/05/23, 19:11:29.816, 2930666058710, QTAgent32.exe, PERF WARNING: FindTopLevelWindowHelper::FindAllDescendents: took 3516 ms. Expected it to take maximum 500 ms.
E, 3504, 14, 2013/05/23, 19:11:29.816, 2930666061139, QTAgent32.exe, Exception: System.Runtime.InteropServices.COMException
	Message: Error HRESULT E_FAIL has been returned from a call to a COM component.
	Stack Trace:    at Microsoft.VisualStudio.TestTools.UITest.Playback.Engine.IRPFPlayback.FindAllScreenElements(IScreenElement pScreenElementStart, String bstrQueryId, Object&amp; pvarResKeys, Int32 cResKeys, Int32 nMaxDepth, Object[]&amp; foundDescendants)
   at Microsoft.VisualStudio.TestTools.UITest.Playback.ScreenElement.FindTopLevelWindowHelper(String queryId)
	BaseExceptionMessage: Error HRESULT E_FAIL has been returned from a call to a COM component.

E, 3504, 14, 2013/05/23, 19:11:29.816, 2930666067148, QTAgent32.exe, GetClassName for handle 5572100 failed
E, 3504, 14, 2013/05/23, 19:11:29.817, 2930666078018, QTAgent32.exe, Window 5572100 not responding. Last Win32 error 1400
E, 3504, 14, 2013/05/23, 19:11:29.817, 2930666079479, QTAgent32.exe, GetClassName for handle 5572100 failed
E, 3504, 14, 2013/05/23, 19:11:29.817, 2930666084099, QTAgent32.exe, GetClassName for handle 5244794 failed
E, 3504, 14, 2013/05/23, 19:11:29.818, 2930666099652, QTAgent32.exe, Window 5244794 not responding. Last Win32 error 1400
E, 3504, 14, 2013/05/23, 19:11:29.819, 2930666101712, QTAgent32.exe, GetClassName for handle 5244794 failed
E, 3504, 14, 2013/05/23, 19:11:29.919, 2930667541641, QTAgent32.exe, AL: Playback Error: Microsoft.VisualStudio.TestTools.UITest.Extension.UITestControlNotAvailableException: The control is not available or not valid. Additional Details: 
TechnologyName:  'MSAA'
ControlType:  'Button'
 ---&gt; Microsoft.VisualStudio.TestTools.UITest.Extension.UITestControlNotAvailableException: The control is not available or not valid. Additional Details: 
TechnologyName:  'MSAA'
ControlType:  'Window'
 ---&gt; System.Runtime.InteropServices.COMException: Error HRESULT E_FAIL has been returned from a call to a COM component.
   at Microsoft.VisualStudio.TestTools.UITest.Playback.Engine.IRPFPlayback.FindAllScreenElements(IScreenElement pScreenElementStart, String bstrQueryId, Object&amp; pvarResKeys, Int32 cResKeys, Int32 nMaxDepth, Object[]&amp; foundDescendants)
   at Microsoft.VisualStudio.TestTools.UITest.Playback.ScreenElement.FindTopLevelWindowHelper(String queryId)
   at Microsoft.VisualStudio.TestTools.UITest.Playback.ScreenElement.FindFromPartialQueryId(String queryId)
   at Microsoft.VisualStudio.TestTools.UITesting.UITestControl.EnsureValid(Boolean waitForReady, Boolean refetch)
   --- End of inner exception stack trace ---
   at Microsoft.VisualStudio.TestTools.UITesting.UITestControl.EnsureValid(Boolean waitForReady, Boolean refetch)
   at Microsoft.VisualStudio.TestTools.UITesting.UITestControl.FindFirstDescendant(String queryId, Int32 maxDepth, Int32&amp; timeLeft)
   at Microsoft.VisualStudio.TestTools.UITesting.UITestControl.FindFirstDescendant(String queryId)
   at Microsoft.VisualStudio.TestTools.UITesting.UITestControl.EnsureValid(Boolean waitForReady, Boolean refetch)
   --- End of inner exception stack trace ---
   at Microsoft.VisualStudio.TestTools.UITesting.UITestControl.EnsureValid(Boolean waitForReady, Boolean refetch)
   at Microsoft.VisualStudio.TestTools.UITesting.UITestControl.Click(MouseButtons button, ModifierKeys modifierKeys, Point relativeCoordinates)
   at Microsoft.VisualStudio.TestTools.UITesting.Mouse.ClickImplementation(UITestControl control, MouseButtons button, ModifierKeys modifierKeys, Point relativeCoordinate)
   at Microsoft.VisualStudio.TestTools.UITesting.Mouse.ClickImplementationWrapper(UITestControl control, MouseButtons button, ModifierKeys modifierKeys, Point relativeCoordinate)
W, 3504, 14, 2013/05/23, 19:11:29.919, 2930667544275, QTAgent32.exe, PlaybackErrorHandler: Ignoring exception as ContinueOnError is set.
W, 3504, 14, 2013/05/23, 19:11:30.105, 2930670199838, QTAgent32.exe, &lt;a class=success&gt;Playback - {202} [SUCCESS] MouseButtonClick - "[MSAA, VisibleOnly]ControlType='Button' &amp;&amp; Name='Filter...'"
\0&lt;/a&gt;
W, 3504, 14, 2013/05/23, 19:11:31.018, 2930683272957, QTAgent32.exe, &lt;a class=success&gt;Playback - {203} [SUCCESS] SendKeys "^{HOME}" - "[MSAA, VisibleOnly]ControlType='Edit'"
\0&lt;/a&gt;
E, 3504, 14, 2013/05/23, 19:11:31.018, 2930683276705, QTAgent32.exe, Msaa.GetFocusedElement: could not find accessible object of foreground window
W, 3504, 14, 2013/05/23, 19:11:31.088, 2930684282750, QTAgent32.exe, &lt;a class=success&gt;Playback - {204} [SUCCESS] SendKeys "^+{END}" - "[MSAA, VisibleOnly]ControlType='Edit'"
\0&lt;/a&gt;
E, 3504, 14, 2013/05/23, 19:11:31.088, 2930684286102, QTAgent32.exe, Msaa.GetFocusedElement: could not find accessible object of foreground window
W, 3504, 14, 2013/05/23, 19:11:31.104, 2930684507180, QTAgent32.exe, &lt;a class=success&gt;Playback - {205} [SUCCESS] SendKeys "{DELETE}" - "[MSAA, VisibleOnly]ControlType='Edit'"
\0&lt;/a&gt;
W, 3504, 14, 2013/05/23, 19:11:32.606, 2930706012175, QTAgent32.exe, &lt;a class=success&gt;Playback - {206} [SUCCESS] SetValueAsEditBox "30/05/13" - "[MSAA, VisibleOnly]ControlType='Edit'"  &lt; Set via SendKeys &gt;
\0&lt;/a&gt;
W, 3504, 14, 2013/05/23, 19:11:33.403, 2930717426986, QTAgent32.exe, &lt;a class=success&gt;Playback - {207} [SUCCESS] SendKeys "^{HOME}" - "[MSAA, VisibleOnly]ControlType='Edit'"
\0&lt;/a&gt;
E, 3504, 14, 2013/05/23, 19:11:33.403, 2930717430265, QTAgent32.exe, Msaa.GetFocusedElement: could not find accessible object of foreground window
W, 3504, 14, 2013/05/23, 19:11:33.477, 2930718480218, QTAgent32.exe, &lt;a class=success&gt;Playback - {208} [SUCCESS] SendKeys "^+{END}" - "[MSAA, VisibleOnly]ControlType='Edit'"
\0&lt;/a&gt;
E, 3504, 14, 2013/05/23, 19:11:33.477, 2930718484419, QTAgent32.exe, Msaa.GetFocusedElement: could not find accessible object of foreground window
W, 3504, 14, 2013/05/23, 19:11:33.492, 2930718703548, QTAgent32.exe, &lt;a class=success&gt;Playback - {209} [SUCCESS] SendKeys "{DELETE}" - "[MSAA, VisibleOnly]ControlType='Edit'"
\0&lt;/a&gt;
W, 3504, 14, 2013/05/23, 19:11:34.378, 2930731389958, QTAgent32.exe, &lt;a class=success&gt;Playback - {210} [SUCCESS] SetValueAsEditBox "30/05/13" - "[MSAA, VisibleOnly]ControlType='Edit'"  &lt; Set via SendKeys &gt;
\0&lt;/a&gt;
W, 3504, 14, 2013/05/23, 19:11:36.101, 2930756053900, QTAgent32.exe, Playback - [WARNING] Internal warning: Incorrect flag set for InvokeProgrammaticAction\0
W, 3504, 14, 2013/05/23, 19:11:36.222, 2930757786283, QTAgent32.exe, &lt;a class=success&gt;Playback - {211} [SUCCESS] SetValueAsComboBox "Household" - "[MSAA, VisibleOnly]ControlType='ComboBox'"  &lt; SetValueAsComboBox, set by clicking on the item in the list box &gt;
\0&lt;/a&gt;
W, 3504, 14, 2013/05/23, 19:11:36.471, 2930761356620, QTAgent32.exe, &lt;a class=success&gt;Playback - {212} [SUCCESS] MouseButtonClick - "[MSAA, VisibleOnly]ControlType='Button' &amp;&amp; Name='Ok'"
\0&lt;/a&gt;
W, 3504, 14, 2013/05/23, 19:11:36.724, 2930764979091, QTAgent32.exe, &lt;a class=success&gt;Playback - {213} [SUCCESS] MouseButtonClick - "[MSAA, VisibleOnly]ControlType='Client'"
\0&lt;/a&gt;
W, 3504, 14, 2013/05/23, 19:11:38.946, 2930796787011, QTAgent32.exe, &lt;a class=success&gt;Playback - {214} [SUCCESS] MouseButtonClick - "[MSAA, VisibleOnly]ControlType='Client'"
\0&lt;/a&gt;
W, 3504, 14, 2013/05/23, 19:11:39.772, 2930808610813, QTAgent32.exe, &lt;a class=success&gt;Playback - {215} [SUCCESS] SendKeys "{Home}" - "[MSAA, VisibleOnly]ControlType='Client'"
\0&lt;/a&gt;
W, 3504, 14, 2013/05/23, 19:11:40.017, 2930812125342, QTAgent32.exe, &lt;a class=success&gt;Playback - {216} [SUCCESS] MouseButtonClick - "[MSAA, VisibleOnly]ControlType='Button' &amp;&amp; Name='Display Record...'"
\0&lt;/a&gt;
W, 3504, 14, 2013/05/23, 19:11:40.461, 2930818486186, QTAgent32.exe, Playback - [WARNING] Internal warning: Window Not Found: [VisibleOnly]ControlType='Window' &amp;&amp; Name='AUTO225-1001' &amp;&amp; ClassName='ThunderRT6FormDC'
\0
E, 3504, 14, 2013/05/23, 19:11:40.462, 2930818489988, QTAgent32.exe, &lt;a class=failure&gt;Playback - {217} [FAILED] Function ElementFetcher::FindScreenElement failed to locate UI element (Searching: ;[VisibleOnly]ControlType='Window' &amp;&amp; Name='AUTO225-1001' &amp;&amp; ClassName='ThunderRT6FormDC') (The object specified was not found.)
\0&lt;/a&gt;
E, 3504, 14, 2013/05/23, 19:11:40.549, 2930819733347, QTAgent32.exe, Playback - [IMAGE] C:\Users\testuser\AppData\Local\Temp\UITestLogs\LastRun\RPF5CF3.png
\0
W, 3504, 14, 2013/05/23, 19:11:40.549, 2930819735846, QTAgent32.exe, Playback - [WARNING] Internal warning: Couldn't find descendants that match QueryId
\0
W, 3504, 14, 2013/05/23, 19:11:58.662, 2931079097506, QTAgent32.exe, Playback - [WARNING] Internal warning: Window Not Found: [VisibleOnly]ControlType='Window' &amp;&amp; Name='AUTO225-1001' &amp;&amp; ClassName='ThunderRT6FormDC'
\0
E, 3504, 14, 2013/05/23, 19:11:58.663, 2931079101567, QTAgent32.exe, &lt;a class=failure&gt;Playback - {218} [FAILED] Function ElementFetcher::FindScreenElement failed to locate UI element (Searching: ;[VisibleOnly]ControlType='Window' &amp;&amp; Name='AUTO225-1001' &amp;&amp; ClassName='ThunderRT6FormDC') (The object specified was not found.)
\0&lt;/a&gt;
E, 3504, 14, 2013/05/23, 19:11:58.752, 2931080379794, QTAgent32.exe, Playback - [IMAGE] C:\Users\testuser\AppData\Local\Temp\UITestLogs\LastRun\RPFA411.png
\0
W, 3504, 14, 2013/05/23, 19:11:58.752, 2931080382144, QTAgent32.exe, Playback - [WARNING] Internal warning: Couldn't find descendants that match QueryId
\0
W, 3504, 14, 2013/05/23, 19:11:58.753, 2931080386499, QTAgent32.exe, PERF WARNING: FindTopLevelWindowHelper::FindAllDescendents: took 18203 ms. Expected it to take maximum 500 ms.
W, 3504, 14, 2013/05/23, 19:11:59.512, 2931091254300, QTAgent32.exe, Playback - [WARNING] Internal warning: Window with Class "ThunderRT6FormDC" and Title "AUTO225-1001" was not found, so similar window with Class "ThunderRT6FormDC" and Title "AUTO205-1001" was accepted
\0
W, 3504, 14, 2013/05/23, 19:11:59.512, 2931091259293, QTAgent32.exe, PERF WARNING: FindTopLevelWindowHelper::FindAllDescendents: took 759 ms. Expected it to take maximum 500 ms.
W, 3504, 14, 2013/05/23, 19:11:59.649, 2931093212369, QTAgent32.exe, &lt;a class=success&gt;Playback - {219} [SUCCESS] MouseButtonClick - "[MSAA, VisibleOnly]ControlType='Button' &amp;&amp; Name='Amend Risk...'"
\0&lt;/a&gt;
W, 3504, 14, 2013/05/23, 19:12:02.052, 2931127628682, QTAgent32.exe, PERF WARNING: FindTopLevelWindowHelper::FindAllDescendents: took 2301 ms. Expected it to take maximum 500 ms.
W, 3504, 14, 2013/05/23, 19:12:02.818, 2931138599373, QTAgent32.exe, &lt;a class=success&gt;Playback - {220} [SUCCESS] SendKeys "^{HOME}" - "[MSAA, VisibleOnly]ControlType='Edit'"
\0&lt;/a&gt;
E, 3504, 14, 2013/05/23, 19:12:02.818, 2931138602501, QTAgent32.exe, Msaa.GetFocusedElement: could not find accessible object of foreground window
W, 3504, 14, 2013/05/23, 19:12:02.880, 2931139487198, QTAgent32.exe, &lt;a class=success&gt;Playback - {221} [SUCCESS] SendKeys "^+{END}" - "[MSAA, VisibleOnly]ControlType='Edit'"
\0&lt;/a&gt;
E, 3504, 14, 2013/05/23, 19:12:02.880, 2931139490323, QTAgent32.exe, Msaa.GetFocusedElement: could not find accessible object of foreground window
W, 3504, 14, 2013/05/23, 19:12:02.897, 2931139725131, QTAgent32.exe, &lt;a class=success&gt;Playback - {222} [SUCCESS] SendKeys "{DELETE}" - "[MSAA, VisibleOnly]ControlType='Edit'"
\0&lt;/a&gt;
W, 3504, 14, 2013/05/23, 19:12:03.856, 2931153449599, QTAgent32.exe, &lt;a class=success&gt;Playback - {223} [SUCCESS] SetValueAsEditBox "TestNew" - "[MSAA, VisibleOnly]ControlType='Edit'"  &lt; Set via SendKeys &gt;
\0&lt;/a&gt;
W, 3504, 14, 2013/05/23, 19:12:04.083, 2931156703226, QTAgent32.exe, &lt;a class=success&gt;Playback - {224} [SUCCESS] MouseButtonClick - "[MSAA, VisibleOnly]ControlType='Button' &amp;&amp; Name='Next &gt;'"
\0&lt;/a&gt;
W, 3504, 14, 2013/05/23, 19:12:04.317, 2931160052848, QTAgent32.exe, &lt;a class=success&gt;Playback - {225} [SUCCESS] MouseButtonClick - "[MSAA, VisibleOnly]ControlType='Button' &amp;&amp; Name='Next &gt;'"
\0&lt;/a&gt;
W, 3504, 14, 2013/05/23, 19:12:04.551, 2931163404852, QTAgent32.exe, &lt;a class=success&gt;Playback - {226} [SUCCESS] MouseButtonClick - "[MSAA, VisibleOnly]ControlType='Button' &amp;&amp; Name='Next &gt;'"
\0&lt;/a&gt;
W, 3504, 14, 2013/05/23, 19:12:04.786, 2931166767376, QTAgent32.exe, &lt;a class=success&gt;Playback - {227} [SUCCESS] MouseButtonClick - "[MSAA, VisibleOnly]ControlType='Button' &amp;&amp; Name='Next &gt;'"
\0&lt;/a&gt;
W, 3504, 14, 2013/05/23, 19:12:05.057, 2931170656342, QTAgent32.exe, &lt;a class=success&gt;Playback - {228} [SUCCESS] MouseButtonClick - "[MSAA, VisibleOnly]ControlType='Button' &amp;&amp; Name='Next &gt;'"
\0&lt;/a&gt;
W, 3504, 14, 2013/05/23, 19:12:05.299, 2931174110333, QTAgent32.exe, &lt;a class=success&gt;Playback - {229} [SUCCESS] MouseButtonClick - "[MSAA, VisibleOnly]ControlType='Button' &amp;&amp; Name='Next &gt;'"
\0&lt;/a&gt;
W, 3504, 14, 2013/05/23, 19:12:05.531, 2931177442493, QTAgent32.exe, &lt;a class=success&gt;Playback - {230} [SUCCESS] MouseButtonClick - "[MSAA, VisibleOnly]ControlType='Button' &amp;&amp; Name='Next &gt;'"
\0&lt;/a&gt;
W, 3504, 14, 2013/05/23, 19:12:05.905, 2931182797453, QTAgent32.exe, &lt;a class=success&gt;Playback - {231} [SUCCESS] MouseButtonClick - "[MSAA, VisibleOnly]ControlType='Button' &amp;&amp; Name='Quote'"
\0&lt;/a&gt;
W, 3504, 14, 2013/05/23, 19:12:06.164, 2931186510241, QTAgent32.exe, &lt;a class=success&gt;Playback - {232} [SUCCESS] MouseButtonClick - "[MSAA, VisibleOnly]ControlType='Button' &amp;&amp; Name='Proceed'"
\0&lt;/a&gt;
W, 3504, 14, 2013/05/23, 19:12:06.407, 2931189980595, QTAgent32.exe, &lt;a class=success&gt;Playback - {233} [SUCCESS] MouseButtonClick - "[MSAA, VisibleOnly]ControlType='Button' &amp;&amp; Name='Ok'"
\0&lt;/a&gt;
W, 3504, 14, 2013/05/23, 19:12:18.484, 2931362898958, QTAgent32.exe, PERF WARNING: FindTopLevelWindowHelper::FindAllDescendents: took 11940 ms. Expected it to take maximum 500 ms.
W, 3504, 14, 2013/05/23, 19:12:18.615, 2931364778563, QTAgent32.exe, &lt;a class=success&gt;Playback - {234} [SUCCESS] MouseButtonClick - "[MSAA, VisibleOnly]ControlType='Client'"
\0&lt;/a&gt;
W, 3504, 14, 2013/05/23, 19:12:20.578, 2931392883051, QTAgent32.exe, &lt;a class=success&gt;Playback - {235} [SUCCESS] SendKeys "{End}" - "[MSAA, VisibleOnly]ControlType='Client'"
\0&lt;/a&gt;
W, 3504, 14, 2013/05/23, 19:12:22.032, 2931413711253, QTAgent32.exe, &lt;a class=success&gt;Playback - {236} [SUCCESS] MouseButtonClick - "[MSAA, VisibleOnly]ControlType='Button' &amp;&amp; Name='Renew Policy'"
\0&lt;/a&gt;
W, 3504, 14, 2013/05/23, 19:12:24.279, 2931445876535, QTAgent32.exe, &lt;a class=success&gt;Playback - {237} [SUCCESS] MouseButtonClick - "[MSAA, VisibleOnly]ControlType='Button' &amp;&amp; Name='Yes'"
\0&lt;/a&gt;
W, 3504, 14, 2013/05/23, 19:12:26.381, 2931475982095, QTAgent32.exe, Playback - [WARNING] Internal warning: Window Not Found: [VisibleOnly]ControlType='Window' &amp;&amp; Name='Save the file as' &amp;&amp; ClassName='#32770'
\0
E, 3504, 14, 2013/05/23, 19:12:26.382, 2931475986470, QTAgent32.exe, &lt;a class=failure&gt;Playback - {238} [FAILED] Function ElementFetcher::FindScreenElement failed to locate UI element (Searching: ;[VisibleOnly]ControlType='Window' &amp;&amp; Name='Save the file as' &amp;&amp; ClassName='#32770') (The object specified was not found.)
\0&lt;/a&gt;
E, 3504, 14, 2013/05/23, 19:12:27.337, 2931489652347, QTAgent32.exe, Playback - [IMAGE] C:\Users\testuser\AppData\Local\Temp\UITestLogs\LastRun\RPF105C.png
\0
W, 3504, 14, 2013/05/23, 19:12:27.338, 2931489673733, QTAgent32.exe, Playback - [WARNING] Internal warning: Couldn't find descendants that match QueryId
\0
W, 3504, 14, 2013/05/23, 19:12:27.340, 2931489695149, QTAgent32.exe, PERF WARNING: FindTopLevelWindowHelper::FindAllDescendents: took 2900 ms. Expected it to take maximum 500 ms.
W, 3504, 14, 2013/05/23, 19:12:45.630, 2931751581119, QTAgent32.exe, Playback - [WARNING] Internal warning: Window Not Found: [VisibleOnly]ControlType='Window' &amp;&amp; Name='Save the file as' &amp;&amp; ClassName='#32770'
\0
E, 3504, 14, 2013/05/23, 19:12:45.630, 2931751590159, QTAgent32.exe, &lt;a class=failure&gt;Playback - {239} [FAILED] Function ElementFetcher::FindScreenElement failed to locate UI element (Searching: ;[VisibleOnly]ControlType='Window' &amp;&amp; Name='Save the file as' &amp;&amp; ClassName='#32770') (The object specified was not found.)
\0&lt;/a&gt;
E, 3504, 14, 2013/05/23, 19:12:45.807, 2931754120281, QTAgent32.exe, Playback - [IMAGE] C:\Users\testuser\AppData\Local\Temp\UITestLogs\LastRun\RPF5B80.png
\0
W, 3504, 14, 2013/05/23, 19:12:45.807, 2931754123021, QTAgent32.exe, Playback - [WARNING] Internal warning: Couldn't find descendants that match QueryId
\0
W, 3504, 14, 2013/05/23, 19:12:45.808, 2931754130550, QTAgent32.exe, PERF WARNING: FindTopLevelWindowHelper::FindAllDescendents: took 18452 ms. Expected it to take maximum 500 ms.
W, 3504, 14, 2013/05/23, 19:12:47.892, 2931783967499, QTAgent32.exe, Playback - [WARNING] Internal warning: Smart Match failed
\0
W, 3504, 14, 2013/05/23, 19:12:48.513, 2931792868761, QTAgent32.exe, Playback - [WARNING] Internal warning: Smart Match failed
\0
W, 3504, 14, 2013/05/23, 19:12:48.871, 2931797989919, QTAgent32.exe, Playback - [WARNING] Internal warning: Window Not Found: [VisibleOnly]ControlType='Window' &amp;&amp; Name='Save the file as' &amp;&amp; ClassName='#32770'
\0
E, 3504, 14, 2013/05/23, 19:12:48.871, 2931797993329, QTAgent32.exe, &lt;a class=failure&gt;Playback - {240} [FAILED] Function ElementFetcher::FindScreenElement failed to locate UI element (Searching: ;[VisibleOnly]ControlType='Window' &amp;&amp; Name='Save the file as' &amp;&amp; ClassName='#32770') (The object specified was not found.)
\0&lt;/a&gt;
E, 3504, 14, 2013/05/23, 19:12:48.964, 2931799320966, QTAgent32.exe, Playback - [IMAGE] C:\Users\testuser\AppData\Local\Temp\UITestLogs\LastRun\RPF682E.png
\0
W, 3504, 14, 2013/05/23, 19:12:48.964, 2931799323621, QTAgent32.exe, Playback - [WARNING] Internal warning: Couldn't find descendants that match QueryId
\0
W, 3504, 14, 2013/05/23, 19:12:48.964, 2931799326435, QTAgent32.exe, PERF WARNING: FindTopLevelWindowHelper::FindAllDescendents: took 3156 ms. Expected it to take maximum 500 ms.
E, 3504, 14, 2013/05/23, 19:12:48.964, 2931799328474, QTAgent32.exe, Exception: System.Runtime.InteropServices.COMException
	Message: Error HRESULT E_FAIL has been returned from a call to a COM component.
	Stack Trace:    at Microsoft.VisualStudio.TestTools.UITest.Playback.Engine.IRPFPlayback.FindAllScreenElements(IScreenElement pScreenElementStart, String bstrQueryId, Object&amp; pvarResKeys, Int32 cResKeys, Int32 nMaxDepth, Object[]&amp; foundDescendants)
   at Microsoft.VisualStudio.TestTools.UITest.Playback.ScreenElement.FindTopLevelWindowHelper(String queryId)
	BaseExceptionMessage: Error HRESULT E_FAIL has been returned from a call to a COM component.

E, 3504, 14, 2013/05/23, 19:12:49.068, 2931800807552, QTAgent32.exe, AL: Playback Error: Microsoft.VisualStudio.TestTools.UITest.Extension.UITestControlNotFoundException: The playback failed to find the control with the given search properties. Additional Details: 
TechnologyName:  'MSAA'
ControlType:  'Window'
Name:  'Save the file as'
ClassName:  '#32770'
 ---&gt; System.Runtime.InteropServices.COMException: Error HRESULT E_FAIL has been returned from a call to a COM component.
   at Microsoft.VisualStudio.TestTools.UITest.Playback.Engine.IRPFPlayback.FindAllScreenElements(IScreenElement pScreenElementStart, String bstrQueryId, Object&amp; pvarResKeys, Int32 cResKeys, Int32 nMaxDepth, Object[]&amp; foundDescendants)
   at Microsoft.VisualStudio.TestTools.UITest.Playback.ScreenElement.FindTopLevelWindowHelper(String queryId)
   at Microsoft.VisualStudio.TestTools.UITest.Playback.ScreenElement.FindFromPartialQueryId(String queryId)
   at Microsoft.VisualStudio.TestTools.UITesting.UITestControl..ctor(String queryId)
   --- End of inner exception stack trace ---
   at Microsoft.VisualStudio.TestTools.UITesting.Playback.MapControlNotFoundException(COMException ex, IPlaybackContext context)
   at Microsoft.VisualStudio.TestTools.UITesting.Playback.MapAndThrowComException(COMException innerException, IPlaybackContext context)
   at Microsoft.VisualStudio.TestTools.UITesting.Playback.MapAndThrowException(SystemException exception, IPlaybackContext context)
   at Microsoft.VisualStudio.TestTools.UITesting.Playback.MapAndThrowException(SystemException exception, String queryId)
   at Microsoft.VisualStudio.TestTools.UITesting.UITestControl..ctor(String queryId)
   at Microsoft.VisualStudio.TestTools.UITesting.SearchHelper.SearchTopLevelWindow(ISearchArgument topLevelSearchArg, String topLevelElementQueryId)
   at Microsoft.VisualStudio.TestTools.UITesting.SearchHelper.GetTitleUpdatedTopLevelWindow(ISearchArgument topLevelSearchArg, String queryId, IList`1 windowTitles)
   at Microsoft.VisualStudio.TestTools.UITesting.SearchHelper.GetTopLevelElement(Boolean useCache, Boolean useCacheOnly, ISearchArgument searchArg, IList`1 windowTitles, Int32&amp; timeLeft)
   at Microsoft.VisualStudio.TestTools.UITesting.SearchHelper.GetElement(Boolean useCache, ISearchArgument searchArg)
   at Microsoft.VisualStudio.TestTools.UITesting.SearchHelper.Search(ISearchArgument searchArg)
   at Microsoft.VisualStudio.TestTools.UITesting.UITestControl.FindInternal()
   at Microsoft.VisualStudio.TestTools.UITesting.UITestControl.FindControlIfNecessary()
   at Microsoft.VisualStudio.TestTools.UITesting.UITestControl.Click(MouseButtons button, ModifierKeys modifierKeys, Point relativeCoordinates)
   at Microsoft.VisualStudio.TestTools.UITesting.Mouse.ClickImplementation(UITestControl control, MouseButtons button, ModifierKeys modifierKeys, Point relativeCoordinate)
   at Microsoft.VisualStudio.TestTools.UITesting.Mouse.ClickImplementationWrapper(UITestControl control, MouseButtons button, ModifierKeys modifierKeys, Point relativeCoordinate)
W, 3504, 14, 2013/05/23, 19:12:49.068, 2931800811104, QTAgent32.exe, PlaybackErrorHandler: Ignoring exception as ContinueOnError is set.
W, 3504, 14, 2013/05/23, 19:12:49.419, 2931805836654, QTAgent32.exe, Playback - [WARNING] Internal warning: Window Not Found: [VisibleOnly]ControlType='Window' &amp;&amp; Name='Personal Lines' &amp;&amp; ClassName='#32770'
\0
E, 3504, 14, 2013/05/23, 19:12:49.419, 2931805839807, QTAgent32.exe, &lt;a class=failure&gt;Playback - {241} [FAILED] Function ElementFetcher::FindScreenElement failed to locate UI element (Searching: ;[VisibleOnly]ControlType='Window' &amp;&amp; Name='Personal Lines' &amp;&amp; ClassName='#32770') (The object specified was not found.)
\0&lt;/a&gt;
E, 3504, 14, 2013/05/23, 19:12:49.500, 2931806995092, QTAgent32.exe, Playback - [IMAGE] C:\Users\testuser\AppData\Local\Temp\UITestLogs\LastRun\RPF6A51.png
\0
W, 3504, 14, 2013/05/23, 19:12:49.500, 2931806997920, QTAgent32.exe, Playback - [WARNING] Internal warning: Couldn't find descendants that match QueryId
\0
W, 3504, 14, 2013/05/23, 19:13:07.635, 2932066658446, QTAgent32.exe, Playback - [WARNING] Internal warning: Window Not Found: [VisibleOnly]ControlType='Window' &amp;&amp; Name='Personal Lines' &amp;&amp; ClassName='#32770'
\0
E, 3504, 14, 2013/05/23, 19:13:07.636, 2932066665750, QTAgent32.exe, &lt;a class=failure&gt;Playback - {242} [FAILED] Function ElementFetcher::FindScreenElement failed to locate UI element (Searching: ;[VisibleOnly]ControlType='Window' &amp;&amp; Name='Personal Lines' &amp;&amp; ClassName='#32770') (The object specified was not found.)
\0&lt;/a&gt;
E, 3504, 14, 2013/05/23, 19:13:07.716, 2932067817215, QTAgent32.exe, Playback - [IMAGE] C:\Users\testuser\AppData\Local\Temp\UITestLogs\LastRun\RPFB17F.png
\0
W, 3504, 14, 2013/05/23, 19:13:07.716, 2932067819673, QTAgent32.exe, Playback - [WARNING] Internal warning: Couldn't find descendants that match QueryId
\0
W, 3504, 14, 2013/05/23, 19:13:07.717, 2932067827729, QTAgent32.exe, PERF WARNING: FindTopLevelWindowHelper::FindAllDescendents: took 18216 ms. Expected it to take maximum 500 ms.
W, 3504, 14, 2013/05/23, 19:13:08.166, 2932074263742, QTAgent32.exe, Playback - [WARNING] Internal warning: Smart Match failed
\0
W, 3504, 14, 2013/05/23, 19:13:08.675, 2932081541348, QTAgent32.exe, Playback - [WARNING] Internal warning: Smart Match failed
\0
W, 3504, 14, 2013/05/23, 19:13:09.131, 2932088070725, QTAgent32.exe, Playback - [WARNING] Internal warning: Smart Match failed
\0
W, 3504, 14, 2013/05/23, 19:13:09.612, 2932094965481, QTAgent32.exe, Playback - [WARNING] Internal warning: Smart Match failed
\0
W, 3504, 14, 2013/05/23, 19:13:10.042, 2932101118302, QTAgent32.exe, Playback - [WARNING] Internal warning: Smart Match failed
\0
W, 3504, 14, 2013/05/23, 19:13:10.468, 2932107217494, QTAgent32.exe, Playback - [WARNING] Internal warning: Smart Match failed
\0
W, 3504, 14, 2013/05/23, 19:13:10.776, 2932111632729, QTAgent32.exe, Playback - [WARNING] Internal warning: Window Not Found: [VisibleOnly]ControlType='Window' &amp;&amp; Name='Personal Lines' &amp;&amp; ClassName='#32770'
\0
E, 3504, 14, 2013/05/23, 19:13:10.777, 2932111635869, QTAgent32.exe, &lt;a class=failure&gt;Playback - {243} [FAILED] Function ElementFetcher::FindScreenElement failed to locate UI element (Searching: ;[VisibleOnly]ControlType='Window' &amp;&amp; Name='Personal Lines' &amp;&amp; ClassName='#32770') (The object specified was not found.)
\0&lt;/a&gt;
E, 3504, 14, 2013/05/23, 19:13:10.855, 2932112759852, QTAgent32.exe, Playback - [IMAGE] C:\Users\testuser\AppData\Local\Temp\UITestLogs\LastRun\RPFBDBF.png
\0
W, 3504, 14, 2013/05/23, 19:13:10.855, 2932112762254, QTAgent32.exe, Playback - [WARNING] Internal warning: Couldn't find descendants that match QueryId
\0
W, 3504, 14, 2013/05/23, 19:13:10.856, 2932112765801, QTAgent32.exe, PERF WARNING: FindTopLevelWindowHelper::FindAllDescendents: took 3138 ms. Expected it to take maximum 500 ms.
E, 3504, 14, 2013/05/23, 19:13:10.856, 2932112768112, QTAgent32.exe, Exception: System.Runtime.InteropServices.COMException
	Message: Error HRESULT E_FAIL has been returned from a call to a COM component.
	Stack Trace:    at Microsoft.VisualStudio.TestTools.UITest.Playback.Engine.IRPFPlayback.FindAllScreenElements(IScreenElement pScreenElementStart, String bstrQueryId, Object&amp; pvarResKeys, Int32 cResKeys, Int32 nMaxDepth, Object[]&amp; foundDescendants)
   at Microsoft.VisualStudio.TestTools.UITest.Playback.ScreenElement.FindTopLevelWindowHelper(String queryId)
	BaseExceptionMessage: Error HRESULT E_FAIL has been returned from a call to a COM component.

E, 3504, 14, 2013/05/23, 19:13:10.856, 2932112776152, QTAgent32.exe, Window 5572100 not responding. Last Win32 error 0
E, 3504, 14, 2013/05/23, 19:13:10.856, 2932112777772, QTAgent32.exe, GetClassName for handle 5572100 failed
E, 3504, 14, 2013/05/23, 19:13:10.857, 2932112786919, QTAgent32.exe, Window 5244794 not responding. Last Win32 error 1400
E, 3504, 14, 2013/05/23, 19:13:10.857, 2932112788642, QTAgent32.exe, GetClassName for handle 5244794 failed
E, 3504, 14, 2013/05/23, 19:13:10.958, 2932114225676, QTAgent32.exe, AL: Playback Error: Microsoft.VisualStudio.TestTools.UITest.Extension.UITestControlNotAvailableException: The control is not available or not valid. Additional Details: 
TechnologyName:  'MSAA'
ControlType:  'Button'
 ---&gt; Microsoft.VisualStudio.TestTools.UITest.Extension.UITestControlNotAvailableException: The control is not available or not valid. Additional Details: 
TechnologyName:  'MSAA'
ControlType:  'Window'
 ---&gt; System.Runtime.InteropServices.COMException: Error HRESULT E_FAIL has been returned from a call to a COM component.
   at Microsoft.VisualStudio.TestTools.UITest.Playback.Engine.IRPFPlayback.FindAllScreenElements(IScreenElement pScreenElementStart, String bstrQueryId, Object&amp; pvarResKeys, Int32 cResKeys, Int32 nMaxDepth, Object[]&amp; foundDescendants)
   at Microsoft.VisualStudio.TestTools.UITest.Playback.ScreenElement.FindTopLevelWindowHelper(String queryId)
   at Microsoft.VisualStudio.TestTools.UITest.Playback.ScreenElement.FindFromPartialQueryId(String queryId)
   at Microsoft.VisualStudio.TestTools.UITesting.UITestControl.EnsureValid(Boolean waitForReady, Boolean refetch)
   --- End of inner exception stack trace ---
   at Microsoft.VisualStudio.TestTools.UITesting.UITestControl.EnsureValid(Boolean waitForReady, Boolean refetch)
   at Microsoft.VisualStudio.TestTools.UITesting.UITestControl.FindFirstDescendant(String queryId, Int32 maxDepth, Int32&amp; timeLeft)
   at Microsoft.VisualStudio.TestTools.UITesting.UITestControl.FindFirstDescendant(String queryId)
   at Microsoft.VisualStudio.TestTools.UITesting.UITestControl.EnsureValid(Boolean waitForReady, Boolean refetch)
   --- End of inner exception stack trace ---
   at Microsoft.VisualStudio.TestTools.UITesting.UITestControl.EnsureValid(Boolean waitForReady, Boolean refetch)
   at Microsoft.VisualStudio.TestTools.UITesting.UITestControl.Click(MouseButtons button, ModifierKeys modifierKeys, Point relativeCoordinates)
   at Microsoft.VisualStudio.TestTools.UITesting.Mouse.ClickImplementation(UITestControl control, MouseButtons button, ModifierKeys modifierKeys, Point relativeCoordinate)
   at Microsoft.VisualStudio.TestTools.UITesting.Mouse.ClickImplementationWrapper(UITestControl control, MouseButtons button, ModifierKeys modifierKeys, Point relativeCoordinate)
W, 3504, 14, 2013/05/23, 19:13:10.958, 2932114228579, QTAgent32.exe, PlaybackErrorHandler: Ignoring exception as ContinueOnError is set.
W, 3504, 14, 2013/05/23, 19:13:11.309, 2932119253147, QTAgent32.exe, &lt;a class=success&gt;Playback - {244} [SUCCESS] MouseButtonClick - "[MSAA, VisibleOnly]ControlType='Button' &amp;&amp; Name='Ok'"
\0&lt;/a&gt;
W, 3504, 14, 2013/05/23, 19:13:23.274, 2932290577421, QTAgent32.exe, PERF WARNING: FindTopLevelWindowHelper::FindAllDescendents: took 11864 ms. Expected it to take maximum 500 ms.
W, 3504, 14, 2013/05/23, 19:13:25.394, 2932320930828, QTAgent32.exe, &lt;a class=success&gt;Playback - {245} [SUCCESS] MouseButtonClick - "[MSAA, VisibleOnly]ControlType='Button' &amp;&amp; Name='OK'"
\0&lt;/a&gt;
W, 3504, 14, 2013/05/23, 19:13:26.177, 2932332140916, QTAgent32.exe, PERF WARNING: FindTopLevelWindowHelper::FindAllDescendents: took 632 ms. Expected it to take maximum 500 ms.
W, 3504, 14, 2013/05/23, 19:13:26.327, 2932334294087, QTAgent32.exe, &lt;a class=success&gt;Playback - {246} [SUCCESS] Check - "[MSAA, VisibleOnly]ControlType='CheckBox' &amp;&amp; Name='Defer Printing?'"
\0&lt;/a&gt;
W, 3504, 14, 2013/05/23, 19:13:26.952, 2932343238578, QTAgent32.exe, &lt;a class=success&gt;Playback - {247} [SUCCESS] MouseButtonClick - "[MSAA, VisibleOnly]ControlType='Button' &amp;&amp; Name='Ok'"
\0&lt;/a&gt;
W, 3504, 14, 2013/05/23, 19:13:29.414, 2932378494830, QTAgent32.exe, &lt;a class=success&gt;Playback - {248} [SUCCESS] MouseButtonClick - "[MSAA, VisibleOnly]ControlType='Button' &amp;&amp; Name='OK'"
\0&lt;/a&gt;
W, 3504, 14, 2013/05/23, 19:15:38.024, 2934219958775, QTAgent32.exe, Playback - [WARNING] Internal warning: Window Not Found: [VisibleOnly]ControlType='Window' &amp;&amp; Name='Personal Lines' &amp;&amp; ClassName='#32770'
\0
E, 3504, 14, 2013/05/23, 19:15:38.026, 2934219975834, QTAgent32.exe, &lt;a class=failure&gt;Playback - {249} [FAILED] Function ElementFetcher::FindScreenElement failed to locate UI element (Searching: ;[VisibleOnly]ControlType='Window' &amp;&amp; Name='Personal Lines' &amp;&amp; ClassName='#32770') (The object specified was not found.)
\0&lt;/a&gt;
E, 3504, 14, 2013/05/23, 19:15:38.132, 2934221500173, QTAgent32.exe, Playback - [IMAGE] C:\Users\testuser\AppData\Local\Temp\UITestLogs\LastRun\RPFFCF1.png
\0
W, 3504, 14, 2013/05/23, 19:15:38.132, 2934221502681, QTAgent32.exe, Playback - [WARNING] Internal warning: Couldn't find descendants that match QueryId
\0
W, 3504, 14, 2013/05/23, 19:15:38.133, 2934221512141, QTAgent32.exe, PERF WARNING: FindTopLevelWindowHelper::FindAllDescendents: took 128579 ms. Expected it to take maximum 500 ms.
W, 3504, 14, 2013/05/23, 19:16:20.574, 2934829192970, QTAgent32.exe, Playback - [WARNING] Internal warning: Window Not Found: [VisibleOnly]ControlType='Window' &amp;&amp; Name='Personal Lines' &amp;&amp; ClassName='#32770'
\0
E, 3504, 14, 2013/05/23, 19:16:20.575, 2934829199548, QTAgent32.exe, &lt;a class=failure&gt;Playback - {250} [FAILED] Function ElementFetcher::FindScreenElement failed to locate UI element (Searching: ;[VisibleOnly]ControlType='Window' &amp;&amp; Name='Personal Lines' &amp;&amp; ClassName='#32770') (The object specified was not found.)
\0&lt;/a&gt;
E, 3504, 14, 2013/05/23, 19:16:20.667, 2934830521891, QTAgent32.exe, Playback - [IMAGE] C:\Users\testuser\AppData\Local\Temp\UITestLogs\LastRun\RPFA330.png
\0
W, 3504, 14, 2013/05/23, 19:16:20.667, 2934830524333, QTAgent32.exe, Playback - [WARNING] Internal warning: Couldn't find descendants that match QueryId
\0
W, 3504, 14, 2013/05/23, 19:16:20.668, 2934830530258, QTAgent32.exe, PERF WARNING: FindTopLevelWindowHelper::FindAllDescendents: took 42534 ms. Expected it to take maximum 500 ms.
W, 3504, 14, 2013/05/23, 19:17:03.136, 2935438600412, QTAgent32.exe, Playback - [WARNING] Internal warning: Window Not Found: [VisibleOnly]ControlType='Window' &amp;&amp; Name='Personal Lines' &amp;&amp; ClassName='#32770'
\0
E, 3504, 14, 2013/05/23, 19:17:03.136, 2935438605151, QTAgent32.exe, &lt;a class=failure&gt;Playback - {251} [FAILED] Function ElementFetcher::FindScreenElement failed to locate UI element (Searching: ;[VisibleOnly]ControlType='Window' &amp;&amp; Name='Personal Lines' &amp;&amp; ClassName='#32770') (The object specified was not found.)
\0&lt;/a&gt;
E, 3504, 14, 2013/05/23, 19:17:03.230, 2935439938922, QTAgent32.exe, Playback - [IMAGE] C:\Users\testuser\AppData\Local\Temp\UITestLogs\LastRun\RPF496E.png
\0
W, 3504, 14, 2013/05/23, 19:17:03.230, 2935439941223, QTAgent32.exe, Playback - [WARNING] Internal warning: Couldn't find descendants that match QueryId
\0
W, 3504, 14, 2013/05/23, 19:17:03.230, 2935439945197, QTAgent32.exe, PERF WARNING: FindTopLevelWindowHelper::FindAllDescendents: took 42561 ms. Expected it to take maximum 500 ms.
E, 3504, 14, 2013/05/23, 19:17:03.230, 2935439949013, QTAgent32.exe, Exception: System.Runtime.InteropServices.COMException
	Message: Error HRESULT E_FAIL has been returned from a call to a COM component.
	Stack Trace:    at Microsoft.VisualStudio.TestTools.UITest.Playback.Engine.IRPFPlayback.FindAllScreenElements(IScreenElement pScreenElementStart, String bstrQueryId, Object&amp; pvarResKeys, Int32 cResKeys, Int32 nMaxDepth, Object[]&amp; foundDescendants)
   at Microsoft.VisualStudio.TestTools.UITest.Playback.ScreenElement.FindTopLevelWindowHelper(String queryId)
	BaseExceptionMessage: Error HRESULT E_FAIL has been returned from a call to a COM component.

E, 3504, 14, 2013/05/23, 19:17:03.237, 2935440046909, QTAgent32.exe, GetClassName for handle 461468 failed
E, 3504, 14, 2013/05/23, 19:17:03.238, 2935440058865, QTAgent32.exe, Window 461468 not responding. Last Win32 error 1400
E, 3504, 14, 2013/05/23, 19:17:03.238, 2935440060362, QTAgent32.exe, GetClassName for handle 461468 failed
E, 3504, 14, 2013/05/23, 19:17:03.238, 2935440065083, QTAgent32.exe, GetClassName for handle 330410 failed
E, 3504, 14, 2013/05/23, 19:17:03.239, 2935440080349, QTAgent32.exe, Window 330410 not responding. Last Win32 error 1400
E, 3504, 14, 2013/05/23, 19:17:03.240, 2935440082277, QTAgent32.exe, GetClassName for handle 330410 failed
E, 3504, 14, 2013/05/23, 19:17:03.340, 2935441524631, QTAgent32.exe, AL: Playback Error: Microsoft.VisualStudio.TestTools.UITest.Extension.UITestControlNotAvailableException: The control is not available or not valid. Additional Details: 
TechnologyName:  'MSAA'
ControlType:  'Button'
 ---&gt; Microsoft.VisualStudio.TestTools.UITest.Extension.UITestControlNotAvailableException: The control is not available or not valid. Additional Details: 
TechnologyName:  'MSAA'
ControlType:  'Window'
 ---&gt; System.Runtime.InteropServices.COMException: Error HRESULT E_FAIL has been returned from a call to a COM component.
   at Microsoft.VisualStudio.TestTools.UITest.Playback.Engine.IRPFPlayback.FindAllScreenElements(IScreenElement pScreenElementStart, String bstrQueryId, Object&amp; pvarResKeys, Int32 cResKeys, Int32 nMaxDepth, Object[]&amp; foundDescendants)
   at Microsoft.VisualStudio.TestTools.UITest.Playback.ScreenElement.FindTopLevelWindowHelper(String queryId)
   at Microsoft.VisualStudio.TestTools.UITest.Playback.ScreenElement.FindFromPartialQueryId(String queryId)
   at Microsoft.VisualStudio.TestTools.UITesting.UITestControl.EnsureValid(Boolean waitForReady, Boolean refetch)
   --- End of inner exception stack trace ---
   at Microsoft.VisualStudio.TestTools.UITesting.UITestControl.EnsureValid(Boolean waitForReady, Boolean refetch)
   at Microsoft.VisualStudio.TestTools.UITesting.UITestControl.FindFirstDescendant(String queryId, Int32 maxDepth, Int32&amp; timeLeft)
   at Microsoft.VisualStudio.TestTools.UITesting.UITestControl.FindFirstDescendant(String queryId)
   at Microsoft.VisualStudio.TestTools.UITesting.UITestControl.EnsureValid(Boolean waitForReady, Boolean refetch)
   --- End of inner exception stack trace ---
   at Microsoft.VisualStudio.TestTools.UITesting.UITestControl.EnsureValid(Boolean waitForReady, Boolean refetch)
   at Microsoft.VisualStudio.TestTools.UITesting.UITestControl.Click(MouseButtons button, ModifierKeys modifierKeys, Point relativeCoordinates)
   at Microsoft.VisualStudio.TestTools.UITesting.Mouse.ClickImplementation(UITestControl control, MouseButtons button, ModifierKeys modifierKeys, Point relativeCoordinate)
   at Microsoft.VisualStudio.TestTools.UITesting.Mouse.ClickImplementationWrapper(UITestControl control, MouseButtons button, ModifierKeys modifierKeys, Point relativeCoordinate)
W, 3504, 14, 2013/05/23, 19:17:03.341, 2935441528057, QTAgent32.exe, PlaybackErrorHandler: Ignoring exception as ContinueOnError is set.
W, 3504, 14, 2013/05/23, 19:17:03.341, 2935441532737, QTAgent32.exe, Playback - [WARNING] Internal warning: Thread state based WFR - Requested element has invalid HWND
\0
W, 3504, 14, 2013/05/23, 19:17:03.341, 2935441533885, QTAgent32.exe, Playback - [WARNING] Internal warning: process performance counters based WFR - Requested element has invalid HWND
\0
E, 3504, 14, 2013/05/23, 19:17:03.341, 2935441537932, QTAgent32.exe, EnsureValid called via EnsureValid call for same element
E, 3504, 14, 2013/05/23, 19:17:03.341, 2935441540802, QTAgent32.exe, EnsureValid called via EnsureValid call for same element
E, 3504, 14, 2013/05/23, 19:17:03.348, 2935441635984, QTAgent32.exe, EnsureValid called via EnsureValid call for same element
E, 3504, 14, 2013/05/23, 19:17:03.349, 2935441643558, QTAgent32.exe, Window 1378856 not responding. Last Win32 error 0
E, 3504, 14, 2013/05/23, 19:17:03.349, 2935441644872, QTAgent32.exe, GetClassName for handle 1378856 failed
W, 3504, 14, 2013/05/23, 19:17:03.510, 2935443955546, QTAgent32.exe, &lt;a class=success&gt;Playback - {252} [SUCCESS] Uncheck - "[MSAA, VisibleOnly]ControlType='CheckBox' &amp;&amp; Name='Add Activity'"
\0&lt;/a&gt;
W, 3504, 14, 2013/05/23, 19:17:04.049, 2935451673592, QTAgent32.exe, &lt;a class=success&gt;Playback - {253} [SUCCESS] MouseButtonClick - "[MSAA, VisibleOnly]ControlType='Button' &amp;&amp; Name='Ok'"
\0&lt;/a&gt;
W, 3504, 14, 2013/05/23, 19:17:04.305, 2935455338620, QTAgent32.exe, &lt;a class=success&gt;Playback - {254} [SUCCESS] MouseButtonClick - "[MSAA, VisibleOnly]ControlType='Button' &amp;&amp; Name='Ok'"
\0&lt;/a&gt;
W, 3504, 14, 2013/05/23, 19:17:10.623, 2935545795887, QTAgent32.exe, PERF WARNING: FindTopLevelWindowHelper::FindAllDescendents: took 6217 ms. Expected it to take maximum 500 ms.
W, 3504, 14, 2013/05/23, 19:17:11.141, 2935553222628, QTAgent32.exe, &lt;a class=success&gt;Playback - {255} [SUCCESS] DoSelect - "[MSAA, VisibleOnly]ControlType='List'"
\0&lt;/a&gt;
W, 3504, 14, 2013/05/23, 19:17:12.906, 2935578494209, QTAgent32.exe, &lt;a class=success&gt;Playback - {256} [SUCCESS] MouseButtonClick - "[MSAA, VisibleOnly]ControlType='Button' &amp;&amp; Name='Ok'"
\0&lt;/a&gt;
W, 3504, 14, 2013/05/23, 19:17:15.202, 2935611358468, QTAgent32.exe, &lt;a class=success&gt;Playback - {257} [SUCCESS] MouseButtonClick - "[MSAA, VisibleOnly]ControlType='Button' &amp;&amp; Name='OK'"
\0&lt;/a&gt;
W, 3504, 14, 2013/05/23, 19:17:16.631, 2935631825024, QTAgent32.exe, PERF WARNING: FindTopLevelWindowHelper::FindAllDescendents: took 1329 ms. Expected it to take maximum 500 ms.
W, 3504, 14, 2013/05/23, 19:17:18.284, 2935655495596, QTAgent32.exe, &lt;a class=success&gt;Playback - {258} [SUCCESS] MouseButtonClick - "[MSAA, VisibleOnly]ControlType='Button' &amp;&amp; Name='OK'"
\0&lt;/a&gt;
W, 3504, 14, 2013/05/23, 19:17:20.945, 2935693598635, QTAgent32.exe, &lt;a class=success&gt;Playback - {259} [SUCCESS] MouseButtonClick - "[MSAA, VisibleOnly]ControlType='Button' &amp;&amp; Name='Exit'"
\0&lt;/a&gt;
W, 3504, 14, 2013/05/23, 19:17:21.196, 2935697194900, QTAgent32.exe, &lt;a class=success&gt;Playback - {260} [SUCCESS] MouseButtonClick - "[MSAA, VisibleOnly]ControlType='Button' &amp;&amp; Name='Yes'"
\0&lt;/a&gt;
W, 3504, 14, 2013/05/23, 19:17:21.495, 2935701476193, QTAgent32.exe, &lt;a class=success&gt;Playback - {261} [SUCCESS] MouseButtonClick - "[MSAA, VisibleOnly]ControlType='Button' &amp;&amp; Name='Cancel'"
\0&lt;/a&gt;
W, 3504, 14, 2013/05/23, 19:17:22.034, 2935709183886, QTAgent32.exe, &lt;a class=success&gt;Playback - {262} [SUCCESS] MouseButtonClick - "[MSAA, VisibleOnly]ControlType='Button'"
\0&lt;/a&gt;
W, 3504, 14, 2013/05/23, 19:17:22.272, 2935712596502, QTAgent32.exe, &lt;a class=success&gt;Playback - {263} [SUCCESS] MouseButtonClick - "[MSAA, VisibleOnly]ControlType='Button' &amp;&amp; Name='Detail'"
\0&lt;/a&gt;
W, 3504, 14, 2013/05/23, 19:17:22.847, 2935720828911, QTAgent32.exe, &lt;a class=success&gt;Playback - {264} [SUCCESS] MouseButtonClick - "[MSAA, VisibleOnly]ControlType='Button' &amp;&amp; Name='Cancel'"
\0&lt;/a&gt;
W, 3504, 14, 2013/05/23, 19:17:23.100, 2935724447108, QTAgent32.exe, &lt;a class=success&gt;Playback - {265} [SUCCESS] MouseButtonClick - "[MSAA, VisibleOnly]ControlType='Button' &amp;&amp; Name='Options'"
\0&lt;/a&gt;
W, 3504, 14, 2013/05/23, 19:17:23.201, 2935725889503, QTAgent32.exe, FindScreenElementInSinglePass : Attempting to find control in one pass of search. Failures can occur.
W, 3504, 14, 2013/05/23, 19:17:23.226, 2935726253467, QTAgent32.exe, Playback - [WARNING] Internal failure: Method GetBoundingRectangle failed (HRESULT = 0x1, "Incorrect function.") for Name = "Quote Select List" ," ControlType = "MenuItem"
\0
W, 3504, 14, 2013/05/23, 19:17:23.226, 2935726255466, QTAgent32.exe, Playback - [WARNING] Internal failure: Couldn't get clickable point for ScreenUIElement - GetClickablePoint failed
\0
W, 3504, 14, 2013/05/23, 19:17:23.235, 2935726383711, QTAgent32.exe, FindScreenElementInSinglePass : Attempting to find control in one pass of search. Failures can occur.
W, 3504, 14, 2013/05/23, 19:17:23.254, 2935726653484, QTAgent32.exe, FindScreenElementInSinglePass : Attempting to find control in one pass of search. Failures can occur.
W, 3504, 14, 2013/05/23, 19:17:23.385, 2935728533992, QTAgent32.exe, &lt;a class=success&gt;Playback - {266} [SUCCESS] LeftButtonClick - "[MSAA, VisibleOnly]ControlType='MenuBar' &amp;&amp; Name='Application'"  &lt; Mouse cursor location (960, 31) &gt;
\0&lt;/a&gt;
W, 3504, 14, 2013/05/23, 19:17:23.497, 2935730133540, QTAgent32.exe, &lt;a class=success&gt;Playback - {267} [SUCCESS] LeftButtonClick - "[MSAA]ControlType='MenuItem' &amp;&amp; Name='Options'"  &lt; Mouse cursor location (94, 31) &gt;
\0&lt;/a&gt;
W, 3504, 14, 2013/05/23, 19:17:23.931, 2935736353202, QTAgent32.exe, &lt;a class=success&gt;Playback - {268} [SUCCESS] LeftButtonClick - "[MSAA]ControlType='MenuItem' &amp;&amp; Name='Links'"  &lt; Mouse cursor location (174, 319) &gt;
\0&lt;/a&gt;
W, 3504, 14, 2013/05/23, 19:17:24.403, 2935743103479, QTAgent32.exe, &lt;a class=success&gt;Playback - {269} [SUCCESS] LeftButtonClick - "[MSAA]ControlType='MenuItem' &amp;&amp; Name='3rd Party Integration'"  &lt; Mouse cursor location (375, 319) &gt;
\0&lt;/a&gt;
W, 3504, 14, 2013/05/23, 19:17:24.885, 2935750002011, QTAgent32.exe, &lt;a class=success&gt;Playback - {270} [SUCCESS] MouseButtonClick - "[MSAA]ControlType='MenuItem' &amp;&amp; Name='Quote Select List'"
\0&lt;/a&gt;
W, 3504, 14, 2013/05/23, 19:17:26.533, 2935773594264, QTAgent32.exe, PERF WARNING: FindTopLevelWindowHelper::FindAllDescendents: took 1547 ms. Expected it to take maximum 500 ms.
W, 3504, 14, 2013/05/23, 19:17:26.970, 2935779857934, QTAgent32.exe, &lt;a class=success&gt;Playback - {271} [SUCCESS] MouseButtonClick - "[MSAA, VisibleOnly]ControlType='Button' &amp;&amp; Name='Ok'"
\0&lt;/a&gt;
W, 3504, 14, 2013/05/23, 19:17:30.125, 2935825030833, QTAgent32.exe, PERF WARNING: FindTopLevelWindowHelper::FindAllDescendents: took 3029 ms. Expected it to take maximum 500 ms.
W, 3504, 14, 2013/05/23, 19:17:30.871, 2935835718032, QTAgent32.exe, &lt;a class=success&gt;Playback - {272} [SUCCESS] MouseButtonClick - "[MSAA, VisibleOnly]ControlType='Button' &amp;&amp; Name='MTA'"
\0&lt;/a&gt;
W, 3504, 14, 2013/05/23, 19:17:32.023, 2935852208928, QTAgent32.exe, Playback - [WARNING] Internal warning: Incorrect flag set for InvokeProgrammaticAction\0
W, 3504, 14, 2013/05/23, 19:17:32.149, 2935854010488, QTAgent32.exe, &lt;a class=success&gt;Playback - {273} [SUCCESS] SetValueAsComboBox "General Adjustment" - "[MSAA, VisibleOnly]ControlType='ComboBox'"  &lt; SetValueAsComboBox, set by clicking on the item in the list box &gt;
\0&lt;/a&gt;
W, 3504, 14, 2013/05/23, 19:17:32.508, 2935859158055, QTAgent32.exe, &lt;a class=success&gt;Playback - {274} [SUCCESS] MouseButtonClick - "[MSAA, VisibleOnly]ControlType='Button' &amp;&amp; Name='OK'"
\0&lt;/a&gt;
W, 3504, 14, 2013/05/23, 19:17:32.609, 2935860605076, QTAgent32.exe, Playback - [WARNING] Internal warning: Thread state based WFR - Requested element has invalid HWND
\0
W, 3504, 14, 2013/05/23, 19:17:32.609, 2935860607336, QTAgent32.exe, Playback - [WARNING] Internal warning: process performance counters based WFR - Requested element has invalid HWND
\0
E, 3504, 14, 2013/05/23, 19:17:32.610, 2935860611907, QTAgent32.exe, EnsureValid called via EnsureValid call for same element
E, 3504, 14, 2013/05/23, 19:17:32.610, 2935860614787, QTAgent32.exe, EnsureValid called via EnsureValid call for same element
E, 3504, 14, 2013/05/23, 19:17:32.610, 2935860616728, QTAgent32.exe, EnsureValid called via EnsureValid call for same element
E, 3504, 14, 2013/05/23, 19:17:32.610, 2935860620736, QTAgent32.exe, Window 5179186 not responding. Last Win32 error 0
E, 3504, 14, 2013/05/23, 19:17:32.610, 2935860623147, QTAgent32.exe, GetClassName for handle 5179186 failed
W, 3504, 14, 2013/05/23, 19:17:33.172, 2935868667898, QTAgent32.exe, &lt;a class=success&gt;Playback - {275} [SUCCESS] SendKeys "^{HOME}" - "[MSAA, VisibleOnly]ControlType='Edit'"
\0&lt;/a&gt;
E, 3504, 14, 2013/05/23, 19:17:33.173, 2935868671630, QTAgent32.exe, Msaa.GetFocusedElement: could not find accessible object of foreground window
W, 3504, 14, 2013/05/23, 19:17:33.228, 2935869470600, QTAgent32.exe, &lt;a class=success&gt;Playback - {276} [SUCCESS] SendKeys "^+{END}" - "[MSAA, VisibleOnly]ControlType='Edit'"
\0&lt;/a&gt;
E, 3504, 14, 2013/05/23, 19:17:33.229, 2935869474149, QTAgent32.exe, Msaa.GetFocusedElement: could not find accessible object of foreground window
W, 3504, 14, 2013/05/23, 19:17:33.244, 2935869692867, QTAgent32.exe, &lt;a class=success&gt;Playback - {277} [SUCCESS] SendKeys "{DELETE}" - "[MSAA, VisibleOnly]ControlType='Edit'"
\0&lt;/a&gt;
W, 3504, 14, 2013/05/23, 19:17:33.898, 2935879066352, QTAgent32.exe, &lt;a class=success&gt;Playback - {278} [SUCCESS] SetValueAsEditBox "NewTest" - "[MSAA, VisibleOnly]ControlType='Edit'"  &lt; Set via SendKeys &gt;
\0&lt;/a&gt;
W, 3504, 14, 2013/05/23, 19:17:34.239, 2935883937946, QTAgent32.exe, &lt;a class=success&gt;Playback - {279} [SUCCESS] MouseButtonClick - "[MSAA, VisibleOnly]ControlType='Button' &amp;&amp; Name='Next &gt;'"
\0&lt;/a&gt;
W, 3504, 14, 2013/05/23, 19:17:34.540, 2935888243882, QTAgent32.exe, &lt;a class=success&gt;Playback - {280} [SUCCESS] MouseButtonClick - "[MSAA, VisibleOnly]ControlType='Button' &amp;&amp; Name='Next &gt;'"
\0&lt;/a&gt;
W, 3504, 14, 2013/05/23, 19:17:34.788, 2935891794324, QTAgent32.exe, &lt;a class=success&gt;Playback - {281} [SUCCESS] MouseButtonClick - "[MSAA, VisibleOnly]ControlType='Button' &amp;&amp; Name='Next &gt;'"
\0&lt;/a&gt;
W, 3504, 14, 2013/05/23, 19:17:35.013, 2935895015440, QTAgent32.exe, &lt;a class=success&gt;Playback - {282} [SUCCESS] MouseButtonClick - "[MSAA, VisibleOnly]ControlType='Button' &amp;&amp; Name='Next &gt;'"
\0&lt;/a&gt;
W, 3504, 14, 2013/05/23, 19:17:35.256, 2935898495755, QTAgent32.exe, &lt;a class=success&gt;Playback - {283} [SUCCESS] MouseButtonClick - "[MSAA, VisibleOnly]ControlType='Button' &amp;&amp; Name='Next &gt;'"
\0&lt;/a&gt;
W, 3504, 14, 2013/05/23, 19:17:35.501, 2935902002069, QTAgent32.exe, &lt;a class=success&gt;Playback - {284} [SUCCESS] MouseButtonClick - "[MSAA, VisibleOnly]ControlType='Button' &amp;&amp; Name='Next &gt;'"
\0&lt;/a&gt;
W, 3504, 14, 2013/05/23, 19:17:35.753, 2935905612685, QTAgent32.exe, &lt;a class=success&gt;Playback - {285} [SUCCESS] MouseButtonClick - "[MSAA, VisibleOnly]ControlType='Button' &amp;&amp; Name='Next &gt;'"
\0&lt;/a&gt;
W, 3504, 14, 2013/05/23, 19:17:36.191, 2935911890329, QTAgent32.exe, &lt;a class=success&gt;Playback - {286} [SUCCESS] MouseButtonClick - "[MSAA, VisibleOnly]ControlType='Button' &amp;&amp; Name='Quote'"
\0&lt;/a&gt;
W, 3504, 14, 2013/05/23, 19:17:36.866, 2935921550438, QTAgent32.exe, &lt;a class=success&gt;Playback - {287} [SUCCESS] SendKeys "^{HOME}" - "[MSAA, VisibleOnly]ControlType='Edit'"
\0&lt;/a&gt;
E, 3504, 14, 2013/05/23, 19:17:36.866, 2935921553716, QTAgent32.exe, Msaa.GetFocusedElement: could not find accessible object of foreground window
W, 3504, 14, 2013/05/23, 19:17:36.926, 2935922409883, QTAgent32.exe, &lt;a class=success&gt;Playback - {288} [SUCCESS] SendKeys "^+{END}" - "[MSAA, VisibleOnly]ControlType='Edit'"
\0&lt;/a&gt;
E, 3504, 14, 2013/05/23, 19:17:36.926, 2935922413215, QTAgent32.exe, Msaa.GetFocusedElement: could not find accessible object of foreground window
W, 3504, 14, 2013/05/23, 19:17:36.941, 2935922634302, QTAgent32.exe, &lt;a class=success&gt;Playback - {289} [SUCCESS] SendKeys "{DELETE}" - "[MSAA, VisibleOnly]ControlType='Edit'"
\0&lt;/a&gt;
W, 3504, 14, 2013/05/23, 19:17:37.614, 2935932269363, QTAgent32.exe, &lt;a class=success&gt;Playback - {290} [SUCCESS] SetValueAsEditBox "24/05/13" - "[MSAA, VisibleOnly]ControlType='Edit'"  &lt; Set via SendKeys &gt;
\0&lt;/a&gt;
W, 3504, 14, 2013/05/23, 19:17:37.855, 2935935715511, QTAgent32.exe, &lt;a class=success&gt;Playback - {291} [SUCCESS] MouseButtonClick - "[MSAA, VisibleOnly]ControlType='Button' &amp;&amp; Name='OK'"
\0&lt;/a&gt;
W, 3504, 14, 2013/05/23, 19:17:38.199, 2935940634376, QTAgent32.exe, &lt;a class=success&gt;Playback - {292} [SUCCESS] MouseButtonClick - "[MSAA, VisibleOnly]ControlType='Button' &amp;&amp; Name='OK'"
\0&lt;/a&gt;
W, 3504, 14, 2013/05/23, 19:17:38.823, 2935949567941, QTAgent32.exe, &lt;a class=success&gt;Playback - {293} [SUCCESS] SendKeys "^{HOME}" - "[MSAA, VisibleOnly]ControlType='Edit'"
\0&lt;/a&gt;
E, 3504, 14, 2013/05/23, 19:17:38.823, 2935949570810, QTAgent32.exe, Msaa.GetFocusedElement: could not find accessible object of foreground window
W, 3504, 14, 2013/05/23, 19:17:38.891, 2935950541738, QTAgent32.exe, &lt;a class=success&gt;Playback - {294} [SUCCESS] SendKeys "^+{END}" - "[MSAA, VisibleOnly]ControlType='Edit'"
\0&lt;/a&gt;
E, 3504, 14, 2013/05/23, 19:17:38.891, 2935950544613, QTAgent32.exe, Msaa.GetFocusedElement: could not find accessible object of foreground window
W, 3504, 14, 2013/05/23, 19:17:38.912, 2935950843441, QTAgent32.exe, &lt;a class=success&gt;Playback - {295} [SUCCESS] SendKeys "{DELETE}" - "[MSAA, VisibleOnly]ControlType='Edit'"
\0&lt;/a&gt;
W, 3504, 14, 2013/05/23, 19:17:39.536, 2935959782715, QTAgent32.exe, &lt;a class=success&gt;Playback - {296} [SUCCESS] SetValueAsEditBox "06/06/13" - "[MSAA, VisibleOnly]ControlType='Edit'"  &lt; Set via SendKeys &gt;
\0&lt;/a&gt;
W, 3504, 14, 2013/05/23, 19:17:39.756, 2935962933270, QTAgent32.exe, &lt;a class=success&gt;Playback - {297} [SUCCESS] MouseButtonClick - "[MSAA, VisibleOnly]ControlType='Button' &amp;&amp; Name='OK'"
\0&lt;/a&gt;
W, 3504, 14, 2013/05/23, 19:17:45.700, 2936048037749, QTAgent32.exe, PERF WARNING: FindTopLevelWindowHelper::FindAllDescendents: took 5830 ms. Expected it to take maximum 500 ms.
W, 3504, 14, 2013/05/23, 19:17:45.826, 2936049845685, QTAgent32.exe, &lt;a class=success&gt;Playback - {298} [SUCCESS] MouseButtonClick - "[MSAA, VisibleOnly]ControlType='Client'"
\0&lt;/a&gt;
W, 3504, 14, 2013/05/23, 19:17:46.507, 2936059598090, QTAgent32.exe, &lt;a class=success&gt;Playback - {299} [SUCCESS] SendKeys "{Home}" - "[MSAA, VisibleOnly]ControlType='Client'"
\0&lt;/a&gt;
W, 3504, 14, 2013/05/23, 19:17:46.748, 2936063050411, QTAgent32.exe, &lt;a class=success&gt;Playback - {300} [SUCCESS] MouseButtonClick - "[MSAA, VisibleOnly]ControlType='Button' &amp;&amp; Name='Accept'"
\0&lt;/a&gt;
W, 3504, 14, 2013/05/23, 19:17:47.058, 2936067485775, QTAgent32.exe, &lt;a class=success&gt;Playback - {301} [SUCCESS] MouseButtonClick - "[MSAA, VisibleOnly]ControlType='Button' &amp;&amp; Name='OK'"
\0&lt;/a&gt;
W, 3504, 14, 2013/05/23, 19:17:47.376, 2936072041532, QTAgent32.exe, &lt;a class=success&gt;Playback - {302} [SUCCESS] MouseButtonClick - "[MSAA, VisibleOnly]ControlType='Button' &amp;&amp; Name='Ok'"
\0&lt;/a&gt;
W, 3504, 14, 2013/05/23, 19:18:04.310, 2936314504381, QTAgent32.exe, PERF WARNING: FindTopLevelWindowHelper::FindAllDescendents: took 16834 ms. Expected it to take maximum 500 ms.
W, 3504, 14, 2013/05/23, 19:18:04.601, 2936318676775, QTAgent32.exe, &lt;a class=success&gt;Playback - {303} [SUCCESS] MouseButtonClick - "[MSAA, VisibleOnly]ControlType='Button' &amp;&amp; Name='OK'"
\0&lt;/a&gt;
W, 3504, 14, 2013/05/23, 19:18:04.702, 2936320113116, QTAgent32.exe, Playback - [WARNING] Internal warning: Thread state based WFR - Requested element has invalid HWND
\0
W, 3504, 14, 2013/05/23, 19:18:04.702, 2936320115499, QTAgent32.exe, Playback - [WARNING] Internal warning: process performance counters based WFR - Requested element has invalid HWND
\0
E, 3504, 14, 2013/05/23, 19:18:04.702, 2936320120155, QTAgent32.exe, EnsureValid called via EnsureValid call for same element
E, 3504, 14, 2013/05/23, 19:18:04.702, 2936320122944, QTAgent32.exe, EnsureValid called via EnsureValid call for same element
E, 3504, 14, 2013/05/23, 19:18:04.703, 2936320124976, QTAgent32.exe, EnsureValid called via EnsureValid call for same element
E, 3504, 14, 2013/05/23, 19:18:04.703, 2936320130476, QTAgent32.exe, Window 264808 not responding. Last Win32 error 0
E, 3504, 14, 2013/05/23, 19:18:04.703, 2936320134606, QTAgent32.exe, GetClassName for handle 264808 failed
W, 3504, 14, 2013/05/23, 19:18:04.842, 2936322116112, QTAgent32.exe, &lt;a class=success&gt;Playback - {304} [SUCCESS] Check - "[MSAA, VisibleOnly]ControlType='CheckBox' &amp;&amp; Name='Defer Printing?'"
\0&lt;/a&gt;
W, 3504, 14, 2013/05/23, 19:18:05.446, 2936330770119, QTAgent32.exe, &lt;a class=success&gt;Playback - {305} [SUCCESS] MouseButtonClick - "[MSAA, VisibleOnly]ControlType='Button' &amp;&amp; Name='Ok'"
\0&lt;/a&gt;
W, 3504, 14, 2013/05/23, 19:18:05.557, 2936332353674, QTAgent32.exe, Playback - [WARNING] Internal warning: Thread state based WFR - Requested element has invalid HWND
\0
W, 3504, 14, 2013/05/23, 19:18:05.558, 2936332361637, QTAgent32.exe, Playback - [WARNING] Internal warning: process performance counters based WFR - Requested element has invalid HWND
\0
E, 3504, 14, 2013/05/23, 19:18:05.559, 2936332382232, QTAgent32.exe, EnsureValid called via EnsureValid call for same element
E, 3504, 14, 2013/05/23, 19:18:05.571, 2936332547803, QTAgent32.exe, EnsureValid called via EnsureValid call for same element
E, 3504, 14, 2013/05/23, 19:18:05.571, 2936332549344, QTAgent32.exe, EnsureValid called via EnsureValid call for same element
E, 3504, 14, 2013/05/23, 19:18:05.574, 2936332600568, QTAgent32.exe, GetClassName for handle 133828 failed
E, 3504, 14, 2013/05/23, 19:18:05.575, 2936332616691, QTAgent32.exe, Window 133828 not responding. Last Win32 error 1400
E, 3504, 14, 2013/05/23, 19:18:05.576, 2936332618660, QTAgent32.exe, GetClassName for handle 133828 failed
W, 3504, 14, 2013/05/23, 19:18:06.259, 2936342399823, QTAgent32.exe, PERF WARNING: FindTopLevelWindowHelper::FindAllDescendents: took 682 ms. Expected it to take maximum 500 ms.
W, 3504, 14, 2013/05/23, 19:18:06.407, 2936344524221, QTAgent32.exe, &lt;a class=success&gt;Playback - {306} [SUCCESS] Uncheck - "[MSAA, VisibleOnly]ControlType='CheckBox' &amp;&amp; Name='Add Activity'"
\0&lt;/a&gt;
W, 3504, 14, 2013/05/23, 19:18:06.783, 2936349913883, QTAgent32.exe, &lt;a class=success&gt;Playback - {307} [SUCCESS] MouseButtonClick - "[MSAA, VisibleOnly]ControlType='Button' &amp;&amp; Name='Ok'"
\0&lt;/a&gt;
W, 3504, 14, 2013/05/23, 19:18:08.195, 2936370123627, QTAgent32.exe, PERF WARNING: FindTopLevelWindowHelper::FindAllDescendents: took 1311 ms. Expected it to take maximum 500 ms.
W, 3504, 14, 2013/05/23, 19:18:08.468, 2936374039004, QTAgent32.exe, &lt;a class=success&gt;Playback - {308} [SUCCESS] MouseButtonClick - "[MSAA, VisibleOnly]ControlType='Button' &amp;&amp; Name='OK'"
\0&lt;/a&gt;
W, 3504, 14, 2013/05/23, 19:18:09.880, 2936394252070, QTAgent32.exe, PERF WARNING: FindTopLevelWindowHelper::FindAllDescendents: took 1283 ms. Expected it to take maximum 500 ms.
W, 3504, 14, 2013/05/23, 19:18:10.019, 2936396248072, QTAgent32.exe, &lt;a class=success&gt;Playback - {309} [SUCCESS] MouseButtonClick - "[MSAA, VisibleOnly]ControlType='Button' &amp;&amp; Name='OK'"
\0&lt;/a&gt;
W, 3504, 14, 2013/05/23, 19:18:10.250, 2936399545348, QTAgent32.exe, &lt;a class=success&gt;Playback - {310} [SUCCESS] MouseButtonClick - "[MSAA, VisibleOnly]ControlType='Button' &amp;&amp; Name='Options'"
\0&lt;/a&gt;
W, 3504, 14, 2013/05/23, 19:18:10.350, 2936400983906, QTAgent32.exe, FindScreenElementInSinglePass : Attempting to find control in one pass of search. Failures can occur.
W, 3504, 14, 2013/05/23, 19:18:10.365, 2936401193458, QTAgent32.exe, Playback - [WARNING] Internal failure: Method GetBoundingRectangle failed (HRESULT = 0x1, "Incorrect function.") for Name = "Quote Select List" ," ControlType = "MenuItem"
\0
W, 3504, 14, 2013/05/23, 19:18:10.365, 2936401196166, QTAgent32.exe, Playback - [WARNING] Internal failure: Couldn't get clickable point for ScreenUIElement - GetClickablePoint failed
\0
W, 3504, 14, 2013/05/23, 19:18:10.365, 2936401200407, QTAgent32.exe, FindScreenElementInSinglePass : Attempting to find control in one pass of search. Failures can occur.
W, 3504, 14, 2013/05/23, 19:18:10.371, 2936401277978, QTAgent32.exe, FindScreenElementInSinglePass : Attempting to find control in one pass of search. Failures can occur.
W, 3504, 14, 2013/05/23, 19:18:10.495, 2936403055309, QTAgent32.exe, &lt;a class=success&gt;Playback - {311} [SUCCESS] LeftButtonClick - "[MSAA, VisibleOnly]ControlType='MenuBar' &amp;&amp; Name='Application'"  &lt; Mouse cursor location (960, 31) &gt;
\0&lt;/a&gt;
W, 3504, 14, 2013/05/23, 19:18:10.610, 2936404703338, QTAgent32.exe, &lt;a class=success&gt;Playback - {312} [SUCCESS] LeftButtonClick - "[MSAA]ControlType='MenuItem' &amp;&amp; Name='Options'"  &lt; Mouse cursor location (94, 31) &gt;
\0&lt;/a&gt;
W, 3504, 14, 2013/05/23, 19:18:10.948, 2936409548916, QTAgent32.exe, &lt;a class=success&gt;Playback - {313} [SUCCESS] LeftButtonClick - "[MSAA]ControlType='MenuItem' &amp;&amp; Name='Links'"  &lt; Mouse cursor location (174, 319) &gt;
\0&lt;/a&gt;
W, 3504, 14, 2013/05/23, 19:18:11.290, 2936414446624, QTAgent32.exe, &lt;a class=success&gt;Playback - {314} [SUCCESS] LeftButtonClick - "[MSAA]ControlType='MenuItem' &amp;&amp; Name='3rd Party Integration'"  &lt; Mouse cursor location (375, 319) &gt;
\0&lt;/a&gt;
W, 3504, 14, 2013/05/23, 19:18:11.622, 2936419195674, QTAgent32.exe, &lt;a class=success&gt;Playback - {315} [SUCCESS] MouseButtonClick - "[MSAA]ControlType='MenuItem' &amp;&amp; Name='Quote Select List'"
\0&lt;/a&gt;
W, 3504, 14, 2013/05/23, 19:18:13.077, 2936440033205, QTAgent32.exe, PERF WARNING: FindTopLevelWindowHelper::FindAllDescendents: took 1353 ms. Expected it to take maximum 500 ms.
W, 3504, 14, 2013/05/23, 19:18:13.221, 2936442097937, QTAgent32.exe, &lt;a class=success&gt;Playback - {316} [SUCCESS] MouseButtonClick - "[MSAA, VisibleOnly]ControlType='Button' &amp;&amp; Name='Ok'"
\0&lt;/a&gt;
W, 3504, 14, 2013/05/23, 19:18:16.117, 2936483551109, QTAgent32.exe, PERF WARNING: FindTopLevelWindowHelper::FindAllDescendents: took 2795 ms. Expected it to take maximum 500 ms.
W, 3504, 14, 2013/05/23, 19:18:16.407, 2936487713758, QTAgent32.exe, &lt;a class=success&gt;Playback - {317} [SUCCESS] MouseButtonClick - "[MSAA, VisibleOnly]ControlType='Button' &amp;&amp; Name='MTA'"
\0&lt;/a&gt;
W, 3504, 14, 2013/05/23, 19:18:16.512, 2936489218386, QTAgent32.exe, Playback - [WARNING] Internal warning: Thread state based WFR - Requested element has invalid HWND
\0
W, 3504, 14, 2013/05/23, 19:18:16.512, 2936489219975, QTAgent32.exe, Playback - [WARNING] Internal warning: process performance counters based WFR - Requested element has invalid HWND
\0
E, 3504, 14, 2013/05/23, 19:18:16.513, 2936489223102, QTAgent32.exe, EnsureValid called via EnsureValid call for same element
E, 3504, 14, 2013/05/23, 19:18:16.513, 2936489225077, QTAgent32.exe, EnsureValid called via EnsureValid call for same element
E, 3504, 14, 2013/05/23, 19:18:16.513, 2936489226239, QTAgent32.exe, EnsureValid called via EnsureValid call for same element
E, 3504, 14, 2013/05/23, 19:18:16.526, 2936489410850, QTAgent32.exe, Window 4916830 not responding. Last Win32 error 0
E, 3504, 14, 2013/05/23, 19:18:16.526, 2936489412325, QTAgent32.exe, GetClassName for handle 4916830 failed
W, 3504, 14, 2013/05/23, 19:18:17.424, 2936502261164, QTAgent32.exe, PERF WARNING: FindTopLevelWindowHelper::FindAllDescendents: took 897 ms. Expected it to take maximum 500 ms.
W, 3504, 14, 2013/05/23, 19:18:18.566, 2936518626998, QTAgent32.exe, Playback - [WARNING] Internal warning: Incorrect flag set for InvokeProgrammaticAction\0
W, 3504, 14, 2013/05/23, 19:18:18.689, 2936520378699, QTAgent32.exe, &lt;a class=success&gt;Playback - {318} [SUCCESS] SetValueAsComboBox "General Adjustment" - "[MSAA, VisibleOnly]ControlType='ComboBox'"  &lt; SetValueAsComboBox, set by clicking on the item in the list box &gt;
\0&lt;/a&gt;
W, 3504, 14, 2013/05/23, 19:18:19.005, 2936524905013, QTAgent32.exe, &lt;a class=success&gt;Playback - {319} [SUCCESS] MouseButtonClick - "[MSAA, VisibleOnly]ControlType='Button' &amp;&amp; Name='OK'"
\0&lt;/a&gt;
W, 3504, 14, 2013/05/23, 19:18:19.147, 2936526937356, QTAgent32.exe, Playback - [WARNING] Internal warning: Thread state based WFR - Requested element has invalid HWND
\0
W, 3504, 14, 2013/05/23, 19:18:19.147, 2936526940072, QTAgent32.exe, Playback - [WARNING] Internal warning: process performance counters based WFR - Requested element has invalid HWND
\0
E, 3504, 14, 2013/05/23, 19:18:19.147, 2936526944254, QTAgent32.exe, EnsureValid called via EnsureValid call for same element
E, 3504, 14, 2013/05/23, 19:18:19.147, 2936526947012, QTAgent32.exe, EnsureValid called via EnsureValid call for same element
E, 3504, 14, 2013/05/23, 19:18:19.148, 2936526948997, QTAgent32.exe, EnsureValid called via EnsureValid call for same element
E, 3504, 14, 2013/05/23, 19:18:19.162, 2936527152578, QTAgent32.exe, GetClassName for handle 5441022 failed
E, 3504, 14, 2013/05/23, 19:18:19.162, 2936527160743, QTAgent32.exe, GetClassName for handle 5441022 failed
E, 3504, 14, 2013/05/23, 19:18:19.195, 2936527628933, QTAgent32.exe, Exception: System.Runtime.InteropServices.COMException
	Message: Error HRESULT E_FAIL has been returned from a call to a COM component.
	Stack Trace:    at Accessibility.IAccessible.get_accState(Object varChild)
   at Microsoft.VisualStudio.TestTools.UITest.Extension.Msaa.AccWrapper.get_State()
	BaseExceptionMessage: Error HRESULT E_FAIL has been returned from a call to a COM component.

E, 3504, 14, 2013/05/23, 19:18:19.206, 2936527778251, QTAgent32.exe, Exception: System.Runtime.InteropServices.COMException
	Message: Error HRESULT E_FAIL has been returned from a call to a COM component.
	Stack Trace:    at Accessibility.IAccessible.get_accState(Object varChild)
   at Microsoft.VisualStudio.TestTools.UITest.Extension.Msaa.AccWrapper.get_State()
	BaseExceptionMessage: Error HRESULT E_FAIL has been returned from a call to a COM component.

E, 3504, 14, 2013/05/23, 19:18:19.206, 2936527784165, QTAgent32.exe, Exception: System.Runtime.InteropServices.COMException
	Message: Error HRESULT E_FAIL has been returned from a call to a COM component.
	Stack Trace:    at Accessibility.IAccessible.get_accState(Object varChild)
   at Microsoft.VisualStudio.TestTools.UITest.Extension.Msaa.AccWrapper.get_State()
	BaseExceptionMessage: Error HRESULT E_FAIL has been returned from a call to a COM component.

E, 3504, 14, 2013/05/23, 19:18:19.206, 2936527789753, QTAgent32.exe, Exception: System.Runtime.InteropServices.COMException
	Message: Error HRESULT E_FAIL has been returned from a call to a COM component.
	Stack Trace:    at Accessibility.IAccessible.get_accState(Object varChild)
   at Microsoft.VisualStudio.TestTools.UITest.Extension.Msaa.AccWrapper.get_State()
	BaseExceptionMessage: Error HRESULT E_FAIL has been returned from a call to a COM component.

E, 3504, 14, 2013/05/23, 19:18:19.207, 2936527795107, QTAgent32.exe, Exception: System.Runtime.InteropServices.COMException
	Message: Error HRESULT E_FAIL has been returned from a call to a COM component.
	Stack Trace:    at Accessibility.IAccessible.get_accState(Object varChild)
   at Microsoft.VisualStudio.TestTools.UITest.Extension.Msaa.AccWrapper.get_State()
	BaseExceptionMessage: Error HRESULT E_FAIL has been returned from a call to a COM component.

E, 3504, 14, 2013/05/23, 19:18:19.207, 2936527800437, QTAgent32.exe, Exception: System.Runtime.InteropServices.COMException
	Message: Error HRESULT E_FAIL has been returned from a call to a COM component.
	Stack Trace:    at Accessibility.IAccessible.get_accState(Object varChild)
   at Microsoft.VisualStudio.TestTools.UITest.Extension.Msaa.AccWrapper.get_State()
	BaseExceptionMessage: Error HRESULT E_FAIL has been returned from a call to a COM component.

E, 3504, 14, 2013/05/23, 19:18:19.207, 2936527805514, QTAgent32.exe, Exception: System.Runtime.InteropServices.COMException
	Message: Error HRESULT E_FAIL has been returned from a call to a COM component.
	Stack Trace:    at Accessibility.IAccessible.get_accState(Object varChild)
   at Microsoft.VisualStudio.TestTools.UITest.Extension.Msaa.AccWrapper.get_State()
	BaseExceptionMessage: Error HRESULT E_FAIL has been returned from a call to a COM component.

W, 3504, 14, 2013/05/23, 19:18:19.364, 2936530046649, QTAgent32.exe, Msaa.Navigate: Exception [Error HRESULT E_FAIL has been returned from a call to a COM component.] while calling accNavigate.
E, 3504, 14, 2013/05/23, 19:18:19.364, 2936530048662, QTAgent32.exe, GetClassName for handle 4983050 failed
E, 3504, 14, 2013/05/23, 19:18:19.364, 2936530049457, QTAgent32.exe, Window 4983050 not responding. Last Win32 error 1400
E, 3504, 14, 2013/05/23, 19:18:19.364, 2936530051666, QTAgent32.exe, GetClassName for handle 5441022 failed
W, 3504, 14, 2013/05/23, 19:18:20.015, 2936539372771, QTAgent32.exe, &lt;a class=success&gt;Playback - {320} [SUCCESS] SendKeys "^{HOME}" - "[MSAA, VisibleOnly]ControlType='Edit'"
\0&lt;/a&gt;
E, 3504, 14, 2013/05/23, 19:18:20.015, 2936539376616, QTAgent32.exe, Msaa.GetFocusedElement: could not find accessible object of foreground window
W, 3504, 14, 2013/05/23, 19:18:20.076, 2936540240665, QTAgent32.exe, &lt;a class=success&gt;Playback - {321} [SUCCESS] SendKeys "^+{END}" - "[MSAA, VisibleOnly]ControlType='Edit'"
\0&lt;/a&gt;
E, 3504, 14, 2013/05/23, 19:18:20.076, 2936540243981, QTAgent32.exe, Msaa.GetFocusedElement: could not find accessible object of foreground window
W, 3504, 14, 2013/05/23, 19:18:20.091, 2936540463019, QTAgent32.exe, &lt;a class=success&gt;Playback - {322} [SUCCESS] SendKeys "{DELETE}" - "[MSAA, VisibleOnly]ControlType='Edit'"
\0&lt;/a&gt;
W, 3504, 14, 2013/05/23, 19:18:20.694, 2936549089961, QTAgent32.exe, &lt;a class=success&gt;Playback - {323} [SUCCESS] SetValueAsEditBox "NewTest" - "[MSAA, VisibleOnly]ControlType='Edit'"  &lt; Set via SendKeys &gt;
\0&lt;/a&gt;
W, 3504, 14, 2013/05/23, 19:18:20.936, 2936552561185, QTAgent32.exe, &lt;a class=success&gt;Playback - {324} [SUCCESS] MouseButtonClick - "[MSAA, VisibleOnly]ControlType='Button' &amp;&amp; Name='Next &gt;'"
\0&lt;/a&gt;
W, 3504, 14, 2013/05/23, 19:18:21.179, 2936556037696, QTAgent32.exe, &lt;a class=success&gt;Playback - {325} [SUCCESS] MouseButtonClick - "[MSAA, VisibleOnly]ControlType='Button' &amp;&amp; Name='Next &gt;'"
\0&lt;/a&gt;
W, 3504, 14, 2013/05/23, 19:18:21.404, 2936559248220, QTAgent32.exe, &lt;a class=success&gt;Playback - {326} [SUCCESS] MouseButtonClick - "[MSAA, VisibleOnly]ControlType='Button' &amp;&amp; Name='Next &gt;'"
\0&lt;/a&gt;
W, 3504, 14, 2013/05/23, 19:18:21.774, 2936564548467, QTAgent32.exe, &lt;a class=success&gt;Playback - {327} [SUCCESS] MouseButtonClick - "[MSAA, VisibleOnly]ControlType='Button' &amp;&amp; Name='Next &gt;'"
\0&lt;/a&gt;
W, 3504, 14, 2013/05/23, 19:18:22.026, 2936568155375, QTAgent32.exe, &lt;a class=success&gt;Playback - {328} [SUCCESS] MouseButtonClick - "[MSAA, VisibleOnly]ControlType='Button' &amp;&amp; Name='Next &gt;'"
\0&lt;/a&gt;
W, 3504, 14, 2013/05/23, 19:18:22.266, 2936571603428, QTAgent32.exe, &lt;a class=success&gt;Playback - {329} [SUCCESS] MouseButtonClick - "[MSAA, VisibleOnly]ControlType='Button' &amp;&amp; Name='Next &gt;'"
\0&lt;/a&gt;
W, 3504, 14, 2013/05/23, 19:18:22.521, 2936575248345, QTAgent32.exe, &lt;a class=success&gt;Playback - {330} [SUCCESS] MouseButtonClick - "[MSAA, VisibleOnly]ControlType='Button' &amp;&amp; Name='Next &gt;'"
\0&lt;/a&gt;
W, 3504, 14, 2013/05/23, 19:18:23.047, 2936582779333, QTAgent32.exe, &lt;a class=success&gt;Playback - {331} [SUCCESS] MouseButtonClick - "[MSAA, VisibleOnly]ControlType='Button' &amp;&amp; Name='Quote'"
\0&lt;/a&gt;
W, 3504, 14, 2013/05/23, 19:18:23.147, 2936584216220, QTAgent32.exe, Playback - [WARNING] Internal warning: Thread state based WFR - Requested element has invalid HWND
\0
W, 3504, 14, 2013/05/23, 19:18:23.147, 2936584218473, QTAgent32.exe, Playback - [WARNING] Internal warning: process performance counters based WFR - Requested element has invalid HWND
\0
E, 3504, 14, 2013/05/23, 19:18:23.148, 2936584222192, QTAgent32.exe, EnsureValid called via EnsureValid call for same element
E, 3504, 14, 2013/05/23, 19:18:23.148, 2936584224957, QTAgent32.exe, EnsureValid called via EnsureValid call for same element
E, 3504, 14, 2013/05/23, 19:18:23.148, 2936584226500, QTAgent32.exe, EnsureValid called via EnsureValid call for same element
E, 3504, 14, 2013/05/23, 19:18:23.155, 2936584330744, QTAgent32.exe, Window 1640982 not responding. Last Win32 error 0
E, 3504, 14, 2013/05/23, 19:18:23.155, 2936584333543, QTAgent32.exe, GetClassName for handle 1640982 failed
W, 3504, 14, 2013/05/23, 19:18:23.720, 2936592415199, QTAgent32.exe, &lt;a class=success&gt;Playback - {332} [SUCCESS] SendKeys "^{HOME}" - "[MSAA, VisibleOnly]ControlType='Edit'"
\0&lt;/a&gt;
E, 3504, 14, 2013/05/23, 19:18:23.720, 2936592418972, QTAgent32.exe, Msaa.GetFocusedElement: could not find accessible object of foreground window
W, 3504, 14, 2013/05/23, 19:18:23.788, 2936593388436, QTAgent32.exe, &lt;a class=success&gt;Playback - {333} [SUCCESS] SendKeys "^+{END}" - "[MSAA, VisibleOnly]ControlType='Edit'"
\0&lt;/a&gt;
E, 3504, 14, 2013/05/23, 19:18:23.788, 2936593391717, QTAgent32.exe, Msaa.GetFocusedElement: could not find accessible object of foreground window
W, 3504, 14, 2013/05/23, 19:18:23.803, 2936593611547, QTAgent32.exe, &lt;a class=success&gt;Playback - {334} [SUCCESS] SendKeys "{DELETE}" - "[MSAA, VisibleOnly]ControlType='Edit'"
\0&lt;/a&gt;
W, 3504, 14, 2013/05/23, 19:18:24.414, 2936602352748, QTAgent32.exe, &lt;a class=success&gt;Playback - {335} [SUCCESS] SetValueAsEditBox "05/06/13" - "[MSAA, VisibleOnly]ControlType='Edit'"  &lt; Set via SendKeys &gt;
\0&lt;/a&gt;
W, 3504, 14, 2013/05/23, 19:18:24.665, 2936605949758, QTAgent32.exe, &lt;a class=success&gt;Playback - {336} [SUCCESS] MouseButtonClick - "[MSAA, VisibleOnly]ControlType='Button' &amp;&amp; Name='OK'"
\0&lt;/a&gt;
W, 3504, 14, 2013/05/23, 19:18:24.922, 2936609634024, QTAgent32.exe, &lt;a class=success&gt;Playback - {337} [SUCCESS] MouseButtonClick - "[MSAA, VisibleOnly]ControlType='Button' &amp;&amp; Name='OK'"
\0&lt;/a&gt;
W, 3504, 14, 2013/05/23, 19:18:25.173, 2936613213051, QTAgent32.exe, &lt;a class=success&gt;Playback - {338} [SUCCESS] MouseButtonClick - "[MSAA, VisibleOnly]ControlType='Button' &amp;&amp; Name='Cancel'"
\0&lt;/a&gt;
W, 3504, 14, 2013/05/23, 19:18:25.423, 2936616797225, QTAgent32.exe, &lt;a class=success&gt;Playback - {339} [SUCCESS] MouseButtonClick - "[MSAA, VisibleOnly]ControlType='Button' &amp;&amp; Name='Cancel'"
\0&lt;/a&gt;
W, 3504, 14, 2013/05/23, 19:18:25.801, 2936622204687, QTAgent32.exe, &lt;a class=success&gt;Playback - {340} [SUCCESS] MouseButtonClick - "[MSAA, VisibleOnly]ControlType='Button' &amp;&amp; Name='Yes'"
\0&lt;/a&gt;
W, 3504, 14, 2013/05/23, 19:18:28.085, 2936654920812, QTAgent32.exe, &lt;a class=success&gt;Playback - {341} [SUCCESS] MouseButtonClick - "[MSAA, VisibleOnly]ControlType='Button' &amp;&amp; Name='OK'"
\0&lt;/a&gt;
W, 3504, 14, 2013/05/23, 19:18:31.262, 2936700400821, QTAgent32.exe, IEDOM : StopSession of the plugin called before StartSession
W, 3504, 14, 2013/05/23, 19:18:31.262, 2936700403890, QTAgent32.exe, UIA : StopSession of the plugin called before StartSession
</DebugTrace>
      </Output>
    </UnitTestResult>
    <UnitTestResult executionId="b22eb01c-c86b-466e-8ddf-a740778bfd70" testId="1f8782a3-4d48-8c5d-f81c-c88ed9c281c4" testName="HouseRebrokeRenewCurrent" computerName="ICLVDEVTM02" duration="00:10:16.5049121" startTime="2013-05-23T19:18:31.5128063+01:00" endTime="2013-05-23T19:28:48.7756888+01:00" testType="13cdc9d9-ddb5-4fa4-a97d-d965ccfc6d4b" outcome="Passed" testListId="8c84fa94-04c1-424b-9868-57a2d4851a1d" relativeResultsDirectory="b22eb01c-c86b-466e-8ddf-a740778bfd70">
      <Output>
        <DebugTrace>W, 3504, 17, 2013/05/23, 19:18:38.003, 2936796921126, QTAgent32.exe, &lt;a class=success&gt;Playback - {1} [SUCCESS] MouseButtonClick - "[MSAA, VisibleOnly]ControlType='Edit'"
\0&lt;/a&gt;
W, 3504, 17, 2013/05/23, 19:18:38.381, 2936802329161, QTAgent32.exe, &lt;a class=success&gt;Playback - {2} [SUCCESS] SendKeys "[*]" - "[MSAA, VisibleOnly]ControlType='Edit'"
\0&lt;/a&gt;
W, 3504, 17, 2013/05/23, 19:18:39.220, 2936814347466, QTAgent32.exe, &lt;a class=success&gt;Playback - {3} [SUCCESS] MouseButtonClick - "[MSAA, VisibleOnly]ControlType='Button' &amp;&amp; Name='OK'"
\0&lt;/a&gt;
W, 3504, 17, 2013/05/23, 19:18:39.743, 2936821835366, QTAgent32.exe, &lt;a class=success&gt;Playback - {4} [SUCCESS] SendKeys "^{HOME}" - "[MSAA, VisibleOnly]ControlType='Edit'"
\0&lt;/a&gt;
E, 3504, 17, 2013/05/23, 19:18:39.743, 2936821838518, QTAgent32.exe, Msaa.GetFocusedElement: could not find accessible object of foreground window
W, 3504, 17, 2013/05/23, 19:18:39.808, 2936822766403, QTAgent32.exe, &lt;a class=success&gt;Playback - {5} [SUCCESS] SendKeys "^+{END}" - "[MSAA, VisibleOnly]ControlType='Edit'"
\0&lt;/a&gt;
E, 3504, 17, 2013/05/23, 19:18:39.808, 2936822769134, QTAgent32.exe, Msaa.GetFocusedElement: could not find accessible object of foreground window
W, 3504, 17, 2013/05/23, 19:18:39.835, 2936823162476, QTAgent32.exe, &lt;a class=success&gt;Playback - {6} [SUCCESS] SendKeys "{DELETE}" - "[MSAA, VisibleOnly]ControlType='Edit'"
\0&lt;/a&gt;
W, 3504, 17, 2013/05/23, 19:18:40.220, 2936828664572, QTAgent32.exe, &lt;a class=success&gt;Playback - {7} [SUCCESS] SetValueAsEditBox "23/05/2013" - "[MSAA, VisibleOnly]ControlType='Edit'"  &lt; Set via SendKeys &gt;
\0&lt;/a&gt;
W, 3504, 17, 2013/05/23, 19:18:40.817, 2936837212446, QTAgent32.exe, Playback - [WARNING] Internal warning: Incorrect flag set for InvokeProgrammaticAction\0
W, 3504, 17, 2013/05/23, 19:18:40.939, 2936838954404, QTAgent32.exe, &lt;a class=success&gt;Playback - {8} [SUCCESS] SetValueAsComboBox "May" - "[MSAA, VisibleOnly]ControlType='ComboBox'"  &lt; SetValueAsComboBox, set by clicking on the item in the list box &gt;
\0&lt;/a&gt;
W, 3504, 17, 2013/05/23, 19:18:41.268, 2936843665322, QTAgent32.exe, &lt;a class=success&gt;Playback - {9} [SUCCESS] SendKeys "^{HOME}" - "[MSAA, VisibleOnly]ControlType='Edit'"
\0&lt;/a&gt;
E, 3504, 17, 2013/05/23, 19:18:41.268, 2936843668805, QTAgent32.exe, Msaa.GetFocusedElement: could not find accessible object of foreground window
W, 3504, 17, 2013/05/23, 19:18:41.323, 2936844460124, QTAgent32.exe, &lt;a class=success&gt;Playback - {10} [SUCCESS] SendKeys "^+{END}" - "[MSAA, VisibleOnly]ControlType='Edit'"
\0&lt;/a&gt;
E, 3504, 17, 2013/05/23, 19:18:41.323, 2936844463393, QTAgent32.exe, Msaa.GetFocusedElement: could not find accessible object of foreground window
W, 3504, 17, 2013/05/23, 19:18:41.338, 2936844676567, QTAgent32.exe, &lt;a class=success&gt;Playback - {11} [SUCCESS] SendKeys "{DELETE}" - "[MSAA, VisibleOnly]ControlType='Edit'"
\0&lt;/a&gt;
W, 3504, 17, 2013/05/23, 19:18:41.579, 2936848120006, QTAgent32.exe, &lt;a class=success&gt;Playback - {12} [SUCCESS] SetValueAsEditBox "2013" - "[MSAA, VisibleOnly]ControlType='Edit'"  &lt; Set via SendKeys &gt;
\0&lt;/a&gt;
W, 3504, 17, 2013/05/23, 19:18:41.798, 2936851257438, QTAgent32.exe, &lt;a class=success&gt;Playback - {13} [SUCCESS] MouseButtonClick - "[MSAA, VisibleOnly]ControlType='Button' &amp;&amp; Name='OK'"
\0&lt;/a&gt;
W, 3504, 17, 2013/05/23, 19:18:43.241, 2936871927910, QTAgent32.exe, Playback - [WARNING] Internal warning: Window Not Found: [VisibleOnly]ControlType='Window' &amp;&amp; Name='Warning' &amp;&amp; ClassName='#32770'
\0
E, 3504, 17, 2013/05/23, 19:18:43.242, 2936871931321, QTAgent32.exe, &lt;a class=failure&gt;Playback - {14} [FAILED] Function ElementFetcher::FindScreenElement failed to locate UI element (Searching: ;[VisibleOnly]ControlType='Window' &amp;&amp; Name='Warning' &amp;&amp; ClassName='#32770') (The object specified was not found.)
\0&lt;/a&gt;
E, 3504, 17, 2013/05/23, 19:18:43.326, 2936873145132, QTAgent32.exe, Playback - [IMAGE] C:\Users\testuser\AppData\Local\Temp\UITestLogs\LastRun\RPFD078.png
\0
W, 3504, 17, 2013/05/23, 19:18:43.326, 2936873147336, QTAgent32.exe, Playback - [WARNING] Internal warning: Couldn't find descendants that match QueryId
\0
W, 3504, 17, 2013/05/23, 19:18:43.327, 2936873150838, QTAgent32.exe, PERF WARNING: FindTopLevelWindowHelper::FindAllDescendents: took 1410 ms. Expected it to take maximum 500 ms.
W, 3504, 17, 2013/05/23, 19:19:01.411, 2937132076235, QTAgent32.exe, Playback - [WARNING] Internal warning: Window Not Found: [VisibleOnly]ControlType='Window' &amp;&amp; Name='Warning' &amp;&amp; ClassName='#32770'
\0
E, 3504, 17, 2013/05/23, 19:19:01.411, 2937132080789, QTAgent32.exe, &lt;a class=failure&gt;Playback - {15} [FAILED] Function ElementFetcher::FindScreenElement failed to locate UI element (Searching: ;[VisibleOnly]ControlType='Window' &amp;&amp; Name='Warning' &amp;&amp; ClassName='#32770') (The object specified was not found.)
\0&lt;/a&gt;
E, 3504, 17, 2013/05/23, 19:19:01.496, 2937133293801, QTAgent32.exe, Playback - [IMAGE] C:\Users\testuser\AppData\Local\Temp\UITestLogs\LastRun\RPF1778.png
\0
W, 3504, 17, 2013/05/23, 19:19:01.496, 2937133296567, QTAgent32.exe, Playback - [WARNING] Internal warning: Couldn't find descendants that match QueryId
\0
W, 3504, 17, 2013/05/23, 19:19:01.496, 2937133302066, QTAgent32.exe, PERF WARNING: FindTopLevelWindowHelper::FindAllDescendents: took 18168 ms. Expected it to take maximum 500 ms.
W, 3504, 17, 2013/05/23, 19:19:02.055, 2937141303718, QTAgent32.exe, Playback - [WARNING] Internal warning: Smart Match failed
\0
W, 3504, 17, 2013/05/23, 19:19:02.468, 2937147218665, QTAgent32.exe, Playback - [WARNING] Internal warning: Smart Match failed
\0
W, 3504, 17, 2013/05/23, 19:19:02.842, 2937152574976, QTAgent32.exe, Playback - [WARNING] Internal warning: Smart Match failed
\0
W, 3504, 17, 2013/05/23, 19:19:03.267, 2937158653397, QTAgent32.exe, Playback - [WARNING] Internal warning: Smart Match failed
\0
W, 3504, 17, 2013/05/23, 19:19:03.663, 2937164332128, QTAgent32.exe, Playback - [WARNING] Internal warning: Smart Match failed
\0
W, 3504, 17, 2013/05/23, 19:19:04.061, 2937170030883, QTAgent32.exe, Playback - [WARNING] Internal warning: Smart Match failed
\0
W, 3504, 17, 2013/05/23, 19:19:04.473, 2937175923218, QTAgent32.exe, Playback - [WARNING] Internal warning: Smart Match failed
\0
W, 3504, 17, 2013/05/23, 19:19:04.748, 2937179853900, QTAgent32.exe, Playback - [WARNING] Internal warning: Window Not Found: [VisibleOnly]ControlType='Window' &amp;&amp; Name='Warning' &amp;&amp; ClassName='#32770'
\0
E, 3504, 17, 2013/05/23, 19:19:04.748, 2937179856787, QTAgent32.exe, &lt;a class=failure&gt;Playback - {16} [FAILED] Function ElementFetcher::FindScreenElement failed to locate UI element (Searching: ;[VisibleOnly]ControlType='Window' &amp;&amp; Name='Warning' &amp;&amp; ClassName='#32770') (The object specified was not found.)
\0&lt;/a&gt;
E, 3504, 17, 2013/05/23, 19:19:04.827, 2937180993511, QTAgent32.exe, Playback - [IMAGE] C:\Users\testuser\AppData\Local\Temp\UITestLogs\LastRun\RPF2483.png
\0
W, 3504, 17, 2013/05/23, 19:19:04.827, 2937180995947, QTAgent32.exe, Playback - [WARNING] Internal warning: Couldn't find descendants that match QueryId
\0
W, 3504, 17, 2013/05/23, 19:19:04.828, 2937180999462, QTAgent32.exe, PERF WARNING: FindTopLevelWindowHelper::FindAllDescendents: took 3330 ms. Expected it to take maximum 500 ms.
E, 3504, 17, 2013/05/23, 19:19:04.828, 2937181001470, QTAgent32.exe, Exception: System.Runtime.InteropServices.COMException
	Message: Error HRESULT E_FAIL has been returned from a call to a COM component.
	Stack Trace:    at Microsoft.VisualStudio.TestTools.UITest.Playback.Engine.IRPFPlayback.FindAllScreenElements(IScreenElement pScreenElementStart, String bstrQueryId, Object&amp; pvarResKeys, Int32 cResKeys, Int32 nMaxDepth, Object[]&amp; foundDescendants)
   at Microsoft.VisualStudio.TestTools.UITest.Playback.ScreenElement.FindTopLevelWindowHelper(String queryId)
	BaseExceptionMessage: Error HRESULT E_FAIL has been returned from a call to a COM component.

E, 3504, 17, 2013/05/23, 19:19:05.033, 2937183941552, QTAgent32.exe, AL: Playback Error: Microsoft.VisualStudio.TestTools.UITest.Extension.UITestControlNotFoundException: The playback failed to find the control with the given search properties. Additional Details: 
TechnologyName:  'MSAA'
ControlType:  'Window'
Name:  'Warning'
ClassName:  '#32770'
 ---&gt; System.Runtime.InteropServices.COMException: Error HRESULT E_FAIL has been returned from a call to a COM component.
   at Microsoft.VisualStudio.TestTools.UITest.Playback.Engine.IRPFPlayback.FindAllScreenElements(IScreenElement pScreenElementStart, String bstrQueryId, Object&amp; pvarResKeys, Int32 cResKeys, Int32 nMaxDepth, Object[]&amp; foundDescendants)
   at Microsoft.VisualStudio.TestTools.UITest.Playback.ScreenElement.FindTopLevelWindowHelper(String queryId)
   at Microsoft.VisualStudio.TestTools.UITest.Playback.ScreenElement.FindFromPartialQueryId(String queryId)
   at Microsoft.VisualStudio.TestTools.UITesting.UITestControl..ctor(String queryId)
   --- End of inner exception stack trace ---
   at Microsoft.VisualStudio.TestTools.UITesting.Playback.MapControlNotFoundException(COMException ex, IPlaybackContext context)
   at Microsoft.VisualStudio.TestTools.UITesting.Playback.MapAndThrowComException(COMException innerException, IPlaybackContext context)
   at Microsoft.VisualStudio.TestTools.UITesting.Playback.MapAndThrowException(SystemException exception, IPlaybackContext context)
   at Microsoft.VisualStudio.TestTools.UITesting.Playback.MapAndThrowException(SystemException exception, String queryId)
   at Microsoft.VisualStudio.TestTools.UITesting.UITestControl..ctor(String queryId)
   at Microsoft.VisualStudio.TestTools.UITesting.SearchHelper.SearchTopLevelWindow(ISearchArgument topLevelSearchArg, String topLevelElementQueryId)
   at Microsoft.VisualStudio.TestTools.UITesting.SearchHelper.GetTitleUpdatedTopLevelWindow(ISearchArgument topLevelSearchArg, String queryId, IList`1 windowTitles)
   at Microsoft.VisualStudio.TestTools.UITesting.SearchHelper.GetTopLevelElement(Boolean useCache, Boolean useCacheOnly, ISearchArgument searchArg, IList`1 windowTitles, Int32&amp; timeLeft)
   at Microsoft.VisualStudio.TestTools.UITesting.SearchHelper.GetElement(Boolean useCache, ISearchArgument searchArg)
   at Microsoft.VisualStudio.TestTools.UITesting.SearchHelper.Search(ISearchArgument searchArg)
   at Microsoft.VisualStudio.TestTools.UITesting.UITestControl.FindInternal()
   at Microsoft.VisualStudio.TestTools.UITesting.UITestControl.FindControlIfNecessary()
   at Microsoft.VisualStudio.TestTools.UITesting.UITestControl.Click(MouseButtons button, ModifierKeys modifierKeys, Point relativeCoordinates)
   at Microsoft.VisualStudio.TestTools.UITesting.Mouse.ClickImplementation(UITestControl control, MouseButtons button, ModifierKeys modifierKeys, Point relativeCoordinate)
   at Microsoft.VisualStudio.TestTools.UITesting.Mouse.ClickImplementationWrapper(UITestControl control, MouseButtons button, ModifierKeys modifierKeys, Point relativeCoordinate)
W, 3504, 17, 2013/05/23, 19:19:05.033, 2937183944973, QTAgent32.exe, PlaybackErrorHandler: Ignoring exception as ContinueOnError is set.
W, 3504, 17, 2013/05/23, 19:19:05.103, 2937184939029, QTAgent32.exe, &lt;a class=success&gt;Playback - {17} [SUCCESS] TypeString "#(R)"
\0&lt;/a&gt;
W, 3504, 17, 2013/05/23, 19:19:06.085, 2937199012963, QTAgent32.exe, PERF WARNING: FindTopLevelWindowHelper::FindAllDescendents: took 881 ms. Expected it to take maximum 500 ms.
W, 3504, 17, 2013/05/23, 19:19:06.626, 2937206756683, QTAgent32.exe, PERF WARNING: FindAllDescendents: took 536 ms. Expected it to take maximum 500 ms.
E, 3504, 17, 2013/05/23, 19:19:06.640, 2937206949166, QTAgent32.exe, Exception: System.ArgumentException
	Message: Value does not fall within the expected range.
	Stack Trace:    at Accessibility.IAccessible.get_accRole(Object varChild)
   at Microsoft.VisualStudio.TestTools.UITest.Extension.Msaa.AccWrapper.get_RoleInt()
	BaseExceptionMessage: Value does not fall within the expected range.

E, 3504, 17, 2013/05/23, 19:19:06.650, 2937207102436, QTAgent32.exe, Exception: System.ArgumentException
	Message: Value does not fall within the expected range.
	Stack Trace:    at Accessibility.IAccessible.get_accRole(Object varChild)
   at Microsoft.VisualStudio.TestTools.UITest.Extension.Msaa.AccWrapper.get_RoleInt()
	BaseExceptionMessage: Value does not fall within the expected range.

W, 3504, 17, 2013/05/23, 19:19:08.009, 2937226553621, QTAgent32.exe, &lt;a class=success&gt;Playback - {18} [SUCCESS] LeftButtonClick  &lt; Mouse cursor location (87, 908) &gt;
\0&lt;/a&gt;
W, 3504, 17, 2013/05/23, 19:19:09.764, 2937251690081, QTAgent32.exe, &lt;a class=success&gt;Playback - {19} [SUCCESS] SetValueAsEditBox "c:\TestProject7\ourmma.reg"  &lt; Set via SendKeys &gt;
\0&lt;/a&gt;
W, 3504, 17, 2013/05/23, 19:19:09.765, 2937251693143, QTAgent32.exe, &lt;a class=success&gt;Playback - {20} [SUCCESS] SetValueAsComboBox "c:\TestProject7\ourmma.reg" - "[MSAA, VisibleOnly]ControlType='ComboBox' &amp;&amp; Name='Open:'"  &lt; Set via SetValueAsEditBox &gt;
\0&lt;/a&gt;
W, 3504, 17, 2013/05/23, 19:19:10.013, 2937255252643, QTAgent32.exe, &lt;a class=success&gt;Playback - {21} [SUCCESS] MouseButtonClick - "[MSAA, VisibleOnly]ControlType='Button' &amp;&amp; Name='OK'"
\0&lt;/a&gt;
W, 3504, 17, 2013/05/23, 19:19:10.414, 2937260985555, QTAgent32.exe, Playback - [WARNING] Internal warning: Window Not Found: [VisibleOnly]ControlType='Window' &amp;&amp; Name='Registry Editor' &amp;&amp; ClassName='#32770'
\0
E, 3504, 17, 2013/05/23, 19:19:10.414, 2937260988541, QTAgent32.exe, &lt;a class=failure&gt;Playback - {22} [FAILED] Function ElementFetcher::FindScreenElement failed to locate UI element (Searching: ;[VisibleOnly]ControlType='Window' &amp;&amp; Name='Registry Editor' &amp;&amp; ClassName='#32770') (The object specified was not found.)
\0&lt;/a&gt;
E, 3504, 17, 2013/05/23, 19:19:10.574, 2937263280900, QTAgent32.exe, Playback - [IMAGE] C:\Users\testuser\AppData\Local\Temp\UITestLogs\LastRun\RPF3AA3.png
\0
W, 3504, 17, 2013/05/23, 19:19:10.574, 2937263283660, QTAgent32.exe, Playback - [WARNING] Internal warning: Couldn't find descendants that match QueryId
\0
W, 3504, 17, 2013/05/23, 19:19:12.684, 2937293488770, QTAgent32.exe, PERF WARNING: FindTopLevelWindowHelper::FindAllDescendents: took 2109 ms. Expected it to take maximum 500 ms.
W, 3504, 17, 2013/05/23, 19:19:12.956, 2937297380134, QTAgent32.exe, &lt;a class=success&gt;Playback - {23} [SUCCESS] MouseButtonClick - "[MSAA, VisibleOnly]ControlType='Button' &amp;&amp; Name='Yes'"
\0&lt;/a&gt;
W, 3504, 17, 2013/05/23, 19:19:13.312, 2937302485312, QTAgent32.exe, &lt;a class=success&gt;Playback - {24} [SUCCESS] MouseButtonClick - "[MSAA, VisibleOnly]ControlType='Button' &amp;&amp; Name='OK'"
\0&lt;/a&gt;
W, 3504, 17, 2013/05/23, 19:19:13.639, 2937307161553, QTAgent32.exe, &lt;a class=success&gt;Playback - {25} [SUCCESS] MouseButtonClick - "[MSAA, VisibleOnly]ControlType='Button' &amp;&amp; Name='Clients &amp; Files'"
\0&lt;/a&gt;
W, 3504, 17, 2013/05/23, 19:19:14.051, 2937313067540, QTAgent32.exe, Playback - [WARNING] Internal warning: Window Not Found: [VisibleOnly]ControlType='Window' &amp;&amp; ClassName='ThunderRT6MDIForm'
\0
E, 3504, 17, 2013/05/23, 19:19:14.051, 2937313071097, QTAgent32.exe, &lt;a class=failure&gt;Playback - {26} [FAILED] Function ElementFetcher::FindScreenElement failed to locate UI element (Searching: ;[VisibleOnly]ControlType='Window' &amp;&amp; ClassName='ThunderRT6MDIForm') (The object specified was not found.)
\0&lt;/a&gt;
E, 3504, 17, 2013/05/23, 19:19:14.153, 2937314519834, QTAgent32.exe, Playback - [IMAGE] C:\Users\testuser\AppData\Local\Temp\UITestLogs\LastRun\RPF48D7.png
\0
W, 3504, 17, 2013/05/23, 19:19:14.153, 2937314522156, QTAgent32.exe, Playback - [WARNING] Internal warning: Couldn't find descendants that match QueryId
\0
W, 3504, 17, 2013/05/23, 19:19:17.553, 2937363208003, QTAgent32.exe, PERF WARNING: FindTopLevelWindowHelper::FindAllDescendents: took 3399 ms. Expected it to take maximum 500 ms.
W, 3504, 17, 2013/05/23, 19:19:18.213, 2937372654591, QTAgent32.exe, Playback - [WARNING] Internal warning: Incorrect flag set for InvokeProgrammaticAction\0
W, 3504, 17, 2013/05/23, 19:19:18.341, 2937374491550, QTAgent32.exe, &lt;a class=success&gt;Playback - {27} [SUCCESS] SetValueAsComboBox "Customers" - "[MSAA, VisibleOnly]ControlType='ComboBox'"  &lt; SetValueAsComboBox, set by clicking on the item in the list box &gt;
\0&lt;/a&gt;
W, 3504, 17, 2013/05/23, 19:19:18.720, 2937379913929, QTAgent32.exe, Msaa.MsaaElement() took more time. Total time taken 251 ms for element 3344804
W, 3504, 17, 2013/05/23, 19:19:18.847, 2937381737685, QTAgent32.exe, &lt;a class=success&gt;Playback - {28} [SUCCESS] MouseButtonClick - "[MSAA, VisibleOnly]ControlType='Button' &amp;&amp; Name='Add'"
\0&lt;/a&gt;
W, 3504, 17, 2013/05/23, 19:19:19.507, 2937391186526, QTAgent32.exe, &lt;a class=success&gt;Playback - {29} [SUCCESS] SendKeys "autotest" - "[MSAA, VisibleOnly]ControlType='RadioButton' &amp;&amp; Name='Personal Lines'"
\0&lt;/a&gt;
W, 3504, 17, 2013/05/23, 19:19:20.321, 2937402834646, QTAgent32.exe, &lt;a class=success&gt;Playback - {30} [SUCCESS] SetValueAsEditBox "autotest" - "[MSAA, VisibleOnly]ControlType='Edit'"  &lt; Set via SendKeys &gt;
\0&lt;/a&gt;
W, 3504, 17, 2013/05/23, 19:19:20.797, 2937409654635, QTAgent32.exe, &lt;a class=success&gt;Playback - {31} [SUCCESS] MouseButtonClick - "[MSAA, VisibleOnly]ControlType='Button' &amp;&amp; Name='OK'"
\0&lt;/a&gt;
W, 3504, 17, 2013/05/23, 19:19:21.033, 2937413027151, QTAgent32.exe, &lt;a class=success&gt;Playback - {32} [SUCCESS] MouseButtonClick - "[MSAA, VisibleOnly]ControlType='Button' &amp;&amp; Name='Yes'"
\0&lt;/a&gt;
W, 3504, 17, 2013/05/23, 19:19:21.733, 2937423061845, QTAgent32.exe, &lt;a class=success&gt;Playback - {33} [SUCCESS] SendKeys "^{HOME}" - "[MSAA, VisibleOnly]ControlType='Edit'"
\0&lt;/a&gt;
E, 3504, 17, 2013/05/23, 19:19:21.734, 2937423066264, QTAgent32.exe, Msaa.GetFocusedElement: could not find accessible object of foreground window
W, 3504, 17, 2013/05/23, 19:19:21.804, 2937424070670, QTAgent32.exe, &lt;a class=success&gt;Playback - {34} [SUCCESS] SendKeys "^+{END}" - "[MSAA, VisibleOnly]ControlType='Edit'"
\0&lt;/a&gt;
E, 3504, 17, 2013/05/23, 19:19:21.804, 2937424074371, QTAgent32.exe, Msaa.GetFocusedElement: could not find accessible object of foreground window
W, 3504, 17, 2013/05/23, 19:19:21.820, 2937424301471, QTAgent32.exe, &lt;a class=success&gt;Playback - {35} [SUCCESS] SendKeys "{DELETE}" - "[MSAA, VisibleOnly]ControlType='Edit'"
\0&lt;/a&gt;
W, 3504, 17, 2013/05/23, 19:19:22.090, 2937428166336, QTAgent32.exe, &lt;a class=success&gt;Playback - {36} [SUCCESS] SetValueAsEditBox "1" - "[MSAA, VisibleOnly]ControlType='Edit'"  &lt; Set via SendKeys &gt;
\0&lt;/a&gt;
W, 3504, 17, 2013/05/23, 19:19:22.496, 2937433986741, QTAgent32.exe, &lt;a class=success&gt;Playback - {37} [SUCCESS] SendKeys "^{HOME}" - "[MSAA, VisibleOnly]ControlType='Edit'"
\0&lt;/a&gt;
E, 3504, 17, 2013/05/23, 19:19:22.496, 2937433990415, QTAgent32.exe, Msaa.GetFocusedElement: could not find accessible object of foreground window
W, 3504, 17, 2013/05/23, 19:19:22.553, 2937434796324, QTAgent32.exe, &lt;a class=success&gt;Playback - {38} [SUCCESS] SendKeys "^+{END}" - "[MSAA, VisibleOnly]ControlType='Edit'"
\0&lt;/a&gt;
E, 3504, 17, 2013/05/23, 19:19:22.553, 2937434799574, QTAgent32.exe, Msaa.GetFocusedElement: could not find accessible object of foreground window
W, 3504, 17, 2013/05/23, 19:19:22.568, 2937435019445, QTAgent32.exe, &lt;a class=success&gt;Playback - {39} [SUCCESS] SendKeys "{DELETE}" - "[MSAA, VisibleOnly]ControlType='Edit'"
\0&lt;/a&gt;
W, 3504, 17, 2013/05/23, 19:19:22.820, 2937438620370, QTAgent32.exe, &lt;a class=success&gt;Playback - {40} [SUCCESS] SetValueAsEditBox "1" - "[MSAA, VisibleOnly]ControlType='Edit'"  &lt; Set via SendKeys &gt;
\0&lt;/a&gt;
W, 3504, 17, 2013/05/23, 19:19:24.445, 2937461885349, QTAgent32.exe, Playback - [WARNING] Internal warning: Target element "[MSAA, VisibleOnly]ControlType='Button' &amp;&amp; Name='OK'" was not found, so all intermediate elements were ignored. An incorrect element that matches target element Id can be found as the result.  Verify that all intermediate elements in QueryId have valid and unique Ids
\0
W, 3504, 17, 2013/05/23, 19:19:24.991, 2937469706831, QTAgent32.exe, PERF WARNING: FindAllDescendents: took 2055 ms. Expected it to take maximum 500 ms.
W, 3504, 17, 2013/05/23, 19:19:25.309, 2937474264958, QTAgent32.exe, &lt;a class=success&gt;Playback - {41} [SUCCESS] MouseButtonClick - "[MSAA, VisibleOnly]ControlType='Button' &amp;&amp; Name='OK'"
\0&lt;/a&gt;
W, 3504, 17, 2013/05/23, 19:19:25.717, 2937480100169, QTAgent32.exe, &lt;a class=success&gt;Playback - {42} [SUCCESS] MouseButtonClick - "[MSAA, VisibleOnly]ControlType='Button'"
\0&lt;/a&gt;
W, 3504, 17, 2013/05/23, 19:19:26.116, 2937485820657, QTAgent32.exe, &lt;a class=success&gt;Playback - {43} [SUCCESS] MouseButtonClick - "[MSAA, VisibleOnly]ControlType='Button' &amp;&amp; Name='Add'"
\0&lt;/a&gt;
W, 3504, 17, 2013/05/23, 19:19:26.466, 2937490823918, QTAgent32.exe, &lt;a class=success&gt;Playback - {44} [SUCCESS] MouseButtonClick - "[MSAA, VisibleOnly]ControlType='Button' &amp;&amp; Name='OK'"
\0&lt;/a&gt;
W, 3504, 17, 2013/05/23, 19:19:28.712, 2937522985371, QTAgent32.exe, &lt;a class=success&gt;Playback - {45} [SUCCESS] MouseButtonClick - "[MSAA, VisibleOnly,Window]ControlType='Window' &amp;&amp; ClassName='ThunderRT6TextBox'"
\0&lt;/a&gt;
W, 3504, 17, 2013/05/23, 19:19:29.457, 2937533656103, QTAgent32.exe, &lt;a class=success&gt;Playback - {46} [SUCCESS] SetValueAsEditBox "HOME" - "[MSAA, VisibleOnly]ControlType='Edit'"  &lt; Set via SendKeys &gt;
\0&lt;/a&gt;
W, 3504, 17, 2013/05/23, 19:19:29.848, 2937539250658, QTAgent32.exe, &lt;a class=success&gt;Playback - {47} [SUCCESS] MouseButtonClick - "[MSAA, VisibleOnly]ControlType='Button' &amp;&amp; Name='OK'"
\0&lt;/a&gt;
W, 3504, 17, 2013/05/23, 19:19:30.096, 2937542804413, QTAgent32.exe, &lt;a class=success&gt;Playback - {48} [SUCCESS] MouseButtonClick - "[MSAA, VisibleOnly]ControlType='Button' &amp;&amp; Name='Options'"
\0&lt;/a&gt;
W, 3504, 17, 2013/05/23, 19:19:30.197, 2937544240718, QTAgent32.exe, FindScreenElementInSinglePass : Attempting to find control in one pass of search. Failures can occur.
W, 3504, 17, 2013/05/23, 19:19:30.569, 2937549570309, QTAgent32.exe, &lt;a class=success&gt;Playback - {49} [SUCCESS] MouseButtonClick - "[MSAA]ControlType='MenuItem' &amp;&amp; Name='Links'"
\0&lt;/a&gt;
W, 3504, 17, 2013/05/23, 19:19:30.669, 2937551007043, QTAgent32.exe, FindScreenElementInSinglePass : Attempting to find control in one pass of search. Failures can occur.
W, 3504, 17, 2013/05/23, 19:19:31.026, 2937556120787, QTAgent32.exe, &lt;a class=success&gt;Playback - {50} [SUCCESS] MouseButtonClick - "[MSAA]ControlType='MenuItem' &amp;&amp; Name='3rd Party Integration'"
\0&lt;/a&gt;
W, 3504, 17, 2013/05/23, 19:19:31.127, 2937557558811, QTAgent32.exe, FindScreenElementInSinglePass : Attempting to find control in one pass of search. Failures can occur.
W, 3504, 17, 2013/05/23, 19:19:31.507, 2937563002353, QTAgent32.exe, &lt;a class=success&gt;Playback - {51} [SUCCESS] MouseButtonClick - "[MSAA]ControlType='MenuItem' &amp;&amp; Name='Quote Select List'"
\0&lt;/a&gt;
W, 3504, 17, 2013/05/23, 19:19:32.339, 2937574907732, QTAgent32.exe, Playback - [WARNING] Internal warning: Window Not Found: [VisibleOnly]ControlType='Window' &amp;&amp; Name='Current Or Future' &amp;&amp; ClassName='TfCurrentOrFuture'
\0
E, 3504, 17, 2013/05/23, 19:19:32.339, 2937574911507, QTAgent32.exe, &lt;a class=failure&gt;Playback - {52} [FAILED] Function ElementFetcher::FindScreenElement failed to locate UI element (Searching: ;[VisibleOnly]ControlType='Window' &amp;&amp; Name='Current Or Future' &amp;&amp; ClassName='TfCurrentOrFuture') (The object specified was not found.)
\0&lt;/a&gt;
E, 3504, 17, 2013/05/23, 19:19:33.652, 2937593709563, QTAgent32.exe, Playback - [IMAGE] C:\Users\testuser\AppData\Local\Temp\UITestLogs\LastRun\RPF9043.png
\0
W, 3504, 17, 2013/05/23, 19:19:33.652, 2937593712102, QTAgent32.exe, Playback - [WARNING] Internal warning: Couldn't find descendants that match QueryId
\0
W, 3504, 17, 2013/05/23, 19:19:33.652, 2937593715469, QTAgent32.exe, PERF WARNING: FindTopLevelWindowHelper::FindAllDescendents: took 2042 ms. Expected it to take maximum 500 ms.
W, 3504, 17, 2013/05/23, 19:19:35.619, 2937621887588, QTAgent32.exe, PERF WARNING: FindTopLevelWindowHelper::FindAllDescendents: took 1967 ms. Expected it to take maximum 500 ms.
W, 3504, 17, 2013/05/23, 19:19:35.890, 2937625758384, QTAgent32.exe, &lt;a class=success&gt;Playback - {53} [SUCCESS] MouseButtonClick - "[MSAA, VisibleOnly]ControlType='Button' &amp;&amp; Name='Ok'"
\0&lt;/a&gt;
W, 3504, 17, 2013/05/23, 19:19:38.972, 2937669892344, QTAgent32.exe, PERF WARNING: FindTopLevelWindowHelper::FindAllDescendents: took 2943 ms. Expected it to take maximum 500 ms.
W, 3504, 17, 2013/05/23, 19:19:39.474, 2937677076370, QTAgent32.exe, &lt;a class=success&gt;Playback - {54} [SUCCESS] SendKeys "^{HOME}" - "[MSAA, VisibleOnly]ControlType='Edit'"
\0&lt;/a&gt;
E, 3504, 17, 2013/05/23, 19:19:39.474, 2937677079865, QTAgent32.exe, Msaa.GetFocusedElement: could not find accessible object of foreground window
W, 3504, 17, 2013/05/23, 19:19:39.542, 2937678049927, QTAgent32.exe, &lt;a class=success&gt;Playback - {55} [SUCCESS] SendKeys "^+{END}" - "[MSAA, VisibleOnly]ControlType='Edit'"
\0&lt;/a&gt;
E, 3504, 17, 2013/05/23, 19:19:39.542, 2937678053333, QTAgent32.exe, Msaa.GetFocusedElement: could not find accessible object of foreground window
W, 3504, 17, 2013/05/23, 19:19:39.557, 2937678272693, QTAgent32.exe, &lt;a class=success&gt;Playback - {56} [SUCCESS] SendKeys "{DELETE}" - "[MSAA, VisibleOnly]ControlType='Edit'"
\0&lt;/a&gt;
W, 3504, 17, 2013/05/23, 19:19:40.005, 2937684682237, QTAgent32.exe, &lt;a class=success&gt;Playback - {57} [SUCCESS] SetValueAsEditBox "30/05/13" - "[MSAA, VisibleOnly]ControlType='Edit'"  &lt; Set via SendKeys &gt;
\0&lt;/a&gt;
W, 3504, 17, 2013/05/23, 19:19:40.890, 2937697344527, QTAgent32.exe, &lt;a class=success&gt;Playback - {58} [SUCCESS] SetValueAsEditBox "test1" - "[MSAA, VisibleOnly]ControlType='Edit'"  &lt; Set via SendKeys &gt;
\0&lt;/a&gt;
W, 3504, 17, 2013/05/23, 19:19:41.739, 2937709509800, QTAgent32.exe, &lt;a class=success&gt;Playback - {59} [SUCCESS] SetValueAsEditBox "test" - "[MSAA, VisibleOnly]ControlType='Edit'"  &lt; Set via SendKeys &gt;
\0&lt;/a&gt;
W, 3504, 17, 2013/05/23, 19:19:42.171, 2937715695982, QTAgent32.exe, &lt;a class=success&gt;Playback - {60} [SUCCESS] SendKeys "^{HOME}" - "[MSAA, VisibleOnly]ControlType='Edit'"
\0&lt;/a&gt;
E, 3504, 17, 2013/05/23, 19:19:42.171, 2937715698956, QTAgent32.exe, Msaa.GetFocusedElement: could not find accessible object of foreground window
W, 3504, 17, 2013/05/23, 19:19:42.226, 2937716483974, QTAgent32.exe, &lt;a class=success&gt;Playback - {61} [SUCCESS] SendKeys "^+{END}" - "[MSAA, VisibleOnly]ControlType='Edit'"
\0&lt;/a&gt;
E, 3504, 17, 2013/05/23, 19:19:42.226, 2937716487662, QTAgent32.exe, Msaa.GetFocusedElement: could not find accessible object of foreground window
W, 3504, 17, 2013/05/23, 19:19:42.242, 2937716708221, QTAgent32.exe, &lt;a class=success&gt;Playback - {62} [SUCCESS] SendKeys "{DELETE}" - "[MSAA, VisibleOnly]ControlType='Edit'"
\0&lt;/a&gt;
W, 3504, 17, 2013/05/23, 19:19:42.634, 2937722320611, QTAgent32.exe, &lt;a class=success&gt;Playback - {63} [SUCCESS] SetValueAsEditBox "test" - "[MSAA, VisibleOnly]ControlType='Edit'"  &lt; Set via SendKeys &gt;
\0&lt;/a&gt;
W, 3504, 17, 2013/05/23, 19:19:43.427, 2937733681267, QTAgent32.exe, Playback - [WARNING] Internal warning: Incorrect flag set for InvokeProgrammaticAction\0
W, 3504, 17, 2013/05/23, 19:19:43.548, 2937735417057, QTAgent32.exe, &lt;a class=success&gt;Playback - {64} [SUCCESS] SetValueAsComboBox "Account Director" - "[MSAA, VisibleOnly]ControlType='ComboBox'"  &lt; SetValueAsComboBox, set by clicking on the item in the list box &gt;
\0&lt;/a&gt;
W, 3504, 17, 2013/05/23, 19:19:44.356, 2937746974905, QTAgent32.exe, Playback - [WARNING] Internal warning: Incorrect flag set for InvokeProgrammaticAction\0
W, 3504, 17, 2013/05/23, 19:19:44.479, 2937748736731, QTAgent32.exe, &lt;a class=success&gt;Playback - {65} [SUCCESS] SetValueAsComboBox "Advertising" - "[MSAA, VisibleOnly]ControlType='ComboBox'"  &lt; SetValueAsComboBox, set by clicking on the item in the list box &gt;
\0&lt;/a&gt;
W, 3504, 17, 2013/05/23, 19:19:45.327, 2937760882356, QTAgent32.exe, &lt;a class=success&gt;Playback - {66} [SUCCESS] SetValueAsEditBox "160589" - "[MSAA, VisibleOnly]ControlType='Edit'"  &lt; Set via SendKeys &gt;
\0&lt;/a&gt;
W, 3504, 17, 2013/05/23, 19:19:45.606, 2937764875245, QTAgent32.exe, &lt;a class=success&gt;Playback - {67} [SUCCESS] MouseButtonClick - "[MSAA, VisibleOnly]ControlType='Edit'"
\0&lt;/a&gt;
W, 3504, 17, 2013/05/23, 19:19:46.435, 2937776741268, QTAgent32.exe, &lt;a class=success&gt;Playback - {68} [SUCCESS] SetValueAsEditBox "BN16BN" - "[MSAA, VisibleOnly]ControlType='Edit'"  &lt; Set via SendKeys &gt;
\0&lt;/a&gt;
W, 3504, 17, 2013/05/23, 19:19:48.682, 2937808923052, QTAgent32.exe, &lt;a class=success&gt;Playback - {69} [SUCCESS] MouseButtonClick - "[MSAA, VisibleOnly]ControlType='Button' &amp;&amp; Name='Lookup...'"
\0&lt;/a&gt;
W, 3504, 17, 2013/05/23, 19:19:48.962, 2937812931696, QTAgent32.exe, &lt;a class=success&gt;Playback - {70} [SUCCESS] MouseButtonClick - "[MSAA, VisibleOnly]ControlType='Button' &amp;&amp; Name='Ok'"
\0&lt;/a&gt;
W, 3504, 17, 2013/05/23, 19:19:49.289, 2937817608962, QTAgent32.exe, &lt;a class=success&gt;Playback - {71} [SUCCESS] MouseButtonClick - "[MSAA, VisibleOnly]ControlType='Button' &amp;&amp; Name='Next &gt;'"
\0&lt;/a&gt;
W, 3504, 17, 2013/05/23, 19:19:50.512, 2937835128772, QTAgent32.exe, &lt;a class=success&gt;Playback - {72} [SUCCESS] SetValueAsEditBox "1989" - "[MSAA, VisibleOnly]ControlType='Edit'"  &lt; Set via SendKeys &gt;
\0&lt;/a&gt;
W, 3504, 17, 2013/05/23, 19:19:50.752, 2937838558469, QTAgent32.exe, &lt;a class=success&gt;Playback - {73} [SUCCESS] MouseButtonClick - "[MSAA, VisibleOnly]ControlType='Button' &amp;&amp; Name='Next &gt;'"
\0&lt;/a&gt;
W, 3504, 17, 2013/05/23, 19:19:50.998, 2937842085690, QTAgent32.exe, &lt;a class=success&gt;Playback - {74} [SUCCESS] MouseButtonClick - "[MSAA, VisibleOnly]ControlType='Button' &amp;&amp; Name='Next &gt;'"
\0&lt;/a&gt;
W, 3504, 17, 2013/05/23, 19:19:51.214, 2937845170364, QTAgent32.exe, &lt;a class=success&gt;Playback - {75} [SUCCESS] MouseButtonClick - "[MSAA, VisibleOnly]ControlType='Button' &amp;&amp; Name='Next &gt;'"
\0&lt;/a&gt;
W, 3504, 17, 2013/05/23, 19:19:52.326, 2937861086362, QTAgent32.exe, &lt;a class=success&gt;Playback - {76} [SUCCESS] SetValueAsEditBox "2345" - "[MSAA, VisibleOnly]ControlType='Edit'"  &lt; Set via SendKeys &gt;
\0&lt;/a&gt;
W, 3504, 17, 2013/05/23, 19:19:53.540, 2937878481023, QTAgent32.exe, &lt;a class=success&gt;Playback - {77} [SUCCESS] SetValueAsEditBox "2000" - "[MSAA, VisibleOnly]ControlType='Edit'"  &lt; Set via SendKeys &gt;
\0&lt;/a&gt;
W, 3504, 17, 2013/05/23, 19:19:54.758, 2937895922642, QTAgent32.exe, &lt;a class=success&gt;Playback - {78} [SUCCESS] SetValueAsEditBox "2000" - "[MSAA, VisibleOnly]ControlType='Edit'"  &lt; Set via SendKeys &gt;
\0&lt;/a&gt;
W, 3504, 17, 2013/05/23, 19:19:54.982, 2937899120280, QTAgent32.exe, &lt;a class=success&gt;Playback - {79} [SUCCESS] MouseButtonClick - "[MSAA, VisibleOnly]ControlType='Button' &amp;&amp; Name='Next &gt;'"
\0&lt;/a&gt;
W, 3504, 17, 2013/05/23, 19:19:56.109, 2937915260154, QTAgent32.exe, &lt;a class=success&gt;Playback - {80} [SUCCESS] SetValueAsEditBox "2345" - "[MSAA, VisibleOnly]ControlType='Edit'"  &lt; Set via SendKeys &gt;
\0&lt;/a&gt;
W, 3504, 17, 2013/05/23, 19:19:56.360, 2937918852694, QTAgent32.exe, &lt;a class=success&gt;Playback - {81} [SUCCESS] MouseButtonClick - "[MSAA, VisibleOnly]ControlType='Button' &amp;&amp; Name='Next &gt;'"
\0&lt;/a&gt;
W, 3504, 17, 2013/05/23, 19:19:56.629, 2937922697045, QTAgent32.exe, &lt;a class=success&gt;Playback - {82} [SUCCESS] MouseButtonClick - "[MSAA, VisibleOnly]ControlType='Button' &amp;&amp; Name='Next &gt;'"
\0&lt;/a&gt;
W, 3504, 17, 2013/05/23, 19:19:56.998, 2937927981858, QTAgent32.exe, &lt;a class=success&gt;Playback - {83} [SUCCESS] MouseButtonClick - "[MSAA, VisibleOnly]ControlType='Button' &amp;&amp; Name='Quote'"
\0&lt;/a&gt;
W, 3504, 17, 2013/05/23, 19:19:57.232, 2937931340106, QTAgent32.exe, &lt;a class=success&gt;Playback - {84} [SUCCESS] MouseButtonClick - "[MSAA, VisibleOnly]ControlType='Button' &amp;&amp; Name='No'"
\0&lt;/a&gt;
W, 3504, 17, 2013/05/23, 19:19:57.732, 2937938501058, QTAgent32.exe, &lt;a class=success&gt;Playback - {85} [SUCCESS] MouseButtonClick - "[MSAA, VisibleOnly]ControlType='Button' &amp;&amp; Name='Ok'"
\0&lt;/a&gt;
W, 3504, 17, 2013/05/23, 19:19:58.024, 2937942682047, QTAgent32.exe, Playback - [WARNING] Internal warning: The window that the search started from became invalid
\0
W, 3504, 17, 2013/05/23, 19:20:01.208, 2937988266563, QTAgent32.exe, PERF WARNING: FindTopLevelWindowHelper::FindAllDescendents: took 3375 ms. Expected it to take maximum 500 ms.
W, 3504, 17, 2013/05/23, 19:20:01.362, 2937990478191, QTAgent32.exe, &lt;a class=success&gt;Playback - {86} [SUCCESS] MouseButtonClick - "[MSAA, VisibleOnly]ControlType='Client'"
\0&lt;/a&gt;
W, 3504, 17, 2013/05/23, 19:20:03.425, 2938020017536, QTAgent32.exe, &lt;a class=success&gt;Playback - {87} [SUCCESS] SendKeys "{Home}" - "[MSAA, VisibleOnly]ControlType='Client'"
\0&lt;/a&gt;
W, 3504, 17, 2013/05/23, 19:20:04.332, 2938032998349, QTAgent32.exe, &lt;a class=success&gt;Playback - {88} [SUCCESS] MouseButtonClick - "[MSAA, VisibleOnly]ControlType='Button' &amp;&amp; Name='Accept'"
\0&lt;/a&gt;
W, 3504, 17, 2013/05/23, 19:20:06.576, 2938065124721, QTAgent32.exe, &lt;a class=success&gt;Playback - {89} [SUCCESS] MouseButtonClick - "[MSAA, VisibleOnly]ControlType='Button' &amp;&amp; Name='Yes'"
\0&lt;/a&gt;
W, 3504, 17, 2013/05/23, 19:20:17.445, 2938220759640, QTAgent32.exe, Playback - [WARNING] Internal warning: Window Not Found: [VisibleOnly]ControlType='Window' &amp;&amp; Name='Broker Add-ons' &amp;&amp; ClassName='ThunderRT6FormDC'
\0
E, 3504, 17, 2013/05/23, 19:20:17.446, 2938220765691, QTAgent32.exe, &lt;a class=failure&gt;Playback - {90} [FAILED] Function ElementFetcher::FindScreenElement failed to locate UI element (Searching: ;[VisibleOnly]ControlType='Window' &amp;&amp; Name='Broker Add-ons' &amp;&amp; ClassName='ThunderRT6FormDC') (The object specified was not found.)
\0&lt;/a&gt;
E, 3504, 17, 2013/05/23, 19:20:17.580, 2938222685406, QTAgent32.exe, Playback - [IMAGE] C:\Users\testuser\AppData\Local\Temp\UITestLogs\LastRun\RPF407F.png
\0
W, 3504, 17, 2013/05/23, 19:20:17.580, 2938222688083, QTAgent32.exe, Playback - [WARNING] Internal warning: Couldn't find descendants that match QueryId
\0
W, 3504, 17, 2013/05/23, 19:20:17.580, 2938222692141, QTAgent32.exe, PERF WARNING: FindTopLevelWindowHelper::FindAllDescendents: took 10891 ms. Expected it to take maximum 500 ms.
W, 3504, 17, 2013/05/23, 19:20:36.847, 2938498548863, QTAgent32.exe, Playback - [WARNING] Internal warning: Window Not Found: [VisibleOnly]ControlType='Window' &amp;&amp; Name='Broker Add-ons' &amp;&amp; ClassName='ThunderRT6FormDC'
\0
E, 3504, 17, 2013/05/23, 19:20:36.847, 2938498557832, QTAgent32.exe, &lt;a class=failure&gt;Playback - {91} [FAILED] Function ElementFetcher::FindScreenElement failed to locate UI element (Searching: ;[VisibleOnly]ControlType='Window' &amp;&amp; Name='Broker Add-ons' &amp;&amp; ClassName='ThunderRT6FormDC') (The object specified was not found.)
\0&lt;/a&gt;
E, 3504, 17, 2013/05/23, 19:20:36.934, 2938499793262, QTAgent32.exe, Playback - [IMAGE] C:\Users\testuser\AppData\Local\Temp\UITestLogs\LastRun\RPF8C3F.png
\0
W, 3504, 17, 2013/05/23, 19:20:36.934, 2938499795894, QTAgent32.exe, Playback - [WARNING] Internal warning: Couldn't find descendants that match QueryId
\0
W, 3504, 17, 2013/05/23, 19:20:36.934, 2938499803831, QTAgent32.exe, PERF WARNING: FindTopLevelWindowHelper::FindAllDescendents: took 19353 ms. Expected it to take maximum 500 ms.
W, 3504, 17, 2013/05/23, 19:20:39.641, 2938538550409, QTAgent32.exe, Playback - [WARNING] Internal warning: Smart Match failed
\0
W, 3504, 17, 2013/05/23, 19:20:41.026, 2938558390960, QTAgent32.exe, Playback - [WARNING] Internal warning: Window Not Found: [VisibleOnly]ControlType='Window' &amp;&amp; Name='Broker Add-ons' &amp;&amp; ClassName='ThunderRT6FormDC'
\0
E, 3504, 17, 2013/05/23, 19:20:41.026, 2938558394938, QTAgent32.exe, &lt;a class=failure&gt;Playback - {92} [FAILED] Function ElementFetcher::FindScreenElement failed to locate UI element (Searching: ;[VisibleOnly]ControlType='Window' &amp;&amp; Name='Broker Add-ons' &amp;&amp; ClassName='ThunderRT6FormDC') (The object specified was not found.)
\0&lt;/a&gt;
E, 3504, 17, 2013/05/23, 19:20:41.118, 2938559704549, QTAgent32.exe, Playback - [IMAGE] C:\Users\testuser\AppData\Local\Temp\UITestLogs\LastRun\RPF9C95.png
\0
W, 3504, 17, 2013/05/23, 19:20:41.118, 2938559707099, QTAgent32.exe, Playback - [WARNING] Internal warning: Couldn't find descendants that match QueryId
\0
W, 3504, 17, 2013/05/23, 19:20:41.118, 2938559710675, QTAgent32.exe, PERF WARNING: FindTopLevelWindowHelper::FindAllDescendents: took 4183 ms. Expected it to take maximum 500 ms.
E, 3504, 17, 2013/05/23, 19:20:41.118, 2938559712752, QTAgent32.exe, Exception: System.Runtime.InteropServices.COMException
	Message: Error HRESULT E_FAIL has been returned from a call to a COM component.
	Stack Trace:    at Microsoft.VisualStudio.TestTools.UITest.Playback.Engine.IRPFPlayback.FindAllScreenElements(IScreenElement pScreenElementStart, String bstrQueryId, Object&amp; pvarResKeys, Int32 cResKeys, Int32 nMaxDepth, Object[]&amp; foundDescendants)
   at Microsoft.VisualStudio.TestTools.UITest.Playback.ScreenElement.FindTopLevelWindowHelper(String queryId)
	BaseExceptionMessage: Error HRESULT E_FAIL has been returned from a call to a COM component.

E, 3504, 17, 2013/05/23, 19:20:41.220, 2938561171251, QTAgent32.exe, AL: Playback Error: Microsoft.VisualStudio.TestTools.UITest.Extension.UITestControlNotFoundException: The playback failed to find the control with the given search properties. Additional Details: 
TechnologyName:  'MSAA'
ControlType:  'Window'
Name:  'Broker Add-ons'
ClassName:  'ThunderRT6FormDC'
 ---&gt; System.Runtime.InteropServices.COMException: Error HRESULT E_FAIL has been returned from a call to a COM component.
   at Microsoft.VisualStudio.TestTools.UITest.Playback.Engine.IRPFPlayback.FindAllScreenElements(IScreenElement pScreenElementStart, String bstrQueryId, Object&amp; pvarResKeys, Int32 cResKeys, Int32 nMaxDepth, Object[]&amp; foundDescendants)
   at Microsoft.VisualStudio.TestTools.UITest.Playback.ScreenElement.FindTopLevelWindowHelper(String queryId)
   at Microsoft.VisualStudio.TestTools.UITest.Playback.ScreenElement.FindFromPartialQueryId(String queryId)
   at Microsoft.VisualStudio.TestTools.UITesting.UITestControl..ctor(String queryId)
   --- End of inner exception stack trace ---
   at Microsoft.VisualStudio.TestTools.UITesting.Playback.MapControlNotFoundException(COMException ex, IPlaybackContext context)
   at Microsoft.VisualStudio.TestTools.UITesting.Playback.MapAndThrowComException(COMException innerException, IPlaybackContext context)
   at Microsoft.VisualStudio.TestTools.UITesting.Playback.MapAndThrowException(SystemException exception, IPlaybackContext context)
   at Microsoft.VisualStudio.TestTools.UITesting.Playback.MapAndThrowException(SystemException exception, String queryId)
   at Microsoft.VisualStudio.TestTools.UITesting.UITestControl..ctor(String queryId)
   at Microsoft.VisualStudio.TestTools.UITesting.SearchHelper.SearchTopLevelWindow(ISearchArgument topLevelSearchArg, String topLevelElementQueryId)
   at Microsoft.VisualStudio.TestTools.UITesting.SearchHelper.GetTitleUpdatedTopLevelWindow(ISearchArgument topLevelSearchArg, String queryId, IList`1 windowTitles)
   at Microsoft.VisualStudio.TestTools.UITesting.SearchHelper.GetTopLevelElement(Boolean useCache, Boolean useCacheOnly, ISearchArgument searchArg, IList`1 windowTitles, Int32&amp; timeLeft)
   at Microsoft.VisualStudio.TestTools.UITesting.SearchHelper.GetElement(Boolean useCache, ISearchArgument searchArg)
   at Microsoft.VisualStudio.TestTools.UITesting.SearchHelper.Search(ISearchArgument searchArg)
   at Microsoft.VisualStudio.TestTools.UITesting.UITestControl.FindInternal()
   at Microsoft.VisualStudio.TestTools.UITesting.UITestControl.FindControlIfNecessary()
   at Microsoft.VisualStudio.TestTools.UITesting.UITestControl.Click(MouseButtons button, ModifierKeys modifierKeys, Point relativeCoordinates)
   at Microsoft.VisualStudio.TestTools.UITesting.Mouse.ClickImplementation(UITestControl control, MouseButtons button, ModifierKeys modifierKeys, Point relativeCoordinate)
   at Microsoft.VisualStudio.TestTools.UITesting.Mouse.ClickImplementationWrapper(UITestControl control, MouseButtons button, ModifierKeys modifierKeys, Point relativeCoordinate)
W, 3504, 17, 2013/05/23, 19:20:41.220, 2938561174884, QTAgent32.exe, PlaybackErrorHandler: Ignoring exception as ContinueOnError is set.
W, 3504, 17, 2013/05/23, 19:20:48.768, 2938669234522, QTAgent32.exe, Playback - [WARNING] Internal warning: Window Not Found: [VisibleOnly]ControlType='Window' &amp;&amp; Name='Save the file as' &amp;&amp; ClassName='#32770'
\0
E, 3504, 17, 2013/05/23, 19:20:48.768, 2938669239481, QTAgent32.exe, &lt;a class=failure&gt;Playback - {93} [FAILED] Function ElementFetcher::FindScreenElement failed to locate UI element (Searching: ;[VisibleOnly]ControlType='Window' &amp;&amp; Name='Save the file as' &amp;&amp; ClassName='#32770') (The object specified was not found.)
\0&lt;/a&gt;
E, 3504, 17, 2013/05/23, 19:20:48.850, 2938670419196, QTAgent32.exe, Playback - [IMAGE] C:\Users\testuser\AppData\Local\Temp\UITestLogs\LastRun\RPFBADF.png
\0
W, 3504, 17, 2013/05/23, 19:20:48.850, 2938670421557, QTAgent32.exe, Playback - [WARNING] Internal warning: Couldn't find descendants that match QueryId
\0
W, 3504, 17, 2013/05/23, 19:20:48.851, 2938670425007, QTAgent32.exe, PERF WARNING: FindTopLevelWindowHelper::FindAllDescendents: took 7629 ms. Expected it to take maximum 500 ms.
W, 3504, 17, 2013/05/23, 19:21:08.043, 2938945216632, QTAgent32.exe, Playback - [WARNING] Internal warning: Window Not Found: [VisibleOnly]ControlType='Window' &amp;&amp; Name='Save the file as' &amp;&amp; ClassName='#32770'
\0
E, 3504, 17, 2013/05/23, 19:21:08.043, 2938945224207, QTAgent32.exe, &lt;a class=failure&gt;Playback - {94} [FAILED] Function ElementFetcher::FindScreenElement failed to locate UI element (Searching: ;[VisibleOnly]ControlType='Window' &amp;&amp; Name='Save the file as' &amp;&amp; ClassName='#32770') (The object specified was not found.)
\0&lt;/a&gt;
E, 3504, 17, 2013/05/23, 19:21:08.125, 2938946394863, QTAgent32.exe, Playback - [IMAGE] C:\Users\testuser\AppData\Local\Temp\UITestLogs\LastRun\RPF623.png
\0
W, 3504, 17, 2013/05/23, 19:21:08.125, 2938946397514, QTAgent32.exe, Playback - [WARNING] Internal warning: Couldn't find descendants that match QueryId
\0
W, 3504, 17, 2013/05/23, 19:21:08.125, 2938946402562, QTAgent32.exe, PERF WARNING: FindTopLevelWindowHelper::FindAllDescendents: took 19274 ms. Expected it to take maximum 500 ms.
W, 3504, 17, 2013/05/23, 19:21:10.772, 2938984291452, QTAgent32.exe, Playback - [WARNING] Internal warning: Smart Match failed
\0
W, 3504, 17, 2013/05/23, 19:21:12.147, 2939003986410, QTAgent32.exe, Playback - [WARNING] Internal warning: Window Not Found: [VisibleOnly]ControlType='Window' &amp;&amp; Name='Save the file as' &amp;&amp; ClassName='#32770'
\0
E, 3504, 17, 2013/05/23, 19:21:12.147, 2939003991862, QTAgent32.exe, &lt;a class=failure&gt;Playback - {95} [FAILED] Function ElementFetcher::FindScreenElement failed to locate UI element (Searching: ;[VisibleOnly]ControlType='Window' &amp;&amp; Name='Save the file as' &amp;&amp; ClassName='#32770') (The object specified was not found.)
\0&lt;/a&gt;
E, 3504, 17, 2013/05/23, 19:21:12.227, 2939005126241, QTAgent32.exe, Playback - [IMAGE] C:\Users\testuser\AppData\Local\Temp\UITestLogs\LastRun\RPF162A.png
\0
W, 3504, 17, 2013/05/23, 19:21:12.227, 2939005128991, QTAgent32.exe, Playback - [WARNING] Internal warning: Couldn't find descendants that match QueryId
\0
W, 3504, 17, 2013/05/23, 19:21:12.227, 2939005135141, QTAgent32.exe, PERF WARNING: FindTopLevelWindowHelper::FindAllDescendents: took 4101 ms. Expected it to take maximum 500 ms.
E, 3504, 17, 2013/05/23, 19:21:12.227, 2939005137499, QTAgent32.exe, Exception: System.Runtime.InteropServices.COMException
	Message: Error HRESULT E_FAIL has been returned from a call to a COM component.
	Stack Trace:    at Microsoft.VisualStudio.TestTools.UITest.Playback.Engine.IRPFPlayback.FindAllScreenElements(IScreenElement pScreenElementStart, String bstrQueryId, Object&amp; pvarResKeys, Int32 cResKeys, Int32 nMaxDepth, Object[]&amp; foundDescendants)
   at Microsoft.VisualStudio.TestTools.UITest.Playback.ScreenElement.FindTopLevelWindowHelper(String queryId)
	BaseExceptionMessage: Error HRESULT E_FAIL has been returned from a call to a COM component.

E, 3504, 17, 2013/05/23, 19:21:12.328, 2939006583100, QTAgent32.exe, AL: Playback Error: Microsoft.VisualStudio.TestTools.UITest.Extension.UITestControlNotFoundException: The playback failed to find the control with the given search properties. Additional Details: 
TechnologyName:  'MSAA'
ControlType:  'Window'
Name:  'Save the file as'
ClassName:  '#32770'
 ---&gt; System.Runtime.InteropServices.COMException: Error HRESULT E_FAIL has been returned from a call to a COM component.
   at Microsoft.VisualStudio.TestTools.UITest.Playback.Engine.IRPFPlayback.FindAllScreenElements(IScreenElement pScreenElementStart, String bstrQueryId, Object&amp; pvarResKeys, Int32 cResKeys, Int32 nMaxDepth, Object[]&amp; foundDescendants)
   at Microsoft.VisualStudio.TestTools.UITest.Playback.ScreenElement.FindTopLevelWindowHelper(String queryId)
   at Microsoft.VisualStudio.TestTools.UITest.Playback.ScreenElement.FindFromPartialQueryId(String queryId)
   at Microsoft.VisualStudio.TestTools.UITesting.UITestControl..ctor(String queryId)
   --- End of inner exception stack trace ---
   at Microsoft.VisualStudio.TestTools.UITesting.Playback.MapControlNotFoundException(COMException ex, IPlaybackContext context)
   at Microsoft.VisualStudio.TestTools.UITesting.Playback.MapAndThrowComException(COMException innerException, IPlaybackContext context)
   at Microsoft.VisualStudio.TestTools.UITesting.Playback.MapAndThrowException(SystemException exception, IPlaybackContext context)
   at Microsoft.VisualStudio.TestTools.UITesting.Playback.MapAndThrowException(SystemException exception, String queryId)
   at Microsoft.VisualStudio.TestTools.UITesting.UITestControl..ctor(String queryId)
   at Microsoft.VisualStudio.TestTools.UITesting.SearchHelper.SearchTopLevelWindow(ISearchArgument topLevelSearchArg, String topLevelElementQueryId)
   at Microsoft.VisualStudio.TestTools.UITesting.SearchHelper.GetTitleUpdatedTopLevelWindow(ISearchArgument topLevelSearchArg, String queryId, IList`1 windowTitles)
   at Microsoft.VisualStudio.TestTools.UITesting.SearchHelper.GetTopLevelElement(Boolean useCache, Boolean useCacheOnly, ISearchArgument searchArg, IList`1 windowTitles, Int32&amp; timeLeft)
   at Microsoft.VisualStudio.TestTools.UITesting.SearchHelper.GetElement(Boolean useCache, ISearchArgument searchArg)
   at Microsoft.VisualStudio.TestTools.UITesting.SearchHelper.Search(ISearchArgument searchArg)
   at Microsoft.VisualStudio.TestTools.UITesting.UITestControl.FindInternal()
   at Microsoft.VisualStudio.TestTools.UITesting.UITestControl.FindControlIfNecessary()
   at Microsoft.VisualStudio.TestTools.UITesting.UITestControl.Click(MouseButtons button, ModifierKeys modifierKeys, Point relativeCoordinates)
   at Microsoft.VisualStudio.TestTools.UITesting.Mouse.ClickImplementation(UITestControl control, MouseButtons button, ModifierKeys modifierKeys, Point relativeCoordinate)
   at Microsoft.VisualStudio.TestTools.UITesting.Mouse.ClickImplementationWrapper(UITestControl control, MouseButtons button, ModifierKeys modifierKeys, Point relativeCoordinate)
W, 3504, 17, 2013/05/23, 19:21:12.329, 2939006588331, QTAgent32.exe, PlaybackErrorHandler: Ignoring exception as ContinueOnError is set.
W, 3504, 17, 2013/05/23, 19:21:12.920, 2939015048468, QTAgent32.exe, &lt;a class=success&gt;Playback - {96} [SUCCESS] MouseButtonClick - "[MSAA, VisibleOnly]ControlType='Button' &amp;&amp; Name='OK'"
\0&lt;/a&gt;
W, 3504, 17, 2013/05/23, 19:21:13.261, 2939019933919, QTAgent32.exe, &lt;a class=success&gt;Playback - {97} [SUCCESS] MouseButtonClick - "[MSAA, VisibleOnly]ControlType='Button' &amp;&amp; Name='Ok'"
\0&lt;/a&gt;
W, 3504, 17, 2013/05/23, 19:21:13.535, 2939023862295, QTAgent32.exe, &lt;a class=success&gt;Playback - {98} [SUCCESS] MouseButtonClick - "[MSAA, VisibleOnly]ControlType='Button' &amp;&amp; Name='Ok'"
\0&lt;/a&gt;
W, 3504, 17, 2013/05/23, 19:21:15.386, 2939050365719, QTAgent32.exe, &lt;a class=success&gt;Playback - {99} [SUCCESS] SetValueAsEditBox "B338TH" - "[MSAA, VisibleOnly]ControlType='Edit'"  &lt; Set via SendKeys &gt;
\0&lt;/a&gt;
W, 3504, 17, 2013/05/23, 19:21:17.619, 2939082333287, QTAgent32.exe, &lt;a class=success&gt;Playback - {100} [SUCCESS] MouseButtonClick - "[MSAA, VisibleOnly]ControlType='Button' &amp;&amp; Name='Lookup...'"
\0&lt;/a&gt;
W, 3504, 17, 2013/05/23, 19:21:17.878, 2939086050433, QTAgent32.exe, &lt;a class=success&gt;Playback - {101} [SUCCESS] MouseButtonClick - "[MSAA, VisibleOnly]ControlType='Button' &amp;&amp; Name='Ok'"
\0&lt;/a&gt;
W, 3504, 17, 2013/05/23, 19:21:18.178, 2939090338511, QTAgent32.exe, &lt;a class=success&gt;Playback - {102} [SUCCESS] MouseButtonClick - "[MSAA, VisibleOnly]ControlType='Button' &amp;&amp; Name='Confirm'"
\0&lt;/a&gt;
W, 3504, 17, 2013/05/23, 19:21:39.264, 2939392251920, QTAgent32.exe, Playback - [WARNING] Internal warning: Window Not Found: [VisibleOnly]ControlType='Window' &amp;&amp; Name='Personal Lines' &amp;&amp; ClassName='#32770'
\0
E, 3504, 17, 2013/05/23, 19:21:39.264, 2939392257107, QTAgent32.exe, &lt;a class=failure&gt;Playback - {103} [FAILED] Function ElementFetcher::FindScreenElement failed to locate UI element (Searching: ;[VisibleOnly]ControlType='Window' &amp;&amp; Name='Personal Lines' &amp;&amp; ClassName='#32770') (The object specified was not found.)
\0&lt;/a&gt;
E, 3504, 17, 2013/05/23, 19:21:39.350, 2939393484659, QTAgent32.exe, Playback - [IMAGE] C:\Users\testuser\AppData\Local\Temp\UITestLogs\LastRun\RPF8024.png
\0
W, 3504, 17, 2013/05/23, 19:21:39.350, 2939393487220, QTAgent32.exe, Playback - [WARNING] Internal warning: Couldn't find descendants that match QueryId
\0
W, 3504, 17, 2013/05/23, 19:21:39.351, 2939393493196, QTAgent32.exe, PERF WARNING: FindTopLevelWindowHelper::FindAllDescendents: took 21072 ms. Expected it to take maximum 500 ms.
W, 3504, 17, 2013/05/23, 19:21:58.583, 2939668865248, QTAgent32.exe, Playback - [WARNING] Internal warning: Window Not Found: [VisibleOnly]ControlType='Window' &amp;&amp; Name='Personal Lines' &amp;&amp; ClassName='#32770'
\0
E, 3504, 17, 2013/05/23, 19:21:58.583, 2939668870195, QTAgent32.exe, &lt;a class=failure&gt;Playback - {104} [FAILED] Function ElementFetcher::FindScreenElement failed to locate UI element (Searching: ;[VisibleOnly]ControlType='Window' &amp;&amp; Name='Personal Lines' &amp;&amp; ClassName='#32770') (The object specified was not found.)
\0&lt;/a&gt;
E, 3504, 17, 2013/05/23, 19:21:58.673, 2939670157444, QTAgent32.exe, Playback - [IMAGE] C:\Users\testuser\AppData\Local\Temp\UITestLogs\LastRun\RPFCB96.png
\0
W, 3504, 17, 2013/05/23, 19:21:58.674, 2939670160399, QTAgent32.exe, Playback - [WARNING] Internal warning: Couldn't find descendants that match QueryId
\0
W, 3504, 17, 2013/05/23, 19:21:58.674, 2939670164351, QTAgent32.exe, PERF WARNING: FindTopLevelWindowHelper::FindAllDescendents: took 19322 ms. Expected it to take maximum 500 ms.
W, 3504, 17, 2013/05/23, 19:22:01.324, 2939708120287, QTAgent32.exe, Playback - [WARNING] Internal warning: Smart Match failed
\0
W, 3504, 17, 2013/05/23, 19:22:02.712, 2939727985332, QTAgent32.exe, Playback - [WARNING] Internal warning: Window Not Found: [VisibleOnly]ControlType='Window' &amp;&amp; Name='Personal Lines' &amp;&amp; ClassName='#32770'
\0
E, 3504, 17, 2013/05/23, 19:22:02.712, 2939727988545, QTAgent32.exe, &lt;a class=failure&gt;Playback - {105} [FAILED] Function ElementFetcher::FindScreenElement failed to locate UI element (Searching: ;[VisibleOnly]ControlType='Window' &amp;&amp; Name='Personal Lines' &amp;&amp; ClassName='#32770') (The object specified was not found.)
\0&lt;/a&gt;
E, 3504, 17, 2013/05/23, 19:22:02.791, 2939729112618, QTAgent32.exe, Playback - [IMAGE] C:\Users\testuser\AppData\Local\Temp\UITestLogs\LastRun\RPFDBBD.png
\0
W, 3504, 17, 2013/05/23, 19:22:02.791, 2939729115363, QTAgent32.exe, Playback - [WARNING] Internal warning: Couldn't find descendants that match QueryId
\0
W, 3504, 17, 2013/05/23, 19:22:02.791, 2939729118552, QTAgent32.exe, PERF WARNING: FindTopLevelWindowHelper::FindAllDescendents: took 4117 ms. Expected it to take maximum 500 ms.
E, 3504, 17, 2013/05/23, 19:22:02.791, 2939729120483, QTAgent32.exe, Exception: System.Runtime.InteropServices.COMException
	Message: Error HRESULT E_FAIL has been returned from a call to a COM component.
	Stack Trace:    at Microsoft.VisualStudio.TestTools.UITest.Playback.Engine.IRPFPlayback.FindAllScreenElements(IScreenElement pScreenElementStart, String bstrQueryId, Object&amp; pvarResKeys, Int32 cResKeys, Int32 nMaxDepth, Object[]&amp; foundDescendants)
   at Microsoft.VisualStudio.TestTools.UITest.Playback.ScreenElement.FindTopLevelWindowHelper(String queryId)
	BaseExceptionMessage: Error HRESULT E_FAIL has been returned from a call to a COM component.

E, 3504, 17, 2013/05/23, 19:22:02.792, 2939729126429, QTAgent32.exe, GetClassName for handle 9175990 failed
E, 3504, 17, 2013/05/23, 19:22:02.793, 2939729137383, QTAgent32.exe, Window 9175990 not responding. Last Win32 error 1400
E, 3504, 17, 2013/05/23, 19:22:02.793, 2939729138663, QTAgent32.exe, GetClassName for handle 9175990 failed
E, 3504, 17, 2013/05/23, 19:22:02.793, 2939729143825, QTAgent32.exe, Window 6620878 not responding. Last Win32 error 1400
E, 3504, 17, 2013/05/23, 19:22:02.793, 2939729144723, QTAgent32.exe, GetClassName for handle 6620878 failed
E, 3504, 17, 2013/05/23, 19:22:02.894, 2939730586884, QTAgent32.exe, AL: Playback Error: Microsoft.VisualStudio.TestTools.UITest.Extension.UITestControlNotAvailableException: The control is not available or not valid. Additional Details: 
TechnologyName:  'MSAA'
Name:  'OK'
ControlType:  'Button'
 ---&gt; Microsoft.VisualStudio.TestTools.UITest.Extension.UITestControlNotAvailableException: The control is not available or not valid. Additional Details: 
TechnologyName:  'MSAA'
ControlType:  'Window'
 ---&gt; System.Runtime.InteropServices.COMException: Error HRESULT E_FAIL has been returned from a call to a COM component.
   at Microsoft.VisualStudio.TestTools.UITest.Playback.Engine.IRPFPlayback.FindAllScreenElements(IScreenElement pScreenElementStart, String bstrQueryId, Object&amp; pvarResKeys, Int32 cResKeys, Int32 nMaxDepth, Object[]&amp; foundDescendants)
   at Microsoft.VisualStudio.TestTools.UITest.Playback.ScreenElement.FindTopLevelWindowHelper(String queryId)
   at Microsoft.VisualStudio.TestTools.UITest.Playback.ScreenElement.FindFromPartialQueryId(String queryId)
   at Microsoft.VisualStudio.TestTools.UITesting.UITestControl.EnsureValid(Boolean waitForReady, Boolean refetch)
   --- End of inner exception stack trace ---
   at Microsoft.VisualStudio.TestTools.UITesting.UITestControl.EnsureValid(Boolean waitForReady, Boolean refetch)
   at Microsoft.VisualStudio.TestTools.UITesting.UITestControl.FindFirstDescendant(String queryId, Int32 maxDepth, Int32&amp; timeLeft)
   at Microsoft.VisualStudio.TestTools.UITesting.UITestControl.FindFirstDescendant(String queryId)
   at Microsoft.VisualStudio.TestTools.UITesting.UITestControl.EnsureValid(Boolean waitForReady, Boolean refetch)
   --- End of inner exception stack trace ---
   at Microsoft.VisualStudio.TestTools.UITesting.UITestControl.EnsureValid(Boolean waitForReady, Boolean refetch)
   at Microsoft.VisualStudio.TestTools.UITesting.UITestControl.Click(MouseButtons button, ModifierKeys modifierKeys, Point relativeCoordinates)
   at Microsoft.VisualStudio.TestTools.UITesting.Mouse.ClickImplementation(UITestControl control, MouseButtons button, ModifierKeys modifierKeys, Point relativeCoordinate)
   at Microsoft.VisualStudio.TestTools.UITesting.Mouse.ClickImplementationWrapper(UITestControl control, MouseButtons button, ModifierKeys modifierKeys, Point relativeCoordinate)
W, 3504, 17, 2013/05/23, 19:22:02.894, 2939730590312, QTAgent32.exe, PlaybackErrorHandler: Ignoring exception as ContinueOnError is set.
W, 3504, 17, 2013/05/23, 19:22:03.036, 2939732623368, QTAgent32.exe, &lt;a class=success&gt;Playback - {106} [SUCCESS] Check - "[MSAA, VisibleOnly]ControlType='CheckBox' &amp;&amp; Name='Defer Printing?'"
\0&lt;/a&gt;
W, 3504, 17, 2013/05/23, 19:22:04.137, 2939748389363, QTAgent32.exe, &lt;a class=success&gt;Playback - {107} [SUCCESS] MouseButtonClick - "[MSAA, VisibleOnly]ControlType='Button' &amp;&amp; Name='Ok'"
\0&lt;/a&gt;
W, 3504, 17, 2013/05/23, 19:22:05.071, 2939761764389, QTAgent32.exe, PERF WARNING: FindTopLevelWindowHelper::FindAllDescendents: took 833 ms. Expected it to take maximum 500 ms.
W, 3504, 17, 2013/05/23, 19:22:05.217, 2939763851796, QTAgent32.exe, &lt;a class=success&gt;Playback - {108} [SUCCESS] Uncheck - "[MSAA, VisibleOnly]ControlType='CheckBox' &amp;&amp; Name='Add Activity'"
\0&lt;/a&gt;
W, 3504, 17, 2013/05/23, 19:22:05.807, 2939772300293, QTAgent32.exe, &lt;a class=success&gt;Playback - {109} [SUCCESS] MouseButtonClick - "[MSAA, VisibleOnly]ControlType='Button' &amp;&amp; Name='Ok'"
\0&lt;/a&gt;
W, 3504, 17, 2013/05/23, 19:22:06.088, 2939776326053, QTAgent32.exe, &lt;a class=success&gt;Playback - {110} [SUCCESS] MouseButtonClick - "[MSAA, VisibleOnly]ControlType='Button' &amp;&amp; Name='Ok'"
\0&lt;/a&gt;
W, 3504, 17, 2013/05/23, 19:22:11.084, 2939847855038, QTAgent32.exe, Playback - [WARNING] Internal warning: Window Not Found: [VisibleOnly]ControlType='Window' &amp;&amp; Name='Transaction to insert' &amp;&amp; ClassName='TfSelectItem'
\0
E, 3504, 17, 2013/05/23, 19:22:11.084, 2939847858702, QTAgent32.exe, &lt;a class=failure&gt;Playback - {111} [FAILED] Function ElementFetcher::FindScreenElement failed to locate UI element (Searching: ;[VisibleOnly]ControlType='Window' &amp;&amp; Name='Transaction to insert' &amp;&amp; ClassName='TfSelectItem') (The object specified was not found.)
\0&lt;/a&gt;
E, 3504, 17, 2013/05/23, 19:22:11.173, 2939849133314, QTAgent32.exe, Playback - [IMAGE] C:\Users\testuser\AppData\Local\Temp\UITestLogs\LastRun\RPFFC68.png
\0
W, 3504, 17, 2013/05/23, 19:22:11.173, 2939849135644, QTAgent32.exe, Playback - [WARNING] Internal warning: Couldn't find descendants that match QueryId
\0
W, 3504, 17, 2013/05/23, 19:22:11.174, 2939849138508, QTAgent32.exe, PERF WARNING: FindTopLevelWindowHelper::FindAllDescendents: took 4984 ms. Expected it to take maximum 500 ms.
W, 3504, 17, 2013/05/23, 19:22:29.213, 2940107437308, QTAgent32.exe, Playback - [WARNING] Internal warning: Window Not Found: [VisibleOnly]ControlType='Window' &amp;&amp; Name='Transaction to insert' &amp;&amp; ClassName='TfSelectItem'
\0
E, 3504, 17, 2013/05/23, 19:22:29.214, 2940107444812, QTAgent32.exe, &lt;a class=failure&gt;Playback - {112} [FAILED] Function ElementFetcher::FindScreenElement failed to locate UI element (Searching: ;[VisibleOnly]ControlType='Window' &amp;&amp; Name='Transaction to insert' &amp;&amp; ClassName='TfSelectItem') (The object specified was not found.)
\0&lt;/a&gt;
E, 3504, 17, 2013/05/23, 19:22:29.296, 2940108613158, QTAgent32.exe, Playback - [IMAGE] C:\Users\testuser\AppData\Local\Temp\UITestLogs\LastRun\RPF4338.png
\0
W, 3504, 17, 2013/05/23, 19:22:29.296, 2940108616052, QTAgent32.exe, Playback - [WARNING] Internal warning: Couldn't find descendants that match QueryId
\0
W, 3504, 17, 2013/05/23, 19:22:29.297, 2940108624107, QTAgent32.exe, PERF WARNING: FindTopLevelWindowHelper::FindAllDescendents: took 18122 ms. Expected it to take maximum 500 ms.
W, 3504, 17, 2013/05/23, 19:22:30.051, 2940119426651, QTAgent32.exe, Playback - [WARNING] Internal warning: Smart Match failed
\0
W, 3504, 17, 2013/05/23, 19:22:30.900, 2940131580454, QTAgent32.exe, Playback - [WARNING] Internal warning: Smart Match failed
\0
W, 3504, 17, 2013/05/23, 19:22:31.743, 2940143651670, QTAgent32.exe, Playback - [WARNING] Internal warning: Smart Match failed
\0
W, 3504, 17, 2013/05/23, 19:22:32.577, 2940155601141, QTAgent32.exe, Playback - [WARNING] Internal warning: Smart Match failed
\0
W, 3504, 17, 2013/05/23, 19:22:33.062, 2940162538089, QTAgent32.exe, Playback - [WARNING] Internal warning: Window Not Found: [VisibleOnly]ControlType='Window' &amp;&amp; Name='Transaction to insert' &amp;&amp; ClassName='TfSelectItem'
\0
E, 3504, 17, 2013/05/23, 19:22:33.062, 2940162542134, QTAgent32.exe, &lt;a class=failure&gt;Playback - {113} [FAILED] Function ElementFetcher::FindScreenElement failed to locate UI element (Searching: ;[VisibleOnly]ControlType='Window' &amp;&amp; Name='Transaction to insert' &amp;&amp; ClassName='TfSelectItem') (The object specified was not found.)
\0&lt;/a&gt;
E, 3504, 17, 2013/05/23, 19:22:33.155, 2940163870251, QTAgent32.exe, Playback - [IMAGE] C:\Users\testuser\AppData\Local\Temp\UITestLogs\LastRun\RPF5246.png
\0
W, 3504, 17, 2013/05/23, 19:22:33.155, 2940163872441, QTAgent32.exe, Playback - [WARNING] Internal warning: Couldn't find descendants that match QueryId
\0
W, 3504, 17, 2013/05/23, 19:22:33.155, 2940163876066, QTAgent32.exe, PERF WARNING: FindTopLevelWindowHelper::FindAllDescendents: took 3858 ms. Expected it to take maximum 500 ms.
E, 3504, 17, 2013/05/23, 19:22:33.155, 2940163878420, QTAgent32.exe, Exception: System.Runtime.InteropServices.COMException
	Message: Error HRESULT E_FAIL has been returned from a call to a COM component.
	Stack Trace:    at Microsoft.VisualStudio.TestTools.UITest.Playback.Engine.IRPFPlayback.FindAllScreenElements(IScreenElement pScreenElementStart, String bstrQueryId, Object&amp; pvarResKeys, Int32 cResKeys, Int32 nMaxDepth, Object[]&amp; foundDescendants)
   at Microsoft.VisualStudio.TestTools.UITest.Playback.ScreenElement.FindTopLevelWindowHelper(String queryId)
	BaseExceptionMessage: Error HRESULT E_FAIL has been returned from a call to a COM component.

E, 3504, 17, 2013/05/23, 19:22:33.155, 2940163883134, QTAgent32.exe, Window 8193140 not responding. Last Win32 error 0
E, 3504, 17, 2013/05/23, 19:22:33.156, 2940163884555, QTAgent32.exe, GetClassName for handle 8193140 failed
E, 3504, 17, 2013/05/23, 19:22:33.156, 2940163890323, QTAgent32.exe, Window 7013620 not responding. Last Win32 error 1400
E, 3504, 17, 2013/05/23, 19:22:33.156, 2940163891622, QTAgent32.exe, GetClassName for handle 7013620 failed
E, 3504, 17, 2013/05/23, 19:22:33.257, 2940165334619, QTAgent32.exe, AL: Playback Error: Microsoft.VisualStudio.TestTools.UITest.Extension.UITestControlNotAvailableException: The control is not available or not valid. Additional Details: 
TechnologyName:  'MSAA'
Name:  'Ok'
ControlType:  'Button'
 ---&gt; Microsoft.VisualStudio.TestTools.UITest.Extension.UITestControlNotAvailableException: The control is not available or not valid. Additional Details: 
TechnologyName:  'MSAA'
Name:  'Transaction to insert'
ClassName:  'TfSelectItem'
ControlType:  'Window'
 ---&gt; System.Runtime.InteropServices.COMException: Error HRESULT E_FAIL has been returned from a call to a COM component.
   at Microsoft.VisualStudio.TestTools.UITest.Playback.Engine.IRPFPlayback.FindAllScreenElements(IScreenElement pScreenElementStart, String bstrQueryId, Object&amp; pvarResKeys, Int32 cResKeys, Int32 nMaxDepth, Object[]&amp; foundDescendants)
   at Microsoft.VisualStudio.TestTools.UITest.Playback.ScreenElement.FindTopLevelWindowHelper(String queryId)
   at Microsoft.VisualStudio.TestTools.UITest.Playback.ScreenElement.FindFromPartialQueryId(String queryId)
   at Microsoft.VisualStudio.TestTools.UITesting.UITestControl.EnsureValid(Boolean waitForReady, Boolean refetch)
   --- End of inner exception stack trace ---
   at Microsoft.VisualStudio.TestTools.UITesting.UITestControl.EnsureValid(Boolean waitForReady, Boolean refetch)
   at Microsoft.VisualStudio.TestTools.UITesting.UITestControl.FindFirstDescendant(String queryId, Int32 maxDepth, Int32&amp; timeLeft)
   at Microsoft.VisualStudio.TestTools.UITesting.UITestControl.FindFirstDescendant(String queryId)
   at Microsoft.VisualStudio.TestTools.UITesting.UITestControl.EnsureValid(Boolean waitForReady, Boolean refetch)
   --- End of inner exception stack trace ---
   at Microsoft.VisualStudio.TestTools.UITesting.UITestControl.EnsureValid(Boolean waitForReady, Boolean refetch)
   at Microsoft.VisualStudio.TestTools.UITesting.UITestControl.Click(MouseButtons button, ModifierKeys modifierKeys, Point relativeCoordinates)
   at Microsoft.VisualStudio.TestTools.UITesting.Mouse.ClickImplementation(UITestControl control, MouseButtons button, ModifierKeys modifierKeys, Point relativeCoordinate)
   at Microsoft.VisualStudio.TestTools.UITesting.Mouse.ClickImplementationWrapper(UITestControl control, MouseButtons button, ModifierKeys modifierKeys, Point relativeCoordinate)
W, 3504, 17, 2013/05/23, 19:22:33.258, 2940165338230, QTAgent32.exe, PlaybackErrorHandler: Ignoring exception as ContinueOnError is set.
W, 3504, 17, 2013/05/23, 19:22:35.407, 2940196114217, QTAgent32.exe, &lt;a class=success&gt;Playback - {114} [SUCCESS] MouseButtonClick - "[MSAA, VisibleOnly]ControlType='Button' &amp;&amp; Name='OK'"
\0&lt;/a&gt;
W, 3504, 17, 2013/05/23, 19:22:35.748, 2940200997185, QTAgent32.exe, &lt;a class=success&gt;Playback - {115} [SUCCESS] MouseButtonClick - "[MSAA, VisibleOnly]ControlType='Button' &amp;&amp; Name='Cancel'"
\0&lt;/a&gt;
W, 3504, 17, 2013/05/23, 19:22:36.166, 2940206989852, QTAgent32.exe, &lt;a class=success&gt;Playback - {116} [SUCCESS] MouseButtonClick - "[MSAA, VisibleOnly]ControlType='Button'"
\0&lt;/a&gt;
W, 3504, 17, 2013/05/23, 19:22:36.804, 2940216128333, QTAgent32.exe, &lt;a class=success&gt;Playback - {117} [SUCCESS] MouseButtonClick - "[MSAA, VisibleOnly]ControlType='Button' &amp;&amp; Name='Detail'"
\0&lt;/a&gt;
W, 3504, 17, 2013/05/23, 19:22:37.046, 2940219584304, QTAgent32.exe, &lt;a class=success&gt;Playback - {118} [SUCCESS] MouseButtonClick - "[MSAA, VisibleOnly]ControlType='Edit'"
\0&lt;/a&gt;
E, 3504, 17, 2013/05/23, 19:22:40.262, 2940265633078, QTAgent32.exe, IEDOM : Could not get valid window handle of Internet Explorer_server
W, 3504, 17, 2013/05/23, 19:22:40.262, 2940265635683, QTAgent32.exe, IEDOM : Unable to get the document Window Handle
W, 3504, 17, 2013/05/23, 19:22:45.960, 2940347220524, QTAgent32.exe, Playback - [WARNING] Internal warning: Window Not Found: [VisibleOnly]ControlType='Window' &amp;&amp; Name='Connect to www.insur-econnect.com'
\0
E, 3504, 17, 2013/05/23, 19:22:45.961, 2940347223972, QTAgent32.exe, &lt;a class=failure&gt;Playback - {119} [FAILED] Function ElementFetcher::FindScreenElement failed to locate UI element (Searching: ;[VisibleOnly]ControlType='Window' &amp;&amp; Name='Connect to www.insur-econnect.com') (The object specified was not found.)
\0&lt;/a&gt;
E, 3504, 17, 2013/05/23, 19:22:46.098, 2940349190858, QTAgent32.exe, Playback - [IMAGE] C:\Users\testuser\AppData\Local\Temp\UITestLogs\LastRun\RPF84AC.png
\0
W, 3504, 17, 2013/05/23, 19:22:46.098, 2940349193244, QTAgent32.exe, Playback - [WARNING] Internal warning: Couldn't find descendants that match QueryId
\0
W, 3504, 17, 2013/05/23, 19:22:46.098, 2940349196515, QTAgent32.exe, PERF WARNING: FindTopLevelWindowHelper::FindAllDescendents: took 1901 ms. Expected it to take maximum 500 ms.
W, 3504, 17, 2013/05/23, 19:23:04.230, 2940608815535, QTAgent32.exe, Playback - [WARNING] Internal warning: Window Not Found: [VisibleOnly]ControlType='Window' &amp;&amp; Name='Connect to www.insur-econnect.com'
\0
E, 3504, 17, 2013/05/23, 19:23:04.230, 2940608819079, QTAgent32.exe, &lt;a class=failure&gt;Playback - {120} [FAILED] Function ElementFetcher::FindScreenElement failed to locate UI element (Searching: ;[VisibleOnly]ControlType='Window' &amp;&amp; Name='Connect to www.insur-econnect.com') (The object specified was not found.)
\0&lt;/a&gt;
E, 3504, 17, 2013/05/23, 19:23:04.354, 2940610594137, QTAgent32.exe, Playback - [IMAGE] C:\Users\testuser\AppData\Local\Temp\UITestLogs\LastRun\RPFCC09.png
\0
W, 3504, 17, 2013/05/23, 19:23:04.355, 2940610596722, QTAgent32.exe, Playback - [WARNING] Internal warning: Couldn't find descendants that match QueryId
\0
W, 3504, 17, 2013/05/23, 19:23:04.355, 2940610600230, QTAgent32.exe, PERF WARNING: FindTopLevelWindowHelper::FindAllDescendents: took 18256 ms. Expected it to take maximum 500 ms.
W, 3504, 17, 2013/05/23, 19:23:04.892, 2940618281942, QTAgent32.exe, Playback - [WARNING] Internal warning: Smart Match failed
\0
W, 3504, 17, 2013/05/23, 19:23:05.380, 2940625267216, QTAgent32.exe, Playback - [WARNING] Internal warning: Smart Match failed
\0
W, 3504, 17, 2013/05/23, 19:23:05.866, 2940632228480, QTAgent32.exe, Playback - [WARNING] Internal warning: Smart Match failed
\0
W, 3504, 17, 2013/05/23, 19:23:06.330, 2940638875719, QTAgent32.exe, Playback - [WARNING] Internal warning: Smart Match failed
\0
W, 3504, 17, 2013/05/23, 19:23:06.803, 2940645652328, QTAgent32.exe, Playback - [WARNING] Internal warning: Smart Match failed
\0
W, 3504, 17, 2013/05/23, 19:23:07.276, 2940652428171, QTAgent32.exe, Playback - [WARNING] Internal warning: Smart Match failed
\0
W, 3504, 17, 2013/05/23, 19:23:07.648, 2940657746674, QTAgent32.exe, Playback - [WARNING] Internal warning: Window Not Found: [VisibleOnly]ControlType='Window' &amp;&amp; Name='Connect to www.insur-econnect.com'
\0
E, 3504, 17, 2013/05/23, 19:23:07.648, 2940657750629, QTAgent32.exe, &lt;a class=failure&gt;Playback - {121} [FAILED] Function ElementFetcher::FindScreenElement failed to locate UI element (Searching: ;[VisibleOnly]ControlType='Window' &amp;&amp; Name='Connect to www.insur-econnect.com') (The object specified was not found.)
\0&lt;/a&gt;
E, 3504, 17, 2013/05/23, 19:23:07.730, 2940658929823, QTAgent32.exe, Playback - [IMAGE] C:\Users\testuser\AppData\Local\Temp\UITestLogs\LastRun\RPFD963.png
\0
W, 3504, 17, 2013/05/23, 19:23:07.730, 2940658932721, QTAgent32.exe, Playback - [WARNING] Internal warning: Couldn't find descendants that match QueryId
\0
W, 3504, 17, 2013/05/23, 19:23:07.731, 2940658936331, QTAgent32.exe, PERF WARNING: FindTopLevelWindowHelper::FindAllDescendents: took 3375 ms. Expected it to take maximum 500 ms.
E, 3504, 17, 2013/05/23, 19:23:07.731, 2940658938260, QTAgent32.exe, Exception: System.Runtime.InteropServices.COMException
	Message: Error HRESULT E_FAIL has been returned from a call to a COM component.
	Stack Trace:    at Microsoft.VisualStudio.TestTools.UITest.Playback.Engine.IRPFPlayback.FindAllScreenElements(IScreenElement pScreenElementStart, String bstrQueryId, Object&amp; pvarResKeys, Int32 cResKeys, Int32 nMaxDepth, Object[]&amp; foundDescendants)
   at Microsoft.VisualStudio.TestTools.UITest.Playback.ScreenElement.FindTopLevelWindowHelper(String queryId)
	BaseExceptionMessage: Error HRESULT E_FAIL has been returned from a call to a COM component.

W, 3504, 17, 2013/05/23, 19:23:09.583, 2940685457398, QTAgent32.exe, Playback - [WARNING] Internal warning: Window Not Found: [VisibleOnly]ControlType='Window' &amp;&amp; Name='Windows Security'
\0
E, 3504, 17, 2013/05/23, 19:23:09.583, 2940685460988, QTAgent32.exe, &lt;a class=failure&gt;Playback - {122} [FAILED] Function ElementFetcher::FindScreenElement failed to locate UI element (Searching: ;[VisibleOnly]ControlType='Window' &amp;&amp; Name='Windows Security') (The object specified was not found.)
\0&lt;/a&gt;
E, 3504, 17, 2013/05/23, 19:23:09.660, 2940686550785, QTAgent32.exe, Playback - [IMAGE] C:\Users\testuser\AppData\Local\Temp\UITestLogs\LastRun\RPFE0F2.png
\0
W, 3504, 17, 2013/05/23, 19:23:09.660, 2940686552922, QTAgent32.exe, Playback - [WARNING] Internal warning: Couldn't find descendants that match QueryId
\0
W, 3504, 17, 2013/05/23, 19:23:09.660, 2940686556032, QTAgent32.exe, PERF WARNING: FindTopLevelWindowHelper::FindAllDescendents: took 1928 ms. Expected it to take maximum 500 ms.
W, 3504, 17, 2013/05/23, 19:23:27.692, 2940944752172, QTAgent32.exe, Playback - [WARNING] Internal warning: Window Not Found: [VisibleOnly]ControlType='Window' &amp;&amp; Name='Windows Security'
\0
E, 3504, 17, 2013/05/23, 19:23:27.693, 2940944759568, QTAgent32.exe, &lt;a class=failure&gt;Playback - {123} [FAILED] Function ElementFetcher::FindScreenElement failed to locate UI element (Searching: ;[VisibleOnly]ControlType='Window' &amp;&amp; Name='Windows Security') (The object specified was not found.)
\0&lt;/a&gt;
E, 3504, 17, 2013/05/23, 19:23:27.778, 2940945980919, QTAgent32.exe, Playback - [IMAGE] C:\Users\testuser\AppData\Local\Temp\UITestLogs\LastRun\RPF27B3.png
\0
W, 3504, 17, 2013/05/23, 19:23:27.778, 2940945983576, QTAgent32.exe, Playback - [WARNING] Internal warning: Couldn't find descendants that match QueryId
\0
W, 3504, 17, 2013/05/23, 19:23:27.779, 2940945993069, QTAgent32.exe, PERF WARNING: FindTopLevelWindowHelper::FindAllDescendents: took 18119 ms. Expected it to take maximum 500 ms.
W, 3504, 17, 2013/05/23, 19:23:28.303, 2940953494088, QTAgent32.exe, Playback - [WARNING] Internal warning: Smart Match failed
\0
W, 3504, 17, 2013/05/23, 19:23:28.806, 2940960685984, QTAgent32.exe, Playback - [WARNING] Internal warning: Smart Match failed
\0
W, 3504, 17, 2013/05/23, 19:23:29.295, 2940967693596, QTAgent32.exe, Playback - [WARNING] Internal warning: Smart Match failed
\0
W, 3504, 17, 2013/05/23, 19:23:29.794, 2940974835799, QTAgent32.exe, Playback - [WARNING] Internal warning: Smart Match failed
\0
W, 3504, 17, 2013/05/23, 19:23:30.297, 2940982039164, QTAgent32.exe, Playback - [WARNING] Internal warning: Smart Match failed
\0
W, 3504, 17, 2013/05/23, 19:23:30.772, 2940988845635, QTAgent32.exe, Playback - [WARNING] Internal warning: Smart Match failed
\0
W, 3504, 17, 2013/05/23, 19:23:31.106, 2940993620745, QTAgent32.exe, Playback - [WARNING] Internal warning: Window Not Found: [VisibleOnly]ControlType='Window' &amp;&amp; Name='Windows Security'
\0
E, 3504, 17, 2013/05/23, 19:23:31.106, 2940993623605, QTAgent32.exe, &lt;a class=failure&gt;Playback - {124} [FAILED] Function ElementFetcher::FindScreenElement failed to locate UI element (Searching: ;[VisibleOnly]ControlType='Window' &amp;&amp; Name='Windows Security') (The object specified was not found.)
\0&lt;/a&gt;
E, 3504, 17, 2013/05/23, 19:23:31.180, 2940994693349, QTAgent32.exe, Playback - [IMAGE] C:\Users\testuser\AppData\Local\Temp\UITestLogs\LastRun\RPF350C.png
\0
W, 3504, 17, 2013/05/23, 19:23:31.181, 2940994695882, QTAgent32.exe, Playback - [WARNING] Internal warning: Couldn't find descendants that match QueryId
\0
W, 3504, 17, 2013/05/23, 19:23:31.181, 2940994699168, QTAgent32.exe, PERF WARNING: FindTopLevelWindowHelper::FindAllDescendents: took 3401 ms. Expected it to take maximum 500 ms.
E, 3504, 17, 2013/05/23, 19:23:31.183, 2940994725782, QTAgent32.exe, Exception: System.Runtime.InteropServices.COMException
	Message: Error HRESULT E_FAIL has been returned from a call to a COM component.
	Stack Trace:    at Microsoft.VisualStudio.TestTools.UITest.Playback.Engine.IRPFPlayback.FindAllScreenElements(IScreenElement pScreenElementStart, String bstrQueryId, Object&amp; pvarResKeys, Int32 cResKeys, Int32 nMaxDepth, Object[]&amp; foundDescendants)
   at Microsoft.VisualStudio.TestTools.UITest.Playback.ScreenElement.FindTopLevelWindowHelper(String queryId)
	BaseExceptionMessage: Error HRESULT E_FAIL has been returned from a call to a COM component.

E, 3504, 17, 2013/05/23, 19:23:31.284, 2940996178392, QTAgent32.exe, AL: Playback Error: Microsoft.VisualStudio.TestTools.UITest.Extension.UITestControlNotFoundException: The playback failed to find the control with the given search properties. Additional Details: 
TechnologyName:  'MSAA'
ControlType:  'Window'
Name:  'Windows Security'
 ---&gt; System.Runtime.InteropServices.COMException: Error HRESULT E_FAIL has been returned from a call to a COM component.
   at Microsoft.VisualStudio.TestTools.UITest.Playback.Engine.IRPFPlayback.FindAllScreenElements(IScreenElement pScreenElementStart, String bstrQueryId, Object&amp; pvarResKeys, Int32 cResKeys, Int32 nMaxDepth, Object[]&amp; foundDescendants)
   at Microsoft.VisualStudio.TestTools.UITest.Playback.ScreenElement.FindTopLevelWindowHelper(String queryId)
   at Microsoft.VisualStudio.TestTools.UITest.Playback.ScreenElement.FindFromPartialQueryId(String queryId)
   at Microsoft.VisualStudio.TestTools.UITesting.UITestControl..ctor(String queryId)
   --- End of inner exception stack trace ---
   at Microsoft.VisualStudio.TestTools.UITesting.Playback.MapControlNotFoundException(COMException ex, IPlaybackContext context)
   at Microsoft.VisualStudio.TestTools.UITesting.Playback.MapAndThrowComException(COMException innerException, IPlaybackContext context)
   at Microsoft.VisualStudio.TestTools.UITesting.Playback.MapAndThrowException(SystemException exception, IPlaybackContext context)
   at Microsoft.VisualStudio.TestTools.UITesting.Playback.MapAndThrowException(SystemException exception, String queryId)
   at Microsoft.VisualStudio.TestTools.UITesting.UITestControl..ctor(String queryId)
   at Microsoft.VisualStudio.TestTools.UITesting.SearchHelper.SearchTopLevelWindow(ISearchArgument topLevelSearchArg, String topLevelElementQueryId)
   at Microsoft.VisualStudio.TestTools.UITesting.SearchHelper.GetTitleUpdatedTopLevelWindow(ISearchArgument topLevelSearchArg, String queryId, IList`1 windowTitles)
   at Microsoft.VisualStudio.TestTools.UITesting.SearchHelper.GetTopLevelElement(Boolean useCache, Boolean useCacheOnly, ISearchArgument searchArg, IList`1 windowTitles, Int32&amp; timeLeft)
   at Microsoft.VisualStudio.TestTools.UITesting.SearchHelper.GetElement(Boolean useCache, ISearchArgument searchArg)
   at Microsoft.VisualStudio.TestTools.UITesting.SearchHelper.Search(ISearchArgument searchArg)
   at Microsoft.VisualStudio.TestTools.UITesting.UITestControl.FindInternal()
   at Microsoft.VisualStudio.TestTools.UITesting.UITestControl.FindControlIfNecessary()
   at Microsoft.VisualStudio.TestTools.UITesting.UITestControl.SendKeys(String text, ModifierKeys modifierKeys, Boolean isEncoded, Boolean isUnicode)
   at Microsoft.VisualStudio.TestTools.UITesting.Keyboard.SendKeysImplementation(UITestControl control, String text, ModifierKeys modifierKeys, Boolean isEncoded, Boolean isUnicode)
   at Microsoft.VisualStudio.TestTools.UITesting.Keyboard.SendKeysImplementationWrapper(UITestControl control, String text, ModifierKeys modifierKeys, Boolean isEncoded, Boolean isUnicode)
W, 3504, 17, 2013/05/23, 19:23:31.284, 2940996181348, QTAgent32.exe, PlaybackErrorHandler: Ignoring exception as ContinueOnError is set.
W, 3504, 17, 2013/05/23, 19:23:33.001, 2941020754639, QTAgent32.exe, Playback - [WARNING] Internal warning: Window Not Found: [VisibleOnly]ControlType='Window' &amp;&amp; Name='Windows Security'
\0
E, 3504, 17, 2013/05/23, 19:23:33.001, 2941020758060, QTAgent32.exe, &lt;a class=failure&gt;Playback - {125} [FAILED] Function ElementFetcher::FindScreenElement failed to locate UI element (Searching: ;[VisibleOnly]ControlType='Window' &amp;&amp; Name='Windows Security') (The object specified was not found.)
\0&lt;/a&gt;
E, 3504, 17, 2013/05/23, 19:23:33.086, 2941021969206, QTAgent32.exe, Playback - [IMAGE] C:\Users\testuser\AppData\Local\Temp\UITestLogs\LastRun\RPF3C6D.png
\0
W, 3504, 17, 2013/05/23, 19:23:33.086, 2941021971656, QTAgent32.exe, Playback - [WARNING] Internal warning: Couldn't find descendants that match QueryId
\0
W, 3504, 17, 2013/05/23, 19:23:33.086, 2941021975454, QTAgent32.exe, PERF WARNING: FindTopLevelWindowHelper::FindAllDescendents: took 1801 ms. Expected it to take maximum 500 ms.
W, 3504, 17, 2013/05/23, 19:23:51.181, 2941281067126, QTAgent32.exe, Playback - [WARNING] Internal warning: Window Not Found: [VisibleOnly]ControlType='Window' &amp;&amp; Name='Windows Security'
\0
E, 3504, 17, 2013/05/23, 19:23:51.181, 2941281071634, QTAgent32.exe, &lt;a class=failure&gt;Playback - {126} [FAILED] Function ElementFetcher::FindScreenElement failed to locate UI element (Searching: ;[VisibleOnly]ControlType='Window' &amp;&amp; Name='Windows Security') (The object specified was not found.)
\0&lt;/a&gt;
E, 3504, 17, 2013/05/23, 19:23:51.259, 2941282176858, QTAgent32.exe, Playback - [IMAGE] C:\Users\testuser\AppData\Local\Temp\UITestLogs\LastRun\RPF837B.png
\0
W, 3504, 17, 2013/05/23, 19:23:51.259, 2941282179091, QTAgent32.exe, Playback - [WARNING] Internal warning: Couldn't find descendants that match QueryId
\0
W, 3504, 17, 2013/05/23, 19:23:51.259, 2941282184609, QTAgent32.exe, PERF WARNING: FindTopLevelWindowHelper::FindAllDescendents: took 18173 ms. Expected it to take maximum 500 ms.
W, 3504, 17, 2013/05/23, 19:23:51.764, 2941289413127, QTAgent32.exe, Playback - [WARNING] Internal warning: Smart Match failed
\0
W, 3504, 17, 2013/05/23, 19:23:52.214, 2941295852391, QTAgent32.exe, Playback - [WARNING] Internal warning: Smart Match failed
\0
W, 3504, 17, 2013/05/23, 19:23:52.673, 2941302429951, QTAgent32.exe, Playback - [WARNING] Internal warning: Smart Match failed
\0
W, 3504, 17, 2013/05/23, 19:23:53.162, 2941309428588, QTAgent32.exe, Playback - [WARNING] Internal warning: Smart Match failed
\0
W, 3504, 17, 2013/05/23, 19:23:53.643, 2941316318809, QTAgent32.exe, Playback - [WARNING] Internal warning: Smart Match failed
\0
W, 3504, 17, 2013/05/23, 19:23:54.122, 2941323173586, QTAgent32.exe, Playback - [WARNING] Internal warning: Smart Match failed
\0
W, 3504, 17, 2013/05/23, 19:23:54.479, 2941328287656, QTAgent32.exe, Playback - [WARNING] Internal warning: Window Not Found: [VisibleOnly]ControlType='Window' &amp;&amp; Name='Windows Security'
\0
E, 3504, 17, 2013/05/23, 19:23:54.479, 2941328290689, QTAgent32.exe, &lt;a class=failure&gt;Playback - {127} [FAILED] Function ElementFetcher::FindScreenElement failed to locate UI element (Searching: ;[VisibleOnly]ControlType='Window' &amp;&amp; Name='Windows Security') (The object specified was not found.)
\0&lt;/a&gt;
E, 3504, 17, 2013/05/23, 19:23:54.563, 2941329493554, QTAgent32.exe, Playback - [IMAGE] C:\Users\testuser\AppData\Local\Temp\UITestLogs\LastRun\RPF9058.png
\0
W, 3504, 17, 2013/05/23, 19:23:54.563, 2941329495848, QTAgent32.exe, Playback - [WARNING] Internal warning: Couldn't find descendants that match QueryId
\0
W, 3504, 17, 2013/05/23, 19:23:54.564, 2941329499481, QTAgent32.exe, PERF WARNING: FindTopLevelWindowHelper::FindAllDescendents: took 3304 ms. Expected it to take maximum 500 ms.
E, 3504, 17, 2013/05/23, 19:23:54.564, 2941329501656, QTAgent32.exe, Exception: System.Runtime.InteropServices.COMException
	Message: Error HRESULT E_FAIL has been returned from a call to a COM component.
	Stack Trace:    at Microsoft.VisualStudio.TestTools.UITest.Playback.Engine.IRPFPlayback.FindAllScreenElements(IScreenElement pScreenElementStart, String bstrQueryId, Object&amp; pvarResKeys, Int32 cResKeys, Int32 nMaxDepth, Object[]&amp; foundDescendants)
   at Microsoft.VisualStudio.TestTools.UITest.Playback.ScreenElement.FindTopLevelWindowHelper(String queryId)
	BaseExceptionMessage: Error HRESULT E_FAIL has been returned from a call to a COM component.

E, 3504, 17, 2013/05/23, 19:23:54.665, 2941330946122, QTAgent32.exe, AL: Playback Error: Microsoft.VisualStudio.TestTools.UITest.Extension.UITestControlNotFoundException: The playback failed to find the control with the given search properties. Additional Details: 
TechnologyName:  'MSAA'
ControlType:  'Window'
Name:  'Windows Security'
 ---&gt; System.Runtime.InteropServices.COMException: Error HRESULT E_FAIL has been returned from a call to a COM component.
   at Microsoft.VisualStudio.TestTools.UITest.Playback.Engine.IRPFPlayback.FindAllScreenElements(IScreenElement pScreenElementStart, String bstrQueryId, Object&amp; pvarResKeys, Int32 cResKeys, Int32 nMaxDepth, Object[]&amp; foundDescendants)
   at Microsoft.VisualStudio.TestTools.UITest.Playback.ScreenElement.FindTopLevelWindowHelper(String queryId)
   at Microsoft.VisualStudio.TestTools.UITest.Playback.ScreenElement.FindFromPartialQueryId(String queryId)
   at Microsoft.VisualStudio.TestTools.UITesting.UITestControl..ctor(String queryId)
   --- End of inner exception stack trace ---
   at Microsoft.VisualStudio.TestTools.UITesting.Playback.MapControlNotFoundException(COMException ex, IPlaybackContext context)
   at Microsoft.VisualStudio.TestTools.UITesting.Playback.MapAndThrowComException(COMException innerException, IPlaybackContext context)
   at Microsoft.VisualStudio.TestTools.UITesting.Playback.MapAndThrowException(SystemException exception, IPlaybackContext context)
   at Microsoft.VisualStudio.TestTools.UITesting.Playback.MapAndThrowException(SystemException exception, String queryId)
   at Microsoft.VisualStudio.TestTools.UITesting.UITestControl..ctor(String queryId)
   at Microsoft.VisualStudio.TestTools.UITesting.SearchHelper.SearchTopLevelWindow(ISearchArgument topLevelSearchArg, String topLevelElementQueryId)
   at Microsoft.VisualStudio.TestTools.UITesting.SearchHelper.GetTitleUpdatedTopLevelWindow(ISearchArgument topLevelSearchArg, String queryId, IList`1 windowTitles)
   at Microsoft.VisualStudio.TestTools.UITesting.SearchHelper.GetTopLevelElement(Boolean useCache, Boolean useCacheOnly, ISearchArgument searchArg, IList`1 windowTitles, Int32&amp; timeLeft)
   at Microsoft.VisualStudio.TestTools.UITesting.SearchHelper.GetElement(Boolean useCache, ISearchArgument searchArg)
   at Microsoft.VisualStudio.TestTools.UITesting.SearchHelper.Search(ISearchArgument searchArg)
   at Microsoft.VisualStudio.TestTools.UITesting.UITestControl.FindInternal()
   at Microsoft.VisualStudio.TestTools.UITesting.UITestControl.FindControlIfNecessary()
   at Microsoft.VisualStudio.TestTools.UITesting.UITestControl.Click(MouseButtons button, ModifierKeys modifierKeys, Point relativeCoordinates)
   at Microsoft.VisualStudio.TestTools.UITesting.Mouse.ClickImplementation(UITestControl control, MouseButtons button, ModifierKeys modifierKeys, Point relativeCoordinate)
   at Microsoft.VisualStudio.TestTools.UITesting.Mouse.ClickImplementationWrapper(UITestControl control, MouseButtons button, ModifierKeys modifierKeys, Point relativeCoordinate)
W, 3504, 17, 2013/05/23, 19:23:54.665, 2941330949788, QTAgent32.exe, PlaybackErrorHandler: Ignoring exception as ContinueOnError is set.
W, 3504, 17, 2013/05/23, 19:23:55.945, 2941349277458, QTAgent32.exe, &lt;a class=success&gt;Playback - {128} [SUCCESS] MouseButtonClick - "[Web]ControlType='Hyperlink' &amp;&amp; TagName='A' &amp;&amp; Id='' &amp;&amp; Name='' &amp;&amp; Target='' &amp;&amp; InnerText='Renewals Maintenance' &amp;&amp; FilterCondition(AbsolutePath='/sysmaint/content/leftbar.asp', Title='', Href='https://www.insur-econnect.com/sysmaint/content/leftbar.asp#', Class='', ControlDefinition='style="COLOR: white" href="#"', TagInstance='39')"
\0&lt;/a&gt;
W, 3504, 17, 2013/05/23, 19:23:56.417, 2941356032221, QTAgent32.exe, &lt;a class=success&gt;Playback - {129} [SUCCESS] MouseButtonClick - "[Web]ControlType='Hyperlink' &amp;&amp; TagName='A' &amp;&amp; Id='' &amp;&amp; Name='' &amp;&amp; Target='content' &amp;&amp; InnerText='Create a Household Test Renewal Invitation' &amp;&amp; FilterCondition(AbsolutePath='/sysmaint/content/AddHouseholdTestRenewalNotice.asp', Title='', Href='https://www.insur-econnect.com/sysmaint/content/AddHouseholdTestRenewalNotice.asp', Class='itemlink', ControlDefinition='class=itemlink href="AddHouseholdTestRen', TagInstance='2')"
\0&lt;/a&gt;
E, 3504, 17, 2013/05/23, 19:23:58.750, 2941389446310, QTAgent32.exe, Exception: System.NotSupportedException
	Message: Internal Error: This method on IEWebControlElement should not get called.
	Stack Trace:    at Microsoft.VisualStudio.TestTools.UITest.Extension.IE.BrowserOptionElementNode.InvokeProgrammaticAction(ProgrammaticActionOption programmaticActionOption)
	BaseExceptionMessage: Internal Error: This method on IEWebControlElement should not get called.

W, 3504, 17, 2013/05/23, 19:23:58.995, 2941392945637, QTAgent32.exe, &lt;a class=success&gt;Playback - {130} [SUCCESS] SetValueAsComboBox "Covea Insurance plc (formerly MMA)" - "[Web]ControlType='ComboBox' &amp;&amp; TagName='SELECT' &amp;&amp; Id='InsurerID' &amp;&amp; Name='InsurerID' &amp;&amp; FilterCondition(Size='0', LabeledBy='', Title='', ItemCount='54', Class='', ControlDefinition='id=InsurerID onchange=selectInsurer() na', TagInstance='1')"  &lt; SetValueAsComboBox, set by clicking on the item in the list box &gt;
\0&lt;/a&gt;
W, 3504, 17, 2013/05/23, 19:23:59.889, 2941405748027, QTAgent32.exe, &lt;a class=success&gt;Playback - {131} [SUCCESS] SetValueAsEditBox "81588888001768" - "[Web]ControlType='Edit' &amp;&amp; TagName='INPUT' &amp;&amp; Id='' &amp;&amp; Name='txtPolicyNumber' &amp;&amp; LabeledBy='' &amp;&amp; Type='SINGLELINE' &amp;&amp; FilterCondition(Title='', Class='', ControlDefinition='onchange=enableButtons() name=txtPolicyN', TagInstance='1')"  &lt; Set via SendKeys &gt;
\0&lt;/a&gt;
W, 3504, 17, 2013/05/23, 19:24:00.172, 2941409793695, QTAgent32.exe, &lt;a class=success&gt;Playback - {132} [SUCCESS] SendKeys "^{HOME}" - "[Web]ControlType='Edit' &amp;&amp; TagName='INPUT' &amp;&amp; Id='' &amp;&amp; Name='txtRenewalDate' &amp;&amp; LabeledBy='' &amp;&amp; Type='SINGLELINE' &amp;&amp; FilterCondition(Title='', Class='', ControlDefinition='onchange=enableButtons() name=txtRenewal', TagInstance='2')"
\0&lt;/a&gt;
E, 3504, 17, 2013/05/23, 19:24:00.172, 2941409797320, QTAgent32.exe, Msaa.GetFocusedElement: could not find accessible object of foreground window
W, 3504, 17, 2013/05/23, 19:24:00.404, 2941413119885, QTAgent32.exe, &lt;a class=success&gt;Playback - {133} [SUCCESS] SendKeys "^+{END}" - "[Web]ControlType='Edit' &amp;&amp; TagName='INPUT' &amp;&amp; Id='' &amp;&amp; Name='txtRenewalDate' &amp;&amp; LabeledBy='' &amp;&amp; Type='SINGLELINE' &amp;&amp; FilterCondition(Title='', Class='', ControlDefinition='onchange=enableButtons() name=txtRenewal', TagInstance='2')"
\0&lt;/a&gt;
E, 3504, 17, 2013/05/23, 19:24:00.404, 2941413122799, QTAgent32.exe, Msaa.GetFocusedElement: could not find accessible object of foreground window
W, 3504, 17, 2013/05/23, 19:24:00.436, 2941413572845, QTAgent32.exe, &lt;a class=success&gt;Playback - {134} [SUCCESS] SendKeys "{DELETE}" - "[Web]ControlType='Edit' &amp;&amp; TagName='INPUT' &amp;&amp; Id='' &amp;&amp; Name='txtRenewalDate' &amp;&amp; LabeledBy='' &amp;&amp; Type='SINGLELINE' &amp;&amp; FilterCondition(Title='', Class='', ControlDefinition='onchange=enableButtons() name=txtRenewal', TagInstance='2')"
\0&lt;/a&gt;
W, 3504, 17, 2013/05/23, 19:24:00.720, 2941417648306, QTAgent32.exe, &lt;a class=success&gt;Playback - {135} [SUCCESS] SetValueAsEditBox "30/05/2013" - "[Web]ControlType='Edit' &amp;&amp; TagName='INPUT' &amp;&amp; Id='' &amp;&amp; Name='txtRenewalDate' &amp;&amp; LabeledBy='' &amp;&amp; Type='SINGLELINE' &amp;&amp; FilterCondition(Title='', Class='', ControlDefinition='onchange=enableButtons() name=txtRenewal', TagInstance='2')"  &lt; Set via SendKeys &gt;
\0&lt;/a&gt;
W, 3504, 17, 2013/05/23, 19:24:00.977, 2941421316395, QTAgent32.exe, &lt;a class=success&gt;Playback - {136} [SUCCESS] SendKeys "^{HOME}" - "[Web]ControlType='Edit' &amp;&amp; TagName='INPUT' &amp;&amp; Id='' &amp;&amp; Name='txtAutoLapseDate' &amp;&amp; LabeledBy='' &amp;&amp; Type='SINGLELINE' &amp;&amp; FilterCondition(Title='', Class='', ControlDefinition='onchange=enableButtons() name=txtAutoLap', TagInstance='4')"
\0&lt;/a&gt;
E, 3504, 17, 2013/05/23, 19:24:00.977, 2941421319692, QTAgent32.exe, Msaa.GetFocusedElement: could not find accessible object of foreground window
W, 3504, 17, 2013/05/23, 19:24:01.123, 2941423410016, QTAgent32.exe, &lt;a class=success&gt;Playback - {137} [SUCCESS] SendKeys "^+{END}" - "[Web]ControlType='Edit' &amp;&amp; TagName='INPUT' &amp;&amp; Id='' &amp;&amp; Name='txtAutoLapseDate' &amp;&amp; LabeledBy='' &amp;&amp; Type='SINGLELINE' &amp;&amp; FilterCondition(Title='', Class='', ControlDefinition='onchange=enableButtons() name=txtAutoLap', TagInstance='4')"
\0&lt;/a&gt;
E, 3504, 17, 2013/05/23, 19:24:01.123, 2941423414178, QTAgent32.exe, Msaa.GetFocusedElement: could not find accessible object of foreground window
W, 3504, 17, 2013/05/23, 19:24:01.217, 2941424760033, QTAgent32.exe, &lt;a class=success&gt;Playback - {138} [SUCCESS] SendKeys "{DELETE}" - "[Web]ControlType='Edit' &amp;&amp; TagName='INPUT' &amp;&amp; Id='' &amp;&amp; Name='txtAutoLapseDate' &amp;&amp; LabeledBy='' &amp;&amp; Type='SINGLELINE' &amp;&amp; FilterCondition(Title='', Class='', ControlDefinition='onchange=enableButtons() name=txtAutoLap', TagInstance='4')"
\0&lt;/a&gt;
W, 3504, 17, 2013/05/23, 19:24:01.511, 2941428967296, QTAgent32.exe, &lt;a class=success&gt;Playback - {139} [SUCCESS] SetValueAsEditBox "30/05/2013" - "[Web]ControlType='Edit' &amp;&amp; TagName='INPUT' &amp;&amp; Id='' &amp;&amp; Name='txtAutoLapseDate' &amp;&amp; LabeledBy='' &amp;&amp; Type='SINGLELINE' &amp;&amp; FilterCondition(Title='', Class='', ControlDefinition='onchange=enableButtons() name=txtAutoLap', TagInstance='4')"  &lt; Set via SendKeys &gt;
\0&lt;/a&gt;
W, 3504, 17, 2013/05/23, 19:24:01.808, 2941433218588, QTAgent32.exe, &lt;a class=success&gt;Playback - {140} [SUCCESS] MouseButtonClick - "[Web]ControlType='Edit' &amp;&amp; TagName='TEXTAREA' &amp;&amp; Id='' &amp;&amp; Name='txtClientXml' &amp;&amp; LabeledBy='' &amp;&amp; FilterCondition(Title='', Class='', ControlDefinition='onchange=enableButtons() wrap=off cols=5', TagInstance='1')"
\0&lt;/a&gt;
W, 3504, 17, 2013/05/23, 19:24:02.114, 2941437606050, QTAgent32.exe, &lt;a class=success&gt;Playback - {141} [SUCCESS] MouseButtonClick - "[Web]ControlType='Button' &amp;&amp; TagName='INPUT' &amp;&amp; Id='getXmlButton' &amp;&amp; Name='getXmlButton' &amp;&amp; FilterCondition(DisplayText='Get XML from Server', Type='button', Title='Click to get xml from server', Class='', ControlDefinition='id=getXmlButton title="Click to get xml ', TagInstance='5')"
\0&lt;/a&gt;
W, 3504, 17, 2013/05/23, 19:24:02.480, 2941442846281, QTAgent32.exe, &lt;a class=success&gt;Playback - {142} [SUCCESS] MouseButtonClick - "[Web]ControlType='Button' &amp;&amp; TagName='INPUT' &amp;&amp; Id='buttonCreate' &amp;&amp; Name='buttonCreate' &amp;&amp; FilterCondition(DisplayText='  Create Record  ', Type='button', Title='Click to create the new record', Class='', ControlDefinition='id=buttonCreate title="Click to create t', TagInstance='6')"
\0&lt;/a&gt;
W, 3504, 17, 2013/05/23, 19:24:04.879, 2941477186461, QTAgent32.exe, &lt;a class=success&gt;Playback - {143} [SUCCESS] MouseButtonClick - "[MSAA, VisibleOnly]ControlType='Button' &amp;&amp; Name='OK'"
\0&lt;/a&gt;
W, 3504, 17, 2013/05/23, 19:24:10.073, 2941551557292, QTAgent32.exe, &lt;a class=success&gt;Playback - {144} [SUCCESS] TypeString "%({F4})"
\0&lt;/a&gt;
W, 3504, 17, 2013/05/23, 19:24:10.798, 2941561945819, QTAgent32.exe, &lt;a class=success&gt;Playback - {145} [SUCCESS] SendKeys "^{HOME}" - "[MSAA, VisibleOnly]ControlType='Edit'"
\0&lt;/a&gt;
E, 3504, 17, 2013/05/23, 19:24:10.799, 2941561954009, QTAgent32.exe, Msaa.GetFocusedElement: could not find accessible object of foreground window
W, 3504, 17, 2013/05/23, 19:24:10.887, 2941563225744, QTAgent32.exe, &lt;a class=success&gt;Playback - {146} [SUCCESS] SendKeys "^+{END}" - "[MSAA, VisibleOnly]ControlType='Edit'"
\0&lt;/a&gt;
E, 3504, 17, 2013/05/23, 19:24:10.888, 2941563229472, QTAgent32.exe, Msaa.GetFocusedElement: could not find accessible object of foreground window
W, 3504, 17, 2013/05/23, 19:24:10.917, 2941563651237, QTAgent32.exe, &lt;a class=success&gt;Playback - {147} [SUCCESS] SendKeys "{DELETE}" - "[MSAA, VisibleOnly]ControlType='Edit'"
\0&lt;/a&gt;
W, 3504, 17, 2013/05/23, 19:24:11.511, 2941572149582, QTAgent32.exe, &lt;a class=success&gt;Playback - {148} [SUCCESS] SetValueAsEditBox "30/05/2012" - "[MSAA, VisibleOnly]ControlType='Edit'"  &lt; Set via SendKeys &gt;
\0&lt;/a&gt;
W, 3504, 17, 2013/05/23, 19:24:11.889, 2941577556551, QTAgent32.exe, &lt;a class=success&gt;Playback - {149} [SUCCESS] MouseButtonClick - "[MSAA, VisibleOnly]ControlType='Button' &amp;&amp; Name='OK'"
\0&lt;/a&gt;
W, 3504, 17, 2013/05/23, 19:24:12.147, 2941581252120, QTAgent32.exe, &lt;a class=success&gt;Playback - {150} [SUCCESS] MouseButtonClick - "[MSAA, VisibleOnly]ControlType='Client'"
\0&lt;/a&gt;
W, 3504, 17, 2013/05/23, 19:24:12.757, 2941589995000, QTAgent32.exe, &lt;a class=success&gt;Playback - {151} [SUCCESS] MouseButtonClick - "[MSAA, VisibleOnly]ControlType='Client'"
\0&lt;/a&gt;
W, 3504, 17, 2013/05/23, 19:24:15.074, 2941623176107, QTAgent32.exe, &lt;a class=success&gt;Playback - {152} [SUCCESS] SetValueAsEditBox "AUTO206" - "[MSAA, VisibleOnly]ControlType='Edit'"  &lt; Set via SendKeys &gt;
\0&lt;/a&gt;
W, 3504, 17, 2013/05/23, 19:24:15.521, 2941629572138, QTAgent32.exe, &lt;a class=success&gt;Playback - {153} [SUCCESS] SetValueAsEditBox "-1001" - "[MSAA, VisibleOnly]ControlType='Edit'"  &lt; Set via SendKeys &gt;
\0&lt;/a&gt;
W, 3504, 17, 2013/05/23, 19:24:15.988, 2941636250576, QTAgent32.exe, Playback - [WARNING] Internal warning: Incorrect flag set for InvokeProgrammaticAction\0
W, 3504, 17, 2013/05/23, 19:24:16.111, 2941638010760, QTAgent32.exe, &lt;a class=success&gt;Playback - {154} [SUCCESS] SetValueAsComboBox "Household" - "[MSAA, VisibleOnly]ControlType='ComboBox'"  &lt; SetValueAsComboBox, set by clicking on the item in the list box &gt;
\0&lt;/a&gt;
W, 3504, 17, 2013/05/23, 19:24:16.399, 2941642133914, QTAgent32.exe, &lt;a class=success&gt;Playback - {155} [SUCCESS] SendKeys "^{HOME}" - "[MSAA, VisibleOnly]ControlType='Edit'"
\0&lt;/a&gt;
E, 3504, 17, 2013/05/23, 19:24:16.399, 2941642137240, QTAgent32.exe, Msaa.GetFocusedElement: could not find accessible object of foreground window
W, 3504, 17, 2013/05/23, 19:24:16.461, 2941643020461, QTAgent32.exe, &lt;a class=success&gt;Playback - {156} [SUCCESS] SendKeys "^+{END}" - "[MSAA, VisibleOnly]ControlType='Edit'"
\0&lt;/a&gt;
E, 3504, 17, 2013/05/23, 19:24:16.461, 2941643026486, QTAgent32.exe, Msaa.GetFocusedElement: could not find accessible object of foreground window
W, 3504, 17, 2013/05/23, 19:24:16.482, 2941643323969, QTAgent32.exe, &lt;a class=success&gt;Playback - {157} [SUCCESS] SendKeys "{DELETE}" - "[MSAA, VisibleOnly]ControlType='Edit'"
\0&lt;/a&gt;
W, 3504, 17, 2013/05/23, 19:24:16.759, 2941647295371, QTAgent32.exe, &lt;a class=success&gt;Playback - {158} [SUCCESS] SetValueAsEditBox "30/05/2012" - "[MSAA, VisibleOnly]ControlType='Edit'"  &lt; Set via SendKeys &gt;
\0&lt;/a&gt;
W, 3504, 17, 2013/05/23, 19:24:17.310, 2941655185624, QTAgent32.exe, &lt;a class=success&gt;Playback - {159} [SUCCESS] MouseButtonClick - "[MSAA, VisibleOnly]ControlType='Button' &amp;&amp; Name='Regress'"
\0&lt;/a&gt;
W, 3504, 17, 2013/05/23, 19:24:17.751, 2941661498904, QTAgent32.exe, &lt;a class=success&gt;Playback - {160} [SUCCESS] MouseButtonClick - "[MSAA, VisibleOnly]ControlType='Button' &amp;&amp; Name='Exit'"
\0&lt;/a&gt;
W, 3504, 17, 2013/05/23, 19:24:18.130, 2941666925875, QTAgent32.exe, &lt;a class=success&gt;Playback - {161} [SUCCESS] MouseButtonClick - "[MSAA, VisibleOnly]ControlType='Button'"
\0&lt;/a&gt;
W, 3504, 17, 2013/05/23, 19:24:18.372, 2941670389343, QTAgent32.exe, &lt;a class=success&gt;Playback - {162} [SUCCESS] MouseButtonClick - "[MSAA, VisibleOnly]ControlType='Button' &amp;&amp; Name='Options'"
\0&lt;/a&gt;
W, 3504, 17, 2013/05/23, 19:24:18.473, 2941671831538, QTAgent32.exe, FindScreenElementInSinglePass : Attempting to find control in one pass of search. Failures can occur.
W, 3504, 17, 2013/05/23, 19:24:18.945, 2941678593555, QTAgent32.exe, &lt;a class=success&gt;Playback - {163} [SUCCESS] MouseButtonClick - "[MSAA]ControlType='MenuItem' &amp;&amp; Name='Links'"
\0&lt;/a&gt;
W, 3504, 17, 2013/05/23, 19:24:19.047, 2941680053655, QTAgent32.exe, FindScreenElementInSinglePass : Attempting to find control in one pass of search. Failures can occur.
W, 3504, 17, 2013/05/23, 19:24:19.516, 2941686766660, QTAgent32.exe, &lt;a class=success&gt;Playback - {164} [SUCCESS] MouseButtonClick - "[MSAA]ControlType='MenuItem' &amp;&amp; Name='3rd Party Integration'"
\0&lt;/a&gt;
W, 3504, 17, 2013/05/23, 19:24:19.617, 2941688206978, QTAgent32.exe, FindScreenElementInSinglePass : Attempting to find control in one pass of search. Failures can occur.
W, 3504, 17, 2013/05/23, 19:24:20.103, 2941695165269, QTAgent32.exe, &lt;a class=success&gt;Playback - {165} [SUCCESS] MouseButtonClick - "[MSAA]ControlType='MenuItem' &amp;&amp; Name='Renewals Loader'"
\0&lt;/a&gt;
W, 3504, 17, 2013/05/23, 19:24:20.534, 2941701345605, QTAgent32.exe, Playback - [WARNING] Internal warning: Window Not Found: [VisibleOnly]ControlType='Window' &amp;&amp; Name='Renewal Loader' &amp;&amp; ClassName='TfUIMain'
\0
E, 3504, 17, 2013/05/23, 19:24:20.534, 2941701349226, QTAgent32.exe, &lt;a class=failure&gt;Playback - {166} [FAILED] Function ElementFetcher::FindScreenElement failed to locate UI element (Searching: ;[VisibleOnly]ControlType='Window' &amp;&amp; Name='Renewal Loader' &amp;&amp; ClassName='TfUIMain') (The object specified was not found.)
\0&lt;/a&gt;
E, 3504, 17, 2013/05/23, 19:24:20.655, 2941703077884, QTAgent32.exe, Playback - [IMAGE] C:\Users\testuser\AppData\Local\Temp\UITestLogs\LastRun\RPFF61D.png
\0
W, 3504, 17, 2013/05/23, 19:24:20.655, 2941703080249, QTAgent32.exe, Playback - [WARNING] Internal warning: Couldn't find descendants that match QueryId
\0
W, 3504, 17, 2013/05/23, 19:24:22.004, 2941722397535, QTAgent32.exe, PERF WARNING: FindTopLevelWindowHelper::FindAllDescendents: took 1348 ms. Expected it to take maximum 500 ms.
W, 3504, 17, 2013/05/23, 19:24:22.138, 2941724305952, QTAgent32.exe, &lt;a class=success&gt;Playback - {167} [SUCCESS] MouseButtonClick - "[MSAA, VisibleOnly]ControlType='TitleBar'"
\0&lt;/a&gt;
W, 3504, 17, 2013/05/23, 19:24:22.537, 2941730030648, QTAgent32.exe, &lt;a class=success&gt;Playback - {168} [SUCCESS] SendKeys "^{HOME}" - "[MSAA, VisibleOnly]ControlType='Edit'"
\0&lt;/a&gt;
E, 3504, 17, 2013/05/23, 19:24:22.538, 2941730035960, QTAgent32.exe, Msaa.GetFocusedElement: could not find accessible object of foreground window
W, 3504, 17, 2013/05/23, 19:24:22.607, 2941731027161, QTAgent32.exe, &lt;a class=success&gt;Playback - {169} [SUCCESS] SendKeys "^+{END}" - "[MSAA, VisibleOnly]ControlType='Edit'"
\0&lt;/a&gt;
E, 3504, 17, 2013/05/23, 19:24:22.607, 2941731030467, QTAgent32.exe, Msaa.GetFocusedElement: could not find accessible object of foreground window
W, 3504, 17, 2013/05/23, 19:24:22.625, 2941731290025, QTAgent32.exe, &lt;a class=success&gt;Playback - {170} [SUCCESS] SendKeys "{DELETE}" - "[MSAA, VisibleOnly]ControlType='Edit'"
\0&lt;/a&gt;
W, 3504, 17, 2013/05/23, 19:24:23.043, 2941737273406, QTAgent32.exe, &lt;a class=success&gt;Playback - {171} [SUCCESS] SetValueAsEditBox "23/05/2013" - "[MSAA, VisibleOnly]ControlType='Edit'"  &lt; Set via SendKeys &gt;
\0&lt;/a&gt;
W, 3504, 17, 2013/05/23, 19:24:23.411, 2941742539496, QTAgent32.exe, &lt;a class=success&gt;Playback - {172} [SUCCESS] SendKeys "^{HOME}" - "[MSAA, VisibleOnly]ControlType='Edit'"
\0&lt;/a&gt;
E, 3504, 17, 2013/05/23, 19:24:23.411, 2941742543101, QTAgent32.exe, Msaa.GetFocusedElement: could not find accessible object of foreground window
W, 3504, 17, 2013/05/23, 19:24:23.477, 2941743476729, QTAgent32.exe, &lt;a class=success&gt;Playback - {173} [SUCCESS] SendKeys "^+{END}" - "[MSAA, VisibleOnly]ControlType='Edit'"
\0&lt;/a&gt;
E, 3504, 17, 2013/05/23, 19:24:23.477, 2941743482280, QTAgent32.exe, Msaa.GetFocusedElement: could not find accessible object of foreground window
W, 3504, 17, 2013/05/23, 19:24:23.494, 2941743730175, QTAgent32.exe, &lt;a class=success&gt;Playback - {174} [SUCCESS] SendKeys "{DELETE}" - "[MSAA, VisibleOnly]ControlType='Edit'"
\0&lt;/a&gt;
W, 3504, 17, 2013/05/23, 19:24:23.919, 2941749803714, QTAgent32.exe, &lt;a class=success&gt;Playback - {175} [SUCCESS] SetValueAsEditBox "06/06/2013" - "[MSAA, VisibleOnly]ControlType='Edit'"  &lt; Set via SendKeys &gt;
\0&lt;/a&gt;
W, 3504, 17, 2013/05/23, 19:24:24.385, 2941756481638, QTAgent32.exe, &lt;a class=success&gt;Playback - {176} [SUCCESS] MouseButtonClick - "[MSAA, VisibleOnly]ControlType='Button' &amp;&amp; Name='Run'"
\0&lt;/a&gt;
W, 3504, 17, 2013/05/23, 19:24:29.539, 2941830285538, QTAgent32.exe, FindNTopWindows : Search will be continued for 12000 even on failure
W, 3504, 17, 2013/05/23, 19:24:30.131, 2941838754089, QTAgent32.exe, Playback - [WARNING] Internal warning: Window with Class "IEFrame" and Title "insurE-com System Maintenance" was not found, so similar window with Class "IEFrame" and Title "insurE-com System Maintenance - Windows Internet Explorer" was accepted
\0
W, 3504, 17, 2013/05/23, 19:24:30.131, 2941838757014, QTAgent32.exe, Playback - [WARNING] Internal warning: Couldn't find descendants that match QueryId
\0
W, 3504, 17, 2013/05/23, 19:24:30.131, 2941838762000, QTAgent32.exe, PERF WARNING: FindNTopWindows::FindAllDescendents: took 591 ms. Expected it to take maximum 500 ms.
W, 3504, 17, 2013/05/23, 19:24:30.646, 2941846136724, QTAgent32.exe, Playback - [WARNING] Internal warning: Window with Class "IEFrame" and Title "insurE-com System Maintenance" was not found, so similar window with Class "IEFrame" and Title "insurE-com System Maintenance - Windows Internet Explorer" was accepted
\0
W, 3504, 17, 2013/05/23, 19:24:30.646, 2941846139935, QTAgent32.exe, Playback - [WARNING] Internal warning: Couldn't find descendants that match QueryId
\0
W, 3504, 17, 2013/05/23, 19:24:30.647, 2941846143413, QTAgent32.exe, PERF WARNING: FindNTopWindows::FindAllDescendents: took 515 ms. Expected it to take maximum 500 ms.
W, 3504, 17, 2013/05/23, 19:24:31.316, 2941855721478, QTAgent32.exe, Playback - [WARNING] Internal warning: Window with Class "IEFrame" and Title "insurE-com System Maintenance" was not found, so similar window with Class "IEFrame" and Title "insurE-com System Maintenance - Windows Internet Explorer" was accepted
\0
W, 3504, 17, 2013/05/23, 19:24:31.317, 2941855736102, QTAgent32.exe, Playback - [WARNING] Internal warning: Couldn't find descendants that match QueryId
\0
W, 3504, 17, 2013/05/23, 19:24:31.317, 2941855744614, QTAgent32.exe, PERF WARNING: FindNTopWindows::FindAllDescendents: took 670 ms. Expected it to take maximum 500 ms.
W, 3504, 17, 2013/05/23, 19:24:31.839, 2941863204530, QTAgent32.exe, Playback - [WARNING] Internal warning: Window with Class "IEFrame" and Title "insurE-com System Maintenance" was not found, so similar window with Class "IEFrame" and Title "insurE-com System Maintenance - Windows Internet Explorer" was accepted
\0
W, 3504, 17, 2013/05/23, 19:24:31.839, 2941863207204, QTAgent32.exe, Playback - [WARNING] Internal warning: Couldn't find descendants that match QueryId
\0
W, 3504, 17, 2013/05/23, 19:24:31.839, 2941863210262, QTAgent32.exe, PERF WARNING: FindNTopWindows::FindAllDescendents: took 521 ms. Expected it to take maximum 500 ms.
W, 3504, 17, 2013/05/23, 19:24:32.358, 2941870648641, QTAgent32.exe, Playback - [WARNING] Internal warning: Window with Class "IEFrame" and Title "insurE-com System Maintenance" was not found, so similar window with Class "IEFrame" and Title "insurE-com System Maintenance - Windows Internet Explorer" was accepted
\0
W, 3504, 17, 2013/05/23, 19:24:32.359, 2941870651177, QTAgent32.exe, Playback - [WARNING] Internal warning: Couldn't find descendants that match QueryId
\0
W, 3504, 17, 2013/05/23, 19:24:32.359, 2941870653940, QTAgent32.exe, PERF WARNING: FindNTopWindows::FindAllDescendents: took 519 ms. Expected it to take maximum 500 ms.
W, 3504, 17, 2013/05/23, 19:24:32.806, 2941877057255, QTAgent32.exe, Playback - [WARNING] Internal warning: Window with Class "IEFrame" and Title "insurE-com System Maintenance" was not found, so similar window with Class "IEFrame" and Title "insurE-com System Maintenance - Windows Internet Explorer" was accepted
\0
W, 3504, 17, 2013/05/23, 19:24:32.806, 2941877059753, QTAgent32.exe, Playback - [WARNING] Internal warning: Couldn't find descendants that match QueryId
\0
W, 3504, 17, 2013/05/23, 19:24:33.286, 2941883936697, QTAgent32.exe, Playback - [WARNING] Internal warning: Window with Class "IEFrame" and Title "insurE-com System Maintenance" was not found, so similar window with Class "IEFrame" and Title "insurE-com System Maintenance - Windows Internet Explorer" was accepted
\0
W, 3504, 17, 2013/05/23, 19:24:33.287, 2941883940391, QTAgent32.exe, Playback - [WARNING] Internal warning: Couldn't find descendants that match QueryId
\0
W, 3504, 17, 2013/05/23, 19:24:33.963, 2941893627080, QTAgent32.exe, Playback - [WARNING] Internal warning: Window with Class "IEFrame" and Title "insurE-com System Maintenance" was not found, so similar window with Class "IEFrame" and Title "insurE-com System Maintenance - Windows Internet Explorer" was accepted
\0
W, 3504, 17, 2013/05/23, 19:24:33.963, 2941893629652, QTAgent32.exe, Playback - [WARNING] Internal warning: Couldn't find descendants that match QueryId
\0
W, 3504, 17, 2013/05/23, 19:24:33.964, 2941893632575, QTAgent32.exe, PERF WARNING: FindNTopWindows::FindAllDescendents: took 676 ms. Expected it to take maximum 500 ms.
W, 3504, 17, 2013/05/23, 19:24:34.451, 2941900614430, QTAgent32.exe, Playback - [WARNING] Internal warning: Window with Class "IEFrame" and Title "insurE-com System Maintenance" was not found, so similar window with Class "IEFrame" and Title "insurE-com System Maintenance - Windows Internet Explorer" was accepted
\0
W, 3504, 17, 2013/05/23, 19:24:34.451, 2941900616953, QTAgent32.exe, Playback - [WARNING] Internal warning: Couldn't find descendants that match QueryId
\0
W, 3504, 17, 2013/05/23, 19:24:34.922, 2941907352362, QTAgent32.exe, Playback - [WARNING] Internal warning: Window with Class "IEFrame" and Title "insurE-com System Maintenance" was not found, so similar window with Class "IEFrame" and Title "insurE-com System Maintenance - Windows Internet Explorer" was accepted
\0
W, 3504, 17, 2013/05/23, 19:24:34.922, 2941907355162, QTAgent32.exe, Playback - [WARNING] Internal warning: Couldn't find descendants that match QueryId
\0
W, 3504, 17, 2013/05/23, 19:24:35.390, 2941914048895, QTAgent32.exe, Playback - [WARNING] Internal warning: Window with Class "IEFrame" and Title "insurE-com System Maintenance" was not found, so similar window with Class "IEFrame" and Title "insurE-com System Maintenance - Windows Internet Explorer" was accepted
\0
W, 3504, 17, 2013/05/23, 19:24:35.390, 2941914052001, QTAgent32.exe, Playback - [WARNING] Internal warning: Couldn't find descendants that match QueryId
\0
W, 3504, 17, 2013/05/23, 19:24:35.854, 2941920692455, QTAgent32.exe, Playback - [WARNING] Internal warning: Window with Class "IEFrame" and Title "insurE-com System Maintenance" was not found, so similar window with Class "IEFrame" and Title "insurE-com System Maintenance - Windows Internet Explorer" was accepted
\0
W, 3504, 17, 2013/05/23, 19:24:35.854, 2941920694962, QTAgent32.exe, Playback - [WARNING] Internal warning: Couldn't find descendants that match QueryId
\0
W, 3504, 17, 2013/05/23, 19:24:36.318, 2941927347570, QTAgent32.exe, Playback - [WARNING] Internal warning: Window with Class "IEFrame" and Title "insurE-com System Maintenance" was not found, so similar window with Class "IEFrame" and Title "insurE-com System Maintenance - Windows Internet Explorer" was accepted
\0
W, 3504, 17, 2013/05/23, 19:24:36.319, 2941927350301, QTAgent32.exe, Playback - [WARNING] Internal warning: Couldn't find descendants that match QueryId
\0
W, 3504, 17, 2013/05/23, 19:24:36.781, 2941933967996, QTAgent32.exe, Playback - [WARNING] Internal warning: Window with Class "IEFrame" and Title "insurE-com System Maintenance" was not found, so similar window with Class "IEFrame" and Title "insurE-com System Maintenance - Windows Internet Explorer" was accepted
\0
W, 3504, 17, 2013/05/23, 19:24:36.781, 2941933970587, QTAgent32.exe, Playback - [WARNING] Internal warning: Couldn't find descendants that match QueryId
\0
W, 3504, 17, 2013/05/23, 19:24:37.217, 2941940222117, QTAgent32.exe, Playback - [WARNING] Internal warning: Window with Class "IEFrame" and Title "insurE-com System Maintenance" was not found, so similar window with Class "IEFrame" and Title "insurE-com System Maintenance - Windows Internet Explorer" was accepted
\0
W, 3504, 17, 2013/05/23, 19:24:37.218, 2941940225418, QTAgent32.exe, Playback - [WARNING] Internal warning: Couldn't find descendants that match QueryId
\0
W, 3504, 17, 2013/05/23, 19:24:37.679, 2941946831727, QTAgent32.exe, Playback - [WARNING] Internal warning: Window with Class "IEFrame" and Title "insurE-com System Maintenance" was not found, so similar window with Class "IEFrame" and Title "insurE-com System Maintenance - Windows Internet Explorer" was accepted
\0
W, 3504, 17, 2013/05/23, 19:24:37.679, 2941946834683, QTAgent32.exe, Playback - [WARNING] Internal warning: Couldn't find descendants that match QueryId
\0
W, 3504, 17, 2013/05/23, 19:24:38.112, 2941953032775, QTAgent32.exe, Playback - [WARNING] Internal warning: Window with Class "IEFrame" and Title "insurE-com System Maintenance" was not found, so similar window with Class "IEFrame" and Title "insurE-com System Maintenance - Windows Internet Explorer" was accepted
\0
W, 3504, 17, 2013/05/23, 19:24:38.112, 2941953035392, QTAgent32.exe, Playback - [WARNING] Internal warning: Couldn't find descendants that match QueryId
\0
W, 3504, 17, 2013/05/23, 19:24:38.582, 2941959761416, QTAgent32.exe, Playback - [WARNING] Internal warning: Window with Class "IEFrame" and Title "insurE-com System Maintenance" was not found, so similar window with Class "IEFrame" and Title "insurE-com System Maintenance - Windows Internet Explorer" was accepted
\0
W, 3504, 17, 2013/05/23, 19:24:38.582, 2941959764146, QTAgent32.exe, Playback - [WARNING] Internal warning: Couldn't find descendants that match QueryId
\0
W, 3504, 17, 2013/05/23, 19:24:39.052, 2941966489163, QTAgent32.exe, Playback - [WARNING] Internal warning: Window with Class "IEFrame" and Title "insurE-com System Maintenance" was not found, so similar window with Class "IEFrame" and Title "insurE-com System Maintenance - Windows Internet Explorer" was accepted
\0
W, 3504, 17, 2013/05/23, 19:24:39.052, 2941966491750, QTAgent32.exe, Playback - [WARNING] Internal warning: Couldn't find descendants that match QueryId
\0
W, 3504, 17, 2013/05/23, 19:24:39.527, 2941973284091, QTAgent32.exe, Playback - [WARNING] Internal warning: Window with Class "IEFrame" and Title "insurE-com System Maintenance" was not found, so similar window with Class "IEFrame" and Title "insurE-com System Maintenance - Windows Internet Explorer" was accepted
\0
W, 3504, 17, 2013/05/23, 19:24:39.527, 2941973286657, QTAgent32.exe, Playback - [WARNING] Internal warning: Couldn't find descendants that match QueryId
\0
W, 3504, 17, 2013/05/23, 19:24:39.996, 2941980008330, QTAgent32.exe, Playback - [WARNING] Internal warning: Window with Class "IEFrame" and Title "insurE-com System Maintenance" was not found, so similar window with Class "IEFrame" and Title "insurE-com System Maintenance - Windows Internet Explorer" was accepted
\0
W, 3504, 17, 2013/05/23, 19:24:39.997, 2941980010976, QTAgent32.exe, Playback - [WARNING] Internal warning: Couldn't find descendants that match QueryId
\0
W, 3504, 17, 2013/05/23, 19:24:40.519, 2941987494721, QTAgent32.exe, Playback - [WARNING] Internal warning: Window with Class "IEFrame" and Title "insurE-com System Maintenance" was not found, so similar window with Class "IEFrame" and Title "insurE-com System Maintenance - Windows Internet Explorer" was accepted
\0
W, 3504, 17, 2013/05/23, 19:24:40.519, 2941987497204, QTAgent32.exe, Playback - [WARNING] Internal warning: Couldn't find descendants that match QueryId
\0
W, 3504, 17, 2013/05/23, 19:24:40.520, 2941987500447, QTAgent32.exe, PERF WARNING: FindNTopWindows::FindAllDescendents: took 522 ms. Expected it to take maximum 500 ms.
W, 3504, 17, 2013/05/23, 19:24:40.972, 2941993980537, QTAgent32.exe, Playback - [WARNING] Internal warning: Window with Class "IEFrame" and Title "insurE-com System Maintenance" was not found, so similar window with Class "IEFrame" and Title "insurE-com System Maintenance - Windows Internet Explorer" was accepted
\0
W, 3504, 17, 2013/05/23, 19:24:40.972, 2941993983776, QTAgent32.exe, Playback - [WARNING] Internal warning: Couldn't find descendants that match QueryId
\0
W, 3504, 17, 2013/05/23, 19:24:41.410, 2942000250826, QTAgent32.exe, Playback - [WARNING] Internal warning: Window with Class "IEFrame" and Title "insurE-com System Maintenance" was not found, so similar window with Class "IEFrame" and Title "insurE-com System Maintenance - Windows Internet Explorer" was accepted
\0
W, 3504, 17, 2013/05/23, 19:24:41.410, 2942000253521, QTAgent32.exe, Playback - [WARNING] Internal warning: Couldn't find descendants that match QueryId
\0
W, 3504, 17, 2013/05/23, 19:24:41.846, 2942006490483, QTAgent32.exe, Playback - [WARNING] Internal warning: Window with Class "IEFrame" and Title "insurE-com System Maintenance" was not found, so similar window with Class "IEFrame" and Title "insurE-com System Maintenance - Windows Internet Explorer" was accepted
\0
W, 3504, 17, 2013/05/23, 19:24:41.846, 2942006493210, QTAgent32.exe, Playback - [WARNING] Internal warning: Couldn't find descendants that match QueryId
\0
W, 3504, 17, 2013/05/23, 19:24:43.565, 2942031099696, QTAgent32.exe, Playback - [WARNING] Internal warning: Window Not Found: [VisibleOnly]Name='insurE-com System Maintenance' &amp;&amp; ClassName='IEFrame' &amp;&amp; ControlType='Window'
\0
E, 3504, 17, 2013/05/23, 19:24:43.565, 2942031103009, QTAgent32.exe, &lt;a class=failure&gt;Playback - {177} [FAILED] Function ElementFetcher::FindScreenElement failed to locate UI element (Searching: ;[VisibleOnly]Name='insurE-com System Maintenance' &amp;&amp; ClassName='IEFrame' &amp;&amp; ControlType='Window') (The object specified was not found.)
\0&lt;/a&gt;
E, 3504, 17, 2013/05/23, 19:24:43.684, 2942032811504, QTAgent32.exe, Playback - [IMAGE] C:\Users\testuser\AppData\Local\Temp\UITestLogs\LastRun\RPF5020.png
\0
W, 3504, 17, 2013/05/23, 19:24:43.684, 2942032813956, QTAgent32.exe, Playback - [WARNING] Internal warning: Couldn't find descendants that match QueryId
\0
W, 3504, 17, 2013/05/23, 19:24:43.685, 2942032817234, QTAgent32.exe, PERF WARNING: Playback.FindScreenElement: took 1838 ms. Expected it to take maximum 500 ms.
E, 3504, 17, 2013/05/23, 19:24:43.685, 2942032819913, QTAgent32.exe, Window 2426888 not responding. Last Win32 error 0
E, 3504, 17, 2013/05/23, 19:24:43.685, 2942032820974, QTAgent32.exe, GetClassName for handle 2426888 failed
E, 3504, 17, 2013/05/23, 19:24:43.685, 2942032823964, QTAgent32.exe, Window 2426888 not responding. Last Win32 error 1400
E, 3504, 17, 2013/05/23, 19:24:43.685, 2942032824825, QTAgent32.exe, GetClassName for handle 2426888 failed
E, 3504, 17, 2013/05/23, 19:24:43.786, 2942034263980, QTAgent32.exe, AL: Playback Error: Microsoft.VisualStudio.TestTools.UITest.Extension.UITestControlNotAvailableException: The control is not available or not valid. Additional Details: 
TechnologyName:  'MSAA'
Name:  'insurE-com System Maintenance'
ClassName:  'IEFrame'
ControlType:  'Window'
 ---&gt; System.Runtime.InteropServices.COMException: Error HRESULT E_FAIL has been returned from a call to a COM component.
   at Microsoft.VisualStudio.TestTools.UITest.Playback.Engine.IRPFPlayback.FindScreenElement(String bstrQueryId)
   at Microsoft.VisualStudio.TestTools.UITest.Playback.ScreenElement.FindFromPartialQueryId(String queryId)
   at Microsoft.VisualStudio.TestTools.UITesting.UITestControl.EnsureValid(Boolean waitForReady, Boolean refetch)
   --- End of inner exception stack trace ---
   at Microsoft.VisualStudio.TestTools.UITesting.UITestControl.EnsureValid(Boolean waitForReady, Boolean refetch)
   at Microsoft.VisualStudio.TestTools.UITesting.UITestControl.SendKeys(String text, ModifierKeys modifierKeys, Boolean isEncoded, Boolean isUnicode)
   at Microsoft.VisualStudio.TestTools.UITesting.Keyboard.SendKeysImplementation(UITestControl control, String text, ModifierKeys modifierKeys, Boolean isEncoded, Boolean isUnicode)
   at Microsoft.VisualStudio.TestTools.UITesting.Keyboard.SendKeysImplementationWrapper(UITestControl control, String text, ModifierKeys modifierKeys, Boolean isEncoded, Boolean isUnicode)
W, 3504, 17, 2013/05/23, 19:24:43.786, 2942034267010, QTAgent32.exe, PlaybackErrorHandler: Ignoring exception as ContinueOnError is set.
W, 3504, 17, 2013/05/23, 19:24:44.853, 2942049542974, QTAgent32.exe, &lt;a class=success&gt;Playback - {178} [SUCCESS] MouseButtonClick - "[MSAA, VisibleOnly]ControlType='TitleBar'"
\0&lt;/a&gt;
W, 3504, 17, 2013/05/23, 19:24:45.095, 2942053015900, QTAgent32.exe, &lt;a class=success&gt;Playback - {179} [SUCCESS] MouseButtonClick - "[MSAA, VisibleOnly]ControlType='Button' &amp;&amp; Name='Close'"
\0&lt;/a&gt;
W, 3504, 17, 2013/05/23, 19:24:46.289, 2942070108410, QTAgent32.exe, &lt;a class=success&gt;Playback - {180} [SUCCESS] MouseButtonClick - "[MSAA, VisibleOnly]ControlType='Button' &amp;&amp; Name='Options'"
\0&lt;/a&gt;
W, 3504, 17, 2013/05/23, 19:24:46.389, 2942071545545, QTAgent32.exe, FindScreenElementInSinglePass : Attempting to find control in one pass of search. Failures can occur.
W, 3504, 17, 2013/05/23, 19:24:46.882, 2942078600192, QTAgent32.exe, &lt;a class=success&gt;Playback - {181} [SUCCESS] MouseButtonClick - "[MSAA]ControlType='MenuItem' &amp;&amp; Name='Links'"
\0&lt;/a&gt;
W, 3504, 17, 2013/05/23, 19:24:46.982, 2942080037002, QTAgent32.exe, FindScreenElementInSinglePass : Attempting to find control in one pass of search. Failures can occur.
W, 3504, 17, 2013/05/23, 19:24:47.482, 2942087193706, QTAgent32.exe, &lt;a class=success&gt;Playback - {182} [SUCCESS] MouseButtonClick - "[MSAA]ControlType='MenuItem' &amp;&amp; Name='3rd Party Integration'"
\0&lt;/a&gt;
W, 3504, 17, 2013/05/23, 19:24:47.583, 2942088638968, QTAgent32.exe, FindScreenElementInSinglePass : Attempting to find control in one pass of search. Failures can occur.
W, 3504, 17, 2013/05/23, 19:24:48.065, 2942095536713, QTAgent32.exe, &lt;a class=success&gt;Playback - {183} [SUCCESS] MouseButtonClick - "[MSAA]ControlType='MenuItem' &amp;&amp; Name='Renewals Module'"
\0&lt;/a&gt;
W, 3504, 17, 2013/05/23, 19:24:48.650, 2942103921912, QTAgent32.exe, Playback - [WARNING] Internal warning: Window Not Found: [VisibleOnly]ControlType='Window' &amp;&amp; Name='Personal Lines Renewals' &amp;&amp; ClassName='ThunderRT6FormDC'
\0
E, 3504, 17, 2013/05/23, 19:24:48.655, 2942103992962, QTAgent32.exe, &lt;a class=failure&gt;Playback - {184} [FAILED] Function ElementFetcher::FindScreenElement failed to locate UI element (Searching: ;[VisibleOnly]ControlType='Window' &amp;&amp; Name='Personal Lines Renewals' &amp;&amp; ClassName='ThunderRT6FormDC') (The object specified was not found.)
\0&lt;/a&gt;
E, 3504, 17, 2013/05/23, 19:24:48.743, 2942105248535, QTAgent32.exe, Playback - [IMAGE] C:\Users\testuser\AppData\Local\Temp\UITestLogs\LastRun\RPF63FE.png
\0
W, 3504, 17, 2013/05/23, 19:24:48.743, 2942105250840, QTAgent32.exe, Playback - [WARNING] Internal warning: Couldn't find descendants that match QueryId
\0
W, 3504, 17, 2013/05/23, 19:24:48.744, 2942105257736, QTAgent32.exe, PERF WARNING: FindTopLevelWindowHelper::FindAllDescendents: took 578 ms. Expected it to take maximum 500 ms.
W, 3504, 17, 2013/05/23, 19:24:48.789, 2942105906811, QTAgent32.exe, Playback - [WARNING] Internal warning: Window Not Found: [VisibleOnly]ControlType='Window' &amp;&amp; Name='Personal Lines Renewals' &amp;&amp; ClassName='ThunderRT6FormDC'
\0
E, 3504, 17, 2013/05/23, 19:24:48.789, 2942105909535, QTAgent32.exe, &lt;a class=failure&gt;Playback - {185} [FAILED] Function ElementFetcher::FindScreenElement failed to locate UI element (Searching: ;[VisibleOnly]ControlType='Window' &amp;&amp; Name='Personal Lines Renewals' &amp;&amp; ClassName='ThunderRT6FormDC') (The object specified was not found.)
\0&lt;/a&gt;
E, 3504, 17, 2013/05/23, 19:24:48.928, 2942107897910, QTAgent32.exe, Playback - [IMAGE] C:\Users\testuser\AppData\Local\Temp\UITestLogs\LastRun\RPF647C.png
\0
W, 3504, 17, 2013/05/23, 19:24:48.928, 2942107900262, QTAgent32.exe, Playback - [WARNING] Internal warning: Couldn't find descendants that match QueryId
\0
W, 3504, 17, 2013/05/23, 19:24:49.268, 2942112764771, QTAgent32.exe, Playback - [WARNING] Internal warning: Window Not Found: [VisibleOnly]ControlType='Window' &amp;&amp; Name='Personal Lines Renewals' &amp;&amp; ClassName='ThunderRT6FormDC'
\0
E, 3504, 17, 2013/05/23, 19:24:49.268, 2942112767625, QTAgent32.exe, &lt;a class=failure&gt;Playback - {186} [FAILED] Function ElementFetcher::FindScreenElement failed to locate UI element (Searching: ;[VisibleOnly]ControlType='Window' &amp;&amp; Name='Personal Lines Renewals' &amp;&amp; ClassName='ThunderRT6FormDC') (The object specified was not found.)
\0&lt;/a&gt;
E, 3504, 17, 2013/05/23, 19:24:49.631, 2942117966106, QTAgent32.exe, Playback - [IMAGE] C:\Users\testuser\AppData\Local\Temp\UITestLogs\LastRun\RPF6661.png
\0
W, 3504, 17, 2013/05/23, 19:24:49.632, 2942117971536, QTAgent32.exe, Playback - [WARNING] Internal warning: Couldn't find descendants that match QueryId
\0
W, 3504, 17, 2013/05/23, 19:24:49.632, 2942117978795, QTAgent32.exe, PERF WARNING: FindTopLevelWindowHelper::FindAllDescendents: took 703 ms. Expected it to take maximum 500 ms.
E, 3504, 17, 2013/05/23, 19:24:49.632, 2942117981534, QTAgent32.exe, Exception: System.Runtime.InteropServices.COMException
	Message: Error HRESULT E_FAIL has been returned from a call to a COM component.
	Stack Trace:    at Microsoft.VisualStudio.TestTools.UITest.Playback.Engine.IRPFPlayback.FindAllScreenElements(IScreenElement pScreenElementStart, String bstrQueryId, Object&amp; pvarResKeys, Int32 cResKeys, Int32 nMaxDepth, Object[]&amp; foundDescendants)
   at Microsoft.VisualStudio.TestTools.UITest.Playback.ScreenElement.FindTopLevelWindowHelper(String queryId)
	BaseExceptionMessage: Error HRESULT E_FAIL has been returned from a call to a COM component.

W, 3504, 17, 2013/05/23, 19:24:50.109, 2942124812274, QTAgent32.exe, Playback - [WARNING] Internal warning: Window Not Found: [VisibleOnly]ControlType='Window' &amp;&amp; Name='IETAM Renewals' &amp;&amp; ClassName='ThunderRT6FormDC'
\0
E, 3504, 17, 2013/05/23, 19:24:50.110, 2942124816005, QTAgent32.exe, &lt;a class=failure&gt;Playback - {187} [FAILED] Function ElementFetcher::FindScreenElement failed to locate UI element (Searching: ;[VisibleOnly]ControlType='Window' &amp;&amp; Name='IETAM Renewals' &amp;&amp; ClassName='ThunderRT6FormDC') (The object specified was not found.)
\0&lt;/a&gt;
E, 3504, 17, 2013/05/23, 19:24:50.203, 2942126150455, QTAgent32.exe, Playback - [IMAGE] C:\Users\testuser\AppData\Local\Temp\UITestLogs\LastRun\RPF69AC.png
\0
W, 3504, 17, 2013/05/23, 19:24:50.203, 2942126152779, QTAgent32.exe, Playback - [WARNING] Internal warning: Couldn't find descendants that match QueryId
\0
W, 3504, 17, 2013/05/23, 19:24:50.203, 2942126156137, QTAgent32.exe, PERF WARNING: FindTopLevelWindowHelper::FindAllDescendents: took 570 ms. Expected it to take maximum 500 ms.
W, 3504, 17, 2013/05/23, 19:24:50.254, 2942126877207, QTAgent32.exe, Playback - [WARNING] Internal warning: Window Not Found: [VisibleOnly]ControlType='Window' &amp;&amp; Name='IETAM Renewals' &amp;&amp; ClassName='ThunderRT6FormDC'
\0
E, 3504, 17, 2013/05/23, 19:24:50.254, 2942126880525, QTAgent32.exe, &lt;a class=failure&gt;Playback - {188} [FAILED] Function ElementFetcher::FindScreenElement failed to locate UI element (Searching: ;[VisibleOnly]ControlType='Window' &amp;&amp; Name='IETAM Renewals' &amp;&amp; ClassName='ThunderRT6FormDC') (The object specified was not found.)
\0&lt;/a&gt;
E, 3504, 17, 2013/05/23, 19:24:50.338, 2942128088620, QTAgent32.exe, Playback - [IMAGE] C:\Users\testuser\AppData\Local\Temp\UITestLogs\LastRun\RPF6A39.png
\0
W, 3504, 17, 2013/05/23, 19:24:50.338, 2942128091002, QTAgent32.exe, Playback - [WARNING] Internal warning: Couldn't find descendants that match QueryId
\0
W, 3504, 17, 2013/05/23, 19:24:50.715, 2942133487895, QTAgent32.exe, Playback - [WARNING] Internal warning: Window Not Found: [VisibleOnly]ControlType='Window' &amp;&amp; Name='IETAM Renewals' &amp;&amp; ClassName='ThunderRT6FormDC'
\0
E, 3504, 17, 2013/05/23, 19:24:50.715, 2942133491633, QTAgent32.exe, &lt;a class=failure&gt;Playback - {189} [FAILED] Function ElementFetcher::FindScreenElement failed to locate UI element (Searching: ;[VisibleOnly]ControlType='Window' &amp;&amp; Name='IETAM Renewals' &amp;&amp; ClassName='ThunderRT6FormDC') (The object specified was not found.)
\0&lt;/a&gt;
E, 3504, 17, 2013/05/23, 19:24:50.801, 2942134723336, QTAgent32.exe, Playback - [IMAGE] C:\Users\testuser\AppData\Local\Temp\UITestLogs\LastRun\RPF6C0E.png
\0
W, 3504, 17, 2013/05/23, 19:24:50.802, 2942134725865, QTAgent32.exe, Playback - [WARNING] Internal warning: Couldn't find descendants that match QueryId
\0
E, 3504, 17, 2013/05/23, 19:24:50.816, 2942134929367, QTAgent32.exe, Exception: System.Runtime.InteropServices.COMException
	Message: Error HRESULT E_FAIL has been returned from a call to a COM component.
	Stack Trace:    at Microsoft.VisualStudio.TestTools.UITest.Playback.Engine.IRPFPlayback.FindAllScreenElements(IScreenElement pScreenElementStart, String bstrQueryId, Object&amp; pvarResKeys, Int32 cResKeys, Int32 nMaxDepth, Object[]&amp; foundDescendants)
   at Microsoft.VisualStudio.TestTools.UITest.Playback.ScreenElement.FindTopLevelWindowHelper(String queryId)
	BaseExceptionMessage: Error HRESULT E_FAIL has been returned from a call to a COM component.

W, 3504, 17, 2013/05/23, 19:24:51.501, 2942144735099, QTAgent32.exe, &lt;a class=success&gt;Playback - {190} [SUCCESS] SetValueAsEditBox "1" - "[MSAA, VisibleOnly]ControlType='Edit'"  &lt; Set via SendKeys &gt;
\0&lt;/a&gt;
W, 3504, 17, 2013/05/23, 19:24:52.172, 2942154339781, QTAgent32.exe, &lt;a class=success&gt;Playback - {191} [SUCCESS] MouseButtonClick - "[MSAA, VisibleOnly]ControlType='Button' &amp;&amp; Name='Ok'"
\0&lt;/a&gt;
W, 3504, 17, 2013/05/23, 19:24:52.623, 2942160795242, QTAgent32.exe, Playback - [WARNING] Internal warning: Window Not Found: [VisibleOnly]ControlType='Window' &amp;&amp; Name='Confirm' &amp;&amp; ClassName='#32770'
\0
E, 3504, 17, 2013/05/23, 19:24:52.623, 2942160798805, QTAgent32.exe, &lt;a class=failure&gt;Playback - {192} [FAILED] Function ElementFetcher::FindScreenElement failed to locate UI element (Searching: ;[VisibleOnly]ControlType='Window' &amp;&amp; Name='Confirm' &amp;&amp; ClassName='#32770') (The object specified was not found.)
\0&lt;/a&gt;
E, 3504, 17, 2013/05/23, 19:24:52.718, 2942162159351, QTAgent32.exe, Playback - [IMAGE] C:\Users\testuser\AppData\Local\Temp\UITestLogs\LastRun\RPF737F.png
\0
W, 3504, 17, 2013/05/23, 19:24:52.718, 2942162162092, QTAgent32.exe, Playback - [WARNING] Internal warning: Couldn't find descendants that match QueryId
\0
W, 3504, 17, 2013/05/23, 19:25:10.773, 2942420678106, QTAgent32.exe, Playback - [WARNING] Internal warning: Window Not Found: [VisibleOnly]ControlType='Window' &amp;&amp; Name='Confirm' &amp;&amp; ClassName='#32770'
\0
E, 3504, 17, 2013/05/23, 19:25:10.774, 2942420683316, QTAgent32.exe, &lt;a class=failure&gt;Playback - {193} [FAILED] Function ElementFetcher::FindScreenElement failed to locate UI element (Searching: ;[VisibleOnly]ControlType='Window' &amp;&amp; Name='Confirm' &amp;&amp; ClassName='#32770') (The object specified was not found.)
\0&lt;/a&gt;
E, 3504, 17, 2013/05/23, 19:25:10.891, 2942422368342, QTAgent32.exe, Playback - [IMAGE] C:\Users\testuser\AppData\Local\Temp\UITestLogs\LastRun\RPFBA6E.png
\0
W, 3504, 17, 2013/05/23, 19:25:10.892, 2942422371537, QTAgent32.exe, Playback - [WARNING] Internal warning: Couldn't find descendants that match QueryId
\0
W, 3504, 17, 2013/05/23, 19:25:10.892, 2942422380600, QTAgent32.exe, PERF WARNING: FindTopLevelWindowHelper::FindAllDescendents: took 18173 ms. Expected it to take maximum 500 ms.
W, 3504, 17, 2013/05/23, 19:25:11.440, 2942430221043, QTAgent32.exe, Playback - [WARNING] Internal warning: Smart Match failed
\0
W, 3504, 17, 2013/05/23, 19:25:11.897, 2942436767386, QTAgent32.exe, Playback - [WARNING] Internal warning: Smart Match failed
\0
W, 3504, 17, 2013/05/23, 19:25:12.317, 2942442782808, QTAgent32.exe, Playback - [WARNING] Internal warning: Smart Match failed
\0
W, 3504, 17, 2013/05/23, 19:25:12.755, 2942449053983, QTAgent32.exe, Playback - [WARNING] Internal warning: Smart Match failed
\0
W, 3504, 17, 2013/05/23, 19:25:13.181, 2942455159101, QTAgent32.exe, Playback - [WARNING] Internal warning: Smart Match failed
\0
W, 3504, 17, 2013/05/23, 19:25:13.612, 2942461324599, QTAgent32.exe, Playback - [WARNING] Internal warning: Smart Match failed
\0
W, 3504, 17, 2013/05/23, 19:25:13.902, 2942465479066, QTAgent32.exe, Playback - [WARNING] Internal warning: Window Not Found: [VisibleOnly]ControlType='Window' &amp;&amp; Name='Confirm' &amp;&amp; ClassName='#32770'
\0
E, 3504, 17, 2013/05/23, 19:25:13.902, 2942465482279, QTAgent32.exe, &lt;a class=failure&gt;Playback - {194} [FAILED] Function ElementFetcher::FindScreenElement failed to locate UI element (Searching: ;[VisibleOnly]ControlType='Window' &amp;&amp; Name='Confirm' &amp;&amp; ClassName='#32770') (The object specified was not found.)
\0&lt;/a&gt;
E, 3504, 17, 2013/05/23, 19:25:13.983, 2942466643393, QTAgent32.exe, Playback - [IMAGE] C:\Users\testuser\AppData\Local\Temp\UITestLogs\LastRun\RPFC69F.png
\0
W, 3504, 17, 2013/05/23, 19:25:13.983, 2942466645615, QTAgent32.exe, Playback - [WARNING] Internal warning: Couldn't find descendants that match QueryId
\0
W, 3504, 17, 2013/05/23, 19:25:13.984, 2942466648734, QTAgent32.exe, PERF WARNING: FindTopLevelWindowHelper::FindAllDescendents: took 3091 ms. Expected it to take maximum 500 ms.
E, 3504, 17, 2013/05/23, 19:25:13.984, 2942466650665, QTAgent32.exe, Exception: System.Runtime.InteropServices.COMException
	Message: Error HRESULT E_FAIL has been returned from a call to a COM component.
	Stack Trace:    at Microsoft.VisualStudio.TestTools.UITest.Playback.Engine.IRPFPlayback.FindAllScreenElements(IScreenElement pScreenElementStart, String bstrQueryId, Object&amp; pvarResKeys, Int32 cResKeys, Int32 nMaxDepth, Object[]&amp; foundDescendants)
   at Microsoft.VisualStudio.TestTools.UITest.Playback.ScreenElement.FindTopLevelWindowHelper(String queryId)
	BaseExceptionMessage: Error HRESULT E_FAIL has been returned from a call to a COM component.

E, 3504, 17, 2013/05/23, 19:25:14.088, 2942468149888, QTAgent32.exe, AL: Playback Error: Microsoft.VisualStudio.TestTools.UITest.Extension.UITestControlNotFoundException: The playback failed to find the control with the given search properties. Additional Details: 
TechnologyName:  'MSAA'
ControlType:  'Window'
Name:  'Confirm'
ClassName:  '#32770'
 ---&gt; System.Runtime.InteropServices.COMException: Error HRESULT E_FAIL has been returned from a call to a COM component.
   at Microsoft.VisualStudio.TestTools.UITest.Playback.Engine.IRPFPlayback.FindAllScreenElements(IScreenElement pScreenElementStart, String bstrQueryId, Object&amp; pvarResKeys, Int32 cResKeys, Int32 nMaxDepth, Object[]&amp; foundDescendants)
   at Microsoft.VisualStudio.TestTools.UITest.Playback.ScreenElement.FindTopLevelWindowHelper(String queryId)
   at Microsoft.VisualStudio.TestTools.UITest.Playback.ScreenElement.FindFromPartialQueryId(String queryId)
   at Microsoft.VisualStudio.TestTools.UITesting.UITestControl..ctor(String queryId)
   --- End of inner exception stack trace ---
   at Microsoft.VisualStudio.TestTools.UITesting.Playback.MapControlNotFoundException(COMException ex, IPlaybackContext context)
   at Microsoft.VisualStudio.TestTools.UITesting.Playback.MapAndThrowComException(COMException innerException, IPlaybackContext context)
   at Microsoft.VisualStudio.TestTools.UITesting.Playback.MapAndThrowException(SystemException exception, IPlaybackContext context)
   at Microsoft.VisualStudio.TestTools.UITesting.Playback.MapAndThrowException(SystemException exception, String queryId)
   at Microsoft.VisualStudio.TestTools.UITesting.UITestControl..ctor(String queryId)
   at Microsoft.VisualStudio.TestTools.UITesting.SearchHelper.SearchTopLevelWindow(ISearchArgument topLevelSearchArg, String topLevelElementQueryId)
   at Microsoft.VisualStudio.TestTools.UITesting.SearchHelper.GetTitleUpdatedTopLevelWindow(ISearchArgument topLevelSearchArg, String queryId, IList`1 windowTitles)
   at Microsoft.VisualStudio.TestTools.UITesting.SearchHelper.GetTopLevelElement(Boolean useCache, Boolean useCacheOnly, ISearchArgument searchArg, IList`1 windowTitles, Int32&amp; timeLeft)
   at Microsoft.VisualStudio.TestTools.UITesting.SearchHelper.GetElement(Boolean useCache, ISearchArgument searchArg)
   at Microsoft.VisualStudio.TestTools.UITesting.SearchHelper.Search(ISearchArgument searchArg)
   at Microsoft.VisualStudio.TestTools.UITesting.UITestControl.FindInternal()
   at Microsoft.VisualStudio.TestTools.UITesting.UITestControl.FindControlIfNecessary()
   at Microsoft.VisualStudio.TestTools.UITesting.UITestControl.Click(MouseButtons button, ModifierKeys modifierKeys, Point relativeCoordinates)
   at Microsoft.VisualStudio.TestTools.UITesting.Mouse.ClickImplementation(UITestControl control, MouseButtons button, ModifierKeys modifierKeys, Point relativeCoordinate)
   at Microsoft.VisualStudio.TestTools.UITesting.Mouse.ClickImplementationWrapper(UITestControl control, MouseButtons button, ModifierKeys modifierKeys, Point relativeCoordinate)
W, 3504, 17, 2013/05/23, 19:25:14.089, 2942468153872, QTAgent32.exe, PlaybackErrorHandler: Ignoring exception as ContinueOnError is set.
W, 3504, 17, 2013/05/23, 19:25:14.384, 2942472380026, QTAgent32.exe, Playback - [WARNING] Internal warning: Window Not Found: [VisibleOnly]ControlType='Window' &amp;&amp; Name='Personal Lines' &amp;&amp; ClassName='#32770'
\0
E, 3504, 17, 2013/05/23, 19:25:14.384, 2942472383165, QTAgent32.exe, &lt;a class=failure&gt;Playback - {195} [FAILED] Function ElementFetcher::FindScreenElement failed to locate UI element (Searching: ;[VisibleOnly]ControlType='Window' &amp;&amp; Name='Personal Lines' &amp;&amp; ClassName='#32770') (The object specified was not found.)
\0&lt;/a&gt;
E, 3504, 17, 2013/05/23, 19:25:14.469, 2942473600703, QTAgent32.exe, Playback - [IMAGE] C:\Users\testuser\AppData\Local\Temp\UITestLogs\LastRun\RPFC884.png
\0
W, 3504, 17, 2013/05/23, 19:25:14.469, 2942473603567, QTAgent32.exe, Playback - [WARNING] Internal warning: Couldn't find descendants that match QueryId
\0
W, 3504, 17, 2013/05/23, 19:25:32.529, 2942732181629, QTAgent32.exe, Playback - [WARNING] Internal warning: Window Not Found: [VisibleOnly]ControlType='Window' &amp;&amp; Name='Personal Lines' &amp;&amp; ClassName='#32770'
\0
E, 3504, 17, 2013/05/23, 19:25:32.529, 2942732190014, QTAgent32.exe, &lt;a class=failure&gt;Playback - {196} [FAILED] Function ElementFetcher::FindScreenElement failed to locate UI element (Searching: ;[VisibleOnly]ControlType='Window' &amp;&amp; Name='Personal Lines' &amp;&amp; ClassName='#32770') (The object specified was not found.)
\0&lt;/a&gt;
E, 3504, 17, 2013/05/23, 19:25:32.616, 2942733431925, QTAgent32.exe, Playback - [IMAGE] C:\Users\testuser\AppData\Local\Temp\UITestLogs\LastRun\RPFF64.png
\0
W, 3504, 17, 2013/05/23, 19:25:32.616, 2942733434396, QTAgent32.exe, Playback - [WARNING] Internal warning: Couldn't find descendants that match QueryId
\0
W, 3504, 17, 2013/05/23, 19:25:32.617, 2942733442836, QTAgent32.exe, PERF WARNING: FindTopLevelWindowHelper::FindAllDescendents: took 18147 ms. Expected it to take maximum 500 ms.
W, 3504, 17, 2013/05/23, 19:25:33.179, 2942741496907, QTAgent32.exe, Playback - [WARNING] Internal warning: Smart Match failed
\0
W, 3504, 17, 2013/05/23, 19:25:33.672, 2942748555698, QTAgent32.exe, Playback - [WARNING] Internal warning: Smart Match failed
\0
W, 3504, 17, 2013/05/23, 19:25:34.109, 2942754815137, QTAgent32.exe, Playback - [WARNING] Internal warning: Smart Match failed
\0
W, 3504, 17, 2013/05/23, 19:25:34.552, 2942761149134, QTAgent32.exe, Playback - [WARNING] Internal warning: Smart Match failed
\0
W, 3504, 17, 2013/05/23, 19:25:35.072, 2942768590790, QTAgent32.exe, Playback - [WARNING] Internal warning: Smart Match failed
\0
W, 3504, 17, 2013/05/23, 19:25:35.480, 2942774432852, QTAgent32.exe, Playback - [WARNING] Internal warning: Smart Match failed
\0
W, 3504, 17, 2013/05/23, 19:25:35.766, 2942778534307, QTAgent32.exe, Playback - [WARNING] Internal warning: Window Not Found: [VisibleOnly]ControlType='Window' &amp;&amp; Name='Personal Lines' &amp;&amp; ClassName='#32770'
\0
E, 3504, 17, 2013/05/23, 19:25:35.767, 2942778537896, QTAgent32.exe, &lt;a class=failure&gt;Playback - {197} [FAILED] Function ElementFetcher::FindScreenElement failed to locate UI element (Searching: ;[VisibleOnly]ControlType='Window' &amp;&amp; Name='Personal Lines' &amp;&amp; ClassName='#32770') (The object specified was not found.)
\0&lt;/a&gt;
E, 3504, 17, 2013/05/23, 19:25:35.845, 2942779667774, QTAgent32.exe, Playback - [IMAGE] C:\Users\testuser\AppData\Local\Temp\UITestLogs\LastRun\RPF1C12.png
\0
W, 3504, 17, 2013/05/23, 19:25:35.846, 2942779670301, QTAgent32.exe, Playback - [WARNING] Internal warning: Couldn't find descendants that match QueryId
\0
W, 3504, 17, 2013/05/23, 19:25:35.846, 2942779674537, QTAgent32.exe, PERF WARNING: FindTopLevelWindowHelper::FindAllDescendents: took 3228 ms. Expected it to take maximum 500 ms.
E, 3504, 17, 2013/05/23, 19:25:35.846, 2942779676880, QTAgent32.exe, Exception: System.Runtime.InteropServices.COMException
	Message: Error HRESULT E_FAIL has been returned from a call to a COM component.
	Stack Trace:    at Microsoft.VisualStudio.TestTools.UITest.Playback.Engine.IRPFPlayback.FindAllScreenElements(IScreenElement pScreenElementStart, String bstrQueryId, Object&amp; pvarResKeys, Int32 cResKeys, Int32 nMaxDepth, Object[]&amp; foundDescendants)
   at Microsoft.VisualStudio.TestTools.UITest.Playback.ScreenElement.FindTopLevelWindowHelper(String queryId)
	BaseExceptionMessage: Error HRESULT E_FAIL has been returned from a call to a COM component.

E, 3504, 17, 2013/05/23, 19:25:35.847, 2942779685014, QTAgent32.exe, Window 9175990 not responding. Last Win32 error 0
E, 3504, 17, 2013/05/23, 19:25:35.847, 2942779686336, QTAgent32.exe, GetClassName for handle 9175990 failed
E, 3504, 17, 2013/05/23, 19:25:35.847, 2942779691899, QTAgent32.exe, Window 6620878 not responding. Last Win32 error 1400
E, 3504, 17, 2013/05/23, 19:25:35.847, 2942779692978, QTAgent32.exe, GetClassName for handle 6620878 failed
E, 3504, 17, 2013/05/23, 19:25:35.948, 2942781131543, QTAgent32.exe, AL: Playback Error: Microsoft.VisualStudio.TestTools.UITest.Extension.UITestControlNotAvailableException: The control is not available or not valid. Additional Details: 
TechnologyName:  'MSAA'
Name:  'OK'
ControlType:  'Button'
 ---&gt; Microsoft.VisualStudio.TestTools.UITest.Extension.UITestControlNotAvailableException: The control is not available or not valid. Additional Details: 
TechnologyName:  'MSAA'
ControlType:  'Window'
 ---&gt; System.Runtime.InteropServices.COMException: Error HRESULT E_FAIL has been returned from a call to a COM component.
   at Microsoft.VisualStudio.TestTools.UITest.Playback.Engine.IRPFPlayback.FindAllScreenElements(IScreenElement pScreenElementStart, String bstrQueryId, Object&amp; pvarResKeys, Int32 cResKeys, Int32 nMaxDepth, Object[]&amp; foundDescendants)
   at Microsoft.VisualStudio.TestTools.UITest.Playback.ScreenElement.FindTopLevelWindowHelper(String queryId)
   at Microsoft.VisualStudio.TestTools.UITest.Playback.ScreenElement.FindFromPartialQueryId(String queryId)
   at Microsoft.VisualStudio.TestTools.UITesting.UITestControl.EnsureValid(Boolean waitForReady, Boolean refetch)
   --- End of inner exception stack trace ---
   at Microsoft.VisualStudio.TestTools.UITesting.UITestControl.EnsureValid(Boolean waitForReady, Boolean refetch)
   at Microsoft.VisualStudio.TestTools.UITesting.UITestControl.FindFirstDescendant(String queryId, Int32 maxDepth, Int32&amp; timeLeft)
   at Microsoft.VisualStudio.TestTools.UITesting.UITestControl.FindFirstDescendant(String queryId)
   at Microsoft.VisualStudio.TestTools.UITesting.UITestControl.EnsureValid(Boolean waitForReady, Boolean refetch)
   --- End of inner exception stack trace ---
   at Microsoft.VisualStudio.TestTools.UITesting.UITestControl.EnsureValid(Boolean waitForReady, Boolean refetch)
   at Microsoft.VisualStudio.TestTools.UITesting.UITestControl.Click(MouseButtons button, ModifierKeys modifierKeys, Point relativeCoordinates)
   at Microsoft.VisualStudio.TestTools.UITesting.Mouse.ClickImplementation(UITestControl control, MouseButtons button, ModifierKeys modifierKeys, Point relativeCoordinate)
   at Microsoft.VisualStudio.TestTools.UITesting.Mouse.ClickImplementationWrapper(UITestControl control, MouseButtons button, ModifierKeys modifierKeys, Point relativeCoordinate)
W, 3504, 17, 2013/05/23, 19:25:35.948, 2942781136856, QTAgent32.exe, PlaybackErrorHandler: Ignoring exception as ContinueOnError is set.
W, 3504, 17, 2013/05/23, 19:25:36.253, 2942785507654, QTAgent32.exe, Playback - [WARNING] Internal warning: Window Not Found: [VisibleOnly]ControlType='Window' &amp;&amp; Name='Policies Auto-Renewed &amp; Auto-Lapsed' &amp;&amp; ClassName='ThunderRT6FormDC'
\0
E, 3504, 17, 2013/05/23, 19:25:36.254, 2942785511181, QTAgent32.exe, &lt;a class=failure&gt;Playback - {198} [FAILED] Function ElementFetcher::FindScreenElement failed to locate UI element (Searching: ;[VisibleOnly]ControlType='Window' &amp;&amp; Name='Policies Auto-Renewed &amp; Auto-Lapsed' &amp;&amp; ClassName='ThunderRT6FormDC') (The object specified was not found.)
\0&lt;/a&gt;
E, 3504, 17, 2013/05/23, 19:25:36.338, 2942786717593, QTAgent32.exe, Playback - [IMAGE] C:\Users\testuser\AppData\Local\Temp\UITestLogs\LastRun\RPF1DF6.png
\0
W, 3504, 17, 2013/05/23, 19:25:36.338, 2942786720530, QTAgent32.exe, Playback - [WARNING] Internal warning: Couldn't find descendants that match QueryId
\0
W, 3504, 17, 2013/05/23, 19:25:54.387, 2943045140068, QTAgent32.exe, Playback - [WARNING] Internal warning: Window Not Found: [VisibleOnly]ControlType='Window' &amp;&amp; Name='Policies Auto-Renewed &amp; Auto-Lapsed' &amp;&amp; ClassName='ThunderRT6FormDC'
\0
E, 3504, 17, 2013/05/23, 19:25:54.387, 2943045145100, QTAgent32.exe, &lt;a class=failure&gt;Playback - {199} [FAILED] Function ElementFetcher::FindScreenElement failed to locate UI element (Searching: ;[VisibleOnly]ControlType='Window' &amp;&amp; Name='Policies Auto-Renewed &amp; Auto-Lapsed' &amp;&amp; ClassName='ThunderRT6FormDC') (The object specified was not found.)
\0&lt;/a&gt;
E, 3504, 17, 2013/05/23, 19:25:54.473, 2943046376992, QTAgent32.exe, Playback - [IMAGE] C:\Users\testuser\AppData\Local\Temp\UITestLogs\LastRun\RPF64C6.png
\0
W, 3504, 17, 2013/05/23, 19:25:54.473, 2943046379636, QTAgent32.exe, Playback - [WARNING] Internal warning: Couldn't find descendants that match QueryId
\0
W, 3504, 17, 2013/05/23, 19:25:54.473, 2943046384426, QTAgent32.exe, PERF WARNING: FindTopLevelWindowHelper::FindAllDescendents: took 18134 ms. Expected it to take maximum 500 ms.
W, 3504, 17, 2013/05/23, 19:25:55.031, 2943054370294, QTAgent32.exe, Playback - [WARNING] Internal warning: Smart Match failed
\0
W, 3504, 17, 2013/05/23, 19:25:55.480, 2943060801112, QTAgent32.exe, Playback - [WARNING] Internal warning: Smart Match failed
\0
W, 3504, 17, 2013/05/23, 19:25:55.884, 2943066581433, QTAgent32.exe, Playback - [WARNING] Internal warning: Smart Match failed
\0
W, 3504, 17, 2013/05/23, 19:25:56.288, 2943072369727, QTAgent32.exe, Playback - [WARNING] Internal warning: Smart Match failed
\0
W, 3504, 17, 2013/05/23, 19:25:56.696, 2943078211284, QTAgent32.exe, Playback - [WARNING] Internal warning: Smart Match failed
\0
W, 3504, 17, 2013/05/23, 19:25:57.125, 2943084355070, QTAgent32.exe, Playback - [WARNING] Internal warning: Smart Match failed
\0
W, 3504, 17, 2013/05/23, 19:25:57.563, 2943090632354, QTAgent32.exe, Playback - [WARNING] Internal warning: Smart Match failed
\0
W, 3504, 17, 2013/05/23, 19:25:57.881, 2943095186478, QTAgent32.exe, Playback - [WARNING] Internal warning: Window Not Found: [VisibleOnly]ControlType='Window' &amp;&amp; Name='Policies Auto-Renewed &amp; Auto-Lapsed' &amp;&amp; ClassName='ThunderRT6FormDC'
\0
E, 3504, 17, 2013/05/23, 19:25:57.882, 2943095191075, QTAgent32.exe, &lt;a class=failure&gt;Playback - {200} [FAILED] Function ElementFetcher::FindScreenElement failed to locate UI element (Searching: ;[VisibleOnly]ControlType='Window' &amp;&amp; Name='Policies Auto-Renewed &amp; Auto-Lapsed' &amp;&amp; ClassName='ThunderRT6FormDC') (The object specified was not found.)
\0&lt;/a&gt;
E, 3504, 17, 2013/05/23, 19:25:57.974, 2943096508661, QTAgent32.exe, Playback - [IMAGE] C:\Users\testuser\AppData\Local\Temp\UITestLogs\LastRun\RPF726E.png
\0
W, 3504, 17, 2013/05/23, 19:25:57.974, 2943096511087, QTAgent32.exe, Playback - [WARNING] Internal warning: Couldn't find descendants that match QueryId
\0
W, 3504, 17, 2013/05/23, 19:25:57.975, 2943096519843, QTAgent32.exe, PERF WARNING: FindTopLevelWindowHelper::FindAllDescendents: took 3501 ms. Expected it to take maximum 500 ms.
E, 3504, 17, 2013/05/23, 19:25:57.975, 2943096522708, QTAgent32.exe, Exception: System.Runtime.InteropServices.COMException
	Message: Error HRESULT E_FAIL has been returned from a call to a COM component.
	Stack Trace:    at Microsoft.VisualStudio.TestTools.UITest.Playback.Engine.IRPFPlayback.FindAllScreenElements(IScreenElement pScreenElementStart, String bstrQueryId, Object&amp; pvarResKeys, Int32 cResKeys, Int32 nMaxDepth, Object[]&amp; foundDescendants)
   at Microsoft.VisualStudio.TestTools.UITest.Playback.ScreenElement.FindTopLevelWindowHelper(String queryId)
	BaseExceptionMessage: Error HRESULT E_FAIL has been returned from a call to a COM component.

E, 3504, 17, 2013/05/23, 19:25:58.076, 2943097967424, QTAgent32.exe, AL: Playback Error: Microsoft.VisualStudio.TestTools.UITest.Extension.UITestControlNotFoundException: The playback failed to find the control with the given search properties. Additional Details: 
TechnologyName:  'MSAA'
ControlType:  'Window'
Name:  'Policies Auto-Renewed &amp; Auto-Lapsed'
ClassName:  'ThunderRT6FormDC'
 ---&gt; System.Runtime.InteropServices.COMException: Error HRESULT E_FAIL has been returned from a call to a COM component.
   at Microsoft.VisualStudio.TestTools.UITest.Playback.Engine.IRPFPlayback.FindAllScreenElements(IScreenElement pScreenElementStart, String bstrQueryId, Object&amp; pvarResKeys, Int32 cResKeys, Int32 nMaxDepth, Object[]&amp; foundDescendants)
   at Microsoft.VisualStudio.TestTools.UITest.Playback.ScreenElement.FindTopLevelWindowHelper(String queryId)
   at Microsoft.VisualStudio.TestTools.UITest.Playback.ScreenElement.FindFromPartialQueryId(String queryId)
   at Microsoft.VisualStudio.TestTools.UITesting.UITestControl..ctor(String queryId)
   --- End of inner exception stack trace ---
   at Microsoft.VisualStudio.TestTools.UITesting.Playback.MapControlNotFoundException(COMException ex, IPlaybackContext context)
   at Microsoft.VisualStudio.TestTools.UITesting.Playback.MapAndThrowComException(COMException innerException, IPlaybackContext context)
   at Microsoft.VisualStudio.TestTools.UITesting.Playback.MapAndThrowException(SystemException exception, IPlaybackContext context)
   at Microsoft.VisualStudio.TestTools.UITesting.Playback.MapAndThrowException(SystemException exception, String queryId)
   at Microsoft.VisualStudio.TestTools.UITesting.UITestControl..ctor(String queryId)
   at Microsoft.VisualStudio.TestTools.UITesting.SearchHelper.SearchTopLevelWindow(ISearchArgument topLevelSearchArg, String topLevelElementQueryId)
   at Microsoft.VisualStudio.TestTools.UITesting.SearchHelper.GetTitleUpdatedTopLevelWindow(ISearchArgument topLevelSearchArg, String queryId, IList`1 windowTitles)
   at Microsoft.VisualStudio.TestTools.UITesting.SearchHelper.GetTopLevelElement(Boolean useCache, Boolean useCacheOnly, ISearchArgument searchArg, IList`1 windowTitles, Int32&amp; timeLeft)
   at Microsoft.VisualStudio.TestTools.UITesting.SearchHelper.GetElement(Boolean useCache, ISearchArgument searchArg)
   at Microsoft.VisualStudio.TestTools.UITesting.SearchHelper.Search(ISearchArgument searchArg)
   at Microsoft.VisualStudio.TestTools.UITesting.UITestControl.FindInternal()
   at Microsoft.VisualStudio.TestTools.UITesting.UITestControl.FindControlIfNecessary()
   at Microsoft.VisualStudio.TestTools.UITesting.UITestControl.Click(MouseButtons button, ModifierKeys modifierKeys, Point relativeCoordinates)
   at Microsoft.VisualStudio.TestTools.UITesting.Mouse.ClickImplementation(UITestControl control, MouseButtons button, ModifierKeys modifierKeys, Point relativeCoordinate)
   at Microsoft.VisualStudio.TestTools.UITesting.Mouse.ClickImplementationWrapper(UITestControl control, MouseButtons button, ModifierKeys modifierKeys, Point relativeCoordinate)
W, 3504, 17, 2013/05/23, 19:25:58.076, 2943097971572, QTAgent32.exe, PlaybackErrorHandler: Ignoring exception as ContinueOnError is set.
W, 3504, 17, 2013/05/23, 19:25:58.307, 2943101267148, QTAgent32.exe, &lt;a class=success&gt;Playback - {201} [SUCCESS] MouseButtonClick - "[MSAA, VisibleOnly]ControlType='Button' &amp;&amp; Name='EDI Match...'"
\0&lt;/a&gt;
W, 3504, 17, 2013/05/23, 19:25:58.563, 2943104947332, QTAgent32.exe, &lt;a class=success&gt;Playback - {202} [SUCCESS] MouseButtonClick - "[MSAA, VisibleOnly]ControlType='Button' &amp;&amp; Name='Ok'"
\0&lt;/a&gt;
W, 3504, 17, 2013/05/23, 19:26:01.186, 2943142503308, QTAgent32.exe, PERF WARNING: FindTopLevelWindowHelper::FindAllDescendents: took 2517 ms. Expected it to take maximum 500 ms.
W, 3504, 17, 2013/05/23, 19:26:01.321, 2943144429120, QTAgent32.exe, &lt;a class=success&gt;Playback - {203} [SUCCESS] MouseButtonClick - "[MSAA, VisibleOnly]ControlType='Button' &amp;&amp; Name='OK'"
\0&lt;/a&gt;
W, 3504, 17, 2013/05/23, 19:26:02.927, 2943167421284, QTAgent32.exe, Playback - [WARNING] Internal warning: Element "[MSAA, VisibleOnly]ControlType='Window' &amp;&amp; ControlId='5'" was not found, so all intermediate elements were ignored. To improve performance replace this element Id with another Id or exclude it from QueryId. If this element is the target element, replace or remove intermediate elements
\0
W, 3504, 17, 2013/05/23, 19:26:05.497, 2943204223701, QTAgent32.exe, Playback - [WARNING] Internal warning:Search failure: &lt;[MSAA, VisibleOnly]ControlType='Window' &amp;&amp; ControlId='32768'&gt; | Performed (4) search retries, UI element not found
\0
E, 3504, 17, 2013/05/23, 19:26:05.497, 2943204229462, QTAgent32.exe, &lt;a class=failure&gt;Playback - {204} [FAILED] Function ElementFetcher::FindScreenElement failed to locate UI element (Searching: ;[MSAA, VisibleOnly]ControlType='Window' &amp;&amp; ControlId='32768';[MSAA, VisibleOnly]ControlType='Window' &amp;&amp; ControlId='5';[MSAA, VisibleOnly]ControlType='Button' &amp;&amp; Name='Log and Clear') (The object specified was not found.)
\0&lt;/a&gt;
E, 3504, 17, 2013/05/23, 19:26:05.598, 2943205676377, QTAgent32.exe, Playback - [IMAGE] C:\Users\testuser\AppData\Local\Temp\UITestLogs\LastRun\RPF903B.png
\0
W, 3504, 17, 2013/05/23, 19:26:05.598, 2943205678983, QTAgent32.exe, Playback - [WARNING] Internal warning: Couldn't find descendants that match QueryId
\0
W, 3504, 17, 2013/05/23, 19:26:05.599, 2943205683477, QTAgent32.exe, PERF WARNING: FindAllDescendents: took 4176 ms. Expected it to take maximum 500 ms.
E, 3504, 17, 2013/05/23, 19:26:05.705, 2943207205084, QTAgent32.exe, AL: Playback Error: Microsoft.VisualStudio.TestTools.UITest.Extension.UITestControlNotFoundException: The playback failed to find the control with the given search properties. Additional Details: 
TechnologyName:  'MSAA'
ControlType:  'Button'
Name:  'Log and Clear'
 ---&gt; System.Runtime.InteropServices.COMException: Error HRESULT E_FAIL has been returned from a call to a COM component.
   at Microsoft.VisualStudio.TestTools.UITest.Playback.Engine.IScreenElement.FindAllDescendants(String bstrQueryId, Object&amp; pvarResKeys, Int32 cResKeys, Int32 nMaxDepth)
   at Microsoft.VisualStudio.TestTools.UITest.Playback.ScreenElement.FindAllScreenElement(String queryId, Int32 depth, Boolean singleQueryId, Boolean throwException)
   at Microsoft.VisualStudio.TestTools.UITest.Playback.ScreenElement.FindScreenElement(String queryId, Int32 depth)
   at Microsoft.VisualStudio.TestTools.UITesting.UITestControl.FindFirstDescendant(String queryId, Int32 maxDepth, Int32&amp; timeLeft)
   --- End of inner exception stack trace ---
   at Microsoft.VisualStudio.TestTools.UITesting.Playback.MapControlNotFoundException(COMException ex, IPlaybackContext context)
   at Microsoft.VisualStudio.TestTools.UITesting.Playback.MapAndThrowComException(COMException innerException, IPlaybackContext context)
   at Microsoft.VisualStudio.TestTools.UITesting.Playback.MapAndThrowException(SystemException exception, IPlaybackContext context)
   at Microsoft.VisualStudio.TestTools.UITesting.Playback.MapAndThrowException(SystemException exception, String queryId)
   at Microsoft.VisualStudio.TestTools.UITesting.UITestControl.FindFirstDescendant(String queryId, Int32 maxDepth, Int32&amp; timeLeft)
   at Microsoft.VisualStudio.TestTools.UITesting.SearchHelper.GetElement(Boolean useCache, ISearchArgument searchArg)
   at Microsoft.VisualStudio.TestTools.UITesting.SearchHelper.Search(ISearchArgument searchArg)
   at Microsoft.VisualStudio.TestTools.UITesting.UITestControl.FindInternal()
   at Microsoft.VisualStudio.TestTools.UITesting.UITestControl.FindControlIfNecessary()
   at Microsoft.VisualStudio.TestTools.UITesting.UITestControl.Click(MouseButtons button, ModifierKeys modifierKeys, Point relativeCoordinates)
   at Microsoft.VisualStudio.TestTools.UITesting.Mouse.ClickImplementation(UITestControl control, MouseButtons button, ModifierKeys modifierKeys, Point relativeCoordinate)
   at Microsoft.VisualStudio.TestTools.UITesting.Mouse.ClickImplementationWrapper(UITestControl control, MouseButtons button, ModifierKeys modifierKeys, Point relativeCoordinate)
W, 3504, 17, 2013/05/23, 19:26:05.705, 2943207208474, QTAgent32.exe, PlaybackErrorHandler: Ignoring exception as ContinueOnError is set.
W, 3504, 17, 2013/05/23, 19:26:06.013, 2943211604703, QTAgent32.exe, Playback - [WARNING] Internal warning: Window Not Found: [VisibleOnly]ControlType='Window' &amp;&amp; Name='Personal Lines' &amp;&amp; ClassName='#32770'
\0
E, 3504, 17, 2013/05/23, 19:26:06.013, 2943211607746, QTAgent32.exe, &lt;a class=failure&gt;Playback - {205} [FAILED] Function ElementFetcher::FindScreenElement failed to locate UI element (Searching: ;[VisibleOnly]ControlType='Window' &amp;&amp; Name='Personal Lines' &amp;&amp; ClassName='#32770') (The object specified was not found.)
\0&lt;/a&gt;
E, 3504, 17, 2013/05/23, 19:26:06.102, 2943212880366, QTAgent32.exe, Playback - [IMAGE] C:\Users\testuser\AppData\Local\Temp\UITestLogs\LastRun\RPF923F.png
\0
W, 3504, 17, 2013/05/23, 19:26:06.102, 2943212882639, QTAgent32.exe, Playback - [WARNING] Internal warning: Couldn't find descendants that match QueryId
\0
W, 3504, 17, 2013/05/23, 19:26:24.111, 2943470740457, QTAgent32.exe, Playback - [WARNING] Internal warning: Window Not Found: [VisibleOnly]ControlType='Window' &amp;&amp; Name='Personal Lines' &amp;&amp; ClassName='#32770'
\0
E, 3504, 17, 2013/05/23, 19:26:24.111, 2943470745127, QTAgent32.exe, &lt;a class=failure&gt;Playback - {206} [FAILED] Function ElementFetcher::FindScreenElement failed to locate UI element (Searching: ;[VisibleOnly]ControlType='Window' &amp;&amp; Name='Personal Lines' &amp;&amp; ClassName='#32770') (The object specified was not found.)
\0&lt;/a&gt;
E, 3504, 17, 2013/05/23, 19:26:24.190, 2943471870615, QTAgent32.exe, Playback - [IMAGE] C:\Users\testuser\AppData\Local\Temp\UITestLogs\LastRun\RPFD8F0.png
\0
W, 3504, 17, 2013/05/23, 19:26:24.190, 2943471873045, QTAgent32.exe, Playback - [WARNING] Internal warning: Couldn't find descendants that match QueryId
\0
W, 3504, 17, 2013/05/23, 19:26:24.190, 2943471878895, QTAgent32.exe, PERF WARNING: FindTopLevelWindowHelper::FindAllDescendents: took 18088 ms. Expected it to take maximum 500 ms.
W, 3504, 17, 2013/05/23, 19:26:24.738, 2943479719829, QTAgent32.exe, Playback - [WARNING] Internal warning: Smart Match failed
\0
W, 3504, 17, 2013/05/23, 19:26:25.149, 2943485611062, QTAgent32.exe, Playback - [WARNING] Internal warning: Smart Match failed
\0
W, 3504, 17, 2013/05/23, 19:26:25.547, 2943491306544, QTAgent32.exe, Playback - [WARNING] Internal warning: Smart Match failed
\0
W, 3504, 17, 2013/05/23, 19:26:25.966, 2943497293612, QTAgent32.exe, Playback - [WARNING] Internal warning: Smart Match failed
\0
W, 3504, 17, 2013/05/23, 19:26:26.420, 2943503804759, QTAgent32.exe, Playback - [WARNING] Internal warning: Smart Match failed
\0
W, 3504, 17, 2013/05/23, 19:26:26.854, 2943510017122, QTAgent32.exe, Playback - [WARNING] Internal warning: Smart Match failed
\0
W, 3504, 17, 2013/05/23, 19:26:27.293, 2943516298121, QTAgent32.exe, Playback - [WARNING] Internal warning: Smart Match failed
\0
W, 3504, 17, 2013/05/23, 19:26:27.603, 2943520744291, QTAgent32.exe, Playback - [WARNING] Internal warning: Window Not Found: [VisibleOnly]ControlType='Window' &amp;&amp; Name='Personal Lines' &amp;&amp; ClassName='#32770'
\0
E, 3504, 17, 2013/05/23, 19:26:27.603, 2943520747443, QTAgent32.exe, &lt;a class=failure&gt;Playback - {207} [FAILED] Function ElementFetcher::FindScreenElement failed to locate UI element (Searching: ;[VisibleOnly]ControlType='Window' &amp;&amp; Name='Personal Lines' &amp;&amp; ClassName='#32770') (The object specified was not found.)
\0&lt;/a&gt;
E, 3504, 17, 2013/05/23, 19:26:27.696, 2943522074287, QTAgent32.exe, Playback - [IMAGE] C:\Users\testuser\AppData\Local\Temp\UITestLogs\LastRun\RPFE698.png
\0
W, 3504, 17, 2013/05/23, 19:26:27.696, 2943522076901, QTAgent32.exe, Playback - [WARNING] Internal warning: Couldn't find descendants that match QueryId
\0
W, 3504, 17, 2013/05/23, 19:26:27.696, 2943522079907, QTAgent32.exe, PERF WARNING: FindTopLevelWindowHelper::FindAllDescendents: took 3505 ms. Expected it to take maximum 500 ms.
E, 3504, 17, 2013/05/23, 19:26:27.697, 2943522082081, QTAgent32.exe, Exception: System.Runtime.InteropServices.COMException
	Message: Error HRESULT E_FAIL has been returned from a call to a COM component.
	Stack Trace:    at Microsoft.VisualStudio.TestTools.UITest.Playback.Engine.IRPFPlayback.FindAllScreenElements(IScreenElement pScreenElementStart, String bstrQueryId, Object&amp; pvarResKeys, Int32 cResKeys, Int32 nMaxDepth, Object[]&amp; foundDescendants)
   at Microsoft.VisualStudio.TestTools.UITest.Playback.ScreenElement.FindTopLevelWindowHelper(String queryId)
	BaseExceptionMessage: Error HRESULT E_FAIL has been returned from a call to a COM component.

E, 3504, 17, 2013/05/23, 19:26:27.697, 2943522087480, QTAgent32.exe, GetClassName for handle 2296348 failed
E, 3504, 17, 2013/05/23, 19:26:27.698, 2943522098943, QTAgent32.exe, Window 2296348 not responding. Last Win32 error 1400
E, 3504, 17, 2013/05/23, 19:26:27.698, 2943522100201, QTAgent32.exe, GetClassName for handle 2296348 failed
E, 3504, 17, 2013/05/23, 19:26:27.698, 2943522105040, QTAgent32.exe, GetClassName for handle 5965668 failed
E, 3504, 17, 2013/05/23, 19:26:27.699, 2943522120376, QTAgent32.exe, Window 5965668 not responding. Last Win32 error 1400
E, 3504, 17, 2013/05/23, 19:26:27.699, 2943522122223, QTAgent32.exe, GetClassName for handle 5965668 failed
E, 3504, 17, 2013/05/23, 19:26:27.800, 2943523564717, QTAgent32.exe, AL: Playback Error: Microsoft.VisualStudio.TestTools.UITest.Extension.UITestControlNotAvailableException: The control is not available or not valid. Additional Details: 
TechnologyName:  'MSAA'
ControlType:  'Button'
 ---&gt; Microsoft.VisualStudio.TestTools.UITest.Extension.UITestControlNotAvailableException: The control is not available or not valid. Additional Details: 
TechnologyName:  'MSAA'
ControlType:  'Window'
 ---&gt; System.Runtime.InteropServices.COMException: Error HRESULT E_FAIL has been returned from a call to a COM component.
   at Microsoft.VisualStudio.TestTools.UITest.Playback.Engine.IRPFPlayback.FindAllScreenElements(IScreenElement pScreenElementStart, String bstrQueryId, Object&amp; pvarResKeys, Int32 cResKeys, Int32 nMaxDepth, Object[]&amp; foundDescendants)
   at Microsoft.VisualStudio.TestTools.UITest.Playback.ScreenElement.FindTopLevelWindowHelper(String queryId)
   at Microsoft.VisualStudio.TestTools.UITest.Playback.ScreenElement.FindFromPartialQueryId(String queryId)
   at Microsoft.VisualStudio.TestTools.UITesting.UITestControl.EnsureValid(Boolean waitForReady, Boolean refetch)
   --- End of inner exception stack trace ---
   at Microsoft.VisualStudio.TestTools.UITesting.UITestControl.EnsureValid(Boolean waitForReady, Boolean refetch)
   at Microsoft.VisualStudio.TestTools.UITesting.UITestControl.FindFirstDescendant(String queryId, Int32 maxDepth, Int32&amp; timeLeft)
   at Microsoft.VisualStudio.TestTools.UITesting.UITestControl.FindFirstDescendant(String queryId)
   at Microsoft.VisualStudio.TestTools.UITesting.UITestControl.EnsureValid(Boolean waitForReady, Boolean refetch)
   --- End of inner exception stack trace ---
   at Microsoft.VisualStudio.TestTools.UITesting.UITestControl.EnsureValid(Boolean waitForReady, Boolean refetch)
   at Microsoft.VisualStudio.TestTools.UITesting.UITestControl.Click(MouseButtons button, ModifierKeys modifierKeys, Point relativeCoordinates)
   at Microsoft.VisualStudio.TestTools.UITesting.Mouse.ClickImplementation(UITestControl control, MouseButtons button, ModifierKeys modifierKeys, Point relativeCoordinate)
   at Microsoft.VisualStudio.TestTools.UITesting.Mouse.ClickImplementationWrapper(UITestControl control, MouseButtons button, ModifierKeys modifierKeys, Point relativeCoordinate)
W, 3504, 17, 2013/05/23, 19:26:27.800, 2943523568137, QTAgent32.exe, PlaybackErrorHandler: Ignoring exception as ContinueOnError is set.
W, 3504, 17, 2013/05/23, 19:26:27.967, 2943525950579, QTAgent32.exe, &lt;a class=success&gt;Playback - {208} [SUCCESS] MouseButtonClick - "[MSAA, VisibleOnly]ControlType='Button' &amp;&amp; Name='Filter...'"
\0&lt;/a&gt;
W, 3504, 17, 2013/05/23, 19:26:28.564, 2943534507325, QTAgent32.exe, &lt;a class=success&gt;Playback - {209} [SUCCESS] SendKeys "^{HOME}" - "[MSAA, VisibleOnly]ControlType='Edit'"
\0&lt;/a&gt;
E, 3504, 17, 2013/05/23, 19:26:28.564, 2943534510974, QTAgent32.exe, Msaa.GetFocusedElement: could not find accessible object of foreground window
W, 3504, 17, 2013/05/23, 19:26:28.623, 2943535352121, QTAgent32.exe, &lt;a class=success&gt;Playback - {210} [SUCCESS] SendKeys "^+{END}" - "[MSAA, VisibleOnly]ControlType='Edit'"
\0&lt;/a&gt;
E, 3504, 17, 2013/05/23, 19:26:28.623, 2943535355461, QTAgent32.exe, Msaa.GetFocusedElement: could not find accessible object of foreground window
W, 3504, 17, 2013/05/23, 19:26:28.639, 2943535574943, QTAgent32.exe, &lt;a class=success&gt;Playback - {211} [SUCCESS] SendKeys "{DELETE}" - "[MSAA, VisibleOnly]ControlType='Edit'"
\0&lt;/a&gt;
W, 3504, 17, 2013/05/23, 19:26:29.221, 2943543916484, QTAgent32.exe, &lt;a class=success&gt;Playback - {212} [SUCCESS] SetValueAsEditBox "30/05/13" - "[MSAA, VisibleOnly]ControlType='Edit'"  &lt; Set via SendKeys &gt;
\0&lt;/a&gt;
W, 3504, 17, 2013/05/23, 19:26:29.899, 2943553610177, QTAgent32.exe, &lt;a class=success&gt;Playback - {213} [SUCCESS] SendKeys "^{HOME}" - "[MSAA, VisibleOnly]ControlType='Edit'"
\0&lt;/a&gt;
E, 3504, 17, 2013/05/23, 19:26:29.899, 2943553613854, QTAgent32.exe, Msaa.GetFocusedElement: could not find accessible object of foreground window
W, 3504, 17, 2013/05/23, 19:26:29.964, 2943554541202, QTAgent32.exe, &lt;a class=success&gt;Playback - {214} [SUCCESS] SendKeys "^+{END}" - "[MSAA, VisibleOnly]ControlType='Edit'"
\0&lt;/a&gt;
E, 3504, 17, 2013/05/23, 19:26:29.964, 2943554544527, QTAgent32.exe, Msaa.GetFocusedElement: could not find accessible object of foreground window
W, 3504, 17, 2013/05/23, 19:26:29.979, 2943554764975, QTAgent32.exe, &lt;a class=success&gt;Playback - {215} [SUCCESS] SendKeys "{DELETE}" - "[MSAA, VisibleOnly]ControlType='Edit'"
\0&lt;/a&gt;
W, 3504, 17, 2013/05/23, 19:26:30.590, 2943563513953, QTAgent32.exe, &lt;a class=success&gt;Playback - {216} [SUCCESS] SetValueAsEditBox "30/05/13" - "[MSAA, VisibleOnly]ControlType='Edit'"  &lt; Set via SendKeys &gt;
\0&lt;/a&gt;
W, 3504, 17, 2013/05/23, 19:26:31.713, 2943579594241, QTAgent32.exe, Playback - [WARNING] Internal warning: Incorrect flag set for InvokeProgrammaticAction\0
W, 3504, 17, 2013/05/23, 19:26:31.835, 2943581335223, QTAgent32.exe, &lt;a class=success&gt;Playback - {217} [SUCCESS] SetValueAsComboBox "Household" - "[MSAA, VisibleOnly]ControlType='ComboBox'"  &lt; SetValueAsComboBox, set by clicking on the item in the list box &gt;
\0&lt;/a&gt;
W, 3504, 17, 2013/05/23, 19:26:32.125, 2943585489131, QTAgent32.exe, &lt;a class=success&gt;Playback - {218} [SUCCESS] MouseButtonClick - "[MSAA, VisibleOnly]ControlType='Button' &amp;&amp; Name='Ok'"
\0&lt;/a&gt;
W, 3504, 17, 2013/05/23, 19:26:32.370, 2943589002377, QTAgent32.exe, &lt;a class=success&gt;Playback - {219} [SUCCESS] MouseButtonClick - "[MSAA, VisibleOnly]ControlType='Client'"
\0&lt;/a&gt;
W, 3504, 17, 2013/05/23, 19:26:33.945, 2943611548042, QTAgent32.exe, &lt;a class=success&gt;Playback - {220} [SUCCESS] MouseButtonClick - "[MSAA, VisibleOnly]ControlType='Client'"
\0&lt;/a&gt;
W, 3504, 17, 2013/05/23, 19:26:34.515, 2943619712346, QTAgent32.exe, &lt;a class=success&gt;Playback - {221} [SUCCESS] SendKeys "{Home}" - "[MSAA, VisibleOnly]ControlType='Client'"
\0&lt;/a&gt;
W, 3504, 17, 2013/05/23, 19:26:34.795, 2943623719298, QTAgent32.exe, &lt;a class=success&gt;Playback - {222} [SUCCESS] MouseButtonClick - "[MSAA, VisibleOnly]ControlType='Button' &amp;&amp; Name='Display Record...'"
\0&lt;/a&gt;
W, 3504, 17, 2013/05/23, 19:26:35.273, 2943630556659, QTAgent32.exe, Playback - [WARNING] Internal warning: Window Not Found: [VisibleOnly]ControlType='Window' &amp;&amp; Name='AUTO230-1001' &amp;&amp; ClassName='ThunderRT6FormDC'
\0
E, 3504, 17, 2013/05/23, 19:26:35.273, 2943630559980, QTAgent32.exe, &lt;a class=failure&gt;Playback - {223} [FAILED] Function ElementFetcher::FindScreenElement failed to locate UI element (Searching: ;[VisibleOnly]ControlType='Window' &amp;&amp; Name='AUTO230-1001' &amp;&amp; ClassName='ThunderRT6FormDC') (The object specified was not found.)
\0&lt;/a&gt;
E, 3504, 17, 2013/05/23, 19:26:35.364, 2943631866787, QTAgent32.exe, Playback - [IMAGE] C:\Users\testuser\AppData\Local\Temp\UITestLogs\LastRun\RPF484.png
\0
W, 3504, 17, 2013/05/23, 19:26:35.364, 2943631869940, QTAgent32.exe, Playback - [WARNING] Internal warning: Couldn't find descendants that match QueryId
\0
W, 3504, 17, 2013/05/23, 19:26:53.381, 2943889835565, QTAgent32.exe, Playback - [WARNING] Internal warning: Window Not Found: [VisibleOnly]ControlType='Window' &amp;&amp; Name='AUTO230-1001' &amp;&amp; ClassName='ThunderRT6FormDC'
\0
E, 3504, 17, 2013/05/23, 19:26:53.382, 2943889843625, QTAgent32.exe, &lt;a class=failure&gt;Playback - {224} [FAILED] Function ElementFetcher::FindScreenElement failed to locate UI element (Searching: ;[VisibleOnly]ControlType='Window' &amp;&amp; Name='AUTO230-1001' &amp;&amp; ClassName='ThunderRT6FormDC') (The object specified was not found.)
\0&lt;/a&gt;
E, 3504, 17, 2013/05/23, 19:26:53.466, 2943891051968, QTAgent32.exe, Playback - [IMAGE] C:\Users\testuser\AppData\Local\Temp\UITestLogs\LastRun\RPF4B45.png
\0
W, 3504, 17, 2013/05/23, 19:26:53.466, 2943891054870, QTAgent32.exe, Playback - [WARNING] Internal warning: Couldn't find descendants that match QueryId
\0
W, 3504, 17, 2013/05/23, 19:26:53.467, 2943891062990, QTAgent32.exe, PERF WARNING: FindTopLevelWindowHelper::FindAllDescendents: took 18101 ms. Expected it to take maximum 500 ms.
W, 3504, 17, 2013/05/23, 19:26:54.313, 2943903177773, QTAgent32.exe, Playback - [WARNING] Internal warning: Window with Class "ThunderRT6FormDC" and Title "AUTO230-1001" was not found, so similar window with Class "ThunderRT6FormDC" and Title "AUTO206-1001" was accepted
\0
W, 3504, 17, 2013/05/23, 19:26:54.313, 2943903183491, QTAgent32.exe, PERF WARNING: FindTopLevelWindowHelper::FindAllDescendents: took 846 ms. Expected it to take maximum 500 ms.
W, 3504, 17, 2013/05/23, 19:26:54.465, 2943905361934, QTAgent32.exe, &lt;a class=success&gt;Playback - {225} [SUCCESS] MouseButtonClick - "[MSAA, VisibleOnly]ControlType='Button' &amp;&amp; Name='Rebroke...'"
\0&lt;/a&gt;
W, 3504, 17, 2013/05/23, 19:26:54.739, 2943909280953, QTAgent32.exe, &lt;a class=success&gt;Playback - {226} [SUCCESS] MouseButtonClick - "[MSAA, VisibleOnly]ControlType='Button' &amp;&amp; Name='Yes'"
\0&lt;/a&gt;
W, 3504, 17, 2013/05/23, 19:26:54.991, 2943912889763, QTAgent32.exe, &lt;a class=success&gt;Playback - {227} [SUCCESS] MouseButtonClick - "[MSAA, VisibleOnly]ControlType='Button' &amp;&amp; Name='Proceed'"
\0&lt;/a&gt;
W, 3504, 17, 2013/05/23, 19:26:55.240, 2943916454824, QTAgent32.exe, &lt;a class=success&gt;Playback - {228} [SUCCESS] MouseButtonClick - "[MSAA, VisibleOnly]ControlType='Button' &amp;&amp; Name='Ok'"
\0&lt;/a&gt;
W, 3504, 17, 2013/05/23, 19:26:58.676, 2943965652365, QTAgent32.exe, PERF WARNING: FindTopLevelWindowHelper::FindAllDescendents: took 3334 ms. Expected it to take maximum 500 ms.
W, 3504, 17, 2013/05/23, 19:26:58.819, 2943967696699, QTAgent32.exe, &lt;a class=success&gt;Playback - {229} [SUCCESS] MouseButtonClick - "[MSAA, VisibleOnly]ControlType='Button' &amp;&amp; Name='OK'"
\0&lt;/a&gt;
W, 3504, 17, 2013/05/23, 19:26:59.086, 2943971515642, QTAgent32.exe, &lt;a class=success&gt;Playback - {230} [SUCCESS] MouseButtonClick - "[MSAA, VisibleOnly]ControlType='Button' &amp;&amp; Name='Yes'"
\0&lt;/a&gt;
W, 3504, 17, 2013/05/23, 19:26:59.341, 2943975180206, QTAgent32.exe, &lt;a class=success&gt;Playback - {231} [SUCCESS] MouseButtonClick - "[MSAA, VisibleOnly]ControlType='Button' &amp;&amp; Name='Invite'"
\0&lt;/a&gt;
W, 3504, 17, 2013/05/23, 19:26:59.592, 2943978763062, QTAgent32.exe, &lt;a class=success&gt;Playback - {232} [SUCCESS] MouseButtonClick - "[MSAA, VisibleOnly]ControlType='Button' &amp;&amp; Name='OK'"
\0&lt;/a&gt;
W, 3504, 17, 2013/05/23, 19:26:59.902, 2943983202649, QTAgent32.exe, &lt;a class=success&gt;Playback - {233} [SUCCESS] MouseButtonClick - "[MSAA, VisibleOnly]ControlType='Button' &amp;&amp; Name='Ok'"
\0&lt;/a&gt;
W, 3504, 17, 2013/05/23, 19:27:04.387, 2944047418210, QTAgent32.exe, Playback - [WARNING] Internal warning: Window Not Found: [VisibleOnly]ControlType='Window' &amp;&amp; Name='Personal Lines' &amp;&amp; ClassName='#32770'
\0
E, 3504, 17, 2013/05/23, 19:27:04.387, 2944047422961, QTAgent32.exe, &lt;a class=failure&gt;Playback - {234} [FAILED] Function ElementFetcher::FindScreenElement failed to locate UI element (Searching: ;[VisibleOnly]ControlType='Window' &amp;&amp; Name='Personal Lines' &amp;&amp; ClassName='#32770') (The object specified was not found.)
\0&lt;/a&gt;
E, 3504, 17, 2013/05/23, 19:27:04.476, 2944048704777, QTAgent32.exe, Playback - [IMAGE] C:\Users\testuser\AppData\Local\Temp\UITestLogs\LastRun\RPF764C.png
\0
W, 3504, 17, 2013/05/23, 19:27:04.477, 2944048707382, QTAgent32.exe, Playback - [WARNING] Internal warning: Couldn't find descendants that match QueryId
\0
W, 3504, 17, 2013/05/23, 19:27:04.477, 2944048711193, QTAgent32.exe, PERF WARNING: FindTopLevelWindowHelper::FindAllDescendents: took 4475 ms. Expected it to take maximum 500 ms.
W, 3504, 17, 2013/05/23, 19:27:22.557, 2944307587994, QTAgent32.exe, Playback - [WARNING] Internal warning: Window Not Found: [VisibleOnly]ControlType='Window' &amp;&amp; Name='Personal Lines' &amp;&amp; ClassName='#32770'
\0
E, 3504, 17, 2013/05/23, 19:27:22.558, 2944307593021, QTAgent32.exe, &lt;a class=failure&gt;Playback - {235} [FAILED] Function ElementFetcher::FindScreenElement failed to locate UI element (Searching: ;[VisibleOnly]ControlType='Window' &amp;&amp; Name='Personal Lines' &amp;&amp; ClassName='#32770') (The object specified was not found.)
\0&lt;/a&gt;
E, 3504, 17, 2013/05/23, 19:27:22.638, 2944308743518, QTAgent32.exe, Playback - [IMAGE] C:\Users\testuser\AppData\Local\Temp\UITestLogs\LastRun\RPFBD3B.png
\0
W, 3504, 17, 2013/05/23, 19:27:22.638, 2944308746104, QTAgent32.exe, Playback - [WARNING] Internal warning: Couldn't find descendants that match QueryId
\0
W, 3504, 17, 2013/05/23, 19:27:22.639, 2944308751398, QTAgent32.exe, PERF WARNING: FindTopLevelWindowHelper::FindAllDescendents: took 18161 ms. Expected it to take maximum 500 ms.
W, 3504, 17, 2013/05/23, 19:27:23.195, 2944316717369, QTAgent32.exe, Playback - [WARNING] Internal warning: Smart Match failed
\0
W, 3504, 17, 2013/05/23, 19:27:23.651, 2944323247550, QTAgent32.exe, Playback - [WARNING] Internal warning: Smart Match failed
\0
W, 3504, 17, 2013/05/23, 19:27:24.093, 2944329572766, QTAgent32.exe, Playback - [WARNING] Internal warning: Smart Match failed
\0
W, 3504, 17, 2013/05/23, 19:27:24.545, 2944336049335, QTAgent32.exe, Playback - [WARNING] Internal warning: Smart Match failed
\0
W, 3504, 17, 2013/05/23, 19:27:24.997, 2944342515890, QTAgent32.exe, Playback - [WARNING] Internal warning: Smart Match failed
\0
W, 3504, 17, 2013/05/23, 19:27:25.443, 2944348907220, QTAgent32.exe, Playback - [WARNING] Internal warning: Smart Match failed
\0
W, 3504, 17, 2013/05/23, 19:27:25.779, 2944353718013, QTAgent32.exe, Playback - [WARNING] Internal warning: Window Not Found: [VisibleOnly]ControlType='Window' &amp;&amp; Name='Personal Lines' &amp;&amp; ClassName='#32770'
\0
E, 3504, 17, 2013/05/23, 19:27:25.779, 2944353721340, QTAgent32.exe, &lt;a class=failure&gt;Playback - {236} [FAILED] Function ElementFetcher::FindScreenElement failed to locate UI element (Searching: ;[VisibleOnly]ControlType='Window' &amp;&amp; Name='Personal Lines' &amp;&amp; ClassName='#32770') (The object specified was not found.)
\0&lt;/a&gt;
E, 3504, 17, 2013/05/23, 19:27:25.862, 2944354900846, QTAgent32.exe, Playback - [IMAGE] C:\Users\testuser\AppData\Local\Temp\UITestLogs\LastRun\RPFC9D9.png
\0
W, 3504, 17, 2013/05/23, 19:27:25.862, 2944354903371, QTAgent32.exe, Playback - [WARNING] Internal warning: Couldn't find descendants that match QueryId
\0
W, 3504, 17, 2013/05/23, 19:27:25.862, 2944354906380, QTAgent32.exe, PERF WARNING: FindTopLevelWindowHelper::FindAllDescendents: took 3223 ms. Expected it to take maximum 500 ms.
E, 3504, 17, 2013/05/23, 19:27:25.862, 2944354908342, QTAgent32.exe, Exception: System.Runtime.InteropServices.COMException
	Message: Error HRESULT E_FAIL has been returned from a call to a COM component.
	Stack Trace:    at Microsoft.VisualStudio.TestTools.UITest.Playback.Engine.IRPFPlayback.FindAllScreenElements(IScreenElement pScreenElementStart, String bstrQueryId, Object&amp; pvarResKeys, Int32 cResKeys, Int32 nMaxDepth, Object[]&amp; foundDescendants)
   at Microsoft.VisualStudio.TestTools.UITest.Playback.ScreenElement.FindTopLevelWindowHelper(String queryId)
	BaseExceptionMessage: Error HRESULT E_FAIL has been returned from a call to a COM component.

E, 3504, 17, 2013/05/23, 19:27:25.863, 2944354915668, QTAgent32.exe, Window 2296348 not responding. Last Win32 error 0
E, 3504, 17, 2013/05/23, 19:27:25.863, 2944354917052, QTAgent32.exe, GetClassName for handle 2296348 failed
E, 3504, 17, 2013/05/23, 19:27:25.964, 2944356361708, QTAgent32.exe, AL: Playback Error: Microsoft.VisualStudio.TestTools.UITest.Extension.UITestControlNotAvailableException: The control is not available or not valid. Additional Details: 
TechnologyName:  'MSAA'
ControlType:  'Window'
 ---&gt; System.Runtime.InteropServices.COMException: Error HRESULT E_FAIL has been returned from a call to a COM component.
   at Microsoft.VisualStudio.TestTools.UITest.Playback.Engine.IRPFPlayback.FindAllScreenElements(IScreenElement pScreenElementStart, String bstrQueryId, Object&amp; pvarResKeys, Int32 cResKeys, Int32 nMaxDepth, Object[]&amp; foundDescendants)
   at Microsoft.VisualStudio.TestTools.UITest.Playback.ScreenElement.FindTopLevelWindowHelper(String queryId)
   at Microsoft.VisualStudio.TestTools.UITest.Playback.ScreenElement.FindFromPartialQueryId(String queryId)
   at Microsoft.VisualStudio.TestTools.UITesting.UITestControl.EnsureValid(Boolean waitForReady, Boolean refetch)
   --- End of inner exception stack trace ---
   at Microsoft.VisualStudio.TestTools.UITesting.UITestControl.EnsureValid(Boolean waitForReady, Boolean refetch)
   at Microsoft.VisualStudio.TestTools.UITesting.UITestControl.FindFirstDescendant(String queryId, Int32 maxDepth, Int32&amp; timeLeft)
   at Microsoft.VisualStudio.TestTools.UITesting.SearchHelper.GetElement(Boolean useCache, ISearchArgument searchArg)
   at Microsoft.VisualStudio.TestTools.UITesting.SearchHelper.Search(ISearchArgument searchArg)
   at Microsoft.VisualStudio.TestTools.UITesting.UITestControl.FindInternal()
   at Microsoft.VisualStudio.TestTools.UITesting.UITestControl.FindControlIfNecessary()
   at Microsoft.VisualStudio.TestTools.UITesting.UITestControl.Click(MouseButtons button, ModifierKeys modifierKeys, Point relativeCoordinates)
   at Microsoft.VisualStudio.TestTools.UITesting.Mouse.ClickImplementation(UITestControl control, MouseButtons button, ModifierKeys modifierKeys, Point relativeCoordinate)
   at Microsoft.VisualStudio.TestTools.UITesting.Mouse.ClickImplementationWrapper(UITestControl control, MouseButtons button, ModifierKeys modifierKeys, Point relativeCoordinate)
W, 3504, 17, 2013/05/23, 19:27:25.964, 2944356365313, QTAgent32.exe, PlaybackErrorHandler: Ignoring exception as ContinueOnError is set.
W, 3504, 17, 2013/05/23, 19:27:26.106, 2944358397156, QTAgent32.exe, &lt;a class=success&gt;Playback - {237} [SUCCESS] Check - "[MSAA, VisibleOnly]ControlType='CheckBox' &amp;&amp; Name='Defer Printing?'"
\0&lt;/a&gt;
W, 3504, 17, 2013/05/23, 19:27:26.827, 2944368727988, QTAgent32.exe, &lt;a class=success&gt;Playback - {238} [SUCCESS] MouseButtonClick - "[MSAA, VisibleOnly]ControlType='Button' &amp;&amp; Name='Ok'"
\0&lt;/a&gt;
W, 3504, 17, 2013/05/23, 19:27:26.929, 2944370189661, QTAgent32.exe, Playback - [WARNING] Internal warning: Thread state based WFR - Requested element has invalid HWND
\0
W, 3504, 17, 2013/05/23, 19:27:26.930, 2944370192432, QTAgent32.exe, Playback - [WARNING] Internal warning: process performance counters based WFR - Requested element has invalid HWND
\0
E, 3504, 17, 2013/05/23, 19:27:26.930, 2944370196465, QTAgent32.exe, EnsureValid called via EnsureValid call for same element
E, 3504, 17, 2013/05/23, 19:27:26.930, 2944370199602, QTAgent32.exe, EnsureValid called via EnsureValid call for same element
E, 3504, 17, 2013/05/23, 19:27:26.930, 2944370201491, QTAgent32.exe, EnsureValid called via EnsureValid call for same element
E, 3504, 17, 2013/05/23, 19:27:26.931, 2944370207262, QTAgent32.exe, Window 1051200 not responding. Last Win32 error 0
E, 3504, 17, 2013/05/23, 19:27:26.931, 2944370208411, QTAgent32.exe, GetClassName for handle 1051200 failed
W, 3504, 17, 2013/05/23, 19:27:27.352, 2944376240176, QTAgent32.exe, Playback - [WARNING] Internal warning: Window Not Found: [VisibleOnly]ControlType='Window' &amp;&amp; Name='Import to TAM' &amp;&amp; ClassName='TfImportToTam'
\0
E, 3504, 17, 2013/05/23, 19:27:27.352, 2944376243348, QTAgent32.exe, &lt;a class=failure&gt;Playback - {239} [FAILED] Function ElementFetcher::FindScreenElement failed to locate UI element (Searching: ;[VisibleOnly]ControlType='Window' &amp;&amp; Name='Import to TAM' &amp;&amp; ClassName='TfImportToTam') (The object specified was not found.)
\0&lt;/a&gt;
E, 3504, 17, 2013/05/23, 19:27:27.436, 2944377438654, QTAgent32.exe, Playback - [IMAGE] C:\Users\testuser\AppData\Local\Temp\UITestLogs\LastRun\RPFD002.png
\0
W, 3504, 17, 2013/05/23, 19:27:27.436, 2944377440986, QTAgent32.exe, Playback - [WARNING] Internal warning: Couldn't find descendants that match QueryId
\0
W, 3504, 17, 2013/05/23, 19:27:27.436, 2944377443768, QTAgent32.exe, PERF WARNING: FindTopLevelWindowHelper::FindAllDescendents: took 505 ms. Expected it to take maximum 500 ms.
W, 3504, 17, 2013/05/23, 19:27:32.137, 2944444754075, QTAgent32.exe, PERF WARNING: FindTopLevelWindowHelper::FindAllDescendents: took 4700 ms. Expected it to take maximum 500 ms.
W, 3504, 17, 2013/05/23, 19:27:32.304, 2944447152282, QTAgent32.exe, &lt;a class=success&gt;Playback - {240} [SUCCESS] Uncheck - "[MSAA, VisibleOnly]ControlType='CheckBox' &amp;&amp; Name='Add Activity'"
\0&lt;/a&gt;
W, 3504, 17, 2013/05/23, 19:27:33.759, 2944467981230, QTAgent32.exe, &lt;a class=success&gt;Playback - {241} [SUCCESS] MouseButtonClick - "[MSAA, VisibleOnly]ControlType='Button' &amp;&amp; Name='Ok'"
\0&lt;/a&gt;
W, 3504, 17, 2013/05/23, 19:27:36.027, 2944500446927, QTAgent32.exe, &lt;a class=success&gt;Playback - {242} [SUCCESS] MouseButtonClick - "[MSAA, VisibleOnly]ControlType='Button' &amp;&amp; Name='OK'"
\0&lt;/a&gt;
W, 3504, 17, 2013/05/23, 19:27:37.638, 2944523509826, QTAgent32.exe, Playback - [WARNING] Internal warning: Target element "[MSAA, VisibleOnly]ControlType='Button' &amp;&amp; Name=&gt;'Renew Policy'" was not found, so all intermediate elements were ignored. An incorrect element that matches target element Id can be found as the result.  Verify that all intermediate elements in QueryId have valid and unique Ids
\0
W, 3504, 17, 2013/05/23, 19:27:38.154, 2944530905748, QTAgent32.exe, PERF WARNING: FindAllDescendents: took 2022 ms. Expected it to take maximum 500 ms.
W, 3504, 17, 2013/05/23, 19:27:39.360, 2944548171379, QTAgent32.exe, &lt;a class=success&gt;Playback - {243} [SUCCESS] MouseButtonClick - "[MSAA, VisibleOnly]ControlType='Button' &amp;&amp; Name=&gt;'Renew Policy'"
\0&lt;/a&gt;
W, 3504, 17, 2013/05/23, 19:27:46.032, 2944643698862, QTAgent32.exe, Playback - [WARNING] Internal warning: Window Not Found: [VisibleOnly]ControlType='Window' &amp;&amp; Name='Confirm' &amp;&amp; ClassName='#32770'
\0
E, 3504, 17, 2013/05/23, 19:27:46.032, 2944643702003, QTAgent32.exe, &lt;a class=failure&gt;Playback - {244} [FAILED] Function ElementFetcher::FindScreenElement failed to locate UI element (Searching: ;[VisibleOnly]ControlType='Window' &amp;&amp; Name='Confirm' &amp;&amp; ClassName='#32770') (The object specified was not found.)
\0&lt;/a&gt;
E, 3504, 17, 2013/05/23, 19:27:46.182, 2944645848313, QTAgent32.exe, Playback - [IMAGE] C:\Users\testuser\AppData\Local\Temp\UITestLogs\LastRun\RPF18F4.png
\0
W, 3504, 17, 2013/05/23, 19:27:46.182, 2944645850881, QTAgent32.exe, Playback - [WARNING] Internal warning: Couldn't find descendants that match QueryId
\0
W, 3504, 17, 2013/05/23, 19:27:46.182, 2944645853909, QTAgent32.exe, PERF WARNING: FindTopLevelWindowHelper::FindAllDescendents: took 6717 ms. Expected it to take maximum 500 ms.
W, 3504, 17, 2013/05/23, 19:27:47.068, 2944658531753, QTAgent32.exe, PERF WARNING: FindTopLevelWindowHelper::FindAllDescendents: took 885 ms. Expected it to take maximum 500 ms.
W, 3504, 17, 2013/05/23, 19:27:47.202, 2944660455371, QTAgent32.exe, &lt;a class=success&gt;Playback - {245} [SUCCESS] MouseButtonClick - "[MSAA, VisibleOnly]ControlType='Button' &amp;&amp; Name='Yes'"
\0&lt;/a&gt;
W, 3504, 17, 2013/05/23, 19:27:47.686, 2944667391045, QTAgent32.exe, Playback - [WARNING] Internal warning: Window Not Found: [VisibleOnly]ControlType='Window' &amp;&amp; Name='Confirm Documents' &amp;&amp; ClassName='ThunderRT6FormDC'
\0
E, 3504, 17, 2013/05/23, 19:27:47.687, 2944667401435, QTAgent32.exe, &lt;a class=failure&gt;Playback - {246} [FAILED] Function ElementFetcher::FindScreenElement failed to locate UI element (Searching: ;[VisibleOnly]ControlType='Window' &amp;&amp; Name='Confirm Documents' &amp;&amp; ClassName='ThunderRT6FormDC') (The object specified was not found.)
\0&lt;/a&gt;
E, 3504, 17, 2013/05/23, 19:27:47.774, 2944668643395, QTAgent32.exe, Playback - [IMAGE] C:\Users\testuser\AppData\Local\Temp\UITestLogs\LastRun\RPF1F6B.png
\0
W, 3504, 17, 2013/05/23, 19:27:47.774, 2944668645780, QTAgent32.exe, Playback - [WARNING] Internal warning: Couldn't find descendants that match QueryId
\0
W, 3504, 17, 2013/05/23, 19:27:59.438, 2944835657143, QTAgent32.exe, PERF WARNING: FindTopLevelWindowHelper::FindAllDescendents: took 11663 ms. Expected it to take maximum 500 ms.
W, 3504, 17, 2013/05/23, 19:27:59.750, 2944840120873, QTAgent32.exe, &lt;a class=success&gt;Playback - {247} [SUCCESS] MouseButtonClick - "[MSAA, VisibleOnly]ControlType='Button' &amp;&amp; Name='Ok'"
\0&lt;/a&gt;
W, 3504, 17, 2013/05/23, 19:28:06.438, 2944935879639, QTAgent32.exe, Playback - [WARNING] Internal warning: Window Not Found: [VisibleOnly]ControlType='Window' &amp;&amp; Name='Personal Lines' &amp;&amp; ClassName='#32770'
\0
E, 3504, 17, 2013/05/23, 19:28:06.440, 2944935910044, QTAgent32.exe, &lt;a class=failure&gt;Playback - {248} [FAILED] Function ElementFetcher::FindScreenElement failed to locate UI element (Searching: ;[VisibleOnly]ControlType='Window' &amp;&amp; Name='Personal Lines' &amp;&amp; ClassName='#32770') (The object specified was not found.)
\0&lt;/a&gt;
E, 3504, 17, 2013/05/23, 19:28:06.563, 2944937674416, QTAgent32.exe, Playback - [IMAGE] C:\Users\testuser\AppData\Local\Temp\UITestLogs\LastRun\RPF68AB.png
\0
W, 3504, 17, 2013/05/23, 19:28:06.563, 2944937677434, QTAgent32.exe, Playback - [WARNING] Internal warning: Couldn't find descendants that match QueryId
\0
W, 3504, 17, 2013/05/23, 19:28:06.564, 2944937682854, QTAgent32.exe, PERF WARNING: FindTopLevelWindowHelper::FindAllDescendents: took 6713 ms. Expected it to take maximum 500 ms.
W, 3504, 17, 2013/05/23, 19:28:11.618, 2945010053792, QTAgent32.exe, PERF WARNING: FindTopLevelWindowHelper::FindAllDescendents: took 5054 ms. Expected it to take maximum 500 ms.
W, 3504, 17, 2013/05/23, 19:28:11.747, 2945011893271, QTAgent32.exe, &lt;a class=success&gt;Playback - {249} [SUCCESS] MouseButtonClick - "[MSAA, VisibleOnly]ControlType='Button' &amp;&amp; Name='OK'"
\0&lt;/a&gt;
W, 3504, 17, 2013/05/23, 19:28:11.873, 2945013699554, QTAgent32.exe, Playback - [WARNING] Internal warning: Thread state based WFR - Requested element has invalid HWND
\0
W, 3504, 17, 2013/05/23, 19:28:11.873, 2945013701820, QTAgent32.exe, Playback - [WARNING] Internal warning: process performance counters based WFR - Requested element has invalid HWND
\0
E, 3504, 17, 2013/05/23, 19:28:11.874, 2945013706987, QTAgent32.exe, EnsureValid called via EnsureValid call for same element
E, 3504, 17, 2013/05/23, 19:28:11.874, 2945013710311, QTAgent32.exe, EnsureValid called via EnsureValid call for same element
E, 3504, 17, 2013/05/23, 19:28:11.874, 2945013712025, QTAgent32.exe, EnsureValid called via EnsureValid call for same element
E, 3504, 17, 2013/05/23, 19:28:11.875, 2945013718278, QTAgent32.exe, Window 4327742 not responding. Last Win32 error 0
E, 3504, 17, 2013/05/23, 19:28:11.875, 2945013719373, QTAgent32.exe, GetClassName for handle 4327742 failed
W, 3504, 17, 2013/05/23, 19:28:13.806, 2945041380229, QTAgent32.exe, PERF WARNING: FindTopLevelWindowHelper::FindAllDescendents: took 1931 ms. Expected it to take maximum 500 ms.
W, 3504, 17, 2013/05/23, 19:28:14.896, 2945056991761, QTAgent32.exe, &lt;a class=success&gt;Playback - {250} [SUCCESS] Check - "[MSAA, VisibleOnly]ControlType='CheckBox' &amp;&amp; Name='Defer Printing?'"
\0&lt;/a&gt;
W, 3504, 17, 2013/05/23, 19:28:15.229, 2945061753829, QTAgent32.exe, &lt;a class=success&gt;Playback - {251} [SUCCESS] MouseButtonClick - "[MSAA, VisibleOnly]ControlType='Button' &amp;&amp; Name='Ok'"
\0&lt;/a&gt;
W, 3504, 17, 2013/05/23, 19:28:17.873, 2945099601370, QTAgent32.exe, &lt;a class=success&gt;Playback - {252} [SUCCESS] MouseButtonClick - "[MSAA, VisibleOnly]ControlType='Button' &amp;&amp; Name='OK'"
\0&lt;/a&gt;
W, 3504, 17, 2013/05/23, 19:28:17.974, 2945101060673, QTAgent32.exe, Playback - [WARNING] Internal warning: Thread state based WFR - Requested element has invalid HWND
\0
W, 3504, 17, 2013/05/23, 19:28:17.975, 2945101063184, QTAgent32.exe, Playback - [WARNING] Internal warning: process performance counters based WFR - Requested element has invalid HWND
\0
E, 3504, 17, 2013/05/23, 19:28:17.975, 2945101066936, QTAgent32.exe, EnsureValid called via EnsureValid call for same element
E, 3504, 17, 2013/05/23, 19:28:17.975, 2945101069886, QTAgent32.exe, EnsureValid called via EnsureValid call for same element
E, 3504, 17, 2013/05/23, 19:28:17.977, 2945101098766, QTAgent32.exe, EnsureValid called via EnsureValid call for same element
E, 3504, 17, 2013/05/23, 19:28:17.978, 2945101105136, QTAgent32.exe, GetClassName for handle 4655300 failed
E, 3504, 17, 2013/05/23, 19:28:17.989, 2945101267735, QTAgent32.exe, Window 4655300 not responding. Last Win32 error 1400
E, 3504, 17, 2013/05/23, 19:28:17.989, 2945101270920, QTAgent32.exe, GetClassName for handle 4655300 failed
W, 3504, 17, 2013/05/23, 19:28:18.148, 2945103549639, QTAgent32.exe, &lt;a class=success&gt;Playback - {253} [SUCCESS] Uncheck - "[MSAA, VisibleOnly]ControlType='CheckBox' &amp;&amp; Name='Add Activity'"
\0&lt;/a&gt;
W, 3504, 17, 2013/05/23, 19:28:18.694, 2945111360087, QTAgent32.exe, &lt;a class=success&gt;Playback - {254} [SUCCESS] MouseButtonClick - "[MSAA, VisibleOnly]ControlType='Button' &amp;&amp; Name='Ok'"
\0&lt;/a&gt;
W, 3504, 17, 2013/05/23, 19:28:18.977, 2945115417768, QTAgent32.exe, &lt;a class=success&gt;Playback - {255} [SUCCESS] MouseButtonClick - "[MSAA, VisibleOnly]ControlType='Button' &amp;&amp; Name='Ok'"
\0&lt;/a&gt;
W, 3504, 17, 2013/05/23, 19:28:35.443, 2945351184384, QTAgent32.exe, PERF WARNING: FindTopLevelWindowHelper::FindAllDescendents: took 16361 ms. Expected it to take maximum 500 ms.
W, 3504, 17, 2013/05/23, 19:28:36.092, 2945360475094, QTAgent32.exe, &lt;a class=success&gt;Playback - {256} [SUCCESS] DoSelect - "[MSAA, VisibleOnly]ControlType='List'"
\0&lt;/a&gt;
W, 3504, 17, 2013/05/23, 19:28:37.804, 2945384991000, QTAgent32.exe, &lt;a class=success&gt;Playback - {257} [SUCCESS] MouseButtonClick - "[MSAA, VisibleOnly]ControlType='Button' &amp;&amp; Name='Ok'"
\0&lt;/a&gt;
W, 3504, 17, 2013/05/23, 19:28:40.069, 2945417416054, QTAgent32.exe, &lt;a class=success&gt;Playback - {258} [SUCCESS] MouseButtonClick - "[MSAA, VisibleOnly]ControlType='Button' &amp;&amp; Name='OK'"
\0&lt;/a&gt;
W, 3504, 17, 2013/05/23, 19:28:41.621, 2945439636193, QTAgent32.exe, PERF WARNING: FindAllDescendents: took 1450 ms. Expected it to take maximum 500 ms.
W, 3504, 17, 2013/05/23, 19:28:43.057, 2945460195329, QTAgent32.exe, &lt;a class=success&gt;Playback - {259} [SUCCESS] MouseButtonClick - "[MSAA, VisibleOnly]ControlType='Button' &amp;&amp; Name='Exit'"
\0&lt;/a&gt;
W, 3504, 17, 2013/05/23, 19:28:43.529, 2945466956458, QTAgent32.exe, &lt;a class=success&gt;Playback - {260} [SUCCESS] MouseButtonClick - "[MSAA, VisibleOnly]ControlType='Button' &amp;&amp; Name='Yes'"
\0&lt;/a&gt;
W, 3504, 17, 2013/05/23, 19:28:43.926, 2945472633907, QTAgent32.exe, &lt;a class=success&gt;Playback - {261} [SUCCESS] MouseButtonClick - "[MSAA, VisibleOnly]ControlType='Button' &amp;&amp; Name='Cancel'"
\0&lt;/a&gt;
W, 3504, 17, 2013/05/23, 19:28:44.373, 2945479038827, QTAgent32.exe, &lt;a class=success&gt;Playback - {262} [SUCCESS] MouseButtonClick - "[MSAA, VisibleOnly]ControlType='Button'"
\0&lt;/a&gt;
W, 3504, 17, 2013/05/23, 19:28:44.612, 2945482456906, QTAgent32.exe, &lt;a class=success&gt;Playback - {263} [SUCCESS] MouseButtonClick - "[MSAA, VisibleOnly]ControlType='Button' &amp;&amp; Name='Detail'"
\0&lt;/a&gt;
W, 3504, 17, 2013/05/23, 19:28:45.268, 2945491860161, QTAgent32.exe, &lt;a class=success&gt;Playback - {264} [SUCCESS] MouseButtonClick - "[MSAA, VisibleOnly]ControlType='Button' &amp;&amp; Name='Cancel'"
\0&lt;/a&gt;
W, 3504, 17, 2013/05/23, 19:28:48.301, 2945535273553, QTAgent32.exe, IEDOM : StopSession of the plugin called before StartSession
W, 3504, 17, 2013/05/23, 19:28:48.301, 2945535281455, QTAgent32.exe, UIA : StopSession of the plugin called before StartSession
</DebugTrace>
      </Output>
    </UnitTestResult>
    <UnitTestResult executionId="978b7333-7bdc-47fc-8041-2719a7cf11d4" testId="a0f51a54-7cb2-4ad5-9dc0-3545e9f02b07" testName="HouseRebrokeRenewExistingScheme" computerName="ICLVDEVTM02" duration="00:10:48.9559253" startTime="2013-05-23T19:28:48.9277081+01:00" endTime="2013-05-23T19:39:38.2516617+01:00" testType="13cdc9d9-ddb5-4fa4-a97d-d965ccfc6d4b" outcome="Passed" testListId="8c84fa94-04c1-424b-9868-57a2d4851a1d" relativeResultsDirectory="978b7333-7bdc-47fc-8041-2719a7cf11d4">
      <Output>
        <DebugTrace>W, 3504, 13, 2013/05/23, 19:28:55.107, 2945632728341, QTAgent32.exe, &lt;a class=success&gt;Playback - {1} [SUCCESS] MouseButtonClick - "[MSAA, VisibleOnly]ControlType='Edit'"
\0&lt;/a&gt;
W, 3504, 13, 2013/05/23, 19:28:55.709, 2945641346869, QTAgent32.exe, &lt;a class=success&gt;Playback - {2} [SUCCESS] SendKeys "[*]" - "[MSAA, VisibleOnly]ControlType='Edit'"
\0&lt;/a&gt;
W, 3504, 13, 2013/05/23, 19:28:55.963, 2945644984739, QTAgent32.exe, &lt;a class=success&gt;Playback - {3} [SUCCESS] MouseButtonClick - "[MSAA, VisibleOnly]ControlType='Button' &amp;&amp; Name='OK'"
\0&lt;/a&gt;
W, 3504, 13, 2013/05/23, 19:28:56.809, 2945657096339, QTAgent32.exe, &lt;a class=success&gt;Playback - {4} [SUCCESS] SendKeys "^{HOME}" - "[MSAA, VisibleOnly]ControlType='Edit'"
\0&lt;/a&gt;
E, 3504, 13, 2013/05/23, 19:28:56.809, 2945657099480, QTAgent32.exe, Msaa.GetFocusedElement: could not find accessible object of foreground window
W, 3504, 13, 2013/05/23, 19:28:56.870, 2945657969551, QTAgent32.exe, &lt;a class=success&gt;Playback - {5} [SUCCESS] SendKeys "^+{END}" - "[MSAA, VisibleOnly]ControlType='Edit'"
\0&lt;/a&gt;
E, 3504, 13, 2013/05/23, 19:28:56.870, 2945657972981, QTAgent32.exe, Msaa.GetFocusedElement: could not find accessible object of foreground window
W, 3504, 13, 2013/05/23, 19:28:56.896, 2945658352562, QTAgent32.exe, &lt;a class=success&gt;Playback - {6} [SUCCESS] SendKeys "{DELETE}" - "[MSAA, VisibleOnly]ControlType='Edit'"
\0&lt;/a&gt;
W, 3504, 13, 2013/05/23, 19:28:57.337, 2945664661856, QTAgent32.exe, &lt;a class=success&gt;Playback - {7} [SUCCESS] SetValueAsEditBox "23/05/2013" - "[MSAA, VisibleOnly]ControlType='Edit'"  &lt; Set via SendKeys &gt;
\0&lt;/a&gt;
W, 3504, 13, 2013/05/23, 19:28:58.034, 2945674635990, QTAgent32.exe, Playback - [WARNING] Internal warning: Incorrect flag set for InvokeProgrammaticAction\0
W, 3504, 13, 2013/05/23, 19:28:58.156, 2945676386579, QTAgent32.exe, &lt;a class=success&gt;Playback - {8} [SUCCESS] SetValueAsComboBox "May" - "[MSAA, VisibleOnly]ControlType='ComboBox'"  &lt; SetValueAsComboBox, set by clicking on the item in the list box &gt;
\0&lt;/a&gt;
W, 3504, 13, 2013/05/23, 19:28:58.494, 2945681225688, QTAgent32.exe, &lt;a class=success&gt;Playback - {9} [SUCCESS] SendKeys "^{HOME}" - "[MSAA, VisibleOnly]ControlType='Edit'"
\0&lt;/a&gt;
E, 3504, 13, 2013/05/23, 19:28:58.494, 2945681228634, QTAgent32.exe, Msaa.GetFocusedElement: could not find accessible object of foreground window
W, 3504, 13, 2013/05/23, 19:28:58.548, 2945682006083, QTAgent32.exe, &lt;a class=success&gt;Playback - {10} [SUCCESS] SendKeys "^+{END}" - "[MSAA, VisibleOnly]ControlType='Edit'"
\0&lt;/a&gt;
E, 3504, 13, 2013/05/23, 19:28:58.548, 2945682008790, QTAgent32.exe, Msaa.GetFocusedElement: could not find accessible object of foreground window
W, 3504, 13, 2013/05/23, 19:28:58.563, 2945682214366, QTAgent32.exe, &lt;a class=success&gt;Playback - {11} [SUCCESS] SendKeys "{DELETE}" - "[MSAA, VisibleOnly]ControlType='Edit'"
\0&lt;/a&gt;
W, 3504, 13, 2013/05/23, 19:28:58.797, 2945685562596, QTAgent32.exe, &lt;a class=success&gt;Playback - {12} [SUCCESS] SetValueAsEditBox "2013" - "[MSAA, VisibleOnly]ControlType='Edit'"  &lt; Set via SendKeys &gt;
\0&lt;/a&gt;
W, 3504, 13, 2013/05/23, 19:28:59.015, 2945688687040, QTAgent32.exe, &lt;a class=success&gt;Playback - {13} [SUCCESS] MouseButtonClick - "[MSAA, VisibleOnly]ControlType='Button' &amp;&amp; Name='OK'"
\0&lt;/a&gt;
W, 3504, 13, 2013/05/23, 19:29:00.435, 2945709014286, QTAgent32.exe, Playback - [WARNING] Internal warning: Window Not Found: [VisibleOnly]ControlType='Window' &amp;&amp; Name='Warning' &amp;&amp; ClassName='#32770'
\0
E, 3504, 13, 2013/05/23, 19:29:00.435, 2945709017863, QTAgent32.exe, &lt;a class=failure&gt;Playback - {14} [FAILED] Function ElementFetcher::FindScreenElement failed to locate UI element (Searching: ;[VisibleOnly]ControlType='Window' &amp;&amp; Name='Warning' &amp;&amp; ClassName='#32770') (The object specified was not found.)
\0&lt;/a&gt;
E, 3504, 13, 2013/05/23, 19:29:00.535, 2945710443653, QTAgent32.exe, Playback - [IMAGE] C:\Users\testuser\AppData\Local\Temp\UITestLogs\LastRun\RPF3BA4.png
\0
W, 3504, 13, 2013/05/23, 19:29:00.535, 2945710446184, QTAgent32.exe, Playback - [WARNING] Internal warning: Couldn't find descendants that match QueryId
\0
W, 3504, 13, 2013/05/23, 19:29:00.535, 2945710449094, QTAgent32.exe, PERF WARNING: FindTopLevelWindowHelper::FindAllDescendents: took 1375 ms. Expected it to take maximum 500 ms.
W, 3504, 13, 2013/05/23, 19:29:18.637, 2945969636027, QTAgent32.exe, Playback - [WARNING] Internal warning: Window Not Found: [VisibleOnly]ControlType='Window' &amp;&amp; Name='Warning' &amp;&amp; ClassName='#32770'
\0
E, 3504, 13, 2013/05/23, 19:29:18.637, 2945969643115, QTAgent32.exe, &lt;a class=failure&gt;Playback - {15} [FAILED] Function ElementFetcher::FindScreenElement failed to locate UI element (Searching: ;[VisibleOnly]ControlType='Window' &amp;&amp; Name='Warning' &amp;&amp; ClassName='#32770') (The object specified was not found.)
\0&lt;/a&gt;
E, 3504, 13, 2013/05/23, 19:29:18.717, 2945970792243, QTAgent32.exe, Playback - [IMAGE] C:\Users\testuser\AppData\Local\Temp\UITestLogs\LastRun\RPF82B3.png
\0
W, 3504, 13, 2013/05/23, 19:29:18.718, 2945970795817, QTAgent32.exe, Playback - [WARNING] Internal warning: Couldn't find descendants that match QueryId
\0
W, 3504, 13, 2013/05/23, 19:29:18.718, 2945970803417, QTAgent32.exe, PERF WARNING: FindTopLevelWindowHelper::FindAllDescendents: took 18183 ms. Expected it to take maximum 500 ms.
W, 3504, 13, 2013/05/23, 19:29:19.244, 2945978332707, QTAgent32.exe, Playback - [WARNING] Internal warning: Smart Match failed
\0
W, 3504, 13, 2013/05/23, 19:29:19.649, 2945984130196, QTAgent32.exe, Playback - [WARNING] Internal warning: Smart Match failed
\0
W, 3504, 13, 2013/05/23, 19:29:20.013, 2945989332478, QTAgent32.exe, Playback - [WARNING] Internal warning: Smart Match failed
\0
W, 3504, 13, 2013/05/23, 19:29:20.376, 2945994534077, QTAgent32.exe, Playback - [WARNING] Internal warning: Smart Match failed
\0
W, 3504, 13, 2013/05/23, 19:29:20.765, 2946000106702, QTAgent32.exe, Playback - [WARNING] Internal warning: Smart Match failed
\0
W, 3504, 13, 2013/05/23, 19:29:21.163, 2946005801466, QTAgent32.exe, Playback - [WARNING] Internal warning: Smart Match failed
\0
W, 3504, 13, 2013/05/23, 19:29:21.556, 2946011440551, QTAgent32.exe, Playback - [WARNING] Internal warning: Smart Match failed
\0
W, 3504, 13, 2013/05/23, 19:29:21.853, 2946015690676, QTAgent32.exe, Playback - [WARNING] Internal warning: Window Not Found: [VisibleOnly]ControlType='Window' &amp;&amp; Name='Warning' &amp;&amp; ClassName='#32770'
\0
E, 3504, 13, 2013/05/23, 19:29:21.853, 2946015694017, QTAgent32.exe, &lt;a class=failure&gt;Playback - {16} [FAILED] Function ElementFetcher::FindScreenElement failed to locate UI element (Searching: ;[VisibleOnly]ControlType='Window' &amp;&amp; Name='Warning' &amp;&amp; ClassName='#32770') (The object specified was not found.)
\0&lt;/a&gt;
E, 3504, 13, 2013/05/23, 19:29:21.932, 2946016819546, QTAgent32.exe, Playback - [IMAGE] C:\Users\testuser\AppData\Local\Temp\UITestLogs\LastRun\RPF8F51.png
\0
W, 3504, 13, 2013/05/23, 19:29:21.932, 2946016821944, QTAgent32.exe, Playback - [WARNING] Internal warning: Couldn't find descendants that match QueryId
\0
W, 3504, 13, 2013/05/23, 19:29:21.932, 2946016825483, QTAgent32.exe, PERF WARNING: FindTopLevelWindowHelper::FindAllDescendents: took 3213 ms. Expected it to take maximum 500 ms.
E, 3504, 13, 2013/05/23, 19:29:21.933, 2946016827718, QTAgent32.exe, Exception: System.Runtime.InteropServices.COMException
	Message: Error HRESULT E_FAIL has been returned from a call to a COM component.
	Stack Trace:    at Microsoft.VisualStudio.TestTools.UITest.Playback.Engine.IRPFPlayback.FindAllScreenElements(IScreenElement pScreenElementStart, String bstrQueryId, Object&amp; pvarResKeys, Int32 cResKeys, Int32 nMaxDepth, Object[]&amp; foundDescendants)
   at Microsoft.VisualStudio.TestTools.UITest.Playback.ScreenElement.FindTopLevelWindowHelper(String queryId)
	BaseExceptionMessage: Error HRESULT E_FAIL has been returned from a call to a COM component.

E, 3504, 13, 2013/05/23, 19:29:22.091, 2946019101742, QTAgent32.exe, AL: Playback Error: Microsoft.VisualStudio.TestTools.UITest.Extension.UITestControlNotFoundException: The playback failed to find the control with the given search properties. Additional Details: 
TechnologyName:  'MSAA'
ControlType:  'Window'
Name:  'Warning'
ClassName:  '#32770'
 ---&gt; System.Runtime.InteropServices.COMException: Error HRESULT E_FAIL has been returned from a call to a COM component.
   at Microsoft.VisualStudio.TestTools.UITest.Playback.Engine.IRPFPlayback.FindAllScreenElements(IScreenElement pScreenElementStart, String bstrQueryId, Object&amp; pvarResKeys, Int32 cResKeys, Int32 nMaxDepth, Object[]&amp; foundDescendants)
   at Microsoft.VisualStudio.TestTools.UITest.Playback.ScreenElement.FindTopLevelWindowHelper(String queryId)
   at Microsoft.VisualStudio.TestTools.UITest.Playback.ScreenElement.FindFromPartialQueryId(String queryId)
   at Microsoft.VisualStudio.TestTools.UITesting.UITestControl..ctor(String queryId)
   --- End of inner exception stack trace ---
   at Microsoft.VisualStudio.TestTools.UITesting.Playback.MapControlNotFoundException(COMException ex, IPlaybackContext context)
   at Microsoft.VisualStudio.TestTools.UITesting.Playback.MapAndThrowComException(COMException innerException, IPlaybackContext context)
   at Microsoft.VisualStudio.TestTools.UITesting.Playback.MapAndThrowException(SystemException exception, IPlaybackContext context)
   at Microsoft.VisualStudio.TestTools.UITesting.Playback.MapAndThrowException(SystemException exception, String queryId)
   at Microsoft.VisualStudio.TestTools.UITesting.UITestControl..ctor(String queryId)
   at Microsoft.VisualStudio.TestTools.UITesting.SearchHelper.SearchTopLevelWindow(ISearchArgument topLevelSearchArg, String topLevelElementQueryId)
   at Microsoft.VisualStudio.TestTools.UITesting.SearchHelper.GetTitleUpdatedTopLevelWindow(ISearchArgument topLevelSearchArg, String queryId, IList`1 windowTitles)
   at Microsoft.VisualStudio.TestTools.UITesting.SearchHelper.GetTopLevelElement(Boolean useCache, Boolean useCacheOnly, ISearchArgument searchArg, IList`1 windowTitles, Int32&amp; timeLeft)
   at Microsoft.VisualStudio.TestTools.UITesting.SearchHelper.GetElement(Boolean useCache, ISearchArgument searchArg)
   at Microsoft.VisualStudio.TestTools.UITesting.SearchHelper.Search(ISearchArgument searchArg)
   at Microsoft.VisualStudio.TestTools.UITesting.UITestControl.FindInternal()
   at Microsoft.VisualStudio.TestTools.UITesting.UITestControl.FindControlIfNecessary()
   at Microsoft.VisualStudio.TestTools.UITesting.UITestControl.Click(MouseButtons button, ModifierKeys modifierKeys, Point relativeCoordinates)
   at Microsoft.VisualStudio.TestTools.UITesting.Mouse.ClickImplementation(UITestControl control, MouseButtons button, ModifierKeys modifierKeys, Point relativeCoordinate)
   at Microsoft.VisualStudio.TestTools.UITesting.Mouse.ClickImplementationWrapper(UITestControl control, MouseButtons button, ModifierKeys modifierKeys, Point relativeCoordinate)
W, 3504, 13, 2013/05/23, 19:29:22.092, 2946019105757, QTAgent32.exe, PlaybackErrorHandler: Ignoring exception as ContinueOnError is set.
W, 3504, 13, 2013/05/23, 19:29:22.147, 2946019893654, QTAgent32.exe, &lt;a class=success&gt;Playback - {17} [SUCCESS] TypeString "#(R)"
\0&lt;/a&gt;
W, 3504, 13, 2013/05/23, 19:29:23.181, 2946034690864, QTAgent32.exe, PERF WARNING: FindTopLevelWindowHelper::FindAllDescendents: took 933 ms. Expected it to take maximum 500 ms.
W, 3504, 13, 2013/05/23, 19:29:23.789, 2946043401331, QTAgent32.exe, PERF WARNING: FindAllDescendents: took 605 ms. Expected it to take maximum 500 ms.
E, 3504, 13, 2013/05/23, 19:29:23.811, 2946043723031, QTAgent32.exe, Exception: System.ArgumentException
	Message: Value does not fall within the expected range.
	Stack Trace:    at Accessibility.IAccessible.get_accRole(Object varChild)
   at Microsoft.VisualStudio.TestTools.UITest.Extension.Msaa.AccWrapper.get_RoleInt()
	BaseExceptionMessage: Value does not fall within the expected range.

E, 3504, 13, 2013/05/23, 19:29:23.825, 2946043915199, QTAgent32.exe, Exception: System.ArgumentException
	Message: Value does not fall within the expected range.
	Stack Trace:    at Accessibility.IAccessible.get_accRole(Object varChild)
   at Microsoft.VisualStudio.TestTools.UITest.Extension.Msaa.AccWrapper.get_RoleInt()
	BaseExceptionMessage: Value does not fall within the expected range.

W, 3504, 13, 2013/05/23, 19:29:25.058, 2946061578198, QTAgent32.exe, &lt;a class=success&gt;Playback - {18} [SUCCESS] LeftButtonClick  &lt; Mouse cursor location (87, 908) &gt;
\0&lt;/a&gt;
W, 3504, 13, 2013/05/23, 19:29:26.934, 2946088433669, QTAgent32.exe, &lt;a class=success&gt;Playback - {19} [SUCCESS] SetValueAsEditBox "c:\TestProject7\ourmma.reg"  &lt; Set via SendKeys &gt;
\0&lt;/a&gt;
W, 3504, 13, 2013/05/23, 19:29:26.934, 2946088439024, QTAgent32.exe, &lt;a class=success&gt;Playback - {20} [SUCCESS] SetValueAsComboBox "c:\TestProject7\ourmma.reg" - "[MSAA, VisibleOnly]ControlType='ComboBox' &amp;&amp; Name='Open:'"  &lt; Set via SetValueAsEditBox &gt;
\0&lt;/a&gt;
W, 3504, 13, 2013/05/23, 19:29:27.196, 2946092187584, QTAgent32.exe, &lt;a class=success&gt;Playback - {21} [SUCCESS] MouseButtonClick - "[MSAA, VisibleOnly]ControlType='Button' &amp;&amp; Name='OK'"
\0&lt;/a&gt;
W, 3504, 13, 2013/05/23, 19:29:27.873, 2946101873621, QTAgent32.exe, Playback - [WARNING] Internal warning: Window Not Found: [VisibleOnly]ControlType='Window' &amp;&amp; Name='Registry Editor' &amp;&amp; ClassName='#32770'
\0
E, 3504, 13, 2013/05/23, 19:29:27.873, 2946101877463, QTAgent32.exe, &lt;a class=failure&gt;Playback - {22} [FAILED] Function ElementFetcher::FindScreenElement failed to locate UI element (Searching: ;[VisibleOnly]ControlType='Window' &amp;&amp; Name='Registry Editor' &amp;&amp; ClassName='#32770') (The object specified was not found.)
\0&lt;/a&gt;
E, 3504, 13, 2013/05/23, 19:29:28.019, 2946103971898, QTAgent32.exe, Playback - [IMAGE] C:\Users\testuser\AppData\Local\Temp\UITestLogs\LastRun\RPFA6C8.png
\0
W, 3504, 13, 2013/05/23, 19:29:28.020, 2946103992120, QTAgent32.exe, Playback - [WARNING] Internal warning: Couldn't find descendants that match QueryId
\0
W, 3504, 13, 2013/05/23, 19:29:28.022, 2946104014365, QTAgent32.exe, PERF WARNING: FindTopLevelWindowHelper::FindAllDescendents: took 721 ms. Expected it to take maximum 500 ms.
W, 3504, 13, 2013/05/23, 19:29:28.958, 2946117421865, QTAgent32.exe, PERF WARNING: FindTopLevelWindowHelper::FindAllDescendents: took 935 ms. Expected it to take maximum 500 ms.
W, 3504, 13, 2013/05/23, 19:29:29.269, 2946121865473, QTAgent32.exe, &lt;a class=success&gt;Playback - {23} [SUCCESS] MouseButtonClick - "[MSAA, VisibleOnly]ControlType='Button' &amp;&amp; Name='Yes'"
\0&lt;/a&gt;
W, 3504, 13, 2013/05/23, 19:29:29.747, 2946128716317, QTAgent32.exe, &lt;a class=success&gt;Playback - {24} [SUCCESS] MouseButtonClick - "[MSAA, VisibleOnly]ControlType='Button' &amp;&amp; Name='OK'"
\0&lt;/a&gt;
W, 3504, 13, 2013/05/23, 19:29:30.057, 2946133148813, QTAgent32.exe, &lt;a class=success&gt;Playback - {25} [SUCCESS] MouseButtonClick - "[MSAA, VisibleOnly]ControlType='Button' &amp;&amp; Name='Clients &amp; Files'"
\0&lt;/a&gt;
W, 3504, 13, 2013/05/23, 19:29:30.517, 2946139743865, QTAgent32.exe, Playback - [WARNING] Internal warning: Window Not Found: [VisibleOnly]ControlType='Window' &amp;&amp; ClassName='ThunderRT6MDIForm'
\0
E, 3504, 13, 2013/05/23, 19:29:30.517, 2946139747557, QTAgent32.exe, &lt;a class=failure&gt;Playback - {26} [FAILED] Function ElementFetcher::FindScreenElement failed to locate UI element (Searching: ;[VisibleOnly]ControlType='Window' &amp;&amp; ClassName='ThunderRT6MDIForm') (The object specified was not found.)
\0&lt;/a&gt;
E, 3504, 13, 2013/05/23, 19:29:30.634, 2946141410700, QTAgent32.exe, Playback - [IMAGE] C:\Users\testuser\AppData\Local\Temp\UITestLogs\LastRun\RPFB125.png
\0
W, 3504, 13, 2013/05/23, 19:29:30.634, 2946141412956, QTAgent32.exe, Playback - [WARNING] Internal warning: Couldn't find descendants that match QueryId
\0
W, 3504, 13, 2013/05/23, 19:29:33.756, 2946186123420, QTAgent32.exe, PERF WARNING: FindTopLevelWindowHelper::FindAllDescendents: took 3122 ms. Expected it to take maximum 500 ms.
W, 3504, 13, 2013/05/23, 19:29:34.816, 2946201292871, QTAgent32.exe, Playback - [WARNING] Internal warning: Incorrect flag set for InvokeProgrammaticAction\0
W, 3504, 13, 2013/05/23, 19:29:34.943, 2946203107991, QTAgent32.exe, &lt;a class=success&gt;Playback - {27} [SUCCESS] SetValueAsComboBox "Customers" - "[MSAA, VisibleOnly]ControlType='ComboBox'"  &lt; SetValueAsComboBox, set by clicking on the item in the list box &gt;
\0&lt;/a&gt;
W, 3504, 13, 2013/05/23, 19:29:35.518, 2946211342766, QTAgent32.exe, &lt;a class=success&gt;Playback - {28} [SUCCESS] MouseButtonClick - "[MSAA, VisibleOnly]ControlType='Button' &amp;&amp; Name='Add'"
\0&lt;/a&gt;
W, 3504, 13, 2013/05/23, 19:29:36.367, 2946223503878, QTAgent32.exe, &lt;a class=success&gt;Playback - {29} [SUCCESS] SendKeys "autotest" - "[MSAA, VisibleOnly]ControlType='RadioButton' &amp;&amp; Name='Personal Lines'"
\0&lt;/a&gt;
W, 3504, 13, 2013/05/23, 19:29:37.443, 2946238905172, QTAgent32.exe, &lt;a class=success&gt;Playback - {30} [SUCCESS] SetValueAsEditBox "autotest" - "[MSAA, VisibleOnly]ControlType='Edit'"  &lt; Set via SendKeys &gt;
\0&lt;/a&gt;
W, 3504, 13, 2013/05/23, 19:29:37.865, 2946244953432, QTAgent32.exe, &lt;a class=success&gt;Playback - {31} [SUCCESS] MouseButtonClick - "[MSAA, VisibleOnly]ControlType='Button' &amp;&amp; Name='OK'"
\0&lt;/a&gt;
W, 3504, 13, 2013/05/23, 19:29:38.101, 2946248324442, QTAgent32.exe, &lt;a class=success&gt;Playback - {32} [SUCCESS] MouseButtonClick - "[MSAA, VisibleOnly]ControlType='Button' &amp;&amp; Name='Yes'"
\0&lt;/a&gt;
W, 3504, 13, 2013/05/23, 19:29:38.835, 2946258831380, QTAgent32.exe, &lt;a class=success&gt;Playback - {33} [SUCCESS] SendKeys "^{HOME}" - "[MSAA, VisibleOnly]ControlType='Edit'"
\0&lt;/a&gt;
E, 3504, 13, 2013/05/23, 19:29:38.835, 2946258835270, QTAgent32.exe, Msaa.GetFocusedElement: could not find accessible object of foreground window
W, 3504, 13, 2013/05/23, 19:29:38.908, 2946259883827, QTAgent32.exe, &lt;a class=success&gt;Playback - {34} [SUCCESS] SendKeys "^+{END}" - "[MSAA, VisibleOnly]ControlType='Edit'"
\0&lt;/a&gt;
E, 3504, 13, 2013/05/23, 19:29:38.909, 2946259887405, QTAgent32.exe, Msaa.GetFocusedElement: could not find accessible object of foreground window
W, 3504, 13, 2013/05/23, 19:29:38.936, 2946260285999, QTAgent32.exe, &lt;a class=success&gt;Playback - {35} [SUCCESS] SendKeys "{DELETE}" - "[MSAA, VisibleOnly]ControlType='Edit'"
\0&lt;/a&gt;
W, 3504, 13, 2013/05/23, 19:29:39.382, 2946266671611, QTAgent32.exe, &lt;a class=success&gt;Playback - {36} [SUCCESS] SetValueAsEditBox "1" - "[MSAA, VisibleOnly]ControlType='Edit'"  &lt; Set via SendKeys &gt;
\0&lt;/a&gt;
W, 3504, 13, 2013/05/23, 19:29:39.949, 2946274782923, QTAgent32.exe, &lt;a class=success&gt;Playback - {37} [SUCCESS] SendKeys "^{HOME}" - "[MSAA, VisibleOnly]ControlType='Edit'"
\0&lt;/a&gt;
E, 3504, 13, 2013/05/23, 19:29:39.949, 2946274785894, QTAgent32.exe, Msaa.GetFocusedElement: could not find accessible object of foreground window
W, 3504, 13, 2013/05/23, 19:29:40.005, 2946275592531, QTAgent32.exe, &lt;a class=success&gt;Playback - {38} [SUCCESS] SendKeys "^+{END}" - "[MSAA, VisibleOnly]ControlType='Edit'"
\0&lt;/a&gt;
E, 3504, 13, 2013/05/23, 19:29:40.006, 2946275596068, QTAgent32.exe, Msaa.GetFocusedElement: could not find accessible object of foreground window
W, 3504, 13, 2013/05/23, 19:29:40.021, 2946275823501, QTAgent32.exe, &lt;a class=success&gt;Playback - {39} [SUCCESS] SendKeys "{DELETE}" - "[MSAA, VisibleOnly]ControlType='Edit'"
\0&lt;/a&gt;
W, 3504, 13, 2013/05/23, 19:29:40.288, 2946279637082, QTAgent32.exe, &lt;a class=success&gt;Playback - {40} [SUCCESS] SetValueAsEditBox "1" - "[MSAA, VisibleOnly]ControlType='Edit'"  &lt; Set via SendKeys &gt;
\0&lt;/a&gt;
W, 3504, 13, 2013/05/23, 19:29:41.897, 2946302688694, QTAgent32.exe, Playback - [WARNING] Internal warning: Target element "[MSAA, VisibleOnly]ControlType='Button' &amp;&amp; Name='OK'" was not found, so all intermediate elements were ignored. An incorrect element that matches target element Id can be found as the result.  Verify that all intermediate elements in QueryId have valid and unique Ids
\0
W, 3504, 13, 2013/05/23, 19:29:42.434, 2946310361364, QTAgent32.exe, PERF WARNING: FindAllDescendents: took 2044 ms. Expected it to take maximum 500 ms.
W, 3504, 13, 2013/05/23, 19:29:42.744, 2946314804125, QTAgent32.exe, &lt;a class=success&gt;Playback - {41} [SUCCESS] MouseButtonClick - "[MSAA, VisibleOnly]ControlType='Button' &amp;&amp; Name='OK'"
\0&lt;/a&gt;
W, 3504, 13, 2013/05/23, 19:29:43.128, 2946320307661, QTAgent32.exe, &lt;a class=success&gt;Playback - {42} [SUCCESS] MouseButtonClick - "[MSAA, VisibleOnly]ControlType='Button'"
\0&lt;/a&gt;
W, 3504, 13, 2013/05/23, 19:29:43.564, 2946326545001, QTAgent32.exe, &lt;a class=success&gt;Playback - {43} [SUCCESS] MouseButtonClick - "[MSAA, VisibleOnly]ControlType='Button' &amp;&amp; Name='Add'"
\0&lt;/a&gt;
W, 3504, 13, 2013/05/23, 19:29:43.808, 2946330046136, QTAgent32.exe, &lt;a class=success&gt;Playback - {44} [SUCCESS] MouseButtonClick - "[MSAA, VisibleOnly]ControlType='Button' &amp;&amp; Name='OK'"
\0&lt;/a&gt;
W, 3504, 13, 2013/05/23, 19:29:46.076, 2946362520971, QTAgent32.exe, &lt;a class=success&gt;Playback - {45} [SUCCESS] MouseButtonClick - "[MSAA, VisibleOnly,Window]ControlType='Window' &amp;&amp; ClassName='ThunderRT6TextBox'"
\0&lt;/a&gt;
W, 3504, 13, 2013/05/23, 19:29:46.839, 2946373441898, QTAgent32.exe, &lt;a class=success&gt;Playback - {46} [SUCCESS] SetValueAsEditBox "HOME" - "[MSAA, VisibleOnly]ControlType='Edit'"  &lt; Set via SendKeys &gt;
\0&lt;/a&gt;
W, 3504, 13, 2013/05/23, 19:29:47.217, 2946378847642, QTAgent32.exe, &lt;a class=success&gt;Playback - {47} [SUCCESS] MouseButtonClick - "[MSAA, VisibleOnly]ControlType='Button' &amp;&amp; Name='OK'"
\0&lt;/a&gt;
W, 3504, 13, 2013/05/23, 19:29:47.487, 2946382716881, QTAgent32.exe, &lt;a class=success&gt;Playback - {48} [SUCCESS] MouseButtonClick - "[MSAA, VisibleOnly]ControlType='Button' &amp;&amp; Name='Options'"
\0&lt;/a&gt;
W, 3504, 13, 2013/05/23, 19:29:47.588, 2946384156555, QTAgent32.exe, FindScreenElementInSinglePass : Attempting to find control in one pass of search. Failures can occur.
W, 3504, 13, 2013/05/23, 19:29:47.974, 2946389688810, QTAgent32.exe, &lt;a class=success&gt;Playback - {49} [SUCCESS] MouseButtonClick - "[MSAA]ControlType='MenuItem' &amp;&amp; Name='Links'"
\0&lt;/a&gt;
W, 3504, 13, 2013/05/23, 19:29:48.075, 2946391130430, QTAgent32.exe, FindScreenElementInSinglePass : Attempting to find control in one pass of search. Failures can occur.
W, 3504, 13, 2013/05/23, 19:29:48.476, 2946396875852, QTAgent32.exe, &lt;a class=success&gt;Playback - {50} [SUCCESS] MouseButtonClick - "[MSAA]ControlType='MenuItem' &amp;&amp; Name='3rd Party Integration'"
\0&lt;/a&gt;
W, 3504, 13, 2013/05/23, 19:29:48.576, 2946398313529, QTAgent32.exe, FindScreenElementInSinglePass : Attempting to find control in one pass of search. Failures can occur.
W, 3504, 13, 2013/05/23, 19:29:48.959, 2946403790406, QTAgent32.exe, &lt;a class=success&gt;Playback - {51} [SUCCESS] MouseButtonClick - "[MSAA]ControlType='MenuItem' &amp;&amp; Name='Quote Select List'"
\0&lt;/a&gt;
W, 3504, 13, 2013/05/23, 19:29:49.574, 2946412604314, QTAgent32.exe, Playback - [WARNING] Internal warning: Window Not Found: [VisibleOnly]ControlType='Window' &amp;&amp; Name='Current Or Future' &amp;&amp; ClassName='TfCurrentOrFuture'
\0
E, 3504, 13, 2013/05/23, 19:29:49.574, 2946412607773, QTAgent32.exe, &lt;a class=failure&gt;Playback - {52} [FAILED] Function ElementFetcher::FindScreenElement failed to locate UI element (Searching: ;[VisibleOnly]ControlType='Window' &amp;&amp; Name='Current Or Future' &amp;&amp; ClassName='TfCurrentOrFuture') (The object specified was not found.)
\0&lt;/a&gt;
E, 3504, 13, 2013/05/23, 19:29:49.691, 2946414282416, QTAgent32.exe, Playback - [IMAGE] C:\Users\testuser\AppData\Local\Temp\UITestLogs\LastRun\RPFFB8E.png
\0
W, 3504, 13, 2013/05/23, 19:29:49.692, 2946414284740, QTAgent32.exe, Playback - [WARNING] Internal warning: Couldn't find descendants that match QueryId
\0
W, 3504, 13, 2013/05/23, 19:29:49.692, 2946414287679, QTAgent32.exe, PERF WARNING: FindTopLevelWindowHelper::FindAllDescendents: took 632 ms. Expected it to take maximum 500 ms.
W, 3504, 13, 2013/05/23, 19:29:51.862, 2946445364194, QTAgent32.exe, PERF WARNING: FindTopLevelWindowHelper::FindAllDescendents: took 2170 ms. Expected it to take maximum 500 ms.
W, 3504, 13, 2013/05/23, 19:29:52.009, 2946447463605, QTAgent32.exe, &lt;a class=success&gt;Playback - {53} [SUCCESS] MouseButtonClick - "[MSAA, VisibleOnly]ControlType='Button' &amp;&amp; Name='Ok'"
\0&lt;/a&gt;
W, 3504, 13, 2013/05/23, 19:29:56.097, 2946505990808, QTAgent32.exe, PERF WARNING: FindTopLevelWindowHelper::FindAllDescendents: took 3986 ms. Expected it to take maximum 500 ms.
W, 3504, 13, 2013/05/23, 19:29:56.616, 2946513424510, QTAgent32.exe, &lt;a class=success&gt;Playback - {54} [SUCCESS] SendKeys "^{HOME}" - "[MSAA, VisibleOnly]ControlType='Edit'"
\0&lt;/a&gt;
E, 3504, 13, 2013/05/23, 19:29:56.616, 2946513427972, QTAgent32.exe, Msaa.GetFocusedElement: could not find accessible object of foreground window
W, 3504, 13, 2013/05/23, 19:29:56.681, 2946514362739, QTAgent32.exe, &lt;a class=success&gt;Playback - {55} [SUCCESS] SendKeys "^+{END}" - "[MSAA, VisibleOnly]ControlType='Edit'"
\0&lt;/a&gt;
E, 3504, 13, 2013/05/23, 19:29:56.681, 2946514365595, QTAgent32.exe, Msaa.GetFocusedElement: could not find accessible object of foreground window
W, 3504, 13, 2013/05/23, 19:29:56.696, 2946514572016, QTAgent32.exe, &lt;a class=success&gt;Playback - {56} [SUCCESS] SendKeys "{DELETE}" - "[MSAA, VisibleOnly]ControlType='Edit'"
\0&lt;/a&gt;
W, 3504, 13, 2013/05/23, 19:29:57.150, 2946521072348, QTAgent32.exe, &lt;a class=success&gt;Playback - {57} [SUCCESS] SetValueAsEditBox "30/05/13" - "[MSAA, VisibleOnly]ControlType='Edit'"  &lt; Set via SendKeys &gt;
\0&lt;/a&gt;
W, 3504, 13, 2013/05/23, 19:29:57.932, 2946532270543, QTAgent32.exe, &lt;a class=success&gt;Playback - {58} [SUCCESS] SetValueAsEditBox "test1" - "[MSAA, VisibleOnly]ControlType='Edit'"  &lt; Set via SendKeys &gt;
\0&lt;/a&gt;
W, 3504, 13, 2013/05/23, 19:29:58.714, 2946543460618, QTAgent32.exe, &lt;a class=success&gt;Playback - {59} [SUCCESS] SetValueAsEditBox "test" - "[MSAA, VisibleOnly]ControlType='Edit'"  &lt; Set via SendKeys &gt;
\0&lt;/a&gt;
W, 3504, 13, 2013/05/23, 19:29:59.164, 2946549911408, QTAgent32.exe, &lt;a class=success&gt;Playback - {60} [SUCCESS] SendKeys "^{HOME}" - "[MSAA, VisibleOnly]ControlType='Edit'"
\0&lt;/a&gt;
E, 3504, 13, 2013/05/23, 19:29:59.164, 2946549914207, QTAgent32.exe, Msaa.GetFocusedElement: could not find accessible object of foreground window
W, 3504, 13, 2013/05/23, 19:29:59.219, 2946550692164, QTAgent32.exe, &lt;a class=success&gt;Playback - {61} [SUCCESS] SendKeys "^+{END}" - "[MSAA, VisibleOnly]ControlType='Edit'"
\0&lt;/a&gt;
E, 3504, 13, 2013/05/23, 19:29:59.219, 2946550695064, QTAgent32.exe, Msaa.GetFocusedElement: could not find accessible object of foreground window
W, 3504, 13, 2013/05/23, 19:29:59.234, 2946550908682, QTAgent32.exe, &lt;a class=success&gt;Playback - {62} [SUCCESS] SendKeys "{DELETE}" - "[MSAA, VisibleOnly]ControlType='Edit'"
\0&lt;/a&gt;
W, 3504, 13, 2013/05/23, 19:29:59.656, 2946556952592, QTAgent32.exe, &lt;a class=success&gt;Playback - {63} [SUCCESS] SetValueAsEditBox "test" - "[MSAA, VisibleOnly]ControlType='Edit'"  &lt; Set via SendKeys &gt;
\0&lt;/a&gt;
W, 3504, 13, 2013/05/23, 19:30:00.514, 2946569243433, QTAgent32.exe, Playback - [WARNING] Internal warning: Incorrect flag set for InvokeProgrammaticAction\0
W, 3504, 13, 2013/05/23, 19:30:00.639, 2946571030249, QTAgent32.exe, &lt;a class=success&gt;Playback - {64} [SUCCESS] SetValueAsComboBox "Account Director" - "[MSAA, VisibleOnly]ControlType='ComboBox'"  &lt; SetValueAsComboBox, set by clicking on the item in the list box &gt;
\0&lt;/a&gt;
W, 3504, 13, 2013/05/23, 19:30:01.488, 2946583191350, QTAgent32.exe, Playback - [WARNING] Internal warning: Incorrect flag set for InvokeProgrammaticAction\0
W, 3504, 13, 2013/05/23, 19:30:01.612, 2946584970308, QTAgent32.exe, &lt;a class=success&gt;Playback - {65} [SUCCESS] SetValueAsComboBox "Advertising" - "[MSAA, VisibleOnly]ControlType='ComboBox'"  &lt; SetValueAsComboBox, set by clicking on the item in the list box &gt;
\0&lt;/a&gt;
W, 3504, 13, 2013/05/23, 19:30:02.410, 2946596387890, QTAgent32.exe, &lt;a class=success&gt;Playback - {66} [SUCCESS] SetValueAsEditBox "160589" - "[MSAA, VisibleOnly]ControlType='Edit'"  &lt; Set via SendKeys &gt;
\0&lt;/a&gt;
W, 3504, 13, 2013/05/23, 19:30:02.663, 2946600001368, QTAgent32.exe, &lt;a class=success&gt;Playback - {67} [SUCCESS] MouseButtonClick - "[MSAA, VisibleOnly]ControlType='Edit'"
\0&lt;/a&gt;
W, 3504, 13, 2013/05/23, 19:30:03.515, 2946612205875, QTAgent32.exe, &lt;a class=success&gt;Playback - {68} [SUCCESS] SetValueAsEditBox "BN16BN" - "[MSAA, VisibleOnly]ControlType='Edit'"  &lt; Set via SendKeys &gt;
\0&lt;/a&gt;
W, 3504, 13, 2013/05/23, 19:30:05.746, 2946644159679, QTAgent32.exe, &lt;a class=success&gt;Playback - {69} [SUCCESS] MouseButtonClick - "[MSAA, VisibleOnly]ControlType='Button' &amp;&amp; Name='Lookup...'"
\0&lt;/a&gt;
W, 3504, 13, 2013/05/23, 19:30:06.030, 2946648228779, QTAgent32.exe, &lt;a class=success&gt;Playback - {70} [SUCCESS] MouseButtonClick - "[MSAA, VisibleOnly]ControlType='Button' &amp;&amp; Name='Ok'"
\0&lt;/a&gt;
W, 3504, 13, 2013/05/23, 19:30:06.388, 2946653336423, QTAgent32.exe, &lt;a class=success&gt;Playback - {71} [SUCCESS] MouseButtonClick - "[MSAA, VisibleOnly]ControlType='Button' &amp;&amp; Name='Next &gt;'"
\0&lt;/a&gt;
W, 3504, 13, 2013/05/23, 19:30:07.599, 2946670680215, QTAgent32.exe, &lt;a class=success&gt;Playback - {72} [SUCCESS] SetValueAsEditBox "1989" - "[MSAA, VisibleOnly]ControlType='Edit'"  &lt; Set via SendKeys &gt;
\0&lt;/a&gt;
W, 3504, 13, 2013/05/23, 19:30:07.905, 2946675066346, QTAgent32.exe, &lt;a class=success&gt;Playback - {73} [SUCCESS] MouseButtonClick - "[MSAA, VisibleOnly]ControlType='Button' &amp;&amp; Name='Next &gt;'"
\0&lt;/a&gt;
W, 3504, 13, 2013/05/23, 19:30:08.157, 2946678668044, QTAgent32.exe, &lt;a class=success&gt;Playback - {74} [SUCCESS] MouseButtonClick - "[MSAA, VisibleOnly]ControlType='Button' &amp;&amp; Name='Next &gt;'"
\0&lt;/a&gt;
W, 3504, 13, 2013/05/23, 19:30:08.376, 2946681815248, QTAgent32.exe, &lt;a class=success&gt;Playback - {75} [SUCCESS] MouseButtonClick - "[MSAA, VisibleOnly]ControlType='Button' &amp;&amp; Name='Next &gt;'"
\0&lt;/a&gt;
W, 3504, 13, 2013/05/23, 19:30:09.601, 2946699349043, QTAgent32.exe, &lt;a class=success&gt;Playback - {76} [SUCCESS] SetValueAsEditBox "2345" - "[MSAA, VisibleOnly]ControlType='Edit'"  &lt; Set via SendKeys &gt;
\0&lt;/a&gt;
W, 3504, 13, 2013/05/23, 19:30:10.716, 2946715308803, QTAgent32.exe, &lt;a class=success&gt;Playback - {77} [SUCCESS] SetValueAsEditBox "2000" - "[MSAA, VisibleOnly]ControlType='Edit'"  &lt; Set via SendKeys &gt;
\0&lt;/a&gt;
W, 3504, 13, 2013/05/23, 19:30:11.956, 2946733070591, QTAgent32.exe, &lt;a class=success&gt;Playback - {78} [SUCCESS] SetValueAsEditBox "2000" - "[MSAA, VisibleOnly]ControlType='Edit'"  &lt; Set via SendKeys &gt;
\0&lt;/a&gt;
W, 3504, 13, 2013/05/23, 19:30:12.179, 2946736260667, QTAgent32.exe, &lt;a class=success&gt;Playback - {79} [SUCCESS] MouseButtonClick - "[MSAA, VisibleOnly]ControlType='Button' &amp;&amp; Name='Next &gt;'"
\0&lt;/a&gt;
W, 3504, 13, 2013/05/23, 19:30:13.444, 2946754379931, QTAgent32.exe, &lt;a class=success&gt;Playback - {80} [SUCCESS] SetValueAsEditBox "2345" - "[MSAA, VisibleOnly]ControlType='Edit'"  &lt; Set via SendKeys &gt;
\0&lt;/a&gt;
W, 3504, 13, 2013/05/23, 19:30:13.703, 2946758087487, QTAgent32.exe, &lt;a class=success&gt;Playback - {81} [SUCCESS] MouseButtonClick - "[MSAA, VisibleOnly]ControlType='Button' &amp;&amp; Name='Next &gt;'"
\0&lt;/a&gt;
W, 3504, 13, 2013/05/23, 19:30:13.988, 2946762159850, QTAgent32.exe, &lt;a class=success&gt;Playback - {82} [SUCCESS] MouseButtonClick - "[MSAA, VisibleOnly]ControlType='Button' &amp;&amp; Name='Next &gt;'"
\0&lt;/a&gt;
W, 3504, 13, 2013/05/23, 19:30:14.347, 2946767307874, QTAgent32.exe, &lt;a class=success&gt;Playback - {83} [SUCCESS] MouseButtonClick - "[MSAA, VisibleOnly]ControlType='Button' &amp;&amp; Name='Quote'"
\0&lt;/a&gt;
W, 3504, 13, 2013/05/23, 19:30:14.629, 2946771338452, QTAgent32.exe, &lt;a class=success&gt;Playback - {84} [SUCCESS] MouseButtonClick - "[MSAA, VisibleOnly]ControlType='Button' &amp;&amp; Name='No'"
\0&lt;/a&gt;
W, 3504, 13, 2013/05/23, 19:30:15.052, 2946777402504, QTAgent32.exe, &lt;a class=success&gt;Playback - {85} [SUCCESS] MouseButtonClick - "[MSAA, VisibleOnly]ControlType='Button' &amp;&amp; Name='Ok'"
\0&lt;/a&gt;
W, 3504, 13, 2013/05/23, 19:30:18.358, 2946824726422, QTAgent32.exe, PERF WARNING: FindTopLevelWindowHelper::FindAllDescendents: took 3191 ms. Expected it to take maximum 500 ms.
W, 3504, 13, 2013/05/23, 19:30:18.490, 2946826621399, QTAgent32.exe, &lt;a class=success&gt;Playback - {86} [SUCCESS] MouseButtonClick - "[MSAA, VisibleOnly]ControlType='Client'"
\0&lt;/a&gt;
W, 3504, 13, 2013/05/23, 19:30:19.115, 2946835573169, QTAgent32.exe, &lt;a class=success&gt;Playback - {87} [SUCCESS] SendKeys "{Home}" - "[MSAA, VisibleOnly]ControlType='Client'"
\0&lt;/a&gt;
W, 3504, 13, 2013/05/23, 19:30:20.897, 2946861096333, QTAgent32.exe, PERF WARNING: FindAllDescendents: took 542 ms. Expected it to take maximum 500 ms.
W, 3504, 13, 2013/05/23, 19:30:21.062, 2946863457180, QTAgent32.exe, &lt;a class=success&gt;Playback - {88} [SUCCESS] MouseButtonClick - "[MSAA, VisibleOnly]ControlType='Button' &amp;&amp; Name='Accept'"
\0&lt;/a&gt;
W, 3504, 13, 2013/05/23, 19:30:23.305, 2946895566874, QTAgent32.exe, &lt;a class=success&gt;Playback - {89} [SUCCESS] MouseButtonClick - "[MSAA, VisibleOnly]ControlType='Button' &amp;&amp; Name='Yes'"
\0&lt;/a&gt;
W, 3504, 13, 2013/05/23, 19:30:35.343, 2947067927737, QTAgent32.exe, Playback - [WARNING] Internal warning: Window Not Found: [VisibleOnly]ControlType='Window' &amp;&amp; Name='Broker Add-ons' &amp;&amp; ClassName='ThunderRT6FormDC'
\0
E, 3504, 13, 2013/05/23, 19:30:35.343, 2947067934225, QTAgent32.exe, &lt;a class=failure&gt;Playback - {90} [FAILED] Function ElementFetcher::FindScreenElement failed to locate UI element (Searching: ;[VisibleOnly]ControlType='Window' &amp;&amp; Name='Broker Add-ons' &amp;&amp; ClassName='ThunderRT6FormDC') (The object specified was not found.)
\0&lt;/a&gt;
E, 3504, 13, 2013/05/23, 19:30:35.428, 2947069147699, QTAgent32.exe, Playback - [IMAGE] C:\Users\testuser\AppData\Local\Temp\UITestLogs\LastRun\RPFAE59.png
\0
W, 3504, 13, 2013/05/23, 19:30:35.428, 2947069150078, QTAgent32.exe, Playback - [WARNING] Internal warning: Couldn't find descendants that match QueryId
\0
W, 3504, 13, 2013/05/23, 19:30:35.429, 2947069155265, QTAgent32.exe, PERF WARNING: FindTopLevelWindowHelper::FindAllDescendents: took 12019 ms. Expected it to take maximum 500 ms.
W, 3504, 13, 2013/05/23, 19:30:54.726, 2947345453918, QTAgent32.exe, Playback - [WARNING] Internal warning: Window Not Found: [VisibleOnly]ControlType='Window' &amp;&amp; Name='Broker Add-ons' &amp;&amp; ClassName='ThunderRT6FormDC'
\0
E, 3504, 13, 2013/05/23, 19:30:54.726, 2947345462885, QTAgent32.exe, &lt;a class=failure&gt;Playback - {91} [FAILED] Function ElementFetcher::FindScreenElement failed to locate UI element (Searching: ;[VisibleOnly]ControlType='Window' &amp;&amp; Name='Broker Add-ons' &amp;&amp; ClassName='ThunderRT6FormDC') (The object specified was not found.)
\0&lt;/a&gt;
E, 3504, 13, 2013/05/23, 19:30:54.813, 2947346703014, QTAgent32.exe, Playback - [IMAGE] C:\Users\testuser\AppData\Local\Temp\UITestLogs\LastRun\RPFFA19.png
\0
W, 3504, 13, 2013/05/23, 19:30:54.813, 2947346705620, QTAgent32.exe, Playback - [WARNING] Internal warning: Couldn't find descendants that match QueryId
\0
W, 3504, 13, 2013/05/23, 19:30:54.814, 2947346713604, QTAgent32.exe, PERF WARNING: FindTopLevelWindowHelper::FindAllDescendents: took 19384 ms. Expected it to take maximum 500 ms.
W, 3504, 13, 2013/05/23, 19:30:57.459, 2947384581135, QTAgent32.exe, Playback - [WARNING] Internal warning: Smart Match failed
\0
W, 3504, 13, 2013/05/23, 19:30:58.853, 2947404550674, QTAgent32.exe, Playback - [WARNING] Internal warning: Window Not Found: [VisibleOnly]ControlType='Window' &amp;&amp; Name='Broker Add-ons' &amp;&amp; ClassName='ThunderRT6FormDC'
\0
E, 3504, 13, 2013/05/23, 19:30:58.853, 2947404554637, QTAgent32.exe, &lt;a class=failure&gt;Playback - {92} [FAILED] Function ElementFetcher::FindScreenElement failed to locate UI element (Searching: ;[VisibleOnly]ControlType='Window' &amp;&amp; Name='Broker Add-ons' &amp;&amp; ClassName='ThunderRT6FormDC') (The object specified was not found.)
\0&lt;/a&gt;
E, 3504, 13, 2013/05/23, 19:30:58.933, 2947405694323, QTAgent32.exe, Playback - [IMAGE] C:\Users\testuser\AppData\Local\Temp\UITestLogs\LastRun\RPFA31.png
\0
W, 3504, 13, 2013/05/23, 19:30:58.933, 2947405696737, QTAgent32.exe, Playback - [WARNING] Internal warning: Couldn't find descendants that match QueryId
\0
W, 3504, 13, 2013/05/23, 19:30:58.933, 2947405700726, QTAgent32.exe, PERF WARNING: FindTopLevelWindowHelper::FindAllDescendents: took 4119 ms. Expected it to take maximum 500 ms.
E, 3504, 13, 2013/05/23, 19:30:58.934, 2947405703045, QTAgent32.exe, Exception: System.Runtime.InteropServices.COMException
	Message: Error HRESULT E_FAIL has been returned from a call to a COM component.
	Stack Trace:    at Microsoft.VisualStudio.TestTools.UITest.Playback.Engine.IRPFPlayback.FindAllScreenElements(IScreenElement pScreenElementStart, String bstrQueryId, Object&amp; pvarResKeys, Int32 cResKeys, Int32 nMaxDepth, Object[]&amp; foundDescendants)
   at Microsoft.VisualStudio.TestTools.UITest.Playback.ScreenElement.FindTopLevelWindowHelper(String queryId)
	BaseExceptionMessage: Error HRESULT E_FAIL has been returned from a call to a COM component.

E, 3504, 13, 2013/05/23, 19:30:59.035, 2947407152726, QTAgent32.exe, AL: Playback Error: Microsoft.VisualStudio.TestTools.UITest.Extension.UITestControlNotFoundException: The playback failed to find the control with the given search properties. Additional Details: 
TechnologyName:  'MSAA'
ControlType:  'Window'
Name:  'Broker Add-ons'
ClassName:  'ThunderRT6FormDC'
 ---&gt; System.Runtime.InteropServices.COMException: Error HRESULT E_FAIL has been returned from a call to a COM component.
   at Microsoft.VisualStudio.TestTools.UITest.Playback.Engine.IRPFPlayback.FindAllScreenElements(IScreenElement pScreenElementStart, String bstrQueryId, Object&amp; pvarResKeys, Int32 cResKeys, Int32 nMaxDepth, Object[]&amp; foundDescendants)
   at Microsoft.VisualStudio.TestTools.UITest.Playback.ScreenElement.FindTopLevelWindowHelper(String queryId)
   at Microsoft.VisualStudio.TestTools.UITest.Playback.ScreenElement.FindFromPartialQueryId(String queryId)
   at Microsoft.VisualStudio.TestTools.UITesting.UITestControl..ctor(String queryId)
   --- End of inner exception stack trace ---
   at Microsoft.VisualStudio.TestTools.UITesting.Playback.MapControlNotFoundException(COMException ex, IPlaybackContext context)
   at Microsoft.VisualStudio.TestTools.UITesting.Playback.MapAndThrowComException(COMException innerException, IPlaybackContext context)
   at Microsoft.VisualStudio.TestTools.UITesting.Playback.MapAndThrowException(SystemException exception, IPlaybackContext context)
   at Microsoft.VisualStudio.TestTools.UITesting.Playback.MapAndThrowException(SystemException exception, String queryId)
   at Microsoft.VisualStudio.TestTools.UITesting.UITestControl..ctor(String queryId)
   at Microsoft.VisualStudio.TestTools.UITesting.SearchHelper.SearchTopLevelWindow(ISearchArgument topLevelSearchArg, String topLevelElementQueryId)
   at Microsoft.VisualStudio.TestTools.UITesting.SearchHelper.GetTitleUpdatedTopLevelWindow(ISearchArgument topLevelSearchArg, String queryId, IList`1 windowTitles)
   at Microsoft.VisualStudio.TestTools.UITesting.SearchHelper.GetTopLevelElement(Boolean useCache, Boolean useCacheOnly, ISearchArgument searchArg, IList`1 windowTitles, Int32&amp; timeLeft)
   at Microsoft.VisualStudio.TestTools.UITesting.SearchHelper.GetElement(Boolean useCache, ISearchArgument searchArg)
   at Microsoft.VisualStudio.TestTools.UITesting.SearchHelper.Search(ISearchArgument searchArg)
   at Microsoft.VisualStudio.TestTools.UITesting.UITestControl.FindInternal()
   at Microsoft.VisualStudio.TestTools.UITesting.UITestControl.FindControlIfNecessary()
   at Microsoft.VisualStudio.TestTools.UITesting.UITestControl.Click(MouseButtons button, ModifierKeys modifierKeys, Point relativeCoordinates)
   at Microsoft.VisualStudio.TestTools.UITesting.Mouse.ClickImplementation(UITestControl control, MouseButtons button, ModifierKeys modifierKeys, Point relativeCoordinate)
   at Microsoft.VisualStudio.TestTools.UITesting.Mouse.ClickImplementationWrapper(UITestControl control, MouseButtons button, ModifierKeys modifierKeys, Point relativeCoordinate)
W, 3504, 13, 2013/05/23, 19:30:59.035, 2947407156339, QTAgent32.exe, PlaybackErrorHandler: Ignoring exception as ContinueOnError is set.
W, 3504, 13, 2013/05/23, 19:31:06.535, 2947514541940, QTAgent32.exe, Playback - [WARNING] Internal warning: Window Not Found: [VisibleOnly]ControlType='Window' &amp;&amp; Name='Save the file as' &amp;&amp; ClassName='#32770'
\0
E, 3504, 13, 2013/05/23, 19:31:06.535, 2947514546444, QTAgent32.exe, &lt;a class=failure&gt;Playback - {93} [FAILED] Function ElementFetcher::FindScreenElement failed to locate UI element (Searching: ;[VisibleOnly]ControlType='Window' &amp;&amp; Name='Save the file as' &amp;&amp; ClassName='#32770') (The object specified was not found.)
\0&lt;/a&gt;
E, 3504, 13, 2013/05/23, 19:31:06.628, 2947515867355, QTAgent32.exe, Playback - [IMAGE] C:\Users\testuser\AppData\Local\Temp\UITestLogs\LastRun\RPF283C.png
\0
W, 3504, 13, 2013/05/23, 19:31:06.628, 2947515870191, QTAgent32.exe, Playback - [WARNING] Internal warning: Couldn't find descendants that match QueryId
\0
W, 3504, 13, 2013/05/23, 19:31:06.628, 2947515874348, QTAgent32.exe, PERF WARNING: FindTopLevelWindowHelper::FindAllDescendents: took 7592 ms. Expected it to take maximum 500 ms.
W, 3504, 13, 2013/05/23, 19:31:25.847, 2947791046195, QTAgent32.exe, Playback - [WARNING] Internal warning: Window Not Found: [VisibleOnly]ControlType='Window' &amp;&amp; Name='Save the file as' &amp;&amp; ClassName='#32770'
\0
E, 3504, 13, 2013/05/23, 19:31:25.847, 2947791050900, QTAgent32.exe, &lt;a class=failure&gt;Playback - {94} [FAILED] Function ElementFetcher::FindScreenElement failed to locate UI element (Searching: ;[VisibleOnly]ControlType='Window' &amp;&amp; Name='Save the file as' &amp;&amp; ClassName='#32770') (The object specified was not found.)
\0&lt;/a&gt;
E, 3504, 13, 2013/05/23, 19:31:25.929, 2947792228229, QTAgent32.exe, Playback - [IMAGE] C:\Users\testuser\AppData\Local\Temp\UITestLogs\LastRun\RPF73AE.png
\0
W, 3504, 13, 2013/05/23, 19:31:25.929, 2947792230730, QTAgent32.exe, Playback - [WARNING] Internal warning: Couldn't find descendants that match QueryId
\0
W, 3504, 13, 2013/05/23, 19:31:25.930, 2947792234283, QTAgent32.exe, PERF WARNING: FindTopLevelWindowHelper::FindAllDescendents: took 19301 ms. Expected it to take maximum 500 ms.
W, 3504, 13, 2013/05/23, 19:31:28.580, 2947830193628, QTAgent32.exe, Playback - [WARNING] Internal warning: Smart Match failed
\0
W, 3504, 13, 2013/05/23, 19:31:29.961, 2947849959124, QTAgent32.exe, Playback - [WARNING] Internal warning: Window Not Found: [VisibleOnly]ControlType='Window' &amp;&amp; Name='Save the file as' &amp;&amp; ClassName='#32770'
\0
E, 3504, 13, 2013/05/23, 19:31:29.961, 2947849963101, QTAgent32.exe, &lt;a class=failure&gt;Playback - {95} [FAILED] Function ElementFetcher::FindScreenElement failed to locate UI element (Searching: ;[VisibleOnly]ControlType='Window' &amp;&amp; Name='Save the file as' &amp;&amp; ClassName='#32770') (The object specified was not found.)
\0&lt;/a&gt;
E, 3504, 13, 2013/05/23, 19:31:30.040, 2947851088262, QTAgent32.exe, Playback - [IMAGE] C:\Users\testuser\AppData\Local\Temp\UITestLogs\LastRun\RPF83B6.png
\0
W, 3504, 13, 2013/05/23, 19:31:30.040, 2947851090875, QTAgent32.exe, Playback - [WARNING] Internal warning: Couldn't find descendants that match QueryId
\0
W, 3504, 13, 2013/05/23, 19:31:30.040, 2947851093990, QTAgent32.exe, PERF WARNING: FindTopLevelWindowHelper::FindAllDescendents: took 4110 ms. Expected it to take maximum 500 ms.
E, 3504, 13, 2013/05/23, 19:31:30.040, 2947851095796, QTAgent32.exe, Exception: System.Runtime.InteropServices.COMException
	Message: Error HRESULT E_FAIL has been returned from a call to a COM component.
	Stack Trace:    at Microsoft.VisualStudio.TestTools.UITest.Playback.Engine.IRPFPlayback.FindAllScreenElements(IScreenElement pScreenElementStart, String bstrQueryId, Object&amp; pvarResKeys, Int32 cResKeys, Int32 nMaxDepth, Object[]&amp; foundDescendants)
   at Microsoft.VisualStudio.TestTools.UITest.Playback.ScreenElement.FindTopLevelWindowHelper(String queryId)
	BaseExceptionMessage: Error HRESULT E_FAIL has been returned from a call to a COM component.

E, 3504, 13, 2013/05/23, 19:31:30.141, 2947852534902, QTAgent32.exe, AL: Playback Error: Microsoft.VisualStudio.TestTools.UITest.Extension.UITestControlNotFoundException: The playback failed to find the control with the given search properties. Additional Details: 
TechnologyName:  'MSAA'
ControlType:  'Window'
Name:  'Save the file as'
ClassName:  '#32770'
 ---&gt; System.Runtime.InteropServices.COMException: Error HRESULT E_FAIL has been returned from a call to a COM component.
   at Microsoft.VisualStudio.TestTools.UITest.Playback.Engine.IRPFPlayback.FindAllScreenElements(IScreenElement pScreenElementStart, String bstrQueryId, Object&amp; pvarResKeys, Int32 cResKeys, Int32 nMaxDepth, Object[]&amp; foundDescendants)
   at Microsoft.VisualStudio.TestTools.UITest.Playback.ScreenElement.FindTopLevelWindowHelper(String queryId)
   at Microsoft.VisualStudio.TestTools.UITest.Playback.ScreenElement.FindFromPartialQueryId(String queryId)
   at Microsoft.VisualStudio.TestTools.UITesting.UITestControl..ctor(String queryId)
   --- End of inner exception stack trace ---
   at Microsoft.VisualStudio.TestTools.UITesting.Playback.MapControlNotFoundException(COMException ex, IPlaybackContext context)
   at Microsoft.VisualStudio.TestTools.UITesting.Playback.MapAndThrowComException(COMException innerException, IPlaybackContext context)
   at Microsoft.VisualStudio.TestTools.UITesting.Playback.MapAndThrowException(SystemException exception, IPlaybackContext context)
   at Microsoft.VisualStudio.TestTools.UITesting.Playback.MapAndThrowException(SystemException exception, String queryId)
   at Microsoft.VisualStudio.TestTools.UITesting.UITestControl..ctor(String queryId)
   at Microsoft.VisualStudio.TestTools.UITesting.SearchHelper.SearchTopLevelWindow(ISearchArgument topLevelSearchArg, String topLevelElementQueryId)
   at Microsoft.VisualStudio.TestTools.UITesting.SearchHelper.GetTitleUpdatedTopLevelWindow(ISearchArgument topLevelSearchArg, String queryId, IList`1 windowTitles)
   at Microsoft.VisualStudio.TestTools.UITesting.SearchHelper.GetTopLevelElement(Boolean useCache, Boolean useCacheOnly, ISearchArgument searchArg, IList`1 windowTitles, Int32&amp; timeLeft)
   at Microsoft.VisualStudio.TestTools.UITesting.SearchHelper.GetElement(Boolean useCache, ISearchArgument searchArg)
   at Microsoft.VisualStudio.TestTools.UITesting.SearchHelper.Search(ISearchArgument searchArg)
   at Microsoft.VisualStudio.TestTools.UITesting.UITestControl.FindInternal()
   at Microsoft.VisualStudio.TestTools.UITesting.UITestControl.FindControlIfNecessary()
   at Microsoft.VisualStudio.TestTools.UITesting.UITestControl.Click(MouseButtons button, ModifierKeys modifierKeys, Point relativeCoordinates)
   at Microsoft.VisualStudio.TestTools.UITesting.Mouse.ClickImplementation(UITestControl control, MouseButtons button, ModifierKeys modifierKeys, Point relativeCoordinate)
   at Microsoft.VisualStudio.TestTools.UITesting.Mouse.ClickImplementationWrapper(UITestControl control, MouseButtons button, ModifierKeys modifierKeys, Point relativeCoordinate)
W, 3504, 13, 2013/05/23, 19:31:30.141, 2947852539206, QTAgent32.exe, PlaybackErrorHandler: Ignoring exception as ContinueOnError is set.
W, 3504, 13, 2013/05/23, 19:31:30.653, 2947859867499, QTAgent32.exe, &lt;a class=success&gt;Playback - {96} [SUCCESS] MouseButtonClick - "[MSAA, VisibleOnly]ControlType='Button' &amp;&amp; Name='OK'"
\0&lt;/a&gt;
W, 3504, 13, 2013/05/23, 19:31:31.008, 2947864954914, QTAgent32.exe, &lt;a class=success&gt;Playback - {97} [SUCCESS] MouseButtonClick - "[MSAA, VisibleOnly]ControlType='Button' &amp;&amp; Name='Ok'"
\0&lt;/a&gt;
W, 3504, 13, 2013/05/23, 19:31:31.290, 2947868989762, QTAgent32.exe, &lt;a class=success&gt;Playback - {98} [SUCCESS] MouseButtonClick - "[MSAA, VisibleOnly]ControlType='Button' &amp;&amp; Name='Ok'"
\0&lt;/a&gt;
W, 3504, 13, 2013/05/23, 19:31:33.338, 2947898306993, QTAgent32.exe, &lt;a class=success&gt;Playback - {99} [SUCCESS] SetValueAsEditBox "B338TH" - "[MSAA, VisibleOnly]ControlType='Edit'"  &lt; Set via SendKeys &gt;
\0&lt;/a&gt;
W, 3504, 13, 2013/05/23, 19:31:35.571, 2947930281711, QTAgent32.exe, &lt;a class=success&gt;Playback - {100} [SUCCESS] MouseButtonClick - "[MSAA, VisibleOnly]ControlType='Button' &amp;&amp; Name='Lookup...'"
\0&lt;/a&gt;
W, 3504, 13, 2013/05/23, 19:31:35.833, 2947934037347, QTAgent32.exe, &lt;a class=success&gt;Playback - {101} [SUCCESS] MouseButtonClick - "[MSAA, VisibleOnly]ControlType='Button' &amp;&amp; Name='Ok'"
\0&lt;/a&gt;
W, 3504, 13, 2013/05/23, 19:31:36.128, 2947938258879, QTAgent32.exe, &lt;a class=success&gt;Playback - {102} [SUCCESS] MouseButtonClick - "[MSAA, VisibleOnly]ControlType='Button' &amp;&amp; Name='Confirm'"
\0&lt;/a&gt;
W, 3504, 13, 2013/05/23, 19:31:57.241, 2948240555557, QTAgent32.exe, Playback - [WARNING] Internal warning: Window Not Found: [VisibleOnly]ControlType='Window' &amp;&amp; Name='Personal Lines' &amp;&amp; ClassName='#32770'
\0
E, 3504, 13, 2013/05/23, 19:31:57.241, 2948240564014, QTAgent32.exe, &lt;a class=failure&gt;Playback - {103} [FAILED] Function ElementFetcher::FindScreenElement failed to locate UI element (Searching: ;[VisibleOnly]ControlType='Window' &amp;&amp; Name='Personal Lines' &amp;&amp; ClassName='#32770') (The object specified was not found.)
\0&lt;/a&gt;
E, 3504, 13, 2013/05/23, 19:31:57.346, 2948242058671, QTAgent32.exe, Playback - [IMAGE] C:\Users\testuser\AppData\Local\Temp\UITestLogs\LastRun\RPFEE4C.png
\0
W, 3504, 13, 2013/05/23, 19:31:57.346, 2948242061319, QTAgent32.exe, Playback - [WARNING] Internal warning: Couldn't find descendants that match QueryId
\0
W, 3504, 13, 2013/05/23, 19:31:57.347, 2948242068983, QTAgent32.exe, PERF WARNING: FindTopLevelWindowHelper::FindAllDescendents: took 21118 ms. Expected it to take maximum 500 ms.
W, 3504, 13, 2013/05/23, 19:32:16.562, 2948517201009, QTAgent32.exe, Playback - [WARNING] Internal warning: Window Not Found: [VisibleOnly]ControlType='Window' &amp;&amp; Name='Personal Lines' &amp;&amp; ClassName='#32770'
\0
E, 3504, 13, 2013/05/23, 19:32:16.563, 2948517206395, QTAgent32.exe, &lt;a class=failure&gt;Playback - {104} [FAILED] Function ElementFetcher::FindScreenElement failed to locate UI element (Searching: ;[VisibleOnly]ControlType='Window' &amp;&amp; Name='Personal Lines' &amp;&amp; ClassName='#32770') (The object specified was not found.)
\0&lt;/a&gt;
E, 3504, 13, 2013/05/23, 19:32:16.648, 2948518428437, QTAgent32.exe, Playback - [IMAGE] C:\Users\testuser\AppData\Local\Temp\UITestLogs\LastRun\RPF39CD.png
\0
W, 3504, 13, 2013/05/23, 19:32:16.648, 2948518431125, QTAgent32.exe, Playback - [WARNING] Internal warning: Couldn't find descendants that match QueryId
\0
W, 3504, 13, 2013/05/23, 19:32:16.648, 2948518436259, QTAgent32.exe, PERF WARNING: FindTopLevelWindowHelper::FindAllDescendents: took 19301 ms. Expected it to take maximum 500 ms.
W, 3504, 13, 2013/05/23, 19:32:19.321, 2948556711148, QTAgent32.exe, Playback - [WARNING] Internal warning: Smart Match failed
\0
W, 3504, 13, 2013/05/23, 19:32:20.715, 2948576658229, QTAgent32.exe, Playback - [WARNING] Internal warning: Window Not Found: [VisibleOnly]ControlType='Window' &amp;&amp; Name='Personal Lines' &amp;&amp; ClassName='#32770'
\0
E, 3504, 13, 2013/05/23, 19:32:20.715, 2948576661475, QTAgent32.exe, &lt;a class=failure&gt;Playback - {105} [FAILED] Function ElementFetcher::FindScreenElement failed to locate UI element (Searching: ;[VisibleOnly]ControlType='Window' &amp;&amp; Name='Personal Lines' &amp;&amp; ClassName='#32770') (The object specified was not found.)
\0&lt;/a&gt;
E, 3504, 13, 2013/05/23, 19:32:20.797, 2948577835950, QTAgent32.exe, Playback - [IMAGE] C:\Users\testuser\AppData\Local\Temp\UITestLogs\LastRun\RPF4A04.png
\0
W, 3504, 13, 2013/05/23, 19:32:20.797, 2948577838530, QTAgent32.exe, Playback - [WARNING] Internal warning: Couldn't find descendants that match QueryId
\0
W, 3504, 13, 2013/05/23, 19:32:20.797, 2948577841426, QTAgent32.exe, PERF WARNING: FindTopLevelWindowHelper::FindAllDescendents: took 4148 ms. Expected it to take maximum 500 ms.
E, 3504, 13, 2013/05/23, 19:32:20.798, 2948577843499, QTAgent32.exe, Exception: System.Runtime.InteropServices.COMException
	Message: Error HRESULT E_FAIL has been returned from a call to a COM component.
	Stack Trace:    at Microsoft.VisualStudio.TestTools.UITest.Playback.Engine.IRPFPlayback.FindAllScreenElements(IScreenElement pScreenElementStart, String bstrQueryId, Object&amp; pvarResKeys, Int32 cResKeys, Int32 nMaxDepth, Object[]&amp; foundDescendants)
   at Microsoft.VisualStudio.TestTools.UITest.Playback.ScreenElement.FindTopLevelWindowHelper(String queryId)
	BaseExceptionMessage: Error HRESULT E_FAIL has been returned from a call to a COM component.

E, 3504, 13, 2013/05/23, 19:32:20.798, 2948577850276, QTAgent32.exe, GetClassName for handle 330422 failed
E, 3504, 13, 2013/05/23, 19:32:20.799, 2948577862082, QTAgent32.exe, Window 330422 not responding. Last Win32 error 1400
E, 3504, 13, 2013/05/23, 19:32:20.799, 2948577863485, QTAgent32.exe, GetClassName for handle 330422 failed
E, 3504, 13, 2013/05/23, 19:32:20.799, 2948577868588, QTAgent32.exe, Window 4655372 not responding. Last Win32 error 1400
E, 3504, 13, 2013/05/23, 19:32:20.799, 2948577869488, QTAgent32.exe, GetClassName for handle 4655372 failed
E, 3504, 13, 2013/05/23, 19:32:20.900, 2948579315339, QTAgent32.exe, AL: Playback Error: Microsoft.VisualStudio.TestTools.UITest.Extension.UITestControlNotAvailableException: The control is not available or not valid. Additional Details: 
TechnologyName:  'MSAA'
Name:  'OK'
ControlType:  'Button'
 ---&gt; Microsoft.VisualStudio.TestTools.UITest.Extension.UITestControlNotAvailableException: The control is not available or not valid. Additional Details: 
TechnologyName:  'MSAA'
ControlType:  'Window'
 ---&gt; System.Runtime.InteropServices.COMException: Error HRESULT E_FAIL has been returned from a call to a COM component.
   at Microsoft.VisualStudio.TestTools.UITest.Playback.Engine.IRPFPlayback.FindAllScreenElements(IScreenElement pScreenElementStart, String bstrQueryId, Object&amp; pvarResKeys, Int32 cResKeys, Int32 nMaxDepth, Object[]&amp; foundDescendants)
   at Microsoft.VisualStudio.TestTools.UITest.Playback.ScreenElement.FindTopLevelWindowHelper(String queryId)
   at Microsoft.VisualStudio.TestTools.UITest.Playback.ScreenElement.FindFromPartialQueryId(String queryId)
   at Microsoft.VisualStudio.TestTools.UITesting.UITestControl.EnsureValid(Boolean waitForReady, Boolean refetch)
   --- End of inner exception stack trace ---
   at Microsoft.VisualStudio.TestTools.UITesting.UITestControl.EnsureValid(Boolean waitForReady, Boolean refetch)
   at Microsoft.VisualStudio.TestTools.UITesting.UITestControl.FindFirstDescendant(String queryId, Int32 maxDepth, Int32&amp; timeLeft)
   at Microsoft.VisualStudio.TestTools.UITesting.UITestControl.FindFirstDescendant(String queryId)
   at Microsoft.VisualStudio.TestTools.UITesting.UITestControl.EnsureValid(Boolean waitForReady, Boolean refetch)
   --- End of inner exception stack trace ---
   at Microsoft.VisualStudio.TestTools.UITesting.UITestControl.EnsureValid(Boolean waitForReady, Boolean refetch)
   at Microsoft.VisualStudio.TestTools.UITesting.UITestControl.Click(MouseButtons button, ModifierKeys modifierKeys, Point relativeCoordinates)
   at Microsoft.VisualStudio.TestTools.UITesting.Mouse.ClickImplementation(UITestControl control, MouseButtons button, ModifierKeys modifierKeys, Point relativeCoordinate)
   at Microsoft.VisualStudio.TestTools.UITesting.Mouse.ClickImplementationWrapper(UITestControl control, MouseButtons button, ModifierKeys modifierKeys, Point relativeCoordinate)
W, 3504, 13, 2013/05/23, 19:32:20.900, 2948579318051, QTAgent32.exe, PlaybackErrorHandler: Ignoring exception as ContinueOnError is set.
W, 3504, 13, 2013/05/23, 19:32:21.057, 2948581556939, QTAgent32.exe, &lt;a class=success&gt;Playback - {106} [SUCCESS] Check - "[MSAA, VisibleOnly]ControlType='CheckBox' &amp;&amp; Name='Defer Printing?'"
\0&lt;/a&gt;
W, 3504, 13, 2013/05/23, 19:32:21.641, 2948589929567, QTAgent32.exe, &lt;a class=success&gt;Playback - {107} [SUCCESS] MouseButtonClick - "[MSAA, VisibleOnly]ControlType='Button' &amp;&amp; Name='Ok'"
\0&lt;/a&gt;
W, 3504, 13, 2013/05/23, 19:32:23.069, 2948610366002, QTAgent32.exe, PERF WARNING: FindTopLevelWindowHelper::FindAllDescendents: took 1326 ms. Expected it to take maximum 500 ms.
W, 3504, 13, 2013/05/23, 19:32:23.817, 2948621079502, QTAgent32.exe, &lt;a class=success&gt;Playback - {108} [SUCCESS] Uncheck - "[MSAA, VisibleOnly]ControlType='CheckBox' &amp;&amp; Name='Add Activity'"
\0&lt;/a&gt;
W, 3504, 13, 2013/05/23, 19:32:24.380, 2948629136053, QTAgent32.exe, &lt;a class=success&gt;Playback - {109} [SUCCESS] MouseButtonClick - "[MSAA, VisibleOnly]ControlType='Button' &amp;&amp; Name='Ok'"
\0&lt;/a&gt;
W, 3504, 13, 2013/05/23, 19:32:24.630, 2948632716522, QTAgent32.exe, &lt;a class=success&gt;Playback - {110} [SUCCESS] MouseButtonClick - "[MSAA, VisibleOnly]ControlType='Button' &amp;&amp; Name='Ok'"
\0&lt;/a&gt;
W, 3504, 13, 2013/05/23, 19:32:29.944, 2948708799907, QTAgent32.exe, Playback - [WARNING] Internal warning: Window Not Found: [VisibleOnly]ControlType='Window' &amp;&amp; Name='Transaction to insert' &amp;&amp; ClassName='TfSelectItem'
\0
E, 3504, 13, 2013/05/23, 19:32:29.944, 2948708803207, QTAgent32.exe, &lt;a class=failure&gt;Playback - {111} [FAILED] Function ElementFetcher::FindScreenElement failed to locate UI element (Searching: ;[VisibleOnly]ControlType='Window' &amp;&amp; Name='Transaction to insert' &amp;&amp; ClassName='TfSelectItem') (The object specified was not found.)
\0&lt;/a&gt;
E, 3504, 13, 2013/05/23, 19:32:30.046, 2948710264245, QTAgent32.exe, Playback - [IMAGE] C:\Users\testuser\AppData\Local\Temp\UITestLogs\LastRun\RPF6E09.png
\0
W, 3504, 13, 2013/05/23, 19:32:30.046, 2948710266576, QTAgent32.exe, Playback - [WARNING] Internal warning: Couldn't find descendants that match QueryId
\0
W, 3504, 13, 2013/05/23, 19:32:30.046, 2948710269529, QTAgent32.exe, PERF WARNING: FindTopLevelWindowHelper::FindAllDescendents: took 5315 ms. Expected it to take maximum 500 ms.
W, 3504, 13, 2013/05/23, 19:32:48.512, 2948974662811, QTAgent32.exe, Playback - [WARNING] Internal warning: Window Not Found: [VisibleOnly]ControlType='Window' &amp;&amp; Name='Transaction to insert' &amp;&amp; ClassName='TfSelectItem'
\0
E, 3504, 13, 2013/05/23, 19:32:48.513, 2948974673002, QTAgent32.exe, &lt;a class=failure&gt;Playback - {112} [FAILED] Function ElementFetcher::FindScreenElement failed to locate UI element (Searching: ;[VisibleOnly]ControlType='Window' &amp;&amp; Name='Transaction to insert' &amp;&amp; ClassName='TfSelectItem') (The object specified was not found.)
\0&lt;/a&gt;
E, 3504, 13, 2013/05/23, 19:32:48.621, 2948976221982, QTAgent32.exe, Playback - [IMAGE] C:\Users\testuser\AppData\Local\Temp\UITestLogs\LastRun\RPFB69D.png
\0
W, 3504, 13, 2013/05/23, 19:32:48.621, 2948976224626, QTAgent32.exe, Playback - [WARNING] Internal warning: Couldn't find descendants that match QueryId
\0
W, 3504, 13, 2013/05/23, 19:32:48.622, 2948976233982, QTAgent32.exe, PERF WARNING: FindTopLevelWindowHelper::FindAllDescendents: took 18575 ms. Expected it to take maximum 500 ms.
W, 3504, 13, 2013/05/23, 19:32:49.403, 2948987424193, QTAgent32.exe, Playback - [WARNING] Internal warning: Smart Match failed
\0
W, 3504, 13, 2013/05/23, 19:32:50.212, 2948999006420, QTAgent32.exe, Playback - [WARNING] Internal warning: Smart Match failed
\0
W, 3504, 13, 2013/05/23, 19:32:51.045, 2949010940331, QTAgent32.exe, Playback - [WARNING] Internal warning: Smart Match failed
\0
W, 3504, 13, 2013/05/23, 19:32:51.894, 2949023084618, QTAgent32.exe, Playback - [WARNING] Internal warning: Smart Match failed
\0
W, 3504, 13, 2013/05/23, 19:32:52.411, 2949030485291, QTAgent32.exe, Playback - [WARNING] Internal warning: Window Not Found: [VisibleOnly]ControlType='Window' &amp;&amp; Name='Transaction to insert' &amp;&amp; ClassName='TfSelectItem'
\0
E, 3504, 13, 2013/05/23, 19:32:52.411, 2949030489633, QTAgent32.exe, &lt;a class=failure&gt;Playback - {113} [FAILED] Function ElementFetcher::FindScreenElement failed to locate UI element (Searching: ;[VisibleOnly]ControlType='Window' &amp;&amp; Name='Transaction to insert' &amp;&amp; ClassName='TfSelectItem') (The object specified was not found.)
\0&lt;/a&gt;
E, 3504, 13, 2013/05/23, 19:32:52.505, 2949031842602, QTAgent32.exe, Playback - [IMAGE] C:\Users\testuser\AppData\Local\Temp\UITestLogs\LastRun\RPFC5DA.png
\0
W, 3504, 13, 2013/05/23, 19:32:52.506, 2949031845351, QTAgent32.exe, Playback - [WARNING] Internal warning: Couldn't find descendants that match QueryId
\0
W, 3504, 13, 2013/05/23, 19:32:52.506, 2949031850785, QTAgent32.exe, PERF WARNING: FindTopLevelWindowHelper::FindAllDescendents: took 3881 ms. Expected it to take maximum 500 ms.
E, 3504, 13, 2013/05/23, 19:32:52.506, 2949031853799, QTAgent32.exe, Exception: System.Runtime.InteropServices.COMException
	Message: Error HRESULT E_FAIL has been returned from a call to a COM component.
	Stack Trace:    at Microsoft.VisualStudio.TestTools.UITest.Playback.Engine.IRPFPlayback.FindAllScreenElements(IScreenElement pScreenElementStart, String bstrQueryId, Object&amp; pvarResKeys, Int32 cResKeys, Int32 nMaxDepth, Object[]&amp; foundDescendants)
   at Microsoft.VisualStudio.TestTools.UITest.Playback.ScreenElement.FindTopLevelWindowHelper(String queryId)
	BaseExceptionMessage: Error HRESULT E_FAIL has been returned from a call to a COM component.

E, 3504, 13, 2013/05/23, 19:32:52.506, 2949031858678, QTAgent32.exe, Window 5703946 not responding. Last Win32 error 0
E, 3504, 13, 2013/05/23, 19:32:52.507, 2949031860048, QTAgent32.exe, GetClassName for handle 5703946 failed
E, 3504, 13, 2013/05/23, 19:32:52.509, 2949031894429, QTAgent32.exe, Window 6162096 not responding. Last Win32 error 1400
E, 3504, 13, 2013/05/23, 19:32:52.509, 2949031896256, QTAgent32.exe, GetClassName for handle 6162096 failed
E, 3504, 13, 2013/05/23, 19:32:52.610, 2949033338270, QTAgent32.exe, AL: Playback Error: Microsoft.VisualStudio.TestTools.UITest.Extension.UITestControlNotAvailableException: The control is not available or not valid. Additional Details: 
TechnologyName:  'MSAA'
Name:  'Ok'
ControlType:  'Button'
 ---&gt; Microsoft.VisualStudio.TestTools.UITest.Extension.UITestControlNotAvailableException: The control is not available or not valid. Additional Details: 
TechnologyName:  'MSAA'
Name:  'Transaction to insert'
ClassName:  'TfSelectItem'
ControlType:  'Window'
 ---&gt; System.Runtime.InteropServices.COMException: Error HRESULT E_FAIL has been returned from a call to a COM component.
   at Microsoft.VisualStudio.TestTools.UITest.Playback.Engine.IRPFPlayback.FindAllScreenElements(IScreenElement pScreenElementStart, String bstrQueryId, Object&amp; pvarResKeys, Int32 cResKeys, Int32 nMaxDepth, Object[]&amp; foundDescendants)
   at Microsoft.VisualStudio.TestTools.UITest.Playback.ScreenElement.FindTopLevelWindowHelper(String queryId)
   at Microsoft.VisualStudio.TestTools.UITest.Playback.ScreenElement.FindFromPartialQueryId(String queryId)
   at Microsoft.VisualStudio.TestTools.UITesting.UITestControl.EnsureValid(Boolean waitForReady, Boolean refetch)
   --- End of inner exception stack trace ---
   at Microsoft.VisualStudio.TestTools.UITesting.UITestControl.EnsureValid(Boolean waitForReady, Boolean refetch)
   at Microsoft.VisualStudio.TestTools.UITesting.UITestControl.FindFirstDescendant(String queryId, Int32 maxDepth, Int32&amp; timeLeft)
   at Microsoft.VisualStudio.TestTools.UITesting.UITestControl.FindFirstDescendant(String queryId)
   at Microsoft.VisualStudio.TestTools.UITesting.UITestControl.EnsureValid(Boolean waitForReady, Boolean refetch)
   --- End of inner exception stack trace ---
   at Microsoft.VisualStudio.TestTools.UITesting.UITestControl.EnsureValid(Boolean waitForReady, Boolean refetch)
   at Microsoft.VisualStudio.TestTools.UITesting.UITestControl.Click(MouseButtons button, ModifierKeys modifierKeys, Point relativeCoordinates)
   at Microsoft.VisualStudio.TestTools.UITesting.Mouse.ClickImplementation(UITestControl control, MouseButtons button, ModifierKeys modifierKeys, Point relativeCoordinate)
   at Microsoft.VisualStudio.TestTools.UITesting.Mouse.ClickImplementationWrapper(UITestControl control, MouseButtons button, ModifierKeys modifierKeys, Point relativeCoordinate)
W, 3504, 13, 2013/05/23, 19:32:52.610, 2949033341589, QTAgent32.exe, PlaybackErrorHandler: Ignoring exception as ContinueOnError is set.
W, 3504, 13, 2013/05/23, 19:32:54.779, 2949064404072, QTAgent32.exe, &lt;a class=success&gt;Playback - {114} [SUCCESS] MouseButtonClick - "[MSAA, VisibleOnly]ControlType='Button' &amp;&amp; Name='OK'"
\0&lt;/a&gt;
W, 3504, 13, 2013/05/23, 19:32:55.091, 2949068863311, QTAgent32.exe, &lt;a class=success&gt;Playback - {115} [SUCCESS] MouseButtonClick - "[MSAA, VisibleOnly]ControlType='Button' &amp;&amp; Name='Cancel'"
\0&lt;/a&gt;
W, 3504, 13, 2013/05/23, 19:32:55.533, 2949075196343, QTAgent32.exe, &lt;a class=success&gt;Playback - {116} [SUCCESS] MouseButtonClick - "[MSAA, VisibleOnly]ControlType='Button'"
\0&lt;/a&gt;
W, 3504, 13, 2013/05/23, 19:32:55.780, 2949078733168, QTAgent32.exe, &lt;a class=success&gt;Playback - {117} [SUCCESS] MouseButtonClick - "[MSAA, VisibleOnly]ControlType='Button' &amp;&amp; Name='Detail'"
\0&lt;/a&gt;
W, 3504, 13, 2013/05/23, 19:32:56.328, 2949086577391, QTAgent32.exe, &lt;a class=success&gt;Playback - {118} [SUCCESS] MouseButtonClick - "[MSAA, VisibleOnly]ControlType='Edit'"
\0&lt;/a&gt;
E, 3504, 13, 2013/05/23, 19:32:59.385, 2949130341065, QTAgent32.exe, IEDOM : Could not get valid window handle of Internet Explorer_server
W, 3504, 13, 2013/05/23, 19:32:59.385, 2949130343209, QTAgent32.exe, IEDOM : Unable to get the document Window Handle
W, 3504, 13, 2013/05/23, 19:33:04.298, 2949200698066, QTAgent32.exe, Playback - [WARNING] Internal warning: Window Not Found: [VisibleOnly]ControlType='Window' &amp;&amp; Name='Connect to www.insur-econnect.com'
\0
E, 3504, 13, 2013/05/23, 19:33:04.299, 2949200701628, QTAgent32.exe, &lt;a class=failure&gt;Playback - {119} [FAILED] Function ElementFetcher::FindScreenElement failed to locate UI element (Searching: ;[VisibleOnly]ControlType='Window' &amp;&amp; Name='Connect to www.insur-econnect.com') (The object specified was not found.)
\0&lt;/a&gt;
E, 3504, 13, 2013/05/23, 19:33:04.436, 2949202667261, QTAgent32.exe, Playback - [IMAGE] C:\Users\testuser\AppData\Local\Temp\UITestLogs\LastRun\RPFF44B.png
\0
W, 3504, 13, 2013/05/23, 19:33:04.436, 2949202669720, QTAgent32.exe, Playback - [WARNING] Internal warning: Couldn't find descendants that match QueryId
\0
W, 3504, 13, 2013/05/23, 19:33:04.436, 2949202672530, QTAgent32.exe, PERF WARNING: FindTopLevelWindowHelper::FindAllDescendents: took 1977 ms. Expected it to take maximum 500 ms.
W, 3504, 13, 2013/05/23, 19:33:22.682, 2949463921774, QTAgent32.exe, Playback - [WARNING] Internal warning: Window Not Found: [VisibleOnly]ControlType='Window' &amp;&amp; Name='Connect to www.insur-econnect.com'
\0
E, 3504, 13, 2013/05/23, 19:33:22.682, 2949463926063, QTAgent32.exe, &lt;a class=failure&gt;Playback - {120} [FAILED] Function ElementFetcher::FindScreenElement failed to locate UI element (Searching: ;[VisibleOnly]ControlType='Window' &amp;&amp; Name='Connect to www.insur-econnect.com') (The object specified was not found.)
\0&lt;/a&gt;
E, 3504, 13, 2013/05/23, 19:33:22.761, 2949465057337, QTAgent32.exe, Playback - [IMAGE] C:\Users\testuser\AppData\Local\Temp\UITestLogs\LastRun\RPF3C15.png
\0
W, 3504, 13, 2013/05/23, 19:33:22.761, 2949465060035, QTAgent32.exe, Playback - [WARNING] Internal warning: Couldn't find descendants that match QueryId
\0
W, 3504, 13, 2013/05/23, 19:33:22.762, 2949465065482, QTAgent32.exe, PERF WARNING: FindTopLevelWindowHelper::FindAllDescendents: took 18325 ms. Expected it to take maximum 500 ms.
W, 3504, 13, 2013/05/23, 19:33:23.256, 2949472140510, QTAgent32.exe, Playback - [WARNING] Internal warning: Smart Match failed
\0
W, 3504, 13, 2013/05/23, 19:33:23.731, 2949478932269, QTAgent32.exe, Playback - [WARNING] Internal warning: Smart Match failed
\0
W, 3504, 13, 2013/05/23, 19:33:24.190, 2949485503821, QTAgent32.exe, Playback - [WARNING] Internal warning: Smart Match failed
\0
W, 3504, 13, 2013/05/23, 19:33:24.688, 2949492647172, QTAgent32.exe, Playback - [WARNING] Internal warning: Smart Match failed
\0
W, 3504, 13, 2013/05/23, 19:33:25.169, 2949499533370, QTAgent32.exe, Playback - [WARNING] Internal warning: Smart Match failed
\0
W, 3504, 13, 2013/05/23, 19:33:25.784, 2949508333472, QTAgent32.exe, Playback - [WARNING] Internal warning: Smart Match failed
\0
W, 3504, 13, 2013/05/23, 19:33:26.137, 2949513395804, QTAgent32.exe, Playback - [WARNING] Internal warning: Window Not Found: [VisibleOnly]ControlType='Window' &amp;&amp; Name='Connect to www.insur-econnect.com'
\0
E, 3504, 13, 2013/05/23, 19:33:26.138, 2949513400001, QTAgent32.exe, &lt;a class=failure&gt;Playback - {121} [FAILED] Function ElementFetcher::FindScreenElement failed to locate UI element (Searching: ;[VisibleOnly]ControlType='Window' &amp;&amp; Name='Connect to www.insur-econnect.com') (The object specified was not found.)
\0&lt;/a&gt;
E, 3504, 13, 2013/05/23, 19:33:26.219, 2949514560936, QTAgent32.exe, Playback - [IMAGE] C:\Users\testuser\AppData\Local\Temp\UITestLogs\LastRun\RPF499D.png
\0
W, 3504, 13, 2013/05/23, 19:33:26.219, 2949514563280, QTAgent32.exe, Playback - [WARNING] Internal warning: Couldn't find descendants that match QueryId
\0
W, 3504, 13, 2013/05/23, 19:33:26.219, 2949514566914, QTAgent32.exe, PERF WARNING: FindTopLevelWindowHelper::FindAllDescendents: took 3456 ms. Expected it to take maximum 500 ms.
E, 3504, 13, 2013/05/23, 19:33:26.219, 2949514568816, QTAgent32.exe, Exception: System.Runtime.InteropServices.COMException
	Message: Error HRESULT E_FAIL has been returned from a call to a COM component.
	Stack Trace:    at Microsoft.VisualStudio.TestTools.UITest.Playback.Engine.IRPFPlayback.FindAllScreenElements(IScreenElement pScreenElementStart, String bstrQueryId, Object&amp; pvarResKeys, Int32 cResKeys, Int32 nMaxDepth, Object[]&amp; foundDescendants)
   at Microsoft.VisualStudio.TestTools.UITest.Playback.ScreenElement.FindTopLevelWindowHelper(String queryId)
	BaseExceptionMessage: Error HRESULT E_FAIL has been returned from a call to a COM component.

W, 3504, 13, 2013/05/23, 19:33:27.936, 2949539142778, QTAgent32.exe, Playback - [WARNING] Internal warning: Window Not Found: [VisibleOnly]ControlType='Window' &amp;&amp; Name='Windows Security'
\0
E, 3504, 13, 2013/05/23, 19:33:27.936, 2949539146414, QTAgent32.exe, &lt;a class=failure&gt;Playback - {122} [FAILED] Function ElementFetcher::FindScreenElement failed to locate UI element (Searching: ;[VisibleOnly]ControlType='Window' &amp;&amp; Name='Windows Security') (The object specified was not found.)
\0&lt;/a&gt;
E, 3504, 13, 2013/05/23, 19:33:28.019, 2949540334057, QTAgent32.exe, Playback - [IMAGE] C:\Users\testuser\AppData\Local\Temp\UITestLogs\LastRun\RPF50A0.png
\0
W, 3504, 13, 2013/05/23, 19:33:28.019, 2949540336632, QTAgent32.exe, Playback - [WARNING] Internal warning: Couldn't find descendants that match QueryId
\0
W, 3504, 13, 2013/05/23, 19:33:28.019, 2949540339462, QTAgent32.exe, PERF WARNING: FindTopLevelWindowHelper::FindAllDescendents: took 1799 ms. Expected it to take maximum 500 ms.
W, 3504, 13, 2013/05/23, 19:33:46.496, 2949804891269, QTAgent32.exe, Playback - [WARNING] Internal warning: Window Not Found: [VisibleOnly]ControlType='Window' &amp;&amp; Name='Windows Security'
\0
E, 3504, 13, 2013/05/23, 19:33:46.496, 2949804895658, QTAgent32.exe, &lt;a class=failure&gt;Playback - {123} [FAILED] Function ElementFetcher::FindScreenElement failed to locate UI element (Searching: ;[VisibleOnly]ControlType='Window' &amp;&amp; Name='Windows Security') (The object specified was not found.)
\0&lt;/a&gt;
E, 3504, 13, 2013/05/23, 19:33:46.583, 2949806131280, QTAgent32.exe, Playback - [IMAGE] C:\Users\testuser\AppData\Local\Temp\UITestLogs\LastRun\RPF9925.png
\0
W, 3504, 13, 2013/05/23, 19:33:46.583, 2949806133607, QTAgent32.exe, Playback - [WARNING] Internal warning: Couldn't find descendants that match QueryId
\0
W, 3504, 13, 2013/05/23, 19:33:46.583, 2949806137046, QTAgent32.exe, PERF WARNING: FindTopLevelWindowHelper::FindAllDescendents: took 18563 ms. Expected it to take maximum 500 ms.
W, 3504, 13, 2013/05/23, 19:33:47.096, 2949813477030, QTAgent32.exe, Playback - [WARNING] Internal warning: Smart Match failed
\0
W, 3504, 13, 2013/05/23, 19:33:47.576, 2949820354278, QTAgent32.exe, Playback - [WARNING] Internal warning: Smart Match failed
\0
W, 3504, 13, 2013/05/23, 19:33:48.044, 2949827048684, QTAgent32.exe, Playback - [WARNING] Internal warning: Smart Match failed
\0
W, 3504, 13, 2013/05/23, 19:33:48.495, 2949833518048, QTAgent32.exe, Playback - [WARNING] Internal warning: Smart Match failed
\0
W, 3504, 13, 2013/05/23, 19:33:48.943, 2949839922485, QTAgent32.exe, Playback - [WARNING] Internal warning: Smart Match failed
\0
W, 3504, 13, 2013/05/23, 19:33:49.400, 2949846476447, QTAgent32.exe, Playback - [WARNING] Internal warning: Smart Match failed
\0
W, 3504, 13, 2013/05/23, 19:33:49.763, 2949851674546, QTAgent32.exe, Playback - [WARNING] Internal warning: Window Not Found: [VisibleOnly]ControlType='Window' &amp;&amp; Name='Windows Security'
\0
E, 3504, 13, 2013/05/23, 19:33:49.763, 2949851678318, QTAgent32.exe, &lt;a class=failure&gt;Playback - {124} [FAILED] Function ElementFetcher::FindScreenElement failed to locate UI element (Searching: ;[VisibleOnly]ControlType='Window' &amp;&amp; Name='Windows Security') (The object specified was not found.)
\0&lt;/a&gt;
E, 3504, 13, 2013/05/23, 19:33:49.851, 2949852934468, QTAgent32.exe, Playback - [IMAGE] C:\Users\testuser\AppData\Local\Temp\UITestLogs\LastRun\RPFA5E2.png
\0
W, 3504, 13, 2013/05/23, 19:33:49.851, 2949852936714, QTAgent32.exe, Playback - [WARNING] Internal warning: Couldn't find descendants that match QueryId
\0
W, 3504, 13, 2013/05/23, 19:33:49.852, 2949852940176, QTAgent32.exe, PERF WARNING: FindTopLevelWindowHelper::FindAllDescendents: took 3268 ms. Expected it to take maximum 500 ms.
E, 3504, 13, 2013/05/23, 19:33:49.852, 2949852942018, QTAgent32.exe, Exception: System.Runtime.InteropServices.COMException
	Message: Error HRESULT E_FAIL has been returned from a call to a COM component.
	Stack Trace:    at Microsoft.VisualStudio.TestTools.UITest.Playback.Engine.IRPFPlayback.FindAllScreenElements(IScreenElement pScreenElementStart, String bstrQueryId, Object&amp; pvarResKeys, Int32 cResKeys, Int32 nMaxDepth, Object[]&amp; foundDescendants)
   at Microsoft.VisualStudio.TestTools.UITest.Playback.ScreenElement.FindTopLevelWindowHelper(String queryId)
	BaseExceptionMessage: Error HRESULT E_FAIL has been returned from a call to a COM component.

E, 3504, 13, 2013/05/23, 19:33:49.953, 2949854391053, QTAgent32.exe, AL: Playback Error: Microsoft.VisualStudio.TestTools.UITest.Extension.UITestControlNotFoundException: The playback failed to find the control with the given search properties. Additional Details: 
TechnologyName:  'MSAA'
ControlType:  'Window'
Name:  'Windows Security'
 ---&gt; System.Runtime.InteropServices.COMException: Error HRESULT E_FAIL has been returned from a call to a COM component.
   at Microsoft.VisualStudio.TestTools.UITest.Playback.Engine.IRPFPlayback.FindAllScreenElements(IScreenElement pScreenElementStart, String bstrQueryId, Object&amp; pvarResKeys, Int32 cResKeys, Int32 nMaxDepth, Object[]&amp; foundDescendants)
   at Microsoft.VisualStudio.TestTools.UITest.Playback.ScreenElement.FindTopLevelWindowHelper(String queryId)
   at Microsoft.VisualStudio.TestTools.UITest.Playback.ScreenElement.FindFromPartialQueryId(String queryId)
   at Microsoft.VisualStudio.TestTools.UITesting.UITestControl..ctor(String queryId)
   --- End of inner exception stack trace ---
   at Microsoft.VisualStudio.TestTools.UITesting.Playback.MapControlNotFoundException(COMException ex, IPlaybackContext context)
   at Microsoft.VisualStudio.TestTools.UITesting.Playback.MapAndThrowComException(COMException innerException, IPlaybackContext context)
   at Microsoft.VisualStudio.TestTools.UITesting.Playback.MapAndThrowException(SystemException exception, IPlaybackContext context)
   at Microsoft.VisualStudio.TestTools.UITesting.Playback.MapAndThrowException(SystemException exception, String queryId)
   at Microsoft.VisualStudio.TestTools.UITesting.UITestControl..ctor(String queryId)
   at Microsoft.VisualStudio.TestTools.UITesting.SearchHelper.SearchTopLevelWindow(ISearchArgument topLevelSearchArg, String topLevelElementQueryId)
   at Microsoft.VisualStudio.TestTools.UITesting.SearchHelper.GetTitleUpdatedTopLevelWindow(ISearchArgument topLevelSearchArg, String queryId, IList`1 windowTitles)
   at Microsoft.VisualStudio.TestTools.UITesting.SearchHelper.GetTopLevelElement(Boolean useCache, Boolean useCacheOnly, ISearchArgument searchArg, IList`1 windowTitles, Int32&amp; timeLeft)
   at Microsoft.VisualStudio.TestTools.UITesting.SearchHelper.GetElement(Boolean useCache, ISearchArgument searchArg)
   at Microsoft.VisualStudio.TestTools.UITesting.SearchHelper.Search(ISearchArgument searchArg)
   at Microsoft.VisualStudio.TestTools.UITesting.UITestControl.FindInternal()
   at Microsoft.VisualStudio.TestTools.UITesting.UITestControl.FindControlIfNecessary()
   at Microsoft.VisualStudio.TestTools.UITesting.UITestControl.SendKeys(String text, ModifierKeys modifierKeys, Boolean isEncoded, Boolean isUnicode)
   at Microsoft.VisualStudio.TestTools.UITesting.Keyboard.SendKeysImplementation(UITestControl control, String text, ModifierKeys modifierKeys, Boolean isEncoded, Boolean isUnicode)
   at Microsoft.VisualStudio.TestTools.UITesting.Keyboard.SendKeysImplementationWrapper(UITestControl control, String text, ModifierKeys modifierKeys, Boolean isEncoded, Boolean isUnicode)
W, 3504, 13, 2013/05/23, 19:33:49.962, 2949854528403, QTAgent32.exe, PlaybackErrorHandler: Ignoring exception as ContinueOnError is set.
W, 3504, 13, 2013/05/23, 19:33:51.763, 2949880300634, QTAgent32.exe, Playback - [WARNING] Internal warning: Window Not Found: [VisibleOnly]ControlType='Window' &amp;&amp; Name='Windows Security'
\0
E, 3504, 13, 2013/05/23, 19:33:51.763, 2949880304166, QTAgent32.exe, &lt;a class=failure&gt;Playback - {125} [FAILED] Function ElementFetcher::FindScreenElement failed to locate UI element (Searching: ;[VisibleOnly]ControlType='Window' &amp;&amp; Name='Windows Security') (The object specified was not found.)
\0&lt;/a&gt;
E, 3504, 13, 2013/05/23, 19:33:51.846, 2949881489697, QTAgent32.exe, Playback - [IMAGE] C:\Users\testuser\AppData\Local\Temp\UITestLogs\LastRun\RPFADB0.png
\0
W, 3504, 13, 2013/05/23, 19:33:51.846, 2949881492190, QTAgent32.exe, Playback - [WARNING] Internal warning: Couldn't find descendants that match QueryId
\0
W, 3504, 13, 2013/05/23, 19:33:51.846, 2949881495695, QTAgent32.exe, PERF WARNING: FindTopLevelWindowHelper::FindAllDescendents: took 1882 ms. Expected it to take maximum 500 ms.
W, 3504, 13, 2013/05/23, 19:34:09.904, 2950140049277, QTAgent32.exe, Playback - [WARNING] Internal warning: Window Not Found: [VisibleOnly]ControlType='Window' &amp;&amp; Name='Windows Security'
\0
E, 3504, 13, 2013/05/23, 19:34:09.904, 2950140054871, QTAgent32.exe, &lt;a class=failure&gt;Playback - {126} [FAILED] Function ElementFetcher::FindScreenElement failed to locate UI element (Searching: ;[VisibleOnly]ControlType='Window' &amp;&amp; Name='Windows Security') (The object specified was not found.)
\0&lt;/a&gt;
E, 3504, 13, 2013/05/23, 19:34:09.981, 2950141162295, QTAgent32.exe, Playback - [IMAGE] C:\Users\testuser\AppData\Local\Temp\UITestLogs\LastRun\RPFF490.png
\0
W, 3504, 13, 2013/05/23, 19:34:09.981, 2950141164629, QTAgent32.exe, Playback - [WARNING] Internal warning: Couldn't find descendants that match QueryId
\0
W, 3504, 13, 2013/05/23, 19:34:09.982, 2950141171114, QTAgent32.exe, PERF WARNING: FindTopLevelWindowHelper::FindAllDescendents: took 18135 ms. Expected it to take maximum 500 ms.
W, 3504, 13, 2013/05/23, 19:34:10.479, 2950148279997, QTAgent32.exe, Playback - [WARNING] Internal warning: Smart Match failed
\0
W, 3504, 13, 2013/05/23, 19:34:10.966, 2950155249923, QTAgent32.exe, Playback - [WARNING] Internal warning: Smart Match failed
\0
W, 3504, 13, 2013/05/23, 19:34:11.443, 2950162091364, QTAgent32.exe, Playback - [WARNING] Internal warning: Smart Match failed
\0
W, 3504, 13, 2013/05/23, 19:34:11.942, 2950169231176, QTAgent32.exe, Playback - [WARNING] Internal warning: Smart Match failed
\0
W, 3504, 13, 2013/05/23, 19:34:12.423, 2950176113760, QTAgent32.exe, Playback - [WARNING] Internal warning: Smart Match failed
\0
W, 3504, 13, 2013/05/23, 19:34:12.923, 2950183284500, QTAgent32.exe, Playback - [WARNING] Internal warning: Smart Match failed
\0
W, 3504, 13, 2013/05/23, 19:34:13.258, 2950188079832, QTAgent32.exe, Playback - [WARNING] Internal warning: Window Not Found: [VisibleOnly]ControlType='Window' &amp;&amp; Name='Windows Security'
\0
E, 3504, 13, 2013/05/23, 19:34:13.258, 2950188082869, QTAgent32.exe, &lt;a class=failure&gt;Playback - {127} [FAILED] Function ElementFetcher::FindScreenElement failed to locate UI element (Searching: ;[VisibleOnly]ControlType='Window' &amp;&amp; Name='Windows Security') (The object specified was not found.)
\0&lt;/a&gt;
E, 3504, 13, 2013/05/23, 19:34:13.338, 2950189228692, QTAgent32.exe, Playback - [IMAGE] C:\Users\testuser\AppData\Local\Temp\UITestLogs\LastRun\RPF1AB.png
\0
W, 3504, 13, 2013/05/23, 19:34:13.339, 2950189231276, QTAgent32.exe, Playback - [WARNING] Internal warning: Couldn't find descendants that match QueryId
\0
W, 3504, 13, 2013/05/23, 19:34:13.339, 2950189235308, QTAgent32.exe, PERF WARNING: FindTopLevelWindowHelper::FindAllDescendents: took 3356 ms. Expected it to take maximum 500 ms.
E, 3504, 13, 2013/05/23, 19:34:13.339, 2950189237635, QTAgent32.exe, Exception: System.Runtime.InteropServices.COMException
	Message: Error HRESULT E_FAIL has been returned from a call to a COM component.
	Stack Trace:    at Microsoft.VisualStudio.TestTools.UITest.Playback.Engine.IRPFPlayback.FindAllScreenElements(IScreenElement pScreenElementStart, String bstrQueryId, Object&amp; pvarResKeys, Int32 cResKeys, Int32 nMaxDepth, Object[]&amp; foundDescendants)
   at Microsoft.VisualStudio.TestTools.UITest.Playback.ScreenElement.FindTopLevelWindowHelper(String queryId)
	BaseExceptionMessage: Error HRESULT E_FAIL has been returned from a call to a COM component.

E, 3504, 13, 2013/05/23, 19:34:13.440, 2950190687053, QTAgent32.exe, AL: Playback Error: Microsoft.VisualStudio.TestTools.UITest.Extension.UITestControlNotFoundException: The playback failed to find the control with the given search properties. Additional Details: 
TechnologyName:  'MSAA'
ControlType:  'Window'
Name:  'Windows Security'
 ---&gt; System.Runtime.InteropServices.COMException: Error HRESULT E_FAIL has been returned from a call to a COM component.
   at Microsoft.VisualStudio.TestTools.UITest.Playback.Engine.IRPFPlayback.FindAllScreenElements(IScreenElement pScreenElementStart, String bstrQueryId, Object&amp; pvarResKeys, Int32 cResKeys, Int32 nMaxDepth, Object[]&amp; foundDescendants)
   at Microsoft.VisualStudio.TestTools.UITest.Playback.ScreenElement.FindTopLevelWindowHelper(String queryId)
   at Microsoft.VisualStudio.TestTools.UITest.Playback.ScreenElement.FindFromPartialQueryId(String queryId)
   at Microsoft.VisualStudio.TestTools.UITesting.UITestControl..ctor(String queryId)
   --- End of inner exception stack trace ---
   at Microsoft.VisualStudio.TestTools.UITesting.Playback.MapControlNotFoundException(COMException ex, IPlaybackContext context)
   at Microsoft.VisualStudio.TestTools.UITesting.Playback.MapAndThrowComException(COMException innerException, IPlaybackContext context)
   at Microsoft.VisualStudio.TestTools.UITesting.Playback.MapAndThrowException(SystemException exception, IPlaybackContext context)
   at Microsoft.VisualStudio.TestTools.UITesting.Playback.MapAndThrowException(SystemException exception, String queryId)
   at Microsoft.VisualStudio.TestTools.UITesting.UITestControl..ctor(String queryId)
   at Microsoft.VisualStudio.TestTools.UITesting.SearchHelper.SearchTopLevelWindow(ISearchArgument topLevelSearchArg, String topLevelElementQueryId)
   at Microsoft.VisualStudio.TestTools.UITesting.SearchHelper.GetTitleUpdatedTopLevelWindow(ISearchArgument topLevelSearchArg, String queryId, IList`1 windowTitles)
   at Microsoft.VisualStudio.TestTools.UITesting.SearchHelper.GetTopLevelElement(Boolean useCache, Boolean useCacheOnly, ISearchArgument searchArg, IList`1 windowTitles, Int32&amp; timeLeft)
   at Microsoft.VisualStudio.TestTools.UITesting.SearchHelper.GetElement(Boolean useCache, ISearchArgument searchArg)
   at Microsoft.VisualStudio.TestTools.UITesting.SearchHelper.Search(ISearchArgument searchArg)
   at Microsoft.VisualStudio.TestTools.UITesting.UITestControl.FindInternal()
   at Microsoft.VisualStudio.TestTools.UITesting.UITestControl.FindControlIfNecessary()
   at Microsoft.VisualStudio.TestTools.UITesting.UITestControl.Click(MouseButtons button, ModifierKeys modifierKeys, Point relativeCoordinates)
   at Microsoft.VisualStudio.TestTools.UITesting.Mouse.ClickImplementation(UITestControl control, MouseButtons button, ModifierKeys modifierKeys, Point relativeCoordinate)
   at Microsoft.VisualStudio.TestTools.UITesting.Mouse.ClickImplementationWrapper(UITestControl control, MouseButtons button, ModifierKeys modifierKeys, Point relativeCoordinate)
W, 3504, 13, 2013/05/23, 19:34:13.441, 2950190691470, QTAgent32.exe, PlaybackErrorHandler: Ignoring exception as ContinueOnError is set.
W, 3504, 13, 2013/05/23, 19:34:14.547, 2950206528626, QTAgent32.exe, &lt;a class=success&gt;Playback - {128} [SUCCESS] MouseButtonClick - "[Web]ControlType='Hyperlink' &amp;&amp; TagName='A' &amp;&amp; Id='' &amp;&amp; Name='' &amp;&amp; Target='' &amp;&amp; InnerText='Renewals Maintenance' &amp;&amp; FilterCondition(AbsolutePath='/sysmaint/content/leftbar.asp', Title='', Href='https://www.insur-econnect.com/sysmaint/content/leftbar.asp#', Class='', ControlDefinition='style="COLOR: white" href="#"', TagInstance='39')"
\0&lt;/a&gt;
W, 3504, 13, 2013/05/23, 19:34:15.082, 2950214195190, QTAgent32.exe, &lt;a class=success&gt;Playback - {129} [SUCCESS] MouseButtonClick - "[Web]ControlType='Hyperlink' &amp;&amp; TagName='A' &amp;&amp; Id='' &amp;&amp; Name='' &amp;&amp; Target='content' &amp;&amp; InnerText='Create a Household Test Renewal Invitation' &amp;&amp; FilterCondition(AbsolutePath='/sysmaint/content/AddHouseholdTestRenewalNotice.asp', Title='', Href='https://www.insur-econnect.com/sysmaint/content/AddHouseholdTestRenewalNotice.asp', Class='itemlink', ControlDefinition='class=itemlink href="AddHouseholdTestRen', TagInstance='2')"
\0&lt;/a&gt;
E, 3504, 13, 2013/05/23, 19:34:17.167, 2950244053783, QTAgent32.exe, Exception: System.NotSupportedException
	Message: Internal Error: This method on IEWebControlElement should not get called.
	Stack Trace:    at Microsoft.VisualStudio.TestTools.UITest.Extension.IE.BrowserOptionElementNode.InvokeProgrammaticAction(ProgrammaticActionOption programmaticActionOption)
	BaseExceptionMessage: Internal Error: This method on IEWebControlElement should not get called.

W, 3504, 13, 2013/05/23, 19:34:17.395, 2950247314787, QTAgent32.exe, &lt;a class=success&gt;Playback - {130} [SUCCESS] SetValueAsComboBox "Covea Insurance plc (formerly MMA)" - "[Web]ControlType='ComboBox' &amp;&amp; TagName='SELECT' &amp;&amp; Id='InsurerID' &amp;&amp; Name='InsurerID' &amp;&amp; FilterCondition(Size='0', LabeledBy='', Title='', ItemCount='54', Class='', ControlDefinition='id=InsurerID onchange=selectInsurer() na', TagInstance='1')"  &lt; SetValueAsComboBox, set by clicking on the item in the list box &gt;
\0&lt;/a&gt;
W, 3504, 13, 2013/05/23, 19:34:18.285, 2950260054454, QTAgent32.exe, &lt;a class=success&gt;Playback - {131} [SUCCESS] SetValueAsEditBox "81588888001769" - "[Web]ControlType='Edit' &amp;&amp; TagName='INPUT' &amp;&amp; Id='' &amp;&amp; Name='txtPolicyNumber' &amp;&amp; LabeledBy='' &amp;&amp; Type='SINGLELINE' &amp;&amp; FilterCondition(Title='', Class='', ControlDefinition='onchange=enableButtons() name=txtPolicyN', TagInstance='1')"  &lt; Set via SendKeys &gt;
\0&lt;/a&gt;
W, 3504, 13, 2013/05/23, 19:34:18.562, 2950264012126, QTAgent32.exe, &lt;a class=success&gt;Playback - {132} [SUCCESS] SendKeys "^{HOME}" - "[Web]ControlType='Edit' &amp;&amp; TagName='INPUT' &amp;&amp; Id='' &amp;&amp; Name='txtRenewalDate' &amp;&amp; LabeledBy='' &amp;&amp; Type='SINGLELINE' &amp;&amp; FilterCondition(Title='', Class='', ControlDefinition='onchange=enableButtons() name=txtRenewal', TagInstance='2')"
\0&lt;/a&gt;
E, 3504, 13, 2013/05/23, 19:34:18.562, 2950264015594, QTAgent32.exe, Msaa.GetFocusedElement: could not find accessible object of foreground window
W, 3504, 13, 2013/05/23, 19:34:18.720, 2950266273900, QTAgent32.exe, &lt;a class=success&gt;Playback - {133} [SUCCESS] SendKeys "^+{END}" - "[Web]ControlType='Edit' &amp;&amp; TagName='INPUT' &amp;&amp; Id='' &amp;&amp; Name='txtRenewalDate' &amp;&amp; LabeledBy='' &amp;&amp; Type='SINGLELINE' &amp;&amp; FilterCondition(Title='', Class='', ControlDefinition='onchange=enableButtons() name=txtRenewal', TagInstance='2')"
\0&lt;/a&gt;
E, 3504, 13, 2013/05/23, 19:34:18.720, 2950266276808, QTAgent32.exe, Msaa.GetFocusedElement: could not find accessible object of foreground window
W, 3504, 13, 2013/05/23, 19:34:18.813, 2950267606978, QTAgent32.exe, &lt;a class=success&gt;Playback - {134} [SUCCESS] SendKeys "{DELETE}" - "[Web]ControlType='Edit' &amp;&amp; TagName='INPUT' &amp;&amp; Id='' &amp;&amp; Name='txtRenewalDate' &amp;&amp; LabeledBy='' &amp;&amp; Type='SINGLELINE' &amp;&amp; FilterCondition(Title='', Class='', ControlDefinition='onchange=enableButtons() name=txtRenewal', TagInstance='2')"
\0&lt;/a&gt;
W, 3504, 13, 2013/05/23, 19:34:19.107, 2950271827439, QTAgent32.exe, &lt;a class=success&gt;Playback - {135} [SUCCESS] SetValueAsEditBox "30/05/2013" - "[Web]ControlType='Edit' &amp;&amp; TagName='INPUT' &amp;&amp; Id='' &amp;&amp; Name='txtRenewalDate' &amp;&amp; LabeledBy='' &amp;&amp; Type='SINGLELINE' &amp;&amp; FilterCondition(Title='', Class='', ControlDefinition='onchange=enableButtons() name=txtRenewal', TagInstance='2')"  &lt; Set via SendKeys &gt;
\0&lt;/a&gt;
W, 3504, 13, 2013/05/23, 19:34:19.349, 2950275290271, QTAgent32.exe, &lt;a class=success&gt;Playback - {136} [SUCCESS] SendKeys "^{HOME}" - "[Web]ControlType='Edit' &amp;&amp; TagName='INPUT' &amp;&amp; Id='' &amp;&amp; Name='txtAutoLapseDate' &amp;&amp; LabeledBy='' &amp;&amp; Type='SINGLELINE' &amp;&amp; FilterCondition(Title='', Class='', ControlDefinition='onchange=enableButtons() name=txtAutoLap', TagInstance='4')"
\0&lt;/a&gt;
E, 3504, 13, 2013/05/23, 19:34:19.350, 2950275293701, QTAgent32.exe, Msaa.GetFocusedElement: could not find accessible object of foreground window
W, 3504, 13, 2013/05/23, 19:34:19.554, 2950278222024, QTAgent32.exe, &lt;a class=success&gt;Playback - {137} [SUCCESS] SendKeys "^+{END}" - "[Web]ControlType='Edit' &amp;&amp; TagName='INPUT' &amp;&amp; Id='' &amp;&amp; Name='txtAutoLapseDate' &amp;&amp; LabeledBy='' &amp;&amp; Type='SINGLELINE' &amp;&amp; FilterCondition(Title='', Class='', ControlDefinition='onchange=enableButtons() name=txtAutoLap', TagInstance='4')"
\0&lt;/a&gt;
E, 3504, 13, 2013/05/23, 19:34:19.554, 2950278225213, QTAgent32.exe, Msaa.GetFocusedElement: could not find accessible object of foreground window
W, 3504, 13, 2013/05/23, 19:34:19.584, 2950278655519, QTAgent32.exe, &lt;a class=success&gt;Playback - {138} [SUCCESS] SendKeys "{DELETE}" - "[Web]ControlType='Edit' &amp;&amp; TagName='INPUT' &amp;&amp; Id='' &amp;&amp; Name='txtAutoLapseDate' &amp;&amp; LabeledBy='' &amp;&amp; Type='SINGLELINE' &amp;&amp; FilterCondition(Title='', Class='', ControlDefinition='onchange=enableButtons() name=txtAutoLap', TagInstance='4')"
\0&lt;/a&gt;
W, 3504, 13, 2013/05/23, 19:34:19.862, 2950282636660, QTAgent32.exe, &lt;a class=success&gt;Playback - {139} [SUCCESS] SetValueAsEditBox "30/05/2013" - "[Web]ControlType='Edit' &amp;&amp; TagName='INPUT' &amp;&amp; Id='' &amp;&amp; Name='txtAutoLapseDate' &amp;&amp; LabeledBy='' &amp;&amp; Type='SINGLELINE' &amp;&amp; FilterCondition(Title='', Class='', ControlDefinition='onchange=enableButtons() name=txtAutoLap', TagInstance='4')"  &lt; Set via SendKeys &gt;
\0&lt;/a&gt;
W, 3504, 13, 2013/05/23, 19:34:20.158, 2950286872894, QTAgent32.exe, &lt;a class=success&gt;Playback - {140} [SUCCESS] MouseButtonClick - "[Web]ControlType='Edit' &amp;&amp; TagName='TEXTAREA' &amp;&amp; Id='' &amp;&amp; Name='txtClientXml' &amp;&amp; LabeledBy='' &amp;&amp; FilterCondition(Title='', Class='', ControlDefinition='onchange=enableButtons() wrap=off cols=5', TagInstance='1')"
\0&lt;/a&gt;
W, 3504, 13, 2013/05/23, 19:34:20.590, 2950293055068, QTAgent32.exe, &lt;a class=success&gt;Playback - {141} [SUCCESS] MouseButtonClick - "[Web]ControlType='Button' &amp;&amp; TagName='INPUT' &amp;&amp; Id='getXmlButton' &amp;&amp; Name='getXmlButton' &amp;&amp; FilterCondition(DisplayText='Get XML from Server', Type='button', Title='Click to get xml from server', Class='', ControlDefinition='id=getXmlButton title="Click to get xml ', TagInstance='5')"
\0&lt;/a&gt;
W, 3504, 13, 2013/05/23, 19:34:20.862, 2950296951527, QTAgent32.exe, &lt;a class=success&gt;Playback - {142} [SUCCESS] MouseButtonClick - "[Web]ControlType='Button' &amp;&amp; TagName='INPUT' &amp;&amp; Id='buttonCreate' &amp;&amp; Name='buttonCreate' &amp;&amp; FilterCondition(DisplayText='  Create Record  ', Type='button', Title='Click to create the new record', Class='', ControlDefinition='id=buttonCreate title="Click to create t', TagInstance='6')"
\0&lt;/a&gt;
W, 3504, 13, 2013/05/23, 19:34:23.336, 2950332370282, QTAgent32.exe, &lt;a class=success&gt;Playback - {143} [SUCCESS] MouseButtonClick - "[MSAA, VisibleOnly]ControlType='Button' &amp;&amp; Name='OK'"
\0&lt;/a&gt;
W, 3504, 13, 2013/05/23, 19:34:28.528, 2950406718066, QTAgent32.exe, &lt;a class=success&gt;Playback - {144} [SUCCESS] TypeString "%({F4})"
\0&lt;/a&gt;
W, 3504, 13, 2013/05/23, 19:34:28.877, 2950411719420, QTAgent32.exe, Msaa.MsaaElement() took more time. Total time taken 219 ms for element 6030846_0_[MSAA]ControlType='Client' &amp;&amp; ClassName='ThunderRT6UserControlDC'
W, 3504, 13, 2013/05/23, 19:34:29.500, 2950420634899, QTAgent32.exe, &lt;a class=success&gt;Playback - {145} [SUCCESS] SendKeys "^{HOME}" - "[MSAA, VisibleOnly]ControlType='Edit'"
\0&lt;/a&gt;
E, 3504, 13, 2013/05/23, 19:34:29.502, 2950420656251, QTAgent32.exe, Msaa.GetFocusedElement: could not find accessible object of foreground window
W, 3504, 13, 2013/05/23, 19:34:29.595, 2950421988303, QTAgent32.exe, &lt;a class=success&gt;Playback - {146} [SUCCESS] SendKeys "^+{END}" - "[MSAA, VisibleOnly]ControlType='Edit'"
\0&lt;/a&gt;
E, 3504, 13, 2013/05/23, 19:34:29.597, 2950422023497, QTAgent32.exe, Msaa.GetFocusedElement: could not find accessible object of foreground window
W, 3504, 13, 2013/05/23, 19:34:29.621, 2950422360103, QTAgent32.exe, &lt;a class=success&gt;Playback - {147} [SUCCESS] SendKeys "{DELETE}" - "[MSAA, VisibleOnly]ControlType='Edit'"
\0&lt;/a&gt;
W, 3504, 13, 2013/05/23, 19:34:30.248, 2950431344483, QTAgent32.exe, &lt;a class=success&gt;Playback - {148} [SUCCESS] SetValueAsEditBox "30/05/2012" - "[MSAA, VisibleOnly]ControlType='Edit'"  &lt; Set via SendKeys &gt;
\0&lt;/a&gt;
W, 3504, 13, 2013/05/23, 19:34:30.499, 2950434936881, QTAgent32.exe, &lt;a class=success&gt;Playback - {149} [SUCCESS] MouseButtonClick - "[MSAA, VisibleOnly]ControlType='Button' &amp;&amp; Name='OK'"
\0&lt;/a&gt;
W, 3504, 13, 2013/05/23, 19:34:31.002, 2950442141082, QTAgent32.exe, &lt;a class=success&gt;Playback - {150} [SUCCESS] MouseButtonClick - "[MSAA, VisibleOnly]ControlType='Client'"
\0&lt;/a&gt;
W, 3504, 13, 2013/05/23, 19:34:31.610, 2950450844562, QTAgent32.exe, &lt;a class=success&gt;Playback - {151} [SUCCESS] MouseButtonClick - "[MSAA, VisibleOnly]ControlType='Client'"
\0&lt;/a&gt;
W, 3504, 13, 2013/05/23, 19:34:33.311, 2950475198979, QTAgent32.exe, &lt;a class=success&gt;Playback - {152} [SUCCESS] SetValueAsEditBox "AUTO207" - "[MSAA, VisibleOnly]ControlType='Edit'"  &lt; Set via SendKeys &gt;
\0&lt;/a&gt;
W, 3504, 13, 2013/05/23, 19:34:33.889, 2950483466065, QTAgent32.exe, &lt;a class=success&gt;Playback - {153} [SUCCESS] SetValueAsEditBox "-1001" - "[MSAA, VisibleOnly]ControlType='Edit'"  &lt; Set via SendKeys &gt;
\0&lt;/a&gt;
W, 3504, 13, 2013/05/23, 19:34:34.419, 2950491063870, QTAgent32.exe, Playback - [WARNING] Internal warning: Incorrect flag set for InvokeProgrammaticAction\0
W, 3504, 13, 2013/05/23, 19:34:34.542, 2950492822310, QTAgent32.exe, &lt;a class=success&gt;Playback - {154} [SUCCESS] SetValueAsComboBox "Household" - "[MSAA, VisibleOnly]ControlType='ComboBox'"  &lt; SetValueAsComboBox, set by clicking on the item in the list box &gt;
\0&lt;/a&gt;
W, 3504, 13, 2013/05/23, 19:34:34.843, 2950497128238, QTAgent32.exe, &lt;a class=success&gt;Playback - {155} [SUCCESS] SendKeys "^{HOME}" - "[MSAA, VisibleOnly]ControlType='Edit'"
\0&lt;/a&gt;
E, 3504, 13, 2013/05/23, 19:34:34.843, 2950497131064, QTAgent32.exe, Msaa.GetFocusedElement: could not find accessible object of foreground window
W, 3504, 13, 2013/05/23, 19:34:34.897, 2950497908465, QTAgent32.exe, &lt;a class=success&gt;Playback - {156} [SUCCESS] SendKeys "^+{END}" - "[MSAA, VisibleOnly]ControlType='Edit'"
\0&lt;/a&gt;
E, 3504, 13, 2013/05/23, 19:34:34.897, 2950497911917, QTAgent32.exe, Msaa.GetFocusedElement: could not find accessible object of foreground window
W, 3504, 13, 2013/05/23, 19:34:34.912, 2950498117295, QTAgent32.exe, &lt;a class=success&gt;Playback - {157} [SUCCESS] SendKeys "{DELETE}" - "[MSAA, VisibleOnly]ControlType='Edit'"
\0&lt;/a&gt;
W, 3504, 13, 2013/05/23, 19:34:35.225, 2950502603819, QTAgent32.exe, &lt;a class=success&gt;Playback - {158} [SUCCESS] SetValueAsEditBox "30/05/2012" - "[MSAA, VisibleOnly]ControlType='Edit'"  &lt; Set via SendKeys &gt;
\0&lt;/a&gt;
W, 3504, 13, 2013/05/23, 19:34:36.638, 2950522839613, QTAgent32.exe, &lt;a class=success&gt;Playback - {159} [SUCCESS] MouseButtonClick - "[MSAA, VisibleOnly]ControlType='Button' &amp;&amp; Name='Regress'"
\0&lt;/a&gt;
W, 3504, 13, 2013/05/23, 19:34:36.917, 2950526829698, QTAgent32.exe, &lt;a class=success&gt;Playback - {160} [SUCCESS] MouseButtonClick - "[MSAA, VisibleOnly]ControlType='Button' &amp;&amp; Name='Exit'"
\0&lt;/a&gt;
W, 3504, 13, 2013/05/23, 19:34:37.180, 2950530597498, QTAgent32.exe, &lt;a class=success&gt;Playback - {161} [SUCCESS] MouseButtonClick - "[MSAA, VisibleOnly]ControlType='Button'"
\0&lt;/a&gt;
W, 3504, 13, 2013/05/23, 19:34:37.435, 2950534242774, QTAgent32.exe, &lt;a class=success&gt;Playback - {162} [SUCCESS] MouseButtonClick - "[MSAA, VisibleOnly]ControlType='Button' &amp;&amp; Name='Options'"
\0&lt;/a&gt;
W, 3504, 13, 2013/05/23, 19:34:37.535, 2950535680232, QTAgent32.exe, FindScreenElementInSinglePass : Attempting to find control in one pass of search. Failures can occur.
W, 3504, 13, 2013/05/23, 19:34:38.009, 2950542459515, QTAgent32.exe, &lt;a class=success&gt;Playback - {163} [SUCCESS] MouseButtonClick - "[MSAA]ControlType='MenuItem' &amp;&amp; Name='Links'"
\0&lt;/a&gt;
W, 3504, 13, 2013/05/23, 19:34:38.110, 2950543900691, QTAgent32.exe, FindScreenElementInSinglePass : Attempting to find control in one pass of search. Failures can occur.
W, 3504, 13, 2013/05/23, 19:34:38.563, 2950550398702, QTAgent32.exe, &lt;a class=success&gt;Playback - {164} [SUCCESS] MouseButtonClick - "[MSAA]ControlType='MenuItem' &amp;&amp; Name='3rd Party Integration'"
\0&lt;/a&gt;
W, 3504, 13, 2013/05/23, 19:34:38.663, 2950551833654, QTAgent32.exe, FindScreenElementInSinglePass : Attempting to find control in one pass of search. Failures can occur.
W, 3504, 13, 2013/05/23, 19:34:39.137, 2950558615226, QTAgent32.exe, &lt;a class=success&gt;Playback - {165} [SUCCESS] MouseButtonClick - "[MSAA]ControlType='MenuItem' &amp;&amp; Name='Renewals Loader'"
\0&lt;/a&gt;
W, 3504, 13, 2013/05/23, 19:34:39.592, 2950565127937, QTAgent32.exe, Playback - [WARNING] Internal warning: Window Not Found: [VisibleOnly]ControlType='Window' &amp;&amp; Name='Renewal Loader' &amp;&amp; ClassName='TfUIMain'
\0
E, 3504, 13, 2013/05/23, 19:34:39.592, 2950565131668, QTAgent32.exe, &lt;a class=failure&gt;Playback - {166} [FAILED] Function ElementFetcher::FindScreenElement failed to locate UI element (Searching: ;[VisibleOnly]ControlType='Window' &amp;&amp; Name='Renewal Loader' &amp;&amp; ClassName='TfUIMain') (The object specified was not found.)
\0&lt;/a&gt;
E, 3504, 13, 2013/05/23, 19:34:39.717, 2950566913723, QTAgent32.exe, Playback - [IMAGE] C:\Users\testuser\AppData\Local\Temp\UITestLogs\LastRun\RPF6889.png
\0
W, 3504, 13, 2013/05/23, 19:34:39.717, 2950566916049, QTAgent32.exe, Playback - [WARNING] Internal warning: Couldn't find descendants that match QueryId
\0
W, 3504, 13, 2013/05/23, 19:34:41.110, 2950586868272, QTAgent32.exe, PERF WARNING: FindTopLevelWindowHelper::FindAllDescendents: took 1393 ms. Expected it to take maximum 500 ms.
W, 3504, 13, 2013/05/23, 19:34:41.249, 2950588851864, QTAgent32.exe, &lt;a class=success&gt;Playback - {167} [SUCCESS] MouseButtonClick - "[MSAA, VisibleOnly]ControlType='TitleBar'"
\0&lt;/a&gt;
W, 3504, 13, 2013/05/23, 19:34:41.724, 2950595648197, QTAgent32.exe, &lt;a class=success&gt;Playback - {168} [SUCCESS] SendKeys "^{HOME}" - "[MSAA, VisibleOnly]ControlType='Edit'"
\0&lt;/a&gt;
E, 3504, 13, 2013/05/23, 19:34:41.724, 2950595651629, QTAgent32.exe, Msaa.GetFocusedElement: could not find accessible object of foreground window
W, 3504, 13, 2013/05/23, 19:34:41.794, 2950596658042, QTAgent32.exe, &lt;a class=success&gt;Playback - {169} [SUCCESS] SendKeys "^+{END}" - "[MSAA, VisibleOnly]ControlType='Edit'"
\0&lt;/a&gt;
E, 3504, 13, 2013/05/23, 19:34:41.796, 2950596685232, QTAgent32.exe, Msaa.GetFocusedElement: could not find accessible object of foreground window
W, 3504, 13, 2013/05/23, 19:34:41.820, 2950597021888, QTAgent32.exe, &lt;a class=success&gt;Playback - {170} [SUCCESS] SendKeys "{DELETE}" - "[MSAA, VisibleOnly]ControlType='Edit'"
\0&lt;/a&gt;
W, 3504, 13, 2013/05/23, 19:34:42.202, 2950602504482, QTAgent32.exe, &lt;a class=success&gt;Playback - {171} [SUCCESS] SetValueAsEditBox "23/05/2013" - "[MSAA, VisibleOnly]ControlType='Edit'"  &lt; Set via SendKeys &gt;
\0&lt;/a&gt;
W, 3504, 13, 2013/05/23, 19:34:42.542, 2950607368925, QTAgent32.exe, &lt;a class=success&gt;Playback - {172} [SUCCESS] SendKeys "^{HOME}" - "[MSAA, VisibleOnly]ControlType='Edit'"
\0&lt;/a&gt;
E, 3504, 13, 2013/05/23, 19:34:42.542, 2950607372499, QTAgent32.exe, Msaa.GetFocusedElement: could not find accessible object of foreground window
W, 3504, 13, 2013/05/23, 19:34:42.606, 2950608281751, QTAgent32.exe, &lt;a class=success&gt;Playback - {173} [SUCCESS] SendKeys "^+{END}" - "[MSAA, VisibleOnly]ControlType='Edit'"
\0&lt;/a&gt;
E, 3504, 13, 2013/05/23, 19:34:42.606, 2950608285412, QTAgent32.exe, Msaa.GetFocusedElement: could not find accessible object of foreground window
W, 3504, 13, 2013/05/23, 19:34:42.624, 2950608548215, QTAgent32.exe, &lt;a class=success&gt;Playback - {174} [SUCCESS] SendKeys "{DELETE}" - "[MSAA, VisibleOnly]ControlType='Edit'"
\0&lt;/a&gt;
W, 3504, 13, 2013/05/23, 19:34:42.999, 2950613915894, QTAgent32.exe, &lt;a class=success&gt;Playback - {175} [SUCCESS] SetValueAsEditBox "06/06/2013" - "[MSAA, VisibleOnly]ControlType='Edit'"  &lt; Set via SendKeys &gt;
\0&lt;/a&gt;
W, 3504, 13, 2013/05/23, 19:34:43.399, 2950619644757, QTAgent32.exe, &lt;a class=success&gt;Playback - {176} [SUCCESS] MouseButtonClick - "[MSAA, VisibleOnly]ControlType='Button' &amp;&amp; Name='Run'"
\0&lt;/a&gt;
W, 3504, 13, 2013/05/23, 19:34:48.584, 2950693878629, QTAgent32.exe, FindNTopWindows : Search will be continued for 12000 even on failure
W, 3504, 13, 2013/05/23, 19:34:49.153, 2950702026029, QTAgent32.exe, Playback - [WARNING] Internal warning: Window with Class "IEFrame" and Title "insurE-com System Maintenance" was not found, so similar window with Class "IEFrame" and Title "insurE-com System Maintenance - Windows Internet Explorer" was accepted
\0
W, 3504, 13, 2013/05/23, 19:34:49.153, 2950702028480, QTAgent32.exe, Playback - [WARNING] Internal warning: Couldn't find descendants that match QueryId
\0
W, 3504, 13, 2013/05/23, 19:34:49.153, 2950702031803, QTAgent32.exe, PERF WARNING: FindNTopWindows::FindAllDescendents: took 569 ms. Expected it to take maximum 500 ms.
W, 3504, 13, 2013/05/23, 19:34:49.675, 2950709498616, QTAgent32.exe, Playback - [WARNING] Internal warning: Window with Class "IEFrame" and Title "insurE-com System Maintenance" was not found, so similar window with Class "IEFrame" and Title "insurE-com System Maintenance - Windows Internet Explorer" was accepted
\0
W, 3504, 13, 2013/05/23, 19:34:49.677, 2950709519665, QTAgent32.exe, Playback - [WARNING] Internal warning: Couldn't find descendants that match QueryId
\0
W, 3504, 13, 2013/05/23, 19:34:49.679, 2950709547670, QTAgent32.exe, PERF WARNING: FindNTopWindows::FindAllDescendents: took 524 ms. Expected it to take maximum 500 ms.
W, 3504, 13, 2013/05/23, 19:34:50.180, 2950716729275, QTAgent32.exe, Playback - [WARNING] Internal warning: Window with Class "IEFrame" and Title "insurE-com System Maintenance" was not found, so similar window with Class "IEFrame" and Title "insurE-com System Maintenance - Windows Internet Explorer" was accepted
\0
W, 3504, 13, 2013/05/23, 19:34:50.180, 2950716731721, QTAgent32.exe, Playback - [WARNING] Internal warning: Couldn't find descendants that match QueryId
\0
W, 3504, 13, 2013/05/23, 19:34:50.180, 2950716734856, QTAgent32.exe, PERF WARNING: FindNTopWindows::FindAllDescendents: took 501 ms. Expected it to take maximum 500 ms.
W, 3504, 13, 2013/05/23, 19:34:50.682, 2950723917941, QTAgent32.exe, Playback - [WARNING] Internal warning: Window with Class "IEFrame" and Title "insurE-com System Maintenance" was not found, so similar window with Class "IEFrame" and Title "insurE-com System Maintenance - Windows Internet Explorer" was accepted
\0
W, 3504, 13, 2013/05/23, 19:34:50.682, 2950723922174, QTAgent32.exe, Playback - [WARNING] Internal warning: Couldn't find descendants that match QueryId
\0
W, 3504, 13, 2013/05/23, 19:34:50.683, 2950723928127, QTAgent32.exe, PERF WARNING: FindNTopWindows::FindAllDescendents: took 502 ms. Expected it to take maximum 500 ms.
W, 3504, 13, 2013/05/23, 19:34:51.173, 2950730953202, QTAgent32.exe, Playback - [WARNING] Internal warning: Window with Class "IEFrame" and Title "insurE-com System Maintenance" was not found, so similar window with Class "IEFrame" and Title "insurE-com System Maintenance - Windows Internet Explorer" was accepted
\0
W, 3504, 13, 2013/05/23, 19:34:51.174, 2950730955894, QTAgent32.exe, Playback - [WARNING] Internal warning: Couldn't find descendants that match QueryId
\0
W, 3504, 13, 2013/05/23, 19:34:51.809, 2950740054492, QTAgent32.exe, Playback - [WARNING] Internal warning: Window with Class "IEFrame" and Title "insurE-com System Maintenance" was not found, so similar window with Class "IEFrame" and Title "insurE-com System Maintenance - Windows Internet Explorer" was accepted
\0
W, 3504, 13, 2013/05/23, 19:34:51.809, 2950740057708, QTAgent32.exe, Playback - [WARNING] Internal warning: Couldn't find descendants that match QueryId
\0
W, 3504, 13, 2013/05/23, 19:34:51.809, 2950740060962, QTAgent32.exe, PERF WARNING: FindNTopWindows::FindAllDescendents: took 635 ms. Expected it to take maximum 500 ms.
W, 3504, 13, 2013/05/23, 19:34:52.434, 2950749008780, QTAgent32.exe, Playback - [WARNING] Internal warning: Window with Class "IEFrame" and Title "insurE-com System Maintenance" was not found, so similar window with Class "IEFrame" and Title "insurE-com System Maintenance - Windows Internet Explorer" was accepted
\0
W, 3504, 13, 2013/05/23, 19:34:52.434, 2950749011510, QTAgent32.exe, Playback - [WARNING] Internal warning: Couldn't find descendants that match QueryId
\0
W, 3504, 13, 2013/05/23, 19:34:52.435, 2950749015127, QTAgent32.exe, PERF WARNING: FindNTopWindows::FindAllDescendents: took 625 ms. Expected it to take maximum 500 ms.
W, 3504, 13, 2013/05/23, 19:34:52.953, 2950756434877, QTAgent32.exe, Playback - [WARNING] Internal warning: Window with Class "IEFrame" and Title "insurE-com System Maintenance" was not found, so similar window with Class "IEFrame" and Title "insurE-com System Maintenance - Windows Internet Explorer" was accepted
\0
W, 3504, 13, 2013/05/23, 19:34:52.953, 2950756439043, QTAgent32.exe, Playback - [WARNING] Internal warning: Couldn't find descendants that match QueryId
\0
W, 3504, 13, 2013/05/23, 19:34:52.953, 2950756444843, QTAgent32.exe, PERF WARNING: FindNTopWindows::FindAllDescendents: took 518 ms. Expected it to take maximum 500 ms.
W, 3504, 13, 2013/05/23, 19:34:53.468, 2950763815329, QTAgent32.exe, Playback - [WARNING] Internal warning: Window with Class "IEFrame" and Title "insurE-com System Maintenance" was not found, so similar window with Class "IEFrame" and Title "insurE-com System Maintenance - Windows Internet Explorer" was accepted
\0
W, 3504, 13, 2013/05/23, 19:34:53.468, 2950763819381, QTAgent32.exe, Playback - [WARNING] Internal warning: Couldn't find descendants that match QueryId
\0
W, 3504, 13, 2013/05/23, 19:34:53.469, 2950763824031, QTAgent32.exe, PERF WARNING: FindNTopWindows::FindAllDescendents: took 515 ms. Expected it to take maximum 500 ms.
W, 3504, 13, 2013/05/23, 19:34:53.943, 2950770608179, QTAgent32.exe, Playback - [WARNING] Internal warning: Window with Class "IEFrame" and Title "insurE-com System Maintenance" was not found, so similar window with Class "IEFrame" and Title "insurE-com System Maintenance - Windows Internet Explorer" was accepted
\0
W, 3504, 13, 2013/05/23, 19:34:53.943, 2950770610922, QTAgent32.exe, Playback - [WARNING] Internal warning: Couldn't find descendants that match QueryId
\0
W, 3504, 13, 2013/05/23, 19:34:54.446, 2950777807399, QTAgent32.exe, Playback - [WARNING] Internal warning: Window with Class "IEFrame" and Title "insurE-com System Maintenance" was not found, so similar window with Class "IEFrame" and Title "insurE-com System Maintenance - Windows Internet Explorer" was accepted
\0
W, 3504, 13, 2013/05/23, 19:34:54.446, 2950777810001, QTAgent32.exe, Playback - [WARNING] Internal warning: Couldn't find descendants that match QueryId
\0
W, 3504, 13, 2013/05/23, 19:34:54.446, 2950777813026, QTAgent32.exe, PERF WARNING: FindNTopWindows::FindAllDescendents: took 502 ms. Expected it to take maximum 500 ms.
W, 3504, 13, 2013/05/23, 19:34:54.935, 2950784810355, QTAgent32.exe, Playback - [WARNING] Internal warning: Window with Class "IEFrame" and Title "insurE-com System Maintenance" was not found, so similar window with Class "IEFrame" and Title "insurE-com System Maintenance - Windows Internet Explorer" was accepted
\0
W, 3504, 13, 2013/05/23, 19:34:54.935, 2950784817364, QTAgent32.exe, Playback - [WARNING] Internal warning: Couldn't find descendants that match QueryId
\0
W, 3504, 13, 2013/05/23, 19:34:55.397, 2950791430529, QTAgent32.exe, Playback - [WARNING] Internal warning: Window with Class "IEFrame" and Title "insurE-com System Maintenance" was not found, so similar window with Class "IEFrame" and Title "insurE-com System Maintenance - Windows Internet Explorer" was accepted
\0
W, 3504, 13, 2013/05/23, 19:34:55.397, 2950791433121, QTAgent32.exe, Playback - [WARNING] Internal warning: Couldn't find descendants that match QueryId
\0
W, 3504, 13, 2013/05/23, 19:34:55.862, 2950798092029, QTAgent32.exe, Playback - [WARNING] Internal warning: Window with Class "IEFrame" and Title "insurE-com System Maintenance" was not found, so similar window with Class "IEFrame" and Title "insurE-com System Maintenance - Windows Internet Explorer" was accepted
\0
W, 3504, 13, 2013/05/23, 19:34:55.863, 2950798095967, QTAgent32.exe, Playback - [WARNING] Internal warning: Couldn't find descendants that match QueryId
\0
W, 3504, 13, 2013/05/23, 19:34:56.325, 2950804722854, QTAgent32.exe, Playback - [WARNING] Internal warning: Window with Class "IEFrame" and Title "insurE-com System Maintenance" was not found, so similar window with Class "IEFrame" and Title "insurE-com System Maintenance - Windows Internet Explorer" was accepted
\0
W, 3504, 13, 2013/05/23, 19:34:56.326, 2950804725631, QTAgent32.exe, Playback - [WARNING] Internal warning: Couldn't find descendants that match QueryId
\0
W, 3504, 13, 2013/05/23, 19:34:56.843, 2950812142795, QTAgent32.exe, Playback - [WARNING] Internal warning: Window with Class "IEFrame" and Title "insurE-com System Maintenance" was not found, so similar window with Class "IEFrame" and Title "insurE-com System Maintenance - Windows Internet Explorer" was accepted
\0
W, 3504, 13, 2013/05/23, 19:34:56.844, 2950812145702, QTAgent32.exe, Playback - [WARNING] Internal warning: Couldn't find descendants that match QueryId
\0
W, 3504, 13, 2013/05/23, 19:34:56.844, 2950812149400, QTAgent32.exe, PERF WARNING: FindNTopWindows::FindAllDescendents: took 518 ms. Expected it to take maximum 500 ms.
W, 3504, 13, 2013/05/23, 19:34:57.348, 2950819366957, QTAgent32.exe, Playback - [WARNING] Internal warning: Window with Class "IEFrame" and Title "insurE-com System Maintenance" was not found, so similar window with Class "IEFrame" and Title "insurE-com System Maintenance - Windows Internet Explorer" was accepted
\0
W, 3504, 13, 2013/05/23, 19:34:57.348, 2950819370184, QTAgent32.exe, Playback - [WARNING] Internal warning: Couldn't find descendants that match QueryId
\0
W, 3504, 13, 2013/05/23, 19:34:57.348, 2950819373154, QTAgent32.exe, PERF WARNING: FindNTopWindows::FindAllDescendents: took 504 ms. Expected it to take maximum 500 ms.
W, 3504, 13, 2013/05/23, 19:34:57.847, 2950826500360, QTAgent32.exe, Playback - [WARNING] Internal warning: Window with Class "IEFrame" and Title "insurE-com System Maintenance" was not found, so similar window with Class "IEFrame" and Title "insurE-com System Maintenance - Windows Internet Explorer" was accepted
\0
W, 3504, 13, 2013/05/23, 19:34:57.847, 2950826503347, QTAgent32.exe, Playback - [WARNING] Internal warning: Couldn't find descendants that match QueryId
\0
W, 3504, 13, 2013/05/23, 19:34:58.436, 2950834944561, QTAgent32.exe, Playback - [WARNING] Internal warning: Window with Class "IEFrame" and Title "insurE-com System Maintenance" was not found, so similar window with Class "IEFrame" and Title "insurE-com System Maintenance - Windows Internet Explorer" was accepted
\0
W, 3504, 13, 2013/05/23, 19:34:58.436, 2950834947173, QTAgent32.exe, Playback - [WARNING] Internal warning: Couldn't find descendants that match QueryId
\0
W, 3504, 13, 2013/05/23, 19:34:58.437, 2950834950331, QTAgent32.exe, PERF WARNING: FindNTopWindows::FindAllDescendents: took 589 ms. Expected it to take maximum 500 ms.
E, 3504, 13, 2013/05/23, 19:34:58.623, 2950837614295, QTAgent32.exe, &lt;a class=failure&gt;Playback - {177} [FAILED] Function ElementFetcher::FindScreenElement failed to locate UI element (Searching: ;[VisibleOnly,FindAll]Name='insurE-com System Maintenance' &amp;&amp; ClassName='IEFrame' &amp;&amp; ControlType='Window' &amp;&amp; FilterCondition(OrderOfInvocation='4')) (The object specified was not found.)
\0&lt;/a&gt;
E, 3504, 13, 2013/05/23, 19:34:58.744, 2950839352464, QTAgent32.exe, Playback - [IMAGE] C:\Users\testuser\AppData\Local\Temp\UITestLogs\LastRun\RPFB2E2.png
\0
W, 3504, 13, 2013/05/23, 19:34:58.744, 2950839355016, QTAgent32.exe, Playback - [WARNING] Internal warning: Couldn't find descendants that match QueryId
\0
W, 3504, 13, 2013/05/23, 19:34:59.293, 2950847216002, QTAgent32.exe, Playback - [WARNING] Internal warning: Window with Class "IEFrame" and Title "insurE-com System Maintenance" was not found, so similar window with Class "IEFrame" and Title "insurE-com System Maintenance - Windows Internet Explorer" was accepted
\0
W, 3504, 13, 2013/05/23, 19:34:59.293, 2950847218572, QTAgent32.exe, Playback - [WARNING] Internal warning: Couldn't find descendants that match QueryId
\0
W, 3504, 13, 2013/05/23, 19:34:59.294, 2950847221689, QTAgent32.exe, PERF WARNING: FindNTopWindows::FindAllDescendents: took 547 ms. Expected it to take maximum 500 ms.
W, 3504, 13, 2013/05/23, 19:34:59.994, 2950857250587, QTAgent32.exe, Playback - [WARNING] Internal warning: Window with Class "IEFrame" and Title "insurE-com System Maintenance" was not found, so similar window with Class "IEFrame" and Title "insurE-com System Maintenance - Windows Internet Explorer" was accepted
\0
W, 3504, 13, 2013/05/23, 19:34:59.994, 2950857253625, QTAgent32.exe, Playback - [WARNING] Internal warning: Couldn't find descendants that match QueryId
\0
W, 3504, 13, 2013/05/23, 19:34:59.994, 2950857256748, QTAgent32.exe, PERF WARNING: FindNTopWindows::FindAllDescendents: took 700 ms. Expected it to take maximum 500 ms.
W, 3504, 13, 2013/05/23, 19:35:00.773, 2950868402741, QTAgent32.exe, Playback - [WARNING] Internal warning: Window with Class "IEFrame" and Title "insurE-com System Maintenance" was not found, so similar window with Class "IEFrame" and Title "insurE-com System Maintenance - Windows Internet Explorer" was accepted
\0
W, 3504, 13, 2013/05/23, 19:35:00.773, 2950868405582, QTAgent32.exe, Playback - [WARNING] Internal warning: Couldn't find descendants that match QueryId
\0
W, 3504, 13, 2013/05/23, 19:35:00.774, 2950868417514, QTAgent32.exe, PERF WARNING: FindNTopWindows::FindAllDescendents: took 779 ms. Expected it to take maximum 500 ms.
W, 3504, 13, 2013/05/23, 19:35:02.014, 2950886175785, QTAgent32.exe, Playback - [WARNING] Internal warning: Window with Class "IEFrame" and Title "insurE-com System Maintenance" was not found, so similar window with Class "IEFrame" and Title "insurE-com System Maintenance - Windows Internet Explorer" was accepted
\0
W, 3504, 13, 2013/05/23, 19:35:02.021, 2950886270806, QTAgent32.exe, PERF WARNING: Playback.FindScreenElement: took 1246 ms. Expected it to take maximum 500 ms.
W, 3504, 13, 2013/05/23, 19:35:02.082, 2950887146044, QTAgent32.exe, &lt;a class=success&gt;Playback - {178} [SUCCESS] TypeString "%({F4})"
\0&lt;/a&gt;
W, 3504, 13, 2013/05/23, 19:35:05.451, 2950935378851, QTAgent32.exe, &lt;a class=success&gt;Playback - {179} [SUCCESS] MouseButtonClick - "[MSAA, VisibleOnly]ControlType='TitleBar'"
\0&lt;/a&gt;
W, 3504, 13, 2013/05/23, 19:35:05.751, 2950939676373, QTAgent32.exe, &lt;a class=success&gt;Playback - {180} [SUCCESS] MouseButtonClick - "[MSAA, VisibleOnly]ControlType='Button' &amp;&amp; Name='Close'"
\0&lt;/a&gt;
W, 3504, 13, 2013/05/23, 19:35:06.845, 2950955338628, QTAgent32.exe, &lt;a class=success&gt;Playback - {181} [SUCCESS] MouseButtonClick - "[MSAA, VisibleOnly]ControlType='Button' &amp;&amp; Name='Options'"
\0&lt;/a&gt;
W, 3504, 13, 2013/05/23, 19:35:06.945, 2950956776127, QTAgent32.exe, FindScreenElementInSinglePass : Attempting to find control in one pass of search. Failures can occur.
W, 3504, 13, 2013/05/23, 19:35:07.302, 2950961883907, QTAgent32.exe, &lt;a class=success&gt;Playback - {182} [SUCCESS] MouseButtonClick - "[MSAA]ControlType='MenuItem' &amp;&amp; Name='Links'"
\0&lt;/a&gt;
W, 3504, 13, 2013/05/23, 19:35:07.403, 2950963338907, QTAgent32.exe, FindScreenElementInSinglePass : Attempting to find control in one pass of search. Failures can occur.
W, 3504, 13, 2013/05/23, 19:35:07.802, 2950969042370, QTAgent32.exe, &lt;a class=success&gt;Playback - {183} [SUCCESS] MouseButtonClick - "[MSAA]ControlType='MenuItem' &amp;&amp; Name='3rd Party Integration'"
\0&lt;/a&gt;
W, 3504, 13, 2013/05/23, 19:35:07.902, 2950970481037, QTAgent32.exe, FindScreenElementInSinglePass : Attempting to find control in one pass of search. Failures can occur.
W, 3504, 13, 2013/05/23, 19:35:08.250, 2950975458353, QTAgent32.exe, &lt;a class=success&gt;Playback - {184} [SUCCESS] MouseButtonClick - "[MSAA]ControlType='MenuItem' &amp;&amp; Name='Renewals Module'"
\0&lt;/a&gt;
W, 3504, 13, 2013/05/23, 19:35:08.884, 2950984542694, QTAgent32.exe, Playback - [WARNING] Internal warning: Window Not Found: [VisibleOnly]ControlType='Window' &amp;&amp; Name='Personal Lines Renewals' &amp;&amp; ClassName='ThunderRT6FormDC'
\0
E, 3504, 13, 2013/05/23, 19:35:08.886, 2950984570753, QTAgent32.exe, &lt;a class=failure&gt;Playback - {185} [FAILED] Function ElementFetcher::FindScreenElement failed to locate UI element (Searching: ;[VisibleOnly]ControlType='Window' &amp;&amp; Name='Personal Lines Renewals' &amp;&amp; ClassName='ThunderRT6FormDC') (The object specified was not found.)
\0&lt;/a&gt;
E, 3504, 13, 2013/05/23, 19:35:09.033, 2950986679121, QTAgent32.exe, Playback - [IMAGE] C:\Users\testuser\AppData\Local\Temp\UITestLogs\LastRun\RPFDAFC.png
\0
W, 3504, 13, 2013/05/23, 19:35:09.033, 2950986681631, QTAgent32.exe, Playback - [WARNING] Internal warning: Couldn't find descendants that match QueryId
\0
W, 3504, 13, 2013/05/23, 19:35:09.034, 2950986690157, QTAgent32.exe, PERF WARNING: FindTopLevelWindowHelper::FindAllDescendents: took 684 ms. Expected it to take maximum 500 ms.
W, 3504, 13, 2013/05/23, 19:35:09.261, 2950989938047, QTAgent32.exe, Playback - [WARNING] Internal warning: Window Not Found: [VisibleOnly]ControlType='Window' &amp;&amp; Name='Personal Lines Renewals' &amp;&amp; ClassName='ThunderRT6FormDC'
\0
E, 3504, 13, 2013/05/23, 19:35:09.262, 2950989941311, QTAgent32.exe, &lt;a class=failure&gt;Playback - {186} [FAILED] Function ElementFetcher::FindScreenElement failed to locate UI element (Searching: ;[VisibleOnly]ControlType='Window' &amp;&amp; Name='Personal Lines Renewals' &amp;&amp; ClassName='ThunderRT6FormDC') (The object specified was not found.)
\0&lt;/a&gt;
E, 3504, 13, 2013/05/23, 19:35:09.368, 2950991470211, QTAgent32.exe, Playback - [IMAGE] C:\Users\testuser\AppData\Local\Temp\UITestLogs\LastRun\RPFDC73.png
\0
W, 3504, 13, 2013/05/23, 19:35:09.369, 2950991473004, QTAgent32.exe, Playback - [WARNING] Internal warning: Couldn't find descendants that match QueryId
\0
W, 3504, 13, 2013/05/23, 19:35:10.577, 2951008776801, QTAgent32.exe, &lt;a class=success&gt;Playback - {187} [SUCCESS] SetValueAsEditBox "1" - "[MSAA, VisibleOnly]ControlType='Edit'"  &lt; Set via SendKeys &gt;
\0&lt;/a&gt;
W, 3504, 13, 2013/05/23, 19:35:11.293, 2951019028649, QTAgent32.exe, &lt;a class=success&gt;Playback - {188} [SUCCESS] MouseButtonClick - "[MSAA, VisibleOnly]ControlType='Button' &amp;&amp; Name='Ok'"
\0&lt;/a&gt;
W, 3504, 13, 2013/05/23, 19:35:11.775, 2951025933593, QTAgent32.exe, Playback - [WARNING] Internal warning: Window Not Found: [VisibleOnly]ControlType='Window' &amp;&amp; Name='Confirm' &amp;&amp; ClassName='#32770'
\0
E, 3504, 13, 2013/05/23, 19:35:11.775, 2951025937104, QTAgent32.exe, &lt;a class=failure&gt;Playback - {189} [FAILED] Function ElementFetcher::FindScreenElement failed to locate UI element (Searching: ;[VisibleOnly]ControlType='Window' &amp;&amp; Name='Confirm' &amp;&amp; ClassName='#32770') (The object specified was not found.)
\0&lt;/a&gt;
E, 3504, 13, 2013/05/23, 19:35:11.881, 2951027457724, QTAgent32.exe, Playback - [IMAGE] C:\Users\testuser\AppData\Local\Temp\UITestLogs\LastRun\RPFE644.png
\0
W, 3504, 13, 2013/05/23, 19:35:11.882, 2951027460285, QTAgent32.exe, Playback - [WARNING] Internal warning: Couldn't find descendants that match QueryId
\0
W, 3504, 13, 2013/05/23, 19:35:29.991, 2951286752730, QTAgent32.exe, Playback - [WARNING] Internal warning: Window Not Found: [VisibleOnly]ControlType='Window' &amp;&amp; Name='Confirm' &amp;&amp; ClassName='#32770'
\0
E, 3504, 13, 2013/05/23, 19:35:29.992, 2951286761762, QTAgent32.exe, &lt;a class=failure&gt;Playback - {190} [FAILED] Function ElementFetcher::FindScreenElement failed to locate UI element (Searching: ;[VisibleOnly]ControlType='Window' &amp;&amp; Name='Confirm' &amp;&amp; ClassName='#32770') (The object specified was not found.)
\0&lt;/a&gt;
E, 3504, 13, 2013/05/23, 19:35:30.090, 2951288170503, QTAgent32.exe, Playback - [IMAGE] C:\Users\testuser\AppData\Local\Temp\UITestLogs\LastRun\RPF2D72.png
\0
W, 3504, 13, 2013/05/23, 19:35:30.090, 2951288173059, QTAgent32.exe, Playback - [WARNING] Internal warning: Couldn't find descendants that match QueryId
\0
W, 3504, 13, 2013/05/23, 19:35:30.091, 2951288182930, QTAgent32.exe, PERF WARNING: FindTopLevelWindowHelper::FindAllDescendents: took 18208 ms. Expected it to take maximum 500 ms.
W, 3504, 13, 2013/05/23, 19:35:30.638, 2951296009729, QTAgent32.exe, Playback - [WARNING] Internal warning: Smart Match failed
\0
W, 3504, 13, 2013/05/23, 19:35:31.044, 2951301828235, QTAgent32.exe, Playback - [WARNING] Internal warning: Smart Match failed
\0
W, 3504, 13, 2013/05/23, 19:35:31.439, 2951307485580, QTAgent32.exe, Playback - [WARNING] Internal warning: Smart Match failed
\0
W, 3504, 13, 2013/05/23, 19:35:31.871, 2951313665529, QTAgent32.exe, Playback - [WARNING] Internal warning: Smart Match failed
\0
W, 3504, 13, 2013/05/23, 19:35:32.264, 2951319294335, QTAgent32.exe, Playback - [WARNING] Internal warning: Smart Match failed
\0
W, 3504, 13, 2013/05/23, 19:35:32.663, 2951325017818, QTAgent32.exe, Playback - [WARNING] Internal warning: Smart Match failed
\0
W, 3504, 13, 2013/05/23, 19:35:33.043, 2951330454315, QTAgent32.exe, Playback - [WARNING] Internal warning: Smart Match failed
\0
W, 3504, 13, 2013/05/23, 19:35:33.298, 2951334100529, QTAgent32.exe, Playback - [WARNING] Internal warning: Window Not Found: [VisibleOnly]ControlType='Window' &amp;&amp; Name='Confirm' &amp;&amp; ClassName='#32770'
\0
E, 3504, 13, 2013/05/23, 19:35:33.298, 2951334103821, QTAgent32.exe, &lt;a class=failure&gt;Playback - {191} [FAILED] Function ElementFetcher::FindScreenElement failed to locate UI element (Searching: ;[VisibleOnly]ControlType='Window' &amp;&amp; Name='Confirm' &amp;&amp; ClassName='#32770') (The object specified was not found.)
\0&lt;/a&gt;
E, 3504, 13, 2013/05/23, 19:35:33.381, 2951335281333, QTAgent32.exe, Playback - [IMAGE] C:\Users\testuser\AppData\Local\Temp\UITestLogs\LastRun\RPF3A5E.png
\0
W, 3504, 13, 2013/05/23, 19:35:33.381, 2951335283804, QTAgent32.exe, Playback - [WARNING] Internal warning: Couldn't find descendants that match QueryId
\0
W, 3504, 13, 2013/05/23, 19:35:33.381, 2951335287954, QTAgent32.exe, PERF WARNING: FindTopLevelWindowHelper::FindAllDescendents: took 3289 ms. Expected it to take maximum 500 ms.
E, 3504, 13, 2013/05/23, 19:35:33.381, 2951335290532, QTAgent32.exe, Exception: System.Runtime.InteropServices.COMException
	Message: Error HRESULT E_FAIL has been returned from a call to a COM component.
	Stack Trace:    at Microsoft.VisualStudio.TestTools.UITest.Playback.Engine.IRPFPlayback.FindAllScreenElements(IScreenElement pScreenElementStart, String bstrQueryId, Object&amp; pvarResKeys, Int32 cResKeys, Int32 nMaxDepth, Object[]&amp; foundDescendants)
   at Microsoft.VisualStudio.TestTools.UITest.Playback.ScreenElement.FindTopLevelWindowHelper(String queryId)
	BaseExceptionMessage: Error HRESULT E_FAIL has been returned from a call to a COM component.

E, 3504, 13, 2013/05/23, 19:35:33.482, 2951336741430, QTAgent32.exe, AL: Playback Error: Microsoft.VisualStudio.TestTools.UITest.Extension.UITestControlNotFoundException: The playback failed to find the control with the given search properties. Additional Details: 
TechnologyName:  'MSAA'
ControlType:  'Window'
Name:  'Confirm'
ClassName:  '#32770'
 ---&gt; System.Runtime.InteropServices.COMException: Error HRESULT E_FAIL has been returned from a call to a COM component.
   at Microsoft.VisualStudio.TestTools.UITest.Playback.Engine.IRPFPlayback.FindAllScreenElements(IScreenElement pScreenElementStart, String bstrQueryId, Object&amp; pvarResKeys, Int32 cResKeys, Int32 nMaxDepth, Object[]&amp; foundDescendants)
   at Microsoft.VisualStudio.TestTools.UITest.Playback.ScreenElement.FindTopLevelWindowHelper(String queryId)
   at Microsoft.VisualStudio.TestTools.UITest.Playback.ScreenElement.FindFromPartialQueryId(String queryId)
   at Microsoft.VisualStudio.TestTools.UITesting.UITestControl..ctor(String queryId)
   --- End of inner exception stack trace ---
   at Microsoft.VisualStudio.TestTools.UITesting.Playback.MapControlNotFoundException(COMException ex, IPlaybackContext context)
   at Microsoft.VisualStudio.TestTools.UITesting.Playback.MapAndThrowComException(COMException innerException, IPlaybackContext context)
   at Microsoft.VisualStudio.TestTools.UITesting.Playback.MapAndThrowException(SystemException exception, IPlaybackContext context)
   at Microsoft.VisualStudio.TestTools.UITesting.Playback.MapAndThrowException(SystemException exception, String queryId)
   at Microsoft.VisualStudio.TestTools.UITesting.UITestControl..ctor(String queryId)
   at Microsoft.VisualStudio.TestTools.UITesting.SearchHelper.SearchTopLevelWindow(ISearchArgument topLevelSearchArg, String topLevelElementQueryId)
   at Microsoft.VisualStudio.TestTools.UITesting.SearchHelper.GetTitleUpdatedTopLevelWindow(ISearchArgument topLevelSearchArg, String queryId, IList`1 windowTitles)
   at Microsoft.VisualStudio.TestTools.UITesting.SearchHelper.GetTopLevelElement(Boolean useCache, Boolean useCacheOnly, ISearchArgument searchArg, IList`1 windowTitles, Int32&amp; timeLeft)
   at Microsoft.VisualStudio.TestTools.UITesting.SearchHelper.GetElement(Boolean useCache, ISearchArgument searchArg)
   at Microsoft.VisualStudio.TestTools.UITesting.SearchHelper.Search(ISearchArgument searchArg)
   at Microsoft.VisualStudio.TestTools.UITesting.UITestControl.FindInternal()
   at Microsoft.VisualStudio.TestTools.UITesting.UITestControl.FindControlIfNecessary()
   at Microsoft.VisualStudio.TestTools.UITesting.UITestControl.Click(MouseButtons button, ModifierKeys modifierKeys, Point relativeCoordinates)
   at Microsoft.VisualStudio.TestTools.UITesting.Mouse.ClickImplementation(UITestControl control, MouseButtons button, ModifierKeys modifierKeys, Point relativeCoordinate)
   at Microsoft.VisualStudio.TestTools.UITesting.Mouse.ClickImplementationWrapper(UITestControl control, MouseButtons button, ModifierKeys modifierKeys, Point relativeCoordinate)
W, 3504, 13, 2013/05/23, 19:35:33.483, 2951336745061, QTAgent32.exe, PlaybackErrorHandler: Ignoring exception as ContinueOnError is set.
W, 3504, 13, 2013/05/23, 19:35:33.769, 2951340841061, QTAgent32.exe, Playback - [WARNING] Internal warning: Window Not Found: [VisibleOnly]ControlType='Window' &amp;&amp; Name='Personal Lines' &amp;&amp; ClassName='#32770'
\0
E, 3504, 13, 2013/05/23, 19:35:33.769, 2951340844611, QTAgent32.exe, &lt;a class=failure&gt;Playback - {192} [FAILED] Function ElementFetcher::FindScreenElement failed to locate UI element (Searching: ;[VisibleOnly]ControlType='Window' &amp;&amp; Name='Personal Lines' &amp;&amp; ClassName='#32770') (The object specified was not found.)
\0&lt;/a&gt;
E, 3504, 13, 2013/05/23, 19:35:33.861, 2951342159168, QTAgent32.exe, Playback - [IMAGE] C:\Users\testuser\AppData\Local\Temp\UITestLogs\LastRun\RPF3C33.png
\0
W, 3504, 13, 2013/05/23, 19:35:33.861, 2951342161584, QTAgent32.exe, Playback - [WARNING] Internal warning: Couldn't find descendants that match QueryId
\0
W, 3504, 13, 2013/05/23, 19:35:51.921, 2951600759154, QTAgent32.exe, Playback - [WARNING] Internal warning: Window Not Found: [VisibleOnly]ControlType='Window' &amp;&amp; Name='Personal Lines' &amp;&amp; ClassName='#32770'
\0
E, 3504, 13, 2013/05/23, 19:35:51.922, 2951600765319, QTAgent32.exe, &lt;a class=failure&gt;Playback - {193} [FAILED] Function ElementFetcher::FindScreenElement failed to locate UI element (Searching: ;[VisibleOnly]ControlType='Window' &amp;&amp; Name='Personal Lines' &amp;&amp; ClassName='#32770') (The object specified was not found.)
\0&lt;/a&gt;
E, 3504, 13, 2013/05/23, 19:35:52.030, 2951602319226, QTAgent32.exe, Playback - [IMAGE] C:\Users\testuser\AppData\Local\Temp\UITestLogs\LastRun\RPF8323.png
\0
W, 3504, 13, 2013/05/23, 19:35:52.031, 2951602321847, QTAgent32.exe, Playback - [WARNING] Internal warning: Couldn't find descendants that match QueryId
\0
W, 3504, 13, 2013/05/23, 19:35:52.031, 2951602327961, QTAgent32.exe, PERF WARNING: FindTopLevelWindowHelper::FindAllDescendents: took 18169 ms. Expected it to take maximum 500 ms.
W, 3504, 13, 2013/05/23, 19:35:52.515, 2951609254749, QTAgent32.exe, Playback - [WARNING] Internal warning: Smart Match failed
\0
W, 3504, 13, 2013/05/23, 19:35:52.930, 2951615196119, QTAgent32.exe, Playback - [WARNING] Internal warning: Smart Match failed
\0
W, 3504, 13, 2013/05/23, 19:35:53.321, 2951620799716, QTAgent32.exe, Playback - [WARNING] Internal warning: Smart Match failed
\0
W, 3504, 13, 2013/05/23, 19:35:53.735, 2951626724988, QTAgent32.exe, Playback - [WARNING] Internal warning: Smart Match failed
\0
W, 3504, 13, 2013/05/23, 19:35:54.150, 2951632662513, QTAgent32.exe, Playback - [WARNING] Internal warning: Smart Match failed
\0
W, 3504, 13, 2013/05/23, 19:35:54.523, 2951638006867, QTAgent32.exe, Playback - [WARNING] Internal warning: Smart Match failed
\0
W, 3504, 13, 2013/05/23, 19:35:54.890, 2951643256950, QTAgent32.exe, Playback - [WARNING] Internal warning: Smart Match failed
\0
W, 3504, 13, 2013/05/23, 19:35:55.133, 2951646739640, QTAgent32.exe, Playback - [WARNING] Internal warning: Window Not Found: [VisibleOnly]ControlType='Window' &amp;&amp; Name='Personal Lines' &amp;&amp; ClassName='#32770'
\0
E, 3504, 13, 2013/05/23, 19:35:55.133, 2951646742805, QTAgent32.exe, &lt;a class=failure&gt;Playback - {194} [FAILED] Function ElementFetcher::FindScreenElement failed to locate UI element (Searching: ;[VisibleOnly]ControlType='Window' &amp;&amp; Name='Personal Lines' &amp;&amp; ClassName='#32770') (The object specified was not found.)
\0&lt;/a&gt;
E, 3504, 13, 2013/05/23, 19:35:55.218, 2951647959274, QTAgent32.exe, Playback - [IMAGE] C:\Users\testuser\AppData\Local\Temp\UITestLogs\LastRun\RPF8FB1.png
\0
W, 3504, 13, 2013/05/23, 19:35:55.218, 2951647962088, QTAgent32.exe, Playback - [WARNING] Internal warning: Couldn't find descendants that match QueryId
\0
W, 3504, 13, 2013/05/23, 19:35:55.218, 2951647965168, QTAgent32.exe, PERF WARNING: FindTopLevelWindowHelper::FindAllDescendents: took 3187 ms. Expected it to take maximum 500 ms.
E, 3504, 13, 2013/05/23, 19:35:55.219, 2951647967443, QTAgent32.exe, Exception: System.Runtime.InteropServices.COMException
	Message: Error HRESULT E_FAIL has been returned from a call to a COM component.
	Stack Trace:    at Microsoft.VisualStudio.TestTools.UITest.Playback.Engine.IRPFPlayback.FindAllScreenElements(IScreenElement pScreenElementStart, String bstrQueryId, Object&amp; pvarResKeys, Int32 cResKeys, Int32 nMaxDepth, Object[]&amp; foundDescendants)
   at Microsoft.VisualStudio.TestTools.UITest.Playback.ScreenElement.FindTopLevelWindowHelper(String queryId)
	BaseExceptionMessage: Error HRESULT E_FAIL has been returned from a call to a COM component.

E, 3504, 13, 2013/05/23, 19:35:55.219, 2951647974971, QTAgent32.exe, Window 330422 not responding. Last Win32 error 0
E, 3504, 13, 2013/05/23, 19:35:55.219, 2951647976304, QTAgent32.exe, GetClassName for handle 330422 failed
E, 3504, 13, 2013/05/23, 19:35:55.220, 2951647981551, QTAgent32.exe, Window 4655372 not responding. Last Win32 error 1400
E, 3504, 13, 2013/05/23, 19:35:55.220, 2951647982464, QTAgent32.exe, GetClassName for handle 4655372 failed
E, 3504, 13, 2013/05/23, 19:35:55.320, 2951649425587, QTAgent32.exe, AL: Playback Error: Microsoft.VisualStudio.TestTools.UITest.Extension.UITestControlNotAvailableException: The control is not available or not valid. Additional Details: 
TechnologyName:  'MSAA'
Name:  'OK'
ControlType:  'Button'
 ---&gt; Microsoft.VisualStudio.TestTools.UITest.Extension.UITestControlNotAvailableException: The control is not available or not valid. Additional Details: 
TechnologyName:  'MSAA'
ControlType:  'Window'
 ---&gt; System.Runtime.InteropServices.COMException: Error HRESULT E_FAIL has been returned from a call to a COM component.
   at Microsoft.VisualStudio.TestTools.UITest.Playback.Engine.IRPFPlayback.FindAllScreenElements(IScreenElement pScreenElementStart, String bstrQueryId, Object&amp; pvarResKeys, Int32 cResKeys, Int32 nMaxDepth, Object[]&amp; foundDescendants)
   at Microsoft.VisualStudio.TestTools.UITest.Playback.ScreenElement.FindTopLevelWindowHelper(String queryId)
   at Microsoft.VisualStudio.TestTools.UITest.Playback.ScreenElement.FindFromPartialQueryId(String queryId)
   at Microsoft.VisualStudio.TestTools.UITesting.UITestControl.EnsureValid(Boolean waitForReady, Boolean refetch)
   --- End of inner exception stack trace ---
   at Microsoft.VisualStudio.TestTools.UITesting.UITestControl.EnsureValid(Boolean waitForReady, Boolean refetch)
   at Microsoft.VisualStudio.TestTools.UITesting.UITestControl.FindFirstDescendant(String queryId, Int32 maxDepth, Int32&amp; timeLeft)
   at Microsoft.VisualStudio.TestTools.UITesting.UITestControl.FindFirstDescendant(String queryId)
   at Microsoft.VisualStudio.TestTools.UITesting.UITestControl.EnsureValid(Boolean waitForReady, Boolean refetch)
   --- End of inner exception stack trace ---
   at Microsoft.VisualStudio.TestTools.UITesting.UITestControl.EnsureValid(Boolean waitForReady, Boolean refetch)
   at Microsoft.VisualStudio.TestTools.UITesting.UITestControl.Click(MouseButtons button, ModifierKeys modifierKeys, Point relativeCoordinates)
   at Microsoft.VisualStudio.TestTools.UITesting.Mouse.ClickImplementation(UITestControl control, MouseButtons button, ModifierKeys modifierKeys, Point relativeCoordinate)
   at Microsoft.VisualStudio.TestTools.UITesting.Mouse.ClickImplementationWrapper(UITestControl control, MouseButtons button, ModifierKeys modifierKeys, Point relativeCoordinate)
W, 3504, 13, 2013/05/23, 19:35:55.321, 2951649429244, QTAgent32.exe, PlaybackErrorHandler: Ignoring exception as ContinueOnError is set.
W, 3504, 13, 2013/05/23, 19:35:55.653, 2951654185520, QTAgent32.exe, Playback - [WARNING] Internal warning: Window Not Found: [VisibleOnly]ControlType='Window' &amp;&amp; Name='Policies Auto-Renewed &amp; Auto-Lapsed' &amp;&amp; ClassName='ThunderRT6FormDC'
\0
E, 3504, 13, 2013/05/23, 19:35:55.653, 2951654189757, QTAgent32.exe, &lt;a class=failure&gt;Playback - {195} [FAILED] Function ElementFetcher::FindScreenElement failed to locate UI element (Searching: ;[VisibleOnly]ControlType='Window' &amp;&amp; Name='Policies Auto-Renewed &amp; Auto-Lapsed' &amp;&amp; ClassName='ThunderRT6FormDC') (The object specified was not found.)
\0&lt;/a&gt;
E, 3504, 13, 2013/05/23, 19:35:55.743, 2951655483455, QTAgent32.exe, Playback - [IMAGE] C:\Users\testuser\AppData\Local\Temp\UITestLogs\LastRun\RPF91B5.png
\0
W, 3504, 13, 2013/05/23, 19:35:55.744, 2951655485907, QTAgent32.exe, Playback - [WARNING] Internal warning: Couldn't find descendants that match QueryId
\0
W, 3504, 13, 2013/05/23, 19:36:13.835, 2951914516809, QTAgent32.exe, Playback - [WARNING] Internal warning: Window Not Found: [VisibleOnly]ControlType='Window' &amp;&amp; Name='Policies Auto-Renewed &amp; Auto-Lapsed' &amp;&amp; ClassName='ThunderRT6FormDC'
\0
E, 3504, 13, 2013/05/23, 19:36:13.835, 2951914524208, QTAgent32.exe, &lt;a class=failure&gt;Playback - {196} [FAILED] Function ElementFetcher::FindScreenElement failed to locate UI element (Searching: ;[VisibleOnly]ControlType='Window' &amp;&amp; Name='Policies Auto-Renewed &amp; Auto-Lapsed' &amp;&amp; ClassName='ThunderRT6FormDC') (The object specified was not found.)
\0&lt;/a&gt;
E, 3504, 13, 2013/05/23, 19:36:13.931, 2951915896972, QTAgent32.exe, Playback - [IMAGE] C:\Users\testuser\AppData\Local\Temp\UITestLogs\LastRun\RPFD8B4.png
\0
W, 3504, 13, 2013/05/23, 19:36:13.931, 2951915899502, QTAgent32.exe, Playback - [WARNING] Internal warning: Couldn't find descendants that match QueryId
\0
W, 3504, 13, 2013/05/23, 19:36:13.932, 2951915908052, QTAgent32.exe, PERF WARNING: FindTopLevelWindowHelper::FindAllDescendents: took 18187 ms. Expected it to take maximum 500 ms.
W, 3504, 13, 2013/05/23, 19:36:14.486, 2951923839658, QTAgent32.exe, Playback - [WARNING] Internal warning: Smart Match failed
\0
W, 3504, 13, 2013/05/23, 19:36:14.888, 2951929590488, QTAgent32.exe, Playback - [WARNING] Internal warning: Smart Match failed
\0
W, 3504, 13, 2013/05/23, 19:36:15.254, 2951934832674, QTAgent32.exe, Playback - [WARNING] Internal warning: Smart Match failed
\0
W, 3504, 13, 2013/05/23, 19:36:15.631, 2951940237431, QTAgent32.exe, Playback - [WARNING] Internal warning: Smart Match failed
\0
W, 3504, 13, 2013/05/23, 19:36:16.000, 2951945516249, QTAgent32.exe, Playback - [WARNING] Internal warning: Smart Match failed
\0
W, 3504, 13, 2013/05/23, 19:36:16.368, 2951950783285, QTAgent32.exe, Playback - [WARNING] Internal warning: Smart Match failed
\0
W, 3504, 13, 2013/05/23, 19:36:16.761, 2951956411914, QTAgent32.exe, Playback - [WARNING] Internal warning: Smart Match failed
\0
W, 3504, 13, 2013/05/23, 19:36:17.031, 2951960275341, QTAgent32.exe, Playback - [WARNING] Internal warning: Window Not Found: [VisibleOnly]ControlType='Window' &amp;&amp; Name='Policies Auto-Renewed &amp; Auto-Lapsed' &amp;&amp; ClassName='ThunderRT6FormDC'
\0
E, 3504, 13, 2013/05/23, 19:36:17.031, 2951960278486, QTAgent32.exe, &lt;a class=failure&gt;Playback - {197} [FAILED] Function ElementFetcher::FindScreenElement failed to locate UI element (Searching: ;[VisibleOnly]ControlType='Window' &amp;&amp; Name='Policies Auto-Renewed &amp; Auto-Lapsed' &amp;&amp; ClassName='ThunderRT6FormDC') (The object specified was not found.)
\0&lt;/a&gt;
E, 3504, 13, 2013/05/23, 19:36:17.110, 2951961412396, QTAgent32.exe, Playback - [IMAGE] C:\Users\testuser\AppData\Local\Temp\UITestLogs\LastRun\RPFE533.png
\0
W, 3504, 13, 2013/05/23, 19:36:17.111, 2951961417602, QTAgent32.exe, Playback - [WARNING] Internal warning: Couldn't find descendants that match QueryId
\0
W, 3504, 13, 2013/05/23, 19:36:17.111, 2951961421328, QTAgent32.exe, PERF WARNING: FindTopLevelWindowHelper::FindAllDescendents: took 3178 ms. Expected it to take maximum 500 ms.
E, 3504, 13, 2013/05/23, 19:36:17.111, 2951961423848, QTAgent32.exe, Exception: System.Runtime.InteropServices.COMException
	Message: Error HRESULT E_FAIL has been returned from a call to a COM component.
	Stack Trace:    at Microsoft.VisualStudio.TestTools.UITest.Playback.Engine.IRPFPlayback.FindAllScreenElements(IScreenElement pScreenElementStart, String bstrQueryId, Object&amp; pvarResKeys, Int32 cResKeys, Int32 nMaxDepth, Object[]&amp; foundDescendants)
   at Microsoft.VisualStudio.TestTools.UITest.Playback.ScreenElement.FindTopLevelWindowHelper(String queryId)
	BaseExceptionMessage: Error HRESULT E_FAIL has been returned from a call to a COM component.

E, 3504, 13, 2013/05/23, 19:36:17.213, 2951962883395, QTAgent32.exe, AL: Playback Error: Microsoft.VisualStudio.TestTools.UITest.Extension.UITestControlNotFoundException: The playback failed to find the control with the given search properties. Additional Details: 
TechnologyName:  'MSAA'
ControlType:  'Window'
Name:  'Policies Auto-Renewed &amp; Auto-Lapsed'
ClassName:  'ThunderRT6FormDC'
 ---&gt; System.Runtime.InteropServices.COMException: Error HRESULT E_FAIL has been returned from a call to a COM component.
   at Microsoft.VisualStudio.TestTools.UITest.Playback.Engine.IRPFPlayback.FindAllScreenElements(IScreenElement pScreenElementStart, String bstrQueryId, Object&amp; pvarResKeys, Int32 cResKeys, Int32 nMaxDepth, Object[]&amp; foundDescendants)
   at Microsoft.VisualStudio.TestTools.UITest.Playback.ScreenElement.FindTopLevelWindowHelper(String queryId)
   at Microsoft.VisualStudio.TestTools.UITest.Playback.ScreenElement.FindFromPartialQueryId(String queryId)
   at Microsoft.VisualStudio.TestTools.UITesting.UITestControl..ctor(String queryId)
   --- End of inner exception stack trace ---
   at Microsoft.VisualStudio.TestTools.UITesting.Playback.MapControlNotFoundException(COMException ex, IPlaybackContext context)
   at Microsoft.VisualStudio.TestTools.UITesting.Playback.MapAndThrowComException(COMException innerException, IPlaybackContext context)
   at Microsoft.VisualStudio.TestTools.UITesting.Playback.MapAndThrowException(SystemException exception, IPlaybackContext context)
   at Microsoft.VisualStudio.TestTools.UITesting.Playback.MapAndThrowException(SystemException exception, String queryId)
   at Microsoft.VisualStudio.TestTools.UITesting.UITestControl..ctor(String queryId)
   at Microsoft.VisualStudio.TestTools.UITesting.SearchHelper.SearchTopLevelWindow(ISearchArgument topLevelSearchArg, String topLevelElementQueryId)
   at Microsoft.VisualStudio.TestTools.UITesting.SearchHelper.GetTitleUpdatedTopLevelWindow(ISearchArgument topLevelSearchArg, String queryId, IList`1 windowTitles)
   at Microsoft.VisualStudio.TestTools.UITesting.SearchHelper.GetTopLevelElement(Boolean useCache, Boolean useCacheOnly, ISearchArgument searchArg, IList`1 windowTitles, Int32&amp; timeLeft)
   at Microsoft.VisualStudio.TestTools.UITesting.SearchHelper.GetElement(Boolean useCache, ISearchArgument searchArg)
   at Microsoft.VisualStudio.TestTools.UITesting.SearchHelper.Search(ISearchArgument searchArg)
   at Microsoft.VisualStudio.TestTools.UITesting.UITestControl.FindInternal()
   at Microsoft.VisualStudio.TestTools.UITesting.UITestControl.FindControlIfNecessary()
   at Microsoft.VisualStudio.TestTools.UITesting.UITestControl.Click(MouseButtons button, ModifierKeys modifierKeys, Point relativeCoordinates)
   at Microsoft.VisualStudio.TestTools.UITesting.Mouse.ClickImplementation(UITestControl control, MouseButtons button, ModifierKeys modifierKeys, Point relativeCoordinate)
   at Microsoft.VisualStudio.TestTools.UITesting.Mouse.ClickImplementationWrapper(UITestControl control, MouseButtons button, ModifierKeys modifierKeys, Point relativeCoordinate)
W, 3504, 13, 2013/05/23, 19:36:17.213, 2951962887261, QTAgent32.exe, PlaybackErrorHandler: Ignoring exception as ContinueOnError is set.
W, 3504, 13, 2013/05/23, 19:36:17.456, 2951966361748, QTAgent32.exe, &lt;a class=success&gt;Playback - {198} [SUCCESS] MouseButtonClick - "[MSAA, VisibleOnly]ControlType='Button' &amp;&amp; Name='EDI Match...'"
\0&lt;/a&gt;
W, 3504, 13, 2013/05/23, 19:36:17.700, 2951969858106, QTAgent32.exe, &lt;a class=success&gt;Playback - {199} [SUCCESS] MouseButtonClick - "[MSAA, VisibleOnly]ControlType='Button' &amp;&amp; Name='Ok'"
\0&lt;/a&gt;
W, 3504, 13, 2013/05/23, 19:36:20.245, 2952006288448, QTAgent32.exe, PERF WARNING: FindTopLevelWindowHelper::FindAllDescendents: took 2442 ms. Expected it to take maximum 500 ms.
W, 3504, 13, 2013/05/23, 19:36:20.383, 2952008272781, QTAgent32.exe, &lt;a class=success&gt;Playback - {200} [SUCCESS] MouseButtonClick - "[MSAA, VisibleOnly]ControlType='Button' &amp;&amp; Name='OK'"
\0&lt;/a&gt;
W, 3504, 13, 2013/05/23, 19:36:22.006, 2952031515148, QTAgent32.exe, Playback - [WARNING] Internal warning: Element "[MSAA, VisibleOnly]ControlType='Window' &amp;&amp; ControlId='5'" was not found, so all intermediate elements were ignored. To improve performance replace this element Id with another Id or exclude it from QueryId. If this element is the target element, replace or remove intermediate elements
\0
W, 3504, 13, 2013/05/23, 19:36:24.561, 2952068090231, QTAgent32.exe, Playback - [WARNING] Internal warning:Search failure: &lt;[MSAA, VisibleOnly]ControlType='Window' &amp;&amp; ControlId='32768'&gt; | Performed (4) search retries, UI element not found
\0
E, 3504, 13, 2013/05/23, 19:36:24.561, 2952068095240, QTAgent32.exe, &lt;a class=failure&gt;Playback - {201} [FAILED] Function ElementFetcher::FindScreenElement failed to locate UI element (Searching: ;[MSAA, VisibleOnly]ControlType='Window' &amp;&amp; ControlId='32768';[MSAA, VisibleOnly]ControlType='Window' &amp;&amp; ControlId='5';[MSAA, VisibleOnly]ControlType='Button' &amp;&amp; Name='Log and Clear') (The object specified was not found.)
\0&lt;/a&gt;
E, 3504, 13, 2013/05/23, 19:36:24.644, 2952069276448, QTAgent32.exe, Playback - [IMAGE] C:\Users\testuser\AppData\Local\Temp\UITestLogs\LastRun\RPF2A3.png
\0
W, 3504, 13, 2013/05/23, 19:36:24.644, 2952069278737, QTAgent32.exe, Playback - [WARNING] Internal warning: Couldn't find descendants that match QueryId
\0
W, 3504, 13, 2013/05/23, 19:36:24.644, 2952069282429, QTAgent32.exe, PERF WARNING: FindAllDescendents: took 4159 ms. Expected it to take maximum 500 ms.
E, 3504, 13, 2013/05/23, 19:36:24.749, 2952070783533, QTAgent32.exe, AL: Playback Error: Microsoft.VisualStudio.TestTools.UITest.Extension.UITestControlNotFoundException: The playback failed to find the control with the given search properties. Additional Details: 
TechnologyName:  'MSAA'
ControlType:  'Button'
Name:  'Log and Clear'
 ---&gt; System.Runtime.InteropServices.COMException: Error HRESULT E_FAIL has been returned from a call to a COM component.
   at Microsoft.VisualStudio.TestTools.UITest.Playback.Engine.IScreenElement.FindAllDescendants(String bstrQueryId, Object&amp; pvarResKeys, Int32 cResKeys, Int32 nMaxDepth)
   at Microsoft.VisualStudio.TestTools.UITest.Playback.ScreenElement.FindAllScreenElement(String queryId, Int32 depth, Boolean singleQueryId, Boolean throwException)
   at Microsoft.VisualStudio.TestTools.UITest.Playback.ScreenElement.FindScreenElement(String queryId, Int32 depth)
   at Microsoft.VisualStudio.TestTools.UITesting.UITestControl.FindFirstDescendant(String queryId, Int32 maxDepth, Int32&amp; timeLeft)
   --- End of inner exception stack trace ---
   at Microsoft.VisualStudio.TestTools.UITesting.Playback.MapControlNotFoundException(COMException ex, IPlaybackContext context)
   at Microsoft.VisualStudio.TestTools.UITesting.Playback.MapAndThrowComException(COMException innerException, IPlaybackContext context)
   at Microsoft.VisualStudio.TestTools.UITesting.Playback.MapAndThrowException(SystemException exception, IPlaybackContext context)
   at Microsoft.VisualStudio.TestTools.UITesting.Playback.MapAndThrowException(SystemException exception, String queryId)
   at Microsoft.VisualStudio.TestTools.UITesting.UITestControl.FindFirstDescendant(String queryId, Int32 maxDepth, Int32&amp; timeLeft)
   at Microsoft.VisualStudio.TestTools.UITesting.SearchHelper.GetElement(Boolean useCache, ISearchArgument searchArg)
   at Microsoft.VisualStudio.TestTools.UITesting.SearchHelper.Search(ISearchArgument searchArg)
   at Microsoft.VisualStudio.TestTools.UITesting.UITestControl.FindInternal()
   at Microsoft.VisualStudio.TestTools.UITesting.UITestControl.FindControlIfNecessary()
   at Microsoft.VisualStudio.TestTools.UITesting.UITestControl.Click(MouseButtons button, ModifierKeys modifierKeys, Point relativeCoordinates)
   at Microsoft.VisualStudio.TestTools.UITesting.Mouse.ClickImplementation(UITestControl control, MouseButtons button, ModifierKeys modifierKeys, Point relativeCoordinate)
   at Microsoft.VisualStudio.TestTools.UITesting.Mouse.ClickImplementationWrapper(UITestControl control, MouseButtons button, ModifierKeys modifierKeys, Point relativeCoordinate)
W, 3504, 13, 2013/05/23, 19:36:24.749, 2952070787323, QTAgent32.exe, PlaybackErrorHandler: Ignoring exception as ContinueOnError is set.
W, 3504, 13, 2013/05/23, 19:36:25.050, 2952075101372, QTAgent32.exe, Playback - [WARNING] Internal warning: Window Not Found: [VisibleOnly]ControlType='Window' &amp;&amp; Name='Personal Lines' &amp;&amp; ClassName='#32770'
\0
E, 3504, 13, 2013/05/23, 19:36:25.051, 2952075104714, QTAgent32.exe, &lt;a class=failure&gt;Playback - {202} [FAILED] Function ElementFetcher::FindScreenElement failed to locate UI element (Searching: ;[VisibleOnly]ControlType='Window' &amp;&amp; Name='Personal Lines' &amp;&amp; ClassName='#32770') (The object specified was not found.)
\0&lt;/a&gt;
E, 3504, 13, 2013/05/23, 19:36:25.147, 2952076489501, QTAgent32.exe, Playback - [IMAGE] C:\Users\testuser\AppData\Local\Temp\UITestLogs\LastRun\RPF488.png
\0
W, 3504, 13, 2013/05/23, 19:36:25.148, 2952076492110, QTAgent32.exe, Playback - [WARNING] Internal warning: Couldn't find descendants that match QueryId
\0
W, 3504, 13, 2013/05/23, 19:36:43.182, 2952334716496, QTAgent32.exe, Playback - [WARNING] Internal warning: Window Not Found: [VisibleOnly]ControlType='Window' &amp;&amp; Name='Personal Lines' &amp;&amp; ClassName='#32770'
\0
E, 3504, 13, 2013/05/23, 19:36:43.182, 2952334720509, QTAgent32.exe, &lt;a class=failure&gt;Playback - {203} [FAILED] Function ElementFetcher::FindScreenElement failed to locate UI element (Searching: ;[VisibleOnly]ControlType='Window' &amp;&amp; Name='Personal Lines' &amp;&amp; ClassName='#32770') (The object specified was not found.)
\0&lt;/a&gt;
E, 3504, 13, 2013/05/23, 19:36:43.263, 2952335870502, QTAgent32.exe, Playback - [IMAGE] C:\Users\testuser\AppData\Local\Temp\UITestLogs\LastRun\RPF4B68.png
\0
W, 3504, 13, 2013/05/23, 19:36:43.263, 2952335873027, QTAgent32.exe, Playback - [WARNING] Internal warning: Couldn't find descendants that match QueryId
\0
W, 3504, 13, 2013/05/23, 19:36:43.263, 2952335876461, QTAgent32.exe, PERF WARNING: FindTopLevelWindowHelper::FindAllDescendents: took 18115 ms. Expected it to take maximum 500 ms.
W, 3504, 13, 2013/05/23, 19:36:43.808, 2952343668223, QTAgent32.exe, Playback - [WARNING] Internal warning: Smart Match failed
\0
W, 3504, 13, 2013/05/23, 19:36:44.211, 2952349444024, QTAgent32.exe, Playback - [WARNING] Internal warning: Smart Match failed
\0
W, 3504, 13, 2013/05/23, 19:36:44.582, 2952354764412, QTAgent32.exe, Playback - [WARNING] Internal warning: Smart Match failed
\0
W, 3504, 13, 2013/05/23, 19:36:44.960, 2952360175634, QTAgent32.exe, Playback - [WARNING] Internal warning: Smart Match failed
\0
W, 3504, 13, 2013/05/23, 19:36:45.326, 2952365409753, QTAgent32.exe, Playback - [WARNING] Internal warning: Smart Match failed
\0
W, 3504, 13, 2013/05/23, 19:36:45.725, 2952371129321, QTAgent32.exe, Playback - [WARNING] Internal warning: Smart Match failed
\0
W, 3504, 13, 2013/05/23, 19:36:46.122, 2952376804370, QTAgent32.exe, Playback - [WARNING] Internal warning: Smart Match failed
\0
W, 3504, 13, 2013/05/23, 19:36:46.392, 2952380672493, QTAgent32.exe, Playback - [WARNING] Internal warning: Window Not Found: [VisibleOnly]ControlType='Window' &amp;&amp; Name='Personal Lines' &amp;&amp; ClassName='#32770'
\0
E, 3504, 13, 2013/05/23, 19:36:46.392, 2952380675340, QTAgent32.exe, &lt;a class=failure&gt;Playback - {204} [FAILED] Function ElementFetcher::FindScreenElement failed to locate UI element (Searching: ;[VisibleOnly]ControlType='Window' &amp;&amp; Name='Personal Lines' &amp;&amp; ClassName='#32770') (The object specified was not found.)
\0&lt;/a&gt;
E, 3504, 13, 2013/05/23, 19:36:46.537, 2952382752240, QTAgent32.exe, Playback - [IMAGE] C:\Users\testuser\AppData\Local\Temp\UITestLogs\LastRun\RPF57E7.png
\0
W, 3504, 13, 2013/05/23, 19:36:46.537, 2952382754847, QTAgent32.exe, Playback - [WARNING] Internal warning: Couldn't find descendants that match QueryId
\0
W, 3504, 13, 2013/05/23, 19:36:46.537, 2952382757882, QTAgent32.exe, PERF WARNING: FindTopLevelWindowHelper::FindAllDescendents: took 3274 ms. Expected it to take maximum 500 ms.
E, 3504, 13, 2013/05/23, 19:36:46.537, 2952382759754, QTAgent32.exe, Exception: System.Runtime.InteropServices.COMException
	Message: Error HRESULT E_FAIL has been returned from a call to a COM component.
	Stack Trace:    at Microsoft.VisualStudio.TestTools.UITest.Playback.Engine.IRPFPlayback.FindAllScreenElements(IScreenElement pScreenElementStart, String bstrQueryId, Object&amp; pvarResKeys, Int32 cResKeys, Int32 nMaxDepth, Object[]&amp; foundDescendants)
   at Microsoft.VisualStudio.TestTools.UITest.Playback.ScreenElement.FindTopLevelWindowHelper(String queryId)
	BaseExceptionMessage: Error HRESULT E_FAIL has been returned from a call to a COM component.

E, 3504, 13, 2013/05/23, 19:36:46.538, 2952382764512, QTAgent32.exe, GetClassName for handle 6882660 failed
E, 3504, 13, 2013/05/23, 19:36:46.538, 2952382774384, QTAgent32.exe, Window 6882660 not responding. Last Win32 error 1400
E, 3504, 13, 2013/05/23, 19:36:46.539, 2952382775671, QTAgent32.exe, GetClassName for handle 6882660 failed
E, 3504, 13, 2013/05/23, 19:36:46.539, 2952382779936, QTAgent32.exe, GetClassName for handle 7341294 failed
E, 3504, 13, 2013/05/23, 19:36:46.540, 2952382795149, QTAgent32.exe, Window 7341294 not responding. Last Win32 error 1400
E, 3504, 13, 2013/05/23, 19:36:46.540, 2952382797154, QTAgent32.exe, GetClassName for handle 7341294 failed
E, 3504, 13, 2013/05/23, 19:36:46.641, 2952384235773, QTAgent32.exe, AL: Playback Error: Microsoft.VisualStudio.TestTools.UITest.Extension.UITestControlNotAvailableException: The control is not available or not valid. Additional Details: 
TechnologyName:  'MSAA'
ControlType:  'Button'
 ---&gt; Microsoft.VisualStudio.TestTools.UITest.Extension.UITestControlNotAvailableException: The control is not available or not valid. Additional Details: 
TechnologyName:  'MSAA'
ControlType:  'Window'
 ---&gt; System.Runtime.InteropServices.COMException: Error HRESULT E_FAIL has been returned from a call to a COM component.
   at Microsoft.VisualStudio.TestTools.UITest.Playback.Engine.IRPFPlayback.FindAllScreenElements(IScreenElement pScreenElementStart, String bstrQueryId, Object&amp; pvarResKeys, Int32 cResKeys, Int32 nMaxDepth, Object[]&amp; foundDescendants)
   at Microsoft.VisualStudio.TestTools.UITest.Playback.ScreenElement.FindTopLevelWindowHelper(String queryId)
   at Microsoft.VisualStudio.TestTools.UITest.Playback.ScreenElement.FindFromPartialQueryId(String queryId)
   at Microsoft.VisualStudio.TestTools.UITesting.UITestControl.EnsureValid(Boolean waitForReady, Boolean refetch)
   --- End of inner exception stack trace ---
   at Microsoft.VisualStudio.TestTools.UITesting.UITestControl.EnsureValid(Boolean waitForReady, Boolean refetch)
   at Microsoft.VisualStudio.TestTools.UITesting.UITestControl.FindFirstDescendant(String queryId, Int32 maxDepth, Int32&amp; timeLeft)
   at Microsoft.VisualStudio.TestTools.UITesting.UITestControl.FindFirstDescendant(String queryId)
   at Microsoft.VisualStudio.TestTools.UITesting.UITestControl.EnsureValid(Boolean waitForReady, Boolean refetch)
   --- End of inner exception stack trace ---
   at Microsoft.VisualStudio.TestTools.UITesting.UITestControl.EnsureValid(Boolean waitForReady, Boolean refetch)
   at Microsoft.VisualStudio.TestTools.UITesting.UITestControl.Click(MouseButtons button, ModifierKeys modifierKeys, Point relativeCoordinates)
   at Microsoft.VisualStudio.TestTools.UITesting.Mouse.ClickImplementation(UITestControl control, MouseButtons button, ModifierKeys modifierKeys, Point relativeCoordinate)
   at Microsoft.VisualStudio.TestTools.UITesting.Mouse.ClickImplementationWrapper(UITestControl control, MouseButtons button, ModifierKeys modifierKeys, Point relativeCoordinate)
W, 3504, 13, 2013/05/23, 19:36:46.641, 2952384239308, QTAgent32.exe, PlaybackErrorHandler: Ignoring exception as ContinueOnError is set.
W, 3504, 13, 2013/05/23, 19:36:46.814, 2952386722312, QTAgent32.exe, &lt;a class=success&gt;Playback - {205} [SUCCESS] MouseButtonClick - "[MSAA, VisibleOnly]ControlType='Button' &amp;&amp; Name='Filter...'"
\0&lt;/a&gt;
W, 3504, 13, 2013/05/23, 19:36:47.460, 2952395975237, QTAgent32.exe, &lt;a class=success&gt;Playback - {206} [SUCCESS] SendKeys "^{HOME}" - "[MSAA, VisibleOnly]ControlType='Edit'"
\0&lt;/a&gt;
E, 3504, 13, 2013/05/23, 19:36:47.461, 2952395978947, QTAgent32.exe, Msaa.GetFocusedElement: could not find accessible object of foreground window
W, 3504, 13, 2013/05/23, 19:36:47.518, 2952396801220, QTAgent32.exe, &lt;a class=success&gt;Playback - {207} [SUCCESS] SendKeys "^+{END}" - "[MSAA, VisibleOnly]ControlType='Edit'"
\0&lt;/a&gt;
E, 3504, 13, 2013/05/23, 19:36:47.518, 2952396804272, QTAgent32.exe, Msaa.GetFocusedElement: could not find accessible object of foreground window
W, 3504, 13, 2013/05/23, 19:36:47.532, 2952397006013, QTAgent32.exe, &lt;a class=success&gt;Playback - {208} [SUCCESS] SendKeys "{DELETE}" - "[MSAA, VisibleOnly]ControlType='Edit'"
\0&lt;/a&gt;
W, 3504, 13, 2013/05/23, 19:36:48.196, 2952406505486, QTAgent32.exe, &lt;a class=success&gt;Playback - {209} [SUCCESS] SetValueAsEditBox "30/05/13" - "[MSAA, VisibleOnly]ControlType='Edit'"  &lt; Set via SendKeys &gt;
\0&lt;/a&gt;
W, 3504, 13, 2013/05/23, 19:36:48.993, 2952417919265, QTAgent32.exe, &lt;a class=success&gt;Playback - {210} [SUCCESS] SendKeys "^{HOME}" - "[MSAA, VisibleOnly]ControlType='Edit'"
\0&lt;/a&gt;
E, 3504, 13, 2013/05/23, 19:36:48.993, 2952417922877, QTAgent32.exe, Msaa.GetFocusedElement: could not find accessible object of foreground window
W, 3504, 13, 2013/05/23, 19:36:49.050, 2952418730016, QTAgent32.exe, &lt;a class=success&gt;Playback - {211} [SUCCESS] SendKeys "^+{END}" - "[MSAA, VisibleOnly]ControlType='Edit'"
\0&lt;/a&gt;
E, 3504, 13, 2013/05/23, 19:36:49.050, 2952418735054, QTAgent32.exe, Msaa.GetFocusedElement: could not find accessible object of foreground window
W, 3504, 13, 2013/05/23, 19:36:49.068, 2952418994869, QTAgent32.exe, &lt;a class=success&gt;Playback - {212} [SUCCESS] SendKeys "{DELETE}" - "[MSAA, VisibleOnly]ControlType='Edit'"
\0&lt;/a&gt;
W, 3504, 13, 2013/05/23, 19:36:49.674, 2952427665077, QTAgent32.exe, &lt;a class=success&gt;Playback - {213} [SUCCESS] SetValueAsEditBox "30/05/13" - "[MSAA, VisibleOnly]ControlType='Edit'"  &lt; Set via SendKeys &gt;
\0&lt;/a&gt;
W, 3504, 13, 2013/05/23, 19:36:50.860, 2952444648057, QTAgent32.exe, Playback - [WARNING] Internal warning: Incorrect flag set for InvokeProgrammaticAction\0
W, 3504, 13, 2013/05/23, 19:36:50.984, 2952446421416, QTAgent32.exe, &lt;a class=success&gt;Playback - {214} [SUCCESS] SetValueAsComboBox "Household" - "[MSAA, VisibleOnly]ControlType='ComboBox'"  &lt; SetValueAsComboBox, set by clicking on the item in the list box &gt;
\0&lt;/a&gt;
W, 3504, 13, 2013/05/23, 19:36:51.271, 2952450537645, QTAgent32.exe, &lt;a class=success&gt;Playback - {215} [SUCCESS] MouseButtonClick - "[MSAA, VisibleOnly]ControlType='Button' &amp;&amp; Name='Ok'"
\0&lt;/a&gt;
W, 3504, 13, 2013/05/23, 19:36:51.512, 2952453983536, QTAgent32.exe, &lt;a class=success&gt;Playback - {216} [SUCCESS] MouseButtonClick - "[MSAA, VisibleOnly]ControlType='Client'"
\0&lt;/a&gt;
W, 3504, 13, 2013/05/23, 19:36:53.221, 2952478456247, QTAgent32.exe, &lt;a class=success&gt;Playback - {217} [SUCCESS] MouseButtonClick - "[MSAA, VisibleOnly]ControlType='Client'"
\0&lt;/a&gt;
W, 3504, 13, 2013/05/23, 19:36:53.767, 2952486269884, QTAgent32.exe, &lt;a class=success&gt;Playback - {218} [SUCCESS] SendKeys "{Home}" - "[MSAA, VisibleOnly]ControlType='Client'"
\0&lt;/a&gt;
W, 3504, 13, 2013/05/23, 19:36:54.054, 2952490385189, QTAgent32.exe, &lt;a class=success&gt;Playback - {219} [SUCCESS] MouseButtonClick - "[MSAA, VisibleOnly]ControlType='Button' &amp;&amp; Name='Display Record...'"
\0&lt;/a&gt;
W, 3504, 13, 2013/05/23, 19:36:54.484, 2952496546538, QTAgent32.exe, Playback - [WARNING] Internal warning: Window Not Found: [VisibleOnly]ControlType='Window' &amp;&amp; Name='AUTO230-1001' &amp;&amp; ClassName='ThunderRT6FormDC'
\0
E, 3504, 13, 2013/05/23, 19:36:54.485, 2952496551194, QTAgent32.exe, &lt;a class=failure&gt;Playback - {220} [FAILED] Function ElementFetcher::FindScreenElement failed to locate UI element (Searching: ;[VisibleOnly]ControlType='Window' &amp;&amp; Name='AUTO230-1001' &amp;&amp; ClassName='ThunderRT6FormDC') (The object specified was not found.)
\0&lt;/a&gt;
E, 3504, 13, 2013/05/23, 19:36:54.564, 2952497688120, QTAgent32.exe, Playback - [IMAGE] C:\Users\testuser\AppData\Local\Temp\UITestLogs\LastRun\RPF7788.png
\0
W, 3504, 13, 2013/05/23, 19:36:54.564, 2952497690945, QTAgent32.exe, Playback - [WARNING] Internal warning: Couldn't find descendants that match QueryId
\0
W, 3504, 13, 2013/05/23, 19:37:12.628, 2952756327027, QTAgent32.exe, Playback - [WARNING] Internal warning: Window Not Found: [VisibleOnly]ControlType='Window' &amp;&amp; Name='AUTO230-1001' &amp;&amp; ClassName='ThunderRT6FormDC'
\0
E, 3504, 13, 2013/05/23, 19:37:12.629, 2952756334882, QTAgent32.exe, &lt;a class=failure&gt;Playback - {221} [FAILED] Function ElementFetcher::FindScreenElement failed to locate UI element (Searching: ;[VisibleOnly]ControlType='Window' &amp;&amp; Name='AUTO230-1001' &amp;&amp; ClassName='ThunderRT6FormDC') (The object specified was not found.)
\0&lt;/a&gt;
E, 3504, 13, 2013/05/23, 19:37:12.721, 2952757657223, QTAgent32.exe, Playback - [IMAGE] C:\Users\testuser\AppData\Local\Temp\UITestLogs\LastRun\RPFBE68.png
\0
W, 3504, 13, 2013/05/23, 19:37:12.721, 2952757659909, QTAgent32.exe, Playback - [WARNING] Internal warning: Couldn't find descendants that match QueryId
\0
W, 3504, 13, 2013/05/23, 19:37:12.722, 2952757668073, QTAgent32.exe, PERF WARNING: FindTopLevelWindowHelper::FindAllDescendents: took 18156 ms. Expected it to take maximum 500 ms.
W, 3504, 13, 2013/05/23, 19:37:13.457, 2952768193806, QTAgent32.exe, Playback - [WARNING] Internal warning: Window with Class "ThunderRT6FormDC" and Title "AUTO230-1001" was not found, so similar window with Class "ThunderRT6FormDC" and Title "AUTO207-1001" was accepted
\0
W, 3504, 13, 2013/05/23, 19:37:13.457, 2952768202372, QTAgent32.exe, PERF WARNING: FindTopLevelWindowHelper::FindAllDescendents: took 735 ms. Expected it to take maximum 500 ms.
W, 3504, 13, 2013/05/23, 19:37:13.613, 2952770426128, QTAgent32.exe, &lt;a class=success&gt;Playback - {222} [SUCCESS] MouseButtonClick - "[MSAA, VisibleOnly]ControlType='Button' &amp;&amp; Name='Rebroke...'"
\0&lt;/a&gt;
W, 3504, 13, 2013/05/23, 19:37:13.887, 2952774360221, QTAgent32.exe, &lt;a class=success&gt;Playback - {223} [SUCCESS] MouseButtonClick - "[MSAA, VisibleOnly]ControlType='Button' &amp;&amp; Name='Yes'"
\0&lt;/a&gt;
W, 3504, 13, 2013/05/23, 19:37:14.139, 2952777964994, QTAgent32.exe, &lt;a class=success&gt;Playback - {224} [SUCCESS] MouseButtonClick - "[MSAA, VisibleOnly]ControlType='Button' &amp;&amp; Name='Proceed'"
\0&lt;/a&gt;
W, 3504, 13, 2013/05/23, 19:37:14.406, 2952781788288, QTAgent32.exe, &lt;a class=success&gt;Playback - {225} [SUCCESS] MouseButtonClick - "[MSAA, VisibleOnly]ControlType='Button' &amp;&amp; Name='Ok'"
\0&lt;/a&gt;
W, 3504, 13, 2013/05/23, 19:37:16.768, 2952815604658, QTAgent32.exe, PERF WARNING: FindTopLevelWindowHelper::FindAllDescendents: took 2259 ms. Expected it to take maximum 500 ms.
W, 3504, 13, 2013/05/23, 19:37:16.908, 2952817613662, QTAgent32.exe, &lt;a class=success&gt;Playback - {226} [SUCCESS] MouseButtonClick - "[MSAA, VisibleOnly]ControlType='Client'"
\0&lt;/a&gt;
W, 3504, 13, 2013/05/23, 19:37:18.930, 2952846558564, QTAgent32.exe, &lt;a class=success&gt;Playback - {227} [SUCCESS] SendKeys "{Home}" - "[MSAA, VisibleOnly]ControlType='Client'"
\0&lt;/a&gt;
W, 3504, 13, 2013/05/23, 19:37:20.477, 2952868710224, QTAgent32.exe, &lt;a class=success&gt;Playback - {228} [SUCCESS] MouseButtonClick - "[MSAA, VisibleOnly]ControlType='Button' &amp;&amp; Name='Select Alternative'"
\0&lt;/a&gt;
W, 3504, 13, 2013/05/23, 19:37:20.863, 2952874230524, QTAgent32.exe, &lt;a class=success&gt;Playback - {229} [SUCCESS] MouseButtonClick - "[MSAA, VisibleOnly]ControlType='Button' &amp;&amp; Name='OK'"
\0&lt;/a&gt;
W, 3504, 13, 2013/05/23, 19:37:21.117, 2952877868910, QTAgent32.exe, &lt;a class=success&gt;Playback - {230} [SUCCESS] MouseButtonClick - "[MSAA, VisibleOnly]ControlType='Button' &amp;&amp; Name='Invite'"
\0&lt;/a&gt;
W, 3504, 13, 2013/05/23, 19:37:21.366, 2952881436398, QTAgent32.exe, &lt;a class=success&gt;Playback - {231} [SUCCESS] MouseButtonClick - "[MSAA, VisibleOnly]ControlType='Button' &amp;&amp; Name='OK'"
\0&lt;/a&gt;
W, 3504, 13, 2013/05/23, 19:37:21.840, 2952888223437, QTAgent32.exe, &lt;a class=success&gt;Playback - {232} [SUCCESS] MouseButtonClick - "[MSAA, VisibleOnly]ControlType='Button' &amp;&amp; Name='Ok'"
\0&lt;/a&gt;
W, 3504, 13, 2013/05/23, 19:37:28.396, 2952982089097, QTAgent32.exe, Playback - [WARNING] Internal warning: Window Not Found: [VisibleOnly]ControlType='Window' &amp;&amp; Name='Personal Lines' &amp;&amp; ClassName='#32770'
\0
E, 3504, 13, 2013/05/23, 19:37:28.396, 2952982096013, QTAgent32.exe, &lt;a class=failure&gt;Playback - {233} [FAILED] Function ElementFetcher::FindScreenElement failed to locate UI element (Searching: ;[VisibleOnly]ControlType='Window' &amp;&amp; Name='Personal Lines' &amp;&amp; ClassName='#32770') (The object specified was not found.)
\0&lt;/a&gt;
E, 3504, 13, 2013/05/23, 19:37:28.508, 2952983698253, QTAgent32.exe, Playback - [IMAGE] C:\Users\testuser\AppData\Local\Temp\UITestLogs\LastRun\RPFFC05.png
\0
W, 3504, 13, 2013/05/23, 19:37:28.508, 2952983702200, QTAgent32.exe, Playback - [WARNING] Internal warning: Couldn't find descendants that match QueryId
\0
W, 3504, 13, 2013/05/23, 19:37:28.509, 2952983707846, QTAgent32.exe, PERF WARNING: FindTopLevelWindowHelper::FindAllDescendents: took 6568 ms. Expected it to take maximum 500 ms.
W, 3504, 13, 2013/05/23, 19:37:46.517, 2953241559254, QTAgent32.exe, Playback - [WARNING] Internal warning: Window Not Found: [VisibleOnly]ControlType='Window' &amp;&amp; Name='Personal Lines' &amp;&amp; ClassName='#32770'
\0
E, 3504, 13, 2013/05/23, 19:37:46.517, 2953241566089, QTAgent32.exe, &lt;a class=failure&gt;Playback - {234} [FAILED] Function ElementFetcher::FindScreenElement failed to locate UI element (Searching: ;[VisibleOnly]ControlType='Window' &amp;&amp; Name='Personal Lines' &amp;&amp; ClassName='#32770') (The object specified was not found.)
\0&lt;/a&gt;
E, 3504, 13, 2013/05/23, 19:37:46.622, 2953243061181, QTAgent32.exe, Playback - [IMAGE] C:\Users\testuser\AppData\Local\Temp\UITestLogs\LastRun\RPF42D5.png
\0
W, 3504, 13, 2013/05/23, 19:37:46.622, 2953243063851, QTAgent32.exe, Playback - [WARNING] Internal warning: Couldn't find descendants that match QueryId
\0
W, 3504, 13, 2013/05/23, 19:37:46.623, 2953243072126, QTAgent32.exe, PERF WARNING: FindTopLevelWindowHelper::FindAllDescendents: took 18113 ms. Expected it to take maximum 500 ms.
W, 3504, 13, 2013/05/23, 19:37:47.191, 2953251204351, QTAgent32.exe, Playback - [WARNING] Internal warning: Smart Match failed
\0
W, 3504, 13, 2013/05/23, 19:37:47.586, 2953256862303, QTAgent32.exe, Playback - [WARNING] Internal warning: Smart Match failed
\0
W, 3504, 13, 2013/05/23, 19:37:47.976, 2953262439537, QTAgent32.exe, Playback - [WARNING] Internal warning: Smart Match failed
\0
W, 3504, 13, 2013/05/23, 19:37:48.354, 2953267854423, QTAgent32.exe, Playback - [WARNING] Internal warning: Smart Match failed
\0
W, 3504, 13, 2013/05/23, 19:37:48.749, 2953273507844, QTAgent32.exe, Playback - [WARNING] Internal warning: Smart Match failed
\0
W, 3504, 13, 2013/05/23, 19:37:49.161, 2953279420230, QTAgent32.exe, Playback - [WARNING] Internal warning: Smart Match failed
\0
W, 3504, 13, 2013/05/23, 19:37:49.579, 2953285400870, QTAgent32.exe, Playback - [WARNING] Internal warning: Smart Match failed
\0
W, 3504, 13, 2013/05/23, 19:37:49.861, 2953289445236, QTAgent32.exe, Playback - [WARNING] Internal warning: Window Not Found: [VisibleOnly]ControlType='Window' &amp;&amp; Name='Personal Lines' &amp;&amp; ClassName='#32770'
\0
E, 3504, 13, 2013/05/23, 19:37:49.862, 2953289448524, QTAgent32.exe, &lt;a class=failure&gt;Playback - {235} [FAILED] Function ElementFetcher::FindScreenElement failed to locate UI element (Searching: ;[VisibleOnly]ControlType='Window' &amp;&amp; Name='Personal Lines' &amp;&amp; ClassName='#32770') (The object specified was not found.)
\0&lt;/a&gt;
E, 3504, 13, 2013/05/23, 19:37:49.950, 2953290710267, QTAgent32.exe, Playback - [IMAGE] C:\Users\testuser\AppData\Local\Temp\UITestLogs\LastRun\RPF4FE0.png
\0
W, 3504, 13, 2013/05/23, 19:37:49.950, 2953290712654, QTAgent32.exe, Playback - [WARNING] Internal warning: Couldn't find descendants that match QueryId
\0
W, 3504, 13, 2013/05/23, 19:37:49.950, 2953290716026, QTAgent32.exe, PERF WARNING: FindTopLevelWindowHelper::FindAllDescendents: took 3327 ms. Expected it to take maximum 500 ms.
E, 3504, 13, 2013/05/23, 19:37:49.950, 2953290717814, QTAgent32.exe, Exception: System.Runtime.InteropServices.COMException
	Message: Error HRESULT E_FAIL has been returned from a call to a COM component.
	Stack Trace:    at Microsoft.VisualStudio.TestTools.UITest.Playback.Engine.IRPFPlayback.FindAllScreenElements(IScreenElement pScreenElementStart, String bstrQueryId, Object&amp; pvarResKeys, Int32 cResKeys, Int32 nMaxDepth, Object[]&amp; foundDescendants)
   at Microsoft.VisualStudio.TestTools.UITest.Playback.ScreenElement.FindTopLevelWindowHelper(String queryId)
	BaseExceptionMessage: Error HRESULT E_FAIL has been returned from a call to a COM component.

E, 3504, 13, 2013/05/23, 19:37:49.951, 2953290725609, QTAgent32.exe, Window 6882660 not responding. Last Win32 error 0
E, 3504, 13, 2013/05/23, 19:37:49.951, 2953290726941, QTAgent32.exe, GetClassName for handle 6882660 failed
E, 3504, 13, 2013/05/23, 19:37:50.052, 2953292170998, QTAgent32.exe, AL: Playback Error: Microsoft.VisualStudio.TestTools.UITest.Extension.UITestControlNotAvailableException: The control is not available or not valid. Additional Details: 
TechnologyName:  'MSAA'
ControlType:  'Window'
 ---&gt; System.Runtime.InteropServices.COMException: Error HRESULT E_FAIL has been returned from a call to a COM component.
   at Microsoft.VisualStudio.TestTools.UITest.Playback.Engine.IRPFPlayback.FindAllScreenElements(IScreenElement pScreenElementStart, String bstrQueryId, Object&amp; pvarResKeys, Int32 cResKeys, Int32 nMaxDepth, Object[]&amp; foundDescendants)
   at Microsoft.VisualStudio.TestTools.UITest.Playback.ScreenElement.FindTopLevelWindowHelper(String queryId)
   at Microsoft.VisualStudio.TestTools.UITest.Playback.ScreenElement.FindFromPartialQueryId(String queryId)
   at Microsoft.VisualStudio.TestTools.UITesting.UITestControl.EnsureValid(Boolean waitForReady, Boolean refetch)
   --- End of inner exception stack trace ---
   at Microsoft.VisualStudio.TestTools.UITesting.UITestControl.EnsureValid(Boolean waitForReady, Boolean refetch)
   at Microsoft.VisualStudio.TestTools.UITesting.UITestControl.FindFirstDescendant(String queryId, Int32 maxDepth, Int32&amp; timeLeft)
   at Microsoft.VisualStudio.TestTools.UITesting.SearchHelper.GetElement(Boolean useCache, ISearchArgument searchArg)
   at Microsoft.VisualStudio.TestTools.UITesting.SearchHelper.Search(ISearchArgument searchArg)
   at Microsoft.VisualStudio.TestTools.UITesting.UITestControl.FindInternal()
   at Microsoft.VisualStudio.TestTools.UITesting.UITestControl.FindControlIfNecessary()
   at Microsoft.VisualStudio.TestTools.UITesting.UITestControl.Click(MouseButtons button, ModifierKeys modifierKeys, Point relativeCoordinates)
   at Microsoft.VisualStudio.TestTools.UITesting.Mouse.ClickImplementation(UITestControl control, MouseButtons button, ModifierKeys modifierKeys, Point relativeCoordinate)
   at Microsoft.VisualStudio.TestTools.UITesting.Mouse.ClickImplementationWrapper(UITestControl control, MouseButtons button, ModifierKeys modifierKeys, Point relativeCoordinate)
W, 3504, 13, 2013/05/23, 19:37:50.052, 2953292175062, QTAgent32.exe, PlaybackErrorHandler: Ignoring exception as ContinueOnError is set.
W, 3504, 13, 2013/05/23, 19:37:50.208, 2953294407214, QTAgent32.exe, &lt;a class=success&gt;Playback - {236} [SUCCESS] Check - "[MSAA, VisibleOnly]ControlType='CheckBox' &amp;&amp; Name='Defer Printing?'"
\0&lt;/a&gt;
W, 3504, 13, 2013/05/23, 19:37:50.891, 2953304183243, QTAgent32.exe, &lt;a class=success&gt;Playback - {237} [SUCCESS] MouseButtonClick - "[MSAA, VisibleOnly]ControlType='Button' &amp;&amp; Name='Ok'"
\0&lt;/a&gt;
W, 3504, 13, 2013/05/23, 19:37:50.992, 2953305625168, QTAgent32.exe, Playback - [WARNING] Internal warning: Thread state based WFR - Requested element has invalid HWND
\0
W, 3504, 13, 2013/05/23, 19:37:50.992, 2953305627164, QTAgent32.exe, Playback - [WARNING] Internal warning: process performance counters based WFR - Requested element has invalid HWND
\0
E, 3504, 13, 2013/05/23, 19:37:50.992, 2953305630525, QTAgent32.exe, EnsureValid called via EnsureValid call for same element
E, 3504, 13, 2013/05/23, 19:37:50.992, 2953305632648, QTAgent32.exe, EnsureValid called via EnsureValid call for same element
E, 3504, 13, 2013/05/23, 19:37:50.992, 2953305633959, QTAgent32.exe, EnsureValid called via EnsureValid call for same element
E, 3504, 13, 2013/05/23, 19:37:50.993, 2953305638312, QTAgent32.exe, Window 2034218 not responding. Last Win32 error 0
E, 3504, 13, 2013/05/23, 19:37:50.993, 2953305639184, QTAgent32.exe, GetClassName for handle 2034218 failed
W, 3504, 13, 2013/05/23, 19:37:51.414, 2953311673508, QTAgent32.exe, Playback - [WARNING] Internal warning: Window Not Found: [VisibleOnly]ControlType='Window' &amp;&amp; Name='Import to TAM' &amp;&amp; ClassName='TfImportToTam'
\0
E, 3504, 13, 2013/05/23, 19:37:51.414, 2953311676371, QTAgent32.exe, &lt;a class=failure&gt;Playback - {238} [FAILED] Function ElementFetcher::FindScreenElement failed to locate UI element (Searching: ;[VisibleOnly]ControlType='Window' &amp;&amp; Name='Import to TAM' &amp;&amp; ClassName='TfImportToTam') (The object specified was not found.)
\0&lt;/a&gt;
E, 3504, 13, 2013/05/23, 19:37:51.532, 2953313361854, QTAgent32.exe, Playback - [IMAGE] C:\Users\testuser\AppData\Local\Temp\UITestLogs\LastRun\RPF55EA.png
\0
W, 3504, 13, 2013/05/23, 19:37:51.532, 2953313364446, QTAgent32.exe, Playback - [WARNING] Internal warning: Couldn't find descendants that match QueryId
\0
W, 3504, 13, 2013/05/23, 19:37:51.533, 2953313367422, QTAgent32.exe, PERF WARNING: FindTopLevelWindowHelper::FindAllDescendents: took 539 ms. Expected it to take maximum 500 ms.
W, 3504, 13, 2013/05/23, 19:37:55.689, 2953372884760, QTAgent32.exe, PERF WARNING: FindTopLevelWindowHelper::FindAllDescendents: took 4156 ms. Expected it to take maximum 500 ms.
W, 3504, 13, 2013/05/23, 19:37:55.865, 2953375399169, QTAgent32.exe, &lt;a class=success&gt;Playback - {239} [SUCCESS] Uncheck - "[MSAA, VisibleOnly]ControlType='CheckBox' &amp;&amp; Name='Add Activity'"
\0&lt;/a&gt;
W, 3504, 13, 2013/05/23, 19:37:57.098, 2953393052365, QTAgent32.exe, &lt;a class=success&gt;Playback - {240} [SUCCESS] MouseButtonClick - "[MSAA, VisibleOnly]ControlType='Button' &amp;&amp; Name='Ok'"
\0&lt;/a&gt;
W, 3504, 13, 2013/05/23, 19:37:59.353, 2953425337243, QTAgent32.exe, &lt;a class=success&gt;Playback - {241} [SUCCESS] MouseButtonClick - "[MSAA, VisibleOnly]ControlType='Button' &amp;&amp; Name='OK'"
\0&lt;/a&gt;
W, 3504, 13, 2013/05/23, 19:37:59.895, 2953433098876, QTAgent32.exe, Playback - [WARNING] Internal warning: Window Not Found: [VisibleOnly]ControlType='Window' &amp;&amp; Name='AUTO231-1001' &amp;&amp; ClassName='ThunderRT6FormDC'
\0
E, 3504, 13, 2013/05/23, 19:37:59.895, 2953433102201, QTAgent32.exe, &lt;a class=failure&gt;Playback - {242} [FAILED] Function ElementFetcher::FindScreenElement failed to locate UI element (Searching: ;[VisibleOnly]ControlType='Window' &amp;&amp; Name='AUTO231-1001' &amp;&amp; ClassName='ThunderRT6FormDC') (The object specified was not found.)
\0&lt;/a&gt;
E, 3504, 13, 2013/05/23, 19:38:00.023, 2953434939959, QTAgent32.exe, Playback - [IMAGE] C:\Users\testuser\AppData\Local\Temp\UITestLogs\LastRun\RPF7711.png
\0
W, 3504, 13, 2013/05/23, 19:38:00.023, 2953434942607, QTAgent32.exe, Playback - [WARNING] Internal warning: Couldn't find descendants that match QueryId
\0
W, 3504, 13, 2013/05/23, 19:38:18.034, 2953692824850, QTAgent32.exe, Playback - [WARNING] Internal warning: Window Not Found: [VisibleOnly]ControlType='Window' &amp;&amp; Name='AUTO231-1001' &amp;&amp; ClassName='ThunderRT6FormDC'
\0
E, 3504, 13, 2013/05/23, 19:38:18.034, 2953692832395, QTAgent32.exe, &lt;a class=failure&gt;Playback - {243} [FAILED] Function ElementFetcher::FindScreenElement failed to locate UI element (Searching: ;[VisibleOnly]ControlType='Window' &amp;&amp; Name='AUTO231-1001' &amp;&amp; ClassName='ThunderRT6FormDC') (The object specified was not found.)
\0&lt;/a&gt;
E, 3504, 13, 2013/05/23, 19:38:18.125, 2953694130226, QTAgent32.exe, Playback - [IMAGE] C:\Users\testuser\AppData\Local\Temp\UITestLogs\LastRun\RPFBDF1.png
\0
W, 3504, 13, 2013/05/23, 19:38:18.125, 2953694132754, QTAgent32.exe, Playback - [WARNING] Internal warning: Couldn't find descendants that match QueryId
\0
W, 3504, 13, 2013/05/23, 19:38:18.126, 2953694141259, QTAgent32.exe, PERF WARNING: FindTopLevelWindowHelper::FindAllDescendents: took 18102 ms. Expected it to take maximum 500 ms.
W, 3504, 13, 2013/05/23, 19:38:18.977, 2953706324025, QTAgent32.exe, Playback - [WARNING] Internal warning: Window with Class "ThunderRT6FormDC" and Title "AUTO231-1001" was not found, so similar window with Class "ThunderRT6FormDC" and Title "AUTO207-1001" was accepted
\0
W, 3504, 13, 2013/05/23, 19:38:18.978, 2953706329712, QTAgent32.exe, PERF WARNING: FindTopLevelWindowHelper::FindAllDescendents: took 850 ms. Expected it to take maximum 500 ms.
W, 3504, 13, 2013/05/23, 19:38:20.524, 2953728476492, QTAgent32.exe, &lt;a class=success&gt;Playback - {244} [SUCCESS] MouseButtonClick - "[MSAA, VisibleOnly]ControlType='Button' &amp;&amp; Name='Renew Policy...'"
\0&lt;/a&gt;
W, 3504, 13, 2013/05/23, 19:38:20.779, 2953732130330, QTAgent32.exe, &lt;a class=success&gt;Playback - {245} [SUCCESS] Check - "[MSAA, VisibleOnly]ControlType='RadioButton' &amp;&amp; Name='Alternative'"
\0&lt;/a&gt;
W, 3504, 13, 2013/05/23, 19:38:21.205, 2953738233532, QTAgent32.exe, &lt;a class=success&gt;Playback - {246} [SUCCESS] MouseButtonClick - "[MSAA, VisibleOnly]ControlType='Button' &amp;&amp; Name='OK'"
\0&lt;/a&gt;
W, 3504, 13, 2013/05/23, 19:38:21.452, 2953741758207, QTAgent32.exe, &lt;a class=success&gt;Playback - {247} [SUCCESS] MouseButtonClick - "[MSAA, VisibleOnly]ControlType='Button' &amp;&amp; Name='OK'"
\0&lt;/a&gt;
W, 3504, 13, 2013/05/23, 19:38:24.057, 2953779058341, QTAgent32.exe, PERF WARNING: FindTopLevelWindowHelper::FindAllDescendents: took 2504 ms. Expected it to take maximum 500 ms.
W, 3504, 13, 2013/05/23, 19:38:24.200, 2953781113258, QTAgent32.exe, &lt;a class=success&gt;Playback - {248} [SUCCESS] MouseButtonClick - "[MSAA, VisibleOnly]ControlType='Client'"
\0&lt;/a&gt;
W, 3504, 13, 2013/05/23, 19:38:26.482, 2953813780805, QTAgent32.exe, &lt;a class=success&gt;Playback - {249} [SUCCESS] MouseButtonClick - "[MSAA, VisibleOnly]ControlType='Button' &amp;&amp; Name='Accept'"
\0&lt;/a&gt;
W, 3504, 13, 2013/05/23, 19:38:28.688, 2953845370190, QTAgent32.exe, Playback - [WARNING] Internal warning: Window Not Found: [VisibleOnly]ControlType='Window' &amp;&amp; Name='Save the file as' &amp;&amp; ClassName='#32770'
\0
E, 3504, 13, 2013/05/23, 19:38:28.688, 2953845373876, QTAgent32.exe, &lt;a class=failure&gt;Playback - {250} [FAILED] Function ElementFetcher::FindScreenElement failed to locate UI element (Searching: ;[VisibleOnly]ControlType='Window' &amp;&amp; Name='Save the file as' &amp;&amp; ClassName='#32770') (The object specified was not found.)
\0&lt;/a&gt;
E, 3504, 13, 2013/05/23, 19:38:28.878, 2953848086763, QTAgent32.exe, Playback - [IMAGE] C:\Users\testuser\AppData\Local\Temp\UITestLogs\LastRun\RPFE791.png
\0
W, 3504, 13, 2013/05/23, 19:38:28.878, 2953848089314, QTAgent32.exe, Playback - [WARNING] Internal warning: Couldn't find descendants that match QueryId
\0
W, 3504, 13, 2013/05/23, 19:38:28.878, 2953848092778, QTAgent32.exe, PERF WARNING: FindTopLevelWindowHelper::FindAllDescendents: took 2277 ms. Expected it to take maximum 500 ms.
W, 3504, 13, 2013/05/23, 19:38:46.893, 2954106029813, QTAgent32.exe, Playback - [WARNING] Internal warning: Window Not Found: [VisibleOnly]ControlType='Window' &amp;&amp; Name='Save the file as' &amp;&amp; ClassName='#32770'
\0
E, 3504, 13, 2013/05/23, 19:38:46.894, 2954106038215, QTAgent32.exe, &lt;a class=failure&gt;Playback - {251} [FAILED] Function ElementFetcher::FindScreenElement failed to locate UI element (Searching: ;[VisibleOnly]ControlType='Window' &amp;&amp; Name='Save the file as' &amp;&amp; ClassName='#32770') (The object specified was not found.)
\0&lt;/a&gt;
E, 3504, 13, 2013/05/23, 19:38:46.994, 2954107479733, QTAgent32.exe, Playback - [IMAGE] C:\Users\testuser\AppData\Local\Temp\UITestLogs\LastRun\RPF2EAF.png
\0
W, 3504, 13, 2013/05/23, 19:38:46.994, 2954107482242, QTAgent32.exe, Playback - [WARNING] Internal warning: Couldn't find descendants that match QueryId
\0
W, 3504, 13, 2013/05/23, 19:38:46.995, 2954107490920, QTAgent32.exe, PERF WARNING: FindTopLevelWindowHelper::FindAllDescendents: took 18116 ms. Expected it to take maximum 500 ms.
W, 3504, 13, 2013/05/23, 19:38:47.551, 2954115453027, QTAgent32.exe, Playback - [WARNING] Internal warning: Smart Match failed
\0
W, 3504, 13, 2013/05/23, 19:38:47.989, 2954121721767, QTAgent32.exe, Playback - [WARNING] Internal warning: Smart Match failed
\0
W, 3504, 13, 2013/05/23, 19:38:48.397, 2954127571835, QTAgent32.exe, Playback - [WARNING] Internal warning: Smart Match failed
\0
W, 3504, 13, 2013/05/23, 19:38:48.814, 2954133531422, QTAgent32.exe, Playback - [WARNING] Internal warning: Smart Match failed
\0
W, 3504, 13, 2013/05/23, 19:38:49.220, 2954139354087, QTAgent32.exe, Playback - [WARNING] Internal warning: Smart Match failed
\0
W, 3504, 13, 2013/05/23, 19:38:49.653, 2954145548509, QTAgent32.exe, Playback - [WARNING] Internal warning: Smart Match failed
\0
W, 3504, 13, 2013/05/23, 19:38:50.064, 2954151437724, QTAgent32.exe, Playback - [WARNING] Internal warning: Smart Match failed
\0
W, 3504, 13, 2013/05/23, 19:38:50.333, 2954155287194, QTAgent32.exe, Playback - [WARNING] Internal warning: Window Not Found: [VisibleOnly]ControlType='Window' &amp;&amp; Name='Save the file as' &amp;&amp; ClassName='#32770'
\0
E, 3504, 13, 2013/05/23, 19:38:50.334, 2954155290388, QTAgent32.exe, &lt;a class=failure&gt;Playback - {252} [FAILED] Function ElementFetcher::FindScreenElement failed to locate UI element (Searching: ;[VisibleOnly]ControlType='Window' &amp;&amp; Name='Save the file as' &amp;&amp; ClassName='#32770') (The object specified was not found.)
\0&lt;/a&gt;
E, 3504, 13, 2013/05/23, 19:38:50.414, 2954156443358, QTAgent32.exe, Playback - [IMAGE] C:\Users\testuser\AppData\Local\Temp\UITestLogs\LastRun\RPF3C18.png
\0
W, 3504, 13, 2013/05/23, 19:38:50.414, 2954156445569, QTAgent32.exe, Playback - [WARNING] Internal warning: Couldn't find descendants that match QueryId
\0
W, 3504, 13, 2013/05/23, 19:38:50.414, 2954156449290, QTAgent32.exe, PERF WARNING: FindTopLevelWindowHelper::FindAllDescendents: took 3418 ms. Expected it to take maximum 500 ms.
E, 3504, 13, 2013/05/23, 19:38:50.415, 2954156451909, QTAgent32.exe, Exception: System.Runtime.InteropServices.COMException
	Message: Error HRESULT E_FAIL has been returned from a call to a COM component.
	Stack Trace:    at Microsoft.VisualStudio.TestTools.UITest.Playback.Engine.IRPFPlayback.FindAllScreenElements(IScreenElement pScreenElementStart, String bstrQueryId, Object&amp; pvarResKeys, Int32 cResKeys, Int32 nMaxDepth, Object[]&amp; foundDescendants)
   at Microsoft.VisualStudio.TestTools.UITest.Playback.ScreenElement.FindTopLevelWindowHelper(String queryId)
	BaseExceptionMessage: Error HRESULT E_FAIL has been returned from a call to a COM component.

E, 3504, 13, 2013/05/23, 19:38:50.516, 2954157902121, QTAgent32.exe, AL: Playback Error: Microsoft.VisualStudio.TestTools.UITest.Extension.UITestControlNotFoundException: The playback failed to find the control with the given search properties. Additional Details: 
TechnologyName:  'MSAA'
ControlType:  'Window'
Name:  'Save the file as'
ClassName:  '#32770'
 ---&gt; System.Runtime.InteropServices.COMException: Error HRESULT E_FAIL has been returned from a call to a COM component.
   at Microsoft.VisualStudio.TestTools.UITest.Playback.Engine.IRPFPlayback.FindAllScreenElements(IScreenElement pScreenElementStart, String bstrQueryId, Object&amp; pvarResKeys, Int32 cResKeys, Int32 nMaxDepth, Object[]&amp; foundDescendants)
   at Microsoft.VisualStudio.TestTools.UITest.Playback.ScreenElement.FindTopLevelWindowHelper(String queryId)
   at Microsoft.VisualStudio.TestTools.UITest.Playback.ScreenElement.FindFromPartialQueryId(String queryId)
   at Microsoft.VisualStudio.TestTools.UITesting.UITestControl..ctor(String queryId)
   --- End of inner exception stack trace ---
   at Microsoft.VisualStudio.TestTools.UITesting.Playback.MapControlNotFoundException(COMException ex, IPlaybackContext context)
   at Microsoft.VisualStudio.TestTools.UITesting.Playback.MapAndThrowComException(COMException innerException, IPlaybackContext context)
   at Microsoft.VisualStudio.TestTools.UITesting.Playback.MapAndThrowException(SystemException exception, IPlaybackContext context)
   at Microsoft.VisualStudio.TestTools.UITesting.Playback.MapAndThrowException(SystemException exception, String queryId)
   at Microsoft.VisualStudio.TestTools.UITesting.UITestControl..ctor(String queryId)
   at Microsoft.VisualStudio.TestTools.UITesting.SearchHelper.SearchTopLevelWindow(ISearchArgument topLevelSearchArg, String topLevelElementQueryId)
   at Microsoft.VisualStudio.TestTools.UITesting.SearchHelper.GetTitleUpdatedTopLevelWindow(ISearchArgument topLevelSearchArg, String queryId, IList`1 windowTitles)
   at Microsoft.VisualStudio.TestTools.UITesting.SearchHelper.GetTopLevelElement(Boolean useCache, Boolean useCacheOnly, ISearchArgument searchArg, IList`1 windowTitles, Int32&amp; timeLeft)
   at Microsoft.VisualStudio.TestTools.UITesting.SearchHelper.GetElement(Boolean useCache, ISearchArgument searchArg)
   at Microsoft.VisualStudio.TestTools.UITesting.SearchHelper.Search(ISearchArgument searchArg)
   at Microsoft.VisualStudio.TestTools.UITesting.UITestControl.FindInternal()
   at Microsoft.VisualStudio.TestTools.UITesting.UITestControl.FindControlIfNecessary()
   at Microsoft.VisualStudio.TestTools.UITesting.UITestControl.Click(MouseButtons button, ModifierKeys modifierKeys, Point relativeCoordinates)
   at Microsoft.VisualStudio.TestTools.UITesting.Mouse.ClickImplementation(UITestControl control, MouseButtons button, ModifierKeys modifierKeys, Point relativeCoordinate)
   at Microsoft.VisualStudio.TestTools.UITesting.Mouse.ClickImplementationWrapper(UITestControl control, MouseButtons button, ModifierKeys modifierKeys, Point relativeCoordinate)
W, 3504, 13, 2013/05/23, 19:38:50.516, 2954157905499, QTAgent32.exe, PlaybackErrorHandler: Ignoring exception as ContinueOnError is set.
W, 3504, 13, 2013/05/23, 19:38:50.659, 2954159952933, QTAgent32.exe, &lt;a class=success&gt;Playback - {253} [SUCCESS] MouseButtonClick - "[MSAA, VisibleOnly]ControlType='Button' &amp;&amp; Name='OK'"
\0&lt;/a&gt;
W, 3504, 13, 2013/05/23, 19:38:51.080, 2954165980574, QTAgent32.exe, &lt;a class=success&gt;Playback - {254} [SUCCESS] MouseButtonClick - "[MSAA, VisibleOnly]ControlType='Button' &amp;&amp; Name='Yes'"
\0&lt;/a&gt;
W, 3504, 13, 2013/05/23, 19:38:51.762, 2954175743844, QTAgent32.exe, &lt;a class=success&gt;Playback - {255} [SUCCESS] MouseButtonClick - "[MSAA, VisibleOnly]ControlType='Button' &amp;&amp; Name='Ok'"
\0&lt;/a&gt;
W, 3504, 13, 2013/05/23, 19:38:55.880, 2954234712536, QTAgent32.exe, Playback - [WARNING] Internal warning: Window Not Found: [VisibleOnly]ControlType='Window' &amp;&amp; Name='Personal Lines' &amp;&amp; ClassName='#32770'
\0
E, 3504, 13, 2013/05/23, 19:38:55.881, 2954234716992, QTAgent32.exe, &lt;a class=failure&gt;Playback - {256} [FAILED] Function ElementFetcher::FindScreenElement failed to locate UI element (Searching: ;[VisibleOnly]ControlType='Window' &amp;&amp; Name='Personal Lines' &amp;&amp; ClassName='#32770') (The object specified was not found.)
\0&lt;/a&gt;
E, 3504, 13, 2013/05/23, 19:38:55.962, 2954235881468, QTAgent32.exe, Playback - [IMAGE] C:\Users\testuser\AppData\Local\Temp\UITestLogs\LastRun\RPF51CB.png
\0
W, 3504, 13, 2013/05/23, 19:38:55.962, 2954235883818, QTAgent32.exe, Playback - [WARNING] Internal warning: Couldn't find descendants that match QueryId
\0
W, 3504, 13, 2013/05/23, 19:38:55.962, 2954235887055, QTAgent32.exe, PERF WARNING: FindTopLevelWindowHelper::FindAllDescendents: took 4099 ms. Expected it to take maximum 500 ms.
W, 3504, 13, 2013/05/23, 19:39:02.880, 2954334928013, QTAgent32.exe, PERF WARNING: FindTopLevelWindowHelper::FindAllDescendents: took 6916 ms. Expected it to take maximum 500 ms.
W, 3504, 13, 2013/05/23, 19:39:05.010, 2954365431199, QTAgent32.exe, &lt;a class=success&gt;Playback - {257} [SUCCESS] MouseButtonClick - "[MSAA, VisibleOnly]ControlType='Button' &amp;&amp; Name='OK'"
\0&lt;/a&gt;
W, 3504, 13, 2013/05/23, 19:39:05.111, 2954366879441, QTAgent32.exe, Playback - [WARNING] Internal warning: Thread state based WFR - Requested element has invalid HWND
\0
W, 3504, 13, 2013/05/23, 19:39:05.111, 2954366881385, QTAgent32.exe, Playback - [WARNING] Internal warning: process performance counters based WFR - Requested element has invalid HWND
\0
E, 3504, 13, 2013/05/23, 19:39:05.111, 2954366884628, QTAgent32.exe, EnsureValid called via EnsureValid call for same element
E, 3504, 13, 2013/05/23, 19:39:05.111, 2954366886730, QTAgent32.exe, EnsureValid called via EnsureValid call for same element
E, 3504, 13, 2013/05/23, 19:39:05.111, 2954366888093, QTAgent32.exe, EnsureValid called via EnsureValid call for same element
E, 3504, 13, 2013/05/23, 19:39:05.112, 2954366892752, QTAgent32.exe, Window 5113522 not responding. Last Win32 error 0
E, 3504, 13, 2013/05/23, 19:39:05.112, 2954366893592, QTAgent32.exe, GetClassName for handle 5113522 failed
W, 3504, 13, 2013/05/23, 19:39:07.703, 2954403987730, QTAgent32.exe, PERF WARNING: FindTopLevelWindowHelper::FindAllDescendents: took 2590 ms. Expected it to take maximum 500 ms.
W, 3504, 13, 2013/05/23, 19:39:07.836, 2954405898813, QTAgent32.exe, &lt;a class=success&gt;Playback - {258} [SUCCESS] Check - "[MSAA, VisibleOnly]ControlType='CheckBox' &amp;&amp; Name='Defer Printing?'"
\0&lt;/a&gt;
W, 3504, 13, 2013/05/23, 19:39:08.958, 2954421970070, QTAgent32.exe, &lt;a class=success&gt;Playback - {259} [SUCCESS] MouseButtonClick - "[MSAA, VisibleOnly]ControlType='Button' &amp;&amp; Name='Ok'"
\0&lt;/a&gt;
W, 3504, 13, 2013/05/23, 19:39:09.297, 2954426814875, QTAgent32.exe, &lt;a class=success&gt;Playback - {260} [SUCCESS] MouseButtonClick - "[MSAA, VisibleOnly]ControlType='Button' &amp;&amp; Name='OK'"
\0&lt;/a&gt;
W, 3504, 13, 2013/05/23, 19:39:13.660, 2954489276225, QTAgent32.exe, PERF WARNING: FindTopLevelWindowHelper::FindAllDescendents: took 4262 ms. Expected it to take maximum 500 ms.
W, 3504, 13, 2013/05/23, 19:39:15.790, 2954519779636, QTAgent32.exe, &lt;a class=success&gt;Playback - {261} [SUCCESS] MouseButtonClick - "[MSAA, VisibleOnly]ControlType='Button' &amp;&amp; Name='OK'"
\0&lt;/a&gt;
W, 3504, 13, 2013/05/23, 19:39:15.898, 2954521325567, QTAgent32.exe, Playback - [WARNING] Internal warning: Thread state based WFR - Requested element has invalid HWND
\0
W, 3504, 13, 2013/05/23, 19:39:15.898, 2954521333218, QTAgent32.exe, Playback - [WARNING] Internal warning: process performance counters based WFR - Requested element has invalid HWND
\0
E, 3504, 13, 2013/05/23, 19:39:15.898, 2954521336944, QTAgent32.exe, EnsureValid called via EnsureValid call for same element
E, 3504, 13, 2013/05/23, 19:39:15.899, 2954521339967, QTAgent32.exe, EnsureValid called via EnsureValid call for same element
E, 3504, 13, 2013/05/23, 19:39:15.899, 2954521341637, QTAgent32.exe, EnsureValid called via EnsureValid call for same element
E, 3504, 13, 2013/05/23, 19:39:15.899, 2954521347156, QTAgent32.exe, GetClassName for handle 4982902 failed
E, 3504, 13, 2013/05/23, 19:39:15.901, 2954521369473, QTAgent32.exe, Window 4982902 not responding. Last Win32 error 1400
E, 3504, 13, 2013/05/23, 19:39:15.901, 2954521371934, QTAgent32.exe, GetClassName for handle 4982902 failed
W, 3504, 13, 2013/05/23, 19:39:19.451, 2954572196775, QTAgent32.exe, PERF WARNING: FindTopLevelWindowHelper::FindAllDescendents: took 3549 ms. Expected it to take maximum 500 ms.
W, 3504, 13, 2013/05/23, 19:39:19.962, 2954579520849, QTAgent32.exe, &lt;a class=success&gt;Playback - {262} [SUCCESS] Uncheck - "[MSAA, VisibleOnly]ControlType='CheckBox' &amp;&amp; Name='Add Activity'"
\0&lt;/a&gt;
W, 3504, 13, 2013/05/23, 19:39:20.847, 2954592188890, QTAgent32.exe, &lt;a class=success&gt;Playback - {263} [SUCCESS] MouseButtonClick - "[MSAA, VisibleOnly]ControlType='Button' &amp;&amp; Name='Ok'"
\0&lt;/a&gt;
W, 3504, 13, 2013/05/23, 19:39:21.143, 2954596425768, QTAgent32.exe, &lt;a class=success&gt;Playback - {264} [SUCCESS] MouseButtonClick - "[MSAA, VisibleOnly]ControlType='Button' &amp;&amp; Name='Ok'"
\0&lt;/a&gt;
W, 3504, 13, 2013/05/23, 19:39:24.907, 2954650319650, QTAgent32.exe, PERF WARNING: FindTopLevelWindowHelper::FindAllDescendents: took 3662 ms. Expected it to take maximum 500 ms.
W, 3504, 13, 2013/05/23, 19:39:25.850, 2954663821091, QTAgent32.exe, &lt;a class=success&gt;Playback - {265} [SUCCESS] DoSelect - "[MSAA, VisibleOnly]ControlType='List'"
\0&lt;/a&gt;
W, 3504, 13, 2013/05/23, 19:39:27.806, 2954691832797, QTAgent32.exe, &lt;a class=success&gt;Playback - {266} [SUCCESS] MouseButtonClick - "[MSAA, VisibleOnly]ControlType='Button' &amp;&amp; Name='Ok'"
\0&lt;/a&gt;
W, 3504, 13, 2013/05/23, 19:39:30.094, 2954724584566, QTAgent32.exe, &lt;a class=success&gt;Playback - {267} [SUCCESS] MouseButtonClick - "[MSAA, VisibleOnly]ControlType='Button' &amp;&amp; Name='OK'"
\0&lt;/a&gt;
W, 3504, 13, 2013/05/23, 19:39:31.614, 2954746358568, QTAgent32.exe, PERF WARNING: FindAllDescendents: took 1419 ms. Expected it to take maximum 500 ms.
W, 3504, 13, 2013/05/23, 19:39:33.142, 2954768230518, QTAgent32.exe, &lt;a class=success&gt;Playback - {268} [SUCCESS] MouseButtonClick - "[MSAA, VisibleOnly]ControlType='Button' &amp;&amp; Name='Exit'"
\0&lt;/a&gt;
W, 3504, 13, 2013/05/23, 19:39:33.387, 2954771741244, QTAgent32.exe, &lt;a class=success&gt;Playback - {269} [SUCCESS] MouseButtonClick - "[MSAA, VisibleOnly]ControlType='Button' &amp;&amp; Name='Yes'"
\0&lt;/a&gt;
W, 3504, 13, 2013/05/23, 19:39:33.935, 2954779591055, QTAgent32.exe, &lt;a class=success&gt;Playback - {270} [SUCCESS] MouseButtonClick - "[MSAA, VisibleOnly]ControlType='Button' &amp;&amp; Name='Cancel'"
\0&lt;/a&gt;
W, 3504, 13, 2013/05/23, 19:39:34.405, 2954786316109, QTAgent32.exe, &lt;a class=success&gt;Playback - {271} [SUCCESS] MouseButtonClick - "[MSAA, VisibleOnly]ControlType='Button'"
\0&lt;/a&gt;
W, 3504, 13, 2013/05/23, 19:39:34.641, 2954789693117, QTAgent32.exe, &lt;a class=success&gt;Playback - {272} [SUCCESS] MouseButtonClick - "[MSAA, VisibleOnly]ControlType='Button' &amp;&amp; Name='Detail'"
\0&lt;/a&gt;
W, 3504, 13, 2013/05/23, 19:39:35.290, 2954798991370, QTAgent32.exe, &lt;a class=success&gt;Playback - {273} [SUCCESS] MouseButtonClick - "[MSAA, VisibleOnly]ControlType='Button' &amp;&amp; Name='Cancel'"
\0&lt;/a&gt;
W, 3504, 13, 2013/05/23, 19:39:38.192, 2954840531947, QTAgent32.exe, IEDOM : StopSession of the plugin called before StartSession
W, 3504, 13, 2013/05/23, 19:39:38.192, 2954840533992, QTAgent32.exe, UIA : StopSession of the plugin called before StartSession
</DebugTrace>
      </Output>
    </UnitTestResult>
    <UnitTestResult executionId="bb5a49a6-694c-41e0-aa5d-dcec3a6bf45d" testId="49954a0c-626b-cfff-45f2-8522f1cf2034" testName="HouseRebrokeRenewNewScheme" computerName="ICLVDEVTM02" duration="00:10:44.1506634" startTime="2013-05-23T19:39:38.3516744+01:00" endTime="2013-05-23T19:50:23.3620804+01:00" testType="13cdc9d9-ddb5-4fa4-a97d-d965ccfc6d4b" outcome="Passed" testListId="8c84fa94-04c1-424b-9868-57a2d4851a1d" relativeResultsDirectory="bb5a49a6-694c-41e0-aa5d-dcec3a6bf45d">
      <Output>
        <DebugTrace>W, 3504, 23, 2013/05/23, 19:39:45.048, 2954938694901, QTAgent32.exe, &lt;a class=success&gt;Playback - {1} [SUCCESS] MouseButtonClick - "[MSAA, VisibleOnly]ControlType='Edit'"
\0&lt;/a&gt;
W, 3504, 23, 2013/05/23, 19:39:45.636, 2954947119511, QTAgent32.exe, &lt;a class=success&gt;Playback - {2} [SUCCESS] SendKeys "[*]" - "[MSAA, VisibleOnly]ControlType='Edit'"
\0&lt;/a&gt;
W, 3504, 23, 2013/05/23, 19:39:46.412, 2954958238311, QTAgent32.exe, &lt;a class=success&gt;Playback - {3} [SUCCESS] MouseButtonClick - "[MSAA, VisibleOnly]ControlType='Button' &amp;&amp; Name='OK'"
\0&lt;/a&gt;
W, 3504, 23, 2013/05/23, 19:39:46.735, 2954962860144, QTAgent32.exe, &lt;a class=success&gt;Playback - {4} [SUCCESS] SendKeys "^{HOME}" - "[MSAA, VisibleOnly]ControlType='Edit'"
\0&lt;/a&gt;
E, 3504, 23, 2013/05/23, 19:39:46.736, 2954962873873, QTAgent32.exe, Msaa.GetFocusedElement: could not find accessible object of foreground window
W, 3504, 23, 2013/05/23, 19:39:46.803, 2954963828809, QTAgent32.exe, &lt;a class=success&gt;Playback - {5} [SUCCESS] SendKeys "^+{END}" - "[MSAA, VisibleOnly]ControlType='Edit'"
\0&lt;/a&gt;
E, 3504, 23, 2013/05/23, 19:39:46.803, 2954963831804, QTAgent32.exe, Msaa.GetFocusedElement: could not find accessible object of foreground window
W, 3504, 23, 2013/05/23, 19:39:46.829, 2954964211296, QTAgent32.exe, &lt;a class=success&gt;Playback - {6} [SUCCESS] SendKeys "{DELETE}" - "[MSAA, VisibleOnly]ControlType='Edit'"
\0&lt;/a&gt;
W, 3504, 23, 2013/05/23, 19:39:47.284, 2954970716247, QTAgent32.exe, &lt;a class=success&gt;Playback - {7} [SUCCESS] SetValueAsEditBox "23/05/2013" - "[MSAA, VisibleOnly]ControlType='Edit'"  &lt; Set via SendKeys &gt;
\0&lt;/a&gt;
W, 3504, 23, 2013/05/23, 19:39:47.958, 2954980375006, QTAgent32.exe, Playback - [WARNING] Internal warning: Incorrect flag set for InvokeProgrammaticAction\0
W, 3504, 23, 2013/05/23, 19:39:48.084, 2954982180185, QTAgent32.exe, &lt;a class=success&gt;Playback - {8} [SUCCESS] SetValueAsComboBox "May" - "[MSAA, VisibleOnly]ControlType='ComboBox'"  &lt; SetValueAsComboBox, set by clicking on the item in the list box &gt;
\0&lt;/a&gt;
W, 3504, 23, 2013/05/23, 19:39:48.426, 2954987070117, QTAgent32.exe, &lt;a class=success&gt;Playback - {9} [SUCCESS] SendKeys "^{HOME}" - "[MSAA, VisibleOnly]ControlType='Edit'"
\0&lt;/a&gt;
E, 3504, 23, 2013/05/23, 19:39:48.426, 2954987073350, QTAgent32.exe, Msaa.GetFocusedElement: could not find accessible object of foreground window
W, 3504, 23, 2013/05/23, 19:39:48.481, 2954987864862, QTAgent32.exe, &lt;a class=success&gt;Playback - {10} [SUCCESS] SendKeys "^+{END}" - "[MSAA, VisibleOnly]ControlType='Edit'"
\0&lt;/a&gt;
E, 3504, 23, 2013/05/23, 19:39:48.481, 2954987868659, QTAgent32.exe, Msaa.GetFocusedElement: could not find accessible object of foreground window
W, 3504, 23, 2013/05/23, 19:39:48.498, 2954988102705, QTAgent32.exe, &lt;a class=success&gt;Playback - {11} [SUCCESS] SendKeys "{DELETE}" - "[MSAA, VisibleOnly]ControlType='Edit'"
\0&lt;/a&gt;
W, 3504, 23, 2013/05/23, 19:39:48.765, 2954991923582, QTAgent32.exe, &lt;a class=success&gt;Playback - {12} [SUCCESS] SetValueAsEditBox "2013" - "[MSAA, VisibleOnly]ControlType='Edit'"  &lt; Set via SendKeys &gt;
\0&lt;/a&gt;
W, 3504, 23, 2013/05/23, 19:39:48.985, 2954995068275, QTAgent32.exe, &lt;a class=success&gt;Playback - {13} [SUCCESS] MouseButtonClick - "[MSAA, VisibleOnly]ControlType='Button' &amp;&amp; Name='OK'"
\0&lt;/a&gt;
W, 3504, 23, 2013/05/23, 19:39:50.472, 2955016359900, QTAgent32.exe, Playback - [WARNING] Internal warning: Window Not Found: [VisibleOnly]ControlType='Window' &amp;&amp; Name='Warning' &amp;&amp; ClassName='#32770'
\0
E, 3504, 23, 2013/05/23, 19:39:50.472, 2955016364222, QTAgent32.exe, &lt;a class=failure&gt;Playback - {14} [FAILED] Function ElementFetcher::FindScreenElement failed to locate UI element (Searching: ;[VisibleOnly]ControlType='Window' &amp;&amp; Name='Warning' &amp;&amp; ClassName='#32770') (The object specified was not found.)
\0&lt;/a&gt;
E, 3504, 23, 2013/05/23, 19:39:50.554, 2955017545444, QTAgent32.exe, Playback - [IMAGE] C:\Users\testuser\AppData\Local\Temp\UITestLogs\LastRun\RPF2705.png
\0
W, 3504, 23, 2013/05/23, 19:39:50.555, 2955017547969, QTAgent32.exe, Playback - [WARNING] Internal warning: Couldn't find descendants that match QueryId
\0
W, 3504, 23, 2013/05/23, 19:39:50.555, 2955017550903, QTAgent32.exe, PERF WARNING: FindTopLevelWindowHelper::FindAllDescendents: took 1435 ms. Expected it to take maximum 500 ms.
W, 3504, 23, 2013/05/23, 19:40:08.657, 2955276737066, QTAgent32.exe, Playback - [WARNING] Internal warning: Window Not Found: [VisibleOnly]ControlType='Window' &amp;&amp; Name='Warning' &amp;&amp; ClassName='#32770'
\0
E, 3504, 23, 2013/05/23, 19:40:08.657, 2955276742308, QTAgent32.exe, &lt;a class=failure&gt;Playback - {15} [FAILED] Function ElementFetcher::FindScreenElement failed to locate UI element (Searching: ;[VisibleOnly]ControlType='Window' &amp;&amp; Name='Warning' &amp;&amp; ClassName='#32770') (The object specified was not found.)
\0&lt;/a&gt;
E, 3504, 23, 2013/05/23, 19:40:08.745, 2955278002829, QTAgent32.exe, Playback - [IMAGE] C:\Users\testuser\AppData\Local\Temp\UITestLogs\LastRun\RPF6E14.png
\0
W, 3504, 23, 2013/05/23, 19:40:08.745, 2955278005238, QTAgent32.exe, Playback - [WARNING] Internal warning: Couldn't find descendants that match QueryId
\0
W, 3504, 23, 2013/05/23, 19:40:08.746, 2955278009748, QTAgent32.exe, PERF WARNING: FindTopLevelWindowHelper::FindAllDescendents: took 18190 ms. Expected it to take maximum 500 ms.
W, 3504, 23, 2013/05/23, 19:40:09.262, 2955285397686, QTAgent32.exe, Playback - [WARNING] Internal warning: Smart Match failed
\0
W, 3504, 23, 2013/05/23, 19:40:09.663, 2955291151488, QTAgent32.exe, Playback - [WARNING] Internal warning: Smart Match failed
\0
W, 3504, 23, 2013/05/23, 19:40:10.020, 2955296262341, QTAgent32.exe, Playback - [WARNING] Internal warning: Smart Match failed
\0
W, 3504, 23, 2013/05/23, 19:40:10.376, 2955301361766, QTAgent32.exe, Playback - [WARNING] Internal warning: Smart Match failed
\0
W, 3504, 23, 2013/05/23, 19:40:10.734, 2955306480834, QTAgent32.exe, Playback - [WARNING] Internal warning: Smart Match failed
\0
W, 3504, 23, 2013/05/23, 19:40:11.089, 2955311570522, QTAgent32.exe, Playback - [WARNING] Internal warning: Smart Match failed
\0
W, 3504, 23, 2013/05/23, 19:40:11.439, 2955316573963, QTAgent32.exe, Playback - [WARNING] Internal warning: Smart Match failed
\0
W, 3504, 23, 2013/05/23, 19:40:11.772, 2955321352070, QTAgent32.exe, Playback - [WARNING] Internal warning: Smart Match failed
\0
W, 3504, 23, 2013/05/23, 19:40:11.989, 2955324448650, QTAgent32.exe, Playback - [WARNING] Internal warning: Window Not Found: [VisibleOnly]ControlType='Window' &amp;&amp; Name='Warning' &amp;&amp; ClassName='#32770'
\0
E, 3504, 23, 2013/05/23, 19:40:11.989, 2955324452156, QTAgent32.exe, &lt;a class=failure&gt;Playback - {16} [FAILED] Function ElementFetcher::FindScreenElement failed to locate UI element (Searching: ;[VisibleOnly]ControlType='Window' &amp;&amp; Name='Warning' &amp;&amp; ClassName='#32770') (The object specified was not found.)
\0&lt;/a&gt;
E, 3504, 23, 2013/05/23, 19:40:12.070, 2955325610064, QTAgent32.exe, Playback - [IMAGE] C:\Users\testuser\AppData\Local\Temp\UITestLogs\LastRun\RPF7B1F.png
\0
W, 3504, 23, 2013/05/23, 19:40:12.070, 2955325612532, QTAgent32.exe, Playback - [WARNING] Internal warning: Couldn't find descendants that match QueryId
\0
W, 3504, 23, 2013/05/23, 19:40:12.070, 2955325615706, QTAgent32.exe, PERF WARNING: FindTopLevelWindowHelper::FindAllDescendents: took 3324 ms. Expected it to take maximum 500 ms.
E, 3504, 23, 2013/05/23, 19:40:12.070, 2955325617607, QTAgent32.exe, Exception: System.Runtime.InteropServices.COMException
	Message: Error HRESULT E_FAIL has been returned from a call to a COM component.
	Stack Trace:    at Microsoft.VisualStudio.TestTools.UITest.Playback.Engine.IRPFPlayback.FindAllScreenElements(IScreenElement pScreenElementStart, String bstrQueryId, Object&amp; pvarResKeys, Int32 cResKeys, Int32 nMaxDepth, Object[]&amp; foundDescendants)
   at Microsoft.VisualStudio.TestTools.UITest.Playback.ScreenElement.FindTopLevelWindowHelper(String queryId)
	BaseExceptionMessage: Error HRESULT E_FAIL has been returned from a call to a COM component.

E, 3504, 23, 2013/05/23, 19:40:12.228, 2955327874657, QTAgent32.exe, AL: Playback Error: Microsoft.VisualStudio.TestTools.UITest.Extension.UITestControlNotFoundException: The playback failed to find the control with the given search properties. Additional Details: 
TechnologyName:  'MSAA'
ControlType:  'Window'
Name:  'Warning'
ClassName:  '#32770'
 ---&gt; System.Runtime.InteropServices.COMException: Error HRESULT E_FAIL has been returned from a call to a COM component.
   at Microsoft.VisualStudio.TestTools.UITest.Playback.Engine.IRPFPlayback.FindAllScreenElements(IScreenElement pScreenElementStart, String bstrQueryId, Object&amp; pvarResKeys, Int32 cResKeys, Int32 nMaxDepth, Object[]&amp; foundDescendants)
   at Microsoft.VisualStudio.TestTools.UITest.Playback.ScreenElement.FindTopLevelWindowHelper(String queryId)
   at Microsoft.VisualStudio.TestTools.UITest.Playback.ScreenElement.FindFromPartialQueryId(String queryId)
   at Microsoft.VisualStudio.TestTools.UITesting.UITestControl..ctor(String queryId)
   --- End of inner exception stack trace ---
   at Microsoft.VisualStudio.TestTools.UITesting.Playback.MapControlNotFoundException(COMException ex, IPlaybackContext context)
   at Microsoft.VisualStudio.TestTools.UITesting.Playback.MapAndThrowComException(COMException innerException, IPlaybackContext context)
   at Microsoft.VisualStudio.TestTools.UITesting.Playback.MapAndThrowException(SystemException exception, IPlaybackContext context)
   at Microsoft.VisualStudio.TestTools.UITesting.Playback.MapAndThrowException(SystemException exception, String queryId)
   at Microsoft.VisualStudio.TestTools.UITesting.UITestControl..ctor(String queryId)
   at Microsoft.VisualStudio.TestTools.UITesting.SearchHelper.SearchTopLevelWindow(ISearchArgument topLevelSearchArg, String topLevelElementQueryId)
   at Microsoft.VisualStudio.TestTools.UITesting.SearchHelper.GetTitleUpdatedTopLevelWindow(ISearchArgument topLevelSearchArg, String queryId, IList`1 windowTitles)
   at Microsoft.VisualStudio.TestTools.UITesting.SearchHelper.GetTopLevelElement(Boolean useCache, Boolean useCacheOnly, ISearchArgument searchArg, IList`1 windowTitles, Int32&amp; timeLeft)
   at Microsoft.VisualStudio.TestTools.UITesting.SearchHelper.GetElement(Boolean useCache, ISearchArgument searchArg)
   at Microsoft.VisualStudio.TestTools.UITesting.SearchHelper.Search(ISearchArgument searchArg)
   at Microsoft.VisualStudio.TestTools.UITesting.UITestControl.FindInternal()
   at Microsoft.VisualStudio.TestTools.UITesting.UITestControl.FindControlIfNecessary()
   at Microsoft.VisualStudio.TestTools.UITesting.UITestControl.Click(MouseButtons button, ModifierKeys modifierKeys, Point relativeCoordinates)
   at Microsoft.VisualStudio.TestTools.UITesting.Mouse.ClickImplementation(UITestControl control, MouseButtons button, ModifierKeys modifierKeys, Point relativeCoordinate)
   at Microsoft.VisualStudio.TestTools.UITesting.Mouse.ClickImplementationWrapper(UITestControl control, MouseButtons button, ModifierKeys modifierKeys, Point relativeCoordinate)
W, 3504, 23, 2013/05/23, 19:40:12.228, 2955327878428, QTAgent32.exe, PlaybackErrorHandler: Ignoring exception as ContinueOnError is set.
W, 3504, 23, 2013/05/23, 19:40:12.264, 2955328386367, QTAgent32.exe, &lt;a class=success&gt;Playback - {17} [SUCCESS] TypeString "#(R)"
\0&lt;/a&gt;
W, 3504, 23, 2013/05/23, 19:40:13.283, 2955342977644, QTAgent32.exe, PERF WARNING: FindTopLevelWindowHelper::FindAllDescendents: took 916 ms. Expected it to take maximum 500 ms.
W, 3504, 23, 2013/05/23, 19:40:13.974, 2955352878059, QTAgent32.exe, PERF WARNING: FindAllDescendents: took 689 ms. Expected it to take maximum 500 ms.
E, 3504, 23, 2013/05/23, 19:40:13.986, 2955353051122, QTAgent32.exe, Exception: System.ArgumentException
	Message: Value does not fall within the expected range.
	Stack Trace:    at Accessibility.IAccessible.get_accRole(Object varChild)
   at Microsoft.VisualStudio.TestTools.UITest.Extension.Msaa.AccWrapper.get_RoleInt()
	BaseExceptionMessage: Value does not fall within the expected range.

E, 3504, 23, 2013/05/23, 19:40:13.999, 2955353231450, QTAgent32.exe, Exception: System.ArgumentException
	Message: Value does not fall within the expected range.
	Stack Trace:    at Accessibility.IAccessible.get_accRole(Object varChild)
   at Microsoft.VisualStudio.TestTools.UITest.Extension.Msaa.AccWrapper.get_RoleInt()
	BaseExceptionMessage: Value does not fall within the expected range.

W, 3504, 23, 2013/05/23, 19:40:15.217, 2955370673798, QTAgent32.exe, &lt;a class=success&gt;Playback - {18} [SUCCESS] LeftButtonClick  &lt; Mouse cursor location (87, 908) &gt;
\0&lt;/a&gt;
W, 3504, 23, 2013/05/23, 19:40:17.143, 2955398251174, QTAgent32.exe, &lt;a class=success&gt;Playback - {19} [SUCCESS] SetValueAsEditBox "c:\TestProject7\ourmma.reg"  &lt; Set via SendKeys &gt;
\0&lt;/a&gt;
W, 3504, 23, 2013/05/23, 19:40:17.144, 2955398254121, QTAgent32.exe, &lt;a class=success&gt;Playback - {20} [SUCCESS] SetValueAsComboBox "c:\TestProject7\ourmma.reg" - "[MSAA, VisibleOnly]ControlType='ComboBox' &amp;&amp; Name='Open:'"  &lt; Set via SetValueAsEditBox &gt;
\0&lt;/a&gt;
W, 3504, 23, 2013/05/23, 19:40:17.396, 2955401873117, QTAgent32.exe, &lt;a class=success&gt;Playback - {21} [SUCCESS] MouseButtonClick - "[MSAA, VisibleOnly]ControlType='Button' &amp;&amp; Name='OK'"
\0&lt;/a&gt;
W, 3504, 23, 2013/05/23, 19:40:17.852, 2955408394496, QTAgent32.exe, Playback - [WARNING] Internal warning: Window Not Found: [VisibleOnly]ControlType='Window' &amp;&amp; Name='Registry Editor' &amp;&amp; ClassName='#32770'
\0
E, 3504, 23, 2013/05/23, 19:40:17.852, 2955408397954, QTAgent32.exe, &lt;a class=failure&gt;Playback - {22} [FAILED] Function ElementFetcher::FindScreenElement failed to locate UI element (Searching: ;[VisibleOnly]ControlType='Window' &amp;&amp; Name='Registry Editor' &amp;&amp; ClassName='#32770') (The object specified was not found.)
\0&lt;/a&gt;
E, 3504, 23, 2013/05/23, 19:40:18.067, 2955411477831, QTAgent32.exe, Playback - [IMAGE] C:\Users\testuser\AppData\Local\Temp\UITestLogs\LastRun\RPF91FA.png
\0
W, 3504, 23, 2013/05/23, 19:40:18.067, 2955411480007, QTAgent32.exe, Playback - [WARNING] Internal warning: Couldn't find descendants that match QueryId
\0
W, 3504, 23, 2013/05/23, 19:40:18.067, 2955411482670, QTAgent32.exe, PERF WARNING: FindTopLevelWindowHelper::FindAllDescendents: took 568 ms. Expected it to take maximum 500 ms.
W, 3504, 23, 2013/05/23, 19:40:19.826, 2955436665969, QTAgent32.exe, PERF WARNING: FindTopLevelWindowHelper::FindAllDescendents: took 1758 ms. Expected it to take maximum 500 ms.
W, 3504, 23, 2013/05/23, 19:40:20.102, 2955440619722, QTAgent32.exe, &lt;a class=success&gt;Playback - {23} [SUCCESS] MouseButtonClick - "[MSAA, VisibleOnly]ControlType='Button' &amp;&amp; Name='Yes'"
\0&lt;/a&gt;
W, 3504, 23, 2013/05/23, 19:40:20.457, 2955445693304, QTAgent32.exe, &lt;a class=success&gt;Playback - {24} [SUCCESS] MouseButtonClick - "[MSAA, VisibleOnly]ControlType='Button' &amp;&amp; Name='OK'"
\0&lt;/a&gt;
W, 3504, 23, 2013/05/23, 19:40:20.723, 2955449505982, QTAgent32.exe, &lt;a class=success&gt;Playback - {25} [SUCCESS] MouseButtonClick - "[MSAA, VisibleOnly]ControlType='Button' &amp;&amp; Name='Clients &amp; Files'"
\0&lt;/a&gt;
W, 3504, 23, 2013/05/23, 19:40:21.141, 2955455494327, QTAgent32.exe, Playback - [WARNING] Internal warning: Window Not Found: [VisibleOnly]ControlType='Window' &amp;&amp; ClassName='ThunderRT6MDIForm'
\0
E, 3504, 23, 2013/05/23, 19:40:21.142, 2955455497333, QTAgent32.exe, &lt;a class=failure&gt;Playback - {26} [FAILED] Function ElementFetcher::FindScreenElement failed to locate UI element (Searching: ;[VisibleOnly]ControlType='Window' &amp;&amp; ClassName='ThunderRT6MDIForm') (The object specified was not found.)
\0&lt;/a&gt;
E, 3504, 23, 2013/05/23, 19:40:21.247, 2955457009493, QTAgent32.exe, Playback - [IMAGE] C:\Users\testuser\AppData\Local\Temp\UITestLogs\LastRun\RPF9ED7.png
\0
W, 3504, 23, 2013/05/23, 19:40:21.247, 2955457011848, QTAgent32.exe, Playback - [WARNING] Internal warning: Couldn't find descendants that match QueryId
\0
W, 3504, 23, 2013/05/23, 19:40:24.714, 2955506646460, QTAgent32.exe, PERF WARNING: FindTopLevelWindowHelper::FindAllDescendents: took 3466 ms. Expected it to take maximum 500 ms.
W, 3504, 23, 2013/05/23, 19:40:25.712, 2955520934596, QTAgent32.exe, Playback - [WARNING] Internal warning: Incorrect flag set for InvokeProgrammaticAction\0
W, 3504, 23, 2013/05/23, 19:40:25.835, 2955522700108, QTAgent32.exe, &lt;a class=success&gt;Playback - {27} [SUCCESS] SetValueAsComboBox "Customers" - "[MSAA, VisibleOnly]ControlType='ComboBox'"  &lt; SetValueAsComboBox, set by clicking on the item in the list box &gt;
\0&lt;/a&gt;
W, 3504, 23, 2013/05/23, 19:40:26.354, 2955530134866, QTAgent32.exe, &lt;a class=success&gt;Playback - {28} [SUCCESS] MouseButtonClick - "[MSAA, VisibleOnly]ControlType='Button' &amp;&amp; Name='Add'"
\0&lt;/a&gt;
W, 3504, 23, 2013/05/23, 19:40:27.235, 2955542751713, QTAgent32.exe, &lt;a class=success&gt;Playback - {29} [SUCCESS] SendKeys "autotest" - "[MSAA, VisibleOnly]ControlType='RadioButton' &amp;&amp; Name='Personal Lines'"
\0&lt;/a&gt;
W, 3504, 23, 2013/05/23, 19:40:28.418, 2955559684081, QTAgent32.exe, &lt;a class=success&gt;Playback - {30} [SUCCESS] SetValueAsEditBox "autotest" - "[MSAA, VisibleOnly]ControlType='Edit'"  &lt; Set via SendKeys &gt;
\0&lt;/a&gt;
W, 3504, 23, 2013/05/23, 19:40:28.647, 2955562959991, QTAgent32.exe, &lt;a class=success&gt;Playback - {31} [SUCCESS] MouseButtonClick - "[MSAA, VisibleOnly]ControlType='Button' &amp;&amp; Name='OK'"
\0&lt;/a&gt;
W, 3504, 23, 2013/05/23, 19:40:28.954, 2955567352467, QTAgent32.exe, &lt;a class=success&gt;Playback - {32} [SUCCESS] MouseButtonClick - "[MSAA, VisibleOnly]ControlType='Button' &amp;&amp; Name='Yes'"
\0&lt;/a&gt;
W, 3504, 23, 2013/05/23, 19:40:29.655, 2955577391008, QTAgent32.exe, &lt;a class=success&gt;Playback - {33} [SUCCESS] SendKeys "^{HOME}" - "[MSAA, VisibleOnly]ControlType='Edit'"
\0&lt;/a&gt;
E, 3504, 23, 2013/05/23, 19:40:29.655, 2955577394334, QTAgent32.exe, Msaa.GetFocusedElement: could not find accessible object of foreground window
W, 3504, 23, 2013/05/23, 19:40:29.719, 2955578307641, QTAgent32.exe, &lt;a class=success&gt;Playback - {34} [SUCCESS] SendKeys "^+{END}" - "[MSAA, VisibleOnly]ControlType='Edit'"
\0&lt;/a&gt;
E, 3504, 23, 2013/05/23, 19:40:29.719, 2955578310992, QTAgent32.exe, Msaa.GetFocusedElement: could not find accessible object of foreground window
W, 3504, 23, 2013/05/23, 19:40:29.735, 2955578538357, QTAgent32.exe, &lt;a class=success&gt;Playback - {35} [SUCCESS] SendKeys "{DELETE}" - "[MSAA, VisibleOnly]ControlType='Edit'"
\0&lt;/a&gt;
W, 3504, 23, 2013/05/23, 19:40:30.186, 2955584994374, QTAgent32.exe, &lt;a class=success&gt;Playback - {36} [SUCCESS] SetValueAsEditBox "1" - "[MSAA, VisibleOnly]ControlType='Edit'"  &lt; Set via SendKeys &gt;
\0&lt;/a&gt;
W, 3504, 23, 2013/05/23, 19:40:30.774, 2955593422301, QTAgent32.exe, &lt;a class=success&gt;Playback - {37} [SUCCESS] SendKeys "^{HOME}" - "[MSAA, VisibleOnly]ControlType='Edit'"
\0&lt;/a&gt;
E, 3504, 23, 2013/05/23, 19:40:30.774, 2955593425542, QTAgent32.exe, Msaa.GetFocusedElement: could not find accessible object of foreground window
W, 3504, 23, 2013/05/23, 19:40:30.841, 2955594375592, QTAgent32.exe, &lt;a class=success&gt;Playback - {38} [SUCCESS] SendKeys "^+{END}" - "[MSAA, VisibleOnly]ControlType='Edit'"
\0&lt;/a&gt;
E, 3504, 23, 2013/05/23, 19:40:30.841, 2955594379248, QTAgent32.exe, Msaa.GetFocusedElement: could not find accessible object of foreground window
W, 3504, 23, 2013/05/23, 19:40:30.857, 2955594605554, QTAgent32.exe, &lt;a class=success&gt;Playback - {39} [SUCCESS] SendKeys "{DELETE}" - "[MSAA, VisibleOnly]ControlType='Edit'"
\0&lt;/a&gt;
W, 3504, 23, 2013/05/23, 19:40:31.308, 2955601069843, QTAgent32.exe, &lt;a class=success&gt;Playback - {40} [SUCCESS] SetValueAsEditBox "1" - "[MSAA, VisibleOnly]ControlType='Edit'"  &lt; Set via SendKeys &gt;
\0&lt;/a&gt;
W, 3504, 23, 2013/05/23, 19:40:32.920, 2955624149414, QTAgent32.exe, Playback - [WARNING] Internal warning: Target element "[MSAA, VisibleOnly]ControlType='Button' &amp;&amp; Name='OK'" was not found, so all intermediate elements were ignored. An incorrect element that matches target element Id can be found as the result.  Verify that all intermediate elements in QueryId have valid and unique Ids
\0
W, 3504, 23, 2013/05/23, 19:40:33.460, 2955631879054, QTAgent32.exe, PERF WARNING: FindAllDescendents: took 2048 ms. Expected it to take maximum 500 ms.
W, 3504, 23, 2013/05/23, 19:40:33.770, 2955636312065, QTAgent32.exe, &lt;a class=success&gt;Playback - {41} [SUCCESS] MouseButtonClick - "[MSAA, VisibleOnly]ControlType='Button' &amp;&amp; Name='OK'"
\0&lt;/a&gt;
W, 3504, 23, 2013/05/23, 19:40:34.178, 2955642152250, QTAgent32.exe, &lt;a class=success&gt;Playback - {42} [SUCCESS] MouseButtonClick - "[MSAA, VisibleOnly]ControlType='Button'"
\0&lt;/a&gt;
W, 3504, 23, 2013/05/23, 19:40:34.575, 2955647844224, QTAgent32.exe, &lt;a class=success&gt;Playback - {43} [SUCCESS] MouseButtonClick - "[MSAA, VisibleOnly]ControlType='Button' &amp;&amp; Name='Add'"
\0&lt;/a&gt;
W, 3504, 23, 2013/05/23, 19:40:34.944, 2955653123889, QTAgent32.exe, &lt;a class=success&gt;Playback - {44} [SUCCESS] MouseButtonClick - "[MSAA, VisibleOnly]ControlType='Button' &amp;&amp; Name='OK'"
\0&lt;/a&gt;
W, 3504, 23, 2013/05/23, 19:40:37.194, 2955685342488, QTAgent32.exe, &lt;a class=success&gt;Playback - {45} [SUCCESS] MouseButtonClick - "[MSAA, VisibleOnly,Window]ControlType='Window' &amp;&amp; ClassName='ThunderRT6TextBox'"
\0&lt;/a&gt;
W, 3504, 23, 2013/05/23, 19:40:38.194, 2955699663440, QTAgent32.exe, &lt;a class=success&gt;Playback - {46} [SUCCESS] SetValueAsEditBox "HOME" - "[MSAA, VisibleOnly]ControlType='Edit'"  &lt; Set via SendKeys &gt;
\0&lt;/a&gt;
W, 3504, 23, 2013/05/23, 19:40:38.595, 2955705396197, QTAgent32.exe, &lt;a class=success&gt;Playback - {47} [SUCCESS] MouseButtonClick - "[MSAA, VisibleOnly]ControlType='Button' &amp;&amp; Name='OK'"
\0&lt;/a&gt;
W, 3504, 23, 2013/05/23, 19:40:38.830, 2955708769419, QTAgent32.exe, &lt;a class=success&gt;Playback - {48} [SUCCESS] MouseButtonClick - "[MSAA, VisibleOnly]ControlType='Button' &amp;&amp; Name='Options'"
\0&lt;/a&gt;
W, 3504, 23, 2013/05/23, 19:40:38.930, 2955710204690, QTAgent32.exe, FindScreenElementInSinglePass : Attempting to find control in one pass of search. Failures can occur.
W, 3504, 23, 2013/05/23, 19:40:39.952, 2955724836124, QTAgent32.exe, &lt;a class=success&gt;Playback - {49} [SUCCESS] MouseButtonClick - "[MSAA]ControlType='MenuItem' &amp;&amp; Name='Links'"
\0&lt;/a&gt;
W, 3504, 23, 2013/05/23, 19:40:40.053, 2955726273281, QTAgent32.exe, FindScreenElementInSinglePass : Attempting to find control in one pass of search. Failures can occur.
W, 3504, 23, 2013/05/23, 19:40:41.117, 2955741504351, QTAgent32.exe, &lt;a class=success&gt;Playback - {50} [SUCCESS] MouseButtonClick - "[MSAA]ControlType='MenuItem' &amp;&amp; Name='3rd Party Integration'"
\0&lt;/a&gt;
W, 3504, 23, 2013/05/23, 19:40:41.217, 2955742943228, QTAgent32.exe, FindScreenElementInSinglePass : Attempting to find control in one pass of search. Failures can occur.
W, 3504, 23, 2013/05/23, 19:40:41.760, 2955750719069, QTAgent32.exe, &lt;a class=success&gt;Playback - {51} [SUCCESS] MouseButtonClick - "[MSAA]ControlType='MenuItem' &amp;&amp; Name='Quote Select List'"
\0&lt;/a&gt;
W, 3504, 23, 2013/05/23, 19:40:44.156, 2955785022245, QTAgent32.exe, PERF WARNING: FindTopLevelWindowHelper::FindAllDescendents: took 2295 ms. Expected it to take maximum 500 ms.
W, 3504, 23, 2013/05/23, 19:40:44.521, 2955790244853, QTAgent32.exe, &lt;a class=success&gt;Playback - {52} [SUCCESS] MouseButtonClick - "[MSAA, VisibleOnly]ControlType='Button' &amp;&amp; Name='Ok'"
\0&lt;/a&gt;
W, 3504, 23, 2013/05/23, 19:40:48.072, 2955841089928, QTAgent32.exe, PERF WARNING: FindTopLevelWindowHelper::FindAllDescendents: took 3414 ms. Expected it to take maximum 500 ms.
W, 3504, 23, 2013/05/23, 19:40:48.687, 2955849900177, QTAgent32.exe, &lt;a class=success&gt;Playback - {53} [SUCCESS] SendKeys "^{HOME}" - "[MSAA, VisibleOnly]ControlType='Edit'"
\0&lt;/a&gt;
E, 3504, 23, 2013/05/23, 19:40:48.687, 2955849903557, QTAgent32.exe, Msaa.GetFocusedElement: could not find accessible object of foreground window
W, 3504, 23, 2013/05/23, 19:40:48.751, 2955850817278, QTAgent32.exe, &lt;a class=success&gt;Playback - {54} [SUCCESS] SendKeys "^+{END}" - "[MSAA, VisibleOnly]ControlType='Edit'"
\0&lt;/a&gt;
E, 3504, 23, 2013/05/23, 19:40:48.751, 2955850820283, QTAgent32.exe, Msaa.GetFocusedElement: could not find accessible object of foreground window
W, 3504, 23, 2013/05/23, 19:40:48.767, 2955851048853, QTAgent32.exe, &lt;a class=success&gt;Playback - {55} [SUCCESS] SendKeys "{DELETE}" - "[MSAA, VisibleOnly]ControlType='Edit'"
\0&lt;/a&gt;
W, 3504, 23, 2013/05/23, 19:40:49.269, 2955858227423, QTAgent32.exe, &lt;a class=success&gt;Playback - {56} [SUCCESS] SetValueAsEditBox "30/05/13" - "[MSAA, VisibleOnly]ControlType='Edit'"  &lt; Set via SendKeys &gt;
\0&lt;/a&gt;
W, 3504, 23, 2013/05/23, 19:40:50.315, 2955873207004, QTAgent32.exe, &lt;a class=success&gt;Playback - {57} [SUCCESS] SetValueAsEditBox "test1" - "[MSAA, VisibleOnly]ControlType='Edit'"  &lt; Set via SendKeys &gt;
\0&lt;/a&gt;
W, 3504, 23, 2013/05/23, 19:40:51.068, 2955883989586, QTAgent32.exe, &lt;a class=success&gt;Playback - {58} [SUCCESS] SetValueAsEditBox "test" - "[MSAA, VisibleOnly]ControlType='Edit'"  &lt; Set via SendKeys &gt;
\0&lt;/a&gt;
W, 3504, 23, 2013/05/23, 19:40:51.525, 2955890532762, QTAgent32.exe, &lt;a class=success&gt;Playback - {59} [SUCCESS] SendKeys "^{HOME}" - "[MSAA, VisibleOnly]ControlType='Edit'"
\0&lt;/a&gt;
E, 3504, 23, 2013/05/23, 19:40:51.525, 2955890536202, QTAgent32.exe, Msaa.GetFocusedElement: could not find accessible object of foreground window
W, 3504, 23, 2013/05/23, 19:40:51.590, 2955891463673, QTAgent32.exe, &lt;a class=success&gt;Playback - {60} [SUCCESS] SendKeys "^+{END}" - "[MSAA, VisibleOnly]ControlType='Edit'"
\0&lt;/a&gt;
E, 3504, 23, 2013/05/23, 19:40:51.590, 2955891467145, QTAgent32.exe, Msaa.GetFocusedElement: could not find accessible object of foreground window
W, 3504, 23, 2013/05/23, 19:40:51.605, 2955891688000, QTAgent32.exe, &lt;a class=success&gt;Playback - {61} [SUCCESS] SendKeys "{DELETE}" - "[MSAA, VisibleOnly]ControlType='Edit'"
\0&lt;/a&gt;
W, 3504, 23, 2013/05/23, 19:40:51.991, 2955897200607, QTAgent32.exe, &lt;a class=success&gt;Playback - {62} [SUCCESS] SetValueAsEditBox "test" - "[MSAA, VisibleOnly]ControlType='Edit'"  &lt; Set via SendKeys &gt;
\0&lt;/a&gt;
W, 3504, 23, 2013/05/23, 19:40:52.858, 2955909618979, QTAgent32.exe, Playback - [WARNING] Internal warning: Incorrect flag set for InvokeProgrammaticAction\0
W, 3504, 23, 2013/05/23, 19:40:52.981, 2955911383938, QTAgent32.exe, &lt;a class=success&gt;Playback - {63} [SUCCESS] SetValueAsComboBox "Account Director" - "[MSAA, VisibleOnly]ControlType='ComboBox'"  &lt; SetValueAsComboBox, set by clicking on the item in the list box &gt;
\0&lt;/a&gt;
W, 3504, 23, 2013/05/23, 19:40:53.849, 2955923805862, QTAgent32.exe, Playback - [WARNING] Internal warning: Incorrect flag set for InvokeProgrammaticAction\0
W, 3504, 23, 2013/05/23, 19:40:53.970, 2955925539804, QTAgent32.exe, &lt;a class=success&gt;Playback - {64} [SUCCESS] SetValueAsComboBox "Advertising" - "[MSAA, VisibleOnly]ControlType='ComboBox'"  &lt; SetValueAsComboBox, set by clicking on the item in the list box &gt;
\0&lt;/a&gt;
W, 3504, 23, 2013/05/23, 19:40:54.763, 2955936906033, QTAgent32.exe, &lt;a class=success&gt;Playback - {65} [SUCCESS] SetValueAsEditBox "160589" - "[MSAA, VisibleOnly]ControlType='Edit'"  &lt; Set via SendKeys &gt;
\0&lt;/a&gt;
W, 3504, 23, 2013/05/23, 19:40:55.012, 2955940457329, QTAgent32.exe, &lt;a class=success&gt;Playback - {66} [SUCCESS] MouseButtonClick - "[MSAA, VisibleOnly]ControlType='Edit'"
\0&lt;/a&gt;
W, 3504, 23, 2013/05/23, 19:40:55.806, 2955951830956, QTAgent32.exe, &lt;a class=success&gt;Playback - {67} [SUCCESS] SetValueAsEditBox "BN16BN" - "[MSAA, VisibleOnly]ControlType='Edit'"  &lt; Set via SendKeys &gt;
\0&lt;/a&gt;
W, 3504, 23, 2013/05/23, 19:40:58.055, 2955984035979, QTAgent32.exe, &lt;a class=success&gt;Playback - {68} [SUCCESS] MouseButtonClick - "[MSAA, VisibleOnly]ControlType='Button' &amp;&amp; Name='Lookup...'"
\0&lt;/a&gt;
W, 3504, 23, 2013/05/23, 19:40:58.360, 2955988403175, QTAgent32.exe, &lt;a class=success&gt;Playback - {69} [SUCCESS] MouseButtonClick - "[MSAA, VisibleOnly]ControlType='Button' &amp;&amp; Name='Ok'"
\0&lt;/a&gt;
W, 3504, 23, 2013/05/23, 19:40:58.717, 2955993514144, QTAgent32.exe, &lt;a class=success&gt;Playback - {70} [SUCCESS] MouseButtonClick - "[MSAA, VisibleOnly]ControlType='Button' &amp;&amp; Name='Next &gt;'"
\0&lt;/a&gt;
W, 3504, 23, 2013/05/23, 19:40:59.838, 2956009563426, QTAgent32.exe, &lt;a class=success&gt;Playback - {71} [SUCCESS] SetValueAsEditBox "1989" - "[MSAA, VisibleOnly]ControlType='Edit'"  &lt; Set via SendKeys &gt;
\0&lt;/a&gt;
W, 3504, 23, 2013/05/23, 19:41:00.146, 2956013968893, QTAgent32.exe, &lt;a class=success&gt;Playback - {72} [SUCCESS] MouseButtonClick - "[MSAA, VisibleOnly]ControlType='Button' &amp;&amp; Name='Next &gt;'"
\0&lt;/a&gt;
W, 3504, 23, 2013/05/23, 19:41:00.385, 2956017395369, QTAgent32.exe, &lt;a class=success&gt;Playback - {73} [SUCCESS] MouseButtonClick - "[MSAA, VisibleOnly]ControlType='Button' &amp;&amp; Name='Next &gt;'"
\0&lt;/a&gt;
W, 3504, 23, 2013/05/23, 19:41:00.601, 2956020486834, QTAgent32.exe, &lt;a class=success&gt;Playback - {74} [SUCCESS] MouseButtonClick - "[MSAA, VisibleOnly]ControlType='Button' &amp;&amp; Name='Next &gt;'"
\0&lt;/a&gt;
W, 3504, 23, 2013/05/23, 19:41:01.861, 2956038531145, QTAgent32.exe, &lt;a class=success&gt;Playback - {75} [SUCCESS] SetValueAsEditBox "2345" - "[MSAA, VisibleOnly]ControlType='Edit'"  &lt; Set via SendKeys &gt;
\0&lt;/a&gt;
W, 3504, 23, 2013/05/23, 19:41:03.023, 2956055169104, QTAgent32.exe, &lt;a class=success&gt;Playback - {76} [SUCCESS] SetValueAsEditBox "2000" - "[MSAA, VisibleOnly]ControlType='Edit'"  &lt; Set via SendKeys &gt;
\0&lt;/a&gt;
W, 3504, 23, 2013/05/23, 19:41:04.164, 2956071495056, QTAgent32.exe, &lt;a class=success&gt;Playback - {77} [SUCCESS] SetValueAsEditBox "2000" - "[MSAA, VisibleOnly]ControlType='Edit'"  &lt; Set via SendKeys &gt;
\0&lt;/a&gt;
W, 3504, 23, 2013/05/23, 19:41:04.402, 2956074902198, QTAgent32.exe, &lt;a class=success&gt;Playback - {78} [SUCCESS] MouseButtonClick - "[MSAA, VisibleOnly]ControlType='Button' &amp;&amp; Name='Next &gt;'"
\0&lt;/a&gt;
W, 3504, 23, 2013/05/23, 19:41:05.602, 2956092094682, QTAgent32.exe, &lt;a class=success&gt;Playback - {79} [SUCCESS] SetValueAsEditBox "2345" - "[MSAA, VisibleOnly]ControlType='Edit'"  &lt; Set via SendKeys &gt;
\0&lt;/a&gt;
W, 3504, 23, 2013/05/23, 19:41:05.865, 2956095856594, QTAgent32.exe, &lt;a class=success&gt;Playback - {80} [SUCCESS] MouseButtonClick - "[MSAA, VisibleOnly]ControlType='Button' &amp;&amp; Name='Next &gt;'"
\0&lt;/a&gt;
W, 3504, 23, 2013/05/23, 19:41:06.141, 2956099816565, QTAgent32.exe, &lt;a class=success&gt;Playback - {81} [SUCCESS] MouseButtonClick - "[MSAA, VisibleOnly]ControlType='Button' &amp;&amp; Name='Next &gt;'"
\0&lt;/a&gt;
W, 3504, 23, 2013/05/23, 19:41:06.514, 2956105154183, QTAgent32.exe, &lt;a class=success&gt;Playback - {82} [SUCCESS] MouseButtonClick - "[MSAA, VisibleOnly]ControlType='Button' &amp;&amp; Name='Quote'"
\0&lt;/a&gt;
W, 3504, 23, 2013/05/23, 19:41:06.757, 2956108625823, QTAgent32.exe, &lt;a class=success&gt;Playback - {83} [SUCCESS] MouseButtonClick - "[MSAA, VisibleOnly]ControlType='Button' &amp;&amp; Name='No'"
\0&lt;/a&gt;
W, 3504, 23, 2013/05/23, 19:41:07.173, 2956114584944, QTAgent32.exe, &lt;a class=success&gt;Playback - {84} [SUCCESS] MouseButtonClick - "[MSAA, VisibleOnly]ControlType='Button' &amp;&amp; Name='Ok'"
\0&lt;/a&gt;
W, 3504, 23, 2013/05/23, 19:41:10.721, 2956165391931, QTAgent32.exe, PERF WARNING: FindTopLevelWindowHelper::FindAllDescendents: took 3440 ms. Expected it to take maximum 500 ms.
W, 3504, 23, 2013/05/23, 19:41:10.864, 2956167433939, QTAgent32.exe, &lt;a class=success&gt;Playback - {85} [SUCCESS] MouseButtonClick - "[MSAA, VisibleOnly]ControlType='Client'"
\0&lt;/a&gt;
W, 3504, 23, 2013/05/23, 19:41:13.900, 2956210898538, QTAgent32.exe, &lt;a class=success&gt;Playback - {86} [SUCCESS] SendKeys "{Home}" - "[MSAA, VisibleOnly]ControlType='Client'"
\0&lt;/a&gt;
W, 3504, 23, 2013/05/23, 19:41:14.666, 2956221879985, QTAgent32.exe, &lt;a class=success&gt;Playback - {87} [SUCCESS] MouseButtonClick - "[MSAA, VisibleOnly]ControlType='Button' &amp;&amp; Name='Accept'"
\0&lt;/a&gt;
W, 3504, 23, 2013/05/23, 19:41:16.904, 2956253922225, QTAgent32.exe, &lt;a class=success&gt;Playback - {88} [SUCCESS] MouseButtonClick - "[MSAA, VisibleOnly]ControlType='Button' &amp;&amp; Name='Yes'"
\0&lt;/a&gt;
W, 3504, 23, 2013/05/23, 19:41:27.452, 2956404943499, QTAgent32.exe, Playback - [WARNING] Internal warning: Window Not Found: [VisibleOnly]ControlType='Window' &amp;&amp; Name='Broker Add-ons' &amp;&amp; ClassName='ThunderRT6FormDC'
\0
E, 3504, 23, 2013/05/23, 19:41:27.453, 2956404950290, QTAgent32.exe, &lt;a class=failure&gt;Playback - {89} [FAILED] Function ElementFetcher::FindScreenElement failed to locate UI element (Searching: ;[VisibleOnly]ControlType='Window' &amp;&amp; Name='Broker Add-ons' &amp;&amp; ClassName='ThunderRT6FormDC') (The object specified was not found.)
\0&lt;/a&gt;
E, 3504, 23, 2013/05/23, 19:41:27.584, 2956406834434, QTAgent32.exe, Playback - [IMAGE] C:\Users\testuser\AppData\Local\Temp\UITestLogs\LastRun\RPFA1E4.png
\0
W, 3504, 23, 2013/05/23, 19:41:27.584, 2956406837630, QTAgent32.exe, Playback - [WARNING] Internal warning: Couldn't find descendants that match QueryId
\0
W, 3504, 23, 2013/05/23, 19:41:27.585, 2956406844096, QTAgent32.exe, PERF WARNING: FindTopLevelWindowHelper::FindAllDescendents: took 10548 ms. Expected it to take maximum 500 ms.
W, 3504, 23, 2013/05/23, 19:41:46.911, 2956683561299, QTAgent32.exe, Playback - [WARNING] Internal warning: Window Not Found: [VisibleOnly]ControlType='Window' &amp;&amp; Name='Broker Add-ons' &amp;&amp; ClassName='ThunderRT6FormDC'
\0
E, 3504, 23, 2013/05/23, 19:41:46.911, 2956683571642, QTAgent32.exe, &lt;a class=failure&gt;Playback - {90} [FAILED] Function ElementFetcher::FindScreenElement failed to locate UI element (Searching: ;[VisibleOnly]ControlType='Window' &amp;&amp; Name='Broker Add-ons' &amp;&amp; ClassName='ThunderRT6FormDC') (The object specified was not found.)
\0&lt;/a&gt;
E, 3504, 23, 2013/05/23, 19:41:46.997, 2956684788777, QTAgent32.exe, Playback - [IMAGE] C:\Users\testuser\AppData\Local\Temp\UITestLogs\LastRun\RPFEDE2.png
\0
W, 3504, 23, 2013/05/23, 19:41:46.997, 2956684791802, QTAgent32.exe, Playback - [WARNING] Internal warning: Couldn't find descendants that match QueryId
\0
W, 3504, 23, 2013/05/23, 19:41:46.998, 2956684800396, QTAgent32.exe, PERF WARNING: FindTopLevelWindowHelper::FindAllDescendents: took 19412 ms. Expected it to take maximum 500 ms.
W, 3504, 23, 2013/05/23, 19:41:49.646, 2956722720988, QTAgent32.exe, Playback - [WARNING] Internal warning: Smart Match failed
\0
W, 3504, 23, 2013/05/23, 19:41:51.005, 2956742177307, QTAgent32.exe, Playback - [WARNING] Internal warning: Window Not Found: [VisibleOnly]ControlType='Window' &amp;&amp; Name='Broker Add-ons' &amp;&amp; ClassName='ThunderRT6FormDC'
\0
E, 3504, 23, 2013/05/23, 19:41:51.005, 2956742181651, QTAgent32.exe, &lt;a class=failure&gt;Playback - {91} [FAILED] Function ElementFetcher::FindScreenElement failed to locate UI element (Searching: ;[VisibleOnly]ControlType='Window' &amp;&amp; Name='Broker Add-ons' &amp;&amp; ClassName='ThunderRT6FormDC') (The object specified was not found.)
\0&lt;/a&gt;
E, 3504, 23, 2013/05/23, 19:41:51.086, 2956743337323, QTAgent32.exe, Playback - [IMAGE] C:\Users\testuser\AppData\Local\Temp\UITestLogs\LastRun\RPFFDEA.png
\0
W, 3504, 23, 2013/05/23, 19:41:51.086, 2956743339505, QTAgent32.exe, Playback - [WARNING] Internal warning: Couldn't find descendants that match QueryId
\0
W, 3504, 23, 2013/05/23, 19:41:51.087, 2956743344182, QTAgent32.exe, PERF WARNING: FindTopLevelWindowHelper::FindAllDescendents: took 4088 ms. Expected it to take maximum 500 ms.
E, 3504, 23, 2013/05/23, 19:41:51.087, 2956743346975, QTAgent32.exe, Exception: System.Runtime.InteropServices.COMException
	Message: Error HRESULT E_FAIL has been returned from a call to a COM component.
	Stack Trace:    at Microsoft.VisualStudio.TestTools.UITest.Playback.Engine.IRPFPlayback.FindAllScreenElements(IScreenElement pScreenElementStart, String bstrQueryId, Object&amp; pvarResKeys, Int32 cResKeys, Int32 nMaxDepth, Object[]&amp; foundDescendants)
   at Microsoft.VisualStudio.TestTools.UITest.Playback.ScreenElement.FindTopLevelWindowHelper(String queryId)
	BaseExceptionMessage: Error HRESULT E_FAIL has been returned from a call to a COM component.

E, 3504, 23, 2013/05/23, 19:41:51.188, 2956744798147, QTAgent32.exe, AL: Playback Error: Microsoft.VisualStudio.TestTools.UITest.Extension.UITestControlNotFoundException: The playback failed to find the control with the given search properties. Additional Details: 
TechnologyName:  'MSAA'
ControlType:  'Window'
Name:  'Broker Add-ons'
ClassName:  'ThunderRT6FormDC'
 ---&gt; System.Runtime.InteropServices.COMException: Error HRESULT E_FAIL has been returned from a call to a COM component.
   at Microsoft.VisualStudio.TestTools.UITest.Playback.Engine.IRPFPlayback.FindAllScreenElements(IScreenElement pScreenElementStart, String bstrQueryId, Object&amp; pvarResKeys, Int32 cResKeys, Int32 nMaxDepth, Object[]&amp; foundDescendants)
   at Microsoft.VisualStudio.TestTools.UITest.Playback.ScreenElement.FindTopLevelWindowHelper(String queryId)
   at Microsoft.VisualStudio.TestTools.UITest.Playback.ScreenElement.FindFromPartialQueryId(String queryId)
   at Microsoft.VisualStudio.TestTools.UITesting.UITestControl..ctor(String queryId)
   --- End of inner exception stack trace ---
   at Microsoft.VisualStudio.TestTools.UITesting.Playback.MapControlNotFoundException(COMException ex, IPlaybackContext context)
   at Microsoft.VisualStudio.TestTools.UITesting.Playback.MapAndThrowComException(COMException innerException, IPlaybackContext context)
   at Microsoft.VisualStudio.TestTools.UITesting.Playback.MapAndThrowException(SystemException exception, IPlaybackContext context)
   at Microsoft.VisualStudio.TestTools.UITesting.Playback.MapAndThrowException(SystemException exception, String queryId)
   at Microsoft.VisualStudio.TestTools.UITesting.UITestControl..ctor(String queryId)
   at Microsoft.VisualStudio.TestTools.UITesting.SearchHelper.SearchTopLevelWindow(ISearchArgument topLevelSearchArg, String topLevelElementQueryId)
   at Microsoft.VisualStudio.TestTools.UITesting.SearchHelper.GetTitleUpdatedTopLevelWindow(ISearchArgument topLevelSearchArg, String queryId, IList`1 windowTitles)
   at Microsoft.VisualStudio.TestTools.UITesting.SearchHelper.GetTopLevelElement(Boolean useCache, Boolean useCacheOnly, ISearchArgument searchArg, IList`1 windowTitles, Int32&amp; timeLeft)
   at Microsoft.VisualStudio.TestTools.UITesting.SearchHelper.GetElement(Boolean useCache, ISearchArgument searchArg)
   at Microsoft.VisualStudio.TestTools.UITesting.SearchHelper.Search(ISearchArgument searchArg)
   at Microsoft.VisualStudio.TestTools.UITesting.UITestControl.FindInternal()
   at Microsoft.VisualStudio.TestTools.UITesting.UITestControl.FindControlIfNecessary()
   at Microsoft.VisualStudio.TestTools.UITesting.UITestControl.Click(MouseButtons button, ModifierKeys modifierKeys, Point relativeCoordinates)
   at Microsoft.VisualStudio.TestTools.UITesting.Mouse.ClickImplementation(UITestControl control, MouseButtons button, ModifierKeys modifierKeys, Point relativeCoordinate)
   at Microsoft.VisualStudio.TestTools.UITesting.Mouse.ClickImplementationWrapper(UITestControl control, MouseButtons button, ModifierKeys modifierKeys, Point relativeCoordinate)
W, 3504, 23, 2013/05/23, 19:41:51.188, 2956744801582, QTAgent32.exe, PlaybackErrorHandler: Ignoring exception as ContinueOnError is set.
W, 3504, 23, 2013/05/23, 19:41:58.743, 2956852965589, QTAgent32.exe, Playback - [WARNING] Internal warning: Window Not Found: [VisibleOnly]ControlType='Window' &amp;&amp; Name='Save the file as' &amp;&amp; ClassName='#32770'
\0
E, 3504, 23, 2013/05/23, 19:41:58.743, 2956852972265, QTAgent32.exe, &lt;a class=failure&gt;Playback - {92} [FAILED] Function ElementFetcher::FindScreenElement failed to locate UI element (Searching: ;[VisibleOnly]ControlType='Window' &amp;&amp; Name='Save the file as' &amp;&amp; ClassName='#32770') (The object specified was not found.)
\0&lt;/a&gt;
E, 3504, 23, 2013/05/23, 19:41:58.832, 2956854251742, QTAgent32.exe, Playback - [IMAGE] C:\Users\testuser\AppData\Local\Temp\UITestLogs\LastRun\RPF1C24.png
\0
W, 3504, 23, 2013/05/23, 19:41:58.833, 2956854254324, QTAgent32.exe, Playback - [WARNING] Internal warning: Couldn't find descendants that match QueryId
\0
W, 3504, 23, 2013/05/23, 19:41:58.833, 2956854264562, QTAgent32.exe, PERF WARNING: FindTopLevelWindowHelper::FindAllDescendents: took 7644 ms. Expected it to take maximum 500 ms.
W, 3504, 23, 2013/05/23, 19:42:18.016, 2957128932395, QTAgent32.exe, Playback - [WARNING] Internal warning: Window Not Found: [VisibleOnly]ControlType='Window' &amp;&amp; Name='Save the file as' &amp;&amp; ClassName='#32770'
\0
E, 3504, 23, 2013/05/23, 19:42:18.017, 2957128942293, QTAgent32.exe, &lt;a class=failure&gt;Playback - {93} [FAILED] Function ElementFetcher::FindScreenElement failed to locate UI element (Searching: ;[VisibleOnly]ControlType='Window' &amp;&amp; Name='Save the file as' &amp;&amp; ClassName='#32770') (The object specified was not found.)
\0&lt;/a&gt;
E, 3504, 23, 2013/05/23, 19:42:18.101, 2957130154003, QTAgent32.exe, Playback - [IMAGE] C:\Users\testuser\AppData\Local\Temp\UITestLogs\LastRun\RPF6768.png
\0
W, 3504, 23, 2013/05/23, 19:42:18.102, 2957130156713, QTAgent32.exe, Playback - [WARNING] Internal warning: Couldn't find descendants that match QueryId
\0
W, 3504, 23, 2013/05/23, 19:42:18.102, 2957130166520, QTAgent32.exe, PERF WARNING: FindTopLevelWindowHelper::FindAllDescendents: took 19269 ms. Expected it to take maximum 500 ms.
W, 3504, 23, 2013/05/23, 19:42:20.739, 2957167923424, QTAgent32.exe, Playback - [WARNING] Internal warning: Smart Match failed
\0
W, 3504, 23, 2013/05/23, 19:42:22.034, 2957186457647, QTAgent32.exe, Playback - [WARNING] Internal warning: Window Not Found: [VisibleOnly]ControlType='Window' &amp;&amp; Name='Save the file as' &amp;&amp; ClassName='#32770'
\0
E, 3504, 23, 2013/05/23, 19:42:22.034, 2957186461076, QTAgent32.exe, &lt;a class=failure&gt;Playback - {94} [FAILED] Function ElementFetcher::FindScreenElement failed to locate UI element (Searching: ;[VisibleOnly]ControlType='Window' &amp;&amp; Name='Save the file as' &amp;&amp; ClassName='#32770') (The object specified was not found.)
\0&lt;/a&gt;
E, 3504, 23, 2013/05/23, 19:42:22.115, 2957187625596, QTAgent32.exe, Playback - [IMAGE] C:\Users\testuser\AppData\Local\Temp\UITestLogs\LastRun\RPF7721.png
\0
W, 3504, 23, 2013/05/23, 19:42:22.115, 2957187627972, QTAgent32.exe, Playback - [WARNING] Internal warning: Couldn't find descendants that match QueryId
\0
W, 3504, 23, 2013/05/23, 19:42:22.116, 2957187631908, QTAgent32.exe, PERF WARNING: FindTopLevelWindowHelper::FindAllDescendents: took 4013 ms. Expected it to take maximum 500 ms.
E, 3504, 23, 2013/05/23, 19:42:22.116, 2957187633990, QTAgent32.exe, Exception: System.Runtime.InteropServices.COMException
	Message: Error HRESULT E_FAIL has been returned from a call to a COM component.
	Stack Trace:    at Microsoft.VisualStudio.TestTools.UITest.Playback.Engine.IRPFPlayback.FindAllScreenElements(IScreenElement pScreenElementStart, String bstrQueryId, Object&amp; pvarResKeys, Int32 cResKeys, Int32 nMaxDepth, Object[]&amp; foundDescendants)
   at Microsoft.VisualStudio.TestTools.UITest.Playback.ScreenElement.FindTopLevelWindowHelper(String queryId)
	BaseExceptionMessage: Error HRESULT E_FAIL has been returned from a call to a COM component.

E, 3504, 23, 2013/05/23, 19:42:22.217, 2957189081399, QTAgent32.exe, AL: Playback Error: Microsoft.VisualStudio.TestTools.UITest.Extension.UITestControlNotFoundException: The playback failed to find the control with the given search properties. Additional Details: 
TechnologyName:  'MSAA'
ControlType:  'Window'
Name:  'Save the file as'
ClassName:  '#32770'
 ---&gt; System.Runtime.InteropServices.COMException: Error HRESULT E_FAIL has been returned from a call to a COM component.
   at Microsoft.VisualStudio.TestTools.UITest.Playback.Engine.IRPFPlayback.FindAllScreenElements(IScreenElement pScreenElementStart, String bstrQueryId, Object&amp; pvarResKeys, Int32 cResKeys, Int32 nMaxDepth, Object[]&amp; foundDescendants)
   at Microsoft.VisualStudio.TestTools.UITest.Playback.ScreenElement.FindTopLevelWindowHelper(String queryId)
   at Microsoft.VisualStudio.TestTools.UITest.Playback.ScreenElement.FindFromPartialQueryId(String queryId)
   at Microsoft.VisualStudio.TestTools.UITesting.UITestControl..ctor(String queryId)
   --- End of inner exception stack trace ---
   at Microsoft.VisualStudio.TestTools.UITesting.Playback.MapControlNotFoundException(COMException ex, IPlaybackContext context)
   at Microsoft.VisualStudio.TestTools.UITesting.Playback.MapAndThrowComException(COMException innerException, IPlaybackContext context)
   at Microsoft.VisualStudio.TestTools.UITesting.Playback.MapAndThrowException(SystemException exception, IPlaybackContext context)
   at Microsoft.VisualStudio.TestTools.UITesting.Playback.MapAndThrowException(SystemException exception, String queryId)
   at Microsoft.VisualStudio.TestTools.UITesting.UITestControl..ctor(String queryId)
   at Microsoft.VisualStudio.TestTools.UITesting.SearchHelper.SearchTopLevelWindow(ISearchArgument topLevelSearchArg, String topLevelElementQueryId)
   at Microsoft.VisualStudio.TestTools.UITesting.SearchHelper.GetTitleUpdatedTopLevelWindow(ISearchArgument topLevelSearchArg, String queryId, IList`1 windowTitles)
   at Microsoft.VisualStudio.TestTools.UITesting.SearchHelper.GetTopLevelElement(Boolean useCache, Boolean useCacheOnly, ISearchArgument searchArg, IList`1 windowTitles, Int32&amp; timeLeft)
   at Microsoft.VisualStudio.TestTools.UITesting.SearchHelper.GetElement(Boolean useCache, ISearchArgument searchArg)
   at Microsoft.VisualStudio.TestTools.UITesting.SearchHelper.Search(ISearchArgument searchArg)
   at Microsoft.VisualStudio.TestTools.UITesting.UITestControl.FindInternal()
   at Microsoft.VisualStudio.TestTools.UITesting.UITestControl.FindControlIfNecessary()
   at Microsoft.VisualStudio.TestTools.UITesting.UITestControl.Click(MouseButtons button, ModifierKeys modifierKeys, Point relativeCoordinates)
   at Microsoft.VisualStudio.TestTools.UITesting.Mouse.ClickImplementation(UITestControl control, MouseButtons button, ModifierKeys modifierKeys, Point relativeCoordinate)
   at Microsoft.VisualStudio.TestTools.UITesting.Mouse.ClickImplementationWrapper(UITestControl control, MouseButtons button, ModifierKeys modifierKeys, Point relativeCoordinate)
W, 3504, 23, 2013/05/23, 19:42:22.225, 2957189197599, QTAgent32.exe, PlaybackErrorHandler: Ignoring exception as ContinueOnError is set.
W, 3504, 23, 2013/05/23, 19:42:22.781, 2957197157603, QTAgent32.exe, &lt;a class=success&gt;Playback - {95} [SUCCESS] MouseButtonClick - "[MSAA, VisibleOnly]ControlType='Button' &amp;&amp; Name='OK'"
\0&lt;/a&gt;
W, 3504, 23, 2013/05/23, 19:42:23.157, 2957202529745, QTAgent32.exe, &lt;a class=success&gt;Playback - {96} [SUCCESS] MouseButtonClick - "[MSAA, VisibleOnly]ControlType='Button' &amp;&amp; Name='Ok'"
\0&lt;/a&gt;
W, 3504, 23, 2013/05/23, 19:42:23.430, 2957206443590, QTAgent32.exe, &lt;a class=success&gt;Playback - {97} [SUCCESS] MouseButtonClick - "[MSAA, VisibleOnly]ControlType='Button' &amp;&amp; Name='Ok'"
\0&lt;/a&gt;
W, 3504, 23, 2013/05/23, 19:42:25.306, 2957233313083, QTAgent32.exe, &lt;a class=success&gt;Playback - {98} [SUCCESS] SetValueAsEditBox "B338TH" - "[MSAA, VisibleOnly]ControlType='Edit'"  &lt; Set via SendKeys &gt;
\0&lt;/a&gt;
W, 3504, 23, 2013/05/23, 19:42:27.536, 2957265232412, QTAgent32.exe, &lt;a class=success&gt;Playback - {99} [SUCCESS] MouseButtonClick - "[MSAA, VisibleOnly]ControlType='Button' &amp;&amp; Name='Lookup...'"
\0&lt;/a&gt;
W, 3504, 23, 2013/05/23, 19:42:27.802, 2957269051845, QTAgent32.exe, &lt;a class=success&gt;Playback - {100} [SUCCESS] MouseButtonClick - "[MSAA, VisibleOnly]ControlType='Button' &amp;&amp; Name='Ok'"
\0&lt;/a&gt;
W, 3504, 23, 2013/05/23, 19:42:28.096, 2957273253163, QTAgent32.exe, &lt;a class=success&gt;Playback - {101} [SUCCESS] MouseButtonClick - "[MSAA, VisibleOnly]ControlType='Button' &amp;&amp; Name='Confirm'"
\0&lt;/a&gt;
W, 3504, 23, 2013/05/23, 19:42:49.311, 2957577023128, QTAgent32.exe, Playback - [WARNING] Internal warning: Window Not Found: [VisibleOnly]ControlType='Window' &amp;&amp; Name='Personal Lines' &amp;&amp; ClassName='#32770'
\0
E, 3504, 23, 2013/05/23, 19:42:49.312, 2957577029085, QTAgent32.exe, &lt;a class=failure&gt;Playback - {102} [FAILED] Function ElementFetcher::FindScreenElement failed to locate UI element (Searching: ;[VisibleOnly]ControlType='Window' &amp;&amp; Name='Personal Lines' &amp;&amp; ClassName='#32770') (The object specified was not found.)
\0&lt;/a&gt;
E, 3504, 23, 2013/05/23, 19:42:49.399, 2957578279007, QTAgent32.exe, Playback - [IMAGE] C:\Users\testuser\AppData\Local\Temp\UITestLogs\LastRun\RPFE1A7.png
\0
W, 3504, 23, 2013/05/23, 19:42:49.399, 2957578281541, QTAgent32.exe, Playback - [WARNING] Internal warning: Couldn't find descendants that match QueryId
\0
W, 3504, 23, 2013/05/23, 19:42:49.400, 2957578287750, QTAgent32.exe, PERF WARNING: FindTopLevelWindowHelper::FindAllDescendents: took 21204 ms. Expected it to take maximum 500 ms.
W, 3504, 23, 2013/05/23, 19:43:08.561, 2957852649081, QTAgent32.exe, Playback - [WARNING] Internal warning: Window Not Found: [VisibleOnly]ControlType='Window' &amp;&amp; Name='Personal Lines' &amp;&amp; ClassName='#32770'
\0
E, 3504, 23, 2013/05/23, 19:43:08.562, 2957852653201, QTAgent32.exe, &lt;a class=failure&gt;Playback - {103} [FAILED] Function ElementFetcher::FindScreenElement failed to locate UI element (Searching: ;[VisibleOnly]ControlType='Window' &amp;&amp; Name='Personal Lines' &amp;&amp; ClassName='#32770') (The object specified was not found.)
\0&lt;/a&gt;
E, 3504, 23, 2013/05/23, 19:43:08.661, 2957854081164, QTAgent32.exe, Playback - [IMAGE] C:\Users\testuser\AppData\Local\Temp\UITestLogs\LastRun\RPF2CDB.png
\0
W, 3504, 23, 2013/05/23, 19:43:08.662, 2957854083762, QTAgent32.exe, Playback - [WARNING] Internal warning: Couldn't find descendants that match QueryId
\0
W, 3504, 23, 2013/05/23, 19:43:08.662, 2957854087159, QTAgent32.exe, PERF WARNING: FindTopLevelWindowHelper::FindAllDescendents: took 19261 ms. Expected it to take maximum 500 ms.
W, 3504, 23, 2013/05/23, 19:43:11.301, 2957891873956, QTAgent32.exe, Playback - [WARNING] Internal warning: Smart Match failed
\0
W, 3504, 23, 2013/05/23, 19:43:12.683, 2957911658183, QTAgent32.exe, Playback - [WARNING] Internal warning: Window Not Found: [VisibleOnly]ControlType='Window' &amp;&amp; Name='Personal Lines' &amp;&amp; ClassName='#32770'
\0
E, 3504, 23, 2013/05/23, 19:43:12.683, 2957911662085, QTAgent32.exe, &lt;a class=failure&gt;Playback - {104} [FAILED] Function ElementFetcher::FindScreenElement failed to locate UI element (Searching: ;[VisibleOnly]ControlType='Window' &amp;&amp; Name='Personal Lines' &amp;&amp; ClassName='#32770') (The object specified was not found.)
\0&lt;/a&gt;
E, 3504, 23, 2013/05/23, 19:43:12.772, 2957912940721, QTAgent32.exe, Playback - [IMAGE] C:\Users\testuser\AppData\Local\Temp\UITestLogs\LastRun\RPF3CF2.png
\0
W, 3504, 23, 2013/05/23, 19:43:12.772, 2957912943046, QTAgent32.exe, Playback - [WARNING] Internal warning: Couldn't find descendants that match QueryId
\0
W, 3504, 23, 2013/05/23, 19:43:12.773, 2957912946156, QTAgent32.exe, PERF WARNING: FindTopLevelWindowHelper::FindAllDescendents: took 4110 ms. Expected it to take maximum 500 ms.
E, 3504, 23, 2013/05/23, 19:43:12.773, 2957912948119, QTAgent32.exe, Exception: System.Runtime.InteropServices.COMException
	Message: Error HRESULT E_FAIL has been returned from a call to a COM component.
	Stack Trace:    at Microsoft.VisualStudio.TestTools.UITest.Playback.Engine.IRPFPlayback.FindAllScreenElements(IScreenElement pScreenElementStart, String bstrQueryId, Object&amp; pvarResKeys, Int32 cResKeys, Int32 nMaxDepth, Object[]&amp; foundDescendants)
   at Microsoft.VisualStudio.TestTools.UITest.Playback.ScreenElement.FindTopLevelWindowHelper(String queryId)
	BaseExceptionMessage: Error HRESULT E_FAIL has been returned from a call to a COM component.

E, 3504, 23, 2013/05/23, 19:43:12.773, 2957912954514, QTAgent32.exe, GetClassName for handle 6227562 failed
E, 3504, 23, 2013/05/23, 19:43:12.774, 2957912965711, QTAgent32.exe, Window 6227562 not responding. Last Win32 error 1400
E, 3504, 23, 2013/05/23, 19:43:12.774, 2957912967035, QTAgent32.exe, GetClassName for handle 6227562 failed
E, 3504, 23, 2013/05/23, 19:43:12.774, 2957912971865, QTAgent32.exe, Window 7865790 not responding. Last Win32 error 1400
E, 3504, 23, 2013/05/23, 19:43:12.775, 2957912972931, QTAgent32.exe, GetClassName for handle 7865790 failed
E, 3504, 23, 2013/05/23, 19:43:12.875, 2957914416291, QTAgent32.exe, AL: Playback Error: Microsoft.VisualStudio.TestTools.UITest.Extension.UITestControlNotAvailableException: The control is not available or not valid. Additional Details: 
TechnologyName:  'MSAA'
Name:  'OK'
ControlType:  'Button'
 ---&gt; Microsoft.VisualStudio.TestTools.UITest.Extension.UITestControlNotAvailableException: The control is not available or not valid. Additional Details: 
TechnologyName:  'MSAA'
ControlType:  'Window'
 ---&gt; System.Runtime.InteropServices.COMException: Error HRESULT E_FAIL has been returned from a call to a COM component.
   at Microsoft.VisualStudio.TestTools.UITest.Playback.Engine.IRPFPlayback.FindAllScreenElements(IScreenElement pScreenElementStart, String bstrQueryId, Object&amp; pvarResKeys, Int32 cResKeys, Int32 nMaxDepth, Object[]&amp; foundDescendants)
   at Microsoft.VisualStudio.TestTools.UITest.Playback.ScreenElement.FindTopLevelWindowHelper(String queryId)
   at Microsoft.VisualStudio.TestTools.UITest.Playback.ScreenElement.FindFromPartialQueryId(String queryId)
   at Microsoft.VisualStudio.TestTools.UITesting.UITestControl.EnsureValid(Boolean waitForReady, Boolean refetch)
   --- End of inner exception stack trace ---
   at Microsoft.VisualStudio.TestTools.UITesting.UITestControl.EnsureValid(Boolean waitForReady, Boolean refetch)
   at Microsoft.VisualStudio.TestTools.UITesting.UITestControl.FindFirstDescendant(String queryId, Int32 maxDepth, Int32&amp; timeLeft)
   at Microsoft.VisualStudio.TestTools.UITesting.UITestControl.FindFirstDescendant(String queryId)
   at Microsoft.VisualStudio.TestTools.UITesting.UITestControl.EnsureValid(Boolean waitForReady, Boolean refetch)
   --- End of inner exception stack trace ---
   at Microsoft.VisualStudio.TestTools.UITesting.UITestControl.EnsureValid(Boolean waitForReady, Boolean refetch)
   at Microsoft.VisualStudio.TestTools.UITesting.UITestControl.Click(MouseButtons button, ModifierKeys modifierKeys, Point relativeCoordinates)
   at Microsoft.VisualStudio.TestTools.UITesting.Mouse.ClickImplementation(UITestControl control, MouseButtons button, ModifierKeys modifierKeys, Point relativeCoordinate)
   at Microsoft.VisualStudio.TestTools.UITesting.Mouse.ClickImplementationWrapper(UITestControl control, MouseButtons button, ModifierKeys modifierKeys, Point relativeCoordinate)
W, 3504, 23, 2013/05/23, 19:43:12.876, 2957914419408, QTAgent32.exe, PlaybackErrorHandler: Ignoring exception as ContinueOnError is set.
W, 3504, 23, 2013/05/23, 19:43:13.016, 2957916431218, QTAgent32.exe, &lt;a class=success&gt;Playback - {105} [SUCCESS] Check - "[MSAA, VisibleOnly]ControlType='CheckBox' &amp;&amp; Name='Defer Printing?'"
\0&lt;/a&gt;
W, 3504, 23, 2013/05/23, 19:43:14.171, 2957932958552, QTAgent32.exe, &lt;a class=success&gt;Playback - {106} [SUCCESS] MouseButtonClick - "[MSAA, VisibleOnly]ControlType='Button' &amp;&amp; Name='Ok'"
\0&lt;/a&gt;
W, 3504, 23, 2013/05/23, 19:43:15.102, 2957946295847, QTAgent32.exe, PERF WARNING: FindTopLevelWindowHelper::FindAllDescendents: took 831 ms. Expected it to take maximum 500 ms.
W, 3504, 23, 2013/05/23, 19:43:15.246, 2957948362023, QTAgent32.exe, &lt;a class=success&gt;Playback - {107} [SUCCESS] Uncheck - "[MSAA, VisibleOnly]ControlType='CheckBox' &amp;&amp; Name='Add Activity'"
\0&lt;/a&gt;
W, 3504, 23, 2013/05/23, 19:43:15.757, 2957955668497, QTAgent32.exe, &lt;a class=success&gt;Playback - {108} [SUCCESS] MouseButtonClick - "[MSAA, VisibleOnly]ControlType='Button' &amp;&amp; Name='Ok'"
\0&lt;/a&gt;
W, 3504, 23, 2013/05/23, 19:43:16.030, 2957959581649, QTAgent32.exe, &lt;a class=success&gt;Playback - {109} [SUCCESS] MouseButtonClick - "[MSAA, VisibleOnly]ControlType='Button' &amp;&amp; Name='Ok'"
\0&lt;/a&gt;
W, 3504, 23, 2013/05/23, 19:43:20.810, 2958028021141, QTAgent32.exe, Playback - [WARNING] Internal warning: Window Not Found: [VisibleOnly]ControlType='Window' &amp;&amp; Name='Transaction to insert' &amp;&amp; ClassName='TfSelectItem'
\0
E, 3504, 23, 2013/05/23, 19:43:20.810, 2958028027884, QTAgent32.exe, &lt;a class=failure&gt;Playback - {110} [FAILED] Function ElementFetcher::FindScreenElement failed to locate UI element (Searching: ;[VisibleOnly]ControlType='Window' &amp;&amp; Name='Transaction to insert' &amp;&amp; ClassName='TfSelectItem') (The object specified was not found.)
\0&lt;/a&gt;
E, 3504, 23, 2013/05/23, 19:43:20.898, 2958029290091, QTAgent32.exe, Playback - [IMAGE] C:\Users\testuser\AppData\Local\Temp\UITestLogs\LastRun\RPF5CB3.png
\0
W, 3504, 23, 2013/05/23, 19:43:20.898, 2958029292687, QTAgent32.exe, Playback - [WARNING] Internal warning: Couldn't find descendants that match QueryId
\0
W, 3504, 23, 2013/05/23, 19:43:20.899, 2958029299872, QTAgent32.exe, PERF WARNING: FindTopLevelWindowHelper::FindAllDescendents: took 4764 ms. Expected it to take maximum 500 ms.
W, 3504, 23, 2013/05/23, 19:43:39.236, 2958291848215, QTAgent32.exe, Playback - [WARNING] Internal warning: Window Not Found: [VisibleOnly]ControlType='Window' &amp;&amp; Name='Transaction to insert' &amp;&amp; ClassName='TfSelectItem'
\0
E, 3504, 23, 2013/05/23, 19:43:39.236, 2958291854878, QTAgent32.exe, &lt;a class=failure&gt;Playback - {111} [FAILED] Function ElementFetcher::FindScreenElement failed to locate UI element (Searching: ;[VisibleOnly]ControlType='Window' &amp;&amp; Name='Transaction to insert' &amp;&amp; ClassName='TfSelectItem') (The object specified was not found.)
\0&lt;/a&gt;
E, 3504, 23, 2013/05/23, 19:43:39.334, 2958293251623, QTAgent32.exe, Playback - [IMAGE] C:\Users\testuser\AppData\Local\Temp\UITestLogs\LastRun\RPFA4BB.png
\0
W, 3504, 23, 2013/05/23, 19:43:39.334, 2958293254120, QTAgent32.exe, Playback - [WARNING] Internal warning: Couldn't find descendants that match QueryId
\0
W, 3504, 23, 2013/05/23, 19:43:39.334, 2958293260261, QTAgent32.exe, PERF WARNING: FindTopLevelWindowHelper::FindAllDescendents: took 18434 ms. Expected it to take maximum 500 ms.
W, 3504, 23, 2013/05/23, 19:43:40.108, 2958304336561, QTAgent32.exe, Playback - [WARNING] Internal warning: Smart Match failed
\0
W, 3504, 23, 2013/05/23, 19:43:40.892, 2958315567268, QTAgent32.exe, Playback - [WARNING] Internal warning: Smart Match failed
\0
W, 3504, 23, 2013/05/23, 19:43:41.664, 2958326615182, QTAgent32.exe, Playback - [WARNING] Internal warning: Smart Match failed
\0
W, 3504, 23, 2013/05/23, 19:43:42.461, 2958338025034, QTAgent32.exe, Playback - [WARNING] Internal warning: Smart Match failed
\0
W, 3504, 23, 2013/05/23, 19:43:42.932, 2958344771629, QTAgent32.exe, Playback - [WARNING] Internal warning: Window Not Found: [VisibleOnly]ControlType='Window' &amp;&amp; Name='Transaction to insert' &amp;&amp; ClassName='TfSelectItem'
\0
E, 3504, 23, 2013/05/23, 19:43:42.932, 2958344775306, QTAgent32.exe, &lt;a class=failure&gt;Playback - {112} [FAILED] Function ElementFetcher::FindScreenElement failed to locate UI element (Searching: ;[VisibleOnly]ControlType='Window' &amp;&amp; Name='Transaction to insert' &amp;&amp; ClassName='TfSelectItem') (The object specified was not found.)
\0&lt;/a&gt;
E, 3504, 23, 2013/05/23, 19:43:43.024, 2958346083880, QTAgent32.exe, Playback - [IMAGE] C:\Users\testuser\AppData\Local\Temp\UITestLogs\LastRun\RPFB31E.png
\0
W, 3504, 23, 2013/05/23, 19:43:43.024, 2958346086718, QTAgent32.exe, Playback - [WARNING] Internal warning: Couldn't find descendants that match QueryId
\0
W, 3504, 23, 2013/05/23, 19:43:43.024, 2958346091081, QTAgent32.exe, PERF WARNING: FindTopLevelWindowHelper::FindAllDescendents: took 3689 ms. Expected it to take maximum 500 ms.
E, 3504, 23, 2013/05/23, 19:43:43.024, 2958346093163, QTAgent32.exe, Exception: System.Runtime.InteropServices.COMException
	Message: Error HRESULT E_FAIL has been returned from a call to a COM component.
	Stack Trace:    at Microsoft.VisualStudio.TestTools.UITest.Playback.Engine.IRPFPlayback.FindAllScreenElements(IScreenElement pScreenElementStart, String bstrQueryId, Object&amp; pvarResKeys, Int32 cResKeys, Int32 nMaxDepth, Object[]&amp; foundDescendants)
   at Microsoft.VisualStudio.TestTools.UITest.Playback.ScreenElement.FindTopLevelWindowHelper(String queryId)
	BaseExceptionMessage: Error HRESULT E_FAIL has been returned from a call to a COM component.

E, 3504, 23, 2013/05/23, 19:43:43.025, 2958346098385, QTAgent32.exe, Window 10486768 not responding. Last Win32 error 0
E, 3504, 23, 2013/05/23, 19:43:43.025, 2958346099673, QTAgent32.exe, GetClassName for handle 10486768 failed
E, 3504, 23, 2013/05/23, 19:43:43.025, 2958346105696, QTAgent32.exe, Window 9831322 not responding. Last Win32 error 1400
E, 3504, 23, 2013/05/23, 19:43:43.025, 2958346106667, QTAgent32.exe, GetClassName for handle 9831322 failed
E, 3504, 23, 2013/05/23, 19:43:43.126, 2958347546117, QTAgent32.exe, AL: Playback Error: Microsoft.VisualStudio.TestTools.UITest.Extension.UITestControlNotAvailableException: The control is not available or not valid. Additional Details: 
TechnologyName:  'MSAA'
Name:  'Ok'
ControlType:  'Button'
 ---&gt; Microsoft.VisualStudio.TestTools.UITest.Extension.UITestControlNotAvailableException: The control is not available or not valid. Additional Details: 
TechnologyName:  'MSAA'
Name:  'Transaction to insert'
ClassName:  'TfSelectItem'
ControlType:  'Window'
 ---&gt; System.Runtime.InteropServices.COMException: Error HRESULT E_FAIL has been returned from a call to a COM component.
   at Microsoft.VisualStudio.TestTools.UITest.Playback.Engine.IRPFPlayback.FindAllScreenElements(IScreenElement pScreenElementStart, String bstrQueryId, Object&amp; pvarResKeys, Int32 cResKeys, Int32 nMaxDepth, Object[]&amp; foundDescendants)
   at Microsoft.VisualStudio.TestTools.UITest.Playback.ScreenElement.FindTopLevelWindowHelper(String queryId)
   at Microsoft.VisualStudio.TestTools.UITest.Playback.ScreenElement.FindFromPartialQueryId(String queryId)
   at Microsoft.VisualStudio.TestTools.UITesting.UITestControl.EnsureValid(Boolean waitForReady, Boolean refetch)
   --- End of inner exception stack trace ---
   at Microsoft.VisualStudio.TestTools.UITesting.UITestControl.EnsureValid(Boolean waitForReady, Boolean refetch)
   at Microsoft.VisualStudio.TestTools.UITesting.UITestControl.FindFirstDescendant(String queryId, Int32 maxDepth, Int32&amp; timeLeft)
   at Microsoft.VisualStudio.TestTools.UITesting.UITestControl.FindFirstDescendant(String queryId)
   at Microsoft.VisualStudio.TestTools.UITesting.UITestControl.EnsureValid(Boolean waitForReady, Boolean refetch)
   --- End of inner exception stack trace ---
   at Microsoft.VisualStudio.TestTools.UITesting.UITestControl.EnsureValid(Boolean waitForReady, Boolean refetch)
   at Microsoft.VisualStudio.TestTools.UITesting.UITestControl.Click(MouseButtons button, ModifierKeys modifierKeys, Point relativeCoordinates)
   at Microsoft.VisualStudio.TestTools.UITesting.Mouse.ClickImplementation(UITestControl control, MouseButtons button, ModifierKeys modifierKeys, Point relativeCoordinate)
   at Microsoft.VisualStudio.TestTools.UITesting.Mouse.ClickImplementationWrapper(UITestControl control, MouseButtons button, ModifierKeys modifierKeys, Point relativeCoordinate)
W, 3504, 23, 2013/05/23, 19:43:43.126, 2958347549770, QTAgent32.exe, PlaybackErrorHandler: Ignoring exception as ContinueOnError is set.
W, 3504, 23, 2013/05/23, 19:43:45.295, 2958378604936, QTAgent32.exe, &lt;a class=success&gt;Playback - {113} [SUCCESS] MouseButtonClick - "[MSAA, VisibleOnly]ControlType='Button' &amp;&amp; Name='OK'"
\0&lt;/a&gt;
W, 3504, 23, 2013/05/23, 19:43:45.642, 2958383570945, QTAgent32.exe, &lt;a class=success&gt;Playback - {114} [SUCCESS] MouseButtonClick - "[MSAA, VisibleOnly]ControlType='Button' &amp;&amp; Name='Cancel'"
\0&lt;/a&gt;
W, 3504, 23, 2013/05/23, 19:43:46.037, 2958389227931, QTAgent32.exe, &lt;a class=success&gt;Playback - {115} [SUCCESS] MouseButtonClick - "[MSAA, VisibleOnly]ControlType='Button'"
\0&lt;/a&gt;
W, 3504, 23, 2013/05/23, 19:43:46.666, 2958398232760, QTAgent32.exe, &lt;a class=success&gt;Playback - {116} [SUCCESS] MouseButtonClick - "[MSAA, VisibleOnly]ControlType='Button' &amp;&amp; Name='Detail'"
\0&lt;/a&gt;
W, 3504, 23, 2013/05/23, 19:43:46.905, 2958401651277, QTAgent32.exe, &lt;a class=success&gt;Playback - {117} [SUCCESS] MouseButtonClick - "[MSAA, VisibleOnly]ControlType='Edit'"
\0&lt;/a&gt;
E, 3504, 23, 2013/05/23, 19:43:50.152, 2958448141263, QTAgent32.exe, IEDOM : Could not get valid window handle of Internet Explorer_server
W, 3504, 23, 2013/05/23, 19:43:50.152, 2958448143569, QTAgent32.exe, IEDOM : Unable to get the document Window Handle
W, 3504, 23, 2013/05/23, 19:43:55.804, 2958529082832, QTAgent32.exe, Playback - [WARNING] Internal warning: Window Not Found: [VisibleOnly]ControlType='Window' &amp;&amp; Name='Connect to www.insur-econnect.com'
\0
E, 3504, 23, 2013/05/23, 19:43:55.805, 2958529086041, QTAgent32.exe, &lt;a class=failure&gt;Playback - {118} [FAILED] Function ElementFetcher::FindScreenElement failed to locate UI element (Searching: ;[VisibleOnly]ControlType='Window' &amp;&amp; Name='Connect to www.insur-econnect.com') (The object specified was not found.)
\0&lt;/a&gt;
E, 3504, 23, 2013/05/23, 19:43:55.931, 2958530901667, QTAgent32.exe, Playback - [IMAGE] C:\Users\testuser\AppData\Local\Temp\UITestLogs\LastRun\RPFE575.png
\0
W, 3504, 23, 2013/05/23, 19:43:55.932, 2958530904202, QTAgent32.exe, Playback - [WARNING] Internal warning: Couldn't find descendants that match QueryId
\0
W, 3504, 23, 2013/05/23, 19:43:55.932, 2958530907172, QTAgent32.exe, PERF WARNING: FindTopLevelWindowHelper::FindAllDescendents: took 1878 ms. Expected it to take maximum 500 ms.
W, 3504, 23, 2013/05/23, 19:44:14.013, 2958789800655, QTAgent32.exe, Playback - [WARNING] Internal warning: Window Not Found: [VisibleOnly]ControlType='Window' &amp;&amp; Name='Connect to www.insur-econnect.com'
\0
E, 3504, 23, 2013/05/23, 19:44:14.014, 2958789805379, QTAgent32.exe, &lt;a class=failure&gt;Playback - {119} [FAILED] Function ElementFetcher::FindScreenElement failed to locate UI element (Searching: ;[VisibleOnly]ControlType='Window' &amp;&amp; Name='Connect to www.insur-econnect.com') (The object specified was not found.)
\0&lt;/a&gt;
E, 3504, 23, 2013/05/23, 19:44:14.096, 2958790976788, QTAgent32.exe, Playback - [IMAGE] C:\Users\testuser\AppData\Local\Temp\UITestLogs\LastRun\RPF2C93.png
\0
W, 3504, 23, 2013/05/23, 19:44:14.096, 2958790979005, QTAgent32.exe, Playback - [WARNING] Internal warning: Couldn't find descendants that match QueryId
\0
W, 3504, 23, 2013/05/23, 19:44:14.096, 2958790984993, QTAgent32.exe, PERF WARNING: FindTopLevelWindowHelper::FindAllDescendents: took 18163 ms. Expected it to take maximum 500 ms.
W, 3504, 23, 2013/05/23, 19:44:14.569, 2958797759334, QTAgent32.exe, Playback - [WARNING] Internal warning: Smart Match failed
\0
W, 3504, 23, 2013/05/23, 19:44:14.994, 2958803838328, QTAgent32.exe, Playback - [WARNING] Internal warning: Smart Match failed
\0
W, 3504, 23, 2013/05/23, 19:44:15.410, 2958809804571, QTAgent32.exe, Playback - [WARNING] Internal warning: Smart Match failed
\0
W, 3504, 23, 2013/05/23, 19:44:15.842, 2958815987321, QTAgent32.exe, Playback - [WARNING] Internal warning: Smart Match failed
\0
W, 3504, 23, 2013/05/23, 19:44:16.284, 2958822313802, QTAgent32.exe, Playback - [WARNING] Internal warning: Smart Match failed
\0
W, 3504, 23, 2013/05/23, 19:44:16.734, 2958828744308, QTAgent32.exe, Playback - [WARNING] Internal warning: Smart Match failed
\0
W, 3504, 23, 2013/05/23, 19:44:17.178, 2958835102836, QTAgent32.exe, Playback - [WARNING] Internal warning: Smart Match failed
\0
W, 3504, 23, 2013/05/23, 19:44:17.512, 2958839888892, QTAgent32.exe, Playback - [WARNING] Internal warning: Window Not Found: [VisibleOnly]ControlType='Window' &amp;&amp; Name='Connect to www.insur-econnect.com'
\0
E, 3504, 23, 2013/05/23, 19:44:17.512, 2958839892091, QTAgent32.exe, &lt;a class=failure&gt;Playback - {120} [FAILED] Function ElementFetcher::FindScreenElement failed to locate UI element (Searching: ;[VisibleOnly]ControlType='Window' &amp;&amp; Name='Connect to www.insur-econnect.com') (The object specified was not found.)
\0&lt;/a&gt;
E, 3504, 23, 2013/05/23, 19:44:17.586, 2958840950859, QTAgent32.exe, Playback - [IMAGE] C:\Users\testuser\AppData\Local\Temp\UITestLogs\LastRun\RPF3A3A.png
\0
W, 3504, 23, 2013/05/23, 19:44:17.586, 2958840953621, QTAgent32.exe, Playback - [WARNING] Internal warning: Couldn't find descendants that match QueryId
\0
W, 3504, 23, 2013/05/23, 19:44:17.586, 2958840956346, QTAgent32.exe, PERF WARNING: FindTopLevelWindowHelper::FindAllDescendents: took 3489 ms. Expected it to take maximum 500 ms.
E, 3504, 23, 2013/05/23, 19:44:17.586, 2958840958080, QTAgent32.exe, Exception: System.Runtime.InteropServices.COMException
	Message: Error HRESULT E_FAIL has been returned from a call to a COM component.
	Stack Trace:    at Microsoft.VisualStudio.TestTools.UITest.Playback.Engine.IRPFPlayback.FindAllScreenElements(IScreenElement pScreenElementStart, String bstrQueryId, Object&amp; pvarResKeys, Int32 cResKeys, Int32 nMaxDepth, Object[]&amp; foundDescendants)
   at Microsoft.VisualStudio.TestTools.UITest.Playback.ScreenElement.FindTopLevelWindowHelper(String queryId)
	BaseExceptionMessage: Error HRESULT E_FAIL has been returned from a call to a COM component.

W, 3504, 23, 2013/05/23, 19:44:19.166, 2958863583523, QTAgent32.exe, Playback - [WARNING] Internal warning: Window Not Found: [VisibleOnly]ControlType='Window' &amp;&amp; Name='Windows Security'
\0
E, 3504, 23, 2013/05/23, 19:44:19.167, 2958863586886, QTAgent32.exe, &lt;a class=failure&gt;Playback - {121} [FAILED] Function ElementFetcher::FindScreenElement failed to locate UI element (Searching: ;[VisibleOnly]ControlType='Window' &amp;&amp; Name='Windows Security') (The object specified was not found.)
\0&lt;/a&gt;
E, 3504, 23, 2013/05/23, 19:44:19.241, 2958864658033, QTAgent32.exe, Playback - [IMAGE] C:\Users\testuser\AppData\Local\Temp\UITestLogs\LastRun\RPF40B1.png
\0
W, 3504, 23, 2013/05/23, 19:44:19.242, 2958864660693, QTAgent32.exe, Playback - [WARNING] Internal warning: Couldn't find descendants that match QueryId
\0
W, 3504, 23, 2013/05/23, 19:44:19.242, 2958864663841, QTAgent32.exe, PERF WARNING: FindTopLevelWindowHelper::FindAllDescendents: took 1655 ms. Expected it to take maximum 500 ms.
W, 3504, 23, 2013/05/23, 19:44:37.322, 2959123532124, QTAgent32.exe, Playback - [WARNING] Internal warning: Window Not Found: [VisibleOnly]ControlType='Window' &amp;&amp; Name='Windows Security'
\0
E, 3504, 23, 2013/05/23, 19:44:37.322, 2959123537718, QTAgent32.exe, &lt;a class=failure&gt;Playback - {122} [FAILED] Function ElementFetcher::FindScreenElement failed to locate UI element (Searching: ;[VisibleOnly]ControlType='Window' &amp;&amp; Name='Windows Security') (The object specified was not found.)
\0&lt;/a&gt;
E, 3504, 23, 2013/05/23, 19:44:37.403, 2959124700194, QTAgent32.exe, Playback - [IMAGE] C:\Users\testuser\AppData\Local\Temp\UITestLogs\LastRun\RPF87A0.png
\0
W, 3504, 23, 2013/05/23, 19:44:37.404, 2959124702731, QTAgent32.exe, Playback - [WARNING] Internal warning: Couldn't find descendants that match QueryId
\0
W, 3504, 23, 2013/05/23, 19:44:37.404, 2959124709558, QTAgent32.exe, PERF WARNING: FindTopLevelWindowHelper::FindAllDescendents: took 18161 ms. Expected it to take maximum 500 ms.
W, 3504, 23, 2013/05/23, 19:44:37.901, 2959131823637, QTAgent32.exe, Playback - [WARNING] Internal warning: Smart Match failed
\0
W, 3504, 23, 2013/05/23, 19:44:38.347, 2959138216948, QTAgent32.exe, Playback - [WARNING] Internal warning: Smart Match failed
\0
W, 3504, 23, 2013/05/23, 19:44:38.787, 2959144508107, QTAgent32.exe, Playback - [WARNING] Internal warning: Smart Match failed
\0
W, 3504, 23, 2013/05/23, 19:44:39.240, 2959151007295, QTAgent32.exe, Playback - [WARNING] Internal warning: Smart Match failed
\0
W, 3504, 23, 2013/05/23, 19:44:39.683, 2959157351276, QTAgent32.exe, Playback - [WARNING] Internal warning: Smart Match failed
\0
W, 3504, 23, 2013/05/23, 19:44:40.125, 2959163675014, QTAgent32.exe, Playback - [WARNING] Internal warning: Smart Match failed
\0
W, 3504, 23, 2013/05/23, 19:44:40.434, 2959168092058, QTAgent32.exe, Playback - [WARNING] Internal warning: Window Not Found: [VisibleOnly]ControlType='Window' &amp;&amp; Name='Windows Security'
\0
E, 3504, 23, 2013/05/23, 19:44:40.434, 2959168094974, QTAgent32.exe, &lt;a class=failure&gt;Playback - {123} [FAILED] Function ElementFetcher::FindScreenElement failed to locate UI element (Searching: ;[VisibleOnly]ControlType='Window' &amp;&amp; Name='Windows Security') (The object specified was not found.)
\0&lt;/a&gt;
E, 3504, 23, 2013/05/23, 19:44:40.512, 2959169205140, QTAgent32.exe, Playback - [IMAGE] C:\Users\testuser\AppData\Local\Temp\UITestLogs\LastRun\RPF93C2.png
\0
W, 3504, 23, 2013/05/23, 19:44:40.512, 2959169207764, QTAgent32.exe, Playback - [WARNING] Internal warning: Couldn't find descendants that match QueryId
\0
W, 3504, 23, 2013/05/23, 19:44:40.512, 2959169211308, QTAgent32.exe, PERF WARNING: FindTopLevelWindowHelper::FindAllDescendents: took 3107 ms. Expected it to take maximum 500 ms.
E, 3504, 23, 2013/05/23, 19:44:40.512, 2959169213280, QTAgent32.exe, Exception: System.Runtime.InteropServices.COMException
	Message: Error HRESULT E_FAIL has been returned from a call to a COM component.
	Stack Trace:    at Microsoft.VisualStudio.TestTools.UITest.Playback.Engine.IRPFPlayback.FindAllScreenElements(IScreenElement pScreenElementStart, String bstrQueryId, Object&amp; pvarResKeys, Int32 cResKeys, Int32 nMaxDepth, Object[]&amp; foundDescendants)
   at Microsoft.VisualStudio.TestTools.UITest.Playback.ScreenElement.FindTopLevelWindowHelper(String queryId)
	BaseExceptionMessage: Error HRESULT E_FAIL has been returned from a call to a COM component.

E, 3504, 23, 2013/05/23, 19:44:40.623, 2959170795441, QTAgent32.exe, AL: Playback Error: Microsoft.VisualStudio.TestTools.UITest.Extension.UITestControlNotFoundException: The playback failed to find the control with the given search properties. Additional Details: 
TechnologyName:  'MSAA'
ControlType:  'Window'
Name:  'Windows Security'
 ---&gt; System.Runtime.InteropServices.COMException: Error HRESULT E_FAIL has been returned from a call to a COM component.
   at Microsoft.VisualStudio.TestTools.UITest.Playback.Engine.IRPFPlayback.FindAllScreenElements(IScreenElement pScreenElementStart, String bstrQueryId, Object&amp; pvarResKeys, Int32 cResKeys, Int32 nMaxDepth, Object[]&amp; foundDescendants)
   at Microsoft.VisualStudio.TestTools.UITest.Playback.ScreenElement.FindTopLevelWindowHelper(String queryId)
   at Microsoft.VisualStudio.TestTools.UITest.Playback.ScreenElement.FindFromPartialQueryId(String queryId)
   at Microsoft.VisualStudio.TestTools.UITesting.UITestControl..ctor(String queryId)
   --- End of inner exception stack trace ---
   at Microsoft.VisualStudio.TestTools.UITesting.Playback.MapControlNotFoundException(COMException ex, IPlaybackContext context)
   at Microsoft.VisualStudio.TestTools.UITesting.Playback.MapAndThrowComException(COMException innerException, IPlaybackContext context)
   at Microsoft.VisualStudio.TestTools.UITesting.Playback.MapAndThrowException(SystemException exception, IPlaybackContext context)
   at Microsoft.VisualStudio.TestTools.UITesting.Playback.MapAndThrowException(SystemException exception, String queryId)
   at Microsoft.VisualStudio.TestTools.UITesting.UITestControl..ctor(String queryId)
   at Microsoft.VisualStudio.TestTools.UITesting.SearchHelper.SearchTopLevelWindow(ISearchArgument topLevelSearchArg, String topLevelElementQueryId)
   at Microsoft.VisualStudio.TestTools.UITesting.SearchHelper.GetTitleUpdatedTopLevelWindow(ISearchArgument topLevelSearchArg, String queryId, IList`1 windowTitles)
   at Microsoft.VisualStudio.TestTools.UITesting.SearchHelper.GetTopLevelElement(Boolean useCache, Boolean useCacheOnly, ISearchArgument searchArg, IList`1 windowTitles, Int32&amp; timeLeft)
   at Microsoft.VisualStudio.TestTools.UITesting.SearchHelper.GetElement(Boolean useCache, ISearchArgument searchArg)
   at Microsoft.VisualStudio.TestTools.UITesting.SearchHelper.Search(ISearchArgument searchArg)
   at Microsoft.VisualStudio.TestTools.UITesting.UITestControl.FindInternal()
   at Microsoft.VisualStudio.TestTools.UITesting.UITestControl.FindControlIfNecessary()
   at Microsoft.VisualStudio.TestTools.UITesting.UITestControl.SendKeys(String text, ModifierKeys modifierKeys, Boolean isEncoded, Boolean isUnicode)
   at Microsoft.VisualStudio.TestTools.UITesting.Keyboard.SendKeysImplementation(UITestControl control, String text, ModifierKeys modifierKeys, Boolean isEncoded, Boolean isUnicode)
   at Microsoft.VisualStudio.TestTools.UITesting.Keyboard.SendKeysImplementationWrapper(UITestControl control, String text, ModifierKeys modifierKeys, Boolean isEncoded, Boolean isUnicode)
W, 3504, 23, 2013/05/23, 19:44:40.623, 2959170799013, QTAgent32.exe, PlaybackErrorHandler: Ignoring exception as ContinueOnError is set.
W, 3504, 23, 2013/05/23, 19:44:42.148, 2959192636708, QTAgent32.exe, Playback - [WARNING] Internal warning: Window Not Found: [VisibleOnly]ControlType='Window' &amp;&amp; Name='Windows Security'
\0
E, 3504, 23, 2013/05/23, 19:44:42.148, 2959192640181, QTAgent32.exe, &lt;a class=failure&gt;Playback - {124} [FAILED] Function ElementFetcher::FindScreenElement failed to locate UI element (Searching: ;[VisibleOnly]ControlType='Window' &amp;&amp; Name='Windows Security') (The object specified was not found.)
\0&lt;/a&gt;
E, 3504, 23, 2013/05/23, 19:44:42.227, 2959193765770, QTAgent32.exe, Playback - [IMAGE] C:\Users\testuser\AppData\Local\Temp\UITestLogs\LastRun\RPF9A77.png
\0
W, 3504, 23, 2013/05/23, 19:44:42.227, 2959193768314, QTAgent32.exe, Playback - [WARNING] Internal warning: Couldn't find descendants that match QueryId
\0
W, 3504, 23, 2013/05/23, 19:44:42.227, 2959193771478, QTAgent32.exe, PERF WARNING: FindTopLevelWindowHelper::FindAllDescendents: took 1604 ms. Expected it to take maximum 500 ms.
W, 3504, 23, 2013/05/23, 19:45:00.562, 2959456285627, QTAgent32.exe, Playback - [WARNING] Internal warning: Window Not Found: [VisibleOnly]ControlType='Window' &amp;&amp; Name='Windows Security'
\0
E, 3504, 23, 2013/05/23, 19:45:00.562, 2959456290232, QTAgent32.exe, &lt;a class=failure&gt;Playback - {125} [FAILED] Function ElementFetcher::FindScreenElement failed to locate UI element (Searching: ;[VisibleOnly]ControlType='Window' &amp;&amp; Name='Windows Security') (The object specified was not found.)
\0&lt;/a&gt;
E, 3504, 23, 2013/05/23, 19:45:00.641, 2959457425627, QTAgent32.exe, Playback - [IMAGE] C:\Users\testuser\AppData\Local\Temp\UITestLogs\LastRun\RPFE270.png
\0
W, 3504, 23, 2013/05/23, 19:45:00.642, 2959457428530, QTAgent32.exe, Playback - [WARNING] Internal warning: Couldn't find descendants that match QueryId
\0
W, 3504, 23, 2013/05/23, 19:45:00.642, 2959457434006, QTAgent32.exe, PERF WARNING: FindTopLevelWindowHelper::FindAllDescendents: took 18414 ms. Expected it to take maximum 500 ms.
W, 3504, 23, 2013/05/23, 19:45:01.124, 2959464333866, QTAgent32.exe, Playback - [WARNING] Internal warning: Smart Match failed
\0
W, 3504, 23, 2013/05/23, 19:45:01.556, 2959470522848, QTAgent32.exe, Playback - [WARNING] Internal warning: Smart Match failed
\0
W, 3504, 23, 2013/05/23, 19:45:01.982, 2959476626673, QTAgent32.exe, Playback - [WARNING] Internal warning: Smart Match failed
\0
W, 3504, 23, 2013/05/23, 19:45:02.399, 2959482596717, QTAgent32.exe, Playback - [WARNING] Internal warning: Smart Match failed
\0
W, 3504, 23, 2013/05/23, 19:45:02.822, 2959488650922, QTAgent32.exe, Playback - [WARNING] Internal warning: Smart Match failed
\0
W, 3504, 23, 2013/05/23, 19:45:03.262, 2959494950958, QTAgent32.exe, Playback - [WARNING] Internal warning: Smart Match failed
\0
W, 3504, 23, 2013/05/23, 19:45:03.715, 2959501434092, QTAgent32.exe, Playback - [WARNING] Internal warning: Smart Match failed
\0
W, 3504, 23, 2013/05/23, 19:45:04.033, 2959505984144, QTAgent32.exe, Playback - [WARNING] Internal warning: Window Not Found: [VisibleOnly]ControlType='Window' &amp;&amp; Name='Windows Security'
\0
E, 3504, 23, 2013/05/23, 19:45:04.033, 2959505987156, QTAgent32.exe, &lt;a class=failure&gt;Playback - {126} [FAILED] Function ElementFetcher::FindScreenElement failed to locate UI element (Searching: ;[VisibleOnly]ControlType='Window' &amp;&amp; Name='Windows Security') (The object specified was not found.)
\0&lt;/a&gt;
E, 3504, 23, 2013/05/23, 19:45:04.127, 2959507334360, QTAgent32.exe, Playback - [IMAGE] C:\Users\testuser\AppData\Local\Temp\UITestLogs\LastRun\RPFEFF8.png
\0
W, 3504, 23, 2013/05/23, 19:45:04.127, 2959507337032, QTAgent32.exe, Playback - [WARNING] Internal warning: Couldn't find descendants that match QueryId
\0
W, 3504, 23, 2013/05/23, 19:45:04.128, 2959507341767, QTAgent32.exe, PERF WARNING: FindTopLevelWindowHelper::FindAllDescendents: took 3485 ms. Expected it to take maximum 500 ms.
E, 3504, 23, 2013/05/23, 19:45:04.128, 2959507344607, QTAgent32.exe, Exception: System.Runtime.InteropServices.COMException
	Message: Error HRESULT E_FAIL has been returned from a call to a COM component.
	Stack Trace:    at Microsoft.VisualStudio.TestTools.UITest.Playback.Engine.IRPFPlayback.FindAllScreenElements(IScreenElement pScreenElementStart, String bstrQueryId, Object&amp; pvarResKeys, Int32 cResKeys, Int32 nMaxDepth, Object[]&amp; foundDescendants)
   at Microsoft.VisualStudio.TestTools.UITest.Playback.ScreenElement.FindTopLevelWindowHelper(String queryId)
	BaseExceptionMessage: Error HRESULT E_FAIL has been returned from a call to a COM component.

E, 3504, 23, 2013/05/23, 19:45:04.230, 2959508805906, QTAgent32.exe, AL: Playback Error: Microsoft.VisualStudio.TestTools.UITest.Extension.UITestControlNotFoundException: The playback failed to find the control with the given search properties. Additional Details: 
TechnologyName:  'MSAA'
ControlType:  'Window'
Name:  'Windows Security'
 ---&gt; System.Runtime.InteropServices.COMException: Error HRESULT E_FAIL has been returned from a call to a COM component.
   at Microsoft.VisualStudio.TestTools.UITest.Playback.Engine.IRPFPlayback.FindAllScreenElements(IScreenElement pScreenElementStart, String bstrQueryId, Object&amp; pvarResKeys, Int32 cResKeys, Int32 nMaxDepth, Object[]&amp; foundDescendants)
   at Microsoft.VisualStudio.TestTools.UITest.Playback.ScreenElement.FindTopLevelWindowHelper(String queryId)
   at Microsoft.VisualStudio.TestTools.UITest.Playback.ScreenElement.FindFromPartialQueryId(String queryId)
   at Microsoft.VisualStudio.TestTools.UITesting.UITestControl..ctor(String queryId)
   --- End of inner exception stack trace ---
   at Microsoft.VisualStudio.TestTools.UITesting.Playback.MapControlNotFoundException(COMException ex, IPlaybackContext context)
   at Microsoft.VisualStudio.TestTools.UITesting.Playback.MapAndThrowComException(COMException innerException, IPlaybackContext context)
   at Microsoft.VisualStudio.TestTools.UITesting.Playback.MapAndThrowException(SystemException exception, IPlaybackContext context)
   at Microsoft.VisualStudio.TestTools.UITesting.Playback.MapAndThrowException(SystemException exception, String queryId)
   at Microsoft.VisualStudio.TestTools.UITesting.UITestControl..ctor(String queryId)
   at Microsoft.VisualStudio.TestTools.UITesting.SearchHelper.SearchTopLevelWindow(ISearchArgument topLevelSearchArg, String topLevelElementQueryId)
   at Microsoft.VisualStudio.TestTools.UITesting.SearchHelper.GetTitleUpdatedTopLevelWindow(ISearchArgument topLevelSearchArg, String queryId, IList`1 windowTitles)
   at Microsoft.VisualStudio.TestTools.UITesting.SearchHelper.GetTopLevelElement(Boolean useCache, Boolean useCacheOnly, ISearchArgument searchArg, IList`1 windowTitles, Int32&amp; timeLeft)
   at Microsoft.VisualStudio.TestTools.UITesting.SearchHelper.GetElement(Boolean useCache, ISearchArgument searchArg)
   at Microsoft.VisualStudio.TestTools.UITesting.SearchHelper.Search(ISearchArgument searchArg)
   at Microsoft.VisualStudio.TestTools.UITesting.UITestControl.FindInternal()
   at Microsoft.VisualStudio.TestTools.UITesting.UITestControl.FindControlIfNecessary()
   at Microsoft.VisualStudio.TestTools.UITesting.UITestControl.Click(MouseButtons button, ModifierKeys modifierKeys, Point relativeCoordinates)
   at Microsoft.VisualStudio.TestTools.UITesting.Mouse.ClickImplementation(UITestControl control, MouseButtons button, ModifierKeys modifierKeys, Point relativeCoordinate)
   at Microsoft.VisualStudio.TestTools.UITesting.Mouse.ClickImplementationWrapper(UITestControl control, MouseButtons button, ModifierKeys modifierKeys, Point relativeCoordinate)
W, 3504, 23, 2013/05/23, 19:45:04.230, 2959508810041, QTAgent32.exe, PlaybackErrorHandler: Ignoring exception as ContinueOnError is set.
W, 3504, 23, 2013/05/23, 19:45:05.461, 2959526429738, QTAgent32.exe, &lt;a class=success&gt;Playback - {127} [SUCCESS] MouseButtonClick - "[Web]ControlType='Hyperlink' &amp;&amp; TagName='A' &amp;&amp; Id='' &amp;&amp; Name='' &amp;&amp; Target='' &amp;&amp; InnerText='Renewals Maintenance' &amp;&amp; FilterCondition(AbsolutePath='/sysmaint/content/leftbar.asp', Title='', Href='https://www.insur-econnect.com/sysmaint/content/leftbar.asp#', Class='', ControlDefinition='style="COLOR: white" href="#"', TagInstance='39')"
\0&lt;/a&gt;
W, 3504, 23, 2013/05/23, 19:45:06.057, 2959534966925, QTAgent32.exe, &lt;a class=success&gt;Playback - {128} [SUCCESS] MouseButtonClick - "[Web]ControlType='Hyperlink' &amp;&amp; TagName='A' &amp;&amp; Id='' &amp;&amp; Name='' &amp;&amp; Target='content' &amp;&amp; InnerText='Create a Household Test Renewal Invitation' &amp;&amp; FilterCondition(AbsolutePath='/sysmaint/content/AddHouseholdTestRenewalNotice.asp', Title='', Href='https://www.insur-econnect.com/sysmaint/content/AddHouseholdTestRenewalNotice.asp', Class='itemlink', ControlDefinition='class=itemlink href="AddHouseholdTestRen', TagInstance='2')"
\0&lt;/a&gt;
E, 3504, 23, 2013/05/23, 19:45:08.111, 2959564369854, QTAgent32.exe, Exception: System.NotSupportedException
	Message: Internal Error: This method on IEWebControlElement should not get called.
	Stack Trace:    at Microsoft.VisualStudio.TestTools.UITest.Extension.IE.BrowserOptionElementNode.InvokeProgrammaticAction(ProgrammaticActionOption programmaticActionOption)
	BaseExceptionMessage: Internal Error: This method on IEWebControlElement should not get called.

W, 3504, 23, 2013/05/23, 19:45:08.363, 2959567989051, QTAgent32.exe, &lt;a class=success&gt;Playback - {129} [SUCCESS] SetValueAsComboBox "Covea Insurance plc (formerly MMA)" - "[Web]ControlType='ComboBox' &amp;&amp; TagName='SELECT' &amp;&amp; Id='InsurerID' &amp;&amp; Name='InsurerID' &amp;&amp; FilterCondition(Size='0', LabeledBy='', Title='', ItemCount='54', Class='', ControlDefinition='id=InsurerID onchange=selectInsurer() na', TagInstance='1')"  &lt; SetValueAsComboBox, set by clicking on the item in the list box &gt;
\0&lt;/a&gt;
W, 3504, 23, 2013/05/23, 19:45:09.175, 2959579619087, QTAgent32.exe, &lt;a class=success&gt;Playback - {130} [SUCCESS] SetValueAsEditBox "81588888001771" - "[Web]ControlType='Edit' &amp;&amp; TagName='INPUT' &amp;&amp; Id='' &amp;&amp; Name='txtPolicyNumber' &amp;&amp; LabeledBy='' &amp;&amp; Type='SINGLELINE' &amp;&amp; FilterCondition(Title='', Class='', ControlDefinition='onchange=enableButtons() name=txtPolicyN', TagInstance='1')"  &lt; Set via SendKeys &gt;
\0&lt;/a&gt;
W, 3504, 23, 2013/05/23, 19:45:09.452, 2959583576730, QTAgent32.exe, &lt;a class=success&gt;Playback - {131} [SUCCESS] SendKeys "^{HOME}" - "[Web]ControlType='Edit' &amp;&amp; TagName='INPUT' &amp;&amp; Id='' &amp;&amp; Name='txtRenewalDate' &amp;&amp; LabeledBy='' &amp;&amp; Type='SINGLELINE' &amp;&amp; FilterCondition(Title='', Class='', ControlDefinition='onchange=enableButtons() name=txtRenewal', TagInstance='2')"
\0&lt;/a&gt;
E, 3504, 23, 2013/05/23, 19:45:09.452, 2959583580687, QTAgent32.exe, Msaa.GetFocusedElement: could not find accessible object of foreground window
W, 3504, 23, 2013/05/23, 19:45:09.755, 2959587913417, QTAgent32.exe, &lt;a class=success&gt;Playback - {132} [SUCCESS] SendKeys "^+{END}" - "[Web]ControlType='Edit' &amp;&amp; TagName='INPUT' &amp;&amp; Id='' &amp;&amp; Name='txtRenewalDate' &amp;&amp; LabeledBy='' &amp;&amp; Type='SINGLELINE' &amp;&amp; FilterCondition(Title='', Class='', ControlDefinition='onchange=enableButtons() name=txtRenewal', TagInstance='2')"
\0&lt;/a&gt;
E, 3504, 23, 2013/05/23, 19:45:09.755, 2959587917002, QTAgent32.exe, Msaa.GetFocusedElement: could not find accessible object of foreground window
W, 3504, 23, 2013/05/23, 19:45:09.793, 2959588459882, QTAgent32.exe, &lt;a class=success&gt;Playback - {133} [SUCCESS] SendKeys "{DELETE}" - "[Web]ControlType='Edit' &amp;&amp; TagName='INPUT' &amp;&amp; Id='' &amp;&amp; Name='txtRenewalDate' &amp;&amp; LabeledBy='' &amp;&amp; Type='SINGLELINE' &amp;&amp; FilterCondition(Title='', Class='', ControlDefinition='onchange=enableButtons() name=txtRenewal', TagInstance='2')"
\0&lt;/a&gt;
W, 3504, 23, 2013/05/23, 19:45:10.090, 2959592715210, QTAgent32.exe, &lt;a class=success&gt;Playback - {134} [SUCCESS] SetValueAsEditBox "30/05/2013" - "[Web]ControlType='Edit' &amp;&amp; TagName='INPUT' &amp;&amp; Id='' &amp;&amp; Name='txtRenewalDate' &amp;&amp; LabeledBy='' &amp;&amp; Type='SINGLELINE' &amp;&amp; FilterCondition(Title='', Class='', ControlDefinition='onchange=enableButtons() name=txtRenewal', TagInstance='2')"  &lt; Set via SendKeys &gt;
\0&lt;/a&gt;
W, 3504, 23, 2013/05/23, 19:45:10.312, 2959595888729, QTAgent32.exe, &lt;a class=success&gt;Playback - {135} [SUCCESS] SendKeys "^{HOME}" - "[Web]ControlType='Edit' &amp;&amp; TagName='INPUT' &amp;&amp; Id='' &amp;&amp; Name='txtAutoLapseDate' &amp;&amp; LabeledBy='' &amp;&amp; Type='SINGLELINE' &amp;&amp; FilterCondition(Title='', Class='', ControlDefinition='onchange=enableButtons() name=txtAutoLap', TagInstance='4')"
\0&lt;/a&gt;
E, 3504, 23, 2013/05/23, 19:45:10.312, 2959595891914, QTAgent32.exe, Msaa.GetFocusedElement: could not find accessible object of foreground window
W, 3504, 23, 2013/05/23, 19:45:10.461, 2959598035811, QTAgent32.exe, &lt;a class=success&gt;Playback - {136} [SUCCESS] SendKeys "^+{END}" - "[Web]ControlType='Edit' &amp;&amp; TagName='INPUT' &amp;&amp; Id='' &amp;&amp; Name='txtAutoLapseDate' &amp;&amp; LabeledBy='' &amp;&amp; Type='SINGLELINE' &amp;&amp; FilterCondition(Title='', Class='', ControlDefinition='onchange=enableButtons() name=txtAutoLap', TagInstance='4')"
\0&lt;/a&gt;
E, 3504, 23, 2013/05/23, 19:45:10.462, 2959598039213, QTAgent32.exe, Msaa.GetFocusedElement: could not find accessible object of foreground window
W, 3504, 23, 2013/05/23, 19:45:10.566, 2959599534748, QTAgent32.exe, &lt;a class=success&gt;Playback - {137} [SUCCESS] SendKeys "{DELETE}" - "[Web]ControlType='Edit' &amp;&amp; TagName='INPUT' &amp;&amp; Id='' &amp;&amp; Name='txtAutoLapseDate' &amp;&amp; LabeledBy='' &amp;&amp; Type='SINGLELINE' &amp;&amp; FilterCondition(Title='', Class='', ControlDefinition='onchange=enableButtons() name=txtAutoLap', TagInstance='4')"
\0&lt;/a&gt;
W, 3504, 23, 2013/05/23, 19:45:10.863, 2959603779399, QTAgent32.exe, &lt;a class=success&gt;Playback - {138} [SUCCESS] SetValueAsEditBox "30/05/2013" - "[Web]ControlType='Edit' &amp;&amp; TagName='INPUT' &amp;&amp; Id='' &amp;&amp; Name='txtAutoLapseDate' &amp;&amp; LabeledBy='' &amp;&amp; Type='SINGLELINE' &amp;&amp; FilterCondition(Title='', Class='', ControlDefinition='onchange=enableButtons() name=txtAutoLap', TagInstance='4')"  &lt; Set via SendKeys &gt;
\0&lt;/a&gt;
W, 3504, 23, 2013/05/23, 19:45:11.167, 2959608133590, QTAgent32.exe, &lt;a class=success&gt;Playback - {139} [SUCCESS] MouseButtonClick - "[Web]ControlType='Edit' &amp;&amp; TagName='TEXTAREA' &amp;&amp; Id='' &amp;&amp; Name='txtClientXml' &amp;&amp; LabeledBy='' &amp;&amp; FilterCondition(Title='', Class='', ControlDefinition='onchange=enableButtons() wrap=off cols=5', TagInstance='1')"
\0&lt;/a&gt;
W, 3504, 23, 2013/05/23, 19:45:11.618, 2959614602503, QTAgent32.exe, &lt;a class=success&gt;Playback - {140} [SUCCESS] MouseButtonClick - "[Web]ControlType='Button' &amp;&amp; TagName='INPUT' &amp;&amp; Id='getXmlButton' &amp;&amp; Name='getXmlButton' &amp;&amp; FilterCondition(DisplayText='Get XML from Server', Type='button', Title='Click to get xml from server', Class='', ControlDefinition='id=getXmlButton title="Click to get xml ', TagInstance='5')"
\0&lt;/a&gt;
W, 3504, 23, 2013/05/23, 19:45:12.246, 2959623583790, QTAgent32.exe, &lt;a class=success&gt;Playback - {141} [SUCCESS] MouseButtonClick - "[Web]ControlType='Button' &amp;&amp; TagName='INPUT' &amp;&amp; Id='buttonCreate' &amp;&amp; Name='buttonCreate' &amp;&amp; FilterCondition(DisplayText='  Create Record  ', Type='button', Title='Click to create the new record', Class='', ControlDefinition='id=buttonCreate title="Click to create t', TagInstance='6')"
\0&lt;/a&gt;
W, 3504, 23, 2013/05/23, 19:45:12.526, 2959627585775, QTAgent32.exe, &lt;a class=success&gt;Playback - {142} [SUCCESS] MouseButtonClick - "[MSAA, VisibleOnly]ControlType='Button' &amp;&amp; Name='OK'"
\0&lt;/a&gt;
W, 3504, 23, 2013/05/23, 19:45:17.723, 2959702008225, QTAgent32.exe, &lt;a class=success&gt;Playback - {143} [SUCCESS] TypeString "%({F4})"
\0&lt;/a&gt;
W, 3504, 23, 2013/05/23, 19:45:18.615, 2959714776191, QTAgent32.exe, &lt;a class=success&gt;Playback - {144} [SUCCESS] SendKeys "^{HOME}" - "[MSAA, VisibleOnly]ControlType='Edit'"
\0&lt;/a&gt;
E, 3504, 23, 2013/05/23, 19:45:18.615, 2959714779563, QTAgent32.exe, Msaa.GetFocusedElement: could not find accessible object of foreground window
W, 3504, 23, 2013/05/23, 19:45:18.690, 2959715857636, QTAgent32.exe, &lt;a class=success&gt;Playback - {145} [SUCCESS] SendKeys "^+{END}" - "[MSAA, VisibleOnly]ControlType='Edit'"
\0&lt;/a&gt;
E, 3504, 23, 2013/05/23, 19:45:18.691, 2959715860991, QTAgent32.exe, Msaa.GetFocusedElement: could not find accessible object of foreground window
W, 3504, 23, 2013/05/23, 19:45:18.719, 2959716267283, QTAgent32.exe, &lt;a class=success&gt;Playback - {146} [SUCCESS] SendKeys "{DELETE}" - "[MSAA, VisibleOnly]ControlType='Edit'"
\0&lt;/a&gt;
W, 3504, 23, 2013/05/23, 19:45:19.410, 2959726164278, QTAgent32.exe, &lt;a class=success&gt;Playback - {147} [SUCCESS] SetValueAsEditBox "30/05/2012" - "[MSAA, VisibleOnly]ControlType='Edit'"  &lt; Set via SendKeys &gt;
\0&lt;/a&gt;
W, 3504, 23, 2013/05/23, 19:45:19.841, 2959732323348, QTAgent32.exe, &lt;a class=success&gt;Playback - {148} [SUCCESS] MouseButtonClick - "[MSAA, VisibleOnly]ControlType='Button' &amp;&amp; Name='OK'"
\0&lt;/a&gt;
W, 3504, 23, 2013/05/23, 19:45:20.160, 2959736890516, QTAgent32.exe, &lt;a class=success&gt;Playback - {149} [SUCCESS] MouseButtonClick - "[MSAA, VisibleOnly]ControlType='Client'"
\0&lt;/a&gt;
W, 3504, 23, 2013/05/23, 19:45:20.756, 2959745437503, QTAgent32.exe, &lt;a class=success&gt;Playback - {150} [SUCCESS] MouseButtonClick - "[MSAA, VisibleOnly]ControlType='Client'"
\0&lt;/a&gt;
W, 3504, 23, 2013/05/23, 19:45:22.358, 2959768368832, QTAgent32.exe, &lt;a class=success&gt;Playback - {151} [SUCCESS] SetValueAsEditBox "AUTO208" - "[MSAA, VisibleOnly]ControlType='Edit'"  &lt; Set via SendKeys &gt;
\0&lt;/a&gt;
W, 3504, 23, 2013/05/23, 19:45:22.757, 2959774082438, QTAgent32.exe, &lt;a class=success&gt;Playback - {152} [SUCCESS] SetValueAsEditBox "-1001" - "[MSAA, VisibleOnly]ControlType='Edit'"  &lt; Set via SendKeys &gt;
\0&lt;/a&gt;
W, 3504, 23, 2013/05/23, 19:45:23.163, 2959779894337, QTAgent32.exe, Playback - [WARNING] Internal warning: Incorrect flag set for InvokeProgrammaticAction\0
W, 3504, 23, 2013/05/23, 19:45:23.286, 2959781659204, QTAgent32.exe, &lt;a class=success&gt;Playback - {153} [SUCCESS] SetValueAsComboBox "Household" - "[MSAA, VisibleOnly]ControlType='ComboBox'"  &lt; SetValueAsComboBox, set by clicking on the item in the list box &gt;
\0&lt;/a&gt;
W, 3504, 23, 2013/05/23, 19:45:23.516, 2959784949912, QTAgent32.exe, &lt;a class=success&gt;Playback - {154} [SUCCESS] SendKeys "^{HOME}" - "[MSAA, VisibleOnly]ControlType='Edit'"
\0&lt;/a&gt;
E, 3504, 23, 2013/05/23, 19:45:23.516, 2959784953485, QTAgent32.exe, Msaa.GetFocusedElement: could not find accessible object of foreground window
W, 3504, 23, 2013/05/23, 19:45:23.577, 2959785816273, QTAgent32.exe, &lt;a class=success&gt;Playback - {155} [SUCCESS] SendKeys "^+{END}" - "[MSAA, VisibleOnly]ControlType='Edit'"
\0&lt;/a&gt;
E, 3504, 23, 2013/05/23, 19:45:23.577, 2959785820042, QTAgent32.exe, Msaa.GetFocusedElement: could not find accessible object of foreground window
W, 3504, 23, 2013/05/23, 19:45:23.592, 2959786040420, QTAgent32.exe, &lt;a class=success&gt;Playback - {156} [SUCCESS] SendKeys "{DELETE}" - "[MSAA, VisibleOnly]ControlType='Edit'"
\0&lt;/a&gt;
W, 3504, 23, 2013/05/23, 19:45:23.880, 2959790163304, QTAgent32.exe, &lt;a class=success&gt;Playback - {157} [SUCCESS] SetValueAsEditBox "30/05/2012" - "[MSAA, VisibleOnly]ControlType='Edit'"  &lt; Set via SendKeys &gt;
\0&lt;/a&gt;
W, 3504, 23, 2013/05/23, 19:45:24.120, 2959793594398, QTAgent32.exe, &lt;a class=success&gt;Playback - {158} [SUCCESS] MouseButtonClick - "[MSAA, VisibleOnly]ControlType='Button' &amp;&amp; Name='Regress'"
\0&lt;/a&gt;
W, 3504, 23, 2013/05/23, 19:45:24.650, 2959801184790, QTAgent32.exe, &lt;a class=success&gt;Playback - {159} [SUCCESS] MouseButtonClick - "[MSAA, VisibleOnly]ControlType='Button' &amp;&amp; Name='Exit'"
\0&lt;/a&gt;
W, 3504, 23, 2013/05/23, 19:45:24.876, 2959804424163, QTAgent32.exe, &lt;a class=success&gt;Playback - {160} [SUCCESS] MouseButtonClick - "[MSAA, VisibleOnly]ControlType='Button'"
\0&lt;/a&gt;
W, 3504, 23, 2013/05/23, 19:45:25.148, 2959808319311, QTAgent32.exe, &lt;a class=success&gt;Playback - {161} [SUCCESS] MouseButtonClick - "[MSAA, VisibleOnly]ControlType='Button' &amp;&amp; Name='Options'"
\0&lt;/a&gt;
W, 3504, 23, 2013/05/23, 19:45:25.249, 2959809757406, QTAgent32.exe, FindScreenElementInSinglePass : Attempting to find control in one pass of search. Failures can occur.
W, 3504, 23, 2013/05/23, 19:45:26.193, 2959823277832, QTAgent32.exe, &lt;a class=success&gt;Playback - {162} [SUCCESS] MouseButtonClick - "[MSAA]ControlType='MenuItem' &amp;&amp; Name='Links'"
\0&lt;/a&gt;
W, 3504, 23, 2013/05/23, 19:45:26.294, 2959824727548, QTAgent32.exe, FindScreenElementInSinglePass : Attempting to find control in one pass of search. Failures can occur.
W, 3504, 23, 2013/05/23, 19:45:26.743, 2959831161893, QTAgent32.exe, &lt;a class=success&gt;Playback - {163} [SUCCESS] MouseButtonClick - "[MSAA]ControlType='MenuItem' &amp;&amp; Name='3rd Party Integration'"
\0&lt;/a&gt;
W, 3504, 23, 2013/05/23, 19:45:26.844, 2959832598740, QTAgent32.exe, FindScreenElementInSinglePass : Attempting to find control in one pass of search. Failures can occur.
W, 3504, 23, 2013/05/23, 19:45:27.164, 2959837180499, QTAgent32.exe, &lt;a class=success&gt;Playback - {164} [SUCCESS] MouseButtonClick - "[MSAA]ControlType='MenuItem' &amp;&amp; Name='Renewals Loader'"
\0&lt;/a&gt;
W, 3504, 23, 2013/05/23, 19:45:27.639, 2959843984725, QTAgent32.exe, Playback - [WARNING] Internal warning: Window Not Found: [VisibleOnly]ControlType='Window' &amp;&amp; Name='Renewal Loader' &amp;&amp; ClassName='TfUIMain'
\0
E, 3504, 23, 2013/05/23, 19:45:27.640, 2959843989092, QTAgent32.exe, &lt;a class=failure&gt;Playback - {165} [FAILED] Function ElementFetcher::FindScreenElement failed to locate UI element (Searching: ;[VisibleOnly]ControlType='Window' &amp;&amp; Name='Renewal Loader' &amp;&amp; ClassName='TfUIMain') (The object specified was not found.)
\0&lt;/a&gt;
E, 3504, 23, 2013/05/23, 19:45:27.758, 2959845689216, QTAgent32.exe, Playback - [IMAGE] C:\Users\testuser\AppData\Local\Temp\UITestLogs\LastRun\RPF4C2C.png
\0
W, 3504, 23, 2013/05/23, 19:45:27.758, 2959845691474, QTAgent32.exe, Playback - [WARNING] Internal warning: Couldn't find descendants that match QueryId
\0
W, 3504, 23, 2013/05/23, 19:45:28.826, 2959860980286, QTAgent32.exe, PERF WARNING: FindTopLevelWindowHelper::FindAllDescendents: took 1067 ms. Expected it to take maximum 500 ms.
W, 3504, 23, 2013/05/23, 19:45:28.956, 2959862846176, QTAgent32.exe, &lt;a class=success&gt;Playback - {166} [SUCCESS] MouseButtonClick - "[MSAA, VisibleOnly]ControlType='TitleBar'"
\0&lt;/a&gt;
W, 3504, 23, 2013/05/23, 19:45:29.239, 2959866898394, QTAgent32.exe, &lt;a class=success&gt;Playback - {167} [SUCCESS] SendKeys "^{HOME}" - "[MSAA, VisibleOnly]ControlType='Edit'"
\0&lt;/a&gt;
E, 3504, 23, 2013/05/23, 19:45:29.240, 2959866902659, QTAgent32.exe, Msaa.GetFocusedElement: could not find accessible object of foreground window
W, 3504, 23, 2013/05/23, 19:45:29.299, 2959867757020, QTAgent32.exe, &lt;a class=success&gt;Playback - {168} [SUCCESS] SendKeys "^+{END}" - "[MSAA, VisibleOnly]ControlType='Edit'"
\0&lt;/a&gt;
E, 3504, 23, 2013/05/23, 19:45:29.300, 2959867762115, QTAgent32.exe, Msaa.GetFocusedElement: could not find accessible object of foreground window
W, 3504, 23, 2013/05/23, 19:45:29.317, 2959868009858, QTAgent32.exe, &lt;a class=success&gt;Playback - {169} [SUCCESS] SendKeys "{DELETE}" - "[MSAA, VisibleOnly]ControlType='Edit'"
\0&lt;/a&gt;
W, 3504, 23, 2013/05/23, 19:45:29.657, 2959872880021, QTAgent32.exe, &lt;a class=success&gt;Playback - {170} [SUCCESS] SetValueAsEditBox "23/05/2013" - "[MSAA, VisibleOnly]ControlType='Edit'"  &lt; Set via SendKeys &gt;
\0&lt;/a&gt;
W, 3504, 23, 2013/05/23, 19:45:29.985, 2959877572812, QTAgent32.exe, &lt;a class=success&gt;Playback - {171} [SUCCESS] SendKeys "^{HOME}" - "[MSAA, VisibleOnly]ControlType='Edit'"
\0&lt;/a&gt;
E, 3504, 23, 2013/05/23, 19:45:29.985, 2959877575625, QTAgent32.exe, Msaa.GetFocusedElement: could not find accessible object of foreground window
W, 3504, 23, 2013/05/23, 19:45:30.044, 2959878419000, QTAgent32.exe, &lt;a class=success&gt;Playback - {172} [SUCCESS] SendKeys "^+{END}" - "[MSAA, VisibleOnly]ControlType='Edit'"
\0&lt;/a&gt;
E, 3504, 23, 2013/05/23, 19:45:30.044, 2959878422013, QTAgent32.exe, Msaa.GetFocusedElement: could not find accessible object of foreground window
W, 3504, 23, 2013/05/23, 19:45:30.060, 2959878657199, QTAgent32.exe, &lt;a class=success&gt;Playback - {173} [SUCCESS] SendKeys "{DELETE}" - "[MSAA, VisibleOnly]ControlType='Edit'"
\0&lt;/a&gt;
W, 3504, 23, 2013/05/23, 19:45:30.384, 2959883293838, QTAgent32.exe, &lt;a class=success&gt;Playback - {174} [SUCCESS] SetValueAsEditBox "06/06/2013" - "[MSAA, VisibleOnly]ControlType='Edit'"  &lt; Set via SendKeys &gt;
\0&lt;/a&gt;
W, 3504, 23, 2013/05/23, 19:45:30.811, 2959889411445, QTAgent32.exe, &lt;a class=success&gt;Playback - {175} [SUCCESS] MouseButtonClick - "[MSAA, VisibleOnly]ControlType='Button' &amp;&amp; Name='Run'"
\0&lt;/a&gt;
W, 3504, 23, 2013/05/23, 19:45:36.499, 2959970848967, QTAgent32.exe, FindNTopWindows : Search will be continued for 12000 even on failure
W, 3504, 23, 2013/05/23, 19:45:36.947, 2959977258615, QTAgent32.exe, Playback - [WARNING] Internal warning: Window with Class "IEFrame" and Title "insurE-com System Maintenance" was not found, so similar window with Class "IEFrame" and Title "insurE-com System Maintenance - Windows Internet Explorer" was accepted
\0
W, 3504, 23, 2013/05/23, 19:45:36.947, 2959977261110, QTAgent32.exe, Playback - [WARNING] Internal warning: Couldn't find descendants that match QueryId
\0
W, 3504, 23, 2013/05/23, 19:45:37.432, 2959984197913, QTAgent32.exe, Playback - [WARNING] Internal warning: Window with Class "IEFrame" and Title "insurE-com System Maintenance" was not found, so similar window with Class "IEFrame" and Title "insurE-com System Maintenance - Windows Internet Explorer" was accepted
\0
W, 3504, 23, 2013/05/23, 19:45:37.432, 2959984200546, QTAgent32.exe, Playback - [WARNING] Internal warning: Couldn't find descendants that match QueryId
\0
W, 3504, 23, 2013/05/23, 19:45:37.970, 2959991900963, QTAgent32.exe, Playback - [WARNING] Internal warning: Window with Class "IEFrame" and Title "insurE-com System Maintenance" was not found, so similar window with Class "IEFrame" and Title "insurE-com System Maintenance - Windows Internet Explorer" was accepted
\0
W, 3504, 23, 2013/05/23, 19:45:37.970, 2959991903852, QTAgent32.exe, Playback - [WARNING] Internal warning: Couldn't find descendants that match QueryId
\0
W, 3504, 23, 2013/05/23, 19:45:37.970, 2959991909145, QTAgent32.exe, PERF WARNING: FindNTopWindows::FindAllDescendents: took 538 ms. Expected it to take maximum 500 ms.
W, 3504, 23, 2013/05/23, 19:45:38.604, 2960000985718, QTAgent32.exe, Playback - [WARNING] Internal warning: Window with Class "IEFrame" and Title "insurE-com System Maintenance" was not found, so similar window with Class "IEFrame" and Title "insurE-com System Maintenance - Windows Internet Explorer" was accepted
\0
W, 3504, 23, 2013/05/23, 19:45:38.604, 2960000990175, QTAgent32.exe, Playback - [WARNING] Internal warning: Couldn't find descendants that match QueryId
\0
W, 3504, 23, 2013/05/23, 19:45:38.605, 2960000995867, QTAgent32.exe, PERF WARNING: FindNTopWindows::FindAllDescendents: took 634 ms. Expected it to take maximum 500 ms.
W, 3504, 23, 2013/05/23, 19:45:39.122, 2960008403003, QTAgent32.exe, Playback - [WARNING] Internal warning: Window with Class "IEFrame" and Title "insurE-com System Maintenance" was not found, so similar window with Class "IEFrame" and Title "insurE-com System Maintenance - Windows Internet Explorer" was accepted
\0
W, 3504, 23, 2013/05/23, 19:45:39.122, 2960008406114, QTAgent32.exe, Playback - [WARNING] Internal warning: Couldn't find descendants that match QueryId
\0
W, 3504, 23, 2013/05/23, 19:45:39.122, 2960008408944, QTAgent32.exe, PERF WARNING: FindNTopWindows::FindAllDescendents: took 517 ms. Expected it to take maximum 500 ms.
W, 3504, 23, 2013/05/23, 19:45:39.661, 2960016117966, QTAgent32.exe, Playback - [WARNING] Internal warning: Window with Class "IEFrame" and Title "insurE-com System Maintenance" was not found, so similar window with Class "IEFrame" and Title "insurE-com System Maintenance - Windows Internet Explorer" was accepted
\0
W, 3504, 23, 2013/05/23, 19:45:39.661, 2960016121100, QTAgent32.exe, Playback - [WARNING] Internal warning: Couldn't find descendants that match QueryId
\0
W, 3504, 23, 2013/05/23, 19:45:39.662, 2960016124319, QTAgent32.exe, PERF WARNING: FindNTopWindows::FindAllDescendents: took 538 ms. Expected it to take maximum 500 ms.
W, 3504, 23, 2013/05/23, 19:45:40.124, 2960022742853, QTAgent32.exe, Playback - [WARNING] Internal warning: Window with Class "IEFrame" and Title "insurE-com System Maintenance" was not found, so similar window with Class "IEFrame" and Title "insurE-com System Maintenance - Windows Internet Explorer" was accepted
\0
W, 3504, 23, 2013/05/23, 19:45:40.124, 2960022745834, QTAgent32.exe, Playback - [WARNING] Internal warning: Couldn't find descendants that match QueryId
\0
W, 3504, 23, 2013/05/23, 19:45:40.627, 2960029950400, QTAgent32.exe, Playback - [WARNING] Internal warning: Window with Class "IEFrame" and Title "insurE-com System Maintenance" was not found, so similar window with Class "IEFrame" and Title "insurE-com System Maintenance - Windows Internet Explorer" was accepted
\0
W, 3504, 23, 2013/05/23, 19:45:40.627, 2960029953780, QTAgent32.exe, Playback - [WARNING] Internal warning: Couldn't find descendants that match QueryId
\0
W, 3504, 23, 2013/05/23, 19:45:40.628, 2960029959241, QTAgent32.exe, PERF WARNING: FindNTopWindows::FindAllDescendents: took 503 ms. Expected it to take maximum 500 ms.
W, 3504, 23, 2013/05/23, 19:45:41.052, 2960036035196, QTAgent32.exe, Playback - [WARNING] Internal warning: Window with Class "IEFrame" and Title "insurE-com System Maintenance" was not found, so similar window with Class "IEFrame" and Title "insurE-com System Maintenance - Windows Internet Explorer" was accepted
\0
W, 3504, 23, 2013/05/23, 19:45:41.052, 2960036037834, QTAgent32.exe, Playback - [WARNING] Internal warning: Couldn't find descendants that match QueryId
\0
W, 3504, 23, 2013/05/23, 19:45:41.502, 2960042483921, QTAgent32.exe, Playback - [WARNING] Internal warning: Window with Class "IEFrame" and Title "insurE-com System Maintenance" was not found, so similar window with Class "IEFrame" and Title "insurE-com System Maintenance - Windows Internet Explorer" was accepted
\0
W, 3504, 23, 2013/05/23, 19:45:41.503, 2960042488615, QTAgent32.exe, Playback - [WARNING] Internal warning: Couldn't find descendants that match QueryId
\0
W, 3504, 23, 2013/05/23, 19:45:41.925, 2960048541801, QTAgent32.exe, Playback - [WARNING] Internal warning: Window with Class "IEFrame" and Title "insurE-com System Maintenance" was not found, so similar window with Class "IEFrame" and Title "insurE-com System Maintenance - Windows Internet Explorer" was accepted
\0
W, 3504, 23, 2013/05/23, 19:45:41.926, 2960048544626, QTAgent32.exe, Playback - [WARNING] Internal warning: Couldn't find descendants that match QueryId
\0
W, 3504, 23, 2013/05/23, 19:45:42.355, 2960054693936, QTAgent32.exe, Playback - [WARNING] Internal warning: Window with Class "IEFrame" and Title "insurE-com System Maintenance" was not found, so similar window with Class "IEFrame" and Title "insurE-com System Maintenance - Windows Internet Explorer" was accepted
\0
W, 3504, 23, 2013/05/23, 19:45:42.355, 2960054696781, QTAgent32.exe, Playback - [WARNING] Internal warning: Couldn't find descendants that match QueryId
\0
W, 3504, 23, 2013/05/23, 19:45:42.781, 2960060798690, QTAgent32.exe, Playback - [WARNING] Internal warning: Window with Class "IEFrame" and Title "insurE-com System Maintenance" was not found, so similar window with Class "IEFrame" and Title "insurE-com System Maintenance - Windows Internet Explorer" was accepted
\0
W, 3504, 23, 2013/05/23, 19:45:42.782, 2960060802218, QTAgent32.exe, Playback - [WARNING] Internal warning: Couldn't find descendants that match QueryId
\0
W, 3504, 23, 2013/05/23, 19:45:43.200, 2960066782503, QTAgent32.exe, Playback - [WARNING] Internal warning: Window with Class "IEFrame" and Title "insurE-com System Maintenance" was not found, so similar window with Class "IEFrame" and Title "insurE-com System Maintenance - Windows Internet Explorer" was accepted
\0
W, 3504, 23, 2013/05/23, 19:45:43.200, 2960066785061, QTAgent32.exe, Playback - [WARNING] Internal warning: Couldn't find descendants that match QueryId
\0
W, 3504, 23, 2013/05/23, 19:45:43.651, 2960073243048, QTAgent32.exe, Playback - [WARNING] Internal warning: Window with Class "IEFrame" and Title "insurE-com System Maintenance" was not found, so similar window with Class "IEFrame" and Title "insurE-com System Maintenance - Windows Internet Explorer" was accepted
\0
W, 3504, 23, 2013/05/23, 19:45:43.651, 2960073246268, QTAgent32.exe, Playback - [WARNING] Internal warning: Couldn't find descendants that match QueryId
\0
W, 3504, 23, 2013/05/23, 19:45:44.095, 2960079599193, QTAgent32.exe, Playback - [WARNING] Internal warning: Window with Class "IEFrame" and Title "insurE-com System Maintenance" was not found, so similar window with Class "IEFrame" and Title "insurE-com System Maintenance - Windows Internet Explorer" was accepted
\0
W, 3504, 23, 2013/05/23, 19:45:44.095, 2960079601659, QTAgent32.exe, Playback - [WARNING] Internal warning: Couldn't find descendants that match QueryId
\0
W, 3504, 23, 2013/05/23, 19:45:44.505, 2960085471326, QTAgent32.exe, Playback - [WARNING] Internal warning: Window with Class "IEFrame" and Title "insurE-com System Maintenance" was not found, so similar window with Class "IEFrame" and Title "insurE-com System Maintenance - Windows Internet Explorer" was accepted
\0
W, 3504, 23, 2013/05/23, 19:45:44.505, 2960085474734, QTAgent32.exe, Playback - [WARNING] Internal warning: Couldn't find descendants that match QueryId
\0
W, 3504, 23, 2013/05/23, 19:45:44.902, 2960091164878, QTAgent32.exe, Playback - [WARNING] Internal warning: Window with Class "IEFrame" and Title "insurE-com System Maintenance" was not found, so similar window with Class "IEFrame" and Title "insurE-com System Maintenance - Windows Internet Explorer" was accepted
\0
W, 3504, 23, 2013/05/23, 19:45:44.903, 2960091167728, QTAgent32.exe, Playback - [WARNING] Internal warning: Couldn't find descendants that match QueryId
\0
W, 3504, 23, 2013/05/23, 19:45:45.294, 2960096766835, QTAgent32.exe, Playback - [WARNING] Internal warning: Window with Class "IEFrame" and Title "insurE-com System Maintenance" was not found, so similar window with Class "IEFrame" and Title "insurE-com System Maintenance - Windows Internet Explorer" was accepted
\0
W, 3504, 23, 2013/05/23, 19:45:45.294, 2960096769510, QTAgent32.exe, Playback - [WARNING] Internal warning: Couldn't find descendants that match QueryId
\0
W, 3504, 23, 2013/05/23, 19:45:45.749, 2960103285822, QTAgent32.exe, Playback - [WARNING] Internal warning: Window with Class "IEFrame" and Title "insurE-com System Maintenance" was not found, so similar window with Class "IEFrame" and Title "insurE-com System Maintenance - Windows Internet Explorer" was accepted
\0
W, 3504, 23, 2013/05/23, 19:45:45.749, 2960103289038, QTAgent32.exe, Playback - [WARNING] Internal warning: Couldn't find descendants that match QueryId
\0
W, 3504, 23, 2013/05/23, 19:45:46.174, 2960109370698, QTAgent32.exe, Playback - [WARNING] Internal warning: Window with Class "IEFrame" and Title "insurE-com System Maintenance" was not found, so similar window with Class "IEFrame" and Title "insurE-com System Maintenance - Windows Internet Explorer" was accepted
\0
W, 3504, 23, 2013/05/23, 19:45:46.174, 2960109373144, QTAgent32.exe, Playback - [WARNING] Internal warning: Couldn't find descendants that match QueryId
\0
W, 3504, 23, 2013/05/23, 19:45:46.625, 2960115838778, QTAgent32.exe, Playback - [WARNING] Internal warning: Window with Class "IEFrame" and Title "insurE-com System Maintenance" was not found, so similar window with Class "IEFrame" and Title "insurE-com System Maintenance - Windows Internet Explorer" was accepted
\0
W, 3504, 23, 2013/05/23, 19:45:46.626, 2960115841979, QTAgent32.exe, Playback - [WARNING] Internal warning: Couldn't find descendants that match QueryId
\0
W, 3504, 23, 2013/05/23, 19:45:47.055, 2960121994360, QTAgent32.exe, Playback - [WARNING] Internal warning: Window with Class "IEFrame" and Title "insurE-com System Maintenance" was not found, so similar window with Class "IEFrame" and Title "insurE-com System Maintenance - Windows Internet Explorer" was accepted
\0
W, 3504, 23, 2013/05/23, 19:45:47.056, 2960121997858, QTAgent32.exe, Playback - [WARNING] Internal warning: Couldn't find descendants that match QueryId
\0
W, 3504, 23, 2013/05/23, 19:45:47.484, 2960128132373, QTAgent32.exe, Playback - [WARNING] Internal warning: Window with Class "IEFrame" and Title "insurE-com System Maintenance" was not found, so similar window with Class "IEFrame" and Title "insurE-com System Maintenance - Windows Internet Explorer" was accepted
\0
W, 3504, 23, 2013/05/23, 19:45:47.485, 2960128135361, QTAgent32.exe, Playback - [WARNING] Internal warning: Couldn't find descendants that match QueryId
\0
W, 3504, 23, 2013/05/23, 19:45:47.910, 2960134228256, QTAgent32.exe, Playback - [WARNING] Internal warning: Window with Class "IEFrame" and Title "insurE-com System Maintenance" was not found, so similar window with Class "IEFrame" and Title "insurE-com System Maintenance - Windows Internet Explorer" was accepted
\0
W, 3504, 23, 2013/05/23, 19:45:47.910, 2960134230793, QTAgent32.exe, Playback - [WARNING] Internal warning: Couldn't find descendants that match QueryId
\0
W, 3504, 23, 2013/05/23, 19:45:48.319, 2960140081109, QTAgent32.exe, Playback - [WARNING] Internal warning: Window with Class "IEFrame" and Title "insurE-com System Maintenance" was not found, so similar window with Class "IEFrame" and Title "insurE-com System Maintenance - Windows Internet Explorer" was accepted
\0
W, 3504, 23, 2013/05/23, 19:45:48.319, 2960140083784, QTAgent32.exe, Playback - [WARNING] Internal warning: Couldn't find descendants that match QueryId
\0
W, 3504, 23, 2013/05/23, 19:45:48.728, 2960145941358, QTAgent32.exe, Playback - [WARNING] Internal warning: Window with Class "IEFrame" and Title "insurE-com System Maintenance" was not found, so similar window with Class "IEFrame" and Title "insurE-com System Maintenance - Windows Internet Explorer" was accepted
\0
W, 3504, 23, 2013/05/23, 19:45:48.728, 2960145944495, QTAgent32.exe, Playback - [WARNING] Internal warning: Couldn't find descendants that match QueryId
\0
W, 3504, 23, 2013/05/23, 19:45:50.397, 2960169843011, QTAgent32.exe, Playback - [WARNING] Internal warning: Window Not Found: [VisibleOnly]Name='insurE-com System Maintenance' &amp;&amp; ClassName='IEFrame' &amp;&amp; ControlType='Window'
\0
E, 3504, 23, 2013/05/23, 19:45:50.397, 2960169846814, QTAgent32.exe, &lt;a class=failure&gt;Playback - {176} [FAILED] Function ElementFetcher::FindScreenElement failed to locate UI element (Searching: ;[VisibleOnly]Name='insurE-com System Maintenance' &amp;&amp; ClassName='IEFrame' &amp;&amp; ControlType='Window') (The object specified was not found.)
\0&lt;/a&gt;
E, 3504, 23, 2013/05/23, 19:45:50.525, 2960171676056, QTAgent32.exe, Playback - [IMAGE] C:\Users\testuser\AppData\Local\Temp\UITestLogs\LastRun\RPFA515.png
\0
W, 3504, 23, 2013/05/23, 19:45:50.525, 2960171679086, QTAgent32.exe, Playback - [WARNING] Internal warning: Couldn't find descendants that match QueryId
\0
W, 3504, 23, 2013/05/23, 19:45:50.526, 2960171682721, QTAgent32.exe, PERF WARNING: Playback.FindScreenElement: took 1797 ms. Expected it to take maximum 500 ms.
E, 3504, 23, 2013/05/23, 19:45:50.526, 2960171686808, QTAgent32.exe, Window 8390122 not responding. Last Win32 error 0
E, 3504, 23, 2013/05/23, 19:45:50.526, 2960171688036, QTAgent32.exe, GetClassName for handle 8390122 failed
E, 3504, 23, 2013/05/23, 19:45:50.526, 2960171691674, QTAgent32.exe, Window 8390122 not responding. Last Win32 error 1400
E, 3504, 23, 2013/05/23, 19:45:50.526, 2960171692464, QTAgent32.exe, GetClassName for handle 8390122 failed
E, 3504, 23, 2013/05/23, 19:45:50.627, 2960173130715, QTAgent32.exe, AL: Playback Error: Microsoft.VisualStudio.TestTools.UITest.Extension.UITestControlNotAvailableException: The control is not available or not valid. Additional Details: 
TechnologyName:  'MSAA'
Name:  'insurE-com System Maintenance'
ClassName:  'IEFrame'
ControlType:  'Window'
 ---&gt; System.Runtime.InteropServices.COMException: Error HRESULT E_FAIL has been returned from a call to a COM component.
   at Microsoft.VisualStudio.TestTools.UITest.Playback.Engine.IRPFPlayback.FindScreenElement(String bstrQueryId)
   at Microsoft.VisualStudio.TestTools.UITest.Playback.ScreenElement.FindFromPartialQueryId(String queryId)
   at Microsoft.VisualStudio.TestTools.UITesting.UITestControl.EnsureValid(Boolean waitForReady, Boolean refetch)
   --- End of inner exception stack trace ---
   at Microsoft.VisualStudio.TestTools.UITesting.UITestControl.EnsureValid(Boolean waitForReady, Boolean refetch)
   at Microsoft.VisualStudio.TestTools.UITesting.UITestControl.SendKeys(String text, ModifierKeys modifierKeys, Boolean isEncoded, Boolean isUnicode)
   at Microsoft.VisualStudio.TestTools.UITesting.Keyboard.SendKeysImplementation(UITestControl control, String text, ModifierKeys modifierKeys, Boolean isEncoded, Boolean isUnicode)
   at Microsoft.VisualStudio.TestTools.UITesting.Keyboard.SendKeysImplementationWrapper(UITestControl control, String text, ModifierKeys modifierKeys, Boolean isEncoded, Boolean isUnicode)
W, 3504, 23, 2013/05/23, 19:45:50.627, 2960173133428, QTAgent32.exe, PlaybackErrorHandler: Ignoring exception as ContinueOnError is set.
W, 3504, 23, 2013/05/23, 19:45:51.664, 2960187971230, QTAgent32.exe, &lt;a class=success&gt;Playback - {177} [SUCCESS] MouseButtonClick - "[MSAA, VisibleOnly]ControlType='TitleBar'"
\0&lt;/a&gt;
W, 3504, 23, 2013/05/23, 19:45:51.937, 2960191882417, QTAgent32.exe, &lt;a class=success&gt;Playback - {178} [SUCCESS] MouseButtonClick - "[MSAA, VisibleOnly]ControlType='Button' &amp;&amp; Name='Close'"
\0&lt;/a&gt;
W, 3504, 23, 2013/05/23, 19:45:52.976, 2960206763663, QTAgent32.exe, &lt;a class=success&gt;Playback - {179} [SUCCESS] MouseButtonClick - "[MSAA, VisibleOnly]ControlType='Button' &amp;&amp; Name='Options'"
\0&lt;/a&gt;
W, 3504, 23, 2013/05/23, 19:45:53.077, 2960208207039, QTAgent32.exe, FindScreenElementInSinglePass : Attempting to find control in one pass of search. Failures can occur.
W, 3504, 23, 2013/05/23, 19:45:53.399, 2960212826741, QTAgent32.exe, &lt;a class=success&gt;Playback - {180} [SUCCESS] MouseButtonClick - "[MSAA]ControlType='MenuItem' &amp;&amp; Name='Links'"
\0&lt;/a&gt;
W, 3504, 23, 2013/05/23, 19:45:53.500, 2960214270732, QTAgent32.exe, FindScreenElementInSinglePass : Attempting to find control in one pass of search. Failures can occur.
W, 3504, 23, 2013/05/23, 19:45:53.822, 2960218881649, QTAgent32.exe, &lt;a class=success&gt;Playback - {181} [SUCCESS] MouseButtonClick - "[MSAA]ControlType='MenuItem' &amp;&amp; Name='3rd Party Integration'"
\0&lt;/a&gt;
W, 3504, 23, 2013/05/23, 19:45:53.923, 2960220320585, QTAgent32.exe, FindScreenElementInSinglePass : Attempting to find control in one pass of search. Failures can occur.
W, 3504, 23, 2013/05/23, 19:45:54.289, 2960225569017, QTAgent32.exe, &lt;a class=success&gt;Playback - {182} [SUCCESS] MouseButtonClick - "[MSAA]ControlType='MenuItem' &amp;&amp; Name='Renewals Module'"
\0&lt;/a&gt;
W, 3504, 23, 2013/05/23, 19:45:54.875, 2960233962497, QTAgent32.exe, Playback - [WARNING] Internal warning: Window Not Found: [VisibleOnly]ControlType='Window' &amp;&amp; Name='Personal Lines Renewals' &amp;&amp; ClassName='ThunderRT6FormDC'
\0
E, 3504, 23, 2013/05/23, 19:45:54.877, 2960233981017, QTAgent32.exe, &lt;a class=failure&gt;Playback - {183} [FAILED] Function ElementFetcher::FindScreenElement failed to locate UI element (Searching: ;[VisibleOnly]ControlType='Window' &amp;&amp; Name='Personal Lines Renewals' &amp;&amp; ClassName='ThunderRT6FormDC') (The object specified was not found.)
\0&lt;/a&gt;
E, 3504, 23, 2013/05/23, 19:45:54.968, 2960235289733, QTAgent32.exe, Playback - [IMAGE] C:\Users\testuser\AppData\Local\Temp\UITestLogs\LastRun\RPFB694.png
\0
W, 3504, 23, 2013/05/23, 19:45:54.968, 2960235292251, QTAgent32.exe, Playback - [WARNING] Internal warning: Couldn't find descendants that match QueryId
\0
W, 3504, 23, 2013/05/23, 19:45:54.968, 2960235295343, QTAgent32.exe, PERF WARNING: FindTopLevelWindowHelper::FindAllDescendents: took 576 ms. Expected it to take maximum 500 ms.
W, 3504, 23, 2013/05/23, 19:45:55.049, 2960236436204, QTAgent32.exe, Playback - [WARNING] Internal warning: Window Not Found: [VisibleOnly]ControlType='Window' &amp;&amp; Name='Personal Lines Renewals' &amp;&amp; ClassName='ThunderRT6FormDC'
\0
E, 3504, 23, 2013/05/23, 19:45:55.049, 2960236439013, QTAgent32.exe, &lt;a class=failure&gt;Playback - {184} [FAILED] Function ElementFetcher::FindScreenElement failed to locate UI element (Searching: ;[VisibleOnly]ControlType='Window' &amp;&amp; Name='Personal Lines Renewals' &amp;&amp; ClassName='ThunderRT6FormDC') (The object specified was not found.)
\0&lt;/a&gt;
E, 3504, 23, 2013/05/23, 19:45:55.130, 2960237608439, QTAgent32.exe, Playback - [IMAGE] C:\Users\testuser\AppData\Local\Temp\UITestLogs\LastRun\RPFB740.png
\0
W, 3504, 23, 2013/05/23, 19:45:55.131, 2960237610903, QTAgent32.exe, Playback - [WARNING] Internal warning: Couldn't find descendants that match QueryId
\0
W, 3504, 23, 2013/05/23, 19:45:55.784, 2960246961656, QTAgent32.exe, PERF WARNING: FindTopLevelWindowHelper::FindAllDescendents: took 652 ms. Expected it to take maximum 500 ms.
W, 3504, 23, 2013/05/23, 19:45:56.481, 2960256944139, QTAgent32.exe, &lt;a class=success&gt;Playback - {185} [SUCCESS] SetValueAsEditBox "1" - "[MSAA, VisibleOnly]ControlType='Edit'"  &lt; Set via SendKeys &gt;
\0&lt;/a&gt;
W, 3504, 23, 2013/05/23, 19:45:57.189, 2960267088071, QTAgent32.exe, &lt;a class=success&gt;Playback - {186} [SUCCESS] MouseButtonClick - "[MSAA, VisibleOnly]ControlType='Button' &amp;&amp; Name='Ok'"
\0&lt;/a&gt;
W, 3504, 23, 2013/05/23, 19:45:57.634, 2960273464031, QTAgent32.exe, Playback - [WARNING] Internal warning: Window Not Found: [VisibleOnly]ControlType='Window' &amp;&amp; Name='Confirm' &amp;&amp; ClassName='#32770'
\0
E, 3504, 23, 2013/05/23, 19:45:57.635, 2960273467939, QTAgent32.exe, &lt;a class=failure&gt;Playback - {187} [FAILED] Function ElementFetcher::FindScreenElement failed to locate UI element (Searching: ;[VisibleOnly]ControlType='Window' &amp;&amp; Name='Confirm' &amp;&amp; ClassName='#32770') (The object specified was not found.)
\0&lt;/a&gt;
E, 3504, 23, 2013/05/23, 19:45:57.737, 2960274928539, QTAgent32.exe, Playback - [IMAGE] C:\Users\testuser\AppData\Local\Temp\UITestLogs\LastRun\RPFC15F.png
\0
W, 3504, 23, 2013/05/23, 19:45:57.737, 2960274930967, QTAgent32.exe, Playback - [WARNING] Internal warning: Couldn't find descendants that match QueryId
\0
W, 3504, 23, 2013/05/23, 19:46:15.746, 2960532794002, QTAgent32.exe, Playback - [WARNING] Internal warning: Window Not Found: [VisibleOnly]ControlType='Window' &amp;&amp; Name='Confirm' &amp;&amp; ClassName='#32770'
\0
E, 3504, 23, 2013/05/23, 19:46:15.747, 2960532800188, QTAgent32.exe, &lt;a class=failure&gt;Playback - {188} [FAILED] Function ElementFetcher::FindScreenElement failed to locate UI element (Searching: ;[VisibleOnly]ControlType='Window' &amp;&amp; Name='Confirm' &amp;&amp; ClassName='#32770') (The object specified was not found.)
\0&lt;/a&gt;
E, 3504, 23, 2013/05/23, 19:46:15.832, 2960534021083, QTAgent32.exe, Playback - [IMAGE] C:\Users\testuser\AppData\Local\Temp\UITestLogs\LastRun\RPF81F.png
\0
W, 3504, 23, 2013/05/23, 19:46:15.832, 2960534023567, QTAgent32.exe, Playback - [WARNING] Internal warning: Couldn't find descendants that match QueryId
\0
W, 3504, 23, 2013/05/23, 19:46:15.833, 2960534030450, QTAgent32.exe, PERF WARNING: FindTopLevelWindowHelper::FindAllDescendents: took 18095 ms. Expected it to take maximum 500 ms.
W, 3504, 23, 2013/05/23, 19:46:16.383, 2960541915324, QTAgent32.exe, Playback - [WARNING] Internal warning: Smart Match failed
\0
W, 3504, 23, 2013/05/23, 19:46:16.815, 2960548092471, QTAgent32.exe, Playback - [WARNING] Internal warning: Smart Match failed
\0
W, 3504, 23, 2013/05/23, 19:46:17.204, 2960553664189, QTAgent32.exe, Playback - [WARNING] Internal warning: Smart Match failed
\0
W, 3504, 23, 2013/05/23, 19:46:17.608, 2960559457141, QTAgent32.exe, Playback - [WARNING] Internal warning: Smart Match failed
\0
W, 3504, 23, 2013/05/23, 19:46:18.001, 2960565075698, QTAgent32.exe, Playback - [WARNING] Internal warning: Smart Match failed
\0
W, 3504, 23, 2013/05/23, 19:46:18.371, 2960570372891, QTAgent32.exe, Playback - [WARNING] Internal warning: Smart Match failed
\0
W, 3504, 23, 2013/05/23, 19:46:18.752, 2960575828322, QTAgent32.exe, Playback - [WARNING] Internal warning: Smart Match failed
\0
W, 3504, 23, 2013/05/23, 19:46:18.995, 2960579307495, QTAgent32.exe, Playback - [WARNING] Internal warning: Window Not Found: [VisibleOnly]ControlType='Window' &amp;&amp; Name='Confirm' &amp;&amp; ClassName='#32770'
\0
E, 3504, 23, 2013/05/23, 19:46:18.995, 2960579310387, QTAgent32.exe, &lt;a class=failure&gt;Playback - {189} [FAILED] Function ElementFetcher::FindScreenElement failed to locate UI element (Searching: ;[VisibleOnly]ControlType='Window' &amp;&amp; Name='Confirm' &amp;&amp; ClassName='#32770') (The object specified was not found.)
\0&lt;/a&gt;
E, 3504, 23, 2013/05/23, 19:46:19.086, 2960580611173, QTAgent32.exe, Playback - [IMAGE] C:\Users\testuser\AppData\Local\Temp\UITestLogs\LastRun\RPF14CD.png
\0
W, 3504, 23, 2013/05/23, 19:46:19.086, 2960580613403, QTAgent32.exe, Playback - [WARNING] Internal warning: Couldn't find descendants that match QueryId
\0
W, 3504, 23, 2013/05/23, 19:46:19.087, 2960580619923, QTAgent32.exe, PERF WARNING: FindTopLevelWindowHelper::FindAllDescendents: took 3253 ms. Expected it to take maximum 500 ms.
E, 3504, 23, 2013/05/23, 19:46:19.087, 2960580622774, QTAgent32.exe, Exception: System.Runtime.InteropServices.COMException
	Message: Error HRESULT E_FAIL has been returned from a call to a COM component.
	Stack Trace:    at Microsoft.VisualStudio.TestTools.UITest.Playback.Engine.IRPFPlayback.FindAllScreenElements(IScreenElement pScreenElementStart, String bstrQueryId, Object&amp; pvarResKeys, Int32 cResKeys, Int32 nMaxDepth, Object[]&amp; foundDescendants)
   at Microsoft.VisualStudio.TestTools.UITest.Playback.ScreenElement.FindTopLevelWindowHelper(String queryId)
	BaseExceptionMessage: Error HRESULT E_FAIL has been returned from a call to a COM component.

E, 3504, 23, 2013/05/23, 19:46:19.189, 2960582078609, QTAgent32.exe, AL: Playback Error: Microsoft.VisualStudio.TestTools.UITest.Extension.UITestControlNotFoundException: The playback failed to find the control with the given search properties. Additional Details: 
TechnologyName:  'MSAA'
ControlType:  'Window'
Name:  'Confirm'
ClassName:  '#32770'
 ---&gt; System.Runtime.InteropServices.COMException: Error HRESULT E_FAIL has been returned from a call to a COM component.
   at Microsoft.VisualStudio.TestTools.UITest.Playback.Engine.IRPFPlayback.FindAllScreenElements(IScreenElement pScreenElementStart, String bstrQueryId, Object&amp; pvarResKeys, Int32 cResKeys, Int32 nMaxDepth, Object[]&amp; foundDescendants)
   at Microsoft.VisualStudio.TestTools.UITest.Playback.ScreenElement.FindTopLevelWindowHelper(String queryId)
   at Microsoft.VisualStudio.TestTools.UITest.Playback.ScreenElement.FindFromPartialQueryId(String queryId)
   at Microsoft.VisualStudio.TestTools.UITesting.UITestControl..ctor(String queryId)
   --- End of inner exception stack trace ---
   at Microsoft.VisualStudio.TestTools.UITesting.Playback.MapControlNotFoundException(COMException ex, IPlaybackContext context)
   at Microsoft.VisualStudio.TestTools.UITesting.Playback.MapAndThrowComException(COMException innerException, IPlaybackContext context)
   at Microsoft.VisualStudio.TestTools.UITesting.Playback.MapAndThrowException(SystemException exception, IPlaybackContext context)
   at Microsoft.VisualStudio.TestTools.UITesting.Playback.MapAndThrowException(SystemException exception, String queryId)
   at Microsoft.VisualStudio.TestTools.UITesting.UITestControl..ctor(String queryId)
   at Microsoft.VisualStudio.TestTools.UITesting.SearchHelper.SearchTopLevelWindow(ISearchArgument topLevelSearchArg, String topLevelElementQueryId)
   at Microsoft.VisualStudio.TestTools.UITesting.SearchHelper.GetTitleUpdatedTopLevelWindow(ISearchArgument topLevelSearchArg, String queryId, IList`1 windowTitles)
   at Microsoft.VisualStudio.TestTools.UITesting.SearchHelper.GetTopLevelElement(Boolean useCache, Boolean useCacheOnly, ISearchArgument searchArg, IList`1 windowTitles, Int32&amp; timeLeft)
   at Microsoft.VisualStudio.TestTools.UITesting.SearchHelper.GetElement(Boolean useCache, ISearchArgument searchArg)
   at Microsoft.VisualStudio.TestTools.UITesting.SearchHelper.Search(ISearchArgument searchArg)
   at Microsoft.VisualStudio.TestTools.UITesting.UITestControl.FindInternal()
   at Microsoft.VisualStudio.TestTools.UITesting.UITestControl.FindControlIfNecessary()
   at Microsoft.VisualStudio.TestTools.UITesting.UITestControl.Click(MouseButtons button, ModifierKeys modifierKeys, Point relativeCoordinates)
   at Microsoft.VisualStudio.TestTools.UITesting.Mouse.ClickImplementation(UITestControl control, MouseButtons button, ModifierKeys modifierKeys, Point relativeCoordinate)
   at Microsoft.VisualStudio.TestTools.UITesting.Mouse.ClickImplementationWrapper(UITestControl control, MouseButtons button, ModifierKeys modifierKeys, Point relativeCoordinate)
W, 3504, 23, 2013/05/23, 19:46:19.189, 2960582082095, QTAgent32.exe, PlaybackErrorHandler: Ignoring exception as ContinueOnError is set.
W, 3504, 23, 2013/05/23, 19:46:19.493, 2960586436685, QTAgent32.exe, Playback - [WARNING] Internal warning: Window Not Found: [VisibleOnly]ControlType='Window' &amp;&amp; Name='Personal Lines' &amp;&amp; ClassName='#32770'
\0
E, 3504, 23, 2013/05/23, 19:46:19.493, 2960586440645, QTAgent32.exe, &lt;a class=failure&gt;Playback - {190} [FAILED] Function ElementFetcher::FindScreenElement failed to locate UI element (Searching: ;[VisibleOnly]ControlType='Window' &amp;&amp; Name='Personal Lines' &amp;&amp; ClassName='#32770') (The object specified was not found.)
\0&lt;/a&gt;
E, 3504, 23, 2013/05/23, 19:46:19.578, 2960587655930, QTAgent32.exe, Playback - [IMAGE] C:\Users\testuser\AppData\Local\Temp\UITestLogs\LastRun\RPF16C1.png
\0
W, 3504, 23, 2013/05/23, 19:46:19.578, 2960587658475, QTAgent32.exe, Playback - [WARNING] Internal warning: Couldn't find descendants that match QueryId
\0
W, 3504, 23, 2013/05/23, 19:46:37.657, 2960846523985, QTAgent32.exe, Playback - [WARNING] Internal warning: Window Not Found: [VisibleOnly]ControlType='Window' &amp;&amp; Name='Personal Lines' &amp;&amp; ClassName='#32770'
\0
E, 3504, 23, 2013/05/23, 19:46:37.658, 2960846529995, QTAgent32.exe, &lt;a class=failure&gt;Playback - {191} [FAILED] Function ElementFetcher::FindScreenElement failed to locate UI element (Searching: ;[VisibleOnly]ControlType='Window' &amp;&amp; Name='Personal Lines' &amp;&amp; ClassName='#32770') (The object specified was not found.)
\0&lt;/a&gt;
E, 3504, 23, 2013/05/23, 19:46:37.741, 2960847715094, QTAgent32.exe, Playback - [IMAGE] C:\Users\testuser\AppData\Local\Temp\UITestLogs\LastRun\RPF5DC1.png
\0
W, 3504, 23, 2013/05/23, 19:46:37.741, 2960847717568, QTAgent32.exe, Playback - [WARNING] Internal warning: Couldn't find descendants that match QueryId
\0
W, 3504, 23, 2013/05/23, 19:46:37.741, 2960847724374, QTAgent32.exe, PERF WARNING: FindTopLevelWindowHelper::FindAllDescendents: took 18162 ms. Expected it to take maximum 500 ms.
W, 3504, 23, 2013/05/23, 19:46:38.284, 2960855501841, QTAgent32.exe, Playback - [WARNING] Internal warning: Smart Match failed
\0
W, 3504, 23, 2013/05/23, 19:46:38.695, 2960861377460, QTAgent32.exe, Playback - [WARNING] Internal warning: Smart Match failed
\0
W, 3504, 23, 2013/05/23, 19:46:39.090, 2960867037681, QTAgent32.exe, Playback - [WARNING] Internal warning: Smart Match failed
\0
W, 3504, 23, 2013/05/23, 19:46:39.502, 2960872927491, QTAgent32.exe, Playback - [WARNING] Internal warning: Smart Match failed
\0
W, 3504, 23, 2013/05/23, 19:46:39.876, 2960878282395, QTAgent32.exe, Playback - [WARNING] Internal warning: Smart Match failed
\0
W, 3504, 23, 2013/05/23, 19:46:40.245, 2960883574224, QTAgent32.exe, Playback - [WARNING] Internal warning: Smart Match failed
\0
W, 3504, 23, 2013/05/23, 19:46:40.621, 2960888959156, QTAgent32.exe, Playback - [WARNING] Internal warning: Smart Match failed
\0
W, 3504, 23, 2013/05/23, 19:46:40.864, 2960892435540, QTAgent32.exe, Playback - [WARNING] Internal warning: Window Not Found: [VisibleOnly]ControlType='Window' &amp;&amp; Name='Personal Lines' &amp;&amp; ClassName='#32770'
\0
E, 3504, 23, 2013/05/23, 19:46:40.864, 2960892438493, QTAgent32.exe, &lt;a class=failure&gt;Playback - {192} [FAILED] Function ElementFetcher::FindScreenElement failed to locate UI element (Searching: ;[VisibleOnly]ControlType='Window' &amp;&amp; Name='Personal Lines' &amp;&amp; ClassName='#32770') (The object specified was not found.)
\0&lt;/a&gt;
E, 3504, 23, 2013/05/23, 19:46:40.947, 2960893621360, QTAgent32.exe, Playback - [IMAGE] C:\Users\testuser\AppData\Local\Temp\UITestLogs\LastRun\RPF6A40.png
\0
W, 3504, 23, 2013/05/23, 19:46:40.947, 2960893623993, QTAgent32.exe, Playback - [WARNING] Internal warning: Couldn't find descendants that match QueryId
\0
W, 3504, 23, 2013/05/23, 19:46:40.947, 2960893627069, QTAgent32.exe, PERF WARNING: FindTopLevelWindowHelper::FindAllDescendents: took 3205 ms. Expected it to take maximum 500 ms.
E, 3504, 23, 2013/05/23, 19:46:40.947, 2960893628870, QTAgent32.exe, Exception: System.Runtime.InteropServices.COMException
	Message: Error HRESULT E_FAIL has been returned from a call to a COM component.
	Stack Trace:    at Microsoft.VisualStudio.TestTools.UITest.Playback.Engine.IRPFPlayback.FindAllScreenElements(IScreenElement pScreenElementStart, String bstrQueryId, Object&amp; pvarResKeys, Int32 cResKeys, Int32 nMaxDepth, Object[]&amp; foundDescendants)
   at Microsoft.VisualStudio.TestTools.UITest.Playback.ScreenElement.FindTopLevelWindowHelper(String queryId)
	BaseExceptionMessage: Error HRESULT E_FAIL has been returned from a call to a COM component.

E, 3504, 23, 2013/05/23, 19:46:40.948, 2960893638963, QTAgent32.exe, Window 6227562 not responding. Last Win32 error 0
E, 3504, 23, 2013/05/23, 19:46:40.948, 2960893640449, QTAgent32.exe, GetClassName for handle 6227562 failed
E, 3504, 23, 2013/05/23, 19:46:40.949, 2960893645821, QTAgent32.exe, Window 7865790 not responding. Last Win32 error 1400
E, 3504, 23, 2013/05/23, 19:46:40.949, 2960893646675, QTAgent32.exe, GetClassName for handle 7865790 failed
E, 3504, 23, 2013/05/23, 19:46:41.049, 2960895085817, QTAgent32.exe, AL: Playback Error: Microsoft.VisualStudio.TestTools.UITest.Extension.UITestControlNotAvailableException: The control is not available or not valid. Additional Details: 
TechnologyName:  'MSAA'
Name:  'OK'
ControlType:  'Button'
 ---&gt; Microsoft.VisualStudio.TestTools.UITest.Extension.UITestControlNotAvailableException: The control is not available or not valid. Additional Details: 
TechnologyName:  'MSAA'
ControlType:  'Window'
 ---&gt; System.Runtime.InteropServices.COMException: Error HRESULT E_FAIL has been returned from a call to a COM component.
   at Microsoft.VisualStudio.TestTools.UITest.Playback.Engine.IRPFPlayback.FindAllScreenElements(IScreenElement pScreenElementStart, String bstrQueryId, Object&amp; pvarResKeys, Int32 cResKeys, Int32 nMaxDepth, Object[]&amp; foundDescendants)
   at Microsoft.VisualStudio.TestTools.UITest.Playback.ScreenElement.FindTopLevelWindowHelper(String queryId)
   at Microsoft.VisualStudio.TestTools.UITest.Playback.ScreenElement.FindFromPartialQueryId(String queryId)
   at Microsoft.VisualStudio.TestTools.UITesting.UITestControl.EnsureValid(Boolean waitForReady, Boolean refetch)
   --- End of inner exception stack trace ---
   at Microsoft.VisualStudio.TestTools.UITesting.UITestControl.EnsureValid(Boolean waitForReady, Boolean refetch)
   at Microsoft.VisualStudio.TestTools.UITesting.UITestControl.FindFirstDescendant(String queryId, Int32 maxDepth, Int32&amp; timeLeft)
   at Microsoft.VisualStudio.TestTools.UITesting.UITestControl.FindFirstDescendant(String queryId)
   at Microsoft.VisualStudio.TestTools.UITesting.UITestControl.EnsureValid(Boolean waitForReady, Boolean refetch)
   --- End of inner exception stack trace ---
   at Microsoft.VisualStudio.TestTools.UITesting.UITestControl.EnsureValid(Boolean waitForReady, Boolean refetch)
   at Microsoft.VisualStudio.TestTools.UITesting.UITestControl.Click(MouseButtons button, ModifierKeys modifierKeys, Point relativeCoordinates)
   at Microsoft.VisualStudio.TestTools.UITesting.Mouse.ClickImplementation(UITestControl control, MouseButtons button, ModifierKeys modifierKeys, Point relativeCoordinate)
   at Microsoft.VisualStudio.TestTools.UITesting.Mouse.ClickImplementationWrapper(UITestControl control, MouseButtons button, ModifierKeys modifierKeys, Point relativeCoordinate)
W, 3504, 23, 2013/05/23, 19:46:41.066, 2960895323878, QTAgent32.exe, PlaybackErrorHandler: Ignoring exception as ContinueOnError is set.
W, 3504, 23, 2013/05/23, 19:46:41.362, 2960899562989, QTAgent32.exe, Playback - [WARNING] Internal warning: Window Not Found: [VisibleOnly]ControlType='Window' &amp;&amp; Name='Policies Auto-Renewed &amp; Auto-Lapsed' &amp;&amp; ClassName='ThunderRT6FormDC'
\0
E, 3504, 23, 2013/05/23, 19:46:41.362, 2960899566338, QTAgent32.exe, &lt;a class=failure&gt;Playback - {193} [FAILED] Function ElementFetcher::FindScreenElement failed to locate UI element (Searching: ;[VisibleOnly]ControlType='Window' &amp;&amp; Name='Policies Auto-Renewed &amp; Auto-Lapsed' &amp;&amp; ClassName='ThunderRT6FormDC') (The object specified was not found.)
\0&lt;/a&gt;
E, 3504, 23, 2013/05/23, 19:46:41.452, 2960900849854, QTAgent32.exe, Playback - [IMAGE] C:\Users\testuser\AppData\Local\Temp\UITestLogs\LastRun\RPF6C34.png
\0
W, 3504, 23, 2013/05/23, 19:46:41.452, 2960900852473, QTAgent32.exe, Playback - [WARNING] Internal warning: Couldn't find descendants that match QueryId
\0
W, 3504, 23, 2013/05/23, 19:46:59.555, 2961160049827, QTAgent32.exe, Playback - [WARNING] Internal warning: Window Not Found: [VisibleOnly]ControlType='Window' &amp;&amp; Name='Policies Auto-Renewed &amp; Auto-Lapsed' &amp;&amp; ClassName='ThunderRT6FormDC'
\0
E, 3504, 23, 2013/05/23, 19:46:59.557, 2961160077419, QTAgent32.exe, &lt;a class=failure&gt;Playback - {194} [FAILED] Function ElementFetcher::FindScreenElement failed to locate UI element (Searching: ;[VisibleOnly]ControlType='Window' &amp;&amp; Name='Policies Auto-Renewed &amp; Auto-Lapsed' &amp;&amp; ClassName='ThunderRT6FormDC') (The object specified was not found.)
\0&lt;/a&gt;
E, 3504, 23, 2013/05/23, 19:46:59.643, 2961161312047, QTAgent32.exe, Playback - [IMAGE] C:\Users\testuser\AppData\Local\Temp\UITestLogs\LastRun\RPFB352.png
\0
W, 3504, 23, 2013/05/23, 19:46:59.643, 2961161315395, QTAgent32.exe, Playback - [WARNING] Internal warning: Couldn't find descendants that match QueryId
\0
W, 3504, 23, 2013/05/23, 19:46:59.644, 2961161323820, QTAgent32.exe, PERF WARNING: FindTopLevelWindowHelper::FindAllDescendents: took 18191 ms. Expected it to take maximum 500 ms.
W, 3504, 23, 2013/05/23, 19:47:00.199, 2961169280594, QTAgent32.exe, Playback - [WARNING] Internal warning: Smart Match failed
\0
W, 3504, 23, 2013/05/23, 19:47:00.621, 2961175320416, QTAgent32.exe, Playback - [WARNING] Internal warning: Smart Match failed
\0
W, 3504, 23, 2013/05/23, 19:47:00.996, 2961180686921, QTAgent32.exe, Playback - [WARNING] Internal warning: Smart Match failed
\0
W, 3504, 23, 2013/05/23, 19:47:01.370, 2961186039893, QTAgent32.exe, Playback - [WARNING] Internal warning: Smart Match failed
\0
W, 3504, 23, 2013/05/23, 19:47:01.752, 2961191508692, QTAgent32.exe, Playback - [WARNING] Internal warning: Smart Match failed
\0
W, 3504, 23, 2013/05/23, 19:47:02.124, 2961196840434, QTAgent32.exe, Playback - [WARNING] Internal warning: Smart Match failed
\0
W, 3504, 23, 2013/05/23, 19:47:02.512, 2961202388513, QTAgent32.exe, Playback - [WARNING] Internal warning: Smart Match failed
\0
W, 3504, 23, 2013/05/23, 19:47:02.785, 2961206305958, QTAgent32.exe, Playback - [WARNING] Internal warning: Window Not Found: [VisibleOnly]ControlType='Window' &amp;&amp; Name='Policies Auto-Renewed &amp; Auto-Lapsed' &amp;&amp; ClassName='ThunderRT6FormDC'
\0
E, 3504, 23, 2013/05/23, 19:47:02.786, 2961206309425, QTAgent32.exe, &lt;a class=failure&gt;Playback - {195} [FAILED] Function ElementFetcher::FindScreenElement failed to locate UI element (Searching: ;[VisibleOnly]ControlType='Window' &amp;&amp; Name='Policies Auto-Renewed &amp; Auto-Lapsed' &amp;&amp; ClassName='ThunderRT6FormDC') (The object specified was not found.)
\0&lt;/a&gt;
E, 3504, 23, 2013/05/23, 19:47:02.865, 2961207444568, QTAgent32.exe, Playback - [IMAGE] C:\Users\testuser\AppData\Local\Temp\UITestLogs\LastRun\RPFBFF0.png
\0
W, 3504, 23, 2013/05/23, 19:47:02.865, 2961207446937, QTAgent32.exe, Playback - [WARNING] Internal warning: Couldn't find descendants that match QueryId
\0
W, 3504, 23, 2013/05/23, 19:47:02.865, 2961207450466, QTAgent32.exe, PERF WARNING: FindTopLevelWindowHelper::FindAllDescendents: took 3221 ms. Expected it to take maximum 500 ms.
E, 3504, 23, 2013/05/23, 19:47:02.865, 2961207452555, QTAgent32.exe, Exception: System.Runtime.InteropServices.COMException
	Message: Error HRESULT E_FAIL has been returned from a call to a COM component.
	Stack Trace:    at Microsoft.VisualStudio.TestTools.UITest.Playback.Engine.IRPFPlayback.FindAllScreenElements(IScreenElement pScreenElementStart, String bstrQueryId, Object&amp; pvarResKeys, Int32 cResKeys, Int32 nMaxDepth, Object[]&amp; foundDescendants)
   at Microsoft.VisualStudio.TestTools.UITest.Playback.ScreenElement.FindTopLevelWindowHelper(String queryId)
	BaseExceptionMessage: Error HRESULT E_FAIL has been returned from a call to a COM component.

E, 3504, 23, 2013/05/23, 19:47:02.967, 2961208908788, QTAgent32.exe, AL: Playback Error: Microsoft.VisualStudio.TestTools.UITest.Extension.UITestControlNotFoundException: The playback failed to find the control with the given search properties. Additional Details: 
TechnologyName:  'MSAA'
ControlType:  'Window'
Name:  'Policies Auto-Renewed &amp; Auto-Lapsed'
ClassName:  'ThunderRT6FormDC'
 ---&gt; System.Runtime.InteropServices.COMException: Error HRESULT E_FAIL has been returned from a call to a COM component.
   at Microsoft.VisualStudio.TestTools.UITest.Playback.Engine.IRPFPlayback.FindAllScreenElements(IScreenElement pScreenElementStart, String bstrQueryId, Object&amp; pvarResKeys, Int32 cResKeys, Int32 nMaxDepth, Object[]&amp; foundDescendants)
   at Microsoft.VisualStudio.TestTools.UITest.Playback.ScreenElement.FindTopLevelWindowHelper(String queryId)
   at Microsoft.VisualStudio.TestTools.UITest.Playback.ScreenElement.FindFromPartialQueryId(String queryId)
   at Microsoft.VisualStudio.TestTools.UITesting.UITestControl..ctor(String queryId)
   --- End of inner exception stack trace ---
   at Microsoft.VisualStudio.TestTools.UITesting.Playback.MapControlNotFoundException(COMException ex, IPlaybackContext context)
   at Microsoft.VisualStudio.TestTools.UITesting.Playback.MapAndThrowComException(COMException innerException, IPlaybackContext context)
   at Microsoft.VisualStudio.TestTools.UITesting.Playback.MapAndThrowException(SystemException exception, IPlaybackContext context)
   at Microsoft.VisualStudio.TestTools.UITesting.Playback.MapAndThrowException(SystemException exception, String queryId)
   at Microsoft.VisualStudio.TestTools.UITesting.UITestControl..ctor(String queryId)
   at Microsoft.VisualStudio.TestTools.UITesting.SearchHelper.SearchTopLevelWindow(ISearchArgument topLevelSearchArg, String topLevelElementQueryId)
   at Microsoft.VisualStudio.TestTools.UITesting.SearchHelper.GetTitleUpdatedTopLevelWindow(ISearchArgument topLevelSearchArg, String queryId, IList`1 windowTitles)
   at Microsoft.VisualStudio.TestTools.UITesting.SearchHelper.GetTopLevelElement(Boolean useCache, Boolean useCacheOnly, ISearchArgument searchArg, IList`1 windowTitles, Int32&amp; timeLeft)
   at Microsoft.VisualStudio.TestTools.UITesting.SearchHelper.GetElement(Boolean useCache, ISearchArgument searchArg)
   at Microsoft.VisualStudio.TestTools.UITesting.SearchHelper.Search(ISearchArgument searchArg)
   at Microsoft.VisualStudio.TestTools.UITesting.UITestControl.FindInternal()
   at Microsoft.VisualStudio.TestTools.UITesting.UITestControl.FindControlIfNecessary()
   at Microsoft.VisualStudio.TestTools.UITesting.UITestControl.Click(MouseButtons button, ModifierKeys modifierKeys, Point relativeCoordinates)
   at Microsoft.VisualStudio.TestTools.UITesting.Mouse.ClickImplementation(UITestControl control, MouseButtons button, ModifierKeys modifierKeys, Point relativeCoordinate)
   at Microsoft.VisualStudio.TestTools.UITesting.Mouse.ClickImplementationWrapper(UITestControl control, MouseButtons button, ModifierKeys modifierKeys, Point relativeCoordinate)
W, 3504, 23, 2013/05/23, 19:47:02.967, 2961208912484, QTAgent32.exe, PlaybackErrorHandler: Ignoring exception as ContinueOnError is set.
W, 3504, 23, 2013/05/23, 19:47:03.106, 2961210891485, QTAgent32.exe, &lt;a class=success&gt;Playback - {196} [SUCCESS] MouseButtonClick - "[MSAA, VisibleOnly]ControlType='Button' &amp;&amp; Name='EDI Match...'"
\0&lt;/a&gt;
W, 3504, 23, 2013/05/23, 19:47:03.351, 2961214402628, QTAgent32.exe, &lt;a class=success&gt;Playback - {197} [SUCCESS] MouseButtonClick - "[MSAA, VisibleOnly]ControlType='Button' &amp;&amp; Name='Ok'"
\0&lt;/a&gt;
W, 3504, 23, 2013/05/23, 19:47:05.953, 2961251652673, QTAgent32.exe, PERF WARNING: FindTopLevelWindowHelper::FindAllDescendents: took 2500 ms. Expected it to take maximum 500 ms.
W, 3504, 23, 2013/05/23, 19:47:06.101, 2961253772628, QTAgent32.exe, &lt;a class=success&gt;Playback - {198} [SUCCESS] MouseButtonClick - "[MSAA, VisibleOnly]ControlType='Button' &amp;&amp; Name='OK'"
\0&lt;/a&gt;
W, 3504, 23, 2013/05/23, 19:47:07.707, 2961276772739, QTAgent32.exe, Playback - [WARNING] Internal warning: Element "[MSAA, VisibleOnly]ControlType='Window' &amp;&amp; ControlId='5'" was not found, so all intermediate elements were ignored. To improve performance replace this element Id with another Id or exclude it from QueryId. If this element is the target element, replace or remove intermediate elements
\0
W, 3504, 23, 2013/05/23, 19:47:10.260, 2961313329814, QTAgent32.exe, Playback - [WARNING] Internal warning:Search failure: &lt;[MSAA, VisibleOnly]ControlType='Window' &amp;&amp; ControlId='32768'&gt; | Performed (4) search retries, UI element not found
\0
E, 3504, 23, 2013/05/23, 19:47:10.260, 2961313333798, QTAgent32.exe, &lt;a class=failure&gt;Playback - {199} [FAILED] Function ElementFetcher::FindScreenElement failed to locate UI element (Searching: ;[MSAA, VisibleOnly]ControlType='Window' &amp;&amp; ControlId='32768';[MSAA, VisibleOnly]ControlType='Window' &amp;&amp; ControlId='5';[MSAA, VisibleOnly]ControlType='Button' &amp;&amp; Name='Log and Clear') (The object specified was not found.)
\0&lt;/a&gt;
E, 3504, 23, 2013/05/23, 19:47:10.356, 2961314701611, QTAgent32.exe, Playback - [IMAGE] C:\Users\testuser\AppData\Local\Temp\UITestLogs\LastRun\RPFDD22.png
\0
W, 3504, 23, 2013/05/23, 19:47:10.356, 2961314704361, QTAgent32.exe, Playback - [WARNING] Internal warning: Couldn't find descendants that match QueryId
\0
W, 3504, 23, 2013/05/23, 19:47:10.356, 2961314708425, QTAgent32.exe, PERF WARNING: FindAllDescendents: took 4154 ms. Expected it to take maximum 500 ms.
E, 3504, 23, 2013/05/23, 19:47:10.459, 2961316175101, QTAgent32.exe, AL: Playback Error: Microsoft.VisualStudio.TestTools.UITest.Extension.UITestControlNotFoundException: The playback failed to find the control with the given search properties. Additional Details: 
TechnologyName:  'MSAA'
ControlType:  'Button'
Name:  'Log and Clear'
 ---&gt; System.Runtime.InteropServices.COMException: Error HRESULT E_FAIL has been returned from a call to a COM component.
   at Microsoft.VisualStudio.TestTools.UITest.Playback.Engine.IScreenElement.FindAllDescendants(String bstrQueryId, Object&amp; pvarResKeys, Int32 cResKeys, Int32 nMaxDepth)
   at Microsoft.VisualStudio.TestTools.UITest.Playback.ScreenElement.FindAllScreenElement(String queryId, Int32 depth, Boolean singleQueryId, Boolean throwException)
   at Microsoft.VisualStudio.TestTools.UITest.Playback.ScreenElement.FindScreenElement(String queryId, Int32 depth)
   at Microsoft.VisualStudio.TestTools.UITesting.UITestControl.FindFirstDescendant(String queryId, Int32 maxDepth, Int32&amp; timeLeft)
   --- End of inner exception stack trace ---
   at Microsoft.VisualStudio.TestTools.UITesting.Playback.MapControlNotFoundException(COMException ex, IPlaybackContext context)
   at Microsoft.VisualStudio.TestTools.UITesting.Playback.MapAndThrowComException(COMException innerException, IPlaybackContext context)
   at Microsoft.VisualStudio.TestTools.UITesting.Playback.MapAndThrowException(SystemException exception, IPlaybackContext context)
   at Microsoft.VisualStudio.TestTools.UITesting.Playback.MapAndThrowException(SystemException exception, String queryId)
   at Microsoft.VisualStudio.TestTools.UITesting.UITestControl.FindFirstDescendant(String queryId, Int32 maxDepth, Int32&amp; timeLeft)
   at Microsoft.VisualStudio.TestTools.UITesting.SearchHelper.GetElement(Boolean useCache, ISearchArgument searchArg)
   at Microsoft.VisualStudio.TestTools.UITesting.SearchHelper.Search(ISearchArgument searchArg)
   at Microsoft.VisualStudio.TestTools.UITesting.UITestControl.FindInternal()
   at Microsoft.VisualStudio.TestTools.UITesting.UITestControl.FindControlIfNecessary()
   at Microsoft.VisualStudio.TestTools.UITesting.UITestControl.Click(MouseButtons button, ModifierKeys modifierKeys, Point relativeCoordinates)
   at Microsoft.VisualStudio.TestTools.UITesting.Mouse.ClickImplementation(UITestControl control, MouseButtons button, ModifierKeys modifierKeys, Point relativeCoordinate)
   at Microsoft.VisualStudio.TestTools.UITesting.Mouse.ClickImplementationWrapper(UITestControl control, MouseButtons button, ModifierKeys modifierKeys, Point relativeCoordinate)
W, 3504, 23, 2013/05/23, 19:47:10.459, 2961316178772, QTAgent32.exe, PlaybackErrorHandler: Ignoring exception as ContinueOnError is set.
W, 3504, 23, 2013/05/23, 19:47:10.762, 2961320518670, QTAgent32.exe, Playback - [WARNING] Internal warning: Window Not Found: [VisibleOnly]ControlType='Window' &amp;&amp; Name='Personal Lines' &amp;&amp; ClassName='#32770'
\0
E, 3504, 23, 2013/05/23, 19:47:10.762, 2961320521750, QTAgent32.exe, &lt;a class=failure&gt;Playback - {200} [FAILED] Function ElementFetcher::FindScreenElement failed to locate UI element (Searching: ;[VisibleOnly]ControlType='Window' &amp;&amp; Name='Personal Lines' &amp;&amp; ClassName='#32770') (The object specified was not found.)
\0&lt;/a&gt;
E, 3504, 23, 2013/05/23, 19:47:10.842, 2961321656972, QTAgent32.exe, Playback - [IMAGE] C:\Users\testuser\AppData\Local\Temp\UITestLogs\LastRun\RPFDF16.png
\0
W, 3504, 23, 2013/05/23, 19:47:10.842, 2961321659288, QTAgent32.exe, Playback - [WARNING] Internal warning: Couldn't find descendants that match QueryId
\0
W, 3504, 23, 2013/05/23, 19:47:28.921, 2961580527762, QTAgent32.exe, Playback - [WARNING] Internal warning: Window Not Found: [VisibleOnly]ControlType='Window' &amp;&amp; Name='Personal Lines' &amp;&amp; ClassName='#32770'
\0
E, 3504, 23, 2013/05/23, 19:47:28.921, 2961580531422, QTAgent32.exe, &lt;a class=failure&gt;Playback - {201} [FAILED] Function ElementFetcher::FindScreenElement failed to locate UI element (Searching: ;[VisibleOnly]ControlType='Window' &amp;&amp; Name='Personal Lines' &amp;&amp; ClassName='#32770') (The object specified was not found.)
\0&lt;/a&gt;
E, 3504, 23, 2013/05/23, 19:47:29.002, 2961581685873, QTAgent32.exe, Playback - [IMAGE] C:\Users\testuser\AppData\Local\Temp\UITestLogs\LastRun\RPF2606.png
\0
W, 3504, 23, 2013/05/23, 19:47:29.002, 2961581688148, QTAgent32.exe, Playback - [WARNING] Internal warning: Couldn't find descendants that match QueryId
\0
W, 3504, 23, 2013/05/23, 19:47:29.002, 2961581691578, QTAgent32.exe, PERF WARNING: FindTopLevelWindowHelper::FindAllDescendents: took 18160 ms. Expected it to take maximum 500 ms.
W, 3504, 23, 2013/05/23, 19:47:29.556, 2961589615578, QTAgent32.exe, Playback - [WARNING] Internal warning: Smart Match failed
\0
W, 3504, 23, 2013/05/23, 19:47:29.957, 2961595348194, QTAgent32.exe, Playback - [WARNING] Internal warning: Smart Match failed
\0
W, 3504, 23, 2013/05/23, 19:47:30.353, 2961601026028, QTAgent32.exe, Playback - [WARNING] Internal warning: Smart Match failed
\0
W, 3504, 23, 2013/05/23, 19:47:30.743, 2961606607765, QTAgent32.exe, Playback - [WARNING] Internal warning: Smart Match failed
\0
W, 3504, 23, 2013/05/23, 19:47:31.112, 2961611897771, QTAgent32.exe, Playback - [WARNING] Internal warning: Smart Match failed
\0
W, 3504, 23, 2013/05/23, 19:47:31.491, 2961617320510, QTAgent32.exe, Playback - [WARNING] Internal warning: Smart Match failed
\0
W, 3504, 23, 2013/05/23, 19:47:31.861, 2961622625202, QTAgent32.exe, Playback - [WARNING] Internal warning: Smart Match failed
\0
W, 3504, 23, 2013/05/23, 19:47:32.112, 2961626210120, QTAgent32.exe, Playback - [WARNING] Internal warning: Window Not Found: [VisibleOnly]ControlType='Window' &amp;&amp; Name='Personal Lines' &amp;&amp; ClassName='#32770'
\0
E, 3504, 23, 2013/05/23, 19:47:32.112, 2961626213144, QTAgent32.exe, &lt;a class=failure&gt;Playback - {202} [FAILED] Function ElementFetcher::FindScreenElement failed to locate UI element (Searching: ;[VisibleOnly]ControlType='Window' &amp;&amp; Name='Personal Lines' &amp;&amp; ClassName='#32770') (The object specified was not found.)
\0&lt;/a&gt;
E, 3504, 23, 2013/05/23, 19:47:32.190, 2961627333209, QTAgent32.exe, Playback - [IMAGE] C:\Users\testuser\AppData\Local\Temp\UITestLogs\LastRun\RPF3275.png
\0
W, 3504, 23, 2013/05/23, 19:47:32.190, 2961627335626, QTAgent32.exe, Playback - [WARNING] Internal warning: Couldn't find descendants that match QueryId
\0
W, 3504, 23, 2013/05/23, 19:47:32.191, 2961627340429, QTAgent32.exe, PERF WARNING: FindTopLevelWindowHelper::FindAllDescendents: took 3187 ms. Expected it to take maximum 500 ms.
E, 3504, 23, 2013/05/23, 19:47:32.191, 2961627342764, QTAgent32.exe, Exception: System.Runtime.InteropServices.COMException
	Message: Error HRESULT E_FAIL has been returned from a call to a COM component.
	Stack Trace:    at Microsoft.VisualStudio.TestTools.UITest.Playback.Engine.IRPFPlayback.FindAllScreenElements(IScreenElement pScreenElementStart, String bstrQueryId, Object&amp; pvarResKeys, Int32 cResKeys, Int32 nMaxDepth, Object[]&amp; foundDescendants)
   at Microsoft.VisualStudio.TestTools.UITest.Playback.ScreenElement.FindTopLevelWindowHelper(String queryId)
	BaseExceptionMessage: Error HRESULT E_FAIL has been returned from a call to a COM component.

E, 3504, 23, 2013/05/23, 19:47:32.191, 2961627348025, QTAgent32.exe, GetClassName for handle 5965486 failed
E, 3504, 23, 2013/05/23, 19:47:32.192, 2961627358202, QTAgent32.exe, Window 5965486 not responding. Last Win32 error 1400
E, 3504, 23, 2013/05/23, 19:47:32.192, 2961627359536, QTAgent32.exe, GetClassName for handle 5965486 failed
E, 3504, 23, 2013/05/23, 19:47:32.192, 2961627363528, QTAgent32.exe, GetClassName for handle 6096532 failed
E, 3504, 23, 2013/05/23, 19:47:32.193, 2961627378892, QTAgent32.exe, Window 6096532 not responding. Last Win32 error 1400
E, 3504, 23, 2013/05/23, 19:47:32.194, 2961627380806, QTAgent32.exe, GetClassName for handle 6096532 failed
E, 3504, 23, 2013/05/23, 19:47:32.294, 2961628821012, QTAgent32.exe, AL: Playback Error: Microsoft.VisualStudio.TestTools.UITest.Extension.UITestControlNotAvailableException: The control is not available or not valid. Additional Details: 
TechnologyName:  'MSAA'
ControlType:  'Button'
 ---&gt; Microsoft.VisualStudio.TestTools.UITest.Extension.UITestControlNotAvailableException: The control is not available or not valid. Additional Details: 
TechnologyName:  'MSAA'
ControlType:  'Window'
 ---&gt; System.Runtime.InteropServices.COMException: Error HRESULT E_FAIL has been returned from a call to a COM component.
   at Microsoft.VisualStudio.TestTools.UITest.Playback.Engine.IRPFPlayback.FindAllScreenElements(IScreenElement pScreenElementStart, String bstrQueryId, Object&amp; pvarResKeys, Int32 cResKeys, Int32 nMaxDepth, Object[]&amp; foundDescendants)
   at Microsoft.VisualStudio.TestTools.UITest.Playback.ScreenElement.FindTopLevelWindowHelper(String queryId)
   at Microsoft.VisualStudio.TestTools.UITest.Playback.ScreenElement.FindFromPartialQueryId(String queryId)
   at Microsoft.VisualStudio.TestTools.UITesting.UITestControl.EnsureValid(Boolean waitForReady, Boolean refetch)
   --- End of inner exception stack trace ---
   at Microsoft.VisualStudio.TestTools.UITesting.UITestControl.EnsureValid(Boolean waitForReady, Boolean refetch)
   at Microsoft.VisualStudio.TestTools.UITesting.UITestControl.FindFirstDescendant(String queryId, Int32 maxDepth, Int32&amp; timeLeft)
   at Microsoft.VisualStudio.TestTools.UITesting.UITestControl.FindFirstDescendant(String queryId)
   at Microsoft.VisualStudio.TestTools.UITesting.UITestControl.EnsureValid(Boolean waitForReady, Boolean refetch)
   --- End of inner exception stack trace ---
   at Microsoft.VisualStudio.TestTools.UITesting.UITestControl.EnsureValid(Boolean waitForReady, Boolean refetch)
   at Microsoft.VisualStudio.TestTools.UITesting.UITestControl.Click(MouseButtons button, ModifierKeys modifierKeys, Point relativeCoordinates)
   at Microsoft.VisualStudio.TestTools.UITesting.Mouse.ClickImplementation(UITestControl control, MouseButtons button, ModifierKeys modifierKeys, Point relativeCoordinate)
   at Microsoft.VisualStudio.TestTools.UITesting.Mouse.ClickImplementationWrapper(UITestControl control, MouseButtons button, ModifierKeys modifierKeys, Point relativeCoordinate)
W, 3504, 23, 2013/05/23, 19:47:32.294, 2961628824004, QTAgent32.exe, PlaybackErrorHandler: Ignoring exception as ContinueOnError is set.
W, 3504, 23, 2013/05/23, 19:47:32.467, 2961631303433, QTAgent32.exe, &lt;a class=success&gt;Playback - {203} [SUCCESS] MouseButtonClick - "[MSAA, VisibleOnly]ControlType='Button' &amp;&amp; Name='Filter...'"
\0&lt;/a&gt;
W, 3504, 23, 2013/05/23, 19:47:33.131, 2961640801077, QTAgent32.exe, &lt;a class=success&gt;Playback - {204} [SUCCESS] SendKeys "^{HOME}" - "[MSAA, VisibleOnly]ControlType='Edit'"
\0&lt;/a&gt;
E, 3504, 23, 2013/05/23, 19:47:33.131, 2961640804836, QTAgent32.exe, Msaa.GetFocusedElement: could not find accessible object of foreground window
W, 3504, 23, 2013/05/23, 19:47:33.199, 2961641775398, QTAgent32.exe, &lt;a class=success&gt;Playback - {205} [SUCCESS] SendKeys "^+{END}" - "[MSAA, VisibleOnly]ControlType='Edit'"
\0&lt;/a&gt;
E, 3504, 23, 2013/05/23, 19:47:33.199, 2961641778654, QTAgent32.exe, Msaa.GetFocusedElement: could not find accessible object of foreground window
W, 3504, 23, 2013/05/23, 19:47:33.215, 2961642005683, QTAgent32.exe, &lt;a class=success&gt;Playback - {206} [SUCCESS] SendKeys "{DELETE}" - "[MSAA, VisibleOnly]ControlType='Edit'"
\0&lt;/a&gt;
W, 3504, 23, 2013/05/23, 19:47:33.907, 2961651904588, QTAgent32.exe, &lt;a class=success&gt;Playback - {207} [SUCCESS] SetValueAsEditBox "30/05/13" - "[MSAA, VisibleOnly]ControlType='Edit'"  &lt; Set via SendKeys &gt;
\0&lt;/a&gt;
W, 3504, 23, 2013/05/23, 19:47:34.730, 2961663699911, QTAgent32.exe, &lt;a class=success&gt;Playback - {208} [SUCCESS] SendKeys "^{HOME}" - "[MSAA, VisibleOnly]ControlType='Edit'"
\0&lt;/a&gt;
E, 3504, 23, 2013/05/23, 19:47:34.731, 2961663703517, QTAgent32.exe, Msaa.GetFocusedElement: could not find accessible object of foreground window
W, 3504, 23, 2013/05/23, 19:47:34.793, 2961664601824, QTAgent32.exe, &lt;a class=success&gt;Playback - {209} [SUCCESS] SendKeys "^+{END}" - "[MSAA, VisibleOnly]ControlType='Edit'"
\0&lt;/a&gt;
E, 3504, 23, 2013/05/23, 19:47:34.794, 2961664605509, QTAgent32.exe, Msaa.GetFocusedElement: could not find accessible object of foreground window
W, 3504, 23, 2013/05/23, 19:47:34.809, 2961664824516, QTAgent32.exe, &lt;a class=success&gt;Playback - {210} [SUCCESS] SendKeys "{DELETE}" - "[MSAA, VisibleOnly]ControlType='Edit'"
\0&lt;/a&gt;
W, 3504, 23, 2013/05/23, 19:47:35.398, 2961673258286, QTAgent32.exe, &lt;a class=success&gt;Playback - {211} [SUCCESS] SetValueAsEditBox "30/05/13" - "[MSAA, VisibleOnly]ControlType='Edit'"  &lt; Set via SendKeys &gt;
\0&lt;/a&gt;
W, 3504, 23, 2013/05/23, 19:47:36.505, 2961689108098, QTAgent32.exe, Playback - [WARNING] Internal warning: Incorrect flag set for InvokeProgrammaticAction\0
W, 3504, 23, 2013/05/23, 19:47:36.628, 2961690869161, QTAgent32.exe, &lt;a class=success&gt;Playback - {212} [SUCCESS] SetValueAsComboBox "Household" - "[MSAA, VisibleOnly]ControlType='ComboBox'"  &lt; SetValueAsComboBox, set by clicking on the item in the list box &gt;
\0&lt;/a&gt;
W, 3504, 23, 2013/05/23, 19:47:36.916, 2961694999339, QTAgent32.exe, &lt;a class=success&gt;Playback - {213} [SUCCESS] MouseButtonClick - "[MSAA, VisibleOnly]ControlType='Button' &amp;&amp; Name='Ok'"
\0&lt;/a&gt;
W, 3504, 23, 2013/05/23, 19:47:37.163, 2961698537124, QTAgent32.exe, &lt;a class=success&gt;Playback - {214} [SUCCESS] MouseButtonClick - "[MSAA, VisibleOnly]ControlType='Client'"
\0&lt;/a&gt;
W, 3504, 23, 2013/05/23, 19:47:38.900, 2961723397833, QTAgent32.exe, &lt;a class=success&gt;Playback - {215} [SUCCESS] MouseButtonClick - "[MSAA, VisibleOnly]ControlType='Client'"
\0&lt;/a&gt;
W, 3504, 23, 2013/05/23, 19:47:39.442, 2961731163117, QTAgent32.exe, &lt;a class=success&gt;Playback - {216} [SUCCESS] SendKeys "{Home}" - "[MSAA, VisibleOnly]ControlType='Client'"
\0&lt;/a&gt;
W, 3504, 23, 2013/05/23, 19:47:39.726, 2961735230575, QTAgent32.exe, &lt;a class=success&gt;Playback - {217} [SUCCESS] MouseButtonClick - "[MSAA, VisibleOnly]ControlType='Button' &amp;&amp; Name='Display Record...'"
\0&lt;/a&gt;
W, 3504, 23, 2013/05/23, 19:47:40.140, 2961741156469, QTAgent32.exe, Playback - [WARNING] Internal warning: Window Not Found: [VisibleOnly]ControlType='Window' &amp;&amp; Name='AUTO230-1001' &amp;&amp; ClassName='ThunderRT6FormDC'
\0
E, 3504, 23, 2013/05/23, 19:47:40.140, 2961741159751, QTAgent32.exe, &lt;a class=failure&gt;Playback - {218} [FAILED] Function ElementFetcher::FindScreenElement failed to locate UI element (Searching: ;[VisibleOnly]ControlType='Window' &amp;&amp; Name='AUTO230-1001' &amp;&amp; ClassName='ThunderRT6FormDC') (The object specified was not found.)
\0&lt;/a&gt;
E, 3504, 23, 2013/05/23, 19:47:40.221, 2961742317326, QTAgent32.exe, Playback - [IMAGE] C:\Users\testuser\AppData\Local\Temp\UITestLogs\LastRun\RPF51D8.png
\0
W, 3504, 23, 2013/05/23, 19:47:40.221, 2961742319888, QTAgent32.exe, Playback - [WARNING] Internal warning: Couldn't find descendants that match QueryId
\0
W, 3504, 23, 2013/05/23, 19:47:58.308, 2962001294175, QTAgent32.exe, Playback - [WARNING] Internal warning: Window Not Found: [VisibleOnly]ControlType='Window' &amp;&amp; Name='AUTO230-1001' &amp;&amp; ClassName='ThunderRT6FormDC'
\0
E, 3504, 23, 2013/05/23, 19:47:58.309, 2962001301450, QTAgent32.exe, &lt;a class=failure&gt;Playback - {219} [FAILED] Function ElementFetcher::FindScreenElement failed to locate UI element (Searching: ;[VisibleOnly]ControlType='Window' &amp;&amp; Name='AUTO230-1001' &amp;&amp; ClassName='ThunderRT6FormDC') (The object specified was not found.)
\0&lt;/a&gt;
E, 3504, 23, 2013/05/23, 19:47:58.392, 2962002494887, QTAgent32.exe, Playback - [IMAGE] C:\Users\testuser\AppData\Local\Temp\UITestLogs\LastRun\RPF98D7.png
\0
W, 3504, 23, 2013/05/23, 19:47:58.392, 2962002497173, QTAgent32.exe, Playback - [WARNING] Internal warning: Couldn't find descendants that match QueryId
\0
W, 3504, 23, 2013/05/23, 19:47:58.393, 2962002505336, QTAgent32.exe, PERF WARNING: FindTopLevelWindowHelper::FindAllDescendents: took 18171 ms. Expected it to take maximum 500 ms.
W, 3504, 23, 2013/05/23, 19:47:59.131, 2962013079881, QTAgent32.exe, Playback - [WARNING] Internal warning: Window with Class "ThunderRT6FormDC" and Title "AUTO230-1001" was not found, so similar window with Class "ThunderRT6FormDC" and Title "AUTO208-1001" was accepted
\0
W, 3504, 23, 2013/05/23, 19:47:59.132, 2962013085854, QTAgent32.exe, PERF WARNING: FindTopLevelWindowHelper::FindAllDescendents: took 738 ms. Expected it to take maximum 500 ms.
W, 3504, 23, 2013/05/23, 19:47:59.267, 2962015025987, QTAgent32.exe, &lt;a class=success&gt;Playback - {220} [SUCCESS] MouseButtonClick - "[MSAA, VisibleOnly]ControlType='Button' &amp;&amp; Name='Rebroke...'"
\0&lt;/a&gt;
W, 3504, 23, 2013/05/23, 19:47:59.503, 2962018397040, QTAgent32.exe, &lt;a class=success&gt;Playback - {221} [SUCCESS] MouseButtonClick - "[MSAA, VisibleOnly]ControlType='Button' &amp;&amp; Name='Yes'"
\0&lt;/a&gt;
W, 3504, 23, 2013/05/23, 19:47:59.794, 2962022565532, QTAgent32.exe, &lt;a class=success&gt;Playback - {222} [SUCCESS] MouseButtonClick - "[MSAA, VisibleOnly]ControlType='Button' &amp;&amp; Name='Proceed'"
\0&lt;/a&gt;
W, 3504, 23, 2013/05/23, 19:48:00.045, 2962026164353, QTAgent32.exe, &lt;a class=success&gt;Playback - {223} [SUCCESS] MouseButtonClick - "[MSAA, VisibleOnly]ControlType='Button' &amp;&amp; Name='Ok'"
\0&lt;/a&gt;
W, 3504, 23, 2013/05/23, 19:48:02.578, 2962062429733, QTAgent32.exe, PERF WARNING: FindTopLevelWindowHelper::FindAllDescendents: took 2432 ms. Expected it to take maximum 500 ms.
W, 3504, 23, 2013/05/23, 19:48:02.719, 2962064446106, QTAgent32.exe, &lt;a class=success&gt;Playback - {224} [SUCCESS] MouseButtonClick - "[MSAA, VisibleOnly]ControlType='Client'"
\0&lt;/a&gt;
W, 3504, 23, 2013/05/23, 19:48:04.941, 2962096258894, QTAgent32.exe, &lt;a class=success&gt;Playback - {225} [SUCCESS] SendKeys "{END}" - "[MSAA, VisibleOnly]ControlType='Client'"
\0&lt;/a&gt;
W, 3504, 23, 2013/05/23, 19:48:05.498, 2962104234752, QTAgent32.exe, &lt;a class=success&gt;Playback - {226} [SUCCESS] MouseButtonClick - "[MSAA, VisibleOnly]ControlType='Button' &amp;&amp; Name='Select Alternative'"
\0&lt;/a&gt;
W, 3504, 23, 2013/05/23, 19:48:05.835, 2962109067392, QTAgent32.exe, &lt;a class=success&gt;Playback - {227} [SUCCESS] MouseButtonClick - "[MSAA, VisibleOnly]ControlType='Button' &amp;&amp; Name='OK'"
\0&lt;/a&gt;
W, 3504, 23, 2013/05/23, 19:48:06.091, 2962112723923, QTAgent32.exe, &lt;a class=success&gt;Playback - {228} [SUCCESS] MouseButtonClick - "[MSAA, VisibleOnly]ControlType='Button' &amp;&amp; Name='Invite'"
\0&lt;/a&gt;
W, 3504, 23, 2013/05/23, 19:48:06.328, 2962116121779, QTAgent32.exe, &lt;a class=success&gt;Playback - {229} [SUCCESS] MouseButtonClick - "[MSAA, VisibleOnly]ControlType='Button' &amp;&amp; Name='OK'"
\0&lt;/a&gt;
W, 3504, 23, 2013/05/23, 19:48:06.651, 2962120742885, QTAgent32.exe, &lt;a class=success&gt;Playback - {230} [SUCCESS] MouseButtonClick - "[MSAA, VisibleOnly]ControlType='Button' &amp;&amp; Name='Ok'"
\0&lt;/a&gt;
W, 3504, 23, 2013/05/23, 19:48:11.095, 2962184374346, QTAgent32.exe, Playback - [WARNING] Internal warning: Window Not Found: [VisibleOnly]ControlType='Window' &amp;&amp; Name='Personal Lines' &amp;&amp; ClassName='#32770'
\0
E, 3504, 23, 2013/05/23, 19:48:11.095, 2962184379315, QTAgent32.exe, &lt;a class=failure&gt;Playback - {231} [FAILED] Function ElementFetcher::FindScreenElement failed to locate UI element (Searching: ;[VisibleOnly]ControlType='Window' &amp;&amp; Name='Personal Lines' &amp;&amp; ClassName='#32770') (The object specified was not found.)
\0&lt;/a&gt;
E, 3504, 23, 2013/05/23, 19:48:11.188, 2962185706564, QTAgent32.exe, Playback - [IMAGE] C:\Users\testuser\AppData\Local\Temp\UITestLogs\LastRun\RPFCAC1.png
\0
W, 3504, 23, 2013/05/23, 19:48:11.188, 2962185708901, QTAgent32.exe, Playback - [WARNING] Internal warning: Couldn't find descendants that match QueryId
\0
W, 3504, 23, 2013/05/23, 19:48:11.188, 2962185712874, QTAgent32.exe, PERF WARNING: FindTopLevelWindowHelper::FindAllDescendents: took 4437 ms. Expected it to take maximum 500 ms.
W, 3504, 23, 2013/05/23, 19:48:29.288, 2962444860352, QTAgent32.exe, Playback - [WARNING] Internal warning: Window Not Found: [VisibleOnly]ControlType='Window' &amp;&amp; Name='Personal Lines' &amp;&amp; ClassName='#32770'
\0
E, 3504, 23, 2013/05/23, 19:48:29.288, 2962444864490, QTAgent32.exe, &lt;a class=failure&gt;Playback - {232} [FAILED] Function ElementFetcher::FindScreenElement failed to locate UI element (Searching: ;[VisibleOnly]ControlType='Window' &amp;&amp; Name='Personal Lines' &amp;&amp; ClassName='#32770') (The object specified was not found.)
\0&lt;/a&gt;
E, 3504, 23, 2013/05/23, 19:48:29.373, 2962446076461, QTAgent32.exe, Playback - [IMAGE] C:\Users\testuser\AppData\Local\Temp\UITestLogs\LastRun\RPF11DF.png
\0
W, 3504, 23, 2013/05/23, 19:48:29.373, 2962446078808, QTAgent32.exe, Playback - [WARNING] Internal warning: Couldn't find descendants that match QueryId
\0
W, 3504, 23, 2013/05/23, 19:48:29.373, 2962446083246, QTAgent32.exe, PERF WARNING: FindTopLevelWindowHelper::FindAllDescendents: took 18184 ms. Expected it to take maximum 500 ms.
W, 3504, 23, 2013/05/23, 19:48:29.938, 2962454175217, QTAgent32.exe, Playback - [WARNING] Internal warning: Smart Match failed
\0
W, 3504, 23, 2013/05/23, 19:48:30.358, 2962460195196, QTAgent32.exe, Playback - [WARNING] Internal warning: Smart Match failed
\0
W, 3504, 23, 2013/05/23, 19:48:30.750, 2962465804650, QTAgent32.exe, Playback - [WARNING] Internal warning: Smart Match failed
\0
W, 3504, 23, 2013/05/23, 19:48:31.131, 2962471250664, QTAgent32.exe, Playback - [WARNING] Internal warning: Smart Match failed
\0
W, 3504, 23, 2013/05/23, 19:48:31.513, 2962476733074, QTAgent32.exe, Playback - [WARNING] Internal warning: Smart Match failed
\0
W, 3504, 23, 2013/05/23, 19:48:31.894, 2962482190302, QTAgent32.exe, Playback - [WARNING] Internal warning: Smart Match failed
\0
W, 3504, 23, 2013/05/23, 19:48:32.301, 2962488012409, QTAgent32.exe, Playback - [WARNING] Internal warning: Smart Match failed
\0
W, 3504, 23, 2013/05/23, 19:48:32.596, 2962492227586, QTAgent32.exe, Playback - [WARNING] Internal warning: Window Not Found: [VisibleOnly]ControlType='Window' &amp;&amp; Name='Personal Lines' &amp;&amp; ClassName='#32770'
\0
E, 3504, 23, 2013/05/23, 19:48:32.596, 2962492230611, QTAgent32.exe, &lt;a class=failure&gt;Playback - {233} [FAILED] Function ElementFetcher::FindScreenElement failed to locate UI element (Searching: ;[VisibleOnly]ControlType='Window' &amp;&amp; Name='Personal Lines' &amp;&amp; ClassName='#32770') (The object specified was not found.)
\0&lt;/a&gt;
E, 3504, 23, 2013/05/23, 19:48:32.682, 2962493465163, QTAgent32.exe, Playback - [IMAGE] C:\Users\testuser\AppData\Local\Temp\UITestLogs\LastRun\RPF1ECB.png
\0
W, 3504, 23, 2013/05/23, 19:48:32.682, 2962493467698, QTAgent32.exe, Playback - [WARNING] Internal warning: Couldn't find descendants that match QueryId
\0
W, 3504, 23, 2013/05/23, 19:48:32.683, 2962493470872, QTAgent32.exe, PERF WARNING: FindTopLevelWindowHelper::FindAllDescendents: took 3309 ms. Expected it to take maximum 500 ms.
E, 3504, 23, 2013/05/23, 19:48:32.683, 2962493472725, QTAgent32.exe, Exception: System.Runtime.InteropServices.COMException
	Message: Error HRESULT E_FAIL has been returned from a call to a COM component.
	Stack Trace:    at Microsoft.VisualStudio.TestTools.UITest.Playback.Engine.IRPFPlayback.FindAllScreenElements(IScreenElement pScreenElementStart, String bstrQueryId, Object&amp; pvarResKeys, Int32 cResKeys, Int32 nMaxDepth, Object[]&amp; foundDescendants)
   at Microsoft.VisualStudio.TestTools.UITest.Playback.ScreenElement.FindTopLevelWindowHelper(String queryId)
	BaseExceptionMessage: Error HRESULT E_FAIL has been returned from a call to a COM component.

E, 3504, 23, 2013/05/23, 19:48:32.683, 2962493479401, QTAgent32.exe, Window 5965486 not responding. Last Win32 error 0
E, 3504, 23, 2013/05/23, 19:48:32.683, 2962493480614, QTAgent32.exe, GetClassName for handle 5965486 failed
E, 3504, 23, 2013/05/23, 19:48:32.784, 2962494925726, QTAgent32.exe, AL: Playback Error: Microsoft.VisualStudio.TestTools.UITest.Extension.UITestControlNotAvailableException: The control is not available or not valid. Additional Details: 
TechnologyName:  'MSAA'
ControlType:  'Window'
 ---&gt; System.Runtime.InteropServices.COMException: Error HRESULT E_FAIL has been returned from a call to a COM component.
   at Microsoft.VisualStudio.TestTools.UITest.Playback.Engine.IRPFPlayback.FindAllScreenElements(IScreenElement pScreenElementStart, String bstrQueryId, Object&amp; pvarResKeys, Int32 cResKeys, Int32 nMaxDepth, Object[]&amp; foundDescendants)
   at Microsoft.VisualStudio.TestTools.UITest.Playback.ScreenElement.FindTopLevelWindowHelper(String queryId)
   at Microsoft.VisualStudio.TestTools.UITest.Playback.ScreenElement.FindFromPartialQueryId(String queryId)
   at Microsoft.VisualStudio.TestTools.UITesting.UITestControl.EnsureValid(Boolean waitForReady, Boolean refetch)
   --- End of inner exception stack trace ---
   at Microsoft.VisualStudio.TestTools.UITesting.UITestControl.EnsureValid(Boolean waitForReady, Boolean refetch)
   at Microsoft.VisualStudio.TestTools.UITesting.UITestControl.FindFirstDescendant(String queryId, Int32 maxDepth, Int32&amp; timeLeft)
   at Microsoft.VisualStudio.TestTools.UITesting.SearchHelper.GetElement(Boolean useCache, ISearchArgument searchArg)
   at Microsoft.VisualStudio.TestTools.UITesting.SearchHelper.Search(ISearchArgument searchArg)
   at Microsoft.VisualStudio.TestTools.UITesting.UITestControl.FindInternal()
   at Microsoft.VisualStudio.TestTools.UITesting.UITestControl.FindControlIfNecessary()
   at Microsoft.VisualStudio.TestTools.UITesting.UITestControl.Click(MouseButtons button, ModifierKeys modifierKeys, Point relativeCoordinates)
   at Microsoft.VisualStudio.TestTools.UITesting.Mouse.ClickImplementation(UITestControl control, MouseButtons button, ModifierKeys modifierKeys, Point relativeCoordinate)
   at Microsoft.VisualStudio.TestTools.UITesting.Mouse.ClickImplementationWrapper(UITestControl control, MouseButtons button, ModifierKeys modifierKeys, Point relativeCoordinate)
W, 3504, 23, 2013/05/23, 19:48:32.785, 2962494928986, QTAgent32.exe, PlaybackErrorHandler: Ignoring exception as ContinueOnError is set.
W, 3504, 23, 2013/05/23, 19:48:32.928, 2962496982944, QTAgent32.exe, &lt;a class=success&gt;Playback - {234} [SUCCESS] Check - "[MSAA, VisibleOnly]ControlType='CheckBox' &amp;&amp; Name='Defer Printing?'"
\0&lt;/a&gt;
W, 3504, 23, 2013/05/23, 19:48:33.672, 2962507630766, QTAgent32.exe, &lt;a class=success&gt;Playback - {235} [SUCCESS] MouseButtonClick - "[MSAA, VisibleOnly]ControlType='Button' &amp;&amp; Name='Ok'"
\0&lt;/a&gt;
W, 3504, 23, 2013/05/23, 19:48:33.777, 2962509136152, QTAgent32.exe, Playback - [WARNING] Internal warning: Thread state based WFR - Requested element has invalid HWND
\0
W, 3504, 23, 2013/05/23, 19:48:33.777, 2962509138228, QTAgent32.exe, Playback - [WARNING] Internal warning: process performance counters based WFR - Requested element has invalid HWND
\0
E, 3504, 23, 2013/05/23, 19:48:33.777, 2962509141907, QTAgent32.exe, EnsureValid called via EnsureValid call for same element
E, 3504, 23, 2013/05/23, 19:48:33.777, 2962509144047, QTAgent32.exe, EnsureValid called via EnsureValid call for same element
E, 3504, 23, 2013/05/23, 19:48:33.777, 2962509145452, QTAgent32.exe, EnsureValid called via EnsureValid call for same element
E, 3504, 23, 2013/05/23, 19:48:33.778, 2962509149938, QTAgent32.exe, Window 4327872 not responding. Last Win32 error 0
E, 3504, 23, 2013/05/23, 19:48:33.778, 2962509151125, QTAgent32.exe, GetClassName for handle 4327872 failed
W, 3504, 23, 2013/05/23, 19:48:34.230, 2962515634491, QTAgent32.exe, Playback - [WARNING] Internal warning: Window Not Found: [VisibleOnly]ControlType='Window' &amp;&amp; Name='Import to TAM' &amp;&amp; ClassName='TfImportToTam'
\0
E, 3504, 23, 2013/05/23, 19:48:34.231, 2962515638919, QTAgent32.exe, &lt;a class=failure&gt;Playback - {236} [FAILED] Function ElementFetcher::FindScreenElement failed to locate UI element (Searching: ;[VisibleOnly]ControlType='Window' &amp;&amp; Name='Import to TAM' &amp;&amp; ClassName='TfImportToTam') (The object specified was not found.)
\0&lt;/a&gt;
E, 3504, 23, 2013/05/23, 19:48:34.328, 2962517037881, QTAgent32.exe, Playback - [IMAGE] C:\Users\testuser\AppData\Local\Temp\UITestLogs\LastRun\RPF2523.png
\0
W, 3504, 23, 2013/05/23, 19:48:34.329, 2962517040544, QTAgent32.exe, Playback - [WARNING] Internal warning: Couldn't find descendants that match QueryId
\0
W, 3504, 23, 2013/05/23, 19:48:34.329, 2962517043164, QTAgent32.exe, PERF WARNING: FindTopLevelWindowHelper::FindAllDescendents: took 551 ms. Expected it to take maximum 500 ms.
W, 3504, 23, 2013/05/23, 19:48:39.241, 2962587380040, QTAgent32.exe, PERF WARNING: FindTopLevelWindowHelper::FindAllDescendents: took 4912 ms. Expected it to take maximum 500 ms.
W, 3504, 23, 2013/05/23, 19:48:39.529, 2962591503822, QTAgent32.exe, &lt;a class=success&gt;Playback - {237} [SUCCESS] Uncheck - "[MSAA, VisibleOnly]ControlType='CheckBox' &amp;&amp; Name='Add Activity'"
\0&lt;/a&gt;
W, 3504, 23, 2013/05/23, 19:48:41.164, 2962614908149, QTAgent32.exe, &lt;a class=success&gt;Playback - {238} [SUCCESS] MouseButtonClick - "[MSAA, VisibleOnly]ControlType='Button' &amp;&amp; Name='Ok'"
\0&lt;/a&gt;
W, 3504, 23, 2013/05/23, 19:48:43.424, 2962647271007, QTAgent32.exe, &lt;a class=success&gt;Playback - {239} [SUCCESS] MouseButtonClick - "[MSAA, VisibleOnly]ControlType='Button' &amp;&amp; Name='OK'"
\0&lt;/a&gt;
W, 3504, 23, 2013/05/23, 19:48:43.843, 2962653275391, QTAgent32.exe, Playback - [WARNING] Internal warning: Window Not Found: [VisibleOnly]ControlType='Window' &amp;&amp; Name='AUTO231-1001' &amp;&amp; ClassName='ThunderRT6FormDC'
\0
E, 3504, 23, 2013/05/23, 19:48:43.844, 2962653279421, QTAgent32.exe, &lt;a class=failure&gt;Playback - {240} [FAILED] Function ElementFetcher::FindScreenElement failed to locate UI element (Searching: ;[VisibleOnly]ControlType='Window' &amp;&amp; Name='AUTO231-1001' &amp;&amp; ClassName='ThunderRT6FormDC') (The object specified was not found.)
\0&lt;/a&gt;
E, 3504, 23, 2013/05/23, 19:48:43.937, 2962654621859, QTAgent32.exe, Playback - [IMAGE] C:\Users\testuser\AppData\Local\Temp\UITestLogs\LastRun\RPF4ABD.png
\0
W, 3504, 23, 2013/05/23, 19:48:43.937, 2962654624407, QTAgent32.exe, Playback - [WARNING] Internal warning: Couldn't find descendants that match QueryId
\0
W, 3504, 23, 2013/05/23, 19:49:02.035, 2962913753045, QTAgent32.exe, Playback - [WARNING] Internal warning: Window Not Found: [VisibleOnly]ControlType='Window' &amp;&amp; Name='AUTO231-1001' &amp;&amp; ClassName='ThunderRT6FormDC'
\0
E, 3504, 23, 2013/05/23, 19:49:02.036, 2962913759082, QTAgent32.exe, &lt;a class=failure&gt;Playback - {241} [FAILED] Function ElementFetcher::FindScreenElement failed to locate UI element (Searching: ;[VisibleOnly]ControlType='Window' &amp;&amp; Name='AUTO231-1001' &amp;&amp; ClassName='ThunderRT6FormDC') (The object specified was not found.)
\0&lt;/a&gt;
E, 3504, 23, 2013/05/23, 19:49:02.118, 2962914934957, QTAgent32.exe, Playback - [IMAGE] C:\Users\testuser\AppData\Local\Temp\UITestLogs\LastRun\RPF91CC.png
\0
W, 3504, 23, 2013/05/23, 19:49:02.118, 2962914937503, QTAgent32.exe, Playback - [WARNING] Internal warning: Couldn't find descendants that match QueryId
\0
W, 3504, 23, 2013/05/23, 19:49:02.119, 2962914944828, QTAgent32.exe, PERF WARNING: FindTopLevelWindowHelper::FindAllDescendents: took 18180 ms. Expected it to take maximum 500 ms.
W, 3504, 23, 2013/05/23, 19:49:02.844, 2962925326954, QTAgent32.exe, Playback - [WARNING] Internal warning: Window with Class "ThunderRT6FormDC" and Title "AUTO231-1001" was not found, so similar window with Class "ThunderRT6FormDC" and Title "AUTO208-1001" was accepted
\0
W, 3504, 23, 2013/05/23, 19:49:02.844, 2962925332164, QTAgent32.exe, PERF WARNING: FindTopLevelWindowHelper::FindAllDescendents: took 725 ms. Expected it to take maximum 500 ms.
W, 3504, 23, 2013/05/23, 19:49:04.364, 2962947094309, QTAgent32.exe, &lt;a class=success&gt;Playback - {242} [SUCCESS] MouseButtonClick - "[MSAA, VisibleOnly]ControlType='Button' &amp;&amp; Name='Renew Policy...'"
\0&lt;/a&gt;
W, 3504, 23, 2013/05/23, 19:49:04.602, 2962950501233, QTAgent32.exe, &lt;a class=success&gt;Playback - {243} [SUCCESS] Check - "[MSAA, VisibleOnly]ControlType='RadioButton' &amp;&amp; Name='Alternative'"
\0&lt;/a&gt;
W, 3504, 23, 2013/05/23, 19:49:05.000, 2962956194866, QTAgent32.exe, &lt;a class=success&gt;Playback - {244} [SUCCESS] MouseButtonClick - "[MSAA, VisibleOnly]ControlType='Button' &amp;&amp; Name='OK'"
\0&lt;/a&gt;
W, 3504, 23, 2013/05/23, 19:49:05.244, 2962959696276, QTAgent32.exe, &lt;a class=success&gt;Playback - {245} [SUCCESS] MouseButtonClick - "[MSAA, VisibleOnly]ControlType='Button' &amp;&amp; Name='OK'"
\0&lt;/a&gt;
W, 3504, 23, 2013/05/23, 19:49:08.023, 2962999481582, QTAgent32.exe, PERF WARNING: FindTopLevelWindowHelper::FindAllDescendents: took 2678 ms. Expected it to take maximum 500 ms.
W, 3504, 23, 2013/05/23, 19:49:08.169, 2963001567361, QTAgent32.exe, &lt;a class=success&gt;Playback - {246} [SUCCESS] MouseButtonClick - "[MSAA, VisibleOnly]ControlType='Client'"
\0&lt;/a&gt;
W, 3504, 23, 2013/05/23, 19:49:10.409, 2963033648267, QTAgent32.exe, &lt;a class=success&gt;Playback - {247} [SUCCESS] MouseButtonClick - "[MSAA, VisibleOnly]ControlType='Button' &amp;&amp; Name='Accept'"
\0&lt;/a&gt;
W, 3504, 23, 2013/05/23, 19:49:12.573, 2963064625641, QTAgent32.exe, Playback - [WARNING] Internal warning: Window Not Found: [VisibleOnly]ControlType='Window' &amp;&amp; Name='Save the file as' &amp;&amp; ClassName='#32770'
\0
E, 3504, 23, 2013/05/23, 19:49:12.573, 2963064629497, QTAgent32.exe, &lt;a class=failure&gt;Playback - {248} [FAILED] Function ElementFetcher::FindScreenElement failed to locate UI element (Searching: ;[VisibleOnly]ControlType='Window' &amp;&amp; Name='Save the file as' &amp;&amp; ClassName='#32770') (The object specified was not found.)
\0&lt;/a&gt;
E, 3504, 23, 2013/05/23, 19:49:12.746, 2963067100486, QTAgent32.exe, Playback - [IMAGE] C:\Users\testuser\AppData\Local\Temp\UITestLogs\LastRun\RPFBAEF.png
\0
W, 3504, 23, 2013/05/23, 19:49:12.746, 2963067102969, QTAgent32.exe, Playback - [WARNING] Internal warning: Couldn't find descendants that match QueryId
\0
W, 3504, 23, 2013/05/23, 19:49:12.746, 2963067107353, QTAgent32.exe, PERF WARNING: FindTopLevelWindowHelper::FindAllDescendents: took 2178 ms. Expected it to take maximum 500 ms.
W, 3504, 23, 2013/05/23, 19:49:31.122, 2963330227827, QTAgent32.exe, Playback - [WARNING] Internal warning: Window Not Found: [VisibleOnly]ControlType='Window' &amp;&amp; Name='Save the file as' &amp;&amp; ClassName='#32770'
\0
E, 3504, 23, 2013/05/23, 19:49:31.123, 2963330237681, QTAgent32.exe, &lt;a class=failure&gt;Playback - {249} [FAILED] Function ElementFetcher::FindScreenElement failed to locate UI element (Searching: ;[VisibleOnly]ControlType='Window' &amp;&amp; Name='Save the file as' &amp;&amp; ClassName='#32770') (The object specified was not found.)
\0&lt;/a&gt;
E, 3504, 23, 2013/05/23, 19:49:31.242, 2963331937465, QTAgent32.exe, Playback - [IMAGE] C:\Users\testuser\AppData\Local\Temp\UITestLogs\LastRun\RPF364.png
\0
W, 3504, 23, 2013/05/23, 19:49:31.242, 2963331940398, QTAgent32.exe, Playback - [WARNING] Internal warning: Couldn't find descendants that match QueryId
\0
W, 3504, 23, 2013/05/23, 19:49:31.243, 2963331951010, QTAgent32.exe, PERF WARNING: FindTopLevelWindowHelper::FindAllDescendents: took 18496 ms. Expected it to take maximum 500 ms.
W, 3504, 23, 2013/05/23, 19:49:32.600, 2963351373111, QTAgent32.exe, Playback - [WARNING] Internal warning: Smart Match failed
\0
W, 3504, 23, 2013/05/23, 19:49:33.076, 2963358192887, QTAgent32.exe, Playback - [WARNING] Internal warning: Smart Match failed
\0
W, 3504, 23, 2013/05/23, 19:49:33.536, 2963364786074, QTAgent32.exe, Playback - [WARNING] Internal warning: Smart Match failed
\0
W, 3504, 23, 2013/05/23, 19:49:33.980, 2963371137640, QTAgent32.exe, Playback - [WARNING] Internal warning: Smart Match failed
\0
W, 3504, 23, 2013/05/23, 19:49:34.291, 2963375598428, QTAgent32.exe, Playback - [WARNING] Internal warning: Window Not Found: [VisibleOnly]ControlType='Window' &amp;&amp; Name='Save the file as' &amp;&amp; ClassName='#32770'
\0
E, 3504, 23, 2013/05/23, 19:49:34.292, 2963375601585, QTAgent32.exe, &lt;a class=failure&gt;Playback - {250} [FAILED] Function ElementFetcher::FindScreenElement failed to locate UI element (Searching: ;[VisibleOnly]ControlType='Window' &amp;&amp; Name='Save the file as' &amp;&amp; ClassName='#32770') (The object specified was not found.)
\0&lt;/a&gt;
E, 3504, 23, 2013/05/23, 19:49:34.380, 2963376867976, QTAgent32.exe, Playback - [IMAGE] C:\Users\testuser\AppData\Local\Temp\UITestLogs\LastRun\RPFFC4.png
\0
W, 3504, 23, 2013/05/23, 19:49:34.380, 2963376870503, QTAgent32.exe, Playback - [WARNING] Internal warning: Couldn't find descendants that match QueryId
\0
W, 3504, 23, 2013/05/23, 19:49:34.380, 2963376874165, QTAgent32.exe, PERF WARNING: FindTopLevelWindowHelper::FindAllDescendents: took 3136 ms. Expected it to take maximum 500 ms.
E, 3504, 23, 2013/05/23, 19:49:34.381, 2963376876630, QTAgent32.exe, Exception: System.Runtime.InteropServices.COMException
	Message: Error HRESULT E_FAIL has been returned from a call to a COM component.
	Stack Trace:    at Microsoft.VisualStudio.TestTools.UITest.Playback.Engine.IRPFPlayback.FindAllScreenElements(IScreenElement pScreenElementStart, String bstrQueryId, Object&amp; pvarResKeys, Int32 cResKeys, Int32 nMaxDepth, Object[]&amp; foundDescendants)
   at Microsoft.VisualStudio.TestTools.UITest.Playback.ScreenElement.FindTopLevelWindowHelper(String queryId)
	BaseExceptionMessage: Error HRESULT E_FAIL has been returned from a call to a COM component.

E, 3504, 23, 2013/05/23, 19:49:34.483, 2963378338080, QTAgent32.exe, AL: Playback Error: Microsoft.VisualStudio.TestTools.UITest.Extension.UITestControlNotFoundException: The playback failed to find the control with the given search properties. Additional Details: 
TechnologyName:  'MSAA'
ControlType:  'Window'
Name:  'Save the file as'
ClassName:  '#32770'
 ---&gt; System.Runtime.InteropServices.COMException: Error HRESULT E_FAIL has been returned from a call to a COM component.
   at Microsoft.VisualStudio.TestTools.UITest.Playback.Engine.IRPFPlayback.FindAllScreenElements(IScreenElement pScreenElementStart, String bstrQueryId, Object&amp; pvarResKeys, Int32 cResKeys, Int32 nMaxDepth, Object[]&amp; foundDescendants)
   at Microsoft.VisualStudio.TestTools.UITest.Playback.ScreenElement.FindTopLevelWindowHelper(String queryId)
   at Microsoft.VisualStudio.TestTools.UITest.Playback.ScreenElement.FindFromPartialQueryId(String queryId)
   at Microsoft.VisualStudio.TestTools.UITesting.UITestControl..ctor(String queryId)
   --- End of inner exception stack trace ---
   at Microsoft.VisualStudio.TestTools.UITesting.Playback.MapControlNotFoundException(COMException ex, IPlaybackContext context)
   at Microsoft.VisualStudio.TestTools.UITesting.Playback.MapAndThrowComException(COMException innerException, IPlaybackContext context)
   at Microsoft.VisualStudio.TestTools.UITesting.Playback.MapAndThrowException(SystemException exception, IPlaybackContext context)
   at Microsoft.VisualStudio.TestTools.UITesting.Playback.MapAndThrowException(SystemException exception, String queryId)
   at Microsoft.VisualStudio.TestTools.UITesting.UITestControl..ctor(String queryId)
   at Microsoft.VisualStudio.TestTools.UITesting.SearchHelper.SearchTopLevelWindow(ISearchArgument topLevelSearchArg, String topLevelElementQueryId)
   at Microsoft.VisualStudio.TestTools.UITesting.SearchHelper.GetTitleUpdatedTopLevelWindow(ISearchArgument topLevelSearchArg, String queryId, IList`1 windowTitles)
   at Microsoft.VisualStudio.TestTools.UITesting.SearchHelper.GetTopLevelElement(Boolean useCache, Boolean useCacheOnly, ISearchArgument searchArg, IList`1 windowTitles, Int32&amp; timeLeft)
   at Microsoft.VisualStudio.TestTools.UITesting.SearchHelper.GetElement(Boolean useCache, ISearchArgument searchArg)
   at Microsoft.VisualStudio.TestTools.UITesting.SearchHelper.Search(ISearchArgument searchArg)
   at Microsoft.VisualStudio.TestTools.UITesting.UITestControl.FindInternal()
   at Microsoft.VisualStudio.TestTools.UITesting.UITestControl.FindControlIfNecessary()
   at Microsoft.VisualStudio.TestTools.UITesting.UITestControl.Click(MouseButtons button, ModifierKeys modifierKeys, Point relativeCoordinates)
   at Microsoft.VisualStudio.TestTools.UITesting.Mouse.ClickImplementation(UITestControl control, MouseButtons button, ModifierKeys modifierKeys, Point relativeCoordinate)
   at Microsoft.VisualStudio.TestTools.UITesting.Mouse.ClickImplementationWrapper(UITestControl control, MouseButtons button, ModifierKeys modifierKeys, Point relativeCoordinate)
W, 3504, 23, 2013/05/23, 19:49:34.490, 2963378445379, QTAgent32.exe, PlaybackErrorHandler: Ignoring exception as ContinueOnError is set.
W, 3504, 23, 2013/05/23, 19:49:36.004, 2963400112644, QTAgent32.exe, Playback - [WARNING] Internal warning: Element "[MSAA, VisibleOnly]ControlType='Window' &amp;&amp; ControlId='2'" was not found, so all intermediate elements were ignored. To improve performance replace this element Id with another Id or exclude it from QueryId. If this element is the target element, replace or remove intermediate elements
\0
W, 3504, 23, 2013/05/23, 19:49:38.544, 2963436493492, QTAgent32.exe, Playback - [WARNING] Internal warning:Search failure: &lt;[MSAA, VisibleOnly]ControlType='Window' &amp;&amp; ControlId='2'&gt; | Performed (4) search retries, UI element not found
\0
E, 3504, 23, 2013/05/23, 19:49:38.545, 2963436497722, QTAgent32.exe, &lt;a class=failure&gt;Playback - {251} [FAILED] Function ElementFetcher::FindScreenElement failed to locate UI element (Searching: ;[MSAA, VisibleOnly]ControlType='Window' &amp;&amp; ControlId='2';[MSAA, VisibleOnly]ControlType='Button' &amp;&amp; Name='OK') (The object specified was not found.)
\0&lt;/a&gt;
E, 3504, 23, 2013/05/23, 19:49:38.625, 2963437651744, QTAgent32.exe, Playback - [IMAGE] C:\Users\testuser\AppData\Local\Temp\UITestLogs\LastRun\RPF2068.png
\0
W, 3504, 23, 2013/05/23, 19:49:38.625, 2963437654196, QTAgent32.exe, Playback - [WARNING] Internal warning: Couldn't find descendants that match QueryId
\0
W, 3504, 23, 2013/05/23, 19:49:38.626, 2963437657261, QTAgent32.exe, PERF WARNING: FindAllDescendents: took 4131 ms. Expected it to take maximum 500 ms.
E, 3504, 23, 2013/05/23, 19:49:38.631, 2963437738498, QTAgent32.exe, Window 6096532 not responding. Last Win32 error 0
E, 3504, 23, 2013/05/23, 19:49:38.631, 2963437741031, QTAgent32.exe, GetClassName for handle 6096532 failed
E, 3504, 23, 2013/05/23, 19:49:38.732, 2963439186113, QTAgent32.exe, AL: Playback Error: Microsoft.VisualStudio.TestTools.UITest.Extension.UITestControlNotAvailableException: The control is not available or not valid. Additional Details: 
TechnologyName:  'MSAA'
ControlType:  'Button'
 ---&gt; Microsoft.VisualStudio.TestTools.UITest.Extension.UITestControlNotFoundException: The playback failed to find the control with the given search properties. Additional Details: The control details were not specified. ---&gt; System.Runtime.InteropServices.COMException: Error HRESULT E_FAIL has been returned from a call to a COM component.
   at Microsoft.VisualStudio.TestTools.UITest.Playback.Engine.IScreenElement.FindAllDescendants(String bstrQueryId, Object&amp; pvarResKeys, Int32 cResKeys, Int32 nMaxDepth)
   at Microsoft.VisualStudio.TestTools.UITest.Playback.ScreenElement.FindAllScreenElement(String queryId, Int32 depth, Boolean singleQueryId, Boolean throwException)
   at Microsoft.VisualStudio.TestTools.UITest.Playback.ScreenElement.FindScreenElement(String queryId, Int32 depth)
   at Microsoft.VisualStudio.TestTools.UITesting.UITestControl.FindFirstDescendant(String queryId, Int32 maxDepth, Int32&amp; timeLeft)
   --- End of inner exception stack trace ---
   at Microsoft.VisualStudio.TestTools.UITesting.Playback.MapControlNotFoundException(COMException ex, IPlaybackContext context)
   at Microsoft.VisualStudio.TestTools.UITesting.Playback.MapAndThrowComException(COMException innerException, IPlaybackContext context)
   at Microsoft.VisualStudio.TestTools.UITesting.Playback.MapAndThrowException(SystemException exception, IPlaybackContext context)
   at Microsoft.VisualStudio.TestTools.UITesting.Playback.MapAndThrowException(SystemException exception, String queryId)
   at Microsoft.VisualStudio.TestTools.UITesting.UITestControl.FindFirstDescendant(String queryId, Int32 maxDepth, Int32&amp; timeLeft)
   at Microsoft.VisualStudio.TestTools.UITesting.UITestControl.FindFirstDescendant(String queryId)
   at Microsoft.VisualStudio.TestTools.UITesting.UITestControl.EnsureValid(Boolean waitForReady, Boolean refetch)
   --- End of inner exception stack trace ---
   at Microsoft.VisualStudio.TestTools.UITesting.UITestControl.EnsureValid(Boolean waitForReady, Boolean refetch)
   at Microsoft.VisualStudio.TestTools.UITesting.UITestControl.Click(MouseButtons button, ModifierKeys modifierKeys, Point relativeCoordinates)
   at Microsoft.VisualStudio.TestTools.UITesting.Mouse.ClickImplementation(UITestControl control, MouseButtons button, ModifierKeys modifierKeys, Point relativeCoordinate)
   at Microsoft.VisualStudio.TestTools.UITesting.Mouse.ClickImplementationWrapper(UITestControl control, MouseButtons button, ModifierKeys modifierKeys, Point relativeCoordinate)
W, 3504, 23, 2013/05/23, 19:49:38.733, 2963439193691, QTAgent32.exe, PlaybackErrorHandler: Ignoring exception as ContinueOnError is set.
W, 3504, 23, 2013/05/23, 19:49:39.096, 2963444399305, QTAgent32.exe, &lt;a class=success&gt;Playback - {252} [SUCCESS] MouseButtonClick - "[MSAA, VisibleOnly]ControlType='Button' &amp;&amp; Name='Yes'"
\0&lt;/a&gt;
W, 3504, 23, 2013/05/23, 19:49:39.832, 2963454930728, QTAgent32.exe, &lt;a class=success&gt;Playback - {253} [SUCCESS] MouseButtonClick - "[MSAA, VisibleOnly]ControlType='Button' &amp;&amp; Name='Ok'"
\0&lt;/a&gt;
W, 3504, 23, 2013/05/23, 19:49:46.195, 2963546040698, QTAgent32.exe, Playback - [WARNING] Internal warning: Window Not Found: [VisibleOnly]ControlType='Window' &amp;&amp; Name='Personal Lines' &amp;&amp; ClassName='#32770'
\0
E, 3504, 23, 2013/05/23, 19:49:46.195, 2963546044810, QTAgent32.exe, &lt;a class=failure&gt;Playback - {254} [FAILED] Function ElementFetcher::FindScreenElement failed to locate UI element (Searching: ;[VisibleOnly]ControlType='Window' &amp;&amp; Name='Personal Lines' &amp;&amp; ClassName='#32770') (The object specified was not found.)
\0&lt;/a&gt;
E, 3504, 23, 2013/05/23, 19:49:46.301, 2963547551517, QTAgent32.exe, Playback - [IMAGE] C:\Users\testuser\AppData\Local\Temp\UITestLogs\LastRun\RPF3E45.png
\0
W, 3504, 23, 2013/05/23, 19:49:46.301, 2963547554305, QTAgent32.exe, Playback - [WARNING] Internal warning: Couldn't find descendants that match QueryId
\0
W, 3504, 23, 2013/05/23, 19:49:46.301, 2963547558231, QTAgent32.exe, PERF WARNING: FindTopLevelWindowHelper::FindAllDescendents: took 6369 ms. Expected it to take maximum 500 ms.
W, 3504, 23, 2013/05/23, 19:49:51.484, 2963621767729, QTAgent32.exe, PERF WARNING: FindTopLevelWindowHelper::FindAllDescendents: took 5182 ms. Expected it to take maximum 500 ms.
W, 3504, 23, 2013/05/23, 19:49:53.642, 2963652661090, QTAgent32.exe, &lt;a class=success&gt;Playback - {255} [SUCCESS] MouseButtonClick - "[MSAA, VisibleOnly]ControlType='Button' &amp;&amp; Name='OK'"
\0&lt;/a&gt;
W, 3504, 23, 2013/05/23, 19:49:53.752, 2963654239790, QTAgent32.exe, Playback - [WARNING] Internal warning: Thread state based WFR - Requested element has invalid HWND
\0
W, 3504, 23, 2013/05/23, 19:49:53.752, 2963654241963, QTAgent32.exe, Playback - [WARNING] Internal warning: process performance counters based WFR - Requested element has invalid HWND
\0
E, 3504, 23, 2013/05/23, 19:49:53.752, 2963654246071, QTAgent32.exe, EnsureValid called via EnsureValid call for same element
E, 3504, 23, 2013/05/23, 19:49:53.753, 2963654248393, QTAgent32.exe, EnsureValid called via EnsureValid call for same element
E, 3504, 23, 2013/05/23, 19:49:53.753, 2963654249775, QTAgent32.exe, EnsureValid called via EnsureValid call for same element
E, 3504, 23, 2013/05/23, 19:49:53.753, 2963654254763, QTAgent32.exe, Window 9110802 not responding. Last Win32 error 0
E, 3504, 23, 2013/05/23, 19:49:53.753, 2963654255779, QTAgent32.exe, GetClassName for handle 9110802 failed
W, 3504, 23, 2013/05/23, 19:49:53.893, 2963656256494, QTAgent32.exe, &lt;a class=success&gt;Playback - {256} [SUCCESS] Check - "[MSAA, VisibleOnly]ControlType='CheckBox' &amp;&amp; Name='Defer Printing?'"
\0&lt;/a&gt;
W, 3504, 23, 2013/05/23, 19:49:54.495, 2963664884775, QTAgent32.exe, &lt;a class=success&gt;Playback - {257} [SUCCESS] MouseButtonClick - "[MSAA, VisibleOnly]ControlType='Button' &amp;&amp; Name='Ok'"
\0&lt;/a&gt;
W, 3504, 23, 2013/05/23, 19:49:54.884, 2963670447261, QTAgent32.exe, &lt;a class=success&gt;Playback - {258} [SUCCESS] MouseButtonClick - "[MSAA, VisibleOnly]ControlType='Button' &amp;&amp; Name='OK'"
\0&lt;/a&gt;
W, 3504, 23, 2013/05/23, 19:49:59.204, 2963732293144, QTAgent32.exe, Playback - [WARNING] Internal warning: Window Not Found: [VisibleOnly]ControlType='Window' &amp;&amp; Name='Personal Lines' &amp;&amp; ClassName='#32770'
\0
E, 3504, 23, 2013/05/23, 19:49:59.204, 2963732298822, QTAgent32.exe, &lt;a class=failure&gt;Playback - {259} [FAILED] Function ElementFetcher::FindScreenElement failed to locate UI element (Searching: ;[VisibleOnly]ControlType='Window' &amp;&amp; Name='Personal Lines' &amp;&amp; ClassName='#32770') (The object specified was not found.)
\0&lt;/a&gt;
E, 3504, 23, 2013/05/23, 19:49:59.284, 2963733450755, QTAgent32.exe, Playback - [IMAGE] C:\Users\testuser\AppData\Local\Temp\UITestLogs\LastRun\RPF7118.png
\0
W, 3504, 23, 2013/05/23, 19:49:59.285, 2963733453176, QTAgent32.exe, Playback - [WARNING] Internal warning: Couldn't find descendants that match QueryId
\0
W, 3504, 23, 2013/05/23, 19:49:59.285, 2963733459468, QTAgent32.exe, PERF WARNING: FindTopLevelWindowHelper::FindAllDescendents: took 4297 ms. Expected it to take maximum 500 ms.
W, 3504, 23, 2013/05/23, 19:50:01.418, 2963763997749, QTAgent32.exe, &lt;a class=success&gt;Playback - {260} [SUCCESS] MouseButtonClick - "[MSAA, VisibleOnly]ControlType='Button' &amp;&amp; Name='OK'"
\0&lt;/a&gt;
W, 3504, 23, 2013/05/23, 19:50:01.523, 2963765500713, QTAgent32.exe, Playback - [WARNING] Internal warning: Thread state based WFR - Requested element has invalid HWND
\0
W, 3504, 23, 2013/05/23, 19:50:01.523, 2963765503047, QTAgent32.exe, Playback - [WARNING] Internal warning: process performance counters based WFR - Requested element has invalid HWND
\0
E, 3504, 23, 2013/05/23, 19:50:01.523, 2963765511314, QTAgent32.exe, EnsureValid called via EnsureValid call for same element
E, 3504, 23, 2013/05/23, 19:50:01.524, 2963765517996, QTAgent32.exe, EnsureValid called via EnsureValid call for same element
E, 3504, 23, 2013/05/23, 19:50:01.524, 2963765519306, QTAgent32.exe, EnsureValid called via EnsureValid call for same element
E, 3504, 23, 2013/05/23, 19:50:01.524, 2963765524128, QTAgent32.exe, GetClassName for handle 5375888 failed
E, 3504, 23, 2013/05/23, 19:50:01.525, 2963765540666, QTAgent32.exe, Window 5375888 not responding. Last Win32 error 1400
E, 3504, 23, 2013/05/23, 19:50:01.526, 2963765542734, QTAgent32.exe, GetClassName for handle 5375888 failed
W, 3504, 23, 2013/05/23, 19:50:04.706, 2963811076354, QTAgent32.exe, PERF WARNING: FindTopLevelWindowHelper::FindAllDescendents: took 3179 ms. Expected it to take maximum 500 ms.
W, 3504, 23, 2013/05/23, 19:50:04.864, 2963813336892, QTAgent32.exe, &lt;a class=success&gt;Playback - {261} [SUCCESS] Uncheck - "[MSAA, VisibleOnly]ControlType='CheckBox' &amp;&amp; Name='Add Activity'"
\0&lt;/a&gt;
W, 3504, 23, 2013/05/23, 19:50:05.451, 2963821754765, QTAgent32.exe, &lt;a class=success&gt;Playback - {262} [SUCCESS] MouseButtonClick - "[MSAA, VisibleOnly]ControlType='Button' &amp;&amp; Name='Ok'"
\0&lt;/a&gt;
W, 3504, 23, 2013/05/23, 19:50:05.729, 2963825732727, QTAgent32.exe, &lt;a class=success&gt;Playback - {263} [SUCCESS] MouseButtonClick - "[MSAA, VisibleOnly]ControlType='Button' &amp;&amp; Name='Ok'"
\0&lt;/a&gt;
W, 3504, 23, 2013/05/23, 19:50:09.301, 2963876872733, QTAgent32.exe, PERF WARNING: FindTopLevelWindowHelper::FindAllDescendents: took 3471 ms. Expected it to take maximum 500 ms.
W, 3504, 23, 2013/05/23, 19:50:09.984, 2963886652505, QTAgent32.exe, &lt;a class=success&gt;Playback - {264} [SUCCESS] DoSelect - "[MSAA, VisibleOnly]ControlType='List'"
\0&lt;/a&gt;
W, 3504, 23, 2013/05/23, 19:50:11.935, 2963914581818, QTAgent32.exe, &lt;a class=success&gt;Playback - {265} [SUCCESS] MouseButtonClick - "[MSAA, VisibleOnly]ControlType='Button' &amp;&amp; Name='Ok'"
\0&lt;/a&gt;
W, 3504, 23, 2013/05/23, 19:50:14.233, 2963947499518, QTAgent32.exe, &lt;a class=success&gt;Playback - {266} [SUCCESS] MouseButtonClick - "[MSAA, VisibleOnly]ControlType='Button' &amp;&amp; Name='OK'"
\0&lt;/a&gt;
W, 3504, 23, 2013/05/23, 19:50:15.709, 2963968616915, QTAgent32.exe, PERF WARNING: FindAllDescendents: took 1368 ms. Expected it to take maximum 500 ms.
W, 3504, 23, 2013/05/23, 19:50:17.525, 2963994620656, QTAgent32.exe, &lt;a class=success&gt;Playback - {267} [SUCCESS] MouseButtonClick - "[MSAA, VisibleOnly]ControlType='Button' &amp;&amp; Name='Exit'"
\0&lt;/a&gt;
W, 3504, 23, 2013/05/23, 19:50:17.936, 2964000506031, QTAgent32.exe, &lt;a class=success&gt;Playback - {268} [SUCCESS] MouseButtonClick - "[MSAA, VisibleOnly]ControlType='Button' &amp;&amp; Name='Yes'"
\0&lt;/a&gt;
W, 3504, 23, 2013/05/23, 19:50:18.468, 2964008133921, QTAgent32.exe, &lt;a class=success&gt;Playback - {269} [SUCCESS] MouseButtonClick - "[MSAA, VisibleOnly]ControlType='Button' &amp;&amp; Name='Cancel'"
\0&lt;/a&gt;
W, 3504, 23, 2013/05/23, 19:50:19.011, 2964015899727, QTAgent32.exe, &lt;a class=success&gt;Playback - {270} [SUCCESS] MouseButtonClick - "[MSAA, VisibleOnly]ControlType='Button'"
\0&lt;/a&gt;
W, 3504, 23, 2013/05/23, 19:50:19.243, 2964019224904, QTAgent32.exe, &lt;a class=success&gt;Playback - {271} [SUCCESS] MouseButtonClick - "[MSAA, VisibleOnly]ControlType='Button' &amp;&amp; Name='Detail'"
\0&lt;/a&gt;
W, 3504, 23, 2013/05/23, 19:50:20.006, 2964030145239, QTAgent32.exe, &lt;a class=success&gt;Playback - {272} [SUCCESS] MouseButtonClick - "[MSAA, VisibleOnly]ControlType='Button' &amp;&amp; Name='Cancel'"
\0&lt;/a&gt;
W, 3504, 23, 2013/05/23, 19:50:22.965, 2964072515361, QTAgent32.exe, IEDOM : StopSession of the plugin called before StartSession
W, 3504, 23, 2013/05/23, 19:50:22.965, 2964072517352, QTAgent32.exe, UIA : StopSession of the plugin called before StartSession
</DebugTrace>
      </Output>
    </UnitTestResult>
  </Results>
</TestRun>