<?xml version="1.0" encoding="UTF-8"?>
<TestRun id="23216ac3-6b0b-4108-8fd9-95c8d1eace2c" name="John Burrows-ad@ICLVDEVAP01 2012-11-16 10:47:35" runUser="INSUR-E\John Burrows-ad" xmlns="http://microsoft.com/schemas/VisualStudio/TeamTest/2010">
  <TestSettings name="Default Test Settings" id="971f9832-a558-4aa3-8eb8-3906f86538c3">
    <Execution>
      <TestTypeSpecific />
      <AgentRule name="Execution Agents">
      </AgentRule>
    </Execution>
    <Deployment runDeploymentRoot="John Burrows-ad_ICLVDEVAP01 2012-11-16 10_47_35" />
  </TestSettings>
  <Times creation="2012-11-16T10:47:35.6581785+00:00" queuing="2012-11-16T10:47:35.9389929+00:00" start="2012-11-16T10:47:36.0013961+00:00" finish="2012-11-16T10:50:22.0615673+00:00" />
  <ResultSummary outcome="Failed">
    <Counters total="11" executed="11" error="0" failed="11" timeout="0" aborted="0" inconclusive="0" passedButRunAborted="0" notRunnable="0" notExecuted="0" disconnected="0" warning="0" passed="0" completed="0" inProgress="0" pending="0" />
  </ResultSummary>
  <TestDefinitions>
    <UnitTest name="MotoTest13" storage="testproject7.dll" id="1662bbff-6668-68e6-e702-5ec6450deb96">
      <Execution id="f87e3aeb-39a5-470f-92b8-e71cad0ebc2f" />
      <TestMethod codeBase="C:/TestProject7/TestProject7/bin/Debug/TestProject7.dll" adapterTypeName="Microsoft.VisualStudio.TestTools.TestTypes.Unit.UnitTestAdapter, Microsoft.VisualStudio.QualityTools.Tips.UnitTest.Adapter, Version=10.0.0.0, Culture=neutral, PublicKeyToken=b03f5f7f11d50a3a" className="TestProject7.TamAutotest, TestProject7, Version=1.0.0.0, Culture=neutral, PublicKeyToken=null" name="MotoTest13" />
      <Extension>Microsoft.VisualStudio.TestTools.UITesting.CodedUITestAttribute, Microsoft.VisualStudio.QualityTools.CodedUITestFramework, Version=10.0.0.0, Culture=neutral, PublicKeyToken=b03f5f7f11d50a3a</Extension>
    </UnitTest>
    <UnitTest name="MotoTest16" storage="testproject7.dll" id="c540cf3f-a6f3-b5ba-c3cd-38a0f986a3da">
      <Execution id="5d7e3487-2104-47d8-8aad-29043070d035" />
      <TestMethod codeBase="C:/TestProject7/TestProject7/bin/Debug/TestProject7.dll" adapterTypeName="Microsoft.VisualStudio.TestTools.TestTypes.Unit.UnitTestAdapter, Microsoft.VisualStudio.QualityTools.Tips.UnitTest.Adapter, Version=10.0.0.0, Culture=neutral, PublicKeyToken=b03f5f7f11d50a3a" className="TestProject7.TamAutotest, TestProject7, Version=1.0.0.0, Culture=neutral, PublicKeyToken=null" name="MotoTest16" />
      <Extension>Microsoft.VisualStudio.TestTools.UITesting.CodedUITestAttribute, Microsoft.VisualStudio.QualityTools.CodedUITestFramework, Version=10.0.0.0, Culture=neutral, PublicKeyToken=b03f5f7f11d50a3a</Extension>
    </UnitTest>
    <UnitTest name="MotoTest15" storage="testproject7.dll" id="e7680189-6b97-1f0a-48c0-e6d1b1c96b8e">
      <Execution id="e8d74d03-df24-4796-a9e7-6a9d8015b3cc" />
      <TestMethod codeBase="C:/TestProject7/TestProject7/bin/Debug/TestProject7.dll" adapterTypeName="Microsoft.VisualStudio.TestTools.TestTypes.Unit.UnitTestAdapter, Microsoft.VisualStudio.QualityTools.Tips.UnitTest.Adapter, Version=10.0.0.0, Culture=neutral, PublicKeyToken=b03f5f7f11d50a3a" className="TestProject7.TamAutotest, TestProject7, Version=1.0.0.0, Culture=neutral, PublicKeyToken=null" name="MotoTest15" />
      <Extension>Microsoft.VisualStudio.TestTools.UITesting.CodedUITestAttribute, Microsoft.VisualStudio.QualityTools.CodedUITestFramework, Version=10.0.0.0, Culture=neutral, PublicKeyToken=b03f5f7f11d50a3a</Extension>
    </UnitTest>
    <UnitTest name="MotoTest12" storage="testproject7.dll" id="614f56be-e9c0-f1e7-ad65-1f0b7d6a0f1c">
      <Execution id="74731a55-c8c0-458a-b360-b5e20417a3f2" />
      <TestMethod codeBase="C:/TestProject7/TestProject7/bin/Debug/TestProject7.dll" adapterTypeName="Microsoft.VisualStudio.TestTools.TestTypes.Unit.UnitTestAdapter, Microsoft.VisualStudio.QualityTools.Tips.UnitTest.Adapter, Version=10.0.0.0, Culture=neutral, PublicKeyToken=b03f5f7f11d50a3a" className="TestProject7.TamAutotest, TestProject7, Version=1.0.0.0, Culture=neutral, PublicKeyToken=null" name="MotoTest12" />
      <Extension>Microsoft.VisualStudio.TestTools.UITesting.CodedUITestAttribute, Microsoft.VisualStudio.QualityTools.CodedUITestFramework, Version=10.0.0.0, Culture=neutral, PublicKeyToken=b03f5f7f11d50a3a</Extension>
    </UnitTest>
    <UnitTest name="MotoTest19" storage="testproject7.dll" id="0faa065a-7d90-5129-349a-696c971dbf85">
      <Execution id="e00a13d3-17cb-4ec4-87f0-6de4b2306695" />
      <TestMethod codeBase="C:/TestProject7/TestProject7/bin/Debug/TestProject7.dll" adapterTypeName="Microsoft.VisualStudio.TestTools.TestTypes.Unit.UnitTestAdapter, Microsoft.VisualStudio.QualityTools.Tips.UnitTest.Adapter, Version=10.0.0.0, Culture=neutral, PublicKeyToken=b03f5f7f11d50a3a" className="TestProject7.TamAutotest, TestProject7, Version=1.0.0.0, Culture=neutral, PublicKeyToken=null" name="MotoTest19" />
      <Extension>Microsoft.VisualStudio.TestTools.UITesting.CodedUITestAttribute, Microsoft.VisualStudio.QualityTools.CodedUITestFramework, Version=10.0.0.0, Culture=neutral, PublicKeyToken=b03f5f7f11d50a3a</Extension>
    </UnitTest>
    <UnitTest name="MotoTest11" storage="testproject7.dll" id="0f4d10f2-7035-3d68-762a-b62c4853fb8a">
      <Execution id="97030a5a-fc97-4cbc-9a0e-2a69db46ffc7" />
      <TestMethod codeBase="C:/TestProject7/TestProject7/bin/Debug/TestProject7.dll" adapterTypeName="Microsoft.VisualStudio.TestTools.TestTypes.Unit.UnitTestAdapter, Microsoft.VisualStudio.QualityTools.Tips.UnitTest.Adapter, Version=10.0.0.0, Culture=neutral, PublicKeyToken=b03f5f7f11d50a3a" className="TestProject7.TamAutotest, TestProject7, Version=1.0.0.0, Culture=neutral, PublicKeyToken=null" name="MotoTest11" />
      <Extension>Microsoft.VisualStudio.TestTools.UITesting.CodedUITestAttribute, Microsoft.VisualStudio.QualityTools.CodedUITestFramework, Version=10.0.0.0, Culture=neutral, PublicKeyToken=b03f5f7f11d50a3a</Extension>
    </UnitTest>
    <UnitTest name="MotoTest10" storage="testproject7.dll" id="8efed318-945d-2a9d-e29d-a71a05da5660">
      <Execution id="6700c18b-5ce1-4a31-bfff-7d32e8bc7192" />
      <TestMethod codeBase="C:/TestProject7/TestProject7/bin/Debug/TestProject7.dll" adapterTypeName="Microsoft.VisualStudio.TestTools.TestTypes.Unit.UnitTestAdapter, Microsoft.VisualStudio.QualityTools.Tips.UnitTest.Adapter, Version=10.0.0.0, Culture=neutral, PublicKeyToken=b03f5f7f11d50a3a" className="TestProject7.TamAutotest, TestProject7, Version=1.0.0.0, Culture=neutral, PublicKeyToken=null" name="MotoTest10" />
      <Extension>Microsoft.VisualStudio.TestTools.UITesting.CodedUITestAttribute, Microsoft.VisualStudio.QualityTools.CodedUITestFramework, Version=10.0.0.0, Culture=neutral, PublicKeyToken=b03f5f7f11d50a3a</Extension>
    </UnitTest>
    <UnitTest name="MotoTest17" storage="testproject7.dll" id="0457170a-e33e-18a3-7909-18d70df8aa6e">
      <Execution id="acfbb84a-116b-4faf-af33-9c4eb3e86631" />
      <TestMethod codeBase="C:/TestProject7/TestProject7/bin/Debug/TestProject7.dll" adapterTypeName="Microsoft.VisualStudio.TestTools.TestTypes.Unit.UnitTestAdapter, Microsoft.VisualStudio.QualityTools.Tips.UnitTest.Adapter, Version=10.0.0.0, Culture=neutral, PublicKeyToken=b03f5f7f11d50a3a" className="TestProject7.TamAutotest, TestProject7, Version=1.0.0.0, Culture=neutral, PublicKeyToken=null" name="MotoTest17" />
      <Extension>Microsoft.VisualStudio.TestTools.UITesting.CodedUITestAttribute, Microsoft.VisualStudio.QualityTools.CodedUITestFramework, Version=10.0.0.0, Culture=neutral, PublicKeyToken=b03f5f7f11d50a3a</Extension>
    </UnitTest>
    <UnitTest name="MotoTest18" storage="testproject7.dll" id="95111846-656e-91d9-dc83-b04719c1fedd">
      <Execution id="9b9a8685-fde6-4da0-8681-e83d67f1bff5" />
      <TestMethod codeBase="C:/TestProject7/TestProject7/bin/Debug/TestProject7.dll" adapterTypeName="Microsoft.VisualStudio.TestTools.TestTypes.Unit.UnitTestAdapter, Microsoft.VisualStudio.QualityTools.Tips.UnitTest.Adapter, Version=10.0.0.0, Culture=neutral, PublicKeyToken=b03f5f7f11d50a3a" className="TestProject7.TamAutotest, TestProject7, Version=1.0.0.0, Culture=neutral, PublicKeyToken=null" name="MotoTest18" />
      <Extension>Microsoft.VisualStudio.TestTools.UITesting.CodedUITestAttribute, Microsoft.VisualStudio.QualityTools.CodedUITestFramework, Version=10.0.0.0, Culture=neutral, PublicKeyToken=b03f5f7f11d50a3a</Extension>
    </UnitTest>
    <UnitTest name="MotoTest1" storage="testproject7.dll" id="9e6b6d54-b79f-e7d9-2609-a84c350c12a1">
      <Execution id="43bff0ac-a525-4f16-87f2-0b90afd71bf5" />
      <TestMethod codeBase="C:/TestProject7/TestProject7/bin/Debug/TestProject7.dll" adapterTypeName="Microsoft.VisualStudio.TestTools.TestTypes.Unit.UnitTestAdapter, Microsoft.VisualStudio.QualityTools.Tips.UnitTest.Adapter, Version=10.0.0.0, Culture=neutral, PublicKeyToken=b03f5f7f11d50a3a" className="TestProject7.TamAutotest, TestProject7, Version=1.0.0.0, Culture=neutral, PublicKeyToken=null" name="MotoTest1" />
      <Extension>Microsoft.VisualStudio.TestTools.UITesting.CodedUITestAttribute, Microsoft.VisualStudio.QualityTools.CodedUITestFramework, Version=10.0.0.0, Culture=neutral, PublicKeyToken=b03f5f7f11d50a3a</Extension>
    </UnitTest>
    <UnitTest name="MotoTest14" storage="testproject7.dll" id="e560b224-e5b1-72de-4969-2e5cddf85208">
      <Execution id="e0424afb-7eb1-4dc2-80b1-76303bbdbc20" />
      <TestMethod codeBase="C:/TestProject7/TestProject7/bin/Debug/TestProject7.dll" adapterTypeName="Microsoft.VisualStudio.TestTools.TestTypes.Unit.UnitTestAdapter, Microsoft.VisualStudio.QualityTools.Tips.UnitTest.Adapter, Version=10.0.0.0, Culture=neutral, PublicKeyToken=b03f5f7f11d50a3a" className="TestProject7.TamAutotest, TestProject7, Version=1.0.0.0, Culture=neutral, PublicKeyToken=null" name="MotoTest14" />
      <Extension>Microsoft.VisualStudio.TestTools.UITesting.CodedUITestAttribute, Microsoft.VisualStudio.QualityTools.CodedUITestFramework, Version=10.0.0.0, Culture=neutral, PublicKeyToken=b03f5f7f11d50a3a</Extension>
    </UnitTest>
  </TestDefinitions>
  <TestLists>
    <TestList name="Results Not in a List" id="8c84fa94-04c1-424b-9868-57a2d4851a1d" />
    <TestList name="All Loaded Results" id="19431567-8539-422a-85d7-44ee4e166bda" />
  </TestLists>
  <TestEntries>
    <TestEntry testId="9e6b6d54-b79f-e7d9-2609-a84c350c12a1" executionId="43bff0ac-a525-4f16-87f2-0b90afd71bf5" testListId="8c84fa94-04c1-424b-9868-57a2d4851a1d" />
    <TestEntry testId="8efed318-945d-2a9d-e29d-a71a05da5660" executionId="6700c18b-5ce1-4a31-bfff-7d32e8bc7192" testListId="8c84fa94-04c1-424b-9868-57a2d4851a1d" />
    <TestEntry testId="0f4d10f2-7035-3d68-762a-b62c4853fb8a" executionId="97030a5a-fc97-4cbc-9a0e-2a69db46ffc7" testListId="8c84fa94-04c1-424b-9868-57a2d4851a1d" />
    <TestEntry testId="614f56be-e9c0-f1e7-ad65-1f0b7d6a0f1c" executionId="74731a55-c8c0-458a-b360-b5e20417a3f2" testListId="8c84fa94-04c1-424b-9868-57a2d4851a1d" />
    <TestEntry testId="1662bbff-6668-68e6-e702-5ec6450deb96" executionId="f87e3aeb-39a5-470f-92b8-e71cad0ebc2f" testListId="8c84fa94-04c1-424b-9868-57a2d4851a1d" />
    <TestEntry testId="e560b224-e5b1-72de-4969-2e5cddf85208" executionId="e0424afb-7eb1-4dc2-80b1-76303bbdbc20" testListId="8c84fa94-04c1-424b-9868-57a2d4851a1d" />
    <TestEntry testId="e7680189-6b97-1f0a-48c0-e6d1b1c96b8e" executionId="e8d74d03-df24-4796-a9e7-6a9d8015b3cc" testListId="8c84fa94-04c1-424b-9868-57a2d4851a1d" />
    <TestEntry testId="c540cf3f-a6f3-b5ba-c3cd-38a0f986a3da" executionId="5d7e3487-2104-47d8-8aad-29043070d035" testListId="8c84fa94-04c1-424b-9868-57a2d4851a1d" />
    <TestEntry testId="0457170a-e33e-18a3-7909-18d70df8aa6e" executionId="acfbb84a-116b-4faf-af33-9c4eb3e86631" testListId="8c84fa94-04c1-424b-9868-57a2d4851a1d" />
    <TestEntry testId="95111846-656e-91d9-dc83-b04719c1fedd" executionId="9b9a8685-fde6-4da0-8681-e83d67f1bff5" testListId="8c84fa94-04c1-424b-9868-57a2d4851a1d" />
    <TestEntry testId="0faa065a-7d90-5129-349a-696c971dbf85" executionId="e00a13d3-17cb-4ec4-87f0-6de4b2306695" testListId="8c84fa94-04c1-424b-9868-57a2d4851a1d" />
  </TestEntries>
  <Results>
    <UnitTestResult executionId="43bff0ac-a525-4f16-87f2-0b90afd71bf5" testId="9e6b6d54-b79f-e7d9-2609-a84c350c12a1" testName="MotoTest1" computerName="ICLVDEVAP01" duration="00:02:06.1597993" startTime="2012-11-16T10:47:36.0013961+00:00" endTime="2012-11-16T10:49:42.4716087+00:00" testType="13cdc9d9-ddb5-4fa4-a97d-d965ccfc6d4b" outcome="Failed" testListId="8c84fa94-04c1-424b-9868-57a2d4851a1d" relativeResultsDirectory="43bff0ac-a525-4f16-87f2-0b90afd71bf5">
      <Output>
        <DebugTrace>W, 3128, 13, 2012/11/16, 10:47:36.641, 1434069635455, QTAgent32.exe, ExtensionFramework : A Technology Manager with name Web is already registered.
W, 3128, 13, 2012/11/16, 10:47:37.826, 1434086568642, QTAgent32.exe, &lt;a class=success&gt;Playback - {1} [SUCCESS] MouseButtonClick - "[MSAA, VisibleOnly]ControlType='Edit'"
\0&lt;/a&gt;
W, 3128, 13, 2012/11/16, 10:47:38.091, 1434090362498, QTAgent32.exe, &lt;a class=success&gt;Playback - {2} [SUCCESS] SendKeys "[*]" - "[MSAA, VisibleOnly]ControlType='Edit'"
\0&lt;/a&gt;
W, 3128, 13, 2012/11/16, 10:47:39.059, 1434104212582, QTAgent32.exe, &lt;a class=success&gt;Playback - {3} [SUCCESS] MouseButtonClick - "[MSAA, VisibleOnly]ControlType='Button' &amp;&amp; Name='OK'"
\0&lt;/a&gt;
E, 3128, 13, 2012/11/16, 10:47:39.199, 1434106296899, QTAgent32.exe, LoadLibrary() : Unable to find the resource 37382 from assembly C:\Windows\system32\en-US\ieframe.dll.mui: Error1814
E, 3128, 13, 2012/11/16, 10:47:39.199, 1434106304172, QTAgent32.exe, LoadLibrary() : Unable to find the resource 41728 from assembly C:\Windows\system32\en-US\ieframe.dll.mui: Error1814
E, 3128, 13, 2012/11/16, 10:47:39.199, 1434106307803, QTAgent32.exe, LoadLibrary() : Unable to find the resource 8131 from assembly C:\Windows\system32\en-US\ieframe.dll.mui: Error1814
E, 3128, 13, 2012/11/16, 10:47:39.199, 1434106310626, QTAgent32.exe, LoadLibrary() : Unable to find the resource 8131 from assembly C:\Windows\system32\en-US\ieframe.dll.mui: Error1814
E, 3128, 13, 2012/11/16, 10:47:39.199, 1434106315431, QTAgent32.exe, LoadLibrary() : Unable to find the resource 8131 from assembly C:\Windows\system32\en-US\ieframe.dll.mui: Error1814
E, 3128, 13, 2012/11/16, 10:47:39.199, 1434106320709, QTAgent32.exe, LoadLibrary() : Unable to find the resource 803 from assembly C:\Windows\system32\en-US\user32.dll.mui: Error1814
W, 3128, 13, 2012/11/16, 10:47:39.308, 1434107785583, QTAgent32.exe, &lt;a class=success&gt;Playback - {4} [SUCCESS] SendKeys "^{HOME}" - "[MSAA, VisibleOnly]ControlType='Edit'"
\0&lt;/a&gt;
E, 3128, 13, 2012/11/16, 10:47:39.308, 1434107813203, QTAgent32.exe, Msaa.GetFocusedElement: could not find accessible object of foreground window
W, 3128, 13, 2012/11/16, 10:47:39.402, 1434109126935, QTAgent32.exe, &lt;a class=success&gt;Playback - {5} [SUCCESS] SendKeys "^+{END}" - "[MSAA, VisibleOnly]ControlType='Edit'"
\0&lt;/a&gt;
E, 3128, 13, 2012/11/16, 10:47:39.402, 1434109129932, QTAgent32.exe, Msaa.GetFocusedElement: could not find accessible object of foreground window
W, 3128, 13, 2012/11/16, 10:47:39.417, 1434109350998, QTAgent32.exe, &lt;a class=success&gt;Playback - {6} [SUCCESS] SendKeys "{DELETE}" - "[MSAA, VisibleOnly]ControlType='Edit'"
\0&lt;/a&gt;
W, 3128, 13, 2012/11/16, 10:47:39.761, 1434114266923, QTAgent32.exe, &lt;a class=success&gt;Playback - {7} [SUCCESS] SetValueAsEditBox "16/11/2012" - "[MSAA, VisibleOnly]ControlType='Edit'"  &lt; Set via SendKeys &gt;
\0&lt;/a&gt;
W, 3128, 13, 2012/11/16, 10:47:40.307, 1434122161597, QTAgent32.exe, Playback - [WARNING] Internal warning: Incorrect flag set for InvokeProgrammaticAction\0
W, 3128, 13, 2012/11/16, 10:47:40.712, 1434128094104, QTAgent32.exe, &lt;a class=success&gt;Playback - {8} [SUCCESS] SetValueAsComboBox "November" - "[MSAA, VisibleOnly]ControlType='ComboBox'"  &lt; SetValueAsComboBox, set by clicking on the item in the list box &gt;
\0&lt;/a&gt;
W, 3128, 13, 2012/11/16, 10:47:40.915, 1434130791374, QTAgent32.exe, &lt;a class=success&gt;Playback - {9} [SUCCESS] SendKeys "^{HOME}" - "[MSAA, VisibleOnly]ControlType='Edit'"
\0&lt;/a&gt;
E, 3128, 13, 2012/11/16, 10:47:40.915, 1434130793983, QTAgent32.exe, Msaa.GetFocusedElement: could not find accessible object of foreground window
W, 3128, 13, 2012/11/16, 10:47:40.993, 1434131907832, QTAgent32.exe, &lt;a class=success&gt;Playback - {10} [SUCCESS] SendKeys "^+{END}" - "[MSAA, VisibleOnly]ControlType='Edit'"
\0&lt;/a&gt;
E, 3128, 13, 2012/11/16, 10:47:40.993, 1434131910572, QTAgent32.exe, Msaa.GetFocusedElement: could not find accessible object of foreground window
W, 3128, 13, 2012/11/16, 10:47:41.009, 1434132132472, QTAgent32.exe, &lt;a class=success&gt;Playback - {11} [SUCCESS] SendKeys "{DELETE}" - "[MSAA, VisibleOnly]ControlType='Edit'"
\0&lt;/a&gt;
W, 3128, 13, 2012/11/16, 10:47:41.165, 1434134370196, QTAgent32.exe, &lt;a class=success&gt;Playback - {12} [SUCCESS] SetValueAsEditBox "2012" - "[MSAA, VisibleOnly]ControlType='Edit'"  &lt; Set via SendKeys &gt;
\0&lt;/a&gt;
W, 3128, 13, 2012/11/16, 10:47:42.148, 1434148538041, QTAgent32.exe, &lt;a class=success&gt;Playback - {13} [SUCCESS] MouseButtonClick - "[MSAA, VisibleOnly]ControlType='Button' &amp;&amp; Name='OK'"
\0&lt;/a&gt;
W, 3128, 13, 2012/11/16, 10:47:42.319, 1434150895620, QTAgent32.exe, &lt;a class=success&gt;Playback - {14} [SUCCESS] TypeString "#(R)"
\0&lt;/a&gt;
E, 3128, 13, 2012/11/16, 10:47:42.522, 1434153992897, QTAgent32.exe, Exception: System.ArgumentException
	Message: Value does not fall within the expected range.
	Stack Trace:    at Accessibility.IAccessible.get_accRole(Object varChild)
   at Microsoft.VisualStudio.TestTools.UITest.Extension.Msaa.AccWrapper.get_RoleInt()
	BaseExceptionMessage: Value does not fall within the expected range.

E, 3128, 13, 2012/11/16, 10:47:42.538, 1434154190344, QTAgent32.exe, Exception: System.ArgumentException
	Message: Value does not fall within the expected range.
	Stack Trace:    at Accessibility.IAccessible.get_accRole(Object varChild)
   at Microsoft.VisualStudio.TestTools.UITest.Extension.Msaa.AccWrapper.get_RoleInt()
	BaseExceptionMessage: Value does not fall within the expected range.

W, 3128, 13, 2012/11/16, 10:47:43.130, 1434162511391, QTAgent32.exe, &lt;a class=success&gt;Playback - {15} [SUCCESS] LeftButtonClick  &lt; Mouse cursor location (87, 852) &gt;
\0&lt;/a&gt;
W, 3128, 13, 2012/11/16, 10:47:44.254, 1434178593696, QTAgent32.exe, &lt;a class=success&gt;Playback - {16} [SUCCESS] SetValueAsEditBox "c:\TestProject7\office.reg"  &lt; Set via SendKeys &gt;
\0&lt;/a&gt;
W, 3128, 13, 2012/11/16, 10:47:44.254, 1434178595897, QTAgent32.exe, &lt;a class=success&gt;Playback - {17} [SUCCESS] SetValueAsComboBox "c:\TestProject7\office.reg" - "[MSAA, VisibleOnly]ControlType='ComboBox' &amp;&amp; Name='Open:'"  &lt; Set via SetValueAsEditBox &gt;
\0&lt;/a&gt;
W, 3128, 13, 2012/11/16, 10:47:44.706, 1434185203222, QTAgent32.exe, &lt;a class=success&gt;Playback - {18} [SUCCESS] MouseButtonClick - "[MSAA, VisibleOnly]ControlType='Button' &amp;&amp; Name='OK'"
\0&lt;/a&gt;
W, 3128, 13, 2012/11/16, 10:47:45.074, 1434190764705, QTAgent32.exe, &lt;a class=success&gt;Playback - {19} [SUCCESS] MouseButtonClick - "[MSAA, VisibleOnly]ControlType='Button' &amp;&amp; Name='Yes'"
\0&lt;/a&gt;
W, 3128, 13, 2012/11/16, 10:47:45.392, 1434195318113, QTAgent32.exe, &lt;a class=success&gt;Playback - {20} [SUCCESS] MouseButtonClick - "[MSAA, VisibleOnly]ControlType='Button' &amp;&amp; Name='OK'"
\0&lt;/a&gt;
W, 3128, 13, 2012/11/16, 10:47:45.656, 1434199089447, QTAgent32.exe, &lt;a class=success&gt;Playback - {21} [SUCCESS] MouseButtonClick - "[MSAA, VisibleOnly]ControlType='Button' &amp;&amp; Name='Clients &amp; Files'"
\0&lt;/a&gt;
W, 3128, 13, 2012/11/16, 10:47:46.510, 1434211314515, QTAgent32.exe, Playback - [WARNING] Internal warning: Window Not Found: [VisibleOnly]ControlType='Window' &amp;&amp; Name='Customer: txt1 tdsfs' &amp;&amp; ClassName='ThunderRT6MDIForm'
\0
E, 3128, 13, 2012/11/16, 10:47:46.511, 1434211317616, QTAgent32.exe, &lt;a class=failure&gt;Playback - {22} [FAILED] Function ElementFetcher::FindScreenElement failed to locate UI element (Searching: ;[VisibleOnly]ControlType='Window' &amp;&amp; Name='Customer: txt1 tdsfs' &amp;&amp; ClassName='ThunderRT6MDIForm') (The object specified was not found.)
\0&lt;/a&gt;
E, 3128, 13, 2012/11/16, 10:47:46.592, 1434212478962, QTAgent32.exe, Playback - [IMAGE] C:\Users\John Burrows-ad\AppData\Local\Temp\UITestLogs\LastRun\RPFFC47.png
\0
W, 3128, 13, 2012/11/16, 10:47:46.592, 1434212480987, QTAgent32.exe, Playback - [WARNING] Internal warning: Couldn't find descendants that match QueryId
\0
W, 3128, 13, 2012/11/16, 10:47:46.592, 1434212484477, QTAgent32.exe, PERF WARNING: FindTopLevelWindowHelper::FindAllDescendents: took 791 ms. Expected it to take maximum 500 ms.
W, 3128, 13, 2012/11/16, 10:48:04.600, 1434470326793, QTAgent32.exe, Playback - [WARNING] Internal warning: Window Not Found: [VisibleOnly]ControlType='Window' &amp;&amp; Name='Customer: txt1 tdsfs' &amp;&amp; ClassName='ThunderRT6MDIForm'
\0
E, 3128, 13, 2012/11/16, 10:48:04.600, 1434470329733, QTAgent32.exe, &lt;a class=failure&gt;Playback - {23} [FAILED] Function ElementFetcher::FindScreenElement failed to locate UI element (Searching: ;[VisibleOnly]ControlType='Window' &amp;&amp; Name='Customer: txt1 tdsfs' &amp;&amp; ClassName='ThunderRT6MDIForm') (The object specified was not found.)
\0&lt;/a&gt;
E, 3128, 13, 2012/11/16, 10:48:04.681, 1434471488843, QTAgent32.exe, Playback - [IMAGE] C:\Users\John Burrows-ad\AppData\Local\Temp\UITestLogs\LastRun\RPF42E8.png
\0
W, 3128, 13, 2012/11/16, 10:48:04.681, 1434471490955, QTAgent32.exe, Playback - [WARNING] Internal warning: Couldn't find descendants that match QueryId
\0
W, 3128, 13, 2012/11/16, 10:48:04.682, 1434471494148, QTAgent32.exe, PERF WARNING: FindTopLevelWindowHelper::FindAllDescendents: took 18088 ms. Expected it to take maximum 500 ms.
W, 3128, 13, 2012/11/16, 10:48:05.245, 1434479555766, QTAgent32.exe, Playback - [WARNING] Internal warning: Window with Class "ThunderRT6MDIForm" and Title "Customer: txt1 tdsfs" was not found, so similar window with Class "ThunderRT6MDIForm" and Title "Customer: autotest" was accepted
\0
W, 3128, 13, 2012/11/16, 10:48:05.245, 1434479560090, QTAgent32.exe, PERF WARNING: FindTopLevelWindowHelper::FindAllDescendents: took 563 ms. Expected it to take maximum 500 ms.
W, 3128, 13, 2012/11/16, 10:48:05.498, 1434483178762, QTAgent32.exe, Playback - [WARNING] Internal warning: Incorrect flag set for InvokeProgrammaticAction\0
W, 3128, 13, 2012/11/16, 10:48:05.626, 1434485019429, QTAgent32.exe, &lt;a class=success&gt;Playback - {24} [SUCCESS] SetValueAsComboBox "Customers" - "[MSAA, VisibleOnly]ControlType='ComboBox'"  &lt; SetValueAsComboBox, set by clicking on the item in the list box &gt;
\0&lt;/a&gt;
W, 3128, 13, 2012/11/16, 10:48:06.078, 1434491487878, QTAgent32.exe, &lt;a class=success&gt;Playback - {25} [SUCCESS] MouseButtonClick - "[MSAA, VisibleOnly]ControlType='Button' &amp;&amp; Name='Add'"
\0&lt;/a&gt;
W, 3128, 13, 2012/11/16, 10:48:06.389, 1434495925347, QTAgent32.exe, &lt;a class=success&gt;Playback - {26} [SUCCESS] SendKeys "autotest" - "[MSAA, VisibleOnly]ControlType='RadioButton' &amp;&amp; Name='Personal Lines'"
\0&lt;/a&gt;
W, 3128, 13, 2012/11/16, 10:48:06.795, 1434501735898, QTAgent32.exe, &lt;a class=success&gt;Playback - {27} [SUCCESS] SetValueAsEditBox "autotest" - "[MSAA, VisibleOnly]ControlType='Edit'"  &lt; Set via SendKeys &gt;
\0&lt;/a&gt;
W, 3128, 13, 2012/11/16, 10:48:07.196, 1434507479272, QTAgent32.exe, &lt;a class=success&gt;Playback - {28} [SUCCESS] MouseButtonClick - "[MSAA, VisibleOnly]ControlType='Button' &amp;&amp; Name='OK'"
\0&lt;/a&gt;
W, 3128, 13, 2012/11/16, 10:48:07.540, 1434512410103, QTAgent32.exe, &lt;a class=success&gt;Playback - {29} [SUCCESS] MouseButtonClick - "[MSAA, VisibleOnly]ControlType='Button' &amp;&amp; Name='Yes'"
\0&lt;/a&gt;
W, 3128, 13, 2012/11/16, 10:48:07.733, 1434515168919, QTAgent32.exe, &lt;a class=success&gt;Playback - {30} [SUCCESS] SendKeys "^{HOME}" - "[MSAA, VisibleOnly]ControlType='Edit'"
\0&lt;/a&gt;
E, 3128, 13, 2012/11/16, 10:48:07.733, 1434515171461, QTAgent32.exe, Msaa.GetFocusedElement: could not find accessible object of foreground window
W, 3128, 13, 2012/11/16, 10:48:07.786, 1434515927795, QTAgent32.exe, &lt;a class=success&gt;Playback - {31} [SUCCESS] SendKeys "^+{END}" - "[MSAA, VisibleOnly]ControlType='Edit'"
\0&lt;/a&gt;
E, 3128, 13, 2012/11/16, 10:48:07.786, 1434515929924, QTAgent32.exe, Msaa.GetFocusedElement: could not find accessible object of foreground window
W, 3128, 13, 2012/11/16, 10:48:07.804, 1434516186502, QTAgent32.exe, &lt;a class=success&gt;Playback - {32} [SUCCESS] SendKeys "{DELETE}" - "[MSAA, VisibleOnly]ControlType='Edit'"
\0&lt;/a&gt;
W, 3128, 13, 2012/11/16, 10:48:07.870, 1434517134667, QTAgent32.exe, &lt;a class=success&gt;Playback - {33} [SUCCESS] SetValueAsEditBox "1" - "[MSAA, VisibleOnly]ControlType='Edit'"  &lt; Set via SendKeys &gt;
\0&lt;/a&gt;
W, 3128, 13, 2012/11/16, 10:48:08.066, 1434519937116, QTAgent32.exe, &lt;a class=success&gt;Playback - {34} [SUCCESS] SendKeys "^{HOME}" - "[MSAA, VisibleOnly]ControlType='Edit'"
\0&lt;/a&gt;
E, 3128, 13, 2012/11/16, 10:48:08.066, 1434519939594, QTAgent32.exe, Msaa.GetFocusedElement: could not find accessible object of foreground window
W, 3128, 13, 2012/11/16, 10:48:08.121, 1434520724695, QTAgent32.exe, &lt;a class=success&gt;Playback - {35} [SUCCESS] SendKeys "^+{END}" - "[MSAA, VisibleOnly]ControlType='Edit'"
\0&lt;/a&gt;
E, 3128, 13, 2012/11/16, 10:48:08.121, 1434520726811, QTAgent32.exe, Msaa.GetFocusedElement: could not find accessible object of foreground window
W, 3128, 13, 2012/11/16, 10:48:08.134, 1434520915929, QTAgent32.exe, &lt;a class=success&gt;Playback - {36} [SUCCESS] SendKeys "{DELETE}" - "[MSAA, VisibleOnly]ControlType='Edit'"
\0&lt;/a&gt;
W, 3128, 13, 2012/11/16, 10:48:08.205, 1434521931509, QTAgent32.exe, &lt;a class=success&gt;Playback - {37} [SUCCESS] SetValueAsEditBox "1" - "[MSAA, VisibleOnly]ControlType='Edit'"  &lt; Set via SendKeys &gt;
\0&lt;/a&gt;
W, 3128, 13, 2012/11/16, 10:48:08.527, 1434526547804, QTAgent32.exe, &lt;a class=success&gt;Playback - {38} [SUCCESS] MouseButtonClick - "[MSAA, VisibleOnly]ControlType='Button' &amp;&amp; Name='OK'"
\0&lt;/a&gt;
W, 3128, 13, 2012/11/16, 10:48:08.886, 1434531681937, QTAgent32.exe, &lt;a class=success&gt;Playback - {39} [SUCCESS] MouseButtonClick - "[MSAA, VisibleOnly]ControlType='Button'"
\0&lt;/a&gt;
W, 3128, 13, 2012/11/16, 10:48:09.185, 1434535970827, QTAgent32.exe, &lt;a class=success&gt;Playback - {40} [SUCCESS] MouseButtonClick - "[MSAA, VisibleOnly]ControlType='Button' &amp;&amp; Name='Add'"
\0&lt;/a&gt;
W, 3128, 13, 2012/11/16, 10:48:09.500, 1434540471306, QTAgent32.exe, &lt;a class=success&gt;Playback - {41} [SUCCESS] MouseButtonClick - "[MSAA, VisibleOnly]ControlType='Button' &amp;&amp; Name='OK'"
\0&lt;/a&gt;
W, 3128, 13, 2012/11/16, 10:48:11.727, 1434572359111, QTAgent32.exe, &lt;a class=success&gt;Playback - {42} [SUCCESS] MouseButtonClick - "[MSAA, VisibleOnly,Window]ControlType='Window' &amp;&amp; ClassName='ThunderRT6TextBox'"
\0&lt;/a&gt;
W, 3128, 13, 2012/11/16, 10:48:12.022, 1434576587588, QTAgent32.exe, &lt;a class=success&gt;Playback - {43} [SUCCESS] SetValueAsEditBox "MOTO" - "[MSAA, VisibleOnly]ControlType='Edit'"  &lt; Set via SendKeys &gt;
\0&lt;/a&gt;
W, 3128, 13, 2012/11/16, 10:48:12.327, 1434580948107, QTAgent32.exe, &lt;a class=success&gt;Playback - {44} [SUCCESS] MouseButtonClick - "[MSAA, VisibleOnly]ControlType='Button' &amp;&amp; Name='OK'"
\0&lt;/a&gt;
W, 3128, 13, 2012/11/16, 10:48:12.564, 1434584354485, QTAgent32.exe, &lt;a class=success&gt;Playback - {45} [SUCCESS] MouseButtonClick - "[MSAA, VisibleOnly]ControlType='Button' &amp;&amp; Name='Options'"
\0&lt;/a&gt;
W, 3128, 13, 2012/11/16, 10:48:12.670, 1434585864356, QTAgent32.exe, FindScreenElementInSinglePass : Attempting to find control in one pass of search. Failures can occur.
W, 3128, 13, 2012/11/16, 10:48:12.847, 1434588396206, QTAgent32.exe, &lt;a class=success&gt;Playback - {46} [SUCCESS] MouseButtonClick - "[MSAA]ControlType='MenuItem' &amp;&amp; Name='Links'"
\0&lt;/a&gt;
W, 3128, 13, 2012/11/16, 10:48:12.947, 1434589833043, QTAgent32.exe, FindScreenElementInSinglePass : Attempting to find control in one pass of search. Failures can occur.
W, 3128, 13, 2012/11/16, 10:48:13.132, 1434592477605, QTAgent32.exe, &lt;a class=success&gt;Playback - {47} [SUCCESS] MouseButtonClick - "[MSAA]ControlType='MenuItem' &amp;&amp; Name='3rd Party Integration'"
\0&lt;/a&gt;
W, 3128, 13, 2012/11/16, 10:48:13.232, 1434593913836, QTAgent32.exe, FindScreenElementInSinglePass : Attempting to find control in one pass of search. Failures can occur.
W, 3128, 13, 2012/11/16, 10:48:13.404, 1434596383131, QTAgent32.exe, &lt;a class=success&gt;Playback - {48} [SUCCESS] MouseButtonClick - "[MSAA]ControlType='MenuItem' &amp;&amp; Name='Quote Select List'"
\0&lt;/a&gt;
W, 3128, 13, 2012/11/16, 10:48:14.995, 1434619151247, QTAgent32.exe, PERF WARNING: FindTopLevelWindowHelper::FindAllDescendents: took 1479 ms. Expected it to take maximum 500 ms.
W, 3128, 13, 2012/11/16, 10:48:16.627, 1434642516009, QTAgent32.exe, &lt;a class=success&gt;Playback - {49} [SUCCESS] MouseButtonClick - "[MSAA, VisibleOnly]ControlType='Button' &amp;&amp; Name='Ok'"
\0&lt;/a&gt;
W, 3128, 13, 2012/11/16, 10:48:17.873, 1434660355831, QTAgent32.exe, PERF WARNING: FindTopLevelWindowHelper::FindAllDescendents: took 1140 ms. Expected it to take maximum 500 ms.
W, 3128, 13, 2012/11/16, 10:48:18.082, 1434663352291, QTAgent32.exe, &lt;a class=success&gt;Playback - {50} [SUCCESS] MouseButtonClick - "[MSAA, VisibleOnly]ControlType='Button' &amp;&amp; Name='Ok'"
\0&lt;/a&gt;
W, 3128, 13, 2012/11/16, 10:48:18.392, 1434667785249, QTAgent32.exe, &lt;a class=success&gt;Playback - {51} [SUCCESS] SetValueAsEditBox "Test" - "[MSAA, VisibleOnly]ControlType='Edit'"  &lt; Set via SendKeys &gt;
\0&lt;/a&gt;
W, 3128, 13, 2012/11/16, 10:48:18.567, 1434670287942, QTAgent32.exe, &lt;a class=success&gt;Playback - {52} [SUCCESS] SendKeys "{Tab}" - "[MSAA, VisibleOnly]ControlType='Edit'"
\0&lt;/a&gt;
W, 3128, 13, 2012/11/16, 10:48:18.901, 1434675072633, QTAgent32.exe, &lt;a class=success&gt;Playback - {53} [SUCCESS] SetValueAsEditBox "test" - "[MSAA, VisibleOnly]ControlType='Edit'"  &lt; Set via SendKeys &gt;
\0&lt;/a&gt;
W, 3128, 13, 2012/11/16, 10:48:19.250, 1434680070640, QTAgent32.exe, &lt;a class=success&gt;Playback - {54} [SUCCESS] SetValueAsEditBox "160485" - "[MSAA, VisibleOnly]ControlType='Edit'"  &lt; Set via SendKeys &gt;
\0&lt;/a&gt;
W, 3128, 13, 2012/11/16, 10:48:19.594, 1434684998204, QTAgent32.exe, &lt;a class=success&gt;Playback - {55} [SUCCESS] SetValueAsEditBox "B338TH" - "[MSAA, VisibleOnly]ControlType='Edit'"  &lt; Set via SendKeys &gt;
\0&lt;/a&gt;
W, 3128, 13, 2012/11/16, 10:48:21.889, 1434717854392, QTAgent32.exe, &lt;a class=success&gt;Playback - {56} [SUCCESS] MouseButtonClick - "[MSAA, VisibleOnly]ControlType='Button' &amp;&amp; Name='Lookup...'"
\0&lt;/a&gt;
W, 3128, 13, 2012/11/16, 10:48:22.126, 1434721253193, QTAgent32.exe, &lt;a class=success&gt;Playback - {57} [SUCCESS] MouseButtonClick - "[MSAA, VisibleOnly]ControlType='Button' &amp;&amp; Name='Ok'"
\0&lt;/a&gt;
W, 3128, 13, 2012/11/16, 10:48:23.672, 1434743382671, QTAgent32.exe, &lt;a class=success&gt;Playback - {58} [SUCCESS] MouseButtonClick - "[MSAA, VisibleOnly]ControlType='Button' &amp;&amp; Name='OK'"
\0&lt;/a&gt;
W, 3128, 13, 2012/11/16, 10:48:24.123, 1434749846930, QTAgent32.exe, Playback - [WARNING] Internal warning: Incorrect flag set for InvokeProgrammaticAction\0
W, 3128, 13, 2012/11/16, 10:48:24.247, 1434751617871, QTAgent32.exe, &lt;a class=success&gt;Playback - {59} [SUCCESS] SetValueAsComboBox "Account Executive" - "[MSAA, VisibleOnly]ControlType='ComboBox'"  &lt; SetValueAsComboBox, set by clicking on the item in the list box &gt;
\0&lt;/a&gt;
W, 3128, 13, 2012/11/16, 10:48:24.796, 1434759487840, QTAgent32.exe, Playback - [WARNING] Internal warning: Incorrect flag set for InvokeProgrammaticAction\0
W, 3128, 13, 2012/11/16, 10:48:24.915, 1434761181568, QTAgent32.exe, &lt;a class=success&gt;Playback - {60} [SUCCESS] SetValueAsComboBox "Acupuncture" - "[MSAA, VisibleOnly]ControlType='ComboBox'"  &lt; SetValueAsComboBox, set by clicking on the item in the list box &gt;
\0&lt;/a&gt;
W, 3128, 13, 2012/11/16, 10:48:25.347, 1434767374194, QTAgent32.exe, &lt;a class=success&gt;Playback - {61} [SUCCESS] SetValueAsEditBox "151101" - "[MSAA, VisibleOnly]ControlType='Edit'"  &lt; Set via SendKeys &gt;
\0&lt;/a&gt;
W, 3128, 13, 2012/11/16, 10:48:27.064, 1434791939868, QTAgent32.exe, &lt;a class=success&gt;Playback - {62} [SUCCESS] MouseButtonClick - "[MSAA, VisibleOnly]ControlType='Button' &amp;&amp; Name='OK'"
\0&lt;/a&gt;
W, 3128, 13, 2012/11/16, 10:48:27.518, 1434798446349, QTAgent32.exe, &lt;a class=success&gt;Playback - {63} [SUCCESS] SetValueAsEditBox "RF53OXL" - "[MSAA, VisibleOnly]ControlType='Edit'"  &lt; Set via SendKeys &gt;
\0&lt;/a&gt;
W, 3128, 13, 2012/11/16, 10:48:28.504, 1434812558556, QTAgent32.exe, &lt;a class=success&gt;Playback - {64} [SUCCESS] MouseButtonClick - "[MSAA, VisibleOnly]ControlType='Button' &amp;&amp; Name='Filter'"
\0&lt;/a&gt;
W, 3128, 13, 2012/11/16, 10:48:28.781, 1434816529768, QTAgent32.exe, &lt;a class=success&gt;Playback - {65} [SUCCESS] MouseButtonClick - "[MSAA, VisibleOnly]ControlType='Button' &amp;&amp; Name='OK'"
\0&lt;/a&gt;
W, 3128, 13, 2012/11/16, 10:48:29.039, 1434820220874, QTAgent32.exe, &lt;a class=success&gt;Playback - {66} [SUCCESS] SendKeys "^{HOME}" - "[MSAA, VisibleOnly]ControlType='Edit'"
\0&lt;/a&gt;
E, 3128, 13, 2012/11/16, 10:48:29.039, 1434820223504, QTAgent32.exe, Msaa.GetFocusedElement: could not find accessible object of foreground window
W, 3128, 13, 2012/11/16, 10:48:29.104, 1434821152183, QTAgent32.exe, &lt;a class=success&gt;Playback - {67} [SUCCESS] SendKeys "^+{END}" - "[MSAA, VisibleOnly]ControlType='Edit'"
\0&lt;/a&gt;
E, 3128, 13, 2012/11/16, 10:48:29.104, 1434821154719, QTAgent32.exe, Msaa.GetFocusedElement: could not find accessible object of foreground window
W, 3128, 13, 2012/11/16, 10:48:29.117, 1434821338327, QTAgent32.exe, &lt;a class=success&gt;Playback - {68} [SUCCESS] SendKeys "{DELETE}" - "[MSAA, VisibleOnly]ControlType='Edit'"
\0&lt;/a&gt;
W, 3128, 13, 2012/11/16, 10:48:29.302, 1434823991780, QTAgent32.exe, &lt;a class=success&gt;Playback - {69} [SUCCESS] SetValueAsEditBox "1000" - "[MSAA, VisibleOnly]ControlType='Edit'"  &lt; Set via SendKeys &gt;
\0&lt;/a&gt;
W, 3128, 13, 2012/11/16, 10:48:29.630, 1434828692731, QTAgent32.exe, &lt;a class=success&gt;Playback - {70} [SUCCESS] MouseButtonClick - "[MSAA, VisibleOnly]ControlType='Button' &amp;&amp; Name='Calculate Quote'"
\0&lt;/a&gt;
W, 3128, 13, 2012/11/16, 10:48:29.873, 1434832161610, QTAgent32.exe, &lt;a class=success&gt;Playback - {71} [SUCCESS] MouseButtonClick - "[MSAA, VisibleOnly]ControlType='Button' &amp;&amp; Name='Cancel'"
\0&lt;/a&gt;
W, 3128, 13, 2012/11/16, 10:48:30.158, 1434836250862, QTAgent32.exe, &lt;a class=success&gt;Playback - {72} [SUCCESS] MouseButtonClick - "[MSAA, VisibleOnly]ControlType='Button' &amp;&amp; Name='No'"
\0&lt;/a&gt;
W, 3128, 13, 2012/11/16, 10:48:41.214, 1434994539483, QTAgent32.exe, PERF WARNING: FindTopLevelWindowHelper::FindAllDescendents: took 10954 ms. Expected it to take maximum 500 ms.
W, 3128, 13, 2012/11/16, 10:48:41.346, 1434996431723, QTAgent32.exe, &lt;a class=success&gt;Playback - {73} [SUCCESS] MouseButtonClick - "[MSAA, VisibleOnly]ControlType='Client'"
\0&lt;/a&gt;
W, 3128, 13, 2012/11/16, 10:48:42.989, 1435019956214, QTAgent32.exe, &lt;a class=success&gt;Playback - {74} [SUCCESS] SendKeys "{Home}" - "[MSAA, VisibleOnly]ControlType='Client'"
\0&lt;/a&gt;
W, 3128, 13, 2012/11/16, 10:48:46.238, 1435066484067, QTAgent32.exe, &lt;a class=success&gt;Playback - {75} [SUCCESS] MouseButtonClick - "[MSAA, VisibleOnly]ControlType='Button' &amp;&amp; Name='Accept'"
\0&lt;/a&gt;
W, 3128, 13, 2012/11/16, 10:48:47.845, 1435089480872, QTAgent32.exe, Playback - [WARNING] Internal warning: Target element "[MSAA, VisibleOnly]ControlType='Text' &amp;&amp; Name='Accept this quote (Not Overridden) -  £3007.16, RA002050?  This is a TEST Account, NO EDI message will be sent'" was not found, so all intermediate elements were ignored. An incorrect element that matches target element Id can be found as the result.  Verify that all intermediate elements in QueryId have valid and unique Ids
\0
W, 3128, 13, 2012/11/16, 10:48:50.356, 1435125433909, QTAgent32.exe, Playback - [WARNING] Internal warning:Search failure: &lt;[MSAA, VisibleOnly]ControlType='Window' &amp;&amp; ControlId='65535'&gt; | Performed (4) search retries, UI element not found
\0
E, 3128, 13, 2012/11/16, 10:48:50.356, 1435125436715, QTAgent32.exe, &lt;a class=failure&gt;Playback - {76} [FAILED] Function ElementFetcher::FindScreenElement failed to locate UI element (Searching: ;[MSAA, VisibleOnly]ControlType='Window' &amp;&amp; ControlId='65535';[MSAA, VisibleOnly]ControlType='Text' &amp;&amp; Name='Accept this quote (Not Overridden) -  £3007.16, RA002050?  This is a TEST Account, NO EDI message will be sent') (The object specified was not found.)
\0&lt;/a&gt;
E, 3128, 13, 2012/11/16, 10:48:50.439, 1435126617825, QTAgent32.exe, Playback - [IMAGE] C:\Users\John Burrows-ad\AppData\Local\Temp\UITestLogs\LastRun\RPFF5A4.png
\0
W, 3128, 13, 2012/11/16, 10:48:50.439, 1435126619917, QTAgent32.exe, Playback - [WARNING] Internal warning: Couldn't find descendants that match QueryId
\0
W, 3128, 13, 2012/11/16, 10:48:50.439, 1435126622766, QTAgent32.exe, PERF WARNING: FindAllDescendents: took 4096 ms. Expected it to take maximum 500 ms.
W, 3128, 13, 2012/11/16, 10:48:52.071, 1435149987691, QTAgent32.exe, Playback - [WARNING] Internal warning: Element "[MSAA, VisibleOnly]ControlType='Window' &amp;&amp; ControlId='32770'" was not found, so all intermediate elements were ignored. To improve performance replace this element Id with another Id or exclude it from QueryId. If this element is the target element, replace or remove intermediate elements
\0
W, 3128, 13, 2012/11/16, 10:48:52.599, 1435157551128, QTAgent32.exe, PERF WARNING: FindAllDescendents: took 2030 ms. Expected it to take maximum 500 ms.
W, 3128, 13, 2012/11/16, 10:48:53.327, 1435167976883, QTAgent32.exe, &lt;a class=success&gt;Playback - {77} [SUCCESS] MouseButtonClick - "[MSAA, VisibleOnly]ControlType='Button' &amp;&amp; Name='Cancel'"
\0&lt;/a&gt;
W, 3128, 13, 2012/11/16, 10:48:54.938, 1435191040151, QTAgent32.exe, Playback - [WARNING] Internal warning: Element "[MSAA, VisibleOnly]ControlType='Window' &amp;&amp; ControlId='32769'" was not found, so all intermediate elements were ignored. To improve performance replace this element Id with another Id or exclude it from QueryId. If this element is the target element, replace or remove intermediate elements
\0
W, 3128, 13, 2012/11/16, 10:48:55.461, 1435198530471, QTAgent32.exe, PERF WARNING: FindAllDescendents: took 2024 ms. Expected it to take maximum 500 ms.
W, 3128, 13, 2012/11/16, 10:48:55.586, 1435200324026, QTAgent32.exe, &lt;a class=success&gt;Playback - {78} [SUCCESS] MouseButtonClick - "[MSAA, VisibleOnly]ControlType='Button' &amp;&amp; Name='Cancel'"
\0&lt;/a&gt;
W, 3128, 13, 2012/11/16, 10:49:09.427, 1435398485134, QTAgent32.exe, Playback - [WARNING] Internal warning: Window Not Found: [VisibleOnly]ControlType='Window' &amp;&amp; Name='Customer: txt1 tdsfs' &amp;&amp; ClassName='ThunderRT6MDIForm'
\0
E, 3128, 13, 2012/11/16, 10:49:09.427, 1435398488035, QTAgent32.exe, &lt;a class=failure&gt;Playback - {79} [FAILED] Function ElementFetcher::FindScreenElement failed to locate UI element (Searching: ;[VisibleOnly]ControlType='Window' &amp;&amp; Name='Customer: txt1 tdsfs' &amp;&amp; ClassName='ThunderRT6MDIForm') (The object specified was not found.)
\0&lt;/a&gt;
E, 3128, 13, 2012/11/16, 10:49:09.505, 1435399603225, QTAgent32.exe, Playback - [IMAGE] C:\Users\John Burrows-ad\AppData\Local\Temp\UITestLogs\LastRun\RPF402C.png
\0
W, 3128, 13, 2012/11/16, 10:49:09.505, 1435399605372, QTAgent32.exe, Playback - [WARNING] Internal warning: Couldn't find descendants that match QueryId
\0
W, 3128, 13, 2012/11/16, 10:49:09.506, 1435399609339, QTAgent32.exe, PERF WARNING: FindTopLevelWindowHelper::FindAllDescendents: took 13818 ms. Expected it to take maximum 500 ms.
W, 3128, 13, 2012/11/16, 10:49:12.827, 1435447169689, QTAgent32.exe, Playback - [WARNING] Internal warning: Window Not Found: [VisibleOnly]ControlType='Window' &amp;&amp; Name='Customer: txt1 tdsfs' &amp;&amp; ClassName='ThunderRT6MDIForm'
\0
E, 3128, 13, 2012/11/16, 10:49:12.827, 1435447172608, QTAgent32.exe, &lt;a class=failure&gt;Playback - {80} [FAILED] Function ElementFetcher::FindScreenElement failed to locate UI element (Searching: ;[VisibleOnly]ControlType='Window' &amp;&amp; Name='Customer: txt1 tdsfs' &amp;&amp; ClassName='ThunderRT6MDIForm') (The object specified was not found.)
\0&lt;/a&gt;
E, 3128, 13, 2012/11/16, 10:49:12.908, 1435448332027, QTAgent32.exe, Playback - [IMAGE] C:\Users\John Burrows-ad\AppData\Local\Temp\UITestLogs\LastRun\RPF4D66.png
\0
W, 3128, 13, 2012/11/16, 10:49:12.908, 1435448334140, QTAgent32.exe, Playback - [WARNING] Internal warning: Couldn't find descendants that match QueryId
\0
W, 3128, 13, 2012/11/16, 10:49:12.909, 1435448337212, QTAgent32.exe, PERF WARNING: FindTopLevelWindowHelper::FindAllDescendents: took 3402 ms. Expected it to take maximum 500 ms.
W, 3128, 13, 2012/11/16, 10:49:16.227, 1435495854248, QTAgent32.exe, Playback - [WARNING] Internal warning: Window Not Found: [VisibleOnly]ControlType='Window' &amp;&amp; Name='Customer: txt1 tdsfs' &amp;&amp; ClassName='ThunderRT6MDIForm'
\0
E, 3128, 13, 2012/11/16, 10:49:16.227, 1435495857147, QTAgent32.exe, &lt;a class=failure&gt;Playback - {81} [FAILED] Function ElementFetcher::FindScreenElement failed to locate UI element (Searching: ;[VisibleOnly]ControlType='Window' &amp;&amp; Name='Customer: txt1 tdsfs' &amp;&amp; ClassName='ThunderRT6MDIForm') (The object specified was not found.)
\0&lt;/a&gt;
E, 3128, 13, 2012/11/16, 10:49:16.307, 1435497004615, QTAgent32.exe, Playback - [IMAGE] C:\Users\John Burrows-ad\AppData\Local\Temp\UITestLogs\LastRun\RPF5AB0.png
\0
W, 3128, 13, 2012/11/16, 10:49:16.308, 1435497007033, QTAgent32.exe, Playback - [WARNING] Internal warning: Couldn't find descendants that match QueryId
\0
W, 3128, 13, 2012/11/16, 10:49:16.308, 1435497010841, QTAgent32.exe, PERF WARNING: FindTopLevelWindowHelper::FindAllDescendents: took 3399 ms. Expected it to take maximum 500 ms.
E, 3128, 13, 2012/11/16, 10:49:16.308, 1435497012674, QTAgent32.exe, Exception: System.Runtime.InteropServices.COMException
	Message: Error HRESULT E_FAIL has been returned from a call to a COM component.
	Stack Trace:    at Microsoft.VisualStudio.TestTools.UITest.Playback.Engine.IRPFPlayback.FindAllScreenElements(IScreenElement pScreenElementStart, String bstrQueryId, Object&amp; pvarResKeys, Int32 cResKeys, Int32 nMaxDepth, Object[]&amp; foundDescendants)
   at Microsoft.VisualStudio.TestTools.UITest.Playback.ScreenElement.FindTopLevelWindowHelper(String queryId)
	BaseExceptionMessage: Error HRESULT E_FAIL has been returned from a call to a COM component.

E, 3128, 13, 2012/11/16, 10:49:16.308, 1435497018039, QTAgent32.exe, Window 329428 not responding. Last Win32 error 0
E, 3128, 13, 2012/11/16, 10:49:16.309, 1435497025656, QTAgent32.exe, GetClassName for handle 329428 failed
E, 3128, 13, 2012/11/16, 10:49:16.310, 1435497035272, QTAgent32.exe, Window 329428 not responding. Last Win32 error 1400
E, 3128, 13, 2012/11/16, 10:49:16.311, 1435497057803, QTAgent32.exe, Window 329428 not responding. Last Win32 error 1400
E, 3128, 13, 2012/11/16, 10:49:16.311, 1435497059021, QTAgent32.exe, GetClassName for handle 329428 failed
E, 3128, 13, 2012/11/16, 10:49:16.311, 1435497059840, QTAgent32.exe, GetClassName for handle 329428 failed
W, 3128, 13, 2012/11/16, 10:49:30.029, 1435693456539, QTAgent32.exe, Playback - [WARNING] Internal warning: Window Not Found: [VisibleOnly]ControlType='Window' &amp;&amp; Name='Customer: autotest autotest' &amp;&amp; ClassName='ThunderRT6MDIForm'
\0
E, 3128, 13, 2012/11/16, 10:49:30.029, 1435693459368, QTAgent32.exe, &lt;a class=failure&gt;Playback - {82} [FAILED] Function ElementFetcher::FindScreenElement failed to locate UI element (Searching: ;[VisibleOnly]ControlType='Window' &amp;&amp; Name='Customer: autotest autotest' &amp;&amp; ClassName='ThunderRT6MDIForm') (The object specified was not found.)
\0&lt;/a&gt;
E, 3128, 13, 2012/11/16, 10:49:30.109, 1435694607117, QTAgent32.exe, Playback - [IMAGE] C:\Users\John Burrows-ad\AppData\Local\Temp\UITestLogs\LastRun\RPF909F.png
\0
W, 3128, 13, 2012/11/16, 10:49:30.110, 1435694609506, QTAgent32.exe, Playback - [WARNING] Internal warning: Couldn't find descendants that match QueryId
\0
W, 3128, 13, 2012/11/16, 10:49:30.110, 1435694612626, QTAgent32.exe, PERF WARNING: FindTopLevelWindowHelper::FindAllDescendents: took 13797 ms. Expected it to take maximum 500 ms.
W, 3128, 13, 2012/11/16, 10:49:33.429, 1435742144934, QTAgent32.exe, Playback - [WARNING] Internal warning: Window Not Found: [VisibleOnly]ControlType='Window' &amp;&amp; Name='Customer: autotest autotest' &amp;&amp; ClassName='ThunderRT6MDIForm'
\0
E, 3128, 13, 2012/11/16, 10:49:33.430, 1435742148940, QTAgent32.exe, &lt;a class=failure&gt;Playback - {83} [FAILED] Function ElementFetcher::FindScreenElement failed to locate UI element (Searching: ;[VisibleOnly]ControlType='Window' &amp;&amp; Name='Customer: autotest autotest' &amp;&amp; ClassName='ThunderRT6MDIForm') (The object specified was not found.)
\0&lt;/a&gt;
E, 3128, 13, 2012/11/16, 10:49:33.513, 1435743337610, QTAgent32.exe, Playback - [IMAGE] C:\Users\John Burrows-ad\AppData\Local\Temp\UITestLogs\LastRun\RPF9DE9.png
\0
W, 3128, 13, 2012/11/16, 10:49:33.513, 1435743339695, QTAgent32.exe, Playback - [WARNING] Internal warning: Couldn't find descendants that match QueryId
\0
W, 3128, 13, 2012/11/16, 10:49:33.513, 1435743342724, QTAgent32.exe, PERF WARNING: FindTopLevelWindowHelper::FindAllDescendents: took 3403 ms. Expected it to take maximum 500 ms.
W, 3128, 13, 2012/11/16, 10:49:37.998, 1435807550345, QTAgent32.exe, Playback - [WARNING] Internal warning: Window Not Found: [VisibleOnly]ControlType='Window' &amp;&amp; Name='Customer: autotest autotest' &amp;&amp; ClassName='ThunderRT6MDIForm'
\0
E, 3128, 13, 2012/11/16, 10:49:37.998, 1435807553269, QTAgent32.exe, &lt;a class=failure&gt;Playback - {84} [FAILED] Function ElementFetcher::FindScreenElement failed to locate UI element (Searching: ;[VisibleOnly]ControlType='Window' &amp;&amp; Name='Customer: autotest autotest' &amp;&amp; ClassName='ThunderRT6MDIForm') (The object specified was not found.)
\0&lt;/a&gt;
E, 3128, 13, 2012/11/16, 10:49:38.079, 1435808709371, QTAgent32.exe, Playback - [IMAGE] C:\Users\John Burrows-ad\AppData\Local\Temp\UITestLogs\LastRun\RPFAFC5.png
\0
W, 3128, 13, 2012/11/16, 10:49:38.079, 1435808711512, QTAgent32.exe, Playback - [WARNING] Internal warning: Couldn't find descendants that match QueryId
\0
W, 3128, 13, 2012/11/16, 10:49:38.079, 1435808714472, QTAgent32.exe, PERF WARNING: FindTopLevelWindowHelper::FindAllDescendents: took 4565 ms. Expected it to take maximum 500 ms.
E, 3128, 13, 2012/11/16, 10:49:38.080, 1435808716432, QTAgent32.exe, Exception: System.Runtime.InteropServices.COMException
	Message: Error HRESULT E_FAIL has been returned from a call to a COM component.
	Stack Trace:    at Microsoft.VisualStudio.TestTools.UITest.Playback.Engine.IRPFPlayback.FindAllScreenElements(IScreenElement pScreenElementStart, String bstrQueryId, Object&amp; pvarResKeys, Int32 cResKeys, Int32 nMaxDepth, Object[]&amp; foundDescendants)
   at Microsoft.VisualStudio.TestTools.UITest.Playback.ScreenElement.FindTopLevelWindowHelper(String queryId)
	BaseExceptionMessage: Error HRESULT E_FAIL has been returned from a call to a COM component.

E, 3128, 13, 2012/11/16, 10:49:38.080, 1435808721941, QTAgent32.exe, Window 329428 not responding. Last Win32 error 0
E, 3128, 13, 2012/11/16, 10:49:38.080, 1435808725795, QTAgent32.exe, Window 329428 not responding. Last Win32 error 1400
E, 3128, 13, 2012/11/16, 10:49:38.081, 1435808730538, QTAgent32.exe, Window 329428 not responding. Last Win32 error 1400
E, 3128, 13, 2012/11/16, 10:49:38.081, 1435808731773, QTAgent32.exe, GetClassName for handle 329428 failed
E, 3128, 13, 2012/11/16, 10:49:38.081, 1435808732580, QTAgent32.exe, GetClassName for handle 329428 failed
E, 3128, 13, 2012/11/16, 10:49:38.183, 1435810195866, QTAgent32.exe, AL: Playback Error: Microsoft.VisualStudio.TestTools.UITest.Extension.UITestControlNotFoundException: Unable to find the top level element of the control ---&gt; Microsoft.VisualStudio.TestTools.UITest.Extension.UITestControlNotFoundException: The playback failed to find the control with the given search properties. Additional Details: 
TechnologyName:  'MSAA'
ControlType:  'Window'
 ---&gt; System.Runtime.InteropServices.COMException: Error HRESULT E_FAIL has been returned from a call to a COM component.
   at Microsoft.VisualStudio.TestTools.UITest.Playback.Engine.IRPFPlayback.FindAllScreenElements(IScreenElement pScreenElementStart, String bstrQueryId, Object&amp; pvarResKeys, Int32 cResKeys, Int32 nMaxDepth, Object[]&amp; foundDescendants)
   at Microsoft.VisualStudio.TestTools.UITest.Playback.ScreenElement.FindTopLevelWindowHelper(String queryId)
   at Microsoft.VisualStudio.TestTools.UITest.Playback.ScreenElement.FindFromPartialQueryId(String queryId)
   at Microsoft.VisualStudio.TestTools.UITesting.UITestControl..ctor(String queryId)
   --- End of inner exception stack trace ---
   at Microsoft.VisualStudio.TestTools.UITesting.Playback.MapControlNotFoundException(COMException ex, IPlaybackContext context)
   at Microsoft.VisualStudio.TestTools.UITesting.Playback.MapAndThrowComException(COMException innerException, IPlaybackContext context)
   at Microsoft.VisualStudio.TestTools.UITesting.Playback.MapAndThrowException(SystemException exception, IPlaybackContext context)
   at Microsoft.VisualStudio.TestTools.UITesting.Playback.MapAndThrowException(SystemException exception, String queryId)
   at Microsoft.VisualStudio.TestTools.UITesting.UITestControl..ctor(String queryId)
   at Microsoft.VisualStudio.TestTools.UITesting.SearchHelper.SearchTopLevelWindow(ISearchArgument topLevelSearchArg, String topLevelElementQueryId)
   at Microsoft.VisualStudio.TestTools.UITesting.SearchHelper.SearchUsingMultipleTitles(ISearchArgument topLevelSearchArg, QueryId topLevelQueryId, IList`1 windowTitles)
   --- End of inner exception stack trace ---
   at Microsoft.VisualStudio.TestTools.UITesting.SearchHelper.SearchUsingMultipleTitles(ISearchArgument topLevelSearchArg, QueryId topLevelQueryId, IList`1 windowTitles)
   at Microsoft.VisualStudio.TestTools.UITesting.SearchHelper.GetTitleUpdatedTopLevelWindow(ISearchArgument topLevelSearchArg, String queryId, IList`1 windowTitles)
   at Microsoft.VisualStudio.TestTools.UITesting.SearchHelper.GetTopLevelElement(Boolean useCache, Boolean useCacheOnly, ISearchArgument searchArg, IList`1 windowTitles, Int32&amp; timeLeft)
   at Microsoft.VisualStudio.TestTools.UITesting.SearchHelper.GetElement(Boolean useCache, ISearchArgument searchArg)
   at Microsoft.VisualStudio.TestTools.UITesting.SearchHelper.Search(ISearchArgument searchArg)
   at Microsoft.VisualStudio.TestTools.UITesting.UITestControl.FindInternal()
   at Microsoft.VisualStudio.TestTools.UITesting.UITestControl.FindControlIfNecessary()
   at Microsoft.VisualStudio.TestTools.UITesting.UITestControl.Click(MouseButtons button, ModifierKeys modifierKeys, Point relativeCoordinates)
   at Microsoft.VisualStudio.TestTools.UITesting.Mouse.ClickImplementation(UITestControl control, MouseButtons button, ModifierKeys modifierKeys, Point relativeCoordinate)
   at Microsoft.VisualStudio.TestTools.UITesting.Mouse.ClickImplementationWrapper(UITestControl control, MouseButtons button, ModifierKeys modifierKeys, Point relativeCoordinate)
W, 3128, 13, 2012/11/16, 10:49:38.183, 1435810197982, QTAgent32.exe, PlaybackErrorHandler: Ignoring exception as ContinueOnError is set.
W, 3128, 13, 2012/11/16, 10:49:38.332, 1435812335788, QTAgent32.exe, &lt;a class=success&gt;Playback - {85} [SUCCESS] MouseButtonClick - "[MSAA, VisibleOnly]ControlType='Button' &amp;&amp; Name='Close'"
\0&lt;/a&gt;
W, 3128, 13, 2012/11/16, 10:49:42.459, 1435871425865, QTAgent32.exe, IEDOM : StopSession of the plugin called before StartSession
W, 3128, 13, 2012/11/16, 10:49:42.459, 1435871426976, QTAgent32.exe, UIA : StopSession of the plugin called before StartSession
W, 3128, 13, 2012/11/16, 10:49:42.459, 1435871432560, QTAgent32.exe, SLPlugin : StopSession of the plugin called before StartSession
</DebugTrace>
        <ErrorInfo>
          <Message>Test method TestProject7.TamAutotest.MotoTest1 threw exception: 
Microsoft.VisualStudio.TestTools.UITest.Extension.UITestControlNotFoundException: The playback failed to find the control with the given search properties. Additional Details: 
TechnologyName:  'MSAA'
ControlType:  'Text'
Name:  'Accept this quote (Not Overridden) -  £3007.16, RA002050?  This is a TEST Account, NO EDI message will be sent'
 ---&gt; System.Runtime.InteropServices.COMException: Error HRESULT E_FAIL has been returned from a call to a COM component.</Message>
          <StackTrace>    at Microsoft.VisualStudio.TestTools.UITest.Playback.Engine.IScreenElement.FindAllDescendants(String bstrQueryId, Object&amp; pvarResKeys, Int32 cResKeys, Int32 nMaxDepth)
   at Microsoft.VisualStudio.TestTools.UITest.Playback.ScreenElement.FindAllScreenElement(String queryId, Int32 depth, Boolean singleQueryId, Boolean throwException)
   at Microsoft.VisualStudio.TestTools.UITest.Playback.ScreenElement.FindScreenElement(String queryId, Int32 depth)
   at Microsoft.VisualStudio.TestTools.UITesting.UITestControl.FindFirstDescendant(String queryId, Int32 maxDepth, Int32&amp; timeLeft)
 --- End of inner exception stack trace ---
    at Microsoft.VisualStudio.TestTools.UITesting.Playback.MapControlNotFoundException(COMException ex, IPlaybackContext context)
   at Microsoft.VisualStudio.TestTools.UITesting.Playback.MapAndThrowComException(COMException innerException, IPlaybackContext context)
   at Microsoft.VisualStudio.TestTools.UITesting.Playback.MapAndThrowException(SystemException exception, IPlaybackContext context)
   at Microsoft.VisualStudio.TestTools.UITesting.Playback.MapAndThrowException(SystemException exception, String queryId)
   at Microsoft.VisualStudio.TestTools.UITesting.UITestControl.FindFirstDescendant(String queryId, Int32 maxDepth, Int32&amp; timeLeft)
   at Microsoft.VisualStudio.TestTools.UITesting.SearchHelper.GetElement(Boolean useCache, ISearchArgument searchArg)
   at Microsoft.VisualStudio.TestTools.UITesting.SearchHelper.Search(ISearchArgument searchArg)
   at Microsoft.VisualStudio.TestTools.UITesting.UITestControl.FindInternal()
   at Microsoft.VisualStudio.TestTools.UITesting.UITestControl.Find()
   at Microsoft.VisualStudio.TestTools.UITesting.UITestControl.GetProperty(String propertyName)
   at Microsoft.VisualStudio.TestTools.UITesting.WinControls.WinText.get_DisplayText()
   at TestProject7.UIMap.CheckQuoteMessage() in C:\TestProject7\TestProject7\UIMap.Designer.cs:line 409
   at TestProject7.TamAutotest.MotoTest1() in C:\TestProject7\TestProject7\CodedUITest1.cs:line 70
</StackTrace>
        </ErrorInfo>
      </Output>
      <ResultFiles>
        <ResultFile path="ICLVDEVAP01\MotoTest1.png" />
      </ResultFiles>
      <ExtensionResult>Exception has been thrown by the target of an invocation.</ExtensionResult>
    </UnitTestResult>
    <UnitTestResult executionId="6700c18b-5ce1-4a31-bfff-7d32e8bc7192" testId="8efed318-945d-2a9d-e29d-a71a05da5660" testName="MotoTest10" computerName="ICLVDEVAP01" duration="00:00:34.8664304" startTime="2012-11-16T10:49:42.4826098+00:00" endTime="2012-11-16T10:50:17.3560968+00:00" testType="13cdc9d9-ddb5-4fa4-a97d-d965ccfc6d4b" outcome="Failed" testListId="8c84fa94-04c1-424b-9868-57a2d4851a1d" relativeResultsDirectory="6700c18b-5ce1-4a31-bfff-7d32e8bc7192">
      <Output>
        <DebugTrace>W, 3128, 23, 2012/11/16, 10:49:42.489, 1435871854673, QTAgent32.exe, ExtensionFramework : A Technology Manager with name Web is already registered.
W, 3128, 23, 2012/11/16, 10:49:52.018, 1436008287422, QTAgent32.exe, Playback - [WARNING] Internal warning: Window Not Found: [VisibleOnly]ControlType='Window' &amp;&amp; Name='The Agency Manager Signon' &amp;&amp; ClassName='ThunderRT6FormDC'
\0
E, 3128, 23, 2012/11/16, 10:49:52.018, 1436008290305, QTAgent32.exe, &lt;a class=failure&gt;Playback - {1} [FAILED] Function ElementFetcher::FindScreenElement failed to locate UI element (Searching: ;[VisibleOnly]ControlType='Window' &amp;&amp; Name='The Agency Manager Signon' &amp;&amp; ClassName='ThunderRT6FormDC') (The object specified was not found.)
\0&lt;/a&gt;
E, 3128, 23, 2012/11/16, 10:49:52.096, 1436009407895, QTAgent32.exe, Playback - [IMAGE] C:\Users\John Burrows-ad\AppData\Local\Temp\UITestLogs\LastRun\RPFE68E.png
\0
W, 3128, 23, 2012/11/16, 10:49:52.096, 1436009410058, QTAgent32.exe, Playback - [WARNING] Internal warning: Couldn't find descendants that match QueryId
\0
W, 3128, 23, 2012/11/16, 10:49:52.097, 1436009413147, QTAgent32.exe, PERF WARNING: FindTopLevelWindowHelper::FindAllDescendents: took 8970 ms. Expected it to take maximum 500 ms.
W, 3128, 23, 2012/11/16, 10:50:10.384, 1436271242029, QTAgent32.exe, Playback - [WARNING] Internal warning: Window Not Found: [VisibleOnly]ControlType='Window' &amp;&amp; Name='The Agency Manager Signon' &amp;&amp; ClassName='ThunderRT6FormDC'
\0
E, 3128, 23, 2012/11/16, 10:50:10.384, 1436271244974, QTAgent32.exe, &lt;a class=failure&gt;Playback - {2} [FAILED] Function ElementFetcher::FindScreenElement failed to locate UI element (Searching: ;[VisibleOnly]ControlType='Window' &amp;&amp; Name='The Agency Manager Signon' &amp;&amp; ClassName='ThunderRT6FormDC') (The object specified was not found.)
\0&lt;/a&gt;
E, 3128, 23, 2012/11/16, 10:50:10.463, 1436272373750, QTAgent32.exe, Playback - [IMAGE] C:\Users\John Burrows-ad\AppData\Local\Temp\UITestLogs\LastRun\RPF2E49.png
\0
W, 3128, 23, 2012/11/16, 10:50:10.463, 1436272375877, QTAgent32.exe, Playback - [WARNING] Internal warning: Couldn't find descendants that match QueryId
\0
W, 3128, 23, 2012/11/16, 10:50:10.463, 1436272378832, QTAgent32.exe, PERF WARNING: FindTopLevelWindowHelper::FindAllDescendents: took 18365 ms. Expected it to take maximum 500 ms.
W, 3128, 23, 2012/11/16, 10:50:14.949, 1436336607529, QTAgent32.exe, Playback - [WARNING] Internal warning: Window with Class "ThunderRT6FormDC" and Title "The Agency Manager Signon" was not found, so similar window with Class "ThunderRT6FormDC" and Title "The Agency Manager" was accepted
\0
W, 3128, 23, 2012/11/16, 10:50:14.949, 1436336612044, QTAgent32.exe, PERF WARNING: FindTopLevelWindowHelper::FindAllDescendents: took 4485 ms. Expected it to take maximum 500 ms.
W, 3128, 23, 2012/11/16, 10:50:16.453, 1436358124836, QTAgent32.exe, Playback - [WARNING] Internal warning: Element "[MSAA, VisibleOnly]ControlType='Window' &amp;&amp; ControlId='7'" was not found, so all intermediate elements were ignored. To improve performance replace this element Id with another Id or exclude it from QueryId. If this element is the target element, replace or remove intermediate elements
\0
W, 3128, 23, 2012/11/16, 10:50:16.962, 1436365421050, QTAgent32.exe, PERF WARNING: FindAllDescendents: took 2010 ms. Expected it to take maximum 500 ms.
W, 3128, 23, 2012/11/16, 10:50:17.100, 1436367392201, QTAgent32.exe, &lt;a class=success&gt;Playback - {3} [SUCCESS] MouseButtonClick - "[MSAA, VisibleOnly]ControlType='Edit'"
\0&lt;/a&gt;
W, 3128, 23, 2012/11/16, 10:50:17.347, 1436370924269, QTAgent32.exe, IEDOM : StopSession of the plugin called before StartSession
W, 3128, 23, 2012/11/16, 10:50:17.347, 1436370925441, QTAgent32.exe, UIA : StopSession of the plugin called before StartSession
W, 3128, 23, 2012/11/16, 10:50:17.347, 1436370926545, QTAgent32.exe, SLPlugin : StopSession of the plugin called before StartSession
</DebugTrace>
        <ErrorInfo>
          <Message>Initialization method TestProject7.TamAutotest.StartTest threw exception. System.ArgumentException: System.ArgumentException: The encoded string can only be used for a password..</Message>
          <StackTrace>    at Microsoft.VisualStudio.TestTools.UITest.Playback.ScreenElement.SendKeys(String keys, ModifierKeys modifierKeys, Boolean isEncoded, Boolean isUnicode)
   at Microsoft.VisualStudio.TestTools.UITesting.UITestControl.SendKeys(String text, ModifierKeys modifierKeys, Boolean isEncoded, Boolean isUnicode)
   at Microsoft.VisualStudio.TestTools.UITesting.Keyboard.SendKeysImplementation(UITestControl control, String text, ModifierKeys modifierKeys, Boolean isEncoded, Boolean isUnicode)
   at Microsoft.VisualStudio.TestTools.UITesting.Keyboard.SendKeysImplementationWrapper(UITestControl control, String text, ModifierKeys modifierKeys, Boolean isEncoded, Boolean isUnicode)
   at Microsoft.VisualStudio.TestTools.UITesting.Keyboard.SendKeys(UITestControl control, String text, Boolean isEncoded)
   at TestProject7.UIMap.Login_new() in C:\TestProject7\TestProject7\UIMap.Designer.cs:line 2670
   at TestProject7.TamAutotest.StartTest() in C:\TestProject7\TestProject7\CodedUITest1.cs:line 29
</StackTrace>
        </ErrorInfo>
      </Output>
    </UnitTestResult>
    <UnitTestResult executionId="97030a5a-fc97-4cbc-9a0e-2a69db46ffc7" testId="0f4d10f2-7035-3d68-762a-b62c4853fb8a" testName="MotoTest11" computerName="ICLVDEVAP01" duration="00:00:00.5150920" startTime="2012-11-16T10:50:17.3610973+00:00" endTime="2012-11-16T10:50:17.8791491+00:00" testType="13cdc9d9-ddb5-4fa4-a97d-d965ccfc6d4b" outcome="Failed" testListId="8c84fa94-04c1-424b-9868-57a2d4851a1d" relativeResultsDirectory="97030a5a-fc97-4cbc-9a0e-2a69db46ffc7">
      <Output>
        <DebugTrace>W, 3128, 30, 2012/11/16, 10:50:17.366, 1436371205394, QTAgent32.exe, ExtensionFramework : A Technology Manager with name Web is already registered.
W, 3128, 30, 2012/11/16, 10:50:17.372, 1436371287364, QTAgent32.exe, SLPlugin: Port 4503 already in use
W, 3128, 30, 2012/11/16, 10:50:17.372, 1436371291475, QTAgent32.exe, SLPlugin: Port 943 already in use
W, 3128, 30, 2012/11/16, 10:50:17.878, 1436378526445, QTAgent32.exe, IEDOM : StopSession of the plugin called before StartSession
W, 3128, 30, 2012/11/16, 10:50:17.878, 1436378527570, QTAgent32.exe, UIA : StopSession of the plugin called before StartSession
W, 3128, 30, 2012/11/16, 10:50:17.878, 1436378528326, QTAgent32.exe, SLPlugin : StopSession of the plugin called before StartSession
</DebugTrace>
        <ErrorInfo>
          <Message>Initialization method TestProject7.TamAutotest.StartTest threw exception. Microsoft.VisualStudio.TestTools.UITest.Extension.FailedToLaunchApplicationException: Microsoft.VisualStudio.TestTools.UITest.Extension.FailedToLaunchApplicationException: "The application cannot be started. This could be due to one of the following reasons:
1) Another instance of the application is already running and only one instance can be running at a time.
2) The application started another process and has now stopped. You may need to launch the process directly.
3) You do not have sufficient privileges for this application." File: C:\APPLIED\WINTAM\HOMEBASE.EXE..</Message>
          <StackTrace>    at Microsoft.VisualStudio.TestTools.UITesting.ApplicationUnderTest.ThrowIfProcessNotValid(Process process)
   at Microsoft.VisualStudio.TestTools.UITesting.ApplicationUnderTest.Start(ProcessStartInfo startInfo)
   at Microsoft.VisualStudio.TestTools.UITesting.ApplicationUnderTest..ctor(String fileName, String alternateFileName, String arguments)
   at Microsoft.VisualStudio.TestTools.UITesting.ApplicationUnderTest.Launch(String fileName, String alternateFileName)
   at TestProject7.UIMap.Login_new() in C:\TestProject7\TestProject7\UIMap.Designer.cs:line 2664
   at TestProject7.TamAutotest.StartTest() in C:\TestProject7\TestProject7\CodedUITest1.cs:line 29
</StackTrace>
        </ErrorInfo>
      </Output>
    </UnitTestResult>
    <UnitTestResult executionId="74731a55-c8c0-458a-b360-b5e20417a3f2" testId="614f56be-e9c0-f1e7-ad65-1f0b7d6a0f1c" testName="MotoTest12" computerName="ICLVDEVAP01" duration="00:00:00.5142493" startTime="2012-11-16T10:50:17.8841496+00:00" endTime="2012-11-16T10:50:18.4052017+00:00" testType="13cdc9d9-ddb5-4fa4-a97d-d965ccfc6d4b" outcome="Failed" testListId="8c84fa94-04c1-424b-9868-57a2d4851a1d" relativeResultsDirectory="74731a55-c8c0-458a-b360-b5e20417a3f2">
      <Output>
        <DebugTrace>W, 3128, 36, 2012/11/16, 10:50:17.893, 1436378745391, QTAgent32.exe, ExtensionFramework : A Technology Manager with name Web is already registered.
W, 3128, 36, 2012/11/16, 10:50:17.899, 1436378835859, QTAgent32.exe, SLPlugin: Port 4503 already in use
W, 3128, 36, 2012/11/16, 10:50:17.899, 1436378839197, QTAgent32.exe, SLPlugin: Port 943 already in use
W, 3128, 36, 2012/11/16, 10:50:18.403, 1436386050212, QTAgent32.exe, IEDOM : StopSession of the plugin called before StartSession
W, 3128, 36, 2012/11/16, 10:50:18.403, 1436386051405, QTAgent32.exe, UIA : StopSession of the plugin called before StartSession
W, 3128, 36, 2012/11/16, 10:50:18.403, 1436386052081, QTAgent32.exe, SLPlugin : StopSession of the plugin called before StartSession
</DebugTrace>
        <ErrorInfo>
          <Message>Initialization method TestProject7.TamAutotest.StartTest threw exception. Microsoft.VisualStudio.TestTools.UITest.Extension.FailedToLaunchApplicationException: Microsoft.VisualStudio.TestTools.UITest.Extension.FailedToLaunchApplicationException: "The application cannot be started. This could be due to one of the following reasons:
1) Another instance of the application is already running and only one instance can be running at a time.
2) The application started another process and has now stopped. You may need to launch the process directly.
3) You do not have sufficient privileges for this application." File: C:\APPLIED\WINTAM\HOMEBASE.EXE..</Message>
          <StackTrace>    at Microsoft.VisualStudio.TestTools.UITesting.ApplicationUnderTest.ThrowIfProcessNotValid(Process process)
   at Microsoft.VisualStudio.TestTools.UITesting.ApplicationUnderTest.Start(ProcessStartInfo startInfo)
   at Microsoft.VisualStudio.TestTools.UITesting.ApplicationUnderTest..ctor(String fileName, String alternateFileName, String arguments)
   at Microsoft.VisualStudio.TestTools.UITesting.ApplicationUnderTest.Launch(String fileName, String alternateFileName)
   at TestProject7.UIMap.Login_new() in C:\TestProject7\TestProject7\UIMap.Designer.cs:line 2664
   at TestProject7.TamAutotest.StartTest() in C:\TestProject7\TestProject7\CodedUITest1.cs:line 29
</StackTrace>
        </ErrorInfo>
      </Output>
    </UnitTestResult>
    <UnitTestResult executionId="f87e3aeb-39a5-470f-92b8-e71cad0ebc2f" testId="1662bbff-6668-68e6-e702-5ec6450deb96" testName="MotoTest13" computerName="ICLVDEVAP01" duration="00:00:00.5115210" startTime="2012-11-16T10:50:18.4092021+00:00" endTime="2012-11-16T10:50:18.9242536+00:00" testType="13cdc9d9-ddb5-4fa4-a97d-d965ccfc6d4b" outcome="Failed" testListId="8c84fa94-04c1-424b-9868-57a2d4851a1d" relativeResultsDirectory="f87e3aeb-39a5-470f-92b8-e71cad0ebc2f">
      <Output>
        <DebugTrace>W, 3128, 27, 2012/11/16, 10:50:18.414, 1436386202535, QTAgent32.exe, ExtensionFramework : A Technology Manager with name Web is already registered.
W, 3128, 27, 2012/11/16, 10:50:18.419, 1436386274956, QTAgent32.exe, SLPlugin: Port 4503 already in use
W, 3128, 27, 2012/11/16, 10:50:18.419, 1436386278343, QTAgent32.exe, SLPlugin: Port 943 already in use
W, 3128, 27, 2012/11/16, 10:50:18.922, 1436393482913, QTAgent32.exe, IEDOM : StopSession of the plugin called before StartSession
W, 3128, 27, 2012/11/16, 10:50:18.922, 1436393484117, QTAgent32.exe, UIA : StopSession of the plugin called before StartSession
W, 3128, 27, 2012/11/16, 10:50:18.922, 1436393484822, QTAgent32.exe, SLPlugin : StopSession of the plugin called before StartSession
</DebugTrace>
        <ErrorInfo>
          <Message>Initialization method TestProject7.TamAutotest.StartTest threw exception. Microsoft.VisualStudio.TestTools.UITest.Extension.FailedToLaunchApplicationException: Microsoft.VisualStudio.TestTools.UITest.Extension.FailedToLaunchApplicationException: "The application cannot be started. This could be due to one of the following reasons:
1) Another instance of the application is already running and only one instance can be running at a time.
2) The application started another process and has now stopped. You may need to launch the process directly.
3) You do not have sufficient privileges for this application." File: C:\APPLIED\WINTAM\HOMEBASE.EXE..</Message>
          <StackTrace>    at Microsoft.VisualStudio.TestTools.UITesting.ApplicationUnderTest.ThrowIfProcessNotValid(Process process)
   at Microsoft.VisualStudio.TestTools.UITesting.ApplicationUnderTest.Start(ProcessStartInfo startInfo)
   at Microsoft.VisualStudio.TestTools.UITesting.ApplicationUnderTest..ctor(String fileName, String alternateFileName, String arguments)
   at Microsoft.VisualStudio.TestTools.UITesting.ApplicationUnderTest.Launch(String fileName, String alternateFileName)
   at TestProject7.UIMap.Login_new() in C:\TestProject7\TestProject7\UIMap.Designer.cs:line 2664
   at TestProject7.TamAutotest.StartTest() in C:\TestProject7\TestProject7\CodedUITest1.cs:line 29
</StackTrace>
        </ErrorInfo>
      </Output>
    </UnitTestResult>
    <UnitTestResult executionId="e0424afb-7eb1-4dc2-80b1-76303bbdbc20" testId="e560b224-e5b1-72de-4969-2e5cddf85208" testName="MotoTest14" computerName="ICLVDEVAP01" duration="00:00:00.5126506" startTime="2012-11-16T10:50:18.9282540+00:00" endTime="2012-11-16T10:50:19.4443056+00:00" testType="13cdc9d9-ddb5-4fa4-a97d-d965ccfc6d4b" outcome="Failed" testListId="8c84fa94-04c1-424b-9868-57a2d4851a1d" relativeResultsDirectory="e0424afb-7eb1-4dc2-80b1-76303bbdbc20">
      <Output>
        <DebugTrace>W, 3128, 21, 2012/11/16, 10:50:18.932, 1436393631832, QTAgent32.exe, ExtensionFramework : A Technology Manager with name Web is already registered.
W, 3128, 21, 2012/11/16, 10:50:18.938, 1436393712762, QTAgent32.exe, SLPlugin: Port 4503 already in use
W, 3128, 21, 2012/11/16, 10:50:18.938, 1436393716408, QTAgent32.exe, SLPlugin: Port 943 already in use
W, 3128, 21, 2012/11/16, 10:50:19.442, 1436400927883, QTAgent32.exe, IEDOM : StopSession of the plugin called before StartSession
W, 3128, 21, 2012/11/16, 10:50:19.442, 1436400929065, QTAgent32.exe, UIA : StopSession of the plugin called before StartSession
W, 3128, 21, 2012/11/16, 10:50:19.442, 1436400929753, QTAgent32.exe, SLPlugin : StopSession of the plugin called before StartSession
</DebugTrace>
        <ErrorInfo>
          <Message>Initialization method TestProject7.TamAutotest.StartTest threw exception. Microsoft.VisualStudio.TestTools.UITest.Extension.FailedToLaunchApplicationException: Microsoft.VisualStudio.TestTools.UITest.Extension.FailedToLaunchApplicationException: "The application cannot be started. This could be due to one of the following reasons:
1) Another instance of the application is already running and only one instance can be running at a time.
2) The application started another process and has now stopped. You may need to launch the process directly.
3) You do not have sufficient privileges for this application." File: C:\APPLIED\WINTAM\HOMEBASE.EXE..</Message>
          <StackTrace>    at Microsoft.VisualStudio.TestTools.UITesting.ApplicationUnderTest.ThrowIfProcessNotValid(Process process)
   at Microsoft.VisualStudio.TestTools.UITesting.ApplicationUnderTest.Start(ProcessStartInfo startInfo)
   at Microsoft.VisualStudio.TestTools.UITesting.ApplicationUnderTest..ctor(String fileName, String alternateFileName, String arguments)
   at Microsoft.VisualStudio.TestTools.UITesting.ApplicationUnderTest.Launch(String fileName, String alternateFileName)
   at TestProject7.UIMap.Login_new() in C:\TestProject7\TestProject7\UIMap.Designer.cs:line 2664
   at TestProject7.TamAutotest.StartTest() in C:\TestProject7\TestProject7\CodedUITest1.cs:line 29
</StackTrace>
        </ErrorInfo>
      </Output>
    </UnitTestResult>
    <UnitTestResult executionId="e8d74d03-df24-4796-a9e7-6a9d8015b3cc" testId="e7680189-6b97-1f0a-48c0-e6d1b1c96b8e" testName="MotoTest15" computerName="ICLVDEVAP01" duration="00:00:00.5121155" startTime="2012-11-16T10:50:19.4483060+00:00" endTime="2012-11-16T10:50:19.9633575+00:00" testType="13cdc9d9-ddb5-4fa4-a97d-d965ccfc6d4b" outcome="Failed" testListId="8c84fa94-04c1-424b-9868-57a2d4851a1d" relativeResultsDirectory="e8d74d03-df24-4796-a9e7-6a9d8015b3cc">
      <Output>
        <DebugTrace>W, 3128, 42, 2012/11/16, 10:50:19.452, 1436401072277, QTAgent32.exe, ExtensionFramework : A Technology Manager with name Web is already registered.
W, 3128, 42, 2012/11/16, 10:50:19.457, 1436401145410, QTAgent32.exe, SLPlugin: Port 4503 already in use
W, 3128, 42, 2012/11/16, 10:50:19.457, 1436401148657, QTAgent32.exe, SLPlugin: Port 943 already in use
W, 3128, 42, 2012/11/16, 10:50:19.961, 1436408360470, QTAgent32.exe, IEDOM : StopSession of the plugin called before StartSession
W, 3128, 42, 2012/11/16, 10:50:19.961, 1436408361610, QTAgent32.exe, UIA : StopSession of the plugin called before StartSession
W, 3128, 42, 2012/11/16, 10:50:19.961, 1436408362338, QTAgent32.exe, SLPlugin : StopSession of the plugin called before StartSession
</DebugTrace>
        <ErrorInfo>
          <Message>Initialization method TestProject7.TamAutotest.StartTest threw exception. Microsoft.VisualStudio.TestTools.UITest.Extension.FailedToLaunchApplicationException: Microsoft.VisualStudio.TestTools.UITest.Extension.FailedToLaunchApplicationException: "The application cannot be started. This could be due to one of the following reasons:
1) Another instance of the application is already running and only one instance can be running at a time.
2) The application started another process and has now stopped. You may need to launch the process directly.
3) You do not have sufficient privileges for this application." File: C:\APPLIED\WINTAM\HOMEBASE.EXE..</Message>
          <StackTrace>    at Microsoft.VisualStudio.TestTools.UITesting.ApplicationUnderTest.ThrowIfProcessNotValid(Process process)
   at Microsoft.VisualStudio.TestTools.UITesting.ApplicationUnderTest.Start(ProcessStartInfo startInfo)
   at Microsoft.VisualStudio.TestTools.UITesting.ApplicationUnderTest..ctor(String fileName, String alternateFileName, String arguments)
   at Microsoft.VisualStudio.TestTools.UITesting.ApplicationUnderTest.Launch(String fileName, String alternateFileName)
   at TestProject7.UIMap.Login_new() in C:\TestProject7\TestProject7\UIMap.Designer.cs:line 2664
   at TestProject7.TamAutotest.StartTest() in C:\TestProject7\TestProject7\CodedUITest1.cs:line 29
</StackTrace>
        </ErrorInfo>
      </Output>
    </UnitTestResult>
    <UnitTestResult executionId="5d7e3487-2104-47d8-8aad-29043070d035" testId="c540cf3f-a6f3-b5ba-c3cd-38a0f986a3da" testName="MotoTest16" computerName="ICLVDEVAP01" duration="00:00:00.5115740" startTime="2012-11-16T10:50:19.9673579+00:00" endTime="2012-11-16T10:50:20.4824094+00:00" testType="13cdc9d9-ddb5-4fa4-a97d-d965ccfc6d4b" outcome="Failed" testListId="8c84fa94-04c1-424b-9868-57a2d4851a1d" relativeResultsDirectory="5d7e3487-2104-47d8-8aad-29043070d035">
      <Output>
        <DebugTrace>W, 3128, 48, 2012/11/16, 10:50:19.971, 1436408509820, QTAgent32.exe, ExtensionFramework : A Technology Manager with name Web is already registered.
W, 3128, 48, 2012/11/16, 10:50:19.977, 1436408582923, QTAgent32.exe, SLPlugin: Port 4503 already in use
W, 3128, 48, 2012/11/16, 10:50:19.977, 1436408586255, QTAgent32.exe, SLPlugin: Port 943 already in use
W, 3128, 48, 2012/11/16, 10:50:20.480, 1436415790904, QTAgent32.exe, IEDOM : StopSession of the plugin called before StartSession
W, 3128, 48, 2012/11/16, 10:50:20.480, 1436415792113, QTAgent32.exe, UIA : StopSession of the plugin called before StartSession
W, 3128, 48, 2012/11/16, 10:50:20.480, 1436415792782, QTAgent32.exe, SLPlugin : StopSession of the plugin called before StartSession
</DebugTrace>
        <ErrorInfo>
          <Message>Initialization method TestProject7.TamAutotest.StartTest threw exception. Microsoft.VisualStudio.TestTools.UITest.Extension.FailedToLaunchApplicationException: Microsoft.VisualStudio.TestTools.UITest.Extension.FailedToLaunchApplicationException: "The application cannot be started. This could be due to one of the following reasons:
1) Another instance of the application is already running and only one instance can be running at a time.
2) The application started another process and has now stopped. You may need to launch the process directly.
3) You do not have sufficient privileges for this application." File: C:\APPLIED\WINTAM\HOMEBASE.EXE..</Message>
          <StackTrace>    at Microsoft.VisualStudio.TestTools.UITesting.ApplicationUnderTest.ThrowIfProcessNotValid(Process process)
   at Microsoft.VisualStudio.TestTools.UITesting.ApplicationUnderTest.Start(ProcessStartInfo startInfo)
   at Microsoft.VisualStudio.TestTools.UITesting.ApplicationUnderTest..ctor(String fileName, String alternateFileName, String arguments)
   at Microsoft.VisualStudio.TestTools.UITesting.ApplicationUnderTest.Launch(String fileName, String alternateFileName)
   at TestProject7.UIMap.Login_new() in C:\TestProject7\TestProject7\UIMap.Designer.cs:line 2664
   at TestProject7.TamAutotest.StartTest() in C:\TestProject7\TestProject7\CodedUITest1.cs:line 29
</StackTrace>
        </ErrorInfo>
      </Output>
    </UnitTestResult>
    <UnitTestResult executionId="acfbb84a-116b-4faf-af33-9c4eb3e86631" testId="0457170a-e33e-18a3-7909-18d70df8aa6e" testName="MotoTest17" computerName="ICLVDEVAP01" duration="00:00:00.5120578" startTime="2012-11-16T10:50:20.4864098+00:00" endTime="2012-11-16T10:50:21.0014613+00:00" testType="13cdc9d9-ddb5-4fa4-a97d-d965ccfc6d4b" outcome="Failed" testListId="8c84fa94-04c1-424b-9868-57a2d4851a1d" relativeResultsDirectory="acfbb84a-116b-4faf-af33-9c4eb3e86631">
      <Output>
        <DebugTrace>W, 3128, 54, 2012/11/16, 10:50:20.490, 1436415936244, QTAgent32.exe, ExtensionFramework : A Technology Manager with name Web is already registered.
W, 3128, 54, 2012/11/16, 10:50:20.495, 1436416008027, QTAgent32.exe, SLPlugin: Port 4503 already in use
W, 3128, 54, 2012/11/16, 10:50:20.495, 1436416011281, QTAgent32.exe, SLPlugin: Port 943 already in use
W, 3128, 54, 2012/11/16, 10:50:20.999, 1436423223563, QTAgent32.exe, IEDOM : StopSession of the plugin called before StartSession
W, 3128, 54, 2012/11/16, 10:50:20.999, 1436423224812, QTAgent32.exe, UIA : StopSession of the plugin called before StartSession
W, 3128, 54, 2012/11/16, 10:50:20.999, 1436423225502, QTAgent32.exe, SLPlugin : StopSession of the plugin called before StartSession
</DebugTrace>
        <ErrorInfo>
          <Message>Initialization method TestProject7.TamAutotest.StartTest threw exception. Microsoft.VisualStudio.TestTools.UITest.Extension.FailedToLaunchApplicationException: Microsoft.VisualStudio.TestTools.UITest.Extension.FailedToLaunchApplicationException: "The application cannot be started. This could be due to one of the following reasons:
1) Another instance of the application is already running and only one instance can be running at a time.
2) The application started another process and has now stopped. You may need to launch the process directly.
3) You do not have sufficient privileges for this application." File: C:\APPLIED\WINTAM\HOMEBASE.EXE..</Message>
          <StackTrace>    at Microsoft.VisualStudio.TestTools.UITesting.ApplicationUnderTest.ThrowIfProcessNotValid(Process process)
   at Microsoft.VisualStudio.TestTools.UITesting.ApplicationUnderTest.Start(ProcessStartInfo startInfo)
   at Microsoft.VisualStudio.TestTools.UITesting.ApplicationUnderTest..ctor(String fileName, String alternateFileName, String arguments)
   at Microsoft.VisualStudio.TestTools.UITesting.ApplicationUnderTest.Launch(String fileName, String alternateFileName)
   at TestProject7.UIMap.Login_new() in C:\TestProject7\TestProject7\UIMap.Designer.cs:line 2664
   at TestProject7.TamAutotest.StartTest() in C:\TestProject7\TestProject7\CodedUITest1.cs:line 29
</StackTrace>
        </ErrorInfo>
      </Output>
    </UnitTestResult>
    <UnitTestResult executionId="9b9a8685-fde6-4da0-8681-e83d67f1bff5" testId="95111846-656e-91d9-dc83-b04719c1fedd" testName="MotoTest18" computerName="ICLVDEVAP01" duration="00:00:00.5124189" startTime="2012-11-16T10:50:21.0054617+00:00" endTime="2012-11-16T10:50:21.5215133+00:00" testType="13cdc9d9-ddb5-4fa4-a97d-d965ccfc6d4b" outcome="Failed" testListId="8c84fa94-04c1-424b-9868-57a2d4851a1d" relativeResultsDirectory="9b9a8685-fde6-4da0-8681-e83d67f1bff5">
      <Output>
        <DebugTrace>W, 3128, 60, 2012/11/16, 10:50:21.010, 1436423374581, QTAgent32.exe, ExtensionFramework : A Technology Manager with name Web is already registered.
W, 3128, 60, 2012/11/16, 10:50:21.015, 1436423450147, QTAgent32.exe, SLPlugin: Port 4503 already in use
W, 3128, 60, 2012/11/16, 10:50:21.015, 1436423453591, QTAgent32.exe, SLPlugin: Port 943 already in use
W, 3128, 60, 2012/11/16, 10:50:21.519, 1436430668081, QTAgent32.exe, IEDOM : StopSession of the plugin called before StartSession
W, 3128, 60, 2012/11/16, 10:50:21.519, 1436430669277, QTAgent32.exe, UIA : StopSession of the plugin called before StartSession
W, 3128, 60, 2012/11/16, 10:50:21.519, 1436430669940, QTAgent32.exe, SLPlugin : StopSession of the plugin called before StartSession
</DebugTrace>
        <ErrorInfo>
          <Message>Initialization method TestProject7.TamAutotest.StartTest threw exception. Microsoft.VisualStudio.TestTools.UITest.Extension.FailedToLaunchApplicationException: Microsoft.VisualStudio.TestTools.UITest.Extension.FailedToLaunchApplicationException: "The application cannot be started. This could be due to one of the following reasons:
1) Another instance of the application is already running and only one instance can be running at a time.
2) The application started another process and has now stopped. You may need to launch the process directly.
3) You do not have sufficient privileges for this application." File: C:\APPLIED\WINTAM\HOMEBASE.EXE..</Message>
          <StackTrace>    at Microsoft.VisualStudio.TestTools.UITesting.ApplicationUnderTest.ThrowIfProcessNotValid(Process process)
   at Microsoft.VisualStudio.TestTools.UITesting.ApplicationUnderTest.Start(ProcessStartInfo startInfo)
   at Microsoft.VisualStudio.TestTools.UITesting.ApplicationUnderTest..ctor(String fileName, String alternateFileName, String arguments)
   at Microsoft.VisualStudio.TestTools.UITesting.ApplicationUnderTest.Launch(String fileName, String alternateFileName)
   at TestProject7.UIMap.Login_new() in C:\TestProject7\TestProject7\UIMap.Designer.cs:line 2664
   at TestProject7.TamAutotest.StartTest() in C:\TestProject7\TestProject7\CodedUITest1.cs:line 29
</StackTrace>
        </ErrorInfo>
      </Output>
    </UnitTestResult>
    <UnitTestResult executionId="e00a13d3-17cb-4ec4-87f0-6de4b2306695" testId="0faa065a-7d90-5129-349a-696c971dbf85" testName="MotoTest19" computerName="ICLVDEVAP01" duration="00:00:00.5120181" startTime="2012-11-16T10:50:21.5255137+00:00" endTime="2012-11-16T10:50:22.0405652+00:00" testType="13cdc9d9-ddb5-4fa4-a97d-d965ccfc6d4b" outcome="Failed" testListId="8c84fa94-04c1-424b-9868-57a2d4851a1d" relativeResultsDirectory="e00a13d3-17cb-4ec4-87f0-6de4b2306695">
      <Output>
        <DebugTrace>W, 3128, 66, 2012/11/16, 10:50:21.529, 1436430814956, QTAgent32.exe, ExtensionFramework : A Technology Manager with name Web is already registered.
W, 3128, 66, 2012/11/16, 10:50:21.535, 1436430891801, QTAgent32.exe, SLPlugin: Port 4503 already in use
W, 3128, 66, 2012/11/16, 10:50:21.535, 1436430895225, QTAgent32.exe, SLPlugin: Port 943 already in use
W, 3128, 66, 2012/11/16, 10:50:22.038, 1436438101552, QTAgent32.exe, IEDOM : StopSession of the plugin called before StartSession
W, 3128, 66, 2012/11/16, 10:50:22.038, 1436438102705, QTAgent32.exe, UIA : StopSession of the plugin called before StartSession
W, 3128, 66, 2012/11/16, 10:50:22.038, 1436438103411, QTAgent32.exe, SLPlugin : StopSession of the plugin called before StartSession
</DebugTrace>
        <ErrorInfo>
          <Message>Initialization method TestProject7.TamAutotest.StartTest threw exception. Microsoft.VisualStudio.TestTools.UITest.Extension.FailedToLaunchApplicationException: Microsoft.VisualStudio.TestTools.UITest.Extension.FailedToLaunchApplicationException: "The application cannot be started. This could be due to one of the following reasons:
1) Another instance of the application is already running and only one instance can be running at a time.
2) The application started another process and has now stopped. You may need to launch the process directly.
3) You do not have sufficient privileges for this application." File: C:\APPLIED\WINTAM\HOMEBASE.EXE..</Message>
          <StackTrace>    at Microsoft.VisualStudio.TestTools.UITesting.ApplicationUnderTest.ThrowIfProcessNotValid(Process process)
   at Microsoft.VisualStudio.TestTools.UITesting.ApplicationUnderTest.Start(ProcessStartInfo startInfo)
   at Microsoft.VisualStudio.TestTools.UITesting.ApplicationUnderTest..ctor(String fileName, String alternateFileName, String arguments)
   at Microsoft.VisualStudio.TestTools.UITesting.ApplicationUnderTest.Launch(String fileName, String alternateFileName)
   at TestProject7.UIMap.Login_new() in C:\TestProject7\TestProject7\UIMap.Designer.cs:line 2664
   at TestProject7.TamAutotest.StartTest() in C:\TestProject7\TestProject7\CodedUITest1.cs:line 29
</StackTrace>
        </ErrorInfo>
      </Output>
    </UnitTestResult>
  </Results>
</TestRun>