<?xml version="1.0" encoding="UTF-8"?>
<TestRun id="fdb192d1-315f-4f2b-84bd-ad6c9984006c" name="John Burrows-ad@ICLVDEVAP01 2012-11-15 16:14:59" runUser="INSUR-E\John Burrows-ad" xmlns="http://microsoft.com/schemas/VisualStudio/TeamTest/2010">
  <TestSettings name="Default Test Settings" id="c3fae7dd-0557-4e69-bcdd-f3dbd634df83">
    <Execution>
      <TestTypeSpecific />
      <AgentRule name="Execution Agents">
      </AgentRule>
    </Execution>
    <Deployment runDeploymentRoot="John Burrows-ad_ICLVDEVAP01 2012-11-15 16_14_59" />
  </TestSettings>
  <Times creation="2012-11-15T16:15:00.0151817+00:00" queuing="2012-11-15T16:15:05.1322441+00:00" start="2012-11-15T16:15:08.0339929+00:00" finish="2012-11-15T16:15:58.7677945+00:00" />
  <ResultSummary outcome="Failed">
    <Counters total="37" executed="37" error="0" failed="37" timeout="0" aborted="0" inconclusive="0" passedButRunAborted="0" notRunnable="0" notExecuted="0" disconnected="0" warning="0" passed="0" completed="0" inProgress="0" pending="0" />
  </ResultSummary>
  <TestDefinitions>
    <UnitTest name="HouseTest18" storage="testproject7.dll" id="0287ed6d-d515-809a-ea56-c0035840a5a4">
      <Execution id="69b0cdb0-5e60-4b20-993d-8cde7caacbbd" />
      <TestMethod codeBase="C:/TestProject7/TestProject7/bin/Debug/TestProject7.dll" adapterTypeName="Microsoft.VisualStudio.TestTools.TestTypes.Unit.UnitTestAdapter, Microsoft.VisualStudio.QualityTools.Tips.UnitTest.Adapter, Version=10.0.0.0, Culture=neutral, PublicKeyToken=b03f5f7f11d50a3a" className="TestProject7.TamAutotest, TestProject7, Version=1.0.0.0, Culture=neutral, PublicKeyToken=null" name="HouseTest18" />
      <Extension>Microsoft.VisualStudio.TestTools.UITesting.CodedUITestAttribute, Microsoft.VisualStudio.QualityTools.CodedUITestFramework, Version=10.0.0.0, Culture=neutral, PublicKeyToken=b03f5f7f11d50a3a</Extension>
    </UnitTest>
    <UnitTest name="HouseTest5" storage="testproject7.dll" id="99f569ef-86f3-fa96-82c3-e9993245d049">
      <Execution id="3d4db984-5163-4777-a7f8-644a2c96d3a6" />
      <TestMethod codeBase="C:/TestProject7/TestProject7/bin/Debug/TestProject7.dll" adapterTypeName="Microsoft.VisualStudio.TestTools.TestTypes.Unit.UnitTestAdapter, Microsoft.VisualStudio.QualityTools.Tips.UnitTest.Adapter, Version=10.0.0.0, Culture=neutral, PublicKeyToken=b03f5f7f11d50a3a" className="TestProject7.TamAutotest, TestProject7, Version=1.0.0.0, Culture=neutral, PublicKeyToken=null" name="HouseTest5" />
      <Extension>Microsoft.VisualStudio.TestTools.UITesting.CodedUITestAttribute, Microsoft.VisualStudio.QualityTools.CodedUITestFramework, Version=10.0.0.0, Culture=neutral, PublicKeyToken=b03f5f7f11d50a3a</Extension>
    </UnitTest>
    <UnitTest name="HouseTest15" storage="testproject7.dll" id="a95aea6b-c734-4b73-e10a-d65ad4aa23ee">
      <Execution id="1db9e670-ba1d-4d4e-a878-84f8402f82ad" />
      <TestMethod codeBase="C:/TestProject7/TestProject7/bin/Debug/TestProject7.dll" adapterTypeName="Microsoft.VisualStudio.TestTools.TestTypes.Unit.UnitTestAdapter, Microsoft.VisualStudio.QualityTools.Tips.UnitTest.Adapter, Version=10.0.0.0, Culture=neutral, PublicKeyToken=b03f5f7f11d50a3a" className="TestProject7.TamAutotest, TestProject7, Version=1.0.0.0, Culture=neutral, PublicKeyToken=null" name="HouseTest15" />
      <Extension>Microsoft.VisualStudio.TestTools.UITesting.CodedUITestAttribute, Microsoft.VisualStudio.QualityTools.CodedUITestFramework, Version=10.0.0.0, Culture=neutral, PublicKeyToken=b03f5f7f11d50a3a</Extension>
    </UnitTest>
    <UnitTest name="MotoTest9" storage="testproject7.dll" id="1820a643-3d71-abad-9636-2b810c74ae19">
      <Execution id="b1fea0c4-ba52-40a1-b435-a7dabb7ce7bd" />
      <TestMethod codeBase="C:/TestProject7/TestProject7/bin/Debug/TestProject7.dll" adapterTypeName="Microsoft.VisualStudio.TestTools.TestTypes.Unit.UnitTestAdapter, Microsoft.VisualStudio.QualityTools.Tips.UnitTest.Adapter, Version=10.0.0.0, Culture=neutral, PublicKeyToken=b03f5f7f11d50a3a" className="TestProject7.TamAutotest, TestProject7, Version=1.0.0.0, Culture=neutral, PublicKeyToken=null" name="MotoTest9" />
      <Extension>Microsoft.VisualStudio.TestTools.UITesting.CodedUITestAttribute, Microsoft.VisualStudio.QualityTools.CodedUITestFramework, Version=10.0.0.0, Culture=neutral, PublicKeyToken=b03f5f7f11d50a3a</Extension>
    </UnitTest>
    <UnitTest name="HouseTest7" storage="testproject7.dll" id="cad41ea6-4986-f170-1def-22ab50e0fb0a">
      <Execution id="b008623e-9c6e-40e3-bc7c-bbb38b8907f5" />
      <TestMethod codeBase="C:/TestProject7/TestProject7/bin/Debug/TestProject7.dll" adapterTypeName="Microsoft.VisualStudio.TestTools.TestTypes.Unit.UnitTestAdapter, Microsoft.VisualStudio.QualityTools.Tips.UnitTest.Adapter, Version=10.0.0.0, Culture=neutral, PublicKeyToken=b03f5f7f11d50a3a" className="TestProject7.TamAutotest, TestProject7, Version=1.0.0.0, Culture=neutral, PublicKeyToken=null" name="HouseTest7" />
      <Extension>Microsoft.VisualStudio.TestTools.UITesting.CodedUITestAttribute, Microsoft.VisualStudio.QualityTools.CodedUITestFramework, Version=10.0.0.0, Culture=neutral, PublicKeyToken=b03f5f7f11d50a3a</Extension>
    </UnitTest>
    <UnitTest name="MotoTest15" storage="testproject7.dll" id="e7680189-6b97-1f0a-48c0-e6d1b1c96b8e">
      <Execution id="627bf657-73dc-41fe-a896-76d84662fd41" />
      <TestMethod codeBase="C:/TestProject7/TestProject7/bin/Debug/TestProject7.dll" adapterTypeName="Microsoft.VisualStudio.TestTools.TestTypes.Unit.UnitTestAdapter, Microsoft.VisualStudio.QualityTools.Tips.UnitTest.Adapter, Version=10.0.0.0, Culture=neutral, PublicKeyToken=b03f5f7f11d50a3a" className="TestProject7.TamAutotest, TestProject7, Version=1.0.0.0, Culture=neutral, PublicKeyToken=null" name="MotoTest15" />
      <Extension>Microsoft.VisualStudio.TestTools.UITesting.CodedUITestAttribute, Microsoft.VisualStudio.QualityTools.CodedUITestFramework, Version=10.0.0.0, Culture=neutral, PublicKeyToken=b03f5f7f11d50a3a</Extension>
    </UnitTest>
    <UnitTest name="HouseTest10" storage="testproject7.dll" id="98368514-c48e-be24-398b-d9342dd6b274">
      <Execution id="87ba25c9-c6f2-4555-a7e7-1bdc605b18d2" />
      <TestMethod codeBase="C:/TestProject7/TestProject7/bin/Debug/TestProject7.dll" adapterTypeName="Microsoft.VisualStudio.TestTools.TestTypes.Unit.UnitTestAdapter, Microsoft.VisualStudio.QualityTools.Tips.UnitTest.Adapter, Version=10.0.0.0, Culture=neutral, PublicKeyToken=b03f5f7f11d50a3a" className="TestProject7.TamAutotest, TestProject7, Version=1.0.0.0, Culture=neutral, PublicKeyToken=null" name="HouseTest10" />
      <Extension>Microsoft.VisualStudio.TestTools.UITesting.CodedUITestAttribute, Microsoft.VisualStudio.QualityTools.CodedUITestFramework, Version=10.0.0.0, Culture=neutral, PublicKeyToken=b03f5f7f11d50a3a</Extension>
    </UnitTest>
    <UnitTest name="HouseTest8" storage="testproject7.dll" id="f90b30ce-fb72-514e-f606-6c0b8cb3f354">
      <Execution id="f8a2069b-c019-4c8e-b1ef-298c12bb2382" />
      <TestMethod codeBase="C:/TestProject7/TestProject7/bin/Debug/TestProject7.dll" adapterTypeName="Microsoft.VisualStudio.TestTools.TestTypes.Unit.UnitTestAdapter, Microsoft.VisualStudio.QualityTools.Tips.UnitTest.Adapter, Version=10.0.0.0, Culture=neutral, PublicKeyToken=b03f5f7f11d50a3a" className="TestProject7.TamAutotest, TestProject7, Version=1.0.0.0, Culture=neutral, PublicKeyToken=null" name="HouseTest8" />
      <Extension>Microsoft.VisualStudio.TestTools.UITesting.CodedUITestAttribute, Microsoft.VisualStudio.QualityTools.CodedUITestFramework, Version=10.0.0.0, Culture=neutral, PublicKeyToken=b03f5f7f11d50a3a</Extension>
    </UnitTest>
    <UnitTest name="HouseTest1" storage="testproject7.dll" id="64ea79e0-cb1d-9a10-db69-a15b7769e7d8">
      <Execution id="60941e73-a520-43db-9354-8e12318dae5a" />
      <TestMethod codeBase="C:/TestProject7/TestProject7/bin/Debug/TestProject7.dll" adapterTypeName="Microsoft.VisualStudio.TestTools.TestTypes.Unit.UnitTestAdapter, Microsoft.VisualStudio.QualityTools.Tips.UnitTest.Adapter, Version=10.0.0.0, Culture=neutral, PublicKeyToken=b03f5f7f11d50a3a" className="TestProject7.TamAutotest, TestProject7, Version=1.0.0.0, Culture=neutral, PublicKeyToken=null" name="HouseTest1" />
      <Extension>Microsoft.VisualStudio.TestTools.UITesting.CodedUITestAttribute, Microsoft.VisualStudio.QualityTools.CodedUITestFramework, Version=10.0.0.0, Culture=neutral, PublicKeyToken=b03f5f7f11d50a3a</Extension>
    </UnitTest>
    <UnitTest name="HouseTest17" storage="testproject7.dll" id="cc49fe58-5f78-ea01-6c4b-c4ec9db0e41d">
      <Execution id="13e32313-6521-4ae6-b24f-cf24d7e9e408" />
      <TestMethod codeBase="C:/TestProject7/TestProject7/bin/Debug/TestProject7.dll" adapterTypeName="Microsoft.VisualStudio.TestTools.TestTypes.Unit.UnitTestAdapter, Microsoft.VisualStudio.QualityTools.Tips.UnitTest.Adapter, Version=10.0.0.0, Culture=neutral, PublicKeyToken=b03f5f7f11d50a3a" className="TestProject7.TamAutotest, TestProject7, Version=1.0.0.0, Culture=neutral, PublicKeyToken=null" name="HouseTest17" />
      <Extension>Microsoft.VisualStudio.TestTools.UITesting.CodedUITestAttribute, Microsoft.VisualStudio.QualityTools.CodedUITestFramework, Version=10.0.0.0, Culture=neutral, PublicKeyToken=b03f5f7f11d50a3a</Extension>
    </UnitTest>
    <UnitTest name="MotoTest17" storage="testproject7.dll" id="0457170a-e33e-18a3-7909-18d70df8aa6e">
      <Execution id="7021809d-39e6-40c2-8ba4-42892ea8b7c4" />
      <TestMethod codeBase="C:/TestProject7/TestProject7/bin/Debug/TestProject7.dll" adapterTypeName="Microsoft.VisualStudio.TestTools.TestTypes.Unit.UnitTestAdapter, Microsoft.VisualStudio.QualityTools.Tips.UnitTest.Adapter, Version=10.0.0.0, Culture=neutral, PublicKeyToken=b03f5f7f11d50a3a" className="TestProject7.TamAutotest, TestProject7, Version=1.0.0.0, Culture=neutral, PublicKeyToken=null" name="MotoTest17" />
      <Extension>Microsoft.VisualStudio.TestTools.UITesting.CodedUITestAttribute, Microsoft.VisualStudio.QualityTools.CodedUITestFramework, Version=10.0.0.0, Culture=neutral, PublicKeyToken=b03f5f7f11d50a3a</Extension>
    </UnitTest>
    <UnitTest name="MotoTest5" storage="testproject7.dll" id="10042bab-44aa-7cea-8ac0-06cc3b3adbb3">
      <Execution id="dd60e431-8d42-422f-a5aa-19e2aa0add0e" />
      <TestMethod codeBase="C:/TestProject7/TestProject7/bin/Debug/TestProject7.dll" adapterTypeName="Microsoft.VisualStudio.TestTools.TestTypes.Unit.UnitTestAdapter, Microsoft.VisualStudio.QualityTools.Tips.UnitTest.Adapter, Version=10.0.0.0, Culture=neutral, PublicKeyToken=b03f5f7f11d50a3a" className="TestProject7.TamAutotest, TestProject7, Version=1.0.0.0, Culture=neutral, PublicKeyToken=null" name="MotoTest5" />
      <Extension>Microsoft.VisualStudio.TestTools.UITesting.CodedUITestAttribute, Microsoft.VisualStudio.QualityTools.CodedUITestFramework, Version=10.0.0.0, Culture=neutral, PublicKeyToken=b03f5f7f11d50a3a</Extension>
    </UnitTest>
    <UnitTest name="HouseTest11" storage="testproject7.dll" id="1f5cea9c-51f4-0379-9851-579f986f33b2">
      <Execution id="8d98fa41-4036-4b5a-b96a-2de3077f3f5f" />
      <TestMethod codeBase="C:/TestProject7/TestProject7/bin/Debug/TestProject7.dll" adapterTypeName="Microsoft.VisualStudio.TestTools.TestTypes.Unit.UnitTestAdapter, Microsoft.VisualStudio.QualityTools.Tips.UnitTest.Adapter, Version=10.0.0.0, Culture=neutral, PublicKeyToken=b03f5f7f11d50a3a" className="TestProject7.TamAutotest, TestProject7, Version=1.0.0.0, Culture=neutral, PublicKeyToken=null" name="HouseTest11" />
      <Extension>Microsoft.VisualStudio.TestTools.UITesting.CodedUITestAttribute, Microsoft.VisualStudio.QualityTools.CodedUITestFramework, Version=10.0.0.0, Culture=neutral, PublicKeyToken=b03f5f7f11d50a3a</Extension>
    </UnitTest>
    <UnitTest name="HouseTest3" storage="testproject7.dll" id="aa9bc056-c0ff-30da-3884-b0617a17e15e">
      <Execution id="5ff5757c-ebc8-430b-89a5-88143c9d9660" />
      <TestMethod codeBase="C:/TestProject7/TestProject7/bin/Debug/TestProject7.dll" adapterTypeName="Microsoft.VisualStudio.TestTools.TestTypes.Unit.UnitTestAdapter, Microsoft.VisualStudio.QualityTools.Tips.UnitTest.Adapter, Version=10.0.0.0, Culture=neutral, PublicKeyToken=b03f5f7f11d50a3a" className="TestProject7.TamAutotest, TestProject7, Version=1.0.0.0, Culture=neutral, PublicKeyToken=null" name="HouseTest3" />
      <Extension>Microsoft.VisualStudio.TestTools.UITesting.CodedUITestAttribute, Microsoft.VisualStudio.QualityTools.CodedUITestFramework, Version=10.0.0.0, Culture=neutral, PublicKeyToken=b03f5f7f11d50a3a</Extension>
    </UnitTest>
    <UnitTest name="HouseTest12" storage="testproject7.dll" id="48cd184c-cde9-ee8e-5402-446e48162107">
      <Execution id="d7e50a08-e458-4c33-8ca0-d8c27a817522" />
      <TestMethod codeBase="C:/TestProject7/TestProject7/bin/Debug/TestProject7.dll" adapterTypeName="Microsoft.VisualStudio.TestTools.TestTypes.Unit.UnitTestAdapter, Microsoft.VisualStudio.QualityTools.Tips.UnitTest.Adapter, Version=10.0.0.0, Culture=neutral, PublicKeyToken=b03f5f7f11d50a3a" className="TestProject7.TamAutotest, TestProject7, Version=1.0.0.0, Culture=neutral, PublicKeyToken=null" name="HouseTest12" />
      <Extension>Microsoft.VisualStudio.TestTools.UITesting.CodedUITestAttribute, Microsoft.VisualStudio.QualityTools.CodedUITestFramework, Version=10.0.0.0, Culture=neutral, PublicKeyToken=b03f5f7f11d50a3a</Extension>
    </UnitTest>
    <UnitTest name="MotoTest3" storage="testproject7.dll" id="450e4b2d-ad88-da3f-6d50-5c9a0ae1aa51">
      <Execution id="fb9a5113-1de2-4652-8096-9a91a70d06e4" />
      <TestMethod codeBase="C:/TestProject7/TestProject7/bin/Debug/TestProject7.dll" adapterTypeName="Microsoft.VisualStudio.TestTools.TestTypes.Unit.UnitTestAdapter, Microsoft.VisualStudio.QualityTools.Tips.UnitTest.Adapter, Version=10.0.0.0, Culture=neutral, PublicKeyToken=b03f5f7f11d50a3a" className="TestProject7.TamAutotest, TestProject7, Version=1.0.0.0, Culture=neutral, PublicKeyToken=null" name="MotoTest3" />
      <Extension>Microsoft.VisualStudio.TestTools.UITesting.CodedUITestAttribute, Microsoft.VisualStudio.QualityTools.CodedUITestFramework, Version=10.0.0.0, Culture=neutral, PublicKeyToken=b03f5f7f11d50a3a</Extension>
    </UnitTest>
    <UnitTest name="MotoTest12" storage="testproject7.dll" id="614f56be-e9c0-f1e7-ad65-1f0b7d6a0f1c">
      <Execution id="509fce43-4aaf-4b03-b0db-84d98ee86cbf" />
      <TestMethod codeBase="C:/TestProject7/TestProject7/bin/Debug/TestProject7.dll" adapterTypeName="Microsoft.VisualStudio.TestTools.TestTypes.Unit.UnitTestAdapter, Microsoft.VisualStudio.QualityTools.Tips.UnitTest.Adapter, Version=10.0.0.0, Culture=neutral, PublicKeyToken=b03f5f7f11d50a3a" className="TestProject7.TamAutotest, TestProject7, Version=1.0.0.0, Culture=neutral, PublicKeyToken=null" name="MotoTest12" />
      <Extension>Microsoft.VisualStudio.TestTools.UITesting.CodedUITestAttribute, Microsoft.VisualStudio.QualityTools.CodedUITestFramework, Version=10.0.0.0, Culture=neutral, PublicKeyToken=b03f5f7f11d50a3a</Extension>
    </UnitTest>
    <UnitTest name="HouseTest4" storage="testproject7.dll" id="ff0c96a1-2fee-7235-6d80-2186de4b80b7">
      <Execution id="cc2d0aae-7674-4c64-aedb-fbadf69c0090" />
      <TestMethod codeBase="C:/TestProject7/TestProject7/bin/Debug/TestProject7.dll" adapterTypeName="Microsoft.VisualStudio.TestTools.TestTypes.Unit.UnitTestAdapter, Microsoft.VisualStudio.QualityTools.Tips.UnitTest.Adapter, Version=10.0.0.0, Culture=neutral, PublicKeyToken=b03f5f7f11d50a3a" className="TestProject7.TamAutotest, TestProject7, Version=1.0.0.0, Culture=neutral, PublicKeyToken=null" name="HouseTest4" />
      <Extension>Microsoft.VisualStudio.TestTools.UITesting.CodedUITestAttribute, Microsoft.VisualStudio.QualityTools.CodedUITestFramework, Version=10.0.0.0, Culture=neutral, PublicKeyToken=b03f5f7f11d50a3a</Extension>
    </UnitTest>
    <UnitTest name="MotoTest2" storage="testproject7.dll" id="6a41f98c-60c7-3333-a5a3-d5d87b5c35c7">
      <Execution id="70b41155-2fdc-49a3-b90a-09dc0990f96a" />
      <TestMethod codeBase="C:/TestProject7/TestProject7/bin/Debug/TestProject7.dll" adapterTypeName="Microsoft.VisualStudio.TestTools.TestTypes.Unit.UnitTestAdapter, Microsoft.VisualStudio.QualityTools.Tips.UnitTest.Adapter, Version=10.0.0.0, Culture=neutral, PublicKeyToken=b03f5f7f11d50a3a" className="TestProject7.TamAutotest, TestProject7, Version=1.0.0.0, Culture=neutral, PublicKeyToken=null" name="MotoTest2" />
      <Extension>Microsoft.VisualStudio.TestTools.UITesting.CodedUITestAttribute, Microsoft.VisualStudio.QualityTools.CodedUITestFramework, Version=10.0.0.0, Culture=neutral, PublicKeyToken=b03f5f7f11d50a3a</Extension>
    </UnitTest>
    <UnitTest name="MotoTest6" storage="testproject7.dll" id="b7f68495-37f9-58f0-5c9b-6e190b9adaa8">
      <Execution id="4d2fda17-98dc-489d-982b-12d0a00f109b" />
      <TestMethod codeBase="C:/TestProject7/TestProject7/bin/Debug/TestProject7.dll" adapterTypeName="Microsoft.VisualStudio.TestTools.TestTypes.Unit.UnitTestAdapter, Microsoft.VisualStudio.QualityTools.Tips.UnitTest.Adapter, Version=10.0.0.0, Culture=neutral, PublicKeyToken=b03f5f7f11d50a3a" className="TestProject7.TamAutotest, TestProject7, Version=1.0.0.0, Culture=neutral, PublicKeyToken=null" name="MotoTest6" />
      <Extension>Microsoft.VisualStudio.TestTools.UITesting.CodedUITestAttribute, Microsoft.VisualStudio.QualityTools.CodedUITestFramework, Version=10.0.0.0, Culture=neutral, PublicKeyToken=b03f5f7f11d50a3a</Extension>
    </UnitTest>
    <UnitTest name="MotoTest16" storage="testproject7.dll" id="c540cf3f-a6f3-b5ba-c3cd-38a0f986a3da">
      <Execution id="d5537520-40eb-4884-ac76-0f3ba7c9c0ef" />
      <TestMethod codeBase="C:/TestProject7/TestProject7/bin/Debug/TestProject7.dll" adapterTypeName="Microsoft.VisualStudio.TestTools.TestTypes.Unit.UnitTestAdapter, Microsoft.VisualStudio.QualityTools.Tips.UnitTest.Adapter, Version=10.0.0.0, Culture=neutral, PublicKeyToken=b03f5f7f11d50a3a" className="TestProject7.TamAutotest, TestProject7, Version=1.0.0.0, Culture=neutral, PublicKeyToken=null" name="MotoTest16" />
      <Extension>Microsoft.VisualStudio.TestTools.UITesting.CodedUITestAttribute, Microsoft.VisualStudio.QualityTools.CodedUITestFramework, Version=10.0.0.0, Culture=neutral, PublicKeyToken=b03f5f7f11d50a3a</Extension>
    </UnitTest>
    <UnitTest name="HouseTest16" storage="testproject7.dll" id="038bd6f9-2ee9-ebbb-433c-13d24e4980e9">
      <Execution id="03c865ad-f8cc-402c-8ff1-8571cb0f992d" />
      <TestMethod codeBase="C:/TestProject7/TestProject7/bin/Debug/TestProject7.dll" adapterTypeName="Microsoft.VisualStudio.TestTools.TestTypes.Unit.UnitTestAdapter, Microsoft.VisualStudio.QualityTools.Tips.UnitTest.Adapter, Version=10.0.0.0, Culture=neutral, PublicKeyToken=b03f5f7f11d50a3a" className="TestProject7.TamAutotest, TestProject7, Version=1.0.0.0, Culture=neutral, PublicKeyToken=null" name="HouseTest16" />
      <Extension>Microsoft.VisualStudio.TestTools.UITesting.CodedUITestAttribute, Microsoft.VisualStudio.QualityTools.CodedUITestFramework, Version=10.0.0.0, Culture=neutral, PublicKeyToken=b03f5f7f11d50a3a</Extension>
    </UnitTest>
    <UnitTest name="MotoTest18" storage="testproject7.dll" id="95111846-656e-91d9-dc83-b04719c1fedd">
      <Execution id="f7a82eb4-bcc9-4076-bd4b-b8110217258e" />
      <TestMethod codeBase="C:/TestProject7/TestProject7/bin/Debug/TestProject7.dll" adapterTypeName="Microsoft.VisualStudio.TestTools.TestTypes.Unit.UnitTestAdapter, Microsoft.VisualStudio.QualityTools.Tips.UnitTest.Adapter, Version=10.0.0.0, Culture=neutral, PublicKeyToken=b03f5f7f11d50a3a" className="TestProject7.TamAutotest, TestProject7, Version=1.0.0.0, Culture=neutral, PublicKeyToken=null" name="MotoTest18" />
      <Extension>Microsoft.VisualStudio.TestTools.UITesting.CodedUITestAttribute, Microsoft.VisualStudio.QualityTools.CodedUITestFramework, Version=10.0.0.0, Culture=neutral, PublicKeyToken=b03f5f7f11d50a3a</Extension>
    </UnitTest>
    <UnitTest name="HouseTest6" storage="testproject7.dll" id="aa8325da-50fe-092e-bd85-bbb5f1ac650a">
      <Execution id="8aa4c553-3be7-4e66-9e8e-c6b1cc53e2a6" />
      <TestMethod codeBase="C:/TestProject7/TestProject7/bin/Debug/TestProject7.dll" adapterTypeName="Microsoft.VisualStudio.TestTools.TestTypes.Unit.UnitTestAdapter, Microsoft.VisualStudio.QualityTools.Tips.UnitTest.Adapter, Version=10.0.0.0, Culture=neutral, PublicKeyToken=b03f5f7f11d50a3a" className="TestProject7.TamAutotest, TestProject7, Version=1.0.0.0, Culture=neutral, PublicKeyToken=null" name="HouseTest6" />
      <Extension>Microsoft.VisualStudio.TestTools.UITesting.CodedUITestAttribute, Microsoft.VisualStudio.QualityTools.CodedUITestFramework, Version=10.0.0.0, Culture=neutral, PublicKeyToken=b03f5f7f11d50a3a</Extension>
    </UnitTest>
    <UnitTest name="HouseTest13" storage="testproject7.dll" id="d39a31b1-2e8f-859b-cccc-1ae9e057a582">
      <Execution id="8394d489-099b-44eb-beeb-630fbab47ca7" />
      <TestMethod codeBase="C:/TestProject7/TestProject7/bin/Debug/TestProject7.dll" adapterTypeName="Microsoft.VisualStudio.TestTools.TestTypes.Unit.UnitTestAdapter, Microsoft.VisualStudio.QualityTools.Tips.UnitTest.Adapter, Version=10.0.0.0, Culture=neutral, PublicKeyToken=b03f5f7f11d50a3a" className="TestProject7.TamAutotest, TestProject7, Version=1.0.0.0, Culture=neutral, PublicKeyToken=null" name="HouseTest13" />
      <Extension>Microsoft.VisualStudio.TestTools.UITesting.CodedUITestAttribute, Microsoft.VisualStudio.QualityTools.CodedUITestFramework, Version=10.0.0.0, Culture=neutral, PublicKeyToken=b03f5f7f11d50a3a</Extension>
    </UnitTest>
    <UnitTest name="MotoTest7" storage="testproject7.dll" id="e022376f-b2fb-4981-6140-b019eeaa6c94">
      <Execution id="1cca64bd-d5da-4ff9-a0eb-63c22658451e" />
      <TestMethod codeBase="C:/TestProject7/TestProject7/bin/Debug/TestProject7.dll" adapterTypeName="Microsoft.VisualStudio.TestTools.TestTypes.Unit.UnitTestAdapter, Microsoft.VisualStudio.QualityTools.Tips.UnitTest.Adapter, Version=10.0.0.0, Culture=neutral, PublicKeyToken=b03f5f7f11d50a3a" className="TestProject7.TamAutotest, TestProject7, Version=1.0.0.0, Culture=neutral, PublicKeyToken=null" name="MotoTest7" />
      <Extension>Microsoft.VisualStudio.TestTools.UITesting.CodedUITestAttribute, Microsoft.VisualStudio.QualityTools.CodedUITestFramework, Version=10.0.0.0, Culture=neutral, PublicKeyToken=b03f5f7f11d50a3a</Extension>
    </UnitTest>
    <UnitTest name="MotoTest1" storage="testproject7.dll" id="9e6b6d54-b79f-e7d9-2609-a84c350c12a1">
      <Execution id="5f4bdd34-50df-4a74-9cf8-fe5f20ea54d6" />
      <TestMethod codeBase="C:/TestProject7/TestProject7/bin/Debug/TestProject7.dll" adapterTypeName="Microsoft.VisualStudio.TestTools.TestTypes.Unit.UnitTestAdapter, Microsoft.VisualStudio.QualityTools.Tips.UnitTest.Adapter, Version=10.0.0.0, Culture=neutral, PublicKeyToken=b03f5f7f11d50a3a" className="TestProject7.TamAutotest, TestProject7, Version=1.0.0.0, Culture=neutral, PublicKeyToken=null" name="MotoTest1" />
      <Extension>Microsoft.VisualStudio.TestTools.UITesting.CodedUITestAttribute, Microsoft.VisualStudio.QualityTools.CodedUITestFramework, Version=10.0.0.0, Culture=neutral, PublicKeyToken=b03f5f7f11d50a3a</Extension>
    </UnitTest>
    <UnitTest name="MotoTest14" storage="testproject7.dll" id="e560b224-e5b1-72de-4969-2e5cddf85208">
      <Execution id="6cbd475e-a05a-4abc-ac5d-db771f4ebded" />
      <TestMethod codeBase="C:/TestProject7/TestProject7/bin/Debug/TestProject7.dll" adapterTypeName="Microsoft.VisualStudio.TestTools.TestTypes.Unit.UnitTestAdapter, Microsoft.VisualStudio.QualityTools.Tips.UnitTest.Adapter, Version=10.0.0.0, Culture=neutral, PublicKeyToken=b03f5f7f11d50a3a" className="TestProject7.TamAutotest, TestProject7, Version=1.0.0.0, Culture=neutral, PublicKeyToken=null" name="MotoTest14" />
      <Extension>Microsoft.VisualStudio.TestTools.UITesting.CodedUITestAttribute, Microsoft.VisualStudio.QualityTools.CodedUITestFramework, Version=10.0.0.0, Culture=neutral, PublicKeyToken=b03f5f7f11d50a3a</Extension>
    </UnitTest>
    <UnitTest name="MotoTest13" storage="testproject7.dll" id="1662bbff-6668-68e6-e702-5ec6450deb96">
      <Execution id="943204b2-f4ba-418a-b8df-085a30b71e16" />
      <TestMethod codeBase="C:/TestProject7/TestProject7/bin/Debug/TestProject7.dll" adapterTypeName="Microsoft.VisualStudio.TestTools.TestTypes.Unit.UnitTestAdapter, Microsoft.VisualStudio.QualityTools.Tips.UnitTest.Adapter, Version=10.0.0.0, Culture=neutral, PublicKeyToken=b03f5f7f11d50a3a" className="TestProject7.TamAutotest, TestProject7, Version=1.0.0.0, Culture=neutral, PublicKeyToken=null" name="MotoTest13" />
      <Extension>Microsoft.VisualStudio.TestTools.UITesting.CodedUITestAttribute, Microsoft.VisualStudio.QualityTools.CodedUITestFramework, Version=10.0.0.0, Culture=neutral, PublicKeyToken=b03f5f7f11d50a3a</Extension>
    </UnitTest>
    <UnitTest name="MotoTest8" storage="testproject7.dll" id="07cf762e-0596-8be3-6b38-ed80b9a02463">
      <Execution id="bb3ea289-3005-4c42-8662-34998d96b082" />
      <TestMethod codeBase="C:/TestProject7/TestProject7/bin/Debug/TestProject7.dll" adapterTypeName="Microsoft.VisualStudio.TestTools.TestTypes.Unit.UnitTestAdapter, Microsoft.VisualStudio.QualityTools.Tips.UnitTest.Adapter, Version=10.0.0.0, Culture=neutral, PublicKeyToken=b03f5f7f11d50a3a" className="TestProject7.TamAutotest, TestProject7, Version=1.0.0.0, Culture=neutral, PublicKeyToken=null" name="MotoTest8" />
      <Extension>Microsoft.VisualStudio.TestTools.UITesting.CodedUITestAttribute, Microsoft.VisualStudio.QualityTools.CodedUITestFramework, Version=10.0.0.0, Culture=neutral, PublicKeyToken=b03f5f7f11d50a3a</Extension>
    </UnitTest>
    <UnitTest name="MotoTest10" storage="testproject7.dll" id="8efed318-945d-2a9d-e29d-a71a05da5660">
      <Execution id="6b8fe860-6916-49ea-a908-5f8c2b238441" />
      <TestMethod codeBase="C:/TestProject7/TestProject7/bin/Debug/TestProject7.dll" adapterTypeName="Microsoft.VisualStudio.TestTools.TestTypes.Unit.UnitTestAdapter, Microsoft.VisualStudio.QualityTools.Tips.UnitTest.Adapter, Version=10.0.0.0, Culture=neutral, PublicKeyToken=b03f5f7f11d50a3a" className="TestProject7.TamAutotest, TestProject7, Version=1.0.0.0, Culture=neutral, PublicKeyToken=null" name="MotoTest10" />
      <Extension>Microsoft.VisualStudio.TestTools.UITesting.CodedUITestAttribute, Microsoft.VisualStudio.QualityTools.CodedUITestFramework, Version=10.0.0.0, Culture=neutral, PublicKeyToken=b03f5f7f11d50a3a</Extension>
    </UnitTest>
    <UnitTest name="MotoTest19" storage="testproject7.dll" id="0faa065a-7d90-5129-349a-696c971dbf85">
      <Execution id="1f690c3b-7c16-4b10-bbdf-2644241cd855" />
      <TestMethod codeBase="C:/TestProject7/TestProject7/bin/Debug/TestProject7.dll" adapterTypeName="Microsoft.VisualStudio.TestTools.TestTypes.Unit.UnitTestAdapter, Microsoft.VisualStudio.QualityTools.Tips.UnitTest.Adapter, Version=10.0.0.0, Culture=neutral, PublicKeyToken=b03f5f7f11d50a3a" className="TestProject7.TamAutotest, TestProject7, Version=1.0.0.0, Culture=neutral, PublicKeyToken=null" name="MotoTest19" />
      <Extension>Microsoft.VisualStudio.TestTools.UITesting.CodedUITestAttribute, Microsoft.VisualStudio.QualityTools.CodedUITestFramework, Version=10.0.0.0, Culture=neutral, PublicKeyToken=b03f5f7f11d50a3a</Extension>
    </UnitTest>
    <UnitTest name="HouseTest14" storage="testproject7.dll" id="7f48209e-9cf1-6453-3b34-7220c4ec30a7">
      <Execution id="b569d469-4c5b-458d-95d4-fe0d37708fc7" />
      <TestMethod codeBase="C:/TestProject7/TestProject7/bin/Debug/TestProject7.dll" adapterTypeName="Microsoft.VisualStudio.TestTools.TestTypes.Unit.UnitTestAdapter, Microsoft.VisualStudio.QualityTools.Tips.UnitTest.Adapter, Version=10.0.0.0, Culture=neutral, PublicKeyToken=b03f5f7f11d50a3a" className="TestProject7.TamAutotest, TestProject7, Version=1.0.0.0, Culture=neutral, PublicKeyToken=null" name="HouseTest14" />
      <Extension>Microsoft.VisualStudio.TestTools.UITesting.CodedUITestAttribute, Microsoft.VisualStudio.QualityTools.CodedUITestFramework, Version=10.0.0.0, Culture=neutral, PublicKeyToken=b03f5f7f11d50a3a</Extension>
    </UnitTest>
    <UnitTest name="HouseTest9" storage="testproject7.dll" id="b4c07ca4-d489-a213-d4df-1c267d591a59">
      <Execution id="3c2d9d0d-e671-4f42-807f-71403a6a6080" />
      <TestMethod codeBase="C:/TestProject7/TestProject7/bin/Debug/TestProject7.dll" adapterTypeName="Microsoft.VisualStudio.TestTools.TestTypes.Unit.UnitTestAdapter, Microsoft.VisualStudio.QualityTools.Tips.UnitTest.Adapter, Version=10.0.0.0, Culture=neutral, PublicKeyToken=b03f5f7f11d50a3a" className="TestProject7.TamAutotest, TestProject7, Version=1.0.0.0, Culture=neutral, PublicKeyToken=null" name="HouseTest9" />
      <Extension>Microsoft.VisualStudio.TestTools.UITesting.CodedUITestAttribute, Microsoft.VisualStudio.QualityTools.CodedUITestFramework, Version=10.0.0.0, Culture=neutral, PublicKeyToken=b03f5f7f11d50a3a</Extension>
    </UnitTest>
    <UnitTest name="MotoTest11" storage="testproject7.dll" id="0f4d10f2-7035-3d68-762a-b62c4853fb8a">
      <Execution id="faf93877-bacb-4967-95b6-a430908702db" />
      <TestMethod codeBase="C:/TestProject7/TestProject7/bin/Debug/TestProject7.dll" adapterTypeName="Microsoft.VisualStudio.TestTools.TestTypes.Unit.UnitTestAdapter, Microsoft.VisualStudio.QualityTools.Tips.UnitTest.Adapter, Version=10.0.0.0, Culture=neutral, PublicKeyToken=b03f5f7f11d50a3a" className="TestProject7.TamAutotest, TestProject7, Version=1.0.0.0, Culture=neutral, PublicKeyToken=null" name="MotoTest11" />
      <Extension>Microsoft.VisualStudio.TestTools.UITesting.CodedUITestAttribute, Microsoft.VisualStudio.QualityTools.CodedUITestFramework, Version=10.0.0.0, Culture=neutral, PublicKeyToken=b03f5f7f11d50a3a</Extension>
    </UnitTest>
    <UnitTest name="HouseTest2" storage="testproject7.dll" id="8f5b1340-58a6-e129-3b7d-c88835b7065d">
      <Execution id="30494362-82dc-4ed1-8367-3b9c6e3a8719" />
      <TestMethod codeBase="C:/TestProject7/TestProject7/bin/Debug/TestProject7.dll" adapterTypeName="Microsoft.VisualStudio.TestTools.TestTypes.Unit.UnitTestAdapter, Microsoft.VisualStudio.QualityTools.Tips.UnitTest.Adapter, Version=10.0.0.0, Culture=neutral, PublicKeyToken=b03f5f7f11d50a3a" className="TestProject7.TamAutotest, TestProject7, Version=1.0.0.0, Culture=neutral, PublicKeyToken=null" name="HouseTest2" />
      <Extension>Microsoft.VisualStudio.TestTools.UITesting.CodedUITestAttribute, Microsoft.VisualStudio.QualityTools.CodedUITestFramework, Version=10.0.0.0, Culture=neutral, PublicKeyToken=b03f5f7f11d50a3a</Extension>
    </UnitTest>
    <UnitTest name="MotoTest4" storage="testproject7.dll" id="4e743fde-a814-86c0-27fd-8728ac2cb692">
      <Execution id="e548b2c5-fe07-443a-a505-8ea1d010d66c" />
      <TestMethod codeBase="C:/TestProject7/TestProject7/bin/Debug/TestProject7.dll" adapterTypeName="Microsoft.VisualStudio.TestTools.TestTypes.Unit.UnitTestAdapter, Microsoft.VisualStudio.QualityTools.Tips.UnitTest.Adapter, Version=10.0.0.0, Culture=neutral, PublicKeyToken=b03f5f7f11d50a3a" className="TestProject7.TamAutotest, TestProject7, Version=1.0.0.0, Culture=neutral, PublicKeyToken=null" name="MotoTest4" />
      <Extension>Microsoft.VisualStudio.TestTools.UITesting.CodedUITestAttribute, Microsoft.VisualStudio.QualityTools.CodedUITestFramework, Version=10.0.0.0, Culture=neutral, PublicKeyToken=b03f5f7f11d50a3a</Extension>
    </UnitTest>
  </TestDefinitions>
  <TestLists>
    <TestList name="Results Not in a List" id="8c84fa94-04c1-424b-9868-57a2d4851a1d" />
    <TestList name="All Loaded Results" id="19431567-8539-422a-85d7-44ee4e166bda" />
  </TestLists>
  <TestEntries>
    <TestEntry testId="64ea79e0-cb1d-9a10-db69-a15b7769e7d8" executionId="60941e73-a520-43db-9354-8e12318dae5a" testListId="8c84fa94-04c1-424b-9868-57a2d4851a1d" />
    <TestEntry testId="98368514-c48e-be24-398b-d9342dd6b274" executionId="87ba25c9-c6f2-4555-a7e7-1bdc605b18d2" testListId="8c84fa94-04c1-424b-9868-57a2d4851a1d" />
    <TestEntry testId="1f5cea9c-51f4-0379-9851-579f986f33b2" executionId="8d98fa41-4036-4b5a-b96a-2de3077f3f5f" testListId="8c84fa94-04c1-424b-9868-57a2d4851a1d" />
    <TestEntry testId="48cd184c-cde9-ee8e-5402-446e48162107" executionId="d7e50a08-e458-4c33-8ca0-d8c27a817522" testListId="8c84fa94-04c1-424b-9868-57a2d4851a1d" />
    <TestEntry testId="d39a31b1-2e8f-859b-cccc-1ae9e057a582" executionId="8394d489-099b-44eb-beeb-630fbab47ca7" testListId="8c84fa94-04c1-424b-9868-57a2d4851a1d" />
    <TestEntry testId="7f48209e-9cf1-6453-3b34-7220c4ec30a7" executionId="b569d469-4c5b-458d-95d4-fe0d37708fc7" testListId="8c84fa94-04c1-424b-9868-57a2d4851a1d" />
    <TestEntry testId="a95aea6b-c734-4b73-e10a-d65ad4aa23ee" executionId="1db9e670-ba1d-4d4e-a878-84f8402f82ad" testListId="8c84fa94-04c1-424b-9868-57a2d4851a1d" />
    <TestEntry testId="038bd6f9-2ee9-ebbb-433c-13d24e4980e9" executionId="03c865ad-f8cc-402c-8ff1-8571cb0f992d" testListId="8c84fa94-04c1-424b-9868-57a2d4851a1d" />
    <TestEntry testId="cc49fe58-5f78-ea01-6c4b-c4ec9db0e41d" executionId="13e32313-6521-4ae6-b24f-cf24d7e9e408" testListId="8c84fa94-04c1-424b-9868-57a2d4851a1d" />
    <TestEntry testId="0287ed6d-d515-809a-ea56-c0035840a5a4" executionId="69b0cdb0-5e60-4b20-993d-8cde7caacbbd" testListId="8c84fa94-04c1-424b-9868-57a2d4851a1d" />
    <TestEntry testId="8f5b1340-58a6-e129-3b7d-c88835b7065d" executionId="30494362-82dc-4ed1-8367-3b9c6e3a8719" testListId="8c84fa94-04c1-424b-9868-57a2d4851a1d" />
    <TestEntry testId="aa9bc056-c0ff-30da-3884-b0617a17e15e" executionId="5ff5757c-ebc8-430b-89a5-88143c9d9660" testListId="8c84fa94-04c1-424b-9868-57a2d4851a1d" />
    <TestEntry testId="ff0c96a1-2fee-7235-6d80-2186de4b80b7" executionId="cc2d0aae-7674-4c64-aedb-fbadf69c0090" testListId="8c84fa94-04c1-424b-9868-57a2d4851a1d" />
    <TestEntry testId="99f569ef-86f3-fa96-82c3-e9993245d049" executionId="3d4db984-5163-4777-a7f8-644a2c96d3a6" testListId="8c84fa94-04c1-424b-9868-57a2d4851a1d" />
    <TestEntry testId="aa8325da-50fe-092e-bd85-bbb5f1ac650a" executionId="8aa4c553-3be7-4e66-9e8e-c6b1cc53e2a6" testListId="8c84fa94-04c1-424b-9868-57a2d4851a1d" />
    <TestEntry testId="cad41ea6-4986-f170-1def-22ab50e0fb0a" executionId="b008623e-9c6e-40e3-bc7c-bbb38b8907f5" testListId="8c84fa94-04c1-424b-9868-57a2d4851a1d" />
    <TestEntry testId="f90b30ce-fb72-514e-f606-6c0b8cb3f354" executionId="f8a2069b-c019-4c8e-b1ef-298c12bb2382" testListId="8c84fa94-04c1-424b-9868-57a2d4851a1d" />
    <TestEntry testId="b4c07ca4-d489-a213-d4df-1c267d591a59" executionId="3c2d9d0d-e671-4f42-807f-71403a6a6080" testListId="8c84fa94-04c1-424b-9868-57a2d4851a1d" />
    <TestEntry testId="9e6b6d54-b79f-e7d9-2609-a84c350c12a1" executionId="5f4bdd34-50df-4a74-9cf8-fe5f20ea54d6" testListId="8c84fa94-04c1-424b-9868-57a2d4851a1d" />
    <TestEntry testId="8efed318-945d-2a9d-e29d-a71a05da5660" executionId="6b8fe860-6916-49ea-a908-5f8c2b238441" testListId="8c84fa94-04c1-424b-9868-57a2d4851a1d" />
    <TestEntry testId="0f4d10f2-7035-3d68-762a-b62c4853fb8a" executionId="faf93877-bacb-4967-95b6-a430908702db" testListId="8c84fa94-04c1-424b-9868-57a2d4851a1d" />
    <TestEntry testId="614f56be-e9c0-f1e7-ad65-1f0b7d6a0f1c" executionId="509fce43-4aaf-4b03-b0db-84d98ee86cbf" testListId="8c84fa94-04c1-424b-9868-57a2d4851a1d" />
    <TestEntry testId="1662bbff-6668-68e6-e702-5ec6450deb96" executionId="943204b2-f4ba-418a-b8df-085a30b71e16" testListId="8c84fa94-04c1-424b-9868-57a2d4851a1d" />
    <TestEntry testId="e560b224-e5b1-72de-4969-2e5cddf85208" executionId="6cbd475e-a05a-4abc-ac5d-db771f4ebded" testListId="8c84fa94-04c1-424b-9868-57a2d4851a1d" />
    <TestEntry testId="e7680189-6b97-1f0a-48c0-e6d1b1c96b8e" executionId="627bf657-73dc-41fe-a896-76d84662fd41" testListId="8c84fa94-04c1-424b-9868-57a2d4851a1d" />
    <TestEntry testId="c540cf3f-a6f3-b5ba-c3cd-38a0f986a3da" executionId="d5537520-40eb-4884-ac76-0f3ba7c9c0ef" testListId="8c84fa94-04c1-424b-9868-57a2d4851a1d" />
    <TestEntry testId="0457170a-e33e-18a3-7909-18d70df8aa6e" executionId="7021809d-39e6-40c2-8ba4-42892ea8b7c4" testListId="8c84fa94-04c1-424b-9868-57a2d4851a1d" />
    <TestEntry testId="95111846-656e-91d9-dc83-b04719c1fedd" executionId="f7a82eb4-bcc9-4076-bd4b-b8110217258e" testListId="8c84fa94-04c1-424b-9868-57a2d4851a1d" />
    <TestEntry testId="0faa065a-7d90-5129-349a-696c971dbf85" executionId="1f690c3b-7c16-4b10-bbdf-2644241cd855" testListId="8c84fa94-04c1-424b-9868-57a2d4851a1d" />
    <TestEntry testId="6a41f98c-60c7-3333-a5a3-d5d87b5c35c7" executionId="70b41155-2fdc-49a3-b90a-09dc0990f96a" testListId="8c84fa94-04c1-424b-9868-57a2d4851a1d" />
    <TestEntry testId="450e4b2d-ad88-da3f-6d50-5c9a0ae1aa51" executionId="fb9a5113-1de2-4652-8096-9a91a70d06e4" testListId="8c84fa94-04c1-424b-9868-57a2d4851a1d" />
    <TestEntry testId="4e743fde-a814-86c0-27fd-8728ac2cb692" executionId="e548b2c5-fe07-443a-a505-8ea1d010d66c" testListId="8c84fa94-04c1-424b-9868-57a2d4851a1d" />
    <TestEntry testId="10042bab-44aa-7cea-8ac0-06cc3b3adbb3" executionId="dd60e431-8d42-422f-a5aa-19e2aa0add0e" testListId="8c84fa94-04c1-424b-9868-57a2d4851a1d" />
    <TestEntry testId="b7f68495-37f9-58f0-5c9b-6e190b9adaa8" executionId="4d2fda17-98dc-489d-982b-12d0a00f109b" testListId="8c84fa94-04c1-424b-9868-57a2d4851a1d" />
    <TestEntry testId="e022376f-b2fb-4981-6140-b019eeaa6c94" executionId="1cca64bd-d5da-4ff9-a0eb-63c22658451e" testListId="8c84fa94-04c1-424b-9868-57a2d4851a1d" />
    <TestEntry testId="07cf762e-0596-8be3-6b38-ed80b9a02463" executionId="bb3ea289-3005-4c42-8662-34998d96b082" testListId="8c84fa94-04c1-424b-9868-57a2d4851a1d" />
    <TestEntry testId="1820a643-3d71-abad-9636-2b810c74ae19" executionId="b1fea0c4-ba52-40a1-b435-a7dabb7ce7bd" testListId="8c84fa94-04c1-424b-9868-57a2d4851a1d" />
  </TestEntries>
  <Results>
    <UnitTestResult executionId="60941e73-a520-43db-9354-8e12318dae5a" testId="64ea79e0-cb1d-9a10-db69-a15b7769e7d8" testName="HouseTest1" computerName="ICLVDEVAP01" duration="00:00:26.7593384" startTime="2012-11-15T16:15:08.2836057+00:00" endTime="2012-11-15T16:15:36.7706665+00:00" testType="13cdc9d9-ddb5-4fa4-a97d-d965ccfc6d4b" outcome="Failed" testListId="8c84fa94-04c1-424b-9868-57a2d4851a1d" relativeResultsDirectory="60941e73-a520-43db-9354-8e12318dae5a">
      <Output>
        <DebugTrace>W, 484, 14, 2012/11/15, 16:15:11.746, 455289714521, QTAgent32.exe, ExtensionFramework : A Technology Manager with name Web is already registered.
W, 484, 14, 2012/11/15, 16:15:15.257, 455339900359, QTAgent32.exe, &lt;a class=success&gt;Playback - {1} [SUCCESS] MouseButtonClick - "[MSAA, VisibleOnly]ControlType='Edit'"
\0&lt;/a&gt;
W, 484, 14, 2012/11/15, 16:15:15.569, 455344367267, QTAgent32.exe, &lt;a class=success&gt;Playback - {2} [SUCCESS] SendKeys "[*]" - "[MSAA, VisibleOnly]ControlType='Edit'"
\0&lt;/a&gt;
W, 484, 14, 2012/11/15, 16:15:16.006, 455350622775, QTAgent32.exe, &lt;a class=success&gt;Playback - {3} [SUCCESS] MouseButtonClick - "[MSAA, VisibleOnly]ControlType='Button' &amp;&amp; Name='OK'"
\0&lt;/a&gt;
W, 484, 14, 2012/11/15, 16:15:26.973, 455507648100, QTAgent32.exe, Playback - [WARNING] Internal warning: Target element "[MSAA, VisibleOnly]ControlType='Edit'" was not found, so all intermediate elements were ignored. An incorrect element that matches target element Id can be found as the result.  Verify that all intermediate elements in QueryId have valid and unique Ids
\0
W, 484, 14, 2012/11/15, 16:15:27.691, 455517948235, QTAgent32.exe, PERF WARNING: FindAllDescendents: took 11520 ms. Expected it to take maximum 500 ms.
E, 484, 14, 2012/11/15, 16:15:28.034, 455522868659, QTAgent32.exe, LoadLibrary() : Unable to find the resource 37382 from assembly C:\Windows\system32\en-US\ieframe.dll.mui: Error1814
E, 484, 14, 2012/11/15, 16:15:28.034, 455522874381, QTAgent32.exe, LoadLibrary() : Unable to find the resource 41728 from assembly C:\Windows\system32\en-US\ieframe.dll.mui: Error1814
E, 484, 14, 2012/11/15, 16:15:28.034, 455522876608, QTAgent32.exe, LoadLibrary() : Unable to find the resource 8131 from assembly C:\Windows\system32\en-US\ieframe.dll.mui: Error1814
E, 484, 14, 2012/11/15, 16:15:28.034, 455522878797, QTAgent32.exe, LoadLibrary() : Unable to find the resource 8131 from assembly C:\Windows\system32\en-US\ieframe.dll.mui: Error1814
E, 484, 14, 2012/11/15, 16:15:28.034, 455522882470, QTAgent32.exe, LoadLibrary() : Unable to find the resource 8131 from assembly C:\Windows\system32\en-US\ieframe.dll.mui: Error1814
E, 484, 14, 2012/11/15, 16:15:28.112, 455523972656, QTAgent32.exe, LoadLibrary() : Unable to find the resource 803 from assembly C:\Windows\system32\en-US\user32.dll.mui: Error1814
W, 484, 14, 2012/11/15, 16:15:29.984, 455550751677, QTAgent32.exe, &lt;a class=success&gt;Playback - {4} [SUCCESS] SendKeys "^{HOME}" - "[MSAA, VisibleOnly]ControlType='Edit'"
\0&lt;/a&gt;
E, 484, 14, 2012/11/15, 16:15:29.984, 455550778495, QTAgent32.exe, Msaa.GetFocusedElement: could not find accessible object of foreground window
W, 484, 14, 2012/11/15, 16:15:30.093, 455552314872, QTAgent32.exe, &lt;a class=success&gt;Playback - {5} [SUCCESS] SendKeys "^+{END}" - "[MSAA, VisibleOnly]ControlType='Edit'"
\0&lt;/a&gt;
E, 484, 14, 2012/11/15, 16:15:30.093, 455552317177, QTAgent32.exe, Msaa.GetFocusedElement: could not find accessible object of foreground window
W, 484, 14, 2012/11/15, 16:15:30.155, 455553210422, QTAgent32.exe, &lt;a class=success&gt;Playback - {6} [SUCCESS] SendKeys "{DELETE}" - "[MSAA, VisibleOnly]ControlType='Edit'"
\0&lt;/a&gt;
W, 484, 14, 2012/11/15, 16:15:30.608, 455559690751, QTAgent32.exe, &lt;a class=success&gt;Playback - {7} [SUCCESS] SetValueAsEditBox "15/11/2012" - "[MSAA, VisibleOnly]ControlType='Edit'"  &lt; Set via SendKeys &gt;
\0&lt;/a&gt;
W, 484, 14, 2012/11/15, 16:15:32.262, 455583367167, QTAgent32.exe, Playback - [WARNING] Internal warning: Target element "[MSAA, VisibleOnly]ControlType='ComboBox'" was not found, so all intermediate elements were ignored. An incorrect element that matches target element Id can be found as the result.  Verify that all intermediate elements in QueryId have valid and unique Ids
\0
W, 484, 14, 2012/11/15, 16:15:32.792, 455591026766, QTAgent32.exe, PERF WARNING: FindAllDescendents: took 2078 ms. Expected it to take maximum 500 ms.
W, 484, 14, 2012/11/15, 16:15:34.243, 455611786684, QTAgent32.exe, Playback - [WARNING] Internal warning: Can't find anchor child after updating the collection
\0
W, 484, 14, 2012/11/15, 16:15:34.258, 455611999874, QTAgent32.exe, Playback - [WARNING] Internal warning: Can't find anchor child after updating the collection
\0
W, 484, 14, 2012/11/15, 16:15:34.305, 455612685392, QTAgent32.exe, Playback - [WARNING] Internal failure: EnsureVisible via Setting Focus, Scrolling failed
\0
W, 484, 14, 2012/11/15, 16:15:34.352, 455613361354, QTAgent32.exe, Playback - [WARNING] Internal warning: Couldn't get clickable point for ScreenUIElement since it was obscured by another UI element. See comparison tracing below
\0
W, 484, 14, 2012/11/15, 16:15:34.383, 455613804776, QTAgent32.exe, Playback - [WARNING] Internal warning: requested point is out of the screen.  Screen coordinates (0, 0, 1280, 1024).  Point coordintates (6619244, 7209039)
\0
E, 484, 14, 2012/11/15, 16:15:34.492, 455615307430, QTAgent32.exe, &lt;a class=failure&gt;Playback - {8} [FAILED] SetValueAsComboBox "November" - "[MSAA, VisibleOnly]ControlType='ComboBox'"  &lt; EnsureVisible in PrepareForAction failed &gt;\0&lt;/a&gt;
E, 484, 14, 2012/11/15, 16:15:35.210, 455625648772, QTAgent32.exe, Playback - [IMAGE] C:\Users\John Burrows-ad\AppData\Local\Temp\UITestLogs\LastRun\RPFC97F.png
\0
E, 484, 14, 2012/11/15, 16:15:36.131, 455638824485, QTAgent32.exe, AL: Playback Error: Microsoft.VisualStudio.TestTools.UITest.Extension.UITestException: Automation engine is unable to playback the test because it is not able to interact with the desktop.  This could happen if the computer running the test is locked or it’s remote session window is minimized.
   at Microsoft.VisualStudio.TestTools.UITesting.Playback.ThrowIfScreenLockedOrRemoteSessionMinimized()
   at Microsoft.VisualStudio.TestTools.UITesting.Playback.MapAndThrowException(SystemException exception, IPlaybackContext context)
   at Microsoft.VisualStudio.TestTools.UITesting.Playback.MapAndThrowException(SystemException exception, String actionName, UITestControl uiControl)
   at Microsoft.VisualStudio.TestTools.UITesting.Playback.MapAndThrowException(SystemException exception, String actionName, Object parameterValue, UITestControl uiControl)
   at Microsoft.VisualStudio.TestTools.UITesting.UITestControl.SetPropertyValue(String propertyName, Object propertyValue)
   at Microsoft.VisualStudio.TestTools.UITesting.UITestControl.SetProperty(String propertyName, Object value)
W, 484, 14, 2012/11/15, 16:15:36.333, 455641729561, QTAgent32.exe, IEDOM : StopSession of the plugin called before StartSession
W, 484, 14, 2012/11/15, 16:15:36.333, 455641730693, QTAgent32.exe, UIA : StopSession of the plugin called before StartSession
W, 484, 14, 2012/11/15, 16:15:36.349, 455641886953, QTAgent32.exe, SLPlugin : StopSession of the plugin called before StartSession
</DebugTrace>
        <ErrorInfo>
          <Message>Initialization method TestProject7.TamAutotest.StartTest threw exception. Microsoft.VisualStudio.TestTools.UITest.Extension.UITestException: Microsoft.VisualStudio.TestTools.UITest.Extension.UITestException: Automation engine is unable to playback the test because it is not able to interact with the desktop.  This could happen if the computer running the test is locked or it’s remote session window is minimized..</Message>
          <StackTrace>    at Microsoft.VisualStudio.TestTools.UITesting.Playback.ThrowIfScreenLockedOrRemoteSessionMinimized()
   at Microsoft.VisualStudio.TestTools.UITesting.Playback.MapAndThrowException(SystemException exception, IPlaybackContext context)
   at Microsoft.VisualStudio.TestTools.UITesting.Playback.MapAndThrowException(SystemException exception, String actionName, UITestControl uiControl)
   at Microsoft.VisualStudio.TestTools.UITesting.Playback.MapAndThrowException(SystemException exception, String actionName, Object parameterValue, UITestControl uiControl)
   at Microsoft.VisualStudio.TestTools.UITesting.UITestControl.SetPropertyValue(String propertyName, Object propertyValue)
   at Microsoft.VisualStudio.TestTools.UITesting.UITestControl.SetProperty(String propertyName, Object value)
   at Microsoft.VisualStudio.TestTools.UITesting.WinControls.WinComboBox.set_SelectedItem(String value)
   at TestProject7.UIMap.LoginEnterDate() in C:\TestProject7\TestProject7\UIMap.Designer.cs:line 2694
   at TestProject7.TamAutotest.StartTest() in C:\TestProject7\TestProject7\CodedUITest1.cs:line 33
</StackTrace>
        </ErrorInfo>
      </Output>
    </UnitTestResult>
    <UnitTestResult executionId="87ba25c9-c6f2-4555-a7e7-1bdc605b18d2" testId="98368514-c48e-be24-398b-d9342dd6b274" testName="HouseTest10" computerName="ICLVDEVAP01" duration="00:00:00.6391021" startTime="2012-11-15T16:15:36.8018681+00:00" endTime="2012-11-15T16:15:37.4571017+00:00" testType="13cdc9d9-ddb5-4fa4-a97d-d965ccfc6d4b" outcome="Failed" testListId="8c84fa94-04c1-424b-9868-57a2d4851a1d" relativeResultsDirectory="87ba25c9-c6f2-4555-a7e7-1bdc605b18d2">
      <Output>
        <DebugTrace>W, 484, 23, 2012/11/15, 16:15:36.817, 455648629837, QTAgent32.exe, ExtensionFramework : A Technology Manager with name Web is already registered.
W, 484, 23, 2012/11/15, 16:15:36.895, 455649704738, QTAgent32.exe, SLPlugin: Port 4503 already in use
W, 484, 23, 2012/11/15, 16:15:36.895, 455649708449, QTAgent32.exe, SLPlugin: Port 943 already in use
W, 484, 23, 2012/11/15, 16:15:37.441, 455657584621, QTAgent32.exe, IEDOM : StopSession of the plugin called before StartSession
W, 484, 23, 2012/11/15, 16:15:37.441, 455657585724, QTAgent32.exe, UIA : StopSession of the plugin called before StartSession
W, 484, 23, 2012/11/15, 16:15:37.441, 455657586454, QTAgent32.exe, SLPlugin : StopSession of the plugin called before StartSession
</DebugTrace>
        <ErrorInfo>
          <Message>Initialization method TestProject7.TamAutotest.StartTest threw exception. Microsoft.VisualStudio.TestTools.UITest.Extension.FailedToLaunchApplicationException: Microsoft.VisualStudio.TestTools.UITest.Extension.FailedToLaunchApplicationException: "The application cannot be started. This could be due to one of the following reasons:
1) Another instance of the application is already running and only one instance can be running at a time.
2) The application started another process and has now stopped. You may need to launch the process directly.
3) You do not have sufficient privileges for this application." File: C:\APPLIED\WINTAM\HOMEBASE.EXE..</Message>
          <StackTrace>    at Microsoft.VisualStudio.TestTools.UITesting.ApplicationUnderTest.ThrowIfProcessNotValid(Process process)
   at Microsoft.VisualStudio.TestTools.UITesting.ApplicationUnderTest.Start(ProcessStartInfo startInfo)
   at Microsoft.VisualStudio.TestTools.UITesting.ApplicationUnderTest..ctor(String fileName, String alternateFileName, String arguments)
   at Microsoft.VisualStudio.TestTools.UITesting.ApplicationUnderTest.Launch(String fileName, String alternateFileName)
   at TestProject7.UIMap.Login_new() in C:\TestProject7\TestProject7\UIMap.Designer.cs:line 2664
   at TestProject7.TamAutotest.StartTest() in C:\TestProject7\TestProject7\CodedUITest1.cs:line 29
</StackTrace>
        </ErrorInfo>
      </Output>
    </UnitTestResult>
    <UnitTestResult executionId="8d98fa41-4036-4b5a-b96a-2de3077f3f5f" testId="1f5cea9c-51f4-0379-9851-579f986f33b2" testName="HouseTest11" computerName="ICLVDEVAP01" duration="00:00:00.5634827" startTime="2012-11-15T16:15:37.4571017+00:00" endTime="2012-11-15T16:15:38.0343313+00:00" testType="13cdc9d9-ddb5-4fa4-a97d-d965ccfc6d4b" outcome="Failed" testListId="8c84fa94-04c1-424b-9868-57a2d4851a1d" relativeResultsDirectory="8d98fa41-4036-4b5a-b96a-2de3077f3f5f">
      <Output>
        <DebugTrace>W, 484, 29, 2012/11/15, 16:15:37.472, 455658015393, QTAgent32.exe, ExtensionFramework : A Technology Manager with name Web is already registered.
W, 484, 29, 2012/11/15, 16:15:37.503, 455658464056, QTAgent32.exe, SLPlugin: Port 4503 already in use
W, 484, 29, 2012/11/15, 16:15:37.503, 455658467486, QTAgent32.exe, SLPlugin: Port 943 already in use
W, 484, 29, 2012/11/15, 16:15:38.034, 455666036625, QTAgent32.exe, IEDOM : StopSession of the plugin called before StartSession
W, 484, 29, 2012/11/15, 16:15:38.034, 455666037782, QTAgent32.exe, UIA : StopSession of the plugin called before StartSession
W, 484, 29, 2012/11/15, 16:15:38.034, 455666038477, QTAgent32.exe, SLPlugin : StopSession of the plugin called before StartSession
</DebugTrace>
        <ErrorInfo>
          <Message>Initialization method TestProject7.TamAutotest.StartTest threw exception. Microsoft.VisualStudio.TestTools.UITest.Extension.FailedToLaunchApplicationException: Microsoft.VisualStudio.TestTools.UITest.Extension.FailedToLaunchApplicationException: "The application cannot be started. This could be due to one of the following reasons:
1) Another instance of the application is already running and only one instance can be running at a time.
2) The application started another process and has now stopped. You may need to launch the process directly.
3) You do not have sufficient privileges for this application." File: C:\APPLIED\WINTAM\HOMEBASE.EXE..</Message>
          <StackTrace>    at Microsoft.VisualStudio.TestTools.UITesting.ApplicationUnderTest.ThrowIfProcessNotValid(Process process)
   at Microsoft.VisualStudio.TestTools.UITesting.ApplicationUnderTest.Start(ProcessStartInfo startInfo)
   at Microsoft.VisualStudio.TestTools.UITesting.ApplicationUnderTest..ctor(String fileName, String alternateFileName, String arguments)
   at Microsoft.VisualStudio.TestTools.UITesting.ApplicationUnderTest.Launch(String fileName, String alternateFileName)
   at TestProject7.UIMap.Login_new() in C:\TestProject7\TestProject7\UIMap.Designer.cs:line 2664
   at TestProject7.TamAutotest.StartTest() in C:\TestProject7\TestProject7\CodedUITest1.cs:line 29
</StackTrace>
        </ErrorInfo>
      </Output>
    </UnitTestResult>
    <UnitTestResult executionId="d7e50a08-e458-4c33-8ca0-d8c27a817522" testId="48cd184c-cde9-ee8e-5402-446e48162107" testName="HouseTest12" computerName="ICLVDEVAP01" duration="00:00:00.5320364" startTime="2012-11-15T16:15:38.0499321+00:00" endTime="2012-11-15T16:15:38.5959601+00:00" testType="13cdc9d9-ddb5-4fa4-a97d-d965ccfc6d4b" outcome="Failed" testListId="8c84fa94-04c1-424b-9868-57a2d4851a1d" relativeResultsDirectory="d7e50a08-e458-4c33-8ca0-d8c27a817522">
      <Output>
        <DebugTrace>W, 484, 35, 2012/11/15, 16:15:38.065, 455666505397, QTAgent32.exe, ExtensionFramework : A Technology Manager with name Web is already registered.
W, 484, 35, 2012/11/15, 16:15:38.081, 455666722339, QTAgent32.exe, SLPlugin: Port 4503 already in use
W, 484, 35, 2012/11/15, 16:15:38.081, 455666725627, QTAgent32.exe, SLPlugin: Port 943 already in use
W, 484, 35, 2012/11/15, 16:15:38.595, 455674080119, QTAgent32.exe, IEDOM : StopSession of the plugin called before StartSession
W, 484, 35, 2012/11/15, 16:15:38.595, 455674081314, QTAgent32.exe, UIA : StopSession of the plugin called before StartSession
W, 484, 35, 2012/11/15, 16:15:38.595, 455674082070, QTAgent32.exe, SLPlugin : StopSession of the plugin called before StartSession
</DebugTrace>
        <ErrorInfo>
          <Message>Initialization method TestProject7.TamAutotest.StartTest threw exception. Microsoft.VisualStudio.TestTools.UITest.Extension.FailedToLaunchApplicationException: Microsoft.VisualStudio.TestTools.UITest.Extension.FailedToLaunchApplicationException: "The application cannot be started. This could be due to one of the following reasons:
1) Another instance of the application is already running and only one instance can be running at a time.
2) The application started another process and has now stopped. You may need to launch the process directly.
3) You do not have sufficient privileges for this application." File: C:\APPLIED\WINTAM\HOMEBASE.EXE..</Message>
          <StackTrace>    at Microsoft.VisualStudio.TestTools.UITesting.ApplicationUnderTest.ThrowIfProcessNotValid(Process process)
   at Microsoft.VisualStudio.TestTools.UITesting.ApplicationUnderTest.Start(ProcessStartInfo startInfo)
   at Microsoft.VisualStudio.TestTools.UITesting.ApplicationUnderTest..ctor(String fileName, String alternateFileName, String arguments)
   at Microsoft.VisualStudio.TestTools.UITesting.ApplicationUnderTest.Launch(String fileName, String alternateFileName)
   at TestProject7.UIMap.Login_new() in C:\TestProject7\TestProject7\UIMap.Designer.cs:line 2664
   at TestProject7.TamAutotest.StartTest() in C:\TestProject7\TestProject7\CodedUITest1.cs:line 29
</StackTrace>
        </ErrorInfo>
      </Output>
    </UnitTestResult>
    <UnitTestResult executionId="8394d489-099b-44eb-beeb-630fbab47ca7" testId="d39a31b1-2e8f-859b-cccc-1ae9e057a582" testName="HouseTest13" computerName="ICLVDEVAP01" duration="00:00:00.5580503" startTime="2012-11-15T16:15:38.6115609+00:00" endTime="2012-11-15T16:15:39.1731897+00:00" testType="13cdc9d9-ddb5-4fa4-a97d-d965ccfc6d4b" outcome="Failed" testListId="8c84fa94-04c1-424b-9868-57a2d4851a1d" relativeResultsDirectory="8394d489-099b-44eb-beeb-630fbab47ca7">
      <Output>
        <DebugTrace>W, 484, 41, 2012/11/15, 16:15:38.627, 455674506961, QTAgent32.exe, ExtensionFramework : A Technology Manager with name Web is already registered.
W, 484, 41, 2012/11/15, 16:15:38.642, 455674724784, QTAgent32.exe, SLPlugin: Port 4503 already in use
W, 484, 41, 2012/11/15, 16:15:38.642, 455674728160, QTAgent32.exe, SLPlugin: Port 943 already in use
W, 484, 41, 2012/11/15, 16:15:39.157, 455682119945, QTAgent32.exe, IEDOM : StopSession of the plugin called before StartSession
W, 484, 41, 2012/11/15, 16:15:39.157, 455682121068, QTAgent32.exe, UIA : StopSession of the plugin called before StartSession
W, 484, 41, 2012/11/15, 16:15:39.157, 455682121788, QTAgent32.exe, SLPlugin : StopSession of the plugin called before StartSession
</DebugTrace>
        <ErrorInfo>
          <Message>Initialization method TestProject7.TamAutotest.StartTest threw exception. Microsoft.VisualStudio.TestTools.UITest.Extension.FailedToLaunchApplicationException: Microsoft.VisualStudio.TestTools.UITest.Extension.FailedToLaunchApplicationException: "The application cannot be started. This could be due to one of the following reasons:
1) Another instance of the application is already running and only one instance can be running at a time.
2) The application started another process and has now stopped. You may need to launch the process directly.
3) You do not have sufficient privileges for this application." File: C:\APPLIED\WINTAM\HOMEBASE.EXE..</Message>
          <StackTrace>    at Microsoft.VisualStudio.TestTools.UITesting.ApplicationUnderTest.ThrowIfProcessNotValid(Process process)
   at Microsoft.VisualStudio.TestTools.UITesting.ApplicationUnderTest.Start(ProcessStartInfo startInfo)
   at Microsoft.VisualStudio.TestTools.UITesting.ApplicationUnderTest..ctor(String fileName, String alternateFileName, String arguments)
   at Microsoft.VisualStudio.TestTools.UITesting.ApplicationUnderTest.Launch(String fileName, String alternateFileName)
   at TestProject7.UIMap.Login_new() in C:\TestProject7\TestProject7\UIMap.Designer.cs:line 2664
   at TestProject7.TamAutotest.StartTest() in C:\TestProject7\TestProject7\CodedUITest1.cs:line 29
</StackTrace>
        </ErrorInfo>
      </Output>
    </UnitTestResult>
    <UnitTestResult executionId="b569d469-4c5b-458d-95d4-fe0d37708fc7" testId="7f48209e-9cf1-6453-3b34-7220c4ec30a7" testName="HouseTest14" computerName="ICLVDEVAP01" duration="00:00:00.9028375" startTime="2012-11-15T16:15:39.1887905+00:00" endTime="2012-11-15T16:15:40.1092377+00:00" testType="13cdc9d9-ddb5-4fa4-a97d-d965ccfc6d4b" outcome="Failed" testListId="8c84fa94-04c1-424b-9868-57a2d4851a1d" relativeResultsDirectory="b569d469-4c5b-458d-95d4-fe0d37708fc7">
      <Output>
        <DebugTrace>W, 484, 47, 2012/11/15, 16:15:39.204, 455682830656, QTAgent32.exe, ExtensionFramework : A Technology Manager with name Web is already registered.
W, 484, 47, 2012/11/15, 16:15:39.235, 455683214700, QTAgent32.exe, SLPlugin: Port 4503 already in use
W, 484, 47, 2012/11/15, 16:15:39.235, 455683218156, QTAgent32.exe, SLPlugin: Port 943 already in use
W, 484, 47, 2012/11/15, 16:15:40.078, 455695277431, QTAgent32.exe, IEDOM : StopSession of the plugin called before StartSession
W, 484, 47, 2012/11/15, 16:15:40.078, 455695278525, QTAgent32.exe, UIA : StopSession of the plugin called before StartSession
W, 484, 47, 2012/11/15, 16:15:40.078, 455695279243, QTAgent32.exe, SLPlugin : StopSession of the plugin called before StartSession
</DebugTrace>
        <ErrorInfo>
          <Message>Initialization method TestProject7.TamAutotest.StartTest threw exception. Microsoft.VisualStudio.TestTools.UITest.Extension.FailedToLaunchApplicationException: Microsoft.VisualStudio.TestTools.UITest.Extension.FailedToLaunchApplicationException: "The application cannot be started. This could be due to one of the following reasons:
1) Another instance of the application is already running and only one instance can be running at a time.
2) The application started another process and has now stopped. You may need to launch the process directly.
3) You do not have sufficient privileges for this application." File: C:\APPLIED\WINTAM\HOMEBASE.EXE..</Message>
          <StackTrace>    at Microsoft.VisualStudio.TestTools.UITesting.ApplicationUnderTest.ThrowIfProcessNotValid(Process process)
   at Microsoft.VisualStudio.TestTools.UITesting.ApplicationUnderTest.Start(ProcessStartInfo startInfo)
   at Microsoft.VisualStudio.TestTools.UITesting.ApplicationUnderTest..ctor(String fileName, String alternateFileName, String arguments)
   at Microsoft.VisualStudio.TestTools.UITesting.ApplicationUnderTest.Launch(String fileName, String alternateFileName)
   at TestProject7.UIMap.Login_new() in C:\TestProject7\TestProject7\UIMap.Designer.cs:line 2664
   at TestProject7.TamAutotest.StartTest() in C:\TestProject7\TestProject7\CodedUITest1.cs:line 29
</StackTrace>
        </ErrorInfo>
      </Output>
    </UnitTestResult>
    <UnitTestResult executionId="1db9e670-ba1d-4d4e-a878-84f8402f82ad" testId="a95aea6b-c734-4b73-e10a-d65ad4aa23ee" testName="HouseTest15" computerName="ICLVDEVAP01" duration="00:00:01.0880150" startTime="2012-11-15T16:15:40.1248385+00:00" endTime="2012-11-15T16:15:41.2168945+00:00" testType="13cdc9d9-ddb5-4fa4-a97d-d965ccfc6d4b" outcome="Failed" testListId="8c84fa94-04c1-424b-9868-57a2d4851a1d" relativeResultsDirectory="1db9e670-ba1d-4d4e-a878-84f8402f82ad">
      <Output>
        <DebugTrace>W, 484, 53, 2012/11/15, 16:15:40.140, 455696179584, QTAgent32.exe, ExtensionFramework : A Technology Manager with name Web is already registered.
W, 484, 53, 2012/11/15, 16:15:40.234, 455697528600, QTAgent32.exe, SLPlugin: Port 4503 already in use
W, 484, 53, 2012/11/15, 16:15:40.234, 455697532265, QTAgent32.exe, SLPlugin: Port 943 already in use
W, 484, 53, 2012/11/15, 16:15:41.201, 455711415353, QTAgent32.exe, IEDOM : StopSession of the plugin called before StartSession
W, 484, 53, 2012/11/15, 16:15:41.201, 455711416472, QTAgent32.exe, UIA : StopSession of the plugin called before StartSession
W, 484, 53, 2012/11/15, 16:15:41.201, 455711417199, QTAgent32.exe, SLPlugin : StopSession of the plugin called before StartSession
</DebugTrace>
        <ErrorInfo>
          <Message>Initialization method TestProject7.TamAutotest.StartTest threw exception. Microsoft.VisualStudio.TestTools.UITest.Extension.FailedToLaunchApplicationException: Microsoft.VisualStudio.TestTools.UITest.Extension.FailedToLaunchApplicationException: "The application cannot be started. This could be due to one of the following reasons:
1) Another instance of the application is already running and only one instance can be running at a time.
2) The application started another process and has now stopped. You may need to launch the process directly.
3) You do not have sufficient privileges for this application." File: C:\APPLIED\WINTAM\HOMEBASE.EXE..</Message>
          <StackTrace>    at Microsoft.VisualStudio.TestTools.UITesting.ApplicationUnderTest.ThrowIfProcessNotValid(Process process)
   at Microsoft.VisualStudio.TestTools.UITesting.ApplicationUnderTest.Start(ProcessStartInfo startInfo)
   at Microsoft.VisualStudio.TestTools.UITesting.ApplicationUnderTest..ctor(String fileName, String alternateFileName, String arguments)
   at Microsoft.VisualStudio.TestTools.UITesting.ApplicationUnderTest.Launch(String fileName, String alternateFileName)
   at TestProject7.UIMap.Login_new() in C:\TestProject7\TestProject7\UIMap.Designer.cs:line 2664
   at TestProject7.TamAutotest.StartTest() in C:\TestProject7\TestProject7\CodedUITest1.cs:line 29
</StackTrace>
        </ErrorInfo>
      </Output>
    </UnitTestResult>
    <UnitTestResult executionId="03c865ad-f8cc-402c-8ff1-8571cb0f992d" testId="038bd6f9-2ee9-ebbb-433c-13d24e4980e9" testName="HouseTest16" computerName="ICLVDEVAP01" duration="00:00:00.5345834" startTime="2012-11-15T16:15:41.2324953+00:00" endTime="2012-11-15T16:15:41.7941241+00:00" testType="13cdc9d9-ddb5-4fa4-a97d-d965ccfc6d4b" outcome="Failed" testListId="8c84fa94-04c1-424b-9868-57a2d4851a1d" relativeResultsDirectory="03c865ad-f8cc-402c-8ff1-8571cb0f992d">
      <Output>
        <DebugTrace>W, 484, 59, 2012/11/15, 16:15:41.248, 455712055219, QTAgent32.exe, ExtensionFramework : A Technology Manager with name Web is already registered.
W, 484, 59, 2012/11/15, 16:15:41.263, 455712277797, QTAgent32.exe, SLPlugin: Port 4503 already in use
W, 484, 59, 2012/11/15, 16:15:41.263, 455712281269, QTAgent32.exe, SLPlugin: Port 943 already in use
W, 484, 59, 2012/11/15, 16:15:41.778, 455719665050, QTAgent32.exe, IEDOM : StopSession of the plugin called before StartSession
W, 484, 59, 2012/11/15, 16:15:41.778, 455719666312, QTAgent32.exe, UIA : StopSession of the plugin called before StartSession
W, 484, 59, 2012/11/15, 16:15:41.778, 455719667010, QTAgent32.exe, SLPlugin : StopSession of the plugin called before StartSession
</DebugTrace>
        <ErrorInfo>
          <Message>Initialization method TestProject7.TamAutotest.StartTest threw exception. Microsoft.VisualStudio.TestTools.UITest.Extension.FailedToLaunchApplicationException: Microsoft.VisualStudio.TestTools.UITest.Extension.FailedToLaunchApplicationException: "The application cannot be started. This could be due to one of the following reasons:
1) Another instance of the application is already running and only one instance can be running at a time.
2) The application started another process and has now stopped. You may need to launch the process directly.
3) You do not have sufficient privileges for this application." File: C:\APPLIED\WINTAM\HOMEBASE.EXE..</Message>
          <StackTrace>    at Microsoft.VisualStudio.TestTools.UITesting.ApplicationUnderTest.ThrowIfProcessNotValid(Process process)
   at Microsoft.VisualStudio.TestTools.UITesting.ApplicationUnderTest.Start(ProcessStartInfo startInfo)
   at Microsoft.VisualStudio.TestTools.UITesting.ApplicationUnderTest..ctor(String fileName, String alternateFileName, String arguments)
   at Microsoft.VisualStudio.TestTools.UITesting.ApplicationUnderTest.Launch(String fileName, String alternateFileName)
   at TestProject7.UIMap.Login_new() in C:\TestProject7\TestProject7\UIMap.Designer.cs:line 2664
   at TestProject7.TamAutotest.StartTest() in C:\TestProject7\TestProject7\CodedUITest1.cs:line 29
</StackTrace>
        </ErrorInfo>
      </Output>
    </UnitTestResult>
    <UnitTestResult executionId="13e32313-6521-4ae6-b24f-cf24d7e9e408" testId="cc49fe58-5f78-ea01-6c4b-c4ec9db0e41d" testName="HouseTest17" computerName="ICLVDEVAP01" duration="00:00:01.0167012" startTime="2012-11-15T16:15:41.7941241+00:00" endTime="2012-11-15T16:15:42.8237769+00:00" testType="13cdc9d9-ddb5-4fa4-a97d-d965ccfc6d4b" outcome="Failed" testListId="8c84fa94-04c1-424b-9868-57a2d4851a1d" relativeResultsDirectory="13e32313-6521-4ae6-b24f-cf24d7e9e408">
      <Output>
        <DebugTrace>W, 484, 65, 2012/11/15, 16:15:41.809, 455720104548, QTAgent32.exe, ExtensionFramework : A Technology Manager with name Web is already registered.
W, 484, 65, 2012/11/15, 16:15:41.825, 455720326207, QTAgent32.exe, SLPlugin: Port 4503 already in use
W, 484, 65, 2012/11/15, 16:15:41.825, 455720329549, QTAgent32.exe, SLPlugin: Port 943 already in use
W, 484, 65, 2012/11/15, 16:15:42.823, 455734617190, QTAgent32.exe, IEDOM : StopSession of the plugin called before StartSession
W, 484, 65, 2012/11/15, 16:15:42.823, 455734618391, QTAgent32.exe, UIA : StopSession of the plugin called before StartSession
W, 484, 65, 2012/11/15, 16:15:42.823, 455734619155, QTAgent32.exe, SLPlugin : StopSession of the plugin called before StartSession
</DebugTrace>
        <ErrorInfo>
          <Message>Initialization method TestProject7.TamAutotest.StartTest threw exception. Microsoft.VisualStudio.TestTools.UITest.Extension.FailedToLaunchApplicationException: Microsoft.VisualStudio.TestTools.UITest.Extension.FailedToLaunchApplicationException: "The application cannot be started. This could be due to one of the following reasons:
1) Another instance of the application is already running and only one instance can be running at a time.
2) The application started another process and has now stopped. You may need to launch the process directly.
3) You do not have sufficient privileges for this application." File: C:\APPLIED\WINTAM\HOMEBASE.EXE..</Message>
          <StackTrace>    at Microsoft.VisualStudio.TestTools.UITesting.ApplicationUnderTest.ThrowIfProcessNotValid(Process process)
   at Microsoft.VisualStudio.TestTools.UITesting.ApplicationUnderTest.Start(ProcessStartInfo startInfo)
   at Microsoft.VisualStudio.TestTools.UITesting.ApplicationUnderTest..ctor(String fileName, String alternateFileName, String arguments)
   at Microsoft.VisualStudio.TestTools.UITesting.ApplicationUnderTest.Launch(String fileName, String alternateFileName)
   at TestProject7.UIMap.Login_new() in C:\TestProject7\TestProject7\UIMap.Designer.cs:line 2664
   at TestProject7.TamAutotest.StartTest() in C:\TestProject7\TestProject7\CodedUITest1.cs:line 29
</StackTrace>
        </ErrorInfo>
      </Output>
    </UnitTestResult>
    <UnitTestResult executionId="69b0cdb0-5e60-4b20-993d-8cde7caacbbd" testId="0287ed6d-d515-809a-ea56-c0035840a5a4" testName="HouseTest18" computerName="ICLVDEVAP01" duration="00:00:00.5338726" startTime="2012-11-15T16:15:42.8393777+00:00" endTime="2012-11-15T16:15:43.3854057+00:00" testType="13cdc9d9-ddb5-4fa4-a97d-d965ccfc6d4b" outcome="Failed" testListId="8c84fa94-04c1-424b-9868-57a2d4851a1d" relativeResultsDirectory="69b0cdb0-5e60-4b20-993d-8cde7caacbbd">
      <Output>
        <DebugTrace>W, 484, 71, 2012/11/15, 16:15:42.854, 455735061826, QTAgent32.exe, ExtensionFramework : A Technology Manager with name Web is already registered.
W, 484, 71, 2012/11/15, 16:15:42.870, 455735292118, QTAgent32.exe, SLPlugin: Port 4503 already in use
W, 484, 71, 2012/11/15, 16:15:42.870, 455735295604, QTAgent32.exe, SLPlugin: Port 943 already in use
W, 484, 71, 2012/11/15, 16:15:43.385, 455742662528, QTAgent32.exe, IEDOM : StopSession of the plugin called before StartSession
W, 484, 71, 2012/11/15, 16:15:43.385, 455742663684, QTAgent32.exe, UIA : StopSession of the plugin called before StartSession
W, 484, 71, 2012/11/15, 16:15:43.385, 455742664442, QTAgent32.exe, SLPlugin : StopSession of the plugin called before StartSession
</DebugTrace>
        <ErrorInfo>
          <Message>Initialization method TestProject7.TamAutotest.StartTest threw exception. Microsoft.VisualStudio.TestTools.UITest.Extension.FailedToLaunchApplicationException: Microsoft.VisualStudio.TestTools.UITest.Extension.FailedToLaunchApplicationException: "The application cannot be started. This could be due to one of the following reasons:
1) Another instance of the application is already running and only one instance can be running at a time.
2) The application started another process and has now stopped. You may need to launch the process directly.
3) You do not have sufficient privileges for this application." File: C:\APPLIED\WINTAM\HOMEBASE.EXE..</Message>
          <StackTrace>    at Microsoft.VisualStudio.TestTools.UITesting.ApplicationUnderTest.ThrowIfProcessNotValid(Process process)
   at Microsoft.VisualStudio.TestTools.UITesting.ApplicationUnderTest.Start(ProcessStartInfo startInfo)
   at Microsoft.VisualStudio.TestTools.UITesting.ApplicationUnderTest..ctor(String fileName, String alternateFileName, String arguments)
   at Microsoft.VisualStudio.TestTools.UITesting.ApplicationUnderTest.Launch(String fileName, String alternateFileName)
   at TestProject7.UIMap.Login_new() in C:\TestProject7\TestProject7\UIMap.Designer.cs:line 2664
   at TestProject7.TamAutotest.StartTest() in C:\TestProject7\TestProject7\CodedUITest1.cs:line 29
</StackTrace>
        </ErrorInfo>
      </Output>
    </UnitTestResult>
    <UnitTestResult executionId="30494362-82dc-4ed1-8367-3b9c6e3a8719" testId="8f5b1340-58a6-e129-3b7d-c88835b7065d" testName="HouseTest2" computerName="ICLVDEVAP01" duration="00:00:00.8421021" startTime="2012-11-15T16:15:43.4010065+00:00" endTime="2012-11-15T16:15:44.2902521+00:00" testType="13cdc9d9-ddb5-4fa4-a97d-d965ccfc6d4b" outcome="Failed" testListId="8c84fa94-04c1-424b-9868-57a2d4851a1d" relativeResultsDirectory="30494362-82dc-4ed1-8367-3b9c6e3a8719">
      <Output>
        <DebugTrace>W, 484, 77, 2012/11/15, 16:15:43.447, 455743584891, QTAgent32.exe, ExtensionFramework : A Technology Manager with name Web is already registered.
W, 484, 77, 2012/11/15, 16:15:43.479, 455743959746, QTAgent32.exe, SLPlugin: Port 4503 already in use
W, 484, 77, 2012/11/15, 16:15:43.479, 455743963082, QTAgent32.exe, SLPlugin: Port 943 already in use
W, 484, 77, 2012/11/15, 16:15:44.290, 455755597756, QTAgent32.exe, IEDOM : StopSession of the plugin called before StartSession
W, 484, 77, 2012/11/15, 16:15:44.290, 455755598862, QTAgent32.exe, UIA : StopSession of the plugin called before StartSession
W, 484, 77, 2012/11/15, 16:15:44.290, 455755599588, QTAgent32.exe, SLPlugin : StopSession of the plugin called before StartSession
</DebugTrace>
        <ErrorInfo>
          <Message>Initialization method TestProject7.TamAutotest.StartTest threw exception. Microsoft.VisualStudio.TestTools.UITest.Extension.FailedToLaunchApplicationException: Microsoft.VisualStudio.TestTools.UITest.Extension.FailedToLaunchApplicationException: "The application cannot be started. This could be due to one of the following reasons:
1) Another instance of the application is already running and only one instance can be running at a time.
2) The application started another process and has now stopped. You may need to launch the process directly.
3) You do not have sufficient privileges for this application." File: C:\APPLIED\WINTAM\HOMEBASE.EXE..</Message>
          <StackTrace>    at Microsoft.VisualStudio.TestTools.UITesting.ApplicationUnderTest.ThrowIfProcessNotValid(Process process)
   at Microsoft.VisualStudio.TestTools.UITesting.ApplicationUnderTest.Start(ProcessStartInfo startInfo)
   at Microsoft.VisualStudio.TestTools.UITesting.ApplicationUnderTest..ctor(String fileName, String alternateFileName, String arguments)
   at Microsoft.VisualStudio.TestTools.UITesting.ApplicationUnderTest.Launch(String fileName, String alternateFileName)
   at TestProject7.UIMap.Login_new() in C:\TestProject7\TestProject7\UIMap.Designer.cs:line 2664
   at TestProject7.TamAutotest.StartTest() in C:\TestProject7\TestProject7\CodedUITest1.cs:line 29
</StackTrace>
        </ErrorInfo>
      </Output>
    </UnitTestResult>
    <UnitTestResult executionId="5ff5757c-ebc8-430b-89a5-88143c9d9660" testId="aa9bc056-c0ff-30da-3884-b0617a17e15e" testName="HouseTest3" computerName="ICLVDEVAP01" duration="00:00:00.5446579" startTime="2012-11-15T16:15:44.3058529+00:00" endTime="2012-11-15T16:15:44.8518809+00:00" testType="13cdc9d9-ddb5-4fa4-a97d-d965ccfc6d4b" outcome="Failed" testListId="8c84fa94-04c1-424b-9868-57a2d4851a1d" relativeResultsDirectory="5ff5757c-ebc8-430b-89a5-88143c9d9660">
      <Output>
        <DebugTrace>W, 484, 69, 2012/11/15, 16:15:44.321, 455756043014, QTAgent32.exe, ExtensionFramework : A Technology Manager with name Web is already registered.
W, 484, 69, 2012/11/15, 16:15:44.337, 455756262244, QTAgent32.exe, SLPlugin: Port 4503 already in use
W, 484, 69, 2012/11/15, 16:15:44.337, 455756265573, QTAgent32.exe, SLPlugin: Port 943 already in use
W, 484, 69, 2012/11/15, 16:15:44.851, 455763648672, QTAgent32.exe, IEDOM : StopSession of the plugin called before StartSession
W, 484, 69, 2012/11/15, 16:15:44.851, 455763649914, QTAgent32.exe, UIA : StopSession of the plugin called before StartSession
W, 484, 69, 2012/11/15, 16:15:44.851, 455763650605, QTAgent32.exe, SLPlugin : StopSession of the plugin called before StartSession
</DebugTrace>
        <ErrorInfo>
          <Message>Initialization method TestProject7.TamAutotest.StartTest threw exception. Microsoft.VisualStudio.TestTools.UITest.Extension.FailedToLaunchApplicationException: Microsoft.VisualStudio.TestTools.UITest.Extension.FailedToLaunchApplicationException: "The application cannot be started. This could be due to one of the following reasons:
1) Another instance of the application is already running and only one instance can be running at a time.
2) The application started another process and has now stopped. You may need to launch the process directly.
3) You do not have sufficient privileges for this application." File: C:\APPLIED\WINTAM\HOMEBASE.EXE..</Message>
          <StackTrace>    at Microsoft.VisualStudio.TestTools.UITesting.ApplicationUnderTest.ThrowIfProcessNotValid(Process process)
   at Microsoft.VisualStudio.TestTools.UITesting.ApplicationUnderTest.Start(ProcessStartInfo startInfo)
   at Microsoft.VisualStudio.TestTools.UITesting.ApplicationUnderTest..ctor(String fileName, String alternateFileName, String arguments)
   at Microsoft.VisualStudio.TestTools.UITesting.ApplicationUnderTest.Launch(String fileName, String alternateFileName)
   at TestProject7.UIMap.Login_new() in C:\TestProject7\TestProject7\UIMap.Designer.cs:line 2664
   at TestProject7.TamAutotest.StartTest() in C:\TestProject7\TestProject7\CodedUITest1.cs:line 29
</StackTrace>
        </ErrorInfo>
      </Output>
    </UnitTestResult>
    <UnitTestResult executionId="cc2d0aae-7674-4c64-aedb-fbadf69c0090" testId="ff0c96a1-2fee-7235-6d80-2186de4b80b7" testName="HouseTest4" computerName="ICLVDEVAP01" duration="00:00:00.5444782" startTime="2012-11-15T16:15:44.8674817+00:00" endTime="2012-11-15T16:15:45.4135097+00:00" testType="13cdc9d9-ddb5-4fa4-a97d-d965ccfc6d4b" outcome="Failed" testListId="8c84fa94-04c1-424b-9868-57a2d4851a1d" relativeResultsDirectory="cc2d0aae-7674-4c64-aedb-fbadf69c0090">
      <Output>
        <DebugTrace>W, 484, 63, 2012/11/15, 16:15:44.883, 455764087121, QTAgent32.exe, ExtensionFramework : A Technology Manager with name Web is already registered.
W, 484, 63, 2012/11/15, 16:15:44.898, 455764308091, QTAgent32.exe, SLPlugin: Port 4503 already in use
W, 484, 63, 2012/11/15, 16:15:44.898, 455764311439, QTAgent32.exe, SLPlugin: Port 943 already in use
W, 484, 63, 2012/11/15, 16:15:45.413, 455771689111, QTAgent32.exe, IEDOM : StopSession of the plugin called before StartSession
W, 484, 63, 2012/11/15, 16:15:45.413, 455771690409, QTAgent32.exe, UIA : StopSession of the plugin called before StartSession
W, 484, 63, 2012/11/15, 16:15:45.413, 455771691119, QTAgent32.exe, SLPlugin : StopSession of the plugin called before StartSession
</DebugTrace>
        <ErrorInfo>
          <Message>Initialization method TestProject7.TamAutotest.StartTest threw exception. Microsoft.VisualStudio.TestTools.UITest.Extension.FailedToLaunchApplicationException: Microsoft.VisualStudio.TestTools.UITest.Extension.FailedToLaunchApplicationException: "The application cannot be started. This could be due to one of the following reasons:
1) Another instance of the application is already running and only one instance can be running at a time.
2) The application started another process and has now stopped. You may need to launch the process directly.
3) You do not have sufficient privileges for this application." File: C:\APPLIED\WINTAM\HOMEBASE.EXE..</Message>
          <StackTrace>    at Microsoft.VisualStudio.TestTools.UITesting.ApplicationUnderTest.ThrowIfProcessNotValid(Process process)
   at Microsoft.VisualStudio.TestTools.UITesting.ApplicationUnderTest.Start(ProcessStartInfo startInfo)
   at Microsoft.VisualStudio.TestTools.UITesting.ApplicationUnderTest..ctor(String fileName, String alternateFileName, String arguments)
   at Microsoft.VisualStudio.TestTools.UITesting.ApplicationUnderTest.Launch(String fileName, String alternateFileName)
   at TestProject7.UIMap.Login_new() in C:\TestProject7\TestProject7\UIMap.Designer.cs:line 2664
   at TestProject7.TamAutotest.StartTest() in C:\TestProject7\TestProject7\CodedUITest1.cs:line 29
</StackTrace>
        </ErrorInfo>
      </Output>
    </UnitTestResult>
    <UnitTestResult executionId="3d4db984-5163-4777-a7f8-644a2c96d3a6" testId="99f569ef-86f3-fa96-82c3-e9993245d049" testName="HouseTest5" computerName="ICLVDEVAP01" duration="00:00:00.5455622" startTime="2012-11-15T16:15:45.4291105+00:00" endTime="2012-11-15T16:15:45.9751385+00:00" testType="13cdc9d9-ddb5-4fa4-a97d-d965ccfc6d4b" outcome="Failed" testListId="8c84fa94-04c1-424b-9868-57a2d4851a1d" relativeResultsDirectory="3d4db984-5163-4777-a7f8-644a2c96d3a6">
      <Output>
        <DebugTrace>W, 484, 57, 2012/11/15, 16:15:45.444, 455772125829, QTAgent32.exe, ExtensionFramework : A Technology Manager with name Web is already registered.
W, 484, 57, 2012/11/15, 16:15:45.460, 455772345596, QTAgent32.exe, SLPlugin: Port 4503 already in use
W, 484, 57, 2012/11/15, 16:15:45.460, 455772348972, QTAgent32.exe, SLPlugin: Port 943 already in use
W, 484, 57, 2012/11/15, 16:15:45.975, 455779740125, QTAgent32.exe, IEDOM : StopSession of the plugin called before StartSession
W, 484, 57, 2012/11/15, 16:15:45.975, 455779741621, QTAgent32.exe, UIA : StopSession of the plugin called before StartSession
W, 484, 57, 2012/11/15, 16:15:45.975, 455779742652, QTAgent32.exe, SLPlugin : StopSession of the plugin called before StartSession
</DebugTrace>
        <ErrorInfo>
          <Message>Initialization method TestProject7.TamAutotest.StartTest threw exception. Microsoft.VisualStudio.TestTools.UITest.Extension.FailedToLaunchApplicationException: Microsoft.VisualStudio.TestTools.UITest.Extension.FailedToLaunchApplicationException: "The application cannot be started. This could be due to one of the following reasons:
1) Another instance of the application is already running and only one instance can be running at a time.
2) The application started another process and has now stopped. You may need to launch the process directly.
3) You do not have sufficient privileges for this application." File: C:\APPLIED\WINTAM\HOMEBASE.EXE..</Message>
          <StackTrace>    at Microsoft.VisualStudio.TestTools.UITesting.ApplicationUnderTest.ThrowIfProcessNotValid(Process process)
   at Microsoft.VisualStudio.TestTools.UITesting.ApplicationUnderTest.Start(ProcessStartInfo startInfo)
   at Microsoft.VisualStudio.TestTools.UITesting.ApplicationUnderTest..ctor(String fileName, String alternateFileName, String arguments)
   at Microsoft.VisualStudio.TestTools.UITesting.ApplicationUnderTest.Launch(String fileName, String alternateFileName)
   at TestProject7.UIMap.Login_new() in C:\TestProject7\TestProject7\UIMap.Designer.cs:line 2664
   at TestProject7.TamAutotest.StartTest() in C:\TestProject7\TestProject7\CodedUITest1.cs:line 29
</StackTrace>
        </ErrorInfo>
      </Output>
    </UnitTestResult>
    <UnitTestResult executionId="8aa4c553-3be7-4e66-9e8e-c6b1cc53e2a6" testId="aa8325da-50fe-092e-bd85-bbb5f1ac650a" testName="HouseTest6" computerName="ICLVDEVAP01" duration="00:00:00.5332908" startTime="2012-11-15T16:15:45.9907393+00:00" endTime="2012-11-15T16:15:46.5367673+00:00" testType="13cdc9d9-ddb5-4fa4-a97d-d965ccfc6d4b" outcome="Failed" testListId="8c84fa94-04c1-424b-9868-57a2d4851a1d" relativeResultsDirectory="8aa4c553-3be7-4e66-9e8e-c6b1cc53e2a6">
      <Output>
        <DebugTrace>W, 484, 51, 2012/11/15, 16:15:46.006, 455780183696, QTAgent32.exe, ExtensionFramework : A Technology Manager with name Web is already registered.
W, 484, 51, 2012/11/15, 16:15:46.021, 455780403984, QTAgent32.exe, SLPlugin: Port 4503 already in use
W, 484, 51, 2012/11/15, 16:15:46.021, 455780407295, QTAgent32.exe, SLPlugin: Port 943 already in use
W, 484, 51, 2012/11/15, 16:15:46.536, 455787771120, QTAgent32.exe, IEDOM : StopSession of the plugin called before StartSession
W, 484, 51, 2012/11/15, 16:15:46.536, 455787772339, QTAgent32.exe, UIA : StopSession of the plugin called before StartSession
W, 484, 51, 2012/11/15, 16:15:46.536, 455787773060, QTAgent32.exe, SLPlugin : StopSession of the plugin called before StartSession
</DebugTrace>
        <ErrorInfo>
          <Message>Initialization method TestProject7.TamAutotest.StartTest threw exception. Microsoft.VisualStudio.TestTools.UITest.Extension.FailedToLaunchApplicationException: Microsoft.VisualStudio.TestTools.UITest.Extension.FailedToLaunchApplicationException: "The application cannot be started. This could be due to one of the following reasons:
1) Another instance of the application is already running and only one instance can be running at a time.
2) The application started another process and has now stopped. You may need to launch the process directly.
3) You do not have sufficient privileges for this application." File: C:\APPLIED\WINTAM\HOMEBASE.EXE..</Message>
          <StackTrace>    at Microsoft.VisualStudio.TestTools.UITesting.ApplicationUnderTest.ThrowIfProcessNotValid(Process process)
   at Microsoft.VisualStudio.TestTools.UITesting.ApplicationUnderTest.Start(ProcessStartInfo startInfo)
   at Microsoft.VisualStudio.TestTools.UITesting.ApplicationUnderTest..ctor(String fileName, String alternateFileName, String arguments)
   at Microsoft.VisualStudio.TestTools.UITesting.ApplicationUnderTest.Launch(String fileName, String alternateFileName)
   at TestProject7.UIMap.Login_new() in C:\TestProject7\TestProject7\UIMap.Designer.cs:line 2664
   at TestProject7.TamAutotest.StartTest() in C:\TestProject7\TestProject7\CodedUITest1.cs:line 29
</StackTrace>
        </ErrorInfo>
      </Output>
    </UnitTestResult>
    <UnitTestResult executionId="b008623e-9c6e-40e3-bc7c-bbb38b8907f5" testId="cad41ea6-4986-f170-1def-22ab50e0fb0a" testName="HouseTest7" computerName="ICLVDEVAP01" duration="00:00:00.5336352" startTime="2012-11-15T16:15:46.5523681+00:00" endTime="2012-11-15T16:15:47.0983961+00:00" testType="13cdc9d9-ddb5-4fa4-a97d-d965ccfc6d4b" outcome="Failed" testListId="8c84fa94-04c1-424b-9868-57a2d4851a1d" relativeResultsDirectory="b008623e-9c6e-40e3-bc7c-bbb38b8907f5">
      <Output>
        <DebugTrace>W, 484, 45, 2012/11/15, 16:15:46.567, 455788218119, QTAgent32.exe, ExtensionFramework : A Technology Manager with name Web is already registered.
W, 484, 45, 2012/11/15, 16:15:46.583, 455788442282, QTAgent32.exe, SLPlugin: Port 4503 already in use
W, 484, 45, 2012/11/15, 16:15:46.583, 455788445821, QTAgent32.exe, SLPlugin: Port 943 already in use
W, 484, 45, 2012/11/15, 16:15:47.098, 455795813740, QTAgent32.exe, IEDOM : StopSession of the plugin called before StartSession
W, 484, 45, 2012/11/15, 16:15:47.098, 455795815035, QTAgent32.exe, UIA : StopSession of the plugin called before StartSession
W, 484, 45, 2012/11/15, 16:15:47.098, 455795815734, QTAgent32.exe, SLPlugin : StopSession of the plugin called before StartSession
</DebugTrace>
        <ErrorInfo>
          <Message>Initialization method TestProject7.TamAutotest.StartTest threw exception. Microsoft.VisualStudio.TestTools.UITest.Extension.FailedToLaunchApplicationException: Microsoft.VisualStudio.TestTools.UITest.Extension.FailedToLaunchApplicationException: "The application cannot be started. This could be due to one of the following reasons:
1) Another instance of the application is already running and only one instance can be running at a time.
2) The application started another process and has now stopped. You may need to launch the process directly.
3) You do not have sufficient privileges for this application." File: C:\APPLIED\WINTAM\HOMEBASE.EXE..</Message>
          <StackTrace>    at Microsoft.VisualStudio.TestTools.UITesting.ApplicationUnderTest.ThrowIfProcessNotValid(Process process)
   at Microsoft.VisualStudio.TestTools.UITesting.ApplicationUnderTest.Start(ProcessStartInfo startInfo)
   at Microsoft.VisualStudio.TestTools.UITesting.ApplicationUnderTest..ctor(String fileName, String alternateFileName, String arguments)
   at Microsoft.VisualStudio.TestTools.UITesting.ApplicationUnderTest.Launch(String fileName, String alternateFileName)
   at TestProject7.UIMap.Login_new() in C:\TestProject7\TestProject7\UIMap.Designer.cs:line 2664
   at TestProject7.TamAutotest.StartTest() in C:\TestProject7\TestProject7\CodedUITest1.cs:line 29
</StackTrace>
        </ErrorInfo>
      </Output>
    </UnitTestResult>
    <UnitTestResult executionId="f8a2069b-c019-4c8e-b1ef-298c12bb2382" testId="f90b30ce-fb72-514e-f606-6c0b8cb3f354" testName="HouseTest8" computerName="ICLVDEVAP01" duration="00:00:00.5339653" startTime="2012-11-15T16:15:47.1139969+00:00" endTime="2012-11-15T16:15:47.6600249+00:00" testType="13cdc9d9-ddb5-4fa4-a97d-d965ccfc6d4b" outcome="Failed" testListId="8c84fa94-04c1-424b-9868-57a2d4851a1d" relativeResultsDirectory="f8a2069b-c019-4c8e-b1ef-298c12bb2382">
      <Output>
        <DebugTrace>W, 484, 39, 2012/11/15, 16:15:47.129, 455796251284, QTAgent32.exe, ExtensionFramework : A Technology Manager with name Web is already registered.
W, 484, 39, 2012/11/15, 16:15:47.145, 455796471446, QTAgent32.exe, SLPlugin: Port 4503 already in use
W, 484, 39, 2012/11/15, 16:15:47.145, 455796474782, QTAgent32.exe, SLPlugin: Port 943 already in use
W, 484, 39, 2012/11/15, 16:15:47.660, 455803853106, QTAgent32.exe, IEDOM : StopSession of the plugin called before StartSession
W, 484, 39, 2012/11/15, 16:15:47.660, 455803854368, QTAgent32.exe, UIA : StopSession of the plugin called before StartSession
W, 484, 39, 2012/11/15, 16:15:47.660, 455803855035, QTAgent32.exe, SLPlugin : StopSession of the plugin called before StartSession
</DebugTrace>
        <ErrorInfo>
          <Message>Initialization method TestProject7.TamAutotest.StartTest threw exception. Microsoft.VisualStudio.TestTools.UITest.Extension.FailedToLaunchApplicationException: Microsoft.VisualStudio.TestTools.UITest.Extension.FailedToLaunchApplicationException: "The application cannot be started. This could be due to one of the following reasons:
1) Another instance of the application is already running and only one instance can be running at a time.
2) The application started another process and has now stopped. You may need to launch the process directly.
3) You do not have sufficient privileges for this application." File: C:\APPLIED\WINTAM\HOMEBASE.EXE..</Message>
          <StackTrace>    at Microsoft.VisualStudio.TestTools.UITesting.ApplicationUnderTest.ThrowIfProcessNotValid(Process process)
   at Microsoft.VisualStudio.TestTools.UITesting.ApplicationUnderTest.Start(ProcessStartInfo startInfo)
   at Microsoft.VisualStudio.TestTools.UITesting.ApplicationUnderTest..ctor(String fileName, String alternateFileName, String arguments)
   at Microsoft.VisualStudio.TestTools.UITesting.ApplicationUnderTest.Launch(String fileName, String alternateFileName)
   at TestProject7.UIMap.Login_new() in C:\TestProject7\TestProject7\UIMap.Designer.cs:line 2664
   at TestProject7.TamAutotest.StartTest() in C:\TestProject7\TestProject7\CodedUITest1.cs:line 29
</StackTrace>
        </ErrorInfo>
      </Output>
    </UnitTestResult>
    <UnitTestResult executionId="3c2d9d0d-e671-4f42-807f-71403a6a6080" testId="b4c07ca4-d489-a213-d4df-1c267d591a59" testName="HouseTest9" computerName="ICLVDEVAP01" duration="00:00:00.5446100" startTime="2012-11-15T16:15:47.6756257+00:00" endTime="2012-11-15T16:15:48.2216537+00:00" testType="13cdc9d9-ddb5-4fa4-a97d-d965ccfc6d4b" outcome="Failed" testListId="8c84fa94-04c1-424b-9868-57a2d4851a1d" relativeResultsDirectory="3c2d9d0d-e671-4f42-807f-71403a6a6080">
      <Output>
        <DebugTrace>W, 484, 33, 2012/11/15, 16:15:47.691, 455804289297, QTAgent32.exe, ExtensionFramework : A Technology Manager with name Web is already registered.
W, 484, 33, 2012/11/15, 16:15:47.706, 455804508089, QTAgent32.exe, SLPlugin: Port 4503 already in use
W, 484, 33, 2012/11/15, 16:15:47.706, 455804511294, QTAgent32.exe, SLPlugin: Port 943 already in use
W, 484, 33, 2012/11/15, 16:15:48.221, 455811893273, QTAgent32.exe, IEDOM : StopSession of the plugin called before StartSession
W, 484, 33, 2012/11/15, 16:15:48.221, 455811894462, QTAgent32.exe, UIA : StopSession of the plugin called before StartSession
W, 484, 33, 2012/11/15, 16:15:48.221, 455811895126, QTAgent32.exe, SLPlugin : StopSession of the plugin called before StartSession
</DebugTrace>
        <ErrorInfo>
          <Message>Initialization method TestProject7.TamAutotest.StartTest threw exception. Microsoft.VisualStudio.TestTools.UITest.Extension.FailedToLaunchApplicationException: Microsoft.VisualStudio.TestTools.UITest.Extension.FailedToLaunchApplicationException: "The application cannot be started. This could be due to one of the following reasons:
1) Another instance of the application is already running and only one instance can be running at a time.
2) The application started another process and has now stopped. You may need to launch the process directly.
3) You do not have sufficient privileges for this application." File: C:\APPLIED\WINTAM\HOMEBASE.EXE..</Message>
          <StackTrace>    at Microsoft.VisualStudio.TestTools.UITesting.ApplicationUnderTest.ThrowIfProcessNotValid(Process process)
   at Microsoft.VisualStudio.TestTools.UITesting.ApplicationUnderTest.Start(ProcessStartInfo startInfo)
   at Microsoft.VisualStudio.TestTools.UITesting.ApplicationUnderTest..ctor(String fileName, String alternateFileName, String arguments)
   at Microsoft.VisualStudio.TestTools.UITesting.ApplicationUnderTest.Launch(String fileName, String alternateFileName)
   at TestProject7.UIMap.Login_new() in C:\TestProject7\TestProject7\UIMap.Designer.cs:line 2664
   at TestProject7.TamAutotest.StartTest() in C:\TestProject7\TestProject7\CodedUITest1.cs:line 29
</StackTrace>
        </ErrorInfo>
      </Output>
    </UnitTestResult>
    <UnitTestResult executionId="5f4bdd34-50df-4a74-9cf8-fe5f20ea54d6" testId="9e6b6d54-b79f-e7d9-2609-a84c350c12a1" testName="MotoTest1" computerName="ICLVDEVAP01" duration="00:00:00.5930860" startTime="2012-11-15T16:15:48.2372545+00:00" endTime="2012-11-15T16:15:48.8456857+00:00" testType="13cdc9d9-ddb5-4fa4-a97d-d965ccfc6d4b" outcome="Failed" testListId="8c84fa94-04c1-424b-9868-57a2d4851a1d" relativeResultsDirectory="5f4bdd34-50df-4a74-9cf8-fe5f20ea54d6">
      <Output>
        <DebugTrace>W, 484, 27, 2012/11/15, 16:15:48.252, 455812325036, QTAgent32.exe, ExtensionFramework : A Technology Manager with name Web is already registered.
W, 484, 27, 2012/11/15, 16:15:48.268, 455812544096, QTAgent32.exe, SLPlugin: Port 4503 already in use
W, 484, 27, 2012/11/15, 16:15:48.268, 455812547405, QTAgent32.exe, SLPlugin: Port 943 already in use
W, 484, 27, 2012/11/15, 16:15:48.830, 455820624245, QTAgent32.exe, IEDOM : StopSession of the plugin called before StartSession
W, 484, 27, 2012/11/15, 16:15:48.830, 455820625434, QTAgent32.exe, UIA : StopSession of the plugin called before StartSession
W, 484, 27, 2012/11/15, 16:15:48.830, 455820626127, QTAgent32.exe, SLPlugin : StopSession of the plugin called before StartSession
</DebugTrace>
        <ErrorInfo>
          <Message>Initialization method TestProject7.TamAutotest.StartTest threw exception. Microsoft.VisualStudio.TestTools.UITest.Extension.FailedToLaunchApplicationException: Microsoft.VisualStudio.TestTools.UITest.Extension.FailedToLaunchApplicationException: "The application cannot be started. This could be due to one of the following reasons:
1) Another instance of the application is already running and only one instance can be running at a time.
2) The application started another process and has now stopped. You may need to launch the process directly.
3) You do not have sufficient privileges for this application." File: C:\APPLIED\WINTAM\HOMEBASE.EXE..</Message>
          <StackTrace>    at Microsoft.VisualStudio.TestTools.UITesting.ApplicationUnderTest.ThrowIfProcessNotValid(Process process)
   at Microsoft.VisualStudio.TestTools.UITesting.ApplicationUnderTest.Start(ProcessStartInfo startInfo)
   at Microsoft.VisualStudio.TestTools.UITesting.ApplicationUnderTest..ctor(String fileName, String alternateFileName, String arguments)
   at Microsoft.VisualStudio.TestTools.UITesting.ApplicationUnderTest.Launch(String fileName, String alternateFileName)
   at TestProject7.UIMap.Login_new() in C:\TestProject7\TestProject7\UIMap.Designer.cs:line 2664
   at TestProject7.TamAutotest.StartTest() in C:\TestProject7\TestProject7\CodedUITest1.cs:line 29
</StackTrace>
        </ErrorInfo>
      </Output>
    </UnitTestResult>
    <UnitTestResult executionId="6b8fe860-6916-49ea-a908-5f8c2b238441" testId="8efed318-945d-2a9d-e29d-a71a05da5660" testName="MotoTest10" computerName="ICLVDEVAP01" duration="00:00:00.5330066" startTime="2012-11-15T16:15:48.8456857+00:00" endTime="2012-11-15T16:15:49.3917137+00:00" testType="13cdc9d9-ddb5-4fa4-a97d-d965ccfc6d4b" outcome="Failed" testListId="8c84fa94-04c1-424b-9868-57a2d4851a1d" relativeResultsDirectory="6b8fe860-6916-49ea-a908-5f8c2b238441">
      <Output>
        <DebugTrace>W, 484, 78, 2012/11/15, 16:15:48.861, 455821057385, QTAgent32.exe, ExtensionFramework : A Technology Manager with name Web is already registered.
W, 484, 78, 2012/11/15, 16:15:48.876, 455821278797, QTAgent32.exe, SLPlugin: Port 4503 already in use
W, 484, 78, 2012/11/15, 16:15:48.876, 455821282260, QTAgent32.exe, SLPlugin: Port 943 already in use
W, 484, 78, 2012/11/15, 16:15:49.391, 455828646620, QTAgent32.exe, IEDOM : StopSession of the plugin called before StartSession
W, 484, 78, 2012/11/15, 16:15:49.391, 455828647774, QTAgent32.exe, UIA : StopSession of the plugin called before StartSession
W, 484, 78, 2012/11/15, 16:15:49.391, 455828648469, QTAgent32.exe, SLPlugin : StopSession of the plugin called before StartSession
</DebugTrace>
        <ErrorInfo>
          <Message>Initialization method TestProject7.TamAutotest.StartTest threw exception. Microsoft.VisualStudio.TestTools.UITest.Extension.FailedToLaunchApplicationException: Microsoft.VisualStudio.TestTools.UITest.Extension.FailedToLaunchApplicationException: "The application cannot be started. This could be due to one of the following reasons:
1) Another instance of the application is already running and only one instance can be running at a time.
2) The application started another process and has now stopped. You may need to launch the process directly.
3) You do not have sufficient privileges for this application." File: C:\APPLIED\WINTAM\HOMEBASE.EXE..</Message>
          <StackTrace>    at Microsoft.VisualStudio.TestTools.UITesting.ApplicationUnderTest.ThrowIfProcessNotValid(Process process)
   at Microsoft.VisualStudio.TestTools.UITesting.ApplicationUnderTest.Start(ProcessStartInfo startInfo)
   at Microsoft.VisualStudio.TestTools.UITesting.ApplicationUnderTest..ctor(String fileName, String alternateFileName, String arguments)
   at Microsoft.VisualStudio.TestTools.UITesting.ApplicationUnderTest.Launch(String fileName, String alternateFileName)
   at TestProject7.UIMap.Login_new() in C:\TestProject7\TestProject7\UIMap.Designer.cs:line 2664
   at TestProject7.TamAutotest.StartTest() in C:\TestProject7\TestProject7\CodedUITest1.cs:line 29
</StackTrace>
        </ErrorInfo>
      </Output>
    </UnitTestResult>
    <UnitTestResult executionId="faf93877-bacb-4967-95b6-a430908702db" testId="0f4d10f2-7035-3d68-762a-b62c4853fb8a" testName="MotoTest11" computerName="ICLVDEVAP01" duration="00:00:00.5447863" startTime="2012-11-15T16:15:49.4073145+00:00" endTime="2012-11-15T16:15:49.9533425+00:00" testType="13cdc9d9-ddb5-4fa4-a97d-d965ccfc6d4b" outcome="Failed" testListId="8c84fa94-04c1-424b-9868-57a2d4851a1d" relativeResultsDirectory="faf93877-bacb-4967-95b6-a430908702db">
      <Output>
        <DebugTrace>W, 484, 84, 2012/11/15, 16:15:49.422, 455829083787, QTAgent32.exe, ExtensionFramework : A Technology Manager with name Web is already registered.
W, 484, 84, 2012/11/15, 16:15:49.438, 455829300561, QTAgent32.exe, SLPlugin: Port 4503 already in use
W, 484, 84, 2012/11/15, 16:15:49.438, 455829303790, QTAgent32.exe, SLPlugin: Port 943 already in use
W, 484, 84, 2012/11/15, 16:15:49.953, 455836692468, QTAgent32.exe, IEDOM : StopSession of the plugin called before StartSession
W, 484, 84, 2012/11/15, 16:15:49.953, 455836693584, QTAgent32.exe, UIA : StopSession of the plugin called before StartSession
W, 484, 84, 2012/11/15, 16:15:49.953, 455836694296, QTAgent32.exe, SLPlugin : StopSession of the plugin called before StartSession
</DebugTrace>
        <ErrorInfo>
          <Message>Initialization method TestProject7.TamAutotest.StartTest threw exception. Microsoft.VisualStudio.TestTools.UITest.Extension.FailedToLaunchApplicationException: Microsoft.VisualStudio.TestTools.UITest.Extension.FailedToLaunchApplicationException: "The application cannot be started. This could be due to one of the following reasons:
1) Another instance of the application is already running and only one instance can be running at a time.
2) The application started another process and has now stopped. You may need to launch the process directly.
3) You do not have sufficient privileges for this application." File: C:\APPLIED\WINTAM\HOMEBASE.EXE..</Message>
          <StackTrace>    at Microsoft.VisualStudio.TestTools.UITesting.ApplicationUnderTest.ThrowIfProcessNotValid(Process process)
   at Microsoft.VisualStudio.TestTools.UITesting.ApplicationUnderTest.Start(ProcessStartInfo startInfo)
   at Microsoft.VisualStudio.TestTools.UITesting.ApplicationUnderTest..ctor(String fileName, String alternateFileName, String arguments)
   at Microsoft.VisualStudio.TestTools.UITesting.ApplicationUnderTest.Launch(String fileName, String alternateFileName)
   at TestProject7.UIMap.Login_new() in C:\TestProject7\TestProject7\UIMap.Designer.cs:line 2664
   at TestProject7.TamAutotest.StartTest() in C:\TestProject7\TestProject7\CodedUITest1.cs:line 29
</StackTrace>
        </ErrorInfo>
      </Output>
    </UnitTestResult>
    <UnitTestResult executionId="509fce43-4aaf-4b03-b0db-84d98ee86cbf" testId="614f56be-e9c0-f1e7-ad65-1f0b7d6a0f1c" testName="MotoTest12" computerName="ICLVDEVAP01" duration="00:00:00.5340242" startTime="2012-11-15T16:15:49.9689433+00:00" endTime="2012-11-15T16:15:50.5149713+00:00" testType="13cdc9d9-ddb5-4fa4-a97d-d965ccfc6d4b" outcome="Failed" testListId="8c84fa94-04c1-424b-9868-57a2d4851a1d" relativeResultsDirectory="509fce43-4aaf-4b03-b0db-84d98ee86cbf">
      <Output>
        <DebugTrace>W, 484, 90, 2012/11/15, 16:15:49.984, 455837128190, QTAgent32.exe, ExtensionFramework : A Technology Manager with name Web is already registered.
W, 484, 90, 2012/11/15, 16:15:50.000, 455837353241, QTAgent32.exe, SLPlugin: Port 4503 already in use
W, 484, 90, 2012/11/15, 16:15:50.000, 455837356531, QTAgent32.exe, SLPlugin: Port 943 already in use
W, 484, 90, 2012/11/15, 16:15:50.514, 455844728691, QTAgent32.exe, IEDOM : StopSession of the plugin called before StartSession
W, 484, 90, 2012/11/15, 16:15:50.514, 455844729937, QTAgent32.exe, UIA : StopSession of the plugin called before StartSession
W, 484, 90, 2012/11/15, 16:15:50.514, 455844730635, QTAgent32.exe, SLPlugin : StopSession of the plugin called before StartSession
</DebugTrace>
        <ErrorInfo>
          <Message>Initialization method TestProject7.TamAutotest.StartTest threw exception. Microsoft.VisualStudio.TestTools.UITest.Extension.FailedToLaunchApplicationException: Microsoft.VisualStudio.TestTools.UITest.Extension.FailedToLaunchApplicationException: "The application cannot be started. This could be due to one of the following reasons:
1) Another instance of the application is already running and only one instance can be running at a time.
2) The application started another process and has now stopped. You may need to launch the process directly.
3) You do not have sufficient privileges for this application." File: C:\APPLIED\WINTAM\HOMEBASE.EXE..</Message>
          <StackTrace>    at Microsoft.VisualStudio.TestTools.UITesting.ApplicationUnderTest.ThrowIfProcessNotValid(Process process)
   at Microsoft.VisualStudio.TestTools.UITesting.ApplicationUnderTest.Start(ProcessStartInfo startInfo)
   at Microsoft.VisualStudio.TestTools.UITesting.ApplicationUnderTest..ctor(String fileName, String alternateFileName, String arguments)
   at Microsoft.VisualStudio.TestTools.UITesting.ApplicationUnderTest.Launch(String fileName, String alternateFileName)
   at TestProject7.UIMap.Login_new() in C:\TestProject7\TestProject7\UIMap.Designer.cs:line 2664
   at TestProject7.TamAutotest.StartTest() in C:\TestProject7\TestProject7\CodedUITest1.cs:line 29
</StackTrace>
        </ErrorInfo>
      </Output>
    </UnitTestResult>
    <UnitTestResult executionId="943204b2-f4ba-418a-b8df-085a30b71e16" testId="1662bbff-6668-68e6-e702-5ec6450deb96" testName="MotoTest13" computerName="ICLVDEVAP01" duration="00:00:00.5445295" startTime="2012-11-15T16:15:50.5305721+00:00" endTime="2012-11-15T16:15:51.0766001+00:00" testType="13cdc9d9-ddb5-4fa4-a97d-d965ccfc6d4b" outcome="Failed" testListId="8c84fa94-04c1-424b-9868-57a2d4851a1d" relativeResultsDirectory="943204b2-f4ba-418a-b8df-085a30b71e16">
      <Output>
        <DebugTrace>W, 484, 96, 2012/11/15, 16:15:50.546, 455845165983, QTAgent32.exe, ExtensionFramework : A Technology Manager with name Web is already registered.
W, 484, 96, 2012/11/15, 16:15:50.561, 455845384509, QTAgent32.exe, SLPlugin: Port 4503 already in use
W, 484, 96, 2012/11/15, 16:15:50.561, 455845387777, QTAgent32.exe, SLPlugin: Port 943 already in use
W, 484, 96, 2012/11/15, 16:15:51.076, 455852769627, QTAgent32.exe, IEDOM : StopSession of the plugin called before StartSession
W, 484, 96, 2012/11/15, 16:15:51.076, 455852770829, QTAgent32.exe, UIA : StopSession of the plugin called before StartSession
W, 484, 96, 2012/11/15, 16:15:51.076, 455852771539, QTAgent32.exe, SLPlugin : StopSession of the plugin called before StartSession
</DebugTrace>
        <ErrorInfo>
          <Message>Initialization method TestProject7.TamAutotest.StartTest threw exception. Microsoft.VisualStudio.TestTools.UITest.Extension.FailedToLaunchApplicationException: Microsoft.VisualStudio.TestTools.UITest.Extension.FailedToLaunchApplicationException: "The application cannot be started. This could be due to one of the following reasons:
1) Another instance of the application is already running and only one instance can be running at a time.
2) The application started another process and has now stopped. You may need to launch the process directly.
3) You do not have sufficient privileges for this application." File: C:\APPLIED\WINTAM\HOMEBASE.EXE..</Message>
          <StackTrace>    at Microsoft.VisualStudio.TestTools.UITesting.ApplicationUnderTest.ThrowIfProcessNotValid(Process process)
   at Microsoft.VisualStudio.TestTools.UITesting.ApplicationUnderTest.Start(ProcessStartInfo startInfo)
   at Microsoft.VisualStudio.TestTools.UITesting.ApplicationUnderTest..ctor(String fileName, String alternateFileName, String arguments)
   at Microsoft.VisualStudio.TestTools.UITesting.ApplicationUnderTest.Launch(String fileName, String alternateFileName)
   at TestProject7.UIMap.Login_new() in C:\TestProject7\TestProject7\UIMap.Designer.cs:line 2664
   at TestProject7.TamAutotest.StartTest() in C:\TestProject7\TestProject7\CodedUITest1.cs:line 29
</StackTrace>
        </ErrorInfo>
      </Output>
    </UnitTestResult>
    <UnitTestResult executionId="6cbd475e-a05a-4abc-ac5d-db771f4ebded" testId="e560b224-e5b1-72de-4969-2e5cddf85208" testName="MotoTest14" computerName="ICLVDEVAP01" duration="00:00:00.5570717" startTime="2012-11-15T16:15:51.0922009+00:00" endTime="2012-11-15T16:15:51.6538297+00:00" testType="13cdc9d9-ddb5-4fa4-a97d-d965ccfc6d4b" outcome="Failed" testListId="8c84fa94-04c1-424b-9868-57a2d4851a1d" relativeResultsDirectory="6cbd475e-a05a-4abc-ac5d-db771f4ebded">
      <Output>
        <DebugTrace>W, 484, 102, 2012/11/15, 16:15:51.107, 455853204509, QTAgent32.exe, ExtensionFramework : A Technology Manager with name Web is already registered.
W, 484, 102, 2012/11/15, 16:15:51.123, 455853424719, QTAgent32.exe, SLPlugin: Port 4503 already in use
W, 484, 102, 2012/11/15, 16:15:51.123, 455853428167, QTAgent32.exe, SLPlugin: Port 943 already in use
W, 484, 102, 2012/11/15, 16:15:51.638, 455860812704, QTAgent32.exe, IEDOM : StopSession of the plugin called before StartSession
W, 484, 102, 2012/11/15, 16:15:51.638, 455860814089, QTAgent32.exe, UIA : StopSession of the plugin called before StartSession
W, 484, 102, 2012/11/15, 16:15:51.638, 455860814860, QTAgent32.exe, SLPlugin : StopSession of the plugin called before StartSession
</DebugTrace>
        <ErrorInfo>
          <Message>Initialization method TestProject7.TamAutotest.StartTest threw exception. Microsoft.VisualStudio.TestTools.UITest.Extension.FailedToLaunchApplicationException: Microsoft.VisualStudio.TestTools.UITest.Extension.FailedToLaunchApplicationException: "The application cannot be started. This could be due to one of the following reasons:
1) Another instance of the application is already running and only one instance can be running at a time.
2) The application started another process and has now stopped. You may need to launch the process directly.
3) You do not have sufficient privileges for this application." File: C:\APPLIED\WINTAM\HOMEBASE.EXE..</Message>
          <StackTrace>    at Microsoft.VisualStudio.TestTools.UITesting.ApplicationUnderTest.ThrowIfProcessNotValid(Process process)
   at Microsoft.VisualStudio.TestTools.UITesting.ApplicationUnderTest.Start(ProcessStartInfo startInfo)
   at Microsoft.VisualStudio.TestTools.UITesting.ApplicationUnderTest..ctor(String fileName, String alternateFileName, String arguments)
   at Microsoft.VisualStudio.TestTools.UITesting.ApplicationUnderTest.Launch(String fileName, String alternateFileName)
   at TestProject7.UIMap.Login_new() in C:\TestProject7\TestProject7\UIMap.Designer.cs:line 2664
   at TestProject7.TamAutotest.StartTest() in C:\TestProject7\TestProject7\CodedUITest1.cs:line 29
</StackTrace>
        </ErrorInfo>
      </Output>
    </UnitTestResult>
    <UnitTestResult executionId="627bf657-73dc-41fe-a896-76d84662fd41" testId="e7680189-6b97-1f0a-48c0-e6d1b1c96b8e" testName="MotoTest15" computerName="ICLVDEVAP01" duration="00:00:00.5454170" startTime="2012-11-15T16:15:51.6694305+00:00" endTime="2012-11-15T16:15:52.2154585+00:00" testType="13cdc9d9-ddb5-4fa4-a97d-d965ccfc6d4b" outcome="Failed" testListId="8c84fa94-04c1-424b-9868-57a2d4851a1d" relativeResultsDirectory="627bf657-73dc-41fe-a896-76d84662fd41">
      <Output>
        <DebugTrace>W, 484, 106, 2012/11/15, 16:15:51.685, 455861460794, QTAgent32.exe, ExtensionFramework : A Technology Manager with name Web is already registered.
W, 484, 106, 2012/11/15, 16:15:51.700, 455861680697, QTAgent32.exe, SLPlugin: Port 4503 already in use
W, 484, 106, 2012/11/15, 16:15:51.700, 455861684050, QTAgent32.exe, SLPlugin: Port 943 already in use
W, 484, 106, 2012/11/15, 16:15:52.215, 455869076218, QTAgent32.exe, IEDOM : StopSession of the plugin called before StartSession
W, 484, 106, 2012/11/15, 16:15:52.215, 455869077879, QTAgent32.exe, UIA : StopSession of the plugin called before StartSession
W, 484, 106, 2012/11/15, 16:15:52.215, 455869078606, QTAgent32.exe, SLPlugin : StopSession of the plugin called before StartSession
</DebugTrace>
        <ErrorInfo>
          <Message>Initialization method TestProject7.TamAutotest.StartTest threw exception. Microsoft.VisualStudio.TestTools.UITest.Extension.FailedToLaunchApplicationException: Microsoft.VisualStudio.TestTools.UITest.Extension.FailedToLaunchApplicationException: "The application cannot be started. This could be due to one of the following reasons:
1) Another instance of the application is already running and only one instance can be running at a time.
2) The application started another process and has now stopped. You may need to launch the process directly.
3) You do not have sufficient privileges for this application." File: C:\APPLIED\WINTAM\HOMEBASE.EXE..</Message>
          <StackTrace>    at Microsoft.VisualStudio.TestTools.UITesting.ApplicationUnderTest.ThrowIfProcessNotValid(Process process)
   at Microsoft.VisualStudio.TestTools.UITesting.ApplicationUnderTest.Start(ProcessStartInfo startInfo)
   at Microsoft.VisualStudio.TestTools.UITesting.ApplicationUnderTest..ctor(String fileName, String alternateFileName, String arguments)
   at Microsoft.VisualStudio.TestTools.UITesting.ApplicationUnderTest.Launch(String fileName, String alternateFileName)
   at TestProject7.UIMap.Login_new() in C:\TestProject7\TestProject7\UIMap.Designer.cs:line 2664
   at TestProject7.TamAutotest.StartTest() in C:\TestProject7\TestProject7\CodedUITest1.cs:line 29
</StackTrace>
        </ErrorInfo>
      </Output>
    </UnitTestResult>
    <UnitTestResult executionId="d5537520-40eb-4884-ac76-0f3ba7c9c0ef" testId="c540cf3f-a6f3-b5ba-c3cd-38a0f986a3da" testName="MotoTest16" computerName="ICLVDEVAP01" duration="00:00:00.5336361" startTime="2012-11-15T16:15:52.2310593+00:00" endTime="2012-11-15T16:15:52.7770873+00:00" testType="13cdc9d9-ddb5-4fa4-a97d-d965ccfc6d4b" outcome="Failed" testListId="8c84fa94-04c1-424b-9868-57a2d4851a1d" relativeResultsDirectory="d5537520-40eb-4884-ac76-0f3ba7c9c0ef">
      <Output>
        <DebugTrace>W, 484, 97, 2012/11/15, 16:15:52.246, 455869516758, QTAgent32.exe, ExtensionFramework : A Technology Manager with name Web is already registered.
W, 484, 97, 2012/11/15, 16:15:52.262, 455869735988, QTAgent32.exe, SLPlugin: Port 4503 already in use
W, 484, 97, 2012/11/15, 16:15:52.262, 455869739213, QTAgent32.exe, SLPlugin: Port 943 already in use
W, 484, 97, 2012/11/15, 16:15:52.777, 455877115736, QTAgent32.exe, IEDOM : StopSession of the plugin called before StartSession
W, 484, 97, 2012/11/15, 16:15:52.777, 455877116965, QTAgent32.exe, UIA : StopSession of the plugin called before StartSession
W, 484, 97, 2012/11/15, 16:15:52.777, 455877117654, QTAgent32.exe, SLPlugin : StopSession of the plugin called before StartSession
</DebugTrace>
        <ErrorInfo>
          <Message>Initialization method TestProject7.TamAutotest.StartTest threw exception. Microsoft.VisualStudio.TestTools.UITest.Extension.FailedToLaunchApplicationException: Microsoft.VisualStudio.TestTools.UITest.Extension.FailedToLaunchApplicationException: "The application cannot be started. This could be due to one of the following reasons:
1) Another instance of the application is already running and only one instance can be running at a time.
2) The application started another process and has now stopped. You may need to launch the process directly.
3) You do not have sufficient privileges for this application." File: C:\APPLIED\WINTAM\HOMEBASE.EXE..</Message>
          <StackTrace>    at Microsoft.VisualStudio.TestTools.UITesting.ApplicationUnderTest.ThrowIfProcessNotValid(Process process)
   at Microsoft.VisualStudio.TestTools.UITesting.ApplicationUnderTest.Start(ProcessStartInfo startInfo)
   at Microsoft.VisualStudio.TestTools.UITesting.ApplicationUnderTest..ctor(String fileName, String alternateFileName, String arguments)
   at Microsoft.VisualStudio.TestTools.UITesting.ApplicationUnderTest.Launch(String fileName, String alternateFileName)
   at TestProject7.UIMap.Login_new() in C:\TestProject7\TestProject7\UIMap.Designer.cs:line 2664
   at TestProject7.TamAutotest.StartTest() in C:\TestProject7\TestProject7\CodedUITest1.cs:line 29
</StackTrace>
        </ErrorInfo>
      </Output>
    </UnitTestResult>
    <UnitTestResult executionId="7021809d-39e6-40c2-8ba4-42892ea8b7c4" testId="0457170a-e33e-18a3-7909-18d70df8aa6e" testName="MotoTest17" computerName="ICLVDEVAP01" duration="00:00:00.5447295" startTime="2012-11-15T16:15:52.7926881+00:00" endTime="2012-11-15T16:15:53.3387161+00:00" testType="13cdc9d9-ddb5-4fa4-a97d-d965ccfc6d4b" outcome="Failed" testListId="8c84fa94-04c1-424b-9868-57a2d4851a1d" relativeResultsDirectory="7021809d-39e6-40c2-8ba4-42892ea8b7c4">
      <Output>
        <DebugTrace>W, 484, 91, 2012/11/15, 16:15:52.808, 455877548643, QTAgent32.exe, ExtensionFramework : A Technology Manager with name Web is already registered.
W, 484, 91, 2012/11/15, 16:15:52.823, 455877765645, QTAgent32.exe, SLPlugin: Port 4503 already in use
W, 484, 91, 2012/11/15, 16:15:52.823, 455877768838, QTAgent32.exe, SLPlugin: Port 943 already in use
W, 484, 91, 2012/11/15, 16:15:53.338, 455885156588, QTAgent32.exe, IEDOM : StopSession of the plugin called before StartSession
W, 484, 91, 2012/11/15, 16:15:53.338, 455885157724, QTAgent32.exe, UIA : StopSession of the plugin called before StartSession
W, 484, 91, 2012/11/15, 16:15:53.338, 455885158422, QTAgent32.exe, SLPlugin : StopSession of the plugin called before StartSession
</DebugTrace>
        <ErrorInfo>
          <Message>Initialization method TestProject7.TamAutotest.StartTest threw exception. Microsoft.VisualStudio.TestTools.UITest.Extension.FailedToLaunchApplicationException: Microsoft.VisualStudio.TestTools.UITest.Extension.FailedToLaunchApplicationException: "The application cannot be started. This could be due to one of the following reasons:
1) Another instance of the application is already running and only one instance can be running at a time.
2) The application started another process and has now stopped. You may need to launch the process directly.
3) You do not have sufficient privileges for this application." File: C:\APPLIED\WINTAM\HOMEBASE.EXE..</Message>
          <StackTrace>    at Microsoft.VisualStudio.TestTools.UITesting.ApplicationUnderTest.ThrowIfProcessNotValid(Process process)
   at Microsoft.VisualStudio.TestTools.UITesting.ApplicationUnderTest.Start(ProcessStartInfo startInfo)
   at Microsoft.VisualStudio.TestTools.UITesting.ApplicationUnderTest..ctor(String fileName, String alternateFileName, String arguments)
   at Microsoft.VisualStudio.TestTools.UITesting.ApplicationUnderTest.Launch(String fileName, String alternateFileName)
   at TestProject7.UIMap.Login_new() in C:\TestProject7\TestProject7\UIMap.Designer.cs:line 2664
   at TestProject7.TamAutotest.StartTest() in C:\TestProject7\TestProject7\CodedUITest1.cs:line 29
</StackTrace>
        </ErrorInfo>
      </Output>
    </UnitTestResult>
    <UnitTestResult executionId="f7a82eb4-bcc9-4076-bd4b-b8110217258e" testId="95111846-656e-91d9-dc83-b04719c1fedd" testName="MotoTest18" computerName="ICLVDEVAP01" duration="00:00:00.5447199" startTime="2012-11-15T16:15:53.3543169+00:00" endTime="2012-11-15T16:15:53.9003449+00:00" testType="13cdc9d9-ddb5-4fa4-a97d-d965ccfc6d4b" outcome="Failed" testListId="8c84fa94-04c1-424b-9868-57a2d4851a1d" relativeResultsDirectory="f7a82eb4-bcc9-4076-bd4b-b8110217258e">
      <Output>
        <DebugTrace>W, 484, 85, 2012/11/15, 16:15:53.369, 455885598463, QTAgent32.exe, ExtensionFramework : A Technology Manager with name Web is already registered.
W, 484, 85, 2012/11/15, 16:15:53.385, 455885818008, QTAgent32.exe, SLPlugin: Port 4503 already in use
W, 484, 85, 2012/11/15, 16:15:53.385, 455885821201, QTAgent32.exe, SLPlugin: Port 943 already in use
W, 484, 85, 2012/11/15, 16:15:53.900, 455893200092, QTAgent32.exe, IEDOM : StopSession of the plugin called before StartSession
W, 484, 85, 2012/11/15, 16:15:53.900, 455893201359, QTAgent32.exe, UIA : StopSession of the plugin called before StartSession
W, 484, 85, 2012/11/15, 16:15:53.900, 455893202079, QTAgent32.exe, SLPlugin : StopSession of the plugin called before StartSession
</DebugTrace>
        <ErrorInfo>
          <Message>Initialization method TestProject7.TamAutotest.StartTest threw exception. Microsoft.VisualStudio.TestTools.UITest.Extension.FailedToLaunchApplicationException: Microsoft.VisualStudio.TestTools.UITest.Extension.FailedToLaunchApplicationException: "The application cannot be started. This could be due to one of the following reasons:
1) Another instance of the application is already running and only one instance can be running at a time.
2) The application started another process and has now stopped. You may need to launch the process directly.
3) You do not have sufficient privileges for this application." File: C:\APPLIED\WINTAM\HOMEBASE.EXE..</Message>
          <StackTrace>    at Microsoft.VisualStudio.TestTools.UITesting.ApplicationUnderTest.ThrowIfProcessNotValid(Process process)
   at Microsoft.VisualStudio.TestTools.UITesting.ApplicationUnderTest.Start(ProcessStartInfo startInfo)
   at Microsoft.VisualStudio.TestTools.UITesting.ApplicationUnderTest..ctor(String fileName, String alternateFileName, String arguments)
   at Microsoft.VisualStudio.TestTools.UITesting.ApplicationUnderTest.Launch(String fileName, String alternateFileName)
   at TestProject7.UIMap.Login_new() in C:\TestProject7\TestProject7\UIMap.Designer.cs:line 2664
   at TestProject7.TamAutotest.StartTest() in C:\TestProject7\TestProject7\CodedUITest1.cs:line 29
</StackTrace>
        </ErrorInfo>
      </Output>
    </UnitTestResult>
    <UnitTestResult executionId="1f690c3b-7c16-4b10-bbdf-2644241cd855" testId="0faa065a-7d90-5129-349a-696c971dbf85" testName="MotoTest19" computerName="ICLVDEVAP01" duration="00:00:00.5338163" startTime="2012-11-15T16:15:53.9159457+00:00" endTime="2012-11-15T16:15:54.4619737+00:00" testType="13cdc9d9-ddb5-4fa4-a97d-d965ccfc6d4b" outcome="Failed" testListId="8c84fa94-04c1-424b-9868-57a2d4851a1d" relativeResultsDirectory="1f690c3b-7c16-4b10-bbdf-2644241cd855">
      <Output>
        <DebugTrace>W, 484, 79, 2012/11/15, 16:15:53.931, 455893640082, QTAgent32.exe, ExtensionFramework : A Technology Manager with name Web is already registered.
W, 484, 79, 2012/11/15, 16:15:53.947, 455893858961, QTAgent32.exe, SLPlugin: Port 4503 already in use
W, 484, 79, 2012/11/15, 16:15:53.947, 455893862308, QTAgent32.exe, SLPlugin: Port 943 already in use
W, 484, 79, 2012/11/15, 16:15:54.461, 455901239958, QTAgent32.exe, IEDOM : StopSession of the plugin called before StartSession
W, 484, 79, 2012/11/15, 16:15:54.461, 455901241183, QTAgent32.exe, UIA : StopSession of the plugin called before StartSession
W, 484, 79, 2012/11/15, 16:15:54.461, 455901241876, QTAgent32.exe, SLPlugin : StopSession of the plugin called before StartSession
</DebugTrace>
        <ErrorInfo>
          <Message>Initialization method TestProject7.TamAutotest.StartTest threw exception. Microsoft.VisualStudio.TestTools.UITest.Extension.FailedToLaunchApplicationException: Microsoft.VisualStudio.TestTools.UITest.Extension.FailedToLaunchApplicationException: "The application cannot be started. This could be due to one of the following reasons:
1) Another instance of the application is already running and only one instance can be running at a time.
2) The application started another process and has now stopped. You may need to launch the process directly.
3) You do not have sufficient privileges for this application." File: C:\APPLIED\WINTAM\HOMEBASE.EXE..</Message>
          <StackTrace>    at Microsoft.VisualStudio.TestTools.UITesting.ApplicationUnderTest.ThrowIfProcessNotValid(Process process)
   at Microsoft.VisualStudio.TestTools.UITesting.ApplicationUnderTest.Start(ProcessStartInfo startInfo)
   at Microsoft.VisualStudio.TestTools.UITesting.ApplicationUnderTest..ctor(String fileName, String alternateFileName, String arguments)
   at Microsoft.VisualStudio.TestTools.UITesting.ApplicationUnderTest.Launch(String fileName, String alternateFileName)
   at TestProject7.UIMap.Login_new() in C:\TestProject7\TestProject7\UIMap.Designer.cs:line 2664
   at TestProject7.TamAutotest.StartTest() in C:\TestProject7\TestProject7\CodedUITest1.cs:line 29
</StackTrace>
        </ErrorInfo>
      </Output>
    </UnitTestResult>
    <UnitTestResult executionId="70b41155-2fdc-49a3-b90a-09dc0990f96a" testId="6a41f98c-60c7-3333-a5a3-d5d87b5c35c7" testName="MotoTest2" computerName="ICLVDEVAP01" duration="00:00:00.5242349" startTime="2012-11-15T16:15:54.4619737+00:00" endTime="2012-11-15T16:15:54.9924009+00:00" testType="13cdc9d9-ddb5-4fa4-a97d-d965ccfc6d4b" outcome="Failed" testListId="8c84fa94-04c1-424b-9868-57a2d4851a1d" relativeResultsDirectory="70b41155-2fdc-49a3-b90a-09dc0990f96a">
      <Output>
        <DebugTrace>W, 484, 26, 2012/11/15, 16:15:54.461, 455901372143, QTAgent32.exe, ExtensionFramework : A Technology Manager with name Web is already registered.
W, 484, 26, 2012/11/15, 16:15:54.477, 455901439733, QTAgent32.exe, SLPlugin: Port 4503 already in use
W, 484, 26, 2012/11/15, 16:15:54.477, 455901442984, QTAgent32.exe, SLPlugin: Port 943 already in use
W, 484, 26, 2012/11/15, 16:15:54.992, 455908834824, QTAgent32.exe, IEDOM : StopSession of the plugin called before StartSession
W, 484, 26, 2012/11/15, 16:15:54.992, 455908836977, QTAgent32.exe, UIA : StopSession of the plugin called before StartSession
W, 484, 26, 2012/11/15, 16:15:54.992, 455908837815, QTAgent32.exe, SLPlugin : StopSession of the plugin called before StartSession
</DebugTrace>
        <ErrorInfo>
          <Message>Initialization method TestProject7.TamAutotest.StartTest threw exception. Microsoft.VisualStudio.TestTools.UITest.Extension.FailedToLaunchApplicationException: Microsoft.VisualStudio.TestTools.UITest.Extension.FailedToLaunchApplicationException: "The application cannot be started. This could be due to one of the following reasons:
1) Another instance of the application is already running and only one instance can be running at a time.
2) The application started another process and has now stopped. You may need to launch the process directly.
3) You do not have sufficient privileges for this application." File: C:\APPLIED\WINTAM\HOMEBASE.EXE..</Message>
          <StackTrace>    at Microsoft.VisualStudio.TestTools.UITesting.ApplicationUnderTest.ThrowIfProcessNotValid(Process process)
   at Microsoft.VisualStudio.TestTools.UITesting.ApplicationUnderTest.Start(ProcessStartInfo startInfo)
   at Microsoft.VisualStudio.TestTools.UITesting.ApplicationUnderTest..ctor(String fileName, String alternateFileName, String arguments)
   at Microsoft.VisualStudio.TestTools.UITesting.ApplicationUnderTest.Launch(String fileName, String alternateFileName)
   at TestProject7.UIMap.Login_new() in C:\TestProject7\TestProject7\UIMap.Designer.cs:line 2664
   at TestProject7.TamAutotest.StartTest() in C:\TestProject7\TestProject7\CodedUITest1.cs:line 29
</StackTrace>
        </ErrorInfo>
      </Output>
    </UnitTestResult>
    <UnitTestResult executionId="fb9a5113-1de2-4652-8096-9a91a70d06e4" testId="450e4b2d-ad88-da3f-6d50-5c9a0ae1aa51" testName="MotoTest3" computerName="ICLVDEVAP01" duration="00:00:00.5242726" startTime="2012-11-15T16:15:54.9924009+00:00" endTime="2012-11-15T16:15:55.5228281+00:00" testType="13cdc9d9-ddb5-4fa4-a97d-d965ccfc6d4b" outcome="Failed" testListId="8c84fa94-04c1-424b-9868-57a2d4851a1d" relativeResultsDirectory="fb9a5113-1de2-4652-8096-9a91a70d06e4">
      <Output>
        <DebugTrace>W, 484, 32, 2012/11/15, 16:15:54.992, 455908967770, QTAgent32.exe, ExtensionFramework : A Technology Manager with name Web is already registered.
W, 484, 32, 2012/11/15, 16:15:55.008, 455909036348, QTAgent32.exe, SLPlugin: Port 4503 already in use
W, 484, 32, 2012/11/15, 16:15:55.008, 455909039815, QTAgent32.exe, SLPlugin: Port 943 already in use
W, 484, 32, 2012/11/15, 16:15:55.522, 455916432274, QTAgent32.exe, IEDOM : StopSession of the plugin called before StartSession
W, 484, 32, 2012/11/15, 16:15:55.522, 455916433549, QTAgent32.exe, UIA : StopSession of the plugin called before StartSession
W, 484, 32, 2012/11/15, 16:15:55.522, 455916434241, QTAgent32.exe, SLPlugin : StopSession of the plugin called before StartSession
</DebugTrace>
        <ErrorInfo>
          <Message>Initialization method TestProject7.TamAutotest.StartTest threw exception. Microsoft.VisualStudio.TestTools.UITest.Extension.FailedToLaunchApplicationException: Microsoft.VisualStudio.TestTools.UITest.Extension.FailedToLaunchApplicationException: "The application cannot be started. This could be due to one of the following reasons:
1) Another instance of the application is already running and only one instance can be running at a time.
2) The application started another process and has now stopped. You may need to launch the process directly.
3) You do not have sufficient privileges for this application." File: C:\APPLIED\WINTAM\HOMEBASE.EXE..</Message>
          <StackTrace>    at Microsoft.VisualStudio.TestTools.UITesting.ApplicationUnderTest.ThrowIfProcessNotValid(Process process)
   at Microsoft.VisualStudio.TestTools.UITesting.ApplicationUnderTest.Start(ProcessStartInfo startInfo)
   at Microsoft.VisualStudio.TestTools.UITesting.ApplicationUnderTest..ctor(String fileName, String alternateFileName, String arguments)
   at Microsoft.VisualStudio.TestTools.UITesting.ApplicationUnderTest.Launch(String fileName, String alternateFileName)
   at TestProject7.UIMap.Login_new() in C:\TestProject7\TestProject7\UIMap.Designer.cs:line 2664
   at TestProject7.TamAutotest.StartTest() in C:\TestProject7\TestProject7\CodedUITest1.cs:line 29
</StackTrace>
        </ErrorInfo>
      </Output>
    </UnitTestResult>
    <UnitTestResult executionId="e548b2c5-fe07-443a-a505-8ea1d010d66c" testId="4e743fde-a814-86c0-27fd-8728ac2cb692" testName="MotoTest4" computerName="ICLVDEVAP01" duration="00:00:00.5242530" startTime="2012-11-15T16:15:55.5228281+00:00" endTime="2012-11-15T16:15:56.0532553+00:00" testType="13cdc9d9-ddb5-4fa4-a97d-d965ccfc6d4b" outcome="Failed" testListId="8c84fa94-04c1-424b-9868-57a2d4851a1d" relativeResultsDirectory="e548b2c5-fe07-443a-a505-8ea1d010d66c">
      <Output>
        <DebugTrace>W, 484, 38, 2012/11/15, 16:15:55.522, 455916559137, QTAgent32.exe, ExtensionFramework : A Technology Manager with name Web is already registered.
W, 484, 38, 2012/11/15, 16:15:55.538, 455916626830, QTAgent32.exe, SLPlugin: Port 4503 already in use
W, 484, 38, 2012/11/15, 16:15:55.538, 455916630162, QTAgent32.exe, SLPlugin: Port 943 already in use
W, 484, 38, 2012/11/15, 16:15:56.053, 455924023377, QTAgent32.exe, IEDOM : StopSession of the plugin called before StartSession
W, 484, 38, 2012/11/15, 16:15:56.053, 455924024652, QTAgent32.exe, UIA : StopSession of the plugin called before StartSession
W, 484, 38, 2012/11/15, 16:15:56.053, 455924025336, QTAgent32.exe, SLPlugin : StopSession of the plugin called before StartSession
</DebugTrace>
        <ErrorInfo>
          <Message>Initialization method TestProject7.TamAutotest.StartTest threw exception. Microsoft.VisualStudio.TestTools.UITest.Extension.FailedToLaunchApplicationException: Microsoft.VisualStudio.TestTools.UITest.Extension.FailedToLaunchApplicationException: "The application cannot be started. This could be due to one of the following reasons:
1) Another instance of the application is already running and only one instance can be running at a time.
2) The application started another process and has now stopped. You may need to launch the process directly.
3) You do not have sufficient privileges for this application." File: C:\APPLIED\WINTAM\HOMEBASE.EXE..</Message>
          <StackTrace>    at Microsoft.VisualStudio.TestTools.UITesting.ApplicationUnderTest.ThrowIfProcessNotValid(Process process)
   at Microsoft.VisualStudio.TestTools.UITesting.ApplicationUnderTest.Start(ProcessStartInfo startInfo)
   at Microsoft.VisualStudio.TestTools.UITesting.ApplicationUnderTest..ctor(String fileName, String alternateFileName, String arguments)
   at Microsoft.VisualStudio.TestTools.UITesting.ApplicationUnderTest.Launch(String fileName, String alternateFileName)
   at TestProject7.UIMap.Login_new() in C:\TestProject7\TestProject7\UIMap.Designer.cs:line 2664
   at TestProject7.TamAutotest.StartTest() in C:\TestProject7\TestProject7\CodedUITest1.cs:line 29
</StackTrace>
        </ErrorInfo>
      </Output>
    </UnitTestResult>
    <UnitTestResult executionId="dd60e431-8d42-422f-a5aa-19e2aa0add0e" testId="10042bab-44aa-7cea-8ac0-06cc3b3adbb3" testName="MotoTest5" computerName="ICLVDEVAP01" duration="00:00:00.5241309" startTime="2012-11-15T16:15:56.0532553+00:00" endTime="2012-11-15T16:15:56.5836825+00:00" testType="13cdc9d9-ddb5-4fa4-a97d-d965ccfc6d4b" outcome="Failed" testListId="8c84fa94-04c1-424b-9868-57a2d4851a1d" relativeResultsDirectory="dd60e431-8d42-422f-a5aa-19e2aa0add0e">
      <Output>
        <DebugTrace>W, 484, 44, 2012/11/15, 16:15:56.053, 455924156359, QTAgent32.exe, ExtensionFramework : A Technology Manager with name Web is already registered.
W, 484, 44, 2012/11/15, 16:15:56.068, 455924228363, QTAgent32.exe, SLPlugin: Port 4503 already in use
W, 484, 44, 2012/11/15, 16:15:56.068, 455924231851, QTAgent32.exe, SLPlugin: Port 943 already in use
W, 484, 44, 2012/11/15, 16:15:56.583, 455931618599, QTAgent32.exe, IEDOM : StopSession of the plugin called before StartSession
W, 484, 44, 2012/11/15, 16:15:56.583, 455931619887, QTAgent32.exe, UIA : StopSession of the plugin called before StartSession
W, 484, 44, 2012/11/15, 16:15:56.583, 455931620562, QTAgent32.exe, SLPlugin : StopSession of the plugin called before StartSession
</DebugTrace>
        <ErrorInfo>
          <Message>Initialization method TestProject7.TamAutotest.StartTest threw exception. Microsoft.VisualStudio.TestTools.UITest.Extension.FailedToLaunchApplicationException: Microsoft.VisualStudio.TestTools.UITest.Extension.FailedToLaunchApplicationException: "The application cannot be started. This could be due to one of the following reasons:
1) Another instance of the application is already running and only one instance can be running at a time.
2) The application started another process and has now stopped. You may need to launch the process directly.
3) You do not have sufficient privileges for this application." File: C:\APPLIED\WINTAM\HOMEBASE.EXE..</Message>
          <StackTrace>    at Microsoft.VisualStudio.TestTools.UITesting.ApplicationUnderTest.ThrowIfProcessNotValid(Process process)
   at Microsoft.VisualStudio.TestTools.UITesting.ApplicationUnderTest.Start(ProcessStartInfo startInfo)
   at Microsoft.VisualStudio.TestTools.UITesting.ApplicationUnderTest..ctor(String fileName, String alternateFileName, String arguments)
   at Microsoft.VisualStudio.TestTools.UITesting.ApplicationUnderTest.Launch(String fileName, String alternateFileName)
   at TestProject7.UIMap.Login_new() in C:\TestProject7\TestProject7\UIMap.Designer.cs:line 2664
   at TestProject7.TamAutotest.StartTest() in C:\TestProject7\TestProject7\CodedUITest1.cs:line 29
</StackTrace>
        </ErrorInfo>
      </Output>
    </UnitTestResult>
    <UnitTestResult executionId="4d2fda17-98dc-489d-982b-12d0a00f109b" testId="b7f68495-37f9-58f0-5c9b-6e190b9adaa8" testName="MotoTest6" computerName="ICLVDEVAP01" duration="00:00:00.5238352" startTime="2012-11-15T16:15:56.5836825+00:00" endTime="2012-11-15T16:15:57.1141097+00:00" testType="13cdc9d9-ddb5-4fa4-a97d-d965ccfc6d4b" outcome="Failed" testListId="8c84fa94-04c1-424b-9868-57a2d4851a1d" relativeResultsDirectory="4d2fda17-98dc-489d-982b-12d0a00f109b">
      <Output>
        <DebugTrace>W, 484, 50, 2012/11/15, 16:15:56.583, 455931753102, QTAgent32.exe, ExtensionFramework : A Technology Manager with name Web is already registered.
W, 484, 50, 2012/11/15, 16:15:56.599, 455931822755, QTAgent32.exe, SLPlugin: Port 4503 already in use
W, 484, 50, 2012/11/15, 16:15:56.599, 455931826140, QTAgent32.exe, SLPlugin: Port 943 already in use
W, 484, 50, 2012/11/15, 16:15:57.114, 455939210996, QTAgent32.exe, IEDOM : StopSession of the plugin called before StartSession
W, 484, 50, 2012/11/15, 16:15:57.114, 455939212227, QTAgent32.exe, UIA : StopSession of the plugin called before StartSession
W, 484, 50, 2012/11/15, 16:15:57.114, 455939212888, QTAgent32.exe, SLPlugin : StopSession of the plugin called before StartSession
</DebugTrace>
        <ErrorInfo>
          <Message>Initialization method TestProject7.TamAutotest.StartTest threw exception. Microsoft.VisualStudio.TestTools.UITest.Extension.FailedToLaunchApplicationException: Microsoft.VisualStudio.TestTools.UITest.Extension.FailedToLaunchApplicationException: "The application cannot be started. This could be due to one of the following reasons:
1) Another instance of the application is already running and only one instance can be running at a time.
2) The application started another process and has now stopped. You may need to launch the process directly.
3) You do not have sufficient privileges for this application." File: C:\APPLIED\WINTAM\HOMEBASE.EXE..</Message>
          <StackTrace>    at Microsoft.VisualStudio.TestTools.UITesting.ApplicationUnderTest.ThrowIfProcessNotValid(Process process)
   at Microsoft.VisualStudio.TestTools.UITesting.ApplicationUnderTest.Start(ProcessStartInfo startInfo)
   at Microsoft.VisualStudio.TestTools.UITesting.ApplicationUnderTest..ctor(String fileName, String alternateFileName, String arguments)
   at Microsoft.VisualStudio.TestTools.UITesting.ApplicationUnderTest.Launch(String fileName, String alternateFileName)
   at TestProject7.UIMap.Login_new() in C:\TestProject7\TestProject7\UIMap.Designer.cs:line 2664
   at TestProject7.TamAutotest.StartTest() in C:\TestProject7\TestProject7\CodedUITest1.cs:line 29
</StackTrace>
        </ErrorInfo>
      </Output>
    </UnitTestResult>
    <UnitTestResult executionId="1cca64bd-d5da-4ff9-a0eb-63c22658451e" testId="e022376f-b2fb-4981-6140-b019eeaa6c94" testName="MotoTest7" computerName="ICLVDEVAP01" duration="00:00:00.5242724" startTime="2012-11-15T16:15:57.1141097+00:00" endTime="2012-11-15T16:15:57.6445369+00:00" testType="13cdc9d9-ddb5-4fa4-a97d-d965ccfc6d4b" outcome="Failed" testListId="8c84fa94-04c1-424b-9868-57a2d4851a1d" relativeResultsDirectory="1cca64bd-d5da-4ff9-a0eb-63c22658451e">
      <Output>
        <DebugTrace>W, 484, 56, 2012/11/15, 16:15:57.114, 455939344112, QTAgent32.exe, ExtensionFramework : A Technology Manager with name Web is already registered.
W, 484, 56, 2012/11/15, 16:15:57.129, 455939411524, QTAgent32.exe, SLPlugin: Port 4503 already in use
W, 484, 56, 2012/11/15, 16:15:57.129, 455939414828, QTAgent32.exe, SLPlugin: Port 943 already in use
W, 484, 56, 2012/11/15, 16:15:57.644, 455946808087, QTAgent32.exe, IEDOM : StopSession of the plugin called before StartSession
W, 484, 56, 2012/11/15, 16:15:57.644, 455946809344, QTAgent32.exe, UIA : StopSession of the plugin called before StartSession
W, 484, 56, 2012/11/15, 16:15:57.644, 455946810121, QTAgent32.exe, SLPlugin : StopSession of the plugin called before StartSession
</DebugTrace>
        <ErrorInfo>
          <Message>Initialization method TestProject7.TamAutotest.StartTest threw exception. Microsoft.VisualStudio.TestTools.UITest.Extension.FailedToLaunchApplicationException: Microsoft.VisualStudio.TestTools.UITest.Extension.FailedToLaunchApplicationException: "The application cannot be started. This could be due to one of the following reasons:
1) Another instance of the application is already running and only one instance can be running at a time.
2) The application started another process and has now stopped. You may need to launch the process directly.
3) You do not have sufficient privileges for this application." File: C:\APPLIED\WINTAM\HOMEBASE.EXE..</Message>
          <StackTrace>    at Microsoft.VisualStudio.TestTools.UITesting.ApplicationUnderTest.ThrowIfProcessNotValid(Process process)
   at Microsoft.VisualStudio.TestTools.UITesting.ApplicationUnderTest.Start(ProcessStartInfo startInfo)
   at Microsoft.VisualStudio.TestTools.UITesting.ApplicationUnderTest..ctor(String fileName, String alternateFileName, String arguments)
   at Microsoft.VisualStudio.TestTools.UITesting.ApplicationUnderTest.Launch(String fileName, String alternateFileName)
   at TestProject7.UIMap.Login_new() in C:\TestProject7\TestProject7\UIMap.Designer.cs:line 2664
   at TestProject7.TamAutotest.StartTest() in C:\TestProject7\TestProject7\CodedUITest1.cs:line 29
</StackTrace>
        </ErrorInfo>
      </Output>
    </UnitTestResult>
    <UnitTestResult executionId="bb3ea289-3005-4c42-8662-34998d96b082" testId="07cf762e-0596-8be3-6b38-ed80b9a02463" testName="MotoTest8" computerName="ICLVDEVAP01" duration="00:00:00.5242902" startTime="2012-11-15T16:15:57.6445369+00:00" endTime="2012-11-15T16:15:58.1749641+00:00" testType="13cdc9d9-ddb5-4fa4-a97d-d965ccfc6d4b" outcome="Failed" testListId="8c84fa94-04c1-424b-9868-57a2d4851a1d" relativeResultsDirectory="bb3ea289-3005-4c42-8662-34998d96b082">
      <Output>
        <DebugTrace>W, 484, 62, 2012/11/15, 16:15:57.644, 455946942310, QTAgent32.exe, ExtensionFramework : A Technology Manager with name Web is already registered.
W, 484, 62, 2012/11/15, 16:15:57.660, 455947011052, QTAgent32.exe, SLPlugin: Port 4503 already in use
W, 484, 62, 2012/11/15, 16:15:57.660, 455947014401, QTAgent32.exe, SLPlugin: Port 943 already in use
W, 484, 62, 2012/11/15, 16:15:58.174, 455954405979, QTAgent32.exe, IEDOM : StopSession of the plugin called before StartSession
W, 484, 62, 2012/11/15, 16:15:58.174, 455954407150, QTAgent32.exe, UIA : StopSession of the plugin called before StartSession
W, 484, 62, 2012/11/15, 16:15:58.174, 455954407863, QTAgent32.exe, SLPlugin : StopSession of the plugin called before StartSession
</DebugTrace>
        <ErrorInfo>
          <Message>Initialization method TestProject7.TamAutotest.StartTest threw exception. Microsoft.VisualStudio.TestTools.UITest.Extension.FailedToLaunchApplicationException: Microsoft.VisualStudio.TestTools.UITest.Extension.FailedToLaunchApplicationException: "The application cannot be started. This could be due to one of the following reasons:
1) Another instance of the application is already running and only one instance can be running at a time.
2) The application started another process and has now stopped. You may need to launch the process directly.
3) You do not have sufficient privileges for this application." File: C:\APPLIED\WINTAM\HOMEBASE.EXE..</Message>
          <StackTrace>    at Microsoft.VisualStudio.TestTools.UITesting.ApplicationUnderTest.ThrowIfProcessNotValid(Process process)
   at Microsoft.VisualStudio.TestTools.UITesting.ApplicationUnderTest.Start(ProcessStartInfo startInfo)
   at Microsoft.VisualStudio.TestTools.UITesting.ApplicationUnderTest..ctor(String fileName, String alternateFileName, String arguments)
   at Microsoft.VisualStudio.TestTools.UITesting.ApplicationUnderTest.Launch(String fileName, String alternateFileName)
   at TestProject7.UIMap.Login_new() in C:\TestProject7\TestProject7\UIMap.Designer.cs:line 2664
   at TestProject7.TamAutotest.StartTest() in C:\TestProject7\TestProject7\CodedUITest1.cs:line 29
</StackTrace>
        </ErrorInfo>
      </Output>
    </UnitTestResult>
    <UnitTestResult executionId="b1fea0c4-ba52-40a1-b435-a7dabb7ce7bd" testId="1820a643-3d71-abad-9636-2b810c74ae19" testName="MotoTest9" computerName="ICLVDEVAP01" duration="00:00:00.5236522" startTime="2012-11-15T16:15:58.1749641+00:00" endTime="2012-11-15T16:15:58.7053913+00:00" testType="13cdc9d9-ddb5-4fa4-a97d-d965ccfc6d4b" outcome="Failed" testListId="8c84fa94-04c1-424b-9868-57a2d4851a1d" relativeResultsDirectory="b1fea0c4-ba52-40a1-b435-a7dabb7ce7bd">
      <Output>
        <DebugTrace>W, 484, 68, 2012/11/15, 16:15:58.174, 455954539343, QTAgent32.exe, ExtensionFramework : A Technology Manager with name Web is already registered.
W, 484, 68, 2012/11/15, 16:15:58.190, 455954608074, QTAgent32.exe, SLPlugin: Port 4503 already in use
W, 484, 68, 2012/11/15, 16:15:58.190, 455954611427, QTAgent32.exe, SLPlugin: Port 943 already in use
W, 484, 68, 2012/11/15, 16:15:58.705, 455961994939, QTAgent32.exe, IEDOM : StopSession of the plugin called before StartSession
W, 484, 68, 2012/11/15, 16:15:58.705, 455961996158, QTAgent32.exe, UIA : StopSession of the plugin called before StartSession
W, 484, 68, 2012/11/15, 16:15:58.705, 455961996872, QTAgent32.exe, SLPlugin : StopSession of the plugin called before StartSession
</DebugTrace>
        <ErrorInfo>
          <Message>Initialization method TestProject7.TamAutotest.StartTest threw exception. Microsoft.VisualStudio.TestTools.UITest.Extension.FailedToLaunchApplicationException: Microsoft.VisualStudio.TestTools.UITest.Extension.FailedToLaunchApplicationException: "The application cannot be started. This could be due to one of the following reasons:
1) Another instance of the application is already running and only one instance can be running at a time.
2) The application started another process and has now stopped. You may need to launch the process directly.
3) You do not have sufficient privileges for this application." File: C:\APPLIED\WINTAM\HOMEBASE.EXE..</Message>
          <StackTrace>    at Microsoft.VisualStudio.TestTools.UITesting.ApplicationUnderTest.ThrowIfProcessNotValid(Process process)
   at Microsoft.VisualStudio.TestTools.UITesting.ApplicationUnderTest.Start(ProcessStartInfo startInfo)
   at Microsoft.VisualStudio.TestTools.UITesting.ApplicationUnderTest..ctor(String fileName, String alternateFileName, String arguments)
   at Microsoft.VisualStudio.TestTools.UITesting.ApplicationUnderTest.Launch(String fileName, String alternateFileName)
   at TestProject7.UIMap.Login_new() in C:\TestProject7\TestProject7\UIMap.Designer.cs:line 2664
   at TestProject7.TamAutotest.StartTest() in C:\TestProject7\TestProject7\CodedUITest1.cs:line 29
</StackTrace>
        </ErrorInfo>
      </Output>
    </UnitTestResult>
  </Results>
</TestRun>