<?xml version="1.0" encoding="UTF-8"?>
<TestRun id="632fbaab-1047-472f-90c3-d3820d6f1ee3" name="John Burrows-ad@ICLVDEVAP01 2012-11-16 11:17:32" runUser="INSUR-E\John Burrows-ad" xmlns="http://microsoft.com/schemas/VisualStudio/TeamTest/2010">
  <TestSettings name="Default Test Settings" id="a94c77bc-afee-45e4-bf2b-b68e081bb32b">
    <Execution>
      <TestTypeSpecific />
      <AgentRule name="Execution Agents">
      </AgentRule>
    </Execution>
    <Deployment runDeploymentRoot="John Burrows-ad_ICLVDEVAP01 2012-11-16 11_17_32" />
  </TestSettings>
  <Times creation="2012-11-16T11:17:32.7679834+00:00" queuing="2012-11-16T11:17:33.2672154+00:00" start="2012-11-16T11:17:33.3296194+00:00" finish="2012-11-16T11:19:58.7908477+00:00" />
  <ResultSummary outcome="Failed">
    <Counters total="1" executed="1" error="0" failed="1" timeout="0" aborted="0" inconclusive="0" passedButRunAborted="0" notRunnable="0" notExecuted="0" disconnected="0" warning="0" passed="0" completed="0" inProgress="0" pending="0" />
  </ResultSummary>
  <TestDefinitions>
    <UnitTest name="MotoTest2" storage="testproject7.dll" id="6a41f98c-60c7-3333-a5a3-d5d87b5c35c7">
      <Execution id="2ade3c2f-ba4e-4211-babd-3ee07ab9d837" />
      <TestMethod codeBase="C:/TestProject7/TestProject7/bin/Debug/TestProject7.dll" adapterTypeName="Microsoft.VisualStudio.TestTools.TestTypes.Unit.UnitTestAdapter, Microsoft.VisualStudio.QualityTools.Tips.UnitTest.Adapter, Version=10.0.0.0, Culture=neutral, PublicKeyToken=b03f5f7f11d50a3a" className="TestProject7.TamAutotest, TestProject7, Version=1.0.0.0, Culture=neutral, PublicKeyToken=null" name="MotoTest2" />
      <Extension>Microsoft.VisualStudio.TestTools.UITesting.CodedUITestAttribute, Microsoft.VisualStudio.QualityTools.CodedUITestFramework, Version=10.0.0.0, Culture=neutral, PublicKeyToken=b03f5f7f11d50a3a</Extension>
    </UnitTest>
  </TestDefinitions>
  <TestLists>
    <TestList name="Results Not in a List" id="8c84fa94-04c1-424b-9868-57a2d4851a1d" />
    <TestList name="All Loaded Results" id="19431567-8539-422a-85d7-44ee4e166bda" />
  </TestLists>
  <TestEntries>
    <TestEntry testId="6a41f98c-60c7-3333-a5a3-d5d87b5c35c7" executionId="2ade3c2f-ba4e-4211-babd-3ee07ab9d837" testListId="8c84fa94-04c1-424b-9868-57a2d4851a1d" />
  </TestEntries>
  <Results>
    <UnitTestResult executionId="2ade3c2f-ba4e-4211-babd-3ee07ab9d837" testId="6a41f98c-60c7-3333-a5a3-d5d87b5c35c7" testName="MotoTest2" computerName="ICLVDEVAP01" duration="00:02:25.0391428" startTime="2012-11-16T11:17:33.3296194+00:00" endTime="2012-11-16T11:19:58.7598446+00:00" testType="13cdc9d9-ddb5-4fa4-a97d-d965ccfc6d4b" outcome="Failed" testListId="8c84fa94-04c1-424b-9868-57a2d4851a1d" relativeResultsDirectory="2ade3c2f-ba4e-4211-babd-3ee07ab9d837">
      <Output>
        <DebugTrace>W, 4020, 13, 2012/11/16, 11:17:34.047, 1459802583631, QTAgent32.exe, ExtensionFramework : A Technology Manager with name Web is already registered.
W, 4020, 13, 2012/11/16, 11:17:35.139, 1459818169713, QTAgent32.exe, &lt;a class=success&gt;Playback - {1} [SUCCESS] MouseButtonClick - "[MSAA, VisibleOnly]ControlType='Edit'"
\0&lt;/a&gt;
W, 4020, 13, 2012/11/16, 11:17:35.404, 1459821966695, QTAgent32.exe, &lt;a class=success&gt;Playback - {2} [SUCCESS] SendKeys "[*]" - "[MSAA, VisibleOnly]ControlType='Edit'"
\0&lt;/a&gt;
W, 4020, 13, 2012/11/16, 11:17:36.340, 1459835418039, QTAgent32.exe, &lt;a class=success&gt;Playback - {3} [SUCCESS] MouseButtonClick - "[MSAA, VisibleOnly]ControlType='Button' &amp;&amp; Name='OK'"
\0&lt;/a&gt;
E, 4020, 13, 2012/11/16, 11:17:36.481, 1459837422096, QTAgent32.exe, LoadLibrary() : Unable to find the resource 37382 from assembly C:\Windows\system32\en-US\ieframe.dll.mui: Error1814
E, 4020, 13, 2012/11/16, 11:17:36.481, 1459837427637, QTAgent32.exe, LoadLibrary() : Unable to find the resource 41728 from assembly C:\Windows\system32\en-US\ieframe.dll.mui: Error1814
E, 4020, 13, 2012/11/16, 11:17:36.481, 1459837430501, QTAgent32.exe, LoadLibrary() : Unable to find the resource 8131 from assembly C:\Windows\system32\en-US\ieframe.dll.mui: Error1814
E, 4020, 13, 2012/11/16, 11:17:36.481, 1459837432721, QTAgent32.exe, LoadLibrary() : Unable to find the resource 8131 from assembly C:\Windows\system32\en-US\ieframe.dll.mui: Error1814
E, 4020, 13, 2012/11/16, 11:17:36.481, 1459837436417, QTAgent32.exe, LoadLibrary() : Unable to find the resource 8131 from assembly C:\Windows\system32\en-US\ieframe.dll.mui: Error1814
E, 4020, 13, 2012/11/16, 11:17:36.481, 1459837440951, QTAgent32.exe, LoadLibrary() : Unable to find the resource 803 from assembly C:\Windows\system32\en-US\user32.dll.mui: Error1814
W, 4020, 13, 2012/11/16, 11:17:36.590, 1459838940699, QTAgent32.exe, &lt;a class=success&gt;Playback - {4} [SUCCESS] SendKeys "^{HOME}" - "[MSAA, VisibleOnly]ControlType='Edit'"
\0&lt;/a&gt;
E, 4020, 13, 2012/11/16, 11:17:36.590, 1459838969563, QTAgent32.exe, Msaa.GetFocusedElement: could not find accessible object of foreground window
W, 4020, 13, 2012/11/16, 11:17:36.683, 1459840282734, QTAgent32.exe, &lt;a class=success&gt;Playback - {5} [SUCCESS] SendKeys "^+{END}" - "[MSAA, VisibleOnly]ControlType='Edit'"
\0&lt;/a&gt;
E, 4020, 13, 2012/11/16, 11:17:36.683, 1459840285564, QTAgent32.exe, Msaa.GetFocusedElement: could not find accessible object of foreground window
W, 4020, 13, 2012/11/16, 11:17:36.699, 1459840505912, QTAgent32.exe, &lt;a class=success&gt;Playback - {6} [SUCCESS] SendKeys "{DELETE}" - "[MSAA, VisibleOnly]ControlType='Edit'"
\0&lt;/a&gt;
W, 4020, 13, 2012/11/16, 11:17:37.042, 1459845422715, QTAgent32.exe, &lt;a class=success&gt;Playback - {7} [SUCCESS] SetValueAsEditBox "16/11/2012" - "[MSAA, VisibleOnly]ControlType='Edit'"  &lt; Set via SendKeys &gt;
\0&lt;/a&gt;
W, 4020, 13, 2012/11/16, 11:17:37.588, 1459853310917, QTAgent32.exe, Playback - [WARNING] Internal warning: Incorrect flag set for InvokeProgrammaticAction\0
W, 4020, 13, 2012/11/16, 11:17:38.025, 1459859491646, QTAgent32.exe, &lt;a class=success&gt;Playback - {8} [SUCCESS] SetValueAsComboBox "November" - "[MSAA, VisibleOnly]ControlType='ComboBox'"  &lt; SetValueAsComboBox, set by clicking on the item in the list box &gt;
\0&lt;/a&gt;
W, 4020, 13, 2012/11/16, 11:17:38.228, 1459862395717, QTAgent32.exe, &lt;a class=success&gt;Playback - {9} [SUCCESS] SendKeys "^{HOME}" - "[MSAA, VisibleOnly]ControlType='Edit'"
\0&lt;/a&gt;
E, 4020, 13, 2012/11/16, 11:17:38.228, 1459862398405, QTAgent32.exe, Msaa.GetFocusedElement: could not find accessible object of foreground window
W, 4020, 13, 2012/11/16, 11:17:38.306, 1459863511232, QTAgent32.exe, &lt;a class=success&gt;Playback - {10} [SUCCESS] SendKeys "^+{END}" - "[MSAA, VisibleOnly]ControlType='Edit'"
\0&lt;/a&gt;
E, 4020, 13, 2012/11/16, 11:17:38.306, 1459863513804, QTAgent32.exe, Msaa.GetFocusedElement: could not find accessible object of foreground window
W, 4020, 13, 2012/11/16, 11:17:38.321, 1459863735317, QTAgent32.exe, &lt;a class=success&gt;Playback - {11} [SUCCESS] SendKeys "{DELETE}" - "[MSAA, VisibleOnly]ControlType='Edit'"
\0&lt;/a&gt;
W, 4020, 13, 2012/11/16, 11:17:38.477, 1459865972679, QTAgent32.exe, &lt;a class=success&gt;Playback - {12} [SUCCESS] SetValueAsEditBox "2012" - "[MSAA, VisibleOnly]ControlType='Edit'"  &lt; Set via SendKeys &gt;
\0&lt;/a&gt;
W, 4020, 13, 2012/11/16, 11:17:39.336, 1459878414503, QTAgent32.exe, &lt;a class=success&gt;Playback - {13} [SUCCESS] MouseButtonClick - "[MSAA, VisibleOnly]ControlType='Button' &amp;&amp; Name='OK'"
\0&lt;/a&gt;
W, 4020, 13, 2012/11/16, 11:17:39.507, 1459880708992, QTAgent32.exe, &lt;a class=success&gt;Playback - {14} [SUCCESS] TypeString "#(R)"
\0&lt;/a&gt;
E, 4020, 13, 2012/11/16, 11:17:39.741, 1459884205549, QTAgent32.exe, Exception: System.ArgumentException
	Message: Value does not fall within the expected range.
	Stack Trace:    at Accessibility.IAccessible.get_accRole(Object varChild)
   at Microsoft.VisualStudio.TestTools.UITest.Extension.Msaa.AccWrapper.get_RoleInt()
	BaseExceptionMessage: Value does not fall within the expected range.

E, 4020, 13, 2012/11/16, 11:17:39.772, 1459884661804, QTAgent32.exe, Exception: System.ArgumentException
	Message: Value does not fall within the expected range.
	Stack Trace:    at Accessibility.IAccessible.get_accRole(Object varChild)
   at Microsoft.VisualStudio.TestTools.UITest.Extension.Msaa.AccWrapper.get_RoleInt()
	BaseExceptionMessage: Value does not fall within the expected range.

W, 4020, 13, 2012/11/16, 11:17:40.350, 1459892772614, QTAgent32.exe, &lt;a class=success&gt;Playback - {15} [SUCCESS] LeftButtonClick  &lt; Mouse cursor location (87, 852) &gt;
\0&lt;/a&gt;
W, 4020, 13, 2012/11/16, 11:17:41.473, 1459908910057, QTAgent32.exe, &lt;a class=success&gt;Playback - {16} [SUCCESS] SetValueAsEditBox "c:\TestProject7\office.reg"  &lt; Set via SendKeys &gt;
\0&lt;/a&gt;
W, 4020, 13, 2012/11/16, 11:17:41.473, 1459908912243, QTAgent32.exe, &lt;a class=success&gt;Playback - {17} [SUCCESS] SetValueAsComboBox "c:\TestProject7\office.reg" - "[MSAA, VisibleOnly]ControlType='ComboBox' &amp;&amp; Name='Open:'"  &lt; Set via SetValueAsEditBox &gt;
\0&lt;/a&gt;
W, 4020, 13, 2012/11/16, 11:17:41.925, 1459915473415, QTAgent32.exe, &lt;a class=success&gt;Playback - {18} [SUCCESS] MouseButtonClick - "[MSAA, VisibleOnly]ControlType='Button' &amp;&amp; Name='OK'"
\0&lt;/a&gt;
W, 4020, 13, 2012/11/16, 11:17:42.340, 1459921692051, QTAgent32.exe, &lt;a class=success&gt;Playback - {19} [SUCCESS] MouseButtonClick - "[MSAA, VisibleOnly]ControlType='Button' &amp;&amp; Name='Yes'"
\0&lt;/a&gt;
W, 4020, 13, 2012/11/16, 11:17:42.655, 1459926201910, QTAgent32.exe, &lt;a class=success&gt;Playback - {20} [SUCCESS] MouseButtonClick - "[MSAA, VisibleOnly]ControlType='Button' &amp;&amp; Name='OK'"
\0&lt;/a&gt;
W, 4020, 13, 2012/11/16, 11:17:42.919, 1459929973731, QTAgent32.exe, &lt;a class=success&gt;Playback - {21} [SUCCESS] MouseButtonClick - "[MSAA, VisibleOnly]ControlType='Button' &amp;&amp; Name='Clients &amp; Files'"
\0&lt;/a&gt;
W, 4020, 13, 2012/11/16, 11:17:43.802, 1459942618088, QTAgent32.exe, Playback - [WARNING] Internal warning: Window Not Found: [VisibleOnly]ControlType='Window' &amp;&amp; Name='Customer: txt1 tdsfs' &amp;&amp; ClassName='ThunderRT6MDIForm'
\0
E, 4020, 13, 2012/11/16, 11:17:43.802, 1459942620999, QTAgent32.exe, &lt;a class=failure&gt;Playback - {22} [FAILED] Function ElementFetcher::FindScreenElement failed to locate UI element (Searching: ;[VisibleOnly]ControlType='Window' &amp;&amp; Name='Customer: txt1 tdsfs' &amp;&amp; ClassName='ThunderRT6MDIForm') (The object specified was not found.)
\0&lt;/a&gt;
E, 4020, 13, 2012/11/16, 11:17:43.869, 1459943578552, QTAgent32.exe, Playback - [IMAGE] C:\Users\John Burrows-ad\AppData\Local\Temp\UITestLogs\LastRun\RPF6833.png
\0
W, 4020, 13, 2012/11/16, 11:17:43.869, 1459943580433, QTAgent32.exe, Playback - [WARNING] Internal warning: Couldn't find descendants that match QueryId
\0
W, 4020, 13, 2012/11/16, 11:17:43.869, 1459943583748, QTAgent32.exe, PERF WARNING: FindTopLevelWindowHelper::FindAllDescendents: took 813 ms. Expected it to take maximum 500 ms.
W, 4020, 13, 2012/11/16, 11:18:01.883, 1460201491225, QTAgent32.exe, Playback - [WARNING] Internal warning: Window Not Found: [VisibleOnly]ControlType='Window' &amp;&amp; Name='Customer: txt1 tdsfs' &amp;&amp; ClassName='ThunderRT6MDIForm'
\0
E, 4020, 13, 2012/11/16, 11:18:01.883, 1460201494089, QTAgent32.exe, &lt;a class=failure&gt;Playback - {23} [FAILED] Function ElementFetcher::FindScreenElement failed to locate UI element (Searching: ;[VisibleOnly]ControlType='Window' &amp;&amp; Name='Customer: txt1 tdsfs' &amp;&amp; ClassName='ThunderRT6MDIForm') (The object specified was not found.)
\0&lt;/a&gt;
E, 4020, 13, 2012/11/16, 11:18:01.955, 1460202530712, QTAgent32.exe, Playback - [IMAGE] C:\Users\John Burrows-ad\AppData\Local\Temp\UITestLogs\LastRun\RPFAED4.png
\0
W, 4020, 13, 2012/11/16, 11:18:01.956, 1460202532789, QTAgent32.exe, Playback - [WARNING] Internal warning: Couldn't find descendants that match QueryId
\0
W, 4020, 13, 2012/11/16, 11:18:01.956, 1460202535873, QTAgent32.exe, PERF WARNING: FindTopLevelWindowHelper::FindAllDescendents: took 18084 ms. Expected it to take maximum 500 ms.
W, 4020, 13, 2012/11/16, 11:18:02.523, 1460210664986, QTAgent32.exe, Playback - [WARNING] Internal warning: Window with Class "ThunderRT6MDIForm" and Title "Customer: txt1 tdsfs" was not found, so similar window with Class "ThunderRT6MDIForm" and Title "Customer: autotest" was accepted
\0
W, 4020, 13, 2012/11/16, 11:18:02.524, 1460210669230, QTAgent32.exe, PERF WARNING: FindTopLevelWindowHelper::FindAllDescendents: took 567 ms. Expected it to take maximum 500 ms.
W, 4020, 13, 2012/11/16, 11:18:02.772, 1460214228509, QTAgent32.exe, Playback - [WARNING] Internal warning: Incorrect flag set for InvokeProgrammaticAction\0
W, 4020, 13, 2012/11/16, 11:18:02.891, 1460215927739, QTAgent32.exe, &lt;a class=success&gt;Playback - {24} [SUCCESS] SetValueAsComboBox "Customers" - "[MSAA, VisibleOnly]ControlType='ComboBox'"  &lt; SetValueAsComboBox, set by clicking on the item in the list box &gt;
\0&lt;/a&gt;
W, 4020, 13, 2012/11/16, 11:18:03.339, 1460222337123, QTAgent32.exe, &lt;a class=success&gt;Playback - {25} [SUCCESS] MouseButtonClick - "[MSAA, VisibleOnly]ControlType='Button' &amp;&amp; Name='Add'"
\0&lt;/a&gt;
W, 4020, 13, 2012/11/16, 11:18:03.651, 1460226806657, QTAgent32.exe, &lt;a class=success&gt;Playback - {26} [SUCCESS] SendKeys "autotest" - "[MSAA, VisibleOnly]ControlType='RadioButton' &amp;&amp; Name='Personal Lines'"
\0&lt;/a&gt;
W, 4020, 13, 2012/11/16, 11:18:04.038, 1460232351744, QTAgent32.exe, &lt;a class=success&gt;Playback - {27} [SUCCESS] SetValueAsEditBox "autotest" - "[MSAA, VisibleOnly]ControlType='Edit'"  &lt; Set via SendKeys &gt;
\0&lt;/a&gt;
W, 4020, 13, 2012/11/16, 11:18:04.443, 1460238149893, QTAgent32.exe, &lt;a class=success&gt;Playback - {28} [SUCCESS] MouseButtonClick - "[MSAA, VisibleOnly]ControlType='Button' &amp;&amp; Name='OK'"
\0&lt;/a&gt;
W, 4020, 13, 2012/11/16, 11:18:04.826, 1460243640056, QTAgent32.exe, &lt;a class=success&gt;Playback - {29} [SUCCESS] MouseButtonClick - "[MSAA, VisibleOnly]ControlType='Button' &amp;&amp; Name='Yes'"
\0&lt;/a&gt;
W, 4020, 13, 2012/11/16, 11:18:05.020, 1460246408558, QTAgent32.exe, &lt;a class=success&gt;Playback - {30} [SUCCESS] SendKeys "^{HOME}" - "[MSAA, VisibleOnly]ControlType='Edit'"
\0&lt;/a&gt;
E, 4020, 13, 2012/11/16, 11:18:05.020, 1460246411117, QTAgent32.exe, Msaa.GetFocusedElement: could not find accessible object of foreground window
W, 4020, 13, 2012/11/16, 11:18:05.078, 1460247239597, QTAgent32.exe, &lt;a class=success&gt;Playback - {31} [SUCCESS] SendKeys "^+{END}" - "[MSAA, VisibleOnly]ControlType='Edit'"
\0&lt;/a&gt;
E, 4020, 13, 2012/11/16, 11:18:05.078, 1460247242038, QTAgent32.exe, Msaa.GetFocusedElement: could not find accessible object of foreground window
W, 4020, 13, 2012/11/16, 11:18:05.091, 1460247425845, QTAgent32.exe, &lt;a class=success&gt;Playback - {32} [SUCCESS] SendKeys "{DELETE}" - "[MSAA, VisibleOnly]ControlType='Edit'"
\0&lt;/a&gt;
W, 4020, 13, 2012/11/16, 11:18:05.155, 1460248345663, QTAgent32.exe, &lt;a class=success&gt;Playback - {33} [SUCCESS] SetValueAsEditBox "1" - "[MSAA, VisibleOnly]ControlType='Edit'"  &lt; Set via SendKeys &gt;
\0&lt;/a&gt;
W, 4020, 13, 2012/11/16, 11:18:05.360, 1460251277003, QTAgent32.exe, &lt;a class=success&gt;Playback - {34} [SUCCESS] SendKeys "^{HOME}" - "[MSAA, VisibleOnly]ControlType='Edit'"
\0&lt;/a&gt;
E, 4020, 13, 2012/11/16, 11:18:05.360, 1460251279513, QTAgent32.exe, Msaa.GetFocusedElement: could not find accessible object of foreground window
W, 4020, 13, 2012/11/16, 11:18:05.413, 1460252036051, QTAgent32.exe, &lt;a class=success&gt;Playback - {35} [SUCCESS] SendKeys "^+{END}" - "[MSAA, VisibleOnly]ControlType='Edit'"
\0&lt;/a&gt;
E, 4020, 13, 2012/11/16, 11:18:05.413, 1460252038204, QTAgent32.exe, Msaa.GetFocusedElement: could not find accessible object of foreground window
W, 4020, 13, 2012/11/16, 11:18:05.426, 1460252222117, QTAgent32.exe, &lt;a class=success&gt;Playback - {36} [SUCCESS] SendKeys "{DELETE}" - "[MSAA, VisibleOnly]ControlType='Edit'"
\0&lt;/a&gt;
W, 4020, 13, 2012/11/16, 11:18:05.493, 1460253185105, QTAgent32.exe, &lt;a class=success&gt;Playback - {37} [SUCCESS] SetValueAsEditBox "1" - "[MSAA, VisibleOnly]ControlType='Edit'"  &lt; Set via SendKeys &gt;
\0&lt;/a&gt;
W, 4020, 13, 2012/11/16, 11:18:05.812, 1460257760137, QTAgent32.exe, &lt;a class=success&gt;Playback - {38} [SUCCESS] MouseButtonClick - "[MSAA, VisibleOnly]ControlType='Button' &amp;&amp; Name='OK'"
\0&lt;/a&gt;
W, 4020, 13, 2012/11/16, 11:18:06.146, 1460262542354, QTAgent32.exe, &lt;a class=success&gt;Playback - {39} [SUCCESS] MouseButtonClick - "[MSAA, VisibleOnly]ControlType='Button'"
\0&lt;/a&gt;
W, 4020, 13, 2012/11/16, 11:18:06.449, 1460266872919, QTAgent32.exe, &lt;a class=success&gt;Playback - {40} [SUCCESS] MouseButtonClick - "[MSAA, VisibleOnly]ControlType='Button' &amp;&amp; Name='Add'"
\0&lt;/a&gt;
W, 4020, 13, 2012/11/16, 11:18:06.757, 1460271289940, QTAgent32.exe, &lt;a class=success&gt;Playback - {41} [SUCCESS] MouseButtonClick - "[MSAA, VisibleOnly]ControlType='Button' &amp;&amp; Name='OK'"
\0&lt;/a&gt;
W, 4020, 13, 2012/11/16, 11:18:08.997, 1460303355436, QTAgent32.exe, &lt;a class=success&gt;Playback - {42} [SUCCESS] MouseButtonClick - "[MSAA, VisibleOnly,Window]ControlType='Window' &amp;&amp; ClassName='ThunderRT6TextBox'"
\0&lt;/a&gt;
W, 4020, 13, 2012/11/16, 11:18:09.282, 1460307440711, QTAgent32.exe, &lt;a class=success&gt;Playback - {43} [SUCCESS] SetValueAsEditBox "MOTO" - "[MSAA, VisibleOnly]ControlType='Edit'"  &lt; Set via SendKeys &gt;
\0&lt;/a&gt;
W, 4020, 13, 2012/11/16, 11:18:09.595, 1460311929721, QTAgent32.exe, &lt;a class=success&gt;Playback - {44} [SUCCESS] MouseButtonClick - "[MSAA, VisibleOnly]ControlType='Button' &amp;&amp; Name='OK'"
\0&lt;/a&gt;
W, 4020, 13, 2012/11/16, 11:18:09.832, 1460315315325, QTAgent32.exe, &lt;a class=success&gt;Playback - {45} [SUCCESS] MouseButtonClick - "[MSAA, VisibleOnly]ControlType='Button' &amp;&amp; Name='Options'"
\0&lt;/a&gt;
W, 4020, 13, 2012/11/16, 11:18:09.943, 1460316905671, QTAgent32.exe, FindScreenElementInSinglePass : Attempting to find control in one pass of search. Failures can occur.
W, 4020, 13, 2012/11/16, 11:18:10.123, 1460319479017, QTAgent32.exe, &lt;a class=success&gt;Playback - {46} [SUCCESS] MouseButtonClick - "[MSAA]ControlType='MenuItem' &amp;&amp; Name='Links'"
\0&lt;/a&gt;
W, 4020, 13, 2012/11/16, 11:18:10.223, 1460320914841, QTAgent32.exe, FindScreenElementInSinglePass : Attempting to find control in one pass of search. Failures can occur.
W, 4020, 13, 2012/11/16, 11:18:10.405, 1460323502450, QTAgent32.exe, &lt;a class=success&gt;Playback - {47} [SUCCESS] MouseButtonClick - "[MSAA]ControlType='MenuItem' &amp;&amp; Name='3rd Party Integration'"
\0&lt;/a&gt;
W, 4020, 13, 2012/11/16, 11:18:10.505, 1460324939262, QTAgent32.exe, FindScreenElementInSinglePass : Attempting to find control in one pass of search. Failures can occur.
W, 4020, 13, 2012/11/16, 11:18:10.691, 1460327608626, QTAgent32.exe, &lt;a class=success&gt;Playback - {48} [SUCCESS] MouseButtonClick - "[MSAA]ControlType='MenuItem' &amp;&amp; Name='Quote Select List'"
\0&lt;/a&gt;
W, 4020, 13, 2012/11/16, 11:18:12.253, 1460349965940, QTAgent32.exe, PERF WARNING: FindTopLevelWindowHelper::FindAllDescendents: took 1459 ms. Expected it to take maximum 500 ms.
W, 4020, 13, 2012/11/16, 11:18:13.862, 1460373004166, QTAgent32.exe, &lt;a class=success&gt;Playback - {49} [SUCCESS] MouseButtonClick - "[MSAA, VisibleOnly]ControlType='Button' &amp;&amp; Name='Ok'"
\0&lt;/a&gt;
W, 4020, 13, 2012/11/16, 11:18:15.035, 1460389800037, QTAgent32.exe, PERF WARNING: FindTopLevelWindowHelper::FindAllDescendents: took 1067 ms. Expected it to take maximum 500 ms.
W, 4020, 13, 2012/11/16, 11:18:15.246, 1460392823966, QTAgent32.exe, &lt;a class=success&gt;Playback - {50} [SUCCESS] MouseButtonClick - "[MSAA, VisibleOnly]ControlType='Button' &amp;&amp; Name='Ok'"
\0&lt;/a&gt;
W, 4020, 13, 2012/11/16, 11:18:15.556, 1460397263316, QTAgent32.exe, &lt;a class=success&gt;Playback - {51} [SUCCESS] SetValueAsEditBox "Test" - "[MSAA, VisibleOnly]ControlType='Edit'"  &lt; Set via SendKeys &gt;
\0&lt;/a&gt;
W, 4020, 13, 2012/11/16, 11:18:15.729, 1460399737358, QTAgent32.exe, &lt;a class=success&gt;Playback - {52} [SUCCESS] SendKeys "{Tab}" - "[MSAA, VisibleOnly]ControlType='Edit'"
\0&lt;/a&gt;
W, 4020, 13, 2012/11/16, 11:18:16.048, 1460404308690, QTAgent32.exe, &lt;a class=success&gt;Playback - {53} [SUCCESS] SetValueAsEditBox "test" - "[MSAA, VisibleOnly]ControlType='Edit'"  &lt; Set via SendKeys &gt;
\0&lt;/a&gt;
W, 4020, 13, 2012/11/16, 11:18:16.391, 1460409220394, QTAgent32.exe, &lt;a class=success&gt;Playback - {54} [SUCCESS] SetValueAsEditBox "160485" - "[MSAA, VisibleOnly]ControlType='Edit'"  &lt; Set via SendKeys &gt;
\0&lt;/a&gt;
W, 4020, 13, 2012/11/16, 11:18:16.738, 1460414188702, QTAgent32.exe, &lt;a class=success&gt;Playback - {55} [SUCCESS] SetValueAsEditBox "B338TH" - "[MSAA, VisibleOnly]ControlType='Edit'"  &lt; Set via SendKeys &gt;
\0&lt;/a&gt;
W, 4020, 13, 2012/11/16, 11:18:18.960, 1460446000756, QTAgent32.exe, &lt;a class=success&gt;Playback - {56} [SUCCESS] MouseButtonClick - "[MSAA, VisibleOnly]ControlType='Button' &amp;&amp; Name='Lookup...'"
\0&lt;/a&gt;
W, 4020, 13, 2012/11/16, 11:18:19.195, 1460449377374, QTAgent32.exe, &lt;a class=success&gt;Playback - {57} [SUCCESS] MouseButtonClick - "[MSAA, VisibleOnly]ControlType='Button' &amp;&amp; Name='Ok'"
\0&lt;/a&gt;
W, 4020, 13, 2012/11/16, 11:18:20.739, 1460471458840, QTAgent32.exe, &lt;a class=success&gt;Playback - {58} [SUCCESS] MouseButtonClick - "[MSAA, VisibleOnly]ControlType='Button' &amp;&amp; Name='OK'"
\0&lt;/a&gt;
W, 4020, 13, 2012/11/16, 11:18:21.254, 1460478832978, QTAgent32.exe, Playback - [WARNING] Internal warning: Incorrect flag set for InvokeProgrammaticAction\0
W, 4020, 13, 2012/11/16, 11:18:21.372, 1460480524465, QTAgent32.exe, &lt;a class=success&gt;Playback - {59} [SUCCESS] SetValueAsComboBox "Account Executive" - "[MSAA, VisibleOnly]ControlType='ComboBox'"  &lt; SetValueAsComboBox, set by clicking on the item in the list box &gt;
\0&lt;/a&gt;
W, 4020, 13, 2012/11/16, 11:18:21.811, 1460486820971, QTAgent32.exe, Playback - [WARNING] Internal warning: Incorrect flag set for InvokeProgrammaticAction\0
W, 4020, 13, 2012/11/16, 11:18:21.941, 1460488672057, QTAgent32.exe, &lt;a class=success&gt;Playback - {60} [SUCCESS] SetValueAsComboBox "Acupuncture" - "[MSAA, VisibleOnly]ControlType='ComboBox'"  &lt; SetValueAsComboBox, set by clicking on the item in the list box &gt;
\0&lt;/a&gt;
W, 4020, 13, 2012/11/16, 11:18:22.420, 1460495535397, QTAgent32.exe, &lt;a class=success&gt;Playback - {61} [SUCCESS] SetValueAsEditBox "151101" - "[MSAA, VisibleOnly]ControlType='Edit'"  &lt; Set via SendKeys &gt;
\0&lt;/a&gt;
W, 4020, 13, 2012/11/16, 11:18:24.025, 1460518513830, QTAgent32.exe, &lt;a class=success&gt;Playback - {62} [SUCCESS] MouseButtonClick - "[MSAA, VisibleOnly]ControlType='Button' &amp;&amp; Name='OK'"
\0&lt;/a&gt;
W, 4020, 13, 2012/11/16, 11:18:24.481, 1460525047135, QTAgent32.exe, &lt;a class=success&gt;Playback - {63} [SUCCESS] SetValueAsEditBox "RF53OXL" - "[MSAA, VisibleOnly]ControlType='Edit'"  &lt; Set via SendKeys &gt;
\0&lt;/a&gt;
W, 4020, 13, 2012/11/16, 11:18:25.453, 1460538965555, QTAgent32.exe, &lt;a class=success&gt;Playback - {64} [SUCCESS] MouseButtonClick - "[MSAA, VisibleOnly]ControlType='Button' &amp;&amp; Name='Filter'"
\0&lt;/a&gt;
W, 4020, 13, 2012/11/16, 11:18:25.732, 1460542953776, QTAgent32.exe, &lt;a class=success&gt;Playback - {65} [SUCCESS] MouseButtonClick - "[MSAA, VisibleOnly]ControlType='Button' &amp;&amp; Name='OK'"
\0&lt;/a&gt;
W, 4020, 13, 2012/11/16, 11:18:25.996, 1460546735908, QTAgent32.exe, &lt;a class=success&gt;Playback - {66} [SUCCESS] SendKeys "^{HOME}" - "[MSAA, VisibleOnly]ControlType='Edit'"
\0&lt;/a&gt;
E, 4020, 13, 2012/11/16, 11:18:25.996, 1460546738503, QTAgent32.exe, Msaa.GetFocusedElement: could not find accessible object of foreground window
W, 4020, 13, 2012/11/16, 11:18:26.049, 1460547494243, QTAgent32.exe, &lt;a class=success&gt;Playback - {67} [SUCCESS] SendKeys "^+{END}" - "[MSAA, VisibleOnly]ControlType='Edit'"
\0&lt;/a&gt;
E, 4020, 13, 2012/11/16, 11:18:26.049, 1460547496413, QTAgent32.exe, Msaa.GetFocusedElement: could not find accessible object of foreground window
W, 4020, 13, 2012/11/16, 11:18:26.062, 1460547680471, QTAgent32.exe, &lt;a class=success&gt;Playback - {68} [SUCCESS] SendKeys "{DELETE}" - "[MSAA, VisibleOnly]ControlType='Edit'"
\0&lt;/a&gt;
W, 4020, 13, 2012/11/16, 11:18:26.248, 1460550348598, QTAgent32.exe, &lt;a class=success&gt;Playback - {69} [SUCCESS] SetValueAsEditBox "1000" - "[MSAA, VisibleOnly]ControlType='Edit'"  &lt; Set via SendKeys &gt;
\0&lt;/a&gt;
W, 4020, 13, 2012/11/16, 11:18:26.566, 1460554901960, QTAgent32.exe, &lt;a class=success&gt;Playback - {70} [SUCCESS] MouseButtonClick - "[MSAA, VisibleOnly]ControlType='Button' &amp;&amp; Name='Calculate Quote'"
\0&lt;/a&gt;
W, 4020, 13, 2012/11/16, 11:18:26.809, 1460558379758, QTAgent32.exe, &lt;a class=success&gt;Playback - {71} [SUCCESS] MouseButtonClick - "[MSAA, VisibleOnly]ControlType='Button' &amp;&amp; Name='Cancel'"
\0&lt;/a&gt;
W, 4020, 13, 2012/11/16, 11:18:27.082, 1460562296027, QTAgent32.exe, &lt;a class=success&gt;Playback - {72} [SUCCESS] MouseButtonClick - "[MSAA, VisibleOnly]ControlType='Button' &amp;&amp; Name='No'"
\0&lt;/a&gt;
W, 4020, 13, 2012/11/16, 11:18:40.460, 1460753814711, QTAgent32.exe, PERF WARNING: FindTopLevelWindowHelper::FindAllDescendents: took 13270 ms. Expected it to take maximum 500 ms.
W, 4020, 13, 2012/11/16, 11:18:40.587, 1460755639144, QTAgent32.exe, &lt;a class=success&gt;Playback - {73} [SUCCESS] MouseButtonClick - "[MSAA, VisibleOnly]ControlType='Button' &amp;&amp; Name='Exit'"
\0&lt;/a&gt;
W, 4020, 13, 2012/11/16, 11:18:40.923, 1460760446280, QTAgent32.exe, &lt;a class=success&gt;Playback - {74} [SUCCESS] MouseButtonClick - "[MSAA, VisibleOnly]ControlType='Button' &amp;&amp; Name='Yes'"
\0&lt;/a&gt;
W, 4020, 13, 2012/11/16, 11:18:42.125, 1460777662127, QTAgent32.exe, PERF WARNING: FindTopLevelWindowHelper::FindAllDescendents: took 964 ms. Expected it to take maximum 500 ms.
W, 4020, 13, 2012/11/16, 11:18:42.265, 1460779668685, QTAgent32.exe, &lt;a class=success&gt;Playback - {75} [SUCCESS] Uncheck - "[MSAA, VisibleOnly]ControlType='CheckBox' &amp;&amp; Name='Add Activity'"
\0&lt;/a&gt;
W, 4020, 13, 2012/11/16, 11:18:42.623, 1460784799414, QTAgent32.exe, &lt;a class=success&gt;Playback - {76} [SUCCESS] MouseButtonClick - "[MSAA, VisibleOnly]ControlType='Button' &amp;&amp; Name='Ok'"
\0&lt;/a&gt;
W, 4020, 13, 2012/11/16, 11:18:46.547, 1460840977012, QTAgent32.exe, PERF WARNING: FindTopLevelWindowHelper::FindAllDescendents: took 3633 ms. Expected it to take maximum 500 ms.
W, 4020, 13, 2012/11/16, 11:18:46.828, 1460845003126, QTAgent32.exe, &lt;a class=success&gt;Playback - {77} [SUCCESS] DoSelect - "[MSAA, VisibleOnly]ControlType='List'"
\0&lt;/a&gt;
W, 4020, 13, 2012/11/16, 11:18:49.021, 1460876405102, QTAgent32.exe, &lt;a class=success&gt;Playback - {78} [SUCCESS] MouseButtonClick - "[MSAA, VisibleOnly]ControlType='Button' &amp;&amp; Name='Ok'"
\0&lt;/a&gt;
W, 4020, 13, 2012/11/16, 11:18:51.265, 1460908518963, QTAgent32.exe, &lt;a class=success&gt;Playback - {79} [SUCCESS] MouseButtonClick - "[MSAA, VisibleOnly]ControlType='Button' &amp;&amp; Name='OK'"
\0&lt;/a&gt;
W, 4020, 13, 2012/11/16, 11:18:51.511, 1460912042761, QTAgent32.exe, &lt;a class=success&gt;Playback - {80} [SUCCESS] MouseButtonClick - "[MSAA, VisibleOnly]ControlType='Button' &amp;&amp; Name='Cancel'"
\0&lt;/a&gt;
W, 4020, 13, 2012/11/16, 11:18:51.825, 1460916547899, QTAgent32.exe, &lt;a class=success&gt;Playback - {81} [SUCCESS] MouseButtonClick - "[MSAA, VisibleOnly]ControlType='Button'"
\0&lt;/a&gt;
W, 4020, 13, 2012/11/16, 11:18:52.196, 1460921853022, QTAgent32.exe, &lt;a class=success&gt;Playback - {82} [SUCCESS] MouseButtonClick - "[MSAA, VisibleOnly]ControlType='Button' &amp;&amp; Name='Detail'"
\0&lt;/a&gt;
W, 4020, 13, 2012/11/16, 11:18:52.603, 1460927679004, QTAgent32.exe, Playback - [WARNING] Internal warning: Window Not Found: [VisibleOnly]ControlType='Window' &amp;&amp; Name='Policy: rty ert' &amp;&amp; ClassName='ThunderRT6MDIForm'
\0
E, 4020, 13, 2012/11/16, 11:18:52.603, 1460927682030, QTAgent32.exe, &lt;a class=failure&gt;Playback - {83} [FAILED] Function ElementFetcher::FindScreenElement failed to locate UI element (Searching: ;[VisibleOnly]ControlType='Window' &amp;&amp; Name='Policy: rty ert' &amp;&amp; ClassName='ThunderRT6MDIForm') (The object specified was not found.)
\0&lt;/a&gt;
E, 4020, 13, 2012/11/16, 11:18:52.674, 1460928700940, QTAgent32.exe, Playback - [IMAGE] C:\Users\John Burrows-ad\AppData\Local\Temp\UITestLogs\LastRun\RPF74F1.png
\0
W, 4020, 13, 2012/11/16, 11:18:52.674, 1460928702982, QTAgent32.exe, Playback - [WARNING] Internal warning: Couldn't find descendants that match QueryId
\0
W, 4020, 13, 2012/11/16, 11:19:10.687, 1461186602599, QTAgent32.exe, Playback - [WARNING] Internal warning: Window Not Found: [VisibleOnly]ControlType='Window' &amp;&amp; Name='Policy: rty ert' &amp;&amp; ClassName='ThunderRT6MDIForm'
\0
E, 4020, 13, 2012/11/16, 11:19:10.688, 1461186605950, QTAgent32.exe, &lt;a class=failure&gt;Playback - {84} [FAILED] Function ElementFetcher::FindScreenElement failed to locate UI element (Searching: ;[VisibleOnly]ControlType='Window' &amp;&amp; Name='Policy: rty ert' &amp;&amp; ClassName='ThunderRT6MDIForm') (The object specified was not found.)
\0&lt;/a&gt;
E, 4020, 13, 2012/11/16, 11:19:10.751, 1461187512257, QTAgent32.exe, Playback - [IMAGE] C:\Users\John Burrows-ad\AppData\Local\Temp\UITestLogs\LastRun\RPFBB93.png
\0
W, 4020, 13, 2012/11/16, 11:19:10.751, 1461187514203, QTAgent32.exe, Playback - [WARNING] Internal warning: Couldn't find descendants that match QueryId
\0
W, 4020, 13, 2012/11/16, 11:19:10.751, 1461187517147, QTAgent32.exe, PERF WARNING: FindTopLevelWindowHelper::FindAllDescendents: took 18075 ms. Expected it to take maximum 500 ms.
W, 4020, 13, 2012/11/16, 11:19:11.354, 1461196154741, QTAgent32.exe, Playback - [WARNING] Internal warning: Window with Class "ThunderRT6MDIForm" and Title "Policy: rty ert" was not found, so similar window with Class "ThunderRT6MDIForm" and Title "Policy: autotest" was accepted
\0
W, 4020, 13, 2012/11/16, 11:19:11.355, 1461196159015, QTAgent32.exe, PERF WARNING: FindTopLevelWindowHelper::FindAllDescendents: took 603 ms. Expected it to take maximum 500 ms.
W, 4020, 13, 2012/11/16, 11:19:11.481, 1461197967007, QTAgent32.exe, &lt;a class=success&gt;Playback - {85} [SUCCESS] MouseButtonClick - "[MSAA, VisibleOnly]ControlType='Edit'"
\0&lt;/a&gt;
W, 4020, 13, 2012/11/16, 11:19:11.773, 1461202155644, QTAgent32.exe, &lt;a class=success&gt;Playback - {86} [SUCCESS] MouseButtonClick - "[MSAA, VisibleOnly]ControlType='Button' &amp;&amp; Name='Cancel'"
\0&lt;/a&gt;
W, 4020, 13, 2012/11/16, 11:19:12.006, 1461205487607, QTAgent32.exe, &lt;a class=success&gt;Playback - {87} [SUCCESS] MouseButtonClick - "[MSAA, VisibleOnly]ControlType='Button' &amp;&amp; Name='Options'"
\0&lt;/a&gt;
W, 4020, 13, 2012/11/16, 11:19:12.106, 1461206916721, QTAgent32.exe, FindScreenElementInSinglePass : Attempting to find control in one pass of search. Failures can occur.
W, 4020, 13, 2012/11/16, 11:19:12.268, 1461209232853, QTAgent32.exe, &lt;a class=success&gt;Playback - {88} [SUCCESS] MouseButtonClick - "[MSAA]ControlType='MenuItem' &amp;&amp; Name='Links'"
\0&lt;/a&gt;
W, 4020, 13, 2012/11/16, 11:19:12.368, 1461210669355, QTAgent32.exe, FindScreenElementInSinglePass : Attempting to find control in one pass of search. Failures can occur.
W, 4020, 13, 2012/11/16, 11:19:12.555, 1461213342400, QTAgent32.exe, &lt;a class=success&gt;Playback - {89} [SUCCESS] MouseButtonClick - "[MSAA]ControlType='MenuItem' &amp;&amp; Name='3rd Party Integration'"
\0&lt;/a&gt;
W, 4020, 13, 2012/11/16, 11:19:12.655, 1461214779046, QTAgent32.exe, FindScreenElementInSinglePass : Attempting to find control in one pass of search. Failures can occur.
W, 4020, 13, 2012/11/16, 11:19:12.828, 1461217253915, QTAgent32.exe, &lt;a class=success&gt;Playback - {90} [SUCCESS] MouseButtonClick - "[MSAA]ControlType='MenuItem' &amp;&amp; Name='Quote Select List'"
\0&lt;/a&gt;
W, 4020, 13, 2012/11/16, 11:19:14.450, 1461240475287, QTAgent32.exe, PERF WARNING: FindTopLevelWindowHelper::FindAllDescendents: took 1520 ms. Expected it to take maximum 500 ms.
W, 4020, 13, 2012/11/16, 11:19:15.990, 1461262526240, QTAgent32.exe, &lt;a class=success&gt;Playback - {91} [SUCCESS] MouseButtonClick - "[MSAA, VisibleOnly]ControlType='Button' &amp;&amp; Name='Ok'"
\0&lt;/a&gt;
W, 4020, 13, 2012/11/16, 11:19:17.126, 1461278804603, QTAgent32.exe, PERF WARNING: FindTopLevelWindowHelper::FindAllDescendents: took 1033 ms. Expected it to take maximum 500 ms.
W, 4020, 13, 2012/11/16, 11:19:17.134, 1461278912729, QTAgent32.exe, Playback - [WARNING] Internal warning: Thread state based WFR - Requested element has invalid HWND
\0
W, 4020, 13, 2012/11/16, 11:19:17.134, 1461278913960, QTAgent32.exe, Playback - [WARNING] Internal warning: process performance counters based WFR - Requested element has invalid HWND
\0
E, 4020, 13, 2012/11/16, 11:19:17.141, 1461279011913, QTAgent32.exe, EnsureValid called via EnsureValid call for same element
E, 4020, 13, 2012/11/16, 11:19:17.181, 1461279585481, QTAgent32.exe, EnsureValid called via EnsureValid call for same element
E, 4020, 13, 2012/11/16, 11:19:17.182, 1461279595240, QTAgent32.exe, EnsureValid called via EnsureValid call for same element
E, 4020, 13, 2012/11/16, 11:19:17.182, 1461279597689, QTAgent32.exe, EnsureValid called via EnsureValid call for same element
E, 4020, 13, 2012/11/16, 11:19:17.184, 1461279625337, QTAgent32.exe, GetClassName for handle 1115440 failed
E, 4020, 13, 2012/11/16, 11:19:17.184, 1461279630377, QTAgent32.exe, GetClassName for handle 1115440 failed
E, 4020, 13, 2012/11/16, 11:19:17.186, 1461279657545, QTAgent32.exe, Exception: System.Runtime.InteropServices.COMException
	Message: Error HRESULT E_FAIL has been returned from a call to a COM component.
	Stack Trace:    at Accessibility.IAccessible.get_accState(Object varChild)
   at Microsoft.VisualStudio.TestTools.UITest.Extension.Msaa.AccWrapper.get_State()
	BaseExceptionMessage: Error HRESULT E_FAIL has been returned from a call to a COM component.

E, 4020, 13, 2012/11/16, 11:19:17.186, 1461279662010, QTAgent32.exe, Exception: System.Runtime.InteropServices.COMException
	Message: Error HRESULT E_FAIL has been returned from a call to a COM component.
	Stack Trace:    at Accessibility.IAccessible.get_accState(Object varChild)
   at Microsoft.VisualStudio.TestTools.UITest.Extension.Msaa.AccWrapper.get_State()
	BaseExceptionMessage: Error HRESULT E_FAIL has been returned from a call to a COM component.

E, 4020, 13, 2012/11/16, 11:19:17.187, 1461279666597, QTAgent32.exe, Exception: System.Runtime.InteropServices.COMException
	Message: Error HRESULT E_FAIL has been returned from a call to a COM component.
	Stack Trace:    at Accessibility.IAccessible.get_accState(Object varChild)
   at Microsoft.VisualStudio.TestTools.UITest.Extension.Msaa.AccWrapper.get_State()
	BaseExceptionMessage: Error HRESULT E_FAIL has been returned from a call to a COM component.

E, 4020, 13, 2012/11/16, 11:19:17.187, 1461279670984, QTAgent32.exe, Exception: System.Runtime.InteropServices.COMException
	Message: Error HRESULT E_FAIL has been returned from a call to a COM component.
	Stack Trace:    at Accessibility.IAccessible.get_accState(Object varChild)
   at Microsoft.VisualStudio.TestTools.UITest.Extension.Msaa.AccWrapper.get_State()
	BaseExceptionMessage: Error HRESULT E_FAIL has been returned from a call to a COM component.

E, 4020, 13, 2012/11/16, 11:19:17.187, 1461279675294, QTAgent32.exe, Exception: System.Runtime.InteropServices.COMException
	Message: Error HRESULT E_FAIL has been returned from a call to a COM component.
	Stack Trace:    at Accessibility.IAccessible.get_accState(Object varChild)
   at Microsoft.VisualStudio.TestTools.UITest.Extension.Msaa.AccWrapper.get_State()
	BaseExceptionMessage: Error HRESULT E_FAIL has been returned from a call to a COM component.

E, 4020, 13, 2012/11/16, 11:19:17.188, 1461279679825, QTAgent32.exe, Exception: System.Runtime.InteropServices.COMException
	Message: Error HRESULT E_FAIL has been returned from a call to a COM component.
	Stack Trace:    at Accessibility.IAccessible.get_accState(Object varChild)
   at Microsoft.VisualStudio.TestTools.UITest.Extension.Msaa.AccWrapper.get_State()
	BaseExceptionMessage: Error HRESULT E_FAIL has been returned from a call to a COM component.

E, 4020, 13, 2012/11/16, 11:19:17.188, 1461279684614, QTAgent32.exe, Exception: System.Runtime.InteropServices.COMException
	Message: Error HRESULT E_FAIL has been returned from a call to a COM component.
	Stack Trace:    at Accessibility.IAccessible.get_accState(Object varChild)
   at Microsoft.VisualStudio.TestTools.UITest.Extension.Msaa.AccWrapper.get_State()
	BaseExceptionMessage: Error HRESULT E_FAIL has been returned from a call to a COM component.

W, 4020, 13, 2012/11/16, 11:19:17.386, 1461282528028, QTAgent32.exe, PERF WARNING: MSAA.UpdateQueryIDForNamelessControls: took 201 ms. Expected it to take maximum 200 ms.
W, 4020, 13, 2012/11/16, 11:19:17.387, 1461282537377, QTAgent32.exe, Msaa.Navigate: Exception [Error HRESULT E_FAIL has been returned from a call to a COM component.] while calling accNavigate.
E, 4020, 13, 2012/11/16, 11:19:17.387, 1461282538457, QTAgent32.exe, GetClassName for handle 853420 failed
E, 4020, 13, 2012/11/16, 11:19:17.387, 1461282539304, QTAgent32.exe, Window 853420 not responding. Last Win32 error 1400
E, 4020, 13, 2012/11/16, 11:19:17.387, 1461282541751, QTAgent32.exe, GetClassName for handle 1115440 failed
W, 4020, 13, 2012/11/16, 11:19:17.640, 1461286159969, QTAgent32.exe, &lt;a class=success&gt;Playback - {92} [SUCCESS] MouseButtonClick - "[MSAA, VisibleOnly]ControlType='Button' &amp;&amp; Name='Calculate Quote'"
\0&lt;/a&gt;
W, 4020, 13, 2012/11/16, 11:19:17.884, 1461289655000, QTAgent32.exe, &lt;a class=success&gt;Playback - {93} [SUCCESS] MouseButtonClick - "[MSAA, VisibleOnly]ControlType='Button' &amp;&amp; Name='Cancel'"
\0&lt;/a&gt;
W, 4020, 13, 2012/11/16, 11:19:18.258, 1461295013508, QTAgent32.exe, &lt;a class=success&gt;Playback - {94} [SUCCESS] MouseButtonClick - "[MSAA, VisibleOnly]ControlType='Button' &amp;&amp; Name='No'"
\0&lt;/a&gt;
W, 4020, 13, 2012/11/16, 11:19:31.112, 1461479029288, QTAgent32.exe, PERF WARNING: FindTopLevelWindowHelper::FindAllDescendents: took 12750 ms. Expected it to take maximum 500 ms.
W, 4020, 13, 2012/11/16, 11:19:31.242, 1461480893917, QTAgent32.exe, &lt;a class=success&gt;Playback - {95} [SUCCESS] MouseButtonClick - "[MSAA, VisibleOnly]ControlType='Client'"
\0&lt;/a&gt;
W, 4020, 13, 2012/11/16, 11:19:32.832, 1461503664505, QTAgent32.exe, &lt;a class=success&gt;Playback - {96} [SUCCESS] SendKeys "{Home}" - "[MSAA, VisibleOnly]ControlType='Client'"
\0&lt;/a&gt;
W, 4020, 13, 2012/11/16, 11:19:32.932, 1461505098457, QTAgent32.exe, Playback - [WARNING] Internal warning: Thread state based WFR - Requested element has invalid HWND
\0
W, 4020, 13, 2012/11/16, 11:19:32.932, 1461505100393, QTAgent32.exe, Playback - [WARNING] Internal warning: process performance counters based WFR - Requested element has invalid HWND
\0
E, 4020, 13, 2012/11/16, 11:19:32.933, 1461505104105, QTAgent32.exe, EnsureValid called via EnsureValid call for same element
E, 4020, 13, 2012/11/16, 11:19:32.933, 1461505106234, QTAgent32.exe, EnsureValid called via EnsureValid call for same element
E, 4020, 13, 2012/11/16, 11:19:32.933, 1461505107701, QTAgent32.exe, EnsureValid called via EnsureValid call for same element
E, 4020, 13, 2012/11/16, 11:19:32.937, 1461505167605, QTAgent32.exe, GetClassName for handle 722274 failed
E, 4020, 13, 2012/11/16, 11:19:32.938, 1461505174931, QTAgent32.exe, Exception: System.Runtime.InteropServices.COMException
	Message: Error HRESULT E_FAIL has been returned from a call to a COM component.
	Stack Trace:    at Accessibility.IAccessible.get_accState(Object varChild)
   at Microsoft.VisualStudio.TestTools.UITest.Extension.Msaa.AccWrapper.get_State()
	BaseExceptionMessage: Error HRESULT E_FAIL has been returned from a call to a COM component.

E, 4020, 13, 2012/11/16, 11:19:32.938, 1461505179254, QTAgent32.exe, Exception: System.Runtime.InteropServices.COMException
	Message: Error HRESULT E_FAIL has been returned from a call to a COM component.
	Stack Trace:    at Accessibility.IAccessible.get_accState(Object varChild)
   at Microsoft.VisualStudio.TestTools.UITest.Extension.Msaa.AccWrapper.get_State()
	BaseExceptionMessage: Error HRESULT E_FAIL has been returned from a call to a COM component.

E, 4020, 13, 2012/11/16, 11:19:32.938, 1461505183508, QTAgent32.exe, Exception: System.Runtime.InteropServices.COMException
	Message: Error HRESULT E_FAIL has been returned from a call to a COM component.
	Stack Trace:    at Accessibility.IAccessible.get_accState(Object varChild)
   at Microsoft.VisualStudio.TestTools.UITest.Extension.Msaa.AccWrapper.get_State()
	BaseExceptionMessage: Error HRESULT E_FAIL has been returned from a call to a COM component.

E, 4020, 13, 2012/11/16, 11:19:32.938, 1461505187756, QTAgent32.exe, Exception: System.Runtime.InteropServices.COMException
	Message: Error HRESULT E_FAIL has been returned from a call to a COM component.
	Stack Trace:    at Accessibility.IAccessible.get_accState(Object varChild)
   at Microsoft.VisualStudio.TestTools.UITest.Extension.Msaa.AccWrapper.get_State()
	BaseExceptionMessage: Error HRESULT E_FAIL has been returned from a call to a COM component.

E, 4020, 13, 2012/11/16, 11:19:32.939, 1461505194543, QTAgent32.exe, Exception: System.Runtime.InteropServices.COMException
	Message: Error HRESULT E_FAIL has been returned from a call to a COM component.
	Stack Trace:    at Accessibility.IAccessible.get_accState(Object varChild)
   at Microsoft.VisualStudio.TestTools.UITest.Extension.Msaa.AccWrapper.get_State()
	BaseExceptionMessage: Error HRESULT E_FAIL has been returned from a call to a COM component.

E, 4020, 13, 2012/11/16, 11:19:32.939, 1461505198795, QTAgent32.exe, Exception: System.Runtime.InteropServices.COMException
	Message: Error HRESULT E_FAIL has been returned from a call to a COM component.
	Stack Trace:    at Accessibility.IAccessible.get_accState(Object varChild)
   at Microsoft.VisualStudio.TestTools.UITest.Extension.Msaa.AccWrapper.get_State()
	BaseExceptionMessage: Error HRESULT E_FAIL has been returned from a call to a COM component.

E, 4020, 13, 2012/11/16, 11:19:32.940, 1461505204876, QTAgent32.exe, Exception: System.Runtime.InteropServices.COMException
	Message: Error HRESULT E_FAIL has been returned from a call to a COM component.
	Stack Trace:    at Accessibility.IAccessible.get_accState(Object varChild)
   at Microsoft.VisualStudio.TestTools.UITest.Extension.Msaa.AccWrapper.get_State()
	BaseExceptionMessage: Error HRESULT E_FAIL has been returned from a call to a COM component.

W, 4020, 13, 2012/11/16, 11:19:33.138, 1461508049289, QTAgent32.exe, PERF WARNING: MSAA.UpdateQueryIDForNamelessControls: took 201 ms. Expected it to take maximum 200 ms.
W, 4020, 13, 2012/11/16, 11:19:33.139, 1461508053619, QTAgent32.exe, Msaa.Navigate: Exception [Error HRESULT E_FAIL has been returned from a call to a COM component.] while calling accNavigate.
E, 4020, 13, 2012/11/16, 11:19:33.139, 1461508055094, QTAgent32.exe, GetClassName for handle 722274 failed
E, 4020, 13, 2012/11/16, 11:19:33.139, 1461508063522, QTAgent32.exe, GetClassName for handle 722274 failed
E, 4020, 13, 2012/11/16, 11:19:33.139, 1461508065654, QTAgent32.exe, Window 722274 not responding. Last Win32 error 1400
E, 4020, 13, 2012/11/16, 11:19:33.139, 1461508066607, QTAgent32.exe, GetClassName for handle 657318 failed
E, 4020, 13, 2012/11/16, 11:19:33.140, 1461508067609, QTAgent32.exe, GetClassName for handle 722274 failed
E, 4020, 13, 2012/11/16, 11:19:33.140, 1461508068338, QTAgent32.exe, GetClassName for handle 722274 failed
W, 4020, 13, 2012/11/16, 11:19:34.846, 1461532498948, QTAgent32.exe, PERF WARNING: FindTopLevelWindowHelper::FindAllDescendents: took 1705 ms. Expected it to take maximum 500 ms.
W, 4020, 13, 2012/11/16, 11:19:39.980, 1461606012711, QTAgent32.exe, &lt;a class=success&gt;Playback - {97} [SUCCESS] MouseButtonClick - "[MSAA, VisibleOnly]ControlType='Button' &amp;&amp; Name='Exit'"
\0&lt;/a&gt;
W, 4020, 13, 2012/11/16, 11:19:40.304, 1461610659919, QTAgent32.exe, &lt;a class=success&gt;Playback - {98} [SUCCESS] MouseButtonClick - "[MSAA, VisibleOnly]ControlType='Button' &amp;&amp; Name='Yes'"
\0&lt;/a&gt;
W, 4020, 13, 2012/11/16, 11:19:40.551, 1461614177148, QTAgent32.exe, Playback - [WARNING] Internal warning: Thread state based WFR - Requested element has invalid HWND
\0
W, 4020, 13, 2012/11/16, 11:19:40.551, 1461614179013, QTAgent32.exe, Playback - [WARNING] Internal warning: process performance counters based WFR - Requested element has invalid HWND
\0
E, 4020, 13, 2012/11/16, 11:19:40.551, 1461614182421, QTAgent32.exe, EnsureValid called via EnsureValid call for same element
E, 4020, 13, 2012/11/16, 11:19:40.552, 1461614186366, QTAgent32.exe, GetClassName for handle 853410 failed
E, 4020, 13, 2012/11/16, 11:19:40.552, 1461614188871, QTAgent32.exe, EnsureValid called via EnsureValid call for same element
E, 4020, 13, 2012/11/16, 11:19:40.552, 1461614190439, QTAgent32.exe, EnsureValid called via EnsureValid call for same element
E, 4020, 13, 2012/11/16, 11:19:40.553, 1461614208026, QTAgent32.exe, Window 853410 not responding. Last Win32 error 0
E, 4020, 13, 2012/11/16, 11:19:40.553, 1461614210266, QTAgent32.exe, GetClassName for handle 853410 failed
E, 4020, 13, 2012/11/16, 11:19:40.553, 1461614211122, QTAgent32.exe, GetClassName for handle 853410 failed
W, 4020, 13, 2012/11/16, 11:19:41.513, 1461627953243, QTAgent32.exe, PERF WARNING: FindTopLevelWindowHelper::FindAllDescendents: took 959 ms. Expected it to take maximum 500 ms.
W, 4020, 13, 2012/11/16, 11:19:41.649, 1461629902330, QTAgent32.exe, &lt;a class=success&gt;Playback - {99} [SUCCESS] Uncheck - "[MSAA, VisibleOnly]ControlType='CheckBox' &amp;&amp; Name='Add Activity'"
\0&lt;/a&gt;
W, 4020, 13, 2012/11/16, 11:19:41.998, 1461634896427, QTAgent32.exe, &lt;a class=success&gt;Playback - {100} [SUCCESS] MouseButtonClick - "[MSAA, VisibleOnly]ControlType='Button' &amp;&amp; Name='Ok'"
\0&lt;/a&gt;
W, 4020, 13, 2012/11/16, 11:19:50.214, 1461752537372, QTAgent32.exe, PERF WARNING: FindTopLevelWindowHelper::FindAllDescendents: took 8019 ms. Expected it to take maximum 500 ms.
W, 4020, 13, 2012/11/16, 11:19:52.360, 1461783252153, QTAgent32.exe, &lt;a class=success&gt;Playback - {101} [SUCCESS] MouseButtonClick - "[MSAA, VisibleOnly]ControlType='Button' &amp;&amp; Name='OK'"
\0&lt;/a&gt;
W, 4020, 13, 2012/11/16, 11:19:52.598, 1461786658782, QTAgent32.exe, &lt;a class=success&gt;Playback - {102} [SUCCESS] MouseButtonClick - "[MSAA, VisibleOnly]ControlType='Button' &amp;&amp; Name='Cancel'"
\0&lt;/a&gt;
W, 4020, 13, 2012/11/16, 11:19:52.937, 1461791519923, QTAgent32.exe, &lt;a class=success&gt;Playback - {103} [SUCCESS] MouseButtonClick - "[MSAA, VisibleOnly]ControlType='Button'"
\0&lt;/a&gt;
W, 4020, 13, 2012/11/16, 11:19:53.303, 1461796764934, QTAgent32.exe, &lt;a class=success&gt;Playback - {104} [SUCCESS] MouseButtonClick - "[MSAA, VisibleOnly]ControlType='Button' &amp;&amp; Name='Detail'"
\0&lt;/a&gt;
W, 4020, 13, 2012/11/16, 11:19:53.532, 1461800038753, QTAgent32.exe, &lt;a class=success&gt;Playback - {105} [SUCCESS] MouseButtonClick - "[MSAA, VisibleOnly]ControlType='Edit'"
\0&lt;/a&gt;
W, 4020, 13, 2012/11/16, 11:19:53.632, 1461801470837, QTAgent32.exe, Playback - [WARNING] Internal warning: Thread state based WFR - Requested element has invalid HWND
\0
W, 4020, 13, 2012/11/16, 11:19:53.632, 1461801472376, QTAgent32.exe, Playback - [WARNING] Internal warning: process performance counters based WFR - Requested element has invalid HWND
\0
E, 4020, 13, 2012/11/16, 11:19:53.632, 1461801475278, QTAgent32.exe, EnsureValid called via EnsureValid call for same element
E, 4020, 13, 2012/11/16, 11:19:53.632, 1461801477281, QTAgent32.exe, EnsureValid called via EnsureValid call for same element
E, 4020, 13, 2012/11/16, 11:19:53.633, 1461801478877, QTAgent32.exe, EnsureValid called via EnsureValid call for same element
E, 4020, 13, 2012/11/16, 11:19:53.633, 1461801483060, QTAgent32.exe, GetClassName for handle 722310 failed
E, 4020, 13, 2012/11/16, 11:19:53.634, 1461801497073, QTAgent32.exe, Window 722310 not responding. Last Win32 error 1400
E, 4020, 13, 2012/11/16, 11:19:53.634, 1461801500310, QTAgent32.exe, GetClassName for handle 722310 failed
E, 4020, 13, 2012/11/16, 11:19:53.634, 1461801501126, QTAgent32.exe, GetClassName for handle 722310 failed
W, 4020, 13, 2012/11/16, 11:19:53.881, 1461805041621, QTAgent32.exe, &lt;a class=success&gt;Playback - {106} [SUCCESS] MouseButtonClick - "[MSAA, VisibleOnly]ControlType='Button' &amp;&amp; Name='Cancel'"
\0&lt;/a&gt;
W, 4020, 13, 2012/11/16, 11:19:54.146, 1461808835349, QTAgent32.exe, &lt;a class=success&gt;Playback - {107} [SUCCESS] MouseButtonClick - "[MSAA, VisibleOnly]ControlType='Button' &amp;&amp; Name='Cancel'"
\0&lt;/a&gt;
W, 4020, 13, 2012/11/16, 11:19:54.387, 1461812281633, QTAgent32.exe, &lt;a class=success&gt;Playback - {108} [SUCCESS] MouseButtonClick - "[MSAA, VisibleOnly]ControlType='Button' &amp;&amp; Name='Cancel'"
\0&lt;/a&gt;
W, 4020, 13, 2012/11/16, 11:19:54.616, 1461815559081, QTAgent32.exe, &lt;a class=success&gt;Playback - {109} [SUCCESS] MouseButtonClick - "[MSAA, VisibleOnly]ControlType='Button' &amp;&amp; Name='Close'"
\0&lt;/a&gt;
W, 4020, 13, 2012/11/16, 11:19:58.746, 1461874698032, QTAgent32.exe, IEDOM : StopSession of the plugin called before StartSession
W, 4020, 13, 2012/11/16, 11:19:58.746, 1461874699306, QTAgent32.exe, UIA : StopSession of the plugin called before StartSession
W, 4020, 13, 2012/11/16, 11:19:58.746, 1461874705045, QTAgent32.exe, SLPlugin : StopSession of the plugin called before StartSession
</DebugTrace>
        <ErrorInfo>
          <Message>Assert.AreEqual failed. Expected:&lt;2836.94&gt;. Actual:&lt;2810.57&gt;. </Message>
          <StackTrace>   at TestProject7.UIMap.AssertMethod1() in C:\TestProject7\TestProject7\UIMap.Designer.cs:line 208
   at TestProject7.TamAutotest.MotoTest2() in C:\TestProject7\TestProject7\CodedUITest1.cs:line 118
</StackTrace>
        </ErrorInfo>
      </Output>
      <ResultFiles>
        <ResultFile path="ICLVDEVAP01\MotoTest2.png" />
      </ResultFiles>
      <ExtensionResult>Exception has been thrown by the target of an invocation.</ExtensionResult>
    </UnitTestResult>
  </Results>
</TestRun>