<?xml version="1.0" encoding="UTF-8"?>
<TestRun id="9b3512fe-55bf-4232-a91f-884aac1ddc6e" name="John Burrows-ad@ICLVDEVAP01 2012-11-16 09:58:41" runUser="INSUR-E\John Burrows-ad" xmlns="http://microsoft.com/schemas/VisualStudio/TeamTest/2010">
  <TestSettings name="Default Test Settings" id="7a948bd7-319b-402a-86af-20ea62f334ce">
    <Execution>
      <TestTypeSpecific />
      <AgentRule name="Execution Agents">
      </AgentRule>
    </Execution>
    <Deployment runDeploymentRoot="John Burrows-ad_ICLVDEVAP01 2012-11-16 09_58_41" />
  </TestSettings>
  <Times creation="2012-11-16T09:58:41.3785670+00:00" queuing="2012-11-16T09:58:41.6635955+00:00" start="2012-11-16T09:58:41.7246016+00:00" finish="2012-11-16T10:01:07.8522129+00:00" />
  <ResultSummary outcome="Failed">
    <Counters total="1" executed="1" error="0" failed="1" timeout="0" aborted="0" inconclusive="0" passedButRunAborted="0" notRunnable="0" notExecuted="0" disconnected="0" warning="0" passed="0" completed="0" inProgress="0" pending="0" />
  </ResultSummary>
  <TestDefinitions>
    <UnitTest name="MotoTest2" storage="testproject7.dll" id="6a41f98c-60c7-3333-a5a3-d5d87b5c35c7">
      <Execution id="60dc221d-9d57-4fa2-88f9-d6cf76bdd983" />
      <TestMethod codeBase="C:/TestProject7/TestProject7/bin/Debug/TestProject7.dll" adapterTypeName="Microsoft.VisualStudio.TestTools.TestTypes.Unit.UnitTestAdapter, Microsoft.VisualStudio.QualityTools.Tips.UnitTest.Adapter, Version=10.0.0.0, Culture=neutral, PublicKeyToken=b03f5f7f11d50a3a" className="TestProject7.TamAutotest, TestProject7, Version=1.0.0.0, Culture=neutral, PublicKeyToken=null" name="MotoTest2" />
      <Extension>Microsoft.VisualStudio.TestTools.UITesting.CodedUITestAttribute, Microsoft.VisualStudio.QualityTools.CodedUITestFramework, Version=10.0.0.0, Culture=neutral, PublicKeyToken=b03f5f7f11d50a3a</Extension>
    </UnitTest>
  </TestDefinitions>
  <TestLists>
    <TestList name="Results Not in a List" id="8c84fa94-04c1-424b-9868-57a2d4851a1d" />
    <TestList name="All Loaded Results" id="19431567-8539-422a-85d7-44ee4e166bda" />
  </TestLists>
  <TestEntries>
    <TestEntry testId="6a41f98c-60c7-3333-a5a3-d5d87b5c35c7" executionId="60dc221d-9d57-4fa2-88f9-d6cf76bdd983" testListId="8c84fa94-04c1-424b-9868-57a2d4851a1d" />
  </TestEntries>
  <Results>
    <UnitTestResult executionId="60dc221d-9d57-4fa2-88f9-d6cf76bdd983" testId="6a41f98c-60c7-3333-a5a3-d5d87b5c35c7" testName="MotoTest2" computerName="ICLVDEVAP01" duration="00:02:25.7429884" startTime="2012-11-16T09:58:41.7246016+00:00" endTime="2012-11-16T10:01:07.8232100+00:00" testType="13cdc9d9-ddb5-4fa4-a97d-d965ccfc6d4b" outcome="Failed" testListId="8c84fa94-04c1-424b-9868-57a2d4851a1d" relativeResultsDirectory="60dc221d-9d57-4fa2-88f9-d6cf76bdd983">
      <Output>
        <DebugTrace>W, 2496, 13, 2012/11/16, 09:58:42.389, 1392058853314, QTAgent32.exe, ExtensionFramework : A Technology Manager with name Web is already registered.
W, 2496, 13, 2012/11/16, 09:58:43.271, 1392071478051, QTAgent32.exe, &lt;a class=success&gt;Playback - {1} [SUCCESS] MouseButtonClick - "[MSAA, VisibleOnly]ControlType='Edit'"
\0&lt;/a&gt;
W, 2496, 13, 2012/11/16, 09:58:43.472, 1392074352303, QTAgent32.exe, &lt;a class=success&gt;Playback - {2} [SUCCESS] SendKeys "[*]" - "[MSAA, VisibleOnly]ControlType='Edit'"
\0&lt;/a&gt;
W, 2496, 13, 2012/11/16, 09:58:44.202, 1392084814892, QTAgent32.exe, &lt;a class=success&gt;Playback - {3} [SUCCESS] MouseButtonClick - "[MSAA, VisibleOnly]ControlType='Button' &amp;&amp; Name='OK'"
\0&lt;/a&gt;
E, 2496, 13, 2012/11/16, 09:58:44.377, 1392087315610, QTAgent32.exe, LoadLibrary() : Unable to find the resource 37382 from assembly C:\Windows\system32\en-US\ieframe.dll.mui: Error1814
E, 2496, 13, 2012/11/16, 09:58:44.377, 1392087321295, QTAgent32.exe, LoadLibrary() : Unable to find the resource 41728 from assembly C:\Windows\system32\en-US\ieframe.dll.mui: Error1814
E, 2496, 13, 2012/11/16, 09:58:44.378, 1392087324769, QTAgent32.exe, LoadLibrary() : Unable to find the resource 8131 from assembly C:\Windows\system32\en-US\ieframe.dll.mui: Error1814
E, 2496, 13, 2012/11/16, 09:58:44.378, 1392087327031, QTAgent32.exe, LoadLibrary() : Unable to find the resource 8131 from assembly C:\Windows\system32\en-US\ieframe.dll.mui: Error1814
E, 2496, 13, 2012/11/16, 09:58:44.378, 1392087330768, QTAgent32.exe, LoadLibrary() : Unable to find the resource 8131 from assembly C:\Windows\system32\en-US\ieframe.dll.mui: Error1814
E, 2496, 13, 2012/11/16, 09:58:44.378, 1392087335524, QTAgent32.exe, LoadLibrary() : Unable to find the resource 803 from assembly C:\Windows\system32\en-US\user32.dll.mui: Error1814
W, 2496, 13, 2012/11/16, 09:58:44.459, 1392088485100, QTAgent32.exe, &lt;a class=success&gt;Playback - {4} [SUCCESS] SendKeys "^{HOME}" - "[MSAA, VisibleOnly]ControlType='Edit'"
\0&lt;/a&gt;
E, 2496, 13, 2012/11/16, 09:58:44.461, 1392088513239, QTAgent32.exe, Msaa.GetFocusedElement: could not find accessible object of foreground window
W, 2496, 13, 2012/11/16, 09:58:44.527, 1392089458606, QTAgent32.exe, &lt;a class=success&gt;Playback - {5} [SUCCESS] SendKeys "^+{END}" - "[MSAA, VisibleOnly]ControlType='Edit'"
\0&lt;/a&gt;
E, 2496, 13, 2012/11/16, 09:58:44.527, 1392089460739, QTAgent32.exe, Msaa.GetFocusedElement: could not find accessible object of foreground window
W, 2496, 13, 2012/11/16, 09:58:44.540, 1392089645355, QTAgent32.exe, &lt;a class=success&gt;Playback - {6} [SUCCESS] SendKeys "{DELETE}" - "[MSAA, VisibleOnly]ControlType='Edit'"
\0&lt;/a&gt;
W, 2496, 13, 2012/11/16, 09:58:44.765, 1392092870350, QTAgent32.exe, &lt;a class=success&gt;Playback - {7} [SUCCESS] SetValueAsEditBox "16/11/2012" - "[MSAA, VisibleOnly]ControlType='Edit'"  &lt; Set via SendKeys &gt;
\0&lt;/a&gt;
W, 2496, 13, 2012/11/16, 09:58:45.050, 1392096944435, QTAgent32.exe, Playback - [WARNING] Internal warning: Incorrect flag set for InvokeProgrammaticAction\0
W, 2496, 13, 2012/11/16, 09:58:45.232, 1392099553400, QTAgent32.exe, &lt;a class=success&gt;Playback - {8} [SUCCESS] SetValueAsComboBox "November" - "[MSAA, VisibleOnly]ControlType='ComboBox'"  &lt; SetValueAsComboBox, set by clicking on the item in the list box &gt;
\0&lt;/a&gt;
W, 2496, 13, 2012/11/16, 09:58:45.398, 1392101930967, QTAgent32.exe, &lt;a class=success&gt;Playback - {9} [SUCCESS] SendKeys "^{HOME}" - "[MSAA, VisibleOnly]ControlType='Edit'"
\0&lt;/a&gt;
E, 2496, 13, 2012/11/16, 09:58:45.398, 1392101933653, QTAgent32.exe, Msaa.GetFocusedElement: could not find accessible object of foreground window
W, 2496, 13, 2012/11/16, 09:58:45.451, 1392102688976, QTAgent32.exe, &lt;a class=success&gt;Playback - {10} [SUCCESS] SendKeys "^+{END}" - "[MSAA, VisibleOnly]ControlType='Edit'"
\0&lt;/a&gt;
E, 2496, 13, 2012/11/16, 09:58:45.451, 1392102691070, QTAgent32.exe, Msaa.GetFocusedElement: could not find accessible object of foreground window
W, 2496, 13, 2012/11/16, 09:58:45.464, 1392102875597, QTAgent32.exe, &lt;a class=success&gt;Playback - {11} [SUCCESS] SendKeys "{DELETE}" - "[MSAA, VisibleOnly]ControlType='Edit'"
\0&lt;/a&gt;
W, 2496, 13, 2012/11/16, 09:58:45.567, 1392104354087, QTAgent32.exe, &lt;a class=success&gt;Playback - {12} [SUCCESS] SetValueAsEditBox "2012" - "[MSAA, VisibleOnly]ControlType='Edit'"  &lt; Set via SendKeys &gt;
\0&lt;/a&gt;
W, 2496, 13, 2012/11/16, 09:58:46.303, 1392114873276, QTAgent32.exe, &lt;a class=success&gt;Playback - {13} [SUCCESS] MouseButtonClick - "[MSAA, VisibleOnly]ControlType='Button' &amp;&amp; Name='OK'"
\0&lt;/a&gt;
W, 2496, 13, 2012/11/16, 09:58:46.448, 1392116949121, QTAgent32.exe, &lt;a class=success&gt;Playback - {14} [SUCCESS] TypeString "#(R)"
\0&lt;/a&gt;
E, 2496, 13, 2012/11/16, 09:58:46.592, 1392119016528, QTAgent32.exe, Exception: System.ArgumentException
	Message: Value does not fall within the expected range.
	Stack Trace:    at Accessibility.IAccessible.get_accRole(Object varChild)
   at Microsoft.VisualStudio.TestTools.UITest.Extension.Msaa.AccWrapper.get_RoleInt()
	BaseExceptionMessage: Value does not fall within the expected range.

E, 2496, 13, 2012/11/16, 09:58:46.688, 1392120391757, QTAgent32.exe, Exception: System.ArgumentException
	Message: Value does not fall within the expected range.
	Stack Trace:    at Accessibility.IAccessible.get_accRole(Object varChild)
   at Microsoft.VisualStudio.TestTools.UITest.Extension.Msaa.AccWrapper.get_RoleInt()
	BaseExceptionMessage: Value does not fall within the expected range.

W, 2496, 13, 2012/11/16, 09:58:47.054, 1392125628161, QTAgent32.exe, &lt;a class=success&gt;Playback - {15} [SUCCESS] LeftButtonClick  &lt; Mouse cursor location (87, 852) &gt;
\0&lt;/a&gt;
W, 2496, 13, 2012/11/16, 09:58:48.604, 1392147824332, QTAgent32.exe, &lt;a class=success&gt;Playback - {16} [SUCCESS] SetValueAsEditBox "c:\TestProject7\office.reg"  &lt; Set via SendKeys &gt;
\0&lt;/a&gt;
W, 2496, 13, 2012/11/16, 09:58:48.604, 1392147826583, QTAgent32.exe, &lt;a class=success&gt;Playback - {17} [SUCCESS] SetValueAsComboBox "c:\TestProject7\office.reg" - "[MSAA, VisibleOnly]ControlType='ComboBox' &amp;&amp; Name='Open:'"  &lt; Set via SetValueAsEditBox &gt;
\0&lt;/a&gt;
W, 2496, 13, 2012/11/16, 09:58:48.837, 1392151166435, QTAgent32.exe, &lt;a class=success&gt;Playback - {18} [SUCCESS] MouseButtonClick - "[MSAA, VisibleOnly]ControlType='Button' &amp;&amp; Name='OK'"
\0&lt;/a&gt;
W, 2496, 13, 2012/11/16, 09:58:49.199, 1392156352044, QTAgent32.exe, &lt;a class=success&gt;Playback - {19} [SUCCESS] MouseButtonClick - "[MSAA, VisibleOnly]ControlType='Button' &amp;&amp; Name='Yes'"
\0&lt;/a&gt;
W, 2496, 13, 2012/11/16, 09:58:49.646, 1392162753156, QTAgent32.exe, &lt;a class=success&gt;Playback - {20} [SUCCESS] MouseButtonClick - "[MSAA, VisibleOnly]ControlType='Button' &amp;&amp; Name='OK'"
\0&lt;/a&gt;
W, 2496, 13, 2012/11/16, 09:58:49.907, 1392166481337, QTAgent32.exe, &lt;a class=success&gt;Playback - {21} [SUCCESS] MouseButtonClick - "[MSAA, VisibleOnly]ControlType='Button' &amp;&amp; Name='Clients &amp; Files'"
\0&lt;/a&gt;
W, 2496, 13, 2012/11/16, 09:58:50.789, 1392179113632, QTAgent32.exe, Playback - [WARNING] Internal warning: Window Not Found: [VisibleOnly]ControlType='Window' &amp;&amp; Name='Customer: txt1 tdsfs' &amp;&amp; ClassName='ThunderRT6MDIForm'
\0
E, 2496, 13, 2012/11/16, 09:58:50.789, 1392179116614, QTAgent32.exe, &lt;a class=failure&gt;Playback - {22} [FAILED] Function ElementFetcher::FindScreenElement failed to locate UI element (Searching: ;[VisibleOnly]ControlType='Window' &amp;&amp; Name='Customer: txt1 tdsfs' &amp;&amp; ClassName='ThunderRT6MDIForm') (The object specified was not found.)
\0&lt;/a&gt;
E, 2496, 13, 2012/11/16, 09:58:50.870, 1392180279453, QTAgent32.exe, Playback - [IMAGE] C:\Users\John Burrows-ad\AppData\Local\Temp\UITestLogs\LastRun\RPF311B.png
\0
W, 2496, 13, 2012/11/16, 09:58:50.871, 1392180281778, QTAgent32.exe, Playback - [WARNING] Internal warning: Couldn't find descendants that match QueryId
\0
W, 2496, 13, 2012/11/16, 09:58:50.871, 1392180285223, QTAgent32.exe, PERF WARNING: FindTopLevelWindowHelper::FindAllDescendents: took 822 ms. Expected it to take maximum 500 ms.
W, 2496, 13, 2012/11/16, 09:59:08.950, 1392439135623, QTAgent32.exe, Playback - [WARNING] Internal warning: Window Not Found: [VisibleOnly]ControlType='Window' &amp;&amp; Name='Customer: txt1 tdsfs' &amp;&amp; ClassName='ThunderRT6MDIForm'
\0
E, 2496, 13, 2012/11/16, 09:59:08.950, 1392439138373, QTAgent32.exe, &lt;a class=failure&gt;Playback - {23} [FAILED] Function ElementFetcher::FindScreenElement failed to locate UI element (Searching: ;[VisibleOnly]ControlType='Window' &amp;&amp; Name='Customer: txt1 tdsfs' &amp;&amp; ClassName='ThunderRT6MDIForm') (The object specified was not found.)
\0&lt;/a&gt;
E, 2496, 13, 2012/11/16, 09:59:09.031, 1392440297094, QTAgent32.exe, Playback - [IMAGE] C:\Users\John Burrows-ad\AppData\Local\Temp\UITestLogs\LastRun\RPF781A.png
\0
W, 2496, 13, 2012/11/16, 09:59:09.031, 1392440299038, QTAgent32.exe, Playback - [WARNING] Internal warning: Couldn't find descendants that match QueryId
\0
W, 2496, 13, 2012/11/16, 09:59:09.032, 1392440302104, QTAgent32.exe, PERF WARNING: FindTopLevelWindowHelper::FindAllDescendents: took 18158 ms. Expected it to take maximum 500 ms.
W, 2496, 13, 2012/11/16, 09:59:09.672, 1392449470149, QTAgent32.exe, Playback - [WARNING] Internal warning: Window with Class "ThunderRT6MDIForm" and Title "Customer: txt1 tdsfs" was not found, so similar window with Class "ThunderRT6MDIForm" and Title "Customer: autotest" was accepted
\0
W, 2496, 13, 2012/11/16, 09:59:09.672, 1392449474233, QTAgent32.exe, PERF WARNING: FindTopLevelWindowHelper::FindAllDescendents: took 640 ms. Expected it to take maximum 500 ms.
W, 2496, 13, 2012/11/16, 09:59:09.958, 1392453560745, QTAgent32.exe, Playback - [WARNING] Internal warning: Incorrect flag set for InvokeProgrammaticAction\0
W, 2496, 13, 2012/11/16, 09:59:10.076, 1392455261480, QTAgent32.exe, &lt;a class=success&gt;Playback - {24} [SUCCESS] SetValueAsComboBox "Customers" - "[MSAA, VisibleOnly]ControlType='ComboBox'"  &lt; SetValueAsComboBox, set by clicking on the item in the list box &gt;
\0&lt;/a&gt;
W, 2496, 13, 2012/11/16, 09:59:10.532, 1392461787918, QTAgent32.exe, &lt;a class=success&gt;Playback - {25} [SUCCESS] MouseButtonClick - "[MSAA, VisibleOnly]ControlType='Button' &amp;&amp; Name='Add'"
\0&lt;/a&gt;
W, 2496, 13, 2012/11/16, 09:59:10.844, 1392466249398, QTAgent32.exe, &lt;a class=success&gt;Playback - {26} [SUCCESS] SendKeys "autotest" - "[MSAA, VisibleOnly]ControlType='RadioButton' &amp;&amp; Name='Personal Lines'"
\0&lt;/a&gt;
W, 2496, 13, 2012/11/16, 09:59:11.257, 1392472166387, QTAgent32.exe, &lt;a class=success&gt;Playback - {27} [SUCCESS] SetValueAsEditBox "autotest" - "[MSAA, VisibleOnly]ControlType='Edit'"  &lt; Set via SendKeys &gt;
\0&lt;/a&gt;
W, 2496, 13, 2012/11/16, 09:59:11.662, 1392477970383, QTAgent32.exe, &lt;a class=success&gt;Playback - {28} [SUCCESS] MouseButtonClick - "[MSAA, VisibleOnly]ControlType='Button' &amp;&amp; Name='OK'"
\0&lt;/a&gt;
W, 2496, 13, 2012/11/16, 09:59:12.147, 1392484908402, QTAgent32.exe, &lt;a class=success&gt;Playback - {29} [SUCCESS] MouseButtonClick - "[MSAA, VisibleOnly]ControlType='Button' &amp;&amp; Name='Yes'"
\0&lt;/a&gt;
W, 2496, 13, 2012/11/16, 09:59:12.341, 1392487683967, QTAgent32.exe, &lt;a class=success&gt;Playback - {30} [SUCCESS] SendKeys "^{HOME}" - "[MSAA, VisibleOnly]ControlType='Edit'"
\0&lt;/a&gt;
E, 2496, 13, 2012/11/16, 09:59:12.341, 1392487686609, QTAgent32.exe, Msaa.GetFocusedElement: could not find accessible object of foreground window
W, 2496, 13, 2012/11/16, 09:59:12.402, 1392488557397, QTAgent32.exe, &lt;a class=success&gt;Playback - {31} [SUCCESS] SendKeys "^+{END}" - "[MSAA, VisibleOnly]ControlType='Edit'"
\0&lt;/a&gt;
E, 2496, 13, 2012/11/16, 09:59:12.402, 1392488559495, QTAgent32.exe, Msaa.GetFocusedElement: could not find accessible object of foreground window
W, 2496, 13, 2012/11/16, 09:59:12.415, 1392488743855, QTAgent32.exe, &lt;a class=success&gt;Playback - {32} [SUCCESS] SendKeys "{DELETE}" - "[MSAA, VisibleOnly]ControlType='Edit'"
\0&lt;/a&gt;
W, 2496, 13, 2012/11/16, 09:59:12.479, 1392489664025, QTAgent32.exe, &lt;a class=success&gt;Playback - {33} [SUCCESS] SetValueAsEditBox "1" - "[MSAA, VisibleOnly]ControlType='Edit'"  &lt; Set via SendKeys &gt;
\0&lt;/a&gt;
W, 2496, 13, 2012/11/16, 09:59:12.761, 1392493698330, QTAgent32.exe, &lt;a class=success&gt;Playback - {34} [SUCCESS] SendKeys "^{HOME}" - "[MSAA, VisibleOnly]ControlType='Edit'"
\0&lt;/a&gt;
E, 2496, 13, 2012/11/16, 09:59:12.761, 1392493701610, QTAgent32.exe, Msaa.GetFocusedElement: could not find accessible object of foreground window
W, 2496, 13, 2012/11/16, 09:59:12.826, 1392494626475, QTAgent32.exe, &lt;a class=success&gt;Playback - {35} [SUCCESS] SendKeys "^+{END}" - "[MSAA, VisibleOnly]ControlType='Edit'"
\0&lt;/a&gt;
E, 2496, 13, 2012/11/16, 09:59:12.826, 1392494629267, QTAgent32.exe, Msaa.GetFocusedElement: could not find accessible object of foreground window
W, 2496, 13, 2012/11/16, 09:59:12.839, 1392494815435, QTAgent32.exe, &lt;a class=success&gt;Playback - {36} [SUCCESS] SendKeys "{DELETE}" - "[MSAA, VisibleOnly]ControlType='Edit'"
\0&lt;/a&gt;
W, 2496, 13, 2012/11/16, 09:59:12.906, 1392495777860, QTAgent32.exe, &lt;a class=success&gt;Playback - {37} [SUCCESS] SetValueAsEditBox "1" - "[MSAA, VisibleOnly]ControlType='Edit'"  &lt; Set via SendKeys &gt;
\0&lt;/a&gt;
W, 2496, 13, 2012/11/16, 09:59:13.254, 1392500767846, QTAgent32.exe, &lt;a class=success&gt;Playback - {38} [SUCCESS] MouseButtonClick - "[MSAA, VisibleOnly]ControlType='Button' &amp;&amp; Name='OK'"
\0&lt;/a&gt;
W, 2496, 13, 2012/11/16, 09:59:13.573, 1392505333951, QTAgent32.exe, &lt;a class=success&gt;Playback - {39} [SUCCESS] MouseButtonClick - "[MSAA, VisibleOnly]ControlType='Button'"
\0&lt;/a&gt;
W, 2496, 13, 2012/11/16, 09:59:13.876, 1392509669569, QTAgent32.exe, &lt;a class=success&gt;Playback - {40} [SUCCESS] MouseButtonClick - "[MSAA, VisibleOnly]ControlType='Button' &amp;&amp; Name='Add'"
\0&lt;/a&gt;
W, 2496, 13, 2012/11/16, 09:59:14.188, 1392514133370, QTAgent32.exe, &lt;a class=success&gt;Playback - {41} [SUCCESS] MouseButtonClick - "[MSAA, VisibleOnly]ControlType='Button' &amp;&amp; Name='OK'"
\0&lt;/a&gt;
W, 2496, 13, 2012/11/16, 09:59:16.414, 1392545991136, QTAgent32.exe, &lt;a class=success&gt;Playback - {42} [SUCCESS] MouseButtonClick - "[MSAA, VisibleOnly,Window]ControlType='Window' &amp;&amp; ClassName='ThunderRT6TextBox'"
\0&lt;/a&gt;
W, 2496, 13, 2012/11/16, 09:59:16.725, 1392550449168, QTAgent32.exe, &lt;a class=success&gt;Playback - {43} [SUCCESS] SetValueAsEditBox "MOTO" - "[MSAA, VisibleOnly]ControlType='Edit'"  &lt; Set via SendKeys &gt;
\0&lt;/a&gt;
W, 2496, 13, 2012/11/16, 09:59:17.031, 1392554826100, QTAgent32.exe, &lt;a class=success&gt;Playback - {44} [SUCCESS] MouseButtonClick - "[MSAA, VisibleOnly]ControlType='Button' &amp;&amp; Name='OK'"
\0&lt;/a&gt;
W, 2496, 13, 2012/11/16, 09:59:17.266, 1392558198087, QTAgent32.exe, &lt;a class=success&gt;Playback - {45} [SUCCESS] MouseButtonClick - "[MSAA, VisibleOnly]ControlType='Button' &amp;&amp; Name='Options'"
\0&lt;/a&gt;
W, 2496, 13, 2012/11/16, 09:59:17.371, 1392559695965, QTAgent32.exe, FindScreenElementInSinglePass : Attempting to find control in one pass of search. Failures can occur.
W, 2496, 13, 2012/11/16, 09:59:17.550, 1392562257571, QTAgent32.exe, &lt;a class=success&gt;Playback - {46} [SUCCESS] MouseButtonClick - "[MSAA]ControlType='MenuItem' &amp;&amp; Name='Links'"
\0&lt;/a&gt;
W, 2496, 13, 2012/11/16, 09:59:17.650, 1392563694048, QTAgent32.exe, FindScreenElementInSinglePass : Attempting to find control in one pass of search. Failures can occur.
W, 2496, 13, 2012/11/16, 09:59:17.825, 1392566195548, QTAgent32.exe, &lt;a class=success&gt;Playback - {47} [SUCCESS] MouseButtonClick - "[MSAA]ControlType='MenuItem' &amp;&amp; Name='3rd Party Integration'"
\0&lt;/a&gt;
W, 2496, 13, 2012/11/16, 09:59:17.925, 1392567633074, QTAgent32.exe, FindScreenElementInSinglePass : Attempting to find control in one pass of search. Failures can occur.
W, 2496, 13, 2012/11/16, 09:59:18.096, 1392570073155, QTAgent32.exe, &lt;a class=success&gt;Playback - {48} [SUCCESS] MouseButtonClick - "[MSAA]ControlType='MenuItem' &amp;&amp; Name='Quote Select List'"
\0&lt;/a&gt;
W, 2496, 13, 2012/11/16, 09:59:19.830, 1392594906605, QTAgent32.exe, PERF WARNING: FindTopLevelWindowHelper::FindAllDescendents: took 1624 ms. Expected it to take maximum 500 ms.
W, 2496, 13, 2012/11/16, 09:59:21.432, 1392617851403, QTAgent32.exe, &lt;a class=success&gt;Playback - {49} [SUCCESS] MouseButtonClick - "[MSAA, VisibleOnly]ControlType='Button' &amp;&amp; Name='Ok'"
\0&lt;/a&gt;
W, 2496, 13, 2012/11/16, 09:59:22.615, 1392634787018, QTAgent32.exe, PERF WARNING: FindTopLevelWindowHelper::FindAllDescendents: took 1078 ms. Expected it to take maximum 500 ms.
W, 2496, 13, 2012/11/16, 09:59:22.845, 1392638076865, QTAgent32.exe, &lt;a class=success&gt;Playback - {50} [SUCCESS] MouseButtonClick - "[MSAA, VisibleOnly]ControlType='Button' &amp;&amp; Name='Ok'"
\0&lt;/a&gt;
W, 2496, 13, 2012/11/16, 09:59:23.150, 1392642448028, QTAgent32.exe, &lt;a class=success&gt;Playback - {51} [SUCCESS] SetValueAsEditBox "Test" - "[MSAA, VisibleOnly]ControlType='Edit'"  &lt; Set via SendKeys &gt;
\0&lt;/a&gt;
W, 2496, 13, 2012/11/16, 09:59:23.321, 1392644893963, QTAgent32.exe, &lt;a class=success&gt;Playback - {52} [SUCCESS] SendKeys "{Tab}" - "[MSAA, VisibleOnly]ControlType='Edit'"
\0&lt;/a&gt;
W, 2496, 13, 2012/11/16, 09:59:23.620, 1392649178250, QTAgent32.exe, &lt;a class=success&gt;Playback - {53} [SUCCESS] SetValueAsEditBox "test" - "[MSAA, VisibleOnly]ControlType='Edit'"  &lt; Set via SendKeys &gt;
\0&lt;/a&gt;
W, 2496, 13, 2012/11/16, 09:59:23.976, 1392654275361, QTAgent32.exe, &lt;a class=success&gt;Playback - {54} [SUCCESS] SetValueAsEditBox "160485" - "[MSAA, VisibleOnly]ControlType='Edit'"  &lt; Set via SendKeys &gt;
\0&lt;/a&gt;
W, 2496, 13, 2012/11/16, 09:59:24.323, 1392659245198, QTAgent32.exe, &lt;a class=success&gt;Playback - {55} [SUCCESS] SetValueAsEditBox "B338TH" - "[MSAA, VisibleOnly]ControlType='Edit'"  &lt; Set via SendKeys &gt;
\0&lt;/a&gt;
W, 2496, 13, 2012/11/16, 09:59:28.546, 1392719694409, QTAgent32.exe, &lt;a class=success&gt;Playback - {56} [SUCCESS] MouseButtonClick - "[MSAA, VisibleOnly]ControlType='Button' &amp;&amp; Name='Lookup...'"
\0&lt;/a&gt;
W, 2496, 13, 2012/11/16, 09:59:30.480, 1392747386838, QTAgent32.exe, PERF WARNING: FindTopLevelWindowHelper::FindAllDescendents: took 1831 ms. Expected it to take maximum 500 ms.
W, 2496, 13, 2012/11/16, 09:59:30.612, 1392749275416, QTAgent32.exe, &lt;a class=success&gt;Playback - {57} [SUCCESS] MouseButtonClick - "[MSAA, VisibleOnly]ControlType='Button' &amp;&amp; Name='Ok'"
\0&lt;/a&gt;
W, 2496, 13, 2012/11/16, 09:59:32.158, 1392771424540, QTAgent32.exe, &lt;a class=success&gt;Playback - {58} [SUCCESS] MouseButtonClick - "[MSAA, VisibleOnly]ControlType='Button' &amp;&amp; Name='OK'"
\0&lt;/a&gt;
W, 2496, 13, 2012/11/16, 09:59:32.625, 1392778108077, QTAgent32.exe, Playback - [WARNING] Internal warning: Incorrect flag set for InvokeProgrammaticAction\0
W, 2496, 13, 2012/11/16, 09:59:32.744, 1392779804548, QTAgent32.exe, &lt;a class=success&gt;Playback - {59} [SUCCESS] SetValueAsComboBox "Account Executive" - "[MSAA, VisibleOnly]ControlType='ComboBox'"  &lt; SetValueAsComboBox, set by clicking on the item in the list box &gt;
\0&lt;/a&gt;
W, 2496, 13, 2012/11/16, 09:59:33.211, 1392786492054, QTAgent32.exe, Playback - [WARNING] Internal warning: Incorrect flag set for InvokeProgrammaticAction\0
W, 2496, 13, 2012/11/16, 09:59:33.329, 1392788182167, QTAgent32.exe, &lt;a class=success&gt;Playback - {60} [SUCCESS] SetValueAsComboBox "Acupuncture" - "[MSAA, VisibleOnly]ControlType='ComboBox'"  &lt; SetValueAsComboBox, set by clicking on the item in the list box &gt;
\0&lt;/a&gt;
W, 2496, 13, 2012/11/16, 09:59:33.858, 1392795761445, QTAgent32.exe, &lt;a class=success&gt;Playback - {61} [SUCCESS] SetValueAsEditBox "151101" - "[MSAA, VisibleOnly]ControlType='Edit'"  &lt; Set via SendKeys &gt;
\0&lt;/a&gt;
W, 2496, 13, 2012/11/16, 09:59:35.495, 1392819196687, QTAgent32.exe, &lt;a class=success&gt;Playback - {62} [SUCCESS] MouseButtonClick - "[MSAA, VisibleOnly]ControlType='Button' &amp;&amp; Name='OK'"
\0&lt;/a&gt;
W, 2496, 13, 2012/11/16, 09:59:36.065, 1392827350255, QTAgent32.exe, &lt;a class=success&gt;Playback - {63} [SUCCESS] SetValueAsEditBox "RF53OXL" - "[MSAA, VisibleOnly]ControlType='Edit'"  &lt; Set via SendKeys &gt;
\0&lt;/a&gt;
W, 2496, 13, 2012/11/16, 09:59:37.244, 1392844229564, QTAgent32.exe, &lt;a class=success&gt;Playback - {64} [SUCCESS] MouseButtonClick - "[MSAA, VisibleOnly]ControlType='Button' &amp;&amp; Name='Filter'"
\0&lt;/a&gt;
W, 2496, 13, 2012/11/16, 09:59:37.520, 1392848184221, QTAgent32.exe, &lt;a class=success&gt;Playback - {65} [SUCCESS] MouseButtonClick - "[MSAA, VisibleOnly]ControlType='Button' &amp;&amp; Name='OK'"
\0&lt;/a&gt;
W, 2496, 13, 2012/11/16, 09:59:37.777, 1392851858996, QTAgent32.exe, &lt;a class=success&gt;Playback - {66} [SUCCESS] SendKeys "^{HOME}" - "[MSAA, VisibleOnly]ControlType='Edit'"
\0&lt;/a&gt;
E, 2496, 13, 2012/11/16, 09:59:37.777, 1392851861605, QTAgent32.exe, Msaa.GetFocusedElement: could not find accessible object of foreground window
W, 2496, 13, 2012/11/16, 09:59:37.832, 1392852647167, QTAgent32.exe, &lt;a class=success&gt;Playback - {67} [SUCCESS] SendKeys "^+{END}" - "[MSAA, VisibleOnly]ControlType='Edit'"
\0&lt;/a&gt;
E, 2496, 13, 2012/11/16, 09:59:37.832, 1392852649625, QTAgent32.exe, Msaa.GetFocusedElement: could not find accessible object of foreground window
W, 2496, 13, 2012/11/16, 09:59:37.845, 1392852834213, QTAgent32.exe, &lt;a class=success&gt;Playback - {68} [SUCCESS] SendKeys "{DELETE}" - "[MSAA, VisibleOnly]ControlType='Edit'"
\0&lt;/a&gt;
W, 2496, 13, 2012/11/16, 09:59:38.029, 1392855472020, QTAgent32.exe, &lt;a class=success&gt;Playback - {69} [SUCCESS] SetValueAsEditBox "1000" - "[MSAA, VisibleOnly]ControlType='Edit'"  &lt; Set via SendKeys &gt;
\0&lt;/a&gt;
W, 2496, 13, 2012/11/16, 09:59:38.515, 1392862424294, QTAgent32.exe, &lt;a class=success&gt;Playback - {70} [SUCCESS] MouseButtonClick - "[MSAA, VisibleOnly]ControlType='Button' &amp;&amp; Name='Calculate Quote'"
\0&lt;/a&gt;
W, 2496, 13, 2012/11/16, 09:59:38.759, 1392865926690, QTAgent32.exe, &lt;a class=success&gt;Playback - {71} [SUCCESS] MouseButtonClick - "[MSAA, VisibleOnly]ControlType='Button' &amp;&amp; Name='Cancel'"
\0&lt;/a&gt;
W, 2496, 13, 2012/11/16, 09:59:39.050, 1392870095559, QTAgent32.exe, &lt;a class=success&gt;Playback - {72} [SUCCESS] MouseButtonClick - "[MSAA, VisibleOnly]ControlType='Button' &amp;&amp; Name='No'"
\0&lt;/a&gt;
W, 2496, 13, 2012/11/16, 09:59:50.242, 1393030341658, QTAgent32.exe, PERF WARNING: FindTopLevelWindowHelper::FindAllDescendents: took 11087 ms. Expected it to take maximum 500 ms.
W, 2496, 13, 2012/11/16, 09:59:50.375, 1393032240678, QTAgent32.exe, &lt;a class=success&gt;Playback - {73} [SUCCESS] MouseButtonClick - "[MSAA, VisibleOnly]ControlType='Button' &amp;&amp; Name='Exit'"
\0&lt;/a&gt;
W, 2496, 13, 2012/11/16, 09:59:50.729, 1393037315329, QTAgent32.exe, &lt;a class=success&gt;Playback - {74} [SUCCESS] MouseButtonClick - "[MSAA, VisibleOnly]ControlType='Button' &amp;&amp; Name='Yes'"
\0&lt;/a&gt;
W, 2496, 13, 2012/11/16, 09:59:52.068, 1393056477514, QTAgent32.exe, PERF WARNING: FindTopLevelWindowHelper::FindAllDescendents: took 1097 ms. Expected it to take maximum 500 ms.
W, 2496, 13, 2012/11/16, 09:59:52.206, 1393058460051, QTAgent32.exe, &lt;a class=success&gt;Playback - {75} [SUCCESS] Uncheck - "[MSAA, VisibleOnly]ControlType='CheckBox' &amp;&amp; Name='Add Activity'"
\0&lt;/a&gt;
W, 2496, 13, 2012/11/16, 09:59:52.553, 1393063428318, QTAgent32.exe, &lt;a class=success&gt;Playback - {76} [SUCCESS] MouseButtonClick - "[MSAA, VisibleOnly]ControlType='Button' &amp;&amp; Name='Ok'"
\0&lt;/a&gt;
W, 2496, 13, 2012/11/16, 09:59:56.499, 1393119911707, QTAgent32.exe, PERF WARNING: FindTopLevelWindowHelper::FindAllDescendents: took 3606 ms. Expected it to take maximum 500 ms.
W, 2496, 13, 2012/11/16, 09:59:56.787, 1393124037639, QTAgent32.exe, &lt;a class=success&gt;Playback - {77} [SUCCESS] DoSelect - "[MSAA, VisibleOnly]ControlType='List'"
\0&lt;/a&gt;
W, 2496, 13, 2012/11/16, 09:59:59.034, 1393156209191, QTAgent32.exe, &lt;a class=success&gt;Playback - {78} [SUCCESS] MouseButtonClick - "[MSAA, VisibleOnly]ControlType='Button' &amp;&amp; Name='Ok'"
\0&lt;/a&gt;
W, 2496, 13, 2012/11/16, 10:00:01.280, 1393188369458, QTAgent32.exe, &lt;a class=success&gt;Playback - {79} [SUCCESS] MouseButtonClick - "[MSAA, VisibleOnly]ControlType='Button' &amp;&amp; Name='OK'"
\0&lt;/a&gt;
W, 2496, 13, 2012/11/16, 10:00:01.527, 1393191910882, QTAgent32.exe, &lt;a class=success&gt;Playback - {80} [SUCCESS] MouseButtonClick - "[MSAA, VisibleOnly]ControlType='Button' &amp;&amp; Name='Cancel'"
\0&lt;/a&gt;
W, 2496, 13, 2012/11/16, 10:00:01.847, 1393196495054, QTAgent32.exe, &lt;a class=success&gt;Playback - {81} [SUCCESS] MouseButtonClick - "[MSAA, VisibleOnly]ControlType='Button'"
\0&lt;/a&gt;
W, 2496, 13, 2012/11/16, 10:00:02.215, 1393201764777, QTAgent32.exe, &lt;a class=success&gt;Playback - {82} [SUCCESS] MouseButtonClick - "[MSAA, VisibleOnly]ControlType='Button' &amp;&amp; Name='Detail'"
\0&lt;/a&gt;
W, 2496, 13, 2012/11/16, 10:00:02.583, 1393207031445, QTAgent32.exe, Playback - [WARNING] Internal warning: Window Not Found: [VisibleOnly]ControlType='Window' &amp;&amp; Name='Policy: rty ert' &amp;&amp; ClassName='ThunderRT6MDIForm'
\0
E, 2496, 13, 2012/11/16, 10:00:02.583, 1393207034114, QTAgent32.exe, &lt;a class=failure&gt;Playback - {83} [FAILED] Function ElementFetcher::FindScreenElement failed to locate UI element (Searching: ;[VisibleOnly]ControlType='Window' &amp;&amp; Name='Policy: rty ert' &amp;&amp; ClassName='ThunderRT6MDIForm') (The object specified was not found.)
\0&lt;/a&gt;
E, 2496, 13, 2012/11/16, 10:00:02.710, 1393208850666, QTAgent32.exe, Playback - [IMAGE] C:\Users\John Burrows-ad\AppData\Local\Temp\UITestLogs\LastRun\RPF498D.png
\0
W, 2496, 13, 2012/11/16, 10:00:02.710, 1393208852739, QTAgent32.exe, Playback - [WARNING] Internal warning: Couldn't find descendants that match QueryId
\0
W, 2496, 13, 2012/11/16, 10:00:20.798, 1393467823213, QTAgent32.exe, Playback - [WARNING] Internal warning: Window Not Found: [VisibleOnly]ControlType='Window' &amp;&amp; Name='Policy: rty ert' &amp;&amp; ClassName='ThunderRT6MDIForm'
\0
E, 2496, 13, 2012/11/16, 10:00:20.798, 1393467826019, QTAgent32.exe, &lt;a class=failure&gt;Playback - {84} [FAILED] Function ElementFetcher::FindScreenElement failed to locate UI element (Searching: ;[VisibleOnly]ControlType='Window' &amp;&amp; Name='Policy: rty ert' &amp;&amp; ClassName='ThunderRT6MDIForm') (The object specified was not found.)
\0&lt;/a&gt;
E, 2496, 13, 2012/11/16, 10:00:20.879, 1393468989624, QTAgent32.exe, Playback - [IMAGE] C:\Users\John Burrows-ad\AppData\Local\Temp\UITestLogs\LastRun\RPF90BB.png
\0
W, 2496, 13, 2012/11/16, 10:00:20.880, 1393468991816, QTAgent32.exe, Playback - [WARNING] Internal warning: Couldn't find descendants that match QueryId
\0
W, 2496, 13, 2012/11/16, 10:00:20.880, 1393468994834, QTAgent32.exe, PERF WARNING: FindTopLevelWindowHelper::FindAllDescendents: took 18168 ms. Expected it to take maximum 500 ms.
W, 2496, 13, 2012/11/16, 10:00:21.513, 1393478061334, QTAgent32.exe, Playback - [WARNING] Internal warning: Window with Class "ThunderRT6MDIForm" and Title "Policy: rty ert" was not found, so similar window with Class "ThunderRT6MDIForm" and Title "Policy: autotest" was accepted
\0
W, 2496, 13, 2012/11/16, 10:00:21.513, 1393478065567, QTAgent32.exe, PERF WARNING: FindTopLevelWindowHelper::FindAllDescendents: took 633 ms. Expected it to take maximum 500 ms.
W, 2496, 13, 2012/11/16, 10:00:21.646, 1393479966414, QTAgent32.exe, &lt;a class=success&gt;Playback - {85} [SUCCESS] MouseButtonClick - "[MSAA, VisibleOnly]ControlType='Edit'"
\0&lt;/a&gt;
W, 2496, 13, 2012/11/16, 10:00:21.925, 1393483954730, QTAgent32.exe, &lt;a class=success&gt;Playback - {86} [SUCCESS] MouseButtonClick - "[MSAA, VisibleOnly]ControlType='Button' &amp;&amp; Name='Cancel'"
\0&lt;/a&gt;
W, 2496, 13, 2012/11/16, 10:00:22.158, 1393487302363, QTAgent32.exe, &lt;a class=success&gt;Playback - {87} [SUCCESS] MouseButtonClick - "[MSAA, VisibleOnly]ControlType='Button' &amp;&amp; Name='Options'"
\0&lt;/a&gt;
W, 2496, 13, 2012/11/16, 10:00:22.258, 1393488728960, QTAgent32.exe, FindScreenElementInSinglePass : Attempting to find control in one pass of search. Failures can occur.
W, 2496, 13, 2012/11/16, 10:00:22.424, 1393491102607, QTAgent32.exe, &lt;a class=success&gt;Playback - {88} [SUCCESS] MouseButtonClick - "[MSAA]ControlType='MenuItem' &amp;&amp; Name='Links'"
\0&lt;/a&gt;
W, 2496, 13, 2012/11/16, 10:00:22.524, 1393492538398, QTAgent32.exe, FindScreenElementInSinglePass : Attempting to find control in one pass of search. Failures can occur.
W, 2496, 13, 2012/11/16, 10:00:22.706, 1393495141145, QTAgent32.exe, &lt;a class=success&gt;Playback - {89} [SUCCESS] MouseButtonClick - "[MSAA]ControlType='MenuItem' &amp;&amp; Name='3rd Party Integration'"
\0&lt;/a&gt;
W, 2496, 13, 2012/11/16, 10:00:22.806, 1393496577307, QTAgent32.exe, FindScreenElementInSinglePass : Attempting to find control in one pass of search. Failures can occur.
W, 2496, 13, 2012/11/16, 10:00:22.989, 1393499193513, QTAgent32.exe, &lt;a class=success&gt;Playback - {90} [SUCCESS] MouseButtonClick - "[MSAA]ControlType='MenuItem' &amp;&amp; Name='Quote Select List'"
\0&lt;/a&gt;
W, 2496, 13, 2012/11/16, 10:00:24.750, 1393524408858, QTAgent32.exe, PERF WARNING: FindTopLevelWindowHelper::FindAllDescendents: took 1657 ms. Expected it to take maximum 500 ms.
W, 2496, 13, 2012/11/16, 10:00:26.306, 1393546671874, QTAgent32.exe, &lt;a class=success&gt;Playback - {91} [SUCCESS] MouseButtonClick - "[MSAA, VisibleOnly]ControlType='Button' &amp;&amp; Name='Ok'"
\0&lt;/a&gt;
W, 2496, 13, 2012/11/16, 10:00:27.389, 1393562179418, QTAgent32.exe, PERF WARNING: FindTopLevelWindowHelper::FindAllDescendents: took 981 ms. Expected it to take maximum 500 ms.
W, 2496, 13, 2012/11/16, 10:00:27.396, 1393562287355, QTAgent32.exe, Playback - [WARNING] Internal warning: Thread state based WFR - Requested element has invalid HWND
\0
W, 2496, 13, 2012/11/16, 10:00:27.396, 1393562288609, QTAgent32.exe, Playback - [WARNING] Internal warning: process performance counters based WFR - Requested element has invalid HWND
\0
E, 2496, 13, 2012/11/16, 10:00:27.403, 1393562382904, QTAgent32.exe, EnsureValid called via EnsureValid call for same element
E, 2496, 13, 2012/11/16, 10:00:27.430, 1393562771851, QTAgent32.exe, EnsureValid called via EnsureValid call for same element
E, 2496, 13, 2012/11/16, 10:00:27.431, 1393562781615, QTAgent32.exe, EnsureValid called via EnsureValid call for same element
E, 2496, 13, 2012/11/16, 10:00:27.431, 1393562784050, QTAgent32.exe, EnsureValid called via EnsureValid call for same element
E, 2496, 13, 2012/11/16, 10:00:27.432, 1393562808417, QTAgent32.exe, GetClassName for handle 263490 failed
E, 2496, 13, 2012/11/16, 10:00:27.433, 1393562813623, QTAgent32.exe, GetClassName for handle 263490 failed
E, 2496, 13, 2012/11/16, 10:00:27.435, 1393562839838, QTAgent32.exe, Exception: System.Runtime.InteropServices.COMException
	Message: Error HRESULT E_FAIL has been returned from a call to a COM component.
	Stack Trace:    at Accessibility.IAccessible.get_accState(Object varChild)
   at Microsoft.VisualStudio.TestTools.UITest.Extension.Msaa.AccWrapper.get_State()
	BaseExceptionMessage: Error HRESULT E_FAIL has been returned from a call to a COM component.

E, 2496, 13, 2012/11/16, 10:00:27.435, 1393562844266, QTAgent32.exe, Exception: System.Runtime.InteropServices.COMException
	Message: Error HRESULT E_FAIL has been returned from a call to a COM component.
	Stack Trace:    at Accessibility.IAccessible.get_accState(Object varChild)
   at Microsoft.VisualStudio.TestTools.UITest.Extension.Msaa.AccWrapper.get_State()
	BaseExceptionMessage: Error HRESULT E_FAIL has been returned from a call to a COM component.

E, 2496, 13, 2012/11/16, 10:00:27.435, 1393562848484, QTAgent32.exe, Exception: System.Runtime.InteropServices.COMException
	Message: Error HRESULT E_FAIL has been returned from a call to a COM component.
	Stack Trace:    at Accessibility.IAccessible.get_accState(Object varChild)
   at Microsoft.VisualStudio.TestTools.UITest.Extension.Msaa.AccWrapper.get_State()
	BaseExceptionMessage: Error HRESULT E_FAIL has been returned from a call to a COM component.

E, 2496, 13, 2012/11/16, 10:00:27.436, 1393562853150, QTAgent32.exe, Exception: System.Runtime.InteropServices.COMException
	Message: Error HRESULT E_FAIL has been returned from a call to a COM component.
	Stack Trace:    at Accessibility.IAccessible.get_accState(Object varChild)
   at Microsoft.VisualStudio.TestTools.UITest.Extension.Msaa.AccWrapper.get_State()
	BaseExceptionMessage: Error HRESULT E_FAIL has been returned from a call to a COM component.

E, 2496, 13, 2012/11/16, 10:00:27.436, 1393562857419, QTAgent32.exe, Exception: System.Runtime.InteropServices.COMException
	Message: Error HRESULT E_FAIL has been returned from a call to a COM component.
	Stack Trace:    at Accessibility.IAccessible.get_accState(Object varChild)
   at Microsoft.VisualStudio.TestTools.UITest.Extension.Msaa.AccWrapper.get_State()
	BaseExceptionMessage: Error HRESULT E_FAIL has been returned from a call to a COM component.

E, 2496, 13, 2012/11/16, 10:00:27.436, 1393562861659, QTAgent32.exe, Exception: System.Runtime.InteropServices.COMException
	Message: Error HRESULT E_FAIL has been returned from a call to a COM component.
	Stack Trace:    at Accessibility.IAccessible.get_accState(Object varChild)
   at Microsoft.VisualStudio.TestTools.UITest.Extension.Msaa.AccWrapper.get_State()
	BaseExceptionMessage: Error HRESULT E_FAIL has been returned from a call to a COM component.

E, 2496, 13, 2012/11/16, 10:00:27.436, 1393562865959, QTAgent32.exe, Exception: System.Runtime.InteropServices.COMException
	Message: Error HRESULT E_FAIL has been returned from a call to a COM component.
	Stack Trace:    at Accessibility.IAccessible.get_accState(Object varChild)
   at Microsoft.VisualStudio.TestTools.UITest.Extension.Msaa.AccWrapper.get_State()
	BaseExceptionMessage: Error HRESULT E_FAIL has been returned from a call to a COM component.

W, 2496, 13, 2012/11/16, 10:00:27.635, 1393565710400, QTAgent32.exe, PERF WARNING: MSAA.UpdateQueryIDForNamelessControls: took 201 ms. Expected it to take maximum 200 ms.
W, 2496, 13, 2012/11/16, 10:00:27.636, 1393565719795, QTAgent32.exe, Msaa.Navigate: Exception [Error HRESULT E_FAIL has been returned from a call to a COM component.] while calling accNavigate.
E, 2496, 13, 2012/11/16, 10:00:27.636, 1393565720829, QTAgent32.exe, GetClassName for handle 197948 failed
E, 2496, 13, 2012/11/16, 10:00:27.636, 1393565721671, QTAgent32.exe, Window 197948 not responding. Last Win32 error 1400
E, 2496, 13, 2012/11/16, 10:00:27.636, 1393565724126, QTAgent32.exe, GetClassName for handle 263490 failed
W, 2496, 13, 2012/11/16, 10:00:27.888, 1393569324930, QTAgent32.exe, &lt;a class=success&gt;Playback - {92} [SUCCESS] MouseButtonClick - "[MSAA, VisibleOnly]ControlType='Button' &amp;&amp; Name='Calculate Quote'"
\0&lt;/a&gt;
W, 2496, 13, 2012/11/16, 10:00:28.130, 1393572798569, QTAgent32.exe, &lt;a class=success&gt;Playback - {93} [SUCCESS] MouseButtonClick - "[MSAA, VisibleOnly]ControlType='Button' &amp;&amp; Name='Cancel'"
\0&lt;/a&gt;
W, 2496, 13, 2012/11/16, 10:00:28.503, 1393578140080, QTAgent32.exe, &lt;a class=success&gt;Playback - {94} [SUCCESS] MouseButtonClick - "[MSAA, VisibleOnly]ControlType='Button' &amp;&amp; Name='No'"
\0&lt;/a&gt;
W, 2496, 13, 2012/11/16, 10:00:39.449, 1393734865762, QTAgent32.exe, PERF WARNING: FindTopLevelWindowHelper::FindAllDescendents: took 10845 ms. Expected it to take maximum 500 ms.
W, 2496, 13, 2012/11/16, 10:00:39.574, 1393736647202, QTAgent32.exe, &lt;a class=success&gt;Playback - {95} [SUCCESS] MouseButtonClick - "[MSAA, VisibleOnly]ControlType='Client'"
\0&lt;/a&gt;
W, 2496, 13, 2012/11/16, 10:00:41.131, 1393758949383, QTAgent32.exe, &lt;a class=success&gt;Playback - {96} [SUCCESS] SendKeys "{Home}" - "[MSAA, VisibleOnly]ControlType='Client'"
\0&lt;/a&gt;
W, 2496, 13, 2012/11/16, 10:00:41.232, 1393760390946, QTAgent32.exe, Playback - [WARNING] Internal warning: Thread state based WFR - Requested element has invalid HWND
\0
W, 2496, 13, 2012/11/16, 10:00:41.232, 1393760392605, QTAgent32.exe, Playback - [WARNING] Internal warning: process performance counters based WFR - Requested element has invalid HWND
\0
E, 2496, 13, 2012/11/16, 10:00:41.232, 1393760395915, QTAgent32.exe, EnsureValid called via EnsureValid call for same element
E, 2496, 13, 2012/11/16, 10:00:41.233, 1393760398407, QTAgent32.exe, EnsureValid called via EnsureValid call for same element
E, 2496, 13, 2012/11/16, 10:00:41.233, 1393760399821, QTAgent32.exe, EnsureValid called via EnsureValid call for same element
E, 2496, 13, 2012/11/16, 10:00:41.244, 1393760558567, QTAgent32.exe, GetClassName for handle 329290 failed
E, 2496, 13, 2012/11/16, 10:00:41.244, 1393760565655, QTAgent32.exe, Exception: System.Runtime.InteropServices.COMException
	Message: Error HRESULT E_FAIL has been returned from a call to a COM component.
	Stack Trace:    at Accessibility.IAccessible.get_accState(Object varChild)
   at Microsoft.VisualStudio.TestTools.UITest.Extension.Msaa.AccWrapper.get_State()
	BaseExceptionMessage: Error HRESULT E_FAIL has been returned from a call to a COM component.

E, 2496, 13, 2012/11/16, 10:00:41.245, 1393760570249, QTAgent32.exe, Exception: System.Runtime.InteropServices.COMException
	Message: Error HRESULT E_FAIL has been returned from a call to a COM component.
	Stack Trace:    at Accessibility.IAccessible.get_accState(Object varChild)
   at Microsoft.VisualStudio.TestTools.UITest.Extension.Msaa.AccWrapper.get_State()
	BaseExceptionMessage: Error HRESULT E_FAIL has been returned from a call to a COM component.

E, 2496, 13, 2012/11/16, 10:00:41.245, 1393760574467, QTAgent32.exe, Exception: System.Runtime.InteropServices.COMException
	Message: Error HRESULT E_FAIL has been returned from a call to a COM component.
	Stack Trace:    at Accessibility.IAccessible.get_accState(Object varChild)
   at Microsoft.VisualStudio.TestTools.UITest.Extension.Msaa.AccWrapper.get_State()
	BaseExceptionMessage: Error HRESULT E_FAIL has been returned from a call to a COM component.

E, 2496, 13, 2012/11/16, 10:00:41.245, 1393760578645, QTAgent32.exe, Exception: System.Runtime.InteropServices.COMException
	Message: Error HRESULT E_FAIL has been returned from a call to a COM component.
	Stack Trace:    at Accessibility.IAccessible.get_accState(Object varChild)
   at Microsoft.VisualStudio.TestTools.UITest.Extension.Msaa.AccWrapper.get_State()
	BaseExceptionMessage: Error HRESULT E_FAIL has been returned from a call to a COM component.

E, 2496, 13, 2012/11/16, 10:00:41.245, 1393760583131, QTAgent32.exe, Exception: System.Runtime.InteropServices.COMException
	Message: Error HRESULT E_FAIL has been returned from a call to a COM component.
	Stack Trace:    at Accessibility.IAccessible.get_accState(Object varChild)
   at Microsoft.VisualStudio.TestTools.UITest.Extension.Msaa.AccWrapper.get_State()
	BaseExceptionMessage: Error HRESULT E_FAIL has been returned from a call to a COM component.

E, 2496, 13, 2012/11/16, 10:00:41.246, 1393760587344, QTAgent32.exe, Exception: System.Runtime.InteropServices.COMException
	Message: Error HRESULT E_FAIL has been returned from a call to a COM component.
	Stack Trace:    at Accessibility.IAccessible.get_accState(Object varChild)
   at Microsoft.VisualStudio.TestTools.UITest.Extension.Msaa.AccWrapper.get_State()
	BaseExceptionMessage: Error HRESULT E_FAIL has been returned from a call to a COM component.

E, 2496, 13, 2012/11/16, 10:00:41.246, 1393760591510, QTAgent32.exe, Exception: System.Runtime.InteropServices.COMException
	Message: Error HRESULT E_FAIL has been returned from a call to a COM component.
	Stack Trace:    at Accessibility.IAccessible.get_accState(Object varChild)
   at Microsoft.VisualStudio.TestTools.UITest.Extension.Msaa.AccWrapper.get_State()
	BaseExceptionMessage: Error HRESULT E_FAIL has been returned from a call to a COM component.

W, 2496, 13, 2012/11/16, 10:00:41.445, 1393763440338, QTAgent32.exe, PERF WARNING: MSAA.UpdateQueryIDForNamelessControls: took 201 ms. Expected it to take maximum 200 ms.
W, 2496, 13, 2012/11/16, 10:00:41.445, 1393763444536, QTAgent32.exe, Msaa.Navigate: Exception [Error HRESULT E_FAIL has been returned from a call to a COM component.] while calling accNavigate.
E, 2496, 13, 2012/11/16, 10:00:41.445, 1393763445932, QTAgent32.exe, GetClassName for handle 329290 failed
E, 2496, 13, 2012/11/16, 10:00:41.446, 1393763454797, QTAgent32.exe, GetClassName for handle 329290 failed
E, 2496, 13, 2012/11/16, 10:00:41.446, 1393763456971, QTAgent32.exe, Window 329290 not responding. Last Win32 error 1400
E, 2496, 13, 2012/11/16, 10:00:41.446, 1393763458010, QTAgent32.exe, GetClassName for handle 525822 failed
E, 2496, 13, 2012/11/16, 10:00:41.446, 1393763458823, QTAgent32.exe, GetClassName for handle 329290 failed
E, 2496, 13, 2012/11/16, 10:00:41.446, 1393763459537, QTAgent32.exe, GetClassName for handle 329290 failed
W, 2496, 13, 2012/11/16, 10:00:43.353, 1393790763916, QTAgent32.exe, PERF WARNING: FindTopLevelWindowHelper::FindAllDescendents: took 1905 ms. Expected it to take maximum 500 ms.
W, 2496, 13, 2012/11/16, 10:00:48.538, 1393864993792, QTAgent32.exe, &lt;a class=success&gt;Playback - {97} [SUCCESS] MouseButtonClick - "[MSAA, VisibleOnly]ControlType='Button' &amp;&amp; Name='Exit'"
\0&lt;/a&gt;
W, 2496, 13, 2012/11/16, 10:00:48.879, 1393869870168, QTAgent32.exe, &lt;a class=success&gt;Playback - {98} [SUCCESS] MouseButtonClick - "[MSAA, VisibleOnly]ControlType='Button' &amp;&amp; Name='Yes'"
\0&lt;/a&gt;
W, 2496, 13, 2012/11/16, 10:00:49.123, 1393873365205, QTAgent32.exe, Playback - [WARNING] Internal warning: Thread state based WFR - Requested element has invalid HWND
\0
W, 2496, 13, 2012/11/16, 10:00:49.123, 1393873367085, QTAgent32.exe, Playback - [WARNING] Internal warning: process performance counters based WFR - Requested element has invalid HWND
\0
E, 2496, 13, 2012/11/16, 10:00:49.123, 1393873370130, QTAgent32.exe, EnsureValid called via EnsureValid call for same element
E, 2496, 13, 2012/11/16, 10:00:49.124, 1393873373896, QTAgent32.exe, GetClassName for handle 132800 failed
E, 2496, 13, 2012/11/16, 10:00:49.124, 1393873376352, QTAgent32.exe, EnsureValid called via EnsureValid call for same element
E, 2496, 13, 2012/11/16, 10:00:49.124, 1393873377834, QTAgent32.exe, EnsureValid called via EnsureValid call for same element
E, 2496, 13, 2012/11/16, 10:00:49.125, 1393873395536, QTAgent32.exe, Window 132800 not responding. Last Win32 error 0
E, 2496, 13, 2012/11/16, 10:00:49.125, 1393873397703, QTAgent32.exe, GetClassName for handle 132800 failed
E, 2496, 13, 2012/11/16, 10:00:49.125, 1393873398515, QTAgent32.exe, GetClassName for handle 132800 failed
W, 2496, 13, 2012/11/16, 10:00:50.075, 1393886994992, QTAgent32.exe, PERF WARNING: FindTopLevelWindowHelper::FindAllDescendents: took 949 ms. Expected it to take maximum 500 ms.
W, 2496, 13, 2012/11/16, 10:00:50.210, 1393888933280, QTAgent32.exe, &lt;a class=success&gt;Playback - {99} [SUCCESS] Uncheck - "[MSAA, VisibleOnly]ControlType='CheckBox' &amp;&amp; Name='Add Activity'"
\0&lt;/a&gt;
W, 2496, 13, 2012/11/16, 10:00:50.563, 1393893987855, QTAgent32.exe, &lt;a class=success&gt;Playback - {100} [SUCCESS] MouseButtonClick - "[MSAA, VisibleOnly]ControlType='Button' &amp;&amp; Name='Ok'"
\0&lt;/a&gt;
W, 2496, 13, 2012/11/16, 10:00:59.294, 1394018984252, QTAgent32.exe, PERF WARNING: FindTopLevelWindowHelper::FindAllDescendents: took 8533 ms. Expected it to take maximum 500 ms.
W, 2496, 13, 2012/11/16, 10:01:01.440, 1394049714459, QTAgent32.exe, &lt;a class=success&gt;Playback - {101} [SUCCESS] MouseButtonClick - "[MSAA, VisibleOnly]ControlType='Button' &amp;&amp; Name='OK'"
\0&lt;/a&gt;
W, 2496, 13, 2012/11/16, 10:01:01.679, 1394053148965, QTAgent32.exe, &lt;a class=success&gt;Playback - {102} [SUCCESS] MouseButtonClick - "[MSAA, VisibleOnly]ControlType='Button' &amp;&amp; Name='Cancel'"
\0&lt;/a&gt;
W, 2496, 13, 2012/11/16, 10:01:02.000, 1394057743951, QTAgent32.exe, &lt;a class=success&gt;Playback - {103} [SUCCESS] MouseButtonClick - "[MSAA, VisibleOnly]ControlType='Button'"
\0&lt;/a&gt;
W, 2496, 13, 2012/11/16, 10:01:02.378, 1394063152121, QTAgent32.exe, &lt;a class=success&gt;Playback - {104} [SUCCESS] MouseButtonClick - "[MSAA, VisibleOnly]ControlType='Button' &amp;&amp; Name='Detail'"
\0&lt;/a&gt;
W, 2496, 13, 2012/11/16, 10:01:02.608, 1394066444023, QTAgent32.exe, &lt;a class=success&gt;Playback - {105} [SUCCESS] MouseButtonClick - "[MSAA, VisibleOnly]ControlType='Edit'"
\0&lt;/a&gt;
W, 2496, 13, 2012/11/16, 10:01:02.708, 1394067876293, QTAgent32.exe, Playback - [WARNING] Internal warning: Thread state based WFR - Requested element has invalid HWND
\0
W, 2496, 13, 2012/11/16, 10:01:02.708, 1394067878054, QTAgent32.exe, Playback - [WARNING] Internal warning: process performance counters based WFR - Requested element has invalid HWND
\0
E, 2496, 13, 2012/11/16, 10:01:02.708, 1394067881030, QTAgent32.exe, EnsureValid called via EnsureValid call for same element
E, 2496, 13, 2012/11/16, 10:01:02.709, 1394067883221, QTAgent32.exe, EnsureValid called via EnsureValid call for same element
E, 2496, 13, 2012/11/16, 10:01:02.709, 1394067884589, QTAgent32.exe, EnsureValid called via EnsureValid call for same element
E, 2496, 13, 2012/11/16, 10:01:02.709, 1394067888687, QTAgent32.exe, GetClassName for handle 263830 failed
E, 2496, 13, 2012/11/16, 10:01:02.710, 1394067902676, QTAgent32.exe, Window 263830 not responding. Last Win32 error 1400
E, 2496, 13, 2012/11/16, 10:01:02.710, 1394067905981, QTAgent32.exe, GetClassName for handle 263830 failed
E, 2496, 13, 2012/11/16, 10:01:02.710, 1394067906791, QTAgent32.exe, GetClassName for handle 263830 failed
W, 2496, 13, 2012/11/16, 10:01:02.985, 1394071846351, QTAgent32.exe, &lt;a class=success&gt;Playback - {106} [SUCCESS] MouseButtonClick - "[MSAA, VisibleOnly]ControlType='Button' &amp;&amp; Name='Cancel'"
\0&lt;/a&gt;
W, 2496, 13, 2012/11/16, 10:01:03.228, 1394075316806, QTAgent32.exe, &lt;a class=success&gt;Playback - {107} [SUCCESS] MouseButtonClick - "[MSAA, VisibleOnly]ControlType='Button' &amp;&amp; Name='Cancel'"
\0&lt;/a&gt;
W, 2496, 13, 2012/11/16, 10:01:03.459, 1394078629965, QTAgent32.exe, &lt;a class=success&gt;Playback - {108} [SUCCESS] MouseButtonClick - "[MSAA, VisibleOnly]ControlType='Button' &amp;&amp; Name='Cancel'"
\0&lt;/a&gt;
W, 2496, 13, 2012/11/16, 10:01:03.688, 1394081906315, QTAgent32.exe, &lt;a class=success&gt;Playback - {109} [SUCCESS] MouseButtonClick - "[MSAA, VisibleOnly]ControlType='Button' &amp;&amp; Name='Close'"
\0&lt;/a&gt;
W, 2496, 13, 2012/11/16, 10:01:07.810, 1394140918581, QTAgent32.exe, IEDOM : StopSession of the plugin called before StartSession
W, 2496, 13, 2012/11/16, 10:01:07.810, 1394140919821, QTAgent32.exe, UIA : StopSession of the plugin called before StartSession
W, 2496, 13, 2012/11/16, 10:01:07.811, 1394140925695, QTAgent32.exe, SLPlugin : StopSession of the plugin called before StartSession
</DebugTrace>
        <ErrorInfo>
          <Message>Assert.AreEqual failed. Expected:&lt;2836.94&gt;. Actual:&lt;2810.57&gt;. </Message>
          <StackTrace>   at TestProject7.UIMap.AssertMethod1() in C:\TestProject7\TestProject7\UIMap.Designer.cs:line 208
   at TestProject7.TamAutotest.MotoTest2() in C:\TestProject7\TestProject7\CodedUITest1.cs:line 118
</StackTrace>
        </ErrorInfo>
      </Output>
      <ResultFiles>
        <ResultFile path="ICLVDEVAP01\MotoTest2.png" />
      </ResultFiles>
      <ExtensionResult>Exception has been thrown by the target of an invocation.</ExtensionResult>
    </UnitTestResult>
  </Results>
</TestRun>