<?xml version="1.0" encoding="UTF-8"?>
<TestRun id="5c6169e0-fe2b-42ab-966c-c102748f313b" name="John Burrows-ad@ICLVDEVAP01 2012-11-16 10:01:54" runUser="INSUR-E\John Burrows-ad" xmlns="http://microsoft.com/schemas/VisualStudio/TeamTest/2010">
  <TestSettings name="Default Test Settings" id="86e35cf4-4c2a-404c-aaa6-9643f619f418">
    <Execution>
      <TestTypeSpecific />
      <AgentRule name="Execution Agents">
      </AgentRule>
    </Execution>
    <Deployment runDeploymentRoot="John Burrows-ad_ICLVDEVAP01 2012-11-16 10_01_54" />
  </TestSettings>
  <Times creation="2012-11-16T10:01:54.0338306+00:00" queuing="2012-11-16T10:01:54.2938566+00:00" start="2012-11-16T10:01:54.3518624+00:00" finish="2012-11-16T10:03:28.4262689+00:00" />
  <ResultSummary outcome="Aborted">
    <Counters total="37" executed="1" error="0" failed="0" timeout="0" aborted="1" inconclusive="0" passedButRunAborted="0" notRunnable="0" notExecuted="36" disconnected="0" warning="0" passed="0" completed="0" inProgress="0" pending="0" />
  </ResultSummary>
  <TestDefinitions>
    <UnitTest name="HouseTest18" storage="testproject7.dll" id="0287ed6d-d515-809a-ea56-c0035840a5a4">
      <Execution id="4ee30e40-fb8c-4c84-9c77-ee2747b0c6ce" />
      <TestMethod codeBase="C:/TestProject7/TestProject7/bin/Debug/TestProject7.dll" adapterTypeName="Microsoft.VisualStudio.TestTools.TestTypes.Unit.UnitTestAdapter, Microsoft.VisualStudio.QualityTools.Tips.UnitTest.Adapter, Version=10.0.0.0, Culture=neutral, PublicKeyToken=b03f5f7f11d50a3a" className="TestProject7.TamAutotest, TestProject7, Version=1.0.0.0, Culture=neutral, PublicKeyToken=null" name="HouseTest18" />
      <Extension>Microsoft.VisualStudio.TestTools.UITesting.CodedUITestAttribute, Microsoft.VisualStudio.QualityTools.CodedUITestFramework, Version=10.0.0.0, Culture=neutral, PublicKeyToken=b03f5f7f11d50a3a</Extension>
    </UnitTest>
    <UnitTest name="HouseTest5" storage="testproject7.dll" id="99f569ef-86f3-fa96-82c3-e9993245d049">
      <Execution id="0f6334a8-7307-4991-8249-375083183f69" />
      <TestMethod codeBase="C:/TestProject7/TestProject7/bin/Debug/TestProject7.dll" adapterTypeName="Microsoft.VisualStudio.TestTools.TestTypes.Unit.UnitTestAdapter, Microsoft.VisualStudio.QualityTools.Tips.UnitTest.Adapter, Version=10.0.0.0, Culture=neutral, PublicKeyToken=b03f5f7f11d50a3a" className="TestProject7.TamAutotest, TestProject7, Version=1.0.0.0, Culture=neutral, PublicKeyToken=null" name="HouseTest5" />
      <Extension>Microsoft.VisualStudio.TestTools.UITesting.CodedUITestAttribute, Microsoft.VisualStudio.QualityTools.CodedUITestFramework, Version=10.0.0.0, Culture=neutral, PublicKeyToken=b03f5f7f11d50a3a</Extension>
    </UnitTest>
    <UnitTest name="HouseTest15" storage="testproject7.dll" id="a95aea6b-c734-4b73-e10a-d65ad4aa23ee">
      <Execution id="a8229a7d-d51e-4ff2-a8a3-daab87e63a7e" />
      <TestMethod codeBase="C:/TestProject7/TestProject7/bin/Debug/TestProject7.dll" adapterTypeName="Microsoft.VisualStudio.TestTools.TestTypes.Unit.UnitTestAdapter, Microsoft.VisualStudio.QualityTools.Tips.UnitTest.Adapter, Version=10.0.0.0, Culture=neutral, PublicKeyToken=b03f5f7f11d50a3a" className="TestProject7.TamAutotest, TestProject7, Version=1.0.0.0, Culture=neutral, PublicKeyToken=null" name="HouseTest15" />
      <Extension>Microsoft.VisualStudio.TestTools.UITesting.CodedUITestAttribute, Microsoft.VisualStudio.QualityTools.CodedUITestFramework, Version=10.0.0.0, Culture=neutral, PublicKeyToken=b03f5f7f11d50a3a</Extension>
    </UnitTest>
    <UnitTest name="MotoTest9" storage="testproject7.dll" id="1820a643-3d71-abad-9636-2b810c74ae19">
      <Execution id="263b5f0a-cd84-4092-ba65-731bb20e4d7c" />
      <TestMethod codeBase="C:/TestProject7/TestProject7/bin/Debug/TestProject7.dll" adapterTypeName="Microsoft.VisualStudio.TestTools.TestTypes.Unit.UnitTestAdapter, Microsoft.VisualStudio.QualityTools.Tips.UnitTest.Adapter, Version=10.0.0.0, Culture=neutral, PublicKeyToken=b03f5f7f11d50a3a" className="TestProject7.TamAutotest, TestProject7, Version=1.0.0.0, Culture=neutral, PublicKeyToken=null" name="MotoTest9" />
      <Extension>Microsoft.VisualStudio.TestTools.UITesting.CodedUITestAttribute, Microsoft.VisualStudio.QualityTools.CodedUITestFramework, Version=10.0.0.0, Culture=neutral, PublicKeyToken=b03f5f7f11d50a3a</Extension>
    </UnitTest>
    <UnitTest name="HouseTest7" storage="testproject7.dll" id="cad41ea6-4986-f170-1def-22ab50e0fb0a">
      <Execution id="719bc0ac-1c74-46ea-9fc6-152d8776f87b" />
      <TestMethod codeBase="C:/TestProject7/TestProject7/bin/Debug/TestProject7.dll" adapterTypeName="Microsoft.VisualStudio.TestTools.TestTypes.Unit.UnitTestAdapter, Microsoft.VisualStudio.QualityTools.Tips.UnitTest.Adapter, Version=10.0.0.0, Culture=neutral, PublicKeyToken=b03f5f7f11d50a3a" className="TestProject7.TamAutotest, TestProject7, Version=1.0.0.0, Culture=neutral, PublicKeyToken=null" name="HouseTest7" />
      <Extension>Microsoft.VisualStudio.TestTools.UITesting.CodedUITestAttribute, Microsoft.VisualStudio.QualityTools.CodedUITestFramework, Version=10.0.0.0, Culture=neutral, PublicKeyToken=b03f5f7f11d50a3a</Extension>
    </UnitTest>
    <UnitTest name="MotoTest15" storage="testproject7.dll" id="e7680189-6b97-1f0a-48c0-e6d1b1c96b8e">
      <Execution id="9e308961-6855-4241-810b-13990304a8fc" />
      <TestMethod codeBase="C:/TestProject7/TestProject7/bin/Debug/TestProject7.dll" adapterTypeName="Microsoft.VisualStudio.TestTools.TestTypes.Unit.UnitTestAdapter, Microsoft.VisualStudio.QualityTools.Tips.UnitTest.Adapter, Version=10.0.0.0, Culture=neutral, PublicKeyToken=b03f5f7f11d50a3a" className="TestProject7.TamAutotest, TestProject7, Version=1.0.0.0, Culture=neutral, PublicKeyToken=null" name="MotoTest15" />
      <Extension>Microsoft.VisualStudio.TestTools.UITesting.CodedUITestAttribute, Microsoft.VisualStudio.QualityTools.CodedUITestFramework, Version=10.0.0.0, Culture=neutral, PublicKeyToken=b03f5f7f11d50a3a</Extension>
    </UnitTest>
    <UnitTest name="HouseTest10" storage="testproject7.dll" id="98368514-c48e-be24-398b-d9342dd6b274">
      <Execution id="21f97de5-1d1c-4bd6-91a2-d23864920af0" />
      <TestMethod codeBase="C:/TestProject7/TestProject7/bin/Debug/TestProject7.dll" adapterTypeName="Microsoft.VisualStudio.TestTools.TestTypes.Unit.UnitTestAdapter, Microsoft.VisualStudio.QualityTools.Tips.UnitTest.Adapter, Version=10.0.0.0, Culture=neutral, PublicKeyToken=b03f5f7f11d50a3a" className="TestProject7.TamAutotest, TestProject7, Version=1.0.0.0, Culture=neutral, PublicKeyToken=null" name="HouseTest10" />
      <Extension>Microsoft.VisualStudio.TestTools.UITesting.CodedUITestAttribute, Microsoft.VisualStudio.QualityTools.CodedUITestFramework, Version=10.0.0.0, Culture=neutral, PublicKeyToken=b03f5f7f11d50a3a</Extension>
    </UnitTest>
    <UnitTest name="HouseTest8" storage="testproject7.dll" id="f90b30ce-fb72-514e-f606-6c0b8cb3f354">
      <Execution id="427a638e-c84b-43b8-be17-176c191ae23b" />
      <TestMethod codeBase="C:/TestProject7/TestProject7/bin/Debug/TestProject7.dll" adapterTypeName="Microsoft.VisualStudio.TestTools.TestTypes.Unit.UnitTestAdapter, Microsoft.VisualStudio.QualityTools.Tips.UnitTest.Adapter, Version=10.0.0.0, Culture=neutral, PublicKeyToken=b03f5f7f11d50a3a" className="TestProject7.TamAutotest, TestProject7, Version=1.0.0.0, Culture=neutral, PublicKeyToken=null" name="HouseTest8" />
      <Extension>Microsoft.VisualStudio.TestTools.UITesting.CodedUITestAttribute, Microsoft.VisualStudio.QualityTools.CodedUITestFramework, Version=10.0.0.0, Culture=neutral, PublicKeyToken=b03f5f7f11d50a3a</Extension>
    </UnitTest>
    <UnitTest name="HouseTest1" storage="testproject7.dll" id="64ea79e0-cb1d-9a10-db69-a15b7769e7d8">
      <Execution id="45ba8605-15c1-45f0-bd20-cf0c70c6e852" />
      <TestMethod codeBase="C:/TestProject7/TestProject7/bin/Debug/TestProject7.dll" adapterTypeName="Microsoft.VisualStudio.TestTools.TestTypes.Unit.UnitTestAdapter, Microsoft.VisualStudio.QualityTools.Tips.UnitTest.Adapter, Version=10.0.0.0, Culture=neutral, PublicKeyToken=b03f5f7f11d50a3a" className="TestProject7.TamAutotest, TestProject7, Version=1.0.0.0, Culture=neutral, PublicKeyToken=null" name="HouseTest1" />
      <Extension>Microsoft.VisualStudio.TestTools.UITesting.CodedUITestAttribute, Microsoft.VisualStudio.QualityTools.CodedUITestFramework, Version=10.0.0.0, Culture=neutral, PublicKeyToken=b03f5f7f11d50a3a</Extension>
    </UnitTest>
    <UnitTest name="HouseTest17" storage="testproject7.dll" id="cc49fe58-5f78-ea01-6c4b-c4ec9db0e41d">
      <Execution id="6857f17c-22f2-4bb8-bcd4-75429f7cd236" />
      <TestMethod codeBase="C:/TestProject7/TestProject7/bin/Debug/TestProject7.dll" adapterTypeName="Microsoft.VisualStudio.TestTools.TestTypes.Unit.UnitTestAdapter, Microsoft.VisualStudio.QualityTools.Tips.UnitTest.Adapter, Version=10.0.0.0, Culture=neutral, PublicKeyToken=b03f5f7f11d50a3a" className="TestProject7.TamAutotest, TestProject7, Version=1.0.0.0, Culture=neutral, PublicKeyToken=null" name="HouseTest17" />
      <Extension>Microsoft.VisualStudio.TestTools.UITesting.CodedUITestAttribute, Microsoft.VisualStudio.QualityTools.CodedUITestFramework, Version=10.0.0.0, Culture=neutral, PublicKeyToken=b03f5f7f11d50a3a</Extension>
    </UnitTest>
    <UnitTest name="MotoTest17" storage="testproject7.dll" id="0457170a-e33e-18a3-7909-18d70df8aa6e">
      <Execution id="e4b78971-934c-42e1-b628-c9cddc3d8239" />
      <TestMethod codeBase="C:/TestProject7/TestProject7/bin/Debug/TestProject7.dll" adapterTypeName="Microsoft.VisualStudio.TestTools.TestTypes.Unit.UnitTestAdapter, Microsoft.VisualStudio.QualityTools.Tips.UnitTest.Adapter, Version=10.0.0.0, Culture=neutral, PublicKeyToken=b03f5f7f11d50a3a" className="TestProject7.TamAutotest, TestProject7, Version=1.0.0.0, Culture=neutral, PublicKeyToken=null" name="MotoTest17" />
      <Extension>Microsoft.VisualStudio.TestTools.UITesting.CodedUITestAttribute, Microsoft.VisualStudio.QualityTools.CodedUITestFramework, Version=10.0.0.0, Culture=neutral, PublicKeyToken=b03f5f7f11d50a3a</Extension>
    </UnitTest>
    <UnitTest name="MotoTest5" storage="testproject7.dll" id="10042bab-44aa-7cea-8ac0-06cc3b3adbb3">
      <Execution id="746ea8ce-1466-4588-9128-376a657642e6" />
      <TestMethod codeBase="C:/TestProject7/TestProject7/bin/Debug/TestProject7.dll" adapterTypeName="Microsoft.VisualStudio.TestTools.TestTypes.Unit.UnitTestAdapter, Microsoft.VisualStudio.QualityTools.Tips.UnitTest.Adapter, Version=10.0.0.0, Culture=neutral, PublicKeyToken=b03f5f7f11d50a3a" className="TestProject7.TamAutotest, TestProject7, Version=1.0.0.0, Culture=neutral, PublicKeyToken=null" name="MotoTest5" />
      <Extension>Microsoft.VisualStudio.TestTools.UITesting.CodedUITestAttribute, Microsoft.VisualStudio.QualityTools.CodedUITestFramework, Version=10.0.0.0, Culture=neutral, PublicKeyToken=b03f5f7f11d50a3a</Extension>
    </UnitTest>
    <UnitTest name="HouseTest11" storage="testproject7.dll" id="1f5cea9c-51f4-0379-9851-579f986f33b2">
      <Execution id="e446b951-6732-4483-be28-2812cec093aa" />
      <TestMethod codeBase="C:/TestProject7/TestProject7/bin/Debug/TestProject7.dll" adapterTypeName="Microsoft.VisualStudio.TestTools.TestTypes.Unit.UnitTestAdapter, Microsoft.VisualStudio.QualityTools.Tips.UnitTest.Adapter, Version=10.0.0.0, Culture=neutral, PublicKeyToken=b03f5f7f11d50a3a" className="TestProject7.TamAutotest, TestProject7, Version=1.0.0.0, Culture=neutral, PublicKeyToken=null" name="HouseTest11" />
      <Extension>Microsoft.VisualStudio.TestTools.UITesting.CodedUITestAttribute, Microsoft.VisualStudio.QualityTools.CodedUITestFramework, Version=10.0.0.0, Culture=neutral, PublicKeyToken=b03f5f7f11d50a3a</Extension>
    </UnitTest>
    <UnitTest name="HouseTest3" storage="testproject7.dll" id="aa9bc056-c0ff-30da-3884-b0617a17e15e">
      <Execution id="9f322a09-b4e3-4736-ac91-071538990a40" />
      <TestMethod codeBase="C:/TestProject7/TestProject7/bin/Debug/TestProject7.dll" adapterTypeName="Microsoft.VisualStudio.TestTools.TestTypes.Unit.UnitTestAdapter, Microsoft.VisualStudio.QualityTools.Tips.UnitTest.Adapter, Version=10.0.0.0, Culture=neutral, PublicKeyToken=b03f5f7f11d50a3a" className="TestProject7.TamAutotest, TestProject7, Version=1.0.0.0, Culture=neutral, PublicKeyToken=null" name="HouseTest3" />
      <Extension>Microsoft.VisualStudio.TestTools.UITesting.CodedUITestAttribute, Microsoft.VisualStudio.QualityTools.CodedUITestFramework, Version=10.0.0.0, Culture=neutral, PublicKeyToken=b03f5f7f11d50a3a</Extension>
    </UnitTest>
    <UnitTest name="HouseTest12" storage="testproject7.dll" id="48cd184c-cde9-ee8e-5402-446e48162107">
      <Execution id="1b1e40c5-82ab-433b-9e47-a78475b796de" />
      <TestMethod codeBase="C:/TestProject7/TestProject7/bin/Debug/TestProject7.dll" adapterTypeName="Microsoft.VisualStudio.TestTools.TestTypes.Unit.UnitTestAdapter, Microsoft.VisualStudio.QualityTools.Tips.UnitTest.Adapter, Version=10.0.0.0, Culture=neutral, PublicKeyToken=b03f5f7f11d50a3a" className="TestProject7.TamAutotest, TestProject7, Version=1.0.0.0, Culture=neutral, PublicKeyToken=null" name="HouseTest12" />
      <Extension>Microsoft.VisualStudio.TestTools.UITesting.CodedUITestAttribute, Microsoft.VisualStudio.QualityTools.CodedUITestFramework, Version=10.0.0.0, Culture=neutral, PublicKeyToken=b03f5f7f11d50a3a</Extension>
    </UnitTest>
    <UnitTest name="MotoTest3" storage="testproject7.dll" id="450e4b2d-ad88-da3f-6d50-5c9a0ae1aa51">
      <Execution id="784b5d96-cdab-4a06-9650-ecea52199d3e" />
      <TestMethod codeBase="C:/TestProject7/TestProject7/bin/Debug/TestProject7.dll" adapterTypeName="Microsoft.VisualStudio.TestTools.TestTypes.Unit.UnitTestAdapter, Microsoft.VisualStudio.QualityTools.Tips.UnitTest.Adapter, Version=10.0.0.0, Culture=neutral, PublicKeyToken=b03f5f7f11d50a3a" className="TestProject7.TamAutotest, TestProject7, Version=1.0.0.0, Culture=neutral, PublicKeyToken=null" name="MotoTest3" />
      <Extension>Microsoft.VisualStudio.TestTools.UITesting.CodedUITestAttribute, Microsoft.VisualStudio.QualityTools.CodedUITestFramework, Version=10.0.0.0, Culture=neutral, PublicKeyToken=b03f5f7f11d50a3a</Extension>
    </UnitTest>
    <UnitTest name="MotoTest12" storage="testproject7.dll" id="614f56be-e9c0-f1e7-ad65-1f0b7d6a0f1c">
      <Execution id="5d1f6802-a287-4f5a-a927-fba8eefffe6c" />
      <TestMethod codeBase="C:/TestProject7/TestProject7/bin/Debug/TestProject7.dll" adapterTypeName="Microsoft.VisualStudio.TestTools.TestTypes.Unit.UnitTestAdapter, Microsoft.VisualStudio.QualityTools.Tips.UnitTest.Adapter, Version=10.0.0.0, Culture=neutral, PublicKeyToken=b03f5f7f11d50a3a" className="TestProject7.TamAutotest, TestProject7, Version=1.0.0.0, Culture=neutral, PublicKeyToken=null" name="MotoTest12" />
      <Extension>Microsoft.VisualStudio.TestTools.UITesting.CodedUITestAttribute, Microsoft.VisualStudio.QualityTools.CodedUITestFramework, Version=10.0.0.0, Culture=neutral, PublicKeyToken=b03f5f7f11d50a3a</Extension>
    </UnitTest>
    <UnitTest name="HouseTest4" storage="testproject7.dll" id="ff0c96a1-2fee-7235-6d80-2186de4b80b7">
      <Execution id="8c156ff5-4198-4d4f-ba37-255fcfcba7db" />
      <TestMethod codeBase="C:/TestProject7/TestProject7/bin/Debug/TestProject7.dll" adapterTypeName="Microsoft.VisualStudio.TestTools.TestTypes.Unit.UnitTestAdapter, Microsoft.VisualStudio.QualityTools.Tips.UnitTest.Adapter, Version=10.0.0.0, Culture=neutral, PublicKeyToken=b03f5f7f11d50a3a" className="TestProject7.TamAutotest, TestProject7, Version=1.0.0.0, Culture=neutral, PublicKeyToken=null" name="HouseTest4" />
      <Extension>Microsoft.VisualStudio.TestTools.UITesting.CodedUITestAttribute, Microsoft.VisualStudio.QualityTools.CodedUITestFramework, Version=10.0.0.0, Culture=neutral, PublicKeyToken=b03f5f7f11d50a3a</Extension>
    </UnitTest>
    <UnitTest name="MotoTest2" storage="testproject7.dll" id="6a41f98c-60c7-3333-a5a3-d5d87b5c35c7">
      <Execution id="85315bc0-e68f-4e13-ad33-18b6ad9f4eb6" />
      <TestMethod codeBase="C:/TestProject7/TestProject7/bin/Debug/TestProject7.dll" adapterTypeName="Microsoft.VisualStudio.TestTools.TestTypes.Unit.UnitTestAdapter, Microsoft.VisualStudio.QualityTools.Tips.UnitTest.Adapter, Version=10.0.0.0, Culture=neutral, PublicKeyToken=b03f5f7f11d50a3a" className="TestProject7.TamAutotest, TestProject7, Version=1.0.0.0, Culture=neutral, PublicKeyToken=null" name="MotoTest2" />
      <Extension>Microsoft.VisualStudio.TestTools.UITesting.CodedUITestAttribute, Microsoft.VisualStudio.QualityTools.CodedUITestFramework, Version=10.0.0.0, Culture=neutral, PublicKeyToken=b03f5f7f11d50a3a</Extension>
    </UnitTest>
    <UnitTest name="MotoTest6" storage="testproject7.dll" id="b7f68495-37f9-58f0-5c9b-6e190b9adaa8">
      <Execution id="12842629-0743-4a0c-8dd2-eb4c91e73ef7" />
      <TestMethod codeBase="C:/TestProject7/TestProject7/bin/Debug/TestProject7.dll" adapterTypeName="Microsoft.VisualStudio.TestTools.TestTypes.Unit.UnitTestAdapter, Microsoft.VisualStudio.QualityTools.Tips.UnitTest.Adapter, Version=10.0.0.0, Culture=neutral, PublicKeyToken=b03f5f7f11d50a3a" className="TestProject7.TamAutotest, TestProject7, Version=1.0.0.0, Culture=neutral, PublicKeyToken=null" name="MotoTest6" />
      <Extension>Microsoft.VisualStudio.TestTools.UITesting.CodedUITestAttribute, Microsoft.VisualStudio.QualityTools.CodedUITestFramework, Version=10.0.0.0, Culture=neutral, PublicKeyToken=b03f5f7f11d50a3a</Extension>
    </UnitTest>
    <UnitTest name="MotoTest16" storage="testproject7.dll" id="c540cf3f-a6f3-b5ba-c3cd-38a0f986a3da">
      <Execution id="f9e22c03-3fb0-4868-8975-4b08af309517" />
      <TestMethod codeBase="C:/TestProject7/TestProject7/bin/Debug/TestProject7.dll" adapterTypeName="Microsoft.VisualStudio.TestTools.TestTypes.Unit.UnitTestAdapter, Microsoft.VisualStudio.QualityTools.Tips.UnitTest.Adapter, Version=10.0.0.0, Culture=neutral, PublicKeyToken=b03f5f7f11d50a3a" className="TestProject7.TamAutotest, TestProject7, Version=1.0.0.0, Culture=neutral, PublicKeyToken=null" name="MotoTest16" />
      <Extension>Microsoft.VisualStudio.TestTools.UITesting.CodedUITestAttribute, Microsoft.VisualStudio.QualityTools.CodedUITestFramework, Version=10.0.0.0, Culture=neutral, PublicKeyToken=b03f5f7f11d50a3a</Extension>
    </UnitTest>
    <UnitTest name="HouseTest16" storage="testproject7.dll" id="038bd6f9-2ee9-ebbb-433c-13d24e4980e9">
      <Execution id="5f3db87a-cc9f-4b12-92c2-c2e47bd2fe2c" />
      <TestMethod codeBase="C:/TestProject7/TestProject7/bin/Debug/TestProject7.dll" adapterTypeName="Microsoft.VisualStudio.TestTools.TestTypes.Unit.UnitTestAdapter, Microsoft.VisualStudio.QualityTools.Tips.UnitTest.Adapter, Version=10.0.0.0, Culture=neutral, PublicKeyToken=b03f5f7f11d50a3a" className="TestProject7.TamAutotest, TestProject7, Version=1.0.0.0, Culture=neutral, PublicKeyToken=null" name="HouseTest16" />
      <Extension>Microsoft.VisualStudio.TestTools.UITesting.CodedUITestAttribute, Microsoft.VisualStudio.QualityTools.CodedUITestFramework, Version=10.0.0.0, Culture=neutral, PublicKeyToken=b03f5f7f11d50a3a</Extension>
    </UnitTest>
    <UnitTest name="MotoTest18" storage="testproject7.dll" id="95111846-656e-91d9-dc83-b04719c1fedd">
      <Execution id="f0c0d8c1-f9e3-4cb7-bb81-b96dfffc212d" />
      <TestMethod codeBase="C:/TestProject7/TestProject7/bin/Debug/TestProject7.dll" adapterTypeName="Microsoft.VisualStudio.TestTools.TestTypes.Unit.UnitTestAdapter, Microsoft.VisualStudio.QualityTools.Tips.UnitTest.Adapter, Version=10.0.0.0, Culture=neutral, PublicKeyToken=b03f5f7f11d50a3a" className="TestProject7.TamAutotest, TestProject7, Version=1.0.0.0, Culture=neutral, PublicKeyToken=null" name="MotoTest18" />
      <Extension>Microsoft.VisualStudio.TestTools.UITesting.CodedUITestAttribute, Microsoft.VisualStudio.QualityTools.CodedUITestFramework, Version=10.0.0.0, Culture=neutral, PublicKeyToken=b03f5f7f11d50a3a</Extension>
    </UnitTest>
    <UnitTest name="HouseTest6" storage="testproject7.dll" id="aa8325da-50fe-092e-bd85-bbb5f1ac650a">
      <Execution id="3438612e-744f-4f1b-b39d-8c4ac46b4f11" />
      <TestMethod codeBase="C:/TestProject7/TestProject7/bin/Debug/TestProject7.dll" adapterTypeName="Microsoft.VisualStudio.TestTools.TestTypes.Unit.UnitTestAdapter, Microsoft.VisualStudio.QualityTools.Tips.UnitTest.Adapter, Version=10.0.0.0, Culture=neutral, PublicKeyToken=b03f5f7f11d50a3a" className="TestProject7.TamAutotest, TestProject7, Version=1.0.0.0, Culture=neutral, PublicKeyToken=null" name="HouseTest6" />
      <Extension>Microsoft.VisualStudio.TestTools.UITesting.CodedUITestAttribute, Microsoft.VisualStudio.QualityTools.CodedUITestFramework, Version=10.0.0.0, Culture=neutral, PublicKeyToken=b03f5f7f11d50a3a</Extension>
    </UnitTest>
    <UnitTest name="HouseTest13" storage="testproject7.dll" id="d39a31b1-2e8f-859b-cccc-1ae9e057a582">
      <Execution id="b774cd2f-6979-4cb0-bd68-dbf191733df8" />
      <TestMethod codeBase="C:/TestProject7/TestProject7/bin/Debug/TestProject7.dll" adapterTypeName="Microsoft.VisualStudio.TestTools.TestTypes.Unit.UnitTestAdapter, Microsoft.VisualStudio.QualityTools.Tips.UnitTest.Adapter, Version=10.0.0.0, Culture=neutral, PublicKeyToken=b03f5f7f11d50a3a" className="TestProject7.TamAutotest, TestProject7, Version=1.0.0.0, Culture=neutral, PublicKeyToken=null" name="HouseTest13" />
      <Extension>Microsoft.VisualStudio.TestTools.UITesting.CodedUITestAttribute, Microsoft.VisualStudio.QualityTools.CodedUITestFramework, Version=10.0.0.0, Culture=neutral, PublicKeyToken=b03f5f7f11d50a3a</Extension>
    </UnitTest>
    <UnitTest name="MotoTest7" storage="testproject7.dll" id="e022376f-b2fb-4981-6140-b019eeaa6c94">
      <Execution id="505e6ca9-953a-42d1-b8c9-feb4d7b0d42c" />
      <TestMethod codeBase="C:/TestProject7/TestProject7/bin/Debug/TestProject7.dll" adapterTypeName="Microsoft.VisualStudio.TestTools.TestTypes.Unit.UnitTestAdapter, Microsoft.VisualStudio.QualityTools.Tips.UnitTest.Adapter, Version=10.0.0.0, Culture=neutral, PublicKeyToken=b03f5f7f11d50a3a" className="TestProject7.TamAutotest, TestProject7, Version=1.0.0.0, Culture=neutral, PublicKeyToken=null" name="MotoTest7" />
      <Extension>Microsoft.VisualStudio.TestTools.UITesting.CodedUITestAttribute, Microsoft.VisualStudio.QualityTools.CodedUITestFramework, Version=10.0.0.0, Culture=neutral, PublicKeyToken=b03f5f7f11d50a3a</Extension>
    </UnitTest>
    <UnitTest name="MotoTest1" storage="testproject7.dll" id="9e6b6d54-b79f-e7d9-2609-a84c350c12a1">
      <Execution id="83c81c87-8a5f-449c-90fa-1da3b1a71f44" />
      <TestMethod codeBase="C:/TestProject7/TestProject7/bin/Debug/TestProject7.dll" adapterTypeName="Microsoft.VisualStudio.TestTools.TestTypes.Unit.UnitTestAdapter, Microsoft.VisualStudio.QualityTools.Tips.UnitTest.Adapter, Version=10.0.0.0, Culture=neutral, PublicKeyToken=b03f5f7f11d50a3a" className="TestProject7.TamAutotest, TestProject7, Version=1.0.0.0, Culture=neutral, PublicKeyToken=null" name="MotoTest1" />
      <Extension>Microsoft.VisualStudio.TestTools.UITesting.CodedUITestAttribute, Microsoft.VisualStudio.QualityTools.CodedUITestFramework, Version=10.0.0.0, Culture=neutral, PublicKeyToken=b03f5f7f11d50a3a</Extension>
    </UnitTest>
    <UnitTest name="MotoTest14" storage="testproject7.dll" id="e560b224-e5b1-72de-4969-2e5cddf85208">
      <Execution id="0c8cf1b5-e09c-467d-bdfb-d363e772c7ee" />
      <TestMethod codeBase="C:/TestProject7/TestProject7/bin/Debug/TestProject7.dll" adapterTypeName="Microsoft.VisualStudio.TestTools.TestTypes.Unit.UnitTestAdapter, Microsoft.VisualStudio.QualityTools.Tips.UnitTest.Adapter, Version=10.0.0.0, Culture=neutral, PublicKeyToken=b03f5f7f11d50a3a" className="TestProject7.TamAutotest, TestProject7, Version=1.0.0.0, Culture=neutral, PublicKeyToken=null" name="MotoTest14" />
      <Extension>Microsoft.VisualStudio.TestTools.UITesting.CodedUITestAttribute, Microsoft.VisualStudio.QualityTools.CodedUITestFramework, Version=10.0.0.0, Culture=neutral, PublicKeyToken=b03f5f7f11d50a3a</Extension>
    </UnitTest>
    <UnitTest name="MotoTest13" storage="testproject7.dll" id="1662bbff-6668-68e6-e702-5ec6450deb96">
      <Execution id="3e1e5e35-83b6-43a1-a109-079aa9db0e31" />
      <TestMethod codeBase="C:/TestProject7/TestProject7/bin/Debug/TestProject7.dll" adapterTypeName="Microsoft.VisualStudio.TestTools.TestTypes.Unit.UnitTestAdapter, Microsoft.VisualStudio.QualityTools.Tips.UnitTest.Adapter, Version=10.0.0.0, Culture=neutral, PublicKeyToken=b03f5f7f11d50a3a" className="TestProject7.TamAutotest, TestProject7, Version=1.0.0.0, Culture=neutral, PublicKeyToken=null" name="MotoTest13" />
      <Extension>Microsoft.VisualStudio.TestTools.UITesting.CodedUITestAttribute, Microsoft.VisualStudio.QualityTools.CodedUITestFramework, Version=10.0.0.0, Culture=neutral, PublicKeyToken=b03f5f7f11d50a3a</Extension>
    </UnitTest>
    <UnitTest name="MotoTest8" storage="testproject7.dll" id="07cf762e-0596-8be3-6b38-ed80b9a02463">
      <Execution id="8463385c-3b9a-487a-8172-6e17fe862533" />
      <TestMethod codeBase="C:/TestProject7/TestProject7/bin/Debug/TestProject7.dll" adapterTypeName="Microsoft.VisualStudio.TestTools.TestTypes.Unit.UnitTestAdapter, Microsoft.VisualStudio.QualityTools.Tips.UnitTest.Adapter, Version=10.0.0.0, Culture=neutral, PublicKeyToken=b03f5f7f11d50a3a" className="TestProject7.TamAutotest, TestProject7, Version=1.0.0.0, Culture=neutral, PublicKeyToken=null" name="MotoTest8" />
      <Extension>Microsoft.VisualStudio.TestTools.UITesting.CodedUITestAttribute, Microsoft.VisualStudio.QualityTools.CodedUITestFramework, Version=10.0.0.0, Culture=neutral, PublicKeyToken=b03f5f7f11d50a3a</Extension>
    </UnitTest>
    <UnitTest name="MotoTest10" storage="testproject7.dll" id="8efed318-945d-2a9d-e29d-a71a05da5660">
      <Execution id="392f924d-63e5-43f9-97c3-4f910fb3b3b2" />
      <TestMethod codeBase="C:/TestProject7/TestProject7/bin/Debug/TestProject7.dll" adapterTypeName="Microsoft.VisualStudio.TestTools.TestTypes.Unit.UnitTestAdapter, Microsoft.VisualStudio.QualityTools.Tips.UnitTest.Adapter, Version=10.0.0.0, Culture=neutral, PublicKeyToken=b03f5f7f11d50a3a" className="TestProject7.TamAutotest, TestProject7, Version=1.0.0.0, Culture=neutral, PublicKeyToken=null" name="MotoTest10" />
      <Extension>Microsoft.VisualStudio.TestTools.UITesting.CodedUITestAttribute, Microsoft.VisualStudio.QualityTools.CodedUITestFramework, Version=10.0.0.0, Culture=neutral, PublicKeyToken=b03f5f7f11d50a3a</Extension>
    </UnitTest>
    <UnitTest name="MotoTest19" storage="testproject7.dll" id="0faa065a-7d90-5129-349a-696c971dbf85">
      <Execution id="8688c125-5187-4307-a19d-3f14234213e0" />
      <TestMethod codeBase="C:/TestProject7/TestProject7/bin/Debug/TestProject7.dll" adapterTypeName="Microsoft.VisualStudio.TestTools.TestTypes.Unit.UnitTestAdapter, Microsoft.VisualStudio.QualityTools.Tips.UnitTest.Adapter, Version=10.0.0.0, Culture=neutral, PublicKeyToken=b03f5f7f11d50a3a" className="TestProject7.TamAutotest, TestProject7, Version=1.0.0.0, Culture=neutral, PublicKeyToken=null" name="MotoTest19" />
      <Extension>Microsoft.VisualStudio.TestTools.UITesting.CodedUITestAttribute, Microsoft.VisualStudio.QualityTools.CodedUITestFramework, Version=10.0.0.0, Culture=neutral, PublicKeyToken=b03f5f7f11d50a3a</Extension>
    </UnitTest>
    <UnitTest name="HouseTest14" storage="testproject7.dll" id="7f48209e-9cf1-6453-3b34-7220c4ec30a7">
      <Execution id="5633622b-e9cf-48b6-a4b4-15d416c4b71c" />
      <TestMethod codeBase="C:/TestProject7/TestProject7/bin/Debug/TestProject7.dll" adapterTypeName="Microsoft.VisualStudio.TestTools.TestTypes.Unit.UnitTestAdapter, Microsoft.VisualStudio.QualityTools.Tips.UnitTest.Adapter, Version=10.0.0.0, Culture=neutral, PublicKeyToken=b03f5f7f11d50a3a" className="TestProject7.TamAutotest, TestProject7, Version=1.0.0.0, Culture=neutral, PublicKeyToken=null" name="HouseTest14" />
      <Extension>Microsoft.VisualStudio.TestTools.UITesting.CodedUITestAttribute, Microsoft.VisualStudio.QualityTools.CodedUITestFramework, Version=10.0.0.0, Culture=neutral, PublicKeyToken=b03f5f7f11d50a3a</Extension>
    </UnitTest>
    <UnitTest name="HouseTest9" storage="testproject7.dll" id="b4c07ca4-d489-a213-d4df-1c267d591a59">
      <Execution id="bbc21363-0d3e-4660-bd36-553ccc44d49a" />
      <TestMethod codeBase="C:/TestProject7/TestProject7/bin/Debug/TestProject7.dll" adapterTypeName="Microsoft.VisualStudio.TestTools.TestTypes.Unit.UnitTestAdapter, Microsoft.VisualStudio.QualityTools.Tips.UnitTest.Adapter, Version=10.0.0.0, Culture=neutral, PublicKeyToken=b03f5f7f11d50a3a" className="TestProject7.TamAutotest, TestProject7, Version=1.0.0.0, Culture=neutral, PublicKeyToken=null" name="HouseTest9" />
      <Extension>Microsoft.VisualStudio.TestTools.UITesting.CodedUITestAttribute, Microsoft.VisualStudio.QualityTools.CodedUITestFramework, Version=10.0.0.0, Culture=neutral, PublicKeyToken=b03f5f7f11d50a3a</Extension>
    </UnitTest>
    <UnitTest name="MotoTest11" storage="testproject7.dll" id="0f4d10f2-7035-3d68-762a-b62c4853fb8a">
      <Execution id="8557253d-29ff-424c-9619-c8007f92e6cd" />
      <TestMethod codeBase="C:/TestProject7/TestProject7/bin/Debug/TestProject7.dll" adapterTypeName="Microsoft.VisualStudio.TestTools.TestTypes.Unit.UnitTestAdapter, Microsoft.VisualStudio.QualityTools.Tips.UnitTest.Adapter, Version=10.0.0.0, Culture=neutral, PublicKeyToken=b03f5f7f11d50a3a" className="TestProject7.TamAutotest, TestProject7, Version=1.0.0.0, Culture=neutral, PublicKeyToken=null" name="MotoTest11" />
      <Extension>Microsoft.VisualStudio.TestTools.UITesting.CodedUITestAttribute, Microsoft.VisualStudio.QualityTools.CodedUITestFramework, Version=10.0.0.0, Culture=neutral, PublicKeyToken=b03f5f7f11d50a3a</Extension>
    </UnitTest>
    <UnitTest name="HouseTest2" storage="testproject7.dll" id="8f5b1340-58a6-e129-3b7d-c88835b7065d">
      <Execution id="9d661a38-01c2-412d-937b-1f4b359aaddd" />
      <TestMethod codeBase="C:/TestProject7/TestProject7/bin/Debug/TestProject7.dll" adapterTypeName="Microsoft.VisualStudio.TestTools.TestTypes.Unit.UnitTestAdapter, Microsoft.VisualStudio.QualityTools.Tips.UnitTest.Adapter, Version=10.0.0.0, Culture=neutral, PublicKeyToken=b03f5f7f11d50a3a" className="TestProject7.TamAutotest, TestProject7, Version=1.0.0.0, Culture=neutral, PublicKeyToken=null" name="HouseTest2" />
      <Extension>Microsoft.VisualStudio.TestTools.UITesting.CodedUITestAttribute, Microsoft.VisualStudio.QualityTools.CodedUITestFramework, Version=10.0.0.0, Culture=neutral, PublicKeyToken=b03f5f7f11d50a3a</Extension>
    </UnitTest>
    <UnitTest name="MotoTest4" storage="testproject7.dll" id="4e743fde-a814-86c0-27fd-8728ac2cb692">
      <Execution id="7c9e21fa-f1a0-4a83-bef1-78e1ba314252" />
      <TestMethod codeBase="C:/TestProject7/TestProject7/bin/Debug/TestProject7.dll" adapterTypeName="Microsoft.VisualStudio.TestTools.TestTypes.Unit.UnitTestAdapter, Microsoft.VisualStudio.QualityTools.Tips.UnitTest.Adapter, Version=10.0.0.0, Culture=neutral, PublicKeyToken=b03f5f7f11d50a3a" className="TestProject7.TamAutotest, TestProject7, Version=1.0.0.0, Culture=neutral, PublicKeyToken=null" name="MotoTest4" />
      <Extension>Microsoft.VisualStudio.TestTools.UITesting.CodedUITestAttribute, Microsoft.VisualStudio.QualityTools.CodedUITestFramework, Version=10.0.0.0, Culture=neutral, PublicKeyToken=b03f5f7f11d50a3a</Extension>
    </UnitTest>
  </TestDefinitions>
  <TestLists>
    <TestList name="Results Not in a List" id="8c84fa94-04c1-424b-9868-57a2d4851a1d" />
    <TestList name="All Loaded Results" id="19431567-8539-422a-85d7-44ee4e166bda" />
  </TestLists>
  <TestEntries>
    <TestEntry testId="64ea79e0-cb1d-9a10-db69-a15b7769e7d8" executionId="45ba8605-15c1-45f0-bd20-cf0c70c6e852" testListId="8c84fa94-04c1-424b-9868-57a2d4851a1d" />
    <TestEntry testId="98368514-c48e-be24-398b-d9342dd6b274" executionId="21f97de5-1d1c-4bd6-91a2-d23864920af0" testListId="8c84fa94-04c1-424b-9868-57a2d4851a1d" />
    <TestEntry testId="1f5cea9c-51f4-0379-9851-579f986f33b2" executionId="e446b951-6732-4483-be28-2812cec093aa" testListId="8c84fa94-04c1-424b-9868-57a2d4851a1d" />
    <TestEntry testId="48cd184c-cde9-ee8e-5402-446e48162107" executionId="1b1e40c5-82ab-433b-9e47-a78475b796de" testListId="8c84fa94-04c1-424b-9868-57a2d4851a1d" />
    <TestEntry testId="d39a31b1-2e8f-859b-cccc-1ae9e057a582" executionId="b774cd2f-6979-4cb0-bd68-dbf191733df8" testListId="8c84fa94-04c1-424b-9868-57a2d4851a1d" />
    <TestEntry testId="7f48209e-9cf1-6453-3b34-7220c4ec30a7" executionId="5633622b-e9cf-48b6-a4b4-15d416c4b71c" testListId="8c84fa94-04c1-424b-9868-57a2d4851a1d" />
    <TestEntry testId="a95aea6b-c734-4b73-e10a-d65ad4aa23ee" executionId="a8229a7d-d51e-4ff2-a8a3-daab87e63a7e" testListId="8c84fa94-04c1-424b-9868-57a2d4851a1d" />
    <TestEntry testId="038bd6f9-2ee9-ebbb-433c-13d24e4980e9" executionId="5f3db87a-cc9f-4b12-92c2-c2e47bd2fe2c" testListId="8c84fa94-04c1-424b-9868-57a2d4851a1d" />
    <TestEntry testId="cc49fe58-5f78-ea01-6c4b-c4ec9db0e41d" executionId="6857f17c-22f2-4bb8-bcd4-75429f7cd236" testListId="8c84fa94-04c1-424b-9868-57a2d4851a1d" />
    <TestEntry testId="0287ed6d-d515-809a-ea56-c0035840a5a4" executionId="4ee30e40-fb8c-4c84-9c77-ee2747b0c6ce" testListId="8c84fa94-04c1-424b-9868-57a2d4851a1d" />
    <TestEntry testId="8f5b1340-58a6-e129-3b7d-c88835b7065d" executionId="9d661a38-01c2-412d-937b-1f4b359aaddd" testListId="8c84fa94-04c1-424b-9868-57a2d4851a1d" />
    <TestEntry testId="aa9bc056-c0ff-30da-3884-b0617a17e15e" executionId="9f322a09-b4e3-4736-ac91-071538990a40" testListId="8c84fa94-04c1-424b-9868-57a2d4851a1d" />
    <TestEntry testId="ff0c96a1-2fee-7235-6d80-2186de4b80b7" executionId="8c156ff5-4198-4d4f-ba37-255fcfcba7db" testListId="8c84fa94-04c1-424b-9868-57a2d4851a1d" />
    <TestEntry testId="99f569ef-86f3-fa96-82c3-e9993245d049" executionId="0f6334a8-7307-4991-8249-375083183f69" testListId="8c84fa94-04c1-424b-9868-57a2d4851a1d" />
    <TestEntry testId="aa8325da-50fe-092e-bd85-bbb5f1ac650a" executionId="3438612e-744f-4f1b-b39d-8c4ac46b4f11" testListId="8c84fa94-04c1-424b-9868-57a2d4851a1d" />
    <TestEntry testId="cad41ea6-4986-f170-1def-22ab50e0fb0a" executionId="719bc0ac-1c74-46ea-9fc6-152d8776f87b" testListId="8c84fa94-04c1-424b-9868-57a2d4851a1d" />
    <TestEntry testId="f90b30ce-fb72-514e-f606-6c0b8cb3f354" executionId="427a638e-c84b-43b8-be17-176c191ae23b" testListId="8c84fa94-04c1-424b-9868-57a2d4851a1d" />
    <TestEntry testId="b4c07ca4-d489-a213-d4df-1c267d591a59" executionId="bbc21363-0d3e-4660-bd36-553ccc44d49a" testListId="8c84fa94-04c1-424b-9868-57a2d4851a1d" />
    <TestEntry testId="9e6b6d54-b79f-e7d9-2609-a84c350c12a1" executionId="83c81c87-8a5f-449c-90fa-1da3b1a71f44" testListId="8c84fa94-04c1-424b-9868-57a2d4851a1d" />
    <TestEntry testId="8efed318-945d-2a9d-e29d-a71a05da5660" executionId="392f924d-63e5-43f9-97c3-4f910fb3b3b2" testListId="8c84fa94-04c1-424b-9868-57a2d4851a1d" />
    <TestEntry testId="0f4d10f2-7035-3d68-762a-b62c4853fb8a" executionId="8557253d-29ff-424c-9619-c8007f92e6cd" testListId="8c84fa94-04c1-424b-9868-57a2d4851a1d" />
    <TestEntry testId="614f56be-e9c0-f1e7-ad65-1f0b7d6a0f1c" executionId="5d1f6802-a287-4f5a-a927-fba8eefffe6c" testListId="8c84fa94-04c1-424b-9868-57a2d4851a1d" />
    <TestEntry testId="1662bbff-6668-68e6-e702-5ec6450deb96" executionId="3e1e5e35-83b6-43a1-a109-079aa9db0e31" testListId="8c84fa94-04c1-424b-9868-57a2d4851a1d" />
    <TestEntry testId="e560b224-e5b1-72de-4969-2e5cddf85208" executionId="0c8cf1b5-e09c-467d-bdfb-d363e772c7ee" testListId="8c84fa94-04c1-424b-9868-57a2d4851a1d" />
    <TestEntry testId="e7680189-6b97-1f0a-48c0-e6d1b1c96b8e" executionId="9e308961-6855-4241-810b-13990304a8fc" testListId="8c84fa94-04c1-424b-9868-57a2d4851a1d" />
    <TestEntry testId="c540cf3f-a6f3-b5ba-c3cd-38a0f986a3da" executionId="f9e22c03-3fb0-4868-8975-4b08af309517" testListId="8c84fa94-04c1-424b-9868-57a2d4851a1d" />
    <TestEntry testId="0457170a-e33e-18a3-7909-18d70df8aa6e" executionId="e4b78971-934c-42e1-b628-c9cddc3d8239" testListId="8c84fa94-04c1-424b-9868-57a2d4851a1d" />
    <TestEntry testId="95111846-656e-91d9-dc83-b04719c1fedd" executionId="f0c0d8c1-f9e3-4cb7-bb81-b96dfffc212d" testListId="8c84fa94-04c1-424b-9868-57a2d4851a1d" />
    <TestEntry testId="0faa065a-7d90-5129-349a-696c971dbf85" executionId="8688c125-5187-4307-a19d-3f14234213e0" testListId="8c84fa94-04c1-424b-9868-57a2d4851a1d" />
    <TestEntry testId="6a41f98c-60c7-3333-a5a3-d5d87b5c35c7" executionId="85315bc0-e68f-4e13-ad33-18b6ad9f4eb6" testListId="8c84fa94-04c1-424b-9868-57a2d4851a1d" />
    <TestEntry testId="450e4b2d-ad88-da3f-6d50-5c9a0ae1aa51" executionId="784b5d96-cdab-4a06-9650-ecea52199d3e" testListId="8c84fa94-04c1-424b-9868-57a2d4851a1d" />
    <TestEntry testId="4e743fde-a814-86c0-27fd-8728ac2cb692" executionId="7c9e21fa-f1a0-4a83-bef1-78e1ba314252" testListId="8c84fa94-04c1-424b-9868-57a2d4851a1d" />
    <TestEntry testId="10042bab-44aa-7cea-8ac0-06cc3b3adbb3" executionId="746ea8ce-1466-4588-9128-376a657642e6" testListId="8c84fa94-04c1-424b-9868-57a2d4851a1d" />
    <TestEntry testId="b7f68495-37f9-58f0-5c9b-6e190b9adaa8" executionId="12842629-0743-4a0c-8dd2-eb4c91e73ef7" testListId="8c84fa94-04c1-424b-9868-57a2d4851a1d" />
    <TestEntry testId="e022376f-b2fb-4981-6140-b019eeaa6c94" executionId="505e6ca9-953a-42d1-b8c9-feb4d7b0d42c" testListId="8c84fa94-04c1-424b-9868-57a2d4851a1d" />
    <TestEntry testId="07cf762e-0596-8be3-6b38-ed80b9a02463" executionId="8463385c-3b9a-487a-8172-6e17fe862533" testListId="8c84fa94-04c1-424b-9868-57a2d4851a1d" />
    <TestEntry testId="1820a643-3d71-abad-9636-2b810c74ae19" executionId="263b5f0a-cd84-4092-ba65-731bb20e4d7c" testListId="8c84fa94-04c1-424b-9868-57a2d4851a1d" />
  </TestEntries>
  <Results>
    <UnitTestResult executionId="45ba8605-15c1-45f0-bd20-cf0c70c6e852" testId="64ea79e0-cb1d-9a10-db69-a15b7769e7d8" testName="HouseTest1" computerName="ICLVDEVAP01" duration="00:01:17.8977890" startTime="2012-11-16T10:01:54.3538626+00:00" endTime="2012-11-16T10:03:12.2516516+00:00" testType="13cdc9d9-ddb5-4fa4-a97d-d965ccfc6d4b" outcome="Aborted" testListId="8c84fa94-04c1-424b-9868-57a2d4851a1d" relativeResultsDirectory="45ba8605-15c1-45f0-bd20-cf0c70c6e852">
      <Output>
        <DebugTrace>W, 3800, 13, 2012/11/16, 10:01:54.986, 1394816376726, QTAgent32.exe, ExtensionFramework : A Technology Manager with name Web is already registered.
W, 3800, 13, 2012/11/16, 10:01:55.851, 1394828743464, QTAgent32.exe, &lt;a class=success&gt;Playback - {1} [SUCCESS] MouseButtonClick - "[MSAA, VisibleOnly]ControlType='Edit'"
\0&lt;/a&gt;
W, 3800, 13, 2012/11/16, 10:01:56.049, 1394831576067, QTAgent32.exe, &lt;a class=success&gt;Playback - {2} [SUCCESS] SendKeys "[*]" - "[MSAA, VisibleOnly]ControlType='Edit'"
\0&lt;/a&gt;
W, 3800, 13, 2012/11/16, 10:01:56.744, 1394841530224, QTAgent32.exe, &lt;a class=success&gt;Playback - {3} [SUCCESS] MouseButtonClick - "[MSAA, VisibleOnly]ControlType='Button' &amp;&amp; Name='OK'"
\0&lt;/a&gt;
E, 3800, 13, 2012/11/16, 10:01:56.880, 1394843472067, QTAgent32.exe, LoadLibrary() : Unable to find the resource 37382 from assembly C:\Windows\system32\en-US\ieframe.dll.mui: Error1814
E, 3800, 13, 2012/11/16, 10:01:56.880, 1394843478018, QTAgent32.exe, LoadLibrary() : Unable to find the resource 41728 from assembly C:\Windows\system32\en-US\ieframe.dll.mui: Error1814
E, 3800, 13, 2012/11/16, 10:01:56.880, 1394843480954, QTAgent32.exe, LoadLibrary() : Unable to find the resource 8131 from assembly C:\Windows\system32\en-US\ieframe.dll.mui: Error1814
E, 3800, 13, 2012/11/16, 10:01:56.880, 1394843483235, QTAgent32.exe, LoadLibrary() : Unable to find the resource 8131 from assembly C:\Windows\system32\en-US\ieframe.dll.mui: Error1814
E, 3800, 13, 2012/11/16, 10:01:56.881, 1394843487586, QTAgent32.exe, LoadLibrary() : Unable to find the resource 8131 from assembly C:\Windows\system32\en-US\ieframe.dll.mui: Error1814
E, 3800, 13, 2012/11/16, 10:01:56.881, 1394843492215, QTAgent32.exe, LoadLibrary() : Unable to find the resource 803 from assembly C:\Windows\system32\en-US\user32.dll.mui: Error1814
W, 3800, 13, 2012/11/16, 10:01:56.949, 1394844462817, QTAgent32.exe, &lt;a class=success&gt;Playback - {4} [SUCCESS] SendKeys "^{HOME}" - "[MSAA, VisibleOnly]ControlType='Edit'"
\0&lt;/a&gt;
E, 3800, 13, 2012/11/16, 10:01:56.951, 1394844490540, QTAgent32.exe, Msaa.GetFocusedElement: could not find accessible object of foreground window
W, 3800, 13, 2012/11/16, 10:01:57.024, 1394845536865, QTAgent32.exe, &lt;a class=success&gt;Playback - {5} [SUCCESS] SendKeys "^+{END}" - "[MSAA, VisibleOnly]ControlType='Edit'"
\0&lt;/a&gt;
E, 3800, 13, 2012/11/16, 10:01:57.024, 1394845539302, QTAgent32.exe, Msaa.GetFocusedElement: could not find accessible object of foreground window
W, 3800, 13, 2012/11/16, 10:01:57.037, 1394845723531, QTAgent32.exe, &lt;a class=success&gt;Playback - {6} [SUCCESS] SendKeys "{DELETE}" - "[MSAA, VisibleOnly]ControlType='Edit'"
\0&lt;/a&gt;
W, 3800, 13, 2012/11/16, 10:01:57.252, 1394848805613, QTAgent32.exe, &lt;a class=success&gt;Playback - {7} [SUCCESS] SetValueAsEditBox "16/11/2012" - "[MSAA, VisibleOnly]ControlType='Edit'"  &lt; Set via SendKeys &gt;
\0&lt;/a&gt;
W, 3800, 13, 2012/11/16, 10:01:57.534, 1394852840783, QTAgent32.exe, Playback - [WARNING] Internal warning: Incorrect flag set for InvokeProgrammaticAction\0
W, 3800, 13, 2012/11/16, 10:01:57.719, 1394855491591, QTAgent32.exe, &lt;a class=success&gt;Playback - {8} [SUCCESS] SetValueAsComboBox "November" - "[MSAA, VisibleOnly]ControlType='ComboBox'"  &lt; SetValueAsComboBox, set by clicking on the item in the list box &gt;
\0&lt;/a&gt;
W, 3800, 13, 2012/11/16, 10:01:57.883, 1394857836289, QTAgent32.exe, &lt;a class=success&gt;Playback - {9} [SUCCESS] SendKeys "^{HOME}" - "[MSAA, VisibleOnly]ControlType='Edit'"
\0&lt;/a&gt;
E, 3800, 13, 2012/11/16, 10:01:57.883, 1394857838742, QTAgent32.exe, Msaa.GetFocusedElement: could not find accessible object of foreground window
W, 3800, 13, 2012/11/16, 10:01:57.936, 1394858595096, QTAgent32.exe, &lt;a class=success&gt;Playback - {10} [SUCCESS] SendKeys "^+{END}" - "[MSAA, VisibleOnly]ControlType='Edit'"
\0&lt;/a&gt;
E, 3800, 13, 2012/11/16, 10:01:57.936, 1394858597207, QTAgent32.exe, Msaa.GetFocusedElement: could not find accessible object of foreground window
W, 3800, 13, 2012/11/16, 10:01:57.949, 1394858781775, QTAgent32.exe, &lt;a class=success&gt;Playback - {11} [SUCCESS] SendKeys "{DELETE}" - "[MSAA, VisibleOnly]ControlType='Edit'"
\0&lt;/a&gt;
W, 3800, 13, 2012/11/16, 10:01:58.051, 1394860246484, QTAgent32.exe, &lt;a class=success&gt;Playback - {12} [SUCCESS] SetValueAsEditBox "2012" - "[MSAA, VisibleOnly]ControlType='Edit'"  &lt; Set via SendKeys &gt;
\0&lt;/a&gt;
W, 3800, 13, 2012/11/16, 10:01:58.806, 1394871062447, QTAgent32.exe, &lt;a class=success&gt;Playback - {13} [SUCCESS] MouseButtonClick - "[MSAA, VisibleOnly]ControlType='Button' &amp;&amp; Name='OK'"
\0&lt;/a&gt;
W, 3800, 13, 2012/11/16, 10:01:58.962, 1394873285301, QTAgent32.exe, &lt;a class=success&gt;Playback - {14} [SUCCESS] TypeString "#(R)"
\0&lt;/a&gt;
E, 3800, 13, 2012/11/16, 10:01:59.188, 1394876531470, QTAgent32.exe, Exception: System.ArgumentException
	Message: Value does not fall within the expected range.
	Stack Trace:    at Accessibility.IAccessible.get_accRole(Object varChild)
   at Microsoft.VisualStudio.TestTools.UITest.Extension.Msaa.AccWrapper.get_RoleInt()
	BaseExceptionMessage: Value does not fall within the expected range.

E, 3800, 13, 2012/11/16, 10:01:59.200, 1394876698135, QTAgent32.exe, Exception: System.ArgumentException
	Message: Value does not fall within the expected range.
	Stack Trace:    at Accessibility.IAccessible.get_accRole(Object varChild)
   at Microsoft.VisualStudio.TestTools.UITest.Extension.Msaa.AccWrapper.get_RoleInt()
	BaseExceptionMessage: Value does not fall within the expected range.

W, 3800, 13, 2012/11/16, 10:01:59.540, 1394881563906, QTAgent32.exe, &lt;a class=success&gt;Playback - {15} [SUCCESS] LeftButtonClick  &lt; Mouse cursor location (87, 852) &gt;
\0&lt;/a&gt;
W, 3800, 13, 2012/11/16, 10:02:00.360, 1394893306244, QTAgent32.exe, &lt;a class=success&gt;Playback - {16} [SUCCESS] SetValueAsEditBox "c:\TestProject7\office.reg"  &lt; Set via SendKeys &gt;
\0&lt;/a&gt;
W, 3800, 13, 2012/11/16, 10:02:00.360, 1394893308474, QTAgent32.exe, &lt;a class=success&gt;Playback - {17} [SUCCESS] SetValueAsComboBox "c:\TestProject7\office.reg" - "[MSAA, VisibleOnly]ControlType='ComboBox' &amp;&amp; Name='Open:'"  &lt; Set via SetValueAsEditBox &gt;
\0&lt;/a&gt;
W, 3800, 13, 2012/11/16, 10:02:00.600, 1394896743166, QTAgent32.exe, &lt;a class=success&gt;Playback - {18} [SUCCESS] MouseButtonClick - "[MSAA, VisibleOnly]ControlType='Button' &amp;&amp; Name='OK'"
\0&lt;/a&gt;
W, 3800, 13, 2012/11/16, 10:02:00.914, 1394901246833, QTAgent32.exe, &lt;a class=success&gt;Playback - {19} [SUCCESS] MouseButtonClick - "[MSAA, VisibleOnly]ControlType='Button' &amp;&amp; Name='Yes'"
\0&lt;/a&gt;
W, 3800, 13, 2012/11/16, 10:02:01.224, 1394905676788, QTAgent32.exe, &lt;a class=success&gt;Playback - {20} [SUCCESS] MouseButtonClick - "[MSAA, VisibleOnly]ControlType='Button' &amp;&amp; Name='OK'"
\0&lt;/a&gt;
W, 3800, 13, 2012/11/16, 10:02:01.486, 1394909433331, QTAgent32.exe, &lt;a class=success&gt;Playback - {21} [SUCCESS] MouseButtonClick - "[MSAA, VisibleOnly]ControlType='Button' &amp;&amp; Name='Clients &amp; Files'"
\0&lt;/a&gt;
W, 3800, 13, 2012/11/16, 10:02:02.316, 1394921318021, QTAgent32.exe, Playback - [WARNING] Internal warning: Window Not Found: [VisibleOnly]ControlType='Window' &amp;&amp; Name='Customer: txt1 tdsfs' &amp;&amp; ClassName='ThunderRT6MDIForm'
\0
E, 3800, 13, 2012/11/16, 10:02:02.316, 1394921320999, QTAgent32.exe, &lt;a class=failure&gt;Playback - {22} [FAILED] Function ElementFetcher::FindScreenElement failed to locate UI element (Searching: ;[VisibleOnly]ControlType='Window' &amp;&amp; Name='Customer: txt1 tdsfs' &amp;&amp; ClassName='ThunderRT6MDIForm') (The object specified was not found.)
\0&lt;/a&gt;
E, 3800, 13, 2012/11/16, 10:02:02.379, 1394922217963, QTAgent32.exe, Playback - [IMAGE] C:\Users\John Burrows-ad\AppData\Local\Temp\UITestLogs\LastRun\RPF1D3D.png
\0
W, 3800, 13, 2012/11/16, 10:02:02.379, 1394922219980, QTAgent32.exe, Playback - [WARNING] Internal warning: Couldn't find descendants that match QueryId
\0
W, 3800, 13, 2012/11/16, 10:02:02.379, 1394922223274, QTAgent32.exe, PERF WARNING: FindTopLevelWindowHelper::FindAllDescendents: took 757 ms. Expected it to take maximum 500 ms.
W, 3800, 13, 2012/11/16, 10:02:20.462, 1395181120563, QTAgent32.exe, Playback - [WARNING] Internal warning: Window Not Found: [VisibleOnly]ControlType='Window' &amp;&amp; Name='Customer: txt1 tdsfs' &amp;&amp; ClassName='ThunderRT6MDIForm'
\0
E, 3800, 13, 2012/11/16, 10:02:20.462, 1395181123495, QTAgent32.exe, &lt;a class=failure&gt;Playback - {23} [FAILED] Function ElementFetcher::FindScreenElement failed to locate UI element (Searching: ;[VisibleOnly]ControlType='Window' &amp;&amp; Name='Customer: txt1 tdsfs' &amp;&amp; ClassName='ThunderRT6MDIForm') (The object specified was not found.)
\0&lt;/a&gt;
E, 3800, 13, 2012/11/16, 10:02:20.524, 1395182004498, QTAgent32.exe, Playback - [IMAGE] C:\Users\John Burrows-ad\AppData\Local\Temp\UITestLogs\LastRun\RPF641D.png
\0
W, 3800, 13, 2012/11/16, 10:02:20.524, 1395182006479, QTAgent32.exe, Playback - [WARNING] Internal warning: Couldn't find descendants that match QueryId
\0
W, 3800, 13, 2012/11/16, 10:02:20.524, 1395182009451, QTAgent32.exe, PERF WARNING: FindTopLevelWindowHelper::FindAllDescendents: took 18142 ms. Expected it to take maximum 500 ms.
W, 3800, 13, 2012/11/16, 10:02:21.102, 1395190281037, QTAgent32.exe, Playback - [WARNING] Internal warning: Window with Class "ThunderRT6MDIForm" and Title "Customer: txt1 tdsfs" was not found, so similar window with Class "ThunderRT6MDIForm" and Title "Customer: autotest" was accepted
\0
W, 3800, 13, 2012/11/16, 10:02:21.102, 1395190285089, QTAgent32.exe, PERF WARNING: FindTopLevelWindowHelper::FindAllDescendents: took 577 ms. Expected it to take maximum 500 ms.
W, 3800, 13, 2012/11/16, 10:02:21.354, 1395193888789, QTAgent32.exe, Playback - [WARNING] Internal warning: Incorrect flag set for InvokeProgrammaticAction\0
W, 3800, 13, 2012/11/16, 10:02:21.472, 1395195583960, QTAgent32.exe, &lt;a class=success&gt;Playback - {24} [SUCCESS] SetValueAsComboBox "Customers" - "[MSAA, VisibleOnly]ControlType='ComboBox'"  &lt; SetValueAsComboBox, set by clicking on the item in the list box &gt;
\0&lt;/a&gt;
W, 3800, 13, 2012/11/16, 10:02:21.923, 1395202037169, QTAgent32.exe, &lt;a class=success&gt;Playback - {25} [SUCCESS] MouseButtonClick - "[MSAA, VisibleOnly]ControlType='Button' &amp;&amp; Name='Add'"
\0&lt;/a&gt;
W, 3800, 13, 2012/11/16, 10:02:22.235, 1395206504271, QTAgent32.exe, &lt;a class=success&gt;Playback - {26} [SUCCESS] SendKeys "autotest" - "[MSAA, VisibleOnly]ControlType='RadioButton' &amp;&amp; Name='Personal Lines'"
\0&lt;/a&gt;
W, 3800, 13, 2012/11/16, 10:02:22.606, 1395211822884, QTAgent32.exe, &lt;a class=success&gt;Playback - {27} [SUCCESS] SetValueAsEditBox "autotest" - "[MSAA, VisibleOnly]ControlType='Edit'"  &lt; Set via SendKeys &gt;
\0&lt;/a&gt;
W, 3800, 13, 2012/11/16, 10:02:23.000, 1395217467922, QTAgent32.exe, &lt;a class=success&gt;Playback - {28} [SUCCESS] MouseButtonClick - "[MSAA, VisibleOnly]ControlType='Button' &amp;&amp; Name='OK'"
\0&lt;/a&gt;
W, 3800, 13, 2012/11/16, 10:02:23.351, 1395222482789, QTAgent32.exe, &lt;a class=success&gt;Playback - {29} [SUCCESS] MouseButtonClick - "[MSAA, VisibleOnly]ControlType='Button' &amp;&amp; Name='Yes'"
\0&lt;/a&gt;
W, 3800, 13, 2012/11/16, 10:02:23.547, 1395225290079, QTAgent32.exe, &lt;a class=success&gt;Playback - {30} [SUCCESS] SendKeys "^{HOME}" - "[MSAA, VisibleOnly]ControlType='Edit'"
\0&lt;/a&gt;
E, 3800, 13, 2012/11/16, 10:02:23.547, 1395225292607, QTAgent32.exe, Msaa.GetFocusedElement: could not find accessible object of foreground window
W, 3800, 13, 2012/11/16, 10:02:23.605, 1395226121074, QTAgent32.exe, &lt;a class=success&gt;Playback - {31} [SUCCESS] SendKeys "^+{END}" - "[MSAA, VisibleOnly]ControlType='Edit'"
\0&lt;/a&gt;
E, 3800, 13, 2012/11/16, 10:02:23.605, 1395226123180, QTAgent32.exe, Msaa.GetFocusedElement: could not find accessible object of foreground window
W, 3800, 13, 2012/11/16, 10:02:23.618, 1395226307778, QTAgent32.exe, &lt;a class=success&gt;Playback - {32} [SUCCESS] SendKeys "{DELETE}" - "[MSAA, VisibleOnly]ControlType='Edit'"
\0&lt;/a&gt;
W, 3800, 13, 2012/11/16, 10:02:23.686, 1395227285532, QTAgent32.exe, &lt;a class=success&gt;Playback - {33} [SUCCESS] SetValueAsEditBox "1" - "[MSAA, VisibleOnly]ControlType='Edit'"  &lt; Set via SendKeys &gt;
\0&lt;/a&gt;
W, 3800, 13, 2012/11/16, 10:02:23.878, 1395230030223, QTAgent32.exe, &lt;a class=success&gt;Playback - {34} [SUCCESS] SendKeys "^{HOME}" - "[MSAA, VisibleOnly]ControlType='Edit'"
\0&lt;/a&gt;
E, 3800, 13, 2012/11/16, 10:02:23.878, 1395230032762, QTAgent32.exe, Msaa.GetFocusedElement: could not find accessible object of foreground window
W, 3800, 13, 2012/11/16, 10:02:23.931, 1395230789258, QTAgent32.exe, &lt;a class=success&gt;Playback - {35} [SUCCESS] SendKeys "^+{END}" - "[MSAA, VisibleOnly]ControlType='Edit'"
\0&lt;/a&gt;
E, 3800, 13, 2012/11/16, 10:02:23.931, 1395230791542, QTAgent32.exe, Msaa.GetFocusedElement: could not find accessible object of foreground window
W, 3800, 13, 2012/11/16, 10:02:23.944, 1395230975976, QTAgent32.exe, &lt;a class=success&gt;Playback - {36} [SUCCESS] SendKeys "{DELETE}" - "[MSAA, VisibleOnly]ControlType='Edit'"
\0&lt;/a&gt;
W, 3800, 13, 2012/11/16, 10:02:24.012, 1395231952552, QTAgent32.exe, &lt;a class=success&gt;Playback - {37} [SUCCESS] SetValueAsEditBox "1" - "[MSAA, VisibleOnly]ControlType='Edit'"  &lt; Set via SendKeys &gt;
\0&lt;/a&gt;
W, 3800, 13, 2012/11/16, 10:02:24.325, 1395236432383, QTAgent32.exe, &lt;a class=success&gt;Playback - {38} [SUCCESS] MouseButtonClick - "[MSAA, VisibleOnly]ControlType='Button' &amp;&amp; Name='OK'"
\0&lt;/a&gt;
W, 3800, 13, 2012/11/16, 10:02:24.722, 1395242116117, QTAgent32.exe, &lt;a class=success&gt;Playback - {39} [SUCCESS] MouseButtonClick - "[MSAA, VisibleOnly]ControlType='Button'"
\0&lt;/a&gt;
W, 3800, 13, 2012/11/16, 10:02:25.024, 1395246445393, QTAgent32.exe, &lt;a class=success&gt;Playback - {40} [SUCCESS] MouseButtonClick - "[MSAA, VisibleOnly]ControlType='Button' &amp;&amp; Name='Add'"
\0&lt;/a&gt;
W, 3800, 13, 2012/11/16, 10:02:25.363, 1395251296727, QTAgent32.exe, &lt;a class=success&gt;Playback - {41} [SUCCESS] MouseButtonClick - "[MSAA, VisibleOnly]ControlType='Button' &amp;&amp; Name='OK'"
\0&lt;/a&gt;
W, 3800, 13, 2012/11/16, 10:02:27.604, 1395283368562, QTAgent32.exe, &lt;a class=success&gt;Playback - {42} [SUCCESS] MouseButtonClick - "[MSAA, VisibleOnly,Window]ControlType='Window' &amp;&amp; ClassName='ThunderRT6TextBox'"
\0&lt;/a&gt;
W, 3800, 13, 2012/11/16, 10:02:27.890, 1395287467572, QTAgent32.exe, &lt;a class=success&gt;Playback - {43} [SUCCESS] SetValueAsEditBox "HOME" - "[MSAA, VisibleOnly]ControlType='Edit'"  &lt; Set via SendKeys &gt;
\0&lt;/a&gt;
W, 3800, 13, 2012/11/16, 10:02:28.202, 1395291942364, QTAgent32.exe, &lt;a class=success&gt;Playback - {44} [SUCCESS] MouseButtonClick - "[MSAA, VisibleOnly]ControlType='Button' &amp;&amp; Name='OK'"
\0&lt;/a&gt;
W, 3800, 13, 2012/11/16, 10:02:28.440, 1395295346030, QTAgent32.exe, &lt;a class=success&gt;Playback - {45} [SUCCESS] MouseButtonClick - "[MSAA, VisibleOnly]ControlType='Button' &amp;&amp; Name='Options'"
\0&lt;/a&gt;
W, 3800, 13, 2012/11/16, 10:02:28.544, 1395296839478, QTAgent32.exe, FindScreenElementInSinglePass : Attempting to find control in one pass of search. Failures can occur.
W, 3800, 13, 2012/11/16, 10:02:28.749, 1395299764074, QTAgent32.exe, &lt;a class=success&gt;Playback - {46} [SUCCESS] MouseButtonClick - "[MSAA]ControlType='MenuItem' &amp;&amp; Name='Links'"
\0&lt;/a&gt;
W, 3800, 13, 2012/11/16, 10:02:28.849, 1395301200677, QTAgent32.exe, FindScreenElementInSinglePass : Attempting to find control in one pass of search. Failures can occur.
W, 3800, 13, 2012/11/16, 10:02:29.026, 1395303730863, QTAgent32.exe, &lt;a class=success&gt;Playback - {47} [SUCCESS] MouseButtonClick - "[MSAA]ControlType='MenuItem' &amp;&amp; Name='3rd Party Integration'"
\0&lt;/a&gt;
W, 3800, 13, 2012/11/16, 10:02:29.126, 1395305167977, QTAgent32.exe, FindScreenElementInSinglePass : Attempting to find control in one pass of search. Failures can occur.
W, 3800, 13, 2012/11/16, 10:02:29.312, 1395307824604, QTAgent32.exe, &lt;a class=success&gt;Playback - {48} [SUCCESS] MouseButtonClick - "[MSAA]ControlType='MenuItem' &amp;&amp; Name='Quote Select List'"
\0&lt;/a&gt;
W, 3800, 13, 2012/11/16, 10:02:30.816, 1395329363312, QTAgent32.exe, PERF WARNING: FindTopLevelWindowHelper::FindAllDescendents: took 1364 ms. Expected it to take maximum 500 ms.
W, 3800, 13, 2012/11/16, 10:02:31.301, 1395336313261, QTAgent32.exe, &lt;a class=success&gt;Playback - {49} [SUCCESS] MouseButtonClick - "[MSAA, VisibleOnly]ControlType='Button' &amp;&amp; Name='Ok'"
\0&lt;/a&gt;
W, 3800, 13, 2012/11/16, 10:02:34.225, 1395378180824, QTAgent32.exe, PERF WARNING: FindTopLevelWindowHelper::FindAllDescendents: took 2803 ms. Expected it to take maximum 500 ms.
W, 3800, 13, 2012/11/16, 10:02:34.475, 1395381758474, QTAgent32.exe, &lt;a class=success&gt;Playback - {50} [SUCCESS] SetValueAsEditBox "test1" - "[MSAA, VisibleOnly]ControlType='Edit'"  &lt; Set via SendKeys &gt;
\0&lt;/a&gt;
W, 3800, 13, 2012/11/16, 10:02:34.783, 1395386168395, QTAgent32.exe, &lt;a class=success&gt;Playback - {51} [SUCCESS] SetValueAsEditBox "test" - "[MSAA, VisibleOnly]ControlType='Edit'"  &lt; Set via SendKeys &gt;
\0&lt;/a&gt;
W, 3800, 13, 2012/11/16, 10:02:34.982, 1395389013462, QTAgent32.exe, &lt;a class=success&gt;Playback - {52} [SUCCESS] SendKeys "^{HOME}" - "[MSAA, VisibleOnly]ControlType='Edit'"
\0&lt;/a&gt;
E, 3800, 13, 2012/11/16, 10:02:34.982, 1395389016210, QTAgent32.exe, Msaa.GetFocusedElement: could not find accessible object of foreground window
W, 3800, 13, 2012/11/16, 10:02:35.035, 1395389772492, QTAgent32.exe, &lt;a class=success&gt;Playback - {53} [SUCCESS] SendKeys "^+{END}" - "[MSAA, VisibleOnly]ControlType='Edit'"
\0&lt;/a&gt;
E, 3800, 13, 2012/11/16, 10:02:35.035, 1395389775041, QTAgent32.exe, Msaa.GetFocusedElement: could not find accessible object of foreground window
W, 3800, 13, 2012/11/16, 10:02:35.048, 1395389959230, QTAgent32.exe, &lt;a class=success&gt;Playback - {54} [SUCCESS] SendKeys "{DELETE}" - "[MSAA, VisibleOnly]ControlType='Edit'"
\0&lt;/a&gt;
W, 3800, 13, 2012/11/16, 10:02:35.184, 1395391914262, QTAgent32.exe, &lt;a class=success&gt;Playback - {55} [SUCCESS] SetValueAsEditBox "test" - "[MSAA, VisibleOnly]ControlType='Edit'"  &lt; Set via SendKeys &gt;
\0&lt;/a&gt;
W, 3800, 13, 2012/11/16, 10:02:35.542, 1395397031786, QTAgent32.exe, Playback - [WARNING] Internal warning: Incorrect flag set for InvokeProgrammaticAction\0
W, 3800, 13, 2012/11/16, 10:02:35.660, 1395398721976, QTAgent32.exe, &lt;a class=success&gt;Playback - {56} [SUCCESS] SetValueAsComboBox "Account Director" - "[MSAA, VisibleOnly]ControlType='ComboBox'"  &lt; SetValueAsComboBox, set by clicking on the item in the list box &gt;
\0&lt;/a&gt;
W, 3800, 13, 2012/11/16, 10:02:36.016, 1395403804350, QTAgent32.exe, Playback - [WARNING] Internal warning: Incorrect flag set for InvokeProgrammaticAction\0
W, 3800, 13, 2012/11/16, 10:02:36.134, 1395405493904, QTAgent32.exe, &lt;a class=success&gt;Playback - {57} [SUCCESS] SetValueAsComboBox "Advertising" - "[MSAA, VisibleOnly]ControlType='ComboBox'"  &lt; SetValueAsComboBox, set by clicking on the item in the list box &gt;
\0&lt;/a&gt;
W, 3800, 13, 2012/11/16, 10:02:36.480, 1395410456403, QTAgent32.exe, &lt;a class=success&gt;Playback - {58} [SUCCESS] SetValueAsEditBox "160589" - "[MSAA, VisibleOnly]ControlType='Edit'"  &lt; Set via SendKeys &gt;
\0&lt;/a&gt;
W, 3800, 13, 2012/11/16, 10:02:36.712, 1395413774429, QTAgent32.exe, &lt;a class=success&gt;Playback - {59} [SUCCESS] MouseButtonClick - "[MSAA, VisibleOnly]ControlType='Edit'"
\0&lt;/a&gt;
W, 3800, 13, 2012/11/16, 10:02:37.042, 1395418500557, QTAgent32.exe, &lt;a class=success&gt;Playback - {60} [SUCCESS] SetValueAsEditBox "B338TH" - "[MSAA, VisibleOnly]ControlType='Edit'"  &lt; Set via SendKeys &gt;
\0&lt;/a&gt;
W, 3800, 13, 2012/11/16, 10:02:39.277, 1395450499764, QTAgent32.exe, &lt;a class=success&gt;Playback - {61} [SUCCESS] MouseButtonClick - "[MSAA, VisibleOnly]ControlType='Button' &amp;&amp; Name='Lookup...'"
\0&lt;/a&gt;
W, 3800, 13, 2012/11/16, 10:02:39.523, 1395454019957, QTAgent32.exe, &lt;a class=success&gt;Playback - {62} [SUCCESS] MouseButtonClick - "[MSAA, VisibleOnly]ControlType='Button' &amp;&amp; Name='Ok'"
\0&lt;/a&gt;
W, 3800, 13, 2012/11/16, 10:02:39.841, 1395458578231, QTAgent32.exe, &lt;a class=success&gt;Playback - {63} [SUCCESS] MouseButtonClick - "[MSAA, VisibleOnly]ControlType='Button' &amp;&amp; Name='Next &gt;'"
\0&lt;/a&gt;
W, 3800, 13, 2012/11/16, 10:02:40.232, 1395464179945, QTAgent32.exe, &lt;a class=success&gt;Playback - {64} [SUCCESS] SetValueAsEditBox "1989" - "[MSAA, VisibleOnly]ControlType='Edit'"  &lt; Set via SendKeys &gt;
\0&lt;/a&gt;
W, 3800, 13, 2012/11/16, 10:02:40.494, 1395467925367, QTAgent32.exe, &lt;a class=success&gt;Playback - {65} [SUCCESS] MouseButtonClick - "[MSAA, VisibleOnly]ControlType='Button' &amp;&amp; Name='Next &gt;'"
\0&lt;/a&gt;
W, 3800, 13, 2012/11/16, 10:02:40.713, 1395471068530, QTAgent32.exe, &lt;a class=success&gt;Playback - {66} [SUCCESS] MouseButtonClick - "[MSAA, VisibleOnly]ControlType='Button' &amp;&amp; Name='Next &gt;'"
\0&lt;/a&gt;
W, 3800, 13, 2012/11/16, 10:02:40.941, 1395474333395, QTAgent32.exe, &lt;a class=success&gt;Playback - {67} [SUCCESS] MouseButtonClick - "[MSAA, VisibleOnly]ControlType='Button' &amp;&amp; Name='Next &gt;'"
\0&lt;/a&gt;
W, 3800, 13, 2012/11/16, 10:02:41.326, 1395479843637, QTAgent32.exe, &lt;a class=success&gt;Playback - {68} [SUCCESS] SetValueAsEditBox "2345" - "[MSAA, VisibleOnly]ControlType='Edit'"  &lt; Set via SendKeys &gt;
\0&lt;/a&gt;
W, 3800, 13, 2012/11/16, 10:02:41.732, 1395485658030, QTAgent32.exe, &lt;a class=success&gt;Playback - {69} [SUCCESS] SetValueAsEditBox "2000" - "[MSAA, VisibleOnly]ControlType='Edit'"  &lt; Set via SendKeys &gt;
\0&lt;/a&gt;
W, 3800, 13, 2012/11/16, 10:02:42.144, 1395491557045, QTAgent32.exe, &lt;a class=success&gt;Playback - {70} [SUCCESS] SetValueAsEditBox "2000" - "[MSAA, VisibleOnly]ControlType='Edit'"  &lt; Set via SendKeys &gt;
\0&lt;/a&gt;
W, 3800, 13, 2012/11/16, 10:02:42.378, 1395494911535, QTAgent32.exe, &lt;a class=success&gt;Playback - {71} [SUCCESS] MouseButtonClick - "[MSAA, VisibleOnly]ControlType='Button' &amp;&amp; Name='Next &gt;'"
\0&lt;/a&gt;
W, 3800, 13, 2012/11/16, 10:02:42.773, 1395500564754, QTAgent32.exe, &lt;a class=success&gt;Playback - {72} [SUCCESS] SetValueAsEditBox "2345" - "[MSAA, VisibleOnly]ControlType='Edit'"  &lt; Set via SendKeys &gt;
\0&lt;/a&gt;
W, 3800, 13, 2012/11/16, 10:02:43.010, 1395503956389, QTAgent32.exe, &lt;a class=success&gt;Playback - {73} [SUCCESS] MouseButtonClick - "[MSAA, VisibleOnly]ControlType='Button' &amp;&amp; Name='Next &gt;'"
\0&lt;/a&gt;
W, 3800, 13, 2012/11/16, 10:02:43.247, 1395507346119, QTAgent32.exe, &lt;a class=success&gt;Playback - {74} [SUCCESS] MouseButtonClick - "[MSAA, VisibleOnly]ControlType='Button' &amp;&amp; Name='Next &gt;'"
\0&lt;/a&gt;
W, 3800, 13, 2012/11/16, 10:02:43.545, 1395511622945, QTAgent32.exe, &lt;a class=success&gt;Playback - {75} [SUCCESS] MouseButtonClick - "[MSAA, VisibleOnly]ControlType='Button' &amp;&amp; Name='Quote'"
\0&lt;/a&gt;
W, 3800, 13, 2012/11/16, 10:02:43.925, 1395517054157, QTAgent32.exe, &lt;a class=success&gt;Playback - {76} [SUCCESS] MouseButtonClick - "[MSAA, VisibleOnly]ControlType='Button' &amp;&amp; Name='No'"
\0&lt;/a&gt;
W, 3800, 13, 2012/11/16, 10:02:50.336, 1395608837931, QTAgent32.exe, PERF WARNING: FindTopLevelWindowHelper::FindAllDescendents: took 6309 ms. Expected it to take maximum 500 ms.
W, 3800, 13, 2012/11/16, 10:02:50.458, 1395610587626, QTAgent32.exe, &lt;a class=success&gt;Playback - {77} [SUCCESS] MouseButtonClick - "[MSAA, VisibleOnly]ControlType='Client'"
\0&lt;/a&gt;
W, 3800, 13, 2012/11/16, 10:02:51.995, 1395632593003, QTAgent32.exe, &lt;a class=success&gt;Playback - {78} [SUCCESS] SendKeys "{End}" - "[MSAA, VisibleOnly]ControlType='Client'"
\0&lt;/a&gt;
W, 3800, 13, 2012/11/16, 10:02:53.355, 1395652071153, QTAgent32.exe, &lt;a class=success&gt;Playback - {79} [SUCCESS] MouseButtonClick - "[MSAA, VisibleOnly]ControlType='Button' &amp;&amp; Name='Accept'"
\0&lt;/a&gt;
W, 3800, 13, 2012/11/16, 10:02:53.608, 1395655700353, QTAgent32.exe, &lt;a class=success&gt;Playback - {80} [SUCCESS] MouseButtonClick - "[MSAA, VisibleOnly]ControlType='Button' &amp;&amp; Name='Yes'"
\0&lt;/a&gt;
W, 3800, 13, 2012/11/16, 10:02:55.846, 1395687730695, QTAgent32.exe, &lt;a class=success&gt;Playback - {81} [SUCCESS] MouseButtonClick - "[MSAA, VisibleOnly]ControlType='Button' &amp;&amp; Name='Ok'"
\0&lt;/a&gt;
W, 3800, 13, 2012/11/16, 10:03:06.730, 1395843563852, QTAgent32.exe, Playback - [WARNING] Internal warning: Window Not Found: [VisibleOnly]ControlType='Window' &amp;&amp; Name='Save the file as' &amp;&amp; ClassName='#32770'
\0
E, 3800, 13, 2012/11/16, 10:03:06.730, 1395843566631, QTAgent32.exe, &lt;a class=failure&gt;Playback - {82} [FAILED] Function ElementFetcher::FindScreenElement failed to locate UI element (Searching: ;[VisibleOnly]ControlType='Window' &amp;&amp; Name='Save the file as' &amp;&amp; ClassName='#32770') (The object specified was not found.)
\0&lt;/a&gt;
E, 3800, 13, 2012/11/16, 10:03:06.803, 1395844600257, QTAgent32.exe, Playback - [IMAGE] C:\Users\John Burrows-ad\AppData\Local\Temp\UITestLogs\LastRun\RPF18DC.png
\0
W, 3800, 13, 2012/11/16, 10:03:06.803, 1395844602260, QTAgent32.exe, Playback - [WARNING] Internal warning: Couldn't find descendants that match QueryId
\0
W, 3800, 13, 2012/11/16, 10:03:06.803, 1395844605214, QTAgent32.exe, PERF WARNING: FindTopLevelWindowHelper::FindAllDescendents: took 10816 ms. Expected it to take maximum 500 ms.
</DebugTrace>
        <ErrorInfo>
          <Message>User aborted test run.</Message>
        </ErrorInfo>
      </Output>
    </UnitTestResult>
    <UnitTestResult executionId="21f97de5-1d1c-4bd6-91a2-d23864920af0" testId="98368514-c48e-be24-398b-d9342dd6b274" testName="HouseTest10" computerName="ICLVDEVAP01" testType="13cdc9d9-ddb5-4fa4-a97d-d965ccfc6d4b" outcome="NotExecuted" testListId="8c84fa94-04c1-424b-9868-57a2d4851a1d" relativeResultsDirectory="21f97de5-1d1c-4bd6-91a2-d23864920af0">
    </UnitTestResult>
    <UnitTestResult executionId="e446b951-6732-4483-be28-2812cec093aa" testId="1f5cea9c-51f4-0379-9851-579f986f33b2" testName="HouseTest11" computerName="ICLVDEVAP01" testType="13cdc9d9-ddb5-4fa4-a97d-d965ccfc6d4b" outcome="NotExecuted" testListId="8c84fa94-04c1-424b-9868-57a2d4851a1d" relativeResultsDirectory="e446b951-6732-4483-be28-2812cec093aa">
    </UnitTestResult>
    <UnitTestResult executionId="1b1e40c5-82ab-433b-9e47-a78475b796de" testId="48cd184c-cde9-ee8e-5402-446e48162107" testName="HouseTest12" computerName="ICLVDEVAP01" testType="13cdc9d9-ddb5-4fa4-a97d-d965ccfc6d4b" outcome="NotExecuted" testListId="8c84fa94-04c1-424b-9868-57a2d4851a1d" relativeResultsDirectory="1b1e40c5-82ab-433b-9e47-a78475b796de">
    </UnitTestResult>
    <UnitTestResult executionId="b774cd2f-6979-4cb0-bd68-dbf191733df8" testId="d39a31b1-2e8f-859b-cccc-1ae9e057a582" testName="HouseTest13" computerName="ICLVDEVAP01" testType="13cdc9d9-ddb5-4fa4-a97d-d965ccfc6d4b" outcome="NotExecuted" testListId="8c84fa94-04c1-424b-9868-57a2d4851a1d" relativeResultsDirectory="b774cd2f-6979-4cb0-bd68-dbf191733df8">
    </UnitTestResult>
    <UnitTestResult executionId="5633622b-e9cf-48b6-a4b4-15d416c4b71c" testId="7f48209e-9cf1-6453-3b34-7220c4ec30a7" testName="HouseTest14" computerName="ICLVDEVAP01" testType="13cdc9d9-ddb5-4fa4-a97d-d965ccfc6d4b" outcome="NotExecuted" testListId="8c84fa94-04c1-424b-9868-57a2d4851a1d" relativeResultsDirectory="5633622b-e9cf-48b6-a4b4-15d416c4b71c">
    </UnitTestResult>
    <UnitTestResult executionId="a8229a7d-d51e-4ff2-a8a3-daab87e63a7e" testId="a95aea6b-c734-4b73-e10a-d65ad4aa23ee" testName="HouseTest15" computerName="ICLVDEVAP01" testType="13cdc9d9-ddb5-4fa4-a97d-d965ccfc6d4b" outcome="NotExecuted" testListId="8c84fa94-04c1-424b-9868-57a2d4851a1d" relativeResultsDirectory="a8229a7d-d51e-4ff2-a8a3-daab87e63a7e">
    </UnitTestResult>
    <UnitTestResult executionId="5f3db87a-cc9f-4b12-92c2-c2e47bd2fe2c" testId="038bd6f9-2ee9-ebbb-433c-13d24e4980e9" testName="HouseTest16" computerName="ICLVDEVAP01" testType="13cdc9d9-ddb5-4fa4-a97d-d965ccfc6d4b" outcome="NotExecuted" testListId="8c84fa94-04c1-424b-9868-57a2d4851a1d" relativeResultsDirectory="5f3db87a-cc9f-4b12-92c2-c2e47bd2fe2c">
    </UnitTestResult>
    <UnitTestResult executionId="6857f17c-22f2-4bb8-bcd4-75429f7cd236" testId="cc49fe58-5f78-ea01-6c4b-c4ec9db0e41d" testName="HouseTest17" computerName="ICLVDEVAP01" testType="13cdc9d9-ddb5-4fa4-a97d-d965ccfc6d4b" outcome="NotExecuted" testListId="8c84fa94-04c1-424b-9868-57a2d4851a1d" relativeResultsDirectory="6857f17c-22f2-4bb8-bcd4-75429f7cd236">
    </UnitTestResult>
    <UnitTestResult executionId="4ee30e40-fb8c-4c84-9c77-ee2747b0c6ce" testId="0287ed6d-d515-809a-ea56-c0035840a5a4" testName="HouseTest18" computerName="ICLVDEVAP01" testType="13cdc9d9-ddb5-4fa4-a97d-d965ccfc6d4b" outcome="NotExecuted" testListId="8c84fa94-04c1-424b-9868-57a2d4851a1d" relativeResultsDirectory="4ee30e40-fb8c-4c84-9c77-ee2747b0c6ce">
    </UnitTestResult>
    <UnitTestResult executionId="9d661a38-01c2-412d-937b-1f4b359aaddd" testId="8f5b1340-58a6-e129-3b7d-c88835b7065d" testName="HouseTest2" computerName="ICLVDEVAP01" testType="13cdc9d9-ddb5-4fa4-a97d-d965ccfc6d4b" outcome="NotExecuted" testListId="8c84fa94-04c1-424b-9868-57a2d4851a1d" relativeResultsDirectory="9d661a38-01c2-412d-937b-1f4b359aaddd">
    </UnitTestResult>
    <UnitTestResult executionId="9f322a09-b4e3-4736-ac91-071538990a40" testId="aa9bc056-c0ff-30da-3884-b0617a17e15e" testName="HouseTest3" computerName="ICLVDEVAP01" testType="13cdc9d9-ddb5-4fa4-a97d-d965ccfc6d4b" outcome="NotExecuted" testListId="8c84fa94-04c1-424b-9868-57a2d4851a1d" relativeResultsDirectory="9f322a09-b4e3-4736-ac91-071538990a40">
    </UnitTestResult>
    <UnitTestResult executionId="8c156ff5-4198-4d4f-ba37-255fcfcba7db" testId="ff0c96a1-2fee-7235-6d80-2186de4b80b7" testName="HouseTest4" computerName="ICLVDEVAP01" testType="13cdc9d9-ddb5-4fa4-a97d-d965ccfc6d4b" outcome="NotExecuted" testListId="8c84fa94-04c1-424b-9868-57a2d4851a1d" relativeResultsDirectory="8c156ff5-4198-4d4f-ba37-255fcfcba7db">
    </UnitTestResult>
    <UnitTestResult executionId="0f6334a8-7307-4991-8249-375083183f69" testId="99f569ef-86f3-fa96-82c3-e9993245d049" testName="HouseTest5" computerName="ICLVDEVAP01" testType="13cdc9d9-ddb5-4fa4-a97d-d965ccfc6d4b" outcome="NotExecuted" testListId="8c84fa94-04c1-424b-9868-57a2d4851a1d" relativeResultsDirectory="0f6334a8-7307-4991-8249-375083183f69">
    </UnitTestResult>
    <UnitTestResult executionId="3438612e-744f-4f1b-b39d-8c4ac46b4f11" testId="aa8325da-50fe-092e-bd85-bbb5f1ac650a" testName="HouseTest6" computerName="ICLVDEVAP01" testType="13cdc9d9-ddb5-4fa4-a97d-d965ccfc6d4b" outcome="NotExecuted" testListId="8c84fa94-04c1-424b-9868-57a2d4851a1d" relativeResultsDirectory="3438612e-744f-4f1b-b39d-8c4ac46b4f11">
    </UnitTestResult>
    <UnitTestResult executionId="719bc0ac-1c74-46ea-9fc6-152d8776f87b" testId="cad41ea6-4986-f170-1def-22ab50e0fb0a" testName="HouseTest7" computerName="ICLVDEVAP01" testType="13cdc9d9-ddb5-4fa4-a97d-d965ccfc6d4b" outcome="NotExecuted" testListId="8c84fa94-04c1-424b-9868-57a2d4851a1d" relativeResultsDirectory="719bc0ac-1c74-46ea-9fc6-152d8776f87b">
    </UnitTestResult>
    <UnitTestResult executionId="427a638e-c84b-43b8-be17-176c191ae23b" testId="f90b30ce-fb72-514e-f606-6c0b8cb3f354" testName="HouseTest8" computerName="ICLVDEVAP01" testType="13cdc9d9-ddb5-4fa4-a97d-d965ccfc6d4b" outcome="NotExecuted" testListId="8c84fa94-04c1-424b-9868-57a2d4851a1d" relativeResultsDirectory="427a638e-c84b-43b8-be17-176c191ae23b">
    </UnitTestResult>
    <UnitTestResult executionId="bbc21363-0d3e-4660-bd36-553ccc44d49a" testId="b4c07ca4-d489-a213-d4df-1c267d591a59" testName="HouseTest9" computerName="ICLVDEVAP01" testType="13cdc9d9-ddb5-4fa4-a97d-d965ccfc6d4b" outcome="NotExecuted" testListId="8c84fa94-04c1-424b-9868-57a2d4851a1d" relativeResultsDirectory="bbc21363-0d3e-4660-bd36-553ccc44d49a">
    </UnitTestResult>
    <UnitTestResult executionId="83c81c87-8a5f-449c-90fa-1da3b1a71f44" testId="9e6b6d54-b79f-e7d9-2609-a84c350c12a1" testName="MotoTest1" computerName="ICLVDEVAP01" testType="13cdc9d9-ddb5-4fa4-a97d-d965ccfc6d4b" outcome="NotExecuted" testListId="8c84fa94-04c1-424b-9868-57a2d4851a1d" relativeResultsDirectory="83c81c87-8a5f-449c-90fa-1da3b1a71f44">
    </UnitTestResult>
    <UnitTestResult executionId="392f924d-63e5-43f9-97c3-4f910fb3b3b2" testId="8efed318-945d-2a9d-e29d-a71a05da5660" testName="MotoTest10" computerName="ICLVDEVAP01" testType="13cdc9d9-ddb5-4fa4-a97d-d965ccfc6d4b" outcome="NotExecuted" testListId="8c84fa94-04c1-424b-9868-57a2d4851a1d" relativeResultsDirectory="392f924d-63e5-43f9-97c3-4f910fb3b3b2">
    </UnitTestResult>
    <UnitTestResult executionId="8557253d-29ff-424c-9619-c8007f92e6cd" testId="0f4d10f2-7035-3d68-762a-b62c4853fb8a" testName="MotoTest11" computerName="ICLVDEVAP01" testType="13cdc9d9-ddb5-4fa4-a97d-d965ccfc6d4b" outcome="NotExecuted" testListId="8c84fa94-04c1-424b-9868-57a2d4851a1d" relativeResultsDirectory="8557253d-29ff-424c-9619-c8007f92e6cd">
    </UnitTestResult>
    <UnitTestResult executionId="5d1f6802-a287-4f5a-a927-fba8eefffe6c" testId="614f56be-e9c0-f1e7-ad65-1f0b7d6a0f1c" testName="MotoTest12" computerName="ICLVDEVAP01" testType="13cdc9d9-ddb5-4fa4-a97d-d965ccfc6d4b" outcome="NotExecuted" testListId="8c84fa94-04c1-424b-9868-57a2d4851a1d" relativeResultsDirectory="5d1f6802-a287-4f5a-a927-fba8eefffe6c">
    </UnitTestResult>
    <UnitTestResult executionId="3e1e5e35-83b6-43a1-a109-079aa9db0e31" testId="1662bbff-6668-68e6-e702-5ec6450deb96" testName="MotoTest13" computerName="ICLVDEVAP01" testType="13cdc9d9-ddb5-4fa4-a97d-d965ccfc6d4b" outcome="NotExecuted" testListId="8c84fa94-04c1-424b-9868-57a2d4851a1d" relativeResultsDirectory="3e1e5e35-83b6-43a1-a109-079aa9db0e31">
    </UnitTestResult>
    <UnitTestResult executionId="0c8cf1b5-e09c-467d-bdfb-d363e772c7ee" testId="e560b224-e5b1-72de-4969-2e5cddf85208" testName="MotoTest14" computerName="ICLVDEVAP01" testType="13cdc9d9-ddb5-4fa4-a97d-d965ccfc6d4b" outcome="NotExecuted" testListId="8c84fa94-04c1-424b-9868-57a2d4851a1d" relativeResultsDirectory="0c8cf1b5-e09c-467d-bdfb-d363e772c7ee">
    </UnitTestResult>
    <UnitTestResult executionId="9e308961-6855-4241-810b-13990304a8fc" testId="e7680189-6b97-1f0a-48c0-e6d1b1c96b8e" testName="MotoTest15" computerName="ICLVDEVAP01" testType="13cdc9d9-ddb5-4fa4-a97d-d965ccfc6d4b" outcome="NotExecuted" testListId="8c84fa94-04c1-424b-9868-57a2d4851a1d" relativeResultsDirectory="9e308961-6855-4241-810b-13990304a8fc">
    </UnitTestResult>
    <UnitTestResult executionId="f9e22c03-3fb0-4868-8975-4b08af309517" testId="c540cf3f-a6f3-b5ba-c3cd-38a0f986a3da" testName="MotoTest16" computerName="ICLVDEVAP01" testType="13cdc9d9-ddb5-4fa4-a97d-d965ccfc6d4b" outcome="NotExecuted" testListId="8c84fa94-04c1-424b-9868-57a2d4851a1d" relativeResultsDirectory="f9e22c03-3fb0-4868-8975-4b08af309517">
    </UnitTestResult>
    <UnitTestResult executionId="e4b78971-934c-42e1-b628-c9cddc3d8239" testId="0457170a-e33e-18a3-7909-18d70df8aa6e" testName="MotoTest17" computerName="ICLVDEVAP01" testType="13cdc9d9-ddb5-4fa4-a97d-d965ccfc6d4b" outcome="NotExecuted" testListId="8c84fa94-04c1-424b-9868-57a2d4851a1d" relativeResultsDirectory="e4b78971-934c-42e1-b628-c9cddc3d8239">
    </UnitTestResult>
    <UnitTestResult executionId="f0c0d8c1-f9e3-4cb7-bb81-b96dfffc212d" testId="95111846-656e-91d9-dc83-b04719c1fedd" testName="MotoTest18" computerName="ICLVDEVAP01" testType="13cdc9d9-ddb5-4fa4-a97d-d965ccfc6d4b" outcome="NotExecuted" testListId="8c84fa94-04c1-424b-9868-57a2d4851a1d" relativeResultsDirectory="f0c0d8c1-f9e3-4cb7-bb81-b96dfffc212d">
    </UnitTestResult>
    <UnitTestResult executionId="8688c125-5187-4307-a19d-3f14234213e0" testId="0faa065a-7d90-5129-349a-696c971dbf85" testName="MotoTest19" computerName="ICLVDEVAP01" testType="13cdc9d9-ddb5-4fa4-a97d-d965ccfc6d4b" outcome="NotExecuted" testListId="8c84fa94-04c1-424b-9868-57a2d4851a1d" relativeResultsDirectory="8688c125-5187-4307-a19d-3f14234213e0">
    </UnitTestResult>
    <UnitTestResult executionId="85315bc0-e68f-4e13-ad33-18b6ad9f4eb6" testId="6a41f98c-60c7-3333-a5a3-d5d87b5c35c7" testName="MotoTest2" computerName="ICLVDEVAP01" testType="13cdc9d9-ddb5-4fa4-a97d-d965ccfc6d4b" outcome="NotExecuted" testListId="8c84fa94-04c1-424b-9868-57a2d4851a1d" relativeResultsDirectory="85315bc0-e68f-4e13-ad33-18b6ad9f4eb6">
    </UnitTestResult>
    <UnitTestResult executionId="784b5d96-cdab-4a06-9650-ecea52199d3e" testId="450e4b2d-ad88-da3f-6d50-5c9a0ae1aa51" testName="MotoTest3" computerName="ICLVDEVAP01" testType="13cdc9d9-ddb5-4fa4-a97d-d965ccfc6d4b" outcome="NotExecuted" testListId="8c84fa94-04c1-424b-9868-57a2d4851a1d" relativeResultsDirectory="784b5d96-cdab-4a06-9650-ecea52199d3e">
    </UnitTestResult>
    <UnitTestResult executionId="7c9e21fa-f1a0-4a83-bef1-78e1ba314252" testId="4e743fde-a814-86c0-27fd-8728ac2cb692" testName="MotoTest4" computerName="ICLVDEVAP01" testType="13cdc9d9-ddb5-4fa4-a97d-d965ccfc6d4b" outcome="NotExecuted" testListId="8c84fa94-04c1-424b-9868-57a2d4851a1d" relativeResultsDirectory="7c9e21fa-f1a0-4a83-bef1-78e1ba314252">
    </UnitTestResult>
    <UnitTestResult executionId="746ea8ce-1466-4588-9128-376a657642e6" testId="10042bab-44aa-7cea-8ac0-06cc3b3adbb3" testName="MotoTest5" computerName="ICLVDEVAP01" testType="13cdc9d9-ddb5-4fa4-a97d-d965ccfc6d4b" outcome="NotExecuted" testListId="8c84fa94-04c1-424b-9868-57a2d4851a1d" relativeResultsDirectory="746ea8ce-1466-4588-9128-376a657642e6">
    </UnitTestResult>
    <UnitTestResult executionId="12842629-0743-4a0c-8dd2-eb4c91e73ef7" testId="b7f68495-37f9-58f0-5c9b-6e190b9adaa8" testName="MotoTest6" computerName="ICLVDEVAP01" testType="13cdc9d9-ddb5-4fa4-a97d-d965ccfc6d4b" outcome="NotExecuted" testListId="8c84fa94-04c1-424b-9868-57a2d4851a1d" relativeResultsDirectory="12842629-0743-4a0c-8dd2-eb4c91e73ef7">
    </UnitTestResult>
    <UnitTestResult executionId="505e6ca9-953a-42d1-b8c9-feb4d7b0d42c" testId="e022376f-b2fb-4981-6140-b019eeaa6c94" testName="MotoTest7" computerName="ICLVDEVAP01" testType="13cdc9d9-ddb5-4fa4-a97d-d965ccfc6d4b" outcome="NotExecuted" testListId="8c84fa94-04c1-424b-9868-57a2d4851a1d" relativeResultsDirectory="505e6ca9-953a-42d1-b8c9-feb4d7b0d42c">
    </UnitTestResult>
    <UnitTestResult executionId="8463385c-3b9a-487a-8172-6e17fe862533" testId="07cf762e-0596-8be3-6b38-ed80b9a02463" testName="MotoTest8" computerName="ICLVDEVAP01" testType="13cdc9d9-ddb5-4fa4-a97d-d965ccfc6d4b" outcome="NotExecuted" testListId="8c84fa94-04c1-424b-9868-57a2d4851a1d" relativeResultsDirectory="8463385c-3b9a-487a-8172-6e17fe862533">
    </UnitTestResult>
    <UnitTestResult executionId="263b5f0a-cd84-4092-ba65-731bb20e4d7c" testId="1820a643-3d71-abad-9636-2b810c74ae19" testName="MotoTest9" computerName="ICLVDEVAP01" testType="13cdc9d9-ddb5-4fa4-a97d-d965ccfc6d4b" outcome="NotExecuted" testListId="8c84fa94-04c1-424b-9868-57a2d4851a1d" relativeResultsDirectory="263b5f0a-cd84-4092-ba65-731bb20e4d7c">
    </UnitTestResult>
  </Results>
</TestRun>