<?xml version="1.0" encoding="UTF-8"?>
<TestRun id="5570a76f-7ef8-4a80-9ade-701e5b9cec1a" name="peter.zenin-ad@ICLVDEVAP01 2012-11-01 15:05:53" runUser="INSUR-E\peter.zenin-ad" xmlns="http://microsoft.com/schemas/VisualStudio/TeamTest/2010">
  <TestSettings name="Default Test Settings" id="562cc365-422a-4315-b2fc-c4d28e9391ee">
    <Execution>
      <TestTypeSpecific />
      <AgentRule name="Execution Agents">
      </AgentRule>
    </Execution>
    <Deployment runDeploymentRoot="peter.zenin-ad_ICLVDEVAP01 2012-11-01 15_05_53" />
  </TestSettings>
  <Times creation="2012-11-01T15:05:53.4969411+00:00" queuing="2012-11-01T15:05:55.2130291+00:00" start="2012-11-01T15:05:55.6810531+00:00" finish="2012-11-01T15:07:54.9179675+00:00" />
  <ResultSummary outcome="Failed">
    <Counters total="1" executed="1" error="0" failed="1" timeout="0" aborted="0" inconclusive="0" passedButRunAborted="0" notRunnable="0" notExecuted="0" disconnected="0" warning="0" passed="0" completed="0" inProgress="0" pending="0" />
  </ResultSummary>
  <TestDefinitions>
    <UnitTest name="HouseTest2" storage="testproject7.dll" id="8f5b1340-58a6-e129-3b7d-c88835b7065d">
      <Execution id="92f91dc5-e2a0-4c7d-9893-7a38738f40db" />
      <TestMethod codeBase="C:/Users/peter.zenin-ad/Desktop/TestProject7/TestProject7/bin/Debug/TestProject7.dll" adapterTypeName="Microsoft.VisualStudio.TestTools.TestTypes.Unit.UnitTestAdapter, Microsoft.VisualStudio.QualityTools.Tips.UnitTest.Adapter, Version=10.0.0.0, Culture=neutral, PublicKeyToken=b03f5f7f11d50a3a" className="TestProject7.TamAutotest, TestProject7, Version=1.0.0.0, Culture=neutral, PublicKeyToken=null" name="HouseTest2" />
      <Extension>Microsoft.VisualStudio.TestTools.UITesting.CodedUITestAttribute, Microsoft.VisualStudio.QualityTools.CodedUITestFramework, Version=10.0.0.0, Culture=neutral, PublicKeyToken=b03f5f7f11d50a3a</Extension>
    </UnitTest>
  </TestDefinitions>
  <TestLists>
    <TestList name="Results Not in a List" id="8c84fa94-04c1-424b-9868-57a2d4851a1d" />
    <TestList name="All Loaded Results" id="19431567-8539-422a-85d7-44ee4e166bda" />
  </TestLists>
  <TestEntries>
    <TestEntry testId="8f5b1340-58a6-e129-3b7d-c88835b7065d" executionId="92f91dc5-e2a0-4c7d-9893-7a38738f40db" testListId="8c84fa94-04c1-424b-9868-57a2d4851a1d" />
  </TestEntries>
  <Results>
    <UnitTestResult executionId="92f91dc5-e2a0-4c7d-9893-7a38738f40db" testId="8f5b1340-58a6-e129-3b7d-c88835b7065d" testName="HouseTest2" computerName="ICLVDEVAP01" duration="00:01:58.6181993" startTime="2012-11-01T15:05:55.5874483+00:00" endTime="2012-11-01T15:07:54.8711651+00:00" testType="13cdc9d9-ddb5-4fa4-a97d-d965ccfc6d4b" outcome="Failed" testListId="8c84fa94-04c1-424b-9868-57a2d4851a1d" relativeResultsDirectory="92f91dc5-e2a0-4c7d-9893-7a38738f40db">
      <Output>
        <DebugTrace>W, 3520, 13, 2012/11/01, 15:05:57.553, 292842999609, QTAgent32.exe, ExtensionFramework : A Technology Manager with name Web is already registered.
W, 3520, 13, 2012/11/01, 15:06:00.220, 292881038903, QTAgent32.exe, &lt;a class=success&gt;Playback - {1} [SUCCESS] MouseButtonClick - "[MSAA, VisibleOnly]ControlType='Edit'"
\0&lt;/a&gt;
W, 3520, 13, 2012/11/01, 15:06:00.486, 292884834796, QTAgent32.exe, &lt;a class=success&gt;Playback - {2} [SUCCESS] SendKeys "[*]" - "[MSAA, VisibleOnly]ControlType='Edit'"
\0&lt;/a&gt;
W, 3520, 13, 2012/11/01, 15:06:02.966, 292920490509, QTAgent32.exe, &lt;a class=success&gt;Playback - {3} [SUCCESS] MouseButtonClick - "[MSAA, VisibleOnly]ControlType='Button' &amp;&amp; Name='OK'"
\0&lt;/a&gt;
W, 3520, 13, 2012/11/01, 15:06:04.245, 292938843520, QTAgent32.exe, &lt;a class=success&gt;Playback - {4} [SUCCESS] MouseButtonClick - "[MSAA, VisibleOnly]ControlType='Button' &amp;&amp; Name='OK'"
\0&lt;/a&gt;
W, 3520, 13, 2012/11/01, 15:06:04.885, 292947925650, QTAgent32.exe, PERF WARNING: FindTopLevelWindowHelper::FindAllDescendents: took 537 ms. Expected it to take maximum 500 ms.
W, 3520, 13, 2012/11/01, 15:06:05.384, 292955095866, QTAgent32.exe, &lt;a class=success&gt;Playback - {5} [SUCCESS] MouseButtonClick - "[MSAA, VisibleOnly]ControlType='Button' &amp;&amp; Name='Clients &amp; Files'"
\0&lt;/a&gt;
W, 3520, 13, 2012/11/01, 15:06:05.915, 292962569335, QTAgent32.exe, &lt;a class=success&gt;Playback - {6} [SUCCESS] MouseButtonClick - "[MSAA, VisibleOnly]ControlType='Button' &amp;&amp; Name='Clients &amp; Files'"
\0&lt;/a&gt;
W, 3520, 13, 2012/11/01, 15:06:07.334, 292982991232, QTAgent32.exe, Playback - [WARNING] Internal warning: Window Not Found: [VisibleOnly]ControlType='Window' &amp;&amp; Name='Customer: txt1 tdsfs' &amp;&amp; ClassName='ThunderRT6MDIForm'
\0
E, 3520, 13, 2012/11/01, 15:06:07.334, 292982995111, QTAgent32.exe, &lt;a class=failure&gt;Playback - {7} [FAILED] Function ElementFetcher::FindScreenElement failed to locate UI element (Searching: ;[VisibleOnly]ControlType='Window' &amp;&amp; Name='Customer: txt1 tdsfs' &amp;&amp; ClassName='ThunderRT6MDIForm') (The object specified was not found.)
\0&lt;/a&gt;
E, 3520, 13, 2012/11/01, 15:06:10.938, 293034546492, QTAgent32.exe, Playback - [IMAGE] C:\Users\peter.zenin-ad\AppData\Local\Temp\UITestLogs\LastRun\RPF394E.png
\0
W, 3520, 13, 2012/11/01, 15:06:10.938, 293034548447, QTAgent32.exe, Playback - [WARNING] Internal warning: Couldn't find descendants that match QueryId
\0
W, 3520, 13, 2012/11/01, 15:06:10.938, 293034553273, QTAgent32.exe, PERF WARNING: FindTopLevelWindowHelper::FindAllDescendents: took 4916 ms. Expected it to take maximum 500 ms.
W, 3520, 13, 2012/11/01, 15:06:29.004, 293293240551, QTAgent32.exe, Playback - [WARNING] Internal warning: Window Not Found: [VisibleOnly]ControlType='Window' &amp;&amp; Name='Customer: txt1 tdsfs' &amp;&amp; ClassName='ThunderRT6MDIForm'
\0
E, 3520, 13, 2012/11/01, 15:06:29.004, 293293243541, QTAgent32.exe, &lt;a class=failure&gt;Playback - {8} [FAILED] Function ElementFetcher::FindScreenElement failed to locate UI element (Searching: ;[VisibleOnly]ControlType='Window' &amp;&amp; Name='Customer: txt1 tdsfs' &amp;&amp; ClassName='ThunderRT6MDIForm') (The object specified was not found.)
\0&lt;/a&gt;
E, 3520, 13, 2012/11/01, 15:06:29.144, 293295326763, QTAgent32.exe, Playback - [IMAGE] C:\Users\peter.zenin-ad\AppData\Local\Temp\UITestLogs\LastRun\RPF8DF3.png
\0
W, 3520, 13, 2012/11/01, 15:06:29.144, 293295328779, QTAgent32.exe, Playback - [WARNING] Internal warning: Couldn't find descendants that match QueryId
\0
W, 3520, 13, 2012/11/01, 15:06:29.144, 293295331762, QTAgent32.exe, PERF WARNING: FindTopLevelWindowHelper::FindAllDescendents: took 18146 ms. Expected it to take maximum 500 ms.
W, 3520, 13, 2012/11/01, 15:06:29.784, 293304347755, QTAgent32.exe, Playback - [WARNING] Internal warning: Window with Class "ThunderRT6MDIForm" and Title "Customer: txt1 tdsfs" was not found, so similar window with Class "ThunderRT6MDIForm" and Title "Customer: autotest" was accepted
\0
W, 3520, 13, 2012/11/01, 15:06:29.784, 293304351782, QTAgent32.exe, PERF WARNING: FindTopLevelWindowHelper::FindAllDescendents: took 629 ms. Expected it to take maximum 500 ms.
W, 3520, 13, 2012/11/01, 15:06:31.375, 293327184694, QTAgent32.exe, Playback - [WARNING] Internal warning: Incorrect flag set for InvokeProgrammaticAction\0
W, 3520, 13, 2012/11/01, 15:06:31.703, 293331803261, QTAgent32.exe, &lt;a class=success&gt;Playback - {9} [SUCCESS] SetValueAsComboBox "Customers" - "[MSAA, VisibleOnly]ControlType='ComboBox'"  &lt; SetValueAsComboBox, set by clicking on the item in the list box &gt;
\0&lt;/a&gt;
W, 3520, 13, 2012/11/01, 15:06:32.436, 293342343713, QTAgent32.exe, &lt;a class=success&gt;Playback - {10} [SUCCESS] MouseButtonClick - "[MSAA, VisibleOnly]ControlType='Button' &amp;&amp; Name='Add'"
\0&lt;/a&gt;
W, 3520, 13, 2012/11/01, 15:06:32.857, 293348314048, QTAgent32.exe, &lt;a class=success&gt;Playback - {11} [SUCCESS] SendKeys "autotest" - "[MSAA, VisibleOnly]ControlType='RadioButton' &amp;&amp; Name='Personal Lines'"
\0&lt;/a&gt;
E, 3520, 13, 2012/11/01, 15:06:32.982, 293350270401, QTAgent32.exe, LoadLibrary() : Unable to find the resource 37382 from assembly C:\Windows\system32\en-US\ieframe.dll.mui: Error1814
E, 3520, 13, 2012/11/01, 15:06:32.982, 293350276772, QTAgent32.exe, LoadLibrary() : Unable to find the resource 41728 from assembly C:\Windows\system32\en-US\ieframe.dll.mui: Error1814
E, 3520, 13, 2012/11/01, 15:06:32.982, 293350279160, QTAgent32.exe, LoadLibrary() : Unable to find the resource 8131 from assembly C:\Windows\system32\en-US\ieframe.dll.mui: Error1814
E, 3520, 13, 2012/11/01, 15:06:32.982, 293350281328, QTAgent32.exe, LoadLibrary() : Unable to find the resource 8131 from assembly C:\Windows\system32\en-US\ieframe.dll.mui: Error1814
E, 3520, 13, 2012/11/01, 15:06:32.982, 293350284817, QTAgent32.exe, LoadLibrary() : Unable to find the resource 8131 from assembly C:\Windows\system32\en-US\ieframe.dll.mui: Error1814
E, 3520, 13, 2012/11/01, 15:06:32.982, 293350290986, QTAgent32.exe, LoadLibrary() : Unable to find the resource 803 from assembly C:\Windows\system32\en-US\user32.dll.mui: Error1814
W, 3520, 13, 2012/11/01, 15:06:33.356, 293355466708, QTAgent32.exe, &lt;a class=success&gt;Playback - {12} [SUCCESS] SetValueAsEditBox "autotest" - "[MSAA, VisibleOnly]ControlType='Edit'"  &lt; Set via SendKeys &gt;
\0&lt;/a&gt;
W, 3520, 13, 2012/11/01, 15:06:33.856, 293362712861, QTAgent32.exe, &lt;a class=success&gt;Playback - {13} [SUCCESS] MouseButtonClick - "[MSAA, VisibleOnly]ControlType='Button' &amp;&amp; Name='OK'"
\0&lt;/a&gt;
W, 3520, 13, 2012/11/01, 15:06:34.480, 293371732631, QTAgent32.exe, &lt;a class=success&gt;Playback - {14} [SUCCESS] MouseButtonClick - "[MSAA, VisibleOnly]ControlType='Button' &amp;&amp; Name='Yes'"
\0&lt;/a&gt;
W, 3520, 13, 2012/11/01, 15:06:34.714, 293374893555, QTAgent32.exe, &lt;a class=success&gt;Playback - {15} [SUCCESS] SendKeys "^{HOME}" - "[MSAA, VisibleOnly]ControlType='Edit'"
\0&lt;/a&gt;
E, 3520, 13, 2012/11/01, 15:06:34.714, 293374920611, QTAgent32.exe, Msaa.GetFocusedElement: could not find accessible object of foreground window
W, 3520, 13, 2012/11/01, 15:06:34.792, 293376010225, QTAgent32.exe, &lt;a class=success&gt;Playback - {16} [SUCCESS] SendKeys "^+{END}" - "[MSAA, VisibleOnly]ControlType='Edit'"
\0&lt;/a&gt;
E, 3520, 13, 2012/11/01, 15:06:34.792, 293376012907, QTAgent32.exe, Msaa.GetFocusedElement: could not find accessible object of foreground window
W, 3520, 13, 2012/11/01, 15:06:34.807, 293376235783, QTAgent32.exe, &lt;a class=success&gt;Playback - {17} [SUCCESS] SendKeys "{DELETE}" - "[MSAA, VisibleOnly]ControlType='Edit'"
\0&lt;/a&gt;
W, 3520, 13, 2012/11/01, 15:06:34.885, 293377355003, QTAgent32.exe, &lt;a class=success&gt;Playback - {18} [SUCCESS] SetValueAsEditBox "1" - "[MSAA, VisibleOnly]ControlType='Edit'"  &lt; Set via SendKeys &gt;
\0&lt;/a&gt;
W, 3520, 13, 2012/11/01, 15:06:35.104, 293380477682, QTAgent32.exe, &lt;a class=success&gt;Playback - {19} [SUCCESS] SendKeys "^{HOME}" - "[MSAA, VisibleOnly]ControlType='Edit'"
\0&lt;/a&gt;
E, 3520, 13, 2012/11/01, 15:06:35.104, 293380480158, QTAgent32.exe, Msaa.GetFocusedElement: could not find accessible object of foreground window
W, 3520, 13, 2012/11/01, 15:06:35.197, 293381817824, QTAgent32.exe, &lt;a class=success&gt;Playback - {20} [SUCCESS] SendKeys "^+{END}" - "[MSAA, VisibleOnly]ControlType='Edit'"
\0&lt;/a&gt;
E, 3520, 13, 2012/11/01, 15:06:35.197, 293381819884, QTAgent32.exe, Msaa.GetFocusedElement: could not find accessible object of foreground window
W, 3520, 13, 2012/11/01, 15:06:35.213, 293382042235, QTAgent32.exe, &lt;a class=success&gt;Playback - {21} [SUCCESS] SendKeys "{DELETE}" - "[MSAA, VisibleOnly]ControlType='Edit'"
\0&lt;/a&gt;
W, 3520, 13, 2012/11/01, 15:06:35.291, 293383162800, QTAgent32.exe, &lt;a class=success&gt;Playback - {22} [SUCCESS] SetValueAsEditBox "1" - "[MSAA, VisibleOnly]ControlType='Edit'"  &lt; Set via SendKeys &gt;
\0&lt;/a&gt;
W, 3520, 13, 2012/11/01, 15:06:35.868, 293391463758, QTAgent32.exe, &lt;a class=success&gt;Playback - {23} [SUCCESS] MouseButtonClick - "[MSAA, VisibleOnly]ControlType='Button' &amp;&amp; Name='OK'"
\0&lt;/a&gt;
W, 3520, 13, 2012/11/01, 15:06:36.461, 293399988309, QTAgent32.exe, &lt;a class=success&gt;Playback - {24} [SUCCESS] MouseButtonClick - "[MSAA, VisibleOnly]ControlType='Button'"
\0&lt;/a&gt;
W, 3520, 13, 2012/11/01, 15:06:36.991, 293407578823, QTAgent32.exe, &lt;a class=success&gt;Playback - {25} [SUCCESS] MouseButtonClick - "[MSAA, VisibleOnly]ControlType='Button' &amp;&amp; Name='Add'"
\0&lt;/a&gt;
W, 3520, 13, 2012/11/01, 15:06:37.584, 293416162516, QTAgent32.exe, &lt;a class=success&gt;Playback - {26} [SUCCESS] MouseButtonClick - "[MSAA, VisibleOnly]ControlType='Button' &amp;&amp; Name='OK'"
\0&lt;/a&gt;
W, 3520, 13, 2012/11/01, 15:06:40.049, 293451284771, QTAgent32.exe, &lt;a class=success&gt;Playback - {27} [SUCCESS] MouseButtonClick - "[MSAA, VisibleOnly,Window]ControlType='Window' &amp;&amp; ClassName='ThunderRT6TextBox'"
\0&lt;/a&gt;
W, 3520, 13, 2012/11/01, 15:06:40.408, 293456427058, QTAgent32.exe, &lt;a class=success&gt;Playback - {28} [SUCCESS] SetValueAsEditBox "HOME" - "[MSAA, VisibleOnly]ControlType='Edit'"  &lt; Set via SendKeys &gt;
\0&lt;/a&gt;
W, 3520, 13, 2012/11/01, 15:06:40.954, 293464259691, QTAgent32.exe, &lt;a class=success&gt;Playback - {29} [SUCCESS] MouseButtonClick - "[MSAA, VisibleOnly]ControlType='Button' &amp;&amp; Name='OK'"
\0&lt;/a&gt;
W, 3520, 13, 2012/11/01, 15:06:41.391, 293470616155, QTAgent32.exe, &lt;a class=success&gt;Playback - {30} [SUCCESS] MouseButtonClick - "[MSAA, VisibleOnly]ControlType='Button' &amp;&amp; Name='Options'"
\0&lt;/a&gt;
W, 3520, 13, 2012/11/01, 15:06:41.500, 293472126957, QTAgent32.exe, FindScreenElementInSinglePass : Attempting to find control in one pass of search. Failures can occur.
W, 3520, 13, 2012/11/01, 15:06:41.703, 293474960689, QTAgent32.exe, &lt;a class=success&gt;Playback - {31} [SUCCESS] MouseButtonClick - "[MSAA]ControlType='MenuItem' &amp;&amp; Name='Links'"
\0&lt;/a&gt;
W, 3520, 13, 2012/11/01, 15:06:41.812, 293476529207, QTAgent32.exe, FindScreenElementInSinglePass : Attempting to find control in one pass of search. Failures can occur.
W, 3520, 13, 2012/11/01, 15:06:41.999, 293479205495, QTAgent32.exe, &lt;a class=success&gt;Playback - {32} [SUCCESS] MouseButtonClick - "[MSAA]ControlType='MenuItem' &amp;&amp; Name='3rd Party Integration'"
\0&lt;/a&gt;
W, 3520, 13, 2012/11/01, 15:06:42.109, 293480773577, QTAgent32.exe, FindScreenElementInSinglePass : Attempting to find control in one pass of search. Failures can occur.
W, 3520, 13, 2012/11/01, 15:06:42.296, 293483481861, QTAgent32.exe, &lt;a class=success&gt;Playback - {33} [SUCCESS] MouseButtonClick - "[MSAA]ControlType='MenuItem' &amp;&amp; Name='Quote Select List'"
\0&lt;/a&gt;
W, 3520, 13, 2012/11/01, 15:06:45.447, 293528566869, QTAgent32.exe, PERF WARNING: FindTopLevelWindowHelper::FindAllDescendents: took 3037 ms. Expected it to take maximum 500 ms.
W, 3520, 13, 2012/11/01, 15:06:46.414, 293542615641, QTAgent32.exe, &lt;a class=success&gt;Playback - {34} [SUCCESS] MouseButtonClick - "[MSAA, VisibleOnly]ControlType='Button' &amp;&amp; Name='Ok'"
\0&lt;/a&gt;
W, 3520, 13, 2012/11/01, 15:06:51.625, 293617035449, QTAgent32.exe, PERF WARNING: FindTopLevelWindowHelper::FindAllDescendents: took 5077 ms. Expected it to take maximum 500 ms.
W, 3520, 13, 2012/11/01, 15:06:51.937, 293621492397, QTAgent32.exe, &lt;a class=success&gt;Playback - {35} [SUCCESS] SetValueAsEditBox "test1" - "[MSAA, VisibleOnly]ControlType='Edit'"  &lt; Set via SendKeys &gt;
\0&lt;/a&gt;
W, 3520, 13, 2012/11/01, 15:06:52.296, 293626630997, QTAgent32.exe, &lt;a class=success&gt;Playback - {36} [SUCCESS] SetValueAsEditBox "test" - "[MSAA, VisibleOnly]ControlType='Edit'"  &lt; Set via SendKeys &gt;
\0&lt;/a&gt;
W, 3520, 13, 2012/11/01, 15:06:52.530, 293629975871, QTAgent32.exe, &lt;a class=success&gt;Playback - {37} [SUCCESS] SendKeys "^{HOME}" - "[MSAA, VisibleOnly]ControlType='Edit'"
\0&lt;/a&gt;
E, 3520, 13, 2012/11/01, 15:06:52.530, 293629978844, QTAgent32.exe, Msaa.GetFocusedElement: could not find accessible object of foreground window
W, 3520, 13, 2012/11/01, 15:06:52.608, 293631093727, QTAgent32.exe, &lt;a class=success&gt;Playback - {38} [SUCCESS] SendKeys "^+{END}" - "[MSAA, VisibleOnly]ControlType='Edit'"
\0&lt;/a&gt;
E, 3520, 13, 2012/11/01, 15:06:52.608, 293631098040, QTAgent32.exe, Msaa.GetFocusedElement: could not find accessible object of foreground window
W, 3520, 13, 2012/11/01, 15:06:52.623, 293631317075, QTAgent32.exe, &lt;a class=success&gt;Playback - {39} [SUCCESS] SendKeys "{DELETE}" - "[MSAA, VisibleOnly]ControlType='Edit'"
\0&lt;/a&gt;
W, 3520, 13, 2012/11/01, 15:06:52.795, 293633776455, QTAgent32.exe, &lt;a class=success&gt;Playback - {40} [SUCCESS] SetValueAsEditBox "test" - "[MSAA, VisibleOnly]ControlType='Edit'"  &lt; Set via SendKeys &gt;
\0&lt;/a&gt;
W, 3520, 13, 2012/11/01, 15:06:53.404, 293642683319, QTAgent32.exe, Playback - [WARNING] Internal warning: Incorrect flag set for InvokeProgrammaticAction\0
W, 3520, 13, 2012/11/01, 15:06:53.762, 293647635665, QTAgent32.exe, &lt;a class=success&gt;Playback - {41} [SUCCESS] SetValueAsComboBox "Account Director" - "[MSAA, VisibleOnly]ControlType='ComboBox'"  &lt; SetValueAsComboBox, set by clicking on the item in the list box &gt;
\0&lt;/a&gt;
W, 3520, 13, 2012/11/01, 15:06:54.355, 293656150248, QTAgent32.exe, Playback - [WARNING] Internal warning: Incorrect flag set for InvokeProgrammaticAction\0
W, 3520, 13, 2012/11/01, 15:06:54.683, 293660813548, QTAgent32.exe, &lt;a class=success&gt;Playback - {42} [SUCCESS] SetValueAsComboBox "Advertising" - "[MSAA, VisibleOnly]ControlType='ComboBox'"  &lt; SetValueAsComboBox, set by clicking on the item in the list box &gt;
\0&lt;/a&gt;
W, 3520, 13, 2012/11/01, 15:06:55.120, 293667058487, QTAgent32.exe, &lt;a class=success&gt;Playback - {43} [SUCCESS] SetValueAsEditBox "160589" - "[MSAA, VisibleOnly]ControlType='Edit'"  &lt; Set via SendKeys &gt;
\0&lt;/a&gt;
W, 3520, 13, 2012/11/01, 15:06:55.556, 293673313167, QTAgent32.exe, &lt;a class=success&gt;Playback - {44} [SUCCESS] MouseButtonClick - "[MSAA, VisibleOnly]ControlType='Edit'"
\0&lt;/a&gt;
W, 3520, 13, 2012/11/01, 15:06:55.962, 293679119561, QTAgent32.exe, &lt;a class=success&gt;Playback - {45} [SUCCESS] SetValueAsEditBox "B338TH" - "[MSAA, VisibleOnly]ControlType='Edit'"  &lt; Set via SendKeys &gt;
\0&lt;/a&gt;
W, 3520, 13, 2012/11/01, 15:06:58.365, 293713513821, QTAgent32.exe, &lt;a class=success&gt;Playback - {46} [SUCCESS] MouseButtonClick - "[MSAA, VisibleOnly]ControlType='Button' &amp;&amp; Name='Lookup...'"
\0&lt;/a&gt;
W, 3520, 13, 2012/11/01, 15:06:59.082, 293723812913, QTAgent32.exe, &lt;a class=success&gt;Playback - {47} [SUCCESS] MouseButtonClick - "[MSAA, VisibleOnly]ControlType='Button' &amp;&amp; Name='Ok'"
\0&lt;/a&gt;
W, 3520, 13, 2012/11/01, 15:06:59.613, 293731455452, QTAgent32.exe, &lt;a class=success&gt;Playback - {48} [SUCCESS] MouseButtonClick - "[MSAA, VisibleOnly]ControlType='Button' &amp;&amp; Name='Next &gt;'"
\0&lt;/a&gt;
W, 3520, 13, 2012/11/01, 15:07:00.018, 293737194442, QTAgent32.exe, &lt;a class=success&gt;Playback - {49} [SUCCESS] SetValueAsEditBox "1989" - "[MSAA, VisibleOnly]ControlType='Edit'"  &lt; Set via SendKeys &gt;
\0&lt;/a&gt;
W, 3520, 13, 2012/11/01, 15:07:00.517, 293744340538, QTAgent32.exe, &lt;a class=success&gt;Playback - {50} [SUCCESS] MouseButtonClick - "[MSAA, VisibleOnly]ControlType='Button' &amp;&amp; Name='Next &gt;'"
\0&lt;/a&gt;
W, 3520, 13, 2012/11/01, 15:07:00.798, 293748563140, QTAgent32.exe, &lt;a class=success&gt;Playback - {51} [SUCCESS] MouseButtonClick - "[MSAA, VisibleOnly]ControlType='Button' &amp;&amp; Name='Next &gt;'"
\0&lt;/a&gt;
W, 3520, 13, 2012/11/01, 15:07:01.064, 293752200645, QTAgent32.exe, &lt;a class=success&gt;Playback - {52} [SUCCESS] MouseButtonClick - "[MSAA, VisibleOnly]ControlType='Button' &amp;&amp; Name='Next &gt;'"
\0&lt;/a&gt;
W, 3520, 13, 2012/11/01, 15:07:01.469, 293757968182, QTAgent32.exe, &lt;a class=success&gt;Playback - {53} [SUCCESS] SetValueAsEditBox "2345" - "[MSAA, VisibleOnly]ControlType='Edit'"  &lt; Set via SendKeys &gt;
\0&lt;/a&gt;
W, 3520, 13, 2012/11/01, 15:07:01.906, 293764221081, QTAgent32.exe, &lt;a class=success&gt;Playback - {54} [SUCCESS] SetValueAsEditBox "2000" - "[MSAA, VisibleOnly]ControlType='Edit'"  &lt; Set via SendKeys &gt;
\0&lt;/a&gt;
W, 3520, 13, 2012/11/01, 15:07:02.327, 293770253017, QTAgent32.exe, &lt;a class=success&gt;Playback - {55} [SUCCESS] SetValueAsEditBox "2000" - "[MSAA, VisibleOnly]ControlType='Edit'"  &lt; Set via SendKeys &gt;
\0&lt;/a&gt;
W, 3520, 13, 2012/11/01, 15:07:02.561, 293773782626, QTAgent32.exe, &lt;a class=success&gt;Playback - {56} [SUCCESS] MouseButtonClick - "[MSAA, VisibleOnly]ControlType='Button' &amp;&amp; Name='Next &gt;'"
\0&lt;/a&gt;
W, 3520, 13, 2012/11/01, 15:07:02.967, 293779410137, QTAgent32.exe, &lt;a class=success&gt;Playback - {57} [SUCCESS] SetValueAsEditBox "2345" - "[MSAA, VisibleOnly]ControlType='Edit'"  &lt; Set via SendKeys &gt;
\0&lt;/a&gt;
W, 3520, 13, 2012/11/01, 15:07:03.357, 293785186706, QTAgent32.exe, &lt;a class=success&gt;Playback - {58} [SUCCESS] MouseButtonClick - "[MSAA, VisibleOnly]ControlType='Button' &amp;&amp; Name='Next &gt;'"
\0&lt;/a&gt;
W, 3520, 13, 2012/11/01, 15:07:03.778, 293791095060, QTAgent32.exe, &lt;a class=success&gt;Playback - {59} [SUCCESS] MouseButtonClick - "[MSAA, VisibleOnly]ControlType='Button' &amp;&amp; Name='Next &gt;'"
\0&lt;/a&gt;
W, 3520, 13, 2012/11/01, 15:07:04.090, 293795589820, QTAgent32.exe, &lt;a class=success&gt;Playback - {60} [SUCCESS] MouseButtonClick - "[MSAA, VisibleOnly]ControlType='Button' &amp;&amp; Name='Quote'"
\0&lt;/a&gt;
W, 3520, 13, 2012/11/01, 15:07:04.808, 293805927453, QTAgent32.exe, &lt;a class=success&gt;Playback - {61} [SUCCESS] MouseButtonClick - "[MSAA, VisibleOnly]ControlType='Button' &amp;&amp; Name='No'"
\0&lt;/a&gt;
W, 3520, 13, 2012/11/01, 15:07:12.421, 293914776941, QTAgent32.exe, PERF WARNING: FindTopLevelWindowHelper::FindAllDescendents: took 7499 ms. Expected it to take maximum 500 ms.
W, 3520, 13, 2012/11/01, 15:07:12.749, 293919619044, QTAgent32.exe, &lt;a class=success&gt;Playback - {62} [SUCCESS] MouseButtonClick - "[MSAA, VisibleOnly]ControlType='Button' &amp;&amp; Name='Exit'"
\0&lt;/a&gt;
W, 3520, 13, 2012/11/01, 15:07:13.326, 293927733090, QTAgent32.exe, &lt;a class=success&gt;Playback - {63} [SUCCESS] MouseButtonClick - "[MSAA, VisibleOnly]ControlType='Button' &amp;&amp; Name='Yes'"
\0&lt;/a&gt;
W, 3520, 13, 2012/11/01, 15:07:14.293, 293941589457, QTAgent32.exe, PERF WARNING: FindTopLevelWindowHelper::FindAllDescendents: took 741 ms. Expected it to take maximum 500 ms.
W, 3520, 13, 2012/11/01, 15:07:14.636, 293946488580, QTAgent32.exe, &lt;a class=success&gt;Playback - {64} [SUCCESS] Uncheck - "[MSAA, VisibleOnly]ControlType='CheckBox' &amp;&amp; Name='Add Activity'"
\0&lt;/a&gt;
W, 3520, 13, 2012/11/01, 15:07:15.198, 293954581770, QTAgent32.exe, &lt;a class=success&gt;Playback - {65} [SUCCESS] MouseButtonClick - "[MSAA, VisibleOnly]ControlType='Button' &amp;&amp; Name='Ok'"
\0&lt;/a&gt;
W, 3520, 13, 2012/11/01, 15:07:18.240, 293998092459, QTAgent32.exe, PERF WARNING: FindTopLevelWindowHelper::FindAllDescendents: took 2824 ms. Expected it to take maximum 500 ms.
W, 3520, 13, 2012/11/01, 15:07:20.611, 294032066088, QTAgent32.exe, &lt;a class=success&gt;Playback - {66} [SUCCESS] MouseButtonClick - "[MSAA, VisibleOnly]ControlType='Button' &amp;&amp; Name='Ok'"
\0&lt;/a&gt;
W, 3520, 13, 2012/11/01, 15:07:23.341, 294071125052, QTAgent32.exe, &lt;a class=success&gt;Playback - {67} [SUCCESS] MouseButtonClick - "[MSAA, VisibleOnly]ControlType='Button' &amp;&amp; Name='OK'"
\0&lt;/a&gt;
W, 3520, 13, 2012/11/01, 15:07:25.011, 294095019913, QTAgent32.exe, Playback - [WARNING] Internal warning: Element "[MSAA, VisibleOnly]ControlType='Window' &amp;&amp; ControlId='32770'" was not found, so all intermediate elements were ignored. To improve performance replace this element Id with another Id or exclude it from QueryId. If this element is the target element, replace or remove intermediate elements
\0
W, 3520, 13, 2012/11/01, 15:07:25.541, 294102828311, QTAgent32.exe, PERF WARNING: FindAllDescendents: took 2089 ms. Expected it to take maximum 500 ms.
W, 3520, 13, 2012/11/01, 15:07:26.212, 294112320881, QTAgent32.exe, Playback - [WARNING] Internal warning: Can't find anchor child after updating the collection
\0
W, 3520, 13, 2012/11/01, 15:07:26.212, 294112335449, QTAgent32.exe, Playback - [WARNING] Internal warning: Can't find anchor child after updating the collection
\0
W, 3520, 13, 2012/11/01, 15:07:26.228, 294112476518, QTAgent32.exe, Playback - [WARNING] Internal failure: EnsureVisible via Setting Focus, Scrolling failed
\0
W, 3520, 13, 2012/11/01, 15:07:26.243, 294112728500, QTAgent32.exe, Playback - [WARNING] Internal warning: Couldn't get clickable point for ScreenUIElement since it was obscured by another UI element. See comparison tracing below
\0
E, 3520, 13, 2012/11/01, 15:07:26.306, 294113594499, QTAgent32.exe, &lt;a class=failure&gt;Playback - {68} [FAILED] MouseButtonClick - "[MSAA, VisibleOnly]ControlType='Edit'"\0&lt;/a&gt;
E, 3520, 13, 2012/11/01, 15:07:26.384, 294114785868, QTAgent32.exe, Playback - [IMAGE] C:\Users\peter.zenin-ad\AppData\Local\Temp\UITestLogs\LastRun\RPF6DC8.png
\0
E, 3520, 13, 2012/11/01, 15:07:26.586, 294117685560, QTAgent32.exe, AL: Playback Error: Microsoft.VisualStudio.TestTools.UITest.Extension.FailedToPerformActionOnBlockedControlException: Window 'Policy: autotest' is blocking the control . Please move the window 'Policy: autotest' or make the control  visible and retry the action. Additional Details: 
TechnologyName:  'MSAA'
ControlType:  'Edit'
 ---&gt; System.Runtime.InteropServices.COMException: Exception from HRESULT: 0xF004F003
   at Microsoft.VisualStudio.TestTools.UITest.Playback.Engine.IScreenElement.MouseButtonClick(Int32 x, Int32 y, Int32 nButton, Int32 fEnsureVisible, String bstrKeyModifiers)
   at Microsoft.VisualStudio.TestTools.UITest.Playback.ScreenElement.MouseButtonClick(Int32 x, Int32 y, MouseButtons button, ModifierKeys modifierKeys, Int32 ensureVisible)
   at Microsoft.VisualStudio.TestTools.UITesting.UITestControl.Click(MouseButtons button, ModifierKeys modifierKeys, Point relativeCoordinates)
   --- End of inner exception stack trace ---
   at Microsoft.VisualStudio.TestTools.UITesting.Playback.ThrowIfAnotherWindowIsBlockingControl(COMException ex, IPlaybackContext context)
   at Microsoft.VisualStudio.TestTools.UITesting.Playback.MapAndThrowComException(COMException innerException, IPlaybackContext context)
   at Microsoft.VisualStudio.TestTools.UITesting.Playback.MapAndThrowException(SystemException exception, IPlaybackContext context)
   at Microsoft.VisualStudio.TestTools.UITesting.Playback.MapAndThrowException(SystemException exception, String actionName, UITestControl uiControl, Point point)
   at Microsoft.VisualStudio.TestTools.UITesting.UITestControl.Click(MouseButtons button, ModifierKeys modifierKeys, Point relativeCoordinates)
   at Microsoft.VisualStudio.TestTools.UITesting.Mouse.ClickImplementation(UITestControl control, MouseButtons button, ModifierKeys modifierKeys, Point relativeCoordinate)
   at Microsoft.VisualStudio.TestTools.UITesting.Mouse.ClickImplementationWrapper(UITestControl control, MouseButtons button, ModifierKeys modifierKeys, Point relativeCoordinate)
W, 3520, 13, 2012/11/01, 15:07:28.256, 294141479387, QTAgent32.exe, Playback - [WARNING] Internal warning: Element "[MSAA, VisibleOnly]ControlType='Window' &amp;&amp; ControlId='32770'" was not found, so all intermediate elements were ignored. To improve performance replace this element Id with another Id or exclude it from QueryId. If this element is the target element, replace or remove intermediate elements
\0
W, 3520, 13, 2012/11/01, 15:07:28.786, 294149227469, QTAgent32.exe, PERF WARNING: FindAllDescendents: took 2084 ms. Expected it to take maximum 500 ms.
W, 3520, 13, 2012/11/01, 15:07:29.129, 294154071072, QTAgent32.exe, &lt;a class=success&gt;Playback - {69} [SUCCESS] MouseButtonClick - "[MSAA, VisibleOnly]ControlType='Button' &amp;&amp; Name='Cancel'"
\0&lt;/a&gt;
W, 3520, 13, 2012/11/01, 15:07:30.783, 294177665247, QTAgent32.exe, Playback - [WARNING] Internal warning: Element "[MSAA, VisibleOnly]ControlType='Window' &amp;&amp; ControlId='32769'" was not found, so all intermediate elements were ignored. To improve performance replace this element Id with another Id or exclude it from QueryId. If this element is the target element, replace or remove intermediate elements
\0
W, 3520, 13, 2012/11/01, 15:07:31.313, 294185339130, QTAgent32.exe, PERF WARNING: FindAllDescendents: took 2079 ms. Expected it to take maximum 500 ms.
W, 3520, 13, 2012/11/01, 15:07:31.641, 294189956180, QTAgent32.exe, &lt;a class=success&gt;Playback - {70} [SUCCESS] MouseButtonClick - "[MSAA, VisibleOnly]ControlType='Button' &amp;&amp; Name='Cancel'"
\0&lt;/a&gt;
W, 3520, 13, 2012/11/01, 15:07:31.984, 294194938938, QTAgent32.exe, Playback - [WARNING] Internal warning: Window Not Found: [VisibleOnly]ControlType='Window' &amp;&amp; Name='Customer: txt1 tdsfs' &amp;&amp; ClassName='ThunderRT6MDIForm'
\0
E, 3520, 13, 2012/11/01, 15:07:31.984, 294194941669, QTAgent32.exe, &lt;a class=failure&gt;Playback - {71} [FAILED] Function ElementFetcher::FindScreenElement failed to locate UI element (Searching: ;[VisibleOnly]ControlType='Window' &amp;&amp; Name='Customer: txt1 tdsfs' &amp;&amp; ClassName='ThunderRT6MDIForm') (The object specified was not found.)
\0&lt;/a&gt;
E, 3520, 13, 2012/11/01, 15:07:32.218, 294198347935, QTAgent32.exe, Playback - [IMAGE] C:\Users\peter.zenin-ad\AppData\Local\Temp\UITestLogs\LastRun\RPF83F7.png
\0
W, 3520, 13, 2012/11/01, 15:07:32.218, 294198350017, QTAgent32.exe, Playback - [WARNING] Internal warning: Couldn't find descendants that match QueryId
\0
W, 3520, 13, 2012/11/01, 15:07:32.234, 294198480196, QTAgent32.exe, Playback - [WARNING] Internal warning: Window Not Found: [VisibleOnly]ControlType='Window' &amp;&amp; Name='Customer: txt1 tdsfs' &amp;&amp; ClassName='ThunderRT6MDIForm'
\0
E, 3520, 13, 2012/11/01, 15:07:32.234, 294198482093, QTAgent32.exe, &lt;a class=failure&gt;Playback - {72} [FAILED] Function ElementFetcher::FindScreenElement failed to locate UI element (Searching: ;[VisibleOnly]ControlType='Window' &amp;&amp; Name='Customer: txt1 tdsfs' &amp;&amp; ClassName='ThunderRT6MDIForm') (The object specified was not found.)
\0&lt;/a&gt;
E, 3520, 13, 2012/11/01, 15:07:32.312, 294199644197, QTAgent32.exe, Playback - [IMAGE] C:\Users\peter.zenin-ad\AppData\Local\Temp\UITestLogs\LastRun\RPF84F2.png
\0
W, 3520, 13, 2012/11/01, 15:07:32.312, 294199646373, QTAgent32.exe, Playback - [WARNING] Internal warning: Couldn't find descendants that match QueryId
\0
W, 3520, 13, 2012/11/01, 15:07:32.546, 294202982677, QTAgent32.exe, Playback - [WARNING] Internal warning: Window Not Found: [VisibleOnly]ControlType='Window' &amp;&amp; Name='Customer: txt1 tdsfs' &amp;&amp; ClassName='ThunderRT6MDIForm'
\0
E, 3520, 13, 2012/11/01, 15:07:32.546, 294202985462, QTAgent32.exe, &lt;a class=failure&gt;Playback - {73} [FAILED] Function ElementFetcher::FindScreenElement failed to locate UI element (Searching: ;[VisibleOnly]ControlType='Window' &amp;&amp; Name='Customer: txt1 tdsfs' &amp;&amp; ClassName='ThunderRT6MDIForm') (The object specified was not found.)
\0&lt;/a&gt;
E, 3520, 13, 2012/11/01, 15:07:32.655, 294204599635, QTAgent32.exe, Playback - [IMAGE] C:\Users\peter.zenin-ad\AppData\Local\Temp\UITestLogs\LastRun\RPF862B.png
\0
W, 3520, 13, 2012/11/01, 15:07:32.655, 294204601778, QTAgent32.exe, Playback - [WARNING] Internal warning: Couldn't find descendants that match QueryId
\0
E, 3520, 13, 2012/11/01, 15:07:32.655, 294204617403, QTAgent32.exe, Exception: System.Runtime.InteropServices.COMException
	Message: Error HRESULT E_FAIL has been returned from a call to a COM component.
	Stack Trace:    at Microsoft.VisualStudio.TestTools.UITest.Playback.Engine.IRPFPlayback.FindAllScreenElements(IScreenElement pScreenElementStart, String bstrQueryId, Object&amp; pvarResKeys, Int32 cResKeys, Int32 nMaxDepth, Object[]&amp; foundDescendants)
   at Microsoft.VisualStudio.TestTools.UITest.Playback.ScreenElement.FindTopLevelWindowHelper(String queryId)
	BaseExceptionMessage: Error HRESULT E_FAIL has been returned from a call to a COM component.

E, 3520, 13, 2012/11/01, 15:07:32.671, 294204696810, QTAgent32.exe, Window 2622748 not responding. Last Win32 error 0
E, 3520, 13, 2012/11/01, 15:07:32.671, 294204704550, QTAgent32.exe, GetClassName for handle 2622748 failed
E, 3520, 13, 2012/11/01, 15:07:32.671, 294204713710, QTAgent32.exe, Window 2622748 not responding. Last Win32 error 1400
E, 3520, 13, 2012/11/01, 15:07:32.671, 294204735066, QTAgent32.exe, Window 2622748 not responding. Last Win32 error 1400
E, 3520, 13, 2012/11/01, 15:07:32.671, 294204736258, QTAgent32.exe, GetClassName for handle 2622748 failed
E, 3520, 13, 2012/11/01, 15:07:32.671, 294204737086, QTAgent32.exe, GetClassName for handle 2622748 failed
W, 3520, 13, 2012/11/01, 15:07:32.889, 294207888951, QTAgent32.exe, Playback - [WARNING] Internal warning: Window Not Found: [VisibleOnly]ControlType='Window' &amp;&amp; Name='Customer: autotest autotest' &amp;&amp; ClassName='ThunderRT6MDIForm'
\0
E, 3520, 13, 2012/11/01, 15:07:32.889, 294207891844, QTAgent32.exe, &lt;a class=failure&gt;Playback - {74} [FAILED] Function ElementFetcher::FindScreenElement failed to locate UI element (Searching: ;[VisibleOnly]ControlType='Window' &amp;&amp; Name='Customer: autotest autotest' &amp;&amp; ClassName='ThunderRT6MDIForm') (The object specified was not found.)
\0&lt;/a&gt;
E, 3520, 13, 2012/11/01, 15:07:32.983, 294209197834, QTAgent32.exe, Playback - [IMAGE] C:\Users\peter.zenin-ad\AppData\Local\Temp\UITestLogs\LastRun\RPF8783.png
\0
W, 3520, 13, 2012/11/01, 15:07:32.983, 294209199978, QTAgent32.exe, Playback - [WARNING] Internal warning: Couldn't find descendants that match QueryId
\0
W, 3520, 13, 2012/11/01, 15:07:32.983, 294209324932, QTAgent32.exe, Playback - [WARNING] Internal warning: Window Not Found: [VisibleOnly]ControlType='Window' &amp;&amp; Name='Customer: autotest autotest' &amp;&amp; ClassName='ThunderRT6MDIForm'
\0
E, 3520, 13, 2012/11/01, 15:07:32.983, 294209326831, QTAgent32.exe, &lt;a class=failure&gt;Playback - {75} [FAILED] Function ElementFetcher::FindScreenElement failed to locate UI element (Searching: ;[VisibleOnly]ControlType='Window' &amp;&amp; Name='Customer: autotest autotest' &amp;&amp; ClassName='ThunderRT6MDIForm') (The object specified was not found.)
\0&lt;/a&gt;
E, 3520, 13, 2012/11/01, 15:07:33.076, 294210553986, QTAgent32.exe, Playback - [IMAGE] C:\Users\peter.zenin-ad\AppData\Local\Temp\UITestLogs\LastRun\RPF87E1.png
\0
W, 3520, 13, 2012/11/01, 15:07:33.076, 294210556089, QTAgent32.exe, Playback - [WARNING] Internal warning: Couldn't find descendants that match QueryId
\0
W, 3520, 13, 2012/11/01, 15:07:33.295, 294213698673, QTAgent32.exe, Playback - [WARNING] Internal warning: Window Not Found: [VisibleOnly]ControlType='Window' &amp;&amp; Name='Customer: autotest autotest' &amp;&amp; ClassName='ThunderRT6MDIForm'
\0
E, 3520, 13, 2012/11/01, 15:07:33.295, 294213701444, QTAgent32.exe, &lt;a class=failure&gt;Playback - {76} [FAILED] Function ElementFetcher::FindScreenElement failed to locate UI element (Searching: ;[VisibleOnly]ControlType='Window' &amp;&amp; Name='Customer: autotest autotest' &amp;&amp; ClassName='ThunderRT6MDIForm') (The object specified was not found.)
\0&lt;/a&gt;
E, 3520, 13, 2012/11/01, 15:07:33.388, 294215074266, QTAgent32.exe, Playback - [IMAGE] C:\Users\peter.zenin-ad\AppData\Local\Temp\UITestLogs\LastRun\RPF891A.png
\0
W, 3520, 13, 2012/11/01, 15:07:33.388, 294215076258, QTAgent32.exe, Playback - [WARNING] Internal warning: Couldn't find descendants that match QueryId
\0
E, 3520, 13, 2012/11/01, 15:07:33.388, 294215080001, QTAgent32.exe, Exception: System.Runtime.InteropServices.COMException
	Message: Error HRESULT E_FAIL has been returned from a call to a COM component.
	Stack Trace:    at Microsoft.VisualStudio.TestTools.UITest.Playback.Engine.IRPFPlayback.FindAllScreenElements(IScreenElement pScreenElementStart, String bstrQueryId, Object&amp; pvarResKeys, Int32 cResKeys, Int32 nMaxDepth, Object[]&amp; foundDescendants)
   at Microsoft.VisualStudio.TestTools.UITest.Playback.ScreenElement.FindTopLevelWindowHelper(String queryId)
	BaseExceptionMessage: Error HRESULT E_FAIL has been returned from a call to a COM component.

E, 3520, 13, 2012/11/01, 15:07:33.388, 294215084593, QTAgent32.exe, Window 2622748 not responding. Last Win32 error 0
E, 3520, 13, 2012/11/01, 15:07:33.388, 294215088461, QTAgent32.exe, Window 2622748 not responding. Last Win32 error 1400
E, 3520, 13, 2012/11/01, 15:07:33.388, 294215093065, QTAgent32.exe, Window 2622748 not responding. Last Win32 error 1400
E, 3520, 13, 2012/11/01, 15:07:33.388, 294215094270, QTAgent32.exe, GetClassName for handle 2622748 failed
E, 3520, 13, 2012/11/01, 15:07:33.388, 294215095064, QTAgent32.exe, GetClassName for handle 2622748 failed
W, 3520, 13, 2012/11/01, 15:07:33.622, 294218389686, QTAgent32.exe, Playback - [WARNING] Internal warning: Window Not Found: [VisibleOnly]ControlType='Window' &amp;&amp; Name='Customer: txt1 tdsfs' &amp;&amp; ClassName='ThunderRT6MDIForm'
\0
E, 3520, 13, 2012/11/01, 15:07:33.622, 294218392400, QTAgent32.exe, &lt;a class=failure&gt;Playback - {77} [FAILED] Function ElementFetcher::FindScreenElement failed to locate UI element (Searching: ;[VisibleOnly]ControlType='Window' &amp;&amp; Name='Customer: txt1 tdsfs' &amp;&amp; ClassName='ThunderRT6MDIForm') (The object specified was not found.)
\0&lt;/a&gt;
E, 3520, 13, 2012/11/01, 15:07:33.716, 294219676777, QTAgent32.exe, Playback - [IMAGE] C:\Users\peter.zenin-ad\AppData\Local\Temp\UITestLogs\LastRun\RPF8A63.png
\0
W, 3520, 13, 2012/11/01, 15:07:33.716, 294219678881, QTAgent32.exe, Playback - [WARNING] Internal warning: Couldn't find descendants that match QueryId
\0
W, 3520, 13, 2012/11/01, 15:07:34.262, 294227546281, QTAgent32.exe, Playback - [WARNING] Internal warning: Window Not Found: [VisibleOnly]ControlType='Window' &amp;&amp; Name='Customer: txt1 tdsfs' &amp;&amp; ClassName='ThunderRT6MDIForm'
\0
E, 3520, 13, 2012/11/01, 15:07:34.262, 294227548927, QTAgent32.exe, &lt;a class=failure&gt;Playback - {78} [FAILED] Function ElementFetcher::FindScreenElement failed to locate UI element (Searching: ;[VisibleOnly]ControlType='Window' &amp;&amp; Name='Customer: txt1 tdsfs' &amp;&amp; ClassName='ThunderRT6MDIForm') (The object specified was not found.)
\0&lt;/a&gt;
E, 3520, 13, 2012/11/01, 15:07:34.371, 294229143164, QTAgent32.exe, Playback - [IMAGE] C:\Users\peter.zenin-ad\AppData\Local\Temp\UITestLogs\LastRun\RPF8CE4.png
\0
W, 3520, 13, 2012/11/01, 15:07:34.371, 294229145354, QTAgent32.exe, Playback - [WARNING] Internal warning: Couldn't find descendants that match QueryId
\0
W, 3520, 13, 2012/11/01, 15:07:34.371, 294229148318, QTAgent32.exe, PERF WARNING: FindTopLevelWindowHelper::FindAllDescendents: took 661 ms. Expected it to take maximum 500 ms.
W, 3520, 13, 2012/11/01, 15:07:34.824, 294235565655, QTAgent32.exe, Playback - [WARNING] Internal warning: Smart Match failed
\0
W, 3520, 13, 2012/11/01, 15:07:34.964, 294237574816, QTAgent32.exe, Playback - [WARNING] Internal warning: Smart Match failed
\0
W, 3520, 13, 2012/11/01, 15:07:35.104, 294239586376, QTAgent32.exe, Playback - [WARNING] Internal warning: Smart Match failed
\0
W, 3520, 13, 2012/11/01, 15:07:35.245, 294241599559, QTAgent32.exe, Playback - [WARNING] Internal warning: Smart Match failed
\0
W, 3520, 13, 2012/11/01, 15:07:35.385, 294243608277, QTAgent32.exe, Playback - [WARNING] Internal warning: Smart Match failed
\0
W, 3520, 13, 2012/11/01, 15:07:35.526, 294245619869, QTAgent32.exe, Playback - [WARNING] Internal warning: Smart Match failed
\0
W, 3520, 13, 2012/11/01, 15:07:35.713, 294248297189, QTAgent32.exe, Playback - [WARNING] Internal warning: Smart Match failed
\0
W, 3520, 13, 2012/11/01, 15:07:35.853, 294250309264, QTAgent32.exe, Playback - [WARNING] Internal warning: Smart Match failed
\0
W, 3520, 13, 2012/11/01, 15:07:35.994, 294252316461, QTAgent32.exe, Playback - [WARNING] Internal warning: Smart Match failed
\0
W, 3520, 13, 2012/11/01, 15:07:36.134, 294254328726, QTAgent32.exe, Playback - [WARNING] Internal warning: Smart Match failed
\0
W, 3520, 13, 2012/11/01, 15:07:36.275, 294256340388, QTAgent32.exe, Playback - [WARNING] Internal warning: Smart Match failed
\0
W, 3520, 13, 2012/11/01, 15:07:36.415, 294258349861, QTAgent32.exe, Playback - [WARNING] Internal warning: Smart Match failed
\0
W, 3520, 13, 2012/11/01, 15:07:36.555, 294260360380, QTAgent32.exe, Playback - [WARNING] Internal warning: Smart Match failed
\0
W, 3520, 13, 2012/11/01, 15:07:36.696, 294262371323, QTAgent32.exe, Playback - [WARNING] Internal warning: Smart Match failed
\0
W, 3520, 13, 2012/11/01, 15:07:36.836, 294264378623, QTAgent32.exe, Playback - [WARNING] Internal warning: Smart Match failed
\0
W, 3520, 13, 2012/11/01, 15:07:36.977, 294266388801, QTAgent32.exe, Playback - [WARNING] Internal warning: Smart Match failed
\0
W, 3520, 13, 2012/11/01, 15:07:37.117, 294268397395, QTAgent32.exe, Playback - [WARNING] Internal warning: Smart Match failed
\0
W, 3520, 13, 2012/11/01, 15:07:37.257, 294270411899, QTAgent32.exe, Playback - [WARNING] Internal warning: Smart Match failed
\0
W, 3520, 13, 2012/11/01, 15:07:37.398, 294272420134, QTAgent32.exe, Playback - [WARNING] Internal warning: Smart Match failed
\0
W, 3520, 13, 2012/11/01, 15:07:37.429, 294272921072, QTAgent32.exe, Playback - [WARNING] Internal warning: Window Not Found: [VisibleOnly]ControlType='Window' &amp;&amp; Name='Customer: txt1 tdsfs' &amp;&amp; ClassName='ThunderRT6MDIForm'
\0
E, 3520, 13, 2012/11/01, 15:07:37.429, 294272923088, QTAgent32.exe, &lt;a class=failure&gt;Playback - {79} [FAILED] Function ElementFetcher::FindScreenElement failed to locate UI element (Searching: ;[VisibleOnly]ControlType='Window' &amp;&amp; Name='Customer: txt1 tdsfs' &amp;&amp; ClassName='ThunderRT6MDIForm') (The object specified was not found.)
\0&lt;/a&gt;
E, 3520, 13, 2012/11/01, 15:07:37.569, 294274841195, QTAgent32.exe, Playback - [IMAGE] C:\Users\peter.zenin-ad\AppData\Local\Temp\UITestLogs\LastRun\RPF9943.png
\0
W, 3520, 13, 2012/11/01, 15:07:37.569, 294274843396, QTAgent32.exe, Playback - [WARNING] Internal warning: Couldn't find descendants that match QueryId
\0
W, 3520, 13, 2012/11/01, 15:07:37.569, 294274846416, QTAgent32.exe, PERF WARNING: FindTopLevelWindowHelper::FindAllDescendents: took 3191 ms. Expected it to take maximum 500 ms.
E, 3520, 13, 2012/11/01, 15:07:37.569, 294274848221, QTAgent32.exe, Exception: System.Runtime.InteropServices.COMException
	Message: Error HRESULT E_FAIL has been returned from a call to a COM component.
	Stack Trace:    at Microsoft.VisualStudio.TestTools.UITest.Playback.Engine.IRPFPlayback.FindAllScreenElements(IScreenElement pScreenElementStart, String bstrQueryId, Object&amp; pvarResKeys, Int32 cResKeys, Int32 nMaxDepth, Object[]&amp; foundDescendants)
   at Microsoft.VisualStudio.TestTools.UITest.Playback.ScreenElement.FindTopLevelWindowHelper(String queryId)
	BaseExceptionMessage: Error HRESULT E_FAIL has been returned from a call to a COM component.

E, 3520, 13, 2012/11/01, 15:07:37.569, 294274852849, QTAgent32.exe, Window 2622748 not responding. Last Win32 error 0
E, 3520, 13, 2012/11/01, 15:07:37.569, 294274856775, QTAgent32.exe, Window 2622748 not responding. Last Win32 error 1400
E, 3520, 13, 2012/11/01, 15:07:37.569, 294274861487, QTAgent32.exe, Window 2622748 not responding. Last Win32 error 1400
E, 3520, 13, 2012/11/01, 15:07:37.569, 294274862732, QTAgent32.exe, GetClassName for handle 2622748 failed
E, 3520, 13, 2012/11/01, 15:07:37.569, 294274863574, QTAgent32.exe, GetClassName for handle 2622748 failed
W, 3520, 13, 2012/11/01, 15:07:37.788, 294278027471, QTAgent32.exe, Playback - [WARNING] Internal warning: Window Not Found: [VisibleOnly]ControlType='Window' &amp;&amp; Name='Customer: autotest autotest' &amp;&amp; ClassName='ThunderRT6MDIForm'
\0
E, 3520, 13, 2012/11/01, 15:07:37.788, 294278030350, QTAgent32.exe, &lt;a class=failure&gt;Playback - {80} [FAILED] Function ElementFetcher::FindScreenElement failed to locate UI element (Searching: ;[VisibleOnly]ControlType='Window' &amp;&amp; Name='Customer: autotest autotest' &amp;&amp; ClassName='ThunderRT6MDIForm') (The object specified was not found.)
\0&lt;/a&gt;
E, 3520, 13, 2012/11/01, 15:07:37.913, 294279778619, QTAgent32.exe, Playback - [IMAGE] C:\Users\peter.zenin-ad\AppData\Local\Temp\UITestLogs\LastRun\RPF9AAB.png
\0
W, 3520, 13, 2012/11/01, 15:07:37.913, 294279781081, QTAgent32.exe, Playback - [WARNING] Internal warning: Couldn't find descendants that match QueryId
\0
W, 3520, 13, 2012/11/01, 15:07:38.459, 294287649431, QTAgent32.exe, Playback - [WARNING] Internal warning: Window Not Found: [VisibleOnly]ControlType='Window' &amp;&amp; Name='Customer: autotest autotest' &amp;&amp; ClassName='ThunderRT6MDIForm'
\0
E, 3520, 13, 2012/11/01, 15:07:38.459, 294287652512, QTAgent32.exe, &lt;a class=failure&gt;Playback - {81} [FAILED] Function ElementFetcher::FindScreenElement failed to locate UI element (Searching: ;[VisibleOnly]ControlType='Window' &amp;&amp; Name='Customer: autotest autotest' &amp;&amp; ClassName='ThunderRT6MDIForm') (The object specified was not found.)
\0&lt;/a&gt;
E, 3520, 13, 2012/11/01, 15:07:38.583, 294289400938, QTAgent32.exe, Playback - [IMAGE] C:\Users\peter.zenin-ad\AppData\Local\Temp\UITestLogs\LastRun\RPF9D4B.png
\0
W, 3520, 13, 2012/11/01, 15:07:38.583, 294289403147, QTAgent32.exe, Playback - [WARNING] Internal warning: Couldn't find descendants that match QueryId
\0
W, 3520, 13, 2012/11/01, 15:07:38.583, 294289406093, QTAgent32.exe, PERF WARNING: FindTopLevelWindowHelper::FindAllDescendents: took 671 ms. Expected it to take maximum 500 ms.
W, 3520, 13, 2012/11/01, 15:07:39.020, 294295654181, QTAgent32.exe, Playback - [WARNING] Internal warning: Smart Match failed
\0
W, 3520, 13, 2012/11/01, 15:07:39.161, 294297660847, QTAgent32.exe, Playback - [WARNING] Internal warning: Smart Match failed
\0
W, 3520, 13, 2012/11/01, 15:07:39.301, 294299672247, QTAgent32.exe, Playback - [WARNING] Internal warning: Smart Match failed
\0
W, 3520, 13, 2012/11/01, 15:07:39.441, 294301748111, QTAgent32.exe, Playback - [WARNING] Internal warning: Smart Match failed
\0
W, 3520, 13, 2012/11/01, 15:07:39.582, 294303691553, QTAgent32.exe, Playback - [WARNING] Internal warning: Smart Match failed
\0
W, 3520, 13, 2012/11/01, 15:07:39.722, 294305700342, QTAgent32.exe, Playback - [WARNING] Internal warning: Smart Match failed
\0
W, 3520, 13, 2012/11/01, 15:07:39.863, 294307710183, QTAgent32.exe, Playback - [WARNING] Internal warning: Smart Match failed
\0
W, 3520, 13, 2012/11/01, 15:07:40.003, 294309719627, QTAgent32.exe, Playback - [WARNING] Internal warning: Smart Match failed
\0
W, 3520, 13, 2012/11/01, 15:07:40.144, 294311729670, QTAgent32.exe, Playback - [WARNING] Internal warning: Smart Match failed
\0
W, 3520, 13, 2012/11/01, 15:07:40.284, 294313746328, QTAgent32.exe, Playback - [WARNING] Internal warning: Smart Match failed
\0
W, 3520, 13, 2012/11/01, 15:07:40.424, 294315752213, QTAgent32.exe, Playback - [WARNING] Internal warning: Smart Match failed
\0
W, 3520, 13, 2012/11/01, 15:07:40.565, 294317765547, QTAgent32.exe, Playback - [WARNING] Internal warning: Smart Match failed
\0
W, 3520, 13, 2012/11/01, 15:07:40.705, 294319774312, QTAgent32.exe, Playback - [WARNING] Internal warning: Smart Match failed
\0
W, 3520, 13, 2012/11/01, 15:07:40.846, 294321785081, QTAgent32.exe, Playback - [WARNING] Internal warning: Smart Match failed
\0
W, 3520, 13, 2012/11/01, 15:07:40.986, 294323796055, QTAgent32.exe, Playback - [WARNING] Internal warning: Smart Match failed
\0
W, 3520, 13, 2012/11/01, 15:07:41.126, 294325814929, QTAgent32.exe, Playback - [WARNING] Internal warning: Smart Match failed
\0
W, 3520, 13, 2012/11/01, 15:07:41.267, 294327814452, QTAgent32.exe, Playback - [WARNING] Internal warning: Smart Match failed
\0
W, 3520, 13, 2012/11/01, 15:07:41.407, 294329825926, QTAgent32.exe, Playback - [WARNING] Internal warning: Smart Match failed
\0
W, 3520, 13, 2012/11/01, 15:07:41.548, 294331836091, QTAgent32.exe, Playback - [WARNING] Internal warning: Smart Match failed
\0
W, 3520, 13, 2012/11/01, 15:07:41.688, 294333848366, QTAgent32.exe, Playback - [WARNING] Internal warning: Smart Match failed
\0
W, 3520, 13, 2012/11/01, 15:07:41.719, 294334363799, QTAgent32.exe, Playback - [WARNING] Internal warning: Window Not Found: [VisibleOnly]ControlType='Window' &amp;&amp; Name='Customer: autotest autotest' &amp;&amp; ClassName='ThunderRT6MDIForm'
\0
E, 3520, 13, 2012/11/01, 15:07:41.719, 294334366069, QTAgent32.exe, &lt;a class=failure&gt;Playback - {82} [FAILED] Function ElementFetcher::FindScreenElement failed to locate UI element (Searching: ;[VisibleOnly]ControlType='Window' &amp;&amp; Name='Customer: autotest autotest' &amp;&amp; ClassName='ThunderRT6MDIForm') (The object specified was not found.)
\0&lt;/a&gt;
E, 3520, 13, 2012/11/01, 15:07:41.797, 294335524773, QTAgent32.exe, Playback - [IMAGE] C:\Users\peter.zenin-ad\AppData\Local\Temp\UITestLogs\LastRun\RPFAA08.png
\0
W, 3520, 13, 2012/11/01, 15:07:41.797, 294335526879, QTAgent32.exe, Playback - [WARNING] Internal warning: Couldn't find descendants that match QueryId
\0
W, 3520, 13, 2012/11/01, 15:07:41.797, 294335529874, QTAgent32.exe, PERF WARNING: FindTopLevelWindowHelper::FindAllDescendents: took 3221 ms. Expected it to take maximum 500 ms.
E, 3520, 13, 2012/11/01, 15:07:41.797, 294335531638, QTAgent32.exe, Exception: System.Runtime.InteropServices.COMException
	Message: Error HRESULT E_FAIL has been returned from a call to a COM component.
	Stack Trace:    at Microsoft.VisualStudio.TestTools.UITest.Playback.Engine.IRPFPlayback.FindAllScreenElements(IScreenElement pScreenElementStart, String bstrQueryId, Object&amp; pvarResKeys, Int32 cResKeys, Int32 nMaxDepth, Object[]&amp; foundDescendants)
   at Microsoft.VisualStudio.TestTools.UITest.Playback.ScreenElement.FindTopLevelWindowHelper(String queryId)
	BaseExceptionMessage: Error HRESULT E_FAIL has been returned from a call to a COM component.

E, 3520, 13, 2012/11/01, 15:07:41.797, 294335536157, QTAgent32.exe, Window 2622748 not responding. Last Win32 error 0
E, 3520, 13, 2012/11/01, 15:07:41.797, 294335540022, QTAgent32.exe, Window 2622748 not responding. Last Win32 error 1400
E, 3520, 13, 2012/11/01, 15:07:41.797, 294335544647, QTAgent32.exe, Window 2622748 not responding. Last Win32 error 1400
E, 3520, 13, 2012/11/01, 15:07:41.797, 294335545848, QTAgent32.exe, GetClassName for handle 2622748 failed
E, 3520, 13, 2012/11/01, 15:07:41.797, 294335546673, QTAgent32.exe, GetClassName for handle 2622748 failed
W, 3520, 13, 2012/11/01, 15:07:42.031, 294338777400, QTAgent32.exe, Playback - [WARNING] Internal warning: Window Not Found: [VisibleOnly]ControlType='Window' &amp;&amp; Name='Customer: txt1 tdsfs' &amp;&amp; ClassName='ThunderRT6MDIForm'
\0
E, 3520, 13, 2012/11/01, 15:07:42.031, 294338780148, QTAgent32.exe, &lt;a class=failure&gt;Playback - {83} [FAILED] Function ElementFetcher::FindScreenElement failed to locate UI element (Searching: ;[VisibleOnly]ControlType='Window' &amp;&amp; Name='Customer: txt1 tdsfs' &amp;&amp; ClassName='ThunderRT6MDIForm') (The object specified was not found.)
\0&lt;/a&gt;
E, 3520, 13, 2012/11/01, 15:07:42.125, 294340209303, QTAgent32.exe, Playback - [IMAGE] C:\Users\peter.zenin-ad\AppData\Local\Temp\UITestLogs\LastRun\RPFAB41.png
\0
W, 3520, 13, 2012/11/01, 15:07:42.125, 294340211397, QTAgent32.exe, Playback - [WARNING] Internal warning: Couldn't find descendants that match QueryId
\0
W, 3520, 13, 2012/11/01, 15:07:42.577, 294346595596, QTAgent32.exe, Playback - [WARNING] Internal warning: Window Not Found: [VisibleOnly]ControlType='Window' &amp;&amp; Name='Customer: txt1 tdsfs' &amp;&amp; ClassName='ThunderRT6MDIForm'
\0
E, 3520, 13, 2012/11/01, 15:07:42.577, 294346598448, QTAgent32.exe, &lt;a class=failure&gt;Playback - {84} [FAILED] Function ElementFetcher::FindScreenElement failed to locate UI element (Searching: ;[VisibleOnly]ControlType='Window' &amp;&amp; Name='Customer: txt1 tdsfs' &amp;&amp; ClassName='ThunderRT6MDIForm') (The object specified was not found.)
\0&lt;/a&gt;
E, 3520, 13, 2012/11/01, 15:07:42.671, 294348022833, QTAgent32.exe, Playback - [IMAGE] C:\Users\peter.zenin-ad\AppData\Local\Temp\UITestLogs\LastRun\RPFAD64.png
\0
W, 3520, 13, 2012/11/01, 15:07:42.671, 294348024999, QTAgent32.exe, Playback - [WARNING] Internal warning: Couldn't find descendants that match QueryId
\0
W, 3520, 13, 2012/11/01, 15:07:42.671, 294348027990, QTAgent32.exe, PERF WARNING: FindTopLevelWindowHelper::FindAllDescendents: took 545 ms. Expected it to take maximum 500 ms.
W, 3520, 13, 2012/11/01, 15:07:43.123, 294354393464, QTAgent32.exe, Playback - [WARNING] Internal warning: Smart Match failed
\0
W, 3520, 13, 2012/11/01, 15:07:43.264, 294356403803, QTAgent32.exe, Playback - [WARNING] Internal warning: Smart Match failed
\0
W, 3520, 13, 2012/11/01, 15:07:43.404, 294358424387, QTAgent32.exe, Playback - [WARNING] Internal warning: Smart Match failed
\0
W, 3520, 13, 2012/11/01, 15:07:43.591, 294361095143, QTAgent32.exe, Playback - [WARNING] Internal warning: Smart Match failed
\0
W, 3520, 13, 2012/11/01, 15:07:43.732, 294363105547, QTAgent32.exe, Playback - [WARNING] Internal warning: Smart Match failed
\0
W, 3520, 13, 2012/11/01, 15:07:43.872, 294365117969, QTAgent32.exe, Playback - [WARNING] Internal warning: Smart Match failed
\0
W, 3520, 13, 2012/11/01, 15:07:44.013, 294367128898, QTAgent32.exe, Playback - [WARNING] Internal warning: Smart Match failed
\0
W, 3520, 13, 2012/11/01, 15:07:44.153, 294369135805, QTAgent32.exe, Playback - [WARNING] Internal warning: Smart Match failed
\0
W, 3520, 13, 2012/11/01, 15:07:44.293, 294371149355, QTAgent32.exe, Playback - [WARNING] Internal warning: Smart Match failed
\0
W, 3520, 13, 2012/11/01, 15:07:44.434, 294373175755, QTAgent32.exe, Playback - [WARNING] Internal warning: Smart Match failed
\0
W, 3520, 13, 2012/11/01, 15:07:44.574, 294375165967, QTAgent32.exe, Playback - [WARNING] Internal warning: Smart Match failed
\0
W, 3520, 13, 2012/11/01, 15:07:44.715, 294377177767, QTAgent32.exe, Playback - [WARNING] Internal warning: Smart Match failed
\0
W, 3520, 13, 2012/11/01, 15:07:44.855, 294379189280, QTAgent32.exe, Playback - [WARNING] Internal warning: Smart Match failed
\0
W, 3520, 13, 2012/11/01, 15:07:44.995, 294381198998, QTAgent32.exe, Playback - [WARNING] Internal warning: Smart Match failed
\0
W, 3520, 13, 2012/11/01, 15:07:45.136, 294383209524, QTAgent32.exe, Playback - [WARNING] Internal warning: Smart Match failed
\0
W, 3520, 13, 2012/11/01, 15:07:45.276, 294385217113, QTAgent32.exe, Playback - [WARNING] Internal warning: Smart Match failed
\0
W, 3520, 13, 2012/11/01, 15:07:45.417, 294387235208, QTAgent32.exe, Playback - [WARNING] Internal warning: Smart Match failed
\0
W, 3520, 13, 2012/11/01, 15:07:45.573, 294389463416, QTAgent32.exe, Playback - [WARNING] Internal warning: Smart Match failed
\0
W, 3520, 13, 2012/11/01, 15:07:45.713, 294391471547, QTAgent32.exe, Playback - [WARNING] Internal warning: Smart Match failed
\0
W, 3520, 13, 2012/11/01, 15:07:45.744, 294391963265, QTAgent32.exe, Playback - [WARNING] Internal warning: Window Not Found: [VisibleOnly]ControlType='Window' &amp;&amp; Name='Customer: txt1 tdsfs' &amp;&amp; ClassName='ThunderRT6MDIForm'
\0
E, 3520, 13, 2012/11/01, 15:07:45.744, 294391965395, QTAgent32.exe, &lt;a class=failure&gt;Playback - {85} [FAILED] Function ElementFetcher::FindScreenElement failed to locate UI element (Searching: ;[VisibleOnly]ControlType='Window' &amp;&amp; Name='Customer: txt1 tdsfs' &amp;&amp; ClassName='ThunderRT6MDIForm') (The object specified was not found.)
\0&lt;/a&gt;
E, 3520, 13, 2012/11/01, 15:07:45.853, 294393648098, QTAgent32.exe, Playback - [IMAGE] C:\Users\peter.zenin-ad\AppData\Local\Temp\UITestLogs\LastRun\RPFB9C4.png
\0
W, 3520, 13, 2012/11/01, 15:07:45.853, 294393650174, QTAgent32.exe, Playback - [WARNING] Internal warning: Couldn't find descendants that match QueryId
\0
W, 3520, 13, 2012/11/01, 15:07:45.853, 294393653116, QTAgent32.exe, PERF WARNING: FindTopLevelWindowHelper::FindAllDescendents: took 3186 ms. Expected it to take maximum 500 ms.
E, 3520, 13, 2012/11/01, 15:07:45.869, 294393655329, QTAgent32.exe, Exception: System.Runtime.InteropServices.COMException
	Message: Error HRESULT E_FAIL has been returned from a call to a COM component.
	Stack Trace:    at Microsoft.VisualStudio.TestTools.UITest.Playback.Engine.IRPFPlayback.FindAllScreenElements(IScreenElement pScreenElementStart, String bstrQueryId, Object&amp; pvarResKeys, Int32 cResKeys, Int32 nMaxDepth, Object[]&amp; foundDescendants)
   at Microsoft.VisualStudio.TestTools.UITest.Playback.ScreenElement.FindTopLevelWindowHelper(String queryId)
	BaseExceptionMessage: Error HRESULT E_FAIL has been returned from a call to a COM component.

E, 3520, 13, 2012/11/01, 15:07:45.869, 294393659938, QTAgent32.exe, Window 2622748 not responding. Last Win32 error 0
E, 3520, 13, 2012/11/01, 15:07:45.869, 294393663792, QTAgent32.exe, Window 2622748 not responding. Last Win32 error 1400
E, 3520, 13, 2012/11/01, 15:07:45.869, 294393668382, QTAgent32.exe, Window 2622748 not responding. Last Win32 error 1400
E, 3520, 13, 2012/11/01, 15:07:45.869, 294393669602, QTAgent32.exe, GetClassName for handle 2622748 failed
E, 3520, 13, 2012/11/01, 15:07:45.869, 294393670390, QTAgent32.exe, GetClassName for handle 2622748 failed
W, 3520, 13, 2012/11/01, 15:07:46.087, 294396857451, QTAgent32.exe, Playback - [WARNING] Internal warning: Window Not Found: [VisibleOnly]ControlType='Window' &amp;&amp; Name='Customer: autotest autotest' &amp;&amp; ClassName='ThunderRT6MDIForm'
\0
E, 3520, 13, 2012/11/01, 15:07:46.087, 294396860255, QTAgent32.exe, &lt;a class=failure&gt;Playback - {86} [FAILED] Function ElementFetcher::FindScreenElement failed to locate UI element (Searching: ;[VisibleOnly]ControlType='Window' &amp;&amp; Name='Customer: autotest autotest' &amp;&amp; ClassName='ThunderRT6MDIForm') (The object specified was not found.)
\0&lt;/a&gt;
E, 3520, 13, 2012/11/01, 15:07:46.165, 294398097392, QTAgent32.exe, Playback - [IMAGE] C:\Users\peter.zenin-ad\AppData\Local\Temp\UITestLogs\LastRun\RPFBB1C.png
\0
W, 3520, 13, 2012/11/01, 15:07:46.165, 294398099545, QTAgent32.exe, Playback - [WARNING] Internal warning: Couldn't find descendants that match QueryId
\0
W, 3520, 13, 2012/11/01, 15:07:46.618, 294404449094, QTAgent32.exe, Playback - [WARNING] Internal warning: Window Not Found: [VisibleOnly]ControlType='Window' &amp;&amp; Name='Customer: autotest autotest' &amp;&amp; ClassName='ThunderRT6MDIForm'
\0
E, 3520, 13, 2012/11/01, 15:07:46.618, 294404451808, QTAgent32.exe, &lt;a class=failure&gt;Playback - {87} [FAILED] Function ElementFetcher::FindScreenElement failed to locate UI element (Searching: ;[VisibleOnly]ControlType='Window' &amp;&amp; Name='Customer: autotest autotest' &amp;&amp; ClassName='ThunderRT6MDIForm') (The object specified was not found.)
\0&lt;/a&gt;
E, 3520, 13, 2012/11/01, 15:07:46.711, 294405888788, QTAgent32.exe, Playback - [IMAGE] C:\Users\peter.zenin-ad\AppData\Local\Temp\UITestLogs\LastRun\RPFBD30.png
\0
W, 3520, 13, 2012/11/01, 15:07:46.711, 294405890916, QTAgent32.exe, Playback - [WARNING] Internal warning: Couldn't find descendants that match QueryId
\0
W, 3520, 13, 2012/11/01, 15:07:46.711, 294405893910, QTAgent32.exe, PERF WARNING: FindTopLevelWindowHelper::FindAllDescendents: took 544 ms. Expected it to take maximum 500 ms.
W, 3520, 13, 2012/11/01, 15:07:47.164, 294412251727, QTAgent32.exe, Playback - [WARNING] Internal warning: Smart Match failed
\0
W, 3520, 13, 2012/11/01, 15:07:47.304, 294414257623, QTAgent32.exe, Playback - [WARNING] Internal warning: Smart Match failed
\0
W, 3520, 13, 2012/11/01, 15:07:47.476, 294416716308, QTAgent32.exe, Playback - [WARNING] Internal warning: Smart Match failed
\0
W, 3520, 13, 2012/11/01, 15:07:47.616, 294418724576, QTAgent32.exe, Playback - [WARNING] Internal warning: Smart Match failed
\0
W, 3520, 13, 2012/11/01, 15:07:47.757, 294420735042, QTAgent32.exe, Playback - [WARNING] Internal warning: Smart Match failed
\0
W, 3520, 13, 2012/11/01, 15:07:47.897, 294422745896, QTAgent32.exe, Playback - [WARNING] Internal warning: Smart Match failed
\0
W, 3520, 13, 2012/11/01, 15:07:48.038, 294424753817, QTAgent32.exe, Playback - [WARNING] Internal warning: Smart Match failed
\0
W, 3520, 13, 2012/11/01, 15:07:48.178, 294426768403, QTAgent32.exe, Playback - [WARNING] Internal warning: Smart Match failed
\0
W, 3520, 13, 2012/11/01, 15:07:48.318, 294428775778, QTAgent32.exe, Playback - [WARNING] Internal warning: Smart Match failed
\0
W, 3520, 13, 2012/11/01, 15:07:48.459, 294430787925, QTAgent32.exe, Playback - [WARNING] Internal warning: Smart Match failed
\0
W, 3520, 13, 2012/11/01, 15:07:48.599, 294432795963, QTAgent32.exe, Playback - [WARNING] Internal warning: Smart Match failed
\0
W, 3520, 13, 2012/11/01, 15:07:48.740, 294434805317, QTAgent32.exe, Playback - [WARNING] Internal warning: Smart Match failed
\0
W, 3520, 13, 2012/11/01, 15:07:48.880, 294436814959, QTAgent32.exe, Playback - [WARNING] Internal warning: Smart Match failed
\0
W, 3520, 13, 2012/11/01, 15:07:49.020, 294438828149, QTAgent32.exe, Playback - [WARNING] Internal warning: Smart Match failed
\0
W, 3520, 13, 2012/11/01, 15:07:49.161, 294440837206, QTAgent32.exe, Playback - [WARNING] Internal warning: Smart Match failed
\0
W, 3520, 13, 2012/11/01, 15:07:49.301, 294442845385, QTAgent32.exe, Playback - [WARNING] Internal warning: Smart Match failed
\0
W, 3520, 13, 2012/11/01, 15:07:49.457, 294445226591, QTAgent32.exe, Playback - [WARNING] Internal warning: Smart Match failed
\0
W, 3520, 13, 2012/11/01, 15:07:49.613, 294447313913, QTAgent32.exe, Playback - [WARNING] Internal warning: Smart Match failed
\0
W, 3520, 13, 2012/11/01, 15:07:49.754, 294449324050, QTAgent32.exe, Playback - [WARNING] Internal warning: Smart Match failed
\0
W, 3520, 13, 2012/11/01, 15:07:49.785, 294449824897, QTAgent32.exe, Playback - [WARNING] Internal warning: Window Not Found: [VisibleOnly]ControlType='Window' &amp;&amp; Name='Customer: autotest autotest' &amp;&amp; ClassName='ThunderRT6MDIForm'
\0
E, 3520, 13, 2012/11/01, 15:07:49.785, 294449826906, QTAgent32.exe, &lt;a class=failure&gt;Playback - {88} [FAILED] Function ElementFetcher::FindScreenElement failed to locate UI element (Searching: ;[VisibleOnly]ControlType='Window' &amp;&amp; Name='Customer: autotest autotest' &amp;&amp; ClassName='ThunderRT6MDIForm') (The object specified was not found.)
\0&lt;/a&gt;
E, 3520, 13, 2012/11/01, 15:07:49.894, 294451495521, QTAgent32.exe, Playback - [IMAGE] C:\Users\peter.zenin-ad\AppData\Local\Temp\UITestLogs\LastRun\RPFC990.png
\0
W, 3520, 13, 2012/11/01, 15:07:49.894, 294451497743, QTAgent32.exe, Playback - [WARNING] Internal warning: Couldn't find descendants that match QueryId
\0
W, 3520, 13, 2012/11/01, 15:07:49.894, 294451500750, QTAgent32.exe, PERF WARNING: FindTopLevelWindowHelper::FindAllDescendents: took 3185 ms. Expected it to take maximum 500 ms.
E, 3520, 13, 2012/11/01, 15:07:49.894, 294451502550, QTAgent32.exe, Exception: System.Runtime.InteropServices.COMException
	Message: Error HRESULT E_FAIL has been returned from a call to a COM component.
	Stack Trace:    at Microsoft.VisualStudio.TestTools.UITest.Playback.Engine.IRPFPlayback.FindAllScreenElements(IScreenElement pScreenElementStart, String bstrQueryId, Object&amp; pvarResKeys, Int32 cResKeys, Int32 nMaxDepth, Object[]&amp; foundDescendants)
   at Microsoft.VisualStudio.TestTools.UITest.Playback.ScreenElement.FindTopLevelWindowHelper(String queryId)
	BaseExceptionMessage: Error HRESULT E_FAIL has been returned from a call to a COM component.

E, 3520, 13, 2012/11/01, 15:07:49.910, 294451507501, QTAgent32.exe, Window 2622748 not responding. Last Win32 error 0
E, 3520, 13, 2012/11/01, 15:07:49.910, 294451511460, QTAgent32.exe, Window 2622748 not responding. Last Win32 error 1400
E, 3520, 13, 2012/11/01, 15:07:49.910, 294451516210, QTAgent32.exe, Window 2622748 not responding. Last Win32 error 1400
E, 3520, 13, 2012/11/01, 15:07:49.910, 294451517927, QTAgent32.exe, GetClassName for handle 2622748 failed
E, 3520, 13, 2012/11/01, 15:07:49.910, 294451518836, QTAgent32.exe, GetClassName for handle 2622748 failed
E, 3520, 13, 2012/11/01, 15:07:50.019, 294453079084, QTAgent32.exe, AL: Playback Error: Microsoft.VisualStudio.TestTools.UITest.Extension.UITestControlNotFoundException: Unable to find the top level element of the control ---&gt; Microsoft.VisualStudio.TestTools.UITest.Extension.UITestControlNotFoundException: The playback failed to find the control with the given search properties. Additional Details: 
TechnologyName:  'MSAA'
ControlType:  'Window'
 ---&gt; System.Runtime.InteropServices.COMException: Error HRESULT E_FAIL has been returned from a call to a COM component.
   at Microsoft.VisualStudio.TestTools.UITest.Playback.Engine.IRPFPlayback.FindAllScreenElements(IScreenElement pScreenElementStart, String bstrQueryId, Object&amp; pvarResKeys, Int32 cResKeys, Int32 nMaxDepth, Object[]&amp; foundDescendants)
   at Microsoft.VisualStudio.TestTools.UITest.Playback.ScreenElement.FindTopLevelWindowHelper(String queryId)
   at Microsoft.VisualStudio.TestTools.UITest.Playback.ScreenElement.FindFromPartialQueryId(String queryId)
   at Microsoft.VisualStudio.TestTools.UITesting.UITestControl..ctor(String queryId)
   --- End of inner exception stack trace ---
   at Microsoft.VisualStudio.TestTools.UITesting.Playback.MapControlNotFoundException(COMException ex, IPlaybackContext context)
   at Microsoft.VisualStudio.TestTools.UITesting.Playback.MapAndThrowComException(COMException innerException, IPlaybackContext context)
   at Microsoft.VisualStudio.TestTools.UITesting.Playback.MapAndThrowException(SystemException exception, IPlaybackContext context)
   at Microsoft.VisualStudio.TestTools.UITesting.Playback.MapAndThrowException(SystemException exception, String queryId)
   at Microsoft.VisualStudio.TestTools.UITesting.UITestControl..ctor(String queryId)
   at Microsoft.VisualStudio.TestTools.UITesting.SearchHelper.SearchTopLevelWindow(ISearchArgument topLevelSearchArg, String topLevelElementQueryId)
   at Microsoft.VisualStudio.TestTools.UITesting.SearchHelper.SearchUsingMultipleTitles(ISearchArgument topLevelSearchArg, QueryId topLevelQueryId, IList`1 windowTitles)
   --- End of inner exception stack trace ---
   at Microsoft.VisualStudio.TestTools.UITesting.SearchHelper.SearchUsingMultipleTitles(ISearchArgument topLevelSearchArg, QueryId topLevelQueryId, IList`1 windowTitles)
   at Microsoft.VisualStudio.TestTools.UITesting.SearchHelper.GetTitleUpdatedTopLevelWindow(ISearchArgument topLevelSearchArg, String queryId, IList`1 windowTitles)
   at Microsoft.VisualStudio.TestTools.UITesting.SearchHelper.GetTopLevelElement(Boolean useCache, Boolean useCacheOnly, ISearchArgument searchArg, IList`1 windowTitles, Int32&amp; timeLeft)
   at Microsoft.VisualStudio.TestTools.UITesting.SearchHelper.GetElement(Boolean useCache, ISearchArgument searchArg)
   at Microsoft.VisualStudio.TestTools.UITesting.SearchHelper.Search(ISearchArgument searchArg)
   at Microsoft.VisualStudio.TestTools.UITesting.UITestControl.FindInternal()
   at Microsoft.VisualStudio.TestTools.UITesting.UITestControl.FindControlIfNecessary()
   at Microsoft.VisualStudio.TestTools.UITesting.UITestControl.Click(MouseButtons button, ModifierKeys modifierKeys, Point relativeCoordinates)
   at Microsoft.VisualStudio.TestTools.UITesting.Mouse.ClickImplementation(UITestControl control, MouseButtons button, ModifierKeys modifierKeys, Point relativeCoordinate)
   at Microsoft.VisualStudio.TestTools.UITesting.Mouse.ClickImplementationWrapper(UITestControl control, MouseButtons button, ModifierKeys modifierKeys, Point relativeCoordinate)
W, 3520, 13, 2012/11/01, 15:07:50.019, 294453080759, QTAgent32.exe, PlaybackErrorHandler: Ignoring exception as ContinueOnError is set.
W, 3520, 13, 2012/11/01, 15:07:50.362, 294458081526, QTAgent32.exe, &lt;a class=success&gt;Playback - {89} [SUCCESS] MouseButtonClick - "[MSAA, VisibleOnly]ControlType='Button' &amp;&amp; Name='Close'"
\0&lt;/a&gt;
W, 3520, 13, 2012/11/01, 15:07:54.855, 294522377392, QTAgent32.exe, IEDOM : StopSession of the plugin called before StartSession
W, 3520, 13, 2012/11/01, 15:07:54.855, 294522378641, QTAgent32.exe, UIA : StopSession of the plugin called before StartSession
W, 3520, 13, 2012/11/01, 15:07:54.855, 294522384421, QTAgent32.exe, SLPlugin : StopSession of the plugin called before StartSession
</DebugTrace>
        <ErrorInfo>
          <Message>Test method TestProject7.TamAutotest.HouseTest2 threw exception: 
Microsoft.VisualStudio.TestTools.UITest.Extension.FailedToPerformActionOnBlockedControlException: Window 'Policy: autotest' is blocking the control . Please move the window 'Policy: autotest' or make the control  visible and retry the action. Additional Details: 
TechnologyName:  'MSAA'
ControlType:  'Edit'
 ---&gt; System.Runtime.InteropServices.COMException: Exception from HRESULT: 0xF004F003</Message>
          <StackTrace>    at Microsoft.VisualStudio.TestTools.UITest.Playback.Engine.IScreenElement.MouseButtonClick(Int32 x, Int32 y, Int32 nButton, Int32 fEnsureVisible, String bstrKeyModifiers)
   at Microsoft.VisualStudio.TestTools.UITest.Playback.ScreenElement.MouseButtonClick(Int32 x, Int32 y, MouseButtons button, ModifierKeys modifierKeys, Int32 ensureVisible)
   at Microsoft.VisualStudio.TestTools.UITesting.UITestControl.Click(MouseButtons button, ModifierKeys modifierKeys, Point relativeCoordinates)
 --- End of inner exception stack trace ---
    at Microsoft.VisualStudio.TestTools.UITesting.Playback.ThrowIfAnotherWindowIsBlockingControl(COMException ex, IPlaybackContext context)
   at Microsoft.VisualStudio.TestTools.UITesting.Playback.MapAndThrowComException(COMException innerException, IPlaybackContext context)
   at Microsoft.VisualStudio.TestTools.UITesting.Playback.MapAndThrowException(SystemException exception, IPlaybackContext context)
   at Microsoft.VisualStudio.TestTools.UITesting.Playback.MapAndThrowException(SystemException exception, String actionName, UITestControl uiControl, Point point)
   at Microsoft.VisualStudio.TestTools.UITesting.UITestControl.Click(MouseButtons button, ModifierKeys modifierKeys, Point relativeCoordinates)
   at Microsoft.VisualStudio.TestTools.UITesting.Mouse.ClickImplementation(UITestControl control, MouseButtons button, ModifierKeys modifierKeys, Point relativeCoordinate)
   at Microsoft.VisualStudio.TestTools.UITesting.Mouse.ClickImplementationWrapper(UITestControl control, MouseButtons button, ModifierKeys modifierKeys, Point relativeCoordinate)
   at Microsoft.VisualStudio.TestTools.UITesting.Mouse.Click(UITestControl control, Point relativeCoordinate)
   at TestProject7.UIMap.HomeClickPremium() in C:\Users\peter.zenin-ad\Desktop\TestProject7\TestProject7\UIMap.Designer.cs:line 994
   at TestProject7.TamAutotest.HouseTest2() in C:\Users\peter.zenin-ad\Desktop\TestProject7\TestProject7\CodedUITest1.cs:line 575
</StackTrace>
        </ErrorInfo>
      </Output>
      <ResultFiles>
        <ResultFile path="ICLVDEVAP01\HouseTest2.png" />
      </ResultFiles>
      <ExtensionResult>Exception has been thrown by the target of an invocation.</ExtensionResult>
    </UnitTestResult>
  </Results>
</TestRun>