<?xml version="1.0" encoding="UTF-8"?>
<TestRun id="ed8741c6-5aa2-4ec6-9491-d2b4efd9890e" name="peter.zenin-ad@ICLVDEVAP01 2012-11-01 13:05:47" runUser="INSUR-E\peter.zenin-ad" xmlns="http://microsoft.com/schemas/VisualStudio/TeamTest/2010">
  <TestSettings name="Default Test Settings" id="143d2d83-ee94-42c4-8cbd-683506fb1b9e">
    <Execution>
      <TestTypeSpecific />
      <AgentRule name="Execution Agents">
      </AgentRule>
    </Execution>
    <Deployment runDeploymentRoot="peter.zenin-ad_ICLVDEVAP01 2012-11-01 13_05_47" />
  </TestSettings>
  <Times creation="2012-11-01T13:05:47.5643379+00:00" queuing="2012-11-01T13:05:48.1259631+00:00" start="2012-11-01T13:05:48.1883659+00:00" finish="2012-11-01T13:21:52.2510799+00:00" />
  <ResultSummary outcome="Failed">
    <Counters total="12" executed="12" passed="4" error="0" failed="8" timeout="0" aborted="0" inconclusive="0" passedButRunAborted="0" notRunnable="0" notExecuted="0" disconnected="0" warning="0" completed="0" inProgress="0" pending="0" />
  </ResultSummary>
  <TestDefinitions>
    <UnitTest name="MotoTest11" storage="testproject7.dll" id="0f4d10f2-7035-3d68-762a-b62c4853fb8a">
      <Execution id="5280c34e-9865-48a5-bf1f-3415fdab1050" />
      <TestMethod codeBase="C:/Users/peter.zenin-ad/Desktop/TestProject7/TestProject7/bin/Debug/TestProject7.dll" adapterTypeName="Microsoft.VisualStudio.TestTools.TestTypes.Unit.UnitTestAdapter, Microsoft.VisualStudio.QualityTools.Tips.UnitTest.Adapter, Version=10.0.0.0, Culture=neutral, PublicKeyToken=b03f5f7f11d50a3a" className="TestProject7.TamAutotest, TestProject7, Version=1.0.0.0, Culture=neutral, PublicKeyToken=null" name="MotoTest11" />
      <Extension>Microsoft.VisualStudio.TestTools.UITesting.CodedUITestAttribute, Microsoft.VisualStudio.QualityTools.CodedUITestFramework, Version=10.0.0.0, Culture=neutral, PublicKeyToken=b03f5f7f11d50a3a</Extension>
    </UnitTest>
    <UnitTest name="MotoTest8" storage="testproject7.dll" id="07cf762e-0596-8be3-6b38-ed80b9a02463">
      <Execution id="4bff495a-cfc6-4e05-bad1-c8bc80fc2e1c" />
      <TestMethod codeBase="C:/Users/peter.zenin-ad/Desktop/TestProject7/TestProject7/bin/Debug/TestProject7.dll" adapterTypeName="Microsoft.VisualStudio.TestTools.TestTypes.Unit.UnitTestAdapter, Microsoft.VisualStudio.QualityTools.Tips.UnitTest.Adapter, Version=10.0.0.0, Culture=neutral, PublicKeyToken=b03f5f7f11d50a3a" className="TestProject7.TamAutotest, TestProject7, Version=1.0.0.0, Culture=neutral, PublicKeyToken=null" name="MotoTest8" />
      <Extension>Microsoft.VisualStudio.TestTools.UITesting.CodedUITestAttribute, Microsoft.VisualStudio.QualityTools.CodedUITestFramework, Version=10.0.0.0, Culture=neutral, PublicKeyToken=b03f5f7f11d50a3a</Extension>
    </UnitTest>
    <UnitTest name="MotoTest3" storage="testproject7.dll" id="450e4b2d-ad88-da3f-6d50-5c9a0ae1aa51">
      <Execution id="b5135d47-3fa3-4a70-9c72-f7b88b984ac7" />
      <TestMethod codeBase="C:/Users/peter.zenin-ad/Desktop/TestProject7/TestProject7/bin/Debug/TestProject7.dll" adapterTypeName="Microsoft.VisualStudio.TestTools.TestTypes.Unit.UnitTestAdapter, Microsoft.VisualStudio.QualityTools.Tips.UnitTest.Adapter, Version=10.0.0.0, Culture=neutral, PublicKeyToken=b03f5f7f11d50a3a" className="TestProject7.TamAutotest, TestProject7, Version=1.0.0.0, Culture=neutral, PublicKeyToken=null" name="MotoTest3" />
      <Extension>Microsoft.VisualStudio.TestTools.UITesting.CodedUITestAttribute, Microsoft.VisualStudio.QualityTools.CodedUITestFramework, Version=10.0.0.0, Culture=neutral, PublicKeyToken=b03f5f7f11d50a3a</Extension>
    </UnitTest>
    <UnitTest name="MotoTest7" storage="testproject7.dll" id="e022376f-b2fb-4981-6140-b019eeaa6c94">
      <Execution id="f5955e84-669c-4867-b83b-d9807e701a73" />
      <TestMethod codeBase="C:/Users/peter.zenin-ad/Desktop/TestProject7/TestProject7/bin/Debug/TestProject7.dll" adapterTypeName="Microsoft.VisualStudio.TestTools.TestTypes.Unit.UnitTestAdapter, Microsoft.VisualStudio.QualityTools.Tips.UnitTest.Adapter, Version=10.0.0.0, Culture=neutral, PublicKeyToken=b03f5f7f11d50a3a" className="TestProject7.TamAutotest, TestProject7, Version=1.0.0.0, Culture=neutral, PublicKeyToken=null" name="MotoTest7" />
      <Extension>Microsoft.VisualStudio.TestTools.UITesting.CodedUITestAttribute, Microsoft.VisualStudio.QualityTools.CodedUITestFramework, Version=10.0.0.0, Culture=neutral, PublicKeyToken=b03f5f7f11d50a3a</Extension>
    </UnitTest>
    <UnitTest name="MotoTest12" storage="testproject7.dll" id="614f56be-e9c0-f1e7-ad65-1f0b7d6a0f1c">
      <Execution id="d705ac6f-31e0-4a73-b6a5-ec23c87dc062" />
      <TestMethod codeBase="C:/Users/peter.zenin-ad/Desktop/TestProject7/TestProject7/bin/Debug/TestProject7.dll" adapterTypeName="Microsoft.VisualStudio.TestTools.TestTypes.Unit.UnitTestAdapter, Microsoft.VisualStudio.QualityTools.Tips.UnitTest.Adapter, Version=10.0.0.0, Culture=neutral, PublicKeyToken=b03f5f7f11d50a3a" className="TestProject7.TamAutotest, TestProject7, Version=1.0.0.0, Culture=neutral, PublicKeyToken=null" name="MotoTest12" />
      <Extension>Microsoft.VisualStudio.TestTools.UITesting.CodedUITestAttribute, Microsoft.VisualStudio.QualityTools.CodedUITestFramework, Version=10.0.0.0, Culture=neutral, PublicKeyToken=b03f5f7f11d50a3a</Extension>
    </UnitTest>
    <UnitTest name="MotoTest5" storage="testproject7.dll" id="10042bab-44aa-7cea-8ac0-06cc3b3adbb3">
      <Execution id="8b87790b-3441-4784-8427-8d1c21dea25c" />
      <TestMethod codeBase="C:/Users/peter.zenin-ad/Desktop/TestProject7/TestProject7/bin/Debug/TestProject7.dll" adapterTypeName="Microsoft.VisualStudio.TestTools.TestTypes.Unit.UnitTestAdapter, Microsoft.VisualStudio.QualityTools.Tips.UnitTest.Adapter, Version=10.0.0.0, Culture=neutral, PublicKeyToken=b03f5f7f11d50a3a" className="TestProject7.TamAutotest, TestProject7, Version=1.0.0.0, Culture=neutral, PublicKeyToken=null" name="MotoTest5" />
      <Extension>Microsoft.VisualStudio.TestTools.UITesting.CodedUITestAttribute, Microsoft.VisualStudio.QualityTools.CodedUITestFramework, Version=10.0.0.0, Culture=neutral, PublicKeyToken=b03f5f7f11d50a3a</Extension>
    </UnitTest>
    <UnitTest name="MotoTest4" storage="testproject7.dll" id="4e743fde-a814-86c0-27fd-8728ac2cb692">
      <Execution id="eb40713b-1890-4bdf-ab9e-272ee6a81412" />
      <TestMethod codeBase="C:/Users/peter.zenin-ad/Desktop/TestProject7/TestProject7/bin/Debug/TestProject7.dll" adapterTypeName="Microsoft.VisualStudio.TestTools.TestTypes.Unit.UnitTestAdapter, Microsoft.VisualStudio.QualityTools.Tips.UnitTest.Adapter, Version=10.0.0.0, Culture=neutral, PublicKeyToken=b03f5f7f11d50a3a" className="TestProject7.TamAutotest, TestProject7, Version=1.0.0.0, Culture=neutral, PublicKeyToken=null" name="MotoTest4" />
      <Extension>Microsoft.VisualStudio.TestTools.UITesting.CodedUITestAttribute, Microsoft.VisualStudio.QualityTools.CodedUITestFramework, Version=10.0.0.0, Culture=neutral, PublicKeyToken=b03f5f7f11d50a3a</Extension>
    </UnitTest>
    <UnitTest name="MotoTest2" storage="testproject7.dll" id="6a41f98c-60c7-3333-a5a3-d5d87b5c35c7">
      <Execution id="e61ac904-5cf6-4b1a-80c3-bb168138c172" />
      <TestMethod codeBase="C:/Users/peter.zenin-ad/Desktop/TestProject7/TestProject7/bin/Debug/TestProject7.dll" adapterTypeName="Microsoft.VisualStudio.TestTools.TestTypes.Unit.UnitTestAdapter, Microsoft.VisualStudio.QualityTools.Tips.UnitTest.Adapter, Version=10.0.0.0, Culture=neutral, PublicKeyToken=b03f5f7f11d50a3a" className="TestProject7.TamAutotest, TestProject7, Version=1.0.0.0, Culture=neutral, PublicKeyToken=null" name="MotoTest2" />
      <Extension>Microsoft.VisualStudio.TestTools.UITesting.CodedUITestAttribute, Microsoft.VisualStudio.QualityTools.CodedUITestFramework, Version=10.0.0.0, Culture=neutral, PublicKeyToken=b03f5f7f11d50a3a</Extension>
    </UnitTest>
    <UnitTest name="MotoTest6" storage="testproject7.dll" id="b7f68495-37f9-58f0-5c9b-6e190b9adaa8">
      <Execution id="2fa4bc9a-f9df-4e7f-ac57-785723a32eb4" />
      <TestMethod codeBase="C:/Users/peter.zenin-ad/Desktop/TestProject7/TestProject7/bin/Debug/TestProject7.dll" adapterTypeName="Microsoft.VisualStudio.TestTools.TestTypes.Unit.UnitTestAdapter, Microsoft.VisualStudio.QualityTools.Tips.UnitTest.Adapter, Version=10.0.0.0, Culture=neutral, PublicKeyToken=b03f5f7f11d50a3a" className="TestProject7.TamAutotest, TestProject7, Version=1.0.0.0, Culture=neutral, PublicKeyToken=null" name="MotoTest6" />
      <Extension>Microsoft.VisualStudio.TestTools.UITesting.CodedUITestAttribute, Microsoft.VisualStudio.QualityTools.CodedUITestFramework, Version=10.0.0.0, Culture=neutral, PublicKeyToken=b03f5f7f11d50a3a</Extension>
    </UnitTest>
    <UnitTest name="MotoTest10" storage="testproject7.dll" id="8efed318-945d-2a9d-e29d-a71a05da5660">
      <Execution id="86241206-29d7-4d06-9cb9-9c49be4be0b6" />
      <TestMethod codeBase="C:/Users/peter.zenin-ad/Desktop/TestProject7/TestProject7/bin/Debug/TestProject7.dll" adapterTypeName="Microsoft.VisualStudio.TestTools.TestTypes.Unit.UnitTestAdapter, Microsoft.VisualStudio.QualityTools.Tips.UnitTest.Adapter, Version=10.0.0.0, Culture=neutral, PublicKeyToken=b03f5f7f11d50a3a" className="TestProject7.TamAutotest, TestProject7, Version=1.0.0.0, Culture=neutral, PublicKeyToken=null" name="MotoTest10" />
      <Extension>Microsoft.VisualStudio.TestTools.UITesting.CodedUITestAttribute, Microsoft.VisualStudio.QualityTools.CodedUITestFramework, Version=10.0.0.0, Culture=neutral, PublicKeyToken=b03f5f7f11d50a3a</Extension>
    </UnitTest>
    <UnitTest name="MotoTest1" storage="testproject7.dll" id="9e6b6d54-b79f-e7d9-2609-a84c350c12a1">
      <Execution id="3ca86c4e-9d01-4873-a7e7-8177f1f5e46e" />
      <TestMethod codeBase="C:/Users/peter.zenin-ad/Desktop/TestProject7/TestProject7/bin/Debug/TestProject7.dll" adapterTypeName="Microsoft.VisualStudio.TestTools.TestTypes.Unit.UnitTestAdapter, Microsoft.VisualStudio.QualityTools.Tips.UnitTest.Adapter, Version=10.0.0.0, Culture=neutral, PublicKeyToken=b03f5f7f11d50a3a" className="TestProject7.TamAutotest, TestProject7, Version=1.0.0.0, Culture=neutral, PublicKeyToken=null" name="MotoTest1" />
      <Extension>Microsoft.VisualStudio.TestTools.UITesting.CodedUITestAttribute, Microsoft.VisualStudio.QualityTools.CodedUITestFramework, Version=10.0.0.0, Culture=neutral, PublicKeyToken=b03f5f7f11d50a3a</Extension>
    </UnitTest>
    <UnitTest name="MotoTest9" storage="testproject7.dll" id="1820a643-3d71-abad-9636-2b810c74ae19">
      <Execution id="630e555b-7d3b-4c00-8f6a-a0072a4ee969" />
      <TestMethod codeBase="C:/Users/peter.zenin-ad/Desktop/TestProject7/TestProject7/bin/Debug/TestProject7.dll" adapterTypeName="Microsoft.VisualStudio.TestTools.TestTypes.Unit.UnitTestAdapter, Microsoft.VisualStudio.QualityTools.Tips.UnitTest.Adapter, Version=10.0.0.0, Culture=neutral, PublicKeyToken=b03f5f7f11d50a3a" className="TestProject7.TamAutotest, TestProject7, Version=1.0.0.0, Culture=neutral, PublicKeyToken=null" name="MotoTest9" />
      <Extension>Microsoft.VisualStudio.TestTools.UITesting.CodedUITestAttribute, Microsoft.VisualStudio.QualityTools.CodedUITestFramework, Version=10.0.0.0, Culture=neutral, PublicKeyToken=b03f5f7f11d50a3a</Extension>
    </UnitTest>
  </TestDefinitions>
  <TestLists>
    <TestList name="Results Not in a List" id="8c84fa94-04c1-424b-9868-57a2d4851a1d" />
    <TestList name="All Loaded Results" id="19431567-8539-422a-85d7-44ee4e166bda" />
  </TestLists>
  <TestEntries>
    <TestEntry testId="9e6b6d54-b79f-e7d9-2609-a84c350c12a1" executionId="3ca86c4e-9d01-4873-a7e7-8177f1f5e46e" testListId="8c84fa94-04c1-424b-9868-57a2d4851a1d" />
    <TestEntry testId="8efed318-945d-2a9d-e29d-a71a05da5660" executionId="86241206-29d7-4d06-9cb9-9c49be4be0b6" testListId="8c84fa94-04c1-424b-9868-57a2d4851a1d" />
    <TestEntry testId="0f4d10f2-7035-3d68-762a-b62c4853fb8a" executionId="5280c34e-9865-48a5-bf1f-3415fdab1050" testListId="8c84fa94-04c1-424b-9868-57a2d4851a1d" />
    <TestEntry testId="614f56be-e9c0-f1e7-ad65-1f0b7d6a0f1c" executionId="d705ac6f-31e0-4a73-b6a5-ec23c87dc062" testListId="8c84fa94-04c1-424b-9868-57a2d4851a1d" />
    <TestEntry testId="6a41f98c-60c7-3333-a5a3-d5d87b5c35c7" executionId="e61ac904-5cf6-4b1a-80c3-bb168138c172" testListId="8c84fa94-04c1-424b-9868-57a2d4851a1d" />
    <TestEntry testId="450e4b2d-ad88-da3f-6d50-5c9a0ae1aa51" executionId="b5135d47-3fa3-4a70-9c72-f7b88b984ac7" testListId="8c84fa94-04c1-424b-9868-57a2d4851a1d" />
    <TestEntry testId="4e743fde-a814-86c0-27fd-8728ac2cb692" executionId="eb40713b-1890-4bdf-ab9e-272ee6a81412" testListId="8c84fa94-04c1-424b-9868-57a2d4851a1d" />
    <TestEntry testId="10042bab-44aa-7cea-8ac0-06cc3b3adbb3" executionId="8b87790b-3441-4784-8427-8d1c21dea25c" testListId="8c84fa94-04c1-424b-9868-57a2d4851a1d" />
    <TestEntry testId="b7f68495-37f9-58f0-5c9b-6e190b9adaa8" executionId="2fa4bc9a-f9df-4e7f-ac57-785723a32eb4" testListId="8c84fa94-04c1-424b-9868-57a2d4851a1d" />
    <TestEntry testId="e022376f-b2fb-4981-6140-b019eeaa6c94" executionId="f5955e84-669c-4867-b83b-d9807e701a73" testListId="8c84fa94-04c1-424b-9868-57a2d4851a1d" />
    <TestEntry testId="07cf762e-0596-8be3-6b38-ed80b9a02463" executionId="4bff495a-cfc6-4e05-bad1-c8bc80fc2e1c" testListId="8c84fa94-04c1-424b-9868-57a2d4851a1d" />
    <TestEntry testId="1820a643-3d71-abad-9636-2b810c74ae19" executionId="630e555b-7d3b-4c00-8f6a-a0072a4ee969" testListId="8c84fa94-04c1-424b-9868-57a2d4851a1d" />
  </TestEntries>
  <Results>
    <UnitTestResult executionId="3ca86c4e-9d01-4873-a7e7-8177f1f5e46e" testId="9e6b6d54-b79f-e7d9-2609-a84c350c12a1" testName="MotoTest1" computerName="ICLVDEVAP01" duration="00:03:03.0469103" startTime="2012-11-01T13:05:48.2039666+00:00" endTime="2012-11-01T13:08:51.6837993+00:00" testType="13cdc9d9-ddb5-4fa4-a97d-d965ccfc6d4b" outcome="Passed" testListId="8c84fa94-04c1-424b-9868-57a2d4851a1d" relativeResultsDirectory="3ca86c4e-9d01-4873-a7e7-8177f1f5e46e">
      <Output>
        <DebugTrace>W, 3800, 14, 2012/11/01, 13:05:49.202, 189638523997, QTAgent32.exe, ExtensionFramework : A Technology Manager with name Web is already registered.
W, 3800, 14, 2012/11/01, 13:05:50.372, 189655201206, QTAgent32.exe, &lt;a class=success&gt;Playback - {1} [SUCCESS] MouseButtonClick - "[MSAA, VisibleOnly]ControlType='Edit'"
\0&lt;/a&gt;
W, 3800, 14, 2012/11/01, 13:05:50.622, 189658771982, QTAgent32.exe, &lt;a class=success&gt;Playback - {2} [SUCCESS] SendKeys "[*]" - "[MSAA, VisibleOnly]ControlType='Edit'"
\0&lt;/a&gt;
W, 3800, 14, 2012/11/01, 13:05:51.558, 189672235933, QTAgent32.exe, &lt;a class=success&gt;Playback - {3} [SUCCESS] MouseButtonClick - "[MSAA, VisibleOnly]ControlType='Button' &amp;&amp; Name='OK'"
\0&lt;/a&gt;
W, 3800, 14, 2012/11/01, 13:05:52.228, 189681816011, QTAgent32.exe, &lt;a class=success&gt;Playback - {4} [SUCCESS] MouseButtonClick - "[MSAA, VisibleOnly]ControlType='Button' &amp;&amp; Name='OK'"
\0&lt;/a&gt;
W, 3800, 14, 2012/11/01, 13:05:52.696, 189688527253, QTAgent32.exe, &lt;a class=success&gt;Playback - {5} [SUCCESS] MouseButtonClick - "[MSAA, VisibleOnly]ControlType='Button' &amp;&amp; Name='Clients &amp; Files'"
\0&lt;/a&gt;
W, 3800, 14, 2012/11/01, 13:05:53.118, 189694583000, QTAgent32.exe, &lt;a class=success&gt;Playback - {6} [SUCCESS] MouseButtonClick - "[MSAA, VisibleOnly]ControlType='Button' &amp;&amp; Name='Clients &amp; Files'"
\0&lt;/a&gt;
W, 3800, 14, 2012/11/01, 13:05:53.555, 189700868424, QTAgent32.exe, Playback - [WARNING] Internal warning: Window Not Found: [VisibleOnly]ControlType='Window' &amp;&amp; Name='Customer: txt1 tdsfs' &amp;&amp; ClassName='ThunderRT6MDIForm'
\0
E, 3800, 14, 2012/11/01, 13:05:53.555, 189700871322, QTAgent32.exe, &lt;a class=failure&gt;Playback - {7} [FAILED] Function ElementFetcher::FindScreenElement failed to locate UI element (Searching: ;[VisibleOnly]ControlType='Window' &amp;&amp; Name='Customer: txt1 tdsfs' &amp;&amp; ClassName='ThunderRT6MDIForm') (The object specified was not found.)
\0&lt;/a&gt;
E, 3800, 14, 2012/11/01, 13:05:53.960, 189706703947, QTAgent32.exe, Playback - [IMAGE] C:\Users\peter.zenin-ad\AppData\Local\Temp\UITestLogs\LastRun\RPF281C.png
\0
W, 3800, 14, 2012/11/01, 13:05:53.960, 189706705978, QTAgent32.exe, Playback - [WARNING] Internal warning: Couldn't find descendants that match QueryId
\0
W, 3800, 14, 2012/11/01, 13:05:53.960, 189706709171, QTAgent32.exe, PERF WARNING: FindTopLevelWindowHelper::FindAllDescendents: took 729 ms. Expected it to take maximum 500 ms.
W, 3800, 14, 2012/11/01, 13:06:12.010, 189965116237, QTAgent32.exe, Playback - [WARNING] Internal warning: Window Not Found: [VisibleOnly]ControlType='Window' &amp;&amp; Name='Customer: txt1 tdsfs' &amp;&amp; ClassName='ThunderRT6MDIForm'
\0
E, 3800, 14, 2012/11/01, 13:06:12.010, 189965120512, QTAgent32.exe, &lt;a class=failure&gt;Playback - {8} [FAILED] Function ElementFetcher::FindScreenElement failed to locate UI element (Searching: ;[VisibleOnly]ControlType='Window' &amp;&amp; Name='Customer: txt1 tdsfs' &amp;&amp; ClassName='ThunderRT6MDIForm') (The object specified was not found.)
\0&lt;/a&gt;
E, 3800, 14, 2012/11/01, 13:06:12.244, 189968525545, QTAgent32.exe, Playback - [IMAGE] C:\Users\peter.zenin-ad\AppData\Local\Temp\UITestLogs\LastRun\RPF7034.png
\0
W, 3800, 14, 2012/11/01, 13:06:12.244, 189968527607, QTAgent32.exe, Playback - [WARNING] Internal warning: Couldn't find descendants that match QueryId
\0
W, 3800, 14, 2012/11/01, 13:06:12.244, 189968530584, QTAgent32.exe, PERF WARNING: FindTopLevelWindowHelper::FindAllDescendents: took 18276 ms. Expected it to take maximum 500 ms.
W, 3800, 14, 2012/11/01, 13:06:12.759, 189975871553, QTAgent32.exe, Playback - [WARNING] Internal warning: Window with Class "ThunderRT6MDIForm" and Title "Customer: txt1 tdsfs" was not found, so similar window with Class "ThunderRT6MDIForm" and Title "Customer: autotest" was accepted
\0
W, 3800, 14, 2012/11/01, 13:06:12.759, 189975875866, QTAgent32.exe, PERF WARNING: FindTopLevelWindowHelper::FindAllDescendents: took 512 ms. Expected it to take maximum 500 ms.
W, 3800, 14, 2012/11/01, 13:06:14.444, 189999919333, QTAgent32.exe, Playback - [WARNING] Internal warning: Incorrect flag set for InvokeProgrammaticAction\0
W, 3800, 14, 2012/11/01, 13:06:14.771, 190004557782, QTAgent32.exe, &lt;a class=success&gt;Playback - {9} [SUCCESS] SetValueAsComboBox "Customers" - "[MSAA, VisibleOnly]ControlType='ComboBox'"  &lt; SetValueAsComboBox, set by clicking on the item in the list box &gt;
\0&lt;/a&gt;
W, 3800, 14, 2012/11/01, 13:06:15.427, 190014116307, QTAgent32.exe, &lt;a class=success&gt;Playback - {10} [SUCCESS] MouseButtonClick - "[MSAA, VisibleOnly]ControlType='Button' &amp;&amp; Name='Add'"
\0&lt;/a&gt;
W, 3800, 14, 2012/11/01, 13:06:15.832, 190019728393, QTAgent32.exe, &lt;a class=success&gt;Playback - {11} [SUCCESS] SendKeys "autotest" - "[MSAA, VisibleOnly]ControlType='RadioButton' &amp;&amp; Name='Personal Lines'"
\0&lt;/a&gt;
E, 3800, 14, 2012/11/01, 13:06:16.004, 190022353740, QTAgent32.exe, LoadLibrary() : Unable to find the resource 37382 from assembly C:\Windows\system32\en-US\ieframe.dll.mui: Error1814
E, 3800, 14, 2012/11/01, 13:06:16.004, 190022359253, QTAgent32.exe, LoadLibrary() : Unable to find the resource 41728 from assembly C:\Windows\system32\en-US\ieframe.dll.mui: Error1814
E, 3800, 14, 2012/11/01, 13:06:16.004, 190022361436, QTAgent32.exe, LoadLibrary() : Unable to find the resource 8131 from assembly C:\Windows\system32\en-US\ieframe.dll.mui: Error1814
E, 3800, 14, 2012/11/01, 13:06:16.004, 190022363718, QTAgent32.exe, LoadLibrary() : Unable to find the resource 8131 from assembly C:\Windows\system32\en-US\ieframe.dll.mui: Error1814
E, 3800, 14, 2012/11/01, 13:06:16.004, 190022367138, QTAgent32.exe, LoadLibrary() : Unable to find the resource 8131 from assembly C:\Windows\system32\en-US\ieframe.dll.mui: Error1814
E, 3800, 14, 2012/11/01, 13:06:16.020, 190022439405, QTAgent32.exe, LoadLibrary() : Unable to find the resource 803 from assembly C:\Windows\system32\en-US\user32.dll.mui: Error1814
W, 3800, 14, 2012/11/01, 13:06:16.394, 190027773275, QTAgent32.exe, &lt;a class=success&gt;Playback - {12} [SUCCESS] SetValueAsEditBox "autotest" - "[MSAA, VisibleOnly]ControlType='Edit'"  &lt; Set via SendKeys &gt;
\0&lt;/a&gt;
W, 3800, 14, 2012/11/01, 13:06:16.956, 190036016276, QTAgent32.exe, &lt;a class=success&gt;Playback - {13} [SUCCESS] MouseButtonClick - "[MSAA, VisibleOnly]ControlType='Button' &amp;&amp; Name='OK'"
\0&lt;/a&gt;
W, 3800, 14, 2012/11/01, 13:06:17.533, 190044121102, QTAgent32.exe, &lt;a class=success&gt;Playback - {14} [SUCCESS] MouseButtonClick - "[MSAA, VisibleOnly]ControlType='Button' &amp;&amp; Name='Yes'"
\0&lt;/a&gt;
W, 3800, 14, 2012/11/01, 13:06:17.751, 190047202536, QTAgent32.exe, &lt;a class=success&gt;Playback - {15} [SUCCESS] SendKeys "^{HOME}" - "[MSAA, VisibleOnly]ControlType='Edit'"
\0&lt;/a&gt;
E, 3800, 14, 2012/11/01, 13:06:17.751, 190047237628, QTAgent32.exe, Msaa.GetFocusedElement: could not find accessible object of foreground window
W, 3800, 14, 2012/11/01, 13:06:17.845, 190048543562, QTAgent32.exe, &lt;a class=success&gt;Playback - {16} [SUCCESS] SendKeys "^+{END}" - "[MSAA, VisibleOnly]ControlType='Edit'"
\0&lt;/a&gt;
E, 3800, 14, 2012/11/01, 13:06:17.845, 190048546290, QTAgent32.exe, Msaa.GetFocusedElement: could not find accessible object of foreground window
W, 3800, 14, 2012/11/01, 13:06:17.876, 190048989438, QTAgent32.exe, &lt;a class=success&gt;Playback - {17} [SUCCESS] SendKeys "{DELETE}" - "[MSAA, VisibleOnly]ControlType='Edit'"
\0&lt;/a&gt;
W, 3800, 14, 2012/11/01, 13:06:17.954, 190050111068, QTAgent32.exe, &lt;a class=success&gt;Playback - {18} [SUCCESS] SetValueAsEditBox "1" - "[MSAA, VisibleOnly]ControlType='Edit'"  &lt; Set via SendKeys &gt;
\0&lt;/a&gt;
W, 3800, 14, 2012/11/01, 13:06:18.188, 190053456423, QTAgent32.exe, &lt;a class=success&gt;Playback - {19} [SUCCESS] SendKeys "^{HOME}" - "[MSAA, VisibleOnly]ControlType='Edit'"
\0&lt;/a&gt;
E, 3800, 14, 2012/11/01, 13:06:18.188, 190053458925, QTAgent32.exe, Msaa.GetFocusedElement: could not find accessible object of foreground window
W, 3800, 14, 2012/11/01, 13:06:18.282, 190054797177, QTAgent32.exe, &lt;a class=success&gt;Playback - {20} [SUCCESS] SendKeys "^+{END}" - "[MSAA, VisibleOnly]ControlType='Edit'"
\0&lt;/a&gt;
E, 3800, 14, 2012/11/01, 13:06:18.282, 190054799785, QTAgent32.exe, Msaa.GetFocusedElement: could not find accessible object of foreground window
W, 3800, 14, 2012/11/01, 13:06:18.297, 190055020884, QTAgent32.exe, &lt;a class=success&gt;Playback - {21} [SUCCESS] SendKeys "{DELETE}" - "[MSAA, VisibleOnly]ControlType='Edit'"
\0&lt;/a&gt;
W, 3800, 14, 2012/11/01, 13:06:18.375, 190056140314, QTAgent32.exe, &lt;a class=success&gt;Playback - {22} [SUCCESS] SetValueAsEditBox "1" - "[MSAA, VisibleOnly]ControlType='Edit'"  &lt; Set via SendKeys &gt;
\0&lt;/a&gt;
W, 3800, 14, 2012/11/01, 13:06:18.890, 190063569217, QTAgent32.exe, &lt;a class=success&gt;Playback - {23} [SUCCESS] MouseButtonClick - "[MSAA, VisibleOnly]ControlType='Button' &amp;&amp; Name='OK'"
\0&lt;/a&gt;
W, 3800, 14, 2012/11/01, 13:06:19.483, 190072110646, QTAgent32.exe, &lt;a class=success&gt;Playback - {24} [SUCCESS] MouseButtonClick - "[MSAA, VisibleOnly]ControlType='Button'"
\0&lt;/a&gt;
W, 3800, 14, 2012/11/01, 13:06:19.998, 190079417613, QTAgent32.exe, &lt;a class=success&gt;Playback - {25} [SUCCESS] MouseButtonClick - "[MSAA, VisibleOnly]ControlType='Button' &amp;&amp; Name='Add'"
\0&lt;/a&gt;
W, 3800, 14, 2012/11/01, 13:06:20.528, 190087109655, QTAgent32.exe, &lt;a class=success&gt;Playback - {26} [SUCCESS] MouseButtonClick - "[MSAA, VisibleOnly]ControlType='Button' &amp;&amp; Name='OK'"
\0&lt;/a&gt;
W, 3800, 14, 2012/11/01, 13:06:23.024, 190122755652, QTAgent32.exe, &lt;a class=success&gt;Playback - {27} [SUCCESS] MouseButtonClick - "[MSAA, VisibleOnly,Window]ControlType='Window' &amp;&amp; ClassName='ThunderRT6TextBox'"
\0&lt;/a&gt;
W, 3800, 14, 2012/11/01, 13:06:23.367, 190127618448, QTAgent32.exe, &lt;a class=success&gt;Playback - {28} [SUCCESS] SetValueAsEditBox "MOTO" - "[MSAA, VisibleOnly]ControlType='Edit'"  &lt; Set via SendKeys &gt;
\0&lt;/a&gt;
W, 3800, 14, 2012/11/01, 13:06:23.867, 190134922474, QTAgent32.exe, &lt;a class=success&gt;Playback - {29} [SUCCESS] MouseButtonClick - "[MSAA, VisibleOnly]ControlType='Button' &amp;&amp; Name='OK'"
\0&lt;/a&gt;
W, 3800, 14, 2012/11/01, 13:06:24.303, 190141079555, QTAgent32.exe, &lt;a class=success&gt;Playback - {30} [SUCCESS] MouseButtonClick - "[MSAA, VisibleOnly]ControlType='Button' &amp;&amp; Name='Options'"
\0&lt;/a&gt;
W, 3800, 14, 2012/11/01, 13:06:24.413, 190142644913, QTAgent32.exe, FindScreenElementInSinglePass : Attempting to find control in one pass of search. Failures can occur.
W, 3800, 14, 2012/11/01, 13:06:24.600, 190145258584, QTAgent32.exe, &lt;a class=success&gt;Playback - {31} [SUCCESS] MouseButtonClick - "[MSAA]ControlType='MenuItem' &amp;&amp; Name='Links'"
\0&lt;/a&gt;
W, 3800, 14, 2012/11/01, 13:06:24.709, 190146826478, QTAgent32.exe, FindScreenElementInSinglePass : Attempting to find control in one pass of search. Failures can occur.
W, 3800, 14, 2012/11/01, 13:06:24.896, 190149502008, QTAgent32.exe, &lt;a class=success&gt;Playback - {32} [SUCCESS] MouseButtonClick - "[MSAA]ControlType='MenuItem' &amp;&amp; Name='3rd Party Integration'"
\0&lt;/a&gt;
W, 3800, 14, 2012/11/01, 13:06:25.006, 190151187364, QTAgent32.exe, FindScreenElementInSinglePass : Attempting to find control in one pass of search. Failures can occur.
W, 3800, 14, 2012/11/01, 13:06:25.208, 190153997694, QTAgent32.exe, &lt;a class=success&gt;Playback - {33} [SUCCESS] MouseButtonClick - "[MSAA]ControlType='MenuItem' &amp;&amp; Name='Quote Select List'"
\0&lt;/a&gt;
W, 3800, 14, 2012/11/01, 13:06:27.221, 190182864500, QTAgent32.exe, PERF WARNING: FindTopLevelWindowHelper::FindAllDescendents: took 1907 ms. Expected it to take maximum 500 ms.
W, 3800, 14, 2012/11/01, 13:06:29.733, 190218783914, QTAgent32.exe, &lt;a class=success&gt;Playback - {34} [SUCCESS] MouseButtonClick - "[MSAA, VisibleOnly]ControlType='Button' &amp;&amp; Name='Ok'"
\0&lt;/a&gt;
W, 3800, 14, 2012/11/01, 13:06:33.586, 190273929334, QTAgent32.exe, PERF WARNING: FindTopLevelWindowHelper::FindAllDescendents: took 3647 ms. Expected it to take maximum 500 ms.
W, 3800, 14, 2012/11/01, 13:06:33.992, 190279910125, QTAgent32.exe, &lt;a class=success&gt;Playback - {35} [SUCCESS] MouseButtonClick - "[MSAA, VisibleOnly]ControlType='Button' &amp;&amp; Name='Ok'"
\0&lt;/a&gt;
W, 3800, 14, 2012/11/01, 13:06:34.350, 190284865206, QTAgent32.exe, &lt;a class=success&gt;Playback - {36} [SUCCESS] SetValueAsEditBox "Test" - "[MSAA, VisibleOnly]ControlType='Edit'"  &lt; Set via SendKeys &gt;
\0&lt;/a&gt;
W, 3800, 14, 2012/11/01, 13:06:34.553, 190287765920, QTAgent32.exe, &lt;a class=success&gt;Playback - {37} [SUCCESS] SendKeys "{Tab}" - "[MSAA, VisibleOnly]ControlType='Edit'"
\0&lt;/a&gt;
W, 3800, 14, 2012/11/01, 13:06:34.928, 190293130792, QTAgent32.exe, &lt;a class=success&gt;Playback - {38} [SUCCESS] SetValueAsEditBox "test" - "[MSAA, VisibleOnly]ControlType='Edit'"  &lt; Set via SendKeys &gt;
\0&lt;/a&gt;
W, 3800, 14, 2012/11/01, 13:06:35.364, 190299384932, QTAgent32.exe, &lt;a class=success&gt;Playback - {39} [SUCCESS] SetValueAsEditBox "160485" - "[MSAA, VisibleOnly]ControlType='Edit'"  &lt; Set via SendKeys &gt;
\0&lt;/a&gt;
W, 3800, 14, 2012/11/01, 13:06:35.786, 190305414548, QTAgent32.exe, &lt;a class=success&gt;Playback - {40} [SUCCESS] SetValueAsEditBox "B338TH" - "[MSAA, VisibleOnly]ControlType='Edit'"  &lt; Set via SendKeys &gt;
\0&lt;/a&gt;
W, 3800, 14, 2012/11/01, 13:06:38.251, 190340702400, QTAgent32.exe, &lt;a class=success&gt;Playback - {41} [SUCCESS] MouseButtonClick - "[MSAA, VisibleOnly]ControlType='Button' &amp;&amp; Name='Lookup...'"
\0&lt;/a&gt;
W, 3800, 14, 2012/11/01, 13:06:38.719, 190347424796, QTAgent32.exe, &lt;a class=success&gt;Playback - {42} [SUCCESS] MouseButtonClick - "[MSAA, VisibleOnly]ControlType='Button' &amp;&amp; Name='Ok'"
\0&lt;/a&gt;
W, 3800, 14, 2012/11/01, 13:06:41.215, 190383142601, QTAgent32.exe, &lt;a class=success&gt;Playback - {43} [SUCCESS] MouseButtonClick - "[MSAA, VisibleOnly]ControlType='Button' &amp;&amp; Name='OK'"
\0&lt;/a&gt;
W, 3800, 14, 2012/11/01, 13:06:41.932, 190393470382, QTAgent32.exe, Playback - [WARNING] Internal warning: Incorrect flag set for InvokeProgrammaticAction\0
W, 3800, 14, 2012/11/01, 13:06:42.260, 190398119731, QTAgent32.exe, &lt;a class=success&gt;Playback - {44} [SUCCESS] SetValueAsComboBox "Account Executive" - "[MSAA, VisibleOnly]ControlType='ComboBox'"  &lt; SetValueAsComboBox, set by clicking on the item in the list box &gt;
\0&lt;/a&gt;
W, 3800, 14, 2012/11/01, 13:06:42.884, 190407222132, QTAgent32.exe, Playback - [WARNING] Internal warning: Incorrect flag set for InvokeProgrammaticAction\0
W, 3800, 14, 2012/11/01, 13:06:43.212, 190411744795, QTAgent32.exe, &lt;a class=success&gt;Playback - {45} [SUCCESS] SetValueAsComboBox "Acupuncture" - "[MSAA, VisibleOnly]ControlType='ComboBox'"  &lt; SetValueAsComboBox, set by clicking on the item in the list box &gt;
\0&lt;/a&gt;
W, 3800, 14, 2012/11/01, 13:06:43.695, 190418660960, QTAgent32.exe, &lt;a class=success&gt;Playback - {46} [SUCCESS] SetValueAsEditBox "151101" - "[MSAA, VisibleOnly]ControlType='Edit'"  &lt; Set via SendKeys &gt;
\0&lt;/a&gt;
W, 3800, 14, 2012/11/01, 13:06:46.066, 190452648867, QTAgent32.exe, &lt;a class=success&gt;Playback - {47} [SUCCESS] MouseButtonClick - "[MSAA, VisibleOnly]ControlType='Button' &amp;&amp; Name='OK'"
\0&lt;/a&gt;
W, 3800, 14, 2012/11/01, 13:06:46.628, 190460653127, QTAgent32.exe, &lt;a class=success&gt;Playback - {48} [SUCCESS] SetValueAsEditBox "RF53OXL" - "[MSAA, VisibleOnly]ControlType='Edit'"  &lt; Set via SendKeys &gt;
\0&lt;/a&gt;
W, 3800, 14, 2012/11/01, 13:06:47.907, 190479110823, QTAgent32.exe, &lt;a class=success&gt;Playback - {49} [SUCCESS] MouseButtonClick - "[MSAA, VisibleOnly]ControlType='Button' &amp;&amp; Name='Filter'"
\0&lt;/a&gt;
W, 3800, 14, 2012/11/01, 13:06:48.391, 190485943976, QTAgent32.exe, &lt;a class=success&gt;Playback - {50} [SUCCESS] MouseButtonClick - "[MSAA, VisibleOnly]ControlType='Button' &amp;&amp; Name='OK'"
\0&lt;/a&gt;
W, 3800, 14, 2012/11/01, 13:06:48.765, 190491250490, QTAgent32.exe, &lt;a class=success&gt;Playback - {51} [SUCCESS] SendKeys "^{HOME}" - "[MSAA, VisibleOnly]ControlType='Edit'"
\0&lt;/a&gt;
E, 3800, 14, 2012/11/01, 13:06:48.765, 190491253032, QTAgent32.exe, Msaa.GetFocusedElement: could not find accessible object of foreground window
W, 3800, 14, 2012/11/01, 13:06:48.859, 190492589505, QTAgent32.exe, &lt;a class=success&gt;Playback - {52} [SUCCESS] SendKeys "^+{END}" - "[MSAA, VisibleOnly]ControlType='Edit'"
\0&lt;/a&gt;
E, 3800, 14, 2012/11/01, 13:06:48.859, 190492591784, QTAgent32.exe, Msaa.GetFocusedElement: could not find accessible object of foreground window
W, 3800, 14, 2012/11/01, 13:06:48.875, 190492813671, QTAgent32.exe, &lt;a class=success&gt;Playback - {53} [SUCCESS] SendKeys "{DELETE}" - "[MSAA, VisibleOnly]ControlType='Edit'"
\0&lt;/a&gt;
W, 3800, 14, 2012/11/01, 13:06:49.077, 190495721437, QTAgent32.exe, &lt;a class=success&gt;Playback - {54} [SUCCESS] SetValueAsEditBox "1000" - "[MSAA, VisibleOnly]ControlType='Edit'"  &lt; Set via SendKeys &gt;
\0&lt;/a&gt;
W, 3800, 14, 2012/11/01, 13:06:49.545, 190502471271, QTAgent32.exe, &lt;a class=success&gt;Playback - {55} [SUCCESS] MouseButtonClick - "[MSAA, VisibleOnly]ControlType='Button' &amp;&amp; Name='Calculate Quote'"
\0&lt;/a&gt;
W, 3800, 14, 2012/11/01, 13:06:49.998, 190508964984, QTAgent32.exe, &lt;a class=success&gt;Playback - {56} [SUCCESS] MouseButtonClick - "[MSAA, VisibleOnly]ControlType='Button' &amp;&amp; Name='Cancel'"
\0&lt;/a&gt;
W, 3800, 14, 2012/11/01, 13:06:50.497, 190516173957, QTAgent32.exe, &lt;a class=success&gt;Playback - {57} [SUCCESS] MouseButtonClick - "[MSAA, VisibleOnly]ControlType='Button' &amp;&amp; Name='No'"
\0&lt;/a&gt;
W, 3800, 14, 2012/11/01, 13:07:00.872, 190664592171, QTAgent32.exe, PERF WARNING: FindTopLevelWindowHelper::FindAllDescendents: took 10264 ms. Expected it to take maximum 500 ms.
W, 3800, 14, 2012/11/01, 13:07:01.199, 190669271746, QTAgent32.exe, &lt;a class=success&gt;Playback - {58} [SUCCESS] MouseButtonClick - "[MSAA, VisibleOnly]ControlType='Client'"
\0&lt;/a&gt;
W, 3800, 14, 2012/11/01, 13:07:02.759, 190691698550, QTAgent32.exe, &lt;a class=success&gt;Playback - {59} [SUCCESS] SendKeys "{Home}" - "[MSAA, VisibleOnly]ControlType='Client'"
\0&lt;/a&gt;
W, 3800, 14, 2012/11/01, 13:07:06.519, 190745462393, QTAgent32.exe, &lt;a class=success&gt;Playback - {60} [SUCCESS] MouseButtonClick - "[MSAA, VisibleOnly]ControlType='Button' &amp;&amp; Name='Accept'"
\0&lt;/a&gt;
W, 3800, 14, 2012/11/01, 13:07:07.049, 190753139849, QTAgent32.exe, &lt;a class=success&gt;Playback - {61} [SUCCESS] MouseButtonClick - "[MSAA, VisibleOnly]ControlType='Button' &amp;&amp; Name='Yes'"
\0&lt;/a&gt;
W, 3800, 14, 2012/11/01, 13:07:07.564, 190760607357, QTAgent32.exe, &lt;a class=success&gt;Playback - {62} [SUCCESS] MouseButtonClick - "[MSAA, VisibleOnly]ControlType='Button' &amp;&amp; Name='Ok'"
\0&lt;/a&gt;
W, 3800, 14, 2012/11/01, 13:07:07.970, 190766266403, QTAgent32.exe, &lt;a class=success&gt;Playback - {63} [SUCCESS] MouseButtonClick - "[MSAA, VisibleOnly]ControlType='Button' &amp;&amp; Name='Ok'"
\0&lt;/a&gt;
W, 3800, 14, 2012/11/01, 13:07:08.641, 190775927276, QTAgent32.exe, &lt;a class=success&gt;Playback - {64} [SUCCESS] MouseButtonClick - "[MSAA, VisibleOnly]ControlType='Button' &amp;&amp; Name='Confirm'"
\0&lt;/a&gt;
W, 3800, 14, 2012/11/01, 13:07:40.825, 191236668618, QTAgent32.exe, Playback - [WARNING] Internal warning: Window Not Found: [VisibleOnly]ControlType='Window' &amp;&amp; Name='Save the file as' &amp;&amp; ClassName='#32770'
\0
E, 3800, 14, 2012/11/01, 13:07:40.825, 191236734086, QTAgent32.exe, &lt;a class=failure&gt;Playback - {65} [FAILED] Function ElementFetcher::FindScreenElement failed to locate UI element (Searching: ;[VisibleOnly]ControlType='Window' &amp;&amp; Name='Save the file as' &amp;&amp; ClassName='#32770') (The object specified was not found.)
\0&lt;/a&gt;
E, 3800, 14, 2012/11/01, 13:07:40.997, 191239077067, QTAgent32.exe, Playback - [IMAGE] C:\Users\peter.zenin-ad\AppData\Local\Temp\UITestLogs\LastRun\RPFCB21.png
\0
W, 3800, 14, 2012/11/01, 13:07:40.997, 191239079161, QTAgent32.exe, Playback - [WARNING] Internal warning: Couldn't find descendants that match QueryId
\0
W, 3800, 14, 2012/11/01, 13:07:40.997, 191239082184, QTAgent32.exe, PERF WARNING: FindTopLevelWindowHelper::FindAllDescendents: took 32240 ms. Expected it to take maximum 500 ms.
W, 3800, 14, 2012/11/01, 13:08:00.841, 191523194194, QTAgent32.exe, Playback - [WARNING] Internal warning: Window Not Found: [VisibleOnly]ControlType='Window' &amp;&amp; Name='Save the file as' &amp;&amp; ClassName='#32770'
\0
E, 3800, 14, 2012/11/01, 13:08:00.841, 191523197074, QTAgent32.exe, &lt;a class=failure&gt;Playback - {66} [FAILED] Function ElementFetcher::FindScreenElement failed to locate UI element (Searching: ;[VisibleOnly]ControlType='Window' &amp;&amp; Name='Save the file as' &amp;&amp; ClassName='#32770') (The object specified was not found.)
\0&lt;/a&gt;
E, 3800, 14, 2012/11/01, 13:08:01.137, 191527434225, QTAgent32.exe, Playback - [IMAGE] C:\Users\peter.zenin-ad\AppData\Local\Temp\UITestLogs\LastRun\RPF1951.png
\0
W, 3800, 14, 2012/11/01, 13:08:01.137, 191527436521, QTAgent32.exe, Playback - [WARNING] Internal warning: Couldn't find descendants that match QueryId
\0
W, 3800, 14, 2012/11/01, 13:08:01.137, 191527439396, QTAgent32.exe, PERF WARNING: FindTopLevelWindowHelper::FindAllDescendents: took 20138 ms. Expected it to take maximum 500 ms.
W, 3800, 14, 2012/11/01, 13:08:03.961, 191567868651, QTAgent32.exe, Playback - [WARNING] Internal warning: Smart Match failed
\0
W, 3800, 14, 2012/11/01, 13:08:05.178, 191585289065, QTAgent32.exe, Playback - [WARNING] Internal warning: Window Not Found: [VisibleOnly]ControlType='Window' &amp;&amp; Name='Save the file as' &amp;&amp; ClassName='#32770'
\0
E, 3800, 14, 2012/11/01, 13:08:05.178, 191585291987, QTAgent32.exe, &lt;a class=failure&gt;Playback - {67} [FAILED] Function ElementFetcher::FindScreenElement failed to locate UI element (Searching: ;[VisibleOnly]ControlType='Window' &amp;&amp; Name='Save the file as' &amp;&amp; ClassName='#32770') (The object specified was not found.)
\0&lt;/a&gt;
E, 3800, 14, 2012/11/01, 13:08:05.287, 191586954134, QTAgent32.exe, Playback - [IMAGE] C:\Users\peter.zenin-ad\AppData\Local\Temp\UITestLogs\LastRun\RPF2A42.png
\0
W, 3800, 14, 2012/11/01, 13:08:05.287, 191586956233, QTAgent32.exe, Playback - [WARNING] Internal warning: Couldn't find descendants that match QueryId
\0
W, 3800, 14, 2012/11/01, 13:08:05.287, 191586959193, QTAgent32.exe, PERF WARNING: FindTopLevelWindowHelper::FindAllDescendents: took 4156 ms. Expected it to take maximum 500 ms.
E, 3800, 14, 2012/11/01, 13:08:05.302, 191587101609, QTAgent32.exe, Exception: System.Runtime.InteropServices.COMException
	Message: Error HRESULT E_FAIL has been returned from a call to a COM component.
	Stack Trace:    at Microsoft.VisualStudio.TestTools.UITest.Playback.Engine.IRPFPlayback.FindAllScreenElements(IScreenElement pScreenElementStart, String bstrQueryId, Object&amp; pvarResKeys, Int32 cResKeys, Int32 nMaxDepth, Object[]&amp; foundDescendants)
   at Microsoft.VisualStudio.TestTools.UITest.Playback.ScreenElement.FindTopLevelWindowHelper(String queryId)
	BaseExceptionMessage: Error HRESULT E_FAIL has been returned from a call to a COM component.

E, 3800, 14, 2012/11/01, 13:08:05.536, 191590625705, QTAgent32.exe, AL: Playback Error: Microsoft.VisualStudio.TestTools.UITest.Extension.UITestControlNotFoundException: The playback failed to find the control with the given search properties. Additional Details: 
TechnologyName:  'MSAA'
ControlType:  'Window'
Name:  'Save the file as'
ClassName:  '#32770'
 ---&gt; System.Runtime.InteropServices.COMException: Error HRESULT E_FAIL has been returned from a call to a COM component.
   at Microsoft.VisualStudio.TestTools.UITest.Playback.Engine.IRPFPlayback.FindAllScreenElements(IScreenElement pScreenElementStart, String bstrQueryId, Object&amp; pvarResKeys, Int32 cResKeys, Int32 nMaxDepth, Object[]&amp; foundDescendants)
   at Microsoft.VisualStudio.TestTools.UITest.Playback.ScreenElement.FindTopLevelWindowHelper(String queryId)
   at Microsoft.VisualStudio.TestTools.UITest.Playback.ScreenElement.FindFromPartialQueryId(String queryId)
   at Microsoft.VisualStudio.TestTools.UITesting.UITestControl..ctor(String queryId)
   --- End of inner exception stack trace ---
   at Microsoft.VisualStudio.TestTools.UITesting.Playback.MapControlNotFoundException(COMException ex, IPlaybackContext context)
   at Microsoft.VisualStudio.TestTools.UITesting.Playback.MapAndThrowComException(COMException innerException, IPlaybackContext context)
   at Microsoft.VisualStudio.TestTools.UITesting.Playback.MapAndThrowException(SystemException exception, IPlaybackContext context)
   at Microsoft.VisualStudio.TestTools.UITesting.Playback.MapAndThrowException(SystemException exception, String queryId)
   at Microsoft.VisualStudio.TestTools.UITesting.UITestControl..ctor(String queryId)
   at Microsoft.VisualStudio.TestTools.UITesting.SearchHelper.SearchTopLevelWindow(ISearchArgument topLevelSearchArg, String topLevelElementQueryId)
   at Microsoft.VisualStudio.TestTools.UITesting.SearchHelper.GetTitleUpdatedTopLevelWindow(ISearchArgument topLevelSearchArg, String queryId, IList`1 windowTitles)
   at Microsoft.VisualStudio.TestTools.UITesting.SearchHelper.GetTopLevelElement(Boolean useCache, Boolean useCacheOnly, ISearchArgument searchArg, IList`1 windowTitles, Int32&amp; timeLeft)
   at Microsoft.VisualStudio.TestTools.UITesting.SearchHelper.GetElement(Boolean useCache, ISearchArgument searchArg)
   at Microsoft.VisualStudio.TestTools.UITesting.SearchHelper.Search(ISearchArgument searchArg)
   at Microsoft.VisualStudio.TestTools.UITesting.UITestControl.FindInternal()
   at Microsoft.VisualStudio.TestTools.UITesting.UITestControl.FindControlIfNecessary()
   at Microsoft.VisualStudio.TestTools.UITesting.UITestControl.Click(MouseButtons button, ModifierKeys modifierKeys, Point relativeCoordinates)
   at Microsoft.VisualStudio.TestTools.UITesting.Mouse.ClickImplementation(UITestControl control, MouseButtons button, ModifierKeys modifierKeys, Point relativeCoordinate)
   at Microsoft.VisualStudio.TestTools.UITesting.Mouse.ClickImplementationWrapper(UITestControl control, MouseButtons button, ModifierKeys modifierKeys, Point relativeCoordinate)
W, 3800, 14, 2012/11/01, 13:08:05.536, 191590627479, QTAgent32.exe, PlaybackErrorHandler: Ignoring exception as ContinueOnError is set.
W, 3800, 14, 2012/11/01, 13:08:05.895, 191595566965, QTAgent32.exe, &lt;a class=success&gt;Playback - {68} [SUCCESS] Check - "[MSAA, VisibleOnly]ControlType='CheckBox' &amp;&amp; Name='Defer Printing?'"
\0&lt;/a&gt;
W, 3800, 14, 2012/11/01, 13:08:06.550, 191605104299, QTAgent32.exe, &lt;a class=success&gt;Playback - {69} [SUCCESS] MouseButtonClick - "[MSAA, VisibleOnly]ControlType='Button' &amp;&amp; Name='Ok'"
\0&lt;/a&gt;
W, 3800, 14, 2012/11/01, 13:08:08.345, 191630795229, QTAgent32.exe, PERF WARNING: FindTopLevelWindowHelper::FindAllDescendents: took 1696 ms. Expected it to take maximum 500 ms.
W, 3800, 14, 2012/11/01, 13:08:08.703, 191635773382, QTAgent32.exe, &lt;a class=success&gt;Playback - {70} [SUCCESS] Uncheck - "[MSAA, VisibleOnly]ControlType='CheckBox' &amp;&amp; Name='Add Activity'"
\0&lt;/a&gt;
W, 3800, 14, 2012/11/01, 13:08:11.761, 191679588576, QTAgent32.exe, &lt;a class=success&gt;Playback - {71} [SUCCESS] MouseButtonClick - "[MSAA, VisibleOnly]ControlType='Button' &amp;&amp; Name='Ok'"
\0&lt;/a&gt;
W, 3800, 14, 2012/11/01, 13:08:12.229, 191686368496, QTAgent32.exe, &lt;a class=success&gt;Playback - {72} [SUCCESS] MouseButtonClick - "[MSAA, VisibleOnly]ControlType='Button' &amp;&amp; Name='Ok'"
\0&lt;/a&gt;
W, 3800, 14, 2012/11/01, 13:08:21.964, 191825639271, QTAgent32.exe, PERF WARNING: FindTopLevelWindowHelper::FindAllDescendents: took 9516 ms. Expected it to take maximum 500 ms.
W, 3800, 14, 2012/11/01, 13:08:24.257, 191858460263, QTAgent32.exe, &lt;a class=success&gt;Playback - {73} [SUCCESS] MouseButtonClick - "[MSAA, VisibleOnly]ControlType='Button' &amp;&amp; Name='OK'"
\0&lt;/a&gt;
W, 3800, 14, 2012/11/01, 13:08:24.725, 191865204785, QTAgent32.exe, &lt;a class=success&gt;Playback - {74} [SUCCESS] MouseButtonClick - "[MSAA, VisibleOnly]ControlType='Button' &amp;&amp; Name='Cancel'"
\0&lt;/a&gt;
W, 3800, 14, 2012/11/01, 13:08:25.256, 191872764526, QTAgent32.exe, &lt;a class=success&gt;Playback - {75} [SUCCESS] MouseButtonClick - "[MSAA, VisibleOnly]ControlType='Button'"
\0&lt;/a&gt;
W, 3800, 14, 2012/11/01, 13:08:25.880, 191881883963, QTAgent32.exe, &lt;a class=success&gt;Playback - {76} [SUCCESS] MouseButtonClick - "[MSAA, VisibleOnly]ControlType='Button' &amp;&amp; Name='Detail'"
\0&lt;/a&gt;
W, 3800, 14, 2012/11/01, 13:08:26.239, 191886913930, QTAgent32.exe, Playback - [WARNING] Internal warning: Window Not Found: [VisibleOnly]ControlType='Window' &amp;&amp; Name='Policy: rty ert' &amp;&amp; ClassName='ThunderRT6MDIForm'
\0
E, 3800, 14, 2012/11/01, 13:08:26.239, 191886916676, QTAgent32.exe, &lt;a class=failure&gt;Playback - {77} [FAILED] Function ElementFetcher::FindScreenElement failed to locate UI element (Searching: ;[VisibleOnly]ControlType='Window' &amp;&amp; Name='Policy: rty ert' &amp;&amp; ClassName='ThunderRT6MDIForm') (The object specified was not found.)
\0&lt;/a&gt;
E, 3800, 14, 2012/11/01, 13:08:26.348, 191888498381, QTAgent32.exe, Playback - [IMAGE] C:\Users\peter.zenin-ad\AppData\Local\Temp\UITestLogs\LastRun\RPF7C88.png
\0
W, 3800, 14, 2012/11/01, 13:08:26.348, 191888500532, QTAgent32.exe, Playback - [WARNING] Internal warning: Couldn't find descendants that match QueryId
\0
W, 3800, 14, 2012/11/01, 13:08:44.367, 192146521761, QTAgent32.exe, Playback - [WARNING] Internal warning: Window Not Found: [VisibleOnly]ControlType='Window' &amp;&amp; Name='Policy: rty ert' &amp;&amp; ClassName='ThunderRT6MDIForm'
\0
E, 3800, 14, 2012/11/01, 13:08:44.367, 192146524348, QTAgent32.exe, &lt;a class=failure&gt;Playback - {78} [FAILED] Function ElementFetcher::FindScreenElement failed to locate UI element (Searching: ;[VisibleOnly]ControlType='Window' &amp;&amp; Name='Policy: rty ert' &amp;&amp; ClassName='ThunderRT6MDIForm') (The object specified was not found.)
\0&lt;/a&gt;
E, 3800, 14, 2012/11/01, 13:08:44.476, 192148121300, QTAgent32.exe, Playback - [IMAGE] C:\Users\peter.zenin-ad\AppData\Local\Temp\UITestLogs\LastRun\RPFC358.png
\0
W, 3800, 14, 2012/11/01, 13:08:44.476, 192148123471, QTAgent32.exe, Playback - [WARNING] Internal warning: Couldn't find descendants that match QueryId
\0
W, 3800, 14, 2012/11/01, 13:08:44.476, 192148126441, QTAgent32.exe, PERF WARNING: FindTopLevelWindowHelper::FindAllDescendents: took 18132 ms. Expected it to take maximum 500 ms.
W, 3800, 14, 2012/11/01, 13:08:45.006, 192155644299, QTAgent32.exe, Playback - [WARNING] Internal warning: Window with Class "ThunderRT6MDIForm" and Title "Policy: rty ert" was not found, so similar window with Class "ThunderRT6MDIForm" and Title "Policy: autotest" was accepted
\0
W, 3800, 14, 2012/11/01, 13:08:45.006, 192155648261, QTAgent32.exe, PERF WARNING: FindTopLevelWindowHelper::FindAllDescendents: took 525 ms. Expected it to take maximum 500 ms.
W, 3800, 14, 2012/11/01, 13:08:45.349, 192160452589, QTAgent32.exe, &lt;a class=success&gt;Playback - {79} [SUCCESS] MouseButtonClick - "[MSAA, VisibleOnly]ControlType='Edit'"
\0&lt;/a&gt;
W, 3800, 14, 2012/11/01, 13:08:45.849, 192167664445, QTAgent32.exe, &lt;a class=success&gt;Playback - {80} [SUCCESS] MouseButtonClick - "[MSAA, VisibleOnly]ControlType='Button' &amp;&amp; Name='Cancel'"
\0&lt;/a&gt;
W, 3800, 14, 2012/11/01, 13:08:46.301, 192174112321, QTAgent32.exe, &lt;a class=success&gt;Playback - {81} [SUCCESS] MouseButtonClick - "[MSAA, VisibleOnly]ControlType='Button' &amp;&amp; Name='Cancel'"
\0&lt;/a&gt;
W, 3800, 14, 2012/11/01, 13:08:46.753, 192180557398, QTAgent32.exe, &lt;a class=success&gt;Playback - {82} [SUCCESS] MouseButtonClick - "[MSAA, VisibleOnly]ControlType='Button' &amp;&amp; Name='Cancel'"
\0&lt;/a&gt;
W, 3800, 14, 2012/11/01, 13:08:47.190, 192186999066, QTAgent32.exe, &lt;a class=success&gt;Playback - {83} [SUCCESS] MouseButtonClick - "[MSAA, VisibleOnly]ControlType='Button' &amp;&amp; Name='Close'"
\0&lt;/a&gt;
W, 3800, 14, 2012/11/01, 13:08:51.668, 192251112119, QTAgent32.exe, IEDOM : StopSession of the plugin called before StartSession
W, 3800, 14, 2012/11/01, 13:08:51.668, 192251113480, QTAgent32.exe, UIA : StopSession of the plugin called before StartSession
W, 3800, 14, 2012/11/01, 13:08:51.668, 192251119241, QTAgent32.exe, SLPlugin : StopSession of the plugin called before StartSession
</DebugTrace>
      </Output>
    </UnitTestResult>
    <UnitTestResult executionId="86241206-29d7-4d06-9cb9-9c49be4be0b6" testId="8efed318-945d-2a9d-e29d-a71a05da5660" testName="MotoTest10" computerName="ICLVDEVAP01" duration="00:03:50.8847430" startTime="2012-11-01T13:08:51.6994000+00:00" endTime="2012-11-01T13:12:42.5754380+00:00" testType="13cdc9d9-ddb5-4fa4-a97d-d965ccfc6d4b" outcome="Passed" testListId="8c84fa94-04c1-424b-9868-57a2d4851a1d" relativeResultsDirectory="86241206-29d7-4d06-9cb9-9c49be4be0b6">
      <Output>
        <DebugTrace>W, 3800, 22, 2012/11/01, 13:08:51.699, 192251538599, QTAgent32.exe, ExtensionFramework : A Technology Manager with name Web is already registered.
W, 3800, 22, 2012/11/01, 13:08:52.557, 192263645166, QTAgent32.exe, &lt;a class=success&gt;Playback - {1} [SUCCESS] MouseButtonClick - "[MSAA, VisibleOnly]ControlType='Edit'"
\0&lt;/a&gt;
W, 3800, 22, 2012/11/01, 13:08:52.822, 192267441581, QTAgent32.exe, &lt;a class=success&gt;Playback - {2} [SUCCESS] SendKeys "[*]" - "[MSAA, VisibleOnly]ControlType='Edit'"
\0&lt;/a&gt;
W, 3800, 22, 2012/11/01, 13:08:53.711, 192280367482, QTAgent32.exe, &lt;a class=success&gt;Playback - {3} [SUCCESS] MouseButtonClick - "[MSAA, VisibleOnly]ControlType='Button' &amp;&amp; Name='OK'"
\0&lt;/a&gt;
W, 3800, 22, 2012/11/01, 13:08:54.382, 192289959960, QTAgent32.exe, &lt;a class=success&gt;Playback - {4} [SUCCESS] MouseButtonClick - "[MSAA, VisibleOnly]ControlType='Button' &amp;&amp; Name='OK'"
\0&lt;/a&gt;
W, 3800, 22, 2012/11/01, 13:08:54.835, 192296464913, QTAgent32.exe, &lt;a class=success&gt;Playback - {5} [SUCCESS] MouseButtonClick - "[MSAA, VisibleOnly]ControlType='Button' &amp;&amp; Name='Clients &amp; Files'"
\0&lt;/a&gt;
W, 3800, 22, 2012/11/01, 13:08:55.303, 192302965525, QTAgent32.exe, &lt;a class=success&gt;Playback - {6} [SUCCESS] MouseButtonClick - "[MSAA, VisibleOnly]ControlType='Button' &amp;&amp; Name='Clients &amp; Files'"
\0&lt;/a&gt;
W, 3800, 22, 2012/11/01, 13:08:55.661, 192308195164, QTAgent32.exe, Playback - [WARNING] Internal warning: Window Not Found: [VisibleOnly]ControlType='Window' &amp;&amp; Name='Customer: txt1 tdsfs' &amp;&amp; ClassName='ThunderRT6MDIForm'
\0
E, 3800, 22, 2012/11/01, 13:08:55.661, 192308197920, QTAgent32.exe, &lt;a class=failure&gt;Playback - {7} [FAILED] Function ElementFetcher::FindScreenElement failed to locate UI element (Searching: ;[VisibleOnly]ControlType='Window' &amp;&amp; Name='Customer: txt1 tdsfs' &amp;&amp; ClassName='ThunderRT6MDIForm') (The object specified was not found.)
\0&lt;/a&gt;
E, 3800, 22, 2012/11/01, 13:08:55.739, 192309393264, QTAgent32.exe, Playback - [IMAGE] C:\Users\peter.zenin-ad\AppData\Local\Temp\UITestLogs\LastRun\RPFEF77.png
\0
W, 3800, 22, 2012/11/01, 13:08:55.739, 192309395388, QTAgent32.exe, Playback - [WARNING] Internal warning: Couldn't find descendants that match QueryId
\0
W, 3800, 22, 2012/11/01, 13:09:13.789, 192567742526, QTAgent32.exe, Playback - [WARNING] Internal warning: Window Not Found: [VisibleOnly]ControlType='Window' &amp;&amp; Name='Customer: txt1 tdsfs' &amp;&amp; ClassName='ThunderRT6MDIForm'
\0
E, 3800, 22, 2012/11/01, 13:09:13.789, 192567745448, QTAgent32.exe, &lt;a class=failure&gt;Playback - {8} [FAILED] Function ElementFetcher::FindScreenElement failed to locate UI element (Searching: ;[VisibleOnly]ControlType='Window' &amp;&amp; Name='Customer: txt1 tdsfs' &amp;&amp; ClassName='ThunderRT6MDIForm') (The object specified was not found.)
\0&lt;/a&gt;
E, 3800, 22, 2012/11/01, 13:09:13.867, 192568958053, QTAgent32.exe, Playback - [IMAGE] C:\Users\peter.zenin-ad\AppData\Local\Temp\UITestLogs\LastRun\RPF3648.png
\0
W, 3800, 22, 2012/11/01, 13:09:13.867, 192568960224, QTAgent32.exe, Playback - [WARNING] Internal warning: Couldn't find descendants that match QueryId
\0
W, 3800, 22, 2012/11/01, 13:09:13.867, 192568963198, QTAgent32.exe, PERF WARNING: FindTopLevelWindowHelper::FindAllDescendents: took 18128 ms. Expected it to take maximum 500 ms.
W, 3800, 22, 2012/11/01, 13:09:14.367, 192576012397, QTAgent32.exe, Playback - [WARNING] Internal warning: Window with Class "ThunderRT6MDIForm" and Title "Customer: txt1 tdsfs" was not found, so similar window with Class "ThunderRT6MDIForm" and Title "Customer: autotest" was accepted
\0
W, 3800, 22, 2012/11/01, 13:09:15.927, 192598318229, QTAgent32.exe, Playback - [WARNING] Internal warning: Incorrect flag set for InvokeProgrammaticAction\0
W, 3800, 22, 2012/11/01, 13:09:16.223, 192602505881, QTAgent32.exe, &lt;a class=success&gt;Playback - {9} [SUCCESS] SetValueAsComboBox "Customers" - "[MSAA, VisibleOnly]ControlType='ComboBox'"  &lt; SetValueAsComboBox, set by clicking on the item in the list box &gt;
\0&lt;/a&gt;
W, 3800, 22, 2012/11/01, 13:09:16.754, 192610080353, QTAgent32.exe, &lt;a class=success&gt;Playback - {10} [SUCCESS] MouseButtonClick - "[MSAA, VisibleOnly]ControlType='Button' &amp;&amp; Name='Add'"
\0&lt;/a&gt;
W, 3800, 22, 2012/11/01, 13:09:17.175, 192616112407, QTAgent32.exe, &lt;a class=success&gt;Playback - {11} [SUCCESS] SendKeys "autotest" - "[MSAA, VisibleOnly]ControlType='RadioButton' &amp;&amp; Name='Personal Lines'"
\0&lt;/a&gt;
W, 3800, 22, 2012/11/01, 13:09:17.643, 192622816102, QTAgent32.exe, &lt;a class=success&gt;Playback - {12} [SUCCESS] SetValueAsEditBox "autotest" - "[MSAA, VisibleOnly]ControlType='Edit'"  &lt; Set via SendKeys &gt;
\0&lt;/a&gt;
W, 3800, 22, 2012/11/01, 13:09:18.111, 192629703939, QTAgent32.exe, &lt;a class=success&gt;Playback - {13} [SUCCESS] MouseButtonClick - "[MSAA, VisibleOnly]ControlType='Button' &amp;&amp; Name='OK'"
\0&lt;/a&gt;
W, 3800, 22, 2012/11/01, 13:09:18.704, 192638080408, QTAgent32.exe, &lt;a class=success&gt;Playback - {14} [SUCCESS] MouseButtonClick - "[MSAA, VisibleOnly]ControlType='Button' &amp;&amp; Name='Yes'"
\0&lt;/a&gt;
W, 3800, 22, 2012/11/01, 13:09:18.922, 192641129489, QTAgent32.exe, &lt;a class=success&gt;Playback - {15} [SUCCESS] SendKeys "^{HOME}" - "[MSAA, VisibleOnly]ControlType='Edit'"
\0&lt;/a&gt;
E, 3800, 22, 2012/11/01, 13:09:18.922, 192641132013, QTAgent32.exe, Msaa.GetFocusedElement: could not find accessible object of foreground window
W, 3800, 22, 2012/11/01, 13:09:19.000, 192642246445, QTAgent32.exe, &lt;a class=success&gt;Playback - {16} [SUCCESS] SendKeys "^+{END}" - "[MSAA, VisibleOnly]ControlType='Edit'"
\0&lt;/a&gt;
E, 3800, 22, 2012/11/01, 13:09:19.000, 192642248610, QTAgent32.exe, Msaa.GetFocusedElement: could not find accessible object of foreground window
W, 3800, 22, 2012/11/01, 13:09:19.016, 192642471210, QTAgent32.exe, &lt;a class=success&gt;Playback - {17} [SUCCESS] SendKeys "{DELETE}" - "[MSAA, VisibleOnly]ControlType='Edit'"
\0&lt;/a&gt;
W, 3800, 22, 2012/11/01, 13:09:19.094, 192643588576, QTAgent32.exe, &lt;a class=success&gt;Playback - {18} [SUCCESS] SetValueAsEditBox "1" - "[MSAA, VisibleOnly]ControlType='Edit'"  &lt; Set via SendKeys &gt;
\0&lt;/a&gt;
W, 3800, 22, 2012/11/01, 13:09:19.312, 192646711613, QTAgent32.exe, &lt;a class=success&gt;Playback - {19} [SUCCESS] SendKeys "^{HOME}" - "[MSAA, VisibleOnly]ControlType='Edit'"
\0&lt;/a&gt;
E, 3800, 22, 2012/11/01, 13:09:19.312, 192646714054, QTAgent32.exe, Msaa.GetFocusedElement: could not find accessible object of foreground window
W, 3800, 22, 2012/11/01, 13:09:19.406, 192648052107, QTAgent32.exe, &lt;a class=success&gt;Playback - {20} [SUCCESS] SendKeys "^+{END}" - "[MSAA, VisibleOnly]ControlType='Edit'"
\0&lt;/a&gt;
E, 3800, 22, 2012/11/01, 13:09:19.406, 192648054380, QTAgent32.exe, Msaa.GetFocusedElement: could not find accessible object of foreground window
W, 3800, 22, 2012/11/01, 13:09:19.421, 192648276194, QTAgent32.exe, &lt;a class=success&gt;Playback - {21} [SUCCESS] SendKeys "{DELETE}" - "[MSAA, VisibleOnly]ControlType='Edit'"
\0&lt;/a&gt;
W, 3800, 22, 2012/11/01, 13:09:19.499, 192649396268, QTAgent32.exe, &lt;a class=success&gt;Playback - {22} [SUCCESS] SetValueAsEditBox "1" - "[MSAA, VisibleOnly]ControlType='Edit'"  &lt; Set via SendKeys &gt;
\0&lt;/a&gt;
W, 3800, 22, 2012/11/01, 13:09:20.045, 192657355785, QTAgent32.exe, &lt;a class=success&gt;Playback - {23} [SUCCESS] MouseButtonClick - "[MSAA, VisibleOnly]ControlType='Button' &amp;&amp; Name='OK'"
\0&lt;/a&gt;
W, 3800, 22, 2012/11/01, 13:09:20.576, 192664912119, QTAgent32.exe, &lt;a class=success&gt;Playback - {24} [SUCCESS] MouseButtonClick - "[MSAA, VisibleOnly]ControlType='Button'"
\0&lt;/a&gt;
W, 3800, 22, 2012/11/01, 13:09:21.091, 192672179724, QTAgent32.exe, &lt;a class=success&gt;Playback - {25} [SUCCESS] MouseButtonClick - "[MSAA, VisibleOnly]ControlType='Button' &amp;&amp; Name='Add'"
\0&lt;/a&gt;
W, 3800, 22, 2012/11/01, 13:09:21.605, 192679609449, QTAgent32.exe, &lt;a class=success&gt;Playback - {26} [SUCCESS] MouseButtonClick - "[MSAA, VisibleOnly]ControlType='Button' &amp;&amp; Name='OK'"
\0&lt;/a&gt;
W, 3800, 22, 2012/11/01, 13:09:24.070, 192714838210, QTAgent32.exe, &lt;a class=success&gt;Playback - {27} [SUCCESS] MouseButtonClick - "[MSAA, VisibleOnly,Window]ControlType='Window' &amp;&amp; ClassName='ThunderRT6TextBox'"
\0&lt;/a&gt;
W, 3800, 22, 2012/11/01, 13:09:24.414, 192719757610, QTAgent32.exe, &lt;a class=success&gt;Playback - {28} [SUCCESS] SetValueAsEditBox "MOTO" - "[MSAA, VisibleOnly]ControlType='Edit'"  &lt; Set via SendKeys &gt;
\0&lt;/a&gt;
W, 3800, 22, 2012/11/01, 13:09:24.928, 192727281981, QTAgent32.exe, &lt;a class=success&gt;Playback - {29} [SUCCESS] MouseButtonClick - "[MSAA, VisibleOnly]ControlType='Button' &amp;&amp; Name='OK'"
\0&lt;/a&gt;
W, 3800, 22, 2012/11/01, 13:09:25.365, 192733444957, QTAgent32.exe, &lt;a class=success&gt;Playback - {30} [SUCCESS] MouseButtonClick - "[MSAA, VisibleOnly]ControlType='Button' &amp;&amp; Name='Options'"
\0&lt;/a&gt;
W, 3800, 22, 2012/11/01, 13:09:25.474, 192734945595, QTAgent32.exe, FindScreenElementInSinglePass : Attempting to find control in one pass of search. Failures can occur.
W, 3800, 22, 2012/11/01, 13:09:25.646, 192737397949, QTAgent32.exe, &lt;a class=success&gt;Playback - {31} [SUCCESS] MouseButtonClick - "[MSAA]ControlType='MenuItem' &amp;&amp; Name='Links'"
\0&lt;/a&gt;
W, 3800, 22, 2012/11/01, 13:09:25.755, 192738966538, QTAgent32.exe, FindScreenElementInSinglePass : Attempting to find control in one pass of search. Failures can occur.
W, 3800, 22, 2012/11/01, 13:09:25.942, 192741642555, QTAgent32.exe, &lt;a class=success&gt;Playback - {32} [SUCCESS] MouseButtonClick - "[MSAA]ControlType='MenuItem' &amp;&amp; Name='3rd Party Integration'"
\0&lt;/a&gt;
W, 3800, 22, 2012/11/01, 13:09:26.052, 192743210594, QTAgent32.exe, FindScreenElementInSinglePass : Attempting to find control in one pass of search. Failures can occur.
W, 3800, 22, 2012/11/01, 13:09:26.239, 192745913287, QTAgent32.exe, &lt;a class=success&gt;Playback - {33} [SUCCESS] MouseButtonClick - "[MSAA]ControlType='MenuItem' &amp;&amp; Name='Quote Select List'"
\0&lt;/a&gt;
W, 3800, 22, 2012/11/01, 13:09:28.049, 192771794711, QTAgent32.exe, PERF WARNING: FindTopLevelWindowHelper::FindAllDescendents: took 1699 ms. Expected it to take maximum 500 ms.
W, 3800, 22, 2012/11/01, 13:09:29.765, 192796558567, QTAgent32.exe, &lt;a class=success&gt;Playback - {34} [SUCCESS] MouseButtonClick - "[MSAA, VisibleOnly]ControlType='Button' &amp;&amp; Name='Ok'"
\0&lt;/a&gt;
W, 3800, 22, 2012/11/01, 13:09:31.200, 192816934834, QTAgent32.exe, PERF WARNING: FindTopLevelWindowHelper::FindAllDescendents: took 1327 ms. Expected it to take maximum 500 ms.
W, 3800, 22, 2012/11/01, 13:09:31.605, 192822804883, QTAgent32.exe, &lt;a class=success&gt;Playback - {35} [SUCCESS] MouseButtonClick - "[MSAA, VisibleOnly]ControlType='Button' &amp;&amp; Name='Ok'"
\0&lt;/a&gt;
W, 3800, 22, 2012/11/01, 13:09:31.964, 192827864394, QTAgent32.exe, &lt;a class=success&gt;Playback - {36} [SUCCESS] SetValueAsEditBox "Test" - "[MSAA, VisibleOnly]ControlType='Edit'"  &lt; Set via SendKeys &gt;
\0&lt;/a&gt;
W, 3800, 22, 2012/11/01, 13:09:32.152, 192830543124, QTAgent32.exe, &lt;a class=success&gt;Playback - {37} [SUCCESS] SendKeys "{Tab}" - "[MSAA, VisibleOnly]ControlType='Edit'"
\0&lt;/a&gt;
W, 3800, 22, 2012/11/01, 13:09:32.510, 192835682334, QTAgent32.exe, &lt;a class=success&gt;Playback - {38} [SUCCESS] SetValueAsEditBox "test" - "[MSAA, VisibleOnly]ControlType='Edit'"  &lt; Set via SendKeys &gt;
\0&lt;/a&gt;
W, 3800, 22, 2012/11/01, 13:09:32.916, 192841492216, QTAgent32.exe, &lt;a class=success&gt;Playback - {39} [SUCCESS] SetValueAsEditBox "160485" - "[MSAA, VisibleOnly]ControlType='Edit'"  &lt; Set via SendKeys &gt;
\0&lt;/a&gt;
W, 3800, 22, 2012/11/01, 13:09:33.337, 192847521054, QTAgent32.exe, &lt;a class=success&gt;Playback - {40} [SUCCESS] SetValueAsEditBox "B338TH" - "[MSAA, VisibleOnly]ControlType='Edit'"  &lt; Set via SendKeys &gt;
\0&lt;/a&gt;
W, 3800, 22, 2012/11/01, 13:09:35.818, 192883033887, QTAgent32.exe, &lt;a class=success&gt;Playback - {41} [SUCCESS] MouseButtonClick - "[MSAA, VisibleOnly]ControlType='Button' &amp;&amp; Name='Lookup...'"
\0&lt;/a&gt;
W, 3800, 22, 2012/11/01, 13:09:36.254, 192889429670, QTAgent32.exe, &lt;a class=success&gt;Playback - {42} [SUCCESS] MouseButtonClick - "[MSAA, VisibleOnly]ControlType='Button' &amp;&amp; Name='Ok'"
\0&lt;/a&gt;
W, 3800, 22, 2012/11/01, 13:09:38.298, 192918636321, QTAgent32.exe, &lt;a class=success&gt;Playback - {43} [SUCCESS] MouseButtonClick - "[MSAA, VisibleOnly]ControlType='Button' &amp;&amp; Name='OK'"
\0&lt;/a&gt;
W, 3800, 22, 2012/11/01, 13:09:38.938, 192927916190, QTAgent32.exe, Playback - [WARNING] Internal warning: Incorrect flag set for InvokeProgrammaticAction\0
W, 3800, 22, 2012/11/01, 13:09:39.281, 192932631481, QTAgent32.exe, &lt;a class=success&gt;Playback - {44} [SUCCESS] SetValueAsComboBox "Account Executive" - "[MSAA, VisibleOnly]ControlType='ComboBox'"  &lt; SetValueAsComboBox, set by clicking on the item in the list box &gt;
\0&lt;/a&gt;
W, 3800, 22, 2012/11/01, 13:09:39.905, 192941737058, QTAgent32.exe, Playback - [WARNING] Internal warning: Incorrect flag set for InvokeProgrammaticAction\0
W, 3800, 22, 2012/11/01, 13:09:40.233, 192946256073, QTAgent32.exe, &lt;a class=success&gt;Playback - {45} [SUCCESS] SetValueAsComboBox "Acupuncture" - "[MSAA, VisibleOnly]ControlType='ComboBox'"  &lt; SetValueAsComboBox, set by clicking on the item in the list box &gt;
\0&lt;/a&gt;
W, 3800, 22, 2012/11/01, 13:09:40.701, 192952949085, QTAgent32.exe, &lt;a class=success&gt;Playback - {46} [SUCCESS] SetValueAsEditBox "151101" - "[MSAA, VisibleOnly]ControlType='Edit'"  &lt; Set via SendKeys &gt;
\0&lt;/a&gt;
W, 3800, 22, 2012/11/01, 13:09:42.370, 192976857401, QTAgent32.exe, &lt;a class=success&gt;Playback - {47} [SUCCESS] MouseButtonClick - "[MSAA, VisibleOnly]ControlType='Button' &amp;&amp; Name='OK'"
\0&lt;/a&gt;
W, 3800, 22, 2012/11/01, 13:09:42.869, 192983997526, QTAgent32.exe, &lt;a class=success&gt;Playback - {48} [SUCCESS] SetValueAsEditBox "RF53OXL" - "[MSAA, VisibleOnly]ControlType='Edit'"  &lt; Set via SendKeys &gt;
\0&lt;/a&gt;
W, 3800, 22, 2012/11/01, 13:09:44.164, 193002583219, QTAgent32.exe, &lt;a class=success&gt;Playback - {49} [SUCCESS] MouseButtonClick - "[MSAA, VisibleOnly]ControlType='Button' &amp;&amp; Name='Filter'"
\0&lt;/a&gt;
W, 3800, 22, 2012/11/01, 13:09:44.648, 193009458769, QTAgent32.exe, &lt;a class=success&gt;Playback - {50} [SUCCESS] MouseButtonClick - "[MSAA, VisibleOnly]ControlType='Button' &amp;&amp; Name='OK'"
\0&lt;/a&gt;
W, 3800, 22, 2012/11/01, 13:09:45.006, 193014592577, QTAgent32.exe, &lt;a class=success&gt;Playback - {51} [SUCCESS] SendKeys "^{HOME}" - "[MSAA, VisibleOnly]ControlType='Edit'"
\0&lt;/a&gt;
E, 3800, 22, 2012/11/01, 13:09:45.006, 193014595125, QTAgent32.exe, Msaa.GetFocusedElement: could not find accessible object of foreground window
W, 3800, 22, 2012/11/01, 13:09:45.100, 193015933357, QTAgent32.exe, &lt;a class=success&gt;Playback - {52} [SUCCESS] SendKeys "^+{END}" - "[MSAA, VisibleOnly]ControlType='Edit'"
\0&lt;/a&gt;
E, 3800, 22, 2012/11/01, 13:09:45.100, 193015935680, QTAgent32.exe, Msaa.GetFocusedElement: could not find accessible object of foreground window
W, 3800, 22, 2012/11/01, 13:09:45.116, 193016157679, QTAgent32.exe, &lt;a class=success&gt;Playback - {53} [SUCCESS] SendKeys "{DELETE}" - "[MSAA, VisibleOnly]ControlType='Edit'"
\0&lt;/a&gt;
W, 3800, 22, 2012/11/01, 13:09:45.319, 193019063855, QTAgent32.exe, &lt;a class=success&gt;Playback - {54} [SUCCESS] SetValueAsEditBox "1000" - "[MSAA, VisibleOnly]ControlType='Edit'"  &lt; Set via SendKeys &gt;
\0&lt;/a&gt;
W, 3800, 22, 2012/11/01, 13:09:45.787, 193025820823, QTAgent32.exe, &lt;a class=success&gt;Playback - {55} [SUCCESS] MouseButtonClick - "[MSAA, VisibleOnly]ControlType='Button' &amp;&amp; Name='Calculate Quote'"
\0&lt;/a&gt;
W, 3800, 22, 2012/11/01, 13:09:46.239, 193032270948, QTAgent32.exe, &lt;a class=success&gt;Playback - {56} [SUCCESS] MouseButtonClick - "[MSAA, VisibleOnly]ControlType='Button' &amp;&amp; Name='Cancel'"
\0&lt;/a&gt;
W, 3800, 22, 2012/11/01, 13:09:46.723, 193039357068, QTAgent32.exe, &lt;a class=success&gt;Playback - {57} [SUCCESS] MouseButtonClick - "[MSAA, VisibleOnly]ControlType='Button' &amp;&amp; Name='No'"
\0&lt;/a&gt;
W, 3800, 22, 2012/11/01, 13:09:57.159, 193188606558, QTAgent32.exe, PERF WARNING: FindTopLevelWindowHelper::FindAllDescendents: took 10327 ms. Expected it to take maximum 500 ms.
W, 3800, 22, 2012/11/01, 13:09:57.487, 193193286714, QTAgent32.exe, &lt;a class=success&gt;Playback - {58} [SUCCESS] MouseButtonClick - "[MSAA, VisibleOnly]ControlType='Client'"
\0&lt;/a&gt;
W, 3800, 22, 2012/11/01, 13:09:59.000, 193214958898, QTAgent32.exe, &lt;a class=success&gt;Playback - {59} [SUCCESS] SendKeys "{Home}" - "[MSAA, VisibleOnly]ControlType='Client'"
\0&lt;/a&gt;
W, 3800, 22, 2012/11/01, 13:10:02.744, 193268571315, QTAgent32.exe, &lt;a class=success&gt;Playback - {60} [SUCCESS] MouseButtonClick - "[MSAA, VisibleOnly]ControlType='Button' &amp;&amp; Name='Accept'"
\0&lt;/a&gt;
W, 3800, 22, 2012/11/01, 13:10:03.275, 193276174568, QTAgent32.exe, &lt;a class=success&gt;Playback - {61} [SUCCESS] MouseButtonClick - "[MSAA, VisibleOnly]ControlType='Button' &amp;&amp; Name='Yes'"
\0&lt;/a&gt;
W, 3800, 22, 2012/11/01, 13:10:03.790, 193283698487, QTAgent32.exe, &lt;a class=success&gt;Playback - {62} [SUCCESS] MouseButtonClick - "[MSAA, VisibleOnly]ControlType='Button' &amp;&amp; Name='Ok'"
\0&lt;/a&gt;
W, 3800, 22, 2012/11/01, 13:10:04.195, 193289525003, QTAgent32.exe, &lt;a class=success&gt;Playback - {63} [SUCCESS] MouseButtonClick - "[MSAA, VisibleOnly]ControlType='Button' &amp;&amp; Name='Ok'"
\0&lt;/a&gt;
W, 3800, 22, 2012/11/01, 13:10:04.741, 193297257943, QTAgent32.exe, &lt;a class=success&gt;Playback - {64} [SUCCESS] MouseButtonClick - "[MSAA, VisibleOnly]ControlType='Button' &amp;&amp; Name='Confirm'"
\0&lt;/a&gt;
W, 3800, 22, 2012/11/01, 13:10:30.561, 193666818336, QTAgent32.exe, Playback - [WARNING] Internal warning: Window Not Found: [VisibleOnly]ControlType='Window' &amp;&amp; Name='Save the file as' &amp;&amp; ClassName='#32770'
\0
E, 3800, 22, 2012/11/01, 13:10:30.561, 193666821210, QTAgent32.exe, &lt;a class=failure&gt;Playback - {65} [FAILED] Function ElementFetcher::FindScreenElement failed to locate UI element (Searching: ;[VisibleOnly]ControlType='Window' &amp;&amp; Name='Save the file as' &amp;&amp; ClassName='#32770') (The object specified was not found.)
\0&lt;/a&gt;
E, 3800, 22, 2012/11/01, 13:10:30.670, 193668434630, QTAgent32.exe, Playback - [IMAGE] C:\Users\peter.zenin-ad\AppData\Local\Temp\UITestLogs\LastRun\RPF6229.png
\0
W, 3800, 22, 2012/11/01, 13:10:30.670, 193668436832, QTAgent32.exe, Playback - [WARNING] Internal warning: Couldn't find descendants that match QueryId
\0
W, 3800, 22, 2012/11/01, 13:10:30.670, 193668439794, QTAgent32.exe, PERF WARNING: FindTopLevelWindowHelper::FindAllDescendents: took 25822 ms. Expected it to take maximum 500 ms.
W, 3800, 22, 2012/11/01, 13:10:48.845, 193928601431, QTAgent32.exe, Playback - [WARNING] Internal warning: Window Not Found: [VisibleOnly]ControlType='Window' &amp;&amp; Name='Save the file as' &amp;&amp; ClassName='#32770'
\0
E, 3800, 22, 2012/11/01, 13:10:48.845, 193928604278, QTAgent32.exe, &lt;a class=failure&gt;Playback - {66} [FAILED] Function ElementFetcher::FindScreenElement failed to locate UI element (Searching: ;[VisibleOnly]ControlType='Window' &amp;&amp; Name='Save the file as' &amp;&amp; ClassName='#32770') (The object specified was not found.)
\0&lt;/a&gt;
E, 3800, 22, 2012/11/01, 13:10:48.954, 193930244912, QTAgent32.exe, Playback - [IMAGE] C:\Users\peter.zenin-ad\AppData\Local\Temp\UITestLogs\LastRun\RPFA995.png
\0
W, 3800, 22, 2012/11/01, 13:10:48.954, 193930247029, QTAgent32.exe, Playback - [WARNING] Internal warning: Couldn't find descendants that match QueryId
\0
W, 3800, 22, 2012/11/01, 13:10:48.954, 193930249987, QTAgent32.exe, PERF WARNING: FindTopLevelWindowHelper::FindAllDescendents: took 18284 ms. Expected it to take maximum 500 ms.
W, 3800, 22, 2012/11/01, 13:10:52.168, 193976187388, QTAgent32.exe, Playback - [WARNING] Internal warning: Smart Match failed
\0
W, 3800, 22, 2012/11/01, 13:10:53.494, 193995163647, QTAgent32.exe, Playback - [WARNING] Internal warning: Window Not Found: [VisibleOnly]ControlType='Window' &amp;&amp; Name='Save the file as' &amp;&amp; ClassName='#32770'
\0
E, 3800, 22, 2012/11/01, 13:10:53.494, 193995166406, QTAgent32.exe, &lt;a class=failure&gt;Playback - {67} [FAILED] Function ElementFetcher::FindScreenElement failed to locate UI element (Searching: ;[VisibleOnly]ControlType='Window' &amp;&amp; Name='Save the file as' &amp;&amp; ClassName='#32770') (The object specified was not found.)
\0&lt;/a&gt;
E, 3800, 22, 2012/11/01, 13:10:53.603, 193996787816, QTAgent32.exe, Playback - [IMAGE] C:\Users\peter.zenin-ad\AppData\Local\Temp\UITestLogs\LastRun\RPFBBBF.png
\0
W, 3800, 22, 2012/11/01, 13:10:53.603, 193996789985, QTAgent32.exe, Playback - [WARNING] Internal warning: Couldn't find descendants that match QueryId
\0
W, 3800, 22, 2012/11/01, 13:10:53.603, 193996792923, QTAgent32.exe, PERF WARNING: FindTopLevelWindowHelper::FindAllDescendents: took 4647 ms. Expected it to take maximum 500 ms.
E, 3800, 22, 2012/11/01, 13:10:53.603, 193996794656, QTAgent32.exe, Exception: System.Runtime.InteropServices.COMException
	Message: Error HRESULT E_FAIL has been returned from a call to a COM component.
	Stack Trace:    at Microsoft.VisualStudio.TestTools.UITest.Playback.Engine.IRPFPlayback.FindAllScreenElements(IScreenElement pScreenElementStart, String bstrQueryId, Object&amp; pvarResKeys, Int32 cResKeys, Int32 nMaxDepth, Object[]&amp; foundDescendants)
   at Microsoft.VisualStudio.TestTools.UITest.Playback.ScreenElement.FindTopLevelWindowHelper(String queryId)
	BaseExceptionMessage: Error HRESULT E_FAIL has been returned from a call to a COM component.

E, 3800, 22, 2012/11/01, 13:10:53.743, 193998737888, QTAgent32.exe, AL: Playback Error: Microsoft.VisualStudio.TestTools.UITest.Extension.UITestControlNotFoundException: The playback failed to find the control with the given search properties. Additional Details: 
TechnologyName:  'MSAA'
ControlType:  'Window'
Name:  'Save the file as'
ClassName:  '#32770'
 ---&gt; System.Runtime.InteropServices.COMException: Error HRESULT E_FAIL has been returned from a call to a COM component.
   at Microsoft.VisualStudio.TestTools.UITest.Playback.Engine.IRPFPlayback.FindAllScreenElements(IScreenElement pScreenElementStart, String bstrQueryId, Object&amp; pvarResKeys, Int32 cResKeys, Int32 nMaxDepth, Object[]&amp; foundDescendants)
   at Microsoft.VisualStudio.TestTools.UITest.Playback.ScreenElement.FindTopLevelWindowHelper(String queryId)
   at Microsoft.VisualStudio.TestTools.UITest.Playback.ScreenElement.FindFromPartialQueryId(String queryId)
   at Microsoft.VisualStudio.TestTools.UITesting.UITestControl..ctor(String queryId)
   --- End of inner exception stack trace ---
   at Microsoft.VisualStudio.TestTools.UITesting.Playback.MapControlNotFoundException(COMException ex, IPlaybackContext context)
   at Microsoft.VisualStudio.TestTools.UITesting.Playback.MapAndThrowComException(COMException innerException, IPlaybackContext context)
   at Microsoft.VisualStudio.TestTools.UITesting.Playback.MapAndThrowException(SystemException exception, IPlaybackContext context)
   at Microsoft.VisualStudio.TestTools.UITesting.Playback.MapAndThrowException(SystemException exception, String queryId)
   at Microsoft.VisualStudio.TestTools.UITesting.UITestControl..ctor(String queryId)
   at Microsoft.VisualStudio.TestTools.UITesting.SearchHelper.SearchTopLevelWindow(ISearchArgument topLevelSearchArg, String topLevelElementQueryId)
   at Microsoft.VisualStudio.TestTools.UITesting.SearchHelper.GetTitleUpdatedTopLevelWindow(ISearchArgument topLevelSearchArg, String queryId, IList`1 windowTitles)
   at Microsoft.VisualStudio.TestTools.UITesting.SearchHelper.GetTopLevelElement(Boolean useCache, Boolean useCacheOnly, ISearchArgument searchArg, IList`1 windowTitles, Int32&amp; timeLeft)
   at Microsoft.VisualStudio.TestTools.UITesting.SearchHelper.GetElement(Boolean useCache, ISearchArgument searchArg)
   at Microsoft.VisualStudio.TestTools.UITesting.SearchHelper.Search(ISearchArgument searchArg)
   at Microsoft.VisualStudio.TestTools.UITesting.UITestControl.FindInternal()
   at Microsoft.VisualStudio.TestTools.UITesting.UITestControl.FindControlIfNecessary()
   at Microsoft.VisualStudio.TestTools.UITesting.UITestControl.Click(MouseButtons button, ModifierKeys modifierKeys, Point relativeCoordinates)
   at Microsoft.VisualStudio.TestTools.UITesting.Mouse.ClickImplementation(UITestControl control, MouseButtons button, ModifierKeys modifierKeys, Point relativeCoordinate)
   at Microsoft.VisualStudio.TestTools.UITesting.Mouse.ClickImplementationWrapper(UITestControl control, MouseButtons button, ModifierKeys modifierKeys, Point relativeCoordinate)
W, 3800, 22, 2012/11/01, 13:10:53.743, 193998739954, QTAgent32.exe, PlaybackErrorHandler: Ignoring exception as ContinueOnError is set.
W, 3800, 22, 2012/11/01, 13:10:54.071, 194003433061, QTAgent32.exe, &lt;a class=success&gt;Playback - {68} [SUCCESS] Check - "[MSAA, VisibleOnly]ControlType='CheckBox' &amp;&amp; Name='Defer Printing?'"
\0&lt;/a&gt;
W, 3800, 22, 2012/11/01, 13:10:54.742, 194013147493, QTAgent32.exe, &lt;a class=success&gt;Playback - {69} [SUCCESS] MouseButtonClick - "[MSAA, VisibleOnly]ControlType='Button' &amp;&amp; Name='Ok'"
\0&lt;/a&gt;
W, 3800, 22, 2012/11/01, 13:10:56.489, 194038107810, QTAgent32.exe, PERF WARNING: FindTopLevelWindowHelper::FindAllDescendents: took 1642 ms. Expected it to take maximum 500 ms.
W, 3800, 22, 2012/11/01, 13:10:56.832, 194042966822, QTAgent32.exe, &lt;a class=success&gt;Playback - {70} [SUCCESS] Uncheck - "[MSAA, VisibleOnly]ControlType='CheckBox' &amp;&amp; Name='Add Activity'"
\0&lt;/a&gt;
W, 3800, 22, 2012/11/01, 13:10:59.890, 194086811056, QTAgent32.exe, &lt;a class=success&gt;Playback - {71} [SUCCESS] MouseButtonClick - "[MSAA, VisibleOnly]ControlType='Button' &amp;&amp; Name='Ok'"
\0&lt;/a&gt;
W, 3800, 22, 2012/11/01, 13:11:00.327, 194093122532, QTAgent32.exe, &lt;a class=success&gt;Playback - {72} [SUCCESS] MouseButtonClick - "[MSAA, VisibleOnly]ControlType='Button' &amp;&amp; Name='Ok'"
\0&lt;/a&gt;
W, 3800, 22, 2012/11/01, 13:11:10.015, 194231724767, QTAgent32.exe, PERF WARNING: FindTopLevelWindowHelper::FindAllDescendents: took 9378 ms. Expected it to take maximum 500 ms.
W, 3800, 22, 2012/11/01, 13:11:12.308, 194264536502, QTAgent32.exe, &lt;a class=success&gt;Playback - {73} [SUCCESS] MouseButtonClick - "[MSAA, VisibleOnly]ControlType='Button' &amp;&amp; Name='OK'"
\0&lt;/a&gt;
W, 3800, 22, 2012/11/01, 13:11:12.745, 194270860026, QTAgent32.exe, &lt;a class=success&gt;Playback - {74} [SUCCESS] MouseButtonClick - "[MSAA, VisibleOnly]ControlType='Button' &amp;&amp; Name='Options'"
\0&lt;/a&gt;
W, 3800, 22, 2012/11/01, 13:11:12.854, 194272362600, QTAgent32.exe, FindScreenElementInSinglePass : Attempting to find control in one pass of search. Failures can occur.
W, 3800, 22, 2012/11/01, 13:11:12.870, 194272578186, QTAgent32.exe, Playback - [WARNING] Internal failure: Method GetBoundingRectangle failed (HRESULT = 0x1, "Incorrect function.") for Name = "Quote Select List" ," ControlType = "MenuItem"
\0
W, 3800, 22, 2012/11/01, 13:11:12.870, 194272579750, QTAgent32.exe, Playback - [WARNING] Internal failure: Couldn't get clickable point for ScreenUIElement - GetClickablePoint failed
\0
W, 3800, 22, 2012/11/01, 13:11:12.885, 194272909199, QTAgent32.exe, FindScreenElementInSinglePass : Attempting to find control in one pass of search. Failures can occur.
W, 3800, 22, 2012/11/01, 13:11:12.885, 194272940023, QTAgent32.exe, FindScreenElementInSinglePass : Attempting to find control in one pass of search. Failures can occur.
W, 3800, 22, 2012/11/01, 13:11:13.228, 194277718084, QTAgent32.exe, &lt;a class=success&gt;Playback - {75} [SUCCESS] LeftButtonClick - "[MSAA, VisibleOnly]ControlType='MenuBar' &amp;&amp; Name='Application'"  &lt; Mouse cursor location (960, 31) &gt;
\0&lt;/a&gt;
W, 3800, 22, 2012/11/01, 13:11:13.338, 194279282636, QTAgent32.exe, &lt;a class=success&gt;Playback - {76} [SUCCESS] LeftButtonClick - "[MSAA]ControlType='MenuItem' &amp;&amp; Name='Options'"  &lt; Mouse cursor location (94, 31) &gt;
\0&lt;/a&gt;
W, 3800, 22, 2012/11/01, 13:11:13.509, 194281737407, QTAgent32.exe, &lt;a class=success&gt;Playback - {77} [SUCCESS] LeftButtonClick - "[MSAA]ControlType='MenuItem' &amp;&amp; Name='Links'"  &lt; Mouse cursor location (174, 319) &gt;
\0&lt;/a&gt;
W, 3800, 22, 2012/11/01, 13:11:13.681, 194284202547, QTAgent32.exe, &lt;a class=success&gt;Playback - {78} [SUCCESS] LeftButtonClick - "[MSAA]ControlType='MenuItem' &amp;&amp; Name='3rd Party Integration'"  &lt; Mouse cursor location (375, 319) &gt;
\0&lt;/a&gt;
W, 3800, 22, 2012/11/01, 13:11:13.868, 194286901622, QTAgent32.exe, &lt;a class=success&gt;Playback - {79} [SUCCESS] MouseButtonClick - "[MSAA]ControlType='MenuItem' &amp;&amp; Name='Quote Select List'"
\0&lt;/a&gt;
W, 3800, 22, 2012/11/01, 13:11:15.444, 194309446621, QTAgent32.exe, PERF WARNING: FindTopLevelWindowHelper::FindAllDescendents: took 1466 ms. Expected it to take maximum 500 ms.
W, 3800, 22, 2012/11/01, 13:11:17.129, 194333656174, QTAgent32.exe, &lt;a class=success&gt;Playback - {80} [SUCCESS] MouseButtonClick - "[MSAA, VisibleOnly]ControlType='Button' &amp;&amp; Name='Ok'"
\0&lt;/a&gt;
W, 3800, 22, 2012/11/01, 13:11:18.720, 194356362446, QTAgent32.exe, PERF WARNING: FindTopLevelWindowHelper::FindAllDescendents: took 1483 ms. Expected it to take maximum 500 ms.
W, 3800, 22, 2012/11/01, 13:11:19.204, 194363479964, QTAgent32.exe, &lt;a class=success&gt;Playback - {81} [SUCCESS] MouseButtonClick - "[MSAA, VisibleOnly]ControlType='Button' &amp;&amp; Name='MTA...'"
\0&lt;/a&gt;
W, 3800, 22, 2012/11/01, 13:11:19.828, 194372371877, QTAgent32.exe, Playback - [WARNING] Internal warning: Incorrect flag set for InvokeProgrammaticAction\0
W, 3800, 22, 2012/11/01, 13:11:20.202, 194377572822, QTAgent32.exe, &lt;a class=success&gt;Playback - {82} [SUCCESS] SetValueAsComboBox "Change of Vehicle" - "[MSAA, VisibleOnly]ControlType='ComboBox'"  &lt; SetValueAsComboBox, set by clicking on the item in the list box &gt;
\0&lt;/a&gt;
W, 3800, 22, 2012/11/01, 13:11:20.608, 194383366893, QTAgent32.exe, &lt;a class=success&gt;Playback - {83} [SUCCESS] MouseButtonClick - "[MSAA, VisibleOnly]ControlType='Button' &amp;&amp; Name='OK'"
\0&lt;/a&gt;
W, 3800, 22, 2012/11/01, 13:11:20.904, 194387785107, QTAgent32.exe, Playback - [WARNING] Internal warning: Thread state based WFR - Requested element has invalid HWND
\0
W, 3800, 22, 2012/11/01, 13:11:20.904, 194387787168, QTAgent32.exe, Playback - [WARNING] Internal warning: process performance counters based WFR - Requested element has invalid HWND
\0
E, 3800, 22, 2012/11/01, 13:11:20.904, 194387806473, QTAgent32.exe, EnsureValid called via EnsureValid call for same element
E, 3800, 22, 2012/11/01, 13:11:20.904, 194387812531, QTAgent32.exe, GetClassName for handle 2360024 failed
E, 3800, 22, 2012/11/01, 13:11:20.904, 194387814906, QTAgent32.exe, EnsureValid called via EnsureValid call for same element
E, 3800, 22, 2012/11/01, 13:11:20.904, 194387816509, QTAgent32.exe, EnsureValid called via EnsureValid call for same element
E, 3800, 22, 2012/11/01, 13:11:20.904, 194387822445, QTAgent32.exe, GetClassName for handle 2360024 failed
E, 3800, 22, 2012/11/01, 13:11:20.935, 194388203833, QTAgent32.exe, Exception: System.Runtime.InteropServices.COMException
	Message: Error HRESULT E_FAIL has been returned from a call to a COM component.
	Stack Trace:    at Accessibility.IAccessible.get_accState(Object varChild)
   at Microsoft.VisualStudio.TestTools.UITest.Extension.Msaa.AccWrapper.get_State()
	BaseExceptionMessage: Error HRESULT E_FAIL has been returned from a call to a COM component.

E, 3800, 22, 2012/11/01, 13:11:20.935, 194388208667, QTAgent32.exe, Exception: System.Runtime.InteropServices.COMException
	Message: Error HRESULT E_FAIL has been returned from a call to a COM component.
	Stack Trace:    at Accessibility.IAccessible.get_accState(Object varChild)
   at Microsoft.VisualStudio.TestTools.UITest.Extension.Msaa.AccWrapper.get_State()
	BaseExceptionMessage: Error HRESULT E_FAIL has been returned from a call to a COM component.

E, 3800, 22, 2012/11/01, 13:11:20.935, 194388212931, QTAgent32.exe, Exception: System.Runtime.InteropServices.COMException
	Message: Error HRESULT E_FAIL has been returned from a call to a COM component.
	Stack Trace:    at Accessibility.IAccessible.get_accState(Object varChild)
   at Microsoft.VisualStudio.TestTools.UITest.Extension.Msaa.AccWrapper.get_State()
	BaseExceptionMessage: Error HRESULT E_FAIL has been returned from a call to a COM component.

E, 3800, 22, 2012/11/01, 13:11:20.935, 194388217166, QTAgent32.exe, Exception: System.Runtime.InteropServices.COMException
	Message: Error HRESULT E_FAIL has been returned from a call to a COM component.
	Stack Trace:    at Accessibility.IAccessible.get_accState(Object varChild)
   at Microsoft.VisualStudio.TestTools.UITest.Extension.Msaa.AccWrapper.get_State()
	BaseExceptionMessage: Error HRESULT E_FAIL has been returned from a call to a COM component.

E, 3800, 22, 2012/11/01, 13:11:20.935, 194388221418, QTAgent32.exe, Exception: System.Runtime.InteropServices.COMException
	Message: Error HRESULT E_FAIL has been returned from a call to a COM component.
	Stack Trace:    at Accessibility.IAccessible.get_accState(Object varChild)
   at Microsoft.VisualStudio.TestTools.UITest.Extension.Msaa.AccWrapper.get_State()
	BaseExceptionMessage: Error HRESULT E_FAIL has been returned from a call to a COM component.

E, 3800, 22, 2012/11/01, 13:11:20.935, 194388225724, QTAgent32.exe, Exception: System.Runtime.InteropServices.COMException
	Message: Error HRESULT E_FAIL has been returned from a call to a COM component.
	Stack Trace:    at Accessibility.IAccessible.get_accState(Object varChild)
   at Microsoft.VisualStudio.TestTools.UITest.Extension.Msaa.AccWrapper.get_State()
	BaseExceptionMessage: Error HRESULT E_FAIL has been returned from a call to a COM component.

E, 3800, 22, 2012/11/01, 13:11:20.935, 194388231174, QTAgent32.exe, Exception: System.Runtime.InteropServices.COMException
	Message: Error HRESULT E_FAIL has been returned from a call to a COM component.
	Stack Trace:    at Accessibility.IAccessible.get_accState(Object varChild)
   at Microsoft.VisualStudio.TestTools.UITest.Extension.Msaa.AccWrapper.get_State()
	BaseExceptionMessage: Error HRESULT E_FAIL has been returned from a call to a COM component.

W, 3800, 22, 2012/11/01, 13:11:21.107, 194390718872, QTAgent32.exe, PERF WARNING: MSAA.UpdateQueryIDForNamelessControls: took 201 ms. Expected it to take maximum 200 ms.
W, 3800, 22, 2012/11/01, 13:11:21.107, 194390727863, QTAgent32.exe, Msaa.Navigate: Exception [Error HRESULT E_FAIL has been returned from a call to a COM component.] while calling accNavigate.
E, 3800, 22, 2012/11/01, 13:11:21.107, 194390728893, QTAgent32.exe, GetClassName for handle 1311786 failed
E, 3800, 22, 2012/11/01, 13:11:21.107, 194390729707, QTAgent32.exe, Window 1311786 not responding. Last Win32 error 1400
E, 3800, 22, 2012/11/01, 13:11:21.107, 194390732131, QTAgent32.exe, GetClassName for handle 2360024 failed
W, 3800, 22, 2012/11/01, 13:11:21.278, 194392972624, QTAgent32.exe, &lt;a class=success&gt;Playback - {84} [SUCCESS] SendKeys "^{HOME}" - "[MSAA, VisibleOnly]ControlType='Edit'"
\0&lt;/a&gt;
E, 3800, 22, 2012/11/01, 13:11:21.278, 194392975376, QTAgent32.exe, Msaa.GetFocusedElement: could not find accessible object of foreground window
W, 3800, 22, 2012/11/01, 13:11:21.372, 194394312088, QTAgent32.exe, &lt;a class=success&gt;Playback - {85} [SUCCESS] SendKeys "^+{END}" - "[MSAA, VisibleOnly]ControlType='Edit'"
\0&lt;/a&gt;
E, 3800, 22, 2012/11/01, 13:11:21.372, 194394314369, QTAgent32.exe, Msaa.GetFocusedElement: could not find accessible object of foreground window
W, 3800, 22, 2012/11/01, 13:11:21.388, 194394536163, QTAgent32.exe, &lt;a class=success&gt;Playback - {86} [SUCCESS] SendKeys "{DELETE}" - "[MSAA, VisibleOnly]ControlType='Edit'"
\0&lt;/a&gt;
W, 3800, 22, 2012/11/01, 13:11:21.590, 194397444750, QTAgent32.exe, &lt;a class=success&gt;Playback - {87} [SUCCESS] SetValueAsEditBox "2500" - "[MSAA, VisibleOnly]ControlType='Edit'"  &lt; Set via SendKeys &gt;
\0&lt;/a&gt;
W, 3800, 22, 2012/11/01, 13:11:22.152, 194405537118, QTAgent32.exe, &lt;a class=success&gt;Playback - {88} [SUCCESS] MouseButtonClick - "[MSAA, VisibleOnly]ControlType='Button' &amp;&amp; Name='Calculate Quote'"
\0&lt;/a&gt;
W, 3800, 22, 2012/11/01, 13:11:22.402, 194409054360, QTAgent32.exe, &lt;a class=success&gt;Playback - {89} [SUCCESS] SendKeys "^{HOME}" - "[MSAA, VisibleOnly]ControlType='Edit'"
\0&lt;/a&gt;
E, 3800, 22, 2012/11/01, 13:11:22.402, 194409056951, QTAgent32.exe, Msaa.GetFocusedElement: could not find accessible object of foreground window
W, 3800, 22, 2012/11/01, 13:11:22.495, 194410394445, QTAgent32.exe, &lt;a class=success&gt;Playback - {90} [SUCCESS] SendKeys "^+{END}" - "[MSAA, VisibleOnly]ControlType='Edit'"
\0&lt;/a&gt;
E, 3800, 22, 2012/11/01, 13:11:22.495, 194410397050, QTAgent32.exe, Msaa.GetFocusedElement: could not find accessible object of foreground window
W, 3800, 22, 2012/11/01, 13:11:22.511, 194410617979, QTAgent32.exe, &lt;a class=success&gt;Playback - {91} [SUCCESS] SendKeys "{DELETE}" - "[MSAA, VisibleOnly]ControlType='Edit'"
\0&lt;/a&gt;
W, 3800, 22, 2012/11/01, 13:11:22.838, 194415312620, QTAgent32.exe, &lt;a class=success&gt;Playback - {92} [SUCCESS] SetValueAsEditBox "13/10/12" - "[MSAA, VisibleOnly]ControlType='Edit'"  &lt; Set via SendKeys &gt;
\0&lt;/a&gt;
W, 3800, 22, 2012/11/01, 13:11:23.306, 194422025505, QTAgent32.exe, &lt;a class=success&gt;Playback - {93} [SUCCESS] MouseButtonClick - "[MSAA, VisibleOnly]ControlType='Button' &amp;&amp; Name='OK'"
\0&lt;/a&gt;
W, 3800, 22, 2012/11/01, 13:11:23.743, 194428334557, QTAgent32.exe, &lt;a class=success&gt;Playback - {94} [SUCCESS] MouseButtonClick - "[MSAA, VisibleOnly]ControlType='Button' &amp;&amp; Name='OK'"
\0&lt;/a&gt;
W, 3800, 22, 2012/11/01, 13:11:24.009, 194432060772, QTAgent32.exe, &lt;a class=success&gt;Playback - {95} [SUCCESS] SendKeys "^{HOME}" - "[MSAA, VisibleOnly]ControlType='Edit'"
\0&lt;/a&gt;
E, 3800, 22, 2012/11/01, 13:11:24.009, 194432063493, QTAgent32.exe, Msaa.GetFocusedElement: could not find accessible object of foreground window
W, 3800, 22, 2012/11/01, 13:11:24.102, 194433400817, QTAgent32.exe, &lt;a class=success&gt;Playback - {96} [SUCCESS] SendKeys "^+{END}" - "[MSAA, VisibleOnly]ControlType='Edit'"
\0&lt;/a&gt;
E, 3800, 22, 2012/11/01, 13:11:24.102, 194433403425, QTAgent32.exe, Msaa.GetFocusedElement: could not find accessible object of foreground window
W, 3800, 22, 2012/11/01, 13:11:24.118, 194433625956, QTAgent32.exe, &lt;a class=success&gt;Playback - {97} [SUCCESS] SendKeys "{DELETE}" - "[MSAA, VisibleOnly]ControlType='Edit'"
\0&lt;/a&gt;
W, 3800, 22, 2012/11/01, 13:11:24.445, 194438319352, QTAgent32.exe, &lt;a class=success&gt;Playback - {98} [SUCCESS] SetValueAsEditBox "02/11/12" - "[MSAA, VisibleOnly]ControlType='Edit'"  &lt; Set via SendKeys &gt;
\0&lt;/a&gt;
W, 3800, 22, 2012/11/01, 13:11:25.101, 194448120341, QTAgent32.exe, &lt;a class=success&gt;Playback - {99} [SUCCESS] MouseButtonClick - "[MSAA, VisibleOnly]ControlType='Button' &amp;&amp; Name='OK'"
\0&lt;/a&gt;
W, 3800, 22, 2012/11/01, 13:11:30.285, 194522336361, QTAgent32.exe, PERF WARNING: FindTopLevelWindowHelper::FindAllDescendents: took 5081 ms. Expected it to take maximum 500 ms.
W, 3800, 22, 2012/11/01, 13:11:30.397, 194523942219, QTAgent32.exe, &lt;a class=success&gt;Playback - {100} [SUCCESS] MouseButtonClick - "[MSAA, VisibleOnly]ControlType='Client'"
\0&lt;/a&gt;
W, 3800, 22, 2012/11/01, 13:11:30.682, 194528022564, QTAgent32.exe, &lt;a class=success&gt;Playback - {101} [SUCCESS] SendKeys "{Home}" - "[MSAA, VisibleOnly]ControlType='Client'"
\0&lt;/a&gt;
W, 3800, 22, 2012/11/01, 13:11:30.943, 194531762280, QTAgent32.exe, &lt;a class=success&gt;Playback - {102} [SUCCESS] MouseButtonClick - "[MSAA, VisibleOnly]ControlType='Button' &amp;&amp; Name='Accept'"
\0&lt;/a&gt;
W, 3800, 22, 2012/11/01, 13:11:31.237, 194535974709, QTAgent32.exe, &lt;a class=success&gt;Playback - {103} [SUCCESS] MouseButtonClick - "[MSAA, VisibleOnly]ControlType='Button' &amp;&amp; Name='Yes'"
\0&lt;/a&gt;
W, 3800, 22, 2012/11/01, 13:11:31.496, 194539677017, QTAgent32.exe, &lt;a class=success&gt;Playback - {104} [SUCCESS] MouseButtonClick - "[MSAA, VisibleOnly]ControlType='Button' &amp;&amp; Name='Ok'"
\0&lt;/a&gt;
W, 3800, 22, 2012/11/01, 13:11:49.929, 194803593914, QTAgent32.exe, PERF WARNING: FindTopLevelWindowHelper::FindAllDescendents: took 18332 ms. Expected it to take maximum 500 ms.
W, 3800, 22, 2012/11/01, 13:11:51.289, 194823065472, QTAgent32.exe, &lt;a class=success&gt;Playback - {105} [SUCCESS] MouseButtonClick - "[MSAA, VisibleOnly]ControlType='Button' &amp;&amp; Name='OK'"
\0&lt;/a&gt;
W, 3800, 22, 2012/11/01, 13:11:51.389, 194824497241, QTAgent32.exe, Playback - [WARNING] Internal warning: Thread state based WFR - Requested element has invalid HWND
\0
W, 3800, 22, 2012/11/01, 13:11:51.389, 194824498967, QTAgent32.exe, Playback - [WARNING] Internal warning: process performance counters based WFR - Requested element has invalid HWND
\0
E, 3800, 22, 2012/11/01, 13:11:51.389, 194824502238, QTAgent32.exe, EnsureValid called via EnsureValid call for same element
E, 3800, 22, 2012/11/01, 13:11:51.389, 194824505854, QTAgent32.exe, GetClassName for handle 1573696 failed
E, 3800, 22, 2012/11/01, 13:11:51.389, 194824508183, QTAgent32.exe, EnsureValid called via EnsureValid call for same element
E, 3800, 22, 2012/11/01, 13:11:51.390, 194824510123, QTAgent32.exe, EnsureValid called via EnsureValid call for same element
E, 3800, 22, 2012/11/01, 13:11:51.391, 194824527356, QTAgent32.exe, Window 1573696 not responding. Last Win32 error 0
E, 3800, 22, 2012/11/01, 13:11:51.391, 194824529547, QTAgent32.exe, GetClassName for handle 1573696 failed
E, 3800, 22, 2012/11/01, 13:11:51.391, 194824530344, QTAgent32.exe, GetClassName for handle 1573696 failed
W, 3800, 22, 2012/11/01, 13:11:51.516, 194826320766, QTAgent32.exe, &lt;a class=success&gt;Playback - {106} [SUCCESS] Check - "[MSAA, VisibleOnly]ControlType='CheckBox' &amp;&amp; Name='Defer Printing?'"
\0&lt;/a&gt;
W, 3800, 22, 2012/11/01, 13:11:52.028, 194833654600, QTAgent32.exe, &lt;a class=success&gt;Playback - {107} [SUCCESS] MouseButtonClick - "[MSAA, VisibleOnly]ControlType='Button' &amp;&amp; Name='Ok'"
\0&lt;/a&gt;
W, 3800, 22, 2012/11/01, 13:11:52.128, 194835078663, QTAgent32.exe, Playback - [WARNING] Internal warning: Thread state based WFR - Requested element has invalid HWND
\0
W, 3800, 22, 2012/11/01, 13:11:52.128, 194835080355, QTAgent32.exe, Playback - [WARNING] Internal warning: process performance counters based WFR - Requested element has invalid HWND
\0
E, 3800, 22, 2012/11/01, 13:11:52.128, 194835083438, QTAgent32.exe, EnsureValid called via EnsureValid call for same element
E, 3800, 22, 2012/11/01, 13:11:52.128, 194835086975, QTAgent32.exe, GetClassName for handle 1902144 failed
E, 3800, 22, 2012/11/01, 13:11:52.128, 194835089287, QTAgent32.exe, EnsureValid called via EnsureValid call for same element
E, 3800, 22, 2012/11/01, 13:11:52.129, 194835090988, QTAgent32.exe, EnsureValid called via EnsureValid call for same element
E, 3800, 22, 2012/11/01, 13:11:52.130, 194835108587, QTAgent32.exe, Window 1902144 not responding. Last Win32 error 0
E, 3800, 22, 2012/11/01, 13:11:52.130, 194835110817, QTAgent32.exe, GetClassName for handle 1902144 failed
E, 3800, 22, 2012/11/01, 13:11:52.130, 194835111648, QTAgent32.exe, GetClassName for handle 1902144 failed
W, 3800, 22, 2012/11/01, 13:11:53.920, 194860748815, QTAgent32.exe, PERF WARNING: FindTopLevelWindowHelper::FindAllDescendents: took 1790 ms. Expected it to take maximum 500 ms.
W, 3800, 22, 2012/11/01, 13:11:54.062, 194862781820, QTAgent32.exe, &lt;a class=success&gt;Playback - {108} [SUCCESS] Uncheck - "[MSAA, VisibleOnly]ControlType='CheckBox' &amp;&amp; Name='Add Activity'"
\0&lt;/a&gt;
W, 3800, 22, 2012/11/01, 13:11:54.412, 194867788011, QTAgent32.exe, &lt;a class=success&gt;Playback - {109} [SUCCESS] MouseButtonClick - "[MSAA, VisibleOnly]ControlType='Button' &amp;&amp; Name='Ok'"
\0&lt;/a&gt;
W, 3800, 22, 2012/11/01, 13:12:00.340, 194952660509, QTAgent32.exe, PERF WARNING: FindTopLevelWindowHelper::FindAllDescendents: took 5730 ms. Expected it to take maximum 500 ms.
W, 3800, 22, 2012/11/01, 13:12:00.802, 194959273632, QTAgent32.exe, &lt;a class=success&gt;Playback - {110} [SUCCESS] MouseButtonClick - "[MSAA, VisibleOnly]ControlType='Button' &amp;&amp; Name='OK'"
\0&lt;/a&gt;
E, 3800, 22, 2012/11/01, 13:12:01.091, 194963410731, QTAgent32.exe, GetClassName for handle 3671392 failed
W, 3800, 22, 2012/11/01, 13:12:04.729, 195015508890, QTAgent32.exe, PERF WARNING: FindTopLevelWindowHelper::FindAllDescendents: took 3638 ms. Expected it to take maximum 500 ms.
W, 3800, 22, 2012/11/01, 13:12:06.861, 195046026640, QTAgent32.exe, &lt;a class=success&gt;Playback - {111} [SUCCESS] MouseButtonClick - "[MSAA, VisibleOnly]ControlType='Button' &amp;&amp; Name='OK'"
\0&lt;/a&gt;
W, 3800, 22, 2012/11/01, 13:12:07.082, 195049193622, QTAgent32.exe, &lt;a class=success&gt;Playback - {112} [SUCCESS] MouseButtonClick - "[MSAA, VisibleOnly]ControlType='Button' &amp;&amp; Name='Options'"
\0&lt;/a&gt;
W, 3800, 22, 2012/11/01, 13:12:07.182, 195050628279, QTAgent32.exe, FindScreenElementInSinglePass : Attempting to find control in one pass of search. Failures can occur.
W, 3800, 22, 2012/11/01, 13:12:07.190, 195050738185, QTAgent32.exe, Playback - [WARNING] Internal failure: Method GetBoundingRectangle failed (HRESULT = 0x1, "Incorrect function.") for Name = "Quote Select List" ," ControlType = "MenuItem"
\0
W, 3800, 22, 2012/11/01, 13:12:07.190, 195050739571, QTAgent32.exe, Playback - [WARNING] Internal failure: Couldn't get clickable point for ScreenUIElement - GetClickablePoint failed
\0
W, 3800, 22, 2012/11/01, 13:12:07.190, 195050742364, QTAgent32.exe, FindScreenElementInSinglePass : Attempting to find control in one pass of search. Failures can occur.
W, 3800, 22, 2012/11/01, 13:12:07.192, 195050772067, QTAgent32.exe, FindScreenElementInSinglePass : Attempting to find control in one pass of search. Failures can occur.
W, 3800, 22, 2012/11/01, 13:12:07.311, 195052471349, QTAgent32.exe, &lt;a class=success&gt;Playback - {113} [SUCCESS] LeftButtonClick - "[MSAA, VisibleOnly]ControlType='MenuBar' &amp;&amp; Name='Application'"  &lt; Mouse cursor location (960, 31) &gt;
\0&lt;/a&gt;
W, 3800, 22, 2012/11/01, 13:12:07.418, 195054004471, QTAgent32.exe, &lt;a class=success&gt;Playback - {114} [SUCCESS] LeftButtonClick - "[MSAA]ControlType='MenuItem' &amp;&amp; Name='Options'"  &lt; Mouse cursor location (94, 31) &gt;
\0&lt;/a&gt;
W, 3800, 22, 2012/11/01, 13:12:07.561, 195056050458, QTAgent32.exe, &lt;a class=success&gt;Playback - {115} [SUCCESS] LeftButtonClick - "[MSAA]ControlType='MenuItem' &amp;&amp; Name='Links'"  &lt; Mouse cursor location (174, 319) &gt;
\0&lt;/a&gt;
W, 3800, 22, 2012/11/01, 13:12:07.704, 195058098569, QTAgent32.exe, &lt;a class=success&gt;Playback - {116} [SUCCESS] LeftButtonClick - "[MSAA]ControlType='MenuItem' &amp;&amp; Name='3rd Party Integration'"  &lt; Mouse cursor location (375, 319) &gt;
\0&lt;/a&gt;
W, 3800, 22, 2012/11/01, 13:12:07.859, 195060316209, QTAgent32.exe, &lt;a class=success&gt;Playback - {117} [SUCCESS] MouseButtonClick - "[MSAA]ControlType='MenuItem' &amp;&amp; Name='Quote Select List'"
\0&lt;/a&gt;
E, 3800, 22, 2012/11/01, 13:12:07.997, 195062302503, QTAgent32.exe, GetClassName for handle 2557086 failed
W, 3800, 22, 2012/11/01, 13:12:09.130, 195078502011, QTAgent32.exe, PERF WARNING: FindTopLevelWindowHelper::FindAllDescendents: took 1131 ms. Expected it to take maximum 500 ms.
W, 3800, 22, 2012/11/01, 13:12:10.710, 195101125788, QTAgent32.exe, &lt;a class=success&gt;Playback - {118} [SUCCESS] MouseButtonClick - "[MSAA, VisibleOnly]ControlType='Button' &amp;&amp; Name='Ok'"
\0&lt;/a&gt;
W, 3800, 22, 2012/11/01, 13:12:10.812, 195102589423, QTAgent32.exe, Playback - [WARNING] Internal warning: Thread state based WFR - Requested element has invalid HWND
\0
W, 3800, 22, 2012/11/01, 13:12:10.812, 195102591030, QTAgent32.exe, Playback - [WARNING] Internal warning: process performance counters based WFR - Requested element has invalid HWND
\0
E, 3800, 22, 2012/11/01, 13:12:10.812, 195102594155, QTAgent32.exe, EnsureValid called via EnsureValid call for same element
E, 3800, 22, 2012/11/01, 13:12:10.812, 195102596179, QTAgent32.exe, EnsureValid called via EnsureValid call for same element
E, 3800, 22, 2012/11/01, 13:12:10.812, 195102597500, QTAgent32.exe, EnsureValid called via EnsureValid call for same element
E, 3800, 22, 2012/11/01, 13:12:10.813, 195102600873, QTAgent32.exe, GetClassName for handle 2687488 failed
E, 3800, 22, 2012/11/01, 13:12:10.814, 195102614267, QTAgent32.exe, GetClassName for handle 2687488 failed
E, 3800, 22, 2012/11/01, 13:12:10.814, 195102621613, QTAgent32.exe, Exception: System.Runtime.InteropServices.COMException
	Message: Error HRESULT E_FAIL has been returned from a call to a COM component.
	Stack Trace:    at Accessibility.IAccessible.get_accState(Object varChild)
   at Microsoft.VisualStudio.TestTools.UITest.Extension.Msaa.AccWrapper.get_State()
	BaseExceptionMessage: Error HRESULT E_FAIL has been returned from a call to a COM component.

E, 3800, 22, 2012/11/01, 13:12:10.814, 195102626007, QTAgent32.exe, Exception: System.Runtime.InteropServices.COMException
	Message: Error HRESULT E_FAIL has been returned from a call to a COM component.
	Stack Trace:    at Accessibility.IAccessible.get_accState(Object varChild)
   at Microsoft.VisualStudio.TestTools.UITest.Extension.Msaa.AccWrapper.get_State()
	BaseExceptionMessage: Error HRESULT E_FAIL has been returned from a call to a COM component.

E, 3800, 22, 2012/11/01, 13:12:10.815, 195102630837, QTAgent32.exe, Exception: System.Runtime.InteropServices.COMException
	Message: Error HRESULT E_FAIL has been returned from a call to a COM component.
	Stack Trace:    at Accessibility.IAccessible.get_accState(Object varChild)
   at Microsoft.VisualStudio.TestTools.UITest.Extension.Msaa.AccWrapper.get_State()
	BaseExceptionMessage: Error HRESULT E_FAIL has been returned from a call to a COM component.

E, 3800, 22, 2012/11/01, 13:12:10.815, 195102635174, QTAgent32.exe, Exception: System.Runtime.InteropServices.COMException
	Message: Error HRESULT E_FAIL has been returned from a call to a COM component.
	Stack Trace:    at Accessibility.IAccessible.get_accState(Object varChild)
   at Microsoft.VisualStudio.TestTools.UITest.Extension.Msaa.AccWrapper.get_State()
	BaseExceptionMessage: Error HRESULT E_FAIL has been returned from a call to a COM component.

E, 3800, 22, 2012/11/01, 13:12:10.815, 195102639477, QTAgent32.exe, Exception: System.Runtime.InteropServices.COMException
	Message: Error HRESULT E_FAIL has been returned from a call to a COM component.
	Stack Trace:    at Accessibility.IAccessible.get_accState(Object varChild)
   at Microsoft.VisualStudio.TestTools.UITest.Extension.Msaa.AccWrapper.get_State()
	BaseExceptionMessage: Error HRESULT E_FAIL has been returned from a call to a COM component.

E, 3800, 22, 2012/11/01, 13:12:10.816, 195102644029, QTAgent32.exe, Exception: System.Runtime.InteropServices.COMException
	Message: Error HRESULT E_FAIL has been returned from a call to a COM component.
	Stack Trace:    at Accessibility.IAccessible.get_accState(Object varChild)
   at Microsoft.VisualStudio.TestTools.UITest.Extension.Msaa.AccWrapper.get_State()
	BaseExceptionMessage: Error HRESULT E_FAIL has been returned from a call to a COM component.

E, 3800, 22, 2012/11/01, 13:12:10.816, 195102648337, QTAgent32.exe, Exception: System.Runtime.InteropServices.COMException
	Message: Error HRESULT E_FAIL has been returned from a call to a COM component.
	Stack Trace:    at Accessibility.IAccessible.get_accState(Object varChild)
   at Microsoft.VisualStudio.TestTools.UITest.Extension.Msaa.AccWrapper.get_State()
	BaseExceptionMessage: Error HRESULT E_FAIL has been returned from a call to a COM component.

W, 3800, 22, 2012/11/01, 13:12:11.015, 195105496067, QTAgent32.exe, PERF WARNING: MSAA.UpdateQueryIDForNamelessControls: took 201 ms. Expected it to take maximum 200 ms.
W, 3800, 22, 2012/11/01, 13:12:11.015, 195105499795, QTAgent32.exe, Msaa.Navigate: Exception [Error HRESULT E_FAIL has been returned from a call to a COM component.] while calling accNavigate.
E, 3800, 22, 2012/11/01, 13:12:11.015, 195105500841, QTAgent32.exe, GetClassName for handle 2622000 failed
E, 3800, 22, 2012/11/01, 13:12:11.015, 195105501682, QTAgent32.exe, Window 2622000 not responding. Last Win32 error 1400
E, 3800, 22, 2012/11/01, 13:12:11.015, 195105504124, QTAgent32.exe, GetClassName for handle 2687488 failed
W, 3800, 22, 2012/11/01, 13:12:12.084, 195120808091, QTAgent32.exe, PERF WARNING: FindTopLevelWindowHelper::FindAllDescendents: took 1068 ms. Expected it to take maximum 500 ms.
W, 3800, 22, 2012/11/01, 13:12:12.327, 195124282467, QTAgent32.exe, &lt;a class=success&gt;Playback - {119} [SUCCESS] MouseButtonClick - "[MSAA, VisibleOnly]ControlType='Button' &amp;&amp; Name='Exit'"
\0&lt;/a&gt;
E, 3800, 22, 2012/11/01, 13:12:12.427, 195125712988, QTAgent32.exe, GetClassName for handle 3015160 failed
W, 3800, 22, 2012/11/01, 13:12:12.627, 195128585154, QTAgent32.exe, &lt;a class=success&gt;Playback - {120} [SUCCESS] MouseButtonClick - "[MSAA, VisibleOnly]ControlType='Button' &amp;&amp; Name='Yes'"
\0&lt;/a&gt;
E, 3800, 22, 2012/11/01, 13:12:12.865, 195131984544, QTAgent32.exe, GetClassName for handle 3736928 failed
W, 3800, 22, 2012/11/01, 13:12:13.465, 195140586140, QTAgent32.exe, PERF WARNING: FindTopLevelWindowHelper::FindAllDescendents: took 600 ms. Expected it to take maximum 500 ms.
W, 3800, 22, 2012/11/01, 13:12:15.614, 195171346343, QTAgent32.exe, &lt;a class=success&gt;Playback - {121} [SUCCESS] MouseButtonClick - "[MSAA, VisibleOnly]ControlType='Button' &amp;&amp; Name='OK'"
\0&lt;/a&gt;
W, 3800, 22, 2012/11/01, 13:12:17.216, 195194286479, QTAgent32.exe, Playback - [WARNING] Internal warning: Element "[MSAA, VisibleOnly]ControlType='Window' &amp;&amp; ControlId='32770'" was not found, so all intermediate elements were ignored. To improve performance replace this element Id with another Id or exclude it from QueryId. If this element is the target element, replace or remove intermediate elements
\0
W, 3800, 22, 2012/11/01, 13:12:17.742, 195201825099, QTAgent32.exe, PERF WARNING: FindAllDescendents: took 2027 ms. Expected it to take maximum 500 ms.
W, 3800, 22, 2012/11/01, 13:12:17.878, 195203776541, QTAgent32.exe, &lt;a class=success&gt;Playback - {122} [SUCCESS] MouseButtonClick - "[MSAA, VisibleOnly]ControlType='Button' &amp;&amp; Name='Cancel'"
\0&lt;/a&gt;
W, 3800, 22, 2012/11/01, 13:12:19.482, 195226718742, QTAgent32.exe, Playback - [WARNING] Internal warning: Element "[MSAA, VisibleOnly]ControlType='Window' &amp;&amp; ControlId='32769'" was not found, so all intermediate elements were ignored. To improve performance replace this element Id with another Id or exclude it from QueryId. If this element is the target element, replace or remove intermediate elements
\0
W, 3800, 22, 2012/11/01, 13:12:20.004, 195234204112, QTAgent32.exe, PERF WARNING: FindAllDescendents: took 2023 ms. Expected it to take maximum 500 ms.
W, 3800, 22, 2012/11/01, 13:12:20.128, 195235972739, QTAgent32.exe, &lt;a class=success&gt;Playback - {123} [SUCCESS] MouseButtonClick - "[MSAA, VisibleOnly]ControlType='Button' &amp;&amp; Name='Cancel'"
\0&lt;/a&gt;
W, 3800, 22, 2012/11/01, 13:12:20.452, 195240613673, QTAgent32.exe, Playback - [WARNING] Internal warning: Window Not Found: [VisibleOnly]ControlType='Window' &amp;&amp; Name='Customer: txt1 tdsfs' &amp;&amp; ClassName='ThunderRT6MDIForm'
\0
E, 3800, 22, 2012/11/01, 13:12:20.452, 195240616482, QTAgent32.exe, &lt;a class=failure&gt;Playback - {124} [FAILED] Function ElementFetcher::FindScreenElement failed to locate UI element (Searching: ;[VisibleOnly]ControlType='Window' &amp;&amp; Name='Customer: txt1 tdsfs' &amp;&amp; ClassName='ThunderRT6MDIForm') (The object specified was not found.)
\0&lt;/a&gt;
E, 3800, 22, 2012/11/01, 13:12:20.560, 195242162191, QTAgent32.exe, Playback - [IMAGE] C:\Users\peter.zenin-ad\AppData\Local\Temp\UITestLogs\LastRun\RPFF8A.png
\0
W, 3800, 22, 2012/11/01, 13:12:20.560, 195242164347, QTAgent32.exe, Playback - [WARNING] Internal warning: Couldn't find descendants that match QueryId
\0
W, 3800, 22, 2012/11/01, 13:12:20.569, 195242293392, QTAgent32.exe, Playback - [WARNING] Internal warning: Window Not Found: [VisibleOnly]ControlType='Window' &amp;&amp; Name='Customer: txt1 tdsfs' &amp;&amp; ClassName='ThunderRT6MDIForm'
\0
E, 3800, 22, 2012/11/01, 13:12:20.570, 195242295711, QTAgent32.exe, &lt;a class=failure&gt;Playback - {125} [FAILED] Function ElementFetcher::FindScreenElement failed to locate UI element (Searching: ;[VisibleOnly]ControlType='Window' &amp;&amp; Name='Customer: txt1 tdsfs' &amp;&amp; ClassName='ThunderRT6MDIForm') (The object specified was not found.)
\0&lt;/a&gt;
E, 3800, 22, 2012/11/01, 13:12:20.678, 195243847096, QTAgent32.exe, Playback - [IMAGE] C:\Users\peter.zenin-ad\AppData\Local\Temp\UITestLogs\LastRun\RPF1008.png
\0
W, 3800, 22, 2012/11/01, 13:12:20.678, 195243849154, QTAgent32.exe, Playback - [WARNING] Internal warning: Couldn't find descendants that match QueryId
\0
W, 3800, 22, 2012/11/01, 13:12:20.902, 195247056847, QTAgent32.exe, Playback - [WARNING] Internal warning: Window Not Found: [VisibleOnly]ControlType='Window' &amp;&amp; Name='Customer: txt1 tdsfs' &amp;&amp; ClassName='ThunderRT6MDIForm'
\0
E, 3800, 22, 2012/11/01, 13:12:20.902, 195247059649, QTAgent32.exe, &lt;a class=failure&gt;Playback - {126} [FAILED] Function ElementFetcher::FindScreenElement failed to locate UI element (Searching: ;[VisibleOnly]ControlType='Window' &amp;&amp; Name='Customer: txt1 tdsfs' &amp;&amp; ClassName='ThunderRT6MDIForm') (The object specified was not found.)
\0&lt;/a&gt;
E, 3800, 22, 2012/11/01, 13:12:21.017, 195248696270, QTAgent32.exe, Playback - [IMAGE] C:\Users\peter.zenin-ad\AppData\Local\Temp\UITestLogs\LastRun\RPF1150.png
\0
W, 3800, 22, 2012/11/01, 13:12:21.017, 195248698582, QTAgent32.exe, Playback - [WARNING] Internal warning: Couldn't find descendants that match QueryId
\0
E, 3800, 22, 2012/11/01, 13:12:21.017, 195248702542, QTAgent32.exe, Exception: System.Runtime.InteropServices.COMException
	Message: Error HRESULT E_FAIL has been returned from a call to a COM component.
	Stack Trace:    at Microsoft.VisualStudio.TestTools.UITest.Playback.Engine.IRPFPlayback.FindAllScreenElements(IScreenElement pScreenElementStart, String bstrQueryId, Object&amp; pvarResKeys, Int32 cResKeys, Int32 nMaxDepth, Object[]&amp; foundDescendants)
   at Microsoft.VisualStudio.TestTools.UITest.Playback.ScreenElement.FindTopLevelWindowHelper(String queryId)
	BaseExceptionMessage: Error HRESULT E_FAIL has been returned from a call to a COM component.

E, 3800, 22, 2012/11/01, 13:12:21.017, 195248707411, QTAgent32.exe, Window 1377634 not responding. Last Win32 error 0
E, 3800, 22, 2012/11/01, 13:12:21.018, 195248710322, QTAgent32.exe, GetClassName for handle 1377634 failed
E, 3800, 22, 2012/11/01, 13:12:21.018, 195248718961, QTAgent32.exe, Window 1377634 not responding. Last Win32 error 1400
E, 3800, 22, 2012/11/01, 13:12:21.019, 195248729325, QTAgent32.exe, Window 1377634 not responding. Last Win32 error 1400
E, 3800, 22, 2012/11/01, 13:12:21.019, 195248730510, QTAgent32.exe, GetClassName for handle 1377634 failed
E, 3800, 22, 2012/11/01, 13:12:21.019, 195248731322, QTAgent32.exe, GetClassName for handle 1377634 failed
W, 3800, 22, 2012/11/01, 13:12:21.243, 195251935239, QTAgent32.exe, Playback - [WARNING] Internal warning: Window Not Found: [VisibleOnly]ControlType='Window' &amp;&amp; Name='Customer: autotest autotest' &amp;&amp; ClassName='ThunderRT6MDIForm'
\0
E, 3800, 22, 2012/11/01, 13:12:21.243, 195251938136, QTAgent32.exe, &lt;a class=failure&gt;Playback - {127} [FAILED] Function ElementFetcher::FindScreenElement failed to locate UI element (Searching: ;[VisibleOnly]ControlType='Window' &amp;&amp; Name='Customer: autotest autotest' &amp;&amp; ClassName='ThunderRT6MDIForm') (The object specified was not found.)
\0&lt;/a&gt;
E, 3800, 22, 2012/11/01, 13:12:21.355, 195253541148, QTAgent32.exe, Playback - [IMAGE] C:\Users\peter.zenin-ad\AppData\Local\Temp\UITestLogs\LastRun\RPF12A9.png
\0
W, 3800, 22, 2012/11/01, 13:12:21.355, 195253543262, QTAgent32.exe, Playback - [WARNING] Internal warning: Couldn't find descendants that match QueryId
\0
W, 3800, 22, 2012/11/01, 13:12:21.364, 195253673369, QTAgent32.exe, Playback - [WARNING] Internal warning: Window Not Found: [VisibleOnly]ControlType='Window' &amp;&amp; Name='Customer: autotest autotest' &amp;&amp; ClassName='ThunderRT6MDIForm'
\0
E, 3800, 22, 2012/11/01, 13:12:21.364, 195253675301, QTAgent32.exe, &lt;a class=failure&gt;Playback - {128} [FAILED] Function ElementFetcher::FindScreenElement failed to locate UI element (Searching: ;[VisibleOnly]ControlType='Window' &amp;&amp; Name='Customer: autotest autotest' &amp;&amp; ClassName='ThunderRT6MDIForm') (The object specified was not found.)
\0&lt;/a&gt;
E, 3800, 22, 2012/11/01, 13:12:21.474, 195255244615, QTAgent32.exe, Playback - [IMAGE] C:\Users\peter.zenin-ad\AppData\Local\Temp\UITestLogs\LastRun\RPF1326.png
\0
W, 3800, 22, 2012/11/01, 13:12:21.474, 195255246736, QTAgent32.exe, Playback - [WARNING] Internal warning: Couldn't find descendants that match QueryId
\0
W, 3800, 22, 2012/11/01, 13:12:21.698, 195258456903, QTAgent32.exe, Playback - [WARNING] Internal warning: Window Not Found: [VisibleOnly]ControlType='Window' &amp;&amp; Name='Customer: autotest autotest' &amp;&amp; ClassName='ThunderRT6MDIForm'
\0
E, 3800, 22, 2012/11/01, 13:12:21.698, 195258459890, QTAgent32.exe, &lt;a class=failure&gt;Playback - {129} [FAILED] Function ElementFetcher::FindScreenElement failed to locate UI element (Searching: ;[VisibleOnly]ControlType='Window' &amp;&amp; Name='Customer: autotest autotest' &amp;&amp; ClassName='ThunderRT6MDIForm') (The object specified was not found.)
\0&lt;/a&gt;
E, 3800, 22, 2012/11/01, 13:12:21.798, 195259888409, QTAgent32.exe, Playback - [IMAGE] C:\Users\peter.zenin-ad\AppData\Local\Temp\UITestLogs\LastRun\RPF146F.png
\0
W, 3800, 22, 2012/11/01, 13:12:21.798, 195259890624, QTAgent32.exe, Playback - [WARNING] Internal warning: Couldn't find descendants that match QueryId
\0
E, 3800, 22, 2012/11/01, 13:12:21.799, 195259894728, QTAgent32.exe, Exception: System.Runtime.InteropServices.COMException
	Message: Error HRESULT E_FAIL has been returned from a call to a COM component.
	Stack Trace:    at Microsoft.VisualStudio.TestTools.UITest.Playback.Engine.IRPFPlayback.FindAllScreenElements(IScreenElement pScreenElementStart, String bstrQueryId, Object&amp; pvarResKeys, Int32 cResKeys, Int32 nMaxDepth, Object[]&amp; foundDescendants)
   at Microsoft.VisualStudio.TestTools.UITest.Playback.ScreenElement.FindTopLevelWindowHelper(String queryId)
	BaseExceptionMessage: Error HRESULT E_FAIL has been returned from a call to a COM component.

E, 3800, 22, 2012/11/01, 13:12:21.799, 195259899365, QTAgent32.exe, Window 1377634 not responding. Last Win32 error 0
E, 3800, 22, 2012/11/01, 13:12:21.799, 195259903269, QTAgent32.exe, Window 1377634 not responding. Last Win32 error 1400
E, 3800, 22, 2012/11/01, 13:12:21.800, 195259908224, QTAgent32.exe, Window 1377634 not responding. Last Win32 error 1400
E, 3800, 22, 2012/11/01, 13:12:21.800, 195259909465, QTAgent32.exe, GetClassName for handle 1377634 failed
E, 3800, 22, 2012/11/01, 13:12:21.800, 195259910277, QTAgent32.exe, GetClassName for handle 1377634 failed
W, 3800, 22, 2012/11/01, 13:12:22.027, 195263167723, QTAgent32.exe, Playback - [WARNING] Internal warning: Window Not Found: [VisibleOnly]ControlType='Window' &amp;&amp; Name='Customer: txt1 tdsfs' &amp;&amp; ClassName='ThunderRT6MDIForm'
\0
E, 3800, 22, 2012/11/01, 13:12:22.027, 195263170528, QTAgent32.exe, &lt;a class=failure&gt;Playback - {130} [FAILED] Function ElementFetcher::FindScreenElement failed to locate UI element (Searching: ;[VisibleOnly]ControlType='Window' &amp;&amp; Name='Customer: txt1 tdsfs' &amp;&amp; ClassName='ThunderRT6MDIForm') (The object specified was not found.)
\0&lt;/a&gt;
E, 3800, 22, 2012/11/01, 13:12:22.136, 195264722121, QTAgent32.exe, Playback - [IMAGE] C:\Users\peter.zenin-ad\AppData\Local\Temp\UITestLogs\LastRun\RPF15B8.png
\0
W, 3800, 22, 2012/11/01, 13:12:22.136, 195264724329, QTAgent32.exe, Playback - [WARNING] Internal warning: Couldn't find descendants that match QueryId
\0
W, 3800, 22, 2012/11/01, 13:12:22.670, 195272371207, QTAgent32.exe, Playback - [WARNING] Internal warning: Window Not Found: [VisibleOnly]ControlType='Window' &amp;&amp; Name='Customer: txt1 tdsfs' &amp;&amp; ClassName='ThunderRT6MDIForm'
\0
E, 3800, 22, 2012/11/01, 13:12:22.670, 195272374145, QTAgent32.exe, &lt;a class=failure&gt;Playback - {131} [FAILED] Function ElementFetcher::FindScreenElement failed to locate UI element (Searching: ;[VisibleOnly]ControlType='Window' &amp;&amp; Name='Customer: txt1 tdsfs' &amp;&amp; ClassName='ThunderRT6MDIForm') (The object specified was not found.)
\0&lt;/a&gt;
E, 3800, 22, 2012/11/01, 13:12:22.782, 195273976184, QTAgent32.exe, Playback - [IMAGE] C:\Users\peter.zenin-ad\AppData\Local\Temp\UITestLogs\LastRun\RPF1838.png
\0
W, 3800, 22, 2012/11/01, 13:12:22.782, 195273978261, QTAgent32.exe, Playback - [WARNING] Internal warning: Couldn't find descendants that match QueryId
\0
W, 3800, 22, 2012/11/01, 13:12:22.782, 195273981730, QTAgent32.exe, PERF WARNING: FindTopLevelWindowHelper::FindAllDescendents: took 646 ms. Expected it to take maximum 500 ms.
W, 3800, 22, 2012/11/01, 13:12:23.210, 195280097192, QTAgent32.exe, Playback - [WARNING] Internal warning: Smart Match failed
\0
W, 3800, 22, 2012/11/01, 13:12:23.402, 195282859511, QTAgent32.exe, Playback - [WARNING] Internal warning: Smart Match failed
\0
W, 3800, 22, 2012/11/01, 13:12:23.542, 195284864242, QTAgent32.exe, Playback - [WARNING] Internal warning: Smart Match failed
\0
W, 3800, 22, 2012/11/01, 13:12:23.682, 195286868192, QTAgent32.exe, Playback - [WARNING] Internal warning: Smart Match failed
\0
W, 3800, 22, 2012/11/01, 13:12:23.822, 195288869944, QTAgent32.exe, Playback - [WARNING] Internal warning: Smart Match failed
\0
W, 3800, 22, 2012/11/01, 13:12:23.962, 195290877504, QTAgent32.exe, Playback - [WARNING] Internal warning: Smart Match failed
\0
W, 3800, 22, 2012/11/01, 13:12:24.109, 195292980426, QTAgent32.exe, Playback - [WARNING] Internal warning: Smart Match failed
\0
W, 3800, 22, 2012/11/01, 13:12:24.249, 195294984948, QTAgent32.exe, Playback - [WARNING] Internal warning: Smart Match failed
\0
W, 3800, 22, 2012/11/01, 13:12:24.388, 195296976475, QTAgent32.exe, Playback - [WARNING] Internal warning: Smart Match failed
\0
W, 3800, 22, 2012/11/01, 13:12:24.527, 195298965341, QTAgent32.exe, Playback - [WARNING] Internal warning: Smart Match failed
\0
W, 3800, 22, 2012/11/01, 13:12:24.666, 195300959215, QTAgent32.exe, Playback - [WARNING] Internal warning: Smart Match failed
\0
W, 3800, 22, 2012/11/01, 13:12:24.808, 195302979016, QTAgent32.exe, Playback - [WARNING] Internal warning: Smart Match failed
\0
W, 3800, 22, 2012/11/01, 13:12:24.948, 195304983231, QTAgent32.exe, Playback - [WARNING] Internal warning: Smart Match failed
\0
W, 3800, 22, 2012/11/01, 13:12:25.088, 195306987956, QTAgent32.exe, Playback - [WARNING] Internal warning: Smart Match failed
\0
W, 3800, 22, 2012/11/01, 13:12:25.227, 195308992434, QTAgent32.exe, Playback - [WARNING] Internal warning: Smart Match failed
\0
W, 3800, 22, 2012/11/01, 13:12:25.367, 195310994052, QTAgent32.exe, Playback - [WARNING] Internal warning: Smart Match failed
\0
W, 3800, 22, 2012/11/01, 13:12:25.507, 195312988166, QTAgent32.exe, Playback - [WARNING] Internal warning: Smart Match failed
\0
W, 3800, 22, 2012/11/01, 13:12:25.646, 195314991682, QTAgent32.exe, Playback - [WARNING] Internal warning: Smart Match failed
\0
W, 3800, 22, 2012/11/01, 13:12:25.785, 195316979452, QTAgent32.exe, Playback - [WARNING] Internal warning: Smart Match failed
\0
W, 3800, 22, 2012/11/01, 13:12:25.821, 195317486780, QTAgent32.exe, Playback - [WARNING] Internal warning: Window Not Found: [VisibleOnly]ControlType='Window' &amp;&amp; Name='Customer: txt1 tdsfs' &amp;&amp; ClassName='ThunderRT6MDIForm'
\0
E, 3800, 22, 2012/11/01, 13:12:25.821, 195317489641, QTAgent32.exe, &lt;a class=failure&gt;Playback - {132} [FAILED] Function ElementFetcher::FindScreenElement failed to locate UI element (Searching: ;[VisibleOnly]ControlType='Window' &amp;&amp; Name='Customer: txt1 tdsfs' &amp;&amp; ClassName='ThunderRT6MDIForm') (The object specified was not found.)
\0&lt;/a&gt;
E, 3800, 22, 2012/11/01, 13:12:25.915, 195318835037, QTAgent32.exe, Playback - [IMAGE] C:\Users\peter.zenin-ad\AppData\Local\Temp\UITestLogs\LastRun\RPF2489.png
\0
W, 3800, 22, 2012/11/01, 13:12:25.915, 195318837297, QTAgent32.exe, Playback - [WARNING] Internal warning: Couldn't find descendants that match QueryId
\0
W, 3800, 22, 2012/11/01, 13:12:25.915, 195318840289, QTAgent32.exe, PERF WARNING: FindTopLevelWindowHelper::FindAllDescendents: took 3132 ms. Expected it to take maximum 500 ms.
E, 3800, 22, 2012/11/01, 13:12:25.915, 195318842074, QTAgent32.exe, Exception: System.Runtime.InteropServices.COMException
	Message: Error HRESULT E_FAIL has been returned from a call to a COM component.
	Stack Trace:    at Microsoft.VisualStudio.TestTools.UITest.Playback.Engine.IRPFPlayback.FindAllScreenElements(IScreenElement pScreenElementStart, String bstrQueryId, Object&amp; pvarResKeys, Int32 cResKeys, Int32 nMaxDepth, Object[]&amp; foundDescendants)
   at Microsoft.VisualStudio.TestTools.UITest.Playback.ScreenElement.FindTopLevelWindowHelper(String queryId)
	BaseExceptionMessage: Error HRESULT E_FAIL has been returned from a call to a COM component.

E, 3800, 22, 2012/11/01, 13:12:25.916, 195318847263, QTAgent32.exe, Window 1377634 not responding. Last Win32 error 0
E, 3800, 22, 2012/11/01, 13:12:25.916, 195318851236, QTAgent32.exe, Window 1377634 not responding. Last Win32 error 1400
E, 3800, 22, 2012/11/01, 13:12:25.916, 195318855903, QTAgent32.exe, Window 1377634 not responding. Last Win32 error 1400
E, 3800, 22, 2012/11/01, 13:12:25.916, 195318857156, QTAgent32.exe, GetClassName for handle 1377634 failed
E, 3800, 22, 2012/11/01, 13:12:25.916, 195318857994, QTAgent32.exe, GetClassName for handle 1377634 failed
W, 3800, 22, 2012/11/01, 13:12:26.142, 195322090877, QTAgent32.exe, Playback - [WARNING] Internal warning: Window Not Found: [VisibleOnly]ControlType='Window' &amp;&amp; Name='Customer: autotest autotest' &amp;&amp; ClassName='ThunderRT6MDIForm'
\0
E, 3800, 22, 2012/11/01, 13:12:26.142, 195322093876, QTAgent32.exe, &lt;a class=failure&gt;Playback - {133} [FAILED] Function ElementFetcher::FindScreenElement failed to locate UI element (Searching: ;[VisibleOnly]ControlType='Window' &amp;&amp; Name='Customer: autotest autotest' &amp;&amp; ClassName='ThunderRT6MDIForm') (The object specified was not found.)
\0&lt;/a&gt;
E, 3800, 22, 2012/11/01, 13:12:26.229, 195323338806, QTAgent32.exe, Playback - [IMAGE] C:\Users\peter.zenin-ad\AppData\Local\Temp\UITestLogs\LastRun\RPF25D1.png
\0
W, 3800, 22, 2012/11/01, 13:12:26.230, 195323341102, QTAgent32.exe, Playback - [WARNING] Internal warning: Couldn't find descendants that match QueryId
\0
W, 3800, 22, 2012/11/01, 13:12:26.764, 195330996536, QTAgent32.exe, Playback - [WARNING] Internal warning: Window Not Found: [VisibleOnly]ControlType='Window' &amp;&amp; Name='Customer: autotest autotest' &amp;&amp; ClassName='ThunderRT6MDIForm'
\0
E, 3800, 22, 2012/11/01, 13:12:26.764, 195330999424, QTAgent32.exe, &lt;a class=failure&gt;Playback - {134} [FAILED] Function ElementFetcher::FindScreenElement failed to locate UI element (Searching: ;[VisibleOnly]ControlType='Window' &amp;&amp; Name='Customer: autotest autotest' &amp;&amp; ClassName='ThunderRT6MDIForm') (The object specified was not found.)
\0&lt;/a&gt;
E, 3800, 22, 2012/11/01, 13:12:26.851, 195332232348, QTAgent32.exe, Playback - [IMAGE] C:\Users\peter.zenin-ad\AppData\Local\Temp\UITestLogs\LastRun\RPF2842.png
\0
W, 3800, 22, 2012/11/01, 13:12:26.851, 195332234564, QTAgent32.exe, Playback - [WARNING] Internal warning: Couldn't find descendants that match QueryId
\0
W, 3800, 22, 2012/11/01, 13:12:26.851, 195332237517, QTAgent32.exe, PERF WARNING: FindTopLevelWindowHelper::FindAllDescendents: took 621 ms. Expected it to take maximum 500 ms.
W, 3800, 22, 2012/11/01, 13:12:27.300, 195338672242, QTAgent32.exe, Playback - [WARNING] Internal warning: Smart Match failed
\0
W, 3800, 22, 2012/11/01, 13:12:27.440, 195340678935, QTAgent32.exe, Playback - [WARNING] Internal warning: Smart Match failed
\0
W, 3800, 22, 2012/11/01, 13:12:27.580, 195342684467, QTAgent32.exe, Playback - [WARNING] Internal warning: Smart Match failed
\0
W, 3800, 22, 2012/11/01, 13:12:27.722, 195344713593, QTAgent32.exe, Playback - [WARNING] Internal warning: Smart Match failed
\0
W, 3800, 22, 2012/11/01, 13:12:27.861, 195346708218, QTAgent32.exe, Playback - [WARNING] Internal warning: Smart Match failed
\0
W, 3800, 22, 2012/11/01, 13:12:28.061, 195349558969, QTAgent32.exe, Playback - [WARNING] Internal warning: Smart Match failed
\0
W, 3800, 22, 2012/11/01, 13:12:28.218, 195351803682, QTAgent32.exe, Playback - [WARNING] Internal warning: Smart Match failed
\0
W, 3800, 22, 2012/11/01, 13:12:28.356, 195353781901, QTAgent32.exe, Playback - [WARNING] Internal warning: Smart Match failed
\0
W, 3800, 22, 2012/11/01, 13:12:28.496, 195355786686, QTAgent32.exe, Playback - [WARNING] Internal warning: Smart Match failed
\0
W, 3800, 22, 2012/11/01, 13:12:28.637, 195357801189, QTAgent32.exe, Playback - [WARNING] Internal warning: Smart Match failed
\0
W, 3800, 22, 2012/11/01, 13:12:28.775, 195359777963, QTAgent32.exe, Playback - [WARNING] Internal warning: Smart Match failed
\0
W, 3800, 22, 2012/11/01, 13:12:28.913, 195361755158, QTAgent32.exe, Playback - [WARNING] Internal warning: Smart Match failed
\0
W, 3800, 22, 2012/11/01, 13:12:29.052, 195363746703, QTAgent32.exe, Playback - [WARNING] Internal warning: Smart Match failed
\0
W, 3800, 22, 2012/11/01, 13:12:29.192, 195365751251, QTAgent32.exe, Playback - [WARNING] Internal warning: Smart Match failed
\0
W, 3800, 22, 2012/11/01, 13:12:29.332, 195367756840, QTAgent32.exe, Playback - [WARNING] Internal warning: Smart Match failed
\0
W, 3800, 22, 2012/11/01, 13:12:29.471, 195369745697, QTAgent32.exe, Playback - [WARNING] Internal warning: Smart Match failed
\0
W, 3800, 22, 2012/11/01, 13:12:29.611, 195371748453, QTAgent32.exe, Playback - [WARNING] Internal warning: Smart Match failed
\0
W, 3800, 22, 2012/11/01, 13:12:29.749, 195373727093, QTAgent32.exe, Playback - [WARNING] Internal warning: Smart Match failed
\0
W, 3800, 22, 2012/11/01, 13:12:29.888, 195375715832, QTAgent32.exe, Playback - [WARNING] Internal warning: Smart Match failed
\0
W, 3800, 22, 2012/11/01, 13:12:29.924, 195376229399, QTAgent32.exe, Playback - [WARNING] Internal warning: Window Not Found: [VisibleOnly]ControlType='Window' &amp;&amp; Name='Customer: autotest autotest' &amp;&amp; ClassName='ThunderRT6MDIForm'
\0
E, 3800, 22, 2012/11/01, 13:12:29.924, 195376231879, QTAgent32.exe, &lt;a class=failure&gt;Playback - {135} [FAILED] Function ElementFetcher::FindScreenElement failed to locate UI element (Searching: ;[VisibleOnly]ControlType='Window' &amp;&amp; Name='Customer: autotest autotest' &amp;&amp; ClassName='ThunderRT6MDIForm') (The object specified was not found.)
\0&lt;/a&gt;
E, 3800, 22, 2012/11/01, 13:12:30.012, 195377494108, QTAgent32.exe, Playback - [IMAGE] C:\Users\peter.zenin-ad\AppData\Local\Temp\UITestLogs\LastRun\RPF3492.png
\0
W, 3800, 22, 2012/11/01, 13:12:30.013, 195377496448, QTAgent32.exe, Playback - [WARNING] Internal warning: Couldn't find descendants that match QueryId
\0
W, 3800, 22, 2012/11/01, 13:12:30.013, 195377499436, QTAgent32.exe, PERF WARNING: FindTopLevelWindowHelper::FindAllDescendents: took 3160 ms. Expected it to take maximum 500 ms.
E, 3800, 22, 2012/11/01, 13:12:30.013, 195377501252, QTAgent32.exe, Exception: System.Runtime.InteropServices.COMException
	Message: Error HRESULT E_FAIL has been returned from a call to a COM component.
	Stack Trace:    at Microsoft.VisualStudio.TestTools.UITest.Playback.Engine.IRPFPlayback.FindAllScreenElements(IScreenElement pScreenElementStart, String bstrQueryId, Object&amp; pvarResKeys, Int32 cResKeys, Int32 nMaxDepth, Object[]&amp; foundDescendants)
   at Microsoft.VisualStudio.TestTools.UITest.Playback.ScreenElement.FindTopLevelWindowHelper(String queryId)
	BaseExceptionMessage: Error HRESULT E_FAIL has been returned from a call to a COM component.

E, 3800, 22, 2012/11/01, 13:12:30.013, 195377505806, QTAgent32.exe, Window 1377634 not responding. Last Win32 error 0
E, 3800, 22, 2012/11/01, 13:12:30.014, 195377509914, QTAgent32.exe, Window 1377634 not responding. Last Win32 error 1400
E, 3800, 22, 2012/11/01, 13:12:30.014, 195377514507, QTAgent32.exe, Window 1377634 not responding. Last Win32 error 1400
E, 3800, 22, 2012/11/01, 13:12:30.014, 195377515727, QTAgent32.exe, GetClassName for handle 1377634 failed
E, 3800, 22, 2012/11/01, 13:12:30.014, 195377516516, QTAgent32.exe, GetClassName for handle 1377634 failed
W, 3800, 22, 2012/11/01, 13:12:30.238, 195380725660, QTAgent32.exe, Playback - [WARNING] Internal warning: Window Not Found: [VisibleOnly]ControlType='Window' &amp;&amp; Name='Customer: txt1 tdsfs' &amp;&amp; ClassName='ThunderRT6MDIForm'
\0
E, 3800, 22, 2012/11/01, 13:12:30.238, 195380728652, QTAgent32.exe, &lt;a class=failure&gt;Playback - {136} [FAILED] Function ElementFetcher::FindScreenElement failed to locate UI element (Searching: ;[VisibleOnly]ControlType='Window' &amp;&amp; Name='Customer: txt1 tdsfs' &amp;&amp; ClassName='ThunderRT6MDIForm') (The object specified was not found.)
\0&lt;/a&gt;
E, 3800, 22, 2012/11/01, 13:12:30.327, 195381993563, QTAgent32.exe, Playback - [IMAGE] C:\Users\peter.zenin-ad\AppData\Local\Temp\UITestLogs\LastRun\RPF35CB.png
\0
W, 3800, 22, 2012/11/01, 13:12:30.327, 195381995739, QTAgent32.exe, Playback - [WARNING] Internal warning: Couldn't find descendants that match QueryId
\0
W, 3800, 22, 2012/11/01, 13:12:30.861, 195389639376, QTAgent32.exe, Playback - [WARNING] Internal warning: Window Not Found: [VisibleOnly]ControlType='Window' &amp;&amp; Name='Customer: txt1 tdsfs' &amp;&amp; ClassName='ThunderRT6MDIForm'
\0
E, 3800, 22, 2012/11/01, 13:12:30.861, 195389642710, QTAgent32.exe, &lt;a class=failure&gt;Playback - {137} [FAILED] Function ElementFetcher::FindScreenElement failed to locate UI element (Searching: ;[VisibleOnly]ControlType='Window' &amp;&amp; Name='Customer: txt1 tdsfs' &amp;&amp; ClassName='ThunderRT6MDIForm') (The object specified was not found.)
\0&lt;/a&gt;
E, 3800, 22, 2012/11/01, 13:12:30.949, 195390907106, QTAgent32.exe, Playback - [IMAGE] C:\Users\peter.zenin-ad\AppData\Local\Temp\UITestLogs\LastRun\RPF383C.png
\0
W, 3800, 22, 2012/11/01, 13:12:30.949, 195390909222, QTAgent32.exe, Playback - [WARNING] Internal warning: Couldn't find descendants that match QueryId
\0
W, 3800, 22, 2012/11/01, 13:12:30.950, 195390912319, QTAgent32.exe, PERF WARNING: FindTopLevelWindowHelper::FindAllDescendents: took 622 ms. Expected it to take maximum 500 ms.
W, 3800, 22, 2012/11/01, 13:12:31.376, 195397024004, QTAgent32.exe, Playback - [WARNING] Internal warning: Smart Match failed
\0
W, 3800, 22, 2012/11/01, 13:12:31.515, 195399012358, QTAgent32.exe, Playback - [WARNING] Internal warning: Smart Match failed
\0
W, 3800, 22, 2012/11/01, 13:12:31.655, 195401007891, QTAgent32.exe, Playback - [WARNING] Internal warning: Smart Match failed
\0
W, 3800, 22, 2012/11/01, 13:12:31.795, 195403023853, QTAgent32.exe, Playback - [WARNING] Internal warning: Smart Match failed
\0
W, 3800, 22, 2012/11/01, 13:12:31.935, 195405027914, QTAgent32.exe, Playback - [WARNING] Internal warning: Smart Match failed
\0
W, 3800, 22, 2012/11/01, 13:12:32.077, 195407062560, QTAgent32.exe, Playback - [WARNING] Internal warning: Smart Match failed
\0
W, 3800, 22, 2012/11/01, 13:12:32.217, 195409066943, QTAgent32.exe, Playback - [WARNING] Internal warning: Smart Match failed
\0
W, 3800, 22, 2012/11/01, 13:12:32.357, 195411071730, QTAgent32.exe, Playback - [WARNING] Internal warning: Smart Match failed
\0
W, 3800, 22, 2012/11/01, 13:12:32.498, 195413077985, QTAgent32.exe, Playback - [WARNING] Internal warning: Smart Match failed
\0
W, 3800, 22, 2012/11/01, 13:12:32.637, 195415078142, QTAgent32.exe, Playback - [WARNING] Internal warning: Smart Match failed
\0
W, 3800, 22, 2012/11/01, 13:12:32.776, 195417071937, QTAgent32.exe, Playback - [WARNING] Internal warning: Smart Match failed
\0
W, 3800, 22, 2012/11/01, 13:12:32.916, 195419076414, QTAgent32.exe, Playback - [WARNING] Internal warning: Smart Match failed
\0
W, 3800, 22, 2012/11/01, 13:12:33.057, 195421082359, QTAgent32.exe, Playback - [WARNING] Internal warning: Smart Match failed
\0
W, 3800, 22, 2012/11/01, 13:12:33.198, 195423111140, QTAgent32.exe, Playback - [WARNING] Internal warning: Smart Match failed
\0
W, 3800, 22, 2012/11/01, 13:12:33.336, 195425087828, QTAgent32.exe, Playback - [WARNING] Internal warning: Smart Match failed
\0
W, 3800, 22, 2012/11/01, 13:12:33.474, 195427064485, QTAgent32.exe, Playback - [WARNING] Internal warning: Smart Match failed
\0
W, 3800, 22, 2012/11/01, 13:12:33.612, 195429039343, QTAgent32.exe, Playback - [WARNING] Internal warning: Smart Match failed
\0
W, 3800, 22, 2012/11/01, 13:12:33.750, 195431015087, QTAgent32.exe, Playback - [WARNING] Internal warning: Smart Match failed
\0
W, 3800, 22, 2012/11/01, 13:12:33.891, 195433026068, QTAgent32.exe, Playback - [WARNING] Internal warning: Smart Match failed
\0
W, 3800, 22, 2012/11/01, 13:12:34.040, 195435161101, QTAgent32.exe, Playback - [WARNING] Internal warning: Smart Match failed
\0
W, 3800, 22, 2012/11/01, 13:12:34.076, 195435674019, QTAgent32.exe, Playback - [WARNING] Internal warning: Window Not Found: [VisibleOnly]ControlType='Window' &amp;&amp; Name='Customer: txt1 tdsfs' &amp;&amp; ClassName='ThunderRT6MDIForm'
\0
E, 3800, 22, 2012/11/01, 13:12:34.076, 195435676460, QTAgent32.exe, &lt;a class=failure&gt;Playback - {138} [FAILED] Function ElementFetcher::FindScreenElement failed to locate UI element (Searching: ;[VisibleOnly]ControlType='Window' &amp;&amp; Name='Customer: txt1 tdsfs' &amp;&amp; ClassName='ThunderRT6MDIForm') (The object specified was not found.)
\0&lt;/a&gt;
E, 3800, 22, 2012/11/01, 13:12:34.173, 195437063324, QTAgent32.exe, Playback - [IMAGE] C:\Users\peter.zenin-ad\AppData\Local\Temp\UITestLogs\LastRun\RPF44CB.png
\0
W, 3800, 22, 2012/11/01, 13:12:34.173, 195437065511, QTAgent32.exe, Playback - [WARNING] Internal warning: Couldn't find descendants that match QueryId
\0
W, 3800, 22, 2012/11/01, 13:12:34.173, 195437068500, QTAgent32.exe, PERF WARNING: FindTopLevelWindowHelper::FindAllDescendents: took 3223 ms. Expected it to take maximum 500 ms.
E, 3800, 22, 2012/11/01, 13:12:34.173, 195437070276, QTAgent32.exe, Exception: System.Runtime.InteropServices.COMException
	Message: Error HRESULT E_FAIL has been returned from a call to a COM component.
	Stack Trace:    at Microsoft.VisualStudio.TestTools.UITest.Playback.Engine.IRPFPlayback.FindAllScreenElements(IScreenElement pScreenElementStart, String bstrQueryId, Object&amp; pvarResKeys, Int32 cResKeys, Int32 nMaxDepth, Object[]&amp; foundDescendants)
   at Microsoft.VisualStudio.TestTools.UITest.Playback.ScreenElement.FindTopLevelWindowHelper(String queryId)
	BaseExceptionMessage: Error HRESULT E_FAIL has been returned from a call to a COM component.

E, 3800, 22, 2012/11/01, 13:12:34.173, 195437074883, QTAgent32.exe, Window 1377634 not responding. Last Win32 error 0
E, 3800, 22, 2012/11/01, 13:12:34.174, 195437079066, QTAgent32.exe, Window 1377634 not responding. Last Win32 error 1400
E, 3800, 22, 2012/11/01, 13:12:34.174, 195437083735, QTAgent32.exe, Window 1377634 not responding. Last Win32 error 1400
E, 3800, 22, 2012/11/01, 13:12:34.174, 195437084986, QTAgent32.exe, GetClassName for handle 1377634 failed
E, 3800, 22, 2012/11/01, 13:12:34.174, 195437085853, QTAgent32.exe, GetClassName for handle 1377634 failed
W, 3800, 22, 2012/11/01, 13:12:34.399, 195440302431, QTAgent32.exe, Playback - [WARNING] Internal warning: Window Not Found: [VisibleOnly]ControlType='Window' &amp;&amp; Name='Customer: autotest autotest' &amp;&amp; ClassName='ThunderRT6MDIForm'
\0
E, 3800, 22, 2012/11/01, 13:12:34.399, 195440305340, QTAgent32.exe, &lt;a class=failure&gt;Playback - {139} [FAILED] Function ElementFetcher::FindScreenElement failed to locate UI element (Searching: ;[VisibleOnly]ControlType='Window' &amp;&amp; Name='Customer: autotest autotest' &amp;&amp; ClassName='ThunderRT6MDIForm') (The object specified was not found.)
\0&lt;/a&gt;
E, 3800, 22, 2012/11/01, 13:12:34.493, 195441656001, QTAgent32.exe, Playback - [IMAGE] C:\Users\peter.zenin-ad\AppData\Local\Temp\UITestLogs\LastRun\RPF4614.png
\0
W, 3800, 22, 2012/11/01, 13:12:34.494, 195441658628, QTAgent32.exe, Playback - [WARNING] Internal warning: Couldn't find descendants that match QueryId
\0
W, 3800, 22, 2012/11/01, 13:12:35.028, 195449313051, QTAgent32.exe, Playback - [WARNING] Internal warning: Window Not Found: [VisibleOnly]ControlType='Window' &amp;&amp; Name='Customer: autotest autotest' &amp;&amp; ClassName='ThunderRT6MDIForm'
\0
E, 3800, 22, 2012/11/01, 13:12:35.028, 195449315957, QTAgent32.exe, &lt;a class=failure&gt;Playback - {140} [FAILED] Function ElementFetcher::FindScreenElement failed to locate UI element (Searching: ;[VisibleOnly]ControlType='Window' &amp;&amp; Name='Customer: autotest autotest' &amp;&amp; ClassName='ThunderRT6MDIForm') (The object specified was not found.)
\0&lt;/a&gt;
E, 3800, 22, 2012/11/01, 13:12:35.119, 195450618229, QTAgent32.exe, Playback - [IMAGE] C:\Users\peter.zenin-ad\AppData\Local\Temp\UITestLogs\LastRun\RPF4885.png
\0
W, 3800, 22, 2012/11/01, 13:12:35.119, 195450620430, QTAgent32.exe, Playback - [WARNING] Internal warning: Couldn't find descendants that match QueryId
\0
W, 3800, 22, 2012/11/01, 13:12:35.120, 195450623620, QTAgent32.exe, PERF WARNING: FindTopLevelWindowHelper::FindAllDescendents: took 625 ms. Expected it to take maximum 500 ms.
W, 3800, 22, 2012/11/01, 13:12:35.547, 195456743878, QTAgent32.exe, Playback - [WARNING] Internal warning: Smart Match failed
\0
W, 3800, 22, 2012/11/01, 13:12:35.685, 195458719910, QTAgent32.exe, Playback - [WARNING] Internal warning: Smart Match failed
\0
W, 3800, 22, 2012/11/01, 13:12:35.823, 195460699799, QTAgent32.exe, Playback - [WARNING] Internal warning: Smart Match failed
\0
W, 3800, 22, 2012/11/01, 13:12:35.963, 195462704489, QTAgent32.exe, Playback - [WARNING] Internal warning: Smart Match failed
\0
W, 3800, 22, 2012/11/01, 13:12:36.140, 195465236731, QTAgent32.exe, Playback - [WARNING] Internal warning: Smart Match failed
\0
W, 3800, 22, 2012/11/01, 13:12:36.278, 195467212968, QTAgent32.exe, Playback - [WARNING] Internal warning: Smart Match failed
\0
W, 3800, 22, 2012/11/01, 13:12:36.416, 195469190585, QTAgent32.exe, Playback - [WARNING] Internal warning: Smart Match failed
\0
W, 3800, 22, 2012/11/01, 13:12:36.556, 195471184414, QTAgent32.exe, Playback - [WARNING] Internal warning: Smart Match failed
\0
W, 3800, 22, 2012/11/01, 13:12:36.695, 195473186023, QTAgent32.exe, Playback - [WARNING] Internal warning: Smart Match failed
\0
W, 3800, 22, 2012/11/01, 13:12:36.835, 195475179273, QTAgent32.exe, Playback - [WARNING] Internal warning: Smart Match failed
\0
W, 3800, 22, 2012/11/01, 13:12:36.974, 195477183223, QTAgent32.exe, Playback - [WARNING] Internal warning: Smart Match failed
\0
W, 3800, 22, 2012/11/01, 13:12:37.115, 195479189562, QTAgent32.exe, Playback - [WARNING] Internal warning: Smart Match failed
\0
W, 3800, 22, 2012/11/01, 13:12:37.255, 195481193758, QTAgent32.exe, Playback - [WARNING] Internal warning: Smart Match failed
\0
W, 3800, 22, 2012/11/01, 13:12:37.394, 195483194824, QTAgent32.exe, Playback - [WARNING] Internal warning: Smart Match failed
\0
W, 3800, 22, 2012/11/01, 13:12:37.534, 195485199033, QTAgent32.exe, Playback - [WARNING] Internal warning: Smart Match failed
\0
W, 3800, 22, 2012/11/01, 13:12:37.672, 195487176084, QTAgent32.exe, Playback - [WARNING] Internal warning: Smart Match failed
\0
W, 3800, 22, 2012/11/01, 13:12:37.812, 195489169393, QTAgent32.exe, Playback - [WARNING] Internal warning: Smart Match failed
\0
W, 3800, 22, 2012/11/01, 13:12:37.953, 195491188627, QTAgent32.exe, Playback - [WARNING] Internal warning: Smart Match failed
\0
W, 3800, 22, 2012/11/01, 13:12:38.092, 195493182872, QTAgent32.exe, Playback - [WARNING] Internal warning: Smart Match failed
\0
W, 3800, 22, 2012/11/01, 13:12:38.132, 195493764031, QTAgent32.exe, Playback - [WARNING] Internal warning: Window Not Found: [VisibleOnly]ControlType='Window' &amp;&amp; Name='Customer: autotest autotest' &amp;&amp; ClassName='ThunderRT6MDIForm'
\0
E, 3800, 22, 2012/11/01, 13:12:38.133, 195493766303, QTAgent32.exe, &lt;a class=failure&gt;Playback - {141} [FAILED] Function ElementFetcher::FindScreenElement failed to locate UI element (Searching: ;[VisibleOnly]ControlType='Window' &amp;&amp; Name='Customer: autotest autotest' &amp;&amp; ClassName='ThunderRT6MDIForm') (The object specified was not found.)
\0&lt;/a&gt;
E, 3800, 22, 2012/11/01, 13:12:38.240, 195495288848, QTAgent32.exe, Playback - [IMAGE] C:\Users\peter.zenin-ad\AppData\Local\Temp\UITestLogs\LastRun\RPF54A6.png
\0
W, 3800, 22, 2012/11/01, 13:12:38.240, 195495291092, QTAgent32.exe, Playback - [WARNING] Internal warning: Couldn't find descendants that match QueryId
\0
W, 3800, 22, 2012/11/01, 13:12:38.240, 195495294016, QTAgent32.exe, PERF WARNING: FindTopLevelWindowHelper::FindAllDescendents: took 3119 ms. Expected it to take maximum 500 ms.
E, 3800, 22, 2012/11/01, 13:12:38.240, 195495295790, QTAgent32.exe, Exception: System.Runtime.InteropServices.COMException
	Message: Error HRESULT E_FAIL has been returned from a call to a COM component.
	Stack Trace:    at Microsoft.VisualStudio.TestTools.UITest.Playback.Engine.IRPFPlayback.FindAllScreenElements(IScreenElement pScreenElementStart, String bstrQueryId, Object&amp; pvarResKeys, Int32 cResKeys, Int32 nMaxDepth, Object[]&amp; foundDescendants)
   at Microsoft.VisualStudio.TestTools.UITest.Playback.ScreenElement.FindTopLevelWindowHelper(String queryId)
	BaseExceptionMessage: Error HRESULT E_FAIL has been returned from a call to a COM component.

E, 3800, 22, 2012/11/01, 13:12:38.241, 195495300511, QTAgent32.exe, Window 1377634 not responding. Last Win32 error 0
E, 3800, 22, 2012/11/01, 13:12:38.241, 195495304369, QTAgent32.exe, Window 1377634 not responding. Last Win32 error 1400
E, 3800, 22, 2012/11/01, 13:12:38.241, 195495308941, QTAgent32.exe, Window 1377634 not responding. Last Win32 error 1400
E, 3800, 22, 2012/11/01, 13:12:38.241, 195495310157, QTAgent32.exe, GetClassName for handle 1377634 failed
E, 3800, 22, 2012/11/01, 13:12:38.241, 195495310947, QTAgent32.exe, GetClassName for handle 1377634 failed
E, 3800, 22, 2012/11/01, 13:12:38.342, 195496751466, QTAgent32.exe, AL: Playback Error: Microsoft.VisualStudio.TestTools.UITest.Extension.UITestControlNotFoundException: Unable to find the top level element of the control ---&gt; Microsoft.VisualStudio.TestTools.UITest.Extension.UITestControlNotFoundException: The playback failed to find the control with the given search properties. Additional Details: 
TechnologyName:  'MSAA'
ControlType:  'Window'
 ---&gt; System.Runtime.InteropServices.COMException: Error HRESULT E_FAIL has been returned from a call to a COM component.
   at Microsoft.VisualStudio.TestTools.UITest.Playback.Engine.IRPFPlayback.FindAllScreenElements(IScreenElement pScreenElementStart, String bstrQueryId, Object&amp; pvarResKeys, Int32 cResKeys, Int32 nMaxDepth, Object[]&amp; foundDescendants)
   at Microsoft.VisualStudio.TestTools.UITest.Playback.ScreenElement.FindTopLevelWindowHelper(String queryId)
   at Microsoft.VisualStudio.TestTools.UITest.Playback.ScreenElement.FindFromPartialQueryId(String queryId)
   at Microsoft.VisualStudio.TestTools.UITesting.UITestControl..ctor(String queryId)
   --- End of inner exception stack trace ---
   at Microsoft.VisualStudio.TestTools.UITesting.Playback.MapControlNotFoundException(COMException ex, IPlaybackContext context)
   at Microsoft.VisualStudio.TestTools.UITesting.Playback.MapAndThrowComException(COMException innerException, IPlaybackContext context)
   at Microsoft.VisualStudio.TestTools.UITesting.Playback.MapAndThrowException(SystemException exception, IPlaybackContext context)
   at Microsoft.VisualStudio.TestTools.UITesting.Playback.MapAndThrowException(SystemException exception, String queryId)
   at Microsoft.VisualStudio.TestTools.UITesting.UITestControl..ctor(String queryId)
   at Microsoft.VisualStudio.TestTools.UITesting.SearchHelper.SearchTopLevelWindow(ISearchArgument topLevelSearchArg, String topLevelElementQueryId)
   at Microsoft.VisualStudio.TestTools.UITesting.SearchHelper.SearchUsingMultipleTitles(ISearchArgument topLevelSearchArg, QueryId topLevelQueryId, IList`1 windowTitles)
   --- End of inner exception stack trace ---
   at Microsoft.VisualStudio.TestTools.UITesting.SearchHelper.SearchUsingMultipleTitles(ISearchArgument topLevelSearchArg, QueryId topLevelQueryId, IList`1 windowTitles)
   at Microsoft.VisualStudio.TestTools.UITesting.SearchHelper.GetTitleUpdatedTopLevelWindow(ISearchArgument topLevelSearchArg, String queryId, IList`1 windowTitles)
   at Microsoft.VisualStudio.TestTools.UITesting.SearchHelper.GetTopLevelElement(Boolean useCache, Boolean useCacheOnly, ISearchArgument searchArg, IList`1 windowTitles, Int32&amp; timeLeft)
   at Microsoft.VisualStudio.TestTools.UITesting.SearchHelper.GetElement(Boolean useCache, ISearchArgument searchArg)
   at Microsoft.VisualStudio.TestTools.UITesting.SearchHelper.Search(ISearchArgument searchArg)
   at Microsoft.VisualStudio.TestTools.UITesting.UITestControl.FindInternal()
   at Microsoft.VisualStudio.TestTools.UITesting.UITestControl.FindControlIfNecessary()
   at Microsoft.VisualStudio.TestTools.UITesting.UITestControl.Click(MouseButtons button, ModifierKeys modifierKeys, Point relativeCoordinates)
   at Microsoft.VisualStudio.TestTools.UITesting.Mouse.ClickImplementation(UITestControl control, MouseButtons button, ModifierKeys modifierKeys, Point relativeCoordinate)
   at Microsoft.VisualStudio.TestTools.UITesting.Mouse.ClickImplementationWrapper(UITestControl control, MouseButtons button, ModifierKeys modifierKeys, Point relativeCoordinate)
W, 3800, 22, 2012/11/01, 13:12:38.342, 195496754274, QTAgent32.exe, PlaybackErrorHandler: Ignoring exception as ContinueOnError is set.
W, 3800, 22, 2012/11/01, 13:12:38.471, 195498593501, QTAgent32.exe, &lt;a class=success&gt;Playback - {142} [SUCCESS] MouseButtonClick - "[MSAA, VisibleOnly]ControlType='Button' &amp;&amp; Name='Close'"
\0&lt;/a&gt;
W, 3800, 22, 2012/11/01, 13:12:42.574, 195557346335, QTAgent32.exe, IEDOM : StopSession of the plugin called before StartSession
W, 3800, 22, 2012/11/01, 13:12:42.574, 195557347633, QTAgent32.exe, UIA : StopSession of the plugin called before StartSession
W, 3800, 22, 2012/11/01, 13:12:42.574, 195557348426, QTAgent32.exe, SLPlugin : StopSession of the plugin called before StartSession
</DebugTrace>
      </Output>
    </UnitTestResult>
    <UnitTestResult executionId="5280c34e-9865-48a5-bf1f-3415fdab1050" testId="0f4d10f2-7035-3d68-762a-b62c4853fb8a" testName="MotoTest11" computerName="ICLVDEVAP01" duration="00:02:33.9722074" startTime="2012-11-01T13:12:42.5824387+00:00" endTime="2012-11-01T13:15:16.5708360+00:00" testType="13cdc9d9-ddb5-4fa4-a97d-d965ccfc6d4b" outcome="Passed" testListId="8c84fa94-04c1-424b-9868-57a2d4851a1d" relativeResultsDirectory="5280c34e-9865-48a5-bf1f-3415fdab1050">
      <Output>
        <DebugTrace>W, 3800, 19, 2012/11/01, 13:12:42.594, 195557631572, QTAgent32.exe, ExtensionFramework : A Technology Manager with name Web is already registered.
W, 3800, 19, 2012/11/01, 13:12:43.227, 195566696040, QTAgent32.exe, &lt;a class=success&gt;Playback - {1} [SUCCESS] MouseButtonClick - "[MSAA, VisibleOnly]ControlType='Edit'"
\0&lt;/a&gt;
W, 3800, 19, 2012/11/01, 13:12:43.421, 195569472989, QTAgent32.exe, &lt;a class=success&gt;Playback - {2} [SUCCESS] SendKeys "[*]" - "[MSAA, VisibleOnly]ControlType='Edit'"
\0&lt;/a&gt;
W, 3800, 19, 2012/11/01, 13:12:44.121, 195579494255, QTAgent32.exe, &lt;a class=success&gt;Playback - {3} [SUCCESS] MouseButtonClick - "[MSAA, VisibleOnly]ControlType='Button' &amp;&amp; Name='OK'"
\0&lt;/a&gt;
W, 3800, 19, 2012/11/01, 13:12:44.650, 195587074159, QTAgent32.exe, &lt;a class=success&gt;Playback - {4} [SUCCESS] MouseButtonClick - "[MSAA, VisibleOnly]ControlType='Button' &amp;&amp; Name='OK'"
\0&lt;/a&gt;
W, 3800, 19, 2012/11/01, 13:12:44.905, 195590726907, QTAgent32.exe, &lt;a class=success&gt;Playback - {5} [SUCCESS] MouseButtonClick - "[MSAA, VisibleOnly]ControlType='Button' &amp;&amp; Name='Clients &amp; Files'"
\0&lt;/a&gt;
W, 3800, 19, 2012/11/01, 13:12:45.194, 195594866033, QTAgent32.exe, &lt;a class=success&gt;Playback - {6} [SUCCESS] MouseButtonClick - "[MSAA, VisibleOnly]ControlType='Button' &amp;&amp; Name='Clients &amp; Files'"
\0&lt;/a&gt;
W, 3800, 19, 2012/11/01, 13:12:45.724, 195602456128, QTAgent32.exe, Playback - [WARNING] Internal warning: Window Not Found: [VisibleOnly]ControlType='Window' &amp;&amp; Name='Customer: txt1 tdsfs' &amp;&amp; ClassName='ThunderRT6MDIForm'
\0
E, 3800, 19, 2012/11/01, 13:12:45.724, 195602458921, QTAgent32.exe, &lt;a class=failure&gt;Playback - {7} [FAILED] Function ElementFetcher::FindScreenElement failed to locate UI element (Searching: ;[VisibleOnly]ControlType='Window' &amp;&amp; Name='Customer: txt1 tdsfs' &amp;&amp; ClassName='ThunderRT6MDIForm') (The object specified was not found.)
\0&lt;/a&gt;
E, 3800, 19, 2012/11/01, 13:12:45.812, 195603712204, QTAgent32.exe, Playback - [IMAGE] C:\Users\peter.zenin-ad\AppData\Local\Temp\UITestLogs\LastRun\RPF7254.png
\0
W, 3800, 19, 2012/11/01, 13:12:45.812, 195603714457, QTAgent32.exe, Playback - [WARNING] Internal warning: Couldn't find descendants that match QueryId
\0
W, 3800, 19, 2012/11/01, 13:12:45.812, 195603717417, QTAgent32.exe, PERF WARNING: FindTopLevelWindowHelper::FindAllDescendents: took 515 ms. Expected it to take maximum 500 ms.
W, 3800, 19, 2012/11/01, 13:13:03.845, 195861903022, QTAgent32.exe, Playback - [WARNING] Internal warning: Window Not Found: [VisibleOnly]ControlType='Window' &amp;&amp; Name='Customer: txt1 tdsfs' &amp;&amp; ClassName='ThunderRT6MDIForm'
\0
E, 3800, 19, 2012/11/01, 13:13:03.845, 195861905831, QTAgent32.exe, &lt;a class=failure&gt;Playback - {8} [FAILED] Function ElementFetcher::FindScreenElement failed to locate UI element (Searching: ;[VisibleOnly]ControlType='Window' &amp;&amp; Name='Customer: txt1 tdsfs' &amp;&amp; ClassName='ThunderRT6MDIForm') (The object specified was not found.)
\0&lt;/a&gt;
E, 3800, 19, 2012/11/01, 13:13:03.939, 195863239534, QTAgent32.exe, Playback - [IMAGE] C:\Users\peter.zenin-ad\AppData\Local\Temp\UITestLogs\LastRun\RPFB925.png
\0
W, 3800, 19, 2012/11/01, 13:13:03.939, 195863241694, QTAgent32.exe, Playback - [WARNING] Internal warning: Couldn't find descendants that match QueryId
\0
W, 3800, 19, 2012/11/01, 13:13:03.939, 195863244632, QTAgent32.exe, PERF WARNING: FindTopLevelWindowHelper::FindAllDescendents: took 18125 ms. Expected it to take maximum 500 ms.
W, 3800, 19, 2012/11/01, 13:13:04.427, 195870230583, QTAgent32.exe, Playback - [WARNING] Internal warning: Window with Class "ThunderRT6MDIForm" and Title "Customer: txt1 tdsfs" was not found, so similar window with Class "ThunderRT6MDIForm" and Title "Customer: autotest" was accepted
\0
W, 3800, 19, 2012/11/01, 13:13:05.693, 195888363480, QTAgent32.exe, Playback - [WARNING] Internal warning: Incorrect flag set for InvokeProgrammaticAction\0
W, 3800, 19, 2012/11/01, 13:13:05.812, 195890066069, QTAgent32.exe, &lt;a class=success&gt;Playback - {9} [SUCCESS] SetValueAsComboBox "Customers" - "[MSAA, VisibleOnly]ControlType='ComboBox'"  &lt; SetValueAsComboBox, set by clicking on the item in the list box &gt;
\0&lt;/a&gt;
W, 3800, 19, 2012/11/01, 13:13:06.276, 195896711671, QTAgent32.exe, &lt;a class=success&gt;Playback - {10} [SUCCESS] MouseButtonClick - "[MSAA, VisibleOnly]ControlType='Button' &amp;&amp; Name='Add'"
\0&lt;/a&gt;
W, 3800, 19, 2012/11/01, 13:13:06.583, 195901100911, QTAgent32.exe, &lt;a class=success&gt;Playback - {11} [SUCCESS] SendKeys "autotest" - "[MSAA, VisibleOnly]ControlType='RadioButton' &amp;&amp; Name='Personal Lines'"
\0&lt;/a&gt;
W, 3800, 19, 2012/11/01, 13:13:06.927, 195906030743, QTAgent32.exe, &lt;a class=success&gt;Playback - {12} [SUCCESS] SetValueAsEditBox "autotest" - "[MSAA, VisibleOnly]ControlType='Edit'"  &lt; Set via SendKeys &gt;
\0&lt;/a&gt;
W, 3800, 19, 2012/11/01, 13:13:07.195, 195909863010, QTAgent32.exe, &lt;a class=success&gt;Playback - {13} [SUCCESS] MouseButtonClick - "[MSAA, VisibleOnly]ControlType='Button' &amp;&amp; Name='OK'"
\0&lt;/a&gt;
W, 3800, 19, 2012/11/01, 13:13:07.576, 195915322181, QTAgent32.exe, &lt;a class=success&gt;Playback - {14} [SUCCESS] MouseButtonClick - "[MSAA, VisibleOnly]ControlType='Button' &amp;&amp; Name='Yes'"
\0&lt;/a&gt;
W, 3800, 19, 2012/11/01, 13:13:07.761, 195917967768, QTAgent32.exe, &lt;a class=success&gt;Playback - {15} [SUCCESS] SendKeys "^{HOME}" - "[MSAA, VisibleOnly]ControlType='Edit'"
\0&lt;/a&gt;
E, 3800, 19, 2012/11/01, 13:13:07.761, 195917970660, QTAgent32.exe, Msaa.GetFocusedElement: could not find accessible object of foreground window
W, 3800, 19, 2012/11/01, 13:13:07.814, 195918727219, QTAgent32.exe, &lt;a class=success&gt;Playback - {16} [SUCCESS] SendKeys "^+{END}" - "[MSAA, VisibleOnly]ControlType='Edit'"
\0&lt;/a&gt;
E, 3800, 19, 2012/11/01, 13:13:07.814, 195918730440, QTAgent32.exe, Msaa.GetFocusedElement: could not find accessible object of foreground window
W, 3800, 19, 2012/11/01, 13:13:07.827, 195918913548, QTAgent32.exe, &lt;a class=success&gt;Playback - {17} [SUCCESS] SendKeys "{DELETE}" - "[MSAA, VisibleOnly]ControlType='Edit'"
\0&lt;/a&gt;
W, 3800, 19, 2012/11/01, 13:13:07.885, 195919747433, QTAgent32.exe, &lt;a class=success&gt;Playback - {18} [SUCCESS] SetValueAsEditBox "1" - "[MSAA, VisibleOnly]ControlType='Edit'"  &lt; Set via SendKeys &gt;
\0&lt;/a&gt;
W, 3800, 19, 2012/11/01, 13:13:08.093, 195922721767, QTAgent32.exe, &lt;a class=success&gt;Playback - {19} [SUCCESS] SendKeys "^{HOME}" - "[MSAA, VisibleOnly]ControlType='Edit'"
\0&lt;/a&gt;
E, 3800, 19, 2012/11/01, 13:13:08.093, 195922724599, QTAgent32.exe, Msaa.GetFocusedElement: could not find accessible object of foreground window
W, 3800, 19, 2012/11/01, 13:13:08.155, 195923609851, QTAgent32.exe, &lt;a class=success&gt;Playback - {20} [SUCCESS] SendKeys "^+{END}" - "[MSAA, VisibleOnly]ControlType='Edit'"
\0&lt;/a&gt;
E, 3800, 19, 2012/11/01, 13:13:08.155, 195923612953, QTAgent32.exe, Msaa.GetFocusedElement: could not find accessible object of foreground window
W, 3800, 19, 2012/11/01, 13:13:08.168, 195923795845, QTAgent32.exe, &lt;a class=success&gt;Playback - {21} [SUCCESS] SendKeys "{DELETE}" - "[MSAA, VisibleOnly]ControlType='Edit'"
\0&lt;/a&gt;
W, 3800, 19, 2012/11/01, 13:13:08.222, 195924558636, QTAgent32.exe, &lt;a class=success&gt;Playback - {22} [SUCCESS] SetValueAsEditBox "1" - "[MSAA, VisibleOnly]ControlType='Edit'"  &lt; Set via SendKeys &gt;
\0&lt;/a&gt;
W, 3800, 19, 2012/11/01, 13:13:08.540, 195929116086, QTAgent32.exe, &lt;a class=success&gt;Playback - {23} [SUCCESS] MouseButtonClick - "[MSAA, VisibleOnly]ControlType='Button' &amp;&amp; Name='OK'"
\0&lt;/a&gt;
W, 3800, 19, 2012/11/01, 13:13:08.859, 195933679667, QTAgent32.exe, &lt;a class=success&gt;Playback - {24} [SUCCESS] MouseButtonClick - "[MSAA, VisibleOnly]ControlType='Button'"
\0&lt;/a&gt;
W, 3800, 19, 2012/11/01, 13:13:09.165, 195938068807, QTAgent32.exe, &lt;a class=success&gt;Playback - {25} [SUCCESS] MouseButtonClick - "[MSAA, VisibleOnly]ControlType='Button' &amp;&amp; Name='Add'"
\0&lt;/a&gt;
W, 3800, 19, 2012/11/01, 13:13:09.476, 195942522085, QTAgent32.exe, &lt;a class=success&gt;Playback - {26} [SUCCESS] MouseButtonClick - "[MSAA, VisibleOnly]ControlType='Button' &amp;&amp; Name='OK'"
\0&lt;/a&gt;
W, 3800, 19, 2012/11/01, 13:13:11.706, 195974442042, QTAgent32.exe, &lt;a class=success&gt;Playback - {27} [SUCCESS] MouseButtonClick - "[MSAA, VisibleOnly,Window]ControlType='Window' &amp;&amp; ClassName='ThunderRT6TextBox'"
\0&lt;/a&gt;
W, 3800, 19, 2012/11/01, 13:13:11.973, 195978269447, QTAgent32.exe, &lt;a class=success&gt;Playback - {28} [SUCCESS] SetValueAsEditBox "MOTO" - "[MSAA, VisibleOnly]ControlType='Edit'"  &lt; Set via SendKeys &gt;
\0&lt;/a&gt;
W, 3800, 19, 2012/11/01, 13:13:12.291, 195982828460, QTAgent32.exe, &lt;a class=success&gt;Playback - {29} [SUCCESS] MouseButtonClick - "[MSAA, VisibleOnly]ControlType='Button' &amp;&amp; Name='OK'"
\0&lt;/a&gt;
W, 3800, 19, 2012/11/01, 13:13:12.519, 195986093736, QTAgent32.exe, &lt;a class=success&gt;Playback - {30} [SUCCESS] MouseButtonClick - "[MSAA, VisibleOnly]ControlType='Button' &amp;&amp; Name='Options'"
\0&lt;/a&gt;
W, 3800, 19, 2012/11/01, 13:13:12.620, 195987534096, QTAgent32.exe, FindScreenElementInSinglePass : Attempting to find control in one pass of search. Failures can occur.
W, 3800, 19, 2012/11/01, 13:13:12.771, 195989692427, QTAgent32.exe, &lt;a class=success&gt;Playback - {31} [SUCCESS] MouseButtonClick - "[MSAA]ControlType='MenuItem' &amp;&amp; Name='Links'"
\0&lt;/a&gt;
W, 3800, 19, 2012/11/01, 13:13:12.871, 195991128481, QTAgent32.exe, FindScreenElementInSinglePass : Attempting to find control in one pass of search. Failures can occur.
W, 3800, 19, 2012/11/01, 13:13:13.033, 195993443936, QTAgent32.exe, &lt;a class=success&gt;Playback - {32} [SUCCESS] MouseButtonClick - "[MSAA]ControlType='MenuItem' &amp;&amp; Name='3rd Party Integration'"
\0&lt;/a&gt;
W, 3800, 19, 2012/11/01, 13:13:13.133, 195994880837, QTAgent32.exe, FindScreenElementInSinglePass : Attempting to find control in one pass of search. Failures can occur.
W, 3800, 19, 2012/11/01, 13:13:13.296, 195997211123, QTAgent32.exe, &lt;a class=success&gt;Playback - {33} [SUCCESS] MouseButtonClick - "[MSAA]ControlType='MenuItem' &amp;&amp; Name='Quote Select List'"
\0&lt;/a&gt;
W, 3800, 19, 2012/11/01, 13:13:15.046, 196022265659, QTAgent32.exe, PERF WARNING: FindTopLevelWindowHelper::FindAllDescendents: took 1645 ms. Expected it to take maximum 500 ms.
W, 3800, 19, 2012/11/01, 13:13:16.758, 196046791675, QTAgent32.exe, &lt;a class=success&gt;Playback - {34} [SUCCESS] MouseButtonClick - "[MSAA, VisibleOnly]ControlType='Button' &amp;&amp; Name='Ok'"
\0&lt;/a&gt;
W, 3800, 19, 2012/11/01, 13:13:18.134, 196066490517, QTAgent32.exe, PERF WARNING: FindTopLevelWindowHelper::FindAllDescendents: took 1261 ms. Expected it to take maximum 500 ms.
W, 3800, 19, 2012/11/01, 13:13:18.342, 196069454003, QTAgent32.exe, &lt;a class=success&gt;Playback - {35} [SUCCESS] MouseButtonClick - "[MSAA, VisibleOnly]ControlType='Button' &amp;&amp; Name='Ok'"
\0&lt;/a&gt;
W, 3800, 19, 2012/11/01, 13:13:18.618, 196073405692, QTAgent32.exe, &lt;a class=success&gt;Playback - {36} [SUCCESS] SetValueAsEditBox "Test" - "[MSAA, VisibleOnly]ControlType='Edit'"  &lt; Set via SendKeys &gt;
\0&lt;/a&gt;
W, 3800, 19, 2012/11/01, 13:13:18.778, 196075693008, QTAgent32.exe, &lt;a class=success&gt;Playback - {37} [SUCCESS] SendKeys "{Tab}" - "[MSAA, VisibleOnly]ControlType='Edit'"
\0&lt;/a&gt;
W, 3800, 19, 2012/11/01, 13:13:19.057, 196079691915, QTAgent32.exe, &lt;a class=success&gt;Playback - {38} [SUCCESS] SetValueAsEditBox "test" - "[MSAA, VisibleOnly]ControlType='Edit'"  &lt; Set via SendKeys &gt;
\0&lt;/a&gt;
W, 3800, 19, 2012/11/01, 13:13:19.370, 196084173183, QTAgent32.exe, &lt;a class=success&gt;Playback - {39} [SUCCESS] SetValueAsEditBox "160485" - "[MSAA, VisibleOnly]ControlType='Edit'"  &lt; Set via SendKeys &gt;
\0&lt;/a&gt;
W, 3800, 19, 2012/11/01, 13:13:19.701, 196088912831, QTAgent32.exe, &lt;a class=success&gt;Playback - {40} [SUCCESS] SetValueAsEditBox "B338TH" - "[MSAA, VisibleOnly]ControlType='Edit'"  &lt; Set via SendKeys &gt;
\0&lt;/a&gt;
W, 3800, 19, 2012/11/01, 13:13:21.926, 196120768171, QTAgent32.exe, &lt;a class=success&gt;Playback - {41} [SUCCESS] MouseButtonClick - "[MSAA, VisibleOnly]ControlType='Button' &amp;&amp; Name='Lookup...'"
\0&lt;/a&gt;
W, 3800, 19, 2012/11/01, 13:13:22.157, 196124080026, QTAgent32.exe, &lt;a class=success&gt;Playback - {42} [SUCCESS] MouseButtonClick - "[MSAA, VisibleOnly]ControlType='Button' &amp;&amp; Name='Ok'"
\0&lt;/a&gt;
W, 3800, 19, 2012/11/01, 13:13:24.165, 196152837607, QTAgent32.exe, &lt;a class=success&gt;Playback - {43} [SUCCESS] MouseButtonClick - "[MSAA, VisibleOnly]ControlType='Button' &amp;&amp; Name='OK'"
\0&lt;/a&gt;
W, 3800, 19, 2012/11/01, 13:13:24.560, 196158493445, QTAgent32.exe, Playback - [WARNING] Internal warning: Incorrect flag set for InvokeProgrammaticAction\0
W, 3800, 19, 2012/11/01, 13:13:24.679, 196160188047, QTAgent32.exe, &lt;a class=success&gt;Playback - {44} [SUCCESS] SetValueAsComboBox "Account Executive" - "[MSAA, VisibleOnly]ControlType='ComboBox'"  &lt; SetValueAsComboBox, set by clicking on the item in the list box &gt;
\0&lt;/a&gt;
W, 3800, 19, 2012/11/01, 13:13:25.089, 196166069291, QTAgent32.exe, Playback - [WARNING] Internal warning: Incorrect flag set for InvokeProgrammaticAction\0
W, 3800, 19, 2012/11/01, 13:13:25.208, 196167764340, QTAgent32.exe, &lt;a class=success&gt;Playback - {45} [SUCCESS] SetValueAsComboBox "Acupuncture" - "[MSAA, VisibleOnly]ControlType='ComboBox'"  &lt; SetValueAsComboBox, set by clicking on the item in the list box &gt;
\0&lt;/a&gt;
W, 3800, 19, 2012/11/01, 13:13:25.599, 196173366610, QTAgent32.exe, &lt;a class=success&gt;Playback - {46} [SUCCESS] SetValueAsEditBox "151101" - "[MSAA, VisibleOnly]ControlType='Edit'"  &lt; Set via SendKeys &gt;
\0&lt;/a&gt;
W, 3800, 19, 2012/11/01, 13:13:27.115, 196195074360, QTAgent32.exe, &lt;a class=success&gt;Playback - {47} [SUCCESS] MouseButtonClick - "[MSAA, VisibleOnly]ControlType='Button' &amp;&amp; Name='OK'"
\0&lt;/a&gt;
W, 3800, 19, 2012/11/01, 13:13:27.511, 196200743931, QTAgent32.exe, &lt;a class=success&gt;Playback - {48} [SUCCESS] SetValueAsEditBox "RF53OXL" - "[MSAA, VisibleOnly]ControlType='Edit'"  &lt; Set via SendKeys &gt;
\0&lt;/a&gt;
W, 3800, 19, 2012/11/01, 13:13:28.404, 196213519458, QTAgent32.exe, &lt;a class=success&gt;Playback - {49} [SUCCESS] MouseButtonClick - "[MSAA, VisibleOnly]ControlType='Button' &amp;&amp; Name='Filter'"
\0&lt;/a&gt;
W, 3800, 19, 2012/11/01, 13:13:28.681, 196217485057, QTAgent32.exe, &lt;a class=success&gt;Playback - {50} [SUCCESS] MouseButtonClick - "[MSAA, VisibleOnly]ControlType='Button' &amp;&amp; Name='OK'"
\0&lt;/a&gt;
W, 3800, 19, 2012/11/01, 13:13:29.077, 196223148761, QTAgent32.exe, &lt;a class=success&gt;Playback - {51} [SUCCESS] SendKeys "^{HOME}" - "[MSAA, VisibleOnly]ControlType='Edit'"
\0&lt;/a&gt;
E, 3800, 19, 2012/11/01, 13:13:29.077, 196223151726, QTAgent32.exe, Msaa.GetFocusedElement: could not find accessible object of foreground window
W, 3800, 19, 2012/11/01, 13:13:29.139, 196224036906, QTAgent32.exe, &lt;a class=success&gt;Playback - {52} [SUCCESS] SendKeys "^+{END}" - "[MSAA, VisibleOnly]ControlType='Edit'"
\0&lt;/a&gt;
E, 3800, 19, 2012/11/01, 13:13:29.139, 196224040051, QTAgent32.exe, Msaa.GetFocusedElement: could not find accessible object of foreground window
W, 3800, 19, 2012/11/01, 13:13:29.152, 196224223423, QTAgent32.exe, &lt;a class=success&gt;Playback - {53} [SUCCESS] SendKeys "{DELETE}" - "[MSAA, VisibleOnly]ControlType='Edit'"
\0&lt;/a&gt;
W, 3800, 19, 2012/11/01, 13:13:29.306, 196226432180, QTAgent32.exe, &lt;a class=success&gt;Playback - {54} [SUCCESS] SetValueAsEditBox "1000" - "[MSAA, VisibleOnly]ControlType='Edit'"  &lt; Set via SendKeys &gt;
\0&lt;/a&gt;
W, 3800, 19, 2012/11/01, 13:13:29.625, 196230998935, QTAgent32.exe, &lt;a class=success&gt;Playback - {55} [SUCCESS] MouseButtonClick - "[MSAA, VisibleOnly]ControlType='Button' &amp;&amp; Name='Calculate Quote'"
\0&lt;/a&gt;
W, 3800, 19, 2012/11/01, 13:13:29.878, 196234624710, QTAgent32.exe, &lt;a class=success&gt;Playback - {56} [SUCCESS] MouseButtonClick - "[MSAA, VisibleOnly]ControlType='Button' &amp;&amp; Name='Cancel'"
\0&lt;/a&gt;
W, 3800, 19, 2012/11/01, 13:13:30.149, 196238502323, QTAgent32.exe, &lt;a class=success&gt;Playback - {57} [SUCCESS] MouseButtonClick - "[MSAA, VisibleOnly]ControlType='Button' &amp;&amp; Name='No'"
\0&lt;/a&gt;
W, 3800, 19, 2012/11/01, 13:13:41.199, 196396706890, QTAgent32.exe, PERF WARNING: FindTopLevelWindowHelper::FindAllDescendents: took 10949 ms. Expected it to take maximum 500 ms.
W, 3800, 19, 2012/11/01, 13:13:41.341, 196398744156, QTAgent32.exe, &lt;a class=success&gt;Playback - {58} [SUCCESS] MouseButtonClick - "[MSAA, VisibleOnly]ControlType='Client'"
\0&lt;/a&gt;
W, 3800, 19, 2012/11/01, 13:13:42.875, 196420711780, QTAgent32.exe, &lt;a class=success&gt;Playback - {59} [SUCCESS] SendKeys "{Home}" - "[MSAA, VisibleOnly]ControlType='Client'"
\0&lt;/a&gt;
W, 3800, 19, 2012/11/01, 13:13:46.139, 196467446555, QTAgent32.exe, &lt;a class=success&gt;Playback - {60} [SUCCESS] MouseButtonClick - "[MSAA, VisibleOnly]ControlType='Button' &amp;&amp; Name='Accept'"
\0&lt;/a&gt;
W, 3800, 19, 2012/11/01, 13:13:46.467, 196472150972, QTAgent32.exe, &lt;a class=success&gt;Playback - {61} [SUCCESS] MouseButtonClick - "[MSAA, VisibleOnly]ControlType='Button' &amp;&amp; Name='Yes'"
\0&lt;/a&gt;
W, 3800, 19, 2012/11/01, 13:13:46.759, 196476328760, QTAgent32.exe, &lt;a class=success&gt;Playback - {62} [SUCCESS] MouseButtonClick - "[MSAA, VisibleOnly]ControlType='Button' &amp;&amp; Name='Ok'"
\0&lt;/a&gt;
W, 3800, 19, 2012/11/01, 13:13:47.011, 196479934567, QTAgent32.exe, &lt;a class=success&gt;Playback - {63} [SUCCESS] MouseButtonClick - "[MSAA, VisibleOnly]ControlType='Button' &amp;&amp; Name='Ok'"
\0&lt;/a&gt;
W, 3800, 19, 2012/11/01, 13:13:47.369, 196485057968, QTAgent32.exe, &lt;a class=success&gt;Playback - {64} [SUCCESS] MouseButtonClick - "[MSAA, VisibleOnly]ControlType='Button' &amp;&amp; Name='Confirm'"
\0&lt;/a&gt;
W, 3800, 19, 2012/11/01, 13:14:14.359, 196871488633, QTAgent32.exe, Playback - [WARNING] Internal warning: Window Not Found: [VisibleOnly]ControlType='Window' &amp;&amp; Name='Save the file as' &amp;&amp; ClassName='#32770'
\0
E, 3800, 19, 2012/11/01, 13:14:14.359, 196871491548, QTAgent32.exe, &lt;a class=failure&gt;Playback - {65} [FAILED] Function ElementFetcher::FindScreenElement failed to locate UI element (Searching: ;[VisibleOnly]ControlType='Window' &amp;&amp; Name='Save the file as' &amp;&amp; ClassName='#32770') (The object specified was not found.)
\0&lt;/a&gt;
E, 3800, 19, 2012/11/01, 13:14:14.448, 196872763206, QTAgent32.exe, Playback - [IMAGE] C:\Users\peter.zenin-ad\AppData\Local\Temp\UITestLogs\LastRun\RPFCC86.png
\0
W, 3800, 19, 2012/11/01, 13:14:14.448, 196872765391, QTAgent32.exe, Playback - [WARNING] Internal warning: Couldn't find descendants that match QueryId
\0
W, 3800, 19, 2012/11/01, 13:14:14.448, 196872768375, QTAgent32.exe, PERF WARNING: FindTopLevelWindowHelper::FindAllDescendents: took 26978 ms. Expected it to take maximum 500 ms.
W, 3800, 19, 2012/11/01, 13:14:32.690, 197133941746, QTAgent32.exe, Playback - [WARNING] Internal warning: Window Not Found: [VisibleOnly]ControlType='Window' &amp;&amp; Name='Save the file as' &amp;&amp; ClassName='#32770'
\0
E, 3800, 19, 2012/11/01, 13:14:32.690, 197133944605, QTAgent32.exe, &lt;a class=failure&gt;Playback - {66} [FAILED] Function ElementFetcher::FindScreenElement failed to locate UI element (Searching: ;[VisibleOnly]ControlType='Window' &amp;&amp; Name='Save the file as' &amp;&amp; ClassName='#32770') (The object specified was not found.)
\0&lt;/a&gt;
E, 3800, 19, 2012/11/01, 13:14:32.779, 197135218970, QTAgent32.exe, Playback - [IMAGE] C:\Users\peter.zenin-ad\AppData\Local\Temp\UITestLogs\LastRun\RPF1422.png
\0
W, 3800, 19, 2012/11/01, 13:14:32.779, 197135221056, QTAgent32.exe, Playback - [WARNING] Internal warning: Couldn't find descendants that match QueryId
\0
W, 3800, 19, 2012/11/01, 13:14:32.780, 197135224309, QTAgent32.exe, PERF WARNING: FindTopLevelWindowHelper::FindAllDescendents: took 18329 ms. Expected it to take maximum 500 ms.
W, 3800, 19, 2012/11/01, 13:14:35.915, 197180120822, QTAgent32.exe, Playback - [WARNING] Internal warning: Smart Match failed
\0
W, 3800, 19, 2012/11/01, 13:14:37.232, 197198978128, QTAgent32.exe, Playback - [WARNING] Internal warning: Window Not Found: [VisibleOnly]ControlType='Window' &amp;&amp; Name='Save the file as' &amp;&amp; ClassName='#32770'
\0
E, 3800, 19, 2012/11/01, 13:14:37.232, 197198980853, QTAgent32.exe, &lt;a class=failure&gt;Playback - {67} [FAILED] Function ElementFetcher::FindScreenElement failed to locate UI element (Searching: ;[VisibleOnly]ControlType='Window' &amp;&amp; Name='Save the file as' &amp;&amp; ClassName='#32770') (The object specified was not found.)
\0&lt;/a&gt;
E, 3800, 19, 2012/11/01, 13:14:37.321, 197200254587, QTAgent32.exe, Playback - [IMAGE] C:\Users\peter.zenin-ad\AppData\Local\Temp\UITestLogs\LastRun\RPF25EE.png
\0
W, 3800, 19, 2012/11/01, 13:14:37.321, 197200256818, QTAgent32.exe, Playback - [WARNING] Internal warning: Couldn't find descendants that match QueryId
\0
W, 3800, 19, 2012/11/01, 13:14:37.321, 197200259882, QTAgent32.exe, PERF WARNING: FindTopLevelWindowHelper::FindAllDescendents: took 4541 ms. Expected it to take maximum 500 ms.
E, 3800, 19, 2012/11/01, 13:14:37.322, 197200261913, QTAgent32.exe, Exception: System.Runtime.InteropServices.COMException
	Message: Error HRESULT E_FAIL has been returned from a call to a COM component.
	Stack Trace:    at Microsoft.VisualStudio.TestTools.UITest.Playback.Engine.IRPFPlayback.FindAllScreenElements(IScreenElement pScreenElementStart, String bstrQueryId, Object&amp; pvarResKeys, Int32 cResKeys, Int32 nMaxDepth, Object[]&amp; foundDescendants)
   at Microsoft.VisualStudio.TestTools.UITest.Playback.ScreenElement.FindTopLevelWindowHelper(String queryId)
	BaseExceptionMessage: Error HRESULT E_FAIL has been returned from a call to a COM component.

E, 3800, 19, 2012/11/01, 13:14:37.445, 197202027733, QTAgent32.exe, AL: Playback Error: Microsoft.VisualStudio.TestTools.UITest.Extension.UITestControlNotFoundException: The playback failed to find the control with the given search properties. Additional Details: 
TechnologyName:  'MSAA'
ControlType:  'Window'
Name:  'Save the file as'
ClassName:  '#32770'
 ---&gt; System.Runtime.InteropServices.COMException: Error HRESULT E_FAIL has been returned from a call to a COM component.
   at Microsoft.VisualStudio.TestTools.UITest.Playback.Engine.IRPFPlayback.FindAllScreenElements(IScreenElement pScreenElementStart, String bstrQueryId, Object&amp; pvarResKeys, Int32 cResKeys, Int32 nMaxDepth, Object[]&amp; foundDescendants)
   at Microsoft.VisualStudio.TestTools.UITest.Playback.ScreenElement.FindTopLevelWindowHelper(String queryId)
   at Microsoft.VisualStudio.TestTools.UITest.Playback.ScreenElement.FindFromPartialQueryId(String queryId)
   at Microsoft.VisualStudio.TestTools.UITesting.UITestControl..ctor(String queryId)
   --- End of inner exception stack trace ---
   at Microsoft.VisualStudio.TestTools.UITesting.Playback.MapControlNotFoundException(COMException ex, IPlaybackContext context)
   at Microsoft.VisualStudio.TestTools.UITesting.Playback.MapAndThrowComException(COMException innerException, IPlaybackContext context)
   at Microsoft.VisualStudio.TestTools.UITesting.Playback.MapAndThrowException(SystemException exception, IPlaybackContext context)
   at Microsoft.VisualStudio.TestTools.UITesting.Playback.MapAndThrowException(SystemException exception, String queryId)
   at Microsoft.VisualStudio.TestTools.UITesting.UITestControl..ctor(String queryId)
   at Microsoft.VisualStudio.TestTools.UITesting.SearchHelper.SearchTopLevelWindow(ISearchArgument topLevelSearchArg, String topLevelElementQueryId)
   at Microsoft.VisualStudio.TestTools.UITesting.SearchHelper.GetTitleUpdatedTopLevelWindow(ISearchArgument topLevelSearchArg, String queryId, IList`1 windowTitles)
   at Microsoft.VisualStudio.TestTools.UITesting.SearchHelper.GetTopLevelElement(Boolean useCache, Boolean useCacheOnly, ISearchArgument searchArg, IList`1 windowTitles, Int32&amp; timeLeft)
   at Microsoft.VisualStudio.TestTools.UITesting.SearchHelper.GetElement(Boolean useCache, ISearchArgument searchArg)
   at Microsoft.VisualStudio.TestTools.UITesting.SearchHelper.Search(ISearchArgument searchArg)
   at Microsoft.VisualStudio.TestTools.UITesting.UITestControl.FindInternal()
   at Microsoft.VisualStudio.TestTools.UITesting.UITestControl.FindControlIfNecessary()
   at Microsoft.VisualStudio.TestTools.UITesting.UITestControl.Click(MouseButtons button, ModifierKeys modifierKeys, Point relativeCoordinates)
   at Microsoft.VisualStudio.TestTools.UITesting.Mouse.ClickImplementation(UITestControl control, MouseButtons button, ModifierKeys modifierKeys, Point relativeCoordinate)
   at Microsoft.VisualStudio.TestTools.UITesting.Mouse.ClickImplementationWrapper(UITestControl control, MouseButtons button, ModifierKeys modifierKeys, Point relativeCoordinate)
W, 3800, 19, 2012/11/01, 13:14:37.445, 197202029692, QTAgent32.exe, PlaybackErrorHandler: Ignoring exception as ContinueOnError is set.
W, 3800, 19, 2012/11/01, 13:14:37.571, 197203833546, QTAgent32.exe, &lt;a class=success&gt;Playback - {68} [SUCCESS] Check - "[MSAA, VisibleOnly]ControlType='CheckBox' &amp;&amp; Name='Defer Printing?'"
\0&lt;/a&gt;
W, 3800, 19, 2012/11/01, 13:14:38.194, 197212753904, QTAgent32.exe, &lt;a class=success&gt;Playback - {69} [SUCCESS] MouseButtonClick - "[MSAA, VisibleOnly]ControlType='Button' &amp;&amp; Name='Ok'"
\0&lt;/a&gt;
W, 3800, 19, 2012/11/01, 13:14:39.903, 197237212020, QTAgent32.exe, PERF WARNING: FindTopLevelWindowHelper::FindAllDescendents: took 1608 ms. Expected it to take maximum 500 ms.
W, 3800, 19, 2012/11/01, 13:14:40.042, 197239202130, QTAgent32.exe, &lt;a class=success&gt;Playback - {70} [SUCCESS] Uncheck - "[MSAA, VisibleOnly]ControlType='CheckBox' &amp;&amp; Name='Add Activity'"
\0&lt;/a&gt;
W, 3800, 19, 2012/11/01, 13:14:42.700, 197277263611, QTAgent32.exe, &lt;a class=success&gt;Playback - {71} [SUCCESS] MouseButtonClick - "[MSAA, VisibleOnly]ControlType='Button' &amp;&amp; Name='Ok'"
\0&lt;/a&gt;
W, 3800, 19, 2012/11/01, 13:14:42.932, 197280584618, QTAgent32.exe, &lt;a class=success&gt;Playback - {72} [SUCCESS] MouseButtonClick - "[MSAA, VisibleOnly]ControlType='Button' &amp;&amp; Name='Ok'"
\0&lt;/a&gt;
W, 3800, 19, 2012/11/01, 13:14:52.671, 197420015115, QTAgent32.exe, PERF WARNING: FindTopLevelWindowHelper::FindAllDescendents: took 9541 ms. Expected it to take maximum 500 ms.
W, 3800, 19, 2012/11/01, 13:14:54.814, 197450701470, QTAgent32.exe, &lt;a class=success&gt;Playback - {73} [SUCCESS] MouseButtonClick - "[MSAA, VisibleOnly]ControlType='Button' &amp;&amp; Name='OK'"
\0&lt;/a&gt;
W, 3800, 19, 2012/11/01, 13:14:55.058, 197454196599, QTAgent32.exe, &lt;a class=success&gt;Playback - {74} [SUCCESS] MouseButtonClick - "[MSAA, VisibleOnly]ControlType='Button' &amp;&amp; Name='Cancel'"
\0&lt;/a&gt;
W, 3800, 19, 2012/11/01, 13:14:55.372, 197458697076, QTAgent32.exe, &lt;a class=success&gt;Playback - {75} [SUCCESS] MouseButtonClick - "[MSAA, VisibleOnly]ControlType='Button'"
\0&lt;/a&gt;
W, 3800, 19, 2012/11/01, 13:14:55.756, 197464190796, QTAgent32.exe, &lt;a class=success&gt;Playback - {76} [SUCCESS] MouseButtonClick - "[MSAA, VisibleOnly]ControlType='Button' &amp;&amp; Name='Detail'"
\0&lt;/a&gt;
W, 3800, 19, 2012/11/01, 13:14:56.076, 197468779672, QTAgent32.exe, &lt;a class=success&gt;Playback - {77} [SUCCESS] MouseButtonClick - "[MSAA, VisibleOnly]ControlType='Button' &amp;&amp; Name='Cancel'"
\0&lt;/a&gt;
W, 3800, 19, 2012/11/01, 13:14:56.305, 197472060553, QTAgent32.exe, &lt;a class=success&gt;Playback - {78} [SUCCESS] MouseButtonClick - "[MSAA, VisibleOnly]ControlType='Button' &amp;&amp; Name='Options'"
\0&lt;/a&gt;
W, 3800, 19, 2012/11/01, 13:14:56.405, 197473489089, QTAgent32.exe, FindScreenElementInSinglePass : Attempting to find control in one pass of search. Failures can occur.
W, 3800, 19, 2012/11/01, 13:14:56.413, 197473597664, QTAgent32.exe, Playback - [WARNING] Internal failure: Method GetBoundingRectangle failed (HRESULT = 0x1, "Incorrect function.") for Name = "Quote Select List" ," ControlType = "MenuItem"
\0
W, 3800, 19, 2012/11/01, 13:14:56.413, 197473599000, QTAgent32.exe, Playback - [WARNING] Internal failure: Couldn't get clickable point for ScreenUIElement - GetClickablePoint failed
\0
W, 3800, 19, 2012/11/01, 13:14:56.413, 197473601724, QTAgent32.exe, FindScreenElementInSinglePass : Attempting to find control in one pass of search. Failures can occur.
W, 3800, 19, 2012/11/01, 13:14:56.415, 197473631046, QTAgent32.exe, FindScreenElementInSinglePass : Attempting to find control in one pass of search. Failures can occur.
W, 3800, 19, 2012/11/01, 13:14:56.534, 197475332006, QTAgent32.exe, &lt;a class=success&gt;Playback - {79} [SUCCESS] LeftButtonClick - "[MSAA, VisibleOnly]ControlType='MenuBar' &amp;&amp; Name='Application'"  &lt; Mouse cursor location (960, 31) &gt;
\0&lt;/a&gt;
W, 3800, 19, 2012/11/01, 13:14:56.641, 197476864835, QTAgent32.exe, &lt;a class=success&gt;Playback - {80} [SUCCESS] LeftButtonClick - "[MSAA]ControlType='MenuItem' &amp;&amp; Name='Options'"  &lt; Mouse cursor location (94, 31) &gt;
\0&lt;/a&gt;
W, 3800, 19, 2012/11/01, 13:14:56.783, 197478896885, QTAgent32.exe, &lt;a class=success&gt;Playback - {81} [SUCCESS] LeftButtonClick - "[MSAA]ControlType='MenuItem' &amp;&amp; Name='Links'"  &lt; Mouse cursor location (174, 319) &gt;
\0&lt;/a&gt;
W, 3800, 19, 2012/11/01, 13:14:56.935, 197481073916, QTAgent32.exe, &lt;a class=success&gt;Playback - {82} [SUCCESS] LeftButtonClick - "[MSAA]ControlType='MenuItem' &amp;&amp; Name='3rd Party Integration'"  &lt; Mouse cursor location (375, 319) &gt;
\0&lt;/a&gt;
W, 3800, 19, 2012/11/01, 13:14:57.101, 197483449909, QTAgent32.exe, &lt;a class=success&gt;Playback - {83} [SUCCESS] MouseButtonClick - "[MSAA]ControlType='MenuItem' &amp;&amp; Name='Quote Select List'"
\0&lt;/a&gt;
W, 3800, 19, 2012/11/01, 13:14:58.896, 197509137190, QTAgent32.exe, PERF WARNING: FindTopLevelWindowHelper::FindAllDescendents: took 1693 ms. Expected it to take maximum 500 ms.
W, 3800, 19, 2012/11/01, 13:15:00.421, 197530973086, QTAgent32.exe, &lt;a class=success&gt;Playback - {84} [SUCCESS] MouseButtonClick - "[MSAA, VisibleOnly]ControlType='Button' &amp;&amp; Name='Ok'"
\0&lt;/a&gt;
W, 3800, 19, 2012/11/01, 13:15:02.070, 197554593015, QTAgent32.exe, PERF WARNING: FindTopLevelWindowHelper::FindAllDescendents: took 1547 ms. Expected it to take maximum 500 ms.
W, 3800, 19, 2012/11/01, 13:15:02.332, 197558348745, QTAgent32.exe, &lt;a class=success&gt;Playback - {85} [SUCCESS] MouseButtonClick - "[MSAA, VisibleOnly]ControlType='Button' &amp;&amp; Name='MTA...'"
\0&lt;/a&gt;
W, 3800, 19, 2012/11/01, 13:15:02.712, 197563782344, QTAgent32.exe, Playback - [WARNING] Internal warning: Incorrect flag set for InvokeProgrammaticAction\0
W, 3800, 19, 2012/11/01, 13:15:02.830, 197565479365, QTAgent32.exe, &lt;a class=success&gt;Playback - {86} [SUCCESS] SetValueAsComboBox "Cancel Cover" - "[MSAA, VisibleOnly]ControlType='ComboBox'"  &lt; SetValueAsComboBox, set by clicking on the item in the list box &gt;
\0&lt;/a&gt;
W, 3800, 19, 2012/11/01, 13:15:03.073, 197568949446, QTAgent32.exe, &lt;a class=success&gt;Playback - {87} [SUCCESS] MouseButtonClick - "[MSAA, VisibleOnly]ControlType='Button' &amp;&amp; Name='OK'"
\0&lt;/a&gt;
W, 3800, 19, 2012/11/01, 13:15:03.408, 197573743832, QTAgent32.exe, &lt;a class=success&gt;Playback - {88} [SUCCESS] MouseButtonClick - "[MSAA, VisibleOnly]ControlType='Button' &amp;&amp; Name='Calculate Quote'"
\0&lt;/a&gt;
W, 3800, 19, 2012/11/01, 13:15:03.624, 197576838436, QTAgent32.exe, &lt;a class=success&gt;Playback - {89} [SUCCESS] SendKeys "^{HOME}" - "[MSAA, VisibleOnly]ControlType='Edit'"
\0&lt;/a&gt;
E, 3800, 19, 2012/11/01, 13:15:03.624, 197576841080, QTAgent32.exe, Msaa.GetFocusedElement: could not find accessible object of foreground window
W, 3800, 19, 2012/11/01, 13:15:03.677, 197577597785, QTAgent32.exe, &lt;a class=success&gt;Playback - {90} [SUCCESS] SendKeys "^+{END}" - "[MSAA, VisibleOnly]ControlType='Edit'"
\0&lt;/a&gt;
E, 3800, 19, 2012/11/01, 13:15:03.677, 197577600701, QTAgent32.exe, Msaa.GetFocusedElement: could not find accessible object of foreground window
W, 3800, 19, 2012/11/01, 13:15:03.691, 197577798524, QTAgent32.exe, &lt;a class=success&gt;Playback - {91} [SUCCESS] SendKeys "{DELETE}" - "[MSAA, VisibleOnly]ControlType='Edit'"
\0&lt;/a&gt;
W, 3800, 19, 2012/11/01, 13:15:03.919, 197581067463, QTAgent32.exe, &lt;a class=success&gt;Playback - {92} [SUCCESS] SetValueAsEditBox "02/11/12" - "[MSAA, VisibleOnly]ControlType='Edit'"  &lt; Set via SendKeys &gt;
\0&lt;/a&gt;
W, 3800, 19, 2012/11/01, 13:15:04.166, 197584598246, QTAgent32.exe, &lt;a class=success&gt;Playback - {93} [SUCCESS] MouseButtonClick - "[MSAA, VisibleOnly]ControlType='Button' &amp;&amp; Name='OK'"
\0&lt;/a&gt;
W, 3800, 19, 2012/11/01, 13:15:04.555, 197590170856, QTAgent32.exe, &lt;a class=success&gt;Playback - {94} [SUCCESS] MouseButtonClick - "[MSAA, VisibleOnly]ControlType='Button' &amp;&amp; Name='No'"
\0&lt;/a&gt;
W, 3800, 19, 2012/11/01, 13:15:06.767, 197621850417, QTAgent32.exe, PERF WARNING: FindTopLevelWindowHelper::FindAllDescendents: took 2111 ms. Expected it to take maximum 500 ms.
W, 3800, 19, 2012/11/01, 13:15:07.221, 197628347888, QTAgent32.exe, &lt;a class=success&gt;Playback - {95} [SUCCESS] MouseButtonClick - "[MSAA, VisibleOnly]ControlType='Button' &amp;&amp; Name='Exit'"
\0&lt;/a&gt;
W, 3800, 19, 2012/11/01, 13:15:07.580, 197633490924, QTAgent32.exe, &lt;a class=success&gt;Playback - {96} [SUCCESS] MouseButtonClick - "[MSAA, VisibleOnly]ControlType='Button' &amp;&amp; Name='Yes'"
\0&lt;/a&gt;
W, 3800, 19, 2012/11/01, 13:15:08.419, 197645483480, QTAgent32.exe, PERF WARNING: FindTopLevelWindowHelper::FindAllDescendents: took 598 ms. Expected it to take maximum 500 ms.
W, 3800, 19, 2012/11/01, 13:15:10.558, 197676111569, QTAgent32.exe, &lt;a class=success&gt;Playback - {97} [SUCCESS] MouseButtonClick - "[MSAA, VisibleOnly]ControlType='Button' &amp;&amp; Name='OK'"
\0&lt;/a&gt;
W, 3800, 19, 2012/11/01, 13:15:10.798, 197679554671, QTAgent32.exe, &lt;a class=success&gt;Playback - {98} [SUCCESS] MouseButtonClick - "[MSAA, VisibleOnly]ControlType='Button' &amp;&amp; Name='Cancel'"
\0&lt;/a&gt;
W, 3800, 19, 2012/11/01, 13:15:11.108, 197683992974, QTAgent32.exe, &lt;a class=success&gt;Playback - {99} [SUCCESS] MouseButtonClick - "[MSAA, VisibleOnly]ControlType='Button'"
\0&lt;/a&gt;
W, 3800, 19, 2012/11/01, 13:15:11.467, 197689132368, QTAgent32.exe, &lt;a class=success&gt;Playback - {100} [SUCCESS] MouseButtonClick - "[MSAA, VisibleOnly]ControlType='Button' &amp;&amp; Name='Detail'"
\0&lt;/a&gt;
W, 3800, 19, 2012/11/01, 13:15:11.769, 197693455412, QTAgent32.exe, &lt;a class=success&gt;Playback - {101} [SUCCESS] MouseButtonClick - "[MSAA, VisibleOnly]ControlType='Button' &amp;&amp; Name='Cancel'"
\0&lt;/a&gt;
E, 3800, 19, 2012/11/01, 13:15:11.869, 197694885035, QTAgent32.exe, GetClassName for handle 2949632 failed
W, 3800, 19, 2012/11/01, 13:15:12.011, 197696916455, QTAgent32.exe, &lt;a class=success&gt;Playback - {102} [SUCCESS] MouseButtonClick - "[MSAA, VisibleOnly]ControlType='Button' &amp;&amp; Name='Cancel'"
\0&lt;/a&gt;
W, 3800, 19, 2012/11/01, 13:15:12.239, 197700187097, QTAgent32.exe, &lt;a class=success&gt;Playback - {103} [SUCCESS] MouseButtonClick - "[MSAA, VisibleOnly]ControlType='Button' &amp;&amp; Name='Cancel'"
\0&lt;/a&gt;
W, 3800, 19, 2012/11/01, 13:15:12.467, 197703445552, QTAgent32.exe, &lt;a class=success&gt;Playback - {104} [SUCCESS] MouseButtonClick - "[MSAA, VisibleOnly]ControlType='Button' &amp;&amp; Name='Close'"
\0&lt;/a&gt;
W, 3800, 19, 2012/11/01, 13:15:16.569, 197762183889, QTAgent32.exe, IEDOM : StopSession of the plugin called before StartSession
W, 3800, 19, 2012/11/01, 13:15:16.569, 197762185203, QTAgent32.exe, UIA : StopSession of the plugin called before StartSession
W, 3800, 19, 2012/11/01, 13:15:16.569, 197762185917, QTAgent32.exe, SLPlugin : StopSession of the plugin called before StartSession
</DebugTrace>
      </Output>
    </UnitTestResult>
    <UnitTestResult executionId="d705ac6f-31e0-4a73-b6a5-ec23c87dc062" testId="614f56be-e9c0-f1e7-ad65-1f0b7d6a0f1c" testName="MotoTest12" computerName="ICLVDEVAP01" duration="00:03:07.9285550" startTime="2012-11-01T13:15:16.5758365+00:00" endTime="2012-11-01T13:18:24.5475634+00:00" testType="13cdc9d9-ddb5-4fa4-a97d-d965ccfc6d4b" outcome="Passed" testListId="8c84fa94-04c1-424b-9868-57a2d4851a1d" relativeResultsDirectory="d705ac6f-31e0-4a73-b6a5-ec23c87dc062">
      <Output>
        <DebugTrace>W, 3800, 24, 2012/11/01, 13:15:16.587, 197762442370, QTAgent32.exe, ExtensionFramework : A Technology Manager with name Web is already registered.
W, 3800, 24, 2012/11/01, 13:15:17.222, 197771535689, QTAgent32.exe, &lt;a class=success&gt;Playback - {1} [SUCCESS] MouseButtonClick - "[MSAA, VisibleOnly]ControlType='Edit'"
\0&lt;/a&gt;
W, 3800, 24, 2012/11/01, 13:15:17.416, 197774312406, QTAgent32.exe, &lt;a class=success&gt;Playback - {2} [SUCCESS] SendKeys "[*]" - "[MSAA, VisibleOnly]ControlType='Edit'"
\0&lt;/a&gt;
W, 3800, 24, 2012/11/01, 13:15:18.157, 197784922952, QTAgent32.exe, &lt;a class=success&gt;Playback - {3} [SUCCESS] MouseButtonClick - "[MSAA, VisibleOnly]ControlType='Button' &amp;&amp; Name='OK'"
\0&lt;/a&gt;
W, 3800, 24, 2012/11/01, 13:15:18.679, 197792393973, QTAgent32.exe, &lt;a class=success&gt;Playback - {4} [SUCCESS] MouseButtonClick - "[MSAA, VisibleOnly]ControlType='Button' &amp;&amp; Name='OK'"
\0&lt;/a&gt;
W, 3800, 24, 2012/11/01, 13:15:18.932, 197796009586, QTAgent32.exe, &lt;a class=success&gt;Playback - {5} [SUCCESS] MouseButtonClick - "[MSAA, VisibleOnly]ControlType='Button' &amp;&amp; Name='Clients &amp; Files'"
\0&lt;/a&gt;
W, 3800, 24, 2012/11/01, 13:15:19.216, 197800077376, QTAgent32.exe, &lt;a class=success&gt;Playback - {6} [SUCCESS] MouseButtonClick - "[MSAA, VisibleOnly]ControlType='Button' &amp;&amp; Name='Clients &amp; Files'"
\0&lt;/a&gt;
W, 3800, 24, 2012/11/01, 13:15:19.751, 197807731227, QTAgent32.exe, Playback - [WARNING] Internal warning: Window Not Found: [VisibleOnly]ControlType='Window' &amp;&amp; Name='Customer: txt1 tdsfs' &amp;&amp; ClassName='ThunderRT6MDIForm'
\0
E, 3800, 24, 2012/11/01, 13:15:19.751, 197807734122, QTAgent32.exe, &lt;a class=failure&gt;Playback - {7} [FAILED] Function ElementFetcher::FindScreenElement failed to locate UI element (Searching: ;[VisibleOnly]ControlType='Window' &amp;&amp; Name='Customer: txt1 tdsfs' &amp;&amp; ClassName='ThunderRT6MDIForm') (The object specified was not found.)
\0&lt;/a&gt;
E, 3800, 24, 2012/11/01, 13:15:19.839, 197808994372, QTAgent32.exe, Playback - [IMAGE] C:\Users\peter.zenin-ad\AppData\Local\Temp\UITestLogs\LastRun\RPFCBFD.png
\0
W, 3800, 24, 2012/11/01, 13:15:19.839, 197808996503, QTAgent32.exe, Playback - [WARNING] Internal warning: Couldn't find descendants that match QueryId
\0
W, 3800, 24, 2012/11/01, 13:15:19.839, 197808999466, QTAgent32.exe, PERF WARNING: FindTopLevelWindowHelper::FindAllDescendents: took 522 ms. Expected it to take maximum 500 ms.
W, 3800, 24, 2012/11/01, 13:15:37.882, 198067333804, QTAgent32.exe, Playback - [WARNING] Internal warning: Window Not Found: [VisibleOnly]ControlType='Window' &amp;&amp; Name='Customer: txt1 tdsfs' &amp;&amp; ClassName='ThunderRT6MDIForm'
\0
E, 3800, 24, 2012/11/01, 13:15:37.882, 198067336674, QTAgent32.exe, &lt;a class=failure&gt;Playback - {8} [FAILED] Function ElementFetcher::FindScreenElement failed to locate UI element (Searching: ;[VisibleOnly]ControlType='Window' &amp;&amp; Name='Customer: txt1 tdsfs' &amp;&amp; ClassName='ThunderRT6MDIForm') (The object specified was not found.)
\0&lt;/a&gt;
E, 3800, 24, 2012/11/01, 13:15:37.970, 198068598025, QTAgent32.exe, Playback - [IMAGE] C:\Users\peter.zenin-ad\AppData\Local\Temp\UITestLogs\LastRun\RPF12CD.png
\0
W, 3800, 24, 2012/11/01, 13:15:37.970, 198068600209, QTAgent32.exe, Playback - [WARNING] Internal warning: Couldn't find descendants that match QueryId
\0
W, 3800, 24, 2012/11/01, 13:15:37.970, 198068603306, QTAgent32.exe, PERF WARNING: FindTopLevelWindowHelper::FindAllDescendents: took 18130 ms. Expected it to take maximum 500 ms.
W, 3800, 24, 2012/11/01, 13:15:38.458, 198075567633, QTAgent32.exe, Playback - [WARNING] Internal warning: Window with Class "ThunderRT6MDIForm" and Title "Customer: txt1 tdsfs" was not found, so similar window with Class "ThunderRT6MDIForm" and Title "Customer: autotest" was accepted
\0
W, 3800, 24, 2012/11/01, 13:15:39.721, 198093663304, QTAgent32.exe, Playback - [WARNING] Internal warning: Incorrect flag set for InvokeProgrammaticAction\0
W, 3800, 24, 2012/11/01, 13:15:39.840, 198095361886, QTAgent32.exe, &lt;a class=success&gt;Playback - {9} [SUCCESS] SetValueAsComboBox "Customers" - "[MSAA, VisibleOnly]ControlType='ComboBox'"  &lt; SetValueAsComboBox, set by clicking on the item in the list box &gt;
\0&lt;/a&gt;
W, 3800, 24, 2012/11/01, 13:15:40.275, 198101592867, QTAgent32.exe, &lt;a class=success&gt;Playback - {10} [SUCCESS] MouseButtonClick - "[MSAA, VisibleOnly]ControlType='Button' &amp;&amp; Name='Add'"
\0&lt;/a&gt;
W, 3800, 24, 2012/11/01, 13:15:40.575, 198105884201, QTAgent32.exe, &lt;a class=success&gt;Playback - {11} [SUCCESS] SendKeys "autotest" - "[MSAA, VisibleOnly]ControlType='RadioButton' &amp;&amp; Name='Personal Lines'"
\0&lt;/a&gt;
W, 3800, 24, 2012/11/01, 13:15:40.918, 198110797852, QTAgent32.exe, &lt;a class=success&gt;Playback - {12} [SUCCESS] SetValueAsEditBox "autotest" - "[MSAA, VisibleOnly]ControlType='Edit'"  &lt; Set via SendKeys &gt;
\0&lt;/a&gt;
W, 3800, 24, 2012/11/01, 13:15:41.187, 198114649118, QTAgent32.exe, &lt;a class=success&gt;Playback - {13} [SUCCESS] MouseButtonClick - "[MSAA, VisibleOnly]ControlType='Button' &amp;&amp; Name='OK'"
\0&lt;/a&gt;
W, 3800, 24, 2012/11/01, 13:15:41.554, 198119904754, QTAgent32.exe, &lt;a class=success&gt;Playback - {14} [SUCCESS] MouseButtonClick - "[MSAA, VisibleOnly]ControlType='Button' &amp;&amp; Name='Yes'"
\0&lt;/a&gt;
W, 3800, 24, 2012/11/01, 13:15:41.752, 198122736245, QTAgent32.exe, &lt;a class=success&gt;Playback - {15} [SUCCESS] SendKeys "^{HOME}" - "[MSAA, VisibleOnly]ControlType='Edit'"
\0&lt;/a&gt;
E, 3800, 24, 2012/11/01, 13:15:41.752, 198122738874, QTAgent32.exe, Msaa.GetFocusedElement: could not find accessible object of foreground window
W, 3800, 24, 2012/11/01, 13:15:41.805, 198123494783, QTAgent32.exe, &lt;a class=success&gt;Playback - {16} [SUCCESS] SendKeys "^+{END}" - "[MSAA, VisibleOnly]ControlType='Edit'"
\0&lt;/a&gt;
E, 3800, 24, 2012/11/01, 13:15:41.805, 198123496703, QTAgent32.exe, Msaa.GetFocusedElement: could not find accessible object of foreground window
W, 3800, 24, 2012/11/01, 13:15:41.818, 198123681462, QTAgent32.exe, &lt;a class=success&gt;Playback - {17} [SUCCESS] SendKeys "{DELETE}" - "[MSAA, VisibleOnly]ControlType='Edit'"
\0&lt;/a&gt;
W, 3800, 24, 2012/11/01, 13:15:41.874, 198124486555, QTAgent32.exe, &lt;a class=success&gt;Playback - {18} [SUCCESS] SetValueAsEditBox "1" - "[MSAA, VisibleOnly]ControlType='Edit'"  &lt; Set via SendKeys &gt;
\0&lt;/a&gt;
W, 3800, 24, 2012/11/01, 13:15:42.093, 198127619338, QTAgent32.exe, &lt;a class=success&gt;Playback - {19} [SUCCESS] SendKeys "^{HOME}" - "[MSAA, VisibleOnly]ControlType='Edit'"
\0&lt;/a&gt;
E, 3800, 24, 2012/11/01, 13:15:42.093, 198127622173, QTAgent32.exe, Msaa.GetFocusedElement: could not find accessible object of foreground window
W, 3800, 24, 2012/11/01, 13:15:42.151, 198128450599, QTAgent32.exe, &lt;a class=success&gt;Playback - {20} [SUCCESS] SendKeys "^+{END}" - "[MSAA, VisibleOnly]ControlType='Edit'"
\0&lt;/a&gt;
E, 3800, 24, 2012/11/01, 13:15:42.151, 198128452770, QTAgent32.exe, Msaa.GetFocusedElement: could not find accessible object of foreground window
W, 3800, 24, 2012/11/01, 13:15:42.164, 198128635886, QTAgent32.exe, &lt;a class=success&gt;Playback - {21} [SUCCESS] SendKeys "{DELETE}" - "[MSAA, VisibleOnly]ControlType='Edit'"
\0&lt;/a&gt;
W, 3800, 24, 2012/11/01, 13:15:42.216, 198129383817, QTAgent32.exe, &lt;a class=success&gt;Playback - {22} [SUCCESS] SetValueAsEditBox "1" - "[MSAA, VisibleOnly]ControlType='Edit'"  &lt; Set via SendKeys &gt;
\0&lt;/a&gt;
W, 3800, 24, 2012/11/01, 13:15:42.521, 198133754603, QTAgent32.exe, &lt;a class=success&gt;Playback - {23} [SUCCESS] MouseButtonClick - "[MSAA, VisibleOnly]ControlType='Button' &amp;&amp; Name='OK'"
\0&lt;/a&gt;
W, 3800, 24, 2012/11/01, 13:15:42.839, 198138301215, QTAgent32.exe, &lt;a class=success&gt;Playback - {24} [SUCCESS] MouseButtonClick - "[MSAA, VisibleOnly]ControlType='Button'"
\0&lt;/a&gt;
W, 3800, 24, 2012/11/01, 13:15:43.133, 198142508050, QTAgent32.exe, &lt;a class=success&gt;Playback - {25} [SUCCESS] MouseButtonClick - "[MSAA, VisibleOnly]ControlType='Button' &amp;&amp; Name='Add'"
\0&lt;/a&gt;
W, 3800, 24, 2012/11/01, 13:15:43.442, 198146936098, QTAgent32.exe, &lt;a class=success&gt;Playback - {26} [SUCCESS] MouseButtonClick - "[MSAA, VisibleOnly]ControlType='Button' &amp;&amp; Name='OK'"
\0&lt;/a&gt;
W, 3800, 24, 2012/11/01, 13:15:45.671, 198178852075, QTAgent32.exe, &lt;a class=success&gt;Playback - {27} [SUCCESS] MouseButtonClick - "[MSAA, VisibleOnly,Window]ControlType='Window' &amp;&amp; ClassName='ThunderRT6TextBox'"
\0&lt;/a&gt;
W, 3800, 24, 2012/11/01, 13:15:45.934, 198182621835, QTAgent32.exe, &lt;a class=success&gt;Playback - {28} [SUCCESS] SetValueAsEditBox "MOTO" - "[MSAA, VisibleOnly]ControlType='Edit'"  &lt; Set via SendKeys &gt;
\0&lt;/a&gt;
W, 3800, 24, 2012/11/01, 13:15:46.231, 198186876234, QTAgent32.exe, &lt;a class=success&gt;Playback - {29} [SUCCESS] MouseButtonClick - "[MSAA, VisibleOnly]ControlType='Button' &amp;&amp; Name='OK'"
\0&lt;/a&gt;
W, 3800, 24, 2012/11/01, 13:15:46.462, 198190186606, QTAgent32.exe, &lt;a class=success&gt;Playback - {30} [SUCCESS] MouseButtonClick - "[MSAA, VisibleOnly]ControlType='Button' &amp;&amp; Name='Options'"
\0&lt;/a&gt;
W, 3800, 24, 2012/11/01, 13:15:46.562, 198191614475, QTAgent32.exe, FindScreenElementInSinglePass : Attempting to find control in one pass of search. Failures can occur.
W, 3800, 24, 2012/11/01, 13:15:46.727, 198193972745, QTAgent32.exe, &lt;a class=success&gt;Playback - {31} [SUCCESS] MouseButtonClick - "[MSAA]ControlType='MenuItem' &amp;&amp; Name='Links'"
\0&lt;/a&gt;
W, 3800, 24, 2012/11/01, 13:15:46.827, 198195409669, QTAgent32.exe, FindScreenElementInSinglePass : Attempting to find control in one pass of search. Failures can occur.
W, 3800, 24, 2012/11/01, 13:15:46.987, 198197695686, QTAgent32.exe, &lt;a class=success&gt;Playback - {32} [SUCCESS] MouseButtonClick - "[MSAA]ControlType='MenuItem' &amp;&amp; Name='3rd Party Integration'"
\0&lt;/a&gt;
W, 3800, 24, 2012/11/01, 13:15:47.087, 198199132441, QTAgent32.exe, FindScreenElementInSinglePass : Attempting to find control in one pass of search. Failures can occur.
W, 3800, 24, 2012/11/01, 13:15:47.248, 198201444802, QTAgent32.exe, &lt;a class=success&gt;Playback - {33} [SUCCESS] MouseButtonClick - "[MSAA]ControlType='MenuItem' &amp;&amp; Name='Quote Select List'"
\0&lt;/a&gt;
W, 3800, 24, 2012/11/01, 13:15:49.062, 198227391833, QTAgent32.exe, PERF WARNING: FindTopLevelWindowHelper::FindAllDescendents: took 1709 ms. Expected it to take maximum 500 ms.
W, 3800, 24, 2012/11/01, 13:15:50.596, 198249362717, QTAgent32.exe, &lt;a class=success&gt;Playback - {34} [SUCCESS] MouseButtonClick - "[MSAA, VisibleOnly]ControlType='Button' &amp;&amp; Name='Ok'"
\0&lt;/a&gt;
W, 3800, 24, 2012/11/01, 13:15:52.075, 198270540525, QTAgent32.exe, PERF WARNING: FindTopLevelWindowHelper::FindAllDescendents: took 1374 ms. Expected it to take maximum 500 ms.
W, 3800, 24, 2012/11/01, 13:15:52.273, 198273378733, QTAgent32.exe, &lt;a class=success&gt;Playback - {35} [SUCCESS] MouseButtonClick - "[MSAA, VisibleOnly]ControlType='Button' &amp;&amp; Name='Ok'"
\0&lt;/a&gt;
W, 3800, 24, 2012/11/01, 13:15:52.549, 198277327674, QTAgent32.exe, &lt;a class=success&gt;Playback - {36} [SUCCESS] SetValueAsEditBox "Test" - "[MSAA, VisibleOnly]ControlType='Edit'"  &lt; Set via SendKeys &gt;
\0&lt;/a&gt;
W, 3800, 24, 2012/11/01, 13:15:52.708, 198279601654, QTAgent32.exe, &lt;a class=success&gt;Playback - {37} [SUCCESS] SendKeys "{Tab}" - "[MSAA, VisibleOnly]ControlType='Edit'"
\0&lt;/a&gt;
W, 3800, 24, 2012/11/01, 13:15:52.986, 198283585118, QTAgent32.exe, &lt;a class=success&gt;Playback - {38} [SUCCESS] SetValueAsEditBox "test" - "[MSAA, VisibleOnly]ControlType='Edit'"  &lt; Set via SendKeys &gt;
\0&lt;/a&gt;
W, 3800, 24, 2012/11/01, 13:15:53.310, 198288225157, QTAgent32.exe, &lt;a class=success&gt;Playback - {39} [SUCCESS] SetValueAsEditBox "160485" - "[MSAA, VisibleOnly]ControlType='Edit'"  &lt; Set via SendKeys &gt;
\0&lt;/a&gt;
W, 3800, 24, 2012/11/01, 13:15:53.625, 198292735513, QTAgent32.exe, &lt;a class=success&gt;Playback - {40} [SUCCESS] SetValueAsEditBox "B338TH" - "[MSAA, VisibleOnly]ControlType='Edit'"  &lt; Set via SendKeys &gt;
\0&lt;/a&gt;
W, 3800, 24, 2012/11/01, 13:15:55.851, 198324605320, QTAgent32.exe, &lt;a class=success&gt;Playback - {41} [SUCCESS] MouseButtonClick - "[MSAA, VisibleOnly]ControlType='Button' &amp;&amp; Name='Lookup...'"
\0&lt;/a&gt;
W, 3800, 24, 2012/11/01, 13:15:56.082, 198327912646, QTAgent32.exe, &lt;a class=success&gt;Playback - {42} [SUCCESS] MouseButtonClick - "[MSAA, VisibleOnly]ControlType='Button' &amp;&amp; Name='Ok'"
\0&lt;/a&gt;
W, 3800, 24, 2012/11/01, 13:15:57.527, 198348602293, QTAgent32.exe, &lt;a class=success&gt;Playback - {43} [SUCCESS] MouseButtonClick - "[MSAA, VisibleOnly]ControlType='Button' &amp;&amp; Name='OK'"
\0&lt;/a&gt;
W, 3800, 24, 2012/11/01, 13:15:58.319, 198359939789, QTAgent32.exe, Playback - [WARNING] Internal warning: Incorrect flag set for InvokeProgrammaticAction\0
W, 3800, 24, 2012/11/01, 13:15:58.438, 198361634082, QTAgent32.exe, &lt;a class=success&gt;Playback - {44} [SUCCESS] SetValueAsComboBox "Account Executive" - "[MSAA, VisibleOnly]ControlType='ComboBox'"  &lt; SetValueAsComboBox, set by clicking on the item in the list box &gt;
\0&lt;/a&gt;
W, 3800, 24, 2012/11/01, 13:15:58.822, 198367131577, QTAgent32.exe, Playback - [WARNING] Internal warning: Incorrect flag set for InvokeProgrammaticAction\0
W, 3800, 24, 2012/11/01, 13:15:58.940, 198368821759, QTAgent32.exe, &lt;a class=success&gt;Playback - {45} [SUCCESS] SetValueAsComboBox "Acupuncture" - "[MSAA, VisibleOnly]ControlType='ComboBox'"  &lt; SetValueAsComboBox, set by clicking on the item in the list box &gt;
\0&lt;/a&gt;
W, 3800, 24, 2012/11/01, 13:15:59.317, 198374224675, QTAgent32.exe, &lt;a class=success&gt;Playback - {46} [SUCCESS] SetValueAsEditBox "151101" - "[MSAA, VisibleOnly]ControlType='Edit'"  &lt; Set via SendKeys &gt;
\0&lt;/a&gt;
W, 3800, 24, 2012/11/01, 13:16:00.778, 198395150756, QTAgent32.exe, &lt;a class=success&gt;Playback - {47} [SUCCESS] MouseButtonClick - "[MSAA, VisibleOnly]ControlType='Button' &amp;&amp; Name='OK'"
\0&lt;/a&gt;
W, 3800, 24, 2012/11/01, 13:16:01.190, 198401043985, QTAgent32.exe, &lt;a class=success&gt;Playback - {48} [SUCCESS] SetValueAsEditBox "RF53OXL" - "[MSAA, VisibleOnly]ControlType='Edit'"  &lt; Set via SendKeys &gt;
\0&lt;/a&gt;
W, 3800, 24, 2012/11/01, 13:16:02.290, 198416799221, QTAgent32.exe, &lt;a class=success&gt;Playback - {49} [SUCCESS] MouseButtonClick - "[MSAA, VisibleOnly]ControlType='Button' &amp;&amp; Name='Filter'"
\0&lt;/a&gt;
W, 3800, 24, 2012/11/01, 13:16:02.775, 198423744102, QTAgent32.exe, &lt;a class=success&gt;Playback - {50} [SUCCESS] MouseButtonClick - "[MSAA, VisibleOnly]ControlType='Button' &amp;&amp; Name='OK'"
\0&lt;/a&gt;
W, 3800, 24, 2012/11/01, 13:16:03.004, 198427014934, QTAgent32.exe, &lt;a class=success&gt;Playback - {51} [SUCCESS] SendKeys "^{HOME}" - "[MSAA, VisibleOnly]ControlType='Edit'"
\0&lt;/a&gt;
E, 3800, 24, 2012/11/01, 13:16:03.004, 198427017674, QTAgent32.exe, Msaa.GetFocusedElement: could not find accessible object of foreground window
W, 3800, 24, 2012/11/01, 13:16:03.072, 198427988479, QTAgent32.exe, &lt;a class=success&gt;Playback - {52} [SUCCESS] SendKeys "^+{END}" - "[MSAA, VisibleOnly]ControlType='Edit'"
\0&lt;/a&gt;
E, 3800, 24, 2012/11/01, 13:16:03.072, 198427990967, QTAgent32.exe, Msaa.GetFocusedElement: could not find accessible object of foreground window
W, 3800, 24, 2012/11/01, 13:16:03.085, 198428174951, QTAgent32.exe, &lt;a class=success&gt;Playback - {53} [SUCCESS] SendKeys "{DELETE}" - "[MSAA, VisibleOnly]ControlType='Edit'"
\0&lt;/a&gt;
W, 3800, 24, 2012/11/01, 13:16:03.242, 198430427086, QTAgent32.exe, &lt;a class=success&gt;Playback - {54} [SUCCESS] SetValueAsEditBox "1000" - "[MSAA, VisibleOnly]ControlType='Edit'"  &lt; Set via SendKeys &gt;
\0&lt;/a&gt;
W, 3800, 24, 2012/11/01, 13:16:03.552, 198434871837, QTAgent32.exe, &lt;a class=success&gt;Playback - {55} [SUCCESS] MouseButtonClick - "[MSAA, VisibleOnly]ControlType='Button' &amp;&amp; Name='Calculate Quote'"
\0&lt;/a&gt;
W, 3800, 24, 2012/11/01, 13:16:03.796, 198438360429, QTAgent32.exe, &lt;a class=success&gt;Playback - {56} [SUCCESS] MouseButtonClick - "[MSAA, VisibleOnly]ControlType='Button' &amp;&amp; Name='Cancel'"
\0&lt;/a&gt;
W, 3800, 24, 2012/11/01, 13:16:04.070, 198442281716, QTAgent32.exe, &lt;a class=success&gt;Playback - {57} [SUCCESS] MouseButtonClick - "[MSAA, VisibleOnly]ControlType='Button' &amp;&amp; Name='No'"
\0&lt;/a&gt;
W, 3800, 24, 2012/11/01, 13:16:14.721, 198594787029, QTAgent32.exe, PERF WARNING: FindTopLevelWindowHelper::FindAllDescendents: took 10551 ms. Expected it to take maximum 500 ms.
W, 3800, 24, 2012/11/01, 13:16:14.857, 198596724213, QTAgent32.exe, &lt;a class=success&gt;Playback - {58} [SUCCESS] MouseButtonClick - "[MSAA, VisibleOnly]ControlType='Client'"
\0&lt;/a&gt;
W, 3800, 24, 2012/11/01, 13:16:16.406, 198618911700, QTAgent32.exe, &lt;a class=success&gt;Playback - {59} [SUCCESS] SendKeys "{Home}" - "[MSAA, VisibleOnly]ControlType='Client'"
\0&lt;/a&gt;
W, 3800, 24, 2012/11/01, 13:16:19.656, 198665430200, QTAgent32.exe, &lt;a class=success&gt;Playback - {60} [SUCCESS] MouseButtonClick - "[MSAA, VisibleOnly]ControlType='Button' &amp;&amp; Name='Accept'"
\0&lt;/a&gt;
W, 3800, 24, 2012/11/01, 13:16:19.993, 198670257874, QTAgent32.exe, &lt;a class=success&gt;Playback - {61} [SUCCESS] MouseButtonClick - "[MSAA, VisibleOnly]ControlType='Button' &amp;&amp; Name='Yes'"
\0&lt;/a&gt;
W, 3800, 24, 2012/11/01, 13:16:20.314, 198674858371, QTAgent32.exe, &lt;a class=success&gt;Playback - {62} [SUCCESS] MouseButtonClick - "[MSAA, VisibleOnly]ControlType='Button' &amp;&amp; Name='Ok'"
\0&lt;/a&gt;
W, 3800, 24, 2012/11/01, 13:16:20.568, 198678494674, QTAgent32.exe, &lt;a class=success&gt;Playback - {63} [SUCCESS] MouseButtonClick - "[MSAA, VisibleOnly]ControlType='Button' &amp;&amp; Name='Ok'"
\0&lt;/a&gt;
W, 3800, 24, 2012/11/01, 13:16:20.931, 198683682113, QTAgent32.exe, &lt;a class=success&gt;Playback - {64} [SUCCESS] MouseButtonClick - "[MSAA, VisibleOnly]ControlType='Button' &amp;&amp; Name='Confirm'"
\0&lt;/a&gt;
W, 3800, 24, 2012/11/01, 13:16:49.539, 199092877126, QTAgent32.exe, Playback - [WARNING] Internal warning: Window Not Found: [VisibleOnly]ControlType='Window' &amp;&amp; Name='Save the file as' &amp;&amp; ClassName='#32770'
\0
E, 3800, 24, 2012/11/01, 13:16:49.539, 199092880030, QTAgent32.exe, &lt;a class=failure&gt;Playback - {65} [FAILED] Function ElementFetcher::FindScreenElement failed to locate UI element (Searching: ;[VisibleOnly]ControlType='Window' &amp;&amp; Name='Save the file as' &amp;&amp; ClassName='#32770') (The object specified was not found.)
\0&lt;/a&gt;
E, 3800, 24, 2012/11/01, 13:16:49.617, 199094132880, QTAgent32.exe, Playback - [IMAGE] C:\Users\peter.zenin-ad\AppData\Local\Temp\UITestLogs\LastRun\RPF2AA2.png
\0
W, 3800, 24, 2012/11/01, 13:16:49.617, 199094135036, QTAgent32.exe, Playback - [WARNING] Internal warning: Couldn't find descendants that match QueryId
\0
W, 3800, 24, 2012/11/01, 13:16:49.617, 199094137981, QTAgent32.exe, PERF WARNING: FindTopLevelWindowHelper::FindAllDescendents: took 28566 ms. Expected it to take maximum 500 ms.
W, 3800, 24, 2012/11/01, 13:17:08.557, 199365157811, QTAgent32.exe, Playback - [WARNING] Internal warning: Window Not Found: [VisibleOnly]ControlType='Window' &amp;&amp; Name='Save the file as' &amp;&amp; ClassName='#32770'
\0
E, 3800, 24, 2012/11/01, 13:17:08.557, 199365160792, QTAgent32.exe, &lt;a class=failure&gt;Playback - {66} [FAILED] Function ElementFetcher::FindScreenElement failed to locate UI element (Searching: ;[VisibleOnly]ControlType='Window' &amp;&amp; Name='Save the file as' &amp;&amp; ClassName='#32770') (The object specified was not found.)
\0&lt;/a&gt;
E, 3800, 24, 2012/11/01, 13:17:08.635, 199366440494, QTAgent32.exe, Playback - [IMAGE] C:\Users\peter.zenin-ad\AppData\Local\Temp\UITestLogs\LastRun\RPF74EC.png
\0
W, 3800, 24, 2012/11/01, 13:17:08.635, 199366442709, QTAgent32.exe, Playback - [WARNING] Internal warning: Couldn't find descendants that match QueryId
\0
W, 3800, 24, 2012/11/01, 13:17:08.635, 199366445742, QTAgent32.exe, PERF WARNING: FindTopLevelWindowHelper::FindAllDescendents: took 19018 ms. Expected it to take maximum 500 ms.
W, 3800, 24, 2012/11/01, 13:17:12.269, 199418317886, QTAgent32.exe, Playback - [WARNING] Internal warning: Window Not Found: [VisibleOnly]ControlType='Window' &amp;&amp; Name='Save the file as' &amp;&amp; ClassName='#32770'
\0
E, 3800, 24, 2012/11/01, 13:17:12.269, 199418320781, QTAgent32.exe, &lt;a class=failure&gt;Playback - {67} [FAILED] Function ElementFetcher::FindScreenElement failed to locate UI element (Searching: ;[VisibleOnly]ControlType='Window' &amp;&amp; Name='Save the file as' &amp;&amp; ClassName='#32770') (The object specified was not found.)
\0&lt;/a&gt;
E, 3800, 24, 2012/11/01, 13:17:12.347, 199419587323, QTAgent32.exe, Playback - [IMAGE] C:\Users\peter.zenin-ad\AppData\Local\Temp\UITestLogs\LastRun\RPF836D.png
\0
W, 3800, 24, 2012/11/01, 13:17:12.347, 199419589487, QTAgent32.exe, Playback - [WARNING] Internal warning: Couldn't find descendants that match QueryId
\0
W, 3800, 24, 2012/11/01, 13:17:12.347, 199419592387, QTAgent32.exe, PERF WARNING: FindTopLevelWindowHelper::FindAllDescendents: took 3711 ms. Expected it to take maximum 500 ms.
E, 3800, 24, 2012/11/01, 13:17:12.347, 199419594126, QTAgent32.exe, Exception: System.Runtime.InteropServices.COMException
	Message: Error HRESULT E_FAIL has been returned from a call to a COM component.
	Stack Trace:    at Microsoft.VisualStudio.TestTools.UITest.Playback.Engine.IRPFPlayback.FindAllScreenElements(IScreenElement pScreenElementStart, String bstrQueryId, Object&amp; pvarResKeys, Int32 cResKeys, Int32 nMaxDepth, Object[]&amp; foundDescendants)
   at Microsoft.VisualStudio.TestTools.UITest.Playback.ScreenElement.FindTopLevelWindowHelper(String queryId)
	BaseExceptionMessage: Error HRESULT E_FAIL has been returned from a call to a COM component.

E, 3800, 24, 2012/11/01, 13:17:12.488, 199421445137, QTAgent32.exe, AL: Playback Error: Microsoft.VisualStudio.TestTools.UITest.Extension.UITestControlNotFoundException: The playback failed to find the control with the given search properties. Additional Details: 
TechnologyName:  'MSAA'
ControlType:  'Window'
Name:  'Save the file as'
ClassName:  '#32770'
 ---&gt; System.Runtime.InteropServices.COMException: Error HRESULT E_FAIL has been returned from a call to a COM component.
   at Microsoft.VisualStudio.TestTools.UITest.Playback.Engine.IRPFPlayback.FindAllScreenElements(IScreenElement pScreenElementStart, String bstrQueryId, Object&amp; pvarResKeys, Int32 cResKeys, Int32 nMaxDepth, Object[]&amp; foundDescendants)
   at Microsoft.VisualStudio.TestTools.UITest.Playback.ScreenElement.FindTopLevelWindowHelper(String queryId)
   at Microsoft.VisualStudio.TestTools.UITest.Playback.ScreenElement.FindFromPartialQueryId(String queryId)
   at Microsoft.VisualStudio.TestTools.UITesting.UITestControl..ctor(String queryId)
   --- End of inner exception stack trace ---
   at Microsoft.VisualStudio.TestTools.UITesting.Playback.MapControlNotFoundException(COMException ex, IPlaybackContext context)
   at Microsoft.VisualStudio.TestTools.UITesting.Playback.MapAndThrowComException(COMException innerException, IPlaybackContext context)
   at Microsoft.VisualStudio.TestTools.UITesting.Playback.MapAndThrowException(SystemException exception, IPlaybackContext context)
   at Microsoft.VisualStudio.TestTools.UITesting.Playback.MapAndThrowException(SystemException exception, String queryId)
   at Microsoft.VisualStudio.TestTools.UITesting.UITestControl..ctor(String queryId)
   at Microsoft.VisualStudio.TestTools.UITesting.SearchHelper.SearchTopLevelWindow(ISearchArgument topLevelSearchArg, String topLevelElementQueryId)
   at Microsoft.VisualStudio.TestTools.UITesting.SearchHelper.GetTitleUpdatedTopLevelWindow(ISearchArgument topLevelSearchArg, String queryId, IList`1 windowTitles)
   at Microsoft.VisualStudio.TestTools.UITesting.SearchHelper.GetTopLevelElement(Boolean useCache, Boolean useCacheOnly, ISearchArgument searchArg, IList`1 windowTitles, Int32&amp; timeLeft)
   at Microsoft.VisualStudio.TestTools.UITesting.SearchHelper.GetElement(Boolean useCache, ISearchArgument searchArg)
   at Microsoft.VisualStudio.TestTools.UITesting.SearchHelper.Search(ISearchArgument searchArg)
   at Microsoft.VisualStudio.TestTools.UITesting.UITestControl.FindInternal()
   at Microsoft.VisualStudio.TestTools.UITesting.UITestControl.FindControlIfNecessary()
   at Microsoft.VisualStudio.TestTools.UITesting.UITestControl.Click(MouseButtons button, ModifierKeys modifierKeys, Point relativeCoordinates)
   at Microsoft.VisualStudio.TestTools.UITesting.Mouse.ClickImplementation(UITestControl control, MouseButtons button, ModifierKeys modifierKeys, Point relativeCoordinate)
   at Microsoft.VisualStudio.TestTools.UITesting.Mouse.ClickImplementationWrapper(UITestControl control, MouseButtons button, ModifierKeys modifierKeys, Point relativeCoordinate)
W, 3800, 24, 2012/11/01, 13:17:12.488, 199421446981, QTAgent32.exe, PlaybackErrorHandler: Ignoring exception as ContinueOnError is set.
W, 3800, 24, 2012/11/01, 13:17:12.816, 199426137506, QTAgent32.exe, &lt;a class=success&gt;Playback - {68} [SUCCESS] Check - "[MSAA, VisibleOnly]ControlType='CheckBox' &amp;&amp; Name='Defer Printing?'"
\0&lt;/a&gt;
W, 3800, 24, 2012/11/01, 13:17:13.455, 199435479971, QTAgent32.exe, &lt;a class=success&gt;Playback - {69} [SUCCESS] MouseButtonClick - "[MSAA, VisibleOnly]ControlType='Button' &amp;&amp; Name='Ok'"
\0&lt;/a&gt;
W, 3800, 24, 2012/11/01, 13:17:16.060, 199472699644, QTAgent32.exe, PERF WARNING: FindTopLevelWindowHelper::FindAllDescendents: took 2503 ms. Expected it to take maximum 500 ms.
W, 3800, 24, 2012/11/01, 13:17:16.404, 199477513198, QTAgent32.exe, &lt;a class=success&gt;Playback - {70} [SUCCESS] Uncheck - "[MSAA, VisibleOnly]ControlType='CheckBox' &amp;&amp; Name='Add Activity'"
\0&lt;/a&gt;
W, 3800, 24, 2012/11/01, 13:17:19.461, 199521463111, QTAgent32.exe, &lt;a class=success&gt;Playback - {71} [SUCCESS] MouseButtonClick - "[MSAA, VisibleOnly]ControlType='Button' &amp;&amp; Name='Ok'"
\0&lt;/a&gt;
W, 3800, 24, 2012/11/01, 13:17:19.898, 199527662258, QTAgent32.exe, &lt;a class=success&gt;Playback - {72} [SUCCESS] MouseButtonClick - "[MSAA, VisibleOnly]ControlType='Button' &amp;&amp; Name='Ok'"
\0&lt;/a&gt;
W, 3800, 24, 2012/11/01, 13:17:29.680, 199667595743, QTAgent32.exe, PERF WARNING: FindTopLevelWindowHelper::FindAllDescendents: took 9547 ms. Expected it to take maximum 500 ms.
W, 3800, 24, 2012/11/01, 13:17:31.973, 199700422772, QTAgent32.exe, &lt;a class=success&gt;Playback - {73} [SUCCESS] MouseButtonClick - "[MSAA, VisibleOnly]ControlType='Button' &amp;&amp; Name='OK'"
\0&lt;/a&gt;
W, 3800, 24, 2012/11/01, 13:17:32.425, 199706943008, QTAgent32.exe, &lt;a class=success&gt;Playback - {74} [SUCCESS] MouseButtonClick - "[MSAA, VisibleOnly]ControlType='Button' &amp;&amp; Name='Cancel'"
\0&lt;/a&gt;
W, 3800, 24, 2012/11/01, 13:17:32.940, 199714474824, QTAgent32.exe, &lt;a class=success&gt;Playback - {75} [SUCCESS] MouseButtonClick - "[MSAA, VisibleOnly]ControlType='Button'"
\0&lt;/a&gt;
W, 3800, 24, 2012/11/01, 13:17:33.518, 199722583758, QTAgent32.exe, &lt;a class=success&gt;Playback - {76} [SUCCESS] MouseButtonClick - "[MSAA, VisibleOnly]ControlType='Button' &amp;&amp; Name='Detail'"
\0&lt;/a&gt;
W, 3800, 24, 2012/11/01, 13:17:34.001, 199729515891, QTAgent32.exe, &lt;a class=success&gt;Playback - {77} [SUCCESS] MouseButtonClick - "[MSAA, VisibleOnly]ControlType='Button' &amp;&amp; Name='Cancel'"
\0&lt;/a&gt;
W, 3800, 24, 2012/11/01, 13:17:34.438, 199735781330, QTAgent32.exe, &lt;a class=success&gt;Playback - {78} [SUCCESS] MouseButtonClick - "[MSAA, VisibleOnly]ControlType='Button' &amp;&amp; Name='Options'"
\0&lt;/a&gt;
W, 3800, 24, 2012/11/01, 13:17:34.547, 199737284072, QTAgent32.exe, FindScreenElementInSinglePass : Attempting to find control in one pass of search. Failures can occur.
W, 3800, 24, 2012/11/01, 13:17:34.547, 199737387661, QTAgent32.exe, Playback - [WARNING] Internal failure: Method GetBoundingRectangle failed (HRESULT = 0x1, "Incorrect function.") for Name = "Quote Select List" ," ControlType = "MenuItem"
\0
W, 3800, 24, 2012/11/01, 13:17:34.547, 199737388920, QTAgent32.exe, Playback - [WARNING] Internal failure: Couldn't get clickable point for ScreenUIElement - GetClickablePoint failed
\0
W, 3800, 24, 2012/11/01, 13:17:34.547, 199737391519, QTAgent32.exe, FindScreenElementInSinglePass : Attempting to find control in one pass of search. Failures can occur.
W, 3800, 24, 2012/11/01, 13:17:34.547, 199737419754, QTAgent32.exe, FindScreenElementInSinglePass : Attempting to find control in one pass of search. Failures can occur.
W, 3800, 24, 2012/11/01, 13:17:34.875, 199741970890, QTAgent32.exe, &lt;a class=success&gt;Playback - {79} [SUCCESS] LeftButtonClick - "[MSAA, VisibleOnly]ControlType='MenuBar' &amp;&amp; Name='Application'"  &lt; Mouse cursor location (960, 31) &gt;
\0&lt;/a&gt;
W, 3800, 24, 2012/11/01, 13:17:34.984, 199743535129, QTAgent32.exe, &lt;a class=success&gt;Playback - {80} [SUCCESS] LeftButtonClick - "[MSAA]ControlType='MenuItem' &amp;&amp; Name='Options'"  &lt; Mouse cursor location (94, 31) &gt;
\0&lt;/a&gt;
W, 3800, 24, 2012/11/01, 13:17:35.156, 199745990302, QTAgent32.exe, &lt;a class=success&gt;Playback - {81} [SUCCESS] LeftButtonClick - "[MSAA]ControlType='MenuItem' &amp;&amp; Name='Links'"  &lt; Mouse cursor location (174, 319) &gt;
\0&lt;/a&gt;
W, 3800, 24, 2012/11/01, 13:17:35.327, 199748446557, QTAgent32.exe, &lt;a class=success&gt;Playback - {82} [SUCCESS] LeftButtonClick - "[MSAA]ControlType='MenuItem' &amp;&amp; Name='3rd Party Integration'"  &lt; Mouse cursor location (375, 319) &gt;
\0&lt;/a&gt;
W, 3800, 24, 2012/11/01, 13:17:35.499, 199750929125, QTAgent32.exe, &lt;a class=success&gt;Playback - {83} [SUCCESS] MouseButtonClick - "[MSAA]ControlType='MenuItem' &amp;&amp; Name='Quote Select List'"
\0&lt;/a&gt;
W, 3800, 24, 2012/11/01, 13:17:37.402, 199778153170, QTAgent32.exe, PERF WARNING: FindTopLevelWindowHelper::FindAllDescendents: took 1790 ms. Expected it to take maximum 500 ms.
W, 3800, 24, 2012/11/01, 13:17:39.134, 199803080734, QTAgent32.exe, &lt;a class=success&gt;Playback - {84} [SUCCESS] MouseButtonClick - "[MSAA, VisibleOnly]ControlType='Button' &amp;&amp; Name='Ok'"
\0&lt;/a&gt;
W, 3800, 24, 2012/11/01, 13:17:40.709, 199825532694, QTAgent32.exe, PERF WARNING: FindTopLevelWindowHelper::FindAllDescendents: took 1459 ms. Expected it to take maximum 500 ms.
W, 3800, 24, 2012/11/01, 13:17:41.146, 199831944596, QTAgent32.exe, &lt;a class=success&gt;Playback - {85} [SUCCESS] MouseButtonClick - "[MSAA, VisibleOnly]ControlType='Button' &amp;&amp; Name='MTA...'"
\0&lt;/a&gt;
W, 3800, 24, 2012/11/01, 13:17:41.770, 199840862753, QTAgent32.exe, Playback - [WARNING] Internal warning: Incorrect flag set for InvokeProgrammaticAction\0
W, 3800, 24, 2012/11/01, 13:17:42.098, 199845401033, QTAgent32.exe, &lt;a class=success&gt;Playback - {86} [SUCCESS] SetValueAsComboBox "Cancel Cover" - "[MSAA, VisibleOnly]ControlType='ComboBox'"  &lt; SetValueAsComboBox, set by clicking on the item in the list box &gt;
\0&lt;/a&gt;
W, 3800, 24, 2012/11/01, 13:17:42.550, 199851904620, QTAgent32.exe, &lt;a class=success&gt;Playback - {87} [SUCCESS] MouseButtonClick - "[MSAA, VisibleOnly]ControlType='Button' &amp;&amp; Name='OK'"
\0&lt;/a&gt;
W, 3800, 24, 2012/11/01, 13:17:43.096, 199859722138, QTAgent32.exe, &lt;a class=success&gt;Playback - {88} [SUCCESS] MouseButtonClick - "[MSAA, VisibleOnly]ControlType='Button' &amp;&amp; Name='Calculate Quote'"
\0&lt;/a&gt;
W, 3800, 24, 2012/11/01, 13:17:43.346, 199863256281, QTAgent32.exe, &lt;a class=success&gt;Playback - {89} [SUCCESS] SendKeys "^{HOME}" - "[MSAA, VisibleOnly]ControlType='Edit'"
\0&lt;/a&gt;
E, 3800, 24, 2012/11/01, 13:17:43.346, 199863259337, QTAgent32.exe, Msaa.GetFocusedElement: could not find accessible object of foreground window
W, 3800, 24, 2012/11/01, 13:17:43.424, 199864372694, QTAgent32.exe, &lt;a class=success&gt;Playback - {90} [SUCCESS] SendKeys "^+{END}" - "[MSAA, VisibleOnly]ControlType='Edit'"
\0&lt;/a&gt;
E, 3800, 24, 2012/11/01, 13:17:43.424, 199864375653, QTAgent32.exe, Msaa.GetFocusedElement: could not find accessible object of foreground window
W, 3800, 24, 2012/11/01, 13:17:43.439, 199864597187, QTAgent32.exe, &lt;a class=success&gt;Playback - {91} [SUCCESS] SendKeys "{DELETE}" - "[MSAA, VisibleOnly]ControlType='Edit'"
\0&lt;/a&gt;
W, 3800, 24, 2012/11/01, 13:17:43.767, 199869294588, QTAgent32.exe, &lt;a class=success&gt;Playback - {92} [SUCCESS] SetValueAsEditBox "02/11/12" - "[MSAA, VisibleOnly]ControlType='Edit'"  &lt; Set via SendKeys &gt;
\0&lt;/a&gt;
W, 3800, 24, 2012/11/01, 13:17:44.095, 199873977421, QTAgent32.exe, &lt;a class=success&gt;Playback - {93} [SUCCESS] MouseButtonClick - "[MSAA, VisibleOnly]ControlType='Button' &amp;&amp; Name='OK'"
\0&lt;/a&gt;
W, 3800, 24, 2012/11/01, 13:17:44.688, 199882666908, QTAgent32.exe, &lt;a class=success&gt;Playback - {94} [SUCCESS] MouseButtonClick - "[MSAA, VisibleOnly]ControlType='Button' &amp;&amp; Name='No'"
\0&lt;/a&gt;
W, 3800, 24, 2012/11/01, 13:17:48.790, 199941223129, QTAgent32.exe, PERF WARNING: FindTopLevelWindowHelper::FindAllDescendents: took 3994 ms. Expected it to take maximum 500 ms.
W, 3800, 24, 2012/11/01, 13:17:49.118, 199945902711, QTAgent32.exe, &lt;a class=success&gt;Playback - {95} [SUCCESS] MouseButtonClick - "[MSAA, VisibleOnly]ControlType='Client'"
\0&lt;/a&gt;
W, 3800, 24, 2012/11/01, 13:17:49.399, 199950009779, QTAgent32.exe, &lt;a class=success&gt;Playback - {96} [SUCCESS] SendKeys "{Home}" - "[MSAA, VisibleOnly]ControlType='Client'"
\0&lt;/a&gt;
W, 3800, 24, 2012/11/01, 13:17:49.883, 199956852706, QTAgent32.exe, &lt;a class=success&gt;Playback - {97} [SUCCESS] MouseButtonClick - "[MSAA, VisibleOnly]ControlType='Button' &amp;&amp; Name='Accept'"
\0&lt;/a&gt;
W, 3800, 24, 2012/11/01, 13:17:50.616, 199967364390, QTAgent32.exe, &lt;a class=success&gt;Playback - {98} [SUCCESS] MouseButtonClick - "[MSAA, VisibleOnly]ControlType='Button' &amp;&amp; Name='Yes'"
\0&lt;/a&gt;
W, 3800, 24, 2012/11/01, 13:17:51.084, 199974098277, QTAgent32.exe, &lt;a class=success&gt;Playback - {99} [SUCCESS] MouseButtonClick - "[MSAA, VisibleOnly]ControlType='Button' &amp;&amp; Name='Ok'"
\0&lt;/a&gt;
W, 3800, 24, 2012/11/01, 13:18:00.741, 200112331326, QTAgent32.exe, PERF WARNING: FindTopLevelWindowHelper::FindAllDescendents: took 9548 ms. Expected it to take maximum 500 ms.
W, 3800, 24, 2012/11/01, 13:18:02.379, 200135773466, QTAgent32.exe, &lt;a class=success&gt;Playback - {100} [SUCCESS] MouseButtonClick - "[MSAA, VisibleOnly]ControlType='Button' &amp;&amp; Name='OK'"
\0&lt;/a&gt;
W, 3800, 24, 2012/11/01, 13:18:02.488, 200137325730, QTAgent32.exe, Playback - [WARNING] Internal warning: Thread state based WFR - Requested element has invalid HWND
\0
W, 3800, 24, 2012/11/01, 13:18:02.488, 200137327684, QTAgent32.exe, Playback - [WARNING] Internal warning: process performance counters based WFR - Requested element has invalid HWND
\0
E, 3800, 24, 2012/11/01, 13:18:02.488, 200137330837, QTAgent32.exe, EnsureValid called via EnsureValid call for same element
E, 3800, 24, 2012/11/01, 13:18:02.488, 200137334702, QTAgent32.exe, GetClassName for handle 2950544 failed
E, 3800, 24, 2012/11/01, 13:18:02.488, 200137337155, QTAgent32.exe, EnsureValid called via EnsureValid call for same element
E, 3800, 24, 2012/11/01, 13:18:02.488, 200137338731, QTAgent32.exe, EnsureValid called via EnsureValid call for same element
E, 3800, 24, 2012/11/01, 13:18:02.488, 200137355703, QTAgent32.exe, Window 2950544 not responding. Last Win32 error 0
E, 3800, 24, 2012/11/01, 13:18:02.488, 200137357938, QTAgent32.exe, GetClassName for handle 2950544 failed
E, 3800, 24, 2012/11/01, 13:18:02.488, 200137358782, QTAgent32.exe, GetClassName for handle 2950544 failed
W, 3800, 24, 2012/11/01, 13:18:02.815, 200142020163, QTAgent32.exe, &lt;a class=success&gt;Playback - {101} [SUCCESS] Check - "[MSAA, VisibleOnly]ControlType='CheckBox' &amp;&amp; Name='Defer Printing?'"
\0&lt;/a&gt;
W, 3800, 24, 2012/11/01, 13:18:03.502, 200151911161, QTAgent32.exe, &lt;a class=success&gt;Playback - {102} [SUCCESS] MouseButtonClick - "[MSAA, VisibleOnly]ControlType='Button' &amp;&amp; Name='Ok'"
\0&lt;/a&gt;
W, 3800, 24, 2012/11/01, 13:18:03.611, 200153408309, QTAgent32.exe, Playback - [WARNING] Internal warning: Thread state based WFR - Requested element has invalid HWND
\0
W, 3800, 24, 2012/11/01, 13:18:03.611, 200153409984, QTAgent32.exe, Playback - [WARNING] Internal warning: process performance counters based WFR - Requested element has invalid HWND
\0
E, 3800, 24, 2012/11/01, 13:18:03.611, 200153413133, QTAgent32.exe, EnsureValid called via EnsureValid call for same element
E, 3800, 24, 2012/11/01, 13:18:03.611, 200153416657, QTAgent32.exe, GetClassName for handle 3212150 failed
E, 3800, 24, 2012/11/01, 13:18:03.611, 200153419002, QTAgent32.exe, EnsureValid called via EnsureValid call for same element
E, 3800, 24, 2012/11/01, 13:18:03.611, 200153420502, QTAgent32.exe, EnsureValid called via EnsureValid call for same element
E, 3800, 24, 2012/11/01, 13:18:03.611, 200153437169, QTAgent32.exe, Window 3212150 not responding. Last Win32 error 0
E, 3800, 24, 2012/11/01, 13:18:03.611, 200153439335, QTAgent32.exe, GetClassName for handle 3212150 failed
E, 3800, 24, 2012/11/01, 13:18:03.611, 200153440137, QTAgent32.exe, GetClassName for handle 3212150 failed
W, 3800, 24, 2012/11/01, 13:18:04.937, 200172416633, QTAgent32.exe, PERF WARNING: FindTopLevelWindowHelper::FindAllDescendents: took 1325 ms. Expected it to take maximum 500 ms.
W, 3800, 24, 2012/11/01, 13:18:05.280, 200177311296, QTAgent32.exe, &lt;a class=success&gt;Playback - {103} [SUCCESS] Uncheck - "[MSAA, VisibleOnly]ControlType='CheckBox' &amp;&amp; Name='Add Activity'"
\0&lt;/a&gt;
W, 3800, 24, 2012/11/01, 13:18:05.842, 200185414751, QTAgent32.exe, &lt;a class=success&gt;Playback - {104} [SUCCESS] MouseButtonClick - "[MSAA, VisibleOnly]ControlType='Button' &amp;&amp; Name='Ok'"
\0&lt;/a&gt;
W, 3800, 24, 2012/11/01, 13:18:14.344, 200307093232, QTAgent32.exe, PERF WARNING: FindTopLevelWindowHelper::FindAllDescendents: took 8258 ms. Expected it to take maximum 500 ms.
W, 3800, 24, 2012/11/01, 13:18:16.700, 200340806857, QTAgent32.exe, &lt;a class=success&gt;Playback - {105} [SUCCESS] MouseButtonClick - "[MSAA, VisibleOnly]ControlType='Button' &amp;&amp; Name='OK'"
\0&lt;/a&gt;
W, 3800, 24, 2012/11/01, 13:18:17.152, 200347315360, QTAgent32.exe, &lt;a class=success&gt;Playback - {106} [SUCCESS] MouseButtonClick - "[MSAA, VisibleOnly]ControlType='Button' &amp;&amp; Name='Cancel'"
\0&lt;/a&gt;
W, 3800, 24, 2012/11/01, 13:18:17.667, 200354867880, QTAgent32.exe, &lt;a class=success&gt;Playback - {107} [SUCCESS] MouseButtonClick - "[MSAA, VisibleOnly]ControlType='Button'"
\0&lt;/a&gt;
W, 3800, 24, 2012/11/01, 13:18:18.244, 200362937051, QTAgent32.exe, &lt;a class=success&gt;Playback - {108} [SUCCESS] MouseButtonClick - "[MSAA, VisibleOnly]ControlType='Button' &amp;&amp; Name='Detail'"
\0&lt;/a&gt;
W, 3800, 24, 2012/11/01, 13:18:18.744, 200370139475, QTAgent32.exe, &lt;a class=success&gt;Playback - {109} [SUCCESS] MouseButtonClick - "[MSAA, VisibleOnly]ControlType='Button' &amp;&amp; Name='Cancel'"
\0&lt;/a&gt;
E, 3800, 24, 2012/11/01, 13:18:18.853, 200371644448, QTAgent32.exe, GetClassName for handle 3081764 failed
W, 3800, 24, 2012/11/01, 13:18:19.196, 200376588877, QTAgent32.exe, &lt;a class=success&gt;Playback - {110} [SUCCESS] MouseButtonClick - "[MSAA, VisibleOnly]ControlType='Button' &amp;&amp; Name='Cancel'"
\0&lt;/a&gt;
W, 3800, 24, 2012/11/01, 13:18:19.633, 200382806340, QTAgent32.exe, &lt;a class=success&gt;Playback - {111} [SUCCESS] MouseButtonClick - "[MSAA, VisibleOnly]ControlType='Button' &amp;&amp; Name='Cancel'"
\0&lt;/a&gt;
W, 3800, 24, 2012/11/01, 13:18:20.070, 200389154177, QTAgent32.exe, &lt;a class=success&gt;Playback - {112} [SUCCESS] MouseButtonClick - "[MSAA, VisibleOnly]ControlType='Button' &amp;&amp; Name='Close'"
\0&lt;/a&gt;
W, 3800, 24, 2012/11/01, 13:18:24.547, 200453189173, QTAgent32.exe, IEDOM : StopSession of the plugin called before StartSession
W, 3800, 24, 2012/11/01, 13:18:24.547, 200453190398, QTAgent32.exe, UIA : StopSession of the plugin called before StartSession
W, 3800, 24, 2012/11/01, 13:18:24.547, 200453191111, QTAgent32.exe, SLPlugin : StopSession of the plugin called before StartSession
</DebugTrace>
      </Output>
    </UnitTestResult>
    <UnitTestResult executionId="e61ac904-5cf6-4b1a-80c3-bb168138c172" testId="6a41f98c-60c7-3333-a5a3-d5d87b5c35c7" testName="MotoTest2" computerName="ICLVDEVAP01" duration="00:03:24.0139887" startTime="2012-11-01T13:18:24.5475634+00:00" endTime="2012-11-01T13:21:48.5667115+00:00" testType="13cdc9d9-ddb5-4fa4-a97d-d965ccfc6d4b" outcome="Failed" testListId="8c84fa94-04c1-424b-9868-57a2d4851a1d" relativeResultsDirectory="e61ac904-5cf6-4b1a-80c3-bb168138c172">
      <Output>
        <DebugTrace>W, 3800, 14, 2012/11/01, 13:18:24.563, 200453457763, QTAgent32.exe, ExtensionFramework : A Technology Manager with name Web is already registered.
W, 3800, 14, 2012/11/01, 13:18:25.405, 200465448409, QTAgent32.exe, &lt;a class=success&gt;Playback - {1} [SUCCESS] MouseButtonClick - "[MSAA, VisibleOnly]ControlType='Edit'"
\0&lt;/a&gt;
W, 3800, 14, 2012/11/01, 13:18:25.670, 200469243626, QTAgent32.exe, &lt;a class=success&gt;Playback - {2} [SUCCESS] SendKeys "[*]" - "[MSAA, VisibleOnly]ControlType='Edit'"
\0&lt;/a&gt;
W, 3800, 14, 2012/11/01, 13:18:26.560, 200482093296, QTAgent32.exe, &lt;a class=success&gt;Playback - {3} [SUCCESS] MouseButtonClick - "[MSAA, VisibleOnly]ControlType='Button' &amp;&amp; Name='OK'"
\0&lt;/a&gt;
W, 3800, 14, 2012/11/01, 13:18:27.230, 200491642731, QTAgent32.exe, &lt;a class=success&gt;Playback - {4} [SUCCESS] MouseButtonClick - "[MSAA, VisibleOnly]ControlType='Button' &amp;&amp; Name='OK'"
\0&lt;/a&gt;
W, 3800, 14, 2012/11/01, 13:18:27.683, 200498274423, QTAgent32.exe, &lt;a class=success&gt;Playback - {5} [SUCCESS] MouseButtonClick - "[MSAA, VisibleOnly]ControlType='Button' &amp;&amp; Name='Clients &amp; Files'"
\0&lt;/a&gt;
W, 3800, 14, 2012/11/01, 13:18:28.120, 200504316968, QTAgent32.exe, &lt;a class=success&gt;Playback - {6} [SUCCESS] MouseButtonClick - "[MSAA, VisibleOnly]ControlType='Button' &amp;&amp; Name='Clients &amp; Files'"
\0&lt;/a&gt;
W, 3800, 14, 2012/11/01, 13:18:28.510, 200509996628, QTAgent32.exe, Playback - [WARNING] Internal warning: Window Not Found: [VisibleOnly]ControlType='Window' &amp;&amp; Name='Customer: txt1 tdsfs' &amp;&amp; ClassName='ThunderRT6MDIForm'
\0
E, 3800, 14, 2012/11/01, 13:18:28.510, 200509999391, QTAgent32.exe, &lt;a class=failure&gt;Playback - {7} [FAILED] Function ElementFetcher::FindScreenElement failed to locate UI element (Searching: ;[VisibleOnly]ControlType='Window' &amp;&amp; Name='Customer: txt1 tdsfs' &amp;&amp; ClassName='ThunderRT6MDIForm') (The object specified was not found.)
\0&lt;/a&gt;
E, 3800, 14, 2012/11/01, 13:18:28.603, 200511444158, QTAgent32.exe, Playback - [IMAGE] C:\Users\peter.zenin-ad\AppData\Local\Temp\UITestLogs\LastRun\RPFAD3C.png
\0
W, 3800, 14, 2012/11/01, 13:18:28.603, 200511446329, QTAgent32.exe, Playback - [WARNING] Internal warning: Couldn't find descendants that match QueryId
\0
W, 3800, 14, 2012/11/01, 13:18:46.700, 200770435630, QTAgent32.exe, Playback - [WARNING] Internal warning: Window Not Found: [VisibleOnly]ControlType='Window' &amp;&amp; Name='Customer: txt1 tdsfs' &amp;&amp; ClassName='ThunderRT6MDIForm'
\0
E, 3800, 14, 2012/11/01, 13:18:46.700, 200770438421, QTAgent32.exe, &lt;a class=failure&gt;Playback - {8} [FAILED] Function ElementFetcher::FindScreenElement failed to locate UI element (Searching: ;[VisibleOnly]ControlType='Window' &amp;&amp; Name='Customer: txt1 tdsfs' &amp;&amp; ClassName='ThunderRT6MDIForm') (The object specified was not found.)
\0&lt;/a&gt;
E, 3800, 14, 2012/11/01, 13:18:46.809, 200771966789, QTAgent32.exe, Playback - [IMAGE] C:\Users\peter.zenin-ad\AppData\Local\Temp\UITestLogs\LastRun\RPFF44B.png
\0
W, 3800, 14, 2012/11/01, 13:18:46.809, 200771969053, QTAgent32.exe, Playback - [WARNING] Internal warning: Couldn't find descendants that match QueryId
\0
W, 3800, 14, 2012/11/01, 13:18:46.809, 200771972022, QTAgent32.exe, PERF WARNING: FindTopLevelWindowHelper::FindAllDescendents: took 18195 ms. Expected it to take maximum 500 ms.
W, 3800, 14, 2012/11/01, 13:18:47.308, 200779118460, QTAgent32.exe, Playback - [WARNING] Internal warning: Window with Class "ThunderRT6MDIForm" and Title "Customer: txt1 tdsfs" was not found, so similar window with Class "ThunderRT6MDIForm" and Title "Customer: autotest" was accepted
\0
W, 3800, 14, 2012/11/01, 13:18:48.868, 200801508200, QTAgent32.exe, Playback - [WARNING] Internal warning: Incorrect flag set for InvokeProgrammaticAction\0
W, 3800, 14, 2012/11/01, 13:18:49.196, 200806096749, QTAgent32.exe, &lt;a class=success&gt;Playback - {9} [SUCCESS] SetValueAsComboBox "Customers" - "[MSAA, VisibleOnly]ControlType='ComboBox'"  &lt; SetValueAsComboBox, set by clicking on the item in the list box &gt;
\0&lt;/a&gt;
W, 3800, 14, 2012/11/01, 13:18:49.851, 200815604747, QTAgent32.exe, &lt;a class=success&gt;Playback - {10} [SUCCESS] MouseButtonClick - "[MSAA, VisibleOnly]ControlType='Button' &amp;&amp; Name='Add'"
\0&lt;/a&gt;
W, 3800, 14, 2012/11/01, 13:18:50.257, 200821266034, QTAgent32.exe, &lt;a class=success&gt;Playback - {11} [SUCCESS] SendKeys "autotest" - "[MSAA, VisibleOnly]ControlType='RadioButton' &amp;&amp; Name='Personal Lines'"
\0&lt;/a&gt;
W, 3800, 14, 2012/11/01, 13:18:50.740, 200828192306, QTAgent32.exe, &lt;a class=success&gt;Playback - {12} [SUCCESS] SetValueAsEditBox "autotest" - "[MSAA, VisibleOnly]ControlType='Edit'"  &lt; Set via SendKeys &gt;
\0&lt;/a&gt;
W, 3800, 14, 2012/11/01, 13:18:51.240, 200835345837, QTAgent32.exe, &lt;a class=success&gt;Playback - {13} [SUCCESS] MouseButtonClick - "[MSAA, VisibleOnly]ControlType='Button' &amp;&amp; Name='OK'"
\0&lt;/a&gt;
W, 3800, 14, 2012/11/01, 13:18:51.817, 200843609286, QTAgent32.exe, &lt;a class=success&gt;Playback - {14} [SUCCESS] MouseButtonClick - "[MSAA, VisibleOnly]ControlType='Button' &amp;&amp; Name='Yes'"
\0&lt;/a&gt;
W, 3800, 14, 2012/11/01, 13:18:52.067, 200847174475, QTAgent32.exe, &lt;a class=success&gt;Playback - {15} [SUCCESS] SendKeys "^{HOME}" - "[MSAA, VisibleOnly]ControlType='Edit'"
\0&lt;/a&gt;
E, 3800, 14, 2012/11/01, 13:18:52.067, 200847177096, QTAgent32.exe, Msaa.GetFocusedElement: could not find accessible object of foreground window
W, 3800, 14, 2012/11/01, 13:18:52.160, 200848514833, QTAgent32.exe, &lt;a class=success&gt;Playback - {16} [SUCCESS] SendKeys "^+{END}" - "[MSAA, VisibleOnly]ControlType='Edit'"
\0&lt;/a&gt;
E, 3800, 14, 2012/11/01, 13:18:52.160, 200848516959, QTAgent32.exe, Msaa.GetFocusedElement: could not find accessible object of foreground window
W, 3800, 14, 2012/11/01, 13:18:52.176, 200848738684, QTAgent32.exe, &lt;a class=success&gt;Playback - {17} [SUCCESS] SendKeys "{DELETE}" - "[MSAA, VisibleOnly]ControlType='Edit'"
\0&lt;/a&gt;
W, 3800, 14, 2012/11/01, 13:18:52.254, 200849858447, QTAgent32.exe, &lt;a class=success&gt;Playback - {18} [SUCCESS] SetValueAsEditBox "1" - "[MSAA, VisibleOnly]ControlType='Edit'"  &lt; Set via SendKeys &gt;
\0&lt;/a&gt;
W, 3800, 14, 2012/11/01, 13:18:52.488, 200853205824, QTAgent32.exe, &lt;a class=success&gt;Playback - {19} [SUCCESS] SendKeys "^{HOME}" - "[MSAA, VisibleOnly]ControlType='Edit'"
\0&lt;/a&gt;
E, 3800, 14, 2012/11/01, 13:18:52.488, 200853208359, QTAgent32.exe, Msaa.GetFocusedElement: could not find accessible object of foreground window
W, 3800, 14, 2012/11/01, 13:18:52.566, 200854322047, QTAgent32.exe, &lt;a class=success&gt;Playback - {20} [SUCCESS] SendKeys "^+{END}" - "[MSAA, VisibleOnly]ControlType='Edit'"
\0&lt;/a&gt;
E, 3800, 14, 2012/11/01, 13:18:52.566, 200854324393, QTAgent32.exe, Msaa.GetFocusedElement: could not find accessible object of foreground window
W, 3800, 14, 2012/11/01, 13:18:52.581, 200854545582, QTAgent32.exe, &lt;a class=success&gt;Playback - {21} [SUCCESS] SendKeys "{DELETE}" - "[MSAA, VisibleOnly]ControlType='Edit'"
\0&lt;/a&gt;
W, 3800, 14, 2012/11/01, 13:18:52.659, 200855666689, QTAgent32.exe, &lt;a class=success&gt;Playback - {22} [SUCCESS] SetValueAsEditBox "1" - "[MSAA, VisibleOnly]ControlType='Edit'"  &lt; Set via SendKeys &gt;
\0&lt;/a&gt;
W, 3800, 14, 2012/11/01, 13:18:53.174, 200863116636, QTAgent32.exe, &lt;a class=success&gt;Playback - {23} [SUCCESS] MouseButtonClick - "[MSAA, VisibleOnly]ControlType='Button' &amp;&amp; Name='OK'"
\0&lt;/a&gt;
W, 3800, 14, 2012/11/01, 13:18:53.689, 200870503090, QTAgent32.exe, &lt;a class=success&gt;Playback - {24} [SUCCESS] MouseButtonClick - "[MSAA, VisibleOnly]ControlType='Button'"
\0&lt;/a&gt;
W, 3800, 14, 2012/11/01, 13:18:54.204, 200877825559, QTAgent32.exe, &lt;a class=success&gt;Playback - {25} [SUCCESS] MouseButtonClick - "[MSAA, VisibleOnly]ControlType='Button' &amp;&amp; Name='Add'"
\0&lt;/a&gt;
W, 3800, 14, 2012/11/01, 13:18:54.719, 200885248140, QTAgent32.exe, &lt;a class=success&gt;Playback - {26} [SUCCESS] MouseButtonClick - "[MSAA, VisibleOnly]ControlType='Button' &amp;&amp; Name='OK'"
\0&lt;/a&gt;
W, 3800, 14, 2012/11/01, 13:18:57.199, 200920661352, QTAgent32.exe, &lt;a class=success&gt;Playback - {27} [SUCCESS] MouseButtonClick - "[MSAA, VisibleOnly,Window]ControlType='Window' &amp;&amp; ClassName='ThunderRT6TextBox'"
\0&lt;/a&gt;
W, 3800, 14, 2012/11/01, 13:18:57.542, 200925580629, QTAgent32.exe, &lt;a class=success&gt;Playback - {28} [SUCCESS] SetValueAsEditBox "MOTO" - "[MSAA, VisibleOnly]ControlType='Edit'"  &lt; Set via SendKeys &gt;
\0&lt;/a&gt;
W, 3800, 14, 2012/11/01, 13:18:58.073, 200933232121, QTAgent32.exe, &lt;a class=success&gt;Playback - {29} [SUCCESS] MouseButtonClick - "[MSAA, VisibleOnly]ControlType='Button' &amp;&amp; Name='OK'"
\0&lt;/a&gt;
W, 3800, 14, 2012/11/01, 13:18:58.510, 200939489773, QTAgent32.exe, &lt;a class=success&gt;Playback - {30} [SUCCESS] MouseButtonClick - "[MSAA, VisibleOnly]ControlType='Button' &amp;&amp; Name='Options'"
\0&lt;/a&gt;
W, 3800, 14, 2012/11/01, 13:18:58.619, 200940991317, QTAgent32.exe, FindScreenElementInSinglePass : Attempting to find control in one pass of search. Failures can occur.
W, 3800, 14, 2012/11/01, 13:18:58.790, 200943444800, QTAgent32.exe, &lt;a class=success&gt;Playback - {31} [SUCCESS] MouseButtonClick - "[MSAA]ControlType='MenuItem' &amp;&amp; Name='Links'"
\0&lt;/a&gt;
W, 3800, 14, 2012/11/01, 13:18:58.900, 200945012154, QTAgent32.exe, FindScreenElementInSinglePass : Attempting to find control in one pass of search. Failures can occur.
W, 3800, 14, 2012/11/01, 13:18:59.102, 200947910813, QTAgent32.exe, &lt;a class=success&gt;Playback - {32} [SUCCESS] MouseButtonClick - "[MSAA]ControlType='MenuItem' &amp;&amp; Name='3rd Party Integration'"
\0&lt;/a&gt;
W, 3800, 14, 2012/11/01, 13:18:59.212, 200949479543, QTAgent32.exe, FindScreenElementInSinglePass : Attempting to find control in one pass of search. Failures can occur.
W, 3800, 14, 2012/11/01, 13:18:59.414, 200952407220, QTAgent32.exe, &lt;a class=success&gt;Playback - {33} [SUCCESS] MouseButtonClick - "[MSAA]ControlType='MenuItem' &amp;&amp; Name='Quote Select List'"
\0&lt;/a&gt;
W, 3800, 14, 2012/11/01, 13:19:01.318, 200979641311, QTAgent32.exe, PERF WARNING: FindTopLevelWindowHelper::FindAllDescendents: took 1770 ms. Expected it to take maximum 500 ms.
W, 3800, 14, 2012/11/01, 13:19:03.034, 201004294120, QTAgent32.exe, &lt;a class=success&gt;Playback - {34} [SUCCESS] MouseButtonClick - "[MSAA, VisibleOnly]ControlType='Button' &amp;&amp; Name='Ok'"
\0&lt;/a&gt;
W, 3800, 14, 2012/11/01, 13:19:04.453, 201024552584, QTAgent32.exe, PERF WARNING: FindTopLevelWindowHelper::FindAllDescendents: took 1312 ms. Expected it to take maximum 500 ms.
W, 3800, 14, 2012/11/01, 13:19:04.843, 201030256881, QTAgent32.exe, &lt;a class=success&gt;Playback - {35} [SUCCESS] MouseButtonClick - "[MSAA, VisibleOnly]ControlType='Button' &amp;&amp; Name='Ok'"
\0&lt;/a&gt;
W, 3800, 14, 2012/11/01, 13:19:05.202, 201035250732, QTAgent32.exe, &lt;a class=success&gt;Playback - {36} [SUCCESS] SetValueAsEditBox "Test" - "[MSAA, VisibleOnly]ControlType='Edit'"  &lt; Set via SendKeys &gt;
\0&lt;/a&gt;
W, 3800, 14, 2012/11/01, 13:19:05.405, 201038151081, QTAgent32.exe, &lt;a class=success&gt;Playback - {37} [SUCCESS] SendKeys "{Tab}" - "[MSAA, VisibleOnly]ControlType='Edit'"
\0&lt;/a&gt;
W, 3800, 14, 2012/11/01, 13:19:05.764, 201043292580, QTAgent32.exe, &lt;a class=success&gt;Playback - {38} [SUCCESS] SetValueAsEditBox "test" - "[MSAA, VisibleOnly]ControlType='Edit'"  &lt; Set via SendKeys &gt;
\0&lt;/a&gt;
W, 3800, 14, 2012/11/01, 13:19:06.185, 201049322499, QTAgent32.exe, &lt;a class=success&gt;Playback - {39} [SUCCESS] SetValueAsEditBox "160485" - "[MSAA, VisibleOnly]ControlType='Edit'"  &lt; Set via SendKeys &gt;
\0&lt;/a&gt;
W, 3800, 14, 2012/11/01, 13:19:06.591, 201055130753, QTAgent32.exe, &lt;a class=success&gt;Playback - {40} [SUCCESS] SetValueAsEditBox "B338TH" - "[MSAA, VisibleOnly]ControlType='Edit'"  &lt; Set via SendKeys &gt;
\0&lt;/a&gt;
W, 3800, 14, 2012/11/01, 13:19:09.056, 201090418313, QTAgent32.exe, &lt;a class=success&gt;Playback - {41} [SUCCESS] MouseButtonClick - "[MSAA, VisibleOnly]ControlType='Button' &amp;&amp; Name='Lookup...'"
\0&lt;/a&gt;
W, 3800, 14, 2012/11/01, 13:19:09.508, 201097037573, QTAgent32.exe, &lt;a class=success&gt;Playback - {42} [SUCCESS] MouseButtonClick - "[MSAA, VisibleOnly]ControlType='Button' &amp;&amp; Name='Ok'"
\0&lt;/a&gt;
W, 3800, 14, 2012/11/01, 13:19:11.708, 201128565426, QTAgent32.exe, &lt;a class=success&gt;Playback - {43} [SUCCESS] MouseButtonClick - "[MSAA, VisibleOnly]ControlType='Button' &amp;&amp; Name='OK'"
\0&lt;/a&gt;
W, 3800, 14, 2012/11/01, 13:19:12.363, 201137802740, QTAgent32.exe, Playback - [WARNING] Internal warning: Incorrect flag set for InvokeProgrammaticAction\0
W, 3800, 14, 2012/11/01, 13:19:12.691, 201142477695, QTAgent32.exe, &lt;a class=success&gt;Playback - {44} [SUCCESS] SetValueAsComboBox "Account Executive" - "[MSAA, VisibleOnly]ControlType='ComboBox'"  &lt; SetValueAsComboBox, set by clicking on the item in the list box &gt;
\0&lt;/a&gt;
W, 3800, 14, 2012/11/01, 13:19:13.330, 201151639888, QTAgent32.exe, Playback - [WARNING] Internal warning: Incorrect flag set for InvokeProgrammaticAction\0
W, 3800, 14, 2012/11/01, 13:19:13.658, 201156323365, QTAgent32.exe, &lt;a class=success&gt;Playback - {45} [SUCCESS] SetValueAsComboBox "Acupuncture" - "[MSAA, VisibleOnly]ControlType='ComboBox'"  &lt; SetValueAsComboBox, set by clicking on the item in the list box &gt;
\0&lt;/a&gt;
W, 3800, 14, 2012/11/01, 13:19:14.141, 201163238449, QTAgent32.exe, &lt;a class=success&gt;Playback - {46} [SUCCESS] SetValueAsEditBox "151101" - "[MSAA, VisibleOnly]ControlType='Edit'"  &lt; Set via SendKeys &gt;
\0&lt;/a&gt;
W, 3800, 14, 2012/11/01, 13:19:15.779, 201186836443, QTAgent32.exe, &lt;a class=success&gt;Playback - {47} [SUCCESS] MouseButtonClick - "[MSAA, VisibleOnly]ControlType='Button' &amp;&amp; Name='OK'"
\0&lt;/a&gt;
W, 3800, 14, 2012/11/01, 13:19:16.325, 201194511635, QTAgent32.exe, &lt;a class=success&gt;Playback - {48} [SUCCESS] SetValueAsEditBox "RF53OXL" - "[MSAA, VisibleOnly]ControlType='Edit'"  &lt; Set via SendKeys &gt;
\0&lt;/a&gt;
W, 3800, 14, 2012/11/01, 13:19:18.775, 201229577614, QTAgent32.exe, &lt;a class=success&gt;Playback - {49} [SUCCESS] MouseButtonClick - "[MSAA, VisibleOnly]ControlType='Button' &amp;&amp; Name='Filter'"
\0&lt;/a&gt;
W, 3800, 14, 2012/11/01, 13:19:19.586, 201241205213, QTAgent32.exe, &lt;a class=success&gt;Playback - {50} [SUCCESS] MouseButtonClick - "[MSAA, VisibleOnly]ControlType='Button' &amp;&amp; Name='OK'"
\0&lt;/a&gt;
W, 3800, 14, 2012/11/01, 13:19:20.038, 201247853409, QTAgent32.exe, &lt;a class=success&gt;Playback - {51} [SUCCESS] SendKeys "^{HOME}" - "[MSAA, VisibleOnly]ControlType='Edit'"
\0&lt;/a&gt;
E, 3800, 14, 2012/11/01, 13:19:20.038, 201247855953, QTAgent32.exe, Msaa.GetFocusedElement: could not find accessible object of foreground window
W, 3800, 14, 2012/11/01, 13:19:20.132, 201249006135, QTAgent32.exe, &lt;a class=success&gt;Playback - {52} [SUCCESS] SendKeys "^+{END}" - "[MSAA, VisibleOnly]ControlType='Edit'"
\0&lt;/a&gt;
E, 3800, 14, 2012/11/01, 13:19:20.132, 201249009384, QTAgent32.exe, Msaa.GetFocusedElement: could not find accessible object of foreground window
W, 3800, 14, 2012/11/01, 13:19:20.148, 201249229645, QTAgent32.exe, &lt;a class=success&gt;Playback - {53} [SUCCESS] SendKeys "{DELETE}" - "[MSAA, VisibleOnly]ControlType='Edit'"
\0&lt;/a&gt;
W, 3800, 14, 2012/11/01, 13:19:20.350, 201252137376, QTAgent32.exe, &lt;a class=success&gt;Playback - {54} [SUCCESS] SetValueAsEditBox "1000" - "[MSAA, VisibleOnly]ControlType='Edit'"  &lt; Set via SendKeys &gt;
\0&lt;/a&gt;
W, 3800, 14, 2012/11/01, 13:19:20.818, 201258950419, QTAgent32.exe, &lt;a class=success&gt;Playback - {55} [SUCCESS] MouseButtonClick - "[MSAA, VisibleOnly]ControlType='Button' &amp;&amp; Name='Calculate Quote'"
\0&lt;/a&gt;
W, 3800, 14, 2012/11/01, 13:19:21.271, 201265375331, QTAgent32.exe, &lt;a class=success&gt;Playback - {56} [SUCCESS] MouseButtonClick - "[MSAA, VisibleOnly]ControlType='Button' &amp;&amp; Name='Cancel'"
\0&lt;/a&gt;
W, 3800, 14, 2012/11/01, 13:19:21.739, 201272184846, QTAgent32.exe, &lt;a class=success&gt;Playback - {57} [SUCCESS] MouseButtonClick - "[MSAA, VisibleOnly]ControlType='Button' &amp;&amp; Name='No'"
\0&lt;/a&gt;
W, 3800, 14, 2012/11/01, 13:19:28.244, 201365167714, QTAgent32.exe, PERF WARNING: FindTopLevelWindowHelper::FindAllDescendents: took 6393 ms. Expected it to take maximum 500 ms.
W, 3800, 14, 2012/11/01, 13:19:28.572, 201369938321, QTAgent32.exe, &lt;a class=success&gt;Playback - {58} [SUCCESS] MouseButtonClick - "[MSAA, VisibleOnly]ControlType='Button' &amp;&amp; Name='Exit'"
\0&lt;/a&gt;
W, 3800, 14, 2012/11/01, 13:19:29.134, 201377959201, QTAgent32.exe, &lt;a class=success&gt;Playback - {59} [SUCCESS] MouseButtonClick - "[MSAA, VisibleOnly]ControlType='Button' &amp;&amp; Name='Yes'"
\0&lt;/a&gt;
W, 3800, 14, 2012/11/01, 13:19:30.382, 201395782163, QTAgent32.exe, PERF WARNING: FindTopLevelWindowHelper::FindAllDescendents: took 984 ms. Expected it to take maximum 500 ms.
W, 3800, 14, 2012/11/01, 13:19:30.725, 201400677065, QTAgent32.exe, &lt;a class=success&gt;Playback - {60} [SUCCESS] Uncheck - "[MSAA, VisibleOnly]ControlType='CheckBox' &amp;&amp; Name='Add Activity'"
\0&lt;/a&gt;
W, 3800, 14, 2012/11/01, 13:19:31.286, 201408780706, QTAgent32.exe, &lt;a class=success&gt;Playback - {61} [SUCCESS] MouseButtonClick - "[MSAA, VisibleOnly]ControlType='Button' &amp;&amp; Name='Ok'"
\0&lt;/a&gt;
W, 3800, 14, 2012/11/01, 13:19:35.124, 201463671528, QTAgent32.exe, PERF WARNING: FindTopLevelWindowHelper::FindAllDescendents: took 3619 ms. Expected it to take maximum 500 ms.
W, 3800, 14, 2012/11/01, 13:19:35.592, 201470362002, QTAgent32.exe, &lt;a class=success&gt;Playback - {62} [SUCCESS] DoSelect - "[MSAA, VisibleOnly]ControlType='List'"
\0&lt;/a&gt;
W, 3800, 14, 2012/11/01, 13:19:37.854, 201502845433, QTAgent32.exe, &lt;a class=success&gt;Playback - {63} [SUCCESS] MouseButtonClick - "[MSAA, VisibleOnly]ControlType='Button' &amp;&amp; Name='Ok'"
\0&lt;/a&gt;
W, 3800, 14, 2012/11/01, 13:19:40.288, 201537592574, QTAgent32.exe, &lt;a class=success&gt;Playback - {64} [SUCCESS] MouseButtonClick - "[MSAA, VisibleOnly]ControlType='Button' &amp;&amp; Name='OK'"
\0&lt;/a&gt;
W, 3800, 14, 2012/11/01, 13:19:40.740, 201544110832, QTAgent32.exe, &lt;a class=success&gt;Playback - {65} [SUCCESS] MouseButtonClick - "[MSAA, VisibleOnly]ControlType='Button' &amp;&amp; Name='Cancel'"
\0&lt;/a&gt;
W, 3800, 14, 2012/11/01, 13:19:41.271, 201551666534, QTAgent32.exe, &lt;a class=success&gt;Playback - {66} [SUCCESS] MouseButtonClick - "[MSAA, VisibleOnly]ControlType='Button'"
\0&lt;/a&gt;
W, 3800, 14, 2012/11/01, 13:19:41.832, 201559764660, QTAgent32.exe, &lt;a class=success&gt;Playback - {67} [SUCCESS] MouseButtonClick - "[MSAA, VisibleOnly]ControlType='Button' &amp;&amp; Name='Detail'"
\0&lt;/a&gt;
W, 3800, 14, 2012/11/01, 13:19:42.176, 201564764868, QTAgent32.exe, Playback - [WARNING] Internal warning: Window Not Found: [VisibleOnly]ControlType='Window' &amp;&amp; Name='Policy: rty ert' &amp;&amp; ClassName='ThunderRT6MDIForm'
\0
E, 3800, 14, 2012/11/01, 13:19:42.176, 201564767543, QTAgent32.exe, &lt;a class=failure&gt;Playback - {68} [FAILED] Function ElementFetcher::FindScreenElement failed to locate UI element (Searching: ;[VisibleOnly]ControlType='Window' &amp;&amp; Name='Policy: rty ert' &amp;&amp; ClassName='ThunderRT6MDIForm') (The object specified was not found.)
\0&lt;/a&gt;
E, 3800, 14, 2012/11/01, 13:19:42.269, 201566097291, QTAgent32.exe, Playback - [IMAGE] C:\Users\peter.zenin-ad\AppData\Local\Temp\UITestLogs\LastRun\RPFCCFE.png
\0
W, 3800, 14, 2012/11/01, 13:19:42.269, 201566102915, QTAgent32.exe, Playback - [WARNING] Internal warning: Couldn't find descendants that match QueryId
\0
W, 3800, 14, 2012/11/01, 13:20:00.335, 201824760575, QTAgent32.exe, Playback - [WARNING] Internal warning: Window Not Found: [VisibleOnly]ControlType='Window' &amp;&amp; Name='Policy: rty ert' &amp;&amp; ClassName='ThunderRT6MDIForm'
\0
E, 3800, 14, 2012/11/01, 13:20:00.335, 201824763263, QTAgent32.exe, &lt;a class=failure&gt;Playback - {69} [FAILED] Function ElementFetcher::FindScreenElement failed to locate UI element (Searching: ;[VisibleOnly]ControlType='Window' &amp;&amp; Name='Policy: rty ert' &amp;&amp; ClassName='ThunderRT6MDIForm') (The object specified was not found.)
\0&lt;/a&gt;
E, 3800, 14, 2012/11/01, 13:20:00.428, 201826112327, QTAgent32.exe, Playback - [IMAGE] C:\Users\peter.zenin-ad\AppData\Local\Temp\UITestLogs\LastRun\RPF13ED.png
\0
W, 3800, 14, 2012/11/01, 13:20:00.428, 201826114445, QTAgent32.exe, Playback - [WARNING] Internal warning: Couldn't find descendants that match QueryId
\0
W, 3800, 14, 2012/11/01, 13:20:00.428, 201826117406, QTAgent32.exe, PERF WARNING: FindTopLevelWindowHelper::FindAllDescendents: took 18159 ms. Expected it to take maximum 500 ms.
W, 3800, 14, 2012/11/01, 13:20:00.959, 201833642111, QTAgent32.exe, Playback - [WARNING] Internal warning: Window with Class "ThunderRT6MDIForm" and Title "Policy: rty ert" was not found, so similar window with Class "ThunderRT6MDIForm" and Title "Policy: autotest" was accepted
\0
W, 3800, 14, 2012/11/01, 13:20:00.959, 201833645941, QTAgent32.exe, PERF WARNING: FindTopLevelWindowHelper::FindAllDescendents: took 525 ms. Expected it to take maximum 500 ms.
W, 3800, 14, 2012/11/01, 13:20:01.286, 201838244378, QTAgent32.exe, &lt;a class=success&gt;Playback - {70} [SUCCESS] MouseButtonClick - "[MSAA, VisibleOnly]ControlType='Edit'"
\0&lt;/a&gt;
W, 3800, 14, 2012/11/01, 13:20:01.770, 201845232556, QTAgent32.exe, &lt;a class=success&gt;Playback - {71} [SUCCESS] MouseButtonClick - "[MSAA, VisibleOnly]ControlType='Button' &amp;&amp; Name='Cancel'"
\0&lt;/a&gt;
W, 3800, 14, 2012/11/01, 13:20:02.207, 201851483139, QTAgent32.exe, &lt;a class=success&gt;Playback - {72} [SUCCESS] MouseButtonClick - "[MSAA, VisibleOnly]ControlType='Button' &amp;&amp; Name='Options'"
\0&lt;/a&gt;
W, 3800, 14, 2012/11/01, 13:20:02.316, 201852987544, QTAgent32.exe, FindScreenElementInSinglePass : Attempting to find control in one pass of search. Failures can occur.
W, 3800, 14, 2012/11/01, 13:20:02.316, 201853088403, QTAgent32.exe, Playback - [WARNING] Internal failure: Method GetBoundingRectangle failed (HRESULT = 0x1, "Incorrect function.") for Name = "Quote Select List" ," ControlType = "MenuItem"
\0
W, 3800, 14, 2012/11/01, 13:20:02.316, 201853089621, QTAgent32.exe, Playback - [WARNING] Internal failure: Couldn't get clickable point for ScreenUIElement - GetClickablePoint failed
\0
W, 3800, 14, 2012/11/01, 13:20:02.316, 201853092240, QTAgent32.exe, FindScreenElementInSinglePass : Attempting to find control in one pass of search. Failures can occur.
W, 3800, 14, 2012/11/01, 13:20:02.332, 201853204034, QTAgent32.exe, FindScreenElementInSinglePass : Attempting to find control in one pass of search. Failures can occur.
W, 3800, 14, 2012/11/01, 13:20:02.659, 201857896713, QTAgent32.exe, &lt;a class=success&gt;Playback - {73} [SUCCESS] LeftButtonClick - "[MSAA, VisibleOnly]ControlType='MenuBar' &amp;&amp; Name='Application'"  &lt; Mouse cursor location (960, 31) &gt;
\0&lt;/a&gt;
W, 3800, 14, 2012/11/01, 13:20:02.768, 201859462557, QTAgent32.exe, &lt;a class=success&gt;Playback - {74} [SUCCESS] LeftButtonClick - "[MSAA]ControlType='MenuItem' &amp;&amp; Name='Options'"  &lt; Mouse cursor location (94, 31) &gt;
\0&lt;/a&gt;
W, 3800, 14, 2012/11/01, 13:20:02.924, 201861693845, QTAgent32.exe, &lt;a class=success&gt;Playback - {75} [SUCCESS] LeftButtonClick - "[MSAA]ControlType='MenuItem' &amp;&amp; Name='Links'"  &lt; Mouse cursor location (174, 319) &gt;
\0&lt;/a&gt;
W, 3800, 14, 2012/11/01, 13:20:03.096, 201864150932, QTAgent32.exe, &lt;a class=success&gt;Playback - {76} [SUCCESS] LeftButtonClick - "[MSAA]ControlType='MenuItem' &amp;&amp; Name='3rd Party Integration'"  &lt; Mouse cursor location (375, 319) &gt;
\0&lt;/a&gt;
W, 3800, 14, 2012/11/01, 13:20:03.283, 201866859274, QTAgent32.exe, &lt;a class=success&gt;Playback - {77} [SUCCESS] MouseButtonClick - "[MSAA]ControlType='MenuItem' &amp;&amp; Name='Quote Select List'"
\0&lt;/a&gt;
W, 3800, 14, 2012/11/01, 13:20:05.093, 201892756073, QTAgent32.exe, PERF WARNING: FindTopLevelWindowHelper::FindAllDescendents: took 1668 ms. Expected it to take maximum 500 ms.
W, 3800, 14, 2012/11/01, 13:20:06.747, 201916521750, QTAgent32.exe, &lt;a class=success&gt;Playback - {78} [SUCCESS] MouseButtonClick - "[MSAA, VisibleOnly]ControlType='Button' &amp;&amp; Name='Ok'"
\0&lt;/a&gt;
W, 3800, 14, 2012/11/01, 13:20:08.369, 201939671454, QTAgent32.exe, PERF WARNING: FindTopLevelWindowHelper::FindAllDescendents: took 1508 ms. Expected it to take maximum 500 ms.
W, 3800, 14, 2012/11/01, 13:20:08.385, 201939892945, QTAgent32.exe, Playback - [WARNING] Internal warning: Thread state based WFR - Requested element has invalid HWND
\0
W, 3800, 14, 2012/11/01, 13:20:08.385, 201939894300, QTAgent32.exe, Playback - [WARNING] Internal warning: process performance counters based WFR - Requested element has invalid HWND
\0
E, 3800, 14, 2012/11/01, 13:20:08.385, 201939896637, QTAgent32.exe, EnsureValid called via EnsureValid call for same element
E, 3800, 14, 2012/11/01, 13:20:08.431, 201940552669, QTAgent32.exe, EnsureValid called via EnsureValid call for same element
E, 3800, 14, 2012/11/01, 13:20:08.431, 201940556603, QTAgent32.exe, EnsureValid called via EnsureValid call for same element
E, 3800, 14, 2012/11/01, 13:20:08.431, 201940557896, QTAgent32.exe, EnsureValid called via EnsureValid call for same element
E, 3800, 14, 2012/11/01, 13:20:08.431, 201940561578, QTAgent32.exe, GetClassName for handle 1901598 failed
E, 3800, 14, 2012/11/01, 13:20:08.431, 201940566440, QTAgent32.exe, GetClassName for handle 1901598 failed
E, 3800, 14, 2012/11/01, 13:20:08.431, 201940573477, QTAgent32.exe, Exception: System.Runtime.InteropServices.COMException
	Message: Error HRESULT E_FAIL has been returned from a call to a COM component.
	Stack Trace:    at Accessibility.IAccessible.get_accState(Object varChild)
   at Microsoft.VisualStudio.TestTools.UITest.Extension.Msaa.AccWrapper.get_State()
	BaseExceptionMessage: Error HRESULT E_FAIL has been returned from a call to a COM component.

E, 3800, 14, 2012/11/01, 13:20:08.431, 201940577746, QTAgent32.exe, Exception: System.Runtime.InteropServices.COMException
	Message: Error HRESULT E_FAIL has been returned from a call to a COM component.
	Stack Trace:    at Accessibility.IAccessible.get_accState(Object varChild)
   at Microsoft.VisualStudio.TestTools.UITest.Extension.Msaa.AccWrapper.get_State()
	BaseExceptionMessage: Error HRESULT E_FAIL has been returned from a call to a COM component.

E, 3800, 14, 2012/11/01, 13:20:08.431, 201940581988, QTAgent32.exe, Exception: System.Runtime.InteropServices.COMException
	Message: Error HRESULT E_FAIL has been returned from a call to a COM component.
	Stack Trace:    at Accessibility.IAccessible.get_accState(Object varChild)
   at Microsoft.VisualStudio.TestTools.UITest.Extension.Msaa.AccWrapper.get_State()
	BaseExceptionMessage: Error HRESULT E_FAIL has been returned from a call to a COM component.

E, 3800, 14, 2012/11/01, 13:20:08.431, 201940586192, QTAgent32.exe, Exception: System.Runtime.InteropServices.COMException
	Message: Error HRESULT E_FAIL has been returned from a call to a COM component.
	Stack Trace:    at Accessibility.IAccessible.get_accState(Object varChild)
   at Microsoft.VisualStudio.TestTools.UITest.Extension.Msaa.AccWrapper.get_State()
	BaseExceptionMessage: Error HRESULT E_FAIL has been returned from a call to a COM component.

E, 3800, 14, 2012/11/01, 13:20:08.431, 201940591135, QTAgent32.exe, Exception: System.Runtime.InteropServices.COMException
	Message: Error HRESULT E_FAIL has been returned from a call to a COM component.
	Stack Trace:    at Accessibility.IAccessible.get_accState(Object varChild)
   at Microsoft.VisualStudio.TestTools.UITest.Extension.Msaa.AccWrapper.get_State()
	BaseExceptionMessage: Error HRESULT E_FAIL has been returned from a call to a COM component.

E, 3800, 14, 2012/11/01, 13:20:08.431, 201940595453, QTAgent32.exe, Exception: System.Runtime.InteropServices.COMException
	Message: Error HRESULT E_FAIL has been returned from a call to a COM component.
	Stack Trace:    at Accessibility.IAccessible.get_accState(Object varChild)
   at Microsoft.VisualStudio.TestTools.UITest.Extension.Msaa.AccWrapper.get_State()
	BaseExceptionMessage: Error HRESULT E_FAIL has been returned from a call to a COM component.

E, 3800, 14, 2012/11/01, 13:20:08.431, 201940599759, QTAgent32.exe, Exception: System.Runtime.InteropServices.COMException
	Message: Error HRESULT E_FAIL has been returned from a call to a COM component.
	Stack Trace:    at Accessibility.IAccessible.get_accState(Object varChild)
   at Microsoft.VisualStudio.TestTools.UITest.Extension.Msaa.AccWrapper.get_State()
	BaseExceptionMessage: Error HRESULT E_FAIL has been returned from a call to a COM component.

W, 3800, 14, 2012/11/01, 13:20:08.634, 201943448144, QTAgent32.exe, PERF WARNING: MSAA.UpdateQueryIDForNamelessControls: took 201 ms. Expected it to take maximum 200 ms.
W, 3800, 14, 2012/11/01, 13:20:08.634, 201943452184, QTAgent32.exe, Msaa.Navigate: Exception [Error HRESULT E_FAIL has been returned from a call to a COM component.] while calling accNavigate.
E, 3800, 14, 2012/11/01, 13:20:08.634, 201943453216, QTAgent32.exe, GetClassName for handle 2097570 failed
E, 3800, 14, 2012/11/01, 13:20:08.634, 201943454026, QTAgent32.exe, Window 2097570 not responding. Last Win32 error 1400
E, 3800, 14, 2012/11/01, 13:20:08.634, 201943456430, QTAgent32.exe, GetClassName for handle 1901598 failed
W, 3800, 14, 2012/11/01, 13:20:09.055, 201949578543, QTAgent32.exe, &lt;a class=success&gt;Playback - {79} [SUCCESS] MouseButtonClick - "[MSAA, VisibleOnly]ControlType='Button' &amp;&amp; Name='Calculate Quote'"
\0&lt;/a&gt;
W, 3800, 14, 2012/11/01, 13:20:09.508, 201956044462, QTAgent32.exe, &lt;a class=success&gt;Playback - {80} [SUCCESS] MouseButtonClick - "[MSAA, VisibleOnly]ControlType='Button' &amp;&amp; Name='Cancel'"
\0&lt;/a&gt;
W, 3800, 14, 2012/11/01, 13:20:10.085, 201964253043, QTAgent32.exe, &lt;a class=success&gt;Playback - {81} [SUCCESS] MouseButtonClick - "[MSAA, VisibleOnly]ControlType='Button' &amp;&amp; Name='No'"
\0&lt;/a&gt;
W, 3800, 14, 2012/11/01, 13:20:20.912, 202119243959, QTAgent32.exe, PERF WARNING: FindTopLevelWindowHelper::FindAllDescendents: took 10717 ms. Expected it to take maximum 500 ms.
W, 3800, 14, 2012/11/01, 13:20:21.240, 202123925155, QTAgent32.exe, &lt;a class=success&gt;Playback - {82} [SUCCESS] MouseButtonClick - "[MSAA, VisibleOnly]ControlType='Client'"
\0&lt;/a&gt;
W, 3800, 14, 2012/11/01, 13:20:22.831, 202146795470, QTAgent32.exe, &lt;a class=success&gt;Playback - {83} [SUCCESS] SendKeys "{Home}" - "[MSAA, VisibleOnly]ControlType='Client'"
\0&lt;/a&gt;
W, 3800, 14, 2012/11/01, 13:20:22.940, 202148275129, QTAgent32.exe, Playback - [WARNING] Internal warning: Thread state based WFR - Requested element has invalid HWND
\0
W, 3800, 14, 2012/11/01, 13:20:22.940, 202148276991, QTAgent32.exe, Playback - [WARNING] Internal warning: process performance counters based WFR - Requested element has invalid HWND
\0
E, 3800, 14, 2012/11/01, 13:20:22.940, 202148280085, QTAgent32.exe, EnsureValid called via EnsureValid call for same element
E, 3800, 14, 2012/11/01, 13:20:22.940, 202148282124, QTAgent32.exe, EnsureValid called via EnsureValid call for same element
E, 3800, 14, 2012/11/01, 13:20:22.940, 202148283432, QTAgent32.exe, EnsureValid called via EnsureValid call for same element
E, 3800, 14, 2012/11/01, 13:20:22.956, 202148495192, QTAgent32.exe, GetClassName for handle 2687772 failed
E, 3800, 14, 2012/11/01, 13:20:22.956, 202148502412, QTAgent32.exe, Exception: System.Runtime.InteropServices.COMException
	Message: Error HRESULT E_FAIL has been returned from a call to a COM component.
	Stack Trace:    at Accessibility.IAccessible.get_accState(Object varChild)
   at Microsoft.VisualStudio.TestTools.UITest.Extension.Msaa.AccWrapper.get_State()
	BaseExceptionMessage: Error HRESULT E_FAIL has been returned from a call to a COM component.

E, 3800, 14, 2012/11/01, 13:20:22.956, 202148506704, QTAgent32.exe, Exception: System.Runtime.InteropServices.COMException
	Message: Error HRESULT E_FAIL has been returned from a call to a COM component.
	Stack Trace:    at Accessibility.IAccessible.get_accState(Object varChild)
   at Microsoft.VisualStudio.TestTools.UITest.Extension.Msaa.AccWrapper.get_State()
	BaseExceptionMessage: Error HRESULT E_FAIL has been returned from a call to a COM component.

E, 3800, 14, 2012/11/01, 13:20:22.956, 202148510937, QTAgent32.exe, Exception: System.Runtime.InteropServices.COMException
	Message: Error HRESULT E_FAIL has been returned from a call to a COM component.
	Stack Trace:    at Accessibility.IAccessible.get_accState(Object varChild)
   at Microsoft.VisualStudio.TestTools.UITest.Extension.Msaa.AccWrapper.get_State()
	BaseExceptionMessage: Error HRESULT E_FAIL has been returned from a call to a COM component.

E, 3800, 14, 2012/11/01, 13:20:22.956, 202148515136, QTAgent32.exe, Exception: System.Runtime.InteropServices.COMException
	Message: Error HRESULT E_FAIL has been returned from a call to a COM component.
	Stack Trace:    at Accessibility.IAccessible.get_accState(Object varChild)
   at Microsoft.VisualStudio.TestTools.UITest.Extension.Msaa.AccWrapper.get_State()
	BaseExceptionMessage: Error HRESULT E_FAIL has been returned from a call to a COM component.

E, 3800, 14, 2012/11/01, 13:20:22.956, 202148519337, QTAgent32.exe, Exception: System.Runtime.InteropServices.COMException
	Message: Error HRESULT E_FAIL has been returned from a call to a COM component.
	Stack Trace:    at Accessibility.IAccessible.get_accState(Object varChild)
   at Microsoft.VisualStudio.TestTools.UITest.Extension.Msaa.AccWrapper.get_State()
	BaseExceptionMessage: Error HRESULT E_FAIL has been returned from a call to a COM component.

E, 3800, 14, 2012/11/01, 13:20:22.956, 202148523555, QTAgent32.exe, Exception: System.Runtime.InteropServices.COMException
	Message: Error HRESULT E_FAIL has been returned from a call to a COM component.
	Stack Trace:    at Accessibility.IAccessible.get_accState(Object varChild)
   at Microsoft.VisualStudio.TestTools.UITest.Extension.Msaa.AccWrapper.get_State()
	BaseExceptionMessage: Error HRESULT E_FAIL has been returned from a call to a COM component.

E, 3800, 14, 2012/11/01, 13:20:22.956, 202148527743, QTAgent32.exe, Exception: System.Runtime.InteropServices.COMException
	Message: Error HRESULT E_FAIL has been returned from a call to a COM component.
	Stack Trace:    at Accessibility.IAccessible.get_accState(Object varChild)
   at Microsoft.VisualStudio.TestTools.UITest.Extension.Msaa.AccWrapper.get_State()
	BaseExceptionMessage: Error HRESULT E_FAIL has been returned from a call to a COM component.

W, 3800, 14, 2012/11/01, 13:20:23.143, 202151377004, QTAgent32.exe, PERF WARNING: MSAA.UpdateQueryIDForNamelessControls: took 201 ms. Expected it to take maximum 200 ms.
W, 3800, 14, 2012/11/01, 13:20:23.143, 202151380762, QTAgent32.exe, Msaa.Navigate: Exception [Error HRESULT E_FAIL has been returned from a call to a COM component.] while calling accNavigate.
E, 3800, 14, 2012/11/01, 13:20:23.143, 202151382169, QTAgent32.exe, GetClassName for handle 2687772 failed
E, 3800, 14, 2012/11/01, 13:20:23.143, 202151390724, QTAgent32.exe, GetClassName for handle 2687772 failed
E, 3800, 14, 2012/11/01, 13:20:23.143, 202151392886, QTAgent32.exe, Window 2687772 not responding. Last Win32 error 1400
E, 3800, 14, 2012/11/01, 13:20:23.158, 202151394292, QTAgent32.exe, GetClassName for handle 4261386 failed
E, 3800, 14, 2012/11/01, 13:20:23.158, 202151395104, QTAgent32.exe, GetClassName for handle 2687772 failed
E, 3800, 14, 2012/11/01, 13:20:23.158, 202151395843, QTAgent32.exe, GetClassName for handle 2687772 failed
W, 3800, 14, 2012/11/01, 13:20:24.874, 202175986486, QTAgent32.exe, PERF WARNING: FindTopLevelWindowHelper::FindAllDescendents: took 1717 ms. Expected it to take maximum 500 ms.
W, 3800, 14, 2012/11/01, 13:20:30.678, 202259149824, QTAgent32.exe, &lt;a class=success&gt;Playback - {84} [SUCCESS] MouseButtonClick - "[MSAA, VisibleOnly]ControlType='Button' &amp;&amp; Name='Exit'"
\0&lt;/a&gt;
W, 3800, 14, 2012/11/01, 13:20:31.240, 202267183118, QTAgent32.exe, &lt;a class=success&gt;Playback - {85} [SUCCESS] MouseButtonClick - "[MSAA, VisibleOnly]ControlType='Button' &amp;&amp; Name='Yes'"
\0&lt;/a&gt;
W, 3800, 14, 2012/11/01, 13:20:31.520, 202271126058, QTAgent32.exe, Playback - [WARNING] Internal warning: Thread state based WFR - Requested element has invalid HWND
\0
W, 3800, 14, 2012/11/01, 13:20:31.520, 202271128028, QTAgent32.exe, Playback - [WARNING] Internal warning: process performance counters based WFR - Requested element has invalid HWND
\0
E, 3800, 14, 2012/11/01, 13:20:31.520, 202271131079, QTAgent32.exe, EnsureValid called via EnsureValid call for same element
E, 3800, 14, 2012/11/01, 13:20:31.520, 202271134654, QTAgent32.exe, GetClassName for handle 4195552 failed
E, 3800, 14, 2012/11/01, 13:20:31.520, 202271137318, QTAgent32.exe, EnsureValid called via EnsureValid call for same element
E, 3800, 14, 2012/11/01, 13:20:31.520, 202271138874, QTAgent32.exe, EnsureValid called via EnsureValid call for same element
E, 3800, 14, 2012/11/01, 13:20:31.520, 202271155851, QTAgent32.exe, Window 4195552 not responding. Last Win32 error 0
E, 3800, 14, 2012/11/01, 13:20:31.520, 202271158069, QTAgent32.exe, GetClassName for handle 4195552 failed
E, 3800, 14, 2012/11/01, 13:20:31.520, 202271158923, QTAgent32.exe, GetClassName for handle 4195552 failed
W, 3800, 14, 2012/11/01, 13:20:32.519, 202285440355, QTAgent32.exe, PERF WARNING: FindTopLevelWindowHelper::FindAllDescendents: took 997 ms. Expected it to take maximum 500 ms.
W, 3800, 14, 2012/11/01, 13:20:32.862, 202290337069, QTAgent32.exe, &lt;a class=success&gt;Playback - {86} [SUCCESS] Uncheck - "[MSAA, VisibleOnly]ControlType='CheckBox' &amp;&amp; Name='Add Activity'"
\0&lt;/a&gt;
W, 3800, 14, 2012/11/01, 13:20:33.439, 202298667069, QTAgent32.exe, &lt;a class=success&gt;Playback - {87} [SUCCESS] MouseButtonClick - "[MSAA, VisibleOnly]ControlType='Button' &amp;&amp; Name='Ok'"
\0&lt;/a&gt;
W, 3800, 14, 2012/11/01, 13:20:41.442, 202413190658, QTAgent32.exe, PERF WARNING: FindTopLevelWindowHelper::FindAllDescendents: took 7769 ms. Expected it to take maximum 500 ms.
W, 3800, 14, 2012/11/01, 13:20:43.798, 202446906464, QTAgent32.exe, &lt;a class=success&gt;Playback - {88} [SUCCESS] MouseButtonClick - "[MSAA, VisibleOnly]ControlType='Button' &amp;&amp; Name='OK'"
\0&lt;/a&gt;
W, 3800, 14, 2012/11/01, 13:20:44.250, 202453415202, QTAgent32.exe, &lt;a class=success&gt;Playback - {89} [SUCCESS] MouseButtonClick - "[MSAA, VisibleOnly]ControlType='Button' &amp;&amp; Name='Cancel'"
\0&lt;/a&gt;
W, 3800, 14, 2012/11/01, 13:20:44.781, 202461007111, QTAgent32.exe, &lt;a class=success&gt;Playback - {90} [SUCCESS] MouseButtonClick - "[MSAA, VisibleOnly]ControlType='Button'"
\0&lt;/a&gt;
W, 3800, 14, 2012/11/01, 13:20:45.342, 202469028979, QTAgent32.exe, &lt;a class=success&gt;Playback - {91} [SUCCESS] MouseButtonClick - "[MSAA, VisibleOnly]ControlType='Button' &amp;&amp; Name='Detail'"
\0&lt;/a&gt;
W, 3800, 14, 2012/11/01, 13:20:45.795, 202475501512, QTAgent32.exe, &lt;a class=success&gt;Playback - {92} [SUCCESS] MouseButtonClick - "[MSAA, VisibleOnly]ControlType='Edit'"
\0&lt;/a&gt;
W, 3800, 14, 2012/11/01, 13:20:45.904, 202477060600, QTAgent32.exe, Playback - [WARNING] Internal warning: Thread state based WFR - Requested element has invalid HWND
\0
W, 3800, 14, 2012/11/01, 13:20:45.904, 202477061915, QTAgent32.exe, Playback - [WARNING] Internal warning: process performance counters based WFR - Requested element has invalid HWND
\0
E, 3800, 14, 2012/11/01, 13:20:45.904, 202477065052, QTAgent32.exe, EnsureValid called via EnsureValid call for same element
E, 3800, 14, 2012/11/01, 13:20:45.904, 202477067057, QTAgent32.exe, EnsureValid called via EnsureValid call for same element
E, 3800, 14, 2012/11/01, 13:20:45.904, 202477068345, QTAgent32.exe, EnsureValid called via EnsureValid call for same element
E, 3800, 14, 2012/11/01, 13:20:45.904, 202477072398, QTAgent32.exe, GetClassName for handle 3670728 failed
E, 3800, 14, 2012/11/01, 13:20:45.904, 202477085831, QTAgent32.exe, Window 3670728 not responding. Last Win32 error 1400
E, 3800, 14, 2012/11/01, 13:20:45.904, 202477089025, QTAgent32.exe, GetClassName for handle 3670728 failed
E, 3800, 14, 2012/11/01, 13:20:45.904, 202477089825, QTAgent32.exe, GetClassName for handle 3670728 failed
W, 3800, 14, 2012/11/01, 13:20:46.279, 202482505469, QTAgent32.exe, &lt;a class=success&gt;Playback - {93} [SUCCESS] MouseButtonClick - "[MSAA, VisibleOnly]ControlType='Button' &amp;&amp; Name='Cancel'"
\0&lt;/a&gt;
E, 3800, 14, 2012/11/01, 13:20:46.388, 202484004702, QTAgent32.exe, GetClassName for handle 3671064 failed
W, 3800, 14, 2012/11/01, 13:20:46.715, 202488745998, QTAgent32.exe, &lt;a class=success&gt;Playback - {94} [SUCCESS] MouseButtonClick - "[MSAA, VisibleOnly]ControlType='Button' &amp;&amp; Name='Options'"
\0&lt;/a&gt;
W, 3800, 14, 2012/11/01, 13:20:46.825, 202490250560, QTAgent32.exe, FindScreenElementInSinglePass : Attempting to find control in one pass of search. Failures can occur.
W, 3800, 14, 2012/11/01, 13:20:46.825, 202490359870, QTAgent32.exe, Playback - [WARNING] Internal failure: Method GetBoundingRectangle failed (HRESULT = 0x1, "Incorrect function.") for Name = "Quote Select List" ," ControlType = "MenuItem"
\0
W, 3800, 14, 2012/11/01, 13:20:46.825, 202490361190, QTAgent32.exe, Playback - [WARNING] Internal failure: Couldn't get clickable point for ScreenUIElement - GetClickablePoint failed
\0
W, 3800, 14, 2012/11/01, 13:20:46.825, 202490363857, QTAgent32.exe, FindScreenElementInSinglePass : Attempting to find control in one pass of search. Failures can occur.
W, 3800, 14, 2012/11/01, 13:20:46.825, 202490391756, QTAgent32.exe, FindScreenElementInSinglePass : Attempting to find control in one pass of search. Failures can occur.
W, 3800, 14, 2012/11/01, 13:20:47.152, 202494931877, QTAgent32.exe, &lt;a class=success&gt;Playback - {95} [SUCCESS] LeftButtonClick - "[MSAA, VisibleOnly]ControlType='MenuBar' &amp;&amp; Name='Application'"  &lt; Mouse cursor location (960, 31) &gt;
\0&lt;/a&gt;
W, 3800, 14, 2012/11/01, 13:20:47.261, 202496496842, QTAgent32.exe, &lt;a class=success&gt;Playback - {96} [SUCCESS] LeftButtonClick - "[MSAA]ControlType='MenuItem' &amp;&amp; Name='Options'"  &lt; Mouse cursor location (94, 31) &gt;
\0&lt;/a&gt;
W, 3800, 14, 2012/11/01, 13:20:47.433, 202498951137, QTAgent32.exe, &lt;a class=success&gt;Playback - {97} [SUCCESS] LeftButtonClick - "[MSAA]ControlType='MenuItem' &amp;&amp; Name='Links'"  &lt; Mouse cursor location (174, 319) &gt;
\0&lt;/a&gt;
W, 3800, 14, 2012/11/01, 13:20:47.589, 202501186040, QTAgent32.exe, &lt;a class=success&gt;Playback - {98} [SUCCESS] LeftButtonClick - "[MSAA]ControlType='MenuItem' &amp;&amp; Name='3rd Party Integration'"  &lt; Mouse cursor location (375, 319) &gt;
\0&lt;/a&gt;
W, 3800, 14, 2012/11/01, 13:20:47.761, 202503667387, QTAgent32.exe, &lt;a class=success&gt;Playback - {99} [SUCCESS] MouseButtonClick - "[MSAA]ControlType='MenuItem' &amp;&amp; Name='Quote Select List'"
\0&lt;/a&gt;
E, 3800, 14, 2012/11/01, 13:20:47.885, 202505608021, QTAgent32.exe, GetClassName for handle 2294222 failed
W, 3800, 14, 2012/11/01, 13:20:49.633, 202530458798, QTAgent32.exe, PERF WARNING: FindTopLevelWindowHelper::FindAllDescendents: took 1735 ms. Expected it to take maximum 500 ms.
W, 3800, 14, 2012/11/01, 13:20:51.302, 202554467744, QTAgent32.exe, &lt;a class=success&gt;Playback - {100} [SUCCESS] MouseButtonClick - "[MSAA, VisibleOnly]ControlType='Button' &amp;&amp; Name='Ok'"
\0&lt;/a&gt;
W, 3800, 14, 2012/11/01, 13:20:51.411, 202555988360, QTAgent32.exe, Playback - [WARNING] Internal warning: Thread state based WFR - Requested element has invalid HWND
\0
W, 3800, 14, 2012/11/01, 13:20:51.411, 202555990059, QTAgent32.exe, Playback - [WARNING] Internal warning: process performance counters based WFR - Requested element has invalid HWND
\0
E, 3800, 14, 2012/11/01, 13:20:51.411, 202555993307, QTAgent32.exe, EnsureValid called via EnsureValid call for same element
E, 3800, 14, 2012/11/01, 13:20:51.411, 202555995349, QTAgent32.exe, EnsureValid called via EnsureValid call for same element
E, 3800, 14, 2012/11/01, 13:20:51.411, 202555996657, QTAgent32.exe, EnsureValid called via EnsureValid call for same element
E, 3800, 14, 2012/11/01, 13:20:51.411, 202556000800, QTAgent32.exe, GetClassName for handle 3540324 failed
E, 3800, 14, 2012/11/01, 13:20:51.411, 202556014587, QTAgent32.exe, Window 3540324 not responding. Last Win32 error 1400
E, 3800, 14, 2012/11/01, 13:20:51.411, 202556017849, QTAgent32.exe, GetClassName for handle 3540324 failed
E, 3800, 14, 2012/11/01, 13:20:51.411, 202556018695, QTAgent32.exe, GetClassName for handle 3540324 failed
W, 3800, 14, 2012/11/01, 13:20:52.971, 202578269938, QTAgent32.exe, PERF WARNING: FindTopLevelWindowHelper::FindAllDescendents: took 1553 ms. Expected it to take maximum 500 ms.
W, 3800, 14, 2012/11/01, 13:20:52.971, 202578359675, QTAgent32.exe, Playback - [WARNING] Internal warning: Thread state based WFR - Requested element has invalid HWND
\0
W, 3800, 14, 2012/11/01, 13:20:52.971, 202578360842, QTAgent32.exe, Playback - [WARNING] Internal warning: process performance counters based WFR - Requested element has invalid HWND
\0
E, 3800, 14, 2012/11/01, 13:20:52.971, 202578363225, QTAgent32.exe, EnsureValid called via EnsureValid call for same element
E, 3800, 14, 2012/11/01, 13:20:52.971, 202578365211, QTAgent32.exe, EnsureValid called via EnsureValid call for same element
E, 3800, 14, 2012/11/01, 13:20:52.971, 202578366513, QTAgent32.exe, EnsureValid called via EnsureValid call for same element
E, 3800, 14, 2012/11/01, 13:20:52.971, 202578370655, QTAgent32.exe, GetClassName for handle 2753470 failed
E, 3800, 14, 2012/11/01, 13:20:52.971, 202578383754, QTAgent32.exe, Window 2753470 not responding. Last Win32 error 1400
E, 3800, 14, 2012/11/01, 13:20:52.971, 202578386907, QTAgent32.exe, GetClassName for handle 2753470 failed
E, 3800, 14, 2012/11/01, 13:20:52.971, 202578387709, QTAgent32.exe, GetClassName for handle 2753470 failed
E, 3800, 14, 2012/11/01, 13:20:52.987, 202578489658, QTAgent32.exe, GetClassName for handle 3737114 failed
W, 3800, 14, 2012/11/01, 13:20:53.424, 202584818685, QTAgent32.exe, &lt;a class=success&gt;Playback - {101} [SUCCESS] MouseButtonClick - "[MSAA, VisibleOnly]ControlType='Button' &amp;&amp; Name='Calculate Quote'"
\0&lt;/a&gt;
E, 3800, 14, 2012/11/01, 13:20:53.533, 202586287054, QTAgent32.exe, GetClassName for handle 4982112 failed
W, 3800, 14, 2012/11/01, 13:20:53.876, 202591293995, QTAgent32.exe, &lt;a class=success&gt;Playback - {102} [SUCCESS] MouseButtonClick - "[MSAA, VisibleOnly]ControlType='Button' &amp;&amp; Name='Cancel'"
\0&lt;/a&gt;
E, 3800, 14, 2012/11/01, 13:20:53.985, 202592764407, QTAgent32.exe, GetClassName for handle 4588658 failed
W, 3800, 14, 2012/11/01, 13:20:54.453, 202599492736, QTAgent32.exe, &lt;a class=success&gt;Playback - {103} [SUCCESS] MouseButtonClick - "[MSAA, VisibleOnly]ControlType='Button' &amp;&amp; Name='No'"
\0&lt;/a&gt;
W, 3800, 14, 2012/11/01, 13:21:05.311, 202754939609, QTAgent32.exe, PERF WARNING: FindTopLevelWindowHelper::FindAllDescendents: took 10749 ms. Expected it to take maximum 500 ms.
W, 3800, 14, 2012/11/01, 13:21:05.639, 202759619287, QTAgent32.exe, &lt;a class=success&gt;Playback - {104} [SUCCESS] MouseButtonClick - "[MSAA, VisibleOnly]ControlType='Client'"
\0&lt;/a&gt;
W, 3800, 14, 2012/11/01, 13:21:07.246, 202782719355, QTAgent32.exe, &lt;a class=success&gt;Playback - {105} [SUCCESS] SendKeys "{Home}" - "[MSAA, VisibleOnly]ControlType='Client'"
\0&lt;/a&gt;
W, 3800, 14, 2012/11/01, 13:21:10.553, 202830059954, QTAgent32.exe, &lt;a class=success&gt;Playback - {106} [SUCCESS] MouseButtonClick - "[MSAA, VisibleOnly]ControlType='Button' &amp;&amp; Name='Print Quote...'"
\0&lt;/a&gt;
W, 3800, 14, 2012/11/01, 13:21:19.604, 202959989854, QTAgent32.exe, Playback - [WARNING] Internal warning: Window Not Found: [VisibleOnly]ControlType='Window' &amp;&amp; Name='View Quote Details' &amp;&amp; ClassName='ThunderRT6FormDC'
\0
E, 3800, 14, 2012/11/01, 13:21:19.604, 202959992654, QTAgent32.exe, &lt;a class=failure&gt;Playback - {107} [FAILED] Function ElementFetcher::FindScreenElement failed to locate UI element (Searching: ;[VisibleOnly]ControlType='Window' &amp;&amp; Name='View Quote Details' &amp;&amp; ClassName='ThunderRT6FormDC') (The object specified was not found.)
\0&lt;/a&gt;
E, 3800, 14, 2012/11/01, 13:21:19.703, 202961414281, QTAgent32.exe, Playback - [IMAGE] C:\Users\peter.zenin-ad\AppData\Local\Temp\UITestLogs\LastRun\RPF49AE.png
\0
W, 3800, 14, 2012/11/01, 13:21:19.704, 202961416614, QTAgent32.exe, Playback - [WARNING] Internal warning: Couldn't find descendants that match QueryId
\0
W, 3800, 14, 2012/11/01, 13:21:19.704, 202961419609, QTAgent32.exe, PERF WARNING: FindTopLevelWindowHelper::FindAllDescendents: took 9065 ms. Expected it to take maximum 500 ms.
W, 3800, 14, 2012/11/01, 13:21:37.718, 203219342766, QTAgent32.exe, Playback - [WARNING] Internal warning: Window Not Found: [VisibleOnly]ControlType='Window' &amp;&amp; Name='View Quote Details' &amp;&amp; ClassName='ThunderRT6FormDC'
\0
E, 3800, 14, 2012/11/01, 13:21:37.719, 203219345901, QTAgent32.exe, &lt;a class=failure&gt;Playback - {108} [FAILED] Function ElementFetcher::FindScreenElement failed to locate UI element (Searching: ;[VisibleOnly]ControlType='Window' &amp;&amp; Name='View Quote Details' &amp;&amp; ClassName='ThunderRT6FormDC') (The object specified was not found.)
\0&lt;/a&gt;
E, 3800, 14, 2012/11/01, 13:21:37.827, 203220898368, QTAgent32.exe, Playback - [IMAGE] C:\Users\peter.zenin-ad\AppData\Local\Temp\UITestLogs\LastRun\RPF906E.png
\0
W, 3800, 14, 2012/11/01, 13:21:37.827, 203220900605, QTAgent32.exe, Playback - [WARNING] Internal warning: Couldn't find descendants that match QueryId
\0
W, 3800, 14, 2012/11/01, 13:21:37.827, 203220903607, QTAgent32.exe, PERF WARNING: FindTopLevelWindowHelper::FindAllDescendents: took 18122 ms. Expected it to take maximum 500 ms.
W, 3800, 14, 2012/11/01, 13:21:38.272, 203227262456, QTAgent32.exe, Playback - [WARNING] Internal warning: Smart Match failed
\0
W, 3800, 14, 2012/11/01, 13:21:38.436, 203229610355, QTAgent32.exe, Playback - [WARNING] Internal warning: Smart Match failed
\0
W, 3800, 14, 2012/11/01, 13:21:38.599, 203231944888, QTAgent32.exe, Playback - [WARNING] Internal warning: Smart Match failed
\0
W, 3800, 14, 2012/11/01, 13:21:38.761, 203234277632, QTAgent32.exe, Playback - [WARNING] Internal warning: Smart Match failed
\0
W, 3800, 14, 2012/11/01, 13:21:38.925, 203236612634, QTAgent32.exe, Playback - [WARNING] Internal warning: Smart Match failed
\0
W, 3800, 14, 2012/11/01, 13:21:39.088, 203238946439, QTAgent32.exe, Playback - [WARNING] Internal warning: Smart Match failed
\0
W, 3800, 14, 2012/11/01, 13:21:39.251, 203241280739, QTAgent32.exe, Playback - [WARNING] Internal warning: Smart Match failed
\0
W, 3800, 14, 2012/11/01, 13:21:39.413, 203243613651, QTAgent32.exe, Playback - [WARNING] Internal warning: Smart Match failed
\0
W, 3800, 14, 2012/11/01, 13:21:39.576, 203245944313, QTAgent32.exe, Playback - [WARNING] Internal warning: Smart Match failed
\0
W, 3800, 14, 2012/11/01, 13:21:39.736, 203248234418, QTAgent32.exe, Playback - [WARNING] Internal warning: Smart Match failed
\0
W, 3800, 14, 2012/11/01, 13:21:39.896, 203250530077, QTAgent32.exe, Playback - [WARNING] Internal warning: Smart Match failed
\0
W, 3800, 14, 2012/11/01, 13:21:40.059, 203252861095, QTAgent32.exe, Playback - [WARNING] Internal warning: Smart Match failed
\0
W, 3800, 14, 2012/11/01, 13:21:40.223, 203255207763, QTAgent32.exe, Playback - [WARNING] Internal warning: Smart Match failed
\0
W, 3800, 14, 2012/11/01, 13:21:40.383, 203257497062, QTAgent32.exe, Playback - [WARNING] Internal warning: Smart Match failed
\0
W, 3800, 14, 2012/11/01, 13:21:40.543, 203259790684, QTAgent32.exe, Playback - [WARNING] Internal warning: Smart Match failed
\0
W, 3800, 14, 2012/11/01, 13:21:40.703, 203262080920, QTAgent32.exe, Playback - [WARNING] Internal warning: Smart Match failed
\0
W, 3800, 14, 2012/11/01, 13:21:40.863, 203264373406, QTAgent32.exe, Playback - [WARNING] Internal warning: Smart Match failed
\0
W, 3800, 14, 2012/11/01, 13:21:40.920, 203265188007, QTAgent32.exe, Playback - [WARNING] Internal warning: Window Not Found: [VisibleOnly]ControlType='Window' &amp;&amp; Name='View Quote Details' &amp;&amp; ClassName='ThunderRT6FormDC'
\0
E, 3800, 14, 2012/11/01, 13:21:40.920, 203265190235, QTAgent32.exe, &lt;a class=failure&gt;Playback - {109} [FAILED] Function ElementFetcher::FindScreenElement failed to locate UI element (Searching: ;[VisibleOnly]ControlType='Window' &amp;&amp; Name='View Quote Details' &amp;&amp; ClassName='ThunderRT6FormDC') (The object specified was not found.)
\0&lt;/a&gt;
E, 3800, 14, 2012/11/01, 13:21:41.034, 203266821563, QTAgent32.exe, Playback - [IMAGE] C:\Users\peter.zenin-ad\AppData\Local\Temp\UITestLogs\LastRun\RPF9CED.png
\0
W, 3800, 14, 2012/11/01, 13:21:41.034, 203266823694, QTAgent32.exe, Playback - [WARNING] Internal warning: Couldn't find descendants that match QueryId
\0
W, 3800, 14, 2012/11/01, 13:21:41.035, 203266826830, QTAgent32.exe, PERF WARNING: FindTopLevelWindowHelper::FindAllDescendents: took 3207 ms. Expected it to take maximum 500 ms.
E, 3800, 14, 2012/11/01, 13:21:41.035, 203266828579, QTAgent32.exe, Exception: System.Runtime.InteropServices.COMException
	Message: Error HRESULT E_FAIL has been returned from a call to a COM component.
	Stack Trace:    at Microsoft.VisualStudio.TestTools.UITest.Playback.Engine.IRPFPlayback.FindAllScreenElements(IScreenElement pScreenElementStart, String bstrQueryId, Object&amp; pvarResKeys, Int32 cResKeys, Int32 nMaxDepth, Object[]&amp; foundDescendants)
   at Microsoft.VisualStudio.TestTools.UITest.Playback.ScreenElement.FindTopLevelWindowHelper(String queryId)
	BaseExceptionMessage: Error HRESULT E_FAIL has been returned from a call to a COM component.

W, 3800, 14, 2012/11/01, 13:21:42.857, 203292903783, QTAgent32.exe, Playback - [WARNING] Internal warning: Element "[MSAA, VisibleOnly]ControlType='Window' &amp;&amp; ControlId='32770'" was not found, so all intermediate elements were ignored. To improve performance replace this element Id with another Id or exclude it from QueryId. If this element is the target element, replace or remove intermediate elements
\0
W, 3800, 14, 2012/11/01, 13:21:43.390, 203300544093, QTAgent32.exe, PERF WARNING: FindAllDescendents: took 2034 ms. Expected it to take maximum 500 ms.
W, 3800, 14, 2012/11/01, 13:21:43.741, 203305563251, QTAgent32.exe, &lt;a class=success&gt;Playback - {110} [SUCCESS] MouseButtonClick - "[MSAA, VisibleOnly]ControlType='Button' &amp;&amp; Name='Cancel'"
\0&lt;/a&gt;
W, 3800, 14, 2012/11/01, 13:21:43.994, 203309189290, QTAgent32.exe, &lt;a class=success&gt;Playback - {111} [SUCCESS] MouseButtonClick - "[MSAA, VisibleOnly]ControlType='Button' &amp;&amp; Name='Cancel'"
\0&lt;/a&gt;
W, 3800, 14, 2012/11/01, 13:21:44.222, 203312453435, QTAgent32.exe, &lt;a class=success&gt;Playback - {112} [SUCCESS] MouseButtonClick - "[MSAA, VisibleOnly]ControlType='Button' &amp;&amp; Name='Cancel'"
\0&lt;/a&gt;
W, 3800, 14, 2012/11/01, 13:21:44.449, 203315703003, QTAgent32.exe, &lt;a class=success&gt;Playback - {113} [SUCCESS] MouseButtonClick - "[MSAA, VisibleOnly]ControlType='Button' &amp;&amp; Name='Close'"
\0&lt;/a&gt;
W, 3800, 14, 2012/11/01, 13:21:48.551, 203374437365, QTAgent32.exe, IEDOM : StopSession of the plugin called before StartSession
W, 3800, 14, 2012/11/01, 13:21:48.551, 203374438698, QTAgent32.exe, UIA : StopSession of the plugin called before StartSession
W, 3800, 14, 2012/11/01, 13:21:48.551, 203374439427, QTAgent32.exe, SLPlugin : StopSession of the plugin called before StartSession
</DebugTrace>
        <ErrorInfo>
          <Message>Test method TestProject7.TamAutotest.MotoTest2 threw exception: 
Microsoft.VisualStudio.TestTools.UITest.Extension.UITestControlNotFoundException: The playback failed to find the control with the given search properties. Additional Details: 
TechnologyName:  'MSAA'
ControlType:  'Window'
Name:  'View Quote Details'
ClassName:  'ThunderRT6FormDC'
 ---&gt; System.Runtime.InteropServices.COMException: Error HRESULT E_FAIL has been returned from a call to a COM component.</Message>
          <StackTrace>    at Microsoft.VisualStudio.TestTools.UITest.Playback.Engine.IRPFPlayback.FindAllScreenElements(IScreenElement pScreenElementStart, String bstrQueryId, Object&amp; pvarResKeys, Int32 cResKeys, Int32 nMaxDepth, Object[]&amp; foundDescendants)
   at Microsoft.VisualStudio.TestTools.UITest.Playback.ScreenElement.FindTopLevelWindowHelper(String queryId)
   at Microsoft.VisualStudio.TestTools.UITest.Playback.ScreenElement.FindFromPartialQueryId(String queryId)
   at Microsoft.VisualStudio.TestTools.UITesting.UITestControl..ctor(String queryId)
 --- End of inner exception stack trace ---
    at Microsoft.VisualStudio.TestTools.UITesting.Playback.MapControlNotFoundException(COMException ex, IPlaybackContext context)
   at Microsoft.VisualStudio.TestTools.UITesting.Playback.MapAndThrowComException(COMException innerException, IPlaybackContext context)
   at Microsoft.VisualStudio.TestTools.UITesting.Playback.MapAndThrowException(SystemException exception, IPlaybackContext context)
   at Microsoft.VisualStudio.TestTools.UITesting.Playback.MapAndThrowException(SystemException exception, String queryId)
   at Microsoft.VisualStudio.TestTools.UITesting.UITestControl..ctor(String queryId)
   at Microsoft.VisualStudio.TestTools.UITesting.SearchHelper.SearchTopLevelWindow(ISearchArgument topLevelSearchArg, String topLevelElementQueryId)
   at Microsoft.VisualStudio.TestTools.UITesting.SearchHelper.GetTitleUpdatedTopLevelWindow(ISearchArgument topLevelSearchArg, String queryId, IList`1 windowTitles)
   at Microsoft.VisualStudio.TestTools.UITesting.SearchHelper.GetTopLevelElement(Boolean useCache, Boolean useCacheOnly, ISearchArgument searchArg, IList`1 windowTitles, Int32&amp; timeLeft)
   at Microsoft.VisualStudio.TestTools.UITesting.SearchHelper.GetUITestControlRecursive(Boolean useCache, Boolean alwaysSearch, ISearchArgument searchArg, IList`1 windowTitles, Int32&amp; timeLeft)
   at Microsoft.VisualStudio.TestTools.UITesting.SearchHelper.GetUITestControlRecursive(Boolean useCache, Boolean alwaysSearch, ISearchArgument searchArg, IList`1 windowTitles, Int32&amp; timeLeft)
   at Microsoft.VisualStudio.TestTools.UITesting.SearchHelper.GetUITestControlRecursive(Boolean useCache, Boolean alwaysSearch, ISearchArgument searchArg, IList`1 windowTitles, Int32&amp; timeLeft)
   at Microsoft.VisualStudio.TestTools.UITesting.SearchHelper.GetUITestControlRecursive(Boolean useCache, Boolean alwaysSearch, ISearchArgument searchArg, IList`1 windowTitles, Int32&amp; timeLeft)
   at Microsoft.VisualStudio.TestTools.UITesting.SearchHelper.GetUITestControlRecursive(Boolean useCache, Boolean alwaysSearch, ISearchArgument searchArg, IList`1 windowTitles, Int32&amp; timeLeft)
   at Microsoft.VisualStudio.TestTools.UITesting.SearchHelper.GetElement(Boolean useCache, ISearchArgument searchArg)
   at Microsoft.VisualStudio.TestTools.UITesting.SearchHelper.Search(ISearchArgument searchArg)
   at Microsoft.VisualStudio.TestTools.UITesting.UITestControl.FindInternal()
   at Microsoft.VisualStudio.TestTools.UITesting.UITestControl.Find()
   at Microsoft.VisualStudio.TestTools.UITesting.UITestControl.GetProperty(String propertyName)
   at Microsoft.VisualStudio.TestTools.UITesting.HtmlControls.HtmlControl.get_InnerText()
   at TestProject7.UIMap.CheckAutoPrint() in C:\Users\peter.zenin-ad\Desktop\TestProject7\TestProject7\UIMap.Designer.cs:line 294
   at TestProject7.TamAutotest.MotoTest2() in C:\Users\peter.zenin-ad\Desktop\TestProject7\TestProject7\CodedUITest1.cs:line 125
</StackTrace>
        </ErrorInfo>
      </Output>
      <ResultFiles>
        <ResultFile path="ICLVDEVAP01\MotoTest2.png" />
      </ResultFiles>
      <ExtensionResult>Exception has been thrown by the target of an invocation.</ExtensionResult>
    </UnitTestResult>
    <UnitTestResult executionId="b5135d47-3fa3-4a70-9c72-f7b88b984ac7" testId="450e4b2d-ad88-da3f-6d50-5c9a0ae1aa51" testName="MotoTest3" computerName="ICLVDEVAP01" duration="00:00:00.5415122" startTime="2012-11-01T13:21:48.5747123+00:00" endTime="2012-11-01T13:21:49.1187667+00:00" testType="13cdc9d9-ddb5-4fa4-a97d-d965ccfc6d4b" outcome="Failed" testListId="8c84fa94-04c1-424b-9868-57a2d4851a1d" relativeResultsDirectory="b5135d47-3fa3-4a70-9c72-f7b88b984ac7">
      <Output>
        <DebugTrace>W, 3800, 22, 2012/11/01, 13:21:48.578, 203374827916, QTAgent32.exe, ExtensionFramework : A Technology Manager with name Web is already registered.
W, 3800, 22, 2012/11/01, 13:21:48.595, 203375070705, QTAgent32.exe, SLPlugin: Port 4503 already in use
W, 3800, 22, 2012/11/01, 13:21:48.595, 203375074503, QTAgent32.exe, SLPlugin: Port 943 already in use
W, 3800, 22, 2012/11/01, 13:21:49.116, 203382529273, QTAgent32.exe, IEDOM : StopSession of the plugin called before StartSession
W, 3800, 22, 2012/11/01, 13:21:49.116, 203382530475, QTAgent32.exe, UIA : StopSession of the plugin called before StartSession
W, 3800, 22, 2012/11/01, 13:21:49.116, 203382531191, QTAgent32.exe, SLPlugin : StopSession of the plugin called before StartSession
</DebugTrace>
        <ErrorInfo>
          <Message>Initialization method TestProject7.TamAutotest.StartTest threw exception. Microsoft.VisualStudio.TestTools.UITest.Extension.FailedToLaunchApplicationException: Microsoft.VisualStudio.TestTools.UITest.Extension.FailedToLaunchApplicationException: "The application cannot be started. This could be due to one of the following reasons:
1) Another instance of the application is already running and only one instance can be running at a time.
2) The application started another process and has now stopped. You may need to launch the process directly.
3) You do not have sufficient privileges for this application." File: C:\APPLIED\WINTAM\HOMEBASE.EXE..</Message>
          <StackTrace>    at Microsoft.VisualStudio.TestTools.UITesting.ApplicationUnderTest.ThrowIfProcessNotValid(Process process)
   at Microsoft.VisualStudio.TestTools.UITesting.ApplicationUnderTest.Start(ProcessStartInfo startInfo)
   at Microsoft.VisualStudio.TestTools.UITesting.ApplicationUnderTest..ctor(String fileName, String alternateFileName, String arguments)
   at Microsoft.VisualStudio.TestTools.UITesting.ApplicationUnderTest.Launch(String fileName, String alternateFileName)
   at TestProject7.UIMap.Login_new() in C:\Users\peter.zenin-ad\Desktop\TestProject7\TestProject7\UIMap.Designer.cs:line 1955
   at TestProject7.TamAutotest.StartTest() in C:\Users\peter.zenin-ad\Desktop\TestProject7\TestProject7\CodedUITest1.cs:line 30
</StackTrace>
        </ErrorInfo>
      </Output>
    </UnitTestResult>
    <UnitTestResult executionId="eb40713b-1890-4bdf-ab9e-272ee6a81412" testId="4e743fde-a814-86c0-27fd-8728ac2cb692" testName="MotoTest4" computerName="ICLVDEVAP01" duration="00:00:00.5113064" startTime="2012-11-01T13:21:49.1227671+00:00" endTime="2012-11-01T13:21:49.6378186+00:00" testType="13cdc9d9-ddb5-4fa4-a97d-d965ccfc6d4b" outcome="Failed" testListId="8c84fa94-04c1-424b-9868-57a2d4851a1d" relativeResultsDirectory="eb40713b-1890-4bdf-ab9e-272ee6a81412">
      <Output>
        <DebugTrace>W, 3800, 28, 2012/11/01, 13:21:49.127, 203382681851, QTAgent32.exe, ExtensionFramework : A Technology Manager with name Web is already registered.
W, 3800, 28, 2012/11/01, 13:21:49.131, 203382746247, QTAgent32.exe, SLPlugin: Port 4503 already in use
W, 3800, 28, 2012/11/01, 13:21:49.131, 203382749544, QTAgent32.exe, SLPlugin: Port 943 already in use
W, 3800, 28, 2012/11/01, 13:21:49.635, 203389959864, QTAgent32.exe, IEDOM : StopSession of the plugin called before StartSession
W, 3800, 28, 2012/11/01, 13:21:49.635, 203389961156, QTAgent32.exe, UIA : StopSession of the plugin called before StartSession
W, 3800, 28, 2012/11/01, 13:21:49.635, 203389961857, QTAgent32.exe, SLPlugin : StopSession of the plugin called before StartSession
</DebugTrace>
        <ErrorInfo>
          <Message>Initialization method TestProject7.TamAutotest.StartTest threw exception. Microsoft.VisualStudio.TestTools.UITest.Extension.FailedToLaunchApplicationException: Microsoft.VisualStudio.TestTools.UITest.Extension.FailedToLaunchApplicationException: "The application cannot be started. This could be due to one of the following reasons:
1) Another instance of the application is already running and only one instance can be running at a time.
2) The application started another process and has now stopped. You may need to launch the process directly.
3) You do not have sufficient privileges for this application." File: C:\APPLIED\WINTAM\HOMEBASE.EXE..</Message>
          <StackTrace>    at Microsoft.VisualStudio.TestTools.UITesting.ApplicationUnderTest.ThrowIfProcessNotValid(Process process)
   at Microsoft.VisualStudio.TestTools.UITesting.ApplicationUnderTest.Start(ProcessStartInfo startInfo)
   at Microsoft.VisualStudio.TestTools.UITesting.ApplicationUnderTest..ctor(String fileName, String alternateFileName, String arguments)
   at Microsoft.VisualStudio.TestTools.UITesting.ApplicationUnderTest.Launch(String fileName, String alternateFileName)
   at TestProject7.UIMap.Login_new() in C:\Users\peter.zenin-ad\Desktop\TestProject7\TestProject7\UIMap.Designer.cs:line 1955
   at TestProject7.TamAutotest.StartTest() in C:\Users\peter.zenin-ad\Desktop\TestProject7\TestProject7\CodedUITest1.cs:line 30
</StackTrace>
        </ErrorInfo>
      </Output>
    </UnitTestResult>
    <UnitTestResult executionId="8b87790b-3441-4784-8427-8d1c21dea25c" testId="10042bab-44aa-7cea-8ac0-06cc3b3adbb3" testName="MotoTest5" computerName="ICLVDEVAP01" duration="00:00:00.5121782" startTime="2012-11-01T13:21:49.6418190+00:00" endTime="2012-11-01T13:21:50.1568705+00:00" testType="13cdc9d9-ddb5-4fa4-a97d-d965ccfc6d4b" outcome="Failed" testListId="8c84fa94-04c1-424b-9868-57a2d4851a1d" relativeResultsDirectory="8b87790b-3441-4784-8427-8d1c21dea25c">
      <Output>
        <DebugTrace>W, 3800, 34, 2012/11/01, 13:21:49.645, 203390107863, QTAgent32.exe, ExtensionFramework : A Technology Manager with name Web is already registered.
W, 3800, 34, 2012/11/01, 13:21:49.650, 203390176231, QTAgent32.exe, SLPlugin: Port 4503 already in use
W, 3800, 34, 2012/11/01, 13:21:49.650, 203390179557, QTAgent32.exe, SLPlugin: Port 943 already in use
W, 3800, 34, 2012/11/01, 13:21:50.154, 203397391932, QTAgent32.exe, IEDOM : StopSession of the plugin called before StartSession
W, 3800, 34, 2012/11/01, 13:21:50.154, 203397393175, QTAgent32.exe, UIA : StopSession of the plugin called before StartSession
W, 3800, 34, 2012/11/01, 13:21:50.154, 203397393882, QTAgent32.exe, SLPlugin : StopSession of the plugin called before StartSession
</DebugTrace>
        <ErrorInfo>
          <Message>Initialization method TestProject7.TamAutotest.StartTest threw exception. Microsoft.VisualStudio.TestTools.UITest.Extension.FailedToLaunchApplicationException: Microsoft.VisualStudio.TestTools.UITest.Extension.FailedToLaunchApplicationException: "The application cannot be started. This could be due to one of the following reasons:
1) Another instance of the application is already running and only one instance can be running at a time.
2) The application started another process and has now stopped. You may need to launch the process directly.
3) You do not have sufficient privileges for this application." File: C:\APPLIED\WINTAM\HOMEBASE.EXE..</Message>
          <StackTrace>    at Microsoft.VisualStudio.TestTools.UITesting.ApplicationUnderTest.ThrowIfProcessNotValid(Process process)
   at Microsoft.VisualStudio.TestTools.UITesting.ApplicationUnderTest.Start(ProcessStartInfo startInfo)
   at Microsoft.VisualStudio.TestTools.UITesting.ApplicationUnderTest..ctor(String fileName, String alternateFileName, String arguments)
   at Microsoft.VisualStudio.TestTools.UITesting.ApplicationUnderTest.Launch(String fileName, String alternateFileName)
   at TestProject7.UIMap.Login_new() in C:\Users\peter.zenin-ad\Desktop\TestProject7\TestProject7\UIMap.Designer.cs:line 1955
   at TestProject7.TamAutotest.StartTest() in C:\Users\peter.zenin-ad\Desktop\TestProject7\TestProject7\CodedUITest1.cs:line 30
</StackTrace>
        </ErrorInfo>
      </Output>
    </UnitTestResult>
    <UnitTestResult executionId="2fa4bc9a-f9df-4e7f-ac57-785723a32eb4" testId="b7f68495-37f9-58f0-5c9b-6e190b9adaa8" testName="MotoTest6" computerName="ICLVDEVAP01" duration="00:00:00.5112899" startTime="2012-11-01T13:21:50.1608709+00:00" endTime="2012-11-01T13:21:50.6739222+00:00" testType="13cdc9d9-ddb5-4fa4-a97d-d965ccfc6d4b" outcome="Failed" testListId="8c84fa94-04c1-424b-9868-57a2d4851a1d" relativeResultsDirectory="2fa4bc9a-f9df-4e7f-ac57-785723a32eb4">
      <Output>
        <DebugTrace>W, 3800, 40, 2012/11/01, 13:21:50.164, 203397532418, QTAgent32.exe, ExtensionFramework : A Technology Manager with name Web is already registered.
W, 3800, 40, 2012/11/01, 13:21:50.168, 203397598878, QTAgent32.exe, SLPlugin: Port 4503 already in use
W, 3800, 40, 2012/11/01, 13:21:50.169, 203397602410, QTAgent32.exe, SLPlugin: Port 943 already in use
W, 3800, 40, 2012/11/01, 13:21:50.672, 203404807529, QTAgent32.exe, IEDOM : StopSession of the plugin called before StartSession
W, 3800, 40, 2012/11/01, 13:21:50.672, 203404808675, QTAgent32.exe, UIA : StopSession of the plugin called before StartSession
W, 3800, 40, 2012/11/01, 13:21:50.672, 203404809460, QTAgent32.exe, SLPlugin : StopSession of the plugin called before StartSession
</DebugTrace>
        <ErrorInfo>
          <Message>Initialization method TestProject7.TamAutotest.StartTest threw exception. Microsoft.VisualStudio.TestTools.UITest.Extension.FailedToLaunchApplicationException: Microsoft.VisualStudio.TestTools.UITest.Extension.FailedToLaunchApplicationException: "The application cannot be started. This could be due to one of the following reasons:
1) Another instance of the application is already running and only one instance can be running at a time.
2) The application started another process and has now stopped. You may need to launch the process directly.
3) You do not have sufficient privileges for this application." File: C:\APPLIED\WINTAM\HOMEBASE.EXE..</Message>
          <StackTrace>    at Microsoft.VisualStudio.TestTools.UITesting.ApplicationUnderTest.ThrowIfProcessNotValid(Process process)
   at Microsoft.VisualStudio.TestTools.UITesting.ApplicationUnderTest.Start(ProcessStartInfo startInfo)
   at Microsoft.VisualStudio.TestTools.UITesting.ApplicationUnderTest..ctor(String fileName, String alternateFileName, String arguments)
   at Microsoft.VisualStudio.TestTools.UITesting.ApplicationUnderTest.Launch(String fileName, String alternateFileName)
   at TestProject7.UIMap.Login_new() in C:\Users\peter.zenin-ad\Desktop\TestProject7\TestProject7\UIMap.Designer.cs:line 1955
   at TestProject7.TamAutotest.StartTest() in C:\Users\peter.zenin-ad\Desktop\TestProject7\TestProject7\CodedUITest1.cs:line 30
</StackTrace>
        </ErrorInfo>
      </Output>
    </UnitTestResult>
    <UnitTestResult executionId="f5955e84-669c-4867-b83b-d9807e701a73" testId="e022376f-b2fb-4981-6140-b019eeaa6c94" testName="MotoTest7" computerName="ICLVDEVAP01" duration="00:00:00.5113155" startTime="2012-11-01T13:21:50.6789227+00:00" endTime="2012-11-01T13:21:51.1929741+00:00" testType="13cdc9d9-ddb5-4fa4-a97d-d965ccfc6d4b" outcome="Failed" testListId="8c84fa94-04c1-424b-9868-57a2d4851a1d" relativeResultsDirectory="f5955e84-669c-4867-b83b-d9807e701a73">
      <Output>
        <DebugTrace>W, 3800, 46, 2012/11/01, 13:21:50.682, 203404948503, QTAgent32.exe, ExtensionFramework : A Technology Manager with name Web is already registered.
W, 3800, 46, 2012/11/01, 13:21:50.686, 203405017626, QTAgent32.exe, SLPlugin: Port 4503 already in use
W, 3800, 46, 2012/11/01, 13:21:50.687, 203405021134, QTAgent32.exe, SLPlugin: Port 943 already in use
W, 3800, 46, 2012/11/01, 13:21:51.190, 203412226112, QTAgent32.exe, IEDOM : StopSession of the plugin called before StartSession
W, 3800, 46, 2012/11/01, 13:21:51.190, 203412227402, QTAgent32.exe, UIA : StopSession of the plugin called before StartSession
W, 3800, 46, 2012/11/01, 13:21:51.190, 203412228124, QTAgent32.exe, SLPlugin : StopSession of the plugin called before StartSession
</DebugTrace>
        <ErrorInfo>
          <Message>Initialization method TestProject7.TamAutotest.StartTest threw exception. Microsoft.VisualStudio.TestTools.UITest.Extension.FailedToLaunchApplicationException: Microsoft.VisualStudio.TestTools.UITest.Extension.FailedToLaunchApplicationException: "The application cannot be started. This could be due to one of the following reasons:
1) Another instance of the application is already running and only one instance can be running at a time.
2) The application started another process and has now stopped. You may need to launch the process directly.
3) You do not have sufficient privileges for this application." File: C:\APPLIED\WINTAM\HOMEBASE.EXE..</Message>
          <StackTrace>    at Microsoft.VisualStudio.TestTools.UITesting.ApplicationUnderTest.ThrowIfProcessNotValid(Process process)
   at Microsoft.VisualStudio.TestTools.UITesting.ApplicationUnderTest.Start(ProcessStartInfo startInfo)
   at Microsoft.VisualStudio.TestTools.UITesting.ApplicationUnderTest..ctor(String fileName, String alternateFileName, String arguments)
   at Microsoft.VisualStudio.TestTools.UITesting.ApplicationUnderTest.Launch(String fileName, String alternateFileName)
   at TestProject7.UIMap.Login_new() in C:\Users\peter.zenin-ad\Desktop\TestProject7\TestProject7\UIMap.Designer.cs:line 1955
   at TestProject7.TamAutotest.StartTest() in C:\Users\peter.zenin-ad\Desktop\TestProject7\TestProject7\CodedUITest1.cs:line 30
</StackTrace>
        </ErrorInfo>
      </Output>
    </UnitTestResult>
    <UnitTestResult executionId="4bff495a-cfc6-4e05-bad1-c8bc80fc2e1c" testId="07cf762e-0596-8be3-6b38-ed80b9a02463" testName="MotoTest8" computerName="ICLVDEVAP01" duration="00:00:00.5110210" startTime="2012-11-01T13:21:51.1969745+00:00" endTime="2012-11-01T13:21:51.7110259+00:00" testType="13cdc9d9-ddb5-4fa4-a97d-d965ccfc6d4b" outcome="Failed" testListId="8c84fa94-04c1-424b-9868-57a2d4851a1d" relativeResultsDirectory="4bff495a-cfc6-4e05-bad1-c8bc80fc2e1c">
      <Output>
        <DebugTrace>W, 3800, 52, 2012/11/01, 13:21:51.200, 203412371014, QTAgent32.exe, ExtensionFramework : A Technology Manager with name Web is already registered.
W, 3800, 52, 2012/11/01, 13:21:51.205, 203412438827, QTAgent32.exe, SLPlugin: Port 4503 already in use
W, 3800, 52, 2012/11/01, 13:21:51.205, 203412442122, QTAgent32.exe, SLPlugin: Port 943 already in use
W, 3800, 52, 2012/11/01, 13:21:51.709, 203419643706, QTAgent32.exe, IEDOM : StopSession of the plugin called before StartSession
W, 3800, 52, 2012/11/01, 13:21:51.709, 203419644948, QTAgent32.exe, UIA : StopSession of the plugin called before StartSession
W, 3800, 52, 2012/11/01, 13:21:51.709, 203419645663, QTAgent32.exe, SLPlugin : StopSession of the plugin called before StartSession
</DebugTrace>
        <ErrorInfo>
          <Message>Initialization method TestProject7.TamAutotest.StartTest threw exception. Microsoft.VisualStudio.TestTools.UITest.Extension.FailedToLaunchApplicationException: Microsoft.VisualStudio.TestTools.UITest.Extension.FailedToLaunchApplicationException: "The application cannot be started. This could be due to one of the following reasons:
1) Another instance of the application is already running and only one instance can be running at a time.
2) The application started another process and has now stopped. You may need to launch the process directly.
3) You do not have sufficient privileges for this application." File: C:\APPLIED\WINTAM\HOMEBASE.EXE..</Message>
          <StackTrace>    at Microsoft.VisualStudio.TestTools.UITesting.ApplicationUnderTest.ThrowIfProcessNotValid(Process process)
   at Microsoft.VisualStudio.TestTools.UITesting.ApplicationUnderTest.Start(ProcessStartInfo startInfo)
   at Microsoft.VisualStudio.TestTools.UITesting.ApplicationUnderTest..ctor(String fileName, String alternateFileName, String arguments)
   at Microsoft.VisualStudio.TestTools.UITesting.ApplicationUnderTest.Launch(String fileName, String alternateFileName)
   at TestProject7.UIMap.Login_new() in C:\Users\peter.zenin-ad\Desktop\TestProject7\TestProject7\UIMap.Designer.cs:line 1955
   at TestProject7.TamAutotest.StartTest() in C:\Users\peter.zenin-ad\Desktop\TestProject7\TestProject7\CodedUITest1.cs:line 30
</StackTrace>
        </ErrorInfo>
      </Output>
    </UnitTestResult>
    <UnitTestResult executionId="630e555b-7d3b-4c00-8f6a-a0072a4ee969" testId="1820a643-3d71-abad-9636-2b810c74ae19" testName="MotoTest9" computerName="ICLVDEVAP01" duration="00:00:00.5107632" startTime="2012-11-01T13:21:51.7150263+00:00" endTime="2012-11-01T13:21:52.2280776+00:00" testType="13cdc9d9-ddb5-4fa4-a97d-d965ccfc6d4b" outcome="Failed" testListId="8c84fa94-04c1-424b-9868-57a2d4851a1d" relativeResultsDirectory="630e555b-7d3b-4c00-8f6a-a0072a4ee969">
      <Output>
        <DebugTrace>W, 3800, 58, 2012/11/01, 13:21:51.719, 203419791271, QTAgent32.exe, ExtensionFramework : A Technology Manager with name Web is already registered.
W, 3800, 58, 2012/11/01, 13:21:51.724, 203419857864, QTAgent32.exe, SLPlugin: Port 4503 already in use
W, 3800, 58, 2012/11/01, 13:21:51.724, 203419861075, QTAgent32.exe, SLPlugin: Port 943 already in use
W, 3800, 58, 2012/11/01, 13:21:52.227, 203427059842, QTAgent32.exe, IEDOM : StopSession of the plugin called before StartSession
W, 3800, 58, 2012/11/01, 13:21:52.227, 203427061114, QTAgent32.exe, UIA : StopSession of the plugin called before StartSession
W, 3800, 58, 2012/11/01, 13:21:52.227, 203427061794, QTAgent32.exe, SLPlugin : StopSession of the plugin called before StartSession
</DebugTrace>
        <ErrorInfo>
          <Message>Initialization method TestProject7.TamAutotest.StartTest threw exception. Microsoft.VisualStudio.TestTools.UITest.Extension.FailedToLaunchApplicationException: Microsoft.VisualStudio.TestTools.UITest.Extension.FailedToLaunchApplicationException: "The application cannot be started. This could be due to one of the following reasons:
1) Another instance of the application is already running and only one instance can be running at a time.
2) The application started another process and has now stopped. You may need to launch the process directly.
3) You do not have sufficient privileges for this application." File: C:\APPLIED\WINTAM\HOMEBASE.EXE..</Message>
          <StackTrace>    at Microsoft.VisualStudio.TestTools.UITesting.ApplicationUnderTest.ThrowIfProcessNotValid(Process process)
   at Microsoft.VisualStudio.TestTools.UITesting.ApplicationUnderTest.Start(ProcessStartInfo startInfo)
   at Microsoft.VisualStudio.TestTools.UITesting.ApplicationUnderTest..ctor(String fileName, String alternateFileName, String arguments)
   at Microsoft.VisualStudio.TestTools.UITesting.ApplicationUnderTest.Launch(String fileName, String alternateFileName)
   at TestProject7.UIMap.Login_new() in C:\Users\peter.zenin-ad\Desktop\TestProject7\TestProject7\UIMap.Designer.cs:line 1955
   at TestProject7.TamAutotest.StartTest() in C:\Users\peter.zenin-ad\Desktop\TestProject7\TestProject7\CodedUITest1.cs:line 30
</StackTrace>
        </ErrorInfo>
      </Output>
    </UnitTestResult>
  </Results>
</TestRun>