<?xml version="1.0" encoding="UTF-8"?>
<TestRun id="8a3320c8-e146-4178-ac6d-578a2273fd25" name="peter.zenin-ad@ICLVDEVAP01 2012-11-02 07:33:23" runUser="INSUR-E\peter.zenin-ad" xmlns="http://microsoft.com/schemas/VisualStudio/TeamTest/2010">
  <TestSettings name="Default Test Settings" id="484c8ba2-3383-4039-9cfb-a8933e673821">
    <Execution>
      <TestTypeSpecific />
      <AgentRule name="Execution Agents">
      </AgentRule>
    </Execution>
    <Deployment runDeploymentRoot="peter.zenin-ad_ICLVDEVAP01 2012-11-02 07_33_23" />
  </TestSettings>
  <Times creation="2012-11-02T07:33:23.5848661+00:00" queuing="2012-11-02T07:33:25.6285709+00:00" start="2012-11-02T07:33:25.8469821+00:00" finish="2012-11-02T07:37:47.7505056+00:00" />
  <ResultSummary outcome="Failed">
    <Counters total="1" executed="1" error="0" failed="1" timeout="0" aborted="0" inconclusive="0" passedButRunAborted="0" notRunnable="0" notExecuted="0" disconnected="0" warning="0" passed="0" completed="0" inProgress="0" pending="0" />
  </ResultSummary>
  <TestDefinitions>
    <UnitTest name="MotoTest2" storage="testproject7.dll" id="6a41f98c-60c7-3333-a5a3-d5d87b5c35c7">
      <Execution id="90a32e5b-f91b-46ca-a685-2f9a51b6c475" />
      <TestMethod codeBase="C:/Users/peter.zenin-ad/Desktop/TestProject7/TestProject7/bin/Debug/TestProject7.dll" adapterTypeName="Microsoft.VisualStudio.TestTools.TestTypes.Unit.UnitTestAdapter, Microsoft.VisualStudio.QualityTools.Tips.UnitTest.Adapter, Version=10.0.0.0, Culture=neutral, PublicKeyToken=b03f5f7f11d50a3a" className="TestProject7.TamAutotest, TestProject7, Version=1.0.0.0, Culture=neutral, PublicKeyToken=null" name="MotoTest2" />
      <Extension>Microsoft.VisualStudio.TestTools.UITesting.CodedUITestAttribute, Microsoft.VisualStudio.QualityTools.CodedUITestFramework, Version=10.0.0.0, Culture=neutral, PublicKeyToken=b03f5f7f11d50a3a</Extension>
    </UnitTest>
  </TestDefinitions>
  <TestLists>
    <TestList name="Results Not in a List" id="8c84fa94-04c1-424b-9868-57a2d4851a1d" />
    <TestList name="All Loaded Results" id="19431567-8539-422a-85d7-44ee4e166bda" />
  </TestLists>
  <TestEntries>
    <TestEntry testId="6a41f98c-60c7-3333-a5a3-d5d87b5c35c7" executionId="90a32e5b-f91b-46ca-a685-2f9a51b6c475" testListId="8c84fa94-04c1-424b-9868-57a2d4851a1d" />
  </TestEntries>
  <Results>
    <UnitTestResult executionId="90a32e5b-f91b-46ca-a685-2f9a51b6c475" testId="6a41f98c-60c7-3333-a5a3-d5d87b5c35c7" testName="MotoTest2" computerName="ICLVDEVAP01" duration="00:04:20.7716573" startTime="2012-11-02T07:33:25.9249861+00:00" endTime="2012-11-02T07:37:47.6144920+00:00" testType="13cdc9d9-ddb5-4fa4-a97d-d965ccfc6d4b" outcome="Failed" testListId="8c84fa94-04c1-424b-9868-57a2d4851a1d" relativeResultsDirectory="90a32e5b-f91b-46ca-a685-2f9a51b6c475">
      <Output>
        <DebugTrace>W, 3280, 14, 2012/11/02, 07:33:28.545, 1141169062309, QTAgent32.exe, ExtensionFramework : A Technology Manager with name Web is already registered.
W, 3280, 14, 2012/11/02, 07:33:31.931, 1141217534715, QTAgent32.exe, &lt;a class=success&gt;Playback - {1} [SUCCESS] MouseButtonClick - "[MSAA, VisibleOnly]ControlType='Edit'"
\0&lt;/a&gt;
W, 3280, 14, 2012/11/02, 07:33:32.243, 1141222208438, QTAgent32.exe, &lt;a class=success&gt;Playback - {2} [SUCCESS] SendKeys "[*]" - "[MSAA, VisibleOnly]ControlType='Edit'"
\0&lt;/a&gt;
W, 3280, 14, 2012/11/02, 07:33:33.257, 1141236595147, QTAgent32.exe, &lt;a class=success&gt;Playback - {3} [SUCCESS] MouseButtonClick - "[MSAA, VisibleOnly]ControlType='Button' &amp;&amp; Name='OK'"
\0&lt;/a&gt;
W, 3280, 14, 2012/11/02, 07:33:35.113, 1141263132902, QTAgent32.exe, &lt;a class=success&gt;Playback - {4} [SUCCESS] MouseButtonClick - "[MSAA, VisibleOnly]ControlType='Button' &amp;&amp; Name='OK'"
\0&lt;/a&gt;
W, 3280, 14, 2012/11/02, 07:33:35.925, 1141274881127, QTAgent32.exe, &lt;a class=success&gt;Playback - {5} [SUCCESS] MouseButtonClick - "[MSAA, VisibleOnly]ControlType='Button' &amp;&amp; Name='Clients &amp; Files'"
\0&lt;/a&gt;
W, 3280, 14, 2012/11/02, 07:33:36.517, 1141283230540, QTAgent32.exe, &lt;a class=success&gt;Playback - {6} [SUCCESS] MouseButtonClick - "[MSAA, VisibleOnly]ControlType='Button' &amp;&amp; Name='Clients &amp; Files'"
\0&lt;/a&gt;
W, 3280, 14, 2012/11/02, 07:33:37.828, 1141302131579, QTAgent32.exe, Playback - [WARNING] Internal warning: Window Not Found: [VisibleOnly]ControlType='Window' &amp;&amp; Name='Customer: txt1 tdsfs' &amp;&amp; ClassName='ThunderRT6MDIForm'
\0
E, 3280, 14, 2012/11/02, 07:33:37.843, 1141302232091, QTAgent32.exe, &lt;a class=failure&gt;Playback - {7} [FAILED] Function ElementFetcher::FindScreenElement failed to locate UI element (Searching: ;[VisibleOnly]ControlType='Window' &amp;&amp; Name='Customer: txt1 tdsfs' &amp;&amp; ClassName='ThunderRT6MDIForm') (The object specified was not found.)
\0&lt;/a&gt;
E, 3280, 14, 2012/11/02, 07:33:38.015, 1141304678397, QTAgent32.exe, Playback - [IMAGE] C:\Users\peter.zenin-ad\AppData\Local\Temp\UITestLogs\LastRun\RPF45A0.png
\0
W, 3280, 14, 2012/11/02, 07:33:38.015, 1141304680497, QTAgent32.exe, Playback - [WARNING] Internal warning: Couldn't find descendants that match QueryId
\0
W, 3280, 14, 2012/11/02, 07:33:38.015, 1141304811413, QTAgent32.exe, PERF WARNING: FindTopLevelWindowHelper::FindAllDescendents: took 1385 ms. Expected it to take maximum 500 ms.
W, 3280, 14, 2012/11/02, 07:33:56.159, 1141564619631, QTAgent32.exe, Playback - [WARNING] Internal warning: Window Not Found: [VisibleOnly]ControlType='Window' &amp;&amp; Name='Customer: txt1 tdsfs' &amp;&amp; ClassName='ThunderRT6MDIForm'
\0
E, 3280, 14, 2012/11/02, 07:33:56.159, 1141564622588, QTAgent32.exe, &lt;a class=failure&gt;Playback - {8} [FAILED] Function ElementFetcher::FindScreenElement failed to locate UI element (Searching: ;[VisibleOnly]ControlType='Window' &amp;&amp; Name='Customer: txt1 tdsfs' &amp;&amp; ClassName='ThunderRT6MDIForm') (The object specified was not found.)
\0&lt;/a&gt;
E, 3280, 14, 2012/11/02, 07:33:56.284, 1141566334947, QTAgent32.exe, Playback - [IMAGE] C:\Users\peter.zenin-ad\AppData\Local\Temp\UITestLogs\LastRun\RPF8D2B.png
\0
W, 3280, 14, 2012/11/02, 07:33:56.284, 1141566336913, QTAgent32.exe, Playback - [WARNING] Internal warning: Couldn't find descendants that match QueryId
\0
W, 3280, 14, 2012/11/02, 07:33:56.284, 1141566339866, QTAgent32.exe, PERF WARNING: FindTopLevelWindowHelper::FindAllDescendents: took 18190 ms. Expected it to take maximum 500 ms.
W, 3280, 14, 2012/11/02, 07:33:57.875, 1141589138444, QTAgent32.exe, Playback - [WARNING] Internal warning: Window with Class "ThunderRT6MDIForm" and Title "Customer: txt1 tdsfs" was not found, so similar window with Class "ThunderRT6MDIForm" and Title "Customer: autotest" was accepted
\0
W, 3280, 14, 2012/11/02, 07:33:57.875, 1141589142328, QTAgent32.exe, PERF WARNING: FindTopLevelWindowHelper::FindAllDescendents: took 1592 ms. Expected it to take maximum 500 ms.
W, 3280, 14, 2012/11/02, 07:33:59.607, 1141613879322, QTAgent32.exe, Playback - [WARNING] Internal warning: Incorrect flag set for InvokeProgrammaticAction\0
W, 3280, 14, 2012/11/02, 07:33:59.934, 1141618492661, QTAgent32.exe, &lt;a class=success&gt;Playback - {9} [SUCCESS] SetValueAsComboBox "Customers" - "[MSAA, VisibleOnly]ControlType='ComboBox'"  &lt; SetValueAsComboBox, set by clicking on the item in the list box &gt;
\0&lt;/a&gt;
W, 3280, 14, 2012/11/02, 07:34:00.636, 1141628590893, QTAgent32.exe, &lt;a class=success&gt;Playback - {10} [SUCCESS] MouseButtonClick - "[MSAA, VisibleOnly]ControlType='Button' &amp;&amp; Name='Add'"
\0&lt;/a&gt;
W, 3280, 14, 2012/11/02, 07:34:01.042, 1141634330104, QTAgent32.exe, &lt;a class=success&gt;Playback - {11} [SUCCESS] SendKeys "autotest" - "[MSAA, VisibleOnly]ControlType='RadioButton' &amp;&amp; Name='Personal Lines'"
\0&lt;/a&gt;
E, 3280, 14, 2012/11/02, 07:34:01.213, 1141636794983, QTAgent32.exe, LoadLibrary() : Unable to find the resource 37382 from assembly C:\Windows\system32\en-US\ieframe.dll.mui: Error1814
E, 3280, 14, 2012/11/02, 07:34:01.213, 1141636800537, QTAgent32.exe, LoadLibrary() : Unable to find the resource 41728 from assembly C:\Windows\system32\en-US\ieframe.dll.mui: Error1814
E, 3280, 14, 2012/11/02, 07:34:01.213, 1141636802777, QTAgent32.exe, LoadLibrary() : Unable to find the resource 8131 from assembly C:\Windows\system32\en-US\ieframe.dll.mui: Error1814
E, 3280, 14, 2012/11/02, 07:34:01.213, 1141636804972, QTAgent32.exe, LoadLibrary() : Unable to find the resource 8131 from assembly C:\Windows\system32\en-US\ieframe.dll.mui: Error1814
E, 3280, 14, 2012/11/02, 07:34:01.213, 1141636808627, QTAgent32.exe, LoadLibrary() : Unable to find the resource 8131 from assembly C:\Windows\system32\en-US\ieframe.dll.mui: Error1814
E, 3280, 14, 2012/11/02, 07:34:01.213, 1141636909274, QTAgent32.exe, LoadLibrary() : Unable to find the resource 803 from assembly C:\Windows\system32\en-US\user32.dll.mui: Error1814
W, 3280, 14, 2012/11/02, 07:34:01.604, 1141642374767, QTAgent32.exe, &lt;a class=success&gt;Playback - {12} [SUCCESS] SetValueAsEditBox "autotest" - "[MSAA, VisibleOnly]ControlType='Edit'"  &lt; Set via SendKeys &gt;
\0&lt;/a&gt;
W, 3280, 14, 2012/11/02, 07:34:02.290, 1141652360828, QTAgent32.exe, &lt;a class=success&gt;Playback - {13} [SUCCESS] MouseButtonClick - "[MSAA, VisibleOnly]ControlType='Button' &amp;&amp; Name='OK'"
\0&lt;/a&gt;
W, 3280, 14, 2012/11/02, 07:34:02.930, 1141661562684, QTAgent32.exe, &lt;a class=success&gt;Playback - {14} [SUCCESS] MouseButtonClick - "[MSAA, VisibleOnly]ControlType='Button' &amp;&amp; Name='Yes'"
\0&lt;/a&gt;
W, 3280, 14, 2012/11/02, 07:34:03.148, 1141664489291, QTAgent32.exe, &lt;a class=success&gt;Playback - {15} [SUCCESS] SendKeys "^{HOME}" - "[MSAA, VisibleOnly]ControlType='Edit'"
\0&lt;/a&gt;
E, 3280, 14, 2012/11/02, 07:34:03.148, 1141664518234, QTAgent32.exe, Msaa.GetFocusedElement: could not find accessible object of foreground window
W, 3280, 14, 2012/11/02, 07:34:03.257, 1141666047455, QTAgent32.exe, &lt;a class=success&gt;Playback - {16} [SUCCESS] SendKeys "^+{END}" - "[MSAA, VisibleOnly]ControlType='Edit'"
\0&lt;/a&gt;
E, 3280, 14, 2012/11/02, 07:34:03.257, 1141666049881, QTAgent32.exe, Msaa.GetFocusedElement: could not find accessible object of foreground window
W, 3280, 14, 2012/11/02, 07:34:03.273, 1141666272088, QTAgent32.exe, &lt;a class=success&gt;Playback - {17} [SUCCESS] SendKeys "{DELETE}" - "[MSAA, VisibleOnly]ControlType='Edit'"
\0&lt;/a&gt;
W, 3280, 14, 2012/11/02, 07:34:03.351, 1141667394352, QTAgent32.exe, &lt;a class=success&gt;Playback - {18} [SUCCESS] SetValueAsEditBox "1" - "[MSAA, VisibleOnly]ControlType='Edit'"  &lt; Set via SendKeys &gt;
\0&lt;/a&gt;
W, 3280, 14, 2012/11/02, 07:34:03.569, 1141670516202, QTAgent32.exe, &lt;a class=success&gt;Playback - {19} [SUCCESS] SendKeys "^{HOME}" - "[MSAA, VisibleOnly]ControlType='Edit'"
\0&lt;/a&gt;
E, 3280, 14, 2012/11/02, 07:34:03.569, 1141670518617, QTAgent32.exe, Msaa.GetFocusedElement: could not find accessible object of foreground window
W, 3280, 14, 2012/11/02, 07:34:03.647, 1141671633779, QTAgent32.exe, &lt;a class=success&gt;Playback - {20} [SUCCESS] SendKeys "^+{END}" - "[MSAA, VisibleOnly]ControlType='Edit'"
\0&lt;/a&gt;
E, 3280, 14, 2012/11/02, 07:34:03.647, 1141671635997, QTAgent32.exe, Msaa.GetFocusedElement: could not find accessible object of foreground window
W, 3280, 14, 2012/11/02, 07:34:03.663, 1141671856457, QTAgent32.exe, &lt;a class=success&gt;Playback - {21} [SUCCESS] SendKeys "{DELETE}" - "[MSAA, VisibleOnly]ControlType='Edit'"
\0&lt;/a&gt;
W, 3280, 14, 2012/11/02, 07:34:03.741, 1141672975226, QTAgent32.exe, &lt;a class=success&gt;Playback - {22} [SUCCESS] SetValueAsEditBox "1" - "[MSAA, VisibleOnly]ControlType='Edit'"  &lt; Set via SendKeys &gt;
\0&lt;/a&gt;
W, 3280, 14, 2012/11/02, 07:34:04.334, 1141681637646, QTAgent32.exe, &lt;a class=success&gt;Playback - {23} [SUCCESS] MouseButtonClick - "[MSAA, VisibleOnly]ControlType='Button' &amp;&amp; Name='OK'"
\0&lt;/a&gt;
W, 3280, 14, 2012/11/02, 07:34:04.942, 1141690194112, QTAgent32.exe, &lt;a class=success&gt;Playback - {24} [SUCCESS] MouseButtonClick - "[MSAA, VisibleOnly]ControlType='Button'"
\0&lt;/a&gt;
W, 3280, 14, 2012/11/02, 07:34:05.488, 1141698193421, QTAgent32.exe, &lt;a class=success&gt;Playback - {25} [SUCCESS] MouseButtonClick - "[MSAA, VisibleOnly]ControlType='Button' &amp;&amp; Name='Add'"
\0&lt;/a&gt;
W, 3280, 14, 2012/11/02, 07:34:06.143, 1141707514287, QTAgent32.exe, &lt;a class=success&gt;Playback - {26} [SUCCESS] MouseButtonClick - "[MSAA, VisibleOnly]ControlType='Button' &amp;&amp; Name='OK'"
\0&lt;/a&gt;
W, 3280, 14, 2012/11/02, 07:34:08.624, 1141742884856, QTAgent32.exe, &lt;a class=success&gt;Playback - {27} [SUCCESS] MouseButtonClick - "[MSAA, VisibleOnly,Window]ControlType='Window' &amp;&amp; ClassName='ThunderRT6TextBox'"
\0&lt;/a&gt;
W, 3280, 14, 2012/11/02, 07:34:08.983, 1141748027987, QTAgent32.exe, &lt;a class=success&gt;Playback - {28} [SUCCESS] SetValueAsEditBox "MOTO" - "[MSAA, VisibleOnly]ControlType='Edit'"  &lt; Set via SendKeys &gt;
\0&lt;/a&gt;
W, 3280, 14, 2012/11/02, 07:34:09.482, 1141755358554, QTAgent32.exe, &lt;a class=success&gt;Playback - {29} [SUCCESS] MouseButtonClick - "[MSAA, VisibleOnly]ControlType='Button' &amp;&amp; Name='OK'"
\0&lt;/a&gt;
W, 3280, 14, 2012/11/02, 07:34:09.950, 1141761869906, QTAgent32.exe, &lt;a class=success&gt;Playback - {30} [SUCCESS] MouseButtonClick - "[MSAA, VisibleOnly]ControlType='Button' &amp;&amp; Name='Options'"
\0&lt;/a&gt;
W, 3280, 14, 2012/11/02, 07:34:10.075, 1141763685634, QTAgent32.exe, FindScreenElementInSinglePass : Attempting to find control in one pass of search. Failures can occur.
W, 3280, 14, 2012/11/02, 07:34:10.293, 1141766791496, QTAgent32.exe, &lt;a class=success&gt;Playback - {31} [SUCCESS] MouseButtonClick - "[MSAA]ControlType='MenuItem' &amp;&amp; Name='Links'"
\0&lt;/a&gt;
W, 3280, 14, 2012/11/02, 07:34:10.402, 1141768356775, QTAgent32.exe, FindScreenElementInSinglePass : Attempting to find control in one pass of search. Failures can occur.
W, 3280, 14, 2012/11/02, 07:34:10.574, 1141770804887, QTAgent32.exe, &lt;a class=success&gt;Playback - {32} [SUCCESS] MouseButtonClick - "[MSAA]ControlType='MenuItem' &amp;&amp; Name='3rd Party Integration'"
\0&lt;/a&gt;
W, 3280, 14, 2012/11/02, 07:34:10.683, 1141772372833, QTAgent32.exe, FindScreenElementInSinglePass : Attempting to find control in one pass of search. Failures can occur.
W, 3280, 14, 2012/11/02, 07:34:10.870, 1141775069139, QTAgent32.exe, &lt;a class=success&gt;Playback - {33} [SUCCESS] MouseButtonClick - "[MSAA]ControlType='MenuItem' &amp;&amp; Name='Quote Select List'"
\0&lt;/a&gt;
W, 3280, 14, 2012/11/02, 07:34:14.334, 1141824644646, QTAgent32.exe, PERF WARNING: FindTopLevelWindowHelper::FindAllDescendents: took 3348 ms. Expected it to take maximum 500 ms.
W, 3280, 14, 2012/11/02, 07:34:14.661, 1141829504625, QTAgent32.exe, &lt;a class=success&gt;Playback - {34} [SUCCESS] MouseButtonClick - "[MSAA, VisibleOnly]ControlType='Button' &amp;&amp; Name='Ok'"
\0&lt;/a&gt;
W, 3280, 14, 2012/11/02, 07:34:18.593, 1141885616030, QTAgent32.exe, PERF WARNING: FindTopLevelWindowHelper::FindAllDescendents: took 3740 ms. Expected it to take maximum 500 ms.
W, 3280, 14, 2012/11/02, 07:34:19.030, 1141891968039, QTAgent32.exe, &lt;a class=success&gt;Playback - {35} [SUCCESS] MouseButtonClick - "[MSAA, VisibleOnly]ControlType='Button' &amp;&amp; Name='Ok'"
\0&lt;/a&gt;
W, 3280, 14, 2012/11/02, 07:34:19.482, 1141898350688, QTAgent32.exe, &lt;a class=success&gt;Playback - {36} [SUCCESS] SetValueAsEditBox "Test" - "[MSAA, VisibleOnly]ControlType='Edit'"  &lt; Set via SendKeys &gt;
\0&lt;/a&gt;
W, 3280, 14, 2012/11/02, 07:34:19.685, 1141901253270, QTAgent32.exe, &lt;a class=success&gt;Playback - {37} [SUCCESS] SendKeys "{Tab}" - "[MSAA, VisibleOnly]ControlType='Edit'"
\0&lt;/a&gt;
W, 3280, 14, 2012/11/02, 07:34:20.044, 1141906392985, QTAgent32.exe, &lt;a class=success&gt;Playback - {38} [SUCCESS] SetValueAsEditBox "test" - "[MSAA, VisibleOnly]ControlType='Edit'"  &lt; Set via SendKeys &gt;
\0&lt;/a&gt;
W, 3280, 14, 2012/11/02, 07:34:20.543, 1141913539357, QTAgent32.exe, &lt;a class=success&gt;Playback - {39} [SUCCESS] SetValueAsEditBox "160485" - "[MSAA, VisibleOnly]ControlType='Edit'"  &lt; Set via SendKeys &gt;
\0&lt;/a&gt;
W, 3280, 14, 2012/11/02, 07:34:20.964, 1141919572246, QTAgent32.exe, &lt;a class=success&gt;Playback - {40} [SUCCESS] SetValueAsEditBox "B338TH" - "[MSAA, VisibleOnly]ControlType='Edit'"  &lt; Set via SendKeys &gt;
\0&lt;/a&gt;
W, 3280, 14, 2012/11/02, 07:34:23.429, 1141954860288, QTAgent32.exe, &lt;a class=success&gt;Playback - {41} [SUCCESS] MouseButtonClick - "[MSAA, VisibleOnly]ControlType='Button' &amp;&amp; Name='Lookup...'"
\0&lt;/a&gt;
W, 3280, 14, 2012/11/02, 07:34:23.866, 1141961256184, QTAgent32.exe, &lt;a class=success&gt;Playback - {42} [SUCCESS] MouseButtonClick - "[MSAA, VisibleOnly]ControlType='Button' &amp;&amp; Name='Ok'"
\0&lt;/a&gt;
W, 3280, 14, 2012/11/02, 07:34:26.144, 1141993919631, QTAgent32.exe, &lt;a class=success&gt;Playback - {43} [SUCCESS] MouseButtonClick - "[MSAA, VisibleOnly]ControlType='Button' &amp;&amp; Name='OK'"
\0&lt;/a&gt;
W, 3280, 14, 2012/11/02, 07:34:26.830, 1142003556953, QTAgent32.exe, Playback - [WARNING] Internal warning: Incorrect flag set for InvokeProgrammaticAction\0
W, 3280, 14, 2012/11/02, 07:34:27.158, 1142008257851, QTAgent32.exe, &lt;a class=success&gt;Playback - {44} [SUCCESS] SetValueAsComboBox "Account Executive" - "[MSAA, VisibleOnly]ControlType='ComboBox'"  &lt; SetValueAsComboBox, set by clicking on the item in the list box &gt;
\0&lt;/a&gt;
W, 3280, 14, 2012/11/02, 07:34:27.797, 1142017430378, QTAgent32.exe, Playback - [WARNING] Internal warning: Incorrect flag set for InvokeProgrammaticAction\0
W, 3280, 14, 2012/11/02, 07:34:28.125, 1142022105335, QTAgent32.exe, &lt;a class=success&gt;Playback - {45} [SUCCESS] SetValueAsComboBox "Acupuncture" - "[MSAA, VisibleOnly]ControlType='ComboBox'"  &lt; SetValueAsComboBox, set by clicking on the item in the list box &gt;
\0&lt;/a&gt;
W, 3280, 14, 2012/11/02, 07:34:28.640, 1142029465371, QTAgent32.exe, &lt;a class=success&gt;Playback - {46} [SUCCESS] SetValueAsEditBox "151101" - "[MSAA, VisibleOnly]ControlType='Edit'"  &lt; Set via SendKeys &gt;
\0&lt;/a&gt;
W, 3280, 14, 2012/11/02, 07:34:30.356, 1142054192938, QTAgent32.exe, &lt;a class=success&gt;Playback - {47} [SUCCESS] MouseButtonClick - "[MSAA, VisibleOnly]ControlType='Button' &amp;&amp; Name='OK'"
\0&lt;/a&gt;
W, 3280, 14, 2012/11/02, 07:34:30.886, 1142061630213, QTAgent32.exe, &lt;a class=success&gt;Playback - {48} [SUCCESS] SetValueAsEditBox "RF53OXL" - "[MSAA, VisibleOnly]ControlType='Edit'"  &lt; Set via SendKeys &gt;
\0&lt;/a&gt;
W, 3280, 14, 2012/11/02, 07:34:33.351, 1142096921804, QTAgent32.exe, &lt;a class=success&gt;Playback - {49} [SUCCESS] MouseButtonClick - "[MSAA, VisibleOnly]ControlType='Button' &amp;&amp; Name='Filter'"
\0&lt;/a&gt;
W, 3280, 14, 2012/11/02, 07:34:34.287, 1142110487969, QTAgent32.exe, &lt;a class=success&gt;Playback - {50} [SUCCESS] MouseButtonClick - "[MSAA, VisibleOnly]ControlType='Button' &amp;&amp; Name='OK'"
\0&lt;/a&gt;
W, 3280, 14, 2012/11/02, 07:34:34.833, 1142118135541, QTAgent32.exe, &lt;a class=success&gt;Playback - {51} [SUCCESS] SendKeys "^{HOME}" - "[MSAA, VisibleOnly]ControlType='Edit'"
\0&lt;/a&gt;
E, 3280, 14, 2012/11/02, 07:34:34.833, 1142118137971, QTAgent32.exe, Msaa.GetFocusedElement: could not find accessible object of foreground window
W, 3280, 14, 2012/11/02, 07:34:34.927, 1142119476264, QTAgent32.exe, &lt;a class=success&gt;Playback - {52} [SUCCESS] SendKeys "^+{END}" - "[MSAA, VisibleOnly]ControlType='Edit'"
\0&lt;/a&gt;
E, 3280, 14, 2012/11/02, 07:34:34.927, 1142119478445, QTAgent32.exe, Msaa.GetFocusedElement: could not find accessible object of foreground window
W, 3280, 14, 2012/11/02, 07:34:34.958, 1142119922688, QTAgent32.exe, &lt;a class=success&gt;Playback - {53} [SUCCESS] SendKeys "{DELETE}" - "[MSAA, VisibleOnly]ControlType='Edit'"
\0&lt;/a&gt;
W, 3280, 14, 2012/11/02, 07:34:35.161, 1142122830884, QTAgent32.exe, &lt;a class=success&gt;Playback - {54} [SUCCESS] SetValueAsEditBox "1000" - "[MSAA, VisibleOnly]ControlType='Edit'"  &lt; Set via SendKeys &gt;
\0&lt;/a&gt;
W, 3280, 14, 2012/11/02, 07:34:35.644, 1142129822283, QTAgent32.exe, &lt;a class=success&gt;Playback - {55} [SUCCESS] MouseButtonClick - "[MSAA, VisibleOnly]ControlType='Button' &amp;&amp; Name='Calculate Quote'"
\0&lt;/a&gt;
W, 3280, 14, 2012/11/02, 07:34:36.128, 1142136695360, QTAgent32.exe, &lt;a class=success&gt;Playback - {56} [SUCCESS] MouseButtonClick - "[MSAA, VisibleOnly]ControlType='Button' &amp;&amp; Name='Cancel'"
\0&lt;/a&gt;
W, 3280, 14, 2012/11/02, 07:34:36.627, 1142143969295, QTAgent32.exe, &lt;a class=success&gt;Playback - {57} [SUCCESS] MouseButtonClick - "[MSAA, VisibleOnly]ControlType='Button' &amp;&amp; Name='No'"
\0&lt;/a&gt;
W, 3280, 14, 2012/11/02, 07:34:51.183, 1142352261925, QTAgent32.exe, PERF WARNING: FindTopLevelWindowHelper::FindAllDescendents: took 14442 ms. Expected it to take maximum 500 ms.
W, 3280, 14, 2012/11/02, 07:34:51.510, 1142357008232, QTAgent32.exe, &lt;a class=success&gt;Playback - {58} [SUCCESS] MouseButtonClick - "[MSAA, VisibleOnly]ControlType='Button' &amp;&amp; Name='Exit'"
\0&lt;/a&gt;
W, 3280, 14, 2012/11/02, 07:34:52.088, 1142365324786, QTAgent32.exe, &lt;a class=success&gt;Playback - {59} [SUCCESS] MouseButtonClick - "[MSAA, VisibleOnly]ControlType='Button' &amp;&amp; Name='Yes'"
\0&lt;/a&gt;
W, 3280, 14, 2012/11/02, 07:34:53.991, 1142392450155, QTAgent32.exe, PERF WARNING: FindTopLevelWindowHelper::FindAllDescendents: took 1783 ms. Expected it to take maximum 500 ms.
W, 3280, 14, 2012/11/02, 07:34:54.334, 1142397349175, QTAgent32.exe, &lt;a class=success&gt;Playback - {60} [SUCCESS] Uncheck - "[MSAA, VisibleOnly]ControlType='CheckBox' &amp;&amp; Name='Add Activity'"
\0&lt;/a&gt;
W, 3280, 14, 2012/11/02, 07:34:54.896, 1142405455414, QTAgent32.exe, &lt;a class=success&gt;Playback - {61} [SUCCESS] MouseButtonClick - "[MSAA, VisibleOnly]ControlType='Button' &amp;&amp; Name='Ok'"
\0&lt;/a&gt;
W, 3280, 14, 2012/11/02, 07:34:58.921, 1142463038818, QTAgent32.exe, PERF WARNING: FindTopLevelWindowHelper::FindAllDescendents: took 3808 ms. Expected it to take maximum 500 ms.
W, 3280, 14, 2012/11/02, 07:34:59.420, 1142470161466, QTAgent32.exe, &lt;a class=success&gt;Playback - {62} [SUCCESS] DoSelect - "[MSAA, VisibleOnly]ControlType='List'"
\0&lt;/a&gt;
W, 3280, 14, 2012/11/02, 07:35:01.901, 1142505873633, QTAgent32.exe, &lt;a class=success&gt;Playback - {63} [SUCCESS] MouseButtonClick - "[MSAA, VisibleOnly]ControlType='Button' &amp;&amp; Name='Ok'"
\0&lt;/a&gt;
W, 3280, 14, 2012/11/02, 07:35:04.631, 1142544761808, QTAgent32.exe, &lt;a class=success&gt;Playback - {64} [SUCCESS] MouseButtonClick - "[MSAA, VisibleOnly]ControlType='Button' &amp;&amp; Name='OK'"
\0&lt;/a&gt;
W, 3280, 14, 2012/11/02, 07:35:05.083, 1142551288175, QTAgent32.exe, &lt;a class=success&gt;Playback - {65} [SUCCESS] MouseButtonClick - "[MSAA, VisibleOnly]ControlType='Button' &amp;&amp; Name='Cancel'"
\0&lt;/a&gt;
W, 3280, 14, 2012/11/02, 07:35:05.598, 1142558810805, QTAgent32.exe, &lt;a class=success&gt;Playback - {66} [SUCCESS] MouseButtonClick - "[MSAA, VisibleOnly]ControlType='Button'"
\0&lt;/a&gt;
W, 3280, 14, 2012/11/02, 07:35:06.160, 1142566768584, QTAgent32.exe, &lt;a class=success&gt;Playback - {67} [SUCCESS] MouseButtonClick - "[MSAA, VisibleOnly]ControlType='Button' &amp;&amp; Name='Detail'"
\0&lt;/a&gt;
W, 3280, 14, 2012/11/02, 07:35:06.550, 1142572244462, QTAgent32.exe, Playback - [WARNING] Internal warning: Window Not Found: [VisibleOnly]ControlType='Window' &amp;&amp; Name='Policy: rty ert' &amp;&amp; ClassName='ThunderRT6MDIForm'
\0
E, 3280, 14, 2012/11/02, 07:35:06.550, 1142572247320, QTAgent32.exe, &lt;a class=failure&gt;Playback - {68} [FAILED] Function ElementFetcher::FindScreenElement failed to locate UI element (Searching: ;[VisibleOnly]ControlType='Window' &amp;&amp; Name='Policy: rty ert' &amp;&amp; ClassName='ThunderRT6MDIForm') (The object specified was not found.)
\0&lt;/a&gt;
E, 3280, 14, 2012/11/02, 07:35:06.628, 1142573452155, QTAgent32.exe, Playback - [IMAGE] C:\Users\peter.zenin-ad\AppData\Local\Temp\UITestLogs\LastRun\RPFA020.png
\0
W, 3280, 14, 2012/11/02, 07:35:06.628, 1142573454194, QTAgent32.exe, Playback - [WARNING] Internal warning: Couldn't find descendants that match QueryId
\0
W, 3280, 14, 2012/11/02, 07:35:24.803, 1142833588084, QTAgent32.exe, Playback - [WARNING] Internal warning: Window Not Found: [VisibleOnly]ControlType='Window' &amp;&amp; Name='Policy: rty ert' &amp;&amp; ClassName='ThunderRT6MDIForm'
\0
E, 3280, 14, 2012/11/02, 07:35:24.803, 1142833591122, QTAgent32.exe, &lt;a class=failure&gt;Playback - {69} [FAILED] Function ElementFetcher::FindScreenElement failed to locate UI element (Searching: ;[VisibleOnly]ControlType='Window' &amp;&amp; Name='Policy: rty ert' &amp;&amp; ClassName='ThunderRT6MDIForm') (The object specified was not found.)
\0&lt;/a&gt;
E, 3280, 14, 2012/11/02, 07:35:24.881, 1142834800963, QTAgent32.exe, Playback - [IMAGE] C:\Users\peter.zenin-ad\AppData\Local\Temp\UITestLogs\LastRun\RPFE76D.png
\0
W, 3280, 14, 2012/11/02, 07:35:24.881, 1142834802931, QTAgent32.exe, Playback - [WARNING] Internal warning: Couldn't find descendants that match QueryId
\0
W, 3280, 14, 2012/11/02, 07:35:24.881, 1142834805900, QTAgent32.exe, PERF WARNING: FindTopLevelWindowHelper::FindAllDescendents: took 18252 ms. Expected it to take maximum 500 ms.
W, 3280, 14, 2012/11/02, 07:35:25.770, 1142847573116, QTAgent32.exe, Playback - [WARNING] Internal warning: Window with Class "ThunderRT6MDIForm" and Title "Policy: rty ert" was not found, so similar window with Class "ThunderRT6MDIForm" and Title "Policy: autotest" was accepted
\0
W, 3280, 14, 2012/11/02, 07:35:25.770, 1142847576921, QTAgent32.exe, PERF WARNING: FindTopLevelWindowHelper::FindAllDescendents: took 891 ms. Expected it to take maximum 500 ms.
W, 3280, 14, 2012/11/02, 07:35:26.113, 1142852338549, QTAgent32.exe, &lt;a class=success&gt;Playback - {70} [SUCCESS] MouseButtonClick - "[MSAA, VisibleOnly]ControlType='Edit'"
\0&lt;/a&gt;
W, 3280, 14, 2012/11/02, 07:35:26.643, 1142860020213, QTAgent32.exe, &lt;a class=success&gt;Playback - {71} [SUCCESS] MouseButtonClick - "[MSAA, VisibleOnly]ControlType='Button' &amp;&amp; Name='Cancel'"
\0&lt;/a&gt;
W, 3280, 14, 2012/11/02, 07:35:27.174, 1142867523338, QTAgent32.exe, &lt;a class=success&gt;Playback - {72} [SUCCESS] MouseButtonClick - "[MSAA, VisibleOnly]ControlType='Button' &amp;&amp; Name='Options'"
\0&lt;/a&gt;
W, 3280, 14, 2012/11/02, 07:35:27.283, 1142869094881, QTAgent32.exe, FindScreenElementInSinglePass : Attempting to find control in one pass of search. Failures can occur.
W, 3280, 14, 2012/11/02, 07:35:27.283, 1142869198773, QTAgent32.exe, Playback - [WARNING] Internal failure: Method GetBoundingRectangle failed (HRESULT = 0x1, "Incorrect function.") for Name = "Quote Select List" ," ControlType = "MenuItem"
\0
W, 3280, 14, 2012/11/02, 07:35:27.283, 1142869200011, QTAgent32.exe, Playback - [WARNING] Internal failure: Couldn't get clickable point for ScreenUIElement - GetClickablePoint failed
\0
W, 3280, 14, 2012/11/02, 07:35:27.314, 1142869565589, QTAgent32.exe, FindScreenElementInSinglePass : Attempting to find control in one pass of search. Failures can occur.
W, 3280, 14, 2012/11/02, 07:35:27.314, 1142869595873, QTAgent32.exe, FindScreenElementInSinglePass : Attempting to find control in one pass of search. Failures can occur.
W, 3280, 14, 2012/11/02, 07:35:27.642, 1142874225524, QTAgent32.exe, &lt;a class=success&gt;Playback - {73} [SUCCESS] LeftButtonClick - "[MSAA, VisibleOnly]ControlType='MenuBar' &amp;&amp; Name='Application'"  &lt; Mouse cursor location (960, 31) &gt;
\0&lt;/a&gt;
W, 3280, 14, 2012/11/02, 07:35:27.751, 1142875790250, QTAgent32.exe, &lt;a class=success&gt;Playback - {74} [SUCCESS] LeftButtonClick - "[MSAA]ControlType='MenuItem' &amp;&amp; Name='Options'"  &lt; Mouse cursor location (94, 31) &gt;
\0&lt;/a&gt;
W, 3280, 14, 2012/11/02, 07:35:27.938, 1142878467187, QTAgent32.exe, &lt;a class=success&gt;Playback - {75} [SUCCESS] LeftButtonClick - "[MSAA]ControlType='MenuItem' &amp;&amp; Name='Links'"  &lt; Mouse cursor location (174, 319) &gt;
\0&lt;/a&gt;
W, 3280, 14, 2012/11/02, 07:35:28.126, 1142881149868, QTAgent32.exe, &lt;a class=success&gt;Playback - {76} [SUCCESS] LeftButtonClick - "[MSAA]ControlType='MenuItem' &amp;&amp; Name='3rd Party Integration'"  &lt; Mouse cursor location (375, 319) &gt;
\0&lt;/a&gt;
W, 3280, 14, 2012/11/02, 07:35:28.313, 1142883855861, QTAgent32.exe, &lt;a class=success&gt;Playback - {77} [SUCCESS] MouseButtonClick - "[MSAA]ControlType='MenuItem' &amp;&amp; Name='Quote Select List'"
\0&lt;/a&gt;
W, 3280, 14, 2012/11/02, 07:35:29.795, 1142905052130, QTAgent32.exe, PERF WARNING: FindTopLevelWindowHelper::FindAllDescendents: took 1370 ms. Expected it to take maximum 500 ms.
W, 3280, 14, 2012/11/02, 07:35:31.480, 1142929272560, QTAgent32.exe, &lt;a class=success&gt;Playback - {78} [SUCCESS] MouseButtonClick - "[MSAA, VisibleOnly]ControlType='Button' &amp;&amp; Name='Ok'"
\0&lt;/a&gt;
W, 3280, 14, 2012/11/02, 07:35:32.915, 1142949764007, QTAgent32.exe, PERF WARNING: FindTopLevelWindowHelper::FindAllDescendents: took 1325 ms. Expected it to take maximum 500 ms.
W, 3280, 14, 2012/11/02, 07:35:32.915, 1142949853317, QTAgent32.exe, Playback - [WARNING] Internal warning: Thread state based WFR - Requested element has invalid HWND
\0
W, 3280, 14, 2012/11/02, 07:35:32.915, 1142949854529, QTAgent32.exe, Playback - [WARNING] Internal warning: process performance counters based WFR - Requested element has invalid HWND
\0
E, 3280, 14, 2012/11/02, 07:35:32.931, 1142949945889, QTAgent32.exe, EnsureValid called via EnsureValid call for same element
E, 3280, 14, 2012/11/02, 07:35:33.071, 1142952144472, QTAgent32.exe, EnsureValid called via EnsureValid call for same element
E, 3280, 14, 2012/11/02, 07:35:33.071, 1142952154148, QTAgent32.exe, EnsureValid called via EnsureValid call for same element
E, 3280, 14, 2012/11/02, 07:35:33.071, 1142952156526, QTAgent32.exe, EnsureValid called via EnsureValid call for same element
E, 3280, 14, 2012/11/02, 07:35:33.087, 1142952181151, QTAgent32.exe, GetClassName for handle 2295664 failed
E, 3280, 14, 2012/11/02, 07:35:33.087, 1142952186171, QTAgent32.exe, GetClassName for handle 2295664 failed
E, 3280, 14, 2012/11/02, 07:35:33.118, 1142952732756, QTAgent32.exe, Exception: System.Runtime.InteropServices.COMException
	Message: Error HRESULT E_FAIL has been returned from a call to a COM component.
	Stack Trace:    at Accessibility.IAccessible.get_accState(Object varChild)
   at Microsoft.VisualStudio.TestTools.UITest.Extension.Msaa.AccWrapper.get_State()
	BaseExceptionMessage: Error HRESULT E_FAIL has been returned from a call to a COM component.

E, 3280, 14, 2012/11/02, 07:35:33.118, 1142952737650, QTAgent32.exe, Exception: System.Runtime.InteropServices.COMException
	Message: Error HRESULT E_FAIL has been returned from a call to a COM component.
	Stack Trace:    at Accessibility.IAccessible.get_accState(Object varChild)
   at Microsoft.VisualStudio.TestTools.UITest.Extension.Msaa.AccWrapper.get_State()
	BaseExceptionMessage: Error HRESULT E_FAIL has been returned from a call to a COM component.

E, 3280, 14, 2012/11/02, 07:35:33.118, 1142952741941, QTAgent32.exe, Exception: System.Runtime.InteropServices.COMException
	Message: Error HRESULT E_FAIL has been returned from a call to a COM component.
	Stack Trace:    at Accessibility.IAccessible.get_accState(Object varChild)
   at Microsoft.VisualStudio.TestTools.UITest.Extension.Msaa.AccWrapper.get_State()
	BaseExceptionMessage: Error HRESULT E_FAIL has been returned from a call to a COM component.

E, 3280, 14, 2012/11/02, 07:35:33.118, 1142952746193, QTAgent32.exe, Exception: System.Runtime.InteropServices.COMException
	Message: Error HRESULT E_FAIL has been returned from a call to a COM component.
	Stack Trace:    at Accessibility.IAccessible.get_accState(Object varChild)
   at Microsoft.VisualStudio.TestTools.UITest.Extension.Msaa.AccWrapper.get_State()
	BaseExceptionMessage: Error HRESULT E_FAIL has been returned from a call to a COM component.

E, 3280, 14, 2012/11/02, 07:35:33.118, 1142952750461, QTAgent32.exe, Exception: System.Runtime.InteropServices.COMException
	Message: Error HRESULT E_FAIL has been returned from a call to a COM component.
	Stack Trace:    at Accessibility.IAccessible.get_accState(Object varChild)
   at Microsoft.VisualStudio.TestTools.UITest.Extension.Msaa.AccWrapper.get_State()
	BaseExceptionMessage: Error HRESULT E_FAIL has been returned from a call to a COM component.

E, 3280, 14, 2012/11/02, 07:35:33.118, 1142952755629, QTAgent32.exe, Exception: System.Runtime.InteropServices.COMException
	Message: Error HRESULT E_FAIL has been returned from a call to a COM component.
	Stack Trace:    at Accessibility.IAccessible.get_accState(Object varChild)
   at Microsoft.VisualStudio.TestTools.UITest.Extension.Msaa.AccWrapper.get_State()
	BaseExceptionMessage: Error HRESULT E_FAIL has been returned from a call to a COM component.

E, 3280, 14, 2012/11/02, 07:35:33.118, 1142952759953, QTAgent32.exe, Exception: System.Runtime.InteropServices.COMException
	Message: Error HRESULT E_FAIL has been returned from a call to a COM component.
	Stack Trace:    at Accessibility.IAccessible.get_accState(Object varChild)
   at Microsoft.VisualStudio.TestTools.UITest.Extension.Msaa.AccWrapper.get_State()
	BaseExceptionMessage: Error HRESULT E_FAIL has been returned from a call to a COM component.

W, 3280, 14, 2012/11/02, 07:35:33.289, 1142955082110, QTAgent32.exe, PERF WARNING: MSAA.UpdateQueryIDForNamelessControls: took 201 ms. Expected it to take maximum 200 ms.
W, 3280, 14, 2012/11/02, 07:35:33.289, 1142955114683, QTAgent32.exe, Msaa.Navigate: Exception [Error HRESULT E_FAIL has been returned from a call to a COM component.] while calling accNavigate.
E, 3280, 14, 2012/11/02, 07:35:33.289, 1142955115759, QTAgent32.exe, GetClassName for handle 2164552 failed
E, 3280, 14, 2012/11/02, 07:35:33.289, 1142955116611, QTAgent32.exe, Window 2164552 not responding. Last Win32 error 1400
E, 3280, 14, 2012/11/02, 07:35:33.289, 1142955119102, QTAgent32.exe, GetClassName for handle 2295664 failed
W, 3280, 14, 2012/11/02, 07:35:33.726, 1142961366157, QTAgent32.exe, &lt;a class=success&gt;Playback - {79} [SUCCESS] MouseButtonClick - "[MSAA, VisibleOnly]ControlType='Button' &amp;&amp; Name='Calculate Quote'"
\0&lt;/a&gt;
W, 3280, 14, 2012/11/02, 07:35:34.179, 1142967874211, QTAgent32.exe, &lt;a class=success&gt;Playback - {80} [SUCCESS] MouseButtonClick - "[MSAA, VisibleOnly]ControlType='Button' &amp;&amp; Name='Cancel'"
\0&lt;/a&gt;
W, 3280, 14, 2012/11/02, 07:35:34.771, 1142976345991, QTAgent32.exe, &lt;a class=success&gt;Playback - {81} [SUCCESS] MouseButtonClick - "[MSAA, VisibleOnly]ControlType='Button' &amp;&amp; Name='No'"
\0&lt;/a&gt;
W, 3280, 14, 2012/11/02, 07:35:44.600, 1143117042368, QTAgent32.exe, PERF WARNING: FindTopLevelWindowHelper::FindAllDescendents: took 9719 ms. Expected it to take maximum 500 ms.
W, 3280, 14, 2012/11/02, 07:35:44.928, 1143121714528, QTAgent32.exe, &lt;a class=success&gt;Playback - {82} [SUCCESS] MouseButtonClick - "[MSAA, VisibleOnly]ControlType='Client'"
\0&lt;/a&gt;
W, 3280, 14, 2012/11/02, 07:35:46.519, 1143144504018, QTAgent32.exe, &lt;a class=success&gt;Playback - {83} [SUCCESS] SendKeys "{Home}" - "[MSAA, VisibleOnly]ControlType='Client'"
\0&lt;/a&gt;
W, 3280, 14, 2012/11/02, 07:35:46.628, 1143146065864, QTAgent32.exe, Playback - [WARNING] Internal warning: Thread state based WFR - Requested element has invalid HWND
\0
W, 3280, 14, 2012/11/02, 07:35:46.628, 1143146067757, QTAgent32.exe, Playback - [WARNING] Internal warning: process performance counters based WFR - Requested element has invalid HWND
\0
E, 3280, 14, 2012/11/02, 07:35:46.628, 1143146071822, QTAgent32.exe, EnsureValid called via EnsureValid call for same element
E, 3280, 14, 2012/11/02, 07:35:46.628, 1143146073967, QTAgent32.exe, EnsureValid called via EnsureValid call for same element
E, 3280, 14, 2012/11/02, 07:35:46.628, 1143146075382, QTAgent32.exe, EnsureValid called via EnsureValid call for same element
E, 3280, 14, 2012/11/02, 07:35:46.691, 1143147138553, QTAgent32.exe, GetClassName for handle 5506456 failed
E, 3280, 14, 2012/11/02, 07:35:46.691, 1143147146062, QTAgent32.exe, Exception: System.Runtime.InteropServices.COMException
	Message: Error HRESULT E_FAIL has been returned from a call to a COM component.
	Stack Trace:    at Accessibility.IAccessible.get_accState(Object varChild)
   at Microsoft.VisualStudio.TestTools.UITest.Extension.Msaa.AccWrapper.get_State()
	BaseExceptionMessage: Error HRESULT E_FAIL has been returned from a call to a COM component.

E, 3280, 14, 2012/11/02, 07:35:46.691, 1143147150483, QTAgent32.exe, Exception: System.Runtime.InteropServices.COMException
	Message: Error HRESULT E_FAIL has been returned from a call to a COM component.
	Stack Trace:    at Accessibility.IAccessible.get_accState(Object varChild)
   at Microsoft.VisualStudio.TestTools.UITest.Extension.Msaa.AccWrapper.get_State()
	BaseExceptionMessage: Error HRESULT E_FAIL has been returned from a call to a COM component.

E, 3280, 14, 2012/11/02, 07:35:46.691, 1143147154793, QTAgent32.exe, Exception: System.Runtime.InteropServices.COMException
	Message: Error HRESULT E_FAIL has been returned from a call to a COM component.
	Stack Trace:    at Accessibility.IAccessible.get_accState(Object varChild)
   at Microsoft.VisualStudio.TestTools.UITest.Extension.Msaa.AccWrapper.get_State()
	BaseExceptionMessage: Error HRESULT E_FAIL has been returned from a call to a COM component.

E, 3280, 14, 2012/11/02, 07:35:46.691, 1143147159055, QTAgent32.exe, Exception: System.Runtime.InteropServices.COMException
	Message: Error HRESULT E_FAIL has been returned from a call to a COM component.
	Stack Trace:    at Accessibility.IAccessible.get_accState(Object varChild)
   at Microsoft.VisualStudio.TestTools.UITest.Extension.Msaa.AccWrapper.get_State()
	BaseExceptionMessage: Error HRESULT E_FAIL has been returned from a call to a COM component.

E, 3280, 14, 2012/11/02, 07:35:46.691, 1143147163326, QTAgent32.exe, Exception: System.Runtime.InteropServices.COMException
	Message: Error HRESULT E_FAIL has been returned from a call to a COM component.
	Stack Trace:    at Accessibility.IAccessible.get_accState(Object varChild)
   at Microsoft.VisualStudio.TestTools.UITest.Extension.Msaa.AccWrapper.get_State()
	BaseExceptionMessage: Error HRESULT E_FAIL has been returned from a call to a COM component.

E, 3280, 14, 2012/11/02, 07:35:46.691, 1143147167640, QTAgent32.exe, Exception: System.Runtime.InteropServices.COMException
	Message: Error HRESULT E_FAIL has been returned from a call to a COM component.
	Stack Trace:    at Accessibility.IAccessible.get_accState(Object varChild)
   at Microsoft.VisualStudio.TestTools.UITest.Extension.Msaa.AccWrapper.get_State()
	BaseExceptionMessage: Error HRESULT E_FAIL has been returned from a call to a COM component.

E, 3280, 14, 2012/11/02, 07:35:46.706, 1143147172610, QTAgent32.exe, Exception: System.Runtime.InteropServices.COMException
	Message: Error HRESULT E_FAIL has been returned from a call to a COM component.
	Stack Trace:    at Accessibility.IAccessible.get_accState(Object varChild)
   at Microsoft.VisualStudio.TestTools.UITest.Extension.Msaa.AccWrapper.get_State()
	BaseExceptionMessage: Error HRESULT E_FAIL has been returned from a call to a COM component.

W, 3280, 14, 2012/11/02, 07:35:46.893, 1143150020536, QTAgent32.exe, PERF WARNING: MSAA.UpdateQueryIDForNamelessControls: took 201 ms. Expected it to take maximum 200 ms.
W, 3280, 14, 2012/11/02, 07:35:46.893, 1143150024392, QTAgent32.exe, Msaa.Navigate: Exception [Error HRESULT E_FAIL has been returned from a call to a COM component.] while calling accNavigate.
E, 3280, 14, 2012/11/02, 07:35:46.893, 1143150025869, QTAgent32.exe, GetClassName for handle 5506456 failed
E, 3280, 14, 2012/11/02, 07:35:46.893, 1143150034656, QTAgent32.exe, GetClassName for handle 5506456 failed
E, 3280, 14, 2012/11/02, 07:35:46.893, 1143150036859, QTAgent32.exe, Window 5506456 not responding. Last Win32 error 1400
E, 3280, 14, 2012/11/02, 07:35:46.893, 1143150037865, QTAgent32.exe, GetClassName for handle 3277786 failed
E, 3280, 14, 2012/11/02, 07:35:46.893, 1143150038694, QTAgent32.exe, GetClassName for handle 5506456 failed
E, 3280, 14, 2012/11/02, 07:35:46.893, 1143150039522, QTAgent32.exe, GetClassName for handle 5506456 failed
W, 3280, 14, 2012/11/02, 07:35:52.744, 1143233711142, QTAgent32.exe, &lt;a class=success&gt;Playback - {84} [SUCCESS] MouseButtonClick - "[MSAA, VisibleOnly]ControlType='Button' &amp;&amp; Name='Exit'"
\0&lt;/a&gt;
W, 3280, 14, 2012/11/02, 07:35:53.321, 1143241962944, QTAgent32.exe, &lt;a class=success&gt;Playback - {85} [SUCCESS] MouseButtonClick - "[MSAA, VisibleOnly]ControlType='Button' &amp;&amp; Name='Yes'"
\0&lt;/a&gt;
W, 3280, 14, 2012/11/02, 07:35:53.602, 1143245903842, QTAgent32.exe, Playback - [WARNING] Internal warning: Thread state based WFR - Requested element has invalid HWND
\0
W, 3280, 14, 2012/11/02, 07:35:53.602, 1143245905697, QTAgent32.exe, Playback - [WARNING] Internal warning: process performance counters based WFR - Requested element has invalid HWND
\0
E, 3280, 14, 2012/11/02, 07:35:53.602, 1143245908734, QTAgent32.exe, EnsureValid called via EnsureValid call for same element
E, 3280, 14, 2012/11/02, 07:35:53.602, 1143245912282, QTAgent32.exe, GetClassName for handle 2688726 failed
E, 3280, 14, 2012/11/02, 07:35:53.633, 1143246416248, QTAgent32.exe, EnsureValid called via EnsureValid call for same element
E, 3280, 14, 2012/11/02, 07:35:53.633, 1143246417903, QTAgent32.exe, EnsureValid called via EnsureValid call for same element
E, 3280, 14, 2012/11/02, 07:35:53.633, 1143246434686, QTAgent32.exe, Window 2688726 not responding. Last Win32 error 0
E, 3280, 14, 2012/11/02, 07:35:53.633, 1143246436857, QTAgent32.exe, GetClassName for handle 2688726 failed
E, 3280, 14, 2012/11/02, 07:35:53.633, 1143246437670, QTAgent32.exe, GetClassName for handle 2688726 failed
W, 3280, 14, 2012/11/02, 07:35:54.585, 1143260014256, QTAgent32.exe, PERF WARNING: FindTopLevelWindowHelper::FindAllDescendents: took 948 ms. Expected it to take maximum 500 ms.
W, 3280, 14, 2012/11/02, 07:35:54.928, 1143264895091, QTAgent32.exe, &lt;a class=success&gt;Playback - {86} [SUCCESS] Uncheck - "[MSAA, VisibleOnly]ControlType='CheckBox' &amp;&amp; Name='Add Activity'"
\0&lt;/a&gt;
W, 3280, 14, 2012/11/02, 07:35:55.505, 1143273225393, QTAgent32.exe, &lt;a class=success&gt;Playback - {87} [SUCCESS] MouseButtonClick - "[MSAA, VisibleOnly]ControlType='Button' &amp;&amp; Name='Ok'"
\0&lt;/a&gt;
W, 3280, 14, 2012/11/02, 07:36:03.758, 1143391325236, QTAgent32.exe, PERF WARNING: FindTopLevelWindowHelper::FindAllDescendents: took 8035 ms. Expected it to take maximum 500 ms.
W, 3280, 14, 2012/11/02, 07:36:06.114, 1143425039100, QTAgent32.exe, &lt;a class=success&gt;Playback - {88} [SUCCESS] MouseButtonClick - "[MSAA, VisibleOnly]ControlType='Button' &amp;&amp; Name='OK'"
\0&lt;/a&gt;
W, 3280, 14, 2012/11/02, 07:36:06.597, 1143432009552, QTAgent32.exe, &lt;a class=success&gt;Playback - {89} [SUCCESS] MouseButtonClick - "[MSAA, VisibleOnly]ControlType='Button' &amp;&amp; Name='Cancel'"
\0&lt;/a&gt;
W, 3280, 14, 2012/11/02, 07:36:07.128, 1143439562627, QTAgent32.exe, &lt;a class=success&gt;Playback - {90} [SUCCESS] MouseButtonClick - "[MSAA, VisibleOnly]ControlType='Button'"
\0&lt;/a&gt;
W, 3280, 14, 2012/11/02, 07:36:07.736, 1143448376070, QTAgent32.exe, &lt;a class=success&gt;Playback - {91} [SUCCESS] MouseButtonClick - "[MSAA, VisibleOnly]ControlType='Button' &amp;&amp; Name='Detail'"
\0&lt;/a&gt;
W, 3280, 14, 2012/11/02, 07:36:08.173, 1143454525920, QTAgent32.exe, &lt;a class=success&gt;Playback - {92} [SUCCESS] MouseButtonClick - "[MSAA, VisibleOnly]ControlType='Edit'"
\0&lt;/a&gt;
W, 3280, 14, 2012/11/02, 07:36:08.282, 1143456092081, QTAgent32.exe, Playback - [WARNING] Internal warning: Thread state based WFR - Requested element has invalid HWND
\0
W, 3280, 14, 2012/11/02, 07:36:08.282, 1143456094005, QTAgent32.exe, Playback - [WARNING] Internal warning: process performance counters based WFR - Requested element has invalid HWND
\0
E, 3280, 14, 2012/11/02, 07:36:08.282, 1143456097079, QTAgent32.exe, EnsureValid called via EnsureValid call for same element
E, 3280, 14, 2012/11/02, 07:36:08.282, 1143456099345, QTAgent32.exe, EnsureValid called via EnsureValid call for same element
E, 3280, 14, 2012/11/02, 07:36:08.282, 1143456100714, QTAgent32.exe, EnsureValid called via EnsureValid call for same element
E, 3280, 14, 2012/11/02, 07:36:08.282, 1143456104795, QTAgent32.exe, GetClassName for handle 2688660 failed
E, 3280, 14, 2012/11/02, 07:36:08.282, 1143456118474, QTAgent32.exe, Window 2688660 not responding. Last Win32 error 1400
E, 3280, 14, 2012/11/02, 07:36:08.282, 1143456121695, QTAgent32.exe, GetClassName for handle 2688660 failed
E, 3280, 14, 2012/11/02, 07:36:08.282, 1143456122534, QTAgent32.exe, GetClassName for handle 2688660 failed
W, 3280, 14, 2012/11/02, 07:36:08.703, 1143462246576, QTAgent32.exe, &lt;a class=success&gt;Playback - {93} [SUCCESS] MouseButtonClick - "[MSAA, VisibleOnly]ControlType='Button' &amp;&amp; Name='Cancel'"
\0&lt;/a&gt;
E, 3280, 14, 2012/11/02, 07:36:08.812, 1143463694354, QTAgent32.exe, GetClassName for handle 5767780 failed
W, 3280, 14, 2012/11/02, 07:36:09.140, 1143468439181, QTAgent32.exe, &lt;a class=success&gt;Playback - {94} [SUCCESS] MouseButtonClick - "[MSAA, VisibleOnly]ControlType='Button' &amp;&amp; Name='Options'"
\0&lt;/a&gt;
W, 3280, 14, 2012/11/02, 07:36:09.249, 1143469948645, QTAgent32.exe, FindScreenElementInSinglePass : Attempting to find control in one pass of search. Failures can occur.
W, 3280, 14, 2012/11/02, 07:36:09.249, 1143470057419, QTAgent32.exe, Playback - [WARNING] Internal failure: Method GetBoundingRectangle failed (HRESULT = 0x1, "Incorrect function.") for Name = "Quote Select List" ," ControlType = "MenuItem"
\0
W, 3280, 14, 2012/11/02, 07:36:09.249, 1143470058677, QTAgent32.exe, Playback - [WARNING] Internal failure: Couldn't get clickable point for ScreenUIElement - GetClickablePoint failed
\0
W, 3280, 14, 2012/11/02, 07:36:09.249, 1143470061354, QTAgent32.exe, FindScreenElementInSinglePass : Attempting to find control in one pass of search. Failures can occur.
W, 3280, 14, 2012/11/02, 07:36:09.249, 1143470089865, QTAgent32.exe, FindScreenElementInSinglePass : Attempting to find control in one pass of search. Failures can occur.
W, 3280, 14, 2012/11/02, 07:36:09.577, 1143474626617, QTAgent32.exe, &lt;a class=success&gt;Playback - {95} [SUCCESS] LeftButtonClick - "[MSAA, VisibleOnly]ControlType='MenuBar' &amp;&amp; Name='Application'"  &lt; Mouse cursor location (960, 31) &gt;
\0&lt;/a&gt;
W, 3280, 14, 2012/11/02, 07:36:09.686, 1143476191450, QTAgent32.exe, &lt;a class=success&gt;Playback - {96} [SUCCESS] LeftButtonClick - "[MSAA]ControlType='MenuItem' &amp;&amp; Name='Options'"  &lt; Mouse cursor location (94, 31) &gt;
\0&lt;/a&gt;
W, 3280, 14, 2012/11/02, 07:36:09.858, 1143478647506, QTAgent32.exe, &lt;a class=success&gt;Playback - {97} [SUCCESS] LeftButtonClick - "[MSAA]ControlType='MenuItem' &amp;&amp; Name='Links'"  &lt; Mouse cursor location (174, 319) &gt;
\0&lt;/a&gt;
W, 3280, 14, 2012/11/02, 07:36:10.061, 1143481550629, QTAgent32.exe, &lt;a class=success&gt;Playback - {98} [SUCCESS] LeftButtonClick - "[MSAA]ControlType='MenuItem' &amp;&amp; Name='3rd Party Integration'"  &lt; Mouse cursor location (375, 319) &gt;
\0&lt;/a&gt;
W, 3280, 14, 2012/11/02, 07:36:10.232, 1143484037472, QTAgent32.exe, &lt;a class=success&gt;Playback - {99} [SUCCESS] MouseButtonClick - "[MSAA]ControlType='MenuItem' &amp;&amp; Name='Quote Select List'"
\0&lt;/a&gt;
E, 3280, 14, 2012/11/02, 07:36:10.357, 1143485818829, QTAgent32.exe, GetClassName for handle 5243576 failed
W, 3280, 14, 2012/11/02, 07:36:11.948, 1143508595674, QTAgent32.exe, PERF WARNING: FindTopLevelWindowHelper::FindAllDescendents: took 1590 ms. Expected it to take maximum 500 ms.
W, 3280, 14, 2012/11/02, 07:36:13.617, 1143532680920, QTAgent32.exe, &lt;a class=success&gt;Playback - {100} [SUCCESS] MouseButtonClick - "[MSAA, VisibleOnly]ControlType='Button' &amp;&amp; Name='Ok'"
\0&lt;/a&gt;
W, 3280, 14, 2012/11/02, 07:36:13.727, 1143534083446, QTAgent32.exe, Playback - [WARNING] Internal warning: Thread state based WFR - Requested element has invalid HWND
\0
W, 3280, 14, 2012/11/02, 07:36:13.727, 1143534085200, QTAgent32.exe, Playback - [WARNING] Internal warning: process performance counters based WFR - Requested element has invalid HWND
\0
E, 3280, 14, 2012/11/02, 07:36:13.727, 1143534088458, QTAgent32.exe, EnsureValid called via EnsureValid call for same element
E, 3280, 14, 2012/11/02, 07:36:13.727, 1143534090505, QTAgent32.exe, EnsureValid called via EnsureValid call for same element
E, 3280, 14, 2012/11/02, 07:36:13.727, 1143534091840, QTAgent32.exe, EnsureValid called via EnsureValid call for same element
E, 3280, 14, 2012/11/02, 07:36:13.742, 1143534299911, QTAgent32.exe, GetClassName for handle 2557648 failed
E, 3280, 14, 2012/11/02, 07:36:13.742, 1143534314021, QTAgent32.exe, Window 2557648 not responding. Last Win32 error 1400
E, 3280, 14, 2012/11/02, 07:36:13.742, 1143534317344, QTAgent32.exe, GetClassName for handle 2557648 failed
E, 3280, 14, 2012/11/02, 07:36:13.742, 1143534318177, QTAgent32.exe, GetClassName for handle 2557648 failed
W, 3280, 14, 2012/11/02, 07:36:15.084, 1143553515850, QTAgent32.exe, PERF WARNING: FindTopLevelWindowHelper::FindAllDescendents: took 1340 ms. Expected it to take maximum 500 ms.
W, 3280, 14, 2012/11/02, 07:36:15.100, 1143553729328, QTAgent32.exe, Playback - [WARNING] Internal warning: Thread state based WFR - Requested element has invalid HWND
\0
W, 3280, 14, 2012/11/02, 07:36:15.100, 1143553730529, QTAgent32.exe, Playback - [WARNING] Internal warning: process performance counters based WFR - Requested element has invalid HWND
\0
E, 3280, 14, 2012/11/02, 07:36:15.100, 1143553732860, QTAgent32.exe, EnsureValid called via EnsureValid call for same element
E, 3280, 14, 2012/11/02, 07:36:15.100, 1143553734784, QTAgent32.exe, EnsureValid called via EnsureValid call for same element
E, 3280, 14, 2012/11/02, 07:36:15.100, 1143553736066, QTAgent32.exe, EnsureValid called via EnsureValid call for same element
E, 3280, 14, 2012/11/02, 07:36:15.115, 1143553919441, QTAgent32.exe, GetClassName for handle 4064088 failed
E, 3280, 14, 2012/11/02, 07:36:15.115, 1143553932512, QTAgent32.exe, Window 4064088 not responding. Last Win32 error 1400
E, 3280, 14, 2012/11/02, 07:36:15.115, 1143553935628, QTAgent32.exe, GetClassName for handle 4064088 failed
E, 3280, 14, 2012/11/02, 07:36:15.115, 1143553936412, QTAgent32.exe, GetClassName for handle 4064088 failed
E, 3280, 14, 2012/11/02, 07:36:15.131, 1143554170579, QTAgent32.exe, GetClassName for handle 6095514 failed
W, 3280, 14, 2012/11/02, 07:36:15.552, 1143560226718, QTAgent32.exe, &lt;a class=success&gt;Playback - {101} [SUCCESS] MouseButtonClick - "[MSAA, VisibleOnly]ControlType='Button' &amp;&amp; Name='Calculate Quote'"
\0&lt;/a&gt;
E, 3280, 14, 2012/11/02, 07:36:15.661, 1143561739325, QTAgent32.exe, GetClassName for handle 5374800 failed
W, 3280, 14, 2012/11/02, 07:36:16.004, 1143566780555, QTAgent32.exe, &lt;a class=success&gt;Playback - {102} [SUCCESS] MouseButtonClick - "[MSAA, VisibleOnly]ControlType='Button' &amp;&amp; Name='Cancel'"
\0&lt;/a&gt;
E, 3280, 14, 2012/11/02, 07:36:16.114, 1143568216945, QTAgent32.exe, GetClassName for handle 4916332 failed
W, 3280, 14, 2012/11/02, 07:36:16.597, 1143575182143, QTAgent32.exe, &lt;a class=success&gt;Playback - {103} [SUCCESS] MouseButtonClick - "[MSAA, VisibleOnly]ControlType='Button' &amp;&amp; Name='No'"
\0&lt;/a&gt;
W, 3280, 14, 2012/11/02, 07:36:27.533, 1143731739477, QTAgent32.exe, PERF WARNING: FindTopLevelWindowHelper::FindAllDescendents: took 10827 ms. Expected it to take maximum 500 ms.
W, 3280, 14, 2012/11/02, 07:36:27.861, 1143736413050, QTAgent32.exe, &lt;a class=success&gt;Playback - {104} [SUCCESS] MouseButtonClick - "[MSAA, VisibleOnly]ControlType='Client'"
\0&lt;/a&gt;
W, 3280, 14, 2012/11/02, 07:36:29.437, 1143758980042, QTAgent32.exe, &lt;a class=success&gt;Playback - {105} [SUCCESS] SendKeys "{Home}" - "[MSAA, VisibleOnly]ControlType='Client'"
\0&lt;/a&gt;
W, 3280, 14, 2012/11/02, 07:36:33.228, 1143813285195, QTAgent32.exe, &lt;a class=success&gt;Playback - {106} [SUCCESS] MouseButtonClick - "[MSAA, VisibleOnly]ControlType='Button' &amp;&amp; Name='Print Quote...'"
\0&lt;/a&gt;
W, 3280, 14, 2012/11/02, 07:36:42.803, 1143950757846, QTAgent32.exe, Playback - [WARNING] Internal warning: Window Not Found: [VisibleOnly]ControlType='Window' &amp;&amp; Name='View Quote Details' &amp;&amp; ClassName='ThunderRT6FormDC'
\0
E, 3280, 14, 2012/11/02, 07:36:42.803, 1143950760886, QTAgent32.exe, &lt;a class=failure&gt;Playback - {107} [FAILED] Function ElementFetcher::FindScreenElement failed to locate UI element (Searching: ;[VisibleOnly]ControlType='Window' &amp;&amp; Name='View Quote Details' &amp;&amp; ClassName='ThunderRT6FormDC') (The object specified was not found.)
\0&lt;/a&gt;
E, 3280, 14, 2012/11/02, 07:36:43.049, 1143954283637, QTAgent32.exe, Playback - [IMAGE] C:\Users\peter.zenin-ad\AppData\Local\Temp\UITestLogs\LastRun\RPF183E.png
\0
W, 3280, 14, 2012/11/02, 07:36:43.050, 1143954287006, QTAgent32.exe, Playback - [WARNING] Internal warning: Couldn't find descendants that match QueryId
\0
W, 3280, 14, 2012/11/02, 07:36:43.050, 1143954290481, QTAgent32.exe, PERF WARNING: FindTopLevelWindowHelper::FindAllDescendents: took 9714 ms. Expected it to take maximum 500 ms.
W, 3280, 14, 2012/11/02, 07:37:02.563, 1144233677548, QTAgent32.exe, Playback - [WARNING] Internal warning: Window Not Found: [VisibleOnly]ControlType='Window' &amp;&amp; Name='View Quote Details' &amp;&amp; ClassName='ThunderRT6FormDC'
\0
E, 3280, 14, 2012/11/02, 07:37:02.563, 1144233680471, QTAgent32.exe, &lt;a class=failure&gt;Playback - {108} [FAILED] Function ElementFetcher::FindScreenElement failed to locate UI element (Searching: ;[VisibleOnly]ControlType='Window' &amp;&amp; Name='View Quote Details' &amp;&amp; ClassName='ThunderRT6FormDC') (The object specified was not found.)
\0&lt;/a&gt;
E, 3280, 14, 2012/11/02, 07:37:02.911, 1144238647843, QTAgent32.exe, Playback - [IMAGE] C:\Users\peter.zenin-ad\AppData\Local\Temp\UITestLogs\LastRun\RPF6574.png
\0
W, 3280, 14, 2012/11/02, 07:37:02.911, 1144238649969, QTAgent32.exe, Playback - [WARNING] Internal warning: Couldn't find descendants that match QueryId
\0
W, 3280, 14, 2012/11/02, 07:37:02.912, 1144238662546, QTAgent32.exe, PERF WARNING: FindTopLevelWindowHelper::FindAllDescendents: took 19860 ms. Expected it to take maximum 500 ms.
W, 3280, 14, 2012/11/02, 07:37:05.775, 1144279659694, QTAgent32.exe, Playback - [WARNING] Internal warning: Smart Match failed
\0
W, 3280, 14, 2012/11/02, 07:37:08.084, 1144312719170, QTAgent32.exe, Playback - [WARNING] Internal warning: Window Not Found: [VisibleOnly]ControlType='Window' &amp;&amp; Name='View Quote Details' &amp;&amp; ClassName='ThunderRT6FormDC'
\0
E, 3280, 14, 2012/11/02, 07:37:08.084, 1144312721881, QTAgent32.exe, &lt;a class=failure&gt;Playback - {109} [FAILED] Function ElementFetcher::FindScreenElement failed to locate UI element (Searching: ;[VisibleOnly]ControlType='Window' &amp;&amp; Name='View Quote Details' &amp;&amp; ClassName='ThunderRT6FormDC') (The object specified was not found.)
\0&lt;/a&gt;
E, 3280, 14, 2012/11/02, 07:37:08.365, 1144316744654, QTAgent32.exe, Playback - [IMAGE] C:\Users\peter.zenin-ad\AppData\Local\Temp\UITestLogs\LastRun\RPF7B07.png
\0
W, 3280, 14, 2012/11/02, 07:37:08.366, 1144316756564, QTAgent32.exe, Playback - [WARNING] Internal warning: Couldn't find descendants that match QueryId
\0
W, 3280, 14, 2012/11/02, 07:37:08.366, 1144316759593, QTAgent32.exe, PERF WARNING: FindTopLevelWindowHelper::FindAllDescendents: took 5453 ms. Expected it to take maximum 500 ms.
E, 3280, 14, 2012/11/02, 07:37:08.367, 1144316771179, QTAgent32.exe, Exception: System.Runtime.InteropServices.COMException
	Message: Error HRESULT E_FAIL has been returned from a call to a COM component.
	Stack Trace:    at Microsoft.VisualStudio.TestTools.UITest.Playback.Engine.IRPFPlayback.FindAllScreenElements(IScreenElement pScreenElementStart, String bstrQueryId, Object&amp; pvarResKeys, Int32 cResKeys, Int32 nMaxDepth, Object[]&amp; foundDescendants)
   at Microsoft.VisualStudio.TestTools.UITest.Playback.ScreenElement.FindTopLevelWindowHelper(String queryId)
	BaseExceptionMessage: Error HRESULT E_FAIL has been returned from a call to a COM component.

W, 3280, 14, 2012/11/02, 07:37:11.034, 1144354962714, QTAgent32.exe, Playback - [WARNING] Internal warning: Element "[MSAA, VisibleOnly]ControlType='Window' &amp;&amp; ControlId='32770'" was not found, so all intermediate elements were ignored. To improve performance replace this element Id with another Id or exclude it from QueryId. If this element is the target element, replace or remove intermediate elements
\0
W, 3280, 14, 2012/11/02, 07:37:11.562, 1144362522764, QTAgent32.exe, PERF WARNING: FindAllDescendents: took 2033 ms. Expected it to take maximum 500 ms.
W, 3280, 14, 2012/11/02, 07:37:11.729, 1144364924173, QTAgent32.exe, &lt;a class=success&gt;Playback - {110} [SUCCESS] MouseButtonClick - "[MSAA, VisibleOnly]ControlType='Button' &amp;&amp; Name='Cancel'"
\0&lt;/a&gt;
W, 3280, 14, 2012/11/02, 07:37:13.333, 1144387867106, QTAgent32.exe, Playback - [WARNING] Internal warning: Element "[MSAA, VisibleOnly]ControlType='Window' &amp;&amp; ControlId='32769'" was not found, so all intermediate elements were ignored. To improve performance replace this element Id with another Id or exclude it from QueryId. If this element is the target element, replace or remove intermediate elements
\0
W, 3280, 14, 2012/11/02, 07:37:13.861, 1144395426435, QTAgent32.exe, PERF WARNING: FindAllDescendents: took 2029 ms. Expected it to take maximum 500 ms.
W, 3280, 14, 2012/11/02, 07:37:13.991, 1144397295633, QTAgent32.exe, &lt;a class=success&gt;Playback - {111} [SUCCESS] MouseButtonClick - "[MSAA, VisibleOnly]ControlType='Button' &amp;&amp; Name='Cancel'"
\0&lt;/a&gt;
W, 3280, 14, 2012/11/02, 07:37:22.273, 1144515885958, QTAgent32.exe, Playback - [WARNING] Internal warning: Window Not Found: [VisibleOnly]ControlType='Window' &amp;&amp; Name='Customer: txt1 tdsfs' &amp;&amp; ClassName='ThunderRT6MDIForm'
\0
E, 3280, 14, 2012/11/02, 07:37:22.273, 1144515888928, QTAgent32.exe, &lt;a class=failure&gt;Playback - {112} [FAILED] Function ElementFetcher::FindScreenElement failed to locate UI element (Searching: ;[VisibleOnly]ControlType='Window' &amp;&amp; Name='Customer: txt1 tdsfs' &amp;&amp; ClassName='ThunderRT6MDIForm') (The object specified was not found.)
\0&lt;/a&gt;
E, 3280, 14, 2012/11/02, 07:37:22.359, 1144517120183, QTAgent32.exe, Playback - [IMAGE] C:\Users\peter.zenin-ad\AppData\Local\Temp\UITestLogs\LastRun\RPFB26D.png
\0
W, 3280, 14, 2012/11/02, 07:37:22.360, 1144517122608, QTAgent32.exe, Playback - [WARNING] Internal warning: Couldn't find descendants that match QueryId
\0
W, 3280, 14, 2012/11/02, 07:37:22.360, 1144517125693, QTAgent32.exe, PERF WARNING: FindTopLevelWindowHelper::FindAllDescendents: took 8263 ms. Expected it to take maximum 500 ms.
W, 3280, 14, 2012/11/02, 07:37:24.308, 1144545010733, QTAgent32.exe, Playback - [WARNING] Internal warning: Window Not Found: [VisibleOnly]ControlType='Window' &amp;&amp; Name='Customer: txt1 tdsfs' &amp;&amp; ClassName='ThunderRT6MDIForm'
\0
E, 3280, 14, 2012/11/02, 07:37:24.308, 1144545013572, QTAgent32.exe, &lt;a class=failure&gt;Playback - {113} [FAILED] Function ElementFetcher::FindScreenElement failed to locate UI element (Searching: ;[VisibleOnly]ControlType='Window' &amp;&amp; Name='Customer: txt1 tdsfs' &amp;&amp; ClassName='ThunderRT6MDIForm') (The object specified was not found.)
\0&lt;/a&gt;
E, 3280, 14, 2012/11/02, 07:37:24.394, 1144546240014, QTAgent32.exe, Playback - [IMAGE] C:\Users\peter.zenin-ad\AppData\Local\Temp\UITestLogs\LastRun\RPFBA5A.png
\0
W, 3280, 14, 2012/11/02, 07:37:24.394, 1144546242232, QTAgent32.exe, Playback - [WARNING] Internal warning: Couldn't find descendants that match QueryId
\0
W, 3280, 14, 2012/11/02, 07:37:24.394, 1144546245237, QTAgent32.exe, PERF WARNING: FindTopLevelWindowHelper::FindAllDescendents: took 2033 ms. Expected it to take maximum 500 ms.
W, 3280, 14, 2012/11/02, 07:37:28.410, 1144603746550, QTAgent32.exe, Playback - [WARNING] Internal warning: Window Not Found: [VisibleOnly]ControlType='Window' &amp;&amp; Name='Customer: txt1 tdsfs' &amp;&amp; ClassName='ThunderRT6MDIForm'
\0
E, 3280, 14, 2012/11/02, 07:37:28.410, 1144603749466, QTAgent32.exe, &lt;a class=failure&gt;Playback - {114} [FAILED] Function ElementFetcher::FindScreenElement failed to locate UI element (Searching: ;[VisibleOnly]ControlType='Window' &amp;&amp; Name='Customer: txt1 tdsfs' &amp;&amp; ClassName='ThunderRT6MDIForm') (The object specified was not found.)
\0&lt;/a&gt;
E, 3280, 14, 2012/11/02, 07:37:28.496, 1144604981475, QTAgent32.exe, Playback - [IMAGE] C:\Users\peter.zenin-ad\AppData\Local\Temp\UITestLogs\LastRun\RPFCA62.png
\0
W, 3280, 14, 2012/11/02, 07:37:28.497, 1144604983861, QTAgent32.exe, Playback - [WARNING] Internal warning: Couldn't find descendants that match QueryId
\0
W, 3280, 14, 2012/11/02, 07:37:28.497, 1144604986915, QTAgent32.exe, PERF WARNING: FindTopLevelWindowHelper::FindAllDescendents: took 4102 ms. Expected it to take maximum 500 ms.
E, 3280, 14, 2012/11/02, 07:37:28.497, 1144604988733, QTAgent32.exe, Exception: System.Runtime.InteropServices.COMException
	Message: Error HRESULT E_FAIL has been returned from a call to a COM component.
	Stack Trace:    at Microsoft.VisualStudio.TestTools.UITest.Playback.Engine.IRPFPlayback.FindAllScreenElements(IScreenElement pScreenElementStart, String bstrQueryId, Object&amp; pvarResKeys, Int32 cResKeys, Int32 nMaxDepth, Object[]&amp; foundDescendants)
   at Microsoft.VisualStudio.TestTools.UITest.Playback.ScreenElement.FindTopLevelWindowHelper(String queryId)
	BaseExceptionMessage: Error HRESULT E_FAIL has been returned from a call to a COM component.

E, 3280, 14, 2012/11/02, 07:37:28.497, 1144604993891, QTAgent32.exe, Window 2885560 not responding. Last Win32 error 0
E, 3280, 14, 2012/11/02, 07:37:28.497, 1144604996562, QTAgent32.exe, GetClassName for handle 2885560 failed
E, 3280, 14, 2012/11/02, 07:37:28.498, 1144605005413, QTAgent32.exe, Window 2885560 not responding. Last Win32 error 1400
E, 3280, 14, 2012/11/02, 07:37:28.499, 1144605015902, QTAgent32.exe, Window 2885560 not responding. Last Win32 error 1400
E, 3280, 14, 2012/11/02, 07:37:28.499, 1144605017114, QTAgent32.exe, GetClassName for handle 2885560 failed
E, 3280, 14, 2012/11/02, 07:37:28.499, 1144605017983, QTAgent32.exe, GetClassName for handle 2885560 failed
W, 3280, 14, 2012/11/02, 07:37:36.617, 1144721248898, QTAgent32.exe, Playback - [WARNING] Internal warning: Window Not Found: [VisibleOnly]ControlType='Window' &amp;&amp; Name='Customer: autotest autotest' &amp;&amp; ClassName='ThunderRT6MDIForm'
\0
E, 3280, 14, 2012/11/02, 07:37:36.617, 1144721251896, QTAgent32.exe, &lt;a class=failure&gt;Playback - {115} [FAILED] Function ElementFetcher::FindScreenElement failed to locate UI element (Searching: ;[VisibleOnly]ControlType='Window' &amp;&amp; Name='Customer: autotest autotest' &amp;&amp; ClassName='ThunderRT6MDIForm') (The object specified was not found.)
\0&lt;/a&gt;
E, 3280, 14, 2012/11/02, 07:37:36.704, 1144722486809, QTAgent32.exe, Playback - [IMAGE] C:\Users\peter.zenin-ad\AppData\Local\Temp\UITestLogs\LastRun\RPFEA70.png
\0
W, 3280, 14, 2012/11/02, 07:37:36.704, 1144722489007, QTAgent32.exe, Playback - [WARNING] Internal warning: Couldn't find descendants that match QueryId
\0
W, 3280, 14, 2012/11/02, 07:37:36.704, 1144722492091, QTAgent32.exe, PERF WARNING: FindTopLevelWindowHelper::FindAllDescendents: took 8204 ms. Expected it to take maximum 500 ms.
W, 3280, 14, 2012/11/02, 07:37:38.618, 1144749902080, QTAgent32.exe, Playback - [WARNING] Internal warning: Window Not Found: [VisibleOnly]ControlType='Window' &amp;&amp; Name='Customer: autotest autotest' &amp;&amp; ClassName='ThunderRT6MDIForm'
\0
E, 3280, 14, 2012/11/02, 07:37:38.618, 1144749905235, QTAgent32.exe, &lt;a class=failure&gt;Playback - {116} [FAILED] Function ElementFetcher::FindScreenElement failed to locate UI element (Searching: ;[VisibleOnly]ControlType='Window' &amp;&amp; Name='Customer: autotest autotest' &amp;&amp; ClassName='ThunderRT6MDIForm') (The object specified was not found.)
\0&lt;/a&gt;
E, 3280, 14, 2012/11/02, 07:37:38.705, 1144751142879, QTAgent32.exe, Playback - [IMAGE] C:\Users\peter.zenin-ad\AppData\Local\Temp\UITestLogs\LastRun\RPFF24E.png
\0
W, 3280, 14, 2012/11/02, 07:37:38.705, 1144751145207, QTAgent32.exe, Playback - [WARNING] Internal warning: Couldn't find descendants that match QueryId
\0
W, 3280, 14, 2012/11/02, 07:37:38.705, 1144751148807, QTAgent32.exe, PERF WARNING: FindTopLevelWindowHelper::FindAllDescendents: took 2001 ms. Expected it to take maximum 500 ms.
W, 3280, 14, 2012/11/02, 07:37:42.844, 1144810398272, QTAgent32.exe, Playback - [WARNING] Internal warning: Window Not Found: [VisibleOnly]ControlType='Window' &amp;&amp; Name='Customer: autotest autotest' &amp;&amp; ClassName='ThunderRT6MDIForm'
\0
E, 3280, 14, 2012/11/02, 07:37:42.844, 1144810401191, QTAgent32.exe, &lt;a class=failure&gt;Playback - {117} [FAILED] Function ElementFetcher::FindScreenElement failed to locate UI element (Searching: ;[VisibleOnly]ControlType='Window' &amp;&amp; Name='Customer: autotest autotest' &amp;&amp; ClassName='ThunderRT6MDIForm') (The object specified was not found.)
\0&lt;/a&gt;
E, 3280, 14, 2012/11/02, 07:37:42.930, 1144811626923, QTAgent32.exe, Playback - [IMAGE] C:\Users\peter.zenin-ad\AppData\Local\Temp\UITestLogs\LastRun\RPF2D2.png
\0
W, 3280, 14, 2012/11/02, 07:37:42.930, 1144811629082, QTAgent32.exe, Playback - [WARNING] Internal warning: Couldn't find descendants that match QueryId
\0
W, 3280, 14, 2012/11/02, 07:37:42.930, 1144811632201, QTAgent32.exe, PERF WARNING: FindTopLevelWindowHelper::FindAllDescendents: took 4224 ms. Expected it to take maximum 500 ms.
E, 3280, 14, 2012/11/02, 07:37:42.930, 1144811634035, QTAgent32.exe, Exception: System.Runtime.InteropServices.COMException
	Message: Error HRESULT E_FAIL has been returned from a call to a COM component.
	Stack Trace:    at Microsoft.VisualStudio.TestTools.UITest.Playback.Engine.IRPFPlayback.FindAllScreenElements(IScreenElement pScreenElementStart, String bstrQueryId, Object&amp; pvarResKeys, Int32 cResKeys, Int32 nMaxDepth, Object[]&amp; foundDescendants)
   at Microsoft.VisualStudio.TestTools.UITest.Playback.ScreenElement.FindTopLevelWindowHelper(String queryId)
	BaseExceptionMessage: Error HRESULT E_FAIL has been returned from a call to a COM component.

E, 3280, 14, 2012/11/02, 07:37:42.931, 1144811638885, QTAgent32.exe, Window 2885560 not responding. Last Win32 error 0
E, 3280, 14, 2012/11/02, 07:37:42.931, 1144811642770, QTAgent32.exe, Window 2885560 not responding. Last Win32 error 1400
E, 3280, 14, 2012/11/02, 07:37:42.931, 1144811647443, QTAgent32.exe, Window 2885560 not responding. Last Win32 error 1400
E, 3280, 14, 2012/11/02, 07:37:42.931, 1144811648636, QTAgent32.exe, GetClassName for handle 2885560 failed
E, 3280, 14, 2012/11/02, 07:37:42.932, 1144811649669, QTAgent32.exe, GetClassName for handle 2885560 failed
E, 3280, 14, 2012/11/02, 07:37:43.146, 1144814718112, QTAgent32.exe, AL: Playback Error: Microsoft.VisualStudio.TestTools.UITest.Extension.UITestControlNotFoundException: Unable to find the top level element of the control ---&gt; Microsoft.VisualStudio.TestTools.UITest.Extension.UITestControlNotFoundException: The playback failed to find the control with the given search properties. Additional Details: 
TechnologyName:  'MSAA'
ControlType:  'Window'
 ---&gt; System.Runtime.InteropServices.COMException: Error HRESULT E_FAIL has been returned from a call to a COM component.
   at Microsoft.VisualStudio.TestTools.UITest.Playback.Engine.IRPFPlayback.FindAllScreenElements(IScreenElement pScreenElementStart, String bstrQueryId, Object&amp; pvarResKeys, Int32 cResKeys, Int32 nMaxDepth, Object[]&amp; foundDescendants)
   at Microsoft.VisualStudio.TestTools.UITest.Playback.ScreenElement.FindTopLevelWindowHelper(String queryId)
   at Microsoft.VisualStudio.TestTools.UITest.Playback.ScreenElement.FindFromPartialQueryId(String queryId)
   at Microsoft.VisualStudio.TestTools.UITesting.UITestControl..ctor(String queryId)
   --- End of inner exception stack trace ---
   at Microsoft.VisualStudio.TestTools.UITesting.Playback.MapControlNotFoundException(COMException ex, IPlaybackContext context)
   at Microsoft.VisualStudio.TestTools.UITesting.Playback.MapAndThrowComException(COMException innerException, IPlaybackContext context)
   at Microsoft.VisualStudio.TestTools.UITesting.Playback.MapAndThrowException(SystemException exception, IPlaybackContext context)
   at Microsoft.VisualStudio.TestTools.UITesting.Playback.MapAndThrowException(SystemException exception, String queryId)
   at Microsoft.VisualStudio.TestTools.UITesting.UITestControl..ctor(String queryId)
   at Microsoft.VisualStudio.TestTools.UITesting.SearchHelper.SearchTopLevelWindow(ISearchArgument topLevelSearchArg, String topLevelElementQueryId)
   at Microsoft.VisualStudio.TestTools.UITesting.SearchHelper.SearchUsingMultipleTitles(ISearchArgument topLevelSearchArg, QueryId topLevelQueryId, IList`1 windowTitles)
   --- End of inner exception stack trace ---
   at Microsoft.VisualStudio.TestTools.UITesting.SearchHelper.SearchUsingMultipleTitles(ISearchArgument topLevelSearchArg, QueryId topLevelQueryId, IList`1 windowTitles)
   at Microsoft.VisualStudio.TestTools.UITesting.SearchHelper.GetTitleUpdatedTopLevelWindow(ISearchArgument topLevelSearchArg, String queryId, IList`1 windowTitles)
   at Microsoft.VisualStudio.TestTools.UITesting.SearchHelper.GetTopLevelElement(Boolean useCache, Boolean useCacheOnly, ISearchArgument searchArg, IList`1 windowTitles, Int32&amp; timeLeft)
   at Microsoft.VisualStudio.TestTools.UITesting.SearchHelper.GetElement(Boolean useCache, ISearchArgument searchArg)
   at Microsoft.VisualStudio.TestTools.UITesting.SearchHelper.Search(ISearchArgument searchArg)
   at Microsoft.VisualStudio.TestTools.UITesting.UITestControl.FindInternal()
   at Microsoft.VisualStudio.TestTools.UITesting.UITestControl.FindControlIfNecessary()
   at Microsoft.VisualStudio.TestTools.UITesting.UITestControl.Click(MouseButtons button, ModifierKeys modifierKeys, Point relativeCoordinates)
   at Microsoft.VisualStudio.TestTools.UITesting.Mouse.ClickImplementation(UITestControl control, MouseButtons button, ModifierKeys modifierKeys, Point relativeCoordinate)
   at Microsoft.VisualStudio.TestTools.UITesting.Mouse.ClickImplementationWrapper(UITestControl control, MouseButtons button, ModifierKeys modifierKeys, Point relativeCoordinate)
W, 3280, 14, 2012/11/02, 07:37:43.146, 1144814720094, QTAgent32.exe, PlaybackErrorHandler: Ignoring exception as ContinueOnError is set.
W, 3280, 14, 2012/11/02, 07:37:43.340, 1144817492406, QTAgent32.exe, &lt;a class=success&gt;Playback - {118} [SUCCESS] MouseButtonClick - "[MSAA, VisibleOnly]ControlType='Button' &amp;&amp; Name='Close'"
\0&lt;/a&gt;
W, 3280, 14, 2012/11/02, 07:37:47.549, 1144877768871, QTAgent32.exe, IEDOM : StopSession of the plugin called before StartSession
W, 3280, 14, 2012/11/02, 07:37:47.549, 1144877770077, QTAgent32.exe, UIA : StopSession of the plugin called before StartSession
W, 3280, 14, 2012/11/02, 07:37:47.550, 1144877776170, QTAgent32.exe, SLPlugin : StopSession of the plugin called before StartSession
</DebugTrace>
        <ErrorInfo>
          <Message>Test method TestProject7.TamAutotest.MotoTest2 threw exception: 
Microsoft.VisualStudio.TestTools.UITest.Extension.UITestControlNotFoundException: The playback failed to find the control with the given search properties. Additional Details: 
TechnologyName:  'MSAA'
ControlType:  'Window'
Name:  'View Quote Details'
ClassName:  'ThunderRT6FormDC'
 ---&gt; System.Runtime.InteropServices.COMException: Error HRESULT E_FAIL has been returned from a call to a COM component.</Message>
          <StackTrace>    at Microsoft.VisualStudio.TestTools.UITest.Playback.Engine.IRPFPlayback.FindAllScreenElements(IScreenElement pScreenElementStart, String bstrQueryId, Object&amp; pvarResKeys, Int32 cResKeys, Int32 nMaxDepth, Object[]&amp; foundDescendants)
   at Microsoft.VisualStudio.TestTools.UITest.Playback.ScreenElement.FindTopLevelWindowHelper(String queryId)
   at Microsoft.VisualStudio.TestTools.UITest.Playback.ScreenElement.FindFromPartialQueryId(String queryId)
   at Microsoft.VisualStudio.TestTools.UITesting.UITestControl..ctor(String queryId)
 --- End of inner exception stack trace ---
    at Microsoft.VisualStudio.TestTools.UITesting.Playback.MapControlNotFoundException(COMException ex, IPlaybackContext context)
   at Microsoft.VisualStudio.TestTools.UITesting.Playback.MapAndThrowComException(COMException innerException, IPlaybackContext context)
   at Microsoft.VisualStudio.TestTools.UITesting.Playback.MapAndThrowException(SystemException exception, IPlaybackContext context)
   at Microsoft.VisualStudio.TestTools.UITesting.Playback.MapAndThrowException(SystemException exception, String queryId)
   at Microsoft.VisualStudio.TestTools.UITesting.UITestControl..ctor(String queryId)
   at Microsoft.VisualStudio.TestTools.UITesting.SearchHelper.SearchTopLevelWindow(ISearchArgument topLevelSearchArg, String topLevelElementQueryId)
   at Microsoft.VisualStudio.TestTools.UITesting.SearchHelper.GetTitleUpdatedTopLevelWindow(ISearchArgument topLevelSearchArg, String queryId, IList`1 windowTitles)
   at Microsoft.VisualStudio.TestTools.UITesting.SearchHelper.GetTopLevelElement(Boolean useCache, Boolean useCacheOnly, ISearchArgument searchArg, IList`1 windowTitles, Int32&amp; timeLeft)
   at Microsoft.VisualStudio.TestTools.UITesting.SearchHelper.GetUITestControlRecursive(Boolean useCache, Boolean alwaysSearch, ISearchArgument searchArg, IList`1 windowTitles, Int32&amp; timeLeft)
   at Microsoft.VisualStudio.TestTools.UITesting.SearchHelper.GetUITestControlRecursive(Boolean useCache, Boolean alwaysSearch, ISearchArgument searchArg, IList`1 windowTitles, Int32&amp; timeLeft)
   at Microsoft.VisualStudio.TestTools.UITesting.SearchHelper.GetUITestControlRecursive(Boolean useCache, Boolean alwaysSearch, ISearchArgument searchArg, IList`1 windowTitles, Int32&amp; timeLeft)
   at Microsoft.VisualStudio.TestTools.UITesting.SearchHelper.GetUITestControlRecursive(Boolean useCache, Boolean alwaysSearch, ISearchArgument searchArg, IList`1 windowTitles, Int32&amp; timeLeft)
   at Microsoft.VisualStudio.TestTools.UITesting.SearchHelper.GetUITestControlRecursive(Boolean useCache, Boolean alwaysSearch, ISearchArgument searchArg, IList`1 windowTitles, Int32&amp; timeLeft)
   at Microsoft.VisualStudio.TestTools.UITesting.SearchHelper.GetElement(Boolean useCache, ISearchArgument searchArg)
   at Microsoft.VisualStudio.TestTools.UITesting.SearchHelper.Search(ISearchArgument searchArg)
   at Microsoft.VisualStudio.TestTools.UITesting.UITestControl.FindInternal()
   at Microsoft.VisualStudio.TestTools.UITesting.UITestControl.Find()
   at Microsoft.VisualStudio.TestTools.UITesting.UITestControl.GetProperty(String propertyName)
   at Microsoft.VisualStudio.TestTools.UITesting.HtmlControls.HtmlControl.get_InnerText()
   at TestProject7.UIMap.CheckAutoPrint() in C:\Users\peter.zenin-ad\Desktop\TestProject7\TestProject7\UIMap.Designer.cs:line 294
   at TestProject7.TamAutotest.MotoTest2() in C:\Users\peter.zenin-ad\Desktop\TestProject7\TestProject7\CodedUITest1.cs:line 125
</StackTrace>
        </ErrorInfo>
      </Output>
      <ResultFiles>
        <ResultFile path="ICLVDEVAP01\MotoTest2.png" />
      </ResultFiles>
      <ExtensionResult>Exception has been thrown by the target of an invocation.</ExtensionResult>
    </UnitTestResult>
  </Results>
</TestRun>