<?xml version="1.0" encoding="UTF-8"?>
<TestRun id="5dc328b0-7c68-417c-9280-957faf63ac17" name="peter.zenin-ad@ICLVDEVAP01 2012-11-13 09:26:49" runUser="INSUR-E\peter.zenin-ad" xmlns="http://microsoft.com/schemas/VisualStudio/TeamTest/2010">
  <TestSettings name="Default Test Settings" id="1fcee01e-a337-430b-9d54-fecfa6146fd4">
    <Execution>
      <TestTypeSpecific />
      <AgentRule name="Execution Agents">
      </AgentRule>
    </Execution>
    <Deployment runDeploymentRoot="peter.zenin-ad_ICLVDEVAP01 2012-11-13 09_26_49" />
  </TestSettings>
  <Times creation="2012-11-13T09:26:49.3677462+00:00" queuing="2012-11-13T09:26:49.6329615+00:00" start="2012-11-13T09:26:49.6797642+00:00" finish="2012-11-13T09:38:09.1769637+00:00" />
  <ResultSummary outcome="Failed">
    <Counters total="1" executed="1" error="0" failed="1" timeout="0" aborted="0" inconclusive="0" passedButRunAborted="0" notRunnable="0" notExecuted="0" disconnected="0" warning="0" passed="0" completed="0" inProgress="0" pending="0" />
  </ResultSummary>
  <TestDefinitions>
    <UnitTest name="MotoTest13" storage="testproject7.dll" id="1662bbff-6668-68e6-e702-5ec6450deb96">
      <Execution id="a1b93e1d-9945-4df6-97d9-32dbedfe227f" />
      <TestMethod codeBase="C:/TestProject7/TestProject7/bin/Debug/TestProject7.dll" adapterTypeName="Microsoft.VisualStudio.TestTools.TestTypes.Unit.UnitTestAdapter, Microsoft.VisualStudio.QualityTools.Tips.UnitTest.Adapter, Version=10.0.0.0, Culture=neutral, PublicKeyToken=b03f5f7f11d50a3a" className="TestProject7.TamAutotest, TestProject7, Version=1.0.0.0, Culture=neutral, PublicKeyToken=null" name="MotoTest13" />
      <Extension>Microsoft.VisualStudio.TestTools.UITesting.CodedUITestAttribute, Microsoft.VisualStudio.QualityTools.CodedUITestFramework, Version=10.0.0.0, Culture=neutral, PublicKeyToken=b03f5f7f11d50a3a</Extension>
    </UnitTest>
  </TestDefinitions>
  <TestLists>
    <TestList name="Results Not in a List" id="8c84fa94-04c1-424b-9868-57a2d4851a1d" />
    <TestList name="All Loaded Results" id="19431567-8539-422a-85d7-44ee4e166bda" />
  </TestLists>
  <TestEntries>
    <TestEntry testId="1662bbff-6668-68e6-e702-5ec6450deb96" executionId="a1b93e1d-9945-4df6-97d9-32dbedfe227f" testListId="8c84fa94-04c1-424b-9868-57a2d4851a1d" />
  </TestEntries>
  <Results>
    <UnitTestResult executionId="a1b93e1d-9945-4df6-97d9-32dbedfe227f" testId="1662bbff-6668-68e6-e702-5ec6450deb96" testName="MotoTest13" computerName="ICLVDEVAP01" duration="00:11:19.0287014" startTime="2012-11-13T09:26:49.6797642+00:00" endTime="2012-11-13T09:38:09.1301610+00:00" testType="13cdc9d9-ddb5-4fa4-a97d-d965ccfc6d4b" outcome="Failed" testListId="8c84fa94-04c1-424b-9868-57a2d4851a1d" relativeResultsDirectory="a1b93e1d-9945-4df6-97d9-32dbedfe227f">
      <Output>
        <DebugTrace>W, 1528, 13, 2012/11/13, 09:26:50.335, 7608820051534, QTAgent32.exe, ExtensionFramework : A Technology Manager with name Web is already registered.
W, 1528, 13, 2012/11/13, 09:26:51.458, 7608836090210, QTAgent32.exe, &lt;a class=success&gt;Playback - {1} [SUCCESS] MouseButtonClick - "[MSAA, VisibleOnly]ControlType='Edit'"
\0&lt;/a&gt;
W, 1528, 13, 2012/11/13, 09:26:51.723, 7608839885857, QTAgent32.exe, &lt;a class=success&gt;Playback - {2} [SUCCESS] SendKeys "[*]" - "[MSAA, VisibleOnly]ControlType='Edit'"
\0&lt;/a&gt;
W, 1528, 13, 2012/11/13, 09:26:52.612, 7608852782511, QTAgent32.exe, &lt;a class=success&gt;Playback - {3} [SUCCESS] MouseButtonClick - "[MSAA, VisibleOnly]ControlType='Button' &amp;&amp; Name='OK'"
\0&lt;/a&gt;
W, 1528, 13, 2012/11/13, 09:26:53.299, 7608862564462, QTAgent32.exe, &lt;a class=success&gt;Playback - {4} [SUCCESS] MouseButtonClick - "[MSAA, VisibleOnly]ControlType='Button' &amp;&amp; Name='OK'"
\0&lt;/a&gt;
W, 1528, 13, 2012/11/13, 09:26:53.970, 7608872084924, QTAgent32.exe, &lt;a class=success&gt;Playback - {5} [SUCCESS] TypeString "#(R)"
\0&lt;/a&gt;
E, 1528, 13, 2012/11/13, 09:26:54.141, 7608874608703, QTAgent32.exe, Exception: System.ArgumentException
	Message: Value does not fall within the expected range.
	Stack Trace:    at Accessibility.IAccessible.get_accRole(Object varChild)
   at Microsoft.VisualStudio.TestTools.UITest.Extension.Msaa.AccWrapper.get_RoleInt()
	BaseExceptionMessage: Value does not fall within the expected range.

E, 1528, 13, 2012/11/13, 09:26:54.157, 7608874839003, QTAgent32.exe, Exception: System.ArgumentException
	Message: Value does not fall within the expected range.
	Stack Trace:    at Accessibility.IAccessible.get_accRole(Object varChild)
   at Microsoft.VisualStudio.TestTools.UITest.Extension.Msaa.AccWrapper.get_RoleInt()
	BaseExceptionMessage: Value does not fall within the expected range.

W, 1528, 13, 2012/11/13, 09:26:54.687, 7608882325949, QTAgent32.exe, &lt;a class=success&gt;Playback - {6} [SUCCESS] LeftButtonClick  &lt; Mouse cursor location (87, 908) &gt;
\0&lt;/a&gt;
W, 1528, 13, 2012/11/13, 09:26:55.904, 7608899750435, QTAgent32.exe, &lt;a class=success&gt;Playback - {7} [SUCCESS] SetValueAsEditBox "c:\TestProject7\ourhighway.reg"  &lt; Set via SendKeys &gt;
\0&lt;/a&gt;
W, 1528, 13, 2012/11/13, 09:26:55.904, 7608899752683, QTAgent32.exe, &lt;a class=success&gt;Playback - {8} [SUCCESS] SetValueAsComboBox "c:\TestProject7\ourhighway.reg" - "[MSAA, VisibleOnly]ControlType='ComboBox' &amp;&amp; Name='Open:'"  &lt; Set via SetValueAsEditBox &gt;
\0&lt;/a&gt;
W, 1528, 13, 2012/11/13, 09:26:56.341, 7608906152283, QTAgent32.exe, &lt;a class=success&gt;Playback - {9} [SUCCESS] MouseButtonClick - "[MSAA, VisibleOnly]ControlType='Button' &amp;&amp; Name='OK'"
\0&lt;/a&gt;
W, 1528, 13, 2012/11/13, 09:26:56.980, 7608915208536, QTAgent32.exe, &lt;a class=success&gt;Playback - {10} [SUCCESS] MouseButtonClick - "[MSAA, VisibleOnly]ControlType='Button' &amp;&amp; Name='Yes'"
\0&lt;/a&gt;
W, 1528, 13, 2012/11/13, 09:26:57.495, 7608922596108, QTAgent32.exe, &lt;a class=success&gt;Playback - {11} [SUCCESS] MouseButtonClick - "[MSAA, VisibleOnly]ControlType='Button' &amp;&amp; Name='OK'"
\0&lt;/a&gt;
W, 1528, 13, 2012/11/13, 09:26:57.979, 7608929563416, QTAgent32.exe, &lt;a class=success&gt;Playback - {12} [SUCCESS] MouseButtonClick - "[MSAA, VisibleOnly]ControlType='Button' &amp;&amp; Name='Clients &amp; Files'"
\0&lt;/a&gt;
W, 1528, 13, 2012/11/13, 09:26:58.946, 7608943445724, QTAgent32.exe, Playback - [WARNING] Internal warning: Window Not Found: [VisibleOnly]ControlType='Window' &amp;&amp; Name='Customer: txt1 tdsfs' &amp;&amp; ClassName='ThunderRT6MDIForm'
\0
E, 1528, 13, 2012/11/13, 09:26:58.946, 7608943448757, QTAgent32.exe, &lt;a class=failure&gt;Playback - {13} [FAILED] Function ElementFetcher::FindScreenElement failed to locate UI element (Searching: ;[VisibleOnly]ControlType='Window' &amp;&amp; Name='Customer: txt1 tdsfs' &amp;&amp; ClassName='ThunderRT6MDIForm') (The object specified was not found.)
\0&lt;/a&gt;
E, 1528, 13, 2012/11/13, 09:26:59.040, 7608944768460, QTAgent32.exe, Playback - [IMAGE] C:\Users\peter.zenin-ad\AppData\Local\Temp\UITestLogs\LastRun\RPF6B13.png
\0
W, 1528, 13, 2012/11/13, 09:26:59.040, 7608944770379, QTAgent32.exe, Playback - [WARNING] Internal warning: Couldn't find descendants that match QueryId
\0
W, 1528, 13, 2012/11/13, 09:26:59.040, 7608944773606, QTAgent32.exe, PERF WARNING: FindTopLevelWindowHelper::FindAllDescendents: took 882 ms. Expected it to take maximum 500 ms.
W, 1528, 13, 2012/11/13, 09:27:17.043, 7609202551626, QTAgent32.exe, Playback - [WARNING] Internal warning: Window Not Found: [VisibleOnly]ControlType='Window' &amp;&amp; Name='Customer: txt1 tdsfs' &amp;&amp; ClassName='ThunderRT6MDIForm'
\0
E, 1528, 13, 2012/11/13, 09:27:17.043, 7609202554435, QTAgent32.exe, &lt;a class=failure&gt;Playback - {14} [FAILED] Function ElementFetcher::FindScreenElement failed to locate UI element (Searching: ;[VisibleOnly]ControlType='Window' &amp;&amp; Name='Customer: txt1 tdsfs' &amp;&amp; ClassName='ThunderRT6MDIForm') (The object specified was not found.)
\0&lt;/a&gt;
E, 1528, 13, 2012/11/13, 09:27:17.137, 7609203841115, QTAgent32.exe, Playback - [IMAGE] C:\Users\peter.zenin-ad\AppData\Local\Temp\UITestLogs\LastRun\RPFB1C4.png
\0
W, 1528, 13, 2012/11/13, 09:27:17.137, 7609203843273, QTAgent32.exe, Playback - [WARNING] Internal warning: Couldn't find descendants that match QueryId
\0
W, 1528, 13, 2012/11/13, 09:27:17.137, 7609203846242, QTAgent32.exe, PERF WARNING: FindTopLevelWindowHelper::FindAllDescendents: took 18093 ms. Expected it to take maximum 500 ms.
W, 1528, 13, 2012/11/13, 09:27:17.917, 7609214975241, QTAgent32.exe, Playback - [WARNING] Internal warning: Window with Class "ThunderRT6MDIForm" and Title "Customer: txt1 tdsfs" was not found, so similar window with Class "ThunderRT6MDIForm" and Title "Customer: autotest" was accepted
\0
W, 1528, 13, 2012/11/13, 09:27:17.917, 7609214979200, QTAgent32.exe, PERF WARNING: FindTopLevelWindowHelper::FindAllDescendents: took 777 ms. Expected it to take maximum 500 ms.
W, 1528, 13, 2012/11/13, 09:27:18.432, 7609222444209, QTAgent32.exe, Playback - [WARNING] Internal warning: Incorrect flag set for InvokeProgrammaticAction\0
W, 1528, 13, 2012/11/13, 09:27:18.837, 7609228112148, QTAgent32.exe, &lt;a class=success&gt;Playback - {15} [SUCCESS] SetValueAsComboBox "Customers" - "[MSAA, VisibleOnly]ControlType='ComboBox'"  &lt; SetValueAsComboBox, set by clicking on the item in the list box &gt;
\0&lt;/a&gt;
W, 1528, 13, 2012/11/13, 09:27:19.493, 7609237636513, QTAgent32.exe, &lt;a class=success&gt;Playback - {16} [SUCCESS] MouseButtonClick - "[MSAA, VisibleOnly]ControlType='Button' &amp;&amp; Name='Add'"
\0&lt;/a&gt;
W, 1528, 13, 2012/11/13, 09:27:19.898, 7609243282546, QTAgent32.exe, &lt;a class=success&gt;Playback - {17} [SUCCESS] SendKeys "autotest" - "[MSAA, VisibleOnly]ControlType='RadioButton' &amp;&amp; Name='Personal Lines'"
\0&lt;/a&gt;
E, 1528, 13, 2012/11/13, 09:27:20.054, 7609245562939, QTAgent32.exe, LoadLibrary() : Unable to find the resource 37382 from assembly C:\Windows\system32\en-US\ieframe.dll.mui: Error1814
E, 1528, 13, 2012/11/13, 09:27:20.054, 7609245568824, QTAgent32.exe, LoadLibrary() : Unable to find the resource 41728 from assembly C:\Windows\system32\en-US\ieframe.dll.mui: Error1814
E, 1528, 13, 2012/11/13, 09:27:20.054, 7609245571059, QTAgent32.exe, LoadLibrary() : Unable to find the resource 8131 from assembly C:\Windows\system32\en-US\ieframe.dll.mui: Error1814
E, 1528, 13, 2012/11/13, 09:27:20.054, 7609245573405, QTAgent32.exe, LoadLibrary() : Unable to find the resource 8131 from assembly C:\Windows\system32\en-US\ieframe.dll.mui: Error1814
E, 1528, 13, 2012/11/13, 09:27:20.054, 7609245577042, QTAgent32.exe, LoadLibrary() : Unable to find the resource 8131 from assembly C:\Windows\system32\en-US\ieframe.dll.mui: Error1814
E, 1528, 13, 2012/11/13, 09:27:20.054, 7609245581710, QTAgent32.exe, LoadLibrary() : Unable to find the resource 803 from assembly C:\Windows\system32\en-US\user32.dll.mui: Error1814
W, 1528, 13, 2012/11/13, 09:27:20.429, 7609250880791, QTAgent32.exe, &lt;a class=success&gt;Playback - {18} [SUCCESS] SetValueAsEditBox "autotest" - "[MSAA, VisibleOnly]ControlType='Edit'"  &lt; Set via SendKeys &gt;
\0&lt;/a&gt;
W, 1528, 13, 2012/11/13, 09:27:20.990, 7609258975870, QTAgent32.exe, &lt;a class=success&gt;Playback - {19} [SUCCESS] MouseButtonClick - "[MSAA, VisibleOnly]ControlType='Button' &amp;&amp; Name='OK'"
\0&lt;/a&gt;
W, 1528, 13, 2012/11/13, 09:27:21.568, 7609267369332, QTAgent32.exe, &lt;a class=success&gt;Playback - {20} [SUCCESS] MouseButtonClick - "[MSAA, VisibleOnly]ControlType='Button' &amp;&amp; Name='Yes'"
\0&lt;/a&gt;
W, 1528, 13, 2012/11/13, 09:27:21.786, 7609270307827, QTAgent32.exe, &lt;a class=success&gt;Playback - {21} [SUCCESS] SendKeys "^{HOME}" - "[MSAA, VisibleOnly]ControlType='Edit'"
\0&lt;/a&gt;
E, 1528, 13, 2012/11/13, 09:27:21.786, 7609270335220, QTAgent32.exe, Msaa.GetFocusedElement: could not find accessible object of foreground window
W, 1528, 13, 2012/11/13, 09:27:21.880, 7609271647990, QTAgent32.exe, &lt;a class=success&gt;Playback - {22} [SUCCESS] SendKeys "^+{END}" - "[MSAA, VisibleOnly]ControlType='Edit'"
\0&lt;/a&gt;
E, 1528, 13, 2012/11/13, 09:27:21.880, 7609271650167, QTAgent32.exe, Msaa.GetFocusedElement: could not find accessible object of foreground window
W, 1528, 13, 2012/11/13, 09:27:21.895, 7609271872005, QTAgent32.exe, &lt;a class=success&gt;Playback - {23} [SUCCESS] SendKeys "{DELETE}" - "[MSAA, VisibleOnly]ControlType='Edit'"
\0&lt;/a&gt;
W, 1528, 13, 2012/11/13, 09:27:21.973, 7609272996302, QTAgent32.exe, &lt;a class=success&gt;Playback - {24} [SUCCESS] SetValueAsEditBox "1" - "[MSAA, VisibleOnly]ControlType='Edit'"  &lt; Set via SendKeys &gt;
\0&lt;/a&gt;
W, 1528, 13, 2012/11/13, 09:27:22.207, 7609276339472, QTAgent32.exe, &lt;a class=success&gt;Playback - {25} [SUCCESS] SendKeys "^{HOME}" - "[MSAA, VisibleOnly]ControlType='Edit'"
\0&lt;/a&gt;
E, 1528, 13, 2012/11/13, 09:27:22.207, 7609276341989, QTAgent32.exe, Msaa.GetFocusedElement: could not find accessible object of foreground window
W, 1528, 13, 2012/11/13, 09:27:22.285, 7609277456075, QTAgent32.exe, &lt;a class=success&gt;Playback - {26} [SUCCESS] SendKeys "^+{END}" - "[MSAA, VisibleOnly]ControlType='Edit'"
\0&lt;/a&gt;
E, 1528, 13, 2012/11/13, 09:27:22.285, 7609277458803, QTAgent32.exe, Msaa.GetFocusedElement: could not find accessible object of foreground window
W, 1528, 13, 2012/11/13, 09:27:22.301, 7609277680685, QTAgent32.exe, &lt;a class=success&gt;Playback - {27} [SUCCESS] SendKeys "{DELETE}" - "[MSAA, VisibleOnly]ControlType='Edit'"
\0&lt;/a&gt;
W, 1528, 13, 2012/11/13, 09:27:22.379, 7609278800018, QTAgent32.exe, &lt;a class=success&gt;Playback - {28} [SUCCESS] SetValueAsEditBox "1" - "[MSAA, VisibleOnly]ControlType='Edit'"  &lt; Set via SendKeys &gt;
\0&lt;/a&gt;
W, 1528, 13, 2012/11/13, 09:27:22.909, 7609286523423, QTAgent32.exe, &lt;a class=success&gt;Playback - {29} [SUCCESS] MouseButtonClick - "[MSAA, VisibleOnly]ControlType='Button' &amp;&amp; Name='OK'"
\0&lt;/a&gt;
W, 1528, 13, 2012/11/13, 09:27:23.440, 7609294130617, QTAgent32.exe, &lt;a class=success&gt;Playback - {30} [SUCCESS] MouseButtonClick - "[MSAA, VisibleOnly]ControlType='Button'"
\0&lt;/a&gt;
W, 1528, 13, 2012/11/13, 09:27:23.954, 7609301464889, QTAgent32.exe, &lt;a class=success&gt;Playback - {31} [SUCCESS] MouseButtonClick - "[MSAA, VisibleOnly]ControlType='Button' &amp;&amp; Name='Add'"
\0&lt;/a&gt;
W, 1528, 13, 2012/11/13, 09:27:24.454, 7609308713349, QTAgent32.exe, &lt;a class=success&gt;Playback - {32} [SUCCESS] MouseButtonClick - "[MSAA, VisibleOnly]ControlType='Button' &amp;&amp; Name='OK'"
\0&lt;/a&gt;
W, 1528, 13, 2012/11/13, 09:27:26.919, 7609343795475, QTAgent32.exe, &lt;a class=success&gt;Playback - {33} [SUCCESS] MouseButtonClick - "[MSAA, VisibleOnly,Window]ControlType='Window' &amp;&amp; ClassName='ThunderRT6TextBox'"
\0&lt;/a&gt;
W, 1528, 13, 2012/11/13, 09:27:27.277, 7609348942004, QTAgent32.exe, &lt;a class=success&gt;Playback - {34} [SUCCESS] SetValueAsEditBox "MOTO" - "[MSAA, VisibleOnly]ControlType='Edit'"  &lt; Set via SendKeys &gt;
\0&lt;/a&gt;
W, 1528, 13, 2012/11/13, 09:27:27.808, 7609356620657, QTAgent32.exe, &lt;a class=success&gt;Playback - {35} [SUCCESS] MouseButtonClick - "[MSAA, VisibleOnly]ControlType='Button' &amp;&amp; Name='OK'"
\0&lt;/a&gt;
W, 1528, 13, 2012/11/13, 09:27:28.260, 7609363076021, QTAgent32.exe, &lt;a class=success&gt;Playback - {36} [SUCCESS] MouseButtonClick - "[MSAA, VisibleOnly]ControlType='Button' &amp;&amp; Name='Options'"
\0&lt;/a&gt;
W, 1528, 13, 2012/11/13, 09:27:28.369, 7609364636386, QTAgent32.exe, FindScreenElementInSinglePass : Attempting to find control in one pass of search. Failures can occur.
W, 1528, 13, 2012/11/13, 09:27:28.557, 7609367248097, QTAgent32.exe, &lt;a class=success&gt;Playback - {37} [SUCCESS] MouseButtonClick - "[MSAA]ControlType='MenuItem' &amp;&amp; Name='Links'"
\0&lt;/a&gt;
W, 1528, 13, 2012/11/13, 09:27:28.666, 7609368816813, QTAgent32.exe, FindScreenElementInSinglePass : Attempting to find control in one pass of search. Failures can occur.
W, 1528, 13, 2012/11/13, 09:27:28.853, 7609371492136, QTAgent32.exe, &lt;a class=success&gt;Playback - {38} [SUCCESS] MouseButtonClick - "[MSAA]ControlType='MenuItem' &amp;&amp; Name='3rd Party Integration'"
\0&lt;/a&gt;
W, 1528, 13, 2012/11/13, 09:27:28.962, 7609373060881, QTAgent32.exe, FindScreenElementInSinglePass : Attempting to find control in one pass of search. Failures can occur.
W, 1528, 13, 2012/11/13, 09:27:29.150, 7609375761989, QTAgent32.exe, &lt;a class=success&gt;Playback - {39} [SUCCESS] MouseButtonClick - "[MSAA]ControlType='MenuItem' &amp;&amp; Name='Quote Select List'"
\0&lt;/a&gt;
W, 1528, 13, 2012/11/13, 09:27:31.068, 7609403241633, QTAgent32.exe, PERF WARNING: FindTopLevelWindowHelper::FindAllDescendents: took 1784 ms. Expected it to take maximum 500 ms.
W, 1528, 13, 2012/11/13, 09:27:32.753, 7609427472376, QTAgent32.exe, &lt;a class=success&gt;Playback - {40} [SUCCESS] MouseButtonClick - "[MSAA, VisibleOnly]ControlType='Button' &amp;&amp; Name='Ok'"
\0&lt;/a&gt;
W, 1528, 13, 2012/11/13, 09:27:34.064, 7609446142098, QTAgent32.exe, PERF WARNING: FindTopLevelWindowHelper::FindAllDescendents: took 1195 ms. Expected it to take maximum 500 ms.
W, 1528, 13, 2012/11/13, 09:27:34.469, 7609452005932, QTAgent32.exe, &lt;a class=success&gt;Playback - {41} [SUCCESS] MouseButtonClick - "[MSAA, VisibleOnly]ControlType='Button' &amp;&amp; Name='Ok'"
\0&lt;/a&gt;
W, 1528, 13, 2012/11/13, 09:27:34.844, 7609457268251, QTAgent32.exe, &lt;a class=success&gt;Playback - {42} [SUCCESS] SetValueAsEditBox "test" - "[MSAA, VisibleOnly]ControlType='Edit'"  &lt; Set via SendKeys &gt;
\0&lt;/a&gt;
W, 1528, 13, 2012/11/13, 09:27:35.234, 7609462864610, QTAgent32.exe, &lt;a class=success&gt;Playback - {43} [SUCCESS] SetValueAsEditBox "test" - "[MSAA, VisibleOnly]ControlType='Edit'"  &lt; Set via SendKeys &gt;
\0&lt;/a&gt;
W, 1528, 13, 2012/11/13, 09:27:35.686, 7609469330334, QTAgent32.exe, &lt;a class=success&gt;Playback - {44} [SUCCESS] SetValueAsEditBox "160486" - "[MSAA, VisibleOnly]ControlType='Edit'"  &lt; Set via SendKeys &gt;
\0&lt;/a&gt;
W, 1528, 13, 2012/11/13, 09:27:36.108, 7609475361527, QTAgent32.exe, &lt;a class=success&gt;Playback - {45} [SUCCESS] SetValueAsEditBox "BN16BN" - "[MSAA, VisibleOnly]ControlType='Edit'"  &lt; Set via SendKeys &gt;
\0&lt;/a&gt;
W, 1528, 13, 2012/11/13, 09:27:38.572, 7609510648113, QTAgent32.exe, &lt;a class=success&gt;Playback - {46} [SUCCESS] MouseButtonClick - "[MSAA, VisibleOnly]ControlType='Button' &amp;&amp; Name='Lookup...'"
\0&lt;/a&gt;
W, 1528, 13, 2012/11/13, 09:27:39.009, 7609517064255, QTAgent32.exe, &lt;a class=success&gt;Playback - {47} [SUCCESS] MouseButtonClick - "[MSAA, VisibleOnly]ControlType='Button' &amp;&amp; Name='Ok'"
\0&lt;/a&gt;
W, 1528, 13, 2012/11/13, 09:27:41.287, 7609549520945, QTAgent32.exe, &lt;a class=success&gt;Playback - {48} [SUCCESS] MouseButtonClick - "[MSAA, VisibleOnly]ControlType='Button' &amp;&amp; Name='OK'"
\0&lt;/a&gt;
W, 1528, 13, 2012/11/13, 09:27:41.942, 7609559016135, QTAgent32.exe, Playback - [WARNING] Internal warning: Incorrect flag set for InvokeProgrammaticAction\0
W, 1528, 13, 2012/11/13, 09:27:42.285, 7609563826448, QTAgent32.exe, &lt;a class=success&gt;Playback - {49} [SUCCESS] SetValueAsComboBox "Account Executive" - "[MSAA, VisibleOnly]ControlType='ComboBox'"  &lt; SetValueAsComboBox, set by clicking on the item in the list box &gt;
\0&lt;/a&gt;
W, 1528, 13, 2012/11/13, 09:27:42.941, 7609573382401, QTAgent32.exe, Playback - [WARNING] Internal warning: Incorrect flag set for InvokeProgrammaticAction\0
W, 1528, 13, 2012/11/13, 09:27:43.690, 7609583928168, QTAgent32.exe, &lt;a class=success&gt;Playback - {50} [SUCCESS] SetValueAsComboBox "Aerial Manufacturer" - "[MSAA, VisibleOnly]ControlType='ComboBox'"  &lt; SetValueAsComboBox, set by clicking on the item in the list box &gt;
\0&lt;/a&gt;
W, 1528, 13, 2012/11/13, 09:27:44.189, 7609591062848, QTAgent32.exe, &lt;a class=success&gt;Playback - {51} [SUCCESS] SetValueAsEditBox "151208" - "[MSAA, VisibleOnly]ControlType='Edit'"  &lt; Set via SendKeys &gt;
\0&lt;/a&gt;
W, 1528, 13, 2012/11/13, 09:27:45.967, 7609616736779, QTAgent32.exe, &lt;a class=success&gt;Playback - {52} [SUCCESS] MouseButtonClick - "[MSAA, VisibleOnly]ControlType='Button' &amp;&amp; Name='OK'"
\0&lt;/a&gt;
E, 1528, 13, 2012/11/13, 09:27:46.077, 7609618193875, QTAgent32.exe, Exception: System.ArgumentException
	Message: Value does not fall within the expected range.
	Stack Trace:    at Accessibility.IAccessible.get_accRole(Object varChild)
   at Microsoft.VisualStudio.TestTools.UITest.Extension.Msaa.AccWrapper.get_RoleInt()
	BaseExceptionMessage: Value does not fall within the expected range.

E, 1528, 13, 2012/11/13, 09:27:46.077, 7609618226595, QTAgent32.exe, Exception: System.ArgumentException
	Message: Value does not fall within the expected range.
	Stack Trace:    at Accessibility.IAccessible.get_accRole(Object varChild)
   at Microsoft.VisualStudio.TestTools.UITest.Extension.Msaa.AccWrapper.get_RoleInt()
	BaseExceptionMessage: Value does not fall within the expected range.

W, 1528, 13, 2012/11/13, 09:27:46.529, 7609624565561, QTAgent32.exe, &lt;a class=success&gt;Playback - {53} [SUCCESS] LeftButtonClick  &lt; Mouse cursor location (680, 395) &gt;
\0&lt;/a&gt;
W, 1528, 13, 2012/11/13, 09:27:46.888, 7609629704673, QTAgent32.exe, &lt;a class=success&gt;Playback - {54} [SUCCESS] SetValueAsEditBox "FORD"  &lt; Set via SendKeys &gt;
\0&lt;/a&gt;
W, 1528, 13, 2012/11/13, 09:27:46.888, 7609629706902, QTAgent32.exe, &lt;a class=success&gt;Playback - {55} [SUCCESS] SetValueAsComboBox "FORD" - "[MSAA, VisibleOnly]ControlType='ComboBox'"  &lt; Set via SetValueAsEditBox &gt;
\0&lt;/a&gt;
E, 1528, 13, 2012/11/13, 09:27:46.997, 7609631347938, QTAgent32.exe, Exception: System.ArgumentException
	Message: Value does not fall within the expected range.
	Stack Trace:    at Accessibility.IAccessible.get_accRole(Object varChild)
   at Microsoft.VisualStudio.TestTools.UITest.Extension.Msaa.AccWrapper.get_RoleInt()
	BaseExceptionMessage: Value does not fall within the expected range.

E, 1528, 13, 2012/11/13, 09:27:46.997, 7609631380585, QTAgent32.exe, Exception: System.ArgumentException
	Message: Value does not fall within the expected range.
	Stack Trace:    at Accessibility.IAccessible.get_accRole(Object varChild)
   at Microsoft.VisualStudio.TestTools.UITest.Extension.Msaa.AccWrapper.get_RoleInt()
	BaseExceptionMessage: Value does not fall within the expected range.

W, 1528, 13, 2012/11/13, 09:27:47.839, 7609643329606, QTAgent32.exe, &lt;a class=success&gt;Playback - {56} [SUCCESS] LeftButtonClick  &lt; Mouse cursor location (1040, 395) &gt;
\0&lt;/a&gt;
W, 1528, 13, 2012/11/13, 09:27:48.151, 7609647798466, QTAgent32.exe, &lt;a class=success&gt;Playback - {57} [SUCCESS] SetValueAsEditBox "KA"  &lt; Set via SendKeys &gt;
\0&lt;/a&gt;
W, 1528, 13, 2012/11/13, 09:27:48.151, 7609647800416, QTAgent32.exe, &lt;a class=success&gt;Playback - {58} [SUCCESS] SetValueAsComboBox "KA" - "[MSAA, VisibleOnly]ControlType='ComboBox'"  &lt; Set via SetValueAsEditBox &gt;
\0&lt;/a&gt;
W, 1528, 13, 2012/11/13, 09:27:48.853, 7609658039583, QTAgent32.exe, &lt;a class=success&gt;Playback - {59} [SUCCESS] MouseButtonClick - "[MSAA, VisibleOnly]ControlType='Button' &amp;&amp; Name='Filter'"
\0&lt;/a&gt;
W, 1528, 13, 2012/11/13, 09:27:49.353, 7609665088587, QTAgent32.exe, &lt;a class=success&gt;Playback - {60} [SUCCESS] MouseButtonClick - "[MSAA, VisibleOnly]ControlType='Button' &amp;&amp; Name='OK'"
\0&lt;/a&gt;
W, 1528, 13, 2012/11/13, 09:27:49.821, 7609671694222, QTAgent32.exe, &lt;a class=success&gt;Playback - {61} [SUCCESS] SendKeys "^{HOME}" - "[MSAA, VisibleOnly]ControlType='Edit'"
\0&lt;/a&gt;
E, 1528, 13, 2012/11/13, 09:27:49.821, 7609671696760, QTAgent32.exe, Msaa.GetFocusedElement: could not find accessible object of foreground window
W, 1528, 13, 2012/11/13, 09:27:49.914, 7609673033219, QTAgent32.exe, &lt;a class=success&gt;Playback - {62} [SUCCESS] SendKeys "^+{END}" - "[MSAA, VisibleOnly]ControlType='Edit'"
\0&lt;/a&gt;
E, 1528, 13, 2012/11/13, 09:27:49.914, 7609673035747, QTAgent32.exe, Msaa.GetFocusedElement: could not find accessible object of foreground window
W, 1528, 13, 2012/11/13, 09:27:49.930, 7609673257109, QTAgent32.exe, &lt;a class=success&gt;Playback - {63} [SUCCESS] SendKeys "{DELETE}" - "[MSAA, VisibleOnly]ControlType='Edit'"
\0&lt;/a&gt;
W, 1528, 13, 2012/11/13, 09:27:50.226, 7609677504570, QTAgent32.exe, &lt;a class=success&gt;Playback - {64} [SUCCESS] SetValueAsEditBox "123434" - "[MSAA, VisibleOnly]ControlType='Edit'"  &lt; Set via SendKeys &gt;
\0&lt;/a&gt;
W, 1528, 13, 2012/11/13, 09:27:50.507, 7609681524133, QTAgent32.exe, &lt;a class=success&gt;Playback - {65} [SUCCESS] SendKeys "^{HOME}" - "[MSAA, VisibleOnly]ControlType='Edit'"
\0&lt;/a&gt;
E, 1528, 13, 2012/11/13, 09:27:50.507, 7609681527058, QTAgent32.exe, Msaa.GetFocusedElement: could not find accessible object of foreground window
W, 1528, 13, 2012/11/13, 09:27:50.601, 7609682861399, QTAgent32.exe, &lt;a class=success&gt;Playback - {66} [SUCCESS] SendKeys "^+{END}" - "[MSAA, VisibleOnly]ControlType='Edit'"
\0&lt;/a&gt;
E, 1528, 13, 2012/11/13, 09:27:50.601, 7609682863779, QTAgent32.exe, Msaa.GetFocusedElement: could not find accessible object of foreground window
W, 1528, 13, 2012/11/13, 09:27:50.616, 7609683085435, QTAgent32.exe, &lt;a class=success&gt;Playback - {67} [SUCCESS] SendKeys "{DELETE}" - "[MSAA, VisibleOnly]ControlType='Edit'"
\0&lt;/a&gt;
W, 1528, 13, 2012/11/13, 09:27:50.835, 7609686215826, QTAgent32.exe, &lt;a class=success&gt;Playback - {68} [SUCCESS] SetValueAsEditBox "1000" - "[MSAA, VisibleOnly]ControlType='Edit'"  &lt; Set via SendKeys &gt;
\0&lt;/a&gt;
W, 1528, 13, 2012/11/13, 09:27:51.131, 7609690456004, QTAgent32.exe, &lt;a class=success&gt;Playback - {69} [SUCCESS] SendKeys "^{HOME}" - "[MSAA, VisibleOnly]ControlType='Edit'"
\0&lt;/a&gt;
E, 1528, 13, 2012/11/13, 09:27:51.131, 7609690458595, QTAgent32.exe, Msaa.GetFocusedElement: could not find accessible object of foreground window
W, 1528, 13, 2012/11/13, 09:27:51.225, 7609691796275, QTAgent32.exe, &lt;a class=success&gt;Playback - {70} [SUCCESS] SendKeys "^+{END}" - "[MSAA, VisibleOnly]ControlType='Edit'"
\0&lt;/a&gt;
E, 1528, 13, 2012/11/13, 09:27:51.225, 7609691798345, QTAgent32.exe, Msaa.GetFocusedElement: could not find accessible object of foreground window
W, 1528, 13, 2012/11/13, 09:27:51.240, 7609692023813, QTAgent32.exe, &lt;a class=success&gt;Playback - {71} [SUCCESS] SendKeys "{DELETE}" - "[MSAA, VisibleOnly]ControlType='Edit'"
\0&lt;/a&gt;
W, 1528, 13, 2012/11/13, 09:27:51.584, 7609696937488, QTAgent32.exe, &lt;a class=success&gt;Playback - {72} [SUCCESS] SetValueAsEditBox "20/11/12" - "[MSAA, VisibleOnly]ControlType='Edit'"  &lt; Set via SendKeys &gt;
\0&lt;/a&gt;
W, 1528, 13, 2012/11/13, 09:27:52.067, 7609704038482, QTAgent32.exe, &lt;a class=success&gt;Playback - {73} [SUCCESS] MouseButtonClick - "[MSAA, VisibleOnly]ControlType='Button' &amp;&amp; Name='Calculate Quote'"
\0&lt;/a&gt;
W, 1528, 13, 2012/11/13, 09:27:52.520, 7609710370292, QTAgent32.exe, &lt;a class=success&gt;Playback - {74} [SUCCESS] MouseButtonClick - "[MSAA, VisibleOnly]ControlType='Button' &amp;&amp; Name='Cancel'"
\0&lt;/a&gt;
W, 1528, 13, 2012/11/13, 09:27:52.988, 7609717058698, QTAgent32.exe, &lt;a class=success&gt;Playback - {75} [SUCCESS] MouseButtonClick - "[MSAA, VisibleOnly]ControlType='Button' &amp;&amp; Name='No'"
\0&lt;/a&gt;
W, 1528, 13, 2012/11/13, 09:27:57.840, 7609786523619, QTAgent32.exe, PERF WARNING: FindTopLevelWindowHelper::FindAllDescendents: took 4742 ms. Expected it to take maximum 500 ms.
W, 1528, 13, 2012/11/13, 09:27:58.167, 7609791210327, QTAgent32.exe, &lt;a class=success&gt;Playback - {76} [SUCCESS] MouseButtonClick - "[MSAA, VisibleOnly]ControlType='Client'"
\0&lt;/a&gt;
W, 1528, 13, 2012/11/13, 09:27:59.727, 7609813620353, QTAgent32.exe, &lt;a class=success&gt;Playback - {77} [SUCCESS] SendKeys "{Home}" - "[MSAA, VisibleOnly]ControlType='Client'"
\0&lt;/a&gt;
W, 1528, 13, 2012/11/13, 09:28:03.472, 7609867155236, QTAgent32.exe, &lt;a class=success&gt;Playback - {78} [SUCCESS] MouseButtonClick - "[MSAA, VisibleOnly]ControlType='Button' &amp;&amp; Name='Accept'"
\0&lt;/a&gt;
W, 1528, 13, 2012/11/13, 09:28:04.018, 7609875060264, QTAgent32.exe, &lt;a class=success&gt;Playback - {79} [SUCCESS] MouseButtonClick - "[MSAA, VisibleOnly]ControlType='Button' &amp;&amp; Name='Yes'"
\0&lt;/a&gt;
W, 1528, 13, 2012/11/13, 09:28:04.595, 7609883413685, QTAgent32.exe, &lt;a class=success&gt;Playback - {80} [SUCCESS] MouseButtonClick - "[MSAA, VisibleOnly]ControlType='Button' &amp;&amp; Name='Ok'"
\0&lt;/a&gt;
W, 1528, 13, 2012/11/13, 09:28:05.016, 7609889258095, QTAgent32.exe, &lt;a class=success&gt;Playback - {81} [SUCCESS] MouseButtonClick - "[MSAA, VisibleOnly]ControlType='Button' &amp;&amp; Name='Ok'"
\0&lt;/a&gt;
W, 1528, 13, 2012/11/13, 09:28:05.593, 7609897636018, QTAgent32.exe, &lt;a class=success&gt;Playback - {82} [SUCCESS] MouseButtonClick - "[MSAA, VisibleOnly]ControlType='Button' &amp;&amp; Name='Confirm'"
\0&lt;/a&gt;
W, 1528, 13, 2012/11/13, 09:28:30.757, 7610257811400, QTAgent32.exe, Playback - [WARNING] Internal warning: Window Not Found: [VisibleOnly]ControlType='Window' &amp;&amp; Name='Save the file as' &amp;&amp; ClassName='#32770'
\0
E, 1528, 13, 2012/11/13, 09:28:30.757, 7610257814210, QTAgent32.exe, &lt;a class=failure&gt;Playback - {83} [FAILED] Function ElementFetcher::FindScreenElement failed to locate UI element (Searching: ;[VisibleOnly]ControlType='Window' &amp;&amp; Name='Save the file as' &amp;&amp; ClassName='#32770') (The object specified was not found.)
\0&lt;/a&gt;
E, 1528, 13, 2012/11/13, 09:28:30.835, 7610259060765, QTAgent32.exe, Playback - [IMAGE] C:\Users\peter.zenin-ad\AppData\Local\Temp\UITestLogs\LastRun\RPFD1B3.png
\0
W, 1528, 13, 2012/11/13, 09:28:30.835, 7610259062685, QTAgent32.exe, Playback - [WARNING] Internal warning: Couldn't find descendants that match QueryId
\0
W, 1528, 13, 2012/11/13, 09:28:30.835, 7610259065462, QTAgent32.exe, PERF WARNING: FindTopLevelWindowHelper::FindAllDescendents: took 25140 ms. Expected it to take maximum 500 ms.
W, 1528, 13, 2012/11/13, 09:28:49.759, 7610529869127, QTAgent32.exe, Playback - [WARNING] Internal warning: Window Not Found: [VisibleOnly]ControlType='Window' &amp;&amp; Name='Save the file as' &amp;&amp; ClassName='#32770'
\0
E, 1528, 13, 2012/11/13, 09:28:49.759, 7610529871915, QTAgent32.exe, &lt;a class=failure&gt;Playback - {84} [FAILED] Function ElementFetcher::FindScreenElement failed to locate UI element (Searching: ;[VisibleOnly]ControlType='Window' &amp;&amp; Name='Save the file as' &amp;&amp; ClassName='#32770') (The object specified was not found.)
\0&lt;/a&gt;
E, 1528, 13, 2012/11/13, 09:28:49.837, 7610531125507, QTAgent32.exe, Playback - [IMAGE] C:\Users\peter.zenin-ad\AppData\Local\Temp\UITestLogs\LastRun\RPF1BED.png
\0
W, 1528, 13, 2012/11/13, 09:28:49.837, 7610531127444, QTAgent32.exe, Playback - [WARNING] Internal warning: Couldn't find descendants that match QueryId
\0
W, 1528, 13, 2012/11/13, 09:28:49.837, 7610531130307, QTAgent32.exe, PERF WARNING: FindTopLevelWindowHelper::FindAllDescendents: took 19001 ms. Expected it to take maximum 500 ms.
W, 1528, 13, 2012/11/13, 09:28:53.004, 7610576331211, QTAgent32.exe, Playback - [WARNING] Internal warning: Smart Match failed
\0
W, 1528, 13, 2012/11/13, 09:28:54.611, 7610599335649, QTAgent32.exe, Playback - [WARNING] Internal warning: Window Not Found: [VisibleOnly]ControlType='Window' &amp;&amp; Name='Save the file as' &amp;&amp; ClassName='#32770'
\0
E, 1528, 13, 2012/11/13, 09:28:54.611, 7610599338502, QTAgent32.exe, &lt;a class=failure&gt;Playback - {85} [FAILED] Function ElementFetcher::FindScreenElement failed to locate UI element (Searching: ;[VisibleOnly]ControlType='Window' &amp;&amp; Name='Save the file as' &amp;&amp; ClassName='#32770') (The object specified was not found.)
\0&lt;/a&gt;
E, 1528, 13, 2012/11/13, 09:28:54.705, 7610600676168, QTAgent32.exe, Playback - [IMAGE] C:\Users\peter.zenin-ad\AppData\Local\Temp\UITestLogs\LastRun\RPF2EE2.png
\0
W, 1528, 13, 2012/11/13, 09:28:54.705, 7610600678100, QTAgent32.exe, Playback - [WARNING] Internal warning: Couldn't find descendants that match QueryId
\0
W, 1528, 13, 2012/11/13, 09:28:54.705, 7610600681092, QTAgent32.exe, PERF WARNING: FindTopLevelWindowHelper::FindAllDescendents: took 4857 ms. Expected it to take maximum 500 ms.
E, 1528, 13, 2012/11/13, 09:28:54.705, 7610600682877, QTAgent32.exe, Exception: System.Runtime.InteropServices.COMException
	Message: Error HRESULT E_FAIL has been returned from a call to a COM component.
	Stack Trace:    at Microsoft.VisualStudio.TestTools.UITest.Playback.Engine.IRPFPlayback.FindAllScreenElements(IScreenElement pScreenElementStart, String bstrQueryId, Object&amp; pvarResKeys, Int32 cResKeys, Int32 nMaxDepth, Object[]&amp; foundDescendants)
   at Microsoft.VisualStudio.TestTools.UITest.Playback.ScreenElement.FindTopLevelWindowHelper(String queryId)
	BaseExceptionMessage: Error HRESULT E_FAIL has been returned from a call to a COM component.

E, 1528, 13, 2012/11/13, 09:28:54.845, 7610602714233, QTAgent32.exe, AL: Playback Error: Microsoft.VisualStudio.TestTools.UITest.Extension.UITestControlNotFoundException: The playback failed to find the control with the given search properties. Additional Details: 
TechnologyName:  'MSAA'
ControlType:  'Window'
Name:  'Save the file as'
ClassName:  '#32770'
 ---&gt; System.Runtime.InteropServices.COMException: Error HRESULT E_FAIL has been returned from a call to a COM component.
   at Microsoft.VisualStudio.TestTools.UITest.Playback.Engine.IRPFPlayback.FindAllScreenElements(IScreenElement pScreenElementStart, String bstrQueryId, Object&amp; pvarResKeys, Int32 cResKeys, Int32 nMaxDepth, Object[]&amp; foundDescendants)
   at Microsoft.VisualStudio.TestTools.UITest.Playback.ScreenElement.FindTopLevelWindowHelper(String queryId)
   at Microsoft.VisualStudio.TestTools.UITest.Playback.ScreenElement.FindFromPartialQueryId(String queryId)
   at Microsoft.VisualStudio.TestTools.UITesting.UITestControl..ctor(String queryId)
   --- End of inner exception stack trace ---
   at Microsoft.VisualStudio.TestTools.UITesting.Playback.MapControlNotFoundException(COMException ex, IPlaybackContext context)
   at Microsoft.VisualStudio.TestTools.UITesting.Playback.MapAndThrowComException(COMException innerException, IPlaybackContext context)
   at Microsoft.VisualStudio.TestTools.UITesting.Playback.MapAndThrowException(SystemException exception, IPlaybackContext context)
   at Microsoft.VisualStudio.TestTools.UITesting.Playback.MapAndThrowException(SystemException exception, String queryId)
   at Microsoft.VisualStudio.TestTools.UITesting.UITestControl..ctor(String queryId)
   at Microsoft.VisualStudio.TestTools.UITesting.SearchHelper.SearchTopLevelWindow(ISearchArgument topLevelSearchArg, String topLevelElementQueryId)
   at Microsoft.VisualStudio.TestTools.UITesting.SearchHelper.GetTitleUpdatedTopLevelWindow(ISearchArgument topLevelSearchArg, String queryId, IList`1 windowTitles)
   at Microsoft.VisualStudio.TestTools.UITesting.SearchHelper.GetTopLevelElement(Boolean useCache, Boolean useCacheOnly, ISearchArgument searchArg, IList`1 windowTitles, Int32&amp; timeLeft)
   at Microsoft.VisualStudio.TestTools.UITesting.SearchHelper.GetElement(Boolean useCache, ISearchArgument searchArg)
   at Microsoft.VisualStudio.TestTools.UITesting.SearchHelper.Search(ISearchArgument searchArg)
   at Microsoft.VisualStudio.TestTools.UITesting.UITestControl.FindInternal()
   at Microsoft.VisualStudio.TestTools.UITesting.UITestControl.FindControlIfNecessary()
   at Microsoft.VisualStudio.TestTools.UITesting.UITestControl.Click(MouseButtons button, ModifierKeys modifierKeys, Point relativeCoordinates)
   at Microsoft.VisualStudio.TestTools.UITesting.Mouse.ClickImplementation(UITestControl control, MouseButtons button, ModifierKeys modifierKeys, Point relativeCoordinate)
   at Microsoft.VisualStudio.TestTools.UITesting.Mouse.ClickImplementationWrapper(UITestControl control, MouseButtons button, ModifierKeys modifierKeys, Point relativeCoordinate)
W, 1528, 13, 2012/11/13, 09:28:54.845, 7610602715943, QTAgent32.exe, PlaybackErrorHandler: Ignoring exception as ContinueOnError is set.
W, 1528, 13, 2012/11/13, 09:28:55.189, 7610607594901, QTAgent32.exe, &lt;a class=success&gt;Playback - {86} [SUCCESS] Check - "[MSAA, VisibleOnly]ControlType='CheckBox' &amp;&amp; Name='Defer Printing?'"
\0&lt;/a&gt;
W, 1528, 13, 2012/11/13, 09:28:55.828, 7610616917406, QTAgent32.exe, &lt;a class=success&gt;Playback - {87} [SUCCESS] MouseButtonClick - "[MSAA, VisibleOnly]ControlType='Button' &amp;&amp; Name='Ok'"
\0&lt;/a&gt;
W, 1528, 13, 2012/11/13, 09:28:57.544, 7610641454355, QTAgent32.exe, PERF WARNING: FindTopLevelWindowHelper::FindAllDescendents: took 1616 ms. Expected it to take maximum 500 ms.
W, 1528, 13, 2012/11/13, 09:28:57.887, 7610646236184, QTAgent32.exe, &lt;a class=success&gt;Playback - {88} [SUCCESS] Uncheck - "[MSAA, VisibleOnly]ControlType='CheckBox' &amp;&amp; Name='Add Activity'"
\0&lt;/a&gt;
W, 1528, 13, 2012/11/13, 09:29:00.961, 7610690348006, QTAgent32.exe, &lt;a class=success&gt;Playback - {89} [SUCCESS] MouseButtonClick - "[MSAA, VisibleOnly]ControlType='Button' &amp;&amp; Name='Ok'"
\0&lt;/a&gt;
W, 1528, 13, 2012/11/13, 09:29:01.413, 7610696848117, QTAgent32.exe, &lt;a class=success&gt;Playback - {90} [SUCCESS] MouseButtonClick - "[MSAA, VisibleOnly]ControlType='Button' &amp;&amp; Name='Ok'"
\0&lt;/a&gt;
W, 1528, 13, 2012/11/13, 09:29:11.117, 7610835662609, QTAgent32.exe, PERF WARNING: FindTopLevelWindowHelper::FindAllDescendents: took 9470 ms. Expected it to take maximum 500 ms.
W, 1528, 13, 2012/11/13, 09:29:13.410, 7610868476578, QTAgent32.exe, &lt;a class=success&gt;Playback - {91} [SUCCESS] MouseButtonClick - "[MSAA, VisibleOnly]ControlType='Button' &amp;&amp; Name='OK'"
\0&lt;/a&gt;
W, 1528, 13, 2012/11/13, 09:29:13.863, 7610875020540, QTAgent32.exe, &lt;a class=success&gt;Playback - {92} [SUCCESS] MouseButtonClick - "[MSAA, VisibleOnly]ControlType='Button' &amp;&amp; Name='Cancel'"
\0&lt;/a&gt;
W, 1528, 13, 2012/11/13, 09:29:14.409, 7610882811586, QTAgent32.exe, &lt;a class=success&gt;Playback - {93} [SUCCESS] MouseButtonClick - "[MSAA, VisibleOnly]ControlType='Button'"
\0&lt;/a&gt;
W, 1528, 13, 2012/11/13, 09:29:14.970, 7610891012845, QTAgent32.exe, &lt;a class=success&gt;Playback - {94} [SUCCESS] MouseButtonClick - "[MSAA, VisibleOnly]ControlType='Button' &amp;&amp; Name='Detail'"
\0&lt;/a&gt;
E, 1528, 13, 2012/11/13, 09:29:15.158, 7610893713969, QTAgent32.exe, IEDOM : Could not get valid window handle of Internet Explorer_server
W, 1528, 13, 2012/11/13, 09:29:15.173, 7610893715759, QTAgent32.exe, IEDOM : Unable to get the document Window Handle
E, 1528, 13, 2012/11/13, 09:29:17.186, 7610922578191, QTAgent32.exe, IEDOM : Could not get valid window handle of Internet Explorer_server
W, 1528, 13, 2012/11/13, 09:29:17.186, 7610922579760, QTAgent32.exe, IEDOM : Unable to get the document Window Handle
E, 1528, 13, 2012/11/13, 09:29:19.198, 7610951354458, QTAgent32.exe, IEDOM : Could not get valid window handle of Internet Explorer_server
W, 1528, 13, 2012/11/13, 09:29:19.198, 7610951356054, QTAgent32.exe, IEDOM : Unable to get the document Window Handle
E, 1528, 13, 2012/11/13, 09:29:21.211, 7610980169091, QTAgent32.exe, IEDOM : Could not get valid window handle of Internet Explorer_server
W, 1528, 13, 2012/11/13, 09:29:21.211, 7610980170814, QTAgent32.exe, IEDOM : Unable to get the document Window Handle
E, 1528, 13, 2012/11/13, 09:29:23.223, 7611008984756, QTAgent32.exe, IEDOM : Could not get valid window handle of Internet Explorer_server
W, 1528, 13, 2012/11/13, 09:29:23.223, 7611008986531, QTAgent32.exe, IEDOM : Unable to get the document Window Handle
E, 1528, 13, 2012/11/13, 09:29:25.236, 7611037796396, QTAgent32.exe, IEDOM : Could not get valid window handle of Internet Explorer_server
W, 1528, 13, 2012/11/13, 09:29:25.236, 7611037798147, QTAgent32.exe, IEDOM : Unable to get the document Window Handle
E, 1528, 13, 2012/11/13, 09:29:27.248, 7611066609412, QTAgent32.exe, IEDOM : Could not get valid window handle of Internet Explorer_server
W, 1528, 13, 2012/11/13, 09:29:27.248, 7611066610941, QTAgent32.exe, IEDOM : Unable to get the document Window Handle
E, 1528, 13, 2012/11/13, 09:29:29.261, 7611095425120, QTAgent32.exe, IEDOM : Could not get valid window handle of Internet Explorer_server
W, 1528, 13, 2012/11/13, 09:29:29.261, 7611095426698, QTAgent32.exe, IEDOM : Unable to get the document Window Handle
E, 1528, 13, 2012/11/13, 09:29:31.273, 7611124240186, QTAgent32.exe, IEDOM : Could not get valid window handle of Internet Explorer_server
W, 1528, 13, 2012/11/13, 09:29:31.273, 7611124241894, QTAgent32.exe, IEDOM : Unable to get the document Window Handle
E, 1528, 13, 2012/11/13, 09:29:33.286, 7611153063352, QTAgent32.exe, IEDOM : Could not get valid window handle of Internet Explorer_server
W, 1528, 13, 2012/11/13, 09:29:33.286, 7611153065012, QTAgent32.exe, IEDOM : Unable to get the document Window Handle
E, 1528, 13, 2012/11/13, 09:29:35.298, 7611181866619, QTAgent32.exe, IEDOM : Could not get valid window handle of Internet Explorer_server
W, 1528, 13, 2012/11/13, 09:29:35.298, 7611181868307, QTAgent32.exe, IEDOM : Unable to get the document Window Handle
E, 1528, 13, 2012/11/13, 09:29:37.311, 7611210679431, QTAgent32.exe, IEDOM : Could not get valid window handle of Internet Explorer_server
W, 1528, 13, 2012/11/13, 09:29:37.311, 7611210681112, QTAgent32.exe, IEDOM : Unable to get the document Window Handle
E, 1528, 13, 2012/11/13, 09:29:39.323, 7611239494572, QTAgent32.exe, IEDOM : Could not get valid window handle of Internet Explorer_server
W, 1528, 13, 2012/11/13, 09:29:39.323, 7611239496065, QTAgent32.exe, IEDOM : Unable to get the document Window Handle
E, 1528, 13, 2012/11/13, 09:29:41.336, 7611268307256, QTAgent32.exe, IEDOM : Could not get valid window handle of Internet Explorer_server
W, 1528, 13, 2012/11/13, 09:29:41.336, 7611268308862, QTAgent32.exe, IEDOM : Unable to get the document Window Handle
E, 1528, 13, 2012/11/13, 09:29:43.348, 7611297121555, QTAgent32.exe, IEDOM : Could not get valid window handle of Internet Explorer_server
W, 1528, 13, 2012/11/13, 09:29:43.348, 7611297123183, QTAgent32.exe, IEDOM : Unable to get the document Window Handle
E, 1528, 13, 2012/11/13, 09:29:45.361, 7611325935069, QTAgent32.exe, IEDOM : Could not get valid window handle of Internet Explorer_server
W, 1528, 13, 2012/11/13, 09:29:45.361, 7611325936687, QTAgent32.exe, IEDOM : Unable to get the document Window Handle
W, 1528, 13, 2012/11/13, 09:29:47.374, 7611354750914, QTAgent32.exe, AL : IEBrowserService : Performing an extended retry
E, 1528, 13, 2012/11/13, 09:29:47.374, 7611354764460, QTAgent32.exe, IEDOM : Could not get valid window handle of Internet Explorer_server
W, 1528, 13, 2012/11/13, 09:29:47.374, 7611354765311, QTAgent32.exe, IEDOM : Unable to get the document Window Handle
E, 1528, 13, 2012/11/13, 09:29:49.386, 7611383573111, QTAgent32.exe, IEDOM : Could not get valid window handle of Internet Explorer_server
W, 1528, 13, 2012/11/13, 09:29:49.386, 7611383574617, QTAgent32.exe, IEDOM : Unable to get the document Window Handle
E, 1528, 13, 2012/11/13, 09:29:51.399, 7611412376892, QTAgent32.exe, IEDOM : Could not get valid window handle of Internet Explorer_server
W, 1528, 13, 2012/11/13, 09:29:51.399, 7611412378462, QTAgent32.exe, IEDOM : Unable to get the document Window Handle
E, 1528, 13, 2012/11/13, 09:29:53.411, 7611441193175, QTAgent32.exe, IEDOM : Could not get valid window handle of Internet Explorer_server
W, 1528, 13, 2012/11/13, 09:29:53.411, 7611441194765, QTAgent32.exe, IEDOM : Unable to get the document Window Handle
E, 1528, 13, 2012/11/13, 09:29:55.424, 7611470011060, QTAgent32.exe, IEDOM : Could not get valid window handle of Internet Explorer_server
W, 1528, 13, 2012/11/13, 09:29:55.424, 7611470012719, QTAgent32.exe, IEDOM : Unable to get the document Window Handle
E, 1528, 13, 2012/11/13, 09:29:57.436, 7611498818554, QTAgent32.exe, IEDOM : Could not get valid window handle of Internet Explorer_server
W, 1528, 13, 2012/11/13, 09:29:57.436, 7611498820072, QTAgent32.exe, IEDOM : Unable to get the document Window Handle
E, 1528, 13, 2012/11/13, 09:29:59.449, 7611527633084, QTAgent32.exe, IEDOM : Could not get valid window handle of Internet Explorer_server
W, 1528, 13, 2012/11/13, 09:29:59.449, 7611527634573, QTAgent32.exe, IEDOM : Unable to get the document Window Handle
E, 1528, 13, 2012/11/13, 09:30:01.461, 7611556446217, QTAgent32.exe, IEDOM : Could not get valid window handle of Internet Explorer_server
W, 1528, 13, 2012/11/13, 09:30:01.461, 7611556447924, QTAgent32.exe, IEDOM : Unable to get the document Window Handle
E, 1528, 13, 2012/11/13, 09:30:03.474, 7611585262327, QTAgent32.exe, IEDOM : Could not get valid window handle of Internet Explorer_server
W, 1528, 13, 2012/11/13, 09:30:03.474, 7611585263898, QTAgent32.exe, IEDOM : Unable to get the document Window Handle
E, 1528, 13, 2012/11/13, 09:30:05.486, 7611614081894, QTAgent32.exe, IEDOM : Could not get valid window handle of Internet Explorer_server
W, 1528, 13, 2012/11/13, 09:30:05.486, 7611614083897, QTAgent32.exe, IEDOM : Unable to get the document Window Handle
E, 1528, 13, 2012/11/13, 09:30:07.499, 7611642889499, QTAgent32.exe, IEDOM : Could not get valid window handle of Internet Explorer_server
W, 1528, 13, 2012/11/13, 09:30:07.499, 7611642890988, QTAgent32.exe, IEDOM : Unable to get the document Window Handle
E, 1528, 13, 2012/11/13, 09:30:09.511, 7611671702245, QTAgent32.exe, IEDOM : Could not get valid window handle of Internet Explorer_server
W, 1528, 13, 2012/11/13, 09:30:09.511, 7611671703741, QTAgent32.exe, IEDOM : Unable to get the document Window Handle
E, 1528, 13, 2012/11/13, 09:30:11.524, 7611700516891, QTAgent32.exe, IEDOM : Could not get valid window handle of Internet Explorer_server
W, 1528, 13, 2012/11/13, 09:30:11.524, 7611700518539, QTAgent32.exe, IEDOM : Unable to get the document Window Handle
E, 1528, 13, 2012/11/13, 09:30:13.536, 7611729330202, QTAgent32.exe, IEDOM : Could not get valid window handle of Internet Explorer_server
W, 1528, 13, 2012/11/13, 09:30:13.536, 7611729331712, QTAgent32.exe, IEDOM : Unable to get the document Window Handle
E, 1528, 13, 2012/11/13, 09:30:15.549, 7611758152024, QTAgent32.exe, IEDOM : Could not get valid window handle of Internet Explorer_server
W, 1528, 13, 2012/11/13, 09:30:15.549, 7611758153775, QTAgent32.exe, IEDOM : Unable to get the document Window Handle
E, 1528, 13, 2012/11/13, 09:30:17.561, 7611786958870, QTAgent32.exe, IEDOM : Could not get valid window handle of Internet Explorer_server
W, 1528, 13, 2012/11/13, 09:30:17.561, 7611786960505, QTAgent32.exe, IEDOM : Unable to get the document Window Handle
E, 1528, 13, 2012/11/13, 09:30:19.574, 7611815772868, QTAgent32.exe, IEDOM : Could not get valid window handle of Internet Explorer_server
W, 1528, 13, 2012/11/13, 09:30:19.574, 7611815774402, QTAgent32.exe, IEDOM : Unable to get the document Window Handle
E, 1528, 13, 2012/11/13, 09:30:21.586, 7611844592066, QTAgent32.exe, IEDOM : Could not get valid window handle of Internet Explorer_server
W, 1528, 13, 2012/11/13, 09:30:21.586, 7611844594031, QTAgent32.exe, IEDOM : Unable to get the document Window Handle
E, 1528, 13, 2012/11/13, 09:30:23.599, 7611873402862, QTAgent32.exe, IEDOM : Could not get valid window handle of Internet Explorer_server
W, 1528, 13, 2012/11/13, 09:30:23.599, 7611873404334, QTAgent32.exe, IEDOM : Unable to get the document Window Handle
E, 1528, 13, 2012/11/13, 09:30:25.611, 7611902214175, QTAgent32.exe, IEDOM : Could not get valid window handle of Internet Explorer_server
W, 1528, 13, 2012/11/13, 09:30:25.611, 7611902215905, QTAgent32.exe, IEDOM : Unable to get the document Window Handle
E, 1528, 13, 2012/11/13, 09:30:27.624, 7611931029307, QTAgent32.exe, IEDOM : Could not get valid window handle of Internet Explorer_server
W, 1528, 13, 2012/11/13, 09:30:27.624, 7611931030943, QTAgent32.exe, IEDOM : Unable to get the document Window Handle
E, 1528, 13, 2012/11/13, 09:30:29.636, 7611959841655, QTAgent32.exe, IEDOM : Could not get valid window handle of Internet Explorer_server
W, 1528, 13, 2012/11/13, 09:30:29.636, 7611959843178, QTAgent32.exe, IEDOM : Unable to get the document Window Handle
E, 1528, 13, 2012/11/13, 09:30:31.649, 7611988666907, QTAgent32.exe, IEDOM : Could not get valid window handle of Internet Explorer_server
W, 1528, 13, 2012/11/13, 09:30:31.649, 7611988668456, QTAgent32.exe, IEDOM : Unable to get the document Window Handle
E, 1528, 13, 2012/11/13, 09:30:33.661, 7612017471845, QTAgent32.exe, IEDOM : Could not get valid window handle of Internet Explorer_server
W, 1528, 13, 2012/11/13, 09:30:33.661, 7612017473425, QTAgent32.exe, IEDOM : Unable to get the document Window Handle
E, 1528, 13, 2012/11/13, 09:30:35.705, 7612046741960, QTAgent32.exe, IEDOM : Could not get valid window handle of Internet Explorer_server
W, 1528, 13, 2012/11/13, 09:30:35.705, 7612046743391, QTAgent32.exe, IEDOM : Unable to get the document Window Handle
E, 1528, 13, 2012/11/13, 09:30:37.718, 7612075551059, QTAgent32.exe, IEDOM : Could not get valid window handle of Internet Explorer_server
W, 1528, 13, 2012/11/13, 09:30:37.718, 7612075552752, QTAgent32.exe, IEDOM : Unable to get the document Window Handle
E, 1528, 13, 2012/11/13, 09:30:39.730, 7612104372790, QTAgent32.exe, IEDOM : Could not get valid window handle of Internet Explorer_server
W, 1528, 13, 2012/11/13, 09:30:39.730, 7612104374523, QTAgent32.exe, IEDOM : Unable to get the document Window Handle
E, 1528, 13, 2012/11/13, 09:30:41.743, 7612133172264, QTAgent32.exe, IEDOM : Could not get valid window handle of Internet Explorer_server
W, 1528, 13, 2012/11/13, 09:30:41.743, 7612133173954, QTAgent32.exe, IEDOM : Unable to get the document Window Handle
E, 1528, 13, 2012/11/13, 09:30:43.755, 7612162001808, QTAgent32.exe, IEDOM : Could not get valid window handle of Internet Explorer_server
W, 1528, 13, 2012/11/13, 09:30:43.755, 7612162003367, QTAgent32.exe, IEDOM : Unable to get the document Window Handle
E, 1528, 13, 2012/11/13, 09:30:45.768, 7612190799808, QTAgent32.exe, IEDOM : Could not get valid window handle of Internet Explorer_server
W, 1528, 13, 2012/11/13, 09:30:45.768, 7612190801419, QTAgent32.exe, IEDOM : Unable to get the document Window Handle
E, 1528, 13, 2012/11/13, 09:30:47.780, 7612219616678, QTAgent32.exe, IEDOM : Could not get valid window handle of Internet Explorer_server
W, 1528, 13, 2012/11/13, 09:30:47.780, 7612219618422, QTAgent32.exe, IEDOM : Unable to get the document Window Handle
E, 1528, 13, 2012/11/13, 09:30:49.793, 7612248428274, QTAgent32.exe, IEDOM : Could not get valid window handle of Internet Explorer_server
W, 1528, 13, 2012/11/13, 09:30:49.793, 7612248429885, QTAgent32.exe, IEDOM : Unable to get the document Window Handle
E, 1528, 13, 2012/11/13, 09:30:51.805, 7612277241984, QTAgent32.exe, IEDOM : Could not get valid window handle of Internet Explorer_server
W, 1528, 13, 2012/11/13, 09:30:51.805, 7612277243612, QTAgent32.exe, IEDOM : Unable to get the document Window Handle
E, 1528, 13, 2012/11/13, 09:30:53.818, 7612306062816, QTAgent32.exe, IEDOM : Could not get valid window handle of Internet Explorer_server
W, 1528, 13, 2012/11/13, 09:30:53.818, 7612306064747, QTAgent32.exe, IEDOM : Unable to get the document Window Handle
E, 1528, 13, 2012/11/13, 09:30:55.830, 7612334871408, QTAgent32.exe, IEDOM : Could not get valid window handle of Internet Explorer_server
W, 1528, 13, 2012/11/13, 09:30:55.830, 7612334873084, QTAgent32.exe, IEDOM : Unable to get the document Window Handle
E, 1528, 13, 2012/11/13, 09:30:57.843, 7612363685692, QTAgent32.exe, IEDOM : Could not get valid window handle of Internet Explorer_server
W, 1528, 13, 2012/11/13, 09:30:57.843, 7612363687331, QTAgent32.exe, IEDOM : Unable to get the document Window Handle
E, 1528, 13, 2012/11/13, 09:30:59.855, 7612392497875, QTAgent32.exe, IEDOM : Could not get valid window handle of Internet Explorer_server
W, 1528, 13, 2012/11/13, 09:30:59.855, 7612392499551, QTAgent32.exe, IEDOM : Unable to get the document Window Handle
E, 1528, 13, 2012/11/13, 09:31:01.868, 7612421311862, QTAgent32.exe, IEDOM : Could not get valid window handle of Internet Explorer_server
W, 1528, 13, 2012/11/13, 09:31:01.868, 7612421313538, QTAgent32.exe, IEDOM : Unable to get the document Window Handle
E, 1528, 13, 2012/11/13, 09:31:03.880, 7612450126930, QTAgent32.exe, IEDOM : Could not get valid window handle of Internet Explorer_server
W, 1528, 13, 2012/11/13, 09:31:03.880, 7612450128629, QTAgent32.exe, IEDOM : Unable to get the document Window Handle
E, 1528, 13, 2012/11/13, 09:31:05.893, 7612478940493, QTAgent32.exe, IEDOM : Could not get valid window handle of Internet Explorer_server
W, 1528, 13, 2012/11/13, 09:31:05.893, 7612478942281, QTAgent32.exe, IEDOM : Unable to get the document Window Handle
E, 1528, 13, 2012/11/13, 09:31:07.905, 7612507755219, QTAgent32.exe, IEDOM : Could not get valid window handle of Internet Explorer_server
W, 1528, 13, 2012/11/13, 09:31:07.905, 7612507756953, QTAgent32.exe, IEDOM : Unable to get the document Window Handle
E, 1528, 13, 2012/11/13, 09:31:09.918, 7612536573757, QTAgent32.exe, IEDOM : Could not get valid window handle of Internet Explorer_server
W, 1528, 13, 2012/11/13, 09:31:09.918, 7612536575607, QTAgent32.exe, IEDOM : Unable to get the document Window Handle
E, 1528, 13, 2012/11/13, 09:31:11.930, 7612565391895, QTAgent32.exe, IEDOM : Could not get valid window handle of Internet Explorer_server
W, 1528, 13, 2012/11/13, 09:31:11.930, 7612565393541, QTAgent32.exe, IEDOM : Unable to get the document Window Handle
E, 1528, 13, 2012/11/13, 09:31:13.943, 7612594196095, QTAgent32.exe, IEDOM : Could not get valid window handle of Internet Explorer_server
W, 1528, 13, 2012/11/13, 09:31:13.943, 7612594197758, QTAgent32.exe, IEDOM : Unable to get the document Window Handle
E, 1528, 13, 2012/11/13, 09:31:15.955, 7612623010016, QTAgent32.exe, IEDOM : Could not get valid window handle of Internet Explorer_server
W, 1528, 13, 2012/11/13, 09:31:15.955, 7612623011747, QTAgent32.exe, IEDOM : Unable to get the document Window Handle
E, 1528, 13, 2012/11/13, 09:31:17.968, 7612651824530, QTAgent32.exe, IEDOM : Could not get valid window handle of Internet Explorer_server
W, 1528, 13, 2012/11/13, 09:31:17.968, 7612651826235, QTAgent32.exe, IEDOM : Unable to get the document Window Handle
E, 1528, 13, 2012/11/13, 09:31:19.980, 7612680639402, QTAgent32.exe, IEDOM : Could not get valid window handle of Internet Explorer_server
W, 1528, 13, 2012/11/13, 09:31:19.980, 7612680641180, QTAgent32.exe, IEDOM : Unable to get the document Window Handle
E, 1528, 13, 2012/11/13, 09:31:21.993, 7612709453410, QTAgent32.exe, IEDOM : Could not get valid window handle of Internet Explorer_server
W, 1528, 13, 2012/11/13, 09:31:21.993, 7612709455142, QTAgent32.exe, IEDOM : Unable to get the document Window Handle
E, 1528, 13, 2012/11/13, 09:31:24.005, 7612738270759, QTAgent32.exe, IEDOM : Could not get valid window handle of Internet Explorer_server
W, 1528, 13, 2012/11/13, 09:31:24.005, 7612738272536, QTAgent32.exe, IEDOM : Unable to get the document Window Handle
E, 1528, 13, 2012/11/13, 09:31:26.018, 7612767085678, QTAgent32.exe, IEDOM : Could not get valid window handle of Internet Explorer_server
W, 1528, 13, 2012/11/13, 09:31:26.018, 7612767087214, QTAgent32.exe, IEDOM : Unable to get the document Window Handle
E, 1528, 13, 2012/11/13, 09:31:28.031, 7612795895586, QTAgent32.exe, IEDOM : Could not get valid window handle of Internet Explorer_server
W, 1528, 13, 2012/11/13, 09:31:28.031, 7612795897262, QTAgent32.exe, IEDOM : Unable to get the document Window Handle
E, 1528, 13, 2012/11/13, 09:31:30.043, 7612824707488, QTAgent32.exe, IEDOM : Could not get valid window handle of Internet Explorer_server
W, 1528, 13, 2012/11/13, 09:31:30.043, 7612824709176, QTAgent32.exe, IEDOM : Unable to get the document Window Handle
E, 1528, 13, 2012/11/13, 09:31:32.056, 7612853522389, QTAgent32.exe, IEDOM : Could not get valid window handle of Internet Explorer_server
W, 1528, 13, 2012/11/13, 09:31:32.056, 7612853524091, QTAgent32.exe, IEDOM : Unable to get the document Window Handle
E, 1528, 13, 2012/11/13, 09:31:34.068, 7612882334993, QTAgent32.exe, IEDOM : Could not get valid window handle of Internet Explorer_server
W, 1528, 13, 2012/11/13, 09:31:34.068, 7612882336800, QTAgent32.exe, IEDOM : Unable to get the document Window Handle
E, 1528, 13, 2012/11/13, 09:31:36.081, 7612911151105, QTAgent32.exe, IEDOM : Could not get valid window handle of Internet Explorer_server
W, 1528, 13, 2012/11/13, 09:31:36.081, 7612911152767, QTAgent32.exe, IEDOM : Unable to get the document Window Handle
E, 1528, 13, 2012/11/13, 09:31:38.093, 7612939963944, QTAgent32.exe, IEDOM : Could not get valid window handle of Internet Explorer_server
W, 1528, 13, 2012/11/13, 09:31:38.093, 7612939965522, QTAgent32.exe, IEDOM : Unable to get the document Window Handle
E, 1528, 13, 2012/11/13, 09:31:40.106, 7612968802457, QTAgent32.exe, IEDOM : Could not get valid window handle of Internet Explorer_server
W, 1528, 13, 2012/11/13, 09:31:40.106, 7612968804036, QTAgent32.exe, IEDOM : Unable to get the document Window Handle
E, 1528, 13, 2012/11/13, 09:31:42.118, 7612997591345, QTAgent32.exe, IEDOM : Could not get valid window handle of Internet Explorer_server
W, 1528, 13, 2012/11/13, 09:31:42.118, 7612997593028, QTAgent32.exe, IEDOM : Unable to get the document Window Handle
E, 1528, 13, 2012/11/13, 09:31:44.131, 7613026406514, QTAgent32.exe, IEDOM : Could not get valid window handle of Internet Explorer_server
W, 1528, 13, 2012/11/13, 09:31:44.131, 7613026408153, QTAgent32.exe, IEDOM : Unable to get the document Window Handle
E, 1528, 13, 2012/11/13, 09:31:46.143, 7613055219728, QTAgent32.exe, IEDOM : Could not get valid window handle of Internet Explorer_server
W, 1528, 13, 2012/11/13, 09:31:46.143, 7613055221359, QTAgent32.exe, IEDOM : Unable to get the document Window Handle
E, 1528, 13, 2012/11/13, 09:31:48.156, 7613084033980, QTAgent32.exe, IEDOM : Could not get valid window handle of Internet Explorer_server
W, 1528, 13, 2012/11/13, 09:31:48.156, 7613084035679, QTAgent32.exe, IEDOM : Unable to get the document Window Handle
E, 1528, 13, 2012/11/13, 09:31:50.168, 7613112846861, QTAgent32.exe, IEDOM : Could not get valid window handle of Internet Explorer_server
W, 1528, 13, 2012/11/13, 09:31:50.168, 7613112848473, QTAgent32.exe, IEDOM : Unable to get the document Window Handle
E, 1528, 13, 2012/11/13, 09:31:52.181, 7613141660092, QTAgent32.exe, IEDOM : Could not get valid window handle of Internet Explorer_server
W, 1528, 13, 2012/11/13, 09:31:52.181, 7613141661648, QTAgent32.exe, IEDOM : Unable to get the document Window Handle
E, 1528, 13, 2012/11/13, 09:31:54.193, 7613170481981, QTAgent32.exe, IEDOM : Could not get valid window handle of Internet Explorer_server
W, 1528, 13, 2012/11/13, 09:31:54.193, 7613170483594, QTAgent32.exe, IEDOM : Unable to get the document Window Handle
E, 1528, 13, 2012/11/13, 09:31:56.206, 7613199295661, QTAgent32.exe, IEDOM : Could not get valid window handle of Internet Explorer_server
W, 1528, 13, 2012/11/13, 09:31:56.206, 7613199297321, QTAgent32.exe, IEDOM : Unable to get the document Window Handle
E, 1528, 13, 2012/11/13, 09:31:58.218, 7613228103251, QTAgent32.exe, IEDOM : Could not get valid window handle of Internet Explorer_server
W, 1528, 13, 2012/11/13, 09:31:58.218, 7613228104872, QTAgent32.exe, IEDOM : Unable to get the document Window Handle
E, 1528, 13, 2012/11/13, 09:32:00.231, 7613256917715, QTAgent32.exe, IEDOM : Could not get valid window handle of Internet Explorer_server
W, 1528, 13, 2012/11/13, 09:32:00.231, 7613256919290, QTAgent32.exe, IEDOM : Unable to get the document Window Handle
E, 1528, 13, 2012/11/13, 09:32:02.243, 7613285732141, QTAgent32.exe, IEDOM : Could not get valid window handle of Internet Explorer_server
W, 1528, 13, 2012/11/13, 09:32:02.243, 7613285733759, QTAgent32.exe, IEDOM : Unable to get the document Window Handle
E, 1528, 13, 2012/11/13, 09:32:04.256, 7613314545133, QTAgent32.exe, IEDOM : Could not get valid window handle of Internet Explorer_server
W, 1528, 13, 2012/11/13, 09:32:04.256, 7613314546693, QTAgent32.exe, IEDOM : Unable to get the document Window Handle
E, 1528, 13, 2012/11/13, 09:32:06.268, 7613343360333, QTAgent32.exe, IEDOM : Could not get valid window handle of Internet Explorer_server
W, 1528, 13, 2012/11/13, 09:32:06.268, 7613343361938, QTAgent32.exe, IEDOM : Unable to get the document Window Handle
E, 1528, 13, 2012/11/13, 09:32:08.281, 7613372173078, QTAgent32.exe, IEDOM : Could not get valid window handle of Internet Explorer_server
W, 1528, 13, 2012/11/13, 09:32:08.281, 7613372174749, QTAgent32.exe, IEDOM : Unable to get the document Window Handle
E, 1528, 13, 2012/11/13, 09:32:10.293, 7613400991606, QTAgent32.exe, IEDOM : Could not get valid window handle of Internet Explorer_server
W, 1528, 13, 2012/11/13, 09:32:10.293, 7613400993238, QTAgent32.exe, IEDOM : Unable to get the document Window Handle
E, 1528, 13, 2012/11/13, 09:32:12.306, 7613429806904, QTAgent32.exe, IEDOM : Could not get valid window handle of Internet Explorer_server
W, 1528, 13, 2012/11/13, 09:32:12.306, 7613429809411, QTAgent32.exe, IEDOM : Unable to get the document Window Handle
E, 1528, 13, 2012/11/13, 09:32:14.318, 7613458615327, QTAgent32.exe, IEDOM : Could not get valid window handle of Internet Explorer_server
W, 1528, 13, 2012/11/13, 09:32:14.318, 7613458616837, QTAgent32.exe, IEDOM : Unable to get the document Window Handle
E, 1528, 13, 2012/11/13, 09:32:16.331, 7613487429070, QTAgent32.exe, IEDOM : Could not get valid window handle of Internet Explorer_server
W, 1528, 13, 2012/11/13, 09:32:16.331, 7613487430843, QTAgent32.exe, IEDOM : Unable to get the document Window Handle
E, 1528, 13, 2012/11/13, 09:32:18.343, 7613516247209, QTAgent32.exe, IEDOM : Could not get valid window handle of Internet Explorer_server
W, 1528, 13, 2012/11/13, 09:32:18.343, 7613516248762, QTAgent32.exe, IEDOM : Unable to get the document Window Handle
E, 1528, 13, 2012/11/13, 09:32:20.356, 7613545056960, QTAgent32.exe, IEDOM : Could not get valid window handle of Internet Explorer_server
W, 1528, 13, 2012/11/13, 09:32:20.356, 7613545058504, QTAgent32.exe, IEDOM : Unable to get the document Window Handle
E, 1528, 13, 2012/11/13, 09:32:22.368, 7613573870246, QTAgent32.exe, IEDOM : Could not get valid window handle of Internet Explorer_server
W, 1528, 13, 2012/11/13, 09:32:22.368, 7613573871782, QTAgent32.exe, IEDOM : Unable to get the document Window Handle
E, 1528, 13, 2012/11/13, 09:32:24.381, 7613602684412, QTAgent32.exe, IEDOM : Could not get valid window handle of Internet Explorer_server
W, 1528, 13, 2012/11/13, 09:32:24.381, 7613602686023, QTAgent32.exe, IEDOM : Unable to get the document Window Handle
E, 1528, 13, 2012/11/13, 09:32:26.393, 7613631500518, QTAgent32.exe, IEDOM : Could not get valid window handle of Internet Explorer_server
W, 1528, 13, 2012/11/13, 09:32:26.393, 7613631502046, QTAgent32.exe, IEDOM : Unable to get the document Window Handle
E, 1528, 13, 2012/11/13, 09:32:28.406, 7613660319978, QTAgent32.exe, IEDOM : Could not get valid window handle of Internet Explorer_server
W, 1528, 13, 2012/11/13, 09:32:28.406, 7613660321533, QTAgent32.exe, IEDOM : Unable to get the document Window Handle
E, 1528, 13, 2012/11/13, 09:32:30.419, 7613689126636, QTAgent32.exe, IEDOM : Could not get valid window handle of Internet Explorer_server
W, 1528, 13, 2012/11/13, 09:32:30.419, 7613689128253, QTAgent32.exe, IEDOM : Unable to get the document Window Handle
E, 1528, 13, 2012/11/13, 09:32:32.431, 7613717939664, QTAgent32.exe, IEDOM : Could not get valid window handle of Internet Explorer_server
W, 1528, 13, 2012/11/13, 09:32:32.431, 7613717941148, QTAgent32.exe, IEDOM : Unable to get the document Window Handle
E, 1528, 13, 2012/11/13, 09:32:34.444, 7613746757886, QTAgent32.exe, IEDOM : Could not get valid window handle of Internet Explorer_server
W, 1528, 13, 2012/11/13, 09:32:34.444, 7613746759748, QTAgent32.exe, IEDOM : Unable to get the document Window Handle
E, 1528, 13, 2012/11/13, 09:32:36.456, 7613775571446, QTAgent32.exe, IEDOM : Could not get valid window handle of Internet Explorer_server
W, 1528, 13, 2012/11/13, 09:32:36.456, 7613775573312, QTAgent32.exe, IEDOM : Unable to get the document Window Handle
E, 1528, 13, 2012/11/13, 09:32:38.469, 7613804381942, QTAgent32.exe, IEDOM : Could not get valid window handle of Internet Explorer_server
W, 1528, 13, 2012/11/13, 09:32:38.469, 7613804383499, QTAgent32.exe, IEDOM : Unable to get the document Window Handle
E, 1528, 13, 2012/11/13, 09:32:40.481, 7613833197544, QTAgent32.exe, IEDOM : Could not get valid window handle of Internet Explorer_server
W, 1528, 13, 2012/11/13, 09:32:40.481, 7613833199048, QTAgent32.exe, IEDOM : Unable to get the document Window Handle
E, 1528, 13, 2012/11/13, 09:32:42.494, 7613862011584, QTAgent32.exe, IEDOM : Could not get valid window handle of Internet Explorer_server
W, 1528, 13, 2012/11/13, 09:32:42.494, 7613862013182, QTAgent32.exe, IEDOM : Unable to get the document Window Handle
E, 1528, 13, 2012/11/13, 09:32:44.506, 7613890833312, QTAgent32.exe, IEDOM : Could not get valid window handle of Internet Explorer_server
W, 1528, 13, 2012/11/13, 09:32:44.506, 7613890834770, QTAgent32.exe, IEDOM : Unable to get the document Window Handle
E, 1528, 13, 2012/11/13, 09:32:46.519, 7613919650013, QTAgent32.exe, IEDOM : Could not get valid window handle of Internet Explorer_server
W, 1528, 13, 2012/11/13, 09:32:46.519, 7613919651578, QTAgent32.exe, IEDOM : Unable to get the document Window Handle
E, 1528, 13, 2012/11/13, 09:32:48.531, 7613948453326, QTAgent32.exe, IEDOM : Could not get valid window handle of Internet Explorer_server
W, 1528, 13, 2012/11/13, 09:32:48.531, 7613948455007, QTAgent32.exe, IEDOM : Unable to get the document Window Handle
E, 1528, 13, 2012/11/13, 09:32:50.544, 7613977267013, QTAgent32.exe, IEDOM : Could not get valid window handle of Internet Explorer_server
W, 1528, 13, 2012/11/13, 09:32:50.544, 7613977268602, QTAgent32.exe, IEDOM : Unable to get the document Window Handle
E, 1528, 13, 2012/11/13, 09:32:52.556, 7614006084138, QTAgent32.exe, IEDOM : Could not get valid window handle of Internet Explorer_server
W, 1528, 13, 2012/11/13, 09:32:52.556, 7614006085796, QTAgent32.exe, IEDOM : Unable to get the document Window Handle
E, 1528, 13, 2012/11/13, 09:32:54.569, 7614034894115, QTAgent32.exe, IEDOM : Could not get valid window handle of Internet Explorer_server
W, 1528, 13, 2012/11/13, 09:32:54.569, 7614034895718, QTAgent32.exe, IEDOM : Unable to get the document Window Handle
E, 1528, 13, 2012/11/13, 09:32:56.581, 7614063713507, QTAgent32.exe, IEDOM : Could not get valid window handle of Internet Explorer_server
W, 1528, 13, 2012/11/13, 09:32:56.581, 7614063715442, QTAgent32.exe, IEDOM : Unable to get the document Window Handle
E, 1528, 13, 2012/11/13, 09:32:58.594, 7614092522629, QTAgent32.exe, IEDOM : Could not get valid window handle of Internet Explorer_server
W, 1528, 13, 2012/11/13, 09:32:58.594, 7614092524355, QTAgent32.exe, IEDOM : Unable to get the document Window Handle
E, 1528, 13, 2012/11/13, 09:33:00.606, 7614121346008, QTAgent32.exe, IEDOM : Could not get valid window handle of Internet Explorer_server
W, 1528, 13, 2012/11/13, 09:33:00.606, 7614121347646, QTAgent32.exe, IEDOM : Unable to get the document Window Handle
E, 1528, 13, 2012/11/13, 09:33:02.619, 7614150151431, QTAgent32.exe, IEDOM : Could not get valid window handle of Internet Explorer_server
W, 1528, 13, 2012/11/13, 09:33:02.619, 7614150153136, QTAgent32.exe, IEDOM : Unable to get the document Window Handle
E, 1528, 13, 2012/11/13, 09:33:04.631, 7614178964323, QTAgent32.exe, IEDOM : Could not get valid window handle of Internet Explorer_server
W, 1528, 13, 2012/11/13, 09:33:04.631, 7614178965964, QTAgent32.exe, IEDOM : Unable to get the document Window Handle
E, 1528, 13, 2012/11/13, 09:33:06.644, 7614207779330, QTAgent32.exe, IEDOM : Could not get valid window handle of Internet Explorer_server
W, 1528, 13, 2012/11/13, 09:33:06.644, 7614207780958, QTAgent32.exe, IEDOM : Unable to get the document Window Handle
E, 1528, 13, 2012/11/13, 09:33:08.656, 7614236595761, QTAgent32.exe, IEDOM : Could not get valid window handle of Internet Explorer_server
W, 1528, 13, 2012/11/13, 09:33:08.656, 7614236597452, QTAgent32.exe, IEDOM : Unable to get the document Window Handle
E, 1528, 13, 2012/11/13, 09:33:10.669, 7614265407086, QTAgent32.exe, IEDOM : Could not get valid window handle of Internet Explorer_server
W, 1528, 13, 2012/11/13, 09:33:10.669, 7614265408773, QTAgent32.exe, IEDOM : Unable to get the document Window Handle
E, 1528, 13, 2012/11/13, 09:33:12.681, 7614294219507, QTAgent32.exe, IEDOM : Could not get valid window handle of Internet Explorer_server
W, 1528, 13, 2012/11/13, 09:33:12.681, 7614294221191, QTAgent32.exe, IEDOM : Unable to get the document Window Handle
E, 1528, 13, 2012/11/13, 09:33:14.694, 7614323034189, QTAgent32.exe, IEDOM : Could not get valid window handle of Internet Explorer_server
W, 1528, 13, 2012/11/13, 09:33:14.694, 7614323035842, QTAgent32.exe, IEDOM : Unable to get the document Window Handle
E, 1528, 13, 2012/11/13, 09:33:16.706, 7614351857712, QTAgent32.exe, IEDOM : Could not get valid window handle of Internet Explorer_server
W, 1528, 13, 2012/11/13, 09:33:16.706, 7614351859374, QTAgent32.exe, IEDOM : Unable to get the document Window Handle
E, 1528, 13, 2012/11/13, 09:33:18.719, 7614380662068, QTAgent32.exe, IEDOM : Could not get valid window handle of Internet Explorer_server
W, 1528, 13, 2012/11/13, 09:33:18.719, 7614380663816, QTAgent32.exe, IEDOM : Unable to get the document Window Handle
E, 1528, 13, 2012/11/13, 09:33:20.731, 7614409475665, QTAgent32.exe, IEDOM : Could not get valid window handle of Internet Explorer_server
W, 1528, 13, 2012/11/13, 09:33:20.731, 7614409477293, QTAgent32.exe, IEDOM : Unable to get the document Window Handle
E, 1528, 13, 2012/11/13, 09:33:22.744, 7614438292812, QTAgent32.exe, IEDOM : Could not get valid window handle of Internet Explorer_server
W, 1528, 13, 2012/11/13, 09:33:22.744, 7614438294398, QTAgent32.exe, IEDOM : Unable to get the document Window Handle
E, 1528, 13, 2012/11/13, 09:33:24.756, 7614467112730, QTAgent32.exe, IEDOM : Could not get valid window handle of Internet Explorer_server
W, 1528, 13, 2012/11/13, 09:33:24.756, 7614467114396, QTAgent32.exe, IEDOM : Unable to get the document Window Handle
E, 1528, 13, 2012/11/13, 09:33:26.769, 7614495918037, QTAgent32.exe, IEDOM : Could not get valid window handle of Internet Explorer_server
W, 1528, 13, 2012/11/13, 09:33:26.769, 7614495919681, QTAgent32.exe, IEDOM : Unable to get the document Window Handle
E, 1528, 13, 2012/11/13, 09:33:28.781, 7614524731357, QTAgent32.exe, IEDOM : Could not get valid window handle of Internet Explorer_server
W, 1528, 13, 2012/11/13, 09:33:28.781, 7614524732956, QTAgent32.exe, IEDOM : Unable to get the document Window Handle
E, 1528, 13, 2012/11/13, 09:33:30.794, 7614553545546, QTAgent32.exe, IEDOM : Could not get valid window handle of Internet Explorer_server
W, 1528, 13, 2012/11/13, 09:33:30.794, 7614553547201, QTAgent32.exe, IEDOM : Unable to get the document Window Handle
E, 1528, 13, 2012/11/13, 09:33:32.807, 7614582367242, QTAgent32.exe, IEDOM : Could not get valid window handle of Internet Explorer_server
W, 1528, 13, 2012/11/13, 09:33:32.807, 7614582368795, QTAgent32.exe, IEDOM : Unable to get the document Window Handle
E, 1528, 13, 2012/11/13, 09:33:34.819, 7614611174290, QTAgent32.exe, IEDOM : Could not get valid window handle of Internet Explorer_server
W, 1528, 13, 2012/11/13, 09:33:34.819, 7614611175902, QTAgent32.exe, IEDOM : Unable to get the document Window Handle
E, 1528, 13, 2012/11/13, 09:33:36.832, 7614639987301, QTAgent32.exe, IEDOM : Could not get valid window handle of Internet Explorer_server
W, 1528, 13, 2012/11/13, 09:33:36.832, 7614639988924, QTAgent32.exe, IEDOM : Unable to get the document Window Handle
E, 1528, 13, 2012/11/13, 09:33:38.844, 7614668802378, QTAgent32.exe, IEDOM : Could not get valid window handle of Internet Explorer_server
W, 1528, 13, 2012/11/13, 09:33:38.844, 7614668804154, QTAgent32.exe, IEDOM : Unable to get the document Window Handle
E, 1528, 13, 2012/11/13, 09:33:40.857, 7614697617382, QTAgent32.exe, IEDOM : Could not get valid window handle of Internet Explorer_server
W, 1528, 13, 2012/11/13, 09:33:40.857, 7614697619001, QTAgent32.exe, IEDOM : Unable to get the document Window Handle
E, 1528, 13, 2012/11/13, 09:33:42.869, 7614726429680, QTAgent32.exe, IEDOM : Could not get valid window handle of Internet Explorer_server
W, 1528, 13, 2012/11/13, 09:33:42.869, 7614726431283, QTAgent32.exe, IEDOM : Unable to get the document Window Handle
E, 1528, 13, 2012/11/13, 09:33:44.882, 7614755243036, QTAgent32.exe, IEDOM : Could not get valid window handle of Internet Explorer_server
W, 1528, 13, 2012/11/13, 09:33:44.882, 7614755244731, QTAgent32.exe, IEDOM : Unable to get the document Window Handle
E, 1528, 13, 2012/11/13, 09:33:46.894, 7614784057533, QTAgent32.exe, IEDOM : Could not get valid window handle of Internet Explorer_server
W, 1528, 13, 2012/11/13, 09:33:46.894, 7614784059164, QTAgent32.exe, IEDOM : Unable to get the document Window Handle
E, 1528, 13, 2012/11/13, 09:33:48.907, 7614812879603, QTAgent32.exe, IEDOM : Could not get valid window handle of Internet Explorer_server
W, 1528, 13, 2012/11/13, 09:33:48.907, 7614812881225, QTAgent32.exe, IEDOM : Unable to get the document Window Handle
E, 1528, 13, 2012/11/13, 09:33:50.919, 7614841685389, QTAgent32.exe, IEDOM : Could not get valid window handle of Internet Explorer_server
W, 1528, 13, 2012/11/13, 09:33:50.919, 7614841686803, QTAgent32.exe, IEDOM : Unable to get the document Window Handle
E, 1528, 13, 2012/11/13, 09:33:52.932, 7614870499479, QTAgent32.exe, IEDOM : Could not get valid window handle of Internet Explorer_server
W, 1528, 13, 2012/11/13, 09:33:52.932, 7614870501135, QTAgent32.exe, IEDOM : Unable to get the document Window Handle
E, 1528, 13, 2012/11/13, 09:33:54.944, 7614899313015, QTAgent32.exe, IEDOM : Could not get valid window handle of Internet Explorer_server
W, 1528, 13, 2012/11/13, 09:33:54.944, 7614899314603, QTAgent32.exe, IEDOM : Unable to get the document Window Handle
E, 1528, 13, 2012/11/13, 09:33:56.957, 7614928127312, QTAgent32.exe, IEDOM : Could not get valid window handle of Internet Explorer_server
W, 1528, 13, 2012/11/13, 09:33:56.957, 7614928128912, QTAgent32.exe, IEDOM : Unable to get the document Window Handle
E, 1528, 13, 2012/11/13, 09:33:58.969, 7614956939187, QTAgent32.exe, IEDOM : Could not get valid window handle of Internet Explorer_server
W, 1528, 13, 2012/11/13, 09:33:58.969, 7614956941219, QTAgent32.exe, IEDOM : Unable to get the document Window Handle
E, 1528, 13, 2012/11/13, 09:34:00.982, 7614985753321, QTAgent32.exe, IEDOM : Could not get valid window handle of Internet Explorer_server
W, 1528, 13, 2012/11/13, 09:34:00.982, 7614985754656, QTAgent32.exe, IEDOM : Unable to get the document Window Handle
E, 1528, 13, 2012/11/13, 09:34:02.994, 7615014570183, QTAgent32.exe, IEDOM : Could not get valid window handle of Internet Explorer_server
W, 1528, 13, 2012/11/13, 09:34:02.994, 7615014571786, QTAgent32.exe, IEDOM : Unable to get the document Window Handle
E, 1528, 13, 2012/11/13, 09:34:05.007, 7615043390936, QTAgent32.exe, IEDOM : Could not get valid window handle of Internet Explorer_server
W, 1528, 13, 2012/11/13, 09:34:05.007, 7615043392530, QTAgent32.exe, IEDOM : Unable to get the document Window Handle
E, 1528, 13, 2012/11/13, 09:34:07.019, 7615072198414, QTAgent32.exe, IEDOM : Could not get valid window handle of Internet Explorer_server
W, 1528, 13, 2012/11/13, 09:34:07.019, 7615072201175, QTAgent32.exe, IEDOM : Unable to get the document Window Handle
E, 1528, 13, 2012/11/13, 09:34:09.032, 7615101009724, QTAgent32.exe, IEDOM : Could not get valid window handle of Internet Explorer_server
W, 1528, 13, 2012/11/13, 09:34:09.032, 7615101011359, QTAgent32.exe, IEDOM : Unable to get the document Window Handle
E, 1528, 13, 2012/11/13, 09:34:11.044, 7615129824873, QTAgent32.exe, IEDOM : Could not get valid window handle of Internet Explorer_server
W, 1528, 13, 2012/11/13, 09:34:11.044, 7615129826565, QTAgent32.exe, IEDOM : Unable to get the document Window Handle
E, 1528, 13, 2012/11/13, 09:34:13.057, 7615158641064, QTAgent32.exe, IEDOM : Could not get valid window handle of Internet Explorer_server
W, 1528, 13, 2012/11/13, 09:34:13.057, 7615158642757, QTAgent32.exe, IEDOM : Unable to get the document Window Handle
E, 1528, 13, 2012/11/13, 09:34:15.069, 7615187451543, QTAgent32.exe, IEDOM : Could not get valid window handle of Internet Explorer_server
W, 1528, 13, 2012/11/13, 09:34:15.069, 7615187453222, QTAgent32.exe, IEDOM : Unable to get the document Window Handle
E, 1528, 13, 2012/11/13, 09:34:17.082, 7615216266888, QTAgent32.exe, IEDOM : Could not get valid window handle of Internet Explorer_server
W, 1528, 13, 2012/11/13, 09:34:17.082, 7615216268601, QTAgent32.exe, IEDOM : Unable to get the document Window Handle
E, 1528, 13, 2012/11/13, 09:34:19.094, 7615245087249, QTAgent32.exe, IEDOM : Could not get valid window handle of Internet Explorer_server
W, 1528, 13, 2012/11/13, 09:34:19.094, 7615245088969, QTAgent32.exe, IEDOM : Unable to get the document Window Handle
E, 1528, 13, 2012/11/13, 09:34:21.107, 7615273896420, QTAgent32.exe, IEDOM : Could not get valid window handle of Internet Explorer_server
W, 1528, 13, 2012/11/13, 09:34:21.107, 7615273898180, QTAgent32.exe, IEDOM : Unable to get the document Window Handle
E, 1528, 13, 2012/11/13, 09:34:23.119, 7615302707587, QTAgent32.exe, IEDOM : Could not get valid window handle of Internet Explorer_server
W, 1528, 13, 2012/11/13, 09:34:23.119, 7615302709237, QTAgent32.exe, IEDOM : Unable to get the document Window Handle
E, 1528, 13, 2012/11/13, 09:34:25.132, 7615331521787, QTAgent32.exe, IEDOM : Could not get valid window handle of Internet Explorer_server
W, 1528, 13, 2012/11/13, 09:34:25.132, 7615331523516, QTAgent32.exe, IEDOM : Unable to get the document Window Handle
E, 1528, 13, 2012/11/13, 09:34:27.144, 7615360336139, QTAgent32.exe, IEDOM : Could not get valid window handle of Internet Explorer_server
W, 1528, 13, 2012/11/13, 09:34:27.144, 7615360337819, QTAgent32.exe, IEDOM : Unable to get the document Window Handle
E, 1528, 13, 2012/11/13, 09:34:29.157, 7615389152282, QTAgent32.exe, IEDOM : Could not get valid window handle of Internet Explorer_server
W, 1528, 13, 2012/11/13, 09:34:29.157, 7615389153806, QTAgent32.exe, IEDOM : Unable to get the document Window Handle
E, 1528, 13, 2012/11/13, 09:34:31.169, 7615417963335, QTAgent32.exe, IEDOM : Could not get valid window handle of Internet Explorer_server
W, 1528, 13, 2012/11/13, 09:34:31.169, 7615417964891, QTAgent32.exe, IEDOM : Unable to get the document Window Handle
E, 1528, 13, 2012/11/13, 09:34:33.182, 7615446778693, QTAgent32.exe, IEDOM : Could not get valid window handle of Internet Explorer_server
W, 1528, 13, 2012/11/13, 09:34:33.182, 7615446780531, QTAgent32.exe, IEDOM : Unable to get the document Window Handle
E, 1528, 13, 2012/11/13, 09:34:35.195, 7615475599771, QTAgent32.exe, IEDOM : Could not get valid window handle of Internet Explorer_server
W, 1528, 13, 2012/11/13, 09:34:35.195, 7615475601367, QTAgent32.exe, IEDOM : Unable to get the document Window Handle
E, 1528, 13, 2012/11/13, 09:34:37.207, 7615504406458, QTAgent32.exe, IEDOM : Could not get valid window handle of Internet Explorer_server
W, 1528, 13, 2012/11/13, 09:34:37.207, 7615504408180, QTAgent32.exe, IEDOM : Unable to get the document Window Handle
E, 1528, 13, 2012/11/13, 09:34:39.220, 7615533219318, QTAgent32.exe, IEDOM : Could not get valid window handle of Internet Explorer_server
W, 1528, 13, 2012/11/13, 09:34:39.220, 7615533220811, QTAgent32.exe, IEDOM : Unable to get the document Window Handle
E, 1528, 13, 2012/11/13, 09:34:41.232, 7615562033256, QTAgent32.exe, IEDOM : Could not get valid window handle of Internet Explorer_server
W, 1528, 13, 2012/11/13, 09:34:41.232, 7615562034924, QTAgent32.exe, IEDOM : Unable to get the document Window Handle
E, 1528, 13, 2012/11/13, 09:34:43.245, 7615590846935, QTAgent32.exe, IEDOM : Could not get valid window handle of Internet Explorer_server
W, 1528, 13, 2012/11/13, 09:34:43.245, 7615590848503, QTAgent32.exe, IEDOM : Unable to get the document Window Handle
E, 1528, 13, 2012/11/13, 09:34:45.257, 7615619662602, QTAgent32.exe, IEDOM : Could not get valid window handle of Internet Explorer_server
W, 1528, 13, 2012/11/13, 09:34:45.257, 7615619664196, QTAgent32.exe, IEDOM : Unable to get the document Window Handle
E, 1528, 13, 2012/11/13, 09:34:47.270, 7615648474939, QTAgent32.exe, IEDOM : Could not get valid window handle of Internet Explorer_server
W, 1528, 13, 2012/11/13, 09:34:47.270, 7615648476448, QTAgent32.exe, IEDOM : Unable to get the document Window Handle
E, 1528, 13, 2012/11/13, 09:34:49.282, 7615677288419, QTAgent32.exe, IEDOM : Could not get valid window handle of Internet Explorer_server
W, 1528, 13, 2012/11/13, 09:34:49.282, 7615677290022, QTAgent32.exe, IEDOM : Unable to get the document Window Handle
E, 1528, 13, 2012/11/13, 09:34:51.295, 7615706109958, QTAgent32.exe, IEDOM : Could not get valid window handle of Internet Explorer_server
W, 1528, 13, 2012/11/13, 09:34:51.295, 7615706111528, QTAgent32.exe, IEDOM : Unable to get the document Window Handle
W, 1528, 13, 2012/11/13, 09:34:53.354, 7615735581956, QTAgent32.exe, &lt;a class=success&gt;Playback - {95} [SUCCESS] MouseButtonClick - "[MSAA, VisibleOnly]ControlType='Edit' &amp;&amp; Name='User name'"
\0&lt;/a&gt;
W, 1528, 13, 2012/11/13, 09:34:53.838, 7615742508557, QTAgent32.exe, &lt;a class=success&gt;Playback - {96} [SUCCESS] SendKeys "Bus sys" - "[MSAA, VisibleOnly,Window]ControlType='Window' &amp;&amp; AccessibleName='User name' &amp;&amp; ClassName='Edit'"
\0&lt;/a&gt;
W, 1528, 13, 2012/11/13, 09:34:54.212, 7615747870509, QTAgent32.exe, &lt;a class=success&gt;Playback - {97} [SUCCESS] MouseButtonClick - "[MSAA, VisibleOnly]ControlType='Edit' &amp;&amp; Name='Password'"
\0&lt;/a&gt;
W, 1528, 13, 2012/11/13, 09:34:54.446, 7615751313561, QTAgent32.exe, Playback - [WARNING] Internal warning: Element that has the focus is different from the target element. Expected Element: Name = "Password", ControlTypeName = "Edit", Element In Focus: Name = "Password", ControlTypeName = "Window"&gt;. 
\0
W, 1528, 13, 2012/11/13, 09:34:54.742, 7615755463771, QTAgent32.exe, &lt;a class=success&gt;Playback - {98} [SUCCESS] SendKeys "[*]" - "[MSAA, VisibleOnly]ControlType='Edit' &amp;&amp; Name='Password'"
\0&lt;/a&gt;
W, 1528, 13, 2012/11/13, 09:34:55.413, 7615765073960, QTAgent32.exe, &lt;a class=success&gt;Playback - {99} [SUCCESS] MouseButtonClick - "[MSAA, VisibleOnly]ControlType='Button' &amp;&amp; Name='OK'"
\0&lt;/a&gt;
W, 1528, 13, 2012/11/13, 09:34:57.816, 7615799608457, QTAgent32.exe, &lt;a class=success&gt;Playback - {100} [SUCCESS] MouseButtonClick - "[Web]ControlType='Hyperlink' &amp;&amp; TagName='A' &amp;&amp; Id='' &amp;&amp; Name='' &amp;&amp; Target='' &amp;&amp; InnerText='Renewals Maintenance' &amp;&amp; FilterCondition(AbsolutePath='/sysmaint/content/leftbar.asp', Title='', Href='https://www.insur-econnect.com/sysmaint/content/leftbar.asp#', Class='', ControlDefinition='style="COLOR: white" href="#"', TagInstance='39')"
\0&lt;/a&gt;
W, 1528, 13, 2012/11/13, 09:34:58.206, 7615805124359, QTAgent32.exe, &lt;a class=success&gt;Playback - {101} [SUCCESS] MouseButtonClick - "[Web]ControlType='Hyperlink' &amp;&amp; TagName='A' &amp;&amp; Id='' &amp;&amp; Name='' &amp;&amp; Target='content' &amp;&amp; InnerText='Create a Motor Test Renewal Invitation' &amp;&amp; FilterCondition(AbsolutePath='/sysmaint/content/AddTestRenewalNotice.asp', Title='', Href='https://www.insur-econnect.com/sysmaint/content/AddTestRenewalNotice.asp', Class='itemlink', ControlDefinition='class=itemlink href="AddTestRenewalNotic', TagInstance='1')"
\0&lt;/a&gt;
E, 1528, 13, 2012/11/13, 09:34:59.969, 7615830342997, QTAgent32.exe, Exception: System.NotSupportedException
	Message: Internal Error: This method on IEWebControlElement should not get called.
	Stack Trace:    at Microsoft.VisualStudio.TestTools.UITest.Extension.IE.BrowserOptionElementNode.InvokeProgrammaticAction(ProgrammaticActionOption programmaticActionOption)
	BaseExceptionMessage: Internal Error: This method on IEWebControlElement should not get called.

W, 1528, 13, 2012/11/13, 09:35:00.203, 7615833667619, QTAgent32.exe, &lt;a class=success&gt;Playback - {102} [SUCCESS] SetValueAsComboBox "Highway Insurance" - "[Web]ControlType='ComboBox' &amp;&amp; TagName='SELECT' &amp;&amp; Id='InsurerID' &amp;&amp; Name='InsurerID' &amp;&amp; FilterCondition(Size='0', LabeledBy='', Title='', ItemCount='54', Class='', ControlDefinition='id=InsurerID onchange=selectInsurer() na', TagInstance='1')"  &lt; SetValueAsComboBox, set by clicking on the item in the list box &gt;
\0&lt;/a&gt;
W, 1528, 13, 2012/11/13, 09:35:01.217, 7615848259597, QTAgent32.exe, &lt;a class=success&gt;Playback - {103} [SUCCESS] SetValueAsEditBox "7071000919" - "[Web]ControlType='Edit' &amp;&amp; TagName='INPUT' &amp;&amp; Id='' &amp;&amp; Name='txtPolicyNumber' &amp;&amp; LabeledBy='' &amp;&amp; Type='SINGLELINE' &amp;&amp; FilterCondition(Title='', Class='', ControlDefinition='name=txtPolicyNumber align=left size=15', TagInstance='1')"  &lt; Set via SendKeys &gt;
\0&lt;/a&gt;
W, 1528, 13, 2012/11/13, 09:35:01.856, 7615857348309, QTAgent32.exe, &lt;a class=success&gt;Playback - {104} [SUCCESS] SetValueAsEditBox "20/11/2012" - "[Web]ControlType='Edit' &amp;&amp; TagName='INPUT' &amp;&amp; Id='' &amp;&amp; Name='txtAutoLapseDate' &amp;&amp; LabeledBy='' &amp;&amp; Type='SINGLELINE' &amp;&amp; FilterCondition(Title='', Class='', ControlDefinition='name=txtAutoLapseDate maxLength=10 value', TagInstance='8')"  &lt; Set via SendKeys &gt;
\0&lt;/a&gt;
W, 1528, 13, 2012/11/13, 09:35:02.418, 7615865470333, QTAgent32.exe, &lt;a class=success&gt;Playback - {105} [SUCCESS] MouseButtonClick - "[Web]ControlType='Button' &amp;&amp; TagName='INPUT' &amp;&amp; Id='buttonCreate' &amp;&amp; Name='buttonCreate' &amp;&amp; FilterCondition(DisplayText='  Create Record  ', Type='button', Title='Click to create the new record', Class='', ControlDefinition='id=buttonCreate title="Click to create t', TagInstance='10')"
\0&lt;/a&gt;
W, 1528, 13, 2012/11/13, 09:35:02.808, 7615870994457, QTAgent32.exe, &lt;a class=success&gt;Playback - {106} [SUCCESS] MouseButtonClick - "[MSAA, VisibleOnly]ControlType='Button' &amp;&amp; Name='OK'"
\0&lt;/a&gt;
W, 1528, 13, 2012/11/13, 09:35:03.307, 7615878102055, QTAgent32.exe, &lt;a class=success&gt;Playback - {107} [SUCCESS] MouseButtonClick - "[MSAA, VisibleOnly]ControlType='Button' &amp;&amp; Name='Close'"
\0&lt;/a&gt;
W, 1528, 13, 2012/11/13, 09:35:03.541, 7615881436332, QTAgent32.exe, &lt;a class=success&gt;Playback - {108} [SUCCESS] SendKeys "^{HOME}" - "[MSAA, VisibleOnly]ControlType='Edit'"
\0&lt;/a&gt;
E, 1528, 13, 2012/11/13, 09:35:03.541, 7615881438973, QTAgent32.exe, Msaa.GetFocusedElement: could not find accessible object of foreground window
W, 1528, 13, 2012/11/13, 09:35:03.619, 7615882553914, QTAgent32.exe, &lt;a class=success&gt;Playback - {109} [SUCCESS] SendKeys "^+{END}" - "[MSAA, VisibleOnly]ControlType='Edit'"
\0&lt;/a&gt;
E, 1528, 13, 2012/11/13, 09:35:03.619, 7615882556426, QTAgent32.exe, Msaa.GetFocusedElement: could not find accessible object of foreground window
W, 1528, 13, 2012/11/13, 09:35:03.635, 7615882777889, QTAgent32.exe, &lt;a class=success&gt;Playback - {110} [SUCCESS] SendKeys "{DELETE}" - "[MSAA, VisibleOnly]ControlType='Edit'"
\0&lt;/a&gt;
W, 1528, 13, 2012/11/13, 09:35:03.994, 7615887917702, QTAgent32.exe, &lt;a class=success&gt;Playback - {111} [SUCCESS] SetValueAsEditBox "20/11/2011" - "[MSAA, VisibleOnly]ControlType='Edit'"  &lt; Set via SendKeys &gt;
\0&lt;/a&gt;
W, 1528, 13, 2012/11/13, 09:35:04.633, 7615897078910, QTAgent32.exe, &lt;a class=success&gt;Playback - {112} [SUCCESS] MouseButtonClick - "[MSAA, VisibleOnly]ControlType='Button' &amp;&amp; Name='OK'"
\0&lt;/a&gt;
W, 1528, 13, 2012/11/13, 09:35:05.179, 7615904948971, QTAgent32.exe, &lt;a class=success&gt;Playback - {113} [SUCCESS] MouseButtonClick - "[MSAA, VisibleOnly]ControlType='Client'"
\0&lt;/a&gt;
W, 1528, 13, 2012/11/13, 09:35:06.069, 7615917624326, QTAgent32.exe, &lt;a class=success&gt;Playback - {114} [SUCCESS] SetValueAsEditBox "AUTO175" - "[MSAA, VisibleOnly]ControlType='Edit'"  &lt; Set via SendKeys &gt;
\0&lt;/a&gt;
W, 1528, 13, 2012/11/13, 09:35:06.396, 7615922315837, QTAgent32.exe, &lt;a class=success&gt;Playback - {115} [SUCCESS] SetValueAsEditBox "-1001" - "[MSAA, VisibleOnly]ControlType='Edit'"  &lt; Set via SendKeys &gt;
\0&lt;/a&gt;
W, 1528, 13, 2012/11/13, 09:35:06.599, 7615925214556, QTAgent32.exe, &lt;a class=success&gt;Playback - {116} [SUCCESS] SendKeys "^{HOME}" - "[MSAA, VisibleOnly]ControlType='Edit'"
\0&lt;/a&gt;
E, 1528, 13, 2012/11/13, 09:35:06.599, 7615925216909, QTAgent32.exe, Msaa.GetFocusedElement: could not find accessible object of foreground window
W, 1528, 13, 2012/11/13, 09:35:06.677, 7615926333910, QTAgent32.exe, &lt;a class=success&gt;Playback - {117} [SUCCESS] SendKeys "^+{END}" - "[MSAA, VisibleOnly]ControlType='Edit'"
\0&lt;/a&gt;
E, 1528, 13, 2012/11/13, 09:35:06.677, 7615926336183, QTAgent32.exe, Msaa.GetFocusedElement: could not find accessible object of foreground window
W, 1528, 13, 2012/11/13, 09:35:06.693, 7615926557161, QTAgent32.exe, &lt;a class=success&gt;Playback - {118} [SUCCESS] SendKeys "{DELETE}" - "[MSAA, VisibleOnly]ControlType='Edit'"
\0&lt;/a&gt;
W, 1528, 13, 2012/11/13, 09:35:07.036, 7615931473159, QTAgent32.exe, &lt;a class=success&gt;Playback - {119} [SUCCESS] SetValueAsEditBox "20/11/2011" - "[MSAA, VisibleOnly]ControlType='Edit'"  &lt; Set via SendKeys &gt;
\0&lt;/a&gt;
W, 1528, 13, 2012/11/13, 09:35:07.676, 7615940662828, QTAgent32.exe, &lt;a class=success&gt;Playback - {120} [SUCCESS] MouseButtonClick - "[MSAA, VisibleOnly]ControlType='Button' &amp;&amp; Name='Regress'"
\0&lt;/a&gt;
W, 1528, 13, 2012/11/13, 09:35:10.109, 7615975474763, QTAgent32.exe, &lt;a class=success&gt;Playback - {121} [SUCCESS] MouseButtonClick - "[MSAA, VisibleOnly]ControlType='Button' &amp;&amp; Name='Exit'"
\0&lt;/a&gt;
W, 1528, 13, 2012/11/13, 09:35:10.577, 7615982219238, QTAgent32.exe, &lt;a class=success&gt;Playback - {122} [SUCCESS] MouseButtonClick - "[MSAA, VisibleOnly]ControlType='Button'"
\0&lt;/a&gt;
W, 1528, 13, 2012/11/13, 09:35:11.014, 7615988510592, QTAgent32.exe, &lt;a class=success&gt;Playback - {123} [SUCCESS] MouseButtonClick - "[MSAA, VisibleOnly]ControlType='Button' &amp;&amp; Name='Options'"
\0&lt;/a&gt;
W, 1528, 13, 2012/11/13, 09:35:11.123, 7615989997165, QTAgent32.exe, FindScreenElementInSinglePass : Attempting to find control in one pass of search. Failures can occur.
W, 1528, 13, 2012/11/13, 09:35:11.295, 7615992446544, QTAgent32.exe, &lt;a class=success&gt;Playback - {124} [SUCCESS] MouseButtonClick - "[MSAA]ControlType='MenuItem' &amp;&amp; Name='Links'"
\0&lt;/a&gt;
W, 1528, 13, 2012/11/13, 09:35:11.404, 7615994015402, QTAgent32.exe, FindScreenElementInSinglePass : Attempting to find control in one pass of search. Failures can occur.
W, 1528, 13, 2012/11/13, 09:35:11.591, 7615996691194, QTAgent32.exe, &lt;a class=success&gt;Playback - {125} [SUCCESS] MouseButtonClick - "[MSAA]ControlType='MenuItem' &amp;&amp; Name='3rd Party Integration'"
\0&lt;/a&gt;
W, 1528, 13, 2012/11/13, 09:35:11.701, 7615998259196, QTAgent32.exe, FindScreenElementInSinglePass : Attempting to find control in one pass of search. Failures can occur.
W, 1528, 13, 2012/11/13, 09:35:11.888, 7616000965335, QTAgent32.exe, &lt;a class=success&gt;Playback - {126} [SUCCESS] MouseButtonClick - "[MSAA]ControlType='MenuItem' &amp;&amp; Name='Renewals Loader'"
\0&lt;/a&gt;
W, 1528, 13, 2012/11/13, 09:35:12.559, 7616010543360, QTAgent32.exe, &lt;a class=success&gt;Playback - {127} [SUCCESS] MouseButtonClick - "[MSAA, VisibleOnly]ControlType='TitleBar'"
\0&lt;/a&gt;
W, 1528, 13, 2012/11/13, 09:35:12.761, 7616013444701, QTAgent32.exe, &lt;a class=success&gt;Playback - {128} [SUCCESS] SendKeys "^{HOME}" - "[MSAA, VisibleOnly]ControlType='Edit'"
\0&lt;/a&gt;
E, 1528, 13, 2012/11/13, 09:35:12.761, 7616013447392, QTAgent32.exe, Msaa.GetFocusedElement: could not find accessible object of foreground window
W, 1528, 13, 2012/11/13, 09:35:12.839, 7616014562659, QTAgent32.exe, &lt;a class=success&gt;Playback - {129} [SUCCESS] SendKeys "^+{END}" - "[MSAA, VisibleOnly]ControlType='Edit'"
\0&lt;/a&gt;
E, 1528, 13, 2012/11/13, 09:35:12.839, 7616014565212, QTAgent32.exe, Msaa.GetFocusedElement: could not find accessible object of foreground window
W, 1528, 13, 2012/11/13, 09:35:12.855, 7616014785991, QTAgent32.exe, &lt;a class=success&gt;Playback - {130} [SUCCESS] SendKeys "{DELETE}" - "[MSAA, VisibleOnly]ControlType='Edit'"
\0&lt;/a&gt;
W, 1528, 13, 2012/11/13, 09:35:13.198, 7616019704625, QTAgent32.exe, &lt;a class=success&gt;Playback - {131} [SUCCESS] SetValueAsEditBox "13/10/2012" - "[MSAA, VisibleOnly]ControlType='Edit'"  &lt; Set via SendKeys &gt;
\0&lt;/a&gt;
W, 1528, 13, 2012/11/13, 09:35:13.776, 7616027982339, QTAgent32.exe, &lt;a class=success&gt;Playback - {132} [SUCCESS] MouseButtonClick - "[MSAA, VisibleOnly]ControlType='Button' &amp;&amp; Name='Run'"
\0&lt;/a&gt;
W, 1528, 13, 2012/11/13, 09:35:15.055, 7616046302712, QTAgent32.exe, PERF WARNING: FindTopLevelWindowHelper::FindAllDescendents: took 1170 ms. Expected it to take maximum 500 ms.
W, 1528, 13, 2012/11/13, 09:35:15.694, 7616055498687, QTAgent32.exe, &lt;a class=success&gt;Playback - {133} [SUCCESS] MouseButtonClick - "[MSAA, VisibleOnly]ControlType='Button' &amp;&amp; Name='Close'"
\0&lt;/a&gt;
W, 1528, 13, 2012/11/13, 09:35:16.147, 7616061918056, QTAgent32.exe, &lt;a class=success&gt;Playback - {134} [SUCCESS] MouseButtonClick - "[MSAA, VisibleOnly]ControlType='TitleBar'"
\0&lt;/a&gt;
W, 1528, 13, 2012/11/13, 09:35:16.537, 7616067523799, QTAgent32.exe, &lt;a class=success&gt;Playback - {135} [SUCCESS] MouseButtonClick - "[MSAA, VisibleOnly]ControlType='Button' &amp;&amp; Name='Close'"
\0&lt;/a&gt;
W, 1528, 13, 2012/11/13, 09:35:16.911, 7616072916289, QTAgent32.exe, &lt;a class=success&gt;Playback - {136} [SUCCESS] MouseButtonClick - "[MSAA, VisibleOnly]ControlType='Button' &amp;&amp; Name='Options'"
\0&lt;/a&gt;
W, 1528, 13, 2012/11/13, 09:35:17.021, 7616074592602, QTAgent32.exe, FindScreenElementInSinglePass : Attempting to find control in one pass of search. Failures can occur.
W, 1528, 13, 2012/11/13, 09:35:17.208, 7616077102306, QTAgent32.exe, &lt;a class=success&gt;Playback - {137} [SUCCESS] MouseButtonClick - "[MSAA]ControlType='MenuItem' &amp;&amp; Name='Links'"
\0&lt;/a&gt;
W, 1528, 13, 2012/11/13, 09:35:17.317, 7616078670142, QTAgent32.exe, FindScreenElementInSinglePass : Attempting to find control in one pass of search. Failures can occur.
W, 1528, 13, 2012/11/13, 09:35:17.504, 7616081353674, QTAgent32.exe, &lt;a class=success&gt;Playback - {138} [SUCCESS] MouseButtonClick - "[MSAA]ControlType='MenuItem' &amp;&amp; Name='3rd Party Integration'"
\0&lt;/a&gt;
W, 1528, 13, 2012/11/13, 09:35:17.613, 7616082924994, QTAgent32.exe, FindScreenElementInSinglePass : Attempting to find control in one pass of search. Failures can occur.
W, 1528, 13, 2012/11/13, 09:35:17.801, 7616085619914, QTAgent32.exe, &lt;a class=success&gt;Playback - {139} [SUCCESS] MouseButtonClick - "[MSAA]ControlType='MenuItem' &amp;&amp; Name='Renewals Module'"
\0&lt;/a&gt;
W, 1528, 13, 2012/11/13, 09:35:18.596, 7616096986925, QTAgent32.exe, &lt;a class=success&gt;Playback - {140} [SUCCESS] SetValueAsEditBox "1" - "[MSAA, VisibleOnly]ControlType='Edit'"  &lt; Set via SendKeys &gt;
\0&lt;/a&gt;
W, 1528, 13, 2012/11/13, 09:35:19.283, 7616106814718, QTAgent32.exe, &lt;a class=success&gt;Playback - {141} [SUCCESS] MouseButtonClick - "[MSAA, VisibleOnly]ControlType='Button' &amp;&amp; Name='Ok'"
\0&lt;/a&gt;
W, 1528, 13, 2012/11/13, 09:35:19.704, 7616112983037, QTAgent32.exe, Playback - [WARNING] Internal warning: Window Not Found: [VisibleOnly]ControlType='Window' &amp;&amp; Name='insur-E.tam' &amp;&amp; ClassName='#32770'
\0
E, 1528, 13, 2012/11/13, 09:35:19.704, 7616112985781, QTAgent32.exe, &lt;a class=failure&gt;Playback - {142} [FAILED] Function ElementFetcher::FindScreenElement failed to locate UI element (Searching: ;[VisibleOnly]ControlType='Window' &amp;&amp; Name='insur-E.tam' &amp;&amp; ClassName='#32770') (The object specified was not found.)
\0&lt;/a&gt;
E, 1528, 13, 2012/11/13, 09:35:19.797, 7616114334463, QTAgent32.exe, Playback - [IMAGE] C:\Users\peter.zenin-ad\AppData\Local\Temp\UITestLogs\LastRun\RPFF14.png
\0
W, 1528, 13, 2012/11/13, 09:35:19.797, 7616114336648, QTAgent32.exe, Playback - [WARNING] Internal warning: Couldn't find descendants that match QueryId
\0
W, 1528, 13, 2012/11/13, 09:35:37.848, 7616372769596, QTAgent32.exe, Playback - [WARNING] Internal warning: Window Not Found: [VisibleOnly]ControlType='Window' &amp;&amp; Name='insur-E.tam' &amp;&amp; ClassName='#32770'
\0
E, 1528, 13, 2012/11/13, 09:35:37.848, 7616372772320, QTAgent32.exe, &lt;a class=failure&gt;Playback - {143} [FAILED] Function ElementFetcher::FindScreenElement failed to locate UI element (Searching: ;[VisibleOnly]ControlType='Window' &amp;&amp; Name='insur-E.tam' &amp;&amp; ClassName='#32770') (The object specified was not found.)
\0&lt;/a&gt;
E, 1528, 13, 2012/11/13, 09:35:37.941, 7616374136156, QTAgent32.exe, Playback - [IMAGE] C:\Users\peter.zenin-ad\AppData\Local\Temp\UITestLogs\LastRun\RPF55F3.png
\0
W, 1528, 13, 2012/11/13, 09:35:37.941, 7616374138388, QTAgent32.exe, Playback - [WARNING] Internal warning: Couldn't find descendants that match QueryId
\0
W, 1528, 13, 2012/11/13, 09:35:37.941, 7616374141354, QTAgent32.exe, PERF WARNING: FindTopLevelWindowHelper::FindAllDescendents: took 18144 ms. Expected it to take maximum 500 ms.
W, 1528, 13, 2012/11/13, 09:35:38.456, 7616381535134, QTAgent32.exe, Playback - [WARNING] Internal warning: Smart Match failed
\0
W, 1528, 13, 2012/11/13, 09:35:38.753, 7616385770969, QTAgent32.exe, Playback - [WARNING] Internal warning: Smart Match failed
\0
W, 1528, 13, 2012/11/13, 09:35:39.049, 7616390012696, QTAgent32.exe, Playback - [WARNING] Internal warning: Smart Match failed
\0
W, 1528, 13, 2012/11/13, 09:35:39.361, 7616394482403, QTAgent32.exe, Playback - [WARNING] Internal warning: Smart Match failed
\0
W, 1528, 13, 2012/11/13, 09:35:39.673, 7616398953105, QTAgent32.exe, Playback - [WARNING] Internal warning: Smart Match failed
\0
W, 1528, 13, 2012/11/13, 09:35:39.985, 7616403424102, QTAgent32.exe, Playback - [WARNING] Internal warning: Smart Match failed
\0
W, 1528, 13, 2012/11/13, 09:35:40.297, 7616407889096, QTAgent32.exe, Playback - [WARNING] Internal warning: Smart Match failed
\0
W, 1528, 13, 2012/11/13, 09:35:40.609, 7616412349864, QTAgent32.exe, Playback - [WARNING] Internal warning: Smart Match failed
\0
W, 1528, 13, 2012/11/13, 09:35:40.906, 7616416589995, QTAgent32.exe, Playback - [WARNING] Internal warning: Smart Match failed
\0
W, 1528, 13, 2012/11/13, 09:35:41.093, 7616419242834, QTAgent32.exe, Playback - [WARNING] Internal warning: Window Not Found: [VisibleOnly]ControlType='Window' &amp;&amp; Name='insur-E.tam' &amp;&amp; ClassName='#32770'
\0
E, 1528, 13, 2012/11/13, 09:35:41.093, 7616419245159, QTAgent32.exe, &lt;a class=failure&gt;Playback - {144} [FAILED] Function ElementFetcher::FindScreenElement failed to locate UI element (Searching: ;[VisibleOnly]ControlType='Window' &amp;&amp; Name='insur-E.tam' &amp;&amp; ClassName='#32770') (The object specified was not found.)
\0&lt;/a&gt;
E, 1528, 13, 2012/11/13, 09:35:41.186, 7616420607272, QTAgent32.exe, Playback - [IMAGE] C:\Users\peter.zenin-ad\AppData\Local\Temp\UITestLogs\LastRun\RPF62A1.png
\0
W, 1528, 13, 2012/11/13, 09:35:41.186, 7616420609355, QTAgent32.exe, Playback - [WARNING] Internal warning: Couldn't find descendants that match QueryId
\0
W, 1528, 13, 2012/11/13, 09:35:41.186, 7616420612287, QTAgent32.exe, PERF WARNING: FindTopLevelWindowHelper::FindAllDescendents: took 3245 ms. Expected it to take maximum 500 ms.
E, 1528, 13, 2012/11/13, 09:35:41.186, 7616420614043, QTAgent32.exe, Exception: System.Runtime.InteropServices.COMException
	Message: Error HRESULT E_FAIL has been returned from a call to a COM component.
	Stack Trace:    at Microsoft.VisualStudio.TestTools.UITest.Playback.Engine.IRPFPlayback.FindAllScreenElements(IScreenElement pScreenElementStart, String bstrQueryId, Object&amp; pvarResKeys, Int32 cResKeys, Int32 nMaxDepth, Object[]&amp; foundDescendants)
   at Microsoft.VisualStudio.TestTools.UITest.Playback.ScreenElement.FindTopLevelWindowHelper(String queryId)
	BaseExceptionMessage: Error HRESULT E_FAIL has been returned from a call to a COM component.

E, 1528, 13, 2012/11/13, 09:35:41.186, 7616420619251, QTAgent32.exe, Window 7669650 not responding. Last Win32 error 0
E, 1528, 13, 2012/11/13, 09:35:41.186, 7616420625014, QTAgent32.exe, GetClassName for handle 7669650 failed
E, 1528, 13, 2012/11/13, 09:35:41.186, 7616420633883, QTAgent32.exe, Window 7669650 not responding. Last Win32 error 1400
E, 1528, 13, 2012/11/13, 09:35:41.202, 7616420655196, QTAgent32.exe, Window 7669650 not responding. Last Win32 error 1400
E, 1528, 13, 2012/11/13, 09:35:41.202, 7616420656373, QTAgent32.exe, GetClassName for handle 7669650 failed
E, 1528, 13, 2012/11/13, 09:35:41.202, 7616420657189, QTAgent32.exe, GetClassName for handle 7669650 failed
E, 1528, 13, 2012/11/13, 09:35:41.311, 7616422203119, QTAgent32.exe, AL: Playback Error: Microsoft.VisualStudio.TestTools.UITest.Extension.UITestControlNotFoundException: The playback failed to find the control with the given search properties. Additional Details: 
TechnologyName:  'MSAA'
ControlType:  'Window'
 ---&gt; System.Runtime.InteropServices.COMException: Error HRESULT E_FAIL has been returned from a call to a COM component.
   at Microsoft.VisualStudio.TestTools.UITest.Playback.Engine.IRPFPlayback.FindAllScreenElements(IScreenElement pScreenElementStart, String bstrQueryId, Object&amp; pvarResKeys, Int32 cResKeys, Int32 nMaxDepth, Object[]&amp; foundDescendants)
   at Microsoft.VisualStudio.TestTools.UITest.Playback.ScreenElement.FindTopLevelWindowHelper(String queryId)
   at Microsoft.VisualStudio.TestTools.UITest.Playback.ScreenElement.FindFromPartialQueryId(String queryId)
   at Microsoft.VisualStudio.TestTools.UITesting.UITestControl..ctor(String queryId)
   --- End of inner exception stack trace ---
   at Microsoft.VisualStudio.TestTools.UITesting.Playback.MapControlNotFoundException(COMException ex, IPlaybackContext context)
   at Microsoft.VisualStudio.TestTools.UITesting.Playback.MapAndThrowComException(COMException innerException, IPlaybackContext context)
   at Microsoft.VisualStudio.TestTools.UITesting.Playback.MapAndThrowException(SystemException exception, IPlaybackContext context)
   at Microsoft.VisualStudio.TestTools.UITesting.Playback.MapAndThrowException(SystemException exception, String queryId)
   at Microsoft.VisualStudio.TestTools.UITesting.UITestControl..ctor(String queryId)
   at Microsoft.VisualStudio.TestTools.UITesting.SearchHelper.SearchTopLevelWindow(ISearchArgument topLevelSearchArg, String topLevelElementQueryId)
   at Microsoft.VisualStudio.TestTools.UITesting.SearchHelper.GetTitleUpdatedTopLevelWindow(ISearchArgument topLevelSearchArg, String queryId, IList`1 windowTitles)
   at Microsoft.VisualStudio.TestTools.UITesting.SearchHelper.GetTopLevelElement(Boolean useCache, Boolean useCacheOnly, ISearchArgument searchArg, IList`1 windowTitles, Int32&amp; timeLeft)
   at Microsoft.VisualStudio.TestTools.UITesting.SearchHelper.GetElement(Boolean useCache, ISearchArgument searchArg)
   at Microsoft.VisualStudio.TestTools.UITesting.SearchHelper.Search(ISearchArgument searchArg)
   at Microsoft.VisualStudio.TestTools.UITesting.UITestControl.FindInternal()
   at Microsoft.VisualStudio.TestTools.UITesting.UITestControl.FindControlIfNecessary()
   at Microsoft.VisualStudio.TestTools.UITesting.UITestControl.Click(MouseButtons button, ModifierKeys modifierKeys, Point relativeCoordinates)
   at Microsoft.VisualStudio.TestTools.UITesting.Mouse.ClickImplementation(UITestControl control, MouseButtons button, ModifierKeys modifierKeys, Point relativeCoordinate)
   at Microsoft.VisualStudio.TestTools.UITesting.Mouse.ClickImplementationWrapper(UITestControl control, MouseButtons button, ModifierKeys modifierKeys, Point relativeCoordinate)
W, 1528, 13, 2012/11/13, 09:35:41.311, 7616422204798, QTAgent32.exe, PlaybackErrorHandler: Ignoring exception as ContinueOnError is set.
W, 1528, 13, 2012/11/13, 09:35:41.608, 7616426633598, QTAgent32.exe, Playback - [WARNING] Internal warning: Window Not Found: [VisibleOnly]ControlType='Window' &amp;&amp; Name='Policies Auto-Renewed &amp; Auto-Lapsed' &amp;&amp; ClassName='ThunderRT6FormDC'
\0
E, 1528, 13, 2012/11/13, 09:35:41.608, 7616426636325, QTAgent32.exe, &lt;a class=failure&gt;Playback - {145} [FAILED] Function ElementFetcher::FindScreenElement failed to locate UI element (Searching: ;[VisibleOnly]ControlType='Window' &amp;&amp; Name='Policies Auto-Renewed &amp; Auto-Lapsed' &amp;&amp; ClassName='ThunderRT6FormDC') (The object specified was not found.)
\0&lt;/a&gt;
E, 1528, 13, 2012/11/13, 09:35:41.717, 7616428067404, QTAgent32.exe, Playback - [IMAGE] C:\Users\peter.zenin-ad\AppData\Local\Temp\UITestLogs\LastRun\RPF64A5.png
\0
W, 1528, 13, 2012/11/13, 09:35:41.717, 7616428069623, QTAgent32.exe, Playback - [WARNING] Internal warning: Couldn't find descendants that match QueryId
\0
W, 1528, 13, 2012/11/13, 09:35:59.767, 7616686644282, QTAgent32.exe, Playback - [WARNING] Internal warning: Window Not Found: [VisibleOnly]ControlType='Window' &amp;&amp; Name='Policies Auto-Renewed &amp; Auto-Lapsed' &amp;&amp; ClassName='ThunderRT6FormDC'
\0
E, 1528, 13, 2012/11/13, 09:35:59.767, 7616686646878, QTAgent32.exe, &lt;a class=failure&gt;Playback - {146} [FAILED] Function ElementFetcher::FindScreenElement failed to locate UI element (Searching: ;[VisibleOnly]ControlType='Window' &amp;&amp; Name='Policies Auto-Renewed &amp; Auto-Lapsed' &amp;&amp; ClassName='ThunderRT6FormDC') (The object specified was not found.)
\0&lt;/a&gt;
E, 1528, 13, 2012/11/13, 09:35:59.876, 7616688183233, QTAgent32.exe, Playback - [IMAGE] C:\Users\peter.zenin-ad\AppData\Local\Temp\UITestLogs\LastRun\RPFAB95.png
\0
W, 1528, 13, 2012/11/13, 09:35:59.876, 7616688185386, QTAgent32.exe, Playback - [WARNING] Internal warning: Couldn't find descendants that match QueryId
\0
W, 1528, 13, 2012/11/13, 09:35:59.876, 7616688188287, QTAgent32.exe, PERF WARNING: FindTopLevelWindowHelper::FindAllDescendents: took 18166 ms. Expected it to take maximum 500 ms.
W, 1528, 13, 2012/11/13, 09:36:00.344, 7616694917239, QTAgent32.exe, Playback - [WARNING] Internal warning: Smart Match failed
\0
W, 1528, 13, 2012/11/13, 09:36:00.656, 7616699390463, QTAgent32.exe, Playback - [WARNING] Internal warning: Smart Match failed
\0
W, 1528, 13, 2012/11/13, 09:36:00.968, 7616703848806, QTAgent32.exe, Playback - [WARNING] Internal warning: Smart Match failed
\0
W, 1528, 13, 2012/11/13, 09:36:01.280, 7616708315877, QTAgent32.exe, Playback - [WARNING] Internal warning: Smart Match failed
\0
W, 1528, 13, 2012/11/13, 09:36:01.592, 7616712777843, QTAgent32.exe, Playback - [WARNING] Internal warning: Smart Match failed
\0
W, 1528, 13, 2012/11/13, 09:36:01.904, 7616717254048, QTAgent32.exe, Playback - [WARNING] Internal warning: Smart Match failed
\0
W, 1528, 13, 2012/11/13, 09:36:02.216, 7616721718602, QTAgent32.exe, Playback - [WARNING] Internal warning: Smart Match failed
\0
W, 1528, 13, 2012/11/13, 09:36:02.528, 7616726183315, QTAgent32.exe, Playback - [WARNING] Internal warning: Smart Match failed
\0
W, 1528, 13, 2012/11/13, 09:36:02.825, 7616730418199, QTAgent32.exe, Playback - [WARNING] Internal warning: Smart Match failed
\0
W, 1528, 13, 2012/11/13, 09:36:03.012, 7616733088883, QTAgent32.exe, Playback - [WARNING] Internal warning: Window Not Found: [VisibleOnly]ControlType='Window' &amp;&amp; Name='Policies Auto-Renewed &amp; Auto-Lapsed' &amp;&amp; ClassName='ThunderRT6FormDC'
\0
E, 1528, 13, 2012/11/13, 09:36:03.012, 7616733091537, QTAgent32.exe, &lt;a class=failure&gt;Playback - {147} [FAILED] Function ElementFetcher::FindScreenElement failed to locate UI element (Searching: ;[VisibleOnly]ControlType='Window' &amp;&amp; Name='Policies Auto-Renewed &amp; Auto-Lapsed' &amp;&amp; ClassName='ThunderRT6FormDC') (The object specified was not found.)
\0&lt;/a&gt;
E, 1528, 13, 2012/11/13, 09:36:03.121, 7616734680498, QTAgent32.exe, Playback - [IMAGE] C:\Users\peter.zenin-ad\AppData\Local\Temp\UITestLogs\LastRun\RPFB842.png
\0
W, 1528, 13, 2012/11/13, 09:36:03.121, 7616734682624, QTAgent32.exe, Playback - [WARNING] Internal warning: Couldn't find descendants that match QueryId
\0
W, 1528, 13, 2012/11/13, 09:36:03.137, 7616734687523, QTAgent32.exe, PERF WARNING: FindTopLevelWindowHelper::FindAllDescendents: took 3247 ms. Expected it to take maximum 500 ms.
E, 1528, 13, 2012/11/13, 09:36:03.137, 7616734689303, QTAgent32.exe, Exception: System.Runtime.InteropServices.COMException
	Message: Error HRESULT E_FAIL has been returned from a call to a COM component.
	Stack Trace:    at Microsoft.VisualStudio.TestTools.UITest.Playback.Engine.IRPFPlayback.FindAllScreenElements(IScreenElement pScreenElementStart, String bstrQueryId, Object&amp; pvarResKeys, Int32 cResKeys, Int32 nMaxDepth, Object[]&amp; foundDescendants)
   at Microsoft.VisualStudio.TestTools.UITest.Playback.ScreenElement.FindTopLevelWindowHelper(String queryId)
	BaseExceptionMessage: Error HRESULT E_FAIL has been returned from a call to a COM component.

E, 1528, 13, 2012/11/13, 09:36:03.246, 7616736262618, QTAgent32.exe, AL: Playback Error: Microsoft.VisualStudio.TestTools.UITest.Extension.UITestControlNotFoundException: The playback failed to find the control with the given search properties. Additional Details: 
TechnologyName:  'MSAA'
ControlType:  'Window'
Name:  'Policies Auto-Renewed &amp; Auto-Lapsed'
ClassName:  'ThunderRT6FormDC'
 ---&gt; System.Runtime.InteropServices.COMException: Error HRESULT E_FAIL has been returned from a call to a COM component.
   at Microsoft.VisualStudio.TestTools.UITest.Playback.Engine.IRPFPlayback.FindAllScreenElements(IScreenElement pScreenElementStart, String bstrQueryId, Object&amp; pvarResKeys, Int32 cResKeys, Int32 nMaxDepth, Object[]&amp; foundDescendants)
   at Microsoft.VisualStudio.TestTools.UITest.Playback.ScreenElement.FindTopLevelWindowHelper(String queryId)
   at Microsoft.VisualStudio.TestTools.UITest.Playback.ScreenElement.FindFromPartialQueryId(String queryId)
   at Microsoft.VisualStudio.TestTools.UITesting.UITestControl..ctor(String queryId)
   --- End of inner exception stack trace ---
   at Microsoft.VisualStudio.TestTools.UITesting.Playback.MapControlNotFoundException(COMException ex, IPlaybackContext context)
   at Microsoft.VisualStudio.TestTools.UITesting.Playback.MapAndThrowComException(COMException innerException, IPlaybackContext context)
   at Microsoft.VisualStudio.TestTools.UITesting.Playback.MapAndThrowException(SystemException exception, IPlaybackContext context)
   at Microsoft.VisualStudio.TestTools.UITesting.Playback.MapAndThrowException(SystemException exception, String queryId)
   at Microsoft.VisualStudio.TestTools.UITesting.UITestControl..ctor(String queryId)
   at Microsoft.VisualStudio.TestTools.UITesting.SearchHelper.SearchTopLevelWindow(ISearchArgument topLevelSearchArg, String topLevelElementQueryId)
   at Microsoft.VisualStudio.TestTools.UITesting.SearchHelper.GetTitleUpdatedTopLevelWindow(ISearchArgument topLevelSearchArg, String queryId, IList`1 windowTitles)
   at Microsoft.VisualStudio.TestTools.UITesting.SearchHelper.GetTopLevelElement(Boolean useCache, Boolean useCacheOnly, ISearchArgument searchArg, IList`1 windowTitles, Int32&amp; timeLeft)
   at Microsoft.VisualStudio.TestTools.UITesting.SearchHelper.GetElement(Boolean useCache, ISearchArgument searchArg)
   at Microsoft.VisualStudio.TestTools.UITesting.SearchHelper.Search(ISearchArgument searchArg)
   at Microsoft.VisualStudio.TestTools.UITesting.UITestControl.FindInternal()
   at Microsoft.VisualStudio.TestTools.UITesting.UITestControl.FindControlIfNecessary()
   at Microsoft.VisualStudio.TestTools.UITesting.UITestControl.Click(MouseButtons button, ModifierKeys modifierKeys, Point relativeCoordinates)
   at Microsoft.VisualStudio.TestTools.UITesting.Mouse.ClickImplementation(UITestControl control, MouseButtons button, ModifierKeys modifierKeys, Point relativeCoordinate)
   at Microsoft.VisualStudio.TestTools.UITesting.Mouse.ClickImplementationWrapper(UITestControl control, MouseButtons button, ModifierKeys modifierKeys, Point relativeCoordinate)
W, 1528, 13, 2012/11/13, 09:36:03.246, 7616736264189, QTAgent32.exe, PlaybackErrorHandler: Ignoring exception as ContinueOnError is set.
W, 1528, 13, 2012/11/13, 09:36:03.605, 7616741555375, QTAgent32.exe, &lt;a class=success&gt;Playback - {148} [SUCCESS] MouseButtonClick - "[MSAA, VisibleOnly]ControlType='Button' &amp;&amp; Name='EDI Match...'"
\0&lt;/a&gt;
W, 1528, 13, 2012/11/13, 09:36:06.054, 7616776454646, QTAgent32.exe, &lt;a class=success&gt;Playback - {149} [SUCCESS] MouseButtonClick - "[MSAA, VisibleOnly]ControlType='Button' &amp;&amp; Name='Ok'"
\0&lt;/a&gt;
W, 1528, 13, 2012/11/13, 09:36:06.616, 7616784644649, QTAgent32.exe, &lt;a class=success&gt;Playback - {150} [SUCCESS] MouseButtonClick - "[MSAA, VisibleOnly]ControlType='Button' &amp;&amp; Name='OK'"
\0&lt;/a&gt;
W, 1528, 13, 2012/11/13, 09:36:07.084, 7616791312338, QTAgent32.exe, &lt;a class=success&gt;Playback - {151} [SUCCESS] MouseButtonClick - "[MSAA, VisibleOnly]ControlType='Button' &amp;&amp; Name='Log and Clear'"
\0&lt;/a&gt;
W, 1528, 13, 2012/11/13, 09:36:07.583, 7616798345547, QTAgent32.exe, &lt;a class=success&gt;Playback - {152} [SUCCESS] MouseButtonClick - "[MSAA, VisibleOnly]ControlType='Button' &amp;&amp; Name='OK'"
\0&lt;/a&gt;
W, 1528, 13, 2012/11/13, 09:36:08.051, 7616805185038, QTAgent32.exe, &lt;a class=success&gt;Playback - {153} [SUCCESS] MouseButtonClick - "[MSAA, VisibleOnly]ControlType='Button' &amp;&amp; Name='Filter...'"
\0&lt;/a&gt;
W, 1528, 13, 2012/11/13, 09:36:08.332, 7616809066221, QTAgent32.exe, &lt;a class=success&gt;Playback - {154} [SUCCESS] SendKeys "^{HOME}" - "[MSAA, VisibleOnly]ControlType='Edit'"
\0&lt;/a&gt;
E, 1528, 13, 2012/11/13, 09:36:08.332, 7616809068809, QTAgent32.exe, Msaa.GetFocusedElement: could not find accessible object of foreground window
W, 1528, 13, 2012/11/13, 09:36:08.425, 7616810406435, QTAgent32.exe, &lt;a class=success&gt;Playback - {155} [SUCCESS] SendKeys "^+{END}" - "[MSAA, VisibleOnly]ControlType='Edit'"
\0&lt;/a&gt;
E, 1528, 13, 2012/11/13, 09:36:08.425, 7616810408579, QTAgent32.exe, Msaa.GetFocusedElement: could not find accessible object of foreground window
W, 1528, 13, 2012/11/13, 09:36:08.441, 7616810630201, QTAgent32.exe, &lt;a class=success&gt;Playback - {156} [SUCCESS] SendKeys "{DELETE}" - "[MSAA, VisibleOnly]ControlType='Edit'"
\0&lt;/a&gt;
W, 1528, 13, 2012/11/13, 09:36:08.909, 7616817334238, QTAgent32.exe, &lt;a class=success&gt;Playback - {157} [SUCCESS] SetValueAsEditBox "20/11/12" - "[MSAA, VisibleOnly]ControlType='Edit'"  &lt; Set via SendKeys &gt;
\0&lt;/a&gt;
W, 1528, 13, 2012/11/13, 09:36:09.206, 7616821580954, QTAgent32.exe, &lt;a class=success&gt;Playback - {158} [SUCCESS] SendKeys "^{HOME}" - "[MSAA, VisibleOnly]ControlType='Edit'"
\0&lt;/a&gt;
E, 1528, 13, 2012/11/13, 09:36:09.206, 7616821583760, QTAgent32.exe, Msaa.GetFocusedElement: could not find accessible object of foreground window
W, 1528, 13, 2012/11/13, 09:36:09.299, 7616822914208, QTAgent32.exe, &lt;a class=success&gt;Playback - {159} [SUCCESS] SendKeys "^+{END}" - "[MSAA, VisibleOnly]ControlType='Edit'"
\0&lt;/a&gt;
E, 1528, 13, 2012/11/13, 09:36:09.299, 7616822916504, QTAgent32.exe, Msaa.GetFocusedElement: could not find accessible object of foreground window
W, 1528, 13, 2012/11/13, 09:36:09.315, 7616823138177, QTAgent32.exe, &lt;a class=success&gt;Playback - {160} [SUCCESS] SendKeys "{DELETE}" - "[MSAA, VisibleOnly]ControlType='Edit'"
\0&lt;/a&gt;
W, 1528, 13, 2012/11/13, 09:36:09.658, 7616828055952, QTAgent32.exe, &lt;a class=success&gt;Playback - {161} [SUCCESS] SetValueAsEditBox "20/11/12" - "[MSAA, VisibleOnly]ControlType='Edit'"  &lt; Set via SendKeys &gt;
\0&lt;/a&gt;
W, 1528, 13, 2012/11/13, 09:36:10.469, 7616839668797, QTAgent32.exe, Playback - [WARNING] Internal warning: Incorrect flag set for InvokeProgrammaticAction\0
W, 1528, 13, 2012/11/13, 09:36:10.797, 7616844378507, QTAgent32.exe, &lt;a class=success&gt;Playback - {162} [SUCCESS] SetValueAsComboBox "Motor" - "[MSAA, VisibleOnly]ControlType='ComboBox'"  &lt; SetValueAsComboBox, set by clicking on the item in the list box &gt;
\0&lt;/a&gt;
W, 1528, 13, 2012/11/13, 09:36:11.327, 7616852125913, QTAgent32.exe, &lt;a class=success&gt;Playback - {163} [SUCCESS] MouseButtonClick - "[MSAA, VisibleOnly]ControlType='Button' &amp;&amp; Name='Ok'"
\0&lt;/a&gt;
W, 1528, 13, 2012/11/13, 09:36:11.764, 7616858218983, QTAgent32.exe, &lt;a class=success&gt;Playback - {164} [SUCCESS] MouseButtonClick - "[MSAA, VisibleOnly]ControlType='Client'"
\0&lt;/a&gt;
W, 1528, 13, 2012/11/13, 09:36:12.014, 7616861780616, QTAgent32.exe, &lt;a class=success&gt;Playback - {165} [SUCCESS] SendKeys "{End}" - "[MSAA, VisibleOnly]ControlType='Client'"
\0&lt;/a&gt;
W, 1528, 13, 2012/11/13, 09:36:12.622, 7616870640571, QTAgent32.exe, &lt;a class=success&gt;Playback - {166} [SUCCESS] MouseButtonClick - "[MSAA, VisibleOnly]ControlType='Button' &amp;&amp; Name='Display Record...'"
\0&lt;/a&gt;
W, 1528, 13, 2012/11/13, 09:36:13.059, 7616876785240, QTAgent32.exe, &lt;a class=success&gt;Playback - {167} [SUCCESS] MouseButtonClick - "[MSAA, VisibleOnly]ControlType='Button' &amp;&amp; Name='Invite'"
\0&lt;/a&gt;
W, 1528, 13, 2012/11/13, 09:36:13.558, 7616884064413, QTAgent32.exe, Playback - [WARNING] Internal warning: Window Not Found: [VisibleOnly]ControlType='Window' &amp;&amp; Name='Confirm' &amp;&amp; ClassName='#32770'
\0
E, 1528, 13, 2012/11/13, 09:36:13.558, 7616884067203, QTAgent32.exe, &lt;a class=failure&gt;Playback - {168} [FAILED] Function ElementFetcher::FindScreenElement failed to locate UI element (Searching: ;[VisibleOnly]ControlType='Window' &amp;&amp; Name='Confirm' &amp;&amp; ClassName='#32770') (The object specified was not found.)
\0&lt;/a&gt;
E, 1528, 13, 2012/11/13, 09:36:13.683, 7616885706144, QTAgent32.exe, Playback - [IMAGE] C:\Users\peter.zenin-ad\AppData\Local\Temp\UITestLogs\LastRun\RPFE175.png
\0
W, 1528, 13, 2012/11/13, 09:36:13.683, 7616885708265, QTAgent32.exe, Playback - [WARNING] Internal warning: Couldn't find descendants that match QueryId
\0
W, 1528, 13, 2012/11/13, 09:36:13.683, 7616885711193, QTAgent32.exe, PERF WARNING: FindTopLevelWindowHelper::FindAllDescendents: took 515 ms. Expected it to take maximum 500 ms.
W, 1528, 13, 2012/11/13, 09:36:31.718, 7617144059131, QTAgent32.exe, Playback - [WARNING] Internal warning: Window Not Found: [VisibleOnly]ControlType='Window' &amp;&amp; Name='Confirm' &amp;&amp; ClassName='#32770'
\0
E, 1528, 13, 2012/11/13, 09:36:31.718, 7617144061842, QTAgent32.exe, &lt;a class=failure&gt;Playback - {169} [FAILED] Function ElementFetcher::FindScreenElement failed to locate UI element (Searching: ;[VisibleOnly]ControlType='Window' &amp;&amp; Name='Confirm' &amp;&amp; ClassName='#32770') (The object specified was not found.)
\0&lt;/a&gt;
E, 1528, 13, 2012/11/13, 09:36:31.827, 7617145656263, QTAgent32.exe, Playback - [IMAGE] C:\Users\peter.zenin-ad\AppData\Local\Temp\UITestLogs\LastRun\RPF2865.png
\0
W, 1528, 13, 2012/11/13, 09:36:31.827, 7617145658477, QTAgent32.exe, Playback - [WARNING] Internal warning: Couldn't find descendants that match QueryId
\0
W, 1528, 13, 2012/11/13, 09:36:31.827, 7617145661495, QTAgent32.exe, PERF WARNING: FindTopLevelWindowHelper::FindAllDescendents: took 18155 ms. Expected it to take maximum 500 ms.
W, 1528, 13, 2012/11/13, 09:36:32.373, 7617153279281, QTAgent32.exe, Playback - [WARNING] Internal warning: Smart Match failed
\0
W, 1528, 13, 2012/11/13, 09:36:32.700, 7617157970097, QTAgent32.exe, Playback - [WARNING] Internal warning: Smart Match failed
\0
W, 1528, 13, 2012/11/13, 09:36:33.013, 7617162645908, QTAgent32.exe, Playback - [WARNING] Internal warning: Smart Match failed
\0
W, 1528, 13, 2012/11/13, 09:36:33.356, 7617167344318, QTAgent32.exe, Playback - [WARNING] Internal warning: Smart Match failed
\0
W, 1528, 13, 2012/11/13, 09:36:33.683, 7617172046486, QTAgent32.exe, Playback - [WARNING] Internal warning: Smart Match failed
\0
W, 1528, 13, 2012/11/13, 09:36:33.995, 7617176709515, QTAgent32.exe, Playback - [WARNING] Internal warning: Smart Match failed
\0
W, 1528, 13, 2012/11/13, 09:36:34.354, 7617181639598, QTAgent32.exe, Playback - [WARNING] Internal warning: Smart Match failed
\0
W, 1528, 13, 2012/11/13, 09:36:34.651, 7617186095061, QTAgent32.exe, Playback - [WARNING] Internal warning: Smart Match failed
\0
W, 1528, 13, 2012/11/13, 09:36:34.853, 7617188939964, QTAgent32.exe, Playback - [WARNING] Internal warning: Window Not Found: [VisibleOnly]ControlType='Window' &amp;&amp; Name='Confirm' &amp;&amp; ClassName='#32770'
\0
E, 1528, 13, 2012/11/13, 09:36:34.853, 7617188942435, QTAgent32.exe, &lt;a class=failure&gt;Playback - {170} [FAILED] Function ElementFetcher::FindScreenElement failed to locate UI element (Searching: ;[VisibleOnly]ControlType='Window' &amp;&amp; Name='Confirm' &amp;&amp; ClassName='#32770') (The object specified was not found.)
\0&lt;/a&gt;
E, 1528, 13, 2012/11/13, 09:36:34.963, 7617190524136, QTAgent32.exe, Playback - [IMAGE] C:\Users\peter.zenin-ad\AppData\Local\Temp\UITestLogs\LastRun\RPF34A5.png
\0
W, 1528, 13, 2012/11/13, 09:36:34.963, 7617190526299, QTAgent32.exe, Playback - [WARNING] Internal warning: Couldn't find descendants that match QueryId
\0
W, 1528, 13, 2012/11/13, 09:36:34.963, 7617190529262, QTAgent32.exe, PERF WARNING: FindTopLevelWindowHelper::FindAllDescendents: took 3133 ms. Expected it to take maximum 500 ms.
E, 1528, 13, 2012/11/13, 09:36:34.963, 7617190531089, QTAgent32.exe, Exception: System.Runtime.InteropServices.COMException
	Message: Error HRESULT E_FAIL has been returned from a call to a COM component.
	Stack Trace:    at Microsoft.VisualStudio.TestTools.UITest.Playback.Engine.IRPFPlayback.FindAllScreenElements(IScreenElement pScreenElementStart, String bstrQueryId, Object&amp; pvarResKeys, Int32 cResKeys, Int32 nMaxDepth, Object[]&amp; foundDescendants)
   at Microsoft.VisualStudio.TestTools.UITest.Playback.ScreenElement.FindTopLevelWindowHelper(String queryId)
	BaseExceptionMessage: Error HRESULT E_FAIL has been returned from a call to a COM component.

E, 1528, 13, 2012/11/13, 09:36:35.072, 7617191918566, QTAgent32.exe, AL: Playback Error: Microsoft.VisualStudio.TestTools.UITest.Extension.UITestControlNotFoundException: The playback failed to find the control with the given search properties. Additional Details: 
TechnologyName:  'MSAA'
ControlType:  'Window'
Name:  'Confirm'
ClassName:  '#32770'
 ---&gt; System.Runtime.InteropServices.COMException: Error HRESULT E_FAIL has been returned from a call to a COM component.
   at Microsoft.VisualStudio.TestTools.UITest.Playback.Engine.IRPFPlayback.FindAllScreenElements(IScreenElement pScreenElementStart, String bstrQueryId, Object&amp; pvarResKeys, Int32 cResKeys, Int32 nMaxDepth, Object[]&amp; foundDescendants)
   at Microsoft.VisualStudio.TestTools.UITest.Playback.ScreenElement.FindTopLevelWindowHelper(String queryId)
   at Microsoft.VisualStudio.TestTools.UITest.Playback.ScreenElement.FindFromPartialQueryId(String queryId)
   at Microsoft.VisualStudio.TestTools.UITesting.UITestControl..ctor(String queryId)
   --- End of inner exception stack trace ---
   at Microsoft.VisualStudio.TestTools.UITesting.Playback.MapControlNotFoundException(COMException ex, IPlaybackContext context)
   at Microsoft.VisualStudio.TestTools.UITesting.Playback.MapAndThrowComException(COMException innerException, IPlaybackContext context)
   at Microsoft.VisualStudio.TestTools.UITesting.Playback.MapAndThrowException(SystemException exception, IPlaybackContext context)
   at Microsoft.VisualStudio.TestTools.UITesting.Playback.MapAndThrowException(SystemException exception, String queryId)
   at Microsoft.VisualStudio.TestTools.UITesting.UITestControl..ctor(String queryId)
   at Microsoft.VisualStudio.TestTools.UITesting.SearchHelper.SearchTopLevelWindow(ISearchArgument topLevelSearchArg, String topLevelElementQueryId)
   at Microsoft.VisualStudio.TestTools.UITesting.SearchHelper.GetTitleUpdatedTopLevelWindow(ISearchArgument topLevelSearchArg, String queryId, IList`1 windowTitles)
   at Microsoft.VisualStudio.TestTools.UITesting.SearchHelper.GetTopLevelElement(Boolean useCache, Boolean useCacheOnly, ISearchArgument searchArg, IList`1 windowTitles, Int32&amp; timeLeft)
   at Microsoft.VisualStudio.TestTools.UITesting.SearchHelper.GetElement(Boolean useCache, ISearchArgument searchArg)
   at Microsoft.VisualStudio.TestTools.UITesting.SearchHelper.Search(ISearchArgument searchArg)
   at Microsoft.VisualStudio.TestTools.UITesting.UITestControl.FindInternal()
   at Microsoft.VisualStudio.TestTools.UITesting.UITestControl.FindControlIfNecessary()
   at Microsoft.VisualStudio.TestTools.UITesting.UITestControl.Click(MouseButtons button, ModifierKeys modifierKeys, Point relativeCoordinates)
   at Microsoft.VisualStudio.TestTools.UITesting.Mouse.ClickImplementation(UITestControl control, MouseButtons button, ModifierKeys modifierKeys, Point relativeCoordinate)
   at Microsoft.VisualStudio.TestTools.UITesting.Mouse.ClickImplementationWrapper(UITestControl control, MouseButtons button, ModifierKeys modifierKeys, Point relativeCoordinate)
W, 1528, 13, 2012/11/13, 09:36:35.072, 7617191920682, QTAgent32.exe, PlaybackErrorHandler: Ignoring exception as ContinueOnError is set.
W, 1528, 13, 2012/11/13, 09:36:35.415, 7617196912698, QTAgent32.exe, &lt;a class=success&gt;Playback - {171} [SUCCESS] MouseButtonClick - "[MSAA, VisibleOnly]ControlType='Button' &amp;&amp; Name='Ok'"
\0&lt;/a&gt;
W, 1528, 13, 2012/11/13, 09:36:41.031, 7617277321724, QTAgent32.exe, Playback - [WARNING] Internal warning: Window Not Found: [VisibleOnly]ControlType='Window' &amp;&amp; Name='Print Documents' &amp;&amp; ClassName='ThunderRT6FormDC'
\0
E, 1528, 13, 2012/11/13, 09:36:41.031, 7617277324587, QTAgent32.exe, &lt;a class=failure&gt;Playback - {172} [FAILED] Function ElementFetcher::FindScreenElement failed to locate UI element (Searching: ;[VisibleOnly]ControlType='Window' &amp;&amp; Name='Print Documents' &amp;&amp; ClassName='ThunderRT6FormDC') (The object specified was not found.)
\0&lt;/a&gt;
E, 1528, 13, 2012/11/13, 09:36:41.141, 7617278822139, QTAgent32.exe, Playback - [IMAGE] C:\Users\peter.zenin-ad\AppData\Local\Temp\UITestLogs\LastRun\RPF4CC8.png
\0
W, 1528, 13, 2012/11/13, 09:36:41.141, 7617278824334, QTAgent32.exe, Playback - [WARNING] Internal warning: Couldn't find descendants that match QueryId
\0
W, 1528, 13, 2012/11/13, 09:36:41.141, 7617278828185, QTAgent32.exe, PERF WARNING: FindTopLevelWindowHelper::FindAllDescendents: took 5617 ms. Expected it to take maximum 500 ms.
W, 1528, 13, 2012/11/13, 09:36:42.357, 7617296243451, QTAgent32.exe, PERF WARNING: FindTopLevelWindowHelper::FindAllDescendents: took 1216 ms. Expected it to take maximum 500 ms.
W, 1528, 13, 2012/11/13, 09:36:42.685, 7617300917166, QTAgent32.exe, &lt;a class=success&gt;Playback - {173} [SUCCESS] Check - "[MSAA, VisibleOnly]ControlType='CheckBox' &amp;&amp; Name='Defer Printing?'"
\0&lt;/a&gt;
W, 1528, 13, 2012/11/13, 09:36:43.418, 7617311560917, QTAgent32.exe, &lt;a class=success&gt;Playback - {174} [SUCCESS] MouseButtonClick - "[MSAA, VisibleOnly]ControlType='Button' &amp;&amp; Name='Ok'"
\0&lt;/a&gt;
W, 1528, 13, 2012/11/13, 09:36:43.528, 7617312986348, QTAgent32.exe, Playback - [WARNING] Internal warning: Thread state based WFR - Requested element has invalid HWND
\0
W, 1528, 13, 2012/11/13, 09:36:43.528, 7617312988084, QTAgent32.exe, Playback - [WARNING] Internal warning: process performance counters based WFR - Requested element has invalid HWND
\0
E, 1528, 13, 2012/11/13, 09:36:43.528, 7617313006860, QTAgent32.exe, EnsureValid called via EnsureValid call for same element
E, 1528, 13, 2012/11/13, 09:36:43.528, 7617313011595, QTAgent32.exe, GetClassName for handle 3998156 failed
E, 1528, 13, 2012/11/13, 09:36:43.528, 7617313014026, QTAgent32.exe, EnsureValid called via EnsureValid call for same element
E, 1528, 13, 2012/11/13, 09:36:43.528, 7617313015629, QTAgent32.exe, EnsureValid called via EnsureValid call for same element
E, 1528, 13, 2012/11/13, 09:36:43.528, 7617313033963, QTAgent32.exe, Window 3998156 not responding. Last Win32 error 0
E, 1528, 13, 2012/11/13, 09:36:43.528, 7617313036204, QTAgent32.exe, GetClassName for handle 3998156 failed
E, 1528, 13, 2012/11/13, 09:36:43.528, 7617313037054, QTAgent32.exe, GetClassName for handle 3998156 failed
W, 1528, 13, 2012/11/13, 09:36:46.133, 7617350317880, QTAgent32.exe, PERF WARNING: FindTopLevelWindowHelper::FindAllDescendents: took 2603 ms. Expected it to take maximum 500 ms.
W, 1528, 13, 2012/11/13, 09:36:46.476, 7617355204964, QTAgent32.exe, &lt;a class=success&gt;Playback - {175} [SUCCESS] Uncheck - "[MSAA, VisibleOnly]ControlType='CheckBox' &amp;&amp; Name='Add Activity'"
\0&lt;/a&gt;
W, 1528, 13, 2012/11/13, 09:36:47.475, 7617369562540, QTAgent32.exe, &lt;a class=success&gt;Playback - {176} [SUCCESS] MouseButtonClick - "[MSAA, VisibleOnly]ControlType='Button' &amp;&amp; Name='Ok'"
\0&lt;/a&gt;
W, 1528, 13, 2012/11/13, 09:36:49.955, 7617405001273, QTAgent32.exe, &lt;a class=success&gt;Playback - {177} [SUCCESS] MouseButtonClick - "[MSAA, VisibleOnly]ControlType='Button' &amp;&amp; Name='OK'"
\0&lt;/a&gt;
W, 1528, 13, 2012/11/13, 09:36:51.078, 7617421177860, QTAgent32.exe, &lt;a class=success&gt;Playback - {178} [SUCCESS] MouseButtonClick - "[MSAA, VisibleOnly]ControlType='Button' &amp;&amp; Name=&gt;'Renew Policy'"
\0&lt;/a&gt;
W, 1528, 13, 2012/11/13, 09:36:54.230, 7617466279816, QTAgent32.exe, Playback - [WARNING] Internal warning: Window Not Found: [VisibleOnly]ControlType='Window' &amp;&amp; Name='Confirm' &amp;&amp; ClassName='#32770'
\0
E, 1528, 13, 2012/11/13, 09:36:54.230, 7617466282498, QTAgent32.exe, &lt;a class=failure&gt;Playback - {179} [FAILED] Function ElementFetcher::FindScreenElement failed to locate UI element (Searching: ;[VisibleOnly]ControlType='Window' &amp;&amp; Name='Confirm' &amp;&amp; ClassName='#32770') (The object specified was not found.)
\0&lt;/a&gt;
E, 1528, 13, 2012/11/13, 09:36:54.323, 7617467542164, QTAgent32.exe, Playback - [IMAGE] C:\Users\peter.zenin-ad\AppData\Local\Temp\UITestLogs\LastRun\RPF8057.png
\0
W, 1528, 13, 2012/11/13, 09:36:54.323, 7617467544228, QTAgent32.exe, Playback - [WARNING] Internal warning: Couldn't find descendants that match QueryId
\0
W, 1528, 13, 2012/11/13, 09:36:54.323, 7617467547175, QTAgent32.exe, PERF WARNING: FindTopLevelWindowHelper::FindAllDescendents: took 3135 ms. Expected it to take maximum 500 ms.
W, 1528, 13, 2012/11/13, 09:36:58.957, 7617533880397, QTAgent32.exe, PERF WARNING: FindTopLevelWindowHelper::FindAllDescendents: took 4632 ms. Expected it to take maximum 500 ms.
W, 1528, 13, 2012/11/13, 09:37:00.876, 7617561576214, QTAgent32.exe, &lt;a class=success&gt;Playback - {180} [SUCCESS] MouseButtonClick - "[MSAA, VisibleOnly]ControlType='Button' &amp;&amp; Name='Yes'"
\0&lt;/a&gt;
E, 1528, 13, 2012/11/13, 09:37:01.001, 7617563143796, QTAgent32.exe, GetClassName for handle 11666912 failed
W, 1528, 13, 2012/11/13, 09:37:01.391, 7617568748144, QTAgent32.exe, &lt;a class=success&gt;Playback - {181} [SUCCESS] MouseButtonClick - "[MSAA, VisibleOnly]ControlType='Button' &amp;&amp; Name='Ok'"
\0&lt;/a&gt;
W, 1528, 13, 2012/11/13, 09:37:01.500, 7617570297211, QTAgent32.exe, Playback - [WARNING] Internal warning: Thread state based WFR - Requested element has invalid HWND
\0
W, 1528, 13, 2012/11/13, 09:37:01.500, 7617570299463, QTAgent32.exe, Playback - [WARNING] Internal warning: process performance counters based WFR - Requested element has invalid HWND
\0
E, 1528, 13, 2012/11/13, 09:37:01.500, 7617570302932, QTAgent32.exe, EnsureValid called via EnsureValid call for same element
E, 1528, 13, 2012/11/13, 09:37:01.500, 7617570306679, QTAgent32.exe, GetClassName for handle 6292442 failed
E, 1528, 13, 2012/11/13, 09:37:01.500, 7617570309335, QTAgent32.exe, EnsureValid called via EnsureValid call for same element
E, 1528, 13, 2012/11/13, 09:37:01.500, 7617570310912, QTAgent32.exe, EnsureValid called via EnsureValid call for same element
E, 1528, 13, 2012/11/13, 09:37:01.500, 7617570328459, QTAgent32.exe, Window 6292442 not responding. Last Win32 error 0
E, 1528, 13, 2012/11/13, 09:37:01.500, 7617570330795, QTAgent32.exe, GetClassName for handle 6292442 failed
E, 1528, 13, 2012/11/13, 09:37:01.500, 7617570331620, QTAgent32.exe, GetClassName for handle 6292442 failed
W, 1528, 13, 2012/11/13, 09:37:06.523, 7617642305090, QTAgent32.exe, Playback - [WARNING] Internal warning: Window Not Found: [VisibleOnly]ControlType='Window' &amp;&amp; Name='Print Documents' &amp;&amp; ClassName='ThunderRT6FormDC'
\0
E, 1528, 13, 2012/11/13, 09:37:06.523, 7617642307812, QTAgent32.exe, &lt;a class=failure&gt;Playback - {182} [FAILED] Function ElementFetcher::FindScreenElement failed to locate UI element (Searching: ;[VisibleOnly]ControlType='Window' &amp;&amp; Name='Print Documents' &amp;&amp; ClassName='ThunderRT6FormDC') (The object specified was not found.)
\0&lt;/a&gt;
E, 1528, 13, 2012/11/13, 09:37:06.601, 7617643521222, QTAgent32.exe, Playback - [IMAGE] C:\Users\peter.zenin-ad\AppData\Local\Temp\UITestLogs\LastRun\RPFB05C.png
\0
W, 1528, 13, 2012/11/13, 09:37:06.601, 7617643523445, QTAgent32.exe, Playback - [WARNING] Internal warning: Couldn't find descendants that match QueryId
\0
W, 1528, 13, 2012/11/13, 09:37:06.601, 7617643526452, QTAgent32.exe, PERF WARNING: FindTopLevelWindowHelper::FindAllDescendents: took 5111 ms. Expected it to take maximum 500 ms.
W, 1528, 13, 2012/11/13, 09:37:11.328, 7617711028246, QTAgent32.exe, PERF WARNING: FindTopLevelWindowHelper::FindAllDescendents: took 4714 ms. Expected it to take maximum 500 ms.
W, 1528, 13, 2012/11/13, 09:37:11.656, 7617715704656, QTAgent32.exe, &lt;a class=success&gt;Playback - {183} [SUCCESS] Check - "[MSAA, VisibleOnly]ControlType='CheckBox' &amp;&amp; Name='Defer Printing?'"
\0&lt;/a&gt;
W, 1528, 13, 2012/11/13, 09:37:12.389, 7617726260593, QTAgent32.exe, &lt;a class=success&gt;Playback - {184} [SUCCESS] MouseButtonClick - "[MSAA, VisibleOnly]ControlType='Button' &amp;&amp; Name='Ok'"
\0&lt;/a&gt;
E, 1528, 13, 2012/11/13, 09:37:12.498, 7617727762750, QTAgent32.exe, GetClassName for handle 9962216 failed
W, 1528, 13, 2012/11/13, 09:37:13.325, 7617739648208, QTAgent32.exe, &lt;a class=success&gt;Playback - {185} [SUCCESS] MouseButtonClick - "[MSAA, VisibleOnly]ControlType='Button' &amp;&amp; Name='OK'"
\0&lt;/a&gt;
W, 1528, 13, 2012/11/13, 09:37:13.497, 7617742061394, QTAgent32.exe, Playback - [WARNING] Internal warning: Thread state based WFR - Requested element has invalid HWND
\0
W, 1528, 13, 2012/11/13, 09:37:13.497, 7617742063388, QTAgent32.exe, Playback - [WARNING] Internal warning: process performance counters based WFR - Requested element has invalid HWND
\0
E, 1528, 13, 2012/11/13, 09:37:13.497, 7617742066610, QTAgent32.exe, EnsureValid called via EnsureValid call for same element
E, 1528, 13, 2012/11/13, 09:37:13.497, 7617742070217, QTAgent32.exe, GetClassName for handle 11797672 failed
E, 1528, 13, 2012/11/13, 09:37:13.497, 7617742072654, QTAgent32.exe, EnsureValid called via EnsureValid call for same element
E, 1528, 13, 2012/11/13, 09:37:13.497, 7617742074246, QTAgent32.exe, EnsureValid called via EnsureValid call for same element
E, 1528, 13, 2012/11/13, 09:37:13.497, 7617742092070, QTAgent32.exe, Window 11797672 not responding. Last Win32 error 0
E, 1528, 13, 2012/11/13, 09:37:13.497, 7617742094316, QTAgent32.exe, GetClassName for handle 11797672 failed
E, 1528, 13, 2012/11/13, 09:37:13.497, 7617742095141, QTAgent32.exe, GetClassName for handle 11797672 failed
W, 1528, 13, 2012/11/13, 09:37:15.743, 7617774245602, QTAgent32.exe, PERF WARNING: FindTopLevelWindowHelper::FindAllDescendents: took 2245 ms. Expected it to take maximum 500 ms.
W, 1528, 13, 2012/11/13, 09:37:16.087, 7617779140524, QTAgent32.exe, &lt;a class=success&gt;Playback - {186} [SUCCESS] Uncheck - "[MSAA, VisibleOnly]ControlType='CheckBox' &amp;&amp; Name='Add Activity'"
\0&lt;/a&gt;
W, 1528, 13, 2012/11/13, 09:37:16.991, 7617792132264, QTAgent32.exe, &lt;a class=success&gt;Playback - {187} [SUCCESS] MouseButtonClick - "[MSAA, VisibleOnly]ControlType='Button' &amp;&amp; Name='Ok'"
\0&lt;/a&gt;
W, 1528, 13, 2012/11/13, 09:37:17.428, 7617798345972, QTAgent32.exe, &lt;a class=success&gt;Playback - {188} [SUCCESS] MouseButtonClick - "[MSAA, VisibleOnly]ControlType='Button' &amp;&amp; Name='Ok'"
\0&lt;/a&gt;
W, 1528, 13, 2012/11/13, 09:37:18.006, 7617806810895, QTAgent32.exe, Playback - [WARNING] Internal warning: Window Not Found: [VisibleOnly]ControlType='Window' &amp;&amp; Name='Please select WHO to follow up' &amp;&amp; ClassName='TfSelectItem'
\0
E, 1528, 13, 2012/11/13, 09:37:18.006, 7617806813772, QTAgent32.exe, &lt;a class=failure&gt;Playback - {189} [FAILED] Function ElementFetcher::FindScreenElement failed to locate UI element (Searching: ;[VisibleOnly]ControlType='Window' &amp;&amp; Name='Please select WHO to follow up' &amp;&amp; ClassName='TfSelectItem') (The object specified was not found.)
\0&lt;/a&gt;
E, 1528, 13, 2012/11/13, 09:37:18.130, 7617808563369, QTAgent32.exe, Playback - [IMAGE] C:\Users\peter.zenin-ad\AppData\Local\Temp\UITestLogs\LastRun\RPFDD37.png
\0
W, 1528, 13, 2012/11/13, 09:37:18.130, 7617808565543, QTAgent32.exe, Playback - [WARNING] Internal warning: Couldn't find descendants that match QueryId
\0
W, 1528, 13, 2012/11/13, 09:37:18.130, 7617808568529, QTAgent32.exe, PERF WARNING: FindTopLevelWindowHelper::FindAllDescendents: took 604 ms. Expected it to take maximum 500 ms.
W, 1528, 13, 2012/11/13, 09:37:36.165, 7618066821200, QTAgent32.exe, Playback - [WARNING] Internal warning: Window Not Found: [VisibleOnly]ControlType='Window' &amp;&amp; Name='Please select WHO to follow up' &amp;&amp; ClassName='TfSelectItem'
\0
E, 1528, 13, 2012/11/13, 09:37:36.165, 7618066823962, QTAgent32.exe, &lt;a class=failure&gt;Playback - {190} [FAILED] Function ElementFetcher::FindScreenElement failed to locate UI element (Searching: ;[VisibleOnly]ControlType='Window' &amp;&amp; Name='Please select WHO to follow up' &amp;&amp; ClassName='TfSelectItem') (The object specified was not found.)
\0&lt;/a&gt;
E, 1528, 13, 2012/11/13, 09:37:36.259, 7618068077810, QTAgent32.exe, Playback - [IMAGE] C:\Users\peter.zenin-ad\AppData\Local\Temp\UITestLogs\LastRun\RPF2427.png
\0
W, 1528, 13, 2012/11/13, 09:37:36.259, 7618068079903, QTAgent32.exe, Playback - [WARNING] Internal warning: Couldn't find descendants that match QueryId
\0
W, 1528, 13, 2012/11/13, 09:37:36.259, 7618068082901, QTAgent32.exe, PERF WARNING: FindTopLevelWindowHelper::FindAllDescendents: took 18124 ms. Expected it to take maximum 500 ms.
W, 1528, 13, 2012/11/13, 09:37:36.789, 7618075554232, QTAgent32.exe, Playback - [WARNING] Internal warning: Smart Match failed
\0
W, 1528, 13, 2012/11/13, 09:37:37.101, 7618080009920, QTAgent32.exe, Playback - [WARNING] Internal warning: Smart Match failed
\0
W, 1528, 13, 2012/11/13, 09:37:37.429, 7618084705194, QTAgent32.exe, Playback - [WARNING] Internal warning: Smart Match failed
\0
W, 1528, 13, 2012/11/13, 09:37:37.741, 7618089166651, QTAgent32.exe, Playback - [WARNING] Internal warning: Smart Match failed
\0
W, 1528, 13, 2012/11/13, 09:37:38.053, 7618093852094, QTAgent32.exe, Playback - [WARNING] Internal warning: Smart Match failed
\0
W, 1528, 13, 2012/11/13, 09:37:38.380, 7618098333162, QTAgent32.exe, Playback - [WARNING] Internal warning: Smart Match failed
\0
W, 1528, 13, 2012/11/13, 09:37:38.692, 7618102797093, QTAgent32.exe, Playback - [WARNING] Internal warning: Smart Match failed
\0
W, 1528, 13, 2012/11/13, 09:37:39.004, 7618107267912, QTAgent32.exe, Playback - [WARNING] Internal warning: Smart Match failed
\0
W, 1528, 13, 2012/11/13, 09:37:39.316, 7618111752808, QTAgent32.exe, Playback - [WARNING] Internal warning: Smart Match failed
\0
W, 1528, 13, 2012/11/13, 09:37:39.519, 7618114687559, QTAgent32.exe, Playback - [WARNING] Internal warning: Window Not Found: [VisibleOnly]ControlType='Window' &amp;&amp; Name='Please select WHO to follow up' &amp;&amp; ClassName='TfSelectItem'
\0
E, 1528, 13, 2012/11/13, 09:37:39.519, 7618114690163, QTAgent32.exe, &lt;a class=failure&gt;Playback - {191} [FAILED] Function ElementFetcher::FindScreenElement failed to locate UI element (Searching: ;[VisibleOnly]ControlType='Window' &amp;&amp; Name='Please select WHO to follow up' &amp;&amp; ClassName='TfSelectItem') (The object specified was not found.)
\0&lt;/a&gt;
E, 1528, 13, 2012/11/13, 09:37:39.597, 7618115933578, QTAgent32.exe, Playback - [IMAGE] C:\Users\peter.zenin-ad\AppData\Local\Temp\UITestLogs\LastRun\RPF3142.png
\0
W, 1528, 13, 2012/11/13, 09:37:39.597, 7618115935730, QTAgent32.exe, Playback - [WARNING] Internal warning: Couldn't find descendants that match QueryId
\0
W, 1528, 13, 2012/11/13, 09:37:39.597, 7618115938766, QTAgent32.exe, PERF WARNING: FindTopLevelWindowHelper::FindAllDescendents: took 3342 ms. Expected it to take maximum 500 ms.
E, 1528, 13, 2012/11/13, 09:37:39.597, 7618115940578, QTAgent32.exe, Exception: System.Runtime.InteropServices.COMException
	Message: Error HRESULT E_FAIL has been returned from a call to a COM component.
	Stack Trace:    at Microsoft.VisualStudio.TestTools.UITest.Playback.Engine.IRPFPlayback.FindAllScreenElements(IScreenElement pScreenElementStart, String bstrQueryId, Object&amp; pvarResKeys, Int32 cResKeys, Int32 nMaxDepth, Object[]&amp; foundDescendants)
   at Microsoft.VisualStudio.TestTools.UITest.Playback.ScreenElement.FindTopLevelWindowHelper(String queryId)
	BaseExceptionMessage: Error HRESULT E_FAIL has been returned from a call to a COM component.

E, 1528, 13, 2012/11/13, 09:37:39.597, 7618115949170, QTAgent32.exe, AL: Playback Error: Microsoft.VisualStudio.TestTools.UITest.Extension.UITestControlNotFoundException: The playback failed to find the control with the given search properties. Additional Details: 
TechnologyName:  'MSAA'
ControlType:  'Window'
Name:  'Please select WHO to follow up'
ClassName:  'TfSelectItem'
 ---&gt; System.Runtime.InteropServices.COMException: Error HRESULT E_FAIL has been returned from a call to a COM component.
   at Microsoft.VisualStudio.TestTools.UITest.Playback.Engine.IRPFPlayback.FindAllScreenElements(IScreenElement pScreenElementStart, String bstrQueryId, Object&amp; pvarResKeys, Int32 cResKeys, Int32 nMaxDepth, Object[]&amp; foundDescendants)
   at Microsoft.VisualStudio.TestTools.UITest.Playback.ScreenElement.FindTopLevelWindowHelper(String queryId)
   at Microsoft.VisualStudio.TestTools.UITest.Playback.ScreenElement.FindFromPartialQueryId(String queryId)
   at Microsoft.VisualStudio.TestTools.UITesting.UITestControl..ctor(String queryId)
   --- End of inner exception stack trace ---
   at Microsoft.VisualStudio.TestTools.UITesting.Playback.MapControlNotFoundException(COMException ex, IPlaybackContext context)
   at Microsoft.VisualStudio.TestTools.UITesting.Playback.MapAndThrowComException(COMException innerException, IPlaybackContext context)
   at Microsoft.VisualStudio.TestTools.UITesting.Playback.MapAndThrowException(SystemException exception, IPlaybackContext context)
   at Microsoft.VisualStudio.TestTools.UITesting.Playback.MapAndThrowException(SystemException exception, String queryId)
   at Microsoft.VisualStudio.TestTools.UITesting.UITestControl..ctor(String queryId)
   at Microsoft.VisualStudio.TestTools.UITesting.SearchHelper.SearchTopLevelWindow(ISearchArgument topLevelSearchArg, String topLevelElementQueryId)
   at Microsoft.VisualStudio.TestTools.UITesting.SearchHelper.GetTitleUpdatedTopLevelWindow(ISearchArgument topLevelSearchArg, String queryId, IList`1 windowTitles)
   at Microsoft.VisualStudio.TestTools.UITesting.SearchHelper.GetTopLevelElement(Boolean useCache, Boolean useCacheOnly, ISearchArgument searchArg, IList`1 windowTitles, Int32&amp; timeLeft)
   at Microsoft.VisualStudio.TestTools.UITesting.SearchHelper.GetElement(Boolean useCache, ISearchArgument searchArg)
   at Microsoft.VisualStudio.TestTools.UITesting.SearchHelper.Search(ISearchArgument searchArg)
   at Microsoft.VisualStudio.TestTools.UITesting.UITestControl.FindInternal()
   at Microsoft.VisualStudio.TestTools.UITesting.UITestControl.FindControlIfNecessary()
   at Microsoft.VisualStudio.TestTools.UITesting.UITestControl.SetProperty(String propertyName, Object value)
W, 1528, 13, 2012/11/13, 09:37:41.235, 7618139200385, QTAgent32.exe, Playback - [WARNING] Internal warning: Element "[MSAA, VisibleOnly]ControlType='Window' &amp;&amp; ControlId='32770'" was not found, so all intermediate elements were ignored. To improve performance replace this element Id with another Id or exclude it from QueryId. If this element is the target element, replace or remove intermediate elements
\0
W, 1528, 13, 2012/11/13, 09:37:41.766, 7618146952954, QTAgent32.exe, PERF WARNING: FindAllDescendents: took 2073 ms. Expected it to take maximum 500 ms.
W, 1528, 13, 2012/11/13, 09:37:42.749, 7618161027800, QTAgent32.exe, &lt;a class=success&gt;Playback - {192} [SUCCESS] MouseButtonClick - "[MSAA, VisibleOnly]ControlType='Button' &amp;&amp; Name='Cancel'"
\0&lt;/a&gt;
W, 1528, 13, 2012/11/13, 09:37:44.418, 7618184766612, QTAgent32.exe, Playback - [WARNING] Internal warning: Element "[MSAA, VisibleOnly]ControlType='Window' &amp;&amp; ControlId='32769'" was not found, so all intermediate elements were ignored. To improve performance replace this element Id with another Id or exclude it from QueryId. If this element is the target element, replace or remove intermediate elements
\0
W, 1528, 13, 2012/11/13, 09:37:44.948, 7618192455159, QTAgent32.exe, PERF WARNING: FindAllDescendents: took 2080 ms. Expected it to take maximum 500 ms.
W, 1528, 13, 2012/11/13, 09:37:45.276, 7618197057812, QTAgent32.exe, &lt;a class=success&gt;Playback - {193} [SUCCESS] MouseButtonClick - "[MSAA, VisibleOnly]ControlType='Button' &amp;&amp; Name='Cancel'"
\0&lt;/a&gt;
W, 1528, 13, 2012/11/13, 09:37:45.713, 7618203425494, QTAgent32.exe, Playback - [WARNING] Internal warning: Window Not Found: [VisibleOnly]ControlType='Window' &amp;&amp; Name='Customer: txt1 tdsfs' &amp;&amp; ClassName='ThunderRT6MDIForm'
\0
E, 1528, 13, 2012/11/13, 09:37:45.713, 7618203428270, QTAgent32.exe, &lt;a class=failure&gt;Playback - {194} [FAILED] Function ElementFetcher::FindScreenElement failed to locate UI element (Searching: ;[VisibleOnly]ControlType='Window' &amp;&amp; Name='Customer: txt1 tdsfs' &amp;&amp; ClassName='ThunderRT6MDIForm') (The object specified was not found.)
\0&lt;/a&gt;
E, 1528, 13, 2012/11/13, 09:37:45.806, 7618204669768, QTAgent32.exe, Playback - [IMAGE] C:\Users\peter.zenin-ad\AppData\Local\Temp\UITestLogs\LastRun\RPF4974.png
\0
W, 1528, 13, 2012/11/13, 09:37:45.806, 7618204672009, QTAgent32.exe, Playback - [WARNING] Internal warning: Couldn't find descendants that match QueryId
\0
W, 1528, 13, 2012/11/13, 09:37:45.838, 7618205137919, QTAgent32.exe, Playback - [WARNING] Internal warning: Window Not Found: [VisibleOnly]ControlType='Window' &amp;&amp; Name='Customer: txt1 tdsfs' &amp;&amp; ClassName='ThunderRT6MDIForm'
\0
E, 1528, 13, 2012/11/13, 09:37:45.838, 7618205140301, QTAgent32.exe, &lt;a class=failure&gt;Playback - {195} [FAILED] Function ElementFetcher::FindScreenElement failed to locate UI element (Searching: ;[VisibleOnly]ControlType='Window' &amp;&amp; Name='Customer: txt1 tdsfs' &amp;&amp; ClassName='ThunderRT6MDIForm') (The object specified was not found.)
\0&lt;/a&gt;
E, 1528, 13, 2012/11/13, 09:37:45.916, 7618206384367, QTAgent32.exe, Playback - [IMAGE] C:\Users\peter.zenin-ad\AppData\Local\Temp\UITestLogs\LastRun\RPF49F2.png
\0
W, 1528, 13, 2012/11/13, 09:37:45.916, 7618206386522, QTAgent32.exe, Playback - [WARNING] Internal warning: Couldn't find descendants that match QueryId
\0
W, 1528, 13, 2012/11/13, 09:37:46.228, 7618210865226, QTAgent32.exe, Playback - [WARNING] Internal warning: Window Not Found: [VisibleOnly]ControlType='Window' &amp;&amp; Name='Customer: txt1 tdsfs' &amp;&amp; ClassName='ThunderRT6MDIForm'
\0
E, 1528, 13, 2012/11/13, 09:37:46.228, 7618210868184, QTAgent32.exe, &lt;a class=failure&gt;Playback - {196} [FAILED] Function ElementFetcher::FindScreenElement failed to locate UI element (Searching: ;[VisibleOnly]ControlType='Window' &amp;&amp; Name='Customer: txt1 tdsfs' &amp;&amp; ClassName='ThunderRT6MDIForm') (The object specified was not found.)
\0&lt;/a&gt;
E, 1528, 13, 2012/11/13, 09:37:46.321, 7618212123839, QTAgent32.exe, Playback - [IMAGE] C:\Users\peter.zenin-ad\AppData\Local\Temp\UITestLogs\LastRun\RPF4B79.png
\0
W, 1528, 13, 2012/11/13, 09:37:46.321, 7618212126029, QTAgent32.exe, Playback - [WARNING] Internal warning: Couldn't find descendants that match QueryId
\0
E, 1528, 13, 2012/11/13, 09:37:46.321, 7618212129930, QTAgent32.exe, Exception: System.Runtime.InteropServices.COMException
	Message: Error HRESULT E_FAIL has been returned from a call to a COM component.
	Stack Trace:    at Microsoft.VisualStudio.TestTools.UITest.Playback.Engine.IRPFPlayback.FindAllScreenElements(IScreenElement pScreenElementStart, String bstrQueryId, Object&amp; pvarResKeys, Int32 cResKeys, Int32 nMaxDepth, Object[]&amp; foundDescendants)
   at Microsoft.VisualStudio.TestTools.UITest.Playback.ScreenElement.FindTopLevelWindowHelper(String queryId)
	BaseExceptionMessage: Error HRESULT E_FAIL has been returned from a call to a COM component.

E, 1528, 13, 2012/11/13, 09:37:46.321, 7618212134890, QTAgent32.exe, Window 6293708 not responding. Last Win32 error 0
E, 1528, 13, 2012/11/13, 09:37:46.321, 7618212138778, QTAgent32.exe, Window 6293708 not responding. Last Win32 error 1400
E, 1528, 13, 2012/11/13, 09:37:46.321, 7618212142201, QTAgent32.exe, GetClassName for handle 6293708 failed
E, 1528, 13, 2012/11/13, 09:37:46.321, 7618212151600, QTAgent32.exe, Window 6293708 not responding. Last Win32 error 1400
E, 1528, 13, 2012/11/13, 09:37:46.321, 7618212152775, QTAgent32.exe, GetClassName for handle 6293708 failed
E, 1528, 13, 2012/11/13, 09:37:46.321, 7618212153612, QTAgent32.exe, GetClassName for handle 6293708 failed
W, 1528, 13, 2012/11/13, 09:37:46.633, 7618216645296, QTAgent32.exe, Playback - [WARNING] Internal warning: Window Not Found: [VisibleOnly]ControlType='Window' &amp;&amp; Name='Customer: autotest autotest' &amp;&amp; ClassName='ThunderRT6MDIForm'
\0
E, 1528, 13, 2012/11/13, 09:37:46.633, 7618216647983, QTAgent32.exe, &lt;a class=failure&gt;Playback - {197} [FAILED] Function ElementFetcher::FindScreenElement failed to locate UI element (Searching: ;[VisibleOnly]ControlType='Window' &amp;&amp; Name='Customer: autotest autotest' &amp;&amp; ClassName='ThunderRT6MDIForm') (The object specified was not found.)
\0&lt;/a&gt;
E, 1528, 13, 2012/11/13, 09:37:46.727, 7618217908459, QTAgent32.exe, Playback - [IMAGE] C:\Users\peter.zenin-ad\AppData\Local\Temp\UITestLogs\LastRun\RPF4D0F.png
\0
W, 1528, 13, 2012/11/13, 09:37:46.727, 7618217910704, QTAgent32.exe, Playback - [WARNING] Internal warning: Couldn't find descendants that match QueryId
\0
W, 1528, 13, 2012/11/13, 09:37:46.758, 7618218381261, QTAgent32.exe, Playback - [WARNING] Internal warning: Window Not Found: [VisibleOnly]ControlType='Window' &amp;&amp; Name='Customer: autotest autotest' &amp;&amp; ClassName='ThunderRT6MDIForm'
\0
E, 1528, 13, 2012/11/13, 09:37:46.758, 7618218383414, QTAgent32.exe, &lt;a class=failure&gt;Playback - {198} [FAILED] Function ElementFetcher::FindScreenElement failed to locate UI element (Searching: ;[VisibleOnly]ControlType='Window' &amp;&amp; Name='Customer: autotest autotest' &amp;&amp; ClassName='ThunderRT6MDIForm') (The object specified was not found.)
\0&lt;/a&gt;
E, 1528, 13, 2012/11/13, 09:37:46.852, 7618219665909, QTAgent32.exe, Playback - [IMAGE] C:\Users\peter.zenin-ad\AppData\Local\Temp\UITestLogs\LastRun\RPF4D8D.png
\0
W, 1528, 13, 2012/11/13, 09:37:46.852, 7618219668186, QTAgent32.exe, Playback - [WARNING] Internal warning: Couldn't find descendants that match QueryId
\0
W, 1528, 13, 2012/11/13, 09:37:47.164, 7618224254564, QTAgent32.exe, Playback - [WARNING] Internal warning: Window Not Found: [VisibleOnly]ControlType='Window' &amp;&amp; Name='Customer: autotest autotest' &amp;&amp; ClassName='ThunderRT6MDIForm'
\0
E, 1528, 13, 2012/11/13, 09:37:47.164, 7618224257342, QTAgent32.exe, &lt;a class=failure&gt;Playback - {199} [FAILED] Function ElementFetcher::FindScreenElement failed to locate UI element (Searching: ;[VisibleOnly]ControlType='Window' &amp;&amp; Name='Customer: autotest autotest' &amp;&amp; ClassName='ThunderRT6MDIForm') (The object specified was not found.)
\0&lt;/a&gt;
E, 1528, 13, 2012/11/13, 09:37:47.257, 7618225515629, QTAgent32.exe, Playback - [IMAGE] C:\Users\peter.zenin-ad\AppData\Local\Temp\UITestLogs\LastRun\RPF4F24.png
\0
W, 1528, 13, 2012/11/13, 09:37:47.257, 7618225517848, QTAgent32.exe, Playback - [WARNING] Internal warning: Couldn't find descendants that match QueryId
\0
E, 1528, 13, 2012/11/13, 09:37:47.257, 7618225521840, QTAgent32.exe, Exception: System.Runtime.InteropServices.COMException
	Message: Error HRESULT E_FAIL has been returned from a call to a COM component.
	Stack Trace:    at Microsoft.VisualStudio.TestTools.UITest.Playback.Engine.IRPFPlayback.FindAllScreenElements(IScreenElement pScreenElementStart, String bstrQueryId, Object&amp; pvarResKeys, Int32 cResKeys, Int32 nMaxDepth, Object[]&amp; foundDescendants)
   at Microsoft.VisualStudio.TestTools.UITest.Playback.ScreenElement.FindTopLevelWindowHelper(String queryId)
	BaseExceptionMessage: Error HRESULT E_FAIL has been returned from a call to a COM component.

E, 1528, 13, 2012/11/13, 09:37:47.257, 7618225526487, QTAgent32.exe, Window 6293708 not responding. Last Win32 error 0
E, 1528, 13, 2012/11/13, 09:37:47.257, 7618225530511, QTAgent32.exe, Window 6293708 not responding. Last Win32 error 1400
E, 1528, 13, 2012/11/13, 09:37:47.257, 7618225535268, QTAgent32.exe, Window 6293708 not responding. Last Win32 error 1400
E, 1528, 13, 2012/11/13, 09:37:47.257, 7618225536518, QTAgent32.exe, GetClassName for handle 6293708 failed
E, 1528, 13, 2012/11/13, 09:37:47.257, 7618225537356, QTAgent32.exe, GetClassName for handle 6293708 failed
W, 1528, 13, 2012/11/13, 09:37:47.569, 7618230036663, QTAgent32.exe, Playback - [WARNING] Internal warning: Window Not Found: [VisibleOnly]ControlType='Window' &amp;&amp; Name='Customer: txt1 tdsfs' &amp;&amp; ClassName='ThunderRT6MDIForm'
\0
E, 1528, 13, 2012/11/13, 09:37:47.569, 7618230039357, QTAgent32.exe, &lt;a class=failure&gt;Playback - {200} [FAILED] Function ElementFetcher::FindScreenElement failed to locate UI element (Searching: ;[VisibleOnly]ControlType='Window' &amp;&amp; Name='Customer: txt1 tdsfs' &amp;&amp; ClassName='ThunderRT6MDIForm') (The object specified was not found.)
\0&lt;/a&gt;
E, 1528, 13, 2012/11/13, 09:37:47.663, 7618231279360, QTAgent32.exe, Playback - [IMAGE] C:\Users\peter.zenin-ad\AppData\Local\Temp\UITestLogs\LastRun\RPF50BA.png
\0
W, 1528, 13, 2012/11/13, 09:37:47.663, 7618231281565, QTAgent32.exe, Playback - [WARNING] Internal warning: Couldn't find descendants that match QueryId
\0
W, 1528, 13, 2012/11/13, 09:37:48.193, 7618238995207, QTAgent32.exe, Playback - [WARNING] Internal warning: Window Not Found: [VisibleOnly]ControlType='Window' &amp;&amp; Name='Customer: txt1 tdsfs' &amp;&amp; ClassName='ThunderRT6MDIForm'
\0
E, 1528, 13, 2012/11/13, 09:37:48.193, 7618238998044, QTAgent32.exe, &lt;a class=failure&gt;Playback - {201} [FAILED] Function ElementFetcher::FindScreenElement failed to locate UI element (Searching: ;[VisibleOnly]ControlType='Window' &amp;&amp; Name='Customer: txt1 tdsfs' &amp;&amp; ClassName='ThunderRT6MDIForm') (The object specified was not found.)
\0&lt;/a&gt;
E, 1528, 13, 2012/11/13, 09:37:48.287, 7618240247238, QTAgent32.exe, Playback - [IMAGE] C:\Users\peter.zenin-ad\AppData\Local\Temp\UITestLogs\LastRun\RPF532B.png
\0
W, 1528, 13, 2012/11/13, 09:37:48.287, 7618240249435, QTAgent32.exe, Playback - [WARNING] Internal warning: Couldn't find descendants that match QueryId
\0
W, 1528, 13, 2012/11/13, 09:37:48.287, 7618240252442, QTAgent32.exe, PERF WARNING: FindTopLevelWindowHelper::FindAllDescendents: took 626 ms. Expected it to take maximum 500 ms.
W, 1528, 13, 2012/11/13, 09:37:48.802, 7618247745890, QTAgent32.exe, Playback - [WARNING] Internal warning: Smart Match failed
\0
W, 1528, 13, 2012/11/13, 09:37:49.114, 7618252003893, QTAgent32.exe, Playback - [WARNING] Internal warning: Smart Match failed
\0
W, 1528, 13, 2012/11/13, 09:37:49.410, 7618256252173, QTAgent32.exe, Playback - [WARNING] Internal warning: Smart Match failed
\0
W, 1528, 13, 2012/11/13, 09:37:49.707, 7618260484000, QTAgent32.exe, Playback - [WARNING] Internal warning: Smart Match failed
\0
W, 1528, 13, 2012/11/13, 09:37:50.003, 7618264735771, QTAgent32.exe, Playback - [WARNING] Internal warning: Smart Match failed
\0
W, 1528, 13, 2012/11/13, 09:37:50.299, 7618268974366, QTAgent32.exe, Playback - [WARNING] Internal warning: Smart Match failed
\0
W, 1528, 13, 2012/11/13, 09:37:50.596, 7618273227160, QTAgent32.exe, Playback - [WARNING] Internal warning: Smart Match failed
\0
W, 1528, 13, 2012/11/13, 09:37:50.892, 7618277478023, QTAgent32.exe, Playback - [WARNING] Internal warning: Smart Match failed
\0
W, 1528, 13, 2012/11/13, 09:37:51.189, 7618281706035, QTAgent32.exe, Playback - [WARNING] Internal warning: Smart Match failed
\0
W, 1528, 13, 2012/11/13, 09:37:51.360, 7618284267972, QTAgent32.exe, Playback - [WARNING] Internal warning: Window Not Found: [VisibleOnly]ControlType='Window' &amp;&amp; Name='Customer: txt1 tdsfs' &amp;&amp; ClassName='ThunderRT6MDIForm'
\0
E, 1528, 13, 2012/11/13, 09:37:51.360, 7618284270444, QTAgent32.exe, &lt;a class=failure&gt;Playback - {202} [FAILED] Function ElementFetcher::FindScreenElement failed to locate UI element (Searching: ;[VisibleOnly]ControlType='Window' &amp;&amp; Name='Customer: txt1 tdsfs' &amp;&amp; ClassName='ThunderRT6MDIForm') (The object specified was not found.)
\0&lt;/a&gt;
E, 1528, 13, 2012/11/13, 09:37:51.454, 7618285511768, QTAgent32.exe, Playback - [IMAGE] C:\Users\peter.zenin-ad\AppData\Local\Temp\UITestLogs\LastRun\RPF5F8B.png
\0
W, 1528, 13, 2012/11/13, 09:37:51.454, 7618285513834, QTAgent32.exe, Playback - [WARNING] Internal warning: Couldn't find descendants that match QueryId
\0
W, 1528, 13, 2012/11/13, 09:37:51.454, 7618285516601, QTAgent32.exe, PERF WARNING: FindTopLevelWindowHelper::FindAllDescendents: took 3161 ms. Expected it to take maximum 500 ms.
E, 1528, 13, 2012/11/13, 09:37:51.454, 7618285518383, QTAgent32.exe, Exception: System.Runtime.InteropServices.COMException
	Message: Error HRESULT E_FAIL has been returned from a call to a COM component.
	Stack Trace:    at Microsoft.VisualStudio.TestTools.UITest.Playback.Engine.IRPFPlayback.FindAllScreenElements(IScreenElement pScreenElementStart, String bstrQueryId, Object&amp; pvarResKeys, Int32 cResKeys, Int32 nMaxDepth, Object[]&amp; foundDescendants)
   at Microsoft.VisualStudio.TestTools.UITest.Playback.ScreenElement.FindTopLevelWindowHelper(String queryId)
	BaseExceptionMessage: Error HRESULT E_FAIL has been returned from a call to a COM component.

E, 1528, 13, 2012/11/13, 09:37:51.454, 7618285522915, QTAgent32.exe, Window 6293708 not responding. Last Win32 error 0
E, 1528, 13, 2012/11/13, 09:37:51.454, 7618285526742, QTAgent32.exe, Window 6293708 not responding. Last Win32 error 1400
E, 1528, 13, 2012/11/13, 09:37:51.454, 7618285531361, QTAgent32.exe, Window 6293708 not responding. Last Win32 error 1400
E, 1528, 13, 2012/11/13, 09:37:51.454, 7618285532569, QTAgent32.exe, GetClassName for handle 6293708 failed
E, 1528, 13, 2012/11/13, 09:37:51.454, 7618285533395, QTAgent32.exe, GetClassName for handle 6293708 failed
W, 1528, 13, 2012/11/13, 09:37:51.766, 7618290156936, QTAgent32.exe, Playback - [WARNING] Internal warning: Window Not Found: [VisibleOnly]ControlType='Window' &amp;&amp; Name='Customer: autotest autotest' &amp;&amp; ClassName='ThunderRT6MDIForm'
\0
E, 1528, 13, 2012/11/13, 09:37:51.766, 7618290159603, QTAgent32.exe, &lt;a class=failure&gt;Playback - {203} [FAILED] Function ElementFetcher::FindScreenElement failed to locate UI element (Searching: ;[VisibleOnly]ControlType='Window' &amp;&amp; Name='Customer: autotest autotest' &amp;&amp; ClassName='ThunderRT6MDIForm') (The object specified was not found.)
\0&lt;/a&gt;
E, 1528, 13, 2012/11/13, 09:37:51.859, 7618291444641, QTAgent32.exe, Playback - [IMAGE] C:\Users\peter.zenin-ad\AppData\Local\Temp\UITestLogs\LastRun\RPF6122.png
\0
W, 1528, 13, 2012/11/13, 09:37:51.859, 7618291446877, QTAgent32.exe, Playback - [WARNING] Internal warning: Couldn't find descendants that match QueryId
\0
W, 1528, 13, 2012/11/13, 09:37:52.390, 7618299067808, QTAgent32.exe, Playback - [WARNING] Internal warning: Window Not Found: [VisibleOnly]ControlType='Window' &amp;&amp; Name='Customer: autotest autotest' &amp;&amp; ClassName='ThunderRT6MDIForm'
\0
E, 1528, 13, 2012/11/13, 09:37:52.390, 7618299070597, QTAgent32.exe, &lt;a class=failure&gt;Playback - {204} [FAILED] Function ElementFetcher::FindScreenElement failed to locate UI element (Searching: ;[VisibleOnly]ControlType='Window' &amp;&amp; Name='Customer: autotest autotest' &amp;&amp; ClassName='ThunderRT6MDIForm') (The object specified was not found.)
\0&lt;/a&gt;
E, 1528, 13, 2012/11/13, 09:37:52.484, 7618300434050, QTAgent32.exe, Playback - [IMAGE] C:\Users\peter.zenin-ad\AppData\Local\Temp\UITestLogs\LastRun\RPF6393.png
\0
W, 1528, 13, 2012/11/13, 09:37:52.484, 7618300436230, QTAgent32.exe, Playback - [WARNING] Internal warning: Couldn't find descendants that match QueryId
\0
W, 1528, 13, 2012/11/13, 09:37:52.484, 7618300439071, QTAgent32.exe, PERF WARNING: FindTopLevelWindowHelper::FindAllDescendents: took 627 ms. Expected it to take maximum 500 ms.
W, 1528, 13, 2012/11/13, 09:37:53.030, 7618308067003, QTAgent32.exe, Playback - [WARNING] Internal warning: Smart Match failed
\0
W, 1528, 13, 2012/11/13, 09:37:53.326, 7618312316511, QTAgent32.exe, Playback - [WARNING] Internal warning: Smart Match failed
\0
W, 1528, 13, 2012/11/13, 09:37:53.654, 7618317004321, QTAgent32.exe, Playback - [WARNING] Internal warning: Smart Match failed
\0
W, 1528, 13, 2012/11/13, 09:37:53.934, 7618321234394, QTAgent32.exe, Playback - [WARNING] Internal warning: Smart Match failed
\0
W, 1528, 13, 2012/11/13, 09:37:54.246, 7618325485108, QTAgent32.exe, Playback - [WARNING] Internal warning: Smart Match failed
\0
W, 1528, 13, 2012/11/13, 09:37:54.527, 7618329724436, QTAgent32.exe, Playback - [WARNING] Internal warning: Smart Match failed
\0
W, 1528, 13, 2012/11/13, 09:37:54.824, 7618333959561, QTAgent32.exe, Playback - [WARNING] Internal warning: Smart Match failed
\0
W, 1528, 13, 2012/11/13, 09:37:55.136, 7618338225289, QTAgent32.exe, Playback - [WARNING] Internal warning: Smart Match failed
\0
W, 1528, 13, 2012/11/13, 09:37:55.432, 7618342465582, QTAgent32.exe, Playback - [WARNING] Internal warning: Smart Match failed
\0
W, 1528, 13, 2012/11/13, 09:37:55.604, 7618345059281, QTAgent32.exe, Playback - [WARNING] Internal warning: Window Not Found: [VisibleOnly]ControlType='Window' &amp;&amp; Name='Customer: autotest autotest' &amp;&amp; ClassName='ThunderRT6MDIForm'
\0
E, 1528, 13, 2012/11/13, 09:37:55.604, 7618345061828, QTAgent32.exe, &lt;a class=failure&gt;Playback - {205} [FAILED] Function ElementFetcher::FindScreenElement failed to locate UI element (Searching: ;[VisibleOnly]ControlType='Window' &amp;&amp; Name='Customer: autotest autotest' &amp;&amp; ClassName='ThunderRT6MDIForm') (The object specified was not found.)
\0&lt;/a&gt;
E, 1528, 13, 2012/11/13, 09:37:55.713, 7618346584126, QTAgent32.exe, Playback - [IMAGE] C:\Users\peter.zenin-ad\AppData\Local\Temp\UITestLogs\LastRun\RPF7021.png
\0
W, 1528, 13, 2012/11/13, 09:37:55.713, 7618346586361, QTAgent32.exe, Playback - [WARNING] Internal warning: Couldn't find descendants that match QueryId
\0
W, 1528, 13, 2012/11/13, 09:37:55.713, 7618346589349, QTAgent32.exe, PERF WARNING: FindTopLevelWindowHelper::FindAllDescendents: took 3223 ms. Expected it to take maximum 500 ms.
E, 1528, 13, 2012/11/13, 09:37:55.713, 7618346591124, QTAgent32.exe, Exception: System.Runtime.InteropServices.COMException
	Message: Error HRESULT E_FAIL has been returned from a call to a COM component.
	Stack Trace:    at Microsoft.VisualStudio.TestTools.UITest.Playback.Engine.IRPFPlayback.FindAllScreenElements(IScreenElement pScreenElementStart, String bstrQueryId, Object&amp; pvarResKeys, Int32 cResKeys, Int32 nMaxDepth, Object[]&amp; foundDescendants)
   at Microsoft.VisualStudio.TestTools.UITest.Playback.ScreenElement.FindTopLevelWindowHelper(String queryId)
	BaseExceptionMessage: Error HRESULT E_FAIL has been returned from a call to a COM component.

E, 1528, 13, 2012/11/13, 09:37:55.713, 7618346595704, QTAgent32.exe, Window 6293708 not responding. Last Win32 error 0
E, 1528, 13, 2012/11/13, 09:37:55.713, 7618346599539, QTAgent32.exe, Window 6293708 not responding. Last Win32 error 1400
E, 1528, 13, 2012/11/13, 09:37:55.713, 7618346604525, QTAgent32.exe, Window 6293708 not responding. Last Win32 error 1400
E, 1528, 13, 2012/11/13, 09:37:55.713, 7618346605777, QTAgent32.exe, GetClassName for handle 6293708 failed
E, 1528, 13, 2012/11/13, 09:37:55.713, 7618346606586, QTAgent32.exe, GetClassName for handle 6293708 failed
W, 1528, 13, 2012/11/13, 09:37:56.025, 7618351134788, QTAgent32.exe, Playback - [WARNING] Internal warning: Window Not Found: [VisibleOnly]ControlType='Window' &amp;&amp; Name='Customer: txt1 tdsfs' &amp;&amp; ClassName='ThunderRT6MDIForm'
\0
E, 1528, 13, 2012/11/13, 09:37:56.025, 7618351137652, QTAgent32.exe, &lt;a class=failure&gt;Playback - {206} [FAILED] Function ElementFetcher::FindScreenElement failed to locate UI element (Searching: ;[VisibleOnly]ControlType='Window' &amp;&amp; Name='Customer: txt1 tdsfs' &amp;&amp; ClassName='ThunderRT6MDIForm') (The object specified was not found.)
\0&lt;/a&gt;
E, 1528, 13, 2012/11/13, 09:37:56.134, 7618352514263, QTAgent32.exe, Playback - [IMAGE] C:\Users\peter.zenin-ad\AppData\Local\Temp\UITestLogs\LastRun\RPF71C8.png
\0
W, 1528, 13, 2012/11/13, 09:37:56.134, 7618352516485, QTAgent32.exe, Playback - [WARNING] Internal warning: Couldn't find descendants that match QueryId
\0
W, 1528, 13, 2012/11/13, 09:37:56.665, 7618360294002, QTAgent32.exe, Playback - [WARNING] Internal warning: Window Not Found: [VisibleOnly]ControlType='Window' &amp;&amp; Name='Customer: txt1 tdsfs' &amp;&amp; ClassName='ThunderRT6MDIForm'
\0
E, 1528, 13, 2012/11/13, 09:37:56.665, 7618360296834, QTAgent32.exe, &lt;a class=failure&gt;Playback - {207} [FAILED] Function ElementFetcher::FindScreenElement failed to locate UI element (Searching: ;[VisibleOnly]ControlType='Window' &amp;&amp; Name='Customer: txt1 tdsfs' &amp;&amp; ClassName='ThunderRT6MDIForm') (The object specified was not found.)
\0&lt;/a&gt;
E, 1528, 13, 2012/11/13, 09:37:56.774, 7618361768026, QTAgent32.exe, Playback - [IMAGE] C:\Users\peter.zenin-ad\AppData\Local\Temp\UITestLogs\LastRun\RPF7448.png
\0
W, 1528, 13, 2012/11/13, 09:37:56.774, 7618361770219, QTAgent32.exe, Playback - [WARNING] Internal warning: Couldn't find descendants that match QueryId
\0
W, 1528, 13, 2012/11/13, 09:37:56.774, 7618361773223, QTAgent32.exe, PERF WARNING: FindTopLevelWindowHelper::FindAllDescendents: took 646 ms. Expected it to take maximum 500 ms.
W, 1528, 13, 2012/11/13, 09:37:57.304, 7618369273740, QTAgent32.exe, Playback - [WARNING] Internal warning: Smart Match failed
\0
W, 1528, 13, 2012/11/13, 09:37:57.601, 7618373516028, QTAgent32.exe, Playback - [WARNING] Internal warning: Smart Match failed
\0
W, 1528, 13, 2012/11/13, 09:37:57.897, 7618377777692, QTAgent32.exe, Playback - [WARNING] Internal warning: Smart Match failed
\0
W, 1528, 13, 2012/11/13, 09:37:58.193, 7618382207511, QTAgent32.exe, Playback - [WARNING] Internal warning: Smart Match failed
\0
W, 1528, 13, 2012/11/13, 09:37:58.490, 7618386454521, QTAgent32.exe, Playback - [WARNING] Internal warning: Smart Match failed
\0
W, 1528, 13, 2012/11/13, 09:37:58.786, 7618390701605, QTAgent32.exe, Playback - [WARNING] Internal warning: Smart Match failed
\0
W, 1528, 13, 2012/11/13, 09:37:59.098, 7618394947898, QTAgent32.exe, Playback - [WARNING] Internal warning: Smart Match failed
\0
W, 1528, 13, 2012/11/13, 09:37:59.395, 7618399200234, QTAgent32.exe, Playback - [WARNING] Internal warning: Smart Match failed
\0
W, 1528, 13, 2012/11/13, 09:37:59.676, 7618403427719, QTAgent32.exe, Playback - [WARNING] Internal warning: Smart Match failed
\0
W, 1528, 13, 2012/11/13, 09:37:59.863, 7618405962774, QTAgent32.exe, Playback - [WARNING] Internal warning: Window Not Found: [VisibleOnly]ControlType='Window' &amp;&amp; Name='Customer: txt1 tdsfs' &amp;&amp; ClassName='ThunderRT6MDIForm'
\0
E, 1528, 13, 2012/11/13, 09:37:59.863, 7618405965208, QTAgent32.exe, &lt;a class=failure&gt;Playback - {208} [FAILED] Function ElementFetcher::FindScreenElement failed to locate UI element (Searching: ;[VisibleOnly]ControlType='Window' &amp;&amp; Name='Customer: txt1 tdsfs' &amp;&amp; ClassName='ThunderRT6MDIForm') (The object specified was not found.)
\0&lt;/a&gt;
E, 1528, 13, 2012/11/13, 09:37:59.956, 7618407421656, QTAgent32.exe, Playback - [IMAGE] C:\Users\peter.zenin-ad\AppData\Local\Temp\UITestLogs\LastRun\RPF80C7.png
\0
W, 1528, 13, 2012/11/13, 09:37:59.956, 7618407423877, QTAgent32.exe, Playback - [WARNING] Internal warning: Couldn't find descendants that match QueryId
\0
W, 1528, 13, 2012/11/13, 09:37:59.956, 7618407426987, QTAgent32.exe, PERF WARNING: FindTopLevelWindowHelper::FindAllDescendents: took 3188 ms. Expected it to take maximum 500 ms.
E, 1528, 13, 2012/11/13, 09:37:59.956, 7618407428822, QTAgent32.exe, Exception: System.Runtime.InteropServices.COMException
	Message: Error HRESULT E_FAIL has been returned from a call to a COM component.
	Stack Trace:    at Microsoft.VisualStudio.TestTools.UITest.Playback.Engine.IRPFPlayback.FindAllScreenElements(IScreenElement pScreenElementStart, String bstrQueryId, Object&amp; pvarResKeys, Int32 cResKeys, Int32 nMaxDepth, Object[]&amp; foundDescendants)
   at Microsoft.VisualStudio.TestTools.UITest.Playback.ScreenElement.FindTopLevelWindowHelper(String queryId)
	BaseExceptionMessage: Error HRESULT E_FAIL has been returned from a call to a COM component.

E, 1528, 13, 2012/11/13, 09:37:59.956, 7618407433473, QTAgent32.exe, Window 6293708 not responding. Last Win32 error 0
E, 1528, 13, 2012/11/13, 09:37:59.956, 7618407437329, QTAgent32.exe, Window 6293708 not responding. Last Win32 error 1400
E, 1528, 13, 2012/11/13, 09:37:59.956, 7618407442406, QTAgent32.exe, Window 6293708 not responding. Last Win32 error 1400
E, 1528, 13, 2012/11/13, 09:37:59.956, 7618407443720, QTAgent32.exe, GetClassName for handle 6293708 failed
E, 1528, 13, 2012/11/13, 09:37:59.956, 7618407444556, QTAgent32.exe, GetClassName for handle 6293708 failed
W, 1528, 13, 2012/11/13, 09:38:00.284, 7618412089395, QTAgent32.exe, Playback - [WARNING] Internal warning: Window Not Found: [VisibleOnly]ControlType='Window' &amp;&amp; Name='Customer: autotest autotest' &amp;&amp; ClassName='ThunderRT6MDIForm'
\0
E, 1528, 13, 2012/11/13, 09:38:00.284, 7618412092174, QTAgent32.exe, &lt;a class=failure&gt;Playback - {209} [FAILED] Function ElementFetcher::FindScreenElement failed to locate UI element (Searching: ;[VisibleOnly]ControlType='Window' &amp;&amp; Name='Customer: autotest autotest' &amp;&amp; ClassName='ThunderRT6MDIForm') (The object specified was not found.)
\0&lt;/a&gt;
E, 1528, 13, 2012/11/13, 09:38:00.378, 7618413414900, QTAgent32.exe, Playback - [IMAGE] C:\Users\peter.zenin-ad\AppData\Local\Temp\UITestLogs\LastRun\RPF826D.png
\0
W, 1528, 13, 2012/11/13, 09:38:00.378, 7618413416924, QTAgent32.exe, Playback - [WARNING] Internal warning: Couldn't find descendants that match QueryId
\0
W, 1528, 13, 2012/11/13, 09:38:00.908, 7618421058382, QTAgent32.exe, Playback - [WARNING] Internal warning: Window Not Found: [VisibleOnly]ControlType='Window' &amp;&amp; Name='Customer: autotest autotest' &amp;&amp; ClassName='ThunderRT6MDIForm'
\0
E, 1528, 13, 2012/11/13, 09:38:00.908, 7618421061267, QTAgent32.exe, &lt;a class=failure&gt;Playback - {210} [FAILED] Function ElementFetcher::FindScreenElement failed to locate UI element (Searching: ;[VisibleOnly]ControlType='Window' &amp;&amp; Name='Customer: autotest autotest' &amp;&amp; ClassName='ThunderRT6MDIForm') (The object specified was not found.)
\0&lt;/a&gt;
E, 1528, 13, 2012/11/13, 09:38:01.002, 7618422306703, QTAgent32.exe, Playback - [IMAGE] C:\Users\peter.zenin-ad\AppData\Local\Temp\UITestLogs\LastRun\RPF84DE.png
\0
W, 1528, 13, 2012/11/13, 09:38:01.002, 7618422308927, QTAgent32.exe, Playback - [WARNING] Internal warning: Couldn't find descendants that match QueryId
\0
W, 1528, 13, 2012/11/13, 09:38:01.002, 7618422311910, QTAgent32.exe, PERF WARNING: FindTopLevelWindowHelper::FindAllDescendents: took 620 ms. Expected it to take maximum 500 ms.
W, 1528, 13, 2012/11/13, 09:38:01.548, 7618430021228, QTAgent32.exe, Playback - [WARNING] Internal warning: Smart Match failed
\0
W, 1528, 13, 2012/11/13, 09:38:01.844, 7618434265334, QTAgent32.exe, Playback - [WARNING] Internal warning: Smart Match failed
\0
W, 1528, 13, 2012/11/13, 09:38:02.140, 7618438516756, QTAgent32.exe, Playback - [WARNING] Internal warning: Smart Match failed
\0
W, 1528, 13, 2012/11/13, 09:38:02.437, 7618442766415, QTAgent32.exe, Playback - [WARNING] Internal warning: Smart Match failed
\0
W, 1528, 13, 2012/11/13, 09:38:02.733, 7618446992735, QTAgent32.exe, Playback - [WARNING] Internal warning: Smart Match failed
\0
W, 1528, 13, 2012/11/13, 09:38:03.014, 7618451229890, QTAgent32.exe, Playback - [WARNING] Internal warning: Smart Match failed
\0
W, 1528, 13, 2012/11/13, 09:38:03.311, 7618455475388, QTAgent32.exe, Playback - [WARNING] Internal warning: Smart Match failed
\0
W, 1528, 13, 2012/11/13, 09:38:03.623, 7618459725046, QTAgent32.exe, Playback - [WARNING] Internal warning: Smart Match failed
\0
W, 1528, 13, 2012/11/13, 09:38:03.903, 7618463962805, QTAgent32.exe, Playback - [WARNING] Internal warning: Smart Match failed
\0
W, 1528, 13, 2012/11/13, 09:38:04.091, 7618466471949, QTAgent32.exe, Playback - [WARNING] Internal warning: Window Not Found: [VisibleOnly]ControlType='Window' &amp;&amp; Name='Customer: autotest autotest' &amp;&amp; ClassName='ThunderRT6MDIForm'
\0
E, 1528, 13, 2012/11/13, 09:38:04.091, 7618466474463, QTAgent32.exe, &lt;a class=failure&gt;Playback - {211} [FAILED] Function ElementFetcher::FindScreenElement failed to locate UI element (Searching: ;[VisibleOnly]ControlType='Window' &amp;&amp; Name='Customer: autotest autotest' &amp;&amp; ClassName='ThunderRT6MDIForm') (The object specified was not found.)
\0&lt;/a&gt;
E, 1528, 13, 2012/11/13, 09:38:04.169, 7618467698974, QTAgent32.exe, Playback - [IMAGE] C:\Users\peter.zenin-ad\AppData\Local\Temp\UITestLogs\LastRun\RPF914E.png
\0
W, 1528, 13, 2012/11/13, 09:38:04.169, 7618467701202, QTAgent32.exe, Playback - [WARNING] Internal warning: Couldn't find descendants that match QueryId
\0
W, 1528, 13, 2012/11/13, 09:38:04.169, 7618467704226, QTAgent32.exe, PERF WARNING: FindTopLevelWindowHelper::FindAllDescendents: took 3170 ms. Expected it to take maximum 500 ms.
E, 1528, 13, 2012/11/13, 09:38:04.169, 7618467706006, QTAgent32.exe, Exception: System.Runtime.InteropServices.COMException
	Message: Error HRESULT E_FAIL has been returned from a call to a COM component.
	Stack Trace:    at Microsoft.VisualStudio.TestTools.UITest.Playback.Engine.IRPFPlayback.FindAllScreenElements(IScreenElement pScreenElementStart, String bstrQueryId, Object&amp; pvarResKeys, Int32 cResKeys, Int32 nMaxDepth, Object[]&amp; foundDescendants)
   at Microsoft.VisualStudio.TestTools.UITest.Playback.ScreenElement.FindTopLevelWindowHelper(String queryId)
	BaseExceptionMessage: Error HRESULT E_FAIL has been returned from a call to a COM component.

E, 1528, 13, 2012/11/13, 09:38:04.169, 7618467710582, QTAgent32.exe, Window 6293708 not responding. Last Win32 error 0
E, 1528, 13, 2012/11/13, 09:38:04.169, 7618467714346, QTAgent32.exe, Window 6293708 not responding. Last Win32 error 1400
E, 1528, 13, 2012/11/13, 09:38:04.169, 7618467719006, QTAgent32.exe, Window 6293708 not responding. Last Win32 error 1400
E, 1528, 13, 2012/11/13, 09:38:04.169, 7618467720196, QTAgent32.exe, GetClassName for handle 6293708 failed
E, 1528, 13, 2012/11/13, 09:38:04.169, 7618467721004, QTAgent32.exe, GetClassName for handle 6293708 failed
E, 1528, 13, 2012/11/13, 09:38:04.278, 7618469113024, QTAgent32.exe, AL: Playback Error: Microsoft.VisualStudio.TestTools.UITest.Extension.UITestControlNotFoundException: Unable to find the top level element of the control ---&gt; Microsoft.VisualStudio.TestTools.UITest.Extension.UITestControlNotFoundException: The playback failed to find the control with the given search properties. Additional Details: 
TechnologyName:  'MSAA'
ControlType:  'Window'
 ---&gt; System.Runtime.InteropServices.COMException: Error HRESULT E_FAIL has been returned from a call to a COM component.
   at Microsoft.VisualStudio.TestTools.UITest.Playback.Engine.IRPFPlayback.FindAllScreenElements(IScreenElement pScreenElementStart, String bstrQueryId, Object&amp; pvarResKeys, Int32 cResKeys, Int32 nMaxDepth, Object[]&amp; foundDescendants)
   at Microsoft.VisualStudio.TestTools.UITest.Playback.ScreenElement.FindTopLevelWindowHelper(String queryId)
   at Microsoft.VisualStudio.TestTools.UITest.Playback.ScreenElement.FindFromPartialQueryId(String queryId)
   at Microsoft.VisualStudio.TestTools.UITesting.UITestControl..ctor(String queryId)
   --- End of inner exception stack trace ---
   at Microsoft.VisualStudio.TestTools.UITesting.Playback.MapControlNotFoundException(COMException ex, IPlaybackContext context)
   at Microsoft.VisualStudio.TestTools.UITesting.Playback.MapAndThrowComException(COMException innerException, IPlaybackContext context)
   at Microsoft.VisualStudio.TestTools.UITesting.Playback.MapAndThrowException(SystemException exception, IPlaybackContext context)
   at Microsoft.VisualStudio.TestTools.UITesting.Playback.MapAndThrowException(SystemException exception, String queryId)
   at Microsoft.VisualStudio.TestTools.UITesting.UITestControl..ctor(String queryId)
   at Microsoft.VisualStudio.TestTools.UITesting.SearchHelper.SearchTopLevelWindow(ISearchArgument topLevelSearchArg, String topLevelElementQueryId)
   at Microsoft.VisualStudio.TestTools.UITesting.SearchHelper.SearchUsingMultipleTitles(ISearchArgument topLevelSearchArg, QueryId topLevelQueryId, IList`1 windowTitles)
   --- End of inner exception stack trace ---
   at Microsoft.VisualStudio.TestTools.UITesting.SearchHelper.SearchUsingMultipleTitles(ISearchArgument topLevelSearchArg, QueryId topLevelQueryId, IList`1 windowTitles)
   at Microsoft.VisualStudio.TestTools.UITesting.SearchHelper.GetTitleUpdatedTopLevelWindow(ISearchArgument topLevelSearchArg, String queryId, IList`1 windowTitles)
   at Microsoft.VisualStudio.TestTools.UITesting.SearchHelper.GetTopLevelElement(Boolean useCache, Boolean useCacheOnly, ISearchArgument searchArg, IList`1 windowTitles, Int32&amp; timeLeft)
   at Microsoft.VisualStudio.TestTools.UITesting.SearchHelper.GetElement(Boolean useCache, ISearchArgument searchArg)
   at Microsoft.VisualStudio.TestTools.UITesting.SearchHelper.Search(ISearchArgument searchArg)
   at Microsoft.VisualStudio.TestTools.UITesting.UITestControl.FindInternal()
   at Microsoft.VisualStudio.TestTools.UITesting.UITestControl.FindControlIfNecessary()
   at Microsoft.VisualStudio.TestTools.UITesting.UITestControl.Click(MouseButtons button, ModifierKeys modifierKeys, Point relativeCoordinates)
   at Microsoft.VisualStudio.TestTools.UITesting.Mouse.ClickImplementation(UITestControl control, MouseButtons button, ModifierKeys modifierKeys, Point relativeCoordinate)
   at Microsoft.VisualStudio.TestTools.UITesting.Mouse.ClickImplementationWrapper(UITestControl control, MouseButtons button, ModifierKeys modifierKeys, Point relativeCoordinate)
W, 1528, 13, 2012/11/13, 09:38:04.278, 7618469115094, QTAgent32.exe, PlaybackErrorHandler: Ignoring exception as ContinueOnError is set.
W, 1528, 13, 2012/11/13, 09:38:04.621, 7618474077694, QTAgent32.exe, &lt;a class=success&gt;Playback - {212} [SUCCESS] MouseButtonClick - "[MSAA, VisibleOnly]ControlType='Button' &amp;&amp; Name='Close'"
\0&lt;/a&gt;
W, 1528, 13, 2012/11/13, 09:38:09.114, 7618538362516, QTAgent32.exe, IEDOM : StopSession of the plugin called before StartSession
W, 1528, 13, 2012/11/13, 09:38:09.114, 7618538363772, QTAgent32.exe, UIA : StopSession of the plugin called before StartSession
W, 1528, 13, 2012/11/13, 09:38:09.114, 7618538369894, QTAgent32.exe, SLPlugin : StopSession of the plugin called before StartSession
</DebugTrace>
        <ErrorInfo>
          <Message>Test method TestProject7.TamAutotest.MotoTest13 threw exception: 
Microsoft.VisualStudio.TestTools.UITest.Extension.UITestControlNotFoundException: The playback failed to find the control with the given search properties. Additional Details: 
TechnologyName:  'MSAA'
ControlType:  'Window'
Name:  'Please select WHO to follow up'
ClassName:  'TfSelectItem'
 ---&gt; System.Runtime.InteropServices.COMException: Error HRESULT E_FAIL has been returned from a call to a COM component.</Message>
          <StackTrace>    at Microsoft.VisualStudio.TestTools.UITest.Playback.Engine.IRPFPlayback.FindAllScreenElements(IScreenElement pScreenElementStart, String bstrQueryId, Object&amp; pvarResKeys, Int32 cResKeys, Int32 nMaxDepth, Object[]&amp; foundDescendants)
   at Microsoft.VisualStudio.TestTools.UITest.Playback.ScreenElement.FindTopLevelWindowHelper(String queryId)
   at Microsoft.VisualStudio.TestTools.UITest.Playback.ScreenElement.FindFromPartialQueryId(String queryId)
   at Microsoft.VisualStudio.TestTools.UITesting.UITestControl..ctor(String queryId)
 --- End of inner exception stack trace ---
    at Microsoft.VisualStudio.TestTools.UITesting.Playback.MapControlNotFoundException(COMException ex, IPlaybackContext context)
   at Microsoft.VisualStudio.TestTools.UITesting.Playback.MapAndThrowComException(COMException innerException, IPlaybackContext context)
   at Microsoft.VisualStudio.TestTools.UITesting.Playback.MapAndThrowException(SystemException exception, IPlaybackContext context)
   at Microsoft.VisualStudio.TestTools.UITesting.Playback.MapAndThrowException(SystemException exception, String queryId)
   at Microsoft.VisualStudio.TestTools.UITesting.UITestControl..ctor(String queryId)
   at Microsoft.VisualStudio.TestTools.UITesting.SearchHelper.SearchTopLevelWindow(ISearchArgument topLevelSearchArg, String topLevelElementQueryId)
   at Microsoft.VisualStudio.TestTools.UITesting.SearchHelper.GetTitleUpdatedTopLevelWindow(ISearchArgument topLevelSearchArg, String queryId, IList`1 windowTitles)
   at Microsoft.VisualStudio.TestTools.UITesting.SearchHelper.GetTopLevelElement(Boolean useCache, Boolean useCacheOnly, ISearchArgument searchArg, IList`1 windowTitles, Int32&amp; timeLeft)
   at Microsoft.VisualStudio.TestTools.UITesting.SearchHelper.GetElement(Boolean useCache, ISearchArgument searchArg)
   at Microsoft.VisualStudio.TestTools.UITesting.SearchHelper.Search(ISearchArgument searchArg)
   at Microsoft.VisualStudio.TestTools.UITesting.UITestControl.FindInternal()
   at Microsoft.VisualStudio.TestTools.UITesting.UITestControl.FindControlIfNecessary()
   at Microsoft.VisualStudio.TestTools.UITesting.UITestControl.SetProperty(String propertyName, Object value)
   at Microsoft.VisualStudio.TestTools.UITesting.WinControls.WinList.set_SelectedItemsAsString(String value)
   at TestProject7.UIMap.RenewalModuleRenew() in C:\TestProject7\TestProject7\UIMap.Designer.cs:line 5117
   at TestProject7.TamAutotest.MotoTest13() in C:\TestProject7\TestProject7\CodedUITest1.cs:line 618
</StackTrace>
        </ErrorInfo>
      </Output>
      <ResultFiles>
        <ResultFile path="ICLVDEVAP01\MotoTest13.png" />
      </ResultFiles>
      <ExtensionResult>Exception has been thrown by the target of an invocation.</ExtensionResult>
    </UnitTestResult>
  </Results>
</TestRun>