<?xml version="1.0" encoding="UTF-8"?>
<TestRun id="569359e3-c369-4371-a212-395ec0f03704" name="peter.zenin-ad@ICLVDEVAP01 2012-11-13 08:56:56" runUser="INSUR-E\peter.zenin-ad" xmlns="http://microsoft.com/schemas/VisualStudio/TeamTest/2010">
  <TestSettings name="Default Test Settings" id="2b09b79b-0875-4e91-b78e-b298b86b8089">
    <Execution>
      <TestTypeSpecific />
      <AgentRule name="Execution Agents">
      </AgentRule>
    </Execution>
    <Deployment runDeploymentRoot="peter.zenin-ad_ICLVDEVAP01 2012-11-13 08_56_56" />
  </TestSettings>
  <Times creation="2012-11-13T08:56:56.0773166+00:00" queuing="2012-11-13T08:56:56.3425319+00:00" start="2012-11-13T08:56:56.4049355+00:00" finish="2012-11-13T09:06:58.5996755+00:00" />
  <ResultSummary outcome="Failed">
    <Counters total="1" executed="1" error="0" failed="1" timeout="0" aborted="0" inconclusive="0" passedButRunAborted="0" notRunnable="0" notExecuted="0" disconnected="0" warning="0" passed="0" completed="0" inProgress="0" pending="0" />
  </ResultSummary>
  <TestDefinitions>
    <UnitTest name="MotoTest13" storage="testproject7.dll" id="1662bbff-6668-68e6-e702-5ec6450deb96">
      <Execution id="d9be9867-8119-481d-8a9a-1ee8cb79efec" />
      <TestMethod codeBase="C:/TestProject7/TestProject7/bin/Debug/TestProject7.dll" adapterTypeName="Microsoft.VisualStudio.TestTools.TestTypes.Unit.UnitTestAdapter, Microsoft.VisualStudio.QualityTools.Tips.UnitTest.Adapter, Version=10.0.0.0, Culture=neutral, PublicKeyToken=b03f5f7f11d50a3a" className="TestProject7.TamAutotest, TestProject7, Version=1.0.0.0, Culture=neutral, PublicKeyToken=null" name="MotoTest13" />
      <Extension>Microsoft.VisualStudio.TestTools.UITesting.CodedUITestAttribute, Microsoft.VisualStudio.QualityTools.CodedUITestFramework, Version=10.0.0.0, Culture=neutral, PublicKeyToken=b03f5f7f11d50a3a</Extension>
    </UnitTest>
  </TestDefinitions>
  <TestLists>
    <TestList name="Results Not in a List" id="8c84fa94-04c1-424b-9868-57a2d4851a1d" />
    <TestList name="All Loaded Results" id="19431567-8539-422a-85d7-44ee4e166bda" />
  </TestLists>
  <TestEntries>
    <TestEntry testId="1662bbff-6668-68e6-e702-5ec6450deb96" executionId="d9be9867-8119-481d-8a9a-1ee8cb79efec" testListId="8c84fa94-04c1-424b-9868-57a2d4851a1d" />
  </TestEntries>
  <Results>
    <UnitTestResult executionId="d9be9867-8119-481d-8a9a-1ee8cb79efec" testId="1662bbff-6668-68e6-e702-5ec6450deb96" testName="MotoTest13" computerName="ICLVDEVAP01" duration="00:10:01.7792727" startTime="2012-11-13T08:56:56.4049355+00:00" endTime="2012-11-13T09:06:58.5528728+00:00" testType="13cdc9d9-ddb5-4fa4-a97d-d965ccfc6d4b" outcome="Failed" testListId="8c84fa94-04c1-424b-9868-57a2d4851a1d" relativeResultsDirectory="d9be9867-8119-481d-8a9a-1ee8cb79efec">
      <Output>
        <DebugTrace>W, 2116, 13, 2012/11/13, 08:56:57.013, 7583144460560, QTAgent32.exe, ExtensionFramework : A Technology Manager with name Web is already registered.
W, 2116, 13, 2012/11/13, 08:56:58.074, 7583159525458, QTAgent32.exe, &lt;a class=success&gt;Playback - {1} [SUCCESS] MouseButtonClick - "[MSAA, VisibleOnly]ControlType='Edit'"
\0&lt;/a&gt;
W, 2116, 13, 2012/11/13, 08:56:58.323, 7583163096822, QTAgent32.exe, &lt;a class=success&gt;Playback - {2} [SUCCESS] SendKeys "[*]" - "[MSAA, VisibleOnly]ControlType='Edit'"
\0&lt;/a&gt;
W, 2116, 13, 2012/11/13, 08:56:59.213, 7583175955036, QTAgent32.exe, &lt;a class=success&gt;Playback - {3} [SUCCESS] MouseButtonClick - "[MSAA, VisibleOnly]ControlType='Button' &amp;&amp; Name='OK'"
\0&lt;/a&gt;
W, 2116, 13, 2012/11/13, 08:56:59.899, 7583185767351, QTAgent32.exe, &lt;a class=success&gt;Playback - {4} [SUCCESS] MouseButtonClick - "[MSAA, VisibleOnly]ControlType='Button' &amp;&amp; Name='OK'"
\0&lt;/a&gt;
W, 2116, 13, 2012/11/13, 08:57:00.570, 7583195313254, QTAgent32.exe, &lt;a class=success&gt;Playback - {5} [SUCCESS] TypeString "#(R)"
\0&lt;/a&gt;
E, 2116, 13, 2012/11/13, 08:57:00.726, 7583197656670, QTAgent32.exe, Exception: System.ArgumentException
	Message: Value does not fall within the expected range.
	Stack Trace:    at Accessibility.IAccessible.get_accRole(Object varChild)
   at Microsoft.VisualStudio.TestTools.UITest.Extension.Msaa.AccWrapper.get_RoleInt()
	BaseExceptionMessage: Value does not fall within the expected range.

E, 2116, 13, 2012/11/13, 08:57:00.741, 7583197900978, QTAgent32.exe, Exception: System.ArgumentException
	Message: Value does not fall within the expected range.
	Stack Trace:    at Accessibility.IAccessible.get_accRole(Object varChild)
   at Microsoft.VisualStudio.TestTools.UITest.Extension.Msaa.AccWrapper.get_RoleInt()
	BaseExceptionMessage: Value does not fall within the expected range.

W, 2116, 13, 2012/11/13, 08:57:01.288, 7583205537247, QTAgent32.exe, &lt;a class=success&gt;Playback - {6} [SUCCESS] LeftButtonClick  &lt; Mouse cursor location (87, 908) &gt;
\0&lt;/a&gt;
W, 2116, 13, 2012/11/13, 08:57:02.489, 7583222739311, QTAgent32.exe, &lt;a class=success&gt;Playback - {7} [SUCCESS] SetValueAsEditBox "c:\TestProject7\ourhighway.reg"  &lt; Set via SendKeys &gt;
\0&lt;/a&gt;
W, 2116, 13, 2012/11/13, 08:57:02.489, 7583222741389, QTAgent32.exe, &lt;a class=success&gt;Playback - {8} [SUCCESS] SetValueAsComboBox "c:\TestProject7\ourhighway.reg" - "[MSAA, VisibleOnly]ControlType='ComboBox' &amp;&amp; Name='Open:'"  &lt; Set via SetValueAsEditBox &gt;
\0&lt;/a&gt;
W, 2116, 13, 2012/11/13, 08:57:02.926, 7583229148362, QTAgent32.exe, &lt;a class=success&gt;Playback - {9} [SUCCESS] MouseButtonClick - "[MSAA, VisibleOnly]ControlType='Button' &amp;&amp; Name='OK'"
\0&lt;/a&gt;
W, 2116, 13, 2012/11/13, 08:57:03.596, 7583238638098, QTAgent32.exe, &lt;a class=success&gt;Playback - {10} [SUCCESS] MouseButtonClick - "[MSAA, VisibleOnly]ControlType='Button' &amp;&amp; Name='Yes'"
\0&lt;/a&gt;
W, 2116, 13, 2012/11/13, 08:57:04.111, 7583246007059, QTAgent32.exe, &lt;a class=success&gt;Playback - {11} [SUCCESS] MouseButtonClick - "[MSAA, VisibleOnly]ControlType='Button' &amp;&amp; Name='OK'"
\0&lt;/a&gt;
W, 2116, 13, 2012/11/13, 08:57:04.579, 7583252734813, QTAgent32.exe, &lt;a class=success&gt;Playback - {12} [SUCCESS] MouseButtonClick - "[MSAA, VisibleOnly]ControlType='Button' &amp;&amp; Name='Clients &amp; Files'"
\0&lt;/a&gt;
W, 2116, 13, 2012/11/13, 08:57:05.515, 7583266101240, QTAgent32.exe, Playback - [WARNING] Internal warning: Window Not Found: [VisibleOnly]ControlType='Window' &amp;&amp; Name='Customer: txt1 tdsfs' &amp;&amp; ClassName='ThunderRT6MDIForm'
\0
E, 2116, 13, 2012/11/13, 08:57:05.515, 7583266104159, QTAgent32.exe, &lt;a class=failure&gt;Playback - {13} [FAILED] Function ElementFetcher::FindScreenElement failed to locate UI element (Searching: ;[VisibleOnly]ControlType='Window' &amp;&amp; Name='Customer: txt1 tdsfs' &amp;&amp; ClassName='ThunderRT6MDIForm') (The object specified was not found.)
\0&lt;/a&gt;
E, 2116, 13, 2012/11/13, 08:57:05.609, 7583267415666, QTAgent32.exe, Playback - [IMAGE] C:\Users\peter.zenin-ad\AppData\Local\Temp\UITestLogs\LastRun\RPFDE5.png
\0
W, 2116, 13, 2012/11/13, 08:57:05.609, 7583267417576, QTAgent32.exe, Playback - [WARNING] Internal warning: Couldn't find descendants that match QueryId
\0
W, 2116, 13, 2012/11/13, 08:57:05.609, 7583267420758, QTAgent32.exe, PERF WARNING: FindTopLevelWindowHelper::FindAllDescendents: took 858 ms. Expected it to take maximum 500 ms.
W, 2116, 13, 2012/11/13, 08:57:23.753, 7583527219421, QTAgent32.exe, Playback - [WARNING] Internal warning: Window Not Found: [VisibleOnly]ControlType='Window' &amp;&amp; Name='Customer: txt1 tdsfs' &amp;&amp; ClassName='ThunderRT6MDIForm'
\0
E, 2116, 13, 2012/11/13, 08:57:23.753, 7583527222436, QTAgent32.exe, &lt;a class=failure&gt;Playback - {14} [FAILED] Function ElementFetcher::FindScreenElement failed to locate UI element (Searching: ;[VisibleOnly]ControlType='Window' &amp;&amp; Name='Customer: txt1 tdsfs' &amp;&amp; ClassName='ThunderRT6MDIForm') (The object specified was not found.)
\0&lt;/a&gt;
E, 2116, 13, 2012/11/13, 08:57:23.846, 7583528645252, QTAgent32.exe, Playback - [IMAGE] C:\Users\peter.zenin-ad\AppData\Local\Temp\UITestLogs\LastRun\RPF5523.png
\0
W, 2116, 13, 2012/11/13, 08:57:23.846, 7583528647232, QTAgent32.exe, Playback - [WARNING] Internal warning: Couldn't find descendants that match QueryId
\0
W, 2116, 13, 2012/11/13, 08:57:23.846, 7583528650257, QTAgent32.exe, PERF WARNING: FindTopLevelWindowHelper::FindAllDescendents: took 18243 ms. Expected it to take maximum 500 ms.
W, 2116, 13, 2012/11/13, 08:57:24.455, 7583537260471, QTAgent32.exe, Playback - [WARNING] Internal warning: Window with Class "ThunderRT6MDIForm" and Title "Customer: txt1 tdsfs" was not found, so similar window with Class "ThunderRT6MDIForm" and Title "Customer: autotest" was accepted
\0
W, 2116, 13, 2012/11/13, 08:57:24.455, 7583537264366, QTAgent32.exe, PERF WARNING: FindTopLevelWindowHelper::FindAllDescendents: took 601 ms. Expected it to take maximum 500 ms.
W, 2116, 13, 2012/11/13, 08:57:24.923, 7583544108038, QTAgent32.exe, Playback - [WARNING] Internal warning: Incorrect flag set for InvokeProgrammaticAction\0
W, 2116, 13, 2012/11/13, 08:57:25.250, 7583548643116, QTAgent32.exe, &lt;a class=success&gt;Playback - {15} [SUCCESS] SetValueAsComboBox "Customers" - "[MSAA, VisibleOnly]ControlType='ComboBox'"  &lt; SetValueAsComboBox, set by clicking on the item in the list box &gt;
\0&lt;/a&gt;
W, 2116, 13, 2012/11/13, 08:57:25.921, 7583558251236, QTAgent32.exe, &lt;a class=success&gt;Playback - {16} [SUCCESS] MouseButtonClick - "[MSAA, VisibleOnly]ControlType='Button' &amp;&amp; Name='Add'"
\0&lt;/a&gt;
W, 2116, 13, 2012/11/13, 08:57:26.327, 7583564035903, QTAgent32.exe, &lt;a class=success&gt;Playback - {17} [SUCCESS] SendKeys "autotest" - "[MSAA, VisibleOnly]ControlType='RadioButton' &amp;&amp; Name='Personal Lines'"
\0&lt;/a&gt;
E, 2116, 13, 2012/11/13, 08:57:26.452, 7583565933637, QTAgent32.exe, LoadLibrary() : Unable to find the resource 37382 from assembly C:\Windows\system32\en-US\ieframe.dll.mui: Error1814
E, 2116, 13, 2012/11/13, 08:57:26.452, 7583565939174, QTAgent32.exe, LoadLibrary() : Unable to find the resource 41728 from assembly C:\Windows\system32\en-US\ieframe.dll.mui: Error1814
E, 2116, 13, 2012/11/13, 08:57:26.452, 7583565941374, QTAgent32.exe, LoadLibrary() : Unable to find the resource 8131 from assembly C:\Windows\system32\en-US\ieframe.dll.mui: Error1814
E, 2116, 13, 2012/11/13, 08:57:26.452, 7583565943653, QTAgent32.exe, LoadLibrary() : Unable to find the resource 8131 from assembly C:\Windows\system32\en-US\ieframe.dll.mui: Error1814
E, 2116, 13, 2012/11/13, 08:57:26.452, 7583565947413, QTAgent32.exe, LoadLibrary() : Unable to find the resource 8131 from assembly C:\Windows\system32\en-US\ieframe.dll.mui: Error1814
E, 2116, 13, 2012/11/13, 08:57:26.452, 7583565952914, QTAgent32.exe, LoadLibrary() : Unable to find the resource 803 from assembly C:\Windows\system32\en-US\user32.dll.mui: Error1814
W, 2116, 13, 2012/11/13, 08:57:26.826, 7583571185794, QTAgent32.exe, &lt;a class=success&gt;Playback - {18} [SUCCESS] SetValueAsEditBox "autotest" - "[MSAA, VisibleOnly]ControlType='Edit'"  &lt; Set via SendKeys &gt;
\0&lt;/a&gt;
W, 2116, 13, 2012/11/13, 08:57:27.388, 7583579226057, QTAgent32.exe, &lt;a class=success&gt;Playback - {19} [SUCCESS] MouseButtonClick - "[MSAA, VisibleOnly]ControlType='Button' &amp;&amp; Name='OK'"
\0&lt;/a&gt;
W, 2116, 13, 2012/11/13, 08:57:27.965, 7583587602150, QTAgent32.exe, &lt;a class=success&gt;Playback - {20} [SUCCESS] MouseButtonClick - "[MSAA, VisibleOnly]ControlType='Button' &amp;&amp; Name='Yes'"
\0&lt;/a&gt;
W, 2116, 13, 2012/11/13, 08:57:28.183, 7583590615074, QTAgent32.exe, &lt;a class=success&gt;Playback - {21} [SUCCESS] SendKeys "^{HOME}" - "[MSAA, VisibleOnly]ControlType='Edit'"
\0&lt;/a&gt;
E, 2116, 13, 2012/11/13, 08:57:28.183, 7583590646131, QTAgent32.exe, Msaa.GetFocusedElement: could not find accessible object of foreground window
W, 2116, 13, 2012/11/13, 08:57:28.277, 7583591959008, QTAgent32.exe, &lt;a class=success&gt;Playback - {22} [SUCCESS] SendKeys "^+{END}" - "[MSAA, VisibleOnly]ControlType='Edit'"
\0&lt;/a&gt;
E, 2116, 13, 2012/11/13, 08:57:28.277, 7583591962650, QTAgent32.exe, Msaa.GetFocusedElement: could not find accessible object of foreground window
W, 2116, 13, 2012/11/13, 08:57:28.308, 7583592401562, QTAgent32.exe, &lt;a class=success&gt;Playback - {23} [SUCCESS] SendKeys "{DELETE}" - "[MSAA, VisibleOnly]ControlType='Edit'"
\0&lt;/a&gt;
W, 2116, 13, 2012/11/13, 08:57:28.386, 7583593524110, QTAgent32.exe, &lt;a class=success&gt;Playback - {24} [SUCCESS] SetValueAsEditBox "1" - "[MSAA, VisibleOnly]ControlType='Edit'"  &lt; Set via SendKeys &gt;
\0&lt;/a&gt;
W, 2116, 13, 2012/11/13, 08:57:28.605, 7583596646691, QTAgent32.exe, &lt;a class=success&gt;Playback - {25} [SUCCESS] SendKeys "^{HOME}" - "[MSAA, VisibleOnly]ControlType='Edit'"
\0&lt;/a&gt;
E, 2116, 13, 2012/11/13, 08:57:28.605, 7583596649237, QTAgent32.exe, Msaa.GetFocusedElement: could not find accessible object of foreground window
W, 2116, 13, 2012/11/13, 08:57:28.698, 7583597985358, QTAgent32.exe, &lt;a class=success&gt;Playback - {26} [SUCCESS] SendKeys "^+{END}" - "[MSAA, VisibleOnly]ControlType='Edit'"
\0&lt;/a&gt;
E, 2116, 13, 2012/11/13, 08:57:28.698, 7583597987541, QTAgent32.exe, Msaa.GetFocusedElement: could not find accessible object of foreground window
W, 2116, 13, 2012/11/13, 08:57:28.714, 7583598211248, QTAgent32.exe, &lt;a class=success&gt;Playback - {27} [SUCCESS] SendKeys "{DELETE}" - "[MSAA, VisibleOnly]ControlType='Edit'"
\0&lt;/a&gt;
W, 2116, 13, 2012/11/13, 08:57:28.792, 7583599329357, QTAgent32.exe, &lt;a class=success&gt;Playback - {28} [SUCCESS] SetValueAsEditBox "1" - "[MSAA, VisibleOnly]ControlType='Edit'"  &lt; Set via SendKeys &gt;
\0&lt;/a&gt;
W, 2116, 13, 2012/11/13, 08:57:29.354, 7583607463430, QTAgent32.exe, &lt;a class=success&gt;Playback - {29} [SUCCESS] MouseButtonClick - "[MSAA, VisibleOnly]ControlType='Button' &amp;&amp; Name='OK'"
\0&lt;/a&gt;
W, 2116, 13, 2012/11/13, 08:57:29.868, 7583614918896, QTAgent32.exe, &lt;a class=success&gt;Playback - {30} [SUCCESS] MouseButtonClick - "[MSAA, VisibleOnly]ControlType='Button'"
\0&lt;/a&gt;
W, 2116, 13, 2012/11/13, 08:57:30.383, 7583622170961, QTAgent32.exe, &lt;a class=success&gt;Playback - {31} [SUCCESS] MouseButtonClick - "[MSAA, VisibleOnly]ControlType='Button' &amp;&amp; Name='Add'"
\0&lt;/a&gt;
W, 2116, 13, 2012/11/13, 08:57:30.882, 7583629459997, QTAgent32.exe, &lt;a class=success&gt;Playback - {32} [SUCCESS] MouseButtonClick - "[MSAA, VisibleOnly]ControlType='Button' &amp;&amp; Name='OK'"
\0&lt;/a&gt;
W, 2116, 13, 2012/11/13, 08:57:33.347, 7583664550303, QTAgent32.exe, &lt;a class=success&gt;Playback - {33} [SUCCESS] MouseButtonClick - "[MSAA, VisibleOnly,Window]ControlType='Window' &amp;&amp; ClassName='ThunderRT6TextBox'"
\0&lt;/a&gt;
W, 2116, 13, 2012/11/13, 08:57:33.706, 7583669690696, QTAgent32.exe, &lt;a class=success&gt;Playback - {34} [SUCCESS] SetValueAsEditBox "MOTO" - "[MSAA, VisibleOnly]ControlType='Edit'"  &lt; Set via SendKeys &gt;
\0&lt;/a&gt;
W, 2116, 13, 2012/11/13, 08:57:34.205, 7583677047505, QTAgent32.exe, &lt;a class=success&gt;Playback - {35} [SUCCESS] MouseButtonClick - "[MSAA, VisibleOnly]ControlType='Button' &amp;&amp; Name='OK'"
\0&lt;/a&gt;
W, 2116, 13, 2012/11/13, 08:57:34.642, 7583683154679, QTAgent32.exe, &lt;a class=success&gt;Playback - {36} [SUCCESS] MouseButtonClick - "[MSAA, VisibleOnly]ControlType='Button' &amp;&amp; Name='Options'"
\0&lt;/a&gt;
W, 2116, 13, 2012/11/13, 08:57:34.751, 7583684720701, QTAgent32.exe, FindScreenElementInSinglePass : Attempting to find control in one pass of search. Failures can occur.
W, 2116, 13, 2012/11/13, 08:57:34.939, 7583687332736, QTAgent32.exe, &lt;a class=success&gt;Playback - {37} [SUCCESS] MouseButtonClick - "[MSAA]ControlType='MenuItem' &amp;&amp; Name='Links'"
\0&lt;/a&gt;
W, 2116, 13, 2012/11/13, 08:57:35.048, 7583688900246, QTAgent32.exe, FindScreenElementInSinglePass : Attempting to find control in one pass of search. Failures can occur.
W, 2116, 13, 2012/11/13, 08:57:35.235, 7583691575826, QTAgent32.exe, &lt;a class=success&gt;Playback - {38} [SUCCESS] MouseButtonClick - "[MSAA]ControlType='MenuItem' &amp;&amp; Name='3rd Party Integration'"
\0&lt;/a&gt;
W, 2116, 13, 2012/11/13, 08:57:35.344, 7583693144869, QTAgent32.exe, FindScreenElementInSinglePass : Attempting to find control in one pass of search. Failures can occur.
W, 2116, 13, 2012/11/13, 08:57:35.531, 7583695850907, QTAgent32.exe, &lt;a class=success&gt;Playback - {39} [SUCCESS] MouseButtonClick - "[MSAA]ControlType='MenuItem' &amp;&amp; Name='Quote Select List'"
\0&lt;/a&gt;
W, 2116, 13, 2012/11/13, 08:57:37.466, 7583723522186, QTAgent32.exe, PERF WARNING: FindTopLevelWindowHelper::FindAllDescendents: took 1797 ms. Expected it to take maximum 500 ms.
W, 2116, 13, 2012/11/13, 08:57:39.167, 7583747867989, QTAgent32.exe, &lt;a class=success&gt;Playback - {40} [SUCCESS] MouseButtonClick - "[MSAA, VisibleOnly]ControlType='Button' &amp;&amp; Name='Ok'"
\0&lt;/a&gt;
W, 2116, 13, 2012/11/13, 08:57:40.695, 7583769785180, QTAgent32.exe, PERF WARNING: FindTopLevelWindowHelper::FindAllDescendents: took 1417 ms. Expected it to take maximum 500 ms.
W, 2116, 13, 2012/11/13, 08:57:41.101, 7583775632715, QTAgent32.exe, &lt;a class=success&gt;Playback - {41} [SUCCESS] MouseButtonClick - "[MSAA, VisibleOnly]ControlType='Button' &amp;&amp; Name='Ok'"
\0&lt;/a&gt;
W, 2116, 13, 2012/11/13, 08:57:41.460, 7583780702654, QTAgent32.exe, &lt;a class=success&gt;Playback - {42} [SUCCESS] SetValueAsEditBox "test" - "[MSAA, VisibleOnly]ControlType='Edit'"  &lt; Set via SendKeys &gt;
\0&lt;/a&gt;
W, 2116, 13, 2012/11/13, 08:57:41.834, 7583786063554, QTAgent32.exe, &lt;a class=success&gt;Playback - {43} [SUCCESS] SetValueAsEditBox "test" - "[MSAA, VisibleOnly]ControlType='Edit'"  &lt; Set via SendKeys &gt;
\0&lt;/a&gt;
W, 2116, 13, 2012/11/13, 08:57:42.255, 7583792093909, QTAgent32.exe, &lt;a class=success&gt;Playback - {44} [SUCCESS] SetValueAsEditBox "160486" - "[MSAA, VisibleOnly]ControlType='Edit'"  &lt; Set via SendKeys &gt;
\0&lt;/a&gt;
W, 2116, 13, 2012/11/13, 08:57:42.677, 7583798124945, QTAgent32.exe, &lt;a class=success&gt;Playback - {45} [SUCCESS] SetValueAsEditBox "BN16BN" - "[MSAA, VisibleOnly]ControlType='Edit'"  &lt; Set via SendKeys &gt;
\0&lt;/a&gt;
W, 2116, 13, 2012/11/13, 08:57:45.157, 7583833638989, QTAgent32.exe, &lt;a class=success&gt;Playback - {46} [SUCCESS] MouseButtonClick - "[MSAA, VisibleOnly]ControlType='Button' &amp;&amp; Name='Lookup...'"
\0&lt;/a&gt;
W, 2116, 13, 2012/11/13, 08:57:45.594, 7583840040205, QTAgent32.exe, &lt;a class=success&gt;Playback - {47} [SUCCESS] MouseButtonClick - "[MSAA, VisibleOnly]ControlType='Button' &amp;&amp; Name='Ok'"
\0&lt;/a&gt;
W, 2116, 13, 2012/11/13, 08:57:47.747, 7583870919793, QTAgent32.exe, &lt;a class=success&gt;Playback - {48} [SUCCESS] MouseButtonClick - "[MSAA, VisibleOnly]ControlType='Button' &amp;&amp; Name='OK'"
\0&lt;/a&gt;
W, 2116, 13, 2012/11/13, 08:57:48.402, 7583880106133, QTAgent32.exe, Playback - [WARNING] Internal warning: Incorrect flag set for InvokeProgrammaticAction\0
W, 2116, 13, 2012/11/13, 08:57:48.730, 7583884801005, QTAgent32.exe, &lt;a class=success&gt;Playback - {49} [SUCCESS] SetValueAsComboBox "Account Executive" - "[MSAA, VisibleOnly]ControlType='ComboBox'"  &lt; SetValueAsComboBox, set by clicking on the item in the list box &gt;
\0&lt;/a&gt;
W, 2116, 13, 2012/11/13, 08:57:49.369, 7583893958765, QTAgent32.exe, Playback - [WARNING] Internal warning: Incorrect flag set for InvokeProgrammaticAction\0
W, 2116, 13, 2012/11/13, 08:57:50.056, 7583903788342, QTAgent32.exe, &lt;a class=success&gt;Playback - {50} [SUCCESS] SetValueAsComboBox "Aerial Manufacturer" - "[MSAA, VisibleOnly]ControlType='ComboBox'"  &lt; SetValueAsComboBox, set by clicking on the item in the list box &gt;
\0&lt;/a&gt;
W, 2116, 13, 2012/11/13, 08:57:50.524, 7583910477761, QTAgent32.exe, &lt;a class=success&gt;Playback - {51} [SUCCESS] SetValueAsEditBox "151208" - "[MSAA, VisibleOnly]ControlType='Edit'"  &lt; Set via SendKeys &gt;
\0&lt;/a&gt;
W, 2116, 13, 2012/11/13, 08:57:52.256, 7583935276944, QTAgent32.exe, &lt;a class=success&gt;Playback - {52} [SUCCESS] MouseButtonClick - "[MSAA, VisibleOnly]ControlType='Button' &amp;&amp; Name='OK'"
\0&lt;/a&gt;
E, 2116, 13, 2012/11/13, 08:57:52.365, 7583936983744, QTAgent32.exe, Exception: System.ArgumentException
	Message: Value does not fall within the expected range.
	Stack Trace:    at Accessibility.IAccessible.get_accRole(Object varChild)
   at Microsoft.VisualStudio.TestTools.UITest.Extension.Msaa.AccWrapper.get_RoleInt()
	BaseExceptionMessage: Value does not fall within the expected range.

E, 2116, 13, 2012/11/13, 08:57:52.365, 7583937013111, QTAgent32.exe, Exception: System.ArgumentException
	Message: Value does not fall within the expected range.
	Stack Trace:    at Accessibility.IAccessible.get_accRole(Object varChild)
   at Microsoft.VisualStudio.TestTools.UITest.Extension.Msaa.AccWrapper.get_RoleInt()
	BaseExceptionMessage: Value does not fall within the expected range.

W, 2116, 13, 2012/11/13, 08:57:52.802, 7583943085843, QTAgent32.exe, &lt;a class=success&gt;Playback - {53} [SUCCESS] LeftButtonClick  &lt; Mouse cursor location (680, 395) &gt;
\0&lt;/a&gt;
W, 2116, 13, 2012/11/13, 08:57:53.161, 7583948224269, QTAgent32.exe, &lt;a class=success&gt;Playback - {54} [SUCCESS] SetValueAsEditBox "FORD"  &lt; Set via SendKeys &gt;
\0&lt;/a&gt;
W, 2116, 13, 2012/11/13, 08:57:53.161, 7583948226430, QTAgent32.exe, &lt;a class=success&gt;Playback - {55} [SUCCESS] SetValueAsComboBox "FORD" - "[MSAA, VisibleOnly]ControlType='ComboBox'"  &lt; Set via SetValueAsEditBox &gt;
\0&lt;/a&gt;
E, 2116, 13, 2012/11/13, 08:57:53.270, 7583949861979, QTAgent32.exe, Exception: System.ArgumentException
	Message: Value does not fall within the expected range.
	Stack Trace:    at Accessibility.IAccessible.get_accRole(Object varChild)
   at Microsoft.VisualStudio.TestTools.UITest.Extension.Msaa.AccWrapper.get_RoleInt()
	BaseExceptionMessage: Value does not fall within the expected range.

E, 2116, 13, 2012/11/13, 08:57:53.270, 7583949891542, QTAgent32.exe, Exception: System.ArgumentException
	Message: Value does not fall within the expected range.
	Stack Trace:    at Accessibility.IAccessible.get_accRole(Object varChild)
   at Microsoft.VisualStudio.TestTools.UITest.Extension.Msaa.AccWrapper.get_RoleInt()
	BaseExceptionMessage: Value does not fall within the expected range.

W, 2116, 13, 2012/11/13, 08:57:54.097, 7583961625131, QTAgent32.exe, &lt;a class=success&gt;Playback - {56} [SUCCESS] LeftButtonClick  &lt; Mouse cursor location (1040, 395) &gt;
\0&lt;/a&gt;
W, 2116, 13, 2012/11/13, 08:57:54.377, 7583965648089, QTAgent32.exe, &lt;a class=success&gt;Playback - {57} [SUCCESS] SetValueAsEditBox "KA"  &lt; Set via SendKeys &gt;
\0&lt;/a&gt;
W, 2116, 13, 2012/11/13, 08:57:54.377, 7583965650086, QTAgent32.exe, &lt;a class=success&gt;Playback - {58} [SUCCESS] SetValueAsComboBox "KA" - "[MSAA, VisibleOnly]ControlType='ComboBox'"  &lt; Set via SetValueAsEditBox &gt;
\0&lt;/a&gt;
W, 2116, 13, 2012/11/13, 08:57:55.095, 7583976006052, QTAgent32.exe, &lt;a class=success&gt;Playback - {59} [SUCCESS] MouseButtonClick - "[MSAA, VisibleOnly]ControlType='Button' &amp;&amp; Name='Filter'"
\0&lt;/a&gt;
W, 2116, 13, 2012/11/13, 08:57:55.594, 7583983119081, QTAgent32.exe, &lt;a class=success&gt;Playback - {60} [SUCCESS] MouseButtonClick - "[MSAA, VisibleOnly]ControlType='Button' &amp;&amp; Name='OK'"
\0&lt;/a&gt;
W, 2116, 13, 2012/11/13, 08:57:55.984, 7583988650659, QTAgent32.exe, &lt;a class=success&gt;Playback - {61} [SUCCESS] SendKeys "^{HOME}" - "[MSAA, VisibleOnly]ControlType='Edit'"
\0&lt;/a&gt;
E, 2116, 13, 2012/11/13, 08:57:55.984, 7583988653812, QTAgent32.exe, Msaa.GetFocusedElement: could not find accessible object of foreground window
W, 2116, 13, 2012/11/13, 08:57:56.062, 7583989767733, QTAgent32.exe, &lt;a class=success&gt;Playback - {62} [SUCCESS] SendKeys "^+{END}" - "[MSAA, VisibleOnly]ControlType='Edit'"
\0&lt;/a&gt;
E, 2116, 13, 2012/11/13, 08:57:56.062, 7583989770660, QTAgent32.exe, Msaa.GetFocusedElement: could not find accessible object of foreground window
W, 2116, 13, 2012/11/13, 08:57:56.078, 7583989994937, QTAgent32.exe, &lt;a class=success&gt;Playback - {63} [SUCCESS] SendKeys "{DELETE}" - "[MSAA, VisibleOnly]ControlType='Edit'"
\0&lt;/a&gt;
W, 2116, 13, 2012/11/13, 08:57:56.343, 7583993791520, QTAgent32.exe, &lt;a class=success&gt;Playback - {64} [SUCCESS] SetValueAsEditBox "123434" - "[MSAA, VisibleOnly]ControlType='Edit'"  &lt; Set via SendKeys &gt;
\0&lt;/a&gt;
W, 2116, 13, 2012/11/13, 08:57:56.608, 7583997585491, QTAgent32.exe, &lt;a class=success&gt;Playback - {65} [SUCCESS] SendKeys "^{HOME}" - "[MSAA, VisibleOnly]ControlType='Edit'"
\0&lt;/a&gt;
E, 2116, 13, 2012/11/13, 08:57:56.608, 7583997588477, QTAgent32.exe, Msaa.GetFocusedElement: could not find accessible object of foreground window
W, 2116, 13, 2012/11/13, 08:57:56.686, 7583998701978, QTAgent32.exe, &lt;a class=success&gt;Playback - {66} [SUCCESS] SendKeys "^+{END}" - "[MSAA, VisibleOnly]ControlType='Edit'"
\0&lt;/a&gt;
E, 2116, 13, 2012/11/13, 08:57:56.686, 7583998704233, QTAgent32.exe, Msaa.GetFocusedElement: could not find accessible object of foreground window
W, 2116, 13, 2012/11/13, 08:57:56.702, 7583998926216, QTAgent32.exe, &lt;a class=success&gt;Playback - {67} [SUCCESS] SendKeys "{DELETE}" - "[MSAA, VisibleOnly]ControlType='Edit'"
\0&lt;/a&gt;
W, 2116, 13, 2012/11/13, 08:57:56.905, 7584001833503, QTAgent32.exe, &lt;a class=success&gt;Playback - {68} [SUCCESS] SetValueAsEditBox "1000" - "[MSAA, VisibleOnly]ControlType='Edit'"  &lt; Set via SendKeys &gt;
\0&lt;/a&gt;
W, 2116, 13, 2012/11/13, 08:57:57.186, 7584005849028, QTAgent32.exe, &lt;a class=success&gt;Playback - {69} [SUCCESS] SendKeys "^{HOME}" - "[MSAA, VisibleOnly]ControlType='Edit'"
\0&lt;/a&gt;
E, 2116, 13, 2012/11/13, 08:57:57.186, 7584005851362, QTAgent32.exe, Msaa.GetFocusedElement: could not find accessible object of foreground window
W, 2116, 13, 2012/11/13, 08:57:57.279, 7584007188904, QTAgent32.exe, &lt;a class=success&gt;Playback - {70} [SUCCESS] SendKeys "^+{END}" - "[MSAA, VisibleOnly]ControlType='Edit'"
\0&lt;/a&gt;
E, 2116, 13, 2012/11/13, 08:57:57.279, 7584007191313, QTAgent32.exe, Msaa.GetFocusedElement: could not find accessible object of foreground window
W, 2116, 13, 2012/11/13, 08:57:57.295, 7584007412610, QTAgent32.exe, &lt;a class=success&gt;Playback - {71} [SUCCESS] SendKeys "{DELETE}" - "[MSAA, VisibleOnly]ControlType='Edit'"
\0&lt;/a&gt;
W, 2116, 13, 2012/11/13, 08:57:57.622, 7584012108679, QTAgent32.exe, &lt;a class=success&gt;Playback - {72} [SUCCESS] SetValueAsEditBox "20/11/12" - "[MSAA, VisibleOnly]ControlType='Edit'"  &lt; Set via SendKeys &gt;
\0&lt;/a&gt;
W, 2116, 13, 2012/11/13, 08:57:58.090, 7584018986985, QTAgent32.exe, &lt;a class=success&gt;Playback - {73} [SUCCESS] MouseButtonClick - "[MSAA, VisibleOnly]ControlType='Button' &amp;&amp; Name='Calculate Quote'"
\0&lt;/a&gt;
W, 2116, 13, 2012/11/13, 08:57:58.543, 7584025309010, QTAgent32.exe, &lt;a class=success&gt;Playback - {74} [SUCCESS] MouseButtonClick - "[MSAA, VisibleOnly]ControlType='Button' &amp;&amp; Name='Cancel'"
\0&lt;/a&gt;
W, 2116, 13, 2012/11/13, 08:57:59.011, 7584032139270, QTAgent32.exe, &lt;a class=success&gt;Playback - {75} [SUCCESS] MouseButtonClick - "[MSAA, VisibleOnly]ControlType='Button' &amp;&amp; Name='No'"
\0&lt;/a&gt;
W, 2116, 13, 2012/11/13, 08:58:04.268, 7584107272709, QTAgent32.exe, PERF WARNING: FindTopLevelWindowHelper::FindAllDescendents: took 5147 ms. Expected it to take maximum 500 ms.
W, 2116, 13, 2012/11/13, 08:58:04.596, 7584111950719, QTAgent32.exe, &lt;a class=success&gt;Playback - {76} [SUCCESS] MouseButtonClick - "[MSAA, VisibleOnly]ControlType='Client'"
\0&lt;/a&gt;
W, 2116, 13, 2012/11/13, 08:58:06.187, 7584134745066, QTAgent32.exe, &lt;a class=success&gt;Playback - {77} [SUCCESS] SendKeys "{Home}" - "[MSAA, VisibleOnly]ControlType='Client'"
\0&lt;/a&gt;
W, 2116, 13, 2012/11/13, 08:58:09.931, 7584188346279, QTAgent32.exe, &lt;a class=success&gt;Playback - {78} [SUCCESS] MouseButtonClick - "[MSAA, VisibleOnly]ControlType='Button' &amp;&amp; Name='Accept'"
\0&lt;/a&gt;
W, 2116, 13, 2012/11/13, 08:58:10.462, 7584196123626, QTAgent32.exe, &lt;a class=success&gt;Playback - {79} [SUCCESS] MouseButtonClick - "[MSAA, VisibleOnly]ControlType='Button' &amp;&amp; Name='Yes'"
\0&lt;/a&gt;
W, 2116, 13, 2012/11/13, 08:58:10.977, 7584203521221, QTAgent32.exe, &lt;a class=success&gt;Playback - {80} [SUCCESS] MouseButtonClick - "[MSAA, VisibleOnly]ControlType='Button' &amp;&amp; Name='Ok'"
\0&lt;/a&gt;
W, 2116, 13, 2012/11/13, 08:58:11.382, 7584209319009, QTAgent32.exe, &lt;a class=success&gt;Playback - {81} [SUCCESS] MouseButtonClick - "[MSAA, VisibleOnly]ControlType='Button' &amp;&amp; Name='Ok'"
\0&lt;/a&gt;
W, 2116, 13, 2012/11/13, 08:58:12.006, 7584218044377, QTAgent32.exe, &lt;a class=success&gt;Playback - {82} [SUCCESS] MouseButtonClick - "[MSAA, VisibleOnly]ControlType='Button' &amp;&amp; Name='Confirm'"
\0&lt;/a&gt;
W, 2116, 13, 2012/11/13, 08:58:37.264, 7584579679427, QTAgent32.exe, Playback - [WARNING] Internal warning: Window Not Found: [VisibleOnly]ControlType='Window' &amp;&amp; Name='Save the file as' &amp;&amp; ClassName='#32770'
\0
E, 2116, 13, 2012/11/13, 08:58:37.264, 7584579682270, QTAgent32.exe, &lt;a class=failure&gt;Playback - {83} [FAILED] Function ElementFetcher::FindScreenElement failed to locate UI element (Searching: ;[VisibleOnly]ControlType='Window' &amp;&amp; Name='Save the file as' &amp;&amp; ClassName='#32770') (The object specified was not found.)
\0&lt;/a&gt;
E, 2116, 13, 2012/11/13, 08:58:37.358, 7584581036027, QTAgent32.exe, Playback - [IMAGE] C:\Users\peter.zenin-ad\AppData\Local\Temp\UITestLogs\LastRun\RPF7448.png
\0
W, 2116, 13, 2012/11/13, 08:58:37.358, 7584581038028, QTAgent32.exe, Playback - [WARNING] Internal warning: Couldn't find descendants that match QueryId
\0
W, 2116, 13, 2012/11/13, 08:58:37.358, 7584581040972, QTAgent32.exe, PERF WARNING: FindTopLevelWindowHelper::FindAllDescendents: took 25241 ms. Expected it to take maximum 500 ms.
W, 2116, 13, 2012/11/13, 08:58:55.502, 7584840789983, QTAgent32.exe, Playback - [WARNING] Internal warning: Window Not Found: [VisibleOnly]ControlType='Window' &amp;&amp; Name='Save the file as' &amp;&amp; ClassName='#32770'
\0
E, 2116, 13, 2012/11/13, 08:58:55.502, 7584840792852, QTAgent32.exe, &lt;a class=failure&gt;Playback - {84} [FAILED] Function ElementFetcher::FindScreenElement failed to locate UI element (Searching: ;[VisibleOnly]ControlType='Window' &amp;&amp; Name='Save the file as' &amp;&amp; ClassName='#32770') (The object specified was not found.)
\0&lt;/a&gt;
E, 2116, 13, 2012/11/13, 08:58:55.595, 7584842135171, QTAgent32.exe, Playback - [IMAGE] C:\Users\peter.zenin-ad\AppData\Local\Temp\UITestLogs\LastRun\RPFBB85.png
\0
W, 2116, 13, 2012/11/13, 08:58:55.595, 7584842137158, QTAgent32.exe, Playback - [WARNING] Internal warning: Couldn't find descendants that match QueryId
\0
W, 2116, 13, 2012/11/13, 08:58:55.595, 7584842140060, QTAgent32.exe, PERF WARNING: FindTopLevelWindowHelper::FindAllDescendents: took 18235 ms. Expected it to take maximum 500 ms.
W, 2116, 13, 2012/11/13, 08:58:58.747, 7584887250328, QTAgent32.exe, Playback - [WARNING] Internal warning: Smart Match failed
\0
W, 2116, 13, 2012/11/13, 08:59:00.182, 7584907800580, QTAgent32.exe, Playback - [WARNING] Internal warning: Window Not Found: [VisibleOnly]ControlType='Window' &amp;&amp; Name='Save the file as' &amp;&amp; ClassName='#32770'
\0
E, 2116, 13, 2012/11/13, 08:59:00.182, 7584907803734, QTAgent32.exe, &lt;a class=failure&gt;Playback - {85} [FAILED] Function ElementFetcher::FindScreenElement failed to locate UI element (Searching: ;[VisibleOnly]ControlType='Window' &amp;&amp; Name='Save the file as' &amp;&amp; ClassName='#32770') (The object specified was not found.)
\0&lt;/a&gt;
E, 2116, 13, 2012/11/13, 08:59:00.276, 7584909165268, QTAgent32.exe, Playback - [IMAGE] C:\Users\peter.zenin-ad\AppData\Local\Temp\UITestLogs\LastRun\RPFCDCE.png
\0
W, 2116, 13, 2012/11/13, 08:59:00.276, 7584909167281, QTAgent32.exe, Playback - [WARNING] Internal warning: Couldn't find descendants that match QueryId
\0
W, 2116, 13, 2012/11/13, 08:59:00.276, 7584909170211, QTAgent32.exe, PERF WARNING: FindTopLevelWindowHelper::FindAllDescendents: took 4681 ms. Expected it to take maximum 500 ms.
E, 2116, 13, 2012/11/13, 08:59:00.276, 7584909172006, QTAgent32.exe, Exception: System.Runtime.InteropServices.COMException
	Message: Error HRESULT E_FAIL has been returned from a call to a COM component.
	Stack Trace:    at Microsoft.VisualStudio.TestTools.UITest.Playback.Engine.IRPFPlayback.FindAllScreenElements(IScreenElement pScreenElementStart, String bstrQueryId, Object&amp; pvarResKeys, Int32 cResKeys, Int32 nMaxDepth, Object[]&amp; foundDescendants)
   at Microsoft.VisualStudio.TestTools.UITest.Playback.ScreenElement.FindTopLevelWindowHelper(String queryId)
	BaseExceptionMessage: Error HRESULT E_FAIL has been returned from a call to a COM component.

E, 2116, 13, 2012/11/13, 08:59:00.416, 7584911181996, QTAgent32.exe, AL: Playback Error: Microsoft.VisualStudio.TestTools.UITest.Extension.UITestControlNotFoundException: The playback failed to find the control with the given search properties. Additional Details: 
TechnologyName:  'MSAA'
ControlType:  'Window'
Name:  'Save the file as'
ClassName:  '#32770'
 ---&gt; System.Runtime.InteropServices.COMException: Error HRESULT E_FAIL has been returned from a call to a COM component.
   at Microsoft.VisualStudio.TestTools.UITest.Playback.Engine.IRPFPlayback.FindAllScreenElements(IScreenElement pScreenElementStart, String bstrQueryId, Object&amp; pvarResKeys, Int32 cResKeys, Int32 nMaxDepth, Object[]&amp; foundDescendants)
   at Microsoft.VisualStudio.TestTools.UITest.Playback.ScreenElement.FindTopLevelWindowHelper(String queryId)
   at Microsoft.VisualStudio.TestTools.UITest.Playback.ScreenElement.FindFromPartialQueryId(String queryId)
   at Microsoft.VisualStudio.TestTools.UITesting.UITestControl..ctor(String queryId)
   --- End of inner exception stack trace ---
   at Microsoft.VisualStudio.TestTools.UITesting.Playback.MapControlNotFoundException(COMException ex, IPlaybackContext context)
   at Microsoft.VisualStudio.TestTools.UITesting.Playback.MapAndThrowComException(COMException innerException, IPlaybackContext context)
   at Microsoft.VisualStudio.TestTools.UITesting.Playback.MapAndThrowException(SystemException exception, IPlaybackContext context)
   at Microsoft.VisualStudio.TestTools.UITesting.Playback.MapAndThrowException(SystemException exception, String queryId)
   at Microsoft.VisualStudio.TestTools.UITesting.UITestControl..ctor(String queryId)
   at Microsoft.VisualStudio.TestTools.UITesting.SearchHelper.SearchTopLevelWindow(ISearchArgument topLevelSearchArg, String topLevelElementQueryId)
   at Microsoft.VisualStudio.TestTools.UITesting.SearchHelper.GetTitleUpdatedTopLevelWindow(ISearchArgument topLevelSearchArg, String queryId, IList`1 windowTitles)
   at Microsoft.VisualStudio.TestTools.UITesting.SearchHelper.GetTopLevelElement(Boolean useCache, Boolean useCacheOnly, ISearchArgument searchArg, IList`1 windowTitles, Int32&amp; timeLeft)
   at Microsoft.VisualStudio.TestTools.UITesting.SearchHelper.GetElement(Boolean useCache, ISearchArgument searchArg)
   at Microsoft.VisualStudio.TestTools.UITesting.SearchHelper.Search(ISearchArgument searchArg)
   at Microsoft.VisualStudio.TestTools.UITesting.UITestControl.FindInternal()
   at Microsoft.VisualStudio.TestTools.UITesting.UITestControl.FindControlIfNecessary()
   at Microsoft.VisualStudio.TestTools.UITesting.UITestControl.Click(MouseButtons button, ModifierKeys modifierKeys, Point relativeCoordinates)
   at Microsoft.VisualStudio.TestTools.UITesting.Mouse.ClickImplementation(UITestControl control, MouseButtons button, ModifierKeys modifierKeys, Point relativeCoordinate)
   at Microsoft.VisualStudio.TestTools.UITesting.Mouse.ClickImplementationWrapper(UITestControl control, MouseButtons button, ModifierKeys modifierKeys, Point relativeCoordinate)
W, 2116, 13, 2012/11/13, 08:59:00.416, 7584911183625, QTAgent32.exe, PlaybackErrorHandler: Ignoring exception as ContinueOnError is set.
W, 2116, 13, 2012/11/13, 08:59:00.759, 7584916077420, QTAgent32.exe, &lt;a class=success&gt;Playback - {86} [SUCCESS] Check - "[MSAA, VisibleOnly]ControlType='CheckBox' &amp;&amp; Name='Defer Printing?'"
\0&lt;/a&gt;
W, 2116, 13, 2012/11/13, 08:59:01.399, 7584925424761, QTAgent32.exe, &lt;a class=success&gt;Playback - {87} [SUCCESS] MouseButtonClick - "[MSAA, VisibleOnly]ControlType='Button' &amp;&amp; Name='Ok'"
\0&lt;/a&gt;
W, 2116, 13, 2012/11/13, 08:59:03.037, 7584948788257, QTAgent32.exe, PERF WARNING: FindTopLevelWindowHelper::FindAllDescendents: took 1536 ms. Expected it to take maximum 500 ms.
W, 2116, 13, 2012/11/13, 08:59:03.380, 7584953588095, QTAgent32.exe, &lt;a class=success&gt;Playback - {88} [SUCCESS] Uncheck - "[MSAA, VisibleOnly]ControlType='CheckBox' &amp;&amp; Name='Add Activity'"
\0&lt;/a&gt;
W, 2116, 13, 2012/11/13, 08:59:06.438, 7584997486910, QTAgent32.exe, &lt;a class=success&gt;Playback - {89} [SUCCESS] MouseButtonClick - "[MSAA, VisibleOnly]ControlType='Button' &amp;&amp; Name='Ok'"
\0&lt;/a&gt;
W, 2116, 13, 2012/11/13, 08:59:06.875, 7585003742329, QTAgent32.exe, &lt;a class=success&gt;Playback - {90} [SUCCESS] MouseButtonClick - "[MSAA, VisibleOnly]ControlType='Button' &amp;&amp; Name='Ok'"
\0&lt;/a&gt;
W, 2116, 13, 2012/11/13, 08:59:16.594, 7585142769820, QTAgent32.exe, PERF WARNING: FindTopLevelWindowHelper::FindAllDescendents: took 9469 ms. Expected it to take maximum 500 ms.
W, 2116, 13, 2012/11/13, 08:59:18.887, 7585175605444, QTAgent32.exe, &lt;a class=success&gt;Playback - {91} [SUCCESS] MouseButtonClick - "[MSAA, VisibleOnly]ControlType='Button' &amp;&amp; Name='OK'"
\0&lt;/a&gt;
W, 2116, 13, 2012/11/13, 08:59:19.340, 7585182145895, QTAgent32.exe, &lt;a class=success&gt;Playback - {92} [SUCCESS] MouseButtonClick - "[MSAA, VisibleOnly]ControlType='Button' &amp;&amp; Name='Cancel'"
\0&lt;/a&gt;
W, 2116, 13, 2012/11/13, 08:59:19.870, 7585189704123, QTAgent32.exe, &lt;a class=success&gt;Playback - {93} [SUCCESS] MouseButtonClick - "[MSAA, VisibleOnly]ControlType='Button'"
\0&lt;/a&gt;
W, 2116, 13, 2012/11/13, 08:59:20.432, 7585197928892, QTAgent32.exe, &lt;a class=success&gt;Playback - {94} [SUCCESS] MouseButtonClick - "[MSAA, VisibleOnly]ControlType='Button' &amp;&amp; Name='Detail'"
\0&lt;/a&gt;
E, 2116, 13, 2012/11/13, 08:59:20.635, 7585200666414, QTAgent32.exe, IEDOM : Could not get valid window handle of Internet Explorer_server
W, 2116, 13, 2012/11/13, 08:59:20.635, 7585200667933, QTAgent32.exe, IEDOM : Unable to get the document Window Handle
E, 2116, 13, 2012/11/13, 08:59:22.647, 7585229457096, QTAgent32.exe, IEDOM : Could not get valid window handle of Internet Explorer_server
W, 2116, 13, 2012/11/13, 08:59:22.647, 7585229458792, QTAgent32.exe, IEDOM : Unable to get the document Window Handle
E, 2116, 13, 2012/11/13, 08:59:24.660, 7585258269172, QTAgent32.exe, IEDOM : Could not get valid window handle of Internet Explorer_server
W, 2116, 13, 2012/11/13, 08:59:24.660, 7585258270828, QTAgent32.exe, IEDOM : Unable to get the document Window Handle
E, 2116, 13, 2012/11/13, 08:59:26.672, 7585287105881, QTAgent32.exe, IEDOM : Could not get valid window handle of Internet Explorer_server
W, 2116, 13, 2012/11/13, 08:59:26.672, 7585287107348, QTAgent32.exe, IEDOM : Unable to get the document Window Handle
E, 2116, 13, 2012/11/13, 08:59:28.685, 7585315886843, QTAgent32.exe, IEDOM : Could not get valid window handle of Internet Explorer_server
W, 2116, 13, 2012/11/13, 08:59:28.685, 7585315888512, QTAgent32.exe, IEDOM : Unable to get the document Window Handle
E, 2116, 13, 2012/11/13, 08:59:30.713, 7585344925511, QTAgent32.exe, IEDOM : Could not get valid window handle of Internet Explorer_server
W, 2116, 13, 2012/11/13, 08:59:30.713, 7585344927052, QTAgent32.exe, IEDOM : Unable to get the document Window Handle
E, 2116, 13, 2012/11/13, 08:59:32.725, 7585373738061, QTAgent32.exe, IEDOM : Could not get valid window handle of Internet Explorer_server
W, 2116, 13, 2012/11/13, 08:59:32.725, 7585373739782, QTAgent32.exe, IEDOM : Unable to get the document Window Handle
E, 2116, 13, 2012/11/13, 08:59:34.738, 7585402551738, QTAgent32.exe, IEDOM : Could not get valid window handle of Internet Explorer_server
W, 2116, 13, 2012/11/13, 08:59:34.738, 7585402553385, QTAgent32.exe, IEDOM : Unable to get the document Window Handle
E, 2116, 13, 2012/11/13, 08:59:36.750, 7585431365750, QTAgent32.exe, IEDOM : Could not get valid window handle of Internet Explorer_server
W, 2116, 13, 2012/11/13, 08:59:36.750, 7585431367618, QTAgent32.exe, IEDOM : Unable to get the document Window Handle
E, 2116, 13, 2012/11/13, 08:59:38.763, 7585460179989, QTAgent32.exe, IEDOM : Could not get valid window handle of Internet Explorer_server
W, 2116, 13, 2012/11/13, 08:59:38.763, 7585460181675, QTAgent32.exe, IEDOM : Unable to get the document Window Handle
E, 2116, 13, 2012/11/13, 08:59:40.776, 7585488995562, QTAgent32.exe, IEDOM : Could not get valid window handle of Internet Explorer_server
W, 2116, 13, 2012/11/13, 08:59:40.776, 7585488997175, QTAgent32.exe, IEDOM : Unable to get the document Window Handle
E, 2116, 13, 2012/11/13, 08:59:42.788, 7585517819990, QTAgent32.exe, IEDOM : Could not get valid window handle of Internet Explorer_server
W, 2116, 13, 2012/11/13, 08:59:42.788, 7585517821673, QTAgent32.exe, IEDOM : Unable to get the document Window Handle
E, 2116, 13, 2012/11/13, 08:59:44.801, 7585546622228, QTAgent32.exe, IEDOM : Could not get valid window handle of Internet Explorer_server
W, 2116, 13, 2012/11/13, 08:59:44.801, 7585546623949, QTAgent32.exe, IEDOM : Unable to get the document Window Handle
E, 2116, 13, 2012/11/13, 08:59:46.813, 7585575435268, QTAgent32.exe, IEDOM : Could not get valid window handle of Internet Explorer_server
W, 2116, 13, 2012/11/13, 08:59:46.813, 7585575437022, QTAgent32.exe, IEDOM : Unable to get the document Window Handle
E, 2116, 13, 2012/11/13, 08:59:48.826, 7585604248508, QTAgent32.exe, IEDOM : Could not get valid window handle of Internet Explorer_server
W, 2116, 13, 2012/11/13, 08:59:48.826, 7585604250145, QTAgent32.exe, IEDOM : Unable to get the document Window Handle
E, 2116, 13, 2012/11/13, 08:59:50.838, 7585633063500, QTAgent32.exe, IEDOM : Could not get valid window handle of Internet Explorer_server
W, 2116, 13, 2012/11/13, 08:59:50.838, 7585633065193, QTAgent32.exe, IEDOM : Unable to get the document Window Handle
W, 2116, 13, 2012/11/13, 08:59:52.851, 7585661878689, QTAgent32.exe, AL : IEBrowserService : Performing an extended retry
E, 2116, 13, 2012/11/13, 08:59:52.851, 7585661890782, QTAgent32.exe, IEDOM : Could not get valid window handle of Internet Explorer_server
W, 2116, 13, 2012/11/13, 08:59:52.851, 7585661891620, QTAgent32.exe, IEDOM : Unable to get the document Window Handle
E, 2116, 13, 2012/11/13, 08:59:54.863, 7585690692319, QTAgent32.exe, IEDOM : Could not get valid window handle of Internet Explorer_server
W, 2116, 13, 2012/11/13, 08:59:54.863, 7585690693907, QTAgent32.exe, IEDOM : Unable to get the document Window Handle
E, 2116, 13, 2012/11/13, 08:59:56.876, 7585719504305, QTAgent32.exe, IEDOM : Could not get valid window handle of Internet Explorer_server
W, 2116, 13, 2012/11/13, 08:59:56.876, 7585719505913, QTAgent32.exe, IEDOM : Unable to get the document Window Handle
E, 2116, 13, 2012/11/13, 08:59:58.888, 7585748319626, QTAgent32.exe, IEDOM : Could not get valid window handle of Internet Explorer_server
W, 2116, 13, 2012/11/13, 08:59:58.888, 7585748321225, QTAgent32.exe, IEDOM : Unable to get the document Window Handle
E, 2116, 13, 2012/11/13, 09:00:00.901, 7585777145563, QTAgent32.exe, IEDOM : Could not get valid window handle of Internet Explorer_server
W, 2116, 13, 2012/11/13, 09:00:00.901, 7585777147168, QTAgent32.exe, IEDOM : Unable to get the document Window Handle
E, 2116, 13, 2012/11/13, 09:00:02.913, 7585805947167, QTAgent32.exe, IEDOM : Could not get valid window handle of Internet Explorer_server
W, 2116, 13, 2012/11/13, 09:00:02.913, 7585805948757, QTAgent32.exe, IEDOM : Unable to get the document Window Handle
E, 2116, 13, 2012/11/13, 09:00:04.926, 7585834760531, QTAgent32.exe, IEDOM : Could not get valid window handle of Internet Explorer_server
W, 2116, 13, 2012/11/13, 09:00:04.926, 7585834762340, QTAgent32.exe, IEDOM : Unable to get the document Window Handle
E, 2116, 13, 2012/11/13, 09:00:06.938, 7585863577777, QTAgent32.exe, IEDOM : Could not get valid window handle of Internet Explorer_server
W, 2116, 13, 2012/11/13, 09:00:06.938, 7585863579471, QTAgent32.exe, IEDOM : Unable to get the document Window Handle
E, 2116, 13, 2012/11/13, 09:00:08.951, 7585892390987, QTAgent32.exe, IEDOM : Could not get valid window handle of Internet Explorer_server
W, 2116, 13, 2012/11/13, 09:00:08.951, 7585892392830, QTAgent32.exe, IEDOM : Unable to get the document Window Handle
E, 2116, 13, 2012/11/13, 09:00:10.963, 7585921204373, QTAgent32.exe, IEDOM : Could not get valid window handle of Internet Explorer_server
W, 2116, 13, 2012/11/13, 09:00:10.963, 7585921206062, QTAgent32.exe, IEDOM : Unable to get the document Window Handle
E, 2116, 13, 2012/11/13, 09:00:12.976, 7585950017835, QTAgent32.exe, IEDOM : Could not get valid window handle of Internet Explorer_server
W, 2116, 13, 2012/11/13, 09:00:12.976, 7585950019658, QTAgent32.exe, IEDOM : Unable to get the document Window Handle
E, 2116, 13, 2012/11/13, 09:00:14.988, 7585978831546, QTAgent32.exe, IEDOM : Could not get valid window handle of Internet Explorer_server
W, 2116, 13, 2012/11/13, 09:00:14.988, 7585978833211, QTAgent32.exe, IEDOM : Unable to get the document Window Handle
E, 2116, 13, 2012/11/13, 09:00:17.001, 7586007652013, QTAgent32.exe, IEDOM : Could not get valid window handle of Internet Explorer_server
W, 2116, 13, 2012/11/13, 09:00:17.001, 7586007653653, QTAgent32.exe, IEDOM : Unable to get the document Window Handle
E, 2116, 13, 2012/11/13, 09:00:19.013, 7586036459303, QTAgent32.exe, IEDOM : Could not get valid window handle of Internet Explorer_server
W, 2116, 13, 2012/11/13, 09:00:19.013, 7586036461011, QTAgent32.exe, IEDOM : Unable to get the document Window Handle
E, 2116, 13, 2012/11/13, 09:00:21.026, 7586065273661, QTAgent32.exe, IEDOM : Could not get valid window handle of Internet Explorer_server
W, 2116, 13, 2012/11/13, 09:00:21.026, 7586065275396, QTAgent32.exe, IEDOM : Unable to get the document Window Handle
E, 2116, 13, 2012/11/13, 09:00:23.038, 7586094089085, QTAgent32.exe, IEDOM : Could not get valid window handle of Internet Explorer_server
W, 2116, 13, 2012/11/13, 09:00:23.038, 7586094090779, QTAgent32.exe, IEDOM : Unable to get the document Window Handle
E, 2116, 13, 2012/11/13, 09:00:25.051, 7586122900215, QTAgent32.exe, IEDOM : Could not get valid window handle of Internet Explorer_server
W, 2116, 13, 2012/11/13, 09:00:25.051, 7586122901879, QTAgent32.exe, IEDOM : Unable to get the document Window Handle
E, 2116, 13, 2012/11/13, 09:00:27.063, 7586151714954, QTAgent32.exe, IEDOM : Could not get valid window handle of Internet Explorer_server
W, 2116, 13, 2012/11/13, 09:00:27.063, 7586151716503, QTAgent32.exe, IEDOM : Unable to get the document Window Handle
E, 2116, 13, 2012/11/13, 09:00:29.076, 7586180530673, QTAgent32.exe, IEDOM : Could not get valid window handle of Internet Explorer_server
W, 2116, 13, 2012/11/13, 09:00:29.076, 7586180532395, QTAgent32.exe, IEDOM : Unable to get the document Window Handle
E, 2116, 13, 2012/11/13, 09:00:31.088, 7586209343741, QTAgent32.exe, IEDOM : Could not get valid window handle of Internet Explorer_server
W, 2116, 13, 2012/11/13, 09:00:31.088, 7586209345384, QTAgent32.exe, IEDOM : Unable to get the document Window Handle
E, 2116, 13, 2012/11/13, 09:00:33.101, 7586238156682, QTAgent32.exe, IEDOM : Could not get valid window handle of Internet Explorer_server
W, 2116, 13, 2012/11/13, 09:00:33.101, 7586238160875, QTAgent32.exe, IEDOM : Unable to get the document Window Handle
E, 2116, 13, 2012/11/13, 09:00:35.113, 7586266977475, QTAgent32.exe, IEDOM : Could not get valid window handle of Internet Explorer_server
W, 2116, 13, 2012/11/13, 09:00:35.113, 7586266979165, QTAgent32.exe, IEDOM : Unable to get the document Window Handle
E, 2116, 13, 2012/11/13, 09:00:37.126, 7586295784614, QTAgent32.exe, IEDOM : Could not get valid window handle of Internet Explorer_server
W, 2116, 13, 2012/11/13, 09:00:37.126, 7586295786214, QTAgent32.exe, IEDOM : Unable to get the document Window Handle
E, 2116, 13, 2012/11/13, 09:00:39.138, 7586324599149, QTAgent32.exe, IEDOM : Could not get valid window handle of Internet Explorer_server
W, 2116, 13, 2012/11/13, 09:00:39.138, 7586324600910, QTAgent32.exe, IEDOM : Unable to get the document Window Handle
E, 2116, 13, 2012/11/13, 09:00:41.151, 7586353412926, QTAgent32.exe, IEDOM : Could not get valid window handle of Internet Explorer_server
W, 2116, 13, 2012/11/13, 09:00:41.151, 7586353414648, QTAgent32.exe, IEDOM : Unable to get the document Window Handle
E, 2116, 13, 2012/11/13, 09:00:43.164, 7586382226307, QTAgent32.exe, IEDOM : Could not get valid window handle of Internet Explorer_server
W, 2116, 13, 2012/11/13, 09:00:43.164, 7586382227992, QTAgent32.exe, IEDOM : Unable to get the document Window Handle
E, 2116, 13, 2012/11/13, 09:00:45.176, 7586411039549, QTAgent32.exe, IEDOM : Could not get valid window handle of Internet Explorer_server
W, 2116, 13, 2012/11/13, 09:00:45.176, 7586411041283, QTAgent32.exe, IEDOM : Unable to get the document Window Handle
E, 2116, 13, 2012/11/13, 09:00:47.189, 7586439856247, QTAgent32.exe, IEDOM : Could not get valid window handle of Internet Explorer_server
W, 2116, 13, 2012/11/13, 09:00:47.189, 7586439857818, QTAgent32.exe, IEDOM : Unable to get the document Window Handle
E, 2116, 13, 2012/11/13, 09:00:49.201, 7586468667893, QTAgent32.exe, IEDOM : Could not get valid window handle of Internet Explorer_server
W, 2116, 13, 2012/11/13, 09:00:49.201, 7586468669606, QTAgent32.exe, IEDOM : Unable to get the document Window Handle
E, 2116, 13, 2012/11/13, 09:00:51.214, 7586497488043, QTAgent32.exe, IEDOM : Could not get valid window handle of Internet Explorer_server
W, 2116, 13, 2012/11/13, 09:00:51.214, 7586497489615, QTAgent32.exe, IEDOM : Unable to get the document Window Handle
E, 2116, 13, 2012/11/13, 09:00:53.226, 7586526296485, QTAgent32.exe, IEDOM : Could not get valid window handle of Internet Explorer_server
W, 2116, 13, 2012/11/13, 09:00:53.226, 7586526298258, QTAgent32.exe, IEDOM : Unable to get the document Window Handle
E, 2116, 13, 2012/11/13, 09:00:55.239, 7586555115140, QTAgent32.exe, IEDOM : Could not get valid window handle of Internet Explorer_server
W, 2116, 13, 2012/11/13, 09:00:55.239, 7586555116840, QTAgent32.exe, IEDOM : Unable to get the document Window Handle
E, 2116, 13, 2012/11/13, 09:00:57.251, 7586583926380, QTAgent32.exe, IEDOM : Could not get valid window handle of Internet Explorer_server
W, 2116, 13, 2012/11/13, 09:00:57.251, 7586583928008, QTAgent32.exe, IEDOM : Unable to get the document Window Handle
E, 2116, 13, 2012/11/13, 09:00:59.264, 7586612738644, QTAgent32.exe, IEDOM : Could not get valid window handle of Internet Explorer_server
W, 2116, 13, 2012/11/13, 09:00:59.264, 7586612740303, QTAgent32.exe, IEDOM : Unable to get the document Window Handle
E, 2116, 13, 2012/11/13, 09:01:01.276, 7586641553057, QTAgent32.exe, IEDOM : Could not get valid window handle of Internet Explorer_server
W, 2116, 13, 2012/11/13, 09:01:01.276, 7586641554564, QTAgent32.exe, IEDOM : Unable to get the document Window Handle
E, 2116, 13, 2012/11/13, 09:01:03.289, 7586670366740, QTAgent32.exe, IEDOM : Could not get valid window handle of Internet Explorer_server
W, 2116, 13, 2012/11/13, 09:01:03.289, 7586670368432, QTAgent32.exe, IEDOM : Unable to get the document Window Handle
E, 2116, 13, 2012/11/13, 09:01:05.301, 7586699181010, QTAgent32.exe, IEDOM : Could not get valid window handle of Internet Explorer_server
W, 2116, 13, 2012/11/13, 09:01:05.301, 7586699183029, QTAgent32.exe, IEDOM : Unable to get the document Window Handle
E, 2116, 13, 2012/11/13, 09:01:07.314, 7586727992565, QTAgent32.exe, IEDOM : Could not get valid window handle of Internet Explorer_server
W, 2116, 13, 2012/11/13, 09:01:07.314, 7586727994221, QTAgent32.exe, IEDOM : Unable to get the document Window Handle
E, 2116, 13, 2012/11/13, 09:01:09.326, 7586756814834, QTAgent32.exe, IEDOM : Could not get valid window handle of Internet Explorer_server
W, 2116, 13, 2012/11/13, 09:01:09.326, 7586756816405, QTAgent32.exe, IEDOM : Unable to get the document Window Handle
E, 2116, 13, 2012/11/13, 09:01:11.339, 7586785623498, QTAgent32.exe, IEDOM : Could not get valid window handle of Internet Explorer_server
W, 2116, 13, 2012/11/13, 09:01:11.339, 7586785625220, QTAgent32.exe, IEDOM : Unable to get the document Window Handle
E, 2116, 13, 2012/11/13, 09:01:13.351, 7586814435395, QTAgent32.exe, IEDOM : Could not get valid window handle of Internet Explorer_server
W, 2116, 13, 2012/11/13, 09:01:13.351, 7586814437062, QTAgent32.exe, IEDOM : Unable to get the document Window Handle
E, 2116, 13, 2012/11/13, 09:01:15.364, 7586843250496, QTAgent32.exe, IEDOM : Could not get valid window handle of Internet Explorer_server
W, 2116, 13, 2012/11/13, 09:01:15.364, 7586843252184, QTAgent32.exe, IEDOM : Unable to get the document Window Handle
E, 2116, 13, 2012/11/13, 09:01:17.376, 7586872064456, QTAgent32.exe, IEDOM : Could not get valid window handle of Internet Explorer_server
W, 2116, 13, 2012/11/13, 09:01:17.376, 7586872066111, QTAgent32.exe, IEDOM : Unable to get the document Window Handle
E, 2116, 13, 2012/11/13, 09:01:19.389, 7586900879096, QTAgent32.exe, IEDOM : Could not get valid window handle of Internet Explorer_server
W, 2116, 13, 2012/11/13, 09:01:19.389, 7586900880752, QTAgent32.exe, IEDOM : Unable to get the document Window Handle
E, 2116, 13, 2012/11/13, 09:01:21.401, 7586929695378, QTAgent32.exe, IEDOM : Could not get valid window handle of Internet Explorer_server
W, 2116, 13, 2012/11/13, 09:01:21.401, 7586929696961, QTAgent32.exe, IEDOM : Unable to get the document Window Handle
E, 2116, 13, 2012/11/13, 09:01:23.414, 7586958506388, QTAgent32.exe, IEDOM : Could not get valid window handle of Internet Explorer_server
W, 2116, 13, 2012/11/13, 09:01:23.414, 7586958508124, QTAgent32.exe, IEDOM : Unable to get the document Window Handle
E, 2116, 13, 2012/11/13, 09:01:25.426, 7586987326151, QTAgent32.exe, IEDOM : Could not get valid window handle of Internet Explorer_server
W, 2116, 13, 2012/11/13, 09:01:25.426, 7586987327792, QTAgent32.exe, IEDOM : Unable to get the document Window Handle
E, 2116, 13, 2012/11/13, 09:01:27.439, 7587016134418, QTAgent32.exe, IEDOM : Could not get valid window handle of Internet Explorer_server
W, 2116, 13, 2012/11/13, 09:01:27.439, 7587016135998, QTAgent32.exe, IEDOM : Unable to get the document Window Handle
E, 2116, 13, 2012/11/13, 09:01:29.451, 7587044947657, QTAgent32.exe, IEDOM : Could not get valid window handle of Internet Explorer_server
W, 2116, 13, 2012/11/13, 09:01:29.451, 7587044949308, QTAgent32.exe, IEDOM : Unable to get the document Window Handle
E, 2116, 13, 2012/11/13, 09:01:31.464, 7587073762571, QTAgent32.exe, IEDOM : Could not get valid window handle of Internet Explorer_server
W, 2116, 13, 2012/11/13, 09:01:31.464, 7587073764198, QTAgent32.exe, IEDOM : Unable to get the document Window Handle
E, 2116, 13, 2012/11/13, 09:01:33.476, 7587102575121, QTAgent32.exe, IEDOM : Could not get valid window handle of Internet Explorer_server
W, 2116, 13, 2012/11/13, 09:01:33.476, 7587102576802, QTAgent32.exe, IEDOM : Unable to get the document Window Handle
E, 2116, 13, 2012/11/13, 09:01:35.489, 7587131390115, QTAgent32.exe, IEDOM : Could not get valid window handle of Internet Explorer_server
W, 2116, 13, 2012/11/13, 09:01:35.489, 7587131391797, QTAgent32.exe, IEDOM : Unable to get the document Window Handle
E, 2116, 13, 2012/11/13, 09:01:37.501, 7587160209949, QTAgent32.exe, IEDOM : Could not get valid window handle of Internet Explorer_server
W, 2116, 13, 2012/11/13, 09:01:37.501, 7587160211362, QTAgent32.exe, IEDOM : Unable to get the document Window Handle
E, 2116, 13, 2012/11/13, 09:01:39.514, 7587189016593, QTAgent32.exe, IEDOM : Could not get valid window handle of Internet Explorer_server
W, 2116, 13, 2012/11/13, 09:01:39.514, 7587189018246, QTAgent32.exe, IEDOM : Unable to get the document Window Handle
E, 2116, 13, 2012/11/13, 09:01:41.542, 7587218056507, QTAgent32.exe, IEDOM : Could not get valid window handle of Internet Explorer_server
W, 2116, 13, 2012/11/13, 09:01:41.542, 7587218058190, QTAgent32.exe, IEDOM : Unable to get the document Window Handle
E, 2116, 13, 2012/11/13, 09:01:43.555, 7587246877645, QTAgent32.exe, IEDOM : Could not get valid window handle of Internet Explorer_server
W, 2116, 13, 2012/11/13, 09:01:43.555, 7587246879299, QTAgent32.exe, IEDOM : Unable to get the document Window Handle
E, 2116, 13, 2012/11/13, 09:01:45.567, 7587275681245, QTAgent32.exe, IEDOM : Could not get valid window handle of Internet Explorer_server
W, 2116, 13, 2012/11/13, 09:01:45.567, 7587275682899, QTAgent32.exe, IEDOM : Unable to get the document Window Handle
E, 2116, 13, 2012/11/13, 09:01:47.580, 7587304496573, QTAgent32.exe, IEDOM : Could not get valid window handle of Internet Explorer_server
W, 2116, 13, 2012/11/13, 09:01:47.580, 7587304498057, QTAgent32.exe, IEDOM : Unable to get the document Window Handle
E, 2116, 13, 2012/11/13, 09:01:49.592, 7587333310312, QTAgent32.exe, IEDOM : Could not get valid window handle of Internet Explorer_server
W, 2116, 13, 2012/11/13, 09:01:49.592, 7587333311883, QTAgent32.exe, IEDOM : Unable to get the document Window Handle
E, 2116, 13, 2012/11/13, 09:01:51.605, 7587362126153, QTAgent32.exe, IEDOM : Could not get valid window handle of Internet Explorer_server
W, 2116, 13, 2012/11/13, 09:01:51.605, 7587362127737, QTAgent32.exe, IEDOM : Unable to get the document Window Handle
E, 2116, 13, 2012/11/13, 09:01:53.617, 7587390940168, QTAgent32.exe, IEDOM : Could not get valid window handle of Internet Explorer_server
W, 2116, 13, 2012/11/13, 09:01:53.617, 7587390941871, QTAgent32.exe, IEDOM : Unable to get the document Window Handle
E, 2116, 13, 2012/11/13, 09:01:55.630, 7587419752340, QTAgent32.exe, IEDOM : Could not get valid window handle of Internet Explorer_server
W, 2116, 13, 2012/11/13, 09:01:55.630, 7587419753994, QTAgent32.exe, IEDOM : Unable to get the document Window Handle
E, 2116, 13, 2012/11/13, 09:01:57.642, 7587448566658, QTAgent32.exe, IEDOM : Could not get valid window handle of Internet Explorer_server
W, 2116, 13, 2012/11/13, 09:01:57.642, 7587448568235, QTAgent32.exe, IEDOM : Unable to get the document Window Handle
E, 2116, 13, 2012/11/13, 09:01:59.655, 7587477388408, QTAgent32.exe, IEDOM : Could not get valid window handle of Internet Explorer_server
W, 2116, 13, 2012/11/13, 09:01:59.655, 7587477389956, QTAgent32.exe, IEDOM : Unable to get the document Window Handle
E, 2116, 13, 2012/11/13, 09:02:01.667, 7587506194239, QTAgent32.exe, IEDOM : Could not get valid window handle of Internet Explorer_server
W, 2116, 13, 2012/11/13, 09:02:01.667, 7587506195939, QTAgent32.exe, IEDOM : Unable to get the document Window Handle
E, 2116, 13, 2012/11/13, 09:02:03.680, 7587535008595, QTAgent32.exe, IEDOM : Could not get valid window handle of Internet Explorer_server
W, 2116, 13, 2012/11/13, 09:02:03.680, 7587535010269, QTAgent32.exe, IEDOM : Unable to get the document Window Handle
E, 2116, 13, 2012/11/13, 09:02:05.692, 7587563822034, QTAgent32.exe, IEDOM : Could not get valid window handle of Internet Explorer_server
W, 2116, 13, 2012/11/13, 09:02:05.692, 7587563823638, QTAgent32.exe, IEDOM : Unable to get the document Window Handle
E, 2116, 13, 2012/11/13, 09:02:07.705, 7587592635586, QTAgent32.exe, IEDOM : Could not get valid window handle of Internet Explorer_server
W, 2116, 13, 2012/11/13, 09:02:07.705, 7587592637174, QTAgent32.exe, IEDOM : Unable to get the document Window Handle
E, 2116, 13, 2012/11/13, 09:02:09.717, 7587621450955, QTAgent32.exe, IEDOM : Could not get valid window handle of Internet Explorer_server
W, 2116, 13, 2012/11/13, 09:02:09.717, 7587621452671, QTAgent32.exe, IEDOM : Unable to get the document Window Handle
E, 2116, 13, 2012/11/13, 09:02:11.730, 7587650263572, QTAgent32.exe, IEDOM : Could not get valid window handle of Internet Explorer_server
W, 2116, 13, 2012/11/13, 09:02:11.730, 7587650265238, QTAgent32.exe, IEDOM : Unable to get the document Window Handle
E, 2116, 13, 2012/11/13, 09:02:13.742, 7587679079074, QTAgent32.exe, IEDOM : Could not get valid window handle of Internet Explorer_server
W, 2116, 13, 2012/11/13, 09:02:13.742, 7587679080760, QTAgent32.exe, IEDOM : Unable to get the document Window Handle
E, 2116, 13, 2012/11/13, 09:02:15.755, 7587707891165, QTAgent32.exe, IEDOM : Could not get valid window handle of Internet Explorer_server
W, 2116, 13, 2012/11/13, 09:02:15.755, 7587707892744, QTAgent32.exe, IEDOM : Unable to get the document Window Handle
E, 2116, 13, 2012/11/13, 09:02:17.767, 7587736712647, QTAgent32.exe, IEDOM : Could not get valid window handle of Internet Explorer_server
W, 2116, 13, 2012/11/13, 09:02:17.767, 7587736714224, QTAgent32.exe, IEDOM : Unable to get the document Window Handle
E, 2116, 13, 2012/11/13, 09:02:19.780, 7587765518903, QTAgent32.exe, IEDOM : Could not get valid window handle of Internet Explorer_server
W, 2116, 13, 2012/11/13, 09:02:19.780, 7587765520634, QTAgent32.exe, IEDOM : Unable to get the document Window Handle
E, 2116, 13, 2012/11/13, 09:02:21.792, 7587794333235, QTAgent32.exe, IEDOM : Could not get valid window handle of Internet Explorer_server
W, 2116, 13, 2012/11/13, 09:02:21.792, 7587794334957, QTAgent32.exe, IEDOM : Unable to get the document Window Handle
E, 2116, 13, 2012/11/13, 09:02:23.805, 7587823146880, QTAgent32.exe, IEDOM : Could not get valid window handle of Internet Explorer_server
W, 2116, 13, 2012/11/13, 09:02:23.805, 7587823148544, QTAgent32.exe, IEDOM : Unable to get the document Window Handle
E, 2116, 13, 2012/11/13, 09:02:25.817, 7587851963108, QTAgent32.exe, IEDOM : Could not get valid window handle of Internet Explorer_server
W, 2116, 13, 2012/11/13, 09:02:25.817, 7587851964832, QTAgent32.exe, IEDOM : Unable to get the document Window Handle
E, 2116, 13, 2012/11/13, 09:02:27.830, 7587880776414, QTAgent32.exe, IEDOM : Could not get valid window handle of Internet Explorer_server
W, 2116, 13, 2012/11/13, 09:02:27.830, 7587880778084, QTAgent32.exe, IEDOM : Unable to get the document Window Handle
E, 2116, 13, 2012/11/13, 09:02:29.842, 7587909590156, QTAgent32.exe, IEDOM : Could not get valid window handle of Internet Explorer_server
W, 2116, 13, 2012/11/13, 09:02:29.842, 7587909591864, QTAgent32.exe, IEDOM : Unable to get the document Window Handle
E, 2116, 13, 2012/11/13, 09:02:31.855, 7587938403905, QTAgent32.exe, IEDOM : Could not get valid window handle of Internet Explorer_server
W, 2116, 13, 2012/11/13, 09:02:31.855, 7587938405572, QTAgent32.exe, IEDOM : Unable to get the document Window Handle
E, 2116, 13, 2012/11/13, 09:02:33.868, 7587967224722, QTAgent32.exe, IEDOM : Could not get valid window handle of Internet Explorer_server
W, 2116, 13, 2012/11/13, 09:02:33.868, 7587967226289, QTAgent32.exe, IEDOM : Unable to get the document Window Handle
E, 2116, 13, 2012/11/13, 09:02:35.880, 7587996030606, QTAgent32.exe, IEDOM : Could not get valid window handle of Internet Explorer_server
W, 2116, 13, 2012/11/13, 09:02:35.880, 7587996032370, QTAgent32.exe, IEDOM : Unable to get the document Window Handle
E, 2116, 13, 2012/11/13, 09:02:37.893, 7588024846649, QTAgent32.exe, IEDOM : Could not get valid window handle of Internet Explorer_server
W, 2116, 13, 2012/11/13, 09:02:37.893, 7588024848238, QTAgent32.exe, IEDOM : Unable to get the document Window Handle
E, 2116, 13, 2012/11/13, 09:02:39.905, 7588053686952, QTAgent32.exe, IEDOM : Could not get valid window handle of Internet Explorer_server
W, 2116, 13, 2012/11/13, 09:02:39.905, 7588053688579, QTAgent32.exe, IEDOM : Unable to get the document Window Handle
E, 2116, 13, 2012/11/13, 09:02:41.918, 7588082477340, QTAgent32.exe, IEDOM : Could not get valid window handle of Internet Explorer_server
W, 2116, 13, 2012/11/13, 09:02:41.918, 7588082480186, QTAgent32.exe, IEDOM : Unable to get the document Window Handle
E, 2116, 13, 2012/11/13, 09:02:43.930, 7588111287712, QTAgent32.exe, IEDOM : Could not get valid window handle of Internet Explorer_server
W, 2116, 13, 2012/11/13, 09:02:43.930, 7588111289385, QTAgent32.exe, IEDOM : Unable to get the document Window Handle
E, 2116, 13, 2012/11/13, 09:02:45.943, 7588140102586, QTAgent32.exe, IEDOM : Could not get valid window handle of Internet Explorer_server
W, 2116, 13, 2012/11/13, 09:02:45.943, 7588140104342, QTAgent32.exe, IEDOM : Unable to get the document Window Handle
E, 2116, 13, 2012/11/13, 09:02:47.955, 7588168916945, QTAgent32.exe, IEDOM : Could not get valid window handle of Internet Explorer_server
W, 2116, 13, 2012/11/13, 09:02:47.955, 7588168918801, QTAgent32.exe, IEDOM : Unable to get the document Window Handle
E, 2116, 13, 2012/11/13, 09:02:49.968, 7588197729341, QTAgent32.exe, IEDOM : Could not get valid window handle of Internet Explorer_server
W, 2116, 13, 2012/11/13, 09:02:49.968, 7588197730832, QTAgent32.exe, IEDOM : Unable to get the document Window Handle
E, 2116, 13, 2012/11/13, 09:02:51.980, 7588226549320, QTAgent32.exe, IEDOM : Could not get valid window handle of Internet Explorer_server
W, 2116, 13, 2012/11/13, 09:02:51.980, 7588226550889, QTAgent32.exe, IEDOM : Unable to get the document Window Handle
E, 2116, 13, 2012/11/13, 09:02:53.993, 7588255357489, QTAgent32.exe, IEDOM : Could not get valid window handle of Internet Explorer_server
W, 2116, 13, 2012/11/13, 09:02:53.993, 7588255359146, QTAgent32.exe, IEDOM : Unable to get the document Window Handle
E, 2116, 13, 2012/11/13, 09:02:56.005, 7588284173704, QTAgent32.exe, IEDOM : Could not get valid window handle of Internet Explorer_server
W, 2116, 13, 2012/11/13, 09:02:56.005, 7588284175304, QTAgent32.exe, IEDOM : Unable to get the document Window Handle
E, 2116, 13, 2012/11/13, 09:02:58.018, 7588312985145, QTAgent32.exe, IEDOM : Could not get valid window handle of Internet Explorer_server
W, 2116, 13, 2012/11/13, 09:02:58.018, 7588312986782, QTAgent32.exe, IEDOM : Unable to get the document Window Handle
E, 2116, 13, 2012/11/13, 09:03:00.030, 7588341799204, QTAgent32.exe, IEDOM : Could not get valid window handle of Internet Explorer_server
W, 2116, 13, 2012/11/13, 09:03:00.030, 7588341800724, QTAgent32.exe, IEDOM : Unable to get the document Window Handle
E, 2116, 13, 2012/11/13, 09:03:02.043, 7588370612392, QTAgent32.exe, IEDOM : Could not get valid window handle of Internet Explorer_server
W, 2116, 13, 2012/11/13, 09:03:02.043, 7588370614008, QTAgent32.exe, IEDOM : Unable to get the document Window Handle
E, 2116, 13, 2012/11/13, 09:03:04.055, 7588399427054, QTAgent32.exe, IEDOM : Could not get valid window handle of Internet Explorer_server
W, 2116, 13, 2012/11/13, 09:03:04.055, 7588399428924, QTAgent32.exe, IEDOM : Unable to get the document Window Handle
E, 2116, 13, 2012/11/13, 09:03:06.068, 7588428242119, QTAgent32.exe, IEDOM : Could not get valid window handle of Internet Explorer_server
W, 2116, 13, 2012/11/13, 09:03:06.068, 7588428243665, QTAgent32.exe, IEDOM : Unable to get the document Window Handle
E, 2116, 13, 2012/11/13, 09:03:08.080, 7588457063445, QTAgent32.exe, IEDOM : Could not get valid window handle of Internet Explorer_server
W, 2116, 13, 2012/11/13, 09:03:08.080, 7588457065030, QTAgent32.exe, IEDOM : Unable to get the document Window Handle
E, 2116, 13, 2012/11/13, 09:03:10.093, 7588485868952, QTAgent32.exe, IEDOM : Could not get valid window handle of Internet Explorer_server
W, 2116, 13, 2012/11/13, 09:03:10.093, 7588485870580, QTAgent32.exe, IEDOM : Unable to get the document Window Handle
E, 2116, 13, 2012/11/13, 09:03:12.105, 7588514682852, QTAgent32.exe, IEDOM : Could not get valid window handle of Internet Explorer_server
W, 2116, 13, 2012/11/13, 09:03:12.105, 7588514684537, QTAgent32.exe, IEDOM : Unable to get the document Window Handle
E, 2116, 13, 2012/11/13, 09:03:14.118, 7588543498175, QTAgent32.exe, IEDOM : Could not get valid window handle of Internet Explorer_server
W, 2116, 13, 2012/11/13, 09:03:14.118, 7588543499724, QTAgent32.exe, IEDOM : Unable to get the document Window Handle
E, 2116, 13, 2012/11/13, 09:03:16.130, 7588572310518, QTAgent32.exe, IEDOM : Could not get valid window handle of Internet Explorer_server
W, 2116, 13, 2012/11/13, 09:03:16.130, 7588572312109, QTAgent32.exe, IEDOM : Unable to get the document Window Handle
E, 2116, 13, 2012/11/13, 09:03:18.143, 7588601125223, QTAgent32.exe, IEDOM : Could not get valid window handle of Internet Explorer_server
W, 2116, 13, 2012/11/13, 09:03:18.143, 7588601126873, QTAgent32.exe, IEDOM : Unable to get the document Window Handle
E, 2116, 13, 2012/11/13, 09:03:20.155, 7588629945296, QTAgent32.exe, IEDOM : Could not get valid window handle of Internet Explorer_server
W, 2116, 13, 2012/11/13, 09:03:20.155, 7588629946792, QTAgent32.exe, IEDOM : Unable to get the document Window Handle
E, 2116, 13, 2012/11/13, 09:03:22.168, 7588658754652, QTAgent32.exe, IEDOM : Could not get valid window handle of Internet Explorer_server
W, 2116, 13, 2012/11/13, 09:03:22.168, 7588658756294, QTAgent32.exe, IEDOM : Unable to get the document Window Handle
E, 2116, 13, 2012/11/13, 09:03:24.180, 7588687569036, QTAgent32.exe, IEDOM : Could not get valid window handle of Internet Explorer_server
W, 2116, 13, 2012/11/13, 09:03:24.180, 7588687570745, QTAgent32.exe, IEDOM : Unable to get the document Window Handle
E, 2116, 13, 2012/11/13, 09:03:26.193, 7588716387732, QTAgent32.exe, IEDOM : Could not get valid window handle of Internet Explorer_server
W, 2116, 13, 2012/11/13, 09:03:26.193, 7588716389337, QTAgent32.exe, IEDOM : Unable to get the document Window Handle
E, 2116, 13, 2012/11/13, 09:03:28.205, 7588745195119, QTAgent32.exe, IEDOM : Could not get valid window handle of Internet Explorer_server
W, 2116, 13, 2012/11/13, 09:03:28.205, 7588745196811, QTAgent32.exe, IEDOM : Unable to get the document Window Handle
E, 2116, 13, 2012/11/13, 09:03:30.218, 7588774010432, QTAgent32.exe, IEDOM : Could not get valid window handle of Internet Explorer_server
W, 2116, 13, 2012/11/13, 09:03:30.218, 7588774011980, QTAgent32.exe, IEDOM : Unable to get the document Window Handle
E, 2116, 13, 2012/11/13, 09:03:32.230, 7588802822964, QTAgent32.exe, IEDOM : Could not get valid window handle of Internet Explorer_server
W, 2116, 13, 2012/11/13, 09:03:32.230, 7588802824644, QTAgent32.exe, IEDOM : Unable to get the document Window Handle
E, 2116, 13, 2012/11/13, 09:03:34.243, 7588831637514, QTAgent32.exe, IEDOM : Could not get valid window handle of Internet Explorer_server
W, 2116, 13, 2012/11/13, 09:03:34.243, 7588831639278, QTAgent32.exe, IEDOM : Unable to get the document Window Handle
E, 2116, 13, 2012/11/13, 09:03:36.256, 7588860453740, QTAgent32.exe, IEDOM : Could not get valid window handle of Internet Explorer_server
W, 2116, 13, 2012/11/13, 09:03:36.256, 7588860455359, QTAgent32.exe, IEDOM : Unable to get the document Window Handle
E, 2116, 13, 2012/11/13, 09:03:38.268, 7588889264262, QTAgent32.exe, IEDOM : Could not get valid window handle of Internet Explorer_server
W, 2116, 13, 2012/11/13, 09:03:38.268, 7588889265862, QTAgent32.exe, IEDOM : Unable to get the document Window Handle
E, 2116, 13, 2012/11/13, 09:03:40.281, 7588918079258, QTAgent32.exe, IEDOM : Could not get valid window handle of Internet Explorer_server
W, 2116, 13, 2012/11/13, 09:03:40.281, 7588918080846, QTAgent32.exe, IEDOM : Unable to get the document Window Handle
E, 2116, 13, 2012/11/13, 09:03:42.293, 7588946899323, QTAgent32.exe, IEDOM : Could not get valid window handle of Internet Explorer_server
W, 2116, 13, 2012/11/13, 09:03:42.293, 7588946900878, QTAgent32.exe, IEDOM : Unable to get the document Window Handle
E, 2116, 13, 2012/11/13, 09:03:44.306, 7588975706697, QTAgent32.exe, IEDOM : Could not get valid window handle of Internet Explorer_server
W, 2116, 13, 2012/11/13, 09:03:44.306, 7588975708426, QTAgent32.exe, IEDOM : Unable to get the document Window Handle
E, 2116, 13, 2012/11/13, 09:03:46.318, 7589004519757, QTAgent32.exe, IEDOM : Could not get valid window handle of Internet Explorer_server
W, 2116, 13, 2012/11/13, 09:03:46.318, 7589004521412, QTAgent32.exe, IEDOM : Unable to get the document Window Handle
E, 2116, 13, 2012/11/13, 09:03:48.331, 7589033332949, QTAgent32.exe, IEDOM : Could not get valid window handle of Internet Explorer_server
W, 2116, 13, 2012/11/13, 09:03:48.331, 7589033334532, QTAgent32.exe, IEDOM : Unable to get the document Window Handle
E, 2116, 13, 2012/11/13, 09:03:50.343, 7589062148599, QTAgent32.exe, IEDOM : Could not get valid window handle of Internet Explorer_server
W, 2116, 13, 2012/11/13, 09:03:50.343, 7589062150173, QTAgent32.exe, IEDOM : Unable to get the document Window Handle
E, 2116, 13, 2012/11/13, 09:03:52.356, 7589090960807, QTAgent32.exe, IEDOM : Could not get valid window handle of Internet Explorer_server
W, 2116, 13, 2012/11/13, 09:03:52.356, 7589090962432, QTAgent32.exe, IEDOM : Unable to get the document Window Handle
E, 2116, 13, 2012/11/13, 09:03:54.368, 7589119776869, QTAgent32.exe, IEDOM : Could not get valid window handle of Internet Explorer_server
W, 2116, 13, 2012/11/13, 09:03:54.368, 7589119778601, QTAgent32.exe, IEDOM : Unable to get the document Window Handle
E, 2116, 13, 2012/11/13, 09:03:56.381, 7589148588879, QTAgent32.exe, IEDOM : Could not get valid window handle of Internet Explorer_server
W, 2116, 13, 2012/11/13, 09:03:56.381, 7589148590534, QTAgent32.exe, IEDOM : Unable to get the document Window Handle
E, 2116, 13, 2012/11/13, 09:03:58.393, 7589177424255, QTAgent32.exe, IEDOM : Could not get valid window handle of Internet Explorer_server
W, 2116, 13, 2012/11/13, 09:03:58.393, 7589177425904, QTAgent32.exe, IEDOM : Unable to get the document Window Handle
E, 2116, 13, 2012/11/13, 09:04:00.406, 7589206217197, QTAgent32.exe, IEDOM : Could not get valid window handle of Internet Explorer_server
W, 2116, 13, 2012/11/13, 09:04:00.406, 7589206218840, QTAgent32.exe, IEDOM : Unable to get the document Window Handle
E, 2116, 13, 2012/11/13, 09:04:02.418, 7589235032963, QTAgent32.exe, IEDOM : Could not get valid window handle of Internet Explorer_server
W, 2116, 13, 2012/11/13, 09:04:02.418, 7589235034587, QTAgent32.exe, IEDOM : Unable to get the document Window Handle
E, 2116, 13, 2012/11/13, 09:04:04.431, 7589263844811, QTAgent32.exe, IEDOM : Could not get valid window handle of Internet Explorer_server
W, 2116, 13, 2012/11/13, 09:04:04.431, 7589263846567, QTAgent32.exe, IEDOM : Unable to get the document Window Handle
E, 2116, 13, 2012/11/13, 09:04:06.443, 7589292658724, QTAgent32.exe, IEDOM : Could not get valid window handle of Internet Explorer_server
W, 2116, 13, 2012/11/13, 09:04:06.443, 7589292660494, QTAgent32.exe, IEDOM : Unable to get the document Window Handle
E, 2116, 13, 2012/11/13, 09:04:08.456, 7589321472675, QTAgent32.exe, IEDOM : Could not get valid window handle of Internet Explorer_server
W, 2116, 13, 2012/11/13, 09:04:08.456, 7589321474262, QTAgent32.exe, IEDOM : Unable to get the document Window Handle
E, 2116, 13, 2012/11/13, 09:04:10.468, 7589350291090, QTAgent32.exe, IEDOM : Could not get valid window handle of Internet Explorer_server
W, 2116, 13, 2012/11/13, 09:04:10.468, 7589350292840, QTAgent32.exe, IEDOM : Unable to get the document Window Handle
E, 2116, 13, 2012/11/13, 09:04:12.481, 7589379101704, QTAgent32.exe, IEDOM : Could not get valid window handle of Internet Explorer_server
W, 2116, 13, 2012/11/13, 09:04:12.481, 7589379103362, QTAgent32.exe, IEDOM : Unable to get the document Window Handle
E, 2116, 13, 2012/11/13, 09:04:14.493, 7589407915306, QTAgent32.exe, IEDOM : Could not get valid window handle of Internet Explorer_server
W, 2116, 13, 2012/11/13, 09:04:14.493, 7589407916951, QTAgent32.exe, IEDOM : Unable to get the document Window Handle
E, 2116, 13, 2012/11/13, 09:04:16.506, 7589436735526, QTAgent32.exe, IEDOM : Could not get valid window handle of Internet Explorer_server
W, 2116, 13, 2012/11/13, 09:04:16.506, 7589436737044, QTAgent32.exe, IEDOM : Unable to get the document Window Handle
E, 2116, 13, 2012/11/13, 09:04:18.518, 7589465544735, QTAgent32.exe, IEDOM : Could not get valid window handle of Internet Explorer_server
W, 2116, 13, 2012/11/13, 09:04:18.518, 7589465546398, QTAgent32.exe, IEDOM : Unable to get the document Window Handle
E, 2116, 13, 2012/11/13, 09:04:20.531, 7589494356608, QTAgent32.exe, IEDOM : Could not get valid window handle of Internet Explorer_server
W, 2116, 13, 2012/11/13, 09:04:20.531, 7589494358197, QTAgent32.exe, IEDOM : Unable to get the document Window Handle
E, 2116, 13, 2012/11/13, 09:04:22.543, 7589523171523, QTAgent32.exe, IEDOM : Could not get valid window handle of Internet Explorer_server
W, 2116, 13, 2012/11/13, 09:04:22.543, 7589523173181, QTAgent32.exe, IEDOM : Unable to get the document Window Handle
E, 2116, 13, 2012/11/13, 09:04:24.556, 7589551985094, QTAgent32.exe, IEDOM : Could not get valid window handle of Internet Explorer_server
W, 2116, 13, 2012/11/13, 09:04:24.556, 7589551986774, QTAgent32.exe, IEDOM : Unable to get the document Window Handle
E, 2116, 13, 2012/11/13, 09:04:26.584, 7589581029791, QTAgent32.exe, IEDOM : Could not get valid window handle of Internet Explorer_server
W, 2116, 13, 2012/11/13, 09:04:26.584, 7589581031320, QTAgent32.exe, IEDOM : Unable to get the document Window Handle
E, 2116, 13, 2012/11/13, 09:04:28.597, 7589609836563, QTAgent32.exe, IEDOM : Could not get valid window handle of Internet Explorer_server
W, 2116, 13, 2012/11/13, 09:04:28.597, 7589609838259, QTAgent32.exe, IEDOM : Unable to get the document Window Handle
E, 2116, 13, 2012/11/13, 09:04:30.609, 7589638649419, QTAgent32.exe, IEDOM : Could not get valid window handle of Internet Explorer_server
W, 2116, 13, 2012/11/13, 09:04:30.609, 7589638651064, QTAgent32.exe, IEDOM : Unable to get the document Window Handle
E, 2116, 13, 2012/11/13, 09:04:32.622, 7589667469890, QTAgent32.exe, IEDOM : Could not get valid window handle of Internet Explorer_server
W, 2116, 13, 2012/11/13, 09:04:32.622, 7589667471426, QTAgent32.exe, IEDOM : Unable to get the document Window Handle
E, 2116, 13, 2012/11/13, 09:04:34.634, 7589696278699, QTAgent32.exe, IEDOM : Could not get valid window handle of Internet Explorer_server
W, 2116, 13, 2012/11/13, 09:04:34.634, 7589696280420, QTAgent32.exe, IEDOM : Unable to get the document Window Handle
E, 2116, 13, 2012/11/13, 09:04:36.647, 7589725091929, QTAgent32.exe, IEDOM : Could not get valid window handle of Internet Explorer_server
W, 2116, 13, 2012/11/13, 09:04:36.647, 7589725093579, QTAgent32.exe, IEDOM : Unable to get the document Window Handle
E, 2116, 13, 2012/11/13, 09:04:38.659, 7589753906797, QTAgent32.exe, IEDOM : Could not get valid window handle of Internet Explorer_server
W, 2116, 13, 2012/11/13, 09:04:38.659, 7589753908498, QTAgent32.exe, IEDOM : Unable to get the document Window Handle
E, 2116, 13, 2012/11/13, 09:04:40.672, 7589782719374, QTAgent32.exe, IEDOM : Could not get valid window handle of Internet Explorer_server
W, 2116, 13, 2012/11/13, 09:04:40.672, 7589782720991, QTAgent32.exe, IEDOM : Unable to get the document Window Handle
E, 2116, 13, 2012/11/13, 09:04:42.684, 7589811535179, QTAgent32.exe, IEDOM : Could not get valid window handle of Internet Explorer_server
W, 2116, 13, 2012/11/13, 09:04:42.684, 7589811536872, QTAgent32.exe, IEDOM : Unable to get the document Window Handle
E, 2116, 13, 2012/11/13, 09:04:44.697, 7589840349283, QTAgent32.exe, IEDOM : Could not get valid window handle of Internet Explorer_server
W, 2116, 13, 2012/11/13, 09:04:44.697, 7589840351073, QTAgent32.exe, IEDOM : Unable to get the document Window Handle
E, 2116, 13, 2012/11/13, 09:04:46.709, 7589869161525, QTAgent32.exe, IEDOM : Could not get valid window handle of Internet Explorer_server
W, 2116, 13, 2012/11/13, 09:04:46.709, 7589869163082, QTAgent32.exe, IEDOM : Unable to get the document Window Handle
E, 2116, 13, 2012/11/13, 09:04:48.722, 7589897975532, QTAgent32.exe, IEDOM : Could not get valid window handle of Internet Explorer_server
W, 2116, 13, 2012/11/13, 09:04:48.722, 7589897977194, QTAgent32.exe, IEDOM : Unable to get the document Window Handle
E, 2116, 13, 2012/11/13, 09:04:50.734, 7589926796346, QTAgent32.exe, IEDOM : Could not get valid window handle of Internet Explorer_server
W, 2116, 13, 2012/11/13, 09:04:50.734, 7589926797930, QTAgent32.exe, IEDOM : Unable to get the document Window Handle
E, 2116, 13, 2012/11/13, 09:04:52.747, 7589955605295, QTAgent32.exe, IEDOM : Could not get valid window handle of Internet Explorer_server
W, 2116, 13, 2012/11/13, 09:04:52.747, 7589955606966, QTAgent32.exe, IEDOM : Unable to get the document Window Handle
E, 2116, 13, 2012/11/13, 09:04:54.759, 7589984419262, QTAgent32.exe, IEDOM : Could not get valid window handle of Internet Explorer_server
W, 2116, 13, 2012/11/13, 09:04:54.759, 7589984420866, QTAgent32.exe, IEDOM : Unable to get the document Window Handle
E, 2116, 13, 2012/11/13, 09:04:56.772, 7590013238171, QTAgent32.exe, IEDOM : Could not get valid window handle of Internet Explorer_server
W, 2116, 13, 2012/11/13, 09:04:56.772, 7590013239800, QTAgent32.exe, IEDOM : Unable to get the document Window Handle
W, 2116, 13, 2012/11/13, 09:04:58.831, 7590042711490, QTAgent32.exe, &lt;a class=success&gt;Playback - {95} [SUCCESS] MouseButtonClick - "[MSAA, VisibleOnly]ControlType='Edit' &amp;&amp; Name='User name'"
\0&lt;/a&gt;
W, 2116, 13, 2012/11/13, 09:04:59.315, 7590049636002, QTAgent32.exe, &lt;a class=success&gt;Playback - {96} [SUCCESS] SendKeys "Bus sys" - "[MSAA, VisibleOnly,Window]ControlType='Window' &amp;&amp; AccessibleName='User name' &amp;&amp; ClassName='Edit'"
\0&lt;/a&gt;
W, 2116, 13, 2012/11/13, 09:04:59.705, 7590055221779, QTAgent32.exe, &lt;a class=success&gt;Playback - {97} [SUCCESS] MouseButtonClick - "[MSAA, VisibleOnly]ControlType='Edit' &amp;&amp; Name='Password'"
\0&lt;/a&gt;
W, 2116, 13, 2012/11/13, 09:04:59.939, 7590058583142, QTAgent32.exe, Playback - [WARNING] Internal warning: Element that has the focus is different from the target element. Expected Element: Name = "Password", ControlTypeName = "Edit", Element In Focus: Name = "Password", ControlTypeName = "Window"&gt;. 
\0
W, 2116, 13, 2012/11/13, 09:05:00.360, 7590064600343, QTAgent32.exe, &lt;a class=success&gt;Playback - {98} [SUCCESS] SendKeys "[*]" - "[MSAA, VisibleOnly]ControlType='Edit' &amp;&amp; Name='Password'"
\0&lt;/a&gt;
W, 2116, 13, 2012/11/13, 09:05:00.922, 7590072665336, QTAgent32.exe, &lt;a class=success&gt;Playback - {99} [SUCCESS] MouseButtonClick - "[MSAA, VisibleOnly]ControlType='Button' &amp;&amp; Name='OK'"
\0&lt;/a&gt;
W, 2116, 13, 2012/11/13, 09:05:03.387, 7590108028185, QTAgent32.exe, &lt;a class=success&gt;Playback - {100} [SUCCESS] MouseButtonClick - "[Web]ControlType='Hyperlink' &amp;&amp; TagName='A' &amp;&amp; Id='' &amp;&amp; Name='' &amp;&amp; Target='' &amp;&amp; InnerText='Renewals Maintenance' &amp;&amp; FilterCondition(AbsolutePath='/sysmaint/content/leftbar.asp', Title='', Href='https://www.insur-econnect.com/sysmaint/content/leftbar.asp#', Class='', ControlDefinition='style="COLOR: white" href="#"', TagInstance='39')"
\0&lt;/a&gt;
W, 2116, 13, 2012/11/13, 09:05:03.917, 7590115609226, QTAgent32.exe, &lt;a class=success&gt;Playback - {101} [SUCCESS] MouseButtonClick - "[Web]ControlType='Hyperlink' &amp;&amp; TagName='A' &amp;&amp; Id='' &amp;&amp; Name='' &amp;&amp; Target='content' &amp;&amp; InnerText='Create a Motor Test Renewal Invitation' &amp;&amp; FilterCondition(AbsolutePath='/sysmaint/content/AddTestRenewalNotice.asp', Title='', Href='https://www.insur-econnect.com/sysmaint/content/AddTestRenewalNotice.asp', Class='itemlink', ControlDefinition='class=itemlink href="AddTestRenewalNotic', TagInstance='1')"
\0&lt;/a&gt;
E, 2116, 13, 2012/11/13, 09:05:05.789, 7590142477500, QTAgent32.exe, Exception: System.NotSupportedException
	Message: Internal Error: This method on IEWebControlElement should not get called.
	Stack Trace:    at Microsoft.VisualStudio.TestTools.UITest.Extension.IE.BrowserOptionElementNode.InvokeProgrammaticAction(ProgrammaticActionOption programmaticActionOption)
	BaseExceptionMessage: Internal Error: This method on IEWebControlElement should not get called.

W, 2116, 13, 2012/11/13, 09:05:06.007, 7590145492552, QTAgent32.exe, &lt;a class=success&gt;Playback - {102} [SUCCESS] SetValueAsComboBox "Highway Insurance" - "[Web]ControlType='ComboBox' &amp;&amp; TagName='SELECT' &amp;&amp; Id='InsurerID' &amp;&amp; Name='InsurerID' &amp;&amp; FilterCondition(Size='0', LabeledBy='', Title='', ItemCount='54', Class='', ControlDefinition='id=InsurerID onchange=selectInsurer() na', TagInstance='1')"  &lt; SetValueAsComboBox, set by clicking on the item in the list box &gt;
\0&lt;/a&gt;
W, 2116, 13, 2012/11/13, 09:05:06.881, 7590158065826, QTAgent32.exe, &lt;a class=success&gt;Playback - {103} [SUCCESS] SetValueAsEditBox "7071000917" - "[Web]ControlType='Edit' &amp;&amp; TagName='INPUT' &amp;&amp; Id='' &amp;&amp; Name='txtPolicyNumber' &amp;&amp; LabeledBy='' &amp;&amp; Type='SINGLELINE' &amp;&amp; FilterCondition(Title='', Class='', ControlDefinition='name=txtPolicyNumber align=left size=15', TagInstance='1')"  &lt; Set via SendKeys &gt;
\0&lt;/a&gt;
W, 2116, 13, 2012/11/13, 09:05:07.380, 7590165142259, QTAgent32.exe, &lt;a class=success&gt;Playback - {104} [SUCCESS] SetValueAsEditBox "20/11/2012" - "[Web]ControlType='Edit' &amp;&amp; TagName='INPUT' &amp;&amp; Id='' &amp;&amp; Name='txtAutoLapseDate' &amp;&amp; LabeledBy='' &amp;&amp; Type='SINGLELINE' &amp;&amp; FilterCondition(Title='', Class='', ControlDefinition='name=txtAutoLapseDate maxLength=10 value', TagInstance='8')"  &lt; Set via SendKeys &gt;
\0&lt;/a&gt;
W, 2116, 13, 2012/11/13, 09:05:07.864, 7590172106055, QTAgent32.exe, &lt;a class=success&gt;Playback - {105} [SUCCESS] MouseButtonClick - "[Web]ControlType='Button' &amp;&amp; TagName='INPUT' &amp;&amp; Id='buttonCreate' &amp;&amp; Name='buttonCreate' &amp;&amp; FilterCondition(DisplayText='  Create Record  ', Type='button', Title='Click to create the new record', Class='', ControlDefinition='id=buttonCreate title="Click to create t', TagInstance='10')"
\0&lt;/a&gt;
W, 2116, 13, 2012/11/13, 09:05:08.254, 7590177706349, QTAgent32.exe, &lt;a class=success&gt;Playback - {106} [SUCCESS] MouseButtonClick - "[MSAA, VisibleOnly]ControlType='Button' &amp;&amp; Name='OK'"
\0&lt;/a&gt;
W, 2116, 13, 2012/11/13, 09:05:08.738, 7590184601392, QTAgent32.exe, &lt;a class=success&gt;Playback - {107} [SUCCESS] MouseButtonClick - "[MSAA, VisibleOnly]ControlType='Button' &amp;&amp; Name='Close'"
\0&lt;/a&gt;
W, 2116, 13, 2012/11/13, 09:05:09.018, 7590188565587, QTAgent32.exe, &lt;a class=success&gt;Playback - {108} [SUCCESS] SendKeys "^{HOME}" - "[MSAA, VisibleOnly]ControlType='Edit'"
\0&lt;/a&gt;
E, 2116, 13, 2012/11/13, 09:05:09.018, 7590188568130, QTAgent32.exe, Msaa.GetFocusedElement: could not find accessible object of foreground window
W, 2116, 13, 2012/11/13, 09:05:09.112, 7590189905412, QTAgent32.exe, &lt;a class=success&gt;Playback - {109} [SUCCESS] SendKeys "^+{END}" - "[MSAA, VisibleOnly]ControlType='Edit'"
\0&lt;/a&gt;
E, 2116, 13, 2012/11/13, 09:05:09.112, 7590189907652, QTAgent32.exe, Msaa.GetFocusedElement: could not find accessible object of foreground window
W, 2116, 13, 2012/11/13, 09:05:09.128, 7590190131942, QTAgent32.exe, &lt;a class=success&gt;Playback - {110} [SUCCESS] SendKeys "{DELETE}" - "[MSAA, VisibleOnly]ControlType='Edit'"
\0&lt;/a&gt;
W, 2116, 13, 2012/11/13, 09:05:09.486, 7590195269903, QTAgent32.exe, &lt;a class=success&gt;Playback - {111} [SUCCESS] SetValueAsEditBox "20/11/2011" - "[MSAA, VisibleOnly]ControlType='Edit'"  &lt; Set via SendKeys &gt;
\0&lt;/a&gt;
W, 2116, 13, 2012/11/13, 09:05:10.017, 7590202859503, QTAgent32.exe, &lt;a class=success&gt;Playback - {112} [SUCCESS] MouseButtonClick - "[MSAA, VisibleOnly]ControlType='Button' &amp;&amp; Name='OK'"
\0&lt;/a&gt;
W, 2116, 13, 2012/11/13, 09:05:10.563, 7590210714397, QTAgent32.exe, &lt;a class=success&gt;Playback - {113} [SUCCESS] MouseButtonClick - "[MSAA, VisibleOnly]ControlType='Client'"
\0&lt;/a&gt;
W, 2116, 13, 2012/11/13, 09:05:11.468, 7590223636156, QTAgent32.exe, &lt;a class=success&gt;Playback - {114} [SUCCESS] SetValueAsEditBox "AUTO173" - "[MSAA, VisibleOnly]ControlType='Edit'"  &lt; Set via SendKeys &gt;
\0&lt;/a&gt;
W, 2116, 13, 2012/11/13, 09:05:11.780, 7590228105918, QTAgent32.exe, &lt;a class=success&gt;Playback - {115} [SUCCESS] SetValueAsEditBox "-1001" - "[MSAA, VisibleOnly]ControlType='Edit'"  &lt; Set via SendKeys &gt;
\0&lt;/a&gt;
W, 2116, 13, 2012/11/13, 09:05:11.983, 7590231003245, QTAgent32.exe, &lt;a class=success&gt;Playback - {116} [SUCCESS] SendKeys "^{HOME}" - "[MSAA, VisibleOnly]ControlType='Edit'"
\0&lt;/a&gt;
E, 2116, 13, 2012/11/13, 09:05:11.983, 7590231005843, QTAgent32.exe, Msaa.GetFocusedElement: could not find accessible object of foreground window
W, 2116, 13, 2012/11/13, 09:05:12.061, 7590232121511, QTAgent32.exe, &lt;a class=success&gt;Playback - {117} [SUCCESS] SendKeys "^+{END}" - "[MSAA, VisibleOnly]ControlType='Edit'"
\0&lt;/a&gt;
E, 2116, 13, 2012/11/13, 09:05:12.061, 7590232123814, QTAgent32.exe, Msaa.GetFocusedElement: could not find accessible object of foreground window
W, 2116, 13, 2012/11/13, 09:05:12.076, 7590232344891, QTAgent32.exe, &lt;a class=success&gt;Playback - {118} [SUCCESS] SendKeys "{DELETE}" - "[MSAA, VisibleOnly]ControlType='Edit'"
\0&lt;/a&gt;
W, 2116, 13, 2012/11/13, 09:05:12.404, 7590237039429, QTAgent32.exe, &lt;a class=success&gt;Playback - {119} [SUCCESS] SetValueAsEditBox "20/11/2011" - "[MSAA, VisibleOnly]ControlType='Edit'"  &lt; Set via SendKeys &gt;
\0&lt;/a&gt;
W, 2116, 13, 2012/11/13, 09:05:13.028, 7590246001844, QTAgent32.exe, &lt;a class=success&gt;Playback - {120} [SUCCESS] MouseButtonClick - "[MSAA, VisibleOnly]ControlType='Button' &amp;&amp; Name='Regress'"
\0&lt;/a&gt;
W, 2116, 13, 2012/11/13, 09:05:15.446, 7590280592001, QTAgent32.exe, &lt;a class=success&gt;Playback - {121} [SUCCESS] MouseButtonClick - "[MSAA, VisibleOnly]ControlType='Button' &amp;&amp; Name='Exit'"
\0&lt;/a&gt;
W, 2116, 13, 2012/11/13, 09:05:15.930, 7590287555683, QTAgent32.exe, &lt;a class=success&gt;Playback - {122} [SUCCESS] MouseButtonClick - "[MSAA, VisibleOnly]ControlType='Button'"
\0&lt;/a&gt;
W, 2116, 13, 2012/11/13, 09:05:16.366, 7590293839571, QTAgent32.exe, &lt;a class=success&gt;Playback - {123} [SUCCESS] MouseButtonClick - "[MSAA, VisibleOnly]ControlType='Button' &amp;&amp; Name='Options'"
\0&lt;/a&gt;
W, 2116, 13, 2012/11/13, 09:05:16.476, 7590295337154, QTAgent32.exe, FindScreenElementInSinglePass : Attempting to find control in one pass of search. Failures can occur.
W, 2116, 13, 2012/11/13, 09:05:16.632, 7590297567040, QTAgent32.exe, &lt;a class=success&gt;Playback - {124} [SUCCESS] MouseButtonClick - "[MSAA]ControlType='MenuItem' &amp;&amp; Name='Links'"
\0&lt;/a&gt;
W, 2116, 13, 2012/11/13, 09:05:16.741, 7590299134192, QTAgent32.exe, FindScreenElementInSinglePass : Attempting to find control in one pass of search. Failures can occur.
W, 2116, 13, 2012/11/13, 09:05:16.913, 7590301588868, QTAgent32.exe, &lt;a class=success&gt;Playback - {125} [SUCCESS] MouseButtonClick - "[MSAA]ControlType='MenuItem' &amp;&amp; Name='3rd Party Integration'"
\0&lt;/a&gt;
W, 2116, 13, 2012/11/13, 09:05:17.022, 7590303156608, QTAgent32.exe, FindScreenElementInSinglePass : Attempting to find control in one pass of search. Failures can occur.
W, 2116, 13, 2012/11/13, 09:05:17.193, 7590305636564, QTAgent32.exe, &lt;a class=success&gt;Playback - {126} [SUCCESS] MouseButtonClick - "[MSAA]ControlType='MenuItem' &amp;&amp; Name='Renewals Loader'"
\0&lt;/a&gt;
W, 2116, 13, 2012/11/13, 09:05:17.849, 7590314992165, QTAgent32.exe, &lt;a class=success&gt;Playback - {127} [SUCCESS] MouseButtonClick - "[MSAA, VisibleOnly]ControlType='TitleBar'"
\0&lt;/a&gt;
W, 2116, 13, 2012/11/13, 09:05:18.067, 7590318117498, QTAgent32.exe, &lt;a class=success&gt;Playback - {128} [SUCCESS] SendKeys "^{HOME}" - "[MSAA, VisibleOnly]ControlType='Edit'"
\0&lt;/a&gt;
E, 2116, 13, 2012/11/13, 09:05:18.067, 7590318120534, QTAgent32.exe, Msaa.GetFocusedElement: could not find accessible object of foreground window
W, 2116, 13, 2012/11/13, 09:05:18.145, 7590319232568, QTAgent32.exe, &lt;a class=success&gt;Playback - {129} [SUCCESS] SendKeys "^+{END}" - "[MSAA, VisibleOnly]ControlType='Edit'"
\0&lt;/a&gt;
E, 2116, 13, 2012/11/13, 09:05:18.145, 7590319235063, QTAgent32.exe, Msaa.GetFocusedElement: could not find accessible object of foreground window
W, 2116, 13, 2012/11/13, 09:05:18.161, 7590319457041, QTAgent32.exe, &lt;a class=success&gt;Playback - {130} [SUCCESS] SendKeys "{DELETE}" - "[MSAA, VisibleOnly]ControlType='Edit'"
\0&lt;/a&gt;
W, 2116, 13, 2012/11/13, 09:05:18.504, 7590324378741, QTAgent32.exe, &lt;a class=success&gt;Playback - {131} [SUCCESS] SetValueAsEditBox "13/10/2012" - "[MSAA, VisibleOnly]ControlType='Edit'"  &lt; Set via SendKeys &gt;
\0&lt;/a&gt;
W, 2116, 13, 2012/11/13, 09:05:19.097, 7590332882647, QTAgent32.exe, &lt;a class=success&gt;Playback - {132} [SUCCESS] MouseButtonClick - "[MSAA, VisibleOnly]ControlType='Button' &amp;&amp; Name='Run'"
\0&lt;/a&gt;
W, 2116, 13, 2012/11/13, 09:05:20.095, 7590347173564, QTAgent32.exe, PERF WARNING: FindTopLevelWindowHelper::FindAllDescendents: took 889 ms. Expected it to take maximum 500 ms.
W, 2116, 13, 2012/11/13, 09:05:20.610, 7590354610574, QTAgent32.exe, &lt;a class=success&gt;Playback - {133} [SUCCESS] MouseButtonClick - "[MSAA, VisibleOnly]ControlType='Button' &amp;&amp; Name='Close'"
\0&lt;/a&gt;
W, 2116, 13, 2012/11/13, 09:05:21.047, 7590360782566, QTAgent32.exe, &lt;a class=success&gt;Playback - {134} [SUCCESS] MouseButtonClick - "[MSAA, VisibleOnly]ControlType='TitleBar'"
\0&lt;/a&gt;
W, 2116, 13, 2012/11/13, 09:05:21.437, 7590366390525, QTAgent32.exe, &lt;a class=success&gt;Playback - {135} [SUCCESS] MouseButtonClick - "[MSAA, VisibleOnly]ControlType='Button' &amp;&amp; Name='Close'"
\0&lt;/a&gt;
W, 2116, 13, 2012/11/13, 09:05:21.811, 7590371786156, QTAgent32.exe, &lt;a class=success&gt;Playback - {136} [SUCCESS] MouseButtonClick - "[MSAA, VisibleOnly]ControlType='Button' &amp;&amp; Name='Options'"
\0&lt;/a&gt;
W, 2116, 13, 2012/11/13, 09:05:21.920, 7590373295344, QTAgent32.exe, FindScreenElementInSinglePass : Attempting to find control in one pass of search. Failures can occur.
W, 2116, 13, 2012/11/13, 09:05:22.076, 7590375519973, QTAgent32.exe, &lt;a class=success&gt;Playback - {137} [SUCCESS] MouseButtonClick - "[MSAA]ControlType='MenuItem' &amp;&amp; Name='Links'"
\0&lt;/a&gt;
W, 2116, 13, 2012/11/13, 09:05:22.186, 7590377088993, QTAgent32.exe, FindScreenElementInSinglePass : Attempting to find control in one pass of search. Failures can occur.
W, 2116, 13, 2012/11/13, 09:05:22.373, 7590379804606, QTAgent32.exe, &lt;a class=success&gt;Playback - {138} [SUCCESS] MouseButtonClick - "[MSAA]ControlType='MenuItem' &amp;&amp; Name='3rd Party Integration'"
\0&lt;/a&gt;
W, 2116, 13, 2012/11/13, 09:05:22.482, 7590381426365, QTAgent32.exe, FindScreenElementInSinglePass : Attempting to find control in one pass of search. Failures can occur.
W, 2116, 13, 2012/11/13, 09:05:22.654, 7590383812241, QTAgent32.exe, &lt;a class=success&gt;Playback - {139} [SUCCESS] MouseButtonClick - "[MSAA]ControlType='MenuItem' &amp;&amp; Name='Renewals Module'"
\0&lt;/a&gt;
W, 2116, 13, 2012/11/13, 09:05:23.168, 7590391159380, QTAgent32.exe, &lt;a class=success&gt;Playback - {140} [SUCCESS] SetValueAsEditBox "1" - "[MSAA, VisibleOnly]ControlType='Edit'"  &lt; Set via SendKeys &gt;
\0&lt;/a&gt;
W, 2116, 13, 2012/11/13, 09:05:23.636, 7590397915910, QTAgent32.exe, &lt;a class=success&gt;Playback - {141} [SUCCESS] MouseButtonClick - "[MSAA, VisibleOnly]ControlType='Button' &amp;&amp; Name='Ok'"
\0&lt;/a&gt;
W, 2116, 13, 2012/11/13, 09:05:24.027, 7590403466837, QTAgent32.exe, Playback - [WARNING] Internal warning: Window Not Found: [VisibleOnly]ControlType='Window' &amp;&amp; Name='insur-E.tam' &amp;&amp; ClassName='#32770'
\0
E, 2116, 13, 2012/11/13, 09:05:24.027, 7590403469657, QTAgent32.exe, &lt;a class=failure&gt;Playback - {142} [FAILED] Function ElementFetcher::FindScreenElement failed to locate UI element (Searching: ;[VisibleOnly]ControlType='Window' &amp;&amp; Name='insur-E.tam' &amp;&amp; ClassName='#32770') (The object specified was not found.)
\0&lt;/a&gt;
E, 2116, 13, 2012/11/13, 09:05:24.120, 7590404881606, QTAgent32.exe, Playback - [IMAGE] C:\Users\peter.zenin-ad\AppData\Local\Temp\UITestLogs\LastRun\RPFA920.png
\0
W, 2116, 13, 2012/11/13, 09:05:24.120, 7590404883855, QTAgent32.exe, Playback - [WARNING] Internal warning: Couldn't find descendants that match QueryId
\0
W, 2116, 13, 2012/11/13, 09:05:42.233, 7590664156662, QTAgent32.exe, Playback - [WARNING] Internal warning: Window Not Found: [VisibleOnly]ControlType='Window' &amp;&amp; Name='insur-E.tam' &amp;&amp; ClassName='#32770'
\0
E, 2116, 13, 2012/11/13, 09:05:42.233, 7590664159437, QTAgent32.exe, &lt;a class=failure&gt;Playback - {143} [FAILED] Function ElementFetcher::FindScreenElement failed to locate UI element (Searching: ;[VisibleOnly]ControlType='Window' &amp;&amp; Name='insur-E.tam' &amp;&amp; ClassName='#32770') (The object specified was not found.)
\0&lt;/a&gt;
E, 2116, 13, 2012/11/13, 09:05:42.326, 7590665534646, QTAgent32.exe, Playback - [IMAGE] C:\Users\peter.zenin-ad\AppData\Local\Temp\UITestLogs\LastRun\RPFF03E.png
\0
W, 2116, 13, 2012/11/13, 09:05:42.326, 7590665536814, QTAgent32.exe, Playback - [WARNING] Internal warning: Couldn't find descendants that match QueryId
\0
W, 2116, 13, 2012/11/13, 09:05:42.326, 7590665539765, QTAgent32.exe, PERF WARNING: FindTopLevelWindowHelper::FindAllDescendents: took 18204 ms. Expected it to take maximum 500 ms.
W, 2116, 13, 2012/11/13, 09:05:42.826, 7590672718830, QTAgent32.exe, Playback - [WARNING] Internal warning: Smart Match failed
\0
W, 2116, 13, 2012/11/13, 09:05:43.013, 7590675401231, QTAgent32.exe, Playback - [WARNING] Internal warning: Smart Match failed
\0
W, 2116, 13, 2012/11/13, 09:05:43.200, 7590678081483, QTAgent32.exe, Playback - [WARNING] Internal warning: Smart Match failed
\0
W, 2116, 13, 2012/11/13, 09:05:43.387, 7590680761232, QTAgent32.exe, Playback - [WARNING] Internal warning: Smart Match failed
\0
W, 2116, 13, 2012/11/13, 09:05:43.574, 7590683439766, QTAgent32.exe, Playback - [WARNING] Internal warning: Smart Match failed
\0
W, 2116, 13, 2012/11/13, 09:05:43.762, 7590686118662, QTAgent32.exe, Playback - [WARNING] Internal warning: Smart Match failed
\0
W, 2116, 13, 2012/11/13, 09:05:43.949, 7590688796059, QTAgent32.exe, Playback - [WARNING] Internal warning: Smart Match failed
\0
W, 2116, 13, 2012/11/13, 09:05:44.136, 7590691473726, QTAgent32.exe, Playback - [WARNING] Internal warning: Smart Match failed
\0
W, 2116, 13, 2012/11/13, 09:05:44.323, 7590694156178, QTAgent32.exe, Playback - [WARNING] Internal warning: Smart Match failed
\0
W, 2116, 13, 2012/11/13, 09:05:44.511, 7590696838217, QTAgent32.exe, Playback - [WARNING] Internal warning: Smart Match failed
\0
W, 2116, 13, 2012/11/13, 09:05:44.698, 7590699515117, QTAgent32.exe, Playback - [WARNING] Internal warning: Smart Match failed
\0
W, 2116, 13, 2012/11/13, 09:05:44.885, 7590702199681, QTAgent32.exe, Playback - [WARNING] Internal warning: Smart Match failed
\0
W, 2116, 13, 2012/11/13, 09:05:45.072, 7590704879771, QTAgent32.exe, Playback - [WARNING] Internal warning: Smart Match failed
\0
W, 2116, 13, 2012/11/13, 09:05:45.259, 7590707561056, QTAgent32.exe, Playback - [WARNING] Internal warning: Smart Match failed
\0
W, 2116, 13, 2012/11/13, 09:05:45.337, 7590708692134, QTAgent32.exe, Playback - [WARNING] Internal warning: Window Not Found: [VisibleOnly]ControlType='Window' &amp;&amp; Name='insur-E.tam' &amp;&amp; ClassName='#32770'
\0
E, 2116, 13, 2012/11/13, 09:05:45.337, 7590708694383, QTAgent32.exe, &lt;a class=failure&gt;Playback - {144} [FAILED] Function ElementFetcher::FindScreenElement failed to locate UI element (Searching: ;[VisibleOnly]ControlType='Window' &amp;&amp; Name='insur-E.tam' &amp;&amp; ClassName='#32770') (The object specified was not found.)
\0&lt;/a&gt;
E, 2116, 13, 2012/11/13, 09:05:45.431, 7590710075044, QTAgent32.exe, Playback - [IMAGE] C:\Users\peter.zenin-ad\AppData\Local\Temp\UITestLogs\LastRun\RPFFC60.png
\0
W, 2116, 13, 2012/11/13, 09:05:45.431, 7590710077150, QTAgent32.exe, Playback - [WARNING] Internal warning: Couldn't find descendants that match QueryId
\0
W, 2116, 13, 2012/11/13, 09:05:45.431, 7590710080159, QTAgent32.exe, PERF WARNING: FindTopLevelWindowHelper::FindAllDescendents: took 3110 ms. Expected it to take maximum 500 ms.
E, 2116, 13, 2012/11/13, 09:05:45.431, 7590710081957, QTAgent32.exe, Exception: System.Runtime.InteropServices.COMException
	Message: Error HRESULT E_FAIL has been returned from a call to a COM component.
	Stack Trace:    at Microsoft.VisualStudio.TestTools.UITest.Playback.Engine.IRPFPlayback.FindAllScreenElements(IScreenElement pScreenElementStart, String bstrQueryId, Object&amp; pvarResKeys, Int32 cResKeys, Int32 nMaxDepth, Object[]&amp; foundDescendants)
   at Microsoft.VisualStudio.TestTools.UITest.Playback.ScreenElement.FindTopLevelWindowHelper(String queryId)
	BaseExceptionMessage: Error HRESULT E_FAIL has been returned from a call to a COM component.

E, 2116, 13, 2012/11/13, 09:05:45.431, 7590710087209, QTAgent32.exe, Window 8192826 not responding. Last Win32 error 0
E, 2116, 13, 2012/11/13, 09:05:45.431, 7590710093010, QTAgent32.exe, GetClassName for handle 8192826 failed
E, 2116, 13, 2012/11/13, 09:05:45.431, 7590710101092, QTAgent32.exe, Window 8192826 not responding. Last Win32 error 1400
E, 2116, 13, 2012/11/13, 09:05:45.447, 7590710122957, QTAgent32.exe, Window 8192826 not responding. Last Win32 error 1400
E, 2116, 13, 2012/11/13, 09:05:45.447, 7590710124136, QTAgent32.exe, GetClassName for handle 8192826 failed
E, 2116, 13, 2012/11/13, 09:05:45.447, 7590710124928, QTAgent32.exe, GetClassName for handle 8192826 failed
E, 2116, 13, 2012/11/13, 09:05:45.556, 7590711687375, QTAgent32.exe, AL: Playback Error: Microsoft.VisualStudio.TestTools.UITest.Extension.UITestControlNotFoundException: The playback failed to find the control with the given search properties. Additional Details: 
TechnologyName:  'MSAA'
ControlType:  'Window'
 ---&gt; System.Runtime.InteropServices.COMException: Error HRESULT E_FAIL has been returned from a call to a COM component.
   at Microsoft.VisualStudio.TestTools.UITest.Playback.Engine.IRPFPlayback.FindAllScreenElements(IScreenElement pScreenElementStart, String bstrQueryId, Object&amp; pvarResKeys, Int32 cResKeys, Int32 nMaxDepth, Object[]&amp; foundDescendants)
   at Microsoft.VisualStudio.TestTools.UITest.Playback.ScreenElement.FindTopLevelWindowHelper(String queryId)
   at Microsoft.VisualStudio.TestTools.UITest.Playback.ScreenElement.FindFromPartialQueryId(String queryId)
   at Microsoft.VisualStudio.TestTools.UITesting.UITestControl..ctor(String queryId)
   --- End of inner exception stack trace ---
   at Microsoft.VisualStudio.TestTools.UITesting.Playback.MapControlNotFoundException(COMException ex, IPlaybackContext context)
   at Microsoft.VisualStudio.TestTools.UITesting.Playback.MapAndThrowComException(COMException innerException, IPlaybackContext context)
   at Microsoft.VisualStudio.TestTools.UITesting.Playback.MapAndThrowException(SystemException exception, IPlaybackContext context)
   at Microsoft.VisualStudio.TestTools.UITesting.Playback.MapAndThrowException(SystemException exception, String queryId)
   at Microsoft.VisualStudio.TestTools.UITesting.UITestControl..ctor(String queryId)
   at Microsoft.VisualStudio.TestTools.UITesting.SearchHelper.SearchTopLevelWindow(ISearchArgument topLevelSearchArg, String topLevelElementQueryId)
   at Microsoft.VisualStudio.TestTools.UITesting.SearchHelper.GetTitleUpdatedTopLevelWindow(ISearchArgument topLevelSearchArg, String queryId, IList`1 windowTitles)
   at Microsoft.VisualStudio.TestTools.UITesting.SearchHelper.GetTopLevelElement(Boolean useCache, Boolean useCacheOnly, ISearchArgument searchArg, IList`1 windowTitles, Int32&amp; timeLeft)
   at Microsoft.VisualStudio.TestTools.UITesting.SearchHelper.GetElement(Boolean useCache, ISearchArgument searchArg)
   at Microsoft.VisualStudio.TestTools.UITesting.SearchHelper.Search(ISearchArgument searchArg)
   at Microsoft.VisualStudio.TestTools.UITesting.UITestControl.FindInternal()
   at Microsoft.VisualStudio.TestTools.UITesting.UITestControl.FindControlIfNecessary()
   at Microsoft.VisualStudio.TestTools.UITesting.UITestControl.Click(MouseButtons button, ModifierKeys modifierKeys, Point relativeCoordinates)
   at Microsoft.VisualStudio.TestTools.UITesting.Mouse.ClickImplementation(UITestControl control, MouseButtons button, ModifierKeys modifierKeys, Point relativeCoordinate)
   at Microsoft.VisualStudio.TestTools.UITesting.Mouse.ClickImplementationWrapper(UITestControl control, MouseButtons button, ModifierKeys modifierKeys, Point relativeCoordinate)
W, 2116, 13, 2012/11/13, 09:05:45.556, 7590711689327, QTAgent32.exe, PlaybackErrorHandler: Ignoring exception as ContinueOnError is set.
W, 2116, 13, 2012/11/13, 09:05:45.837, 7590715765326, QTAgent32.exe, Playback - [WARNING] Internal warning: Window Not Found: [VisibleOnly]ControlType='Window' &amp;&amp; Name='Policies Auto-Renewed &amp; Auto-Lapsed' &amp;&amp; ClassName='ThunderRT6FormDC'
\0
E, 2116, 13, 2012/11/13, 09:05:45.837, 7590715768186, QTAgent32.exe, &lt;a class=failure&gt;Playback - {145} [FAILED] Function ElementFetcher::FindScreenElement failed to locate UI element (Searching: ;[VisibleOnly]ControlType='Window' &amp;&amp; Name='Policies Auto-Renewed &amp; Auto-Lapsed' &amp;&amp; ClassName='ThunderRT6FormDC') (The object specified was not found.)
\0&lt;/a&gt;
E, 2116, 13, 2012/11/13, 09:05:45.930, 7590717153104, QTAgent32.exe, Playback - [IMAGE] C:\Users\peter.zenin-ad\AppData\Local\Temp\UITestLogs\LastRun\RPFFE54.png
\0
W, 2116, 13, 2012/11/13, 09:05:45.930, 7590717156483, QTAgent32.exe, Playback - [WARNING] Internal warning: Couldn't find descendants that match QueryId
\0
W, 2116, 13, 2012/11/13, 09:06:04.012, 7590975970051, QTAgent32.exe, Playback - [WARNING] Internal warning: Window Not Found: [VisibleOnly]ControlType='Window' &amp;&amp; Name='Policies Auto-Renewed &amp; Auto-Lapsed' &amp;&amp; ClassName='ThunderRT6FormDC'
\0
E, 2116, 13, 2012/11/13, 09:06:04.012, 7590975972888, QTAgent32.exe, &lt;a class=failure&gt;Playback - {146} [FAILED] Function ElementFetcher::FindScreenElement failed to locate UI element (Searching: ;[VisibleOnly]ControlType='Window' &amp;&amp; Name='Policies Auto-Renewed &amp; Auto-Lapsed' &amp;&amp; ClassName='ThunderRT6FormDC') (The object specified was not found.)
\0&lt;/a&gt;
E, 2116, 13, 2012/11/13, 09:06:04.105, 7590977339892, QTAgent32.exe, Playback - [IMAGE] C:\Users\peter.zenin-ad\AppData\Local\Temp\UITestLogs\LastRun\RPF4553.png
\0
W, 2116, 13, 2012/11/13, 09:06:04.105, 7590977342079, QTAgent32.exe, Playback - [WARNING] Internal warning: Couldn't find descendants that match QueryId
\0
W, 2116, 13, 2012/11/13, 09:06:04.105, 7590977345065, QTAgent32.exe, PERF WARNING: FindTopLevelWindowHelper::FindAllDescendents: took 18171 ms. Expected it to take maximum 500 ms.
W, 2116, 13, 2012/11/13, 09:06:04.604, 7590984536007, QTAgent32.exe, Playback - [WARNING] Internal warning: Smart Match failed
\0
W, 2116, 13, 2012/11/13, 09:06:04.792, 7590987210407, QTAgent32.exe, Playback - [WARNING] Internal warning: Smart Match failed
\0
W, 2116, 13, 2012/11/13, 09:06:04.979, 7590989894747, QTAgent32.exe, Playback - [WARNING] Internal warning: Smart Match failed
\0
W, 2116, 13, 2012/11/13, 09:06:05.166, 7590992573862, QTAgent32.exe, Playback - [WARNING] Internal warning: Smart Match failed
\0
W, 2116, 13, 2012/11/13, 09:06:05.369, 7590995475126, QTAgent32.exe, Playback - [WARNING] Internal warning: Smart Match failed
\0
W, 2116, 13, 2012/11/13, 09:06:05.556, 7590998162389, QTAgent32.exe, Playback - [WARNING] Internal warning: Smart Match failed
\0
W, 2116, 13, 2012/11/13, 09:06:05.743, 7591000840011, QTAgent32.exe, Playback - [WARNING] Internal warning: Smart Match failed
\0
W, 2116, 13, 2012/11/13, 09:06:05.931, 7591003522521, QTAgent32.exe, Playback - [WARNING] Internal warning: Smart Match failed
\0
W, 2116, 13, 2012/11/13, 09:06:06.118, 7591006196737, QTAgent32.exe, Playback - [WARNING] Internal warning: Smart Match failed
\0
W, 2116, 13, 2012/11/13, 09:06:06.305, 7591008878420, QTAgent32.exe, Playback - [WARNING] Internal warning: Smart Match failed
\0
W, 2116, 13, 2012/11/13, 09:06:06.492, 7591011557273, QTAgent32.exe, Playback - [WARNING] Internal warning: Smart Match failed
\0
W, 2116, 13, 2012/11/13, 09:06:06.851, 7591016695656, QTAgent32.exe, Playback - [WARNING] Internal warning: Smart Match failed
\0
W, 2116, 13, 2012/11/13, 09:06:07.038, 7591019382832, QTAgent32.exe, Playback - [WARNING] Internal warning: Smart Match failed
\0
W, 2116, 13, 2012/11/13, 09:06:07.116, 7591020573408, QTAgent32.exe, Playback - [WARNING] Internal warning: Window Not Found: [VisibleOnly]ControlType='Window' &amp;&amp; Name='Policies Auto-Renewed &amp; Auto-Lapsed' &amp;&amp; ClassName='ThunderRT6FormDC'
\0
E, 2116, 13, 2012/11/13, 09:06:07.116, 7591020575869, QTAgent32.exe, &lt;a class=failure&gt;Playback - {147} [FAILED] Function ElementFetcher::FindScreenElement failed to locate UI element (Searching: ;[VisibleOnly]ControlType='Window' &amp;&amp; Name='Policies Auto-Renewed &amp; Auto-Lapsed' &amp;&amp; ClassName='ThunderRT6FormDC') (The object specified was not found.)
\0&lt;/a&gt;
E, 2116, 13, 2012/11/13, 09:06:07.225, 7591021959030, QTAgent32.exe, Playback - [IMAGE] C:\Users\peter.zenin-ad\AppData\Local\Temp\UITestLogs\LastRun\RPF5175.png
\0
W, 2116, 13, 2012/11/13, 09:06:07.225, 7591021961235, QTAgent32.exe, Playback - [WARNING] Internal warning: Couldn't find descendants that match QueryId
\0
W, 2116, 13, 2012/11/13, 09:06:07.225, 7591021964223, QTAgent32.exe, PERF WARNING: FindTopLevelWindowHelper::FindAllDescendents: took 3116 ms. Expected it to take maximum 500 ms.
E, 2116, 13, 2012/11/13, 09:06:07.225, 7591021966036, QTAgent32.exe, Exception: System.Runtime.InteropServices.COMException
	Message: Error HRESULT E_FAIL has been returned from a call to a COM component.
	Stack Trace:    at Microsoft.VisualStudio.TestTools.UITest.Playback.Engine.IRPFPlayback.FindAllScreenElements(IScreenElement pScreenElementStart, String bstrQueryId, Object&amp; pvarResKeys, Int32 cResKeys, Int32 nMaxDepth, Object[]&amp; foundDescendants)
   at Microsoft.VisualStudio.TestTools.UITest.Playback.ScreenElement.FindTopLevelWindowHelper(String queryId)
	BaseExceptionMessage: Error HRESULT E_FAIL has been returned from a call to a COM component.

E, 2116, 13, 2012/11/13, 09:06:07.335, 7591023499578, QTAgent32.exe, AL: Playback Error: Microsoft.VisualStudio.TestTools.UITest.Extension.UITestControlNotFoundException: The playback failed to find the control with the given search properties. Additional Details: 
TechnologyName:  'MSAA'
ControlType:  'Window'
Name:  'Policies Auto-Renewed &amp; Auto-Lapsed'
ClassName:  'ThunderRT6FormDC'
 ---&gt; System.Runtime.InteropServices.COMException: Error HRESULT E_FAIL has been returned from a call to a COM component.
   at Microsoft.VisualStudio.TestTools.UITest.Playback.Engine.IRPFPlayback.FindAllScreenElements(IScreenElement pScreenElementStart, String bstrQueryId, Object&amp; pvarResKeys, Int32 cResKeys, Int32 nMaxDepth, Object[]&amp; foundDescendants)
   at Microsoft.VisualStudio.TestTools.UITest.Playback.ScreenElement.FindTopLevelWindowHelper(String queryId)
   at Microsoft.VisualStudio.TestTools.UITest.Playback.ScreenElement.FindFromPartialQueryId(String queryId)
   at Microsoft.VisualStudio.TestTools.UITesting.UITestControl..ctor(String queryId)
   --- End of inner exception stack trace ---
   at Microsoft.VisualStudio.TestTools.UITesting.Playback.MapControlNotFoundException(COMException ex, IPlaybackContext context)
   at Microsoft.VisualStudio.TestTools.UITesting.Playback.MapAndThrowComException(COMException innerException, IPlaybackContext context)
   at Microsoft.VisualStudio.TestTools.UITesting.Playback.MapAndThrowException(SystemException exception, IPlaybackContext context)
   at Microsoft.VisualStudio.TestTools.UITesting.Playback.MapAndThrowException(SystemException exception, String queryId)
   at Microsoft.VisualStudio.TestTools.UITesting.UITestControl..ctor(String queryId)
   at Microsoft.VisualStudio.TestTools.UITesting.SearchHelper.SearchTopLevelWindow(ISearchArgument topLevelSearchArg, String topLevelElementQueryId)
   at Microsoft.VisualStudio.TestTools.UITesting.SearchHelper.GetTitleUpdatedTopLevelWindow(ISearchArgument topLevelSearchArg, String queryId, IList`1 windowTitles)
   at Microsoft.VisualStudio.TestTools.UITesting.SearchHelper.GetTopLevelElement(Boolean useCache, Boolean useCacheOnly, ISearchArgument searchArg, IList`1 windowTitles, Int32&amp; timeLeft)
   at Microsoft.VisualStudio.TestTools.UITesting.SearchHelper.GetElement(Boolean useCache, ISearchArgument searchArg)
   at Microsoft.VisualStudio.TestTools.UITesting.SearchHelper.Search(ISearchArgument searchArg)
   at Microsoft.VisualStudio.TestTools.UITesting.UITestControl.FindInternal()
   at Microsoft.VisualStudio.TestTools.UITesting.UITestControl.FindControlIfNecessary()
   at Microsoft.VisualStudio.TestTools.UITesting.UITestControl.Click(MouseButtons button, ModifierKeys modifierKeys, Point relativeCoordinates)
   at Microsoft.VisualStudio.TestTools.UITesting.Mouse.ClickImplementation(UITestControl control, MouseButtons button, ModifierKeys modifierKeys, Point relativeCoordinate)
   at Microsoft.VisualStudio.TestTools.UITesting.Mouse.ClickImplementationWrapper(UITestControl control, MouseButtons button, ModifierKeys modifierKeys, Point relativeCoordinate)
W, 2116, 13, 2012/11/13, 09:06:07.335, 7591023501002, QTAgent32.exe, PlaybackErrorHandler: Ignoring exception as ContinueOnError is set.
W, 2116, 13, 2012/11/13, 09:06:07.615, 7591027543294, QTAgent32.exe, Playback - [WARNING] Internal warning: Window Not Found: [VisibleOnly]ControlType='Window' &amp;&amp; Name='insur-E.tam' &amp;&amp; ClassName='ThunderRT6MDIForm'
\0
E, 2116, 13, 2012/11/13, 09:06:07.615, 7591027546045, QTAgent32.exe, &lt;a class=failure&gt;Playback - {148} [FAILED] Function ElementFetcher::FindScreenElement failed to locate UI element (Searching: ;[VisibleOnly]ControlType='Window' &amp;&amp; Name='insur-E.tam' &amp;&amp; ClassName='ThunderRT6MDIForm') (The object specified was not found.)
\0&lt;/a&gt;
E, 2116, 13, 2012/11/13, 09:06:07.709, 7591028926711, QTAgent32.exe, Playback - [IMAGE] C:\Users\peter.zenin-ad\AppData\Local\Temp\UITestLogs\LastRun\RPF5369.png
\0
W, 2116, 13, 2012/11/13, 09:06:07.709, 7591028928900, QTAgent32.exe, Playback - [WARNING] Internal warning: Couldn't find descendants that match QueryId
\0
W, 2116, 13, 2012/11/13, 09:06:25.822, 7591288223999, QTAgent32.exe, Playback - [WARNING] Internal warning: Window Not Found: [VisibleOnly]ControlType='Window' &amp;&amp; Name='insur-E.tam' &amp;&amp; ClassName='ThunderRT6MDIForm'
\0
E, 2116, 13, 2012/11/13, 09:06:25.822, 7591288226718, QTAgent32.exe, &lt;a class=failure&gt;Playback - {149} [FAILED] Function ElementFetcher::FindScreenElement failed to locate UI element (Searching: ;[VisibleOnly]ControlType='Window' &amp;&amp; Name='insur-E.tam' &amp;&amp; ClassName='ThunderRT6MDIForm') (The object specified was not found.)
\0&lt;/a&gt;
E, 2116, 13, 2012/11/13, 09:06:25.915, 7591289601914, QTAgent32.exe, Playback - [IMAGE] C:\Users\peter.zenin-ad\AppData\Local\Temp\UITestLogs\LastRun\RPF9A87.png
\0
W, 2116, 13, 2012/11/13, 09:06:25.915, 7591289604127, QTAgent32.exe, Playback - [WARNING] Internal warning: Couldn't find descendants that match QueryId
\0
W, 2116, 13, 2012/11/13, 09:06:25.915, 7591289607117, QTAgent32.exe, PERF WARNING: FindTopLevelWindowHelper::FindAllDescendents: took 18205 ms. Expected it to take maximum 500 ms.
W, 2116, 13, 2012/11/13, 09:06:26.415, 7591296803264, QTAgent32.exe, Playback - [WARNING] Internal warning: Smart Match failed
\0
W, 2116, 13, 2012/11/13, 09:06:26.617, 7591299697480, QTAgent32.exe, Playback - [WARNING] Internal warning: Smart Match failed
\0
W, 2116, 13, 2012/11/13, 09:06:26.805, 7591302384520, QTAgent32.exe, Playback - [WARNING] Internal warning: Smart Match failed
\0
W, 2116, 13, 2012/11/13, 09:06:26.992, 7591305058383, QTAgent32.exe, Playback - [WARNING] Internal warning: Smart Match failed
\0
W, 2116, 13, 2012/11/13, 09:06:27.179, 7591307739465, QTAgent32.exe, Playback - [WARNING] Internal warning: Smart Match failed
\0
W, 2116, 13, 2012/11/13, 09:06:27.366, 7591310422091, QTAgent32.exe, Playback - [WARNING] Internal warning: Smart Match failed
\0
W, 2116, 13, 2012/11/13, 09:06:27.553, 7591313101372, QTAgent32.exe, Playback - [WARNING] Internal warning: Smart Match failed
\0
W, 2116, 13, 2012/11/13, 09:06:27.741, 7591315789133, QTAgent32.exe, Playback - [WARNING] Internal warning: Smart Match failed
\0
W, 2116, 13, 2012/11/13, 09:06:27.928, 7591318467655, QTAgent32.exe, Playback - [WARNING] Internal warning: Smart Match failed
\0
W, 2116, 13, 2012/11/13, 09:06:28.115, 7591321141095, QTAgent32.exe, Playback - [WARNING] Internal warning: Smart Match failed
\0
W, 2116, 13, 2012/11/13, 09:06:28.302, 7591323821821, QTAgent32.exe, Playback - [WARNING] Internal warning: Smart Match failed
\0
W, 2116, 13, 2012/11/13, 09:06:28.489, 7591326500869, QTAgent32.exe, Playback - [WARNING] Internal warning: Smart Match failed
\0
W, 2116, 13, 2012/11/13, 09:06:28.677, 7591329185720, QTAgent32.exe, Playback - [WARNING] Internal warning: Smart Match failed
\0
W, 2116, 13, 2012/11/13, 09:06:28.864, 7591331864037, QTAgent32.exe, Playback - [WARNING] Internal warning: Smart Match failed
\0
W, 2116, 13, 2012/11/13, 09:06:28.942, 7591333022581, QTAgent32.exe, Playback - [WARNING] Internal warning: Window Not Found: [VisibleOnly]ControlType='Window' &amp;&amp; Name='insur-E.tam' &amp;&amp; ClassName='ThunderRT6MDIForm'
\0
E, 2116, 13, 2012/11/13, 09:06:28.942, 7591333024937, QTAgent32.exe, &lt;a class=failure&gt;Playback - {150} [FAILED] Function ElementFetcher::FindScreenElement failed to locate UI element (Searching: ;[VisibleOnly]ControlType='Window' &amp;&amp; Name='insur-E.tam' &amp;&amp; ClassName='ThunderRT6MDIForm') (The object specified was not found.)
\0&lt;/a&gt;
E, 2116, 13, 2012/11/13, 09:06:29.051, 7591334433145, QTAgent32.exe, Playback - [IMAGE] C:\Users\peter.zenin-ad\AppData\Local\Temp\UITestLogs\LastRun\RPFA6B8.png
\0
W, 2116, 13, 2012/11/13, 09:06:29.051, 7591334435277, QTAgent32.exe, Playback - [WARNING] Internal warning: Couldn't find descendants that match QueryId
\0
W, 2116, 13, 2012/11/13, 09:06:29.051, 7591334438594, QTAgent32.exe, PERF WARNING: FindTopLevelWindowHelper::FindAllDescendents: took 3130 ms. Expected it to take maximum 500 ms.
E, 2116, 13, 2012/11/13, 09:06:29.051, 7591334440459, QTAgent32.exe, Exception: System.Runtime.InteropServices.COMException
	Message: Error HRESULT E_FAIL has been returned from a call to a COM component.
	Stack Trace:    at Microsoft.VisualStudio.TestTools.UITest.Playback.Engine.IRPFPlayback.FindAllScreenElements(IScreenElement pScreenElementStart, String bstrQueryId, Object&amp; pvarResKeys, Int32 cResKeys, Int32 nMaxDepth, Object[]&amp; foundDescendants)
   at Microsoft.VisualStudio.TestTools.UITest.Playback.ScreenElement.FindTopLevelWindowHelper(String queryId)
	BaseExceptionMessage: Error HRESULT E_FAIL has been returned from a call to a COM component.

E, 2116, 13, 2012/11/13, 09:06:29.051, 7591334445653, QTAgent32.exe, Window 9439178 not responding. Last Win32 error 0
E, 2116, 13, 2012/11/13, 09:06:29.051, 7591334448334, QTAgent32.exe, GetClassName for handle 9439178 failed
E, 2116, 13, 2012/11/13, 09:06:29.051, 7591334452868, QTAgent32.exe, Window 9439178 not responding. Last Win32 error 1400
E, 2116, 13, 2012/11/13, 09:06:29.051, 7591334462942, QTAgent32.exe, Window 9439178 not responding. Last Win32 error 1400
E, 2116, 13, 2012/11/13, 09:06:29.051, 7591334464096, QTAgent32.exe, GetClassName for handle 9439178 failed
E, 2116, 13, 2012/11/13, 09:06:29.051, 7591334464915, QTAgent32.exe, GetClassName for handle 9439178 failed
E, 2116, 13, 2012/11/13, 09:06:29.160, 7591335985825, QTAgent32.exe, AL: Playback Error: Microsoft.VisualStudio.TestTools.UITest.Extension.UITestControlNotFoundException: The playback failed to find the control with the given search properties. Additional Details: 
TechnologyName:  'MSAA'
ControlType:  'Window'
 ---&gt; System.Runtime.InteropServices.COMException: Error HRESULT E_FAIL has been returned from a call to a COM component.
   at Microsoft.VisualStudio.TestTools.UITest.Playback.Engine.IRPFPlayback.FindAllScreenElements(IScreenElement pScreenElementStart, String bstrQueryId, Object&amp; pvarResKeys, Int32 cResKeys, Int32 nMaxDepth, Object[]&amp; foundDescendants)
   at Microsoft.VisualStudio.TestTools.UITest.Playback.ScreenElement.FindTopLevelWindowHelper(String queryId)
   at Microsoft.VisualStudio.TestTools.UITest.Playback.ScreenElement.FindFromPartialQueryId(String queryId)
   at Microsoft.VisualStudio.TestTools.UITesting.UITestControl..ctor(String queryId)
   --- End of inner exception stack trace ---
   at Microsoft.VisualStudio.TestTools.UITesting.Playback.MapControlNotFoundException(COMException ex, IPlaybackContext context)
   at Microsoft.VisualStudio.TestTools.UITesting.Playback.MapAndThrowComException(COMException innerException, IPlaybackContext context)
   at Microsoft.VisualStudio.TestTools.UITesting.Playback.MapAndThrowException(SystemException exception, IPlaybackContext context)
   at Microsoft.VisualStudio.TestTools.UITesting.Playback.MapAndThrowException(SystemException exception, String queryId)
   at Microsoft.VisualStudio.TestTools.UITesting.UITestControl..ctor(String queryId)
   at Microsoft.VisualStudio.TestTools.UITesting.SearchHelper.SearchTopLevelWindow(ISearchArgument topLevelSearchArg, String topLevelElementQueryId)
   at Microsoft.VisualStudio.TestTools.UITesting.SearchHelper.GetTitleUpdatedTopLevelWindow(ISearchArgument topLevelSearchArg, String queryId, IList`1 windowTitles)
   at Microsoft.VisualStudio.TestTools.UITesting.SearchHelper.GetTopLevelElement(Boolean useCache, Boolean useCacheOnly, ISearchArgument searchArg, IList`1 windowTitles, Int32&amp; timeLeft)
   at Microsoft.VisualStudio.TestTools.UITesting.SearchHelper.GetElement(Boolean useCache, ISearchArgument searchArg)
   at Microsoft.VisualStudio.TestTools.UITesting.SearchHelper.Search(ISearchArgument searchArg)
   at Microsoft.VisualStudio.TestTools.UITesting.UITestControl.FindInternal()
   at Microsoft.VisualStudio.TestTools.UITesting.UITestControl.FindControlIfNecessary()
   at Microsoft.VisualStudio.TestTools.UITesting.UITestControl.Click(MouseButtons button, ModifierKeys modifierKeys, Point relativeCoordinates)
   at Microsoft.VisualStudio.TestTools.UITesting.Mouse.ClickImplementation(UITestControl control, MouseButtons button, ModifierKeys modifierKeys, Point relativeCoordinate)
   at Microsoft.VisualStudio.TestTools.UITesting.Mouse.ClickImplementationWrapper(UITestControl control, MouseButtons button, ModifierKeys modifierKeys, Point relativeCoordinate)
W, 2116, 13, 2012/11/13, 09:06:30.783, 7591359218244, QTAgent32.exe, Playback - [WARNING] Internal warning: Element "[MSAA, VisibleOnly]ControlType='Window' &amp;&amp; ControlId='32770'" was not found, so all intermediate elements were ignored. To improve performance replace this element Id with another Id or exclude it from QueryId. If this element is the target element, replace or remove intermediate elements
\0
W, 2116, 13, 2012/11/13, 09:06:31.329, 7591367031898, QTAgent32.exe, PERF WARNING: FindAllDescendents: took 2076 ms. Expected it to take maximum 500 ms.
W, 2116, 13, 2012/11/13, 09:06:31.734, 7591373009374, QTAgent32.exe, &lt;a class=success&gt;Playback - {151} [SUCCESS] MouseButtonClick - "[MSAA, VisibleOnly]ControlType='Button' &amp;&amp; Name='Cancel'"
\0&lt;/a&gt;
W, 2116, 13, 2012/11/13, 09:06:33.404, 7591396743245, QTAgent32.exe, Playback - [WARNING] Internal warning: Element "[MSAA, VisibleOnly]ControlType='Window' &amp;&amp; ControlId='32769'" was not found, so all intermediate elements were ignored. To improve performance replace this element Id with another Id or exclude it from QueryId. If this element is the target element, replace or remove intermediate elements
\0
W, 2116, 13, 2012/11/13, 09:06:33.934, 7591404436221, QTAgent32.exe, PERF WARNING: FindAllDescendents: took 2081 ms. Expected it to take maximum 500 ms.
W, 2116, 13, 2012/11/13, 09:06:34.262, 7591409058036, QTAgent32.exe, &lt;a class=success&gt;Playback - {152} [SUCCESS] MouseButtonClick - "[MSAA, VisibleOnly]ControlType='Button' &amp;&amp; Name='Cancel'"
\0&lt;/a&gt;
W, 2116, 13, 2012/11/13, 09:06:34.621, 7591414375376, QTAgent32.exe, Playback - [WARNING] Internal warning: Window Not Found: [VisibleOnly]ControlType='Window' &amp;&amp; Name='Customer: txt1 tdsfs' &amp;&amp; ClassName='ThunderRT6MDIForm'
\0
E, 2116, 13, 2012/11/13, 09:06:34.621, 7591414378274, QTAgent32.exe, &lt;a class=failure&gt;Playback - {153} [FAILED] Function ElementFetcher::FindScreenElement failed to locate UI element (Searching: ;[VisibleOnly]ControlType='Window' &amp;&amp; Name='Customer: txt1 tdsfs' &amp;&amp; ClassName='ThunderRT6MDIForm') (The object specified was not found.)
\0&lt;/a&gt;
E, 2116, 13, 2012/11/13, 09:06:34.730, 7591415803573, QTAgent32.exe, Playback - [IMAGE] C:\Users\peter.zenin-ad\AppData\Local\Temp\UITestLogs\LastRun\RPFBCE8.png
\0
W, 2116, 13, 2012/11/13, 09:06:34.730, 7591415805762, QTAgent32.exe, Playback - [WARNING] Internal warning: Couldn't find descendants that match QueryId
\0
W, 2116, 13, 2012/11/13, 09:06:34.745, 7591416090756, QTAgent32.exe, Playback - [WARNING] Internal warning: Window Not Found: [VisibleOnly]ControlType='Window' &amp;&amp; Name='Customer: txt1 tdsfs' &amp;&amp; ClassName='ThunderRT6MDIForm'
\0
E, 2116, 13, 2012/11/13, 09:06:34.745, 7591416092768, QTAgent32.exe, &lt;a class=failure&gt;Playback - {154} [FAILED] Function ElementFetcher::FindScreenElement failed to locate UI element (Searching: ;[VisibleOnly]ControlType='Window' &amp;&amp; Name='Customer: txt1 tdsfs' &amp;&amp; ClassName='ThunderRT6MDIForm') (The object specified was not found.)
\0&lt;/a&gt;
E, 2116, 13, 2012/11/13, 09:06:34.839, 7591417503838, QTAgent32.exe, Playback - [IMAGE] C:\Users\peter.zenin-ad\AppData\Local\Temp\UITestLogs\LastRun\RPFBD65.png
\0
W, 2116, 13, 2012/11/13, 09:06:34.839, 7591417506007, QTAgent32.exe, Playback - [WARNING] Internal warning: Couldn't find descendants that match QueryId
\0
W, 2116, 13, 2012/11/13, 09:06:35.135, 7591421535277, QTAgent32.exe, Playback - [WARNING] Internal warning: Window Not Found: [VisibleOnly]ControlType='Window' &amp;&amp; Name='Customer: txt1 tdsfs' &amp;&amp; ClassName='ThunderRT6MDIForm'
\0
E, 2116, 13, 2012/11/13, 09:06:35.135, 7591421538215, QTAgent32.exe, &lt;a class=failure&gt;Playback - {155} [FAILED] Function ElementFetcher::FindScreenElement failed to locate UI element (Searching: ;[VisibleOnly]ControlType='Window' &amp;&amp; Name='Customer: txt1 tdsfs' &amp;&amp; ClassName='ThunderRT6MDIForm') (The object specified was not found.)
\0&lt;/a&gt;
E, 2116, 13, 2012/11/13, 09:06:35.229, 7591422911372, QTAgent32.exe, Playback - [IMAGE] C:\Users\peter.zenin-ad\AppData\Local\Temp\UITestLogs\LastRun\RPFBEEC.png
\0
W, 2116, 13, 2012/11/13, 09:06:35.229, 7591422913596, QTAgent32.exe, Playback - [WARNING] Internal warning: Couldn't find descendants that match QueryId
\0
E, 2116, 13, 2012/11/13, 09:06:35.229, 7591422917561, QTAgent32.exe, Exception: System.Runtime.InteropServices.COMException
	Message: Error HRESULT E_FAIL has been returned from a call to a COM component.
	Stack Trace:    at Microsoft.VisualStudio.TestTools.UITest.Playback.Engine.IRPFPlayback.FindAllScreenElements(IScreenElement pScreenElementStart, String bstrQueryId, Object&amp; pvarResKeys, Int32 cResKeys, Int32 nMaxDepth, Object[]&amp; foundDescendants)
   at Microsoft.VisualStudio.TestTools.UITest.Playback.ScreenElement.FindTopLevelWindowHelper(String queryId)
	BaseExceptionMessage: Error HRESULT E_FAIL has been returned from a call to a COM component.

E, 2116, 13, 2012/11/13, 09:06:35.229, 7591422922540, QTAgent32.exe, Window 9110248 not responding. Last Win32 error 0
E, 2116, 13, 2012/11/13, 09:06:35.229, 7591422925196, QTAgent32.exe, GetClassName for handle 9110248 failed
E, 2116, 13, 2012/11/13, 09:06:35.229, 7591422929155, QTAgent32.exe, Window 9110248 not responding. Last Win32 error 1400
E, 2116, 13, 2012/11/13, 09:06:35.229, 7591422939481, QTAgent32.exe, Window 9110248 not responding. Last Win32 error 1400
E, 2116, 13, 2012/11/13, 09:06:35.229, 7591422940662, QTAgent32.exe, GetClassName for handle 9110248 failed
E, 2116, 13, 2012/11/13, 09:06:35.229, 7591422941493, QTAgent32.exe, GetClassName for handle 9110248 failed
W, 2116, 13, 2012/11/13, 09:06:35.479, 7591426662514, QTAgent32.exe, Playback - [WARNING] Internal warning: Window Not Found: [VisibleOnly]ControlType='Window' &amp;&amp; Name='Customer: autotest autotest' &amp;&amp; ClassName='ThunderRT6MDIForm'
\0
E, 2116, 13, 2012/11/13, 09:06:35.479, 7591426665299, QTAgent32.exe, &lt;a class=failure&gt;Playback - {156} [FAILED] Function ElementFetcher::FindScreenElement failed to locate UI element (Searching: ;[VisibleOnly]ControlType='Window' &amp;&amp; Name='Customer: autotest autotest' &amp;&amp; ClassName='ThunderRT6MDIForm') (The object specified was not found.)
\0&lt;/a&gt;
E, 2116, 13, 2012/11/13, 09:06:35.588, 7591428021960, QTAgent32.exe, Playback - [IMAGE] C:\Users\peter.zenin-ad\AppData\Local\Temp\UITestLogs\LastRun\RPFC045.png
\0
W, 2116, 13, 2012/11/13, 09:06:35.588, 7591428024122, QTAgent32.exe, Playback - [WARNING] Internal warning: Couldn't find descendants that match QueryId
\0
W, 2116, 13, 2012/11/13, 09:06:35.603, 7591428306203, QTAgent32.exe, Playback - [WARNING] Internal warning: Window Not Found: [VisibleOnly]ControlType='Window' &amp;&amp; Name='Customer: autotest autotest' &amp;&amp; ClassName='ThunderRT6MDIForm'
\0
E, 2116, 13, 2012/11/13, 09:06:35.603, 7591428308211, QTAgent32.exe, &lt;a class=failure&gt;Playback - {157} [FAILED] Function ElementFetcher::FindScreenElement failed to locate UI element (Searching: ;[VisibleOnly]ControlType='Window' &amp;&amp; Name='Customer: autotest autotest' &amp;&amp; ClassName='ThunderRT6MDIForm') (The object specified was not found.)
\0&lt;/a&gt;
E, 2116, 13, 2012/11/13, 09:06:35.697, 7591429672631, QTAgent32.exe, Playback - [IMAGE] C:\Users\peter.zenin-ad\AppData\Local\Temp\UITestLogs\LastRun\RPFC0C2.png
\0
W, 2116, 13, 2012/11/13, 09:06:35.697, 7591429674775, QTAgent32.exe, Playback - [WARNING] Internal warning: Couldn't find descendants that match QueryId
\0
W, 2116, 13, 2012/11/13, 09:06:35.947, 7591433361194, QTAgent32.exe, Playback - [WARNING] Internal warning: Window Not Found: [VisibleOnly]ControlType='Window' &amp;&amp; Name='Customer: autotest autotest' &amp;&amp; ClassName='ThunderRT6MDIForm'
\0
E, 2116, 13, 2012/11/13, 09:06:35.947, 7591433364084, QTAgent32.exe, &lt;a class=failure&gt;Playback - {158} [FAILED] Function ElementFetcher::FindScreenElement failed to locate UI element (Searching: ;[VisibleOnly]ControlType='Window' &amp;&amp; Name='Customer: autotest autotest' &amp;&amp; ClassName='ThunderRT6MDIForm') (The object specified was not found.)
\0&lt;/a&gt;
E, 2116, 13, 2012/11/13, 09:06:36.056, 7591434754016, QTAgent32.exe, Playback - [IMAGE] C:\Users\peter.zenin-ad\AppData\Local\Temp\UITestLogs\LastRun\RPFC21B.png
\0
W, 2116, 13, 2012/11/13, 09:06:36.056, 7591434756087, QTAgent32.exe, Playback - [WARNING] Internal warning: Couldn't find descendants that match QueryId
\0
E, 2116, 13, 2012/11/13, 09:06:36.056, 7591434759947, QTAgent32.exe, Exception: System.Runtime.InteropServices.COMException
	Message: Error HRESULT E_FAIL has been returned from a call to a COM component.
	Stack Trace:    at Microsoft.VisualStudio.TestTools.UITest.Playback.Engine.IRPFPlayback.FindAllScreenElements(IScreenElement pScreenElementStart, String bstrQueryId, Object&amp; pvarResKeys, Int32 cResKeys, Int32 nMaxDepth, Object[]&amp; foundDescendants)
   at Microsoft.VisualStudio.TestTools.UITest.Playback.ScreenElement.FindTopLevelWindowHelper(String queryId)
	BaseExceptionMessage: Error HRESULT E_FAIL has been returned from a call to a COM component.

E, 2116, 13, 2012/11/13, 09:06:36.056, 7591434764477, QTAgent32.exe, Window 9110248 not responding. Last Win32 error 0
E, 2116, 13, 2012/11/13, 09:06:36.056, 7591434768349, QTAgent32.exe, Window 9110248 not responding. Last Win32 error 1400
E, 2116, 13, 2012/11/13, 09:06:36.056, 7591434772966, QTAgent32.exe, Window 9110248 not responding. Last Win32 error 1400
E, 2116, 13, 2012/11/13, 09:06:36.056, 7591434774174, QTAgent32.exe, GetClassName for handle 9110248 failed
E, 2116, 13, 2012/11/13, 09:06:36.056, 7591434774980, QTAgent32.exe, GetClassName for handle 9110248 failed
W, 2116, 13, 2012/11/13, 09:06:36.305, 7591438501835, QTAgent32.exe, Playback - [WARNING] Internal warning: Window Not Found: [VisibleOnly]ControlType='Window' &amp;&amp; Name='Customer: txt1 tdsfs' &amp;&amp; ClassName='ThunderRT6MDIForm'
\0
E, 2116, 13, 2012/11/13, 09:06:36.305, 7591438504735, QTAgent32.exe, &lt;a class=failure&gt;Playback - {159} [FAILED] Function ElementFetcher::FindScreenElement failed to locate UI element (Searching: ;[VisibleOnly]ControlType='Window' &amp;&amp; Name='Customer: txt1 tdsfs' &amp;&amp; ClassName='ThunderRT6MDIForm') (The object specified was not found.)
\0&lt;/a&gt;
E, 2116, 13, 2012/11/13, 09:06:36.415, 7591439871515, QTAgent32.exe, Playback - [IMAGE] C:\Users\peter.zenin-ad\AppData\Local\Temp\UITestLogs\LastRun\RPFC392.png
\0
W, 2116, 13, 2012/11/13, 09:06:36.415, 7591439873645, QTAgent32.exe, Playback - [WARNING] Internal warning: Couldn't find descendants that match QueryId
\0
W, 2116, 13, 2012/11/13, 09:06:36.867, 7591446532338, QTAgent32.exe, Playback - [WARNING] Internal warning: Window Not Found: [VisibleOnly]ControlType='Window' &amp;&amp; Name='Customer: txt1 tdsfs' &amp;&amp; ClassName='ThunderRT6MDIForm'
\0
E, 2116, 13, 2012/11/13, 09:06:36.867, 7591446534993, QTAgent32.exe, &lt;a class=failure&gt;Playback - {160} [FAILED] Function ElementFetcher::FindScreenElement failed to locate UI element (Searching: ;[VisibleOnly]ControlType='Window' &amp;&amp; Name='Customer: txt1 tdsfs' &amp;&amp; ClassName='ThunderRT6MDIForm') (The object specified was not found.)
\0&lt;/a&gt;
E, 2116, 13, 2012/11/13, 09:06:36.976, 7591447968005, QTAgent32.exe, Playback - [IMAGE] C:\Users\peter.zenin-ad\AppData\Local\Temp\UITestLogs\LastRun\RPFC5B5.png
\0
W, 2116, 13, 2012/11/13, 09:06:36.976, 7591447970123, QTAgent32.exe, Playback - [WARNING] Internal warning: Couldn't find descendants that match QueryId
\0
W, 2116, 13, 2012/11/13, 09:06:36.976, 7591447973190, QTAgent32.exe, PERF WARNING: FindTopLevelWindowHelper::FindAllDescendents: took 565 ms. Expected it to take maximum 500 ms.
W, 2116, 13, 2012/11/13, 09:06:37.429, 7591454476474, QTAgent32.exe, Playback - [WARNING] Internal warning: Smart Match failed
\0
W, 2116, 13, 2012/11/13, 09:06:37.600, 7591456931185, QTAgent32.exe, Playback - [WARNING] Internal warning: Smart Match failed
\0
W, 2116, 13, 2012/11/13, 09:06:37.772, 7591459390614, QTAgent32.exe, Playback - [WARNING] Internal warning: Smart Match failed
\0
W, 2116, 13, 2012/11/13, 09:06:37.944, 7591461855292, QTAgent32.exe, Playback - [WARNING] Internal warning: Smart Match failed
\0
W, 2116, 13, 2012/11/13, 09:06:38.115, 7591464299973, QTAgent32.exe, Playback - [WARNING] Internal warning: Smart Match failed
\0
W, 2116, 13, 2012/11/13, 09:06:38.287, 7591466764599, QTAgent32.exe, Playback - [WARNING] Internal warning: Smart Match failed
\0
W, 2116, 13, 2012/11/13, 09:06:38.458, 7591469221151, QTAgent32.exe, Playback - [WARNING] Internal warning: Smart Match failed
\0
W, 2116, 13, 2012/11/13, 09:06:38.630, 7591471674050, QTAgent32.exe, Playback - [WARNING] Internal warning: Smart Match failed
\0
W, 2116, 13, 2012/11/13, 09:06:38.802, 7591474138350, QTAgent32.exe, Playback - [WARNING] Internal warning: Smart Match failed
\0
W, 2116, 13, 2012/11/13, 09:06:38.973, 7591476587722, QTAgent32.exe, Playback - [WARNING] Internal warning: Smart Match failed
\0
W, 2116, 13, 2012/11/13, 09:06:39.145, 7591479042242, QTAgent32.exe, Playback - [WARNING] Internal warning: Smart Match failed
\0
W, 2116, 13, 2012/11/13, 09:06:39.316, 7591481499051, QTAgent32.exe, Playback - [WARNING] Internal warning: Smart Match failed
\0
W, 2116, 13, 2012/11/13, 09:06:39.488, 7591483954596, QTAgent32.exe, Playback - [WARNING] Internal warning: Smart Match failed
\0
W, 2116, 13, 2012/11/13, 09:06:39.660, 7591486411761, QTAgent32.exe, Playback - [WARNING] Internal warning: Smart Match failed
\0
W, 2116, 13, 2012/11/13, 09:06:39.831, 7591488873913, QTAgent32.exe, Playback - [WARNING] Internal warning: Smart Match failed
\0
W, 2116, 13, 2012/11/13, 09:06:40.003, 7591491328731, QTAgent32.exe, Playback - [WARNING] Internal warning: Smart Match failed
\0
W, 2116, 13, 2012/11/13, 09:06:40.065, 7591492169223, QTAgent32.exe, Playback - [WARNING] Internal warning: Window Not Found: [VisibleOnly]ControlType='Window' &amp;&amp; Name='Customer: txt1 tdsfs' &amp;&amp; ClassName='ThunderRT6MDIForm'
\0
E, 2116, 13, 2012/11/13, 09:06:40.065, 7591492171601, QTAgent32.exe, &lt;a class=failure&gt;Playback - {161} [FAILED] Function ElementFetcher::FindScreenElement failed to locate UI element (Searching: ;[VisibleOnly]ControlType='Window' &amp;&amp; Name='Customer: txt1 tdsfs' &amp;&amp; ClassName='ThunderRT6MDIForm') (The object specified was not found.)
\0&lt;/a&gt;
E, 2116, 13, 2012/11/13, 09:06:40.159, 7591493532246, QTAgent32.exe, Playback - [IMAGE] C:\Users\peter.zenin-ad\AppData\Local\Temp\UITestLogs\LastRun\RPFD234.png
\0
W, 2116, 13, 2012/11/13, 09:06:40.159, 7591493534416, QTAgent32.exe, Playback - [WARNING] Internal warning: Couldn't find descendants that match QueryId
\0
W, 2116, 13, 2012/11/13, 09:06:40.159, 7591493537419, QTAgent32.exe, PERF WARNING: FindTopLevelWindowHelper::FindAllDescendents: took 3182 ms. Expected it to take maximum 500 ms.
E, 2116, 13, 2012/11/13, 09:06:40.159, 7591493539212, QTAgent32.exe, Exception: System.Runtime.InteropServices.COMException
	Message: Error HRESULT E_FAIL has been returned from a call to a COM component.
	Stack Trace:    at Microsoft.VisualStudio.TestTools.UITest.Playback.Engine.IRPFPlayback.FindAllScreenElements(IScreenElement pScreenElementStart, String bstrQueryId, Object&amp; pvarResKeys, Int32 cResKeys, Int32 nMaxDepth, Object[]&amp; foundDescendants)
   at Microsoft.VisualStudio.TestTools.UITest.Playback.ScreenElement.FindTopLevelWindowHelper(String queryId)
	BaseExceptionMessage: Error HRESULT E_FAIL has been returned from a call to a COM component.

E, 2116, 13, 2012/11/13, 09:06:40.159, 7591493544558, QTAgent32.exe, Window 9110248 not responding. Last Win32 error 0
E, 2116, 13, 2012/11/13, 09:06:40.159, 7591493548591, QTAgent32.exe, Window 9110248 not responding. Last Win32 error 1400
E, 2116, 13, 2012/11/13, 09:06:40.159, 7591493553315, QTAgent32.exe, Window 9110248 not responding. Last Win32 error 1400
E, 2116, 13, 2012/11/13, 09:06:40.159, 7591493554570, QTAgent32.exe, GetClassName for handle 9110248 failed
E, 2116, 13, 2012/11/13, 09:06:40.159, 7591493555374, QTAgent32.exe, GetClassName for handle 9110248 failed
W, 2116, 13, 2012/11/13, 09:06:40.409, 7591497230850, QTAgent32.exe, Playback - [WARNING] Internal warning: Window Not Found: [VisibleOnly]ControlType='Window' &amp;&amp; Name='Customer: autotest autotest' &amp;&amp; ClassName='ThunderRT6MDIForm'
\0
E, 2116, 13, 2012/11/13, 09:06:40.409, 7591497233506, QTAgent32.exe, &lt;a class=failure&gt;Playback - {162} [FAILED] Function ElementFetcher::FindScreenElement failed to locate UI element (Searching: ;[VisibleOnly]ControlType='Window' &amp;&amp; Name='Customer: autotest autotest' &amp;&amp; ClassName='ThunderRT6MDIForm') (The object specified was not found.)
\0&lt;/a&gt;
E, 2116, 13, 2012/11/13, 09:06:40.518, 7591498601413, QTAgent32.exe, Playback - [IMAGE] C:\Users\peter.zenin-ad\AppData\Local\Temp\UITestLogs\LastRun\RPFD38C.png
\0
W, 2116, 13, 2012/11/13, 09:06:40.518, 7591498603613, QTAgent32.exe, Playback - [WARNING] Internal warning: Couldn't find descendants that match QueryId
\0
W, 2116, 13, 2012/11/13, 09:06:41.048, 7591506257156, QTAgent32.exe, Playback - [WARNING] Internal warning: Window Not Found: [VisibleOnly]ControlType='Window' &amp;&amp; Name='Customer: autotest autotest' &amp;&amp; ClassName='ThunderRT6MDIForm'
\0
E, 2116, 13, 2012/11/13, 09:06:41.048, 7591506259780, QTAgent32.exe, &lt;a class=failure&gt;Playback - {163} [FAILED] Function ElementFetcher::FindScreenElement failed to locate UI element (Searching: ;[VisibleOnly]ControlType='Window' &amp;&amp; Name='Customer: autotest autotest' &amp;&amp; ClassName='ThunderRT6MDIForm') (The object specified was not found.)
\0&lt;/a&gt;
E, 2116, 13, 2012/11/13, 09:06:41.142, 7591507628648, QTAgent32.exe, Playback - [IMAGE] C:\Users\peter.zenin-ad\AppData\Local\Temp\UITestLogs\LastRun\RPFD60D.png
\0
W, 2116, 13, 2012/11/13, 09:06:41.142, 7591507630667, QTAgent32.exe, Playback - [WARNING] Internal warning: Couldn't find descendants that match QueryId
\0
W, 2116, 13, 2012/11/13, 09:06:41.142, 7591507634440, QTAgent32.exe, PERF WARNING: FindTopLevelWindowHelper::FindAllDescendents: took 630 ms. Expected it to take maximum 500 ms.
W, 2116, 13, 2012/11/13, 09:06:41.641, 7591514788137, QTAgent32.exe, Playback - [WARNING] Internal warning: Smart Match failed
\0
W, 2116, 13, 2012/11/13, 09:06:41.813, 7591517239359, QTAgent32.exe, Playback - [WARNING] Internal warning: Smart Match failed
\0
W, 2116, 13, 2012/11/13, 09:06:41.984, 7591519700888, QTAgent32.exe, Playback - [WARNING] Internal warning: Smart Match failed
\0
W, 2116, 13, 2012/11/13, 09:06:42.156, 7591522160135, QTAgent32.exe, Playback - [WARNING] Internal warning: Smart Match failed
\0
W, 2116, 13, 2012/11/13, 09:06:42.327, 7591524607225, QTAgent32.exe, Playback - [WARNING] Internal warning: Smart Match failed
\0
W, 2116, 13, 2012/11/13, 09:06:42.499, 7591527070996, QTAgent32.exe, Playback - [WARNING] Internal warning: Smart Match failed
\0
W, 2116, 13, 2012/11/13, 09:06:43.232, 7591537572981, QTAgent32.exe, Playback - [WARNING] Internal warning: Smart Match failed
\0
W, 2116, 13, 2012/11/13, 09:06:43.404, 7591540029619, QTAgent32.exe, Playback - [WARNING] Internal warning: Smart Match failed
\0
W, 2116, 13, 2012/11/13, 09:06:43.576, 7591542484446, QTAgent32.exe, Playback - [WARNING] Internal warning: Smart Match failed
\0
W, 2116, 13, 2012/11/13, 09:06:43.747, 7591544974671, QTAgent32.exe, Playback - [WARNING] Internal warning: Smart Match failed
\0
W, 2116, 13, 2012/11/13, 09:06:43.919, 7591547406616, QTAgent32.exe, Playback - [WARNING] Internal warning: Smart Match failed
\0
W, 2116, 13, 2012/11/13, 09:06:44.090, 7591549853998, QTAgent32.exe, Playback - [WARNING] Internal warning: Smart Match failed
\0
W, 2116, 13, 2012/11/13, 09:06:44.153, 7591550706516, QTAgent32.exe, Playback - [WARNING] Internal warning: Window Not Found: [VisibleOnly]ControlType='Window' &amp;&amp; Name='Customer: autotest autotest' &amp;&amp; ClassName='ThunderRT6MDIForm'
\0
E, 2116, 13, 2012/11/13, 09:06:44.153, 7591550708634, QTAgent32.exe, &lt;a class=failure&gt;Playback - {164} [FAILED] Function ElementFetcher::FindScreenElement failed to locate UI element (Searching: ;[VisibleOnly]ControlType='Window' &amp;&amp; Name='Customer: autotest autotest' &amp;&amp; ClassName='ThunderRT6MDIForm') (The object specified was not found.)
\0&lt;/a&gt;
E, 2116, 13, 2012/11/13, 09:06:44.246, 7591552028414, QTAgent32.exe, Playback - [IMAGE] C:\Users\peter.zenin-ad\AppData\Local\Temp\UITestLogs\LastRun\RPFE22E.png
\0
W, 2116, 13, 2012/11/13, 09:06:44.246, 7591552030623, QTAgent32.exe, Playback - [WARNING] Internal warning: Couldn't find descendants that match QueryId
\0
W, 2116, 13, 2012/11/13, 09:06:44.246, 7591552033659, QTAgent32.exe, PERF WARNING: FindTopLevelWindowHelper::FindAllDescendents: took 3100 ms. Expected it to take maximum 500 ms.
E, 2116, 13, 2012/11/13, 09:06:44.246, 7591552035458, QTAgent32.exe, Exception: System.Runtime.InteropServices.COMException
	Message: Error HRESULT E_FAIL has been returned from a call to a COM component.
	Stack Trace:    at Microsoft.VisualStudio.TestTools.UITest.Playback.Engine.IRPFPlayback.FindAllScreenElements(IScreenElement pScreenElementStart, String bstrQueryId, Object&amp; pvarResKeys, Int32 cResKeys, Int32 nMaxDepth, Object[]&amp; foundDescendants)
   at Microsoft.VisualStudio.TestTools.UITest.Playback.ScreenElement.FindTopLevelWindowHelper(String queryId)
	BaseExceptionMessage: Error HRESULT E_FAIL has been returned from a call to a COM component.

E, 2116, 13, 2012/11/13, 09:06:44.246, 7591552040097, QTAgent32.exe, Window 9110248 not responding. Last Win32 error 0
E, 2116, 13, 2012/11/13, 09:06:44.246, 7591552044059, QTAgent32.exe, Window 9110248 not responding. Last Win32 error 1400
E, 2116, 13, 2012/11/13, 09:06:44.246, 7591552048778, QTAgent32.exe, Window 9110248 not responding. Last Win32 error 1400
E, 2116, 13, 2012/11/13, 09:06:44.246, 7591552050038, QTAgent32.exe, GetClassName for handle 9110248 failed
E, 2116, 13, 2012/11/13, 09:06:44.246, 7591552050836, QTAgent32.exe, GetClassName for handle 9110248 failed
W, 2116, 13, 2012/11/13, 09:06:44.527, 7591556007064, QTAgent32.exe, Playback - [WARNING] Internal warning: Window Not Found: [VisibleOnly]ControlType='Window' &amp;&amp; Name='Customer: txt1 tdsfs' &amp;&amp; ClassName='ThunderRT6MDIForm'
\0
E, 2116, 13, 2012/11/13, 09:06:44.527, 7591556009875, QTAgent32.exe, &lt;a class=failure&gt;Playback - {165} [FAILED] Function ElementFetcher::FindScreenElement failed to locate UI element (Searching: ;[VisibleOnly]ControlType='Window' &amp;&amp; Name='Customer: txt1 tdsfs' &amp;&amp; ClassName='ThunderRT6MDIForm') (The object specified was not found.)
\0&lt;/a&gt;
E, 2116, 13, 2012/11/13, 09:06:44.605, 7591557329977, QTAgent32.exe, Playback - [IMAGE] C:\Users\peter.zenin-ad\AppData\Local\Temp\UITestLogs\LastRun\RPFE3A6.png
\0
W, 2116, 13, 2012/11/13, 09:06:44.605, 7591557332213, QTAgent32.exe, Playback - [WARNING] Internal warning: Couldn't find descendants that match QueryId
\0
W, 2116, 13, 2012/11/13, 09:06:45.136, 7591564719261, QTAgent32.exe, Playback - [WARNING] Internal warning: Window Not Found: [VisibleOnly]ControlType='Window' &amp;&amp; Name='Customer: txt1 tdsfs' &amp;&amp; ClassName='ThunderRT6MDIForm'
\0
E, 2116, 13, 2012/11/13, 09:06:45.136, 7591564721996, QTAgent32.exe, &lt;a class=failure&gt;Playback - {166} [FAILED] Function ElementFetcher::FindScreenElement failed to locate UI element (Searching: ;[VisibleOnly]ControlType='Window' &amp;&amp; Name='Customer: txt1 tdsfs' &amp;&amp; ClassName='ThunderRT6MDIForm') (The object specified was not found.)
\0&lt;/a&gt;
E, 2116, 13, 2012/11/13, 09:06:45.214, 7591566028669, QTAgent32.exe, Playback - [IMAGE] C:\Users\peter.zenin-ad\AppData\Local\Temp\UITestLogs\LastRun\RPFE607.png
\0
W, 2116, 13, 2012/11/13, 09:06:45.214, 7591566030805, QTAgent32.exe, Playback - [WARNING] Internal warning: Couldn't find descendants that match QueryId
\0
W, 2116, 13, 2012/11/13, 09:06:45.214, 7591566033815, QTAgent32.exe, PERF WARNING: FindTopLevelWindowHelper::FindAllDescendents: took 607 ms. Expected it to take maximum 500 ms.
W, 2116, 13, 2012/11/13, 09:06:45.728, 7591573309479, QTAgent32.exe, Playback - [WARNING] Internal warning: Smart Match failed
\0
W, 2116, 13, 2012/11/13, 09:06:45.900, 7591575767589, QTAgent32.exe, Playback - [WARNING] Internal warning: Smart Match failed
\0
W, 2116, 13, 2012/11/13, 09:06:46.072, 7591578218628, QTAgent32.exe, Playback - [WARNING] Internal warning: Smart Match failed
\0
W, 2116, 13, 2012/11/13, 09:06:46.243, 7591580673994, QTAgent32.exe, Playback - [WARNING] Internal warning: Smart Match failed
\0
W, 2116, 13, 2012/11/13, 09:06:46.415, 7591583132160, QTAgent32.exe, Playback - [WARNING] Internal warning: Smart Match failed
\0
W, 2116, 13, 2012/11/13, 09:06:46.586, 7591585600315, QTAgent32.exe, Playback - [WARNING] Internal warning: Smart Match failed
\0
W, 2116, 13, 2012/11/13, 09:06:46.774, 7591588267726, QTAgent32.exe, Playback - [WARNING] Internal warning: Smart Match failed
\0
W, 2116, 13, 2012/11/13, 09:06:46.945, 7591590733801, QTAgent32.exe, Playback - [WARNING] Internal warning: Smart Match failed
\0
W, 2116, 13, 2012/11/13, 09:06:47.117, 7591593193234, QTAgent32.exe, Playback - [WARNING] Internal warning: Smart Match failed
\0
W, 2116, 13, 2012/11/13, 09:06:47.289, 7591595646791, QTAgent32.exe, Playback - [WARNING] Internal warning: Smart Match failed
\0
W, 2116, 13, 2012/11/13, 09:06:47.460, 7591598095856, QTAgent32.exe, Playback - [WARNING] Internal warning: Smart Match failed
\0
W, 2116, 13, 2012/11/13, 09:06:47.632, 7591600561487, QTAgent32.exe, Playback - [WARNING] Internal warning: Smart Match failed
\0
W, 2116, 13, 2012/11/13, 09:06:48.849, 7591617886404, QTAgent32.exe, Playback - [WARNING] Internal warning: Smart Match failed
\0
W, 2116, 13, 2012/11/13, 09:06:49.285, 7591624318553, QTAgent32.exe, Playback - [WARNING] Internal warning: Window Not Found: [VisibleOnly]ControlType='Window' &amp;&amp; Name='Customer: txt1 tdsfs' &amp;&amp; ClassName='ThunderRT6MDIForm'
\0
E, 2116, 13, 2012/11/13, 09:06:49.285, 7591624321084, QTAgent32.exe, &lt;a class=failure&gt;Playback - {167} [FAILED] Function ElementFetcher::FindScreenElement failed to locate UI element (Searching: ;[VisibleOnly]ControlType='Window' &amp;&amp; Name='Customer: txt1 tdsfs' &amp;&amp; ClassName='ThunderRT6MDIForm') (The object specified was not found.)
\0&lt;/a&gt;
E, 2116, 13, 2012/11/13, 09:06:49.395, 7591625716608, QTAgent32.exe, Playback - [IMAGE] C:\Users\peter.zenin-ad\AppData\Local\Temp\UITestLogs\LastRun\RPFF63E.png
\0
W, 2116, 13, 2012/11/13, 09:06:49.395, 7591625718762, QTAgent32.exe, Playback - [WARNING] Internal warning: Couldn't find descendants that match QueryId
\0
W, 2116, 13, 2012/11/13, 09:06:49.395, 7591625721804, QTAgent32.exe, PERF WARNING: FindTopLevelWindowHelper::FindAllDescendents: took 4168 ms. Expected it to take maximum 500 ms.
E, 2116, 13, 2012/11/13, 09:06:49.395, 7591625723629, QTAgent32.exe, Exception: System.Runtime.InteropServices.COMException
	Message: Error HRESULT E_FAIL has been returned from a call to a COM component.
	Stack Trace:    at Microsoft.VisualStudio.TestTools.UITest.Playback.Engine.IRPFPlayback.FindAllScreenElements(IScreenElement pScreenElementStart, String bstrQueryId, Object&amp; pvarResKeys, Int32 cResKeys, Int32 nMaxDepth, Object[]&amp; foundDescendants)
   at Microsoft.VisualStudio.TestTools.UITest.Playback.ScreenElement.FindTopLevelWindowHelper(String queryId)
	BaseExceptionMessage: Error HRESULT E_FAIL has been returned from a call to a COM component.

E, 2116, 13, 2012/11/13, 09:06:49.395, 7591625728294, QTAgent32.exe, Window 9110248 not responding. Last Win32 error 0
E, 2116, 13, 2012/11/13, 09:06:49.395, 7591625732307, QTAgent32.exe, Window 9110248 not responding. Last Win32 error 1400
E, 2116, 13, 2012/11/13, 09:06:49.395, 7591625737018, QTAgent32.exe, Window 9110248 not responding. Last Win32 error 1400
E, 2116, 13, 2012/11/13, 09:06:49.395, 7591625738275, QTAgent32.exe, GetClassName for handle 9110248 failed
E, 2116, 13, 2012/11/13, 09:06:49.395, 7591625739104, QTAgent32.exe, GetClassName for handle 9110248 failed
W, 2116, 13, 2012/11/13, 09:06:49.675, 7591629728628, QTAgent32.exe, Playback - [WARNING] Internal warning: Window Not Found: [VisibleOnly]ControlType='Window' &amp;&amp; Name='Customer: autotest autotest' &amp;&amp; ClassName='ThunderRT6MDIForm'
\0
E, 2116, 13, 2012/11/13, 09:06:49.675, 7591629731522, QTAgent32.exe, &lt;a class=failure&gt;Playback - {168} [FAILED] Function ElementFetcher::FindScreenElement failed to locate UI element (Searching: ;[VisibleOnly]ControlType='Window' &amp;&amp; Name='Customer: autotest autotest' &amp;&amp; ClassName='ThunderRT6MDIForm') (The object specified was not found.)
\0&lt;/a&gt;
E, 2116, 13, 2012/11/13, 09:06:49.769, 7591631089075, QTAgent32.exe, Playback - [IMAGE] C:\Users\peter.zenin-ad\AppData\Local\Temp\UITestLogs\LastRun\RPFF7C5.png
\0
W, 2116, 13, 2012/11/13, 09:06:49.769, 7591631091261, QTAgent32.exe, Playback - [WARNING] Internal warning: Couldn't find descendants that match QueryId
\0
W, 2116, 13, 2012/11/13, 09:06:50.315, 7591639086215, QTAgent32.exe, Playback - [WARNING] Internal warning: Window Not Found: [VisibleOnly]ControlType='Window' &amp;&amp; Name='Customer: autotest autotest' &amp;&amp; ClassName='ThunderRT6MDIForm'
\0
E, 2116, 13, 2012/11/13, 09:06:50.331, 7591639090550, QTAgent32.exe, &lt;a class=failure&gt;Playback - {169} [FAILED] Function ElementFetcher::FindScreenElement failed to locate UI element (Searching: ;[VisibleOnly]ControlType='Window' &amp;&amp; Name='Customer: autotest autotest' &amp;&amp; ClassName='ThunderRT6MDIForm') (The object specified was not found.)
\0&lt;/a&gt;
E, 2116, 13, 2012/11/13, 09:06:50.409, 7591640404672, QTAgent32.exe, Playback - [IMAGE] C:\Users\peter.zenin-ad\AppData\Local\Temp\UITestLogs\LastRun\RPFFA55.png
\0
W, 2116, 13, 2012/11/13, 09:06:50.409, 7591640406865, QTAgent32.exe, Playback - [WARNING] Internal warning: Couldn't find descendants that match QueryId
\0
W, 2116, 13, 2012/11/13, 09:06:50.409, 7591640409900, QTAgent32.exe, PERF WARNING: FindTopLevelWindowHelper::FindAllDescendents: took 650 ms. Expected it to take maximum 500 ms.
W, 2116, 13, 2012/11/13, 09:06:50.877, 7591647011891, QTAgent32.exe, Playback - [WARNING] Internal warning: Smart Match failed
\0
W, 2116, 13, 2012/11/13, 09:06:51.048, 7591649474035, QTAgent32.exe, Playback - [WARNING] Internal warning: Smart Match failed
\0
W, 2116, 13, 2012/11/13, 09:06:51.220, 7591651926696, QTAgent32.exe, Playback - [WARNING] Internal warning: Smart Match failed
\0
W, 2116, 13, 2012/11/13, 09:06:51.392, 7591654390821, QTAgent32.exe, Playback - [WARNING] Internal warning: Smart Match failed
\0
W, 2116, 13, 2012/11/13, 09:06:51.563, 7591656849377, QTAgent32.exe, Playback - [WARNING] Internal warning: Smart Match failed
\0
W, 2116, 13, 2012/11/13, 09:06:51.735, 7591659304075, QTAgent32.exe, Playback - [WARNING] Internal warning: Smart Match failed
\0
W, 2116, 13, 2012/11/13, 09:06:51.906, 7591661752724, QTAgent32.exe, Playback - [WARNING] Internal warning: Smart Match failed
\0
W, 2116, 13, 2012/11/13, 09:06:52.078, 7591664208534, QTAgent32.exe, Playback - [WARNING] Internal warning: Smart Match failed
\0
W, 2116, 13, 2012/11/13, 09:06:52.250, 7591666671292, QTAgent32.exe, Playback - [WARNING] Internal warning: Smart Match failed
\0
W, 2116, 13, 2012/11/13, 09:06:52.421, 7591669127029, QTAgent32.exe, Playback - [WARNING] Internal warning: Smart Match failed
\0
W, 2116, 13, 2012/11/13, 09:06:52.593, 7591671578456, QTAgent32.exe, Playback - [WARNING] Internal warning: Smart Match failed
\0
W, 2116, 13, 2012/11/13, 09:06:52.764, 7591674044902, QTAgent32.exe, Playback - [WARNING] Internal warning: Smart Match failed
\0
W, 2116, 13, 2012/11/13, 09:06:52.936, 7591676501693, QTAgent32.exe, Playback - [WARNING] Internal warning: Smart Match failed
\0
W, 2116, 13, 2012/11/13, 09:06:53.108, 7591678956192, QTAgent32.exe, Playback - [WARNING] Internal warning: Smart Match failed
\0
W, 2116, 13, 2012/11/13, 09:06:53.279, 7591681415609, QTAgent32.exe, Playback - [WARNING] Internal warning: Smart Match failed
\0
W, 2116, 13, 2012/11/13, 09:06:53.451, 7591683866811, QTAgent32.exe, Playback - [WARNING] Internal warning: Smart Match failed
\0
W, 2116, 13, 2012/11/13, 09:06:53.513, 7591684733746, QTAgent32.exe, Playback - [WARNING] Internal warning: Window Not Found: [VisibleOnly]ControlType='Window' &amp;&amp; Name='Customer: autotest autotest' &amp;&amp; ClassName='ThunderRT6MDIForm'
\0
E, 2116, 13, 2012/11/13, 09:06:53.513, 7591684736075, QTAgent32.exe, &lt;a class=failure&gt;Playback - {170} [FAILED] Function ElementFetcher::FindScreenElement failed to locate UI element (Searching: ;[VisibleOnly]ControlType='Window' &amp;&amp; Name='Customer: autotest autotest' &amp;&amp; ClassName='ThunderRT6MDIForm') (The object specified was not found.)
\0&lt;/a&gt;
E, 2116, 13, 2012/11/13, 09:06:53.607, 7591686103236, QTAgent32.exe, Playback - [IMAGE] C:\Users\peter.zenin-ad\AppData\Local\Temp\UITestLogs\LastRun\RPF6C4.png
\0
W, 2116, 13, 2012/11/13, 09:06:53.607, 7591686105415, QTAgent32.exe, Playback - [WARNING] Internal warning: Couldn't find descendants that match QueryId
\0
W, 2116, 13, 2012/11/13, 09:06:53.607, 7591686108477, QTAgent32.exe, PERF WARNING: FindTopLevelWindowHelper::FindAllDescendents: took 3191 ms. Expected it to take maximum 500 ms.
E, 2116, 13, 2012/11/13, 09:06:53.607, 7591686110280, QTAgent32.exe, Exception: System.Runtime.InteropServices.COMException
	Message: Error HRESULT E_FAIL has been returned from a call to a COM component.
	Stack Trace:    at Microsoft.VisualStudio.TestTools.UITest.Playback.Engine.IRPFPlayback.FindAllScreenElements(IScreenElement pScreenElementStart, String bstrQueryId, Object&amp; pvarResKeys, Int32 cResKeys, Int32 nMaxDepth, Object[]&amp; foundDescendants)
   at Microsoft.VisualStudio.TestTools.UITest.Playback.ScreenElement.FindTopLevelWindowHelper(String queryId)
	BaseExceptionMessage: Error HRESULT E_FAIL has been returned from a call to a COM component.

E, 2116, 13, 2012/11/13, 09:06:53.607, 7591686114899, QTAgent32.exe, Window 9110248 not responding. Last Win32 error 0
E, 2116, 13, 2012/11/13, 09:06:53.607, 7591686118881, QTAgent32.exe, Window 9110248 not responding. Last Win32 error 1400
E, 2116, 13, 2012/11/13, 09:06:53.607, 7591686123490, QTAgent32.exe, Window 9110248 not responding. Last Win32 error 1400
E, 2116, 13, 2012/11/13, 09:06:53.607, 7591686124721, QTAgent32.exe, GetClassName for handle 9110248 failed
E, 2116, 13, 2012/11/13, 09:06:53.607, 7591686125536, QTAgent32.exe, GetClassName for handle 9110248 failed
E, 2116, 13, 2012/11/13, 09:06:53.716, 7591687564820, QTAgent32.exe, AL: Playback Error: Microsoft.VisualStudio.TestTools.UITest.Extension.UITestControlNotFoundException: Unable to find the top level element of the control ---&gt; Microsoft.VisualStudio.TestTools.UITest.Extension.UITestControlNotFoundException: The playback failed to find the control with the given search properties. Additional Details: 
TechnologyName:  'MSAA'
ControlType:  'Window'
 ---&gt; System.Runtime.InteropServices.COMException: Error HRESULT E_FAIL has been returned from a call to a COM component.
   at Microsoft.VisualStudio.TestTools.UITest.Playback.Engine.IRPFPlayback.FindAllScreenElements(IScreenElement pScreenElementStart, String bstrQueryId, Object&amp; pvarResKeys, Int32 cResKeys, Int32 nMaxDepth, Object[]&amp; foundDescendants)
   at Microsoft.VisualStudio.TestTools.UITest.Playback.ScreenElement.FindTopLevelWindowHelper(String queryId)
   at Microsoft.VisualStudio.TestTools.UITest.Playback.ScreenElement.FindFromPartialQueryId(String queryId)
   at Microsoft.VisualStudio.TestTools.UITesting.UITestControl..ctor(String queryId)
   --- End of inner exception stack trace ---
   at Microsoft.VisualStudio.TestTools.UITesting.Playback.MapControlNotFoundException(COMException ex, IPlaybackContext context)
   at Microsoft.VisualStudio.TestTools.UITesting.Playback.MapAndThrowComException(COMException innerException, IPlaybackContext context)
   at Microsoft.VisualStudio.TestTools.UITesting.Playback.MapAndThrowException(SystemException exception, IPlaybackContext context)
   at Microsoft.VisualStudio.TestTools.UITesting.Playback.MapAndThrowException(SystemException exception, String queryId)
   at Microsoft.VisualStudio.TestTools.UITesting.UITestControl..ctor(String queryId)
   at Microsoft.VisualStudio.TestTools.UITesting.SearchHelper.SearchTopLevelWindow(ISearchArgument topLevelSearchArg, String topLevelElementQueryId)
   at Microsoft.VisualStudio.TestTools.UITesting.SearchHelper.SearchUsingMultipleTitles(ISearchArgument topLevelSearchArg, QueryId topLevelQueryId, IList`1 windowTitles)
   --- End of inner exception stack trace ---
   at Microsoft.VisualStudio.TestTools.UITesting.SearchHelper.SearchUsingMultipleTitles(ISearchArgument topLevelSearchArg, QueryId topLevelQueryId, IList`1 windowTitles)
   at Microsoft.VisualStudio.TestTools.UITesting.SearchHelper.GetTitleUpdatedTopLevelWindow(ISearchArgument topLevelSearchArg, String queryId, IList`1 windowTitles)
   at Microsoft.VisualStudio.TestTools.UITesting.SearchHelper.GetTopLevelElement(Boolean useCache, Boolean useCacheOnly, ISearchArgument searchArg, IList`1 windowTitles, Int32&amp; timeLeft)
   at Microsoft.VisualStudio.TestTools.UITesting.SearchHelper.GetElement(Boolean useCache, ISearchArgument searchArg)
   at Microsoft.VisualStudio.TestTools.UITesting.SearchHelper.Search(ISearchArgument searchArg)
   at Microsoft.VisualStudio.TestTools.UITesting.UITestControl.FindInternal()
   at Microsoft.VisualStudio.TestTools.UITesting.UITestControl.FindControlIfNecessary()
   at Microsoft.VisualStudio.TestTools.UITesting.UITestControl.Click(MouseButtons button, ModifierKeys modifierKeys, Point relativeCoordinates)
   at Microsoft.VisualStudio.TestTools.UITesting.Mouse.ClickImplementation(UITestControl control, MouseButtons button, ModifierKeys modifierKeys, Point relativeCoordinate)
   at Microsoft.VisualStudio.TestTools.UITesting.Mouse.ClickImplementationWrapper(UITestControl control, MouseButtons button, ModifierKeys modifierKeys, Point relativeCoordinate)
W, 2116, 13, 2012/11/13, 09:06:53.716, 7591687566466, QTAgent32.exe, PlaybackErrorHandler: Ignoring exception as ContinueOnError is set.
W, 2116, 13, 2012/11/13, 09:06:54.044, 7591692413963, QTAgent32.exe, &lt;a class=success&gt;Playback - {171} [SUCCESS] MouseButtonClick - "[MSAA, VisibleOnly]ControlType='Button' &amp;&amp; Name='Close'"
\0&lt;/a&gt;
W, 2116, 13, 2012/11/13, 09:06:58.537, 7591756588505, QTAgent32.exe, IEDOM : StopSession of the plugin called before StartSession
W, 2116, 13, 2012/11/13, 09:06:58.537, 7591756589723, QTAgent32.exe, UIA : StopSession of the plugin called before StartSession
W, 2116, 13, 2012/11/13, 09:06:58.537, 7591756595365, QTAgent32.exe, SLPlugin : StopSession of the plugin called before StartSession
</DebugTrace>
        <ErrorInfo>
          <Message>Test method TestProject7.TamAutotest.MotoTest13 threw exception: 
Microsoft.VisualStudio.TestTools.UITest.Extension.UITestControlNotFoundException: The playback failed to find the control with the given search properties. Additional Details: 
TechnologyName:  'MSAA'
ControlType:  'Window'
 ---&gt; System.Runtime.InteropServices.COMException: Error HRESULT E_FAIL has been returned from a call to a COM component.</Message>
          <StackTrace>    at Microsoft.VisualStudio.TestTools.UITest.Playback.Engine.IRPFPlayback.FindAllScreenElements(IScreenElement pScreenElementStart, String bstrQueryId, Object&amp; pvarResKeys, Int32 cResKeys, Int32 nMaxDepth, Object[]&amp; foundDescendants)
   at Microsoft.VisualStudio.TestTools.UITest.Playback.ScreenElement.FindTopLevelWindowHelper(String queryId)
   at Microsoft.VisualStudio.TestTools.UITest.Playback.ScreenElement.FindFromPartialQueryId(String queryId)
   at Microsoft.VisualStudio.TestTools.UITesting.UITestControl..ctor(String queryId)
 --- End of inner exception stack trace ---
    at Microsoft.VisualStudio.TestTools.UITesting.Playback.MapControlNotFoundException(COMException ex, IPlaybackContext context)
   at Microsoft.VisualStudio.TestTools.UITesting.Playback.MapAndThrowComException(COMException innerException, IPlaybackContext context)
   at Microsoft.VisualStudio.TestTools.UITesting.Playback.MapAndThrowException(SystemException exception, IPlaybackContext context)
   at Microsoft.VisualStudio.TestTools.UITesting.Playback.MapAndThrowException(SystemException exception, String queryId)
   at Microsoft.VisualStudio.TestTools.UITesting.UITestControl..ctor(String queryId)
   at Microsoft.VisualStudio.TestTools.UITesting.SearchHelper.SearchTopLevelWindow(ISearchArgument topLevelSearchArg, String topLevelElementQueryId)
   at Microsoft.VisualStudio.TestTools.UITesting.SearchHelper.GetTitleUpdatedTopLevelWindow(ISearchArgument topLevelSearchArg, String queryId, IList`1 windowTitles)
   at Microsoft.VisualStudio.TestTools.UITesting.SearchHelper.GetTopLevelElement(Boolean useCache, Boolean useCacheOnly, ISearchArgument searchArg, IList`1 windowTitles, Int32&amp; timeLeft)
   at Microsoft.VisualStudio.TestTools.UITesting.SearchHelper.GetElement(Boolean useCache, ISearchArgument searchArg)
   at Microsoft.VisualStudio.TestTools.UITesting.SearchHelper.Search(ISearchArgument searchArg)
   at Microsoft.VisualStudio.TestTools.UITesting.UITestControl.FindInternal()
   at Microsoft.VisualStudio.TestTools.UITesting.UITestControl.FindControlIfNecessary()
   at Microsoft.VisualStudio.TestTools.UITesting.UITestControl.Click(MouseButtons button, ModifierKeys modifierKeys, Point relativeCoordinates)
   at Microsoft.VisualStudio.TestTools.UITesting.Mouse.ClickImplementation(UITestControl control, MouseButtons button, ModifierKeys modifierKeys, Point relativeCoordinate)
   at Microsoft.VisualStudio.TestTools.UITesting.Mouse.ClickImplementationWrapper(UITestControl control, MouseButtons button, ModifierKeys modifierKeys, Point relativeCoordinate)
   at Microsoft.VisualStudio.TestTools.UITesting.Mouse.Click(UITestControl control, Point relativeCoordinate)
   at TestProject7.UIMap.RenewalModuleEDI() in C:\TestProject7\TestProject7\UIMap.Designer.cs:line 4969
   at TestProject7.TamAutotest.MotoTest13() in C:\TestProject7\TestProject7\CodedUITest1.cs:line 607
</StackTrace>
        </ErrorInfo>
      </Output>
      <ResultFiles>
        <ResultFile path="ICLVDEVAP01\MotoTest13.png" />
      </ResultFiles>
      <ExtensionResult>Exception has been thrown by the target of an invocation.</ExtensionResult>
    </UnitTestResult>
  </Results>
</TestRun>